Hash Join  (cost=58375.85..87007.94 rows=19 width=0) (actual time=784.710..1307.628 rows=40 loops=1)
  Hash Cond: (mi_idx.movie_id = t.id)
  ->  Seq Scan on movie_info_idx mi_idx  (cost=0.00..25185.44 rows=919057 width=4) (actual time=0.019..438.219 rows=920110 loops=1)
        Filter: (info_type_id > 99)
        Rows Removed by Filter: 459925
  ->  Hash  (cost=58375.18..58375.18 rows=53 width=8) (actual time=739.480..739.480 rows=54 loops=1)
        Buckets: 1024  Batches: 1  Memory Usage: 11kB
        ->  Nested Loop  (cost=0.43..58375.18 rows=53 width=8) (actual time=278.284..739.425 rows=54 loops=1)
              ->  Seq Scan on movie_companies mc  (cost=0.00..57926.93 rows=53 width=4) (actual time=278.203..738.088 rows=54 loops=1)
                    Filter: ((company_id = 12594) AND (company_type_id = 2))
                    Rows Removed by Filter: 2609075
              ->  Index Only Scan using title_pkey on title t  (cost=0.43..8.45 rows=1 width=4) (actual time=0.022..0.023 rows=1 loops=54)
                    Index Cond: (id = mc.movie_id)
                    Heap Fetches: 54
Planning time: 1.062 ms
Execution time: 1307.756 ms
