Hash Join  (cost=175552.03..311234.93 rows=587482 width=0) (actual time=3320.950..6762.355 rows=312029 loops=1)
  Hash Cond: (mk.movie_id = t.id)
  ->  Seq Scan on movie_keyword mk  (cost=0.00..81003.12 rows=4098387 width=4) (actual time=0.019..1686.319 rows=4086309 loops=1)
        Filter: (keyword_id > 337)
        Rows Removed by Filter: 437621
  ->  Hash  (cost=169605.39..169605.39 rows=362451 width=8) (actual time=3312.891..3312.891 rows=167791 loops=1)
        Buckets: 131072  Batches: 8  Memory Usage: 1842kB
        ->  Hash Join  (cost=94744.57..169605.39 rows=362451 width=8) (actual time=2044.590..3257.105 rows=167791 loops=1)
              Hash Cond: (mc.movie_id = t.id)
              ->  Seq Scan on movie_companies mc  (cost=0.00..57926.93 rows=722235 width=4) (actual time=311.905..1025.181 rows=451366 loops=1)
                    Filter: ((company_id < 12306) AND (company_type_id > 1))
                    Rows Removed by Filter: 2157763
              ->  Hash  (cost=73925.90..73925.90 rows=1268933 width=4) (actual time=1731.633..1731.633 rows=1236795 loops=1)
                    Buckets: 131072  Batches: 32  Memory Usage: 2383kB
                    ->  Seq Scan on title t  (cost=0.00..73925.90 rows=1268933 width=4) (actual time=0.025..1336.722 rows=1236795 loops=1)
                          Filter: ((kind_id > 3) AND (production_year < 2010))
                          Rows Removed by Filter: 1291517
Planning time: 3.344 ms
Execution time: 6799.107 ms
