Nested Loop  (cost=0.43..52283.69 rows=104 width=0) (actual time=58.559..715.222 rows=47 loops=1)
  ->  Seq Scan on movie_companies mc  (cost=0.00..51404.11 rows=104 width=4) (actual time=58.457..714.402 rows=47 loops=1)
        Filter: (company_id = 46772)
        Rows Removed by Filter: 2609082
  ->  Index Only Scan using title_pkey on title t  (cost=0.43..8.45 rows=1 width=4) (actual time=0.016..0.016 rows=1 loops=47)
        Index Cond: (id = mc.movie_id)
        Heap Fetches: 47
Planning time: 1.734 ms
Execution time: 715.297 ms
