Seq Scan on movie_keyword mk  (cost=0.00..81003.12 rows=246 width=0) (actual time=5.393..1254.343 rows=119 loops=1)
  Filter: (keyword_id = 26578)
  Rows Removed by Filter: 4523811
Planning time: 0.396 ms
Execution time: 1254.529 ms
