Hash Join  (cost=432473.57..1167186.92 rows=183773 width=0) (actual time=14165.332..21539.385 rows=227271 loops=1)
  Hash Cond: (ci.movie_id = t.id)
  ->  Seq Scan on cast_info ci  (cost=0.00..705507.15 rows=7298253 width=4) (actual time=7392.239..12556.510 rows=7451973 loops=1)
        Filter: (role_id = 2)
        Rows Removed by Filter: 28792371
  ->  Hash  (cost=431677.69..431677.69 rows=63670 width=8) (actual time=6772.494..6772.494 rows=60558 loops=1)
        Buckets: 65536  Batches: 1  Memory Usage: 2878kB
        ->  Hash Join  (cost=69694.50..431677.69 rows=63670 width=8) (actual time=3698.526..6747.404 rows=60558 loops=1)
              Hash Cond: (mi.movie_id = t.id)
              ->  Seq Scan on movie_info mi  (cost=0.00..346232.03 rows=1264125 width=4) (actual time=2531.755..5021.410 rows=1288928 loops=1)
                    Filter: (info_type_id = 2)
                    Rows Removed by Filter: 13546792
              ->  Hash  (cost=67604.59..67604.59 rows=127353 width=4) (actual time=1165.768..1165.768 rows=128696 loops=1)
                    Buckets: 131072  Batches: 2  Memory Usage: 3290kB
                    ->  Seq Scan on title t  (cost=0.00..67604.59 rows=127353 width=4) (actual time=0.053..1115.936 rows=128696 loops=1)
                          Filter: (production_year = 2009)
                          Rows Removed by Filter: 2399616
Planning time: 1.328 ms
Execution time: 21572.274 ms
