Hash Join  (cost=172482.70..297073.22 rows=212448 width=0) (actual time=3374.425..7410.376 rows=2255239 loops=1)
  Hash Cond: (mk.movie_id = t.id)
  ->  Seq Scan on movie_keyword mk  (cost=0.00..69693.30 rows=4523930 width=4) (actual time=0.028..1245.457 rows=4523930 loops=1)
  ->  Hash  (cost=170534.43..170534.43 rows=118742 width=8) (actual time=3373.558..3373.558 rows=240488 loops=1)
        Buckets: 131072 (originally 131072)  Batches: 4 (originally 2)  Memory Usage: 3382kB
        ->  Hash Join  (cost=101489.21..170534.43 rows=118742 width=8) (actual time=1973.757..3294.166 rows=240488 loops=1)
              Hash Cond: (mc.movie_id = t.id)
              ->  Seq Scan on movie_companies mc  (cost=0.00..57926.93 rows=145372 width=4) (actual time=0.018..754.537 rows=287619 loops=1)
                    Filter: ((company_id > 95125) AND (company_type_id > 1))
                    Rows Removed by Filter: 2321510
              ->  Hash  (cost=67604.59..67604.59 rows=2065330 width=4) (actual time=1972.265..1972.265 rows=2064552 loops=1)
                    Buckets: 131072  Batches: 32  Memory Usage: 3289kB
                    ->  Seq Scan on title t  (cost=0.00..67604.59 rows=2065330 width=4) (actual time=0.022..1316.734 rows=2064552 loops=1)
                          Filter: (production_year < 2011)
                          Rows Removed by Filter: 463760
Planning time: 3.993 ms
Execution time: 7691.130 ms
