Nested Loop  (cost=0.43..709673.15 rows=132 width=0) (actual time=7428.505..9912.556 rows=3 loops=1)
  ->  Seq Scan on cast_info ci  (cost=0.00..705507.15 rows=500 width=4) (actual time=7428.208..9906.282 rows=154 loops=1)
        Filter: (person_id = 244831)
        Rows Removed by Filter: 36244190
  ->  Index Scan using title_pkey on title t  (cost=0.43..8.32 rows=1 width=4) (actual time=0.040..0.040 rows=0 loops=154)
        Index Cond: (id = ci.movie_id)
        Filter: (kind_id = 1)
        Rows Removed by Filter: 1
Planning time: 1.284 ms
Execution time: 9912.676 ms
