Hash Join  (cost=149390.61..1009969.28 rows=735381 width=0) (actual time=9070.191..20569.510 rows=1226312 loops=1)
  Hash Cond: (ci.movie_id = t.id)
  ->  Seq Scan on cast_info ci  (cost=0.00..705507.15 rows=12726058 width=4) (actual time=6369.966..12918.442 rows=12670688 loops=1)
        Filter: (role_id < 2)
        Rows Removed by Filter: 23573656
  ->  Hash  (cost=146993.21..146993.21 rows=146112 width=8) (actual time=2699.400..2699.400 rows=114616 loops=1)
        Buckets: 131072  Batches: 2  Memory Usage: 3241kB
        ->  Hash Join  (cost=69928.56..146993.21 rows=146112 width=8) (actual time=872.598..2660.240 rows=114616 loops=1)
              Hash Cond: (mc.movie_id = t.id)
              ->  Seq Scan on movie_companies mc  (cost=0.00..44881.29 rows=2609129 width=4) (actual time=0.024..781.766 rows=2609129 loops=1)
              ->  Hash  (cost=67604.59..67604.59 rows=141598 width=4) (actual time=871.791..871.791 rows=141703 loops=1)
                    Buckets: 131072  Batches: 2  Memory Usage: 3511kB
                    ->  Seq Scan on title t  (cost=0.00..67604.59 rows=141598 width=4) (actual time=0.023..824.728 rows=141703 loops=1)
                          Filter: (production_year = 2010)
                          Rows Removed by Filter: 2386609
Planning time: 1.242 ms
Execution time: 20718.809 ms
