Hash Join  (cost=219817.80..1107542.85 rows=3254519 width=0) (actual time=6254.334..26941.793 rows=9257620 loops=1)
  Hash Cond: (ci.movie_id = t.id)
  ->  Seq Scan on cast_info ci  (cost=0.00..705507.15 rows=12726058 width=4) (actual time=1364.004..14112.848 rows=12670688 loops=1)
        Filter: (role_id < 2)
        Rows Removed by Filter: 23573656
  ->  Hash  (cost=209208.83..209208.83 rows=646637 width=8) (actual time=4889.573..4889.573 rows=648054 loops=1)
        Buckets: 131072  Batches: 16  Memory Usage: 2632kB
        ->  Hash Join  (cost=102767.86..209208.83 rows=646637 width=8) (actual time=2257.400..4676.717 rows=648054 loops=1)
              Hash Cond: (mk.movie_id = t.id)
              ->  Seq Scan on movie_keyword mk  (cost=0.00..81003.12 rows=646637 width=4) (actual time=0.044..1407.900 rows=648054 loops=1)
                    Filter: (keyword_id < 500)
                    Rows Removed by Filter: 3875876
              ->  Hash  (cost=61283.27..61283.27 rows=2528527 width=4) (actual time=2254.499..2254.499 rows=2528312 loops=1)
                    Buckets: 131072  Batches: 64  Memory Usage: 2425kB
                    ->  Seq Scan on title t  (cost=0.00..61283.27 rows=2528527 width=4) (actual time=0.015..1062.569 rows=2528312 loops=1)
Planning time: 0.906 ms
Execution time: 27869.678 ms
