Hash Join  (cost=112770.21..910067.56 rows=359434 width=0) (actual time=1749.111..17424.210 rows=6614 loops=1)
  Hash Cond: (ci.movie_id = t.id)
  ->  Seq Scan on cast_info ci  (cost=0.00..705507.15 rows=23518893 width=4) (actual time=0.017..11114.768 rows=23422093 loops=1)
        Filter: (person_id < 2397054)
        Rows Removed by Filter: 12822251
  ->  Hash  (cost=112287.17..112287.17 rows=38643 width=8) (actual time=1733.221..1733.221 rows=714 loops=1)
        Buckets: 65536  Batches: 1  Memory Usage: 540kB
        ->  Hash Join  (cost=75670.84..112287.17 rows=38643 width=8) (actual time=985.370..1732.900 rows=714 loops=1)
              Hash Cond: (mi_idx.movie_id = t.id)
              ->  Seq Scan on movie_info_idx mi_idx  (cost=0.00..25185.44 rows=919057 width=4) (actual time=0.013..519.000 rows=920110 loops=1)
                    Filter: (info_type_id > 99)
                    Rows Removed by Filter: 459925
              ->  Hash  (cost=73925.90..73925.90 rows=106315 width=4) (actual time=939.278..939.278 rows=6930 loops=1)
                    Buckets: 131072  Batches: 2  Memory Usage: 1147kB
                    ->  Seq Scan on title t  (cost=0.00..73925.90 rows=106315 width=4) (actual time=0.310..935.971 rows=6930 loops=1)
                          Filter: ((production_year < 1952) AND (kind_id = 7))
                          Rows Removed by Filter: 2521382
Planning time: 1.194 ms
Execution time: 17425.878 ms
