Seq Scan on cast_info ci  (cost=0.00..796071.18 rows=24056574 width=0) (actual time=0.023..14905.077 rows=26731882 loops=1)
  Filter: ((person_id < 2913999) AND (role_id < 9))
  Rows Removed by Filter: 9512462
Planning time: 0.406 ms
Execution time: 18072.384 ms
