Hash Join  (cost=83810.17..174330.79 rows=142884 width=0) (actual time=1436.906..3055.820 rows=326210 loops=1)
  Hash Cond: (mk.movie_id = t.id)
  ->  Seq Scan on movie_keyword mk  (cost=0.00..81003.12 rows=365774 width=4) (actual time=0.016..1190.970 rows=363349 loops=1)
        Filter: (keyword_id > 46071)
        Rows Removed by Filter: 4160581
  ->  Hash  (cost=67604.59..67604.59 rows=987727 width=4) (actual time=1435.447..1435.447 rows=985048 loops=1)
        Buckets: 131072  Batches: 16  Memory Usage: 3197kB
        ->  Seq Scan on title t  (cost=0.00..67604.59 rows=987727 width=4) (actual time=0.030..1124.399 rows=985048 loops=1)
              Filter: (kind_id < 7)
              Rows Removed by Filter: 1543264
Planning time: 0.610 ms
Execution time: 3098.171 ms
