Hash Join  (cost=102767.86..1065350.19 rows=6509363 width=0) (actual time=6978.853..23812.561 rows=7451973 loops=1)
  Hash Cond: (ci.movie_id = t.id)
  ->  Seq Scan on cast_info ci  (cost=0.00..796071.18 rows=6509363 width=4) (actual time=4438.214..14648.928 rows=7451973 loops=1)
        Filter: ((person_id < 3331836) AND (role_id = 2))
        Rows Removed by Filter: 28792371
  ->  Hash  (cost=61283.27..61283.27 rows=2528527 width=4) (actual time=2539.232..2539.232 rows=2528312 loops=1)
        Buckets: 131072  Batches: 64  Memory Usage: 2415kB
        ->  Seq Scan on title t  (cost=0.00..61283.27 rows=2528527 width=4) (actual time=0.016..996.127 rows=2528312 loops=1)
Planning time: 0.740 ms
Execution time: 24686.563 ms
