Hash Join  (cost=482221.35..1606706.45 rows=8827490 width=0) (actual time=7143.607..47751.670 rows=40828456 loops=1)
  Hash Cond: (ci.movie_id = t.id)
  ->  Seq Scan on cast_info ci  (cost=0.00..614943.12 rows=36225612 width=4) (actual time=0.012..11631.492 rows=36244344 loops=1)
  ->  Hash  (cost=472112.42..472112.42 rows=616154 width=8) (actual time=7142.422..7142.422 rows=910939 loops=1)
        Buckets: 131072  Batches: 16  Memory Usage: 3279kB
        ->  Hash Join  (cost=82257.13..472112.42 rows=616154 width=8) (actual time=1321.020..6874.518 rows=910939 loops=1)
              Hash Cond: (mi.movie_id = t.id)
              ->  Seq Scan on movie_info mi  (cost=0.00..346232.03 rows=3068194 width=4) (actual time=0.024..3841.815 rows=3036719 loops=1)
                    Filter: (info_type_id = 16)
                    Rows Removed by Filter: 11799001
              ->  Hash  (cost=73925.90..73925.90 rows=507778 width=4) (actual time=1298.810..1298.810 rows=524129 loops=1)
                    Buckets: 131072  Batches: 8  Memory Usage: 3348kB
                    ->  Seq Scan on title t  (cost=0.00..73925.90 rows=507778 width=4) (actual time=47.418..1135.581 rows=524129 loops=1)
                          Filter: ((production_year < 2010) AND (kind_id = 1))
                          Rows Removed by Filter: 2004183
Planning time: 1.236 ms
Execution time: 52649.932 ms
