Seq Scan on movie_keyword mk  (cost=0.00..81003.12 rows=2583871 width=0) (actual time=0.017..1359.766 rows=2574962 loops=1)
  Filter: (keyword_id < 6646)
  Rows Removed by Filter: 1948968
Planning time: 0.256 ms
Execution time: 1690.539 ms
