Seq Scan on movie_keyword mk  (cost=0.00..81003.12 rows=246 width=0) (actual time=21.589..897.792 rows=29 loops=1)
  Filter: (keyword_id = 61016)
  Rows Removed by Filter: 4523901
Planning time: 0.393 ms
Execution time: 897.883 ms
