Hash Join  (cost=70592.26..940580.72 rows=429121 width=0) (actual time=1169.983..19549.260 rows=157660 loops=1)
  Hash Cond: (ci.movie_id = t.id)
  ->  Seq Scan on cast_info ci  (cost=0.00..796071.18 rows=5960019 width=4) (actual time=0.020..15551.289 rows=6835291 loops=1)
        Filter: ((person_id > 844793) AND (role_id > 6))
        Rows Removed by Filter: 29409053
  ->  Hash  (cost=67604.59..67604.59 rows=182054 width=4) (actual time=1168.960..1168.960 rows=180956 loops=1)
        Buckets: 131072  Batches: 4  Memory Usage: 2612kB
        ->  Seq Scan on title t  (cost=0.00..67604.59 rows=182054 width=4) (actual time=0.017..1108.436 rows=180956 loops=1)
              Filter: (production_year < 1953)
              Rows Removed by Filter: 2347356
Planning time: 0.935 ms
Execution time: 19570.885 ms
