Seq Scan on movie_companies mc  (cost=0.00..51404.11 rows=663693 width=0) (actual time=0.028..717.701 rows=668699 loops=1)
  Filter: (company_id > 50785)
  Rows Removed by Filter: 1940430
Planning time: 0.372 ms
Execution time: 804.005 ms
