Seq Scan on movie_companies mc  (cost=0.00..57926.93 rows=1187248 width=0) (actual time=79.721..1061.601 rows=1053003 loops=1)
  Filter: ((company_id < 95714) AND (company_type_id = 2))
  Rows Removed by Filter: 1556126
Planning time: 0.406 ms
Execution time: 1196.666 ms
