Hash Join  (cost=83810.17..1117558.26 rows=5904547 width=0) (actual time=8955.518..29295.881 rows=6265436 loops=1)
  Hash Cond: (ci.movie_id = t.id)
  ->  Seq Scan on cast_info ci  (cost=0.00..796071.18 rows=15115317 width=4) (actual time=7552.066..16380.381 rows=15446983 loops=1)
        Filter: ((person_id > 230512) AND (role_id > 2))
        Rows Removed by Filter: 20797361
  ->  Hash  (cost=67604.59..67604.59 rows=987727 width=4) (actual time=1402.324..1402.324 rows=985048 loops=1)
        Buckets: 131072  Batches: 16  Memory Usage: 3188kB
        ->  Seq Scan on title t  (cost=0.00..67604.59 rows=987727 width=4) (actual time=0.025..1100.694 rows=985048 loops=1)
              Filter: (kind_id < 7)
              Rows Removed by Filter: 1543264
Planning time: 0.974 ms
Execution time: 30036.430 ms
