Hash Join  (cost=234445.10..775434.75 rows=5734069 width=0) (actual time=6294.650..56569.416 rows=159945605 loops=1)
  Hash Cond: (mi.movie_id = t.id)
  ->  Seq Scan on movie_info mi  (cost=0.00..309384.22 rows=14739122 width=4) (actual time=0.014..5652.068 rows=14835720 loops=1)
  ->  Hash  (cost=218305.95..218305.95 rows=983692 width=8) (actual time=6292.912..6292.912 rows=2543958 loops=1)
        Buckets: 131072 (originally 131072)  Batches: 64 (originally 16)  Memory Usage: 3073kB
        ->  Hash Join  (cost=86252.72..218305.95 rows=983692 width=8) (actual time=1538.401..5444.386 rows=2543958 loops=1)
              Hash Cond: (mk.movie_id = t.id)
              ->  Seq Scan on movie_keyword mk  (cost=0.00..81003.12 rows=3310451 width=4) (actual time=0.026..1611.329 rows=3302650 loops=1)
                    Filter: (keyword_id > 1535)
                    Rows Removed by Filter: 1221280
              ->  Hash  (cost=73925.90..73925.90 rows=751345 width=4) (actual time=1537.458..1537.458 rows=793943 loops=1)
                    Buckets: 131072  Batches: 16  Memory Usage: 2779kB
                    ->  Seq Scan on title t  (cost=0.00..73925.90 rows=751345 width=4) (actual time=0.011..1276.001 rows=793943 loops=1)
                          Filter: ((kind_id < 7) AND (production_year < 2010))
                          Rows Removed by Filter: 1734369
Planning time: 3.228 ms
Execution time: 74927.373 ms
