Hash Join  (cost=58358.77..423016.45 rows=175 width=0) (actual time=889.799..6551.171 rows=14 loops=1)
  Hash Cond: (mi.movie_id = t.id)
  ->  Seq Scan on movie_info mi  (cost=0.00..309384.22 rows=14739122 width=4) (actual time=0.013..3247.110 rows=14835720 loops=1)
  ->  Hash  (cost=58358.39..58358.39 rows=30 width=8) (actual time=758.436..758.436 rows=2 loops=1)
        Buckets: 1024  Batches: 1  Memory Usage: 9kB
        ->  Nested Loop  (cost=0.43..58358.39 rows=30 width=8) (actual time=561.262..758.425 rows=2 loops=1)
              ->  Seq Scan on movie_companies mc  (cost=0.00..57926.93 rows=51 width=4) (actual time=485.972..757.351 rows=23 loops=1)
                    Filter: ((company_id = 20794) AND (company_type_id = 1))
                    Rows Removed by Filter: 2609106
              ->  Index Scan using title_pkey on title t  (cost=0.43..8.45 rows=1 width=4) (actual time=0.042..0.042 rows=0 loops=23)
                    Index Cond: (id = mc.movie_id)
                    Filter: (production_year > 1998)
                    Rows Removed by Filter: 1
Planning time: 1.051 ms
Execution time: 6551.325 ms
