Nested Loop  (cost=0.43..83072.29 rows=150 width=0) (actual time=2.845..1208.197 rows=31 loops=1)
  ->  Seq Scan on movie_keyword mk  (cost=0.00..81003.12 rows=246 width=4) (actual time=2.797..1202.585 rows=107 loops=1)
        Filter: (keyword_id = 10081)
        Rows Removed by Filter: 4523823
  ->  Index Scan using title_pkey on title t  (cost=0.43..8.40 rows=1 width=4) (actual time=0.049..0.049 rows=0 loops=107)
        Index Cond: (id = mk.movie_id)
        Filter: (kind_id = 7)
        Rows Removed by Filter: 1
Planning time: 0.784 ms
Execution time: 1208.335 ms
