Hash Join  (cost=74794.72..102084.55 rows=37935 width=0) (actual time=1008.315..1590.375 rows=33021 loops=1)
  Hash Cond: (mi_idx.movie_id = t.id)
  ->  Seq Scan on movie_info_idx mi_idx  (cost=0.00..21735.35 rows=1380035 width=4) (actual time=0.019..245.799 rows=1380035 loops=1)
  ->  Hash  (cost=73925.90..73925.90 rows=69505 width=4) (actual time=1007.565..1007.565 rows=69431 loops=1)
        Buckets: 131072  Batches: 1  Memory Usage: 3465kB
        ->  Seq Scan on title t  (cost=0.00..73925.90 rows=69505 width=4) (actual time=0.028..979.865 rows=69431 loops=1)
              Filter: ((kind_id < 3) AND (production_year > 2011))
              Rows Removed by Filter: 2458881
Planning time: 0.829 ms
Execution time: 1595.289 ms
