Seq Scan on movie_keyword mk  (cost=0.00..81003.12 rows=246 width=0) (actual time=0.053..1205.805 rows=1357 loops=1)
  Filter: (keyword_id = 934)
  Rows Removed by Filter: 4522573
Planning time: 0.436 ms
Execution time: 1206.376 ms
