Seq Scan on movie_keyword mk  (cost=0.00..81003.12 rows=246 width=0) (actual time=229.389..1119.401 rows=36 loops=1)
  Filter: (keyword_id = 84327)
  Rows Removed by Filter: 4523894
Planning time: 0.399 ms
Execution time: 1119.500 ms
