Hash Join  (cost=74434.21..912453.22 rows=172498 width=0) (actual time=903.354..17449.375 rows=165942 loops=1)
  Hash Cond: (ci.movie_id = t.id)
  ->  Seq Scan on cast_info ci  (cost=0.00..796071.18 rows=10726096 width=4) (actual time=0.022..13968.827 rows=12670688 loops=1)
        Filter: ((person_id < 3071317) AND (role_id = 1))
        Rows Removed by Filter: 23573656
  ->  Hash  (cost=73925.90..73925.90 rows=40664 width=4) (actual time=902.807..902.807 rows=40257 loops=1)
        Buckets: 65536  Batches: 1  Memory Usage: 1928kB
        ->  Seq Scan on title t  (cost=0.00..73925.90 rows=40664 width=4) (actual time=0.021..886.647 rows=40257 loops=1)
              Filter: ((production_year > 2012) AND (kind_id = 7))
              Rows Removed by Filter: 2488055
Planning time: 0.812 ms
Execution time: 17469.995 ms
