Hash Join  (cost=83074.74..109986.57 rows=134 width=0) (actual time=1303.156..1856.092 rows=5402 loops=1)
  Hash Cond: (mi_idx.movie_id = t.id)
  ->  Seq Scan on movie_info_idx mi_idx  (cost=0.00..21735.35 rows=1380035 width=4) (actual time=0.009..278.061 rows=1380035 loops=1)
  ->  Hash  (cost=83071.67..83071.67 rows=246 width=8) (actual time=1303.067..1303.067 rows=2013 loops=1)
        Buckets: 2048 (originally 1024)  Batches: 1 (originally 1)  Memory Usage: 95kB
        ->  Nested Loop  (cost=0.43..83071.67 rows=246 width=8) (actual time=0.180..1301.591 rows=2013 loops=1)
              ->  Seq Scan on movie_keyword mk  (cost=0.00..81003.12 rows=246 width=4) (actual time=0.136..1219.179 rows=2013 loops=1)
                    Filter: (keyword_id = 2123)
                    Rows Removed by Filter: 4521917
              ->  Index Only Scan using title_pkey on title t  (cost=0.43..8.40 rows=1 width=4) (actual time=0.039..0.040 rows=1 loops=2013)
                    Index Cond: (id = mk.movie_id)
                    Heap Fetches: 2013
Planning time: 1.267 ms
Execution time: 1857.039 ms
