Hash Join  (cost=94657.25..149336.88 rows=1411 width=0) (actual time=1402.088..2544.485 rows=11233 loops=1)
  Hash Cond: (mc.movie_id = t.id)
  ->  Seq Scan on movie_companies mc  (cost=0.00..44881.29 rows=2609129 width=4) (actual time=0.019..613.809 rows=2609129 loops=1)
  ->  Hash  (cost=94640.16..94640.16 rows=1367 width=8) (actual time=1402.018..1402.018 rows=3801 loops=1)
        Buckets: 4096 (originally 2048)  Batches: 1 (originally 1)  Memory Usage: 181kB
        ->  Hash Join  (cost=67697.55..94640.16 rows=1367 width=8) (actual time=855.037..1393.874 rows=3801 loops=1)
              Hash Cond: (mi_idx.movie_id = t.id)
              ->  Seq Scan on movie_info_idx mi_idx  (cost=0.00..25185.44 rows=464934 width=4) (actual time=0.037..433.011 rows=460185 loops=1)
                    Filter: (info_type_id > 100)
                    Rows Removed by Filter: 919850
              ->  Hash  (cost=67604.59..67604.59 rows=7437 width=4) (actual time=854.847..854.847 rows=14926 loops=1)
                    Buckets: 16384 (originally 8192)  Batches: 1 (originally 1)  Memory Usage: 653kB
                    ->  Seq Scan on title t  (cost=0.00..67604.59 rows=7437 width=4) (actual time=0.187..847.777 rows=14926 loops=1)
                          Filter: (production_year = 1979)
                          Rows Removed by Filter: 2513386
Planning time: 1.283 ms
Execution time: 2546.651 ms
