Seq Scan on cast_info ci  (cost=0.00..705507.15 rows=500 width=0) (actual time=539.395..10437.897 rows=45 loops=1)
  Filter: (person_id = 2046118)
  Rows Removed by Filter: 36244299
Planning time: 0.388 ms
Execution time: 10437.965 ms
