Hash Join  (cost=102767.86..863363.93 rows=1878826 width=0) (actual time=2682.745..13841.309 rows=1812542 loops=1)
  Hash Cond: (ci.movie_id = t.id)
  ->  Seq Scan on cast_info ci  (cost=0.00..705507.15 rows=1878826 width=4) (actual time=863.088..10147.575 rows=1812542 loops=1)
        Filter: (person_id < 179584)
        Rows Removed by Filter: 34431802
  ->  Hash  (cost=61283.27..61283.27 rows=2528527 width=4) (actual time=1818.559..1818.559 rows=2528312 loops=1)
        Buckets: 131072  Batches: 64  Memory Usage: 2415kB
        ->  Seq Scan on title t  (cost=0.00..61283.27 rows=2528527 width=4) (actual time=0.020..982.476 rows=2528312 loops=1)
Planning time: 0.786 ms
Execution time: 14061.795 ms
