Seq Scan on cast_info ci  (cost=0.00..796071.18 rows=14783214 width=0) (actual time=0.017..15770.498 rows=15259673 loops=1)
  Filter: ((person_id > 298091) AND (role_id > 2))
  Rows Removed by Filter: 20984671
Planning time: 0.273 ms
Execution time: 17706.519 ms
