Seq Scan on movie_keyword mk  (cost=0.00..81003.12 rows=1288383 width=0) (actual time=0.030..1279.839 rows=1299254 loops=1)
  Filter: (keyword_id > 13572)
  Rows Removed by Filter: 3224676
Planning time: 0.342 ms
Execution time: 1446.169 ms
