Seq Scan on title t  (cost=0.00..73925.90 rows=105094 width=0) (actual time=0.265..963.102 rows=1973 loops=1)
  Filter: ((kind_id > 3) AND (production_year < 1950))
  Rows Removed by Filter: 2526339
Planning time: 0.331 ms
Execution time: 963.752 ms
