Seq Scan on movie_keyword mk  (cost=0.00..81003.12 rows=246 width=0) (actual time=24.230..1168.314 rows=30 loops=1)
  Filter: (keyword_id = 7308)
  Rows Removed by Filter: 4523900
Planning time: 0.369 ms
Execution time: 1168.421 ms
