Hash Join  (cost=69179.59..171125.91 rows=65387 width=0) (actual time=1018.654..2610.218 rows=67564 loops=1)
  Hash Cond: (mk.movie_id = t.id)
  ->  Seq Scan on movie_keyword mk  (cost=0.00..81003.12 rows=1722220 width=4) (actual time=0.015..1065.977 rows=1725442 loops=1)
        Filter: (keyword_id < 2795)
        Rows Removed by Filter: 2798488
  ->  Hash  (cost=67604.59..67604.59 rows=96000 width=4) (actual time=1017.245..1017.245 rows=95005 loops=1)
        Buckets: 131072  Batches: 2  Memory Usage: 2722kB
        ->  Seq Scan on title t  (cost=0.00..67604.59 rows=96000 width=4) (actual time=0.018..980.303 rows=95005 loops=1)
              Filter: (production_year = 2005)
              Rows Removed by Filter: 2433307
Planning time: 3.821 ms
Execution time: 2619.010 ms
