Hash Join  (cost=1210197.47..2404201.23 rows=53120861 width=0) (actual time=27270.631..56975.691 rows=50366097 loops=1)
  Hash Cond: (mi.movie_id = t.id)
  ->  Seq Scan on movie_info mi  (cost=0.00..309384.22 rows=14739122 width=4) (actual time=0.019..6310.051 rows=14835720 loops=1)
  ->  Hash  (cost=1060687.05..1060687.05 rows=9112994 width=8) (actual time=27267.512..27267.512 rows=8964502 loops=1)
        Buckets: 131072  Batches: 128  Memory Usage: 3683kB
        ->  Hash Join  (cost=98137.04..1060687.05 rows=9112994 width=8) (actual time=1965.299..24723.486 rows=8964502 loops=1)
              Hash Cond: (ci.movie_id = t.id)
              ->  Seq Scan on cast_info ci  (cost=0.00..705507.15 rows=12381784 width=4) (actual time=0.016..13205.403 rows=12477810 loops=1)
                    Filter: (person_id > 2435593)
                    Rows Removed by Filter: 23766534
              ->  Hash  (cost=67604.59..67604.59 rows=1860996 width=4) (actual time=1964.016..1964.016 rows=1865487 loops=1)
                    Buckets: 131072  Batches: 32  Memory Usage: 3079kB
                    ->  Seq Scan on title t  (cost=0.00..67604.59 rows=1860996 width=4) (actual time=0.018..1360.156 rows=1865487 loops=1)
                          Filter: (kind_id > 1)
                          Rows Removed by Filter: 662825
Planning time: 1.163 ms
Execution time: 62510.512 ms
