Hash Join  (cost=75195.93..437615.10 rows=40947 width=0) (actual time=4407.067..6469.323 rows=27843 loops=1)
  Hash Cond: (mi.movie_id = t.id)
  ->  Seq Scan on movie_info mi  (cost=0.00..346232.03 rows=1338312 width=4) (actual time=3150.379..4934.959 rows=1401902 loops=1)
        Filter: (info_type_id = 7)
        Rows Removed by Filter: 13433818
  ->  Hash  (cost=73925.90..73925.90 rows=77362 width=4) (actual time=1049.070..1049.070 rows=74255 loops=1)
        Buckets: 131072  Batches: 2  Memory Usage: 2338kB
        ->  Seq Scan on title t  (cost=0.00..73925.90 rows=77362 width=4) (actual time=260.510..1021.090 rows=74255 loops=1)
              Filter: ((production_year > 1982) AND (kind_id = 3))
              Rows Removed by Filter: 2454057
Planning time: 2.007 ms
Execution time: 6477.507 ms
