Hash Join  (cost=96527.63..662016.42 rows=8030086 width=0) (actual time=1871.733..15411.866 rows=3814482 loops=1)
  Hash Cond: (mi.movie_id = t.id)
  ->  Seq Scan on movie_info mi  (cost=0.00..309384.22 rows=14739122 width=4) (actual time=0.005..5418.334 rows=14835720 loops=1)
  ->  Hash  (cost=73925.90..73925.90 rows=1377578 width=4) (actual time=1735.203..1735.203 rows=1455833 loops=1)
        Buckets: 131072  Batches: 32  Memory Usage: 2632kB
        ->  Seq Scan on title t  (cost=0.00..73925.90 rows=1377578 width=4) (actual time=84.701..1252.815 rows=1455833 loops=1)
              Filter: ((production_year > 1955) AND (kind_id = 7))
              Rows Removed by Filter: 1072479
Planning time: 0.533 ms
Execution time: 15791.004 ms
