Seq Scan on movie_companies mc  (cost=0.00..51404.11 rows=104 width=0) (actual time=537.680..746.718 rows=1 loops=1)
  Filter: (company_id = 198560)
  Rows Removed by Filter: 2609128
Planning time: 0.447 ms
Execution time: 746.793 ms
