Hash Join  (cost=75071.77..195442.95 rows=506337 width=0) (actual time=1134.765..3877.315 rows=716073 loops=1)
  Hash Cond: (mk.movie_id = t.id)
  ->  Seq Scan on movie_keyword mk  (cost=0.00..81003.12 rows=2812980 width=4) (actual time=0.023..1551.261 rows=2806710 loops=1)
        Filter: (keyword_id < 8275)
        Rows Removed by Filter: 1717220
  ->  Hash  (cost=67604.59..67604.59 rows=455135 width=4) (actual time=1133.686..1133.686 rows=451569 loops=1)
        Buckets: 131072  Batches: 8  Memory Usage: 3010kB
        ->  Seq Scan on title t  (cost=0.00..67604.59 rows=455135 width=4) (actual time=0.023..986.663 rows=451569 loops=1)
              Filter: (production_year < 1976)
              Rows Removed by Filter: 2076743
Planning time: 0.781 ms
Execution time: 3937.999 ms
