Hash Join  (cost=83074.74..916994.77 rows=982 width=0) (actual time=2662.692..15004.881 rows=11731 loops=1)
  Hash Cond: (ci.movie_id = t.id)
  ->  Seq Scan on cast_info ci  (cost=0.00..796071.18 rows=10090408 width=4) (actual time=1518.306..12572.533 rows=8003398 loops=1)
        Filter: ((person_id > 2533511) AND (role_id < 10))
        Rows Removed by Filter: 28240946
  ->  Hash  (cost=83071.67..83071.67 rows=246 width=8) (actual time=1143.668..1143.668 rows=1704 loops=1)
        Buckets: 2048 (originally 1024)  Batches: 1 (originally 1)  Memory Usage: 83kB
        ->  Nested Loop  (cost=0.43..83071.67 rows=246 width=8) (actual time=1.294..1142.473 rows=1704 loops=1)
              ->  Seq Scan on movie_keyword mk  (cost=0.00..81003.12 rows=246 width=4) (actual time=1.209..1093.522 rows=1704 loops=1)
                    Filter: (keyword_id = 793)
                    Rows Removed by Filter: 4522226
              ->  Index Only Scan using title_pkey on title t  (cost=0.43..8.40 rows=1 width=4) (actual time=0.027..0.028 rows=1 loops=1704)
                    Index Cond: (id = mk.movie_id)
                    Heap Fetches: 1704
Planning time: 1.549 ms
Execution time: 15007.789 ms
