Seq Scan on movie_keyword mk  (cost=0.00..81003.12 rows=246 width=0) (actual time=5.568..1114.475 rows=58 loops=1)
  Filter: (keyword_id = 38419)
  Rows Removed by Filter: 4523872
Planning time: 0.404 ms
Execution time: 1114.605 ms
