Hash Join  (cost=86421.94..1232314.18 rows=10911307 width=0) (actual time=1185.124..34261.725 rows=11073126 loops=1)
  Hash Cond: (ci.movie_id = t.id)
  ->  Seq Scan on cast_info ci  (cost=0.00..614943.12 rows=36225612 width=4) (actual time=0.018..11676.984 rows=36244344 loops=1)
  ->  Hash  (cost=73925.90..73925.90 rows=761603 width=4) (actual time=1183.842..1183.842 rows=670584 loops=1)
        Buckets: 131072  Batches: 16  Memory Usage: 2498kB
        ->  Seq Scan on title t  (cost=0.00..73925.90 rows=761603 width=4) (actual time=0.012..982.135 rows=670584 loops=1)
              Filter: ((kind_id < 7) AND (production_year > 1979))
              Rows Removed by Filter: 1857728
Planning time: 0.775 ms
Execution time: 35608.340 ms
