Hash Join  (cost=134772.43..275858.17 rows=797057 width=0) (actual time=3443.866..8172.258 rows=4874815 loops=1)
  Hash Cond: (mk.movie_id = t.id)
  ->  Seq Scan on movie_keyword mk  (cost=0.00..81003.12 rows=4350413 width=4) (actual time=0.032..1742.404 rows=4335201 loops=1)
        Filter: (keyword_id > 135)
        Rows Removed by Filter: 188729
  ->  Hash  (cost=127171.65..127171.65 rows=463262 width=8) (actual time=3442.769..3442.769 rows=569398 loops=1)
        Buckets: 131072  Batches: 8  Memory Usage: 3825kB
        ->  Hash Join  (cost=81530.55..127171.65 rows=463262 width=8) (actual time=1300.540..3262.610 rows=569398 loops=1)
              Hash Cond: (mi_idx.movie_id = t.id)
              ->  Seq Scan on movie_info_idx mi_idx  (cost=0.00..21735.35 rows=1380035 width=4) (actual time=0.017..427.846 rows=1380035 loops=1)
              ->  Hash  (cost=67604.59..67604.59 rows=848797 width=4) (actual time=1299.450..1299.450 rows=849141 loops=1)
                    Buckets: 131072  Batches: 16  Memory Usage: 2892kB
                    ->  Seq Scan on title t  (cost=0.00..67604.59 rows=848797 width=4) (actual time=0.019..1037.906 rows=849141 loops=1)
                          Filter: (production_year < 1996)
                          Rows Removed by Filter: 1679171
Planning time: 1.306 ms
Execution time: 8747.550 ms
