Seq Scan on movie_companies mc  (cost=0.00..57926.93 rows=1017886 width=0) (actual time=0.015..1036.717 rows=883678 loops=1)
  Filter: ((company_id > 515) AND (company_type_id = 1))
  Rows Removed by Filter: 1725451
Planning time: 0.285 ms
Execution time: 1152.677 ms
