Seq Scan on cast_info ci  (cost=0.00..796071.18 rows=4175480 width=0) (actual time=1446.533..11432.662 rows=1772868 loops=1)
  Filter: ((person_id < 611799) AND (role_id > 1))
  Rows Removed by Filter: 34471476
Planning time: 0.361 ms
Execution time: 11655.762 ms
