Hash Join  (cost=74055.54..439316.01 rows=60454 width=0) (actual time=1079.913..8729.320 rows=240194 loops=1)
  Hash Cond: (mi.movie_id = t.id)
  ->  Seq Scan on movie_info mi  (cost=0.00..309384.22 rows=14739122 width=4) (actual time=0.010..3985.565 rows=14835720 loops=1)
  ->  Hash  (cost=73925.90..73925.90 rows=10371 width=4) (actual time=1029.591..1029.591 rows=24507 loops=1)
        Buckets: 32768 (originally 16384)  Batches: 1 (originally 1)  Memory Usage: 1118kB
        ->  Seq Scan on title t  (cost=0.00..73925.90 rows=10371 width=4) (actual time=0.020..1019.321 rows=24507 loops=1)
              Filter: ((kind_id < 7) AND (production_year < 1910))
              Rows Removed by Filter: 2503805
Planning time: 0.813 ms
Execution time: 8766.670 ms
