Hash Join  (cost=196222.03..223516.57 rows=38405 width=0) (actual time=3827.878..4481.372 rows=135888 loops=1)
  Hash Cond: (mi_idx.movie_id = t.id)
  ->  Seq Scan on movie_info_idx mi_idx  (cost=0.00..21735.35 rows=1380035 width=4) (actual time=0.015..269.175 rows=1380035 loops=1)
  ->  Hash  (cost=195342.45..195342.45 rows=70367 width=8) (actual time=3827.128..3827.128 rows=72592 loops=1)
        Buckets: 131072  Batches: 1  Memory Usage: 3860kB
        ->  Hash Join  (cost=102767.86..195342.45 rows=70367 width=8) (actual time=2222.616..3801.899 rows=72592 loops=1)
              Hash Cond: (mk.movie_id = t.id)
              ->  Seq Scan on movie_keyword mk  (cost=0.00..81003.12 rows=70367 width=4) (actual time=0.016..1165.059 rows=72592 loops=1)
                    Filter: (keyword_id < 66)
                    Rows Removed by Filter: 4451338
              ->  Hash  (cost=61283.27..61283.27 rows=2528527 width=4) (actual time=2221.531..2221.531 rows=2528312 loops=1)
                    Buckets: 131072  Batches: 64  Memory Usage: 2425kB
                    ->  Seq Scan on title t  (cost=0.00..61283.27 rows=2528527 width=4) (actual time=0.013..1082.302 rows=2528312 loops=1)
Planning time: 1.173 ms
Execution time: 4500.381 ms
