Hash Join  (cost=464251.67..595882.91 rows=790320 width=0) (actual time=6058.410..9668.781 rows=444809 loops=1)
  Hash Cond: (mk.movie_id = t.id)
  ->  Seq Scan on movie_keyword mk  (cost=0.00..69693.30 rows=4523930 width=4) (actual time=0.013..1351.643 rows=4523930 loops=1)
  ->  Hash  (cost=457004.07..457004.07 rows=441728 width=8) (actual time=6055.456..6055.456 rows=292332 loops=1)
        Buckets: 131072  Batches: 8  Memory Usage: 2452kB
        ->  Hash Join  (cost=87619.09..457004.07 rows=441728 width=8) (actual time=1685.000..5959.765 rows=292332 loops=1)
              Hash Cond: (mi.movie_id = t.id)
              ->  Seq Scan on movie_info mi  (cost=0.00..346232.03 rows=1338312 width=4) (actual time=329.766..3769.980 rows=1401902 loops=1)
                    Filter: (info_type_id = 7)
                    Rows Removed by Filter: 13433818
              ->  Hash  (cost=73925.90..73925.90 rows=834575 width=4) (actual time=1354.053..1354.053 rows=736354 loops=1)
                    Buckets: 131072  Batches: 16  Memory Usage: 2648kB
                    ->  Seq Scan on title t  (cost=0.00..73925.90 rows=834575 width=4) (actual time=0.029..1135.341 rows=736354 loops=1)
                          Filter: ((kind_id > 3) AND (production_year < 2004))
                          Rows Removed by Filter: 1791958
Planning time: 3.454 ms
Execution time: 9713.793 ms
