Hash Join  (cost=102767.86..1328443.31 rows=21206788 width=0) (actual time=1854.430..35159.012 rows=21055410 loops=1)
  Hash Cond: (ci.movie_id = t.id)
  ->  Seq Scan on cast_info ci  (cost=0.00..705507.15 rows=21206788 width=4) (actual time=0.018..14661.504 rows=21055410 loops=1)
        Filter: (person_id < 2125209)
        Rows Removed by Filter: 15188934
  ->  Hash  (cost=61283.27..61283.27 rows=2528527 width=4) (actual time=1853.177..1853.177 rows=2528312 loops=1)
        Buckets: 131072  Batches: 64  Memory Usage: 2415kB
        ->  Seq Scan on title t  (cost=0.00..61283.27 rows=2528527 width=4) (actual time=0.016..1016.142 rows=2528312 loops=1)
Planning time: 6.644 ms
Execution time: 37450.312 ms
