Hash Join  (cost=167550.75..194620.86 rows=15962 width=0) (actual time=2690.232..3224.655 rows=24606 loops=1)
  Hash Cond: (mi_idx.movie_id = t.id)
  ->  Seq Scan on movie_info_idx mi_idx  (cost=0.00..21735.35 rows=1380035 width=4) (actual time=0.018..239.081 rows=1380035 loops=1)
  ->  Hash  (cost=167185.18..167185.18 rows=29246 width=8) (actual time=2689.426..2689.426 rows=13305 loops=1)
        Buckets: 32768  Batches: 1  Memory Usage: 776kB
        ->  Hash Join  (cost=75292.52..167185.18 rows=29246 width=8) (actual time=1169.988..2684.642 rows=13305 loops=1)
              Hash Cond: (mk.movie_id = t.id)
              ->  Seq Scan on movie_keyword mk  (cost=0.00..81003.12 rows=888287 width=4) (actual time=0.016..1217.704 rows=894917 loops=1)
                    Filter: (keyword_id > 20605)
                    Rows Removed by Filter: 3629013
              ->  Hash  (cost=73925.90..73925.90 rows=83249 width=4) (actual time=1169.214..1169.214 rows=101793 loops=1)
                    Buckets: 131072  Batches: 2  Memory Usage: 2809kB
                    ->  Seq Scan on title t  (cost=0.00..73925.90 rows=83249 width=4) (actual time=0.026..1129.496 rows=101793 loops=1)
                          Filter: ((kind_id > 1) AND (production_year = 2007))
                          Rows Removed by Filter: 2426519
Planning time: 1.194 ms
Execution time: 3228.227 ms
