Seq Scan on cast_info ci  (cost=0.00..796071.18 rows=12266699 width=0) (actual time=4.861..14692.299 rows=11790995 loops=1)
  Filter: ((person_id > 123275) AND (role_id = 1))
  Rows Removed by Filter: 24453349
Planning time: 0.412 ms
Execution time: 16079.278 ms
