Hash Join  (cost=160823.02..958055.81 rows=116168 width=0) (actual time=2747.909..17850.247 rows=95018 loops=1)
  Hash Cond: (ci.movie_id = t.id)
  ->  Seq Scan on cast_info ci  (cost=0.00..614943.12 rows=36225612 width=4) (actual time=0.016..7663.497 rows=36244344 loops=1)
  ->  Hash  (cost=160721.67..160721.67 rows=8108 width=8) (actual time=2743.318..2743.318 rows=5510 loops=1)
        Buckets: 8192  Batches: 1  Memory Usage: 280kB
        ->  Hash Join  (cost=73982.55..160721.67 rows=8108 width=8) (actual time=1580.437..2741.475 rows=5510 loops=1)
              Hash Cond: (mk.movie_id = t.id)
              ->  Seq Scan on movie_keyword mk  (cost=0.00..69693.30 rows=4523930 width=4) (actual time=0.012..943.316 rows=4523930 loops=1)
              ->  Hash  (cost=73925.90..73925.90 rows=4532 width=4) (actual time=972.921..972.921 rows=6999 loops=1)
                    Buckets: 8192  Batches: 1  Memory Usage: 311kB
                    ->  Seq Scan on title t  (cost=0.00..73925.90 rows=4532 width=4) (actual time=0.187..969.559 rows=6999 loops=1)
                          Filter: ((kind_id = 7) AND (production_year = 1960))
                          Rows Removed by Filter: 2521313
Planning time: 1.245 ms
Execution time: 17863.841 ms
