Hash Join  (cost=189023.40..1043177.47 rows=3704767 width=0) (actual time=6755.478..25172.101 rows=15800544 loops=1)
  Hash Cond: (ci.movie_id = t.id)
  ->  Seq Scan on cast_info ci  (cost=0.00..705507.15 rows=9311799 width=4) (actual time=1996.864..11115.679 rows=9301766 loops=1)
        Filter: (person_id > 2771505)
        Rows Removed by Filter: 26942578
  ->  Hash  (cost=172518.49..172518.49 rows=1005993 width=8) (actual time=4757.105..4757.105 rows=1861819 loops=1)
        Buckets: 131072 (originally 131072)  Batches: 32 (originally 16)  Memory Usage: 3286kB
        ->  Hash Join  (cost=83600.04..172518.49 rows=1005993 width=8) (actual time=1329.816..4207.331 rows=1861819 loops=1)
              Hash Cond: (mc.movie_id = t.id)
              ->  Seq Scan on movie_companies mc  (cost=0.00..44881.29 rows=2609129 width=4) (actual time=0.021..799.535 rows=2609129 loops=1)
              ->  Hash  (cost=67604.59..67604.59 rows=974916 width=4) (actual time=1328.838..1328.838 rows=972448 loops=1)
                    Buckets: 131072  Batches: 16  Memory Usage: 3160kB
                    ->  Seq Scan on title t  (cost=0.00..67604.59 rows=974916 width=4) (actual time=0.032..1028.021 rows=972448 loops=1)
                          Filter: (kind_id < 6)
                          Rows Removed by Filter: 1555864
Planning time: 1.177 ms
Execution time: 27125.030 ms
