Seq Scan on movie_keyword mk  (cost=0.00..81003.12 rows=246 width=0) (actual time=3.015..1151.913 rows=103 loops=1)
  Filter: (keyword_id = 29358)
  Rows Removed by Filter: 4523827
Planning time: 0.440 ms
Execution time: 1152.071 ms
