Seq Scan on movie_keyword mk  (cost=0.00..81003.12 rows=3165089 width=0) (actual time=0.031..1427.897 rows=3150984 loops=1)
  Filter: (keyword_id < 12169)
  Rows Removed by Filter: 1372946
Planning time: 0.297 ms
Execution time: 1811.967 ms
