Hash Join  (cost=113729.20..207997.98 rows=90410 width=0) (actual time=2330.633..5358.457 rows=1296568 loops=1)
  Hash Cond: (mk.movie_id = t.id)
  ->  Seq Scan on movie_keyword mk  (cost=0.00..81003.12 rows=3296415 width=4) (actual time=0.014..1555.576 rows=3286002 loops=1)
        Filter: (keyword_id < 14619)
        Rows Removed by Filter: 1237928
  ->  Hash  (cost=112862.34..112862.34 rows=69349 width=8) (actual time=2325.739..2325.739 rows=157489 loops=1)
        Buckets: 131072 (originally 131072)  Batches: 4 (originally 1)  Memory Usage: 3073kB
        ->  Hash Join  (cost=80166.74..112862.34 rows=69349 width=8) (actual time=1510.830..2264.716 rows=157489 loops=1)
              Hash Cond: (mi_idx.movie_id = t.id)
              ->  Seq Scan on movie_info_idx mi_idx  (cost=0.00..25185.44 rows=460978 width=4) (actual time=0.030..393.389 rows=459925 loops=1)
                    Filter: (info_type_id = 99)
                    Rows Removed by Filter: 920110
              ->  Hash  (cost=73925.90..73925.90 rows=380387 width=4) (actual time=1509.445..1509.445 rows=484820 loops=1)
                    Buckets: 131072  Batches: 8  Memory Usage: 3166kB
                    ->  Seq Scan on title t  (cost=0.00..73925.90 rows=380387 width=4) (actual time=0.026..1035.076 rows=484820 loops=1)
                          Filter: ((kind_id < 7) AND (production_year < 1999))
                          Rows Removed by Filter: 2043492
Planning time: 1.397 ms
Execution time: 5511.501 ms
