Hash Join  (cost=270297.65..1286318.57 rows=11182881 width=0) (actual time=7431.919..34309.069 rows=36179317 loops=1)
  Hash Cond: (ci.movie_id = t.id)
  ->  Seq Scan on cast_info ci  (cost=0.00..705507.15 rows=14929593 width=4) (actual time=1706.586..12725.789 rows=15091991 loops=1)
        Filter: (person_id > 2136095)
        Rows Removed by Filter: 21152353
  ->  Hash  (cost=239224.01..239224.01 rows=1893971 width=8) (actual time=5723.635..5723.635 rows=1906140 loops=1)
        Buckets: 131072  Batches: 32  Memory Usage: 3337kB
        ->  Hash Join  (cost=102767.86..239224.01 rows=1893971 width=8) (actual time=1797.343..5177.042 rows=1906140 loops=1)
              Hash Cond: (mk.movie_id = t.id)
              ->  Seq Scan on movie_keyword mk  (cost=0.00..81003.12 rows=1893971 width=4) (actual time=0.035..1510.555 rows=1906140 loops=1)
                    Filter: (keyword_id < 3269)
                    Rows Removed by Filter: 2617790
              ->  Hash  (cost=61283.27..61283.27 rows=2528527 width=4) (actual time=1795.398..1795.398 rows=2528312 loops=1)
                    Buckets: 131072  Batches: 64  Memory Usage: 2425kB
                    ->  Seq Scan on title t  (cost=0.00..61283.27 rows=2528527 width=4) (actual time=0.020..903.406 rows=2528312 loops=1)
Planning time: 1.216 ms
Execution time: 38099.810 ms
