Hash Join  (cost=115986.73..203953.20 rows=130843 width=0) (actual time=2387.489..4163.680 rows=9435 loops=1)
  Hash Cond: (mk.movie_id = t.id)
  ->  Seq Scan on movie_keyword mk  (cost=0.00..69693.30 rows=4523930 width=4) (actual time=0.017..955.130 rows=4523930 loops=1)
  ->  Hash  (cost=115072.60..115072.60 rows=73131 width=8) (actual time=2383.389..2383.389 rows=2685 loops=1)
        Buckets: 131072  Batches: 1  Memory Usage: 1129kB
        ->  Hash Join  (cost=76124.80..115072.60 rows=73131 width=8) (actual time=1611.967..2381.392 rows=2685 loops=1)
              Hash Cond: (mi_idx.movie_id = t.id)
              ->  Seq Scan on movie_info_idx mi_idx  (cost=0.00..21735.35 rows=1380035 width=4) (actual time=0.020..396.232 rows=1380035 loops=1)
              ->  Hash  (cost=73925.90..73925.90 rows=133992 width=4) (actual time=1594.614..1594.614 rows=12006 loops=1)
                    Buckets: 131072  Batches: 2  Memory Usage: 1238kB
                    ->  Seq Scan on title t  (cost=0.00..73925.90 rows=133992 width=4) (actual time=0.227..1343.803 rows=12006 loops=1)
                          Filter: ((kind_id > 1) AND (production_year < 1953))
                          Rows Removed by Filter: 2516306
Planning time: 1.136 ms
Execution time: 4165.161 ms
