Hash Join  (cost=88725.63..230390.90 rows=1613923 width=0) (actual time=1342.200..5600.982 rows=3424307 loops=1)
  Hash Cond: (mk.movie_id = t.id)
  ->  Seq Scan on movie_keyword mk  (cost=0.00..69693.30 rows=4523930 width=4) (actual time=0.029..1356.038 rows=4523930 loops=1)
  ->  Hash  (cost=73925.90..73925.90 rows=902058 width=4) (actual time=1340.891..1340.891 rows=824593 loops=1)
        Buckets: 131072  Batches: 16  Memory Usage: 2845kB
        ->  Seq Scan on title t  (cost=0.00..73925.90 rows=902058 width=4) (actual time=0.046..1090.464 rows=824593 loops=1)
              Filter: ((kind_id < 7) AND (production_year > 1945))
              Rows Removed by Filter: 1703719
Planning time: 0.755 ms
Execution time: 6000.876 ms
