Seq Scan on cast_info ci  (cost=0.00..705507.15 rows=500 width=0) (actual time=10442.201..10477.061 rows=108 loops=1)
  Filter: (person_id = 1350834)
  Rows Removed by Filter: 36244236
Planning time: 0.325 ms
Execution time: 10477.167 ms
