Hash Join  (cost=248056.97..875398.47 rows=12100267 width=0) (actual time=5584.502..34108.610 rows=58950439 loops=1)
  Hash Cond: (mi.movie_id = t.id)
  ->  Seq Scan on movie_info mi  (cost=0.00..309384.22 rows=14739122 width=4) (actual time=0.013..5254.418 rows=14835720 loops=1)
  ->  Hash  (cost=214000.14..214000.14 rows=2075826 width=8) (actual time=5582.318..5582.318 rows=2073542 loops=1)
        Buckets: 131072  Batches: 32  Memory Usage: 3596kB
        ->  Hash Join  (cost=102767.86..214000.14 rows=2075826 width=8) (actual time=1775.744..4937.331 rows=2073542 loops=1)
              Hash Cond: (mc.movie_id = t.id)
              ->  Seq Scan on movie_companies mc  (cost=0.00..51404.11 rows=2075826 width=4) (actual time=0.024..972.336 rows=2073542 loops=1)
                    Filter: (company_id < 72372)
                    Rows Removed by Filter: 535587
              ->  Hash  (cost=61283.27..61283.27 rows=2528527 width=4) (actual time=1774.557..1774.557 rows=2528312 loops=1)
                    Buckets: 131072  Batches: 64  Memory Usage: 2415kB
                    ->  Seq Scan on title t  (cost=0.00..61283.27 rows=2528527 width=4) (actual time=0.011..905.936 rows=2528312 loops=1)
Planning time: 1.208 ms
Execution time: 40620.979 ms
