Hash Join  (cost=69264.85..1117954.25 rows=1449023 width=0) (actual time=1151.355..26790.182 rows=454377 loops=1)
  Hash Cond: (ci.movie_id = t.id)
  ->  Seq Scan on cast_info ci  (cost=0.00..614943.12 rows=36225612 width=4) (actual time=0.010..11898.012 rows=36244344 loops=1)
  ->  Hash  (cost=67604.59..67604.59 rows=101141 width=4) (actual time=1150.132..1150.132 rows=101194 loops=1)
        Buckets: 131072  Batches: 2  Memory Usage: 2800kB
        ->  Seq Scan on title t  (cost=0.00..67604.59 rows=101141 width=4) (actual time=0.018..1115.469 rows=101194 loops=1)
              Filter: (production_year < 1925)
              Rows Removed by Filter: 2427118
Planning time: 3.191 ms
Execution time: 26854.108 ms
