Seq Scan on movie_keyword mk  (cost=0.00..81003.12 rows=4159160 width=0) (actual time=0.016..1438.335 rows=4162900 loops=1)
  Filter: (keyword_id < 46185)
  Rows Removed by Filter: 361030
Planning time: 0.358 ms
Execution time: 1960.338 ms
