Hash Join  (cost=114217.49..1026568.43 rows=510073 width=0) (actual time=1998.053..30677.771 rows=1268940 loops=1)
  Hash Cond: (ci.movie_id = t.id)
  ->  Seq Scan on cast_info ci  (cost=0.00..796071.18 rows=29647738 width=4) (actual time=0.013..17120.809 rows=31605208 loops=1)
        Filter: ((person_id < 3626523) AND (role_id < 10))
        Rows Removed by Filter: 4639136
  ->  Hash  (cost=113673.72..113673.72 rows=43502 width=8) (actual time=1997.541..1997.541 rows=106878 loops=1)
        Buckets: 131072 (originally 65536)  Batches: 2 (originally 1)  Memory Usage: 3126kB
        ->  Hash Join  (cost=75234.22..113673.72 rows=43502 width=8) (actual time=1221.115..1959.182 rows=106878 loops=1)
              Hash Cond: (mi_idx.movie_id = t.id)
              ->  Seq Scan on movie_info_idx mi_idx  (cost=0.00..21735.35 rows=1380035 width=4) (actual time=0.018..398.914 rows=1380035 loops=1)
              ->  Hash  (cost=73925.90..73925.90 rows=79705 width=4) (actual time=1067.238..1067.238 rows=82805 loops=1)
                    Buckets: 131072  Batches: 2  Memory Usage: 2482kB
                    ->  Seq Scan on title t  (cost=0.00..73925.90 rows=79705 width=4) (actual time=0.042..1036.877 rows=82805 loops=1)
                          Filter: ((production_year < 2012) AND (kind_id = 2))
                          Rows Removed by Filter: 2445507
Planning time: 1.209 ms
Execution time: 30847.303 ms
