Hash Join  (cost=90605.63..874310.48 rows=3581292 width=169) (actual time=1880.387..22956.842 rows=5723809 loops=1)
  Hash Cond: (mi.movie_id = t.id)
  ->  Seq Scan on movie_info mi  (cost=0.00..309384.22 rows=14739122 width=75) (actual time=0.013..6776.981 rows=14835720 loops=1)
  ->  Hash  (cost=73925.90..73925.90 rows=614378 width=94) (actual time=1879.636..1879.636 rows=520376 loops=1)
        Buckets: 32768  Batches: 32  Memory Usage: 2065kB
        ->  Seq Scan on title t  (cost=0.00..73925.90 rows=614378 width=94) (actual time=0.020..1656.841 rows=520376 loops=1)
              Filter: ((kind_id < 7) AND (production_year > 1996))
              Rows Removed by Filter: 2007936
Planning time: 11.207 ms
Execution time: 23289.990 ms
