Hash Join  (cost=798791.46..853955.28 rows=128 width=0) (actual time=13201.885..14027.959 rows=2 loops=1)
  Hash Cond: (mc.movie_id = t.id)
  ->  Seq Scan on movie_companies mc  (cost=0.00..51404.11 rows=1002247 width=4) (actual time=0.028..780.424 rows=1011684 loops=1)
        Filter: (company_id > 16333)
        Rows Removed by Filter: 1597445
  ->  Hash  (cost=798787.41..798787.41 rows=324 width=8) (actual time=13107.258..13107.258 rows=14 loops=1)
        Buckets: 1024  Batches: 1  Memory Usage: 9kB
        ->  Nested Loop  (cost=0.43..798787.41 rows=324 width=8) (actual time=6299.096..13107.212 rows=14 loops=1)
              ->  Seq Scan on cast_info ci  (cost=0.00..796071.18 rows=324 width=4) (actual time=6298.899..13106.752 rows=14 loops=1)
                    Filter: ((role_id > 1) AND (person_id = 3718564))
                    Rows Removed by Filter: 36244330
              ->  Index Only Scan using title_pkey on title t  (cost=0.43..8.37 rows=1 width=4) (actual time=0.025..0.025 rows=1 loops=14)
                    Index Cond: (id = ci.movie_id)
                    Heap Fetches: 14
Planning time: 1.179 ms
Execution time: 14028.113 ms
