Hash Join  (cost=121630.33..1193211.29 rows=3677487 width=0) (actual time=2650.187..31922.426 rows=6867740 loops=1)
  Hash Cond: (ci.movie_id = t.id)
  ->  Seq Scan on cast_info ci  (cost=0.00..614943.12 rows=36225612 width=4) (actual time=0.023..11744.529 rows=36244344 loops=1)
  ->  Hash  (cost=117418.75..117418.75 rows=256686 width=8) (actual time=2649.207..2649.207 rows=285455 loops=1)
        Buckets: 131072  Batches: 4  Memory Usage: 3821kB
        ->  Hash Join  (cost=75321.41..117418.75 rows=256686 width=8) (actual time=1118.488..2562.998 rows=285455 loops=1)
              Hash Cond: (mi_idx.movie_id = t.id)
              ->  Seq Scan on movie_info_idx mi_idx  (cost=0.00..21735.35 rows=1380035 width=4) (actual time=0.031..447.779 rows=1380035 loops=1)
              ->  Hash  (cost=67604.59..67604.59 rows=470306 width=4) (actual time=1117.073..1117.073 rows=465563 loops=1)
                    Buckets: 131072  Batches: 8  Memory Usage: 3063kB
                    ->  Seq Scan on title t  (cost=0.00..67604.59 rows=470306 width=4) (actual time=0.018..968.388 rows=465563 loops=1)
                          Filter: (production_year < 1977)
                          Rows Removed by Filter: 2062749
Planning time: 1.070 ms
Execution time: 32761.706 ms
