Seq Scan on movie_keyword mk  (cost=0.00..81003.12 rows=2851333 width=0) (actual time=0.024..1045.887 rows=2839985 loops=1)
  Filter: (keyword_id < 8621)
  Rows Removed by Filter: 1683945
Planning time: 0.308 ms
Execution time: 1320.702 ms
