Hash Join  (cost=129812.42..881064.05 rows=46247 width=0) (actual time=2143.706..18026.165 rows=249460 loops=1)
  Hash Cond: (ci.movie_id = t.id)
  ->  Seq Scan on cast_info ci  (cost=0.00..614943.12 rows=36225612 width=4) (actual time=0.022..7980.226 rows=36244344 loops=1)
  ->  Hash  (cost=129772.07..129772.07 rows=3228 width=8) (actual time=2142.028..2142.028 rows=9370 loops=1)
        Buckets: 16384 (originally 4096)  Batches: 1 (originally 1)  Memory Usage: 495kB
        ->  Hash Join  (cost=67697.55..129772.07 rows=3228 width=8) (actual time=929.661..2138.233 rows=9370 loops=1)
              Hash Cond: (mc.movie_id = t.id)
              ->  Seq Scan on movie_companies mc  (cost=0.00..57926.93 rows=1097414 width=4) (actual time=0.024..986.365 rows=1274246 loops=1)
                    Filter: ((company_id < 84976) AND (company_type_id < 2))
                    Rows Removed by Filter: 1334883
              ->  Hash  (cost=67604.59..67604.59 rows=7437 width=4) (actual time=929.385..929.385 rows=13736 loops=1)
                    Buckets: 16384 (originally 8192)  Batches: 1 (originally 1)  Memory Usage: 611kB
                    ->  Seq Scan on title t  (cost=0.00..67604.59 rows=7437 width=4) (actual time=0.118..922.945 rows=13736 loops=1)
                          Filter: (production_year = 1974)
                          Rows Removed by Filter: 2514576
Planning time: 1.140 ms
Execution time: 18063.793 ms
