Hash Join  (cost=102767.86..218786.37 rows=1044639 width=0) (actual time=1804.089..4350.884 rows=1054568 loops=1)
  Hash Cond: (mk.movie_id = t.id)
  ->  Seq Scan on movie_keyword mk  (cost=0.00..81003.12 rows=1044639 width=4) (actual time=0.027..1390.947 rows=1054568 loops=1)
        Filter: (keyword_id > 16756)
        Rows Removed by Filter: 3469362
  ->  Hash  (cost=61283.27..61283.27 rows=2528527 width=4) (actual time=1801.832..1801.832 rows=2528312 loops=1)
        Buckets: 131072  Batches: 64  Memory Usage: 2425kB
        ->  Seq Scan on title t  (cost=0.00..61283.27 rows=2528527 width=4) (actual time=0.010..936.679 rows=2528312 loops=1)
Planning time: 0.710 ms
Execution time: 4469.774 ms
