Hash Join  (cost=80042.24..558236.74 rows=2656103 width=0) (actual time=1750.804..12976.706 rows=5911984 loops=1)
  Hash Cond: (mi.movie_id = t.id)
  ->  Seq Scan on movie_info mi  (cost=0.00..346232.03 rows=8859586 width=4) (actual time=625.731..4942.219 rows=8966694 loops=1)
        Filter: (info_type_id < 15)
        Rows Removed by Filter: 5869026
  ->  Hash  (cost=67604.59..67604.59 rows=758052 width=4) (actual time=1124.122..1124.122 rows=753677 loops=1)
        Buckets: 131072  Batches: 16  Memory Usage: 2686kB
        ->  Seq Scan on title t  (cost=0.00..67604.59 rows=758052 width=4) (actual time=0.032..880.641 rows=753677 loops=1)
              Filter: (kind_id < 3)
              Rows Removed by Filter: 1774635
Planning time: 0.722 ms
Execution time: 13704.445 ms
