Seq Scan on movie_keyword mk  (cost=0.00..81003.12 rows=1036117 width=0) (actual time=0.028..1249.704 rows=1043002 loops=1)
  Filter: (keyword_id > 16997)
  Rows Removed by Filter: 3480928
Planning time: 0.314 ms
Execution time: 1385.537 ms
