Hash Join  (cost=75285.99..437755.40 rows=43871 width=0) (actual time=1710.734..6609.556 rows=35964 loops=1)
  Hash Cond: (mi.movie_id = t.id)
  ->  Seq Scan on movie_info mi  (cost=0.00..346232.03 rows=1338312 width=4) (actual time=75.512..4715.441 rows=1401902 loops=1)
        Filter: (info_type_id = 7)
        Rows Removed by Filter: 13433818
  ->  Hash  (cost=73925.90..73925.90 rows=82887 width=4) (actual time=1205.237..1205.237 rows=85980 loops=1)
        Buckets: 131072  Batches: 2  Memory Usage: 2543kB
        ->  Seq Scan on title t  (cost=0.00..73925.90 rows=82887 width=4) (actual time=0.033..1160.657 rows=85980 loops=1)
              Filter: ((production_year > 1972) AND (kind_id = 3))
              Rows Removed by Filter: 2442332
Planning time: 0.858 ms
Execution time: 6614.517 ms
