Hash Join  (cost=77624.77..155881.44 rows=232615 width=0) (actual time=1350.145..3397.150 rows=305232 loops=1)
  Hash Cond: (mc.movie_id = t.id)
  ->  Seq Scan on movie_companies mc  (cost=0.00..44881.29 rows=2609129 width=4) (actual time=0.016..780.117 rows=2609129 loops=1)
  ->  Hash  (cost=73925.90..73925.90 rows=225429 width=4) (actual time=1349.360..1349.360 rows=197206 loops=1)
        Buckets: 131072  Batches: 4  Memory Usage: 2762kB
        ->  Seq Scan on title t  (cost=0.00..73925.90 rows=225429 width=4) (actual time=0.016..1026.078 rows=197206 loops=1)
              Filter: ((kind_id < 4) AND (production_year > 2008))
              Rows Removed by Filter: 2331106
Planning time: 0.683 ms
Execution time: 3438.042 ms
