Hash Join  (cost=196092.20..1073969.26 rows=864461 width=0) (actual time=8024.877..21582.074 rows=3234556 loops=1)
  Hash Cond: (ci.movie_id = t.id)
  ->  Seq Scan on cast_info ci  (cost=0.00..705507.15 rows=12726058 width=4) (actual time=4479.180..12831.783 rows=12670688 loops=1)
        Filter: (role_id = 1)
        Rows Removed by Filter: 23573656
  ->  Hash  (cost=193274.21..193274.21 rows=171759 width=8) (actual time=3544.448..3544.448 rows=175199 loops=1)
        Buckets: 131072  Batches: 4  Memory Usage: 2760kB
        ->  Hash Join  (cost=69179.59..193274.21 rows=171759 width=8) (actual time=906.803..3498.380 rows=175199 loops=1)
              Hash Cond: (mk.movie_id = t.id)
              ->  Seq Scan on movie_keyword mk  (cost=0.00..69693.30 rows=4523930 width=4) (actual time=0.033..1331.804 rows=4523930 loops=1)
              ->  Hash  (cost=67604.59..67604.59 rows=96000 width=4) (actual time=906.077..906.077 rows=95005 loops=1)
                    Buckets: 131072  Batches: 2  Memory Usage: 2722kB
                    ->  Seq Scan on title t  (cost=0.00..67604.59 rows=96000 width=4) (actual time=0.031..868.349 rows=95005 loops=1)
                          Filter: (production_year = 2005)
                          Rows Removed by Filter: 2433307
Planning time: 0.922 ms
Execution time: 21911.596 ms
