Hash Join  (cost=112956.35..172461.32 rows=9885 width=0) (actual time=2365.955..2784.049 rows=10087 loops=1)
  Hash Cond: (mc.movie_id = t.id)
  ->  Seq Scan on movie_companies mc  (cost=0.00..57926.93 rows=394449 width=4) (actual time=378.129..769.776 rows=76621 loops=1)
        Filter: ((company_id > 29147) AND (company_type_id < 2))
        Rows Removed by Filter: 2532508
  ->  Hash  (cost=112164.26..112164.26 rows=63367 width=8) (actual time=1987.377..1987.377 rows=77903 loops=1)
        Buckets: 131072 (originally 65536)  Batches: 1 (originally 1)  Memory Usage: 4068kB
        ->  Hash Join  (cost=79715.19..112164.26 rows=63367 width=8) (actual time=1010.658..1956.645 rows=77903 loops=1)
              Hash Cond: (mi_idx.movie_id = t.id)
              ->  Seq Scan on movie_info_idx mi_idx  (cost=0.00..25185.44 rows=454124 width=4) (actual time=0.013..356.396 rows=459925 loops=1)
                    Filter: (info_type_id = 100)
                    Rows Removed by Filter: 920110
              ->  Hash  (cost=73925.90..73925.90 rows=352823 width=4) (actual time=1009.550..1009.550 rows=302088 loops=1)
                    Buckets: 131072  Batches: 8  Memory Usage: 2342kB
                    ->  Seq Scan on title t  (cost=0.00..73925.90 rows=352823 width=4) (actual time=0.018..912.187 rows=302088 loops=1)
                          Filter: ((kind_id < 7) AND (production_year > 2006))
                          Rows Removed by Filter: 2226224
Planning time: 1.300 ms
Execution time: 2786.293 ms
