Seq Scan on movie_keyword mk  (cost=0.00..81003.12 rows=246 width=0) (actual time=1.594..1045.031 rows=252 loops=1)
  Filter: (keyword_id = 11498)
  Rows Removed by Filter: 4523678
Planning time: 0.322 ms
Execution time: 1045.240 ms
