Hash Join  (cost=190230.21..351109.08 rows=2388428 width=0) (actual time=4661.605..11470.960 rows=10063819 loops=1)
  Hash Cond: (mk.movie_id = t.id)
  ->  Seq Scan on movie_keyword mk  (cost=0.00..81003.12 rows=4376124 width=4) (actual time=0.022..1683.441 rows=4376865 loops=1)
        Filter: (keyword_id < 74179)
        Rows Removed by Filter: 147065
  ->  Hash  (cost=167588.78..167588.78 rows=1380035 width=8) (actual time=4657.142..4657.142 rows=1380035 loops=1)
        Buckets: 131072  Batches: 32  Memory Usage: 2726kB
        ->  Hash Join  (cost=102767.86..167588.78 rows=1380035 width=8) (actual time=2315.409..4248.993 rows=1380035 loops=1)
              Hash Cond: (mi_idx.movie_id = t.id)
              ->  Seq Scan on movie_info_idx mi_idx  (cost=0.00..21735.35 rows=1380035 width=4) (actual time=0.022..454.702 rows=1380035 loops=1)
              ->  Hash  (cost=61283.27..61283.27 rows=2528527 width=4) (actual time=2314.169..2314.169 rows=2528312 loops=1)
                    Buckets: 131072  Batches: 64  Memory Usage: 2415kB
                    ->  Seq Scan on title t  (cost=0.00..61283.27 rows=2528527 width=4) (actual time=0.036..1006.148 rows=2528312 loops=1)
Planning time: 1.093 ms
Execution time: 12623.183 ms
