Hash Join  (cost=216082.07..650187.62 rows=1365886 width=0) (actual time=3969.967..16095.455 rows=14570586 loops=1)
  Hash Cond: (mi.movie_id = t.id)
  ->  Seq Scan on movie_info mi  (cost=0.00..346232.03 rows=6231111 width=4) (actual time=0.026..5626.576 rows=6223494 loops=1)
        Filter: (info_type_id > 8)
        Rows Removed by Filter: 8612226
  ->  Hash  (cost=206987.77..206987.77 rows=554264 width=8) (actual time=3969.013..3969.013 rows=555726 loops=1)
        Buckets: 131072  Batches: 8  Memory Usage: 3810kB
        ->  Hash Join  (cost=102767.86..206987.77 rows=554264 width=8) (actual time=1722.179..3812.191 rows=555726 loops=1)
              Hash Cond: (mk.movie_id = t.id)
              ->  Seq Scan on movie_keyword mk  (cost=0.00..81003.12 rows=554264 width=4) (actual time=0.031..1302.323 rows=555726 loops=1)
                    Filter: (keyword_id < 398)
                    Rows Removed by Filter: 3968204
              ->  Hash  (cost=61283.27..61283.27 rows=2528527 width=4) (actual time=1720.478..1720.478 rows=2528312 loops=1)
                    Buckets: 131072  Batches: 64  Memory Usage: 2425kB
                    ->  Seq Scan on title t  (cost=0.00..61283.27 rows=2528527 width=4) (actual time=0.015..873.563 rows=2528312 loops=1)
Planning time: 2.671 ms
Execution time: 17755.411 ms
