Seq Scan on cast_info ci  (cost=0.00..796071.18 rows=11280684 width=0) (actual time=5995.547..12979.421 rows=9328724 loops=1)
  Filter: ((person_id < 3533036) AND (role_id > 3))
  Rows Removed by Filter: 26915620
Planning time: 0.320 ms
Execution time: 14096.239 ms
