Seq Scan on movie_companies mc  (cost=0.00..57926.93 rows=51 width=0) (actual time=322.198..769.552 rows=69 loops=1)
  Filter: ((company_id = 12941) AND (company_type_id = 1))
  Rows Removed by Filter: 2609060
Planning time: 0.397 ms
Execution time: 769.647 ms
