Hash Join  (cost=235725.24..799506.18 rows=6143412 width=0) (actual time=5429.836..54600.869 rows=169256769 loops=1)
  Hash Cond: (mi.movie_id = t.id)
  ->  Seq Scan on movie_info mi  (cost=0.00..309384.22 rows=14739122 width=4) (actual time=0.013..4818.376 rows=14835720 loops=1)
  ->  Hash  (cost=218434.30..218434.30 rows=1053915 width=8) (actual time=5428.263..5428.263 rows=1959118 loops=1)
        Buckets: 131072 (originally 131072)  Batches: 32 (originally 16)  Memory Usage: 3433kB
        ->  Hash Join  (cost=83591.12..218434.30 rows=1053915 width=8) (actual time=1174.719..4848.898 rows=1959118 loops=1)
              Hash Cond: (mk.movie_id = t.id)
              ->  Seq Scan on movie_keyword mk  (cost=0.00..69693.30 rows=4523930 width=4) (actual time=0.014..1242.683 rows=4523930 loops=1)
              ->  Hash  (cost=73925.90..73925.90 rows=589057 width=4) (actual time=1173.895..1173.895 rows=468031 loops=1)
                    Buckets: 131072  Batches: 8  Memory Usage: 3097kB
                    ->  Seq Scan on title t  (cost=0.00..73925.90 rows=589057 width=4) (actual time=0.026..1018.204 rows=468031 loops=1)
                          Filter: ((kind_id < 3) AND (production_year > 1978))
                          Rows Removed by Filter: 2060281
Planning time: 0.845 ms
Execution time: 73234.217 ms
