Seq Scan on cast_info ci  (cost=0.00..705507.15 rows=500 width=0) (actual time=2990.243..9868.830 rows=7 loops=1)
  Filter: (person_id = 2937954)
  Rows Removed by Filter: 36244337
Planning time: 0.338 ms
Execution time: 9868.944 ms
