Hash Join  (cost=466088.62..1484829.56 rows=397372 width=0) (actual time=8324.581..33206.410 rows=1286931 loops=1)
  Hash Cond: (ci.movie_id = t.id)
  ->  Seq Scan on cast_info ci  (cost=0.00..796071.18 rows=24993839 width=4) (actual time=0.014..15358.432 rows=26859641 loops=1)
        Filter: ((person_id < 3587235) AND (role_id < 5))
        Rows Removed by Filter: 9384703
  ->  Hash  (cost=465586.12..465586.12 rows=40200 width=8) (actual time=8324.043..8324.043 rows=80306 loops=1)
        Buckets: 131072 (originally 65536)  Batches: 2 (originally 1)  Memory Usage: 3073kB
        ->  Hash Join  (cost=67697.55..465586.12 rows=40200 width=8) (actual time=864.023..8285.406 rows=80306 loops=1)
              Hash Cond: (mi.movie_id = t.id)
              ->  Seq Scan on movie_info mi  (cost=0.00..346232.03 rows=13667879 width=4) (actual time=0.019..5068.412 rows=13700519 loops=1)
                    Filter: (info_type_id < 61)
                    Rows Removed by Filter: 1135201
              ->  Hash  (cost=67604.59..67604.59 rows=7437 width=4) (actual time=863.754..863.754 rows=11121 loops=1)
                    Buckets: 16384 (originally 8192)  Batches: 1 (originally 1)  Memory Usage: 519kB
                    ->  Seq Scan on title t  (cost=0.00..67604.59 rows=7437 width=4) (actual time=0.031..858.587 rows=11121 loops=1)
                          Filter: (production_year = 1960)
                          Rows Removed by Filter: 2517191
Planning time: 1.173 ms
Execution time: 33363.349 ms
