Hash Join  (cost=232586.99..1560916.38 rows=24262821 width=0) (actual time=4516.903..48367.847 rows=56463730 loops=1)
  Hash Cond: (ci.movie_id = t.id)
  ->  Seq Scan on cast_info ci  (cost=0.00..614943.12 rows=36225612 width=4) (actual time=0.022..10310.554 rows=36244344 loops=1)
  ->  Hash  (cost=204801.85..204801.85 rows=1693531 width=8) (actual time=4515.649..4515.649 rows=1685542 loops=1)
        Buckets: 131072  Batches: 32  Memory Usage: 3042kB
        ->  Hash Join  (cost=102767.86..204801.85 rows=1693531 width=8) (actual time=1611.197..4100.272 rows=1685542 loops=1)
              Hash Cond: (mc.movie_id = t.id)
              ->  Seq Scan on movie_companies mc  (cost=0.00..51404.11 rows=1693531 width=4) (actual time=0.031..896.842 rows=1685542 loops=1)
                    Filter: (company_id < 19892)
                    Rows Removed by Filter: 923587
              ->  Hash  (cost=61283.27..61283.27 rows=2528527 width=4) (actual time=1609.457..1609.457 rows=2528312 loops=1)
                    Buckets: 131072  Batches: 64  Memory Usage: 2415kB
                    ->  Seq Scan on title t  (cost=0.00..61283.27 rows=2528527 width=4) (actual time=0.029..791.409 rows=2528312 loops=1)
Planning time: 1.122 ms
Execution time: 54140.304 ms
