Hash Join  (cost=94699.36..185308.66 rows=4095 width=0) (actual time=1340.314..2752.912 rows=27632 loops=1)
  Hash Cond: (mk.movie_id = t.id)
  ->  Seq Scan on movie_keyword mk  (cost=0.00..81003.12 rows=2550728 width=4) (actual time=0.024..1078.788 rows=2547765 loops=1)
        Filter: (keyword_id > 3476)
        Rows Removed by Filter: 1976165
  ->  Hash  (cost=94648.62..94648.62 rows=4059 width=8) (actual time=1339.289..1339.289 rows=5458 loops=1)
        Buckets: 8192 (originally 4096)  Batches: 1 (originally 1)  Memory Usage: 278kB
        ->  Hash Join  (cost=67697.55..94648.62 rows=4059 width=8) (actual time=798.338..1337.014 rows=5458 loops=1)
              Hash Cond: (mi_idx.movie_id = t.id)
              ->  Seq Scan on movie_info_idx mi_idx  (cost=0.00..21735.35 rows=1380035 width=4) (actual time=0.018..245.772 rows=1380035 loops=1)
              ->  Hash  (cost=67604.59..67604.59 rows=7437 width=4) (actual time=797.640..797.640 rows=8628 loops=1)
                    Buckets: 16384 (originally 8192)  Batches: 1 (originally 1)  Memory Usage: 432kB
                    ->  Seq Scan on title t  (cost=0.00..67604.59 rows=7437 width=4) (actual time=0.047..793.400 rows=8628 loops=1)
                          Filter: (production_year = 1956)
                          Rows Removed by Filter: 2519684
Planning time: 1.057 ms
Execution time: 2756.327 ms
