Hash Join  (cost=797490.14..824401.54 rows=92 width=0) (actual time=11436.705..11849.083 rows=33 loops=1)
  Hash Cond: (mi_idx.movie_id = t.id)
  ->  Seq Scan on movie_info_idx mi_idx  (cost=0.00..21735.35 rows=1380035 width=4) (actual time=0.016..241.738 rows=1380035 loops=1)
  ->  Hash  (cost=797488.04..797488.04 rows=168 width=8) (actual time=11356.263..11356.263 rows=240 loops=1)
        Buckets: 1024  Batches: 1  Memory Usage: 18kB
        ->  Nested Loop  (cost=0.43..797488.04 rows=168 width=8) (actual time=1927.283..11356.124 rows=240 loops=1)
              ->  Seq Scan on cast_info ci  (cost=0.00..796071.18 rows=168 width=4) (actual time=1927.157..11351.846 rows=240 loops=1)
                    Filter: ((role_id > 3) AND (person_id = 192209))
                    Rows Removed by Filter: 36244104
              ->  Index Only Scan using title_pkey on title t  (cost=0.43..8.42 rows=1 width=4) (actual time=0.017..0.017 rows=1 loops=240)
                    Index Cond: (id = ci.movie_id)
                    Heap Fetches: 240
Planning time: 0.931 ms
Execution time: 11849.223 ms
