Seq Scan on cast_info ci  (cost=0.00..796071.18 rows=2249736 width=0) (actual time=6500.288..11537.097 rows=1455817 loops=1)
  Filter: ((person_id < 2038699) AND (role_id = 3))
  Rows Removed by Filter: 34788527
Planning time: 0.372 ms
Execution time: 11728.105 ms
