Seq Scan on movie_keyword mk  (cost=0.00..81003.12 rows=246 width=0) (actual time=155.389..1090.229 rows=18 loops=1)
  Filter: (keyword_id = 61630)
  Rows Removed by Filter: 4523912
Planning time: 0.383 ms
Execution time: 1090.336 ms
