Hash Join  (cost=156179.10..502505.42 rows=462 width=0) (actual time=3578.381..6669.237 rows=20385 loops=1)
  Hash Cond: (mi.movie_id = t.id)
  ->  Seq Scan on movie_info mi  (cost=0.00..346232.03 rows=17937 width=4) (actual time=979.500..4066.939 rows=6536 loops=1)
        Filter: (info_type_id = 66)
        Rows Removed by Filter: 14829184
  ->  Hash  (cost=155366.66..155366.66 rows=64995 width=8) (actual time=2595.007..2595.007 rows=76522 loops=1)
        Buckets: 131072 (originally 65536)  Batches: 1 (originally 1)  Memory Usage: 4014kB
        ->  Hash Join  (cost=68058.67..155366.66 rows=64995 width=8) (actual time=904.284..2567.294 rows=76522 loops=1)
              Hash Cond: (mk.movie_id = t.id)
              ->  Seq Scan on movie_keyword mk  (cost=0.00..69693.30 rows=4523930 width=4) (actual time=0.026..741.685 rows=4523930 loops=1)
              ->  Hash  (cost=67604.59..67604.59 rows=36327 width=4) (actual time=903.784..903.784 rows=36509 loops=1)
                    Buckets: 65536  Batches: 1  Memory Usage: 1796kB
                    ->  Seq Scan on title t  (cost=0.00..67604.59 rows=36327 width=4) (actual time=0.036..888.285 rows=36509 loops=1)
                          Filter: (production_year = 1996)
                          Rows Removed by Filter: 2491803
Planning time: 1.110 ms
Execution time: 6672.297 ms
