Nested Loop  (cost=0.43..83072.29 rows=12 width=0) (actual time=13.180..1121.323 rows=76 loops=1)
  ->  Seq Scan on movie_keyword mk  (cost=0.00..81003.12 rows=246 width=4) (actual time=0.359..1065.788 rows=2305 loops=1)
        Filter: (keyword_id = 835)
        Rows Removed by Filter: 4521625
  ->  Index Scan using title_pkey on title t  (cost=0.43..8.40 rows=1 width=4) (actual time=0.023..0.023 rows=0 loops=2305)
        Index Cond: (id = mk.movie_id)
        Filter: (production_year = 2008)
        Rows Removed by Filter: 1
Planning time: 0.692 ms
Execution time: 1121.458 ms
