Hash Join  (cost=116927.26..602384.77 rows=529656 width=0) (actual time=2007.137..13833.899 rows=3805671 loops=1)
  Hash Cond: (mi.movie_id = t.id)
  ->  Seq Scan on movie_info mi  (cost=0.00..309384.22 rows=14739122 width=4) (actual time=0.018..4662.859 rows=14835720 loops=1)
  ->  Hash  (cost=115436.46..115436.46 rows=90864 width=8) (actual time=2006.395..2006.395 rows=201313 loops=1)
        Buckets: 131072 (originally 131072)  Batches: 4 (originally 2)  Memory Usage: 3073kB
        ->  Hash Join  (cost=82033.88..115436.46 rows=90864 width=8) (actual time=1121.571..1933.263 rows=201313 loops=1)
              Hash Cond: (mi_idx.movie_id = t.id)
              ->  Seq Scan on movie_info_idx mi_idx  (cost=0.00..25185.44 rows=464934 width=4) (actual time=0.016..422.382 rows=460185 loops=1)
                    Filter: (info_type_id > 100)
                    Rows Removed by Filter: 919850
              ->  Hash  (cost=73925.90..73925.90 rows=494158 width=4) (actual time=1120.662..1120.662 rows=581419 loops=1)
                    Buckets: 131072  Batches: 8  Memory Usage: 3592kB
                    ->  Seq Scan on title t  (cost=0.00..73925.90 rows=494158 width=4) (actual time=0.025..952.288 rows=581419 loops=1)
                          Filter: ((kind_id < 7) AND (production_year < 2004))
                          Rows Removed by Filter: 1946893
Planning time: 1.134 ms
Execution time: 14248.445 ms
