Seq Scan on movie_companies mc  (cost=0.00..51404.11 rows=14488 width=0) (actual time=402.867..671.953 rows=13337 loops=1)
  Filter: (company_id > 222369)
  Rows Removed by Filter: 2595792
Planning time: 0.354 ms
Execution time: 673.832 ms
