Seq Scan on cast_info ci  (cost=0.00..705507.15 rows=21254761 width=0) (actual time=0.026..10174.360 rows=21378697 loops=1)
  Filter: (person_id > 1466902)
  Rows Removed by Filter: 14865647
Planning time: 0.295 ms
Execution time: 12735.658 ms
