Hash Join  (cost=162556.06..1020129.72 rows=309014 width=0) (actual time=2616.755..21387.500 rows=2121146 loops=1)
  Hash Cond: (ci.movie_id = t.id)
  ->  Seq Scan on cast_info ci  (cost=0.00..796071.18 rows=11682470 width=4) (actual time=0.017..13321.553 rows=12670688 loops=1)
        Filter: ((person_id < 3499516) AND (role_id = 1))
        Rows Removed by Filter: 23573656
  ->  Hash  (cost=161720.04..161720.04 rows=66882 width=8) (actual time=2615.773..2615.773 rows=94279 loops=1)
        Buckets: 131072 (originally 131072)  Batches: 2 (originally 1)  Memory Usage: 3073kB
        ->  Hash Join  (cost=74393.18..161720.04 rows=66882 width=8) (actual time=1112.025..2581.372 rows=94279 loops=1)
              Hash Cond: (mk.movie_id = t.id)
              ->  Seq Scan on movie_keyword mk  (cost=0.00..69693.30 rows=4523930 width=4) (actual time=0.030..783.195 rows=4523930 loops=1)
              ->  Hash  (cost=73925.90..73925.90 rows=37382 width=4) (actual time=883.578..883.578 rows=33190 loops=1)
                    Buckets: 65536  Batches: 1  Memory Usage: 1679kB
                    ->  Seq Scan on title t  (cost=0.00..73925.90 rows=37382 width=4) (actual time=349.668..870.226 rows=33190 loops=1)
                          Filter: ((kind_id = 1) AND (production_year = 2010))
                          Rows Removed by Filter: 2495122
Planning time: 1.143 ms
Execution time: 21641.117 ms
