Seq Scan on cast_info ci  (cost=0.00..796071.18 rows=4013418 width=0) (actual time=3100.065..10898.955 rows=7980036 loops=1)
  Filter: ((person_id > 2490096) AND (role_id > 3))
  Rows Removed by Filter: 28264308
Planning time: 0.359 ms
Execution time: 11904.043 ms
