Seq Scan on cast_info ci  (cost=0.00..705507.15 rows=500 width=0) (actual time=4801.518..9070.070 rows=112 loops=1)
  Filter: (person_id = 697010)
  Rows Removed by Filter: 36244232
Planning time: 0.361 ms
Execution time: 9070.171 ms
