Hash Join  (cost=118516.16..243757.80 rows=265860 width=0) (actual time=2118.919..5179.072 rows=1626021 loops=1)
  Hash Cond: (mk.movie_id = t.id)
  ->  Seq Scan on movie_keyword mk  (cost=0.00..69693.30 rows=4523930 width=4) (actual time=0.019..1075.204 rows=4523930 loops=1)
  ->  Hash  (cost=116077.72..116077.72 rows=148595 width=8) (actual time=2118.142..2118.142 rows=181929 loops=1)
        Buckets: 131072 (originally 131072)  Batches: 4 (originally 2)  Memory Usage: 3073kB
        ->  Hash Join  (cost=80874.21..116077.72 rows=148595 width=8) (actual time=1217.120..2049.887 rows=181929 loops=1)
              Hash Cond: (mi_idx.movie_id = t.id)
              ->  Seq Scan on movie_info_idx mi_idx  (cost=0.00..25185.44 rows=464566 width=4) (actual time=0.032..400.359 rows=459925 loops=1)
                    Filter: (info_type_id = 101)
                    Rows Removed by Filter: 920110
              ->  Hash  (cost=67604.59..67604.59 rows=808770 width=4) (actual time=1215.971..1215.971 rows=812704 loops=1)
                    Buckets: 131072  Batches: 16  Memory Usage: 2812kB
                    ->  Seq Scan on title t  (cost=0.00..67604.59 rows=808770 width=4) (actual time=0.015..941.916 rows=812704 loops=1)
                          Filter: (production_year < 1995)
                          Rows Removed by Filter: 1715608
Planning time: 1.136 ms
Execution time: 5373.090 ms
