Seq Scan on movie_keyword mk  (cost=0.00..81003.12 rows=246 width=0) (actual time=17.746..1097.156 rows=440 loops=1)
  Filter: (keyword_id = 2146)
  Rows Removed by Filter: 4523490
Planning time: 0.374 ms
Execution time: 1097.463 ms
