Hash Join  (cost=120761.90..212751.62 rows=40682 width=0) (actual time=2119.583..3709.338 rows=511078 loops=1)
  Hash Cond: (mk.movie_id = t.id)
  ->  Seq Scan on movie_keyword mk  (cost=0.00..81003.12 rows=875139 width=4) (actual time=0.022..1063.949 rows=882213 loops=1)
        Filter: (keyword_id > 20894)
        Rows Removed by Filter: 3641717
  ->  Hash  (cost=118832.61..118832.61 rows=117543 width=8) (actual time=2118.691..2118.691 rows=248644 loops=1)
        Buckets: 131072 (originally 131072)  Batches: 4 (originally 2)  Memory Usage: 3467kB
        ->  Hash Join  (cost=84663.78..118832.61 rows=117543 width=8) (actual time=1186.513..2035.006 rows=248644 loops=1)
              Hash Cond: (mi_idx.movie_id = t.id)
              ->  Seq Scan on movie_info_idx mi_idx  (cost=0.00..25185.44 rows=454124 width=4) (actual time=0.021..437.666 rows=459925 loops=1)
                    Filter: (info_type_id = 100)
                    Rows Removed by Filter: 920110
              ->  Hash  (cost=73925.90..73925.90 rows=654470 width=4) (actual time=1185.509..1185.509 rows=686054 loops=1)
                    Buckets: 131072  Batches: 16  Memory Usage: 2531kB
                    ->  Seq Scan on title t  (cost=0.00..73925.90 rows=654470 width=4) (actual time=0.022..965.804 rows=686054 loops=1)
                          Filter: ((kind_id < 4) AND (production_year < 2010))
                          Rows Removed by Filter: 1842258
Planning time: 1.102 ms
Execution time: 3775.029 ms
