Hash Join  (cost=92883.59..1215517.31 rows=13250447 width=0) (actual time=1398.749..29465.378 rows=12590385 loops=1)
  Hash Cond: (ci.movie_id = t.id)
  ->  Seq Scan on cast_info ci  (cost=0.00..705507.15 rows=21744621 width=4) (actual time=0.022..12373.854 rows=21611148 loops=1)
        Filter: (person_id < 2192907)
        Rows Removed by Filter: 14633196
  ->  Hash  (cost=67604.59..67604.59 rows=1540800 width=4) (actual time=1397.224..1397.224 rows=1543264 loops=1)
        Buckets: 131072  Batches: 32  Memory Usage: 2722kB
        ->  Seq Scan on title t  (cost=0.00..67604.59 rows=1540800 width=4) (actual time=95.925..975.543 rows=1543264 loops=1)
              Filter: (kind_id = 7)
              Rows Removed by Filter: 985048
Planning time: 0.722 ms
Execution time: 31003.803 ms
