Hash Join  (cost=244088.97..865331.89 rows=11528709 width=0) (actual time=5448.437..30698.289 rows=53972556 loops=1)
  Hash Cond: (mi.movie_id = t.id)
  ->  Seq Scan on movie_info mi  (cost=0.00..309384.22 rows=14739122 width=4) (actual time=0.023..4592.981 rows=14835720 loops=1)
  ->  Hash  (cost=211640.80..211640.80 rows=1977774 width=8) (actual time=5447.251..5447.251 rows=1983552 loops=1)
        Buckets: 131072  Batches: 32  Memory Usage: 3501kB
        ->  Hash Join  (cost=102767.86..211640.80 rows=1977774 width=8) (actual time=1599.938..4879.176 rows=1983552 loops=1)
              Hash Cond: (mc.movie_id = t.id)
              ->  Seq Scan on movie_companies mc  (cost=0.00..51404.11 rows=1977774 width=4) (actual time=0.025..982.131 rows=1983552 loops=1)
                    Filter: (company_id > 805)
                    Rows Removed by Filter: 625577
              ->  Hash  (cost=61283.27..61283.27 rows=2528527 width=4) (actual time=1598.908..1598.908 rows=2528312 loops=1)
                    Buckets: 131072  Batches: 64  Memory Usage: 2415kB
                    ->  Seq Scan on title t  (cost=0.00..61283.27 rows=2528527 width=4) (actual time=0.026..805.288 rows=2528312 loops=1)
Planning time: 1.219 ms
Execution time: 36699.769 ms
