Hash Join  (cost=454622.15..533879.90 rows=305222 width=0) (actual time=7129.260..9393.460 rows=1486258 loops=1)
  Hash Cond: (mc.movie_id = t.id)
  ->  Seq Scan on movie_companies mc  (cost=0.00..44881.29 rows=2609129 width=4) (actual time=0.014..741.503 rows=2609129 loops=1)
  ->  Hash  (cost=449768.74..449768.74 rows=295793 width=8) (actual time=7128.341..7128.341 rows=632061 loops=1)
        Buckets: 131072 (originally 131072)  Batches: 16 (originally 4)  Memory Usage: 3073kB
        ->  Hash Join  (cost=83568.99..449768.74 rows=295793 width=8) (actual time=3125.905..6934.749 rows=632061 loops=1)
              Hash Cond: (mi.movie_id = t.id)
              ->  Seq Scan on movie_info mi  (cost=0.00..346232.03 rows=1272478 width=4) (actual time=1551.876..4195.512 rows=1325361 loops=1)
                    Filter: (info_type_id = 8)
                    Rows Removed by Filter: 13510359
              ->  Hash  (cost=73925.90..73925.90 rows=587767 width=4) (actual time=1311.568..1311.568 rows=594730 loops=1)
                    Buckets: 131072  Batches: 8  Memory Usage: 3657kB
                    ->  Seq Scan on title t  (cost=0.00..73925.90 rows=587767 width=4) (actual time=0.028..1055.031 rows=594730 loops=1)
                          Filter: ((production_year < 2012) AND (kind_id = 1))
                          Rows Removed by Filter: 1933582
Planning time: 1.158 ms
Execution time: 9537.105 ms
