Nested Loop  (cost=0.43..709674.40 rows=120 width=0) (actual time=3904.248..8796.557 rows=65 loops=1)
  ->  Seq Scan on cast_info ci  (cost=0.00..705507.15 rows=500 width=4) (actual time=3904.120..8792.318 rows=76 loops=1)
        Filter: (person_id = 2457774)
        Rows Removed by Filter: 36244268
  ->  Index Scan using title_pkey on title t  (cost=0.43..8.32 rows=1 width=4) (actual time=0.054..0.055 rows=1 loops=76)
        Index Cond: (id = ci.movie_id)
        Filter: ((kind_id < 7) AND (production_year < 2007))
        Rows Removed by Filter: 0
Planning time: 8.065 ms
Execution time: 8796.686 ms
