Hash Join  (cost=222405.45..1429325.05 rows=12444146 width=0) (actual time=5936.478..40227.088 rows=39815586 loops=1)
  Hash Cond: (ci.movie_id = t.id)
  ->  Seq Scan on cast_info ci  (cost=0.00..614943.12 rows=36225612 width=4) (actual time=0.016..10570.591 rows=36244344 loops=1)
  ->  Hash  (cost=208155.03..208155.03 rows=868594 width=8) (actual time=5935.558..5935.558 rows=1210086 loops=1)
        Buckets: 131072  Batches: 16  Memory Usage: 4048kB
        ->  Hash Join  (cost=75570.05..208155.03 rows=868594 width=8) (actual time=1742.529..5591.878 rows=1210086 loops=1)
              Hash Cond: (mk.movie_id = t.id)
              ->  Seq Scan on movie_keyword mk  (cost=0.00..69693.30 rows=4523930 width=4) (actual time=0.012..1150.466 rows=4523930 loops=1)
              ->  Hash  (cost=67604.59..67604.59 rows=485477 width=4) (actual time=1741.673..1741.673 rows=479601 loops=1)
                    Buckets: 131072  Batches: 8  Memory Usage: 3131kB
                    ->  Seq Scan on title t  (cost=0.00..67604.59 rows=485477 width=4) (actual time=0.018..938.050 rows=479601 loops=1)
                          Filter: (production_year < 1978)
                          Rows Removed by Filter: 2048711
Planning time: 0.943 ms
Execution time: 44068.370 ms
