Hash Join  (cost=90234.05..1270329.98 rows=14240976 width=0) (actual time=1419.125..34237.900 rows=12194512 loops=1)
  Hash Cond: (ci.movie_id = t.id)
  ->  Seq Scan on cast_info ci  (cost=0.00..614943.12 rows=36225612 width=4) (actual time=0.026..10354.168 rows=36244344 loops=1)
  ->  Hash  (cost=73925.90..73925.90 rows=994012 width=4) (actual time=1417.650..1417.650 rows=923721 loops=1)
        Buckets: 131072  Batches: 16  Memory Usage: 3057kB
        ->  Seq Scan on title t  (cost=0.00..73925.90 rows=994012 width=4) (actual time=0.029..1126.919 rows=923721 loops=1)
              Filter: ((kind_id > 1) AND (production_year < 2005))
              Rows Removed by Filter: 1604591
Planning time: 1.093 ms
Execution time: 35521.533 ms
