Seq Scan on movie_companies mc  (cost=0.00..57926.93 rows=232912 width=0) (actual time=0.028..740.709 rows=460112 loops=1)
  Filter: ((company_id > 76576) AND (company_type_id > 1))
  Rows Removed by Filter: 2149017
Planning time: 0.306 ms
Execution time: 799.149 ms
