Hash Join  (cost=78556.72..902031.77 rows=460900 width=0) (actual time=1226.796..12404.302 rows=150629 loops=1)
  Hash Cond: (ci.movie_id = t.id)
  ->  Seq Scan on cast_info ci  (cost=0.00..796071.18 rows=1745832 width=4) (actual time=0.017..10753.235 rows=566581 loops=1)
        Filter: ((person_id < 1434261) AND (role_id = 10))
        Rows Removed by Filter: 35677763
  ->  Hash  (cost=67604.59..67604.59 rows=667531 width=4) (actual time=1225.835..1225.835 rows=662825 loops=1)
        Buckets: 131072  Batches: 16  Memory Usage: 2476kB
        ->  Seq Scan on title t  (cost=0.00..67604.59 rows=667531 width=4) (actual time=0.042..1028.809 rows=662825 loops=1)
              Filter: (kind_id = 1)
              Rows Removed by Filter: 1865487
Planning time: 0.715 ms
Execution time: 12424.339 ms
