Seq Scan on movie_keyword mk  (cost=0.00..81003.12 rows=597528 width=0) (actual time=0.015..1160.228 rows=601152 loops=1)
  Filter: (keyword_id < 445)
  Rows Removed by Filter: 3922778
Planning time: 0.315 ms
Execution time: 1238.778 ms
