Seq Scan on cast_info ci  (cost=0.00..796071.18 rows=527243 width=0) (actual time=4623.592..9203.065 rows=1024387 loops=1)
  Filter: ((person_id < 143124) AND (role_id < 2))
  Rows Removed by Filter: 35219957
Planning time: 0.304 ms
Execution time: 9336.936 ms
