Seq Scan on movie_keyword mk  (cost=0.00..81003.12 rows=246 width=0) (actual time=12.223..1024.460 rows=58 loops=1)
  Filter: (keyword_id = 11048)
  Rows Removed by Filter: 4523872
Planning time: 0.322 ms
Execution time: 1024.590 ms
