Hash Join  (cost=102767.86..241153.03 rows=1974157 width=0) (actual time=1692.462..4982.886 rows=1976237 loops=1)
  Hash Cond: (mk.movie_id = t.id)
  ->  Seq Scan on movie_keyword mk  (cost=0.00..81003.12 rows=1974157 width=4) (actual time=0.026..1324.511 rows=1976237 loops=1)
        Filter: (keyword_id < 3479)
        Rows Removed by Filter: 2547693
  ->  Hash  (cost=61283.27..61283.27 rows=2528527 width=4) (actual time=1690.787..1690.787 rows=2528312 loops=1)
        Buckets: 131072  Batches: 64  Memory Usage: 2425kB
        ->  Seq Scan on title t  (cost=0.00..61283.27 rows=2528527 width=4) (actual time=0.023..810.788 rows=2528312 loops=1)
Planning time: 0.595 ms
Execution time: 5237.888 ms
