Hash Join  (cost=87180.69..179780.01 rows=200996 width=0) (actual time=1402.458..2852.608 rows=149710 loops=1)
  Hash Cond: (mk.movie_id = t.id)
  ->  Seq Scan on movie_keyword mk  (cost=0.00..81003.12 rows=425930 width=4) (actual time=0.029..1087.952 rows=419729 loops=1)
        Filter: (keyword_id > 41498)
        Rows Removed by Filter: 4104201
  ->  Hash  (cost=67604.59..67604.59 rows=1193208 width=4) (actual time=1399.165..1399.165 rows=1192518 loops=1)
        Buckets: 131072  Batches: 16  Memory Usage: 3654kB
        ->  Seq Scan on title t  (cost=0.00..67604.59 rows=1193208 width=4) (actual time=0.021..1005.045 rows=1192518 loops=1)
              Filter: (production_year > 2003)
              Rows Removed by Filter: 1335794
Planning time: 0.643 ms
Execution time: 2866.764 ms
