Hash Join  (cost=95642.13..972782.53 rows=103487 width=0) (actual time=5465.225..18997.457 rows=98133 loops=1)
  Hash Cond: (ci.movie_id = t.id)
  ->  Seq Scan on cast_info ci  (cost=0.00..796071.18 rows=21342504 width=4) (actual time=4013.493..14402.787 rows=20227886 loops=1)
        Filter: ((person_id < 3447372) AND (role_id > 1))
        Rows Removed by Filter: 16016458
  ->  Hash  (cost=95488.88..95488.88 rows=12260 width=8) (actual time=1451.107..1451.107 rows=4937 loops=1)
        Buckets: 16384  Batches: 1  Memory Usage: 321kB
        ->  Hash Join  (cost=68438.72..95488.88 rows=12260 width=8) (actual time=919.628..1448.671 rows=4937 loops=1)
              Hash Cond: (mi_idx.movie_id = t.id)
              ->  Seq Scan on movie_info_idx mi_idx  (cost=0.00..25185.44 rows=464566 width=4) (actual time=0.025..392.703 rows=459925 loops=1)
                    Filter: (info_type_id = 101)
                    Rows Removed by Filter: 920110
              ->  Hash  (cost=67604.59..67604.59 rows=66731 width=4) (actual time=918.698..918.698 rows=67342 loops=1)
                    Buckets: 131072  Batches: 1  Memory Usage: 3392kB
                    ->  Seq Scan on title t  (cost=0.00..67604.59 rows=66731 width=4) (actual time=0.048..890.602 rows=67342 loops=1)
                          Filter: (production_year > 2012)
                          Rows Removed by Filter: 2460970
Planning time: 1.330 ms
Execution time: 19013.933 ms
