Hash Join  (cost=102767.86..1059001.35 rows=6245558 width=0) (actual time=3107.349..15690.426 rows=2656496 loops=1)
  Hash Cond: (ci.movie_id = t.id)
  ->  Seq Scan on cast_info ci  (cost=0.00..796071.18 rows=6245558 width=4) (actual time=1426.234..10836.908 rows=2656496 loops=1)
        Filter: ((person_id < 929517) AND (role_id > 1))
        Rows Removed by Filter: 33587848
  ->  Hash  (cost=61283.27..61283.27 rows=2528527 width=4) (actual time=1647.829..1647.829 rows=2528312 loops=1)
        Buckets: 131072  Batches: 64  Memory Usage: 2415kB
        ->  Seq Scan on title t  (cost=0.00..61283.27 rows=2528527 width=4) (actual time=0.032..808.637 rows=2528312 loops=1)
Planning time: 0.879 ms
Execution time: 15984.338 ms
