Hash Join  (cost=155817.77..645740.73 rows=948103 width=0) (actual time=3004.935..19608.880 rows=26643830 loops=1)
  Hash Cond: (mi.movie_id = t.id)
  ->  Seq Scan on movie_info mi  (cost=0.00..309384.22 rows=14739122 width=4) (actual time=0.021..4438.507 rows=14835720 loops=1)
  ->  Hash  (cost=153148.66..153148.66 rows=162649 width=8) (actual time=3004.013..3004.013 rows=563579 loops=1)
        Buckets: 131072 (originally 131072)  Batches: 8 (originally 4)  Memory Usage: 3842kB
        ->  Hash Join  (cost=81598.21..153148.66 rows=162649 width=8) (actual time=1129.759..2828.755 rows=563579 loops=1)
              Hash Cond: (mc.movie_id = t.id)
              ->  Seq Scan on movie_companies mc  (cost=0.00..57926.93 rows=879474 width=4) (actual time=15.909..922.267 rows=1192807 loops=1)
                    Filter: ((company_id < 28025) AND (company_type_id < 2))
                    Rows Removed by Filter: 1416322
              ->  Hash  (cost=73925.90..73925.90 rows=467624 width=4) (actual time=1112.865..1112.865 rows=557493 loops=1)
                    Buckets: 131072  Batches: 8  Memory Usage: 3486kB
                    ->  Seq Scan on title t  (cost=0.00..73925.90 rows=467624 width=4) (actual time=0.026..937.815 rows=557493 loops=1)
                          Filter: ((kind_id < 7) AND (production_year < 2003))
                          Rows Removed by Filter: 1970819
Planning time: 1.105 ms
Execution time: 22459.608 ms
