Hash Join  (cost=128478.61..204270.34 rows=182169 width=0) (actual time=3435.097..5083.911 rows=908432 loops=1)
  Hash Cond: (mc.movie_id = t.id)
  ->  Seq Scan on movie_companies mc  (cost=0.00..57926.93 rows=1264294 width=4) (actual time=162.894..1218.449 rows=1312144 loops=1)
        Filter: ((company_id > 19) AND (company_type_id > 1))
        Rows Removed by Filter: 1296985
  ->  Hash  (cost=122500.50..122500.50 rows=364329 width=8) (actual time=2908.287..2908.287 rows=629900 loops=1)
        Buckets: 131072 (originally 131072)  Batches: 16 (originally 8)  Memory Usage: 3073kB
        ->  Hash Join  (cost=78556.72..122500.50 rows=364329 width=8) (actual time=1343.328..2708.927 rows=629900 loops=1)
              Hash Cond: (mi_idx.movie_id = t.id)
              ->  Seq Scan on movie_info_idx mi_idx  (cost=0.00..21735.35 rows=1380035 width=4) (actual time=0.023..428.716 rows=1380035 loops=1)
              ->  Hash  (cost=67604.59..67604.59 rows=667531 width=4) (actual time=1342.292..1342.292 rows=662825 loops=1)
                    Buckets: 131072  Batches: 16  Memory Usage: 2476kB
                    ->  Seq Scan on title t  (cost=0.00..67604.59 rows=667531 width=4) (actual time=0.018..1129.859 rows=662825 loops=1)
                          Filter: (kind_id = 1)
                          Rows Removed by Filter: 1865487
Planning time: 5.677 ms
Execution time: 5198.529 ms
