Hash Join  (cost=156487.41..277169.63 rows=515881 width=0) (actual time=2929.102..6209.400 rows=2164304 loops=1)
  Hash Cond: (mk.movie_id = t.id)
  ->  Seq Scan on movie_keyword mk  (cost=0.00..81003.12 rows=2829675 width=4) (actual time=0.027..1438.975 rows=2817986 loops=1)
        Filter: (keyword_id < 8434)
        Rows Removed by Filter: 1705944
  ->  Hash  (cost=148924.19..148924.19 rows=460978 width=8) (actual time=2928.078..2928.078 rows=459925 loops=1)
        Buckets: 131072  Batches: 8  Memory Usage: 3284kB
        ->  Hash Join  (cost=102767.86..148924.19 rows=460978 width=8) (actual time=1540.745..2779.076 rows=459925 loops=1)
              Hash Cond: (mi_idx.movie_id = t.id)
              ->  Seq Scan on movie_info_idx mi_idx  (cost=0.00..25185.44 rows=460978 width=4) (actual time=0.023..410.641 rows=459925 loops=1)
                    Filter: (info_type_id = 99)
                    Rows Removed by Filter: 920110
              ->  Hash  (cost=61283.27..61283.27 rows=2528527 width=4) (actual time=1539.615..1539.615 rows=2528312 loops=1)
                    Buckets: 131072  Batches: 64  Memory Usage: 2415kB
                    ->  Seq Scan on title t  (cost=0.00..61283.27 rows=2528527 width=4) (actual time=0.021..745.237 rows=2528312 loops=1)
Planning time: 1.088 ms
Execution time: 6483.331 ms
