Seq Scan on cast_info ci  (cost=0.00..796071.18 rows=6850085 width=0) (actual time=4381.454..10767.345 rows=702826 loops=1)
  Filter: ((person_id > 1641678) AND (role_id = 1))
  Rows Removed by Filter: 35541518
Planning time: 0.377 ms
Execution time: 10841.259 ms
