Seq Scan on movie_companies mc  (cost=0.00..51404.11 rows=104 width=0) (actual time=251.405..688.569 rows=192 loops=1)
  Filter: (company_id = 4230)
  Rows Removed by Filter: 2608937
Planning time: 0.334 ms
Execution time: 688.708 ms
