Hash Join  (cost=156649.15..227895.07 rows=157793 width=0) (actual time=2931.101..4407.820 rows=465492 loops=1)
  Hash Cond: (mc.movie_id = t.id)
  ->  Seq Scan on movie_companies mc  (cost=0.00..57926.93 rows=858149 width=4) (actual time=52.302..804.386 rows=1064735 loops=1)
        Filter: ((company_id > 3232) AND (company_type_id > 1))
        Rows Removed by Filter: 1544394
  ->  Hash  (cost=149020.47..149020.47 rows=464934 width=8) (actual time=2878.002..2878.002 rows=460185 loops=1)
        Buckets: 131072  Batches: 8  Memory Usage: 3276kB
        ->  Hash Join  (cost=102767.86..149020.47 rows=464934 width=8) (actual time=1521.014..2742.853 rows=460185 loops=1)
              Hash Cond: (mi_idx.movie_id = t.id)
              ->  Seq Scan on movie_info_idx mi_idx  (cost=0.00..25185.44 rows=464934 width=4) (actual time=0.028..432.182 rows=460185 loops=1)
                    Filter: (info_type_id > 100)
                    Rows Removed by Filter: 919850
              ->  Hash  (cost=61283.27..61283.27 rows=2528527 width=4) (actual time=1519.220..1519.220 rows=2528312 loops=1)
                    Buckets: 131072  Batches: 64  Memory Usage: 2415kB
                    ->  Seq Scan on title t  (cost=0.00..61283.27 rows=2528527 width=4) (actual time=0.015..748.703 rows=2528312 loops=1)
Planning time: 1.095 ms
Execution time: 4480.942 ms
