Hash Join  (cost=74434.21..168350.29 rows=53101 width=0) (actual time=2181.623..3053.081 rows=5942 loops=1)
  Hash Cond: (mk.movie_id = t.id)
  ->  Seq Scan on movie_keyword mk  (cost=0.00..81003.12 rows=3301854 width=4) (actual time=0.014..1481.425 rows=3292565 loops=1)
        Filter: (keyword_id < 14722)
        Rows Removed by Filter: 1231365
  ->  Hash  (cost=73925.90..73925.90 rows=40664 width=4) (actual time=1043.484..1043.484 rows=40257 loops=1)
        Buckets: 65536  Batches: 1  Memory Usage: 1928kB
        ->  Seq Scan on title t  (cost=0.00..73925.90 rows=40664 width=4) (actual time=263.933..1026.829 rows=40257 loops=1)
              Filter: ((production_year > 2012) AND (kind_id = 7))
              Rows Removed by Filter: 2488055
Planning time: 0.762 ms
Execution time: 3053.972 ms
