Hash Join  (cost=205235.08..1265404.44 rows=7960088 width=0) (actual time=4762.814..34972.905 rows=17166450 loops=1)
  Hash Cond: (ci.movie_id = t.id)
  ->  Seq Scan on cast_info ci  (cost=0.00..705507.15 rows=23499554 width=4) (actual time=0.024..13193.994 rows=23573656 loops=1)
        Filter: (role_id > 1)
        Rows Removed by Filter: 12670688
  ->  Hash  (cost=191182.87..191182.87 rows=856497 width=8) (actual time=4761.796..4761.796 rows=1062687 loops=1)
        Buckets: 131072  Batches: 16  Memory Usage: 3616kB
        ->  Hash Join  (cost=102767.86..191182.87 rows=856497 width=8) (actual time=1624.097..4432.056 rows=1062687 loops=1)
              Hash Cond: (mc.movie_id = t.id)
              ->  Seq Scan on movie_companies mc  (cost=0.00..57926.93 rows=856497 width=4) (actual time=0.009..951.679 rows=1062687 loops=1)
                    Filter: ((company_id > 3283) AND (company_type_id > 1))
                    Rows Removed by Filter: 1546442
              ->  Hash  (cost=61283.27..61283.27 rows=2528527 width=4) (actual time=1623.351..1623.351 rows=2528312 loops=1)
                    Buckets: 131072  Batches: 64  Memory Usage: 2415kB
                    ->  Seq Scan on title t  (cost=0.00..61283.27 rows=2528527 width=4) (actual time=0.010..804.136 rows=2528312 loops=1)
Planning time: 1.114 ms
Execution time: 36943.174 ms
