Hash Join  (cost=434268.12..521051.53 rows=12537 width=0) (actual time=5537.890..10960.852 rows=13654950 loops=1)
  Hash Cond: (mk.movie_id = t.id)
  ->  Seq Scan on movie_keyword mk  (cost=0.00..69693.30 rows=4523930 width=4) (actual time=0.027..791.402 rows=4523930 loops=1)
  ->  Hash  (cost=434180.53..434180.53 rows=7007 width=8) (actual time=5523.170..5523.170 rows=147342 loops=1)
        Buckets: 131072 (originally 8192)  Batches: 2 (originally 1)  Memory Usage: 3917kB
        ->  Hash Join  (cost=83810.17..434180.53 rows=7007 width=8) (actual time=1483.282..5476.392 rows=147342 loops=1)
              Hash Cond: (mi.movie_id = t.id)
              ->  Seq Scan on movie_info mi  (cost=0.00..346232.03 rows=17937 width=4) (actual time=253.993..3994.066 rows=147487 loops=1)
                    Filter: (info_type_id = 107)
                    Rows Removed by Filter: 14688233
              ->  Hash  (cost=67604.59..67604.59 rows=987727 width=4) (actual time=1203.800..1203.800 rows=985048 loops=1)
                    Buckets: 131072  Batches: 16  Memory Usage: 3197kB
                    ->  Seq Scan on title t  (cost=0.00..67604.59 rows=987727 width=4) (actual time=0.018..900.185 rows=985048 loops=1)
                          Filter: (kind_id < 7)
                          Rows Removed by Filter: 1543264
Planning time: 1.065 ms
Execution time: 12619.366 ms
