Hash Join  (cost=160737.19..544119.96 rows=30298 width=0) (actual time=2457.974..8514.461 rows=1279540 loops=1)
  Hash Cond: (mi.movie_id = t.id)
  ->  Seq Scan on movie_info mi  (cost=0.00..309384.22 rows=14739122 width=4) (actual time=0.020..2832.890 rows=14835720 loops=1)
  ->  Hash  (cost=160672.23..160672.23 rows=5197 width=8) (actual time=2457.432..2457.432 rows=22834 loops=1)
        Buckets: 32768 (originally 8192)  Batches: 1 (originally 1)  Memory Usage: 1148kB
        ->  Hash Join  (cost=73962.22..160672.23 rows=5197 width=8) (actual time=840.350..2449.486 rows=22834 loops=1)
              Hash Cond: (mk.movie_id = t.id)
              ->  Seq Scan on movie_keyword mk  (cost=0.00..69693.30 rows=4523930 width=4) (actual time=0.019..766.901 rows=4523930 loops=1)
              ->  Hash  (cost=73925.90..73925.90 rows=2905 width=4) (actual time=838.528..838.528 rows=6090 loops=1)
                    Buckets: 8192 (originally 4096)  Batches: 1 (originally 1)  Memory Usage: 279kB
                    ->  Seq Scan on title t  (cost=0.00..73925.90 rows=2905 width=4) (actual time=0.419..835.556 rows=6090 loops=1)
                          Filter: ((kind_id < 7) AND (production_year = 1968))
                          Rows Removed by Filter: 2522222
Planning time: 1.042 ms
Execution time: 8675.170 ms
