Hash Join  (cost=246215.57..757827.02 rows=4666248 width=0) (actual time=4865.794..15595.830 rows=3453709 loops=1)
  Hash Cond: (mi.movie_id = t.id)
  ->  Seq Scan on movie_info mi  (cost=0.00..346232.03 rows=8859586 width=4) (actual time=52.897..5218.705 rows=8966694 loops=1)
        Filter: (info_type_id < 15)
        Rows Removed by Filter: 5869026
  ->  Hash  (cost=224365.72..224365.72 rows=1331748 width=8) (actual time=4811.878..4811.878 rows=570736 loops=1)
        Buckets: 131072  Batches: 32  Memory Usage: 1750kB
        ->  Hash Join  (cost=86138.21..224365.72 rows=1331748 width=8) (actual time=1400.377..4646.879 rows=570736 loops=1)
              Hash Cond: (mk.movie_id = t.id)
              ->  Seq Scan on movie_keyword mk  (cost=0.00..69693.30 rows=4523930 width=4) (actual time=0.023..1163.400 rows=4523930 loops=1)
              ->  Hash  (cost=73925.90..73925.90 rows=744344 width=4) (actual time=1399.614..1399.614 rows=796638 loops=1)
                    Buckets: 131072  Batches: 16  Memory Usage: 2785kB
                    ->  Seq Scan on title t  (cost=0.00..73925.90 rows=744344 width=4) (actual time=0.024..1136.788 rows=796638 loops=1)
                          Filter: ((kind_id > 1) AND (production_year > 2005))
                          Rows Removed by Filter: 1731674
Planning time: 1.038 ms
Execution time: 16015.807 ms
