Seq Scan on movie_keyword mk  (cost=0.00..81003.12 rows=4236118 width=0) (actual time=0.026..1365.213 rows=4238868 loops=1)
  Filter: (keyword_id < 56090)
  Rows Removed by Filter: 285062
Planning time: 0.278 ms
Execution time: 1907.880 ms
