Hash Join  (cost=198657.56..237509.22 rows=67518 width=0) (actual time=3190.132..3945.929 rows=300593 loops=1)
  Hash Cond: (mi_idx.movie_id = t.id)
  ->  Seq Scan on movie_info_idx mi_idx  (cost=0.00..21735.35 rows=1380035 width=4) (actual time=0.018..320.755 rows=1380035 loops=1)
  ->  Hash  (cost=196627.22..196627.22 rows=123707 width=8) (actual time=3189.390..3189.390 rows=120531 loops=1)
        Buckets: 131072  Batches: 2  Memory Usage: 3378kB
        ->  Hash Join  (cost=102767.86..196627.22 rows=123707 width=8) (actual time=1669.162..3158.456 rows=120531 loops=1)
              Hash Cond: (mk.movie_id = t.id)
              ->  Seq Scan on movie_keyword mk  (cost=0.00..81003.12 rows=123707 width=4) (actual time=0.019..1088.171 rows=120531 loops=1)
                    Filter: (keyword_id > 77940)
                    Rows Removed by Filter: 4403399
              ->  Hash  (cost=61283.27..61283.27 rows=2528527 width=4) (actual time=1664.538..1664.538 rows=2528312 loops=1)
                    Buckets: 131072  Batches: 64  Memory Usage: 2425kB
                    ->  Seq Scan on title t  (cost=0.00..61283.27 rows=2528527 width=4) (actual time=0.023..830.996 rows=2528312 loops=1)
Planning time: 1.458 ms
Execution time: 3974.964 ms
