Hash Join  (cost=1017335.05..1700923.72 rows=15644993 width=0) (actual time=18867.806..50856.617 rows=69800678 loops=1)
  Hash Cond: (mi.movie_id = t.id)
  ->  Seq Scan on movie_info mi  (cost=0.00..309384.22 rows=14739122 width=4) (actual time=0.021..4756.348 rows=14835720 loops=1)
  ->  Hash  (cost=973300.92..973300.92 rows=2683931 width=8) (actual time=18867.009..18867.009 rows=5445009 loops=1)
        Buckets: 131072 (originally 131072)  Batches: 128 (originally 64)  Memory Usage: 3073kB
        ->  Hash Join  (cost=102767.86..973300.92 rows=2683931 width=8) (actual time=6753.255..17224.777 rows=5445009 loops=1)
              Hash Cond: (ci.movie_id = t.id)
              ->  Seq Scan on cast_info ci  (cost=0.00..796071.18 rows=2683931 width=4) (actual time=5043.188..10569.256 rows=5445009 loops=1)
                    Filter: ((person_id < 731375) AND (role_id < 2))
                    Rows Removed by Filter: 30799335
              ->  Hash  (cost=61283.27..61283.27 rows=2528527 width=4) (actual time=1708.881..1708.881 rows=2528312 loops=1)
                    Buckets: 131072  Batches: 64  Memory Usage: 2415kB
                    ->  Seq Scan on title t  (cost=0.00..61283.27 rows=2528527 width=4) (actual time=0.016..869.777 rows=2528312 loops=1)
Planning time: 1.091 ms
Execution time: 58972.244 ms
