Seq Scan on cast_info ci  (cost=0.00..796071.18 rows=7935923 width=0) (actual time=0.024..14888.968 rows=12670688 loops=1)
  Filter: ((person_id < 2289258) AND (role_id = 1))
  Rows Removed by Filter: 23573656
Planning time: 0.320 ms
Execution time: 16448.678 ms
