Nested Loop  (cost=0.43..83071.67 rows=246 width=0) (actual time=1.591..1071.008 rows=712 loops=1)
  ->  Seq Scan on movie_keyword mk  (cost=0.00..81003.12 rows=246 width=4) (actual time=1.525..1051.769 rows=712 loops=1)
        Filter: (keyword_id = 815)
        Rows Removed by Filter: 4523218
  ->  Index Only Scan using title_pkey on title t  (cost=0.43..8.40 rows=1 width=4) (actual time=0.025..0.026 rows=1 loops=712)
        Index Cond: (id = mk.movie_id)
        Heap Fetches: 712
Planning time: 0.678 ms
Execution time: 1071.315 ms
