Hash Join  (cost=226899.33..764941.67 rows=5457839 width=0) (actual time=4148.031..15101.359 rows=2533959 loops=1)
  Hash Cond: (mi.movie_id = t.id)
  ->  Seq Scan on movie_info mi  (cost=0.00..309384.22 rows=14739122 width=4) (actual time=0.028..4726.678 rows=14835720 loops=1)
  ->  Hash  (cost=211537.53..211537.53 rows=936304 width=8) (actual time=4005.972..4005.972 rows=234219 loops=1)
        Buckets: 131072  Batches: 16  Memory Usage: 1612kB
        ->  Hash Join  (cost=91879.05..211537.53 rows=936304 width=8) (actual time=2826.759..3934.433 rows=234219 loops=1)
              Hash Cond: (mk.movie_id = t.id)
              ->  Seq Scan on movie_keyword mk  (cost=0.00..81003.12 rows=2163550 width=4) (actual time=0.025..1339.507 rows=2160407 loops=1)
                    Filter: (keyword_id > 5323)
                    Rows Removed by Filter: 2363523
              ->  Hash  (cost=73925.90..73925.90 rows=1094252 width=4) (actual time=1437.448..1437.448 rows=1044222 loops=1)
                    Buckets: 131072  Batches: 16  Memory Usage: 3325kB
                    ->  Seq Scan on title t  (cost=0.00..73925.90 rows=1094252 width=4) (actual time=171.729..1105.692 rows=1044222 loops=1)
                          Filter: ((production_year < 2009) AND (kind_id = 7))
                          Rows Removed by Filter: 1484090
Planning time: 1.073 ms
Execution time: 15344.407 ms
