Nested Loop  (cost=60874.93..142824.42 rows=17 width=0) (actual time=882.725..2006.600 rows=133 loops=1)
  ->  Hash Join  (cost=60874.50..142690.17 rows=92 width=8) (actual time=882.636..2003.818 rows=133 loops=1)
        Hash Cond: (mk.movie_id = mc.movie_id)
        ->  Seq Scan on movie_keyword mk  (cost=0.00..81003.12 rows=246 width=4) (actual time=0.395..1126.578 rows=548 loops=1)
              Filter: (keyword_id = 9920)
              Rows Removed by Filter: 4523382
        ->  Hash  (cost=57926.93..57926.93 rows=179645 width=4) (actual time=836.518..836.518 rows=281770 loops=1)
              Buckets: 131072  Batches: 4  Memory Usage: 3511kB
              ->  Seq Scan on movie_companies mc  (cost=0.00..57926.93 rows=179645 width=4) (actual time=0.032..741.574 rows=281770 loops=1)
                    Filter: ((company_id < 192) AND (company_type_id < 2))
                    Rows Removed by Filter: 2327359
  ->  Index Only Scan using title_pkey on title t  (cost=0.43..1.45 rows=1 width=4) (actual time=0.019..0.019 rows=1 loops=133)
        Index Cond: (id = mc.movie_id)
        Heap Fetches: 133
Planning time: 1.122 ms
Execution time: 2006.759 ms
