Seq Scan on movie_keyword mk  (cost=0.00..81003.12 rows=246 width=0) (actual time=0.375..1084.342 rows=958 loops=1)
  Filter: (keyword_id = 3593)
  Rows Removed by Filter: 4522972
Planning time: 0.328 ms
Execution time: 1084.794 ms
