Seq Scan on cast_info ci  (cost=0.00..796071.18 rows=7548431 width=0) (actual time=1381.961..11707.514 rows=2105430 loops=1)
  Filter: ((person_id > 1443468) AND (role_id < 2))
  Rows Removed by Filter: 34138914
Planning time: 0.279 ms
Execution time: 11904.357 ms
