Hash Join  (cost=114358.38..871717.23 rows=656974 width=0) (actual time=1786.172..16666.587 rows=1019622 loops=1)
  Hash Cond: (ci.movie_id = t.id)
  ->  Seq Scan on cast_info ci  (cost=0.00..614943.12 rows=36225612 width=4) (actual time=0.020..6351.963 rows=36244344 loops=1)
  ->  Hash  (cost=113785.18..113785.18 rows=45856 width=8) (actual time=1785.511..1785.511 rows=24759 loops=1)
        Buckets: 65536  Batches: 1  Memory Usage: 1480kB
        ->  Hash Join  (cost=75305.14..113785.18 rows=45856 width=8) (actual time=1044.533..1777.290 rows=24759 loops=1)
              Hash Cond: (mi_idx.movie_id = t.id)
              ->  Seq Scan on movie_info_idx mi_idx  (cost=0.00..21735.35 rows=1380035 width=4) (actual time=0.030..312.799 rows=1380035 loops=1)
              ->  Hash  (cost=73925.90..73925.90 rows=84019 width=4) (actual time=1043.750..1043.750 rows=92860 loops=1)
                    Buckets: 131072  Batches: 2  Memory Usage: 2656kB
                    ->  Seq Scan on title t  (cost=0.00..73925.90 rows=84019 width=4) (actual time=0.025..1004.298 rows=92860 loops=1)
                          Filter: ((kind_id > 3) AND (production_year = 2009))
                          Rows Removed by Filter: 2435452
Planning time: 1.113 ms
Execution time: 16802.849 ms
