Nested Loop  (cost=0.43..113837.07 rows=8232 width=0) (actual time=48.337..1029.947 rows=8081 loops=1)
  ->  Seq Scan on movie_companies mc  (cost=0.00..57926.93 rows=8232 width=4) (actual time=48.229..839.065 rows=8081 loops=1)
        Filter: ((company_id = 166) AND (company_type_id = 1))
        Rows Removed by Filter: 2601048
  ->  Index Only Scan using title_pkey on title t  (cost=0.43..6.78 rows=1 width=4) (actual time=0.022..0.023 rows=1 loops=8081)
        Index Cond: (id = mc.movie_id)
        Heap Fetches: 8081
Planning time: 0.772 ms
Execution time: 1031.895 ms
