Hash Join  (cost=85689.03..805629.56 rows=229079 width=0) (actual time=2253.337..10817.825 rows=226402 loops=1)
  Hash Cond: (ci.movie_id = t.id)
  ->  Seq Scan on cast_info ci  (cost=0.00..705507.15 rows=807890 width=4) (actual time=1088.538..9137.867 rows=688011 loops=1)
        Filter: (person_id < 73597)
        Rows Removed by Filter: 35556333
  ->  Hash  (cost=73925.90..73925.90 rows=716970 width=4) (actual time=1149.194..1149.194 rows=722635 loops=1)
        Buckets: 131072  Batches: 16  Memory Usage: 2610kB
        ->  Seq Scan on title t  (cost=0.00..73925.90 rows=716970 width=4) (actual time=0.040..941.434 rows=722635 loops=1)
              Filter: ((kind_id < 3) AND (production_year < 2013))
              Rows Removed by Filter: 1805677
Planning time: 0.775 ms
Execution time: 10847.267 ms
