Hash Join  (cost=160737.19..507059.27 rows=38 width=0) (actual time=2195.911..6082.263 rows=2509 loops=1)
  Hash Cond: (mi.movie_id = t.id)
  ->  Seq Scan on movie_info mi  (cost=0.00..346232.03 rows=17937 width=4) (actual time=232.153..4145.527 rows=147487 loops=1)
        Filter: (info_type_id = 107)
        Rows Removed by Filter: 14688233
  ->  Hash  (cost=160672.23..160672.23 rows=5197 width=8) (actual time=1912.714..1912.714 rows=17622 loops=1)
        Buckets: 32768 (originally 8192)  Batches: 1 (originally 1)  Memory Usage: 945kB
        ->  Hash Join  (cost=73962.22..160672.23 rows=5197 width=8) (actual time=922.169..1908.531 rows=17622 loops=1)
              Hash Cond: (mk.movie_id = t.id)
              ->  Seq Scan on movie_keyword mk  (cost=0.00..69693.30 rows=4523930 width=4) (actual time=0.020..477.532 rows=4523930 loops=1)
              ->  Hash  (cost=73925.90..73925.90 rows=2905 width=4) (actual time=921.322..921.322 rows=1937 loops=1)
                    Buckets: 4096  Batches: 1  Memory Usage: 101kB
                    ->  Seq Scan on title t  (cost=0.00..73925.90 rows=2905 width=4) (actual time=13.514..920.222 rows=1937 loops=1)
                          Filter: ((kind_id < 7) AND (production_year = 1946))
                          Rows Removed by Filter: 2526375
Planning time: 1.128 ms
Execution time: 6082.847 ms
