Hash Join  (cost=74592.62..162204.93 rows=95428 width=0) (actual time=951.726..3324.942 rows=289041 loops=1)
  Hash Cond: (mk.movie_id = t.id)
  ->  Seq Scan on movie_keyword mk  (cost=0.00..69693.30 rows=4523930 width=4) (actual time=0.021..824.286 rows=4523930 loops=1)
  ->  Hash  (cost=73925.90..73925.90 rows=53337 width=4) (actual time=951.195..951.195 rows=138620 loops=1)
        Buckets: 131072 (originally 65536)  Batches: 2 (originally 1)  Memory Usage: 3458kB
        ->  Seq Scan on title t  (cost=0.00..73925.90 rows=53337 width=4) (actual time=0.029..896.511 rows=138620 loops=1)
              Filter: ((kind_id < 7) AND (production_year < 1939))
              Rows Removed by Filter: 2389692
Planning time: 0.655 ms
Execution time: 3363.977 ms
