Hash Join  (cost=73994.33..421811.17 rows=910 width=0) (actual time=933.691..5174.818 rows=82 loops=1)
  Hash Cond: (mi.movie_id = t.id)
  ->  Seq Scan on movie_info mi  (cost=0.00..346232.03 rows=420192 width=4) (actual time=0.021..4159.643 rows=465636 loops=1)
        Filter: (info_type_id > 103)
        Rows Removed by Filter: 14370084
  ->  Hash  (cost=73925.90..73925.90 rows=5474 width=4) (actual time=933.533..933.533 rows=10313 loops=1)
        Buckets: 16384 (originally 8192)  Batches: 1 (originally 1)  Memory Usage: 491kB
        ->  Seq Scan on title t  (cost=0.00..73925.90 rows=5474 width=4) (actual time=0.053..928.894 rows=10313 loops=1)
              Filter: ((kind_id > 1) AND (production_year = 1980))
              Rows Removed by Filter: 2517999
Planning time: 0.761 ms
Execution time: 5175.064 ms
