Hash Join  (cost=181125.89..677726.75 rows=1573994 width=0) (actual time=3261.717..23349.155 rows=38845221 loops=1)
  Hash Cond: (mi.movie_id = t.id)
  ->  Seq Scan on movie_info mi  (cost=0.00..309384.22 rows=14739122 width=4) (actual time=0.017..4420.686 rows=14835720 loops=1)
  ->  Hash  (cost=176695.61..176695.61 rows=270022 width=8) (actual time=3229.162..3229.162 rows=627857 loops=1)
        Buckets: 131072 (originally 131072)  Batches: 16 (originally 4)  Memory Usage: 3073kB
        ->  Hash Join  (cost=78556.72..176695.61 rows=270022 width=8) (actual time=1070.607..3015.954 rows=627857 loops=1)
              Hash Cond: (mk.movie_id = t.id)
              ->  Seq Scan on movie_keyword mk  (cost=0.00..81003.12 rows=1022811 width=4) (actual time=0.015..1161.696 rows=1028854 loops=1)
                    Filter: (keyword_id < 1005)
                    Rows Removed by Filter: 3495076
              ->  Hash  (cost=67604.59..67604.59 rows=667531 width=4) (actual time=1069.435..1069.435 rows=662825 loops=1)
                    Buckets: 131072  Batches: 16  Memory Usage: 2486kB
                    ->  Seq Scan on title t  (cost=0.00..67604.59 rows=667531 width=4) (actual time=0.208..858.892 rows=662825 loops=1)
                          Filter: (kind_id = 1)
                          Rows Removed by Filter: 1865487
Planning time: 1.153 ms
Execution time: 27767.610 ms
