Seq Scan on movie_keyword mk  (cost=0.00..81003.12 rows=622159 width=0) (actual time=0.011..1019.130 rows=625066 loops=1)
  Filter: (keyword_id > 29318)
  Rows Removed by Filter: 3898864
Planning time: 0.192 ms
Execution time: 1095.069 ms
