Seq Scan on movie_companies mc  (cost=0.00..51404.11 rows=104 width=0) (actual time=202.280..697.694 rows=514 loops=1)
  Filter: (company_id = 4617)
  Rows Removed by Filter: 2608615
Planning time: 0.333 ms
Execution time: 697.964 ms
