Hash Join  (cost=102767.86..911066.39 rows=97560 width=0) (actual time=2080.032..12381.354 rows=39640 loops=1)
  Hash Cond: (ci.movie_id = t.id)
  ->  Seq Scan on cast_info ci  (cost=0.00..796071.18 rows=97560 width=4) (actual time=402.559..10244.604 rows=39640 loops=1)
        Filter: ((person_id < 973375) AND (role_id > 10))
        Rows Removed by Filter: 36204704
  ->  Hash  (cost=61283.27..61283.27 rows=2528527 width=4) (actual time=1675.199..1675.199 rows=2528312 loops=1)
        Buckets: 131072  Batches: 64  Memory Usage: 2415kB
        ->  Seq Scan on title t  (cost=0.00..61283.27 rows=2528527 width=4) (actual time=0.024..808.484 rows=2528312 loops=1)
Planning time: 0.723 ms
Execution time: 12386.790 ms
