Hash Join  (cost=191951.51..975438.42 rows=2280886 width=0) (actual time=7509.911..18450.288 rows=6805085 loops=1)
  Hash Cond: (ci.movie_id = t.id)
  ->  Seq Scan on cast_info ci  (cost=0.00..705507.15 rows=4320508 width=4) (actual time=3463.380..9642.946 rows=4323018 loops=1)
        Filter: (role_id = 10)
        Rows Removed by Filter: 31921326
  ->  Hash  (cost=170050.73..170050.73 rows=1334862 width=8) (actual time=4044.857..4044.857 rows=1374191 loops=1)
        Buckets: 131072  Batches: 32  Memory Usage: 2700kB
        ->  Hash Join  (cost=107730.59..170050.73 rows=1334862 width=8) (actual time=1885.677..3636.292 rows=1374191 loops=1)
              Hash Cond: (mi_idx.movie_id = t.id)
              ->  Seq Scan on movie_info_idx mi_idx  (cost=0.00..21735.35 rows=1380035 width=4) (actual time=0.034..317.439 rows=1380035 loops=1)
              ->  Hash  (cost=67604.59..67604.59 rows=2445760 width=4) (actual time=1884.711..1884.711 rows=2442366 loops=1)
                    Buckets: 131072  Batches: 32  Memory Usage: 3707kB
                    ->  Seq Scan on title t  (cost=0.00..67604.59 rows=2445760 width=4) (actual time=0.027..1122.051 rows=2442366 loops=1)
                          Filter: (production_year > 1903)
                          Rows Removed by Filter: 85946
Planning time: 1.168 ms
Execution time: 19246.452 ms
