Seq Scan on cast_info ci  (cost=0.00..796071.18 rows=2675268 width=0) (actual time=1623.533..8892.894 rows=2240 loops=1)
  Filter: ((person_id < 1306176) AND (role_id = 2))
  Rows Removed by Filter: 36242104
Planning time: 0.366 ms
Execution time: 8893.286 ms
