Seq Scan on movie_keyword mk  (cost=0.00..81003.12 rows=1388809 width=0) (actual time=0.026..1191.759 rows=1403822 loops=1)
  Filter: (keyword_id > 11921)
  Rows Removed by Filter: 3120108
Planning time: 0.304 ms
Execution time: 1363.125 ms
