Hash Join  (cost=158341.52..507666.16 rows=5635 width=0) (actual time=3365.419..4960.593 rows=27954 loops=1)
  Hash Cond: (mi.movie_id = t.id)
  ->  Seq Scan on movie_info mi  (cost=0.00..346232.03 rows=809669 width=4) (actual time=2253.851..3999.143 rows=802140 loops=1)
        Filter: (info_type_id = 1)
        Rows Removed by Filter: 14033580
  ->  Hash  (cost=158121.56..158121.56 rows=17597 width=8) (actual time=791.849..791.849 rows=33415 loops=1)
        Buckets: 65536 (originally 32768)  Batches: 1 (originally 1)  Memory Usage: 1818kB
        ->  Nested Loop  (cost=0.43..158121.56 rows=17597 width=8) (actual time=379.205..776.609 rows=33415 loops=1)
              ->  Seq Scan on movie_companies mc  (cost=0.00..57926.93 rows=17597 width=4) (actual time=379.080..550.496 rows=33415 loops=1)
                    Filter: ((company_id > 204873) AND (company_type_id > 1))
                    Rows Removed by Filter: 2575714
              ->  Index Only Scan using title_pkey on title t  (cost=0.43..5.68 rows=1 width=4) (actual time=0.006..0.006 rows=1 loops=33415)
                    Index Cond: (id = mc.movie_id)
                    Heap Fetches: 33415
Planning time: 0.932 ms
Execution time: 4964.143 ms
