Hash Join  (cost=115639.14..839527.39 rows=831 width=176) (actual time=594.114..10229.062 rows=459 loops=1)
  Hash Cond: (ci.movie_id = t.id)
  ->  Seq Scan on cast_info ci  (cost=0.00..705507.15 rows=4899412 width=42) (actual time=262.009..9181.713 rows=4782743 loops=1)
        Filter: (person_id < 464201)
        Rows Removed by Filter: 31461601
  ->  Hash  (cost=115633.77..115633.77 rows=429 width=134) (actual time=326.949..326.949 rows=149 loops=1)
        Buckets: 1024  Batches: 1  Memory Usage: 29kB
        ->  Nested Loop  (cost=0.43..115633.77 rows=429 width=134) (actual time=126.968..326.850 rows=149 loops=1)
              ->  Seq Scan on movie_companies mc  (cost=0.00..57926.93 rows=8554 width=40) (actual time=118.329..276.942 rows=8139 loops=1)
                    Filter: ((company_id = 166) AND (company_type_id = 2))
                    Rows Removed by Filter: 2600990
              ->  Index Scan using title_pkey on title t  (cost=0.43..6.74 rows=1 width=94) (actual time=0.006..0.006 rows=0 loops=8139)
                    Index Cond: (id = mc.movie_id)
                    Filter: (production_year = 2008)
                    Rows Removed by Filter: 1
Planning time: 1.481 ms
Execution time: 10229.256 ms
