Hash Join  (cost=225739.82..1006691.83 rows=1635033 width=0) (actual time=4091.605..19739.898 rows=9725300 loops=1)
  Hash Cond: (ci.movie_id = t.id)
  ->  Seq Scan on cast_info ci  (cost=0.00..705507.15 rows=4320508 width=4) (actual time=0.031..11577.284 rows=4323018 loops=1)
        Filter: (role_id = 10)
        Rows Removed by Filter: 31921326
  ->  Hash  (cost=210040.77..210040.77 rows=956884 width=8) (actual time=4090.810..4090.810 rows=475878 loops=1)
        Buckets: 131072  Batches: 16  Memory Usage: 2233kB
        ->  Hash Join  (cost=76379.89..210040.77 rows=956884 width=8) (actual time=1043.092..3976.740 rows=475878 loops=1)
              Hash Cond: (mk.movie_id = t.id)
              ->  Seq Scan on movie_keyword mk  (cost=0.00..69693.30 rows=4523930 width=4) (actual time=0.013..1141.118 rows=4523930 loops=1)
              ->  Hash  (cost=67604.59..67604.59 rows=534824 width=4) (actual time=1041.916..1041.916 rows=533369 loops=1)
                    Buckets: 131072  Batches: 8  Memory Usage: 3376kB
                    ->  Seq Scan on title t  (cost=0.00..67604.59 rows=534824 width=4) (actual time=0.023..872.666 rows=533369 loops=1)
                          Filter: (production_year > 2009)
                          Rows Removed by Filter: 1994943
Planning time: 1.080 ms
Execution time: 20825.765 ms
