Hash Join  (cost=222619.85..666875.82 rows=1706130 width=0) (actual time=5036.202..21319.197 rows=43111807 loops=1)
  Hash Cond: (mi.movie_id = t.id)
  ->  Seq Scan on movie_info mi  (cost=0.00..346232.03 rows=6103325 width=4) (actual time=2.464..4961.921 rows=6083429 loops=1)
        Filter: (info_type_id > 9)
        Rows Removed by Filter: 8752291
  ->  Hash  (cost=211022.50..211022.50 rows=706828 width=8) (actual time=5031.805..5031.805 rows=972837 loops=1)
        Buckets: 131072  Batches: 16  Memory Usage: 3529kB
        ->  Hash Join  (cost=80408.18..211022.50 rows=706828 width=8) (actual time=1048.864..4720.385 rows=972837 loops=1)
              Hash Cond: (mk.movie_id = t.id)
              ->  Seq Scan on movie_keyword mk  (cost=0.00..69693.30 rows=4523930 width=4) (actual time=0.018..1213.599 rows=4523930 loops=1)
              ->  Hash  (cost=73925.90..73925.90 rows=395062 width=4) (actual time=1047.616..1047.616 rows=335993 loops=1)
                    Buckets: 131072  Batches: 8  Memory Usage: 2499kB
                    ->  Seq Scan on title t  (cost=0.00..73925.90 rows=395062 width=4) (actual time=0.029..932.551 rows=335993 loops=1)
                          Filter: ((kind_id < 7) AND (production_year > 2005))
                          Rows Removed by Filter: 2192319
Planning time: 1.126 ms
Execution time: 25756.713 ms
