Hash Join  (cost=174865.45..251229.02 rows=354275 width=0) (actual time=4114.469..6104.060 rows=1533382 loops=1)
  Hash Cond: (mc.movie_id = t.id)
  ->  Seq Scan on movie_companies mc  (cost=0.00..57926.93 rows=978903 width=4) (actual time=359.819..1225.660 rows=1265348 loops=1)
        Filter: ((company_id < 62967) AND (company_type_id = 1))
        Rows Removed by Filter: 1343781
  ->  Hash  (cost=159851.69..159851.69 rows=915101 width=8) (actual time=3753.655..3753.655 rows=919850 loops=1)
        Buckets: 131072  Batches: 16  Memory Usage: 3269kB
        ->  Hash Join  (cost=102767.86..159851.69 rows=915101 width=8) (actual time=1872.635..3523.949 rows=919850 loops=1)
              Hash Cond: (mi_idx.movie_id = t.id)
              ->  Seq Scan on movie_info_idx mi_idx  (cost=0.00..25185.44 rows=915101 width=4) (actual time=0.036..574.941 rows=919850 loops=1)
                    Filter: (info_type_id < 101)
                    Rows Removed by Filter: 460185
              ->  Hash  (cost=61283.27..61283.27 rows=2528527 width=4) (actual time=1870.583..1870.583 rows=2528312 loops=1)
                    Buckets: 131072  Batches: 64  Memory Usage: 2415kB
                    ->  Seq Scan on title t  (cost=0.00..61283.27 rows=2528527 width=4) (actual time=0.025..1020.118 rows=2528312 loops=1)
Planning time: 10.656 ms
Execution time: 6279.748 ms
