Seq Scan on movie_keyword mk  (cost=0.00..81003.12 rows=1565061 width=0) (actual time=0.023..1101.176 rows=1579788 loops=1)
  Filter: (keyword_id > 9854)
  Rows Removed by Filter: 2944142
Planning time: 0.325 ms
Execution time: 1295.074 ms
