Hash Join  (cost=102767.86..1292046.73 rows=19694260 width=0) (actual time=1276.889..31634.735 rows=19859507 loops=1)
  Hash Cond: (ci.movie_id = t.id)
  ->  Seq Scan on cast_info ci  (cost=0.00..705507.15 rows=19694260 width=4) (actual time=0.022..11558.605 rows=19859507 loops=1)
        Filter: (person_id > 1622467)
        Rows Removed by Filter: 16384837
  ->  Hash  (cost=61283.27..61283.27 rows=2528527 width=4) (actual time=1275.389..1275.389 rows=2528312 loops=1)
        Buckets: 131072  Batches: 64  Memory Usage: 2415kB
        ->  Seq Scan on title t  (cost=0.00..61283.27 rows=2528527 width=4) (actual time=0.025..621.945 rows=2528312 loops=1)
Planning time: 0.722 ms
Execution time: 34017.612 ms
