Hash Join  (cost=92883.59..899177.67 rows=135450 width=0) (actual time=2579.258..13936.125 rows=149078 loops=1)
  Hash Cond: (ci.movie_id = t.id)
  ->  Seq Scan on cast_info ci  (cost=0.00..796071.18 rows=222280 width=4) (actual time=1050.750..12010.694 rows=265210 loops=1)
        Filter: ((person_id > 1302112) AND (role_id > 10))
        Rows Removed by Filter: 35979134
  ->  Hash  (cost=67604.59..67604.59 rows=1540800 width=4) (actual time=1526.927..1526.927 rows=1543264 loops=1)
        Buckets: 131072  Batches: 32  Memory Usage: 2722kB
        ->  Seq Scan on title t  (cost=0.00..67604.59 rows=1540800 width=4) (actual time=0.036..1042.173 rows=1543264 loops=1)
              Filter: (kind_id = 7)
              Rows Removed by Filter: 985048
Planning time: 0.705 ms
Execution time: 13953.583 ms
