Hash Join  (cost=77354.40..175602.70 rows=109562 width=0) (actual time=980.691..2650.711 rows=98523 loops=1)
  Hash Cond: (mk.movie_id = t.id)
  ->  Seq Scan on movie_keyword mk  (cost=0.00..81003.12 rows=1326012 width=4) (actual time=0.019..1134.687 rows=1345582 loops=1)
        Filter: (keyword_id < 1753)
        Rows Removed by Filter: 3178348
  ->  Hash  (cost=73925.90..73925.90 rows=208920 width=4) (actual time=979.782..979.782 rows=183835 loops=1)
        Buckets: 131072  Batches: 4  Memory Usage: 2655kB
        ->  Seq Scan on title t  (cost=0.00..73925.90 rows=208920 width=4) (actual time=0.043..916.242 rows=183835 loops=1)
              Filter: ((kind_id < 7) AND (production_year > 2009))
              Rows Removed by Filter: 2344477
Planning time: 0.701 ms
Execution time: 2662.813 ms
