Seq Scan on cast_info ci  (cost=0.00..796071.18 rows=5687530 width=0) (actual time=2478.234..13789.707 rows=5695320 loops=1)
  Filter: ((person_id > 74469) AND (role_id > 8))
  Rows Removed by Filter: 30549024
Planning time: 0.300 ms
Execution time: 14522.018 ms
