Hash Join  (cost=102767.86..173478.88 rows=120744 width=0) (actual time=2048.513..3301.525 rows=239113 loops=1)
  Hash Cond: (mc.movie_id = t.id)
  ->  Seq Scan on movie_companies mc  (cost=0.00..57926.93 rows=120744 width=4) (actual time=117.151..777.692 rows=239113 loops=1)
        Filter: ((company_id > 103301) AND (company_type_id > 1))
        Rows Removed by Filter: 2370016
  ->  Hash  (cost=61283.27..61283.27 rows=2528527 width=4) (actual time=1929.545..1929.545 rows=2528312 loops=1)
        Buckets: 131072  Batches: 64  Memory Usage: 2415kB
        ->  Seq Scan on title t  (cost=0.00..61283.27 rows=2528527 width=4) (actual time=0.019..857.812 rows=2528312 loops=1)
Planning time: 0.765 ms
Execution time: 3329.845 ms
