Seq Scan on movie_keyword mk  (cost=0.00..81003.12 rows=2301699 width=0) (actual time=0.019..1258.977 rows=2307435 loops=1)
  Filter: (keyword_id < 4958)
  Rows Removed by Filter: 2216495
Planning time: 0.195 ms
Execution time: 1553.627 ms
