Seq Scan on cast_info ci  (cost=0.00..705507.15 rows=34951047 width=0) (actual time=0.027..10960.411 rows=34942200 loops=1)
  Filter: (person_id < 3810377)
  Rows Removed by Filter: 1302144
Planning time: 0.302 ms
Execution time: 15125.808 ms
