Hash Join  (cost=129298.17..495144.29 rows=119019 width=0) (actual time=1990.878..8373.343 rows=1458954 loops=1)
  Hash Cond: (mi.movie_id = t.id)
  ->  Seq Scan on movie_info mi  (cost=0.00..309384.22 rows=14739122 width=4) (actual time=0.022..2871.774 rows=14835720 loops=1)
  ->  Hash  (cost=129042.95..129042.95 rows=20418 width=8) (actual time=1990.202..1990.202 rows=31698 loops=1)
        Buckets: 32768  Batches: 1  Memory Usage: 1495kB
        ->  Hash Join  (cost=74173.24..129042.95 rows=20418 width=8) (actual time=935.807..1978.080 rows=31698 loops=1)
              Hash Cond: (mc.movie_id = t.id)
              ->  Seq Scan on movie_companies mc  (cost=0.00..44881.29 rows=2609129 width=4) (actual time=0.019..470.376 rows=2609129 loops=1)
              ->  Hash  (cost=73925.90..73925.90 rows=19787 width=4) (actual time=935.138..935.138 rows=15791 loops=1)
                    Buckets: 32768  Batches: 1  Memory Usage: 812kB
                    ->  Seq Scan on title t  (cost=0.00..73925.90 rows=19787 width=4) (actual time=0.059..927.794 rows=15791 loops=1)
                          Filter: ((kind_id < 7) AND (production_year = 1999))
                          Rows Removed by Filter: 2512521
Planning time: 1.125 ms
Execution time: 8535.834 ms
