Hash Join  (cost=67697.55..432786.99 rows=43351 width=0) (actual time=845.810..6485.327 rows=39378 loops=1)
  Hash Cond: (mi.movie_id = t.id)
  ->  Seq Scan on movie_info mi  (cost=0.00..309384.22 rows=14739122 width=4) (actual time=0.013..2836.669 rows=14835720 loops=1)
  ->  Hash  (cost=67604.59..67604.59 rows=7437 width=4) (actual time=845.516..845.516 rows=3781 loops=1)
        Buckets: 8192  Batches: 1  Memory Usage: 197kB
        ->  Seq Scan on title t  (cost=0.00..67604.59 rows=7437 width=4) (actual time=0.053..843.832 rows=3781 loops=1)
              Filter: (production_year = 1918)
              Rows Removed by Filter: 2524531
Planning time: 0.672 ms
Execution time: 6492.384 ms
