Hash Join  (cost=93093.08..210629.33 rows=912718 width=0) (actual time=1757.827..4395.804 rows=489089 loops=1)
  Hash Cond: (mk.movie_id = t.id)
  ->  Seq Scan on movie_keyword mk  (cost=0.00..81003.12 rows=1975453 width=4) (actual time=0.022..1466.466 rows=1983472 loops=1)
        Filter: (keyword_id > 6359)
        Rows Removed by Filter: 2540458
  ->  Hash  (cost=73925.90..73925.90 rows=1168254 width=4) (actual time=1757.091..1757.091 rows=1132488 loops=1)
        Buckets: 131072  Batches: 16  Memory Usage: 3524kB
        ->  Seq Scan on title t  (cost=0.00..73925.90 rows=1168254 width=4) (actual time=0.020..1385.948 rows=1132488 loops=1)
              Filter: ((kind_id > 2) AND (production_year < 2008))
              Rows Removed by Filter: 1395824
Planning time: 0.777 ms
Execution time: 4454.506 ms
