Seq Scan on movie_keyword mk  (cost=0.00..81003.12 rows=2070322 width=0) (actual time=0.026..1209.990 rows=2071998 loops=1)
  Filter: (keyword_id > 5863)
  Rows Removed by Filter: 2451932
Planning time: 0.310 ms
Execution time: 1471.635 ms
