Hash Join  (cost=176124.71..674084.84 rows=1701320 width=0) (actual time=3313.708..15538.706 rows=2921221 loops=1)
  Hash Cond: (mi.movie_id = t.id)
  ->  Seq Scan on movie_info mi  (cost=0.00..309384.22 rows=14739122 width=4) (actual time=0.010..4603.355 rows=14835720 loops=1)
  ->  Hash  (cost=171335.40..171335.40 rows=291865 width=8) (actual time=3312.701..3312.701 rows=319348 loops=1)
        Buckets: 131072 (originally 131072)  Batches: 8 (originally 4)  Memory Usage: 3073kB
        ->  Hash Join  (cost=98137.04..171335.40 rows=291865 width=8) (actual time=1622.891..3198.757 rows=319348 loops=1)
              Hash Cond: (mc.movie_id = t.id)
              ->  Seq Scan on movie_companies mc  (cost=0.00..57926.93 rows=396555 width=4) (actual time=108.937..858.734 rows=718178 loops=1)
                    Filter: ((company_id > 32209) AND (company_type_id > 1))
                    Rows Removed by Filter: 1890951
              ->  Hash  (cost=67604.59..67604.59 rows=1860996 width=4) (actual time=1513.147..1513.147 rows=1865487 loops=1)
                    Buckets: 131072  Batches: 32  Memory Usage: 3079kB
                    ->  Seq Scan on title t  (cost=0.00..67604.59 rows=1860996 width=4) (actual time=0.031..979.072 rows=1865487 loops=1)
                          Filter: (kind_id > 1)
                          Rows Removed by Filter: 662825
Planning time: 1.199 ms
Execution time: 15899.736 ms
