Seq Scan on movie_companies mc  (cost=0.00..57926.93 rows=51 width=0) (actual time=0.079..883.041 rows=300 loops=1)
  Filter: ((company_type_id < 2) AND (company_id = 11261))
  Rows Removed by Filter: 2608829
Planning time: 0.370 ms
Execution time: 883.220 ms
