Hash Join  (cost=74299.17..440695.73 rows=174064 width=0) (actual time=910.726..7561.305 rows=268702 loops=1)
  Hash Cond: (mi.movie_id = t.id)
  ->  Seq Scan on movie_info mi  (cost=0.00..309384.22 rows=14739122 width=4) (actual time=0.020..3138.886 rows=14835720 loops=1)
  ->  Hash  (cost=73925.90..73925.90 rows=29861 width=4) (actual time=910.461..910.461 rows=17772 loops=1)
        Buckets: 32768  Batches: 1  Memory Usage: 881kB
        ->  Seq Scan on title t  (cost=0.00..73925.90 rows=29861 width=4) (actual time=76.751..902.664 rows=17772 loops=1)
              Filter: ((kind_id < 2) AND (production_year = 2007))
              Rows Removed by Filter: 2510540
Planning time: 0.609 ms
Execution time: 7601.712 ms
