Seq Scan on movie_keyword mk  (cost=0.00..81003.12 rows=1525793 width=0) (actual time=0.024..1088.394 rows=1541608 loops=1)
  Filter: (keyword_id > 10283)
  Rows Removed by Filter: 2982322
Planning time: 0.339 ms
Execution time: 1267.111 ms
