Hash Join  (cost=190230.21..1018312.92 rows=853576 width=0) (actual time=9456.282..15869.282 rows=3537360 loops=1)
  Hash Cond: (ci.movie_id = t.id)
  ->  Seq Scan on cast_info ci  (cost=0.00..796071.18 rows=1563939 width=4) (actual time=5128.801..9015.104 rows=3121155 loops=1)
        Filter: ((person_id < 417070) AND (role_id = 1))
        Rows Removed by Filter: 33123189
  ->  Hash  (cost=167588.78..167588.78 rows=1380035 width=8) (actual time=4325.687..4325.687 rows=1380035 loops=1)
        Buckets: 131072  Batches: 32  Memory Usage: 2708kB
        ->  Hash Join  (cost=102767.86..167588.78 rows=1380035 width=8) (actual time=1474.872..3888.049 rows=1380035 loops=1)
              Hash Cond: (mi_idx.movie_id = t.id)
              ->  Seq Scan on movie_info_idx mi_idx  (cost=0.00..21735.35 rows=1380035 width=4) (actual time=0.028..364.616 rows=1380035 loops=1)
              ->  Hash  (cost=61283.27..61283.27 rows=2528527 width=4) (actual time=1473.989..1473.989 rows=2528312 loops=1)
                    Buckets: 131072  Batches: 64  Memory Usage: 2415kB
                    ->  Seq Scan on title t  (cost=0.00..61283.27 rows=2528527 width=4) (actual time=0.021..751.444 rows=2528312 loops=1)
Planning time: 1.095 ms
Execution time: 16275.996 ms
