Seq Scan on movie_keyword mk  (cost=0.00..81003.12 rows=122391 width=0) (actual time=0.019..998.730 rows=119474 loops=1)
  Filter: (keyword_id > 78152)
  Rows Removed by Filter: 4404456
Planning time: 0.209 ms
Execution time: 1013.986 ms
