Hash Join  (cost=290430.12..937404.69 rows=13940274 width=0) (actual time=6347.758..48088.218 rows=118727559 loops=1)
  Hash Cond: (mi.movie_id = t.id)
  ->  Seq Scan on movie_info mi  (cost=0.00..309384.22 rows=14739122 width=4) (actual time=0.009..4194.512 rows=14835720 loops=1)
  ->  Hash  (cost=251194.58..251194.58 rows=2391483 width=8) (actual time=6346.156..6346.156 rows=2390660 loops=1)
        Buckets: 131072  Batches: 32  Memory Usage: 4008kB
        ->  Hash Join  (cost=102767.86..251194.58 rows=2391483 width=8) (actual time=1762.638..5582.905 rows=2390660 loops=1)
              Hash Cond: (mk.movie_id = t.id)
              ->  Seq Scan on movie_keyword mk  (cost=0.00..81003.12 rows=2391483 width=4) (actual time=0.023..1272.424 rows=2390660 loops=1)
                    Filter: (keyword_id < 5545)
                    Rows Removed by Filter: 2133270
              ->  Hash  (cost=61283.27..61283.27 rows=2528527 width=4) (actual time=1761.527..1761.527 rows=2528312 loops=1)
                    Buckets: 131072  Batches: 64  Memory Usage: 2425kB
                    ->  Seq Scan on title t  (cost=0.00..61283.27 rows=2528527 width=4) (actual time=0.023..903.670 rows=2528312 loops=1)
Planning time: 1.123 ms
Execution time: 60359.513 ms
