Hash Join  (cost=116902.55..240801.57 rows=155698 width=0) (actual time=3004.784..4338.668 rows=94660 loops=1)
  Hash Cond: (mk.movie_id = t.id)
  ->  Seq Scan on movie_keyword mk  (cost=0.00..69693.30 rows=4523930 width=4) (actual time=0.013..1133.807 rows=4523930 loops=1)
  ->  Hash  (cost=115474.76..115474.76 rows=87023 width=8) (actual time=1906.637..1906.637 rows=36630 loops=1)
        Buckets: 131072  Batches: 2  Memory Usage: 1745kB
        ->  Hash Join  (cost=77854.63..115474.76 rows=87023 width=8) (actual time=1313.962..1892.231 rows=36630 loops=1)
              Hash Cond: (mi_idx.movie_id = t.id)
              ->  Seq Scan on movie_info_idx mi_idx  (cost=0.00..25185.44 rows=919057 width=4) (actual time=0.015..468.746 rows=920110 loops=1)
                    Filter: (info_type_id > 99)
                    Rows Removed by Filter: 459925
              ->  Hash  (cost=73925.90..73925.90 rows=239418 width=4) (actual time=990.796..990.796 rows=256906 loops=1)
                    Buckets: 131072  Batches: 4  Memory Usage: 3296kB
                    ->  Seq Scan on title t  (cost=0.00..73925.90 rows=239418 width=4) (actual time=0.015..901.705 rows=256906 loops=1)
                          Filter: ((production_year > 2010) AND (kind_id = 7))
                          Rows Removed by Filter: 2271406
Planning time: 1.111 ms
Execution time: 4354.718 ms
