Hash Join  (cost=197346.41..1021771.48 rows=702720 width=0) (actual time=6517.719..18023.327 rows=1335498 loops=1)
  Hash Cond: (ci.movie_id = t.id)
  ->  Seq Scan on cast_info ci  (cost=0.00..705507.15 rows=8670342 width=4) (actual time=3124.999..9812.201 rows=8673892 loops=1)
        Filter: (person_id > 2822303)
        Rows Removed by Filter: 27570452
  ->  Hash  (cost=193983.74..193983.74 rows=204934 width=8) (actual time=3391.305..3391.305 rows=472540 loops=1)
        Buckets: 131072 (originally 131072)  Batches: 8 (originally 4)  Memory Usage: 3332kB
        ->  Hash Join  (cost=69484.36..193983.74 rows=204934 width=8) (actual time=955.598..3263.326 rows=472540 loops=1)
              Hash Cond: (mk.movie_id = t.id)
              ->  Seq Scan on movie_keyword mk  (cost=0.00..69693.30 rows=4523930 width=4) (actual time=0.026..1106.195 rows=4523930 loops=1)
              ->  Hash  (cost=67604.59..67604.59 rows=114542 width=4) (actual time=844.532..844.532 rows=118234 loops=1)
                    Buckets: 131072  Batches: 2  Memory Usage: 3107kB
                    ->  Seq Scan on title t  (cost=0.00..67604.59 rows=114542 width=4) (actual time=160.787..803.996 rows=118234 loops=1)
                          Filter: (kind_id = 4)
                          Rows Removed by Filter: 2410078
Planning time: 1.169 ms
Execution time: 18159.895 ms
