Hash Join  (cost=102767.86..285559.27 rows=3819587 width=0) (actual time=1479.337..5841.976 rows=3812909 loops=1)
  Hash Cond: (mk.movie_id = t.id)
  ->  Seq Scan on movie_keyword mk  (cost=0.00..81003.12 rows=3819587 width=4) (actual time=0.027..1426.742 rows=3812909 loops=1)
        Filter: (keyword_id < 26583)
        Rows Removed by Filter: 711021
  ->  Hash  (cost=61283.27..61283.27 rows=2528527 width=4) (actual time=1478.514..1478.514 rows=2528312 loops=1)
        Buckets: 131072  Batches: 64  Memory Usage: 2425kB
        ->  Seq Scan on title t  (cost=0.00..61283.27 rows=2528527 width=4) (actual time=0.015..713.916 rows=2528312 loops=1)
Planning time: 0.698 ms
Execution time: 6272.978 ms
