Seq Scan on movie_keyword mk  (cost=0.00..81003.12 rows=4387236 width=0) (actual time=0.019..1559.797 rows=4390218 loops=1)
  Filter: (keyword_id < 75849)
  Rows Removed by Filter: 133712
Planning time: 0.226 ms
Execution time: 2073.631 ms
