Seq Scan on movie_keyword mk  (cost=0.00..81003.12 rows=246 width=0) (actual time=4.466..919.255 rows=205 loops=1)
  Filter: (keyword_id = 45279)
  Rows Removed by Filter: 4523725
Planning time: 0.340 ms
Execution time: 919.437 ms
