Hash Join  (cost=234364.86..1496725.56 rows=14792388 width=0) (actual time=4745.962..40346.117 rows=25794790 loops=1)
  Hash Cond: (ci.movie_id = t.id)
  ->  Seq Scan on cast_info ci  (cost=0.00..705507.15 rows=31554923 width=4) (actual time=0.014..14738.018 rows=31605208 loops=1)
        Filter: (role_id < 10)
        Rows Removed by Filter: 4639136
  ->  Hash  (cost=214917.25..214917.25 rows=1185329 width=8) (actual time=4744.948..4744.948 rows=684042 loops=1)
        Buckets: 131072  Batches: 16  Memory Usage: 2706kB
        ->  Hash Join  (cost=78473.92..214917.25 rows=1185329 width=8) (actual time=1199.926..4567.549 rows=684042 loops=1)
              Hash Cond: (mk.movie_id = t.id)
              ->  Seq Scan on movie_keyword mk  (cost=0.00..69693.30 rows=4523930 width=4) (actual time=0.012..1271.652 rows=4523930 loops=1)
              ->  Hash  (cost=67604.59..67604.59 rows=662507 width=4) (actual time=1198.208..1198.208 rows=662065 loops=1)
                    Buckets: 131072  Batches: 16  Memory Usage: 2488kB
                    ->  Seq Scan on title t  (cost=0.00..67604.59 rows=662507 width=4) (actual time=0.025..967.955 rows=662065 loops=1)
                          Filter: (production_year > 2008)
                          Rows Removed by Filter: 1866247
Planning time: 1.090 ms
Execution time: 43415.874 ms
