Hash Join  (cost=761676.07..2824980.40 rows=78934481 width=0) (actual time=15242.938..89621.786 rows=173893392 loops=1)
  Hash Cond: (ci.movie_id = t.id)
  ->  Seq Scan on cast_info ci  (cost=0.00..705507.15 rows=28379144 width=4) (actual time=0.020..14153.699 rows=28531704 loops=1)
        Filter: (role_id < 7)
        Rows Removed by Filter: 7712640
  ->  Hash  (cost=646291.69..646291.69 rows=7032910 width=8) (actual time=15240.954..15240.954 rows=6256305 loops=1)
        Buckets: 131072  Batches: 128  Memory Usage: 2922kB
        ->  Hash Join  (cost=97476.44..646291.69 rows=7032910 width=8) (actual time=1757.015..13681.264 rows=6256305 loops=1)
              Hash Cond: (mi.movie_id = t.id)
              ->  Seq Scan on movie_info mi  (cost=0.00..346232.03 rows=9767026 width=4) (actual time=0.025..5466.429 rows=9911754 loops=1)
                    Filter: (info_type_id > 4)
                    Rows Removed by Filter: 4923966
              ->  Hash  (cost=67604.59..67604.59 rows=1820708 width=4) (actual time=1755.830..1755.830 rows=1813245 loops=1)
                    Buckets: 131072  Batches: 32  Memory Usage: 3030kB
                    ->  Seq Scan on title t  (cost=0.00..67604.59 rows=1820708 width=4) (actual time=0.019..1147.376 rows=1813245 loops=1)
                          Filter: (production_year > 1987)
                          Rows Removed by Filter: 715067
Planning time: 1.164 ms
Execution time: 108432.888 ms
