Hash Join  (cost=187945.66..675514.99 rows=727538 width=0) (actual time=3418.535..13882.835 rows=6874165 loops=1)
  Hash Cond: (mi.movie_id = t.id)
  ->  Seq Scan on movie_info mi  (cost=0.00..309384.22 rows=14739122 width=4) (actual time=0.020..4460.929 rows=14835720 loops=1)
  ->  Hash  (cost=185897.53..185897.53 rows=124811 width=8) (actual time=3414.810..3414.810 rows=118492 loops=1)
        Buckets: 131072  Batches: 2  Memory Usage: 3367kB
        ->  Hash Join  (cost=69374.09..185897.53 rows=124811 width=8) (actual time=920.429..3373.196 rows=118492 loops=1)
              Hash Cond: (mk.movie_id = t.id)
              ->  Seq Scan on movie_keyword mk  (cost=0.00..81003.12 rows=2927521 width=4) (actual time=0.026..1508.453 rows=2919634 loops=1)
                    Filter: (keyword_id > 2486)
                    Rows Removed by Filter: 1604296
              ->  Hash  (cost=67604.59..67604.59 rows=107800 width=4) (actual time=919.366..919.366 rows=108429 loops=1)
                    Buckets: 131072  Batches: 2  Memory Usage: 2938kB
                    ->  Seq Scan on title t  (cost=0.00..67604.59 rows=107800 width=4) (actual time=0.025..876.914 rows=108429 loops=1)
                          Filter: (production_year = 2006)
                          Rows Removed by Filter: 2419883
Planning time: 2.136 ms
Execution time: 14612.238 ms
