Hash Join  (cost=138954.32..224940.59 rows=421559 width=0) (actual time=2538.737..4563.610 rows=495621 loops=1)
  Hash Cond: (mc.movie_id = t.id)
  ->  Seq Scan on movie_companies mc  (cost=0.00..51404.11 rows=2480953 width=4) (actual time=0.021..912.452 rows=2477806 loops=1)
        Filter: (company_id > 19)
        Rows Removed by Filter: 131323
  ->  Hash  (cost=131904.79..131904.79 rows=429642 width=8) (actual time=2537.773..2537.773 rows=233406 loops=1)
        Buckets: 131072  Batches: 8  Memory Usage: 2155kB
        ->  Hash Join  (cost=86840.89..131904.79 rows=429642 width=8) (actual time=1349.442..2476.492 rows=233406 loops=1)
              Hash Cond: (mi_idx.movie_id = t.id)
              ->  Seq Scan on movie_info_idx mi_idx  (cost=0.00..21735.35 rows=1380035 width=4) (actual time=0.018..353.411 rows=1380035 loops=1)
              ->  Hash  (cost=73925.90..73925.90 rows=787199 width=4) (actual time=1347.483..1347.483 rows=872440 loops=1)
                    Buckets: 131072  Batches: 16  Memory Usage: 2950kB
                    ->  Seq Scan on title t  (cost=0.00..73925.90 rows=787199 width=4) (actual time=0.020..1070.302 rows=872440 loops=1)
                          Filter: ((kind_id > 3) AND (production_year > 2003))
                          Rows Removed by Filter: 1655872
Planning time: 1.246 ms
Execution time: 4613.259 ms
