Hash Join  (cost=1200494.01..2239282.76 rows=42027541 width=0) (actual time=25842.590..79394.101 rows=141388299 loops=1)
  Hash Cond: (mi.movie_id = t.id)
  ->  Seq Scan on movie_info mi  (cost=0.00..309384.22 rows=14739122 width=4) (actual time=0.011..4933.855 rows=14835720 loops=1)
  ->  Hash  (cost=1082206.11..1082206.11 rows=7209912 width=8) (actual time=25840.785..25840.785 rows=8265794 loops=1)
        Buckets: 131072  Batches: 128  Memory Usage: 3564kB
        ->  Hash Join  (cost=102767.86..1082206.11 rows=7209912 width=8) (actual time=9145.993..22904.320 rows=8265794 loops=1)
              Hash Cond: (ci.movie_id = t.id)
              ->  Seq Scan on cast_info ci  (cost=0.00..796071.18 rows=7209912 width=4) (actual time=7581.971..13741.724 rows=8265794 loops=1)
                    Filter: ((person_id > 837097) AND (role_id > 4))
                    Rows Removed by Filter: 27978550
              ->  Hash  (cost=61283.27..61283.27 rows=2528527 width=4) (actual time=1563.206..1563.206 rows=2528312 loops=1)
                    Buckets: 131072  Batches: 64  Memory Usage: 2415kB
                    ->  Seq Scan on title t  (cost=0.00..61283.27 rows=2528527 width=4) (actual time=0.011..768.668 rows=2528312 loops=1)
Planning time: 1.120 ms
Execution time: 95522.565 ms
