Hash Join  (cost=264438.71..814100.98 rows=7427269 width=0) (actual time=5243.053..22867.546 rows=33788907 loops=1)
  Hash Cond: (mi.movie_id = t.id)
  ->  Seq Scan on movie_info mi  (cost=0.00..346232.03 rows=9476311 width=4) (actual time=0.014..5244.136 rows=9565151 loops=1)
        Filter: (info_type_id < 16)
        Rows Removed by Filter: 5270569
  ->  Hash  (cost=231924.35..231924.35 rows=1981789 width=8) (actual time=5242.037..5242.037 rows=1428290 loops=1)
        Buckets: 131072  Batches: 32  Memory Usage: 2896kB
        ->  Hash Join  (cost=85777.42..231924.35 rows=1981789 width=8) (actual time=1289.704..4839.862 rows=1428290 loops=1)
              Hash Cond: (mk.movie_id = t.id)
              ->  Seq Scan on movie_keyword mk  (cost=0.00..69693.30 rows=4523930 width=4) (actual time=0.024..1154.426 rows=4523930 loops=1)
              ->  Hash  (cost=67604.59..67604.59 rows=1107667 width=4) (actual time=1288.045..1288.045 rows=1107925 loops=1)
                    Buckets: 131072  Batches: 16  Memory Usage: 3467kB
                    ->  Seq Scan on title t  (cost=0.00..67604.59 rows=1107667 width=4) (actual time=0.013..935.011 rows=1107925 loops=1)
                          Filter: (production_year > 2004)
                          Rows Removed by Filter: 1420387
Planning time: 1.104 ms
Execution time: 26635.282 ms
