Hash Join  (cost=102767.86..938065.75 rows=1219613 width=0) (actual time=11155.762..15150.474 rows=876172 loops=1)
  Hash Cond: (ci.movie_id = t.id)
  ->  Seq Scan on cast_info ci  (cost=0.00..796071.18 rows=1219613 width=4) (actual time=9466.264..12402.748 rows=876172 loops=1)
        Filter: ((person_id < 2628532) AND (role_id = 8))
        Rows Removed by Filter: 35368172
  ->  Hash  (cost=61283.27..61283.27 rows=2528527 width=4) (actual time=1688.221..1688.221 rows=2528312 loops=1)
        Buckets: 131072  Batches: 64  Memory Usage: 2415kB
        ->  Seq Scan on title t  (cost=0.00..61283.27 rows=2528527 width=4) (actual time=0.018..828.141 rows=2528312 loops=1)
Planning time: 0.543 ms
Execution time: 15249.511 ms
