Hash Join  (cost=94978.31..232876.99 rows=1712511 width=0) (actual time=1461.593..5243.026 rows=2082411 loops=1)
  Hash Cond: (mk.movie_id = t.id)
  ->  Seq Scan on movie_keyword mk  (cost=0.00..81003.12 rows=2595289 width=4) (actual time=0.023..1430.866 rows=2583901 loops=1)
        Filter: (keyword_id < 6797)
        Rows Removed by Filter: 1940029
  ->  Hash  (cost=67604.59..67604.59 rows=1668458 width=4) (actual time=1460.620..1460.620 rows=1671292 loops=1)
        Buckets: 131072  Batches: 32  Memory Usage: 2866kB
        ->  Seq Scan on title t  (cost=0.00..67604.59 rows=1668458 width=4) (actual time=0.012..954.487 rows=1671292 loops=1)
              Filter: (production_year < 2008)
              Rows Removed by Filter: 857020
Planning time: 0.669 ms
Execution time: 5513.344 ms
