Nested Loop  (cost=0.43..117491.64 rows=4976 width=0) (actual time=272.917..1107.715 rows=4343 loops=1)
  ->  Seq Scan on movie_keyword mk  (cost=0.00..81003.12 rows=4976 width=4) (actual time=272.819..1070.220 rows=4343 loops=1)
        Filter: (keyword_id = 29029)
        Rows Removed by Filter: 4519587
  ->  Index Only Scan using title_pkey on title t  (cost=0.43..7.32 rows=1 width=4) (actual time=0.008..0.008 rows=1 loops=4343)
        Index Cond: (id = mk.movie_id)
        Heap Fetches: 4343
Planning time: 0.738 ms
Execution time: 1108.718 ms
