Seq Scan on movie_companies mc  (cost=0.00..57926.93 rows=53 width=0) (actual time=405.652..723.758 rows=103 loops=1)
  Filter: ((company_type_id > 1) AND (company_id = 13670))
  Rows Removed by Filter: 2609026
Planning time: 0.273 ms
Execution time: 723.884 ms
