Hash Join  (cost=149536.59..865317.89 rows=1779 width=0) (actual time=5219.012..13608.197 rows=2756 loops=1)
  Hash Cond: (ci.movie_id = t.id)
  ->  Seq Scan on cast_info ci  (cost=0.00..705507.15 rows=2735034 width=4) (actual time=3093.602..11049.553 rows=2728943 loops=1)
        Filter: (role_id = 4)
        Rows Removed by Filter: 33515401
  ->  Hash  (cost=149516.04..149516.04 rows=1644 width=8) (actual time=2121.767..2121.767 rows=1481 loops=1)
        Buckets: 2048  Batches: 1  Memory Usage: 74kB
        ->  Hash Join  (cost=68113.45..149516.04 rows=1644 width=8) (actual time=1187.696..2121.070 rows=1481 loops=1)
              Hash Cond: (mk.movie_id = t.id)
              ->  Seq Scan on movie_keyword mk  (cost=0.00..81003.12 rows=102139 width=4) (actual time=243.322..1152.648 rows=100224 loops=1)
                    Filter: (keyword_id > 82243)
                    Rows Removed by Filter: 4423706
              ->  Hash  (cost=67604.59..67604.59 rows=40709 width=4) (actual time=943.756..943.756 rows=38955 loops=1)
                    Buckets: 65536  Batches: 1  Memory Usage: 1882kB
                    ->  Seq Scan on title t  (cost=0.00..67604.59 rows=40709 width=4) (actual time=0.027..927.100 rows=38955 loops=1)
                          Filter: (production_year = 1997)
                          Rows Removed by Filter: 2489357
Planning time: 4.292 ms
Execution time: 13609.003 ms
