Hash Join  (cost=98137.04..187249.10 rows=30544 width=0) (actual time=1639.531..2923.794 rows=22200 loops=1)
  Hash Cond: (mk.movie_id = t.id)
  ->  Seq Scan on movie_keyword mk  (cost=0.00..81003.12 rows=41500 width=4) (actual time=0.034..947.670 rows=36407 loops=1)
        Filter: (keyword_id < 43)
        Rows Removed by Filter: 4487523
  ->  Hash  (cost=67604.59..67604.59 rows=1860996 width=4) (actual time=1629.292..1629.292 rows=1865487 loops=1)
        Buckets: 131072  Batches: 32  Memory Usage: 3085kB
        ->  Seq Scan on title t  (cost=0.00..67604.59 rows=1860996 width=4) (actual time=0.028..1009.384 rows=1865487 loops=1)
              Filter: (kind_id > 1)
              Rows Removed by Filter: 662825
Planning time: 0.723 ms
Execution time: 2926.901 ms
