Hash Join  (cost=97476.44..1065570.38 rows=5933365 width=0) (actual time=4795.430..16984.612 rows=2492141 loops=1)
  Hash Cond: (ci.movie_id = t.id)
  ->  Seq Scan on cast_info ci  (cost=0.00..796071.18 rows=8240022 width=4) (actual time=3083.751..12445.727 rows=3471219 loops=1)
        Filter: ((person_id > 1255529) AND (role_id = 1))
        Rows Removed by Filter: 32773125
  ->  Hash  (cost=67604.59..67604.59 rows=1820708 width=4) (actual time=1710.025..1710.025 rows=1813245 loops=1)
        Buckets: 131072  Batches: 32  Memory Usage: 3022kB
        ->  Seq Scan on title t  (cost=0.00..67604.59 rows=1820708 width=4) (actual time=0.036..1110.179 rows=1813245 loops=1)
              Filter: (production_year > 1987)
              Rows Removed by Filter: 715067
Planning time: 0.857 ms
Execution time: 17290.358 ms
