Seq Scan on movie_companies mc  (cost=0.00..57926.93 rows=53 width=0) (actual time=263.061..724.645 rows=20 loops=1)
  Filter: ((company_type_id > 1) AND (company_id = 14735))
  Rows Removed by Filter: 2609109
Planning time: 0.254 ms
Execution time: 724.735 ms
