Hash Join  (cost=106465.55..472024.82 rows=90333 width=0) (actual time=1600.885..6810.148 rows=60713 loops=1)
  Hash Cond: (mi.movie_id = t.id)
  ->  Seq Scan on movie_info mi  (cost=0.00..309384.22 rows=14739122 width=4) (actual time=0.023..2567.040 rows=14835720 loops=1)
  ->  Hash  (cost=106271.84..106271.84 rows=15497 width=8) (actual time=1600.556..1600.556 rows=7101 loops=1)
        Buckets: 16384  Batches: 1  Memory Usage: 406kB
        ->  Hash Join  (cost=75342.47..106271.84 rows=15497 width=8) (actual time=1000.899..1597.620 rows=7101 loops=1)
              Hash Cond: (mi_idx.movie_id = t.id)
              ->  Seq Scan on movie_info_idx mi_idx  (cost=0.00..25185.44 rows=454124 width=4) (actual time=0.013..411.878 rows=459925 loops=1)
                    Filter: (info_type_id = 100)
                    Rows Removed by Filter: 920110
              ->  Hash  (cost=73925.90..73925.90 rows=86285 width=4) (actual time=999.523..999.523 rows=92628 loops=1)
                    Buckets: 131072  Batches: 2  Memory Usage: 2653kB
                    ->  Seq Scan on title t  (cost=0.00..73925.90 rows=86285 width=4) (actual time=0.025..964.120 rows=92628 loops=1)
                          Filter: ((kind_id = 7) AND (production_year = 2010))
                          Rows Removed by Filter: 2435684
Planning time: 1.244 ms
Execution time: 6817.670 ms
