Hash Join  (cost=264615.09..1123241.62 rows=5250412 width=0) (actual time=11198.625..19775.844 rows=1980941 loops=1)
  Hash Cond: (ci.movie_id = t.id)
  ->  Seq Scan on cast_info ci  (cost=0.00..705507.15 rows=7298253 width=4) (actual time=6050.816..10502.980 rows=7451973 loops=1)
        Filter: (role_id = 2)
        Rows Removed by Filter: 28792371
  ->  Hash  (cost=234771.11..234771.11 rows=1819039 width=8) (actual time=5146.719..5146.719 rows=416730 loops=1)
        Buckets: 131072  Batches: 32  Memory Usage: 1514kB
        ->  Hash Join  (cost=90606.68..234771.11 rows=1819039 width=8) (actual time=1656.685..5050.607 rows=416730 loops=1)
              Hash Cond: (mk.movie_id = t.id)
              ->  Seq Scan on movie_keyword mk  (cost=0.00..69693.30 rows=4523930 width=4) (actual time=0.023..1094.587 rows=4523930 loops=1)
              ->  Hash  (cost=73925.90..73925.90 rows=1016702 width=4) (actual time=1406.415..1406.415 rows=960113 loops=1)
                    Buckets: 131072  Batches: 16  Memory Usage: 3141kB
                    ->  Seq Scan on title t  (cost=0.00..73925.90 rows=1016702 width=4) (actual time=0.021..1105.117 rows=960113 loops=1)
                          Filter: ((production_year < 2008) AND (kind_id = 7))
                          Rows Removed by Filter: 1568199
Planning time: 5.587 ms
Execution time: 19985.369 ms
