Nested Loop  (cost=0.43..709673.15 rows=473 width=0) (actual time=7430.742..9281.068 rows=21 loops=1)
  ->  Seq Scan on cast_info ci  (cost=0.00..705507.15 rows=500 width=4) (actual time=7430.574..9280.328 rows=23 loops=1)
        Filter: (person_id = 4045395)
        Rows Removed by Filter: 36244321
  ->  Index Scan using title_pkey on title t  (cost=0.43..8.32 rows=1 width=4) (actual time=0.028..0.028 rows=1 loops=23)
        Index Cond: (id = ci.movie_id)
        Filter: (production_year < 2013)
        Rows Removed by Filter: 0
Planning time: 0.748 ms
Execution time: 9281.187 ms
