Hash Join  (cost=424203.74..511898.04 rows=103626 width=0) (actual time=7360.314..9266.371 rows=299396 loops=1)
  Hash Cond: (mk.movie_id = t.id)
  ->  Seq Scan on movie_keyword mk  (cost=0.00..69693.30 rows=4523930 width=4) (actual time=0.024..968.421 rows=4523930 loops=1)
  ->  Hash  (cost=423479.75..423479.75 rows=57919 width=8) (actual time=7358.552..7358.552 rows=48547 loops=1)
        Buckets: 65536  Batches: 1  Memory Usage: 2409kB
        ->  Hash Join  (cost=68438.72..423479.75 rows=57919 width=8) (actual time=2024.955..7338.268 rows=48547 loops=1)
              Hash Cond: (mi.movie_id = t.id)
              ->  Seq Scan on movie_info mi  (cost=0.00..346232.03 rows=2194617 width=4) (actual time=722.538..5573.870 rows=2233850 loops=1)
                    Filter: (info_type_id > 16)
                    Rows Removed by Filter: 12601870
              ->  Hash  (cost=67604.59..67604.59 rows=66731 width=4) (actual time=1248.049..1248.049 rows=67342 loops=1)
                    Buckets: 131072  Batches: 1  Memory Usage: 3392kB
                    ->  Seq Scan on title t  (cost=0.00..67604.59 rows=66731 width=4) (actual time=0.033..1220.013 rows=67342 loops=1)
                          Filter: (production_year > 2012)
                          Rows Removed by Filter: 2460970
Planning time: 1.209 ms
Execution time: 9304.742 ms
