Seq Scan on movie_keyword mk  (cost=0.00..81003.12 rows=246 width=0) (actual time=30.096..1104.060 rows=7 loops=1)
  Filter: (keyword_id = 19729)
  Rows Removed by Filter: 4523923
Planning time: 0.388 ms
Execution time: 1104.149 ms
