Seq Scan on movie_keyword mk  (cost=0.00..81003.12 rows=1453514 width=0) (actual time=0.021..1166.002 rows=1464069 loops=1)
  Filter: (keyword_id > 11308)
  Rows Removed by Filter: 3059861
Planning time: 0.311 ms
Execution time: 1352.341 ms
