Seq Scan on movie_keyword mk  (cost=0.00..81003.12 rows=3726700 width=0) (actual time=0.021..1462.730 rows=3724088 loops=1)
  Filter: (keyword_id < 23112)
  Rows Removed by Filter: 799842
Planning time: 0.308 ms
Execution time: 1948.960 ms
