Hash Join  (cost=107844.15..841452.60 rows=73286 width=0) (actual time=1785.158..15117.864 rows=262170 loops=1)
  Hash Cond: (ci.movie_id = t.id)
  ->  Seq Scan on cast_info ci  (cost=0.00..705507.15 rows=7298253 width=4) (actual time=0.025..11074.166 rows=7451973 loops=1)
        Filter: (role_id = 2)
        Rows Removed by Filter: 28792371
  ->  Hash  (cost=107526.77..107526.77 rows=25390 width=8) (actual time=1784.812..1784.812 rows=56205 loops=1)
        Buckets: 65536 (originally 32768)  Batches: 1 (originally 1)  Memory Usage: 2708kB
        ->  Hash Join  (cost=76211.77..107526.77 rows=25390 width=8) (actual time=1030.114..1762.030 rows=56205 loops=1)
              Hash Cond: (mi_idx.movie_id = t.id)
              ->  Seq Scan on movie_info_idx mi_idx  (cost=0.00..25185.44 rows=460978 width=4) (actual time=0.013..443.865 rows=459925 loops=1)
                    Filter: (info_type_id < 100)
                    Rows Removed by Filter: 920110
              ->  Hash  (cost=73925.90..73925.90 rows=139269 width=4) (actual time=1029.354..1029.354 rows=239782 loops=1)
                    Buckets: 131072 (originally 131072)  Batches: 4 (originally 2)  Memory Usage: 3133kB
                    ->  Seq Scan on title t  (cost=0.00..73925.90 rows=139269 width=4) (actual time=0.048..940.924 rows=239782 loops=1)
                          Filter: ((kind_id < 7) AND (production_year < 1969))
                          Rows Removed by Filter: 2288530
Planning time: 1.164 ms
Execution time: 15161.512 ms
