Hash Join  (cost=147783.42..600575.34 rows=388977 width=0) (actual time=3048.411..11547.586 rows=2120592 loops=1)
  Hash Cond: (mi.movie_id = t.id)
  ->  Seq Scan on movie_info mi  (cost=0.00..346232.03 rows=8841901 width=4) (actual time=359.013..5346.052 rows=8950757 loops=1)
        Filter: (info_type_id > 6)
        Rows Removed by Filter: 5884963
  ->  Hash  (cost=145957.97..145957.97 rows=111236 width=8) (actual time=2688.476..2688.476 rows=98794 loops=1)
        Buckets: 131072  Batches: 2  Memory Usage: 2937kB
        ->  Hash Join  (cost=69374.09..145957.97 rows=111236 width=8) (actual time=1016.487..2658.190 rows=98794 loops=1)
              Hash Cond: (mc.movie_id = t.id)
              ->  Seq Scan on movie_companies mc  (cost=0.00..44881.29 rows=2609129 width=4) (actual time=0.015..750.895 rows=2609129 loops=1)
              ->  Hash  (cost=67604.59..67604.59 rows=107800 width=4) (actual time=819.091..819.091 rows=108429 loops=1)
                    Buckets: 131072  Batches: 2  Memory Usage: 2931kB
                    ->  Seq Scan on title t  (cost=0.00..67604.59 rows=107800 width=4) (actual time=0.025..773.457 rows=108429 loops=1)
                          Filter: (production_year = 2006)
                          Rows Removed by Filter: 2419883
Planning time: 1.132 ms
Execution time: 11809.413 ms
