Seq Scan on cast_info ci  (cost=0.00..796071.18 rows=158809 width=0) (actual time=6891.472..11701.788 rows=241600 loops=1)
  Filter: ((person_id > 1972744) AND (role_id > 10))
  Rows Removed by Filter: 36002744
Planning time: 0.347 ms
Execution time: 11732.810 ms
