Seq Scan on movie_keyword mk  (cost=0.00..81003.12 rows=3338464 width=0) (actual time=0.023..1332.841 rows=3331381 loops=1)
  Filter: (keyword_id > 1435)
  Rows Removed by Filter: 1192549
Planning time: 0.293 ms
Execution time: 1758.080 ms
