Hash Join  (cost=476165.67..605743.26 rows=621755 width=0) (actual time=8403.289..13179.762 rows=7387804 loops=1)
  Hash Cond: (mk.movie_id = t.id)
  ->  Seq Scan on movie_keyword mk  (cost=0.00..69693.30 rows=4523930 width=4) (actual time=0.023..1149.425 rows=4523930 loops=1)
  ->  Hash  (cost=470463.76..470463.76 rows=347513 width=8) (actual time=8402.143..8402.143 rows=1063965 loops=1)
        Buckets: 131072 (originally 131072)  Batches: 16 (originally 8)  Memory Usage: 3645kB
        ->  Hash Join  (cost=77904.77..470463.76 rows=347513 width=8) (actual time=3386.016..8058.632 rows=1063965 loops=1)
              Hash Cond: (mi.movie_id = t.id)
              ->  Seq Scan on movie_info mi  (cost=0.00..346232.03 rows=3623957 width=4) (actual time=2309.767..4845.456 rows=3624977 loops=1)
                    Filter: (info_type_id < 4)
                    Rows Removed by Filter: 11210743
              ->  Hash  (cost=73925.90..73925.90 rows=242469 width=4) (actual time=1075.273..1075.273 rows=371336 loops=1)
                    Buckets: 131072 (originally 131072)  Batches: 8 (originally 4)  Memory Usage: 3073kB
                    ->  Seq Scan on title t  (cost=0.00..73925.90 rows=242469 width=4) (actual time=0.030..949.011 rows=371336 loops=1)
                          Filter: ((kind_id < 3) AND (production_year < 1995))
                          Rows Removed by Filter: 2156976
Planning time: 1.147 ms
Execution time: 13977.467 ms
