Hash Join  (cost=190230.21..1271067.50 rows=8958609 width=0) (actual time=3830.248..27589.064 rows=13920639 loops=1)
  Hash Cond: (ci.movie_id = t.id)
  ->  Seq Scan on cast_info ci  (cost=0.00..796071.18 rows=16414137 width=4) (actual time=0.022..13678.218 rows=12648723 loops=1)
        Filter: ((person_id < 2613272) AND (role_id > 1))
        Rows Removed by Filter: 23595621
  ->  Hash  (cost=167588.78..167588.78 rows=1380035 width=8) (actual time=3829.341..3829.341 rows=1380035 loops=1)
        Buckets: 131072  Batches: 32  Memory Usage: 2708kB
        ->  Hash Join  (cost=102767.86..167588.78 rows=1380035 width=8) (actual time=1662.870..3462.223 rows=1380035 loops=1)
              Hash Cond: (mi_idx.movie_id = t.id)
              ->  Seq Scan on movie_info_idx mi_idx  (cost=0.00..21735.35 rows=1380035 width=4) (actual time=0.030..383.138 rows=1380035 loops=1)
              ->  Hash  (cost=61283.27..61283.27 rows=2528527 width=4) (actual time=1661.734..1661.734 rows=2528312 loops=1)
                    Buckets: 131072  Batches: 64  Memory Usage: 2415kB
                    ->  Seq Scan on title t  (cost=0.00..61283.27 rows=2528527 width=4) (actual time=0.017..799.272 rows=2528312 loops=1)
Planning time: 1.163 ms
Execution time: 29115.009 ms
