Seq Scan on movie_keyword mk  (cost=0.00..81003.12 rows=340500 width=0) (actual time=0.024..928.901 rows=357723 loops=1)
  Filter: (keyword_id < 318)
  Rows Removed by Filter: 4166207
Planning time: 0.360 ms
Execution time: 968.603 ms
