Hash Join  (cost=98595.81..140583.70 rows=347062 width=0) (actual time=1595.297..2694.401 rows=338810 loops=1)
  Hash Cond: (mi_idx.movie_id = t.id)
  ->  Seq Scan on movie_info_idx mi_idx  (cost=0.00..25185.44 rows=464566 width=4) (actual time=0.024..416.824 rows=459925 loops=1)
        Filter: (info_type_id = 101)
        Rows Removed by Filter: 920110
  ->  Hash  (cost=67604.59..67604.59 rows=1888978 width=4) (actual time=1594.118..1594.118 rows=1887769 loops=1)
        Buckets: 131072  Batches: 32  Memory Usage: 3106kB
        ->  Seq Scan on title t  (cost=0.00..67604.59 rows=1888978 width=4) (actual time=0.018..1011.705 rows=1887769 loops=1)
              Filter: (production_year > 1983)
              Rows Removed by Filter: 640543
Planning time: 0.755 ms
Execution time: 2740.339 ms
