Seq Scan on movie_keyword mk  (cost=0.00..81003.12 rows=3829127 width=0) (actual time=0.029..1345.699 rows=3824185 loops=1)
  Filter: (keyword_id < 26938)
  Rows Removed by Filter: 699745
Planning time: 0.317 ms
Execution time: 1837.695 ms
