Hash Join  (cost=83074.74..910236.61 rows=806 width=0) (actual time=3826.512..13363.614 rows=3032 loops=1)
  Hash Cond: (ci.movie_id = t.id)
  ->  Seq Scan on cast_info ci  (cost=0.00..796071.18 rows=8288699 width=4) (actual time=2758.482..10950.769 rows=9786792 loops=1)
        Filter: ((person_id > 1134053) AND (role_id > 3))
        Rows Removed by Filter: 26457552
  ->  Hash  (cost=83071.67..83071.67 rows=246 width=8) (actual time=1062.105..1062.105 rows=650 loops=1)
        Buckets: 1024  Batches: 1  Memory Usage: 34kB
        ->  Nested Loop  (cost=0.43..83071.67 rows=246 width=8) (actual time=20.921..1061.626 rows=650 loops=1)
              ->  Seq Scan on movie_keyword mk  (cost=0.00..81003.12 rows=246 width=4) (actual time=20.778..1045.155 rows=650 loops=1)
                    Filter: (keyword_id = 22164)
                    Rows Removed by Filter: 4523280
              ->  Index Only Scan using title_pkey on title t  (cost=0.43..8.40 rows=1 width=4) (actual time=0.023..0.024 rows=1 loops=650)
                    Index Cond: (id = mk.movie_id)
                    Heap Fetches: 650
Planning time: 1.214 ms
Execution time: 13364.390 ms
