Seq Scan on movie_keyword mk  (cost=0.00..81003.12 rows=411570 width=0) (actual time=0.018..1044.003 rows=405706 loops=1)
  Filter: (keyword_id > 42770)
  Rows Removed by Filter: 4118224
Planning time: 0.219 ms
Execution time: 1093.412 ms
