Hash Join  (cost=797557.90..884219.09 rows=315 width=0) (actual time=9075.446..10472.180 rows=1042 loops=1)
  Hash Cond: (mk.movie_id = t.id)
  ->  Seq Scan on movie_keyword mk  (cost=0.00..69693.30 rows=4523930 width=4) (actual time=0.021..680.471 rows=4523930 loops=1)
  ->  Hash  (cost=797555.70..797555.70 rows=176 width=8) (actual time=9067.772..9067.772 rows=118 loops=1)
        Buckets: 1024  Batches: 1  Memory Usage: 13kB
        ->  Nested Loop  (cost=0.43..797555.70 rows=176 width=8) (actual time=4872.320..9067.701 rows=118 loops=1)
              ->  Seq Scan on cast_info ci  (cost=0.00..796071.18 rows=176 width=4) (actual time=4872.140..9064.951 rows=118 loops=1)
                    Filter: ((person_id = 784658) AND (role_id = 1))
                    Rows Removed by Filter: 36244226
              ->  Index Only Scan using title_pkey on title t  (cost=0.43..8.42 rows=1 width=4) (actual time=0.021..0.022 rows=1 loops=118)
                    Index Cond: (id = ci.movie_id)
                    Heap Fetches: 118
Planning time: 1.216 ms
Execution time: 10472.443 ms
