Hash Join  (cost=70241.71..139665.81 rows=56631 width=0) (actual time=986.040..2810.293 rows=29760 loops=1)
  Hash Cond: (mc.movie_id = t.id)
  ->  Seq Scan on movie_companies mc  (cost=0.00..57926.93 rows=890894 width=4) (actual time=0.016..922.849 rows=723858 loops=1)
        Filter: ((company_id > 1685) AND (company_type_id < 2))
        Rows Removed by Filter: 1885271
  ->  Hash  (cost=67604.59..67604.59 rows=160730 width=4) (actual time=984.834..984.834 rows=160017 loops=1)
        Buckets: 131072  Batches: 4  Memory Usage: 2436kB
        ->  Seq Scan on title t  (cost=0.00..67604.59 rows=160730 width=4) (actual time=0.026..932.880 rows=160017 loops=1)
              Filter: (production_year = 2011)
              Rows Removed by Filter: 2368295
Planning time: 0.811 ms
Execution time: 2814.061 ms
