Seq Scan on cast_info ci  (cost=0.00..796071.18 rows=10410506 width=0) (actual time=0.025..11383.178 rows=16184881 loops=1)
  Filter: ((person_id > 2014233) AND (role_id > 1))
  Rows Removed by Filter: 20059463
Planning time: 0.339 ms
Execution time: 13328.434 ms
