Hash Join  (cost=78556.72..1194786.84 rows=7586135 width=0) (actual time=1114.226..29050.666 rows=8161226 loops=1)
  Hash Cond: (ci.movie_id = t.id)
  ->  Seq Scan on cast_info ci  (cost=0.00..705507.15 rows=28735364 width=4) (actual time=0.021..13316.597 rows=28695431 loops=1)
        Filter: (person_id < 2918582)
        Rows Removed by Filter: 7548913
  ->  Hash  (cost=67604.59..67604.59 rows=667531 width=4) (actual time=1112.622..1112.622 rows=662825 loops=1)
        Buckets: 131072  Batches: 16  Memory Usage: 2476kB
        ->  Seq Scan on title t  (cost=0.00..67604.59 rows=667531 width=4) (actual time=0.019..907.835 rows=662825 loops=1)
              Filter: (kind_id < 2)
              Rows Removed by Filter: 1865487
Planning time: 0.736 ms
Execution time: 29849.600 ms
