Hash Join  (cost=102767.86..199173.20 rows=1188579 width=0) (actual time=2057.796..4498.409 rows=1274246 loops=1)
  Hash Cond: (mc.movie_id = t.id)
  ->  Seq Scan on movie_companies mc  (cost=0.00..57926.93 rows=1188579 width=4) (actual time=169.509..1173.979 rows=1274246 loops=1)
        Filter: ((company_id < 118039) AND (company_type_id < 2))
        Rows Removed by Filter: 1334883
  ->  Hash  (cost=61283.27..61283.27 rows=2528527 width=4) (actual time=1886.857..1886.857 rows=2528312 loops=1)
        Buckets: 131072  Batches: 64  Memory Usage: 2415kB
        ->  Seq Scan on title t  (cost=0.00..61283.27 rows=2528527 width=4) (actual time=0.007..1035.472 rows=2528312 loops=1)
Planning time: 0.516 ms
Execution time: 4644.013 ms
