Nested Loop  (cost=0.43..83071.67 rows=246 width=0) (actual time=1.099..995.826 rows=250 loops=1)
  ->  Seq Scan on movie_keyword mk  (cost=0.00..81003.12 rows=246 width=4) (actual time=1.055..988.644 rows=250 loops=1)
        Filter: (keyword_id = 53)
        Rows Removed by Filter: 4523680
  ->  Index Only Scan using title_pkey on title t  (cost=0.43..8.40 rows=1 width=4) (actual time=0.026..0.027 rows=1 loops=250)
        Index Cond: (id = mk.movie_id)
        Heap Fetches: 250
Planning time: 0.538 ms
Execution time: 996.025 ms
