Hash Join  (cost=102767.86..175448.55 rows=202570 width=0) (actual time=1977.390..3013.486 rows=402436 loops=1)
  Hash Cond: (mc.movie_id = t.id)
  ->  Seq Scan on movie_companies mc  (cost=0.00..57926.93 rows=202570 width=4) (actual time=409.247..812.790 rows=402436 loops=1)
        Filter: ((company_id > 81948) AND (company_type_id > 1))
        Rows Removed by Filter: 2206693
  ->  Hash  (cost=61283.27..61283.27 rows=2528527 width=4) (actual time=1566.452..1566.452 rows=2528312 loops=1)
        Buckets: 131072  Batches: 64  Memory Usage: 2415kB
        ->  Seq Scan on title t  (cost=0.00..61283.27 rows=2528527 width=4) (actual time=0.031..791.779 rows=2528312 loops=1)
Planning time: 0.632 ms
Execution time: 3056.351 ms
