Hash Join  (cost=100908.38..851924.77 rows=22715 width=0) (actual time=1532.340..14932.954 rows=172135 loops=1)
  Hash Cond: (ci.movie_id = t.id)
  ->  Seq Scan on cast_info ci  (cost=0.00..614943.12 rows=36225612 width=4) (actual time=0.013..6092.709 rows=36244344 loops=1)
  ->  Hash  (cost=100888.56..100888.56 rows=1586 width=8) (actual time=1531.594..1531.594 rows=7085 loops=1)
        Buckets: 8192 (originally 2048)  Batches: 1 (originally 1)  Memory Usage: 341kB
        ->  Hash Join  (cost=73962.22..100888.56 rows=1586 width=8) (actual time=957.099..1528.662 rows=7085 loops=1)
              Hash Cond: (mi_idx.movie_id = t.id)
              ->  Seq Scan on movie_info_idx mi_idx  (cost=0.00..21735.35 rows=1380035 width=4) (actual time=0.024..280.899 rows=1380035 loops=1)
              ->  Hash  (cost=73925.90..73925.90 rows=2905 width=4) (actual time=956.956..956.956 rows=5914 loops=1)
                    Buckets: 8192 (originally 4096)  Batches: 1 (originally 1)  Memory Usage: 272kB
                    ->  Seq Scan on title t  (cost=0.00..73925.90 rows=2905 width=4) (actual time=0.065..954.012 rows=5914 loops=1)
                          Filter: ((kind_id < 7) AND (production_year = 1974))
                          Rows Removed by Filter: 2522398
Planning time: 1.167 ms
Execution time: 14958.814 ms
