Seq Scan on movie_keyword mk  (cost=0.00..81003.12 rows=294460 width=0) (actual time=25.887..1100.081 rows=291701 loops=1)
  Filter: (keyword_id > 55237)
  Rows Removed by Filter: 4232229
Planning time: 0.318 ms
Execution time: 1140.124 ms
