Seq Scan on movie_keyword mk  (cost=0.00..81003.12 rows=3486222 width=0) (actual time=0.014..1306.570 rows=3476512 loops=1)
  Filter: (keyword_id < 16952)
  Rows Removed by Filter: 1047418
Planning time: 0.303 ms
Execution time: 1746.041 ms
