Hash Join  (cost=260082.48..1070763.02 rows=4054685 width=0) (actual time=14096.694..24033.023 rows=16781656 loops=1)
  Hash Cond: (ci.movie_id = t.id)
  ->  Seq Scan on cast_info ci  (cost=0.00..705507.15 rows=4320508 width=4) (actual time=8461.414..11020.316 rows=4323018 loops=1)
        Filter: (role_id = 10)
        Rows Removed by Filter: 31921326
  ->  Hash  (cost=221150.52..221150.52 rows=2372957 width=8) (actual time=5633.710..5633.710 rows=2370997 loops=1)
        Buckets: 131072  Batches: 32  Memory Usage: 3875kB
        ->  Hash Join  (cost=102767.86..221150.52 rows=2372957 width=8) (actual time=1615.614..4955.945 rows=2370997 loops=1)
              Hash Cond: (mc.movie_id = t.id)
              ->  Seq Scan on movie_companies mc  (cost=0.00..51404.11 rows=2372957 width=4) (actual time=0.024..1006.792 rows=2370997 loops=1)
                    Filter: (company_id < 103494)
                    Rows Removed by Filter: 238132
              ->  Hash  (cost=61283.27..61283.27 rows=2528527 width=4) (actual time=1614.040..1614.040 rows=2528312 loops=1)
                    Buckets: 131072  Batches: 64  Memory Usage: 2415kB
                    ->  Seq Scan on title t  (cost=0.00..61283.27 rows=2528527 width=4) (actual time=0.014..784.976 rows=2528312 loops=1)
Planning time: 0.774 ms
Execution time: 26144.611 ms
