Hash Join  (cost=81227.90..588714.81 rows=2594198 width=0) (actual time=1038.429..12869.415 rows=4209676 loops=1)
  Hash Cond: (mi.movie_id = t.id)
  ->  Seq Scan on movie_info mi  (cost=0.00..309384.22 rows=14739122 width=4) (actual time=0.017..4213.373 rows=14835720 loops=1)
  ->  Hash  (cost=73925.90..73925.90 rows=445040 width=4) (actual time=1037.549..1037.549 rows=343490 loops=1)
        Buckets: 131072  Batches: 8  Memory Usage: 2545kB
        ->  Seq Scan on title t  (cost=0.00..73925.90 rows=445040 width=4) (actual time=0.026..924.835 rows=343490 loops=1)
              Filter: ((kind_id < 3) AND (production_year > 1998))
              Rows Removed by Filter: 2184822
Planning time: 0.760 ms
Execution time: 13382.505 ms
