Hash Join  (cost=254197.97..843183.20 rows=8505537 width=0) (actual time=6163.741..70673.684 rows=212705035 loops=1)
  Hash Cond: (mi.movie_id = t.id)
  ->  Seq Scan on movie_info mi  (cost=0.00..309384.22 rows=14739122 width=4) (actual time=0.022..4709.927 rows=14835720 loops=1)
  ->  Hash  (cost=230258.69..230258.69 rows=1459143 width=8) (actual time=6162.047..6162.047 rows=3128327 loops=1)
        Buckets: 131072 (originally 131072)  Batches: 64 (originally 32)  Memory Usage: 3073kB
        ->  Hash Join  (cost=81720.25..230258.69 rows=1459143 width=8) (actual time=1186.100..5376.550 rows=3128327 loops=1)
              Hash Cond: (mk.movie_id = t.id)
              ->  Seq Scan on movie_keyword mk  (cost=0.00..81003.12 rows=4288235 width=4) (actual time=0.029..1589.942 rows=4271301 loops=1)
                    Filter: (keyword_id > 216)
                    Rows Removed by Filter: 252629
              ->  Hash  (cost=67604.59..67604.59 rows=860373 width=4) (actual time=1185.251..1185.251 rows=854214 loops=1)
                    Buckets: 131072  Batches: 16  Memory Usage: 2906kB
                    ->  Seq Scan on title t  (cost=0.00..67604.59 rows=860373 width=4) (actual time=0.029..904.725 rows=854214 loops=1)
                          Filter: (kind_id < 4)
                          Rows Removed by Filter: 1674098
Planning time: 2.011 ms
Execution time: 94343.669 ms
