Hash Join  (cost=79158.73..182420.71 rows=206671 width=0) (actual time=1766.368..3276.601 rows=44574 loops=1)
  Hash Cond: (mk.movie_id = t.id)
  ->  Seq Scan on movie_keyword mk  (cost=0.00..81003.12 rows=1638439 width=4) (actual time=0.028..1316.955 rows=1646933 loops=1)
        Filter: (keyword_id > 8927)
        Rows Removed by Filter: 2876997
  ->  Hash  (cost=73925.90..73925.90 rows=318946 width=4) (actual time=946.529..946.529 rows=209805 loops=1)
        Buckets: 131072  Batches: 8  Memory Usage: 1942kB
        ->  Seq Scan on title t  (cost=0.00..73925.90 rows=318946 width=4) (actual time=0.020..879.343 rows=209805 loops=1)
              Filter: ((production_year < 1981) AND (kind_id = 7))
              Rows Removed by Filter: 2318507
Planning time: 0.747 ms
Execution time: 3284.357 ms
