Hash Join  (cost=709678.15..796345.14 rows=895 width=0) (actual time=11748.789..12077.404 rows=42 loops=1)
  Hash Cond: (mk.movie_id = t.id)
  ->  Seq Scan on movie_keyword mk  (cost=0.00..69693.30 rows=4523930 width=4) (actual time=0.026..993.461 rows=4523930 loops=1)
  ->  Hash  (cost=709671.90..709671.90 rows=500 width=8) (actual time=10330.490..10330.490 rows=20 loops=1)
        Buckets: 1024  Batches: 1  Memory Usage: 9kB
        ->  Nested Loop  (cost=0.43..709671.90 rows=500 width=8) (actual time=2035.144..10330.451 rows=20 loops=1)
              ->  Seq Scan on cast_info ci  (cost=0.00..705507.15 rows=500 width=4) (actual time=2035.023..10328.844 rows=20 loops=1)
                    Filter: (person_id = 3037278)
                    Rows Removed by Filter: 36244324
              ->  Index Only Scan using title_pkey on title t  (cost=0.43..8.32 rows=1 width=4) (actual time=0.076..0.077 rows=1 loops=20)
                    Index Cond: (id = ci.movie_id)
                    Heap Fetches: 20
Planning time: 1.145 ms
Execution time: 12077.504 ms
