Seq Scan on movie_companies mc  (cost=0.00..57926.93 rows=1007199 width=0) (actual time=3.605..725.552 rows=867187 loops=1)
  Filter: ((company_id > 565) AND (company_type_id = 1))
  Rows Removed by Filter: 1741942
Planning time: 0.368 ms
Execution time: 809.852 ms
