Seq Scan on movie_keyword mk  (cost=0.00..81003.12 rows=246 width=0) (actual time=2.746..1084.749 rows=943 loops=1)
  Filter: (keyword_id = 475)
  Rows Removed by Filter: 4522987
Planning time: 0.379 ms
Execution time: 1085.095 ms
