Seq Scan on cast_info ci  (cost=0.00..705507.15 rows=500 width=0) (actual time=2444.884..9136.324 rows=13 loops=1)
  Filter: (person_id = 3784255)
  Rows Removed by Filter: 36244331
Planning time: 0.377 ms
Execution time: 9136.433 ms
