Seq Scan on cast_info ci  (cost=0.00..796071.18 rows=9697010 width=0) (actual time=0.016..11883.169 rows=15116889 loops=1)
  Filter: ((person_id > 2133710) AND (role_id > 1))
  Rows Removed by Filter: 21127455
Planning time: 0.608 ms
Execution time: 13738.323 ms
