Hash Join  (cost=215833.08..1173382.50 rows=4763494 width=0) (actual time=7100.971..20888.896 rows=6176529 loops=1)
  Hash Cond: (ci.movie_id = t.id)
  ->  Seq Scan on cast_info ci  (cost=0.00..796071.18 rows=9413413 width=4) (actual time=3290.276..10671.310 rows=7230582 loops=1)
        Filter: ((person_id > 2625813) AND (role_id < 10))
        Rows Removed by Filter: 29013762
  ->  Hash  (cost=194840.12..194840.12 rows=1279517 width=8) (actual time=3809.225..3809.225 rows=1274246 loops=1)
        Buckets: 131072  Batches: 32  Memory Usage: 2553kB
        ->  Hash Join  (cost=102767.86..194840.12 rows=1279517 width=8) (actual time=1433.707..3451.002 rows=1274246 loops=1)
              Hash Cond: (mc.movie_id = t.id)
              ->  Seq Scan on movie_companies mc  (cost=0.00..51404.11 rows=1279517 width=4) (actual time=0.035..649.008 rows=1274246 loops=1)
                    Filter: (company_type_id = 1)
                    Rows Removed by Filter: 1334883
              ->  Hash  (cost=61283.27..61283.27 rows=2528527 width=4) (actual time=1431.968..1431.968 rows=2528312 loops=1)
                    Buckets: 131072  Batches: 64  Memory Usage: 2415kB
                    ->  Seq Scan on title t  (cost=0.00..61283.27 rows=2528527 width=4) (actual time=0.020..727.352 rows=2528312 loops=1)
Planning time: 1.189 ms
Execution time: 21596.715 ms
