Hash Join  (cost=58375.85..85286.62 rows=29 width=0) (actual time=685.944..1175.318 rows=4167 loops=1)
  Hash Cond: (mi_idx.movie_id = t.id)
  ->  Seq Scan on movie_info_idx mi_idx  (cost=0.00..21735.35 rows=1380035 width=4) (actual time=0.019..227.876 rows=1380035 loops=1)
  ->  Hash  (cost=58375.18..58375.18 rows=53 width=8) (actual time=684.992..684.992 rows=1405 loops=1)
        Buckets: 2048 (originally 1024)  Batches: 1 (originally 1)  Memory Usage: 71kB
        ->  Nested Loop  (cost=0.43..58375.18 rows=53 width=8) (actual time=6.096..684.295 rows=1405 loops=1)
              ->  Seq Scan on movie_companies mc  (cost=0.00..57926.93 rows=53 width=4) (actual time=6.027..667.775 rows=1405 loops=1)
                    Filter: ((company_type_id > 1) AND (company_id = 3232))
                    Rows Removed by Filter: 2607724
              ->  Index Only Scan using title_pkey on title t  (cost=0.43..8.45 rows=1 width=4) (actual time=0.011..0.011 rows=1 loops=1405)
                    Index Cond: (id = mc.movie_id)
                    Heap Fetches: 1405
Planning time: 1.130 ms
Execution time: 1176.045 ms
