Seq Scan on title t  (cost=0.00..73925.90 rows=1362567 width=0) (actual time=0.025..1264.173 rows=1337599 loops=1)
  Filter: ((kind_id > 3) AND (production_year < 2011))
  Rows Removed by Filter: 1190713
Planning time: 0.357 ms
Execution time: 1432.302 ms
