Seq Scan on movie_companies mc  (cost=0.00..57926.93 rows=427204 width=0) (actual time=68.596..819.908 rows=754236 loops=1)
  Filter: ((company_id > 25460) AND (company_type_id > 1))
  Rows Removed by Filter: 1854893
Planning time: 0.691 ms
Execution time: 912.197 ms
