Hash Join  (cost=101489.21..163246.46 rows=88897 width=0) (actual time=2000.869..2685.287 rows=88356 loops=1)
  Hash Cond: (mc.movie_id = t.id)
  ->  Seq Scan on movie_companies mc  (cost=0.00..51404.11 rows=108834 width=4) (actual time=305.803..669.837 rows=109159 loops=1)
        Filter: (company_id > 152359)
        Rows Removed by Filter: 2499970
  ->  Hash  (cost=67604.59..67604.59 rows=2065330 width=4) (actual time=1693.752..1693.752 rows=2064552 loops=1)
        Buckets: 131072  Batches: 32  Memory Usage: 3289kB
        ->  Seq Scan on title t  (cost=0.00..67604.59 rows=2065330 width=4) (actual time=0.031..1040.191 rows=2064552 loops=1)
              Filter: (production_year < 2011)
              Rows Removed by Filter: 463760
Planning time: 0.728 ms
Execution time: 2692.379 ms
