Hash Join  (cost=175027.18..292915.42 rows=796282 width=0) (actual time=3420.516..6682.388 rows=3399658 loops=1)
  Hash Cond: (mk.movie_id = t.id)
  ->  Seq Scan on movie_keyword mk  (cost=0.00..81003.12 rows=2190745 width=4) (actual time=0.019..1303.921 rows=2191592 loops=1)
        Filter: (keyword_id > 5148)
        Rows Removed by Filter: 2332338
  ->  Hash  (cost=159947.97..159947.97 rows=919057 width=8) (actual time=3419.333..3419.333 rows=920110 loops=1)
        Buckets: 131072  Batches: 16  Memory Usage: 3283kB
        ->  Hash Join  (cost=102767.86..159947.97 rows=919057 width=8) (actual time=1635.154..3159.889 rows=920110 loops=1)
              Hash Cond: (mi_idx.movie_id = t.id)
              ->  Seq Scan on movie_info_idx mi_idx  (cost=0.00..25185.44 rows=919057 width=4) (actual time=0.021..457.986 rows=920110 loops=1)
                    Filter: (info_type_id > 99)
                    Rows Removed by Filter: 459925
              ->  Hash  (cost=61283.27..61283.27 rows=2528527 width=4) (actual time=1634.378..1634.378 rows=2528312 loops=1)
                    Buckets: 131072  Batches: 64  Memory Usage: 2415kB
                    ->  Seq Scan on title t  (cost=0.00..61283.27 rows=2528527 width=4) (actual time=0.020..808.309 rows=2528312 loops=1)
Planning time: 1.161 ms
Execution time: 7000.981 ms
