Hash Join  (cost=74509.97..103296.13 rows=16910 width=0) (actual time=1101.963..1710.001 rows=6110 loops=1)
  Hash Cond: (mi_idx.movie_id = t.id)
  ->  Seq Scan on movie_info_idx mi_idx  (cost=0.00..25185.44 rows=915101 width=4) (actual time=0.020..418.634 rows=919850 loops=1)
        Filter: (info_type_id < 101)
        Rows Removed by Filter: 460185
  ->  Hash  (cost=73925.90..73925.90 rows=46725 width=4) (actual time=1099.855..1099.855 rows=43011 loops=1)
        Buckets: 65536  Batches: 1  Memory Usage: 2025kB
        ->  Seq Scan on title t  (cost=0.00..73925.90 rows=46725 width=4) (actual time=0.015..1081.424 rows=43011 loops=1)
              Filter: ((kind_id > 2) AND (production_year > 2012))
              Rows Removed by Filter: 2485301
Planning time: 0.753 ms
Execution time: 1711.039 ms
