Hash Join  (cost=190230.21..1255193.82 rows=11353652 width=0) (actual time=4244.436..31631.924 rows=23720450 loops=1)
  Hash Cond: (ci.movie_id = t.id)
  ->  Seq Scan on cast_info ci  (cost=0.00..705507.15 rows=20802383 width=4) (actual time=0.011..11952.639 rows=20686958 loops=1)
        Filter: (person_id < 2082897)
        Rows Removed by Filter: 15557386
  ->  Hash  (cost=167588.78..167588.78 rows=1380035 width=8) (actual time=4243.734..4243.734 rows=1380035 loops=1)
        Buckets: 131072  Batches: 32  Memory Usage: 2708kB
        ->  Hash Join  (cost=102767.86..167588.78 rows=1380035 width=8) (actual time=1657.330..3814.809 rows=1380035 loops=1)
              Hash Cond: (mi_idx.movie_id = t.id)
              ->  Seq Scan on movie_info_idx mi_idx  (cost=0.00..21735.35 rows=1380035 width=4) (actual time=0.019..362.917 rows=1380035 loops=1)
              ->  Hash  (cost=61283.27..61283.27 rows=2528527 width=4) (actual time=1656.108..1656.108 rows=2528312 loops=1)
                    Buckets: 131072  Batches: 64  Memory Usage: 2415kB
                    ->  Seq Scan on title t  (cost=0.00..61283.27 rows=2528527 width=4) (actual time=0.019..834.466 rows=2528312 loops=1)
Planning time: 1.855 ms
Execution time: 34002.091 ms
