Hash Join  (cost=130666.45..217495.10 rows=17061 width=0) (actual time=2966.277..3352.227 rows=69920 loops=1)
  Hash Cond: (mk.movie_id = t.id)
  ->  Seq Scan on movie_keyword mk  (cost=0.00..69693.30 rows=4523930 width=4) (actual time=0.017..870.403 rows=4523930 loops=1)
  ->  Hash  (cost=130547.25..130547.25 rows=9536 width=8) (actual time=1606.977..1606.977 rows=21893 loops=1)
        Buckets: 32768 (originally 16384)  Batches: 1 (originally 1)  Memory Usage: 1112kB
        ->  Hash Join  (cost=69090.10..130547.25 rows=9536 width=8) (actual time=835.690..1598.622 rows=21893 loops=1)
              Hash Cond: (mc.movie_id = t.id)
              ->  Seq Scan on movie_companies mc  (cost=0.00..57926.93 rows=266361 width=4) (actual time=0.028..687.635 rows=140362 loops=1)
                    Filter: ((company_id < 483) AND (company_type_id > 1))
                    Rows Removed by Filter: 2468767
              ->  Hash  (cost=67604.59..67604.59 rows=90521 width=4) (actual time=834.961..834.961 rows=90852 loops=1)
                    Buckets: 131072  Batches: 2  Memory Usage: 2626kB
                    ->  Seq Scan on title t  (cost=0.00..67604.59 rows=90521 width=4) (actual time=132.815..801.720 rows=90852 loops=1)
                          Filter: (kind_id = 2)
                          Rows Removed by Filter: 2437460
Planning time: 0.982 ms
Execution time: 3361.917 ms
