Hash Join  (cost=86241.46..158637.04 rows=280619 width=0) (actual time=2050.979..3514.251 rows=457533 loops=1)
  Hash Cond: (mc.movie_id = t.id)
  ->  Seq Scan on movie_companies mc  (cost=0.00..57926.93 rows=624655 width=4) (actual time=399.373..1020.520 rows=890762 loops=1)
        Filter: ((company_id > 11806) AND (company_type_id = 2))
        Rows Removed by Filter: 1718367
  ->  Hash  (cost=67604.59..67604.59 rows=1135910 width=4) (actual time=1650.347..1650.347 rows=1133355 loops=1)
        Buckets: 131072  Batches: 16  Memory Usage: 3516kB
        ->  Seq Scan on title t  (cost=0.00..67604.59 rows=1135910 width=4) (actual time=0.017..1281.309 rows=1133355 loops=1)
              Filter: (production_year < 2002)
              Rows Removed by Filter: 1394957
Planning time: 0.773 ms
Execution time: 3575.747 ms
