Hash Join  (cost=75676.34..200003.96 rows=190858 width=0) (actual time=960.064..4047.839 rows=736292 loops=1)
  Hash Cond: (mk.movie_id = t.id)
  ->  Seq Scan on movie_keyword mk  (cost=0.00..69693.30 rows=4523930 width=4) (actual time=0.020..1146.357 rows=4523930 loops=1)
  ->  Hash  (cost=73925.90..73925.90 rows=106675 width=4) (actual time=959.199..959.199 rows=207824 loops=1)
        Buckets: 131072 (originally 131072)  Batches: 4 (originally 2)  Memory Usage: 3073kB
        ->  Seq Scan on title t  (cost=0.00..73925.90 rows=106675 width=4) (actual time=0.359..880.812 rows=207824 loops=1)
              Filter: ((kind_id < 7) AND (production_year < 1963))
              Rows Removed by Filter: 2320488
Planning time: 0.707 ms
Execution time: 4146.993 ms
