Seq Scan on movie_keyword mk  (cost=0.00..81003.12 rows=246 width=0) (actual time=42.545..1061.165 rows=17 loops=1)
  Filter: (keyword_id = 45153)
  Rows Removed by Filter: 4523913
Planning time: 0.349 ms
Execution time: 1061.275 ms
