Hash Join  (cost=95061.31..180198.45 rows=323706 width=134) (actual time=1586.494..3263.468 rows=312183 loops=1)
  Hash Cond: (mc.movie_id = t.id)
  ->  Seq Scan on movie_companies mc  (cost=0.00..51404.11 rows=809323 width=40) (actual time=0.028..842.947 rows=816286 loops=1)
        Filter: (company_id > 28530)
        Rows Removed by Filter: 1792843
  ->  Hash  (cost=67604.59..67604.59 rows=1011338 width=94) (actual time=1585.821..1585.821 rows=1012920 loops=1)
        Buckets: 32768  Batches: 64  Memory Usage: 2052kB
        ->  Seq Scan on title t  (cost=0.00..67604.59 rows=1011338 width=94) (actual time=0.030..1130.152 rows=1012920 loops=1)
              Filter: (production_year > 2005)
              Rows Removed by Filter: 1515392
Planning time: 0.975 ms
Execution time: 3281.566 ms
