Hash Join  (cost=365418.15..2152604.71 rows=55252501 width=0) (actual time=7500.117..74970.173 rows=172298781 loops=1)
  Hash Cond: (ci.movie_id = t.id)
  ->  Seq Scan on cast_info ci  (cost=0.00..705507.15 rows=30881875 width=4) (actual time=0.061..13561.450 rows=30824043 loops=1)
        Filter: (person_id < 3114768)
        Rows Removed by Filter: 5420301
  ->  Hash  (cost=291197.02..291197.02 rows=4523930 width=8) (actual time=7498.743..7498.743 rows=4523930 loops=1)
        Buckets: 131072  Batches: 64  Memory Usage: 3816kB
        ->  Hash Join  (cost=102767.86..291197.02 rows=4523930 width=8) (actual time=1618.472..6303.606 rows=4523930 loops=1)
              Hash Cond: (mk.movie_id = t.id)
              ->  Seq Scan on movie_keyword mk  (cost=0.00..69693.30 rows=4523930 width=4) (actual time=0.022..1198.193 rows=4523930 loops=1)
              ->  Hash  (cost=61283.27..61283.27 rows=2528527 width=4) (actual time=1617.602..1617.602 rows=2528312 loops=1)
                    Buckets: 131072  Batches: 64  Memory Usage: 2425kB
                    ->  Seq Scan on title t  (cost=0.00..61283.27 rows=2528527 width=4) (actual time=0.009..772.274 rows=2528312 loops=1)
Planning time: 1.136 ms
Execution time: 92429.196 ms
