Hash Join  (cost=130062.66..886941.27 rows=608945 width=0) (actual time=2128.937..16557.388 rows=524023 loops=1)
  Hash Cond: (ci.movie_id = t.id)
  ->  Seq Scan on cast_info ci  (cost=0.00..614943.12 rows=36225612 width=4) (actual time=0.024..6274.055 rows=36244344 loops=1)
  ->  Hash  (cost=129531.36..129531.36 rows=42504 width=8) (actual time=2127.302..2127.302 rows=14427 loops=1)
        Buckets: 65536  Batches: 1  Memory Usage: 1076kB
        ->  Hash Join  (cost=74440.79..129531.36 rows=42504 width=8) (actual time=973.763..2121.730 rows=14427 loops=1)
              Hash Cond: (mc.movie_id = t.id)
              ->  Seq Scan on movie_companies mc  (cost=0.00..44881.29 rows=2609129 width=4) (actual time=0.048..487.831 rows=2609129 loops=1)
              ->  Hash  (cost=73925.90..73925.90 rows=41191 width=4) (actual time=973.360..973.360 rows=43851 loops=1)
                    Buckets: 65536  Batches: 1  Memory Usage: 2054kB
                    ->  Seq Scan on title t  (cost=0.00..73925.90 rows=41191 width=4) (actual time=59.846..954.753 rows=43851 loops=1)
                          Filter: ((kind_id = 7) AND (production_year = 2003))
                          Rows Removed by Filter: 2484461
Planning time: 1.227 ms
Execution time: 16627.266 ms
