Seq Scan on cast_info ci  (cost=0.00..796071.18 rows=176 width=0) (actual time=1078.148..10334.948 rows=569 loops=1)
  Filter: ((role_id < 2) AND (person_id = 179042))
  Rows Removed by Filter: 36243775
Planning time: 0.400 ms
Execution time: 10335.102 ms
