Hash Join  (cost=82776.67..225848.66 rows=933962 width=0) (actual time=1471.528..5250.093 rows=1529025 loops=1)
  Hash Cond: (mk.movie_id = t.id)
  ->  Seq Scan on movie_keyword mk  (cost=0.00..81003.12 rows=4377933 width=4) (actual time=0.026..1602.948 rows=4378709 loops=1)
        Filter: (keyword_id < 74351)
        Rows Removed by Filter: 145221
  ->  Hash  (cost=73925.90..73925.90 rows=539421 width=4) (actual time=1470.479..1470.479 rows=459810 loops=1)
        Buckets: 131072  Batches: 8  Memory Usage: 3049kB
        ->  Seq Scan on title t  (cost=0.00..73925.90 rows=539421 width=4) (actual time=0.024..1040.873 rows=459810 loops=1)
              Filter: ((kind_id < 7) AND (production_year > 2000))
              Rows Removed by Filter: 2068502
Planning time: 0.757 ms
Execution time: 5414.666 ms
