Hash Join  (cost=79653.55..1007040.65 rows=1386151 width=0) (actual time=4529.704..21140.849 rows=1445080 loops=1)
  Hash Cond: (ci.movie_id = t.id)
  ->  Seq Scan on cast_info ci  (cost=0.00..796071.18 rows=10040107 width=4) (actual time=3514.837..13713.624 rows=12670688 loops=1)
        Filter: ((person_id < 2908379) AND (role_id = 1))
        Rows Removed by Filter: 23573656
  ->  Hash  (cost=73925.90..73925.90 rows=349092 width=4) (actual time=1013.846..1013.846 rows=265275 loops=1)
        Buckets: 131072  Batches: 8  Memory Usage: 2190kB
        ->  Seq Scan on title t  (cost=0.00..73925.90 rows=349092 width=4) (actual time=80.271..932.694 rows=265275 loops=1)
              Filter: ((production_year > 2001) AND (kind_id = 1))
              Rows Removed by Filter: 2263037
Planning time: 0.778 ms
Execution time: 21304.926 ms
