Hash Join  (cost=135978.91..216474.99 rows=395056 width=0) (actual time=2876.003..5729.845 rows=2667856 loops=1)
  Hash Cond: (mc.movie_id = t.id)
  ->  Seq Scan on movie_companies mc  (cost=0.00..44881.29 rows=2609129 width=4) (actual time=0.013..787.830 rows=2609129 loops=1)
  ->  Hash  (cost=129697.26..129697.26 rows=382852 width=8) (actual time=2875.067..2875.067 rows=798605 loops=1)
        Buckets: 131072 (originally 131072)  Batches: 16 (originally 8)  Memory Usage: 3073kB
        ->  Hash Join  (cost=85435.26..129697.26 rows=382852 width=8) (actual time=1235.760..2630.146 rows=798605 loops=1)
              Hash Cond: (mi_idx.movie_id = t.id)
              ->  Seq Scan on movie_info_idx mi_idx  (cost=0.00..21735.35 rows=1380035 width=4) (actual time=0.010..391.954 rows=1380035 loops=1)
              ->  Hash  (cost=73925.90..73925.90 rows=701468 width=4) (actual time=1234.751..1234.751 rows=749931 loops=1)
                    Buckets: 131072  Batches: 16  Memory Usage: 2673kB
                    ->  Seq Scan on title t  (cost=0.00..73925.90 rows=701468 width=4) (actual time=0.013..1003.206 rows=749931 loops=1)
                          Filter: ((kind_id < 7) AND (production_year < 2009))
                          Rows Removed by Filter: 1778381
Planning time: 0.904 ms
Execution time: 6067.325 ms
