Hash Join  (cost=102767.86..177606.94 rows=563383 width=0) (actual time=2148.539..3919.783 rows=561678 loops=1)
  Hash Cond: (mc.movie_id = t.id)
  ->  Seq Scan on movie_companies mc  (cost=0.00..51404.11 rows=563383 width=4) (actual time=0.030..879.303 rows=561678 loops=1)
        Filter: (company_id < 596)
        Rows Removed by Filter: 2047451
  ->  Hash  (cost=61283.27..61283.27 rows=2528527 width=4) (actual time=2146.879..2146.879 rows=2528312 loops=1)
        Buckets: 131072  Batches: 64  Memory Usage: 2415kB
        ->  Seq Scan on title t  (cost=0.00..61283.27 rows=2528527 width=4) (actual time=0.010..1022.618 rows=2528312 loops=1)
Planning time: 0.724 ms
Execution time: 3983.516 ms
