Hash Join  (cost=83074.55..109986.02 rows=99 width=0) (actual time=1124.272..1640.496 rows=1752 loops=1)
  Hash Cond: (mi_idx.movie_id = t.id)
  ->  Seq Scan on movie_info_idx mi_idx  (cost=0.00..21735.35 rows=1380035 width=4) (actual time=0.017..255.550 rows=1380035 loops=1)
  ->  Hash  (cost=83072.29..83072.29 rows=181 width=8) (actual time=1122.755..1122.755 rows=1087 loops=1)
        Buckets: 2048 (originally 1024)  Batches: 1 (originally 1)  Memory Usage: 59kB
        ->  Nested Loop  (cost=0.43..83072.29 rows=181 width=8) (actual time=1.378..1121.950 rows=1087 loops=1)
              ->  Seq Scan on movie_keyword mk  (cost=0.00..81003.12 rows=246 width=4) (actual time=0.079..1056.427 rows=2966 loops=1)
                    Filter: (keyword_id = 2021)
                    Rows Removed by Filter: 4520964
              ->  Index Scan using title_pkey on title t  (cost=0.43..8.40 rows=1 width=4) (actual time=0.021..0.021 rows=0 loops=2966)
                    Index Cond: (id = mk.movie_id)
                    Filter: (kind_id > 1)
                    Rows Removed by Filter: 1
Planning time: 1.116 ms
Execution time: 1640.901 ms
