Hash Join  (cost=80493.69..964945.94 rows=1045539 width=0) (actual time=1194.918..18000.312 rows=1347910 loops=1)
  Hash Cond: (ci.movie_id = t.id)
  ->  Seq Scan on cast_info ci  (cost=0.00..796071.18 rows=6604181 width=4) (actual time=0.011..12881.305 rows=7957624 loops=1)
        Filter: ((person_id > 1066464) AND (role_id > 4))
        Rows Removed by Filter: 28286720
  ->  Hash  (cost=73925.90..73925.90 rows=400303 width=4) (actual time=1193.925..1193.925 rows=500611 loops=1)
        Buckets: 131072  Batches: 8  Memory Usage: 3236kB
        ->  Seq Scan on title t  (cost=0.00..73925.90 rows=400303 width=4) (actual time=0.028..1035.455 rows=500611 loops=1)
              Filter: ((kind_id < 7) AND (production_year < 2000))
              Rows Removed by Filter: 2027701
Planning time: 0.779 ms
Execution time: 18156.596 ms
