Seq Scan on cast_info ci  (cost=0.00..796071.18 rows=435 width=0) (actual time=8024.791..12138.065 rows=1 loops=1)
  Filter: ((role_id < 10) AND (person_id = 1407840))
  Rows Removed by Filter: 36244343
Planning time: 0.357 ms
Execution time: 12138.195 ms
