Seq Scan on movie_companies mc  (cost=0.00..57926.93 rows=595359 width=0) (actual time=48.975..800.399 rows=336871 loops=1)
  Filter: ((company_id > 11961) AND (company_type_id = 1))
  Rows Removed by Filter: 2272258
Planning time: 0.333 ms
Execution time: 844.002 ms
