Hash Join  (cost=118482.50..869273.24 rows=159 width=0) (actual time=1214.577..13901.954 rows=914 loops=1)
  Hash Cond: (ci.movie_id = t.id)
  ->  Seq Scan on cast_info ci  (cost=0.00..614943.12 rows=36225612 width=4) (actual time=0.019..6254.794 rows=36244344 loops=1)
  ->  Hash  (cost=118482.36..118482.36 rows=11 width=8) (actual time=1195.449..1195.449 rows=25 loops=1)
        Buckets: 1024  Batches: 1  Memory Usage: 9kB
        ->  Nested Loop  (cost=0.43..118482.36 rows=11 width=8) (actual time=60.171..1195.365 rows=25 loops=1)
              ->  Seq Scan on movie_keyword mk  (cost=0.00..81003.12 rows=5127 width=4) (actual time=0.038..1102.994 rows=6286 loops=1)
                    Filter: (keyword_id = 2276)
                    Rows Removed by Filter: 4517644
              ->  Index Scan using title_pkey on title t  (cost=0.43..7.30 rows=1 width=4) (actual time=0.014..0.014 rows=0 loops=6286)
                    Index Cond: (id = mk.movie_id)
                    Filter: ((kind_id > 1) AND (production_year = 1991))
                    Rows Removed by Filter: 1
Planning time: 1.203 ms
Execution time: 13902.724 ms
