Nested Loop  (cost=32807.94..399524.49 rows=3296 width=0) (actual time=2457.229..5125.623 rows=97544 loops=1)
  Join Filter: (mi.movie_id = t.id)
  ->  Hash Join  (cost=32807.51..384315.00 rows=17949 width=8) (actual time=2457.167..4221.714 rows=97544 loops=1)
        Hash Cond: (mi.movie_id = mi_idx.movie_id)
        ->  Seq Scan on movie_info mi  (cost=0.00..346232.03 rows=17937 width=4) (actual time=1912.998..3489.993 rows=140065 loops=1)
              Filter: (info_type_id = 9)
              Rows Removed by Filter: 14695655
        ->  Hash  (cost=25185.44..25185.44 rows=464566 width=4) (actual time=543.132..543.132 rows=459925 loops=1)
              Buckets: 131072  Batches: 8  Memory Usage: 3059kB
              ->  Seq Scan on movie_info_idx mi_idx  (cost=0.00..25185.44 rows=464566 width=4) (actual time=0.046..395.816 rows=459925 loops=1)
                    Filter: (info_type_id = 101)
                    Rows Removed by Filter: 920110
  ->  Index Only Scan using title_pkey on title t  (cost=0.43..0.83 rows=1 width=4) (actual time=0.008..0.009 rows=1 loops=97544)
        Index Cond: (id = mi_idx.movie_id)
        Heap Fetches: 97544
Planning time: 1.155 ms
Execution time: 5143.896 ms
