Nested Loop  (cost=0.43..83071.67 rows=246 width=0) (actual time=3.339..1082.971 rows=1395 loops=1)
  ->  Seq Scan on movie_keyword mk  (cost=0.00..81003.12 rows=246 width=4) (actual time=1.695..1036.692 rows=1395 loops=1)
        Filter: (keyword_id = 6239)
        Rows Removed by Filter: 4522535
  ->  Index Only Scan using title_pkey on title t  (cost=0.43..8.40 rows=1 width=4) (actual time=0.032..0.032 rows=1 loops=1395)
        Index Cond: (id = mk.movie_id)
        Heap Fetches: 1395
Planning time: 0.521 ms
Execution time: 1083.477 ms
