Seq Scan on movie_companies mc  (cost=0.00..51404.11 rows=479262 width=0) (actual time=287.953..848.056 rows=482414 loops=1)
  Filter: (company_id > 75107)
  Rows Removed by Filter: 2126715
Planning time: 0.343 ms
Execution time: 909.017 ms
