Seq Scan on movie_keyword mk  (cost=0.00..81003.12 rows=3671546 width=0) (actual time=0.025..1348.848 rows=3665065 loops=1)
  Filter: (keyword_id < 21397)
  Rows Removed by Filter: 858865
Planning time: 0.289 ms
Execution time: 1823.482 ms
