Seq Scan on cast_info ci  (cost=0.00..705507.15 rows=11001886 width=0) (actual time=104.087..9144.345 rows=10914412 loops=1)
  Filter: (person_id < 1072239)
  Rows Removed by Filter: 25329932
Planning time: 0.293 ms
Execution time: 10346.104 ms
