Hash Join  (cost=231149.99..1412875.61 rows=14399541 width=0) (actual time=5288.319..49183.084 rows=52351471 loops=1)
  Hash Cond: (ci.movie_id = t.id)
  ->  Seq Scan on cast_info ci  (cost=0.00..614943.12 rows=36225612 width=4) (actual time=0.015..13243.554 rows=36244344 loops=1)
  ->  Hash  (cost=214659.49..214659.49 rows=1005080 width=8) (actual time=5287.446..5287.446 rows=1195105 loops=1)
        Buckets: 131072  Batches: 16  Memory Usage: 3967kB
        ->  Hash Join  (cost=99161.12..214659.49 rows=1005080 width=8) (actual time=2023.040..4919.274 rows=1195105 loops=1)
              Hash Cond: (mk.movie_id = t.id)
              ->  Seq Scan on movie_keyword mk  (cost=0.00..81003.12 rows=1321289 width=4) (actual time=0.013..1532.161 rows=1332412 loops=1)
                    Filter: (keyword_id < 1741)
                    Rows Removed by Filter: 3191518
              ->  Hash  (cost=67604.59..67604.59 rows=1923403 width=4) (actual time=2021.604..2021.604 rows=1922849 loops=1)
                    Buckets: 131072  Batches: 32  Memory Usage: 3141kB
                    ->  Seq Scan on title t  (cost=0.00..67604.59 rows=1923403 width=4) (actual time=0.016..1368.775 rows=1922849 loops=1)
                          Filter: (production_year < 2010)
                          Rows Removed by Filter: 605463
Planning time: 0.768 ms
Execution time: 55079.032 ms
