Hash Join  (cost=106271.04..167758.41 rows=1286285 width=0) (actual time=1856.317..3717.351 rows=1358729 loops=1)
  Hash Cond: (mi_idx.movie_id = t.id)
  ->  Seq Scan on movie_info_idx mi_idx  (cost=0.00..21735.35 rows=1380035 width=4) (actual time=0.026..403.137 rows=1380035 loops=1)
  ->  Hash  (cost=67604.59..67604.59 rows=2356756 width=4) (actual time=1855.205..1855.205 rows=2352238 loops=1)
        Buckets: 131072  Batches: 32  Memory Usage: 3612kB
        ->  Seq Scan on title t  (cost=0.00..67604.59 rows=2356756 width=4) (actual time=0.023..1101.928 rows=2352238 loops=1)
              Filter: (production_year > 1925)
              Rows Removed by Filter: 176074
Planning time: 0.675 ms
Execution time: 3880.146 ms
