Seq Scan on cast_info ci  (cost=0.00..796071.18 rows=176 width=0) (actual time=3209.398..8805.798 rows=615 loops=1)
  Filter: ((person_id = 481058) AND (role_id = 1))
  Rows Removed by Filter: 36243729
Planning time: 0.389 ms
Execution time: 8805.972 ms
