Seq Scan on movie_keyword mk  (cost=0.00..81003.12 rows=246 width=0) (actual time=0.914..1051.030 rows=385 loops=1)
  Filter: (keyword_id = 9751)
  Rows Removed by Filter: 4523545
Planning time: 0.227 ms
Execution time: 1051.286 ms
