Seq Scan on cast_info ci  (cost=0.00..796071.18 rows=673776 width=0) (actual time=1646.518..7947.074 rows=815866 loops=1)
  Filter: ((person_id < 114481) AND (role_id < 3))
  Rows Removed by Filter: 35428478
Planning time: 0.307 ms
Execution time: 8049.796 ms
