Seq Scan on cast_info ci  (cost=0.00..705507.15 rows=16846594 width=0) (actual time=0.030..10228.327 rows=16702663 loops=1)
  Filter: (person_id < 1653535)
  Rows Removed by Filter: 19541681
Planning time: 0.340 ms
Execution time: 12336.155 ms
