Hash Join  (cost=88334.42..209823.15 rows=855920 width=0) (actual time=1363.455..4051.073 rows=393274 loops=1)
  Hash Cond: (mk.movie_id = t.id)
  ->  Seq Scan on movie_keyword mk  (cost=0.00..81003.12 rows=2464376 width=4) (actual time=0.028..1379.273 rows=2462042 loops=1)
        Filter: (keyword_id < 5907)
        Rows Removed by Filter: 2061888
  ->  Hash  (cost=73925.90..73925.90 rows=878201 width=4) (actual time=1361.868..1361.868 rows=947729 loops=1)
        Buckets: 131072  Batches: 16  Memory Usage: 3119kB
        ->  Seq Scan on title t  (cost=0.00..73925.90 rows=878201 width=4) (actual time=0.018..1055.753 rows=947729 loops=1)
              Filter: ((kind_id > 1) AND (production_year > 2003))
              Rows Removed by Filter: 1580583
Planning time: 0.641 ms
Execution time: 4101.057 ms
