Hash Join  (cost=285302.95..1697707.56 rows=32447243 width=0) (actual time=6044.486..59517.427 rows=106036050 loops=1)
  Hash Cond: (ci.movie_id = t.id)
  ->  Seq Scan on cast_info ci  (cost=0.00..614943.12 rows=36225612 width=4) (actual time=0.018..10984.835 rows=36244344 loops=1)
  ->  Hash  (cost=248145.97..248145.97 rows=2264799 width=8) (actual time=6043.221..6043.221 rows=2267120 loops=1)
        Buckets: 131072  Batches: 32  Memory Usage: 3778kB
        ->  Hash Join  (cost=102767.86..248145.97 rows=2264799 width=8) (actual time=1744.688..5355.798 rows=2267120 loops=1)
              Hash Cond: (mk.movie_id = t.id)
              ->  Seq Scan on movie_keyword mk  (cost=0.00..81003.12 rows=2264799 width=4) (actual time=0.011..1433.536 rows=2267120 loops=1)
                    Filter: (keyword_id < 4740)
                    Rows Removed by Filter: 2256810
              ->  Hash  (cost=61283.27..61283.27 rows=2528527 width=4) (actual time=1742.929..1742.929 rows=2528312 loops=1)
                    Buckets: 131072  Batches: 64  Memory Usage: 2425kB
                    ->  Seq Scan on title t  (cost=0.00..61283.27 rows=2528527 width=4) (actual time=0.019..874.125 rows=2528312 loops=1)
Planning time: 0.753 ms
Execution time: 70297.214 ms
