Hash Join  (cost=58358.70..145016.99 rows=25 width=0) (actual time=918.084..2338.308 rows=1408 loops=1)
  Hash Cond: (mk.movie_id = t.id)
  ->  Seq Scan on movie_keyword mk  (cost=0.00..69693.30 rows=4523930 width=4) (actual time=0.016..770.398 rows=4523930 loops=1)
  ->  Hash  (cost=58358.52..58358.52 rows=14 width=8) (actual time=766.984..766.984 rows=24 loops=1)
        Buckets: 1024  Batches: 1  Memory Usage: 9kB
        ->  Nested Loop  (cost=0.43..58358.52 rows=14 width=8) (actual time=2.949..766.944 rows=24 loops=1)
              ->  Seq Scan on movie_companies mc  (cost=0.00..57926.93 rows=51 width=4) (actual time=2.897..762.901 rows=24 loops=1)
                    Filter: ((company_type_id < 2) AND (company_id = 11272))
                    Rows Removed by Filter: 2609105
              ->  Index Scan using title_pkey on title t  (cost=0.43..8.45 rows=1 width=4) (actual time=0.163..0.164 rows=1 loops=24)
                    Index Cond: (id = mc.movie_id)
                    Filter: ((kind_id < 7) AND (production_year < 2009))
Planning time: 1.095 ms
Execution time: 2338.664 ms
