Hash Join  (cost=74131.99..886702.39 rows=182977 width=0) (actual time=928.933..18334.663 rows=195459 loops=1)
  Hash Cond: (ci.movie_id = t.id)
  ->  Seq Scan on cast_info ci  (cost=0.00..705507.15 rows=28062261 width=4) (actual time=0.018..11095.517 rows=28212680 loops=1)
        Filter: (person_id > 785522)
        Rows Removed by Filter: 8031664
  ->  Hash  (cost=73925.90..73925.90 rows=16487 width=4) (actual time=928.674..928.674 rows=16247 loops=1)
        Buckets: 32768  Batches: 1  Memory Usage: 828kB
        ->  Seq Scan on title t  (cost=0.00..73925.90 rows=16487 width=4) (actual time=0.039..921.719 rows=16247 loops=1)
              Filter: ((kind_id = 7) AND (production_year = 1993))
              Rows Removed by Filter: 2512065
Planning time: 0.669 ms
Execution time: 18364.172 ms
