Hash Join  (cost=216150.24..1038202.42 rows=2028977 width=0) (actual time=9829.170..21245.210 rows=2583747 loops=1)
  Hash Cond: (ci.movie_id = t.id)
  ->  Seq Scan on cast_info ci  (cost=0.00..705507.15 rows=7298253 width=4) (actual time=5874.697..11927.970 rows=7451973 loops=1)
        Filter: (role_id = 2)
        Rows Removed by Filter: 28792371
  ->  Hash  (cost=204617.35..204617.35 rows=702952 width=8) (actual time=3953.218..3953.218 rows=299534 loops=1)
        Buckets: 131072  Batches: 16  Memory Usage: 1768kB
        ->  Hash Join  (cost=74050.79..204617.35 rows=702952 width=8) (actual time=973.409..3878.809 rows=299534 loops=1)
              Hash Cond: (mk.movie_id = t.id)
              ->  Seq Scan on movie_keyword mk  (cost=0.00..69693.30 rows=4523930 width=4) (actual time=0.024..1132.428 rows=4523930 loops=1)
              ->  Hash  (cost=67604.59..67604.59 rows=392896 width=4) (actual time=971.548..971.548 rows=391666 loops=1)
                    Buckets: 131072  Batches: 8  Memory Usage: 2759kB
                    ->  Seq Scan on title t  (cost=0.00..67604.59 rows=392896 width=4) (actual time=0.023..843.430 rows=391666 loops=1)
                          Filter: (production_year > 2010)
                          Rows Removed by Filter: 2136646
Planning time: 1.169 ms
Execution time: 21545.802 ms
