Hash Join  (cost=146028.86..243385.99 rows=72912 width=0) (actual time=2565.893..4257.310 rows=320135 loops=1)
  Hash Cond: (mk.movie_id = t.id)
  ->  Seq Scan on movie_keyword mk  (cost=0.00..81003.12 rows=1303437 width=4) (actual time=0.031..1116.947 rows=1317286 loops=1)
        Filter: (keyword_id > 13255)
        Rows Removed by Filter: 3206644
  ->  Hash  (cost=143707.84..143707.84 rows=141442 width=8) (actual time=2564.961..2564.961 rows=174096 loops=1)
        Buckets: 131072 (originally 131072)  Batches: 4 (originally 2)  Memory Usage: 3073kB
        ->  Hash Join  (cost=82805.75..143707.84 rows=141442 width=8) (actual time=1382.164..2512.143 rows=174096 loops=1)
              Hash Cond: (mc.movie_id = t.id)
              ->  Seq Scan on movie_companies mc  (cost=0.00..51404.11 rows=386014 width=4) (actual time=0.025..758.669 rows=391147 loops=1)
                    Filter: (company_id > 83192)
                    Rows Removed by Filter: 2217982
              ->  Hash  (cost=67604.59..67604.59 rows=926493 width=4) (actual time=1381.214..1381.214 rows=924605 loops=1)
                    Buckets: 131072  Batches: 16  Memory Usage: 3056kB
                    ->  Seq Scan on title t  (cost=0.00..67604.59 rows=926493 width=4) (actual time=0.014..1086.154 rows=924605 loops=1)
                          Filter: (production_year < 1998)
                          Rows Removed by Filter: 1603707
Planning time: 1.120 ms
Execution time: 4296.580 ms
