Seq Scan on cast_info ci  (cost=0.00..705507.15 rows=17093640 width=0) (actual time=0.021..10297.531 rows=16963521 loops=1)
  Filter: (person_id < 1676676)
  Rows Removed by Filter: 19280823
Planning time: 0.326 ms
Execution time: 12432.121 ms
