Seq Scan on movie_companies mc  (cost=0.00..57926.93 rows=439497 width=0) (actual time=169.688..687.701 rows=632402 loops=1)
  Filter: ((company_id < 2803) AND (company_type_id < 2))
  Rows Removed by Filter: 1976727
Planning time: 0.291 ms
Execution time: 767.198 ms
