Hash Join  (cost=80193.64..220022.33 rows=662504 width=0) (actual time=1368.360..4958.342 rows=2114197 loops=1)
  Hash Cond: (mk.movie_id = t.id)
  ->  Seq Scan on movie_keyword mk  (cost=0.00..81003.12 rows=4385473 width=4) (actual time=0.022..1613.960 rows=4388237 loops=1)
        Filter: (keyword_id < 75565)
        Rows Removed by Filter: 135693
  ->  Hash  (cost=73925.90..73925.90 rows=381979 width=4) (actual time=962.664..962.664 rows=440029 loops=1)
        Buckets: 131072  Batches: 8  Memory Usage: 2976kB
        ->  Seq Scan on title t  (cost=0.00..73925.90 rows=381979 width=4) (actual time=0.009..821.301 rows=440029 loops=1)
              Filter: ((production_year < 2006) AND (kind_id = 1))
              Rows Removed by Filter: 2088283
Planning time: 0.636 ms
Execution time: 5211.107 ms
