Nested Loop  (cost=0.43..76715.38 rows=161 width=0) (actual time=766.216..823.743 rows=1 loops=1)
  ->  Seq Scan on movie_companies mc  (cost=0.00..57926.93 rows=2388 width=4) (actual time=1.087..800.549 rows=375 loops=1)
        Filter: ((company_type_id < 2) AND (company_id = 1427))
        Rows Removed by Filter: 2608754
  ->  Index Scan using title_pkey on title t  (cost=0.43..7.86 rows=1 width=4) (actual time=0.061..0.061 rows=0 loops=375)
        Index Cond: (id = mc.movie_id)
        Filter: ((kind_id > 1) AND (production_year > 2011))
        Rows Removed by Filter: 1
Planning time: 0.787 ms
Execution time: 823.850 ms
