Hash Join  (cost=479550.43..563363.05 rows=635611 width=0) (actual time=6164.769..8353.507 rows=1706872 loops=1)
  Hash Cond: (mc.movie_id = t.id)
  ->  Seq Scan on movie_companies mc  (cost=0.00..44881.29 rows=2609129 width=4) (actual time=0.028..577.412 rows=2609129 loops=1)
  ->  Hash  (cost=469443.74..469443.74 rows=615975 width=8) (actual time=6163.919..6163.919 rows=642922 loops=1)
        Buckets: 131072  Batches: 16  Memory Usage: 2589kB
        ->  Hash Join  (cost=99161.12..469443.74 rows=615975 width=8) (actual time=4734.326..6024.638 rows=642922 loops=1)
              Hash Cond: (mi.movie_id = t.id)
              ->  Seq Scan on movie_info mi  (cost=0.00..346232.03 rows=809768 width=4) (actual time=3455.704..3975.852 rows=802140 loops=1)
                    Filter: (info_type_id < 2)
                    Rows Removed by Filter: 14033580
              ->  Hash  (cost=67604.59..67604.59 rows=1923403 width=4) (actual time=1277.593..1277.593 rows=1922849 loops=1)
                    Buckets: 131072  Batches: 32  Memory Usage: 3141kB
                    ->  Seq Scan on title t  (cost=0.00..67604.59 rows=1923403 width=4) (actual time=0.035..795.955 rows=1922849 loops=1)
                          Filter: (production_year < 2010)
                          Rows Removed by Filter: 605463
Planning time: 1.081 ms
Execution time: 8558.205 ms
