Hash Join  (cost=83073.39..109984.08 rows=21 width=0) (actual time=1648.960..1882.238 rows=3 loops=1)
  Hash Cond: (mi_idx.movie_id = t.id)
  ->  Seq Scan on movie_info_idx mi_idx  (cost=0.00..21735.35 rows=1380035 width=4) (actual time=0.012..310.371 rows=1380035 loops=1)
  ->  Hash  (cost=83072.90..83072.90 rows=39 width=8) (actual time=1324.091..1324.091 rows=1 loops=1)
        Buckets: 1024  Batches: 1  Memory Usage: 9kB
        ->  Nested Loop  (cost=0.43..83072.90 rows=39 width=8) (actual time=1049.890..1324.081 rows=1 loops=1)
              ->  Seq Scan on movie_keyword mk  (cost=0.00..81003.12 rows=246 width=4) (actual time=0.240..1265.975 rows=1223 loops=1)
                    Filter: (keyword_id = 29318)
                    Rows Removed by Filter: 4522707
              ->  Index Scan using title_pkey on title t  (cost=0.43..8.40 rows=1 width=4) (actual time=0.047..0.047 rows=0 loops=1223)
                    Index Cond: (id = mk.movie_id)
                    Filter: ((production_year > 1997) AND (kind_id = 1))
                    Rows Removed by Filter: 1
Planning time: 1.273 ms
Execution time: 1882.363 ms
