Hash Join  (cost=74657.14..862492.95 rows=478411 width=0) (actual time=865.046..16813.656 rows=490097 loops=1)
  Hash Cond: (ci.movie_id = t.id)
  ->  Seq Scan on cast_info ci  (cost=0.00..705507.15 rows=20678547 width=4) (actual time=0.012..9665.563 rows=20821836 loops=1)
        Filter: (person_id > 1520623)
        Rows Removed by Filter: 15422508
  ->  Hash  (cost=73925.90..73925.90 rows=58499 width=4) (actual time=864.559..864.559 rows=62752 loops=1)
        Buckets: 65536  Batches: 1  Memory Usage: 2719kB
        ->  Seq Scan on title t  (cost=0.00..73925.90 rows=58499 width=4) (actual time=0.029..839.990 rows=62752 loops=1)
              Filter: ((kind_id = 7) AND (production_year = 2005))
              Rows Removed by Filter: 2465560
Planning time: 0.899 ms
Execution time: 16881.774 ms
