Hash Join  (cost=873265.94..1531987.84 rows=1133326 width=0) (actual time=22165.996..35246.000 rows=984083 loops=1)
  Hash Cond: (mi.movie_id = t.id)
  ->  Seq Scan on movie_info mi  (cost=0.00..346232.03 rows=13929354 width=4) (actual time=0.024..7217.409 rows=14033580 loops=1)
        Filter: (info_type_id > 1)
        Rows Removed by Filter: 802140
  ->  Hash  (cost=869890.35..869890.35 rows=205727 width=8) (actual time=22100.731..22100.731 rows=218608 loops=1)
        Buckets: 131072  Batches: 4  Memory Usage: 3199kB
        ->  Hash Join  (cost=74202.60..869890.35 rows=205727 width=8) (actual time=4493.728..21661.142 rows=218608 loops=1)
              Hash Cond: (ci.movie_id = t.id)
              ->  Seq Scan on cast_info ci  (cost=0.00..705507.15 rows=23499554 width=4) (actual time=3334.241..14983.698 rows=23573656 loops=1)
                    Filter: (role_id > 1)
                    Rows Removed by Filter: 12670688
              ->  Hash  (cost=73925.90..73925.90 rows=22136 width=4) (actual time=1156.304..1156.304 rows=24301 loops=1)
                    Buckets: 32768  Batches: 1  Memory Usage: 1111kB
                    ->  Seq Scan on title t  (cost=0.00..73925.90 rows=22136 width=4) (actual time=0.041..1145.741 rows=24301 loops=1)
                          Filter: ((kind_id = 7) AND (production_year = 1996))
                          Rows Removed by Filter: 2504011
Planning time: 1.185 ms
Execution time: 35364.410 ms
