Hash Join  (cost=219197.63..376097.30 rows=2294011 width=0) (actual time=4072.909..7486.586 rows=1331296 loops=1)
  Hash Cond: (mk.movie_id = t.id)
  ->  Seq Scan on movie_keyword mk  (cost=0.00..81003.12 rows=3648286 width=4) (actual time=0.021..1472.579 rows=3638414 loops=1)
        Filter: (keyword_id > 835)
        Rows Removed by Filter: 885516
  ->  Hash  (cost=193112.68..193112.68 rows=1589916 width=8) (actual time=4068.036..4068.036 rows=717308 loops=1)
        Buckets: 131072  Batches: 32  Memory Usage: 1877kB
        ->  Hash Join  (cost=92883.59..193112.68 rows=1589916 width=8) (actual time=1462.998..3849.580 rows=717308 loops=1)
              Hash Cond: (mc.movie_id = t.id)
              ->  Seq Scan on movie_companies mc  (cost=0.00..44881.29 rows=2609129 width=4) (actual time=0.021..731.277 rows=2609129 loops=1)
              ->  Hash  (cost=67604.59..67604.59 rows=1540800 width=4) (actual time=1432.357..1432.357 rows=1543264 loops=1)
                    Buckets: 131072  Batches: 32  Memory Usage: 2722kB
                    ->  Seq Scan on title t  (cost=0.00..67604.59 rows=1540800 width=4) (actual time=0.025..939.487 rows=1543264 loops=1)
                          Filter: (kind_id = 7)
                          Rows Removed by Filter: 985048
Planning time: 1.199 ms
Execution time: 7649.666 ms
