Seq Scan on cast_info ci  (cost=0.00..796071.18 rows=832310 width=0) (actual time=2778.556..13244.040 rows=898389 loops=1)
  Filter: ((person_id < 3555473) AND (role_id = 5))
  Rows Removed by Filter: 35345955
Planning time: 0.402 ms
Execution time: 13344.945 ms
