Hash Join  (cost=176374.53..322216.31 rows=1154749 width=0) (actual time=3781.753..10129.180 rows=13102964 loops=1)
  Hash Cond: (mk.movie_id = t.id)
  ->  Seq Scan on movie_keyword mk  (cost=0.00..81003.12 rows=4383777 width=4) (actual time=0.024..1455.091 rows=4385901 loops=1)
        Filter: (keyword_id < 75292)
        Rows Removed by Filter: 138029
  ->  Hash  (cost=165446.90..165446.90 rows=666050 width=8) (actual time=3780.684..3780.684 rows=934482 loops=1)
        Buckets: 131072  Batches: 16  Memory Usage: 3336kB
        ->  Hash Join  (cost=83580.70..165446.90 rows=666050 width=8) (actual time=1286.523..3534.402 rows=934482 loops=1)
              Hash Cond: (mc.movie_id = t.id)
              ->  Seq Scan on movie_companies mc  (cost=0.00..51404.11 rows=1729491 width=4) (actual time=0.017..862.405 rows=1722019 loops=1)
                    Filter: (company_id < 22386)
                    Rows Removed by Filter: 887110
              ->  Hash  (cost=67604.59..67604.59 rows=973769 width=4) (actual time=1285.615..1285.615 rows=971188 loops=1)
                    Buckets: 131072  Batches: 16  Memory Usage: 3161kB
                    ->  Seq Scan on title t  (cost=0.00..67604.59 rows=973769 width=4) (actual time=0.021..966.944 rows=971188 loops=1)
                          Filter: (production_year < 1999)
                          Rows Removed by Filter: 1557124
Planning time: 1.059 ms
Execution time: 11647.809 ms
