Hash Join  (cost=190230.21..276487.17 rows=944699 width=0) (actual time=3778.256..7170.110 rows=2832079 loops=1)
  Hash Cond: (mc.movie_id = t.id)
  ->  Seq Scan on movie_companies mc  (cost=0.00..51404.11 rows=1730895 width=4) (actual time=0.023..921.969 rows=1724152 loops=1)
        Filter: (company_id < 22493)
        Rows Removed by Filter: 884977
  ->  Hash  (cost=167588.78..167588.78 rows=1380035 width=8) (actual time=3777.159..3777.159 rows=1380035 loops=1)
        Buckets: 131072  Batches: 32  Memory Usage: 2708kB
        ->  Hash Join  (cost=102767.86..167588.78 rows=1380035 width=8) (actual time=1634.843..3388.730 rows=1380035 loops=1)
              Hash Cond: (mi_idx.movie_id = t.id)
              ->  Seq Scan on movie_info_idx mi_idx  (cost=0.00..21735.35 rows=1380035 width=4) (actual time=0.019..346.168 rows=1380035 loops=1)
              ->  Hash  (cost=61283.27..61283.27 rows=2528527 width=4) (actual time=1633.328..1633.328 rows=2528312 loops=1)
                    Buckets: 131072  Batches: 64  Memory Usage: 2415kB
                    ->  Seq Scan on title t  (cost=0.00..61283.27 rows=2528527 width=4) (actual time=0.012..789.773 rows=2528312 loops=1)
Planning time: 1.151 ms
Execution time: 7533.374 ms
