Seq Scan on movie_keyword mk  (cost=0.00..81003.12 rows=246 width=0) (actual time=0.677..889.789 rows=2988 loops=1)
  Filter: (keyword_id = 20324)
  Rows Removed by Filter: 4520942
Planning time: 0.337 ms
Execution time: 890.496 ms
