Hash Join  (cost=81720.25..939176.84 rows=1319286 width=0) (actual time=1183.835..17628.413 rows=3031988 loops=1)
  Hash Cond: (ci.movie_id = t.id)
  ->  Seq Scan on cast_info ci  (cost=0.00..796071.18 rows=3877214 width=4) (actual time=0.023..10456.842 rows=7884300 loops=1)
        Filter: ((person_id < 1076011) AND (role_id = 1))
        Rows Removed by Filter: 28360044
  ->  Hash  (cost=67604.59..67604.59 rows=860373 width=4) (actual time=1183.072..1183.072 rows=854214 loops=1)
        Buckets: 131072  Batches: 16  Memory Usage: 2897kB
        ->  Seq Scan on title t  (cost=0.00..67604.59 rows=860373 width=4) (actual time=0.024..915.929 rows=854214 loops=1)
              Filter: (kind_id < 4)
              Rows Removed by Filter: 1674098
Planning time: 0.765 ms
Execution time: 18008.297 ms
