Nested Loop  (cost=0.43..83072.29 rows=11 width=0) (actual time=1.442..1478.430 rows=87 loops=1)
  ->  Seq Scan on movie_keyword mk  (cost=0.00..81003.12 rows=246 width=4) (actual time=0.668..1022.904 rows=2312 loops=1)
        Filter: (keyword_id = 479)
        Rows Removed by Filter: 4521618
  ->  Index Scan using title_pkey on title t  (cost=0.43..8.40 rows=1 width=4) (actual time=0.196..0.196 rows=0 loops=2312)
        Index Cond: (id = mk.movie_id)
        Filter: (production_year = 2007)
        Rows Removed by Filter: 1
Planning time: 0.746 ms
Execution time: 1478.617 ms
