Hash Join  (cost=205619.73..970364.00 rows=1043125 width=0) (actual time=8577.551..18780.450 rows=4601646 loops=1)
  Hash Cond: (ci.movie_id = t.id)
  ->  Seq Scan on cast_info ci  (cost=0.00..705507.15 rows=3998100 width=4) (actual time=4199.281..10837.873 rows=4008037 loops=1)
        Filter: (role_id = 3)
        Rows Removed by Filter: 32236307
  ->  Hash  (cost=194796.40..194796.40 rows=659706 width=8) (actual time=4376.765..4376.765 rows=1429768 loops=1)
        Buckets: 131072 (originally 131072)  Batches: 32 (originally 16)  Memory Usage: 3073kB
        ->  Hash Join  (cost=83810.17..194796.40 rows=659706 width=8) (actual time=1198.791..3993.446 rows=1429768 loops=1)
              Hash Cond: (mk.movie_id = t.id)
              ->  Seq Scan on movie_keyword mk  (cost=0.00..81003.12 rows=1688811 width=4) (actual time=0.029..1302.553 rows=1697244 loops=1)
                    Filter: (keyword_id > 8481)
                    Rows Removed by Filter: 2826686
              ->  Hash  (cost=67604.59..67604.59 rows=987727 width=4) (actual time=1198.105..1198.105 rows=985048 loops=1)
                    Buckets: 131072  Batches: 16  Memory Usage: 3197kB
                    ->  Seq Scan on title t  (cost=0.00..67604.59 rows=987727 width=4) (actual time=0.014..883.302 rows=985048 loops=1)
                          Filter: (kind_id < 7)
                          Rows Removed by Filter: 1543264
Planning time: 1.120 ms
Execution time: 19336.926 ms
