Seq Scan on movie_companies mc  (cost=0.00..57926.93 rows=53 width=0) (actual time=242.788..790.120 rows=2 loops=1)
  Filter: ((company_type_id > 1) AND (company_id = 65158))
  Rows Removed by Filter: 2609127
Planning time: 0.356 ms
Execution time: 790.221 ms
