Hash Join  (cost=73982.55..130396.54 rows=2383 width=0) (actual time=1082.946..1861.596 rows=1311 loops=1)
  Hash Cond: (mc.movie_id = t.id)
  ->  Seq Scan on movie_companies mc  (cost=0.00..51404.11 rows=1329612 width=4) (actual time=165.227..764.662 rows=1334883 loops=1)
        Filter: (company_type_id > 1)
        Rows Removed by Filter: 1274246
  ->  Hash  (cost=73925.90..73925.90 rows=4532 width=4) (actual time=910.340..910.340 rows=2915 loops=1)
        Buckets: 8192  Batches: 1  Memory Usage: 167kB
        ->  Seq Scan on title t  (cost=0.00..73925.90 rows=4532 width=4) (actual time=0.361..908.757 rows=2915 loops=1)
              Filter: ((kind_id = 7) AND (production_year = 1951))
              Rows Removed by Filter: 2525397
Planning time: 0.665 ms
Execution time: 1861.857 ms
