Hash Join  (cost=273824.28..1118998.46 rows=5006278 width=0) (actual time=6457.053..25415.618 rows=19939572 loops=1)
  Hash Cond: (ci.movie_id = t.id)
  ->  Seq Scan on cast_info ci  (cost=0.00..705507.15 rows=6389450 width=4) (actual time=1010.699..10092.409 rows=6483595 loops=1)
        Filter: (person_id > 3008403)
        Rows Removed by Filter: 29760749
  ->  Hash  (cost=241320.80..241320.80 rows=1981158 width=8) (actual time=5445.269..5445.269 rows=1981867 loops=1)
        Buckets: 131072  Batches: 32  Memory Usage: 3426kB
        ->  Hash Join  (cost=102767.86..241320.80 rows=1981158 width=8) (actual time=1680.394..4863.224 rows=1981867 loops=1)
              Hash Cond: (mk.movie_id = t.id)
              ->  Seq Scan on movie_keyword mk  (cost=0.00..81003.12 rows=1981158 width=4) (actual time=0.040..1262.433 rows=1981867 loops=1)
                    Filter: (keyword_id < 3501)
                    Rows Removed by Filter: 2542063
              ->  Hash  (cost=61283.27..61283.27 rows=2528527 width=4) (actual time=1679.096..1679.096 rows=2528312 loops=1)
                    Buckets: 131072  Batches: 64  Memory Usage: 2425kB
                    ->  Seq Scan on title t  (cost=0.00..61283.27 rows=2528527 width=4) (actual time=0.018..784.671 rows=2528312 loops=1)
Planning time: 1.163 ms
Execution time: 27718.563 ms
