Hash Join  (cost=83073.18..137738.93 rows=23 width=0) (actual time=935.509..1901.306 rows=2362 loops=1)
  Hash Cond: (mc.movie_id = t.id)
  ->  Seq Scan on movie_companies mc  (cost=0.00..44881.29 rows=2609129 width=4) (actual time=0.029..480.343 rows=2609129 loops=1)
  ->  Hash  (cost=83072.90..83072.90 rows=22 width=8) (actual time=935.164..935.164 rows=257 loops=1)
        Buckets: 1024  Batches: 1  Memory Usage: 19kB
        ->  Nested Loop  (cost=0.43..83072.90 rows=22 width=8) (actual time=48.745..934.983 rows=257 loops=1)
              ->  Seq Scan on movie_keyword mk  (cost=0.00..81003.12 rows=246 width=4) (actual time=8.322..921.439 rows=771 loops=1)
                    Filter: (keyword_id = 6688)
                    Rows Removed by Filter: 4523159
              ->  Index Scan using title_pkey on title t  (cost=0.43..8.40 rows=1 width=4) (actual time=0.017..0.017 rows=0 loops=771)
                    Index Cond: (id = mk.movie_id)
                    Filter: ((kind_id < 7) AND (production_year < 1985))
                    Rows Removed by Filter: 1
Planning time: 1.164 ms
Execution time: 1901.825 ms
