Hash Join  (cost=102767.86..1293499.81 rows=15990940 width=0) (actual time=3045.315..30025.952 rows=15625550 loops=1)
  Hash Cond: (ci.movie_id = t.id)
  ->  Seq Scan on cast_info ci  (cost=0.00..796071.18 rows=15990940 width=4) (actual time=1520.925..15319.027 rows=15625550 loops=1)
        Filter: ((person_id < 3967414) AND (role_id > 2))
        Rows Removed by Filter: 20618794
  ->  Hash  (cost=61283.27..61283.27 rows=2528527 width=4) (actual time=1523.318..1523.318 rows=2528312 loops=1)
        Buckets: 131072  Batches: 64  Memory Usage: 2415kB
        ->  Seq Scan on title t  (cost=0.00..61283.27 rows=2528527 width=4) (actual time=0.023..727.940 rows=2528312 loops=1)
Planning time: 0.751 ms
Execution time: 31835.765 ms
