Seq Scan on movie_keyword mk  (cost=0.00..81003.12 rows=60493 width=0) (actual time=218.979..1125.151 rows=57373 loops=1)
  Filter: (keyword_id > 96237)
  Rows Removed by Filter: 4466557
Planning time: 0.285 ms
Execution time: 1133.975 ms
