Hash Join  (cost=251805.02..1693500.04 rows=30172579 width=0) (actual time=5897.054..58531.838 rows=68059522 loops=1)
  Hash Cond: (ci.movie_id = t.id)
  ->  Seq Scan on cast_info ci  (cost=0.00..705507.15 rows=33208617 width=4) (actual time=0.027..13869.241 rows=33306055 loops=1)
        Filter: (person_id > 285986)
        Rows Removed by Filter: 2938289
  ->  Hash  (cost=214113.01..214113.01 rows=2297361 width=8) (actual time=5895.709..5895.709 rows=2416390 loops=1)
        Buckets: 131072  Batches: 32  Memory Usage: 3943kB
        ->  Hash Join  (cost=104131.46..214113.01 rows=2297361 width=8) (actual time=1777.651..5181.766 rows=2416390 loops=1)
              Hash Cond: (mc.movie_id = t.id)
              ->  Seq Scan on movie_companies mc  (cost=0.00..44881.29 rows=2609129 width=4) (actual time=0.031..763.971 rows=2609129 loops=1)
              ->  Hash  (cost=67604.59..67604.59 rows=2226390 width=4) (actual time=1776.869..1776.869 rows=2224569 loops=1)
                    Buckets: 131072  Batches: 32  Memory Usage: 3463kB
                    ->  Seq Scan on title t  (cost=0.00..67604.59 rows=2226390 width=4) (actual time=0.019..1081.686 rows=2224569 loops=1)
                          Filter: (production_year < 2012)
                          Rows Removed by Filter: 303743
Planning time: 1.149 ms
Execution time: 66577.046 ms
