Seq Scan on movie_companies mc  (cost=0.00..57926.93 rows=53 width=0) (actual time=335.105..641.907 rows=37 loops=1)
  Filter: ((company_id = 107014) AND (company_type_id = 2))
  Rows Removed by Filter: 2609092
Planning time: 0.365 ms
Execution time: 642.014 ms
