Hash Join  (cost=174520.15..665869.36 rows=1081831 width=0) (actual time=2862.573..13272.141 rows=2727650 loops=1)
  Hash Cond: (mi.movie_id = t.id)
  ->  Seq Scan on movie_info mi  (cost=0.00..309384.22 rows=14739122 width=4) (actual time=0.019..4176.540 rows=14835720 loops=1)
  ->  Hash  (cost=171475.27..171475.27 rows=185590 width=8) (actual time=2861.755..2861.755 rows=80098 loops=1)
        Buckets: 131072  Batches: 4  Memory Usage: 1815kB
        ->  Hash Join  (cost=76379.89..171475.27 rows=185590 width=8) (actual time=1103.592..2833.152 rows=80098 loops=1)
              Hash Cond: (mk.movie_id = t.id)
              ->  Seq Scan on movie_keyword mk  (cost=0.00..81003.12 rows=877429 width=4) (actual time=0.034..1211.033 rows=885573 loops=1)
                    Filter: (keyword_id < 837)
                    Rows Removed by Filter: 3638357
              ->  Hash  (cost=67604.59..67604.59 rows=534824 width=4) (actual time=1101.956..1101.956 rows=533369 loops=1)
                    Buckets: 131072  Batches: 8  Memory Usage: 3376kB
                    ->  Seq Scan on title t  (cost=0.00..67604.59 rows=534824 width=4) (actual time=0.026..920.887 rows=533369 loops=1)
                          Filter: (production_year > 2009)
                          Rows Removed by Filter: 1994943
Planning time: 1.154 ms
Execution time: 13567.729 ms
