Seq Scan on cast_info ci  (cost=0.00..705507.15 rows=26961555 width=0) (actual time=0.020..10389.964 rows=26988117 loops=1)
  Filter: (person_id < 2775129)
  Rows Removed by Filter: 9256227
Planning time: 0.328 ms
Execution time: 13664.790 ms
