Hash Join  (cost=92883.59..899328.11 rows=140308 width=0) (actual time=5815.329..10735.620 rows=376280 loops=1)
  Hash Cond: (ci.movie_id = t.id)
  ->  Seq Scan on cast_info ci  (cost=0.00..796071.18 rows=230252 width=4) (actual time=4359.681..8606.196 rows=690281 loops=1)
        Filter: ((person_id > 2937888) AND (role_id = 9))
        Rows Removed by Filter: 35554063
  ->  Hash  (cost=67604.59..67604.59 rows=1540800 width=4) (actual time=1454.325..1454.325 rows=1543264 loops=1)
        Buckets: 131072  Batches: 32  Memory Usage: 2722kB
        ->  Seq Scan on title t  (cost=0.00..67604.59 rows=1540800 width=4) (actual time=0.034..997.885 rows=1543264 loops=1)
              Filter: (kind_id = 7)
              Rows Removed by Filter: 985048
Planning time: 0.722 ms
Execution time: 10777.946 ms
