Hash Join  (cost=123015.01..200612.85 rows=184832 width=0) (actual time=2342.888..3665.648 rows=196206 loops=1)
  Hash Cond: (mc.movie_id = t.id)
  ->  Seq Scan on movie_companies mc  (cost=0.00..44881.29 rows=2609129 width=4) (actual time=0.015..696.696 rows=2609129 loops=1)
  ->  Hash  (cost=120075.98..120075.98 rows=179122 width=8) (actual time=1906.708..1906.708 rows=77940 loops=1)
        Buckets: 131072  Batches: 4  Memory Usage: 1783kB
        ->  Hash Join  (cost=79310.28..120075.98 rows=179122 width=8) (actual time=926.832..1879.822 rows=77940 loops=1)
              Hash Cond: (mi_idx.movie_id = t.id)
              ->  Seq Scan on movie_info_idx mi_idx  (cost=0.00..21735.35 rows=1380035 width=4) (actual time=0.010..377.939 rows=1380035 loops=1)
              ->  Hash  (cost=73925.90..73925.90 rows=328190 width=4) (actual time=849.148..849.148 rows=217611 loops=1)
                    Buckets: 131072  Batches: 8  Memory Usage: 1969kB
                    ->  Seq Scan on title t  (cost=0.00..73925.90 rows=328190 width=4) (actual time=188.580..788.587 rows=217611 loops=1)
                          Filter: ((production_year < 1982) AND (kind_id = 7))
                          Rows Removed by Filter: 2310701
Planning time: 1.148 ms
Execution time: 3691.920 ms
