Hash Join  (cost=156632.57..227757.56 rows=245504 width=0) (actual time=3670.347..5575.806 rows=646690 loops=1)
  Hash Cond: (mc.movie_id = t.id)
  ->  Seq Scan on movie_companies mc  (cost=0.00..51404.11 rows=1336224 width=4) (actual time=0.028..945.639 rows=1345700 loops=1)
        Filter: (company_id > 11200)
        Rows Removed by Filter: 1263429
  ->  Hash  (cost=149010.49..149010.49 rows=464566 width=8) (actual time=3669.499..3669.499 rows=459925 loops=1)
        Buckets: 131072  Batches: 8  Memory Usage: 3275kB
        ->  Hash Join  (cost=102767.86..149010.49 rows=464566 width=8) (actual time=1644.028..3527.596 rows=459925 loops=1)
              Hash Cond: (mi_idx.movie_id = t.id)
              ->  Seq Scan on movie_info_idx mi_idx  (cost=0.00..25185.44 rows=464566 width=4) (actual time=0.020..358.562 rows=459925 loops=1)
                    Filter: (info_type_id = 101)
                    Rows Removed by Filter: 920110
              ->  Hash  (cost=61283.27..61283.27 rows=2528527 width=4) (actual time=1643.044..1643.044 rows=2528312 loops=1)
                    Buckets: 131072  Batches: 64  Memory Usage: 2415kB
                    ->  Seq Scan on title t  (cost=0.00..61283.27 rows=2528527 width=4) (actual time=0.016..816.489 rows=2528312 loops=1)
Planning time: 1.094 ms
Execution time: 5659.987 ms
