Hash Join  (cost=272908.76..1328882.48 rows=9548929 width=0) (actual time=8189.848..23503.958 rows=6439482 loops=1)
  Hash Cond: (ci.movie_id = t.id)
  ->  Seq Scan on cast_info ci  (cost=0.00..796071.18 rows=12230253 width=4) (actual time=3013.411..12276.944 rows=9750821 loops=1)
        Filter: ((person_id > 1958664) AND (role_id < 5))
        Rows Removed by Filter: 26493523
  ->  Hash  (cost=240519.51..240519.51 rows=1974180 width=8) (actual time=5174.452..5174.452 rows=968312 loops=1)
        Buckets: 131072  Batches: 32  Memory Usage: 2204kB
        ->  Hash Join  (cost=98137.04..240519.51 rows=1974180 width=8) (actual time=1686.329..4888.766 rows=968312 loops=1)
              Hash Cond: (mk.movie_id = t.id)
              ->  Seq Scan on movie_keyword mk  (cost=0.00..81003.12 rows=2682310 width=4) (actual time=0.023..1444.236 rows=2670775 loops=1)
                    Filter: (keyword_id > 3081)
                    Rows Removed by Filter: 1853155
              ->  Hash  (cost=67604.59..67604.59 rows=1860996 width=4) (actual time=1685.324..1685.324 rows=1865487 loops=1)
                    Buckets: 131072  Batches: 32  Memory Usage: 3085kB
                    ->  Seq Scan on title t  (cost=0.00..67604.59 rows=1860996 width=4) (actual time=0.024..1078.696 rows=1865487 loops=1)
                          Filter: (kind_id > 1)
                          Rows Removed by Filter: 662825
Planning time: 1.146 ms
Execution time: 24260.205 ms
