Hash Join  (cost=75411.94..170366.97 rows=40853 width=0) (actual time=910.756..2478.755 rows=28270 loops=1)
  Hash Cond: (mk.movie_id = t.id)
  ->  Seq Scan on movie_keyword mk  (cost=0.00..81003.12 rows=1140633 width=4) (actual time=0.016..1099.429 rows=1148769 loops=1)
        Filter: (keyword_id < 1322)
        Rows Removed by Filter: 3375161
  ->  Hash  (cost=73925.90..73925.90 rows=90563 width=4) (actual time=909.765..909.765 rows=80990 loops=1)
        Buckets: 131072  Batches: 2  Memory Usage: 2456kB
        ->  Seq Scan on title t  (cost=0.00..73925.90 rows=90563 width=4) (actual time=0.025..879.148 rows=80990 loops=1)
              Filter: ((kind_id < 7) AND (production_year > 2011))
              Rows Removed by Filter: 2447322
Planning time: 0.707 ms
Execution time: 2482.974 ms
