Hash Join  (cost=101707.31..144784.62 rows=381904 width=0) (actual time=1687.264..2858.106 rows=384075 loops=1)
  Hash Cond: (mi_idx.movie_id = t.id)
  ->  Seq Scan on movie_info_idx mi_idx  (cost=0.00..25185.44 rows=464566 width=4) (actual time=0.023..405.951 rows=459925 loops=1)
        Filter: (info_type_id = 101)
        Rows Removed by Filter: 920110
  ->  Hash  (cost=67604.59..67604.59 rows=2078618 width=4) (actual time=1686.349..1686.349 rows=2074788 loops=1)
        Buckets: 131072  Batches: 32  Memory Usage: 3309kB
        ->  Seq Scan on title t  (cost=0.00..67604.59 rows=2078618 width=4) (actual time=0.016..1046.247 rows=2074788 loops=1)
              Filter: (production_year > 1970)
              Rows Removed by Filter: 453524
Planning time: 0.737 ms
Execution time: 2906.782 ms
