Seq Scan on cast_info ci  (cost=0.00..796071.18 rows=1182143 width=0) (actual time=5116.998..8548.969 rows=4554061 loops=1)
  Filter: ((person_id > 3231285) AND (role_id > 4))
  Rows Removed by Filter: 31690283
Planning time: 0.326 ms
Execution time: 9059.804 ms
