Hash Join  (cost=117522.41..482205.80 rows=2746 width=0) (actual time=2198.917..7309.502 rows=2 loops=1)
  Hash Cond: (mi.movie_id = t.id)
  ->  Seq Scan on movie_info mi  (cost=0.00..309384.22 rows=14739122 width=4) (actual time=0.019..3437.504 rows=14835720 loops=1)
  ->  Hash  (cost=117516.52..117516.52 rows=471 width=8) (actual time=1170.332..1170.332 rows=1 loops=1)
        Buckets: 1024  Batches: 1  Memory Usage: 9kB
        ->  Nested Loop  (cost=0.43..117516.52 rows=471 width=8) (actual time=109.119..1170.325 rows=1 loops=1)
              ->  Seq Scan on movie_keyword mk  (cost=0.00..81003.12 rows=4976 width=4) (actual time=3.304..1092.765 rows=4036 loops=1)
                    Filter: (keyword_id = 7763)
                    Rows Removed by Filter: 4519894
              ->  Index Scan using title_pkey on title t  (cost=0.43..7.33 rows=1 width=4) (actual time=0.019..0.019 rows=0 loops=4036)
                    Index Cond: (id = mk.movie_id)
                    Filter: ((production_year > 2010) AND (kind_id = 7))
                    Rows Removed by Filter: 1
Planning time: 1.157 ms
Execution time: 7309.724 ms
