Nested Loop  (cost=0.43..68718.74 rows=979 width=0) (actual time=2.577..746.242 rows=592 loops=1)
  ->  Seq Scan on movie_companies mc  (cost=0.00..57926.93 rows=1330 width=4) (actual time=2.530..719.980 rows=1317 loops=1)
        Filter: ((company_type_id > 1) AND (company_id = 2805))
        Rows Removed by Filter: 2607812
  ->  Index Scan using title_pkey on title t  (cost=0.43..8.10 rows=1 width=4) (actual time=0.019..0.019 rows=0 loops=1317)
        Index Cond: (id = mc.movie_id)
        Filter: (kind_id > 1)
        Rows Removed by Filter: 1
Planning time: 0.754 ms
Execution time: 746.497 ms
