Hash Join  (cost=576121.49..1977695.45 rows=13760877 width=0) (actual time=14346.912..48312.754 rows=19637062 loops=1)
  Hash Cond: (ci.movie_id = t.id)
  ->  Seq Scan on cast_info ci  (cost=0.00..614943.12 rows=36225612 width=4) (actual time=0.026..13328.786 rows=36244344 loops=1)
  ->  Hash  (cost=560363.22..560363.22 rows=960501 width=8) (actual time=14345.860..14345.860 rows=693106 loops=1)
        Buckets: 131072  Batches: 16  Memory Usage: 2664kB
        ->  Hash Join  (cost=70308.29..560363.22 rows=960501 width=8) (actual time=1170.265..14134.216 rows=693106 loops=1)
              Hash Cond: (mi.movie_id = t.id)
              ->  Seq Scan on movie_info mi  (cost=0.00..309384.22 rows=14739122 width=4) (actual time=0.082..5763.441 rows=14835720 loops=1)
              ->  Hash  (cost=67604.59..67604.59 rows=164776 width=4) (actual time=1165.815..1165.815 rows=164307 loops=1)
                    Buckets: 131072  Batches: 4  Memory Usage: 2488kB
                    ->  Seq Scan on title t  (cost=0.00..67604.59 rows=164776 width=4) (actual time=0.028..1102.046 rows=164307 loops=1)
                          Filter: (production_year = 2012)
                          Rows Removed by Filter: 2364005
Planning time: 1.898 ms
Execution time: 50447.242 ms
