Hash Join  (cost=88933.67..176995.78 rows=943859 width=0) (actual time=1182.041..3761.277 rows=1644673 loops=1)
  Hash Cond: (mc.movie_id = t.id)
  ->  Seq Scan on movie_companies mc  (cost=0.00..44881.29 rows=2609129 width=4) (actual time=0.012..760.260 rows=2609129 loops=1)
  ->  Hash  (cost=73925.90..73925.90 rows=914701 width=4) (actual time=1180.942..1180.942 rows=854849 loops=1)
        Buckets: 131072  Batches: 16  Memory Usage: 2904kB
        ->  Seq Scan on title t  (cost=0.00..73925.90 rows=914701 width=4) (actual time=0.024..941.944 rows=854849 loops=1)
              Filter: ((kind_id < 7) AND (production_year > 1932))
              Rows Removed by Filter: 1673463
Planning time: 0.760 ms
Execution time: 3947.692 ms
