Nested Loop  (cost=0.43..798789.03 rows=27 width=0) (actual time=2307.157..11131.854 rows=1 loops=1)
  ->  Seq Scan on cast_info ci  (cost=0.00..796071.18 rows=324 width=4) (actual time=2306.992..11130.408 rows=92 loops=1)
        Filter: ((role_id > 1) AND (person_id = 2000132))
        Rows Removed by Filter: 36244252
  ->  Index Scan using title_pkey on title t  (cost=0.43..8.38 rows=1 width=4) (actual time=0.015..0.015 rows=0 loops=92)
        Index Cond: (id = ci.movie_id)
        Filter: ((production_year > 2007) AND (kind_id = 1))
        Rows Removed by Filter: 1
Planning time: 0.791 ms
Execution time: 11131.961 ms
