Hash Join  (cost=212186.80..1090172.02 rows=2323279 width=0) (actual time=8424.249..20513.374 rows=5831576 loops=1)
  Hash Cond: (ci.movie_id = t.id)
  ->  Seq Scan on cast_info ci  (cost=0.00..796071.18 rows=4648068 width=4) (actual time=3787.062..10766.877 rows=7229518 loops=1)
        Filter: ((person_id > 2945449) AND (role_id > 1))
        Rows Removed by Filter: 29014826
  ->  Hash  (cost=191451.63..191451.63 rows=1263853 width=8) (actual time=4635.773..4635.773 rows=934063 loops=1)
        Buckets: 131072  Batches: 32  Memory Usage: 2139kB
        ->  Hash Join  (cost=98137.04..191451.63 rows=1263853 width=8) (actual time=1961.350..4341.566 rows=934063 loops=1)
              Hash Cond: (mc.movie_id = t.id)
              ->  Seq Scan on movie_companies mc  (cost=0.00..51404.11 rows=1717191 width=4) (actual time=0.035..886.631 rows=1709827 loops=1)
                    Filter: (company_id < 21479)
                    Rows Removed by Filter: 899302
              ->  Hash  (cost=67604.59..67604.59 rows=1860996 width=4) (actual time=1960.331..1960.331 rows=1865487 loops=1)
                    Buckets: 131072  Batches: 32  Memory Usage: 3079kB
                    ->  Seq Scan on title t  (cost=0.00..67604.59 rows=1860996 width=4) (actual time=0.024..1069.830 rows=1865487 loops=1)
                          Filter: (kind_id > 1)
                          Rows Removed by Filter: 662825
Planning time: 1.177 ms
Execution time: 21205.587 ms
