Hash Join  (cost=176304.94..322043.80 rows=1948282 width=0) (actual time=4517.390..10327.174 rows=7555519 loops=1)
  Hash Cond: (mk.movie_id = t.id)
  ->  Seq Scan on movie_keyword mk  (cost=0.00..69693.30 rows=4523930 width=4) (actual time=0.028..1479.178 rows=4523930 loops=1)
  ->  Hash  (cost=158439.20..158439.20 rows=1088939 width=8) (actual time=4516.259..4516.259 rows=1094400 loops=1)
        Buckets: 131072  Batches: 16  Memory Usage: 3722kB
        ->  Hash Join  (cost=100338.29..158439.20 rows=1088939 width=8) (actual time=2458.735..4204.946 rows=1094400 loops=1)
              Hash Cond: (mi_idx.movie_id = t.id)
              ->  Seq Scan on movie_info_idx mi_idx  (cost=0.00..21735.35 rows=1380035 width=4) (actual time=0.025..458.440 rows=1380035 loops=1)
              ->  Hash  (cost=67604.59..67604.59 rows=1995176 width=4) (actual time=2457.490..2457.490 rows=1990655 loops=1)
                    Buckets: 131072  Batches: 32  Memory Usage: 3218kB
                    ->  Seq Scan on title t  (cost=0.00..67604.59 rows=1995176 width=4) (actual time=0.024..1461.987 rows=1990655 loops=1)
                          Filter: (production_year > 1976)
                          Rows Removed by Filter: 537657
Planning time: 1.119 ms
Execution time: 11122.759 ms
