Hash Join  (cost=145587.44..972375.99 rows=307836 width=0) (actual time=6561.758..12120.140 rows=525327 loops=1)
  Hash Cond: (ci.movie_id = t.id)
  ->  Seq Scan on cast_info ci  (cost=0.00..796071.18 rows=2274670 width=4) (actual time=4018.719..8439.705 rows=2878010 loops=1)
        Filter: ((person_id < 382539) AND (role_id < 3))
        Rows Removed by Filter: 33366334
  ->  Hash  (cost=139973.05..139973.05 rows=342191 width=8) (actual time=2542.147..2542.147 rows=250045 loops=1)
        Buckets: 131072  Batches: 8  Memory Usage: 2248kB
        ->  Hash Join  (cost=98137.04..139973.05 rows=342191 width=8) (actual time=1583.644..2469.307 rows=250045 loops=1)
              Hash Cond: (mi_idx.movie_id = t.id)
              ->  Seq Scan on movie_info_idx mi_idx  (cost=0.00..25185.44 rows=464934 width=4) (actual time=0.033..322.494 rows=460185 loops=1)
                    Filter: (info_type_id > 100)
                    Rows Removed by Filter: 919850
              ->  Hash  (cost=67604.59..67604.59 rows=1860996 width=4) (actual time=1581.937..1581.937 rows=1865487 loops=1)
                    Buckets: 131072  Batches: 32  Memory Usage: 3079kB
                    ->  Seq Scan on title t  (cost=0.00..67604.59 rows=1860996 width=4) (actual time=0.018..992.427 rows=1865487 loops=1)
                          Filter: (kind_id > 1)
                          Rows Removed by Filter: 662825
Planning time: 1.180 ms
Execution time: 12180.917 ms
