Hash Join  (cost=160823.02..544375.48 rows=47266 width=0) (actual time=2563.129..8121.857 rows=64469 loops=1)
  Hash Cond: (mi.movie_id = t.id)
  ->  Seq Scan on movie_info mi  (cost=0.00..309384.22 rows=14739122 width=4) (actual time=0.020..2753.935 rows=14835720 loops=1)
  ->  Hash  (cost=160721.67..160721.67 rows=8108 width=8) (actual time=2558.537..2558.537 rows=4706 loops=1)
        Buckets: 8192  Batches: 1  Memory Usage: 248kB
        ->  Hash Join  (cost=73982.55..160721.67 rows=8108 width=8) (actual time=1566.899..2556.944 rows=4706 loops=1)
              Hash Cond: (mk.movie_id = t.id)
              ->  Seq Scan on movie_keyword mk  (cost=0.00..69693.30 rows=4523930 width=4) (actual time=0.007..781.677 rows=4523930 loops=1)
              ->  Hash  (cost=73925.90..73925.90 rows=4532 width=4) (actual time=942.698..942.698 rows=7945 loops=1)
                    Buckets: 8192  Batches: 1  Memory Usage: 344kB
                    ->  Seq Scan on title t  (cost=0.00..73925.90 rows=4532 width=4) (actual time=217.820..938.884 rows=7945 loops=1)
                          Filter: ((kind_id = 7) AND (production_year = 1977))
                          Rows Removed by Filter: 2520367
Planning time: 1.176 ms
Execution time: 8130.170 ms
