Nested Loop  (cost=0.43..83072.90 rows=54 width=0) (actual time=67.396..1093.128 rows=53 loops=1)
  ->  Seq Scan on movie_keyword mk  (cost=0.00..81003.12 rows=246 width=4) (actual time=18.952..1089.462 rows=92 loops=1)
        Filter: (keyword_id = 11338)
        Rows Removed by Filter: 4523838
  ->  Index Scan using title_pkey on title t  (cost=0.43..8.40 rows=1 width=4) (actual time=0.036..0.036 rows=1 loops=92)
        Index Cond: (id = mk.movie_id)
        Filter: ((production_year > 1968) AND (kind_id = 1))
        Rows Removed by Filter: 0
Planning time: 0.776 ms
Execution time: 1093.291 ms
