Seq Scan on cast_info ci  (cost=0.00..796071.18 rows=21669237 width=0) (actual time=0.020..14973.363 rows=24130698 loops=1)
  Filter: ((person_id < 3417762) AND (role_id < 4))
  Rows Removed by Filter: 12113646
Planning time: 0.321 ms
Execution time: 18007.027 ms
