Hash Join  (cost=160526.42..299632.90 rows=1224532 width=0) (actual time=3385.938..6447.488 rows=958740 loops=1)
  Hash Cond: (mk.movie_id = t.id)
  ->  Seq Scan on movie_keyword mk  (cost=0.00..81003.12 rows=3681876 width=4) (actual time=0.010..1502.532 rows=3676355 loops=1)
        Filter: (keyword_id > 807)
        Rows Removed by Filter: 847575
  ->  Hash  (cost=146729.58..146729.58 rows=840947 width=8) (actual time=3087.919..3087.919 rows=425718 loops=1)
        Buckets: 131072  Batches: 16  Memory Usage: 2068kB
        ->  Hash Join  (cost=92883.59..146729.58 rows=840947 width=8) (actual time=1520.364..2947.487 rows=425718 loops=1)
              Hash Cond: (mi_idx.movie_id = t.id)
              ->  Seq Scan on movie_info_idx mi_idx  (cost=0.00..21735.35 rows=1380035 width=4) (actual time=0.021..368.067 rows=1380035 loops=1)
              ->  Hash  (cost=67604.59..67604.59 rows=1540800 width=4) (actual time=1518.808..1518.808 rows=1543264 loops=1)
                    Buckets: 131072  Batches: 32  Memory Usage: 2722kB
                    ->  Seq Scan on title t  (cost=0.00..67604.59 rows=1540800 width=4) (actual time=0.027..1020.215 rows=1543264 loops=1)
                          Filter: (kind_id = 7)
                          Rows Removed by Filter: 985048
Planning time: 1.113 ms
Execution time: 6570.815 ms
