Hash Join  (cost=489937.46..1662755.09 rows=13532450 width=0) (actual time=20705.194..89334.846 rows=323234 loops=1)
  Hash Cond: (ci.movie_id = t.id)
  ->  Seq Scan on cast_info ci  (cost=0.00..614943.12 rows=36225612 width=4) (actual time=0.010..45973.680 rows=36244344 loops=1)
  ->  Hash  (cost=474440.50..474440.50 rows=944557 width=8) (actual time=20699.366..20699.366 rows=14340 loops=1)
        Buckets: 131072  Batches: 16  Memory Usage: 1059kB
        ->  Hash Join  (cost=92883.59..474440.50 rows=944557 width=8) (actual time=6958.309..20691.265 rows=14340 loops=1)
              Hash Cond: (mi.movie_id = t.id)
              ->  Seq Scan on movie_info mi  (cost=0.00..346232.03 rows=1550064 width=4) (actual time=1413.221..13834.587 rows=1533909 loops=1)
                    Filter: (info_type_id = 3)
                    Rows Removed by Filter: 13301811
              ->  Hash  (cost=67604.59..67604.59 rows=1540800 width=4) (actual time=5542.068..5542.068 rows=1543264 loops=1)
                    Buckets: 131072  Batches: 32  Memory Usage: 2728kB
                    ->  Seq Scan on title t  (cost=0.00..67604.59 rows=1540800 width=4) (actual time=0.029..4774.612 rows=1543264 loops=1)
                          Filter: (kind_id = 7)
                          Rows Removed by Filter: 985048
Planning time: 1.203 ms
Execution time: 89394.535 ms
