Seq Scan on title t  (cost=0.00..73925.90 rows=30972 width=0) (actual time=0.034..1046.262 rows=35195 loops=1)
  Filter: ((kind_id > 3) AND (production_year = 1998))
  Rows Removed by Filter: 2493117
Planning time: 0.333 ms
Execution time: 1053.029 ms
