Seq Scan on movie_keyword mk  (cost=0.00..81003.12 rows=2996792 width=0) (actual time=0.026..1139.428 rows=2981274 loops=1)
  Filter: (keyword_id < 10269)
  Rows Removed by Filter: 1542656
Planning time: 0.288 ms
Execution time: 1471.585 ms
