Hash Join  (cost=100464.49..194347.88 rows=23344 width=0) (actual time=1454.927..3342.843 rows=98508 loops=1)
  Hash Cond: (mk.movie_id = t.id)
  ->  Seq Scan on movie_keyword mk  (cost=0.00..81003.12 rows=3372486 width=4) (actual time=0.016..1307.096 rows=3356622 loops=1)
        Filter: (keyword_id < 16027)
        Rows Removed by Filter: 1167308
  ->  Hash  (cost=100245.71..100245.71 rows=17502 width=8) (actual time=1454.196..1454.196 rows=19289 loops=1)
        Buckets: 32768  Batches: 1  Memory Usage: 1010kB
        ->  Hash Join  (cost=69179.59..100245.71 rows=17502 width=8) (actual time=840.645..1446.508 rows=19289 loops=1)
              Hash Cond: (mi_idx.movie_id = t.id)
              ->  Seq Scan on movie_info_idx mi_idx  (cost=0.00..25185.44 rows=460978 width=4) (actual time=0.025..408.468 rows=459925 loops=1)
                    Filter: (info_type_id < 100)
                    Rows Removed by Filter: 920110
              ->  Hash  (cost=67604.59..67604.59 rows=96000 width=4) (actual time=839.883..839.883 rows=95005 loops=1)
                    Buckets: 131072  Batches: 2  Memory Usage: 2716kB
                    ->  Seq Scan on title t  (cost=0.00..67604.59 rows=96000 width=4) (actual time=0.038..804.364 rows=95005 loops=1)
                          Filter: (production_year = 2005)
                          Rows Removed by Filter: 2433307
Planning time: 1.152 ms
Execution time: 3356.364 ms
