Seq Scan on movie_companies mc  (cost=0.00..57926.93 rows=441328 width=0) (actual time=0.030..815.858 rows=251576 loops=1)
  Filter: ((company_id < 2507) AND (company_type_id = 2))
  Rows Removed by Filter: 2357553
Planning time: 0.372 ms
Execution time: 848.717 ms
