Hash Join  (cost=169377.91..244228.09 rows=463103 width=0) (actual time=3672.437..5260.652 rows=811890 loops=1)
  Hash Cond: (mc.movie_id = t.id)
  ->  Seq Scan on movie_companies mc  (cost=0.00..51404.11 rows=1329612 width=4) (actual time=218.977..853.830 rows=1334883 loops=1)
        Filter: (company_type_id = 2)
        Rows Removed by Filter: 1274246
  ->  Hash  (cost=154928.36..154928.36 rows=880684 width=8) (actual time=3452.616..3452.616 rows=723597 loops=1)
        Buckets: 131072  Batches: 16  Memory Usage: 2801kB
        ->  Hash Join  (cost=100399.99..154928.36 rows=880684 width=8) (actual time=1809.882..3245.631 rows=723597 loops=1)
              Hash Cond: (mi_idx.movie_id = t.id)
              ->  Seq Scan on movie_info_idx mi_idx  (cost=0.00..21735.35 rows=1380035 width=4) (actual time=0.027..346.677 rows=1380035 loops=1)
              ->  Hash  (cost=73925.90..73925.90 rows=1613607 width=4) (actual time=1807.925..1807.925 rows=1724951 loops=1)
                    Buckets: 131072  Batches: 32  Memory Usage: 2924kB
                    ->  Seq Scan on title t  (cost=0.00..73925.90 rows=1613607 width=4) (actual time=0.027..1250.298 rows=1724951 loops=1)
                          Filter: ((kind_id > 1) AND (production_year > 1962))
                          Rows Removed by Filter: 803361
Planning time: 1.032 ms
Execution time: 5359.775 ms
