Hash Join  (cost=83074.74..899952.95 rows=540 width=0) (actual time=8750.927..12405.130 rows=23 loops=1)
  Hash Cond: (ci.movie_id = t.id)
  ->  Seq Scan on cast_info ci  (cost=0.00..796071.18 rows=5547100 width=4) (actual time=1415.877..10446.434 rows=6600491 loops=1)
        Filter: ((person_id < 808545) AND (role_id < 4))
        Rows Removed by Filter: 29643853
  ->  Hash  (cost=83071.67..83071.67 rows=246 width=8) (actual time=1087.868..1087.868 rows=6 loops=1)
        Buckets: 1024  Batches: 1  Memory Usage: 9kB
        ->  Nested Loop  (cost=0.43..83071.67 rows=246 width=8) (actual time=22.084..1087.850 rows=6 loops=1)
              ->  Seq Scan on movie_keyword mk  (cost=0.00..81003.12 rows=246 width=4) (actual time=21.990..1087.501 rows=6 loops=1)
                    Filter: (keyword_id = 40133)
                    Rows Removed by Filter: 4523924
              ->  Index Only Scan using title_pkey on title t  (cost=0.43..8.40 rows=1 width=4) (actual time=0.047..0.048 rows=1 loops=6)
                    Index Cond: (id = mk.movie_id)
                    Heap Fetches: 6
Planning time: 4.622 ms
Execution time: 12405.268 ms
