Hash Join  (cost=221228.22..651464.54 rows=1394710 width=0) (actual time=4100.752..11116.154 rows=814957 loops=1)
  Hash Cond: (mi.movie_id = t.id)
  ->  Seq Scan on movie_info mi  (cost=0.00..346232.03 rows=5263441 width=4) (actual time=72.452..4552.882 rows=5270569 loops=1)
        Filter: (info_type_id > 15)
        Rows Removed by Filter: 9565151
  ->  Hash  (cost=210235.09..210235.09 rows=670010 width=8) (actual time=3991.250..3991.250 rows=196718 loops=1)
        Buckets: 131072  Batches: 16  Memory Usage: 1540kB
        ->  Hash Join  (cost=80069.96..210235.09 rows=670010 width=8) (actual time=1049.477..3931.962 rows=196718 loops=1)
              Hash Cond: (mk.movie_id = t.id)
              ->  Seq Scan on movie_keyword mk  (cost=0.00..69693.30 rows=4523930 width=4) (actual time=0.030..1126.202 rows=4523930 loops=1)
              ->  Hash  (cost=73925.90..73925.90 rows=374484 width=4) (actual time=1047.683..1047.683 rows=383564 loops=1)
                    Buckets: 131072  Batches: 8  Memory Usage: 2720kB
                    ->  Seq Scan on title t  (cost=0.00..73925.90 rows=374484 width=4) (actual time=0.045..934.213 rows=383564 loops=1)
                          Filter: ((kind_id > 2) AND (production_year > 2009))
                          Rows Removed by Filter: 2144748
Planning time: 1.169 ms
Execution time: 11221.450 ms
