Hash Join  (cost=75199.97..209207.99 rows=136273 width=0) (actual time=949.455..3906.203 rows=42675 loops=1)
  Hash Cond: (mk.movie_id = t.id)
  ->  Seq Scan on movie_keyword mk  (cost=0.00..81003.12 rows=4440044 width=4) (actual time=0.017..1526.293 rows=4434952 loops=1)
        Filter: (keyword_id > 73)
        Rows Removed by Filter: 88978
  ->  Hash  (cost=73925.90..73925.90 rows=77605 width=4) (actual time=947.319..947.319 rows=84684 loops=1)
        Buckets: 131072  Batches: 2  Memory Usage: 2518kB
        ->  Seq Scan on title t  (cost=0.00..73925.90 rows=77605 width=4) (actual time=21.487..916.789 rows=84684 loops=1)
              Filter: ((kind_id = 7) AND (production_year = 2009))
              Rows Removed by Filter: 2443628
Planning time: 0.761 ms
Execution time: 3910.427 ms
