Nested Loop  (cost=0.43..52283.95 rows=77 width=134) (actual time=12.312..813.791 rows=441 loops=1)
  ->  Seq Scan on movie_companies mc  (cost=0.00..51404.11 rows=104 width=40) (actual time=12.235..806.892 rows=446 loops=1)
        Filter: (company_id = 769)
        Rows Removed by Filter: 2608683
  ->  Index Scan using title_pkey on title t  (cost=0.43..8.45 rows=1 width=94) (actual time=0.014..0.014 rows=1 loops=446)
        Index Cond: (id = mc.movie_id)
        Filter: (kind_id > 1)
        Rows Removed by Filter: 0
Planning time: 0.936 ms
Execution time: 813.923 ms
