Hash Join  (cost=88787.54..462034.21 rows=555290 width=0) (actual time=1413.241..6635.426 rows=1281216 loops=1)
  Hash Cond: (mi.movie_id = t.id)
  ->  Seq Scan on movie_info mi  (cost=0.00..346232.03 rows=1550064 width=4) (actual time=232.943..4235.297 rows=1533909 loops=1)
        Filter: (info_type_id = 3)
        Rows Removed by Filter: 13301811
  ->  Hash  (cost=73925.90..73925.90 rows=905811 width=4) (actual time=1179.388..1179.388 rows=834479 loops=1)
        Buckets: 131072  Batches: 16  Memory Usage: 2868kB
        ->  Seq Scan on title t  (cost=0.00..73925.90 rows=905811 width=4) (actual time=0.039..925.089 rows=834479 loops=1)
              Filter: ((kind_id < 7) AND (production_year > 1940))
              Rows Removed by Filter: 1693833
Planning time: 0.770 ms
Execution time: 6799.402 ms
