Hash Join  (cost=219120.21..755110.58 rows=5265541 width=0) (actual time=4134.432..21646.172 rows=28859787 loops=1)
  Hash Cond: (mi.movie_id = t.id)
  ->  Seq Scan on movie_info mi  (cost=0.00..309384.22 rows=14739122 width=4) (actual time=0.019..4520.069 rows=14835720 loops=1)
  ->  Hash  (cost=204299.77..204299.77 rows=903315 width=8) (actual time=4110.085..4110.085 rows=617763 loops=1)
        Buckets: 131072  Batches: 16  Memory Usage: 2595kB
        ->  Hash Join  (cost=84197.31..204299.77 rows=903315 width=8) (actual time=1294.815..3911.949 rows=617763 loops=1)
              Hash Cond: (mk.movie_id = t.id)
              ->  Seq Scan on movie_keyword mk  (cost=0.00..81003.12 rows=2258449 width=4) (actual time=0.026..1284.686 rows=2261509 loops=1)
                    Filter: (keyword_id < 4702)
                    Rows Removed by Filter: 2262421
              ->  Hash  (cost=67604.59..67604.59 rows=1011338 width=4) (actual time=1293.476..1293.476 rows=1012920 loops=1)
                    Buckets: 131072  Batches: 16  Memory Usage: 3257kB
                    ->  Seq Scan on title t  (cost=0.00..67604.59 rows=1011338 width=4) (actual time=0.020..963.973 rows=1012920 loops=1)
                          Filter: (production_year > 2005)
                          Rows Removed by Filter: 1515392
Planning time: 1.111 ms
Execution time: 24607.594 ms
