Hash Join  (cost=82871.49..144029.89 rows=17286 width=0) (actual time=1544.904..2048.005 rows=5016 loops=1)
  Hash Cond: (mc.movie_id = t.id)
  ->  Seq Scan on movie_companies mc  (cost=0.00..57926.93 rows=80161 width=4) (actual time=201.852..709.013 rows=127941 loops=1)
        Filter: ((company_id < 33) AND (company_type_id = 1))
        Rows Removed by Filter: 2481188
  ->  Hash  (cost=73925.90..73925.90 rows=545247 width=4) (actual time=1178.695..1178.695 rows=557319 loops=1)
        Buckets: 131072  Batches: 8  Memory Usage: 3485kB
        ->  Seq Scan on title t  (cost=0.00..73925.90 rows=545247 width=4) (actual time=13.220..1004.509 rows=557319 loops=1)
              Filter: ((production_year < 2011) AND (kind_id = 1))
              Rows Removed by Filter: 1970993
Planning time: 0.839 ms
Execution time: 2049.119 ms
