Hash Join  (cost=131064.36..259728.42 rows=546802 width=0) (actual time=7677.321..16744.516 rows=3813500 loops=1)
  Hash Cond: (mk.movie_id = t.id)
  ->  Seq Scan on movie_keyword mk  (cost=0.00..69693.30 rows=4523930 width=4) (actual time=0.021..5170.058 rows=4523930 loops=1)
  ->  Hash  (cost=126050.11..126050.11 rows=305620 width=8) (actual time=7676.489..7676.489 rows=460642 loops=1)
        Buckets: 131072 (originally 131072)  Batches: 8 (originally 4)  Memory Usage: 3294kB
        ->  Hash Join  (cost=83113.43..126050.11 rows=305620 width=8) (actual time=4638.618..7501.096 rows=460642 loops=1)
              Hash Cond: (mi_idx.movie_id = t.id)
              ->  Seq Scan on movie_info_idx mi_idx  (cost=0.00..21735.35 rows=1380035 width=4) (actual time=0.023..1760.264 rows=1380035 loops=1)
              ->  Hash  (cost=73925.90..73925.90 rows=559962 width=4) (actual time=4637.704..4637.704 rows=477167 loops=1)
                    Buckets: 131072  Batches: 8  Memory Usage: 3118kB
                    ->  Seq Scan on title t  (cost=0.00..73925.90 rows=559962 width=4) (actual time=0.021..4163.199 rows=477167 loops=1)
                          Filter: ((kind_id < 7) AND (production_year > 1999))
                          Rows Removed by Filter: 2051145
Planning time: 1.052 ms
Execution time: 17318.713 ms
