Seq Scan on title t  (cost=0.00..73925.90 rows=68180 width=0) (actual time=217.833..920.187 rows=3 loops=1)
  Filter: ((production_year < 1930) AND (kind_id = 7))
  Rows Removed by Filter: 2528309
Planning time: 0.308 ms
Execution time: 920.308 ms
