Hash Join  (cost=463181.62..1413520.46 rows=3682897 width=0) (actual time=7237.803..32496.600 rows=13756407 loops=1)
  Hash Cond: (ci.movie_id = t.id)
  ->  Seq Scan on cast_info ci  (cost=0.00..705507.15 rows=17812731 width=4) (actual time=0.011..11590.929 rows=17659926 loops=1)
        Filter: (person_id < 1748923)
        Rows Removed by Filter: 18584418
  ->  Hash  (cost=454603.76..454603.76 rows=522789 width=8) (actual time=7236.943..7236.943 rows=1092388 loops=1)
        Buckets: 131072 (originally 131072)  Batches: 16 (originally 8)  Memory Usage: 3681kB
        ->  Hash Join  (cost=83810.17..454603.76 rows=522789 width=8) (actual time=1812.864..6910.492 rows=1092388 loops=1)
              Hash Cond: (mi.movie_id = t.id)
              ->  Seq Scan on movie_info mi  (cost=0.00..346232.03 rows=1338312 width=4) (actual time=472.916..4415.044 rows=1401902 loops=1)
                    Filter: (info_type_id = 7)
                    Rows Removed by Filter: 13433818
              ->  Hash  (cost=67604.59..67604.59 rows=987727 width=4) (actual time=1339.365..1339.365 rows=985048 loops=1)
                    Buckets: 131072  Batches: 16  Memory Usage: 3197kB
                    ->  Seq Scan on title t  (cost=0.00..67604.59 rows=987727 width=4) (actual time=0.015..990.969 rows=985048 loops=1)
                          Filter: (kind_id < 7)
                          Rows Removed by Filter: 1543264
Planning time: 3.087 ms
Execution time: 34010.603 ms
