Seq Scan on movie_companies mc  (cost=0.00..51404.11 rows=1539099 width=0) (actual time=0.022..735.515 rows=1527096 loops=1)
  Filter: (company_id < 14344)
  Rows Removed by Filter: 1082033
Planning time: 7.406 ms
Execution time: 924.845 ms
