Hash Join  (cost=102767.86..1236635.42 rows=17391410 width=0) (actual time=1660.364..27467.495 rows=17518312 loops=1)
  Hash Cond: (ci.movie_id = t.id)
  ->  Seq Scan on cast_info ci  (cost=0.00..705507.15 rows=17391410 width=4) (actual time=0.013..11545.331 rows=17518312 loops=1)
        Filter: (person_id > 1866120)
        Rows Removed by Filter: 18726032
  ->  Hash  (cost=61283.27..61283.27 rows=2528527 width=4) (actual time=1659.659..1659.659 rows=2528312 loops=1)
        Buckets: 131072  Batches: 64  Memory Usage: 2415kB
        ->  Seq Scan on title t  (cost=0.00..61283.27 rows=2528527 width=4) (actual time=0.016..809.711 rows=2528312 loops=1)
Planning time: 0.741 ms
Execution time: 29449.003 ms
