Hash Join  (cost=74205.53..432214.72 rows=27144 width=0) (actual time=3104.607..6134.610 rows=20197 loops=1)
  Hash Cond: (mi.movie_id = t.id)
  ->  Seq Scan on movie_info mi  (cost=0.00..346232.03 rows=3068194 width=4) (actual time=2163.210..4561.786 rows=3036719 loops=1)
        Filter: (info_type_id = 16)
        Rows Removed by Filter: 11799001
  ->  Hash  (cost=73925.90..73925.90 rows=22370 width=4) (actual time=940.962..940.962 rows=22427 loops=1)
        Buckets: 32768  Batches: 1  Memory Usage: 1045kB
        ->  Seq Scan on title t  (cost=0.00..73925.90 rows=22370 width=4) (actual time=0.080..931.719 rows=22427 loops=1)
              Filter: ((kind_id < 4) AND (production_year = 2013))
              Rows Removed by Filter: 2505885
Planning time: 0.735 ms
Execution time: 6138.284 ms
