Hash Join  (cost=914773.99..1058033.42 rows=945536 width=0) (actual time=13416.630..19939.629 rows=12389673 loops=1)
  Hash Cond: (mk.movie_id = t.id)
  ->  Seq Scan on movie_keyword mk  (cost=0.00..81003.12 rows=4382119 width=4) (actual time=0.027..1579.763 rows=4383961 loops=1)
        Filter: (keyword_id < 75025)
        Rows Removed by Filter: 139969
  ->  Hash  (cost=905822.19..905822.19 rows=545584 width=8) (actual time=13415.104..13415.104 rows=903359 loops=1)
        Buckets: 131072 (originally 131072)  Batches: 16 (originally 8)  Memory Usage: 3306kB
        ->  Hash Join  (cost=85280.32..905822.19 rows=545584 width=8) (actual time=5276.775..13118.115 rows=903359 loops=1)
              Hash Cond: (ci.movie_id = t.id)
              ->  Seq Scan on cast_info ci  (cost=0.00..796071.18 rows=1280492 width=4) (actual time=3938.771..9083.021 rows=3345927 loops=1)
                    Filter: ((person_id > 2633441) AND (role_id = 10))
                    Rows Removed by Filter: 32898417
              ->  Hash  (cost=67604.59..67604.59 rows=1077339 width=4) (actual time=1337.052..1337.052 rows=1074765 loops=1)
                    Buckets: 131072  Batches: 16  Memory Usage: 3388kB
                    ->  Seq Scan on title t  (cost=0.00..67604.59 rows=1077339 width=4) (actual time=0.030..1000.635 rows=1074765 loops=1)
                          Filter: (production_year < 2001)
                          Rows Removed by Filter: 1453547
Planning time: 1.160 ms
Execution time: 21097.148 ms
