Seq Scan on movie_companies mc  (cost=0.00..57926.93 rows=447238 width=0) (actual time=313.424..668.514 rows=646367 loops=1)
  Filter: ((company_id < 3051) AND (company_type_id < 2))
  Rows Removed by Filter: 1962762
Planning time: 0.318 ms
Execution time: 742.881 ms
