Hash Join  (cost=58375.85..145034.83 rows=95 width=0) (actual time=1337.016..2029.049 rows=16 loops=1)
  Hash Cond: (mk.movie_id = t.id)
  ->  Seq Scan on movie_keyword mk  (cost=0.00..69693.30 rows=4523930 width=4) (actual time=0.018..661.158 rows=4523930 loops=1)
  ->  Hash  (cost=58375.18..58375.18 rows=53 width=8) (actual time=715.905..715.905 rows=13 loops=1)
        Buckets: 1024  Batches: 1  Memory Usage: 9kB
        ->  Nested Loop  (cost=0.43..58375.18 rows=53 width=8) (actual time=23.424..715.890 rows=13 loops=1)
              ->  Seq Scan on movie_companies mc  (cost=0.00..57926.93 rows=53 width=4) (actual time=23.311..715.284 rows=13 loops=1)
                    Filter: ((company_id = 76407) AND (company_type_id = 2))
                    Rows Removed by Filter: 2609116
              ->  Index Only Scan using title_pkey on title t  (cost=0.43..8.45 rows=1 width=4) (actual time=0.040..0.041 rows=1 loops=13)
                    Index Cond: (id = mc.movie_id)
                    Heap Fetches: 13
Planning time: 1.232 ms
Execution time: 2029.190 ms
