Hash Join  (cost=221624.12..762179.39 rows=3966644 width=0) (actual time=11584.282..44357.052 rows=1572872 loops=1)
  Hash Cond: (mi.movie_id = t.id)
  ->  Seq Scan on movie_info mi  (cost=0.00..309384.22 rows=14739122 width=4) (actual time=0.021..21690.400 rows=14835720 loops=1)
  ->  Hash  (cost=210459.04..210459.04 rows=680486 width=8) (actual time=11576.733..11576.733 rows=132769 loops=1)
        Buckets: 131072  Batches: 16  Memory Usage: 1331kB
        ->  Hash Join  (cost=80166.14..210459.04 rows=680486 width=8) (actual time=3995.055..11512.383 rows=132769 loops=1)
              Hash Cond: (mk.movie_id = t.id)
              ->  Seq Scan on movie_keyword mk  (cost=0.00..69693.30 rows=4523930 width=4) (actual time=0.015..4967.105 rows=4523930 loops=1)
              ->  Hash  (cost=73925.90..73925.90 rows=380339 width=4) (actual time=3993.947..3993.947 rows=236287 loops=1)
                    Buckets: 131072  Batches: 8  Memory Usage: 2056kB
                    ->  Seq Scan on title t  (cost=0.00..73925.90 rows=380339 width=4) (actual time=0.059..3873.548 rows=236287 loops=1)
                          Filter: ((kind_id > 3) AND (production_year < 1984))
                          Rows Removed by Filter: 2292025
Planning time: 9.138 ms
Execution time: 44586.047 ms
