Nested Loop  (cost=44377.22..139376.82 rows=1575 width=0) (actual time=1840.317..2000.122 rows=12 loops=1)
  ->  Hash Join  (cost=44376.79..131702.18 rows=12999 width=8) (actual time=899.113..1999.503 rows=33 loops=1)
        Hash Cond: (mk.movie_id = mi_idx.movie_id)
        ->  Seq Scan on movie_keyword mk  (cost=0.00..81003.12 rows=4373 width=4) (actual time=47.107..918.954 rows=4347 loops=1)
              Filter: (keyword_id = 18607)
              Rows Removed by Filter: 4519583
        ->  Hash  (cost=21735.35..21735.35 rows=1380035 width=4) (actual time=851.244..851.244 rows=1380035 loops=1)
              Buckets: 131072  Batches: 32  Memory Usage: 2556kB
              ->  Seq Scan on movie_info_idx mi_idx  (cost=0.00..21735.35 rows=1380035 width=4) (actual time=0.028..413.953 rows=1380035 loops=1)
  ->  Index Scan using title_pkey on title t  (cost=0.43..0.58 rows=1 width=4) (actual time=0.016..0.017 rows=0 loops=33)
        Index Cond: (id = mi_idx.movie_id)
        Filter: (kind_id > 3)
        Rows Removed by Filter: 1
Planning time: 2.544 ms
Execution time: 2000.256 ms
