Hash Join  (cost=216426.71..621610.96 rows=1775749 width=0) (actual time=4463.395..10724.302 rows=1882165 loops=1)
  Hash Cond: (mi.movie_id = t.id)
  ->  Seq Scan on movie_info mi  (cost=0.00..346232.03 rows=3068194 width=4) (actual time=0.017..4345.654 rows=3036719 loops=1)
        Filter: (info_type_id = 16)
        Rows Removed by Filter: 11799001
  ->  Hash  (cost=192417.08..192417.08 rows=1463411 width=8) (actual time=4461.771..4461.771 rows=995715 loops=1)
        Buckets: 131072  Batches: 32  Memory Usage: 2234kB
        ->  Hash Join  (cost=97193.44..192417.08 rows=1463411 width=8) (actual time=1582.050..4135.877 rows=995715 loops=1)
              Hash Cond: (mc.movie_id = t.id)
              ->  Seq Scan on movie_companies mc  (cost=0.00..44881.29 rows=2609129 width=4) (actual time=0.008..675.618 rows=2609129 loops=1)
              ->  Hash  (cost=73925.90..73925.90 rows=1418203 width=4) (actual time=1580.588..1580.588 rows=1540108 loops=1)
                    Buckets: 131072  Batches: 32  Memory Usage: 2727kB
                    ->  Seq Scan on title t  (cost=0.00..73925.90 rows=1418203 width=4) (actual time=0.022..1093.872 rows=1540108 loops=1)
                          Filter: ((kind_id > 1) AND (production_year > 1981))
                          Rows Removed by Filter: 988204
Planning time: 0.785 ms
Execution time: 10911.262 ms
