Hash Join  (cost=78306.32..153540.02 rows=136085 width=0) (actual time=1610.856..2753.677 rows=164706 loops=1)
  Hash Cond: (mc.movie_id = t.id)
  ->  Seq Scan on movie_companies mc  (cost=0.00..57926.93 rows=1288779 width=4) (actual time=169.553..1080.174 rows=1254787 loops=1)
        Filter: ((company_id < 170010) AND (company_type_id = 2))
        Rows Removed by Filter: 1354342
  ->  Hash  (cost=73925.90..73925.90 rows=266993 width=4) (actual time=1055.307..1055.307 rows=216282 loops=1)
        Buckets: 131072  Batches: 4  Memory Usage: 2928kB
        ->  Seq Scan on title t  (cost=0.00..73925.90 rows=266993 width=4) (actual time=251.857..984.767 rows=216282 loops=1)
              Filter: ((production_year > 2005) AND (kind_id = 1))
              Rows Removed by Filter: 2312030
Planning time: 0.987 ms
Execution time: 2775.271 ms
