Hash Join  (cost=142236.73..1069822.14 rows=1832129 width=0) (actual time=3378.925..20913.490 rows=2826492 loops=1)
  Hash Cond: (ci.movie_id = t.id)
  ->  Seq Scan on cast_info ci  (cost=0.00..796071.18 rows=9626917 width=4) (actual time=947.512..12713.517 rows=10594078 loops=1)
        Filter: ((person_id > 732080) AND (role_id > 3))
        Rows Removed by Filter: 25650266
  ->  Hash  (cost=134341.58..134341.58 rows=481212 width=8) (actual time=2429.144..2429.144 rows=269931 loops=1)
        Buckets: 131072  Batches: 8  Memory Usage: 2347kB
        ->  Hash Join  (cost=88391.98..134341.58 rows=481212 width=8) (actual time=1422.114..2350.047 rows=269931 loops=1)
              Hash Cond: (mi_idx.movie_id = t.id)
              ->  Seq Scan on movie_info_idx mi_idx  (cost=0.00..21735.35 rows=1380035 width=4) (actual time=0.038..385.361 rows=1380035 loops=1)
              ->  Hash  (cost=73925.90..73925.90 rows=881686 width=4) (actual time=1175.884..1175.884 rows=801513 loops=1)
                    Buckets: 131072  Batches: 16  Memory Usage: 2786kB
                    ->  Seq Scan on title t  (cost=0.00..73925.90 rows=881686 width=4) (actual time=0.022..941.810 rows=801513 loops=1)
                          Filter: ((production_year < 2006) AND (kind_id = 7))
                          Rows Removed by Filter: 1726799
Planning time: 1.199 ms
Execution time: 21273.371 ms
