Seq Scan on movie_keyword mk  (cost=0.00..81003.12 rows=3748140 width=0) (actual time=0.024..5021.786 rows=3739211 loops=1)
  Filter: (keyword_id < 24028)
  Rows Removed by Filter: 784719
Planning time: 0.318 ms
Execution time: 5765.613 ms
