Nested Loop  (cost=0.43..881385.35 rows=2233 width=0) (actual time=6097.546..9111.010 rows=731 loops=1)
  ->  Seq Scan on cast_info ci  (cost=0.00..796071.18 rows=14102 width=4) (actual time=6097.457..9036.765 rows=4809 loops=1)
        Filter: ((person_id < 9094) AND (role_id > 8))
        Rows Removed by Filter: 36239535
  ->  Index Scan using title_pkey on title t  (cost=0.43..6.04 rows=1 width=4) (actual time=0.015..0.015 rows=0 loops=4809)
        Index Cond: (id = ci.movie_id)
        Filter: ((kind_id < 7) AND (production_year < 2000))
        Rows Removed by Filter: 1
Planning time: 0.791 ms
Execution time: 9111.319 ms
