Hash Join  (cost=98137.04..177719.01 rows=524789 width=0) (actual time=1737.826..3140.286 rows=95412 loops=1)
  Hash Cond: (mc.movie_id = t.id)
  ->  Seq Scan on movie_companies mc  (cost=0.00..57926.93 rows=713029 width=4) (actual time=0.022..842.431 rows=497938 loops=1)
        Filter: ((company_id > 9017) AND (company_type_id < 2))
        Rows Removed by Filter: 2111191
  ->  Hash  (cost=67604.59..67604.59 rows=1860996 width=4) (actual time=1736.246..1736.246 rows=1865487 loops=1)
        Buckets: 131072  Batches: 32  Memory Usage: 3079kB
        ->  Seq Scan on title t  (cost=0.00..67604.59 rows=1860996 width=4) (actual time=0.022..1129.411 rows=1865487 loops=1)
              Filter: (kind_id > 1)
              Rows Removed by Filter: 662825
Planning time: 0.791 ms
Execution time: 3151.636 ms
