Seq Scan on movie_keyword mk  (cost=0.00..81003.12 rows=4121921 width=0) (actual time=0.022..1370.408 rows=4127912 loops=1)
  Filter: (keyword_id < 43605)
  Rows Removed by Filter: 396018
Planning time: 0.578 ms
Execution time: 1901.167 ms
