Seq Scan on movie_keyword mk  (cost=0.00..81003.12 rows=246 width=0) (actual time=153.556..1053.739 rows=6 loops=1)
  Filter: (keyword_id = 23489)
  Rows Removed by Filter: 4523924
Planning time: 0.346 ms
Execution time: 1053.817 ms
