Hash Join  (cost=75234.22..198974.30 rows=142605 width=0) (actual time=1937.176..3608.798 rows=175437 loops=1)
  Hash Cond: (mk.movie_id = t.id)
  ->  Seq Scan on movie_keyword mk  (cost=0.00..69693.30 rows=4523930 width=4) (actual time=0.022..1121.164 rows=4523930 loops=1)
  ->  Hash  (cost=73925.90..73925.90 rows=79705 width=4) (actual time=1123.857..1123.857 rows=82805 loops=1)
        Buckets: 131072  Batches: 2  Memory Usage: 2488kB
        ->  Seq Scan on title t  (cost=0.00..73925.90 rows=79705 width=4) (actual time=0.041..1091.513 rows=82805 loops=1)
              Filter: ((production_year < 2012) AND (kind_id = 2))
              Rows Removed by Filter: 2445507
Planning time: 0.780 ms
Execution time: 3626.871 ms
