Hash Join  (cost=135974.54..232855.67 rows=50519 width=0) (actual time=2067.971..4018.922 rows=339399 loops=1)
  Hash Cond: (mk.movie_id = t.id)
  ->  Seq Scan on movie_keyword mk  (cost=0.00..81003.12 rows=4099418 width=4) (actual time=0.027..1263.706 rows=4087742 loops=1)
        Filter: (keyword_id > 335)
        Rows Removed by Filter: 436188
  ->  Hash  (cost=135585.04..135585.04 rows=31160 width=8) (actual time=2067.641..2067.641 rows=42794 loops=1)
        Buckets: 65536 (originally 32768)  Batches: 1 (originally 1)  Memory Usage: 2184kB
        ->  Hash Join  (cost=69694.50..135585.04 rows=31160 width=8) (actual time=966.138..2054.315 rows=42794 loops=1)
              Hash Cond: (mc.movie_id = t.id)
              ->  Seq Scan on movie_companies mc  (cost=0.00..57926.93 rows=618668 width=4) (actual time=125.471..891.050 rows=886998 loops=1)
                    Filter: ((company_id > 11961) AND (company_type_id > 1))
                    Rows Removed by Filter: 1722131
              ->  Hash  (cost=67604.59..67604.59 rows=127353 width=4) (actual time=839.861..839.861 rows=128696 loops=1)
                    Buckets: 131072  Batches: 2  Memory Usage: 3284kB
                    ->  Seq Scan on title t  (cost=0.00..67604.59 rows=127353 width=4) (actual time=0.033..794.558 rows=128696 loops=1)
                          Filter: (production_year = 2009)
                          Rows Removed by Filter: 2399616
Planning time: 1.212 ms
Execution time: 4059.740 ms
