Seq Scan on movie_keyword mk  (cost=0.00..81003.12 rows=2968838 width=0) (actual time=0.033..1350.667 rows=2951511 loops=1)
  Filter: (keyword_id < 9978)
  Rows Removed by Filter: 1572419
Planning time: 0.350 ms
Execution time: 1725.452 ms
