Hash Join  (cost=235035.71..404839.69 rows=3459402 width=0) (actual time=5161.885..14646.581 rows=24776366 loops=1)
  Hash Cond: (mk.movie_id = t.id)
  ->  Seq Scan on movie_keyword mk  (cost=0.00..69693.30 rows=4523930 width=4) (actual time=0.024..1209.694 rows=4523930 loops=1)
  ->  Hash  (cost=203313.49..203313.49 rows=1933538 width=8) (actual time=5160.266..5160.266 rows=1648227 loops=1)
        Buckets: 131072  Batches: 32  Memory Usage: 3084kB
        ->  Hash Join  (cost=98347.17..203313.49 rows=1933538 width=8) (actual time=1699.023..4628.838 rows=1648227 loops=1)
              Hash Cond: (mc.movie_id = t.id)
              ->  Seq Scan on movie_companies mc  (cost=0.00..44881.29 rows=2609129 width=4) (actual time=0.019..752.229 rows=2609129 loops=1)
              ->  Hash  (cost=67604.59..67604.59 rows=1873807 width=4) (actual time=1697.258..1697.258 rows=1871198 loops=1)
                    Buckets: 131072  Batches: 32  Memory Usage: 3088kB
                    ->  Seq Scan on title t  (cost=0.00..67604.59 rows=1873807 width=4) (actual time=0.012..1100.038 rows=1871198 loops=1)
                          Filter: (production_year > 1984)
                          Rows Removed by Filter: 657114
Planning time: 1.111 ms
Execution time: 17693.769 ms
