Nested Loop  (cost=0.43..77398.86 rows=43 width=0) (actual time=0.100..834.926 rows=3 loops=1)
  ->  Seq Scan on movie_companies mc  (cost=0.00..57926.93 rows=2482 width=4) (actual time=0.053..771.713 rows=4773 loops=1)
        Filter: ((company_type_id > 1) AND (company_id = 1427))
        Rows Removed by Filter: 2604356
  ->  Index Scan using title_pkey on title t  (cost=0.43..7.84 rows=1 width=4) (actual time=0.013..0.013 rows=0 loops=4773)
        Index Cond: (id = mc.movie_id)
        Filter: ((kind_id < 2) AND (production_year = 2012))
        Rows Removed by Filter: 1
Planning time: 0.740 ms
Execution time: 835.010 ms
