Seq Scan on movie_keyword mk  (cost=0.00..81003.12 rows=3774127 width=0) (actual time=0.024..1338.176 rows=3767944 loops=1)
  Filter: (keyword_id < 24749)
  Rows Removed by Filter: 755986
Planning time: 0.294 ms
Execution time: 1817.464 ms
