Hash Join  (cost=125203.03..481876.31 rows=48463 width=0) (actual time=2580.214..6258.871 rows=39548 loops=1)
  Hash Cond: (mi.movie_id = t.id)
  ->  Seq Scan on movie_info mi  (cost=0.00..346232.03 rows=809768 width=4) (actual time=688.348..4055.742 rows=802140 loops=1)
        Filter: (info_type_id < 2)
        Rows Removed by Filter: 14033580
  ->  Hash  (cost=122719.44..122719.44 rows=151327 width=8) (actual time=1891.058..1891.058 rows=83907 loops=1)
        Buckets: 131072  Batches: 2  Memory Usage: 2673kB
        ->  Hash Join  (cost=87428.23..122719.44 rows=151327 width=8) (actual time=1386.994..1860.639 rows=83907 loops=1)
              Hash Cond: (mi_idx.movie_id = t.id)
              ->  Seq Scan on movie_info_idx mi_idx  (cost=0.00..25185.44 rows=464934 width=4) (actual time=0.035..392.483 rows=460185 loops=1)
                    Filter: (info_type_id > 100)
                    Rows Removed by Filter: 919850
              ->  Hash  (cost=73925.90..73925.90 rows=822986 width=4) (actual time=1087.612..1087.612 rows=738761 loops=1)
                    Buckets: 131072  Batches: 16  Memory Usage: 2648kB
                    ->  Seq Scan on title t  (cost=0.00..73925.90 rows=822986 width=4) (actual time=178.856..886.568 rows=738761 loops=1)
                          Filter: ((production_year < 2005) AND (kind_id = 7))
                          Rows Removed by Filter: 1789551
Planning time: 1.184 ms
Execution time: 6264.585 ms
