Seq Scan on cast_info ci  (cost=0.00..796071.18 rows=6505789 width=0) (actual time=7539.328..38402.370 rows=10710810 loops=1)
  Filter: ((person_id > 2184621) AND (role_id > 2))
  Rows Removed by Filter: 25533534
Planning time: 8.994 ms
Execution time: 40203.030 ms
