Hash Join  (cost=569361.86..1587865.95 rows=3234254 width=0) (actual time=10981.907..31837.751 rows=6091571 loops=1)
  Hash Cond: (ci.movie_id = t.id)
  ->  Seq Scan on cast_info ci  (cost=0.00..705507.15 rows=15641344 width=4) (actual time=0.024..11089.382 rows=15525325 loops=1)
        Filter: (person_id < 1531514)
        Rows Removed by Filter: 20719019
  ->  Hash  (cost=560783.39..560783.39 rows=522838 width=8) (actual time=10980.764..10980.764 rows=880696 loops=1)
        Buckets: 131072 (originally 131072)  Batches: 16 (originally 8)  Memory Usage: 3184kB
        ->  Hash Join  (cost=75398.08..560783.39 rows=522838 width=8) (actual time=1011.172..10711.239 rows=880696 loops=1)
              Hash Cond: (mi.movie_id = t.id)
              ->  Seq Scan on movie_info mi  (cost=0.00..309384.22 rows=14739122 width=4) (actual time=0.016..4346.965 rows=14835720 loops=1)
              ->  Hash  (cost=73925.90..73925.90 rows=89694 width=4) (actual time=996.180..996.180 rows=117850 loops=1)
                    Buckets: 131072  Batches: 2  Memory Usage: 3100kB
                    ->  Seq Scan on title t  (cost=0.00..73925.90 rows=89694 width=4) (actual time=0.017..955.718 rows=117850 loops=1)
                          Filter: ((production_year > 1977) AND (kind_id = 4))
                          Rows Removed by Filter: 2410462
Planning time: 1.143 ms
Execution time: 32428.127 ms
