Hash Join  (cost=798855.20..1163526.52 rows=1539 width=0) (actual time=12179.010..17849.415 rows=1057 loops=1)
  Hash Cond: (mi.movie_id = t.id)
  ->  Seq Scan on movie_info mi  (cost=0.00..309384.22 rows=14739122 width=4) (actual time=0.023..2910.758 rows=14835720 loops=1)
  ->  Hash  (cost=798851.90..798851.90 rows=264 width=8) (actual time=12148.995..12148.995 rows=106 loops=1)
        Buckets: 1024  Batches: 1  Memory Usage: 13kB
        ->  Nested Loop  (cost=0.43..798851.90 rows=264 width=8) (actual time=654.002..12148.907 rows=106 loops=1)
              ->  Seq Scan on cast_info ci  (cost=0.00..796071.18 rows=332 width=4) (actual time=653.893..12146.097 rows=161 loops=1)
                    Filter: ((role_id < 4) AND (person_id = 1111788))
                    Rows Removed by Filter: 36244183
              ->  Index Scan using title_pkey on title t  (cost=0.43..8.37 rows=1 width=4) (actual time=0.016..0.017 rows=1 loops=161)
                    Index Cond: (id = ci.movie_id)
                    Filter: (production_year > 1975)
                    Rows Removed by Filter: 0
Planning time: 1.173 ms
Execution time: 17849.928 ms
