Hash Join  (cost=256157.92..850457.91 rows=9003616 width=0) (actual time=5490.150..34755.000 rows=75214754 loops=1)
  Hash Cond: (mi.movie_id = t.id)
  ->  Seq Scan on movie_info mi  (cost=0.00..309384.22 rows=14739122 width=4) (actual time=0.029..4296.961 rows=14835720 loops=1)
  ->  Hash  (cost=230816.55..230816.55 rows=1544589 width=8) (actual time=5487.063..5487.063 rows=1553480 loops=1)
        Buckets: 131072  Batches: 32  Memory Usage: 2983kB
        ->  Hash Join  (cost=102767.86..230816.55 rows=1544589 width=8) (actual time=1542.954..5043.770 rows=1553480 loops=1)
              Hash Cond: (mk.movie_id = t.id)
              ->  Seq Scan on movie_keyword mk  (cost=0.00..81003.12 rows=1544589 width=4) (actual time=0.030..1173.813 rows=1553480 loops=1)
                    Filter: (keyword_id < 2298)
                    Rows Removed by Filter: 2970450
              ->  Hash  (cost=61283.27..61283.27 rows=2528527 width=4) (actual time=1541.763..1541.763 rows=2528312 loops=1)
                    Buckets: 131072  Batches: 64  Memory Usage: 2425kB
                    ->  Seq Scan on title t  (cost=0.00..61283.27 rows=2528527 width=4) (actual time=0.021..726.357 rows=2528312 loops=1)
Planning time: 1.063 ms
Execution time: 43062.811 ms
