Hash Join  (cost=267659.56..1615899.48 rows=26201074 width=0) (actual time=5306.194..54115.409 rows=88602296 loops=1)
  Hash Cond: (ci.movie_id = t.id)
  ->  Seq Scan on cast_info ci  (cost=0.00..614943.12 rows=36225612 width=4) (actual time=0.014..10526.426 rows=36244344 loops=1)
  ->  Hash  (cost=237655.31..237655.31 rows=1828820 width=8) (actual time=5304.933..5304.933 rows=1833196 loops=1)
        Buckets: 131072  Batches: 32  Memory Usage: 3250kB
        ->  Hash Join  (cost=102767.86..237655.31 rows=1828820 width=8) (actual time=1655.302..4776.205 rows=1833196 loops=1)
              Hash Cond: (mk.movie_id = t.id)
              ->  Seq Scan on movie_keyword mk  (cost=0.00..81003.12 rows=1828820 width=4) (actual time=0.027..1332.171 rows=1833196 loops=1)
                    Filter: (keyword_id > 7601)
                    Rows Removed by Filter: 2690734
              ->  Hash  (cost=61283.27..61283.27 rows=2528527 width=4) (actual time=1652.064..1652.064 rows=2528312 loops=1)
                    Buckets: 131072  Batches: 64  Memory Usage: 2425kB
                    ->  Seq Scan on title t  (cost=0.00..61283.27 rows=2528527 width=4) (actual time=0.014..826.463 rows=2528312 loops=1)
Planning time: 1.212 ms
Execution time: 63796.228 ms
