Seq Scan on movie_companies mc  (cost=0.00..51404.11 rows=68461 width=0) (actual time=429.078..732.724 rows=67377 loops=1)
  Filter: (company_id > 178429)
  Rows Removed by Filter: 2541752
Planning time: 1.720 ms
Execution time: 741.700 ms
