Hash Join  (cost=441165.11..575496.54 rows=219491 width=0) (actual time=8398.066..12427.584 rows=5040060 loops=1)
  Hash Cond: (mk.movie_id = t.id)
  ->  Seq Scan on movie_keyword mk  (cost=0.00..81003.12 rows=3947879 width=4) (actual time=0.014..1511.967 rows=3949822 loops=1)
        Filter: (keyword_id < 32010)
        Rows Removed by Filter: 574108
  ->  Hash  (cost=438857.87..438857.87 rows=140579 width=8) (actual time=8396.599..8396.599 rows=160998 loops=1)
        Buckets: 131072 (originally 131072)  Batches: 4 (originally 2)  Memory Usage: 3073kB
        ->  Hash Join  (cost=68332.59..438857.87 rows=140579 width=8) (actual time=934.843..7074.712 rows=160998 loops=1)
              Hash Cond: (mi.movie_id = t.id)
              ->  Seq Scan on movie_info mi  (cost=0.00..346232.03 rows=6103325 width=4) (actual time=0.020..4609.302 rows=6083429 loops=1)
                    Filter: (info_type_id > 9)
                    Rows Removed by Filter: 8752291
              ->  Hash  (cost=67604.59..67604.59 rows=58240 width=4) (actual time=934.393..934.393 rows=58590 loops=1)
                    Buckets: 65536  Batches: 1  Memory Usage: 2572kB
                    ->  Seq Scan on title t  (cost=0.00..67604.59 rows=58240 width=4) (actual time=0.022..910.574 rows=58590 loops=1)
                          Filter: (production_year = 2001)
                          Rows Removed by Filter: 2469722
Planning time: 1.031 ms
Execution time: 12992.908 ms
