Hash Join  (cost=223788.71..1402426.57 rows=14098975 width=0) (actual time=5135.878..60956.637 rows=106640435 loops=1)
  Hash Cond: (ci.movie_id = t.id)
  ->  Seq Scan on cast_info ci  (cost=0.00..614943.12 rows=36225612 width=4) (actual time=0.032..11061.513 rows=36244344 loops=1)
  ->  Hash  (cost=207642.46..207642.46 rows=984100 width=8) (actual time=5134.445..5134.445 rows=2171860 loops=1)
        Buckets: 131072 (originally 131072)  Batches: 32 (originally 16)  Memory Usage: 3667kB
        ->  Hash Join  (cost=83810.17..207642.46 rows=984100 width=8) (actual time=1236.203..4523.298 rows=2171860 loops=1)
              Hash Cond: (mk.movie_id = t.id)
              ->  Seq Scan on movie_keyword mk  (cost=0.00..81003.12 rows=2519243 width=4) (actual time=0.026..1438.528 rows=2509856 loops=1)
                    Filter: (keyword_id < 6188)
                    Rows Removed by Filter: 2014074
              ->  Hash  (cost=67604.59..67604.59 rows=987727 width=4) (actual time=1234.494..1234.494 rows=985048 loops=1)
                    Buckets: 131072  Batches: 16  Memory Usage: 3197kB
                    ->  Seq Scan on title t  (cost=0.00..67604.59 rows=987727 width=4) (actual time=0.025..929.323 rows=985048 loops=1)
                          Filter: (kind_id < 7)
                          Rows Removed by Filter: 1543264
Planning time: 1.265 ms
Execution time: 72878.746 ms
