Hash Join  (cost=74690.97..101935.50 rows=33405 width=0) (actual time=3243.453..4565.200 rows=26859 loops=1)
  Hash Cond: (mi_idx.movie_id = t.id)
  ->  Seq Scan on movie_info_idx mi_idx  (cost=0.00..21735.35 rows=1380035 width=4) (actual time=0.019..827.838 rows=1380035 loops=1)
  ->  Hash  (cost=73925.90..73925.90 rows=61205 width=4) (actual time=3242.963..3242.963 rows=61581 loops=1)
        Buckets: 65536  Batches: 1  Memory Usage: 2677kB
        ->  Seq Scan on title t  (cost=0.00..73925.90 rows=61205 width=4) (actual time=1286.541..3194.442 rows=61581 loops=1)
              Filter: ((production_year > 2011) AND (kind_id = 1))
              Rows Removed by Filter: 2466731
Planning time: 18.193 ms
Execution time: 4577.464 ms
