Hash Join  (cost=102767.86..1647618.02 rows=34471201 width=0) (actual time=1689.326..44326.467 rows=34453646 loops=1)
  Hash Cond: (ci.movie_id = t.id)
  ->  Seq Scan on cast_info ci  (cost=0.00..705507.15 rows=34471201 width=4) (actual time=0.025..14117.896 rows=34453646 loops=1)
        Filter: (person_id < 3707926)
        Rows Removed by Filter: 1790698
  ->  Hash  (cost=61283.27..61283.27 rows=2528527 width=4) (actual time=1688.508..1688.508 rows=2528312 loops=1)
        Buckets: 131072  Batches: 64  Memory Usage: 2415kB
        ->  Seq Scan on title t  (cost=0.00..61283.27 rows=2528527 width=4) (actual time=0.010..843.833 rows=2528312 loops=1)
Planning time: 0.802 ms
Execution time: 48125.291 ms
