Seq Scan on movie_keyword mk  (cost=0.00..81003.12 rows=2969031 width=0) (actual time=0.013..1187.986 rows=2952051 loops=1)
  Filter: (keyword_id < 9980)
  Rows Removed by Filter: 1571879
Planning time: 0.317 ms
Execution time: 1511.783 ms
