Hash Join  (cost=74551.72..101557.09 rows=9127 width=0) (actual time=937.734..1545.115 rows=31742 loops=1)
  Hash Cond: (mi_idx.movie_id = t.id)
  ->  Seq Scan on movie_info_idx mi_idx  (cost=0.00..25185.44 rows=460978 width=4) (actual time=0.012..386.096 rows=459925 loops=1)
        Filter: (info_type_id = 99)
        Rows Removed by Filter: 920110
  ->  Hash  (cost=73925.90..73925.90 rows=50065 width=4) (actual time=937.244..937.244 rows=171686 loops=1)
        Buckets: 131072 (originally 65536)  Batches: 2 (originally 1)  Memory Usage: 4044kB
        ->  Seq Scan on title t  (cost=0.00..73925.90 rows=50065 width=4) (actual time=0.011..871.271 rows=171686 loops=1)
              Filter: ((production_year < 1954) AND (kind_id = 1))
              Rows Removed by Filter: 2356626
Planning time: 0.797 ms
Execution time: 1549.443 ms
