Hash Join  (cost=67697.55..127774.47 rows=1673 width=0) (actual time=927.310..1759.575 rows=1153 loops=1)
  Hash Cond: (mc.movie_id = t.id)
  ->  Seq Scan on movie_companies mc  (cost=0.00..57926.93 rows=568868 width=4) (actual time=66.232..838.348 rows=293896 loops=1)
        Filter: ((company_id > 12834) AND (company_type_id < 2))
        Rows Removed by Filter: 2315233
  ->  Hash  (cost=67604.59..67604.59 rows=7437 width=4) (actual time=860.588..860.588 rows=13063 loops=1)
        Buckets: 16384 (originally 8192)  Batches: 1 (originally 1)  Memory Usage: 588kB
        ->  Seq Scan on title t  (cost=0.00..67604.59 rows=7437 width=4) (actual time=0.271..854.720 rows=13063 loops=1)
              Filter: (production_year = 1965)
              Rows Removed by Filter: 2515249
Planning time: 0.768 ms
Execution time: 1759.963 ms
