Seq Scan on movie_keyword mk  (cost=0.00..81003.12 rows=395105 width=0) (actual time=0.015..1124.931 rows=390588 loops=1)
  Filter: (keyword_id > 44073)
  Rows Removed by Filter: 4133342
Planning time: 0.303 ms
Execution time: 1177.013 ms
