Hash Join  (cost=68365.25..163013.74 rows=82291 width=0) (actual time=880.123..2791.919 rows=95492 loops=1)
  Hash Cond: (mk.movie_id = t.id)
  ->  Seq Scan on movie_keyword mk  (cost=0.00..81003.12 rows=3419321 width=4) (actual time=0.024..1321.487 rows=3409137 loops=1)
        Filter: (keyword_id > 1150)
        Rows Removed by Filter: 1114793
  ->  Hash  (cost=67604.59..67604.59 rows=60853 width=4) (actual time=879.377..879.377 rows=62568 loops=1)
        Buckets: 65536  Batches: 1  Memory Usage: 2712kB
        ->  Seq Scan on title t  (cost=0.00..67604.59 rows=60853 width=4) (actual time=0.023..854.570 rows=62568 loops=1)
              Filter: (production_year = 2002)
              Rows Removed by Filter: 2465744
Planning time: 0.745 ms
Execution time: 2804.797 ms
