Hash Join  (cost=190230.21..1203788.32 rows=6801205 width=0) (actual time=3842.116..27102.480 rows=16475954 loops=1)
  Hash Cond: (ci.movie_id = t.id)
  ->  Seq Scan on cast_info ci  (cost=0.00..796071.18 rows=12461300 width=4) (actual time=0.019..12420.444 rows=14278872 loops=1)
        Filter: ((person_id < 1603903) AND (role_id < 6))
        Rows Removed by Filter: 21965472
  ->  Hash  (cost=167588.78..167588.78 rows=1380035 width=8) (actual time=3840.822..3840.822 rows=1380035 loops=1)
        Buckets: 131072  Batches: 32  Memory Usage: 2708kB
        ->  Hash Join  (cost=102767.86..167588.78 rows=1380035 width=8) (actual time=1675.597..3439.996 rows=1380035 loops=1)
              Hash Cond: (mi_idx.movie_id = t.id)
              ->  Seq Scan on movie_info_idx mi_idx  (cost=0.00..21735.35 rows=1380035 width=4) (actual time=0.020..343.766 rows=1380035 loops=1)
              ->  Hash  (cost=61283.27..61283.27 rows=2528527 width=4) (actual time=1673.743..1673.743 rows=2528312 loops=1)
                    Buckets: 131072  Batches: 64  Memory Usage: 2415kB
                    ->  Seq Scan on title t  (cost=0.00..61283.27 rows=2528527 width=4) (actual time=0.021..815.598 rows=2528312 loops=1)
Planning time: 1.253 ms
Execution time: 28872.939 ms
