Hash Join  (cost=132656.01..226190.72 rows=308 width=0) (actual time=1550.192..3367.011 rows=14851 loops=1)
  Hash Cond: (mk.movie_id = t.id)
  ->  Seq Scan on movie_keyword mk  (cost=0.00..81003.12 rows=3340937 width=4) (actual time=0.031..1329.876 rows=3332008 loops=1)
        Filter: (keyword_id > 1425)
        Rows Removed by Filter: 1191922
  ->  Hash  (cost=132653.09..132653.09 rows=233 width=8) (actual time=1545.303..1545.303 rows=1083 loops=1)
        Buckets: 2048 (originally 1024)  Batches: 1 (originally 1)  Memory Usage: 59kB
        ->  Hash Join  (cost=73962.22..132653.09 rows=233 width=8) (actual time=954.645..1544.495 rows=1083 loops=1)
              Hash Cond: (mc.movie_id = t.id)
              ->  Seq Scan on movie_companies mc  (cost=0.00..57926.93 rows=203096 width=4) (actual time=212.264..739.516 rows=317030 loops=1)
                    Filter: ((company_id < 284) AND (company_type_id < 2))
                    Rows Removed by Filter: 2292099
              ->  Hash  (cost=73925.90..73925.90 rows=2905 width=4) (actual time=741.925..741.925 rows=7777 loops=1)
                    Buckets: 8192 (originally 4096)  Batches: 1 (originally 1)  Memory Usage: 338kB
                    ->  Seq Scan on title t  (cost=0.00..73925.90 rows=2905 width=4) (actual time=0.967..739.085 rows=7777 loops=1)
                          Filter: ((kind_id < 7) AND (production_year = 1985))
                          Rows Removed by Filter: 2520535
Planning time: 1.178 ms
Execution time: 3369.202 ms
