Hash Join  (cost=74291.01..137210.16 rows=14918 width=0) (actual time=1230.428..1917.440 rows=1401 loops=1)
  Hash Cond: (mc.movie_id = t.id)
  ->  Seq Scan on movie_companies mc  (cost=0.00..57926.93 rows=1291477 width=4) (actual time=92.583..883.881 rows=1260740 loops=1)
        Filter: ((company_id < 173830) AND (company_type_id = 2))
        Rows Removed by Filter: 1348389
  ->  Hash  (cost=73925.90..73925.90 rows=29208 width=4) (actual time=830.187..830.187 rows=3125 loops=1)
        Buckets: 32768  Batches: 1  Memory Usage: 366kB
        ->  Seq Scan on title t  (cost=0.00..73925.90 rows=29208 width=4) (actual time=275.703..828.599 rows=3125 loops=1)
              Filter: ((production_year < 1988) AND (kind_id = 4))
              Rows Removed by Filter: 2525187
Planning time: 0.806 ms
Execution time: 1917.894 ms
