Hash Join  (cost=215833.08..1057606.20 rows=1239070 width=0) (actual time=9242.516..16070.994 rows=1843489 loops=1)
  Hash Cond: (ci.movie_id = t.id)
  ->  Seq Scan on cast_info ci  (cost=0.00..796071.18 rows=2448597 width=4) (actual time=5172.432..10389.496 rows=1815963 loops=1)
        Filter: ((person_id > 2463969) AND (role_id = 2))
        Rows Removed by Filter: 34428381
  ->  Hash  (cost=194840.12..194840.12 rows=1279517 width=8) (actual time=4069.285..4069.285 rows=1274246 loops=1)
        Buckets: 131072  Batches: 32  Memory Usage: 2553kB
        ->  Hash Join  (cost=102767.86..194840.12 rows=1279517 width=8) (actual time=1893.817..3714.179 rows=1274246 loops=1)
              Hash Cond: (mc.movie_id = t.id)
              ->  Seq Scan on movie_companies mc  (cost=0.00..51404.11 rows=1279517 width=4) (actual time=327.373..793.943 rows=1274246 loops=1)
                    Filter: (company_type_id < 2)
                    Rows Removed by Filter: 1334883
              ->  Hash  (cost=61283.27..61283.27 rows=2528527 width=4) (actual time=1565.146..1565.146 rows=2528312 loops=1)
                    Buckets: 131072  Batches: 64  Memory Usage: 2415kB
                    ->  Seq Scan on title t  (cost=0.00..61283.27 rows=2528527 width=4) (actual time=0.027..760.392 rows=2528312 loops=1)
Planning time: 1.194 ms
Execution time: 16302.013 ms
