Seq Scan on movie_companies mc  (cost=0.00..57926.93 rows=1025283 width=0) (actual time=0.023..926.074 rows=736584 loops=1)
  Filter: ((company_id < 66797) AND (company_type_id > 1))
  Rows Removed by Filter: 1872545
Planning time: 0.518 ms
Execution time: 1024.205 ms
