Seq Scan on movie_keyword mk  (cost=0.00..81003.12 rows=2138545 width=0) (actual time=0.024..1235.349 rows=2138347 loops=1)
  Filter: (keyword_id > 5502)
  Rows Removed by Filter: 2385583
Planning time: 0.300 ms
Execution time: 1513.952 ms
