Hash Join  (cost=160845.63..520948.42 rows=28093 width=0) (actual time=4204.894..7044.920 rows=6002 loops=1)
  Hash Cond: (mi.movie_id = t.id)
  ->  Seq Scan on movie_info mi  (cost=0.00..346232.03 rows=3623957 width=4) (actual time=1852.633..4154.337 rows=3624977 loops=1)
        Filter: (info_type_id < 4)
        Rows Removed by Filter: 11210743
  ->  Hash  (cost=160600.62..160600.62 rows=19601 width=8) (actual time=2341.377..2341.377 rows=5200 loops=1)
        Buckets: 32768  Batches: 1  Memory Usage: 460kB
        ->  Hash Join  (cost=74389.43..160600.62 rows=19601 width=8) (actual time=1425.976..2339.551 rows=5200 loops=1)
              Hash Cond: (mk.movie_id = t.id)
              ->  Seq Scan on movie_keyword mk  (cost=0.00..81003.12 rows=1336547 width=4) (actual time=0.051..1185.951 rows=1348531 loops=1)
                    Filter: (keyword_id > 12582)
                    Rows Removed by Filter: 3175399
              ->  Hash  (cost=73925.90..73925.90 rows=37082 width=4) (actual time=909.249..909.249 rows=41935 loops=1)
                    Buckets: 65536  Batches: 1  Memory Usage: 1987kB
                    ->  Seq Scan on title t  (cost=0.00..73925.90 rows=37082 width=4) (actual time=92.320..892.876 rows=41935 loops=1)
                          Filter: ((kind_id = 7) AND (production_year = 2002))
                          Rows Removed by Filter: 2486377
Planning time: 1.184 ms
Execution time: 7046.027 ms
