Seq Scan on cast_info ci  (cost=0.00..796071.18 rows=6079838 width=0) (actual time=220.608..10518.116 rows=6873462 loops=1)
  Filter: ((person_id < 743120) AND (role_id < 7))
  Rows Removed by Filter: 29370882
Planning time: 0.381 ms
Execution time: 11381.863 ms
