Seq Scan on title t  (cost=0.00..73925.90 rows=1390288 width=0) (actual time=0.021..3678.714 rows=1518592 loops=1)
  Filter: ((kind_id > 1) AND (production_year > 1983))
  Rows Removed by Filter: 1009720
Planning time: 1.526 ms
Execution time: 3936.228 ms
