Hash Join  (cost=252432.73..843681.41 rows=8717686 width=0) (actual time=5918.987..57485.884 rows=202227352 loops=1)
  Hash Cond: (mi.movie_id = t.id)
  ->  Seq Scan on movie_info mi  (cost=0.00..309384.22 rows=14739122 width=4) (actual time=0.019..4644.469 rows=14835720 loops=1)
  ->  Hash  (cost=227896.52..227896.52 rows=1495537 width=8) (actual time=5916.377..5916.377 rows=3263944 loops=1)
        Buckets: 131072 (originally 131072)  Batches: 64 (originally 32)  Memory Usage: 3132kB
        ->  Hash Join  (cost=83810.17..227896.52 rows=1495537 width=8) (actual time=1211.742..5139.693 rows=3263944 loops=1)
              Hash Cond: (mk.movie_id = t.id)
              ->  Seq Scan on movie_keyword mk  (cost=0.00..81003.12 rows=3828493 width=4) (actual time=0.031..1534.655 rows=3831419 loops=1)
                    Filter: (keyword_id > 571)
                    Rows Removed by Filter: 692511
              ->  Hash  (cost=67604.59..67604.59 rows=987727 width=4) (actual time=1210.051..1210.051 rows=985048 loops=1)
                    Buckets: 131072  Batches: 16  Memory Usage: 3197kB
                    ->  Seq Scan on title t  (cost=0.00..67604.59 rows=987727 width=4) (actual time=0.021..889.207 rows=985048 loops=1)
                          Filter: (kind_id < 7)
                          Rows Removed by Filter: 1543264
Planning time: 1.166 ms
Execution time: 76505.140 ms
