Hash Join  (cost=102767.86..205768.87 rows=503624 width=0) (actual time=1629.114..3203.554 rows=496181 loops=1)
  Hash Cond: (mk.movie_id = t.id)
  ->  Seq Scan on movie_keyword mk  (cost=0.00..81003.12 rows=503624 width=4) (actual time=0.029..886.547 rows=496181 loops=1)
        Filter: (keyword_id > 36345)
        Rows Removed by Filter: 4027749
  ->  Hash  (cost=61283.27..61283.27 rows=2528527 width=4) (actual time=1627.810..1627.810 rows=2528312 loops=1)
        Buckets: 131072  Batches: 64  Memory Usage: 2425kB
        ->  Seq Scan on title t  (cost=0.00..61283.27 rows=2528527 width=4) (actual time=0.015..781.099 rows=2528312 loops=1)
Planning time: 0.745 ms
Execution time: 3257.648 ms
