Hash Join  (cost=224634.72..770149.84 rows=4431527 width=0) (actual time=4228.964..16480.004 rows=2714619 loops=1)
  Hash Cond: (mi.movie_id = t.id)
  ->  Seq Scan on movie_info mi  (cost=0.00..309384.22 rows=14739122 width=4) (actual time=0.015..4727.653 rows=14835720 loops=1)
  ->  Hash  (cost=212161.75..212161.75 rows=760238 width=8) (actual time=4227.670..4227.670 rows=211274 loops=1)
        Buckets: 131072  Batches: 16  Memory Usage: 1525kB
        ->  Hash Join  (cost=80897.33..212161.75 rows=760238 width=8) (actual time=1074.234..4161.820 rows=211274 loops=1)
              Hash Cond: (mk.movie_id = t.id)
              ->  Seq Scan on movie_keyword mk  (cost=0.00..69693.30 rows=4523930 width=4) (actual time=0.023..1227.595 rows=4523930 loops=1)
              ->  Hash  (cost=73925.90..73925.90 rows=424914 width=4) (actual time=1072.957..1072.957 rows=287602 loops=1)
                    Buckets: 131072  Batches: 8  Memory Usage: 2284kB
                    ->  Seq Scan on title t  (cost=0.00..73925.90 rows=424914 width=4) (actual time=0.020..972.057 rows=287602 loops=1)
                          Filter: ((kind_id > 2) AND (production_year < 1986))
                          Rows Removed by Filter: 2240710
Planning time: 1.196 ms
Execution time: 16771.834 ms
