Hash Join  (cost=186105.81..227392.78 rows=209449 width=0) (actual time=3053.498..3992.340 rows=99148 loops=1)
  Hash Cond: (mi_idx.movie_id = t.id)
  ->  Seq Scan on movie_info_idx mi_idx  (cost=0.00..21735.35 rows=1380035 width=4) (actual time=0.016..378.643 rows=1380035 loops=1)
  ->  Hash  (cost=179808.84..179808.84 rows=383757 width=8) (actual time=3052.466..3052.466 rows=67751 loops=1)
        Buckets: 131072  Batches: 8  Memory Usage: 1366kB
        ->  Hash Join  (cost=102767.86..179808.84 rows=383757 width=8) (actual time=2063.249..3031.609 rows=67751 loops=1)
              Hash Cond: (mc.movie_id = t.id)
              ->  Seq Scan on movie_companies mc  (cost=0.00..57926.93 rows=383757 width=4) (actual time=261.995..796.585 rows=67751 loops=1)
                    Filter: ((company_id > 31661) AND (company_type_id = 1))
                    Rows Removed by Filter: 2541378
              ->  Hash  (cost=61283.27..61283.27 rows=2528527 width=4) (actual time=1799.782..1799.782 rows=2528312 loops=1)
                    Buckets: 131072  Batches: 64  Memory Usage: 2415kB
                    ->  Seq Scan on title t  (cost=0.00..61283.27 rows=2528527 width=4) (actual time=0.023..961.695 rows=2528312 loops=1)
Planning time: 1.200 ms
Execution time: 4002.657 ms
