Seq Scan on movie_companies mc  (cost=0.00..57926.93 rows=562732 width=0) (actual time=0.025..811.826 rows=345999 loops=1)
  Filter: ((company_id < 7452) AND (company_type_id > 1))
  Rows Removed by Filter: 2263130
Planning time: 0.387 ms
Execution time: 857.123 ms
