Hash Join  (cost=121645.09..255437.32 rows=214120 width=0) (actual time=1973.795..5345.641 rows=1668557 loops=1)
  Hash Cond: (mk.movie_id = t.id)
  ->  Seq Scan on movie_keyword mk  (cost=0.00..81003.12 rows=4338107 width=4) (actual time=0.026..1582.493 rows=4333931 loops=1)
        Filter: (keyword_id < 70945)
        Rows Removed by Filter: 189999
  ->  Hash  (cost=119597.05..119597.05 rows=124803 width=8) (actual time=1972.991..1972.991 rows=200326 loops=1)
        Buckets: 131072 (originally 131072)  Batches: 4 (originally 2)  Memory Usage: 3073kB
        ->  Hash Join  (cost=85157.92..119597.05 rows=124803 width=8) (actual time=1138.352..1905.516 rows=200326 loops=1)
              Hash Cond: (mi_idx.movie_id = t.id)
              ->  Seq Scan on movie_info_idx mi_idx  (cost=0.00..25185.44 rows=460978 width=4) (actual time=0.020..405.184 rows=459925 loops=1)
                    Filter: (info_type_id = 99)
                    Rows Removed by Filter: 920110
              ->  Hash  (cost=73925.90..73925.90 rows=684561 width=4) (actual time=1137.192..1137.192 rows=585759 loops=1)
                    Buckets: 131072  Batches: 16  Memory Usage: 2308kB
                    ->  Seq Scan on title t  (cost=0.00..73925.90 rows=684561 width=4) (actual time=0.019..947.181 rows=585759 loops=1)
                          Filter: ((kind_id < 7) AND (production_year > 1990))
                          Rows Removed by Filter: 1942553
Planning time: 0.801 ms
Execution time: 5491.421 ms
