Seq Scan on movie_keyword mk  (cost=0.00..81003.12 rows=246 width=0) (actual time=274.526..1014.676 rows=11 loops=1)
  Filter: (keyword_id = 16504)
  Rows Removed by Filter: 4523919
Planning time: 0.350 ms
Execution time: 1014.763 ms
