Hash Join  (cost=107183.38..580495.33 rows=5021673 width=0) (actual time=3257.413..11588.960 rows=5184381 loops=1)
  Hash Cond: (mi.movie_id = t.id)
  ->  Seq Scan on movie_info mi  (cost=0.00..346232.03 rows=5263441 width=4) (actual time=1316.450..4883.581 rows=5270569 loops=1)
        Filter: (info_type_id > 15)
        Rows Removed by Filter: 9565151
  ->  Hash  (cost=67604.59..67604.59 rows=2412383 width=4) (actual time=1939.836..1939.836 rows=2404496 loops=1)
        Buckets: 131072  Batches: 32  Memory Usage: 3675kB
        ->  Seq Scan on title t  (cost=0.00..67604.59 rows=2412383 width=4) (actual time=0.040..1146.597 rows=2404496 loops=1)
              Filter: (production_year > 1913)
              Rows Removed by Filter: 123816
Planning time: 0.797 ms
Execution time: 12235.516 ms
