Seq Scan on cast_info ci  (cost=0.00..796071.18 rows=8244223 width=0) (actual time=0.013..10057.488 rows=3512791 loops=1)
  Filter: ((person_id < 1249338) AND (role_id > 1))
  Rows Removed by Filter: 32731553
Planning time: 0.384 ms
Execution time: 10478.366 ms
