Hash Join  (cost=83073.10..111690.40 rows=24 width=0) (actual time=1181.287..1650.753 rows=4 loops=1)
  Hash Cond: (mi_idx.movie_id = t.id)
  ->  Seq Scan on movie_info_idx mi_idx  (cost=0.00..25185.44 rows=915101 width=4) (actual time=0.023..407.634 rows=919850 loops=1)
        Filter: (info_type_id < 101)
        Rows Removed by Filter: 460185
  ->  Hash  (cost=83072.29..83072.29 rows=65 width=8) (actual time=1118.784..1118.784 rows=2 loops=1)
        Buckets: 1024  Batches: 1  Memory Usage: 9kB
        ->  Nested Loop  (cost=0.43..83072.29 rows=65 width=8) (actual time=247.623..1118.768 rows=2 loops=1)
              ->  Seq Scan on movie_keyword mk  (cost=0.00..81003.12 rows=246 width=4) (actual time=247.563..1118.658 rows=2 loops=1)
                    Filter: (keyword_id = 100928)
                    Rows Removed by Filter: 4523928
              ->  Index Scan using title_pkey on title t  (cost=0.43..8.40 rows=1 width=4) (actual time=0.042..0.043 rows=1 loops=2)
                    Index Cond: (id = mk.movie_id)
                    Filter: (kind_id = 1)
Planning time: 1.244 ms
Execution time: 1650.904 ms
