Seq Scan on cast_info ci  (cost=0.00..705507.15 rows=13976973 width=0) (actual time=95.450..36376.730 rows=13951180 loops=1)
  Filter: (person_id < 1374961)
  Rows Removed by Filter: 22293164
Planning time: 0.362 ms
Execution time: 38876.033 ms
