Hash Join  (cost=258541.07..859882.69 rows=9663578 width=0) (actual time=4506.620..16684.053 rows=4301844 loops=1)
  Hash Cond: (mi.movie_id = t.id)
  ->  Seq Scan on movie_info mi  (cost=0.00..309384.22 rows=14739122 width=4) (actual time=0.019..4564.239 rows=14835720 loops=1)
  ->  Hash  (cost=231342.49..231342.49 rows=1657807 width=8) (actual time=4498.203..4498.203 rows=408342 loops=1)
        Buckets: 131072  Batches: 32  Memory Usage: 1523kB
        ->  Hash Join  (cost=92883.59..231342.49 rows=1657807 width=8) (actual time=2919.958..4373.279 rows=408342 loops=1)
              Hash Cond: (mk.movie_id = t.id)
              ->  Seq Scan on movie_keyword mk  (cost=0.00..81003.12 rows=2720541 width=4) (actual time=0.020..1380.749 rows=2713780 loops=1)
                    Filter: (keyword_id > 2935)
                    Rows Removed by Filter: 1810150
              ->  Hash  (cost=67604.59..67604.59 rows=1540800 width=4) (actual time=1452.082..1452.082 rows=1543264 loops=1)
                    Buckets: 131072  Batches: 32  Memory Usage: 2728kB
                    ->  Seq Scan on title t  (cost=0.00..67604.59 rows=1540800 width=4) (actual time=0.016..958.391 rows=1543264 loops=1)
                          Filter: (kind_id = 7)
                          Rows Removed by Filter: 985048
Planning time: 1.173 ms
Execution time: 17144.980 ms
