Hash Join  (cost=92883.59..159040.09 rows=281424 width=0) (actual time=1582.404..2760.336 rows=274040 loops=1)
  Hash Cond: (mc.movie_id = t.id)
  ->  Seq Scan on movie_companies mc  (cost=0.00..51404.11 rows=461830 width=4) (actual time=0.027..691.123 rows=458080 loops=1)
        Filter: (company_id < 394)
        Rows Removed by Filter: 2151049
  ->  Hash  (cost=67604.59..67604.59 rows=1540800 width=4) (actual time=1524.907..1524.907 rows=1543264 loops=1)
        Buckets: 131072  Batches: 32  Memory Usage: 2722kB
        ->  Seq Scan on title t  (cost=0.00..67604.59 rows=1540800 width=4) (actual time=0.023..1026.474 rows=1543264 loops=1)
              Filter: (kind_id = 7)
              Rows Removed by Filter: 985048
Planning time: 0.755 ms
Execution time: 2792.599 ms
