Seq Scan on cast_info ci  (cost=0.00..705507.15 rows=500 width=0) (actual time=6772.300..8888.931 rows=123 loops=1)
  Filter: (person_id = 1334396)
  Rows Removed by Filter: 36244221
Planning time: 0.403 ms
Execution time: 8889.051 ms
