Hash Join  (cost=83073.82..109984.97 rows=67 width=0) (actual time=1063.167..1513.566 rows=27 loops=1)
  Hash Cond: (mi_idx.movie_id = t.id)
  ->  Seq Scan on movie_info_idx mi_idx  (cost=0.00..21735.35 rows=1380035 width=4) (actual time=0.012..232.533 rows=1380035 loops=1)
  ->  Hash  (cost=83072.29..83072.29 rows=123 width=8) (actual time=1017.770..1017.770 rows=9 loops=1)
        Buckets: 1024  Batches: 1  Memory Usage: 9kB
        ->  Nested Loop  (cost=0.43..83072.29 rows=123 width=8) (actual time=0.158..1017.757 rows=9 loops=1)
              ->  Seq Scan on movie_keyword mk  (cost=0.00..81003.12 rows=246 width=4) (actual time=0.124..1017.174 rows=15 loops=1)
                    Filter: (keyword_id = 54477)
                    Rows Removed by Filter: 4523915
              ->  Index Scan using title_pkey on title t  (cost=0.43..8.40 rows=1 width=4) (actual time=0.035..0.036 rows=1 loops=15)
                    Index Cond: (id = mk.movie_id)
                    Filter: (production_year > 2002)
                    Rows Removed by Filter: 0
Planning time: 3.174 ms
Execution time: 1513.708 ms
