Hash Join  (cost=190230.21..1342752.55 rows=14161383 width=0) (actual time=4379.858..39121.099 rows=28929574 loops=1)
  Hash Cond: (ci.movie_id = t.id)
  ->  Seq Scan on cast_info ci  (cost=0.00..705507.15 rows=25946762 width=4) (actual time=0.015..12988.031 rows=25949087 loops=1)
        Filter: (person_id < 2682245)
        Rows Removed by Filter: 10295257
  ->  Hash  (cost=167588.78..167588.78 rows=1380035 width=8) (actual time=4378.755..4378.755 rows=1380035 loops=1)
        Buckets: 131072  Batches: 32  Memory Usage: 2708kB
        ->  Hash Join  (cost=102767.86..167588.78 rows=1380035 width=8) (actual time=1604.737..3993.971 rows=1380035 loops=1)
              Hash Cond: (mi_idx.movie_id = t.id)
              ->  Seq Scan on movie_info_idx mi_idx  (cost=0.00..21735.35 rows=1380035 width=4) (actual time=0.020..392.024 rows=1380035 loops=1)
              ->  Hash  (cost=61283.27..61283.27 rows=2528527 width=4) (actual time=1603.985..1603.985 rows=2528312 loops=1)
                    Buckets: 131072  Batches: 64  Memory Usage: 2415kB
                    ->  Seq Scan on title t  (cost=0.00..61283.27 rows=2528527 width=4) (actual time=0.023..782.652 rows=2528312 loops=1)
Planning time: 1.201 ms
Execution time: 42394.540 ms
