Hash Join  (cost=99161.12..466220.29 rows=495934 width=0) (actual time=2393.382..6415.613 rows=541058 loops=1)
  Hash Cond: (mi.movie_id = t.id)
  ->  Seq Scan on movie_info mi  (cost=0.00..346232.03 rows=651960 width=4) (actual time=715.533..4080.380 rows=660923 loops=1)
        Filter: (info_type_id = 18)
        Rows Removed by Filter: 14174797
  ->  Hash  (cost=67604.59..67604.59 rows=1923403 width=4) (actual time=1677.032..1677.032 rows=1922849 loops=1)
        Buckets: 131072  Batches: 32  Memory Usage: 3141kB
        ->  Seq Scan on title t  (cost=0.00..67604.59 rows=1923403 width=4) (actual time=0.011..1066.288 rows=1922849 loops=1)
              Filter: (production_year < 2010)
              Rows Removed by Filter: 605463
Planning time: 0.997 ms
Execution time: 6465.806 ms
