Seq Scan on cast_info ci  (cost=0.00..705507.15 rows=10510275 width=0) (actual time=0.080..9438.793 rows=10340551 loops=1)
  Filter: (person_id < 1016197)
  Rows Removed by Filter: 25903793
Planning time: 0.316 ms
Execution time: 10711.999 ms
