Seq Scan on movie_keyword mk  (cost=0.00..81003.12 rows=246 width=0) (actual time=2.747..1094.417 rows=303 loops=1)
  Filter: (keyword_id = 2614)
  Rows Removed by Filter: 4523627
Planning time: 0.386 ms
Execution time: 1094.657 ms
