Seq Scan on movie_companies mc  (cost=0.00..57926.93 rows=1237 width=0) (actual time=12.191..2072.773 rows=2024 loops=1)
  Filter: ((company_id = 352) AND (company_type_id = 1))
  Rows Removed by Filter: 2607105
Planning time: 0.462 ms
Execution time: 2073.241 ms
