Hash Join  (cost=69179.59..200732.39 rows=159516 width=0) (actual time=880.031..3517.799 rows=161277 loops=1)
  Hash Cond: (mk.movie_id = t.id)
  ->  Seq Scan on movie_keyword mk  (cost=0.00..81003.12 rows=4201471 width=4) (actual time=0.025..1415.316 rows=4180076 loops=1)
        Filter: (keyword_id > 283)
        Rows Removed by Filter: 343854
  ->  Hash  (cost=67604.59..67604.59 rows=96000 width=4) (actual time=876.364..876.364 rows=95005 loops=1)
        Buckets: 131072  Batches: 2  Memory Usage: 2722kB
        ->  Seq Scan on title t  (cost=0.00..67604.59 rows=96000 width=4) (actual time=0.030..839.158 rows=95005 loops=1)
              Filter: (production_year = 2005)
              Rows Removed by Filter: 2433307
Planning time: 0.724 ms
Execution time: 3538.588 ms
