Seq Scan on movie_companies mc  (cost=0.00..51404.11 rows=422917 width=0) (actual time=0.026..687.627 rows=427378 loops=1)
  Filter: (company_id > 79458)
  Rows Removed by Filter: 2181751
Planning time: 0.327 ms
Execution time: 741.521 ms
