Hash Join  (cost=316577.58..1865766.42 rows=35152293 width=0) (actual time=8190.578..73459.940 rows=125879857 loops=1)
  Hash Cond: (ci.movie_id = t.id)
  ->  Seq Scan on cast_info ci  (cost=0.00..796071.18 rows=27665234 width=4) (actual time=818.124..16480.552 rows=29772791 loops=1)
        Filter: ((person_id < 3239990) AND (role_id < 10))
        Rows Removed by Filter: 6471553
  ->  Hash  (cost=263866.28..263866.28 rows=3212824 width=8) (actual time=7370.308..7370.308 rows=3815930 loops=1)
        Buckets: 131072  Batches: 64  Memory Usage: 3370kB
        ->  Hash Join  (cost=97066.09..263866.28 rows=3212824 width=8) (actual time=1498.785..6193.397 rows=3815930 loops=1)
              Hash Cond: (mk.movie_id = t.id)
              ->  Seq Scan on movie_keyword mk  (cost=0.00..69693.30 rows=4523930 width=4) (actual time=0.017..1041.579 rows=4523930 loops=1)
              ->  Hash  (cost=67604.59..67604.59 rows=1795720 width=4) (actual time=1497.798..1497.798 rows=1794153 loops=1)
                    Buckets: 131072  Batches: 32  Memory Usage: 3001kB
                    ->  Seq Scan on title t  (cost=0.00..67604.59 rows=1795720 width=4) (actual time=0.019..950.233 rows=1794153 loops=1)
                          Filter: (production_year < 2009)
                          Rows Removed by Filter: 734159
Planning time: 1.263 ms
Execution time: 87795.984 ms
