Seq Scan on cast_info ci  (cost=0.00..796071.18 rows=168 width=0) (actual time=4182.346..11019.206 rows=14 loops=1)
  Filter: ((role_id > 3) AND (person_id = 3905540))
  Rows Removed by Filter: 36244330
Planning time: 0.428 ms
Execution time: 11019.316 ms
