Hash Join  (cost=175027.18..986452.86 rows=281315 width=0) (actual time=7471.169..15090.287 rows=2933899 loops=1)
  Hash Cond: (ci.movie_id = t.id)
  ->  Seq Scan on cast_info ci  (cost=0.00..796071.18 rows=773958 width=4) (actual time=4187.880..9579.574 rows=3027505 loops=1)
        Filter: ((person_id > 3500942) AND (role_id > 4))
        Rows Removed by Filter: 33216839
  ->  Hash  (cost=159947.97..159947.97 rows=919057 width=8) (actual time=3282.253..3282.253 rows=920110 loops=1)
        Buckets: 131072  Batches: 16  Memory Usage: 3269kB
        ->  Hash Join  (cost=102767.86..159947.97 rows=919057 width=8) (actual time=1400.994..3009.554 rows=920110 loops=1)
              Hash Cond: (mi_idx.movie_id = t.id)
              ->  Seq Scan on movie_info_idx mi_idx  (cost=0.00..25185.44 rows=919057 width=4) (actual time=0.034..467.743 rows=920110 loops=1)
                    Filter: (info_type_id > 99)
                    Rows Removed by Filter: 459925
              ->  Hash  (cost=61283.27..61283.27 rows=2528527 width=4) (actual time=1399.511..1399.511 rows=2528312 loops=1)
                    Buckets: 131072  Batches: 64  Memory Usage: 2415kB
                    ->  Seq Scan on title t  (cost=0.00..61283.27 rows=2528527 width=4) (actual time=0.019..688.695 rows=2528312 loops=1)
Planning time: 2.539 ms
Execution time: 15395.119 ms
