Hash Join  (cost=77187.44..108757.83 rows=35698 width=0) (actual time=1008.204..1767.994 rows=11264 loops=1)
  Hash Cond: (mi_idx.movie_id = t.id)
  ->  Seq Scan on movie_info_idx mi_idx  (cost=0.00..25185.44 rows=454124 width=4) (actual time=0.030..402.648 rows=459925 loops=1)
        Filter: (info_type_id = 100)
        Rows Removed by Filter: 920110
  ->  Hash  (cost=73925.90..73925.90 rows=198763 width=4) (actual time=858.415..858.415 rows=95336 loops=1)
        Buckets: 131072  Batches: 4  Memory Usage: 1860kB
        ->  Seq Scan on title t  (cost=0.00..73925.90 rows=198763 width=4) (actual time=191.270..824.247 rows=95336 loops=1)
              Filter: ((production_year < 1967) AND (kind_id = 7))
              Rows Removed by Filter: 2432976
Planning time: 0.763 ms
Execution time: 1769.652 ms
