Seq Scan on cast_info ci  (cost=0.00..796071.18 rows=3827989 width=0) (actual time=715.730..9647.920 rows=1606532 loops=1)
  Filter: ((person_id < 563218) AND (role_id > 1))
  Rows Removed by Filter: 34637812
Planning time: 0.329 ms
Execution time: 9844.382 ms
