Hash Join  (cost=448572.33..526450.24 rows=205139 width=0) (actual time=6087.768..7850.247 rows=223108 loops=1)
  Hash Cond: (mc.movie_id = t.id)
  ->  Seq Scan on movie_companies mc  (cost=0.00..44881.29 rows=2609129 width=4) (actual time=0.012..712.526 rows=2609129 loops=1)
  ->  Hash  (cost=445310.30..445310.30 rows=198802 width=8) (actual time=6086.771..6086.771 rows=104206 loops=1)
        Buckets: 131072  Batches: 4  Memory Usage: 2047kB
        ->  Hash Join  (cost=80043.74..445310.30 rows=198802 width=8) (actual time=3012.297..6054.657 rows=104206 loops=1)
              Hash Cond: (mi.movie_id = t.id)
              ->  Seq Scan on movie_info mi  (cost=0.00..346232.03 rows=1348138 width=4) (actual time=1896.017..4306.224 rows=1298989 loops=1)
                    Filter: (info_type_id = 4)
                    Rows Removed by Filter: 13536731
              ->  Hash  (cost=73925.90..73925.90 rows=372867 width=4) (actual time=1115.147..1115.147 rows=256191 loops=1)
                    Buckets: 131072  Batches: 8  Memory Usage: 2144kB
                    ->  Seq Scan on title t  (cost=0.00..73925.90 rows=372867 width=4) (actual time=0.036..1025.250 rows=256191 loops=1)
                          Filter: ((kind_id > 4) AND (production_year < 1986))
                          Rows Removed by Filter: 2272121
Planning time: 1.160 ms
Execution time: 7879.500 ms
