Nested Loop  (cost=0.43..796925.64 rows=71 width=0) (actual time=27712.971..29709.160 rows=1 loops=1)
  ->  Seq Scan on cast_info ci  (cost=0.00..796071.18 rows=101 width=4) (actual time=27712.693..29708.786 rows=13 loops=1)
        Filter: ((person_id = 1778523) AND (role_id = 2))
        Rows Removed by Filter: 36244331
  ->  Index Scan using title_pkey on title t  (cost=0.43..8.45 rows=1 width=4) (actual time=0.023..0.023 rows=0 loops=13)
        Index Cond: (id = ci.movie_id)
        Filter: (kind_id > 2)
        Rows Removed by Filter: 1
Planning time: 0.843 ms
Execution time: 29709.289 ms
