Nested Loop  (cost=0.43..97984.19 rows=6610 width=0) (actual time=0.231..767.957 rows=7151 loops=1)
  ->  Seq Scan on movie_companies mc  (cost=0.00..51404.11 rows=6610 width=4) (actual time=0.169..662.448 rows=7151 loops=1)
        Filter: (company_id = 7851)
        Rows Removed by Filter: 2601978
  ->  Index Only Scan using title_pkey on title t  (cost=0.43..7.04 rows=1 width=4) (actual time=0.014..0.014 rows=1 loops=7151)
        Index Cond: (id = mc.movie_id)
        Heap Fetches: 7151
Planning time: 2.741 ms
Execution time: 769.738 ms
