Hash Join  (cost=174164.03..319018.64 rows=1159461 width=0) (actual time=3246.706..7645.387 rows=5177604 loops=1)
  Hash Cond: (mk.movie_id = t.id)
  ->  Seq Scan on movie_keyword mk  (cost=0.00..81003.12 rows=4288498 width=4) (actual time=0.021..1537.805 rows=4287988 loops=1)
        Filter: (keyword_id < 62537)
        Rows Removed by Filter: 235942
  ->  Hash  (cost=162947.71..162947.71 rows=683626 width=8) (actual time=3242.379..3242.379 rows=524576 loops=1)
        Buckets: 131072  Batches: 16  Memory Usage: 2303kB
        ->  Hash Join  (cost=78473.92..162947.71 rows=683626 width=8) (actual time=1103.423..3100.382 rows=524576 loops=1)
              Hash Cond: (mc.movie_id = t.id)
              ->  Seq Scan on movie_companies mc  (cost=0.00..44881.29 rows=2609129 width=4) (actual time=0.015..672.149 rows=2609129 loops=1)
              ->  Hash  (cost=67604.59..67604.59 rows=662507 width=4) (actual time=1102.411..1102.411 rows=662065 loops=1)
                    Buckets: 131072  Batches: 16  Memory Usage: 2481kB
                    ->  Seq Scan on title t  (cost=0.00..67604.59 rows=662507 width=4) (actual time=0.028..894.188 rows=662065 loops=1)
                          Filter: (production_year > 2008)
                          Rows Removed by Filter: 1866247
Planning time: 1.135 ms
Execution time: 8184.894 ms
