Hash Join  (cost=83074.74..811658.95 rows=599 width=148) (actual time=1456.343..14765.906 rows=1536 loops=1)
  Hash Cond: (ci.movie_id = t.id)
  ->  Seq Scan on cast_info ci  (cost=0.00..705507.15 rows=6152285 width=42) (actual time=0.027..12430.724 rows=6221289 loops=1)
        Filter: (person_id > 3028889)
        Rows Removed by Filter: 30023055
  ->  Hash  (cost=83071.67..83071.67 rows=246 width=106) (actual time=1440.464..1440.464 rows=181 loops=1)
        Buckets: 1024  Batches: 1  Memory Usage: 31kB
        ->  Nested Loop  (cost=0.43..83071.67 rows=246 width=106) (actual time=0.868..1440.059 rows=181 loops=1)
              ->  Seq Scan on movie_keyword mk  (cost=0.00..81003.12 rows=246 width=12) (actual time=0.834..1429.893 rows=181 loops=1)
                    Filter: (keyword_id = 6079)
                    Rows Removed by Filter: 4523749
              ->  Index Scan using title_pkey on title t  (cost=0.43..8.40 rows=1 width=94) (actual time=0.050..0.051 rows=1 loops=181)
                    Index Cond: (id = mk.movie_id)
Planning time: 1.356 ms
Execution time: 14766.266 ms
