Merge Join  (cost=75220.93..194376.55 rows=152279 width=134) (actual time=1375.708..5784.983 rows=68493 loops=1)
  Merge Cond: (t.id = mc.movie_id)
  ->  Index Scan using title_pkey on title t  (cost=0.43..110313.87 rows=2528527 width=94) (actual time=0.006..4008.300 rows=2525636 loops=1)
  ->  Materialize  (cost=75200.38..75961.78 rows=152279 width=40) (actual time=1375.285..1405.680 rows=68493 loops=1)
        ->  Sort  (cost=75200.38..75581.08 rows=152279 width=40) (actual time=1375.280..1395.473 rows=68493 loops=1)
              Sort Key: mc.movie_id
              Sort Method: external sort  Disk: 1936kB
              ->  Seq Scan on movie_companies mc  (cost=0.00..57926.93 rows=152279 width=40) (actual time=206.316..738.364 rows=68493 loops=1)
                    Filter: ((company_id < 160) AND (company_type_id > 1))
                    Rows Removed by Filter: 2540636
Planning time: 0.915 ms
Execution time: 5964.860 ms
