Hash Join  (cost=783392.43..1148089.98 rows=4162 width=0) (actual time=39396.214..59743.991 rows=38097 loops=1)
  Hash Cond: (mi.movie_id = t.id)
  ->  Seq Scan on movie_info mi  (cost=0.00..309384.22 rows=14739122 width=4) (actual time=0.016..15970.262 rows=14835720 loops=1)
  ->  Hash  (cost=783383.51..783383.51 rows=714 width=8) (actual time=39396.072..39396.072 rows=5287 loops=1)
        Buckets: 8192 (originally 1024)  Batches: 1 (originally 1)  Memory Usage: 271kB
        ->  Hash Join  (cost=67612.84..783383.51 rows=714 width=8) (actual time=18029.726..39392.978 rows=5287 loops=1)
              Hash Cond: (ci.movie_id = t.id)
              ->  Seq Scan on cast_info ci  (cost=0.00..705507.15 rows=2735034 width=4) (actual time=15052.610..35693.349 rows=2728943 loops=1)
                    Filter: (role_id = 4)
                    Rows Removed by Filter: 33515401
              ->  Hash  (cost=67604.59..67604.59 rows=660 width=4) (actual time=2976.895..2976.895 rows=3515 loops=1)
                    Buckets: 4096 (originally 1024)  Batches: 1 (originally 1)  Memory Usage: 156kB
                    ->  Seq Scan on title t  (cost=0.00..67604.59 rows=660 width=4) (actual time=17.291..2974.873 rows=3515 loops=1)
                          Filter: (production_year > 2013)
                          Rows Removed by Filter: 2524797
Planning time: 1.205 ms
Execution time: 59751.511 ms
