Seq Scan on cast_info ci  (cost=0.00..705507.15 rows=12678874 width=0) (actual time=3060.101..9458.465 rows=12796825 loops=1)
  Filter: (person_id > 2400278)
  Rows Removed by Filter: 23447519
Planning time: 0.329 ms
Execution time: 11057.696 ms
