Seq Scan on movie_keyword mk  (cost=0.00..81003.12 rows=192178 width=0) (actual time=0.029..1070.207 rows=195419 loops=1)
  Filter: (keyword_id > 69730)
  Rows Removed by Filter: 4328511
Planning time: 0.310 ms
Execution time: 1096.708 ms
