Hash Join  (cost=798852.01..1163508.46 rows=52 width=0) (actual time=11934.895..17119.837 rows=17 loops=1)
  Hash Cond: (mi.movie_id = t.id)
  ->  Seq Scan on movie_info mi  (cost=0.00..309384.22 rows=14739122 width=4) (actual time=0.014..2957.832 rows=14835720 loops=1)
  ->  Hash  (cost=798851.90..798851.90 rows=9 width=8) (actual time=11563.522..11563.522 rows=3 loops=1)
        Buckets: 1024  Batches: 1  Memory Usage: 9kB
        ->  Nested Loop  (cost=0.43..798851.90 rows=9 width=8) (actual time=1544.627..11563.486 rows=3 loops=1)
              ->  Seq Scan on cast_info ci  (cost=0.00..796071.18 rows=332 width=4) (actual time=1544.429..11534.871 rows=1033 loops=1)
                    Filter: ((role_id < 4) AND (person_id = 2232540))
                    Rows Removed by Filter: 36243311
              ->  Index Scan using title_pkey on title t  (cost=0.43..8.37 rows=1 width=4) (actual time=0.027..0.027 rows=0 loops=1033)
                    Index Cond: (id = ci.movie_id)
                    Filter: (production_year = 2003)
                    Rows Removed by Filter: 1
Planning time: 1.238 ms
Execution time: 17119.994 ms
