Seq Scan on cast_info ci  (cost=0.00..796071.18 rows=16062894 width=0) (actual time=3987.787..13892.741 rows=16057192 loops=1)
  Filter: ((person_id > 30465) AND (role_id > 2))
  Rows Removed by Filter: 20187152
Planning time: 0.340 ms
Execution time: 15805.881 ms
