Hash Join  (cost=124000.08..581754.34 rows=1008326 width=0) (actual time=2748.074..11908.762 rows=3378913 loops=1)
  Hash Cond: (mi.movie_id = t.id)
  ->  Seq Scan on movie_info mi  (cost=0.00..346232.03 rows=8673596 width=4) (actual time=566.649..4911.647 rows=8786582 loops=1)
        Filter: (info_type_id < 13)
        Rows Removed by Filter: 6049138
  ->  Hash  (cost=119176.74..119176.74 rows=293947 width=8) (actual time=2176.681..2176.681 rows=339445 loops=1)
        Buckets: 131072 (originally 131072)  Batches: 8 (originally 4)  Memory Usage: 3073kB
        ->  Hash Join  (cost=76440.79..119176.74 rows=293947 width=8) (actual time=1039.381..2089.400 rows=339445 loops=1)
              Hash Cond: (mi_idx.movie_id = t.id)
              ->  Seq Scan on movie_info_idx mi_idx  (cost=0.00..21735.35 rows=1380035 width=4) (actual time=0.039..329.127 rows=1380035 loops=1)
              ->  Hash  (cost=67604.59..67604.59 rows=538576 width=4) (actual time=1038.540..1038.540 rows=538190 loops=1)
                    Buckets: 131072  Batches: 8  Memory Usage: 3380kB
                    ->  Seq Scan on title t  (cost=0.00..67604.59 rows=538576 width=4) (actual time=0.036..867.063 rows=538190 loops=1)
                          Filter: (production_year < 1982)
                          Rows Removed by Filter: 1990122
Planning time: 1.246 ms
Execution time: 12273.657 ms
