Seq Scan on movie_keyword mk  (cost=0.00..81003.12 rows=246 width=0) (actual time=39.601..957.423 rows=28 loops=1)
  Filter: (keyword_id = 4792)
  Rows Removed by Filter: 4523902
Planning time: 0.332 ms
Execution time: 957.519 ms
