Hash Join  (cost=73950.44..472525.69 rows=10814 width=0) (actual time=635.580..7484.696 rows=37731 loops=1)
  Hash Cond: (mi.movie_id = t.id)
  ->  Seq Scan on movie_info mi  (cost=0.00..346232.03 rows=13929354 width=4) (actual time=0.017..4767.613 rows=14033580 loops=1)
        Filter: (info_type_id > 1)
        Rows Removed by Filter: 802140
  ->  Hash  (cost=73925.90..73925.90 rows=1963 width=4) (actual time=629.825..629.825 rows=2743 loops=1)
        Buckets: 4096 (originally 2048)  Batches: 1 (originally 1)  Memory Usage: 129kB
        ->  Seq Scan on title t  (cost=0.00..73925.90 rows=1963 width=4) (actual time=0.269..628.702 rows=2743 loops=1)
              Filter: ((kind_id = 1) AND (production_year = 1937))
              Rows Removed by Filter: 2525569
Planning time: 0.767 ms
Execution time: 7491.221 ms
