Hash Join  (cost=165458.17..294357.23 rows=566102 width=0) (actual time=3140.407..5882.242 rows=323285 loops=1)
  Hash Cond: (mk.movie_id = t.id)
  ->  Seq Scan on movie_keyword mk  (cost=0.00..69693.30 rows=4523930 width=4) (actual time=0.022..1045.983 rows=4523930 loops=1)
  ->  Hash  (cost=160267.08..160267.08 rows=316407 width=8) (actual time=3137.684..3137.684 rows=215022 loops=1)
        Buckets: 131072  Batches: 8  Memory Usage: 2086kB
        ->  Hash Join  (cost=80273.52..160267.08 rows=316407 width=8) (actual time=1058.324..3062.881 rows=215022 loops=1)
              Hash Cond: (mc.movie_id = t.id)
              ->  Seq Scan on movie_companies mc  (cost=0.00..51404.11 rows=2068102 width=4) (actual time=0.021..948.415 rows=2063408 loops=1)
                    Filter: (company_id < 71989)
                    Rows Removed by Filter: 545721
              ->  Hash  (cost=73925.90..73925.90 rows=386849 width=4) (actual time=1048.189..1048.189 rows=268050 loops=1)
                    Buckets: 131072  Batches: 8  Memory Usage: 2191kB
                    ->  Seq Scan on title t  (cost=0.00..73925.90 rows=386849 width=4) (actual time=0.024..961.758 rows=268050 loops=1)
                          Filter: ((kind_id > 4) AND (production_year < 1987))
                          Rows Removed by Filter: 2260262
Planning time: 1.094 ms
Execution time: 5916.833 ms
