Hash Join  (cost=904635.62..1402198.27 rows=1664072 width=0) (actual time=14638.348..35978.252 rows=53585574 loops=1)
  Hash Cond: (mi.movie_id = t.id)
  ->  Seq Scan on movie_info mi  (cost=0.00..309384.22 rows=14739122 width=4) (actual time=0.014..4272.954 rows=14835720 loops=1)
  ->  Hash  (cost=899951.18..899951.18 rows=285475 width=8) (actual time=14637.431..14637.431 rows=604582 loops=1)
        Buckets: 131072 (originally 131072)  Batches: 8 (originally 4)  Memory Usage: 4014kB
        ->  Hash Join  (cost=81842.24..899951.18 rows=285475 width=8) (actual time=3795.872..14447.616 rows=604582 loops=1)
              Hash Cond: (ci.movie_id = t.id)
              ->  Seq Scan on cast_info ci  (cost=0.00..796071.18 rows=1496003 width=4) (actual time=2760.979..11070.892 rows=3417902 loops=1)
                    Filter: ((person_id > 2415970) AND (role_id = 10))
                    Rows Removed by Filter: 32826442
              ->  Hash  (cost=73925.90..73925.90 rows=482507 width=4) (actual time=1034.183..1034.183 rows=368439 loops=1)
                    Buckets: 131072  Batches: 8  Memory Usage: 2648kB
                    ->  Seq Scan on title t  (cost=0.00..73925.90 rows=482507 width=4) (actual time=0.036..917.005 rows=368439 loops=1)
                          Filter: ((kind_id < 3) AND (production_year > 1995))
                          Rows Removed by Filter: 2159873
Planning time: 1.218 ms
Execution time: 41012.975 ms
