Seq Scan on movie_companies mc  (cost=0.00..57926.93 rows=563548 width=0) (actual time=250.459..797.590 rows=772811 loops=1)
  Filter: ((company_id < 8788) AND (company_type_id = 1))
  Rows Removed by Filter: 1836318
Planning time: 0.289 ms
Execution time: 896.857 ms
