Hash Join  (cost=83072.96..137738.54 rows=5 width=0) (actual time=1138.428..1770.562 rows=115 loops=1)
  Hash Cond: (mc.movie_id = t.id)
  ->  Seq Scan on movie_companies mc  (cost=0.00..44881.29 rows=2609129 width=4) (actual time=0.007..373.502 rows=2609129 loops=1)
  ->  Hash  (cost=83072.90..83072.90 rows=5 width=8) (actual time=1003.629..1003.629 rows=5 loops=1)
        Buckets: 1024  Batches: 1  Memory Usage: 9kB
        ->  Nested Loop  (cost=0.43..83072.90 rows=5 width=8) (actual time=84.759..1003.614 rows=5 loops=1)
              ->  Seq Scan on movie_keyword mk  (cost=0.00..81003.12 rows=246 width=4) (actual time=2.302..999.265 rows=114 loops=1)
                    Filter: (keyword_id = 9472)
                    Rows Removed by Filter: 4523816
              ->  Index Scan using title_pkey on title t  (cost=0.43..8.40 rows=1 width=4) (actual time=0.035..0.035 rows=0 loops=114)
                    Index Cond: (id = mk.movie_id)
                    Filter: ((kind_id < 7) AND (production_year = 2009))
                    Rows Removed by Filter: 1
Planning time: 0.854 ms
Execution time: 1770.679 ms
