Seq Scan on cast_info ci  (cost=0.00..796071.18 rows=101 width=0) (actual time=2918.244..8394.031 rows=174 loops=1)
  Filter: ((person_id = 1875633) AND (role_id = 2))
  Rows Removed by Filter: 36244170
Planning time: 0.362 ms
Execution time: 8394.145 ms
