Hash Join  (cost=83074.43..447737.46 rows=713 width=0) (actual time=1122.941..6760.825 rows=2820 loops=1)
  Hash Cond: (mi.movie_id = t.id)
  ->  Seq Scan on movie_info mi  (cost=0.00..309384.22 rows=14739122 width=4) (actual time=0.007..2972.502 rows=14835720 loops=1)
  ->  Hash  (cost=83072.90..83072.90 rows=122 width=8) (actual time=1090.331..1090.331 rows=115 loops=1)
        Buckets: 1024  Batches: 1  Memory Usage: 13kB
        ->  Nested Loop  (cost=0.43..83072.90 rows=122 width=8) (actual time=9.075..1090.197 rows=115 loops=1)
              ->  Seq Scan on movie_keyword mk  (cost=0.00..81003.12 rows=246 width=4) (actual time=2.072..1070.543 rows=493 loops=1)
                    Filter: (keyword_id = 4958)
                    Rows Removed by Filter: 4523437
              ->  Index Scan using title_pkey on title t  (cost=0.43..8.40 rows=1 width=4) (actual time=0.038..0.038 rows=0 loops=493)
                    Index Cond: (id = mk.movie_id)
                    Filter: ((kind_id > 2) AND (production_year < 2009))
                    Rows Removed by Filter: 1
Planning time: 1.215 ms
Execution time: 6761.675 ms
