Seq Scan on movie_keyword mk  (cost=0.00..81003.12 rows=3297260 width=0) (actual time=0.017..1232.893 rows=3287257 loops=1)
  Filter: (keyword_id < 14635)
  Rows Removed by Filter: 1236673
Planning time: 0.244 ms
Execution time: 1639.692 ms
