Seq Scan on cast_info ci  (cost=0.00..796071.18 rows=3337 width=0) (actual time=16214.607..39503.509 rows=398 loops=1)
  Filter: ((role_id < 3) AND (person_id = 598206))
  Rows Removed by Filter: 36243946
Planning time: 1.444 ms
Execution time: 39503.670 ms
