Hash Join  (cost=102767.86..194994.98 rows=1014904 width=0) (actual time=1741.974..3661.062 rows=876673 loops=1)
  Hash Cond: (mc.movie_id = t.id)
  ->  Seq Scan on movie_companies mc  (cost=0.00..57926.93 rows=1014904 width=4) (actual time=0.021..1030.030 rows=876673 loops=1)
        Filter: ((company_id > 525) AND (company_type_id < 2))
        Rows Removed by Filter: 1732456
  ->  Hash  (cost=61283.27..61283.27 rows=2528527 width=4) (actual time=1741.133..1741.133 rows=2528312 loops=1)
        Buckets: 131072  Batches: 64  Memory Usage: 2415kB
        ->  Seq Scan on title t  (cost=0.00..61283.27 rows=2528527 width=4) (actual time=0.026..889.759 rows=2528312 loops=1)
Planning time: 0.737 ms
Execution time: 3739.148 ms
