Hash Join  (cost=216278.54..1429546.92 rows=11362570 width=0) (actual time=4337.486..47579.807 rows=85223876 loops=1)
  Hash Cond: (ci.movie_id = t.id)
  ->  Seq Scan on cast_info ci  (cost=0.00..705507.15 rows=33800144 width=4) (actual time=0.025..12500.448 rows=33877915 loops=1)
        Filter: (person_id > 230248)
        Rows Removed by Filter: 2366429
  ->  Hash  (cost=202332.38..202332.38 rows=850013 width=8) (actual time=4336.256..4336.256 rows=1887056 loops=1)
        Buckets: 131072 (originally 131072)  Batches: 32 (originally 16)  Memory Usage: 3321kB
        ->  Hash Join  (cost=83810.17..202332.38 rows=850013 width=8) (actual time=1077.561..3843.916 rows=1887056 loops=1)
              Hash Cond: (mk.movie_id = t.id)
              ->  Seq Scan on movie_keyword mk  (cost=0.00..81003.12 rows=2175987 width=4) (actual time=0.013..1253.977 rows=2176716 loops=1)
                    Filter: (keyword_id < 4271)
                    Rows Removed by Filter: 2347214
              ->  Hash  (cost=67604.59..67604.59 rows=987727 width=4) (actual time=1076.460..1076.460 rows=985048 loops=1)
                    Buckets: 131072  Batches: 16  Memory Usage: 3197kB
                    ->  Seq Scan on title t  (cost=0.00..67604.59 rows=987727 width=4) (actual time=0.017..761.500 rows=985048 loops=1)
                          Filter: (kind_id < 7)
                          Rows Removed by Filter: 1543264
Planning time: 1.129 ms
Execution time: 55077.981 ms
