Nested Loop  (cost=0.43..83071.67 rows=246 width=0) (actual time=4.998..4168.610 rows=3346 loops=1)
  ->  Seq Scan on movie_keyword mk  (cost=0.00..81003.12 rows=246 width=4) (actual time=4.924..3448.545 rows=3346 loops=1)
        Filter: (keyword_id = 85)
        Rows Removed by Filter: 4520584
  ->  Index Only Scan using title_pkey on title t  (cost=0.43..8.40 rows=1 width=4) (actual time=0.214..0.214 rows=1 loops=3346)
        Index Cond: (id = mk.movie_id)
        Heap Fetches: 3346
Planning time: 0.819 ms
Execution time: 4169.955 ms
