Hash Join  (cost=81878.30..201649.59 rows=524365 width=0) (actual time=1029.005..3703.437 rows=978794 loops=1)
  Hash Cond: (mk.movie_id = t.id)
  ->  Seq Scan on movie_keyword mk  (cost=0.00..81003.12 rows=2735604 width=4) (actual time=0.019..1374.697 rows=2727118 loops=1)
        Filter: (keyword_id < 7763)
        Rows Removed by Filter: 1796812
  ->  Hash  (cost=73925.90..73925.90 rows=484672 width=4) (actual time=1027.962..1027.962 rows=355227 loops=1)
        Buckets: 131072  Batches: 8  Memory Usage: 2599kB
        ->  Seq Scan on title t  (cost=0.00..73925.90 rows=484672 width=4) (actual time=0.017..929.946 rows=355227 loops=1)
              Filter: ((production_year > 1986) AND (kind_id = 1))
              Rows Removed by Filter: 2173085
Planning time: 0.548 ms
Execution time: 3800.206 ms
