Hash Join  (cost=154464.73..998475.26 rows=782751 width=0) (actual time=4808.882..12266.065 rows=578430 loops=1)
  Hash Cond: (ci.movie_id = t.id)
  ->  Seq Scan on cast_info ci  (cost=0.00..796071.18 rows=3264225 width=4) (actual time=1815.191..8559.113 rows=1358991 loops=1)
        Filter: ((person_id < 476863) AND (role_id > 1))
        Rows Removed by Filter: 34885353
  ->  Hash  (cost=144516.57..144516.57 rows=606333 width=8) (actual time=2936.147..2936.147 rows=350620 loops=1)
        Buckets: 131072  Batches: 8  Memory Usage: 2737kB
        ->  Hash Join  (cost=94973.51..144516.57 rows=606333 width=8) (actual time=1550.198..2821.030 rows=350620 loops=1)
              Hash Cond: (mi_idx.movie_id = t.id)
              ->  Seq Scan on movie_info_idx mi_idx  (cost=0.00..25185.44 rows=919057 width=4) (actual time=0.034..442.599 rows=920110 loops=1)
                    Filter: (info_type_id > 99)
                    Rows Removed by Filter: 459925
              ->  Hash  (cost=67604.59..67604.59 rows=1668154 width=4) (actual time=1548.620..1548.620 rows=1674098 loops=1)
                    Buckets: 131072  Batches: 32  Memory Usage: 2869kB
                    ->  Seq Scan on title t  (cost=0.00..67604.59 rows=1668154 width=4) (actual time=0.019..1007.402 rows=1674098 loops=1)
                          Filter: (kind_id > 3)
                          Rows Removed by Filter: 854214
Planning time: 1.201 ms
Execution time: 12329.876 ms
