Seq Scan on movie_keyword mk  (cost=0.00..81003.12 rows=1151444 width=0) (actual time=0.022..1092.908 rows=1167227 loops=1)
  Filter: (keyword_id > 16027)
  Rows Removed by Filter: 3356703
Planning time: 0.308 ms
Execution time: 1237.425 ms
