Hash Join  (cost=102767.86..217404.25 rows=2217248 width=0) (actual time=1534.580..4330.329 rows=2211619 loops=1)
  Hash Cond: (mc.movie_id = t.id)
  ->  Seq Scan on movie_companies mc  (cost=0.00..51404.11 rows=2217248 width=4) (actual time=0.025..846.610 rows=2211619 loops=1)
        Filter: (company_id < 82557)
        Rows Removed by Filter: 397510
  ->  Hash  (cost=61283.27..61283.27 rows=2528527 width=4) (actual time=1533.485..1533.485 rows=2528312 loops=1)
        Buckets: 131072  Batches: 64  Memory Usage: 2415kB
        ->  Seq Scan on title t  (cost=0.00..61283.27 rows=2528527 width=4) (actual time=0.020..737.384 rows=2528312 loops=1)
Planning time: 0.714 ms
Execution time: 4571.359 ms
