Hash Join  (cost=83072.98..109983.49 rows=3 width=0) (actual time=991.852..1217.677 rows=21 loops=1)
  Hash Cond: (mi_idx.movie_id = t.id)
  ->  Seq Scan on movie_info_idx mi_idx  (cost=0.00..21735.35 rows=1380035 width=4) (actual time=0.016..168.795 rows=1380035 loops=1)
  ->  Hash  (cost=83072.90..83072.90 rows=6 width=8) (actual time=860.145..860.145 rows=26 loops=1)
        Buckets: 1024  Batches: 1  Memory Usage: 10kB
        ->  Nested Loop  (cost=0.43..83072.90 rows=6 width=8) (actual time=21.870..860.107 rows=26 loops=1)
              ->  Seq Scan on movie_keyword mk  (cost=0.00..81003.12 rows=246 width=4) (actual time=4.415..855.041 rows=170 loops=1)
                    Filter: (keyword_id = 35053)
                    Rows Removed by Filter: 4523760
              ->  Index Scan using title_pkey on title t  (cost=0.43..8.40 rows=1 width=4) (actual time=0.027..0.028 rows=0 loops=170)
                    Index Cond: (id = mk.movie_id)
                    Filter: ((production_year > 2011) AND (kind_id = 1))
                    Rows Removed by Filter: 1
Planning time: 1.195 ms
Execution time: 1217.831 ms
