Seq Scan on movie_keyword mk  (cost=0.00..81003.12 rows=944666 width=0) (actual time=0.027..953.444 rows=955927 loops=1)
  Filter: (keyword_id > 19837)
  Rows Removed by Filter: 3568003
Planning time: 0.326 ms
Execution time: 1059.521 ms
