Nested Loop  (cost=0.43..58358.27 rows=51 width=0) (actual time=344.941..433.598 rows=1 loops=1)
  ->  Seq Scan on movie_companies mc  (cost=0.00..57926.93 rows=51 width=4) (actual time=344.859..433.514 rows=1 loops=1)
        Filter: ((company_type_id < 2) AND (company_id = 7161))
        Rows Removed by Filter: 2609128
  ->  Index Only Scan using title_pkey on title t  (cost=0.43..8.45 rows=1 width=4) (actual time=0.067..0.068 rows=1 loops=1)
        Index Cond: (id = mc.movie_id)
        Heap Fetches: 1
Planning time: 0.733 ms
Execution time: 433.664 ms
