Nested Loop  (cost=0.43..83072.29 rows=150 width=0) (actual time=716.521..1024.055 rows=4 loops=1)
  ->  Seq Scan on movie_keyword mk  (cost=0.00..81003.12 rows=246 width=4) (actual time=69.614..1023.121 rows=21 loops=1)
        Filter: (keyword_id = 29234)
        Rows Removed by Filter: 4523909
  ->  Index Scan using title_pkey on title t  (cost=0.43..8.40 rows=1 width=4) (actual time=0.040..0.041 rows=0 loops=21)
        Index Cond: (id = mk.movie_id)
        Filter: (kind_id = 7)
        Rows Removed by Filter: 1
Planning time: 0.737 ms
Execution time: 1024.157 ms
