Hash Join  (cost=101665.95..189250.61 rows=6236 width=0) (actual time=4943.427..9008.107 rows=47784 loops=1)
  Hash Cond: (mk.movie_id = t.id)
  ->  Seq Scan on movie_keyword mk  (cost=0.00..81003.12 rows=1738446 width=4) (actual time=0.017..3682.846 rows=1749285 loops=1)
        Filter: (keyword_id > 7979)
        Rows Removed by Filter: 2774645
  ->  Hash  (cost=101552.57..101552.57 rows=9070 width=8) (actual time=4943.190..4943.190 rows=13238 loops=1)
        Buckets: 16384  Batches: 1  Memory Usage: 646kB
        ->  Hash Join  (cost=74547.77..101552.57 rows=9070 width=8) (actual time=3599.982..4937.137 rows=13238 loops=1)
              Hash Cond: (mi_idx.movie_id = t.id)
              ->  Seq Scan on movie_info_idx mi_idx  (cost=0.00..25185.44 rows=460978 width=4) (actual time=0.014..1172.873 rows=459925 loops=1)
                    Filter: (info_type_id = 99)
                    Rows Removed by Filter: 920110
              ->  Hash  (cost=73925.90..73925.90 rows=49749 width=4) (actual time=3599.619..3599.619 rows=44012 loops=1)
                    Buckets: 65536  Batches: 1  Memory Usage: 2060kB
                    ->  Seq Scan on title t  (cost=0.00..73925.90 rows=49749 width=4) (actual time=0.129..3580.272 rows=44012 loops=1)
                          Filter: ((kind_id < 7) AND (production_year = 2009))
                          Rows Removed by Filter: 2484300
Planning time: 1.114 ms
Execution time: 9018.163 ms
