Seq Scan on movie_keyword mk  (cost=0.00..81003.12 rows=2914519 width=0) (actual time=0.025..1040.121 rows=2902363 loops=1)
  Filter: (keyword_id < 9274)
  Rows Removed by Filter: 1621567
Planning time: 0.351 ms
Execution time: 1348.840 ms
