Seq Scan on cast_info ci  (cost=0.00..796071.18 rows=176 width=0) (actual time=7464.362..10334.040 rows=1 loops=1)
  Filter: ((role_id < 2) AND (person_id = 1515785))
  Rows Removed by Filter: 36244343
Planning time: 0.407 ms
Execution time: 10334.153 ms
