Seq Scan on movie_keyword mk  (cost=0.00..81003.12 rows=246 width=0) (actual time=32.985..910.879 rows=39 loops=1)
  Filter: (keyword_id = 39959)
  Rows Removed by Filter: 4523891
Planning time: 0.376 ms
Execution time: 911.002 ms
