Seq Scan on cast_info ci  (cost=0.00..796071.18 rows=6429514 width=0) (actual time=86.970..12533.558 rows=7044985 loops=1)
  Filter: ((person_id > 623594) AND (role_id > 6))
  Rows Removed by Filter: 29199359
Planning time: 0.372 ms
Execution time: 13424.868 ms
