Hash Join  (cost=93155.63..156954.29 rows=223634 width=0) (actual time=1428.080..2624.429 rows=233783 loops=1)
  Hash Cond: (mc.movie_id = t.id)
  ->  Seq Scan on movie_companies mc  (cost=0.00..51404.11 rows=482454 width=4) (actual time=0.022..658.152 rows=477152 loops=1)
        Filter: (company_id < 424)
        Rows Removed by Filter: 2131977
  ->  Hash  (cost=73925.90..73925.90 rows=1172058 width=4) (actual time=1426.686..1426.686 rows=1128906 loops=1)
        Buckets: 131072  Batches: 16  Memory Usage: 3503kB
        ->  Seq Scan on title t  (cost=0.00..73925.90 rows=1172058 width=4) (actual time=98.999..1082.913 rows=1128906 loops=1)
              Filter: ((production_year < 2010) AND (kind_id = 7))
              Rows Removed by Filter: 1399406
Planning time: 3.568 ms
Execution time: 2655.599 ms
