Hash Join  (cost=128695.20..215406.87 rows=5364 width=0) (actual time=1633.226..3129.072 rows=256861 loops=1)
  Hash Cond: (mk.movie_id = t.id)
  ->  Seq Scan on movie_keyword mk  (cost=0.00..69693.30 rows=4523930 width=4) (actual time=0.022..659.664 rows=4523930 loops=1)
  ->  Hash  (cost=128657.72..128657.72 rows=2998 width=8) (actual time=1630.994..1630.994 rows=12997 loops=1)
        Buckets: 16384 (originally 4096)  Batches: 1 (originally 1)  Memory Usage: 636kB
        ->  Hash Join  (cost=73962.22..128657.72 rows=2998 width=8) (actual time=780.480..1625.831 rows=12997 loops=1)
              Hash Cond: (mc.movie_id = t.id)
              ->  Seq Scan on movie_companies mc  (cost=0.00..44881.29 rows=2609129 width=4) (actual time=0.024..379.252 rows=2609129 loops=1)
              ->  Hash  (cost=73925.90..73925.90 rows=2905 width=4) (actual time=780.402..780.402 rows=6875 loops=1)
                    Buckets: 8192 (originally 4096)  Batches: 1 (originally 1)  Memory Usage: 306kB
                    ->  Seq Scan on title t  (cost=0.00..73925.90 rows=2905 width=4) (actual time=1.129..777.292 rows=6875 loops=1)
                          Filter: ((kind_id < 7) AND (production_year = 1982))
                          Rows Removed by Filter: 2521437
Planning time: 1.138 ms
Execution time: 3160.468 ms
