Hash Join  (cost=346309.97..1213704.00 rows=7261696 width=0) (actual time=8108.776..22850.957 rows=24508542 loops=1)
  Hash Cond: (ci.movie_id = t.id)
  ->  Seq Scan on cast_info ci  (cost=0.00..705507.15 rows=4867455 width=4) (actual time=1714.105..8840.524 rows=4750425 loops=1)
        Filter: (person_id < 461148)
        Rows Removed by Filter: 31493919
  ->  Hash  (cost=284420.50..284420.50 rows=3772278 width=8) (actual time=6364.927..6364.927 rows=3765369 loops=1)
        Buckets: 131072  Batches: 64  Memory Usage: 3348kB
        ->  Hash Join  (cost=102767.86..284420.50 rows=3772278 width=8) (actual time=1619.089..5589.443 rows=3765369 loops=1)
              Hash Cond: (mk.movie_id = t.id)
              ->  Seq Scan on movie_keyword mk  (cost=0.00..81003.12 rows=3772278 width=4) (actual time=0.057..1239.676 rows=3765369 loops=1)
                    Filter: (keyword_id < 24686)
                    Rows Removed by Filter: 758561
              ->  Hash  (cost=61283.27..61283.27 rows=2528527 width=4) (actual time=1617.724..1617.724 rows=2528312 loops=1)
                    Buckets: 131072  Batches: 64  Memory Usage: 2425kB
                    ->  Seq Scan on title t  (cost=0.00..61283.27 rows=2528527 width=4) (actual time=0.017..769.760 rows=2528312 loops=1)
Planning time: 1.372 ms
Execution time: 25205.576 ms
