Seq Scan on movie_companies mc  (cost=0.00..51404.11 rows=104 width=0) (actual time=62.611..650.257 rows=10 loops=1)
  Filter: (company_id = 82630)
  Rows Removed by Filter: 2609119
Planning time: 0.250 ms
Execution time: 650.309 ms
