Hash Join  (cost=318607.62..1887023.96 rows=43226312 width=0) (actual time=5551.294..40279.755 rows=42594298 loops=1)
  Hash Cond: (ci.movie_id = t.id)
  ->  Seq Scan on cast_info ci  (cost=0.00..614943.12 rows=36225612 width=4) (actual time=0.022..9187.151 rows=36244344 loops=1)
  ->  Hash  (cost=269106.97..269106.97 rows=3017172 width=8) (actual time=5549.784..5549.784 rows=1440642 loops=1)
        Buckets: 131072  Batches: 64  Memory Usage: 1882kB
        ->  Hash Join  (cost=98137.04..269106.97 rows=3017172 width=8) (actual time=1598.577..5215.806 rows=1440642 loops=1)
              Hash Cond: (mk.movie_id = t.id)
              ->  Seq Scan on movie_keyword mk  (cost=0.00..81003.12 rows=4099418 width=4) (actual time=0.022..1442.977 rows=4087742 loops=1)
                    Filter: (keyword_id > 335)
                    Rows Removed by Filter: 436188
              ->  Hash  (cost=67604.59..67604.59 rows=1860996 width=4) (actual time=1596.296..1596.296 rows=1865487 loops=1)
                    Buckets: 131072  Batches: 32  Memory Usage: 3085kB
                    ->  Seq Scan on title t  (cost=0.00..67604.59 rows=1860996 width=4) (actual time=0.029..984.287 rows=1865487 loops=1)
                          Filter: (kind_id > 1)
                          Rows Removed by Filter: 662825
Planning time: 1.150 ms
Execution time: 44349.501 ms
