Hash Join  (cost=213087.21..1401499.77 rows=15050539 width=0) (actual time=8903.612..91031.690 rows=36918229 loops=1)
  Hash Cond: (ci.movie_id = t.id)
  ->  Seq Scan on cast_info ci  (cost=0.00..614943.12 rows=36225612 width=4) (actual time=0.016..44216.700 rows=36244344 loops=1)
  ->  Hash  (cost=195851.73..195851.73 rows=1050519 width=8) (actual time=8902.629..8902.629 rows=928588 loops=1)
        Buckets: 131072  Batches: 16  Memory Usage: 3271kB
        ->  Hash Join  (cost=102767.86..195851.73 rows=1050519 width=8) (actual time=4639.233..8603.359 rows=928588 loops=1)
              Hash Cond: (mc.movie_id = t.id)
              ->  Seq Scan on movie_companies mc  (cost=0.00..57926.93 rows=1050519 width=4) (actual time=5.097..2684.405 rows=928588 loops=1)
                    Filter: ((company_id > 394) AND (company_type_id < 2))
                    Rows Removed by Filter: 1680541
              ->  Hash  (cost=61283.27..61283.27 rows=2528527 width=4) (actual time=4632.396..4632.396 rows=2528312 loops=1)
                    Buckets: 131072  Batches: 64  Memory Usage: 2415kB
                    ->  Seq Scan on title t  (cost=0.00..61283.27 rows=2528527 width=4) (actual time=0.005..3629.888 rows=2528312 loops=1)
Planning time: 2.257 ms
Execution time: 96110.394 ms
