Seq Scan on movie_companies mc  (cost=0.00..51404.11 rows=103040 width=0) (actual time=0.031..496.898 rows=103697 loops=1)
  Filter: (company_id > 155395)
  Rows Removed by Filter: 2505432
Planning time: 0.342 ms
Execution time: 511.010 ms
