Seq Scan on cast_info ci  (cost=0.00..796071.18 rows=2692568 width=0) (actual time=0.022..11036.034 rows=3793289 loops=1)
  Filter: ((person_id > 1340621) AND (role_id = 10))
  Rows Removed by Filter: 32451055
Planning time: 0.390 ms
Execution time: 11523.657 ms
