Hash Join  (cost=202932.42..1291205.79 rows=2856508 width=0) (actual time=7442.054..29032.419 rows=8224271 loops=1)
  Hash Cond: (ci.movie_id = t.id)
  ->  Seq Scan on cast_info ci  (cost=0.00..796071.18 rows=20468825 width=4) (actual time=3631.348..14512.360 rows=22302665 loops=1)
        Filter: ((person_id > 441293) AND (role_id > 1))
        Rows Removed by Filter: 13941679
  ->  Hash  (cost=197142.60..197142.60 rows=352866 width=8) (actual time=3808.349..3808.349 rows=623312 loops=1)
        Buckets: 131072 (originally 131072)  Batches: 16 (originally 8)  Memory Usage: 3073kB
        ->  Hash Join  (cost=70840.90..197142.60 rows=352866 width=8) (actual time=862.732..3644.480 rows=623312 loops=1)
              Hash Cond: (mk.movie_id = t.id)
              ->  Seq Scan on movie_keyword mk  (cost=0.00..69693.30 rows=4523930 width=4) (actual time=0.034..1080.700 rows=4523930 loops=1)
              ->  Hash  (cost=67604.59..67604.59 rows=197225 width=4) (actual time=861.122..861.122 rows=194989 loops=1)
                    Buckets: 131072  Batches: 4  Memory Usage: 2744kB
                    ->  Seq Scan on title t  (cost=0.00..67604.59 rows=197225 width=4) (actual time=0.096..796.149 rows=194989 loops=1)
                          Filter: (production_year < 1955)
                          Rows Removed by Filter: 2333323
Planning time: 1.170 ms
Execution time: 29911.244 ms
