Hash Join  (cost=174865.45..299392.14 rows=952307 width=0) (actual time=2675.144..5690.587 rows=4047384 loops=1)
  Hash Cond: (mk.movie_id = t.id)
  ->  Seq Scan on movie_keyword mk  (cost=0.00..81003.12 rows=2631332 width=4) (actual time=0.012..1059.811 rows=2617804 loops=1)
        Filter: (keyword_id > 3266)
        Rows Removed by Filter: 1906126
  ->  Hash  (cost=159851.69..159851.69 rows=915101 width=8) (actual time=2674.095..2674.095 rows=919850 loops=1)
        Buckets: 131072  Batches: 16  Memory Usage: 3282kB
        ->  Hash Join  (cost=102767.86..159851.69 rows=915101 width=8) (actual time=1223.471..2458.176 rows=919850 loops=1)
              Hash Cond: (mi_idx.movie_id = t.id)
              ->  Seq Scan on movie_info_idx mi_idx  (cost=0.00..25185.44 rows=915101 width=4) (actual time=0.025..356.444 rows=919850 loops=1)
                    Filter: (info_type_id < 101)
                    Rows Removed by Filter: 460185
              ->  Hash  (cost=61283.27..61283.27 rows=2528527 width=4) (actual time=1222.557..1222.557 rows=2528312 loops=1)
                    Buckets: 131072  Batches: 64  Memory Usage: 2415kB
                    ->  Seq Scan on title t  (cost=0.00..61283.27 rows=2528527 width=4) (actual time=0.013..583.414 rows=2528312 loops=1)
Planning time: 1.164 ms
Execution time: 6114.858 ms
