Hash Join  (cost=102636.52..457112.59 rows=1424 width=0) (actual time=1124.515..4945.452 rows=3246 loops=1)
  Hash Cond: (mi.movie_id = t.id)
  ->  Seq Scan on movie_info mi  (cost=0.00..346232.03 rows=2194617 width=4) (actual time=0.024..3514.191 rows=2233850 loops=1)
        Filter: (info_type_id > 16)
        Rows Removed by Filter: 12601870
  ->  Hash  (cost=102616.02..102616.02 rows=1640 width=8) (actual time=1123.355..1123.355 rows=1370 loops=1)
        Buckets: 2048  Batches: 1  Memory Usage: 70kB
        ->  Hash Join  (cost=73982.55..102616.02 rows=1640 width=8) (actual time=710.677..1122.898 rows=1370 loops=1)
              Hash Cond: (mi_idx.movie_id = t.id)
              ->  Seq Scan on movie_info_idx mi_idx  (cost=0.00..25185.44 rows=915101 width=4) (actual time=0.013..296.785 rows=919850 loops=1)
                    Filter: (info_type_id < 101)
                    Rows Removed by Filter: 460185
              ->  Hash  (cost=73925.90..73925.90 rows=4532 width=4) (actual time=708.551..708.551 rows=8269 loops=1)
                    Buckets: 16384 (originally 8192)  Batches: 1 (originally 1)  Memory Usage: 419kB
                    ->  Seq Scan on title t  (cost=0.00..73925.90 rows=4532 width=4) (actual time=0.029..705.428 rows=8269 loops=1)
                          Filter: ((kind_id = 7) AND (production_year = 1971))
                          Rows Removed by Filter: 2520043
Planning time: 1.196 ms
Execution time: 4946.078 ms
