Hash Join  (cost=71408.55..133036.49 rows=20531 width=0) (actual time=927.064..1579.725 rows=17462 loops=1)
  Hash Cond: (mc.movie_id = t.id)
  ->  Seq Scan on movie_companies mc  (cost=0.00..57926.93 rows=223919 width=4) (actual time=124.122..636.264 rows=341894 loops=1)
        Filter: ((company_id < 376) AND (company_type_id < 2))
        Rows Removed by Filter: 2267235
  ->  Hash  (cost=67604.59..67604.59 rows=231837 width=4) (actual time=802.054..802.054 rows=231649 loops=1)
        Buckets: 131072  Batches: 4  Memory Usage: 3076kB
        ->  Seq Scan on title t  (cost=0.00..67604.59 rows=231837 width=4) (actual time=0.031..730.172 rows=231649 loops=1)
              Filter: (production_year > 2011)
              Rows Removed by Filter: 2296663
Planning time: 0.527 ms
Execution time: 1581.735 ms
