Nested Loop  (cost=0.43..58375.18 rows=53 width=0) (actual time=31.760..580.600 rows=214 loops=1)
  ->  Seq Scan on movie_companies mc  (cost=0.00..57926.93 rows=53 width=4) (actual time=31.664..575.604 rows=214 loops=1)
        Filter: ((company_type_id > 1) AND (company_id = 169))
        Rows Removed by Filter: 2608915
  ->  Index Only Scan using title_pkey on title t  (cost=0.43..8.45 rows=1 width=4) (actual time=0.022..0.022 rows=1 loops=214)
        Index Cond: (id = mc.movie_id)
        Heap Fetches: 214
Planning time: 0.777 ms
Execution time: 580.736 ms
