Hash Join  (cost=121478.35..198949.37 rows=175651 width=0) (actual time=1766.479..3580.450 rows=626275 loops=1)
  Hash Cond: (mc.movie_id = t.id)
  ->  Seq Scan on movie_companies mc  (cost=0.00..44881.29 rows=2609129 width=4) (actual time=0.016..646.100 rows=2609129 loops=1)
  ->  Hash  (cost=118685.55..118685.55 rows=170224 width=8) (actual time=1765.604..1765.604 rows=206972 loops=1)
        Buckets: 131072  Batches: 4  Memory Usage: 3051kB
        ->  Hash Join  (cost=82805.75..118685.55 rows=170224 width=8) (actual time=1157.973..1711.077 rows=206972 loops=1)
              Hash Cond: (mi_idx.movie_id = t.id)
              ->  Seq Scan on movie_info_idx mi_idx  (cost=0.00..25185.44 rows=464566 width=4) (actual time=0.019..215.860 rows=459925 loops=1)
                    Filter: (info_type_id = 101)
                    Rows Removed by Filter: 920110
              ->  Hash  (cost=67604.59..67604.59 rows=926493 width=4) (actual time=1156.800..1156.800 rows=924605 loops=1)
                    Buckets: 131072  Batches: 16  Memory Usage: 3056kB
                    ->  Seq Scan on title t  (cost=0.00..67604.59 rows=926493 width=4) (actual time=0.028..876.380 rows=924605 loops=1)
                          Filter: (production_year < 1998)
                          Rows Removed by Filter: 1603707
Planning time: 1.240 ms
Execution time: 3650.202 ms
