Seq Scan on cast_info ci  (cost=0.00..705507.15 rows=36195802 width=0) (actual time=0.022..44806.692 rows=36220855 loops=1)
  Filter: (person_id > 3350)
  Rows Removed by Filter: 23489
Planning time: 0.363 ms
Execution time: 51314.621 ms
