Hash Join  (cost=92433.22..129412.83 rows=205651 width=0) (actual time=1102.265..1961.330 rows=114893 loops=1)
  Hash Cond: (mi_idx.movie_id = t.id)
  ->  Seq Scan on movie_info_idx mi_idx  (cost=0.00..25185.44 rows=460978 width=4) (actual time=0.009..398.501 rows=459925 loops=1)
        Filter: (info_type_id < 100)
        Rows Removed by Filter: 920110
  ->  Hash  (cost=73925.90..73925.90 rows=1128025 width=4) (actual time=1101.230..1101.230 rows=1222824 loops=1)
        Buckets: 131072  Batches: 16  Memory Usage: 3723kB
        ->  Seq Scan on title t  (cost=0.00..73925.90 rows=1128025 width=4) (actual time=0.012..798.560 rows=1222824 loops=1)
              Filter: ((kind_id > 4) AND (production_year > 1986))
              Rows Removed by Filter: 1305488
Planning time: 0.775 ms
Execution time: 1974.806 ms
