Hash Join  (cost=263115.61..1852904.07 rows=36993595 width=0) (actual time=4273.482..52644.976 rows=78950680 loops=1)
  Hash Cond: (ci.movie_id = t.id)
  ->  Seq Scan on cast_info ci  (cost=0.00..705507.15 rows=35850778 width=4) (actual time=0.022..12041.053 rows=35844160 loops=1)
        Filter: (person_id < 3986932)
        Rows Removed by Filter: 400184
  ->  Hash  (cost=220309.49..220309.49 rows=2609129 width=8) (actual time=4271.833..4271.833 rows=2609129 loops=1)
        Buckets: 131072  Batches: 64  Memory Usage: 2610kB
        ->  Hash Join  (cost=102767.86..220309.49 rows=2609129 width=8) (actual time=1412.603..3679.460 rows=2609129 loops=1)
              Hash Cond: (mc.movie_id = t.id)
              ->  Seq Scan on movie_companies mc  (cost=0.00..44881.29 rows=2609129 width=4) (actual time=0.013..439.836 rows=2609129 loops=1)
              ->  Hash  (cost=61283.27..61283.27 rows=2528527 width=4) (actual time=1410.594..1410.594 rows=2528312 loops=1)
                    Buckets: 131072  Batches: 64  Memory Usage: 2415kB
                    ->  Seq Scan on title t  (cost=0.00..61283.27 rows=2528527 width=4) (actual time=0.028..675.571 rows=2528312 loops=1)
Planning time: 1.158 ms
Execution time: 60119.509 ms
