Seq Scan on cast_info ci  (cost=0.00..796071.18 rows=11442878 width=0) (actual time=0.015..9942.062 rows=4888709 loops=1)
  Filter: ((person_id < 1731979) AND (role_id > 1))
  Rows Removed by Filter: 31355635
Planning time: 0.362 ms
Execution time: 10523.290 ms
