Hash Join  (cost=79715.19..191261.53 rows=314043 width=0) (actual time=685.526..2825.485 rows=417972 loops=1)
  Hash Cond: (mk.movie_id = t.id)
  ->  Seq Scan on movie_keyword mk  (cost=0.00..81003.12 rows=2250608 width=4) (actual time=0.029..1136.169 rows=2250213 loops=1)
        Filter: (keyword_id > 4791)
        Rows Removed by Filter: 2273717
  ->  Hash  (cost=73925.90..73925.90 rows=352823 width=4) (actual time=684.565..684.565 rows=302088 loops=1)
        Buckets: 131072  Batches: 8  Memory Usage: 2349kB
        ->  Seq Scan on title t  (cost=0.00..73925.90 rows=352823 width=4) (actual time=0.033..605.022 rows=302088 loops=1)
              Filter: ((kind_id < 7) AND (production_year > 2006))
              Rows Removed by Filter: 2226224
Planning time: 0.723 ms
Execution time: 2878.032 ms
