Hash Join  (cost=102767.86..238283.22 rows=1854907 width=0) (actual time=1230.421..3874.050 rows=1862423 loops=1)
  Hash Cond: (mk.movie_id = t.id)
  ->  Seq Scan on movie_keyword mk  (cost=0.00..81003.12 rows=1854907 width=4) (actual time=0.025..1058.447 rows=1862423 loops=1)
        Filter: (keyword_id < 3138)
        Rows Removed by Filter: 2661507
  ->  Hash  (cost=61283.27..61283.27 rows=2528527 width=4) (actual time=1228.415..1228.415 rows=2528312 loops=1)
        Buckets: 131072  Batches: 64  Memory Usage: 2425kB
        ->  Seq Scan on title t  (cost=0.00..61283.27 rows=2528527 width=4) (actual time=0.012..588.918 rows=2528312 loops=1)
Planning time: 0.707 ms
Execution time: 4071.983 ms
