Hash Join  (cost=245693.77..782001.44 rows=5653178 width=0) (actual time=4160.223..25574.886 rows=63302301 loops=1)
  Hash Cond: (mi.movie_id = t.id)
  ->  Seq Scan on movie_info mi  (cost=0.00..346232.03 rows=11115165 width=4) (actual time=0.013..4533.203 rows=11210743 loops=1)
        Filter: (info_type_id > 3)
        Rows Removed by Filter: 3624977
  ->  Hash  (cost=224594.65..224594.65 rows=1286010 width=8) (actual time=4158.916..4158.916 rows=1297232 loops=1)
        Buckets: 131072  Batches: 32  Memory Usage: 2681kB
        ->  Hash Join  (cost=102767.86..224594.65 rows=1286010 width=8) (actual time=1493.747..3832.254 rows=1297232 loops=1)
              Hash Cond: (mk.movie_id = t.id)
              ->  Seq Scan on movie_keyword mk  (cost=0.00..81003.12 rows=1286010 width=4) (actual time=0.024..1104.892 rows=1297232 loops=1)
                    Filter: (keyword_id > 13610)
                    Rows Removed by Filter: 3226698
              ->  Hash  (cost=61283.27..61283.27 rows=2528527 width=4) (actual time=1492.721..1492.721 rows=2528312 loops=1)
                    Buckets: 131072  Batches: 64  Memory Usage: 2425kB
                    ->  Seq Scan on title t  (cost=0.00..61283.27 rows=2528527 width=4) (actual time=0.020..685.396 rows=2528312 loops=1)
Planning time: 1.143 ms
Execution time: 31698.500 ms
