Hash Join  (cost=73982.55..424578.51 rows=2076 width=0) (actual time=988.769..4914.317 rows=1499 loops=1)
  Hash Cond: (mi.movie_id = t.id)
  ->  Seq Scan on movie_info mi  (cost=0.00..346232.03 rows=1158179 width=4) (actual time=160.858..3945.688 rows=1204709 loops=1)
        Filter: (info_type_id > 18)
        Rows Removed by Filter: 13631011
  ->  Hash  (cost=73925.90..73925.90 rows=4532 width=4) (actual time=761.702..761.702 rows=13632 loops=1)
        Buckets: 16384 (originally 8192)  Batches: 1 (originally 1)  Memory Usage: 608kB
        ->  Seq Scan on title t  (cost=0.00..73925.90 rows=4532 width=4) (actual time=0.472..756.712 rows=13632 loops=1)
              Filter: ((kind_id = 7) AND (production_year = 1990))
              Rows Removed by Filter: 2514680
Planning time: 0.769 ms
Execution time: 4914.779 ms
