Hash Join  (cost=99591.38..263103.99 rows=2813760 width=0) (actual time=1490.761..5214.972 rows=2596137 loops=1)
  Hash Cond: (mk.movie_id = t.id)
  ->  Seq Scan on movie_keyword mk  (cost=0.00..81003.12 rows=3649179 width=4) (actual time=0.020..1246.840 rows=3640719 loops=1)
        Filter: (keyword_id > 834)
        Rows Removed by Filter: 883211
  ->  Hash  (cost=67604.59..67604.59 rows=1949663 width=4) (actual time=1490.072..1490.072 rows=1947263 loops=1)
        Buckets: 131072  Batches: 32  Memory Usage: 3180kB
        ->  Seq Scan on title t  (cost=0.00..67604.59 rows=1949663 width=4) (actual time=0.012..922.231 rows=1947263 loops=1)
              Filter: (production_year > 1979)
              Rows Removed by Filter: 581049
Planning time: 0.514 ms
Execution time: 5468.445 ms
