Hash Join  (cost=102767.86..977147.78 rows=6607555 width=0) (actual time=1840.087..13982.522 rows=6536163 loops=1)
  Hash Cond: (ci.movie_id = t.id)
  ->  Seq Scan on cast_info ci  (cost=0.00..705507.15 rows=6607555 width=4) (actual time=408.443..8512.921 rows=6536163 loops=1)
        Filter: (person_id < 630973)
        Rows Removed by Filter: 29708181
  ->  Hash  (cost=61283.27..61283.27 rows=2528527 width=4) (actual time=1406.788..1406.788 rows=2528312 loops=1)
        Buckets: 131072  Batches: 64  Memory Usage: 2415kB
        ->  Seq Scan on title t  (cost=0.00..61283.27 rows=2528527 width=4) (actual time=0.015..672.077 rows=2528312 loops=1)
Planning time: 0.840 ms
Execution time: 14504.697 ms
