Seq Scan on movie_companies mc  (cost=0.00..57926.93 rows=301002 width=0) (actual time=0.145..2340.610 rows=162432 loops=1)
  Filter: ((company_id < 673) AND (company_type_id = 2))
  Rows Removed by Filter: 2446697
Planning time: 3.538 ms
Execution time: 2366.676 ms
