Hash Join  (cost=98066.81..184843.11 rows=11826 width=0) (actual time=611.169..1672.295 rows=12247 loops=1)
  Hash Cond: (mk.movie_id = t.id)
  ->  Seq Scan on movie_keyword mk  (cost=0.00..69693.30 rows=4523930 width=4) (actual time=0.028..499.810 rows=4523930 loops=1)
  ->  Hash  (cost=97984.19..97984.19 rows=6610 width=8) (actual time=610.700..610.700 rows=7151 loops=1)
        Buckets: 8192  Batches: 1  Memory Usage: 344kB
        ->  Nested Loop  (cost=0.43..97984.19 rows=6610 width=8) (actual time=0.437..607.156 rows=7151 loops=1)
              ->  Seq Scan on movie_companies mc  (cost=0.00..51404.11 rows=6610 width=4) (actual time=0.389..529.650 rows=7151 loops=1)
                    Filter: (company_id = 7851)
                    Rows Removed by Filter: 2601978
              ->  Index Only Scan using title_pkey on title t  (cost=0.43..7.04 rows=1 width=4) (actual time=0.010..0.010 rows=1 loops=7151)
                    Index Cond: (id = mc.movie_id)
                    Heap Fetches: 7151
Planning time: 1.143 ms
Execution time: 1673.740 ms
