Seq Scan on movie_companies mc  (cost=0.00..51404.11 rows=1878667 width=0) (actual time=0.025..685.129 rows=1874205 loops=1)
  Filter: (company_id < 39713)
  Rows Removed by Filter: 734924
Planning time: 0.328 ms
Execution time: 909.818 ms
