Nested Loop  (cost=0.43..83072.29 rows=141 width=0) (actual time=79.365..959.743 rows=24 loops=1)
  ->  Seq Scan on movie_keyword mk  (cost=0.00..81003.12 rows=246 width=4) (actual time=79.321..958.136 rows=32 loops=1)
        Filter: (keyword_id = 25795)
        Rows Removed by Filter: 4523898
  ->  Index Scan using title_pkey on title t  (cost=0.43..8.40 rows=1 width=4) (actual time=0.046..0.046 rows=1 loops=32)
        Index Cond: (id = mk.movie_id)
        Filter: (production_year < 2006)
        Rows Removed by Filter: 0
Planning time: 0.748 ms
Execution time: 959.867 ms
