Seq Scan on title t  (cost=0.00..73925.90 rows=301 width=0) (actual time=44.748..746.309 rows=248 loops=1)
  Filter: ((kind_id = 3) AND (production_year = 1955))
  Rows Removed by Filter: 2528064
Planning time: 0.353 ms
Execution time: 746.531 ms
