Seq Scan on movie_companies mc  (cost=0.00..51404.11 rows=2438038 width=0) (actual time=0.023..729.582 rows=2438794 loops=1)
  Filter: (company_id < 123743)
  Rows Removed by Filter: 170335
Planning time: 0.317 ms
Execution time: 1008.769 ms
