Seq Scan on cast_info ci  (cost=0.00..705507.15 rows=15552310 width=0) (actual time=0.019..7999.950 rows=15427308 loops=1)
  Filter: (person_id < 1521229)
  Rows Removed by Filter: 20817036
Planning time: 0.243 ms
Execution time: 9621.556 ms
