Hash Join  (cost=856491.93..2896113.22 rows=81353856 width=0) (actual time=13366.999..45292.633 rows=62346431 loops=1)
  Hash Cond: (ci.movie_id = t.id)
  ->  Seq Scan on cast_info ci  (cost=0.00..705507.15 rows=21154637 width=4) (actual time=0.017..10444.428 rows=21013877 loops=1)
        Filter: (person_id < 2119598)
        Rows Removed by Filter: 15230467
  ->  Hash  (cost=696959.27..696959.27 rows=9723893 width=8) (actual time=13365.493..13365.493 rows=4961386 loops=1)
        Buckets: 131072  Batches: 128  Memory Usage: 2533kB
        ->  Hash Join  (cost=94973.51..696959.27 rows=9723893 width=8) (actual time=1381.246..12096.889 rows=4961386 loops=1)
              Hash Cond: (mi.movie_id = t.id)
              ->  Seq Scan on movie_info mi  (cost=0.00..309384.22 rows=14739122 width=4) (actual time=0.020..3478.149 rows=14835720 loops=1)
              ->  Hash  (cost=67604.59..67604.59 rows=1668154 width=4) (actual time=1380.561..1380.561 rows=1674098 loops=1)
                    Buckets: 131072  Batches: 32  Memory Usage: 2875kB
                    ->  Seq Scan on title t  (cost=0.00..67604.59 rows=1668154 width=4) (actual time=0.022..877.979 rows=1674098 loops=1)
                          Filter: (kind_id > 3)
                          Rows Removed by Filter: 854214
Planning time: 1.160 ms
Execution time: 50235.334 ms
