Hash Join  (cost=111877.36..870604.70 rows=793824 width=0) (actual time=1221.472..14429.520 rows=1826601 loops=1)
  Hash Cond: (ci.movie_id = t.id)
  ->  Seq Scan on cast_info ci  (cost=0.00..614943.12 rows=36225612 width=4) (actual time=0.012..4457.971 rows=36244344 loops=1)
  ->  Hash  (cost=111184.76..111184.76 rows=55408 width=8) (actual time=1221.063..1221.063 rows=65087 loops=1)
        Buckets: 65536  Batches: 1  Memory Usage: 3055kB
        ->  Hash Join  (cost=78988.28..111184.76 rows=55408 width=8) (actual time=654.480..1197.671 rows=65087 loops=1)
              Hash Cond: (mi_idx.movie_id = t.id)
              ->  Seq Scan on movie_info_idx mi_idx  (cost=0.00..25185.44 rows=454124 width=4) (actual time=0.019..297.289 rows=459925 loops=1)
                    Filter: (info_type_id = 100)
                    Rows Removed by Filter: 920110
              ->  Hash  (cost=73925.90..73925.90 rows=308510 width=4) (actual time=653.660..653.660 rows=266599 loops=1)
                    Buckets: 131072  Batches: 8  Memory Usage: 2191kB
                    ->  Seq Scan on title t  (cost=0.00..73925.90 rows=308510 width=4) (actual time=0.016..589.501 rows=266599 loops=1)
                          Filter: ((kind_id < 7) AND (production_year > 2007))
                          Rows Removed by Filter: 2261713
Planning time: 1.208 ms
Execution time: 14616.172 ms
