Hash Join  (cost=92883.59..190814.13 rows=351570 width=0) (actual time=1691.513..2353.972 rows=66789 loops=1)
  Hash Cond: (mk.movie_id = t.id)
  ->  Seq Scan on movie_keyword mk  (cost=0.00..81003.12 rows=576944 width=4) (actual time=0.015..971.995 rows=578959 loops=1)
        Filter: (keyword_id < 411)
        Rows Removed by Filter: 3944971
  ->  Hash  (cost=67604.59..67604.59 rows=1540800 width=4) (actual time=939.769..939.769 rows=1543264 loops=1)
        Buckets: 131072  Batches: 32  Memory Usage: 2728kB
        ->  Seq Scan on title t  (cost=0.00..67604.59 rows=1540800 width=4) (actual time=21.188..596.889 rows=1543264 loops=1)
              Filter: (kind_id = 7)
              Rows Removed by Filter: 985048
Planning time: 0.545 ms
Execution time: 2360.417 ms
