Hash Join  (cost=920909.46..1419453.65 rows=1756126 width=0) (actual time=12679.406..22349.446 rows=3660036 loops=1)
  Hash Cond: (mi.movie_id = t.id)
  ->  Seq Scan on movie_info mi  (cost=0.00..309384.22 rows=14739122 width=4) (actual time=0.019..3305.157 rows=14835720 loops=1)
  ->  Hash  (cost=915966.63..915966.63 rows=301267 width=8) (actual time=12678.571..12678.571 rows=296981 loops=1)
        Buckets: 131072  Batches: 4  Memory Usage: 3930kB
        ->  Hash Join  (cost=102767.86..915966.63 rows=301267 width=8) (actual time=11914.266..12615.553 rows=296981 loops=1)
              Hash Cond: (ci.movie_id = t.id)
              ->  Seq Scan on cast_info ci  (cost=0.00..796071.18 rows=301267 width=4) (actual time=10821.122..10944.724 rows=296981 loops=1)
                    Filter: ((person_id > 479546) AND (role_id > 10))
                    Rows Removed by Filter: 35947363
              ->  Hash  (cost=61283.27..61283.27 rows=2528527 width=4) (actual time=1092.226..1092.226 rows=2528312 loops=1)
                    Buckets: 131072  Batches: 64  Memory Usage: 2415kB
                    ->  Seq Scan on title t  (cost=0.00..61283.27 rows=2528527 width=4) (actual time=0.025..526.499 rows=2528312 loops=1)
Planning time: 1.191 ms
Execution time: 22655.022 ms
