Hash Join  (cost=281443.92..914579.09 rows=12643234 width=0) (actual time=4517.670..15308.502 rows=15536745 loops=1)
  Hash Cond: (mi.movie_id = t.id)
  ->  Seq Scan on movie_info mi  (cost=0.00..309384.22 rows=14739122 width=4) (actual time=0.019..3382.943 rows=14835720 loops=1)
  ->  Hash  (cost=245858.76..245858.76 rows=2168973 width=8) (actual time=4516.700..4516.700 rows=1035550 loops=1)
        Buckets: 131072  Batches: 32  Memory Usage: 2291kB
        ->  Hash Join  (cost=98137.04..245858.76 rows=2168973 width=8) (actual time=1604.311..4216.610 rows=1035550 loops=1)
              Hash Cond: (mk.movie_id = t.id)
              ->  Seq Scan on movie_keyword mk  (cost=0.00..81003.12 rows=2946974 width=4) (actual time=0.031..994.266 rows=2931447 loops=1)
                    Filter: (keyword_id < 9698)
                    Rows Removed by Filter: 1592483
              ->  Hash  (cost=67604.59..67604.59 rows=1860996 width=4) (actual time=1602.461..1602.461 rows=1865487 loops=1)
                    Buckets: 131072  Batches: 32  Memory Usage: 3085kB
                    ->  Seq Scan on title t  (cost=0.00..67604.59 rows=1860996 width=4) (actual time=0.021..971.537 rows=1865487 loops=1)
                          Filter: (kind_id > 1)
                          Rows Removed by Filter: 662825
Planning time: 1.165 ms
Execution time: 16399.093 ms
