Hash Join  (cost=102767.86..187456.75 rows=972725 width=0) (actual time=1401.157..2901.459 rows=971746 loops=1)
  Hash Cond: (mc.movie_id = t.id)
  ->  Seq Scan on movie_companies mc  (cost=0.00..51404.11 rows=972725 width=4) (actual time=0.023..734.656 rows=971746 loops=1)
        Filter: (company_id < 4226)
        Rows Removed by Filter: 1637383
  ->  Hash  (cost=61283.27..61283.27 rows=2528527 width=4) (actual time=1400.047..1400.047 rows=2528312 loops=1)
        Buckets: 131072  Batches: 64  Memory Usage: 2415kB
        ->  Seq Scan on title t  (cost=0.00..61283.27 rows=2528527 width=4) (actual time=0.016..664.045 rows=2528312 loops=1)
Planning time: 0.700 ms
Execution time: 2965.862 ms
