Hash Join  (cost=349812.69..2087383.12 rows=55284722 width=0) (actual time=5725.835..57096.968 rows=189970560 loops=1)
  Hash Cond: (ci.movie_id = t.id)
  ->  Seq Scan on cast_info ci  (cost=0.00..614943.12 rows=36225612 width=4) (actual time=0.012..8038.016 rows=36244344 loops=1)
  ->  Hash  (cost=286503.17..286503.17 rows=3858842 width=8) (actual time=5723.959..5723.959 rows=3861182 loops=1)
        Buckets: 131072  Batches: 64  Memory Usage: 3406kB
        ->  Hash Join  (cost=102767.86..286503.17 rows=3858842 width=8) (actual time=1317.612..5029.520 rows=3861182 loops=1)
              Hash Cond: (mk.movie_id = t.id)
              ->  Seq Scan on movie_keyword mk  (cost=0.00..81003.12 rows=3858842 width=4) (actual time=0.024..1332.742 rows=3861182 loops=1)
                    Filter: (keyword_id > 517)
                    Rows Removed by Filter: 662748
              ->  Hash  (cost=61283.27..61283.27 rows=2528527 width=4) (actual time=1315.497..1315.497 rows=2528312 loops=1)
                    Buckets: 131072  Batches: 64  Memory Usage: 2425kB
                    ->  Seq Scan on title t  (cost=0.00..61283.27 rows=2528527 width=4) (actual time=0.026..626.492 rows=2528312 loops=1)
Planning time: 1.130 ms
Execution time: 71297.254 ms
