Hash Join  (cost=52284.99..79196.04 rows=57 width=0) (actual time=637.444..1017.606 rows=1456 loops=1)
  Hash Cond: (mi_idx.movie_id = t.id)
  ->  Seq Scan on movie_info_idx mi_idx  (cost=0.00..21735.35 rows=1380035 width=4) (actual time=0.015..176.743 rows=1380035 loops=1)
  ->  Hash  (cost=52283.69..52283.69 rows=104 width=8) (actual time=637.001..637.001 rows=746 loops=1)
        Buckets: 1024  Batches: 1  Memory Usage: 38kB
        ->  Nested Loop  (cost=0.43..52283.69 rows=104 width=8) (actual time=0.593..636.565 rows=746 loops=1)
              ->  Seq Scan on movie_companies mc  (cost=0.00..51404.11 rows=104 width=4) (actual time=0.547..621.127 rows=746 loops=1)
                    Filter: (company_id = 158)
                    Rows Removed by Filter: 2608383
              ->  Index Only Scan using title_pkey on title t  (cost=0.43..8.45 rows=1 width=4) (actual time=0.019..0.020 rows=1 loops=746)
                    Index Cond: (id = mc.movie_id)
                    Heap Fetches: 746
Planning time: 1.116 ms
Execution time: 1017.888 ms
