Hash Join  (cost=73953.78..128642.31 rows=2301 width=0) (actual time=3806.829..6879.692 rows=9689 loops=1)
  Hash Cond: (mc.movie_id = t.id)
  ->  Seq Scan on movie_companies mc  (cost=0.00..44881.29 rows=2609129 width=4) (actual time=0.017..2386.571 rows=2609129 loops=1)
  ->  Hash  (cost=73925.90..73925.90 rows=2230 width=4) (actual time=3806.641..3806.641 rows=4907 loops=1)
        Buckets: 8192 (originally 4096)  Batches: 1 (originally 1)  Memory Usage: 237kB
        ->  Seq Scan on title t  (cost=0.00..73925.90 rows=2230 width=4) (actual time=12.226..3803.772 rows=4907 loops=1)
              Filter: ((kind_id < 3) AND (production_year = 1969))
              Rows Removed by Filter: 2523405
Planning time: 2.639 ms
Execution time: 6881.690 ms
