Hash Join  (cost=84240.62..831483.81 rows=695163 width=0) (actual time=5522.290..9784.280 rows=751980 loops=1)
  Hash Cond: (ci.movie_id = t.id)
  ->  Seq Scan on cast_info ci  (cost=0.00..705507.15 rows=2795844 width=4) (actual time=4457.053..7586.184 rows=2842277 loops=1)
        Filter: (person_id > 3525207)
        Rows Removed by Filter: 33402067
  ->  Hash  (cost=73925.90..73925.90 rows=628697 width=4) (actual time=1064.144..1064.144 rows=532584 loops=1)
        Buckets: 131072  Batches: 16  Memory Usage: 2188kB
        ->  Seq Scan on title t  (cost=0.00..73925.90 rows=628697 width=4) (actual time=0.022..895.692 rows=532584 loops=1)
              Filter: ((kind_id < 7) AND (production_year > 1995))
              Rows Removed by Filter: 1995728
Planning time: 0.760 ms
Execution time: 9842.593 ms
