Hash Join  (cost=798388.90..825300.89 rows=151 width=0) (actual time=9424.993..9782.614 rows=768 loops=1)
  Hash Cond: (mi_idx.movie_id = t.id)
  ->  Seq Scan on movie_info_idx mi_idx  (cost=0.00..21735.35 rows=1380035 width=4) (actual time=0.014..171.475 rows=1380035 loops=1)
  ->  Hash  (cost=798385.45..798385.45 rows=276 width=8) (actual time=9406.608..9406.608 rows=389 loops=1)
        Buckets: 1024  Batches: 1  Memory Usage: 24kB
        ->  Nested Loop  (cost=0.43..798385.45 rows=276 width=8) (actual time=2193.771..9406.498 rows=389 loops=1)
              ->  Seq Scan on cast_info ci  (cost=0.00..796071.18 rows=276 width=4) (actual time=2193.619..9402.349 rows=389 loops=1)
                    Filter: ((role_id < 3) AND (person_id = 1010929))
                    Rows Removed by Filter: 36243955
              ->  Index Only Scan using title_pkey on title t  (cost=0.43..8.38 rows=1 width=4) (actual time=0.010..0.010 rows=1 loops=389)
                    Index Cond: (id = ci.movie_id)
                    Heap Fetches: 389
Planning time: 1.175 ms
Execution time: 9782.777 ms
