Hash Join  (cost=100862.36..465548.72 rows=3041 width=0) (actual time=4625.275..25060.356 rows=4019 loops=1)
  Hash Cond: (mi.movie_id = t.id)
  ->  Seq Scan on movie_info mi  (cost=0.00..309384.22 rows=14739122 width=4) (actual time=0.019..16327.705 rows=14835720 loops=1)
  ->  Hash  (cost=100855.84..100855.84 rows=522 width=8) (actual time=4622.884..4622.884 rows=244 loops=1)
        Buckets: 1024  Batches: 1  Memory Usage: 18kB
        ->  Hash Join  (cost=73962.22..100855.84 rows=522 width=8) (actual time=3045.402..4622.693 rows=244 loops=1)
              Hash Cond: (mi_idx.movie_id = t.id)
              ->  Seq Scan on movie_info_idx mi_idx  (cost=0.00..25185.44 rows=454124 width=4) (actual time=0.024..1463.983 rows=459925 loops=1)
                    Filter: (info_type_id = 100)
                    Rows Removed by Filter: 920110
              ->  Hash  (cost=73925.90..73925.90 rows=2905 width=4) (actual time=3042.970..3042.970 rows=4012 loops=1)
                    Buckets: 4096  Batches: 1  Memory Usage: 174kB
                    ->  Seq Scan on title t  (cost=0.00..73925.90 rows=2905 width=4) (actual time=390.709..3040.912 rows=4012 loops=1)
                          Filter: ((kind_id < 7) AND (production_year = 1920))
                          Rows Removed by Filter: 2524300
Planning time: 1.231 ms
Execution time: 25061.700 ms
