Hash Join  (cost=365418.15..1334787.66 rows=8081377 width=0) (actual time=9938.897..27587.631 rows=58011706 loops=1)
  Hash Cond: (ci.movie_id = t.id)
  ->  Seq Scan on cast_info ci  (cost=0.00..796071.18 rows=4516865 width=4) (actual time=3933.922..9027.281 rows=9274000 loops=1)
        Filter: ((person_id < 1265641) AND (role_id < 2))
        Rows Removed by Filter: 26970344
  ->  Hash  (cost=291197.02..291197.02 rows=4523930 width=8) (actual time=6003.335..6003.335 rows=4523930 loops=1)
        Buckets: 131072  Batches: 64  Memory Usage: 3816kB
        ->  Hash Join  (cost=102767.86..291197.02 rows=4523930 width=8) (actual time=1453.958..5120.606 rows=4523930 loops=1)
              Hash Cond: (mk.movie_id = t.id)
              ->  Seq Scan on movie_keyword mk  (cost=0.00..69693.30 rows=4523930 width=4) (actual time=0.035..932.319 rows=4523930 loops=1)
              ->  Hash  (cost=61283.27..61283.27 rows=2528527 width=4) (actual time=1452.438..1452.438 rows=2528312 loops=1)
                    Buckets: 131072  Batches: 64  Memory Usage: 2425kB
                    ->  Seq Scan on title t  (cost=0.00..61283.27 rows=2528527 width=4) (actual time=0.018..682.270 rows=2528312 loops=1)
Planning time: 1.126 ms
Execution time: 31910.589 ms
