Hash Join  (cost=102767.86..207575.93 rows=578766 width=0) (actual time=1388.231..2804.124 rows=576253 loops=1)
  Hash Cond: (mk.movie_id = t.id)
  ->  Seq Scan on movie_keyword mk  (cost=0.00..81003.12 rows=578766 width=4) (actual time=0.027..897.593 rows=576253 loops=1)
        Filter: (keyword_id > 31837)
        Rows Removed by Filter: 3947677
  ->  Hash  (cost=61283.27..61283.27 rows=2528527 width=4) (actual time=1387.329..1387.329 rows=2528312 loops=1)
        Buckets: 131072  Batches: 64  Memory Usage: 2425kB
        ->  Seq Scan on title t  (cost=0.00..61283.27 rows=2528527 width=4) (actual time=0.021..534.928 rows=2528312 loops=1)
Planning time: 0.743 ms
Execution time: 2846.425 ms
