Seq Scan on cast_info ci  (cost=0.00..796071.18 rows=982429 width=0) (actual time=1879.767..8089.612 rows=1225786 loops=1)
  Filter: ((person_id < 169682) AND (role_id < 3))
  Rows Removed by Filter: 35018558
Planning time: 0.340 ms
Execution time: 8226.514 ms
