Seq Scan on cast_info ci  (cost=0.00..705507.15 rows=500 width=0) (actual time=1930.376..7995.209 rows=368 loops=1)
  Filter: (person_id = 3051508)
  Rows Removed by Filter: 36243976
Planning time: 0.366 ms
Execution time: 7995.337 ms
