Hash Join  (cost=709678.15..796345.14 rows=895 width=0) (actual time=6721.364..7833.742 rows=96 loops=1)
  Hash Cond: (mk.movie_id = t.id)
  ->  Seq Scan on movie_keyword mk  (cost=0.00..69693.30 rows=4523930 width=4) (actual time=0.016..561.261 rows=4523930 loops=1)
  ->  Hash  (cost=709671.90..709671.90 rows=500 width=8) (actual time=6661.043..6661.043 rows=44 loops=1)
        Buckets: 1024  Batches: 1  Memory Usage: 10kB
        ->  Nested Loop  (cost=0.43..709671.90 rows=500 width=8) (actual time=2582.156..6660.965 rows=44 loops=1)
              ->  Seq Scan on cast_info ci  (cost=0.00..705507.15 rows=500 width=4) (actual time=2581.966..6659.964 rows=44 loops=1)
                    Filter: (person_id = 654907)
                    Rows Removed by Filter: 36244300
              ->  Index Only Scan using title_pkey on title t  (cost=0.43..8.32 rows=1 width=4) (actual time=0.019..0.019 rows=1 loops=44)
                    Index Cond: (id = ci.movie_id)
                    Heap Fetches: 44
Planning time: 0.779 ms
Execution time: 7833.852 ms
