Nested Loop  (cost=0.43..83071.67 rows=246 width=0) (actual time=68.952..909.272 rows=48 loops=1)
  ->  Seq Scan on movie_keyword mk  (cost=0.00..81003.12 rows=246 width=4) (actual time=68.870..907.692 rows=48 loops=1)
        Filter: (keyword_id = 4568)
        Rows Removed by Filter: 4523882
  ->  Index Only Scan using title_pkey on title t  (cost=0.43..8.40 rows=1 width=4) (actual time=0.030..0.030 rows=1 loops=48)
        Index Cond: (id = mk.movie_id)
        Heap Fetches: 48
Planning time: 0.549 ms
Execution time: 909.345 ms
