Hash Join  (cost=128823.73..861893.02 rows=19370 width=0) (actual time=5240.078..11031.970 rows=42693 loops=1)
  Hash Cond: (ci.movie_id = t.id)
  ->  Seq Scan on cast_info ci  (cost=0.00..705507.15 rows=7298253 width=4) (actual time=3840.210..8571.603 rows=7451973 loops=1)
        Filter: (role_id = 2)
        Rows Removed by Filter: 28792371
  ->  Hash  (cost=128739.84..128739.84 rows=6711 width=8) (actual time=1398.358..1398.358 rows=8099 loops=1)
        Buckets: 8192  Batches: 1  Memory Usage: 381kB
        ->  Hash Join  (cost=74007.21..128739.84 rows=6711 width=8) (actual time=731.152..1395.713 rows=8099 loops=1)
              Hash Cond: (mc.movie_id = t.id)
              ->  Seq Scan on movie_companies mc  (cost=0.00..44881.29 rows=2609129 width=4) (actual time=0.005..360.672 rows=2609129 loops=1)
              ->  Hash  (cost=73925.90..73925.90 rows=6504 width=4) (actual time=621.521..621.521 rows=3580 loops=1)
                    Buckets: 8192  Batches: 1  Memory Usage: 190kB
                    ->  Seq Scan on title t  (cost=0.00..73925.90 rows=6504 width=4) (actual time=186.614..619.807 rows=3580 loops=1)
                          Filter: ((kind_id = 3) AND (production_year = 2011))
                          Rows Removed by Filter: 2524732
Planning time: 1.174 ms
Execution time: 11037.993 ms
