Hash Join  (cost=92883.59..1054512.04 rows=5142051 width=0) (actual time=4176.112..11320.172 rows=2228527 loops=1)
  Hash Cond: (ci.movie_id = t.id)
  ->  Seq Scan on cast_info ci  (cost=0.00..796071.18 rows=8438353 width=4) (actual time=3046.704..8406.831 rows=3927138 loops=1)
        Filter: ((person_id > 1192549) AND (role_id = 1))
        Rows Removed by Filter: 32317206
  ->  Hash  (cost=67604.59..67604.59 rows=1540800 width=4) (actual time=1128.019..1128.019 rows=1543264 loops=1)
        Buckets: 131072  Batches: 32  Memory Usage: 2722kB
        ->  Seq Scan on title t  (cost=0.00..67604.59 rows=1540800 width=4) (actual time=0.033..750.015 rows=1543264 loops=1)
              Filter: (kind_id = 7)
              Rows Removed by Filter: 985048
Planning time: 0.751 ms
Execution time: 11472.741 ms
