Seq Scan on movie_companies mc  (cost=0.00..51404.11 rows=656898 width=0) (actual time=0.025..487.662 rows=661882 loops=1)
  Filter: (company_id > 52168)
  Rows Removed by Filter: 1947247
Planning time: 0.289 ms
Execution time: 547.935 ms
