Seq Scan on cast_info ci  (cost=0.00..796071.18 rows=324 width=0) (actual time=3838.792..7178.235 rows=36 loops=1)
  Filter: ((role_id > 1) AND (person_id = 3374691))
  Rows Removed by Filter: 36244308
Planning time: 0.364 ms
Execution time: 7178.309 ms
