Hash Join  (cost=100999.21..852038.81 rows=25048 width=0) (actual time=4569.927..52528.075 rows=94972 loops=1)
  Hash Cond: (ci.movie_id = t.id)
  ->  Seq Scan on cast_info ci  (cost=0.00..614943.12 rows=36225612 width=4) (actual time=0.017..36372.283 rows=36244344 loops=1)
  ->  Hash  (cost=100977.36..100977.36 rows=1748 width=8) (actual time=4569.638..4569.638 rows=2750 loops=1)
        Buckets: 4096 (originally 2048)  Batches: 1 (originally 1)  Memory Usage: 140kB
        ->  Hash Join  (cost=74045.78..100977.36 rows=1748 width=8) (actual time=3130.515..4568.194 rows=2750 loops=1)
              Hash Cond: (mi_idx.movie_id = t.id)
              ->  Seq Scan on movie_info_idx mi_idx  (cost=0.00..25185.44 rows=460978 width=4) (actual time=0.023..1328.543 rows=459925 loops=1)
                    Filter: (info_type_id < 100)
                    Rows Removed by Filter: 920110
              ->  Hash  (cost=73925.90..73925.90 rows=9590 width=4) (actual time=3128.668..3128.668 rows=5862 loops=1)
                    Buckets: 16384  Batches: 1  Memory Usage: 335kB
                    ->  Seq Scan on title t  (cost=0.00..73925.90 rows=9590 width=4) (actual time=954.446..3125.803 rows=5862 loops=1)
                          Filter: ((kind_id = 1) AND (production_year = 1996))
                          Rows Removed by Filter: 2522450
Planning time: 2.149 ms
Execution time: 52559.388 ms
