Hash Join  (cost=102767.86..226730.54 rows=2604835 width=0) (actual time=1026.030..3147.837 rows=2605250 loops=1)
  Hash Cond: (mc.movie_id = t.id)
  ->  Seq Scan on movie_companies mc  (cost=0.00..51404.11 rows=2604835 width=4) (actual time=0.015..568.728 rows=2605250 loops=1)
        Filter: (company_id < 231228)
        Rows Removed by Filter: 3879
  ->  Hash  (cost=61283.27..61283.27 rows=2528527 width=4) (actual time=1024.628..1024.628 rows=2528312 loops=1)
        Buckets: 131072  Batches: 64  Memory Usage: 2415kB
        ->  Seq Scan on title t  (cost=0.00..61283.27 rows=2528527 width=4) (actual time=0.011..494.171 rows=2528312 loops=1)
Planning time: 0.693 ms
Execution time: 3348.033 ms
