Hash Join  (cost=600279.89..1615426.89 rows=8536084 width=0) (actual time=11759.442..22000.594 rows=13492078 loops=1)
  Hash Cond: (ci.movie_id = t.id)
  ->  Seq Scan on cast_info ci  (cost=0.00..705507.15 rows=12203201 width=4) (actual time=2808.902..7165.653 rows=12113646 loops=1)
        Filter: (role_id > 3)
        Rows Removed by Filter: 24130698
  ->  Hash  (cost=571262.23..571262.23 rows=1768693 width=8) (actual time=8948.591..8948.591 rows=2997185 loops=1)
        Buckets: 131072 (originally 131072)  Batches: 64 (originally 32)  Memory Usage: 3073kB
        ->  Hash Join  (cost=72583.38..571262.23 rows=1768693 width=8) (actual time=528.231..8387.852 rows=2997185 loops=1)
              Hash Cond: (mi.movie_id = t.id)
              ->  Seq Scan on movie_info mi  (cost=0.00..309384.22 rows=14739122 width=4) (actual time=0.025..2858.862 rows=14835720 loops=1)
              ->  Hash  (cost=67604.59..67604.59 rows=303423 width=4) (actual time=527.565..527.565 rows=296471 loops=1)
                    Buckets: 131072  Batches: 4  Memory Usage: 3632kB
                    ->  Seq Scan on title t  (cost=0.00..67604.59 rows=303423 width=4) (actual time=0.014..461.138 rows=296471 loops=1)
                          Filter: (production_year < 1965)
                          Rows Removed by Filter: 2231841
Planning time: 1.227 ms
Execution time: 22858.938 ms
