Hash Join  (cost=181050.90..676957.89 rows=1508906 width=0) (actual time=2129.423..10875.309 rows=8117072 loops=1)
  Hash Cond: (mi.movie_id = t.id)
  ->  Seq Scan on movie_info mi  (cost=0.00..309384.22 rows=14739122 width=4) (actual time=0.016..2855.532 rows=14835720 loops=1)
  ->  Hash  (cost=176803.20..176803.20 rows=258856 width=8) (actual time=2128.657..2128.657 rows=512227 loops=1)
        Buckets: 131072 (originally 131072)  Batches: 8 (originally 4)  Memory Usage: 3546kB
        ->  Hash Join  (cost=102767.86..176803.20 rows=258856 width=8) (actual time=1049.728..2031.547 rows=512227 loops=1)
              Hash Cond: (mc.movie_id = t.id)
              ->  Seq Scan on movie_companies mc  (cost=0.00..57926.93 rows=258856 width=4) (actual time=0.018..503.179 rows=512227 loops=1)
                    Filter: ((company_id > 73691) AND (company_type_id = 2))
                    Rows Removed by Filter: 2096902
              ->  Hash  (cost=61283.27..61283.27 rows=2528527 width=4) (actual time=1047.785..1047.785 rows=2528312 loops=1)
                    Buckets: 131072  Batches: 64  Memory Usage: 2415kB
                    ->  Seq Scan on title t  (cost=0.00..61283.27 rows=2528527 width=4) (actual time=0.021..507.461 rows=2528312 loops=1)
Planning time: 1.110 ms
Execution time: 11437.734 ms
