Seq Scan on movie_info mi  (cost=0.00..346232.03 rows=12545135 width=75) (actual time=0.024..5361.538 rows=12601870 loops=1)
  Filter: (info_type_id < 17)
  Rows Removed by Filter: 2233850
Planning time: 0.616 ms
Execution time: 6086.317 ms
