Hash Join  (cost=333182.62..1964988.90 rows=49397009 width=0) (actual time=15632.926..146051.071 rows=169558013 loops=1)
  Hash Cond: (ci.movie_id = t.id)
  ->  Seq Scan on cast_info ci  (cost=0.00..614943.12 rows=36225612 width=4) (actual time=0.020..47111.176 rows=36244344 loops=1)
  ->  Hash  (cost=276615.08..276615.08 rows=3447883 width=8) (actual time=15631.236..15631.236 rows=3438630 loops=1)
        Buckets: 131072  Batches: 64  Memory Usage: 3145kB
        ->  Hash Join  (cost=102767.86..276615.08 rows=3447883 width=8) (actual time=5739.060..14452.978 rows=3438630 loops=1)
              Hash Cond: (mk.movie_id = t.id)
              ->  Seq Scan on movie_keyword mk  (cost=0.00..81003.12 rows=3447883 width=4) (actual time=0.017..4812.111 rows=3438630 loops=1)
                    Filter: (keyword_id > 1098)
                    Rows Removed by Filter: 1085300
              ->  Hash  (cost=61283.27..61283.27 rows=2528527 width=4) (actual time=5737.010..5737.010 rows=2528312 loops=1)
                    Buckets: 131072  Batches: 64  Memory Usage: 2425kB
                    ->  Seq Scan on title t  (cost=0.00..61283.27 rows=2528527 width=4) (actual time=0.022..4488.889 rows=2528312 loops=1)
Planning time: 1.011 ms
Execution time: 170423.887 ms
