Seq Scan on movie_keyword mk  (cost=0.00..81003.12 rows=246 width=0) (actual time=0.293..533.313 rows=721 loops=1)
  Filter: (keyword_id = 1529)
  Rows Removed by Filter: 4523209
Planning time: 0.213 ms
Execution time: 533.555 ms
