Nested Loop  (cost=0.43..797556.14 rows=107 width=0) (actual time=257.969..6060.344 rows=1 loops=1)
  ->  Seq Scan on cast_info ci  (cost=0.00..796071.18 rows=176 width=4) (actual time=257.905..6060.269 rows=1 loops=1)
        Filter: ((person_id = 929356) AND (role_id = 1))
        Rows Removed by Filter: 36244343
  ->  Index Scan using title_pkey on title t  (cost=0.43..8.43 rows=1 width=4) (actual time=0.055..0.056 rows=1 loops=1)
        Index Cond: (id = ci.movie_id)
        Filter: (kind_id = 7)
Planning time: 0.585 ms
Execution time: 6060.459 ms
