Hash Join  (cost=81417.85..938982.94 rows=2030042 width=0) (actual time=770.313..10817.390 rows=1783151 loops=1)
  Hash Cond: (ci.movie_id = t.id)
  ->  Seq Scan on cast_info ci  (cost=0.00..705507.15 rows=11240936 width=4) (actual time=222.856..6957.233 rows=11163596 loops=1)
        Filter: (person_id < 1095557)
        Rows Removed by Filter: 25080748
  ->  Hash  (cost=73925.90..73925.90 rows=456636 width=4) (actual time=546.558..546.558 rows=330279 loops=1)
        Buckets: 131072  Batches: 8  Memory Usage: 2482kB
        ->  Seq Scan on title t  (cost=0.00..73925.90 rows=456636 width=4) (actual time=125.165..490.372 rows=330279 loops=1)
              Filter: ((kind_id < 2) AND (production_year > 1991))
              Rows Removed by Filter: 2198033
Planning time: 0.578 ms
Execution time: 10951.463 ms
