Nested Loop  (cost=0.43..709671.90 rows=500 width=0) (actual time=1742.245..5279.717 rows=228 loops=1)
  ->  Seq Scan on cast_info ci  (cost=0.00..705507.15 rows=500 width=4) (actual time=1742.095..5277.190 rows=228 loops=1)
        Filter: (person_id = 1286460)
        Rows Removed by Filter: 36244116
  ->  Index Only Scan using title_pkey on title t  (cost=0.43..8.32 rows=1 width=4) (actual time=0.010..0.010 rows=1 loops=228)
        Index Cond: (id = ci.movie_id)
        Heap Fetches: 228
Planning time: 0.506 ms
Execution time: 5279.801 ms
