Seq Scan on cast_info ci  (cost=0.00..705507.15 rows=27626100 width=0) (actual time=0.021..6327.534 rows=27645121 loops=1)
  Filter: (person_id < 2828414)
  Rows Removed by Filter: 8599223
Planning time: 0.294 ms
Execution time: 8479.528 ms
