Hash Join  (cost=83827.88..448498.84 rows=1504 width=0) (actual time=477.249..4019.766 rows=56298 loops=1)
  Hash Cond: (mi.movie_id = t.id)
  ->  Seq Scan on movie_info mi  (cost=0.00..309384.22 rows=14739122 width=4) (actual time=0.012..1734.639 rows=14835720 loops=1)
  ->  Hash  (cost=83824.65..83824.65 rows=258 width=8) (actual time=477.070..477.070 rows=4823 loops=1)
        Buckets: 8192 (originally 1024)  Batches: 1 (originally 1)  Memory Usage: 253kB
        ->  Nested Loop  (cost=0.43..83824.65 rows=258 width=8) (actual time=2.757..475.388 rows=4823 loops=1)
              ->  Seq Scan on movie_companies mc  (cost=0.00..51404.11 rows=4349 width=4) (actual time=2.722..432.509 rows=4831 loops=1)
                    Filter: (company_id = 11149)
                    Rows Removed by Filter: 2604298
              ->  Index Scan using title_pkey on title t  (cost=0.43..7.44 rows=1 width=4) (actual time=0.008..0.008 rows=1 loops=4831)
                    Index Cond: (id = mc.movie_id)
                    Filter: (production_year < 1946)
                    Rows Removed by Filter: 0
Planning time: 1.143 ms
Execution time: 4025.920 ms
