Hash Join  (cost=151311.16..903376.55 rows=127623 width=0) (actual time=1088.247..8425.574 rows=18160 loops=1)
  Hash Cond: (ci.movie_id = t.id)
  ->  Seq Scan on cast_info ci  (cost=0.00..614943.12 rows=36225612 width=4) (actual time=0.019..3403.791 rows=36244344 loops=1)
  ->  Hash  (cost=151199.81..151199.81 rows=8908 width=8) (actual time=1086.873..1086.873 rows=864 loops=1)
        Buckets: 16384  Batches: 1  Memory Usage: 162kB
        ->  Hash Join  (cost=89253.38..151199.81 rows=8908 width=8) (actual time=712.637..1086.513 rows=864 loops=1)
              Hash Cond: (mc.movie_id = t.id)
              ->  Seq Scan on movie_companies mc  (cost=0.00..57926.93 rows=24110 width=4) (actual time=0.239..302.414 rows=5188 loops=1)
                    Filter: ((company_id = 19) AND (company_type_id = 2))
                    Rows Removed by Filter: 2603941
              ->  Hash  (cost=73925.90..73925.90 rows=934198 width=4) (actual time=709.648..709.648 rows=950693 loops=1)
                    Buckets: 131072  Batches: 16  Memory Usage: 3114kB
                    ->  Seq Scan on title t  (cost=0.00..73925.90 rows=934198 width=4) (actual time=0.019..546.228 rows=950693 loops=1)
                          Filter: ((kind_id < 7) AND (production_year < 2013))
                          Rows Removed by Filter: 1577619
Planning time: 1.132 ms
Execution time: 8429.046 ms
