Hash Join  (cost=456125.87..1284956.55 rows=382578 width=0) (actual time=3583.788..10338.084 rows=783350 loops=1)
  Hash Cond: (ci.movie_id = t.id)
  ->  Seq Scan on cast_info ci  (cost=0.00..796071.18 rows=2363926 width=4) (actual time=0.480..6147.752 rows=1098900 loops=1)
        Filter: ((person_id < 1060716) AND (role_id > 6))
        Rows Removed by Filter: 35145444
  ->  Hash  (cost=449411.66..449411.66 rows=409217 width=8) (actual time=3582.645..3582.645 rows=1109857 loops=1)
        Buckets: 131072 (originally 131072)  Batches: 16 (originally 8)  Memory Usage: 3731kB
        ->  Hash Join  (cost=78556.72..449411.66 rows=409217 width=8) (actual time=2376.788..3393.022 rows=1109857 loops=1)
              Hash Cond: (mi.movie_id = t.id)
              ->  Seq Scan on movie_info mi  (cost=0.00..346232.03 rows=1550064 width=4) (actual time=1787.525..2187.206 rows=1533909 loops=1)
                    Filter: (info_type_id = 3)
                    Rows Removed by Filter: 13301811
              ->  Hash  (cost=67604.59..67604.59 rows=667531 width=4) (actual time=545.468..545.468 rows=662825 loops=1)
                    Buckets: 131072  Batches: 16  Memory Usage: 2485kB
                    ->  Seq Scan on title t  (cost=0.00..67604.59 rows=667531 width=4) (actual time=50.192..431.862 rows=662825 loops=1)
                          Filter: (kind_id = 1)
                          Rows Removed by Filter: 1865487
Planning time: 0.763 ms
Execution time: 10397.752 ms
