Seq Scan on movie_companies mc  (cost=0.00..51404.11 rows=104 width=0) (actual time=44.084..387.574 rows=140 loops=1)
  Filter: (company_id = 3900)
  Rows Removed by Filter: 2608989
Planning time: 0.225 ms
Execution time: 387.670 ms
