Hash Join  (cost=52284.44..138942.80 rows=32 width=0) (actual time=417.874..1095.686 rows=176 loops=1)
  Hash Cond: (mk.movie_id = t.id)
  ->  Seq Scan on movie_keyword mk  (cost=0.00..69693.30 rows=4523930 width=4) (actual time=0.015..387.582 rows=4523930 loops=1)
  ->  Hash  (cost=52284.21..52284.21 rows=18 width=8) (actual time=306.026..306.026 rows=3 loops=1)
        Buckets: 1024  Batches: 1  Memory Usage: 9kB
        ->  Nested Loop  (cost=0.43..52284.21 rows=18 width=8) (actual time=196.224..306.016 rows=3 loops=1)
              ->  Seq Scan on movie_companies mc  (cost=0.00..51404.11 rows=104 width=4) (actual time=196.175..305.884 rows=3 loops=1)
                    Filter: (company_id = 138005)
                    Rows Removed by Filter: 2609126
              ->  Index Scan using title_pkey on title t  (cost=0.43..8.45 rows=1 width=4) (actual time=0.038..0.039 rows=1 loops=3)
                    Index Cond: (id = mc.movie_id)
                    Filter: ((kind_id < 7) AND (production_year > 2004))
Planning time: 0.720 ms
Execution time: 1095.818 ms
