Hash Join  (cost=184618.83..565959.34 rows=671168 width=0) (actual time=2165.163..4909.196 rows=547371 loops=1)
  Hash Cond: (mi.movie_id = t.id)
  ->  Seq Scan on movie_info mi  (cost=0.00..346232.03 rows=2194617 width=4) (actual time=327.941..2358.087 rows=2233850 loops=1)
        Filter: (info_type_id > 16)
        Rows Removed by Filter: 12601870
  ->  Hash  (cost=171931.75..171931.75 rows=773286 width=8) (actual time=1822.964..1822.964 rows=436473 loops=1)
        Buckets: 131072  Batches: 16  Memory Usage: 2090kB
        ->  Hash Join  (cost=86221.37..171931.75 rows=773286 width=8) (actual time=670.339..1747.698 rows=436473 loops=1)
              Hash Cond: (mc.movie_id = t.id)
              ->  Seq Scan on movie_companies mc  (cost=0.00..44881.29 rows=2609129 width=4) (actual time=0.020..359.292 rows=2609129 loops=1)
              ->  Hash  (cost=73925.90..73925.90 rows=749397 width=4) (actual time=669.332..669.332 rows=638661 loops=1)
                    Buckets: 131072  Batches: 16  Memory Usage: 2427kB
                    ->  Seq Scan on title t  (cost=0.00..73925.90 rows=749397 width=4) (actual time=0.022..559.798 rows=638661 loops=1)
                          Filter: ((kind_id > 3) AND (production_year < 2002))
                          Rows Removed by Filter: 1889651
Planning time: 0.726 ms
Execution time: 4945.078 ms
