Hash Join  (cost=83074.74..435121.02 rows=151 width=0) (actual time=1233.770..2752.519 rows=170 loops=1)
  Hash Cond: (mi.movie_id = t.id)
  ->  Seq Scan on movie_info mi  (cost=0.00..346232.03 rows=1550064 width=4) (actual time=709.009..2146.688 rows=1533909 loops=1)
        Filter: (info_type_id = 3)
        Rows Removed by Filter: 13301811
  ->  Hash  (cost=83071.67..83071.67 rows=246 width=8) (actual time=492.760..492.760 rows=93 loops=1)
        Buckets: 1024  Batches: 1  Memory Usage: 12kB
        ->  Nested Loop  (cost=0.43..83071.67 rows=246 width=8) (actual time=18.464..492.655 rows=93 loops=1)
              ->  Seq Scan on movie_keyword mk  (cost=0.00..81003.12 rows=246 width=4) (actual time=18.397..490.340 rows=93 loops=1)
                    Filter: (keyword_id = 4040)
                    Rows Removed by Filter: 4523837
              ->  Index Only Scan using title_pkey on title t  (cost=0.43..8.40 rows=1 width=4) (actual time=0.022..0.023 rows=1 loops=93)
                    Index Cond: (id = mk.movie_id)
                    Heap Fetches: 93
Planning time: 1.131 ms
Execution time: 2752.625 ms
