Seq Scan on cast_info ci  (cost=0.00..796071.18 rows=6098286 width=0) (actual time=0.030..5360.389 rows=3768222 loops=1)
  Filter: ((person_id < 1339090) AND (role_id > 2))
  Rows Removed by Filter: 32476122
Planning time: 0.323 ms
Execution time: 5610.228 ms
