Hash Join  (cost=83073.60..137740.20 rows=108 width=0) (actual time=554.223..990.573 rows=933 loops=1)
  Hash Cond: (mc.movie_id = t.id)
  ->  Seq Scan on movie_companies mc  (cost=0.00..44881.29 rows=2609129 width=4) (actual time=0.029..228.053 rows=2609129 loops=1)
  ->  Hash  (cost=83072.29..83072.29 rows=105 width=8) (actual time=541.089..541.089 rows=129 loops=1)
        Buckets: 1024  Batches: 1  Memory Usage: 14kB
        ->  Nested Loop  (cost=0.43..83072.29 rows=105 width=8) (actual time=5.167..540.983 rows=129 loops=1)
              ->  Seq Scan on movie_keyword mk  (cost=0.00..81003.12 rows=246 width=4) (actual time=5.116..537.057 rows=210 loops=1)
                    Filter: (keyword_id = 7979)
                    Rows Removed by Filter: 4523720
              ->  Index Scan using title_pkey on title t  (cost=0.43..8.40 rows=1 width=4) (actual time=0.018..0.018 rows=1 loops=210)
                    Index Cond: (id = mk.movie_id)
                    Filter: (production_year < 2001)
                    Rows Removed by Filter: 0
Planning time: 0.980 ms
Execution time: 990.773 ms
