Hash Join  (cost=83074.74..109986.57 rows=134 width=0) (actual time=531.564..713.096 rows=21 loops=1)
  Hash Cond: (mi_idx.movie_id = t.id)
  ->  Seq Scan on movie_info_idx mi_idx  (cost=0.00..21735.35 rows=1380035 width=4) (actual time=0.015..111.402 rows=1380035 loops=1)
  ->  Hash  (cost=83071.67..83071.67 rows=246 width=8) (actual time=481.000..481.000 rows=11 loops=1)
        Buckets: 1024  Batches: 1  Memory Usage: 9kB
        ->  Nested Loop  (cost=0.43..83071.67 rows=246 width=8) (actual time=98.746..480.982 rows=11 loops=1)
              ->  Seq Scan on movie_keyword mk  (cost=0.00..81003.12 rows=246 width=4) (actual time=98.668..480.527 rows=11 loops=1)
                    Filter: (keyword_id = 20814)
                    Rows Removed by Filter: 4523919
              ->  Index Only Scan using title_pkey on title t  (cost=0.43..8.40 rows=1 width=4) (actual time=0.035..0.036 rows=1 loops=11)
                    Index Cond: (id = mk.movie_id)
                    Heap Fetches: 11
Planning time: 0.716 ms
Execution time: 713.159 ms
