Seq Scan on movie_keyword mk  (cost=0.00..81003.12 rows=1931823 width=0) (actual time=0.026..743.145 rows=1947290 loops=1)
  Filter: (keyword_id < 3366)
  Rows Removed by Filter: 2576640
Planning time: 0.255 ms
Execution time: 905.570 ms
