Seq Scan on cast_info ci  (cost=0.00..796071.18 rows=224 width=0) (actual time=1636.080..5501.295 rows=2054 loops=1)
  Filter: ((role_id > 2) AND (person_id = 232890))
  Rows Removed by Filter: 36242290
Planning time: 0.247 ms
Execution time: 5501.495 ms
