Hash Join  (cost=102767.86..242476.80 rows=2029158 width=0) (actual time=817.079..2777.698 rows=2035488 loops=1)
  Hash Cond: (mk.movie_id = t.id)
  ->  Seq Scan on movie_keyword mk  (cost=0.00..81003.12 rows=2029158 width=4) (actual time=0.015..825.259 rows=2035488 loops=1)
        Filter: (keyword_id > 6054)
        Rows Removed by Filter: 2488442
  ->  Hash  (cost=61283.27..61283.27 rows=2528527 width=4) (actual time=815.594..815.594 rows=2528312 loops=1)
        Buckets: 131072  Batches: 64  Memory Usage: 2425kB
        ->  Seq Scan on title t  (cost=0.00..61283.27 rows=2528527 width=4) (actual time=0.020..394.848 rows=2528312 loops=1)
Planning time: 0.657 ms
Execution time: 2918.889 ms
