Hash Join  (cost=112436.21..236455.39 rows=154162 width=0) (actual time=1048.765..3013.206 rows=1030580 loops=1)
  Hash Cond: (mk.movie_id = t.id)
  ->  Seq Scan on movie_keyword mk  (cost=0.00..81003.12 rows=3549717 width=4) (actual time=0.024..1015.696 rows=3543931 loops=1)
        Filter: (keyword_id > 917)
        Rows Removed by Filter: 979999
  ->  Hash  (cost=110634.56..110634.56 rows=109812 width=8) (actual time=1047.461..1047.461 rows=113386 loops=1)
        Buckets: 131072  Batches: 2  Memory Usage: 3243kB
        ->  Hash Join  (cost=72583.38..110634.56 rows=109812 width=8) (actual time=467.124..1021.949 rows=113386 loops=1)
              Hash Cond: (mi_idx.movie_id = t.id)
              ->  Seq Scan on movie_info_idx mi_idx  (cost=0.00..25185.44 rows=915101 width=4) (actual time=0.011..254.639 rows=919850 loops=1)
                    Filter: (info_type_id < 101)
                    Rows Removed by Filter: 460185
              ->  Hash  (cost=67604.59..67604.59 rows=303423 width=4) (actual time=466.443..466.443 rows=296471 loops=1)
                    Buckets: 131072  Batches: 4  Memory Usage: 3625kB
                    ->  Seq Scan on title t  (cost=0.00..67604.59 rows=303423 width=4) (actual time=0.019..412.297 rows=296471 loops=1)
                          Filter: (production_year < 1965)
                          Rows Removed by Filter: 2231841
Planning time: 0.740 ms
Execution time: 3106.397 ms
