Hash Join  (cost=28267.65..846167.99 rows=5 width=0) (actual time=1848.954..17291.756 rows=35 loops=1)
  Hash Cond: (ci.movie_id = t.id)
  ->  Seq Scan on cast_info ci  (cost=0.00..705507.15 rows=29971485 width=4) (actual time=0.017..12098.232 rows=29914913 loops=1)
        Filter: (person_id < 3020092)
        Rows Removed by Filter: 6329431
  ->  Hash  (cost=28267.64..28267.64 rows=1 width=8) (actual time=421.835..421.835 rows=1 loops=1)
        Buckets: 1024  Batches: 1  Memory Usage: 9kB
        ->  Nested Loop  (cost=0.43..28267.64 rows=1 width=8) (actual time=80.401..421.826 rows=1 loops=1)
              ->  Seq Scan on movie_info_idx mi_idx  (cost=0.00..25185.44 rows=368 width=4) (actual time=75.566..415.057 rows=260 loops=1)
                    Filter: (info_type_id > 101)
                    Rows Removed by Filter: 1379775
              ->  Index Scan using title_pkey on title t  (cost=0.43..8.37 rows=1 width=4) (actual time=0.026..0.026 rows=0 loops=260)
                    Index Cond: (id = mi_idx.movie_id)
                    Filter: ((kind_id < 7) AND (production_year = 1955))
                    Rows Removed by Filter: 1
Planning time: 1.337 ms
Execution time: 17291.961 ms
