Nested Loop  (cost=44377.22..124307.51 rows=4079 width=0) (actual time=999.773..1992.846 rows=93 loops=1)
  Join Filter: (mc.movie_id = t.id)
  ->  Hash Join  (cost=44376.79..103760.48 rows=34655 width=8) (actual time=837.536..1813.559 rows=21446 loops=1)
        Hash Cond: (mc.movie_id = mi_idx.movie_id)
        ->  Seq Scan on movie_companies mc  (cost=0.00..51404.11 rows=12263 width=4) (actual time=0.067..744.084 rows=10163 loops=1)
              Filter: (company_id = 846)
              Rows Removed by Filter: 2598966
        ->  Hash  (cost=21735.35..21735.35 rows=1380035 width=4) (actual time=834.537..834.537 rows=1380035 loops=1)
              Buckets: 131072  Batches: 32  Memory Usage: 2540kB
              ->  Seq Scan on movie_info_idx mi_idx  (cost=0.00..21735.35 rows=1380035 width=4) (actual time=0.014..413.681 rows=1380035 loops=1)
  ->  Index Scan using title_pkey on title t  (cost=0.43..0.58 rows=1 width=4) (actual time=0.008..0.008 rows=0 loops=21446)
        Index Cond: (id = mi_idx.movie_id)
        Filter: (kind_id = 7)
        Rows Removed by Filter: 1
Planning time: 1.285 ms
Execution time: 1993.010 ms
