Hash Join  (cost=58375.85..858752.87 rows=530 width=0) (actual time=4630.474..16682.892 rows=17 loops=1)
  Hash Cond: (ci.movie_id = t.id)
  ->  Seq Scan on cast_info ci  (cost=0.00..705507.15 rows=25297221 width=4) (actual time=0.015..11812.496 rows=25419880 loops=1)
        Filter: (person_id > 1062626)
        Rows Removed by Filter: 10824464
  ->  Hash  (cost=58375.18..58375.18 rows=53 width=8) (actual time=799.530..799.530 rows=1 loops=1)
        Buckets: 1024  Batches: 1  Memory Usage: 9kB
        ->  Nested Loop  (cost=0.43..58375.18 rows=53 width=8) (actual time=671.624..799.523 rows=1 loops=1)
              ->  Seq Scan on movie_companies mc  (cost=0.00..57926.93 rows=53 width=4) (actual time=671.535..799.432 rows=1 loops=1)
                    Filter: ((company_type_id > 1) AND (company_id = 53817))
                    Rows Removed by Filter: 2609128
              ->  Index Only Scan using title_pkey on title t  (cost=0.43..8.45 rows=1 width=4) (actual time=0.072..0.073 rows=1 loops=1)
                    Index Cond: (id = mc.movie_id)
                    Heap Fetches: 1
Planning time: 1.173 ms
Execution time: 16688.577 ms
