Hash Join  (cost=178741.37..1344629.76 rows=10168352 width=0) (actual time=2181.818..19321.418 rows=20996869 loops=1)
  Hash Cond: (ci.movie_id = t.id)
  ->  Seq Scan on cast_info ci  (cost=0.00..796071.18 rows=22808997 width=4) (actual time=0.024..7565.221 rows=22212851 loops=1)
        Filter: ((person_id > 710063) AND (role_id < 8))
        Rows Removed by Filter: 14031493
  ->  Hash  (cost=160247.02..160247.02 rows=1127228 width=8) (actual time=2180.923..2180.923 rows=1248329 loops=1)
        Buckets: 131072 (originally 131072)  Batches: 32 (originally 16)  Memory Usage: 4076kB
        ->  Hash Join  (cost=101489.21..160247.02 rows=1127228 width=8) (actual time=907.577..1939.016 rows=1248329 loops=1)
              Hash Cond: (mi_idx.movie_id = t.id)
              ->  Seq Scan on movie_info_idx mi_idx  (cost=0.00..21735.35 rows=1380035 width=4) (actual time=0.029..188.592 rows=1380035 loops=1)
              ->  Hash  (cost=67604.59..67604.59 rows=2065330 width=4) (actual time=906.372..906.372 rows=2064552 loops=1)
                    Buckets: 131072  Batches: 32  Memory Usage: 3289kB
                    ->  Seq Scan on title t  (cost=0.00..67604.59 rows=2065330 width=4) (actual time=0.016..561.547 rows=2064552 loops=1)
                          Filter: (production_year < 2011)
                          Rows Removed by Filter: 463760
Planning time: 1.148 ms
Execution time: 20689.553 ms
