Seq Scan on movie_companies mc  (cost=0.00..57926.93 rows=936613 width=0) (actual time=36.832..494.018 rows=782454 loops=1)
  Filter: ((company_id > 1257) AND (company_type_id = 1))
  Rows Removed by Filter: 1826675
Planning time: 0.305 ms
Execution time: 558.146 ms
