Hash Join  (cost=173313.36..928945.54 rows=484306 width=0) (actual time=9133.704..56901.443 rows=560394 loops=1)
  Hash Cond: (ci.movie_id = t.id)
  ->  Seq Scan on cast_info ci  (cost=0.00..614943.12 rows=36225612 width=4) (actual time=0.024..33044.759 rows=36244344 loops=1)
  ->  Hash  (cost=172890.81..172890.81 rows=33804 width=8) (actual time=9133.160..9133.160 rows=33548 loops=1)
        Buckets: 65536  Batches: 1  Memory Usage: 1823kB
        ->  Hash Join  (cost=86241.46..172890.81 rows=33804 width=8) (actual time=4757.087..9117.866 rows=33548 loops=1)
              Hash Cond: (mk.movie_id = t.id)
              ->  Seq Scan on movie_keyword mk  (cost=0.00..81003.12 rows=75248 width=4) (actual time=0.096..3761.835 rows=72496 loops=1)
                    Filter: (keyword_id = 335)
                    Rows Removed by Filter: 4451434
              ->  Hash  (cost=67604.59..67604.59 rows=1135910 width=4) (actual time=4756.067..4756.067 rows=1133355 loops=1)
                    Buckets: 131072  Batches: 16  Memory Usage: 3523kB
                    ->  Seq Scan on title t  (cost=0.00..67604.59 rows=1135910 width=4) (actual time=0.013..4239.461 rows=1133355 loops=1)
                          Filter: (production_year < 2002)
                          Rows Removed by Filter: 1394957
Planning time: 1.609 ms
Execution time: 57019.199 ms
