Seq Scan on cast_info ci  (cost=0.00..796071.18 rows=908092 width=0) (actual time=4383.291..10112.734 rows=1816503 loops=1)
  Filter: ((person_id < 244830) AND (role_id < 2))
  Rows Removed by Filter: 34427841
Planning time: 0.462 ms
Execution time: 10341.020 ms
