Hash Join  (cost=149649.00..188750.19 rows=82071 width=0) (actual time=1231.259..1790.983 rows=442782 loops=1)
  Hash Cond: (mi_idx.movie_id = t.id)
  ->  Seq Scan on movie_info_idx mi_idx  (cost=0.00..21735.35 rows=1380035 width=4) (actual time=0.018..183.987 rows=1380035 loops=1)
  ->  Hash  (cost=147181.35..147181.35 rows=150372 width=8) (actual time=1230.605..1230.605 rows=235950 loops=1)
        Buckets: 131072 (originally 131072)  Batches: 4 (originally 2)  Memory Usage: 3335kB
        ->  Hash Join  (cost=78556.72..147181.35 rows=150372 width=8) (actual time=691.319..1184.515 rows=235950 loops=1)
              Hash Cond: (mc.movie_id = t.id)
              ->  Seq Scan on movie_companies mc  (cost=0.00..57926.93 rows=569591 width=4) (actual time=85.106..391.158 rows=295170 loops=1)
                    Filter: ((company_id > 12808) AND (company_type_id = 1))
                    Rows Removed by Filter: 2313959
              ->  Hash  (cost=67604.59..67604.59 rows=667531 width=4) (actual time=605.513..605.513 rows=662825 loops=1)
                    Buckets: 131072  Batches: 16  Memory Usage: 2476kB
                    ->  Seq Scan on title t  (cost=0.00..67604.59 rows=667531 width=4) (actual time=12.272..497.504 rows=662825 loops=1)
                          Filter: (kind_id = 1)
                          Rows Removed by Filter: 1865487
Planning time: 0.718 ms
Execution time: 1819.277 ms
