Hash Join  (cost=102767.86..964944.87 rows=2336728 width=0) (actual time=10976.979..15047.243 rows=1298264 loops=1)
  Hash Cond: (ci.movie_id = t.id)
  ->  Seq Scan on cast_info ci  (cost=0.00..796071.18 rows=2336728 width=4) (actual time=8435.914..11051.468 rows=1298264 loops=1)
        Filter: ((person_id > 2531358) AND (role_id = 2))
        Rows Removed by Filter: 34946080
  ->  Hash  (cost=61283.27..61283.27 rows=2528527 width=4) (actual time=2539.626..2539.626 rows=2528312 loops=1)
        Buckets: 131072  Batches: 64  Memory Usage: 2415kB
        ->  Seq Scan on title t  (cost=0.00..61283.27 rows=2528527 width=4) (actual time=0.021..1026.612 rows=2528312 loops=1)
Planning time: 0.758 ms
Execution time: 15206.904 ms
