Hash Join  (cost=190230.21..300527.73 rows=766494 width=0) (actual time=4103.008..7222.138 rows=3199431 loops=1)
  Hash Cond: (mk.movie_id = t.id)
  ->  Seq Scan on movie_keyword mk  (cost=0.00..81003.12 rows=1404386 width=4) (actual time=0.010..1500.780 rows=1421831 loops=1)
        Filter: (keyword_id < 1957)
        Rows Removed by Filter: 3102099
  ->  Hash  (cost=167588.78..167588.78 rows=1380035 width=8) (actual time=4101.340..4101.340 rows=1380035 loops=1)
        Buckets: 131072  Batches: 32  Memory Usage: 2726kB
        ->  Hash Join  (cost=102767.86..167588.78 rows=1380035 width=8) (actual time=1735.921..3691.703 rows=1380035 loops=1)
              Hash Cond: (mi_idx.movie_id = t.id)
              ->  Seq Scan on movie_info_idx mi_idx  (cost=0.00..21735.35 rows=1380035 width=4) (actual time=0.025..428.501 rows=1380035 loops=1)
              ->  Hash  (cost=61283.27..61283.27 rows=2528527 width=4) (actual time=1734.618..1734.618 rows=2528312 loops=1)
                    Buckets: 131072  Batches: 64  Memory Usage: 2415kB
                    ->  Seq Scan on title t  (cost=0.00..61283.27 rows=2528527 width=4) (actual time=0.020..917.074 rows=2528312 loops=1)
Planning time: 1.167 ms
Execution time: 7579.838 ms
