Hash Join  (cost=748668.65..1113328.89 rows=431 width=0) (actual time=10332.461..16564.170 rows=25 loops=1)
  Hash Cond: (mi.movie_id = t.id)
  ->  Seq Scan on movie_info mi  (cost=0.00..309384.22 rows=14739122 width=4) (actual time=0.025..3776.733 rows=14835720 loops=1)
  ->  Hash  (cost=748667.73..748667.73 rows=74 width=8) (actual time=10156.132..10156.132 rows=15 loops=1)
        Buckets: 1024  Batches: 1  Memory Usage: 9kB
        ->  Nested Loop  (cost=0.43..748667.73 rows=74 width=8) (actual time=8340.318..10156.089 rows=15 loops=1)
              ->  Seq Scan on cast_info ci  (cost=0.00..705507.15 rows=6038 width=4) (actual time=3325.475..10142.753 rows=406 loops=1)
                    Filter: (person_id = 1081210)
                    Rows Removed by Filter: 36243938
              ->  Index Scan using title_pkey on title t  (cost=0.43..7.14 rows=1 width=4) (actual time=0.032..0.032 rows=0 loops=406)
                    Index Cond: (id = ci.movie_id)
                    Filter: ((kind_id > 4) AND (production_year = 1999))
                    Rows Removed by Filter: 1
Planning time: 1.289 ms
Execution time: 16564.382 ms
