Hash Join  (cost=323793.17..1029972.81 rows=16549048 width=0) (actual time=6648.507..24629.796 rows=20613884 loops=1)
  Hash Cond: (mi.movie_id = t.id)
  ->  Seq Scan on movie_info mi  (cost=0.00..346232.03 rows=12928982 width=4) (actual time=0.021..6819.881 rows=12970088 loops=1)
        Filter: (info_type_id < 18)
        Rows Removed by Filter: 1865632
  ->  Hash  (cost=270693.85..270693.85 rows=3236505 width=8) (actual time=6646.274..6646.274 rows=1621697 loops=1)
        Buckets: 131072  Batches: 64  Memory Usage: 2020kB
        ->  Hash Join  (cost=103604.85..270693.85 rows=3236505 width=8) (actual time=2003.748..6133.392 rows=1621697 loops=1)
              Hash Cond: (mk.movie_id = t.id)
              ->  Seq Scan on movie_keyword mk  (cost=0.00..69693.30 rows=4523930 width=4) (actual time=0.015..1307.952 rows=4523930 loops=1)
              ->  Hash  (cost=73925.90..73925.90 rows=1808956 width=4) (actual time=2001.031..2001.031 rows=1799907 loops=1)
                    Buckets: 131072  Batches: 32  Memory Usage: 3013kB
                    ->  Seq Scan on title t  (cost=0.00..73925.90 rows=1808956 width=4) (actual time=0.022..1409.421 rows=1799907 loops=1)
                          Filter: ((kind_id > 1) AND (production_year > 0))
                          Rows Removed by Filter: 728405
Planning time: 2.614 ms
Execution time: 26768.621 ms
