Hash Join  (cost=124699.64..215599.92 rows=29870 width=0) (actual time=2120.930..4036.012 rows=47046 loops=1)
  Hash Cond: (mk.movie_id = t.id)
  ->  Seq Scan on movie_keyword mk  (cost=0.00..81003.12 rows=2559587 width=4) (actual time=0.060..1462.723 rows=2550201 loops=1)
        Filter: (keyword_id < 6427)
        Rows Removed by Filter: 1973729
  ->  Hash  (cost=124330.79..124330.79 rows=29508 width=8) (actual time=2120.389..2120.389 rows=32508 loops=1)
        Buckets: 32768  Batches: 1  Memory Usage: 1526kB
        ->  Hash Join  (cost=68438.72..124330.79 rows=29508 width=8) (actual time=983.661..2107.889 rows=32508 loops=1)
              Hash Cond: (mc.movie_id = t.id)
              ->  Seq Scan on movie_companies mc  (cost=0.00..51404.11 rows=1118100 width=4) (actual time=0.011..815.047 rows=1129711 loops=1)
                    Filter: (company_id > 13543)
                    Rows Removed by Filter: 1479418
              ->  Hash  (cost=67604.59..67604.59 rows=66731 width=4) (actual time=982.925..982.925 rows=67342 loops=1)
                    Buckets: 131072  Batches: 1  Memory Usage: 3392kB
                    ->  Seq Scan on title t  (cost=0.00..67604.59 rows=66731 width=4) (actual time=0.042..955.298 rows=67342 loops=1)
                          Filter: (production_year > 2012)
                          Rows Removed by Filter: 2460970
Planning time: 1.186 ms
Execution time: 4042.735 ms
