Hash Join  (cost=102767.86..1200101.81 rows=12109463 width=0) (actual time=9255.024..27955.903 rows=11464109 loops=1)
  Hash Cond: (ci.movie_id = t.id)
  ->  Seq Scan on cast_info ci  (cost=0.00..796071.18 rows=12109463 width=4) (actual time=7456.323..16017.350 rows=11464109 loops=1)
        Filter: ((person_id > 167510) AND (role_id < 2))
        Rows Removed by Filter: 24780235
  ->  Hash  (cost=61283.27..61283.27 rows=2528527 width=4) (actual time=1797.406..1797.406 rows=2528312 loops=1)
        Buckets: 131072  Batches: 64  Memory Usage: 2415kB
        ->  Seq Scan on title t  (cost=0.00..61283.27 rows=2528527 width=4) (actual time=0.021..949.161 rows=2528312 loops=1)
Planning time: 0.839 ms
Execution time: 29264.028 ms
