Hash Join  (cost=194044.22..329357.91 rows=1265371 width=0) (actual time=11409.199..17367.383 rows=595554 loops=1)
  Hash Cond: (mk.movie_id = t.id)
  ->  Seq Scan on movie_keyword mk  (cost=0.00..81003.12 rows=3272227 width=4) (actual time=0.016..5207.859 rows=3260613 loops=1)
        Filter: (keyword_id < 14161)
        Rows Removed by Filter: 1263317
  ->  Hash  (cost=178001.95..178001.95 rows=977782 width=8) (actual time=10052.130..10052.130 rows=465794 loops=1)
        Buckets: 131072  Batches: 16  Memory Usage: 2160kB
        ->  Hash Join  (cost=89472.60..178001.95 rows=977782 width=8) (actual time=4424.377..9876.558 rows=465794 loops=1)
              Hash Cond: (mc.movie_id = t.id)
              ->  Seq Scan on movie_companies mc  (cost=0.00..44881.29 rows=2609129 width=4) (actual time=0.013..3271.692 rows=2609129 loops=1)
              ->  Hash  (cost=73925.90..73925.90 rows=947576 width=4) (actual time=4423.419..4423.419 rows=876037 loops=1)
                    Buckets: 131072  Batches: 16  Memory Usage: 2949kB
                    ->  Seq Scan on title t  (cost=0.00..73925.90 rows=947576 width=4) (actual time=0.013..4055.030 rows=876037 loops=1)
                          Filter: ((production_year < 2007) AND (kind_id = 7))
                          Rows Removed by Filter: 1652275
Planning time: 3.259 ms
Execution time: 17445.484 ms
