Hash Join  (cost=102767.86..1120644.23 rows=8807335 width=0) (actual time=2801.570..26516.197 rows=12670688 loops=1)
  Hash Cond: (ci.movie_id = t.id)
  ->  Seq Scan on cast_info ci  (cost=0.00..796071.18 rows=8807335 width=4) (actual time=1035.502..14298.451 rows=12670688 loops=1)
        Filter: ((person_id < 2587677) AND (role_id = 1))
        Rows Removed by Filter: 23573656
  ->  Hash  (cost=61283.27..61283.27 rows=2528527 width=4) (actual time=1764.815..1764.815 rows=2528312 loops=1)
        Buckets: 131072  Batches: 64  Memory Usage: 2415kB
        ->  Seq Scan on title t  (cost=0.00..61283.27 rows=2528527 width=4) (actual time=0.015..921.389 rows=2528312 loops=1)
Planning time: 0.854 ms
Execution time: 28003.873 ms
