Hash Join  (cost=173276.94..270605.42 rows=118115 width=0) (actual time=3040.679..5827.235 rows=1027648 loops=1)
  Hash Cond: (mk.movie_id = t.id)
  ->  Seq Scan on movie_keyword mk  (cost=0.00..81003.12 rows=4038453 width=4) (actual time=0.018..1414.160 rows=4043235 loops=1)
        Filter: (keyword_id < 37234)
        Rows Removed by Filter: 480695
  ->  Hash  (cost=172352.53..172352.53 rows=73953 width=8) (actual time=3039.925..3039.925 rows=144042 loops=1)
        Buckets: 131072 (originally 131072)  Batches: 2 (originally 1)  Memory Usage: 3847kB
        ->  Hash Join  (cost=102767.86..172352.53 rows=73953 width=8) (actual time=1757.082..2985.944 rows=144042 loops=1)
              Hash Cond: (mc.movie_id = t.id)
              ->  Seq Scan on movie_companies mc  (cost=0.00..57926.93 rows=73953 width=4) (actual time=0.027..701.556 rows=144042 loops=1)
                    Filter: ((company_id > 134642) AND (company_type_id > 1))
                    Rows Removed by Filter: 2465087
              ->  Hash  (cost=61283.27..61283.27 rows=2528527 width=4) (actual time=1755.349..1755.349 rows=2528312 loops=1)
                    Buckets: 131072  Batches: 64  Memory Usage: 2415kB
                    ->  Seq Scan on title t  (cost=0.00..61283.27 rows=2528527 width=4) (actual time=0.011..911.869 rows=2528312 loops=1)
Planning time: 1.139 ms
Execution time: 5944.909 ms
