Hash Join  (cost=355004.09..1138072.09 rows=23241537 width=0) (actual time=8230.520..68141.345 rows=205869881 loops=1)
  Hash Cond: (mi.movie_id = t.id)
  ->  Seq Scan on movie_info mi  (cost=0.00..309384.22 rows=14739122 width=4) (actual time=0.020..5377.762 rows=14835720 loops=1)
  ->  Hash  (cost=289589.91..289589.91 rows=3987134 width=8) (actual time=8228.546..8228.546 rows=3995082 loops=1)
        Buckets: 131072  Batches: 64  Memory Usage: 3563kB
        ->  Hash Join  (cost=102767.86..289589.91 rows=3987134 width=8) (actual time=1877.810..7016.906 rows=3995082 loops=1)
              Hash Cond: (mk.movie_id = t.id)
              ->  Seq Scan on movie_keyword mk  (cost=0.00..81003.12 rows=3987134 width=4) (actual time=0.035..1691.897 rows=3995082 loops=1)
                    Filter: (keyword_id < 34461)
                    Rows Removed by Filter: 528848
              ->  Hash  (cost=61283.27..61283.27 rows=2528527 width=4) (actual time=1876.917..1876.917 rows=2528312 loops=1)
                    Buckets: 131072  Batches: 64  Memory Usage: 2425kB
                    ->  Seq Scan on title t  (cost=0.00..61283.27 rows=2528527 width=4) (actual time=0.015..1047.824 rows=2528312 loops=1)
Planning time: 1.195 ms
Execution time: 91116.370 ms
