Seq Scan on cast_info ci  (cost=0.00..705507.15 rows=26276496 width=0) (actual time=0.012..12110.880 rows=26308378 loops=1)
  Filter: (person_id < 2720271)
  Rows Removed by Filter: 9935966
Planning time: 1.687 ms
Execution time: 15491.557 ms
