Hash Join  (cost=178937.75..944185.80 rows=796400 width=0) (actual time=4685.619..16924.327 rows=1290026 loops=1)
  Hash Cond: (ci.movie_id = t.id)
  ->  Seq Scan on cast_info ci  (cost=0.00..705507.15 rows=4320508 width=4) (actual time=1291.802..10388.212 rows=4323018 loops=1)
        Filter: (role_id = 10)
        Rows Removed by Filter: 31921326
  ->  Hash  (cost=171290.70..171290.70 rows=466084 width=8) (actual time=3392.909..3392.909 rows=221200 loops=1)
        Buckets: 131072  Batches: 8  Memory Usage: 2099kB
        ->  Hash Join  (cost=92883.59..171290.70 rows=466084 width=8) (actual time=1921.363..3334.891 rows=221200 loops=1)
              Hash Cond: (mc.movie_id = t.id)
              ->  Seq Scan on movie_companies mc  (cost=0.00..57926.93 rows=764867 width=4) (actual time=325.851..999.195 rows=984412 loops=1)
                    Filter: ((company_id > 7575) AND (company_type_id = 2))
                    Rows Removed by Filter: 1624717
              ->  Hash  (cost=67604.59..67604.59 rows=1540800 width=4) (actual time=1594.335..1594.335 rows=1543264 loops=1)
                    Buckets: 131072  Batches: 32  Memory Usage: 2722kB
                    ->  Seq Scan on title t  (cost=0.00..67604.59 rows=1540800 width=4) (actual time=0.026..1102.461 rows=1543264 loops=1)
                          Filter: (kind_id = 7)
                          Rows Removed by Filter: 985048
Planning time: 1.261 ms
Execution time: 17078.209 ms
