Hash Join  (cost=263115.61..1238150.96 rows=7142849 width=0) (actual time=6417.638..22401.463 rows=6689357 loops=1)
  Hash Cond: (ci.movie_id = t.id)
  ->  Seq Scan on cast_info ci  (cost=0.00..796071.18 rows=6922190 width=4) (actual time=0.041..11490.673 rows=3844176 loops=1)
        Filter: ((person_id > 2808003) AND (role_id < 7))
        Rows Removed by Filter: 32400168
  ->  Hash  (cost=220309.49..220309.49 rows=2609129 width=8) (actual time=6416.099..6416.099 rows=2609129 loops=1)
        Buckets: 131072  Batches: 64  Memory Usage: 2610kB
        ->  Hash Join  (cost=102767.86..220309.49 rows=2609129 width=8) (actual time=1671.204..4933.075 rows=2609129 loops=1)
              Hash Cond: (mc.movie_id = t.id)
              ->  Seq Scan on movie_companies mc  (cost=0.00..44881.29 rows=2609129 width=4) (actual time=0.019..809.273 rows=2609129 loops=1)
              ->  Hash  (cost=61283.27..61283.27 rows=2528527 width=4) (actual time=1669.912..1669.912 rows=2528312 loops=1)
                    Buckets: 131072  Batches: 64  Memory Usage: 2415kB
                    ->  Seq Scan on title t  (cost=0.00..61283.27 rows=2528527 width=4) (actual time=0.007..854.925 rows=2528312 loops=1)
Planning time: 1.185 ms
Execution time: 23187.468 ms
