Hash Join  (cost=52284.99..859321.63 rows=120 width=0) (actual time=8925.725..13176.817 rows=137 loops=1)
  Hash Cond: (ci.movie_id = t.id)
  ->  Seq Scan on cast_info ci  (cost=0.00..796071.18 rows=2923802 width=4) (actual time=8098.085..11666.037 rows=5940865 loops=1)
        Filter: ((person_id < 803729) AND (role_id < 2))
        Rows Removed by Filter: 30303479
  ->  Hash  (cost=52283.69..52283.69 rows=104 width=8) (actual time=673.738..673.738 rows=16 loops=1)
        Buckets: 1024  Batches: 1  Memory Usage: 9kB
        ->  Nested Loop  (cost=0.43..52283.69 rows=104 width=8) (actual time=26.444..673.668 rows=16 loops=1)
              ->  Seq Scan on movie_companies mc  (cost=0.00..51404.11 rows=104 width=4) (actual time=26.351..672.967 rows=16 loops=1)
                    Filter: (company_id = 53245)
                    Rows Removed by Filter: 2609113
              ->  Index Only Scan using title_pkey on title t  (cost=0.43..8.45 rows=1 width=4) (actual time=0.035..0.036 rows=1 loops=16)
                    Index Cond: (id = mc.movie_id)
                    Heap Fetches: 16
Planning time: 4.471 ms
Execution time: 13177.008 ms
