Seq Scan on movie_companies mc  (cost=0.00..51404.11 rows=696220 width=0) (actual time=126.395..819.910 rows=701605 loops=1)
  Filter: (company_id > 45243)
  Rows Removed by Filter: 1907524
Planning time: 0.337 ms
Execution time: 911.848 ms
