Hash Join  (cost=102767.86..266939.95 rows=3045844 width=0) (actual time=2111.766..6518.579 rows=3034632 loops=1)
  Hash Cond: (mk.movie_id = t.id)
  ->  Seq Scan on movie_keyword mk  (cost=0.00..81003.12 rows=3045844 width=4) (actual time=0.020..1520.822 rows=3034632 loops=1)
        Filter: (keyword_id < 10930)
        Rows Removed by Filter: 1489298
  ->  Hash  (cost=61283.27..61283.27 rows=2528527 width=4) (actual time=2110.520..2110.520 rows=2528312 loops=1)
        Buckets: 131072  Batches: 64  Memory Usage: 2425kB
        ->  Seq Scan on title t  (cost=0.00..61283.27 rows=2528527 width=4) (actual time=0.021..935.423 rows=2528312 loops=1)
Planning time: 0.675 ms
Execution time: 6877.660 ms
