Seq Scan on movie_keyword mk  (cost=0.00..81003.12 rows=589051 width=0) (actual time=0.026..1125.106 rows=588262 loops=1)
  Filter: (keyword_id > 31205)
  Rows Removed by Filter: 3935668
Planning time: 0.311 ms
Execution time: 1201.867 ms
