Seq Scan on title t  (cost=0.00..73925.90 rows=891009 width=0) (actual time=0.021..1138.576 rows=800991 loops=1)
  Filter: ((kind_id > 3) AND (production_year < 2005))
  Rows Removed by Filter: 1727321
Planning time: 0.365 ms
Execution time: 1240.228 ms
