Hash Join  (cost=102205.59..210517.39 rows=2176187 width=0) (actual time=1885.930..5002.395 rows=1946129 loops=1)
  Hash Cond: (mc.movie_id = t.id)
  ->  Seq Scan on movie_companies mc  (cost=0.00..44881.29 rows=2609129 width=4) (actual time=0.017..836.161 rows=2609129 loops=1)
  ->  Hash  (cost=67604.59..67604.59 rows=2108960 width=4) (actual time=1884.469..1884.469 rows=2104137 loops=1)
        Buckets: 131072  Batches: 32  Memory Usage: 3341kB
        ->  Seq Scan on title t  (cost=0.00..67604.59 rows=2108960 width=4) (actual time=0.016..1228.789 rows=2104137 loops=1)
              Filter: (production_year > 1968)
              Rows Removed by Filter: 424175
Planning time: 1.046 ms
Execution time: 5227.151 ms
