Seq Scan on movie_companies mc  (cost=0.00..57926.93 rows=1507 width=0) (actual time=107.697..717.328 rows=738 loops=1)
  Filter: ((company_id = 137) AND (company_type_id = 2))
  Rows Removed by Filter: 2608391
Planning time: 0.427 ms
Execution time: 717.561 ms
