Hash Join  (cost=676107.85..2538856.72 rows=58654259 width=0) (actual time=17630.817..112650.661 rows=270821460 loops=1)
  Hash Cond: (ci.movie_id = t.id)
  ->  Seq Scan on cast_info ci  (cost=0.00..614943.12 rows=36225612 width=4) (actual time=0.013..12616.171 rows=36244344 loops=1)
  ->  Hash  (cost=608939.42..608939.42 rows=4094034 width=8) (actual time=17628.150..17628.150 rows=6640069 loops=1)
        Buckets: 131072 (originally 131072)  Batches: 128 (originally 64)  Memory Usage: 3073kB
        ->  Hash Join  (cost=85449.15..608939.42 rows=4094034 width=8) (actual time=1349.147..15723.800 rows=6640069 loops=1)
              Hash Cond: (mi.movie_id = t.id)
              ->  Seq Scan on movie_info mi  (cost=0.00..309384.22 rows=14739122 width=4) (actual time=0.033..5665.762 rows=14835720 loops=1)
              ->  Hash  (cost=73925.90..73925.90 rows=702340 width=4) (actual time=1348.166..1348.166 rows=603836 loops=1)
                    Buckets: 131072  Batches: 16  Memory Usage: 2357kB
                    ->  Seq Scan on title t  (cost=0.00..73925.90 rows=702340 width=4) (actual time=0.018..1149.800 rows=603836 loops=1)
                          Filter: ((kind_id < 7) AND (production_year > 1988))
                          Rows Removed by Filter: 1924476
Planning time: 1.218 ms
Execution time: 140470.954 ms
