Seq Scan on cast_info ci  (cost=0.00..705507.15 rows=500 width=0) (actual time=5100.831..9950.217 rows=6 loops=1)
  Filter: (person_id = 1395912)
  Rows Removed by Filter: 36244338
Planning time: 0.379 ms
Execution time: 9950.292 ms
