Seq Scan on movie_companies mc  (cost=0.00..57926.93 rows=685938 width=0) (actual time=0.030..954.331 rows=436427 loops=1)
  Filter: ((company_id < 11416) AND (company_type_id = 2))
  Rows Removed by Filter: 2172702
Planning time: 0.452 ms
Execution time: 1010.158 ms
