Seq Scan on cast_info ci  (cost=0.00..705507.15 rows=500 width=0) (actual time=222.927..9782.222 rows=877 loops=1)
  Filter: (person_id = 2478095)
  Rows Removed by Filter: 36243467
Planning time: 0.291 ms
Execution time: 9782.440 ms
