Hash Join  (cost=137214.02..604468.32 rows=1037110 width=0) (actual time=6515.674..33648.830 rows=754865 loops=1)
  Hash Cond: (mi.movie_id = t.id)
  ->  Seq Scan on movie_info mi  (cost=0.00..346232.03 rows=9476311 width=4) (actual time=0.013..21676.085 rows=9565151 loops=1)
        Filter: (info_type_id < 16)
        Rows Removed by Filter: 5270569
  ->  Hash  (cost=132673.92..132673.92 rows=276728 width=8) (actual time=6514.560..6514.560 rows=141906 loops=1)
        Buckets: 131072  Batches: 4  Memory Usage: 2413kB
        ->  Hash Join  (cost=92883.59..132673.92 rows=276728 width=8) (actual time=4522.765..6465.242 rows=141906 loops=1)
              Hash Cond: (mi_idx.movie_id = t.id)
              ->  Seq Scan on movie_info_idx mi_idx  (cost=0.00..25185.44 rows=454124 width=4) (actual time=0.016..1333.715 rows=459925 loops=1)
                    Filter: (info_type_id = 100)
                    Rows Removed by Filter: 920110
              ->  Hash  (cost=67604.59..67604.59 rows=1540800 width=4) (actual time=4518.630..4518.630 rows=1543264 loops=1)
                    Buckets: 131072  Batches: 32  Memory Usage: 2722kB
                    ->  Seq Scan on title t  (cost=0.00..67604.59 rows=1540800 width=4) (actual time=0.022..3867.135 rows=1543264 loops=1)
                          Filter: (kind_id = 7)
                          Rows Removed by Filter: 985048
Planning time: 1.141 ms
Execution time: 33752.918 ms
