Hash Join  (cost=79993.30..444245.09 rows=186097 width=0) (actual time=5772.798..6727.529 rows=42993 loops=1)
  Hash Cond: (mi.movie_id = t.id)
  ->  Seq Scan on movie_info mi  (cost=0.00..346232.03 rows=1272478 width=4) (actual time=0.020..4827.412 rows=1325361 loops=1)
        Filter: (info_type_id = 8)
        Rows Removed by Filter: 13510359
  ->  Hash  (cost=73925.90..73925.90 rows=369792 width=4) (actual time=1266.349..1266.349 rows=253766 loops=1)
        Buckets: 131072  Batches: 8  Memory Usage: 2133kB
        ->  Seq Scan on title t  (cost=0.00..73925.90 rows=369792 width=4) (actual time=32.127..1179.616 rows=253766 loops=1)
              Filter: ((production_year < 1986) AND (kind_id = 7))
              Rows Removed by Filter: 2274546
Planning time: 0.845 ms
Execution time: 6733.511 ms
