Hash Join  (cost=94973.51..164441.95 rows=392479 width=0) (actual time=1718.290..3126.466 rows=202617 loops=1)
  Hash Cond: (mc.movie_id = t.id)
  ->  Seq Scan on movie_companies mc  (cost=0.00..51404.11 rows=594906 width=4) (actual time=0.021..821.459 rows=601150 loops=1)
        Filter: (company_id > 67377)
        Rows Removed by Filter: 2007979
  ->  Hash  (cost=67604.59..67604.59 rows=1668154 width=4) (actual time=1715.755..1715.755 rows=1674098 loops=1)
        Buckets: 131072  Batches: 32  Memory Usage: 2869kB
        ->  Seq Scan on title t  (cost=0.00..67604.59 rows=1668154 width=4) (actual time=0.012..1196.962 rows=1674098 loops=1)
              Filter: (kind_id > 3)
              Rows Removed by Filter: 854214
Planning time: 0.822 ms
Execution time: 3149.601 ms
