Hash Join  (cost=83073.30..137739.15 rows=33 width=0) (actual time=1471.277..2298.594 rows=7 loops=1)
  Hash Cond: (mc.movie_id = t.id)
  ->  Seq Scan on movie_companies mc  (cost=0.00..44881.29 rows=2609129 width=4) (actual time=0.015..593.181 rows=2609129 loops=1)
  ->  Hash  (cost=83072.90..83072.90 rows=32 width=8) (actual time=1236.557..1236.557 rows=1 loops=1)
        Buckets: 1024  Batches: 1  Memory Usage: 9kB
        ->  Nested Loop  (cost=0.43..83072.90 rows=32 width=8) (actual time=1151.337..1236.550 rows=1 loops=1)
              ->  Seq Scan on movie_keyword mk  (cost=0.00..81003.12 rows=246 width=4) (actual time=452.684..1236.271 rows=4 loops=1)
                    Filter: (keyword_id = 71596)
                    Rows Removed by Filter: 4523926
              ->  Index Scan using title_pkey on title t  (cost=0.43..8.40 rows=1 width=4) (actual time=0.062..0.062 rows=0 loops=4)
                    Index Cond: (id = mk.movie_id)
                    Filter: ((kind_id < 7) AND (production_year < 1996))
                    Rows Removed by Filter: 1
Planning time: 1.226 ms
Execution time: 2298.728 ms
