Seq Scan on movie_companies mc  (cost=0.00..51404.11 rows=136007 width=0) (actual time=220.907..797.435 rows=135043 loops=1)
  Filter: (company_id > 138726)
  Rows Removed by Filter: 2474086
Planning time: 0.362 ms
Execution time: 815.266 ms
