Seq Scan on cast_info ci  (cost=0.00..705507.15 rows=30848836 width=0) (actual time=0.011..12769.889 rows=30953539 loops=1)
  Filter: (person_id > 511475)
  Rows Removed by Filter: 5290805
Planning time: 0.303 ms
Execution time: 16640.267 ms
