Seq Scan on movie_keyword mk  (cost=0.00..81003.12 rows=1628172 width=0) (actual time=0.024..1381.903 rows=1639231 loops=1)
  Filter: (keyword_id > 9030)
  Rows Removed by Filter: 2884699
Planning time: 0.388 ms
Execution time: 1595.208 ms
