Hash Join  (cost=72956.84..111231.32 rows=118558 width=0) (actual time=1047.009..2063.992 rows=126459 loops=1)
  Hash Cond: (mi_idx.movie_id = t.id)
  ->  Seq Scan on movie_info_idx mi_idx  (cost=0.00..25185.44 rows=919057 width=4) (actual time=0.028..516.048 rows=920110 loops=1)
        Filter: (info_type_id > 99)
        Rows Removed by Filter: 459925
  ->  Hash  (cost=67604.59..67604.59 rows=326180 width=4) (actual time=1045.992..1045.992 rows=323245 loops=1)
        Buckets: 131072  Batches: 8  Memory Usage: 2437kB
        ->  Seq Scan on title t  (cost=0.00..67604.59 rows=326180 width=4) (actual time=0.023..941.586 rows=323245 loops=1)
              Filter: (production_year < 1967)
              Rows Removed by Filter: 2205067
Planning time: 0.750 ms
Execution time: 2080.741 ms
