Hash Join  (cost=161959.14..514744.95 rows=23316 width=0) (actual time=4236.129..7856.759 rows=33640 loops=1)
  Hash Cond: (mi.movie_id = t.id)
  ->  Seq Scan on movie_info mi  (cost=0.00..346232.03 rows=1264125 width=4) (actual time=1370.670..4713.748 rows=1288928 loops=1)
        Filter: (info_type_id = 2)
        Rows Removed by Filter: 13546792
  ->  Hash  (cost=161376.16..161376.16 rows=46638 width=8) (actual time=2864.975..2864.975 rows=35418 loops=1)
        Buckets: 65536  Batches: 1  Memory Usage: 1896kB
        ->  Hash Join  (cost=74251.74..161376.16 rows=46638 width=8) (actual time=1091.740..2852.535 rows=35418 loops=1)
              Hash Cond: (mk.movie_id = t.id)
              ->  Seq Scan on movie_keyword mk  (cost=0.00..69693.30 rows=4523930 width=4) (actual time=0.024..864.964 rows=4523930 loops=1)
              ->  Hash  (cost=73925.90..73925.90 rows=26067 width=4) (actual time=1087.501..1087.501 rows=27085 loops=1)
                    Buckets: 32768  Batches: 1  Memory Usage: 1209kB
                    ->  Seq Scan on title t  (cost=0.00..73925.90 rows=26067 width=4) (actual time=0.026..1076.434 rows=27085 loops=1)
                          Filter: ((kind_id < 7) AND (production_year > 2012))
                          Rows Removed by Filter: 2501227
Planning time: 2.375 ms
Execution time: 7861.420 ms
