Hash Join  (cost=166081.03..306151.10 rows=1483003 width=0) (actual time=3623.413..7454.119 rows=2690409 loops=1)
  Hash Cond: (mk.movie_id = t.id)
  ->  Seq Scan on movie_keyword mk  (cost=0.00..69693.30 rows=4523930 width=4) (actual time=0.013..1301.215 rows=4523930 loops=1)
  ->  Hash  (cost=152481.98..152481.98 rows=828884 width=8) (actual time=3621.328..3621.328 rows=685113 loops=1)
        Buckets: 131072  Batches: 16  Memory Usage: 2717kB
        ->  Hash Join  (cost=98842.62..152481.98 rows=828884 width=8) (actual time=1848.778..3403.579 rows=685113 loops=1)
              Hash Cond: (mi_idx.movie_id = t.id)
              ->  Seq Scan on movie_info_idx mi_idx  (cost=0.00..21735.35 rows=1380035 width=4) (actual time=0.031..410.101 rows=1380035 loops=1)
              ->  Hash  (cost=73925.90..73925.90 rows=1518697 width=4) (actual time=1847.760..1847.760 rows=1639682 loops=1)
                    Buckets: 131072  Batches: 32  Memory Usage: 2832kB
                    ->  Seq Scan on title t  (cost=0.00..73925.90 rows=1518697 width=4) (actual time=0.021..1317.449 rows=1639682 loops=1)
                          Filter: ((kind_id > 1) AND (production_year > 1971))
                          Rows Removed by Filter: 888630
Planning time: 1.187 ms
Execution time: 7757.848 ms
