Seq Scan on cast_info ci  (cost=0.00..796071.18 rows=449242 width=0) (actual time=5423.379..7444.422 rows=857235 loops=1)
  Filter: ((person_id < 120070) AND (role_id = 1))
  Rows Removed by Filter: 35387109
Planning time: 0.448 ms
Execution time: 7518.220 ms
