Hash Join  (cost=102767.86..183400.12 rows=533005 width=0) (actual time=1746.293..3126.993 rows=248620 loops=1)
  Hash Cond: (mc.movie_id = t.id)
  ->  Seq Scan on movie_companies mc  (cost=0.00..57926.93 rows=533005 width=4) (actual time=0.013..812.387 rows=248620 loops=1)
        Filter: ((company_id > 14060) AND (company_type_id < 2))
        Rows Removed by Filter: 2360509
  ->  Hash  (cost=61283.27..61283.27 rows=2528527 width=4) (actual time=1744.359..1744.359 rows=2528312 loops=1)
        Buckets: 131072  Batches: 64  Memory Usage: 2415kB
        ->  Seq Scan on title t  (cost=0.00..61283.27 rows=2528527 width=4) (actual time=0.011..891.580 rows=2528312 loops=1)
Planning time: 0.795 ms
Execution time: 3155.502 ms
