Hash Join  (cost=67697.55..427626.00 rows=10659 width=0) (actual time=6911.868..21015.910 rows=21419 loops=1)
  Hash Cond: (mi.movie_id = t.id)
  ->  Seq Scan on movie_info mi  (cost=0.00..346232.03 rows=3623957 width=4) (actual time=3571.754..16544.248 rows=3624977 loops=1)
        Filter: (info_type_id < 4)
        Rows Removed by Filter: 11210743
  ->  Hash  (cost=67604.59..67604.59 rows=7437 width=4) (actual time=3339.703..3339.703 rows=13994 loops=1)
        Buckets: 16384 (originally 8192)  Batches: 1 (originally 1)  Memory Usage: 620kB
        ->  Seq Scan on title t  (cost=0.00..67604.59 rows=7437 width=4) (actual time=0.238..3332.211 rows=13994 loops=1)
              Filter: (production_year = 1976)
              Rows Removed by Filter: 2514318
Planning time: 0.791 ms
Execution time: 21020.190 ms
