Hash Join  (cost=86983.69..200837.34 rows=636390 width=0) (actual time=1299.624..4101.184 rows=1447904 loops=1)
  Hash Cond: (mk.movie_id = t.id)
  ->  Seq Scan on movie_keyword mk  (cost=0.00..81003.12 rows=2021765 width=4) (actual time=0.019..1414.358 rows=2027533 loops=1)
        Filter: (keyword_id < 3636)
        Rows Removed by Filter: 2496397
  ->  Hash  (cost=73925.90..73925.90 rows=795903 width=4) (actual time=1298.919..1298.919 rows=722063 loops=1)
        Buckets: 131072  Batches: 16  Memory Usage: 2618kB
        ->  Seq Scan on title t  (cost=0.00..73925.90 rows=795903 width=4) (actual time=0.021..1057.639 rows=722063 loops=1)
              Filter: ((kind_id < 4) AND (production_year > 1933))
              Rows Removed by Filter: 1806249
Planning time: 0.830 ms
Execution time: 4265.259 ms
