Hash Join  (cost=365418.15..1941458.47 rows=39585121 width=0) (actual time=8409.645..68855.633 rows=130372001 loops=1)
  Hash Cond: (ci.movie_id = t.id)
  ->  Seq Scan on cast_info ci  (cost=0.00..796071.18 rows=22125021 width=4) (actual time=0.020..17850.763 rows=24130698 loops=1)
        Filter: ((person_id < 3516027) AND (role_id < 4))
        Rows Removed by Filter: 12113646
  ->  Hash  (cost=291197.02..291197.02 rows=4523930 width=8) (actual time=8408.662..8408.662 rows=4523930 loops=1)
        Buckets: 131072  Batches: 64  Memory Usage: 3816kB
        ->  Hash Join  (cost=102767.86..291197.02 rows=4523930 width=8) (actual time=1934.674..7063.604 rows=4523930 loops=1)
              Hash Cond: (mk.movie_id = t.id)
              ->  Seq Scan on movie_keyword mk  (cost=0.00..69693.30 rows=4523930 width=4) (actual time=0.017..1372.131 rows=4523930 loops=1)
              ->  Hash  (cost=61283.27..61283.27 rows=2528527 width=4) (actual time=1931.921..1931.921 rows=2528312 loops=1)
                    Buckets: 131072  Batches: 64  Memory Usage: 2425kB
                    ->  Seq Scan on title t  (cost=0.00..61283.27 rows=2528527 width=4) (actual time=0.016..1063.655 rows=2528312 loops=1)
Planning time: 1.241 ms
Execution time: 82252.704 ms
