Nested Loop  (cost=0.43..138132.94 rows=15 width=0) (actual time=610.315..1197.911 rows=1 loops=1)
  ->  Seq Scan on movie_keyword mk  (cost=0.00..81003.12 rows=8445 width=4) (actual time=0.312..1062.436 rows=7552 loops=1)
        Filter: (keyword_id = 910)
        Rows Removed by Filter: 4516378
  ->  Index Scan using title_pkey on title t  (cost=0.43..6.75 rows=1 width=4) (actual time=0.017..0.017 rows=0 loops=7552)
        Index Cond: (id = mk.movie_id)
        Filter: ((kind_id = 7) AND (production_year = 1987))
        Rows Removed by Filter: 1
Planning time: 0.880 ms
Execution time: 1198.017 ms
