Hash Join  (cost=113622.43..943920.51 rows=15713 width=0) (actual time=7598.787..16757.359 rows=69139 loops=1)
  Hash Cond: (ci.movie_id = t.id)
  ->  Seq Scan on cast_info ci  (cost=0.00..796071.18 rows=9085270 width=4) (actual time=6345.721..13582.243 rows=12670688 loops=1)
        Filter: ((person_id < 2673260) AND (role_id = 1))
        Rows Removed by Filter: 23573656
  ->  Hash  (cost=113567.77..113567.77 rows=4373 width=8) (actual time=1251.260..1251.260 rows=2630 loops=1)
        Buckets: 8192  Batches: 1  Memory Usage: 167kB
        ->  Nested Loop  (cost=0.43..113567.77 rows=4373 width=8) (actual time=0.098..1249.560 rows=2630 loops=1)
              ->  Seq Scan on movie_keyword mk  (cost=0.00..81003.12 rows=4373 width=4) (actual time=0.038..1158.046 rows=2630 loops=1)
                    Filter: (keyword_id = 7777)
                    Rows Removed by Filter: 4521300
              ->  Index Only Scan using title_pkey on title t  (cost=0.43..7.44 rows=1 width=4) (actual time=0.034..0.034 rows=1 loops=2630)
                    Index Cond: (id = mk.movie_id)
                    Heap Fetches: 2630
Planning time: 1.278 ms
Execution time: 16768.957 ms
