Hash Join  (cost=102767.86..1240063.00 rows=13770213 width=0) (actual time=3036.097..29160.505 rows=15023162 loops=1)
  Hash Cond: (ci.movie_id = t.id)
  ->  Seq Scan on cast_info ci  (cost=0.00..796071.18 rows=13770213 width=4) (actual time=1222.144..14580.752 rows=15023162 loops=1)
        Filter: ((person_id < 1550789) AND (role_id < 10))
        Rows Removed by Filter: 21221182
  ->  Hash  (cost=61283.27..61283.27 rows=2528527 width=4) (actual time=1812.728..1812.728 rows=2528312 loops=1)
        Buckets: 131072  Batches: 64  Memory Usage: 2415kB
        ->  Seq Scan on title t  (cost=0.00..61283.27 rows=2528527 width=4) (actual time=0.045..964.141 rows=2528312 loops=1)
Planning time: 0.805 ms
Execution time: 30976.468 ms
