Seq Scan on movie_companies mc  (cost=0.00..57926.93 rows=1021159 width=0) (actual time=0.015..1037.084 rows=1165502 loops=1)
  Filter: ((company_id > 688) AND (company_type_id = 2))
  Rows Removed by Filter: 1443627
Planning time: 0.400 ms
Execution time: 1187.302 ms
