Hash Join  (cost=170822.52..532435.19 rows=3968 width=0) (actual time=6688.773..7813.965 rows=99488 loops=1)
  Hash Cond: (mi.movie_id = t.id)
  ->  Seq Scan on movie_info mi  (cost=0.00..346232.03 rows=3068194 width=4) (actual time=2806.107..4338.514 rows=3036719 loops=1)
        Filter: (info_type_id = 16)
        Rows Removed by Filter: 11799001
  ->  Hash  (cost=170781.64..170781.64 rows=3270 width=8) (actual time=2983.037..2983.037 rows=12742 loops=1)
        Buckets: 16384 (originally 4096)  Batches: 1 (originally 1)  Memory Usage: 626kB
        ->  Hash Join  (cost=73950.44..170781.64 rows=3270 width=8) (actual time=857.223..2978.026 rows=12742 loops=1)
              Hash Cond: (mk.movie_id = t.id)
              ->  Seq Scan on movie_keyword mk  (cost=0.00..81003.12 rows=4212100 width=4) (actual time=0.033..1480.866 rows=4214377 loops=1)
                    Filter: (keyword_id < 52732)
                    Rows Removed by Filter: 309553
              ->  Hash  (cost=73925.90..73925.90 rows=1963 width=4) (actual time=856.958..856.958 rows=3361 loops=1)
                    Buckets: 4096 (originally 2048)  Batches: 1 (originally 1)  Memory Usage: 151kB
                    ->  Seq Scan on title t  (cost=0.00..73925.90 rows=1963 width=4) (actual time=297.105..855.149 rows=3361 loops=1)
                          Filter: ((kind_id < 2) AND (production_year = 1963))
                          Rows Removed by Filter: 2524951
Planning time: 1.230 ms
Execution time: 7825.882 ms
