Hash Join  (cost=496077.38..640033.89 rows=1801947 width=0) (actual time=9120.631..13762.334 rows=3629169 loops=1)
  Hash Cond: (mk.movie_id = t.id)
  ->  Seq Scan on movie_keyword mk  (cost=0.00..69693.30 rows=4523930 width=4) (actual time=0.022..1323.901 rows=4523930 loops=1)
  ->  Hash  (cost=479553.02..479553.02 rows=1007149 width=8) (actual time=9119.620..9119.620 rows=908086 loops=1)
        Buckets: 131072  Batches: 16  Memory Usage: 3243kB
        ->  Hash Join  (cost=98595.81..479553.02 rows=1007149 width=8) (actual time=3525.446..8836.831 rows=908086 loops=1)
              Hash Cond: (mi.movie_id = t.id)
              ->  Seq Scan on movie_info mi  (cost=0.00..346232.03 rows=1348138 width=4) (actual time=1102.107..4701.769 rows=1298989 loops=1)
                    Filter: (info_type_id = 4)
                    Rows Removed by Filter: 13536731
              ->  Hash  (cost=67604.59..67604.59 rows=1888978 width=4) (actual time=2422.453..2422.453 rows=1887769 loops=1)
                    Buckets: 131072  Batches: 32  Memory Usage: 3114kB
                    ->  Seq Scan on title t  (cost=0.00..67604.59 rows=1888978 width=4) (actual time=0.021..1166.309 rows=1887769 loops=1)
                          Filter: (production_year > 1983)
                          Rows Removed by Filter: 640543
Planning time: 1.264 ms
Execution time: 14149.440 ms
