Hash Join  (cost=102767.86..1310506.74 rows=20461399 width=0) (actual time=1900.665..32520.511 rows=20368683 loops=1)
  Hash Cond: (ci.movie_id = t.id)
  ->  Seq Scan on cast_info ci  (cost=0.00..705507.15 rows=20461399 width=4) (actual time=0.012..13191.198 rows=20368683 loops=1)
        Filter: (person_id < 2047830)
        Rows Removed by Filter: 15875661
  ->  Hash  (cost=61283.27..61283.27 rows=2528527 width=4) (actual time=1899.783..1899.783 rows=2528312 loops=1)
        Buckets: 131072  Batches: 64  Memory Usage: 2415kB
        ->  Seq Scan on title t  (cost=0.00..61283.27 rows=2528527 width=4) (actual time=0.017..1047.790 rows=2528312 loops=1)
Planning time: 0.869 ms
Execution time: 34966.531 ms
