Hash Join  (cost=160687.50..543972.05 rows=20473 width=0) (actual time=2722.975..9434.276 rows=1385233 loops=1)
  Hash Cond: (mi.movie_id = t.id)
  ->  Seq Scan on movie_info mi  (cost=0.00..309384.22 rows=14739122 width=4) (actual time=0.008..3386.179 rows=14835720 loops=1)
  ->  Hash  (cost=160643.60..160643.60 rows=3512 width=8) (actual time=2722.501..2722.501 rows=25096 loops=1)
        Buckets: 32768 (originally 4096)  Batches: 1 (originally 1)  Memory Usage: 1237kB
        ->  Hash Join  (cost=73950.44..160643.60 rows=3512 width=8) (actual time=999.536..2713.830 rows=25096 loops=1)
              Hash Cond: (mk.movie_id = t.id)
              ->  Seq Scan on movie_keyword mk  (cost=0.00..69693.30 rows=4523930 width=4) (actual time=0.016..888.605 rows=4523930 loops=1)
              ->  Hash  (cost=73925.90..73925.90 rows=1963 width=4) (actual time=999.356..999.356 rows=4371 loops=1)
                    Buckets: 8192 (originally 2048)  Batches: 1 (originally 1)  Memory Usage: 218kB
                    ->  Seq Scan on title t  (cost=0.00..73925.90 rows=1963 width=4) (actual time=59.422..997.356 rows=4371 loops=1)
                          Filter: ((kind_id = 1) AND (production_year = 1975))
                          Rows Removed by Filter: 2523941
Planning time: 0.989 ms
Execution time: 9609.817 ms
