Hash Join  (cost=74119.74..439679.59 rows=90392 width=0) (actual time=2876.134..21650.674 rows=133171 loops=1)
  Hash Cond: (mi.movie_id = t.id)
  ->  Seq Scan on movie_info mi  (cost=0.00..309384.22 rows=14739122 width=4) (actual time=0.017..14431.692 rows=14835720 loops=1)
  ->  Hash  (cost=73925.90..73925.90 rows=15507 width=4) (actual time=2875.997..2875.997 rows=11835 loops=1)
        Buckets: 16384  Batches: 1  Memory Usage: 545kB
        ->  Seq Scan on title t  (cost=0.00..73925.90 rows=15507 width=4) (actual time=0.028..2870.245 rows=11835 loops=1)
              Filter: ((kind_id < 7) AND (production_year = 1995))
              Rows Removed by Filter: 2516477
Planning time: 3.420 ms
Execution time: 21674.117 ms
