Hash Join  (cost=78930.19..113401.76 rows=125847 width=0) (actual time=1240.246..2032.456 rows=150725 loops=1)
  Hash Cond: (mi_idx.movie_id = t.id)
  ->  Seq Scan on movie_info_idx mi_idx  (cost=0.00..25185.44 rows=460978 width=4) (actual time=0.027..410.512 rows=459925 loops=1)
        Filter: (info_type_id = 99)
        Rows Removed by Filter: 920110
  ->  Hash  (cost=67604.59..67604.59 rows=690288 width=4) (actual time=1239.170..1239.170 rows=684146 loops=1)
        Buckets: 131072  Batches: 16  Memory Usage: 2525kB
        ->  Seq Scan on title t  (cost=0.00..67604.59 rows=690288 width=4) (actual time=0.022..1027.948 rows=684146 loops=1)
              Filter: (production_year < 1990)
              Rows Removed by Filter: 1844166
Planning time: 0.865 ms
Execution time: 2054.592 ms
