Hash Join  (cost=88334.42..239175.78 rows=1533931 width=0) (actual time=2328.288..6154.572 rows=726049 loops=1)
  Hash Cond: (mk.movie_id = t.id)
  ->  Seq Scan on movie_keyword mk  (cost=0.00..81003.12 rows=4416513 width=4) (actual time=0.022..1662.816 rows=4417275 loops=1)
        Filter: (keyword_id < 80821)
        Rows Removed by Filter: 106655
  ->  Hash  (cost=73925.90..73925.90 rows=878201 width=4) (actual time=2324.932..2324.932 rows=947729 loops=1)
        Buckets: 131072  Batches: 16  Memory Usage: 3119kB
        ->  Seq Scan on title t  (cost=0.00..73925.90 rows=878201 width=4) (actual time=0.015..1317.418 rows=947729 loops=1)
              Filter: ((kind_id > 1) AND (production_year > 2003))
              Rows Removed by Filter: 1580583
Planning time: 0.712 ms
Execution time: 6243.749 ms
