Hash Join  (cost=145726.82..176618.65 rows=14342 width=0) (actual time=2265.348..2828.038 rows=24477 loops=1)
  Hash Cond: (mi_idx.movie_id = t.id)
  ->  Seq Scan on movie_info_idx mi_idx  (cost=0.00..25185.44 rows=454124 width=4) (actual time=0.020..385.877 rows=459925 loops=1)
        Filter: (info_type_id = 100)
        Rows Removed by Filter: 920110
  ->  Hash  (cost=144416.65..144416.65 rows=79854 width=8) (actual time=2264.462..2264.462 rows=39619 loops=1)
        Buckets: 131072  Batches: 2  Memory Usage: 1799kB
        ->  Hash Join  (cost=85777.42..144416.65 rows=79854 width=8) (actual time=1352.204..2251.298 rows=39619 loops=1)
              Hash Cond: (mc.movie_id = t.id)
              ->  Seq Scan on movie_companies mc  (cost=0.00..51404.11 rows=182286 width=4) (actual time=0.086..629.487 rows=182418 loops=1)
                    Filter: (company_id < 46)
                    Rows Removed by Filter: 2426711
              ->  Hash  (cost=67604.59..67604.59 rows=1107667 width=4) (actual time=1350.672..1350.672 rows=1107925 loops=1)
                    Buckets: 131072  Batches: 16  Memory Usage: 3460kB
                    ->  Seq Scan on title t  (cost=0.00..67604.59 rows=1107667 width=4) (actual time=0.008..1006.953 rows=1107925 loops=1)
                          Filter: (production_year > 2004)
                          Rows Removed by Filter: 1420387
Planning time: 0.993 ms
Execution time: 2831.385 ms
