Hash Join  (cost=188977.06..690919.98 rows=2074599 width=0) (actual time=2891.669..19952.369 rows=24647270 loops=1)
  Hash Cond: (mi.movie_id = t.id)
  ->  Seq Scan on movie_info mi  (cost=0.00..309384.22 rows=14739122 width=4) (actual time=0.012..4855.253 rows=14835720 loops=1)
  ->  Hash  (cost=183137.28..183137.28 rows=355902 width=8) (actual time=2890.758..2890.758 rows=477794 loops=1)
        Buckets: 131072  Batches: 8  Memory Usage: 3402kB
        ->  Hash Join  (cost=84417.00..183137.28 rows=355902 width=8) (actual time=1245.742..2790.275 rows=477794 loops=1)
              Hash Cond: (mk.movie_id = t.id)
              ->  Seq Scan on movie_keyword mk  (cost=0.00..81003.12 rows=878170 width=4) (actual time=0.020..989.424 rows=885537 loops=1)
                    Filter: (keyword_id > 20827)
                    Rows Removed by Filter: 3638393
              ->  Hash  (cost=67604.59..67604.59 rows=1024753 width=4) (actual time=1244.234..1244.234 rows=1021752 loops=1)
                    Buckets: 131072  Batches: 16  Memory Usage: 3281kB
                    ->  Seq Scan on title t  (cost=0.00..67604.59 rows=1024753 width=4) (actual time=0.027..922.001 rows=1021752 loops=1)
                          Filter: (production_year < 2000)
                          Rows Removed by Filter: 1506560
Planning time: 1.031 ms
Execution time: 22570.294 ms
