Hash Join  (cost=102767.86..187154.86 rows=960178 width=0) (actual time=1843.985..3935.905 rows=969540 loops=1)
  Hash Cond: (mc.movie_id = t.id)
  ->  Seq Scan on movie_companies mc  (cost=0.00..51404.11 rows=960178 width=4) (actual time=0.034..870.621 rows=969540 loops=1)
        Filter: (company_id > 17723)
        Rows Removed by Filter: 1639589
  ->  Hash  (cost=61283.27..61283.27 rows=2528527 width=4) (actual time=1841.989..1841.989 rows=2528312 loops=1)
        Buckets: 131072  Batches: 64  Memory Usage: 2415kB
        ->  Seq Scan on title t  (cost=0.00..61283.27 rows=2528527 width=4) (actual time=0.019..1012.154 rows=2528312 loops=1)
Planning time: 0.709 ms
Execution time: 4052.535 ms
