Hash Join  (cost=307959.69..1529374.81 rows=23010641 width=0) (actual time=6091.601..33852.696 rows=17590100 loops=1)
  Hash Cond: (ci.movie_id = t.id)
  ->  Seq Scan on cast_info ci  (cost=0.00..705507.15 rows=19494491 width=4) (actual time=0.027..13583.023 rows=19396933 loops=1)
        Filter: (person_id < 1941161)
        Rows Removed by Filter: 16847411
  ->  Hash  (cost=258993.34..258993.34 rows=2984588 width=8) (actual time=6090.507..6090.507 rows=1203219 loops=1)
        Buckets: 131072  Batches: 64  Memory Usage: 1737kB
        ->  Hash Join  (cost=94973.51..258993.34 rows=2984588 width=8) (actual time=1714.472..5703.753 rows=1203219 loops=1)
              Hash Cond: (mk.movie_id = t.id)
              ->  Seq Scan on movie_keyword mk  (cost=0.00..69693.30 rows=4523930 width=4) (actual time=0.024..1292.181 rows=4523930 loops=1)
              ->  Hash  (cost=67604.59..67604.59 rows=1668154 width=4) (actual time=1710.434..1710.434 rows=1674098 loops=1)
                    Buckets: 131072  Batches: 32  Memory Usage: 2875kB
                    ->  Seq Scan on title t  (cost=0.00..67604.59 rows=1668154 width=4) (actual time=0.019..1162.030 rows=1674098 loops=1)
                          Filter: (kind_id > 3)
                          Rows Removed by Filter: 854214
Planning time: 1.144 ms
Execution time: 35813.476 ms
