Hash Join  (cost=190230.21..1482053.49 rows=18628322 width=0) (actual time=4088.669..47372.433 rows=37649177 loops=1)
  Hash Cond: (ci.movie_id = t.id)
  ->  Seq Scan on cast_info ci  (cost=0.00..705507.15 rows=34131175 width=4) (actual time=0.015..15349.688 rows=34105784 loops=1)
        Filter: (person_id < 3644736)
        Rows Removed by Filter: 2138560
  ->  Hash  (cost=167588.78..167588.78 rows=1380035 width=8) (actual time=4087.440..4087.440 rows=1380035 loops=1)
        Buckets: 131072  Batches: 32  Memory Usage: 2708kB
        ->  Hash Join  (cost=102767.86..167588.78 rows=1380035 width=8) (actual time=1740.559..3682.653 rows=1380035 loops=1)
              Hash Cond: (mi_idx.movie_id = t.id)
              ->  Seq Scan on movie_info_idx mi_idx  (cost=0.00..21735.35 rows=1380035 width=4) (actual time=0.025..443.027 rows=1380035 loops=1)
              ->  Hash  (cost=61283.27..61283.27 rows=2528527 width=4) (actual time=1738.421..1738.421 rows=2528312 loops=1)
                    Buckets: 131072  Batches: 64  Memory Usage: 2415kB
                    ->  Seq Scan on title t  (cost=0.00..61283.27 rows=2528527 width=4) (actual time=0.021..910.507 rows=2528312 loops=1)
Planning time: 5.010 ms
Execution time: 51963.583 ms
