Seq Scan on movie_keyword mk  (cost=0.00..81003.12 rows=3604629 width=0) (actual time=0.022..4306.436 rows=3614700 loops=1)
  Filter: (keyword_id < 20344)
  Rows Removed by Filter: 909230
Planning time: 0.340 ms
Execution time: 4935.885 ms
