Hash Join  (cost=102767.86..229257.34 rows=1479776 width=0) (actual time=1832.251..4752.171 rows=1491028 loops=1)
  Hash Cond: (mk.movie_id = t.id)
  ->  Seq Scan on movie_keyword mk  (cost=0.00..81003.12 rows=1479776 width=4) (actual time=0.017..1378.578 rows=1491028 loops=1)
        Filter: (keyword_id > 10904)
        Rows Removed by Filter: 3032902
  ->  Hash  (cost=61283.27..61283.27 rows=2528527 width=4) (actual time=1830.399..1830.399 rows=2528312 loops=1)
        Buckets: 131072  Batches: 64  Memory Usage: 2425kB
        ->  Seq Scan on title t  (cost=0.00..61283.27 rows=2528527 width=4) (actual time=0.014..972.977 rows=2528312 loops=1)
Planning time: 0.612 ms
Execution time: 4928.167 ms
