Hash Join  (cost=58375.65..423033.15 rows=157 width=0) (actual time=1117.694..7308.007 rows=37 loops=1)
  Hash Cond: (mi.movie_id = t.id)
  ->  Seq Scan on movie_info mi  (cost=0.00..309384.22 rows=14739122 width=4) (actual time=0.022..3879.346 rows=14835720 loops=1)
  ->  Hash  (cost=58375.31..58375.31 rows=27 width=8) (actual time=737.876..737.876 rows=2 loops=1)
        Buckets: 1024  Batches: 1  Memory Usage: 9kB
        ->  Nested Loop  (cost=0.43..58375.31 rows=27 width=8) (actual time=229.071..737.866 rows=2 loops=1)
              ->  Seq Scan on movie_companies mc  (cost=0.00..57926.93 rows=53 width=4) (actual time=229.008..737.740 rows=2 loops=1)
                    Filter: ((company_id = 128984) AND (company_type_id = 2))
                    Rows Removed by Filter: 2609127
              ->  Index Scan using title_pkey on title t  (cost=0.43..8.45 rows=1 width=4) (actual time=0.055..0.056 rows=1 loops=2)
                    Index Cond: (id = mc.movie_id)
                    Filter: (production_year < 2004)
Planning time: 3.585 ms
Execution time: 7308.191 ms
