Hash Join  (cost=205287.18..566190.16 rows=121292 width=0) (actual time=6467.831..10223.741 rows=3832799 loops=1)
  Hash Cond: (mi.movie_id = t.id)
  ->  Seq Scan on movie_info mi  (cost=0.00..346232.03 rows=1066676 width=4) (actual time=2612.952..4934.492 rows=1121972 loops=1)
        Filter: (info_type_id > 62)
        Rows Removed by Filter: 13713748
  ->  Hash  (cost=200569.18..200569.18 rows=287520 width=8) (actual time=3853.799..3853.799 rows=284990 loops=1)
        Buckets: 131072  Batches: 4  Memory Usage: 3850kB
        ->  Hash Join  (cost=102767.86..200569.18 rows=287520 width=8) (actual time=1883.230..3769.073 rows=284990 loops=1)
              Hash Cond: (mk.movie_id = t.id)
              ->  Seq Scan on movie_keyword mk  (cost=0.00..81003.12 rows=287520 width=4) (actual time=0.031..1266.804 rows=284990 loops=1)
                    Filter: (keyword_id > 56126)
                    Rows Removed by Filter: 4238940
              ->  Hash  (cost=61283.27..61283.27 rows=2528527 width=4) (actual time=1881.297..1881.297 rows=2528312 loops=1)
                    Buckets: 131072  Batches: 64  Memory Usage: 2425kB
                    ->  Seq Scan on title t  (cost=0.00..61283.27 rows=2528527 width=4) (actual time=0.016..1028.568 rows=2528312 loops=1)
Planning time: 1.094 ms
Execution time: 10680.513 ms
