Hash Join  (cost=797960.60..852628.08 rows=196 width=0) (actual time=10615.502..10995.043 rows=32 loops=1)
  Hash Cond: (mc.movie_id = t.id)
  ->  Seq Scan on movie_companies mc  (cost=0.00..44881.29 rows=2609129 width=4) (actual time=0.021..218.224 rows=2609129 loops=1)
  ->  Hash  (cost=797958.22..797958.22 rows=190 width=8) (actual time=10567.420..10567.420 rows=35 loops=1)
        Buckets: 1024  Batches: 1  Memory Usage: 10kB
        ->  Nested Loop  (cost=0.43..797958.22 rows=190 width=8) (actual time=4705.121..10567.382 rows=35 loops=1)
              ->  Seq Scan on cast_info ci  (cost=0.00..796071.18 rows=224 width=4) (actual time=4705.063..10566.557 rows=37 loops=1)
                    Filter: ((role_id > 2) AND (person_id = 2877851))
                    Rows Removed by Filter: 36244307
              ->  Index Scan using title_pkey on title t  (cost=0.43..8.41 rows=1 width=4) (actual time=0.020..0.021 rows=1 loops=37)
                    Index Cond: (id = ci.movie_id)
                    Filter: (production_year > 1966)
                    Rows Removed by Filter: 0
Planning time: 1.163 ms
Execution time: 10995.192 ms
