Hash Join  (cost=114274.67..469122.34 rows=38582 width=0) (actual time=4131.178..7588.850 rows=113718 loops=1)
  Hash Cond: (mi.movie_id = t.id)
  ->  Seq Scan on movie_info mi  (cost=0.00..346232.03 rows=2194617 width=4) (actual time=1843.775..4908.815 rows=2233850 loops=1)
        Filter: (info_type_id > 16)
        Rows Removed by Filter: 12601870
  ->  Hash  (cost=113719.00..113719.00 rows=44453 width=8) (actual time=2189.918..2189.918 rows=78396 loops=1)
        Buckets: 131072 (originally 65536)  Batches: 1 (originally 1)  Memory Usage: 4087kB
        ->  Hash Join  (cost=75262.99..113719.00 rows=44453 width=8) (actual time=1297.800..2163.147 rows=78396 loops=1)
              Hash Cond: (mi_idx.movie_id = t.id)
              ->  Seq Scan on movie_info_idx mi_idx  (cost=0.00..21735.35 rows=1380035 width=4) (actual time=0.024..385.144 rows=1380035 loops=1)
              ->  Hash  (cost=73925.90..73925.90 rows=81447 width=4) (actual time=1297.025..1297.025 rows=113905 loops=1)
                    Buckets: 131072  Batches: 2  Memory Usage: 3027kB
                    ->  Seq Scan on title t  (cost=0.00..73925.90 rows=81447 width=4) (actual time=0.036..1256.780 rows=113905 loops=1)
                          Filter: ((production_year > 1988) AND (kind_id = 4))
                          Rows Removed by Filter: 2414407
Planning time: 1.132 ms
Execution time: 7605.632 ms
