Seq Scan on movie_keyword mk  (cost=0.00..81003.12 rows=246 width=0) (actual time=75.481..1152.452 rows=21 loops=1)
  Filter: (keyword_id = 83496)
  Rows Removed by Filter: 4523909
Planning time: 0.317 ms
Execution time: 1152.539 ms
