Seq Scan on movie_companies mc  (cost=0.00..51404.11 rows=1068741 width=0) (actual time=0.019..789.047 rows=1066235 loops=1)
  Filter: (company_id < 6454)
  Rows Removed by Filter: 1542894
Planning time: 0.316 ms
Execution time: 927.747 ms
