Hash Join  (cost=193347.10..327615.53 rows=1006739 width=0) (actual time=3490.823..8114.689 rows=5726797 loops=1)
  Hash Cond: (mk.movie_id = t.id)
  ->  Seq Scan on movie_keyword mk  (cost=0.00..69693.30 rows=4523930 width=4) (actual time=0.014..1278.798 rows=4523930 loops=1)
  ->  Hash  (cost=184114.49..184114.49 rows=562689 width=8) (actual time=3489.976..3489.976 rows=286401 loops=1)
        Buckets: 131072  Batches: 8  Memory Usage: 2447kB
        ->  Hash Join  (cost=102767.86..184114.49 rows=562689 width=8) (actual time=1867.244..3397.470 rows=286401 loops=1)
              Hash Cond: (mc.movie_id = t.id)
              ->  Seq Scan on movie_companies mc  (cost=0.00..57926.93 rows=562689 width=4) (actual time=0.032..888.360 rows=286401 loops=1)
                    Filter: ((company_id > 13015) AND (company_type_id = 1))
                    Rows Removed by Filter: 2322728
              ->  Hash  (cost=61283.27..61283.27 rows=2528527 width=4) (actual time=1865.855..1865.855 rows=2528312 loops=1)
                    Buckets: 131072  Batches: 64  Memory Usage: 2415kB
                    ->  Seq Scan on title t  (cost=0.00..61283.27 rows=2528527 width=4) (actual time=0.031..980.133 rows=2528312 loops=1)
Planning time: 7.338 ms
Execution time: 8828.497 ms
