Hash Join  (cost=209167.74..281108.71 rows=296181 width=0) (actual time=4142.732..5515.178 rows=1102412 loops=1)
  Hash Cond: (mc.movie_id = t.id)
  ->  Seq Scan on movie_companies mc  (cost=0.00..51404.11 rows=1329612 width=4) (actual time=207.860..787.262 rows=1334883 loops=1)
        Filter: (company_type_id = 2)
        Rows Removed by Filter: 1274246
  ->  Hash  (cost=199926.13..199926.13 rows=563249 width=8) (actual time=3918.024..3918.024 rows=479750 loops=1)
        Buckets: 131072  Batches: 8  Memory Usage: 3408kB
        ->  Hash Join  (cost=95982.60..199926.13 rows=563249 width=8) (actual time=1801.325..3781.117 rows=479750 loops=1)
              Hash Cond: (mk.movie_id = t.id)
              ->  Seq Scan on movie_keyword mk  (cost=0.00..81003.12 rows=823383 width=4) (actual time=0.023..1204.593 rows=832110 loops=1)
                    Filter: (keyword_id > 22122)
                    Rows Removed by Filter: 3691820
              ->  Hash  (cost=67604.59..67604.59 rows=1729681 width=4) (actual time=1800.445..1800.445 rows=1725233 loops=1)
                    Buckets: 131072  Batches: 32  Memory Usage: 2931kB
                    ->  Seq Scan on title t  (cost=0.00..67604.59 rows=1729681 width=4) (actual time=0.018..1228.773 rows=1725233 loops=1)
                          Filter: (production_year > 1991)
                          Rows Removed by Filter: 803079
Planning time: 1.243 ms
Execution time: 5633.450 ms
