Hash Join  (cost=28270.40..123734.37 rows=561 width=0) (actual time=1318.091..6818.310 rows=35780 loops=1)
  Hash Cond: (mk.movie_id = t.id)
  ->  Seq Scan on movie_keyword mk  (cost=0.00..81003.12 rows=3854730 width=4) (actual time=0.030..4789.293 rows=3853167 loops=1)
        Filter: (keyword_id > 527)
        Rows Removed by Filter: 670763
  ->  Hash  (cost=28265.80..28265.80 rows=368 width=8) (actual time=1307.073..1307.073 rows=260 loops=1)
        Buckets: 1024  Batches: 1  Memory Usage: 19kB
        ->  Nested Loop  (cost=0.43..28265.80 rows=368 width=8) (actual time=118.931..1306.944 rows=260 loops=1)
              ->  Seq Scan on movie_info_idx mi_idx  (cost=0.00..25185.44 rows=368 width=4) (actual time=118.857..1281.242 rows=260 loops=1)
                    Filter: (info_type_id > 101)
                    Rows Removed by Filter: 1379775
              ->  Index Only Scan using title_pkey on title t  (cost=0.43..8.36 rows=1 width=4) (actual time=0.098..0.098 rows=1 loops=260)
                    Index Cond: (id = mi_idx.movie_id)
                    Heap Fetches: 260
Planning time: 1.084 ms
Execution time: 6823.000 ms
