Hash Join  (cost=605537.65..1575027.43 rows=7699735 width=0) (actual time=17961.592..27479.122 rows=5457966 loops=1)
  Hash Cond: (ci.movie_id = t.id)
  ->  Seq Scan on cast_info ci  (cost=0.00..796071.18 rows=5372301 width=4) (actual time=6518.245..12364.731 rows=2506457 loops=1)
        Filter: ((person_id < 2058104) AND (role_id > 4))
        Rows Removed by Filter: 33737887
  ->  Hash  (cost=546081.18..546081.18 rows=3623957 width=8) (actual time=11442.214..11442.214 rows=3624977 loops=1)
        Buckets: 131072  Batches: 64  Memory Usage: 3234kB
        ->  Hash Join  (cost=102767.86..546081.18 rows=3623957 width=8) (actual time=2103.773..10396.910 rows=3624977 loops=1)
              Hash Cond: (mi.movie_id = t.id)
              ->  Seq Scan on movie_info mi  (cost=0.00..346232.03 rows=3623957 width=4) (actual time=428.736..4852.074 rows=3624977 loops=1)
                    Filter: (info_type_id < 4)
                    Rows Removed by Filter: 11210743
              ->  Hash  (cost=61283.27..61283.27 rows=2528527 width=4) (actual time=1673.753..1673.753 rows=2528312 loops=1)
                    Buckets: 131072  Batches: 64  Memory Usage: 2425kB
                    ->  Seq Scan on title t  (cost=0.00..61283.27 rows=2528527 width=4) (actual time=0.031..850.220 rows=2528312 loops=1)
Planning time: 1.117 ms
Execution time: 28160.827 ms
