Seq Scan on movie_companies mc  (cost=0.00..57926.93 rows=53 width=0) (actual time=22.282..672.536 rows=2 loops=1)
  Filter: ((company_id = 772) AND (company_type_id = 2))
  Rows Removed by Filter: 2609127
Planning time: 2.367 ms
Execution time: 672.626 ms
