Seq Scan on movie_companies mc  (cost=0.00..51404.11 rows=4262 width=0) (actual time=0.345..722.185 rows=3783 loops=1)
  Filter: (company_id = 329)
  Rows Removed by Filter: 2605346
Planning time: 0.335 ms
Execution time: 722.959 ms
