Hash Join  (cost=190230.21..345062.78 rows=2194584 width=0) (actual time=4752.032..11093.357 rows=9259145 loops=1)
  Hash Cond: (mk.movie_id = t.id)
  ->  Seq Scan on movie_keyword mk  (cost=0.00..81003.12 rows=4020960 width=4) (actual time=0.020..1576.643 rows=4028105 loops=1)
        Filter: (keyword_id < 36377)
        Rows Removed by Filter: 495825
  ->  Hash  (cost=167588.78..167588.78 rows=1380035 width=8) (actual time=4750.787..4750.787 rows=1380035 loops=1)
        Buckets: 131072  Batches: 32  Memory Usage: 2726kB
        ->  Hash Join  (cost=102767.86..167588.78 rows=1380035 width=8) (actual time=2499.054..4347.167 rows=1380035 loops=1)
              Hash Cond: (mi_idx.movie_id = t.id)
              ->  Seq Scan on movie_info_idx mi_idx  (cost=0.00..21735.35 rows=1380035 width=4) (actual time=0.023..396.199 rows=1380035 loops=1)
              ->  Hash  (cost=61283.27..61283.27 rows=2528527 width=4) (actual time=2496.812..2496.812 rows=2528312 loops=1)
                    Buckets: 131072  Batches: 64  Memory Usage: 2415kB
                    ->  Seq Scan on title t  (cost=0.00..61283.27 rows=2528527 width=4) (actual time=0.010..868.399 rows=2528312 loops=1)
Planning time: 3.812 ms
Execution time: 12250.483 ms
