Hash Join  (cost=103503.55..1699887.96 rows=18944525 width=136) (actual time=1862.749..47986.128 rows=20487529 loops=1)
  Hash Cond: (ci.movie_id = t.id)
  ->  Seq Scan on cast_info ci  (cost=0.00..614943.12 rows=36225612 width=42) (actual time=0.020..9687.795 rows=36244344 loops=1)
  ->  Hash  (cost=67604.59..67604.59 rows=1322317 width=94) (actual time=1862.374..1862.374 rows=1322863 loops=1)
        Buckets: 32768  Batches: 64  Memory Usage: 2594kB
        ->  Seq Scan on title t  (cost=0.00..67604.59 rows=1322317 width=94) (actual time=0.028..1275.814 rows=1322863 loops=1)
              Filter: (production_year > 2001)
              Rows Removed by Filter: 1205449
Planning time: 0.964 ms
Execution time: 49108.510 ms
