Seq Scan on cast_info ci  (cost=0.00..705507.15 rows=469344 width=0) (actual time=0.036..8418.291 rows=495096 loops=1)
  Filter: (person_id > 3967622)
  Rows Removed by Filter: 35749248
Planning time: 0.316 ms
Execution time: 8464.197 ms
