Hash Join  (cost=542808.31..1367017.72 rows=4316717 width=0) (actual time=8886.940..22840.166 rows=5670166 loops=1)
  Hash Cond: (ci.movie_id = t.id)
  ->  Seq Scan on cast_info ci  (cost=0.00..705507.15 rows=5263018 width=4) (actual time=0.018..8991.595 rows=5165186 loops=1)
        Filter: (person_id < 499755)
        Rows Removed by Filter: 31079158
  ->  Hash  (cost=508782.64..508782.64 rows=2073893 width=8) (actual time=8885.858..8885.858 rows=2091068 loops=1)
        Buckets: 131072  Batches: 32  Memory Usage: 3553kB
        ->  Hash Join  (cost=102767.86..508782.64 rows=2073893 width=8) (actual time=1681.815..8255.209 rows=2091068 loops=1)
              Hash Cond: (mi.movie_id = t.id)
              ->  Seq Scan on movie_info mi  (cost=0.00..346232.03 rows=2073893 width=4) (actual time=0.017..4295.139 rows=2091068 loops=1)
                    Filter: (info_type_id < 3)
                    Rows Removed by Filter: 12744652
              ->  Hash  (cost=61283.27..61283.27 rows=2528527 width=4) (actual time=1679.826..1679.826 rows=2528312 loops=1)
                    Buckets: 131072  Batches: 64  Memory Usage: 2425kB
                    ->  Seq Scan on title t  (cost=0.00..61283.27 rows=2528527 width=4) (actual time=0.023..832.893 rows=2528312 loops=1)
Planning time: 1.133 ms
Execution time: 23569.627 ms
