Hash Join  (cost=102767.86..189142.43 rows=771670 width=0) (actual time=1563.792..3130.681 rows=557321 loops=1)
  Hash Cond: (mc.movie_id = t.id)
  ->  Seq Scan on movie_companies mc  (cost=0.00..57926.93 rows=771670 width=4) (actual time=0.035..767.699 rows=557321 loops=1)
        Filter: ((company_id > 5789) AND (company_type_id < 2))
        Rows Removed by Filter: 2051808
  ->  Hash  (cost=61283.27..61283.27 rows=2528527 width=4) (actual time=1562.372..1562.372 rows=2528312 loops=1)
        Buckets: 131072  Batches: 64  Memory Usage: 2415kB
        ->  Seq Scan on title t  (cost=0.00..61283.27 rows=2528527 width=4) (actual time=0.013..749.248 rows=2528312 loops=1)
Planning time: 0.652 ms
Execution time: 3179.582 ms
