Hash Join  (cost=799164.61..1163842.05 rows=2151 width=0) (actual time=11710.927..16962.452 rows=3429 loops=1)
  Hash Cond: (mi.movie_id = t.id)
  ->  Seq Scan on movie_info mi  (cost=0.00..309384.22 rows=14739122 width=4) (actual time=0.022..2673.031 rows=14835720 loops=1)
  ->  Hash  (cost=799160.00..799160.00 rows=369 width=8) (actual time=11709.469..11709.469 rows=671 loops=1)
        Buckets: 1024  Batches: 1  Memory Usage: 35kB
        ->  Nested Loop  (cost=0.43..799160.00 rows=369 width=8) (actual time=4927.351..11708.880 rows=671 loops=1)
              ->  Seq Scan on cast_info ci  (cost=0.00..796071.18 rows=369 width=4) (actual time=4927.157..11701.726 rows=671 loops=1)
                    Filter: ((role_id < 5) AND (person_id = 592354))
                    Rows Removed by Filter: 36243673
              ->  Index Only Scan using title_pkey on title t  (cost=0.43..8.36 rows=1 width=4) (actual time=0.010..0.010 rows=1 loops=671)
                    Index Cond: (id = ci.movie_id)
                    Heap Fetches: 671
Planning time: 1.171 ms
Execution time: 16963.195 ms
