Hash Join  (cost=102369.27..853160.45 rows=201 width=0) (actual time=3050.799..14637.327 rows=40 loops=1)
  Hash Cond: (ci.movie_id = t.id)
  ->  Seq Scan on cast_info ci  (cost=0.00..614943.12 rows=36225612 width=4) (actual time=0.026..7019.361 rows=36244344 loops=1)
  ->  Hash  (cost=102369.10..102369.10 rows=14 width=8) (actual time=767.389..767.389 rows=2 loops=1)
        Buckets: 1024  Batches: 1  Memory Usage: 9kB
        ->  Nested Loop  (cost=0.43..102369.10 rows=14 width=8) (actual time=697.303..767.382 rows=2 loops=1)
              ->  Seq Scan on movie_companies mc  (cost=0.00..57926.93 rows=6249 width=4) (actual time=0.059..707.039 rows=4155 loops=1)
                    Filter: ((company_id = 846) AND (company_type_id = 2))
                    Rows Removed by Filter: 2604974
              ->  Index Scan using title_pkey on title t  (cost=0.43..7.10 rows=1 width=4) (actual time=0.014..0.014 rows=0 loops=4155)
                    Index Cond: (id = mc.movie_id)
                    Filter: ((kind_id > 1) AND (production_year = 1989))
                    Rows Removed by Filter: 1
Planning time: 1.216 ms
Execution time: 14637.516 ms
