Hash Join  (cost=102767.86..287414.05 rows=3896681 width=0) (actual time=1640.424..6359.806 rows=3894023 loops=1)
  Hash Cond: (mk.movie_id = t.id)
  ->  Seq Scan on movie_keyword mk  (cost=0.00..81003.12 rows=3896681 width=4) (actual time=0.023..1609.766 rows=3894023 loops=1)
        Filter: (keyword_id < 29130)
        Rows Removed by Filter: 629907
  ->  Hash  (cost=61283.27..61283.27 rows=2528527 width=4) (actual time=1639.443..1639.443 rows=2528312 loops=1)
        Buckets: 131072  Batches: 64  Memory Usage: 2425kB
        ->  Seq Scan on title t  (cost=0.00..61283.27 rows=2528527 width=4) (actual time=0.011..822.931 rows=2528312 loops=1)
Planning time: 0.669 ms
Execution time: 6788.018 ms
