Hash Join  (cost=220053.79..1366858.28 rows=11000138 width=0) (actual time=3929.320..34884.310 rows=10287758 loops=1)
  Hash Cond: (ci.movie_id = t.id)
  ->  Seq Scan on cast_info ci  (cost=0.00..614943.12 rows=36225612 width=4) (actual time=0.015..11323.419 rows=36244344 loops=1)
  ->  Hash  (cost=207456.25..207456.25 rows=767803 width=8) (actual time=3928.220..3928.220 rows=405514 loops=1)
        Buckets: 131072  Batches: 16  Memory Usage: 2028kB
        ->  Hash Join  (cost=98137.04..207456.25 rows=767803 width=8) (actual time=1770.628..3802.283 rows=405514 loops=1)
              Hash Cond: (mk.movie_id = t.id)
              ->  Seq Scan on movie_keyword mk  (cost=0.00..81003.12 rows=1043211 width=4) (actual time=0.017..1125.524 rows=1044375 loops=1)
                    Filter: (keyword_id < 1039)
                    Rows Removed by Filter: 3479555
              ->  Hash  (cost=67604.59..67604.59 rows=1860996 width=4) (actual time=1769.001..1769.001 rows=1865487 loops=1)
                    Buckets: 131072  Batches: 32  Memory Usage: 3085kB
                    ->  Seq Scan on title t  (cost=0.00..67604.59 rows=1860996 width=4) (actual time=0.022..1155.407 rows=1865487 loops=1)
                          Filter: (kind_id > 1)
                          Rows Removed by Filter: 662825
Planning time: 1.097 ms
Execution time: 36134.679 ms
