Seq Scan on movie_keyword mk  (cost=0.00..81003.12 rows=246 width=0) (actual time=9.407..652.648 rows=166 loops=1)
  Filter: (keyword_id = 29800)
  Rows Removed by Filter: 4523764
Planning time: 0.348 ms
Execution time: 652.807 ms
