Seq Scan on cast_info ci  (cost=0.00..796071.18 rows=2753917 width=0) (actual time=0.015..37042.177 rows=5579866 loops=1)
  Filter: ((person_id < 750837) AND (role_id < 2))
  Rows Removed by Filter: 30664478
Planning time: 4.802 ms
Execution time: 37973.048 ms
