Seq Scan on movie_companies mc  (cost=0.00..57926.93 rows=51 width=0) (actual time=27.301..648.877 rows=9 loops=1)
  Filter: ((company_id = 26858) AND (company_type_id = 1))
  Rows Removed by Filter: 2609120
Planning time: 0.371 ms
Execution time: 648.955 ms
