Hash Join  (cost=201467.22..238738.19 rows=70207 width=0) (actual time=3263.777..4148.475 rows=305466 loops=1)
  Hash Cond: (mi_idx.movie_id = t.id)
  ->  Seq Scan on movie_info_idx mi_idx  (cost=0.00..25185.44 rows=919057 width=4) (actual time=0.033..426.722 rows=920110 loops=1)
        Filter: (info_type_id > 99)
        Rows Removed by Filter: 459925
  ->  Hash  (cost=198297.77..198297.77 rows=193156 width=8) (actual time=3262.980..3262.980 rows=196342 loops=1)
        Buckets: 131072  Batches: 4  Memory Usage: 2950kB
        ->  Hash Join  (cost=102767.86..198297.77 rows=193156 width=8) (actual time=1676.643..3217.890 rows=196342 loops=1)
              Hash Cond: (mk.movie_id = t.id)
              ->  Seq Scan on movie_keyword mk  (cost=0.00..81003.12 rows=193156 width=4) (actual time=0.039..1132.402 rows=196342 loops=1)
                    Filter: (keyword_id > 69543)
                    Rows Removed by Filter: 4327588
              ->  Hash  (cost=61283.27..61283.27 rows=2528527 width=4) (actual time=1674.137..1674.137 rows=2528312 loops=1)
                    Buckets: 131072  Batches: 64  Memory Usage: 2425kB
                    ->  Seq Scan on title t  (cost=0.00..61283.27 rows=2528527 width=4) (actual time=0.016..812.767 rows=2528312 loops=1)
Planning time: 1.059 ms
Execution time: 4186.554 ms
