Hash Join  (cost=101931.27..193140.42 rows=25313 width=0) (actual time=1492.994..3043.695 rows=201547 loops=1)
  Hash Cond: (mk.movie_id = t.id)
  ->  Seq Scan on movie_keyword mk  (cost=0.00..81003.12 rows=2654104 width=4) (actual time=0.027..1135.580 rows=2645098 loops=1)
        Filter: (keyword_id > 3202)
        Rows Removed by Filter: 1878832
  ->  Hash  (cost=101629.84..101629.84 rows=24115 width=8) (actual time=1492.697..1492.697 rows=38455 loops=1)
        Buckets: 65536 (originally 32768)  Batches: 1 (originally 1)  Memory Usage: 2015kB
        ->  Hash Join  (cost=74478.21..101629.84 rows=24115 width=8) (actual time=975.515..1480.332 rows=38455 loops=1)
              Hash Cond: (mi_idx.movie_id = t.id)
              ->  Seq Scan on movie_info_idx mi_idx  (cost=0.00..21735.35 rows=1380035 width=4) (actual time=0.021..203.015 rows=1380035 loops=1)
              ->  Hash  (cost=73925.90..73925.90 rows=44184 width=4) (actual time=975.122..975.122 rows=35489 loops=1)
                    Buckets: 65536  Batches: 1  Memory Usage: 1760kB
                    ->  Seq Scan on title t  (cost=0.00..73925.90 rows=44184 width=4) (actual time=0.101..960.359 rows=35489 loops=1)
                          Filter: ((kind_id < 7) AND (production_year = 2007))
                          Rows Removed by Filter: 2492823
Planning time: 1.406 ms
Execution time: 3067.577 ms
