Seq Scan on movie_keyword mk  (cost=0.00..81003.12 rows=2206204 width=0) (actual time=0.026..1270.621 rows=2205250 loops=1)
  Filter: (keyword_id < 4447)
  Rows Removed by Filter: 2318680
Planning time: 0.271 ms
Execution time: 1552.064 ms
