Hash Join  (cost=74407.42..843137.65 rows=246820 width=0) (actual time=4618.178..19489.096 rows=157791 loops=1)
  Hash Cond: (ci.movie_id = t.id)
  ->  Seq Scan on cast_info ci  (cost=0.00..705507.15 rows=16201301 width=4) (actual time=3702.723..12216.725 rows=16121683 loops=1)
        Filter: (role_id > 2)
        Rows Removed by Filter: 20122661
  ->  Hash  (cost=73925.90..73925.90 rows=38521 width=4) (actual time=913.963..913.963 rows=98576 loops=1)
        Buckets: 131072 (originally 65536)  Batches: 2 (originally 1)  Memory Usage: 3073kB
        ->  Seq Scan on title t  (cost=0.00..73925.90 rows=38521 width=4) (actual time=0.041..874.051 rows=98576 loops=1)
              Filter: ((kind_id < 7) AND (production_year < 1924))
              Rows Removed by Filter: 2429736
Planning time: 0.710 ms
Execution time: 19509.846 ms
