Hash Join  (cost=74148.97..161864.85 rows=12400 width=0) (actual time=1061.966..2408.075 rows=26837 loops=1)
  Hash Cond: (mk.movie_id = t.id)
  ->  Seq Scan on movie_keyword mk  (cost=0.00..81003.12 rows=1757002 width=4) (actual time=0.023..1225.732 rows=1761033 loops=1)
        Filter: (keyword_id > 7873)
        Rows Removed by Filter: 2762897
  ->  Hash  (cost=73925.90..73925.90 rows=17845 width=4) (actual time=888.020..888.020 rows=10782 loops=1)
        Buckets: 32768  Batches: 1  Memory Usage: 636kB
        ->  Seq Scan on title t  (cost=0.00..73925.90 rows=17845 width=4) (actual time=0.106..883.511 rows=10782 loops=1)
              Filter: ((kind_id < 2) AND (production_year = 2003))
              Rows Removed by Filter: 2517530
Planning time: 0.700 ms
Execution time: 2411.879 ms
