Seq Scan on movie_companies mc  (cost=0.00..57926.93 rows=825520 width=0) (actual time=0.026..812.257 rows=516863 loops=1)
  Filter: ((company_id < 16724) AND (company_type_id = 2))
  Rows Removed by Filter: 2092266
Planning time: 0.360 ms
Execution time: 875.350 ms
