Seq Scan on movie_companies mc  (cost=0.00..51404.11 rows=2171502 width=0) (actual time=0.028..874.295 rows=2169905 loops=1)
  Filter: (company_id > 326)
  Rows Removed by Filter: 439224
Planning time: 0.311 ms
Execution time: 1154.635 ms
