Hash Join  (cost=143354.04..514736.79 rows=178405 width=0) (actual time=3695.732..8223.562 rows=205806 loops=1)
  Hash Cond: (mi.movie_id = t.id)
  ->  Seq Scan on movie_info mi  (cost=0.00..346232.03 rows=6231111 width=4) (actual time=1454.367..4633.893 rows=6223494 loops=1)
        Filter: (info_type_id > 8)
        Rows Removed by Filter: 8612226
  ->  Hash  (cost=142449.11..142449.11 rows=72395 width=8) (actual time=2240.756..2240.756 rows=44656 loops=1)
        Buckets: 131072  Batches: 1  Memory Usage: 2769kB
        ->  Hash Join  (cost=70308.29..142449.11 rows=72395 width=8) (actual time=811.613..2224.639 rows=44656 loops=1)
              Hash Cond: (mc.movie_id = t.id)
              ->  Seq Scan on movie_companies mc  (cost=0.00..57926.93 rows=1110916 width=4) (actual time=0.031..1005.074 rows=901184 loops=1)
                    Filter: ((company_id < 78819) AND (company_type_id = 2))
                    Rows Removed by Filter: 1707945
              ->  Hash  (cost=67604.59..67604.59 rows=164776 width=4) (actual time=810.663..810.663 rows=164307 loops=1)
                    Buckets: 131072  Batches: 4  Memory Usage: 2482kB
                    ->  Seq Scan on title t  (cost=0.00..67604.59 rows=164776 width=4) (actual time=0.021..758.625 rows=164307 loops=1)
                          Filter: (production_year = 2012)
                          Rows Removed by Filter: 2364005
Planning time: 1.163 ms
Execution time: 8252.400 ms
