Hash Join  (cost=83074.33..447736.90 rows=665 width=0) (actual time=1640.907..6874.029 rows=309 loops=1)
  Hash Cond: (mi.movie_id = t.id)
  ->  Seq Scan on movie_info mi  (cost=0.00..309384.22 rows=14739122 width=4) (actual time=0.010..3102.786 rows=14835720 loops=1)
  ->  Hash  (cost=83072.90..83072.90 rows=114 width=8) (actual time=1110.981..1110.981 rows=38 loops=1)
        Buckets: 1024  Batches: 1  Memory Usage: 10kB
        ->  Nested Loop  (cost=0.43..83072.90 rows=114 width=8) (actual time=6.382..1110.921 rows=38 loops=1)
              ->  Seq Scan on movie_keyword mk  (cost=0.00..81003.12 rows=246 width=4) (actual time=6.329..1064.282 rows=1517 loops=1)
                    Filter: (keyword_id = 6226)
                    Rows Removed by Filter: 4522413
              ->  Index Scan using title_pkey on title t  (cost=0.43..8.40 rows=1 width=4) (actual time=0.030..0.030 rows=0 loops=1517)
                    Index Cond: (id = mk.movie_id)
                    Filter: ((production_year < 2010) AND (kind_id = 7))
                    Rows Removed by Filter: 1
Planning time: 1.153 ms
Execution time: 6874.321 ms
