Hash Join  (cost=83073.10..920097.57 rows=280 width=0) (actual time=7657.782..15915.920 rows=801 loops=1)
  Hash Cond: (ci.movie_id = t.id)
  ->  Seq Scan on cast_info ci  (cost=0.00..796071.18 rows=10920128 width=4) (actual time=6672.689..13703.470 rows=9024142 loops=1)
        Filter: ((person_id > 487253) AND (role_id = 1))
        Rows Removed by Filter: 27220202
  ->  Hash  (cost=83072.29..83072.29 rows=65 width=8) (actual time=973.059..973.059 rows=72 loops=1)
        Buckets: 1024  Batches: 1  Memory Usage: 11kB
        ->  Nested Loop  (cost=0.43..83072.29 rows=65 width=8) (actual time=53.004..972.967 rows=72 loops=1)
              ->  Seq Scan on movie_keyword mk  (cost=0.00..81003.12 rows=246 width=4) (actual time=8.554..968.165 rows=113 loops=1)
                    Filter: (keyword_id = 10330)
                    Rows Removed by Filter: 4523817
              ->  Index Scan using title_pkey on title t  (cost=0.43..8.40 rows=1 width=4) (actual time=0.039..0.039 rows=1 loops=113)
                    Index Cond: (id = mk.movie_id)
                    Filter: (kind_id = 1)
                    Rows Removed by Filter: 0
Planning time: 1.120 ms
Execution time: 15916.508 ms
