Hash Join  (cost=73983.02..128695.69 rows=4715 width=0) (actual time=1033.602..1737.892 rows=5706 loops=1)
  Hash Cond: (mc.movie_id = t.id)
  ->  Seq Scan on movie_companies mc  (cost=0.00..44881.29 rows=2609129 width=4) (actual time=0.018..366.328 rows=2609129 loops=1)
  ->  Hash  (cost=73925.90..73925.90 rows=4569 width=4) (actual time=950.364..950.364 rows=8275 loops=1)
        Buckets: 16384 (originally 8192)  Batches: 1 (originally 1)  Memory Usage: 419kB
        ->  Seq Scan on title t  (cost=0.00..73925.90 rows=4569 width=4) (actual time=102.852..946.466 rows=8275 loops=1)
              Filter: ((kind_id > 4) AND (production_year = 1971))
              Rows Removed by Filter: 2520037
Planning time: 0.709 ms
Execution time: 1738.738 ms
