Hash Join  (cost=83440.39..166739.56 rows=598364 width=0) (actual time=1126.504..3652.656 rows=895401 loops=1)
  Hash Cond: (mc.movie_id = t.id)
  ->  Seq Scan on movie_companies mc  (cost=0.00..44881.29 rows=2609129 width=4) (actual time=0.010..704.274 rows=2609129 loops=1)
  ->  Hash  (cost=73925.90..73925.90 rows=579879 width=4) (actual time=1125.671..1125.671 rows=492958 loops=1)
        Buckets: 131072  Batches: 8  Memory Usage: 3188kB
        ->  Seq Scan on title t  (cost=0.00..73925.90 rows=579879 width=4) (actual time=0.008..972.149 rows=492958 loops=1)
              Filter: ((kind_id < 7) AND (production_year > 1998))
              Rows Removed by Filter: 2035354
Planning time: 0.777 ms
Execution time: 3766.933 ms
