Hash Join  (cost=604638.83..1979392.84 rows=11149969 width=0) (actual time=35164.454..102243.663 rows=5269342 loops=1)
  Hash Cond: (ci.movie_id = t.id)
  ->  Seq Scan on cast_info ci  (cost=0.00..614943.12 rows=36225612 width=4) (actual time=0.017..42798.568 rows=36244344 loops=1)
  ->  Hash  (cost=591869.55..591869.55 rows=778262 width=8) (actual time=35163.350..35163.350 rows=232775 loops=1)
        Buckets: 131072  Batches: 16  Memory Usage: 1597kB
        ->  Hash Join  (cost=76243.83..591869.55 rows=778262 width=8) (actual time=5371.249..35024.683 rows=232775 loops=1)
              Hash Cond: (mi.movie_id = t.id)
              ->  Seq Scan on movie_info mi  (cost=0.00..346232.03 rows=13929354 width=4) (actual time=0.012..22950.123 rows=14033580 loops=1)
                    Filter: (info_type_id > 1)
                    Rows Removed by Filter: 802140
              ->  Hash  (cost=73925.90..73925.90 rows=141274 width=4) (actual time=3409.420..3409.420 rows=150659 loops=1)
                    Buckets: 131072  Batches: 2  Memory Usage: 3679kB
                    ->  Seq Scan on title t  (cost=0.00..73925.90 rows=141274 width=4) (actual time=0.028..3318.744 rows=150659 loops=1)
                          Filter: ((production_year > 2011) AND (kind_id = 7))
                          Rows Removed by Filter: 2377653
Planning time: 1.251 ms
Execution time: 102998.568 ms
