Seq Scan on cast_info ci  (cost=0.00..705507.15 rows=500 width=0) (actual time=8452.459..8907.615 rows=65 loops=1)
  Filter: (person_id = 2750397)
  Rows Removed by Filter: 36244279
Planning time: 0.341 ms
Execution time: 8907.718 ms
