Hash Join  (cost=220408.14..1435440.08 rows=17641778 width=0) (actual time=4622.408..48030.971 rows=47470011 loops=1)
  Hash Cond: (ci.movie_id = t.id)
  ->  Seq Scan on cast_info ci  (cost=0.00..614943.12 rows=36225612 width=4) (actual time=0.020..10963.102 rows=36244344 loops=1)
  ->  Hash  (cost=200204.82..200204.82 rows=1231386 width=8) (actual time=4621.117..4621.117 rows=1274246 loops=1)
        Buckets: 131072  Batches: 32  Memory Usage: 2553kB
        ->  Hash Join  (cost=102767.86..200204.82 rows=1231386 width=8) (actual time=1775.142..4224.356 rows=1274246 loops=1)
              Hash Cond: (mc.movie_id = t.id)
              ->  Seq Scan on movie_companies mc  (cost=0.00..57926.93 rows=1231386 width=4) (actual time=121.376..1052.715 rows=1274246 loops=1)
                    Filter: ((company_id < 158222) AND (company_type_id < 2))
                    Rows Removed by Filter: 1334883
              ->  Hash  (cost=61283.27..61283.27 rows=2528527 width=4) (actual time=1652.403..1652.403 rows=2528312 loops=1)
                    Buckets: 131072  Batches: 64  Memory Usage: 2415kB
                    ->  Seq Scan on title t  (cost=0.00..61283.27 rows=2528527 width=4) (actual time=0.023..788.801 rows=2528312 loops=1)
Planning time: 1.129 ms
Execution time: 53424.043 ms
