Hash Join  (cost=129274.84..881568.75 rows=150474 width=0) (actual time=1830.161..15184.524 rows=467919 loops=1)
  Hash Cond: (ci.movie_id = t.id)
  ->  Seq Scan on cast_info ci  (cost=0.00..614943.12 rows=36225612 width=4) (actual time=0.013..6099.189 rows=36244344 loops=1)
  ->  Hash  (cost=129143.56..129143.56 rows=10503 width=8) (actual time=1829.970..1829.970 rows=5688 loops=1)
        Buckets: 16384  Batches: 1  Memory Usage: 351kB
        ->  Hash Join  (cost=74299.17..129143.56 rows=10503 width=8) (actual time=877.037..1827.722 rows=5688 loops=1)
              Hash Cond: (mc.movie_id = t.id)
              ->  Seq Scan on movie_companies mc  (cost=0.00..51404.11 rows=889399 width=4) (actual time=0.026..766.684 rows=886155 loops=1)
                    Filter: (company_id < 2690)
                    Rows Removed by Filter: 1722974
              ->  Hash  (cost=73925.90..73925.90 rows=29861 width=4) (actual time=876.609..876.609 rows=17772 loops=1)
                    Buckets: 32768  Batches: 1  Memory Usage: 881kB
                    ->  Seq Scan on title t  (cost=0.00..73925.90 rows=29861 width=4) (actual time=0.125..869.202 rows=17772 loops=1)
                          Filter: ((kind_id = 1) AND (production_year = 2007))
                          Rows Removed by Filter: 2510540
Planning time: 1.146 ms
Execution time: 15249.309 ms
