Hash Join  (cost=92883.59..1433268.05 rows=20268796 width=0) (actual time=1398.102..40401.786 rows=19738439 loops=1)
  Hash Cond: (ci.movie_id = t.id)
  ->  Seq Scan on cast_info ci  (cost=0.00..705507.15 rows=33262071 width=4) (actual time=0.026..13618.688 rows=33345528 loops=1)
        Filter: (person_id > 281607)
        Rows Removed by Filter: 2898816
  ->  Hash  (cost=67604.59..67604.59 rows=1540800 width=4) (actual time=1396.671..1396.671 rows=1543264 loops=1)
        Buckets: 131072  Batches: 32  Memory Usage: 2722kB
        ->  Seq Scan on title t  (cost=0.00..67604.59 rows=1540800 width=4) (actual time=0.017..948.506 rows=1543264 loops=1)
              Filter: (kind_id > 6)
              Rows Removed by Filter: 985048
Planning time: 0.676 ms
Execution time: 42742.456 ms
