Hash Join  (cost=94699.36..452486.36 rows=4925 width=0) (actual time=4364.332..6436.118 rows=16953 loops=1)
  Hash Cond: (mi.movie_id = t.id)
  ->  Seq Scan on movie_info mi  (cost=0.00..346232.03 rows=3068194 width=4) (actual time=3081.581..4665.900 rows=3036719 loops=1)
        Filter: (info_type_id = 16)
        Rows Removed by Filter: 11799001
  ->  Hash  (cost=94648.62..94648.62 rows=4059 width=8) (actual time=1269.701..1269.701 rows=8673 loops=1)
        Buckets: 16384 (originally 4096)  Batches: 1 (originally 1)  Memory Usage: 467kB
        ->  Hash Join  (cost=67697.55..94648.62 rows=4059 width=8) (actual time=763.932..1266.585 rows=8673 loops=1)
              Hash Cond: (mi_idx.movie_id = t.id)
              ->  Seq Scan on movie_info_idx mi_idx  (cost=0.00..21735.35 rows=1380035 width=4) (actual time=0.034..215.797 rows=1380035 loops=1)
              ->  Hash  (cost=67604.59..67604.59 rows=7437 width=4) (actual time=763.666..763.666 rows=15000 loops=1)
                    Buckets: 16384 (originally 8192)  Batches: 1 (originally 1)  Memory Usage: 656kB
                    ->  Seq Scan on title t  (cost=0.00..67604.59 rows=7437 width=4) (actual time=0.053..757.017 rows=15000 loops=1)
                          Filter: (production_year = 1970)
                          Rows Removed by Filter: 2513312
Planning time: 1.127 ms
Execution time: 6438.905 ms
