Hash Join  (cost=1018504.83..4002846.14 rows=148224827 width=0) (actual time=24112.145..135220.142 rows=314666340 loops=1)
  Hash Cond: (ci.movie_id = t.id)
  ->  Seq Scan on cast_info ci  (cost=0.00..705507.15 rows=25428277 width=4) (actual time=0.021..12898.793 rows=25444406 loops=1)
        Filter: (person_id < 2626835)
        Rows Removed by Filter: 10799938
  ->  Hash  (cost=776690.81..776690.81 rows=14739122 width=8) (actual time=24105.931..24105.931 rows=14835720 loops=1)
        Buckets: 131072  Batches: 256  Memory Usage: 3268kB
        ->  Hash Join  (cost=102767.86..776690.81 rows=14739122 width=8) (actual time=1484.805..19452.530 rows=14835720 loops=1)
              Hash Cond: (mi.movie_id = t.id)
              ->  Seq Scan on movie_info mi  (cost=0.00..309384.22 rows=14739122 width=4) (actual time=0.015..4776.440 rows=14835720 loops=1)
              ->  Hash  (cost=61283.27..61283.27 rows=2528527 width=4) (actual time=1483.732..1483.732 rows=2528312 loops=1)
                    Buckets: 131072  Batches: 64  Memory Usage: 2425kB
                    ->  Seq Scan on title t  (cost=0.00..61283.27 rows=2528527 width=4) (actual time=0.004..734.660 rows=2528312 loops=1)
Planning time: 1.240 ms
Execution time: 169623.004 ms
