Seq Scan on movie_keyword mk  (cost=0.00..81003.12 rows=160846 width=0) (actual time=133.084..541.293 rows=156802 loops=1)
  Filter: (keyword_id > 73181)
  Rows Removed by Filter: 4367128
Planning time: 0.320 ms
Execution time: 552.436 ms
