Hash Join  (cost=248440.57..1532194.76 rows=19923597 width=0) (actual time=5116.595..33696.177 rows=9237252 loops=1)
  Hash Cond: (ci.movie_id = t.id)
  ->  Seq Scan on cast_info ci  (cost=0.00..614943.12 rows=36225612 width=4) (actual time=0.021..10480.999 rows=36244344 loops=1)
  ->  Hash  (cost=225624.36..225624.36 rows=1390656 width=8) (actual time=5113.712..5113.712 rows=371629 loops=1)
        Buckets: 131072  Batches: 32  Memory Usage: 1434kB
        ->  Hash Join  (cost=86678.77..225624.36 rows=1390656 width=8) (actual time=1133.305..4997.132 rows=371629 loops=1)
              Hash Cond: (mk.movie_id = t.id)
              ->  Seq Scan on movie_keyword mk  (cost=0.00..69693.30 rows=4523930 width=4) (actual time=0.012..1153.833 rows=4523930 loops=1)
              ->  Hash  (cost=73925.90..73925.90 rows=777269 width=4) (actual time=1119.717..1119.717 rows=690703 loops=1)
                    Buckets: 131072  Batches: 16  Memory Usage: 2547kB
                    ->  Seq Scan on title t  (cost=0.00..73925.90 rows=777269 width=4) (actual time=0.024..917.647 rows=690703 loops=1)
                          Filter: ((kind_id > 4) AND (production_year < 2004))
                          Rows Removed by Filter: 1837609
Planning time: 1.035 ms
Execution time: 34707.030 ms
