Hash Join  (cost=1018504.83..3194831.44 rows=94305975 width=0) (actual time=24842.784..101215.621 rows=210313224 loops=1)
  Hash Cond: (ci.movie_id = t.id)
  ->  Seq Scan on cast_info ci  (cost=0.00..705507.15 rows=16178386 width=4) (actual time=0.113..11560.115 rows=16061701 loops=1)
        Filter: (person_id < 1590123)
        Rows Removed by Filter: 20182643
  ->  Hash  (cost=776690.81..776690.81 rows=14739122 width=8) (actual time=24538.143..24538.143 rows=14835720 loops=1)
        Buckets: 131072  Batches: 256  Memory Usage: 3268kB
        ->  Hash Join  (cost=102767.86..776690.81 rows=14739122 width=8) (actual time=2270.842..19844.433 rows=14835720 loops=1)
              Hash Cond: (mi.movie_id = t.id)
              ->  Seq Scan on movie_info mi  (cost=0.00..309384.22 rows=14739122 width=4) (actual time=0.011..4798.428 rows=14835720 loops=1)
              ->  Hash  (cost=61283.27..61283.27 rows=2528527 width=4) (actual time=2270.047..2270.047 rows=2528312 loops=1)
                    Buckets: 131072  Batches: 64  Memory Usage: 2425kB
                    ->  Seq Scan on title t  (cost=0.00..61283.27 rows=2528527 width=4) (actual time=0.027..810.293 rows=2528312 loops=1)
Planning time: 1.045 ms
Execution time: 125158.178 ms
