Hash Join  (cost=73930.93..130323.20 rows=211 width=0) (actual time=954.015..1183.948 rows=9 loops=1)
  Hash Cond: (mc.movie_id = t.id)
  ->  Seq Scan on movie_companies mc  (cost=0.00..51404.11 rows=1329612 width=4) (actual time=0.015..440.584 rows=1334883 loops=1)
        Filter: (company_type_id = 2)
        Rows Removed by Filter: 1274246
  ->  Hash  (cost=73925.90..73925.90 rows=402 width=4) (actual time=630.626..630.626 rows=137 loops=1)
        Buckets: 1024  Batches: 1  Memory Usage: 13kB
        ->  Seq Scan on title t  (cost=0.00..73925.90 rows=402 width=4) (actual time=0.669..630.512 rows=137 loops=1)
              Filter: ((production_year > 2013) AND (kind_id = 7))
              Rows Removed by Filter: 2528175
Planning time: 0.667 ms
Execution time: 1184.023 ms
