Hash Join  (cost=102316.52..468872.75 rows=190032 width=0) (actual time=1962.760..10597.752 rows=1068930 loops=1)
  Hash Cond: (mi.movie_id = t.id)
  ->  Seq Scan on movie_info mi  (cost=0.00..309384.22 rows=14739122 width=4) (actual time=0.023..3121.485 rows=14835720 loops=1)
  ->  Hash  (cost=101909.02..101909.02 rows=32600 width=8) (actual time=1568.804..1568.804 rows=84006 loops=1)
        Buckets: 131072 (originally 32768)  Batches: 2 (originally 1)  Memory Usage: 3073kB
        ->  Hash Join  (cost=74672.54..101909.02 rows=32600 width=8) (actual time=932.865..1537.791 rows=84006 loops=1)
              Hash Cond: (mi_idx.movie_id = t.id)
              ->  Seq Scan on movie_info_idx mi_idx  (cost=0.00..21735.35 rows=1380035 width=4) (actual time=0.017..240.286 rows=1380035 loops=1)
              ->  Hash  (cost=73925.90..73925.90 rows=59731 width=4) (actual time=932.509..932.509 rows=64886 loops=1)
                    Buckets: 65536  Batches: 1  Memory Usage: 2794kB
                    ->  Seq Scan on title t  (cost=0.00..73925.90 rows=59731 width=4) (actual time=0.017..908.166 rows=64886 loops=1)
                          Filter: ((production_year < 2008) AND (kind_id = 2))
                          Rows Removed by Filter: 2463426
Planning time: 1.069 ms
Execution time: 10717.119 ms
