Hash Join  (cost=479456.19..616502.45 rows=1234822 width=0) (actual time=8420.788..9825.639 rows=364632 loops=1)
  Hash Cond: (mk.movie_id = t.id)
  ->  Seq Scan on movie_keyword mk  (cost=0.00..69693.30 rows=4523930 width=4) (actual time=0.032..1160.938 rows=4523930 loops=1)
  ->  Hash  (cost=468133.07..468133.07 rows=690170 width=8) (actual time=6681.335..6681.335 rows=216669 loops=1)
        Buckets: 131072  Batches: 16  Memory Usage: 1553kB
        ->  Hash Join  (cost=87731.24..468133.07 rows=690170 width=8) (actual time=2423.030..6622.176 rows=216669 loops=1)
              Hash Cond: (mi.movie_id = t.id)
              ->  Seq Scan on movie_info mi  (cost=0.00..346232.03 rows=2073893 width=4) (actual time=945.840..4063.563 rows=2091068 loops=1)
                    Filter: (info_type_id < 3)
                    Rows Removed by Filter: 12744652
              ->  Hash  (cost=73925.90..73925.90 rows=841467 width=4) (actual time=1476.081..1476.081 rows=921643 loops=1)
                    Buckets: 131072  Batches: 16  Memory Usage: 3062kB
                    ->  Seq Scan on title t  (cost=0.00..73925.90 rows=841467 width=4) (actual time=48.338..1179.189 rows=921643 loops=1)
                          Filter: ((production_year > 2000) AND (kind_id = 7))
                          Rows Removed by Filter: 1606669
Planning time: 1.084 ms
Execution time: 9874.027 ms
