Hash Join  (cost=102767.86..185633.13 rows=625867 width=0) (actual time=1963.751..3146.438 rows=383871 loops=1)
  Hash Cond: (mc.movie_id = t.id)
  ->  Seq Scan on movie_companies mc  (cost=0.00..57926.93 rows=625867 width=4) (actual time=368.168..838.186 rows=383871 loops=1)
        Filter: ((company_id > 11373) AND (company_type_id < 2))
        Rows Removed by Filter: 2225258
  ->  Hash  (cost=61283.27..61283.27 rows=2528527 width=4) (actual time=1593.834..1593.834 rows=2528312 loops=1)
        Buckets: 131072  Batches: 64  Memory Usage: 2415kB
        ->  Seq Scan on title t  (cost=0.00..61283.27 rows=2528527 width=4) (actual time=0.028..760.132 rows=2528312 loops=1)
Planning time: 0.690 ms
Execution time: 3192.842 ms
