Hash Join  (cost=187297.78..228860.54 rows=225528 width=0) (actual time=3751.790..5239.679 rows=1017300 loops=1)
  Hash Cond: (mi_idx.movie_id = t.id)
  ->  Seq Scan on movie_info_idx mi_idx  (cost=0.00..21735.35 rows=1380035 width=4) (actual time=0.017..371.293 rows=1380035 loops=1)
  ->  Hash  (cost=180517.57..180517.57 rows=413217 width=8) (actual time=3750.948..3750.948 rows=738406 loops=1)
        Buckets: 131072 (originally 131072)  Batches: 16 (originally 8)  Memory Usage: 3073kB
        ->  Hash Join  (cost=102767.86..180517.57 rows=413217 width=8) (actual time=1650.187..3522.194 rows=738406 loops=1)
              Hash Cond: (mc.movie_id = t.id)
              ->  Seq Scan on movie_companies mc  (cost=0.00..57926.93 rows=413217 width=4) (actual time=0.031..842.826 rows=738406 loops=1)
                    Filter: ((company_id > 28339) AND (company_type_id = 2))
                    Rows Removed by Filter: 1870723
              ->  Hash  (cost=61283.27..61283.27 rows=2528527 width=4) (actual time=1648.746..1648.746 rows=2528312 loops=1)
                    Buckets: 131072  Batches: 64  Memory Usage: 2415kB
                    ->  Seq Scan on title t  (cost=0.00..61283.27 rows=2528527 width=4) (actual time=0.020..790.163 rows=2528312 loops=1)
Planning time: 1.011 ms
Execution time: 5375.403 ms
