Hash Join  (cost=137214.02..275479.19 rows=485784 width=0) (actual time=2640.783..5640.075 rows=369140 loops=1)
  Hash Cond: (mk.movie_id = t.id)
  ->  Seq Scan on movie_keyword mk  (cost=0.00..81003.12 rows=4438719 width=4) (actual time=0.012..1461.939 rows=4440654 loops=1)
        Filter: (keyword_id < 86804)
        Rows Removed by Filter: 83276
  ->  Hash  (cost=132673.92..132673.92 rows=276728 width=8) (actual time=2640.076..2640.076 rows=141906 loops=1)
        Buckets: 131072  Batches: 4  Memory Usage: 2413kB
        ->  Hash Join  (cost=92883.59..132673.92 rows=276728 width=8) (actual time=1797.064..2591.971 rows=141906 loops=1)
              Hash Cond: (mi_idx.movie_id = t.id)
              ->  Seq Scan on movie_info_idx mi_idx  (cost=0.00..25185.44 rows=454124 width=4) (actual time=0.040..445.328 rows=459925 loops=1)
                    Filter: (info_type_id = 100)
                    Rows Removed by Filter: 920110
              ->  Hash  (cost=67604.59..67604.59 rows=1540800 width=4) (actual time=1564.643..1564.643 rows=1543264 loops=1)
                    Buckets: 131072  Batches: 32  Memory Usage: 2722kB
                    ->  Seq Scan on title t  (cost=0.00..67604.59 rows=1540800 width=4) (actual time=241.607..1068.325 rows=1543264 loops=1)
                          Filter: (kind_id = 7)
                          Rows Removed by Filter: 985048
Planning time: 1.081 ms
Execution time: 5675.768 ms
