Hash Join  (cost=218247.69..710957.11 rows=3342322 width=0) (actual time=4611.790..17053.389 rows=15044928 loops=1)
  Hash Cond: (mi.movie_id = t.id)
  ->  Seq Scan on movie_info mi  (cost=0.00..346232.03 rows=9476311 width=4) (actual time=401.865..5422.888 rows=9565151 loops=1)
        Filter: (info_type_id < 16)
        Rows Removed by Filter: 5270569
  ->  Hash  (cost=203615.95..203615.95 rows=891819 width=8) (actual time=4209.015..4209.015 rows=662644 loops=1)
        Buckets: 131072  Batches: 16  Memory Usage: 2718kB
        ->  Hash Join  (cost=87180.69..203615.95 rows=891819 width=8) (actual time=1425.362..4006.627 rows=662644 loops=1)
              Hash Cond: (mk.movie_id = t.id)
              ->  Seq Scan on movie_keyword mk  (cost=0.00..81003.12 rows=1889853 width=4) (actual time=0.056..1327.304 rows=1901276 loops=1)
                    Filter: (keyword_id < 3260)
                    Rows Removed by Filter: 2622654
              ->  Hash  (cost=67604.59..67604.59 rows=1193208 width=4) (actual time=1424.119..1424.119 rows=1192518 loops=1)
                    Buckets: 131072  Batches: 16  Memory Usage: 3654kB
                    ->  Seq Scan on title t  (cost=0.00..67604.59 rows=1193208 width=4) (actual time=0.020..1029.439 rows=1192518 loops=1)
                          Filter: (production_year > 2003)
                          Rows Removed by Filter: 1335794
Planning time: 1.136 ms
Execution time: 18617.721 ms
