Hash Join  (cost=91342.70..179437.20 rows=1027489 width=0) (actual time=4145.320..9339.988 rows=1195868 loops=1)
  Hash Cond: (mc.movie_id = t.id)
  ->  Seq Scan on movie_companies mc  (cost=0.00..51404.11 rows=1795599 width=4) (actual time=0.020..2802.912 rows=1803337 loops=1)
        Filter: (company_id > 1822)
        Rows Removed by Filter: 805792
  ->  Hash  (cost=67604.59..67604.59 rows=1446889 width=4) (actual time=4143.788..4143.788 rows=1443298 loops=1)
        Buckets: 131072  Batches: 32  Memory Usage: 2608kB
        ->  Seq Scan on title t  (cost=0.00..67604.59 rows=1446889 width=4) (actual time=0.021..3493.047 rows=1443298 loops=1)
              Filter: (production_year < 2006)
              Rows Removed by Filter: 1085014
Planning time: 3.606 ms
Execution time: 9503.492 ms
