Hash Join  (cost=210618.23..1371597.83 rows=7972039 width=0) (actual time=5014.766..38456.160 rows=27614630 loops=1)
  Hash Cond: (ci.movie_id = t.id)
  ->  Seq Scan on cast_info ci  (cost=0.00..614943.12 rows=36225612 width=4) (actual time=0.023..10551.977 rows=36244344 loops=1)
  ->  Hash  (cost=201488.68..201488.68 rows=556444 width=8) (actual time=5013.693..5013.693 rows=839452 loops=1)
        Buckets: 131072 (originally 131072)  Batches: 16 (originally 8)  Memory Usage: 3125kB
        ->  Hash Join  (cost=72707.20..201488.68 rows=556444 width=8) (actual time=1469.346..4742.156 rows=839452 loops=1)
              Hash Cond: (mk.movie_id = t.id)
              ->  Seq Scan on movie_keyword mk  (cost=0.00..69693.30 rows=4523930 width=4) (actual time=0.023..1166.363 rows=4523930 loops=1)
              ->  Hash  (cost=67604.59..67604.59 rows=311009 width=4) (actual time=1468.022..1468.022 rows=309534 loops=1)
                    Buckets: 131072  Batches: 8  Memory Usage: 2384kB
                    ->  Seq Scan on title t  (cost=0.00..67604.59 rows=311009 width=4) (actual time=0.035..839.468 rows=309534 loops=1)
                          Filter: (production_year < 1966)
                          Rows Removed by Filter: 2218778
Planning time: 1.024 ms
Execution time: 41530.501 ms
