Hash Join  (cost=89893.22..865787.82 rows=1662955 width=0) (actual time=2863.446..14903.077 rows=2347489 loops=1)
  Hash Cond: (ci.movie_id = t.id)
  ->  Seq Scan on cast_info ci  (cost=0.00..705507.15 rows=4320508 width=4) (actual time=1414.156..10563.361 rows=4323018 loops=1)
        Filter: (role_id = 10)
        Rows Removed by Filter: 31921326
  ->  Hash  (cost=73925.90..73925.90 rows=973225 width=4) (actual time=1448.167..1448.167 rows=1057588 loops=1)
        Buckets: 131072  Batches: 16  Memory Usage: 3355kB
        ->  Seq Scan on title t  (cost=0.00..73925.90 rows=973225 width=4) (actual time=0.034..1119.330 rows=1057588 loops=1)
              Filter: ((kind_id > 1) AND (production_year > 2001))
              Rows Removed by Filter: 1470724
Planning time: 0.684 ms
Execution time: 15182.807 ms
