Seq Scan on cast_info ci  (cost=0.00..705507.15 rows=500 width=0) (actual time=6326.995..8300.386 rows=10 loops=1)
  Filter: (person_id = 1900467)
  Rows Removed by Filter: 36244334
Planning time: 0.311 ms
Execution time: 8300.464 ms
