Hash Join  (cost=168767.97..533843.66 rows=41977 width=0) (actual time=2616.096..8742.969 rows=309428 loops=1)
  Hash Cond: (mi.movie_id = t.id)
  ->  Seq Scan on movie_info mi  (cost=0.00..309384.22 rows=14739122 width=4) (actual time=0.029..3050.676 rows=14835720 loops=1)
  ->  Hash  (cost=168677.96..168677.96 rows=7201 width=8) (actual time=2615.793..2615.793 rows=10745 loops=1)
        Buckets: 16384 (originally 8192)  Batches: 1 (originally 1)  Memory Usage: 548kB
        ->  Hash Join  (cost=83580.70..168677.96 rows=7201 width=8) (actual time=1411.053..2611.321 rows=10745 loops=1)
              Hash Cond: (mk.movie_id = t.id)
              ->  Seq Scan on movie_keyword mk  (cost=0.00..81003.12 rows=18699 width=4) (actual time=0.025..1026.816 rows=20522 loops=1)
                    Filter: (keyword_id = 382)
                    Rows Removed by Filter: 4503408
              ->  Hash  (cost=67604.59..67604.59 rows=973769 width=4) (actual time=1410.085..1410.085 rows=971188 loops=1)
                    Buckets: 131072  Batches: 16  Memory Usage: 3168kB
                    ->  Seq Scan on title t  (cost=0.00..67604.59 rows=973769 width=4) (actual time=0.029..1090.221 rows=971188 loops=1)
                          Filter: (production_year < 1999)
                          Rows Removed by Filter: 1557124
Planning time: 1.165 ms
Execution time: 8786.001 ms
