Hash Join  (cost=160737.19..957552.93 rows=74463 width=0) (actual time=2414.485..17097.381 rows=698752 loops=1)
  Hash Cond: (ci.movie_id = t.id)
  ->  Seq Scan on cast_info ci  (cost=0.00..614943.12 rows=36225612 width=4) (actual time=0.025..6836.853 rows=36244344 loops=1)
  ->  Hash  (cost=160672.23..160672.23 rows=5197 width=8) (actual time=2414.119..2414.119 rows=18749 loops=1)
        Buckets: 32768 (originally 8192)  Batches: 1 (originally 1)  Memory Usage: 989kB
        ->  Hash Join  (cost=73962.22..160672.23 rows=5197 width=8) (actual time=904.162..2408.043 rows=18749 loops=1)
              Hash Cond: (mk.movie_id = t.id)
              ->  Seq Scan on movie_keyword mk  (cost=0.00..69693.30 rows=4523930 width=4) (actual time=0.018..717.366 rows=4523930 loops=1)
              ->  Hash  (cost=73925.90..73925.90 rows=2905 width=4) (actual time=902.634..902.634 rows=2748 loops=1)
                    Buckets: 4096  Batches: 1  Memory Usage: 129kB
                    ->  Seq Scan on title t  (cost=0.00..73925.90 rows=2905 width=4) (actual time=0.574..901.192 rows=2748 loops=1)
                          Filter: ((kind_id < 7) AND (production_year = 1951))
                          Rows Removed by Filter: 2525564
Planning time: 1.417 ms
Execution time: 17190.097 ms
