Seq Scan on cast_info ci  (cost=0.00..796071.18 rows=1298495 width=0) (actual time=3053.132..10328.344 rows=894998 loops=1)
  Filter: ((person_id < 1146551) AND (role_id = 3))
  Rows Removed by Filter: 35349346
Planning time: 0.366 ms
Execution time: 10432.601 ms
