Hash Join  (cost=513437.85..635200.54 rows=1120069 width=0) (actual time=9040.529..12212.847 rows=2400896 loops=1)
  Hash Cond: (mk.movie_id = t.id)
  ->  Seq Scan on movie_keyword mk  (cost=0.00..81003.12 rows=2100767 width=4) (actual time=0.019..1281.629 rows=2109538 loops=1)
        Filter: (keyword_id < 3818)
        Rows Removed by Filter: 2414392
  ->  Hash  (cost=491319.12..491319.12 rows=1348138 width=8) (actual time=9039.952..9039.952 rows=1298989 loops=1)
        Buckets: 131072  Batches: 32  Memory Usage: 2610kB
        ->  Hash Join  (cost=102767.86..491319.12 rows=1348138 width=8) (actual time=3930.107..8530.181 rows=1298989 loops=1)
              Hash Cond: (mi.movie_id = t.id)
              ->  Seq Scan on movie_info mi  (cost=0.00..346232.03 rows=1348138 width=4) (actual time=1744.047..4215.442 rows=1298989 loops=1)
                    Filter: (info_type_id = 4)
                    Rows Removed by Filter: 13536731
              ->  Hash  (cost=61283.27..61283.27 rows=2528527 width=4) (actual time=2184.872..2184.872 rows=2528312 loops=1)
                    Buckets: 131072  Batches: 64  Memory Usage: 2425kB
                    ->  Seq Scan on title t  (cost=0.00..61283.27 rows=2528527 width=4) (actual time=0.018..757.689 rows=2528312 loops=1)
Planning time: 0.763 ms
Execution time: 12524.653 ms
