Hash Join  (cost=191219.28..688101.11 rows=1600289 width=0) (actual time=3032.058..14252.900 rows=939556 loops=1)
  Hash Cond: (mi.movie_id = t.id)
  ->  Seq Scan on movie_info mi  (cost=0.00..309384.22 rows=14739122 width=4) (actual time=0.012..4568.427 rows=14835720 loops=1)
  ->  Hash  (cost=186714.62..186714.62 rows=274533 width=8) (actual time=3030.066..3030.066 rows=89032 loops=1)
        Buckets: 131072  Batches: 4  Memory Usage: 1915kB
        ->  Hash Join  (cost=80069.96..186714.62 rows=274533 width=8) (actual time=837.291..2994.904 rows=89032 loops=1)
              Hash Cond: (mk.movie_id = t.id)
              ->  Seq Scan on movie_keyword mk  (cost=0.00..81003.12 rows=1853655 width=4) (actual time=0.024..1288.335 rows=1858589 loops=1)
                    Filter: (keyword_id > 7430)
                    Rows Removed by Filter: 2665341
              ->  Hash  (cost=73925.90..73925.90 rows=374484 width=4) (actual time=835.678..835.678 rows=383564 loops=1)
                    Buckets: 131072  Batches: 8  Memory Usage: 2720kB
                    ->  Seq Scan on title t  (cost=0.00..73925.90 rows=374484 width=4) (actual time=0.024..739.202 rows=383564 loops=1)
                          Filter: ((kind_id > 2) AND (production_year > 2009))
                          Rows Removed by Filter: 2144748
Planning time: 1.246 ms
Execution time: 14342.865 ms
