Hash Join  (cost=719511.94..2390293.67 rows=47816757 width=0) (actual time=22871.846..95288.257 rows=181624731 loops=1)
  Hash Cond: (ci.movie_id = t.id)
  ->  Seq Scan on cast_info ci  (cost=0.00..796071.18 rows=20999395 width=4) (actual time=4465.150..15920.189 rows=20587827 loops=1)
        Filter: ((person_id > 428824) AND (role_id < 4))
        Rows Removed by Filter: 15656517
  ->  Hash  (cost=625051.03..625051.03 rows=5757593 width=8) (actual time=18402.385..18402.385 rows=10872384 loops=1)
        Buckets: 131072 (originally 131072)  Batches: 256 (originally 128)  Memory Usage: 3073kB
        ->  Hash Join  (cost=83810.17..625051.03 rows=5757593 width=8) (actual time=1181.364..15360.378 rows=10872384 loops=1)
              Hash Cond: (mi.movie_id = t.id)
              ->  Seq Scan on movie_info mi  (cost=0.00..309384.22 rows=14739122 width=4) (actual time=0.029..4398.527 rows=14835720 loops=1)
              ->  Hash  (cost=67604.59..67604.59 rows=987727 width=4) (actual time=1180.348..1180.348 rows=985048 loops=1)
                    Buckets: 131072  Batches: 16  Memory Usage: 3197kB
                    ->  Seq Scan on title t  (cost=0.00..67604.59 rows=987727 width=4) (actual time=0.032..868.492 rows=985048 loops=1)
                          Filter: (kind_id < 7)
                          Rows Removed by Filter: 1543264
Planning time: 1.134 ms
Execution time: 115323.128 ms
