Seq Scan on movie_keyword mk  (cost=0.00..81003.12 rows=246 width=0) (actual time=22.498..1092.332 rows=373 loops=1)
  Filter: (keyword_id = 20332)
  Rows Removed by Filter: 4523557
Planning time: 0.321 ms
Execution time: 1092.563 ms
