Nested Loop  (cost=0.43..709671.90 rows=500 width=0) (actual time=8112.844..8428.605 rows=1 loops=1)
  ->  Seq Scan on cast_info ci  (cost=0.00..705507.15 rows=500 width=4) (actual time=8112.671..8428.430 rows=1 loops=1)
        Filter: (person_id = 170133)
        Rows Removed by Filter: 36244343
  ->  Index Only Scan using title_pkey on title t  (cost=0.43..8.32 rows=1 width=4) (actual time=0.088..0.089 rows=1 loops=1)
        Index Cond: (id = ci.movie_id)
        Heap Fetches: 1
Planning time: 0.735 ms
Execution time: 8428.676 ms
