Hash Join  (cost=83073.25..447733.66 rows=448 width=0) (actual time=1058.621..6283.992 rows=5378 loops=1)
  Hash Cond: (mi.movie_id = t.id)
  ->  Seq Scan on movie_info mi  (cost=0.00..309384.22 rows=14739122 width=4) (actual time=0.019..2832.715 rows=14835720 loops=1)
  ->  Hash  (cost=83072.29..83072.29 rows=77 width=8) (actual time=1054.800..1054.800 rows=64 loops=1)
        Buckets: 1024  Batches: 1  Memory Usage: 11kB
        ->  Nested Loop  (cost=0.43..83072.29 rows=77 width=8) (actual time=15.918..1054.687 rows=64 loops=1)
              ->  Seq Scan on movie_keyword mk  (cost=0.00..81003.12 rows=246 width=4) (actual time=3.601..1026.255 rows=866 loops=1)
                    Filter: (keyword_id = 3499)
                    Rows Removed by Filter: 4523064
              ->  Index Scan using title_pkey on title t  (cost=0.43..8.40 rows=1 width=4) (actual time=0.032..0.032 rows=0 loops=866)
                    Index Cond: (id = mk.movie_id)
                    Filter: (production_year > 2007)
                    Rows Removed by Filter: 1
Planning time: 1.105 ms
Execution time: 6285.161 ms
