Hash Join  (cost=263115.61..433974.47 rows=3371489 width=0) (actual time=5441.678..13994.086 rows=25185441 loops=1)
  Hash Cond: (mk.movie_id = t.id)
  ->  Seq Scan on movie_keyword mk  (cost=0.00..81003.12 rows=3267336 width=4) (actual time=0.014..1480.695 rows=3257107 loops=1)
        Filter: (keyword_id < 14081)
        Rows Removed by Filter: 1266823
  ->  Hash  (cost=220309.49..220309.49 rows=2609129 width=8) (actual time=5440.808..5440.808 rows=2609129 loops=1)
        Buckets: 131072  Batches: 64  Memory Usage: 2691kB
        ->  Hash Join  (cost=102767.86..220309.49 rows=2609129 width=8) (actual time=1506.183..4713.819 rows=2609129 loops=1)
              Hash Cond: (mc.movie_id = t.id)
              ->  Seq Scan on movie_companies mc  (cost=0.00..44881.29 rows=2609129 width=4) (actual time=0.021..707.552 rows=2609129 loops=1)
              ->  Hash  (cost=61283.27..61283.27 rows=2528527 width=4) (actual time=1505.362..1505.362 rows=2528312 loops=1)
                    Buckets: 131072  Batches: 64  Memory Usage: 2415kB
                    ->  Seq Scan on title t  (cost=0.00..61283.27 rows=2528527 width=4) (actual time=0.019..738.668 rows=2528312 loops=1)
Planning time: 1.055 ms
Execution time: 16548.488 ms
