Seq Scan on cast_info ci  (cost=0.00..705507.15 rows=3149229 width=0) (actual time=15.760..32098.848 rows=3052868 loops=1)
  Filter: (person_id < 296324)
  Rows Removed by Filter: 33191476
Planning time: 0.337 ms
Execution time: 32660.340 ms
