Hash Join  (cost=83810.17..164587.27 rows=479554 width=0) (actual time=1648.297..4079.940 rows=922161 loops=1)
  Hash Cond: (mc.movie_id = t.id)
  ->  Seq Scan on movie_companies mc  (cost=0.00..57926.93 rows=1227631 width=4) (actual time=406.497..1050.411 rows=1294531 loops=1)
        Filter: ((company_id > 57) AND (company_type_id = 2))
        Rows Removed by Filter: 1314598
  ->  Hash  (cost=67604.59..67604.59 rows=987727 width=4) (actual time=1240.906..1240.906 rows=985048 loops=1)
        Buckets: 131072  Batches: 16  Memory Usage: 3188kB
        ->  Seq Scan on title t  (cost=0.00..67604.59 rows=987727 width=4) (actual time=0.037..942.164 rows=985048 loops=1)
              Filter: (kind_id < 7)
              Rows Removed by Filter: 1543264
Planning time: 0.676 ms
Execution time: 4190.789 ms
