Hash Join  (cost=218891.11..772958.51 rows=6959747 width=0) (actual time=4729.859..21926.679 rows=18818468 loops=1)
  Hash Cond: (mi.movie_id = t.id)
  ->  Seq Scan on movie_info mi  (cost=0.00..309384.22 rows=14739122 width=4) (actual time=0.016..4457.509 rows=14835720 loops=1)
  ->  Hash  (cost=199302.63..199302.63 rows=1193959 width=8) (actual time=4728.790..4728.790 rows=1273334 loops=1)
        Buckets: 131072 (originally 131072)  Batches: 32 (originally 16)  Memory Usage: 3073kB
        ->  Hash Join  (cost=102767.86..199302.63 rows=1193959 width=8) (actual time=1769.925..4328.249 rows=1273334 loops=1)
              Hash Cond: (mc.movie_id = t.id)
              ->  Seq Scan on movie_companies mc  (cost=0.00..57926.93 rows=1193959 width=4) (actual time=0.021..1094.494 rows=1273334 loops=1)
                    Filter: ((company_id > 133) AND (company_type_id = 2))
                    Rows Removed by Filter: 1335795
              ->  Hash  (cost=61283.27..61283.27 rows=2528527 width=4) (actual time=1768.684..1768.684 rows=2528312 loops=1)
                    Buckets: 131072  Batches: 64  Memory Usage: 2415kB
                    ->  Seq Scan on title t  (cost=0.00..61283.27 rows=2528527 width=4) (actual time=0.011..927.439 rows=2528312 loops=1)
Planning time: 1.199 ms
Execution time: 24211.026 ms
