Seq Scan on movie_keyword mk  (cost=0.00..81003.12 rows=2021578 width=0) (actual time=0.022..1239.205 rows=2027340 loops=1)
  Filter: (keyword_id > 6092)
  Rows Removed by Filter: 2496590
Planning time: 0.298 ms
Execution time: 1500.054 ms
