Seq Scan on movie_companies mc  (cost=0.00..51404.11 rows=1287811 width=0) (actual time=75.299..494.239 rows=1297736 loops=1)
  Filter: (company_id > 11342)
  Rows Removed by Filter: 1311393
Planning time: 0.302 ms
Execution time: 588.230 ms
