Seq Scan on cast_info ci  (cost=0.00..705507.15 rows=500 width=0) (actual time=563.814..8817.684 rows=3237 loops=1)
  Filter: (person_id = 2266797)
  Rows Removed by Filter: 36241107
Planning time: 0.341 ms
Execution time: 8818.186 ms
