Hash Join  (cost=74452.28..157502.11 rows=8703 width=0) (actual time=899.415..2147.856 rows=18266 loops=1)
  Hash Cond: (mk.movie_id = t.id)
  ->  Seq Scan on movie_keyword mk  (cost=0.00..81003.12 rows=522581 width=4) (actual time=0.022..1126.408 rows=520878 loops=1)
        Filter: (keyword_id < 382)
        Rows Removed by Filter: 4003052
  ->  Hash  (cost=73925.90..73925.90 rows=42110 width=4) (actual time=898.900..898.900 rows=33905 loops=1)
        Buckets: 65536  Batches: 1  Memory Usage: 1704kB
        ->  Seq Scan on title t  (cost=0.00..73925.90 rows=42110 width=4) (actual time=0.148..884.998 rows=33905 loops=1)
              Filter: ((kind_id < 7) AND (production_year = 2006))
              Rows Removed by Filter: 2494407
Planning time: 0.751 ms
Execution time: 2151.119 ms
