Seq Scan on movie_companies mc  (cost=0.00..57926.93 rows=517375 width=0) (actual time=0.043..849.333 rows=827645 loops=1)
  Filter: ((company_id > 15809) AND (company_type_id > 1))
  Rows Removed by Filter: 1781484
Planning time: 0.326 ms
Execution time: 958.376 ms
