Hash Join  (cost=73929.67..130321.40 rows=158 width=0) (actual time=3163.493..5943.636 rows=971 loops=1)
  Hash Cond: (mc.movie_id = t.id)
  ->  Seq Scan on movie_companies mc  (cost=0.00..51404.11 rows=1329612 width=4) (actual time=0.023..2488.083 rows=1334883 loops=1)
        Filter: (company_type_id > 1)
        Rows Removed by Filter: 1274246
  ->  Hash  (cost=73925.90..73925.90 rows=301 width=4) (actual time=3163.314..3163.314 rows=1000 loops=1)
        Buckets: 1024  Batches: 1  Memory Usage: 44kB
        ->  Seq Scan on title t  (cost=0.00..73925.90 rows=301 width=4) (actual time=1.504..3162.665 rows=1000 loops=1)
              Filter: ((kind_id = 3) AND (production_year = 1968))
              Rows Removed by Filter: 2527312
Planning time: 0.720 ms
Execution time: 5944.000 ms
