Seq Scan on cast_info ci  (cost=0.00..705507.15 rows=500 width=0) (actual time=6557.081..8919.934 rows=65 loops=1)
  Filter: (person_id = 46983)
  Rows Removed by Filter: 36244279
Planning time: 0.348 ms
Execution time: 8920.053 ms
