Hash Join  (cost=477754.65..1245730.41 rows=1018370 width=0) (actual time=15207.929..20086.358 rows=938969 loops=1)
  Hash Cond: (ci.movie_id = t.id)
  ->  Seq Scan on cast_info ci  (cost=0.00..705507.15 rows=4320508 width=4) (actual time=8372.558..10863.423 rows=4323018 loops=1)
        Filter: (role_id = 10)
        Rows Removed by Filter: 31921326
  ->  Hash  (cost=467975.79..467975.79 rows=595989 width=8) (actual time=6834.389..6834.389 rows=359100 loops=1)
        Buckets: 131072  Batches: 8  Memory Usage: 2771kB
        ->  Hash Join  (cost=98137.04..467975.79 rows=595989 width=8) (actual time=5421.955..6733.271 rows=359100 loops=1)
              Hash Cond: (mi.movie_id = t.id)
              ->  Seq Scan on movie_info mi  (cost=0.00..346232.03 rows=809768 width=4) (actual time=3728.669..4240.987 rows=802140 loops=1)
                    Filter: (info_type_id < 2)
                    Rows Removed by Filter: 14033580
              ->  Hash  (cost=67604.59..67604.59 rows=1860996 width=4) (actual time=1692.453..1692.453 rows=1865487 loops=1)
                    Buckets: 131072  Batches: 32  Memory Usage: 3085kB
                    ->  Seq Scan on title t  (cost=0.00..67604.59 rows=1860996 width=4) (actual time=0.025..1060.595 rows=1865487 loops=1)
                          Filter: (kind_id > 1)
                          Rows Removed by Filter: 662825
Planning time: 0.873 ms
Execution time: 20206.990 ms
