Hash Join  (cost=95415.26..477926.53 rows=74306 width=0) (actual time=1445.471..8117.014 rows=222364 loops=1)
  Hash Cond: (mi.movie_id = t.id)
  ->  Seq Scan on movie_info mi  (cost=0.00..346232.03 rows=9476311 width=4) (actual time=26.035..4928.541 rows=9565151 loops=1)
        Filter: (info_type_id < 16)
        Rows Removed by Filter: 5270569
  ->  Hash  (cost=95167.43..95167.43 rows=19827 width=8) (actual time=1415.915..1415.915 rows=24689 loops=1)
        Buckets: 32768  Batches: 1  Memory Usage: 1221kB
        ->  Hash Join  (cost=68058.67..95167.43 rows=19827 width=8) (actual time=850.080..1407.319 rows=24689 loops=1)
              Hash Cond: (mi_idx.movie_id = t.id)
              ->  Seq Scan on movie_info_idx mi_idx  (cost=0.00..21735.35 rows=1380035 width=4) (actual time=0.016..236.346 rows=1380035 loops=1)
              ->  Hash  (cost=67604.59..67604.59 rows=36327 width=4) (actual time=849.687..849.687 rows=36509 loops=1)
                    Buckets: 65536  Batches: 1  Memory Usage: 1796kB
                    ->  Seq Scan on title t  (cost=0.00..67604.59 rows=36327 width=4) (actual time=0.026..833.552 rows=36509 loops=1)
                          Filter: (production_year = 1996)
                          Rows Removed by Filter: 2491803
Planning time: 1.160 ms
Execution time: 8148.029 ms
