Seq Scan on cast_info ci  (cost=0.00..796071.18 rows=1695614 width=0) (actual time=0.030..12242.584 rows=1762910 loops=1)
  Filter: ((person_id > 1353474) AND (role_id = 4))
  Rows Removed by Filter: 34481434
Planning time: 0.389 ms
Execution time: 12465.118 ms
