Hash Join  (cost=259392.64..1086416.70 rows=3926513 width=0) (actual time=6388.269..26875.660 rows=32875229 loops=1)
  Hash Cond: (ci.movie_id = t.id)
  ->  Seq Scan on cast_info ci  (cost=0.00..705507.15 rows=5907157 width=4) (actual time=0.036..8805.648 rows=5820642 loops=1)
        Filter: (person_id < 563785)
        Rows Removed by Filter: 30423702
  ->  Hash  (cost=231817.60..231817.60 rows=1680723 width=8) (actual time=6384.800..6384.800 rows=3846842 loops=1)
        Buckets: 131072 (originally 131072)  Batches: 64 (originally 32)  Memory Usage: 3414kB
        ->  Hash Join  (cost=89338.33..231817.60 rows=1680723 width=8) (actual time=1296.830..5400.128 rows=3846842 loops=1)
              Hash Cond: (mk.movie_id = t.id)
              ->  Seq Scan on movie_keyword mk  (cost=0.00..69693.30 rows=4523930 width=4) (actual time=0.028..1249.280 rows=4523930 loops=1)
              ->  Hash  (cost=73925.90..73925.90 rows=939394 width=4) (actual time=1296.040..1296.040 rows=917932 loops=1)
                    Buckets: 131072  Batches: 16  Memory Usage: 3050kB
                    ->  Seq Scan on title t  (cost=0.00..73925.90 rows=939394 width=4) (actual time=0.023..1000.482 rows=917932 loops=1)
                          Filter: ((kind_id < 7) AND (production_year > 1914))
                          Rows Removed by Filter: 1610380
Planning time: 0.981 ms
Execution time: 30469.234 ms
