Hash Join  (cost=478205.92..1468584.76 rows=4357282 width=0) (actual time=7223.850..32017.472 rows=11865190 loops=1)
  Hash Cond: (ci.movie_id = t.id)
  ->  Seq Scan on cast_info ci  (cost=0.00..705507.15 rows=20689043 width=4) (actual time=0.133..11945.826 rows=20583197 loops=1)
        Filter: (person_id < 2071959)
        Rows Removed by Filter: 15661147
  ->  Hash  (cost=469468.32..469468.32 rows=532528 width=8) (actual time=7222.899..7222.899 rows=573217 loops=1)
        Buckets: 131072  Batches: 8  Memory Usage: 3817kB
        ->  Hash Join  (cost=101489.21..469468.32 rows=532528 width=8) (actual time=3662.043..7089.387 rows=573217 loops=1)
              Hash Cond: (mi.movie_id = t.id)
              ->  Seq Scan on movie_info mi  (cost=0.00..346232.03 rows=651960 width=4) (actual time=1521.911..4223.282 rows=660923 loops=1)
                    Filter: (info_type_id = 18)
                    Rows Removed by Filter: 14174797
              ->  Hash  (cost=67604.59..67604.59 rows=2065330 width=4) (actual time=2139.391..2139.391 rows=2064552 loops=1)
                    Buckets: 131072  Batches: 32  Memory Usage: 3298kB
                    ->  Seq Scan on title t  (cost=0.00..67604.59 rows=2065330 width=4) (actual time=0.026..1225.997 rows=2064552 loops=1)
                          Filter: (production_year < 2011)
                          Rows Removed by Filter: 463760
Planning time: 1.165 ms
Execution time: 33370.391 ms
