Hash Join  (cost=74260.94..161398.53 rows=47955 width=0) (actual time=865.138..2470.360 rows=3987 loops=1)
  Hash Cond: (mk.movie_id = t.id)
  ->  Seq Scan on movie_keyword mk  (cost=0.00..69693.30 rows=4523930 width=4) (actual time=0.009..790.599 rows=4523930 loops=1)
  ->  Hash  (cost=73925.90..73925.90 rows=26803 width=4) (actual time=862.786..862.786 rows=814 loops=1)
        Buckets: 32768  Batches: 1  Memory Usage: 285kB
        ->  Seq Scan on title t  (cost=0.00..73925.90 rows=26803 width=4) (actual time=0.231..862.293 rows=814 loops=1)
              Filter: ((production_year < 1985) AND (kind_id = 4))
              Rows Removed by Filter: 2527498
Planning time: 0.485 ms
Execution time: 2471.116 ms
