Seq Scan on title t  (cost=0.00..73925.90 rows=49751 width=0) (actual time=0.027..3719.503 rows=56995 loops=1)
  Filter: ((kind_id > 1) AND (production_year = 2003))
  Rows Removed by Filter: 2471317
Planning time: 0.432 ms
Execution time: 3729.822 ms
