Hash Join  (cost=73962.22..136014.28 rows=1260 width=0) (actual time=1165.047..2061.596 rows=5017 loops=1)
  Hash Cond: (mc.movie_id = t.id)
  ->  Seq Scan on movie_companies mc  (cost=0.00..57926.93 rows=1096675 width=4) (actual time=258.861..957.355 rows=1274246 loops=1)
        Filter: ((company_id < 84781) AND (company_type_id < 2))
        Rows Removed by Filter: 1334883
  ->  Hash  (cost=73925.90..73925.90 rows=2905 width=4) (actual time=904.974..904.974 rows=5291 loops=1)
        Buckets: 8192 (originally 4096)  Batches: 1 (originally 1)  Memory Usage: 251kB
        ->  Seq Scan on title t  (cost=0.00..73925.90 rows=2905 width=4) (actual time=5.427..902.127 rows=5291 loops=1)
              Filter: ((kind_id < 7) AND (production_year = 1966))
              Rows Removed by Filter: 2523021
Planning time: 0.788 ms
Execution time: 2062.595 ms
