Seq Scan on cast_info ci  (cost=0.00..796071.18 rows=324 width=0) (actual time=1867.540..11944.435 rows=543 loops=1)
  Filter: ((role_id > 1) AND (person_id = 2402917))
  Rows Removed by Filter: 36243801
Planning time: 0.347 ms
Execution time: 11944.671 ms
