Seq Scan on movie_companies mc  (cost=0.00..57926.93 rows=53 width=0) (actual time=218.555..766.738 rows=18 loops=1)
  Filter: ((company_type_id > 1) AND (company_id = 16540))
  Rows Removed by Filter: 2609111
Planning time: 0.339 ms
Execution time: 766.844 ms
