Hash Join  (cost=156173.62..285154.36 rows=572770 width=0) (actual time=2884.822..6426.684 rows=2009394 loops=1)
  Hash Cond: (mk.movie_id = t.id)
  ->  Seq Scan on movie_keyword mk  (cost=0.00..69693.30 rows=4523930 width=4) (actual time=0.018..1167.918 rows=4523930 loops=1)
  ->  Hash  (cost=150920.95..150920.95 rows=320134 width=8) (actual time=2882.953..2882.953 rows=302755 loops=1)
        Buckets: 131072  Batches: 8  Memory Usage: 2503kB
        ->  Hash Join  (cost=82423.69..150920.95 rows=320134 width=8) (actual time=1256.052..2781.455 rows=302755 loops=1)
              Hash Cond: (mc.movie_id = t.id)
              ->  Seq Scan on movie_companies mc  (cost=0.00..51404.11 rows=896215 width=4) (actual time=0.022..798.235 rows=903955 loops=1)
                    Filter: (company_id > 21169)
                    Rows Removed by Filter: 1705174
              ->  Hash  (cost=67604.59..67604.59 rows=903208 width=4) (actual time=1254.973..1254.973 rows=904491 loops=1)
                    Buckets: 131072  Batches: 16  Memory Usage: 3010kB
                    ->  Seq Scan on title t  (cost=0.00..67604.59 rows=903208 width=4) (actual time=0.023..966.472 rows=904491 loops=1)
                          Filter: (production_year > 2006)
                          Rows Removed by Filter: 1623821
Planning time: 1.103 ms
Execution time: 6679.150 ms
