Hash Join  (cost=709675.59..796337.11 rows=349 width=0) (actual time=8460.009..10082.975 rows=175 loops=1)
  Hash Cond: (mk.movie_id = t.id)
  ->  Seq Scan on movie_keyword mk  (cost=0.00..69693.30 rows=4523930 width=4) (actual time=0.043..823.728 rows=4523930 loops=1)
  ->  Hash  (cost=709673.15..709673.15 rows=195 width=8) (actual time=8458.641..8458.641 rows=316 loops=1)
        Buckets: 1024  Batches: 1  Memory Usage: 21kB
        ->  Nested Loop  (cost=0.43..709673.15 rows=195 width=8) (actual time=560.078..8458.421 rows=316 loops=1)
              ->  Seq Scan on cast_info ci  (cost=0.00..705507.15 rows=500 width=4) (actual time=560.010..8452.969 rows=316 loops=1)
                    Filter: (person_id = 299298)
                    Rows Removed by Filter: 36244028
              ->  Index Scan using title_pkey on title t  (cost=0.43..8.32 rows=1 width=4) (actual time=0.015..0.016 rows=1 loops=316)
                    Index Cond: (id = ci.movie_id)
                    Filter: (kind_id < 7)
Planning time: 1.190 ms
Execution time: 10083.141 ms
