Hash Join  (cost=58375.85..770743.03 rows=38 width=0) (actual time=2790.863..10368.747 rows=510 loops=1)
  Hash Cond: (ci.movie_id = t.id)
  ->  Seq Scan on cast_info ci  (cost=0.00..705507.15 rows=1829241 width=4) (actual time=2119.036..9387.405 rows=1868276 loops=1)
        Filter: (person_id > 3693181)
        Rows Removed by Filter: 34376068
  ->  Hash  (cost=58375.18..58375.18 rows=53 width=8) (actual time=638.089..638.089 rows=549 loops=1)
        Buckets: 1024  Batches: 1  Memory Usage: 30kB
        ->  Nested Loop  (cost=0.43..58375.18 rows=53 width=8) (actual time=347.740..637.845 rows=549 loops=1)
              ->  Seq Scan on movie_companies mc  (cost=0.00..57926.93 rows=53 width=4) (actual time=347.630..631.466 rows=549 loops=1)
                    Filter: ((company_id = 72152) AND (company_type_id = 2))
                    Rows Removed by Filter: 2608580
              ->  Index Only Scan using title_pkey on title t  (cost=0.43..8.45 rows=1 width=4) (actual time=0.011..0.011 rows=1 loops=549)
                    Index Cond: (id = mc.movie_id)
                    Heap Fetches: 549
Planning time: 1.207 ms
Execution time: 10368.989 ms
