Seq Scan on movie_keyword mk  (cost=0.00..81003.12 rows=584620 width=0) (actual time=0.024..1037.721 rows=582390 loops=1)
  Filter: (keyword_id > 31464)
  Rows Removed by Filter: 3941540
Planning time: 0.295 ms
Execution time: 1113.293 ms
