Seq Scan on cast_info ci  (cost=0.00..705507.15 rows=3432048 width=0) (actual time=6396.834..8667.760 rows=3432766 loops=1)
  Filter: (person_id > 3434090)
  Rows Removed by Filter: 32811578
Planning time: 0.304 ms
Execution time: 9120.781 ms
