Hash Join  (cost=69374.09..1026908.35 rows=894733 width=0) (actual time=887.567..20573.768 rows=903733 loops=1)
  Hash Cond: (ci.movie_id = t.id)
  ->  Seq Scan on cast_info ci  (cost=0.00..705507.15 rows=20986608 width=4) (actual time=0.019..11927.023 rows=20860565 loops=1)
        Filter: (person_id < 2102429)
        Rows Removed by Filter: 15383779
  ->  Hash  (cost=67604.59..67604.59 rows=107800 width=4) (actual time=886.553..886.553 rows=108429 loops=1)
        Buckets: 131072  Batches: 2  Memory Usage: 2931kB
        ->  Seq Scan on title t  (cost=0.00..67604.59 rows=107800 width=4) (actual time=0.041..842.535 rows=108429 loops=1)
              Filter: (production_year = 2006)
              Rows Removed by Filter: 2419883
Planning time: 0.787 ms
Execution time: 20693.283 ms
