Hash Join  (cost=83810.17..157972.54 rows=477212 width=0) (actual time=1562.446..3376.800 rows=1034606 loops=1)
  Hash Cond: (mc.movie_id = t.id)
  ->  Seq Scan on movie_companies mc  (cost=0.00..51404.11 rows=1221636 width=4) (actual time=0.018..770.549 rows=1233169 loops=1)
        Filter: (company_id > 11856)
        Rows Removed by Filter: 1375960
  ->  Hash  (cost=67604.59..67604.59 rows=987727 width=4) (actual time=1561.585..1561.585 rows=985048 loops=1)
        Buckets: 131072  Batches: 16  Memory Usage: 3188kB
        ->  Seq Scan on title t  (cost=0.00..67604.59 rows=987727 width=4) (actual time=0.020..985.569 rows=985048 loops=1)
              Filter: (kind_id < 7)
              Rows Removed by Filter: 1543264
Planning time: 0.771 ms
Execution time: 3494.483 ms
