Hash Join  (cost=150654.28..273065.00 rows=630490 width=0) (actual time=4141.726..5308.968 rows=426536 loops=1)
  Hash Cond: (mk.movie_id = t.id)
  ->  Seq Scan on movie_keyword mk  (cost=0.00..81003.12 rows=2846585 width=4) (actual time=0.017..1392.152 rows=2835490 loops=1)
        Filter: (keyword_id < 8580)
        Rows Removed by Filter: 1688440
  ->  Hash  (cost=141465.74..141465.74 rows=560043 width=8) (actual time=2610.122..2610.122 rows=283812 loops=1)
        Buckets: 131072  Batches: 8  Memory Usage: 2415kB
        ->  Hash Join  (cost=92883.59..141465.74 rows=560043 width=8) (actual time=1419.846..2526.563 rows=283812 loops=1)
              Hash Cond: (mi_idx.movie_id = t.id)
              ->  Seq Scan on movie_info_idx mi_idx  (cost=0.00..25185.44 rows=919057 width=4) (actual time=0.029..394.360 rows=920110 loops=1)
                    Filter: (info_type_id > 99)
                    Rows Removed by Filter: 459925
              ->  Hash  (cost=67604.59..67604.59 rows=1540800 width=4) (actual time=1391.682..1391.682 rows=1543264 loops=1)
                    Buckets: 131072  Batches: 32  Memory Usage: 2722kB
                    ->  Seq Scan on title t  (cost=0.00..67604.59 rows=1540800 width=4) (actual time=0.005..964.488 rows=1543264 loops=1)
                          Filter: (kind_id = 7)
                          Rows Removed by Filter: 985048
Planning time: 6.209 ms
Execution time: 5364.240 ms
