Seq Scan on cast_info ci  (cost=0.00..705507.15 rows=500 width=0) (actual time=1839.822..7918.384 rows=3 loops=1)
  Filter: (person_id = 2809869)
  Rows Removed by Filter: 36244341
Planning time: 0.337 ms
Execution time: 7918.468 ms
