Seq Scan on cast_info ci  (cost=0.00..796071.18 rows=332 width=0) (actual time=4233.255..10503.637 rows=119 loops=1)
  Filter: ((role_id < 4) AND (person_id = 1300657))
  Rows Removed by Filter: 36244225
Planning time: 0.421 ms
Execution time: 10503.780 ms
