Hash Join  (cost=74275.08..169705.14 rows=41286 width=0) (actual time=885.847..2826.810 rows=55188 loops=1)
  Hash Cond: (mk.movie_id = t.id)
  ->  Seq Scan on movie_keyword mk  (cost=0.00..81003.12 rows=3737087 width=4) (actual time=0.021..1335.562 rows=3733700 loops=1)
        Filter: (keyword_id > 750)
        Rows Removed by Filter: 790230
  ->  Hash  (cost=73925.90..73925.90 rows=27934 width=4) (actual time=885.560..885.560 rows=35197 loops=1)
        Buckets: 65536 (originally 32768)  Batches: 1 (originally 1)  Memory Usage: 1750kB
        ->  Seq Scan on title t  (cost=0.00..73925.90 rows=27934 width=4) (actual time=0.028..871.695 rows=35197 loops=1)
              Filter: ((production_year < 1990) AND (kind_id = 3))
              Rows Removed by Filter: 2493115
Planning time: 0.774 ms
Execution time: 2834.761 ms
