Seq Scan on cast_info ci  (cost=0.00..796071.18 rows=324 width=0) (actual time=12479.763..40730.835 rows=11 loops=1)
  Filter: ((role_id > 1) AND (person_id = 46794))
  Rows Removed by Filter: 36244333
Planning time: 2.818 ms
Execution time: 40730.952 ms
