Hash Join  (cost=100885.02..163065.88 rows=480 width=0) (actual time=1660.586..2588.244 rows=5510 loops=1)
  Hash Cond: (mc.movie_id = t.id)
  ->  Seq Scan on movie_companies mc  (cost=0.00..57926.93 rows=1133099 width=4) (actual time=0.383..1003.278 rows=1243174 loops=1)
        Filter: ((company_id > 226) AND (company_type_id = 2))
        Rows Removed by Filter: 1365955
  ->  Hash  (cost=100871.63..100871.63 rows=1071 width=8) (actual time=1387.961..1387.961 rows=4340 loops=1)
        Buckets: 8192 (originally 2048)  Batches: 1 (originally 1)  Memory Usage: 234kB
        ->  Hash Join  (cost=73950.44..100871.63 rows=1071 width=8) (actual time=878.284..1386.158 rows=4340 loops=1)
              Hash Cond: (mi_idx.movie_id = t.id)
              ->  Seq Scan on movie_info_idx mi_idx  (cost=0.00..21735.35 rows=1380035 width=4) (actual time=0.030..243.625 rows=1380035 loops=1)
              ->  Hash  (cost=73925.90..73925.90 rows=1963 width=4) (actual time=872.444..872.444 rows=3692 loops=1)
                    Buckets: 4096 (originally 2048)  Batches: 1 (originally 1)  Memory Usage: 162kB
                    ->  Seq Scan on title t  (cost=0.00..73925.90 rows=1963 width=4) (actual time=195.708..870.534 rows=3692 loops=1)
                          Filter: ((kind_id = 1) AND (production_year = 1964))
                          Rows Removed by Filter: 2524620
Planning time: 1.676 ms
Execution time: 2589.337 ms
