Hash Join  (cost=92883.59..177112.42 rows=653707 width=0) (actual time=1530.744..3471.698 rows=329122 loops=1)
  Hash Cond: (mc.movie_id = t.id)
  ->  Seq Scan on movie_companies mc  (cost=0.00..57926.93 rows=1072765 width=4) (actual time=132.372..1097.083 rows=1198535 loops=1)
        Filter: ((company_id > 448) AND (company_type_id = 2))
        Rows Removed by Filter: 1410594
  ->  Hash  (cost=67604.59..67604.59 rows=1540800 width=4) (actual time=1397.162..1397.162 rows=1543264 loops=1)
        Buckets: 131072  Batches: 32  Memory Usage: 2722kB
        ->  Seq Scan on title t  (cost=0.00..67604.59 rows=1540800 width=4) (actual time=0.018..940.890 rows=1543264 loops=1)
              Filter: (kind_id = 7)
              Rows Removed by Filter: 985048
Planning time: 0.740 ms
Execution time: 3515.237 ms
