Hash Join  (cost=90717.09..461838.79 rows=541700 width=0) (actual time=3942.769..6361.831 rows=45221 loops=1)
  Hash Cond: (mi.movie_id = t.id)
  ->  Seq Scan on movie_info mi  (cost=0.00..346232.03 rows=1338312 width=4) (actual time=2655.815..4235.798 rows=1401902 loops=1)
        Filter: (info_type_id = 7)
        Rows Removed by Filter: 13433818
  ->  Hash  (cost=73925.90..73925.90 rows=1023455 width=4) (actual time=1285.545..1285.545 rows=1117981 loops=1)
        Buckets: 131072  Batches: 16  Memory Usage: 3495kB
        ->  Seq Scan on title t  (cost=0.00..73925.90 rows=1023455 width=4) (actual time=106.399..965.000 rows=1117981 loops=1)
              Filter: ((production_year > 1993) AND (kind_id = 7))
              Rows Removed by Filter: 1410331
Planning time: 0.793 ms
Execution time: 6367.688 ms
