Hash Join  (cost=83074.74..893112.81 rows=362 width=0) (actual time=2401.466..10507.388 rows=1233 loops=1)
  Hash Cond: (ci.movie_id = t.id)
  ->  Seq Scan on cast_info ci  (cost=0.00..796071.18 rows=3723538 width=4) (actual time=0.890..8988.388 rows=4423201 loops=1)
        Filter: ((person_id < 534801) AND (role_id < 4))
        Rows Removed by Filter: 31821143
  ->  Hash  (cost=83071.67..83071.67 rows=246 width=8) (actual time=947.942..947.942 rows=189 loops=1)
        Buckets: 1024  Batches: 1  Memory Usage: 16kB
        ->  Nested Loop  (cost=0.43..83071.67 rows=246 width=8) (actual time=7.138..947.737 rows=189 loops=1)
              ->  Seq Scan on movie_keyword mk  (cost=0.00..81003.12 rows=246 width=4) (actual time=7.065..941.965 rows=189 loops=1)
                    Filter: (keyword_id = 2781)
                    Rows Removed by Filter: 4523741
              ->  Index Only Scan using title_pkey on title t  (cost=0.43..8.40 rows=1 width=4) (actual time=0.028..0.028 rows=1 loops=189)
                    Index Cond: (id = mk.movie_id)
                    Heap Fetches: 189
Planning time: 1.119 ms
Execution time: 10507.925 ms
