Seq Scan on movie_keyword mk  (cost=0.00..81003.12 rows=3843216 width=0) (actual time=0.025..1361.675 rows=3844192 loops=1)
  Filter: (keyword_id > 555)
  Rows Removed by Filter: 679738
Planning time: 0.310 ms
Execution time: 1851.431 ms
