Hash Join  (cost=1018504.83..3411012.59 rows=108731787 width=0) (actual time=22364.081..110003.010 rows=232129319 loops=1)
  Hash Cond: (ci.movie_id = t.id)
  ->  Seq Scan on cast_info ci  (cost=0.00..705507.15 rows=18653164 width=4) (actual time=0.011..12137.494 rows=18802846 loops=1)
        Filter: (person_id > 1725066)
        Rows Removed by Filter: 17441498
  ->  Hash  (cost=776690.81..776690.81 rows=14739122 width=8) (actual time=22362.529..22362.529 rows=14835720 loops=1)
        Buckets: 131072  Batches: 256  Memory Usage: 3268kB
        ->  Hash Join  (cost=102767.86..776690.81 rows=14739122 width=8) (actual time=1405.097..18395.493 rows=14835720 loops=1)
              Hash Cond: (mi.movie_id = t.id)
              ->  Seq Scan on movie_info mi  (cost=0.00..309384.22 rows=14739122 width=4) (actual time=0.017..4702.114 rows=14835720 loops=1)
              ->  Hash  (cost=61283.27..61283.27 rows=2528527 width=4) (actual time=1404.507..1404.507 rows=2528312 loops=1)
                    Buckets: 131072  Batches: 64  Memory Usage: 2425kB
                    ->  Seq Scan on title t  (cost=0.00..61283.27 rows=2528527 width=4) (actual time=0.012..714.314 rows=2528312 loops=1)
Planning time: 1.057 ms
Execution time: 136763.760 ms
