Hash Join  (cost=687466.74..2606141.46 rows=64098448 width=0) (actual time=17165.527..115254.310 rows=300344188 loops=1)
  Hash Cond: (ci.movie_id = t.id)
  ->  Seq Scan on cast_info ci  (cost=0.00..614943.12 rows=36225612 width=4) (actual time=0.013..11130.145 rows=36244344 loops=1)
  ->  Hash  (cost=614064.31..614064.31 rows=4474035 width=8) (actual time=17162.307..17162.307 rows=7429834 loops=1)
        Buckets: 131072 (originally 131072)  Batches: 128 (originally 64)  Memory Usage: 3295kB
        ->  Hash Join  (cost=86519.03..614064.31 rows=4474035 width=8) (actual time=1301.787..15088.021 rows=7429834 loops=1)
              Hash Cond: (mi.movie_id = t.id)
              ->  Seq Scan on movie_info mi  (cost=0.00..309384.22 rows=14739122 width=4) (actual time=0.023..4611.791 rows=14835720 loops=1)
              ->  Hash  (cost=73925.90..73925.90 rows=767530 width=4) (actual time=1300.718..1300.718 rows=677132 loops=1)
                    Buckets: 131072  Batches: 16  Memory Usage: 2521kB
                    ->  Seq Scan on title t  (cost=0.00..73925.90 rows=767530 width=4) (actual time=0.016..1069.926 rows=677132 loops=1)
                          Filter: ((kind_id < 7) AND (production_year > 1978))
                          Rows Removed by Filter: 1851180
Planning time: 1.239 ms
Execution time: 145516.087 ms
