Hash Join  (cost=380111.25..1648291.67 rows=15181896 width=176) (actual time=10342.708..60355.299 rows=32740212 loops=1)
  Hash Cond: (ci.movie_id = t.id)
  ->  Seq Scan on cast_info ci  (cost=0.00..705507.15 rows=15167889 width=42) (actual time=0.025..16294.091 rows=15045280 loops=1)
        Filter: (person_id < 1484503)
        Rows Removed by Filter: 21199064
  ->  Hash  (cost=299044.48..299044.48 rows=2530862 width=134) (actual time=10340.325..10340.325 rows=2526884 loops=1)
        Buckets: 32768  Batches: 128  Memory Usage: 2988kB
        ->  Hash Join  (cost=129928.86..299044.48 rows=2530862 width=134) (actual time=3384.854..8686.055 rows=2526884 loops=1)
              Hash Cond: (mc.movie_id = t.id)
              ->  Seq Scan on movie_companies mc  (cost=0.00..51404.11 rows=2530862 width=40) (actual time=0.025..1397.750 rows=2526884 loops=1)
                    Filter: (company_id > 12)
                    Rows Removed by Filter: 82245
              ->  Hash  (cost=61283.27..61283.27 rows=2528527 width=94) (actual time=3381.316..3381.316 rows=2528312 loops=1)
                    Buckets: 32768  Batches: 128  Memory Usage: 2453kB
                    ->  Seq Scan on title t  (cost=0.00..61283.27 rows=2528527 width=94) (actual time=0.021..1411.247 rows=2528312 loops=1)
Planning time: 1.316 ms
Execution time: 62174.146 ms
