Hash Join  (cost=295159.25..1753868.63 rows=27724564 width=0) (actual time=5694.198..41056.564 rows=21825572 loops=1)
  Hash Cond: (ci.movie_id = t.id)
  ->  Seq Scan on cast_info ci  (cost=0.00..796071.18 rows=26675605 width=4) (actual time=0.017..17480.833 rows=26859641 loops=1)
        Filter: ((person_id < 4039554) AND (role_id < 5))
        Rows Removed by Filter: 9384703
  ->  Hash  (cost=252043.80..252043.80 rows=2627956 width=8) (actual time=5691.034..5691.034 rows=1134862 loops=1)
        Buckets: 131072  Batches: 64  Memory Usage: 1690kB
        ->  Hash Join  (cost=98024.21..252043.80 rows=2627956 width=8) (actual time=1666.935..5380.520 rows=1134862 loops=1)
              Hash Cond: (mk.movie_id = t.id)
              ->  Seq Scan on movie_keyword mk  (cost=0.00..69693.30 rows=4523930 width=4) (actual time=0.010..1293.905 rows=4523930 loops=1)
              ->  Hash  (cost=73925.90..73925.90 rows=1468824 width=4) (actual time=1664.562..1664.562 rows=1451272 loops=1)
                    Buckets: 131072  Batches: 32  Memory Usage: 2624kB
                    ->  Seq Scan on title t  (cost=0.00..73925.90 rows=1468824 width=4) (actual time=0.024..1174.914 rows=1451272 loops=1)
                          Filter: ((kind_id > 3) AND (production_year < 2012))
                          Rows Removed by Filter: 1077040
Planning time: 1.094 ms
Execution time: 43542.160 ms
