Hash Join  (cost=100948.70..971820.88 rows=19462 width=0) (actual time=4277.874..18375.146 rows=41526 loops=1)
  Hash Cond: (ci.movie_id = t.id)
  ->  Seq Scan on cast_info ci  (cost=0.00..796071.18 rows=19895024 width=4) (actual time=3003.774..14260.799 rows=20122661 loops=1)
        Filter: ((person_id < 4015073) AND (role_id < 3))
        Rows Removed by Filter: 16121683
  ->  Hash  (cost=100917.78..100917.78 rows=2474 width=8) (actual time=1273.431..1273.431 rows=2835 loops=1)
        Buckets: 4096  Batches: 1  Memory Usage: 143kB
        ->  Hash Join  (cost=73982.55..100917.78 rows=2474 width=8) (actual time=911.575..1272.456 rows=2835 loops=1)
              Hash Cond: (mi_idx.movie_id = t.id)
              ->  Seq Scan on movie_info_idx mi_idx  (cost=0.00..21735.35 rows=1380035 width=4) (actual time=0.014..162.286 rows=1380035 loops=1)
              ->  Hash  (cost=73925.90..73925.90 rows=4532 width=4) (actual time=911.357..911.357 rows=7806 loops=1)
                    Buckets: 8192  Batches: 1  Memory Usage: 339kB
                    ->  Seq Scan on title t  (cost=0.00..73925.90 rows=4532 width=4) (actual time=186.795..907.549 rows=7806 loops=1)
                          Filter: ((kind_id = 7) AND (production_year = 1981))
                          Rows Removed by Filter: 2520506
Planning time: 1.238 ms
Execution time: 18381.438 ms
