Nested Loop  (cost=0.43..115557.62 rows=1225 width=0) (actual time=1.418..1203.225 rows=531 loops=1)
  ->  Seq Scan on movie_keyword mk  (cost=0.00..81003.12 rows=4675 width=4) (actual time=0.557..1094.082 rows=4400 loops=1)
        Filter: (keyword_id = 7637)
        Rows Removed by Filter: 4519530
  ->  Index Scan using title_pkey on title t  (cost=0.43..7.38 rows=1 width=4) (actual time=0.024..0.024 rows=0 loops=4400)
        Index Cond: (id = mk.movie_id)
        Filter: (production_year > 2008)
        Rows Removed by Filter: 1
Planning time: 0.714 ms
Execution time: 1203.535 ms
