Hash Join  (cost=935796.47..1457220.76 rows=3900437 width=0) (actual time=15069.793..29429.262 rows=7782287 loops=1)
  Hash Cond: (mi.movie_id = t.id)
  ->  Seq Scan on movie_info mi  (cost=0.00..309384.22 rows=14739122 width=4) (actual time=0.015..4497.237 rows=14835720 loops=1)
  ->  Hash  (cost=924818.37..924818.37 rows=669128 width=8) (actual time=15069.007..15069.007 rows=731928 loops=1)
        Buckets: 131072  Batches: 16  Memory Usage: 2810kB
        ->  Hash Join  (cost=102767.86..924818.37 rows=669128 width=8) (actual time=7610.802..14834.705 rows=731928 loops=1)
              Hash Cond: (ci.movie_id = t.id)
              ->  Seq Scan on cast_info ci  (cost=0.00..796071.18 rows=669128 width=4) (actual time=5944.941..12151.494 rows=731928 loops=1)
                    Filter: ((person_id > 267688) AND (role_id = 6))
                    Rows Removed by Filter: 35512416
              ->  Hash  (cost=61283.27..61283.27 rows=2528527 width=4) (actual time=1664.159..1664.159 rows=2528312 loops=1)
                    Buckets: 131072  Batches: 64  Memory Usage: 2415kB
                    ->  Seq Scan on title t  (cost=0.00..61283.27 rows=2528527 width=4) (actual time=0.029..833.108 rows=2528312 loops=1)
Planning time: 1.256 ms
Execution time: 30206.824 ms
