Hash Join  (cost=74209.73..161274.02 rows=40625 width=0) (actual time=896.193..2474.809 rows=32752 loops=1)
  Hash Cond: (mk.movie_id = t.id)
  ->  Seq Scan on movie_keyword mk  (cost=0.00..69693.30 rows=4523930 width=4) (actual time=0.008..773.494 rows=4523930 loops=1)
  ->  Hash  (cost=73925.90..73925.90 rows=22706 width=4) (actual time=895.837..895.837 rows=25785 loops=1)
        Buckets: 32768  Batches: 1  Memory Usage: 1163kB
        ->  Seq Scan on title t  (cost=0.00..73925.90 rows=22706 width=4) (actual time=0.027..885.221 rows=25785 loops=1)
              Filter: ((kind_id < 4) AND (production_year > 2012))
              Rows Removed by Filter: 2502527
Planning time: 0.532 ms
Execution time: 2479.374 ms
