Hash Join  (cost=241237.42..755495.23 rows=4221025 width=0) (actual time=6806.883..38491.895 rows=91233666 loops=1)
  Hash Cond: (mi.movie_id = t.id)
  ->  Seq Scan on movie_info mi  (cost=0.00..346232.03 rows=9476311 width=4) (actual time=277.742..5339.886 rows=9565151 loops=1)
        Filter: (info_type_id < 16)
        Rows Removed by Filter: 5270569
  ->  Hash  (cost=222758.93..222758.93 rows=1126279 width=8) (actual time=6455.747..6455.747 rows=2689386 loops=1)
        Buckets: 131072 (originally 131072)  Batches: 64 (originally 16)  Memory Usage: 3073kB
        ->  Hash Join  (cost=78556.72..222758.93 rows=1126279 width=8) (actual time=994.744..5288.464 rows=2689386 loops=1)
              Hash Cond: (mk.movie_id = t.id)
              ->  Seq Scan on movie_keyword mk  (cost=0.00..81003.12 rows=4266211 width=4) (actual time=0.024..1578.592 rows=4266868 loops=1)
                    Filter: (keyword_id < 59791)
                    Rows Removed by Filter: 257062
              ->  Hash  (cost=67604.59..67604.59 rows=667531 width=4) (actual time=958.787..958.787 rows=662825 loops=1)
                    Buckets: 131072  Batches: 16  Memory Usage: 2486kB
                    ->  Seq Scan on title t  (cost=0.00..67604.59 rows=667531 width=4) (actual time=154.605..740.905 rows=662825 loops=1)
                          Filter: (kind_id = 1)
                          Rows Removed by Filter: 1865487
Planning time: 1.404 ms
Execution time: 48575.981 ms
