Seq Scan on cast_info ci  (cost=0.00..705507.15 rows=35300036 width=0) (actual time=0.027..11461.702 rows=35285267 loops=1)
  Filter: (person_id < 3877590)
  Rows Removed by Filter: 959077
Planning time: 0.297 ms
Execution time: 15918.839 ms
