Seq Scan on movie_keyword mk  (cost=0.00..81003.12 rows=246 width=0) (actual time=12.966..1024.697 rows=3 loops=1)
  Filter: (keyword_id = 113639)
  Rows Removed by Filter: 4523927
Planning time: 0.324 ms
Execution time: 1024.765 ms
