Seq Scan on cast_info ci  (cost=0.00..705507.15 rows=21957418 width=0) (actual time=0.023..10444.046 rows=21823958 loops=1)
  Filter: (person_id < 2218588)
  Rows Removed by Filter: 14420386
Planning time: 0.228 ms
Execution time: 13159.933 ms
