Hash Join  (cost=74452.28..884654.96 rows=445188 width=0) (actual time=949.493..18194.404 rows=406919 loops=1)
  Hash Cond: (ci.movie_id = t.id)
  ->  Seq Scan on cast_info ci  (cost=0.00..705507.15 rows=26731640 width=4) (actual time=0.022..10494.209 rows=26762680 loops=1)
        Filter: (person_id < 2757784)
        Rows Removed by Filter: 9481664
  ->  Hash  (cost=73925.90..73925.90 rows=42110 width=4) (actual time=948.811..948.811 rows=33905 loops=1)
        Buckets: 65536  Batches: 1  Memory Usage: 1704kB
        ->  Seq Scan on title t  (cost=0.00..73925.90 rows=42110 width=4) (actual time=0.023..934.334 rows=33905 loops=1)
              Filter: ((kind_id < 7) AND (production_year = 2006))
              Rows Removed by Filter: 2494407
Planning time: 0.726 ms
Execution time: 18255.971 ms
