Seq Scan on cast_info ci  (cost=0.00..705507.15 rows=32084119 width=0) (actual time=0.025..10908.582 rows=32234216 loops=1)
  Filter: (person_id > 384592)
  Rows Removed by Filter: 4010128
Planning time: 0.281 ms
Execution time: 14893.352 ms
