Nested Loop  (cost=0.43..52284.21 rows=13 width=0) (actual time=173.381..2529.318 rows=6 loops=1)
  ->  Seq Scan on movie_companies mc  (cost=0.00..51404.11 rows=104 width=4) (actual time=36.847..2523.091 rows=66 loops=1)
        Filter: (company_id = 56008)
        Rows Removed by Filter: 2609063
  ->  Index Scan using title_pkey on title t  (cost=0.43..8.45 rows=1 width=4) (actual time=0.091..0.091 rows=0 loops=66)
        Index Cond: (id = mc.movie_id)
        Filter: ((kind_id < 7) AND (production_year > 2007))
        Rows Removed by Filter: 1
Planning time: 0.703 ms
Execution time: 2529.421 ms
