Hash Join  (cost=201879.19..340743.77 rows=1384054 width=0) (actual time=4879.497..13124.680 rows=22729778 loops=1)
  Hash Cond: (mk.movie_id = t.id)
  ->  Seq Scan on movie_keyword mk  (cost=0.00..69693.30 rows=4523930 width=4) (actual time=0.020..1211.764 rows=4523930 loops=1)
  ->  Hash  (cost=189187.45..189187.45 rows=773579 width=8) (actual time=4878.363..4878.363 rows=1067426 loops=1)
        Buckets: 131072  Batches: 16  Memory Usage: 3675kB
        ->  Hash Join  (cost=102767.86..189187.45 rows=773579 width=8) (actual time=1568.776..4558.178 rows=1067426 loops=1)
              Hash Cond: (mc.movie_id = t.id)
              ->  Seq Scan on movie_companies mc  (cost=0.00..57926.93 rows=773579 width=4) (actual time=0.019..988.988 rows=1067426 loops=1)
                    Filter: ((company_id < 15226) AND (company_type_id < 2))
                    Rows Removed by Filter: 1541703
              ->  Hash  (cost=61283.27..61283.27 rows=2528527 width=4) (actual time=1567.862..1567.862 rows=2528312 loops=1)
                    Buckets: 131072  Batches: 64  Memory Usage: 2415kB
                    ->  Seq Scan on title t  (cost=0.00..61283.27 rows=2528527 width=4) (actual time=0.022..781.964 rows=2528312 loops=1)
Planning time: 1.064 ms
Execution time: 15352.117 ms
