Hash Join  (cost=83072.98..833863.00 rows=92 width=0) (actual time=1197.241..13480.483 rows=152 loops=1)
  Hash Cond: (ci.movie_id = t.id)
  ->  Seq Scan on cast_info ci  (cost=0.00..614943.12 rows=36225612 width=4) (actual time=0.014..6045.661 rows=36244344 loops=1)
  ->  Hash  (cost=83072.90..83072.90 rows=6 width=8) (actual time=1050.172..1050.172 rows=3 loops=1)
        Buckets: 1024  Batches: 1  Memory Usage: 9kB
        ->  Nested Loop  (cost=0.43..83072.90 rows=6 width=8) (actual time=13.637..1050.161 rows=3 loops=1)
              ->  Seq Scan on movie_keyword mk  (cost=0.00..81003.12 rows=246 width=4) (actual time=2.753..1037.809 rows=555 loops=1)
                    Filter: (keyword_id = 3225)
                    Rows Removed by Filter: 4523375
              ->  Index Scan using title_pkey on title t  (cost=0.43..8.40 rows=1 width=4) (actual time=0.021..0.021 rows=0 loops=555)
                    Index Cond: (id = mk.movie_id)
                    Filter: ((kind_id = 7) AND (production_year = 2006))
                    Rows Removed by Filter: 1
Planning time: 1.190 ms
Execution time: 13480.736 ms
