Hash Join  (cost=82423.69..919747.54 rows=890310 width=0) (actual time=4202.502..11230.996 rows=399026 loops=1)
  Hash Cond: (ci.movie_id = t.id)
  ->  Seq Scan on cast_info ci  (cost=0.00..796071.18 rows=2492420 width=4) (actual time=2995.053..9242.160 rows=1039354 loops=1)
        Filter: ((person_id < 356575) AND (role_id > 1))
        Rows Removed by Filter: 35204990
  ->  Hash  (cost=67604.59..67604.59 rows=903208 width=4) (actual time=1203.612..1203.612 rows=904491 loops=1)
        Buckets: 131072  Batches: 16  Memory Usage: 3010kB
        ->  Seq Scan on title t  (cost=0.00..67604.59 rows=903208 width=4) (actual time=0.036..919.498 rows=904491 loops=1)
              Filter: (production_year > 2006)
              Rows Removed by Filter: 1623821
Planning time: 0.558 ms
Execution time: 11281.859 ms
