Nested Loop  (cost=32749.09..121951.38 rows=1127 width=0) (actual time=579.551..1767.688 rows=4068 loops=1)
  ->  Hash Join  (cost=32748.66..116746.20 rows=6139 width=8) (actual time=579.495..1705.839 rows=4068 loops=1)
        Hash Cond: (mk.movie_id = mi_idx.movie_id)
        ->  Seq Scan on movie_keyword mk  (cost=0.00..81003.12 rows=6183 width=4) (actual time=0.484..1043.185 rows=6790 loops=1)
              Filter: (keyword_id = 495)
              Rows Removed by Filter: 4517140
        ->  Hash  (cost=25185.44..25185.44 rows=460978 width=4) (actual time=577.447..577.447 rows=459925 loops=1)
              Buckets: 131072  Batches: 8  Memory Usage: 3059kB
              ->  Seq Scan on movie_info_idx mi_idx  (cost=0.00..25185.44 rows=460978 width=4) (actual time=0.025..432.981 rows=459925 loops=1)
                    Filter: (info_type_id < 100)
                    Rows Removed by Filter: 920110
  ->  Index Only Scan using title_pkey on title t  (cost=0.43..0.84 rows=1 width=4) (actual time=0.014..0.015 rows=1 loops=4068)
        Index Cond: (id = mi_idx.movie_id)
        Heap Fetches: 4068
Planning time: 1.236 ms
Execution time: 1769.361 ms
