Hash Join  (cost=83072.40..464840.93 rows=35 width=0) (actual time=1112.880..6954.447 rows=1438 loops=1)
  Hash Cond: (mi.movie_id = t.id)
  ->  Seq Scan on movie_info mi  (cost=0.00..346232.03 rows=9476311 width=4) (actual time=0.018..4602.389 rows=9565151 loops=1)
        Filter: (info_type_id < 16)
        Rows Removed by Filter: 5270569
  ->  Hash  (cost=83072.29..83072.29 rows=9 width=8) (actual time=1081.061..1081.061 rows=33 loops=1)
        Buckets: 1024  Batches: 1  Memory Usage: 10kB
        ->  Nested Loop  (cost=0.43..83072.29 rows=9 width=8) (actual time=0.388..1081.007 rows=33 loops=1)
              ->  Seq Scan on movie_keyword mk  (cost=0.00..81003.12 rows=246 width=4) (actual time=0.346..1060.467 rows=992 loops=1)
                    Filter: (keyword_id = 1114)
                    Rows Removed by Filter: 4522938
              ->  Index Scan using title_pkey on title t  (cost=0.43..8.40 rows=1 width=4) (actual time=0.020..0.020 rows=0 loops=992)
                    Index Cond: (id = mk.movie_id)
                    Filter: (production_year = 2005)
                    Rows Removed by Filter: 1
Planning time: 1.154 ms
Execution time: 6954.988 ms
