Hash Join  (cost=156487.41..1008984.20 rows=743970 width=0) (actual time=13921.284..55980.936 rows=2354686 loops=1)
  Hash Cond: (ci.movie_id = t.id)
  ->  Seq Scan on cast_info ci  (cost=0.00..796071.18 rows=4080775 width=4) (actual time=4144.181..39810.946 rows=7449210 loops=1)
        Filter: ((person_id > 1568751) AND (role_id = 2))
        Rows Removed by Filter: 28795134
  ->  Hash  (cost=148924.19..148924.19 rows=460978 width=8) (actual time=9776.003..9776.003 rows=459925 loops=1)
        Buckets: 131072  Batches: 8  Memory Usage: 3275kB
        ->  Hash Join  (cost=102767.86..148924.19 rows=460978 width=8) (actual time=6172.135..9602.944 rows=459925 loops=1)
              Hash Cond: (mi_idx.movie_id = t.id)
              ->  Seq Scan on movie_info_idx mi_idx  (cost=0.00..25185.44 rows=460978 width=4) (actual time=0.044..1664.467 rows=459925 loops=1)
                    Filter: (info_type_id < 100)
                    Rows Removed by Filter: 920110
              ->  Hash  (cost=61283.27..61283.27 rows=2528527 width=4) (actual time=6158.747..6158.747 rows=2528312 loops=1)
                    Buckets: 131072  Batches: 64  Memory Usage: 2415kB
                    ->  Seq Scan on title t  (cost=0.00..61283.27 rows=2528527 width=4) (actual time=0.030..4534.306 rows=2528312 loops=1)
Planning time: 3.354 ms
Execution time: 56352.342 ms
