Hash Join  (cost=102767.86..177394.87 rows=554517 width=0) (actual time=1694.381..3260.775 rows=550201 loops=1)
  Hash Cond: (mc.movie_id = t.id)
  ->  Seq Scan on movie_companies mc  (cost=0.00..51404.11 rows=554517 width=4) (actual time=0.026..712.092 rows=550201 loops=1)
        Filter: (company_id < 562)
        Rows Removed by Filter: 2058928
  ->  Hash  (cost=61283.27..61283.27 rows=2528527 width=4) (actual time=1692.225..1692.225 rows=2528312 loops=1)
        Buckets: 131072  Batches: 64  Memory Usage: 2415kB
        ->  Seq Scan on title t  (cost=0.00..61283.27 rows=2528527 width=4) (actual time=0.012..839.201 rows=2528312 loops=1)
Planning time: 0.766 ms
Execution time: 3331.454 ms
