Hash Join  (cost=190230.21..307464.08 rows=988911 width=0) (actual time=4662.671..8199.850 rows=4173880 loops=1)
  Hash Cond: (mk.movie_id = t.id)
  ->  Seq Scan on movie_keyword mk  (cost=0.00..81003.12 rows=1811902 width=4) (actual time=0.013..1196.281 rows=1813821 loops=1)
        Filter: (keyword_id > 7658)
        Rows Removed by Filter: 2710109
  ->  Hash  (cost=167588.78..167588.78 rows=1380035 width=8) (actual time=4661.203..4661.203 rows=1380035 loops=1)
        Buckets: 131072  Batches: 32  Memory Usage: 2726kB
        ->  Hash Join  (cost=102767.86..167588.78 rows=1380035 width=8) (actual time=2370.775..4248.617 rows=1380035 loops=1)
              Hash Cond: (mi_idx.movie_id = t.id)
              ->  Seq Scan on movie_info_idx mi_idx  (cost=0.00..21735.35 rows=1380035 width=4) (actual time=0.022..393.758 rows=1380035 loops=1)
              ->  Hash  (cost=61283.27..61283.27 rows=2528527 width=4) (actual time=2369.963..2369.963 rows=2528312 loops=1)
                    Buckets: 131072  Batches: 64  Memory Usage: 2415kB
                    ->  Seq Scan on title t  (cost=0.00..61283.27 rows=2528527 width=4) (actual time=0.005..809.349 rows=2528312 loops=1)
Planning time: 1.155 ms
Execution time: 8643.499 ms
