Hash Join  (cost=313653.18..1368173.89 rows=15780373 width=0) (actual time=10929.239..38775.733 rows=48243030 loops=1)
  Hash Cond: (ci.movie_id = t.id)
  ->  Seq Scan on cast_info ci  (cost=0.00..705507.15 rows=12726058 width=4) (actual time=4612.362..12064.090 rows=12670688 loops=1)
        Filter: (role_id = 1)
        Rows Removed by Filter: 23573656
  ->  Hash  (cost=262212.86..262212.86 rows=3135385 width=8) (actual time=6314.719..6314.719 rows=2742670 loops=1)
        Buckets: 131072  Batches: 64  Memory Usage: 2719kB
        ->  Hash Join  (cost=96356.06..262212.86 rows=3135385 width=8) (actual time=1550.648..5604.881 rows=2742670 loops=1)
              Hash Cond: (mk.movie_id = t.id)
              ->  Seq Scan on movie_keyword mk  (cost=0.00..69693.30 rows=4523930 width=4) (actual time=0.027..1185.886 rows=4523930 loops=1)
              ->  Hash  (cost=67604.59..67604.59 rows=1752438 width=4) (actual time=1549.187..1549.187 rows=1749032 loops=1)
                    Buckets: 131072  Batches: 32  Memory Usage: 2958kB
                    ->  Seq Scan on title t  (cost=0.00..67604.59 rows=1752438 width=4) (actual time=0.024..1019.179 rows=1749032 loops=1)
                          Filter: (production_year > 1990)
                          Rows Removed by Filter: 779280
Planning time: 1.116 ms
Execution time: 44591.818 ms
