Hash Join  (cost=74624.40..840041.38 rows=333417 width=0) (actual time=895.129..15305.406 rows=431919 loops=1)
  Hash Cond: (ci.movie_id = t.id)
  ->  Seq Scan on cast_info ci  (cost=0.00..705507.15 rows=15086841 width=4) (actual time=0.026..10058.640 rows=15245612 loops=1)
        Filter: (person_id > 2117891)
        Rows Removed by Filter: 20998732
  ->  Hash  (cost=73925.90..73925.90 rows=55880 width=4) (actual time=894.686..894.686 rows=43879 loops=1)
        Buckets: 65536  Batches: 1  Memory Usage: 2055kB
        ->  Seq Scan on title t  (cost=0.00..73925.90 rows=55880 width=4) (actual time=216.816..878.197 rows=43879 loops=1)
              Filter: ((production_year > 2000) AND (kind_id = 3))
              Rows Removed by Filter: 2484433
Planning time: 0.782 ms
Execution time: 15367.957 ms
