Hash Join  (cost=660094.64..2438825.98 rows=57201050 width=0) (actual time=10678.981..56599.496 rows=70807074 loops=1)
  Hash Cond: (ci.movie_id = t.id)
  ->  Seq Scan on cast_info ci  (cost=0.00..705507.15 rows=29089221 width=4) (actual time=0.018..13774.925 rows=29161728 loops=1)
        Filter: (person_id > 684178)
        Rows Removed by Filter: 7082616
  ->  Hash  (cost=578520.44..578520.44 rows=4972096 width=8) (actual time=10676.208..10676.208 rows=4923966 loops=1)
        Buckets: 131072  Batches: 128  Memory Usage: 2524kB
        ->  Hash Join  (cost=102767.86..578520.44 rows=4972096 width=8) (actual time=1750.694..9429.213 rows=4923966 loops=1)
              Hash Cond: (mi.movie_id = t.id)
              ->  Seq Scan on movie_info mi  (cost=0.00..346232.03 rows=4972096 width=4) (actual time=279.182..4023.670 rows=4923966 loops=1)
                    Filter: (info_type_id < 5)
                    Rows Removed by Filter: 9911754
              ->  Hash  (cost=61283.27..61283.27 rows=2528527 width=4) (actual time=1470.251..1470.251 rows=2528312 loops=1)
                    Buckets: 131072  Batches: 64  Memory Usage: 2425kB
                    ->  Seq Scan on title t  (cost=0.00..61283.27 rows=2528527 width=4) (actual time=0.018..728.383 rows=2528312 loops=1)
Planning time: 1.219 ms
Execution time: 63591.297 ms
