Hash Join  (cost=438863.84..1312772.30 rows=35068 width=0) (actual time=6839.660..18603.735 rows=75704 loops=1)
  Hash Cond: (ci.movie_id = t.id)
  ->  Seq Scan on cast_info ci  (cost=0.00..796071.18 rows=7748661 width=4) (actual time=0.015..10919.101 rows=3548587 loops=1)
        Filter: ((person_id > 2245178) AND (role_id < 3))
        Rows Removed by Filter: 32695757
  ->  Hash  (cost=438720.80..438720.80 rows=11443 width=8) (actual time=6839.027..6839.027 rows=32703 loops=1)
        Buckets: 32768 (originally 16384)  Batches: 1 (originally 1)  Memory Usage: 1534kB
        ->  Hash Join  (cost=73950.44..438720.80 rows=11443 width=8) (actual time=893.683..6823.609 rows=32703 loops=1)
              Hash Cond: (mi.movie_id = t.id)
              ->  Seq Scan on movie_info mi  (cost=0.00..309384.22 rows=14739122 width=4) (actual time=0.012..3015.881 rows=14835720 loops=1)
              ->  Hash  (cost=73925.90..73925.90 rows=1963 width=4) (actual time=892.908..892.908 rows=2493 loops=1)
                    Buckets: 4096 (originally 2048)  Batches: 1 (originally 1)  Memory Usage: 120kB
                    ->  Seq Scan on title t  (cost=0.00..73925.90 rows=1963 width=4) (actual time=158.475..891.633 rows=2493 loops=1)
                          Filter: ((kind_id = 1) AND (production_year = 1934))
                          Rows Removed by Filter: 2525819
Planning time: 1.210 ms
Execution time: 18614.161 ms
