Seq Scan on cast_info ci  (cost=0.00..796071.18 rows=3893492 width=0) (actual time=0.025..10604.922 rows=6074812 loops=1)
  Filter: ((person_id > 3041680) AND (role_id > 1))
  Rows Removed by Filter: 30169532
Planning time: 0.352 ms
Execution time: 11323.882 ms
