Hash Join  (cost=83074.74..137742.81 rows=254 width=0) (actual time=1137.529..2054.109 rows=94 loops=1)
  Hash Cond: (mc.movie_id = t.id)
  ->  Seq Scan on movie_companies mc  (cost=0.00..44881.29 rows=2609129 width=4) (actual time=0.011..503.853 rows=2609129 loops=1)
  ->  Hash  (cost=83071.67..83071.67 rows=246 width=8) (actual time=1100.456..1100.456 rows=30 loops=1)
        Buckets: 1024  Batches: 1  Memory Usage: 10kB
        ->  Nested Loop  (cost=0.43..83071.67 rows=246 width=8) (actual time=39.922..1100.405 rows=30 loops=1)
              ->  Seq Scan on movie_keyword mk  (cost=0.00..81003.12 rows=246 width=4) (actual time=39.816..1098.800 rows=30 loops=1)
                    Filter: (keyword_id = 32984)
                    Rows Removed by Filter: 4523900
              ->  Index Only Scan using title_pkey on title t  (cost=0.43..8.40 rows=1 width=4) (actual time=0.046..0.048 rows=1 loops=30)
                    Index Cond: (id = mk.movie_id)
                    Heap Fetches: 30
Planning time: 0.760 ms
Execution time: 2054.244 ms
