Hash Join  (cost=86519.03..614064.31 rows=4474035 width=0) (actual time=1194.847..13930.118 rows=7429834 loops=1)
  Hash Cond: (mi.movie_id = t.id)
  ->  Seq Scan on movie_info mi  (cost=0.00..309384.22 rows=14739122 width=4) (actual time=0.009..4543.545 rows=14835720 loops=1)
  ->  Hash  (cost=73925.90..73925.90 rows=767530 width=4) (actual time=1193.755..1193.755 rows=677132 loops=1)
        Buckets: 131072  Batches: 16  Memory Usage: 2521kB
        ->  Seq Scan on title t  (cost=0.00..73925.90 rows=767530 width=4) (actual time=0.023..972.686 rows=677132 loops=1)
              Filter: ((kind_id < 7) AND (production_year > 1978))
              Rows Removed by Filter: 1851180
Planning time: 0.765 ms
Execution time: 14635.183 ms
