Hash Join  (cost=148701.57..1268282.70 rows=8350104 width=0) (actual time=3544.203..33015.266 rows=12120168 loops=1)
  Hash Cond: (ci.movie_id = t.id)
  ->  Seq Scan on cast_info ci  (cost=0.00..614943.12 rows=36225612 width=4) (actual time=0.014..10613.052 rows=36244344 loops=1)
  ->  Hash  (cost=139139.17..139139.17 rows=582832 width=8) (actual time=3543.302..3543.302 rows=309480 loops=1)
        Buckets: 131072  Batches: 8  Memory Usage: 2530kB
        ->  Hash Join  (cost=91446.37..139139.17 rows=582832 width=8) (actual time=1911.635..3457.158 rows=309480 loops=1)
              Hash Cond: (mi_idx.movie_id = t.id)
              ->  Seq Scan on movie_info_idx mi_idx  (cost=0.00..21735.35 rows=1380035 width=4) (actual time=0.012..405.933 rows=1380035 loops=1)
              ->  Hash  (cost=73925.90..73925.90 rows=1067877 width=4) (actual time=1464.862..1464.862 rows=1163273 loops=1)
                    Buckets: 131072  Batches: 16  Memory Usage: 3588kB
                    ->  Seq Scan on title t  (cost=0.00..73925.90 rows=1067877 width=4) (actual time=0.028..1095.399 rows=1163273 loops=1)
                          Filter: ((production_year > 1990) AND (kind_id = 7))
                          Rows Removed by Filter: 1365039
Planning time: 1.235 ms
Execution time: 34386.321 ms
