Seq Scan on movie_keyword mk  (cost=0.00..81003.12 rows=246 width=0) (actual time=7.956..1061.719 rows=33 loops=1)
  Filter: (keyword_id = 60102)
  Rows Removed by Filter: 4523897
Planning time: 0.351 ms
Execution time: 1061.854 ms
