Hash Join  (cost=74580.37..135801.77 rows=51372 width=0) (actual time=1002.601..2424.683 rows=16042 loops=1)
  Hash Cond: (mc.movie_id = t.id)
  ->  Seq Scan on movie_companies mc  (cost=0.00..51404.11 rows=2480953 width=4) (actual time=0.019..835.203 rows=2477806 loops=1)
        Filter: (company_id > 19)
        Rows Removed by Filter: 131323
  ->  Hash  (cost=73925.90..73925.90 rows=52357 width=4) (actual time=1001.471..1001.471 rows=56910 loops=1)
        Buckets: 65536  Batches: 1  Memory Usage: 2513kB
        ->  Seq Scan on title t  (cost=0.00..73925.90 rows=52357 width=4) (actual time=0.024..976.246 rows=56910 loops=1)
              Filter: ((kind_id > 4) AND (production_year = 2004))
              Rows Removed by Filter: 2471402
Planning time: 0.916 ms
Execution time: 2427.090 ms
