Hash Join  (cost=78306.32..574718.62 rows=1556338 width=0) (actual time=3959.538..37815.852 rows=2584039 loops=1)
  Hash Cond: (mi.movie_id = t.id)
  ->  Seq Scan on movie_info mi  (cost=0.00..309384.22 rows=14739122 width=4) (actual time=0.015..23425.501 rows=14835720 loops=1)
  ->  Hash  (cost=73925.90..73925.90 rows=266993 width=4) (actual time=3958.761..3958.761 rows=216282 loops=1)
        Buckets: 131072  Batches: 4  Memory Usage: 2934kB
        ->  Seq Scan on title t  (cost=0.00..73925.90 rows=266993 width=4) (actual time=1274.307..3875.025 rows=216282 loops=1)
              Filter: ((production_year > 2005) AND (kind_id = 1))
              Rows Removed by Filter: 2312030
Planning time: 5.232 ms
Execution time: 38196.828 ms
