Seq Scan on movie_companies mc  (cost=0.00..57926.93 rows=53 width=0) (actual time=312.330..655.973 rows=3 loops=1)
  Filter: ((company_id = 48783) AND (company_type_id = 2))
  Rows Removed by Filter: 2609126
Planning time: 0.409 ms
Execution time: 656.060 ms
