Seq Scan on cast_info ci  (cost=0.00..796071.18 rows=60 width=0) (actual time=3747.512..8878.919 rows=5 loops=1)
  Filter: ((person_id = 4023831) AND (role_id = 10))
  Rows Removed by Filter: 36244339
Planning time: 0.379 ms
Execution time: 8879.057 ms
