Hash Join  (cost=446846.49..1383621.67 rows=713307 width=0) (actual time=24583.699..73976.162 rows=962609 loops=1)
  Hash Cond: (ci.movie_id = t.id)
  ->  Seq Scan on cast_info ci  (cost=0.00..796071.18 rows=9445266 width=4) (actual time=0.013..42699.132 rows=12670688 loops=1)
        Filter: ((person_id < 2769456) AND (role_id = 1))
        Rows Removed by Filter: 23573656
  ->  Hash  (cost=443713.55..443713.55 rows=190955 width=8) (actual time=24581.916..24581.916 rows=140041 loops=1)
        Buckets: 131072  Batches: 4  Memory Usage: 2392kB
        ->  Hash Join  (cost=68438.72..443713.55 rows=190955 width=8) (actual time=8031.146..24203.962 rows=140041 loops=1)
              Hash Cond: (mi.movie_id = t.id)
              ->  Seq Scan on movie_info mi  (cost=0.00..346232.03 rows=7235534 width=4) (actual time=4462.310..18340.468 rows=7286865 loops=1)
                    Filter: (info_type_id < 8)
                    Rows Removed by Filter: 7548855
              ->  Hash  (cost=67604.59..67604.59 rows=66731 width=4) (actual time=3567.199..3567.199 rows=67342 loops=1)
                    Buckets: 131072  Batches: 1  Memory Usage: 3392kB
                    ->  Seq Scan on title t  (cost=0.00..67604.59 rows=66731 width=4) (actual time=0.036..3537.020 rows=67342 loops=1)
                          Filter: (production_year > 2012)
                          Rows Removed by Filter: 2460970
Planning time: 3.304 ms
Execution time: 74101.894 ms
