Hash Join  (cost=193540.30..1257614.90 rows=2946739 width=0) (actual time=3546.457..38927.339 rows=23301610 loops=1)
  Hash Cond: (ci.movie_id = t.id)
  ->  Seq Scan on cast_info ci  (cost=0.00..614943.12 rows=36225612 width=4) (actual time=0.028..10691.243 rows=36244344 loops=1)
  ->  Hash  (cost=190165.29..190165.29 rows=205681 width=8) (actual time=3545.346..3545.346 rows=673878 loops=1)
        Buckets: 131072 (originally 131072)  Batches: 16 (originally 4)  Memory Usage: 3073kB
        ->  Hash Join  (cost=77333.62..190165.29 rows=205681 width=8) (actual time=1065.748..3370.510 rows=673878 loops=1)
              Hash Cond: (mk.movie_id = t.id)
              ->  Seq Scan on movie_keyword mk  (cost=0.00..81003.12 rows=2504463 width=4) (actual time=0.021..1266.942 rows=2498398 loops=1)
                    Filter: (keyword_id < 6104)
                    Rows Removed by Filter: 2025532
              ->  Hash  (cost=73925.90..73925.90 rows=207657 width=4) (actual time=1064.895..1064.895 rows=319316 loops=1)
                    Buckets: 131072  Batches: 4  Memory Usage: 3837kB
                    ->  Seq Scan on title t  (cost=0.00..73925.90 rows=207657 width=4) (actual time=0.085..952.475 rows=319316 loops=1)
                          Filter: ((kind_id < 6) AND (production_year < 1982))
                          Rows Removed by Filter: 2208996
Planning time: 1.157 ms
Execution time: 41556.086 ms
