Hash Join  (cost=115481.50..204725.56 rows=52632 width=0) (actual time=2050.982..4078.441 rows=773969 loops=1)
  Hash Cond: (mk.movie_id = t.id)
  ->  Seq Scan on movie_keyword mk  (cost=0.00..81003.12 rows=2057232 width=4) (actual time=0.018..1218.004 rows=2066242 loops=1)
        Filter: (keyword_id < 3664)
        Rows Removed by Filter: 2457688
  ->  Hash  (cost=114672.87..114672.87 rows=64690 width=8) (actual time=2050.164..2050.164 rows=144342 loops=1)
        Buckets: 131072 (originally 65536)  Batches: 2 (originally 1)  Memory Usage: 3839kB
        ->  Hash Join  (cost=75870.49..114672.87 rows=64690 width=8) (actual time=991.721..1998.050 rows=144342 loops=1)
              Hash Cond: (mi_idx.movie_id = t.id)
              ->  Seq Scan on movie_info_idx mi_idx  (cost=0.00..21735.35 rows=1380035 width=4) (actual time=0.027..372.954 rows=1380035 loops=1)
              ->  Hash  (cost=73925.90..73925.90 rows=118527 width=4) (actual time=990.940..990.940 rows=217379 loops=1)
                    Buckets: 131072 (originally 131072)  Batches: 4 (originally 2)  Memory Usage: 3073kB
                    ->  Seq Scan on title t  (cost=0.00..73925.90 rows=118527 width=4) (actual time=0.500..910.958 rows=217379 loops=1)
                          Filter: ((kind_id < 7) AND (production_year < 1965))
                          Rows Removed by Filter: 2310933
Planning time: 1.081 ms
Execution time: 4177.217 ms
