Hash Join  (cost=74242.71..835870.29 rows=146097 width=0) (actual time=867.232..14078.506 rows=109776 loops=1)
  Hash Cond: (ci.movie_id = t.id)
  ->  Seq Scan on cast_info ci  (cost=0.00..705507.15 rows=14575858 width=4) (actual time=0.025..9963.519 rows=14500222 loops=1)
        Filter: (person_id < 1428180)
        Rows Removed by Filter: 21744122
  ->  Hash  (cost=73925.90..73925.90 rows=25344 width=4) (actual time=866.771..866.771 rows=15457 loops=1)
        Buckets: 32768  Batches: 1  Memory Usage: 800kB
        ->  Seq Scan on title t  (cost=0.00..73925.90 rows=25344 width=4) (actual time=92.577..859.572 rows=15457 loops=1)
              Filter: ((kind_id = 1) AND (production_year = 2005))
              Rows Removed by Filter: 2512855
Planning time: 1.864 ms
Execution time: 14099.121 ms
