Hash Join  (cost=164950.27..658431.13 rows=3412168 width=0) (actual time=3474.003..14040.255 rows=3072807 loops=1)
  Hash Cond: (mi.movie_id = t.id)
  ->  Seq Scan on movie_info mi  (cost=0.00..346232.03 rows=9476311 width=4) (actual time=347.363..5278.657 rows=9565151 loops=1)
        Filter: (info_type_id < 16)
        Rows Removed by Filter: 5270569
  ->  Hash  (cost=150012.59..150012.59 rows=910455 width=8) (actual time=3125.797..3125.797 rows=525930 loops=1)
        Buckets: 131072  Batches: 16  Memory Usage: 2319kB
        ->  Hash Join  (cost=94973.51..150012.59 rows=910455 width=8) (actual time=1502.025..2967.749 rows=525930 loops=1)
              Hash Cond: (mi_idx.movie_id = t.id)
              ->  Seq Scan on movie_info_idx mi_idx  (cost=0.00..21735.35 rows=1380035 width=4) (actual time=0.026..387.050 rows=1380035 loops=1)
              ->  Hash  (cost=67604.59..67604.59 rows=1668154 width=4) (actual time=1501.069..1501.069 rows=1674098 loops=1)
                    Buckets: 131072  Batches: 32  Memory Usage: 2869kB
                    ->  Seq Scan on title t  (cost=0.00..67604.59 rows=1668154 width=4) (actual time=0.026..964.109 rows=1674098 loops=1)
                          Filter: (kind_id > 3)
                          Rows Removed by Filter: 854214
Planning time: 1.073 ms
Execution time: 14452.180 ms
