Seq Scan on cast_info ci  (cost=0.00..796071.18 rows=795930 width=0) (actual time=4435.622..10395.036 rows=1300530 loops=1)
  Filter: ((person_id > 2654223) AND (role_id = 4))
  Rows Removed by Filter: 34943814
Planning time: 0.339 ms
Execution time: 10558.222 ms
