Hash Join  (cost=263115.61..442040.16 rows=3712880 width=0) (actual time=5754.882..14737.577 rows=27487903 loops=1)
  Hash Cond: (mk.movie_id = t.id)
  ->  Seq Scan on movie_keyword mk  (cost=0.00..81003.12 rows=3598181 width=4) (actual time=0.021..1483.245 rows=3597693 loops=1)
        Filter: (keyword_id < 20324)
        Rows Removed by Filter: 926237
  ->  Hash  (cost=220309.49..220309.49 rows=2609129 width=8) (actual time=5753.576..5753.576 rows=2609129 loops=1)
        Buckets: 131072  Batches: 64  Memory Usage: 2691kB
        ->  Hash Join  (cost=102767.86..220309.49 rows=2609129 width=8) (actual time=1656.105..5058.741 rows=2609129 loops=1)
              Hash Cond: (mc.movie_id = t.id)
              ->  Seq Scan on movie_companies mc  (cost=0.00..44881.29 rows=2609129 width=4) (actual time=0.017..754.101 rows=2609129 loops=1)
              ->  Hash  (cost=61283.27..61283.27 rows=2528527 width=4) (actual time=1654.641..1654.641 rows=2528312 loops=1)
                    Buckets: 131072  Batches: 64  Memory Usage: 2415kB
                    ->  Seq Scan on title t  (cost=0.00..61283.27 rows=2528527 width=4) (actual time=0.019..825.679 rows=2528312 loops=1)
Planning time: 1.173 ms
Execution time: 17542.654 ms
