Hash Join  (cost=115592.72..624550.10 rows=437279 width=0) (actual time=2106.962..14347.795 rows=2905440 loops=1)
  Hash Cond: (mi.movie_id = t.id)
  ->  Seq Scan on movie_info mi  (cost=0.00..346232.03 rows=13667879 width=4) (actual time=0.028..5809.530 rows=13700519 loops=1)
        Filter: (info_type_id < 61)
        Rows Removed by Filter: 1135201
  ->  Hash  (cost=114265.52..114265.52 rows=80896 width=8) (actual time=2106.021..2106.021 rows=180903 loops=1)
        Buckets: 131072 (originally 131072)  Batches: 4 (originally 2)  Memory Usage: 3073kB
        ->  Hash Join  (cost=81206.46..114265.52 rows=80896 width=8) (actual time=1193.145..2038.217 rows=180903 loops=1)
              Hash Cond: (mi_idx.movie_id = t.id)
              ->  Seq Scan on movie_info_idx mi_idx  (cost=0.00..25185.44 rows=460978 width=4) (actual time=0.024..447.843 rows=459925 loops=1)
                    Filter: (info_type_id < 100)
                    Rows Removed by Filter: 920110
              ->  Hash  (cost=73925.90..73925.90 rows=443724 width=4) (actual time=1191.885..1191.885 rows=536860 loops=1)
                    Buckets: 131072  Batches: 8  Memory Usage: 3395kB
                    ->  Seq Scan on title t  (cost=0.00..73925.90 rows=443724 width=4) (actual time=0.050..1021.099 rows=536860 loops=1)
                          Filter: ((kind_id < 7) AND (production_year < 2002))
                          Rows Removed by Filter: 1991452
Planning time: 1.117 ms
Execution time: 14671.578 ms
