Seq Scan on title t  (cost=0.00..67604.59 rows=2332735 width=0) (actual time=0.025..940.469 rows=2325893 loops=1)
  Filter: (production_year > 1935)
  Rows Removed by Filter: 202419
Planning time: 0.282 ms
Execution time: 1220.587 ms
