Hash Join  (cost=709678.15..1074363.23 rows=2915 width=0) (actual time=9069.657..14724.005 rows=3539 loops=1)
  Hash Cond: (mi.movie_id = t.id)
  ->  Seq Scan on movie_info mi  (cost=0.00..309384.22 rows=14739122 width=4) (actual time=0.012..2931.596 rows=14835720 loops=1)
  ->  Hash  (cost=709671.90..709671.90 rows=500 width=8) (actual time=9061.116..9061.116 rows=683 loops=1)
        Buckets: 1024  Batches: 1  Memory Usage: 35kB
        ->  Nested Loop  (cost=0.43..709671.90 rows=500 width=8) (actual time=2401.838..9060.828 rows=683 loops=1)
              ->  Seq Scan on cast_info ci  (cost=0.00..705507.15 rows=500 width=4) (actual time=2401.627..9052.131 rows=683 loops=1)
                    Filter: (person_id = 747353)
                    Rows Removed by Filter: 36243661
              ->  Index Only Scan using title_pkey on title t  (cost=0.43..8.32 rows=1 width=4) (actual time=0.012..0.012 rows=1 loops=683)
                    Index Cond: (id = ci.movie_id)
                    Heap Fetches: 683
Planning time: 2.120 ms
Execution time: 14724.868 ms
