Hash Join  (cost=797960.28..1167563.04 rows=407 width=0) (actual time=13329.182..16763.730 rows=2986 loops=1)
  Hash Cond: (mi.movie_id = t.id)
  ->  Seq Scan on movie_info mi  (cost=0.00..346232.03 rows=6231111 width=4) (actual time=1158.998..4811.585 rows=6223494 loops=1)
        Filter: (info_type_id > 8)
        Rows Removed by Filter: 8612226
  ->  Hash  (cost=797958.22..797958.22 rows=165 width=8) (actual time=11054.421..11054.421 rows=413 loops=1)
        Buckets: 1024  Batches: 1  Memory Usage: 25kB
        ->  Nested Loop  (cost=0.43..797958.22 rows=165 width=8) (actual time=7821.611..11054.237 rows=413 loops=1)
              ->  Seq Scan on cast_info ci  (cost=0.00..796071.18 rows=224 width=4) (actual time=7821.469..11026.537 rows=418 loops=1)
                    Filter: ((role_id > 2) AND (person_id = 3371142))
                    Rows Removed by Filter: 36243926
              ->  Index Scan using title_pkey on title t  (cost=0.43..8.41 rows=1 width=4) (actual time=0.065..0.065 rows=1 loops=418)
                    Index Cond: (id = ci.movie_id)
                    Filter: (kind_id > 1)
                    Rows Removed by Filter: 0
Planning time: 1.179 ms
Execution time: 16764.311 ms
