Hash Join  (cost=190230.21..1123942.44 rows=7144884 width=0) (actual time=5345.661..27569.936 rows=15349007 loops=1)
  Hash Cond: (ci.movie_id = t.id)
  ->  Seq Scan on cast_info ci  (cost=0.00..705507.15 rows=13090996 width=4) (actual time=325.977..10798.842 rows=13044487 loops=1)
        Filter: (person_id < 1288968)
        Rows Removed by Filter: 23199857
  ->  Hash  (cost=167588.78..167588.78 rows=1380035 width=8) (actual time=4743.317..4743.317 rows=1380035 loops=1)
        Buckets: 131072  Batches: 32  Memory Usage: 2708kB
        ->  Hash Join  (cost=102767.86..167588.78 rows=1380035 width=8) (actual time=1685.535..4280.622 rows=1380035 loops=1)
              Hash Cond: (mi_idx.movie_id = t.id)
              ->  Seq Scan on movie_info_idx mi_idx  (cost=0.00..21735.35 rows=1380035 width=4) (actual time=0.024..431.387 rows=1380035 loops=1)
              ->  Hash  (cost=61283.27..61283.27 rows=2528527 width=4) (actual time=1684.027..1684.027 rows=2528312 loops=1)
                    Buckets: 131072  Batches: 64  Memory Usage: 2415kB
                    ->  Seq Scan on title t  (cost=0.00..61283.27 rows=2528527 width=4) (actual time=0.019..830.407 rows=2528312 loops=1)
Planning time: 1.140 ms
Execution time: 29461.268 ms
