Hash Join  (cost=305529.91..1327154.48 rows=9393462 width=0) (actual time=6480.223..23700.876 rows=13561340 loops=1)
  Hash Cond: (ci.movie_id = t.id)
  ->  Seq Scan on cast_info ci  (cost=0.00..796071.18 rows=8591484 width=4) (actual time=3.796..10922.409 rows=3659099 loops=1)
        Filter: ((person_id < 1303393) AND (role_id > 1))
        Rows Removed by Filter: 32585245
  ->  Hash  (cost=260172.99..260172.99 rows=2764554 width=8) (actual time=6346.406..6346.406 rows=2758823 loops=1)
        Buckets: 131072  Batches: 64  Memory Usage: 2724kB
        ->  Hash Join  (cost=102767.86..260172.99 rows=2764554 width=8) (actual time=1666.979..5564.736 rows=2758823 loops=1)
              Hash Cond: (mk.movie_id = t.id)
              ->  Seq Scan on movie_keyword mk  (cost=0.00..81003.12 rows=2764554 width=4) (actual time=0.020..1465.334 rows=2758823 loops=1)
                    Filter: (keyword_id < 7861)
                    Rows Removed by Filter: 1765107
              ->  Hash  (cost=61283.27..61283.27 rows=2528527 width=4) (actual time=1665.000..1665.000 rows=2528312 loops=1)
                    Buckets: 131072  Batches: 64  Memory Usage: 2425kB
                    ->  Seq Scan on title t  (cost=0.00..61283.27 rows=2528527 width=4) (actual time=0.015..837.623 rows=2528312 loops=1)
Planning time: 1.093 ms
Execution time: 25216.516 ms
