Hash Join  (cost=67697.55..149358.56 rows=512 width=0) (actual time=1037.313..1974.664 rows=69 loops=1)
  Hash Cond: (mk.movie_id = t.id)
  ->  Seq Scan on movie_keyword mk  (cost=0.00..81003.12 rows=174072 width=4) (actual time=0.025..1116.145 rows=188777 loops=1)
        Filter: (keyword_id < 137)
        Rows Removed by Filter: 4335153
  ->  Hash  (cost=67604.59..67604.59 rows=7437 width=4) (actual time=821.751..821.751 rows=1747 loops=1)
        Buckets: 8192  Batches: 1  Memory Usage: 126kB
        ->  Seq Scan on title t  (cost=0.00..67604.59 rows=7437 width=4) (actual time=132.614..820.780 rows=1747 loops=1)
              Filter: (production_year = 1901)
              Rows Removed by Filter: 2526565
Planning time: 0.838 ms
Execution time: 1974.775 ms
