Hash Join  (cost=69484.36..1202589.73 rows=1610407 width=0) (actual time=3630.057..60457.921 rows=1367423 loops=1)
  Hash Cond: (ci.movie_id = t.id)
  ->  Seq Scan on cast_info ci  (cost=0.00..705507.15 rows=35549907 width=4) (actual time=0.024..39655.797 rows=35546425 loops=1)
        Filter: (person_id < 3926939)
        Rows Removed by Filter: 697919
  ->  Hash  (cost=67604.59..67604.59 rows=114542 width=4) (actual time=3627.411..3627.411 rows=118234 loops=1)
        Buckets: 131072  Batches: 2  Memory Usage: 3101kB
        ->  Seq Scan on title t  (cost=0.00..67604.59 rows=114542 width=4) (actual time=0.020..3197.286 rows=118234 loops=1)
              Filter: (kind_id = 4)
              Rows Removed by Filter: 2410078
Planning time: 0.695 ms
Execution time: 60691.043 ms
