Hash Join  (cost=74301.39..129276.89 rows=30997 width=0) (actual time=873.177..2570.878 rows=223914 loops=1)
  Hash Cond: (mc.movie_id = t.id)
  ->  Seq Scan on movie_companies mc  (cost=0.00..44881.29 rows=2609129 width=4) (actual time=0.017..568.445 rows=2609129 loops=1)
  ->  Hash  (cost=73925.90..73925.90 rows=30039 width=4) (actual time=872.912..872.912 rows=117851 loops=1)
        Buckets: 131072 (originally 32768)  Batches: 2 (originally 1)  Memory Usage: 3091kB
        ->  Seq Scan on title t  (cost=0.00..73925.90 rows=30039 width=4) (actual time=117.727..826.677 rows=117851 loops=1)
              Filter: ((production_year < 1931) AND (kind_id = 1))
              Rows Removed by Filter: 2410461
Planning time: 0.689 ms
Execution time: 2598.681 ms
