Hash Join  (cost=122535.74..874424.34 rows=109944 width=0) (actual time=1841.670..16539.857 rows=237917 loops=1)
  Hash Cond: (ci.movie_id = t.id)
  ->  Seq Scan on cast_info ci  (cost=0.00..614943.12 rows=36225612 width=4) (actual time=0.014..6849.205 rows=36244344 loops=1)
  ->  Hash  (cost=122439.81..122439.81 rows=7674 width=8) (actual time=1840.413..1840.413 rows=6641 loops=1)
        Buckets: 8192  Batches: 1  Memory Usage: 324kB
        ->  Hash Join  (cost=67697.55..122439.81 rows=7674 width=8) (actual time=786.951..1837.661 rows=6641 loops=1)
              Hash Cond: (mc.movie_id = t.id)
              ->  Seq Scan on movie_companies mc  (cost=0.00..44881.29 rows=2609129 width=4) (actual time=0.012..555.376 rows=2609129 loops=1)
              ->  Hash  (cost=67604.59..67604.59 rows=7437 width=4) (actual time=786.867..786.867 rows=2206 loops=1)
                    Buckets: 8192  Batches: 1  Memory Usage: 142kB
                    ->  Seq Scan on title t  (cost=0.00..67604.59 rows=7437 width=4) (actual time=0.011..785.721 rows=2206 loops=1)
                          Filter: (production_year = 1941)
                          Rows Removed by Filter: 2526106
Planning time: 0.796 ms
Execution time: 16573.267 ms
