Hash Join  (cost=228180.94..367107.78 rows=1809924 width=0) (actual time=4954.983..10172.998 rows=12910851 loops=1)
  Hash Cond: (mk.movie_id = t.id)
  ->  Seq Scan on movie_keyword mk  (cost=0.00..81003.12 rows=2564095 width=4) (actual time=0.024..1408.670 rows=2555088 loops=1)
        Filter: (keyword_id > 3434)
        Rows Removed by Filter: 1968842
  ->  Hash  (cost=198898.71..198898.71 rows=1784818 width=8) (actual time=4952.869..4952.869 rows=1483200 loops=1)
        Buckets: 131072  Batches: 32  Memory Usage: 2886kB
        ->  Hash Join  (cost=95982.60..198898.71 rows=1784818 width=8) (actual time=1596.443..4474.841 rows=1483200 loops=1)
              Hash Cond: (mc.movie_id = t.id)
              ->  Seq Scan on movie_companies mc  (cost=0.00..44881.29 rows=2609129 width=4) (actual time=0.023..788.323 rows=2609129 loops=1)
              ->  Hash  (cost=67604.59..67604.59 rows=1729681 width=4) (actual time=1595.097..1595.097 rows=1725233 loops=1)
                    Buckets: 131072  Batches: 32  Memory Usage: 2923kB
                    ->  Seq Scan on title t  (cost=0.00..67604.59 rows=1729681 width=4) (actual time=0.026..1052.923 rows=1725233 loops=1)
                          Filter: (production_year > 1991)
                          Rows Removed by Filter: 803079
Planning time: 1.078 ms
Execution time: 11365.138 ms
