Hash Join  (cost=96147.73..190464.67 rows=1397642 width=0) (actual time=1813.451..4707.741 rows=644281 loops=1)
  Hash Cond: (mc.movie_id = t.id)
  ->  Seq Scan on movie_companies mc  (cost=0.00..44881.29 rows=2609129 width=4) (actual time=0.023..778.058 rows=2609129 loops=1)
  ->  Hash  (cost=73925.90..73925.90 rows=1354466 width=4) (actual time=1475.706..1475.706 rows=1432013 loops=1)
        Buckets: 131072  Batches: 32  Memory Usage: 2599kB
        ->  Seq Scan on title t  (cost=0.00..73925.90 rows=1354466 width=4) (actual time=143.732..1086.279 rows=1432013 loops=1)
              Filter: ((production_year > 1959) AND (kind_id = 7))
              Rows Removed by Filter: 1096299
Planning time: 0.703 ms
Execution time: 4789.615 ms
