Hash Join  (cost=71961.27..446911.45 rows=230434 width=0) (actual time=1716.357..7212.290 rows=289576 loops=1)
  Hash Cond: (mi.movie_id = t.id)
  ->  Seq Scan on movie_info mi  (cost=0.00..346232.03 rows=2194617 width=4) (actual time=19.777..4498.141 rows=2233850 loops=1)
        Filter: (info_type_id > 16)
        Rows Removed by Filter: 12601870
  ->  Hash  (cost=67604.59..67604.59 rows=265495 width=4) (actual time=1695.725..1695.725 rows=263594 loops=1)
        Buckets: 131072  Batches: 4  Memory Usage: 3346kB
        ->  Seq Scan on title t  (cost=0.00..67604.59 rows=265495 width=4) (actual time=0.050..949.165 rows=263594 loops=1)
              Filter: (production_year < 1962)
              Rows Removed by Filter: 2264718
Planning time: 0.728 ms
Execution time: 7249.301 ms
