Hash Join  (cost=92735.26..183845.45 rows=1082518 width=0) (actual time=1599.298..3938.593 rows=830381 loops=1)
  Hash Cond: (mc.movie_id = t.id)
  ->  Seq Scan on movie_companies mc  (cost=0.00..51404.11 rows=1786978 width=4) (actual time=0.016..882.848 rows=1778008 loops=1)
        Filter: (company_id < 27232)
        Rows Removed by Filter: 831121
  ->  Hash  (cost=67604.59..67604.59 rows=1531734 width=4) (actual time=1598.019..1598.019 rows=1531613 loops=1)
        Buckets: 131072  Batches: 32  Memory Usage: 2708kB
        ->  Seq Scan on title t  (cost=0.00..67604.59 rows=1531734 width=4) (actual time=0.029..1106.397 rows=1531613 loops=1)
              Filter: (production_year > 1997)
              Rows Removed by Filter: 996699
Planning time: 0.928 ms
Execution time: 4045.241 ms
