Seq Scan on cast_info ci  (cost=0.00..796071.18 rows=13078424 width=0) (actual time=2481.074..30891.697 rows=11077067 loops=1)
  Filter: ((person_id > 1232842) AND (role_id < 3))
  Rows Removed by Filter: 25167277
Planning time: 0.230 ms
Execution time: 32618.747 ms
