Hash Join  (cost=129909.27..624138.49 rows=1351727 width=0) (actual time=2272.526..14436.753 rows=2730879 loops=1)
  Hash Cond: (mi.movie_id = t.id)
  ->  Seq Scan on movie_info mi  (cost=0.00..309384.22 rows=14739122 width=4) (actual time=0.025..4491.556 rows=14835720 loops=1)
  ->  Hash  (cost=126104.62..126104.62 rows=231892 width=8) (actual time=2271.723..2271.723 rows=195054 loops=1)
        Buckets: 131072  Batches: 4  Memory Usage: 2928kB
        ->  Hash Join  (cost=88295.76..126104.62 rows=231892 width=8) (actual time=1339.187..2206.003 rows=195054 loops=1)
              Hash Cond: (mi_idx.movie_id = t.id)
              ->  Seq Scan on movie_info_idx mi_idx  (cost=0.00..25185.44 rows=464934 width=4) (actual time=0.022..363.658 rows=460185 loops=1)
                    Filter: (info_type_id > 100)
                    Rows Removed by Filter: 919850
              ->  Hash  (cost=67604.59..67604.59 rows=1261134 width=4) (actual time=1337.978..1337.978 rows=1260295 loops=1)
                    Buckets: 131072  Batches: 32  Memory Usage: 2413kB
                    ->  Seq Scan on title t  (cost=0.00..67604.59 rows=1261134 width=4) (actual time=0.026..942.781 rows=1260295 loops=1)
                          Filter: (production_year > 2002)
                          Rows Removed by Filter: 1268017
Planning time: 1.150 ms
Execution time: 14801.270 ms
