Hash Join  (cost=210658.59..737091.04 rows=4369751 width=0) (actual time=4544.289..41522.998 rows=102715528 loops=1)
  Hash Cond: (mi.movie_id = t.id)
  ->  Seq Scan on movie_info mi  (cost=0.00..309384.22 rows=14739122 width=4) (actual time=0.018..4462.141 rows=14835720 loops=1)
  ->  Hash  (cost=198359.09..198359.09 rows=749640 width=8) (actual time=4543.286..4543.286 rows=1635714 loops=1)
        Buckets: 131072 (originally 131072)  Batches: 32 (originally 16)  Memory Usage: 3093kB
        ->  Hash Join  (cost=83810.17..198359.09 rows=749640 width=8) (actual time=1462.597..4052.299 rows=1635714 loops=1)
              Hash Cond: (mk.movie_id = t.id)
              ->  Seq Scan on movie_keyword mk  (cost=0.00..81003.12 rows=1919037 width=4) (actual time=0.016..1134.388 rows=1930469 loops=1)
                    Filter: (keyword_id > 6924)
                    Rows Removed by Filter: 2593461
              ->  Hash  (cost=67604.59..67604.59 rows=987727 width=4) (actual time=1461.792..1461.792 rows=985048 loops=1)
                    Buckets: 131072  Batches: 16  Memory Usage: 3197kB
                    ->  Seq Scan on title t  (cost=0.00..67604.59 rows=987727 width=4) (actual time=0.022..875.375 rows=985048 loops=1)
                          Filter: (kind_id < 7)
                          Rows Removed by Filter: 1543264
Planning time: 1.104 ms
Execution time: 53289.067 ms
