Hash Join  (cost=101150.96..852409.05 rows=46886 width=0) (actual time=1445.100..14952.413 rows=27329 loops=1)
  Hash Cond: (ci.movie_id = t.id)
  ->  Seq Scan on cast_info ci  (cost=0.00..614943.12 rows=36225612 width=4) (actual time=0.012..6400.384 rows=36244344 loops=1)
  ->  Hash  (cost=101110.05..101110.05 rows=3273 width=8) (actual time=1444.786..1444.786 rows=1149 loops=1)
        Buckets: 4096  Batches: 1  Memory Usage: 77kB
        ->  Hash Join  (cost=74148.38..101110.05 rows=3273 width=8) (actual time=944.158..1444.145 rows=1149 loops=1)
              Hash Cond: (mi_idx.movie_id = t.id)
              ->  Seq Scan on movie_info_idx mi_idx  (cost=0.00..25185.44 rows=464934 width=4) (actual time=0.021..407.338 rows=460185 loops=1)
                    Filter: (info_type_id > 100)
                    Rows Removed by Filter: 919850
              ->  Hash  (cost=73925.90..73925.90 rows=17798 width=4) (actual time=943.637..943.637 rows=13346 loops=1)
                    Buckets: 32768  Batches: 1  Memory Usage: 726kB
                    ->  Seq Scan on title t  (cost=0.00..73925.90 rows=17798 width=4) (actual time=312.040..937.895 rows=13346 loops=1)
                          Filter: ((production_year > 2010) AND (kind_id = 4))
                          Rows Removed by Filter: 2514966
Planning time: 1.174 ms
Execution time: 14958.880 ms
