Hash Join  (cost=254388.52..870426.93 rows=8528760 width=0) (actual time=5952.668..62072.976 rows=199686881 loops=1)
  Hash Cond: (mi.movie_id = t.id)
  ->  Seq Scan on movie_info mi  (cost=0.00..346232.03 rows=13929354 width=4) (actual time=0.023..5595.012 rows=14033580 loops=1)
        Filter: (info_type_id > 1)
        Rows Removed by Filter: 802140
  ->  Hash  (cost=228988.22..228988.22 rows=1548184 width=8) (actual time=5951.809..5951.809 rows=3158185 loops=1)
        Buckets: 131072 (originally 131072)  Batches: 64 (originally 32)  Memory Usage: 3073kB
        ->  Hash Join  (cost=88123.34..228988.22 rows=1548184 width=8) (actual time=1267.960..5068.211 rows=3158185 loops=1)
              Hash Cond: (mk.movie_id = t.id)
              ->  Seq Scan on movie_keyword mk  (cost=0.00..69693.30 rows=4523930 width=4) (actual time=0.025..1061.025 rows=4523930 loops=1)
              ->  Hash  (cost=73925.90..73925.90 rows=865315 width=4) (actual time=1267.041..1267.041 rows=778683 loops=1)
                    Buckets: 131072  Batches: 16  Memory Usage: 2747kB
                    ->  Seq Scan on title t  (cost=0.00..73925.90 rows=865315 width=4) (actual time=0.029..1012.971 rows=778683 loops=1)
                          Filter: ((kind_id < 7) AND (production_year > 1960))
                          Rows Removed by Filter: 1749629
Planning time: 1.048 ms
Execution time: 83594.900 ms
