Hash Join  (cost=102598.41..189269.22 rows=1277 width=0) (actual time=1520.719..3095.885 rows=1556 loops=1)
  Hash Cond: (mk.movie_id = t.id)
  ->  Seq Scan on movie_keyword mk  (cost=0.00..69693.30 rows=4523930 width=4) (actual time=0.011..799.326 rows=4523930 loops=1)
  ->  Hash  (cost=102589.48..102589.48 rows=714 width=8) (actual time=1516.456..1516.456 rows=560 loops=1)
        Buckets: 1024  Batches: 1  Memory Usage: 30kB
        ->  Hash Join  (cost=73950.44..102589.48 rows=714 width=8) (actual time=930.705..1516.142 rows=560 loops=1)
              Hash Cond: (mi_idx.movie_id = t.id)
              ->  Seq Scan on movie_info_idx mi_idx  (cost=0.00..25185.44 rows=919057 width=4) (actual time=0.027..421.725 rows=920110 loops=1)
                    Filter: (info_type_id > 99)
                    Rows Removed by Filter: 459925
              ->  Hash  (cost=73925.90..73925.90 rows=1963 width=4) (actual time=929.902..929.902 rows=7770 loops=1)
                    Buckets: 8192 (originally 2048)  Batches: 1 (originally 1)  Memory Usage: 338kB
                    ->  Seq Scan on title t  (cost=0.00..73925.90 rows=1963 width=4) (actual time=116.691..926.696 rows=7770 loops=1)
                          Filter: ((kind_id = 1) AND (production_year = 1912))
                          Rows Removed by Filter: 2520542
Planning time: 1.125 ms
Execution time: 3096.326 ms
