Hash Join  (cost=93093.72..1020812.44 rows=4070253 width=0) (actual time=3457.361..23188.161 rows=7297259 loops=1)
  Hash Cond: (ci.movie_id = t.id)
  ->  Seq Scan on cast_info ci  (cost=0.00..796071.18 rows=6624402 width=4) (actual time=1990.383..12768.578 rows=12670688 loops=1)
        Filter: ((person_id < 1868645) AND (role_id = 1))
        Rows Removed by Filter: 23573656
  ->  Hash  (cost=67604.59..67604.59 rows=1553611 width=4) (actual time=1465.454..1465.454 rows=1555864 loops=1)
        Buckets: 131072  Batches: 32  Memory Usage: 2734kB
        ->  Seq Scan on title t  (cost=0.00..67604.59 rows=1553611 width=4) (actual time=0.026..976.942 rows=1555864 loops=1)
              Filter: (kind_id > 4)
              Rows Removed by Filter: 972448
Planning time: 0.713 ms
Execution time: 24104.669 ms
