Hash Join  (cost=149727.73..1202443.07 rows=1841018 width=0) (actual time=2179.349..24650.637 rows=758842 loops=1)
  Hash Cond: (ci.movie_id = t.id)
  ->  Seq Scan on cast_info ci  (cost=0.00..614943.12 rows=36225612 width=4) (actual time=0.029..10231.640 rows=36244344 loops=1)
  ->  Hash  (cost=147619.45..147619.45 rows=128502 width=8) (actual time=2178.479..2178.479 rows=27101 loops=1)
        Buckets: 131072  Batches: 2  Memory Usage: 1552kB
        ->  Hash Join  (cost=80562.70..147619.45 rows=128502 width=8) (actual time=1330.943..2169.066 rows=27101 loops=1)
              Hash Cond: (mc.movie_id = t.id)
              ->  Seq Scan on movie_companies mc  (cost=0.00..57926.93 rows=411412 width=4) (actual time=81.933..732.004 rows=94104 loops=1)
                    Filter: ((company_id > 25393) AND (company_type_id < 2))
                    Rows Removed by Filter: 2515025
              ->  Hash  (cost=67604.59..67604.59 rows=789769 width=4) (actual time=1247.854..1247.854 rows=784926 loops=1)
                    Buckets: 131072  Batches: 16  Memory Usage: 2749kB
                    ->  Seq Scan on title t  (cost=0.00..67604.59 rows=789769 width=4) (actual time=0.020..998.412 rows=784926 loops=1)
                          Filter: (production_year > 2007)
                          Rows Removed by Filter: 1743386
Planning time: 1.101 ms
Execution time: 24755.871 ms
