Seq Scan on cast_info ci  (cost=0.00..705507.15 rows=12448290 width=0) (actual time=0.010..9826.760 rows=12369607 loops=1)
  Filter: (person_id < 1219602)
  Rows Removed by Filter: 23874737
Planning time: 0.333 ms
Execution time: 11342.764 ms
