Hash Join  (cost=709674.80..736586.00 rows=72 width=0) (actual time=8807.702..9203.644 rows=21 loops=1)
  Hash Cond: (mi_idx.movie_id = t.id)
  ->  Seq Scan on movie_info_idx mi_idx  (cost=0.00..21735.35 rows=1380035 width=4) (actual time=0.025..237.119 rows=1380035 loops=1)
  ->  Hash  (cost=709673.15..709673.15 rows=132 width=8) (actual time=8713.021..8713.021 rows=7 loops=1)
        Buckets: 1024  Batches: 1  Memory Usage: 9kB
        ->  Nested Loop  (cost=0.43..709673.15 rows=132 width=8) (actual time=5338.048..8712.988 rows=7 loops=1)
              ->  Seq Scan on cast_info ci  (cost=0.00..705507.15 rows=500 width=4) (actual time=5336.745..8704.197 rows=155 loops=1)
                    Filter: (person_id = 1068687)
                    Rows Removed by Filter: 36244189
              ->  Index Scan using title_pkey on title t  (cost=0.43..8.32 rows=1 width=4) (actual time=0.056..0.056 rows=0 loops=155)
                    Index Cond: (id = ci.movie_id)
                    Filter: (kind_id = 1)
                    Rows Removed by Filter: 1
Planning time: 1.367 ms
Execution time: 9203.773 ms
