Seq Scan on title t  (cost=0.00..73925.90 rows=142184 width=0) (actual time=465.709..917.860 rows=278391 loops=1)
  Filter: ((kind_id < 2) AND (production_year < 1982))
  Rows Removed by Filter: 2249921
Planning time: 0.313 ms
Execution time: 954.523 ms
