Hash Join  (cost=130245.40..937408.32 rows=2897 width=0) (actual time=2181.896..12158.542 rows=3173 loops=1)
  Hash Cond: (ci.movie_id = t.id)
  ->  Seq Scan on cast_info ci  (cost=0.00..796071.18 rows=2950073 width=4) (actual time=293.417..9987.010 rows=1740098 loops=1)
        Filter: ((person_id < 850135) AND (role_id > 3))
        Rows Removed by Filter: 34504246
  ->  Hash  (cost=130214.36..130214.36 rows=2483 width=8) (actual time=1876.267..1876.267 rows=4131 loops=1)
        Buckets: 8192 (originally 4096)  Batches: 1 (originally 1)  Memory Usage: 226kB
        ->  Hash Join  (cost=73987.23..130214.36 rows=2483 width=8) (actual time=1501.354..1874.647 rows=4131 loops=1)
              Hash Cond: (mc.movie_id = t.id)
              ->  Seq Scan on movie_companies mc  (cost=0.00..51404.11 rows=1279517 width=4) (actual time=0.025..732.125 rows=1274246 loops=1)
                    Filter: (company_type_id = 1)
                    Rows Removed by Filter: 1334883
              ->  Hash  (cost=73925.90..73925.90 rows=4906 width=4) (actual time=926.930..926.930 rows=6999 loops=1)
                    Buckets: 8192  Batches: 1  Memory Usage: 311kB
                    ->  Seq Scan on title t  (cost=0.00..73925.90 rows=4906 width=4) (actual time=0.460..923.831 rows=6999 loops=1)
                          Filter: ((kind_id > 3) AND (production_year = 1960))
                          Rows Removed by Filter: 2521313
Planning time: 1.132 ms
Execution time: 12159.302 ms
