Seq Scan on cast_info ci  (cost=0.00..796071.18 rows=2721421 width=0) (actual time=7804.496..11178.441 rows=3801241 loops=1)
  Filter: ((person_id > 1318628) AND (role_id = 10))
  Rows Removed by Filter: 32443103
Planning time: 0.395 ms
Execution time: 11648.555 ms
