Seq Scan on cast_info ci  (cost=0.00..705507.15 rows=500 width=0) (actual time=4828.495..9002.377 rows=116 loops=1)
  Filter: (person_id = 1449874)
  Rows Removed by Filter: 36244228
Planning time: 0.347 ms
Execution time: 9002.459 ms
