Hash Join  (cost=52284.75..881319.79 rows=834 width=0) (actual time=681.192..17574.820 rows=1301 loops=1)
  Hash Cond: (ci.movie_id = t.id)
  ->  Seq Scan on cast_info ci  (cost=0.00..705507.15 rows=32938545 width=4) (actual time=0.016..11375.737 rows=32933602 loops=1)
        Filter: (person_id < 3452714)
        Rows Removed by Filter: 3310742
  ->  Hash  (cost=52283.95..52283.95 rows=64 width=8) (actual time=677.248..677.248 rows=24 loops=1)
        Buckets: 1024  Batches: 1  Memory Usage: 9kB
        ->  Nested Loop  (cost=0.43..52283.95 rows=64 width=8) (actual time=365.717..677.220 rows=24 loops=1)
              ->  Seq Scan on movie_companies mc  (cost=0.00..51404.11 rows=104 width=4) (actual time=359.981..676.071 rows=37 loops=1)
                    Filter: (company_id = 107014)
                    Rows Removed by Filter: 2609092
              ->  Index Scan using title_pkey on title t  (cost=0.43..8.45 rows=1 width=4) (actual time=0.029..0.029 rows=1 loops=37)
                    Index Cond: (id = mc.movie_id)
                    Filter: (production_year < 2007)
                    Rows Removed by Filter: 0
Planning time: 1.196 ms
Execution time: 17575.667 ms
