Hash Join  (cost=842372.82..2140963.25 rows=35298066 width=0) (actual time=21124.164..57410.938 rows=68113921 loops=1)
  Hash Cond: (ci.movie_id = t.id)
  ->  Seq Scan on cast_info ci  (cost=0.00..705507.15 rows=9418445 width=4) (actual time=813.850..10584.672 rows=9258216 loops=1)
        Filter: (person_id < 911220)
        Rows Removed by Filter: 26986128
  ->  Hash  (cost=686901.94..686901.94 rows=9476311 width=8) (actual time=20285.547..20285.547 rows=9565151 loops=1)
        Buckets: 131072  Batches: 128  Memory Usage: 3919kB
        ->  Hash Join  (cost=102767.86..686901.94 rows=9476311 width=8) (actual time=1634.486..16755.175 rows=9565151 loops=1)
              Hash Cond: (mi.movie_id = t.id)
              ->  Seq Scan on movie_info mi  (cost=0.00..346232.03 rows=9476311 width=4) (actual time=21.105..5162.400 rows=9565151 loops=1)
                    Filter: (info_type_id < 16)
                    Rows Removed by Filter: 5270569
              ->  Hash  (cost=61283.27..61283.27 rows=2528527 width=4) (actual time=1612.505..1612.505 rows=2528312 loops=1)
                    Buckets: 131072  Batches: 64  Memory Usage: 2425kB
                    ->  Seq Scan on title t  (cost=0.00..61283.27 rows=2528527 width=4) (actual time=0.016..777.163 rows=2528312 loops=1)
Planning time: 1.125 ms
Execution time: 65789.146 ms
