Seq Scan on movie_keyword mk  (cost=0.00..81003.12 rows=4249266 width=0) (actual time=0.025..1523.984 rows=4228328 loops=1)
  Filter: (keyword_id > 240)
  Rows Removed by Filter: 295602
Planning time: 0.329 ms
Execution time: 2031.982 ms
