Hash Join  (cost=196891.72..1266394.13 rows=2041005 width=0) (actual time=3790.625..27412.167 rows=6158271 loops=1)
  Hash Cond: (ci.movie_id = t.id)
  ->  Seq Scan on cast_info ci  (cost=0.00..705507.15 rows=26757444 width=4) (actual time=333.572..13428.534 rows=26859641 loops=1)
        Filter: (role_id < 5)
        Rows Removed by Filter: 9384703
  ->  Hash  (cost=193726.84..193726.84 rows=192871 width=8) (actual time=3456.175..3456.175 rows=183641 loops=1)
        Buckets: 131072  Batches: 4  Memory Usage: 2816kB
        ->  Hash Join  (cost=69374.09..193726.84 rows=192871 width=8) (actual time=815.865..3394.607 rows=183641 loops=1)
              Hash Cond: (mk.movie_id = t.id)
              ->  Seq Scan on movie_keyword mk  (cost=0.00..69693.30 rows=4523930 width=4) (actual time=0.023..1194.581 rows=4523930 loops=1)
              ->  Hash  (cost=67604.59..67604.59 rows=107800 width=4) (actual time=814.863..814.863 rows=108429 loops=1)
                    Buckets: 131072  Batches: 2  Memory Usage: 2938kB
                    ->  Seq Scan on title t  (cost=0.00..67604.59 rows=107800 width=4) (actual time=0.037..773.386 rows=108429 loops=1)
                          Filter: (production_year = 2006)
                          Rows Removed by Filter: 2419883
Planning time: 2.656 ms
Execution time: 28006.766 ms
