Seq Scan on cast_info ci  (cost=0.00..705507.15 rows=35357542 width=0) (actual time=0.022..11193.329 rows=35343001 loops=1)
  Filter: (person_id < 3888871)
  Rows Removed by Filter: 901343
Planning time: 0.323 ms
Execution time: 15541.489 ms
