Nested Loop  (cost=0.43..83071.67 rows=246 width=0) (actual time=5.843..923.176 rows=181 loops=1)
  ->  Seq Scan on movie_keyword mk  (cost=0.00..81003.12 rows=246 width=4) (actual time=5.771..917.243 rows=181 loops=1)
        Filter: (keyword_id = 6408)
        Rows Removed by Filter: 4523749
  ->  Index Only Scan using title_pkey on title t  (cost=0.43..8.40 rows=1 width=4) (actual time=0.030..0.031 rows=1 loops=181)
        Index Cond: (id = mk.movie_id)
        Heap Fetches: 181
Planning time: 2.776 ms
Execution time: 923.321 ms
