Seq Scan on cast_info ci  (cost=0.00..796071.18 rows=8516909 width=0) (actual time=24.374..11168.001 rows=11006602 loops=1)
  Filter: ((person_id < 1505416) AND (role_id < 3))
  Rows Removed by Filter: 25237742
Planning time: 0.565 ms
Execution time: 12488.585 ms
