Hash Join  (cost=160609.65..1231558.29 rows=3615947 width=0) (actual time=3575.975..35197.523 rows=20526986 loops=1)
  Hash Cond: (ci.movie_id = t.id)
  ->  Seq Scan on cast_info ci  (cost=0.00..614943.12 rows=36225612 width=4) (actual time=0.020..10762.653 rows=36244344 loops=1)
  ->  Hash  (cost=156468.76..156468.76 rows=252391 width=8) (actual time=3574.960..3574.960 rows=758315 loops=1)
        Buckets: 131072 (originally 131072)  Batches: 8 (originally 4)  Memory Usage: 4726kB
        ->  Hash Join  (cost=77939.33..156468.76 rows=252391 width=8) (actual time=1116.552..3345.458 rows=758315 loops=1)
              Hash Cond: (mc.movie_id = t.id)
              ->  Seq Scan on movie_companies mc  (cost=0.00..44881.29 rows=2609129 width=4) (actual time=0.020..769.792 rows=2609129 loops=1)
              ->  Hash  (cost=73925.90..73925.90 rows=244594 width=4) (actual time=1115.754..1115.754 rows=359543 loops=1)
                    Buckets: 131072 (originally 131072)  Batches: 8 (originally 4)  Memory Usage: 3073kB
                    ->  Seq Scan on title t  (cost=0.00..73925.90 rows=244594 width=4) (actual time=0.025..991.373 rows=359543 loops=1)
                          Filter: ((production_year < 1998) AND (kind_id = 1))
                          Rows Removed by Filter: 2168769
Planning time: 1.114 ms
Execution time: 37180.239 ms
