Seq Scan on movie_companies mc  (cost=0.00..57926.93 rows=1168039 width=0) (actual time=0.026..3281.645 rows=1018107 loops=1)
  Filter: ((company_id < 91829) AND (company_type_id = 2))
  Rows Removed by Filter: 1591022
Planning time: 0.881 ms
Execution time: 3410.642 ms
