Seq Scan on cast_info ci  (cost=0.00..796071.18 rows=3637537 width=0) (actual time=815.690..8322.587 rows=4316423 loops=1)
  Filter: ((person_id < 521793) AND (role_id < 4))
  Rows Removed by Filter: 31927921
Planning time: 0.347 ms
Execution time: 8730.446 ms
