Hash Join  (cost=102767.86..281877.88 rows=3666640 width=0) (actual time=1686.475..6919.627 rows=3662604 loops=1)
  Hash Cond: (mk.movie_id = t.id)
  ->  Seq Scan on movie_keyword mk  (cost=0.00..81003.12 rows=3666640 width=4) (actual time=0.021..1508.160 rows=3662604 loops=1)
        Filter: (keyword_id > 819)
        Rows Removed by Filter: 861326
  ->  Hash  (cost=61283.27..61283.27 rows=2528527 width=4) (actual time=1685.103..1685.103 rows=2528312 loops=1)
        Buckets: 131072  Batches: 64  Memory Usage: 2425kB
        ->  Seq Scan on title t  (cost=0.00..61283.27 rows=2528527 width=4) (actual time=0.022..805.488 rows=2528312 loops=1)
Planning time: 0.720 ms
Execution time: 7367.642 ms
