Seq Scan on movie_keyword mk  (cost=0.00..81003.12 rows=869077 width=0) (actual time=0.027..1022.808 rows=877260 loops=1)
  Filter: (keyword_id > 21028)
  Rows Removed by Filter: 3646670
Planning time: 0.274 ms
Execution time: 1125.654 ms
