Hash Join  (cost=102767.86..200840.87 rows=1528917 width=0) (actual time=1604.108..4754.555 rows=1534266 loops=1)
  Hash Cond: (mc.movie_id = t.id)
  ->  Seq Scan on movie_companies mc  (cost=0.00..51404.11 rows=1528917 width=4) (actual time=0.023..851.733 rows=1534266 loops=1)
        Filter: (company_id > 6793)
        Rows Removed by Filter: 1074863
  ->  Hash  (cost=61283.27..61283.27 rows=2528527 width=4) (actual time=1602.301..1602.301 rows=2528312 loops=1)
        Buckets: 131072  Batches: 64  Memory Usage: 2415kB
        ->  Seq Scan on title t  (cost=0.00..61283.27 rows=2528527 width=4) (actual time=0.016..744.569 rows=2528312 loops=1)
Planning time: 0.715 ms
Execution time: 4946.663 ms
