Hash Join  (cost=79273.71..932831.02 rows=563767 width=0) (actual time=1045.923..17237.476 rows=1759134 loops=1)
  Hash Cond: (ci.movie_id = t.id)
  ->  Seq Scan on cast_info ci  (cost=0.00..796071.18 rows=4373991 width=4) (actual time=0.016..11486.582 rows=9753956 loops=1)
        Filter: ((person_id > 2734737) AND (role_id > 2))
        Rows Removed by Filter: 26490388
  ->  Hash  (cost=73925.90..73925.90 rows=325904 width=4) (actual time=1044.802..1044.802 rows=349534 loops=1)
        Buckets: 131072  Batches: 8  Memory Usage: 2566kB
        ->  Seq Scan on title t  (cost=0.00..73925.90 rows=325904 width=4) (actual time=95.640..931.884 rows=349534 loops=1)
              Filter: ((production_year > 2009) AND (kind_id = 7))
              Rows Removed by Filter: 2178778
Planning time: 17.722 ms
Execution time: 17433.393 ms
