Hash Join  (cost=75321.41..117418.75 rows=256686 width=0) (actual time=1276.922..2473.101 rows=285455 loops=1)
  Hash Cond: (mi_idx.movie_id = t.id)
  ->  Seq Scan on movie_info_idx mi_idx  (cost=0.00..21735.35 rows=1380035 width=4) (actual time=0.018..491.655 rows=1380035 loops=1)
  ->  Hash  (cost=67604.59..67604.59 rows=470306 width=4) (actual time=1275.848..1275.848 rows=465563 loops=1)
        Buckets: 131072  Batches: 8  Memory Usage: 3063kB
        ->  Seq Scan on title t  (cost=0.00..67604.59 rows=470306 width=4) (actual time=0.023..1127.758 rows=465563 loops=1)
              Filter: (production_year < 1977)
              Rows Removed by Filter: 2062749
Planning time: 1.392 ms
Execution time: 2506.511 ms
