Hash Join  (cost=428563.07..1180032.89 rows=68068 width=0) (actual time=4768.180..18901.828 rows=133632 loops=1)
  Hash Cond: (ci.movie_id = t.id)
  ->  Seq Scan on cast_info ci  (cost=0.00..614943.12 rows=36225612 width=4) (actual time=0.020..6600.413 rows=36244344 loops=1)
  ->  Hash  (cost=428503.68..428503.68 rows=4751 width=8) (actual time=4767.179..4767.179 rows=5216 loops=1)
        Buckets: 8192  Batches: 1  Memory Usage: 268kB
        ->  Hash Join  (cost=73994.33..428503.68 rows=4751 width=8) (actual time=1272.359..4765.280 rows=5216 loops=1)
              Hash Cond: (mi.movie_id = t.id)
              ->  Seq Scan on movie_info mi  (cost=0.00..346232.03 rows=2194617 width=4) (actual time=345.639..3569.718 rows=2233850 loops=1)
                    Filter: (info_type_id > 16)
                    Rows Removed by Filter: 12601870
              ->  Hash  (cost=73925.90..73925.90 rows=5474 width=4) (actual time=926.419..926.419 rows=9678 loops=1)
                    Buckets: 16384 (originally 8192)  Batches: 1 (originally 1)  Memory Usage: 469kB
                    ->  Seq Scan on title t  (cost=0.00..73925.90 rows=5474 width=4) (actual time=0.139..921.444 rows=9678 loops=1)
                          Filter: ((kind_id > 1) AND (production_year = 1968))
                          Rows Removed by Filter: 2518634
Planning time: 1.161 ms
Execution time: 18921.439 ms
