Hash Join  (cost=73950.44..100868.13 rows=358 width=0) (actual time=916.083..1388.980 rows=2264 loops=1)
  Hash Cond: (mi_idx.movie_id = t.id)
  ->  Seq Scan on movie_info_idx mi_idx  (cost=0.00..25185.44 rows=460978 width=4) (actual time=0.020..394.238 rows=459925 loops=1)
        Filter: (info_type_id = 99)
        Rows Removed by Filter: 920110
  ->  Hash  (cost=73925.90..73925.90 rows=1963 width=4) (actual time=915.979..915.979 rows=4682 loops=1)
        Buckets: 8192 (originally 2048)  Batches: 1 (originally 1)  Memory Usage: 229kB
        ->  Seq Scan on title t  (cost=0.00..73925.90 rows=1963 width=4) (actual time=0.139..913.850 rows=4682 loops=1)
              Filter: ((kind_id = 1) AND (production_year = 1987))
              Rows Removed by Filter: 2523630
Planning time: 0.792 ms
Execution time: 1389.517 ms
