Seq Scan on cast_info ci  (cost=0.00..796071.18 rows=11940653 width=0) (actual time=2603.641..13032.856 rows=16061444 loops=1)
  Filter: ((person_id < 2174886) AND (role_id < 3))
  Rows Removed by Filter: 20182900
Planning time: 0.242 ms
Execution time: 15085.392 ms
