Hash Join  (cost=58358.66..423015.23 rows=64 width=0) (actual time=1652.725..6437.808 rows=5 loops=1)
  Hash Cond: (mi.movie_id = t.id)
  ->  Seq Scan on movie_info mi  (cost=0.00..309384.22 rows=14739122 width=4) (actual time=0.014..2963.686 rows=14835720 loops=1)
  ->  Hash  (cost=58358.52..58358.52 rows=11 width=8) (actual time=740.431..740.431 rows=1 loops=1)
        Buckets: 1024  Batches: 1  Memory Usage: 9kB
        ->  Nested Loop  (cost=0.43..58358.52 rows=11 width=8) (actual time=233.509..740.422 rows=1 loops=1)
              ->  Seq Scan on movie_companies mc  (cost=0.00..57926.93 rows=51 width=4) (actual time=184.237..740.193 rows=5 loops=1)
                    Filter: ((company_type_id < 2) AND (company_id = 22242))
                    Rows Removed by Filter: 2609124
              ->  Index Scan using title_pkey on title t  (cost=0.43..8.45 rows=1 width=4) (actual time=0.042..0.042 rows=0 loops=5)
                    Index Cond: (id = mc.movie_id)
                    Filter: ((kind_id < 7) AND (production_year < 2005))
                    Rows Removed by Filter: 1
Planning time: 1.258 ms
Execution time: 6437.966 ms
