Hash Join  (cost=215410.19..365076.16 rows=2270593 width=0) (actual time=4394.384..11697.884 rows=15470495 loops=1)
  Hash Cond: (mk.movie_id = t.id)
  ->  Seq Scan on movie_keyword mk  (cost=0.00..69693.30 rows=4523930 width=4) (actual time=0.015..1198.173 rows=4523930 loops=1)
  ->  Hash  (cost=194588.62..194588.62 rows=1269086 width=8) (actual time=4384.552..4384.552 rows=1279125 loops=1)
        Buckets: 131072  Batches: 32  Memory Usage: 2623kB
        ->  Hash Join  (cost=102767.86..194588.62 rows=1269086 width=8) (actual time=1651.774..3989.638 rows=1279125 loops=1)
              Hash Cond: (mc.movie_id = t.id)
              ->  Seq Scan on movie_companies mc  (cost=0.00..51404.11 rows=1269086 width=4) (actual time=12.384..838.425 rows=1279125 loops=1)
                    Filter: (company_id > 11387)
                    Rows Removed by Filter: 1330004
              ->  Hash  (cost=61283.27..61283.27 rows=2528527 width=4) (actual time=1637.987..1637.987 rows=2528312 loops=1)
                    Buckets: 131072  Batches: 64  Memory Usage: 2415kB
                    ->  Seq Scan on title t  (cost=0.00..61283.27 rows=2528527 width=4) (actual time=0.018..779.676 rows=2528312 loops=1)
Planning time: 1.171 ms
Execution time: 13514.885 ms
