Seq Scan on cast_info ci  (cost=0.00..705507.15 rows=35530549 width=0) (actual time=0.027..11308.347 rows=35520448 loops=1)
  Filter: (person_id < 3922984)
  Rows Removed by Filter: 723896
Planning time: 0.319 ms
Execution time: 15696.689 ms
