Hash Join  (cost=641222.03..2065062.26 rows=34403345 width=0) (actual time=20577.080..81612.639 rows=129101047 loops=1)
  Hash Cond: (ci.movie_id = t.id)
  ->  Seq Scan on cast_info ci  (cost=0.00..705507.15 rows=23499554 width=4) (actual time=3038.645..16107.551 rows=23573656 loops=1)
        Filter: (role_id > 1)
        Rows Removed by Filter: 12670688
  ->  Hash  (cost=580489.00..580489.00 rows=3701763 width=8) (actual time=17535.461..17535.461 rows=7614311 loops=1)
        Buckets: 131072 (originally 131072)  Batches: 128 (originally 64)  Memory Usage: 3352kB
        ->  Hash Join  (cost=83810.17..580489.00 rows=3701763 width=8) (actual time=2325.382..15377.393 rows=7614311 loops=1)
              Hash Cond: (mi.movie_id = t.id)
              ->  Seq Scan on movie_info mi  (cost=0.00..346232.03 rows=9476311 width=4) (actual time=968.302..6602.929 rows=9565151 loops=1)
                    Filter: (info_type_id < 16)
                    Rows Removed by Filter: 5270569
              ->  Hash  (cost=67604.59..67604.59 rows=987727 width=4) (actual time=1355.987..1355.987 rows=985048 loops=1)
                    Buckets: 131072  Batches: 16  Memory Usage: 3197kB
                    ->  Seq Scan on title t  (cost=0.00..67604.59 rows=987727 width=4) (actual time=0.028..1060.727 rows=985048 loops=1)
                          Filter: (kind_id < 7)
                          Rows Removed by Filter: 1543264
Planning time: 1.256 ms
Execution time: 95590.954 ms
