Hash Join  (cost=97066.09..170556.08 rows=304808 width=0) (actual time=1585.426..3472.835 rows=195306 loops=1)
  Hash Cond: (mc.movie_id = t.id)
  ->  Seq Scan on movie_companies mc  (cost=0.00..57926.93 rows=429196 width=4) (actual time=0.023..794.625 rows=244823 loops=1)
        Filter: ((company_id < 2164) AND (company_type_id = 2))
        Rows Removed by Filter: 2364306
  ->  Hash  (cost=67604.59..67604.59 rows=1795720 width=4) (actual time=1583.987..1583.987 rows=1794153 loops=1)
        Buckets: 131072  Batches: 32  Memory Usage: 2992kB
        ->  Seq Scan on title t  (cost=0.00..67604.59 rows=1795720 width=4) (actual time=0.028..1017.020 rows=1794153 loops=1)
              Filter: (production_year < 2009)
              Rows Removed by Filter: 734159
Planning time: 0.816 ms
Execution time: 3495.595 ms
