Hash Join  (cost=130282.25..956741.87 rows=148881 width=0) (actual time=2106.340..18296.703 rows=326456 loops=1)
  Hash Cond: (ci.movie_id = t.id)
  ->  Seq Scan on cast_info ci  (cost=0.00..796071.18 rows=7706568 width=4) (actual time=0.018..13337.538 rows=7658265 loops=1)
        Filter: ((person_id > 58967) AND (role_id > 6))
        Rows Removed by Filter: 28586079
  ->  Hash  (cost=129671.65..129671.65 rows=48848 width=8) (actual time=2105.548..2105.548 rows=105440 loops=1)
        Buckets: 131072 (originally 65536)  Batches: 2 (originally 1)  Memory Usage: 3097kB
        ->  Hash Join  (cost=74517.64..129671.65 rows=48848 width=8) (actual time=1033.610..2055.735 rows=105440 loops=1)
              Hash Cond: (mc.movie_id = t.id)
              ->  Seq Scan on movie_companies mc  (cost=0.00..44881.29 rows=2609129 width=4) (actual time=0.016..481.282 rows=2609129 loops=1)
              ->  Hash  (cost=73925.90..73925.90 rows=47339 width=4) (actual time=885.237..885.237 rows=46571 loops=1)
                    Buckets: 65536  Batches: 1  Memory Usage: 2150kB
                    ->  Seq Scan on title t  (cost=0.00..73925.90 rows=47339 width=4) (actual time=98.034..867.352 rows=46571 loops=1)
                          Filter: ((production_year > 2001) AND (kind_id = 2))
                          Rows Removed by Filter: 2481741
Planning time: 1.243 ms
Execution time: 18339.008 ms
