Hash Join  (cost=83074.80..109986.38 rows=110 width=0) (actual time=1207.559..1506.533 rows=1893 loops=1)
  Hash Cond: (mi_idx.movie_id = t.id)
  ->  Seq Scan on movie_info_idx mi_idx  (cost=0.00..21735.35 rows=1380035 width=4) (actual time=0.018..137.441 rows=1380035 loops=1)
  ->  Hash  (cost=83072.29..83072.29 rows=201 width=8) (actual time=1207.141..1207.141 rows=1436 loops=1)
        Buckets: 2048 (originally 1024)  Batches: 1 (originally 1)  Memory Usage: 73kB
        ->  Nested Loop  (cost=0.43..83072.29 rows=201 width=8) (actual time=4.953..1206.140 rows=1436 loops=1)
              ->  Seq Scan on movie_keyword mk  (cost=0.00..81003.12 rows=246 width=4) (actual time=4.910..1165.679 rows=1517 loops=1)
                    Filter: (keyword_id = 991)
                    Rows Removed by Filter: 4522413
              ->  Index Scan using title_pkey on title t  (cost=0.43..8.40 rows=1 width=4) (actual time=0.025..0.026 rows=1 loops=1517)
                    Index Cond: (id = mk.movie_id)
                    Filter: (production_year < 2011)
                    Rows Removed by Filter: 0
Planning time: 1.089 ms
Execution time: 1506.883 ms
