Hash Join  (cost=128850.69..881474.97 rows=183512 width=0) (actual time=1824.553..17024.906 rows=435125 loops=1)
  Hash Cond: (ci.movie_id = t.id)
  ->  Seq Scan on cast_info ci  (cost=0.00..614943.12 rows=36225612 width=4) (actual time=0.012..6606.766 rows=36244344 loops=1)
  ->  Hash  (cost=128690.58..128690.58 rows=12809 width=8) (actual time=1824.002..1824.002 rows=14299 loops=1)
        Buckets: 16384  Batches: 1  Memory Usage: 687kB
        ->  Hash Join  (cost=68237.77..128690.58 rows=12809 width=8) (actual time=832.415..1819.153 rows=14299 loops=1)
              Hash Cond: (mc.movie_id = t.id)
              ->  Seq Scan on movie_companies mc  (cost=0.00..57926.93 rows=639407 width=4) (actual time=0.013..790.987 rows=896912 loops=1)
                    Filter: ((company_id > 11475) AND (company_type_id > 1))
                    Rows Removed by Filter: 1712217
              ->  Hash  (cost=67604.59..67604.59 rows=50655 width=4) (actual time=832.036..832.036 rows=50564 loops=1)
                    Buckets: 65536  Batches: 1  Memory Usage: 2290kB
                    ->  Seq Scan on title t  (cost=0.00..67604.59 rows=50655 width=4) (actual time=0.034..810.969 rows=50564 loops=1)
                          Filter: (production_year = 1999)
                          Rows Removed by Filter: 2477748
Planning time: 1.203 ms
Execution time: 17090.220 ms
