Hash Join  (cost=152367.13..284147.41 rows=45024 width=146) (actual time=2254.505..4767.210 rows=197513 loops=1)
  Hash Cond: (mk.movie_id = t.id)
  ->  Seq Scan on movie_keyword mk  (cost=0.00..69693.30 rows=4523930 width=12) (actual time=0.021..1001.695 rows=4523930 loops=1)
  ->  Hash  (cost=151560.57..151560.57 rows=25165 width=134) (actual time=2252.267..2252.267 rows=20156 loops=1)
        Buckets: 32768  Batches: 2  Memory Usage: 1605kB
        ->  Hash Join  (cost=69023.79..151560.57 rows=25165 width=134) (actual time=708.216..2236.441 rows=20156 loops=1)
              Hash Cond: (mc.movie_id = t.id)
              ->  Seq Scan on movie_companies mc  (cost=0.00..57926.93 rows=1217653 width=40) (actual time=0.015..1090.260 rows=1113799 loops=1)
                    Filter: ((company_id < 107646) AND (company_type_id = 2))
                    Rows Removed by Filter: 1495330
              ->  Hash  (cost=67604.59..67604.59 rows=52256 width=94) (actual time=426.635..426.635 rows=53013 loops=1)
                    Buckets: 32768  Batches: 2  Memory Usage: 3201kB
                    ->  Seq Scan on title t  (cost=0.00..67604.59 rows=52256 width=94) (actual time=0.022..356.470 rows=53013 loops=1)
                          Filter: (production_year = 2000)
                          Rows Removed by Filter: 2475299
Planning time: 1.389 ms
Execution time: 4779.426 ms
