Hash Join  (cost=83074.74..109989.30 rows=45 width=0) (actual time=1113.182..1573.638 rows=102 loops=1)
  Hash Cond: (mi_idx.movie_id = t.id)
  ->  Seq Scan on movie_info_idx mi_idx  (cost=0.00..25185.44 rows=460978 width=4) (actual time=0.027..394.301 rows=459925 loops=1)
        Filter: (info_type_id = 99)
        Rows Removed by Filter: 920110
  ->  Hash  (cost=83071.67..83071.67 rows=246 width=8) (actual time=1112.229..1112.229 rows=134 loops=1)
        Buckets: 1024  Batches: 1  Memory Usage: 14kB
        ->  Nested Loop  (cost=0.43..83071.67 rows=246 width=8) (actual time=1.696..1112.073 rows=134 loops=1)
              ->  Seq Scan on movie_keyword mk  (cost=0.00..81003.12 rows=246 width=4) (actual time=1.629..1100.630 rows=134 loops=1)
                    Filter: (keyword_id = 7314)
                    Rows Removed by Filter: 4523796
              ->  Index Only Scan using title_pkey on title t  (cost=0.43..8.40 rows=1 width=4) (actual time=0.081..0.082 rows=1 loops=134)
                    Index Cond: (id = mk.movie_id)
                    Heap Fetches: 134
Planning time: 1.094 ms
Execution time: 1573.811 ms
