Hash Join  (cost=83074.74..109986.57 rows=134 width=0) (actual time=977.727..1338.256 rows=184 loops=1)
  Hash Cond: (mi_idx.movie_id = t.id)
  ->  Seq Scan on movie_info_idx mi_idx  (cost=0.00..21735.35 rows=1380035 width=4) (actual time=0.019..173.214 rows=1380035 loops=1)
  ->  Hash  (cost=83071.67..83071.67 rows=246 width=8) (actual time=974.695..974.695 rows=77 loops=1)
        Buckets: 1024  Batches: 1  Memory Usage: 12kB
        ->  Nested Loop  (cost=0.43..83071.67 rows=246 width=8) (actual time=5.203..974.598 rows=77 loops=1)
              ->  Seq Scan on movie_keyword mk  (cost=0.00..81003.12 rows=246 width=4) (actual time=5.134..971.937 rows=77 loops=1)
                    Filter: (keyword_id = 5209)
                    Rows Removed by Filter: 4523853
              ->  Index Only Scan using title_pkey on title t  (cost=0.43..8.40 rows=1 width=4) (actual time=0.030..0.031 rows=1 loops=77)
                    Index Cond: (id = mk.movie_id)
                    Heap Fetches: 77
Planning time: 1.079 ms
Execution time: 1338.394 ms
