Seq Scan on movie_keyword mk  (cost=0.00..81003.12 rows=4477998 width=0) (actual time=0.020..1388.962 rows=4481429 loops=1)
  Filter: (keyword_id < 103338)
  Rows Removed by Filter: 42501
Planning time: 0.282 ms
Execution time: 1975.712 ms
