Seq Scan on cast_info ci  (cost=0.00..705507.15 rows=500 width=0) (actual time=6570.652..8764.950 rows=289 loops=1)
  Filter: (person_id = 519432)
  Rows Removed by Filter: 36244055
Planning time: 0.333 ms
Execution time: 8765.096 ms
