Hash Join  (cost=294736.83..948329.02 rows=14560436 width=0) (actual time=5695.463..44535.174 rows=124161825 loops=1)
  Hash Cond: (mi.movie_id = t.id)
  ->  Seq Scan on movie_info mi  (cost=0.00..309384.22 rows=14739122 width=4) (actual time=0.009..4623.778 rows=14835720 loops=1)
  ->  Hash  (cost=253755.42..253755.42 rows=2497873 width=8) (actual time=5693.969..5693.969 rows=2490882 loops=1)
        Buckets: 131072  Batches: 64  Memory Usage: 2640kB
        ->  Hash Join  (cost=102767.86..253755.42 rows=2497873 width=8) (actual time=1411.500..5004.896 rows=2490882 loops=1)
              Hash Cond: (mk.movie_id = t.id)
              ->  Seq Scan on movie_keyword mk  (cost=0.00..81003.12 rows=2497873 width=4) (actual time=0.016..1394.820 rows=2490882 loops=1)
                    Filter: (keyword_id < 6069)
                    Rows Removed by Filter: 2033048
              ->  Hash  (cost=61283.27..61283.27 rows=2528527 width=4) (actual time=1409.163..1409.163 rows=2528312 loops=1)
                    Buckets: 131072  Batches: 64  Memory Usage: 2425kB
                    ->  Seq Scan on title t  (cost=0.00..61283.27 rows=2528527 width=4) (actual time=0.009..675.417 rows=2528312 loops=1)
Planning time: 0.936 ms
Execution time: 57651.657 ms
