Hash Join  (cost=83073.70..137739.88 rows=66 width=0) (actual time=1524.507..2041.863 rows=10 loops=1)
  Hash Cond: (mc.movie_id = t.id)
  ->  Seq Scan on movie_companies mc  (cost=0.00..44881.29 rows=2609129 width=4) (actual time=0.023..465.079 rows=2609129 loops=1)
  ->  Hash  (cost=83072.90..83072.90 rows=64 width=8) (actual time=1103.725..1103.725 rows=6 loops=1)
        Buckets: 1024  Batches: 1  Memory Usage: 9kB
        ->  Nested Loop  (cost=0.43..83072.90 rows=64 width=8) (actual time=5.221..1103.685 rows=6 loops=1)
              ->  Seq Scan on movie_keyword mk  (cost=0.00..81003.12 rows=246 width=4) (actual time=1.923..1089.430 rows=565 loops=1)
                    Filter: (keyword_id = 2562)
                    Rows Removed by Filter: 4523365
              ->  Index Scan using title_pkey on title t  (cost=0.43..8.40 rows=1 width=4) (actual time=0.024..0.024 rows=0 loops=565)
                    Index Cond: (id = mk.movie_id)
                    Filter: ((production_year < 2001) AND (kind_id = 7))
                    Rows Removed by Filter: 1
Planning time: 1.124 ms
Execution time: 2041.987 ms
