Hash Join  (cost=190230.21..348760.19 rows=2313097 width=0) (actual time=3892.939..9447.656 rows=9764767 loops=1)
  Hash Cond: (mk.movie_id = t.id)
  ->  Seq Scan on movie_keyword mk  (cost=0.00..81003.12 rows=4238102 width=4) (actual time=0.025..1554.269 rows=4239584 loops=1)
        Filter: (keyword_id < 56334)
        Rows Removed by Filter: 284346
  ->  Hash  (cost=167588.78..167588.78 rows=1380035 width=8) (actual time=3891.036..3891.036 rows=1380035 loops=1)
        Buckets: 131072  Batches: 32  Memory Usage: 2726kB
        ->  Hash Join  (cost=102767.86..167588.78 rows=1380035 width=8) (actual time=1778.899..3533.179 rows=1380035 loops=1)
              Hash Cond: (mi_idx.movie_id = t.id)
              ->  Seq Scan on movie_info_idx mi_idx  (cost=0.00..21735.35 rows=1380035 width=4) (actual time=0.013..395.063 rows=1380035 loops=1)
              ->  Hash  (cost=61283.27..61283.27 rows=2528527 width=4) (actual time=1778.135..1778.135 rows=2528312 loops=1)
                    Buckets: 131072  Batches: 64  Memory Usage: 2415kB
                    ->  Seq Scan on title t  (cost=0.00..61283.27 rows=2528527 width=4) (actual time=0.027..926.486 rows=2528312 loops=1)
Planning time: 1.131 ms
Execution time: 10426.867 ms
