Seq Scan on cast_info ci  (cost=0.00..796071.18 rows=2936414 width=0) (actual time=7250.674..11047.198 rows=4014361 loops=1)
  Filter: ((person_id > 2181037) AND (role_id = 2))
  Rows Removed by Filter: 32229983
Planning time: 0.370 ms
Execution time: 11570.913 ms
