Hash Join  (cost=227918.01..717564.38 rows=3064916 width=0) (actual time=3918.592..14313.079 rows=4053725 loops=1)
  Hash Cond: (mi.movie_id = t.id)
  ->  Seq Scan on movie_info mi  (cost=0.00..346232.03 rows=9476311 width=4) (actual time=13.259..5295.538 rows=9565151 loops=1)
        Filter: (info_type_id < 16)
        Rows Removed by Filter: 5270569
  ->  Hash  (cost=214500.51..214500.51 rows=817800 width=8) (actual time=3904.220..3904.220 rows=435758 loops=1)
        Buckets: 131072  Batches: 16  Memory Usage: 2113kB
        ->  Hash Join  (cost=103604.85..214500.51 rows=817800 width=8) (actual time=1721.059..3760.440 rows=435758 loops=1)
              Hash Cond: (mk.movie_id = t.id)
              ->  Seq Scan on movie_keyword mk  (cost=0.00..81003.12 rows=1143106 width=4) (actual time=0.024..1057.187 rows=1153788 loops=1)
                    Filter: (keyword_id < 1332)
                    Rows Removed by Filter: 3370142
              ->  Hash  (cost=73925.90..73925.90 rows=1808956 width=4) (actual time=1717.892..1717.892 rows=1799907 loops=1)
                    Buckets: 131072  Batches: 32  Memory Usage: 3013kB
                    ->  Seq Scan on title t  (cost=0.00..73925.90 rows=1808956 width=4) (actual time=0.021..1157.894 rows=1799907 loops=1)
                          Filter: ((kind_id > 1) AND (production_year > 0))
                          Rows Removed by Filter: 728405
Planning time: 1.196 ms
Execution time: 14735.127 ms
