Hash Join  (cost=68100.81..154234.75 rows=20618 width=0) (actual time=872.046..2187.758 rows=20283 loops=1)
  Hash Cond: (mk.movie_id = t.id)
  ->  Seq Scan on movie_keyword mk  (cost=0.00..81003.12 rows=1313235 width=4) (actual time=0.037..1087.233 rows=1324526 loops=1)
        Filter: (keyword_id > 13047)
        Rows Removed by Filter: 3199404
  ->  Hash  (cost=67604.59..67604.59 rows=39698 width=4) (actual time=871.649..871.649 rows=36437 loops=1)
        Buckets: 65536  Batches: 1  Memory Usage: 1793kB
        ->  Seq Scan on title t  (cost=0.00..67604.59 rows=39698 width=4) (actual time=0.107..855.854 rows=36437 loops=1)
              Filter: (production_year = 1995)
              Rows Removed by Filter: 2491875
Planning time: 0.748 ms
Execution time: 2190.647 ms
