Hash Join  (cost=74344.78..457368.84 rows=125587 width=0) (actual time=895.498..7300.231 rows=189014 loops=1)
  Hash Cond: (mi.movie_id = t.id)
  ->  Seq Scan on movie_info mi  (cost=0.00..346232.03 rows=9476311 width=4) (actual time=120.839..4607.910 rows=9565151 loops=1)
        Filter: (info_type_id < 16)
        Rows Removed by Filter: 5270569
  ->  Hash  (cost=73925.90..73925.90 rows=33510 width=4) (actual time=770.022..770.022 rows=22107 loops=1)
        Buckets: 65536  Batches: 1  Memory Usage: 1290kB
        ->  Seq Scan on title t  (cost=0.00..73925.90 rows=33510 width=4) (actual time=0.084..762.100 rows=22107 loops=1)
              Filter: ((kind_id = 1) AND (production_year = 2008))
              Rows Removed by Filter: 2506205
Planning time: 0.722 ms
Execution time: 7327.111 ms
