Hash Join  (cost=510035.48..1378689.46 rows=2041893 width=0) (actual time=13700.404..23311.581 rows=2553441 loops=1)
  Hash Cond: (ci.movie_id = t.id)
  ->  Seq Scan on cast_info ci  (cost=0.00..796071.18 rows=4084234 width=4) (actual time=7011.215..12626.196 rows=4250206 loops=1)
        Filter: ((person_id > 188816) AND (role_id = 10))
        Rows Removed by Filter: 31994138
  ->  Hash  (cost=489295.91..489295.91 rows=1264125 width=8) (actual time=6687.764..6687.764 rows=1288928 loops=1)
        Buckets: 131072  Batches: 32  Memory Usage: 2584kB
        ->  Hash Join  (cost=102767.86..489295.91 rows=1264125 width=8) (actual time=3142.168..6311.711 rows=1288928 loops=1)
              Hash Cond: (mi.movie_id = t.id)
              ->  Seq Scan on movie_info mi  (cost=0.00..346232.03 rows=1264125 width=4) (actual time=1627.611..3309.358 rows=1288928 loops=1)
                    Filter: (info_type_id = 2)
                    Rows Removed by Filter: 13546792
              ->  Hash  (cost=61283.27..61283.27 rows=2528527 width=4) (actual time=1513.256..1513.256 rows=2528312 loops=1)
                    Buckets: 131072  Batches: 64  Memory Usage: 2425kB
                    ->  Seq Scan on title t  (cost=0.00..61283.27 rows=2528527 width=4) (actual time=0.029..751.482 rows=2528312 loops=1)
Planning time: 1.778 ms
Execution time: 23596.788 ms
