Seq Scan on movie_keyword mk  (cost=0.00..81003.12 rows=3635762 width=0) (actual time=0.031..1375.135 rows=3629013 loops=1)
  Filter: (keyword_id < 20606)
  Rows Removed by Filter: 894917
Planning time: 0.298 ms
Execution time: 1848.274 ms
