Seq Scan on cast_info ci  (cost=0.00..796071.18 rows=11520196 width=0) (actual time=8370.168..13863.616 rows=11706746 loops=1)
  Filter: ((person_id > 193275) AND (role_id > 3))
  Rows Removed by Filter: 24537598
Planning time: 0.303 ms
Execution time: 15276.384 ms
