Hash Join  (cost=886736.80..974186.42 rows=79158 width=0) (actual time=14667.487..16521.206 rows=88180 loops=1)
  Hash Cond: (mk.movie_id = t.id)
  ->  Seq Scan on movie_keyword mk  (cost=0.00..69693.30 rows=4523930 width=4) (actual time=0.025..973.883 rows=4523930 loops=1)
  ->  Hash  (cost=886183.76..886183.76 rows=44243 width=8) (actual time=14666.937..14666.937 rows=37101 loops=1)
        Buckets: 65536  Batches: 1  Memory Usage: 1962kB
        ->  Hash Join  (cost=75458.68..886183.76 rows=44243 width=8) (actual time=3055.009..14652.163 rows=37101 loops=1)
              Hash Cond: (ci.movie_id = t.id)
              ->  Seq Scan on cast_info ci  (cost=0.00..796071.18 rows=1197460 width=4) (actual time=1715.624..12788.586 rows=834212 loops=1)
                    Filter: ((person_id < 1052351) AND (role_id = 3))
                    Rows Removed by Filter: 35410132
              ->  Hash  (cost=73925.90..73925.90 rows=93422 width=4) (actual time=1338.503..1338.503 rows=100754 loops=1)
                    Buckets: 131072  Batches: 2  Memory Usage: 2802kB
                    ->  Seq Scan on title t  (cost=0.00..73925.90 rows=93422 width=4) (actual time=0.051..1299.595 rows=100754 loops=1)
                          Filter: ((kind_id > 1) AND (production_year = 2008))
                          Rows Removed by Filter: 2427558
Planning time: 1.224 ms
Execution time: 16533.661 ms
