Hash Join  (cost=74301.39..829394.18 rows=430362 width=0) (actual time=925.097..24356.773 rows=615491 loops=1)
  Hash Cond: (ci.movie_id = t.id)
  ->  Seq Scan on cast_info ci  (cost=0.00..614943.12 rows=36225612 width=4) (actual time=0.019..7852.409 rows=36244344 loops=1)
  ->  Hash  (cost=73925.90..73925.90 rows=30039 width=4) (actual time=923.237..923.237 rows=117851 loops=1)
        Buckets: 131072 (originally 32768)  Batches: 2 (originally 1)  Memory Usage: 3091kB
        ->  Seq Scan on title t  (cost=0.00..73925.90 rows=30039 width=4) (actual time=0.018..879.780 rows=117851 loops=1)
              Filter: ((production_year < 1931) AND (kind_id = 1))
              Rows Removed by Filter: 2410461
Planning time: 0.735 ms
Execution time: 24441.181 ms
