Hash Join  (cost=447983.67..534837.26 rows=19555 width=0) (actual time=10203.378..11432.119 rows=1365 loops=1)
  Hash Cond: (mk.movie_id = t.id)
  ->  Seq Scan on movie_keyword mk  (cost=0.00..69693.30 rows=4523930 width=4) (actual time=0.018..777.383 rows=4523930 loops=1)
  ->  Hash  (cost=447847.04..447847.04 rows=10930 width=8) (actual time=9858.963..9858.963 rows=210 loops=1)
        Buckets: 16384  Batches: 1  Memory Usage: 137kB
        ->  Nested Loop  (cost=0.43..447847.04 rows=10930 width=8) (actual time=2497.251..9858.768 rows=210 loops=1)
              ->  Seq Scan on movie_info mi  (cost=0.00..346232.03 rows=17937 width=4) (actual time=2496.925..4080.799 rows=140065 loops=1)
                    Filter: (info_type_id = 9)
                    Rows Removed by Filter: 14695655
              ->  Index Scan using title_pkey on title t  (cost=0.43..5.66 rows=1 width=4) (actual time=0.041..0.041 rows=0 loops=140065)
                    Index Cond: (id = mi.movie_id)
                    Filter: (kind_id = 7)
                    Rows Removed by Filter: 1
Planning time: 1.118 ms
Execution time: 11432.459 ms
