Hash Join  (cost=160042.31..291458.83 rows=426888 width=0) (actual time=2755.592..7014.517 rows=4381821 loops=1)
  Hash Cond: (mk.movie_id = t.id)
  ->  Seq Scan on movie_keyword mk  (cost=0.00..81003.12 rows=3897204 width=4) (actual time=0.026..1495.912 rows=3899162 loops=1)
        Filter: (keyword_id > 482)
        Rows Removed by Filter: 624768
  ->  Hash  (cost=155498.22..155498.22 rows=276967 width=8) (actual time=2754.663..2754.663 rows=529368 loops=1)
        Buckets: 131072 (originally 131072)  Batches: 8 (originally 4)  Memory Usage: 3647kB
        ->  Hash Join  (cost=88876.46..155498.22 rows=276967 width=8) (actual time=1188.073..2594.356 rows=529368 loops=1)
              Hash Cond: (mc.movie_id = t.id)
              ->  Seq Scan on movie_companies mc  (cost=0.00..51404.11 rows=768529 width=4) (actual time=61.102..781.305 rows=774082 loops=1)
                    Filter: (company_id > 33464)
                    Rows Removed by Filter: 1835047
              ->  Hash  (cost=73925.90..73925.90 rows=911244 width=4) (actual time=1125.975..1125.975 rows=847457 loops=1)
                    Buckets: 131072  Batches: 16  Memory Usage: 2887kB
                    ->  Seq Scan on title t  (cost=0.00..73925.90 rows=911244 width=4) (actual time=0.031..896.036 rows=847457 loops=1)
                          Filter: ((kind_id < 7) AND (production_year > 1935))
                          Rows Removed by Filter: 1680855
Planning time: 1.207 ms
Execution time: 7543.043 ms
