Hash Join  (cost=152163.77..564062.88 rows=404718 width=0) (actual time=3557.193..11787.151 rows=1094476 loops=1)
  Hash Cond: (mi.movie_id = t.id)
  ->  Seq Scan on movie_info mi  (cost=0.00..346232.03 rows=5263441 width=4) (actual time=283.841..4470.101 rows=5270569 loops=1)
        Filter: (info_type_id > 15)
        Rows Removed by Filter: 9565151
  ->  Hash  (cost=148973.47..148973.47 rows=194424 width=8) (actual time=3257.532..3257.532 rows=334600 loops=1)
        Buckets: 131072 (originally 131072)  Batches: 8 (originally 4)  Memory Usage: 3073kB
        ->  Hash Join  (cost=76067.34..148973.47 rows=194424 width=8) (actual time=1689.877..3181.862 rows=334600 loops=1)
              Hash Cond: (mc.movie_id = t.id)
              ->  Seq Scan on movie_companies mc  (cost=0.00..57926.93 rows=953056 width=4) (actual time=0.047..906.648 rows=1119668 loops=1)
                    Filter: ((company_id > 1427) AND (company_type_id = 2))
                    Rows Removed by Filter: 1489461
              ->  Hash  (cost=67604.59..67604.59 rows=515820 width=4) (actual time=1689.095..1689.095 rows=508955 loops=1)
                    Buckets: 131072  Batches: 8  Memory Usage: 3255kB
                    ->  Seq Scan on title t  (cost=0.00..67604.59 rows=515820 width=4) (actual time=0.032..860.965 rows=508955 loops=1)
                          Filter: (production_year < 1980)
                          Rows Removed by Filter: 2019357
Planning time: 1.183 ms
Execution time: 11924.487 ms
