Seq Scan on movie_companies mc  (cost=0.00..57926.93 rows=53 width=0) (actual time=9.615..651.153 rows=6 loops=1)
  Filter: ((company_id = 17047) AND (company_type_id = 2))
  Rows Removed by Filter: 2609123
Planning time: 0.400 ms
Execution time: 651.248 ms
