Hash Join  (cost=74119.49..101076.91 rows=2848 width=0) (actual time=1124.871..1458.825 rows=3834 loops=1)
  Hash Cond: (mi_idx.movie_id = t.id)
  ->  Seq Scan on movie_info_idx mi_idx  (cost=0.00..25185.44 rows=464934 width=4) (actual time=0.026..377.545 rows=460185 loops=1)
        Filter: (info_type_id > 100)
        Rows Removed by Filter: 919850
  ->  Hash  (cost=73925.90..73925.90 rows=15487 width=4) (actual time=959.598..959.598 rows=42819 loops=1)
        Buckets: 65536 (originally 16384)  Batches: 1 (originally 1)  Memory Usage: 2018kB
        ->  Seq Scan on title t  (cost=0.00..73925.90 rows=15487 width=4) (actual time=569.869..942.454 rows=42819 loops=1)
              Filter: ((kind_id < 4) AND (production_year < 1913))
              Rows Removed by Filter: 2485493
Planning time: 1.372 ms
Execution time: 1459.640 ms
