Hash Join  (cost=83073.10..111690.40 rows=24 width=0) (actual time=931.600..1487.924 rows=1124 loops=1)
  Hash Cond: (mi_idx.movie_id = t.id)
  ->  Seq Scan on movie_info_idx mi_idx  (cost=0.00..25185.44 rows=915101 width=4) (actual time=0.024..417.305 rows=919850 loops=1)
        Filter: (info_type_id < 101)
        Rows Removed by Filter: 460185
  ->  Hash  (cost=83072.29..83072.29 rows=65 width=8) (actual time=930.019..930.019 rows=597 loops=1)
        Buckets: 1024  Batches: 1  Memory Usage: 32kB
        ->  Nested Loop  (cost=0.43..83072.29 rows=65 width=8) (actual time=1.725..929.629 rows=597 loops=1)
              ->  Seq Scan on movie_keyword mk  (cost=0.00..81003.12 rows=246 width=4) (actual time=1.691..912.156 rows=873 loops=1)
                    Filter: (keyword_id = 1825)
                    Rows Removed by Filter: 4523057
              ->  Index Scan using title_pkey on title t  (cost=0.43..8.40 rows=1 width=4) (actual time=0.019..0.019 rows=1 loops=873)
                    Index Cond: (id = mk.movie_id)
                    Filter: (kind_id = 1)
                    Rows Removed by Filter: 0
Planning time: 2.571 ms
Execution time: 1488.321 ms
