Nested Loop  (cost=0.43..148301.21 rows=10228 width=0) (actual time=134.062..765.411 rows=15710 loops=1)
  ->  Seq Scan on movie_companies mc  (cost=0.00..51404.11 rows=16785 width=4) (actual time=36.149..632.747 rows=16220 loops=1)
        Filter: (company_id = 166)
        Rows Removed by Filter: 2592909
  ->  Index Scan using title_pkey on title t  (cost=0.43..5.76 rows=1 width=4) (actual time=0.007..0.008 rows=1 loops=16220)
        Index Cond: (id = mc.movie_id)
        Filter: (kind_id = 7)
        Rows Removed by Filter: 0
Planning time: 0.761 ms
Execution time: 768.824 ms
