Hash Join  (cost=68191.41..123341.37 rows=48443 width=0) (actual time=1046.693..2345.483 rows=39399 loops=1)
  Hash Cond: (mc.movie_id = t.id)
  ->  Seq Scan on movie_companies mc  (cost=0.00..44881.29 rows=2609129 width=4) (actual time=0.017..584.014 rows=2609129 loops=1)
  ->  Hash  (cost=67604.59..67604.59 rows=46946 width=4) (actual time=1046.286..1046.286 rows=46583 loops=1)
        Buckets: 65536  Batches: 1  Memory Usage: 2150kB
        ->  Seq Scan on title t  (cost=0.00..67604.59 rows=46946 width=4) (actual time=0.076..1026.484 rows=46583 loops=1)
              Filter: (production_year = 1998)
              Rows Removed by Filter: 2481729
Planning time: 0.771 ms
Execution time: 2351.768 ms
