Hash Join  (cost=169352.73..534485.54 rows=47689 width=0) (actual time=2547.548..8347.914 rows=115119 loops=1)
  Hash Cond: (mi.movie_id = t.id)
  ->  Seq Scan on movie_info mi  (cost=0.00..309384.22 rows=14739122 width=4) (actual time=0.018..2949.443 rows=14835720 loops=1)
  ->  Hash  (cost=169250.47..169250.47 rows=8181 width=8) (actual time=2545.987..2545.987 rows=7538 loops=1)
        Buckets: 8192  Batches: 1  Memory Usage: 359kB
        ->  Hash Join  (cost=73994.33..169250.47 rows=8181 width=8) (actual time=961.894..2543.220 rows=7538 loops=1)
              Hash Cond: (mk.movie_id = t.id)
              ->  Seq Scan on movie_keyword mk  (cost=0.00..81003.12 rows=3778987 width=4) (actual time=0.024..1091.136 rows=3770050 loops=1)
                    Filter: (keyword_id > 683)
                    Rows Removed by Filter: 753880
              ->  Hash  (cost=73925.90..73925.90 rows=5474 width=4) (actual time=961.735..961.735 rows=9913 loops=1)
                    Buckets: 16384 (originally 8192)  Batches: 1 (originally 1)  Memory Usage: 477kB
                    ->  Seq Scan on title t  (cost=0.00..73925.90 rows=5474 width=4) (actual time=0.047..957.152 rows=9913 loops=1)
                          Filter: ((kind_id > 1) AND (production_year = 1977))
                          Rows Removed by Filter: 2518399
Planning time: 1.202 ms
Execution time: 8363.490 ms
