Seq Scan on cast_info ci  (cost=0.00..796071.18 rows=101 width=0) (actual time=6083.904..8820.796 rows=8 loops=1)
  Filter: ((person_id = 2531099) AND (role_id = 2))
  Rows Removed by Filter: 36244336
Planning time: 0.414 ms
Execution time: 8820.896 ms
