Seq Scan on title t  (cost=0.00..73925.90 rows=1457298 width=0) (actual time=134.568..1354.002 rows=1438183 loops=1)
  Filter: ((production_year < 2013) AND (kind_id = 7))
  Rows Removed by Filter: 1090129
Planning time: 0.393 ms
Execution time: 1532.292 ms
