Hash Join  (cost=90260.67..565063.87 rows=3951492 width=0) (actual time=1637.165..11295.389 rows=3032374 loops=1)
  Hash Cond: (mi.movie_id = t.id)
  ->  Seq Scan on movie_info mi  (cost=0.00..346232.03 rows=7235534 width=4) (actual time=100.130..5152.229 rows=7286865 loops=1)
        Filter: (info_type_id < 8)
        Rows Removed by Filter: 7548855
  ->  Hash  (cost=67604.59..67604.59 rows=1380887 width=4) (actual time=1536.224..1536.224 rows=1381453 loops=1)
        Buckets: 131072  Batches: 32  Memory Usage: 2550kB
        ->  Seq Scan on title t  (cost=0.00..67604.59 rows=1380887 width=4) (actual time=0.022..1070.734 rows=1381453 loops=1)
              Filter: (production_year > 2000)
              Rows Removed by Filter: 1146859
Planning time: 0.748 ms
Execution time: 11653.598 ms
