Hash Join  (cost=126094.63..254103.39 rows=492972 width=0) (actual time=2365.559..7612.228 rows=5330870 loops=1)
  Hash Cond: (mk.movie_id = t.id)
  ->  Seq Scan on movie_keyword mk  (cost=0.00..69693.30 rows=4523930 width=4) (actual time=0.021..1241.094 rows=4523930 loops=1)
  ->  Hash  (cost=121573.47..121573.47 rows=275533 width=8) (actual time=2364.687..2364.687 rows=495392 loops=1)
        Buckets: 131072 (originally 131072)  Batches: 8 (originally 4)  Memory Usage: 3467kB
        ->  Hash Join  (cost=80042.24..121573.47 rows=275533 width=8) (actual time=1100.249..2217.330 rows=495392 loops=1)
              Hash Cond: (mi_idx.movie_id = t.id)
              ->  Seq Scan on movie_info_idx mi_idx  (cost=0.00..25185.44 rows=919057 width=4) (actual time=0.022..442.269 rows=920110 loops=1)
                    Filter: (info_type_id > 99)
                    Rows Removed by Filter: 459925
              ->  Hash  (cost=67604.59..67604.59 rows=758052 width=4) (actual time=1099.167..1099.167 rows=753677 loops=1)
                    Buckets: 131072  Batches: 16  Memory Usage: 2677kB
                    ->  Seq Scan on title t  (cost=0.00..67604.59 rows=758052 width=4) (actual time=0.029..864.024 rows=753677 loops=1)
                          Filter: (kind_id < 3)
                          Rows Removed by Filter: 1774635
Planning time: 1.095 ms
Execution time: 8272.637 ms
