Hash Join  (cost=83074.74..449049.79 rows=512 width=0) (actual time=1047.800..6398.421 rows=2882 loops=1)
  Hash Cond: (mi.movie_id = t.id)
  ->  Seq Scan on movie_info mi  (cost=0.00..346232.03 rows=5263441 width=4) (actual time=0.007..4578.667 rows=5270569 loops=1)
        Filter: (info_type_id > 15)
        Rows Removed by Filter: 9565151
  ->  Hash  (cost=83071.67..83071.67 rows=246 width=8) (actual time=1047.063..1047.063 rows=363 loops=1)
        Buckets: 1024  Batches: 1  Memory Usage: 23kB
        ->  Nested Loop  (cost=0.43..83071.67 rows=246 width=8) (actual time=1.585..1046.771 rows=363 loops=1)
              ->  Seq Scan on movie_keyword mk  (cost=0.00..81003.12 rows=246 width=4) (actual time=1.518..1034.798 rows=363 loops=1)
                    Filter: (keyword_id = 2524)
                    Rows Removed by Filter: 4523567
              ->  Index Only Scan using title_pkey on title t  (cost=0.43..8.40 rows=1 width=4) (actual time=0.031..0.031 rows=1 loops=363)
                    Index Cond: (id = mk.movie_id)
                    Heap Fetches: 363
Planning time: 1.175 ms
Execution time: 6399.127 ms
