Seq Scan on cast_info ci  (cost=0.00..705507.15 rows=500 width=0) (actual time=5121.958..8673.770 rows=1 loops=1)
  Filter: (person_id = 240108)
  Rows Removed by Filter: 36244343
Planning time: 0.349 ms
Execution time: 8673.840 ms
