Seq Scan on movie_keyword mk  (cost=0.00..81003.12 rows=246 width=0) (actual time=4.024..1115.348 rows=301 loops=1)
  Filter: (keyword_id = 15553)
  Rows Removed by Filter: 4523629
Planning time: 0.374 ms
Execution time: 1115.598 ms
