Hash Join  (cost=1107223.82..1742459.88 rows=14556464 width=0) (actual time=22186.745..45070.686 rows=47687711 loops=1)
  Hash Cond: (mi.movie_id = t.id)
  ->  Seq Scan on movie_info mi  (cost=0.00..346232.03 rows=7503588 width=4) (actual time=0.027..5418.609 rows=7548855 loops=1)
        Filter: (info_type_id > 7)
        Rows Removed by Filter: 7286865
  ->  Hash  (cost=1026748.13..1026748.13 rows=4905175 width=8) (actual time=22182.593..22182.593 rows=7450060 loops=1)
        Buckets: 131072  Batches: 128  Memory Usage: 3316kB
        ->  Hash Join  (cost=102767.86..1026748.13 rows=4905175 width=8) (actual time=5177.107..20178.556 rows=7450060 loops=1)
              Hash Cond: (ci.movie_id = t.id)
              ->  Seq Scan on cast_info ci  (cost=0.00..796071.18 rows=4905175 width=4) (actual time=3540.591..12425.104 rows=7450060 loops=1)
                    Filter: ((person_id > 1158978) AND (role_id = 2))
                    Rows Removed by Filter: 28794284
              ->  Hash  (cost=61283.27..61283.27 rows=2528527 width=4) (actual time=1635.188..1635.188 rows=2528312 loops=1)
                    Buckets: 131072  Batches: 64  Memory Usage: 2415kB
                    ->  Seq Scan on title t  (cost=0.00..61283.27 rows=2528527 width=4) (actual time=0.024..810.418 rows=2528312 loops=1)
Planning time: 1.232 ms
Execution time: 50526.027 ms
