Nested Loop  (cost=0.43..709671.90 rows=500 width=0) (actual time=866.962..7046.098 rows=94 loops=1)
  ->  Seq Scan on cast_info ci  (cost=0.00..705507.15 rows=500 width=4) (actual time=866.877..7044.876 rows=94 loops=1)
        Filter: (person_id = 812776)
        Rows Removed by Filter: 36244250
  ->  Index Only Scan using title_pkey on title t  (cost=0.43..8.32 rows=1 width=4) (actual time=0.012..0.012 rows=1 loops=94)
        Index Cond: (id = ci.movie_id)
        Heap Fetches: 94
Planning time: 0.826 ms
Execution time: 7046.197 ms
