Seq Scan on cast_info ci  (cost=0.00..796071.18 rows=780682 width=0) (actual time=8476.068..11564.481 rows=948105 loops=1)
  Filter: ((person_id > 1134475) AND (role_id = 9))
  Rows Removed by Filter: 35296239
Planning time: 0.401 ms
Execution time: 11659.214 ms
