Hash Join  (cost=797180.75..1171555.12 rows=389 width=0) (actual time=10689.877..15664.384 rows=14 loops=1)
  Hash Cond: (mi.movie_id = t.id)
  ->  Seq Scan on movie_info mi  (cost=0.00..346232.03 rows=7503588 width=4) (actual time=83.953..4474.249 rows=7548855 loops=1)
        Filter: (info_type_id > 7)
        Rows Removed by Filter: 7286865
  ->  Hash  (cost=797179.11..797179.11 rows=131 width=8) (actual time=10132.042..10132.042 rows=6 loops=1)
        Buckets: 1024  Batches: 1  Memory Usage: 9kB
        ->  Nested Loop  (cost=0.43..797179.11 rows=131 width=8) (actual time=4698.357..10132.013 rows=6 loops=1)
              ->  Seq Scan on cast_info ci  (cost=0.00..796071.18 rows=131 width=4) (actual time=4698.186..10131.670 rows=6 loops=1)
                    Filter: ((role_id > 4) AND (person_id = 2920934))
                    Rows Removed by Filter: 36244338
              ->  Index Only Scan using title_pkey on title t  (cost=0.43..8.45 rows=1 width=4) (actual time=0.042..0.043 rows=1 loops=6)
                    Index Cond: (id = ci.movie_id)
                    Heap Fetches: 6
Planning time: 1.204 ms
Execution time: 15664.504 ms
