Nested Loop  (cost=0.43..797555.70 rows=176 width=0) (actual time=7752.591..8782.854 rows=4 loops=1)
  ->  Seq Scan on cast_info ci  (cost=0.00..796071.18 rows=176 width=4) (actual time=7752.402..8782.617 rows=4 loops=1)
        Filter: ((person_id = 549156) AND (role_id = 1))
        Rows Removed by Filter: 36244340
  ->  Index Only Scan using title_pkey on title t  (cost=0.43..8.42 rows=1 width=4) (actual time=0.040..0.040 rows=1 loops=4)
        Index Cond: (id = ci.movie_id)
        Heap Fetches: 4
Planning time: 0.498 ms
Execution time: 8782.918 ms
