Seq Scan on movie_keyword mk  (cost=0.00..81003.12 rows=3044739 width=0) (actual time=0.025..803.814 rows=3033088 loops=1)
  Filter: (keyword_id < 10913)
  Rows Removed by Filter: 1490842
Planning time: 0.345 ms
Execution time: 1042.749 ms
