Hash Join  (cost=246950.76..1263276.22 rows=9730484 width=0) (actual time=5649.058..32459.332 rows=27504093 loops=1)
  Hash Cond: (ci.movie_id = t.id)
  ->  Seq Scan on cast_info ci  (cost=0.00..705507.15 rows=16201301 width=4) (actual time=0.025..12203.492 rows=16121683 loops=1)
        Filter: (role_id > 2)
        Rows Removed by Filter: 20122661
  ->  Hash  (cost=222034.89..222034.89 rows=1518630 width=8) (actual time=5640.140..5640.140 rows=2071883 loops=1)
        Buckets: 131072  Batches: 32  Memory Usage: 3501kB
        ->  Hash Join  (cost=81530.55..222034.89 rows=1518630 width=8) (actual time=1123.170..5013.821 rows=2071883 loops=1)
              Hash Cond: (mk.movie_id = t.id)
              ->  Seq Scan on movie_keyword mk  (cost=0.00..69693.30 rows=4523930 width=4) (actual time=0.015..1188.149 rows=4523930 loops=1)
              ->  Hash  (cost=67604.59..67604.59 rows=848797 width=4) (actual time=1122.369..1122.369 rows=849141 loops=1)
                    Buckets: 131072  Batches: 16  Memory Usage: 2899kB
                    ->  Seq Scan on title t  (cost=0.00..67604.59 rows=848797 width=4) (actual time=0.022..851.095 rows=849141 loops=1)
                          Filter: (production_year < 1996)
                          Rows Removed by Filter: 1679171
Planning time: 1.128 ms
Execution time: 35518.769 ms
