Hash Join  (cost=102767.86..1202473.28 rows=15971709 width=0) (actual time=1582.260..26445.427 rows=15872699 loops=1)
  Hash Cond: (ci.movie_id = t.id)
  ->  Seq Scan on cast_info ci  (cost=0.00..705507.15 rows=15971709 width=4) (actual time=0.034..11304.622 rows=15872699 loops=1)
        Filter: (person_id < 1568910)
        Rows Removed by Filter: 20371645
  ->  Hash  (cost=61283.27..61283.27 rows=2528527 width=4) (actual time=1581.199..1581.199 rows=2528312 loops=1)
        Buckets: 131072  Batches: 64  Memory Usage: 2415kB
        ->  Seq Scan on title t  (cost=0.00..61283.27 rows=2528527 width=4) (actual time=0.027..761.667 rows=2528312 loops=1)
Planning time: 0.817 ms
Execution time: 28418.354 ms
