Seq Scan on movie_companies mc  (cost=0.00..57926.93 rows=729974 width=0) (actual time=0.025..878.907 rows=950685 loops=1)
  Filter: ((company_id > 9868) AND (company_type_id = 2))
  Rows Removed by Filter: 1658444
Planning time: 1.248 ms
Execution time: 1001.269 ms
