Seq Scan on cast_info ci  (cost=0.00..705507.15 rows=23597016 width=0) (actual time=1449.170..9403.798 rows=23669567 loops=1)
  Filter: (person_id > 1240092)
  Rows Removed by Filter: 12574777
Planning time: 0.323 ms
Execution time: 12091.265 ms
