Hash Join  (cost=95678.39..156400.68 rows=7355 width=0) (actual time=1993.931..2961.328 rows=14601 loops=1)
  Hash Cond: (mc.movie_id = t.id)
  ->  Seq Scan on movie_companies mc  (cost=0.00..57926.93 rows=725814 width=4) (actual time=187.692..1044.732 rows=511715 loops=1)
        Filter: ((company_id > 8062) AND (company_type_id = 1))
        Rows Removed by Filter: 2097414
  ->  Hash  (cost=95358.11..95358.11 rows=25622 width=8) (actual time=1800.947..1800.947 rows=28786 loops=1)
        Buckets: 32768  Batches: 1  Memory Usage: 1381kB
        ->  Hash Join  (cost=68191.41..95358.11 rows=25622 width=8) (actual time=1131.224..1790.895 rows=28786 loops=1)
              Hash Cond: (mi_idx.movie_id = t.id)
              ->  Seq Scan on movie_info_idx mi_idx  (cost=0.00..21735.35 rows=1380035 width=4) (actual time=0.025..314.116 rows=1380035 loops=1)
              ->  Hash  (cost=67604.59..67604.59 rows=46946 width=4) (actual time=1130.852..1130.852 rows=46583 loops=1)
                    Buckets: 65536  Batches: 1  Memory Usage: 2150kB
                    ->  Seq Scan on title t  (cost=0.00..67604.59 rows=46946 width=4) (actual time=0.027..1111.330 rows=46583 loops=1)
                          Filter: (production_year = 1998)
                          Rows Removed by Filter: 2481729
Planning time: 1.163 ms
Execution time: 2963.662 ms
