Hash Join  (cost=74313.05..440774.38 rows=180540 width=0) (actual time=974.392..6979.566 rows=105055 loops=1)
  Hash Cond: (mi.movie_id = t.id)
  ->  Seq Scan on movie_info mi  (cost=0.00..309384.22 rows=14739122 width=4) (actual time=0.022..2719.587 rows=14835720 loops=1)
  ->  Hash  (cost=73925.90..73925.90 rows=30972 width=4) (actual time=973.534..973.534 rows=35195 loops=1)
        Buckets: 65536 (originally 32768)  Batches: 1 (originally 1)  Memory Usage: 1750kB
        ->  Seq Scan on title t  (cost=0.00..73925.90 rows=30972 width=4) (actual time=0.032..958.133 rows=35195 loops=1)
              Filter: ((kind_id > 3) AND (production_year = 1998))
              Rows Removed by Filter: 2493117
Planning time: 0.798 ms
Execution time: 6993.947 ms
