Nested Loop  (cost=0.43..83071.67 rows=246 width=0) (actual time=0.272..1082.998 rows=3972 loops=1)
  ->  Seq Scan on movie_keyword mk  (cost=0.00..81003.12 rows=246 width=4) (actual time=0.207..1021.589 rows=3972 loops=1)
        Filter: (keyword_id = 3154)
        Rows Removed by Filter: 4519958
  ->  Index Only Scan using title_pkey on title t  (cost=0.43..8.40 rows=1 width=4) (actual time=0.014..0.015 rows=1 loops=3972)
        Index Cond: (id = mk.movie_id)
        Heap Fetches: 3972
Planning time: 0.743 ms
Execution time: 1084.186 ms
