Hash Join  (cost=73982.55..164160.35 rows=4364 width=0) (actual time=943.229..2492.251 rows=2232 loops=1)
  Hash Cond: (mk.movie_id = t.id)
  ->  Seq Scan on movie_keyword mk  (cost=0.00..81003.12 rows=2434940 width=4) (actual time=0.039..1173.390 rows=2436408 loops=1)
        Filter: (keyword_id < 5787)
        Rows Removed by Filter: 2087522
  ->  Hash  (cost=73925.90..73925.90 rows=4532 width=4) (actual time=939.719..939.719 rows=11996 loops=1)
        Buckets: 16384 (originally 8192)  Batches: 1 (originally 1)  Memory Usage: 550kB
        ->  Seq Scan on title t  (cost=0.00..73925.90 rows=4532 width=4) (actual time=0.055..934.110 rows=11996 loops=1)
              Filter: ((kind_id = 7) AND (production_year = 1987))
              Rows Removed by Filter: 2516316
Planning time: 0.731 ms
Execution time: 2492.809 ms
