Hash Join  (cost=83072.95..109983.45 rows=2 width=0) (actual time=1355.449..1575.992 rows=3 loops=1)
  Hash Cond: (mi_idx.movie_id = t.id)
  ->  Seq Scan on movie_info_idx mi_idx  (cost=0.00..21735.35 rows=1380035 width=4) (actual time=0.022..223.894 rows=1380035 loops=1)
  ->  Hash  (cost=83072.90..83072.90 rows=4 width=8) (actual time=1093.205..1093.205 rows=2 loops=1)
        Buckets: 1024  Batches: 1  Memory Usage: 9kB
        ->  Nested Loop  (cost=0.43..83072.90 rows=4 width=8) (actual time=773.026..1093.194 rows=2 loops=1)
              ->  Seq Scan on movie_keyword mk  (cost=0.00..81003.12 rows=246 width=4) (actual time=4.058..1089.385 rows=101 loops=1)
                    Filter: (keyword_id = 204)
                    Rows Removed by Filter: 4523829
              ->  Index Scan using title_pkey on title t  (cost=0.43..8.40 rows=1 width=4) (actual time=0.034..0.034 rows=0 loops=101)
                    Index Cond: (id = mk.movie_id)
                    Filter: ((kind_id < 7) AND (production_year = 2005))
                    Rows Removed by Filter: 1
Planning time: 1.191 ms
Execution time: 1576.118 ms
