Hash Join  (cost=73982.55..129212.88 rows=1820 width=0) (actual time=1329.314..1766.145 rows=1881 loops=1)
  Hash Cond: (mc.movie_id = t.id)
  ->  Seq Scan on movie_companies mc  (cost=0.00..51404.11 rows=1015471 width=4) (actual time=0.028..684.993 rows=1024605 loops=1)
        Filter: (company_id > 15800)
        Rows Removed by Filter: 1584524
  ->  Hash  (cost=73925.90..73925.90 rows=4532 width=4) (actual time=876.417..876.417 rows=14325 loops=1)
        Buckets: 16384 (originally 8192)  Batches: 1 (originally 1)  Memory Usage: 632kB
        ->  Seq Scan on title t  (cost=0.00..73925.90 rows=4532 width=4) (actual time=0.073..870.489 rows=14325 loops=1)
              Filter: ((kind_id = 7) AND (production_year = 1991))
              Rows Removed by Filter: 2513987
Planning time: 0.767 ms
Execution time: 1766.644 ms
