Hash Join  (cost=185026.47..1232392.47 rows=1320290 width=0) (actual time=2876.375..24444.928 rows=214696 loops=1)
  Hash Cond: (ci.movie_id = t.id)
  ->  Seq Scan on cast_info ci  (cost=0.00..614943.12 rows=36225612 width=4) (actual time=0.021..9584.768 rows=36244344 loops=1)
  ->  Hash  (cost=183514.54..183514.54 rows=92155 width=8) (actual time=2875.000..2875.000 rows=19114 loops=1)
        Buckets: 131072  Batches: 2  Memory Usage: 1395kB
        ->  Hash Join  (cost=68973.60..183514.54 rows=92155 width=8) (actual time=764.160..2866.977 rows=19114 loops=1)
              Hash Cond: (mk.movie_id = t.id)
              ->  Seq Scan on movie_keyword mk  (cost=0.00..81003.12 rows=2792603 width=4) (actual time=0.027..1273.327 rows=2782086 loops=1)
                    Filter: (keyword_id > 2845)
                    Rows Removed by Filter: 1741844
              ->  Hash  (cost=67604.59..67604.59 rows=83441 width=4) (actual time=761.505..761.505 rows=81647 loops=1)
                    Buckets: 131072  Batches: 2  Memory Usage: 2461kB
                    ->  Seq Scan on title t  (cost=0.00..67604.59 rows=83441 width=4) (actual time=159.828..738.614 rows=81647 loops=1)
                          Filter: (production_year < 1919)
                          Rows Removed by Filter: 2446665
Planning time: 1.188 ms
Execution time: 24474.386 ms
