Hash Join  (cost=73994.33..164022.42 rows=5180 width=0) (actual time=2105.565..2571.294 rows=4 loops=1)
  Hash Cond: (mk.movie_id = t.id)
  ->  Seq Scan on movie_keyword mk  (cost=0.00..81003.12 rows=2392845 width=4) (actual time=0.024..1246.729 rows=2393086 loops=1)
        Filter: (keyword_id < 5553)
        Rows Removed by Filter: 2130844
  ->  Hash  (cost=73925.90..73925.90 rows=5474 width=4) (actual time=981.137..981.137 rows=6 loops=1)
        Buckets: 8192  Batches: 1  Memory Usage: 65kB
        ->  Seq Scan on title t  (cost=0.00..73925.90 rows=5474 width=4) (actual time=707.412..981.120 rows=6 loops=1)
              Filter: ((kind_id > 1) AND (production_year = 1943))
              Rows Removed by Filter: 2528306
Planning time: 0.697 ms
Execution time: 2571.380 ms
