Hash Join  (cost=83074.74..836316.99 rows=1238 width=0) (actual time=1625.150..12847.178 rows=154 loops=1)
  Hash Cond: (ci.movie_id = t.id)
  ->  Seq Scan on cast_info ci  (cost=0.00..705507.15 rows=12726058 width=4) (actual time=799.617..10428.930 rows=12670688 loops=1)
        Filter: (role_id < 2)
        Rows Removed by Filter: 23573656
  ->  Hash  (cost=83071.67..83071.67 rows=246 width=8) (actual time=796.969..796.969 rows=32 loops=1)
        Buckets: 1024  Batches: 1  Memory Usage: 10kB
        ->  Nested Loop  (cost=0.43..83071.67 rows=246 width=8) (actual time=23.016..796.860 rows=32 loops=1)
              ->  Seq Scan on movie_keyword mk  (cost=0.00..81003.12 rows=246 width=4) (actual time=22.948..795.594 rows=32 loops=1)
                    Filter: (keyword_id = 4128)
                    Rows Removed by Filter: 4523898
              ->  Index Only Scan using title_pkey on title t  (cost=0.43..8.40 rows=1 width=4) (actual time=0.033..0.034 rows=1 loops=32)
                    Index Cond: (id = mk.movie_id)
                    Heap Fetches: 32
Planning time: 1.144 ms
Execution time: 12847.404 ms
