Nested Loop  (cost=0.43..58375.31 rows=32 width=0) (actual time=620.046..803.236 rows=1 loops=1)
  ->  Seq Scan on movie_companies mc  (cost=0.00..57926.93 rows=53 width=4) (actual time=12.236..802.362 rows=19 loops=1)
        Filter: ((company_id = 37872) AND (company_type_id = 2))
        Rows Removed by Filter: 2609110
  ->  Index Scan using title_pkey on title t  (cost=0.43..8.45 rows=1 width=4) (actual time=0.041..0.041 rows=0 loops=19)
        Index Cond: (id = mc.movie_id)
        Filter: (kind_id = 7)
        Rows Removed by Filter: 1
Planning time: 0.836 ms
Execution time: 803.340 ms
