Hash Join  (cost=981167.06..1591014.02 rows=10460713 width=0) (actual time=17262.612..50688.321 rows=79454054 loops=1)
  Hash Cond: (mi.movie_id = t.id)
  ->  Seq Scan on movie_info mi  (cost=0.00..309384.22 rows=14739122 width=4) (actual time=0.027..4841.957 rows=14835720 loops=1)
  ->  Hash  (cost=951725.10..951725.10 rows=1794557 width=8) (actual time=17261.416..17261.416 rows=2788180 loops=1)
        Buckets: 131072 (originally 131072)  Batches: 64 (originally 32)  Memory Usage: 3073kB
        ->  Hash Join  (cost=101489.21..951725.10 rows=1794557 width=8) (actual time=1532.364..16429.086 rows=2788180 loops=1)
              Hash Cond: (ci.movie_id = t.id)
              ->  Seq Scan on cast_info ci  (cost=0.00..796071.18 rows=2197027 width=4) (actual time=0.022..11229.329 rows=3638703 loops=1)
                    Filter: ((person_id > 1748061) AND (role_id = 10))
                    Rows Removed by Filter: 32605641
              ->  Hash  (cost=67604.59..67604.59 rows=2065330 width=4) (actual time=1531.614..1531.614 rows=2064552 loops=1)
                    Buckets: 131072  Batches: 32  Memory Usage: 3289kB
                    ->  Seq Scan on title t  (cost=0.00..67604.59 rows=2065330 width=4) (actual time=0.020..945.774 rows=2064552 loops=1)
                          Filter: (production_year < 2011)
                          Rows Removed by Filter: 463760
Planning time: 1.176 ms
Execution time: 59493.355 ms
