Hash Join  (cost=74794.72..848066.30 rows=462804 width=0) (actual time=1495.153..16065.357 rows=545326 loops=1)
  Hash Cond: (ci.movie_id = t.id)
  ->  Seq Scan on cast_info ci  (cost=0.00..705507.15 rows=16836372 width=4) (actual time=647.384..10132.935 rows=16945953 loops=1)
        Filter: (person_id > 1929400)
        Rows Removed by Filter: 19298391
  ->  Hash  (cost=73925.90..73925.90 rows=69505 width=4) (actual time=846.898..846.898 rows=69431 loops=1)
        Buckets: 131072  Batches: 1  Memory Usage: 3465kB
        ->  Seq Scan on title t  (cost=0.00..73925.90 rows=69505 width=4) (actual time=0.026..822.332 rows=69431 loops=1)
              Filter: ((kind_id < 3) AND (production_year > 2011))
              Rows Removed by Filter: 2458881
Planning time: 0.792 ms
Execution time: 16142.631 ms
