Hash Join  (cost=92421.85..501119.31 rows=1615759 width=0) (actual time=1569.357..8215.429 rows=879406 loops=1)
  Hash Cond: (mi.movie_id = t.id)
  ->  Seq Scan on movie_info mi  (cost=0.00..346232.03 rows=3623957 width=4) (actual time=0.024..4496.543 rows=3624977 loops=1)
        Filter: (info_type_id < 4)
        Rows Removed by Filter: 11210743
  ->  Hash  (cost=73925.90..73925.90 rows=1127356 width=4) (actual time=1568.464..1568.464 rows=1234845 loops=1)
        Buckets: 131072  Batches: 16  Memory Usage: 3752kB
        ->  Seq Scan on title t  (cost=0.00..73925.90 rows=1127356 width=4) (actual time=0.020..1165.833 rows=1234845 loops=1)
              Filter: ((kind_id > 1) AND (production_year > 1997))
              Rows Removed by Filter: 1293467
Planning time: 0.737 ms
Execution time: 8312.176 ms
