Nested Loop  (cost=0.43..709671.90 rows=500 width=0) (actual time=2107.983..9041.702 rows=176 loops=1)
  ->  Seq Scan on cast_info ci  (cost=0.00..705507.15 rows=500 width=4) (actual time=2107.875..9038.063 rows=176 loops=1)
        Filter: (person_id = 1375491)
        Rows Removed by Filter: 36244168
  ->  Index Only Scan using title_pkey on title t  (cost=0.43..8.32 rows=1 width=4) (actual time=0.019..0.020 rows=1 loops=176)
        Index Cond: (id = ci.movie_id)
        Heap Fetches: 176
Planning time: 0.766 ms
Execution time: 9041.850 ms
