Hash Join  (cost=83074.74..109989.30 rows=45 width=0) (actual time=1048.368..1476.631 rows=27 loops=1)
  Hash Cond: (mi_idx.movie_id = t.id)
  ->  Seq Scan on movie_info_idx mi_idx  (cost=0.00..25185.44 rows=460978 width=4) (actual time=0.026..376.763 rows=459925 loops=1)
        Filter: (info_type_id = 99)
        Rows Removed by Filter: 920110
  ->  Hash  (cost=83071.67..83071.67 rows=246 width=8) (actual time=1034.996..1034.996 rows=40 loops=1)
        Buckets: 1024  Batches: 1  Memory Usage: 10kB
        ->  Nested Loop  (cost=0.43..83071.67 rows=246 width=8) (actual time=17.143..1034.956 rows=40 loops=1)
              ->  Seq Scan on movie_keyword mk  (cost=0.00..81003.12 rows=246 width=4) (actual time=17.063..1033.631 rows=40 loops=1)
                    Filter: (keyword_id = 32176)
                    Rows Removed by Filter: 4523890
              ->  Index Only Scan using title_pkey on title t  (cost=0.43..8.40 rows=1 width=4) (actual time=0.029..0.029 rows=1 loops=40)
                    Index Cond: (id = mk.movie_id)
                    Heap Fetches: 40
Planning time: 1.150 ms
Execution time: 1476.782 ms
