Seq Scan on cast_info ci  (cost=0.00..705507.15 rows=21780971 width=0) (actual time=2906.364..13007.305 rows=21868934 loops=1)
  Filter: (person_id > 1415351)
  Rows Removed by Filter: 14375410
Planning time: 0.252 ms
Execution time: 15714.241 ms
