Hash Join  (cost=224378.21..786877.05 rows=7749892 width=0) (actual time=4684.568..22320.295 rows=19464435 loops=1)
  Hash Cond: (mi.movie_id = t.id)
  ->  Seq Scan on movie_info mi  (cost=0.00..309384.22 rows=14739122 width=4) (actual time=0.029..4616.965 rows=14835720 loops=1)
  ->  Hash  (cost=202565.33..202565.33 rows=1329510 width=8) (actual time=4683.849..4683.849 rows=1334376 loops=1)
        Buckets: 131072  Batches: 32  Memory Usage: 2656kB
        ->  Hash Join  (cost=102767.86..202565.33 rows=1329510 width=8) (actual time=1785.965..4296.071 rows=1334376 loops=1)
              Hash Cond: (mc.movie_id = t.id)
              ->  Seq Scan on movie_companies mc  (cost=0.00..57926.93 rows=1329510 width=4) (actual time=97.980..1101.057 rows=1334376 loops=1)
                    Filter: ((company_id > 1) AND (company_type_id = 2))
                    Rows Removed by Filter: 1274753
              ->  Hash  (cost=61283.27..61283.27 rows=2528527 width=4) (actual time=1686.620..1686.620 rows=2528312 loops=1)
                    Buckets: 131072  Batches: 64  Memory Usage: 2415kB
                    ->  Seq Scan on title t  (cost=0.00..61283.27 rows=2528527 width=4) (actual time=0.020..852.357 rows=2528312 loops=1)
Planning time: 1.176 ms
Execution time: 24738.591 ms
