Hash Join  (cost=190230.21..1453308.25 rows=17706539 width=0) (actual time=4252.784..44178.624 rows=35660531 loops=1)
  Hash Cond: (ci.movie_id = t.id)
  ->  Seq Scan on cast_info ci  (cost=0.00..705507.15 rows=32442266 width=4) (actual time=0.007..14085.220 rows=32427002 loops=1)
        Filter: (person_id < 3363413)
        Rows Removed by Filter: 3817342
  ->  Hash  (cost=167588.78..167588.78 rows=1380035 width=8) (actual time=4251.669..4251.669 rows=1380035 loops=1)
        Buckets: 131072  Batches: 32  Memory Usage: 2708kB
        ->  Hash Join  (cost=102767.86..167588.78 rows=1380035 width=8) (actual time=1575.395..3835.575 rows=1380035 loops=1)
              Hash Cond: (mi_idx.movie_id = t.id)
              ->  Seq Scan on movie_info_idx mi_idx  (cost=0.00..21735.35 rows=1380035 width=4) (actual time=0.020..378.017 rows=1380035 loops=1)
              ->  Hash  (cost=61283.27..61283.27 rows=2528527 width=4) (actual time=1574.254..1574.254 rows=2528312 loops=1)
                    Buckets: 131072  Batches: 64  Memory Usage: 2415kB
                    ->  Seq Scan on title t  (cost=0.00..61283.27 rows=2528527 width=4) (actual time=0.020..774.494 rows=2528312 loops=1)
Planning time: 1.152 ms
Execution time: 48211.090 ms
