Hash Join  (cost=28266.87..114925.12 rows=21 width=0) (actual time=545.000..1503.615 rows=1003 loops=1)
  Hash Cond: (mk.movie_id = t.id)
  ->  Seq Scan on movie_keyword mk  (cost=0.00..69693.30 rows=4523930 width=4) (actual time=0.022..581.979 rows=4523930 loops=1)
  ->  Hash  (cost=28266.72..28266.72 rows=12 width=8) (actual time=337.007..337.007 rows=6 loops=1)
        Buckets: 1024  Batches: 1  Memory Usage: 9kB
        ->  Nested Loop  (cost=0.43..28266.72 rows=12 width=8) (actual time=137.130..336.987 rows=6 loops=1)
              ->  Seq Scan on movie_info_idx mi_idx  (cost=0.00..25185.44 rows=368 width=4) (actual time=135.309..331.815 rows=260 loops=1)
                    Filter: (info_type_id > 101)
                    Rows Removed by Filter: 1379775
              ->  Index Scan using title_pkey on title t  (cost=0.43..8.36 rows=1 width=4) (actual time=0.019..0.019 rows=0 loops=260)
                    Index Cond: (id = mi_idx.movie_id)
                    Filter: (production_year = 2004)
                    Rows Removed by Filter: 1
Planning time: 1.150 ms
Execution time: 1503.822 ms
