Hash Join  (cost=83074.74..442900.14 rows=353 width=0) (actual time=2539.801..6337.440 rows=1019 loops=1)
  Hash Cond: (mi.movie_id = t.id)
  ->  Seq Scan on movie_info mi  (cost=0.00..346232.03 rows=3623957 width=4) (actual time=1387.674..4665.166 rows=3624977 loops=1)
        Filter: (info_type_id < 4)
        Rows Removed by Filter: 11210743
  ->  Hash  (cost=83071.67..83071.67 rows=246 width=8) (actual time=1148.463..1148.463 rows=202 loops=1)
        Buckets: 1024  Batches: 1  Memory Usage: 16kB
        ->  Nested Loop  (cost=0.43..83071.67 rows=246 width=8) (actual time=3.367..1148.233 rows=202 loops=1)
              ->  Seq Scan on movie_keyword mk  (cost=0.00..81003.12 rows=246 width=4) (actual time=3.277..1141.007 rows=202 loops=1)
                    Filter: (keyword_id = 5786)
                    Rows Removed by Filter: 4523728
              ->  Index Only Scan using title_pkey on title t  (cost=0.43..8.40 rows=1 width=4) (actual time=0.032..0.033 rows=1 loops=202)
                    Index Cond: (id = mk.movie_id)
                    Heap Fetches: 202
Planning time: 1.199 ms
Execution time: 6337.850 ms
