Seq Scan on cast_info ci  (cost=0.00..796071.18 rows=2486352 width=0) (actual time=1132.340..9722.565 rows=1970 loops=1)
  Filter: ((person_id < 1207688) AND (role_id = 2))
  Rows Removed by Filter: 36242374
Planning time: 0.293 ms
Execution time: 9723.007 ms
