Hash Join  (cost=85855.67..950706.20 rows=1313251 width=0) (actual time=1241.876..13563.092 rows=781567 loops=1)
  Hash Cond: (ci.movie_id = t.id)
  ->  Seq Scan on cast_info ci  (cost=0.00..796071.18 rows=4566892 width=4) (actual time=0.013..10017.869 rows=2714686 loops=1)
        Filter: ((person_id < 1331905) AND (role_id > 3))
        Rows Removed by Filter: 33529658
  ->  Hash  (cost=73925.90..73925.90 rows=727101 width=4) (actual time=1240.902..1240.902 rows=796159 loops=1)
        Buckets: 131072  Batches: 16  Memory Usage: 2780kB
        ->  Seq Scan on title t  (cost=0.00..73925.90 rows=727101 width=4) (actual time=206.065..997.675 rows=796159 loops=1)
              Filter: ((production_year > 2003) AND (kind_id = 7))
              Rows Removed by Filter: 1732153
Planning time: 0.799 ms
Execution time: 13652.753 ms
