Hash Join  (cost=205477.31..245906.89 rows=159509 width=0) (actual time=3428.358..4592.177 rows=675494 loops=1)
  Hash Cond: (mi_idx.movie_id = t.id)
  ->  Seq Scan on movie_info_idx mi_idx  (cost=0.00..21735.35 rows=1380035 width=4) (actual time=0.011..372.826 rows=1380035 loops=1)
  ->  Hash  (cost=200682.13..200682.13 rows=292255 width=8) (actual time=3427.363..3427.363 rows=311486 loops=1)
        Buckets: 131072  Batches: 4  Memory Usage: 4083kB
        ->  Hash Join  (cost=102767.86..200682.13 rows=292255 width=8) (actual time=1620.267..3344.164 rows=311486 loops=1)
              Hash Cond: (mk.movie_id = t.id)
              ->  Seq Scan on movie_keyword mk  (cost=0.00..81003.12 rows=292255 width=4) (actual time=0.016..1164.467 rows=311486 loops=1)
                    Filter: (keyword_id < 249)
                    Rows Removed by Filter: 4212444
              ->  Hash  (cost=61283.27..61283.27 rows=2528527 width=4) (actual time=1619.323..1619.323 rows=2528312 loops=1)
                    Buckets: 131072  Batches: 64  Memory Usage: 2425kB
                    ->  Seq Scan on title t  (cost=0.00..61283.27 rows=2528527 width=4) (actual time=0.020..768.622 rows=2528312 loops=1)
Planning time: 1.162 ms
Execution time: 4679.939 ms
