Hash Join  (cost=976603.36..1133898.81 rows=2379084 width=0) (actual time=15446.318..18357.717 rows=7079 loops=1)
  Hash Cond: (mk.movie_id = t.id)
  ->  Seq Scan on movie_keyword mk  (cost=0.00..81003.12 rows=3586097 width=4) (actual time=0.024..1426.477 rows=3576894 loops=1)
        Filter: (keyword_id < 20036)
        Rows Removed by Filter: 947036
  ->  Hash  (cost=949081.96..949081.96 rows=1677472 width=8) (actual time=15416.013..15416.013 rows=1542 loops=1)
        Buckets: 131072  Batches: 32  Memory Usage: 1032kB
        ->  Hash Join  (cost=102767.86..949081.96 rows=1677472 width=8) (actual time=10610.663..15414.115 rows=1542 loops=1)
              Hash Cond: (ci.movie_id = t.id)
              ->  Seq Scan on cast_info ci  (cost=0.00..796071.18 rows=1677472 width=4) (actual time=8901.604..13350.207 rows=1542 loops=1)
                    Filter: ((person_id < 804128) AND (role_id = 2))
                    Rows Removed by Filter: 36242802
              ->  Hash  (cost=61283.27..61283.27 rows=2528527 width=4) (actual time=1683.832..1683.832 rows=2528312 loops=1)
                    Buckets: 131072  Batches: 64  Memory Usage: 2415kB
                    ->  Seq Scan on title t  (cost=0.00..61283.27 rows=2528527 width=4) (actual time=0.021..845.840 rows=2528312 loops=1)
Planning time: 1.199 ms
Execution time: 18358.840 ms
