Hash Join  (cost=52284.66..138943.34 rows=64 width=0) (actual time=1318.953..2228.966 rows=4381 loops=1)
  Hash Cond: (mk.movie_id = t.id)
  ->  Seq Scan on movie_keyword mk  (cost=0.00..69693.30 rows=4523930 width=4) (actual time=0.017..749.091 rows=4523930 loops=1)
  ->  Hash  (cost=52284.21..52284.21 rows=36 width=8) (actual time=675.501..675.501 rows=1279 loops=1)
        Buckets: 2048 (originally 1024)  Batches: 1 (originally 1)  Memory Usage: 66kB
        ->  Nested Loop  (cost=0.43..52284.21 rows=36 width=8) (actual time=108.717..674.852 rows=1279 loops=1)
              ->  Seq Scan on movie_companies mc  (cost=0.00..51404.11 rows=104 width=4) (actual time=108.626..651.960 rows=1468 loops=1)
                    Filter: (company_id = 265)
                    Rows Removed by Filter: 2607661
              ->  Index Scan using title_pkey on title t  (cost=0.43..8.45 rows=1 width=4) (actual time=0.015..0.015 rows=1 loops=1468)
                    Index Cond: (id = mc.movie_id)
                    Filter: ((kind_id > 4) AND (production_year > 1999))
                    Rows Removed by Filter: 0
Planning time: 1.030 ms
Execution time: 2229.715 ms
