Seq Scan on movie_companies mc  (cost=0.00..57926.93 rows=407925 width=0) (actual time=0.033..716.650 rows=583504 loops=1)
  Filter: ((company_id < 2015) AND (company_type_id = 1))
  Rows Removed by Filter: 2025625
Planning time: 0.411 ms
Execution time: 788.855 ms
