Seq Scan on movie_keyword mk  (cost=0.00..81003.12 rows=24878 width=0) (actual time=266.670..907.973 rows=21425 loops=1)
  Filter: (keyword_id > 116298)
  Rows Removed by Filter: 4502505
Planning time: 0.350 ms
Execution time: 911.279 ms
