Hash Join  (cost=219197.63..1223081.50 rows=6636768 width=0) (actual time=4626.606..28814.134 rows=8251832 loops=1)
  Hash Cond: (ci.movie_id = t.id)
  ->  Seq Scan on cast_info ci  (cost=0.00..796071.18 rows=10554801 width=4) (actual time=0.030..16917.753 rows=11152308 loops=1)
        Filter: ((person_id > 463620) AND (role_id > 3))
        Rows Removed by Filter: 25092036
  ->  Hash  (cost=193112.68..193112.68 rows=1589916 width=8) (actual time=4624.849..4624.849 rows=717308 loops=1)
        Buckets: 131072  Batches: 32  Memory Usage: 1871kB
        ->  Hash Join  (cost=92883.59..193112.68 rows=1589916 width=8) (actual time=2168.266..4410.275 rows=717308 loops=1)
              Hash Cond: (mc.movie_id = t.id)
              ->  Seq Scan on movie_companies mc  (cost=0.00..44881.29 rows=2609129 width=4) (actual time=0.019..1002.235 rows=2609129 loops=1)
              ->  Hash  (cost=67604.59..67604.59 rows=1540800 width=4) (actual time=1669.941..1669.941 rows=1543264 loops=1)
                    Buckets: 131072  Batches: 32  Memory Usage: 2722kB
                    ->  Seq Scan on title t  (cost=0.00..67604.59 rows=1540800 width=4) (actual time=218.845..1186.901 rows=1543264 loops=1)
                          Filter: (kind_id = 7)
                          Rows Removed by Filter: 985048
Planning time: 1.191 ms
Execution time: 29738.714 ms
