Hash Join  (cost=491650.71..601027.96 rows=546771 width=0) (actual time=7039.668..9629.489 rows=1697691 loops=1)
  Hash Cond: (mk.movie_id = t.id)
  ->  Seq Scan on movie_keyword mk  (cost=0.00..81003.12 rows=1707311 width=4) (actual time=0.024..1231.420 rows=1714341 loops=1)
        Filter: (keyword_id < 2737)
        Rows Removed by Filter: 2809589
  ->  Hash  (cost=478364.61..478364.61 rows=809768 width=8) (actual time=7038.598..7038.598 rows=802140 loops=1)
        Buckets: 131072  Batches: 16  Memory Usage: 2985kB
        ->  Hash Join  (cost=102767.86..478364.61 rows=809768 width=8) (actual time=4693.698..6768.044 rows=802140 loops=1)
              Hash Cond: (mi.movie_id = t.id)
              ->  Seq Scan on movie_info mi  (cost=0.00..346232.03 rows=809768 width=4) (actual time=3145.758..4062.624 rows=802140 loops=1)
                    Filter: (info_type_id < 2)
                    Rows Removed by Filter: 14033580
              ->  Hash  (cost=61283.27..61283.27 rows=2528527 width=4) (actual time=1546.880..1546.880 rows=2528312 loops=1)
                    Buckets: 131072  Batches: 64  Memory Usage: 2425kB
                    ->  Seq Scan on title t  (cost=0.00..61283.27 rows=2528527 width=4) (actual time=0.025..716.800 rows=2528312 loops=1)
Planning time: 1.142 ms
Execution time: 9841.165 ms
