Hash Join  (cost=75679.97..152250.41 rows=110292 width=0) (actual time=1035.522..3043.125 rows=485335 loops=1)
  Hash Cond: (mc.movie_id = t.id)
  ->  Seq Scan on movie_companies mc  (cost=0.00..44881.29 rows=2609129 width=4) (actual time=0.021..705.523 rows=2609129 loops=1)
  ->  Hash  (cost=73925.90..73925.90 rows=106885 width=4) (actual time=1034.764..1034.764 rows=229380 loops=1)
        Buckets: 131072 (originally 131072)  Batches: 4 (originally 2)  Memory Usage: 3073kB
        ->  Seq Scan on title t  (cost=0.00..73925.90 rows=106885 width=4) (actual time=0.013..942.891 rows=229380 loops=1)
              Filter: ((kind_id < 3) AND (production_year < 1969))
              Rows Removed by Filter: 2298932
Planning time: 1.045 ms
Execution time: 3106.818 ms
