Hash Join  (cost=102767.86..1066369.41 rows=6551777 width=0) (actual time=5259.229..22433.971 rows=10727123 loops=1)
  Hash Cond: (ci.movie_id = t.id)
  ->  Seq Scan on cast_info ci  (cost=0.00..796071.18 rows=6551777 width=4) (actual time=3628.482..12139.740 rows=10727123 loops=1)
        Filter: ((person_id > 2171655) AND (role_id > 2))
        Rows Removed by Filter: 25517221
  ->  Hash  (cost=61283.27..61283.27 rows=2528527 width=4) (actual time=1629.786..1629.786 rows=2528312 loops=1)
        Buckets: 131072  Batches: 64  Memory Usage: 2415kB
        ->  Seq Scan on title t  (cost=0.00..61283.27 rows=2528527 width=4) (actual time=0.026..800.049 rows=2528312 loops=1)
Planning time: 0.802 ms
Execution time: 23665.367 ms
