Seq Scan on movie_companies mc  (cost=0.00..57926.93 rows=323741 width=0) (actual time=276.248..698.387 rows=24359 loops=1)
  Filter: ((company_id > 51466) AND (company_type_id = 1))
  Rows Removed by Filter: 2584770
Planning time: 0.390 ms
Execution time: 701.960 ms
