Hash Join  (cost=80827.88..1002259.90 rows=2695199 width=0) (actual time=6375.069..22094.306 rows=1414449 loops=1)
  Hash Cond: (ci.movie_id = t.id)
  ->  Seq Scan on cast_info ci  (cost=0.00..705507.15 rows=16201301 width=4) (actual time=5381.435..12746.814 rows=16121683 loops=1)
        Filter: (role_id > 2)
        Rows Removed by Filter: 20122661
  ->  Hash  (cost=73925.90..73925.90 rows=420638 width=4) (actual time=992.200..992.200 rows=301535 loops=1)
        Buckets: 131072  Batches: 8  Memory Usage: 2337kB
        ->  Seq Scan on title t  (cost=0.00..73925.90 rows=420638 width=4) (actual time=68.927..897.336 rows=301535 loops=1)
              Filter: ((production_year < 1990) AND (kind_id = 7))
              Rows Removed by Filter: 2226777
Planning time: 0.810 ms
Execution time: 22268.811 ms
