Hash Join  (cost=442639.69..1244430.33 rows=244322 width=0) (actual time=11394.804..20221.959 rows=157216 loops=1)
  Hash Cond: (ci.movie_id = t.id)
  ->  Seq Scan on cast_info ci  (cost=0.00..705507.15 rows=7298253 width=4) (actual time=4941.292..11208.163 rows=7451973 loops=1)
        Filter: (role_id = 2)
        Rows Removed by Filter: 28792371
  ->  Hash  (cost=441250.60..441250.60 rows=84647 width=8) (actual time=6452.264..6452.264 rows=46356 loops=1)
        Buckets: 131072  Batches: 2  Memory Usage: 1928kB
        ->  Hash Join  (cost=74434.21..441250.60 rows=84647 width=8) (actual time=1485.996..6432.584 rows=46356 loops=1)
              Hash Cond: (mi.movie_id = t.id)
              ->  Seq Scan on movie_info mi  (cost=0.00..346232.03 rows=5263441 width=4) (actual time=647.698..4466.128 rows=5270569 loops=1)
                    Filter: (info_type_id > 15)
                    Rows Removed by Filter: 9565151
              ->  Hash  (cost=73925.90..73925.90 rows=40664 width=4) (actual time=837.302..837.302 rows=40257 loops=1)
                    Buckets: 65536  Batches: 1  Memory Usage: 1928kB
                    ->  Seq Scan on title t  (cost=0.00..73925.90 rows=40664 width=4) (actual time=0.037..821.549 rows=40257 loops=1)
                          Filter: ((production_year > 2012) AND (kind_id = 7))
                          Rows Removed by Filter: 2488055
Planning time: 1.222 ms
Execution time: 20243.937 ms
