Seq Scan on movie_keyword mk  (cost=0.00..81003.12 rows=246 width=0) (actual time=3.181..1102.848 rows=337 loops=1)
  Filter: (keyword_id = 8061)
  Rows Removed by Filter: 4523593
Planning time: 0.427 ms
Execution time: 1103.092 ms
