Hash Join  (cost=52285.01..138944.57 rows=152 width=0) (actual time=782.227..1882.673 rows=42 loops=1)
  Hash Cond: (mk.movie_id = t.id)
  ->  Seq Scan on movie_keyword mk  (cost=0.00..69693.30 rows=4523930 width=4) (actual time=0.020..619.739 rows=4523930 loops=1)
  ->  Hash  (cost=52283.95..52283.95 rows=85 width=8) (actual time=620.164..620.164 rows=9 loops=1)
        Buckets: 1024  Batches: 1  Memory Usage: 9kB
        ->  Nested Loop  (cost=0.43..52283.95 rows=85 width=8) (actual time=144.582..620.134 rows=9 loops=1)
              ->  Seq Scan on movie_companies mc  (cost=0.00..51404.11 rows=104 width=4) (actual time=144.511..618.928 rows=31 loops=1)
                    Filter: (company_id = 10801)
                    Rows Removed by Filter: 2609098
              ->  Index Scan using title_pkey on title t  (cost=0.43..8.45 rows=1 width=4) (actual time=0.036..0.036 rows=0 loops=31)
                    Index Cond: (id = mc.movie_id)
                    Filter: (production_year < 2011)
                    Rows Removed by Filter: 1
Planning time: 1.964 ms
Execution time: 1882.812 ms
