Hash Join  (cost=77847.58..975424.61 rows=1444496 width=0) (actual time=1058.879..18603.692 rows=343784 loops=1)
  Hash Cond: (ci.movie_id = t.id)
  ->  Seq Scan on cast_info ci  (cost=0.00..705507.15 rows=15281312 width=4) (actual time=0.023..11485.811 rows=15423067 loops=1)
        Filter: (person_id > 2097877)
        Rows Removed by Filter: 20821277
  ->  Hash  (cost=73925.90..73925.90 rows=239014 width=4) (actual time=1057.759..1057.759 rows=113555 loops=1)
        Buckets: 131072  Batches: 4  Memory Usage: 2019kB
        ->  Seq Scan on title t  (cost=0.00..73925.90 rows=239014 width=4) (actual time=0.013..1016.831 rows=113555 loops=1)
              Filter: ((kind_id > 2) AND (production_year < 1968))
              Rows Removed by Filter: 2414757
Planning time: 0.768 ms
Execution time: 18640.754 ms
