Hash Join  (cost=102767.86..1393321.29 rows=23903033 width=0) (actual time=3546.949..34182.958 rows=24009123 loops=1)
  Hash Cond: (ci.movie_id = t.id)
  ->  Seq Scan on cast_info ci  (cost=0.00..705507.15 rows=23903033 width=4) (actual time=1860.846..12624.199 rows=24009123 loops=1)
        Filter: (person_id > 1205609)
        Rows Removed by Filter: 12235221
  ->  Hash  (cost=61283.27..61283.27 rows=2528527 width=4) (actual time=1683.649..1683.649 rows=2528312 loops=1)
        Buckets: 131072  Batches: 64  Memory Usage: 2415kB
        ->  Seq Scan on title t  (cost=0.00..61283.27 rows=2528527 width=4) (actual time=1.043..858.683 rows=2528312 loops=1)
Planning time: 0.738 ms
Execution time: 37057.140 ms
