Hash Join  (cost=83074.74..109986.57 rows=134 width=0) (actual time=1062.257..1647.318 rows=1403 loops=1)
  Hash Cond: (mi_idx.movie_id = t.id)
  ->  Seq Scan on movie_info_idx mi_idx  (cost=0.00..21735.35 rows=1380035 width=4) (actual time=0.017..313.383 rows=1380035 loops=1)
  ->  Hash  (cost=83071.67..83071.67 rows=246 width=8) (actual time=1061.936..1061.936 rows=537 loops=1)
        Buckets: 1024  Batches: 1  Memory Usage: 29kB
        ->  Nested Loop  (cost=0.43..83071.67 rows=246 width=8) (actual time=1.067..1061.507 rows=537 loops=1)
              ->  Seq Scan on movie_keyword mk  (cost=0.00..81003.12 rows=246 width=4) (actual time=1.010..1041.710 rows=537 loops=1)
                    Filter: (keyword_id = 181)
                    Rows Removed by Filter: 4523393
              ->  Index Only Scan using title_pkey on title t  (cost=0.43..8.40 rows=1 width=4) (actual time=0.035..0.035 rows=1 loops=537)
                    Index Cond: (id = mk.movie_id)
                    Heap Fetches: 537
Planning time: 1.123 ms
Execution time: 1647.700 ms
