Seq Scan on cast_info ci  (cost=0.00..705507.15 rows=25121663 width=0) (actual time=0.006..10618.599 rows=25155211 loops=1)
  Filter: (person_id < 2593422)
  Rows Removed by Filter: 11089133
Planning time: 0.293 ms
Execution time: 13725.856 ms
