Seq Scan on cast_info ci  (cost=0.00..705507.15 rows=20214884 width=0) (actual time=0.040..10373.678 rows=20334206 loops=1)
  Filter: (person_id > 1573241)
  Rows Removed by Filter: 15910138
Planning time: 0.328 ms
Execution time: 12926.178 ms
