Seq Scan on cast_info ci  (cost=0.00..705507.15 rows=4835645 width=42) (actual time=627.483..8674.726 rows=4724924 loops=1)
  Filter: (person_id < 458109)
  Rows Removed by Filter: 31519420
Planning time: 0.511 ms
Execution time: 8881.698 ms
