Hash Join  (cost=73962.22..825167.57 rows=41619 width=0) (actual time=806.683..14729.985 rows=26442 loops=1)
  Hash Cond: (ci.movie_id = t.id)
  ->  Seq Scan on cast_info ci  (cost=0.00..614943.12 rows=36225612 width=4) (actual time=0.021..6552.293 rows=36244344 loops=1)
  ->  Hash  (cost=73925.90..73925.90 rows=2905 width=4) (actual time=806.371..806.371 rows=2847 loops=1)
        Buckets: 4096  Batches: 1  Memory Usage: 133kB
        ->  Seq Scan on title t  (cost=0.00..73925.90 rows=2905 width=4) (actual time=92.716..804.959 rows=2847 loops=1)
              Filter: ((kind_id < 7) AND (production_year = 1926))
              Rows Removed by Filter: 2525465
Planning time: 0.790 ms
Execution time: 14735.441 ms
