Seq Scan on title t  (cost=0.00..73925.90 rows=1430736 width=0) (actual time=117.250..1195.335 rows=1478437 loops=1)
  Filter: ((production_year > 1929) AND (kind_id = 7))
  Rows Removed by Filter: 1049875
Planning time: 0.413 ms
Execution time: 1381.136 ms
