Seq Scan on cast_info ci  (cost=0.00..796071.18 rows=324 width=0) (actual time=90.128..10640.829 rows=133 loops=1)
  Filter: ((role_id > 1) AND (person_id = 1920952))
  Rows Removed by Filter: 36244211
Planning time: 0.297 ms
Execution time: 10640.954 ms
