Hash Join  (cost=102767.86..1426468.89 rows=25280608 width=0) (actual time=3678.313..35536.445 rows=25403408 loops=1)
  Hash Cond: (ci.movie_id = t.id)
  ->  Seq Scan on cast_info ci  (cost=0.00..705507.15 rows=25280608 width=4) (actual time=2027.127..12924.184 rows=25403408 loops=1)
        Filter: (person_id > 1064799)
        Rows Removed by Filter: 10840936
  ->  Hash  (cost=61283.27..61283.27 rows=2528527 width=4) (actual time=1648.988..1648.988 rows=2528312 loops=1)
        Buckets: 131072  Batches: 64  Memory Usage: 2415kB
        ->  Seq Scan on title t  (cost=0.00..61283.27 rows=2528527 width=4) (actual time=0.031..845.707 rows=2528312 loops=1)
Planning time: 0.757 ms
Execution time: 38507.620 ms
