Hash Join  (cost=129844.05..516148.42 rows=347562 width=0) (actual time=2186.423..8843.684 rows=210534 loops=1)
  Hash Cond: (mi.movie_id = t.id)
  ->  Seq Scan on movie_info mi  (cost=0.00..346232.03 rows=3068194 width=4) (actual time=82.448..4734.560 rows=3036719 loops=1)
        Filter: (info_type_id = 16)
        Rows Removed by Filter: 11799001
  ->  Hash  (cost=125144.69..125144.69 rows=286429 width=8) (actual time=2103.044..2103.044 rows=185448 loops=1)
        Buckets: 131072  Batches: 4  Memory Usage: 2849kB
        ->  Hash Join  (cost=82536.92..125144.69 rows=286429 width=8) (actual time=1037.537..2051.571 rows=185448 loops=1)
              Hash Cond: (mi_idx.movie_id = t.id)
              ->  Seq Scan on movie_info_idx mi_idx  (cost=0.00..21735.35 rows=1380035 width=4) (actual time=0.026..357.175 rows=1380035 loops=1)
              ->  Hash  (cost=73925.90..73925.90 rows=524801 width=4) (actual time=1036.789..1036.789 rows=386160 loops=1)
                    Buckets: 131072  Batches: 8  Memory Usage: 2711kB
                    ->  Seq Scan on title t  (cost=0.00..73925.90 rows=524801 width=4) (actual time=0.022..926.921 rows=386160 loops=1)
                          Filter: ((kind_id > 1) AND (production_year < 1991))
                          Rows Removed by Filter: 2142152
Planning time: 1.143 ms
Execution time: 8871.532 ms
