Hash Join  (cost=94655.84..845640.71 rows=19576 width=0) (actual time=1274.662..15712.482 rows=137219 loops=1)
  Hash Cond: (ci.movie_id = t.id)
  ->  Seq Scan on cast_info ci  (cost=0.00..614943.12 rows=36225612 width=4) (actual time=0.020..6693.695 rows=36244344 loops=1)
  ->  Hash  (cost=94638.77..94638.77 rows=1366 width=8) (actual time=1274.435..1274.435 rows=4763 loops=1)
        Buckets: 8192 (originally 2048)  Batches: 1 (originally 1)  Memory Usage: 251kB
        ->  Hash Join  (cost=67697.55..94638.77 rows=1366 width=8) (actual time=795.834..1272.217 rows=4763 loops=1)
              Hash Cond: (mi_idx.movie_id = t.id)
              ->  Seq Scan on movie_info_idx mi_idx  (cost=0.00..25185.44 rows=464566 width=4) (actual time=0.025..371.845 rows=459925 loops=1)
                    Filter: (info_type_id = 101)
                    Rows Removed by Filter: 920110
              ->  Hash  (cost=67604.59..67604.59 rows=7437 width=4) (actual time=795.744..795.744 rows=19440 loops=1)
                    Buckets: 32768 (originally 8192)  Batches: 1 (originally 1)  Memory Usage: 940kB
                    ->  Seq Scan on title t  (cost=0.00..67604.59 rows=7437 width=4) (actual time=0.012..787.159 rows=19440 loops=1)
                          Filter: (production_year = 1986)
                          Rows Removed by Filter: 2508872
Planning time: 1.216 ms
Execution time: 15738.301 ms
