Hash Join  (cost=83743.23..153423.98 rows=270772 width=0) (actual time=1086.584..2626.489 rows=314674 loops=1)
  Hash Cond: (mc.movie_id = t.id)
  ->  Seq Scan on movie_companies mc  (cost=0.00..51404.11 rows=1144246 width=4) (actual time=0.014..798.881 rows=1140261 loops=1)
        Filter: (company_id < 8607)
        Rows Removed by Filter: 1468868
  ->  Hash  (cost=73925.90..73925.90 rows=598346 width=4) (actual time=1085.522..1085.522 rows=507407 loops=1)
        Buckets: 131072  Batches: 8  Memory Usage: 3251kB
        ->  Seq Scan on title t  (cost=0.00..73925.90 rows=598346 width=4) (actual time=0.021..933.081 rows=507407 loops=1)
              Filter: ((kind_id < 7) AND (production_year > 1997))
              Rows Removed by Filter: 2020905
Planning time: 0.721 ms
Execution time: 2664.569 ms
