Seq Scan on movie_companies mc  (cost=0.00..51404.11 rows=2223507 width=0) (actual time=0.019..835.025 rows=2221628 loops=1)
  Filter: (company_id > 226)
  Rows Removed by Filter: 387501
Planning time: 0.286 ms
Execution time: 1120.740 ms
