Seq Scan on cast_info ci  (cost=0.00..705507.15 rows=500 width=0) (actual time=2649.501..8914.910 rows=79 loops=1)
  Filter: (person_id = 3019602)
  Rows Removed by Filter: 36244265
Planning time: 0.354 ms
Execution time: 8915.013 ms
