Nested Loop  (cost=0.43..83071.67 rows=246 width=0) (actual time=36.128..1134.639 rows=70 loops=1)
  ->  Seq Scan on movie_keyword mk  (cost=0.00..81003.12 rows=246 width=4) (actual time=36.031..1132.060 rows=70 loops=1)
        Filter: (keyword_id = 36426)
        Rows Removed by Filter: 4523860
  ->  Index Only Scan using title_pkey on title t  (cost=0.43..8.40 rows=1 width=4) (actual time=0.032..0.033 rows=1 loops=70)
        Index Cond: (id = mk.movie_id)
        Heap Fetches: 70
Planning time: 0.808 ms
Execution time: 1134.786 ms
