Hash Join  (cost=243307.81..1092010.55 rows=1487410 width=0) (actual time=8685.112..15666.098 rows=452851 loops=1)
  Hash Cond: (ci.movie_id = t.id)
  ->  Seq Scan on cast_info ci  (cost=0.00..796071.18 rows=2813722 width=4) (actual time=4217.228..10456.497 rows=1389897 loops=1)
        Filter: ((person_id < 1160347) AND (role_id > 5))
        Rows Removed by Filter: 34854447
  ->  Hash  (cost=221377.71..221377.71 rows=1336648 width=8) (actual time=4466.247..4466.247 rows=292070 loops=1)
        Buckets: 131072  Batches: 32  Memory Usage: 1373kB
        ->  Hash Join  (cost=92883.59..221377.71 rows=1336648 width=8) (actual time=3067.501..4379.508 rows=292070 loops=1)
              Hash Cond: (mk.movie_id = t.id)
              ->  Seq Scan on movie_keyword mk  (cost=0.00..81003.12 rows=2193504 width=4) (actual time=0.028..1379.896 rows=2194327 loops=1)
                    Filter: (keyword_id < 4354)
                    Rows Removed by Filter: 2329603
              ->  Hash  (cost=67604.59..67604.59 rows=1540800 width=4) (actual time=1708.108..1708.108 rows=1543264 loops=1)
                    Buckets: 131072  Batches: 32  Memory Usage: 2728kB
                    ->  Seq Scan on title t  (cost=0.00..67604.59 rows=1540800 width=4) (actual time=0.016..1016.426 rows=1543264 loops=1)
                          Filter: (kind_id = 7)
                          Rows Removed by Filter: 985048
Planning time: 4.062 ms
Execution time: 15718.309 ms
