Seq Scan on cast_info ci  (cost=0.00..796071.18 rows=871894 width=0) (actual time=8076.174..12136.464 rows=983337 loops=1)
  Filter: ((person_id > 849308) AND (role_id = 9))
  Rows Removed by Filter: 35261007
Planning time: 0.422 ms
Execution time: 12264.689 ms
