Seq Scan on movie_keyword mk  (cost=0.00..81003.12 rows=65898 width=0) (actual time=29.074..1071.562 rows=63806 loops=1)
  Filter: (keyword_id > 93601)
  Rows Removed by Filter: 4460124
Planning time: 0.324 ms
Execution time: 1081.073 ms
