Seq Scan on movie_keyword mk  (cost=0.00..81003.12 rows=2680151 width=0) (actual time=0.024..1060.886 rows=2676249 loops=1)
  Filter: (keyword_id < 7498)
  Rows Removed by Filter: 1847681
Planning time: 0.333 ms
Execution time: 1340.045 ms
