Hash Join  (cost=214939.84..262898.66 rows=598334 width=0) (actual time=4501.599..6335.531 rows=2319675 loops=1)
  Hash Cond: (mi_idx.movie_id = t.id)
  ->  Seq Scan on movie_info_idx mi_idx  (cost=0.00..21735.35 rows=1380035 width=4) (actual time=0.027..373.888 rows=1380035 loops=1)
  ->  Hash  (cost=196953.34..196953.34 rows=1096280 width=8) (actual time=4500.189..4500.189 rows=1274246 loops=1)
        Buckets: 131072 (originally 131072)  Batches: 32 (originally 16)  Memory Usage: 3073kB
        ->  Hash Join  (cost=102767.86..196953.34 rows=1096280 width=8) (actual time=1676.305..4123.264 rows=1274246 loops=1)
              Hash Cond: (mc.movie_id = t.id)
              ->  Seq Scan on movie_companies mc  (cost=0.00..57926.93 rows=1096280 width=4) (actual time=0.018..1019.624 rows=1274246 loops=1)
                    Filter: ((company_id < 84677) AND (company_type_id < 2))
                    Rows Removed by Filter: 1334883
              ->  Hash  (cost=61283.27..61283.27 rows=2528527 width=4) (actual time=1674.024..1674.024 rows=2528312 loops=1)
                    Buckets: 131072  Batches: 64  Memory Usage: 2415kB
                    ->  Seq Scan on title t  (cost=0.00..61283.27 rows=2528527 width=4) (actual time=0.016..871.325 rows=2528312 loops=1)
Planning time: 1.201 ms
Execution time: 6597.556 ms
