Nested Loop  (cost=0.43..58358.27 rows=51 width=0) (actual time=53.495..735.991 rows=350 loops=1)
  ->  Seq Scan on movie_companies mc  (cost=0.00..57926.93 rows=51 width=4) (actual time=53.410..725.877 rows=350 loops=1)
        Filter: ((company_id = 4360) AND (company_type_id = 1))
        Rows Removed by Filter: 2608779
  ->  Index Only Scan using title_pkey on title t  (cost=0.43..8.45 rows=1 width=4) (actual time=0.027..0.028 rows=1 loops=350)
        Index Cond: (id = mc.movie_id)
        Heap Fetches: 350
Planning time: 0.898 ms
Execution time: 736.174 ms
