Nested Loop  (cost=0.43..83072.90 rows=161 width=0) (actual time=37.672..1069.709 rows=142 loops=1)
  ->  Seq Scan on movie_keyword mk  (cost=0.00..81003.12 rows=246 width=4) (actual time=1.107..1056.166 rows=594 loops=1)
        Filter: (keyword_id = 5161)
        Rows Removed by Filter: 4523336
  ->  Index Scan using title_pkey on title t  (cost=0.43..8.40 rows=1 width=4) (actual time=0.022..0.022 rows=0 loops=594)
        Index Cond: (id = mk.movie_id)
        Filter: ((kind_id > 1) AND (production_year > 1957))
        Rows Removed by Filter: 1
Planning time: 0.736 ms
Execution time: 1069.866 ms
