Seq Scan on movie_companies mc  (cost=0.00..57926.93 rows=294069 width=0) (actual time=566.646..617.338 rows=5180 loops=1)
  Filter: ((company_id > 66173) AND (company_type_id < 2))
  Rows Removed by Filter: 2603949
Planning time: 0.344 ms
Execution time: 617.814 ms
