Hash Join  (cost=568768.15..1741572.45 rows=4674458 width=0) (actual time=9977.254..33684.330 rows=4256386 loops=1)
  Hash Cond: (ci.movie_id = t.id)
  ->  Seq Scan on cast_info ci  (cost=0.00..705507.15 rows=23499554 width=4) (actual time=0.016..12101.243 rows=23573656 loops=1)
        Filter: (role_id > 1)
        Rows Removed by Filter: 12670688
  ->  Hash  (cost=560516.06..560516.06 rows=502967 width=8) (actual time=9976.297..9976.297 rows=204857 loops=1)
        Buckets: 131072  Batches: 8  Memory Usage: 1995kB
        ->  Hash Join  (cost=75342.47..560516.06 rows=502967 width=8) (actual time=987.212..9908.262 rows=204857 loops=1)
              Hash Cond: (mi.movie_id = t.id)
              ->  Seq Scan on movie_info mi  (cost=0.00..309384.22 rows=14739122 width=4) (actual time=0.023..4070.029 rows=14835720 loops=1)
              ->  Hash  (cost=73925.90..73925.90 rows=86285 width=4) (actual time=986.331..986.331 rows=92628 loops=1)
                    Buckets: 131072  Batches: 2  Memory Usage: 2659kB
                    ->  Seq Scan on title t  (cost=0.00..73925.90 rows=86285 width=4) (actual time=0.027..950.958 rows=92628 loops=1)
                          Filter: ((kind_id = 7) AND (production_year = 2010))
                          Rows Removed by Filter: 2435684
Planning time: 1.216 ms
Execution time: 34098.919 ms
