Seq Scan on movie_companies mc  (cost=0.00..57926.93 rows=1089441 width=0) (actual time=0.026..948.686 rows=1274246 loops=1)
  Filter: ((company_id < 83021) AND (company_type_id < 2))
  Rows Removed by Filter: 1334883
Planning time: 0.340 ms
Execution time: 1113.652 ms
