Hash Join  (cost=142005.41..646162.11 rows=2282075 width=0) (actual time=2924.915..12939.227 rows=1633466 loops=1)
  Hash Cond: (mi.movie_id = t.id)
  ->  Seq Scan on movie_info mi  (cost=0.00..309384.22 rows=14739122 width=4) (actual time=0.013..4021.550 rows=14835720 loops=1)
  ->  Hash  (cost=135581.72..135581.72 rows=391495 width=8) (actual time=2376.133..2376.133 rows=209990 loops=1)
        Buckets: 131072  Batches: 8  Memory Usage: 2052kB
        ->  Hash Join  (cost=91673.71..135581.72 rows=391495 width=8) (actual time=1735.479..2334.819 rows=209990 loops=1)
              Hash Cond: (mi_idx.movie_id = t.id)
              ->  Seq Scan on movie_info_idx mi_idx  (cost=0.00..25185.44 rows=915101 width=4) (actual time=0.019..430.616 rows=919850 loops=1)
                    Filter: (info_type_id < 101)
                    Rows Removed by Filter: 460185
              ->  Hash  (cost=73925.90..73925.90 rows=1081744 width=4) (actual time=1377.950..1377.950 rows=1176905 loops=1)
                    Buckets: 131072  Batches: 16  Memory Usage: 3619kB
                    ->  Seq Scan on title t  (cost=0.00..73925.90 rows=1081744 width=4) (actual time=0.012..1027.697 rows=1176905 loops=1)
                          Filter: ((production_year > 1989) AND (kind_id = 7))
                          Rows Removed by Filter: 1351407
Planning time: 0.767 ms
Execution time: 13133.854 ms
