Hash Join  (cost=206033.09..746019.97 rows=4388925 width=0) (actual time=3281.360..16198.013 rows=6777060 loops=1)
  Hash Cond: (mi.movie_id = t.id)
  ->  Seq Scan on movie_info mi  (cost=0.00..346232.03 rows=12665229 width=4) (actual time=0.013..5554.514 rows=12744652 loops=1)
        Filter: (info_type_id > 2)
        Rows Removed by Filter: 2091068
  ->  Hash  (cost=191657.35..191657.35 rows=876219 width=8) (actual time=3280.440..3280.440 rows=557642 loops=1)
        Buckets: 131072  Batches: 16  Memory Usage: 2386kB
        ->  Hash Join  (cost=102767.86..191657.35 rows=876219 width=8) (actual time=1661.187..3154.031 rows=557642 loops=1)
              Hash Cond: (mc.movie_id = t.id)
              ->  Seq Scan on movie_companies mc  (cost=0.00..57926.93 rows=876219 width=4) (actual time=0.015..825.018 rows=557642 loops=1)
                    Filter: ((company_id < 21641) AND (company_type_id > 1))
                    Rows Removed by Filter: 2051487
              ->  Hash  (cost=61283.27..61283.27 rows=2528527 width=4) (actual time=1658.952..1658.952 rows=2528312 loops=1)
                    Buckets: 131072  Batches: 64  Memory Usage: 2415kB
                    ->  Seq Scan on title t  (cost=0.00..61283.27 rows=2528527 width=4) (actual time=0.016..790.273 rows=2528312 loops=1)
Planning time: 1.252 ms
Execution time: 16910.452 ms
