Hash Join  (cost=156649.15..269755.67 rows=415552 width=0) (actual time=2917.283..5672.672 rows=1765621 loops=1)
  Hash Cond: (mk.movie_id = t.id)
  ->  Seq Scan on movie_keyword mk  (cost=0.00..81003.12 rows=2259966 width=4) (actual time=0.023..1401.862 rows=2256999 loops=1)
        Filter: (keyword_id > 4735)
        Rows Removed by Filter: 2266931
  ->  Hash  (cost=149020.47..149020.47 rows=464934 width=8) (actual time=2916.406..2916.406 rows=460185 loops=1)
        Buckets: 131072  Batches: 8  Memory Usage: 3286kB
        ->  Hash Join  (cost=102767.86..149020.47 rows=464934 width=8) (actual time=1693.032..2780.594 rows=460185 loops=1)
              Hash Cond: (mi_idx.movie_id = t.id)
              ->  Seq Scan on movie_info_idx mi_idx  (cost=0.00..25185.44 rows=464934 width=4) (actual time=0.016..361.460 rows=460185 loops=1)
                    Filter: (info_type_id > 100)
                    Rows Removed by Filter: 919850
              ->  Hash  (cost=61283.27..61283.27 rows=2528527 width=4) (actual time=1691.401..1691.401 rows=2528312 loops=1)
                    Buckets: 131072  Batches: 64  Memory Usage: 2415kB
                    ->  Seq Scan on title t  (cost=0.00..61283.27 rows=2528527 width=4) (actual time=0.014..833.306 rows=2528312 loops=1)
Planning time: 1.445 ms
Execution time: 5851.223 ms
