Hash Join  (cost=274185.47..896193.08 rows=11600378 width=0) (actual time=6371.223..43977.766 rows=97053882 loops=1)
  Hash Cond: (mi.movie_id = t.id)
  ->  Seq Scan on movie_info mi  (cost=0.00..309384.22 rows=14739122 width=4) (actual time=0.013..6119.115 rows=14835720 loops=1)
  ->  Hash  (cost=241535.60..241535.60 rows=1990069 width=8) (actual time=6369.791..6369.791 rows=1995968 loops=1)
        Buckets: 131072  Batches: 32  Memory Usage: 3524kB
        ->  Hash Join  (cost=102767.86..241535.60 rows=1990069 width=8) (actual time=1970.139..5468.320 rows=1995968 loops=1)
              Hash Cond: (mk.movie_id = t.id)
              ->  Seq Scan on movie_keyword mk  (cost=0.00..81003.12 rows=1990069 width=4) (actual time=0.020..1548.706 rows=1995968 loops=1)
                    Filter: (keyword_id < 3529)
                    Rows Removed by Filter: 2527962
              ->  Hash  (cost=61283.27..61283.27 rows=2528527 width=4) (actual time=1968.935..1968.935 rows=2528312 loops=1)
                    Buckets: 131072  Batches: 64  Memory Usage: 2425kB
                    ->  Seq Scan on title t  (cost=0.00..61283.27 rows=2528527 width=4) (actual time=0.014..1119.897 rows=2528312 loops=1)
Planning time: 0.775 ms
Execution time: 55395.994 ms
