Hash Join  (cost=165298.14..920971.73 rows=488442 width=0) (actual time=2788.648..19342.070 rows=975627 loops=1)
  Hash Cond: (ci.movie_id = t.id)
  ->  Seq Scan on cast_info ci  (cost=0.00..614943.12 rows=36225612 width=4) (actual time=0.021..6817.095 rows=36244344 loops=1)
  ->  Hash  (cost=164871.98..164871.98 rows=34093 width=8) (actual time=2788.113..2788.113 rows=36136 loops=1)
        Buckets: 65536  Batches: 1  Memory Usage: 1924kB
        ->  Hash Join  (cost=102767.86..164871.98 rows=34093 width=8) (actual time=1752.388..2774.393 rows=36136 loops=1)
              Hash Cond: (mc.movie_id = t.id)
              ->  Seq Scan on movie_companies mc  (cost=0.00..51404.11 rows=34093 width=4) (actual time=0.840..685.824 rows=36136 loops=1)
                    Filter: (company_id = 160)
                    Rows Removed by Filter: 2572993
              ->  Hash  (cost=61283.27..61283.27 rows=2528527 width=4) (actual time=1681.332..1681.332 rows=2528312 loops=1)
                    Buckets: 131072  Batches: 64  Memory Usage: 2415kB
                    ->  Seq Scan on title t  (cost=0.00..61283.27 rows=2528527 width=4) (actual time=0.012..830.878 rows=2528312 loops=1)
Planning time: 1.224 ms
Execution time: 19475.463 ms
