Hash Join  (cost=793663.84..881240.23 rows=91836 width=0) (actual time=10829.401..12611.787 rows=764425 loops=1)
  Hash Cond: (mk.movie_id = t.id)
  ->  Seq Scan on movie_keyword mk  (cost=0.00..69693.30 rows=4523930 width=4) (actual time=0.017..769.748 rows=4523930 loops=1)
  ->  Hash  (cost=793022.22..793022.22 rows=51329 width=8) (actual time=10824.029..10824.029 rows=58595 loops=1)
        Buckets: 65536  Batches: 1  Memory Usage: 2801kB
        ->  Hash Join  (cost=82033.88..793022.22 rows=51329 width=8) (actual time=4624.377..10802.373 rows=58595 loops=1)
              Hash Cond: (ci.movie_id = t.id)
              ->  Seq Scan on cast_info ci  (cost=0.00..705507.15 rows=262641 width=4) (actual time=1382.885..9201.418 rows=220462 loops=1)
                    Filter: (person_id < 25824)
                    Rows Removed by Filter: 36023882
              ->  Hash  (cost=73925.90..73925.90 rows=494158 width=4) (actual time=1377.946..1377.946 rows=581419 loops=1)
                    Buckets: 131072  Batches: 8  Memory Usage: 3592kB
                    ->  Seq Scan on title t  (cost=0.00..73925.90 rows=494158 width=4) (actual time=0.038..937.904 rows=581419 loops=1)
                          Filter: ((kind_id < 7) AND (production_year < 2004))
                          Rows Removed by Filter: 1946893
Planning time: 1.199 ms
Execution time: 12704.243 ms
