Hash Join  (cost=180257.54..286700.63 rows=591574 width=0) (actual time=3729.696..6512.039 rows=2310721 loops=1)
  Hash Cond: (mk.movie_id = t.id)
  ->  Seq Scan on movie_keyword mk  (cost=0.00..81003.12 rows=1299528 width=4) (actual time=0.016..1234.238 rows=1314934 loops=1)
        Filter: (keyword_id > 13338)
        Rows Removed by Filter: 3208996
  ->  Hash  (cost=161372.52..161372.52 rows=1151041 width=8) (actual time=3728.382..3728.382 rows=1170442 loops=1)
        Buckets: 131072  Batches: 16  Memory Usage: 3905kB
        ->  Hash Join  (cost=102205.59..161372.52 rows=1151041 width=8) (actual time=1738.499..3410.357 rows=1170442 loops=1)
              Hash Cond: (mi_idx.movie_id = t.id)
              ->  Seq Scan on movie_info_idx mi_idx  (cost=0.00..21735.35 rows=1380035 width=4) (actual time=0.019..366.384 rows=1380035 loops=1)
              ->  Hash  (cost=67604.59..67604.59 rows=2108960 width=4) (actual time=1737.201..1737.201 rows=2104137 loops=1)
                    Buckets: 131072  Batches: 32  Memory Usage: 3341kB
                    ->  Seq Scan on title t  (cost=0.00..67604.59 rows=2108960 width=4) (actual time=0.019..1083.936 rows=2104137 loops=1)
                          Filter: (production_year > 1968)
                          Rows Removed by Filter: 424175
Planning time: 1.188 ms
Execution time: 6772.139 ms
