Hash Join  (cost=478288.60..517359.24 rows=156974 width=0) (actual time=8409.103..9682.870 rows=849126 loops=1)
  Hash Cond: (mi_idx.movie_id = t.id)
  ->  Seq Scan on movie_info_idx mi_idx  (cost=0.00..25185.44 rows=919057 width=4) (actual time=0.026..561.376 rows=920110 loops=1)
        Filter: (info_type_id > 99)
        Rows Removed by Filter: 459925
  ->  Hash  (cost=471203.23..471203.23 rows=431870 width=8) (actual time=8408.199..8408.199 rows=522609 loops=1)
        Buckets: 131072  Batches: 8  Memory Usage: 3577kB
        ->  Hash Join  (cost=105565.72..471203.23 rows=431870 width=8) (actual time=5349.513..8279.397 rows=522609 loops=1)
              Hash Cond: (mi.movie_id = t.id)
              ->  Seq Scan on movie_info mi  (cost=0.00..346232.03 rows=471955 width=4) (actual time=3205.358..5205.899 rows=543367 loops=1)
                    Filter: (info_type_id > 98)
                    Rows Removed by Filter: 14292353
              ->  Hash  (cost=67604.59..67604.59 rows=2313771 width=4) (actual time=2110.539..2110.539 rows=2308498 loops=1)
                    Buckets: 131072  Batches: 32  Memory Usage: 3573kB
                    ->  Seq Scan on title t  (cost=0.00..67604.59 rows=2313771 width=4) (actual time=0.038..1363.691 rows=2308498 loops=1)
                          Filter: (production_year > 1942)
                          Rows Removed by Filter: 219814
Planning time: 1.155 ms
Execution time: 9790.721 ms
