Seq Scan on cast_info ci  (cost=0.00..705507.15 rows=14894963 width=0) (actual time=0.028..9669.758 rows=14796615 loops=1)
  Filter: (person_id < 1459249)
  Rows Removed by Filter: 21447729
Planning time: 0.326 ms
Execution time: 11465.855 ms
