Hash Join  (cost=428507.25..1172156.62 rows=263659 width=0) (actual time=12324.391..19316.997 rows=355366 loops=1)
  Hash Cond: (ci.movie_id = t.id)
  ->  Seq Scan on cast_info ci  (cost=0.00..705507.15 rows=9468168 width=4) (actual time=7132.549..10911.709 rows=9384703 loops=1)
        Filter: (role_id > 4)
        Rows Removed by Filter: 26859641
  ->  Hash  (cost=427627.10..427627.10 rows=70412 width=8) (actual time=5190.801..5190.801 rows=82647 loops=1)
        Buckets: 131072 (originally 131072)  Batches: 2 (originally 1)  Memory Usage: 3073kB
        ->  Hash Join  (cost=72085.10..427627.10 rows=70412 width=8) (actual time=2793.521..5158.302 rows=82647 loops=1)
              Hash Cond: (mi.movie_id = t.id)
              ->  Seq Scan on movie_info mi  (cost=0.00..346232.03 rows=651960 width=4) (actual time=2070.470..4092.341 rows=660923 loops=1)
                    Filter: (info_type_id = 18)
                    Rows Removed by Filter: 14174797
              ->  Hash  (cost=67604.59..67604.59 rows=273081 width=4) (actual time=722.242..722.242 rows=273902 loops=1)
                    Buckets: 131072  Batches: 4  Memory Usage: 3434kB
                    ->  Seq Scan on title t  (cost=0.00..67604.59 rows=273081 width=4) (actual time=0.026..636.061 rows=273902 loops=1)
                          Filter: (production_year < 1963)
                          Rows Removed by Filter: 2254410
Planning time: 1.142 ms
Execution time: 19362.288 ms
