Hash Join  (cost=304276.38..1275364.60 rows=7124460 width=0) (actual time=7976.574..24915.047 rows=7978998 loops=1)
  Hash Cond: (ci.movie_id = t.id)
  ->  Seq Scan on cast_info ci  (cost=0.00..796071.18 rows=6623751 width=4) (actual time=1398.774..13006.968 rows=7451102 loops=1)
        Filter: ((person_id > 312328) AND (role_id = 2))
        Rows Removed by Filter: 28793242
  ->  Hash  (cost=259656.55..259656.55 rows=2719666 width=8) (actual time=6576.404..6576.404 rows=1486502 loops=1)
        Buckets: 131072  Batches: 64  Memory Usage: 1903kB
        ->  Hash Join  (cost=98864.94..259656.55 rows=2719666 width=8) (actual time=2186.936..5510.559 rows=1486502 loops=1)
              Hash Cond: (mk.movie_id = t.id)
              ->  Seq Scan on movie_keyword mk  (cost=0.00..69693.30 rows=4523930 width=4) (actual time=0.028..959.103 rows=4523930 loops=1)
              ->  Hash  (cost=73925.90..73925.90 rows=1520083 width=4) (actual time=2186.052..2186.052 rows=1507233 loops=1)
                    Buckets: 131072  Batches: 32  Memory Usage: 2686kB
                    ->  Seq Scan on title t  (cost=0.00..73925.90 rows=1520083 width=4) (actual time=0.017..961.339 rows=1507233 loops=1)
                          Filter: ((kind_id > 1) AND (production_year < 2011))
                          Rows Removed by Filter: 1021079
Planning time: 1.198 ms
Execution time: 25844.869 ms
