Seq Scan on cast_info ci  (cost=0.00..705507.15 rows=4082794 width=0) (actual time=0.030..8916.789 rows=4123292 loops=1)
  Filter: (person_id > 3302386)
  Rows Removed by Filter: 32121052
Planning time: 0.345 ms
Execution time: 9446.922 ms
