Hash Join  (cost=74009.26..128743.59 rows=6881 width=0) (actual time=858.468..1840.532 rows=6707 loops=1)
  Hash Cond: (mc.movie_id = t.id)
  ->  Seq Scan on movie_companies mc  (cost=0.00..44881.29 rows=2609129 width=4) (actual time=0.017..481.807 rows=2609129 loops=1)
  ->  Hash  (cost=73925.90..73925.90 rows=6668 width=4) (actual time=858.299..858.299 rows=3242 loops=1)
        Buckets: 8192  Batches: 1  Memory Usage: 178kB
        ->  Seq Scan on title t  (cost=0.00..73925.90 rows=6668 width=4) (actual time=0.107..856.740 rows=3242 loops=1)
              Filter: ((kind_id = 3) AND (production_year = 2012))
              Rows Removed by Filter: 2525070
Planning time: 0.673 ms
Execution time: 1841.838 ms
