Hash Join  (cost=83074.74..470999.45 rows=1081 width=0) (actual time=873.311..7024.766 rows=659 loops=1)
  Hash Cond: (mi.movie_id = t.id)
  ->  Seq Scan on movie_info mi  (cost=0.00..346232.03 rows=11115165 width=4) (actual time=0.015..4747.217 rows=11210743 loops=1)
        Filter: (info_type_id > 3)
        Rows Removed by Filter: 3624977
  ->  Hash  (cost=83071.67..83071.67 rows=246 width=8) (actual time=701.885..701.885 rows=137 loops=1)
        Buckets: 1024  Batches: 1  Memory Usage: 14kB
        ->  Nested Loop  (cost=0.43..83071.67 rows=246 width=8) (actual time=129.525..701.806 rows=137 loops=1)
              ->  Seq Scan on movie_keyword mk  (cost=0.00..81003.12 rows=246 width=4) (actual time=129.438..699.217 rows=137 loops=1)
                    Filter: (keyword_id = 75713)
                    Rows Removed by Filter: 4523793
              ->  Index Only Scan using title_pkey on title t  (cost=0.43..8.40 rows=1 width=4) (actual time=0.017..0.018 rows=1 loops=137)
                    Index Cond: (id = mk.movie_id)
                    Heap Fetches: 137
Planning time: 1.356 ms
Execution time: 7025.098 ms
