Hash Join  (cost=263115.61..1077752.85 rows=4187234 width=0) (actual time=8067.243..22894.973 rows=13252393 loops=1)
  Hash Cond: (ci.movie_id = t.id)
  ->  Seq Scan on cast_info ci  (cost=0.00..705507.15 rows=4057881 width=4) (actual time=2220.712..9927.404 rows=4093583 loops=1)
        Filter: (person_id > 3306738)
        Rows Removed by Filter: 32150761
  ->  Hash  (cost=220309.49..220309.49 rows=2609129 width=8) (actual time=5845.010..5845.010 rows=2609129 loops=1)
        Buckets: 131072  Batches: 64  Memory Usage: 2610kB
        ->  Hash Join  (cost=102767.86..220309.49 rows=2609129 width=8) (actual time=1874.886..5160.699 rows=2609129 loops=1)
              Hash Cond: (mc.movie_id = t.id)
              ->  Seq Scan on movie_companies mc  (cost=0.00..44881.29 rows=2609129 width=4) (actual time=0.032..880.061 rows=2609129 loops=1)
              ->  Hash  (cost=61283.27..61283.27 rows=2528527 width=4) (actual time=1872.997..1872.997 rows=2528312 loops=1)
                    Buckets: 131072  Batches: 64  Memory Usage: 2415kB
                    ->  Seq Scan on title t  (cost=0.00..61283.27 rows=2528527 width=4) (actual time=0.021..1019.027 rows=2528312 loops=1)
Planning time: 1.134 ms
Execution time: 24340.404 ms
