Hash Join  (cost=102767.86..183660.29 rows=543846 width=0) (actual time=1575.070..3010.917 rows=260710 loops=1)
  Hash Cond: (mc.movie_id = t.id)
  ->  Seq Scan on movie_companies mc  (cost=0.00..57926.93 rows=543846 width=4) (actual time=0.031..786.625 rows=260710 loops=1)
        Filter: ((company_id > 13734) AND (company_type_id < 2))
        Rows Removed by Filter: 2348419
  ->  Hash  (cost=61283.27..61283.27 rows=2528527 width=4) (actual time=1573.568..1573.568 rows=2528312 loops=1)
        Buckets: 131072  Batches: 64  Memory Usage: 2415kB
        ->  Seq Scan on title t  (cost=0.00..61283.27 rows=2528527 width=4) (actual time=0.027..750.255 rows=2528312 loops=1)
Planning time: 0.732 ms
Execution time: 3044.596 ms
