Seq Scan on movie_companies mc  (cost=0.00..57926.93 rows=1213050 width=0) (actual time=0.018..921.073 rows=1282947 loops=1)
  Filter: ((company_id > 82) AND (company_type_id = 2))
  Rows Removed by Filter: 1326182
Planning time: 0.268 ms
Execution time: 1083.999 ms
