Hash Join  (cost=195660.81..705437.83 rows=2808808 width=0) (actual time=4394.200..30175.155 rows=54539691 loops=1)
  Hash Cond: (mi.movie_id = t.id)
  ->  Seq Scan on movie_info mi  (cost=0.00..309384.22 rows=14739122 width=4) (actual time=0.023..4329.330 rows=14835720 loops=1)
  ->  Hash  (cost=187754.60..187754.60 rows=481857 width=8) (actual time=4392.722..4392.722 rows=1094057 loops=1)
        Buckets: 131072 (originally 131072)  Batches: 16 (originally 8)  Memory Usage: 3811kB
        ->  Hash Join  (cost=83810.17..187754.60 rows=481857 width=8) (actual time=1901.328..4088.376 rows=1094057 loops=1)
              Hash Cond: (mk.movie_id = t.id)
              ->  Seq Scan on movie_keyword mk  (cost=0.00..81003.12 rows=1233527 width=4) (actual time=0.021..1194.533 rows=1246943 loops=1)
                    Filter: (keyword_id < 1586)
                    Rows Removed by Filter: 3276987
              ->  Hash  (cost=67604.59..67604.59 rows=987727 width=4) (actual time=1900.234..1900.234 rows=985048 loops=1)
                    Buckets: 131072  Batches: 16  Memory Usage: 3197kB
                    ->  Seq Scan on title t  (cost=0.00..67604.59 rows=987727 width=4) (actual time=0.019..910.616 rows=985048 loops=1)
                          Filter: (kind_id < 7)
                          Rows Removed by Filter: 1543264
Planning time: 1.236 ms
Execution time: 36663.345 ms
