Hash Join  (cost=188515.84..267627.52 rows=294617 width=0) (actual time=3455.682..6435.451 rows=5909188 loops=1)
  Hash Cond: (mc.movie_id = t.id)
  ->  Seq Scan on movie_companies mc  (cost=0.00..44881.29 rows=2609129 width=4) (actual time=0.029..711.018 rows=2609129 loops=1)
  ->  Hash  (cost=183830.90..183830.90 rows=285515 width=8) (actual time=3454.659..3454.659 rows=815425 loops=1)
        Buckets: 131072 (originally 131072)  Batches: 16 (originally 4)  Memory Usage: 3073kB
        ->  Hash Join  (cost=84618.84..183830.90 rows=285515 width=8) (actual time=1184.704..3215.344 rows=815425 loops=1)
              Hash Cond: (mk.movie_id = t.id)
              ->  Seq Scan on movie_keyword mk  (cost=0.00..81003.12 rows=1107676 width=4) (actual time=0.013..1179.466 rows=1116347 loops=1)
                    Filter: (keyword_id < 1165)
                    Rows Removed by Filter: 3407583
              ->  Hash  (cost=73925.90..73925.90 rows=651755 width=4) (actual time=1183.939..1183.939 rows=711179 loops=1)
                    Buckets: 131072  Batches: 16  Memory Usage: 2598kB
                    ->  Seq Scan on title t  (cost=0.00..73925.90 rows=651755 width=4) (actual time=0.021..953.012 rows=711179 loops=1)
                          Filter: ((kind_id < 7) AND (production_year < 2008))
                          Rows Removed by Filter: 1817133
Planning time: 1.157 ms
Execution time: 6981.888 ms
