Seq Scan on title t  (cost=0.00..73925.90 rows=54653 width=0) (actual time=434.402..925.669 rows=69619 loops=1)
  Filter: ((production_year < 2005) AND (kind_id = 3))
  Rows Removed by Filter: 2458693
Planning time: 0.335 ms
Execution time: 935.104 ms
