Hash Join  (cost=73982.55..128130.24 rows=1305 width=0) (actual time=943.268..1783.933 rows=2541 loops=1)
  Hash Cond: (mc.movie_id = t.id)
  ->  Seq Scan on movie_companies mc  (cost=0.00..51404.11 rows=728138 width=4) (actual time=0.028..707.943 rows=732741 loops=1)
        Filter: (company_id > 40144)
        Rows Removed by Filter: 1876388
  ->  Hash  (cost=73925.90..73925.90 rows=4532 width=4) (actual time=940.970..940.970 rows=8818 loops=1)
        Buckets: 16384 (originally 8192)  Batches: 1 (originally 1)  Memory Usage: 439kB
        ->  Seq Scan on title t  (cost=0.00..73925.90 rows=4532 width=4) (actual time=124.765..936.813 rows=8818 loops=1)
              Filter: ((kind_id = 7) AND (production_year = 1967))
              Rows Removed by Filter: 2519494
Planning time: 0.770 ms
Execution time: 1784.439 ms
