Hash Join  (cost=923812.51..1059067.01 rows=1087746 width=0) (actual time=13808.972..16441.987 rows=220259 loops=1)
  Hash Cond: (mk.movie_id = t.id)
  ->  Seq Scan on movie_keyword mk  (cost=0.00..69693.30 rows=4523930 width=4) (actual time=0.015..1037.634 rows=4523930 loops=1)
  ->  Hash  (cost=913837.94..913837.94 rows=607966 width=8) (actual time=13805.567..13805.567 rows=203451 loops=1)
        Buckets: 131072  Batches: 8  Memory Usage: 2020kB
        ->  Hash Join  (cost=92883.59..913837.94 rows=607966 width=8) (actual time=8137.232..13744.731 rows=203451 loops=1)
              Hash Cond: (ci.movie_id = t.id)
              ->  Seq Scan on cast_info ci  (cost=0.00..796071.18 rows=997702 width=4) (actual time=6679.175..11762.973 rows=521583 loops=1)
                    Filter: ((person_id < 3194052) AND (role_id = 9))
                    Rows Removed by Filter: 35722761
              ->  Hash  (cost=67604.59..67604.59 rows=1540800 width=4) (actual time=1456.323..1456.323 rows=1543264 loops=1)
                    Buckets: 131072  Batches: 32  Memory Usage: 2722kB
                    ->  Seq Scan on title t  (cost=0.00..67604.59 rows=1540800 width=4) (actual time=0.032..964.417 rows=1543264 loops=1)
                          Filter: (kind_id = 7)
                          Rows Removed by Filter: 985048
Planning time: 1.217 ms
Execution time: 16463.616 ms
