Hash Join  (cost=77362.44..828306.62 rows=15502 width=0) (actual time=728.481..14531.018 rows=107555 loops=1)
  Hash Cond: (ci.movie_id = t.id)
  ->  Seq Scan on cast_info ci  (cost=0.00..614943.12 rows=36225612 width=4) (actual time=0.012..6185.867 rows=36244344 loops=1)
  ->  Hash  (cost=77348.91..77348.91 rows=1082 width=8) (actual time=727.953..727.953 rows=3370 loops=1)
        Buckets: 4096 (originally 2048)  Batches: 1 (originally 1)  Memory Usage: 164kB
        ->  Nested Loop  (cost=0.43..77348.91 rows=1082 width=8) (actual time=255.869..726.347 rows=3370 loops=1)
              ->  Seq Scan on movie_companies mc  (cost=0.00..51404.11 rows=3392 width=4) (actual time=255.833..683.728 rows=3417 loops=1)
                    Filter: (company_id = 483)
                    Rows Removed by Filter: 2605712
              ->  Index Scan using title_pkey on title t  (cost=0.43..7.64 rows=1 width=4) (actual time=0.012..0.012 rows=1 loops=3417)
                    Index Cond: (id = mc.movie_id)
                    Filter: ((kind_id < 7) AND (production_year < 2011))
                    Rows Removed by Filter: 0
Planning time: 1.211 ms
Execution time: 14548.488 ms
