Hash Join  (cost=159983.22..912906.93 rows=213456 width=0) (actual time=2377.137..15823.110 rows=98421 loops=1)
  Hash Cond: (ci.movie_id = t.id)
  ->  Seq Scan on cast_info ci  (cost=0.00..614943.12 rows=36225612 width=4) (actual time=0.022..6163.421 rows=36244344 loops=1)
  ->  Hash  (cost=159796.98..159796.98 rows=14899 width=8) (actual time=2375.714..2375.714 rows=4864 loops=1)
        Buckets: 16384  Batches: 1  Memory Usage: 318kB
        ->  Hash Join  (cost=75818.69..159796.98 rows=14899 width=8) (actual time=1067.872..2373.493 rows=4864 loops=1)
              Hash Cond: (mk.movie_id = t.id)
              ->  Seq Scan on movie_keyword mk  (cost=0.00..81003.12 rows=75248 width=4) (actual time=0.067..958.522 rows=72496 loops=1)
                    Filter: (keyword_id = 335)
                    Rows Removed by Filter: 4451434
              ->  Hash  (cost=67604.59..67604.59 rows=500648 width=4) (actual time=1066.622..1066.622 rows=494029 loops=1)
                    Buckets: 131072  Batches: 8  Memory Usage: 3195kB
                    ->  Seq Scan on title t  (cost=0.00..67604.59 rows=500648 width=4) (actual time=0.017..911.083 rows=494029 loops=1)
                          Filter: (production_year < 1979)
                          Rows Removed by Filter: 2034283
Planning time: 1.235 ms
Execution time: 15841.606 ms
