Seq Scan on movie_companies mc  (cost=0.00..57926.93 rows=1314909 width=0) (actual time=0.022..902.445 rows=1307379 loops=1)
  Filter: ((company_id < 209838) AND (company_type_id = 2))
  Rows Removed by Filter: 1301750
Planning time: 0.362 ms
Execution time: 1066.939 ms
