Hash Join  (cost=142579.73..229938.06 rows=70029 width=0) (actual time=2261.437..3808.618 rows=71267 loops=1)
  Hash Cond: (mk.movie_id = t.id)
  ->  Seq Scan on movie_keyword mk  (cost=0.00..69693.30 rows=4523930 width=4) (actual time=0.020..745.463 rows=4523930 loops=1)
  ->  Hash  (cost=142090.47..142090.47 rows=39141 width=8) (actual time=2187.887..2187.887 rows=13794 loops=1)
        Buckets: 65536  Batches: 1  Memory Usage: 1051kB
        ->  Hash Join  (cost=75195.76..142090.47 rows=39141 width=8) (actual time=1458.404..2182.383 rows=13794 loops=1)
              Hash Cond: (mc.movie_id = t.id)
              ->  Seq Scan on movie_companies mc  (cost=0.00..51404.11 rows=1279517 width=4) (actual time=0.030..800.253 rows=1274246 loops=1)
                    Filter: (company_type_id = 1)
                    Rows Removed by Filter: 1334883
              ->  Hash  (cost=73925.90..73925.90 rows=77348 width=4) (actual time=919.747..919.747 rows=84109 loops=1)
                    Buckets: 131072  Batches: 2  Memory Usage: 2509kB
                    ->  Seq Scan on title t  (cost=0.00..73925.90 rows=77348 width=4) (actual time=0.025..889.480 rows=84109 loops=1)
                          Filter: ((kind_id = 7) AND (production_year = 2008))
                          Rows Removed by Filter: 2444203
Planning time: 1.128 ms
Execution time: 3818.572 ms
