Seq Scan on movie_keyword mk  (cost=0.00..81003.12 rows=2229847 width=0) (actual time=0.026..1175.521 rows=2223316 loops=1)
  Filter: (keyword_id < 4555)
  Rows Removed by Filter: 2300614
Planning time: 0.314 ms
Execution time: 1453.393 ms
