Seq Scan on cast_info ci  (cost=0.00..705507.15 rows=500 width=0) (actual time=464.597..8348.884 rows=29 loops=1)
  Filter: (person_id = 1655953)
  Rows Removed by Filter: 36244315
Planning time: 0.356 ms
Execution time: 8348.994 ms
