Seq Scan on movie_companies mc  (cost=0.00..57926.93 rows=53 width=0) (actual time=6.986..650.257 rows=50 loops=1)
  Filter: ((company_id = 425) AND (company_type_id = 2))
  Rows Removed by Filter: 2609079
Planning time: 0.358 ms
Execution time: 650.354 ms
