Seq Scan on movie_companies mc  (cost=0.00..57926.93 rows=842346 width=0) (actual time=52.064..843.904 rows=1053042 loops=1)
  Filter: ((company_id > 3827) AND (company_type_id = 2))
  Rows Removed by Filter: 1556087
Planning time: 0.378 ms
Execution time: 965.646 ms
