Seq Scan on movie_keyword mk  (cost=0.00..81003.12 rows=706329 width=0) (actual time=0.020..987.682 rows=712450 loops=1)
  Filter: (keyword_id > 26498)
  Rows Removed by Filter: 3811480
Planning time: 0.323 ms
Execution time: 1073.426 ms
