Hash Join  (cost=69283.60..190035.12 rows=133053 width=0) (actual time=954.365..2817.624 rows=191161 loops=1)
  Hash Cond: (mk.movie_id = t.id)
  ->  Seq Scan on movie_keyword mk  (cost=0.00..81003.12 rows=3287965 width=4) (actual time=0.053..1127.408 rows=3275218 loops=1)
        Filter: (keyword_id < 14459)
        Rows Removed by Filter: 1248712
  ->  Hash  (cost=67604.59..67604.59 rows=102321 width=4) (actual time=790.620..790.620 rows=100537 loops=1)
        Buckets: 131072  Batches: 2  Memory Usage: 2803kB
        ->  Seq Scan on title t  (cost=0.00..67604.59 rows=102321 width=4) (actual time=0.021..754.863 rows=100537 loops=1)
              Filter: (kind_id = 3)
              Rows Removed by Filter: 2427775
Planning time: 0.733 ms
Execution time: 2839.978 ms
