Seq Scan on movie_companies mc  (cost=0.00..57926.93 rows=735576 width=0) (actual time=115.467..806.095 rows=520643 loops=1)
  Filter: ((company_id > 7608) AND (company_type_id < 2))
  Rows Removed by Filter: 2088486
Planning time: 0.326 ms
Execution time: 872.944 ms
