Seq Scan on movie_keyword mk  (cost=0.00..81003.12 rows=2238593 width=0) (actual time=0.022..1241.358 rows=2232275 loops=1)
  Filter: (keyword_id < 4593)
  Rows Removed by Filter: 2291655
Planning time: 0.322 ms
Execution time: 1536.570 ms
