Hash Join  (cost=163420.75..290332.97 rows=403018 width=0) (actual time=2446.265..6751.643 rows=8567925 loops=1)
  Hash Cond: (mk.movie_id = t.id)
  ->  Seq Scan on movie_keyword mk  (cost=0.00..69693.30 rows=4523930 width=4) (actual time=0.023..1032.374 rows=4523930 loops=1)
  ->  Hash  (cost=159725.05..159725.05 rows=225256 width=8) (actual time=2445.351..2445.351 rows=314495 loops=1)
        Buckets: 131072 (originally 131072)  Batches: 8 (originally 4)  Memory Usage: 3073kB
        ->  Hash Join  (cost=88716.22..159725.05 rows=225256 width=8) (actual time=1366.574..2353.617 rows=314495 loops=1)
              Hash Cond: (mc.movie_id = t.id)
              ->  Seq Scan on movie_companies mc  (cost=0.00..57926.93 rows=631823 width=4) (actual time=141.791..735.293 rows=391363 loops=1)
                    Filter: ((company_id > 11339) AND (company_type_id = 1))
                    Rows Removed by Filter: 2217766
              ->  Hash  (cost=73925.90..73925.90 rows=901465 width=4) (actual time=1223.608..1223.608 rows=822656 loops=1)
                    Buckets: 131072  Batches: 16  Memory Usage: 2832kB
                    ->  Seq Scan on title t  (cost=0.00..73925.90 rows=901465 width=4) (actual time=0.023..965.581 rows=822656 loops=1)
                          Filter: ((kind_id < 7) AND (production_year > 1946))
                          Rows Removed by Filter: 1705656
Planning time: 1.553 ms
Execution time: 7574.566 ms
