Nested Loop  (cost=0.43..69882.32 rows=2348 width=0) (actual time=0.206..685.571 rows=2008 loops=1)
  ->  Seq Scan on movie_companies mc  (cost=0.00..51404.11 rows=2348 width=4) (actual time=0.128..648.803 rows=2008 loops=1)
        Filter: (company_id = 11245)
        Rows Removed by Filter: 2607121
  ->  Index Only Scan using title_pkey on title t  (cost=0.43..7.86 rows=1 width=4) (actual time=0.017..0.018 rows=1 loops=2008)
        Index Cond: (id = mc.movie_id)
        Heap Fetches: 2008
Planning time: 0.726 ms
Execution time: 686.150 ms
