Hash Join  (cost=106294.66..169156.33 rows=7306 width=0) (actual time=1557.162..2702.733 rows=14259 loops=1)
  Hash Cond: (mc.movie_id = t.id)
  ->  Seq Scan on movie_companies mc  (cost=0.00..57926.93 rows=1296446 width=4) (actual time=0.031..910.003 rows=1327562 loops=1)
        Filter: ((company_id > 6) AND (company_type_id = 2))
        Rows Removed by Filter: 1281567
  ->  Hash  (cost=106116.55..106116.55 rows=14249 width=8) (actual time=1556.737..1556.737 rows=13024 loops=1)
        Buckets: 16384  Batches: 1  Memory Usage: 637kB
        ->  Hash Join  (cost=75227.65..106116.55 rows=14249 width=8) (actual time=968.056..1551.663 rows=13024 loops=1)
              Hash Cond: (mi_idx.movie_id = t.id)
              ->  Seq Scan on movie_info_idx mi_idx  (cost=0.00..25185.44 rows=454124 width=4) (actual time=0.017..397.209 rows=459925 loops=1)
                    Filter: (info_type_id = 100)
                    Rows Removed by Filter: 920110
              ->  Hash  (cost=73925.90..73925.90 rows=79340 width=4) (actual time=967.271..967.271 rows=92312 loops=1)
                    Buckets: 131072  Batches: 2  Memory Usage: 2648kB
                    ->  Seq Scan on title t  (cost=0.00..73925.90 rows=79340 width=4) (actual time=0.016..929.696 rows=92312 loops=1)
                          Filter: ((kind_id > 1) AND (production_year = 2006))
                          Rows Removed by Filter: 2436000
Planning time: 1.136 ms
Execution time: 2705.025 ms
