Seq Scan on cast_info ci  (cost=0.00..705507.15 rows=500 width=0) (actual time=677.244..8351.230 rows=36 loops=1)
  Filter: (person_id = 1765345)
  Rows Removed by Filter: 36244308
Planning time: 0.278 ms
Execution time: 8351.320 ms
