Hash Join  (cost=212317.24..608866.54 rows=661143 width=0) (actual time=5091.771..10137.155 rows=1861096 loops=1)
  Hash Cond: (mi.movie_id = t.id)
  ->  Seq Scan on movie_info mi  (cost=0.00..346232.03 rows=3623957 width=4) (actual time=1443.463..4328.748 rows=3624977 loops=1)
        Filter: (info_type_id < 4)
        Rows Removed by Filter: 11210743
  ->  Hash  (cost=204749.04..204749.04 rows=461296 width=8) (actual time=3563.917..3563.917 rows=457902 loops=1)
        Buckets: 131072  Batches: 8  Memory Usage: 3342kB
        ->  Hash Join  (cost=102767.86..204749.04 rows=461296 width=8) (actual time=1633.670..3438.817 rows=457902 loops=1)
              Hash Cond: (mk.movie_id = t.id)
              ->  Seq Scan on movie_keyword mk  (cost=0.00..81003.12 rows=461296 width=4) (actual time=0.028..1103.482 rows=457902 loops=1)
                    Filter: (keyword_id > 38744)
                    Rows Removed by Filter: 4066028
              ->  Hash  (cost=61283.27..61283.27 rows=2528527 width=4) (actual time=1632.124..1632.124 rows=2528312 loops=1)
                    Buckets: 131072  Batches: 64  Memory Usage: 2425kB
                    ->  Seq Scan on title t  (cost=0.00..61283.27 rows=2528527 width=4) (actual time=0.022..772.035 rows=2528312 loops=1)
Planning time: 1.123 ms
Execution time: 10368.871 ms
