Hash Join  (cost=176304.94..747838.39 rows=5998838 width=0) (actual time=3768.057..18747.097 rows=15171659 loops=1)
  Hash Cond: (mi.movie_id = t.id)
  ->  Seq Scan on movie_info mi  (cost=0.00..346232.03 rows=13929354 width=4) (actual time=0.016..5070.526 rows=14033580 loops=1)
        Filter: (info_type_id > 1)
        Rows Removed by Filter: 802140
  ->  Hash  (cost=158439.20..158439.20 rows=1088939 width=8) (actual time=3767.060..3767.060 rows=1094400 loops=1)
        Buckets: 131072  Batches: 16  Memory Usage: 3722kB
        ->  Hash Join  (cost=100338.29..158439.20 rows=1088939 width=8) (actual time=1700.385..3423.265 rows=1094400 loops=1)
              Hash Cond: (mi_idx.movie_id = t.id)
              ->  Seq Scan on movie_info_idx mi_idx  (cost=0.00..21735.35 rows=1380035 width=4) (actual time=0.014..345.897 rows=1380035 loops=1)
              ->  Hash  (cost=67604.59..67604.59 rows=1995176 width=4) (actual time=1699.582..1699.582 rows=1990655 loops=1)
                    Buckets: 131072  Batches: 32  Memory Usage: 3218kB
                    ->  Seq Scan on title t  (cost=0.00..67604.59 rows=1995176 width=4) (actual time=0.014..1049.827 rows=1990655 loops=1)
                          Filter: (production_year > 1976)
                          Rows Removed by Filter: 537657
Planning time: 1.213 ms
Execution time: 20358.904 ms
