Hash Join  (cost=105689.54..488791.70 rows=1160551 width=0) (actual time=1921.389..6969.493 rows=1140911 loops=1)
  Hash Cond: (mi.movie_id = t.id)
  ->  Seq Scan on movie_info mi  (cost=0.00..346232.03 rows=1264125 width=4) (actual time=288.801..3982.662 rows=1288928 loops=1)
        Filter: (info_type_id = 2)
        Rows Removed by Filter: 13546792
  ->  Hash  (cost=67604.59..67604.59 rows=2321356 width=4) (actual time=1631.629..1631.629 rows=2315087 loops=1)
        Buckets: 131072  Batches: 32  Memory Usage: 3581kB
        ->  Seq Scan on title t  (cost=0.00..67604.59 rows=2321356 width=4) (actual time=0.017..955.316 rows=2315087 loops=1)
              Filter: (production_year > 1939)
              Rows Removed by Filter: 213225
Planning time: 0.811 ms
Execution time: 7096.279 ms
