Seq Scan on cast_info ci  (cost=0.00..705507.15 rows=15995502 width=0) (actual time=52.286..9276.578 rows=15897114 loops=1)
  Filter: (person_id < 1571551)
  Rows Removed by Filter: 20347230
Planning time: 0.346 ms
Execution time: 11165.382 ms
