Seq Scan on movie_keyword mk  (cost=0.00..81003.12 rows=2590904 width=0) (actual time=0.019..1522.427 rows=2580788 loops=1)
  Filter: (keyword_id < 6739)
  Rows Removed by Filter: 1943142
Planning time: 0.290 ms
Execution time: 1838.702 ms
