Nested Loop  (cost=0.43..83072.90 rows=47 width=0) (actual time=0.321..896.532 rows=175 loops=1)
  ->  Seq Scan on movie_keyword mk  (cost=0.00..81003.12 rows=246 width=4) (actual time=0.284..882.505 rows=594 loops=1)
        Filter: (keyword_id = 5161)
        Rows Removed by Filter: 4523336
  ->  Index Scan using title_pkey on title t  (cost=0.43..8.40 rows=1 width=4) (actual time=0.023..0.023 rows=0 loops=594)
        Index Cond: (id = mk.movie_id)
        Filter: ((kind_id < 4) AND (production_year > 1999))
        Rows Removed by Filter: 1
Planning time: 0.513 ms
Execution time: 896.713 ms
