Nested Loop  (cost=0.43..83071.67 rows=246 width=0) (actual time=29.044..1054.451 rows=62 loops=1)
  ->  Seq Scan on movie_keyword mk  (cost=0.00..81003.12 rows=246 width=4) (actual time=28.942..1051.762 rows=62 loops=1)
        Filter: (keyword_id = 13967)
        Rows Removed by Filter: 4523868
  ->  Index Only Scan using title_pkey on title t  (cost=0.43..8.40 rows=1 width=4) (actual time=0.037..0.038 rows=1 loops=62)
        Index Cond: (id = mk.movie_id)
        Heap Fetches: 62
Planning time: 0.932 ms
Execution time: 1054.591 ms
