Hash Join  (cost=101458.67..276508.70 rows=3345698 width=0) (actual time=1625.366..5093.577 rows=3185019 loops=1)
  Hash Cond: (mk.movie_id = t.id)
  ->  Seq Scan on movie_keyword mk  (cost=0.00..81003.12 rows=4099784 width=4) (actual time=0.015..1236.890 rows=4105790 loops=1)
        Filter: (keyword_id < 41656)
        Rows Removed by Filter: 418140
  ->  Hash  (cost=67604.59..67604.59 rows=2063447 width=4) (actual time=1624.638..1624.638 rows=2060346 loops=1)
        Buckets: 131072  Batches: 32  Memory Usage: 3302kB
        ->  Seq Scan on title t  (cost=0.00..67604.59 rows=2063447 width=4) (actual time=0.007..984.555 rows=2060346 loops=1)
              Filter: (production_year > 1971)
              Rows Removed by Filter: 467966
Planning time: 0.562 ms
Execution time: 5358.027 ms
