Hash Join  (cost=170733.35..312397.82 rows=1613844 width=0) (actual time=3458.293..6627.349 rows=2840214 loops=1)
  Hash Cond: (mk.movie_id = t.id)
  ->  Seq Scan on movie_keyword mk  (cost=0.00..69693.30 rows=4523930 width=4) (actual time=0.022..1038.832 rows=4523930 loops=1)
  ->  Hash  (cost=155934.17..155934.17 rows=902014 width=8) (actual time=3457.442..3457.442 rows=739674 loops=1)
        Buckets: 131072  Batches: 16  Memory Usage: 2847kB
        ->  Hash Join  (cost=101040.51..155934.17 rows=902014 width=8) (actual time=1783.406..3236.987 rows=739674 loops=1)
              Hash Cond: (mi_idx.movie_id = t.id)
              ->  Seq Scan on movie_info_idx mi_idx  (cost=0.00..21735.35 rows=1380035 width=4) (actual time=0.027..310.736 rows=1380035 loops=1)
              ->  Hash  (cost=73925.90..73925.90 rows=1652688 width=4) (actual time=1781.901..1781.901 rows=1761969 loops=1)
                    Buckets: 131072  Batches: 32  Memory Usage: 2964kB
                    ->  Seq Scan on title t  (cost=0.00..73925.90 rows=1652688 width=4) (actual time=0.025..1211.754 rows=1761969 loops=1)
                          Filter: ((kind_id > 1) AND (production_year > 1957))
                          Rows Removed by Filter: 766343
Planning time: 1.120 ms
Execution time: 6848.958 ms
