Hash Join  (cost=102767.86..189856.63 rows=801344 width=0) (actual time=1723.277..3286.858 rows=1101128 loops=1)
  Hash Cond: (mc.movie_id = t.id)
  ->  Seq Scan on movie_companies mc  (cost=0.00..57926.93 rows=801344 width=4) (actual time=156.329..849.616 rows=1101128 loops=1)
        Filter: ((company_id < 17178) AND (company_type_id = 1))
        Rows Removed by Filter: 1508001
  ->  Hash  (cost=61283.27..61283.27 rows=2528527 width=4) (actual time=1565.750..1565.750 rows=2528312 loops=1)
        Buckets: 131072  Batches: 64  Memory Usage: 2415kB
        ->  Seq Scan on title t  (cost=0.00..61283.27 rows=2528527 width=4) (actual time=0.016..743.352 rows=2528312 loops=1)
Planning time: 0.754 ms
Execution time: 3369.764 ms
