Seq Scan on movie_companies mc  (cost=0.00..51404.11 rows=1390638 width=0) (actual time=0.025..758.851 rows=1378421 loops=1)
  Filter: (company_id < 11894)
  Rows Removed by Filter: 1230708
Planning time: 0.306 ms
Execution time: 938.290 ms
