Hash Join  (cost=101914.34..454104.66 rows=14554 width=0) (actual time=3520.655..5367.283 rows=44431 loops=1)
  Hash Cond: (mi.movie_id = t.id)
  ->  Seq Scan on movie_info mi  (cost=0.00..346232.03 rows=1550064 width=4) (actual time=2146.478..3828.435 rows=1533909 loops=1)
        Filter: (info_type_id = 3)
        Rows Removed by Filter: 13301811
  ->  Hash  (cost=101617.57..101617.57 rows=23742 width=8) (actual time=1311.762..1311.762 rows=22395 loops=1)
        Buckets: 32768  Batches: 1  Memory Usage: 1131kB
        ->  Hash Join  (cost=74469.67..101617.57 rows=23742 width=8) (actual time=745.945..1304.086 rows=22395 loops=1)
              Hash Cond: (mi_idx.movie_id = t.id)
              ->  Seq Scan on movie_info_idx mi_idx  (cost=0.00..21735.35 rows=1380035 width=4) (actual time=0.018..229.122 rows=1380035 loops=1)
              ->  Hash  (cost=73925.90..73925.90 rows=43501 width=4) (actual time=745.582..745.582 rows=39560 loops=1)
                    Buckets: 65536  Batches: 1  Memory Usage: 1903kB
                    ->  Seq Scan on title t  (cost=0.00..73925.90 rows=43501 width=4) (actual time=65.925..729.521 rows=39560 loops=1)
                          Filter: ((kind_id < 2) AND (production_year = 2012))
                          Rows Removed by Filter: 2488752
Planning time: 0.843 ms
Execution time: 5372.335 ms
