Hash Join  (cost=709678.15..795661.33 rows=262 width=0) (actual time=7413.947..8663.433 rows=9 loops=1)
  Hash Cond: (mk.movie_id = t.id)
  ->  Seq Scan on movie_keyword mk  (cost=0.00..81003.12 rows=1327317 width=4) (actual time=0.024..1088.790 rows=1342046 loops=1)
        Filter: (keyword_id > 12753)
        Rows Removed by Filter: 3181884
  ->  Hash  (cost=709671.90..709671.90 rows=500 width=8) (actual time=7391.185..7391.185 rows=70 loops=1)
        Buckets: 1024  Batches: 1  Memory Usage: 11kB
        ->  Nested Loop  (cost=0.43..709671.90 rows=500 width=8) (actual time=4083.542..7391.110 rows=70 loops=1)
              ->  Seq Scan on cast_info ci  (cost=0.00..705507.15 rows=500 width=4) (actual time=4083.362..7389.633 rows=70 loops=1)
                    Filter: (person_id = 4038480)
                    Rows Removed by Filter: 36244274
              ->  Index Only Scan using title_pkey on title t  (cost=0.43..8.32 rows=1 width=4) (actual time=0.019..0.019 rows=1 loops=70)
                    Index Cond: (id = ci.movie_id)
                    Heap Fetches: 70
Planning time: 1.166 ms
Execution time: 8663.546 ms
