Hash Join  (cost=709678.15..1074363.23 rows=2915 width=0) (actual time=7451.232..12499.347 rows=2493 loops=1)
  Hash Cond: (mi.movie_id = t.id)
  ->  Seq Scan on movie_info mi  (cost=0.00..309384.22 rows=14739122 width=4) (actual time=0.019..2513.098 rows=14835720 loops=1)
  ->  Hash  (cost=709671.90..709671.90 rows=500 width=8) (actual time=7347.964..7347.964 rows=634 loops=1)
        Buckets: 1024  Batches: 1  Memory Usage: 33kB
        ->  Nested Loop  (cost=0.43..709671.90 rows=500 width=8) (actual time=1631.467..7347.701 rows=634 loops=1)
              ->  Seq Scan on cast_info ci  (cost=0.00..705507.15 rows=500 width=4) (actual time=1631.253..7338.406 rows=634 loops=1)
                    Filter: (person_id = 1002835)
                    Rows Removed by Filter: 36243710
              ->  Index Only Scan using title_pkey on title t  (cost=0.43..8.32 rows=1 width=4) (actual time=0.013..0.014 rows=1 loops=634)
                    Index Cond: (id = ci.movie_id)
                    Heap Fetches: 634
Planning time: 1.181 ms
Execution time: 12499.874 ms
