Hash Join  (cost=938257.98..1053606.05 rows=629168 width=0) (actual time=11473.256..13862.030 rows=1207454 loops=1)
  Hash Cond: (mk.movie_id = t.id)
  ->  Seq Scan on movie_keyword mk  (cost=0.00..81003.12 rows=2179537 width=4) (actual time=0.028..1120.816 rows=2179069 loops=1)
        Filter: (keyword_id < 4297)
        Rows Removed by Filter: 2344861
  ->  Hash  (cost=926282.09..926282.09 rows=729911 width=8) (actual time=11471.547..11471.547 rows=667837 loops=1)
        Buckets: 131072  Batches: 16  Memory Usage: 2668kB
        ->  Hash Join  (cost=102767.86..926282.09 rows=729911 width=8) (actual time=4859.026..11296.840 rows=667837 loops=1)
              Hash Cond: (ci.movie_id = t.id)
              ->  Seq Scan on cast_info ci  (cost=0.00..796071.18 rows=729911 width=4) (actual time=3021.971..8621.534 rows=667837 loops=1)
                    Filter: ((person_id < 933079) AND (role_id = 4))
                    Rows Removed by Filter: 35576507
              ->  Hash  (cost=61283.27..61283.27 rows=2528527 width=4) (actual time=1835.186..1835.186 rows=2528312 loops=1)
                    Buckets: 131072  Batches: 64  Memory Usage: 2415kB
                    ->  Seq Scan on title t  (cost=0.00..61283.27 rows=2528527 width=4) (actual time=0.017..725.116 rows=2528312 loops=1)
Planning time: 1.880 ms
Execution time: 14006.251 ms
