Hash Join  (cost=101458.97..853221.92 rows=97378 width=0) (actual time=1479.476..13982.791 rows=198624 loops=1)
  Hash Cond: (ci.movie_id = t.id)
  ->  Seq Scan on cast_info ci  (cost=0.00..614943.12 rows=36225612 width=4) (actual time=0.019..5399.899 rows=36244344 loops=1)
  ->  Hash  (cost=101374.00..101374.00 rows=6797 width=8) (actual time=1477.455..1477.455 rows=6753 loops=1)
        Buckets: 8192  Batches: 1  Memory Usage: 328kB
        ->  Hash Join  (cost=74391.93..101374.00 rows=6797 width=8) (actual time=968.271..1474.461 rows=6753 loops=1)
              Hash Cond: (mi_idx.movie_id = t.id)
              ->  Seq Scan on movie_info_idx mi_idx  (cost=0.00..25185.44 rows=460978 width=4) (actual time=0.024..385.870 rows=459925 loops=1)
                    Filter: (info_type_id < 100)
                    Rows Removed by Filter: 920110
              ->  Hash  (cost=73925.90..73925.90 rows=37282 width=4) (actual time=967.815..967.815 rows=42986 loops=1)
                    Buckets: 65536  Batches: 1  Memory Usage: 2024kB
                    ->  Seq Scan on title t  (cost=0.00..73925.90 rows=37282 width=4) (actual time=0.022..950.148 rows=42986 loops=1)
                          Filter: ((kind_id > 1) AND (production_year = 1999))
                          Rows Removed by Filter: 2485326
Planning time: 1.093 ms
Execution time: 14013.643 ms
