Nested Loop  (cost=0.43..799703.28 rows=130 width=0) (actual time=4284.642..10183.733 rows=16 loops=1)
  ->  Seq Scan on cast_info ci  (cost=0.00..796071.18 rows=435 width=4) (actual time=4284.575..10165.028 rows=2019 loops=1)
        Filter: ((role_id < 10) AND (person_id = 1626419))
        Rows Removed by Filter: 36242325
  ->  Index Scan using title_pkey on title t  (cost=0.43..8.34 rows=1 width=4) (actual time=0.009..0.009 rows=0 loops=2019)
        Index Cond: (id = ci.movie_id)
        Filter: (kind_id < 3)
        Rows Removed by Filter: 1
Planning time: 0.742 ms
Execution time: 10183.835 ms
