Hash Join  (cost=74318.08..129307.34 rows=32374 width=0) (actual time=1038.994..2259.012 rows=235518 loops=1)
  Hash Cond: (mc.movie_id = t.id)
  ->  Seq Scan on movie_companies mc  (cost=0.00..44881.29 rows=2609129 width=4) (actual time=0.023..424.244 rows=2609129 loops=1)
  ->  Hash  (cost=73925.90..73925.90 rows=31374 width=4) (actual time=867.817..867.817 rows=122923 loops=1)
        Buckets: 131072 (originally 32768)  Batches: 2 (originally 1)  Memory Usage: 3180kB
        ->  Seq Scan on title t  (cost=0.00..73925.90 rows=31374 width=4) (actual time=57.463..822.216 rows=122923 loops=1)
              Filter: ((production_year < 1933) AND (kind_id = 1))
              Rows Removed by Filter: 2405389
Planning time: 0.748 ms
Execution time: 2281.383 ms
