Hash Join  (cost=912038.27..992272.65 rows=376085 width=0) (actual time=12243.624..13825.978 rows=207696 loops=1)
  Hash Cond: (mc.movie_id = t.id)
  ->  Seq Scan on movie_companies mc  (cost=0.00..44881.29 rows=2609129 width=4) (actual time=0.014..605.020 rows=2609129 loops=1)
  ->  Hash  (cost=906058.43..906058.43 rows=364467 width=8) (actual time=12088.332..12088.332 rows=267742 loops=1)
        Buckets: 131072  Batches: 8  Memory Usage: 2333kB
        ->  Hash Join  (cost=92508.29..906058.43 rows=364467 width=8) (actual time=4528.763..12005.980 rows=267742 loops=1)
              Hash Cond: (ci.movie_id = t.id)
              ->  Seq Scan on cast_info ci  (cost=0.00..796071.18 rows=813678 width=4) (actual time=3082.649..9937.291 rows=757457 loops=1)
                    Filter: ((person_id < 1665588) AND (role_id = 8))
                    Rows Removed by Filter: 35486887
              ->  Hash  (cost=73925.90..73925.90 rows=1132591 width=4) (actual time=1444.801..1444.801 rows=1224674 loops=1)
                    Buckets: 131072  Batches: 16  Memory Usage: 3727kB
                    ->  Seq Scan on title t  (cost=0.00..73925.90 rows=1132591 width=4) (actual time=0.048..1066.842 rows=1224674 loops=1)
                          Filter: ((production_year > 1985) AND (kind_id = 7))
                          Rows Removed by Filter: 1303638
Planning time: 1.136 ms
Execution time: 13852.496 ms
