Hash Join  (cost=247732.48..810060.35 rows=6766800 width=0) (actual time=7241.218..68090.838 rows=206617055 loops=1)
  Hash Cond: (mi.movie_id = t.id)
  ->  Seq Scan on movie_info mi  (cost=0.00..346232.03 rows=11115165 width=4) (actual time=0.009..7565.223 rows=11210743 loops=1)
        Filter: (info_type_id > 3)
        Rows Removed by Filter: 3624977
  ->  Hash  (cost=222476.71..222476.71 rows=1539342 width=8) (actual time=7238.524..7238.524 rows=3320711 loops=1)
        Buckets: 131072 (originally 131072)  Batches: 64 (originally 32)  Memory Usage: 3181kB
        ->  Hash Join  (cost=81720.25..222476.71 rows=1539342 width=8) (actual time=1381.569..5912.224 rows=3320711 loops=1)
              Hash Cond: (mk.movie_id = t.id)
              ->  Seq Scan on movie_keyword mk  (cost=0.00..69693.30 rows=4523930 width=4) (actual time=0.023..1451.519 rows=4523930 loops=1)
              ->  Hash  (cost=67604.59..67604.59 rows=860373 width=4) (actual time=1380.174..1380.174 rows=854214 loops=1)
                    Buckets: 131072  Batches: 16  Memory Usage: 2906kB
                    ->  Seq Scan on title t  (cost=0.00..67604.59 rows=860373 width=4) (actual time=0.022..1100.960 rows=854214 loops=1)
                          Filter: (kind_id < 4)
                          Rows Removed by Filter: 1674098
Planning time: 0.730 ms
Execution time: 91593.243 ms
