Seq Scan on movie_keyword mk  (cost=0.00..81003.12 rows=246 width=0) (actual time=15.648..1036.223 rows=95 loops=1)
  Filter: (keyword_id = 4965)
  Rows Removed by Filter: 4523835
Planning time: 0.328 ms
Execution time: 1036.373 ms
