Hash Join  (cost=69374.09..138610.95 rows=61911 width=0) (actual time=766.527..1977.197 rows=54703 loops=1)
  Hash Cond: (mc.movie_id = t.id)
  ->  Seq Scan on movie_companies mc  (cost=0.00..51404.11 rows=1452171 width=4) (actual time=0.026..724.687 rows=1443634 loops=1)
        Filter: (company_id < 12888)
        Rows Removed by Filter: 1165495
  ->  Hash  (cost=67604.59..67604.59 rows=107800 width=4) (actual time=765.692..765.692 rows=108429 loops=1)
        Buckets: 131072  Batches: 2  Memory Usage: 2931kB
        ->  Seq Scan on title t  (cost=0.00..67604.59 rows=107800 width=4) (actual time=0.030..726.644 rows=108429 loops=1)
              Filter: (production_year = 2006)
              Rows Removed by Filter: 2419883
Planning time: 0.771 ms
Execution time: 1984.501 ms
