Hash Join  (cost=467507.92..1401175.88 rows=175074 width=0) (actual time=6396.279..19655.453 rows=625915 loops=1)
  Hash Cond: (ci.movie_id = t.id)
  ->  Seq Scan on cast_info ci  (cost=0.00..614943.12 rows=36225612 width=4) (actual time=0.025..5444.238 rows=36244344 loops=1)
  ->  Hash  (cost=467355.17..467355.17 rows=12220 width=8) (actual time=6395.937..6395.937 rows=22484 loops=1)
        Buckets: 32768 (originally 16384)  Batches: 1 (originally 1)  Memory Usage: 1135kB
        ->  Hash Join  (cost=73956.69..467355.17 rows=12220 width=8) (actual time=891.146..6385.758 rows=22484 loops=1)
              Hash Cond: (mi.movie_id = t.id)
              ->  Seq Scan on movie_info mi  (cost=0.00..346232.03 rows=12545135 width=4) (actual time=104.157..4016.510 rows=12601870 loops=1)
                    Filter: (info_type_id < 17)
                    Rows Removed by Filter: 2233850
              ->  Hash  (cost=73925.90..73925.90 rows=2463 width=4) (actual time=678.638..678.638 rows=3040 loops=1)
                    Buckets: 4096  Batches: 1  Memory Usage: 139kB
                    ->  Seq Scan on title t  (cost=0.00..73925.90 rows=2463 width=4) (actual time=38.671..677.496 rows=3040 loops=1)
                          Filter: ((kind_id = 3) AND (production_year = 2002))
                          Rows Removed by Filter: 2525272
Planning time: 1.205 ms
Execution time: 19732.592 ms
