Hash Join  (cost=80562.70..141799.59 rows=4724 width=0) (actual time=1498.313..1596.170 rows=11050 loops=1)
  Hash Cond: (mc.movie_id = t.id)
  ->  Seq Scan on movie_companies mc  (cost=0.00..57926.93 rows=15123 width=4) (actual time=579.008..606.142 rows=28325 loops=1)
        Filter: ((company_id > 209118) AND (company_type_id > 1))
        Rows Removed by Filter: 2580804
  ->  Hash  (cost=67604.59..67604.59 rows=789769 width=4) (actual time=918.226..918.226 rows=784926 loops=1)
        Buckets: 131072  Batches: 16  Memory Usage: 2749kB
        ->  Seq Scan on title t  (cost=0.00..67604.59 rows=789769 width=4) (actual time=0.029..706.046 rows=784926 loops=1)
              Filter: (production_year > 2007)
              Rows Removed by Filter: 1743386
Planning time: 0.779 ms
Execution time: 1596.998 ms
