Hash Join  (cost=78593.13..110739.76 rows=51852 width=0) (actual time=4250.108..6211.751 rows=123307 loops=1)
  Hash Cond: (mi_idx.movie_id = t.id)
  ->  Seq Scan on movie_info_idx mi_idx  (cost=0.00..25185.44 rows=460978 width=4) (actual time=0.014..1481.099 rows=459925 loops=1)
        Filter: (info_type_id = 99)
        Rows Removed by Filter: 920110
  ->  Hash  (cost=73925.90..73925.90 rows=284418 width=4) (actual time=4249.211..4249.211 rows=382296 loops=1)
        Buckets: 131072 (originally 131072)  Batches: 8 (originally 4)  Memory Usage: 3073kB
        ->  Seq Scan on title t  (cost=0.00..73925.90 rows=284418 width=4) (actual time=0.014..3430.029 rows=382296 loops=1)
              Filter: ((production_year < 2001) AND (kind_id = 1))
              Rows Removed by Filter: 2146016
Planning time: 0.706 ms
Execution time: 6228.719 ms
