Hash Join  (cost=194173.68..579909.56 rows=304512 width=0) (actual time=4768.054..9794.066 rows=6889807 loops=1)
  Hash Cond: (mi.movie_id = t.id)
  ->  Seq Scan on movie_info mi  (cost=0.00..346232.03 rows=3068194 width=4) (actual time=330.223..3749.259 rows=3036719 loops=1)
        Filter: (info_type_id = 16)
        Rows Removed by Filter: 11799001
  ->  Hash  (cost=190055.80..190055.80 rows=250951 width=8) (actual time=3430.953..3430.953 rows=930028 loops=1)
        Buckets: 131072 (originally 131072)  Batches: 16 (originally 4)  Memory Usage: 3421kB
        ->  Hash Join  (cost=78364.59..190055.80 rows=250951 width=8) (actual time=875.730..3200.160 rows=930028 loops=1)
              Hash Cond: (mk.movie_id = t.id)
              ->  Seq Scan on movie_keyword mk  (cost=0.00..81003.12 rows=2345485 width=4) (actual time=0.022..1201.121 rows=2345284 loops=1)
                    Filter: (keyword_id > 4289)
                    Rows Removed by Filter: 2178646
              ->  Hash  (cost=73925.90..73925.90 rows=270535 width=4) (actual time=874.839..874.839 rows=374196 loops=1)
                    Buckets: 131072 (originally 131072)  Batches: 8 (originally 4)  Memory Usage: 3073kB
                    ->  Seq Scan on title t  (cost=0.00..73925.90 rows=270535 width=4) (actual time=0.019..775.292 rows=374196 loops=1)
                          Filter: ((production_year < 2000) AND (kind_id = 1))
                          Rows Removed by Filter: 2154116
Planning time: 1.161 ms
Execution time: 10468.275 ms
