Hash Join  (cost=796579.38..1161238.81 rows=350 width=0) (actual time=9511.054..12850.850 rows=6 loops=1)
  Hash Cond: (mi.movie_id = t.id)
  ->  Seq Scan on movie_info mi  (cost=0.00..309384.22 rows=14739122 width=4) (actual time=0.024..2530.318 rows=14835720 loops=1)
  ->  Hash  (cost=796578.63..796578.63 rows=60 width=8) (actual time=7785.832..7785.832 rows=1 loops=1)
        Buckets: 1024  Batches: 1  Memory Usage: 9kB
        ->  Nested Loop  (cost=0.43..796578.63 rows=60 width=8) (actual time=7120.460..7785.807 rows=1 loops=1)
              ->  Seq Scan on cast_info ci  (cost=0.00..796071.18 rows=60 width=4) (actual time=7120.283..7785.627 rows=1 loops=1)
                    Filter: ((person_id = 1712427) AND (role_id = 10))
                    Rows Removed by Filter: 36244343
              ->  Index Only Scan using title_pkey on title t  (cost=0.43..8.45 rows=1 width=4) (actual time=0.093..0.094 rows=1 loops=1)
                    Index Cond: (id = ci.movie_id)
                    Heap Fetches: 1
Planning time: 1.167 ms
Execution time: 12850.960 ms
