Hash Join  (cost=112606.81..209278.60 rows=52942 width=0) (actual time=1795.775..3252.374 rows=302907 loops=1)
  Hash Cond: (mk.movie_id = t.id)
  ->  Seq Scan on movie_keyword mk  (cost=0.00..81003.12 rows=1273665 width=4) (actual time=0.047..995.747 rows=1283192 loops=1)
        Filter: (keyword_id < 1659)
        Rows Removed by Filter: 3240738
  ->  Hash  (cost=110882.02..110882.02 rows=105103 width=8) (actual time=1794.996..1794.996 rows=121055 loops=1)
        Buckets: 131072  Batches: 2  Memory Usage: 3399kB
        ->  Hash Join  (cost=77062.89..110882.02 rows=105103 width=8) (actual time=1004.835..1754.627 rows=121055 loops=1)
              Hash Cond: (mi_idx.movie_id = t.id)
              ->  Seq Scan on movie_info_idx mi_idx  (cost=0.00..25185.44 rows=460978 width=4) (actual time=0.020..404.068 rows=459925 loops=1)
                    Filter: (info_type_id < 100)
                    Rows Removed by Filter: 920110
              ->  Hash  (cost=67604.59..67604.59 rows=576504 width=4) (actual time=1003.687..1003.687 rows=568449 loops=1)
                    Buckets: 131072  Batches: 8  Memory Usage: 3513kB
                    ->  Seq Scan on title t  (cost=0.00..67604.59 rows=576504 width=4) (actual time=0.021..827.293 rows=568449 loops=1)
                          Filter: (production_year < 1984)
                          Rows Removed by Filter: 1959863
Planning time: 1.102 ms
Execution time: 3288.722 ms
