Hash Join  (cost=88295.76..943688.59 rows=1639208 width=0) (actual time=1193.166..11629.403 rows=721183 loops=1)
  Hash Cond: (ci.movie_id = t.id)
  ->  Seq Scan on cast_info ci  (cost=0.00..796071.18 rows=3286551 width=4) (actual time=0.588..8831.814 rows=1372114 loops=1)
        Filter: ((person_id < 480151) AND (role_id > 1))
        Rows Removed by Filter: 34872230
  ->  Hash  (cost=67604.59..67604.59 rows=1261134 width=4) (actual time=1190.378..1190.378 rows=1260295 loops=1)
        Buckets: 131072  Batches: 32  Memory Usage: 2413kB
        ->  Seq Scan on title t  (cost=0.00..67604.59 rows=1261134 width=4) (actual time=0.024..826.659 rows=1260295 loops=1)
              Filter: (production_year > 2002)
              Rows Removed by Filter: 1268017
Planning time: 0.833 ms
Execution time: 11699.774 ms
