Nested Loop  (cost=0.43..150060.35 rows=9428 width=0) (actual time=0.078..1077.369 rows=9828 loops=1)
  ->  Seq Scan on movie_keyword mk  (cost=0.00..81003.12 rows=10707 width=4) (actual time=0.044..958.829 rows=10307 loops=1)
        Filter: (keyword_id = 870)
        Rows Removed by Filter: 4513623
  ->  Index Scan using title_pkey on title t  (cost=0.43..6.44 rows=1 width=4) (actual time=0.011..0.011 rows=1 loops=10307)
        Index Cond: (id = mk.movie_id)
        Filter: (production_year < 2012)
        Rows Removed by Filter: 0
Planning time: 0.519 ms
Execution time: 1080.010 ms
