Seq Scan on movie_keyword mk  (cost=0.00..81003.12 rows=3313596 width=0) (actual time=0.015..1268.819 rows=3311532 loops=1)
  Filter: (keyword_id > 1524)
  Rows Removed by Filter: 1212398
Planning time: 0.247 ms
Execution time: 1696.935 ms
