Hash Join  (cost=84886.28..531340.77 rows=489874 width=169) (actual time=3196.079..7965.156 rows=495317 loops=1)
  Hash Cond: (mi.movie_id = t.id)
  ->  Seq Scan on movie_info mi  (cost=0.00..346232.03 rows=3068194 width=75) (actual time=1924.345..4721.536 rows=3036719 loops=1)
        Filter: (info_type_id = 16)
        Rows Removed by Filter: 11799001
  ->  Hash  (cost=73925.90..73925.90 rows=403710 width=94) (actual time=1270.923..1270.923 rows=434218 loops=1)
        Buckets: 32768  Batches: 16  Memory Usage: 3371kB
        ->  Seq Scan on title t  (cost=0.00..73925.90 rows=403710 width=94) (actual time=0.052..1101.150 rows=434218 loops=1)
              Filter: ((production_year > 2008) AND (kind_id = 7))
              Rows Removed by Filter: 2094094
Planning time: 1.004 ms
Execution time: 7994.783 ms
