Hash Join  (cost=175027.18..277488.63 rows=427292 width=0) (actual time=2925.804..4832.047 rows=1724490 loops=1)
  Hash Cond: (mk.movie_id = t.id)
  ->  Seq Scan on movie_keyword mk  (cost=0.00..81003.12 rows=1175574 width=4) (actual time=0.023..1051.734 rows=1178915 loops=1)
        Filter: (keyword_id < 1395)
        Rows Removed by Filter: 3345015
  ->  Hash  (cost=159947.97..159947.97 rows=919057 width=8) (actual time=2925.085..2925.085 rows=920110 loops=1)
        Buckets: 131072  Batches: 16  Memory Usage: 3283kB
        ->  Hash Join  (cost=102767.86..159947.97 rows=919057 width=8) (actual time=1486.327..2727.902 rows=920110 loops=1)
              Hash Cond: (mi_idx.movie_id = t.id)
              ->  Seq Scan on movie_info_idx mi_idx  (cost=0.00..25185.44 rows=919057 width=4) (actual time=0.014..397.122 rows=920110 loops=1)
                    Filter: (info_type_id > 99)
                    Rows Removed by Filter: 459925
              ->  Hash  (cost=61283.27..61283.27 rows=2528527 width=4) (actual time=1485.555..1485.555 rows=2528312 loops=1)
                    Buckets: 131072  Batches: 64  Memory Usage: 2415kB
                    ->  Seq Scan on title t  (cost=0.00..61283.27 rows=2528527 width=4) (actual time=0.014..701.631 rows=2528312 loops=1)
Planning time: 1.154 ms
Execution time: 4969.926 ms
