Hash Join  (cost=76216.59..153252.36 rows=144024 width=0) (actual time=836.626..2066.023 rows=18343 loops=1)
  Hash Cond: (mc.movie_id = t.id)
  ->  Seq Scan on movie_companies mc  (cost=0.00..44881.29 rows=2609129 width=4) (actual time=0.010..527.823 rows=2609129 loops=1)
  ->  Hash  (cost=73925.90..73925.90 rows=139575 width=4) (actual time=831.769..831.769 rows=16104 loops=1)
        Buckets: 131072  Batches: 2  Memory Usage: 1309kB
        ->  Seq Scan on title t  (cost=0.00..73925.90 rows=139575 width=4) (actual time=0.161..825.157 rows=16104 loops=1)
              Filter: ((kind_id > 1) AND (production_year < 1954))
              Rows Removed by Filter: 2512208
Planning time: 0.739 ms
Execution time: 2068.669 ms
