Hash Join  (cost=128700.40..214333.59 rows=1532 width=0) (actual time=1508.256..2288.654 rows=18652 loops=1)
  Hash Cond: (mk.movie_id = t.id)
  ->  Seq Scan on movie_keyword mk  (cost=0.00..81003.12 rows=1230599 width=4) (actual time=0.025..792.817 rows=1239555 loops=1)
        Filter: (keyword_id < 1578)
        Rows Removed by Filter: 3284375
  ->  Hash  (cost=128661.05..128661.05 rows=3148 width=8) (actual time=1336.924..1336.924 rows=7781 loops=1)
        Buckets: 8192 (originally 4096)  Batches: 1 (originally 1)  Memory Usage: 368kB
        ->  Hash Join  (cost=73964.04..128661.05 rows=3148 width=8) (actual time=528.705..1334.454 rows=7781 loops=1)
              Hash Cond: (mc.movie_id = t.id)
              ->  Seq Scan on movie_companies mc  (cost=0.00..44881.29 rows=2609129 width=4) (actual time=0.020..368.707 rows=2609129 loops=1)
              ->  Hash  (cost=73925.90..73925.90 rows=3051 width=4) (actual time=528.626..528.626 rows=3269 loops=1)
                    Buckets: 4096  Batches: 1  Memory Usage: 147kB
                    ->  Seq Scan on title t  (cost=0.00..73925.90 rows=3051 width=4) (actual time=0.047..527.302 rows=3269 loops=1)
                          Filter: ((kind_id = 2) AND (production_year = 2004))
                          Rows Removed by Filter: 2525043
Planning time: 1.178 ms
Execution time: 2291.242 ms
