Seq Scan on movie_keyword mk  (cost=0.00..81003.12 rows=2815952 width=0) (actual time=0.025..810.520 rows=2809123 loops=1)
  Filter: (keyword_id < 8307)
  Rows Removed by Filter: 1714807
Planning time: 0.338 ms
Execution time: 1046.497 ms
