Seq Scan on cast_info ci  (cost=0.00..796071.18 rows=14756780 width=0) (actual time=0.022..10829.340 rows=16721571 loops=1)
  Filter: ((person_id < 1845100) AND (role_id < 8))
  Rows Removed by Filter: 19522773
Planning time: 0.341 ms
Execution time: 12674.318 ms
