Seq Scan on cast_info ci  (cost=0.00..796071.18 rows=4931019 width=0) (actual time=3105.154..41994.323 rows=7450071 loops=1)
  Filter: ((person_id > 1144922) AND (role_id = 2))
  Rows Removed by Filter: 28794273
Planning time: 0.437 ms
Execution time: 43388.803 ms
