Seq Scan on cast_info ci  (cost=0.00..796071.18 rows=3083024 width=0) (actual time=465.460..8702.956 rows=1822093 loops=1)
  Filter: ((person_id < 887191) AND (role_id > 3))
  Rows Removed by Filter: 34422251
Planning time: 0.354 ms
Execution time: 8909.081 ms
