Hash Join  (cost=222100.40..791122.25 rows=8361193 width=0) (actual time=3438.311..20453.376 rows=33330794 loops=1)
  Hash Cond: (mi.movie_id = t.id)
  ->  Seq Scan on movie_info mi  (cost=0.00..309384.22 rows=14739122 width=4) (actual time=0.017..3782.652 rows=14835720 loops=1)
  ->  Hash  (cost=198566.65..198566.65 rows=1434380 width=8) (actual time=3437.144..3437.144 rows=1439920 loops=1)
        Buckets: 131072  Batches: 32  Memory Usage: 2814kB
        ->  Hash Join  (cost=102767.86..198566.65 rows=1434380 width=8) (actual time=1410.742..3112.757 rows=1439920 loops=1)
              Hash Cond: (mc.movie_id = t.id)
              ->  Seq Scan on movie_companies mc  (cost=0.00..51404.11 rows=1434380 width=4) (actual time=0.019..561.716 rows=1439920 loops=1)
                    Filter: (company_id > 9781)
                    Rows Removed by Filter: 1169209
              ->  Hash  (cost=61283.27..61283.27 rows=2528527 width=4) (actual time=1409.280..1409.280 rows=2528312 loops=1)
                    Buckets: 131072  Batches: 64  Memory Usage: 2415kB
                    ->  Seq Scan on title t  (cost=0.00..61283.27 rows=2528527 width=4) (actual time=0.018..669.823 rows=2528312 loops=1)
Planning time: 1.120 ms
Execution time: 23459.107 ms
