Seq Scan on cast_info ci  (cost=0.00..796071.18 rows=14905406 width=0) (actual time=4848.620..9993.484 rows=13557470 loops=1)
  Filter: ((person_id > 897510) AND (role_id < 3))
  Rows Removed by Filter: 22686874
Planning time: 0.358 ms
Execution time: 11323.898 ms
