Hash Join  (cost=124280.11..1187367.10 rows=2850575 width=0) (actual time=1780.776..22191.689 rows=8095637 loops=1)
  Hash Cond: (ci.movie_id = t.id)
  ->  Seq Scan on cast_info ci  (cost=0.00..614943.12 rows=36225612 width=4) (actual time=0.026..7417.686 rows=36244344 loops=1)
  ->  Hash  (cost=121015.00..121015.00 rows=198969 width=8) (actual time=1779.992..1779.992 rows=259790 loops=1)
        Buckets: 131072  Batches: 4  Memory Usage: 3562kB
        ->  Hash Join  (cost=79907.83..121015.00 rows=198969 width=8) (actual time=931.169..1733.041 rows=259790 loops=1)
              Hash Cond: (mi_idx.movie_id = t.id)
              ->  Seq Scan on movie_info_idx mi_idx  (cost=0.00..21735.35 rows=1380035 width=4) (actual time=0.020..299.302 rows=1380035 loops=1)
              ->  Hash  (cost=73925.90..73925.90 rows=364554 width=4) (actual time=930.228..930.228 rows=274015 loops=1)
                    Buckets: 131072  Batches: 8  Memory Usage: 2229kB
                    ->  Seq Scan on title t  (cost=0.00..73925.90 rows=364554 width=4) (actual time=0.026..844.900 rows=274015 loops=1)
                          Filter: ((kind_id < 2) AND (production_year > 2000))
                          Rows Removed by Filter: 2254297
Planning time: 1.192 ms
Execution time: 22934.971 ms
