Hash Join  (cost=172090.40..1356408.11 rows=14651952 width=0) (actual time=3007.456..31185.466 rows=31581650 loops=1)
  Hash Cond: (ci.movie_id = t.id)
  ->  Seq Scan on cast_info ci  (cost=0.00..614943.12 rows=36225612 width=4) (actual time=0.015..8116.832 rows=36244344 loops=1)
  ->  Hash  (cost=155311.68..155311.68 rows=1022698 width=8) (actual time=3006.598..3006.598 rows=1004185 loops=1)
        Buckets: 131072  Batches: 16  Memory Usage: 3482kB
        ->  Hash Join  (cost=98347.17..155311.68 rows=1022698 width=8) (actual time=1461.588..2785.809 rows=1004185 loops=1)
              Hash Cond: (mi_idx.movie_id = t.id)
              ->  Seq Scan on movie_info_idx mi_idx  (cost=0.00..21735.35 rows=1380035 width=4) (actual time=0.015..318.780 rows=1380035 loops=1)
              ->  Hash  (cost=67604.59..67604.59 rows=1873807 width=4) (actual time=1460.577..1460.577 rows=1871198 loops=1)
                    Buckets: 131072  Batches: 32  Memory Usage: 3088kB
                    ->  Seq Scan on title t  (cost=0.00..67604.59 rows=1873807 width=4) (actual time=0.028..919.837 rows=1871198 loops=1)
                          Filter: (production_year > 1984)
                          Rows Removed by Filter: 657114
Planning time: 1.133 ms
Execution time: 33941.632 ms
