Hash Join  (cost=102767.86..274125.47 rows=3344399 width=0) (actual time=1119.981..5351.819 rows=3338841 loops=1)
  Hash Cond: (mk.movie_id = t.id)
  ->  Seq Scan on movie_keyword mk  (cost=0.00..81003.12 rows=3344399 width=4) (actual time=0.022..1389.638 rows=3338841 loops=1)
        Filter: (keyword_id > 1411)
        Rows Removed by Filter: 1185089
  ->  Hash  (cost=61283.27..61283.27 rows=2528527 width=4) (actual time=1119.010..1119.010 rows=2528312 loops=1)
        Buckets: 131072  Batches: 64  Memory Usage: 2425kB
        ->  Seq Scan on title t  (cost=0.00..61283.27 rows=2528527 width=4) (actual time=0.017..537.251 rows=2528312 loops=1)
Planning time: 0.738 ms
Execution time: 5693.580 ms
