Hash Join  (cost=102767.86..183178.27 rows=523783 width=0) (actual time=1715.216..2841.002 rows=832291 loops=1)
  Hash Cond: (mc.movie_id = t.id)
  ->  Seq Scan on movie_companies mc  (cost=0.00..57926.93 rows=523783 width=4) (actual time=317.649..657.365 rows=832291 loops=1)
        Filter: ((company_id > 15335) AND (company_type_id = 2))
        Rows Removed by Filter: 1776838
  ->  Hash  (cost=61283.27..61283.27 rows=2528527 width=4) (actual time=1396.407..1396.407 rows=2528312 loops=1)
        Buckets: 131072  Batches: 64  Memory Usage: 2415kB
        ->  Seq Scan on title t  (cost=0.00..61283.27 rows=2528527 width=4) (actual time=0.019..659.818 rows=2528312 loops=1)
Planning time: 0.740 ms
Execution time: 2912.970 ms
