Hash Join  (cost=465534.04..591120.86 rows=294178 width=0) (actual time=23116.472..37533.506 rows=17923357 loops=1)
  Hash Cond: (mk.movie_id = t.id)
  ->  Seq Scan on movie_keyword mk  (cost=0.00..69693.30 rows=4523930 width=4) (actual time=0.024..5269.920 rows=4523930 loops=1)
  ->  Hash  (cost=462835.76..462835.76 rows=164423 width=8) (actual time=23115.796..23115.796 rows=197754 loops=1)
        Buckets: 131072  Batches: 4  Memory Usage: 2936kB
        ->  Hash Join  (cost=102767.86..462835.76 rows=164423 width=8) (actual time=16544.488..23042.785 rows=197754 loops=1)
              Hash Cond: (mi.movie_id = t.id)
              ->  Seq Scan on movie_info mi  (cost=0.00..346232.03 rows=164423 width=4) (actual time=10646.641..16060.619 rows=197754 loops=1)
                    Filter: (info_type_id > 106)
                    Rows Removed by Filter: 14637966
              ->  Hash  (cost=61283.27..61283.27 rows=2528527 width=4) (actual time=5706.288..5706.288 rows=2528312 loops=1)
                    Buckets: 131072  Batches: 64  Memory Usage: 2425kB
                    ->  Seq Scan on title t  (cost=0.00..61283.27 rows=2528527 width=4) (actual time=0.021..4432.689 rows=2528312 loops=1)
Planning time: 3.733 ms
Execution time: 40373.582 ms
