Hash Join  (cost=200194.68..1237685.38 rows=1181620 width=0) (actual time=3449.038..21125.461 rows=875878 loops=1)
  Hash Cond: (ci.movie_id = t.id)
  ->  Seq Scan on cast_info ci  (cost=0.00..705507.15 rows=27653425 width=4) (actual time=1033.045..11277.542 rows=27758030 loops=1)
        Filter: (role_id < 6)
        Rows Removed by Filter: 8486314
  ->  Hash  (cost=198421.14..198421.14 rows=108043 width=8) (actual time=2415.036..2415.036 rows=33290 loops=1)
        Buckets: 131072  Batches: 2  Memory Usage: 1672kB
        ->  Hash Join  (cost=75195.76..198421.14 rows=108043 width=8) (actual time=1889.279..2407.619 rows=33290 loops=1)
              Hash Cond: (mk.movie_id = t.id)
              ->  Seq Scan on movie_keyword mk  (cost=0.00..81003.12 rows=3531956 width=4) (actual time=0.029..1016.717 rows=3525594 loops=1)
                    Filter: (keyword_id > 950)
                    Rows Removed by Filter: 998336
              ->  Hash  (cost=73925.90..73925.90 rows=77348 width=4) (actual time=669.760..669.760 rows=84109 loops=1)
                    Buckets: 131072  Batches: 2  Memory Usage: 2515kB
                    ->  Seq Scan on title t  (cost=0.00..73925.90 rows=77348 width=4) (actual time=0.032..643.648 rows=84109 loops=1)
                          Filter: ((kind_id = 7) AND (production_year = 2008))
                          Rows Removed by Filter: 2444203
Planning time: 1.137 ms
Execution time: 21207.416 ms
