Seq Scan on cast_info ci  (cost=0.00..705507.15 rows=5817729 width=0) (actual time=547.604..7593.899 rows=5730296 loops=1)
  Filter: (person_id < 555505)
  Rows Removed by Filter: 30514048
Planning time: 0.337 ms
Execution time: 8222.319 ms
