Hash Join  (cost=67000.16..95621.24 rows=401 width=0) (actual time=606.422..1082.841 rows=2450 loops=1)
  Hash Cond: (mi_idx.movie_id = t.id)
  ->  Seq Scan on movie_info_idx mi_idx  (cost=0.00..25185.44 rows=915101 width=4) (actual time=0.010..352.325 rows=919850 loops=1)
        Filter: (info_type_id < 101)
        Rows Removed by Filter: 460185
  ->  Hash  (cost=66986.30..66986.30 rows=1109 width=8) (actual time=602.315..602.315 rows=1448 loops=1)
        Buckets: 2048  Batches: 1  Memory Usage: 73kB
        ->  Nested Loop  (cost=0.43..66986.30 rows=1109 width=8) (actual time=0.485..601.622 rows=1448 loops=1)
              ->  Seq Scan on movie_companies mc  (cost=0.00..57926.93 rows=1109 width=4) (actual time=0.437..580.031 rows=1448 loops=1)
                    Filter: ((company_id = 554) AND (company_type_id = 1))
                    Rows Removed by Filter: 2607681
              ->  Index Only Scan using title_pkey on title t  (cost=0.43..8.16 rows=1 width=4) (actual time=0.014..0.014 rows=1 loops=1448)
                    Index Cond: (id = mc.movie_id)
                    Heap Fetches: 1448
Planning time: 0.781 ms
Execution time: 1083.280 ms
