Seq Scan on cast_info ci  (cost=0.00..705507.15 rows=2400019 width=0) (actual time=6.749..7786.267 rows=2341428 loops=1)
  Filter: (person_id < 227813)
  Rows Removed by Filter: 33902916
Planning time: 0.340 ms
Execution time: 8004.697 ms
