Hash Join  (cost=78988.28..172197.87 rows=104983 width=0) (actual time=914.010..2488.207 rows=139206 loops=1)
  Hash Cond: (mk.movie_id = t.id)
  ->  Seq Scan on movie_keyword mk  (cost=0.00..81003.12 rows=860436 width=4) (actual time=0.019..1129.863 rows=867738 loops=1)
        Filter: (keyword_id > 21219)
        Rows Removed by Filter: 3656192
  ->  Hash  (cost=73925.90..73925.90 rows=308510 width=4) (actual time=910.424..910.424 rows=266599 loops=1)
        Buckets: 131072  Batches: 8  Memory Usage: 2198kB
        ->  Seq Scan on title t  (cost=0.00..73925.90 rows=308510 width=4) (actual time=0.063..827.847 rows=266599 loops=1)
              Filter: ((kind_id < 7) AND (production_year > 2007))
              Rows Removed by Filter: 2261713
Planning time: 0.773 ms
Execution time: 2506.876 ms
