Hash Join  (cost=74224.63..828437.61 rows=342381 width=0) (actual time=683.251..12136.294 rows=211937 loops=1)
  Hash Cond: (ci.movie_id = t.id)
  ->  Seq Scan on cast_info ci  (cost=0.00..614943.12 rows=36225612 width=4) (actual time=0.006..4597.075 rows=36244344 loops=1)
  ->  Hash  (cost=73925.90..73925.90 rows=23898 width=4) (actual time=683.069..683.069 rows=22198 loops=1)
        Buckets: 32768  Batches: 1  Memory Usage: 1037kB
        ->  Seq Scan on title t  (cost=0.00..73925.90 rows=23898 width=4) (actual time=34.383..675.187 rows=22198 loops=1)
              Filter: ((production_year < 1989) AND (kind_id = 2))
              Rows Removed by Filter: 2506114
Planning time: 0.526 ms
Execution time: 12165.705 ms
