Hash Join  (cost=74787.47..127816.64 rows=11012 width=0) (actual time=1038.898..1722.951 rows=8919 loops=1)
  Hash Cond: (mc.movie_id = t.id)
  ->  Seq Scan on movie_companies mc  (cost=0.00..51404.11 rows=403984 width=4) (actual time=0.041..636.098 rows=403659 loops=1)
        Filter: (company_id < 258)
        Rows Removed by Filter: 2205470
  ->  Hash  (cost=73925.90..73925.90 rows=68925 width=4) (actual time=962.336..962.336 rows=84076 loops=1)
        Buckets: 131072  Batches: 1  Memory Usage: 3980kB
        ->  Seq Scan on title t  (cost=0.00..73925.90 rows=68925 width=4) (actual time=0.019..929.024 rows=84076 loops=1)
              Filter: ((kind_id = 7) AND (production_year = 2007))
              Rows Removed by Filter: 2444236
Planning time: 0.777 ms
Execution time: 1724.554 ms
