Hash Join  (cost=198133.85..308569.49 rows=584643 width=0) (actual time=2920.849..5139.179 rows=4117104 loops=1)
  Hash Cond: (mk.movie_id = t.id)
  ->  Seq Scan on movie_keyword mk  (cost=0.00..81003.12 rows=1755222 width=4) (actual time=0.014..887.166 rows=1757511 loops=1)
        Filter: (keyword_id > 7882)
        Rows Removed by Filter: 2766419
  ->  Hash  (cost=184316.08..184316.08 rows=842222 width=8) (actual time=2919.434..2919.434 rows=835954 loops=1)
        Buckets: 131072  Batches: 16  Memory Usage: 3084kB
        ->  Hash Join  (cost=102767.86..184316.08 rows=842222 width=8) (actual time=1282.978..2708.056 rows=835954 loops=1)
              Hash Cond: (mc.movie_id = t.id)
              ->  Seq Scan on movie_companies mc  (cost=0.00..51404.11 rows=842222 width=4) (actual time=0.026..560.321 rows=835954 loops=1)
                    Filter: (company_id < 2164)
                    Rows Removed by Filter: 1773175
              ->  Hash  (cost=61283.27..61283.27 rows=2528527 width=4) (actual time=1281.071..1281.071 rows=2528312 loops=1)
                    Buckets: 131072  Batches: 64  Memory Usage: 2415kB
                    ->  Seq Scan on title t  (cost=0.00..61283.27 rows=2528527 width=4) (actual time=0.015..607.461 rows=2528312 loops=1)
Planning time: 1.118 ms
Execution time: 5470.344 ms
