Hash Join  (cost=83074.74..447745.01 rows=1434 width=0) (actual time=667.986..5928.412 rows=206464 loops=1)
  Hash Cond: (mi.movie_id = t.id)
  ->  Seq Scan on movie_info mi  (cost=0.00..309384.22 rows=14739122 width=4) (actual time=0.014..2492.668 rows=14835720 loops=1)
  ->  Hash  (cost=83071.67..83071.67 rows=246 width=8) (actual time=667.894..667.894 rows=3894 loops=1)
        Buckets: 4096 (originally 1024)  Batches: 1 (originally 1)  Memory Usage: 185kB
        ->  Nested Loop  (cost=0.43..83071.67 rows=246 width=8) (actual time=0.145..666.278 rows=3894 loops=1)
              ->  Seq Scan on movie_keyword mk  (cost=0.00..81003.12 rows=246 width=4) (actual time=0.094..618.665 rows=3894 loops=1)
                    Filter: (keyword_id = 1725)
                    Rows Removed by Filter: 4520036
              ->  Index Only Scan using title_pkey on title t  (cost=0.43..8.40 rows=1 width=4) (actual time=0.011..0.012 rows=1 loops=3894)
                    Index Cond: (id = mk.movie_id)
                    Heap Fetches: 3894
Planning time: 0.802 ms
Execution time: 5956.566 ms
