Hash Join  (cost=84599.15..118843.19 rows=118593 width=0) (actual time=1023.461..1701.871 rows=194966 loops=1)
  Hash Cond: (mi_idx.movie_id = t.id)
  ->  Seq Scan on movie_info_idx mi_idx  (cost=0.00..25185.44 rows=460978 width=4) (actual time=0.034..396.619 rows=459925 loops=1)
        Filter: (info_type_id < 100)
        Rows Removed by Filter: 920110
  ->  Hash  (cost=73925.90..73925.90 rows=650500 width=4) (actual time=1021.872..1021.872 rows=521865 loops=1)
        Buckets: 131072  Batches: 16  Memory Usage: 2167kB
        ->  Seq Scan on title t  (cost=0.00..73925.90 rows=650500 width=4) (actual time=0.026..855.115 rows=521865 loops=1)
              Filter: ((kind_id < 4) AND (production_year > 1982))
              Rows Removed by Filter: 2006447
Planning time: 0.746 ms
Execution time: 1718.990 ms
