Hash Join  (cost=96375.19..151068.49 rows=2777 width=0) (actual time=1187.386..2012.551 rows=4374 loops=1)
  Hash Cond: (mc.movie_id = t.id)
  ->  Seq Scan on movie_companies mc  (cost=0.00..44881.29 rows=2609129 width=4) (actual time=0.020..445.629 rows=2609129 loops=1)
  ->  Hash  (cost=96341.54..96341.54 rows=2692 width=8) (actual time=1086.618..1086.618 rows=1378 loops=1)
        Buckets: 4096  Batches: 1  Memory Usage: 86kB
        ->  Hash Join  (cost=67697.55..96341.54 rows=2692 width=8) (actual time=851.911..1086.180 rows=1378 loops=1)
              Hash Cond: (mi_idx.movie_id = t.id)
              ->  Seq Scan on movie_info_idx mi_idx  (cost=0.00..25185.44 rows=915101 width=4) (actual time=0.010..272.600 rows=919850 loops=1)
                    Filter: (info_type_id < 101)
                    Rows Removed by Filter: 460185
              ->  Hash  (cost=67604.59..67604.59 rows=7437 width=4) (actual time=714.583..714.583 rows=2543 loops=1)
                    Buckets: 8192  Batches: 1  Memory Usage: 154kB
                    ->  Seq Scan on title t  (cost=0.00..67604.59 rows=7437 width=4) (actual time=0.016..713.411 rows=2543 loops=1)
                          Filter: (production_year = 1930)
                          Rows Removed by Filter: 2525769
Planning time: 0.895 ms
Execution time: 2013.370 ms
