Hash Join  (cost=68237.77..945742.61 rows=412976 width=0) (actual time=719.778..16658.968 rows=431718 loops=1)
  Hash Cond: (ci.movie_id = t.id)
  ->  Seq Scan on cast_info ci  (cost=0.00..796071.18 rows=20614373 width=4) (actual time=0.080..11281.422 rows=22370549 loops=1)
        Filter: ((person_id > 416605) AND (role_id > 1))
        Rows Removed by Filter: 13873795
  ->  Hash  (cost=67604.59..67604.59 rows=50655 width=4) (actual time=719.108..719.108 rows=50564 loops=1)
        Buckets: 65536  Batches: 1  Memory Usage: 2290kB
        ->  Seq Scan on title t  (cost=0.00..67604.59 rows=50655 width=4) (actual time=0.030..700.101 rows=50564 loops=1)
              Filter: (production_year = 1999)
              Rows Removed by Filter: 2477748
Planning time: 0.759 ms
Execution time: 16711.299 ms
