Hash Join  (cost=102767.86..197595.22 rows=1122980 width=0) (actual time=1418.475..2793.555 rows=925687 loops=1)
  Hash Cond: (mc.movie_id = t.id)
  ->  Seq Scan on movie_companies mc  (cost=0.00..57926.93 rows=1122980 width=4) (actual time=0.019..543.640 rows=925687 loops=1)
        Filter: ((company_id < 81145) AND (company_type_id > 1))
        Rows Removed by Filter: 1683442
  ->  Hash  (cost=61283.27..61283.27 rows=2528527 width=4) (actual time=1416.412..1416.412 rows=2528312 loops=1)
        Buckets: 131072  Batches: 64  Memory Usage: 2415kB
        ->  Seq Scan on title t  (cost=0.00..61283.27 rows=2528527 width=4) (actual time=0.016..673.031 rows=2528312 loops=1)
Planning time: 0.731 ms
Execution time: 2876.153 ms
