Seq Scan on movie_keyword mk  (cost=0.00..81003.12 rows=4326087 width=0) (actual time=0.017..5188.579 rows=4323630 loops=1)
  Filter: (keyword_id < 68647)
  Rows Removed by Filter: 200300
Planning time: 0.270 ms
Execution time: 6051.686 ms
