Hash Join  (cost=130107.03..974078.22 rows=211430 width=0) (actual time=2669.018..13562.553 rows=722698 loops=1)
  Hash Cond: (ci.movie_id = t.id)
  ->  Seq Scan on cast_info ci  (cost=0.00..796071.18 rows=12209523 width=4) (actual time=880.126..9068.436 rows=13395153 loops=1)
        Filter: ((person_id < 1378598) AND (role_id < 10))
        Rows Removed by Filter: 22849191
  ->  Hash  (cost=129559.70..129559.70 rows=43786 width=8) (actual time=1788.458..1788.458 rows=51013 loops=1)
        Buckets: 65536  Batches: 1  Memory Usage: 2505kB
        ->  Hash Join  (cost=74456.32..129559.70 rows=43786 width=8) (actual time=758.063..1771.932 rows=51013 loops=1)
              Hash Cond: (mc.movie_id = t.id)
              ->  Seq Scan on movie_companies mc  (cost=0.00..44881.29 rows=2609129 width=4) (actual time=0.028..398.459 rows=2609129 loops=1)
              ->  Hash  (cost=73925.90..73925.90 rows=42433 width=4) (actual time=757.686..757.686 rows=37411 loops=1)
                    Buckets: 65536  Batches: 1  Memory Usage: 1828kB
                    ->  Seq Scan on title t  (cost=0.00..73925.90 rows=42433 width=4) (actual time=173.424..744.136 rows=37411 loops=1)
                          Filter: ((kind_id = 1) AND (production_year = 2011))
                          Rows Removed by Filter: 2490901
Planning time: 0.774 ms
Execution time: 13639.590 ms
