Seq Scan on movie_companies mc  (cost=0.00..57926.93 rows=770976 width=0) (actual time=0.020..758.194 rows=556197 loops=1)
  Filter: ((company_id > 5826) AND (company_type_id < 2))
  Rows Removed by Filter: 2052932
Planning time: 0.327 ms
Execution time: 820.680 ms
