Seq Scan on cast_info ci  (cost=0.00..796071.18 rows=23146691 width=0) (actual time=105.322..11722.161 rows=26626256 loops=1)
  Filter: ((person_id < 3180111) AND (role_id < 5))
  Rows Removed by Filter: 9618088
Planning time: 0.396 ms
Execution time: 14456.096 ms
