Hash Join  (cost=202101.47..1262423.42 rows=7401075 width=0) (actual time=4006.314..24848.406 rows=14864102 loops=1)
  Hash Cond: (ci.movie_id = t.id)
  ->  Seq Scan on cast_info ci  (cost=0.00..705507.15 rows=24022411 width=4) (actual time=1260.806..10270.714 rows=24130698 loops=1)
        Filter: (role_id < 4)
        Rows Removed by Filter: 12113646
  ->  Hash  (cost=189319.79..189319.79 rows=779015 width=8) (actual time=2744.582..2744.582 rows=998932 loops=1)
        Buckets: 131072  Batches: 16  Memory Usage: 3462kB
        ->  Hash Join  (cost=102767.86..189319.79 rows=779015 width=8) (actual time=1081.696..2525.532 rows=998932 loops=1)
              Hash Cond: (mc.movie_id = t.id)
              ->  Seq Scan on movie_companies mc  (cost=0.00..57926.93 rows=779015 width=4) (actual time=0.026..567.016 rows=998932 loops=1)
                    Filter: ((company_id > 6800) AND (company_type_id > 1))
                    Rows Removed by Filter: 1610197
              ->  Hash  (cost=61283.27..61283.27 rows=2528527 width=4) (actual time=1080.041..1080.041 rows=2528312 loops=1)
                    Buckets: 131072  Batches: 64  Memory Usage: 2415kB
                    ->  Seq Scan on title t  (cost=0.00..61283.27 rows=2528527 width=4) (actual time=0.026..532.273 rows=2528312 loops=1)
Planning time: 1.190 ms
Execution time: 25979.118 ms
