Hash Join  (cost=67697.55..901761.93 rows=100047 width=0) (actual time=701.967..15684.725 rows=323751 loops=1)
  Hash Cond: (ci.movie_id = t.id)
  ->  Seq Scan on cast_info ci  (cost=0.00..705507.15 rows=34015136 width=4) (actual time=0.005..8427.914 rows=33995134 loops=1)
        Filter: (person_id < 3622361)
        Rows Removed by Filter: 2249210
  ->  Hash  (cost=67604.59..67604.59 rows=7437 width=4) (actual time=701.778..701.778 rows=21312 loops=1)
        Buckets: 32768 (originally 8192)  Batches: 1 (originally 1)  Memory Usage: 1006kB
        ->  Seq Scan on title t  (cost=0.00..67604.59 rows=7437 width=4) (actual time=0.024..692.945 rows=21312 loops=1)
              Filter: (production_year = 1989)
              Rows Removed by Filter: 2507000
Planning time: 0.537 ms
Execution time: 15729.055 ms
