Hash Join  (cost=106561.27..285976.93 rows=4248271 width=0) (actual time=1279.904..4423.584 rows=4457755 loops=1)
  Hash Cond: (mk.movie_id = t.id)
  ->  Seq Scan on movie_keyword mk  (cost=0.00..69693.30 rows=4523930 width=4) (actual time=0.018..766.897 rows=4523930 loops=1)
  ->  Hash  (cost=67604.59..67604.59 rows=2374455 width=4) (actual time=1279.003..1279.003 rows=2370958 loops=1)
        Buckets: 131072  Batches: 32  Memory Usage: 3641kB
        ->  Seq Scan on title t  (cost=0.00..67604.59 rows=2374455 width=4) (actual time=0.010..739.971 rows=2370958 loops=1)
              Filter: (production_year > 1919)
              Rows Removed by Filter: 157354
Planning time: 0.716 ms
Execution time: 4771.315 ms
