Hash Join  (cost=211030.71..250030.13 rows=155436 width=0) (actual time=2838.131..3530.433 rows=657730 loops=1)
  Hash Cond: (mi_idx.movie_id = t.id)
  ->  Seq Scan on movie_info_idx mi_idx  (cost=0.00..25185.44 rows=915101 width=4) (actual time=0.011..297.982 rows=919850 loops=1)
        Filter: (info_type_id < 101)
        Rows Removed by Filter: 460185
  ->  Hash  (cost=203984.13..203984.13 rows=429486 width=8) (actual time=2837.439..2837.439 rows=424506 loops=1)
        Buckets: 131072  Batches: 8  Memory Usage: 3122kB
        ->  Hash Join  (cost=102767.86..203984.13 rows=429486 width=8) (actual time=1311.089..2756.823 rows=424506 loops=1)
              Hash Cond: (mk.movie_id = t.id)
              ->  Seq Scan on movie_keyword mk  (cost=0.00..81003.12 rows=429486 width=4) (actual time=0.022..923.850 rows=424506 loops=1)
                    Filter: (keyword_id > 41183)
                    Rows Removed by Filter: 4099424
              ->  Hash  (cost=61283.27..61283.27 rows=2528527 width=4) (actual time=1309.937..1309.937 rows=2528312 loops=1)
                    Buckets: 131072  Batches: 64  Memory Usage: 2425kB
                    ->  Seq Scan on title t  (cost=0.00..61283.27 rows=2528527 width=4) (actual time=0.018..615.153 rows=2528312 loops=1)
Planning time: 0.776 ms
Execution time: 3575.155 ms
