Hash Join  (cost=74745.21..911311.62 rows=261824 width=0) (actual time=3635.678..13089.643 rows=277407 loops=1)
  Hash Cond: (ci.movie_id = t.id)
  ->  Seq Scan on cast_info ci  (cost=0.00..796071.18 rows=10100532 width=4) (actual time=2937.327..9771.360 rows=12670688 loops=1)
        Filter: ((person_id < 2919718) AND (role_id < 2))
        Rows Removed by Filter: 23573656
  ->  Hash  (cost=73925.90..73925.90 rows=65544 width=4) (actual time=697.448..697.448 rows=62209 loops=1)
        Buckets: 131072  Batches: 1  Memory Usage: 3212kB
        ->  Seq Scan on title t  (cost=0.00..73925.90 rows=65544 width=4) (actual time=141.864..674.524 rows=62209 loops=1)
              Filter: ((production_year < 2006) AND (kind_id = 4))
              Rows Removed by Filter: 2466103
Planning time: 0.807 ms
Execution time: 13120.491 ms
