Hash Join  (cost=102767.86..1230988.02 rows=17156739 width=0) (actual time=1164.527..19547.061 rows=17024345 loops=1)
  Hash Cond: (ci.movie_id = t.id)
  ->  Seq Scan on cast_info ci  (cost=0.00..705507.15 rows=17156739 width=4) (actual time=3.649..7930.558 rows=17024345 loops=1)
        Filter: (person_id < 1682968)
        Rows Removed by Filter: 19219999
  ->  Hash  (cost=61283.27..61283.27 rows=2528527 width=4) (actual time=1146.428..1146.428 rows=2528312 loops=1)
        Buckets: 131072  Batches: 64  Memory Usage: 2415kB
        ->  Seq Scan on title t  (cost=0.00..61283.27 rows=2528527 width=4) (actual time=0.023..550.759 rows=2528312 loops=1)
Planning time: 0.795 ms
Execution time: 20824.800 ms
