Hash Join  (cost=67697.55..419024.74 rows=3965 width=0) (actual time=813.877..4115.650 rows=1973 loops=1)
  Hash Cond: (mi.movie_id = t.id)
  ->  Seq Scan on movie_info mi  (cost=0.00..346232.03 rows=1348138 width=4) (actual time=0.020..3325.807 rows=1298989 loops=1)
        Filter: (info_type_id = 4)
        Rows Removed by Filter: 13536731
  ->  Hash  (cost=67604.59..67604.59 rows=7437 width=4) (actual time=645.375..645.375 rows=4514 loops=1)
        Buckets: 8192  Batches: 1  Memory Usage: 223kB
        ->  Seq Scan on title t  (cost=0.00..67604.59 rows=7437 width=4) (actual time=11.211..643.432 rows=4514 loops=1)
              Filter: (production_year = 1917)
              Rows Removed by Filter: 2523798
Planning time: 0.519 ms
Execution time: 4116.004 ms
