Hash Join  (cost=102767.86..940487.90 rows=1320299 width=0) (actual time=2962.599..11478.116 rows=4752237 loops=1)
  Hash Cond: (ci.movie_id = t.id)
  ->  Seq Scan on cast_info ci  (cost=0.00..796071.18 rows=1320299 width=4) (actual time=1772.492..7608.159 rows=4752237 loops=1)
        Filter: ((person_id > 3157314) AND (role_id > 4))
        Rows Removed by Filter: 31492107
  ->  Hash  (cost=61283.27..61283.27 rows=2528527 width=4) (actual time=1189.223..1189.223 rows=2528312 loops=1)
        Buckets: 131072  Batches: 64  Memory Usage: 2415kB
        ->  Seq Scan on title t  (cost=0.00..61283.27 rows=2528527 width=4) (actual time=0.020..566.246 rows=2528312 loops=1)
Planning time: 0.805 ms
Execution time: 11807.945 ms
