Hash Join  (cost=83074.26..137740.91 rows=112 width=0) (actual time=1164.585..1755.953 rows=97 loops=1)
  Hash Cond: (mc.movie_id = t.id)
  ->  Seq Scan on movie_companies mc  (cost=0.00..44881.29 rows=2609129 width=4) (actual time=0.022..386.565 rows=2609129 loops=1)
  ->  Hash  (cost=83072.90..83072.90 rows=109 width=8) (actual time=942.208..942.208 rows=25 loops=1)
        Buckets: 1024  Batches: 1  Memory Usage: 9kB
        ->  Nested Loop  (cost=0.43..83072.90 rows=109 width=8) (actual time=602.592..942.185 rows=25 loops=1)
              ->  Seq Scan on movie_keyword mk  (cost=0.00..81003.12 rows=246 width=4) (actual time=1.763..930.236 rows=524 loops=1)
                    Filter: (keyword_id = 11529)
                    Rows Removed by Filter: 4523406
              ->  Index Scan using title_pkey on title t  (cost=0.43..8.40 rows=1 width=4) (actual time=0.022..0.022 rows=0 loops=524)
                    Index Cond: (id = mk.movie_id)
                    Filter: ((production_year > 1986) AND (kind_id = 7))
                    Rows Removed by Filter: 1
Planning time: 1.085 ms
Execution time: 1756.092 ms
