Hash Join  (cost=235709.06..708908.39 rows=3014562 width=0) (actual time=4842.598..14821.860 rows=41950679 loops=1)
  Hash Cond: (mi.movie_id = t.id)
  ->  Seq Scan on movie_info mi  (cost=0.00..346232.03 rows=7235534 width=4) (actual time=974.850..3486.020 rows=7286865 loops=1)
        Filter: (info_type_id < 8)
        Rows Removed by Filter: 7548855
  ->  Hash  (cost=218424.71..218424.71 rows=1053468 width=8) (actual time=3805.473..3805.473 rows=2209114 loops=1)
        Buckets: 131072 (originally 131072)  Batches: 32 (originally 16)  Memory Usage: 3708kB
        ->  Hash Join  (cost=83586.99..218424.71 rows=1053468 width=8) (actual time=1075.875..3417.665 rows=2209114 loops=1)
              Hash Cond: (mk.movie_id = t.id)
              ->  Seq Scan on movie_keyword mk  (cost=0.00..69693.30 rows=4523930 width=4) (actual time=0.030..755.840 rows=4523930 loops=1)
              ->  Hash  (cost=73925.90..73925.90 rows=588807 width=4) (actual time=1075.042..1075.042 rows=470102 loops=1)
                    Buckets: 131072  Batches: 8  Memory Usage: 3112kB
                    ->  Seq Scan on title t  (cost=0.00..73925.90 rows=588807 width=4) (actual time=0.020..940.699 rows=470102 loops=1)
                          Filter: ((production_year > 1958) AND (kind_id = 1))
                          Rows Removed by Filter: 2058210
Planning time: 1.143 ms
Execution time: 17523.815 ms
