Seq Scan on movie_keyword mk  (cost=0.00..81003.12 rows=2848361 width=0) (actual time=0.013..794.089 rows=2839637 loops=1)
  Filter: (keyword_id > 2615)
  Rows Removed by Filter: 1684293
Planning time: 0.217 ms
Execution time: 1036.617 ms
