Seq Scan on movie_keyword mk  (cost=0.00..81003.12 rows=246 width=0) (actual time=92.598..3555.384 rows=96 loops=1)
  Filter: (keyword_id = 3198)
  Rows Removed by Filter: 4523834
Planning time: 0.358 ms
Execution time: 3555.588 ms
