Hash Join  (cost=102767.86..1495368.44 rows=28143965 width=0) (actual time=1124.542..24711.810 rows=28290080 loops=1)
  Hash Cond: (ci.movie_id = t.id)
  ->  Seq Scan on cast_info ci  (cost=0.00..705507.15 rows=28143965 width=4) (actual time=0.014..8855.314 rows=28290080 loops=1)
        Filter: (person_id > 777158)
        Rows Removed by Filter: 7954264
  ->  Hash  (cost=61283.27..61283.27 rows=2528527 width=4) (actual time=1122.957..1122.957 rows=2528312 loops=1)
        Buckets: 131072  Batches: 64  Memory Usage: 2415kB
        ->  Seq Scan on title t  (cost=0.00..61283.27 rows=2528527 width=4) (actual time=0.011..542.454 rows=2528312 loops=1)
Planning time: 0.572 ms
Execution time: 26813.147 ms
