Seq Scan on movie_keyword mk  (cost=0.00..81003.12 rows=735348 width=0) (actual time=0.015..689.026 rows=737134 loops=1)
  Filter: (keyword_id < 661)
  Rows Removed by Filter: 3786796
Planning time: 0.322 ms
Execution time: 751.646 ms
