Nested Loop  (cost=0.43..83071.67 rows=246 width=0) (actual time=0.304..831.268 rows=2614 loops=1)
  ->  Seq Scan on movie_keyword mk  (cost=0.00..81003.12 rows=246 width=4) (actual time=0.184..795.169 rows=2614 loops=1)
        Filter: (keyword_id = 869)
        Rows Removed by Filter: 4521316
  ->  Index Only Scan using title_pkey on title t  (cost=0.43..8.40 rows=1 width=4) (actual time=0.013..0.013 rows=1 loops=2614)
        Index Cond: (id = mk.movie_id)
        Heap Fetches: 2614
Planning time: 0.712 ms
Execution time: 832.041 ms
