Seq Scan on movie_companies mc  (cost=0.00..57926.93 rows=244608 width=0) (actual time=0.019..491.057 rows=483185 loops=1)
  Filter: ((company_id > 75058) AND (company_type_id = 2))
  Rows Removed by Filter: 2125944
Planning time: 0.265 ms
Execution time: 532.152 ms
