Hash Join  (cost=101080.03..465904.13 rows=16819 width=0) (actual time=971.090..5212.034 rows=130623 loops=1)
  Hash Cond: (mi.movie_id = t.id)
  ->  Seq Scan on movie_info mi  (cost=0.00..309384.22 rows=14739122 width=4) (actual time=0.020..1983.420 rows=14835720 loops=1)
  ->  Hash  (cost=101043.97..101043.97 rows=2885 width=8) (actual time=970.967..970.967 rows=5009 loops=1)
        Buckets: 8192 (originally 4096)  Batches: 1 (originally 1)  Memory Usage: 260kB
        ->  Hash Join  (cost=74126.72..101043.97 rows=2885 width=8) (actual time=809.074..969.671 rows=5009 loops=1)
              Hash Cond: (mi_idx.movie_id = t.id)
              ->  Seq Scan on movie_info_idx mi_idx  (cost=0.00..25185.44 rows=454124 width=4) (actual time=0.016..230.400 rows=459925 loops=1)
                    Filter: (info_type_id = 100)
                    Rows Removed by Filter: 920110
              ->  Hash  (cost=73925.90..73925.90 rows=16065 width=4) (actual time=678.366..678.366 rows=9704 loops=1)
                    Buckets: 16384  Batches: 1  Memory Usage: 470kB
                    ->  Seq Scan on title t  (cost=0.00..73925.90 rows=16065 width=4) (actual time=197.272..675.115 rows=9704 loops=1)
                          Filter: ((kind_id = 1) AND (production_year = 2002))
                          Rows Removed by Filter: 2518608
Planning time: 1.170 ms
Execution time: 5228.517 ms
