Seq Scan on cast_info ci  (cost=0.00..796071.18 rows=8204966 width=0) (actual time=138.472..6788.944 rows=4254671 loops=1)
  Filter: ((person_id > 2147034) AND (role_id < 3))
  Rows Removed by Filter: 31989673
Planning time: 0.349 ms
Execution time: 7092.326 ms
