Hash Join  (cost=122535.74..474627.54 rows=4704 width=0) (actual time=2807.864..4076.348 rows=7256 loops=1)
  Hash Cond: (mi.movie_id = t.id)
  ->  Seq Scan on movie_info mi  (cost=0.00..346232.03 rows=1550064 width=4) (actual time=1537.171..2659.874 rows=1533909 loops=1)
        Filter: (info_type_id = 3)
        Rows Removed by Filter: 13301811
  ->  Hash  (cost=122439.81..122439.81 rows=7674 width=8) (actual time=1240.689..1240.689 rows=4896 loops=1)
        Buckets: 8192  Batches: 1  Memory Usage: 256kB
        ->  Hash Join  (cost=67697.55..122439.81 rows=7674 width=8) (actual time=607.320..1239.073 rows=4896 loops=1)
              Hash Cond: (mc.movie_id = t.id)
              ->  Seq Scan on movie_companies mc  (cost=0.00..44881.29 rows=2609129 width=4) (actual time=0.018..297.341 rows=2609129 loops=1)
              ->  Hash  (cost=67604.59..67604.59 rows=7437 width=4) (actual time=607.181..607.181 rows=2615 loops=1)
                    Buckets: 8192  Batches: 1  Memory Usage: 156kB
                    ->  Seq Scan on title t  (cost=0.00..67604.59 rows=7437 width=4) (actual time=306.764..606.055 rows=2615 loops=1)
                          Filter: (production_year = 1924)
                          Rows Removed by Filter: 2525697
Planning time: 1.195 ms
Execution time: 4077.332 ms
