Seq Scan on cast_info ci  (cost=0.00..705507.15 rows=10159715 width=0) (actual time=2283.587..6371.024 rows=10190566 loops=1)
  Filter: (person_id > 2696474)
  Rows Removed by Filter: 26053778
Planning time: 0.225 ms
Execution time: 7173.292 ms
