Hash Join  (cost=83073.47..109984.47 rows=52 width=0) (actual time=879.802..1342.793 rows=2435 loops=1)
  Hash Cond: (mi_idx.movie_id = t.id)
  ->  Seq Scan on movie_info_idx mi_idx  (cost=0.00..21735.35 rows=1380035 width=4) (actual time=0.017..206.564 rows=1380035 loops=1)
  ->  Hash  (cost=83072.29..83072.29 rows=95 width=8) (actual time=879.560..879.560 rows=963 loops=1)
        Buckets: 1024  Batches: 1  Memory Usage: 46kB
        ->  Nested Loop  (cost=0.43..83072.29 rows=95 width=8) (actual time=1.830..878.937 rows=963 loops=1)
              ->  Seq Scan on movie_keyword mk  (cost=0.00..81003.12 rows=246 width=4) (actual time=1.783..853.528 rows=1503 loops=1)
                    Filter: (keyword_id = 545)
                    Rows Removed by Filter: 4522427
              ->  Index Scan using title_pkey on title t  (cost=0.43..8.40 rows=1 width=4) (actual time=0.016..0.016 rows=1 loops=1503)
                    Index Cond: (id = mk.movie_id)
                    Filter: (production_year < 1999)
                    Rows Removed by Filter: 0
Planning time: 1.145 ms
Execution time: 1343.348 ms
