Hash Join  (cost=187944.19..231165.85 rows=322217 width=0) (actual time=2384.959..3075.656 rows=826240 loops=1)
  Hash Cond: (mi_idx.movie_id = t.id)
  ->  Seq Scan on movie_info_idx mi_idx  (cost=0.00..21735.35 rows=1380035 width=4) (actual time=0.010..184.081 rows=1380035 loops=1)
  ->  Hash  (cost=178257.53..178257.53 rows=590373 width=8) (actual time=2383.942..2383.942 rows=597442 loops=1)
        Buckets: 131072  Batches: 8  Memory Usage: 3954kB
        ->  Hash Join  (cost=102767.86..178257.53 rows=590373 width=8) (actual time=1212.444..2273.272 rows=597442 loops=1)
              Hash Cond: (mc.movie_id = t.id)
              ->  Seq Scan on movie_companies mc  (cost=0.00..51404.11 rows=590373 width=4) (actual time=0.016..495.922 rows=597442 loops=1)
                    Filter: (company_id > 68527)
                    Rows Removed by Filter: 2011687
              ->  Hash  (cost=61283.27..61283.27 rows=2528527 width=4) (actual time=1211.257..1211.257 rows=2528312 loops=1)
                    Buckets: 131072  Batches: 64  Memory Usage: 2415kB
                    ->  Seq Scan on title t  (cost=0.00..61283.27 rows=2528527 width=4) (actual time=0.012..576.983 rows=2528312 loops=1)
Planning time: 0.762 ms
Execution time: 3128.838 ms
