Hash Join  (cost=102767.86..189989.13 rows=1077979 width=0) (actual time=1021.448..2213.780 rows=1073885 loops=1)
  Hash Cond: (mc.movie_id = t.id)
  ->  Seq Scan on movie_companies mc  (cost=0.00..51404.11 rows=1077979 width=4) (actual time=0.023..430.401 rows=1073885 loops=1)
        Filter: (company_id < 6727)
        Rows Removed by Filter: 1535244
  ->  Hash  (cost=61283.27..61283.27 rows=2528527 width=4) (actual time=1020.562..1020.562 rows=2528312 loops=1)
        Buckets: 131072  Batches: 64  Memory Usage: 2415kB
        ->  Seq Scan on title t  (cost=0.00..61283.27 rows=2528527 width=4) (actual time=0.012..494.392 rows=2528312 loops=1)
Planning time: 0.485 ms
Execution time: 2291.322 ms
