Hash Join  (cost=219197.63..386484.87 rows=2636015 width=0) (actual time=14232.497..18311.634 rows=1456037 loops=1)
  Hash Cond: (mk.movie_id = t.id)
  ->  Seq Scan on movie_keyword mk  (cost=0.00..81003.12 rows=4192193 width=4) (actual time=0.013..5620.481 rows=4175896 loops=1)
        Filter: (keyword_id > 301)
        Rows Removed by Filter: 348034
  ->  Hash  (cost=193112.68..193112.68 rows=1589916 width=8) (actual time=9562.117..9562.117 rows=717308 loops=1)
        Buckets: 131072  Batches: 32  Memory Usage: 1877kB
        ->  Hash Join  (cost=92883.59..193112.68 rows=1589916 width=8) (actual time=4541.122..9321.662 rows=717308 loops=1)
              Hash Cond: (mc.movie_id = t.id)
              ->  Seq Scan on movie_companies mc  (cost=0.00..44881.29 rows=2609129 width=4) (actual time=0.011..2665.746 rows=2609129 loops=1)
              ->  Hash  (cost=67604.59..67604.59 rows=1540800 width=4) (actual time=4539.901..4539.901 rows=1543264 loops=1)
                    Buckets: 131072  Batches: 32  Memory Usage: 2722kB
                    ->  Seq Scan on title t  (cost=0.00..67604.59 rows=1540800 width=4) (actual time=0.010..3617.249 rows=1543264 loops=1)
                          Filter: (kind_id = 7)
                          Rows Removed by Filter: 985048
Planning time: 1.139 ms
Execution time: 18506.388 ms
