Nested Loop  (cost=0.43..52283.95 rows=69 width=0) (actual time=231.297..459.408 rows=135 loops=1)
  ->  Seq Scan on movie_companies mc  (cost=0.00..51404.11 rows=104 width=4) (actual time=164.674..455.041 rows=216 loops=1)
        Filter: (company_id = 1389)
        Rows Removed by Filter: 2608913
  ->  Index Scan using title_pkey on title t  (cost=0.43..8.45 rows=1 width=4) (actual time=0.019..0.019 rows=1 loops=216)
        Index Cond: (id = mc.movie_id)
        Filter: (production_year < 2008)
        Rows Removed by Filter: 0
Planning time: 0.501 ms
Execution time: 459.533 ms
