Seq Scan on movie_companies mc  (cost=0.00..57926.93 rows=1029276 width=0) (actual time=0.028..591.053 rows=901401 loops=1)
  Filter: ((company_id > 465) AND (company_type_id = 1))
  Rows Removed by Filter: 1707728
Planning time: 0.346 ms
Execution time: 671.504 ms
