Seq Scan on movie_keyword mk  (cost=0.00..81003.12 rows=4478572 width=0) (actual time=0.016..770.894 rows=4482006 loops=1)
  Filter: (keyword_id < 103618)
  Rows Removed by Filter: 41924
Planning time: 0.193 ms
Execution time: 1108.407 ms
