Nested Loop  (cost=0.43..83072.29 rows=151 width=0) (actual time=41.234..814.271 rows=99 loops=1)
  ->  Seq Scan on movie_keyword mk  (cost=0.00..81003.12 rows=246 width=4) (actual time=20.193..810.573 rows=122 loops=1)
        Filter: (keyword_id = 32970)
        Rows Removed by Filter: 4523808
  ->  Index Scan using title_pkey on title t  (cost=0.43..8.40 rows=1 width=4) (actual time=0.028..0.028 rows=1 loops=122)
        Index Cond: (id = mk.movie_id)
        Filter: (production_year < 2007)
        Rows Removed by Filter: 0
Planning time: 0.549 ms
Execution time: 814.403 ms
