Hash Join  (cost=253722.25..825854.37 rows=8652719 width=0) (actual time=3053.779..19200.791 rows=80424934 loops=1)
  Hash Cond: (mi.movie_id = t.id)
  ->  Seq Scan on movie_info mi  (cost=0.00..309384.22 rows=14739122 width=4) (actual time=0.011..2414.412 rows=14835720 loops=1)
  ->  Hash  (cost=229368.35..229368.35 rows=1484392 width=8) (actual time=3052.671..3052.671 rows=1496861 loops=1)
        Buckets: 131072  Batches: 32  Memory Usage: 2921kB
        ->  Hash Join  (cost=102767.86..229368.35 rows=1484392 width=8) (actual time=1270.258..2805.120 rows=1496861 loops=1)
              Hash Cond: (mk.movie_id = t.id)
              ->  Seq Scan on movie_keyword mk  (cost=0.00..81003.12 rows=1484392 width=4) (actual time=0.020..647.839 rows=1496861 loops=1)
                    Filter: (keyword_id > 10833)
                    Rows Removed by Filter: 3027069
              ->  Hash  (cost=61283.27..61283.27 rows=2528527 width=4) (actual time=1269.396..1269.396 rows=2528312 loops=1)
                    Buckets: 131072  Batches: 64  Memory Usage: 2425kB
                    ->  Seq Scan on title t  (cost=0.00..61283.27 rows=2528527 width=4) (actual time=0.023..607.280 rows=2528312 loops=1)
Planning time: 0.956 ms
Execution time: 24100.177 ms
