Hash Join  (cost=83074.74..447745.01 rows=1434 width=0) (actual time=762.854..4412.283 rows=468 loops=1)
  Hash Cond: (mi.movie_id = t.id)
  ->  Seq Scan on movie_info mi  (cost=0.00..309384.22 rows=14739122 width=4) (actual time=0.022..1866.275 rows=14835720 loops=1)
  ->  Hash  (cost=83071.67..83071.67 rows=246 width=8) (actual time=760.049..760.049 rows=33 loops=1)
        Buckets: 1024  Batches: 1  Memory Usage: 10kB
        ->  Nested Loop  (cost=0.43..83071.67 rows=246 width=8) (actual time=37.992..760.012 rows=33 loops=1)
              ->  Seq Scan on movie_keyword mk  (cost=0.00..81003.12 rows=246 width=4) (actual time=37.892..759.066 rows=33 loops=1)
                    Filter: (keyword_id = 6192)
                    Rows Removed by Filter: 4523897
              ->  Index Only Scan using title_pkey on title t  (cost=0.43..8.40 rows=1 width=4) (actual time=0.025..0.025 rows=1 loops=33)
                    Index Cond: (id = mk.movie_id)
                    Heap Fetches: 33
Planning time: 1.092 ms
Execution time: 4412.520 ms
