Hash Join  (cost=78598.05..118957.57 rows=155403 width=0) (actual time=4195.391..6764.260 rows=61413 loops=1)
  Hash Cond: (mi_idx.movie_id = t.id)
  ->  Seq Scan on movie_info_idx mi_idx  (cost=0.00..21735.35 rows=1380035 width=4) (actual time=0.024..1796.060 rows=1380035 loops=1)
  ->  Hash  (cost=73925.90..73925.90 rows=284732 width=4) (actual time=4194.378..4194.378 rows=150368 loops=1)
        Buckets: 131072  Batches: 4  Memory Usage: 2345kB
        ->  Seq Scan on title t  (cost=0.00..73925.90 rows=284732 width=4) (actual time=0.021..3949.193 rows=150368 loops=1)
              Filter: ((kind_id > 1) AND (production_year < 1971))
              Rows Removed by Filter: 2377944
Planning time: 4.605 ms
Execution time: 6775.179 ms
