Hash Join  (cost=78556.72..150609.20 rows=214073 width=0) (actual time=975.598..1855.654 rows=585823 loops=1)
  Hash Cond: (mc.movie_id = t.id)
  ->  Seq Scan on movie_companies mc  (cost=0.00..57926.93 rows=810883 width=4) (actual time=0.025..467.026 rows=1026365 loops=1)
        Filter: ((company_id > 5296) AND (company_type_id > 1))
        Rows Removed by Filter: 1582764
  ->  Hash  (cost=67604.59..67604.59 rows=667531 width=4) (actual time=974.514..974.514 rows=662825 loops=1)
        Buckets: 131072  Batches: 16  Memory Usage: 2476kB
        ->  Seq Scan on title t  (cost=0.00..67604.59 rows=667531 width=4) (actual time=0.020..784.890 rows=662825 loops=1)
              Filter: (kind_id = 1)
              Rows Removed by Filter: 1865487
Planning time: 0.693 ms
Execution time: 1896.291 ms
