Hash Join  (cost=422183.56..516766.26 rows=34887 width=0) (actual time=3305.941..4393.717 rows=589572 loops=1)
  Hash Cond: (mk.movie_id = t.id)
  ->  Seq Scan on movie_keyword mk  (cost=0.00..81003.12 rows=3528188 width=4) (actual time=0.017..692.475 rows=3520723 loops=1)
        Filter: (keyword_id > 957)
        Rows Removed by Filter: 1003207
  ->  Hash  (cost=421871.04..421871.04 rows=25002 width=8) (actual time=3303.994..3303.994 rows=21807 loops=1)
        Buckets: 32768  Batches: 1  Memory Usage: 1108kB
        ->  Hash Join  (cost=70308.29..421871.04 rows=25002 width=8) (actual time=1621.087..3297.347 rows=21807 loops=1)
              Hash Cond: (mi.movie_id = t.id)
              ->  Seq Scan on movie_info mi  (cost=0.00..346232.03 rows=383654 width=4) (actual time=831.211..2464.089 rows=428651 loops=1)
                    Filter: (info_type_id > 104)
                    Rows Removed by Filter: 14407069
              ->  Hash  (cost=67604.59..67604.59 rows=164776 width=4) (actual time=665.890..665.890 rows=164307 loops=1)
                    Buckets: 131072  Batches: 4  Memory Usage: 2488kB
                    ->  Seq Scan on title t  (cost=0.00..67604.59 rows=164776 width=4) (actual time=0.022..619.703 rows=164307 loops=1)
                          Filter: (production_year = 2012)
                          Rows Removed by Filter: 2364005
Planning time: 1.184 ms
Execution time: 4435.623 ms
