Nested Loop  (cost=0.43..447847.04 rows=13831 width=0) (actual time=1254.068..2495.819 rows=103793 loops=1)
  ->  Seq Scan on movie_info mi  (cost=0.00..346232.03 rows=17937 width=4) (actual time=1254.021..2029.028 rows=140065 loops=1)
        Filter: (info_type_id = 9)
        Rows Removed by Filter: 14695655
  ->  Index Scan using title_pkey on title t  (cost=0.43..5.66 rows=1 width=4) (actual time=0.003..0.003 rows=1 loops=140065)
        Index Cond: (id = mi.movie_id)
        Filter: (production_year > 1979)
        Rows Removed by Filter: 0
Planning time: 0.498 ms
Execution time: 2508.845 ms
