Seq Scan on movie_companies mc  (cost=0.00..51404.11 rows=104 width=0) (actual time=277.288..435.370 rows=210 loops=1)
  Filter: (company_id = 11782)
  Rows Removed by Filter: 2608919
Planning time: 0.336 ms
Execution time: 435.476 ms
