Hash Join  (cost=423185.76..480982.12 rows=20374 width=0) (actual time=2877.063..3473.331 rows=38863 loops=1)
  Hash Cond: (mc.movie_id = t.id)
  ->  Seq Scan on movie_companies mc  (cost=0.00..51404.11 rows=1650266 width=4) (actual time=0.029..410.381 rows=1650013 loops=1)
        Filter: (company_id > 3889)
        Rows Removed by Filter: 959116
  ->  Hash  (cost=422795.53..422795.53 rows=31218 width=8) (actual time=2876.751..2876.751 rows=34368 loops=1)
        Buckets: 65536 (originally 32768)  Batches: 1 (originally 1)  Memory Usage: 1855kB
        ->  Hash Join  (cost=71408.55..422795.53 rows=31218 width=8) (actual time=2393.373..2864.190 rows=34368 loops=1)
              Hash Cond: (mi.movie_id = t.id)
              ->  Seq Scan on movie_info mi  (cost=0.00..346232.03 rows=340474 width=4) (actual time=1950.450..2239.100 rows=328857 loops=1)
                    Filter: (info_type_id = 98)
                    Rows Removed by Filter: 14506863
              ->  Hash  (cost=67604.59..67604.59 rows=231837 width=4) (actual time=442.052..442.052 rows=231649 loops=1)
                    Buckets: 131072  Batches: 4  Memory Usage: 3082kB
                    ->  Seq Scan on title t  (cost=0.00..67604.59 rows=231837 width=4) (actual time=0.016..397.385 rows=231649 loops=1)
                          Filter: (production_year > 2011)
                          Rows Removed by Filter: 2296663
Planning time: 1.172 ms
Execution time: 3477.049 ms
