Hash Join  (cost=102781.47..158669.09 rows=959910 width=0) (actual time=984.719..1751.051 rows=749958 loops=1)
  Hash Cond: (mi_idx.movie_id = t.id)
  ->  Seq Scan on movie_info_idx mi_idx  (cost=0.00..21735.35 rows=1380035 width=4) (actual time=0.009..189.343 rows=1380035 loops=1)
  ->  Hash  (cost=73925.90..73925.90 rows=1758765 width=4) (actual time=983.612..983.612 rows=1799906 loops=1)
        Buckets: 131072  Batches: 32  Memory Usage: 3007kB
        ->  Seq Scan on title t  (cost=0.00..73925.90 rows=1758765 width=4) (actual time=0.013..646.988 rows=1799906 loops=1)
              Filter: ((kind_id > 1) AND (production_year > 1916))
              Rows Removed by Filter: 728406
Planning time: 0.475 ms
Execution time: 1799.578 ms
