Hash Join  (cost=119860.18..245747.02 rows=164348 width=0) (actual time=1709.595..3573.267 rows=2090055 loops=1)
  Hash Cond: (mk.movie_id = t.id)
  ->  Seq Scan on movie_keyword mk  (cost=0.00..81003.12 rows=3701661 width=4) (actual time=0.023..776.456 rows=3700701 loops=1)
        Filter: (keyword_id > 786)
        Rows Removed by Filter: 823229
  ->  Hash  (cost=118017.89..118017.89 rows=112263 width=8) (actual time=1708.906..1708.906 rows=236786 loops=1)
        Buckets: 131072 (originally 131072)  Batches: 4 (originally 2)  Memory Usage: 3352kB
        ->  Hash Join  (cost=83950.71..118017.89 rows=112263 width=8) (actual time=574.750..1658.100 rows=236786 loops=1)
              Hash Cond: (mi_idx.movie_id = t.id)
              ->  Seq Scan on movie_info_idx mi_idx  (cost=0.00..25185.44 rows=464566 width=4) (actual time=0.009..226.613 rows=459925 loops=1)
                    Filter: (info_type_id = 101)
                    Rows Removed by Filter: 920110
              ->  Hash  (cost=73925.90..73925.90 rows=611024 width=4) (actual time=574.085..574.085 rows=650218 loops=1)
                    Buckets: 131072  Batches: 8  Memory Usage: 3893kB
                    ->  Seq Scan on title t  (cost=0.00..73925.90 rows=611024 width=4) (actual time=0.020..463.700 rows=650218 loops=1)
                          Filter: ((kind_id < 4) AND (production_year < 2009))
                          Rows Removed by Filter: 1878094
Planning time: 0.725 ms
Execution time: 3708.723 ms
