Seq Scan on cast_info ci  (cost=0.00..796071.18 rows=496121 width=0) (actual time=2986.424..5204.297 rows=823561 loops=1)
  Filter: ((person_id > 2674730) AND (role_id = 8))
  Rows Removed by Filter: 35420783
Planning time: 0.298 ms
Execution time: 5262.787 ms
