Hash Join  (cost=859747.80..1005722.35 rows=1967651 width=0) (actual time=6775.308..10358.198 rows=15180274 loops=1)
  Hash Cond: (mk.movie_id = t.id)
  ->  Seq Scan on movie_keyword mk  (cost=0.00..69693.30 rows=4523930 width=4) (actual time=0.018..587.703 rows=4523930 loops=1)
  ->  Hash  (cost=841704.74..841704.74 rows=1099765 width=8) (actual time=6774.532..6774.532 rows=989356 loops=1)
        Buckets: 131072  Batches: 16  Memory Usage: 3497kB
        ->  Hash Join  (cost=99161.12..841704.74 rows=1099765 width=8) (actual time=4890.940..6602.087 rows=989356 loops=1)
              Hash Cond: (ci.movie_id = t.id)
              ->  Seq Scan on cast_info ci  (cost=0.00..705507.15 rows=1445763 width=4) (actual time=3648.795..4593.029 rows=1451724 loops=1)
                    Filter: (person_id > 3777154)
                    Rows Removed by Filter: 34792620
              ->  Hash  (cost=67604.59..67604.59 rows=1923403 width=4) (actual time=1240.746..1240.746 rows=1922849 loops=1)
                    Buckets: 131072  Batches: 32  Memory Usage: 3132kB
                    ->  Seq Scan on title t  (cost=0.00..67604.59 rows=1923403 width=4) (actual time=0.030..775.979 rows=1922849 loops=1)
                          Filter: (production_year < 2010)
                          Rows Removed by Filter: 605463
Planning time: 0.727 ms
Execution time: 11296.135 ms
