Hash Join  (cost=154654.97..500977.62 rows=95 width=0) (actual time=2577.496..3915.725 rows=3645 loops=1)
  Hash Cond: (mi.movie_id = t.id)
  ->  Seq Scan on movie_info mi  (cost=0.00..346232.03 rows=17937 width=4) (actual time=1102.984..2435.396 rows=36985 loops=1)
        Filter: (info_type_id = 104)
        Rows Removed by Filter: 14798735
  ->  Hash  (cost=154488.65..154488.65 rows=13306 width=8) (actual time=1474.343..1474.343 rows=24957 loops=1)
        Buckets: 32768 (originally 16384)  Batches: 1 (originally 1)  Memory Usage: 1231kB
        ->  Hash Join  (cost=67697.55..154488.65 rows=13306 width=8) (actual time=637.266..1469.617 rows=24957 loops=1)
              Hash Cond: (mk.movie_id = t.id)
              ->  Seq Scan on movie_keyword mk  (cost=0.00..69693.30 rows=4523930 width=4) (actual time=0.019..392.026 rows=4523930 loops=1)
              ->  Hash  (cost=67604.59..67604.59 rows=7437 width=4) (actual time=636.715..636.715 rows=2483 loops=1)
                    Buckets: 8192  Batches: 1  Memory Usage: 152kB
                    ->  Seq Scan on title t  (cost=0.00..67604.59 rows=7437 width=4) (actual time=28.514..635.564 rows=2483 loops=1)
                          Filter: (production_year = 1939)
                          Rows Removed by Filter: 2525829
Planning time: 0.716 ms
Execution time: 3916.223 ms
