Seq Scan on movie_keyword mk  (cost=0.00..81003.12 rows=1854091 width=0) (actual time=0.017..677.421 rows=1858873 loops=1)
  Filter: (keyword_id > 7427)
  Rows Removed by Filter: 2665057
Planning time: 0.205 ms
Execution time: 806.626 ms
