Seq Scan on cast_info ci  (cost=0.00..796071.18 rows=62147 width=0) (actual time=655.611..4756.177 rows=215900 loops=1)
  Filter: ((person_id > 3005121) AND (role_id > 10))
  Rows Removed by Filter: 36028444
Planning time: 0.221 ms
Execution time: 4769.961 ms
