Hash Join  (cost=199081.98..1103350.02 rows=1004988 width=0) (actual time=2410.053..12820.266 rows=9178903 loops=1)
  Hash Cond: (ci.movie_id = t.id)
  ->  Seq Scan on cast_info ci  (cost=0.00..796071.18 rows=8385858 width=4) (actual time=229.669..6214.619 rows=13056736 loops=1)
        Filter: ((person_id > 2371300) AND (role_id > 1))
        Rows Removed by Filter: 23187608
  ->  Hash  (cost=194110.14..194110.14 rows=303027 width=8) (actual time=2179.539..2179.539 rows=978767 loops=1)
        Buckets: 131072 (originally 131072)  Batches: 16 (originally 4)  Memory Usage: 3445kB
        ->  Hash Join  (cost=78741.46..194110.14 rows=303027 width=8) (actual time=529.909..2017.122 rows=978767 loops=1)
              Hash Cond: (mk.movie_id = t.id)
              ->  Seq Scan on movie_keyword mk  (cost=0.00..81003.12 rows=2610745 width=4) (actual time=0.018..691.932 rows=2597028 loops=1)
                    Filter: (keyword_id > 3311)
                    Rows Removed by Filter: 1926902
              ->  Hash  (cost=73925.90..73925.90 rows=293484 width=4) (actual time=529.148..529.148 rows=411690 loops=1)
                    Buckets: 131072 (originally 131072)  Batches: 8 (originally 4)  Memory Usage: 3073kB
                    ->  Seq Scan on title t  (cost=0.00..73925.90 rows=293484 width=4) (actual time=0.014..450.604 rows=411690 loops=1)
                          Filter: ((kind_id < 7) AND (production_year < 1993))
                          Rows Removed by Filter: 2116622
Planning time: 0.727 ms
Execution time: 13400.007 ms
