Seq Scan on movie_companies mc  (cost=0.00..51404.11 rows=1872496 width=0) (actual time=0.011..433.864 rows=1868078 loops=1)
  Filter: (company_id < 38569)
  Rows Removed by Filter: 741051
Planning time: 0.219 ms
Execution time: 575.275 ms
