Seq Scan on movie_keyword mk  (cost=0.00..81003.12 rows=604508 width=0) (actual time=0.012..495.126 rows=608695 loops=1)
  Filter: (keyword_id > 30324)
  Rows Removed by Filter: 3915235
Planning time: 0.220 ms
Execution time: 534.432 ms
