Hash Join  (cost=75666.39..1125076.52 rows=1519196 width=0) (actual time=473.514..13547.432 rows=1751690 loops=1)
  Hash Cond: (ci.movie_id = t.id)
  ->  Seq Scan on cast_info ci  (cost=0.00..614943.12 rows=36225612 width=4) (actual time=0.008..5143.080 rows=36244344 loops=1)
  ->  Hash  (cost=73925.90..73925.90 rows=106039 width=4) (actual time=472.900..472.900 rows=113673 loops=1)
        Buckets: 131072  Batches: 2  Memory Usage: 3022kB
        ->  Seq Scan on title t  (cost=0.00..73925.90 rows=106039 width=4) (actual time=0.018..449.275 rows=113673 loops=1)
              Filter: ((kind_id > 3) AND (production_year = 2011))
              Rows Removed by Filter: 2414639
Planning time: 0.525 ms
Execution time: 13675.405 ms
