Hash Join  (cost=107308.20..756055.26 rows=14106323 width=0) (actual time=937.933..9821.258 rows=14324477 loops=1)
  Hash Cond: (mi.movie_id = t.id)
  ->  Seq Scan on movie_info mi  (cost=0.00..309384.22 rows=14739122 width=4) (actual time=0.014..2339.657 rows=14835720 loops=1)
  ->  Hash  (cost=67604.59..67604.59 rows=2419969 width=4) (actual time=937.209..937.209 rows=2413398 loops=1)
        Buckets: 131072  Batches: 32  Memory Usage: 3686kB
        ->  Seq Scan on title t  (cost=0.00..67604.59 rows=2419969 width=4) (actual time=0.013..539.276 rows=2413398 loops=1)
              Filter: (production_year > 1912)
              Rows Removed by Filter: 114914
Planning time: 0.462 ms
Execution time: 10725.815 ms
