Seq Scan on movie_keyword mk  (cost=0.00..81003.12 rows=2428308 width=0) (actual time=0.016..623.513 rows=2429152 loops=1)
  Filter: (keyword_id < 5760)
  Rows Removed by Filter: 2094778
Planning time: 0.236 ms
Execution time: 784.278 ms
