Hash Join  (cost=333594.92..1044653.13 rows=17321150 width=0) (actual time=3887.070..30696.763 rows=169915670 loops=1)
  Hash Cond: (mi.movie_id = t.id)
  ->  Seq Scan on movie_info mi  (cost=0.00..346232.03 rows=12665229 width=4) (actual time=0.017..2948.890 rows=12744652 loops=1)
        Filter: (info_type_id > 2)
        Rows Removed by Filter: 2091068
  ->  Hash  (cost=276860.30..276860.30 rows=3458050 width=8) (actual time=3885.856..3885.856 rows=3447924 loops=1)
        Buckets: 131072  Batches: 64  Memory Usage: 3232kB
        ->  Hash Join  (cost=102767.86..276860.30 rows=3458050 width=8) (actual time=838.978..3288.055 rows=3447924 loops=1)
              Hash Cond: (mk.movie_id = t.id)
              ->  Seq Scan on movie_keyword mk  (cost=0.00..81003.12 rows=3458050 width=4) (actual time=0.012..738.679 rows=3447924 loops=1)
                    Filter: (keyword_id < 16425)
                    Rows Removed by Filter: 1076006
              ->  Hash  (cost=61283.27..61283.27 rows=2528527 width=4) (actual time=837.428..837.428 rows=2528312 loops=1)
                    Buckets: 131072  Batches: 64  Memory Usage: 2425kB
                    ->  Seq Scan on title t  (cost=0.00..61283.27 rows=2528527 width=4) (actual time=0.013..415.849 rows=2528312 loops=1)
Planning time: 0.676 ms
Execution time: 41075.772 ms
