Hash Join  (cost=103355.11..831140.26 rows=88062 width=0) (actual time=1120.041..6253.107 rows=111882 loops=1)
  Hash Cond: (ci.movie_id = t.id)
  ->  Seq Scan on cast_info ci  (cost=0.00..705507.15 rows=5705969 width=4) (actual time=188.437..4381.262 rows=5759912 loops=1)
        Filter: (person_id > 3070076)
        Rows Removed by Filter: 30484432
  ->  Hash  (cost=102867.33..102867.33 rows=39023 width=8) (actual time=931.226..931.226 rows=38007 loops=1)
        Buckets: 65536  Batches: 1  Memory Usage: 1997kB
        ->  Hash Join  (cost=71089.54..102867.33 rows=39023 width=8) (actual time=551.097..922.654 rows=38007 loops=1)
              Hash Cond: (mi_idx.movie_id = t.id)
              ->  Seq Scan on movie_info_idx mi_idx  (cost=0.00..25185.44 rows=464566 width=4) (actual time=0.015..230.191 rows=459925 loops=1)
                    Filter: (info_type_id = 101)
                    Rows Removed by Filter: 920110
              ->  Hash  (cost=67604.59..67604.59 rows=212396 width=4) (actual time=550.389..550.389 rows=211624 loops=1)
                    Buckets: 131072  Batches: 4  Memory Usage: 2883kB
                    ->  Seq Scan on title t  (cost=0.00..67604.59 rows=212396 width=4) (actual time=0.017..510.793 rows=211624 loops=1)
                          Filter: (production_year < 1957)
                          Rows Removed by Filter: 2316688
Planning time: 0.774 ms
Execution time: 6262.266 ms
