Seq Scan on movie_companies mc  (cost=0.00..51404.11 rows=2491404 width=0) (actual time=0.010..452.782 rows=2491583 loops=1)
  Filter: (company_id < 147700)
  Rows Removed by Filter: 117546
Planning time: 0.258 ms
Execution time: 631.848 ms
