Hash Join  (cost=1013362.19..1690847.48 rows=15073056 width=0) (actual time=6486.629..12196.386 rows=24605 loops=1)
  Hash Cond: (mi.movie_id = t.id)
  ->  Seq Scan on movie_info mi  (cost=0.00..309384.22 rows=14739122 width=4) (actual time=0.009..2316.149 rows=14835720 loops=1)
  ->  Hash  (cost=970938.52..970938.52 rows=2585814 width=8) (actual time=6480.981..6480.981 rows=2227 loops=1)
        Buckets: 131072  Batches: 64  Memory Usage: 1032kB
        ->  Hash Join  (cost=102767.86..970938.52 rows=2585814 width=8) (actual time=4314.269..6479.554 rows=2227 loops=1)
              Hash Cond: (ci.movie_id = t.id)
              ->  Seq Scan on cast_info ci  (cost=0.00..796071.18 rows=2585814 width=4) (actual time=3519.601..5509.633 rows=2227 loops=1)
                    Filter: ((person_id < 1263034) AND (role_id = 2))
                    Rows Removed by Filter: 36242117
              ->  Hash  (cost=61283.27..61283.27 rows=2528527 width=4) (actual time=781.845..781.845 rows=2528312 loops=1)
                    Buckets: 131072  Batches: 64  Memory Usage: 2415kB
                    ->  Seq Scan on title t  (cost=0.00..61283.27 rows=2528527 width=4) (actual time=0.020..392.463 rows=2528312 loops=1)
Planning time: 0.735 ms
Execution time: 12198.896 ms
