Hash Join  (cost=300220.87..890165.74 rows=10216403 width=0) (actual time=15132.732..45510.786 rows=6581275 loops=1)
  Hash Cond: (mi.movie_id = t.id)
  ->  Seq Scan on movie_info mi  (cost=0.00..346232.03 rows=9293409 width=4) (actual time=537.079..22434.185 rows=9425200 loops=1)
        Filter: (info_type_id > 5)
        Rows Removed by Filter: 5410520
  ->  Hash  (cost=254616.21..254616.21 rows=2779653 width=8) (actual time=14594.182..14594.182 rows=730679 loops=1)
        Buckets: 131072  Batches: 64  Memory Usage: 1455kB
        ->  Hash Join  (cost=93093.72..254616.21 rows=2779653 width=8) (actual time=5149.058..14347.018 rows=730679 loops=1)
              Hash Cond: (mk.movie_id = t.id)
              ->  Seq Scan on movie_keyword mk  (cost=0.00..69693.30 rows=4523930 width=4) (actual time=0.022..5622.168 rows=4523930 loops=1)
              ->  Hash  (cost=67604.59..67604.59 rows=1553611 width=4) (actual time=5087.921..5087.921 rows=1555864 loops=1)
                    Buckets: 131072  Batches: 32  Memory Usage: 2740kB
                    ->  Seq Scan on title t  (cost=0.00..67604.59 rows=1553611 width=4) (actual time=0.027..4361.454 rows=1555864 loops=1)
                          Filter: (kind_id > 4)
                          Rows Removed by Filter: 972448
Planning time: 1.043 ms
Execution time: 46481.245 ms
