Hash Join  (cost=93360.65..1006189.96 rows=3233149 width=0) (actual time=3759.476..9936.453 rows=4220836 loops=1)
  Hash Cond: (ci.movie_id = t.id)
  ->  Seq Scan on cast_info ci  (cost=0.00..796071.18 rows=6901502 width=4) (actual time=3009.552..6449.130 rows=7451973 loops=1)
        Filter: ((person_id < 3667593) AND (role_id = 2))
        Rows Removed by Filter: 28792371
  ->  Hash  (cost=73925.90..73925.90 rows=1184540 width=4) (actual time=748.982..748.982 rows=1297979 loops=1)
        Buckets: 131072  Batches: 16  Memory Usage: 3882kB
        ->  Seq Scan on title t  (cost=0.00..73925.90 rows=1184540 width=4) (actual time=0.027..541.405 rows=1297979 loops=1)
              Filter: ((kind_id > 1) AND (production_year > 1995))
              Rows Removed by Filter: 1230333
Planning time: 0.539 ms
Execution time: 10204.236 ms
