Hash Join  (cost=83074.74..833899.15 rows=3524 width=0) (actual time=500.205..7217.984 rows=38436 loops=1)
  Hash Cond: (ci.movie_id = t.id)
  ->  Seq Scan on cast_info ci  (cost=0.00..614943.12 rows=36225612 width=4) (actual time=0.020..3055.169 rows=36244344 loops=1)
  ->  Hash  (cost=83071.67..83071.67 rows=246 width=8) (actual time=499.994..499.994 rows=672 loops=1)
        Buckets: 1024  Batches: 1  Memory Usage: 35kB
        ->  Nested Loop  (cost=0.43..83071.67 rows=246 width=8) (actual time=4.310..499.648 rows=672 loops=1)
              ->  Seq Scan on movie_keyword mk  (cost=0.00..81003.12 rows=246 width=4) (actual time=4.250..489.300 rows=672 loops=1)
                    Filter: (keyword_id = 523)
                    Rows Removed by Filter: 4523258
              ->  Index Only Scan using title_pkey on title t  (cost=0.43..8.40 rows=1 width=4) (actual time=0.014..0.015 rows=1 loops=672)
                    Index Cond: (id = mk.movie_id)
                    Heap Fetches: 672
Planning time: 0.757 ms
Execution time: 7223.576 ms
