Hash Join  (cost=69484.36..976171.58 rows=415341 width=0) (actual time=759.329..9496.981 rows=496582 loops=1)
  Hash Cond: (ci.movie_id = t.id)
  ->  Seq Scan on cast_info ci  (cost=0.00..796071.18 rows=9168700 width=4) (actual time=363.240..6474.135 rows=12670688 loops=1)
        Filter: ((person_id < 2700469) AND (role_id = 1))
        Rows Removed by Filter: 23573656
  ->  Hash  (cost=67604.59..67604.59 rows=114542 width=4) (actual time=395.413..395.413 rows=118234 loops=1)
        Buckets: 131072  Batches: 2  Memory Usage: 3101kB
        ->  Seq Scan on title t  (cost=0.00..67604.59 rows=114542 width=4) (actual time=0.020..372.559 rows=118234 loops=1)
              Filter: (kind_id = 4)
              Rows Removed by Filter: 2410078
Planning time: 0.516 ms
Execution time: 9533.955 ms
