Nested Loop  (cost=0.43..709671.90 rows=500 width=0) (actual time=3928.600..4393.141 rows=57 loops=1)
  ->  Seq Scan on cast_info ci  (cost=0.00..705507.15 rows=500 width=4) (actual time=3928.470..4392.438 rows=57 loops=1)
        Filter: (person_id = 3702963)
        Rows Removed by Filter: 36244287
  ->  Index Only Scan using title_pkey on title t  (cost=0.43..8.32 rows=1 width=4) (actual time=0.011..0.011 rows=1 loops=57)
        Index Cond: (id = ci.movie_id)
        Heap Fetches: 57
Planning time: 0.484 ms
Execution time: 4393.202 ms
