Seq Scan on movie_companies mc  (cost=0.00..57926.93 rows=53 width=0) (actual time=137.288..341.215 rows=13 loops=1)
  Filter: ((company_type_id > 1) AND (company_id = 44980))
  Rows Removed by Filter: 2609116
Planning time: 0.252 ms
Execution time: 341.280 ms
