Hash Join  (cost=83073.90..447737.35 rows=750 width=0) (actual time=3815.306..23886.940 rows=3042 loops=1)
  Hash Cond: (mi.movie_id = t.id)
  ->  Seq Scan on movie_info mi  (cost=0.00..309384.22 rows=14739122 width=4) (actual time=0.025..16343.289 rows=14835720 loops=1)
  ->  Hash  (cost=83072.29..83072.29 rows=129 width=8) (actual time=3782.981..3782.981 rows=84 loops=1)
        Buckets: 1024  Batches: 1  Memory Usage: 12kB
        ->  Nested Loop  (cost=0.43..83072.29 rows=129 width=8) (actual time=0.166..3782.825 rows=84 loops=1)
              ->  Seq Scan on movie_keyword mk  (cost=0.00..81003.12 rows=246 width=4) (actual time=0.114..3717.508 rows=219 loops=1)
                    Filter: (keyword_id = 11768)
                    Rows Removed by Filter: 4523711
              ->  Index Scan using title_pkey on title t  (cost=0.43..8.40 rows=1 width=4) (actual time=0.294..0.294 rows=0 loops=219)
                    Index Cond: (id = mk.movie_id)
                    Filter: (production_year > 2001)
                    Rows Removed by Filter: 1
Planning time: 1.203 ms
Execution time: 23888.288 ms
