Hash Join  (cost=102767.86..215519.89 rows=2138949 width=0) (actual time=784.768..2320.764 rows=2135262 loops=1)
  Hash Cond: (mc.movie_id = t.id)
  ->  Seq Scan on movie_companies mc  (cost=0.00..51404.11 rows=2138949 width=4) (actual time=0.016..482.102 rows=2135262 loops=1)
        Filter: (company_id < 75710)
        Rows Removed by Filter: 473867
  ->  Hash  (cost=61283.27..61283.27 rows=2528527 width=4) (actual time=783.766..783.766 rows=2528312 loops=1)
        Buckets: 131072  Batches: 64  Memory Usage: 2415kB
        ->  Seq Scan on title t  (cost=0.00..61283.27 rows=2528527 width=4) (actual time=0.011..393.988 rows=2528312 loops=1)
Planning time: 0.496 ms
Execution time: 2453.368 ms
