Hash Join  (cost=85994.08..171507.41 rows=758981 width=0) (actual time=624.152..1683.911 rows=404798 loops=1)
  Hash Cond: (mc.movie_id = t.id)
  ->  Seq Scan on movie_companies mc  (cost=0.00..44881.29 rows=2609129 width=4) (actual time=0.010..356.471 rows=2609129 loops=1)
  ->  Hash  (cost=73925.90..73925.90 rows=735534 width=4) (actual time=621.373..621.373 rows=646443 loops=1)
        Buckets: 131072  Batches: 16  Memory Usage: 2443kB
        ->  Seq Scan on title t  (cost=0.00..73925.90 rows=735534 width=4) (actual time=0.012..512.164 rows=646443 loops=1)
              Filter: ((kind_id > 4) AND (production_year < 2003))
              Rows Removed by Filter: 1881869
Planning time: 0.473 ms
Execution time: 1709.598 ms
