Seq Scan on movie_keyword mk  (cost=0.00..81003.12 rows=4344021 width=0) (actual time=0.018..614.753 rows=4345892 loops=1)
  Filter: (keyword_id < 71722)
  Rows Removed by Filter: 178038
Planning time: 0.210 ms
Execution time: 869.223 ms
