Seq Scan on cast_info ci  (cost=0.00..796071.18 rows=3604460 width=0) (actual time=427.850..6002.682 rows=1659384 loops=1)
  Filter: ((person_id < 3041511) AND (role_id = 10))
  Rows Removed by Filter: 34584960
Planning time: 0.280 ms
Execution time: 6109.564 ms
