Hash Join  (cost=129928.86..1420536.15 rows=16201301 width=136) (actual time=6113.996..38887.211 rows=16121683 loops=1)
  Hash Cond: (ci.movie_id = t.id)
  ->  Seq Scan on cast_info ci  (cost=0.00..705507.15 rows=16201301 width=42) (actual time=3828.121..14483.066 rows=16121683 loops=1)
        Filter: (role_id > 2)
        Rows Removed by Filter: 20122661
  ->  Hash  (cost=61283.27..61283.27 rows=2528527 width=94) (actual time=2285.095..2285.095 rows=2528312 loops=1)
        Buckets: 32768  Batches: 128  Memory Usage: 2453kB
        ->  Seq Scan on title t  (cost=0.00..61283.27 rows=2528527 width=94) (actual time=0.038..987.761 rows=2528312 loops=1)
Planning time: 1.472 ms
Execution time: 39834.984 ms
