Hash Join  (cost=98033.59..193985.68 rows=1516256 width=0) (actual time=766.154..1975.131 rows=720457 loops=1)
  Hash Cond: (mc.movie_id = t.id)
  ->  Seq Scan on movie_companies mc  (cost=0.00..44881.29 rows=2609129 width=4) (actual time=0.015..352.127 rows=2609129 loops=1)
  ->  Hash  (cost=73925.90..73925.90 rows=1469415 width=4) (actual time=765.186..765.186 rows=1450465 loops=1)
        Buckets: 131072  Batches: 32  Memory Usage: 2617kB
        ->  Seq Scan on title t  (cost=0.00..73925.90 rows=1469415 width=4) (actual time=0.089..532.554 rows=1450465 loops=1)
              Filter: ((kind_id > 4) AND (production_year < 2013))
              Rows Removed by Filter: 1077847
Planning time: 0.652 ms
Execution time: 2024.654 ms
