Seq Scan on movie_keyword mk  (cost=0.00..81003.12 rows=533222 width=0) (actual time=0.011..496.482 rows=522280 loops=1)
  Filter: (keyword_id > 34674)
  Rows Removed by Filter: 4001650
Planning time: 0.246 ms
Execution time: 530.203 ms
