Hash Join  (cost=74153.96..456605.89 rows=68374 width=0) (actual time=407.473..3444.688 rows=110162 loops=1)
  Hash Cond: (mi.movie_id = t.id)
  ->  Seq Scan on movie_info mi  (cost=0.00..346232.03 rows=9476311 width=4) (actual time=0.013..2195.465 rows=9565151 loops=1)
        Filter: (info_type_id < 16)
        Rows Removed by Filter: 5270569
  ->  Hash  (cost=73925.90..73925.90 rows=18244 width=4) (actual time=407.295..407.295 rows=12404 loops=1)
        Buckets: 32768  Batches: 1  Memory Usage: 693kB
        ->  Seq Scan on title t  (cost=0.00..73925.90 rows=18244 width=4) (actual time=0.049..404.300 rows=12404 loops=1)
              Filter: ((kind_id < 3) AND (production_year = 2002))
              Rows Removed by Filter: 2515908
Planning time: 0.593 ms
Execution time: 3454.293 ms
