Seq Scan on movie_keyword mk  (cost=0.00..81003.12 rows=246 width=0) (actual time=5.507..506.793 rows=377 loops=1)
  Filter: (keyword_id = 649)
  Rows Removed by Filter: 4523553
Planning time: 0.248 ms
Execution time: 506.937 ms
