Hash Join  (cost=83072.98..447729.25 rows=34 width=0) (actual time=574.295..3252.805 rows=2930 loops=1)
  Hash Cond: (mi.movie_id = t.id)
  ->  Seq Scan on movie_info mi  (cost=0.00..309384.22 rows=14739122 width=4) (actual time=0.006..1421.363 rows=14835720 loops=1)
  ->  Hash  (cost=83072.90..83072.90 rows=6 width=8) (actual time=513.045..513.045 rows=97 loops=1)
        Buckets: 1024  Batches: 1  Memory Usage: 12kB
        ->  Nested Loop  (cost=0.43..83072.90 rows=6 width=8) (actual time=0.064..512.999 rows=97 loops=1)
              ->  Seq Scan on movie_keyword mk  (cost=0.00..81003.12 rows=246 width=4) (actual time=0.035..486.092 rows=2411 loops=1)
                    Filter: (keyword_id = 2549)
                    Rows Removed by Filter: 4521519
              ->  Index Scan using title_pkey on title t  (cost=0.43..8.40 rows=1 width=4) (actual time=0.011..0.011 rows=0 loops=2411)
                    Index Cond: (id = mk.movie_id)
                    Filter: ((production_year < 2008) AND (kind_id = 2))
                    Rows Removed by Filter: 1
Planning time: 0.683 ms
Execution time: 3253.231 ms
