Seq Scan on movie_keyword mk  (cost=0.00..81003.12 rows=1206903 width=0) (actual time=0.017..547.183 rows=1203672 loops=1)
  Filter: (keyword_id < 1512)
  Rows Removed by Filter: 3320258
Planning time: 0.230 ms
Execution time: 624.236 ms
