Hash Join  (cost=797557.90..1170928.22 rows=504 width=0) (actual time=5096.802..7722.718 rows=780 loops=1)
  Hash Cond: (mi.movie_id = t.id)
  ->  Seq Scan on movie_info mi  (cost=0.00..346232.03 rows=7235534 width=4) (actual time=0.009..2118.127 rows=7286865 loops=1)
        Filter: (info_type_id < 8)
        Rows Removed by Filter: 7548855
  ->  Hash  (cost=797555.70..797555.70 rows=176 width=8) (actual time=5087.512..5087.512 rows=457 loops=1)
        Buckets: 1024  Batches: 1  Memory Usage: 26kB
        ->  Nested Loop  (cost=0.43..797555.70 rows=176 width=8) (actual time=1598.811..5087.356 rows=457 loops=1)
              ->  Seq Scan on cast_info ci  (cost=0.00..796071.18 rows=176 width=4) (actual time=1598.676..5082.936 rows=457 loops=1)
                    Filter: ((role_id < 2) AND (person_id = 1488136))
                    Rows Removed by Filter: 36243887
              ->  Index Only Scan using title_pkey on title t  (cost=0.43..8.42 rows=1 width=4) (actual time=0.009..0.009 rows=1 loops=457)
                    Index Cond: (id = ci.movie_id)
                    Heap Fetches: 457
Planning time: 0.762 ms
Execution time: 7722.906 ms
