Hash Join  (cost=448523.52..606390.60 rows=622948 width=0) (actual time=4640.113..6193.506 rows=5273469 loops=1)
  Hash Cond: (mk.movie_id = t.id)
  ->  Seq Scan on movie_keyword mk  (cost=0.00..69693.30 rows=4523930 width=4) (actual time=0.009..565.573 rows=4523930 loops=1)
  ->  Hash  (cost=442810.27..442810.27 rows=348180 width=8) (actual time=4090.346..4090.346 rows=578531 loops=1)
        Buckets: 131072  Batches: 8  Memory Usage: 3845kB
        ->  Hash Join  (cost=74672.54..442810.27 rows=348180 width=8) (actual time=464.069..3986.759 rows=578531 loops=1)
              Hash Cond: (mi.movie_id = t.id)
              ->  Seq Scan on movie_info mi  (cost=0.00..309384.22 rows=14739122 width=4) (actual time=0.014..1457.237 rows=14835720 loops=1)
              ->  Hash  (cost=73925.90..73925.90 rows=59731 width=4) (actual time=445.190..445.190 rows=64886 loops=1)
                    Buckets: 65536  Batches: 1  Memory Usage: 2794kB
                    ->  Seq Scan on title t  (cost=0.00..73925.90 rows=59731 width=4) (actual time=0.018..431.283 rows=64886 loops=1)
                          Filter: ((production_year < 2008) AND (kind_id = 2))
                          Rows Removed by Filter: 2463426
Planning time: 0.734 ms
Execution time: 6500.885 ms
