Hash Join  (cost=80372.21..550036.40 rows=1444089 width=0) (actual time=497.777..5683.875 rows=863481 loops=1)
  Hash Cond: (mi.movie_id = t.id)
  ->  Seq Scan on movie_info mi  (cost=0.00..346232.03 rows=9293409 width=4) (actual time=0.015..2637.293 rows=9425200 loops=1)
        Filter: (info_type_id > 5)
        Rows Removed by Filter: 5410520
  ->  Hash  (cost=73925.90..73925.90 rows=392904 width=4) (actual time=480.518..480.518 rows=277350 loops=1)
        Buckets: 131072  Batches: 8  Memory Usage: 2237kB
        ->  Seq Scan on title t  (cost=0.00..73925.90 rows=392904 width=4) (actual time=72.571..422.084 rows=277350 loops=1)
              Filter: ((production_year < 1988) AND (kind_id = 7))
              Rows Removed by Filter: 2250962
Planning time: 0.538 ms
Execution time: 5737.966 ms
