Nested Loop  (cost=0.43..798852.73 rows=133 width=0) (actual time=5187.728..5362.005 rows=41 loops=1)
  ->  Seq Scan on cast_info ci  (cost=0.00..796071.18 rows=332 width=4) (actual time=2391.513..5360.546 rows=89 loops=1)
        Filter: ((role_id < 4) AND (person_id = 825221))
        Rows Removed by Filter: 36244255
  ->  Index Scan using title_pkey on title t  (cost=0.43..8.37 rows=1 width=4) (actual time=0.016..0.016 rows=0 loops=89)
        Index Cond: (id = ci.movie_id)
        Filter: ((production_year < 2008) AND (kind_id = 7))
        Rows Removed by Filter: 1
Planning time: 0.516 ms
Execution time: 5362.096 ms
