Hash Join  (cost=615856.92..2181951.77 rows=29776258 width=0) (actual time=7546.518..44008.762 rows=200258360 loops=1)
  Hash Cond: (ci.movie_id = t.id)
  ->  Seq Scan on cast_info ci  (cost=0.00..614943.12 rows=36225612 width=4) (actual time=0.035..4794.644 rows=36244344 loops=1)
  ->  Hash  (cost=581758.34..581758.34 rows=2078366 width=8) (actual time=7544.179..7544.179 rows=5453941 loops=1)
        Buckets: 131072 (originally 131072)  Batches: 128 (originally 32)  Memory Usage: 3073kB
        ->  Hash Join  (cost=79775.76..581758.34 rows=2078366 width=8) (actual time=519.666..6713.422 rows=5453941 loops=1)
              Hash Cond: (mi.movie_id = t.id)
              ->  Seq Scan on movie_info mi  (cost=0.00..309384.22 rows=14739122 width=4) (actual time=0.012..2039.347 rows=14835720 loops=1)
              ->  Hash  (cost=73925.90..73925.90 rows=356548 width=4) (actual time=519.085..519.085 rows=424572 loops=1)
                    Buckets: 131072  Batches: 8  Memory Usage: 2906kB
                    ->  Seq Scan on title t  (cost=0.00..73925.90 rows=356548 width=4) (actual time=152.246..445.479 rows=424572 loops=1)
                          Filter: ((production_year < 2005) AND (kind_id = 1))
                          Rows Removed by Filter: 2103740
Planning time: 0.701 ms
Execution time: 55005.133 ms
