Hash Join  (cost=709675.25..736586.65 rows=92 width=0) (actual time=4395.635..4593.100 rows=12 loops=1)
  Hash Cond: (mi_idx.movie_id = t.id)
  ->  Seq Scan on movie_info_idx mi_idx  (cost=0.00..21735.35 rows=1380035 width=4) (actual time=0.012..114.051 rows=1380035 loops=1)
  ->  Hash  (cost=709673.15..709673.15 rows=168 width=8) (actual time=4361.916..4361.916 rows=46 loops=1)
        Buckets: 1024  Batches: 1  Memory Usage: 10kB
        ->  Nested Loop  (cost=0.43..709673.15 rows=168 width=8) (actual time=3515.050..4361.893 rows=46 loops=1)
              ->  Seq Scan on cast_info ci  (cost=0.00..705507.15 rows=500 width=4) (actual time=3514.995..4361.210 rows=51 loops=1)
                    Filter: (person_id = 2133838)
                    Rows Removed by Filter: 36244293
              ->  Index Scan using title_pkey on title t  (cost=0.43..8.32 rows=1 width=4) (actual time=0.012..0.013 rows=1 loops=51)
                    Index Cond: (id = ci.movie_id)
                    Filter: (production_year < 1996)
                    Rows Removed by Filter: 0
Planning time: 0.783 ms
Execution time: 4593.192 ms
