Seq Scan on movie_keyword mk  (cost=0.00..81003.12 rows=1989730 width=0) (actual time=0.012..621.496 rows=1995337 loops=1)
  Filter: (keyword_id > 6273)
  Rows Removed by Filter: 2528593
Planning time: 0.187 ms
Execution time: 757.574 ms
