Hash Join  (cost=326367.78..1046999.30 rows=19116679 width=0) (actual time=3458.338..28202.204 rows=178803861 loops=1)
  Hash Cond: (mi.movie_id = t.id)
  ->  Seq Scan on movie_info mi  (cost=0.00..309384.22 rows=14739122 width=4) (actual time=0.017..2111.677 rows=14835720 loops=1)
  ->  Hash  (cost=272562.96..272562.96 rows=3279506 width=8) (actual time=3457.396..3457.396 rows=3264956 loops=1)
        Buckets: 131072  Batches: 64  Memory Usage: 3121kB
        ->  Hash Join  (cost=102767.86..272562.96 rows=3279506 width=8) (actual time=787.371..2945.160 rows=3264956 loops=1)
              Hash Cond: (mk.movie_id = t.id)
              ->  Seq Scan on movie_keyword mk  (cost=0.00..81003.12 rows=3279506 width=4) (actual time=0.014..693.657 rows=3264956 loops=1)
                    Filter: (keyword_id > 1603)
                    Rows Removed by Filter: 1258974
              ->  Hash  (cost=61283.27..61283.27 rows=2528527 width=4) (actual time=786.111..786.111 rows=2528312 loops=1)
                    Buckets: 131072  Batches: 64  Memory Usage: 2425kB
                    ->  Seq Scan on title t  (cost=0.00..61283.27 rows=2528527 width=4) (actual time=0.013..384.325 rows=2528312 loops=1)
Planning time: 0.711 ms
Execution time: 38093.544 ms
