Seq Scan on cast_info ci  (cost=0.00..796071.18 rows=10847036 width=0) (actual time=1087.732..5179.177 rows=16836532 loops=1)
  Filter: ((person_id > 1942240) AND (role_id > 1))
  Rows Removed by Filter: 19407812
Planning time: 0.223 ms
Execution time: 6104.640 ms
