Seq Scan on movie_keyword mk  (cost=0.00..81003.12 rows=4524 width=0) (actual time=0.991..3628.137 rows=3515 loops=1)
  Filter: (keyword_id = 2926)
  Rows Removed by Filter: 4520415
Planning time: 4.703 ms
Execution time: 3629.284 ms
