Seq Scan on cast_info ci  (cost=0.00..796071.18 rows=3429871 width=0) (actual time=2805.293..4369.364 rows=935856 loops=1)
  Filter: ((person_id > 3301752) AND (role_id < 9))
  Rows Removed by Filter: 35308488
Planning time: 0.207 ms
Execution time: 4430.083 ms
