Hash Join  (cost=765571.34..3114092.16 rows=101534154 width=0) (actual time=7839.491..31144.904 rows=77678221 loops=1)
  Hash Cond: (ci.movie_id = t.id)
  ->  Seq Scan on cast_info ci  (cost=0.00..614943.12 rows=36225612 width=4) (actual time=0.044..5083.776 rows=36244344 loops=1)
  ->  Hash  (cost=649299.52..649299.52 rows=7087026 width=8) (actual time=7837.326..7837.326 rows=3108820 loops=1)
        Buckets: 131072  Batches: 128  Memory Usage: 1957kB
        ->  Hash Join  (cost=93873.33..649299.52 rows=7087026 width=8) (actual time=725.659..7342.745 rows=3108820 loops=1)
              Hash Cond: (mi.movie_id = t.id)
              ->  Seq Scan on movie_info mi  (cost=0.00..309384.22 rows=14739122 width=4) (actual time=0.011..2318.116 rows=14835720 loops=1)
              ->  Hash  (cost=73925.90..73925.90 rows=1215794 width=4) (actual time=724.653..724.653 rows=1301100 loops=1)
                    Buckets: 131072  Batches: 16  Memory Usage: 3898kB
                    ->  Seq Scan on title t  (cost=0.00..73925.90 rows=1215794 width=4) (actual time=23.827..518.495 rows=1301100 loops=1)
                          Filter: ((production_year > 1976) AND (kind_id = 7))
                          Rows Removed by Filter: 1227212
Planning time: 0.712 ms
Execution time: 35556.568 ms
