Seq Scan on cast_info ci  (cost=0.00..796071.18 rows=315858 width=0) (actual time=1944.111..5299.094 rows=120170 loops=1)
  Filter: ((person_id < 3417464) AND (role_id > 10))
  Rows Removed by Filter: 36124174
Planning time: 0.208 ms
Execution time: 5305.486 ms
