Seq Scan on cast_info ci  (cost=0.00..796071.18 rows=10112034 width=0) (actual time=18494.304..38489.978 rows=5521075 loops=1)
  Filter: ((person_id < 2291625) AND (role_id > 2))
  Rows Removed by Filter: 30723269
Planning time: 0.433 ms
Execution time: 39346.060 ms
