Seq Scan on movie_keyword mk  (cost=0.00..81003.12 rows=2536089 width=0) (actual time=0.019..609.182 rows=2528835 loops=1)
  Filter: (keyword_id > 3522)
  Rows Removed by Filter: 1995095
Planning time: 0.177 ms
Execution time: 741.109 ms
