Hash Join  (cost=284935.30..1591924.84 rows=24944319 width=0) (actual time=2147.692..14297.874 rows=13955142 loops=1)
  Hash Cond: (ci.movie_id = t.id)
  ->  Seq Scan on cast_info ci  (cost=0.00..705507.15 rows=26757444 width=4) (actual time=0.009..5645.521 rows=26859641 loops=1)
        Filter: (role_id < 5)
        Rows Removed by Filter: 9384703
  ->  Hash  (cost=246262.43..246262.43 rows=2357190 width=8) (actual time=2146.670..2146.670 rows=587040 loops=1)
        Buckets: 131072  Batches: 32  Memory Usage: 1740kB
        ->  Hash Join  (cost=95541.49..246262.43 rows=2357190 width=8) (actual time=918.332..2068.229 rows=587040 loops=1)
              Hash Cond: (mk.movie_id = t.id)
              ->  Seq Scan on movie_keyword mk  (cost=0.00..69693.30 rows=4523930 width=4) (actual time=0.024..467.422 rows=4523930 loops=1)
              ->  Hash  (cost=73925.90..73925.90 rows=1317487 width=4) (actual time=661.899..661.899 rows=1399348 loops=1)
                    Buckets: 131072  Batches: 32  Memory Usage: 2569kB
                    ->  Seq Scan on title t  (cost=0.00..73925.90 rows=1317487 width=4) (actual time=0.012..471.719 rows=1399348 loops=1)
                          Filter: ((production_year > 1964) AND (kind_id = 7))
                          Rows Removed by Filter: 1128964
Planning time: 0.611 ms
Execution time: 15009.123 ms
