Hash Join  (cost=128695.20..879913.88 rows=42952 width=0) (actual time=798.747..6946.818 rows=209277 loops=1)
  Hash Cond: (ci.movie_id = t.id)
  ->  Seq Scan on cast_info ci  (cost=0.00..614943.12 rows=36225612 width=4) (actual time=0.021..2671.397 rows=36244344 loops=1)
  ->  Hash  (cost=128657.72..128657.72 rows=2998 width=8) (actual time=798.317..798.317 rows=6867 loops=1)
        Buckets: 8192 (originally 4096)  Batches: 1 (originally 1)  Memory Usage: 333kB
        ->  Hash Join  (cost=73962.22..128657.72 rows=2998 width=8) (actual time=367.199..797.013 rows=6867 loops=1)
              Hash Cond: (mc.movie_id = t.id)
              ->  Seq Scan on movie_companies mc  (cost=0.00..44881.29 rows=2609129 width=4) (actual time=0.018..199.843 rows=2609129 loops=1)
              ->  Hash  (cost=73925.90..73925.90 rows=2905 width=4) (actual time=366.888..366.888 rows=3043 loops=1)
                    Buckets: 4096  Batches: 1  Memory Usage: 139kB
                    ->  Seq Scan on title t  (cost=0.00..73925.90 rows=2905 width=4) (actual time=1.091..366.229 rows=3043 loops=1)
                          Filter: ((kind_id < 7) AND (production_year = 1952))
                          Rows Removed by Filter: 2525269
Planning time: 0.743 ms
Execution time: 6961.583 ms
