Seq Scan on movie_keyword mk  (cost=0.00..81003.12 rows=139917 width=0) (actual time=0.030..437.430 rows=137437 loops=1)
  Filter: (keyword_id > 75330)
  Rows Removed by Filter: 4386493
Planning time: 0.202 ms
Execution time: 446.467 ms
