Seq Scan on movie_keyword mk  (cost=0.00..81003.12 rows=109328 width=0) (actual time=0.021..419.580 rows=109052 loops=1)
  Filter: (keyword_id > 80306)
  Rows Removed by Filter: 4414878
Planning time: 0.183 ms
Execution time: 426.837 ms
