Hash Join  (cost=74252.05..161376.92 rows=46683 width=0) (actual time=366.558..1097.597 rows=66241 loops=1)
  Hash Cond: (mk.movie_id = t.id)
  ->  Seq Scan on movie_keyword mk  (cost=0.00..69693.30 rows=4523930 width=4) (actual time=0.020..320.821 rows=4523930 loops=1)
  ->  Hash  (cost=73925.90..73925.90 rows=26092 width=4) (actual time=366.381..366.381 rows=32551 loops=1)
        Buckets: 32768  Batches: 1  Memory Usage: 1401kB
        ->  Seq Scan on title t  (cost=0.00..73925.90 rows=26092 width=4) (actual time=0.017..361.011 rows=32551 loops=1)
              Filter: ((production_year < 1988) AND (kind_id = 3))
              Rows Removed by Filter: 2495761
Planning time: 0.426 ms
Execution time: 1101.885 ms
