Seq Scan on movie_keyword mk  (cost=0.00..81003.12 rows=3357859 width=0) (actual time=0.021..525.072 rows=3342311 loops=1)
  Filter: (keyword_id < 15782)
  Rows Removed by Filter: 1181619
Planning time: 0.204 ms
Execution time: 698.117 ms
