Hash Join  (cost=52284.99..416946.98 rows=606 width=0) (actual time=296.148..2581.450 rows=661 loops=1)
  Hash Cond: (mi.movie_id = t.id)
  ->  Seq Scan on movie_info mi  (cost=0.00..309384.22 rows=14739122 width=4) (actual time=0.018..1239.083 rows=14835720 loops=1)
  ->  Hash  (cost=52283.69..52283.69 rows=104 width=8) (actual time=258.683..258.683 rows=209 loops=1)
        Buckets: 1024  Batches: 1  Memory Usage: 17kB
        ->  Nested Loop  (cost=0.43..52283.69 rows=104 width=8) (actual time=153.316..258.634 rows=209 loops=1)
              ->  Seq Scan on movie_companies mc  (cost=0.00..51404.11 rows=104 width=4) (actual time=153.241..256.968 rows=209 loops=1)
                    Filter: (company_id = 73089)
                    Rows Removed by Filter: 2608920
              ->  Index Only Scan using title_pkey on title t  (cost=0.43..8.45 rows=1 width=4) (actual time=0.007..0.008 rows=1 loops=209)
                    Index Cond: (id = mc.movie_id)
                    Heap Fetches: 209
Planning time: 0.752 ms
Execution time: 2581.584 ms
