Hash Join  (cost=798788.37..1163445.00 rows=70 width=0) (actual time=4877.784..7227.709 rows=30 loops=1)
  Hash Cond: (mi.movie_id = t.id)
  ->  Seq Scan on movie_info mi  (cost=0.00..309384.22 rows=14739122 width=4) (actual time=0.014..1244.764 rows=14835720 loops=1)
  ->  Hash  (cost=798788.22..798788.22 rows=12 width=8) (actual time=4846.331..4846.331 rows=1 loops=1)
        Buckets: 1024  Batches: 1  Memory Usage: 9kB
        ->  Nested Loop  (cost=0.43..798788.22 rows=12 width=8) (actual time=4427.614..4846.299 rows=1 loops=1)
              ->  Seq Scan on cast_info ci  (cost=0.00..796071.18 rows=324 width=4) (actual time=2811.857..4841.680 rows=483 loops=1)
                    Filter: ((role_id > 1) AND (person_id = 2942019))
                    Rows Removed by Filter: 36243861
              ->  Index Scan using title_pkey on title t  (cost=0.43..8.38 rows=1 width=4) (actual time=0.009..0.009 rows=0 loops=483)
                    Index Cond: (id = ci.movie_id)
                    Filter: (production_year = 2005)
                    Rows Removed by Filter: 1
Planning time: 0.685 ms
Execution time: 7227.817 ms
