Hash Join  (cost=101489.21..187939.95 rows=1050322 width=0) (actual time=5162.896..10394.584 rows=1134961 loops=1)
  Hash Cond: (mc.movie_id = t.id)
  ->  Seq Scan on movie_companies mc  (cost=0.00..51404.11 rows=1285880 width=4) (actual time=0.020..3451.229 rows=1277761 loops=1)
        Filter: (company_id < 11208)
        Rows Removed by Filter: 1331368
  ->  Hash  (cost=67604.59..67604.59 rows=2065330 width=4) (actual time=5161.732..5161.732 rows=2064552 loops=1)
        Buckets: 131072  Batches: 32  Memory Usage: 3289kB
        ->  Seq Scan on title t  (cost=0.00..67604.59 rows=2065330 width=4) (actual time=0.018..4216.820 rows=2064552 loops=1)
              Filter: (production_year < 2011)
              Rows Removed by Filter: 463760
Planning time: 1.408 ms
Execution time: 10546.992 ms
