Hash Join  (cost=136847.92..232738.95 rows=72558 width=0) (actual time=919.372..1840.480 rows=903321 loops=1)
  Hash Cond: (mk.movie_id = t.id)
  ->  Seq Scan on movie_keyword mk  (cost=0.00..81003.12 rows=3776621 width=4) (actual time=0.020..562.402 rows=3770927 loops=1)
        Filter: (keyword_id < 24834)
        Rows Removed by Filter: 753003
  ->  Hash  (cost=136240.68..136240.68 rows=48579 width=8) (actual time=919.100..919.100 rows=44162 loops=1)
        Buckets: 65536  Batches: 1  Memory Usage: 2238kB
        ->  Hash Join  (cost=69179.59..136240.68 rows=48579 width=8) (actual time=356.808..911.550 rows=44162 loops=1)
              Hash Cond: (mc.movie_id = t.id)
              ->  Seq Scan on movie_companies mc  (cost=0.00..51404.11 rows=1279517 width=4) (actual time=0.012..346.243 rows=1274246 loops=1)
                    Filter: (company_type_id < 2)
                    Rows Removed by Filter: 1334883
              ->  Hash  (cost=67604.59..67604.59 rows=96000 width=4) (actual time=356.416..356.416 rows=95005 loops=1)
                    Buckets: 131072  Batches: 2  Memory Usage: 2716kB
                    ->  Seq Scan on title t  (cost=0.00..67604.59 rows=96000 width=4) (actual time=0.012..338.993 rows=95005 loops=1)
                          Filter: (production_year = 2005)
                          Rows Removed by Filter: 2433307
Planning time: 0.606 ms
Execution time: 1890.193 ms
