Hash Join  (cost=115170.87..192251.99 rows=147360 width=0) (actual time=846.413..1554.066 rows=246159 loops=1)
  Hash Cond: (mc.movie_id = t.id)
  ->  Seq Scan on movie_companies mc  (cost=0.00..44881.29 rows=2609129 width=4) (actual time=0.014..301.739 rows=2609129 loops=1)
  ->  Hash  (cost=112827.77..112827.77 rows=142808 width=8) (actual time=845.794..845.794 rows=87688 loops=1)
        Buckets: 131072  Batches: 2  Memory Usage: 2730kB
        ->  Hash Join  (cost=74050.79..112827.77 rows=142808 width=8) (actual time=423.321..832.503 rows=87688 loops=1)
              Hash Cond: (mi_idx.movie_id = t.id)
              ->  Seq Scan on movie_info_idx mi_idx  (cost=0.00..25185.44 rows=919057 width=4) (actual time=0.020..194.837 rows=920110 loops=1)
                    Filter: (info_type_id > 99)
                    Rows Removed by Filter: 459925
              ->  Hash  (cost=67604.59..67604.59 rows=392896 width=4) (actual time=422.569..422.569 rows=391666 loops=1)
                    Buckets: 131072  Batches: 8  Memory Usage: 2753kB
                    ->  Seq Scan on title t  (cost=0.00..67604.59 rows=392896 width=4) (actual time=0.009..362.911 rows=391666 loops=1)
                          Filter: (production_year > 2010)
                          Rows Removed by Filter: 2136646
Planning time: 0.583 ms
Execution time: 1568.495 ms
