Hash Join  (cost=98864.94..629419.57 rows=5696905 width=0) (actual time=727.493..5580.482 rows=3540402 loops=1)
  Hash Cond: (mi.movie_id = t.id)
  ->  Seq Scan on movie_info mi  (cost=0.00..346232.03 rows=9476311 width=4) (actual time=0.013..2247.982 rows=9565151 loops=1)
        Filter: (info_type_id < 16)
        Rows Removed by Filter: 5270569
  ->  Hash  (cost=73925.90..73925.90 rows=1520083 width=4) (actual time=726.762..726.762 rows=1507233 loops=1)
        Buckets: 131072  Batches: 32  Memory Usage: 2686kB
        ->  Seq Scan on title t  (cost=0.00..73925.90 rows=1520083 width=4) (actual time=0.023..508.188 rows=1507233 loops=1)
              Filter: ((kind_id > 1) AND (production_year < 2011))
              Rows Removed by Filter: 1021079
Planning time: 0.413 ms
Execution time: 5782.687 ms
