Hash Join  (cost=858049.94..1436964.23 rows=634070 width=0) (actual time=6372.920..10726.621 rows=4541167 loops=1)
  Hash Cond: (mi.movie_id = t.id)
  ->  Seq Scan on movie_info mi  (cost=0.00..346232.03 rows=11115165 width=4) (actual time=28.590..2247.303 rows=11210743 loops=1)
        Filter: (info_type_id > 3)
        Rows Removed by Filter: 3624977
  ->  Hash  (cost=855682.93..855682.93 rows=144241 width=8) (actual time=6343.511..6343.511 rows=141969 loops=1)
        Buckets: 131072  Batches: 2  Memory Usage: 3799kB
        ->  Hash Join  (cost=74155.14..855682.93 rows=144241 width=8) (actual time=362.940..6312.409 rows=141969 loops=1)
              Hash Cond: (ci.movie_id = t.id)
              ->  Seq Scan on cast_info ci  (cost=0.00..705507.15 rows=19887526 width=4) (actual time=0.013..4100.193 rows=20035264 loops=1)
                    Filter: (person_id > 1605222)
                    Rows Removed by Filter: 16209080
              ->  Hash  (cost=73925.90..73925.90 rows=18339 width=4) (actual time=362.781..362.781 rows=14449 loops=1)
                    Buckets: 32768  Batches: 1  Memory Usage: 764kB
                    ->  Seq Scan on title t  (cost=0.00..73925.90 rows=18339 width=4) (actual time=0.280..359.757 rows=14449 loops=1)
                          Filter: ((kind_id < 7) AND (production_year = 1998))
                          Rows Removed by Filter: 2513863
Planning time: 0.668 ms
Execution time: 10963.857 ms
