Nested Loop  (cost=44377.22..200462.39 rows=9353 width=0) (actual time=360.753..1050.107 rows=13821 loops=1)
  ->  Hash Join  (cost=44376.79..138271.07 rows=104893 width=8) (actual time=357.253..863.621 rows=59779 loops=1)
        Hash Cond: (mk.movie_id = mi_idx.movie_id)
        ->  Seq Scan on movie_keyword mk  (cost=0.00..81003.12 rows=35287 width=4) (actual time=0.019..403.125 rows=29440 loops=1)
              Filter: (keyword_id = 359)
              Rows Removed by Filter: 4494490
        ->  Hash  (cost=21735.35..21735.35 rows=1380035 width=4) (actual time=356.471..356.471 rows=1380035 loops=1)
              Buckets: 131072  Batches: 32  Memory Usage: 2556kB
              ->  Seq Scan on movie_info_idx mi_idx  (cost=0.00..21735.35 rows=1380035 width=4) (actual time=0.011..159.495 rows=1380035 loops=1)
  ->  Index Scan using title_pkey on title t  (cost=0.43..0.58 rows=1 width=4) (actual time=0.003..0.003 rows=0 loops=59779)
        Index Cond: (id = mi_idx.movie_id)
        Filter: ((kind_id > 1) AND (production_year < 2008))
        Rows Removed by Filter: 1
Planning time: 0.691 ms
Execution time: 1051.707 ms
