Seq Scan on movie_companies mc  (cost=0.00..57926.93 rows=1158683 width=0) (actual time=0.017..382.030 rows=1274246 loops=1)
  Filter: ((company_id < 101309) AND (company_type_id = 1))
  Rows Removed by Filter: 1334883
Planning time: 0.213 ms
Execution time: 451.643 ms
