Hash Join  (cost=73962.22..161244.16 rows=1918 width=0) (actual time=376.477..981.606 rows=8127 loops=1)
  Hash Cond: (mk.movie_id = t.id)
  ->  Seq Scan on movie_keyword mk  (cost=0.00..81003.12 rows=1669238 width=4) (actual time=0.020..493.767 rows=1680788 loops=1)
        Filter: (keyword_id > 8650)
        Rows Removed by Filter: 2843142
  ->  Hash  (cost=73925.90..73925.90 rows=2905 width=4) (actual time=375.137..375.137 rows=2201 loops=1)
        Buckets: 4096  Batches: 1  Memory Usage: 110kB
        ->  Seq Scan on title t  (cost=0.00..73925.90 rows=2905 width=4) (actual time=154.079..374.641 rows=2201 loops=1)
              Filter: ((kind_id < 7) AND (production_year = 1940))
              Rows Removed by Filter: 2526111
Planning time: 0.462 ms
Execution time: 982.274 ms
