Hash Join  (cost=145237.38..249107.20 rows=221185 width=0) (actual time=1136.841..2019.844 rows=357339 loops=1)
  Hash Cond: (mk.movie_id = t.id)
  ->  Seq Scan on movie_keyword mk  (cost=0.00..81003.12 rows=1673292 width=4) (actual time=0.018..520.017 rows=1684614 loops=1)
        Filter: (keyword_id > 8615)
        Rows Removed by Filter: 2839316
  ->  Hash  (cost=139753.44..139753.44 rows=334235 width=8) (actual time=1136.106..1136.106 rows=250045 loops=1)
        Buckets: 131072  Batches: 8  Memory Usage: 2254kB
        ->  Hash Join  (cost=98137.04..139753.44 rows=334235 width=8) (actual time=683.837..1098.070 rows=250045 loops=1)
              Hash Cond: (mi_idx.movie_id = t.id)
              ->  Seq Scan on movie_info_idx mi_idx  (cost=0.00..25185.44 rows=454124 width=4) (actual time=0.012..162.344 rows=459925 loops=1)
                    Filter: (info_type_id = 100)
                    Rows Removed by Filter: 920110
              ->  Hash  (cost=67604.59..67604.59 rows=1860996 width=4) (actual time=682.891..682.891 rows=1865487 loops=1)
                    Buckets: 131072  Batches: 32  Memory Usage: 3079kB
                    ->  Seq Scan on title t  (cost=0.00..67604.59 rows=1860996 width=4) (actual time=0.011..430.643 rows=1865487 loops=1)
                          Filter: (kind_id > 1)
                          Rows Removed by Filter: 662825
Planning time: 0.614 ms
Execution time: 2040.088 ms
