Seq Scan on movie_keyword mk  (cost=0.00..81003.12 rows=246 width=0) (actual time=4.350..391.003 rows=53 loops=1)
  Filter: (keyword_id = 32308)
  Rows Removed by Filter: 4523877
Planning time: 0.213 ms
Execution time: 391.077 ms
