Seq Scan on movie_companies mc  (cost=0.00..51404.11 rows=2193733 width=0) (actual time=0.016..336.441 rows=2190613 loops=1)
  Filter: (company_id < 80194)
  Rows Removed by Filter: 418516
Planning time: 0.219 ms
Execution time: 454.805 ms
