Hash Join  (cost=98137.04..1017531.65 rows=7538490 width=0) (actual time=12980.214..56274.789 rows=7298912 loops=1)
  Hash Cond: (ci.movie_id = t.id)
  ->  Seq Scan on cast_info ci  (cost=0.00..705507.15 rows=10242513 width=4) (actual time=7480.284..39239.036 rows=10260480 loops=1)
        Filter: (person_id > 2686585)
        Rows Removed by Filter: 25983864
  ->  Hash  (cost=67604.59..67604.59 rows=1860996 width=4) (actual time=5498.647..5498.647 rows=1865487 loops=1)
        Buckets: 131072  Batches: 32  Memory Usage: 3079kB
        ->  Seq Scan on title t  (cost=0.00..67604.59 rows=1860996 width=4) (actual time=0.012..4649.082 rows=1865487 loops=1)
              Filter: (kind_id > 1)
              Rows Removed by Filter: 662825
Planning time: 8.687 ms
Execution time: 57306.241 ms
