Seq Scan on movie_companies mc  (cost=0.00..51404.11 rows=104 width=0) (actual time=130.927..260.595 rows=87 loops=1)
  Filter: (company_id = 100070)
  Rows Removed by Filter: 2609042
Planning time: 0.183 ms
Execution time: 260.650 ms
