Hash Join  (cost=190230.21..1157679.76 rows=5322643 width=0) (actual time=1667.608..11049.849 rows=14320924 loops=1)
  Hash Cond: (ci.movie_id = t.id)
  ->  Seq Scan on cast_info ci  (cost=0.00..796071.18 rows=9752251 width=4) (actual time=31.584..5254.416 rows=12131457 loops=1)
        Filter: ((person_id > 1412930) AND (role_id > 2))
        Rows Removed by Filter: 24112887
  ->  Hash  (cost=167588.78..167588.78 rows=1380035 width=8) (actual time=1635.442..1635.442 rows=1380035 loops=1)
        Buckets: 131072  Batches: 32  Memory Usage: 2708kB
        ->  Hash Join  (cost=102767.86..167588.78 rows=1380035 width=8) (actual time=688.279..1462.533 rows=1380035 loops=1)
              Hash Cond: (mi_idx.movie_id = t.id)
              ->  Seq Scan on movie_info_idx mi_idx  (cost=0.00..21735.35 rows=1380035 width=4) (actual time=0.013..155.942 rows=1380035 loops=1)
              ->  Hash  (cost=61283.27..61283.27 rows=2528527 width=4) (actual time=687.307..687.307 rows=2528312 loops=1)
                    Buckets: 131072  Batches: 64  Memory Usage: 2415kB
                    ->  Seq Scan on title t  (cost=0.00..61283.27 rows=2528527 width=4) (actual time=0.009..357.677 rows=2528312 loops=1)
Planning time: 0.644 ms
Execution time: 11761.127 ms
