Hash Join  (cost=235757.59..1278233.54 rows=12372117 width=0) (actual time=2119.218..13303.717 rows=30368468 loops=1)
  Hash Cond: (ci.movie_id = t.id)
  ->  Seq Scan on cast_info ci  (cost=0.00..705507.15 rows=16049325 width=4) (actual time=0.018..4493.141 rows=16187488 loops=1)
        Filter: (person_id > 2014107)
        Rows Removed by Filter: 20056856
  ->  Hash  (cost=203777.68..203777.68 rows=1949193 width=8) (actual time=2118.622..2118.622 rows=1668803 loops=1)
        Buckets: 131072  Batches: 32  Memory Usage: 3026kB
        ->  Hash Join  (cost=98595.81..203777.68 rows=1949193 width=8) (actual time=719.049..1898.826 rows=1668803 loops=1)
              Hash Cond: (mc.movie_id = t.id)
              ->  Seq Scan on movie_companies mc  (cost=0.00..44881.29 rows=2609129 width=4) (actual time=0.009..305.456 rows=2609129 loops=1)
              ->  Hash  (cost=67604.59..67604.59 rows=1888978 width=4) (actual time=718.169..718.169 rows=1887769 loops=1)
                    Buckets: 131072  Batches: 32  Memory Usage: 3106kB
                    ->  Seq Scan on title t  (cost=0.00..67604.59 rows=1888978 width=4) (actual time=0.010..456.600 rows=1887769 loops=1)
                          Filter: (production_year > 1983)
                          Rows Removed by Filter: 640543
Planning time: 0.629 ms
Execution time: 14811.630 ms
