Seq Scan on movie_keyword mk  (cost=0.00..81003.12 rows=4484870 width=0) (actual time=0.028..1517.446 rows=4490941 loops=1)
  Filter: (keyword_id > 38)
  Rows Removed by Filter: 32989
Planning time: 0.349 ms
Execution time: 2090.011 ms
