Hash Join  (cost=157282.90..956399.34 rows=13177 width=0) (actual time=2959.241..14128.077 rows=27895 loops=1)
  Hash Cond: (ci.movie_id = t.id)
  ->  Seq Scan on cast_info ci  (cost=0.00..796071.18 rows=776933 width=4) (actual time=227.986..11230.474 rows=706331 loops=1)
        Filter: ((person_id > 2955830) AND (role_id = 3))
        Rows Removed by Filter: 35538013
  ->  Hash  (cost=156746.82..156746.82 rows=42886 width=8) (actual time=2730.412..2730.412 rows=44930 loops=1)
        Buckets: 65536  Batches: 1  Memory Usage: 2268kB
        ->  Hash Join  (cost=68332.59..156746.82 rows=42886 width=8) (actual time=1080.288..2714.663 rows=44930 loops=1)
              Hash Cond: (mk.movie_id = t.id)
              ->  Seq Scan on movie_keyword mk  (cost=0.00..81003.12 rows=1861933 width=4) (actual time=0.029..1293.397 rows=1867406 loops=1)
                    Filter: (keyword_id > 7373)
                    Rows Removed by Filter: 2656524
              ->  Hash  (cost=67604.59..67604.59 rows=58240 width=4) (actual time=1079.904..1079.904 rows=58590 loops=1)
                    Buckets: 65536  Batches: 1  Memory Usage: 2572kB
                    ->  Seq Scan on title t  (cost=0.00..67604.59 rows=58240 width=4) (actual time=0.020..1055.286 rows=58590 loops=1)
                          Filter: (production_year = 2001)
                          Rows Removed by Filter: 2469722
Planning time: 1.101 ms
Execution time: 14131.707 ms
