Seq Scan on movie_keyword mk  (cost=0.00..81003.12 rows=3515219 width=0) (actual time=0.015..3152.138 rows=3509104 loops=1)
  Filter: (keyword_id < 17795)
  Rows Removed by Filter: 1014826
Planning time: 0.231 ms
Execution time: 3618.285 ms
