Seq Scan on movie_companies mc  (cost=0.00..57926.93 rows=1277272 width=0) (actual time=156.861..721.318 rows=1231493 loops=1)
  Filter: ((company_id < 155569) AND (company_type_id > 1))
  Rows Removed by Filter: 1377636
Planning time: 0.352 ms
Execution time: 823.790 ms
