Hash Join  (cost=840857.60..1427345.15 rows=1364711 width=0) (actual time=17406.916..30229.733 rows=4028695 loops=1)
  Hash Cond: (mi.movie_id = t.id)
  ->  Seq Scan on movie_info mi  (cost=0.00..309384.22 rows=14739122 width=4) (actual time=0.023..5512.827 rows=14835720 loops=1)
  ->  Hash  (cost=837016.11..837016.11 rows=234119 width=8) (actual time=17405.054..17405.054 rows=242669 loops=1)
        Buckets: 131072  Batches: 4  Memory Usage: 3421kB
        ->  Hash Join  (cost=68058.67..837016.11 rows=234119 width=8) (actual time=1044.614..17064.160 rows=242669 loops=1)
              Hash Cond: (ci.movie_id = t.id)
              ->  Seq Scan on cast_info ci  (cost=0.00..705507.15 rows=16295760 width=4) (actual time=0.016..11534.318 rows=16436267 loops=1)
                    Filter: (person_id > 1987437)
                    Rows Removed by Filter: 19808077
              ->  Hash  (cost=67604.59..67604.59 rows=36327 width=4) (actual time=1044.146..1044.146 rows=36509 loops=1)
                    Buckets: 65536  Batches: 1  Memory Usage: 1796kB
                    ->  Seq Scan on title t  (cost=0.00..67604.59 rows=36327 width=4) (actual time=0.028..1028.836 rows=36509 loops=1)
                          Filter: (production_year = 1996)
                          Rows Removed by Filter: 2491803
Planning time: 1.329 ms
Execution time: 30646.767 ms
