Hash Join  (cost=102767.86..219162.12 rows=2290348 width=0) (actual time=1566.538..4522.453 rows=2290091 loops=1)
  Hash Cond: (mc.movie_id = t.id)
  ->  Seq Scan on movie_companies mc  (cost=0.00..51404.11 rows=2290348 width=4) (actual time=0.024..1033.463 rows=2290091 loops=1)
        Filter: (company_id < 91624)
        Rows Removed by Filter: 319038
  ->  Hash  (cost=61283.27..61283.27 rows=2528527 width=4) (actual time=1565.019..1565.019 rows=2528312 loops=1)
        Buckets: 131072  Batches: 64  Memory Usage: 2415kB
        ->  Seq Scan on title t  (cost=0.00..61283.27 rows=2528527 width=4) (actual time=0.016..761.274 rows=2528312 loops=1)
Planning time: 0.777 ms
Execution time: 4741.347 ms
