Hash Join  (cost=202578.21..615124.91 rows=459277 width=0) (actual time=3667.338..12318.517 rows=4464347 loops=1)
  Hash Cond: (mi.movie_id = t.id)
  ->  Seq Scan on movie_info mi  (cost=0.00..346232.03 rows=5263441 width=4) (actual time=0.025..5311.532 rows=5270569 loops=1)
        Filter: (info_type_id > 15)
        Rows Removed by Filter: 9565151
  ->  Hash  (cost=198958.29..198958.29 rows=220634 width=8) (actual time=3666.491..3666.491 rows=234634 loops=1)
        Buckets: 131072  Batches: 4  Memory Usage: 3348kB
        ->  Hash Join  (cost=102767.86..198958.29 rows=220634 width=8) (actual time=1811.454..3591.648 rows=234634 loops=1)
              Hash Cond: (mk.movie_id = t.id)
              ->  Seq Scan on movie_keyword mk  (cost=0.00..81003.12 rows=220634 width=4) (actual time=0.025..1165.852 rows=234634 loops=1)
                    Filter: (keyword_id < 188)
                    Rows Removed by Filter: 4289296
              ->  Hash  (cost=61283.27..61283.27 rows=2528527 width=4) (actual time=1808.436..1808.436 rows=2528312 loops=1)
                    Buckets: 131072  Batches: 64  Memory Usage: 2425kB
                    ->  Seq Scan on title t  (cost=0.00..61283.27 rows=2528527 width=4) (actual time=0.015..941.738 rows=2528312 loops=1)
Planning time: 1.230 ms
Execution time: 12858.416 ms
