Seq Scan on movie_keyword mk  (cost=0.00..81003.12 rows=1109312 width=0) (actual time=0.027..1259.323 rows=1118185 loops=1)
  Filter: (keyword_id < 1173)
  Rows Removed by Filter: 3405745
Planning time: 0.366 ms
Execution time: 1401.982 ms
