Hash Join  (cost=83074.74..833899.15 rows=3524 width=0) (actual time=1180.138..16096.197 rows=97 loops=1)
  Hash Cond: (ci.movie_id = t.id)
  ->  Seq Scan on cast_info ci  (cost=0.00..614943.12 rows=36225612 width=4) (actual time=0.018..8161.606 rows=36244344 loops=1)
  ->  Hash  (cost=83071.67..83071.67 rows=246 width=8) (actual time=1028.173..1028.173 rows=9 loops=1)
        Buckets: 1024  Batches: 1  Memory Usage: 9kB
        ->  Nested Loop  (cost=0.43..83071.67 rows=246 width=8) (actual time=103.041..1028.160 rows=9 loops=1)
              ->  Seq Scan on movie_keyword mk  (cost=0.00..81003.12 rows=246 width=4) (actual time=102.921..1027.905 rows=9 loops=1)
                    Filter: (keyword_id = 57642)
                    Rows Removed by Filter: 4523921
              ->  Index Only Scan using title_pkey on title t  (cost=0.43..8.40 rows=1 width=4) (actual time=0.023..0.023 rows=1 loops=9)
                    Index Cond: (id = mk.movie_id)
                    Heap Fetches: 9
Planning time: 2.026 ms
Execution time: 16096.353 ms
