Seq Scan on cast_info ci  (cost=0.00..705507.15 rows=7245 width=0) (actual time=2145.581..10633.959 rows=1780 loops=1)
  Filter: (person_id = 2857305)
  Rows Removed by Filter: 36242564
Planning time: 0.388 ms
Execution time: 10634.269 ms
