Hash Join  (cost=798791.46..885455.30 rows=580 width=0) (actual time=13372.131..15066.466 rows=10 loops=1)
  Hash Cond: (mk.movie_id = t.id)
  ->  Seq Scan on movie_keyword mk  (cost=0.00..69693.30 rows=4523930 width=4) (actual time=0.017..977.983 rows=4523930 loops=1)
  ->  Hash  (cost=798787.41..798787.41 rows=324 width=8) (actual time=13302.893..13302.893 rows=46 loops=1)
        Buckets: 1024  Batches: 1  Memory Usage: 10kB
        ->  Nested Loop  (cost=0.43..798787.41 rows=324 width=8) (actual time=754.317..13302.870 rows=46 loops=1)
              ->  Seq Scan on cast_info ci  (cost=0.00..796071.18 rows=324 width=4) (actual time=754.231..13301.732 rows=46 loops=1)
                    Filter: ((role_id > 1) AND (person_id = 3981381))
                    Rows Removed by Filter: 36244298
              ->  Index Only Scan using title_pkey on title t  (cost=0.43..8.37 rows=1 width=4) (actual time=0.022..0.023 rows=1 loops=46)
                    Index Cond: (id = ci.movie_id)
                    Heap Fetches: 46
Planning time: 1.179 ms
Execution time: 15066.617 ms
