Seq Scan on movie_keyword mk  (cost=0.00..81003.12 rows=4138605 width=0) (actual time=0.012..1361.696 rows=4140498 loops=1)
  Filter: (keyword_id < 44736)
  Rows Removed by Filter: 383432
Planning time: 0.347 ms
Execution time: 1862.387 ms
