Hash Join  (cost=143722.69..278732.33 rows=160841 width=0) (actual time=2429.450..5288.162 rows=172740 loops=1)
  Hash Cond: (mk.movie_id = t.id)
  ->  Seq Scan on movie_keyword mk  (cost=0.00..81003.12 rows=4501095 width=4) (actual time=0.026..1771.618 rows=4501684 loops=1)
        Filter: (keyword_id > 3)
        Rows Removed by Filter: 22246
  ->  Hash  (cost=142240.26..142240.26 rows=90354 width=8) (actual time=2171.775..2171.775 rows=19187 loops=1)
        Buckets: 131072  Batches: 2  Memory Usage: 1405kB
        ->  Hash Join  (cost=76379.89..142240.26 rows=90354 width=8) (actual time=1709.944..2163.264 rows=19187 loops=1)
              Hash Cond: (mc.movie_id = t.id)
              ->  Seq Scan on movie_companies mc  (cost=0.00..57926.93 rows=427174 width=4) (actual time=536.070..842.281 rows=108329 loops=1)
                    Filter: ((company_id > 23039) AND (company_type_id < 2))
                    Rows Removed by Filter: 2500800
              ->  Hash  (cost=67604.59..67604.59 rows=534824 width=4) (actual time=1172.907..1172.907 rows=533369 loops=1)
                    Buckets: 131072  Batches: 8  Memory Usage: 3369kB
                    ->  Seq Scan on title t  (cost=0.00..67604.59 rows=534824 width=4) (actual time=0.026..997.917 rows=533369 loops=1)
                          Filter: (production_year > 2009)
                          Rows Removed by Filter: 1994943
Planning time: 1.185 ms
Execution time: 5309.957 ms
