Seq Scan on movie_keyword mk  (cost=0.00..81003.12 rows=246 width=0) (actual time=31.288..1106.606 rows=129 loops=1)
  Filter: (keyword_id = 8331)
  Rows Removed by Filter: 4523801
Planning time: 0.413 ms
Execution time: 1106.788 ms
