Hash Join  (cost=186007.61..227271.64 rows=208155 width=0) (actual time=4044.878..5447.375 rows=967726 loops=1)
  Hash Cond: (mi_idx.movie_id = t.id)
  ->  Seq Scan on movie_info_idx mi_idx  (cost=0.00..21735.35 rows=1380035 width=4) (actual time=0.021..429.545 rows=1380035 loops=1)
  ->  Hash  (cost=179750.30..179750.30 rows=381385 width=8) (actual time=4041.934..4041.934 rows=699875 loops=1)
        Buckets: 131072 (originally 131072)  Batches: 16 (originally 8)  Memory Usage: 3073kB
        ->  Hash Join  (cost=102767.86..179750.30 rows=381385 width=8) (actual time=1977.870..3842.628 rows=699875 loops=1)
              Hash Cond: (mc.movie_id = t.id)
              ->  Seq Scan on movie_companies mc  (cost=0.00..57926.93 rows=381385 width=4) (actual time=254.361..907.693 rows=699875 loops=1)
                    Filter: ((company_id > 36533) AND (company_type_id = 2))
                    Rows Removed by Filter: 1909254
              ->  Hash  (cost=61283.27..61283.27 rows=2528527 width=4) (actual time=1722.242..1722.242 rows=2528312 loops=1)
                    Buckets: 131072  Batches: 64  Memory Usage: 2415kB
                    ->  Seq Scan on title t  (cost=0.00..61283.27 rows=2528527 width=4) (actual time=0.021..931.010 rows=2528312 loops=1)
Planning time: 1.200 ms
Execution time: 5557.115 ms
