Hash Join  (cost=190230.21..336039.00 rows=1905222 width=0) (actual time=7336.156..14229.429 rows=8038469 loops=1)
  Hash Cond: (mk.movie_id = t.id)
  ->  Seq Scan on movie_keyword mk  (cost=0.00..81003.12 rows=3490784 width=4) (actual time=0.017..3271.854 rows=3485347 loops=1)
        Filter: (keyword_id < 17081)
        Rows Removed by Filter: 1038583
  ->  Hash  (cost=167588.78..167588.78 rows=1380035 width=8) (actual time=7334.976..7334.976 rows=1380035 loops=1)
        Buckets: 131072  Batches: 32  Memory Usage: 2726kB
        ->  Hash Join  (cost=102767.86..167588.78 rows=1380035 width=8) (actual time=4437.196..6932.415 rows=1380035 loops=1)
              Hash Cond: (mi_idx.movie_id = t.id)
              ->  Seq Scan on movie_info_idx mi_idx  (cost=0.00..21735.35 rows=1380035 width=4) (actual time=0.031..993.765 rows=1380035 loops=1)
              ->  Hash  (cost=61283.27..61283.27 rows=2528527 width=4) (actual time=4436.444..4436.444 rows=2528312 loops=1)
                    Buckets: 131072  Batches: 64  Memory Usage: 2415kB
                    ->  Seq Scan on title t  (cost=0.00..61283.27 rows=2528527 width=4) (actual time=0.017..3472.992 rows=2528312 loops=1)
Planning time: 1.042 ms
Execution time: 15125.941 ms
