Hash Join  (cost=147688.94..632269.95 rows=447508 width=0) (actual time=2234.690..13192.231 rows=2980056 loops=1)
  Hash Cond: (mi.movie_id = t.id)
  ->  Seq Scan on movie_info mi  (cost=0.00..309384.22 rows=14739122 width=4) (actual time=0.018..5219.204 rows=14835720 loops=1)
  ->  Hash  (cost=146429.30..146429.30 rows=76771 width=8) (actual time=2233.898..2233.898 rows=88726 loops=1)
        Buckets: 131072  Batches: 2  Memory Usage: 2759kB
        ->  Hash Join  (cost=80661.47..146429.30 rows=76771 width=8) (actual time=1150.303..2202.617 rows=88726 loops=1)
              Hash Cond: (mc.movie_id = t.id)
              ->  Seq Scan on movie_companies mc  (cost=0.00..57926.93 rows=472851 width=4) (actual time=1.204..861.238 rows=167023 loops=1)
                    Filter: ((company_id > 17541) AND (company_type_id < 2))
                    Rows Removed by Filter: 2442106
              ->  Hash  (cost=73925.90..73925.90 rows=410525 width=4) (actual time=1148.183..1148.183 rows=456146 loops=1)
                    Buckets: 131072  Batches: 8  Memory Usage: 3040kB
                    ->  Seq Scan on title t  (cost=0.00..73925.90 rows=410525 width=4) (actual time=327.248..1007.672 rows=456146 loops=1)
                          Filter: ((kind_id < 2) AND (production_year < 2007))
                          Rows Removed by Filter: 2072166
Planning time: 1.142 ms
Execution time: 13531.299 ms
