Hash Join  (cost=182650.16..663735.05 rows=2289570 width=0) (actual time=3547.591..15075.856 rows=3211741 loops=1)
  Hash Cond: (mi.movie_id = t.id)
  ->  Seq Scan on movie_info mi  (cost=0.00..346232.03 rows=9476311 width=4) (actual time=0.018..6108.111 rows=9565151 loops=1)
        Filter: (info_type_id < 16)
        Rows Removed by Filter: 5270569
  ->  Hash  (cost=172626.69..172626.69 rows=610917 width=8) (actual time=3546.713..3546.713 rows=412987 loops=1)
        Buckets: 131072  Batches: 8  Memory Usage: 3044kB
        ->  Hash Join  (cost=90260.67..172626.69 rows=610917 width=8) (actual time=1723.154..3416.048 rows=412987 loops=1)
              Hash Cond: (mc.movie_id = t.id)
              ->  Seq Scan on movie_companies mc  (cost=0.00..57926.93 rows=1118644 width=4) (actual time=151.122..1045.933 rows=918008 loops=1)
                    Filter: ((company_id < 80329) AND (company_type_id = 2))
                    Rows Removed by Filter: 1691121
              ->  Hash  (cost=67604.59..67604.59 rows=1380887 width=4) (actual time=1571.168..1571.168 rows=1381453 loops=1)
                    Buckets: 131072  Batches: 32  Memory Usage: 2543kB
                    ->  Seq Scan on title t  (cost=0.00..67604.59 rows=1380887 width=4) (actual time=0.025..1125.576 rows=1381453 loops=1)
                          Filter: (production_year > 2000)
                          Rows Removed by Filter: 1146859
Planning time: 1.293 ms
Execution time: 15490.039 ms
