Hash Join  (cost=201860.04..1023681.73 rows=155876 width=0) (actual time=6532.953..18004.443 rows=195905 loops=1)
  Hash Cond: (ci.movie_id = t.id)
  ->  Seq Scan on cast_info ci  (cost=0.00..796071.18 rows=1822149 width=4) (actual time=2151.832..13012.888 rows=1386744 loops=1)
        Filter: ((person_id < 2471217) AND (role_id = 4))
        Rows Removed by Filter: 34857600
  ->  Hash  (cost=198311.25..198311.25 rows=216303 width=8) (actual time=4379.959..4379.959 rows=155162 loops=1)
        Buckets: 131072  Batches: 4  Memory Usage: 2491kB
        ->  Hash Join  (cost=69928.56..198311.25 rows=216303 width=8) (actual time=1383.014..4327.204 rows=155162 loops=1)
              Hash Cond: (mk.movie_id = t.id)
              ->  Seq Scan on movie_keyword mk  (cost=0.00..81003.12 rows=3862543 width=4) (actual time=0.042..1711.967 rows=3863115 loops=1)
                    Filter: (keyword_id > 508)
                    Rows Removed by Filter: 660815
              ->  Hash  (cost=67604.59..67604.59 rows=141598 width=4) (actual time=1382.070..1382.070 rows=141703 loops=1)
                    Buckets: 131072  Batches: 2  Memory Usage: 3517kB
                    ->  Seq Scan on title t  (cost=0.00..67604.59 rows=141598 width=4) (actual time=0.021..998.523 rows=141703 loops=1)
                          Filter: (production_year = 2010)
                          Rows Removed by Filter: 2386609
Planning time: 0.835 ms
Execution time: 18027.604 ms
