Hash Join  (cost=210015.51..731448.17 rows=2174485 width=0) (actual time=5240.658..24717.297 rows=37166005 loops=1)
  Hash Cond: (mi.movie_id = t.id)
  ->  Seq Scan on movie_info mi  (cost=0.00..309384.22 rows=14739122 width=4) (actual time=0.015..5581.684 rows=14835720 loops=1)
  ->  Hash  (cost=203894.55..203894.55 rows=373037 width=8) (actual time=4254.942..4254.942 rows=490353 loops=1)
        Buckets: 131072  Batches: 8  Memory Usage: 3353kB
        ->  Hash Join  (cost=77347.14..203894.55 rows=373037 width=8) (actual time=989.169..4098.529 rows=490353 loops=1)
              Hash Cond: (mk.movie_id = t.id)
              ->  Seq Scan on movie_keyword mk  (cost=0.00..69693.30 rows=4523930 width=4) (actual time=0.013..1294.736 rows=4523930 loops=1)
              ->  Hash  (cost=73925.90..73925.90 rows=208499 width=4) (actual time=988.412..988.412 rows=182393 loops=1)
                    Buckets: 131072  Batches: 4  Memory Usage: 2634kB
                    ->  Seq Scan on title t  (cost=0.00..73925.90 rows=208499 width=4) (actual time=0.025..927.752 rows=182393 loops=1)
                          Filter: ((production_year > 2007) AND (kind_id = 1))
                          Rows Removed by Filter: 2345919
Planning time: 1.221 ms
Execution time: 28922.837 ms
