Hash Join  (cost=102767.86..1134460.57 rows=9381510 width=0) (actual time=6679.728..24581.675 rows=9351511 loops=1)
  Hash Cond: (ci.movie_id = t.id)
  ->  Seq Scan on cast_info ci  (cost=0.00..796071.18 rows=9381510 width=4) (actual time=4861.841..15081.545 rows=9351511 loops=1)
        Filter: ((person_id > 32653) AND (role_id > 4))
        Rows Removed by Filter: 26892833
  ->  Hash  (cost=61283.27..61283.27 rows=2528527 width=4) (actual time=1816.988..1816.988 rows=2528312 loops=1)
        Buckets: 131072  Batches: 64  Memory Usage: 2415kB
        ->  Seq Scan on title t  (cost=0.00..61283.27 rows=2528527 width=4) (actual time=0.011..927.167 rows=2528312 loops=1)
Planning time: 0.831 ms
Execution time: 25492.818 ms
