Hash Join  (cost=83074.74..437085.89 rows=202 width=0) (actual time=1483.501..6195.323 rows=393 loops=1)
  Hash Cond: (mi.movie_id = t.id)
  ->  Seq Scan on movie_info mi  (cost=0.00..346232.03 rows=2073893 width=4) (actual time=232.332..4646.679 rows=2091068 loops=1)
        Filter: (info_type_id < 3)
        Rows Removed by Filter: 12744652
  ->  Hash  (cost=83071.67..83071.67 rows=246 width=8) (actual time=1249.500..1249.500 rows=174 loops=1)
        Buckets: 1024  Batches: 1  Memory Usage: 15kB
        ->  Nested Loop  (cost=0.43..83071.67 rows=246 width=8) (actual time=1.249..1249.256 rows=174 loops=1)
              ->  Seq Scan on movie_keyword mk  (cost=0.00..81003.12 rows=246 width=4) (actual time=1.179..1230.410 rows=174 loops=1)
                    Filter: (keyword_id = 1019)
                    Rows Removed by Filter: 4523756
              ->  Index Only Scan using title_pkey on title t  (cost=0.43..8.40 rows=1 width=4) (actual time=0.104..0.105 rows=1 loops=174)
                    Index Cond: (id = mk.movie_id)
                    Heap Fetches: 174
Planning time: 1.179 ms
Execution time: 6195.587 ms
