Seq Scan on movie_keyword mk  (cost=0.00..81003.12 rows=4158094 width=0) (actual time=0.024..1450.849 rows=4160484 loops=1)
  Filter: (keyword_id < 46064)
  Rows Removed by Filter: 363446
Planning time: 0.364 ms
Execution time: 1956.042 ms
