Hash Join  (cost=973695.08..4416196.85 rows=181580547 width=0) (actual time=25532.329..160530.417 rows=381255855 loops=1)
  Hash Cond: (ci.movie_id = t.id)
  ->  Seq Scan on cast_info ci  (cost=0.00..614943.12 rows=36225612 width=4) (actual time=0.021..12505.969 rows=36244344 loops=1)
  ->  Hash  (cost=765758.36..765758.36 rows=12674218 width=8) (actual time=25530.930..25530.930 rows=12042015 loops=1)
        Buckets: 131072  Batches: 256  Memory Usage: 2837kB
        ->  Hash Join  (cost=105357.69..765758.36 rows=12674218 width=8) (actual time=1900.743..20669.023 rows=12042015 loops=1)
              Hash Cond: (mi.movie_id = t.id)
              ->  Seq Scan on movie_info mi  (cost=0.00..346232.03 rows=13926693 width=4) (actual time=0.020..6744.522 rows=13963496 loops=1)
                    Filter: (info_type_id < 98)
                    Rows Removed by Filter: 872224
              ->  Hash  (cost=67604.59..67604.59 rows=2301128 width=4) (actual time=1899.691..1899.691 rows=2292034 loops=1)
                    Buckets: 131072  Batches: 32  Memory Usage: 3556kB
                    ->  Seq Scan on title t  (cost=0.00..67604.59 rows=2301128 width=4) (actual time=0.013..1143.926 rows=2292034 loops=1)
                          Filter: (production_year > 1949)
                          Rows Removed by Filter: 236278
Planning time: 1.179 ms
Execution time: 204910.285 ms
