Seq Scan on cast_info ci  (cost=0.00..796071.18 rows=3630288 width=0) (actual time=10539.325..13848.938 rows=4099093 loops=1)
  Filter: ((person_id > 552270) AND (role_id = 10))
  Rows Removed by Filter: 32145251
Planning time: 0.307 ms
Execution time: 14372.658 ms
