Hash Join  (cost=83074.55..833889.64 rows=2594 width=0) (actual time=609.033..15003.343 rows=181 loops=1)
  Hash Cond: (ci.movie_id = t.id)
  ->  Seq Scan on cast_info ci  (cost=0.00..614943.12 rows=36225612 width=4) (actual time=0.020..7704.517 rows=36244344 loops=1)
  ->  Hash  (cost=83072.29..83072.29 rows=181 width=8) (actual time=551.696..551.696 rows=8 loops=1)
        Buckets: 1024  Batches: 1  Memory Usage: 9kB
        ->  Nested Loop  (cost=0.43..83072.29 rows=181 width=8) (actual time=101.474..551.669 rows=8 loops=1)
              ->  Seq Scan on movie_keyword mk  (cost=0.00..81003.12 rows=246 width=4) (actual time=45.759..550.837 rows=23 loops=1)
                    Filter: (keyword_id = 19573)
                    Rows Removed by Filter: 4523907
              ->  Index Scan using title_pkey on title t  (cost=0.43..8.40 rows=1 width=4) (actual time=0.032..0.032 rows=0 loops=23)
                    Index Cond: (id = mk.movie_id)
                    Filter: (kind_id > 1)
                    Rows Removed by Filter: 1
Planning time: 1.267 ms
Execution time: 15003.640 ms
