Nested Loop  (cost=0.43..709674.40 rows=120 width=0) (actual time=10426.925..30600.605 rows=3 loops=1)
  ->  Seq Scan on cast_info ci  (cost=0.00..705507.15 rows=500 width=4) (actual time=10426.232..30592.501 rows=51 loops=1)
        Filter: (person_id = 2623863)
        Rows Removed by Filter: 36244293
  ->  Index Scan using title_pkey on title t  (cost=0.43..8.32 rows=1 width=4) (actual time=0.157..0.157 rows=0 loops=51)
        Index Cond: (id = ci.movie_id)
        Filter: ((kind_id < 7) AND (production_year < 2007))
        Rows Removed by Filter: 1
Planning time: 0.705 ms
Execution time: 30601.899 ms
