Hash Join  (cost=956913.98..1503762.46 rows=4556465 width=0) (actual time=18188.187..35179.507 rows=22889447 loops=1)
  Hash Cond: (mi.movie_id = t.id)
  ->  Seq Scan on movie_info mi  (cost=0.00..309384.22 rows=14739122 width=4) (actual time=0.017..5438.866 rows=14835720 loops=1)
  ->  Hash  (cost=944089.10..944089.10 rows=781671 width=8) (actual time=18187.214..18187.214 rows=736333 loops=1)
        Buckets: 131072  Batches: 16  Memory Usage: 2841kB
        ->  Hash Join  (cost=80355.62..944089.10 rows=781671 width=8) (actual time=1145.522..17944.427 rows=736333 loops=1)
              Hash Cond: (ci.movie_id = t.id)
              ->  Seq Scan on cast_info ci  (cost=0.00..796071.18 rows=5043357 width=4) (actual time=0.019..13560.719 rows=6544354 loops=1)
                    Filter: ((person_id < 2583452) AND (role_id = 2))
                    Rows Removed by Filter: 29699990
              ->  Hash  (cost=73925.90..73925.90 rows=391897 width=4) (actual time=1144.035..1144.035 rows=289693 loops=1)
                    Buckets: 131072  Batches: 8  Memory Usage: 2301kB
                    ->  Seq Scan on title t  (cost=0.00..73925.90 rows=391897 width=4) (actual time=0.025..1051.770 rows=289693 loops=1)
                          Filter: ((production_year > 1998) AND (kind_id = 1))
                          Rows Removed by Filter: 2238619
Planning time: 2.435 ms
Execution time: 37143.352 ms
