Hash Join  (cost=121402.33..611714.25 rows=984598 width=0) (actual time=2416.150..14876.249 rows=3340740 loops=1)
  Hash Cond: (mi.movie_id = t.id)
  ->  Seq Scan on movie_info mi  (cost=0.00..309384.22 rows=14739122 width=4) (actual time=0.008..5338.482 rows=14835720 loops=1)
  ->  Hash  (cost=118630.96..118630.96 rows=168910 width=8) (actual time=2415.367..2415.367 rows=206972 loops=1)
        Buckets: 131072  Batches: 4  Memory Usage: 3058kB
        ->  Hash Join  (cost=82805.75..118630.96 rows=168910 width=8) (actual time=1392.939..2342.739 rows=206972 loops=1)
              Hash Cond: (mi_idx.movie_id = t.id)
              ->  Seq Scan on movie_info_idx mi_idx  (cost=0.00..25185.44 rows=460978 width=4) (actual time=0.010..442.410 rows=459925 loops=1)
                    Filter: (info_type_id < 100)
                    Rows Removed by Filter: 920110
              ->  Hash  (cost=67604.59..67604.59 rows=926493 width=4) (actual time=1391.683..1391.683 rows=924605 loops=1)
                    Buckets: 131072  Batches: 16  Memory Usage: 3056kB
                    ->  Seq Scan on title t  (cost=0.00..67604.59 rows=926493 width=4) (actual time=0.015..1097.943 rows=924605 loops=1)
                          Filter: (production_year < 1998)
                          Rows Removed by Filter: 1603707
Planning time: 1.263 ms
Execution time: 15293.562 ms
