Nested Loop  (cost=0.43..52284.21 rows=24 width=0) (actual time=5.149..691.945 rows=29 loops=1)
  ->  Seq Scan on movie_companies mc  (cost=0.00..51404.11 rows=104 width=4) (actual time=1.019..686.020 rows=255 loops=1)
        Filter: (company_id = 369)
        Rows Removed by Filter: 2608874
  ->  Index Scan using title_pkey on title t  (cost=0.43..8.45 rows=1 width=4) (actual time=0.022..0.022 rows=0 loops=255)
        Index Cond: (id = mc.movie_id)
        Filter: ((kind_id > 1) AND (production_year > 2007))
        Rows Removed by Filter: 1
Planning time: 0.829 ms
Execution time: 692.074 ms
