Seq Scan on cast_info ci  (cost=0.00..705507.15 rows=17152748 width=0) (actual time=0.016..10328.038 rows=17279394 loops=1)
  Filter: (person_id > 1891856)
  Rows Removed by Filter: 18964950
Planning time: 0.382 ms
Execution time: 12268.931 ms
