Hash Join  (cost=170219.15..1271852.07 rows=6602876 width=0) (actual time=3780.314..32703.855 rows=5626706 loops=1)
  Hash Cond: (ci.movie_id = t.id)
  ->  Seq Scan on cast_info ci  (cost=0.00..614943.12 rows=36225612 width=4) (actual time=0.012..12276.642 rows=36244344 loops=1)
  ->  Hash  (cost=162657.19..162657.19 rows=460877 width=8) (actual time=3778.297..3778.297 rows=338944 loops=1)
        Buckets: 131072  Batches: 8  Memory Usage: 2689kB
        ->  Hash Join  (cost=81253.89..162657.19 rows=460877 width=8) (actual time=1347.613..3695.211 rows=338944 loops=1)
              Hash Cond: (mc.movie_id = t.id)
              ->  Seq Scan on movie_companies mc  (cost=0.00..44881.29 rows=2609129 width=4) (actual time=0.019..901.542 rows=2609129 loops=1)
              ->  Hash  (cost=73925.90..73925.90 rows=446639 width=4) (actual time=1346.502..1346.502 rows=306970 loops=1)
                    Buckets: 131072  Batches: 8  Memory Usage: 2364kB
                    ->  Seq Scan on title t  (cost=0.00..73925.90 rows=446639 width=4) (actual time=0.031..1246.478 rows=306970 loops=1)
                          Filter: ((kind_id > 1) AND (production_year < 1986))
                          Rows Removed by Filter: 2221342
Planning time: 1.329 ms
Execution time: 33325.236 ms
