Nested Loop  (cost=0.43..709673.15 rows=307 width=0) (actual time=5534.551..10205.060 rows=375 loops=1)
  ->  Seq Scan on cast_info ci  (cost=0.00..705507.15 rows=500 width=4) (actual time=5534.490..10183.506 rows=407 loops=1)
        Filter: (person_id = 2975215)
        Rows Removed by Filter: 36243937
  ->  Index Scan using title_pkey on title t  (cost=0.43..8.32 rows=1 width=4) (actual time=0.052..0.052 rows=1 loops=407)
        Index Cond: (id = ci.movie_id)
        Filter: (kind_id > 4)
        Rows Removed by Filter: 0
Planning time: 0.806 ms
Execution time: 10205.260 ms
