Hash Join  (cost=494948.48..1646808.37 rows=8134038 width=0) (actual time=8571.982..49032.480 rows=41889187 loops=1)
  Hash Cond: (ci.movie_id = t.id)
  ->  Seq Scan on cast_info ci  (cost=0.00..796071.18 rows=23439545 width=4) (actual time=0.015..17178.369 rows=23455034 loops=1)
        Filter: ((person_id < 4043192) AND (role_id > 1))
        Rows Removed by Filter: 12789310
  ->  Hash  (cost=480552.29..480552.29 rows=877455 width=8) (actual time=8571.015..8571.015 rows=941673 loops=1)
        Buckets: 131072  Batches: 16  Memory Usage: 3289kB
        ->  Hash Join  (cost=104071.89..480552.29 rows=877455 width=8) (actual time=4404.662..8295.086 rows=941673 loops=1)
              Hash Cond: (mi.movie_id = t.id)
              ->  Seq Scan on movie_info mi  (cost=0.00..346232.03 rows=998166 width=4) (actual time=1978.954..4711.195 rows=1052885 loops=1)
                    Filter: (info_type_id > 77)
                    Rows Removed by Filter: 13782835
              ->  Hash  (cost=67604.59..67604.59 rows=2222744 width=4) (actual time=2382.583..2382.583 rows=2214818 loops=1)
                    Buckets: 131072  Batches: 32  Memory Usage: 3469kB
                    ->  Seq Scan on title t  (cost=0.00..67604.59 rows=2222744 width=4) (actual time=0.027..1186.590 rows=2214818 loops=1)
                          Filter: (production_year > 1959)
                          Rows Removed by Filter: 313494
Planning time: 1.212 ms
Execution time: 53648.737 ms
