Hash Join  (cost=52284.23..146500.20 rows=31 width=0) (actual time=2133.072..2764.712 rows=1 loops=1)
  Hash Cond: (mk.movie_id = t.id)
  ->  Seq Scan on movie_keyword mk  (cost=0.00..81003.12 rows=3523344 width=4) (actual time=0.020..1510.263 rows=3516657 loops=1)
        Filter: (keyword_id > 966)
        Rows Removed by Filter: 1007273
  ->  Hash  (cost=52283.95..52283.95 rows=22 width=8) (actual time=782.679..782.679 rows=3 loops=1)
        Buckets: 1024  Batches: 1  Memory Usage: 9kB
        ->  Nested Loop  (cost=0.43..52283.95 rows=22 width=8) (actual time=535.449..782.666 rows=3 loops=1)
              ->  Seq Scan on movie_companies mc  (cost=0.00..51404.11 rows=104 width=4) (actual time=5.468..777.115 rows=114 loops=1)
                    Filter: (company_id = 6468)
                    Rows Removed by Filter: 2609015
              ->  Index Scan using title_pkey on title t  (cost=0.43..8.45 rows=1 width=4) (actual time=0.046..0.047 rows=0 loops=114)
                    Index Cond: (id = mc.movie_id)
                    Filter: (production_year > 2009)
                    Rows Removed by Filter: 1
Planning time: 1.271 ms
Execution time: 2764.849 ms
