Hash Join  (cost=102767.86..967027.53 rows=2423292 width=0) (actual time=2163.268..17829.117 rows=2933120 loops=1)
  Hash Cond: (ci.movie_id = t.id)
  ->  Seq Scan on cast_info ci  (cost=0.00..796071.18 rows=2423292 width=4) (actual time=0.008..12955.614 rows=2933120 loops=1)
        Filter: ((person_id > 1399345) AND (role_id = 3))
        Rows Removed by Filter: 33311224
  ->  Hash  (cost=61283.27..61283.27 rows=2528527 width=4) (actual time=2161.531..2161.531 rows=2528312 loops=1)
        Buckets: 131072  Batches: 64  Memory Usage: 2415kB
        ->  Seq Scan on title t  (cost=0.00..61283.27 rows=2528527 width=4) (actual time=0.014..1152.144 rows=2528312 loops=1)
Planning time: 0.550 ms
Execution time: 18160.174 ms
