Seq Scan on cast_info ci  (cost=0.00..705507.15 rows=500 width=0) (actual time=394.271..9682.696 rows=1488 loops=1)
  Filter: (person_id = 1441525)
  Rows Removed by Filter: 36242856
Planning time: 0.388 ms
Execution time: 9682.986 ms
