Seq Scan on cast_info ci  (cost=0.00..705507.15 rows=57637 width=0) (actual time=7523.871..10197.242 rows=75885 loops=1)
  Filter: (person_id > 4050127)
  Rows Removed by Filter: 36168459
Planning time: 0.283 ms
Execution time: 10207.247 ms
