Hash Join  (cost=145587.44..503614.47 rows=109574 width=0) (actual time=3210.519..8170.202 rows=133024 loops=1)
  Hash Cond: (mi.movie_id = t.id)
  ->  Seq Scan on movie_info mi  (cost=0.00..346232.03 rows=809669 width=4) (actual time=0.021..4502.996 rows=802140 loops=1)
        Filter: (info_type_id = 1)
        Rows Removed by Filter: 14033580
  ->  Hash  (cost=139973.05..139973.05 rows=342191 width=8) (actual time=3209.407..3209.407 rows=250045 loops=1)
        Buckets: 131072  Batches: 8  Memory Usage: 2255kB
        ->  Hash Join  (cost=98137.04..139973.05 rows=342191 width=8) (actual time=1993.710..3124.725 rows=250045 loops=1)
              Hash Cond: (mi_idx.movie_id = t.id)
              ->  Seq Scan on movie_info_idx mi_idx  (cost=0.00..25185.44 rows=464934 width=4) (actual time=0.016..447.970 rows=460185 loops=1)
                    Filter: (info_type_id > 100)
                    Rows Removed by Filter: 919850
              ->  Hash  (cost=67604.59..67604.59 rows=1860996 width=4) (actual time=1992.338..1992.338 rows=1865487 loops=1)
                    Buckets: 131072  Batches: 32  Memory Usage: 3079kB
                    ->  Seq Scan on title t  (cost=0.00..67604.59 rows=1860996 width=4) (actual time=0.018..1109.162 rows=1865487 loops=1)
                          Filter: (kind_id > 1)
                          Rows Removed by Filter: 662825
Planning time: 1.169 ms
Execution time: 8186.942 ms
