Hash Join  (cost=102767.86..272355.04 rows=3270896 width=0) (actual time=1803.325..6527.773 rows=3258812 loops=1)
  Hash Cond: (mk.movie_id = t.id)
  ->  Seq Scan on movie_keyword mk  (cost=0.00..81003.12 rows=3270896 width=4) (actual time=0.023..1405.150 rows=3258812 loops=1)
        Filter: (keyword_id < 14138)
        Rows Removed by Filter: 1265118
  ->  Hash  (cost=61283.27..61283.27 rows=2528527 width=4) (actual time=1799.530..1799.530 rows=2528312 loops=1)
        Buckets: 131072  Batches: 64  Memory Usage: 2425kB
        ->  Seq Scan on title t  (cost=0.00..61283.27 rows=2528527 width=4) (actual time=0.011..948.571 rows=2528312 loops=1)
Planning time: 0.851 ms
Execution time: 6918.918 ms
