Hash Join  (cost=67612.84..150810.88 rows=153 width=0) (actual time=962.052..2278.077 rows=917 loops=1)
  Hash Cond: (mk.movie_id = t.id)
  ->  Seq Scan on movie_keyword mk  (cost=0.00..81003.12 rows=584903 width=4) (actual time=0.019..1222.894 rows=583099 loops=1)
        Filter: (keyword_id > 31446)
        Rows Removed by Filter: 3940831
  ->  Hash  (cost=67604.59..67604.59 rows=660 width=4) (actual time=953.473..953.473 rows=3515 loops=1)
        Buckets: 4096 (originally 1024)  Batches: 1 (originally 1)  Memory Usage: 156kB
        ->  Seq Scan on title t  (cost=0.00..67604.59 rows=660 width=4) (actual time=18.758..951.704 rows=3515 loops=1)
              Filter: (production_year > 2013)
              Rows Removed by Filter: 2524797
Planning time: 3.904 ms
Execution time: 2278.394 ms
