Nested Loop  (cost=0.43..94226.19 rows=4947 width=0) (actual time=0.560..955.803 rows=7120 loops=1)
  ->  Seq Scan on movie_companies mc  (cost=0.00..57926.93 rows=4947 width=4) (actual time=0.492..821.260 rows=7120 loops=1)
        Filter: ((company_type_id < 2) AND (company_id = 2561))
        Rows Removed by Filter: 2602009
  ->  Index Only Scan using title_pkey on title t  (cost=0.43..7.33 rows=1 width=4) (actual time=0.018..0.018 rows=1 loops=7120)
        Index Cond: (id = mc.movie_id)
        Heap Fetches: 7120
Planning time: 4.402 ms
Execution time: 957.618 ms
