Seq Scan on movie_companies mc  (cost=0.00..57926.93 rows=353131 width=0) (actual time=171.418..809.996 rows=194980 loops=1)
  Filter: ((company_id < 1200) AND (company_type_id = 2))
  Rows Removed by Filter: 2414149
Planning time: 0.408 ms
Execution time: 836.433 ms
