Hash Join  (cost=433328.88..1323746.84 rows=311684 width=0) (actual time=6532.699..23230.673 rows=994741 loops=1)
  Hash Cond: (ci.movie_id = t.id)
  ->  Seq Scan on cast_info ci  (cost=0.00..705507.15 rows=18179400 width=4) (actual time=0.008..11330.620 rows=18043887 loops=1)
        Filter: (person_id < 1790887)
        Rows Removed by Filter: 18200457
  ->  Hash  (cost=432786.99..432786.99 rows=43351 width=8) (actual time=6531.563..6531.563 rows=77396 loops=1)
        Buckets: 131072 (originally 65536)  Batches: 1 (originally 1)  Memory Usage: 4048kB
        ->  Hash Join  (cost=67697.55..432786.99 rows=43351 width=8) (actual time=663.208..6496.763 rows=77396 loops=1)
              Hash Cond: (mi.movie_id = t.id)
              ->  Seq Scan on movie_info mi  (cost=0.00..309384.22 rows=14739122 width=4) (actual time=0.021..2943.043 rows=14835720 loops=1)
              ->  Hash  (cost=67604.59..67604.59 rows=7437 width=4) (actual time=663.110..663.110 rows=9768 loops=1)
                    Buckets: 16384 (originally 8192)  Batches: 1 (originally 1)  Memory Usage: 472kB
                    ->  Seq Scan on title t  (cost=0.00..67604.59 rows=7437 width=4) (actual time=0.027..659.236 rows=9768 loops=1)
                          Filter: (production_year = 1958)
                          Rows Removed by Filter: 2518544
Planning time: 1.241 ms
Execution time: 23355.884 ms
