Hash Join  (cost=83074.74..833899.15 rows=3524 width=0) (actual time=1142.558..16289.305 rows=31437 loops=1)
  Hash Cond: (ci.movie_id = t.id)
  ->  Seq Scan on cast_info ci  (cost=0.00..614943.12 rows=36225612 width=4) (actual time=0.016..7760.732 rows=36244344 loops=1)
  ->  Hash  (cost=83071.67..83071.67 rows=246 width=8) (actual time=1141.342..1141.342 rows=575 loops=1)
        Buckets: 1024  Batches: 1  Memory Usage: 31kB
        ->  Nested Loop  (cost=0.43..83071.67 rows=246 width=8) (actual time=9.887..1140.881 rows=575 loops=1)
              ->  Seq Scan on movie_keyword mk  (cost=0.00..81003.12 rows=246 width=4) (actual time=9.800..1123.774 rows=575 loops=1)
                    Filter: (keyword_id = 5215)
                    Rows Removed by Filter: 4523355
              ->  Index Only Scan using title_pkey on title t  (cost=0.43..8.40 rows=1 width=4) (actual time=0.028..0.028 rows=1 loops=575)
                    Index Cond: (id = mk.movie_id)
                    Heap Fetches: 575
Planning time: 1.213 ms
Execution time: 16297.311 ms
