Hash Join  (cost=86991.64..194441.17 rows=496600 width=134) (actual time=1281.333..3442.437 rows=210250 loops=1)
  Hash Cond: (mc.movie_id = t.id)
  ->  Seq Scan on movie_companies mc  (cost=0.00..44881.29 rows=2609129 width=40) (actual time=0.016..581.035 rows=2609129 loops=1)
  ->  Hash  (cost=73925.90..73925.90 rows=481259 width=94) (actual time=1280.863..1280.863 rows=518327 loops=1)
        Buckets: 32768  Batches: 32  Memory Usage: 2109kB
        ->  Seq Scan on title t  (cost=0.00..73925.90 rows=481259 width=94) (actual time=0.021..1062.021 rows=518327 loops=1)
              Filter: ((production_year > 2007) AND (kind_id = 7))
              Rows Removed by Filter: 2009985
Planning time: 0.882 ms
Execution time: 3454.253 ms
