Hash Join  (cost=181732.94..238139.28 rows=18363 width=0) (actual time=3556.060..4306.876 rows=3 loops=1)
  Hash Cond: (mc.movie_id = t.id)
  ->  Seq Scan on movie_companies mc  (cost=0.00..51404.11 rows=1284959 width=4) (actual time=0.027..853.050 rows=1275391 loops=1)
        Filter: (company_id < 11204)
        Rows Removed by Filter: 1333738
  ->  Hash  (cost=181281.26..181281.26 rows=36135 width=8) (actual time=3219.583..3219.583 rows=18 loops=1)
        Buckets: 65536  Batches: 1  Memory Usage: 513kB
        ->  Hash Join  (cost=93093.72..181281.26 rows=36135 width=8) (actual time=2928.488..3219.489 rows=18 loops=1)
              Hash Cond: (mk.movie_id = t.id)
              ->  Seq Scan on movie_keyword mk  (cost=0.00..81003.12 rows=58811 width=4) (actual time=7.005..1232.350 rows=58448 loops=1)
                    Filter: (keyword_id = 16264)
                    Rows Removed by Filter: 4465482
              ->  Hash  (cost=67604.59..67604.59 rows=1553611 width=4) (actual time=1690.089..1690.089 rows=1555864 loops=1)
                    Buckets: 131072  Batches: 32  Memory Usage: 2740kB
                    ->  Seq Scan on title t  (cost=0.00..67604.59 rows=1553611 width=4) (actual time=0.018..1184.692 rows=1555864 loops=1)
                          Filter: (kind_id > 4)
                          Rows Removed by Filter: 972448
Planning time: 1.084 ms
Execution time: 4307.194 ms
