Seq Scan on movie_companies mc  (cost=0.00..51404.11 rows=513376 width=0) (actual time=0.046..796.824 rows=518924 loops=1)
  Filter: (company_id > 73399)
  Rows Removed by Filter: 2090205
Planning time: 0.319 ms
Execution time: 862.786 ms
