Nested Loop  (cost=0.43..83072.90 rows=14 width=0) (actual time=0.517..1188.949 rows=40 loops=1)
  ->  Seq Scan on movie_keyword mk  (cost=0.00..81003.12 rows=246 width=4) (actual time=0.468..1175.150 rows=452 loops=1)
        Filter: (keyword_id = 3138)
        Rows Removed by Filter: 4523478
  ->  Index Scan using title_pkey on title t  (cost=0.43..8.40 rows=1 width=4) (actual time=0.029..0.029 rows=0 loops=452)
        Index Cond: (id = mk.movie_id)
        Filter: ((production_year > 2009) AND (kind_id = 1))
        Rows Removed by Filter: 1
Planning time: 0.813 ms
Execution time: 1189.069 ms
