Seq Scan on movie_companies mc  (cost=0.00..51404.11 rows=1406522 width=0) (actual time=0.020..842.346 rows=1396343 loops=1)
  Filter: (company_id < 12140)
  Rows Removed by Filter: 1212786
Planning time: 0.287 ms
Execution time: 1017.881 ms
