Seq Scan on cast_info ci  (cost=0.00..705507.15 rows=500 width=0) (actual time=2826.080..10570.166 rows=105 loops=1)
  Filter: (person_id = 2746544)
  Rows Removed by Filter: 36244239
Planning time: 0.432 ms
Execution time: 10570.275 ms
