Seq Scan on cast_info ci  (cost=0.00..796071.18 rows=11300657 width=0) (actual time=258.218..13548.025 rows=5872644 loops=1)
  Filter: ((person_id < 2609457) AND (role_id > 2))
  Rows Removed by Filter: 30371700
Planning time: 0.393 ms
Execution time: 14264.102 ms
