Hash Join  (cost=219904.15..1041417.77 rows=3542123 width=0) (actual time=7046.371..21488.360 rows=5587295 loops=1)
  Hash Cond: (ci.movie_id = t.id)
  ->  Seq Scan on cast_info ci  (cost=0.00..705507.15 rows=5820248 width=4) (actual time=2376.093..12567.999 rows=5732694 loops=1)
        Filter: (role_id > 8)
        Rows Removed by Filter: 30511650
  ->  Hash  (cost=194656.81..194656.81 rows=1538827 width=8) (actual time=4668.460..4668.460 rows=704352 loops=1)
        Buckets: 131072  Batches: 32  Memory Usage: 1857kB
        ->  Hash Join  (cost=98393.02..194656.81 rows=1538827 width=8) (actual time=2300.829..4448.231 rows=704352 loops=1)
              Hash Cond: (mc.movie_id = t.id)
              ->  Seq Scan on movie_companies mc  (cost=0.00..44881.29 rows=2609129 width=4) (actual time=0.031..829.293 rows=2609129 loops=1)
              ->  Hash  (cost=73925.90..73925.90 rows=1491289 width=4) (actual time=1844.330..1844.330 rows=1478439 loops=1)
                    Buckets: 131072  Batches: 32  Memory Usage: 2651kB
                    ->  Seq Scan on title t  (cost=0.00..73925.90 rows=1491289 width=4) (actual time=0.022..1380.156 rows=1478439 loops=1)
                          Filter: ((production_year > 1902) AND (kind_id = 7))
                          Rows Removed by Filter: 1049873
Planning time: 1.230 ms
Execution time: 22093.317 ms
