Seq Scan on movie_companies mc  (cost=0.00..51404.11 rows=104 width=0) (actual time=172.162..774.101 rows=42 loops=1)
  Filter: (company_id = 14242)
  Rows Removed by Filter: 2609087
Planning time: 0.355 ms
Execution time: 774.205 ms
