Seq Scan on movie_keyword mk  (cost=0.00..81003.12 rows=246 width=0) (actual time=1.658..1142.574 rows=1017 loops=1)
  Filter: (keyword_id = 4925)
  Rows Removed by Filter: 4522913
Planning time: 0.411 ms
Execution time: 1142.965 ms
