Hash Join  (cost=137694.31..632506.07 rows=1406282 width=0) (actual time=2802.866..14214.303 rows=1794928 loops=1)
  Hash Cond: (mi.movie_id = t.id)
  ->  Seq Scan on movie_info mi  (cost=0.00..309384.22 rows=14739122 width=4) (actual time=0.013..5430.226 rows=14835720 loops=1)
  ->  Hash  (cost=133735.67..133735.67 rows=241251 width=8) (actual time=2801.965..2801.965 rows=194959 loops=1)
        Buckets: 131072  Batches: 4  Memory Usage: 2932kB
        ->  Hash Join  (cost=95637.05..133735.67 rows=241251 width=8) (actual time=1758.223..2736.027 rows=194959 loops=1)
              Hash Cond: (mi_idx.movie_id = t.id)
              ->  Seq Scan on movie_info_idx mi_idx  (cost=0.00..25185.44 rows=460978 width=4) (actual time=0.020..427.944 rows=459925 loops=1)
                    Filter: (info_type_id = 99)
                    Rows Removed by Filter: 920110
              ->  Hash  (cost=73925.90..73925.90 rows=1323292 width=4) (actual time=1756.944..1756.944 rows=1447699 loops=1)
                    Buckets: 131072  Batches: 32  Memory Usage: 2623kB
                    ->  Seq Scan on title t  (cost=0.00..73925.90 rows=1323292 width=4) (actual time=0.008..1269.906 rows=1447699 loops=1)
                          Filter: ((kind_id > 1) AND (production_year > 1988))
                          Rows Removed by Filter: 1080613
Planning time: 1.231 ms
Execution time: 14390.487 ms
