Hash Join  (cost=98393.02..504024.54 rows=1809577 width=0) (actual time=4514.844..9371.642 rows=1641307 loops=1)
  Hash Cond: (mi.movie_id = t.id)
  ->  Seq Scan on movie_info mi  (cost=0.00..346232.03 rows=3068194 width=4) (actual time=2644.828..4957.753 rows=3036719 loops=1)
        Filter: (info_type_id = 16)
        Rows Removed by Filter: 11799001
  ->  Hash  (cost=73925.90..73925.90 rows=1491289 width=4) (actual time=1868.533..1868.533 rows=1478439 loops=1)
        Buckets: 131072  Batches: 32  Memory Usage: 2656kB
        ->  Seq Scan on title t  (cost=0.00..73925.90 rows=1491289 width=4) (actual time=143.398..1356.991 rows=1478439 loops=1)
              Filter: ((production_year > 1902) AND (kind_id = 7))
              Rows Removed by Filter: 1049873
Planning time: 0.730 ms
Execution time: 9566.021 ms
