Seq Scan on movie_keyword mk  (cost=0.00..81003.12 rows=4244867 width=0) (actual time=0.024..1481.431 rows=4245878 loops=1)
  Filter: (keyword_id < 57166)
  Rows Removed by Filter: 278052
Planning time: 0.311 ms
Execution time: 2007.834 ms
