Hash Join  (cost=98969.27..716104.69 rows=11143759 width=0) (actual time=1897.296..18442.899 rows=10089731 loops=1)
  Hash Cond: (mi.movie_id = t.id)
  ->  Seq Scan on movie_info mi  (cost=0.00..309384.22 rows=14739122 width=4) (actual time=0.019..5390.199 rows=14835720 loops=1)
  ->  Hash  (cost=67604.59..67604.59 rows=1911735 width=4) (actual time=1896.026..1896.026 rows=1903258 loops=1)
        Buckets: 131072  Batches: 32  Memory Usage: 3131kB
        ->  Seq Scan on title t  (cost=0.00..67604.59 rows=1911735 width=4) (actual time=0.017..1288.894 rows=1903258 loops=1)
              Filter: (production_year > 1982)
              Rows Removed by Filter: 625054
Planning time: 0.745 ms
Execution time: 19640.070 ms
