Seq Scan on movie_companies mc  (cost=0.00..51404.11 rows=104 width=0) (actual time=174.596..704.078 rows=76 loops=1)
  Filter: (company_id = 31508)
  Rows Removed by Filter: 2609053
Planning time: 0.360 ms
Execution time: 704.172 ms
