Seq Scan on cast_info ci  (cost=0.00..705507.15 rows=5837258 width=0) (actual time=60.330..9547.526 rows=5749252 loops=1)
  Filter: (person_id < 557574)
  Rows Removed by Filter: 30495092
Planning time: 0.294 ms
Execution time: 10113.825 ms
