Hash Join  (cost=92883.59..1098488.95 rows=6559495 width=0) (actual time=4650.337..49676.838 rows=4932455 loops=1)
  Hash Cond: (ci.movie_id = t.id)
  ->  Seq Scan on cast_info ci  (cost=0.00..796071.18 rows=10764447 width=4) (actual time=0.021..38473.648 rows=8690874 loops=1)
        Filter: ((person_id > 531495) AND (role_id = 1))
        Rows Removed by Filter: 27553470
  ->  Hash  (cost=67604.59..67604.59 rows=1540800 width=4) (actual time=4649.059..4649.059 rows=1543264 loops=1)
        Buckets: 131072  Batches: 32  Memory Usage: 2722kB
        ->  Seq Scan on title t  (cost=0.00..67604.59 rows=1540800 width=4) (actual time=0.016..4022.386 rows=1543264 loops=1)
              Filter: (kind_id = 7)
              Rows Removed by Filter: 985048
Planning time: 0.708 ms
Execution time: 50255.973 ms
