Hash Join  (cost=102767.86..214530.31 rows=2097867 width=0) (actual time=1716.260..4881.943 rows=2092132 loops=1)
  Hash Cond: (mc.movie_id = t.id)
  ->  Seq Scan on movie_companies mc  (cost=0.00..51404.11 rows=2097867 width=4) (actual time=0.513..1053.295 rows=2092132 loops=1)
        Filter: (company_id < 73513)
        Rows Removed by Filter: 516997
  ->  Hash  (cost=61283.27..61283.27 rows=2528527 width=4) (actual time=1714.365..1714.365 rows=2528312 loops=1)
        Buckets: 131072  Batches: 64  Memory Usage: 2415kB
        ->  Seq Scan on title t  (cost=0.00..61283.27 rows=2528527 width=4) (actual time=0.017..894.766 rows=2528312 loops=1)
Planning time: 0.805 ms
Execution time: 5126.290 ms
