Seq Scan on cast_info ci  (cost=0.00..705507.15 rows=500 width=0) (actual time=7536.545..10143.031 rows=109 loops=1)
  Filter: (person_id = 244662)
  Rows Removed by Filter: 36244235
Planning time: 0.340 ms
Execution time: 10143.122 ms
