Hash Join  (cost=136485.48..487898.64 rows=12561 width=0) (actual time=5875.315..7206.107 rows=5078 loops=1)
  Hash Cond: (mi.movie_id = t.id)
  ->  Seq Scan on movie_info mi  (cost=0.00..346232.03 rows=1348138 width=4) (actual time=3561.457..4670.456 rows=1298989 loops=1)
        Filter: (info_type_id = 4)
        Rows Removed by Filter: 13536731
  ->  Hash  (cost=136191.00..136191.00 rows=23559 width=8) (actual time=2313.428..2313.428 rows=10344 loops=1)
        Buckets: 32768  Batches: 1  Memory Usage: 661kB
        ->  Hash Join  (cost=74787.47..136191.00 rows=23559 width=8) (actual time=1060.058..2309.484 rows=10344 loops=1)
              Hash Cond: (mc.movie_id = t.id)
              ->  Seq Scan on movie_companies mc  (cost=0.00..57926.93 rows=864268 width=4) (actual time=0.022..973.513 rows=1069740 loops=1)
                    Filter: ((company_id > 3073) AND (company_type_id > 1))
                    Rows Removed by Filter: 1539389
              ->  Hash  (cost=73925.90..73925.90 rows=68925 width=4) (actual time=1059.256..1059.256 rows=84076 loops=1)
                    Buckets: 131072  Batches: 1  Memory Usage: 3980kB
                    ->  Seq Scan on title t  (cost=0.00..73925.90 rows=68925 width=4) (actual time=0.041..1025.714 rows=84076 loops=1)
                          Filter: ((kind_id = 7) AND (production_year = 2007))
                          Rows Removed by Filter: 2444236
Planning time: 1.177 ms
Execution time: 7207.340 ms
