Seq Scan on movie_keyword mk  (cost=0.00..81003.12 rows=332768 width=0) (actual time=0.030..1245.368 rows=348056 loops=1)
  Filter: (keyword_id < 303)
  Rows Removed by Filter: 4175874
Planning time: 3.243 ms
Execution time: 1292.426 ms
