Hash Join  (cost=58358.64..85269.24 rows=11 width=0) (actual time=875.770..1235.308 rows=30 loops=1)
  Hash Cond: (mi_idx.movie_id = t.id)
  ->  Seq Scan on movie_info_idx mi_idx  (cost=0.00..21735.35 rows=1380035 width=4) (actual time=0.026..228.262 rows=1380035 loops=1)
  ->  Hash  (cost=58358.39..58358.39 rows=20 width=8) (actual time=781.256..781.256 rows=59 loops=1)
        Buckets: 1024  Batches: 1  Memory Usage: 11kB
        ->  Nested Loop  (cost=0.43..58358.39 rows=20 width=8) (actual time=4.601..781.194 rows=59 loops=1)
              ->  Seq Scan on movie_companies mc  (cost=0.00..57926.93 rows=51 width=4) (actual time=4.537..779.573 rows=60 loops=1)
                    Filter: ((company_type_id < 2) AND (company_id = 290))
                    Rows Removed by Filter: 2609069
              ->  Index Scan using title_pkey on title t  (cost=0.43..8.45 rows=1 width=4) (actual time=0.024..0.025 rows=1 loops=60)
                    Index Cond: (id = mc.movie_id)
                    Filter: (kind_id < 7)
                    Rows Removed by Filter: 0
Planning time: 1.297 ms
Execution time: 1235.467 ms
