Seq Scan on title t  (cost=0.00..73925.90 rows=521037 width=0) (actual time=0.018..1223.422 rows=557941 loops=1)
  Filter: ((kind_id > 3) AND (production_year > 2007))
  Rows Removed by Filter: 1970371
Planning time: 0.282 ms
Execution time: 1297.142 ms
