Seq Scan on cast_info ci  (cost=0.00..796071.18 rows=11026196 width=0) (actual time=7013.834..14939.106 rows=12670688 loops=1)
  Filter: ((person_id < 3186831) AND (role_id < 2))
  Rows Removed by Filter: 23573656
Planning time: 0.340 ms
Execution time: 16460.674 ms
