Seq Scan on cast_info ci  (cost=0.00..796071.18 rows=9614167 width=0) (actual time=0.014..14440.550 rows=12670688 loops=1)
  Filter: ((person_id < 2806094) AND (role_id = 1))
  Rows Removed by Filter: 23573656
Planning time: 0.454 ms
Execution time: 15933.087 ms
