Seq Scan on movie_keyword mk  (cost=0.00..81003.12 rows=246 width=0) (actual time=52.989..1147.927 rows=82 loops=1)
  Filter: (keyword_id = 20102)
  Rows Removed by Filter: 4523848
Planning time: 0.334 ms
Execution time: 1148.093 ms
