Hash Join  (cost=142665.09..181704.43 rows=78486 width=0) (actual time=2986.056..3866.308 rows=197014 loops=1)
  Hash Cond: (mi_idx.movie_id = t.id)
  ->  Seq Scan on movie_info_idx mi_idx  (cost=0.00..21735.35 rows=1380035 width=4) (actual time=0.029..429.065 rows=1380035 loops=1)
  ->  Hash  (cost=140305.54..140305.54 rows=143804 width=8) (actual time=2985.273..2985.273 rows=78914 loops=1)
        Buckets: 131072  Batches: 2  Memory Usage: 2569kB
        ->  Hash Join  (cost=78556.72..140305.54 rows=143804 width=8) (actual time=1101.626..2957.654 rows=78914 loops=1)
              Hash Cond: (mc.movie_id = t.id)
              ->  Seq Scan on movie_companies mc  (cost=0.00..51404.11 rows=544711 width=4) (actual time=0.017..796.515 rows=543589 loops=1)
                    Filter: (company_id < 533)
                    Rows Removed by Filter: 2065540
              ->  Hash  (cost=67604.59..67604.59 rows=667531 width=4) (actual time=1100.766..1100.766 rows=662825 loops=1)
                    Buckets: 131072  Batches: 16  Memory Usage: 2476kB
                    ->  Seq Scan on title t  (cost=0.00..67604.59 rows=667531 width=4) (actual time=0.025..897.449 rows=662825 loops=1)
                          Filter: (kind_id = 1)
                          Rows Removed by Filter: 1865487
Planning time: 1.184 ms
Execution time: 3889.054 ms
