Seq Scan on cast_info ci  (cost=0.00..705507.15 rows=17803792 width=0) (actual time=2.795..32202.218 rows=17652949 loops=1)
  Filter: (person_id < 1747989)
  Rows Removed by Filter: 18591395
Planning time: 6.784 ms
Execution time: 34825.106 ms
