Hash Join  (cost=102767.86..262268.80 rows=2851681 width=0) (actual time=1727.969..5843.417 rows=2840248 loops=1)
  Hash Cond: (mk.movie_id = t.id)
  ->  Seq Scan on movie_keyword mk  (cost=0.00..81003.12 rows=2851681 width=4) (actual time=0.023..1580.144 rows=2840248 loops=1)
        Filter: (keyword_id < 8624)
        Rows Removed by Filter: 1683682
  ->  Hash  (cost=61283.27..61283.27 rows=2528527 width=4) (actual time=1725.545..1725.545 rows=2528312 loops=1)
        Buckets: 131072  Batches: 64  Memory Usage: 2425kB
        ->  Seq Scan on title t  (cost=0.00..61283.27 rows=2528527 width=4) (actual time=0.020..870.067 rows=2528312 loops=1)
Planning time: 1.086 ms
Execution time: 6185.059 ms
