Hash Join  (cost=102767.86..1219279.16 rows=16670163 width=0) (actual time=5349.407..27684.625 rows=16782511 loops=1)
  Hash Cond: (ci.movie_id = t.id)
  ->  Seq Scan on cast_info ci  (cost=0.00..705507.15 rows=16670163 width=4) (actual time=3579.048..12490.502 rows=16782511 loops=1)
        Filter: (person_id > 1947784)
        Rows Removed by Filter: 19461833
  ->  Hash  (cost=61283.27..61283.27 rows=2528527 width=4) (actual time=1769.522..1769.522 rows=2528312 loops=1)
        Buckets: 131072  Batches: 64  Memory Usage: 2415kB
        ->  Seq Scan on title t  (cost=0.00..61283.27 rows=2528527 width=4) (actual time=0.017..933.794 rows=2528312 loops=1)
Planning time: 0.745 ms
Execution time: 29581.328 ms
