Hash Join  (cost=709678.15..771521.28 rows=206 width=0) (actual time=10251.114..10562.035 rows=8 loops=1)
  Hash Cond: (mc.movie_id = t.id)
  ->  Seq Scan on movie_companies mc  (cost=0.00..57926.93 rows=1043770 width=4) (actual time=405.720..1035.400 rows=1274246 loops=1)
        Filter: ((company_id < 75010) AND (company_type_id = 1))
        Rows Removed by Filter: 1334883
  ->  Hash  (cost=709671.90..709671.90 rows=500 width=8) (actual time=9358.385..9358.385 rows=3 loops=1)
        Buckets: 1024  Batches: 1  Memory Usage: 9kB
        ->  Nested Loop  (cost=0.43..709671.90 rows=500 width=8) (actual time=7000.753..9358.369 rows=3 loops=1)
              ->  Seq Scan on cast_info ci  (cost=0.00..705507.15 rows=500 width=4) (actual time=7000.648..9358.229 rows=3 loops=1)
                    Filter: (person_id = 4022180)
                    Rows Removed by Filter: 36244341
              ->  Index Only Scan using title_pkey on title t  (cost=0.43..8.32 rows=1 width=4) (actual time=0.033..0.034 rows=1 loops=3)
                    Index Cond: (id = ci.movie_id)
                    Heap Fetches: 3
Planning time: 1.119 ms
Execution time: 10562.179 ms
