Hash Join  (cost=58358.90..456828.82 rows=281 width=0) (actual time=800.014..8251.547 rows=4895 loops=1)
  Hash Cond: (mi.movie_id = t.id)
  ->  Seq Scan on movie_info mi  (cost=0.00..346232.03 rows=13929354 width=4) (actual time=0.011..5476.993 rows=14033580 loops=1)
        Filter: (info_type_id > 1)
        Rows Removed by Filter: 802140
  ->  Hash  (cost=58358.27..58358.27 rows=51 width=8) (actual time=798.862..798.862 rows=755 loops=1)
        Buckets: 1024  Batches: 1  Memory Usage: 38kB
        ->  Nested Loop  (cost=0.43..58358.27 rows=51 width=8) (actual time=0.251..798.378 rows=755 loops=1)
              ->  Seq Scan on movie_companies mc  (cost=0.00..57926.93 rows=51 width=4) (actual time=0.187..760.000 rows=755 loops=1)
                    Filter: ((company_id = 751) AND (company_type_id = 1))
                    Rows Removed by Filter: 2608374
              ->  Index Only Scan using title_pkey on title t  (cost=0.43..8.45 rows=1 width=4) (actual time=0.049..0.050 rows=1 loops=755)
                    Index Cond: (id = mc.movie_id)
                    Heap Fetches: 755
Planning time: 1.538 ms
Execution time: 8252.953 ms
