Seq Scan on movie_companies mc  (cost=0.00..51404.11 rows=379510 width=0) (actual time=35.504..694.901 rows=382832 loops=1)
  Filter: (company_id > 83919)
  Rows Removed by Filter: 2226297
Planning time: 1.168 ms
Execution time: 744.353 ms
