Seq Scan on movie_companies mc  (cost=0.00..51404.11 rows=1046178 width=0) (actual time=0.027..788.832 rows=1044207 loops=1)
  Filter: (company_id < 6040)
  Rows Removed by Filter: 1564922
Planning time: 0.327 ms
Execution time: 925.267 ms
