Hash Join  (cost=100915.24..155589.29 rows=852 width=0) (actual time=1660.150..2802.930 rows=1985 loops=1)
  Hash Cond: (mc.movie_id = t.id)
  ->  Seq Scan on movie_companies mc  (cost=0.00..44881.29 rows=2609129 width=4) (actual time=0.021..658.540 rows=2609129 loops=1)
  ->  Hash  (cost=100904.92..100904.92 rows=826 width=8) (actual time=1642.128..1642.128 rows=812 loops=1)
        Buckets: 1024  Batches: 1  Memory Usage: 40kB
        ->  Hash Join  (cost=73982.55..100904.92 rows=826 width=8) (actual time=1161.934..1641.802 rows=812 loops=1)
              Hash Cond: (mi_idx.movie_id = t.id)
              ->  Seq Scan on movie_info_idx mi_idx  (cost=0.00..25185.44 rows=460978 width=4) (actual time=0.015..394.665 rows=459925 loops=1)
                    Filter: (info_type_id < 100)
                    Rows Removed by Filter: 920110
              ->  Hash  (cost=73925.90..73925.90 rows=4532 width=4) (actual time=1156.281..1156.281 rows=7634 loops=1)
                    Buckets: 8192  Batches: 1  Memory Usage: 333kB
                    ->  Seq Scan on title t  (cost=0.00..73925.90 rows=4532 width=4) (actual time=212.916..1152.595 rows=7634 loops=1)
                          Filter: ((kind_id = 7) AND (production_year = 1972))
                          Rows Removed by Filter: 2520678
Planning time: 2.017 ms
Execution time: 2803.342 ms
