Hash Join  (cost=84090.98..167954.25 rows=639275 width=0) (actual time=1796.123..4183.040 rows=956167 loops=1)
  Hash Cond: (mc.movie_id = t.id)
  ->  Seq Scan on movie_companies mc  (cost=0.00..44881.29 rows=2609129 width=4) (actual time=0.023..741.034 rows=2609129 loops=1)
  ->  Hash  (cost=73925.90..73925.90 rows=619526 width=4) (actual time=1795.221..1795.221 rows=487901 loops=1)
        Buckets: 131072  Batches: 16  Memory Usage: 2091kB
        ->  Seq Scan on title t  (cost=0.00..73925.90 rows=619526 width=4) (actual time=0.018..962.724 rows=487901 loops=1)
              Filter: ((kind_id < 4) AND (production_year > 1987))
              Rows Removed by Filter: 2040411
Planning time: 0.487 ms
Execution time: 4309.783 ms
