Hash Join  (cost=161182.32..915184.55 rows=77236 width=0) (actual time=2843.484..16104.062 rows=186408 loops=1)
  Hash Cond: (ci.movie_id = t.id)
  ->  Seq Scan on cast_info ci  (cost=0.00..705507.15 rows=12726058 width=4) (actual time=625.505..11666.188 rows=12670688 loops=1)
        Filter: (role_id < 2)
        Rows Removed by Filter: 23573656
  ->  Hash  (cost=160990.49..160990.49 rows=15346 width=8) (actual time=2217.607..2217.607 rows=12652 loops=1)
        Buckets: 16384  Batches: 1  Memory Usage: 623kB
        ->  Hash Join  (cost=74251.74..160990.49 rows=15346 width=8) (actual time=768.775..2211.846 rows=12652 loops=1)
              Hash Cond: (mk.movie_id = t.id)
              ->  Seq Scan on movie_keyword mk  (cost=0.00..81003.12 rows=1488578 width=4) (actual time=0.038..1162.820 rows=1498466 loops=1)
                    Filter: (keyword_id < 2158)
                    Rows Removed by Filter: 3025464
              ->  Hash  (cost=73925.90..73925.90 rows=26067 width=4) (actual time=768.103..768.103 rows=27085 loops=1)
                    Buckets: 32768  Batches: 1  Memory Usage: 1209kB
                    ->  Seq Scan on title t  (cost=0.00..73925.90 rows=26067 width=4) (actual time=0.199..758.450 rows=27085 loops=1)
                          Filter: ((kind_id < 7) AND (production_year > 2012))
                          Rows Removed by Filter: 2501227
Planning time: 1.113 ms
Execution time: 16130.407 ms
