Seq Scan on movie_companies mc  (cost=0.00..51404.11 rows=627325 width=0) (actual time=20.335..631.517 rows=631549 loops=1)
  Filter: (company_id > 59329)
  Rows Removed by Filter: 1977580
Planning time: 0.305 ms
Execution time: 713.717 ms
