Seq Scan on movie_companies mc  (cost=0.00..51404.11 rows=1607817 width=0) (actual time=0.019..2236.534 rows=1599043 loops=1)
  Filter: (company_id < 16361)
  Rows Removed by Filter: 1010086
Planning time: 0.371 ms
Execution time: 2480.030 ms
