Hash Join  (cost=709678.15..1091465.08 rows=1874 width=0) (actual time=9579.238..16015.077 rows=2766 loops=1)
  Hash Cond: (mi.movie_id = t.id)
  ->  Seq Scan on movie_info mi  (cost=0.00..346232.03 rows=9476311 width=4) (actual time=0.015..5063.799 rows=9565151 loops=1)
        Filter: (info_type_id < 16)
        Rows Removed by Filter: 5270569
  ->  Hash  (cost=709671.90..709671.90 rows=500 width=8) (actual time=9569.182..9569.182 rows=290 loops=1)
        Buckets: 1024  Batches: 1  Memory Usage: 20kB
        ->  Nested Loop  (cost=0.43..709671.90 rows=500 width=8) (actual time=8441.823..9569.032 rows=290 loops=1)
              ->  Seq Scan on cast_info ci  (cost=0.00..705507.15 rows=500 width=4) (actual time=8441.665..9564.203 rows=290 loops=1)
                    Filter: (person_id = 3397338)
                    Rows Removed by Filter: 36244054
              ->  Index Only Scan using title_pkey on title t  (cost=0.43..8.32 rows=1 width=4) (actual time=0.015..0.016 rows=1 loops=290)
                    Index Cond: (id = ci.movie_id)
                    Heap Fetches: 290
Planning time: 10.075 ms
Execution time: 16015.733 ms
