Hash Join  (cost=205201.85..1131410.30 rows=2870674 width=0) (actual time=5410.906..21696.305 rows=4618791 loops=1)
  Hash Cond: (ci.movie_id = t.id)
  ->  Seq Scan on cast_info ci  (cost=0.00..796071.18 rows=8483076 width=4) (actual time=1149.356..12987.717 rows=5586703 loops=1)
        Filter: ((person_id < 3366834) AND (role_id > 4))
        Rows Removed by Filter: 30657641
  ->  Hash  (cost=191163.17..191163.17 rows=855654 width=8) (actual time=4260.603..4260.603 rows=1062232 loops=1)
        Buckets: 131072  Batches: 16  Memory Usage: 3615kB
        ->  Hash Join  (cost=102767.86..191163.17 rows=855654 width=8) (actual time=1814.058..3953.230 rows=1062232 loops=1)
              Hash Cond: (mc.movie_id = t.id)
              ->  Seq Scan on movie_companies mc  (cost=0.00..57926.93 rows=855654 width=4) (actual time=122.403..982.546 rows=1062232 loops=1)
                    Filter: ((company_id > 3309) AND (company_type_id = 2))
                    Rows Removed by Filter: 1546897
              ->  Hash  (cost=61283.27..61283.27 rows=2528527 width=4) (actual time=1690.471..1690.471 rows=2528312 loops=1)
                    Buckets: 131072  Batches: 64  Memory Usage: 2415kB
                    ->  Seq Scan on title t  (cost=0.00..61283.27 rows=2528527 width=4) (actual time=0.020..824.766 rows=2528312 loops=1)
Planning time: 2.149 ms
Execution time: 22115.000 ms
