Hash Join  (cost=447622.92..604802.21 rows=566569 width=0) (actual time=11664.710..16900.832 rows=8714881 loops=1)
  Hash Cond: (mk.movie_id = t.id)
  ->  Seq Scan on movie_keyword mk  (cost=0.00..69693.30 rows=4523930 width=4) (actual time=0.008..1088.344 rows=4523930 loops=1)
  ->  Hash  (cost=442427.57..442427.57 rows=316668 width=8) (actual time=11662.202..11662.202 rows=1594947 loops=1)
        Buckets: 131072 (originally 131072)  Batches: 32 (originally 8)  Memory Usage: 3073kB
        ->  Hash Join  (cost=74604.97..442427.57 rows=316668 width=8) (actual time=1019.877..11119.464 rows=1594947 loops=1)
              Hash Cond: (mi.movie_id = t.id)
              ->  Seq Scan on movie_info mi  (cost=0.00..309384.22 rows=14739122 width=4) (actual time=0.013..3034.086 rows=14835720 loops=1)
              ->  Hash  (cost=73925.90..73925.90 rows=54325 width=4) (actual time=1019.479..1019.479 rows=141098 loops=1)
                    Buckets: 131072 (originally 65536)  Batches: 2 (originally 1)  Memory Usage: 3501kB
                    ->  Seq Scan on title t  (cost=0.00..73925.90 rows=54325 width=4) (actual time=31.521..964.850 rows=141098 loops=1)
                          Filter: ((kind_id < 7) AND (production_year < 1940))
                          Rows Removed by Filter: 2387214
Planning time: 1.151 ms
Execution time: 17920.185 ms
