Hash Join  (cost=80493.69..161608.11 rows=338953 width=0) (actual time=1158.107..3530.642 rows=914282 loops=1)
  Hash Cond: (mc.movie_id = t.id)
  ->  Seq Scan on movie_companies mc  (cost=0.00..51404.11 rows=2141007 width=4) (actual time=0.032..935.545 rows=2144308 loops=1)
        Filter: (company_id > 398)
        Rows Removed by Filter: 464821
  ->  Hash  (cost=73925.90..73925.90 rows=400303 width=4) (actual time=1157.209..1157.209 rows=500611 loops=1)
        Buckets: 131072  Batches: 8  Memory Usage: 3236kB
        ->  Seq Scan on title t  (cost=0.00..73925.90 rows=400303 width=4) (actual time=0.023..997.065 rows=500611 loops=1)
              Filter: ((kind_id < 7) AND (production_year < 2000))
              Rows Removed by Filter: 2027701
Planning time: 1.511 ms
Execution time: 3652.179 ms
