Seq Scan on cast_info ci  (cost=0.00..705507.15 rows=24458082 width=0) (actual time=0.075..10693.992 rows=24574038 loops=1)
  Filter: (person_id > 1146791)
  Rows Removed by Filter: 11670306
Planning time: 0.299 ms
Execution time: 13649.764 ms
