Seq Scan on cast_info ci  (cost=0.00..705507.15 rows=500 width=0) (actual time=2666.299..8784.655 rows=3225 loops=1)
  Filter: (person_id = 2891029)
  Rows Removed by Filter: 36241119
Planning time: 2.220 ms
Execution time: 8785.194 ms
