Seq Scan on movie_companies mc  (cost=0.00..57926.93 rows=518760 width=0) (actual time=364.384..754.371 rows=308581 loops=1)
  Filter: ((company_id < 5298) AND (company_type_id = 2))
  Rows Removed by Filter: 2300548
Planning time: 0.349 ms
Execution time: 785.939 ms
