Seq Scan on cast_info ci  (cost=0.00..796071.18 rows=101 width=0) (actual time=7150.030..7894.125 rows=1 loops=1)
  Filter: ((person_id = 1860277) AND (role_id = 2))
  Rows Removed by Filter: 36244343
Planning time: 0.348 ms
Execution time: 7894.228 ms
