Seq Scan on movie_keyword mk  (cost=0.00..81003.12 rows=559353 width=0) (actual time=77.947..3358.154 rows=555808 loops=1)
  Filter: (keyword_id > 33074)
  Rows Removed by Filter: 3968122
Planning time: 4.149 ms
Execution time: 3436.003 ms
