Hash Join  (cost=709678.15..796345.14 rows=895 width=0) (actual time=9169.222..10118.538 rows=14 loops=1)
  Hash Cond: (mk.movie_id = t.id)
  ->  Seq Scan on movie_keyword mk  (cost=0.00..69693.30 rows=4523930 width=4) (actual time=0.024..792.268 rows=4523930 loops=1)
  ->  Hash  (cost=709671.90..709671.90 rows=500 width=8) (actual time=8510.362..8510.362 rows=80 loops=1)
        Buckets: 1024  Batches: 1  Memory Usage: 12kB
        ->  Nested Loop  (cost=0.43..709671.90 rows=500 width=8) (actual time=1361.614..8510.296 rows=80 loops=1)
              ->  Seq Scan on cast_info ci  (cost=0.00..705507.15 rows=500 width=4) (actual time=1361.408..8508.863 rows=80 loops=1)
                    Filter: (person_id = 3520863)
                    Rows Removed by Filter: 36244264
              ->  Index Only Scan using title_pkey on title t  (cost=0.43..8.32 rows=1 width=4) (actual time=0.016..0.016 rows=1 loops=80)
                    Index Cond: (id = ci.movie_id)
                    Heap Fetches: 80
Planning time: 1.119 ms
Execution time: 10118.630 ms
