Hash Join  (cost=94642.16..926102.31 rows=5053 width=0) (actual time=1258.353..14987.694 rows=13693 loops=1)
  Hash Cond: (ci.movie_id = t.id)
  ->  Seq Scan on cast_info ci  (cost=0.00..796071.18 rows=9423581 width=4) (actual time=0.026..11926.634 rows=12194452 loops=1)
        Filter: ((person_id < 1672850) AND (role_id < 3))
        Rows Removed by Filter: 24049892
  ->  Hash  (cost=94625.21..94625.21 rows=1356 width=8) (actual time=1257.506..1257.506 rows=980 loops=1)
        Buckets: 2048  Batches: 1  Memory Usage: 55kB
        ->  Hash Join  (cost=67697.55..94625.21 rows=1356 width=8) (actual time=805.759..1257.041 rows=980 loops=1)
              Hash Cond: (mi_idx.movie_id = t.id)
              ->  Seq Scan on movie_info_idx mi_idx  (cost=0.00..25185.44 rows=460978 width=4) (actual time=0.014..378.729 rows=459925 loops=1)
                    Filter: (info_type_id = 99)
                    Rows Removed by Filter: 920110
              ->  Hash  (cost=67604.59..67604.59 rows=7437 width=4) (actual time=805.435..805.435 rows=2493 loops=1)
                    Buckets: 8192  Batches: 1  Memory Usage: 152kB
                    ->  Seq Scan on title t  (cost=0.00..67604.59 rows=7437 width=4) (actual time=171.171..804.165 rows=2493 loops=1)
                          Filter: (production_year = 1934)
                          Rows Removed by Filter: 2525819
Planning time: 1.154 ms
Execution time: 14990.308 ms
