Hash Join  (cost=86956.38..142393.20 rows=19860 width=0) (actual time=1212.921..1998.896 rows=4237 loops=1)
  Hash Cond: (mc.movie_id = t.id)
  ->  Seq Scan on movie_companies mc  (cost=0.00..51404.11 rows=63228 width=4) (actual time=0.502..656.231 rows=62075 loops=1)
        Filter: (company_id = 6)
        Rows Removed by Filter: 2547054
  ->  Hash  (cost=73925.90..73925.90 rows=794198 width=4) (actual time=1197.437..1197.437 rows=707863 loops=1)
        Buckets: 131072  Batches: 16  Memory Usage: 2579kB
        ->  Seq Scan on title t  (cost=0.00..73925.90 rows=794198 width=4) (actual time=0.015..975.263 rows=707863 loops=1)
              Filter: ((kind_id < 7) AND (production_year > 1973))
              Rows Removed by Filter: 1820449
Planning time: 0.724 ms
Execution time: 1999.601 ms
