Hash Join  (cost=77347.14..1083346.85 rows=1392020 width=0) (actual time=984.474..21023.261 rows=1099063 loops=1)
  Hash Cond: (ci.movie_id = t.id)
  ->  Seq Scan on cast_info ci  (cost=0.00..796071.18 rows=16881421 width=4) (actual time=0.028..14018.547 rows=13346211 loops=1)
        Filter: ((person_id < 2691406) AND (role_id > 1))
        Rows Removed by Filter: 22898133
  ->  Hash  (cost=73925.90..73925.90 rows=208499 width=4) (actual time=983.551..983.551 rows=182393 loops=1)
        Buckets: 131072  Batches: 4  Memory Usage: 2628kB
        ->  Seq Scan on title t  (cost=0.00..73925.90 rows=208499 width=4) (actual time=205.118..923.022 rows=182393 loops=1)
              Filter: ((production_year > 2007) AND (kind_id = 1))
              Rows Removed by Filter: 2345919
Planning time: 0.745 ms
Execution time: 21159.384 ms
