Hash Join  (cost=69687.24..980590.93 rows=475749 width=0) (actual time=2710.512..16519.174 rows=303573 loops=1)
  Hash Cond: (ci.movie_id = t.id)
  ->  Seq Scan on cast_info ci  (cost=0.00..796071.18 rows=9477073 width=4) (actual time=1774.662..13209.966 rows=6112320 loops=1)
        Filter: ((person_id > 896422) AND (role_id = 1))
        Rows Removed by Filter: 30132024
  ->  Hash  (cost=67604.59..67604.59 rows=126932 width=4) (actual time=935.030..935.030 rows=122861 loops=1)
        Buckets: 131072  Batches: 2  Memory Usage: 3191kB
        ->  Seq Scan on title t  (cost=0.00..67604.59 rows=126932 width=4) (actual time=0.022..840.510 rows=122861 loops=1)
              Filter: (production_year = 2008)
              Rows Removed by Filter: 2405451
Planning time: 0.722 ms
Execution time: 16560.952 ms
