Hash Join  (cost=252024.85..821548.99 rows=8408321 width=0) (actual time=5470.372..33612.106 rows=70087576 loops=1)
  Hash Cond: (mi.movie_id = t.id)
  ->  Seq Scan on movie_info mi  (cost=0.00..309384.22 rows=14739122 width=4) (actual time=0.017..4555.355 rows=14835720 loops=1)
  ->  Hash  (cost=228359.04..228359.04 rows=1442465 width=8) (actual time=5469.088..5469.088 rows=1459745 loops=1)
        Buckets: 131072  Batches: 32  Memory Usage: 2875kB
        ->  Hash Join  (cost=102767.86..228359.04 rows=1442465 width=8) (actual time=2077.977..5014.636 rows=1459745 loops=1)
              Hash Cond: (mk.movie_id = t.id)
              ->  Seq Scan on movie_keyword mk  (cost=0.00..81003.12 rows=1442465 width=4) (actual time=0.029..1372.977 rows=1459745 loops=1)
                    Filter: (keyword_id < 2068)
                    Rows Removed by Filter: 3064185
              ->  Hash  (cost=61283.27..61283.27 rows=2528527 width=4) (actual time=2075.632..2075.632 rows=2528312 loops=1)
                    Buckets: 131072  Batches: 64  Memory Usage: 2425kB
                    ->  Seq Scan on title t  (cost=0.00..61283.27 rows=2528527 width=4) (actual time=0.018..923.146 rows=2528312 loops=1)
Planning time: 1.059 ms
Execution time: 40687.442 ms
