Hash Join  (cost=153091.71..521925.30 rows=48699 width=0) (actual time=2177.675..8017.599 rows=278459 loops=1)
  Hash Cond: (mi.movie_id = t.id)
  ->  Seq Scan on movie_info mi  (cost=0.00..346232.03 rows=5897221 width=4) (actual time=0.021..4671.101 rows=5884963 loops=1)
        Filter: (info_type_id < 7)
        Rows Removed by Filter: 8950757
  ->  Hash  (cost=152830.71..152830.71 rows=20880 width=8) (actual time=2177.413..2177.413 rows=26028 loops=1)
        Buckets: 32768  Batches: 1  Memory Usage: 1273kB
        ->  Hash Join  (cost=68365.25..152830.71 rows=20880 width=8) (actual time=852.199..2168.100 rows=26028 loops=1)
              Hash Cond: (mk.movie_id = t.id)
              ->  Seq Scan on movie_keyword mk  (cost=0.00..81003.12 rows=867610 width=4) (actual time=0.017..1100.822 rows=869017 loops=1)
                    Filter: (keyword_id < 826)
                    Rows Removed by Filter: 3654913
              ->  Hash  (cost=67604.59..67604.59 rows=60853 width=4) (actual time=851.728..851.728 rows=62568 loops=1)
                    Buckets: 65536  Batches: 1  Memory Usage: 2712kB
                    ->  Seq Scan on title t  (cost=0.00..67604.59 rows=60853 width=4) (actual time=0.099..827.292 rows=62568 loops=1)
                          Filter: (production_year = 2002)
                          Rows Removed by Filter: 2465744
Planning time: 1.142 ms
Execution time: 8055.351 ms
