Hash Join  (cost=78204.40..161141.03 rows=7474 width=0) (actual time=3659.106..7170.079 rows=26026 loops=1)
  Hash Cond: (mk.movie_id = t.id)
  ->  Seq Scan on movie_keyword mk  (cost=0.00..81003.12 rows=72469 width=4) (actual time=68.659..3446.854 rows=72167 loops=1)
        Filter: (keyword_id > 90396)
        Rows Removed by Filter: 4451763
  ->  Hash  (cost=73925.90..73925.90 rows=260760 width=4) (actual time=3584.067..3584.067 rows=373942 loops=1)
        Buckets: 131072 (originally 131072)  Batches: 8 (originally 4)  Memory Usage: 3073kB
        ->  Seq Scan on title t  (cost=0.00..73925.90 rows=260760 width=4) (actual time=0.029..3442.080 rows=373942 loops=1)
              Filter: ((kind_id < 7) AND (production_year < 1989))
              Rows Removed by Filter: 2154370
Planning time: 11.075 ms
Execution time: 7173.944 ms
