Hash Join  (cost=224893.33..385322.46 rows=2689918 width=0) (actual time=4361.330..11385.334 rows=18785985 loops=1)
  Hash Cond: (mk.movie_id = t.id)
  ->  Seq Scan on movie_keyword mk  (cost=0.00..69693.30 rows=4523930 width=4) (actual time=0.024..1013.045 rows=4523930 loops=1)
  ->  Hash  (cost=200227.13..200227.13 rows=1503456 width=8) (actual time=4360.013..4360.013 rows=1512441 loops=1)
        Buckets: 131072  Batches: 32  Memory Usage: 2913kB
        ->  Hash Join  (cost=102767.86..200227.13 rows=1503456 width=8) (actual time=1668.077..3985.634 rows=1512441 loops=1)
              Hash Cond: (mc.movie_id = t.id)
              ->  Seq Scan on movie_companies mc  (cost=0.00..51404.11 rows=1503456 width=4) (actual time=0.017..862.271 rows=1512441 loops=1)
                    Filter: (company_id > 7495)
                    Rows Removed by Filter: 1096688
              ->  Hash  (cost=61283.27..61283.27 rows=2528527 width=4) (actual time=1666.962..1666.962 rows=2528312 loops=1)
                    Buckets: 131072  Batches: 64  Memory Usage: 2415kB
                    ->  Seq Scan on title t  (cost=0.00..61283.27 rows=2528527 width=4) (actual time=0.033..822.224 rows=2528312 loops=1)
Planning time: 1.063 ms
Execution time: 13262.786 ms
