Hash Join  (cost=102767.86..284517.79 rows=3776296 width=0) (actual time=1746.331..6921.108 rows=3767882 loops=1)
  Hash Cond: (mk.movie_id = t.id)
  ->  Seq Scan on movie_keyword mk  (cost=0.00..81003.12 rows=3776296 width=4) (actual time=0.026..1525.769 rows=3767882 loops=1)
        Filter: (keyword_id > 688)
        Rows Removed by Filter: 756048
  ->  Hash  (cost=61283.27..61283.27 rows=2528527 width=4) (actual time=1745.188..1745.188 rows=2528312 loops=1)
        Buckets: 131072  Batches: 64  Memory Usage: 2425kB
        ->  Seq Scan on title t  (cost=0.00..61283.27 rows=2528527 width=4) (actual time=0.014..876.237 rows=2528312 loops=1)
Planning time: 0.676 ms
Execution time: 7388.293 ms
