Seq Scan on movie_companies mc  (cost=0.00..57926.93 rows=369429 width=0) (actual time=55.306..752.593 rows=55088 loops=1)
  Filter: ((company_id > 35720) AND (company_type_id < 2))
  Rows Removed by Filter: 2554041
Planning time: 0.329 ms
Execution time: 760.272 ms
