Seq Scan on movie_companies mc  (cost=0.00..51404.11 rows=104 width=0) (actual time=0.940..691.812 rows=677 loops=1)
  Filter: (company_id = 185)
  Rows Removed by Filter: 2608452
Planning time: 0.355 ms
Execution time: 692.089 ms
