Hash Join  (cost=83074.74..465942.62 rows=950 width=0) (actual time=1167.216..7562.192 rows=5764 loops=1)
  Hash Cond: (mi.movie_id = t.id)
  ->  Seq Scan on movie_info mi  (cost=0.00..346232.03 rows=9767026 width=4) (actual time=2.355..4916.057 rows=9911754 loops=1)
        Filter: (info_type_id > 4)
        Rows Removed by Filter: 4923966
  ->  Hash  (cost=83071.67..83071.67 rows=246 width=8) (actual time=1093.095..1093.095 rows=1462 loops=1)
        Buckets: 2048 (originally 1024)  Batches: 1 (originally 1)  Memory Usage: 74kB
        ->  Nested Loop  (cost=0.43..83071.67 rows=246 width=8) (actual time=1.456..1092.135 rows=1462 loops=1)
              ->  Seq Scan on movie_keyword mk  (cost=0.00..81003.12 rows=246 width=4) (actual time=1.393..1071.430 rows=1462 loops=1)
                    Filter: (keyword_id = 71605)
                    Rows Removed by Filter: 4522468
              ->  Index Only Scan using title_pkey on title t  (cost=0.43..8.40 rows=1 width=4) (actual time=0.013..0.013 rows=1 loops=1462)
                    Index Cond: (id = mk.movie_id)
                    Heap Fetches: 1462
Planning time: 1.138 ms
Execution time: 7563.372 ms
