Hash Join  (cost=217113.08..1443891.37 rows=18785312 width=0) (actual time=4063.523..40768.940 rows=37030535 loops=1)
  Hash Cond: (ci.movie_id = t.id)
  ->  Seq Scan on cast_info ci  (cost=0.00..614943.12 rows=36225612 width=4) (actual time=0.020..10668.872 rows=36244344 loops=1)
  ->  Hash  (cost=195601.04..195601.04 rows=1311204 width=8) (actual time=4062.024..4062.024 rows=1319592 loops=1)
        Buckets: 131072  Batches: 32  Memory Usage: 2627kB
        ->  Hash Join  (cost=102767.86..195601.04 rows=1311204 width=8) (actual time=1838.911..3735.466 rows=1319592 loops=1)
              Hash Cond: (mc.movie_id = t.id)
              ->  Seq Scan on movie_companies mc  (cost=0.00..51404.11 rows=1311204 width=4) (actual time=129.851..719.151 rows=1319592 loops=1)
                    Filter: (company_id > 11244)
                    Rows Removed by Filter: 1289537
              ->  Hash  (cost=61283.27..61283.27 rows=2528527 width=4) (actual time=1707.571..1707.571 rows=2528312 loops=1)
                    Buckets: 131072  Batches: 64  Memory Usage: 2415kB
                    ->  Seq Scan on title t  (cost=0.00..61283.27 rows=2528527 width=4) (actual time=0.024..861.837 rows=2528312 loops=1)
Planning time: 1.065 ms
Execution time: 44427.595 ms
