Hash Join  (cost=52284.69..141109.29 rows=49 width=0) (actual time=744.844..2065.563 rows=671 loops=1)
  Hash Cond: (mk.movie_id = t.id)
  ->  Seq Scan on movie_keyword mk  (cost=0.00..81003.12 rows=2085596 width=4) (actual time=0.020..1158.831 rows=2093947 loops=1)
        Filter: (keyword_id < 3757)
        Rows Removed by Filter: 2429983
  ->  Hash  (cost=52283.95..52283.95 rows=59 width=8) (actual time=627.211..627.211 rows=651 loops=1)
        Buckets: 1024  Batches: 1  Memory Usage: 34kB
        ->  Nested Loop  (cost=0.43..52283.95 rows=59 width=8) (actual time=10.328..626.779 rows=651 loops=1)
              ->  Seq Scan on movie_companies mc  (cost=0.00..51404.11 rows=104 width=4) (actual time=10.278..612.900 rows=703 loops=1)
                    Filter: (company_id = 874)
                    Rows Removed by Filter: 2608426
              ->  Index Scan using title_pkey on title t  (cost=0.43..8.45 rows=1 width=4) (actual time=0.018..0.019 rows=1 loops=703)
                    Index Cond: (id = mc.movie_id)
                    Filter: (production_year > 1999)
                    Rows Removed by Filter: 0
Planning time: 1.000 ms
Execution time: 2065.820 ms
