Seq Scan on cast_info ci  (cost=0.00..796071.18 rows=12718624 width=0) (actual time=7029.414..11424.130 rows=10593051 loops=1)
  Filter: ((person_id > 1300690) AND (role_id < 3))
  Rows Removed by Filter: 25651293
Planning time: 0.337 ms
Execution time: 12543.697 ms
