Hash Join  (cost=102767.86..925147.95 rows=682764 width=0) (actual time=1841.730..12451.456 rows=1166587 loops=1)
  Hash Cond: (ci.movie_id = t.id)
  ->  Seq Scan on cast_info ci  (cost=0.00..796071.18 rows=682764 width=4) (actual time=213.341..9571.035 rows=1166587 loops=1)
        Filter: ((person_id > 2792152) AND (role_id = 4))
        Rows Removed by Filter: 35077757
  ->  Hash  (cost=61283.27..61283.27 rows=2528527 width=4) (actual time=1626.319..1626.319 rows=2528312 loops=1)
        Buckets: 131072  Batches: 64  Memory Usage: 2415kB
        ->  Seq Scan on title t  (cost=0.00..61283.27 rows=2528527 width=4) (actual time=0.044..818.274 rows=2528312 loops=1)
Planning time: 0.681 ms
Execution time: 12580.860 ms
