Nested Loop  (cost=0.43..762638.40 rows=8453 width=0) (actual time=295.792..8100.346 rows=7725 loops=1)
  ->  Seq Scan on cast_info ci  (cost=0.00..705507.15 rows=8453 width=4) (actual time=295.702..8042.445 rows=7725 loops=1)
        Filter: (person_id = 1495180)
        Rows Removed by Filter: 36236619
  ->  Index Only Scan using title_pkey on title t  (cost=0.43..6.75 rows=1 width=4) (actual time=0.007..0.007 rows=1 loops=7725)
        Index Cond: (id = ci.movie_id)
        Heap Fetches: 7725
Planning time: 0.460 ms
Execution time: 8101.828 ms
