Nested Loop  (cost=0.43..83071.67 rows=246 width=0) (actual time=4.893..1154.315 rows=1177 loops=1)
  ->  Seq Scan on movie_keyword mk  (cost=0.00..81003.12 rows=246 width=4) (actual time=4.824..1116.726 rows=1177 loops=1)
        Filter: (keyword_id = 1316)
        Rows Removed by Filter: 4522753
  ->  Index Only Scan using title_pkey on title t  (cost=0.43..8.40 rows=1 width=4) (actual time=0.030..0.031 rows=1 loops=1177)
        Index Cond: (id = mk.movie_id)
        Heap Fetches: 1177
Planning time: 0.663 ms
Execution time: 1154.814 ms
