Nested Loop  (cost=0.43..83072.90 rows=26 width=0) (actual time=103.707..1056.742 rows=2 loops=1)
  ->  Seq Scan on movie_keyword mk  (cost=0.00..81003.12 rows=246 width=4) (actual time=61.713..1055.598 rows=56 loops=1)
        Filter: (keyword_id = 1796)
        Rows Removed by Filter: 4523874
  ->  Index Scan using title_pkey on title t  (cost=0.43..8.40 rows=1 width=4) (actual time=0.019..0.019 rows=0 loops=56)
        Index Cond: (id = mk.movie_id)
        Filter: ((kind_id < 4) AND (production_year > 2007))
        Rows Removed by Filter: 1
Planning time: 0.704 ms
Execution time: 1056.867 ms
