Hash Join  (cost=200423.58..338503.69 rows=1319607 width=0) (actual time=4144.168..8915.244 rows=6399953 loops=1)
  Hash Cond: (mk.movie_id = t.id)
  ->  Seq Scan on movie_keyword mk  (cost=0.00..69693.30 rows=4523930 width=4) (actual time=0.019..1251.914 rows=4523930 loops=1)
  ->  Hash  (cost=188322.11..188322.11 rows=737558 width=8) (actual time=4143.058..4143.058 rows=957463 loops=1)
        Buckets: 131072  Batches: 16  Memory Usage: 3381kB
        ->  Hash Join  (cost=102767.86..188322.11 rows=737558 width=8) (actual time=1665.393..3833.883 rows=957463 loops=1)
              Hash Cond: (mc.movie_id = t.id)
              ->  Seq Scan on movie_companies mc  (cost=0.00..57926.93 rows=737558 width=4) (actual time=0.353..925.949 rows=957463 loops=1)
                    Filter: ((company_id > 9316) AND (company_type_id = 2))
                    Rows Removed by Filter: 1651666
              ->  Hash  (cost=61283.27..61283.27 rows=2528527 width=4) (actual time=1663.819..1663.819 rows=2528312 loops=1)
                    Buckets: 131072  Batches: 64  Memory Usage: 2415kB
                    ->  Seq Scan on title t  (cost=0.00..61283.27 rows=2528527 width=4) (actual time=0.014..812.943 rows=2528312 loops=1)
Planning time: 1.144 ms
Execution time: 9618.204 ms
