Hash Join  (cost=76028.98..152902.02 rows=132252 width=0) (actual time=3404.178..8309.971 rows=550826 loops=1)
  Hash Cond: (mc.movie_id = t.id)
  ->  Seq Scan on movie_companies mc  (cost=0.00..44881.29 rows=2609129 width=4) (actual time=0.505..2955.432 rows=2609129 loops=1)
  ->  Hash  (cost=73925.90..73925.90 rows=128166 width=4) (actual time=3402.919..3402.919 rows=261073 loops=1)
        Buckets: 131072 (originally 131072)  Batches: 4 (originally 2)  Memory Usage: 3320kB
        ->  Seq Scan on title t  (cost=0.00..73925.90 rows=128166 width=4) (actual time=1475.239..3295.373 rows=261073 loops=1)
              Filter: ((production_year < 1978) AND (kind_id = 1))
              Rows Removed by Filter: 2267239
Planning time: 0.770 ms
Execution time: 8388.262 ms
