Hash Join  (cost=709678.15..796345.14 rows=895 width=0) (actual time=9279.354..10591.074 rows=30 loops=1)
  Hash Cond: (mk.movie_id = t.id)
  ->  Seq Scan on movie_keyword mk  (cost=0.00..69693.30 rows=4523930 width=4) (actual time=0.014..774.124 rows=4523930 loops=1)
  ->  Hash  (cost=709671.90..709671.90 rows=500 width=8) (actual time=9016.241..9016.241 rows=141 loops=1)
        Buckets: 1024  Batches: 1  Memory Usage: 14kB
        ->  Nested Loop  (cost=0.43..709671.90 rows=500 width=8) (actual time=1659.017..9016.111 rows=141 loops=1)
              ->  Seq Scan on cast_info ci  (cost=0.00..705507.15 rows=500 width=4) (actual time=1658.855..9014.249 rows=141 loops=1)
                    Filter: (person_id = 1334785)
                    Rows Removed by Filter: 36244203
              ->  Index Only Scan using title_pkey on title t  (cost=0.43..8.32 rows=1 width=4) (actual time=0.012..0.012 rows=1 loops=141)
                    Index Cond: (id = ci.movie_id)
                    Heap Fetches: 141
Planning time: 1.205 ms
Execution time: 10591.174 ms
