Seq Scan on movie_companies mc  (cost=0.00..57926.93 rows=856115 width=0) (actual time=56.382..839.447 rows=539735 loops=1)
  Filter: ((company_id < 19143) AND (company_type_id > 1))
  Rows Removed by Filter: 2069394
Planning time: 0.326 ms
Execution time: 907.534 ms
