Hash Join  (cost=102767.86..185182.33 rows=607110 width=0) (actual time=1726.892..3606.291 rows=882988 loops=1)
  Hash Cond: (mc.movie_id = t.id)
  ->  Seq Scan on movie_companies mc  (cost=0.00..57926.93 rows=607110 width=4) (actual time=96.460..888.018 rows=882988 loops=1)
        Filter: ((company_id > 12314) AND (company_type_id > 1))
        Rows Removed by Filter: 1726141
  ->  Hash  (cost=61283.27..61283.27 rows=2528527 width=4) (actual time=1629.139..1629.139 rows=2528312 loops=1)
        Buckets: 131072  Batches: 64  Memory Usage: 2415kB
        ->  Seq Scan on title t  (cost=0.00..61283.27 rows=2528527 width=4) (actual time=0.020..779.598 rows=2528312 loops=1)
Planning time: 0.748 ms
Execution time: 3707.487 ms
