Seq Scan on cast_info ci  (cost=0.00..796071.18 rows=1285782 width=0) (actual time=9689.532..10056.848 rows=415792 loops=1)
  Filter: ((person_id < 1043313) AND (role_id = 10))
  Rows Removed by Filter: 35828552
Planning time: 0.380 ms
Execution time: 10084.729 ms
