Hash Join  (cost=102767.86..172506.37 rows=80343 width=0) (actual time=1937.216..3074.975 rows=129553 loops=1)
  Hash Cond: (mc.movie_id = t.id)
  ->  Seq Scan on movie_companies mc  (cost=0.00..57926.93 rows=80343 width=4) (actual time=0.023..659.779 rows=129553 loops=1)
        Filter: ((company_id < 34) AND (company_type_id = 1))
        Rows Removed by Filter: 2479576
  ->  Hash  (cost=61283.27..61283.27 rows=2528527 width=4) (actual time=1936.112..1936.112 rows=2528312 loops=1)
        Buckets: 131072  Batches: 64  Memory Usage: 2415kB
        ->  Seq Scan on title t  (cost=0.00..61283.27 rows=2528527 width=4) (actual time=0.017..876.045 rows=2528312 loops=1)
Planning time: 0.704 ms
Execution time: 3089.851 ms
