Hash Join  (cost=114149.46..914470.96 rows=18174 width=0) (actual time=6158.037..15068.442 rows=25335 loops=1)
  Hash Cond: (ci.movie_id = t.id)
  ->  Seq Scan on cast_info ci  (cost=0.00..796071.18 rows=1084954 width=4) (actual time=4363.791..13045.334 rows=1093558 loops=1)
        Filter: ((person_id < 3655431) AND (role_id = 9))
        Rows Removed by Filter: 35150786
  ->  Hash  (cost=113620.01..113620.01 rows=42356 width=8) (actual time=1793.479..1793.479 rows=20619 loops=1)
        Buckets: 65536  Batches: 1  Memory Usage: 1318kB
        ->  Hash Join  (cost=75199.97..113620.01 rows=42356 width=8) (actual time=975.939..1786.682 rows=20619 loops=1)
              Hash Cond: (mi_idx.movie_id = t.id)
              ->  Seq Scan on movie_info_idx mi_idx  (cost=0.00..21735.35 rows=1380035 width=4) (actual time=0.023..359.438 rows=1380035 loops=1)
              ->  Hash  (cost=73925.90..73925.90 rows=77605 width=4) (actual time=975.094..975.094 rows=84684 loops=1)
                    Buckets: 131072  Batches: 2  Memory Usage: 2512kB
                    ->  Seq Scan on title t  (cost=0.00..73925.90 rows=77605 width=4) (actual time=0.033..943.431 rows=84684 loops=1)
                          Filter: ((kind_id = 7) AND (production_year = 2009))
                          Rows Removed by Filter: 2443628
Planning time: 1.110 ms
Execution time: 15072.316 ms
