Hash Join  (cost=77838.49..203017.47 rows=326086 width=0) (actual time=1085.017..3802.206 rows=461382 loops=1)
  Hash Cond: (mk.movie_id = t.id)
  ->  Seq Scan on movie_keyword mk  (cost=0.00..81003.12 rows=3457864 width=4) (actual time=0.021..1455.330 rows=3450520 loops=1)
        Filter: (keyword_id > 1077)
        Rows Removed by Filter: 1073410
  ->  Hash  (cost=73925.90..73925.90 rows=238447 width=4) (actual time=1084.231..1084.231 rows=200165 loops=1)
        Buckets: 131072  Batches: 4  Memory Usage: 2790kB
        ->  Seq Scan on title t  (cost=0.00..73925.90 rows=238447 width=4) (actual time=0.026..1017.238 rows=200165 loops=1)
              Filter: ((production_year > 2006) AND (kind_id = 1))
              Rows Removed by Filter: 2328147
Planning time: 0.687 ms
Execution time: 3844.281 ms
