Seq Scan on movie_keyword mk  (cost=0.00..81003.12 rows=3004418 width=0) (actual time=0.021..1319.460 rows=2991366 loops=1)
  Filter: (keyword_id > 2229)
  Rows Removed by Filter: 1532564
Planning time: 0.232 ms
Execution time: 1705.074 ms
