Seq Scan on movie_keyword mk  (cost=0.00..81003.12 rows=2946288 width=0) (actual time=0.022..1343.653 rows=2930865 loops=1)
  Filter: (keyword_id < 9689)
  Rows Removed by Filter: 1593065
Planning time: 0.317 ms
Execution time: 1738.918 ms
