Hash Join  (cost=102767.86..278561.46 rows=3528768 width=0) (actual time=2440.534..7572.065 rows=3518688 loops=1)
  Hash Cond: (mk.movie_id = t.id)
  ->  Seq Scan on movie_keyword mk  (cost=0.00..81003.12 rows=3528768 width=4) (actual time=0.021..1515.051 rows=3518688 loops=1)
        Filter: (keyword_id < 18354)
        Rows Removed by Filter: 1005242
  ->  Hash  (cost=61283.27..61283.27 rows=2528527 width=4) (actual time=2439.048..2439.048 rows=2528312 loops=1)
        Buckets: 131072  Batches: 64  Memory Usage: 2425kB
        ->  Seq Scan on title t  (cost=0.00..61283.27 rows=2528527 width=4) (actual time=0.020..760.122 rows=2528312 loops=1)
Planning time: 0.625 ms
Execution time: 7979.673 ms
