Seq Scan on movie_companies mc  (cost=0.00..51404.11 rows=1163015 width=0) (actual time=0.026..774.515 rows=1172105 loops=1)
  Filter: (company_id > 12781)
  Rows Removed by Filter: 1437024
Planning time: 0.323 ms
Execution time: 927.663 ms
