Hash Join  (cost=101879.88..190538.87 rows=18118 width=0) (actual time=1496.569..3051.114 rows=147838 loops=1)
  Hash Cond: (mk.movie_id = t.id)
  ->  Seq Scan on movie_keyword mk  (cost=0.00..81003.12 rows=1993250 width=4) (actual time=0.028..1193.019 rows=2000548 loops=1)
        Filter: (keyword_id > 6253)
        Rows Removed by Filter: 2523382
  ->  Hash  (cost=101592.59..101592.59 rows=22983 width=8) (actual time=1496.091..1496.091 rows=41360 loops=1)
        Buckets: 65536 (originally 32768)  Batches: 1 (originally 1)  Memory Usage: 2128kB
        ->  Hash Join  (cost=74452.28..101592.59 rows=22983 width=8) (actual time=917.901..1481.101 rows=41360 loops=1)
              Hash Cond: (mi_idx.movie_id = t.id)
              ->  Seq Scan on movie_info_idx mi_idx  (cost=0.00..21735.35 rows=1380035 width=4) (actual time=0.014..236.935 rows=1380035 loops=1)
              ->  Hash  (cost=73925.90..73925.90 rows=42110 width=4) (actual time=917.526..917.526 rows=33905 loops=1)
                    Buckets: 65536  Batches: 1  Memory Usage: 1704kB
                    ->  Seq Scan on title t  (cost=0.00..73925.90 rows=42110 width=4) (actual time=0.066..903.527 rows=33905 loops=1)
                          Filter: ((kind_id < 7) AND (production_year = 2006))
                          Rows Removed by Filter: 2494407
Planning time: 1.130 ms
Execution time: 3071.018 ms
