Nested Loop  (cost=0.43..52283.69 rows=104 width=0) (actual time=90.728..661.024 rows=296 loops=1)
  ->  Seq Scan on movie_companies mc  (cost=0.00..51404.11 rows=104 width=4) (actual time=90.626..655.066 rows=296 loops=1)
        Filter: (company_id = 95)
        Rows Removed by Filter: 2608833
  ->  Index Only Scan using title_pkey on title t  (cost=0.43..8.45 rows=1 width=4) (actual time=0.019..0.019 rows=1 loops=296)
        Index Cond: (id = mc.movie_id)
        Heap Fetches: 296
Planning time: 0.668 ms
Execution time: 661.161 ms
