Hash Join  (cost=190230.21..1454557.37 rows=17746556 width=0) (actual time=4419.233..47146.081 rows=36692586 loops=1)
  Hash Cond: (ci.movie_id = t.id)
  ->  Seq Scan on cast_info ci  (cost=0.00..705507.15 rows=32515586 width=4) (actual time=0.025..13536.215 rows=32647679 loops=1)
        Filter: (person_id > 344337)
        Rows Removed by Filter: 3596665
  ->  Hash  (cost=167588.78..167588.78 rows=1380035 width=8) (actual time=4418.063..4418.063 rows=1380035 loops=1)
        Buckets: 131072  Batches: 32  Memory Usage: 2708kB
        ->  Hash Join  (cost=102767.86..167588.78 rows=1380035 width=8) (actual time=2245.504..4032.872 rows=1380035 loops=1)
              Hash Cond: (mi_idx.movie_id = t.id)
              ->  Seq Scan on movie_info_idx mi_idx  (cost=0.00..21735.35 rows=1380035 width=4) (actual time=0.022..345.669 rows=1380035 loops=1)
              ->  Hash  (cost=61283.27..61283.27 rows=2528527 width=4) (actual time=2244.532..2244.532 rows=2528312 loops=1)
                    Buckets: 131072  Batches: 64  Memory Usage: 2415kB
                    ->  Seq Scan on title t  (cost=0.00..61283.27 rows=2528527 width=4) (actual time=0.027..772.734 rows=2528312 loops=1)
Planning time: 1.020 ms
Execution time: 51549.788 ms
