Hash Join  (cost=196520.67..571543.68 rows=150151 width=0) (actual time=5508.077..8407.231 rows=507700 loops=1)
  Hash Cond: (mi.movie_id = t.id)
  ->  Seq Scan on movie_info mi  (cost=0.00..346232.03 rows=2073893 width=4) (actual time=2133.178..4309.501 rows=2091068 loops=1)
        Filter: (info_type_id < 3)
        Rows Removed by Filter: 12744652
  ->  Hash  (cost=193516.32..193516.32 rows=183068 width=8) (actual time=3105.730..3105.730 rows=250907 loops=1)
        Buckets: 131072  Batches: 4  Memory Usage: 3470kB
        ->  Hash Join  (cost=69283.60..193516.32 rows=183068 width=8) (actual time=822.687..3046.563 rows=250907 loops=1)
              Hash Cond: (mk.movie_id = t.id)
              ->  Seq Scan on movie_keyword mk  (cost=0.00..69693.30 rows=4523930 width=4) (actual time=0.027..1034.319 rows=4523930 loops=1)
              ->  Hash  (cost=67604.59..67604.59 rows=102321 width=4) (actual time=821.766..821.766 rows=100537 loops=1)
                    Buckets: 131072  Batches: 2  Memory Usage: 2803kB
                    ->  Seq Scan on title t  (cost=0.00..67604.59 rows=102321 width=4) (actual time=315.096..785.838 rows=100537 loops=1)
                          Filter: (kind_id = 3)
                          Rows Removed by Filter: 2427775
Planning time: 1.051 ms
Execution time: 8469.885 ms
