Hash Join  (cost=109434.47..165987.35 rows=35057 width=0) (actual time=1790.801..2869.466 rows=101117 loops=1)
  Hash Cond: (mc.movie_id = t.id)
  ->  Seq Scan on movie_companies mc  (cost=0.00..51404.11 rows=1279517 width=4) (actual time=16.486..803.772 rows=1274246 loops=1)
        Filter: (company_type_id < 2)
        Rows Removed by Filter: 1334883
  ->  Hash  (cost=108568.50..108568.50 rows=69278 width=8) (actual time=1773.505..1773.505 rows=58600 loops=1)
        Buckets: 131072  Batches: 1  Memory Usage: 3314kB
        ->  Hash Join  (cost=69687.24..108568.50 rows=69278 width=8) (actual time=878.857..1755.247 rows=58600 loops=1)
              Hash Cond: (mi_idx.movie_id = t.id)
              ->  Seq Scan on movie_info_idx mi_idx  (cost=0.00..21735.35 rows=1380035 width=4) (actual time=0.023..404.459 rows=1380035 loops=1)
              ->  Hash  (cost=67604.59..67604.59 rows=126932 width=4) (actual time=877.650..877.650 rows=122861 loops=1)
                    Buckets: 131072  Batches: 2  Memory Usage: 3191kB
                    ->  Seq Scan on title t  (cost=0.00..67604.59 rows=126932 width=4) (actual time=0.025..833.401 rows=122861 loops=1)
                          Filter: (production_year = 2008)
                          Rows Removed by Filter: 2405451
Planning time: 1.136 ms
Execution time: 2883.621 ms
