Seq Scan on cast_info ci  (cost=0.00..705507.15 rows=30146072 width=0) (actual time=0.022..10313.683 rows=30268176 loops=1)
  Filter: (person_id > 578475)
  Rows Removed by Filter: 5976168
Planning time: 0.300 ms
Execution time: 13838.043 ms
