Hash Join  (cost=78556.72..207786.32 rows=847959 width=0) (actual time=1058.152..4036.314 rows=1171808 loops=1)
  Hash Cond: (mk.movie_id = t.id)
  ->  Seq Scan on movie_keyword mk  (cost=0.00..81003.12 rows=3211967 width=4) (actual time=0.017..1345.780 rows=3200391 loops=1)
        Filter: (keyword_id < 13074)
        Rows Removed by Filter: 1323539
  ->  Hash  (cost=67604.59..67604.59 rows=667531 width=4) (actual time=1056.328..1056.328 rows=662834 loops=1)
        Buckets: 131072  Batches: 16  Memory Usage: 2485kB
        ->  Seq Scan on title t  (cost=0.00..67604.59 rows=667531 width=4) (actual time=0.024..856.908 rows=662834 loops=1)
              Filter: (production_year < 1989)
              Rows Removed by Filter: 1865478
Planning time: 0.710 ms
Execution time: 4166.450 ms
