Seq Scan on movie_keyword mk  (cost=0.00..81003.12 rows=246 width=0) (actual time=44.491..1046.865 rows=28 loops=1)
  Filter: (keyword_id = 761)
  Rows Removed by Filter: 4523902
Planning time: 4.078 ms
Execution time: 1046.983 ms
