Hash Join  (cost=928519.08..1440554.85 rows=1293794 width=0) (actual time=33696.048..46792.200 rows=2567582 loops=1)
  Hash Cond: (mi.movie_id = t.id)
  ->  Seq Scan on movie_info mi  (cost=0.00..309384.22 rows=14739122 width=4) (actual time=0.019..6077.878 rows=14835720 loops=1)
  ->  Hash  (cost=924876.67..924876.67 rows=221953 width=8) (actual time=33453.755..33453.755 rows=323098 loops=1)
        Buckets: 131072 (originally 131072)  Batches: 8 (originally 4)  Memory Usage: 3073kB
        ->  Hash Join  (cost=69484.36..924876.67 rows=221953 width=8) (actual time=13978.707..33293.551 rows=323098 loops=1)
              Hash Cond: (ci.movie_id = t.id)
              ->  Seq Scan on cast_info ci  (cost=0.00..796071.18 rows=4899626 width=4) (actual time=10563.983..26776.076 rows=5852387 loops=1)
                    Filter: ((person_id < 2491000) AND (role_id = 2))
                    Rows Removed by Filter: 30391957
              ->  Hash  (cost=67604.59..67604.59 rows=114542 width=4) (actual time=2878.338..2878.338 rows=118234 loops=1)
                    Buckets: 131072  Batches: 2  Memory Usage: 3101kB
                    ->  Seq Scan on title t  (cost=0.00..67604.59 rows=114542 width=4) (actual time=383.803..2825.823 rows=118234 loops=1)
                          Filter: (kind_id = 4)
                          Rows Removed by Filter: 2410078
Planning time: 1.867 ms
Execution time: 47082.054 ms
