Hash Join  (cost=162310.55..548803.69 rows=341328 width=0) (actual time=2642.962..12188.603 rows=1729304 loops=1)
  Hash Cond: (mi.movie_id = t.id)
  ->  Seq Scan on movie_info mi  (cost=0.00..309384.22 rows=14739122 width=4) (actual time=0.024..3223.285 rows=14835720 loops=1)
  ->  Hash  (cost=161578.60..161578.60 rows=58556 width=8) (actual time=2642.105..2642.105 rows=98736 loops=1)
        Buckets: 131072 (originally 65536)  Batches: 2 (originally 1)  Memory Usage: 3073kB
        ->  Hash Join  (cost=74335.01..161578.60 rows=58556 width=8) (actual time=1049.551..2606.457 rows=98736 loops=1)
              Hash Cond: (mk.movie_id = t.id)
              ->  Seq Scan on movie_keyword mk  (cost=0.00..69693.30 rows=4523930 width=4) (actual time=0.029..794.276 rows=4523930 loops=1)
              ->  Hash  (cost=73925.90..73925.90 rows=32728 width=4) (actual time=921.519..921.519 rows=43053 loops=1)
                    Buckets: 65536 (originally 32768)  Batches: 1 (originally 1)  Memory Usage: 2026kB
                    ->  Seq Scan on title t  (cost=0.00..73925.90 rows=32728 width=4) (actual time=166.310..904.057 rows=43053 loops=1)
                          Filter: ((production_year < 1995) AND (kind_id = 3))
                          Rows Removed by Filter: 2485259
Planning time: 1.046 ms
Execution time: 12403.704 ms
