Hash Join  (cost=146561.29..278300.51 rows=799218 width=0) (actual time=3229.493..6064.600 rows=637128 loops=1)
  Hash Cond: (mk.movie_id = t.id)
  ->  Seq Scan on movie_keyword mk  (cost=0.00..69693.30 rows=4523930 width=4) (actual time=0.023..1182.913 rows=4523930 loops=1)
  ->  Hash  (cost=139232.53..139232.53 rows=446701 width=8) (actual time=2828.001..2828.001 rows=246494 loops=1)
        Buckets: 131072  Batches: 8  Memory Usage: 2235kB
        ->  Hash Join  (cost=94176.46..139232.53 rows=446701 width=8) (actual time=1560.700..2743.470 rows=246494 loops=1)
              Hash Cond: (mi_idx.movie_id = t.id)
              ->  Seq Scan on movie_info_idx mi_idx  (cost=0.00..25185.44 rows=915101 width=4) (actual time=0.021..451.896 rows=919850 loops=1)
                    Filter: (info_type_id < 101)
                    Rows Removed by Filter: 460185
              ->  Hash  (cost=73925.90..73925.90 rows=1234284 width=4) (actual time=1558.869..1558.869 rows=1316754 loops=1)
                    Buckets: 131072  Batches: 32  Memory Usage: 2476kB
                    ->  Seq Scan on title t  (cost=0.00..73925.90 rows=1234284 width=4) (actual time=0.021..1132.448 rows=1316754 loops=1)
                          Filter: ((production_year > 1974) AND (kind_id = 7))
                          Rows Removed by Filter: 1211558
Planning time: 1.036 ms
Execution time: 6147.667 ms
