Seq Scan on cast_info ci  (cost=0.00..705507.15 rows=500 width=0) (actual time=2405.793..8790.734 rows=1 loops=1)
  Filter: (person_id = 2190404)
  Rows Removed by Filter: 36244343
Planning time: 0.253 ms
Execution time: 8790.797 ms
