Hash Join  (cost=134603.20..499914.73 rows=65560 width=0) (actual time=1999.069..8413.297 rows=325180 loops=1)
  Hash Cond: (mi.movie_id = t.id)
  ->  Seq Scan on movie_info mi  (cost=0.00..309384.22 rows=14739122 width=4) (actual time=0.017..2978.704 rows=14835720 loops=1)
  ->  Hash  (cost=134462.62..134462.62 rows=11247 width=8) (actual time=1998.909..1998.909 rows=24689 loops=1)
        Buckets: 32768 (originally 16384)  Batches: 1 (originally 1)  Memory Usage: 1221kB
        ->  Hash Join  (cost=74050.79..134462.62 rows=11247 width=8) (actual time=1150.689..1989.751 rows=24689 loops=1)
              Hash Cond: (mc.movie_id = t.id)
              ->  Seq Scan on movie_companies mc  (cost=0.00..57926.93 rows=72380 width=4) (actual time=176.874..673.693 rows=140954 loops=1)
                    Filter: ((company_id > 135926) AND (company_type_id = 2))
                    Rows Removed by Filter: 2468175
              ->  Hash  (cost=67604.59..67604.59 rows=392896 width=4) (actual time=972.738..972.738 rows=391666 loops=1)
                    Buckets: 131072  Batches: 8  Memory Usage: 2753kB
                    ->  Seq Scan on title t  (cost=0.00..67604.59 rows=392896 width=4) (actual time=0.028..843.254 rows=391666 loops=1)
                          Filter: (production_year > 2010)
                          Rows Removed by Filter: 2136646
Planning time: 1.098 ms
Execution time: 8457.714 ms
