Hash Join  (cost=102767.86..932700.36 rows=996635 width=0) (actual time=2392.645..11159.381 rows=617070 loops=1)
  Hash Cond: (ci.movie_id = t.id)
  ->  Seq Scan on cast_info ci  (cost=0.00..796071.18 rows=996635 width=4) (actual time=714.995..8670.419 rows=617070 loops=1)
        Filter: ((person_id < 211974) AND (role_id > 2))
        Rows Removed by Filter: 35627274
  ->  Hash  (cost=61283.27..61283.27 rows=2528527 width=4) (actual time=1675.373..1675.373 rows=2528312 loops=1)
        Buckets: 131072  Batches: 64  Memory Usage: 2415kB
        ->  Seq Scan on title t  (cost=0.00..61283.27 rows=2528527 width=4) (actual time=0.045..830.381 rows=2528312 loops=1)
Planning time: 0.643 ms
Execution time: 11224.051 ms
