Seq Scan on cast_info ci  (cost=0.00..796071.18 rows=6022296 width=0) (actual time=1613.955..13153.067 rows=9278207 loops=1)
  Filter: ((person_id > 2773626) AND (role_id > 1))
  Rows Removed by Filter: 26966137
Planning time: 0.316 ms
Execution time: 14310.780 ms
