Hash Join  (cost=116662.37..226343.01 rows=74858 width=0) (actual time=2061.534..4602.202 rows=1205720 loops=1)
  Hash Cond: (mk.movie_id = t.id)
  ->  Seq Scan on movie_keyword mk  (cost=0.00..81003.12 rows=2388515 width=4) (actual time=0.022..1388.019 rows=2383784 loops=1)
        Filter: (keyword_id > 3991)
        Rows Removed by Filter: 2140146
  ->  Hash  (cost=115361.80..115361.80 rows=79246 width=8) (actual time=2060.378..2060.378 rows=175350 loops=1)
        Buckets: 131072 (originally 131072)  Batches: 4 (originally 2)  Memory Usage: 3073kB
        ->  Hash Join  (cost=76308.85..115361.80 rows=79246 width=8) (actual time=1002.998..1996.011 rows=175350 loops=1)
              Hash Cond: (mi_idx.movie_id = t.id)
              ->  Seq Scan on movie_info_idx mi_idx  (cost=0.00..21735.35 rows=1380035 width=4) (actual time=0.029..354.007 rows=1380035 loops=1)
              ->  Hash  (cost=73925.90..73925.90 rows=145196 width=4) (actual time=1002.209..1002.209 rows=245643 loops=1)
                    Buckets: 131072 (originally 131072)  Batches: 4 (originally 2)  Memory Usage: 3183kB
                    ->  Seq Scan on title t  (cost=0.00..73925.90 rows=145196 width=4) (actual time=0.224..912.888 rows=245643 loops=1)
                          Filter: ((kind_id < 7) AND (production_year < 1970))
                          Rows Removed by Filter: 2282669
Planning time: 1.144 ms
Execution time: 4737.566 ms
