Hash Join  (cost=139964.21..218698.78 rows=267305 width=0) (actual time=2682.567..4686.443 rows=296839 loops=1)
  Hash Cond: (mc.movie_id = t.id)
  ->  Seq Scan on movie_companies mc  (cost=0.00..44881.29 rows=2609129 width=4) (actual time=0.013..809.962 rows=2609129 loops=1)
  ->  Hash  (cost=135714.12..135714.12 rows=259047 width=8) (actual time=2672.257..2672.257 rows=141849 loops=1)
        Buckets: 131072  Batches: 4  Memory Usage: 2407kB
        ->  Hash Join  (cost=97058.09..135714.12 rows=259047 width=8) (actual time=2008.336..2625.037 rows=141849 loops=1)
              Hash Cond: (mi_idx.movie_id = t.id)
              ->  Seq Scan on movie_info_idx mi_idx  (cost=0.00..25185.44 rows=464566 width=4) (actual time=0.016..457.823 rows=459925 loops=1)
                    Filter: (info_type_id = 101)
                    Rows Removed by Filter: 920110
              ->  Hash  (cost=73925.90..73925.90 rows=1409935 width=4) (actual time=1618.656..1618.656 rows=1478399 loops=1)
                    Buckets: 131072  Batches: 32  Memory Usage: 2650kB
                    ->  Seq Scan on title t  (cost=0.00..73925.90 rows=1409935 width=4) (actual time=0.021..1155.773 rows=1478399 loops=1)
                          Filter: ((production_year > 1942) AND (kind_id = 7))
                          Rows Removed by Filter: 1049913
Planning time: 0.778 ms
Execution time: 4725.000 ms
