Seq Scan on movie_companies mc  (cost=0.00..51404.11 rows=914750 width=0) (actual time=0.015..720.753 rows=914608 loops=1)
  Filter: (company_id < 3103)
  Rows Removed by Filter: 1694521
Planning time: 0.247 ms
Execution time: 843.929 ms
