Seq Scan on title t  (cost=0.00..73925.90 rows=12016 width=0) (actual time=272.731..700.629 rows=42819 loops=1)
  Filter: ((production_year < 1913) AND (kind_id = 1))
  Rows Removed by Filter: 2485493
Planning time: 0.336 ms
Execution time: 705.522 ms
