Seq Scan on movie_companies mc  (cost=0.00..57926.93 rows=736705 width=0) (actual time=0.024..872.802 rows=1014570 loops=1)
  Filter: ((company_id < 13776) AND (company_type_id < 2))
  Rows Removed by Filter: 1594559
Planning time: 0.332 ms
Execution time: 1000.951 ms
