Seq Scan on cast_info ci  (cost=0.00..796071.18 rows=4321581 width=0) (actual time=687.831..10624.132 rows=8823335 loops=1)
  Filter: ((person_id < 1203283) AND (role_id = 1))
  Rows Removed by Filter: 27421009
Planning time: 0.419 ms
Execution time: 11593.331 ms
