Hash Join  (cost=709678.15..796345.14 rows=895 width=0) (actual time=8863.741..10411.009 rows=1292 loops=1)
  Hash Cond: (mk.movie_id = t.id)
  ->  Seq Scan on movie_keyword mk  (cost=0.00..69693.30 rows=4523930 width=4) (actual time=0.006..740.131 rows=4523930 loops=1)
  ->  Hash  (cost=709671.90..709671.90 rows=500 width=8) (actual time=8862.529..8862.529 rows=119 loops=1)
        Buckets: 1024  Batches: 1  Memory Usage: 13kB
        ->  Nested Loop  (cost=0.43..709671.90 rows=500 width=8) (actual time=8711.090..8862.434 rows=119 loops=1)
              ->  Seq Scan on cast_info ci  (cost=0.00..705507.15 rows=500 width=4) (actual time=8710.895..8847.844 rows=119 loops=1)
                    Filter: (person_id = 282656)
                    Rows Removed by Filter: 36244225
              ->  Index Only Scan using title_pkey on title t  (cost=0.43..8.32 rows=1 width=4) (actual time=0.120..0.121 rows=1 loops=119)
                    Index Cond: (id = ci.movie_id)
                    Heap Fetches: 119
Planning time: 0.746 ms
Execution time: 10411.297 ms
