Hash Join  (cost=86935.43..171867.19 rows=17699 width=0) (actual time=1351.941..2553.761 rows=16706 loops=1)
  Hash Cond: (mk.movie_id = t.id)
  ->  Seq Scan on movie_keyword mk  (cost=0.00..81003.12 rows=56439 width=4) (actual time=0.047..1061.081 rows=57603 loops=1)
        Filter: (keyword_id < 56)
        Rows Removed by Filter: 4466327
  ->  Hash  (cost=73925.90..73925.90 rows=792922 width=4) (actual time=1339.532..1339.532 rows=692469 loops=1)
        Buckets: 131072  Batches: 16  Memory Usage: 2555kB
        ->  Seq Scan on title t  (cost=0.00..73925.90 rows=792922 width=4) (actual time=0.015..1107.076 rows=692469 loops=1)
              Filter: ((kind_id > 1) AND (production_year < 2001))
              Rows Removed by Filter: 1835843
Planning time: 0.666 ms
Execution time: 2556.136 ms
