Hash Join  (cost=83073.38..447731.52 rows=224 width=0) (actual time=1021.916..6821.230 rows=59 loops=1)
  Hash Cond: (mi.movie_id = t.id)
  ->  Seq Scan on movie_info mi  (cost=0.00..309384.22 rows=14739122 width=4) (actual time=0.029..3194.383 rows=14835720 loops=1)
  ->  Hash  (cost=83072.90..83072.90 rows=38 width=8) (actual time=999.267..999.267 rows=7 loops=1)
        Buckets: 1024  Batches: 1  Memory Usage: 9kB
        ->  Nested Loop  (cost=0.43..83072.90 rows=38 width=8) (actual time=94.573..999.252 rows=7 loops=1)
              ->  Seq Scan on movie_keyword mk  (cost=0.00..81003.12 rows=246 width=4) (actual time=94.513..998.616 rows=12 loops=1)
                    Filter: (keyword_id = 16444)
                    Rows Removed by Filter: 4523918
              ->  Index Scan using title_pkey on title t  (cost=0.43..8.40 rows=1 width=4) (actual time=0.046..0.047 rows=1 loops=12)
                    Index Cond: (id = mk.movie_id)
                    Filter: ((kind_id < 7) AND (production_year > 2005))
                    Rows Removed by Filter: 0
Planning time: 1.042 ms
Execution time: 6821.428 ms
