Hash Join  (cost=115593.56..170288.76 rows=2967 width=0) (actual time=1207.361..2056.204 rows=32281 loops=1)
  Hash Cond: (mc.movie_id = t.id)
  ->  Seq Scan on movie_companies mc  (cost=0.00..44881.29 rows=2609129 width=4) (actual time=0.017..404.933 rows=2609129 loops=1)
  ->  Hash  (cost=115557.62..115557.62 rows=2875 width=8) (actual time=1207.135..1207.135 rows=3781 loops=1)
        Buckets: 4096  Batches: 1  Memory Usage: 180kB
        ->  Nested Loop  (cost=0.43..115557.62 rows=2875 width=8) (actual time=1.655..1204.897 rows=3781 loops=1)
              ->  Seq Scan on movie_keyword mk  (cost=0.00..81003.12 rows=4675 width=4) (actual time=0.633..1087.322 rows=5058 loops=1)
                    Filter: (keyword_id = 1633)
                    Rows Removed by Filter: 4518872
              ->  Index Scan using title_pkey on title t  (cost=0.43..7.38 rows=1 width=4) (actual time=0.022..0.022 rows=1 loops=5058)
                    Index Cond: (id = mk.movie_id)
                    Filter: (production_year < 2007)
                    Rows Removed by Filter: 0
Planning time: 1.103 ms
Execution time: 2060.724 ms
