Seq Scan on movie_keyword mk  (cost=0.00..81003.12 rows=200301 width=0) (actual time=0.029..1148.026 rows=218447 loops=1)
  Filter: (keyword_id < 156)
  Rows Removed by Filter: 4305483
Planning time: 0.305 ms
Execution time: 1178.234 ms
