Seq Scan on movie_keyword mk  (cost=0.00..81003.12 rows=3845075 width=0) (actual time=0.021..1359.331 rows=3838411 loops=1)
  Filter: (keyword_id < 27467)
  Rows Removed by Filter: 685519
Planning time: 0.300 ms
Execution time: 1851.558 ms
