Hash Join  (cost=137413.28..991637.84 rows=500133 width=0) (actual time=4014.651..18763.115 rows=1044736 loops=1)
  Hash Cond: (ci.movie_id = t.id)
  ->  Seq Scan on cast_info ci  (cost=0.00..796071.18 rows=4501880 width=4) (actual time=1564.618..12125.536 rows=9238180 loops=1)
        Filter: ((person_id < 1260726) AND (role_id < 2))
        Rows Removed by Filter: 27006164
  ->  Hash  (cost=132803.96..132803.96 rows=280905 width=8) (actual time=2449.022..2449.022 rows=141906 loops=1)
        Buckets: 131072  Batches: 4  Memory Usage: 2407kB
        ->  Hash Join  (cost=92883.59..132803.96 rows=280905 width=8) (actual time=1499.198..2406.713 rows=141906 loops=1)
              Hash Cond: (mi_idx.movie_id = t.id)
              ->  Seq Scan on movie_info_idx mi_idx  (cost=0.00..25185.44 rows=460978 width=4) (actual time=0.028..412.991 rows=459925 loops=1)
                    Filter: (info_type_id = 99)
                    Rows Removed by Filter: 920110
              ->  Hash  (cost=67604.59..67604.59 rows=1540800 width=4) (actual time=1490.430..1490.430 rows=1543264 loops=1)
                    Buckets: 131072  Batches: 32  Memory Usage: 2722kB
                    ->  Seq Scan on title t  (cost=0.00..67604.59 rows=1540800 width=4) (actual time=0.033..1024.040 rows=1543264 loops=1)
                          Filter: (kind_id = 7)
                          Rows Removed by Filter: 985048
Planning time: 0.758 ms
Execution time: 18900.901 ms
