Seq Scan on movie_companies mc  (cost=0.00..57926.93 rows=51 width=0) (actual time=450.271..681.492 rows=106 loops=1)
  Filter: ((company_id = 12695) AND (company_type_id = 1))
  Rows Removed by Filter: 2609023
Planning time: 0.372 ms
Execution time: 681.611 ms
