Hash Join  (cost=94699.36..441627.09 rows=296 width=0) (actual time=3235.392..5537.374 rows=2292 loops=1)
  Hash Cond: (mi.movie_id = t.id)
  ->  Seq Scan on movie_info mi  (cost=0.00..346232.03 rows=184730 width=4) (actual time=1799.941..4073.147 rows=180112 loops=1)
        Filter: (info_type_id = 13)
        Rows Removed by Filter: 14655608
  ->  Hash  (cost=94648.62..94648.62 rows=4059 width=8) (actual time=1434.561..1434.561 rows=5284 loops=1)
        Buckets: 8192 (originally 4096)  Batches: 1 (originally 1)  Memory Usage: 271kB
        ->  Hash Join  (cost=67697.55..94648.62 rows=4059 width=8) (actual time=846.294..1432.379 rows=5284 loops=1)
              Hash Cond: (mi_idx.movie_id = t.id)
              ->  Seq Scan on movie_info_idx mi_idx  (cost=0.00..21735.35 rows=1380035 width=4) (actual time=0.030..287.178 rows=1380035 loops=1)
              ->  Hash  (cost=67604.59..67604.59 rows=7437 width=4) (actual time=845.831..845.831 rows=8007 loops=1)
                    Buckets: 8192  Batches: 1  Memory Usage: 346kB
                    ->  Seq Scan on title t  (cost=0.00..67604.59 rows=7437 width=4) (actual time=0.263..841.905 rows=8007 loops=1)
                          Filter: (production_year = 1955)
                          Rows Removed by Filter: 2520305
Planning time: 0.933 ms
Execution time: 5537.941 ms
