Hash Join  (cost=131053.24..218983.75 rows=127248 width=0) (actual time=2434.283..3894.088 rows=85701 loops=1)
  Hash Cond: (mk.movie_id = t.id)
  ->  Seq Scan on movie_keyword mk  (cost=0.00..69693.30 rows=4523930 width=4) (actual time=0.024..820.060 rows=4523930 loops=1)
  ->  Hash  (cost=130164.21..130164.21 rows=71122 width=8) (actual time=2199.423..2199.423 rows=28308 loops=1)
        Buckets: 131072  Batches: 1  Memory Usage: 2130kB
        ->  Hash Join  (cost=74787.47..130164.21 rows=71122 width=8) (actual time=985.486..2188.767 rows=28308 loops=1)
              Hash Cond: (mc.movie_id = t.id)
              ->  Seq Scan on movie_companies mc  (cost=0.00..44881.29 rows=2609129 width=4) (actual time=0.014..473.224 rows=2609129 loops=1)
              ->  Hash  (cost=73925.90..73925.90 rows=68925 width=4) (actual time=984.794..984.794 rows=84076 loops=1)
                    Buckets: 131072  Batches: 1  Memory Usage: 3980kB
                    ->  Seq Scan on title t  (cost=0.00..73925.90 rows=68925 width=4) (actual time=85.735..950.450 rows=84076 loops=1)
                          Filter: ((kind_id = 7) AND (production_year = 2007))
                          Rows Removed by Filter: 2444236
Planning time: 1.065 ms
Execution time: 3905.181 ms
