Hash Join  (cost=69460.45..1000879.47 rows=502479 width=0) (actual time=951.532..20041.885 rows=594369 loops=1)
  Hash Cond: (ci.movie_id = t.id)
  ->  Seq Scan on cast_info ci  (cost=0.00..796071.18 rows=11232813 width=4) (actual time=0.025..14266.664 rows=12670688 loops=1)
        Filter: ((person_id < 3273068) AND (role_id = 1))
        Rows Removed by Filter: 23573656
  ->  Hash  (cost=67604.59..67604.59 rows=113109 width=4) (actual time=950.314..950.314 rows=119565 loops=1)
        Buckets: 131072  Batches: 2  Memory Usage: 3115kB
        ->  Seq Scan on title t  (cost=0.00..67604.59 rows=113109 width=4) (actual time=0.025..906.006 rows=119565 loops=1)
              Filter: (production_year = 2007)
              Rows Removed by Filter: 2408747
Planning time: 0.691 ms
Execution time: 20118.361 ms
