Hash Join  (cost=188789.27..1270869.51 rows=4699510 width=0) (actual time=3279.693..36071.775 rows=15365383 loops=1)
  Hash Cond: (ci.movie_id = t.id)
  ->  Seq Scan on cast_info ci  (cost=0.00..614943.12 rows=36225612 width=4) (actual time=0.024..10880.973 rows=36244344 loops=1)
  ->  Hash  (cost=183406.98..183406.98 rows=328023 width=8) (actual time=3278.865..3278.865 rows=430980 loops=1)
        Buckets: 131072  Batches: 8  Memory Usage: 3168kB
        ->  Hash Join  (cost=86241.46..183406.98 rows=328023 width=8) (actual time=1325.292..3166.991 rows=430980 loops=1)
              Hash Cond: (mk.movie_id = t.id)
              ->  Seq Scan on movie_keyword mk  (cost=0.00..81003.12 rows=730177 width=4) (actual time=0.032..1214.644 rows=725769 loops=1)
                    Filter: (keyword_id < 648)
                    Rows Removed by Filter: 3798161
              ->  Hash  (cost=67604.59..67604.59 rows=1135910 width=4) (actual time=1323.965..1323.965 rows=1133355 loops=1)
                    Buckets: 131072  Batches: 16  Memory Usage: 3523kB
                    ->  Seq Scan on title t  (cost=0.00..67604.59 rows=1135910 width=4) (actual time=0.026..955.992 rows=1133355 loops=1)
                          Filter: (production_year < 2002)
                          Rows Removed by Filter: 1394957
Planning time: 1.055 ms
Execution time: 37800.009 ms
