Hash Join  (cost=74050.79..968100.85 rows=2215413 width=0) (actual time=894.112..19248.512 rows=2702427 loops=1)
  Hash Cond: (ci.movie_id = t.id)
  ->  Seq Scan on cast_info ci  (cost=0.00..705507.15 rows=14257541 width=4) (actual time=0.024..11438.056 rows=14411485 loops=1)
        Filter: (person_id > 2219720)
        Rows Removed by Filter: 21832859
  ->  Hash  (cost=67604.59..67604.59 rows=392896 width=4) (actual time=893.192..893.192 rows=391666 loops=1)
        Buckets: 131072  Batches: 8  Memory Usage: 2753kB
        ->  Seq Scan on title t  (cost=0.00..67604.59 rows=392896 width=4) (actual time=0.019..781.209 rows=391666 loops=1)
              Filter: (production_year > 2010)
              Rows Removed by Filter: 2136646
Planning time: 0.668 ms
Execution time: 19532.161 ms
