Hash Join  (cost=102767.86..194140.94 rows=979455 width=0) (actual time=2570.786..4170.963 rows=835449 loops=1)
  Hash Cond: (mc.movie_id = t.id)
  ->  Seq Scan on movie_companies mc  (cost=0.00..57926.93 rows=979455 width=4) (actual time=397.441..948.879 rows=835449 loops=1)
        Filter: ((company_id > 711) AND (company_type_id = 1))
        Rows Removed by Filter: 1773680
  ->  Hash  (cost=61283.27..61283.27 rows=2528527 width=4) (actual time=2172.090..2172.090 rows=2528312 loops=1)
        Buckets: 131072  Batches: 64  Memory Usage: 2415kB
        ->  Seq Scan on title t  (cost=0.00..61283.27 rows=2528527 width=4) (actual time=0.016..792.816 rows=2528312 loops=1)
Planning time: 0.636 ms
Execution time: 4269.897 ms
