Hash Join  (cost=84697.09..221009.85 rows=1174572 width=0) (actual time=2637.612..5032.175 rows=257615 loops=1)
  Hash Cond: (mk.movie_id = t.id)
  ->  Seq Scan on movie_keyword mk  (cost=0.00..69693.30 rows=4523930 width=4) (actual time=0.021..1348.585 rows=4523930 loops=1)
  ->  Hash  (cost=73925.90..73925.90 rows=656495 width=4) (actual time=1429.051..1429.051 rows=556797 loops=1)
        Buckets: 131072  Batches: 16  Memory Usage: 2252kB
        ->  Seq Scan on title t  (cost=0.00..73925.90 rows=656495 width=4) (actual time=197.143..1245.475 rows=556797 loops=1)
              Filter: ((production_year < 2001) AND (kind_id = 7))
              Rows Removed by Filter: 1971515
Planning time: 0.962 ms
Execution time: 5061.917 ms
