Hash Join  (cost=134031.90..886728.39 rows=190732 width=0) (actual time=2045.662..16850.902 rows=1093096 loops=1)
  Hash Cond: (ci.movie_id = t.id)
  ->  Seq Scan on cast_info ci  (cost=0.00..614943.12 rows=36225612 width=4) (actual time=0.024..6603.523 rows=36244344 loops=1)
  ->  Hash  (cost=133865.49..133865.49 rows=13313 width=8) (actual time=2045.403..2045.403 rows=17102 loops=1)
        Buckets: 32768 (originally 16384)  Batches: 1 (originally 1)  Memory Usage: 925kB
        ->  Hash Join  (cost=74118.09..133865.49 rows=13313 width=8) (actual time=985.819..2038.458 rows=17102 loops=1)
              Hash Cond: (mc.movie_id = t.id)
              ->  Seq Scan on movie_companies mc  (cost=0.00..51404.11 rows=2189374 width=4) (actual time=0.023..814.976 rows=2185175 loops=1)
                    Filter: (company_id < 79776)
                    Rows Removed by Filter: 423954
              ->  Hash  (cost=73925.90..73925.90 rows=15375 width=4) (actual time=837.757..837.757 rows=8740 loops=1)
                    Buckets: 16384  Batches: 1  Memory Usage: 436kB
                    ->  Seq Scan on title t  (cost=0.00..73925.90 rows=15375 width=4) (actual time=403.348..833.822 rows=8740 loops=1)
                          Filter: ((kind_id = 1) AND (production_year = 2001))
                          Rows Removed by Filter: 2519572
Planning time: 1.096 ms
Execution time: 16989.367 ms
