Seq Scan on cast_info ci  (cost=0.00..796071.18 rows=1037494 width=0) (actual time=610.717..10092.042 rows=4085467 loops=1)
  Filter: ((person_id > 3252259) AND (role_id > 5))
  Rows Removed by Filter: 32158877
Planning time: 0.343 ms
Execution time: 10620.890 ms
