Hash Join  (cost=80069.96..431340.48 rows=40586 width=0) (actual time=4725.372..5947.379 rows=92 loops=1)
  Hash Cond: (mi.movie_id = t.id)
  ->  Seq Scan on movie_info mi  (cost=0.00..346232.03 rows=274038 width=4) (actual time=3055.887..4397.481 rows=306788 loops=1)
        Filter: (info_type_id > 105)
        Rows Removed by Filter: 14528932
  ->  Hash  (cost=73925.90..73925.90 rows=374484 width=4) (actual time=1364.179..1364.179 rows=383564 loops=1)
        Buckets: 131072  Batches: 8  Memory Usage: 2720kB
        ->  Seq Scan on title t  (cost=0.00..73925.90 rows=374484 width=4) (actual time=0.029..969.990 rows=383564 loops=1)
              Filter: ((kind_id > 2) AND (production_year > 2009))
              Rows Removed by Filter: 2144748
Planning time: 0.702 ms
Execution time: 5947.730 ms
