Seq Scan on movie_companies mc  (cost=0.00..57926.93 rows=283592 width=0) (actual time=0.029..730.191 rows=561269 loops=1)
  Filter: ((company_id > 71609) AND (company_type_id > 1))
  Rows Removed by Filter: 2047860
Planning time: 0.308 ms
Execution time: 796.371 ms
