Hash Join  (cost=422103.14..1202856.67 rows=15524 width=0) (actual time=7327.008..18878.842 rows=8850 loops=1)
  Hash Cond: (ci.movie_id = t.id)
  ->  Seq Scan on cast_info ci  (cost=0.00..705507.15 rows=20024311 width=4) (actual time=2686.089..11422.446 rows=20122661 loops=1)
        Filter: (role_id < 3)
        Rows Removed by Filter: 16121683
  ->  Hash  (cost=422078.64..422078.64 rows=1960 width=8) (actual time=4640.171..4640.171 rows=1236 loops=1)
        Buckets: 2048  Batches: 1  Memory Usage: 65kB
        ->  Hash Join  (cost=74057.18..422078.64 rows=1960 width=8) (actual time=1687.241..4639.672 rows=1236 loops=1)
              Hash Cond: (mi.movie_id = t.id)
              ->  Seq Scan on movie_info mi  (cost=0.00..346232.03 rows=471955 width=4) (actual time=624.570..3692.461 rows=543367 loops=1)
                    Filter: (info_type_id > 98)
                    Rows Removed by Filter: 14292353
              ->  Hash  (cost=73925.90..73925.90 rows=10502 width=4) (actual time=861.631..861.631 rows=6334 loops=1)
                    Buckets: 16384  Batches: 1  Memory Usage: 351kB
                    ->  Seq Scan on title t  (cost=0.00..73925.90 rows=10502 width=4) (actual time=41.815..858.919 rows=6334 loops=1)
                          Filter: ((production_year > 2011) AND (kind_id = 4))
                          Rows Removed by Filter: 2521978
Planning time: 1.173 ms
Execution time: 18881.392 ms
