Hash Join  (cost=219197.63..1152077.39 rows=4299276 width=0) (actual time=4177.878..19791.025 rows=2706316 loops=1)
  Hash Cond: (ci.movie_id = t.id)
  ->  Seq Scan on cast_info ci  (cost=0.00..796071.18 rows=6837364 width=4) (actual time=12.069..12530.651 rows=3493658 loops=1)
        Filter: ((person_id < 2931595) AND (role_id > 5))
        Rows Removed by Filter: 32750686
  ->  Hash  (cost=193112.68..193112.68 rows=1589916 width=8) (actual time=4163.843..4163.843 rows=717308 loops=1)
        Buckets: 131072  Batches: 32  Memory Usage: 1871kB
        ->  Hash Join  (cost=92883.59..193112.68 rows=1589916 width=8) (actual time=1542.556..3935.047 rows=717308 loops=1)
              Hash Cond: (mc.movie_id = t.id)
              ->  Seq Scan on movie_companies mc  (cost=0.00..44881.29 rows=2609129 width=4) (actual time=0.019..722.967 rows=2609129 loops=1)
              ->  Hash  (cost=67604.59..67604.59 rows=1540800 width=4) (actual time=1420.063..1420.063 rows=1543264 loops=1)
                    Buckets: 131072  Batches: 32  Memory Usage: 2722kB
                    ->  Seq Scan on title t  (cost=0.00..67604.59 rows=1540800 width=4) (actual time=196.939..937.246 rows=1543264 loops=1)
                          Filter: (kind_id = 7)
                          Rows Removed by Filter: 985048
Planning time: 1.072 ms
Execution time: 20102.292 ms
