Hash Join  (cost=101400.16..853968.27 rows=177898 width=0) (actual time=1751.705..19283.757 rows=715147 loops=1)
  Hash Cond: (ci.movie_id = t.id)
  ->  Seq Scan on cast_info ci  (cost=0.00..614943.12 rows=36225612 width=4) (actual time=0.023..8561.858 rows=36244344 loops=1)
  ->  Hash  (cost=101244.94..101244.94 rows=12417 width=8) (actual time=1751.521..1751.521 rows=25587 loops=1)
        Buckets: 32768 (originally 16384)  Batches: 1 (originally 1)  Memory Usage: 1256kB
        ->  Hash Join  (cost=74210.29..101244.94 rows=12417 width=8) (actual time=1164.852..1742.394 rows=25587 loops=1)
              Hash Cond: (mi_idx.movie_id = t.id)
              ->  Seq Scan on movie_info_idx mi_idx  (cost=0.00..21735.35 rows=1380035 width=4) (actual time=0.008..280.203 rows=1380035 loops=1)
              ->  Hash  (cost=73925.90..73925.90 rows=22751 width=4) (actual time=1164.614..1164.614 rows=18892 loops=1)
                    Buckets: 32768  Batches: 1  Memory Usage: 921kB
                    ->  Seq Scan on title t  (cost=0.00..73925.90 rows=22751 width=4) (actual time=0.145..1156.384 rows=18892 loops=1)
                          Filter: ((kind_id < 7) AND (production_year = 2001))
                          Rows Removed by Filter: 2509420
Planning time: 1.175 ms
Execution time: 19382.900 ms
