Hash Join  (cost=162822.53..969770.45 rows=1087678 width=0) (actual time=2483.987..20461.694 rows=6219096 loops=1)
  Hash Cond: (ci.movie_id = t.id)
  ->  Seq Scan on cast_info ci  (cost=0.00..614943.12 rows=36225612 width=4) (actual time=0.026..6668.182 rows=36244344 loops=1)
  ->  Hash  (cost=161873.55..161873.55 rows=75919 width=8) (actual time=2482.819..2482.819 rows=78010 loops=1)
        Buckets: 131072  Batches: 1  Memory Usage: 4072kB
        ->  Hash Join  (cost=74456.32..161873.55 rows=75919 width=8) (actual time=806.182..2458.845 rows=78010 loops=1)
              Hash Cond: (mk.movie_id = t.id)
              ->  Seq Scan on movie_keyword mk  (cost=0.00..69693.30 rows=4523930 width=4) (actual time=0.016..750.590 rows=4523930 loops=1)
              ->  Hash  (cost=73925.90..73925.90 rows=42433 width=4) (actual time=805.749..805.749 rows=37411 loops=1)
                    Buckets: 65536  Batches: 1  Memory Usage: 1828kB
                    ->  Seq Scan on title t  (cost=0.00..73925.90 rows=42433 width=4) (actual time=0.024..792.037 rows=37411 loops=1)
                          Filter: ((kind_id < 2) AND (production_year = 2011))
                          Rows Removed by Filter: 2490901
Planning time: 1.080 ms
Execution time: 21266.686 ms
