Seq Scan on movie_companies mc  (cost=0.00..57926.93 rows=996387 width=0) (actual time=48.395..943.237 rows=1152655 loops=1)
  Filter: ((company_id > 864) AND (company_type_id > 1))
  Rows Removed by Filter: 1456474
Planning time: 0.330 ms
Execution time: 1087.141 ms
