Hash Join  (cost=102767.86..199774.59 rows=1213526 width=0) (actual time=1728.452..3982.829 rows=1105492 loops=1)
  Hash Cond: (mc.movie_id = t.id)
  ->  Seq Scan on movie_companies mc  (cost=0.00..57926.93 rows=1213526 width=4) (actual time=46.069..1079.085 rows=1105492 loops=1)
        Filter: ((company_id < 105599) AND (company_type_id > 1))
        Rows Removed by Filter: 1503637
  ->  Hash  (cost=61283.27..61283.27 rows=2528527 width=4) (actual time=1681.018..1681.018 rows=2528312 loops=1)
        Buckets: 131072  Batches: 64  Memory Usage: 2415kB
        ->  Seq Scan on title t  (cost=0.00..61283.27 rows=2528527 width=4) (actual time=0.030..829.946 rows=2528312 loops=1)
Planning time: 0.715 ms
Execution time: 4105.865 ms
