Hash Join  (cost=146738.03..968871.01 rows=156381 width=0) (actual time=2099.881..17635.696 rows=710 loops=1)
  Hash Cond: (ci.movie_id = t.id)
  ->  Seq Scan on cast_info ci  (cost=0.00..705507.15 rows=30683204 width=4) (actual time=0.014..10549.151 rows=30781183 loops=1)
        Filter: (person_id > 527103)
        Rows Removed by Filter: 5463161
  ->  Hash  (cost=146576.95..146576.95 rows=12887 width=8) (actual time=2099.607..2099.607 rows=31 loops=1)
        Buckets: 16384  Batches: 1  Memory Usage: 130kB
        ->  Hash Join  (cost=84197.31..146576.95 rows=12887 width=8) (actual time=1279.844..2099.513 rows=31 loops=1)
              Hash Cond: (mc.movie_id = t.id)
              ->  Seq Scan on movie_companies mc  (cost=0.00..57926.93 rows=32221 width=4) (actual time=75.304..756.869 rows=6578 loops=1)
                    Filter: ((company_type_id > 1) AND (company_id = 6))
                    Rows Removed by Filter: 2602551
              ->  Hash  (cost=67604.59..67604.59 rows=1011338 width=4) (actual time=1191.456..1191.456 rows=1012920 loops=1)
                    Buckets: 131072  Batches: 16  Memory Usage: 3250kB
                    ->  Seq Scan on title t  (cost=0.00..67604.59 rows=1011338 width=4) (actual time=0.020..899.530 rows=1012920 loops=1)
                          Filter: (production_year > 2005)
                          Rows Removed by Filter: 1515392
Planning time: 1.104 ms
Execution time: 17636.476 ms
