Hash Join  (cost=163281.14..220034.42 rows=36311 width=0) (actual time=2543.618..3635.511 rows=72502 loops=1)
  Hash Cond: (mc.movie_id = t.id)
  ->  Seq Scan on movie_companies mc  (cost=0.00..51404.11 rows=1329612 width=4) (actual time=0.022..802.590 rows=1334883 loops=1)
        Filter: (company_type_id > 1)
        Rows Removed by Filter: 1274246
  ->  Hash  (cost=162417.96..162417.96 rows=69054 width=8) (actual time=2542.777..2542.777 rows=34879 loops=1)
        Buckets: 131072  Batches: 1  Memory Usage: 2387kB
        ->  Hash Join  (cost=74050.79..162417.96 rows=69054 width=8) (actual time=1073.679..2529.493 rows=34879 loops=1)
              Hash Cond: (mk.movie_id = t.id)
              ->  Seq Scan on movie_keyword mk  (cost=0.00..81003.12 rows=444403 width=4) (actual time=0.016..1185.346 rows=442628 loops=1)
                    Filter: (keyword_id > 39951)
                    Rows Removed by Filter: 4081302
              ->  Hash  (cost=67604.59..67604.59 rows=392896 width=4) (actual time=1072.721..1072.721 rows=391666 loops=1)
                    Buckets: 131072  Batches: 8  Memory Usage: 2759kB
                    ->  Seq Scan on title t  (cost=0.00..67604.59 rows=392896 width=4) (actual time=0.031..935.958 rows=391666 loops=1)
                          Filter: (production_year > 2010)
                          Rows Removed by Filter: 2136646
Planning time: 1.554 ms
Execution time: 3645.810 ms
