Seq Scan on cast_info ci  (cost=0.00..705507.15 rows=14896134 width=0) (actual time=1788.534..9311.345 rows=15059672 loops=1)
  Filter: (person_id > 2140344)
  Rows Removed by Filter: 21184672
Planning time: 0.290 ms
Execution time: 11098.733 ms
