Hash Join  (cost=171645.95..992051.85 rows=525086 width=0) (actual time=9792.869..15951.880 rows=922266 loops=1)
  Hash Cond: (ci.movie_id = t.id)
  ->  Seq Scan on cast_info ci  (cost=0.00..796071.18 rows=1307164 width=4) (actual time=6024.140..11139.646 rows=1648354 loops=1)
        Filter: ((person_id < 224440) AND (role_id < 3))
        Rows Removed by Filter: 34595990
  ->  Hash  (cost=154981.62..154981.62 rows=1015706 width=8) (actual time=3767.746..3767.746 rows=750135 loops=1)
        Buckets: 131072  Batches: 16  Memory Usage: 2867kB
        ->  Hash Join  (cost=98137.04..154981.62 rows=1015706 width=8) (actual time=1987.892..3557.181 rows=750135 loops=1)
              Hash Cond: (mi_idx.movie_id = t.id)
              ->  Seq Scan on movie_info_idx mi_idx  (cost=0.00..21735.35 rows=1380035 width=4) (actual time=0.018..431.214 rows=1380035 loops=1)
              ->  Hash  (cost=67604.59..67604.59 rows=1860996 width=4) (actual time=1986.197..1986.197 rows=1865487 loops=1)
                    Buckets: 131072  Batches: 32  Memory Usage: 3079kB
                    ->  Seq Scan on title t  (cost=0.00..67604.59 rows=1860996 width=4) (actual time=0.021..1361.658 rows=1865487 loops=1)
                          Filter: (kind_id > 1)
                          Rows Removed by Filter: 662825
Planning time: 1.140 ms
Execution time: 16054.366 ms
