Hash Join  (cost=102767.86..185902.73 rows=908108 width=0) (actual time=1653.330..3437.483 rows=905739 loops=1)
  Hash Cond: (mc.movie_id = t.id)
  ->  Seq Scan on movie_companies mc  (cost=0.00..51404.11 rows=908108 width=4) (actual time=0.013..723.898 rows=905739 loops=1)
        Filter: (company_id < 2978)
        Rows Removed by Filter: 1703390
  ->  Hash  (cost=61283.27..61283.27 rows=2528527 width=4) (actual time=1652.168..1652.168 rows=2528312 loops=1)
        Buckets: 131072  Batches: 64  Memory Usage: 2415kB
        ->  Seq Scan on title t  (cost=0.00..61283.27 rows=2528527 width=4) (actual time=0.021..818.203 rows=2528312 loops=1)
Planning time: 0.562 ms
Execution time: 3539.942 ms
