Hash Join  (cost=131112.08..218143.05 rows=37293 width=0) (actual time=2070.702..3533.321 rows=20953 loops=1)
  Hash Cond: (mk.movie_id = t.id)
  ->  Seq Scan on movie_keyword mk  (cost=0.00..69693.30 rows=4523930 width=4) (actual time=0.014..744.600 rows=4523930 loops=1)
  ->  Hash  (cost=130851.53..130851.53 rows=20844 width=8) (actual time=2060.332..2060.332 rows=6905 loops=1)
        Buckets: 32768  Batches: 1  Memory Usage: 526kB
        ->  Hash Join  (cost=74440.79..130851.53 rows=20844 width=8) (actual time=1236.435..2057.373 rows=6905 loops=1)
              Hash Cond: (mc.movie_id = t.id)
              ->  Seq Scan on movie_companies mc  (cost=0.00..51404.11 rows=1279517 width=4) (actual time=226.203..760.840 rows=1274246 loops=1)
                    Filter: (company_type_id < 2)
                    Rows Removed by Filter: 1334883
              ->  Hash  (cost=73925.90..73925.90 rows=41191 width=4) (actual time=1008.930..1008.930 rows=43851 loops=1)
                    Buckets: 65536  Batches: 1  Memory Usage: 2054kB
                    ->  Seq Scan on title t  (cost=0.00..73925.90 rows=41191 width=4) (actual time=102.796..990.624 rows=43851 loops=1)
                          Filter: ((kind_id = 7) AND (production_year = 2003))
                          Rows Removed by Filter: 2484461
Planning time: 4.429 ms
Execution time: 3536.434 ms
