Hash Join  (cost=1020728.47..1199503.73 rows=3806214 width=0) (actual time=15019.019..21475.054 rows=13126596 loops=1)
  Hash Cond: (mk.movie_id = t.id)
  ->  Seq Scan on movie_keyword mk  (cost=0.00..81003.12 rows=3477120 width=4) (actual time=0.014..1489.903 rows=3473893 loops=1)
        Filter: (keyword_id > 1045)
        Rows Removed by Filter: 1050037
  ->  Hash  (cost=975318.45..975318.45 rows=2767841 width=8) (actual time=15017.676..15017.676 rows=2744515 loops=1)
        Buckets: 131072  Batches: 64  Memory Usage: 2740kB
        ->  Hash Join  (cost=102767.86..975318.45 rows=2767841 width=8) (actual time=4022.692..14136.598 rows=2744515 loops=1)
              Hash Cond: (ci.movie_id = t.id)
              ->  Seq Scan on cast_info ci  (cost=0.00..796071.18 rows=2767841 width=4) (actual time=2129.850..9480.450 rows=2744515 loops=1)
                    Filter: ((person_id < 264628) AND (role_id < 11))
                    Rows Removed by Filter: 33499829
              ->  Hash  (cost=61283.27..61283.27 rows=2528527 width=4) (actual time=1879.985..1879.985 rows=2528312 loops=1)
                    Buckets: 131072  Batches: 64  Memory Usage: 2415kB
                    ->  Seq Scan on title t  (cost=0.00..61283.27 rows=2528527 width=4) (actual time=0.017..835.021 rows=2528312 loops=1)
Planning time: 1.168 ms
Execution time: 22942.970 ms
