Hash Join  (cost=106703.55..161540.91 rows=17183 width=0) (actual time=2073.538..3058.407 rows=39837 loops=1)
  Hash Cond: (mc.movie_id = t.id)
  ->  Seq Scan on movie_companies mc  (cost=0.00..44881.29 rows=2609129 width=4) (actual time=0.012..432.194 rows=2609129 loops=1)
  ->  Hash  (cost=106495.40..106495.40 rows=16652 width=8) (actual time=2073.281..2073.281 rows=12874 loops=1)
        Buckets: 32768  Batches: 1  Memory Usage: 759kB
        ->  Hash Join  (cost=75411.94..106495.40 rows=16652 width=8) (actual time=977.894..2067.344 rows=12874 loops=1)
              Hash Cond: (mi_idx.movie_id = t.id)
              ->  Seq Scan on movie_info_idx mi_idx  (cost=0.00..25185.44 rows=464934 width=4) (actual time=0.020..406.779 rows=460185 loops=1)
                    Filter: (info_type_id > 100)
                    Rows Removed by Filter: 919850
              ->  Hash  (cost=73925.90..73925.90 rows=90563 width=4) (actual time=977.109..977.109 rows=80990 loops=1)
                    Buckets: 131072  Batches: 2  Memory Usage: 2450kB
                    ->  Seq Scan on title t  (cost=0.00..73925.90 rows=90563 width=4) (actual time=0.019..946.749 rows=80990 loops=1)
                          Filter: ((kind_id < 7) AND (production_year > 2011))
                          Rows Removed by Filter: 2447322
Planning time: 1.098 ms
Execution time: 3064.522 ms
