Hash Join  (cost=78183.26..165100.35 rows=61320 width=0) (actual time=1179.246..2561.365 rows=105615 loops=1)
  Hash Cond: (mk.movie_id = t.id)
  ->  Seq Scan on movie_keyword mk  (cost=0.00..81003.12 rows=240469 width=4) (actual time=0.014..1125.403 rows=255663 loops=1)
        Filter: (keyword_id < 225)
        Rows Removed by Filter: 4268267
  ->  Hash  (cost=67604.59..67604.59 rows=644774 width=4) (actual time=1178.086..1178.086 rows=642973 loops=1)
        Buckets: 131072  Batches: 16  Memory Usage: 2439kB
        ->  Seq Scan on title t  (cost=0.00..67604.59 rows=644774 width=4) (actual time=0.025..950.079 rows=642973 loops=1)
              Filter: (production_year < 1988)
              Rows Removed by Filter: 1885339
Planning time: 2.759 ms
Execution time: 2574.270 ms
