Hash Join  (cost=276350.30..1657541.99 rows=29408757 width=0) (actual time=5089.169..39183.556 rows=28428323 loops=1)
  Hash Cond: (ci.movie_id = t.id)
  ->  Seq Scan on cast_info ci  (cost=0.00..614943.12 rows=36225612 width=4) (actual time=0.018..10868.979 rows=36244344 loops=1)
  ->  Hash  (cost=242672.37..242672.37 rows=2052714 width=8) (actual time=5087.607..5087.607 rows=988645 loops=1)
        Buckets: 131072  Batches: 32  Memory Usage: 2213kB
        ->  Hash Join  (cost=98137.04..242672.37 rows=2052714 width=8) (actual time=1635.205..4801.616 rows=988645 loops=1)
              Hash Cond: (mk.movie_id = t.id)
              ->  Seq Scan on movie_keyword mk  (cost=0.00..81003.12 rows=2789014 width=4) (actual time=0.025..1360.172 rows=2779167 loops=1)
                    Filter: (keyword_id < 8017)
                    Rows Removed by Filter: 1744763
              ->  Hash  (cost=67604.59..67604.59 rows=1860996 width=4) (actual time=1634.185..1634.185 rows=1865487 loops=1)
                    Buckets: 131072  Batches: 32  Memory Usage: 3085kB
                    ->  Seq Scan on title t  (cost=0.00..67604.59 rows=1860996 width=4) (actual time=0.009..1037.270 rows=1865487 loops=1)
                          Filter: (kind_id > 1)
                          Rows Removed by Filter: 662825
Planning time: 1.148 ms
Execution time: 42235.715 ms
