Hash Join  (cost=102767.86..1235053.11 rows=13561974 width=0) (actual time=2666.434..24562.492 rows=10186706 loops=1)
  Hash Cond: (ci.movie_id = t.id)
  ->  Seq Scan on cast_info ci  (cost=0.00..796071.18 rows=13561974 width=4) (actual time=1015.783..14432.122 rows=10186706 loops=1)
        Filter: ((person_id < 3051324) AND (role_id > 2))
        Rows Removed by Filter: 26057638
  ->  Hash  (cost=61283.27..61283.27 rows=2528527 width=4) (actual time=1649.645..1649.645 rows=2528312 loops=1)
        Buckets: 131072  Batches: 64  Memory Usage: 2415kB
        ->  Seq Scan on title t  (cost=0.00..61283.27 rows=2528527 width=4) (actual time=0.029..873.151 rows=2528312 loops=1)
Planning time: 0.727 ms
Execution time: 25730.434 ms
