Hash Join  (cost=365418.15..1359392.81 rows=9359175 width=0) (actual time=8721.177..23787.354 rows=13759914 loops=1)
  Hash Cond: (ci.movie_id = t.id)
  ->  Seq Scan on cast_info ci  (cost=0.00..796071.18 rows=5231055 width=4) (actual time=2.750..10267.113 rows=2204705 loops=1)
        Filter: ((person_id < 775211) AND (role_id > 1))
        Rows Removed by Filter: 34039639
  ->  Hash  (cost=291197.02..291197.02 rows=4523930 width=8) (actual time=7730.199..7730.199 rows=4523930 loops=1)
        Buckets: 131072  Batches: 64  Memory Usage: 3816kB
        ->  Hash Join  (cost=102767.86..291197.02 rows=4523930 width=8) (actual time=1768.826..6452.812 rows=4523930 loops=1)
              Hash Cond: (mk.movie_id = t.id)
              ->  Seq Scan on movie_keyword mk  (cost=0.00..69693.30 rows=4523930 width=4) (actual time=0.018..1123.537 rows=4523930 loops=1)
              ->  Hash  (cost=61283.27..61283.27 rows=2528527 width=4) (actual time=1767.958..1767.958 rows=2528312 loops=1)
                    Buckets: 131072  Batches: 64  Memory Usage: 2425kB
                    ->  Seq Scan on title t  (cost=0.00..61283.27 rows=2528527 width=4) (actual time=0.014..904.466 rows=2528312 loops=1)
Planning time: 1.092 ms
Execution time: 25416.408 ms
