Hash Join  (cost=110624.52..1157357.74 rows=1258604 width=0) (actual time=1854.061..24786.960 rows=2162966 loops=1)
  Hash Cond: (ci.movie_id = t.id)
  ->  Seq Scan on cast_info ci  (cost=0.00..614943.12 rows=36225612 width=4) (actual time=0.009..9984.886 rows=36244344 loops=1)
  ->  Hash  (cost=109182.39..109182.39 rows=87850 width=8) (actual time=1852.954..1852.954 rows=88310 loops=1)
        Buckets: 131072  Batches: 2  Memory Usage: 2750kB
        ->  Hash Join  (cost=71587.82..109182.39 rows=87850 width=8) (actual time=907.398..1823.190 rows=88310 loops=1)
              Hash Cond: (mi_idx.movie_id = t.id)
              ->  Seq Scan on movie_info_idx mi_idx  (cost=0.00..25185.44 rows=915101 width=4) (actual time=0.012..474.159 rows=919850 loops=1)
                    Filter: (info_type_id < 101)
                    Rows Removed by Filter: 460185
              ->  Hash  (cost=67604.59..67604.59 rows=242739 width=4) (actual time=906.651..906.651 rows=241400 loops=1)
                    Buckets: 131072  Batches: 4  Memory Usage: 3146kB
                    ->  Seq Scan on title t  (cost=0.00..67604.59 rows=242739 width=4) (actual time=0.021..827.272 rows=241400 loops=1)
                          Filter: (production_year < 1960)
                          Rows Removed by Filter: 2286912
Planning time: 0.994 ms
Execution time: 25029.742 ms
