Seq Scan on cast_info ci  (cost=0.00..796071.18 rows=324 width=0) (actual time=3110.902..10794.081 rows=508 loops=1)
  Filter: ((role_id > 1) AND (person_id = 3147290))
  Rows Removed by Filter: 36243836
Planning time: 0.371 ms
Execution time: 10794.292 ms
