Hash Join  (cost=223518.37..1392328.11 rows=13142254 width=0) (actual time=3766.371..30638.424 rows=9010740 loops=1)
  Hash Cond: (ci.movie_id = t.id)
  ->  Seq Scan on cast_info ci  (cost=0.00..614943.12 rows=36225612 width=4) (actual time=0.027..10773.934 rows=36244344 loops=1)
  ->  Hash  (cost=208467.85..208467.85 rows=917322 width=8) (actual time=3765.537..3765.537 rows=270570 loops=1)
        Buckets: 131072  Batches: 16  Memory Usage: 1684kB
        ->  Hash Join  (cost=93093.72..208467.85 rows=917322 width=8) (actual time=1512.032..3683.842 rows=270570 loops=1)
              Hash Cond: (mk.movie_id = t.id)
              ->  Seq Scan on movie_keyword mk  (cost=0.00..81003.12 rows=1492956 width=4) (actual time=0.033..1177.633 rows=1511834 loops=1)
                    Filter: (keyword_id > 10716)
                    Rows Removed by Filter: 3012096
              ->  Hash  (cost=67604.59..67604.59 rows=1553611 width=4) (actual time=1510.797..1510.797 rows=1555864 loops=1)
                    Buckets: 131072  Batches: 32  Memory Usage: 2740kB
                    ->  Seq Scan on title t  (cost=0.00..67604.59 rows=1553611 width=4) (actual time=0.022..995.525 rows=1555864 loops=1)
                          Filter: (kind_id > 4)
                          Rows Removed by Filter: 972448
Planning time: 1.096 ms
Execution time: 31496.290 ms
