Hash Join  (cost=153526.99..974172.93 rows=512616 width=0) (actual time=10421.364..21429.291 rows=873141 loops=1)
  Hash Cond: (ci.movie_id = t.id)
  ->  Seq Scan on cast_info ci  (cost=0.00..705507.15 rows=9468168 width=4) (actual time=7550.519..14280.977 rows=9384703 loops=1)
        Filter: (role_id > 4)
        Rows Removed by Filter: 26859641
  ->  Hash  (cost=151280.78..151280.78 rows=136897 width=8) (actual time=2869.965..2869.965 rows=198000 loops=1)
        Buckets: 131072 (originally 131072)  Batches: 4 (originally 2)  Memory Usage: 3073kB
        ->  Hash Join  (cost=80830.47..151280.78 rows=136897 width=8) (actual time=1435.839..2815.159 rows=198000 loops=1)
              Hash Cond: (mc.movie_id = t.id)
              ->  Seq Scan on movie_companies mc  (cost=0.00..57926.93 rows=822508 width=4) (actual time=0.025..1027.949 rows=515190 loops=1)
                    Filter: ((company_id < 16547) AND (company_type_id = 2))
                    Rows Removed by Filter: 2093939
              ->  Hash  (cost=73925.90..73925.90 rows=420845 width=4) (actual time=1435.125..1435.125 rows=517968 loops=1)
                    Buckets: 131072  Batches: 8  Memory Usage: 3313kB
                    ->  Seq Scan on title t  (cost=0.00..73925.90 rows=420845 width=4) (actual time=0.026..1271.856 rows=517968 loops=1)
                          Filter: ((kind_id < 7) AND (production_year < 2001))
                          Rows Removed by Filter: 2010344
Planning time: 1.162 ms
Execution time: 21526.699 ms
