Hash Join  (cost=94574.69..1162038.38 rows=10744415 width=0) (actual time=2566.011..28367.619 rows=10303931 loops=1)
  Hash Cond: (ci.movie_id = t.id)
  ->  Seq Scan on cast_info ci  (cost=0.00..705507.15 rows=21586503 width=4) (actual time=1026.386..12322.929 rows=21690417 loops=1)
        Filter: (person_id > 1434364)
        Rows Removed by Filter: 14553927
  ->  Hash  (cost=73925.90..73925.90 rows=1258543 width=4) (actual time=1538.344..1538.344 rows=1221534 loops=1)
        Buckets: 131072  Batches: 32  Memory Usage: 2363kB
        ->  Seq Scan on title t  (cost=0.00..73925.90 rows=1258543 width=4) (actual time=147.708..1147.794 rows=1221534 loops=1)
              Filter: ((production_year < 2011) AND (kind_id = 7))
              Rows Removed by Filter: 1306778
Planning time: 0.736 ms
Execution time: 29552.300 ms
