Seq Scan on movie_companies mc  (cost=0.00..51404.11 rows=104 width=0) (actual time=0.800..621.779 rows=1768 loops=1)
  Filter: (company_id = 305)
  Rows Removed by Filter: 2607361
Planning time: 0.330 ms
Execution time: 622.224 ms
