Seq Scan on movie_keyword mk  (cost=0.00..81003.12 rows=3353679 width=0) (actual time=0.019..1343.451 rows=3339880 loops=1)
  Filter: (keyword_id < 15712)
  Rows Removed by Filter: 1184050
Planning time: 0.269 ms
Execution time: 1767.590 ms
