Hash Join  (cost=82776.67..473139.92 rows=654550 width=0) (actual time=2301.032..7117.096 rows=742392 loops=1)
  Hash Cond: (mi.movie_id = t.id)
  ->  Seq Scan on movie_info mi  (cost=0.00..346232.03 rows=3068194 width=4) (actual time=1243.351..4059.373 rows=3036719 loops=1)
        Filter: (info_type_id = 16)
        Rows Removed by Filter: 11799001
  ->  Hash  (cost=73925.90..73925.90 rows=539421 width=4) (actual time=1056.457..1056.457 rows=459810 loops=1)
        Buckets: 131072  Batches: 8  Memory Usage: 3048kB
        ->  Seq Scan on title t  (cost=0.00..73925.90 rows=539421 width=4) (actual time=0.023..920.225 rows=459810 loops=1)
              Filter: ((kind_id < 7) AND (production_year > 2000))
              Rows Removed by Filter: 2068502
Planning time: 0.719 ms
Execution time: 7203.767 ms
