Hash Join  (cost=263115.61..1177694.96 rows=4584202 width=0) (actual time=7603.042..23819.796 rows=18447351 loops=1)
  Hash Cond: (ci.movie_id = t.id)
  ->  Seq Scan on cast_info ci  (cost=0.00..796071.18 rows=4442585 width=4) (actual time=2517.301..10800.997 rows=6930914 loops=1)
        Filter: ((person_id > 2971530) AND (role_id > 1))
        Rows Removed by Filter: 29313430
  ->  Hash  (cost=220309.49..220309.49 rows=2609129 width=8) (actual time=5083.767..5083.767 rows=2609129 loops=1)
        Buckets: 131072  Batches: 64  Memory Usage: 2610kB
        ->  Hash Join  (cost=102767.86..220309.49 rows=2609129 width=8) (actual time=1413.309..4444.689 rows=2609129 loops=1)
              Hash Cond: (mc.movie_id = t.id)
              ->  Seq Scan on movie_companies mc  (cost=0.00..44881.29 rows=2609129 width=4) (actual time=0.027..740.520 rows=2609129 loops=1)
              ->  Hash  (cost=61283.27..61283.27 rows=2528527 width=4) (actual time=1411.430..1411.430 rows=2528312 loops=1)
                    Buckets: 131072  Batches: 64  Memory Usage: 2415kB
                    ->  Seq Scan on title t  (cost=0.00..61283.27 rows=2528527 width=4) (actual time=0.012..708.260 rows=2528312 loops=1)
Planning time: 1.087 ms
Execution time: 25710.138 ms
