Hash Join  (cost=130674.64..629109.00 rows=1745842 width=0) (actual time=2479.140..16178.466 rows=10306260 loops=1)
  Hash Cond: (mi.movie_id = t.id)
  ->  Seq Scan on movie_info mi  (cost=0.00..309384.22 rows=14739122 width=4) (actual time=0.019..4344.606 rows=14835720 loops=1)
  ->  Hash  (cost=125760.85..125760.85 rows=299503 width=8) (actual time=2397.916..2397.916 rows=463856 loops=1)
        Buckets: 131072 (originally 131072)  Batches: 8 (originally 4)  Memory Usage: 3311kB
        ->  Hash Join  (cost=82929.34..125760.85 rows=299503 width=8) (actual time=1022.047..2244.181 rows=463856 loops=1)
              Hash Cond: (mi_idx.movie_id = t.id)
              ->  Seq Scan on movie_info_idx mi_idx  (cost=0.00..21735.35 rows=1380035 width=4) (actual time=0.021..404.763 rows=1380035 loops=1)
              ->  Hash  (cost=73925.90..73925.90 rows=548755 width=4) (actual time=1021.143..1021.143 rows=425249 loops=1)
                    Buckets: 131072  Batches: 8  Memory Usage: 2904kB
                    ->  Seq Scan on title t  (cost=0.00..73925.90 rows=548755 width=4) (actual time=313.001..915.188 rows=425249 loops=1)
                          Filter: ((production_year > 1970) AND (kind_id = 1))
                          Rows Removed by Filter: 2103063
Planning time: 1.172 ms
Execution time: 17357.350 ms
