Hash Join  (cost=83810.17..222951.74 rows=1370700 width=0) (actual time=1589.266..5646.607 rows=2984191 loops=1)
  Hash Cond: (mk.movie_id = t.id)
  ->  Seq Scan on movie_keyword mk  (cost=0.00..81003.12 rows=3508918 width=4) (actual time=0.018..1808.614 rows=3503148 loops=1)
        Filter: (keyword_id > 992)
        Rows Removed by Filter: 1020782
  ->  Hash  (cost=67604.59..67604.59 rows=987727 width=4) (actual time=1587.829..1587.829 rows=985048 loops=1)
        Buckets: 131072  Batches: 16  Memory Usage: 3197kB
        ->  Seq Scan on title t  (cost=0.00..67604.59 rows=987727 width=4) (actual time=0.025..1082.271 rows=985048 loops=1)
              Filter: (kind_id < 7)
              Rows Removed by Filter: 1543264
Planning time: 0.706 ms
Execution time: 5960.472 ms
