Hash Join  (cost=471340.13..590376.00 rows=342810 width=0) (actual time=7523.418..10762.579 rows=2533373 loops=1)
  Hash Cond: (mk.movie_id = t.id)
  ->  Seq Scan on movie_keyword mk  (cost=0.00..81003.12 rows=2891370 width=4) (actual time=0.024..1434.980 rows=2883031 loops=1)
        Filter: (keyword_id > 2488)
        Rows Removed by Filter: 1640899
  ->  Hash  (cost=466420.76..466420.76 rows=299790 width=8) (actual time=7522.559..7522.559 rows=291733 loops=1)
        Buckets: 131072  Batches: 4  Memory Usage: 3880kB
        ->  Hash Join  (cost=104131.46..466420.76 rows=299790 width=8) (actual time=2457.744..7424.028 rows=291733 loops=1)
              Hash Cond: (mi.movie_id = t.id)
              ->  Seq Scan on movie_info mi  (cost=0.00..346232.03 rows=340474 width=4) (actual time=278.036..4001.889 rows=328857 loops=1)
                    Filter: (info_type_id = 98)
                    Rows Removed by Filter: 14506863
              ->  Hash  (cost=67604.59..67604.59 rows=2226390 width=4) (actual time=2178.722..2178.722 rows=2224569 loops=1)
                    Buckets: 131072  Batches: 32  Memory Usage: 3472kB
                    ->  Seq Scan on title t  (cost=0.00..67604.59 rows=2226390 width=4) (actual time=0.030..1166.517 rows=2224569 loops=1)
                          Filter: (production_year < 2012)
                          Rows Removed by Filter: 303743
Planning time: 1.148 ms
Execution time: 11081.805 ms
