Seq Scan on cast_info ci  (cost=0.00..796071.18 rows=17603516 width=0) (actual time=8.911..10554.666 rows=19244530 loops=1)
  Filter: ((person_id < 2017994) AND (role_id < 10))
  Rows Removed by Filter: 16999814
Planning time: 0.328 ms
Execution time: 12498.925 ms
