Seq Scan on movie_companies mc  (cost=0.00..57926.93 rows=641693 width=0) (actual time=408.380..810.958 rows=408870 loops=1)
  Filter: ((company_id < 11156) AND (company_type_id > 1))
  Rows Removed by Filter: 2200259
Planning time: 0.333 ms
Execution time: 863.597 ms
