Seq Scan on cast_info ci  (cost=0.00..796071.18 rows=6251549 width=0) (actual time=4308.424..10665.719 rows=3868745 loops=1)
  Filter: ((person_id < 1375103) AND (role_id > 2))
  Rows Removed by Filter: 32375599
Planning time: 0.393 ms
Execution time: 11161.056 ms
