Nested Loop  (cost=0.43..709673.15 rows=355 width=0) (actual time=783.185..8707.794 rows=469 loops=1)
  ->  Seq Scan on cast_info ci  (cost=0.00..705507.15 rows=500 width=4) (actual time=783.116..8697.436 rows=618 loops=1)
        Filter: (person_id = 934884)
        Rows Removed by Filter: 36243726
  ->  Index Scan using title_pkey on title t  (cost=0.43..8.32 rows=1 width=4) (actual time=0.016..0.016 rows=1 loops=618)
        Index Cond: (id = ci.movie_id)
        Filter: (production_year < 2009)
        Rows Removed by Filter: 0
Planning time: 0.721 ms
Execution time: 8708.014 ms
