Hash Join  (cost=28267.95..89037.40 rows=7 width=0) (actual time=635.027..1193.979 rows=55 loops=1)
  Hash Cond: (mc.movie_id = t.id)
  ->  Seq Scan on movie_companies mc  (cost=0.00..57926.93 rows=757984 width=4) (actual time=82.170..789.096 rows=471193 loops=1)
        Filter: ((company_id < 13525) AND (company_type_id = 2))
        Rows Removed by Filter: 2137936
  ->  Hash  (cost=28267.64..28267.64 rows=25 width=8) (actual time=343.566..343.566 rows=90 loops=1)
        Buckets: 1024  Batches: 1  Memory Usage: 12kB
        ->  Nested Loop  (cost=0.43..28267.64 rows=25 width=8) (actual time=270.834..343.518 rows=90 loops=1)
              ->  Seq Scan on movie_info_idx mi_idx  (cost=0.00..25185.44 rows=368 width=4) (actual time=270.759..338.603 rows=260 loops=1)
                    Filter: (info_type_id > 101)
                    Rows Removed by Filter: 1379775
              ->  Index Scan using title_pkey on title t  (cost=0.43..8.37 rows=1 width=4) (actual time=0.018..0.018 rows=0 loops=260)
                    Index Cond: (id = mi_idx.movie_id)
                    Filter: ((kind_id < 7) AND (production_year < 1974))
                    Rows Removed by Filter: 1
Planning time: 1.306 ms
Execution time: 1194.169 ms
