Hash Join  (cost=233118.89..679244.16 rows=2403458 width=0) (actual time=5104.723..19809.598 rows=38654253 loops=1)
  Hash Cond: (mi.movie_id = t.id)
  ->  Seq Scan on movie_info mi  (cost=0.00..346232.03 rows=6231111 width=4) (actual time=1177.192..4869.542 rows=6223494 loops=1)
        Filter: (info_type_id > 8)
        Rows Removed by Filter: 8612226
  ->  Hash  (cost=217117.62..217117.62 rows=975301 width=8) (actual time=3911.967..3911.967 rows=979764 loops=1)
        Buckets: 131072  Batches: 16  Memory Usage: 3547kB
        ->  Hash Join  (cost=102767.86..217117.62 rows=975301 width=8) (actual time=1571.990..3654.364 rows=979764 loops=1)
              Hash Cond: (mk.movie_id = t.id)
              ->  Seq Scan on movie_keyword mk  (cost=0.00..81003.12 rows=975301 width=4) (actual time=0.031..1059.299 rows=979764 loops=1)
                    Filter: (keyword_id > 18993)
                    Rows Removed by Filter: 3544166
              ->  Hash  (cost=61283.27..61283.27 rows=2528527 width=4) (actual time=1569.962..1569.962 rows=2528312 loops=1)
                    Buckets: 131072  Batches: 64  Memory Usage: 2425kB
                    ->  Seq Scan on title t  (cost=0.00..61283.27 rows=2528527 width=4) (actual time=0.018..773.129 rows=2528312 loops=1)
Planning time: 1.348 ms
Execution time: 23883.615 ms
