Seq Scan on cast_info ci  (cost=0.00..705507.15 rows=34493828 width=0) (actual time=0.015..11083.184 rows=34482634 loops=1)
  Filter: (person_id < 3713001)
  Rows Removed by Filter: 1761710
Planning time: 0.324 ms
Execution time: 15255.412 ms
