Seq Scan on cast_info ci  (cost=0.00..705507.15 rows=26037036 width=0) (actual time=0.022..10925.187 rows=26027221 loops=1)
  Filter: (person_id < 2693027)
  Rows Removed by Filter: 10217123
Planning time: 1.028 ms
Execution time: 14198.796 ms
