Hash Join  (cost=71214.36..435068.78 rows=117288 width=0) (actual time=6305.497..7589.187 rows=162843 loops=1)
  Hash Cond: (mi.movie_id = t.id)
  ->  Seq Scan on movie_info mi  (cost=0.00..346232.03 rows=1348138 width=4) (actual time=5138.841..5787.408 rows=1298989 loops=1)
        Filter: (info_type_id = 4)
        Rows Removed by Filter: 13536731
  ->  Hash  (cost=67604.59..67604.59 rows=219982 width=4) (actual time=1164.820..1164.820 rows=221115 loops=1)
        Buckets: 131072  Batches: 4  Memory Usage: 2973kB
        ->  Seq Scan on title t  (cost=0.00..67604.59 rows=219982 width=4) (actual time=0.015..1089.612 rows=221115 loops=1)
              Filter: (production_year < 1958)
              Rows Removed by Filter: 2307197
Planning time: 0.706 ms
Execution time: 7608.820 ms
