Seq Scan on movie_companies mc  (cost=0.00..57926.93 rows=752403 width=0) (actual time=0.026..751.173 rows=537232 loops=1)
  Filter: ((company_id > 6635) AND (company_type_id = 1))
  Rows Removed by Filter: 2071897
Planning time: 0.419 ms
Execution time: 825.854 ms
