Nested Loop  (cost=0.43..58358.27 rows=51 width=0) (actual time=396.409..714.051 rows=28 loops=1)
  ->  Seq Scan on movie_companies mc  (cost=0.00..57926.93 rows=51 width=4) (actual time=396.307..712.899 rows=28 loops=1)
        Filter: ((company_type_id < 2) AND (company_id = 2004))
        Rows Removed by Filter: 2609101
  ->  Index Only Scan using title_pkey on title t  (cost=0.43..8.45 rows=1 width=4) (actual time=0.037..0.038 rows=1 loops=28)
        Index Cond: (id = mc.movie_id)
        Heap Fetches: 28
Planning time: 0.742 ms
Execution time: 714.136 ms
