Hash Join  (cost=128786.93..493772.09 rows=32923 width=0) (actual time=1918.269..7957.413 rows=53725 loops=1)
  Hash Cond: (mi.movie_id = t.id)
  ->  Seq Scan on movie_info mi  (cost=0.00..309384.22 rows=14739122 width=4) (actual time=0.012..2996.594 rows=14835720 loops=1)
  ->  Hash  (cost=128716.33..128716.33 rows=5648 width=8) (actual time=1915.737..1915.737 rows=6385 loops=1)
        Buckets: 8192  Batches: 1  Memory Usage: 314kB
        ->  Hash Join  (cost=73994.33..128716.33 rows=5648 width=8) (actual time=952.840..1913.142 rows=6385 loops=1)
              Hash Cond: (mc.movie_id = t.id)
              ->  Seq Scan on movie_companies mc  (cost=0.00..44881.29 rows=2609129 width=4) (actual time=0.019..480.485 rows=2609129 loops=1)
              ->  Hash  (cost=73925.90..73925.90 rows=5474 width=4) (actual time=952.506..952.506 rows=4487 loops=1)
                    Buckets: 8192  Batches: 1  Memory Usage: 222kB
                    ->  Seq Scan on title t  (cost=0.00..73925.90 rows=5474 width=4) (actual time=0.172..950.126 rows=4487 loops=1)
                          Filter: ((kind_id > 1) AND (production_year = 1954))
                          Rows Removed by Filter: 2523825
Planning time: 1.174 ms
Execution time: 7965.284 ms
