Hash Join  (cost=249475.86..1236089.40 rows=8838851 width=0) (actual time=4800.344..33361.426 rows=30821289 loops=1)
  Hash Cond: (ci.movie_id = t.id)
  ->  Seq Scan on cast_info ci  (cost=0.00..705507.15 rows=16201301 width=4) (actual time=0.013..12625.703 rows=16121683 loops=1)
        Filter: (role_id > 2)
        Rows Removed by Filter: 20122661
  ->  Hash  (cost=226843.43..226843.43 rows=1379474 width=8) (actual time=4799.047..4799.047 rows=1394857 loops=1)
        Buckets: 131072  Batches: 32  Memory Usage: 2717kB
        ->  Hash Join  (cost=102767.86..226843.43 rows=1379474 width=8) (actual time=1635.447..4386.489 rows=1394857 loops=1)
              Hash Cond: (mk.movie_id = t.id)
              ->  Seq Scan on movie_keyword mk  (cost=0.00..81003.12 rows=1379474 width=4) (actual time=0.023..1268.479 rows=1394857 loops=1)
                    Filter: (keyword_id > 12009)
                    Rows Removed by Filter: 3129073
              ->  Hash  (cost=61283.27..61283.27 rows=2528527 width=4) (actual time=1633.951..1633.951 rows=2528312 loops=1)
                    Buckets: 131072  Batches: 64  Memory Usage: 2425kB
                    ->  Seq Scan on title t  (cost=0.00..61283.27 rows=2528527 width=4) (actual time=0.026..765.081 rows=2528312 loops=1)
Planning time: 1.089 ms
Execution time: 36974.438 ms
