Hash Join  (cost=125266.22..212415.90 rows=49164 width=0) (actual time=1885.797..3601.948 rows=251103 loops=1)
  Hash Cond: (mk.movie_id = t.id)
  ->  Seq Scan on movie_keyword mk  (cost=0.00..69693.30 rows=4523930 width=4) (actual time=0.013..813.322 rows=4523930 loops=1)
  ->  Hash  (cost=124922.73..124922.73 rows=27479 width=8) (actual time=1884.772..1884.772 rows=24187 loops=1)
        Buckets: 32768  Batches: 1  Memory Usage: 1201kB
        ->  Hash Join  (cost=68257.79..124922.73 rows=27479 width=8) (actual time=833.528..1876.047 rows=24187 loops=1)
              Hash Cond: (mc.movie_id = t.id)
              ->  Seq Scan on movie_companies mc  (cost=0.00..51404.11 rows=1329612 width=4) (actual time=0.015..741.732 rows=1334883 loops=1)
                    Filter: (company_type_id > 1)
                    Rows Removed by Filter: 1274246
              ->  Hash  (cost=67604.59..67604.59 rows=52256 width=4) (actual time=833.007..833.007 rows=53013 loops=1)
                    Buckets: 65536  Batches: 1  Memory Usage: 2376kB
                    ->  Seq Scan on title t  (cost=0.00..67604.59 rows=52256 width=4) (actual time=0.024..811.414 rows=53013 loops=1)
                          Filter: (production_year = 2000)
                          Rows Removed by Filter: 2475299
Planning time: 1.161 ms
Execution time: 3634.103 ms
