Hash Join  (cost=162888.93..994315.95 rows=21757 width=0) (actual time=3007.940..15172.202 rows=68892 loops=1)
  Hash Cond: (ci.movie_id = t.id)
  ->  Seq Scan on cast_info ci  (cost=0.00..796071.18 rows=9370207 width=4) (actual time=0.015..11101.681 rows=5121446 loops=1)
        Filter: ((person_id < 2846012) AND (role_id > 3))
        Rows Removed by Filter: 31122898
  ->  Hash  (cost=162815.54..162815.54 rows=5871 width=8) (actual time=3007.828..3007.828 rows=22201 loops=1)
        Buckets: 32768 (originally 8192)  Batches: 1 (originally 1)  Memory Usage: 1124kB
        ->  Hash Join  (cost=79863.89..162815.54 rows=5871 width=8) (actual time=1838.593..2999.855 rows=22201 loops=1)
              Hash Cond: (mk.movie_id = t.id)
              ->  Seq Scan on movie_keyword mk  (cost=0.00..81003.12 rows=41017 width=4) (actual time=0.179..1056.187 rows=41840 loops=1)
                    Filter: (keyword_id = 117)
                    Rows Removed by Filter: 4482090
              ->  Hash  (cost=73925.90..73925.90 rows=361919 width=4) (actual time=1837.334..1837.334 rows=470371 loops=1)
                    Buckets: 131072  Batches: 8  Memory Usage: 3110kB
                    ->  Seq Scan on title t  (cost=0.00..73925.90 rows=361919 width=4) (actual time=0.016..1035.801 rows=470371 loops=1)
                          Filter: ((kind_id < 7) AND (production_year < 1998))
                          Rows Removed by Filter: 2057941
Planning time: 1.224 ms
Execution time: 15182.778 ms
