Hash Join  (cost=102767.86..298140.48 rows=4342492 width=0) (actual time=1557.984..6952.493 rows=4341096 loops=1)
  Hash Cond: (mk.movie_id = t.id)
  ->  Seq Scan on movie_keyword mk  (cost=0.00..81003.12 rows=4342492 width=4) (actual time=0.025..1503.699 rows=4341096 loops=1)
        Filter: (keyword_id < 71605)
        Rows Removed by Filter: 182834
  ->  Hash  (cost=61283.27..61283.27 rows=2528527 width=4) (actual time=1555.970..1555.970 rows=2528312 loops=1)
        Buckets: 131072  Batches: 64  Memory Usage: 2425kB
        ->  Seq Scan on title t  (cost=0.00..61283.27 rows=2528527 width=4) (actual time=0.018..748.328 rows=2528312 loops=1)
Planning time: 0.706 ms
Execution time: 7417.112 ms
