Hash Join  (cost=101986.71..919000.90 rows=54504 width=0) (actual time=1269.026..9636.065 rows=25893 loops=1)
  Hash Cond: (ci.movie_id = t.id)
  ->  Seq Scan on cast_info ci  (cost=0.00..796071.18 rows=5439458 width=4) (actual time=119.583..8008.668 rows=2963499 loops=1)
        Filter: ((person_id > 3001008) AND (role_id < 9))
        Rows Removed by Filter: 33280845
  ->  Hash  (cost=101670.01..101670.01 rows=25336 width=8) (actual time=1148.090..1148.090 rows=28179 loops=1)
        Buckets: 32768  Batches: 1  Memory Usage: 1357kB
        ->  Hash Join  (cost=74506.17..101670.01 rows=25336 width=8) (actual time=892.506..1143.110 rows=28179 loops=1)
              Hash Cond: (mi_idx.movie_id = t.id)
              ->  Seq Scan on movie_info_idx mi_idx  (cost=0.00..21735.35 rows=1380035 width=4) (actual time=0.024..108.077 rows=1380035 loops=1)
              ->  Hash  (cost=73925.90..73925.90 rows=46421 width=4) (actual time=892.124..892.124 rows=26700 loops=1)
                    Buckets: 65536  Batches: 1  Memory Usage: 1451kB
                    ->  Seq Scan on title t  (cost=0.00..73925.90 rows=46421 width=4) (actual time=511.062..882.165 rows=26700 loops=1)
                          Filter: ((production_year < 2000) AND (kind_id = 4))
                          Rows Removed by Filter: 2501612
Planning time: 1.353 ms
Execution time: 9639.272 ms
