Hash Join  (cost=102767.86..1127211.13 rows=12843946 width=0) (actual time=1666.912..22704.986 rows=12812778 loops=1)
  Hash Cond: (ci.movie_id = t.id)
  ->  Seq Scan on cast_info ci  (cost=0.00..705507.15 rows=12843946 width=4) (actual time=15.482..10927.375 rows=12812778 loops=1)
        Filter: (person_id < 1264071)
        Rows Removed by Filter: 23431566
  ->  Hash  (cost=61283.27..61283.27 rows=2528527 width=4) (actual time=1648.968..1648.968 rows=2528312 loops=1)
        Buckets: 131072  Batches: 64  Memory Usage: 2415kB
        ->  Seq Scan on title t  (cost=0.00..61283.27 rows=2528527 width=4) (actual time=0.030..830.801 rows=2528312 loops=1)
Planning time: 1.662 ms
Execution time: 24034.290 ms
