Hash Join  (cost=797557.90..852225.24 rows=182 width=0) (actual time=9125.384..9719.206 rows=11 loops=1)
  Hash Cond: (mc.movie_id = t.id)
  ->  Seq Scan on movie_companies mc  (cost=0.00..44881.29 rows=2609129 width=4) (actual time=0.029..449.212 rows=2609129 loops=1)
  ->  Hash  (cost=797555.70..797555.70 rows=176 width=8) (actual time=8854.235..8854.235 rows=3 loops=1)
        Buckets: 1024  Batches: 1  Memory Usage: 9kB
        ->  Nested Loop  (cost=0.43..797555.70 rows=176 width=8) (actual time=7024.479..8854.222 rows=3 loops=1)
              ->  Seq Scan on cast_info ci  (cost=0.00..796071.18 rows=176 width=4) (actual time=7024.351..8854.035 rows=3 loops=1)
                    Filter: ((person_id = 100231) AND (role_id = 1))
                    Rows Removed by Filter: 36244341
              ->  Index Only Scan using title_pkey on title t  (cost=0.43..8.42 rows=1 width=4) (actual time=0.046..0.046 rows=1 loops=3)
                    Index Cond: (id = ci.movie_id)
                    Heap Fetches: 3
Planning time: 1.843 ms
Execution time: 9719.315 ms
