Seq Scan on movie_companies mc  (cost=0.00..51404.11 rows=104 width=0) (actual time=21.028..796.392 rows=238 loops=1)
  Filter: (company_id = 1429)
  Rows Removed by Filter: 2608891
Planning time: 0.372 ms
Execution time: 796.551 ms
