Seq Scan on cast_info ci  (cost=0.00..705507.15 rows=15556240 width=0) (actual time=0.029..9872.129 rows=15674483 loops=1)
  Filter: (person_id > 2069931)
  Rows Removed by Filter: 20569861
Planning time: 0.327 ms
Execution time: 11733.460 ms
