Hash Join  (cost=102767.86..277767.23 rows=3495769 width=0) (actual time=1673.559..6164.427 rows=3490725 loops=1)
  Hash Cond: (mk.movie_id = t.id)
  ->  Seq Scan on movie_keyword mk  (cost=0.00..81003.12 rows=3495769 width=4) (actual time=0.018..1252.100 rows=3490725 loops=1)
        Filter: (keyword_id < 17222)
        Rows Removed by Filter: 1033205
  ->  Hash  (cost=61283.27..61283.27 rows=2528527 width=4) (actual time=1671.381..1671.381 rows=2528312 loops=1)
        Buckets: 131072  Batches: 64  Memory Usage: 2425kB
        ->  Seq Scan on title t  (cost=0.00..61283.27 rows=2528527 width=4) (actual time=0.020..806.504 rows=2528312 loops=1)
Planning time: 0.805 ms
Execution time: 6505.172 ms
