Hash Join  (cost=542295.45..1655124.99 rows=4556778 width=0) (actual time=10009.185..36424.948 rows=13154747 loops=1)
  Hash Cond: (ci.movie_id = t.id)
  ->  Seq Scan on cast_info ci  (cost=0.00..705507.15 rows=23499554 width=4) (actual time=0.025..13296.592 rows=23573656 loops=1)
        Filter: (role_id > 1)
        Rows Removed by Filter: 12670688
  ->  Hash  (cost=534250.65..534250.65 rows=490304 width=8) (actual time=10008.183..10008.183 rows=425018 loops=1)
        Buckets: 131072  Batches: 8  Memory Usage: 3012kB
        ->  Hash Join  (cost=69687.24..534250.65 rows=490304 width=8) (actual time=906.592..9664.432 rows=425018 loops=1)
              Hash Cond: (mi.movie_id = t.id)
              ->  Seq Scan on movie_info mi  (cost=0.00..346232.03 rows=9767026 width=4) (actual time=0.011..5158.302 rows=9911754 loops=1)
                    Filter: (info_type_id > 4)
                    Rows Removed by Filter: 4923966
              ->  Hash  (cost=67604.59..67604.59 rows=126932 width=4) (actual time=905.834..905.834 rows=122861 loops=1)
                    Buckets: 131072  Batches: 2  Memory Usage: 3197kB
                    ->  Seq Scan on title t  (cost=0.00..67604.59 rows=126932 width=4) (actual time=0.024..859.386 rows=122861 loops=1)
                          Filter: (production_year = 2008)
                          Rows Removed by Filter: 2405451
Planning time: 1.111 ms
Execution time: 37777.118 ms
