Seq Scan on movie_keyword mk  (cost=0.00..81003.12 rows=2845311 width=0) (actual time=0.024..1096.805 rows=2836951 loops=1)
  Filter: (keyword_id > 2625)
  Rows Removed by Filter: 1686979
Planning time: 0.322 ms
Execution time: 1403.009 ms
