Hash Join  (cost=114617.40..508570.64 rows=22660 width=0) (actual time=1133.623..8378.061 rows=229837 loops=1)
  Hash Cond: (mi.movie_id = t.id)
  ->  Seq Scan on movie_info mi  (cost=0.00..346232.03 rows=12665229 width=4) (actual time=0.024..5122.270 rows=12744652 loops=1)
        Filter: (info_type_id > 2)
        Rows Removed by Filter: 2091068
  ->  Hash  (cost=114560.85..114560.85 rows=4524 width=8) (actual time=1131.564..1131.564 rows=5235 loops=1)
        Buckets: 8192  Batches: 1  Memory Usage: 269kB
        ->  Nested Loop  (cost=0.43..114560.85 rows=4524 width=8) (actual time=0.650..1128.475 rows=5235 loops=1)
              ->  Seq Scan on movie_keyword mk  (cost=0.00..81003.12 rows=4524 width=4) (actual time=0.614..1036.536 rows=5235 loops=1)
                    Filter: (keyword_id = 816)
                    Rows Removed by Filter: 4518695
              ->  Index Only Scan using title_pkey on title t  (cost=0.43..7.41 rows=1 width=4) (actual time=0.016..0.017 rows=1 loops=5235)
                    Index Cond: (id = mk.movie_id)
                    Heap Fetches: 5235
Planning time: 1.151 ms
Execution time: 8410.098 ms
