Hash Join  (cost=196628.85..727748.88 rows=4809111 width=0) (actual time=3986.204..17528.771 rows=7222989 loops=1)
  Hash Cond: (mi.movie_id = t.id)
  ->  Seq Scan on movie_info mi  (cost=0.00..309384.22 rows=14739122 width=4) (actual time=0.010..4948.712 rows=14835720 loops=1)
  ->  Hash  (cost=183093.18..183093.18 rows=825013 width=8) (actual time=3984.934..3984.934 rows=567323 loops=1)
        Buckets: 131072  Batches: 16  Memory Usage: 2403kB
        ->  Hash Join  (cost=100674.35..183093.18 rows=825013 width=8) (actual time=1843.518..3812.168 rows=567323 loops=1)
              Hash Cond: (mc.movie_id = t.id)
              ->  Seq Scan on movie_companies mc  (cost=0.00..51404.11 rows=1279517 width=4) (actual time=51.183..920.423 rows=1274246 loops=1)
                    Filter: (company_type_id < 2)
                    Rows Removed by Filter: 1334883
              ->  Hash  (cost=73925.90..73925.90 rows=1630356 width=4) (actual time=1791.521..1791.521 rows=1739665 loops=1)
                    Buckets: 131072  Batches: 32  Memory Usage: 2940kB
                    ->  Seq Scan on title t  (cost=0.00..73925.90 rows=1630356 width=4) (actual time=0.026..1241.930 rows=1739665 loops=1)
                          Filter: ((kind_id > 1) AND (production_year > 1960))
                          Rows Removed by Filter: 788647
Planning time: 1.106 ms
Execution time: 18319.044 ms
