Hash Join  (cost=74050.79..603248.32 rows=2149337 width=0) (actual time=801.483..13016.535 rows=1593358 loops=1)
  Hash Cond: (mi.movie_id = t.id)
  ->  Seq Scan on movie_info mi  (cost=0.00..346232.03 rows=13832302 width=4) (actual time=0.012..5750.543 rows=13867355 loops=1)
        Filter: (info_type_id < 94)
        Rows Removed by Filter: 968365
  ->  Hash  (cost=67604.59..67604.59 rows=392896 width=4) (actual time=800.161..800.161 rows=391666 loops=1)
        Buckets: 131072  Batches: 8  Memory Usage: 2759kB
        ->  Seq Scan on title t  (cost=0.00..67604.59 rows=392896 width=4) (actual time=0.020..695.949 rows=391666 loops=1)
              Filter: (production_year > 2010)
              Rows Removed by Filter: 2136646
Planning time: 0.589 ms
Execution time: 13205.238 ms
