Hash Join  (cost=207064.04..1341752.17 rows=9820699 width=0) (actual time=4987.932..47857.240 rows=73464433 loops=1)
  Hash Cond: (ci.movie_id = t.id)
  ->  Seq Scan on cast_info ci  (cost=0.00..614943.12 rows=36225612 width=4) (actual time=0.025..10560.811 rows=36244344 loops=1)
  ->  Hash  (cost=195817.55..195817.55 rows=685479 width=8) (actual time=4986.191..4986.191 rows=1537525 loops=1)
        Buckets: 131072 (originally 131072)  Batches: 32 (originally 16)  Memory Usage: 3073kB
        ->  Hash Join  (cost=83810.17..195817.55 rows=685479 width=8) (actual time=1297.356..4491.171 rows=1537525 loops=1)
              Hash Cond: (mk.movie_id = t.id)
              ->  Seq Scan on movie_keyword mk  (cost=0.00..81003.12 rows=1754789 width=4) (actual time=0.023..1324.123 rows=1762787 loops=1)
                    Filter: (keyword_id < 2864)
                    Rows Removed by Filter: 2761143
              ->  Hash  (cost=67604.59..67604.59 rows=987727 width=4) (actual time=1296.189..1296.189 rows=985048 loops=1)
                    Buckets: 131072  Batches: 16  Memory Usage: 3197kB
                    ->  Seq Scan on title t  (cost=0.00..67604.59 rows=987727 width=4) (actual time=0.019..971.622 rows=985048 loops=1)
                          Filter: (kind_id < 7)
                          Rows Removed by Filter: 1543264
Planning time: 1.273 ms
Execution time: 54978.124 ms
