Hash Join  (cost=155672.66..906607.53 rows=14573 width=0) (actual time=1966.463..16627.287 rows=35844 loops=1)
  Hash Cond: (ci.movie_id = t.id)
  ->  Seq Scan on cast_info ci  (cost=0.00..614943.12 rows=36225612 width=4) (actual time=0.015..7033.443 rows=36244344 loops=1)
  ->  Hash  (cost=155659.95..155659.95 rows=1017 width=8) (actual time=1966.078..1966.078 rows=868 loops=1)
        Buckets: 1024  Batches: 1  Memory Usage: 42kB
        ->  Hash Join  (cost=74382.78..155659.95 rows=1017 width=8) (actual time=978.835..1965.534 rows=868 loops=1)
              Hash Cond: (mk.movie_id = t.id)
              ->  Seq Scan on movie_keyword mk  (cost=0.00..81003.12 rows=70367 width=4) (actual time=0.110..1033.366 rows=72592 loops=1)
                    Filter: (keyword_id < 66)
                    Rows Removed by Filter: 4451338
              ->  Hash  (cost=73925.90..73925.90 rows=36550 width=4) (actual time=911.613..911.613 rows=22961 loops=1)
                    Buckets: 65536  Batches: 1  Memory Usage: 1320kB
                    ->  Seq Scan on title t  (cost=0.00..73925.90 rows=36550 width=4) (actual time=0.019..902.352 rows=22961 loops=1)
                          Filter: ((production_year > 2006) AND (kind_id = 3))
                          Rows Removed by Filter: 2505351
Planning time: 1.111 ms
Execution time: 16635.652 ms
