Hash Join  (cost=73957.54..128649.19 rows=2612 width=0) (actual time=771.020..1492.011 rows=16268 loops=1)
  Hash Cond: (mc.movie_id = t.id)
  ->  Seq Scan on movie_companies mc  (cost=0.00..44881.29 rows=2609129 width=4) (actual time=0.016..321.924 rows=2609129 loops=1)
  ->  Hash  (cost=73925.90..73925.90 rows=2531 width=4) (actual time=770.892..770.892 rows=7702 loops=1)
        Buckets: 8192 (originally 4096)  Batches: 1 (originally 1)  Memory Usage: 335kB
        ->  Seq Scan on title t  (cost=0.00..73925.90 rows=2531 width=4) (actual time=0.024..768.133 rows=7702 loops=1)
              Filter: ((kind_id < 4) AND (production_year = 1991))
              Rows Removed by Filter: 2520610
Planning time: 1.541 ms
Execution time: 1494.193 ms
