Seq Scan on movie_info mi  (cost=0.00..346232.03 rows=12928982 width=75) (actual time=63.838..6527.811 rows=12970088 loops=1)
  Filter: (info_type_id < 18)
  Rows Removed by Filter: 1865632
Planning time: 4.996 ms
Execution time: 7208.680 ms
