Seq Scan on movie_companies mc  (cost=0.00..57926.93 rows=53 width=40) (actual time=159.531..675.578 rows=56 loops=1)
  Filter: ((company_id = 102010) AND (company_type_id = 2))
  Rows Removed by Filter: 2609073
Planning time: 0.773 ms
Execution time: 675.619 ms
