Hash Join  (cost=83073.14..437082.42 rows=16 width=0) (actual time=1974.397..5603.109 rows=67 loops=1)
  Hash Cond: (mi.movie_id = t.id)
  ->  Seq Scan on movie_info mi  (cost=0.00..346232.03 rows=2073893 width=4) (actual time=764.868..4312.306 rows=2091068 loops=1)
        Filter: (info_type_id < 3)
        Rows Removed by Filter: 12744652
  ->  Hash  (cost=83072.90..83072.90 rows=19 width=8) (actual time=1024.460..1024.460 rows=30 loops=1)
        Buckets: 1024  Batches: 1  Memory Usage: 10kB
        ->  Nested Loop  (cost=0.43..83072.90 rows=19 width=8) (actual time=2.726..1024.400 rows=30 loops=1)
              ->  Seq Scan on movie_keyword mk  (cost=0.00..81003.12 rows=246 width=4) (actual time=0.950..1018.959 rows=176 loops=1)
                    Filter: (keyword_id = 158)
                    Rows Removed by Filter: 4523754
              ->  Index Scan using title_pkey on title t  (cost=0.43..8.40 rows=1 width=4) (actual time=0.028..0.028 rows=0 loops=176)
                    Index Cond: (id = mk.movie_id)
                    Filter: ((production_year < 1992) AND (kind_id = 1))
                    Rows Removed by Filter: 1
Planning time: 1.190 ms
Execution time: 5603.278 ms
