Hash Join  (cost=79690.18..581346.97 rows=2047786 width=0) (actual time=1005.161..12165.317 rows=1024654 loops=1)
  Hash Cond: (mi.movie_id = t.id)
  ->  Seq Scan on movie_info mi  (cost=0.00..309384.22 rows=14739122 width=4) (actual time=0.017..4393.379 rows=14835720 loops=1)
  ->  Hash  (cost=73925.90..73925.90 rows=351302 width=4) (actual time=1004.098..1004.098 rows=233910 loops=1)
        Buckets: 131072  Batches: 8  Memory Usage: 2045kB
        ->  Seq Scan on title t  (cost=0.00..73925.90 rows=351302 width=4) (actual time=45.765..922.937 rows=233910 loops=1)
              Filter: ((production_year < 1984) AND (kind_id = 7))
              Rows Removed by Filter: 2294402
Planning time: 0.762 ms
Execution time: 12297.787 ms
