Seq Scan on movie_companies mc  (cost=0.00..57926.93 rows=760826 width=0) (actual time=114.878..872.236 rows=546585 loops=1)
  Filter: ((company_id > 6209) AND (company_type_id = 1))
  Rows Removed by Filter: 2062544
Planning time: 0.437 ms
Execution time: 942.992 ms
