Hash Join  (cost=102767.86..182225.47 rows=484226 width=0) (actual time=1705.123..4048.444 rows=693495 loops=1)
  Hash Cond: (mc.movie_id = t.id)
  ->  Seq Scan on movie_companies mc  (cost=0.00..57926.93 rows=484226 width=4) (actual time=38.206..873.152 rows=693495 loops=1)
        Filter: ((company_id < 4568) AND (company_type_id = 1))
        Rows Removed by Filter: 1915634
  ->  Hash  (cost=61283.27..61283.27 rows=2528527 width=4) (actual time=1665.549..1665.549 rows=2528312 loops=1)
        Buckets: 131072  Batches: 64  Memory Usage: 2415kB
        ->  Seq Scan on title t  (cost=0.00..61283.27 rows=2528527 width=4) (actual time=0.022..800.788 rows=2528312 loops=1)
Planning time: 0.750 ms
Execution time: 4124.604 ms
