Seq Scan on movie_companies mc  (cost=0.00..51404.11 rows=104 width=0) (actual time=20.338..639.671 rows=36 loops=1)
  Filter: (company_id = 30297)
  Rows Removed by Filter: 2609093
Planning time: 0.358 ms
Execution time: 639.764 ms
