Seq Scan on cast_info ci  (cost=0.00..796071.18 rows=15965583 width=0) (actual time=0.029..15183.737 rows=16010862 loops=1)
  Filter: ((person_id > 49292) AND (role_id > 2))
  Rows Removed by Filter: 20233482
Planning time: 0.337 ms
Execution time: 17205.897 ms
