Hash Join  (cost=82400.67..532739.88 rows=1532873 width=0) (actual time=1681.515..12345.684 rows=2323240 loops=1)
  Hash Cond: (mi.movie_id = t.id)
  ->  Seq Scan on movie_info mi  (cost=0.00..346232.03 rows=7503588 width=4) (actual time=0.007..5165.703 rows=7548855 loops=1)
        Filter: (info_type_id > 7)
        Rows Removed by Filter: 7286865
  ->  Hash  (cost=73925.90..73925.90 rows=516541 width=4) (actual time=1680.662..1680.662 rows=440918 loops=1)
        Buckets: 131072  Batches: 8  Memory Usage: 2967kB
        ->  Seq Scan on title t  (cost=0.00..73925.90 rows=516541 width=4) (actual time=0.017..926.277 rows=440918 loops=1)
              Filter: ((kind_id < 7) AND (production_year > 2001))
              Rows Removed by Filter: 2087394
Planning time: 0.761 ms
Execution time: 12634.775 ms
