Hash Join  (cost=438999.16..1418624.49 rows=242603 width=0) (actual time=7179.429..22681.695 rows=1109801 loops=1)
  Hash Cond: (ci.movie_id = t.id)
  ->  Seq Scan on cast_info ci  (cost=0.00..614943.12 rows=36225612 width=4) (actual time=0.012..6240.861 rows=36244344 loops=1)
  ->  Hash  (cost=438787.48..438787.48 rows=16934 width=8) (actual time=7177.563..7177.563 rows=36652 loops=1)
        Buckets: 65536 (originally 32768)  Batches: 1 (originally 1)  Memory Usage: 1944kB
        ->  Hash Join  (cost=73962.22..438787.48 rows=16934 width=8) (actual time=978.982..7159.754 rows=36652 loops=1)
              Hash Cond: (mi.movie_id = t.id)
              ->  Seq Scan on movie_info mi  (cost=0.00..309384.22 rows=14739122 width=4) (actual time=0.021..3197.416 rows=14835720 loops=1)
              ->  Hash  (cost=73925.90..73925.90 rows=2905 width=4) (actual time=978.725..978.725 rows=2651 loops=1)
                    Buckets: 4096  Batches: 1  Memory Usage: 126kB
                    ->  Seq Scan on title t  (cost=0.00..73925.90 rows=2905 width=4) (actual time=1.684..977.294 rows=2651 loops=1)
                          Filter: ((kind_id < 7) AND (production_year = 1949))
                          Rows Removed by Filter: 2525661
Planning time: 8.450 ms
Execution time: 22821.896 ms
