Seq Scan on title t  (cost=0.00..73925.90 rows=1963 width=0) (actual time=597.595..1066.714 rows=8125 loops=1)
  Filter: ((kind_id = 1) AND (production_year = 1914))
  Rows Removed by Filter: 2520187
Planning time: 0.358 ms
Execution time: 1068.335 ms
