Hash Join  (cost=365418.15..2165367.31 rows=55915242 width=0) (actual time=8079.596..78061.496 rows=173567217 loops=1)
  Hash Cond: (ci.movie_id = t.id)
  ->  Seq Scan on cast_info ci  (cost=0.00..705507.15 rows=31252296 width=4) (actual time=0.024..14162.067 rows=31233926 loops=1)
        Filter: (person_id < 3168621)
        Rows Removed by Filter: 5010418
  ->  Hash  (cost=291197.02..291197.02 rows=4523930 width=8) (actual time=8078.532..8078.532 rows=4523930 loops=1)
        Buckets: 131072  Batches: 64  Memory Usage: 3816kB
        ->  Hash Join  (cost=102767.86..291197.02 rows=4523930 width=8) (actual time=1628.623..6617.307 rows=4523930 loops=1)
              Hash Cond: (mk.movie_id = t.id)
              ->  Seq Scan on movie_keyword mk  (cost=0.00..69693.30 rows=4523930 width=4) (actual time=0.021..1076.939 rows=4523930 loops=1)
              ->  Hash  (cost=61283.27..61283.27 rows=2528527 width=4) (actual time=1627.945..1627.945 rows=2528312 loops=1)
                    Buckets: 131072  Batches: 64  Memory Usage: 2425kB
                    ->  Seq Scan on title t  (cost=0.00..61283.27 rows=2528527 width=4) (actual time=0.014..777.995 rows=2528312 loops=1)
Planning time: 1.129 ms
Execution time: 96192.770 ms
