Hash Join  (cost=1018504.83..4161343.84 rows=158801493 width=0) (actual time=24075.372..139529.537 rows=343486876 loops=1)
  Hash Cond: (ci.movie_id = t.id)
  ->  Seq Scan on cast_info ci  (cost=0.00..705507.15 rows=27242726 width=4) (actual time=0.014..12502.070 rows=27385370 loops=1)
        Filter: (person_id > 871625)
        Rows Removed by Filter: 8858974
  ->  Hash  (cost=776690.81..776690.81 rows=14739122 width=8) (actual time=24073.826..24073.826 rows=14835720 loops=1)
        Buckets: 131072  Batches: 256  Memory Usage: 3268kB
        ->  Hash Join  (cost=102767.86..776690.81 rows=14739122 width=8) (actual time=1623.502..19079.824 rows=14835720 loops=1)
              Hash Cond: (mi.movie_id = t.id)
              ->  Seq Scan on movie_info mi  (cost=0.00..309384.22 rows=14739122 width=4) (actual time=0.015..4557.584 rows=14835720 loops=1)
              ->  Hash  (cost=61283.27..61283.27 rows=2528527 width=4) (actual time=1621.320..1621.320 rows=2528312 loops=1)
                    Buckets: 131072  Batches: 64  Memory Usage: 2425kB
                    ->  Seq Scan on title t  (cost=0.00..61283.27 rows=2528527 width=4) (actual time=0.020..762.203 rows=2528312 loops=1)
Planning time: 1.098 ms
Execution time: 177180.478 ms
