Hash Join  (cost=162456.25..967624.50 rows=909709 width=0) (actual time=2709.808..17689.041 rows=413548 loops=1)
  Hash Cond: (ci.movie_id = t.id)
  ->  Seq Scan on cast_info ci  (cost=0.00..614943.12 rows=36225612 width=4) (actual time=0.021..6884.890 rows=36244344 loops=1)
  ->  Hash  (cost=161662.54..161662.54 rows=63497 width=8) (actual time=2706.801..2706.801 rows=12851 loops=1)
        Buckets: 65536  Batches: 1  Memory Usage: 1014kB
        ->  Hash Join  (cost=74369.53..161662.54 rows=63497 width=8) (actual time=1043.154..2702.559 rows=12851 loops=1)
              Hash Cond: (mk.movie_id = t.id)
              ->  Seq Scan on movie_keyword mk  (cost=0.00..69693.30 rows=4523930 width=4) (actual time=0.025..790.972 rows=4523930 loops=1)
              ->  Hash  (cost=73925.90..73925.90 rows=35490 width=4) (actual time=1041.220..1041.220 rows=39698 loops=1)
                    Buckets: 65536  Batches: 1  Memory Usage: 1908kB
                    ->  Seq Scan on title t  (cost=0.00..73925.90 rows=35490 width=4) (actual time=0.020..1025.072 rows=39698 loops=1)
                          Filter: ((kind_id > 6) AND (production_year = 2001))
                          Rows Removed by Filter: 2488614
Planning time: 1.181 ms
Execution time: 17745.390 ms
