Hash Join  (cost=102767.86..187806.68 rows=716178 width=0) (actual time=1627.135..3292.321 rows=449306 loops=1)
  Hash Cond: (mc.movie_id = t.id)
  ->  Seq Scan on movie_companies mc  (cost=0.00..57926.93 rows=716178 width=4) (actual time=0.025..877.585 rows=449306 loops=1)
        Filter: ((company_id < 12122) AND (company_type_id > 1))
        Rows Removed by Filter: 2159823
  ->  Hash  (cost=61283.27..61283.27 rows=2528527 width=4) (actual time=1626.076..1626.076 rows=2528312 loops=1)
        Buckets: 131072  Batches: 64  Memory Usage: 2415kB
        ->  Seq Scan on title t  (cost=0.00..61283.27 rows=2528527 width=4) (actual time=0.022..802.678 rows=2528312 loops=1)
Planning time: 0.739 ms
Execution time: 3349.220 ms
