Hash Join  (cost=156632.57..264676.85 rows=345874 width=0) (actual time=3238.476..5711.305 rows=1446841 loops=1)
  Hash Cond: (mk.movie_id = t.id)
  ->  Seq Scan on movie_keyword mk  (cost=0.00..81003.12 rows=1882512 width=4) (actual time=0.020..1260.750 rows=1889367 loops=1)
        Filter: (keyword_id > 7222)
        Rows Removed by Filter: 2634563
  ->  Hash  (cost=149010.49..149010.49 rows=464566 width=8) (actual time=3237.696..3237.696 rows=459925 loops=1)
        Buckets: 131072  Batches: 8  Memory Usage: 3284kB
        ->  Hash Join  (cost=102767.86..149010.49 rows=464566 width=8) (actual time=2063.808..3111.782 rows=459925 loops=1)
              Hash Cond: (mi_idx.movie_id = t.id)
              ->  Seq Scan on movie_info_idx mi_idx  (cost=0.00..25185.44 rows=464566 width=4) (actual time=0.010..359.963 rows=459925 loops=1)
                    Filter: (info_type_id = 101)
                    Rows Removed by Filter: 920110
              ->  Hash  (cost=61283.27..61283.27 rows=2528527 width=4) (actual time=2062.719..2062.719 rows=2528312 loops=1)
                    Buckets: 131072  Batches: 64  Memory Usage: 2415kB
                    ->  Seq Scan on title t  (cost=0.00..61283.27 rows=2528527 width=4) (actual time=0.018..750.559 rows=2528312 loops=1)
Planning time: 0.942 ms
Execution time: 5885.553 ms
