Hash Join  (cost=191926.97..680785.50 rows=848361 width=0) (actual time=3409.878..14779.235 rows=3434475 loops=1)
  Hash Cond: (mi.movie_id = t.id)
  ->  Seq Scan on movie_info mi  (cost=0.00..309384.22 rows=14739122 width=4) (actual time=0.015..4503.074 rows=14835720 loops=1)
  ->  Hash  (cost=189538.75..189538.75 rows=145538 width=8) (actual time=3407.334..3407.334 rows=307748 loops=1)
        Buckets: 131072 (originally 131072)  Batches: 4 (originally 2)  Memory Usage: 4007kB
        ->  Hash Join  (cost=69484.36..189538.75 rows=145538 width=8) (actual time=839.678..3302.044 rows=307748 loops=1)
              Hash Cond: (mk.movie_id = t.id)
              ->  Seq Scan on movie_keyword mk  (cost=0.00..81003.12 rows=3212768 width=4) (actual time=0.025..1400.073 rows=3200867 loops=1)
                    Filter: (keyword_id < 13091)
                    Rows Removed by Filter: 1323063
              ->  Hash  (cost=67604.59..67604.59 rows=114542 width=4) (actual time=838.982..838.982 rows=118234 loops=1)
                    Buckets: 131072  Batches: 2  Memory Usage: 3107kB
                    ->  Seq Scan on title t  (cost=0.00..67604.59 rows=114542 width=4) (actual time=305.109..792.193 rows=118234 loops=1)
                          Filter: (kind_id = 4)
                          Rows Removed by Filter: 2410078
Planning time: 1.312 ms
Execution time: 15171.364 ms
