Hash Join  (cost=73994.33..155281.27 rows=163 width=0) (actual time=987.559..2065.885 rows=284 loops=1)
  Hash Cond: (mk.movie_id = t.id)
  ->  Seq Scan on movie_keyword mk  (cost=0.00..81003.12 rows=75248 width=4) (actual time=0.108..1052.630 rows=72496 loops=1)
        Filter: (keyword_id = 335)
        Rows Removed by Filter: 4451434
  ->  Hash  (cost=73925.90..73925.90 rows=5474 width=4) (actual time=986.481..986.481 rows=13598 loops=1)
        Buckets: 16384 (originally 8192)  Batches: 1 (originally 1)  Memory Usage: 607kB
        ->  Seq Scan on title t  (cost=0.00..73925.90 rows=5474 width=4) (actual time=0.441..980.012 rows=13598 loops=1)
              Filter: ((kind_id > 1) AND (production_year = 1985))
              Rows Removed by Filter: 2514714
Planning time: 0.772 ms
Execution time: 2066.228 ms
