Hash Join  (cost=798791.21..1163457.27 rows=1014 width=0) (actual time=11814.351..17314.430 rows=255 loops=1)
  Hash Cond: (mi.movie_id = t.id)
  ->  Seq Scan on movie_info mi  (cost=0.00..309384.22 rows=14739122 width=4) (actual time=0.013..2985.330 rows=14835720 loops=1)
  ->  Hash  (cost=798789.03..798789.03 rows=174 width=8) (actual time=11620.793..11620.793 rows=34 loops=1)
        Buckets: 1024  Batches: 1  Memory Usage: 10kB
        ->  Nested Loop  (cost=0.43..798789.03 rows=174 width=8) (actual time=5838.442..11620.742 rows=34 loops=1)
              ->  Seq Scan on cast_info ci  (cost=0.00..796071.18 rows=324 width=4) (actual time=5838.339..11619.231 rows=66 loops=1)
                    Filter: ((role_id > 1) AND (person_id = 694144))
                    Rows Removed by Filter: 36244278
              ->  Index Scan using title_pkey on title t  (cost=0.43..8.38 rows=1 width=4) (actual time=0.021..0.021 rows=1 loops=66)
                    Index Cond: (id = ci.movie_id)
                    Filter: ((production_year < 2012) AND (kind_id = 7))
                    Rows Removed by Filter: 0
Planning time: 1.223 ms
Execution time: 17314.667 ms
