Hash Join  (cost=102767.86..1547063.92 rows=30292364 width=0) (actual time=1611.818..40214.580 rows=30401717 loops=1)
  Hash Cond: (ci.movie_id = t.id)
  ->  Seq Scan on cast_info ci  (cost=0.00..705507.15 rows=30292364 width=4) (actual time=0.017..13904.908 rows=30401717 loops=1)
        Filter: (person_id > 566194)
        Rows Removed by Filter: 5842627
  ->  Hash  (cost=61283.27..61283.27 rows=2528527 width=4) (actual time=1610.972..1610.972 rows=2528312 loops=1)
        Buckets: 131072  Batches: 64  Memory Usage: 2415kB
        ->  Seq Scan on title t  (cost=0.00..61283.27 rows=2528527 width=4) (actual time=0.014..793.008 rows=2528312 loops=1)
Planning time: 0.573 ms
Execution time: 43676.349 ms
