Seq Scan on movie_companies mc  (cost=0.00..51404.11 rows=234935 width=0) (actual time=313.698..704.102 rows=236771 loops=1)
  Filter: (company_id > 103805)
  Rows Removed by Filter: 2372358
Planning time: 0.317 ms
Execution time: 734.772 ms
