Hash Join  (cost=206007.57..731250.21 rows=2531581 width=0) (actual time=4082.823..20288.229 rows=25057284 loops=1)
  Hash Cond: (mi.movie_id = t.id)
  ->  Seq Scan on movie_info mi  (cost=0.00..309384.22 rows=14739122 width=4) (actual time=0.008..4310.563 rows=14835720 loops=1)
  ->  Hash  (cost=198881.84..198881.84 rows=434298 width=8) (actual time=4081.951..4081.951 rows=723314 loops=1)
        Buckets: 131072 (originally 131072)  Batches: 16 (originally 8)  Memory Usage: 3073kB
        ->  Hash Join  (cost=71587.82..198881.84 rows=434298 width=8) (actual time=918.893..3893.133 rows=723314 loops=1)
              Hash Cond: (mk.movie_id = t.id)
              ->  Seq Scan on movie_keyword mk  (cost=0.00..69693.30 rows=4523930 width=4) (actual time=0.013..1238.971 rows=4523930 loops=1)
              ->  Hash  (cost=67604.59..67604.59 rows=242739 width=4) (actual time=918.076..918.076 rows=241400 loops=1)
                    Buckets: 131072  Batches: 4  Memory Usage: 3153kB
                    ->  Seq Scan on title t  (cost=0.00..67604.59 rows=242739 width=4) (actual time=0.023..833.830 rows=241400 loops=1)
                          Filter: (production_year < 1960)
                          Rows Removed by Filter: 2286912
Planning time: 1.195 ms
Execution time: 22987.897 ms
