Hash Join  (cost=190662.07..1337516.42 rows=11005019 width=0) (actual time=3824.633..33550.586 rows=10999199 loops=1)
  Hash Cond: (ci.movie_id = t.id)
  ->  Seq Scan on cast_info ci  (cost=0.00..614943.12 rows=36225612 width=4) (actual time=0.026..10525.218 rows=36244344 loops=1)
  ->  Hash  (cost=178059.27..178059.27 rows=768144 width=8) (actual time=3823.516..3823.516 rows=389634 loops=1)
        Buckets: 131072  Batches: 16  Memory Usage: 1963kB
        ->  Hash Join  (cost=97892.67..178059.27 rows=768144 width=8) (actual time=1691.158..3716.979 rows=389634 loops=1)
              Hash Cond: (mc.movie_id = t.id)
              ->  Seq Scan on movie_companies mc  (cost=0.00..51404.11 rows=1329612 width=4) (actual time=0.008..866.993 rows=1334883 loops=1)
                    Filter: (company_type_id > 1)
                    Rows Removed by Filter: 1274246
              ->  Hash  (cost=73925.90..73925.90 rows=1460781 width=4) (actual time=1690.030..1690.030 rows=1478439 loops=1)
                    Buckets: 131072  Batches: 32  Memory Usage: 2651kB
                    ->  Seq Scan on title t  (cost=0.00..73925.90 rows=1460781 width=4) (actual time=35.839..1214.699 rows=1478439 loops=1)
                          Filter: ((production_year > 1915) AND (kind_id = 7))
                          Rows Removed by Filter: 1049873
Planning time: 3.387 ms
Execution time: 34784.001 ms
