Hash Join  (cost=334791.12..1379113.36 rows=15840421 width=0) (actual time=8795.730..41122.530 rows=62456697 loops=1)
  Hash Cond: (ci.movie_id = t.id)
  ->  Seq Scan on cast_info ci  (cost=0.00..705507.15 rows=10839184 width=4) (actual time=128.205..11111.494 rows=10711387 loops=1)
        Filter: (person_id < 1050958)
        Rows Removed by Filter: 25532957
  ->  Hash  (cost=274166.14..274166.14 rows=3695198 width=8) (actual time=8665.510..8665.510 rows=4200438 loops=1)
        Buckets: 131072  Batches: 64  Memory Usage: 3613kB
        ->  Hash Join  (cost=101489.21..274166.14 rows=3695198 width=8) (actual time=2527.396..7499.539 rows=4200438 loops=1)
              Hash Cond: (mk.movie_id = t.id)
              ->  Seq Scan on movie_keyword mk  (cost=0.00..69693.30 rows=4523930 width=4) (actual time=0.022..1231.589 rows=4523930 loops=1)
              ->  Hash  (cost=67604.59..67604.59 rows=2065330 width=4) (actual time=2526.711..2526.711 rows=2064552 loops=1)
                    Buckets: 131072  Batches: 32  Memory Usage: 3298kB
                    ->  Seq Scan on title t  (cost=0.00..67604.59 rows=2065330 width=4) (actual time=0.020..1114.615 rows=2064552 loops=1)
                          Filter: (production_year < 2011)
                          Rows Removed by Filter: 463760
Planning time: 1.094 ms
Execution time: 48285.128 ms
