Hash Join  (cost=128708.54..841660.48 rows=5290 width=0) (actual time=5648.233..11017.747 rows=19148 loops=1)
  Hash Cond: (ci.movie_id = t.id)
  ->  Seq Scan on cast_info ci  (cost=0.00..705507.15 rows=1971170 width=4) (actual time=4444.026..9383.395 rows=2008597 loops=1)
        Filter: (person_id > 3667254)
        Rows Removed by Filter: 34235747
  ->  Hash  (cost=128623.72..128623.72 rows=6786 width=8) (actual time=1203.870..1203.870 rows=6560 loops=1)
        Buckets: 8192  Batches: 1  Memory Usage: 321kB
        ->  Nested Loop  (cost=0.43..128623.72 rows=6786 width=8) (actual time=0.319..1200.202 rows=6560 loops=1)
              ->  Seq Scan on movie_keyword mk  (cost=0.00..81003.12 rows=6786 width=4) (actual time=0.250..1077.888 rows=6560 loops=1)
                    Filter: (keyword_id = 12015)
                    Rows Removed by Filter: 4517370
              ->  Index Only Scan using title_pkey on title t  (cost=0.43..7.01 rows=1 width=4) (actual time=0.018..0.018 rows=1 loops=6560)
                    Index Cond: (id = mk.movie_id)
                    Heap Fetches: 6560
Planning time: 1.175 ms
Execution time: 11021.542 ms
