Nested Loop  (cost=0.43..799703.28 rows=309 width=0) (actual time=5534.656..12608.403 rows=184 loops=1)
  ->  Seq Scan on cast_info ci  (cost=0.00..796071.18 rows=435 width=4) (actual time=5534.521..12596.838 rows=190 loops=1)
        Filter: ((role_id < 10) AND (person_id = 1766525))
        Rows Removed by Filter: 36244154
  ->  Index Scan using title_pkey on title t  (cost=0.43..8.34 rows=1 width=4) (actual time=0.060..0.060 rows=1 loops=190)
        Index Cond: (id = ci.movie_id)
        Filter: (production_year < 2009)
        Rows Removed by Filter: 0
Planning time: 0.570 ms
Execution time: 12608.537 ms
