Hash Join  (cost=219330.36..1199067.90 rows=3530157 width=0) (actual time=4270.406..20390.780 rows=4425066 loops=1)
  Hash Cond: (ci.movie_id = t.id)
  ->  Seq Scan on cast_info ci  (cost=0.00..796071.18 rows=11339560 width=4) (actual time=0.032..12168.044 rows=4849115 loops=1)
        Filter: ((person_id < 1715701) AND (role_id > 1))
        Rows Removed by Filter: 31395229
  ->  Hash  (cost=206415.82..206415.82 rows=787164 width=8) (actual time=4268.932..4268.932 rows=1110484 loops=1)
        Buckets: 131072  Batches: 16  Memory Usage: 3805kB
        ->  Hash Join  (cost=74823.14..206415.82 rows=787164 width=8) (actual time=1067.743..4047.681 rows=1110484 loops=1)
              Hash Cond: (mk.movie_id = t.id)
              ->  Seq Scan on movie_keyword mk  (cost=0.00..69693.30 rows=4523930 width=4) (actual time=0.030..1151.529 rows=4523930 loops=1)
              ->  Hash  (cost=67604.59..67604.59 rows=439964 width=4) (actual time=1066.700..1066.700 rows=437515 loops=1)
                    Buckets: 131072  Batches: 8  Memory Usage: 2950kB
                    ->  Seq Scan on title t  (cost=0.00..67604.59 rows=439964 width=4) (actual time=0.019..923.328 rows=437515 loops=1)
                          Filter: (production_year < 1975)
                          Rows Removed by Filter: 2090797
Planning time: 1.168 ms
Execution time: 20891.813 ms
