Seq Scan on movie_keyword mk  (cost=0.00..81003.12 rows=738504 width=0) (actual time=0.031..1189.112 rows=745659 loops=1)
  Filter: (keyword_id > 25134)
  Rows Removed by Filter: 3778271
Planning time: 0.314 ms
Execution time: 1287.366 ms
