Hash Join  (cost=74201.04..154970.08 rows=414852 width=0) (actual time=1231.229..3519.474 rows=694037 loops=1)
  Hash Cond: (mc.movie_id = t.id)
  ->  Seq Scan on movie_companies mc  (cost=0.00..44881.29 rows=2609129 width=4) (actual time=0.016..938.593 rows=2609129 loops=1)
  ->  Hash  (cost=67604.59..67604.59 rows=402036 width=4) (actual time=1230.393..1230.393 rows=395872 loops=1)
        Buckets: 131072  Batches: 8  Memory Usage: 2759kB
        ->  Seq Scan on title t  (cost=0.00..67604.59 rows=402036 width=4) (actual time=0.025..1106.328 rows=395872 loops=1)
              Filter: (production_year < 1972)
              Rows Removed by Filter: 2132440
Planning time: 0.709 ms
Execution time: 3594.818 ms
