Hash Join  (cost=68669.95..155343.59 rows=1560 width=0) (actual time=1608.959..2332.262 rows=818 loops=1)
  Hash Cond: (mk.movie_id = t.id)
  ->  Seq Scan on movie_keyword mk  (cost=0.00..69693.30 rows=4523930 width=4) (actual time=0.008..811.164 rows=4523930 loops=1)
  ->  Hash  (cost=68659.05..68659.05 rows=872 width=8) (actual time=707.919..707.919 rows=1045 loops=1)
        Buckets: 2048 (originally 1024)  Batches: 1 (originally 1)  Memory Usage: 57kB
        ->  Nested Loop  (cost=0.43..68659.05 rows=872 width=8) (actual time=200.841..707.385 rows=1045 loops=1)
              ->  Seq Scan on movie_companies mc  (cost=0.00..57926.93 rows=1322 width=4) (actual time=2.051..671.578 rows=1947 loops=1)
                    Filter: ((company_id = 181) AND (company_type_id = 1))
                    Rows Removed by Filter: 2607182
              ->  Index Scan using title_pkey on title t  (cost=0.43..8.11 rows=1 width=4) (actual time=0.018..0.018 rows=1 loops=1947)
                    Index Cond: (id = mc.movie_id)
                    Filter: (kind_id > 3)
                    Rows Removed by Filter: 0
Planning time: 1.199 ms
Execution time: 2332.491 ms
