Hash Join  (cost=78556.72..202993.16 rows=758837 width=0) (actual time=1070.388..4352.884 rows=1823270 loops=1)
  Hash Cond: (mk.movie_id = t.id)
  ->  Seq Scan on movie_keyword mk  (cost=0.00..81003.12 rows=2874384 width=4) (actual time=0.017..1442.676 rows=2865154 loops=1)
        Filter: (keyword_id > 2545)
        Rows Removed by Filter: 1658776
  ->  Hash  (cost=67604.59..67604.59 rows=667531 width=4) (actual time=1069.545..1069.545 rows=662825 loops=1)
        Buckets: 131072  Batches: 16  Memory Usage: 2486kB
        ->  Seq Scan on title t  (cost=0.00..67604.59 rows=667531 width=4) (actual time=86.706..874.058 rows=662825 loops=1)
              Filter: (kind_id < 2)
              Rows Removed by Filter: 1865487
Planning time: 0.757 ms
Execution time: 4582.687 ms
