Seq Scan on cast_info ci  (cost=0.00..796071.18 rows=324 width=0) (actual time=5104.514..12227.520 rows=103 loops=1)
  Filter: ((role_id > 1) AND (person_id = 2785556))
  Rows Removed by Filter: 36244241
Planning time: 0.345 ms
Execution time: 12227.681 ms
