Hash Join  (cost=130377.65..217059.49 rows=2381 width=0) (actual time=1574.930..3149.040 rows=22659 loops=1)
  Hash Cond: (mk.movie_id = t.id)
  ->  Seq Scan on movie_keyword mk  (cost=0.00..69693.30 rows=4523930 width=4) (actual time=0.018..752.340 rows=4523930 loops=1)
  ->  Hash  (cost=130361.01..130361.01 rows=1331 width=8) (actual time=1574.723..1574.723 rows=4388 loops=1)
        Buckets: 8192 (originally 2048)  Batches: 1 (originally 1)  Memory Usage: 236kB
        ->  Hash Join  (cost=73957.54..130361.01 rows=1331 width=8) (actual time=554.875..1572.552 rows=4388 loops=1)
              Hash Cond: (mc.movie_id = t.id)
              ->  Seq Scan on movie_companies mc  (cost=0.00..51404.11 rows=1329612 width=4) (actual time=0.020..794.344 rows=1334883 loops=1)
                    Filter: (company_type_id > 1)
                    Rows Removed by Filter: 1274246
              ->  Hash  (cost=73925.90..73925.90 rows=2531 width=4) (actual time=554.657..554.657 rows=4593 loops=1)
                    Buckets: 8192 (originally 4096)  Batches: 1 (originally 1)  Memory Usage: 226kB
                    ->  Seq Scan on title t  (cost=0.00..73925.90 rows=2531 width=4) (actual time=2.569..553.056 rows=4593 loops=1)
                          Filter: ((kind_id < 4) AND (production_year = 1963))
                          Rows Removed by Filter: 2523719
Planning time: 1.070 ms
Execution time: 3152.394 ms
