Hash Join  (cost=130552.70..259042.05 rows=532431 width=0) (actual time=3060.169..6998.686 rows=7214759 loops=1)
  Hash Cond: (mk.movie_id = t.id)
  ->  Seq Scan on movie_keyword mk  (cost=0.00..69693.30 rows=4523930 width=4) (actual time=0.008..1118.296 rows=4523930 loops=1)
  ->  Hash  (cost=125669.85..125669.85 rows=297588 width=8) (actual time=2901.884..2901.884 rows=577307 loops=1)
        Buckets: 131072 (originally 131072)  Batches: 8 (originally 4)  Memory Usage: 3870kB
        ->  Hash Join  (cost=82871.49..125669.85 rows=297588 width=8) (actual time=1612.663..2726.468 rows=577307 loops=1)
              Hash Cond: (mi_idx.movie_id = t.id)
              ->  Seq Scan on movie_info_idx mi_idx  (cost=0.00..21735.35 rows=1380035 width=4) (actual time=0.026..394.470 rows=1380035 loops=1)
              ->  Hash  (cost=73925.90..73925.90 rows=545247 width=4) (actual time=1448.615..1448.615 rows=557319 loops=1)
                    Buckets: 131072  Batches: 8  Memory Usage: 3485kB
                    ->  Seq Scan on title t  (cost=0.00..73925.90 rows=545247 width=4) (actual time=268.906..1027.698 rows=557319 loops=1)
                          Filter: ((production_year < 2011) AND (kind_id = 1))
                          Rows Removed by Filter: 1970993
Planning time: 1.168 ms
Execution time: 7610.460 ms
