Hash Join  (cost=92883.59..1334517.41 rows=17085941 width=0) (actual time=1523.697..35330.627 rows=16616764 loops=1)
  Hash Cond: (ci.movie_id = t.id)
  ->  Seq Scan on cast_info ci  (cost=0.00..705507.15 rows=28038852 width=4) (actual time=0.018..13331.690 rows=28110243 loops=1)
        Filter: (person_id < 2867564)
        Rows Removed by Filter: 8134101
  ->  Hash  (cost=67604.59..67604.59 rows=1540800 width=4) (actual time=1522.177..1522.177 rows=1543264 loops=1)
        Buckets: 131072  Batches: 32  Memory Usage: 2722kB
        ->  Seq Scan on title t  (cost=0.00..67604.59 rows=1540800 width=4) (actual time=0.015..1031.467 rows=1543264 loops=1)
              Filter: (kind_id = 7)
              Rows Removed by Filter: 985048
Planning time: 0.662 ms
Execution time: 37227.241 ms
