Hash Join  (cost=439481.23..541898.91 rows=115310 width=0) (actual time=5609.511..8137.043 rows=2997176 loops=1)
  Hash Cond: (mk.movie_id = t.id)
  ->  Seq Scan on movie_keyword mk  (cost=0.00..81003.12 rows=1693987 width=4) (actual time=0.024..1287.610 rows=1702351 loops=1)
        Filter: (keyword_id < 2658)
        Rows Removed by Filter: 2821579
  ->  Hash  (cost=436656.77..436656.77 rows=172117 width=8) (actual time=5608.809..5608.809 rows=363552 loops=1)
        Buckets: 131072 (originally 131072)  Batches: 8 (originally 4)  Memory Usage: 3073kB
        ->  Hash Join  (cost=78556.72..436656.77 rows=172117 width=8) (actual time=4176.236..5487.142 rows=363552 loops=1)
              Hash Cond: (mi.movie_id = t.id)
              ->  Seq Scan on movie_info mi  (cost=0.00..346232.03 rows=651960 width=4) (actual time=2928.646..3903.421 rows=660923 loops=1)
                    Filter: (info_type_id = 18)
                    Rows Removed by Filter: 14174797
              ->  Hash  (cost=67604.59..67604.59 rows=667531 width=4) (actual time=1121.472..1121.472 rows=662825 loops=1)
                    Buckets: 131072  Batches: 16  Memory Usage: 2485kB
                    ->  Seq Scan on title t  (cost=0.00..67604.59 rows=667531 width=4) (actual time=342.955..911.864 rows=662825 loops=1)
                          Filter: (kind_id = 1)
                          Rows Removed by Filter: 1865487
Planning time: 1.037 ms
Execution time: 8407.978 ms
