Seq Scan on movie_keyword mk  (cost=0.00..81003.12 rows=4346490 width=0) (actual time=0.027..1360.562 rows=4348997 loops=1)
  Filter: (keyword_id < 71911)
  Rows Removed by Filter: 174933
Planning time: 0.296 ms
Execution time: 1903.999 ms
