Seq Scan on movie_keyword mk  (cost=0.00..81003.12 rows=479272 width=0) (actual time=0.018..1321.857 rows=475793 loops=1)
  Filter: (keyword_id > 37538)
  Rows Removed by Filter: 4048137
Planning time: 0.333 ms
Execution time: 1382.696 ms
