Hash Join  (cost=755883.19..1120778.52 rows=23940 width=0) (actual time=9085.441..15074.880 rows=19203 loops=1)
  Hash Cond: (mi.movie_id = t.id)
  ->  Seq Scan on movie_info mi  (cost=0.00..309384.22 rows=14739122 width=4) (actual time=0.006..3073.406 rows=14835720 loops=1)
  ->  Hash  (cost=755831.85..755831.85 rows=4107 width=8) (actual time=9066.303..9066.303 rows=4207 loops=1)
        Buckets: 8192  Batches: 1  Memory Usage: 229kB
        ->  Nested Loop  (cost=0.43..755831.85 rows=4107 width=8) (actual time=244.961..9064.383 rows=4207 loops=1)
              ->  Seq Scan on cast_info ci  (cost=0.00..705507.15 rows=7245 width=4) (actual time=244.898..9026.976 rows=4834 loops=1)
                    Filter: (person_id = 298275)
                    Rows Removed by Filter: 36239510
              ->  Index Scan using title_pkey on title t  (cost=0.43..6.94 rows=1 width=4) (actual time=0.007..0.007 rows=1 loops=4834)
                    Index Cond: (id = ci.movie_id)
                    Filter: (production_year > 1999)
                    Rows Removed by Filter: 0
Planning time: 1.186 ms
Execution time: 15077.737 ms
