Nested Loop  (cost=0.43..83072.90 rows=91 width=0) (actual time=75.427..1050.276 rows=49 loops=1)
  ->  Seq Scan on movie_keyword mk  (cost=0.00..81003.12 rows=246 width=4) (actual time=14.412..1042.071 rows=303 loops=1)
        Filter: (keyword_id = 6088)
        Rows Removed by Filter: 4523627
  ->  Index Scan using title_pkey on title t  (cost=0.43..8.40 rows=1 width=4) (actual time=0.025..0.025 rows=0 loops=303)
        Index Cond: (id = mk.movie_id)
        Filter: ((kind_id > 1) AND (production_year < 2004))
        Rows Removed by Filter: 1
Planning time: 0.697 ms
Execution time: 1050.406 ms
