Hash Join  (cost=162223.50..1042623.56 rows=3673937 width=0) (actual time=3068.476..19111.052 rows=4682001 loops=1)
  Hash Cond: (ci.movie_id = t.id)
  ->  Seq Scan on cast_info ci  (cost=0.00..705507.15 rows=11679611 width=4) (actual time=0.028..10237.086 rows=11584293 loops=1)
        Filter: (person_id < 1139603)
        Rows Removed by Filter: 24660051
  ->  Hash  (cost=149174.34..149174.34 rows=795373 width=8) (actual time=3066.980..3066.980 rows=417300 loops=1)
        Buckets: 131072  Batches: 16  Memory Usage: 2039kB
        ->  Hash Join  (cost=97835.13..149174.34 rows=795373 width=8) (actual time=1674.006..2944.124 rows=417300 loops=1)
              Hash Cond: (mi_idx.movie_id = t.id)
              ->  Seq Scan on movie_info_idx mi_idx  (cost=0.00..21735.35 rows=1380035 width=4) (actual time=0.024..364.495 rows=1380035 loops=1)
              ->  Hash  (cost=73925.90..73925.90 rows=1457298 width=4) (actual time=1578.414..1578.414 rows=1438183 loops=1)
                    Buckets: 131072  Batches: 32  Memory Usage: 2604kB
                    ->  Seq Scan on title t  (cost=0.00..73925.90 rows=1457298 width=4) (actual time=0.029..1141.964 rows=1438183 loops=1)
                          Filter: ((production_year < 2013) AND (kind_id = 7))
                          Rows Removed by Filter: 1090129
Planning time: 1.121 ms
Execution time: 19591.488 ms
