Hash Join  (cost=102767.86..230810.22 rows=1544322 width=0) (actual time=1774.516..5312.287 rows=1552994 loops=1)
  Hash Cond: (mk.movie_id = t.id)
  ->  Seq Scan on movie_keyword mk  (cost=0.00..81003.12 rows=1544322 width=4) (actual time=0.018..1339.970 rows=1552994 loops=1)
        Filter: (keyword_id < 2297)
        Rows Removed by Filter: 2970936
  ->  Hash  (cost=61283.27..61283.27 rows=2528527 width=4) (actual time=1773.385..1773.385 rows=2528312 loops=1)
        Buckets: 131072  Batches: 64  Memory Usage: 2425kB
        ->  Seq Scan on title t  (cost=0.00..61283.27 rows=2528527 width=4) (actual time=0.024..916.860 rows=2528312 loops=1)
Planning time: 0.681 ms
Execution time: 5501.393 ms
