Seq Scan on cast_info ci  (cost=0.00..796071.18 rows=166015 width=0) (actual time=80.344..10625.395 rows=67077 loops=1)
  Filter: ((person_id < 1684683) AND (role_id > 10))
  Rows Removed by Filter: 36177267
Planning time: 0.340 ms
Execution time: 10634.505 ms
