Hash Join  (cost=695304.88..1998768.83 rows=30289939 width=0) (actual time=18325.330..61835.974 rows=83379142 loops=1)
  Hash Cond: (ci.movie_id = t.id)
  ->  Seq Scan on cast_info ci  (cost=0.00..705507.15 rows=15479543 width=4) (actual time=25.316..11700.729 rows=15349924 loops=1)
        Filter: (person_id < 1512823)
        Rows Removed by Filter: 20894420
  ->  Hash  (cost=614129.99..614129.99 rows=4947751 width=8) (actual time=17377.622..17377.622 rows=6525480 loops=1)
        Buckets: 131072  Batches: 128  Memory Usage: 3019kB
        ->  Hash Join  (cost=81530.55..614129.99 rows=4947751 width=8) (actual time=1267.904..15512.043 rows=6525480 loops=1)
              Hash Cond: (mi.movie_id = t.id)
              ->  Seq Scan on movie_info mi  (cost=0.00..309384.22 rows=14739122 width=4) (actual time=0.030..4722.988 rows=14835720 loops=1)
              ->  Hash  (cost=67604.59..67604.59 rows=848797 width=4) (actual time=1266.985..1266.985 rows=849141 loops=1)
                    Buckets: 131072  Batches: 16  Memory Usage: 2900kB
                    ->  Seq Scan on title t  (cost=0.00..67604.59 rows=848797 width=4) (actual time=0.022..984.905 rows=849141 loops=1)
                          Filter: (production_year < 1996)
                          Rows Removed by Filter: 1679171
Planning time: 1.119 ms
Execution time: 70541.202 ms
