Hash Join  (cost=76049.74..563906.14 rows=754447 width=0) (actual time=1110.862..10312.266 rows=154994 loops=1)
  Hash Cond: (mi.movie_id = t.id)
  ->  Seq Scan on movie_info mi  (cost=0.00..309384.22 rows=14739122 width=4) (actual time=0.011..4516.928 rows=14835720 loops=1)
  ->  Hash  (cost=73925.90..73925.90 rows=129427 width=4) (actual time=825.709..825.709 rows=27808 loops=1)
        Buckets: 131072  Batches: 2  Memory Usage: 1519kB
        ->  Seq Scan on title t  (cost=0.00..73925.90 rows=129427 width=4) (actual time=0.028..813.688 rows=27808 loops=1)
              Filter: ((production_year < 1957) AND (kind_id = 7))
              Rows Removed by Filter: 2500504
Planning time: 0.725 ms
Execution time: 10335.379 ms
