Hash Join  (cost=172417.20..992477.32 rows=325986 width=0) (actual time=11296.342..12836.069 rows=45 loops=1)
  Hash Cond: (ci.movie_id = t.id)
  ->  Seq Scan on cast_info ci  (cost=0.00..796071.18 rows=1620821 width=4) (actual time=7688.118..9517.379 rows=1456 loops=1)
        Filter: ((person_id < 773172) AND (role_id = 2))
        Rows Removed by Filter: 36242888
  ->  Hash  (cost=164073.36..164073.36 rows=508547 width=8) (actual time=3273.012..3273.012 rows=302787 loops=1)
        Buckets: 131072  Batches: 8  Memory Usage: 2499kB
        ->  Hash Join  (cost=82012.37..164073.36 rows=508547 width=8) (actual time=1339.008..3174.281 rows=302787 loops=1)
              Hash Cond: (mc.movie_id = t.id)
              ->  Seq Scan on movie_companies mc  (cost=0.00..44881.29 rows=2609129 width=4) (actual time=0.026..716.039 rows=2609129 loops=1)
              ->  Hash  (cost=73925.90..73925.90 rows=492837 width=4) (actual time=1148.463..1148.463 rows=379345 loops=1)
                    Buckets: 131072  Batches: 8  Memory Usage: 2677kB
                    ->  Seq Scan on title t  (cost=0.00..73925.90 rows=492837 width=4) (actual time=0.024..1026.095 rows=379345 loops=1)
                          Filter: ((production_year < 1995) AND (kind_id = 7))
                          Rows Removed by Filter: 2148967
Planning time: 1.201 ms
Execution time: 12836.433 ms
