Hash Join  (cost=301514.78..993188.67 rows=16402813 width=0) (actual time=6092.730..47162.904 rows=134612078 loops=1)
  Hash Cond: (mi.movie_id = t.id)
  ->  Seq Scan on movie_info mi  (cost=0.00..309384.22 rows=14739122 width=4) (actual time=0.018..4642.111 rows=14835720 loops=1)
  ->  Hash  (cost=255348.57..255348.57 rows=2813937 width=8) (actual time=6090.648..6090.648 rows=2351567 loops=1)
        Buckets: 131072  Batches: 64  Memory Usage: 2532kB
        ->  Hash Join  (cost=93408.25..255348.57 rows=2813937 width=8) (actual time=1504.986..5379.760 rows=2351567 loops=1)
              Hash Cond: (mk.movie_id = t.id)
              ->  Seq Scan on movie_keyword mk  (cost=0.00..69693.30 rows=4523930 width=4) (actual time=0.014..1064.690 rows=4523930 loops=1)
              ->  Hash  (cost=67604.59..67604.59 rows=1572773 width=4) (actual time=1504.327..1504.327 rows=1570568 loops=1)
                    Buckets: 131072  Batches: 32  Memory Usage: 2759kB
                    ->  Seq Scan on title t  (cost=0.00..67604.59 rows=1572773 width=4) (actual time=0.017..990.901 rows=1570568 loops=1)
                          Filter: (production_year > 1996)
                          Rows Removed by Filter: 957744
Planning time: 1.082 ms
Execution time: 61689.504 ms
