Seq Scan on movie_keyword mk  (cost=0.00..81003.12 rows=2760111 width=0) (actual time=0.022..1169.940 rows=2752986 loops=1)
  Filter: (keyword_id > 2872)
  Rows Removed by Filter: 1770944
Planning time: 0.208 ms
Execution time: 1480.420 ms
