Seq Scan on cast_info ci  (cost=0.00..705507.15 rows=29772776 width=0) (actual time=0.016..13257.056 rows=29698988 loops=1)
  Filter: (person_id < 3003224)
  Rows Removed by Filter: 6545356
Planning time: 0.321 ms
Execution time: 16956.997 ms
