Hash Join  (cost=159132.59..1225361.62 rows=3156487 width=0) (actual time=3269.057..34356.853 rows=18114557 loops=1)
  Hash Cond: (ci.movie_id = t.id)
  ->  Seq Scan on cast_info ci  (cost=0.00..614943.12 rows=36225612 width=4) (actual time=0.017..10569.310 rows=36244344 loops=1)
  ->  Hash  (cost=155517.58..155517.58 rows=220321 width=8) (actual time=3267.844..3267.844 rows=716275 loops=1)
        Buckets: 131072 (originally 131072)  Batches: 16 (originally 4)  Memory Usage: 3073kB
        ->  Hash Join  (cost=77429.84..155517.58 rows=220321 width=8) (actual time=1066.271..3074.609 rows=716275 loops=1)
              Hash Cond: (mc.movie_id = t.id)
              ->  Seq Scan on movie_companies mc  (cost=0.00..44881.29 rows=2609129 width=4) (actual time=0.021..691.177 rows=2609129 loops=1)
              ->  Hash  (cost=73925.90..73925.90 rows=213515 width=4) (actual time=1065.458..1065.458 rows=341626 loops=1)
                    Buckets: 131072  Batches: 4  Memory Usage: 4031kB
                    ->  Seq Scan on title t  (cost=0.00..73925.90 rows=213515 width=4) (actual time=499.170..957.014 rows=341626 loops=1)
                          Filter: ((production_year < 1995) AND (kind_id = 1))
                          Rows Removed by Filter: 2186686
Planning time: 1.128 ms
Execution time: 36310.570 ms
