Hash Join  (cost=365418.15..1396311.97 rows=15979148 width=0) (actual time=8373.975..36599.639 rows=58238395 loops=1)
  Hash Cond: (ci.movie_id = t.id)
  ->  Seq Scan on cast_info ci  (cost=0.00..705507.15 rows=8931108 width=4) (actual time=0.032..9692.067 rows=8947286 loops=1)
        Filter: (person_id > 2800795)
        Rows Removed by Filter: 27297058
  ->  Hash  (cost=291197.02..291197.02 rows=4523930 width=8) (actual time=8373.170..8373.170 rows=4523930 loops=1)
        Buckets: 131072  Batches: 64  Memory Usage: 3816kB
        ->  Hash Join  (cost=102767.86..291197.02 rows=4523930 width=8) (actual time=1740.215..7186.754 rows=4523930 loops=1)
              Hash Cond: (mk.movie_id = t.id)
              ->  Seq Scan on movie_keyword mk  (cost=0.00..69693.30 rows=4523930 width=4) (actual time=0.024..1229.012 rows=4523930 loops=1)
              ->  Hash  (cost=61283.27..61283.27 rows=2528527 width=4) (actual time=1739.334..1739.334 rows=2528312 loops=1)
                    Buckets: 131072  Batches: 64  Memory Usage: 2425kB
                    ->  Seq Scan on title t  (cost=0.00..61283.27 rows=2528527 width=4) (actual time=0.013..909.413 rows=2528312 loops=1)
Planning time: 1.116 ms
Execution time: 42595.283 ms
