Seq Scan on cast_info ci  (cost=0.00..796071.18 rows=16782623 width=0) (actual time=2331.065..13817.130 rows=20122661 loops=1)
  Filter: ((person_id < 3054871) AND (role_id < 3))
  Rows Removed by Filter: 16121683
Planning time: 0.336 ms
Execution time: 16109.667 ms
