Hash Join  (cost=1009043.44..3295474.18 rows=100693755 width=0) (actual time=21954.226..98142.889 rows=202020876 loops=1)
  Hash Cond: (ci.movie_id = t.id)
  ->  Seq Scan on cast_info ci  (cost=0.00..705507.15 rows=18728252 width=4) (actual time=0.015..11579.876 rows=18625180 loops=1)
        Filter: (person_id < 1854294)
        Rows Removed by Filter: 17619164
  ->  Hash  (cost=786003.42..786003.42 rows=13594802 width=8) (actual time=21950.397..21950.397 rows=13635350 loops=1)
        Buckets: 131072  Batches: 256  Memory Usage: 3080kB
        ->  Hash Join  (cost=102767.86..786003.42 rows=13594802 width=8) (actual time=1627.380..18052.272 rows=13635350 loops=1)
              Hash Cond: (mi.movie_id = t.id)
              ->  Seq Scan on movie_info mi  (cost=0.00..346232.03 rows=13594802 width=4) (actual time=0.019..5451.907 rows=13635350 loops=1)
                    Filter: (info_type_id < 40)
                    Rows Removed by Filter: 1200370
              ->  Hash  (cost=61283.27..61283.27 rows=2528527 width=4) (actual time=1626.261..1626.261 rows=2528312 loops=1)
                    Buckets: 131072  Batches: 64  Memory Usage: 2425kB
                    ->  Seq Scan on title t  (cost=0.00..61283.27 rows=2528527 width=4) (actual time=0.015..817.741 rows=2528312 loops=1)
Planning time: 1.240 ms
Execution time: 120370.329 ms
