Seq Scan on movie_keyword mk  (cost=0.00..81003.12 rows=2939627 width=0) (actual time=0.024..1324.092 rows=2928605 loops=1)
  Filter: (keyword_id > 2443)
  Rows Removed by Filter: 1595325
Planning time: 0.333 ms
Execution time: 1694.136 ms
