Hash Join  (cost=78665.12..110888.12 rows=53106 width=0) (actual time=1131.707..1915.071 rows=132802 loops=1)
  Hash Cond: (mi_idx.movie_id = t.id)
  ->  Seq Scan on movie_info_idx mi_idx  (cost=0.00..25185.44 rows=464934 width=4) (actual time=0.018..416.076 rows=460185 loops=1)
        Filter: (info_type_id > 100)
        Rows Removed by Filter: 919850
  ->  Hash  (cost=73925.90..73925.90 rows=288817 width=4) (actual time=1130.817..1130.817 rows=423547 loops=1)
        Buckets: 131072 (originally 131072)  Batches: 8 (originally 4)  Memory Usage: 3073kB
        ->  Seq Scan on title t  (cost=0.00..73925.90 rows=288817 width=4) (actual time=0.030..981.823 rows=423547 loops=1)
              Filter: ((kind_id < 4) AND (production_year < 1996))
              Rows Removed by Filter: 2104765
Planning time: 0.766 ms
Execution time: 1933.280 ms
