Hash Join  (cost=796274.46..1160931.79 rows=140 width=0) (actual time=9928.128..14623.786 rows=22 loops=1)
  Hash Cond: (mi.movie_id = t.id)
  ->  Seq Scan on movie_info mi  (cost=0.00..309384.22 rows=14739122 width=4) (actual time=0.012..2979.479 rows=14835720 loops=1)
  ->  Hash  (cost=796274.16..796274.16 rows=24 width=8) (actual time=9017.900..9017.900 rows=1 loops=1)
        Buckets: 1024  Batches: 1  Memory Usage: 9kB
        ->  Nested Loop  (cost=0.43..796274.16 rows=24 width=8) (actual time=1974.867..9017.885 rows=1 loops=1)
              ->  Seq Scan on cast_info ci  (cost=0.00..796071.18 rows=24 width=4) (actual time=1974.755..9017.769 rows=1 loops=1)
                    Filter: ((person_id = 1208004) AND (role_id = 8))
                    Rows Removed by Filter: 36244343
              ->  Index Only Scan using title_pkey on title t  (cost=0.43..8.45 rows=1 width=4) (actual time=0.075..0.076 rows=1 loops=1)
                    Index Cond: (id = ci.movie_id)
                    Heap Fetches: 1
Planning time: 1.225 ms
Execution time: 14623.909 ms
