Hash Join  (cost=82412.27..115941.13 rows=95030 width=0) (actual time=1321.483..1810.579 rows=49774 loops=1)
  Hash Cond: (mi_idx.movie_id = t.id)
  ->  Seq Scan on movie_info_idx mi_idx  (cost=0.00..25185.44 rows=464566 width=4) (actual time=0.019..398.736 rows=459925 loops=1)
        Filter: (info_type_id = 101)
        Rows Removed by Filter: 920110
  ->  Hash  (cost=73925.90..73925.90 rows=517229 width=4) (actual time=1102.023..1102.023 rows=403947 loops=1)
        Buckets: 131072  Batches: 8  Memory Usage: 2784kB
        ->  Seq Scan on title t  (cost=0.00..73925.90 rows=517229 width=4) (actual time=170.588..973.243 rows=403947 loops=1)
              Filter: ((production_year < 1996) AND (kind_id = 7))
              Rows Removed by Filter: 2124365
Planning time: 0.814 ms
Execution time: 1817.242 ms
