Hash Join  (cost=84417.00..156032.84 rows=251385 width=0) (actual time=1150.765..2925.915 rows=455275 loops=1)
  Hash Cond: (mc.movie_id = t.id)
  ->  Seq Scan on movie_companies mc  (cost=0.00..57926.93 rows=620281 width=4) (actual time=0.021..730.937 rows=848415 loops=1)
        Filter: ((company_id < 11165) AND (company_type_id = 1))
        Rows Removed by Filter: 1760714
  ->  Hash  (cost=67604.59..67604.59 rows=1024753 width=4) (actual time=1149.611..1149.611 rows=1021752 loops=1)
        Buckets: 131072  Batches: 16  Memory Usage: 3274kB
        ->  Seq Scan on title t  (cost=0.00..67604.59 rows=1024753 width=4) (actual time=0.019..863.247 rows=1021752 loops=1)
              Filter: (production_year < 2000)
              Rows Removed by Filter: 1506560
Planning time: 0.751 ms
Execution time: 2982.010 ms
