Seq Scan on movie_keyword mk  (cost=0.00..81003.12 rows=246 width=0) (actual time=2.864..1075.812 rows=363 loops=1)
  Filter: (keyword_id = 2524)
  Rows Removed by Filter: 4523567
Planning time: 0.342 ms
Execution time: 1076.025 ms
