Hash Join  (cost=510048.15..1469836.71 rows=2217419 width=0) (actual time=9762.302..30818.647 rows=13864736 loops=1)
  Hash Cond: (ci.movie_id = t.id)
  ->  Seq Scan on cast_info ci  (cost=0.00..796071.18 rows=10890236 width=4) (actual time=1486.932..13366.353 rows=12840137 loops=1)
        Filter: ((person_id > 1158656) AND (role_id > 2))
        Rows Removed by Filter: 23404207
  ->  Hash  (cost=501600.57..501600.57 rows=514847 width=8) (actual time=8274.266..8274.266 rows=573609 loops=1)
        Buckets: 131072  Batches: 8  Memory Usage: 3776kB
        ->  Hash Join  (cost=77354.40..501600.57 rows=514847 width=8) (actual time=929.997..8104.909 rows=573609 loops=1)
              Hash Cond: (mi.movie_id = t.id)
              ->  Seq Scan on movie_info mi  (cost=0.00..346232.03 rows=6231111 width=4) (actual time=0.054..4597.427 rows=6223494 loops=1)
                    Filter: (info_type_id > 8)
                    Rows Removed by Filter: 8612226
              ->  Hash  (cost=73925.90..73925.90 rows=208920 width=4) (actual time=929.012..929.012 rows=183835 loops=1)
                    Buckets: 131072  Batches: 4  Memory Usage: 2655kB
                    ->  Seq Scan on title t  (cost=0.00..73925.90 rows=208920 width=4) (actual time=0.027..866.680 rows=183835 loops=1)
                          Filter: ((kind_id < 7) AND (production_year > 2009))
                          Rows Removed by Filter: 2344477
Planning time: 1.205 ms
Execution time: 32389.650 ms
