Hash Join  (cost=709678.15..764348.83 rows=516 width=0) (actual time=9076.175..9967.876 rows=13 loops=1)
  Hash Cond: (mc.movie_id = t.id)
  ->  Seq Scan on movie_companies mc  (cost=0.00..44881.29 rows=2609129 width=4) (actual time=0.025..476.915 rows=2609129 loops=1)
  ->  Hash  (cost=709671.90..709671.90 rows=500 width=8) (actual time=8987.504..8987.504 rows=235 loops=1)
        Buckets: 1024  Batches: 1  Memory Usage: 18kB
        ->  Nested Loop  (cost=0.43..709671.90 rows=500 width=8) (actual time=8086.494..8987.410 rows=235 loops=1)
              ->  Seq Scan on cast_info ci  (cost=0.00..705507.15 rows=500 width=4) (actual time=8086.286..8984.094 rows=235 loops=1)
                    Filter: (person_id = 2578726)
                    Rows Removed by Filter: 36244109
              ->  Index Only Scan using title_pkey on title t  (cost=0.43..8.32 rows=1 width=4) (actual time=0.013..0.013 rows=1 loops=235)
                    Index Cond: (id = ci.movie_id)
                    Heap Fetches: 235
Planning time: 1.119 ms
Execution time: 9967.974 ms
