Nested Loop  (cost=0.43..58375.18 rows=53 width=0) (actual time=140.505..693.345 rows=147 loops=1)
  ->  Seq Scan on movie_companies mc  (cost=0.00..57926.93 rows=53 width=4) (actual time=140.415..690.401 rows=147 loops=1)
        Filter: ((company_id = 18868) AND (company_type_id = 2))
        Rows Removed by Filter: 2608982
  ->  Index Only Scan using title_pkey on title t  (cost=0.43..8.45 rows=1 width=4) (actual time=0.018..0.019 rows=1 loops=147)
        Index Cond: (id = mc.movie_id)
        Heap Fetches: 147
Planning time: 0.725 ms
Execution time: 693.471 ms
