Hash Join  (cost=28267.83..392924.62 rows=87 width=0) (actual time=456.514..7415.308 rows=21647 loops=1)
  Hash Cond: (mi.movie_id = t.id)
  ->  Seq Scan on movie_info mi  (cost=0.00..309384.22 rows=14739122 width=4) (actual time=0.008..4348.835 rows=14835720 loops=1)
  ->  Hash  (cost=28267.64..28267.64 rows=15 width=8) (actual time=455.600..455.600 rows=84 loops=1)
        Buckets: 1024  Batches: 1  Memory Usage: 12kB
        ->  Nested Loop  (cost=0.43..28267.64 rows=15 width=8) (actual time=163.746..455.546 rows=84 loops=1)
              ->  Seq Scan on movie_info_idx mi_idx  (cost=0.00..25185.44 rows=368 width=4) (actual time=163.533..451.012 rows=260 loops=1)
                    Filter: (info_type_id > 101)
                    Rows Removed by Filter: 1379775
              ->  Index Scan using title_pkey on title t  (cost=0.43..8.37 rows=1 width=4) (actual time=0.017..0.017 rows=0 loops=260)
                    Index Cond: (id = mi_idx.movie_id)
                    Filter: ((production_year < 1971) AND (kind_id = 1))
                    Rows Removed by Filter: 1
Planning time: 1.019 ms
Execution time: 7418.597 ms
