Hash Join  (cost=102767.86..165933.81 rows=78267 width=0) (actual time=1591.312..2723.208 rows=80595 loops=1)
  Hash Cond: (mc.movie_id = t.id)
  ->  Seq Scan on movie_companies mc  (cost=0.00..51404.11 rows=78267 width=4) (actual time=0.042..648.957 rows=80595 loops=1)
        Filter: (company_id < 12)
        Rows Removed by Filter: 2528534
  ->  Hash  (cost=61283.27..61283.27 rows=2528527 width=4) (actual time=1589.192..1589.192 rows=2528312 loops=1)
        Buckets: 131072  Batches: 64  Memory Usage: 2415kB
        ->  Seq Scan on title t  (cost=0.00..61283.27 rows=2528527 width=4) (actual time=0.028..787.015 rows=2528312 loops=1)
Planning time: 0.683 ms
Execution time: 2733.784 ms
