Hash Join  (cost=104445.35..148254.33 rows=403292 width=0) (actual time=1803.903..2976.698 rows=419961 loops=1)
  Hash Cond: (mi_idx.movie_id = t.id)
  ->  Seq Scan on movie_info_idx mi_idx  (cost=0.00..25185.44 rows=454124 width=4) (actual time=0.016..393.134 rows=459925 loops=1)
        Filter: (info_type_id = 100)
        Rows Removed by Filter: 920110
  ->  Hash  (cost=67604.59..67604.59 rows=2245501 width=4) (actual time=1802.432..1802.432 rows=2235103 loops=1)
        Buckets: 131072  Batches: 32  Memory Usage: 3482kB
        ->  Seq Scan on title t  (cost=0.00..67604.59 rows=2245501 width=4) (actual time=0.010..1083.023 rows=2235103 loops=1)
              Filter: (production_year > 1957)
              Rows Removed by Filter: 293209
Planning time: 0.715 ms
Execution time: 3029.645 ms
