Seq Scan on movie_keyword mk  (cost=0.00..81003.12 rows=1762244 width=0) (actual time=0.009..1177.551 rows=1769171 loops=1)
  Filter: (keyword_id < 2868)
  Rows Removed by Filter: 2754759
Planning time: 0.291 ms
Execution time: 1391.279 ms
