Seq Scan on movie_keyword mk  (cost=0.00..81003.12 rows=698727 width=0) (actual time=0.022..1178.200 rows=695709 loops=1)
  Filter: (keyword_id < 579)
  Rows Removed by Filter: 3828221
Planning time: 0.271 ms
Execution time: 1269.231 ms
