Hash Join  (cost=83074.74..109986.57 rows=134 width=0) (actual time=1060.658..1505.243 rows=569 loops=1)
  Hash Cond: (mi_idx.movie_id = t.id)
  ->  Seq Scan on movie_info_idx mi_idx  (cost=0.00..21735.35 rows=1380035 width=4) (actual time=0.019..212.943 rows=1380035 loops=1)
  ->  Hash  (cost=83071.67..83071.67 rows=246 width=8) (actual time=1059.655..1059.655 rows=211 loops=1)
        Buckets: 1024  Batches: 1  Memory Usage: 17kB
        ->  Nested Loop  (cost=0.43..83071.67 rows=246 width=8) (actual time=2.070..1059.439 rows=211 loops=1)
              ->  Seq Scan on movie_keyword mk  (cost=0.00..81003.12 rows=246 width=4) (actual time=2.001..1052.858 rows=211 loops=1)
                    Filter: (keyword_id = 1488)
                    Rows Removed by Filter: 4523719
              ->  Index Only Scan using title_pkey on title t  (cost=0.43..8.40 rows=1 width=4) (actual time=0.028..0.028 rows=1 loops=211)
                    Index Cond: (id = mk.movie_id)
                    Heap Fetches: 211
Planning time: 1.125 ms
Execution time: 1505.452 ms
