Seq Scan on movie_keyword mk  (cost=0.00..81003.12 rows=203826 width=0) (actual time=0.021..1055.971 rows=204797 loops=1)
  Filter: (keyword_id > 67503)
  Rows Removed by Filter: 4319133
Planning time: 0.300 ms
Execution time: 1083.563 ms
