Hash Join  (cost=574383.90..1936281.19 rows=9898499 width=0) (actual time=14369.008..55483.816 rows=46352282 loops=1)
  Hash Cond: (ci.movie_id = t.id)
  ->  Seq Scan on cast_info ci  (cost=0.00..614943.12 rows=36225612 width=4) (actual time=0.015..10611.982 rows=36244344 loops=1)
  ->  Hash  (cost=563048.52..563048.52 rows=690910 width=8) (actual time=14366.821..14366.821 rows=2551065 loops=1)
        Buckets: 131072 (originally 131072)  Batches: 64 (originally 16)  Memory Usage: 3073kB
        ->  Hash Join  (cost=75870.49..563048.52 rows=690910 width=8) (actual time=1044.883..13564.977 rows=2551065 loops=1)
              Hash Cond: (mi.movie_id = t.id)
              ->  Seq Scan on movie_info mi  (cost=0.00..309384.22 rows=14739122 width=4) (actual time=0.019..4291.970 rows=14835720 loops=1)
              ->  Hash  (cost=73925.90..73925.90 rows=118527 width=4) (actual time=1044.047..1044.047 rows=217379 loops=1)
                    Buckets: 131072 (originally 131072)  Batches: 4 (originally 2)  Memory Usage: 3073kB
                    ->  Seq Scan on title t  (cost=0.00..73925.90 rows=118527 width=4) (actual time=0.023..962.316 rows=217379 loops=1)
                          Filter: ((kind_id < 7) AND (production_year < 1965))
                          Rows Removed by Filter: 2310933
Planning time: 1.279 ms
Execution time: 61008.303 ms
