Seq Scan on movie_companies mc  (cost=0.00..57926.93 rows=97812 width=0) (actual time=344.627..731.542 rows=157656 loops=1)
  Filter: ((company_id < 55) AND (company_type_id = 1))
  Rows Removed by Filter: 2451473
Planning time: 0.363 ms
Execution time: 752.250 ms
