Seq Scan on cast_info ci  (cost=0.00..705507.15 rows=500 width=0) (actual time=758.666..8651.238 rows=216 loops=1)
  Filter: (person_id = 3615841)
  Rows Removed by Filter: 36244128
Planning time: 0.382 ms
Execution time: 8651.345 ms
