Hash Join  (cost=52284.99..138944.89 rows=186 width=0) (actual time=787.644..2298.952 rows=130 loops=1)
  Hash Cond: (mk.movie_id = t.id)
  ->  Seq Scan on movie_keyword mk  (cost=0.00..69693.30 rows=4523930 width=4) (actual time=0.020..823.302 rows=4523930 loops=1)
  ->  Hash  (cost=52283.69..52283.69 rows=104 width=8) (actual time=681.059..681.059 rows=28 loops=1)
        Buckets: 1024  Batches: 1  Memory Usage: 10kB
        ->  Nested Loop  (cost=0.43..52283.69 rows=104 width=8) (actual time=96.206..681.007 rows=28 loops=1)
              ->  Seq Scan on movie_companies mc  (cost=0.00..51404.11 rows=104 width=4) (actual time=96.095..679.640 rows=28 loops=1)
                    Filter: (company_id = 1994)
                    Rows Removed by Filter: 2609101
              ->  Index Only Scan using title_pkey on title t  (cost=0.43..8.45 rows=1 width=4) (actual time=0.042..0.043 rows=1 loops=28)
                    Index Cond: (id = mc.movie_id)
                    Heap Fetches: 28
Planning time: 1.156 ms
Execution time: 2299.093 ms
