Hash Join  (cost=156632.57..979978.35 rows=349078 width=0) (actual time=3927.669..14456.144 rows=814591 loops=1)
  Hash Cond: (ci.movie_id = t.id)
  ->  Seq Scan on cast_info ci  (cost=0.00..796071.18 rows=1899954 width=4) (actual time=245.938..8684.323 rows=2103972 loops=1)
        Filter: ((person_id < 227883) AND (role_id < 8))
        Rows Removed by Filter: 34140372
  ->  Hash  (cost=149010.49..149010.49 rows=464566 width=8) (actual time=3680.916..3680.916 rows=459925 loops=1)
        Buckets: 131072  Batches: 8  Memory Usage: 3275kB
        ->  Hash Join  (cost=102767.86..149010.49 rows=464566 width=8) (actual time=2297.572..3526.447 rows=459925 loops=1)
              Hash Cond: (mi_idx.movie_id = t.id)
              ->  Seq Scan on movie_info_idx mi_idx  (cost=0.00..25185.44 rows=464566 width=4) (actual time=0.034..408.948 rows=459925 loops=1)
                    Filter: (info_type_id = 101)
                    Rows Removed by Filter: 920110
              ->  Hash  (cost=61283.27..61283.27 rows=2528527 width=4) (actual time=2295.645..2295.645 rows=2528312 loops=1)
                    Buckets: 131072  Batches: 64  Memory Usage: 2415kB
                    ->  Seq Scan on title t  (cost=0.00..61283.27 rows=2528527 width=4) (actual time=0.042..821.894 rows=2528312 loops=1)
Planning time: 1.133 ms
Execution time: 14561.563 ms
