Hash Join  (cost=180910.05..667009.14 rows=589719 width=0) (actual time=3226.221..13991.005 rows=5592083 loops=1)
  Hash Cond: (mi.movie_id = t.id)
  ->  Seq Scan on movie_info mi  (cost=0.00..309384.22 rows=14739122 width=4) (actual time=0.014..4448.858 rows=14835720 loops=1)
  ->  Hash  (cost=179249.47..179249.47 rows=101167 width=8) (actual time=3225.346..3225.346 rows=93226 loops=1)
        Buckets: 131072  Batches: 2  Memory Usage: 2863kB
        ->  Hash Join  (cost=69374.09..179249.47 rows=101167 width=8) (actual time=991.534..3192.908 rows=93226 loops=1)
              Hash Cond: (mk.movie_id = t.id)
              ->  Seq Scan on movie_keyword mk  (cost=0.00..81003.12 rows=2372956 width=4) (actual time=0.030..1414.542 rows=2366546 loops=1)
                    Filter: (keyword_id > 4096)
                    Rows Removed by Filter: 2157384
              ->  Hash  (cost=67604.59..67604.59 rows=107800 width=4) (actual time=990.746..990.746 rows=108429 loops=1)
                    Buckets: 131072  Batches: 2  Memory Usage: 2938kB
                    ->  Seq Scan on title t  (cost=0.00..67604.59 rows=107800 width=4) (actual time=0.024..845.598 rows=108429 loops=1)
                          Filter: (production_year = 2006)
                          Rows Removed by Filter: 2419883
Planning time: 1.144 ms
Execution time: 14633.263 ms
