Seq Scan on movie_keyword mk  (cost=0.00..81003.12 rows=246 width=0) (actual time=0.049..1302.644 rows=2411 loops=1)
  Filter: (keyword_id = 2549)
  Rows Removed by Filter: 4521519
Planning time: 5.449 ms
Execution time: 1303.465 ms
