Hash Join  (cost=78670.55..197299.11 rows=328474 width=0) (actual time=1002.585..3569.156 rows=79130 loops=1)
  Hash Cond: (mk.movie_id = t.id)
  ->  Seq Scan on movie_keyword mk  (cost=0.00..81003.12 rows=2872183 width=4) (actual time=0.016..1428.128 rows=2864315 loops=1)
        Filter: (keyword_id < 8807)
        Rows Removed by Filter: 1659615
  ->  Hash  (cost=73925.90..73925.90 rows=289172 width=4) (actual time=1000.100..1000.100 rows=292674 loops=1)
        Buckets: 131072  Batches: 4  Memory Usage: 3623kB
        ->  Seq Scan on title t  (cost=0.00..73925.90 rows=289172 width=4) (actual time=0.014..906.837 rows=292674 loops=1)
              Filter: ((kind_id > 1) AND (production_year > 2010))
              Rows Removed by Filter: 2235638
Planning time: 0.495 ms
Execution time: 3579.916 ms
