Seq Scan on movie_companies mc  (cost=0.00..57926.93 rows=384851 width=0) (actual time=0.028..743.297 rows=68623 loops=1)
  Filter: ((company_id > 31407) AND (company_type_id < 2))
  Rows Removed by Filter: 2540506
Planning time: 0.326 ms
Execution time: 752.995 ms
