Hash Join  (cost=108074.61..459571.46 rows=24616 width=0) (actual time=3415.233..6207.063 rows=38869 loops=1)
  Hash Cond: (mi.movie_id = t.id)
  ->  Seq Scan on movie_info mi  (cost=0.00..346232.03 rows=1338312 width=4) (actual time=1766.424..4298.149 rows=1401902 loops=1)
        Filter: (info_type_id = 7)
        Rows Removed by Filter: 13433818
  ->  Hash  (cost=107493.28..107493.28 rows=46507 width=8) (actual time=1648.037..1648.037 rows=51108 loops=1)
        Buckets: 65536  Batches: 1  Memory Usage: 2509kB
        ->  Hash Join  (cost=69002.72..107493.28 rows=46507 width=8) (actual time=871.699..1633.252 rows=51108 loops=1)
              Hash Cond: (mi_idx.movie_id = t.id)
              ->  Seq Scan on movie_info_idx mi_idx  (cost=0.00..21735.35 rows=1380035 width=4) (actual time=0.023..337.491 rows=1380035 loops=1)
              ->  Hash  (cost=67604.59..67604.59 rows=85211 width=4) (actual time=870.815..870.815 rows=84593 loops=1)
                    Buckets: 131072  Batches: 2  Memory Usage: 2518kB
                    ->  Seq Scan on title t  (cost=0.00..67604.59 rows=85211 width=4) (actual time=0.045..839.666 rows=84593 loops=1)
                          Filter: (production_year = 2004)
                          Rows Removed by Filter: 2443719
Planning time: 1.045 ms
Execution time: 6212.943 ms
