Seq Scan on cast_info ci  (cost=0.00..705507.15 rows=500 width=0) (actual time=182.290..8934.397 rows=53 loops=1)
  Filter: (person_id = 3186014)
  Rows Removed by Filter: 36244291
Planning time: 0.363 ms
Execution time: 8934.470 ms
