Hash Join  (cost=162054.68..526722.27 rows=1164 width=0) (actual time=2191.637..7370.704 rows=41738 loops=1)
  Hash Cond: (mi.movie_id = t.id)
  ->  Seq Scan on movie_info mi  (cost=0.00..309384.22 rows=14739122 width=4) (actual time=0.012..2752.245 rows=14835720 loops=1)
  ->  Hash  (cost=162052.18..162052.18 rows=200 width=8) (actual time=2191.539..2191.539 rows=1655 loops=1)
        Buckets: 2048 (originally 1024)  Batches: 1 (originally 1)  Memory Usage: 81kB
        ->  Hash Join  (cost=73929.23..162052.18 rows=200 width=8) (actual time=1908.749..2190.962 rows=1655 loops=1)
              Hash Cond: (mk.movie_id = t.id)
              ->  Seq Scan on movie_keyword mk  (cost=0.00..81003.12 rows=1898088 width=4) (actual time=0.014..1062.551 rows=1907856 loops=1)
                    Filter: (keyword_id < 3278)
                    Rows Removed by Filter: 2616074
              ->  Hash  (cost=73925.90..73925.90 rows=266 width=4) (actual time=871.792..871.792 rows=1272 loops=1)
                    Buckets: 2048 (originally 1024)  Batches: 1 (originally 1)  Memory Usage: 61kB
                    ->  Seq Scan on title t  (cost=0.00..73925.90 rows=266 width=4) (actual time=0.090..871.021 rows=1272 loops=1)
                          Filter: ((kind_id = 2) AND (production_year = 1992))
                          Rows Removed by Filter: 2527040
Planning time: 3.586 ms
Execution time: 7375.594 ms
