Seq Scan on movie_keyword mk  (cost=0.00..81003.12 rows=1740025 width=0) (actual time=0.013..1173.826 rows=1750303 loops=1)
  Filter: (keyword_id > 7962)
  Rows Removed by Filter: 2773627
Planning time: 0.294 ms
Execution time: 1407.405 ms
