Hash Join  (cost=439368.21..1421138.98 rows=457150 width=0) (actual time=6936.080..23701.680 rows=838075 loops=1)
  Hash Cond: (ci.movie_id = t.id)
  ->  Seq Scan on cast_info ci  (cost=0.00..614943.12 rows=36225612 width=4) (actual time=0.016..6827.342 rows=36244344 loops=1)
  ->  Hash  (cost=438969.35..438969.35 rows=31909 width=8) (actual time=6935.740..6935.740 rows=43514 loops=1)
        Buckets: 65536 (originally 32768)  Batches: 1 (originally 1)  Memory Usage: 2212kB
        ->  Hash Join  (cost=73994.33..438969.35 rows=31909 width=8) (actual time=797.872..6915.005 rows=43514 loops=1)
              Hash Cond: (mi.movie_id = t.id)
              ->  Seq Scan on movie_info mi  (cost=0.00..309384.22 rows=14739122 width=4) (actual time=0.016..2957.397 rows=14835720 loops=1)
              ->  Hash  (cost=73925.90..73925.90 rows=5474 width=4) (actual time=797.801..797.801 rows=9913 loops=1)
                    Buckets: 16384 (originally 8192)  Batches: 1 (originally 1)  Memory Usage: 477kB
                    ->  Seq Scan on title t  (cost=0.00..73925.90 rows=5474 width=4) (actual time=0.415..793.876 rows=9913 loops=1)
                          Filter: ((kind_id > 1) AND (production_year = 1977))
                          Rows Removed by Filter: 2518399
Planning time: 1.167 ms
Execution time: 23826.289 ms
