Seq Scan on movie_companies mc  (cost=0.00..57926.93 rows=808484 width=0) (actual time=0.170..865.466 rows=596145 loops=1)
  Filter: ((company_id > 3929) AND (company_type_id = 1))
  Rows Removed by Filter: 2012984
Planning time: 0.348 ms
Execution time: 931.871 ms
