Seq Scan on cast_info ci  (cost=0.00..796071.18 rows=12491473 width=0) (actual time=0.018..14687.191 rows=12670688 loops=1)
  Filter: ((person_id < 3928562) AND (role_id = 1))
  Rows Removed by Filter: 23573656
Planning time: 0.333 ms
Execution time: 16235.747 ms
