Hash Join  (cost=439016.09..1239864.75 rows=65986 width=0) (actual time=9449.161..18436.119 rows=28224 loops=1)
  Hash Cond: (ci.movie_id = t.id)
  ->  Seq Scan on cast_info ci  (cost=0.00..705507.15 rows=9468168 width=4) (actual time=3182.027..10686.935 rows=9384703 loops=1)
        Filter: (role_id > 4)
        Rows Removed by Filter: 26859641
  ->  Hash  (cost=438795.83..438795.83 rows=17621 width=8) (actual time=6266.477..6266.477 rows=8080 loops=1)
        Buckets: 32768  Batches: 1  Memory Usage: 572kB
        ->  Hash Join  (cost=73963.69..438795.83 rows=17621 width=8) (actual time=822.853..6261.756 rows=8080 loops=1)
              Hash Cond: (mi.movie_id = t.id)
              ->  Seq Scan on movie_info mi  (cost=0.00..309384.22 rows=14739122 width=4) (actual time=0.026..2795.984 rows=14835720 loops=1)
              ->  Hash  (cost=73925.90..73925.90 rows=3023 width=4) (actual time=822.342..822.342 rows=1148 loops=1)
                    Buckets: 4096  Batches: 1  Memory Usage: 73kB
                    ->  Seq Scan on title t  (cost=0.00..73925.90 rows=3023 width=4) (actual time=0.330..821.685 rows=1148 loops=1)
                          Filter: ((production_year > 2012) AND (kind_id = 4))
                          Rows Removed by Filter: 2527164
Planning time: 1.284 ms
Execution time: 18440.197 ms
