Hash Join  (cost=89095.13..231251.32 rows=1654215 width=0) (actual time=1398.731..5778.646 rows=3813789 loops=1)
  Hash Cond: (mk.movie_id = t.id)
  ->  Seq Scan on movie_keyword mk  (cost=0.00..69693.30 rows=4523930 width=4) (actual time=0.024..1200.721 rows=4523930 loops=1)
  ->  Hash  (cost=73925.90..73925.90 rows=924578 width=4) (actual time=1397.923..1397.923 rows=884881 loops=1)
        Buckets: 131072  Batches: 16  Memory Usage: 2978kB
        ->  Seq Scan on title t  (cost=0.00..73925.90 rows=924578 width=4) (actual time=0.021..1105.532 rows=884881 loops=1)
              Filter: ((kind_id < 7) AND (production_year > 1921))
              Rows Removed by Filter: 1643431
Planning time: 0.714 ms
Execution time: 6263.574 ms
