Hash Join  (cost=123871.12..621833.29 rows=1701522 width=0) (actual time=2635.376..15432.113 rows=2324981 loops=1)
  Hash Cond: (mi.movie_id = t.id)
  ->  Seq Scan on movie_info mi  (cost=0.00..309384.22 rows=14739122 width=4) (actual time=0.010..5671.319 rows=14835720 loops=1)
  ->  Hash  (cost=119081.37..119081.37 rows=291900 width=8) (actual time=2633.643..2633.643 rows=192209 loops=1)
        Buckets: 131072  Batches: 4  Memory Usage: 2901kB
        ->  Hash Join  (cost=76379.89..119081.37 rows=291900 width=8) (actual time=1391.113..2578.362 rows=192209 loops=1)
              Hash Cond: (mi_idx.movie_id = t.id)
              ->  Seq Scan on movie_info_idx mi_idx  (cost=0.00..21735.35 rows=1380035 width=4) (actual time=0.009..477.391 rows=1380035 loops=1)
              ->  Hash  (cost=67604.59..67604.59 rows=534824 width=4) (actual time=1390.273..1390.273 rows=533369 loops=1)
                    Buckets: 131072  Batches: 8  Memory Usage: 3369kB
                    ->  Seq Scan on title t  (cost=0.00..67604.59 rows=534824 width=4) (actual time=0.026..1215.396 rows=533369 loops=1)
                          Filter: (production_year > 2009)
                          Rows Removed by Filter: 1994943
Planning time: 1.136 ms
Execution time: 15691.368 ms
