Hash Join  (cost=242963.69..832619.82 rows=7225121 width=0) (actual time=4796.817..23512.313 rows=31103627 loops=1)
  Hash Cond: (mi.movie_id = t.id)
  ->  Seq Scan on movie_info mi  (cost=0.00..346232.03 rows=12928982 width=4) (actual time=0.016..5766.116 rows=12970088 loops=1)
        Filter: (info_type_id < 18)
        Rows Removed by Filter: 1865632
  ->  Hash  (cost=219780.94..219780.94 rows=1413020 width=8) (actual time=4795.127..4795.127 rows=886170 loops=1)
        Buckets: 131072  Batches: 32  Memory Usage: 2179kB
        ->  Hash Join  (cost=80562.70..219780.94 rows=1413020 width=8) (actual time=1196.020..4562.986 rows=886170 loops=1)
              Hash Cond: (mk.movie_id = t.id)
              ->  Seq Scan on movie_keyword mk  (cost=0.00..69693.30 rows=4523930 width=4) (actual time=0.023..1214.652 rows=4523930 loops=1)
              ->  Hash  (cost=67604.59..67604.59 rows=789769 width=4) (actual time=1194.855..1194.855 rows=784926 loops=1)
                    Buckets: 131072  Batches: 16  Memory Usage: 2756kB
                    ->  Seq Scan on title t  (cost=0.00..67604.59 rows=789769 width=4) (actual time=0.018..939.115 rows=784926 loops=1)
                          Filter: (production_year > 2007)
                          Rows Removed by Filter: 1743386
Planning time: 1.099 ms
Execution time: 26950.864 ms
