Seq Scan on movie_keyword mk  (cost=0.00..81003.12 rows=3571422 width=0) (actual time=0.023..1039.256 rows=3569357 loops=1)
  Filter: (keyword_id > 892)
  Rows Removed by Filter: 954573
Planning time: 0.289 ms
Execution time: 1399.637 ms
