Hash Join  (cost=67697.55..455938.36 rows=32692 width=0) (actual time=813.985..6709.641 rows=22156 loops=1)
  Hash Cond: (mi.movie_id = t.id)
  ->  Seq Scan on movie_info mi  (cost=0.00..346232.03 rows=11115165 width=4) (actual time=0.025..4350.152 rows=11210743 loops=1)
        Filter: (info_type_id > 3)
        Rows Removed by Filter: 3624977
  ->  Hash  (cost=67604.59..67604.59 rows=7437 width=4) (actual time=813.068..813.068 rows=1965 loops=1)
        Buckets: 8192  Batches: 1  Memory Usage: 134kB
        ->  Seq Scan on title t  (cost=0.00..67604.59 rows=7437 width=4) (actual time=6.453..811.943 rows=1965 loops=1)
              Filter: (production_year = 1946)
              Rows Removed by Filter: 2526347
Planning time: 0.798 ms
Execution time: 6713.504 ms
