Hash Join  (cost=1018504.83..4901663.42 rows=208203016 width=0) (actual time=24954.564..184695.562 rows=455151520 loops=1)
  Hash Cond: (ci.movie_id = t.id)
  ->  Seq Scan on cast_info ci  (cost=0.00..705507.15 rows=35717660 width=4) (actual time=0.022..15058.187 rows=35822052 loops=1)
        Filter: (person_id > 47653)
        Rows Removed by Filter: 422292
  ->  Hash  (cost=776690.81..776690.81 rows=14739122 width=8) (actual time=24949.582..24949.582 rows=14835720 loops=1)
        Buckets: 131072  Batches: 256  Memory Usage: 3268kB
        ->  Hash Join  (cost=102767.86..776690.81 rows=14739122 width=8) (actual time=1660.968..20001.103 rows=14835720 loops=1)
              Hash Cond: (mi.movie_id = t.id)
              ->  Seq Scan on movie_info mi  (cost=0.00..309384.22 rows=14739122 width=4) (actual time=0.015..4749.076 rows=14835720 loops=1)
              ->  Hash  (cost=61283.27..61283.27 rows=2528527 width=4) (actual time=1659.919..1659.919 rows=2528312 loops=1)
                    Buckets: 131072  Batches: 64  Memory Usage: 2425kB
                    ->  Seq Scan on title t  (cost=0.00..61283.27 rows=2528527 width=4) (actual time=0.013..769.811 rows=2528312 loops=1)
Planning time: 1.102 ms
Execution time: 236186.255 ms
