Hash Join  (cost=52284.84..803084.18 rows=1017 width=0) (actual time=895.041..13452.820 rows=180 loops=1)
  Hash Cond: (ci.movie_id = t.id)
  ->  Seq Scan on cast_info ci  (cost=0.00..614943.12 rows=36225612 width=4) (actual time=0.011..6222.320 rows=36244344 loops=1)
  ->  Hash  (cost=52283.95..52283.95 rows=71 width=8) (actual time=647.155..647.155 rows=9 loops=1)
        Buckets: 1024  Batches: 1  Memory Usage: 9kB
        ->  Nested Loop  (cost=0.43..52283.95 rows=71 width=8) (actual time=637.438..647.146 rows=9 loops=1)
              ->  Seq Scan on movie_companies mc  (cost=0.00..51404.11 rows=104 width=4) (actual time=637.379..646.968 rows=9 loops=1)
                    Filter: (company_id = 71002)
                    Rows Removed by Filter: 2609120
              ->  Index Scan using title_pkey on title t  (cost=0.43..8.45 rows=1 width=4) (actual time=0.018..0.018 rows=1 loops=9)
                    Index Cond: (id = mc.movie_id)
                    Filter: (production_year > 1991)
Planning time: 1.238 ms
Execution time: 13453.052 ms
