Hash Join  (cost=79147.78..158725.04 rows=328374 width=0) (actual time=1236.704..3593.017 rows=213018 loops=1)
  Hash Cond: (mc.movie_id = t.id)
  ->  Seq Scan on movie_companies mc  (cost=0.00..44881.29 rows=2609129 width=4) (actual time=0.021..855.929 rows=2609129 loops=1)
  ->  Hash  (cost=73925.90..73925.90 rows=318230 width=4) (actual time=1235.807..1235.807 rows=179738 loops=1)
        Buckets: 131072  Batches: 8  Memory Usage: 1812kB
        ->  Seq Scan on title t  (cost=0.00..73925.90 rows=318230 width=4) (actual time=0.019..1173.915 rows=179738 loops=1)
              Filter: ((kind_id > 1) AND (production_year < 1974))
              Rows Removed by Filter: 2348574
Planning time: 0.697 ms
Execution time: 3617.615 ms
