Hash Join  (cost=191398.24..235418.96 rows=368824 width=0) (actual time=4340.382..5757.166 rows=1059867 loops=1)
  Hash Cond: (mi_idx.movie_id = t.id)
  ->  Seq Scan on movie_info_idx mi_idx  (cost=0.00..21735.35 rows=1380035 width=4) (actual time=0.013..380.147 rows=1380035 loops=1)
  ->  Hash  (cost=180311.17..180311.17 rows=675766 width=8) (actual time=4339.277..4339.277 rows=667943 loops=1)
        Buckets: 131072  Batches: 16  Memory Usage: 2654kB
        ->  Hash Join  (cost=102767.86..180311.17 rows=675766 width=8) (actual time=1682.192..4010.744 rows=667943 loops=1)
              Hash Cond: (mc.movie_id = t.id)
              ->  Seq Scan on movie_companies mc  (cost=0.00..51404.11 rows=675766 width=4) (actual time=0.031..739.441 rows=667943 loops=1)
                    Filter: (company_id < 1043)
                    Rows Removed by Filter: 1941186
              ->  Hash  (cost=61283.27..61283.27 rows=2528527 width=4) (actual time=1680.943..1680.943 rows=2528312 loops=1)
                    Buckets: 131072  Batches: 64  Memory Usage: 2415kB
                    ->  Seq Scan on title t  (cost=0.00..61283.27 rows=2528527 width=4) (actual time=0.015..811.396 rows=2528312 loops=1)
Planning time: 1.088 ms
Execution time: 5893.190 ms
