Hash Join  (cost=96651.52..273572.64 rows=3145124 width=0) (actual time=1614.064..5907.915 rows=1450236 loops=1)
  Hash Cond: (mk.movie_id = t.id)
  ->  Seq Scan on movie_keyword mk  (cost=0.00..81003.12 rows=4491750 width=4) (actual time=0.009..1596.684 rows=4494801 loops=1)
        Filter: (keyword_id < 111060)
        Rows Removed by Filter: 29129
  ->  Hash  (cost=67604.59..67604.59 rows=1770475 width=4) (actual time=1613.147..1613.147 rows=1774635 loops=1)
        Buckets: 131072  Batches: 32  Memory Usage: 2984kB
        ->  Seq Scan on title t  (cost=0.00..67604.59 rows=1770475 width=4) (actual time=0.025..1041.612 rows=1774635 loops=1)
              Filter: (kind_id > 2)
              Rows Removed by Filter: 753677
Planning time: 0.714 ms
Execution time: 6089.072 ms
