Hash Join  (cost=174341.86..1058452.62 rows=96149 width=176) (actual time=3609.989..21963.673 rows=243707 loops=1)
  Hash Cond: (ci.movie_id = t.id)
  ->  Seq Scan on cast_info ci  (cost=0.00..796071.18 rows=4027493 width=42) (actual time=0.020..15129.430 rows=7983522 loops=1)
        Filter: ((person_id > 2486260) AND (role_id > 3))
        Rows Removed by Filter: 28260822
  ->  Hash  (cost=172408.31..172408.31 rows=60364 width=134) (actual time=3609.619..3609.619 rows=21415 loops=1)
        Buckets: 32768  Batches: 4  Memory Usage: 1046kB
        ->  Hash Join  (cost=75514.14..172408.31 rows=60364 width=134) (actual time=1980.453..3592.958 rows=21415 loops=1)
              Hash Cond: (mc.movie_id = t.id)
              ->  Seq Scan on movie_companies mc  (cost=0.00..44881.29 rows=2609129 width=40) (actual time=0.027..923.753 rows=2609129 loops=1)
              ->  Hash  (cost=73925.90..73925.90 rows=58499 width=94) (actual time=1572.971..1572.971 rows=62752 loops=1)
                    Buckets: 32768  Batches: 2  Memory Usage: 3766kB
                    ->  Seq Scan on title t  (cost=0.00..73925.90 rows=58499 width=94) (actual time=0.020..1544.843 rows=62752 loops=1)
                          Filter: ((kind_id = 7) AND (production_year = 2005))
                          Rows Removed by Filter: 2465560
Planning time: 1.353 ms
Execution time: 21978.260 ms
