Hash Join  (cost=102767.86..912066.32 rows=139156 width=0) (actual time=5339.619..11445.948 rows=54565 loops=1)
  Hash Cond: (ci.movie_id = t.id)
  ->  Seq Scan on cast_info ci  (cost=0.00..796071.18 rows=139156 width=4) (actual time=3727.669..9067.435 rows=54565 loops=1)
        Filter: ((person_id < 1410541) AND (role_id > 10))
        Rows Removed by Filter: 36189779
  ->  Hash  (cost=61283.27..61283.27 rows=2528527 width=4) (actual time=1609.670..1609.670 rows=2528312 loops=1)
        Buckets: 131072  Batches: 64  Memory Usage: 2415kB
        ->  Seq Scan on title t  (cost=0.00..61283.27 rows=2528527 width=4) (actual time=0.016..762.464 rows=2528312 loops=1)
Planning time: 0.768 ms
Execution time: 11452.230 ms
