Hash Join  (cost=153431.55..1216656.92 rows=2864121 width=0) (actual time=2191.191..29667.492 rows=12388725 loops=1)
  Hash Cond: (ci.movie_id = t.id)
  ->  Seq Scan on cast_info ci  (cost=0.00..614943.12 rows=36225612 width=4) (actual time=0.026..9983.205 rows=36244344 loops=1)
  ->  Hash  (cost=150151.62..150151.62 rows=199914 width=8) (actual time=2189.973..2189.973 rows=260803 loops=1)
        Buckets: 131072  Batches: 4  Memory Usage: 3535kB
        ->  Hash Join  (cost=80408.18..150151.62 rows=199914 width=8) (actual time=1148.692..2128.835 rows=260803 loops=1)
              Hash Cond: (mc.movie_id = t.id)
              ->  Seq Scan on movie_companies mc  (cost=0.00..51404.11 rows=1279517 width=4) (actual time=157.218..604.838 rows=1274246 loops=1)
                    Filter: (company_type_id < 2)
                    Rows Removed by Filter: 1334883
              ->  Hash  (cost=73925.90..73925.90 rows=395062 width=4) (actual time=990.623..990.623 rows=335993 loops=1)
                    Buckets: 131072  Batches: 8  Memory Usage: 2492kB
                    ->  Seq Scan on title t  (cost=0.00..73925.90 rows=395062 width=4) (actual time=0.027..881.791 rows=335993 loops=1)
                          Filter: ((kind_id < 7) AND (production_year > 2005))
                          Rows Removed by Filter: 2192319
Planning time: 1.164 ms
Execution time: 30947.745 ms
