Hash Join  (cost=83454.87..518317.28 rows=1431272 width=0) (actual time=2660.901..9687.738 rows=2579343 loops=1)
  Hash Cond: (mi.movie_id = t.id)
  ->  Seq Scan on movie_info mi  (cost=0.00..346232.03 rows=6231111 width=4) (actual time=510.720..4882.904 rows=6223494 loops=1)
        Filter: (info_type_id > 8)
        Rows Removed by Filter: 8612226
  ->  Hash  (cost=73925.90..73925.90 rows=580797 width=4) (actual time=1044.370..1044.370 rows=460703 loops=1)
        Buckets: 131072  Batches: 8  Memory Usage: 3071kB
        ->  Seq Scan on title t  (cost=0.00..73925.90 rows=580797 width=4) (actual time=81.572..909.981 rows=460703 loops=1)
              Filter: ((production_year > 1961) AND (kind_id = 1))
              Rows Removed by Filter: 2067609
Planning time: 0.775 ms
Execution time: 10004.377 ms
