Hash Join  (cost=102767.86..203418.19 rows=1636075 width=0) (actual time=1552.825..4183.268 rows=1635007 loops=1)
  Hash Cond: (mc.movie_id = t.id)
  ->  Seq Scan on movie_companies mc  (cost=0.00..51404.11 rows=1636075 width=4) (actual time=0.018..843.439 rows=1635007 loops=1)
        Filter: (company_id > 4234)
        Rows Removed by Filter: 974122
  ->  Hash  (cost=61283.27..61283.27 rows=2528527 width=4) (actual time=1551.644..1551.644 rows=2528312 loops=1)
        Buckets: 131072  Batches: 64  Memory Usage: 2415kB
        ->  Seq Scan on title t  (cost=0.00..61283.27 rows=2528527 width=4) (actual time=0.017..732.089 rows=2528312 loops=1)
Planning time: 0.497 ms
Execution time: 4394.066 ms
