Hash Join  (cost=100674.35..700308.81 rows=9503563 width=0) (actual time=3768.875..17921.958 rows=6144558 loops=1)
  Hash Cond: (mi.movie_id = t.id)
  ->  Seq Scan on movie_info mi  (cost=0.00..309384.22 rows=14739122 width=4) (actual time=2277.416..6548.725 rows=14835720 loops=1)
  ->  Hash  (cost=73925.90..73925.90 rows=1630356 width=4) (actual time=1489.957..1489.957 rows=1739665 loops=1)
        Buckets: 131072  Batches: 32  Memory Usage: 2946kB
        ->  Seq Scan on title t  (cost=0.00..73925.90 rows=1630356 width=4) (actual time=0.023..1014.582 rows=1739665 loops=1)
              Filter: ((kind_id > 1) AND (production_year > 1960))
              Rows Removed by Filter: 788647
Planning time: 0.853 ms
Execution time: 18649.987 ms
