Hash Join  (cost=69596.70..550158.86 rows=533527 width=0) (actual time=868.912..10566.158 rows=1025629 loops=1)
  Hash Cond: (mi.movie_id = t.id)
  ->  Seq Scan on movie_info mi  (cost=0.00..346232.03 rows=11115165 width=4) (actual time=0.024..4866.146 rows=11210743 loops=1)
        Filter: (info_type_id > 3)
        Rows Removed by Filter: 3624977
  ->  Hash  (cost=67604.59..67604.59 rows=121369 width=4) (actual time=868.098..868.098 rows=125365 loops=1)
        Buckets: 131072  Batches: 2  Memory Usage: 3228kB
        ->  Seq Scan on title t  (cost=0.00..67604.59 rows=121369 width=4) (actual time=187.611..822.329 rows=125365 loops=1)
              Filter: (production_year < 1934)
              Rows Removed by Filter: 2402947
Planning time: 0.750 ms
Execution time: 10699.818 ms
