Hash Join  (cost=83074.55..833889.64 rows=2594 width=0) (actual time=1207.336..13954.291 rows=1060 loops=1)
  Hash Cond: (ci.movie_id = t.id)
  ->  Seq Scan on cast_info ci  (cost=0.00..614943.12 rows=36225612 width=4) (actual time=0.020..6215.254 rows=36244344 loops=1)
  ->  Hash  (cost=83072.29..83072.29 rows=181 width=8) (actual time=1148.356..1148.356 rows=32 loops=1)
        Buckets: 1024  Batches: 1  Memory Usage: 10kB
        ->  Nested Loop  (cost=0.43..83072.29 rows=181 width=8) (actual time=50.147..1148.296 rows=32 loops=1)
              ->  Seq Scan on movie_keyword mk  (cost=0.00..81003.12 rows=246 width=4) (actual time=1.655..1141.788 rows=170 loops=1)
                    Filter: (keyword_id = 15227)
                    Rows Removed by Filter: 4523760
              ->  Index Scan using title_pkey on title t  (cost=0.43..8.40 rows=1 width=4) (actual time=0.035..0.036 rows=0 loops=170)
                    Index Cond: (id = mk.movie_id)
                    Filter: (kind_id > 1)
                    Rows Removed by Filter: 1
Planning time: 5.562 ms
Execution time: 13955.251 ms
