Hash Join  (cost=110581.93..843501.75 rows=4421 width=0) (actual time=9101.732..13276.958 rows=41311 loops=1)
  Hash Cond: (ci.movie_id = t.id)
  ->  Seq Scan on cast_info ci  (cost=0.00..705507.15 rows=7298253 width=4) (actual time=7972.158..10895.443 rows=7451973 loops=1)
        Filter: (role_id = 2)
        Rows Removed by Filter: 28792371
  ->  Hash  (cost=110562.79..110562.79 rows=1532 width=8) (actual time=1129.122..1129.122 rows=4009 loops=1)
        Buckets: 4096 (originally 2048)  Batches: 1 (originally 1)  Memory Usage: 189kB
        ->  Nested Loop  (cost=0.43..110562.79 rows=1532 width=8) (actual time=0.185..1126.697 rows=4009 loops=1)
              ->  Seq Scan on movie_keyword mk  (cost=0.00..81003.12 rows=3921 width=4) (actual time=0.090..1055.450 rows=4185 loops=1)
                    Filter: (keyword_id = 230)
                    Rows Removed by Filter: 4519745
              ->  Index Scan using title_pkey on title t  (cost=0.43..7.53 rows=1 width=4) (actual time=0.016..0.016 rows=1 loops=4185)
                    Index Cond: (id = mk.movie_id)
                    Filter: (kind_id < 7)
                    Rows Removed by Filter: 0
Planning time: 1.203 ms
Execution time: 13284.595 ms
