Hash Join  (cost=263115.61..1297720.67 rows=9663986 width=0) (actual time=5472.425..25119.725 rows=12574705 loops=1)
  Hash Cond: (ci.movie_id = t.id)
  ->  Seq Scan on cast_info ci  (cost=0.00..796071.18 rows=9365443 width=4) (actual time=0.017..12519.657 rows=5922350 loops=1)
        Filter: ((person_id > 924014) AND (role_id = 1))
        Rows Removed by Filter: 30321994
  ->  Hash  (cost=220309.49..220309.49 rows=2609129 width=8) (actual time=5470.879..5470.879 rows=2609129 loops=1)
        Buckets: 131072  Batches: 64  Memory Usage: 2610kB
        ->  Hash Join  (cost=102767.86..220309.49 rows=2609129 width=8) (actual time=1550.918..4752.080 rows=2609129 loops=1)
              Hash Cond: (mc.movie_id = t.id)
              ->  Seq Scan on movie_companies mc  (cost=0.00..44881.29 rows=2609129 width=4) (actual time=0.022..714.321 rows=2609129 loops=1)
              ->  Hash  (cost=61283.27..61283.27 rows=2528527 width=4) (actual time=1549.750..1549.750 rows=2528312 loops=1)
                    Buckets: 131072  Batches: 64  Memory Usage: 2415kB
                    ->  Seq Scan on title t  (cost=0.00..61283.27 rows=2528527 width=4) (actual time=0.022..739.773 rows=2528312 loops=1)
Planning time: 1.217 ms
Execution time: 26622.899 ms
