Hash Join  (cost=102767.86..909730.33 rows=42049 width=0) (actual time=4994.301..11037.960 rows=219629 loops=1)
  Hash Cond: (ci.movie_id = t.id)
  ->  Seq Scan on cast_info ci  (cost=0.00..796071.18 rows=42049 width=4) (actual time=3300.913..8770.261 rows=219629 loops=1)
        Filter: ((person_id > 4022980) AND (role_id > 6))
        Rows Removed by Filter: 36024715
  ->  Hash  (cost=61283.27..61283.27 rows=2528527 width=4) (actual time=1692.322..1692.322 rows=2528312 loops=1)
        Buckets: 131072  Batches: 64  Memory Usage: 2415kB
        ->  Seq Scan on title t  (cost=0.00..61283.27 rows=2528527 width=4) (actual time=0.020..841.315 rows=2528312 loops=1)
Planning time: 0.759 ms
Execution time: 11066.176 ms
