Hash Join  (cost=172348.44..972312.35 rows=389275 width=0) (actual time=2628.586..19168.036 rows=3350249 loops=1)
  Hash Cond: (ci.movie_id = t.id)
  ->  Seq Scan on cast_info ci  (cost=0.00..614943.12 rows=36225612 width=4) (actual time=0.023..6760.156 rows=36244344 loops=1)
  ->  Hash  (cost=172008.81..172008.81 rows=27171 width=8) (actual time=2627.918..2627.918 rows=61876 loops=1)
        Buckets: 65536 (originally 32768)  Batches: 1 (originally 1)  Memory Usage: 2930kB
        ->  Hash Join  (cost=74119.74..172008.81 rows=27171 width=8) (actual time=730.663..2608.871 rows=61876 loops=1)
              Hash Cond: (mk.movie_id = t.id)
              ->  Seq Scan on movie_keyword mk  (cost=0.00..81003.12 rows=4430461 width=4) (actual time=0.025..1245.785 rows=4419636 loops=1)
                    Filter: (keyword_id > 103)
                    Rows Removed by Filter: 104294
              ->  Hash  (cost=73925.90..73925.90 rows=15507 width=4) (actual time=730.335..730.335 rows=11835 loops=1)
                    Buckets: 16384  Batches: 1  Memory Usage: 545kB
                    ->  Seq Scan on title t  (cost=0.00..73925.90 rows=15507 width=4) (actual time=0.177..726.602 rows=11835 loops=1)
                          Filter: ((kind_id < 7) AND (production_year = 1995))
                          Rows Removed by Filter: 2516477
Planning time: 1.206 ms
Execution time: 19595.510 ms
