Hash Join  (cost=178346.36..1235159.99 rows=2239953 width=0) (actual time=2522.418..27105.866 rows=871287 loops=1)
  Hash Cond: (ci.movie_id = t.id)
  ->  Seq Scan on cast_info ci  (cost=0.00..614943.12 rows=36225612 width=4) (actual time=0.019..10144.010 rows=36244344 loops=1)
  ->  Hash  (cost=175781.02..175781.02 rows=156347 width=8) (actual time=2520.171..2520.171 rows=39706 loops=1)
        Buckets: 131072  Batches: 4  Memory Usage: 1414kB
        ->  Hash Join  (cost=82012.37..175781.02 rows=156347 width=8) (actual time=1434.993..2510.519 rows=39706 loops=1)
              Hash Cond: (mk.movie_id = t.id)
              ->  Seq Scan on movie_keyword mk  (cost=0.00..81003.12 rows=802149 width=4) (actual time=0.027..1192.927 rows=808259 loops=1)
                    Filter: (keyword_id > 22896)
                    Rows Removed by Filter: 3715671
              ->  Hash  (cost=73925.90..73925.90 rows=492837 width=4) (actual time=951.873..951.873 rows=379345 loops=1)
                    Buckets: 131072  Batches: 8  Memory Usage: 2683kB
                    ->  Seq Scan on title t  (cost=0.00..73925.90 rows=492837 width=4) (actual time=0.016..836.201 rows=379345 loops=1)
                          Filter: ((production_year < 1995) AND (kind_id = 7))
                          Rows Removed by Filter: 2148967
Planning time: 1.145 ms
Execution time: 27203.476 ms
