Hash Join  (cost=105192.26..674011.19 rows=8849577 width=0) (actual time=1761.403..14924.085 rows=8484586 loops=1)
  Hash Cond: (mi.movie_id = t.id)
  ->  Seq Scan on movie_info mi  (cost=0.00..346232.03 rows=9767026 width=4) (actual time=0.028..5425.527 rows=9911754 loops=1)
        Filter: (info_type_id > 4)
        Rows Removed by Filter: 4923966
  ->  Hash  (cost=67604.59..67604.59 rows=2291014 width=4) (actual time=1759.947..1759.947 rows=2281608 loops=1)
        Buckets: 131072  Batches: 32  Memory Usage: 3544kB
        ->  Seq Scan on title t  (cost=0.00..67604.59 rows=2291014 width=4) (actual time=0.017..1064.838 rows=2281608 loops=1)
              Filter: (production_year > 1951)
              Rows Removed by Filter: 246704
Planning time: 1.779 ms
Execution time: 15858.874 ms
