Hash Join  (cost=224535.96..1187982.29 rows=6190516 width=0) (actual time=3745.879..23616.569 rows=3534565 loops=1)
  Hash Cond: (ci.movie_id = t.id)
  ->  Seq Scan on cast_info ci  (cost=0.00..705507.15 rows=16636264 width=4) (actual time=0.021..11556.569 rows=16489397 loops=1)
        Filter: (person_id < 1632792)
        Rows Removed by Filter: 19754947
  ->  Hash  (cost=209098.84..209098.84 rows=940890 width=8) (actual time=3744.235..3744.235 rows=243934 loops=1)
        Buckets: 131072  Batches: 16  Memory Usage: 1632kB
        ->  Hash Join  (cost=92883.59..209098.84 rows=940890 width=8) (actual time=2777.225..3677.465 rows=243934 loops=1)
              Hash Cond: (mk.movie_id = t.id)
              ->  Seq Scan on movie_keyword mk  (cost=0.00..81003.12 rows=1544045 width=4) (actual time=0.018..1242.405 rows=1558796 loops=1)
                    Filter: (keyword_id > 10093)
                    Rows Removed by Filter: 2965134
              ->  Hash  (cost=67604.59..67604.59 rows=1540800 width=4) (actual time=1476.347..1476.347 rows=1543264 loops=1)
                    Buckets: 131072  Batches: 32  Memory Usage: 2728kB
                    ->  Seq Scan on title t  (cost=0.00..67604.59 rows=1540800 width=4) (actual time=0.022..987.250 rows=1543264 loops=1)
                          Filter: (kind_id = 7)
                          Rows Removed by Filter: 985048
Planning time: 0.987 ms
Execution time: 24063.025 ms
