Hash Join  (cost=73982.55..825421.01 rows=64929 width=0) (actual time=1067.140..15767.290 rows=87966 loops=1)
  Hash Cond: (ci.movie_id = t.id)
  ->  Seq Scan on cast_info ci  (cost=0.00..614943.12 rows=36225612 width=4) (actual time=0.019..6588.893 rows=36244344 loops=1)
  ->  Hash  (cost=73925.90..73925.90 rows=4532 width=4) (actual time=1067.024..1067.024 rows=8145 loops=1)
        Buckets: 8192  Batches: 1  Memory Usage: 351kB
        ->  Seq Scan on title t  (cost=0.00..73925.90 rows=4532 width=4) (actual time=0.143..1063.188 rows=8145 loops=1)
              Filter: ((kind_id = 7) AND (production_year = 1968))
              Rows Removed by Filter: 2520167
Planning time: 0.643 ms
Execution time: 15782.077 ms
