Hash Join  (cost=446803.41..1279798.69 rows=759350 width=0) (actual time=9423.666..21569.649 rows=3853312 loops=1)
  Hash Cond: (ci.movie_id = t.id)
  ->  Seq Scan on cast_info ci  (cost=0.00..705507.15 rows=6667761 width=4) (actual time=1220.300..9323.762 rows=6753737 loops=1)
        Filter: (person_id > 2986124)
        Rows Removed by Filter: 29490607
  ->  Hash  (cost=442078.92..442078.92 rows=287959 width=8) (actual time=8202.055..8202.055 rows=444482 loops=1)
        Buckets: 131072 (originally 131072)  Batches: 8 (originally 4)  Memory Usage: 3145kB
        ->  Hash Join  (cost=74543.40..442078.92 rows=287959 width=8) (actual time=915.703..8031.514 rows=444482 loops=1)
              Hash Cond: (mi.movie_id = t.id)
              ->  Seq Scan on movie_info mi  (cost=0.00..309384.22 rows=14739122 width=4) (actual time=0.022..3103.441 rows=14835720 loops=1)
              ->  Hash  (cost=73925.90..73925.90 rows=49400 width=4) (actual time=915.330..915.330 rows=45100 loops=1)
                    Buckets: 65536  Batches: 1  Memory Usage: 2098kB
                    ->  Seq Scan on title t  (cost=0.00..73925.90 rows=49400 width=4) (actual time=0.029..897.041 rows=45100 loops=1)
                          Filter: ((kind_id < 3) AND (production_year = 2012))
                          Rows Removed by Filter: 2483212
Planning time: 1.195 ms
Execution time: 21966.585 ms
