Seq Scan on movie_keyword mk  (cost=0.00..81003.12 rows=246 width=0) (actual time=0.830..1042.723 rows=506 loops=1)
  Filter: (keyword_id = 987)
  Rows Removed by Filter: 4523424
Planning time: 1.526 ms
Execution time: 1043.037 ms
