Hash Join  (cost=209086.65..251625.78 rows=282465 width=0) (actual time=4285.951..5327.051 rows=409107 loops=1)
  Hash Cond: (mi_idx.movie_id = t.id)
  ->  Seq Scan on movie_info_idx mi_idx  (cost=0.00..21735.35 rows=1380035 width=4) (actual time=0.016..397.547 rows=1380035 loops=1)
  ->  Hash  (cost=200595.42..200595.42 rows=517538 width=8) (actual time=4261.733..4261.733 rows=234422 loops=1)
        Buckets: 131072  Batches: 8  Memory Usage: 2164kB
        ->  Hash Join  (cost=98137.04..200595.42 rows=517538 width=8) (actual time=1978.679..4190.473 rows=234422 loops=1)
              Hash Cond: (mk.movie_id = t.id)
              ->  Seq Scan on movie_keyword mk  (cost=0.00..81003.12 rows=703176 width=4) (actual time=0.013..1485.845 rows=709085 loops=1)
                    Filter: (keyword_id > 26633)
                    Rows Removed by Filter: 3814845
              ->  Hash  (cost=67604.59..67604.59 rows=1860996 width=4) (actual time=1977.491..1977.491 rows=1865487 loops=1)
                    Buckets: 131072  Batches: 32  Memory Usage: 3085kB
                    ->  Seq Scan on title t  (cost=0.00..67604.59 rows=1860996 width=4) (actual time=0.029..1387.410 rows=1865487 loops=1)
                          Filter: (kind_id > 1)
                          Rows Removed by Filter: 662825
Planning time: 1.286 ms
Execution time: 5373.209 ms
