Seq Scan on movie_companies mc  (cost=0.00..51404.11 rows=198564 width=0) (actual time=0.026..665.333 rows=199891 loops=1)
  Filter: (company_id > 113455)
  Rows Removed by Filter: 2409238
Planning time: 0.316 ms
Execution time: 700.249 ms
