Hash Join  (cost=97816.89..700610.99 rows=8340850 width=0) (actual time=1683.564..16177.591 rows=3937040 loops=1)
  Hash Cond: (mi.movie_id = t.id)
  ->  Seq Scan on movie_info mi  (cost=0.00..346232.03 rows=14483353 width=4) (actual time=0.024..5727.648 rows=14528932 loops=1)
        Filter: (info_type_id < 106)
        Rows Removed by Filter: 306788
  ->  Hash  (cost=73925.90..73925.90 rows=1456159 width=4) (actual time=1682.689..1682.689 rows=1478439 loops=1)
        Buckets: 131072  Batches: 32  Memory Usage: 2656kB
        ->  Seq Scan on title t  (cost=0.00..73925.90 rows=1456159 width=4) (actual time=296.787..1192.481 rows=1478439 loops=1)
              Filter: ((production_year > 1916) AND (kind_id = 7))
              Rows Removed by Filter: 1049873
Planning time: 0.804 ms
Execution time: 16681.540 ms
