Hash Join  (cost=130107.03..217548.46 rows=78340 width=0) (actual time=2035.613..3931.383 rows=988629 loops=1)
  Hash Cond: (mk.movie_id = t.id)
  ->  Seq Scan on movie_keyword mk  (cost=0.00..69693.30 rows=4523930 width=4) (actual time=0.013..757.174 rows=4523930 loops=1)
  ->  Hash  (cost=129559.70..129559.70 rows=43786 width=8) (actual time=2035.086..2035.086 rows=51013 loops=1)
        Buckets: 65536  Batches: 1  Memory Usage: 2505kB
        ->  Hash Join  (cost=74456.32..129559.70 rows=43786 width=8) (actual time=860.026..2016.448 rows=51013 loops=1)
              Hash Cond: (mc.movie_id = t.id)
              ->  Seq Scan on movie_companies mc  (cost=0.00..44881.29 rows=2609129 width=4) (actual time=0.028..478.873 rows=2609129 loops=1)
              ->  Hash  (cost=73925.90..73925.90 rows=42433 width=4) (actual time=859.651..859.651 rows=37411 loops=1)
                    Buckets: 65536  Batches: 1  Memory Usage: 1828kB
                    ->  Seq Scan on title t  (cost=0.00..73925.90 rows=42433 width=4) (actual time=310.204..844.944 rows=37411 loops=1)
                          Filter: ((kind_id < 2) AND (production_year = 2011))
                          Rows Removed by Filter: 2490901
Planning time: 1.167 ms
Execution time: 4059.955 ms
