Hash Join  (cost=208212.64..256150.41 rows=597129 width=0) (actual time=5016.622..6761.749 rows=1913946 loops=1)
  Hash Cond: (mi_idx.movie_id = t.id)
  ->  Seq Scan on movie_info_idx mi_idx  (cost=0.00..21735.35 rows=1380035 width=4) (actual time=0.027..472.559 rows=1380035 loops=1)
  ->  Hash  (cost=190262.74..190262.74 rows=1094072 width=8) (actual time=5015.839..5015.839 rows=972014 loops=1)
        Buckets: 131072  Batches: 16  Memory Usage: 3370kB
        ->  Hash Join  (cost=103076.32..190262.74 rows=1094072 width=8) (actual time=2365.800..4735.232 rows=972014 loops=1)
              Hash Cond: (mc.movie_id = t.id)
              ->  Seq Scan on movie_companies mc  (cost=0.00..51404.11 rows=1279517 width=4) (actual time=0.015..1059.394 rows=1274246 loops=1)
                    Filter: (company_type_id < 2)
                    Rows Removed by Filter: 1334883
              ->  Hash  (cost=67604.59..67604.59 rows=2162059 width=4) (actual time=2365.052..2365.052 rows=2159747 loops=1)
                    Buckets: 131072  Batches: 32  Memory Usage: 3400kB
                    ->  Seq Scan on title t  (cost=0.00..67604.59 rows=2162059 width=4) (actual time=0.018..1405.117 rows=2159747 loops=1)
                          Filter: (production_year > 1964)
                          Rows Removed by Filter: 368565
Planning time: 1.087 ms
Execution time: 6993.985 ms
