Hash Join  (cost=263115.61..448652.35 rows=3992771 width=0) (actual time=5450.611..16925.776 rows=30931867 loops=1)
  Hash Cond: (mk.movie_id = t.id)
  ->  Seq Scan on movie_keyword mk  (cost=0.00..81003.12 rows=3869425 width=4) (actual time=0.015..1479.554 rows=3868125 loops=1)
        Filter: (keyword_id > 503)
        Rows Removed by Filter: 655805
  ->  Hash  (cost=220309.49..220309.49 rows=2609129 width=8) (actual time=5446.686..5446.686 rows=2609129 loops=1)
        Buckets: 131072  Batches: 64  Memory Usage: 2691kB
        ->  Hash Join  (cost=102767.86..220309.49 rows=2609129 width=8) (actual time=1582.716..4666.916 rows=2609129 loops=1)
              Hash Cond: (mc.movie_id = t.id)
              ->  Seq Scan on movie_companies mc  (cost=0.00..44881.29 rows=2609129 width=4) (actual time=0.023..663.539 rows=2609129 loops=1)
              ->  Hash  (cost=61283.27..61283.27 rows=2528527 width=4) (actual time=1581.550..1581.550 rows=2528312 loops=1)
                    Buckets: 131072  Batches: 64  Memory Usage: 2415kB
                    ->  Seq Scan on title t  (cost=0.00..61283.27 rows=2528527 width=4) (actual time=0.019..779.528 rows=2528312 loops=1)
Planning time: 1.140 ms
Execution time: 20546.511 ms
