Seq Scan on movie_keyword mk  (cost=0.00..81003.12 rows=474970 width=0) (actual time=0.028..1141.369 rows=471060 loops=1)
  Filter: (keyword_id > 37767)
  Rows Removed by Filter: 4052870
Planning time: 0.314 ms
Execution time: 1204.321 ms
