Hash Join  (cost=118443.90..1173947.59 rows=2112447 width=0) (actual time=2078.272..30093.731 rows=4779785 loops=1)
  Hash Cond: (ci.movie_id = t.id)
  ->  Seq Scan on cast_info ci  (cost=0.00..614943.12 rows=36225612 width=4) (actual time=0.013..10400.645 rows=36244344 loops=1)
  ->  Hash  (cost=116024.80..116024.80 rows=147448 width=8) (actual time=2077.041..2077.041 rows=181929 loops=1)
        Buckets: 131072 (originally 131072)  Batches: 4 (originally 2)  Memory Usage: 3073kB
        ->  Hash Join  (cost=80874.21..116024.80 rows=147448 width=8) (actual time=1126.681..2009.014 rows=181929 loops=1)
              Hash Cond: (mi_idx.movie_id = t.id)
              ->  Seq Scan on movie_info_idx mi_idx  (cost=0.00..25185.44 rows=460978 width=4) (actual time=0.009..428.428 rows=459925 loops=1)
                    Filter: (info_type_id = 99)
                    Rows Removed by Filter: 920110
              ->  Hash  (cost=67604.59..67604.59 rows=808770 width=4) (actual time=1125.638..1125.638 rows=812704 loops=1)
                    Buckets: 131072  Batches: 16  Memory Usage: 2812kB
                    ->  Seq Scan on title t  (cost=0.00..67604.59 rows=808770 width=4) (actual time=0.025..870.245 rows=812704 loops=1)
                          Filter: (production_year < 1995)
                          Rows Removed by Filter: 1715608
Planning time: 1.154 ms
Execution time: 30644.939 ms
