Hash Join  (cost=77354.40..1069093.55 rows=1299523 width=0) (actual time=4082.411..25895.006 rows=1682621 loops=1)
  Hash Cond: (ci.movie_id = t.id)
  ->  Seq Scan on cast_info ci  (cost=0.00..796071.18 rows=15727929 width=4) (actual time=3064.991..14642.393 rows=20262812 loops=1)
        Filter: ((person_id > 1169479) AND (role_id > 1))
        Rows Removed by Filter: 15981532
  ->  Hash  (cost=73925.90..73925.90 rows=208920 width=4) (actual time=1016.362..1016.362 rows=183835 loops=1)
        Buckets: 131072  Batches: 4  Memory Usage: 2649kB
        ->  Seq Scan on title t  (cost=0.00..73925.90 rows=208920 width=4) (actual time=0.115..951.521 rows=183835 loops=1)
              Filter: ((kind_id < 7) AND (production_year > 2009))
              Rows Removed by Filter: 2344477
Planning time: 0.843 ms
Execution time: 26065.161 ms
