Hash Join  (cost=92883.59..1188054.16 rows=12365254 width=0) (actual time=1707.709..26065.205 rows=12355011 loops=1)
  Hash Cond: (ci.movie_id = t.id)
  ->  Seq Scan on cast_info ci  (cost=0.00..705507.15 rows=20291977 width=4) (actual time=303.909..12034.025 rows=20414325 loops=1)
        Filter: (person_id > 1564684)
        Rows Removed by Filter: 15830019
  ->  Hash  (cost=67604.59..67604.59 rows=1540800 width=4) (actual time=1402.427..1402.427 rows=1543264 loops=1)
        Buckets: 131072  Batches: 32  Memory Usage: 2722kB
        ->  Seq Scan on title t  (cost=0.00..67604.59 rows=1540800 width=4) (actual time=0.037..928.922 rows=1543264 loops=1)
              Filter: (kind_id = 7)
              Rows Removed by Filter: 985048
Planning time: 0.782 ms
Execution time: 27261.448 ms
