Seq Scan on movie_companies mc  (cost=0.00..57926.93 rows=51 width=0) (actual time=198.221..680.257 rows=1 loops=1)
  Filter: ((company_id = 7404) AND (company_type_id = 1))
  Rows Removed by Filter: 2609128
Planning time: 0.405 ms
Execution time: 680.343 ms
