Seq Scan on movie_companies mc  (cost=0.00..51404.11 rows=1211347 width=0) (actual time=0.026..627.450 rows=1221917 loops=1)
  Filter: (company_id > 12003)
  Rows Removed by Filter: 1387212
Planning time: 0.320 ms
Execution time: 782.993 ms
