Hash Join  (cost=117967.42..243108.54 rows=257608 width=0) (actual time=1929.242..4159.101 rows=583950 loops=1)
  Hash Cond: (mk.movie_id = t.id)
  ->  Seq Scan on movie_keyword mk  (cost=0.00..69693.30 rows=4523930 width=4) (actual time=0.022..858.508 rows=4523930 loops=1)
  ->  Hash  (cost=115604.64..115604.64 rows=143983 width=8) (actual time=1927.524..1927.524 rows=103705 loops=1)
        Buckets: 131072  Batches: 2  Memory Usage: 3054kB
        ->  Hash Join  (cost=80562.70..115604.64 rows=143983 width=8) (actual time=1118.920..1890.864 rows=103705 loops=1)
              Hash Cond: (mi_idx.movie_id = t.id)
              ->  Seq Scan on movie_info_idx mi_idx  (cost=0.00..25185.44 rows=460978 width=4) (actual time=0.021..399.898 rows=459925 loops=1)
                    Filter: (info_type_id = 99)
                    Rows Removed by Filter: 920110
              ->  Hash  (cost=67604.59..67604.59 rows=789769 width=4) (actual time=1117.758..1117.758 rows=784926 loops=1)
                    Buckets: 131072  Batches: 16  Memory Usage: 2749kB
                    ->  Seq Scan on title t  (cost=0.00..67604.59 rows=789769 width=4) (actual time=0.008..873.862 rows=784926 loops=1)
                          Filter: (production_year > 2007)
                          Rows Removed by Filter: 1743386
Planning time: 1.155 ms
Execution time: 4226.928 ms
