Hash Join  (cost=184534.11..1337800.48 rows=11629221 width=0) (actual time=3955.734..46431.899 rows=48566343 loops=1)
  Hash Cond: (ci.movie_id = t.id)
  ->  Seq Scan on cast_info ci  (cost=0.00..614943.12 rows=36225612 width=4) (actual time=0.026..10363.408 rows=36244344 loops=1)
  ->  Hash  (cost=171216.70..171216.70 rows=811713 width=8) (actual time=3954.632..3954.632 rows=1487125 loops=1)
        Buckets: 131072 (originally 131072)  Batches: 32 (originally 16)  Memory Usage: 3073kB
        ->  Hash Join  (cost=83810.17..171216.70 rows=811713 width=8) (actual time=1214.224..3542.442 rows=1487125 loops=1)
              Hash Cond: (mc.movie_id = t.id)
              ->  Seq Scan on movie_companies mc  (cost=0.00..51404.11 rows=2077941 width=4) (actual time=0.033..799.656 rows=2074476 loops=1)
                    Filter: (company_id < 72478)
                    Rows Removed by Filter: 534653
              ->  Hash  (cost=67604.59..67604.59 rows=987727 width=4) (actual time=1213.469..1213.469 rows=985048 loops=1)
                    Buckets: 131072  Batches: 16  Memory Usage: 3188kB
                    ->  Seq Scan on title t  (cost=0.00..67604.59 rows=987727 width=4) (actual time=0.023..918.177 rows=985048 loops=1)
                          Filter: (kind_id < 7)
                          Rows Removed by Filter: 1543264
Planning time: 4.050 ms
Execution time: 51890.099 ms
