Seq Scan on movie_companies mc  (cost=0.00..51404.11 rows=104 width=0) (actual time=170.838..686.042 rows=4 loops=1)
  Filter: (company_id = 36204)
  Rows Removed by Filter: 2609125
Planning time: 0.408 ms
Execution time: 686.113 ms
