Hash Join  (cost=94978.31..208070.03 rows=869216 width=0) (actual time=1713.889..4150.679 rows=1043834 loops=1)
  Hash Cond: (mk.movie_id = t.id)
  ->  Seq Scan on movie_keyword mk  (cost=0.00..81003.12 rows=1317286 width=4) (actual time=0.020..1257.742 rows=1328957 loops=1)
        Filter: (keyword_id > 12961)
        Rows Removed by Filter: 3194973
  ->  Hash  (cost=67604.59..67604.59 rows=1668458 width=4) (actual time=1712.955..1712.955 rows=1671292 loops=1)
        Buckets: 131072  Batches: 32  Memory Usage: 2866kB
        ->  Seq Scan on title t  (cost=0.00..67604.59 rows=1668458 width=4) (actual time=0.015..1151.310 rows=1671292 loops=1)
              Filter: (production_year < 2008)
              Rows Removed by Filter: 857020
Planning time: 0.813 ms
Execution time: 4274.075 ms
