Seq Scan on cast_info ci  (cost=0.00..796071.18 rows=12420300 width=0) (actual time=0.024..12957.115 rows=7692918 loops=1)
  Filter: ((person_id < 2842416) AND (role_id > 2))
  Rows Removed by Filter: 28551426
Planning time: 0.353 ms
Execution time: 13884.819 ms
