Seq Scan on cast_info ci  (cost=0.00..705507.15 rows=500 width=0) (actual time=4152.826..9044.434 rows=343 loops=1)
  Filter: (person_id = 1250769)
  Rows Removed by Filter: 36244001
Planning time: 0.380 ms
Execution time: 9044.557 ms
