Hash Join  (cost=100950.68..871275.65 rows=8298 width=0) (actual time=1448.739..14858.594 rows=2720 loops=1)
  Hash Cond: (ci.movie_id = t.id)
  ->  Seq Scan on cast_info ci  (cost=0.00..705507.15 rows=17262630 width=4) (actual time=0.025..10333.010 rows=17142680 loops=1)
        Filter: (person_id < 1693532)
        Rows Removed by Filter: 19101664
  ->  Hash  (cost=100935.50..100935.50 rows=1215 width=8) (actual time=1426.047..1426.047 rows=2174 loops=1)
        Buckets: 4096 (originally 2048)  Batches: 1 (originally 1)  Memory Usage: 117kB
        ->  Hash Join  (cost=74009.24..100935.50 rows=1215 width=8) (actual time=957.960..1425.004 rows=2174 loops=1)
              Hash Cond: (mi_idx.movie_id = t.id)
              ->  Seq Scan on movie_info_idx mi_idx  (cost=0.00..25185.44 rows=460978 width=4) (actual time=0.022..378.945 rows=459925 loops=1)
                    Filter: (info_type_id = 99)
                    Rows Removed by Filter: 920110
              ->  Hash  (cost=73925.90..73925.90 rows=6667 width=4) (actual time=950.106..950.106 rows=15787 loops=1)
                    Buckets: 16384 (originally 8192)  Batches: 1 (originally 1)  Memory Usage: 684kB
                    ->  Seq Scan on title t  (cost=0.00..73925.90 rows=6667 width=4) (actual time=339.663..943.588 rows=15787 loops=1)
                          Filter: ((kind_id < 7) AND (production_year < 1906))
                          Rows Removed by Filter: 2512525
Planning time: 1.407 ms
Execution time: 14859.552 ms
