Hash Join  (cost=128195.41..220843.81 rows=1056 width=0) (actual time=2106.160..3991.739 rows=8322 loops=1)
  Hash Cond: (mk.movie_id = t.id)
  ->  Seq Scan on movie_keyword mk  (cost=0.00..81003.12 rows=3102591 width=4) (actual time=0.027..1437.467 rows=3090000 loops=1)
        Filter: (keyword_id < 11662)
        Rows Removed by Filter: 1433930
  ->  Hash  (cost=128184.65..128184.65 rows=861 width=8) (actual time=2103.485..2103.485 rows=1632 loops=1)
        Buckets: 2048 (originally 1024)  Batches: 1 (originally 1)  Memory Usage: 80kB
        ->  Hash Join  (cost=73962.22..128184.65 rows=861 width=8) (actual time=1074.360..2102.478 rows=1632 loops=1)
              Hash Cond: (mc.movie_id = t.id)
              ->  Seq Scan on movie_companies mc  (cost=0.00..51404.11 rows=749255 width=4) (actual time=0.021..900.845 rows=753781 loops=1)
                    Filter: (company_id > 36392)
                    Rows Removed by Filter: 1855348
              ->  Hash  (cost=73925.90..73925.90 rows=2905 width=4) (actual time=1072.250..1072.250 rows=3172 loops=1)
                    Buckets: 4096  Batches: 1  Memory Usage: 144kB
                    ->  Seq Scan on title t  (cost=0.00..73925.90 rows=2905 width=4) (actual time=0.137..1070.507 rows=3172 loops=1)
                          Filter: ((kind_id < 7) AND (production_year = 1953))
                          Rows Removed by Filter: 2525140
Planning time: 1.160 ms
Execution time: 3993.072 ms
