Seq Scan on cast_info ci  (cost=0.00..796071.18 rows=12221575 width=0) (actual time=1228.122..14170.775 rows=12670688 loops=1)
  Filter: ((person_id < 3779334) AND (role_id < 2))
  Rows Removed by Filter: 23573656
Planning time: 0.377 ms
Execution time: 15806.758 ms
