Hash Join  (cost=83073.49..845506.56 rows=577 width=0) (actual time=4166.956..14187.782 rows=18128 loops=1)
  Hash Cond: (ci.movie_id = t.id)
  ->  Seq Scan on cast_info ci  (cost=0.00..705507.15 rows=15178711 width=4) (actual time=3089.819..10237.107 rows=15322240 loops=1)
        Filter: (person_id > 2108916)
        Rows Removed by Filter: 20922104
  ->  Hash  (cost=83072.29..83072.29 rows=96 width=8) (actual time=1076.923..1076.923 rows=825 loops=1)
        Buckets: 1024  Batches: 1  Memory Usage: 41kB
        ->  Nested Loop  (cost=0.43..83072.29 rows=96 width=8) (actual time=0.864..1076.337 rows=825 loops=1)
              ->  Seq Scan on movie_keyword mk  (cost=0.00..81003.12 rows=246 width=4) (actual time=0.803..1052.556 rows=913 loops=1)
                    Filter: (keyword_id = 2516)
                    Rows Removed by Filter: 4523017
              ->  Index Scan using title_pkey on title t  (cost=0.43..8.40 rows=1 width=4) (actual time=0.024..0.025 rows=1 loops=913)
                    Index Cond: (id = mk.movie_id)
                    Filter: (kind_id < 7)
                    Rows Removed by Filter: 0
Planning time: 1.212 ms
Execution time: 14192.175 ms
