Hash Join  (cost=101098.28..187859.52 rows=10320 width=0) (actual time=1467.716..3124.436 rows=135553 loops=1)
  Hash Cond: (mk.movie_id = t.id)
  ->  Seq Scan on movie_keyword mk  (cost=0.00..69693.30 rows=4523930 width=4) (actual time=0.025..791.964 rows=4523930 loops=1)
  ->  Hash  (cost=101026.18..101026.18 rows=5768 width=8) (actual time=1465.241..1465.241 rows=13129 loops=1)
        Buckets: 16384 (originally 8192)  Batches: 1 (originally 1)  Memory Usage: 641kB
        ->  Hash Join  (cost=74058.02..101026.18 rows=5768 width=8) (actual time=915.855..1460.112 rows=13129 loops=1)
              Hash Cond: (mi_idx.movie_id = t.id)
              ->  Seq Scan on movie_info_idx mi_idx  (cost=0.00..21735.35 rows=1380035 width=4) (actual time=0.018..241.819 rows=1380035 loops=1)
              ->  Hash  (cost=73925.90..73925.90 rows=10569 width=4) (actual time=915.333..915.333 rows=10528 loops=1)
                    Buckets: 16384  Batches: 1  Memory Usage: 499kB
                    ->  Seq Scan on title t  (cost=0.00..73925.90 rows=10569 width=4) (actual time=0.271..910.625 rows=10528 loops=1)
                          Filter: ((kind_id < 7) AND (production_year = 1993))
                          Rows Removed by Filter: 2517784
Planning time: 1.126 ms
Execution time: 3142.491 ms
