Seq Scan on cast_info ci  (cost=0.00..796071.18 rows=3693250 width=0) (actual time=5333.556..13308.908 rows=4008037 loops=1)
  Filter: ((person_id < 3529808) AND (role_id = 3))
  Rows Removed by Filter: 32236307
Planning time: 0.402 ms
Execution time: 13763.862 ms
