Hash Join  (cost=100972.04..155668.40 rows=3083 width=0) (actual time=1476.987..2480.713 rows=10293 loops=1)
  Hash Cond: (mc.movie_id = t.id)
  ->  Seq Scan on movie_companies mc  (cost=0.00..44881.29 rows=2609129 width=4) (actual time=0.015..500.756 rows=2609129 loops=1)
  ->  Hash  (cost=100934.69..100934.69 rows=2988 width=8) (actual time=1474.790..1474.790 rows=4317 loops=1)
        Buckets: 8192 (originally 4096)  Batches: 1 (originally 1)  Memory Usage: 233kB
        ->  Hash Join  (cost=73994.33..100934.69 rows=2988 width=8) (actual time=948.564..1472.985 rows=4317 loops=1)
              Hash Cond: (mi_idx.movie_id = t.id)
              ->  Seq Scan on movie_info_idx mi_idx  (cost=0.00..21735.35 rows=1380035 width=4) (actual time=0.021..226.237 rows=1380035 loops=1)
              ->  Hash  (cost=73925.90..73925.90 rows=5474 width=4) (actual time=948.098..948.098 rows=10142 loops=1)
                    Buckets: 16384 (originally 8192)  Batches: 1 (originally 1)  Memory Usage: 485kB
                    ->  Seq Scan on title t  (cost=0.00..73925.90 rows=5474 width=4) (actual time=0.180..943.130 rows=10142 loops=1)
                          Filter: ((kind_id > 1) AND (production_year = 1973))
                          Rows Removed by Filter: 2518170
Planning time: 1.232 ms
Execution time: 2482.381 ms
