Hash Join  (cost=81530.55..884831.73 rows=88045 width=0) (actual time=9114.073..13383.558 rows=25358 loops=1)
  Hash Cond: (ci.movie_id = t.id)
  ->  Seq Scan on cast_info ci  (cost=0.00..796071.18 rows=262281 width=4) (actual time=7796.523..11869.895 rows=89520 loops=1)
        Filter: ((person_id < 2788307) AND (role_id > 10))
        Rows Removed by Filter: 36154824
  ->  Hash  (cost=67604.59..67604.59 rows=848797 width=4) (actual time=1316.336..1316.336 rows=849141 loops=1)
        Buckets: 131072  Batches: 16  Memory Usage: 2892kB
        ->  Seq Scan on title t  (cost=0.00..67604.59 rows=848797 width=4) (actual time=0.029..1044.991 rows=849141 loops=1)
              Filter: (production_year < 1996)
              Rows Removed by Filter: 1679171
Planning time: 0.770 ms
Execution time: 13386.938 ms
