Hash Join  (cost=83074.74..833899.15 rows=3524 width=0) (actual time=1046.243..13767.966 rows=13461 loops=1)
  Hash Cond: (ci.movie_id = t.id)
  ->  Seq Scan on cast_info ci  (cost=0.00..614943.12 rows=36225612 width=4) (actual time=0.022..6382.004 rows=36244344 loops=1)
  ->  Hash  (cost=83071.67..83071.67 rows=246 width=8) (actual time=1044.862..1044.862 rows=185 loops=1)
        Buckets: 1024  Batches: 1  Memory Usage: 16kB
        ->  Nested Loop  (cost=0.43..83071.67 rows=246 width=8) (actual time=14.934..1044.648 rows=185 loops=1)
              ->  Seq Scan on movie_keyword mk  (cost=0.00..81003.12 rows=246 width=4) (actual time=14.843..1038.957 rows=185 loops=1)
                    Filter: (keyword_id = 8148)
                    Rows Removed by Filter: 4523745
              ->  Index Only Scan using title_pkey on title t  (cost=0.43..8.40 rows=1 width=4) (actual time=0.028..0.028 rows=1 loops=185)
                    Index Cond: (id = mk.movie_id)
                    Heap Fetches: 185
Planning time: 1.189 ms
Execution time: 13771.587 ms
