Seq Scan on movie_keyword mk  (cost=0.00..81003.12 rows=246 width=0) (actual time=54.706..946.039 rows=50 loops=1)
  Filter: (keyword_id = 50398)
  Rows Removed by Filter: 4523880
Planning time: 0.377 ms
Execution time: 946.159 ms
