Hash Join  (cost=168296.41..1264538.16 rows=6078058 width=0) (actual time=3376.547..37068.148 rows=18750899 loops=1)
  Hash Cond: (ci.movie_id = t.id)
  ->  Seq Scan on cast_info ci  (cost=0.00..614943.12 rows=36225612 width=4) (actual time=0.016..10577.042 rows=36244344 loops=1)
  ->  Hash  (cost=161335.35..161335.35 rows=424245 width=8) (actual time=3375.383..3375.383 rows=813282 loops=1)
        Buckets: 131072 (originally 131072)  Batches: 16 (originally 8)  Memory Usage: 3073kB
        ->  Hash Join  (cost=87162.74..161335.35 rows=424245 width=8) (actual time=1333.718..3130.639 rows=813282 loops=1)
              Hash Cond: (mc.movie_id = t.id)
              ->  Seq Scan on movie_companies mc  (cost=0.00..51404.11 rows=1329612 width=4) (actual time=0.019..812.027 rows=1334883 loops=1)
                    Filter: (company_type_id = 2)
                    Rows Removed by Filter: 1274246
              ->  Hash  (cost=73925.90..73925.90 rows=806787 width=4) (actual time=1332.510..1332.510 rows=843018 loops=1)
                    Buckets: 131072  Batches: 16  Memory Usage: 2879kB
                    ->  Seq Scan on title t  (cost=0.00..73925.90 rows=806787 width=4) (actual time=0.020..1079.206 rows=843018 loops=1)
                          Filter: ((kind_id < 7) AND (production_year < 2011))
                          Rows Removed by Filter: 1685294
Planning time: 1.617 ms
Execution time: 39390.303 ms
