Seq Scan on cast_info ci  (cost=0.00..705507.15 rows=500 width=0) (actual time=3133.874..8305.818 rows=6 loops=1)
  Filter: (person_id = 2095053)
  Rows Removed by Filter: 36244338
Planning time: 0.376 ms
Execution time: 8305.890 ms
