Seq Scan on cast_info ci  (cost=0.00..796071.18 rows=17677345 width=0) (actual time=1013.233..13040.265 rows=19329787 loops=1)
  Filter: ((person_id < 2028019) AND (role_id < 10))
  Rows Removed by Filter: 16914557
Planning time: 0.372 ms
Execution time: 15450.037 ms
