Hash Join  (cost=67697.55..819552.20 rows=106548 width=0) (actual time=767.036..15590.240 rows=26524 loops=1)
  Hash Cond: (ci.movie_id = t.id)
  ->  Seq Scan on cast_info ci  (cost=0.00..614943.12 rows=36225612 width=4) (actual time=0.017..6659.826 rows=36244344 loops=1)
  ->  Hash  (cost=67604.59..67604.59 rows=7437 width=4) (actual time=764.460..764.460 rows=7770 loops=1)
        Buckets: 8192  Batches: 1  Memory Usage: 338kB
        ->  Seq Scan on title t  (cost=0.00..67604.59 rows=7437 width=4) (actual time=311.963..761.348 rows=7770 loops=1)
              Filter: (production_year = 1912)
              Rows Removed by Filter: 2520542
Planning time: 0.796 ms
Execution time: 15595.144 ms
