Hash Join  (cost=709678.15..736591.36 rows=273 width=0) (actual time=8932.865..9356.075 rows=147 loops=1)
  Hash Cond: (mi_idx.movie_id = t.id)
  ->  Seq Scan on movie_info_idx mi_idx  (cost=0.00..21735.35 rows=1380035 width=4) (actual time=0.015..204.958 rows=1380035 loops=1)
  ->  Hash  (cost=709671.90..709671.90 rows=500 width=8) (actual time=8930.183..8930.183 rows=60 loops=1)
        Buckets: 1024  Batches: 1  Memory Usage: 11kB
        ->  Nested Loop  (cost=0.43..709671.90 rows=500 width=8) (actual time=50.604..8930.113 rows=60 loops=1)
              ->  Seq Scan on cast_info ci  (cost=0.00..705507.15 rows=500 width=4) (actual time=50.506..8928.688 rows=60 loops=1)
                    Filter: (person_id = 202743)
                    Rows Removed by Filter: 36244284
              ->  Index Only Scan using title_pkey on title t  (cost=0.43..8.32 rows=1 width=4) (actual time=0.021..0.021 rows=1 loops=60)
                    Index Cond: (id = ci.movie_id)
                    Heap Fetches: 60
Planning time: 1.200 ms
Execution time: 9356.218 ms
