Hash Join  (cost=529314.03..696492.46 rows=3243848 width=0) (actual time=9689.896..15931.613 rows=12068836 loops=1)
  Hash Cond: (mk.movie_id = t.id)
  ->  Seq Scan on movie_keyword mk  (cost=0.00..69693.30 rows=4523930 width=4) (actual time=0.014..1103.271 rows=4523930 loops=1)
  ->  Hash  (cost=499567.78..499567.78 rows=1813060 width=8) (actual time=9688.419..9688.419 rows=2015049 loops=1)
        Buckets: 131072  Batches: 32  Memory Usage: 3476kB
        ->  Hash Join  (cost=88359.31..499567.78 rows=1813060 width=8) (actual time=2470.691..9070.540 rows=2015049 loops=1)
              Hash Cond: (mi.movie_id = t.id)
              ->  Seq Scan on movie_info mi  (cost=0.00..346232.03 rows=3623957 width=4) (actual time=1077.808..4714.098 rows=3624977 loops=1)
                    Filter: (info_type_id < 4)
                    Rows Removed by Filter: 11210743
              ->  Hash  (cost=67604.59..67604.59 rows=1265018 width=4) (actual time=1391.419..1391.419 rows=1263700 loops=1)
                    Buckets: 131072  Batches: 32  Memory Usage: 2419kB
                    ->  Seq Scan on title t  (cost=0.00..67604.59 rows=1265018 width=4) (actual time=0.022..973.913 rows=1263700 loops=1)
                          Filter: (production_year < 2004)
                          Rows Removed by Filter: 1264612
Planning time: 1.163 ms
Execution time: 17388.439 ms
