Hash Join  (cost=261084.60..863522.83 rows=9766339 width=0) (actual time=5624.551..39906.986 rows=94822439 loops=1)
  Hash Cond: (mi.movie_id = t.id)
  ->  Seq Scan on movie_info mi  (cost=0.00..309384.22 rows=14739122 width=4) (actual time=0.020..4705.853 rows=14835720 loops=1)
  ->  Hash  (cost=233596.65..233596.65 rows=1675436 width=8) (actual time=5623.027..5623.027 rows=1917407 loops=1)
        Buckets: 131072  Batches: 32  Memory Usage: 3433kB
        ->  Hash Join  (cost=101489.21..233596.65 rows=1675436 width=8) (actual time=1778.336..5057.607 rows=1917407 loops=1)
              Hash Cond: (mk.movie_id = t.id)
              ->  Seq Scan on movie_keyword mk  (cost=0.00..81003.12 rows=2051190 width=4) (actual time=0.026..1386.387 rows=2058733 loops=1)
                    Filter: (keyword_id < 3661)
                    Rows Removed by Filter: 2465197
              ->  Hash  (cost=67604.59..67604.59 rows=2065330 width=4) (actual time=1776.887..1776.887 rows=2064552 loops=1)
                    Buckets: 131072  Batches: 32  Memory Usage: 3298kB
                    ->  Seq Scan on title t  (cost=0.00..67604.59 rows=2065330 width=4) (actual time=0.012..1094.103 rows=2064552 loops=1)
                          Filter: (production_year < 2011)
                          Rows Removed by Filter: 463760
Planning time: 1.188 ms
Execution time: 50266.435 ms
