Seq Scan on movie_keyword mk  (cost=0.00..81003.12 rows=246 width=0) (actual time=2.148..1098.225 rows=355 loops=1)
  Filter: (keyword_id = 2995)
  Rows Removed by Filter: 4523575
Planning time: 0.372 ms
Execution time: 1098.473 ms
