Seq Scan on movie_keyword mk  (cost=0.00..81003.12 rows=246 width=0) (actual time=0.286..1021.915 rows=686 loops=1)
  Filter: (keyword_id = 20099)
  Rows Removed by Filter: 4523244
Planning time: 0.382 ms
Execution time: 1022.194 ms
