Hash Join  (cost=183024.79..1345731.49 rows=12548154 width=0) (actual time=4600.033..43561.163 rows=28140606 loops=1)
  Hash Cond: (ci.movie_id = t.id)
  ->  Seq Scan on cast_info ci  (cost=0.00..614943.12 rows=36225612 width=4) (actual time=0.014..13292.523 rows=36244344 loops=1)
  ->  Hash  (cost=168654.61..168654.61 rows=875854 width=8) (actual time=4599.021..4599.021 rows=1214571 loops=1)
        Buckets: 131072  Batches: 16  Memory Usage: 4002kB
        ->  Hash Join  (cost=81530.55..168654.61 rows=875854 width=8) (actual time=1542.277..4244.408 rows=1214571 loops=1)
              Hash Cond: (mc.movie_id = t.id)
              ->  Seq Scan on movie_companies mc  (cost=0.00..44881.29 rows=2609129 width=4) (actual time=0.022..877.779 rows=2609129 loops=1)
              ->  Hash  (cost=67604.59..67604.59 rows=848797 width=4) (actual time=1541.141..1541.141 rows=849141 loops=1)
                    Buckets: 131072  Batches: 16  Memory Usage: 2892kB
                    ->  Seq Scan on title t  (cost=0.00..67604.59 rows=848797 width=4) (actual time=0.025..1262.388 rows=849141 loops=1)
                          Filter: (production_year < 1996)
                          Rows Removed by Filter: 1679171
Planning time: 1.207 ms
Execution time: 46462.249 ms
