Hash Join  (cost=74870.67..102193.66 rows=41251 width=0) (actual time=1131.672..1454.189 rows=69378 loops=1)
  Hash Cond: (mi_idx.movie_id = t.id)
  ->  Seq Scan on movie_info_idx mi_idx  (cost=0.00..21735.35 rows=1380035 width=4) (actual time=0.016..187.071 rows=1380035 loops=1)
  ->  Hash  (cost=73925.90..73925.90 rows=75581 width=4) (actual time=984.122..984.122 rows=80563 loops=1)
        Buckets: 131072  Batches: 1  Memory Usage: 3857kB
        ->  Seq Scan on title t  (cost=0.00..73925.90 rows=75581 width=4) (actual time=201.611..952.103 rows=80563 loops=1)
              Filter: ((production_year < 2008) AND (kind_id = 4))
              Rows Removed by Filter: 2447749
Planning time: 0.869 ms
Execution time: 1462.152 ms
