Seq Scan on movie_companies mc  (cost=0.00..57926.93 rows=865512 width=0) (actual time=0.012..901.212 rows=680985 loops=1)
  Filter: ((company_id > 2193) AND (company_type_id < 2))
  Rows Removed by Filter: 1928144
Planning time: 0.435 ms
Execution time: 994.025 ms
