Hash Join  (cost=102767.86..1416097.59 rows=21085942 width=0) (actual time=1683.070..37244.049 rows=22562691 loops=1)
  Hash Cond: (ci.movie_id = t.id)
  ->  Seq Scan on cast_info ci  (cost=0.00..796071.18 rows=21085942 width=4) (actual time=0.020..16696.331 rows=22562691 loops=1)
        Filter: ((person_id > 345382) AND (role_id > 1))
        Rows Removed by Filter: 13681653
  ->  Hash  (cost=61283.27..61283.27 rows=2528527 width=4) (actual time=1681.682..1681.682 rows=2528312 loops=1)
        Buckets: 131072  Batches: 64  Memory Usage: 2415kB
        ->  Seq Scan on title t  (cost=0.00..61283.27 rows=2528527 width=4) (actual time=0.014..853.448 rows=2528312 loops=1)
Planning time: 0.780 ms
Execution time: 39864.631 ms
