Hash Join  (cost=52284.99..803089.06 rows=1490 width=0) (actual time=480.518..14325.512 rows=36301 loops=1)
  Hash Cond: (ci.movie_id = t.id)
  ->  Seq Scan on cast_info ci  (cost=0.00..614943.12 rows=36225612 width=4) (actual time=0.010..6676.147 rows=36244344 loops=1)
  ->  Hash  (cost=52283.69..52283.69 rows=104 width=8) (actual time=480.346..480.346 rows=589 loops=1)
        Buckets: 1024  Batches: 1  Memory Usage: 32kB
        ->  Nested Loop  (cost=0.43..52283.69 rows=104 width=8) (actual time=3.028..480.009 rows=589 loops=1)
              ->  Seq Scan on movie_companies mc  (cost=0.00..51404.11 rows=104 width=4) (actual time=2.976..467.044 rows=589 loops=1)
                    Filter: (company_id = 4616)
                    Rows Removed by Filter: 2608540
              ->  Index Only Scan using title_pkey on title t  (cost=0.43..8.45 rows=1 width=4) (actual time=0.021..0.021 rows=1 loops=589)
                    Index Cond: (id = mc.movie_id)
                    Heap Fetches: 589
Planning time: 1.154 ms
Execution time: 14333.360 ms
