Hash Join  (cost=67697.55..154488.65 rows=13306 width=0) (actual time=796.354..2269.665 rows=22799 loops=1)
  Hash Cond: (mk.movie_id = t.id)
  ->  Seq Scan on movie_keyword mk  (cost=0.00..69693.30 rows=4523930 width=4) (actual time=0.013..684.979 rows=4523930 loops=1)
  ->  Hash  (cost=67604.59..67604.59 rows=7437 width=4) (actual time=795.332..795.332 rows=6346 loops=1)
        Buckets: 8192  Batches: 1  Memory Usage: 288kB
        ->  Seq Scan on title t  (cost=0.00..67604.59 rows=7437 width=4) (actual time=0.022..792.209 rows=6346 loops=1)
              Filter: (production_year = 1952)
              Rows Removed by Filter: 2521966
Planning time: 0.805 ms
Execution time: 2272.802 ms
