Hash Join  (cost=152043.38..179171.55 rows=21769 width=0) (actual time=2378.734..2997.438 rows=55491 loops=1)
  Hash Cond: (mi_idx.movie_id = t.id)
  ->  Seq Scan on movie_info_idx mi_idx  (cost=0.00..21735.35 rows=1380035 width=4) (actual time=0.015..262.822 rows=1380035 loops=1)
  ->  Hash  (cost=151544.82..151544.82 rows=39885 width=8) (actual time=2374.759..2374.759 rows=58014 loops=1)
        Buckets: 65536  Batches: 1  Memory Usage: 2779kB
        ->  Hash Join  (cost=92883.59..151544.82 rows=39885 width=8) (actual time=1625.210..2355.640 rows=58014 loops=1)
              Hash Cond: (mc.movie_id = t.id)
              ->  Seq Scan on movie_companies mc  (cost=0.00..51404.11 rows=65454 width=4) (actual time=0.095..668.363 rows=66787 loops=1)
                    Filter: (company_id < 7)
                    Rows Removed by Filter: 2542342
              ->  Hash  (cost=67604.59..67604.59 rows=1540800 width=4) (actual time=1411.570..1411.570 rows=1543264 loops=1)
                    Buckets: 131072  Batches: 32  Memory Usage: 2722kB
                    ->  Seq Scan on title t  (cost=0.00..67604.59 rows=1540800 width=4) (actual time=0.016..983.710 rows=1543264 loops=1)
                          Filter: (kind_id = 7)
                          Rows Removed by Filter: 985048
Planning time: 1.221 ms
Execution time: 3004.813 ms
