Seq Scan on movie_companies mc  (cost=0.00..51404.11 rows=104 width=0) (actual time=460.403..656.325 rows=5 loops=1)
  Filter: (company_id = 76694)
  Rows Removed by Filter: 2609124
Planning time: 0.366 ms
Execution time: 656.395 ms
