Seq Scan on movie_keyword mk  (cost=0.00..81003.12 rows=2413272 width=0) (actual time=0.015..1250.374 rows=2413256 loops=1)
  Filter: (keyword_id < 5673)
  Rows Removed by Filter: 2110674
Planning time: 0.365 ms
Execution time: 1556.059 ms
