Hash Join  (cost=75458.68..199497.19 rows=167147 width=0) (actual time=1216.189..3926.594 rows=91469 loops=1)
  Hash Cond: (mk.movie_id = t.id)
  ->  Seq Scan on movie_keyword mk  (cost=0.00..69693.30 rows=4523930 width=4) (actual time=0.024..1344.699 rows=4523930 loops=1)
  ->  Hash  (cost=73925.90..73925.90 rows=93422 width=4) (actual time=1208.859..1208.859 rows=100754 loops=1)
        Buckets: 131072  Batches: 2  Memory Usage: 2808kB
        ->  Seq Scan on title t  (cost=0.00..73925.90 rows=93422 width=4) (actual time=0.021..1167.524 rows=100754 loops=1)
              Filter: ((kind_id > 1) AND (production_year = 2008))
              Rows Removed by Filter: 2427558
Planning time: 1.551 ms
Execution time: 3939.208 ms
