Hash Join  (cost=102951.51..646225.95 rows=7533891 width=0) (actual time=1738.303..13381.540 rows=7094732 loops=1)
  Hash Cond: (mi.movie_id = t.id)
  ->  Seq Scan on movie_info mi  (cost=0.00..346232.03 rows=8841901 width=4) (actual time=0.023..5229.223 rows=8950757 loops=1)
        Filter: (info_type_id > 6)
        Rows Removed by Filter: 5884963
  ->  Hash  (cost=67604.59..67604.59 rows=2154474 width=4) (actual time=1737.482..1737.482 rows=2146684 loops=1)
        Buckets: 131072  Batches: 32  Memory Usage: 3394kB
        ->  Seq Scan on title t  (cost=0.00..67604.59 rows=2154474 width=4) (actual time=0.018..1054.951 rows=2146684 loops=1)
              Filter: (production_year > 1965)
              Rows Removed by Filter: 381628
Planning time: 0.755 ms
Execution time: 14148.936 ms
