Hash Join  (cost=102207.05..188172.14 rows=15311 width=0) (actual time=1379.382..2610.670 rows=73354 loops=1)
  Hash Cond: (mk.movie_id = t.id)
  ->  Seq Scan on movie_keyword mk  (cost=0.00..81003.12 rows=1282362 width=4) (actual time=0.018..999.231 rows=1294227 loops=1)
        Filter: (keyword_id < 1681)
        Rows Removed by Filter: 3229703
  ->  Hash  (cost=101829.69..101829.69 rows=30189 width=8) (actual time=1379.107..1379.107 rows=39380 loops=1)
        Buckets: 65536 (originally 32768)  Batches: 1 (originally 1)  Memory Usage: 2051kB
        ->  Hash Join  (cost=74617.32..101829.69 rows=30189 width=8) (actual time=869.360..1366.626 rows=39380 loops=1)
              Hash Cond: (mi_idx.movie_id = t.id)
              ->  Seq Scan on movie_info_idx mi_idx  (cost=0.00..21735.35 rows=1380035 width=4) (actual time=0.020..197.159 rows=1380035 loops=1)
              ->  Hash  (cost=73925.90..73925.90 rows=55313 width=4) (actual time=869.004..869.004 rows=49075 loops=1)
                    Buckets: 65536  Batches: 1  Memory Usage: 2238kB
                    ->  Seq Scan on title t  (cost=0.00..73925.90 rows=55313 width=4) (actual time=0.024..849.665 rows=49075 loops=1)
                          Filter: ((kind_id < 7) AND (production_year = 2010))
                          Rows Removed by Filter: 2479237
Planning time: 1.258 ms
Execution time: 2619.540 ms
