Seq Scan on movie_keyword mk  (cost=0.00..81003.12 rows=246 width=0) (actual time=0.259..1131.943 rows=769 loops=1)
  Filter: (keyword_id = 2992)
  Rows Removed by Filter: 4523161
Planning time: 0.343 ms
Execution time: 1132.286 ms
