Hash Join  (cost=152208.51..639189.70 rows=672426 width=0) (actual time=2500.413..12153.951 rows=453919 loops=1)
  Hash Cond: (mi.movie_id = t.id)
  ->  Seq Scan on movie_info mi  (cost=0.00..309384.22 rows=14739122 width=4) (actual time=0.022..4429.290 rows=14835720 loops=1)
  ->  Hash  (cost=150315.56..150315.56 rows=115356 width=8) (actual time=2499.347..2499.347 rows=68022 loops=1)
        Buckets: 131072  Batches: 2  Memory Usage: 2362kB
        ->  Hash Join  (cost=82955.72..150315.56 rows=115356 width=8) (actual time=1144.407..2473.490 rows=68022 loops=1)
              Hash Cond: (mc.movie_id = t.id)
              ->  Seq Scan on movie_companies mc  (cost=0.00..57926.93 rows=529959 width=4) (actual time=55.840..850.582 rows=834302 loops=1)
                    Filter: ((company_id > 14992) AND (company_type_id = 2))
                    Rows Removed by Filter: 1774827
              ->  Hash  (cost=73925.90..73925.90 rows=550385 width=4) (actual time=1087.668..1087.668 rows=602403 loops=1)
                    Buckets: 131072  Batches: 8  Memory Usage: 3672kB
                    ->  Seq Scan on title t  (cost=0.00..73925.90 rows=550385 width=4) (actual time=0.018..906.329 rows=602403 loops=1)
                          Filter: ((production_year > 2006) AND (kind_id = 7))
                          Rows Removed by Filter: 1925909
Planning time: 1.249 ms
Execution time: 12215.769 ms
