Hash Join  (cost=102767.86..1304193.78 rows=20199063 width=0) (actual time=1619.183..29857.361 rows=20083159 loops=1)
  Hash Cond: (ci.movie_id = t.id)
  ->  Seq Scan on cast_info ci  (cost=0.00..705507.15 rows=20199063 width=4) (actual time=0.037..12095.672 rows=20083159 loops=1)
        Filter: (person_id < 2016801)
        Rows Removed by Filter: 16161185
  ->  Hash  (cost=61283.27..61283.27 rows=2528527 width=4) (actual time=1617.278..1617.278 rows=2528312 loops=1)
        Buckets: 131072  Batches: 64  Memory Usage: 2415kB
        ->  Seq Scan on title t  (cost=0.00..61283.27 rows=2528527 width=4) (actual time=0.020..766.845 rows=2528312 loops=1)
Planning time: 0.698 ms
Execution time: 32090.902 ms
