Hash Join  (cost=191999.48..320491.16 rows=1060976 width=0) (actual time=3501.198..6116.386 rows=716456 loops=1)
  Hash Cond: (mk.movie_id = t.id)
  ->  Seq Scan on movie_keyword mk  (cost=0.00..81003.12 rows=2874079 width=4) (actual time=0.025..1396.234 rows=2863449 loops=1)
        Filter: (keyword_id > 2546)
        Rows Removed by Filter: 1660481
  ->  Hash  (cost=176684.81..176684.81 rows=933414 width=8) (actual time=3332.724..3332.724 rows=363317 loops=1)
        Buckets: 131072  Batches: 16  Memory Usage: 1897kB
        ->  Hash Join  (cost=88767.14..176684.81 rows=933414 width=8) (actual time=1450.896..3252.717 rows=363317 loops=1)
              Hash Cond: (mc.movie_id = t.id)
              ->  Seq Scan on movie_companies mc  (cost=0.00..44881.29 rows=2609129 width=4) (actual time=0.029..700.416 rows=2609129 loops=1)
              ->  Hash  (cost=73925.90..73925.90 rows=904579 width=4) (actual time=1250.232..1250.232 rows=992072 loops=1)
                    Buckets: 131072  Batches: 16  Memory Usage: 3212kB
                    ->  Seq Scan on title t  (cost=0.00..73925.90 rows=904579 width=4) (actual time=202.606..971.193 rows=992072 loops=1)
                          Filter: ((production_year > 1998) AND (kind_id = 7))
                          Rows Removed by Filter: 1536240
Planning time: 1.500 ms
Execution time: 6199.196 ms
