Hash Join  (cost=273954.76..895606.42 rows=11566983 width=0) (actual time=5719.184..40959.778 rows=96316441 loops=1)
  Hash Cond: (mi.movie_id = t.id)
  ->  Seq Scan on movie_info mi  (cost=0.00..309384.22 rows=14739122 width=4) (actual time=0.022..4241.792 rows=14835720 loops=1)
  ->  Hash  (cost=241398.51..241398.51 rows=1984340 width=8) (actual time=5717.888..5717.888 rows=1984712 loops=1)
        Buckets: 131072  Batches: 32  Memory Usage: 3510kB
        ->  Hash Join  (cost=102767.86..241398.51 rows=1984340 width=8) (actual time=1509.432..5214.187 rows=1984712 loops=1)
              Hash Cond: (mk.movie_id = t.id)
              ->  Seq Scan on movie_keyword mk  (cost=0.00..81003.12 rows=1984340 width=4) (actual time=0.015..1308.062 rows=1984712 loops=1)
                    Filter: (keyword_id < 3511)
                    Rows Removed by Filter: 2539218
              ->  Hash  (cost=61283.27..61283.27 rows=2528527 width=4) (actual time=1508.426..1508.426 rows=2528312 loops=1)
                    Buckets: 131072  Batches: 64  Memory Usage: 2425kB
                    ->  Seq Scan on title t  (cost=0.00..61283.27 rows=2528527 width=4) (actual time=0.023..708.975 rows=2528312 loops=1)
Planning time: 1.136 ms
Execution time: 51817.064 ms
