Hash Join  (cost=1298069.26..2435417.07 rows=49537756 width=0) (actual time=21251.046..39622.628 rows=24402997 loops=1)
  Hash Cond: (mi.movie_id = t.id)
  ->  Seq Scan on movie_info mi  (cost=0.00..309384.22 rows=14739122 width=4) (actual time=0.026..4226.099 rows=14835720 loops=1)
  ->  Hash  (cost=1158643.45..1158643.45 rows=8498305 width=8) (actual time=21249.056..21249.056 rows=5208133 loops=1)
        Buckets: 131072  Batches: 128  Memory Usage: 2574kB
        ->  Hash Join  (cost=92883.59..1158643.45 rows=8498305 width=8) (actual time=1465.543..19917.580 rows=5208133 loops=1)
              Hash Cond: (ci.movie_id = t.id)
              ->  Seq Scan on cast_info ci  (cost=0.00..796071.18 rows=13946127 width=4) (actual time=0.041..12765.454 rows=8682589 loops=1)
                    Filter: ((person_id < 2161818) AND (role_id > 1))
                    Rows Removed by Filter: 27561755
              ->  Hash  (cost=67604.59..67604.59 rows=1540800 width=4) (actual time=1463.935..1463.935 rows=1543264 loops=1)
                    Buckets: 131072  Batches: 32  Memory Usage: 2722kB
                    ->  Seq Scan on title t  (cost=0.00..67604.59 rows=1540800 width=4) (actual time=110.586..963.577 rows=1543264 loops=1)
                          Filter: (kind_id = 7)
                          Rows Removed by Filter: 985048
Planning time: 1.199 ms
Execution time: 42040.410 ms
