Hash Join  (cost=426177.42..1228324.50 rows=13595 width=0) (actual time=5410.649..16263.578 rows=2890 loops=1)
  Hash Cond: (ci.movie_id = t.id)
  ->  Seq Scan on cast_info ci  (cost=0.00..796071.18 rows=1583987 width=4) (actual time=0.105..10665.868 rows=1084017 loops=1)
        Filter: ((person_id < 1406298) AND (role_id = 3))
        Rows Removed by Filter: 35160327
  ->  Hash  (cost=425906.15..425906.15 rows=21702 width=8) (actual time=5410.155..5410.155 rows=1557 loops=1)
        Buckets: 32768  Batches: 1  Memory Usage: 317kB
        ->  Hash Join  (cost=74438.43..425906.15 rows=21702 width=8) (actual time=3031.075..5409.363 rows=1557 loops=1)
              Hash Cond: (mi.movie_id = t.id)
              ->  Seq Scan on movie_info mi  (cost=0.00..346232.03 rows=1338312 width=4) (actual time=2109.089..4220.560 rows=1401902 loops=1)
                    Filter: (info_type_id = 7)
                    Rows Removed by Filter: 13433818
              ->  Hash  (cost=73925.90..73925.90 rows=41002 width=4) (actual time=921.247..921.247 rows=40409 loops=1)
                    Buckets: 65536  Batches: 1  Memory Usage: 1933kB
                    ->  Seq Scan on title t  (cost=0.00..73925.90 rows=41002 width=4) (actual time=0.033..905.062 rows=40409 loops=1)
                          Filter: ((kind_id > 4) AND (production_year > 2012))
                          Rows Removed by Filter: 2487903
Planning time: 1.199 ms
Execution time: 16264.269 ms
