Hash Join  (cost=130552.70..1208153.60 rows=4263477 width=0) (actual time=2308.823..31705.793 rows=16907595 loops=1)
  Hash Cond: (ci.movie_id = t.id)
  ->  Seq Scan on cast_info ci  (cost=0.00..614943.12 rows=36225612 width=4) (actual time=0.017..9688.409 rows=36244344 loops=1)
  ->  Hash  (cost=125669.85..125669.85 rows=297588 width=8) (actual time=2307.627..2307.627 rows=577307 loops=1)
        Buckets: 131072 (originally 131072)  Batches: 8 (originally 4)  Memory Usage: 3854kB
        ->  Hash Join  (cost=82871.49..125669.85 rows=297588 width=8) (actual time=839.699..2121.858 rows=577307 loops=1)
              Hash Cond: (mi_idx.movie_id = t.id)
              ->  Seq Scan on movie_info_idx mi_idx  (cost=0.00..21735.35 rows=1380035 width=4) (actual time=0.019..367.880 rows=1380035 loops=1)
              ->  Hash  (cost=73925.90..73925.90 rows=545247 width=4) (actual time=838.889..838.889 rows=557319 loops=1)
                    Buckets: 131072  Batches: 8  Memory Usage: 3485kB
                    ->  Seq Scan on title t  (cost=0.00..73925.90 rows=545247 width=4) (actual time=236.273..723.272 rows=557319 loops=1)
                          Filter: ((production_year < 2011) AND (kind_id = 1))
                          Rows Removed by Filter: 1970993
Planning time: 1.182 ms
Execution time: 33451.357 ms
