Hash Join  (cost=103369.96..457498.01 rows=11892 width=0) (actual time=2778.513..7769.004 rows=3004 loops=1)
  Hash Cond: (mi.movie_id = t.id)
  ->  Seq Scan on movie_info mi  (cost=0.00..346232.03 rows=2073893 width=4) (actual time=852.934..5569.788 rows=2091068 loops=1)
        Filter: (info_type_id < 3)
        Rows Removed by Filter: 12744652
  ->  Hash  (cost=103188.72..103188.72 rows=14499 width=8) (actual time=1924.927..1924.927 rows=5512 loops=1)
        Buckets: 16384  Batches: 1  Memory Usage: 344kB
        ->  Hash Join  (cost=74426.67..103188.72 rows=14499 width=8) (actual time=1246.438..1922.756 rows=5512 loops=1)
              Hash Cond: (mi_idx.movie_id = t.id)
              ->  Seq Scan on movie_info_idx mi_idx  (cost=0.00..25185.44 rows=915101 width=4) (actual time=0.019..475.192 rows=919850 loops=1)
                    Filter: (info_type_id < 101)
                    Rows Removed by Filter: 460185
              ->  Hash  (cost=73925.90..73925.90 rows=40061 width=4) (actual time=1244.495..1244.495 rows=40120 loops=1)
                    Buckets: 65536  Batches: 1  Memory Usage: 1923kB
                    ->  Seq Scan on title t  (cost=0.00..73925.90 rows=40061 width=4) (actual time=0.069..1227.421 rows=40120 loops=1)
                          Filter: ((kind_id = 7) AND (production_year = 2013))
                          Rows Removed by Filter: 2488192
Planning time: 1.143 ms
Execution time: 7769.625 ms
