Hash Join  (cost=147578.89..272216.35 rows=216243 width=0) (actual time=2377.603..7643.374 rows=9492461 loops=1)
  Hash Cond: (mk.movie_id = t.id)
  ->  Seq Scan on movie_keyword mk  (cost=0.00..69693.30 rows=4523930 width=4) (actual time=0.011..1077.851 rows=4523930 loops=1)
  ->  Hash  (cost=145595.10..145595.10 rows=120863 width=8) (actual time=2376.834..2376.834 rows=188877 loops=1)
        Buckets: 131072 (originally 131072)  Batches: 4 (originally 2)  Memory Usage: 3073kB
        ->  Hash Join  (cost=78556.72..145595.10 rows=120863 width=8) (actual time=1031.971..2307.825 rows=188877 loops=1)
              Hash Cond: (mc.movie_id = t.id)
              ->  Seq Scan on movie_companies mc  (cost=0.00..57926.93 rows=457816 width=4) (actual time=0.028..773.887 rows=658890 loops=1)
                    Filter: ((company_id < 3364) AND (company_type_id < 2))
                    Rows Removed by Filter: 1950239
              ->  Hash  (cost=67604.59..67604.59 rows=667531 width=4) (actual time=1031.004..1031.004 rows=662825 loops=1)
                    Buckets: 131072  Batches: 16  Memory Usage: 2476kB
                    ->  Seq Scan on title t  (cost=0.00..67604.59 rows=667531 width=4) (actual time=7.150..832.075 rows=662825 loops=1)
                          Filter: (kind_id = 1)
                          Rows Removed by Filter: 1865487
Planning time: 1.243 ms
Execution time: 8807.423 ms
