Hash Join  (cost=121774.71..247256.26 rows=285551 width=0) (actual time=2116.228..4599.232 rows=1892793 loops=1)
  Hash Cond: (mk.movie_id = t.id)
  ->  Seq Scan on movie_keyword mk  (cost=0.00..69693.30 rows=4523930 width=4) (actual time=0.025..927.754 rows=4523930 loops=1)
  ->  Hash  (cost=119155.70..119155.70 rows=159601 width=8) (actual time=2115.255..2115.255 rows=195628 loops=1)
        Buckets: 131072  Batches: 4  Memory Usage: 2946kB
        ->  Hash Join  (cost=78724.21..119155.70 rows=159601 width=8) (actual time=1057.862..2049.410 rows=195628 loops=1)
              Hash Cond: (mi_idx.movie_id = t.id)
              ->  Seq Scan on movie_info_idx mi_idx  (cost=0.00..21735.35 rows=1380035 width=4) (actual time=0.019..373.888 rows=1380035 loops=1)
              ->  Hash  (cost=73925.90..73925.90 rows=292424 width=4) (actual time=1023.987..1023.987 rows=231739 loops=1)
                    Buckets: 131072  Batches: 4  Memory Usage: 3067kB
                    ->  Seq Scan on title t  (cost=0.00..73925.90 rows=292424 width=4) (actual time=1.119..946.984 rows=231739 loops=1)
                          Filter: ((production_year > 2004) AND (kind_id = 1))
                          Rows Removed by Filter: 2296573
Planning time: 1.349 ms
Execution time: 4749.123 ms
