Seq Scan on cast_info ci  (cost=0.00..705507.15 rows=3867631 width=0) (actual time=0.008..8900.569 rows=3745221 loops=1)
  Filter: (person_id < 359069)
  Rows Removed by Filter: 32499123
Planning time: 0.306 ms
Execution time: 9375.641 ms
