Hash Join  (cost=102767.86..247003.64 rows=2217271 width=0) (actual time=1665.951..5744.326 rows=2209395 loops=1)
  Hash Cond: (mk.movie_id = t.id)
  ->  Seq Scan on movie_keyword mk  (cost=0.00..81003.12 rows=2217271 width=4) (actual time=0.019..1368.526 rows=2209395 loops=1)
        Filter: (keyword_id > 4987)
        Rows Removed by Filter: 2314535
  ->  Hash  (cost=61283.27..61283.27 rows=2528527 width=4) (actual time=1665.075..1665.075 rows=2528312 loops=1)
        Buckets: 131072  Batches: 64  Memory Usage: 2425kB
        ->  Seq Scan on title t  (cost=0.00..61283.27 rows=2528527 width=4) (actual time=0.027..780.113 rows=2528312 loops=1)
Planning time: 0.745 ms
Execution time: 6010.545 ms
