Hash Join  (cost=156649.15..1122193.15 rows=2300364 width=0) (actual time=3110.947..23726.498 rows=6838303 loops=1)
  Hash Cond: (ci.movie_id = t.id)
  ->  Seq Scan on cast_info ci  (cost=0.00..796071.18 rows=12510448 width=4) (actual time=0.014..11786.674 rows=18877105 loops=1)
        Filter: ((person_id > 1662820) AND (role_id > 1))
        Rows Removed by Filter: 17367239
  ->  Hash  (cost=149020.47..149020.47 rows=464934 width=8) (actual time=3110.107..3110.107 rows=460185 loops=1)
        Buckets: 131072  Batches: 8  Memory Usage: 3276kB
        ->  Hash Join  (cost=102767.86..149020.47 rows=464934 width=8) (actual time=1875.654..2988.631 rows=460185 loops=1)
              Hash Cond: (mi_idx.movie_id = t.id)
              ->  Seq Scan on movie_info_idx mi_idx  (cost=0.00..25185.44 rows=464934 width=4) (actual time=0.022..411.815 rows=460185 loops=1)
                    Filter: (info_type_id > 100)
                    Rows Removed by Filter: 919850
              ->  Hash  (cost=61283.27..61283.27 rows=2528527 width=4) (actual time=1874.833..1874.833 rows=2528312 loops=1)
                    Buckets: 131072  Batches: 64  Memory Usage: 2415kB
                    ->  Seq Scan on title t  (cost=0.00..61283.27 rows=2528527 width=4) (actual time=0.024..781.715 rows=2528312 loops=1)
Planning time: 1.135 ms
Execution time: 24363.531 ms
