Seq Scan on title t  (cost=0.00..73925.90 rows=2905 width=0) (actual time=0.080..815.912 rows=2352 loops=1)
  Filter: ((kind_id < 7) AND (production_year = 1948))
  Rows Removed by Filter: 2525960
Planning time: 0.368 ms
Execution time: 816.675 ms
