Hash Join  (cost=155473.70..243229.41 rows=109767 width=0) (actual time=2373.528..3766.517 rows=575232 loops=1)
  Hash Cond: (mk.movie_id = t.id)
  ->  Seq Scan on movie_keyword mk  (cost=0.00..69693.30 rows=4523930 width=4) (actual time=0.018..695.785 rows=4523930 loops=1)
  ->  Hash  (cost=154706.82..154706.82 rows=61351 width=8) (actual time=2113.013..2113.013 rows=58895 loops=1)
        Buckets: 65536  Batches: 1  Memory Usage: 2813kB
        ->  Hash Join  (cost=94978.31..154706.82 rows=61351 width=8) (actual time=1620.679..2092.518 rows=58895 loops=1)
              Hash Cond: (mc.movie_id = t.id)
              ->  Seq Scan on movie_companies mc  (cost=0.00..51404.11 rows=92976 width=4) (actual time=368.533..505.985 rows=93362 loops=1)
                    Filter: (company_id > 161604)
                    Rows Removed by Filter: 2515767
              ->  Hash  (cost=67604.59..67604.59 rows=1668458 width=4) (actual time=1250.740..1250.740 rows=1671292 loops=1)
                    Buckets: 131072  Batches: 32  Memory Usage: 2858kB
                    ->  Seq Scan on title t  (cost=0.00..67604.59 rows=1668458 width=4) (actual time=0.028..822.509 rows=1671292 loops=1)
                          Filter: (production_year < 2008)
                          Rows Removed by Filter: 857020
Planning time: 1.143 ms
Execution time: 3838.751 ms
