Hash Join  (cost=77761.90..463222.18 rows=283652 width=0) (actual time=4193.092..6050.734 rows=472071 loops=1)
  Hash Cond: (mi.movie_id = t.id)
  ->  Seq Scan on movie_info mi  (cost=0.00..346232.03 rows=3068194 width=4) (actual time=2216.261..3713.028 rows=3036719 loops=1)
        Filter: (info_type_id = 16)
        Rows Removed by Filter: 11799001
  ->  Hash  (cost=73925.90..73925.90 rows=233760 width=4) (actual time=933.333..933.333 rows=353075 loops=1)
        Buckets: 131072 (originally 131072)  Batches: 8 (originally 4)  Memory Usage: 3073kB
        ->  Seq Scan on title t  (cost=0.00..73925.90 rows=233760 width=4) (actual time=164.576..817.542 rows=353075 loops=1)
              Filter: ((production_year < 1997) AND (kind_id = 1))
              Rows Removed by Filter: 2175237
Planning time: 0.547 ms
Execution time: 6101.914 ms
