Hash Join  (cost=74469.67..101617.57 rows=23742 width=0) (actual time=1507.241..1887.336 rows=22395 loops=1)
  Hash Cond: (mi_idx.movie_id = t.id)
  ->  Seq Scan on movie_info_idx mi_idx  (cost=0.00..21735.35 rows=1380035 width=4) (actual time=0.028..287.067 rows=1380035 loops=1)
  ->  Hash  (cost=73925.90..73925.90 rows=43501 width=4) (actual time=1271.529..1271.529 rows=39560 loops=1)
        Buckets: 65536  Batches: 1  Memory Usage: 1903kB
        ->  Seq Scan on title t  (cost=0.00..73925.90 rows=43501 width=4) (actual time=183.506..1255.590 rows=39560 loops=1)
              Filter: ((kind_id = 1) AND (production_year = 2012))
              Rows Removed by Filter: 2488752
Planning time: 0.715 ms
Execution time: 1890.722 ms
