Hash Join  (cost=263115.61..1517256.09 rows=22788135 width=0) (actual time=7715.860..40137.420 rows=48853483 loops=1)
  Hash Cond: (ci.movie_id = t.id)
  ->  Seq Scan on cast_info ci  (cost=0.00..705507.15 rows=22084157 width=4) (actual time=2228.338..11032.186 rows=22142709 loops=1)
        Filter: (person_id > 1388860)
        Rows Removed by Filter: 14101635
  ->  Hash  (cost=220309.49..220309.49 rows=2609129 width=8) (actual time=5486.451..5486.451 rows=2609129 loops=1)
        Buckets: 131072  Batches: 64  Memory Usage: 2610kB
        ->  Hash Join  (cost=102767.86..220309.49 rows=2609129 width=8) (actual time=1530.285..4774.508 rows=2609129 loops=1)
              Hash Cond: (mc.movie_id = t.id)
              ->  Seq Scan on movie_companies mc  (cost=0.00..44881.29 rows=2609129 width=4) (actual time=0.031..751.297 rows=2609129 loops=1)
              ->  Hash  (cost=61283.27..61283.27 rows=2528527 width=4) (actual time=1528.919..1528.919 rows=2528312 loops=1)
                    Buckets: 131072  Batches: 64  Memory Usage: 2415kB
                    ->  Seq Scan on title t  (cost=0.00..61283.27 rows=2528527 width=4) (actual time=0.018..741.017 rows=2528312 loops=1)
Planning time: 0.800 ms
Execution time: 45517.909 ms
