Hash Join  (cost=157445.66..910260.49 rows=202566 width=0) (actual time=2324.783..17335.193 rows=833567 loops=1)
  Hash Cond: (ci.movie_id = t.id)
  ->  Seq Scan on cast_info ci  (cost=0.00..614943.12 rows=36225612 width=4) (actual time=0.018..5739.020 rows=36244344 loops=1)
  ->  Hash  (cost=157268.92..157268.92 rows=14139 width=8) (actual time=2324.153..2324.153 rows=35755 loops=1)
        Buckets: 65536 (originally 16384)  Batches: 1 (originally 1)  Memory Usage: 1909kB
        ->  Hash Join  (cost=92883.59..157268.92 rows=14139 width=8) (actual time=1443.054..2312.623 rows=35755 loops=1)
              Hash Cond: (mc.movie_id = t.id)
              ->  Seq Scan on movie_companies mc  (cost=0.00..57926.93 rows=23202 width=4) (actual time=0.223..628.719 rows=42064 loops=1)
                    Filter: ((company_id = 19) AND (company_type_id = 1))
                    Rows Removed by Filter: 2567065
              ->  Hash  (cost=67604.59..67604.59 rows=1540800 width=4) (actual time=1442.053..1442.053 rows=1543264 loops=1)
                    Buckets: 131072  Batches: 32  Memory Usage: 2722kB
                    ->  Seq Scan on title t  (cost=0.00..67604.59 rows=1540800 width=4) (actual time=0.016..937.537 rows=1543264 loops=1)
                          Filter: (kind_id = 7)
                          Rows Removed by Filter: 985048
Planning time: 1.263 ms
Execution time: 17440.715 ms
