Hash Join  (cost=801027.24..927228.32 rows=344604 width=0) (actual time=10375.533..13941.629 rows=6305788 loops=1)
  Hash Cond: (mk.movie_id = t.id)
  ->  Seq Scan on movie_keyword mk  (cost=0.00..69693.30 rows=4523930 width=4) (actual time=0.024..934.049 rows=4523930 loops=1)
  ->  Hash  (cost=797866.66..797866.66 rows=192607 width=8) (actual time=10374.670..10374.670 rows=179450 loops=1)
        Buckets: 131072  Batches: 4  Memory Usage: 2777kB
        ->  Hash Join  (cost=80042.24..797866.66 rows=192607 width=8) (actual time=5087.764..10313.274 rows=179450 loops=1)
              Hash Cond: (ci.movie_id = t.id)
              ->  Seq Scan on cast_info ci  (cost=0.00..705507.15 rows=642453 width=4) (actual time=4033.890..8763.449 rows=663003 loops=1)
                    Filter: (person_id > 3933733)
                    Rows Removed by Filter: 35581341
              ->  Hash  (cost=67604.59..67604.59 rows=758052 width=4) (actual time=1052.582..1052.582 rows=753677 loops=1)
                    Buckets: 131072  Batches: 16  Memory Usage: 2677kB
                    ->  Seq Scan on title t  (cost=0.00..67604.59 rows=758052 width=4) (actual time=0.030..827.442 rows=753677 loops=1)
                          Filter: (kind_id < 3)
                          Rows Removed by Filter: 1774635
Planning time: 1.173 ms
Execution time: 14560.415 ms
