Hash Join  (cost=128695.20..215406.87 rows=5364 width=146) (actual time=2748.945..5026.982 rows=148769 loops=1)
  Hash Cond: (mk.movie_id = t.id)
  ->  Seq Scan on movie_keyword mk  (cost=0.00..69693.30 rows=4523930 width=12) (actual time=0.017..1389.420 rows=4523930 loops=1)
  ->  Hash  (cost=128657.72..128657.72 rows=2998 width=134) (actual time=2747.812..2747.812 rows=9524 loops=1)
        Buckets: 16384 (originally 4096)  Batches: 1 (originally 1)  Memory Usage: 1451kB
        ->  Hash Join  (cost=73962.22..128657.72 rows=2998 width=134) (actual time=1560.826..2740.052 rows=9524 loops=1)
              Hash Cond: (mc.movie_id = t.id)
              ->  Seq Scan on movie_companies mc  (cost=0.00..44881.29 rows=2609129 width=40) (actual time=0.020..685.157 rows=2609129 loops=1)
              ->  Hash  (cost=73925.90..73925.90 rows=2905 width=94) (actual time=1560.760..1560.760 rows=4962 loops=1)
                    Buckets: 8192 (originally 4096)  Batches: 1 (originally 1)  Memory Usage: 608kB
                    ->  Seq Scan on title t  (cost=0.00..73925.90 rows=2905 width=94) (actual time=0.172..1557.813 rows=4962 loops=1)
                          Filter: ((kind_id < 7) AND (production_year = 1964))
                          Rows Removed by Filter: 2523350
Planning time: 1.397 ms
Execution time: 5036.478 ms
