Hash Join  (cost=102767.86..189321.69 rows=779132 width=0) (actual time=1818.740..3317.917 rows=564371 loops=1)
  Hash Cond: (mc.movie_id = t.id)
  ->  Seq Scan on movie_companies mc  (cost=0.00..57926.93 rows=779132 width=4) (actual time=231.933..861.469 rows=564371 loops=1)
        Filter: ((company_id > 5376) AND (company_type_id = 1))
        Rows Removed by Filter: 2044758
  ->  Hash  (cost=61283.27..61283.27 rows=2528527 width=4) (actual time=1584.353..1584.353 rows=2528312 loops=1)
        Buckets: 131072  Batches: 64  Memory Usage: 2415kB
        ->  Seq Scan on title t  (cost=0.00..61283.27 rows=2528527 width=4) (actual time=0.029..749.813 rows=2528312 loops=1)
Planning time: 0.760 ms
Execution time: 3388.279 ms
