Seq Scan on movie_companies mc  (cost=0.00..57926.93 rows=305090 width=0) (actual time=269.518..618.588 rows=11616 loops=1)
  Filter: ((company_id > 60749) AND (company_type_id = 1))
  Rows Removed by Filter: 2597513
Planning time: 0.299 ms
Execution time: 620.386 ms
