Nested Loop  (cost=0.43..83071.67 rows=246 width=0) (actual time=95.631..965.275 rows=40 loops=1)
  ->  Seq Scan on movie_keyword mk  (cost=0.00..81003.12 rows=246 width=4) (actual time=95.534..963.646 rows=40 loops=1)
        Filter: (keyword_id = 12266)
        Rows Removed by Filter: 4523890
  ->  Index Only Scan using title_pkey on title t  (cost=0.43..8.40 rows=1 width=4) (actual time=0.036..0.037 rows=1 loops=40)
        Index Cond: (id = mk.movie_id)
        Heap Fetches: 40
Planning time: 0.697 ms
Execution time: 965.367 ms
