Seq Scan on movie_keyword mk  (cost=0.00..81003.12 rows=4156115 width=0) (actual time=0.023..1210.745 rows=4157822 loops=1)
  Filter: (keyword_id < 45923)
  Rows Removed by Filter: 366108
Planning time: 0.308 ms
Execution time: 1700.809 ms
