Hash Join  (cost=709678.15..801527.55 rows=572 width=0) (actual time=10979.575..12924.661 rows=1031 loops=1)
  Hash Cond: (mk.movie_id = t.id)
  ->  Seq Scan on movie_keyword mk  (cost=0.00..81003.12 rows=2890815 width=4) (actual time=0.020..1562.931 rows=2880334 loops=1)
        Filter: (keyword_id < 8975)
        Rows Removed by Filter: 1643596
  ->  Hash  (cost=709671.90..709671.90 rows=500 width=8) (actual time=10942.130..10942.130 rows=155 loops=1)
        Buckets: 1024  Batches: 1  Memory Usage: 15kB
        ->  Nested Loop  (cost=0.43..709671.90 rows=500 width=8) (actual time=10479.915..10942.008 rows=155 loops=1)
              ->  Seq Scan on cast_info ci  (cost=0.00..705507.15 rows=500 width=4) (actual time=10479.734..10937.761 rows=155 loops=1)
                    Filter: (person_id = 2612077)
                    Rows Removed by Filter: 36244189
              ->  Index Only Scan using title_pkey on title t  (cost=0.43..8.32 rows=1 width=4) (actual time=0.026..0.026 rows=1 loops=155)
                    Index Cond: (id = ci.movie_id)
                    Heap Fetches: 155
Planning time: 1.194 ms
Execution time: 12924.936 ms
