Hash Join  (cost=74252.82..101306.04 rows=14274 width=0) (actual time=878.939..1384.945 rows=16122 loops=1)
  Hash Cond: (mi_idx.movie_id = t.id)
  ->  Seq Scan on movie_info_idx mi_idx  (cost=0.00..21735.35 rows=1380035 width=4) (actual time=0.024..192.529 rows=1380035 loops=1)
  ->  Hash  (cost=73925.90..73925.90 rows=26153 width=4) (actual time=878.646..878.646 rows=85258 loops=1)
        Buckets: 131072 (originally 32768)  Batches: 1 (originally 1)  Memory Usage: 4022kB
        ->  Seq Scan on title t  (cost=0.00..73925.90 rows=26153 width=4) (actual time=213.910..844.081 rows=85258 loops=1)
              Filter: ((kind_id < 3) AND (production_year < 1920))
              Rows Removed by Filter: 2443054
Planning time: 0.753 ms
Execution time: 1387.110 ms
