Hash Join  (cost=154654.97..966005.12 rows=15913 width=0) (actual time=5261.757..11651.888 rows=35 loops=1)
  Hash Cond: (ci.movie_id = t.id)
  ->  Seq Scan on cast_info ci  (cost=0.00..796071.18 rows=3023967 width=4) (actual time=3128.765..9006.360 rows=4407113 loops=1)
        Filter: ((person_id > 2126184) AND (role_id = 2))
        Rows Removed by Filter: 31837231
  ->  Hash  (cost=154488.65..154488.65 rows=13306 width=8) (actual time=2090.883..2090.883 rows=405 loops=1)
        Buckets: 16384  Batches: 1  Memory Usage: 144kB
        ->  Hash Join  (cost=67697.55..154488.65 rows=13306 width=8) (actual time=798.203..2090.615 rows=405 loops=1)
              Hash Cond: (mk.movie_id = t.id)
              ->  Seq Scan on movie_keyword mk  (cost=0.00..69693.30 rows=4523930 width=4) (actual time=0.017..717.904 rows=4523930 loops=1)
              ->  Hash  (cost=67604.59..67604.59 rows=7437 width=4) (actual time=582.595..582.595 rows=791 loops=1)
                    Buckets: 8192  Batches: 1  Memory Usage: 92kB
                    ->  Seq Scan on title t  (cost=0.00..67604.59 rows=7437 width=4) (actual time=0.208..582.189 rows=791 loops=1)
                          Filter: (production_year = 1896)
                          Rows Removed by Filter: 2527521
Planning time: 1.180 ms
Execution time: 11651.990 ms
