Hash Join  (cost=102767.86..962689.67 rows=2242993 width=0) (actual time=4465.559..12216.194 rows=1333419 loops=1)
  Hash Cond: (ci.movie_id = t.id)
  ->  Seq Scan on cast_info ci  (cost=0.00..796071.18 rows=2242993 width=4) (actual time=2919.156..9488.187 rows=1333419 loops=1)
        Filter: ((person_id < 636503) AND (role_id > 3))
        Rows Removed by Filter: 34910925
  ->  Hash  (cost=61283.27..61283.27 rows=2528527 width=4) (actual time=1544.469..1544.469 rows=2528312 loops=1)
        Buckets: 131072  Batches: 64  Memory Usage: 2415kB
        ->  Seq Scan on title t  (cost=0.00..61283.27 rows=2528527 width=4) (actual time=0.034..740.265 rows=2528312 loops=1)
Planning time: 0.775 ms
Execution time: 12329.922 ms
