Hash Join  (cost=77434.04..570536.97 rows=1246100 width=0) (actual time=1006.211..11544.270 rows=4060129 loops=1)
  Hash Cond: (mi.movie_id = t.id)
  ->  Seq Scan on movie_info mi  (cost=0.00..309384.22 rows=14739122 width=4) (actual time=0.018..3822.031 rows=14835720 loops=1)
  ->  Hash  (cost=73925.90..73925.90 rows=213771 width=4) (actual time=1005.000..1005.000 rows=345524 loops=1)
        Buckets: 131072  Batches: 4  Memory Usage: 4071kB
        ->  Seq Scan on title t  (cost=0.00..73925.90 rows=213771 width=4) (actual time=0.011..885.864 rows=345524 loops=1)
              Filter: ((kind_id < 3) AND (production_year < 1991))
              Rows Removed by Filter: 2182788
Planning time: 0.791 ms
Execution time: 11946.653 ms
