Hash Join  (cost=93093.72..199542.14 rows=1587384 width=0) (actual time=1082.707..3129.395 rows=746990 loops=1)
  Hash Cond: (mc.movie_id = t.id)
  ->  Seq Scan on movie_companies mc  (cost=0.00..51404.11 rows=2583493 width=4) (actual time=0.019..662.351 rows=2584882 loops=1)
        Filter: (company_id < 212651)
        Rows Removed by Filter: 24247
  ->  Hash  (cost=67604.59..67604.59 rows=1553611 width=4) (actual time=1081.580..1081.580 rows=1555864 loops=1)
        Buckets: 131072  Batches: 32  Memory Usage: 2734kB
        ->  Seq Scan on title t  (cost=0.00..67604.59 rows=1553611 width=4) (actual time=0.019..690.881 rows=1555864 loops=1)
              Filter: (kind_id > 4)
              Rows Removed by Filter: 972448
Planning time: 0.727 ms
Execution time: 3216.531 ms
