Hash Join  (cost=79462.84..208821.12 rows=603724 width=0) (actual time=1792.255..3426.484 rows=116326 loops=1)
  Hash Cond: (mk.movie_id = t.id)
  ->  Seq Scan on movie_keyword mk  (cost=0.00..69693.30 rows=4523930 width=4) (actual time=0.021..964.322 rows=4523930 loops=1)
  ->  Hash  (cost=73925.90..73925.90 rows=337435 width=4) (actual time=886.213..886.213 rows=225506 loops=1)
        Buckets: 131072  Batches: 8  Memory Usage: 2010kB
        ->  Seq Scan on title t  (cost=0.00..73925.90 rows=337435 width=4) (actual time=0.026..814.395 rows=225506 loops=1)
              Filter: ((production_year < 1983) AND (kind_id = 7))
              Rows Removed by Filter: 2302806
Planning time: 0.735 ms
Execution time: 3438.040 ms
