Nested Loop  (cost=0.43..798789.03 rows=4 width=0) (actual time=5262.460..10207.572 rows=1 loops=1)
  ->  Seq Scan on cast_info ci  (cost=0.00..796071.18 rows=324 width=4) (actual time=5262.386..10207.426 rows=4 loops=1)
        Filter: ((role_id > 1) AND (person_id = 883299))
        Rows Removed by Filter: 36244340
  ->  Index Scan using title_pkey on title t  (cost=0.43..8.38 rows=1 width=4) (actual time=0.029..0.029 rows=0 loops=4)
        Index Cond: (id = ci.movie_id)
        Filter: ((production_year < 1997) AND (kind_id = 2))
        Rows Removed by Filter: 1
Planning time: 0.779 ms
Execution time: 10207.675 ms
