Hash Join  (cost=709675.20..796405.12 rows=39 width=0) (actual time=11017.922..12666.394 rows=40 loops=1)
  Hash Cond: (mk.movie_id = t.id)
  ->  Seq Scan on movie_keyword mk  (cost=0.00..81003.12 rows=1527042 width=4) (actual time=0.021..1447.319 rows=1542567 loops=1)
        Filter: (keyword_id > 10270)
        Rows Removed by Filter: 2981363
  ->  Hash  (cost=709674.40..709674.40 rows=64 width=8) (actual time=10989.943..10989.943 rows=777 loops=1)
        Buckets: 1024  Batches: 1  Memory Usage: 39kB
        ->  Nested Loop  (cost=0.43..709674.40 rows=64 width=8) (actual time=1380.693..10989.641 rows=777 loops=1)
              ->  Seq Scan on cast_info ci  (cost=0.00..705507.15 rows=500 width=4) (actual time=1380.582..10965.717 rows=2551 loops=1)
                    Filter: (person_id = 613413)
                    Rows Removed by Filter: 36241793
              ->  Index Scan using title_pkey on title t  (cost=0.43..8.32 rows=1 width=4) (actual time=0.009..0.009 rows=0 loops=2551)
                    Index Cond: (id = ci.movie_id)
                    Filter: ((production_year > 2009) AND (kind_id = 7))
                    Rows Removed by Filter: 1
Planning time: 1.190 ms
Execution time: 12666.556 ms
