Hash Join  (cost=146316.66..633732.23 rows=713165 width=0) (actual time=2373.129..10379.307 rows=2632297 loops=1)
  Hash Cond: (mi.movie_id = t.id)
  ->  Seq Scan on movie_info mi  (cost=0.00..309384.22 rows=14739122 width=4) (actual time=0.012..3412.929 rows=14835720 loops=1)
  ->  Hash  (cost=144309.34..144309.34 rows=122345 width=8) (actual time=2372.325..2372.325 rows=113043 loops=1)
        Buckets: 131072  Batches: 2  Memory Usage: 3236kB
        ->  Hash Join  (cost=76379.89..144309.34 rows=122345 width=8) (actual time=1045.577..2334.008 rows=113043 loops=1)
              Hash Cond: (mc.movie_id = t.id)
              ->  Seq Scan on movie_companies mc  (cost=0.00..57926.93 rows=578419 width=4) (actual time=0.024..803.674 rows=787523 loops=1)
                    Filter: ((company_id < 9969) AND (company_type_id < 2))
                    Rows Removed by Filter: 1821606
              ->  Hash  (cost=67604.59..67604.59 rows=534824 width=4) (actual time=1044.790..1044.790 rows=533369 loops=1)
                    Buckets: 131072  Batches: 8  Memory Usage: 3369kB
                    ->  Seq Scan on title t  (cost=0.00..67604.59 rows=534824 width=4) (actual time=0.016..872.046 rows=533369 loops=1)
                          Filter: (production_year > 2009)
                          Rows Removed by Filter: 1994943
Planning time: 1.142 ms
Execution time: 10632.025 ms
