Hash Join  (cost=75321.41..836331.91 rows=743647 width=0) (actual time=783.452..12272.962 rows=305770 loops=1)
  Hash Cond: (ci.movie_id = t.id)
  ->  Seq Scan on cast_info ci  (cost=0.00..705507.15 rows=3998100 width=4) (actual time=0.023..9791.181 rows=4008037 loops=1)
        Filter: (role_id = 3)
        Rows Removed by Filter: 32236307
  ->  Hash  (cost=67604.59..67604.59 rows=470306 width=4) (actual time=781.355..781.355 rows=465563 loops=1)
        Buckets: 131072  Batches: 8  Memory Usage: 3063kB
        ->  Seq Scan on title t  (cost=0.00..67604.59 rows=470306 width=4) (actual time=0.030..666.144 rows=465563 loops=1)
              Filter: (production_year < 1977)
              Rows Removed by Filter: 2062749
Planning time: 0.749 ms
Execution time: 12301.966 ms
