Hash Join  (cost=83810.17..156853.22 rows=284243 width=0) (actual time=1469.526..2944.502 rows=685643 loops=1)
  Hash Cond: (mc.movie_id = t.id)
  ->  Seq Scan on movie_companies mc  (cost=0.00..57926.93 rows=727647 width=4) (actual time=180.667..878.229 rows=1002482 loops=1)
        Filter: ((company_id < 13447) AND (company_type_id < 2))
        Rows Removed by Filter: 1606647
  ->  Hash  (cost=67604.59..67604.59 rows=987727 width=4) (actual time=1288.104..1288.104 rows=985048 loops=1)
        Buckets: 131072  Batches: 16  Memory Usage: 3188kB
        ->  Seq Scan on title t  (cost=0.00..67604.59 rows=987727 width=4) (actual time=0.027..768.355 rows=985048 loops=1)
              Filter: (kind_id < 7)
              Rows Removed by Filter: 1543264
Planning time: 0.807 ms
Execution time: 3020.704 ms
