Hash Join  (cost=503903.33..1518911.12 rows=6159770 width=0) (actual time=6891.041..22686.134 rows=4100554 loops=1)
  Hash Cond: (ci.movie_id = t.id)
  ->  Seq Scan on cast_info ci  (cost=0.00..796071.18 rows=13209300 width=4) (actual time=0.017..10782.159 rows=7590583 loops=1)
        Filter: ((person_id < 2036159) AND (role_id > 1))
        Rows Removed by Filter: 28653761
  ->  Hash  (cost=484558.52..484558.52 rows=1179105 width=8) (actual time=6890.264..6890.264 rows=1143770 loops=1)
        Buckets: 131072  Batches: 16  Memory Usage: 3822kB
        ->  Hash Join  (cost=99161.12..484558.52 rows=1179105 width=8) (actual time=3145.583..6629.194 rows=1143770 loops=1)
              Hash Cond: (mi.movie_id = t.id)
              ->  Seq Scan on movie_info mi  (cost=0.00..346232.03 rows=1550064 width=4) (actual time=1706.033..3840.785 rows=1533909 loops=1)
                    Filter: (info_type_id = 3)
                    Rows Removed by Filter: 13301811
              ->  Hash  (cost=67604.59..67604.59 rows=1923403 width=4) (actual time=1438.455..1438.455 rows=1922849 loops=1)
                    Buckets: 131072  Batches: 32  Memory Usage: 3141kB
                    ->  Seq Scan on title t  (cost=0.00..67604.59 rows=1923403 width=4) (actual time=0.031..887.994 rows=1922849 loops=1)
                          Filter: (production_year < 2010)
                          Rows Removed by Filter: 605463
Planning time: 1.172 ms
Execution time: 23024.026 ms
