Seq Scan on movie_companies mc  (cost=0.00..51404.11 rows=428859 width=0) (actual time=224.564..620.751 rows=433378 loops=1)
  Filter: (company_id > 78849)
  Rows Removed by Filter: 2175751
Planning time: 0.338 ms
Execution time: 676.238 ms
