Hash Join  (cost=83075.00..833895.25 rows=3103 width=0) (actual time=904.340..13308.278 rows=18174 loops=1)
  Hash Cond: (ci.movie_id = t.id)
  ->  Seq Scan on cast_info ci  (cost=0.00..614943.12 rows=36225612 width=4) (actual time=0.012..5677.014 rows=36244344 loops=1)
  ->  Hash  (cost=83072.29..83072.29 rows=217 width=8) (actual time=903.037..903.037 rows=297 loops=1)
        Buckets: 1024  Batches: 1  Memory Usage: 20kB
        ->  Nested Loop  (cost=0.43..83072.29 rows=217 width=8) (actual time=0.149..902.805 rows=297 loops=1)
              ->  Seq Scan on movie_keyword mk  (cost=0.00..81003.12 rows=246 width=4) (actual time=0.116..895.945 rows=305 loops=1)
                    Filter: (keyword_id = 814)
                    Rows Removed by Filter: 4523625
              ->  Index Scan using title_pkey on title t  (cost=0.43..8.40 rows=1 width=4) (actual time=0.021..0.021 rows=1 loops=305)
                    Index Cond: (id = mk.movie_id)
                    Filter: (production_year < 2012)
                    Rows Removed by Filter: 0
Planning time: 0.800 ms
Execution time: 13312.812 ms
