Seq Scan on cast_info ci  (cost=0.00..796071.18 rows=3963862 width=0) (actual time=3159.910..8988.177 rows=8072634 loops=1)
  Filter: ((person_id < 1099732) AND (role_id = 1))
  Rows Removed by Filter: 28171710
Planning time: 0.456 ms
Execution time: 9652.093 ms
