Hash Join  (cost=74672.54..136803.51 rows=24914 width=0) (actual time=1209.957..2097.986 rows=51719 loops=1)
  Hash Cond: (mc.movie_id = t.id)
  ->  Seq Scan on movie_companies mc  (cost=0.00..57926.93 rows=1054639 width=4) (actual time=341.143..868.576 rows=1193833 loops=1)
        Filter: ((company_id > 525) AND (company_type_id = 2))
        Rows Removed by Filter: 1415296
  ->  Hash  (cost=73925.90..73925.90 rows=59731 width=4) (actual time=868.383..868.383 rows=64886 loops=1)
        Buckets: 65536  Batches: 1  Memory Usage: 2794kB
        ->  Seq Scan on title t  (cost=0.00..73925.90 rows=59731 width=4) (actual time=0.042..844.821 rows=64886 loops=1)
              Filter: ((production_year < 2008) AND (kind_id = 2))
              Rows Removed by Filter: 2463426
Planning time: 0.726 ms
Execution time: 2104.948 ms
