Hash Join  (cost=190230.21..964551.20 rows=2033738 width=0) (actual time=3968.079..13701.242 rows=4235500 loops=1)
  Hash Cond: (ci.movie_id = t.id)
  ->  Seq Scan on cast_info ci  (cost=0.00..705507.15 rows=3726254 width=4) (actual time=957.852..8051.412 rows=3610677 loops=1)
        Filter: (person_id < 345927)
        Rows Removed by Filter: 32633667
  ->  Hash  (cost=167588.78..167588.78 rows=1380035 width=8) (actual time=2864.862..2864.862 rows=1380035 loops=1)
        Buckets: 131072  Batches: 32  Memory Usage: 2708kB
        ->  Hash Join  (cost=102767.86..167588.78 rows=1380035 width=8) (actual time=1203.767..2591.020 rows=1380035 loops=1)
              Hash Cond: (mi_idx.movie_id = t.id)
              ->  Seq Scan on movie_info_idx mi_idx  (cost=0.00..21735.35 rows=1380035 width=4) (actual time=0.021..310.243 rows=1380035 loops=1)
              ->  Hash  (cost=61283.27..61283.27 rows=2528527 width=4) (actual time=1202.603..1202.603 rows=2528312 loops=1)
                    Buckets: 131072  Batches: 64  Memory Usage: 2415kB
                    ->  Seq Scan on title t  (cost=0.00..61283.27 rows=2528527 width=4) (actual time=0.023..572.618 rows=2528312 loops=1)
Planning time: 1.134 ms
Execution time: 14147.695 ms
