Hash Join  (cost=83928.33..627185.44 rows=3358401 width=0) (actual time=1109.984..12162.634 rows=6094984 loops=1)
  Hash Cond: (mi.movie_id = t.id)
  ->  Seq Scan on movie_info mi  (cost=0.00..346232.03 rows=13929354 width=4) (actual time=0.026..4525.300 rows=14033580 loops=1)
        Filter: (info_type_id > 1)
        Rows Removed by Filter: 802140
  ->  Hash  (cost=73925.90..73925.90 rows=609634 width=4) (actual time=1109.215..1109.215 rows=503463 loops=1)
        Buckets: 131072  Batches: 8  Memory Usage: 3260kB
        ->  Seq Scan on title t  (cost=0.00..73925.90 rows=609634 width=4) (actual time=0.014..952.738 rows=503463 loops=1)
              Filter: ((production_year > 1945) AND (kind_id = 1))
              Rows Removed by Filter: 2024849
Planning time: 0.805 ms
Execution time: 12711.150 ms
