Hash Join  (cost=83074.16..943636.99 rows=1019 width=0) (actual time=1269.571..12890.498 rows=2403 loops=1)
  Hash Cond: (ci.movie_id = t.id)
  ->  Seq Scan on cast_info ci  (cost=0.00..796071.18 rows=17195054 width=4) (actual time=456.174..10007.052 rows=18791760 loops=1)
        Filter: ((person_id < 1966548) AND (role_id < 10))
        Rows Removed by Filter: 17452584
  ->  Hash  (cost=83072.29..83072.29 rows=150 width=8) (actual time=811.920..811.920 rows=118 loops=1)
        Buckets: 1024  Batches: 1  Memory Usage: 13kB
        ->  Nested Loop  (cost=0.43..83072.29 rows=150 width=8) (actual time=2.689..811.865 rows=118 loops=1)
              ->  Seq Scan on movie_keyword mk  (cost=0.00..81003.12 rows=246 width=4) (actual time=2.639..809.618 rows=134 loops=1)
                    Filter: (keyword_id = 4967)
                    Rows Removed by Filter: 4523796
              ->  Index Scan using title_pkey on title t  (cost=0.43..8.40 rows=1 width=4) (actual time=0.015..0.016 rows=1 loops=134)
                    Index Cond: (id = mk.movie_id)
                    Filter: (kind_id = 7)
                    Rows Removed by Filter: 0
Planning time: 0.845 ms
Execution time: 12891.345 ms
