Hash Join  (cost=101715.30..843452.95 rows=72489 width=0) (actual time=4246.685..12172.083 rows=162636 loops=1)
  Hash Cond: (ci.movie_id = t.id)
  ->  Seq Scan on cast_info ci  (cost=0.00..705507.15 rows=9468168 width=4) (actual time=2886.550..9232.074 rows=9384703 loops=1)
        Filter: (role_id > 4)
        Rows Removed by Filter: 26859641
  ->  Hash  (cost=101473.33..101473.33 rows=19358 width=8) (actual time=1359.691..1359.691 rows=17394 loops=1)
        Buckets: 32768  Batches: 1  Memory Usage: 936kB
        ->  Hash Join  (cost=74369.27..101473.33 rows=19358 width=8) (actual time=909.046..1354.613 rows=17394 loops=1)
              Hash Cond: (mi_idx.movie_id = t.id)
              ->  Seq Scan on movie_info_idx mi_idx  (cost=0.00..21735.35 rows=1380035 width=4) (actual time=0.026..170.584 rows=1380035 loops=1)
              ->  Hash  (cost=73925.90..73925.90 rows=35469 width=4) (actual time=908.545..908.545 rows=40719 loops=1)
                    Buckets: 65536  Batches: 1  Memory Usage: 1944kB
                    ->  Seq Scan on title t  (cost=0.00..73925.90 rows=35469 width=4) (actual time=0.030..892.433 rows=40719 loops=1)
                          Filter: ((kind_id > 2) AND (production_year = 1999))
                          Rows Removed by Filter: 2487593
Planning time: 1.128 ms
Execution time: 12193.265 ms
