Hash Join  (cost=102767.86..1304003.47 rows=20191167 width=0) (actual time=1622.514..24388.440 rows=20073530 loops=1)
  Hash Cond: (ci.movie_id = t.id)
  ->  Seq Scan on cast_info ci  (cost=0.00..705507.15 rows=20191167 width=4) (actual time=0.048..9514.079 rows=20073530 loops=1)
        Filter: (person_id < 2015867)
        Rows Removed by Filter: 16170814
  ->  Hash  (cost=61283.27..61283.27 rows=2528527 width=4) (actual time=1621.229..1621.229 rows=2528312 loops=1)
        Buckets: 131072  Batches: 64  Memory Usage: 2415kB
        ->  Seq Scan on title t  (cost=0.00..61283.27 rows=2528527 width=4) (actual time=0.018..756.730 rows=2528312 loops=1)
Planning time: 0.763 ms
Execution time: 26187.986 ms
