Hash Join  (cost=270502.61..1638892.45 rows=28162566 width=0) (actual time=5686.798..53129.109 rows=107430523 loops=1)
  Hash Cond: (ci.movie_id = t.id)
  ->  Seq Scan on cast_info ci  (cost=0.00..614943.12 rows=36225612 width=4) (actual time=0.018..8171.781 rows=36244344 loops=1)
  ->  Hash  (cost=238251.98..238251.98 rows=1965731 width=8) (actual time=5685.457..5685.457 rows=2503607 loops=1)
        Buckets: 131072 (originally 131072)  Batches: 64 (originally 32)  Memory Usage: 4022kB
        ->  Hash Join  (cost=89762.59..238251.98 rows=1965731 width=8) (actual time=1208.313..5182.626 rows=2503607 loops=1)
              Hash Cond: (mk.movie_id = t.id)
              ->  Seq Scan on movie_keyword mk  (cost=0.00..81003.12 rows=3680254 width=4) (actual time=0.021..1334.155 rows=3674370 loops=1)
                    Filter: (keyword_id < 21613)
                    Rows Removed by Filter: 849560
              ->  Hash  (cost=67604.59..67604.59 rows=1350560 width=4) (actual time=1207.230..1207.230 rows=1348293 loops=1)
                    Buckets: 131072  Batches: 32  Memory Usage: 2513kB
                    ->  Seq Scan on title t  (cost=0.00..67604.59 rows=1350560 width=4) (actual time=0.021..819.030 rows=1348293 loops=1)
                          Filter: (production_year < 2005)
                          Rows Removed by Filter: 1180019
Planning time: 1.151 ms
Execution time: 62599.504 ms
