Hash Join  (cost=83591.12..179875.81 rows=217634 width=0) (actual time=1358.452..3336.167 rows=396733 loops=1)
  Hash Cond: (mk.movie_id = t.id)
  ->  Seq Scan on movie_keyword mk  (cost=0.00..81003.12 rows=934194 width=4) (actual time=0.012..1353.439 rows=941714 loops=1)
        Filter: (keyword_id > 20142)
        Rows Removed by Filter: 3582216
  ->  Hash  (cost=73925.90..73925.90 rows=589057 width=4) (actual time=1357.331..1357.331 rows=468031 loops=1)
        Buckets: 131072  Batches: 8  Memory Usage: 3097kB
        ->  Seq Scan on title t  (cost=0.00..73925.90 rows=589057 width=4) (actual time=0.016..1203.206 rows=468031 loops=1)
              Filter: ((kind_id < 3) AND (production_year > 1978))
              Rows Removed by Filter: 2060281
Planning time: 1.450 ms
Execution time: 3387.117 ms
