Hash Join  (cost=101398.18..470525.33 rows=14705 width=0) (actual time=1837.769..6462.212 rows=97474 loops=1)
  Hash Cond: (mi.movie_id = t.id)
  ->  Seq Scan on movie_info mi  (cost=0.00..346232.03 rows=6066156 width=4) (actual time=505.611..4236.849 rows=6049138 loops=1)
        Filter: (info_type_id > 12)
        Rows Removed by Filter: 8786582
  ->  Hash  (cost=101321.56..101321.56 rows=6129 width=8) (actual time=1220.632..1220.632 rows=8628 loops=1)
        Buckets: 16384 (originally 8192)  Batches: 1 (originally 1)  Memory Usage: 466kB
        ->  Hash Join  (cost=74346.17..101321.56 rows=6129 width=8) (actual time=789.843..1217.335 rows=8628 loops=1)
              Hash Cond: (mi_idx.movie_id = t.id)
              ->  Seq Scan on movie_info_idx mi_idx  (cost=0.00..25185.44 rows=460978 width=4) (actual time=0.025..327.989 rows=459925 loops=1)
                    Filter: (info_type_id < 100)
                    Rows Removed by Filter: 920110
              ->  Hash  (cost=73925.90..73925.90 rows=33621 width=4) (actual time=789.465..789.465 rows=28104 loops=1)
                    Buckets: 65536  Batches: 1  Memory Usage: 1501kB
                    ->  Seq Scan on title t  (cost=0.00..73925.90 rows=33621 width=4) (actual time=291.376..778.735 rows=28104 loops=1)
                          Filter: ((kind_id = 1) AND (production_year = 2009))
                          Rows Removed by Filter: 2500208
Planning time: 1.180 ms
Execution time: 6476.607 ms
