Seq Scan on cast_info ci  (cost=0.00..705507.15 rows=22451731 width=0) (actual time=0.034..9193.387 rows=22495414 loops=1)
  Filter: (person_id > 1354210)
  Rows Removed by Filter: 13748930
Planning time: 0.321 ms
Execution time: 11772.053 ms
