Hash Join  (cost=83074.29..137741.46 rows=166 width=0) (actual time=788.273..1620.960 rows=5386 loops=1)
  Hash Cond: (mc.movie_id = t.id)
  ->  Seq Scan on movie_companies mc  (cost=0.00..44881.29 rows=2609129 width=4) (actual time=0.021..382.587 rows=2609129 loops=1)
  ->  Hash  (cost=83072.29..83072.29 rows=160 width=8) (actual time=787.912..787.912 rows=621 loops=1)
        Buckets: 1024  Batches: 1  Memory Usage: 33kB
        ->  Nested Loop  (cost=0.43..83072.29 rows=160 width=8) (actual time=2.717..787.522 rows=621 loops=1)
              ->  Seq Scan on movie_keyword mk  (cost=0.00..81003.12 rows=246 width=4) (actual time=0.073..763.396 rows=1635 loops=1)
                    Filter: (keyword_id = 5599)
                    Rows Removed by Filter: 4522295
              ->  Index Scan using title_pkey on title t  (cost=0.43..8.40 rows=1 width=4) (actual time=0.014..0.014 rows=0 loops=1635)
                    Index Cond: (id = mk.movie_id)
                    Filter: (production_year > 1994)
                    Rows Removed by Filter: 1
Planning time: 1.132 ms
Execution time: 1621.913 ms
