Hash Join  (cost=220220.14..260928.38 rows=237617 width=0) (actual time=4682.608..6029.344 rows=892918 loops=1)
  Hash Cond: (mi_idx.movie_id = t.id)
  ->  Seq Scan on movie_info_idx mi_idx  (cost=0.00..25185.44 rows=915101 width=4) (actual time=0.019..570.491 rows=919850 loops=1)
        Filter: (info_type_id < 101)
        Rows Removed by Filter: 460185
  ->  Hash  (cost=209448.11..209448.11 rows=656562 width=8) (actual time=4681.593..4681.593 rows=655932 loops=1)
        Buckets: 131072  Batches: 16  Memory Usage: 2652kB
        ->  Hash Join  (cost=102767.86..209448.11 rows=656562 width=8) (actual time=1856.778..4493.652 rows=655932 loops=1)
              Hash Cond: (mk.movie_id = t.id)
              ->  Seq Scan on movie_keyword mk  (cost=0.00..81003.12 rows=656562 width=4) (actual time=0.017..1350.302 rows=655932 loops=1)
                    Filter: (keyword_id < 508)
                    Rows Removed by Filter: 3867998
              ->  Hash  (cost=61283.27..61283.27 rows=2528527 width=4) (actual time=1855.173..1855.173 rows=2528312 loops=1)
                    Buckets: 131072  Batches: 64  Memory Usage: 2425kB
                    ->  Seq Scan on title t  (cost=0.00..61283.27 rows=2528527 width=4) (actual time=0.023..988.119 rows=2528312 loops=1)
Planning time: 0.812 ms
Execution time: 6134.229 ms
