Nested Loop  (cost=0.43..58375.45 rows=37 width=0) (actual time=253.972..735.939 rows=3 loops=1)
  ->  Seq Scan on movie_companies mc  (cost=0.00..57926.93 rows=53 width=4) (actual time=253.891..735.825 rows=3 loops=1)
        Filter: ((company_type_id > 1) AND (company_id = 82297))
        Rows Removed by Filter: 2609126
  ->  Index Scan using title_pkey on title t  (cost=0.43..8.45 rows=1 width=4) (actual time=0.034..0.035 rows=1 loops=3)
        Index Cond: (id = mc.movie_id)
        Filter: ((kind_id > 1) AND (production_year < 2013))
Planning time: 0.820 ms
Execution time: 736.043 ms
