Hash Join  (cost=179965.00..211811.15 rows=42304 width=0) (actual time=2981.546..3687.187 rows=177228 loops=1)
  Hash Cond: (mi_idx.movie_id = t.id)
  ->  Seq Scan on movie_info_idx mi_idx  (cost=0.00..25185.44 rows=460978 width=4) (actual time=0.020..400.549 rows=459925 loops=1)
        Filter: (info_type_id = 99)
        Rows Removed by Filter: 920110
  ->  Hash  (cost=176157.48..176157.48 rows=232042 width=8) (actual time=2980.759..2980.759 rows=348280 loops=1)
        Buckets: 131072 (originally 131072)  Batches: 8 (originally 4)  Memory Usage: 3073kB
        ->  Hash Join  (cost=102767.86..176157.48 rows=232042 width=8) (actual time=1593.121..2882.970 rows=348280 loops=1)
              Hash Cond: (mc.movie_id = t.id)
              ->  Seq Scan on movie_companies mc  (cost=0.00..57926.93 rows=232042 width=4) (actual time=0.019..711.304 rows=348280 loops=1)
                    Filter: ((company_id < 404) AND (company_type_id < 2))
                    Rows Removed by Filter: 2260849
              ->  Hash  (cost=61283.27..61283.27 rows=2528527 width=4) (actual time=1592.128..1592.128 rows=2528312 loops=1)
                    Buckets: 131072  Batches: 64  Memory Usage: 2415kB
                    ->  Seq Scan on title t  (cost=0.00..61283.27 rows=2528527 width=4) (actual time=0.015..624.257 rows=2528312 loops=1)
Planning time: 1.167 ms
Execution time: 3705.605 ms
