Seq Scan on cast_info ci  (cost=0.00..705507.15 rows=500 width=0) (actual time=7366.745..7471.812 rows=210 loops=1)
  Filter: (person_id = 4025269)
  Rows Removed by Filter: 36244134
Planning time: 0.364 ms
Execution time: 7471.913 ms
