Seq Scan on movie_companies mc  (cost=0.00..51404.11 rows=104 width=0) (actual time=6.604..643.951 rows=170 loops=1)
  Filter: (company_id = 95315)
  Rows Removed by Filter: 2608959
Planning time: 0.376 ms
Execution time: 644.088 ms
