Hash Join  (cost=418205.27..1172524.68 rows=108953 width=0) (actual time=8423.735..16597.320 rows=149218 loops=1)
  Hash Cond: (ci.movie_id = t.id)
  ->  Seq Scan on cast_info ci  (cost=0.00..705507.15 rows=12726058 width=4) (actual time=3876.940..9937.568 rows=12670688 loops=1)
        Filter: (role_id < 2)
        Rows Removed by Filter: 23573656
  ->  Hash  (cost=417934.67..417934.67 rows=21648 width=8) (actual time=4546.341..4546.341 rows=21281 loops=1)
        Buckets: 32768  Batches: 1  Memory Usage: 1088kB
        ->  Hash Join  (cost=68449.54..417934.67 rows=21648 width=8) (actual time=3338.321..4537.632 rows=21281 loops=1)
              Hash Cond: (mi.movie_id = t.id)
              ->  Seq Scan on movie_info mi  (cost=0.00..346232.03 rows=809768 width=4) (actual time=2581.376..3554.558 rows=802140 loops=1)
                    Filter: (info_type_id < 2)
                    Rows Removed by Filter: 14033580
              ->  Hash  (cost=67604.59..67604.59 rows=67596 width=4) (actual time=756.327..756.327 rows=67777 loops=1)
                    Buckets: 131072  Batches: 1  Memory Usage: 3407kB
                    ->  Seq Scan on title t  (cost=0.00..67604.59 rows=67596 width=4) (actual time=0.028..729.081 rows=67777 loops=1)
                          Filter: (production_year = 2003)
                          Rows Removed by Filter: 2460535
Planning time: 1.164 ms
Execution time: 16617.541 ms
