Seq Scan on movie_companies mc  (cost=0.00..57926.93 rows=184892 width=0) (actual time=77.124..604.726 rows=289588 loops=1)
  Filter: ((company_id < 225) AND (company_type_id < 2))
  Rows Removed by Filter: 2319541
Planning time: 0.343 ms
Execution time: 643.854 ms
