Seq Scan on cast_info ci  (cost=0.00..705507.15 rows=6961217 width=0) (actual time=387.281..7882.693 rows=6898686 loops=1)
  Filter: (person_id < 666560)
  Rows Removed by Filter: 29345658
Planning time: 0.394 ms
Execution time: 8567.562 ms
