Nested Loop  (cost=0.43..52283.69 rows=104 width=0) (actual time=6.831..619.275 rows=161 loops=1)
  ->  Seq Scan on movie_companies mc  (cost=0.00..51404.11 rows=104 width=4) (actual time=6.768..615.862 rows=161 loops=1)
        Filter: (company_id = 25406)
        Rows Removed by Filter: 2608968
  ->  Index Only Scan using title_pkey on title t  (cost=0.43..8.45 rows=1 width=4) (actual time=0.020..0.020 rows=1 loops=161)
        Index Cond: (id = mc.movie_id)
        Heap Fetches: 161
Planning time: 0.714 ms
Execution time: 619.395 ms
