Hash Join  (cost=73982.55..160721.67 rows=8108 width=0) (actual time=1226.960..1979.583 rows=5882 loops=1)
  Hash Cond: (mk.movie_id = t.id)
  ->  Seq Scan on movie_keyword mk  (cost=0.00..69693.30 rows=4523930 width=4) (actual time=0.014..562.884 rows=4523930 loops=1)
  ->  Hash  (cost=73925.90..73925.90 rows=4532 width=4) (actual time=755.174..755.174 rows=12643 loops=1)
        Buckets: 16384 (originally 8192)  Batches: 1 (originally 1)  Memory Usage: 573kB
        ->  Seq Scan on title t  (cost=0.00..73925.90 rows=4532 width=4) (actual time=0.056..749.681 rows=12643 loops=1)
              Filter: ((kind_id = 7) AND (production_year = 1989))
              Rows Removed by Filter: 2515669
Planning time: 0.810 ms
Execution time: 1980.272 ms
