Hash Join  (cost=102767.86..224420.91 rows=1278765 width=0) (actual time=1420.087..3482.935 rows=1288250 loops=1)
  Hash Cond: (mk.movie_id = t.id)
  ->  Seq Scan on movie_keyword mk  (cost=0.00..81003.12 rows=1278765 width=4) (actual time=0.016..960.224 rows=1288250 loops=1)
        Filter: (keyword_id > 13726)
        Rows Removed by Filter: 3235680
  ->  Hash  (cost=61283.27..61283.27 rows=2528527 width=4) (actual time=1418.323..1418.323 rows=2528312 loops=1)
        Buckets: 131072  Batches: 64  Memory Usage: 2425kB
        ->  Seq Scan on title t  (cost=0.00..61283.27 rows=2528527 width=4) (actual time=0.026..657.552 rows=2528312 loops=1)
Planning time: 0.704 ms
Execution time: 3607.907 ms
