Hash Join  (cost=441442.57..1294386.07 rows=606750 width=0) (actual time=5391.088..21098.954 rows=2052779 loops=1)
  Hash Cond: (ci.movie_id = t.id)
  ->  Seq Scan on cast_info ci  (cost=0.00..705507.15 rows=28273765 width=4) (actual time=0.022..8684.145 rows=28412132 loops=1)
        Filter: (person_id > 763055)
        Rows Removed by Filter: 7832212
  ->  Hash  (cost=440764.29..440764.29 rows=54262 width=8) (actual time=5390.695..5390.695 rows=67276 loops=1)
        Buckets: 131072 (originally 65536)  Batches: 1 (originally 1)  Memory Usage: 3652kB
        ->  Hash Join  (cost=74251.74..440764.29 rows=54262 width=8) (actual time=823.924..5364.716 rows=67276 loops=1)
              Hash Cond: (mi.movie_id = t.id)
              ->  Seq Scan on movie_info mi  (cost=0.00..346232.03 rows=5263441 width=4) (actual time=0.019..3601.853 rows=5270569 loops=1)
                    Filter: (info_type_id > 15)
                    Rows Removed by Filter: 9565151
              ->  Hash  (cost=73925.90..73925.90 rows=26067 width=4) (actual time=823.574..823.574 rows=27085 loops=1)
                    Buckets: 32768  Batches: 1  Memory Usage: 1209kB
                    ->  Seq Scan on title t  (cost=0.00..73925.90 rows=26067 width=4) (actual time=0.037..813.090 rows=27085 loops=1)
                          Filter: ((kind_id < 7) AND (production_year > 2012))
                          Rows Removed by Filter: 2501227
Planning time: 1.182 ms
Execution time: 21328.771 ms
