Hash Join  (cost=425905.48..1221004.83 rows=146888 width=0) (actual time=4268.942..16795.467 rows=565754 loops=1)
  Hash Cond: (ci.movie_id = t.id)
  ->  Seq Scan on cast_info ci  (cost=0.00..705507.15 rows=23499554 width=4) (actual time=0.022..8969.484 rows=23573656 loops=1)
        Filter: (role_id > 1)
        Rows Removed by Filter: 12670688
  ->  Hash  (cost=425707.91..425707.91 rows=15805 width=8) (actual time=4268.722..4268.722 rows=16302 loops=1)
        Buckets: 16384  Batches: 1  Memory Usage: 765kB
        ->  Hash Join  (cost=74299.17..425707.91 rows=15805 width=8) (actual time=1305.792..4264.596 rows=16302 loops=1)
              Hash Cond: (mi.movie_id = t.id)
              ->  Seq Scan on movie_info mi  (cost=0.00..346232.03 rows=1338312 width=4) (actual time=576.119..3503.166 rows=1401902 loops=1)
                    Filter: (info_type_id = 7)
                    Rows Removed by Filter: 13433818
              ->  Hash  (cost=73925.90..73925.90 rows=29861 width=4) (actual time=566.687..566.687 rows=17772 loops=1)
                    Buckets: 32768  Batches: 1  Memory Usage: 881kB
                    ->  Seq Scan on title t  (cost=0.00..73925.90 rows=29861 width=4) (actual time=53.002..561.890 rows=17772 loops=1)
                          Filter: ((kind_id = 1) AND (production_year = 2007))
                          Rows Removed by Filter: 2510540
Planning time: 1.240 ms
Execution time: 16859.799 ms
