Hash Join  (cost=96184.51..250484.20 rows=2155185 width=0) (actual time=1246.829..4124.335 rows=537367 loops=1)
  Hash Cond: (mk.movie_id = t.id)
  ->  Seq Scan on movie_keyword mk  (cost=0.00..81003.12 rows=4016726 width=4) (actual time=0.021..1183.272 rows=4017272 loops=1)
        Filter: (keyword_id > 368)
        Rows Removed by Filter: 506658
  ->  Hash  (cost=73925.90..73925.90 rows=1356688 width=4) (actual time=1168.352..1168.352 rows=1327781 loops=1)
        Buckets: 131072  Batches: 32  Memory Usage: 2485kB
        ->  Seq Scan on title t  (cost=0.00..73925.90 rows=1356688 width=4) (actual time=0.018..829.626 rows=1327781 loops=1)
              Filter: ((production_year < 2012) AND (kind_id = 7))
              Rows Removed by Filter: 1200531
Planning time: 0.740 ms
Execution time: 4169.248 ms
