Nested Loop  (cost=0.43..83072.90 rows=140 width=0) (actual time=755.029..1023.419 rows=4 loops=1)
  ->  Seq Scan on movie_keyword mk  (cost=0.00..81003.12 rows=246 width=4) (actual time=11.739..1019.126 rows=121 loops=1)
        Filter: (keyword_id = 13722)
        Rows Removed by Filter: 4523809
  ->  Index Scan using title_pkey on title t  (cost=0.43..8.40 rows=1 width=4) (actual time=0.033..0.033 rows=0 loops=121)
        Index Cond: (id = mk.movie_id)
        Filter: ((production_year > 1922) AND (kind_id = 7))
        Rows Removed by Filter: 1
Planning time: 0.738 ms
Execution time: 1023.526 ms
