Hash Join  (cost=123984.52..210709.89 rows=6733 width=0) (actual time=1603.982..2851.780 rows=310002 loops=1)
  Hash Cond: (mk.movie_id = t.id)
  ->  Seq Scan on movie_keyword mk  (cost=0.00..69693.30 rows=4523930 width=4) (actual time=0.017..540.441 rows=4523930 loops=1)
  ->  Hash  (cost=123937.48..123937.48 rows=3763 width=8) (actual time=1603.589..1603.589 rows=12220 loops=1)
        Buckets: 16384 (originally 4096)  Batches: 1 (originally 1)  Memory Usage: 606kB
        ->  Hash Join  (cost=67697.55..123937.48 rows=3763 width=8) (actual time=810.900..1599.115 rows=12220 loops=1)
              Hash Cond: (mc.movie_id = t.id)
              ->  Seq Scan on movie_companies mc  (cost=0.00..51404.11 rows=1279517 width=4) (actual time=78.628..652.844 rows=1274246 loops=1)
                    Filter: (company_type_id = 1)
                    Rows Removed by Filter: 1334883
              ->  Hash  (cost=67604.59..67604.59 rows=7437 width=4) (actual time=731.720..731.720 rows=23040 loops=1)
                    Buckets: 32768 (originally 8192)  Batches: 1 (originally 1)  Memory Usage: 1066kB
                    ->  Seq Scan on title t  (cost=0.00..67604.59 rows=7437 width=4) (actual time=0.025..721.837 rows=23040 loops=1)
                          Filter: (production_year = 1990)
                          Rows Removed by Filter: 2505272
Planning time: 1.181 ms
Execution time: 2885.018 ms
