Seq Scan on cast_info ci  (cost=0.00..796071.18 rows=5794341 width=0) (actual time=4150.556..10087.537 rows=7451973 loops=1)
  Filter: ((person_id < 2920454) AND (role_id = 2))
  Rows Removed by Filter: 28792371
Planning time: 0.390 ms
Execution time: 10938.863 ms
