Hash Join  (cost=190230.21..338782.13 rows=1993133 width=0) (actual time=4014.629..7438.199 rows=8557338 loops=1)
  Hash Cond: (mk.movie_id = t.id)
  ->  Seq Scan on movie_keyword mk  (cost=0.00..81003.12 rows=3651857 width=4) (actual time=0.027..886.316 rows=3645663 loops=1)
        Filter: (keyword_id > 831)
        Rows Removed by Filter: 878267
  ->  Hash  (cost=167588.78..167588.78 rows=1380035 width=8) (actual time=4012.937..4012.937 rows=1380035 loops=1)
        Buckets: 131072  Batches: 32  Memory Usage: 2726kB
        ->  Hash Join  (cost=102767.86..167588.78 rows=1380035 width=8) (actual time=1398.822..2964.936 rows=1380035 loops=1)
              Hash Cond: (mi_idx.movie_id = t.id)
              ->  Seq Scan on movie_info_idx mi_idx  (cost=0.00..21735.35 rows=1380035 width=4) (actual time=0.013..327.355 rows=1380035 loops=1)
              ->  Hash  (cost=61283.27..61283.27 rows=2528527 width=4) (actual time=1396.877..1396.877 rows=2528312 loops=1)
                    Buckets: 131072  Batches: 64  Memory Usage: 2415kB
                    ->  Seq Scan on title t  (cost=0.00..61283.27 rows=2528527 width=4) (actual time=0.024..663.435 rows=2528312 loops=1)
Planning time: 1.206 ms
Execution time: 8109.631 ms
