Hash Join  (cost=73962.22..132554.07 rows=203 width=0) (actual time=746.133..1379.115 rows=510 loops=1)
  Hash Cond: (mc.movie_id = t.id)
  ->  Seq Scan on movie_companies mc  (cost=0.00..57926.93 rows=176771 width=4) (actual time=0.030..599.751 rows=276826 loops=1)
        Filter: ((company_id < 180) AND (company_type_id = 1))
        Rows Removed by Filter: 2332303
  ->  Hash  (cost=73925.90..73925.90 rows=2905 width=4) (actual time=744.287..744.287 rows=3646 loops=1)
        Buckets: 4096  Batches: 1  Memory Usage: 161kB
        ->  Seq Scan on title t  (cost=0.00..73925.90 rows=2905 width=4) (actual time=1.393..742.593 rows=3646 loops=1)
              Filter: ((kind_id < 7) AND (production_year = 1957))
              Rows Removed by Filter: 2524666
Planning time: 0.719 ms
Execution time: 1379.264 ms
