Seq Scan on cast_info ci  (cost=0.00..796071.18 rows=23773182 width=0) (actual time=136.440..11686.549 rows=23181233 loops=1)
  Filter: ((person_id > 866663) AND (role_id < 10))
  Rows Removed by Filter: 13063111
Planning time: 0.361 ms
Execution time: 14129.657 ms
