Hash Join  (cost=156209.36..266132.25 rows=364957 width=0) (actual time=2524.445..4936.870 rows=1563945 loops=1)
  Hash Cond: (mk.movie_id = t.id)
  ->  Seq Scan on movie_keyword mk  (cost=0.00..81003.12 rows=2032053 width=4) (actual time=0.021..1114.127 rows=2038601 loops=1)
        Filter: (keyword_id > 6040)
        Rows Removed by Filter: 2485329
  ->  Hash  (cost=148758.81..148758.81 rows=454124 width=8) (actual time=2523.710..2523.710 rows=459925 loops=1)
        Buckets: 131072  Batches: 8  Memory Usage: 3284kB
        ->  Hash Join  (cost=102767.86..148758.81 rows=454124 width=8) (actual time=1322.293..2383.056 rows=459925 loops=1)
              Hash Cond: (mi_idx.movie_id = t.id)
              ->  Seq Scan on movie_info_idx mi_idx  (cost=0.00..25185.44 rows=454124 width=4) (actual time=0.015..294.672 rows=459925 loops=1)
                    Filter: (info_type_id = 100)
                    Rows Removed by Filter: 920110
              ->  Hash  (cost=61283.27..61283.27 rows=2528527 width=4) (actual time=1321.087..1321.087 rows=2528312 loops=1)
                    Buckets: 131072  Batches: 64  Memory Usage: 2415kB
                    ->  Seq Scan on title t  (cost=0.00..61283.27 rows=2528527 width=4) (actual time=0.012..622.304 rows=2528312 loops=1)
Planning time: 0.749 ms
Execution time: 5131.311 ms
