Hash Join  (cost=99591.38..466084.38 rows=475050 width=0) (actual time=4009.916..5734.350 rows=488072 loops=1)
  Hash Cond: (mi.movie_id = t.id)
  ->  Seq Scan on movie_info mi  (cost=0.00..346232.03 rows=616095 width=4) (actual time=2585.428..3733.703 rows=598457 loops=1)
        Filter: (info_type_id = 15)
        Rows Removed by Filter: 14237263
  ->  Hash  (cost=67604.59..67604.59 rows=1949663 width=4) (actual time=1392.311..1392.311 rows=1947263 loops=1)
        Buckets: 131072  Batches: 32  Memory Usage: 3180kB
        ->  Seq Scan on title t  (cost=0.00..67604.59 rows=1949663 width=4) (actual time=0.024..853.386 rows=1947263 loops=1)
              Filter: (production_year > 1979)
              Rows Removed by Filter: 581049
Planning time: 0.739 ms
Execution time: 5783.702 ms
