Seq Scan on movie_keyword mk  (cost=0.00..81003.12 rows=2828170 width=0) (actual time=0.020..881.483 rows=2816244 loops=1)
  Filter: (keyword_id < 8421)
  Rows Removed by Filter: 1707686
Planning time: 0.313 ms
Execution time: 1142.822 ms
