Hash Join  (cost=100664.14..156961.57 rows=9513 width=0) (actual time=1701.403..2326.824 rows=47571 loops=1)
  Hash Cond: (mc.movie_id = t.id)
  ->  Seq Scan on movie_companies mc  (cost=0.00..51404.11 rows=1279517 width=4) (actual time=79.988..673.330 rows=1274246 loops=1)
        Filter: (company_type_id = 1)
        Rows Removed by Filter: 1334883
  ->  Hash  (cost=100429.15..100429.15 rows=18799 width=8) (actual time=1404.988..1404.988 rows=37049 loops=1)
        Buckets: 65536 (originally 32768)  Batches: 1 (originally 1)  Memory Usage: 1960kB
        ->  Hash Join  (cost=69283.60..100429.15 rows=18799 width=8) (actual time=820.846..1389.969 rows=37049 loops=1)
              Hash Cond: (mi_idx.movie_id = t.id)
              ->  Seq Scan on movie_info_idx mi_idx  (cost=0.00..25185.44 rows=464566 width=4) (actual time=0.027..394.160 rows=459925 loops=1)
                    Filter: (info_type_id = 101)
                    Rows Removed by Filter: 920110
              ->  Hash  (cost=67604.59..67604.59 rows=102321 width=4) (actual time=791.305..791.305 rows=100537 loops=1)
                    Buckets: 131072  Batches: 2  Memory Usage: 2797kB
                    ->  Seq Scan on title t  (cost=0.00..67604.59 rows=102321 width=4) (actual time=407.210..754.892 rows=100537 loops=1)
                          Filter: (kind_id = 3)
                          Rows Removed by Filter: 2427775
Planning time: 1.140 ms
Execution time: 2332.815 ms
