Nested Loop  (cost=0.43..150087.11 rows=4209 width=0) (actual time=0.417..1053.373 rows=1113 loops=1)
  ->  Seq Scan on movie_keyword mk  (cost=0.00..81003.12 rows=10707 width=4) (actual time=0.043..951.140 rows=9226 loops=1)
        Filter: (keyword_id = 875)
        Rows Removed by Filter: 4514704
  ->  Index Scan using title_pkey on title t  (cost=0.43..6.44 rows=1 width=4) (actual time=0.011..0.011 rows=0 loops=9226)
        Index Cond: (id = mk.movie_id)
        Filter: ((kind_id > 1) AND (production_year < 2005))
        Rows Removed by Filter: 1
Planning time: 0.730 ms
Execution time: 1053.859 ms
