Hash Join  (cost=139597.14..1042159.31 rows=1625108 width=0) (actual time=3620.054..13430.683 rows=1817643 loops=1)
  Hash Cond: (ci.movie_id = t.id)
  ->  Seq Scan on cast_info ci  (cost=0.00..796071.18 rows=7622375 width=4) (actual time=1159.924..9757.567 rows=2237244 loops=1)
        Filter: ((person_id > 1423500) AND (role_id < 2))
        Rows Removed by Filter: 34007100
  ->  Hash  (cost=130752.54..130752.54 rows=539088 width=8) (actual time=2459.295..2459.295 rows=954317 loops=1)
        Buckets: 131072 (originally 131072)  Batches: 16 (originally 8)  Memory Usage: 3354kB
        ->  Hash Join  (cost=83810.17..130752.54 rows=539088 width=8) (actual time=1097.016..2239.810 rows=954317 loops=1)
              Hash Cond: (mi_idx.movie_id = t.id)
              ->  Seq Scan on movie_info_idx mi_idx  (cost=0.00..21735.35 rows=1380035 width=4) (actual time=0.031..281.311 rows=1380035 loops=1)
              ->  Hash  (cost=67604.59..67604.59 rows=987727 width=4) (actual time=1096.375..1096.375 rows=985048 loops=1)
                    Buckets: 131072  Batches: 16  Memory Usage: 3188kB
                    ->  Seq Scan on title t  (cost=0.00..67604.59 rows=987727 width=4) (actual time=0.015..679.623 rows=985048 loops=1)
                          Filter: (kind_id < 7)
                          Rows Removed by Filter: 1543264
Planning time: 1.215 ms
Execution time: 13579.306 ms
