Hash Join  (cost=637220.59..1809548.57 rows=17521000 width=0) (actual time=12633.669..51908.216 rows=137545514 loops=1)
  Hash Cond: (ci.movie_id = t.id)
  ->  Seq Scan on cast_info ci  (cost=0.00..796071.18 rows=12203436 width=4) (actual time=2371.407..10560.082 rows=18737300 loops=1)
        Filter: ((person_id > 1708885) AND (role_id > 1))
        Rows Removed by Filter: 17507044
  ->  Hash  (cost=577660.64..577660.64 rows=3630316 width=8) (actual time=10260.201..10260.201 rows=6413546 loops=1)
        Buckets: 131072 (originally 131072)  Batches: 128 (originally 64)  Memory Usage: 3073kB
        ->  Hash Join  (cost=83810.17..577660.64 rows=3630316 width=8) (actual time=1120.191..9132.825 rows=6413546 loops=1)
              Hash Cond: (mi.movie_id = t.id)
              ->  Seq Scan on movie_info mi  (cost=0.00..346232.03 rows=9293409 width=4) (actual time=214.469..3732.196 rows=9425200 loops=1)
                    Filter: (info_type_id > 5)
                    Rows Removed by Filter: 5410520
              ->  Hash  (cost=67604.59..67604.59 rows=987727 width=4) (actual time=904.922..904.922 rows=985048 loops=1)
                    Buckets: 131072  Batches: 16  Memory Usage: 3197kB
                    ->  Seq Scan on title t  (cost=0.00..67604.59 rows=987727 width=4) (actual time=0.020..658.364 rows=985048 loops=1)
                          Filter: (kind_id < 7)
                          Rows Removed by Filter: 1543264
Planning time: 2.687 ms
Execution time: 61772.485 ms
