Hash Join  (cost=102767.86..238903.82 rows=1880667 width=0) (actual time=1200.328..3558.932 rows=1888320 loops=1)
  Hash Cond: (mk.movie_id = t.id)
  ->  Seq Scan on movie_keyword mk  (cost=0.00..81003.12 rows=1880667 width=4) (actual time=0.014..1055.279 rows=1888320 loops=1)
        Filter: (keyword_id > 7240)
        Rows Removed by Filter: 2635610
  ->  Hash  (cost=61283.27..61283.27 rows=2528527 width=4) (actual time=1198.950..1198.950 rows=2528312 loops=1)
        Buckets: 131072  Batches: 64  Memory Usage: 2425kB
        ->  Seq Scan on title t  (cost=0.00..61283.27 rows=2528527 width=4) (actual time=0.027..570.392 rows=2528312 loops=1)
Planning time: 0.702 ms
Execution time: 3702.815 ms
