Hash Join  (cost=79082.94..188395.45 rows=262891 width=0) (actual time=720.049..2214.258 rows=41428 loops=1)
  Hash Cond: (mk.movie_id = t.id)
  ->  Seq Scan on movie_keyword mk  (cost=0.00..81003.12 rows=2114793 width=4) (actual time=0.014..842.648 rows=2119659 loops=1)
        Filter: (keyword_id < 3882)
        Rows Removed by Filter: 2404271
  ->  Hash  (cost=73925.90..73925.90 rows=314323 width=4) (actual time=659.543..659.543 rows=201761 loops=1)
        Buckets: 131072  Batches: 8  Memory Usage: 1908kB
        ->  Seq Scan on title t  (cost=0.00..73925.90 rows=314323 width=4) (actual time=97.451..609.118 rows=201761 loops=1)
              Filter: ((production_year < 1980) AND (kind_id = 7))
              Rows Removed by Filter: 2326551
Planning time: 0.722 ms
Execution time: 2219.229 ms
