Hash Join  (cost=70241.71..156337.54 rows=23259 width=0) (actual time=776.575..1578.423 rows=13180 loops=1)
  Hash Cond: (mk.movie_id = t.id)
  ->  Seq Scan on movie_keyword mk  (cost=0.00..81003.12 rows=365898 width=4) (actual time=0.026..664.939 rows=363529 loops=1)
        Filter: (keyword_id > 46057)
        Rows Removed by Filter: 4160401
  ->  Hash  (cost=67604.59..67604.59 rows=160730 width=4) (actual time=775.037..775.037 rows=160017 loops=1)
        Buckets: 131072  Batches: 4  Memory Usage: 2442kB
        ->  Seq Scan on title t  (cost=0.00..67604.59 rows=160730 width=4) (actual time=0.013..720.563 rows=160017 loops=1)
              Filter: (production_year = 2011)
              Rows Removed by Filter: 2368295
Planning time: 0.744 ms
Execution time: 1580.245 ms
