Seq Scan on movie_keyword mk  (cost=0.00..81003.12 rows=246 width=0) (actual time=7.437..996.433 rows=117 loops=1)
  Filter: (keyword_id = 13798)
  Rows Removed by Filter: 4523813
Planning time: 0.368 ms
Execution time: 996.590 ms
