Nested Loop  (cost=0.43..52283.95 rows=41 width=0) (actual time=439.670..770.462 rows=3 loops=1)
  ->  Seq Scan on movie_companies mc  (cost=0.00..51404.11 rows=104 width=4) (actual time=439.598..770.315 rows=3 loops=1)
        Filter: (company_id = 164487)
        Rows Removed by Filter: 2609126
  ->  Index Scan using title_pkey on title t  (cost=0.43..8.45 rows=1 width=4) (actual time=0.043..0.044 rows=1 loops=3)
        Index Cond: (id = mc.movie_id)
        Filter: (kind_id < 7)
Planning time: 1.118 ms
Execution time: 770.558 ms
