Seq Scan on movie_keyword mk  (cost=0.00..81003.12 rows=246 width=0) (actual time=1.170..994.039 rows=269 loops=1)
  Filter: (keyword_id = 2139)
  Rows Removed by Filter: 4523661
Planning time: 0.408 ms
Execution time: 994.253 ms
