Hash Join  (cost=197409.26..263266.53 rows=23305 width=0) (actual time=2830.743..3490.354 rows=278589 loops=1)
  Hash Cond: (mc.movie_id = t.id)
  ->  Seq Scan on movie_companies mc  (cost=0.00..57926.93 rows=634209 width=4) (actual time=319.702..691.212 rows=864496 loops=1)
        Filter: ((company_id < 11240) AND (company_type_id < 2))
        Rows Removed by Filter: 1744633
  ->  Hash  (cost=195884.84..195884.84 rows=92914 width=8) (actual time=2510.398..2510.398 rows=102103 loops=1)
        Buckets: 131072  Batches: 2  Memory Usage: 3040kB
        ->  Hash Join  (cost=102767.86..195884.84 rows=92914 width=8) (actual time=1196.842..2489.240 rows=102103 loops=1)
              Hash Cond: (mk.movie_id = t.id)
              ->  Seq Scan on movie_keyword mk  (cost=0.00..81003.12 rows=92914 width=4) (actual time=0.062..1010.967 rows=102103 loops=1)
                    Filter: (keyword_id < 101)
                    Rows Removed by Filter: 4421827
              ->  Hash  (cost=61283.27..61283.27 rows=2528527 width=4) (actual time=1194.903..1194.903 rows=2528312 loops=1)
                    Buckets: 131072  Batches: 64  Memory Usage: 2425kB
                    ->  Seq Scan on title t  (cost=0.00..61283.27 rows=2528527 width=4) (actual time=0.018..558.904 rows=2528312 loops=1)
Planning time: 1.160 ms
Execution time: 3517.783 ms
