Seq Scan on cast_info ci  (cost=0.00..705507.15 rows=14058504 width=0) (actual time=0.034..7684.362 rows=14026536 loops=1)
  Filter: (person_id < 1382034)
  Rows Removed by Filter: 22217808
Planning time: 0.322 ms
Execution time: 9141.904 ms
