Hash Join  (cost=834301.82..3303546.17 rows=101932021 width=0) (actual time=10935.129..44678.272 rows=65715298 loops=1)
  Hash Cond: (ci.movie_id = t.id)
  ->  Seq Scan on cast_info ci  (cost=0.00..796071.18 rows=28696435 width=4) (actual time=0.020..12160.865 rows=28576487 loops=1)
        Filter: ((person_id > 306574) AND (role_id < 10))
        Rows Removed by Filter: 7667857
  ->  Hash  (cost=686947.71..686947.71 rows=8981529 width=8) (actual time=10933.008..10933.008 rows=3963336 loops=1)
        Buckets: 131072  Batches: 128  Memory Usage: 2196kB
        ->  Hash Join  (cost=92883.59..686947.71 rows=8981529 width=8) (actual time=1109.107..10241.070 rows=3963336 loops=1)
              Hash Cond: (mi.movie_id = t.id)
              ->  Seq Scan on movie_info mi  (cost=0.00..309384.22 rows=14739122 width=4) (actual time=0.022..3322.241 rows=14835720 loops=1)
              ->  Hash  (cost=67604.59..67604.59 rows=1540800 width=4) (actual time=997.540..997.540 rows=1543264 loops=1)
                    Buckets: 131072  Batches: 32  Memory Usage: 2728kB
                    ->  Seq Scan on title t  (cost=0.00..67604.59 rows=1540800 width=4) (actual time=0.015..641.737 rows=1543264 loops=1)
                          Filter: (kind_id = 7)
                          Rows Removed by Filter: 985048
Planning time: 1.309 ms
Execution time: 49399.469 ms
