Seq Scan on movie_keyword mk  (cost=0.00..81003.12 rows=246 width=0) (actual time=5.153..943.875 rows=67 loops=1)
  Filter: (keyword_id = 8393)
  Rows Removed by Filter: 4523863
Planning time: 0.388 ms
Execution time: 944.001 ms
