Seq Scan on movie_keyword mk  (cost=0.00..81003.12 rows=1815764 width=0) (actual time=0.024..1137.636 rows=1818001 loops=1)
  Filter: (keyword_id < 2982)
  Rows Removed by Filter: 2705929
Planning time: 0.331 ms
Execution time: 1367.122 ms
