Hash Join  (cost=92883.59..168358.21 rows=371579 width=0) (actual time=1052.453..1926.566 rows=198507 loops=1)
  Hash Cond: (mc.movie_id = t.id)
  ->  Seq Scan on movie_companies mc  (cost=0.00..57926.93 rows=609779 width=4) (actual time=159.650..584.240 rows=883966 loops=1)
        Filter: ((company_id > 12234) AND (company_type_id > 1))
        Rows Removed by Filter: 1725163
  ->  Hash  (cost=67604.59..67604.59 rows=1540800 width=4) (actual time=891.764..891.764 rows=1543264 loops=1)
        Buckets: 131072  Batches: 32  Memory Usage: 2722kB
        ->  Seq Scan on title t  (cost=0.00..67604.59 rows=1540800 width=4) (actual time=0.024..570.929 rows=1543264 loops=1)
              Filter: (kind_id = 7)
              Rows Removed by Filter: 985048
Planning time: 0.751 ms
Execution time: 1940.875 ms
