Seq Scan on movie_keyword mk  (cost=0.00..81003.12 rows=3490960 width=0) (actual time=0.024..734.046 rows=3485952 loops=1)
  Filter: (keyword_id < 17086)
  Rows Removed by Filter: 1037978
Planning time: 0.302 ms
Execution time: 988.310 ms
