Hash Join  (cost=101210.02..653624.03 rows=7676442 width=0) (actual time=1387.962..9755.062 rows=6695663 loops=1)
  Hash Cond: (mi.movie_id = t.id)
  ->  Seq Scan on movie_info mi  (cost=0.00..346232.03 rows=9476311 width=4) (actual time=0.020..3577.578 rows=9565151 loops=1)
        Filter: (info_type_id < 16)
        Rows Removed by Filter: 5270569
  ->  Hash  (cost=67604.59..67604.59 rows=2048275 width=4) (actual time=1386.733..1386.733 rows=2046723 loops=1)
        Buckets: 131072  Batches: 32  Memory Usage: 3285kB
        ->  Seq Scan on title t  (cost=0.00..67604.59 rows=2048275 width=4) (actual time=0.015..840.081 rows=2046723 loops=1)
              Filter: (production_year > 1972)
              Rows Removed by Filter: 481589
Planning time: 0.805 ms
Execution time: 10207.609 ms
