Seq Scan on movie_keyword mk  (cost=0.00..81003.12 rows=3941742 width=0) (actual time=0.022..1654.125 rows=3944008 loops=1)
  Filter: (keyword_id < 31619)
  Rows Removed by Filter: 579922
Planning time: 0.337 ms
Execution time: 2147.410 ms
