Hash Join  (cost=102544.35..162726.46 rows=8605 width=0) (actual time=2129.189..2318.143 rows=9831 loops=1)
  Hash Cond: (mc.movie_id = t.id)
  ->  Seq Scan on movie_companies mc  (cost=0.00..57926.93 rows=578431 width=4) (actual time=0.025..730.241 rows=865833 loops=1)
        Filter: ((company_id > 13238) AND (company_type_id = 2))
        Rows Removed by Filter: 1743296
  ->  Hash  (cost=102074.13..102074.13 rows=37618 width=8) (actual time=1443.931..1443.931 rows=19569 loops=1)
        Buckets: 65536  Batches: 1  Memory Usage: 1277kB
        ->  Hash Join  (cost=74787.47..102074.13 rows=37618 width=8) (actual time=1177.868..1437.210 rows=19569 loops=1)
              Hash Cond: (mi_idx.movie_id = t.id)
              ->  Seq Scan on movie_info_idx mi_idx  (cost=0.00..21735.35 rows=1380035 width=4) (actual time=0.024..202.885 rows=1380035 loops=1)
              ->  Hash  (cost=73925.90..73925.90 rows=68925 width=4) (actual time=922.394..922.394 rows=84076 loops=1)
                    Buckets: 131072  Batches: 1  Memory Usage: 3980kB
                    ->  Seq Scan on title t  (cost=0.00..73925.90 rows=68925 width=4) (actual time=0.023..889.766 rows=84076 loops=1)
                          Filter: ((kind_id = 7) AND (production_year = 2007))
                          Rows Removed by Filter: 2444236
Planning time: 1.206 ms
Execution time: 2319.260 ms
