Hash Join  (cost=320987.28..1232082.28 rows=9312775 width=0) (actual time=4142.457..14604.371 rows=8913452 loops=1)
  Hash Cond: (ci.movie_id = t.id)
  ->  Seq Scan on cast_info ci  (cost=0.00..705507.15 rows=7072175 width=4) (actual time=153.856..6973.233 rows=7012921 loops=1)
        Filter: (person_id < 677696)
        Rows Removed by Filter: 29231423
  ->  Hash  (cost=266360.12..266360.12 rows=3329613 width=8) (actual time=3986.260..3986.260 rows=1637255 loops=1)
        Buckets: 131072  Batches: 64  Memory Usage: 2002kB
        ->  Hash Join  (cost=98137.04..266360.12 rows=3329613 width=8) (actual time=1171.073..3686.203 rows=1637255 loops=1)
              Hash Cond: (mk.movie_id = t.id)
              ->  Seq Scan on movie_keyword mk  (cost=0.00..69693.30 rows=4523930 width=4) (actual time=0.026..763.636 rows=4523930 loops=1)
              ->  Hash  (cost=67604.59..67604.59 rows=1860996 width=4) (actual time=1170.017..1170.017 rows=1865487 loops=1)
                    Buckets: 131072  Batches: 32  Memory Usage: 3085kB
                    ->  Seq Scan on title t  (cost=0.00..67604.59 rows=1860996 width=4) (actual time=0.024..720.762 rows=1865487 loops=1)
                          Filter: (kind_id > 1)
                          Rows Removed by Filter: 662825
Planning time: 0.753 ms
Execution time: 15190.481 ms
