Hash Join  (cost=281871.70..1264268.65 rows=10794954 width=0) (actual time=3238.769..19284.224 rows=38266556 loops=1)
  Hash Cond: (ci.movie_id = t.id)
  ->  Seq Scan on cast_info ci  (cost=0.00..705507.15 rows=12520852 width=4) (actual time=0.020..6902.682 rows=12444762 loops=1)
        Filter: (person_id < 1227679)
        Rows Removed by Filter: 23799582
  ->  Hash  (cost=246105.82..246105.82 rows=2179990 width=8) (actual time=3237.501..3237.501 rows=2179645 loops=1)
        Buckets: 131072  Batches: 32  Memory Usage: 3668kB
        ->  Hash Join  (cost=102767.86..246105.82 rows=2179990 width=8) (actual time=859.633..2882.697 rows=2179645 loops=1)
              Hash Cond: (mk.movie_id = t.id)
              ->  Seq Scan on movie_keyword mk  (cost=0.00..81003.12 rows=2179990 width=4) (actual time=0.015..800.532 rows=2179645 loops=1)
                    Filter: (keyword_id > 5215)
                    Rows Removed by Filter: 2344285
              ->  Hash  (cost=61283.27..61283.27 rows=2528527 width=4) (actual time=858.881..858.881 rows=2528312 loops=1)
                    Buckets: 131072  Batches: 64  Memory Usage: 2425kB
                    ->  Seq Scan on title t  (cost=0.00..61283.27 rows=2528527 width=4) (actual time=0.017..417.184 rows=2528312 loops=1)
Planning time: 1.200 ms
Execution time: 21875.360 ms
