Hash Join  (cost=102767.86..965074.71 rows=2342134 width=0) (actual time=4568.015..9227.921 rows=3628531 loops=1)
  Hash Cond: (ci.movie_id = t.id)
  ->  Seq Scan on cast_info ci  (cost=0.00..796071.18 rows=2342134 width=4) (actual time=3636.192..6252.642 rows=3628531 loops=1)
        Filter: ((person_id > 3404638) AND (role_id > 1))
        Rows Removed by Filter: 32615813
  ->  Hash  (cost=61283.27..61283.27 rows=2528527 width=4) (actual time=930.565..930.565 rows=2528312 loops=1)
        Buckets: 131072  Batches: 64  Memory Usage: 2415kB
        ->  Seq Scan on title t  (cost=0.00..61283.27 rows=2528527 width=4) (actual time=0.014..452.577 rows=2528312 loops=1)
Planning time: 0.522 ms
Execution time: 9498.059 ms
