Seq Scan on movie_companies mc  (cost=0.00..51404.11 rows=2099080 width=0) (actual time=0.012..483.378 rows=2100643 loops=1)
  Filter: (company_id > 464)
  Rows Removed by Filter: 508486
Planning time: 0.287 ms
Execution time: 655.548 ms
