Seq Scan on movie_companies mc  (cost=0.00..57926.93 rows=468705 width=0) (actual time=0.022..607.826 rows=790856 loops=1)
  Filter: ((company_id > 19636) AND (company_type_id > 1))
  Rows Removed by Filter: 1818273
Planning time: 0.293 ms
Execution time: 690.642 ms
