Hash Join  (cost=28270.40..89902.82 rows=144 width=0) (actual time=697.249..1002.679 rows=366 loops=1)
  Hash Cond: (mc.movie_id = t.id)
  ->  Seq Scan on movie_companies mc  (cost=0.00..57926.93 rows=987745 width=4) (actual time=240.546..651.720 rows=686395 loops=1)
        Filter: ((company_id < 49462) AND (company_type_id = 2))
        Rows Removed by Filter: 1922734
  ->  Hash  (cost=28265.80..28265.80 rows=368 width=8) (actual time=273.785..273.785 rows=260 loops=1)
        Buckets: 1024  Batches: 1  Memory Usage: 19kB
        ->  Nested Loop  (cost=0.43..28265.80 rows=368 width=8) (actual time=232.397..273.660 rows=260 loops=1)
              ->  Seq Scan on movie_info_idx mi_idx  (cost=0.00..25185.44 rows=368 width=4) (actual time=232.327..268.400 rows=260 loops=1)
                    Filter: (info_type_id > 101)
                    Rows Removed by Filter: 1379775
              ->  Index Only Scan using title_pkey on title t  (cost=0.43..8.36 rows=1 width=4) (actual time=0.019..0.019 rows=1 loops=260)
                    Index Cond: (id = mi_idx.movie_id)
                    Heap Fetches: 260
Planning time: 1.141 ms
Execution time: 1002.820 ms
