Hash Join  (cost=75393.26..142991.45 rows=47004 width=0) (actual time=725.745..1332.408 rows=67410 loops=1)
  Hash Cond: (mc.movie_id = t.id)
  ->  Seq Scan on movie_companies mc  (cost=0.00..51404.11 rows=1329612 width=4) (actual time=262.841..572.015 rows=1334883 loops=1)
        Filter: (company_type_id > 1)
        Rows Removed by Filter: 1274246
  ->  Hash  (cost=73925.90..73925.90 rows=89388 width=4) (actual time=462.253..462.253 rows=80461 loops=1)
        Buckets: 131072  Batches: 2  Memory Usage: 2441kB
        ->  Seq Scan on title t  (cost=0.00..73925.90 rows=89388 width=4) (actual time=0.029..444.782 rows=80461 loops=1)
              Filter: ((kind_id < 6) AND (production_year > 2011))
              Rows Removed by Filter: 2447851
Planning time: 0.478 ms
Execution time: 1337.788 ms
