Seq Scan on movie_companies mc  (cost=0.00..57926.93 rows=51 width=0) (actual time=166.961..479.226 rows=233 loops=1)
  Filter: ((company_type_id < 2) AND (company_id = 1891))
  Rows Removed by Filter: 2608896
Planning time: 0.348 ms
Execution time: 479.342 ms
