Hash Join  (cost=67697.55..158013.79 rows=7248 width=0) (actual time=536.807..1666.959 rows=11338 loops=1)
  Hash Cond: (mk.movie_id = t.id)
  ->  Seq Scan on movie_keyword mk  (cost=0.00..81003.12 rows=2464170 width=4) (actual time=0.019..839.592 rows=2461673 loops=1)
        Filter: (keyword_id < 5906)
        Rows Removed by Filter: 2062257
  ->  Hash  (cost=67604.59..67604.59 rows=7437 width=4) (actual time=536.605..536.605 rows=13063 loops=1)
        Buckets: 16384 (originally 8192)  Batches: 1 (originally 1)  Memory Usage: 588kB
        ->  Seq Scan on title t  (cost=0.00..67604.59 rows=7437 width=4) (actual time=0.188..531.639 rows=13063 loops=1)
              Filter: (production_year = 1965)
              Rows Removed by Filter: 2515249
Planning time: 0.730 ms
Execution time: 1668.393 ms
