Hash Join  (cost=184207.13..1396553.44 rows=17380413 width=0) (actual time=2328.846..26536.359 rows=37659020 loops=1)
  Hash Cond: (ci.movie_id = t.id)
  ->  Seq Scan on cast_info ci  (cost=0.00..614943.12 rows=36225612 width=4) (actual time=0.012..6270.824 rows=36244344 loops=1)
  ->  Hash  (cost=164303.84..164303.84 rows=1213143 width=8) (actual time=2328.068..2328.068 rows=1247330 loops=1)
        Buckets: 131072  Batches: 16  Memory Usage: 4074kB
        ->  Hash Join  (cost=104071.89..164303.84 rows=1213143 width=8) (actual time=1022.701..2111.461 rows=1247330 loops=1)
              Hash Cond: (mi_idx.movie_id = t.id)
              ->  Seq Scan on movie_info_idx mi_idx  (cost=0.00..21735.35 rows=1380035 width=4) (actual time=0.010..220.676 rows=1380035 loops=1)
              ->  Hash  (cost=67604.59..67604.59 rows=2222744 width=4) (actual time=1021.385..1021.385 rows=2214818 loops=1)
                    Buckets: 131072  Batches: 32  Memory Usage: 3459kB
                    ->  Seq Scan on title t  (cost=0.00..67604.59 rows=2222744 width=4) (actual time=0.014..608.561 rows=2214818 loops=1)
                          Filter: (production_year > 1959)
                          Rows Removed by Filter: 313494
Planning time: 0.797 ms
Execution time: 29024.438 ms
