Hash Join  (cost=83073.10..137739.29 rows=67 width=0) (actual time=545.633..1037.811 rows=17461 loops=1)
  Hash Cond: (mc.movie_id = t.id)
  ->  Seq Scan on movie_companies mc  (cost=0.00..44881.29 rows=2609129 width=4) (actual time=0.009..258.578 rows=2609129 loops=1)
  ->  Hash  (cost=83072.29..83072.29 rows=65 width=8) (actual time=491.296..491.296 rows=1433 loops=1)
        Buckets: 2048 (originally 1024)  Batches: 1 (originally 1)  Memory Usage: 72kB
        ->  Nested Loop  (cost=0.43..83072.29 rows=65 width=8) (actual time=45.105..490.665 rows=1433 loops=1)
              ->  Seq Scan on movie_keyword mk  (cost=0.00..81003.12 rows=246 width=4) (actual time=0.959..463.411 rows=2049 loops=1)
                    Filter: (keyword_id = 1738)
                    Rows Removed by Filter: 4521881
              ->  Index Scan using title_pkey on title t  (cost=0.43..8.40 rows=1 width=4) (actual time=0.013..0.013 rows=1 loops=2049)
                    Index Cond: (id = mk.movie_id)
                    Filter: (kind_id < 2)
                    Rows Removed by Filter: 0
Planning time: 0.756 ms
Execution time: 1039.653 ms
