Seq Scan on movie_companies mc  (cost=0.00..57926.93 rows=53 width=0) (actual time=95.410..383.521 rows=182 loops=1)
  Filter: ((company_id = 76336) AND (company_type_id = 2))
  Rows Removed by Filter: 2608947
Planning time: 0.250 ms
Execution time: 383.605 ms
