Hash Join  (cost=100908.38..159210.07 rows=63 width=0) (actual time=860.638..1051.022 rows=2163 loops=1)
  Hash Cond: (mc.movie_id = t.id)
  ->  Seq Scan on movie_companies mc  (cost=0.00..57926.93 rows=99765 width=4) (actual time=142.979..314.685 rows=197038 loops=1)
        Filter: ((company_id > 114430) AND (company_type_id > 1))
        Rows Removed by Filter: 2412091
  ->  Hash  (cost=100888.56..100888.56 rows=1586 width=8) (actual time=717.579..717.579 rows=8409 loops=1)
        Buckets: 16384 (originally 2048)  Batches: 1 (originally 1)  Memory Usage: 457kB
        ->  Hash Join  (cost=73962.22..100888.56 rows=1586 width=8) (actual time=454.260..715.776 rows=8409 loops=1)
              Hash Cond: (mi_idx.movie_id = t.id)
              ->  Seq Scan on movie_info_idx mi_idx  (cost=0.00..21735.35 rows=1380035 width=4) (actual time=0.012..116.763 rows=1380035 loops=1)
              ->  Hash  (cost=73925.90..73925.90 rows=2905 width=4) (actual time=454.179..454.179 rows=6875 loops=1)
                    Buckets: 8192 (originally 4096)  Batches: 1 (originally 1)  Memory Usage: 306kB
                    ->  Seq Scan on title t  (cost=0.00..73925.90 rows=2905 width=4) (actual time=0.478..452.425 rows=6875 loops=1)
                          Filter: ((kind_id < 7) AND (production_year = 1982))
                          Rows Removed by Filter: 2521437
Planning time: 0.688 ms
Execution time: 1051.388 ms
