Hash Join  (cost=156632.57..231415.31 rows=206206 width=0) (actual time=1460.863..2299.787 rows=396538 loops=1)
  Hash Cond: (mc.movie_id = t.id)
  ->  Seq Scan on movie_companies mc  (cost=0.00..57926.93 rows=1122332 width=4) (actual time=0.017..471.165 rows=924626 loops=1)
        Filter: ((company_id < 81023) AND (company_type_id = 2))
        Rows Removed by Filter: 1684503
  ->  Hash  (cost=149010.49..149010.49 rows=464566 width=8) (actual time=1460.167..1460.167 rows=459925 loops=1)
        Buckets: 131072  Batches: 8  Memory Usage: 3275kB
        ->  Hash Join  (cost=102767.86..149010.49 rows=464566 width=8) (actual time=796.344..1383.029 rows=459925 loops=1)
              Hash Cond: (mi_idx.movie_id = t.id)
              ->  Seq Scan on movie_info_idx mi_idx  (cost=0.00..25185.44 rows=464566 width=4) (actual time=0.013..196.569 rows=459925 loops=1)
                    Filter: (info_type_id = 101)
                    Rows Removed by Filter: 920110
              ->  Hash  (cost=61283.27..61283.27 rows=2528527 width=4) (actual time=795.130..795.130 rows=2528312 loops=1)
                    Buckets: 131072  Batches: 64  Memory Usage: 2415kB
                    ->  Seq Scan on title t  (cost=0.00..61283.27 rows=2528527 width=4) (actual time=0.012..400.507 rows=2528312 loops=1)
Planning time: 0.785 ms
Execution time: 2326.683 ms
