Hash Join  (cost=619546.00..2073721.68 rows=18881346 width=0) (actual time=15614.116..53271.306 rows=25080230 loops=1)
  Hash Cond: (ci.movie_id = t.id)
  ->  Seq Scan on cast_info ci  (cost=0.00..614943.12 rows=36225612 width=4) (actual time=0.021..13644.830 rows=36244344 loops=1)
  ->  Hash  (cost=597923.16..597923.16 rows=1317907 width=8) (actual time=15612.783..15612.783 rows=954829 loops=1)
        Buckets: 131072  Batches: 32  Memory Usage: 2162kB
        ->  Hash Join  (cost=71408.55..597923.16 rows=1317907 width=8) (actual time=1003.370..15308.557 rows=954829 loops=1)
              Hash Cond: (mi.movie_id = t.id)
              ->  Seq Scan on movie_info mi  (cost=0.00..346232.03 rows=14373737 width=4) (actual time=0.018..7384.026 rows=14407069 loops=1)
                    Filter: (info_type_id < 105)
                    Rows Removed by Filter: 428651
              ->  Hash  (cost=67604.59..67604.59 rows=231837 width=4) (actual time=1002.501..1002.501 rows=231649 loops=1)
                    Buckets: 131072  Batches: 4  Memory Usage: 3082kB
                    ->  Seq Scan on title t  (cost=0.00..67604.59 rows=231837 width=4) (actual time=0.022..923.778 rows=231649 loops=1)
                          Filter: (production_year > 2011)
                          Rows Removed by Filter: 2296663
Planning time: 1.117 ms
Execution time: 56098.511 ms
