Seq Scan on movie_keyword mk  (cost=0.00..81003.12 rows=4354186 width=0) (actual time=0.033..680.692 rows=4358956 loops=1)
  Filter: (keyword_id < 72500)
  Rows Removed by Filter: 164974
Planning time: 0.232 ms
Execution time: 957.000 ms
