Hash Join  (cost=190230.21..1186802.27 rows=6256475 width=0) (actual time=2236.564..10540.049 rows=6300647 loops=1)
  Hash Cond: (ci.movie_id = t.id)
  ->  Seq Scan on cast_info ci  (cost=0.00..796071.18 rows=11463235 width=4) (actual time=0.034..6043.132 rows=4895970 loops=1)
        Filter: ((person_id < 1735258) AND (role_id > 1))
        Rows Removed by Filter: 31348374
  ->  Hash  (cost=167588.78..167588.78 rows=1380035 width=8) (actual time=2235.412..2235.412 rows=1380035 loops=1)
        Buckets: 131072  Batches: 32  Memory Usage: 2708kB
        ->  Hash Join  (cost=102767.86..167588.78 rows=1380035 width=8) (actual time=1028.221..2010.735 rows=1380035 loops=1)
              Hash Cond: (mi_idx.movie_id = t.id)
              ->  Seq Scan on movie_info_idx mi_idx  (cost=0.00..21735.35 rows=1380035 width=4) (actual time=0.012..189.642 rows=1380035 loops=1)
              ->  Hash  (cost=61283.27..61283.27 rows=2528527 width=4) (actual time=1026.927..1026.927 rows=2528312 loops=1)
                    Buckets: 131072  Batches: 64  Memory Usage: 2415kB
                    ->  Seq Scan on title t  (cost=0.00..61283.27 rows=2528527 width=4) (actual time=0.022..504.508 rows=2528312 loops=1)
Planning time: 0.662 ms
Execution time: 10925.830 ms
