Hash Join  (cost=124552.66..496518.76 rows=118697 width=0) (actual time=1691.432..3601.904 rows=55584 loops=1)
  Hash Cond: (mi.movie_id = t.id)
  ->  Seq Scan on movie_info mi  (cost=0.00..346232.03 rows=2073893 width=4) (actual time=616.422..2095.245 rows=2091068 loops=1)
        Filter: (info_type_id < 3)
        Rows Removed by Filter: 12744652
  ->  Hash  (cost=122177.69..122177.69 rows=144718 width=8) (actual time=1074.358..1074.358 rows=71725 loops=1)
        Buckets: 131072  Batches: 2  Memory Usage: 2430kB
        ->  Hash Join  (cost=87146.10..122177.69 rows=144718 width=8) (actual time=714.391..1059.616 rows=71725 loops=1)
              Hash Cond: (mi_idx.movie_id = t.id)
              ->  Seq Scan on movie_info_idx mi_idx  (cost=0.00..25185.44 rows=454124 width=4) (actual time=0.022..189.129 rows=459925 loops=1)
                    Filter: (info_type_id = 100)
                    Rows Removed by Filter: 920110
              ->  Hash  (cost=73925.90..73925.90 rows=805776 width=4) (actual time=684.280..684.280 rows=881945 loops=1)
                    Buckets: 131072  Batches: 16  Memory Usage: 2970kB
                    ->  Seq Scan on title t  (cost=0.00..73925.90 rows=805776 width=4) (actual time=0.014..526.774 rows=881945 loops=1)
                          Filter: ((production_year > 2001) AND (kind_id = 7))
                          Rows Removed by Filter: 1646367
Planning time: 0.719 ms
Execution time: 3605.850 ms
