Hash Join  (cost=1018504.83..4247359.17 rows=164541219 width=0) (actual time=13894.182..83217.406 rows=356097000 loops=1)
  Hash Cond: (ci.movie_id = t.id)
  ->  Seq Scan on cast_info ci  (cost=0.00..705507.15 rows=28227388 width=4) (actual time=0.027..8213.724 rows=28366385 loops=1)
        Filter: (person_id > 768086)
        Rows Removed by Filter: 7877959
  ->  Hash  (cost=776690.81..776690.81 rows=14739122 width=8) (actual time=13891.788..13891.788 rows=14835720 loops=1)
        Buckets: 131072  Batches: 256  Memory Usage: 3268kB
        ->  Hash Join  (cost=102767.86..776690.81 rows=14739122 width=8) (actual time=1040.902..11402.233 rows=14835720 loops=1)
              Hash Cond: (mi.movie_id = t.id)
              ->  Seq Scan on movie_info mi  (cost=0.00..309384.22 rows=14739122 width=4) (actual time=0.015..2542.938 rows=14835720 loops=1)
              ->  Hash  (cost=61283.27..61283.27 rows=2528527 width=4) (actual time=1039.583..1039.583 rows=2528312 loops=1)
                    Buckets: 131072  Batches: 64  Memory Usage: 2425kB
                    ->  Seq Scan on title t  (cost=0.00..61283.27 rows=2528527 width=4) (actual time=0.013..500.281 rows=2528312 loops=1)
Planning time: 1.141 ms
Execution time: 105263.077 ms
