Hash Join  (cost=263115.61..1296702.70 rows=9620891 width=0) (actual time=3165.551..17305.840 rows=33144072 loops=1)
  Hash Cond: (ci.movie_id = t.id)
  ->  Seq Scan on cast_info ci  (cost=0.00..796071.18 rows=9323680 width=4) (actual time=219.055..6038.665 rows=14528976 loops=1)
        Filter: ((person_id > 2206532) AND (role_id > 1))
        Rows Removed by Filter: 21715368
  ->  Hash  (cost=220309.49..220309.49 rows=2609129 width=8) (actual time=2945.163..2945.163 rows=2609129 loops=1)
        Buckets: 131072  Batches: 64  Memory Usage: 2610kB
        ->  Hash Join  (cost=102767.86..220309.49 rows=2609129 width=8) (actual time=799.016..2508.554 rows=2609129 loops=1)
              Hash Cond: (mc.movie_id = t.id)
              ->  Seq Scan on movie_companies mc  (cost=0.00..44881.29 rows=2609129 width=4) (actual time=0.017..362.097 rows=2609129 loops=1)
              ->  Hash  (cost=61283.27..61283.27 rows=2528527 width=4) (actual time=798.374..798.374 rows=2528312 loops=1)
                    Buckets: 131072  Batches: 64  Memory Usage: 2415kB
                    ->  Seq Scan on title t  (cost=0.00..61283.27 rows=2528527 width=4) (actual time=0.012..399.748 rows=2528312 loops=1)
Planning time: 0.771 ms
Execution time: 19332.126 ms
