Hash Join  (cost=90963.25..249798.71 rows=1539342 width=106) (actual time=1916.594..7616.307 rows=3320711 loops=1)
  Hash Cond: (mk.movie_id = t.id)
  ->  Seq Scan on movie_keyword mk  (cost=0.00..69693.30 rows=4523930 width=12) (actual time=0.014..1467.568 rows=4523930 loops=1)
  ->  Hash  (cost=67604.59..67604.59 rows=860373 width=94) (actual time=1915.778..1915.778 rows=854214 loops=1)
        Buckets: 32768  Batches: 32  Memory Usage: 3200kB
        ->  Seq Scan on title t  (cost=0.00..67604.59 rows=860373 width=94) (actual time=0.025..1573.781 rows=854214 loops=1)
              Filter: (kind_id < 4)
              Rows Removed by Filter: 1674098
Planning time: 5.091 ms
Execution time: 7795.308 ms
