Seq Scan on movie_companies mc  (cost=0.00..57926.93 rows=51 width=0) (actual time=146.419..307.228 rows=5 loops=1)
  Filter: ((company_id = 32757) AND (company_type_id = 1))
  Rows Removed by Filter: 2609124
Planning time: 0.275 ms
Execution time: 307.292 ms
