Seq Scan on cast_info ci  (cost=0.00..796071.18 rows=168 width=0) (actual time=3974.321..5401.602 rows=3 loops=1)
  Filter: ((role_id > 3) AND (person_id = 3130303))
  Rows Removed by Filter: 36244341
Planning time: 0.257 ms
Execution time: 5401.681 ms
