Hash Join  (cost=73950.44..881108.02 rows=2290 width=0) (actual time=2923.980..6121.210 rows=12752 loops=1)
  Hash Cond: (ci.movie_id = t.id)
  ->  Seq Scan on cast_info ci  (cost=0.00..796071.18 rows=2950267 width=4) (actual time=2443.633..5018.951 rows=7166978 loops=1)
        Filter: ((person_id > 2814743) AND (role_id > 3))
        Rows Removed by Filter: 29077366
  ->  Hash  (cost=73925.90..73925.90 rows=1963 width=4) (actual time=480.216..480.216 rows=4585 loops=1)
        Buckets: 8192 (originally 2048)  Batches: 1 (originally 1)  Memory Usage: 226kB
        ->  Seq Scan on title t  (cost=0.00..73925.90 rows=1963 width=4) (actual time=176.567..478.990 rows=4585 loops=1)
              Filter: ((kind_id = 1) AND (production_year = 1971))
              Rows Removed by Filter: 2523727
Planning time: 0.523 ms
Execution time: 6123.045 ms
