Hash Join  (cost=905446.16..1612453.22 rows=4026311 width=0) (actual time=10960.028..19100.656 rows=15732886 loops=1)
  Hash Cond: (mi.movie_id = t.id)
  ->  Seq Scan on movie_info mi  (cost=0.00..309384.22 rows=14739122 width=4) (actual time=0.011..2319.044 rows=14835720 loops=1)
  ->  Hash  (cost=894113.14..894113.14 rows=690722 width=8) (actual time=10958.062..10958.062 rows=841822 loops=1)
        Buckets: 131072  Batches: 16  Memory Usage: 2960kB
        ->  Hash Join  (cost=74690.97..894113.14 rows=690722 width=8) (actual time=507.007..10780.852 rows=841822 loops=1)
              Hash Cond: (ci.movie_id = t.id)
              ->  Seq Scan on cast_info ci  (cost=0.00..705507.15 rows=28535413 width=4) (actual time=0.012..5617.521 rows=28655152 loops=1)
                    Filter: (person_id > 735919)
                    Rows Removed by Filter: 7589192
              ->  Hash  (cost=73925.90..73925.90 rows=61205 width=4) (actual time=506.777..506.777 rows=61581 loops=1)
                    Buckets: 65536  Batches: 1  Memory Usage: 2677kB
                    ->  Seq Scan on title t  (cost=0.00..73925.90 rows=61205 width=4) (actual time=3.001..496.129 rows=61581 loops=1)
                          Filter: ((production_year > 2011) AND (kind_id = 1))
                          Rows Removed by Filter: 2466731
Planning time: 0.688 ms
Execution time: 20122.574 ms
