Seq Scan on movie_keyword mk  (cost=0.00..81003.12 rows=318521 width=0) (actual time=0.020..510.598 rows=315012 loops=1)
  Filter: (keyword_id > 51767)
  Rows Removed by Filter: 4208918
Planning time: 0.219 ms
Execution time: 532.688 ms
