Nested Loop  (cost=0.43..83071.67 rows=246 width=0) (actual time=15.612..1318.913 rows=921 loops=1)
  ->  Seq Scan on movie_keyword mk  (cost=0.00..81003.12 rows=246 width=4) (actual time=15.525..1284.640 rows=921 loops=1)
        Filter: (keyword_id = 5558)
        Rows Removed by Filter: 4523009
  ->  Index Only Scan using title_pkey on title t  (cost=0.43..8.40 rows=1 width=4) (actual time=0.035..0.036 rows=1 loops=921)
        Index Cond: (id = mk.movie_id)
        Heap Fetches: 921
Planning time: 0.752 ms
Execution time: 1319.381 ms
