Hash Join  (cost=242214.05..855577.57 rows=7869452 width=0) (actual time=2896.903..19174.224 rows=83832464 loops=1)
  Hash Cond: (mi.movie_id = t.id)
  ->  Seq Scan on movie_info mi  (cost=0.00..346232.03 rows=14282391 width=4) (actual time=0.010..2938.294 rows=14308956 loops=1)
        Filter: (info_type_id < 103)
        Rows Removed by Filter: 526764
  ->  Hash  (cost=219356.14..219356.14 rows=1393193 width=8) (actual time=2895.995..2895.995 rows=1934051 loops=1)
        Buckets: 131072  Batches: 32  Memory Usage: 3418kB
        ->  Hash Join  (cost=80380.17..219356.14 rows=1393193 width=8) (actual time=581.629..2568.496 rows=1934051 loops=1)
              Hash Cond: (mk.movie_id = t.id)
              ->  Seq Scan on movie_keyword mk  (cost=0.00..69693.30 rows=4523930 width=4) (actual time=0.005..600.014 rows=4523930 loops=1)
              ->  Hash  (cost=67604.59..67604.59 rows=778687 width=4) (actual time=580.882..580.882 rows=782677 loops=1)
                    Buckets: 131072  Batches: 16  Memory Usage: 2751kB
                    ->  Seq Scan on title t  (cost=0.00..67604.59 rows=778687 width=4) (actual time=0.015..445.152 rows=782677 loops=1)
                          Filter: (production_year < 1994)
                          Rows Removed by Filter: 1745635
Planning time: 0.705 ms
Execution time: 24030.331 ms
