Seq Scan on cast_info ci  (cost=0.00..796071.18 rows=7378657 width=0) (actual time=763.713..4766.853 rows=4368420 loops=1)
  Filter: ((person_id > 2770620) AND (role_id < 8))
  Rows Removed by Filter: 31875924
Planning time: 0.263 ms
Execution time: 5039.893 ms
