Hash Join  (cost=102767.86..183394.52 rows=532783 width=0) (actual time=957.226..1622.354 rows=248166 loops=1)
  Hash Cond: (mc.movie_id = t.id)
  ->  Seq Scan on movie_companies mc  (cost=0.00..57926.93 rows=532783 width=4) (actual time=0.019..378.459 rows=248166 loops=1)
        Filter: ((company_id > 14069) AND (company_type_id = 1))
        Rows Removed by Filter: 2360963
  ->  Hash  (cost=61283.27..61283.27 rows=2528527 width=4) (actual time=956.391..956.391 rows=2528312 loops=1)
        Buckets: 131072  Batches: 64  Memory Usage: 2415kB
        ->  Seq Scan on title t  (cost=0.00..61283.27 rows=2528527 width=4) (actual time=0.021..472.088 rows=2528312 loops=1)
Planning time: 0.543 ms
Execution time: 1637.502 ms
