Nested Loop  (cost=0.43..860478.34 rows=9808 width=0) (actual time=1737.249..5198.160 rows=166497 loops=1)
  ->  Seq Scan on cast_info ci  (cost=0.00..796071.18 rows=9808 width=4) (actual time=1737.113..4150.431 rows=166497 loops=1)
        Filter: ((person_id > 3860112) AND (role_id = 11))
        Rows Removed by Filter: 36077847
  ->  Index Only Scan using title_pkey on title t  (cost=0.43..6.56 rows=1 width=4) (actual time=0.006..0.006 rows=1 loops=166497)
        Index Cond: (id = ci.movie_id)
        Heap Fetches: 166497
Planning time: 0.510 ms
Execution time: 5221.698 ms
