Hash Join  (cost=130043.83..514523.00 rows=162080 width=0) (actual time=1092.938..4290.914 rows=50831 loops=1)
  Hash Cond: (mi.movie_id = t.id)
  ->  Seq Scan on movie_info mi  (cost=0.00..346232.03 rows=9767026 width=4) (actual time=64.073..2367.779 rows=9911754 loops=1)
        Filter: (info_type_id > 4)
        Rows Removed by Filter: 4923966
  ->  Hash  (cost=129519.33..129519.33 rows=41960 width=8) (actual time=1028.425..1028.425 rows=13319 loops=1)
        Buckets: 65536  Batches: 1  Memory Usage: 1033kB
        ->  Hash Join  (cost=74434.21..129519.33 rows=41960 width=8) (actual time=378.183..1024.690 rows=13319 loops=1)
              Hash Cond: (mc.movie_id = t.id)
              ->  Seq Scan on movie_companies mc  (cost=0.00..44881.29 rows=2609129 width=4) (actual time=0.023..243.850 rows=2609129 loops=1)
              ->  Hash  (cost=73925.90..73925.90 rows=40664 width=4) (actual time=377.859..377.859 rows=40257 loops=1)
                    Buckets: 65536  Batches: 1  Memory Usage: 1928kB
                    ->  Seq Scan on title t  (cost=0.00..73925.90 rows=40664 width=4) (actual time=0.032..368.599 rows=40257 loops=1)
                          Filter: ((production_year > 2012) AND (kind_id = 7))
                          Rows Removed by Filter: 2488055
Planning time: 0.694 ms
Execution time: 4294.693 ms
