Seq Scan on movie_companies mc  (cost=0.00..51404.11 rows=412635 width=0) (actual time=0.017..317.309 rows=413623 loops=1)
  Filter: (company_id < 277)
  Rows Removed by Filter: 2195506
Planning time: 0.231 ms
Execution time: 343.526 ms
