Seq Scan on movie_keyword mk  (cost=0.00..81003.12 rows=4183959 width=0) (actual time=0.021..651.523 rows=4186957 loops=1)
  Filter: (keyword_id < 48999)
  Rows Removed by Filter: 336973
Planning time: 0.228 ms
Execution time: 912.928 ms
