Seq Scan on title t  (cost=0.00..73925.90 rows=626856 width=0) (actual time=0.018..459.880 rows=571053 loops=1)
  Filter: ((production_year > 1919) AND (kind_id = 1))
  Rows Removed by Filter: 1957259
Planning time: 0.241 ms
Execution time: 495.505 ms
