Hash Join  (cost=79362.67..579777.91 rows=1931431 width=0) (actual time=1441.189..15756.778 rows=5229646 loops=1)
  Hash Cond: (mi.movie_id = t.id)
  ->  Seq Scan on movie_info mi  (cost=0.00..309384.22 rows=14739122 width=4) (actual time=0.016..6028.807 rows=14835720 loops=1)
  ->  Hash  (cost=73925.90..73925.90 rows=331341 width=4) (actual time=1440.624..1440.624 rows=454939 loops=1)
        Buckets: 131072  Batches: 8  Memory Usage: 3039kB
        ->  Seq Scan on title t  (cost=0.00..73925.90 rows=331341 width=4) (actual time=0.012..1289.779 rows=454939 loops=1)
              Filter: ((kind_id < 4) AND (production_year < 1999))
              Rows Removed by Filter: 2073373
Planning time: 0.552 ms
Execution time: 16336.181 ms
