Hash Join  (cost=175930.06..319374.62 rows=1759952 width=0) (actual time=1866.366..3792.304 rows=2875038 loops=1)
  Hash Cond: (mk.movie_id = t.id)
  ->  Seq Scan on movie_keyword mk  (cost=0.00..69693.30 rows=4523930 width=4) (actual time=0.021..565.578 rows=4523930 loops=1)
  ->  Hash  (cost=159791.10..159791.10 rows=983677 width=8) (actual time=1865.340..1865.340 rows=749958 loops=1)
        Buckets: 131072  Batches: 16  Memory Usage: 2873kB
        ->  Hash Join  (cost=103495.80..159791.10 rows=983677 width=8) (actual time=884.466..1730.276 rows=749958 loops=1)
              Hash Cond: (mi_idx.movie_id = t.id)
              ->  Seq Scan on movie_info_idx mi_idx  (cost=0.00..21735.35 rows=1380035 width=4) (actual time=0.016..183.139 rows=1380035 loops=1)
              ->  Hash  (cost=73925.90..73925.90 rows=1802312 width=4) (actual time=883.536..883.536 rows=1799906 loops=1)
                    Buckets: 131072  Batches: 32  Memory Usage: 3007kB
                    ->  Seq Scan on title t  (cost=0.00..73925.90 rows=1802312 width=4) (actual time=0.017..594.973 rows=1799906 loops=1)
                          Filter: ((kind_id > 1) AND (production_year > 1901))
                          Rows Removed by Filter: 728406
Planning time: 0.713 ms
Execution time: 3961.932 ms
