Nested Loop  (cost=0.43..83072.90 rows=9 width=0) (actual time=30.171..482.460 rows=37 loops=1)
  ->  Seq Scan on movie_keyword mk  (cost=0.00..81003.12 rows=246 width=4) (actual time=2.325..469.107 rows=853 loops=1)
        Filter: (keyword_id = 1607)
        Rows Removed by Filter: 4523077
  ->  Index Scan using title_pkey on title t  (cost=0.43..8.40 rows=1 width=4) (actual time=0.015..0.015 rows=0 loops=853)
        Index Cond: (id = mk.movie_id)
        Filter: ((kind_id > 2) AND (production_year = 2009))
        Rows Removed by Filter: 1
Planning time: 0.476 ms
Execution time: 482.536 ms
