Seq Scan on movie_keyword mk  (cost=0.00..81003.12 rows=246 width=0) (actual time=15.973..529.325 rows=34 loops=1)
  Filter: (keyword_id = 80762)
  Rows Removed by Filter: 4523896
Planning time: 0.218 ms
Execution time: 529.404 ms
