Hash Join  (cost=1168713.75..2293548.83 rows=46284212 width=0) (actual time=11298.804..33428.970 rows=118104538 loops=1)
  Hash Cond: (mi.movie_id = t.id)
  ->  Seq Scan on movie_info mi  (cost=0.00..346232.03 rows=13929354 width=4) (actual time=0.015..3008.171 rows=14033580 loops=1)
        Filter: (info_type_id > 1)
        Rows Removed by Filter: 802140
  ->  Hash  (cost=1030871.94..1030871.94 rows=8401745 width=8) (actual time=11297.149..11297.149 rows=8090992 loops=1)
        Buckets: 131072  Batches: 128  Memory Usage: 3534kB
        ->  Hash Join  (cost=101489.21..1030871.94 rows=8401745 width=8) (actual time=810.700..9980.272 rows=8090992 loops=1)
              Hash Cond: (ci.movie_id = t.id)
              ->  Seq Scan on cast_info ci  (cost=0.00..705507.15 rows=10286026 width=4) (actual time=0.076..4992.857 rows=10301419 loops=1)
                    Filter: (person_id > 2681388)
                    Rows Removed by Filter: 25942925
              ->  Hash  (cost=67604.59..67604.59 rows=2065330 width=4) (actual time=809.887..809.887 rows=2064552 loops=1)
                    Buckets: 131072  Batches: 32  Memory Usage: 3289kB
                    ->  Seq Scan on title t  (cost=0.00..67604.59 rows=2065330 width=4) (actual time=0.025..502.003 rows=2064552 loops=1)
                          Filter: (production_year < 2011)
                          Rows Removed by Filter: 463760
Planning time: 0.734 ms
Execution time: 40315.835 ms
