Hash Join  (cost=102767.86..1291677.25 rows=15915213 width=0) (actual time=731.964..14772.445 rows=19831142 loops=1)
  Hash Cond: (ci.movie_id = t.id)
  ->  Seq Scan on cast_info ci  (cost=0.00..796071.18 rows=15915213 width=4) (actual time=0.015..6602.994 rows=19831142 loops=1)
        Filter: ((person_id < 2455038) AND (role_id < 4))
        Rows Removed by Filter: 16413202
  ->  Hash  (cost=61283.27..61283.27 rows=2528527 width=4) (actual time=731.089..731.089 rows=2528312 loops=1)
        Buckets: 131072  Batches: 64  Memory Usage: 2415kB
        ->  Seq Scan on title t  (cost=0.00..61283.27 rows=2528527 width=4) (actual time=0.047..372.678 rows=2528312 loops=1)
Planning time: 0.465 ms
Execution time: 15890.921 ms
