Seq Scan on cast_info ci  (cost=0.00..705507.15 rows=7288340 width=0) (actual time=4.703..4334.669 rows=7242858 loops=1)
  Filter: (person_id < 699516)
  Rows Removed by Filter: 29001486
Planning time: 0.223 ms
Execution time: 4773.537 ms
