Hash Join  (cost=58375.34..423031.39 rows=12 width=0) (actual time=464.078..2779.084 rows=14 loops=1)
  Hash Cond: (mi.movie_id = t.id)
  ->  Seq Scan on movie_info mi  (cost=0.00..309384.22 rows=14739122 width=4) (actual time=0.013..1314.383 rows=14835720 loops=1)
  ->  Hash  (cost=58375.31..58375.31 rows=2 width=8) (actual time=319.703..319.703 rows=2 loops=1)
        Buckets: 1024  Batches: 1  Memory Usage: 9kB
        ->  Nested Loop  (cost=0.43..58375.31 rows=2 width=8) (actual time=229.041..319.694 rows=2 loops=1)
              ->  Seq Scan on movie_companies mc  (cost=0.00..57926.93 rows=53 width=4) (actual time=140.804..315.767 rows=382 loops=1)
                    Filter: ((company_type_id > 1) AND (company_id = 895))
                    Rows Removed by Filter: 2608747
              ->  Index Scan using title_pkey on title t  (cost=0.43..8.45 rows=1 width=4) (actual time=0.010..0.010 rows=0 loops=382)
                    Index Cond: (id = mc.movie_id)
                    Filter: (kind_id = 4)
                    Rows Removed by Filter: 1
Planning time: 0.697 ms
Execution time: 2779.189 ms
