Hash Join  (cost=169206.64..224495.14 rows=62298 width=0) (actual time=1082.153..1532.046 rows=36818 loops=1)
  Hash Cond: (mc.movie_id = t.id)
  ->  Seq Scan on movie_companies mc  (cost=0.00..44881.29 rows=2609129 width=4) (actual time=0.006..208.596 rows=2609129 loops=1)
  ->  Hash  (cost=168451.98..168451.98 rows=60373 width=8) (actual time=1081.441..1081.441 rows=14061 loops=1)
        Buckets: 65536  Batches: 1  Memory Usage: 1062kB
        ->  Hash Join  (cost=81097.38..168451.98 rows=60373 width=8) (actual time=499.594..1078.829 rows=14061 loops=1)
              Hash Cond: (mk.movie_id = t.id)
              ->  Seq Scan on movie_keyword mk  (cost=0.00..81003.12 rows=349264 width=4) (actual time=0.013..470.751 rows=363692 loops=1)
                    Filter: (keyword_id < 335)
                    Rows Removed by Filter: 4160238
              ->  Hash  (cost=73925.90..73925.90 rows=437078 width=4) (actual time=498.377..498.377 rows=464859 loops=1)
                    Buckets: 131072  Batches: 8  Memory Usage: 3076kB
                    ->  Seq Scan on title t  (cost=0.00..73925.90 rows=437078 width=4) (actual time=0.014..426.216 rows=464859 loops=1)
                          Filter: ((kind_id > 3) AND (production_year > 2008))
                          Rows Removed by Filter: 2063453
Planning time: 0.558 ms
Execution time: 1534.515 ms
