Hash Join  (cost=69002.72..144615.99 rows=67615 width=0) (actual time=1008.726..2850.083 rows=58137 loops=1)
  Hash Cond: (mc.movie_id = t.id)
  ->  Seq Scan on movie_companies mc  (cost=0.00..51404.11 rows=2006401 width=4) (actual time=0.026..1134.710 rows=2000522 loops=1)
        Filter: (company_id < 65419)
        Rows Removed by Filter: 608607
  ->  Hash  (cost=67604.59..67604.59 rows=85211 width=4) (actual time=1007.809..1007.809 rows=84593 loops=1)
        Buckets: 131072  Batches: 2  Memory Usage: 2518kB
        ->  Seq Scan on title t  (cost=0.00..67604.59 rows=85211 width=4) (actual time=0.035..974.790 rows=84593 loops=1)
              Filter: (production_year = 2004)
              Rows Removed by Filter: 2443719
Planning time: 0.798 ms
Execution time: 2858.304 ms
