Hash Join  (cost=158675.83..516980.53 rows=56695 width=0) (actual time=2564.479..3248.234 rows=13295 loops=1)
  Hash Cond: (mi.movie_id = t.id)
  ->  Seq Scan on movie_info mi  (cost=0.00..346232.03 rows=3068194 width=4) (actual time=870.492..1852.877 rows=3036719 loops=1)
        Filter: (info_type_id = 16)
        Rows Removed by Filter: 11799001
  ->  Hash  (cost=158091.79..158091.79 rows=46723 width=8) (actual time=1159.320..1159.320 rows=9814 loops=1)
        Buckets: 65536  Batches: 1  Memory Usage: 896kB
        ->  Hash Join  (cost=98137.04..158091.79 rows=46723 width=8) (actual time=799.878..1156.944 rows=9814 loops=1)
              Hash Cond: (mc.movie_id = t.id)
              ->  Seq Scan on movie_companies mc  (cost=0.00..51404.11 rows=63482 width=4) (actual time=85.721..297.548 rows=62456 loops=1)
                    Filter: (company_id > 182022)
                    Rows Removed by Filter: 2546673
              ->  Hash  (cost=67604.59..67604.59 rows=1860996 width=4) (actual time=712.804..712.804 rows=1865487 loops=1)
                    Buckets: 131072  Batches: 32  Memory Usage: 3079kB
                    ->  Seq Scan on title t  (cost=0.00..67604.59 rows=1860996 width=4) (actual time=0.020..445.086 rows=1865487 loops=1)
                          Filter: (kind_id > 1)
                          Rows Removed by Filter: 662825
Planning time: 0.688 ms
Execution time: 3249.457 ms
