Hash Join  (cost=128727.13..625257.26 rows=1567318 width=0) (actual time=1059.463..6935.320 rows=6574384 loops=1)
  Hash Cond: (mi.movie_id = t.id)
  ->  Seq Scan on movie_info mi  (cost=0.00..309384.22 rows=14739122 width=4) (actual time=0.009..2105.281 rows=14835720 loops=1)
  ->  Hash  (cost=124315.17..124315.17 rows=268877 width=8) (actual time=1058.795..1058.795 rows=382558 loops=1)
        Buckets: 131072 (originally 131072)  Batches: 8 (originally 4)  Memory Usage: 3073kB
        ->  Hash Join  (cost=82008.92..124315.17 rows=268877 width=8) (actual time=467.577..996.857 rows=382558 loops=1)
              Hash Cond: (mi_idx.movie_id = t.id)
              ->  Seq Scan on movie_info_idx mi_idx  (cost=0.00..21735.35 rows=1380035 width=4) (actual time=0.015..166.168 rows=1380035 loops=1)
              ->  Hash  (cost=73925.90..73925.90 rows=492641 width=4) (actual time=466.917..466.917 rows=420285 loops=1)
                    Buckets: 131072  Batches: 8  Memory Usage: 2868kB
                    ->  Seq Scan on title t  (cost=0.00..73925.90 rows=492641 width=4) (actual time=0.017..402.883 rows=420285 loops=1)
                          Filter: ((kind_id < 7) AND (production_year > 2002))
                          Rows Removed by Filter: 2108027
Planning time: 0.657 ms
Execution time: 7323.827 ms
