Hash Join  (cost=102767.86..1173786.04 rows=14779510 width=0) (actual time=830.003..11906.548 rows=14682532 loops=1)
  Hash Cond: (ci.movie_id = t.id)
  ->  Seq Scan on cast_info ci  (cost=0.00..705507.15 rows=14779510 width=4) (actual time=4.731..5289.847 rows=14682532 loops=1)
        Filter: (person_id < 1447606)
        Rows Removed by Filter: 21561812
  ->  Hash  (cost=61283.27..61283.27 rows=2528527 width=4) (actual time=776.223..776.223 rows=2528312 loops=1)
        Buckets: 131072  Batches: 64  Memory Usage: 2415kB
        ->  Seq Scan on title t  (cost=0.00..61283.27 rows=2528527 width=4) (actual time=0.013..393.746 rows=2528312 loops=1)
Planning time: 0.468 ms
Execution time: 12781.919 ms
