Seq Scan on movie_keyword mk  (cost=0.00..81003.12 rows=2327567 width=0) (actual time=0.019..548.934 rows=2328572 loops=1)
  Filter: (keyword_id < 5113)
  Rows Removed by Filter: 2195358
Planning time: 0.211 ms
Execution time: 684.627 ms
