Hash Join  (cost=147219.96..607121.68 rows=371253 width=0) (actual time=1291.885..5144.575 rows=1319887 loops=1)
  Hash Cond: (mi.movie_id = t.id)
  ->  Seq Scan on movie_info mi  (cost=0.00..346232.03 rows=9476311 width=4) (actual time=138.708..2291.275 rows=9565151 loops=1)
        Filter: (info_type_id < 16)
        Rows Removed by Filter: 5270569
  ->  Hash  (cost=145594.71..145594.71 rows=99060 width=8) (actual time=1152.512..1152.512 rows=87493 loops=1)
        Buckets: 131072  Batches: 2  Memory Usage: 2779kB
        ->  Hash Join  (cost=69179.59..145594.71 rows=99060 width=8) (actual time=377.284..1136.438 rows=87493 loops=1)
              Hash Cond: (mc.movie_id = t.id)
              ->  Seq Scan on movie_companies mc  (cost=0.00..44881.29 rows=2609129 width=4) (actual time=0.012..318.290 rows=2609129 loops=1)
              ->  Hash  (cost=67604.59..67604.59 rows=96000 width=4) (actual time=376.611..376.611 rows=95005 loops=1)
                    Buckets: 131072  Batches: 2  Memory Usage: 2716kB
                    ->  Seq Scan on title t  (cost=0.00..67604.59 rows=96000 width=4) (actual time=0.022..358.435 rows=95005 loops=1)
                          Filter: (production_year = 2005)
                          Rows Removed by Filter: 2433307
Planning time: 0.645 ms
Execution time: 5220.899 ms
