Seq Scan on cast_info ci  (cost=0.00..705507.15 rows=12092181 width=0) (actual time=0.014..4247.383 rows=12150089 loops=1)
  Filter: (person_id > 2471106)
  Rows Removed by Filter: 24094255
Planning time: 0.222 ms
Execution time: 4941.292 ms
