Hash Join  (cost=84171.54..222327.63 rows=962932 width=0) (actual time=732.253..2006.816 rows=218114 loops=1)
  Hash Cond: (mk.movie_id = t.id)
  ->  Seq Scan on movie_keyword mk  (cost=0.00..81003.12 rows=3899105 width=4) (actual time=0.014..682.205 rows=3902753 loops=1)
        Filter: (keyword_id > 478)
        Rows Removed by Filter: 621177
  ->  Hash  (cost=73925.90..73925.90 rows=624451 width=4) (actual time=513.331..513.331 rows=521141 loops=1)
        Buckets: 131072  Batches: 16  Memory Usage: 2174kB
        ->  Seq Scan on title t  (cost=0.00..73925.90 rows=624451 width=4) (actual time=0.020..430.153 rows=521141 loops=1)
              Filter: ((production_year < 2000) AND (kind_id = 7))
              Rows Removed by Filter: 2007171
Planning time: 0.448 ms
Execution time: 2019.582 ms
