Hash Join  (cost=133669.12..636338.71 rows=2142768 width=0) (actual time=1197.038..6828.076 rows=3891219 loops=1)
  Hash Cond: (mi.movie_id = t.id)
  ->  Seq Scan on movie_info mi  (cost=0.00..309384.22 rows=14739122 width=4) (actual time=0.014..2063.511 rows=14835720 loops=1)
  ->  Hash  (cost=127638.17..127638.17 rows=367596 width=8) (actual time=1196.364..1196.364 rows=287180 loops=1)
        Buckets: 131072  Batches: 8  Memory Usage: 2424kB
        ->  Hash Join  (cost=84197.31..127638.17 rows=367596 width=8) (actual time=588.706..1148.999 rows=287180 loops=1)
              Hash Cond: (mi_idx.movie_id = t.id)
              ->  Seq Scan on movie_info_idx mi_idx  (cost=0.00..25185.44 rows=919057 width=4) (actual time=0.014..217.236 rows=920110 loops=1)
                    Filter: (info_type_id > 99)
                    Rows Removed by Filter: 459925
              ->  Hash  (cost=67604.59..67604.59 rows=1011338 width=4) (actual time=587.787..587.787 rows=1012920 loops=1)
                    Buckets: 131072  Batches: 16  Memory Usage: 3250kB
                    ->  Seq Scan on title t  (cost=0.00..67604.59 rows=1011338 width=4) (actual time=0.014..435.421 rows=1012920 loops=1)
                          Filter: (production_year > 2005)
                          Rows Removed by Filter: 1515392
Planning time: 0.644 ms
Execution time: 7067.222 ms
