Hash Join  (cost=102767.86..279837.87 rows=3581839 width=0) (actual time=724.224..2812.570 rows=3570759 loops=1)
  Hash Cond: (mk.movie_id = t.id)
  ->  Seq Scan on movie_keyword mk  (cost=0.00..81003.12 rows=3581839 width=4) (actual time=0.015..671.433 rows=3570759 loops=1)
        Filter: (keyword_id < 19912)
        Rows Removed by Filter: 953171
  ->  Hash  (cost=61283.27..61283.27 rows=2528527 width=4) (actual time=723.032..723.032 rows=2528312 loops=1)
        Buckets: 131072  Batches: 64  Memory Usage: 2425kB
        ->  Seq Scan on title t  (cost=0.00..61283.27 rows=2528527 width=4) (actual time=0.016..356.835 rows=2528312 loops=1)
Planning time: 0.467 ms
Execution time: 3019.223 ms
