Seq Scan on cast_info ci  (cost=0.00..705507.15 rows=19300336 width=0) (actual time=0.012..4383.347 rows=19449991 loops=1)
  Filter: (person_id > 1661332)
  Rows Removed by Filter: 16794353
Planning time: 0.228 ms
Execution time: 5471.285 ms
