Hash Join  (cost=52284.22..79198.34 rows=1 width=0) (actual time=442.351..495.574 rows=5 loops=1)
  Hash Cond: (mi_idx.movie_id = t.id)
  ->  Seq Scan on movie_info_idx mi_idx  (cost=0.00..25185.44 rows=460978 width=4) (actual time=0.021..166.097 rows=459925 loops=1)
        Filter: (info_type_id = 99)
        Rows Removed by Filter: 920110
  ->  Hash  (cost=52284.21..52284.21 rows=1 width=8) (actual time=299.200..299.200 rows=8 loops=1)
        Buckets: 1024  Batches: 1  Memory Usage: 9kB
        ->  Nested Loop  (cost=0.43..52284.21 rows=1 width=8) (actual time=15.590..299.186 rows=8 loops=1)
              ->  Seq Scan on movie_companies mc  (cost=0.00..51404.11 rows=104 width=4) (actual time=0.223..277.529 rows=2519 loops=1)
                    Filter: (company_id = 115)
                    Rows Removed by Filter: 2606610
              ->  Index Scan using title_pkey on title t  (cost=0.43..8.45 rows=1 width=4) (actual time=0.008..0.008 rows=0 loops=2519)
                    Index Cond: (id = mc.movie_id)
                    Filter: ((kind_id < 7) AND (production_year = 1994))
                    Rows Removed by Filter: 1
Planning time: 0.660 ms
Execution time: 495.662 ms
