Hash Join  (cost=946651.45..1093138.74 rows=2009725 width=0) (actual time=5071.342..6400.143 rows=9330 loops=1)
  Hash Cond: (mk.movie_id = t.id)
  ->  Seq Scan on movie_keyword mk  (cost=0.00..69693.30 rows=4523930 width=4) (actual time=0.017..511.480 rows=4523930 loops=1)
  ->  Hash  (cost=928222.44..928222.44 rows=1123281 width=8) (actual time=5057.749..5057.749 rows=1039 loops=1)
        Buckets: 131072  Batches: 16  Memory Usage: 1033kB
        ->  Hash Join  (cost=83810.17..928222.44 rows=1123281 width=8) (actual time=2000.608..5057.251 rows=1039 loops=1)
              Hash Cond: (ci.movie_id = t.id)
              ->  Seq Scan on cast_info ci  (cost=0.00..796071.18 rows=2875539 width=4) (actual time=1442.395..4441.793 rows=2633 loops=1)
                    Filter: ((person_id < 1399687) AND (role_id = 2))
                    Rows Removed by Filter: 36241711
              ->  Hash  (cost=67604.59..67604.59 rows=987727 width=4) (actual time=551.300..551.300 rows=985048 loops=1)
                    Buckets: 131072  Batches: 16  Memory Usage: 3188kB
                    ->  Seq Scan on title t  (cost=0.00..67604.59 rows=987727 width=4) (actual time=0.015..403.060 rows=985048 loops=1)
                          Filter: (kind_id < 7)
                          Rows Removed by Filter: 1543264
Planning time: 0.750 ms
Execution time: 6401.001 ms
