Hash Join  (cost=169626.43..927798.17 rows=738262 width=0) (actual time=1263.945..8769.655 rows=5972370 loops=1)
  Hash Cond: (ci.movie_id = t.id)
  ->  Seq Scan on cast_info ci  (cost=0.00..614943.12 rows=36225612 width=4) (actual time=0.018..2879.593 rows=36244344 loops=1)
  ->  Hash  (cost=168982.30..168982.30 rows=51530 width=8) (actual time=1263.552..1263.552 rows=75414 loops=1)
        Buckets: 131072 (originally 65536)  Batches: 1 (originally 1)  Memory Usage: 3970kB
        ->  Hash Join  (cost=74393.18..168982.30 rows=51530 width=8) (actual time=398.214..1250.735 rows=75414 loops=1)
              Hash Cond: (mk.movie_id = t.id)
              ->  Seq Scan on movie_keyword mk  (cost=0.00..81003.12 rows=3485519 width=4) (actual time=0.014..579.391 rows=3485241 loops=1)
                    Filter: (keyword_id > 1031)
                    Rows Removed by Filter: 1038689
              ->  Hash  (cost=73925.90..73925.90 rows=37382 width=4) (actual time=397.855..397.855 rows=33190 loops=1)
                    Buckets: 65536  Batches: 1  Memory Usage: 1679kB
                    ->  Seq Scan on title t  (cost=0.00..73925.90 rows=37382 width=4) (actual time=0.018..391.170 rows=33190 loops=1)
                          Filter: ((kind_id < 2) AND (production_year = 2010))
                          Rows Removed by Filter: 2495122
Planning time: 0.633 ms
Execution time: 9124.852 ms
