Hash Join  (cost=175027.18..307707.53 rows=1150078 width=0) (actual time=1605.304..3563.407 rows=4896133 loops=1)
  Hash Cond: (mk.movie_id = t.id)
  ->  Seq Scan on movie_keyword mk  (cost=0.00..81003.12 rows=3164117 width=4) (actual time=0.087..639.664 rows=3149118 loops=1)
        Filter: (keyword_id < 12151)
        Rows Removed by Filter: 1374812
  ->  Hash  (cost=159947.97..159947.97 rows=919057 width=8) (actual time=1604.252..1604.252 rows=920110 loops=1)
        Buckets: 131072  Batches: 16  Memory Usage: 3283kB
        ->  Hash Join  (cost=102767.86..159947.97 rows=919057 width=8) (actual time=740.129..1465.171 rows=920110 loops=1)
              Hash Cond: (mi_idx.movie_id = t.id)
              ->  Seq Scan on movie_info_idx mi_idx  (cost=0.00..25185.44 rows=919057 width=4) (actual time=0.051..205.340 rows=920110 loops=1)
                    Filter: (info_type_id > 99)
                    Rows Removed by Filter: 459925
              ->  Hash  (cost=61283.27..61283.27 rows=2528527 width=4) (actual time=738.807..738.807 rows=2528312 loops=1)
                    Buckets: 131072  Batches: 64  Memory Usage: 2415kB
                    ->  Seq Scan on title t  (cost=0.00..61283.27 rows=2528527 width=4) (actual time=0.013..372.739 rows=2528312 loops=1)
Planning time: 0.693 ms
Execution time: 3834.372 ms
