Hash Join  (cost=102767.86..1146873.36 rows=9897374 width=0) (actual time=843.959..7443.301 rows=4234367 loops=1)
  Hash Cond: (ci.movie_id = t.id)
  ->  Seq Scan on cast_info ci  (cost=0.00..796071.18 rows=9897374 width=4) (actual time=123.016..4744.766 rows=4234367 loops=1)
        Filter: ((person_id < 1492838) AND (role_id > 1))
        Rows Removed by Filter: 32009977
  ->  Hash  (cost=61283.27..61283.27 rows=2528527 width=4) (actual time=709.713..709.713 rows=2528312 loops=1)
        Buckets: 131072  Batches: 64  Memory Usage: 2415kB
        ->  Seq Scan on title t  (cost=0.00..61283.27 rows=2528527 width=4) (actual time=0.011..361.100 rows=2528312 loops=1)
Planning time: 0.506 ms
Execution time: 7682.425 ms
