Hash Join  (cost=100857.93..697999.88 rows=8222278 width=0) (actual time=773.494..6874.856 rows=5273173 loops=1)
  Hash Cond: (mi.movie_id = t.id)
  ->  Seq Scan on movie_info mi  (cost=0.00..346232.03 rows=12665229 width=4) (actual time=0.024..2536.811 rows=12744652 loops=1)
        Filter: (info_type_id > 2)
        Rows Removed by Filter: 2091068
  ->  Hash  (cost=73925.90..73925.90 rows=1641522 width=4) (actual time=772.821..772.821 rows=1755233 loops=1)
        Buckets: 131072  Batches: 32  Memory Usage: 2963kB
        ->  Seq Scan on title t  (cost=0.00..73925.90 rows=1641522 width=4) (actual time=0.013..516.943 rows=1755233 loops=1)
              Filter: ((kind_id > 1) AND (production_year > 1958))
              Rows Removed by Filter: 773079
Planning time: 0.516 ms
Execution time: 7192.589 ms
