Seq Scan on movie_keyword mk  (cost=0.00..81003.12 rows=246 width=0) (actual time=19.614..434.359 rows=9 loops=1)
  Filter: (keyword_id = 9606)
  Rows Removed by Filter: 4523921
Planning time: 0.224 ms
Execution time: 434.424 ms
