Hash Join  (cost=150539.25..969685.42 rows=334691 width=0) (actual time=10561.656..16483.530 rows=527346 loops=1)
  Hash Cond: (ci.movie_id = t.id)
  ->  Seq Scan on cast_info ci  (cost=0.00..796071.18 rows=1517622 width=4) (actual time=7285.306..12523.709 rows=1041051 loops=1)
        Filter: ((person_id < 1351679) AND (role_id = 3))
        Rows Removed by Filter: 35203293
  ->  Hash  (cost=141389.85..141389.85 rows=557632 width=8) (actual time=3274.298..3274.298 rows=283812 loops=1)
        Buckets: 131072  Batches: 8  Memory Usage: 2409kB
        ->  Hash Join  (cost=92883.59..141389.85 rows=557632 width=8) (actual time=1934.975..3191.200 rows=283812 loops=1)
              Hash Cond: (mi_idx.movie_id = t.id)
              ->  Seq Scan on movie_info_idx mi_idx  (cost=0.00..25185.44 rows=915101 width=4) (actual time=0.035..607.501 rows=919850 loops=1)
                    Filter: (info_type_id < 101)
                    Rows Removed by Filter: 460185
              ->  Hash  (cost=67604.59..67604.59 rows=1540800 width=4) (actual time=1819.918..1819.918 rows=1543264 loops=1)
                    Buckets: 131072  Batches: 32  Memory Usage: 2722kB
                    ->  Seq Scan on title t  (cost=0.00..67604.59 rows=1540800 width=4) (actual time=0.025..1341.629 rows=1543264 loops=1)
                          Filter: (kind_id = 7)
                          Rows Removed by Filter: 985048
Planning time: 1.247 ms
Execution time: 16550.453 ms
