Nested Loop  (cost=0.43..83072.90 rows=30 width=0) (actual time=29.455..431.905 rows=6 loops=1)
  ->  Seq Scan on movie_keyword mk  (cost=0.00..81003.12 rows=246 width=4) (actual time=0.789..429.000 rows=202 loops=1)
        Filter: (keyword_id = 3395)
        Rows Removed by Filter: 4523728
  ->  Index Scan using title_pkey on title t  (cost=0.43..8.40 rows=1 width=4) (actual time=0.014..0.014 rows=0 loops=202)
        Index Cond: (id = mk.movie_id)
        Filter: ((kind_id < 7) AND (production_year > 2007))
        Rows Removed by Filter: 1
Planning time: 0.451 ms
Execution time: 431.974 ms
