Hash Join  (cost=160161.54..244821.09 rows=697103 width=0) (actual time=1491.025..2657.669 rows=1879910 loops=1)
  Hash Cond: (mc.movie_id = t.id)
  ->  Seq Scan on movie_companies mc  (cost=0.00..44881.29 rows=2609129 width=4) (actual time=0.020..334.209 rows=2609129 loops=1)
  ->  Hash  (cost=149077.94..149077.94 rows=675568 width=8) (actual time=1490.317..1490.317 rows=659728 loops=1)
        Buckets: 131072  Batches: 16  Memory Usage: 2638kB
        ->  Hash Join  (cost=98098.54..149077.94 rows=675568 width=8) (actual time=757.761..1394.080 rows=659728 loops=1)
              Hash Cond: (mi_idx.movie_id = t.id)
              ->  Seq Scan on movie_info_idx mi_idx  (cost=0.00..25185.44 rows=919057 width=4) (actual time=0.014..204.593 rows=920110 loops=1)
                    Filter: (info_type_id > 99)
                    Rows Removed by Filter: 459925
              ->  Hash  (cost=67604.59..67604.59 rows=1858636 width=4) (actual time=756.733..756.733 rows=1852807 loops=1)
                    Buckets: 131072  Batches: 32  Memory Usage: 3067kB
                    ->  Seq Scan on title t  (cost=0.00..67604.59 rows=1858636 width=4) (actual time=0.015..487.934 rows=1852807 loops=1)
                          Filter: (production_year > 1985)
                          Rows Removed by Filter: 675505
Planning time: 0.763 ms
Execution time: 2769.844 ms
