Hash Join  (cost=58358.90..423017.80 rows=297 width=0) (actual time=333.405..2795.176 rows=39 loops=1)
  Hash Cond: (mi.movie_id = t.id)
  ->  Seq Scan on movie_info mi  (cost=0.00..309384.22 rows=14739122 width=4) (actual time=0.015..1339.107 rows=14835720 loops=1)
  ->  Hash  (cost=58358.27..58358.27 rows=51 width=8) (actual time=316.419..316.419 rows=3 loops=1)
        Buckets: 1024  Batches: 1  Memory Usage: 9kB
        ->  Nested Loop  (cost=0.43..58358.27 rows=51 width=8) (actual time=199.589..316.413 rows=3 loops=1)
              ->  Seq Scan on movie_companies mc  (cost=0.00..57926.93 rows=51 width=4) (actual time=199.528..316.272 rows=3 loops=1)
                    Filter: ((company_type_id < 2) AND (company_id = 13689))
                    Rows Removed by Filter: 2609126
              ->  Index Only Scan using title_pkey on title t  (cost=0.43..8.45 rows=1 width=4) (actual time=0.040..0.041 rows=1 loops=3)
                    Index Cond: (id = mc.movie_id)
                    Heap Fetches: 3
Planning time: 0.695 ms
Execution time: 2795.266 ms
