Hash Join  (cost=91219.03..951176.01 rows=3983546 width=0) (actual time=619.529..7420.600 rows=3983914 loops=1)
  Hash Cond: (ci.movie_id = t.id)
  ->  Seq Scan on cast_info ci  (cost=0.00..705507.15 rows=9556365 width=4) (actual time=0.062..4161.123 rows=9377899 loops=1)
        Filter: (person_id < 923124)
        Rows Removed by Filter: 26866445
  ->  Hash  (cost=73925.90..73925.90 rows=1054010 width=4) (actual time=618.634..618.634 rows=1148948 loops=1)
        Buckets: 131072  Batches: 16  Memory Usage: 3556kB
        ->  Seq Scan on title t  (cost=0.00..73925.90 rows=1054010 width=4) (actual time=0.013..458.337 rows=1148948 loops=1)
              Filter: ((production_year > 1991) AND (kind_id = 7))
              Rows Removed by Filter: 1379364
Planning time: 0.475 ms
Execution time: 7639.916 ms
