Hash Join  (cost=103544.03..270552.44 rows=3229946 width=0) (actual time=736.123..2363.048 rows=1621697 loops=1)
  Hash Cond: (mk.movie_id = t.id)
  ->  Seq Scan on movie_keyword mk  (cost=0.00..69693.30 rows=4523930 width=4) (actual time=0.015..475.864 rows=4523930 loops=1)
  ->  Hash  (cost=73925.90..73925.90 rows=1805290 width=4) (actual time=735.260..735.260 rows=1799907 loops=1)
        Buckets: 131072  Batches: 32  Memory Usage: 3013kB
        ->  Seq Scan on title t  (cost=0.00..73925.90 rows=1805290 width=4) (actual time=0.017..490.615 rows=1799907 loops=1)
              Filter: ((kind_id > 1) AND (production_year > 1897))
              Rows Removed by Filter: 728405
Planning time: 0.425 ms
Execution time: 2452.981 ms
