Seq Scan on movie_keyword mk  (cost=0.00..81003.12 rows=246 width=0) (actual time=16.118..442.542 rows=38 loops=1)
  Filter: (keyword_id = 43770)
  Rows Removed by Filter: 4523892
Planning time: 0.194 ms
Execution time: 442.609 ms
