Seq Scan on cast_info ci  (cost=0.00..796071.18 rows=276 width=0) (actual time=204.113..4594.168 rows=3 loops=1)
  Filter: ((role_id < 3) AND (person_id = 354162))
  Rows Removed by Filter: 36244341
Planning time: 0.262 ms
Execution time: 4594.248 ms
