Seq Scan on movie_companies mc  (cost=0.00..51404.11 rows=104 width=0) (actual time=0.042..266.039 rows=99 loops=1)
  Filter: (company_id = 7613)
  Rows Removed by Filter: 2609030
Planning time: 0.200 ms
Execution time: 266.091 ms
