Hash Join  (cost=767826.32..2646511.95 rows=69202759 width=0) (actual time=8523.733..39436.292 rows=178189586 loops=1)
  Hash Cond: (ci.movie_id = t.id)
  ->  Seq Scan on cast_info ci  (cost=0.00..705507.15 rows=23729592 width=4) (actual time=0.012..5160.178 rows=23633327 loops=1)
        Filter: (person_id < 2421449)
        Rows Removed by Filter: 12611017
  ->  Hash  (cost=646846.83..646846.83 rows=7373959 width=8) (actual time=8522.837..8522.837 rows=8867937 loops=1)
        Buckets: 131072  Batches: 128  Memory Usage: 3697kB
        ->  Hash Join  (cost=88359.31..646846.83 rows=7373959 width=8) (actual time=660.138..7245.688 rows=8867937 loops=1)
              Hash Cond: (mi.movie_id = t.id)
              ->  Seq Scan on movie_info mi  (cost=0.00..309384.22 rows=14739122 width=4) (actual time=0.014..2001.601 rows=14835720 loops=1)
              ->  Hash  (cost=67604.59..67604.59 rows=1265018 width=4) (actual time=659.419..659.419 rows=1263700 loops=1)
                    Buckets: 131072  Batches: 32  Memory Usage: 2419kB
                    ->  Seq Scan on title t  (cost=0.00..67604.59 rows=1265018 width=4) (actual time=0.020..458.418 rows=1263700 loops=1)
                          Filter: (production_year < 2004)
                          Rows Removed by Filter: 1264612
Planning time: 0.674 ms
Execution time: 49204.225 ms
