Seq Scan on cast_info ci  (cost=0.00..796071.18 rows=435 width=0) (actual time=3113.027..5268.537 rows=394 loops=1)
  Filter: ((role_id < 10) AND (person_id = 1921940))
  Rows Removed by Filter: 36243950
Planning time: 0.257 ms
Execution time: 5268.634 ms
