Seq Scan on movie_companies mc  (cost=0.00..57926.93 rows=51 width=0) (actual time=1.541..296.839 rows=152 loops=1)
  Filter: ((company_type_id < 2) AND (company_id = 15658))
  Rows Removed by Filter: 2608977
Planning time: 0.191 ms
Execution time: 296.923 ms
