Hash Join  (cost=102767.86..204773.67 rows=1692412 width=0) (actual time=684.396..1812.954 rows=1684649 loops=1)
  Hash Cond: (mc.movie_id = t.id)
  ->  Seq Scan on movie_companies mc  (cost=0.00..51404.11 rows=1692412 width=4) (actual time=0.020..370.222 rows=1684649 loops=1)
        Filter: (company_id < 19823)
        Rows Removed by Filter: 924480
  ->  Hash  (cost=61283.27..61283.27 rows=2528527 width=4) (actual time=683.303..683.303 rows=2528312 loops=1)
        Buckets: 131072  Batches: 64  Memory Usage: 2415kB
        ->  Seq Scan on title t  (cost=0.00..61283.27 rows=2528527 width=4) (actual time=0.010..350.522 rows=2528312 loops=1)
Planning time: 0.406 ms
Execution time: 1907.075 ms
