Seq Scan on movie_keyword mk  (cost=0.00..81003.12 rows=2051190 width=0) (actual time=0.027..1494.524 rows=2058733 loops=1)
  Filter: (keyword_id < 3661)
  Rows Removed by Filter: 2465197
Planning time: 0.323 ms
Execution time: 1756.524 ms
