Hash Join  (cost=101217.73..155926.05 rows=4280 width=0) (actual time=1667.287..2935.681 rows=28534 loops=1)
  Hash Cond: (mc.movie_id = t.id)
  ->  Seq Scan on movie_companies mc  (cost=0.00..44881.29 rows=2609129 width=4) (actual time=0.019..707.837 rows=2609129 loops=1)
  ->  Hash  (cost=101165.88..101165.88 rows=4148 width=8) (actual time=1667.164..1667.164 rows=8527 loops=1)
        Buckets: 16384 (originally 8192)  Batches: 1 (originally 1)  Memory Usage: 462kB
        ->  Hash Join  (cost=74210.29..101165.88 rows=4148 width=8) (actual time=1091.368..1663.285 rows=8527 loops=1)
              Hash Cond: (mi_idx.movie_id = t.id)
              ->  Seq Scan on movie_info_idx mi_idx  (cost=0.00..25185.44 rows=460978 width=4) (actual time=0.028..462.314 rows=459925 loops=1)
                    Filter: (info_type_id = 99)
                    Rows Removed by Filter: 920110
              ->  Hash  (cost=73925.90..73925.90 rows=22751 width=4) (actual time=1091.157..1091.157 rows=18892 loops=1)
                    Buckets: 32768  Batches: 1  Memory Usage: 921kB
                    ->  Seq Scan on title t  (cost=0.00..73925.90 rows=22751 width=4) (actual time=0.013..1082.705 rows=18892 loops=1)
                          Filter: ((kind_id < 7) AND (production_year = 2001))
                          Rows Removed by Filter: 2509420
Planning time: 1.187 ms
Execution time: 2940.456 ms
