Hash Join  (cost=74369.53..129401.26 rows=36621 width=0) (actual time=520.297..823.854 rows=11333 loops=1)
  Hash Cond: (mc.movie_id = t.id)
  ->  Seq Scan on movie_companies mc  (cost=0.00..44881.29 rows=2609129 width=4) (actual time=0.013..190.138 rows=2609129 loops=1)
  ->  Hash  (cost=73925.90..73925.90 rows=35490 width=4) (actual time=390.273..390.273 rows=39698 loops=1)
        Buckets: 65536  Batches: 1  Memory Usage: 1908kB
        ->  Seq Scan on title t  (cost=0.00..73925.90 rows=35490 width=4) (actual time=96.299..382.478 rows=39698 loops=1)
              Filter: ((kind_id = 7) AND (production_year = 2001))
              Rows Removed by Filter: 2488614
Planning time: 0.371 ms
Execution time: 824.618 ms
