Hash Join  (cost=156649.15..1179598.27 rows=4330589 width=0) (actual time=1255.800..12455.895 rows=8837044 loops=1)
  Hash Cond: (ci.movie_id = t.id)
  ->  Seq Scan on cast_info ci  (cost=0.00..705507.15 rows=23551756 width=4) (actual time=0.020..5097.933 rows=23454532 loops=1)
        Filter: (person_id < 2400859)
        Rows Removed by Filter: 12789812
  ->  Hash  (cost=149020.47..149020.47 rows=464934 width=8) (actual time=1255.157..1255.157 rows=460185 loops=1)
        Buckets: 131072  Batches: 8  Memory Usage: 3276kB
        ->  Hash Join  (cost=102767.86..149020.47 rows=464934 width=8) (actual time=688.450..1189.629 rows=460185 loops=1)
              Hash Cond: (mi_idx.movie_id = t.id)
              ->  Seq Scan on movie_info_idx mi_idx  (cost=0.00..25185.44 rows=464934 width=4) (actual time=0.012..164.844 rows=460185 loops=1)
                    Filter: (info_type_id > 100)
                    Rows Removed by Filter: 919850
              ->  Hash  (cost=61283.27..61283.27 rows=2528527 width=4) (actual time=687.501..687.501 rows=2528312 loops=1)
                    Buckets: 131072  Batches: 64  Memory Usage: 2415kB
                    ->  Seq Scan on title t  (cost=0.00..61283.27 rows=2528527 width=4) (actual time=0.008..356.008 rows=2528312 loops=1)
Planning time: 0.724 ms
Execution time: 12940.531 ms
