Seq Scan on cast_info ci  (cost=0.00..705507.15 rows=31448022 width=0) (actual time=0.014..4223.493 rows=31567947 loops=1)
  Filter: (person_id > 452911)
  Rows Removed by Filter: 4676397
Planning time: 0.222 ms
Execution time: 5768.908 ms
