Hash Join  (cost=171316.40..707794.83 rows=5311248 width=0) (actual time=1467.461..6990.705 rows=7194543 loops=1)
  Hash Cond: (mi.movie_id = t.id)
  ->  Seq Scan on movie_info mi  (cost=0.00..309384.22 rows=14739122 width=4) (actual time=0.015..1836.331 rows=14835720 loops=1)
  ->  Hash  (cost=156366.95..156366.95 rows=911156 width=8) (actual time=1466.770..1466.770 rows=745194 loops=1)
        Buckets: 131072  Batches: 16  Memory Usage: 2861kB
        ->  Hash Join  (cost=101315.87..156366.95 rows=911156 width=8) (actual time=734.476..1364.507 rows=745194 loops=1)
              Hash Cond: (mi_idx.movie_id = t.id)
              ->  Seq Scan on movie_info_idx mi_idx  (cost=0.00..21735.35 rows=1380035 width=4) (actual time=0.016..153.788 rows=1380035 loops=1)
              ->  Hash  (cost=73925.90..73925.90 rows=1669437 width=4) (actual time=733.568..733.568 rows=1779316 loops=1)
                    Buckets: 131072  Batches: 32  Memory Usage: 2983kB
                    ->  Seq Scan on title t  (cost=0.00..73925.90 rows=1669437 width=4) (actual time=0.011..497.679 rows=1779316 loops=1)
                          Filter: ((kind_id > 1) AND (production_year > 1954))
                          Rows Removed by Filter: 748996
Planning time: 0.579 ms
Execution time: 7371.088 ms
