Seq Scan on movie_keyword mk  (cost=0.00..81003.12 rows=2373994 width=0) (actual time=0.020..498.302 rows=2367384 loops=1)
  Filter: (keyword_id > 4089)
  Rows Removed by Filter: 2156546
Planning time: 0.182 ms
Execution time: 624.029 ms
