Hash Join  (cost=74199.63..161249.46 rows=39179 width=0) (actual time=379.242..1032.184 rows=30205 loops=1)
  Hash Cond: (mk.movie_id = t.id)
  ->  Seq Scan on movie_keyword mk  (cost=0.00..69693.30 rows=4523930 width=4) (actual time=0.015..299.855 rows=4523930 loops=1)
  ->  Hash  (cost=73925.90..73925.90 rows=21898 width=4) (actual time=378.559..378.559 rows=24691 loops=1)
        Buckets: 32768  Batches: 1  Memory Usage: 1125kB
        ->  Seq Scan on title t  (cost=0.00..73925.90 rows=21898 width=4) (actual time=0.059..373.654 rows=24691 loops=1)
              Filter: ((kind_id > 1) AND (production_year = 1994))
              Rows Removed by Filter: 2503621
Planning time: 0.407 ms
Execution time: 1034.207 ms
