Seq Scan on movie_keyword mk  (cost=0.00..81003.12 rows=2498287 width=0) (actual time=0.021..502.912 rows=2493462 loops=1)
  Filter: (keyword_id < 6071)
  Rows Removed by Filter: 2030468
Planning time: 0.200 ms
Execution time: 634.801 ms
