Seq Scan on movie_keyword mk  (cost=0.00..81003.12 rows=246 width=0) (actual time=105.318..412.535 rows=5 loops=1)
  Filter: (keyword_id = 4773)
  Rows Removed by Filter: 4523925
Planning time: 0.228 ms
Execution time: 412.586 ms
