Hash Join  (cost=93721.77..648573.04 rows=7033135 width=0) (actual time=649.209..5976.172 rows=3080046 loops=1)
  Hash Cond: (mi.movie_id = t.id)
  ->  Seq Scan on movie_info mi  (cost=0.00..309384.22 rows=14739122 width=4) (actual time=0.018..1927.071 rows=14835720 loops=1)
  ->  Hash  (cost=73925.90..73925.90 rows=1206549 width=4) (actual time=640.796..640.796 rows=1293155 loops=1)
        Buckets: 131072  Batches: 16  Memory Usage: 3882kB
        ->  Seq Scan on title t  (cost=0.00..73925.90 rows=1206549 width=4) (actual time=0.016..459.972 rows=1293155 loops=1)
              Filter: ((production_year > 1977) AND (kind_id = 7))
              Rows Removed by Filter: 1235157
Planning time: 0.459 ms
Execution time: 6137.153 ms
