Hash Join  (cost=102767.86..203631.84 rows=1644915 width=0) (actual time=651.782..1719.653 rows=1634483 loops=1)
  Hash Cond: (mc.movie_id = t.id)
  ->  Seq Scan on movie_companies mc  (cost=0.00..51404.11 rows=1644915 width=4) (actual time=0.015..361.450 rows=1634483 loops=1)
        Filter: (company_id < 17541)
        Rows Removed by Filter: 974646
  ->  Hash  (cost=61283.27..61283.27 rows=2528527 width=4) (actual time=650.878..650.878 rows=2528312 loops=1)
        Buckets: 131072  Batches: 64  Memory Usage: 2415kB
        ->  Seq Scan on title t  (cost=0.00..61283.27 rows=2528527 width=4) (actual time=0.014..330.320 rows=2528312 loops=1)
Planning time: 1.468 ms
Execution time: 1807.143 ms
