Seq Scan on movie_keyword mk  (cost=0.00..81003.12 rows=246 width=0) (actual time=2.628..392.371 rows=209 loops=1)
  Filter: (keyword_id = 10771)
  Rows Removed by Filter: 4523721
Planning time: 0.189 ms
Execution time: 392.473 ms
