Seq Scan on cast_info ci  (cost=0.00..796071.18 rows=176 width=0) (actual time=2469.180..4547.197 rows=444 loops=1)
  Filter: ((role_id < 2) AND (person_id = 202536))
  Rows Removed by Filter: 36243900
Planning time: 0.268 ms
Execution time: 4547.305 ms
