Seq Scan on movie_companies mc  (cost=0.00..51404.11 rows=104 width=0) (actual time=4.059..243.041 rows=1640 loops=1)
  Filter: (company_id = 4626)
  Rows Removed by Filter: 2607489
Planning time: 0.211 ms
Execution time: 243.223 ms
