Hash Join  (cost=102767.86..218725.33 rows=2272207 width=0) (actual time=1983.020..5278.509 rows=2269710 loops=1)
  Hash Cond: (mc.movie_id = t.id)
  ->  Seq Scan on movie_companies mc  (cost=0.00..51404.11 rows=2272207 width=4) (actual time=0.033..1117.543 rows=2269710 loops=1)
        Filter: (company_id < 89402)
        Rows Removed by Filter: 339419
  ->  Hash  (cost=61283.27..61283.27 rows=2528527 width=4) (actual time=1981.167..1981.167 rows=2528312 loops=1)
        Buckets: 131072  Batches: 64  Memory Usage: 2415kB
        ->  Seq Scan on title t  (cost=0.00..61283.27 rows=2528527 width=4) (actual time=0.015..1152.945 rows=2528312 loops=1)
Planning time: 0.809 ms
Execution time: 5525.112 ms
