Seq Scan on movie_keyword mk  (cost=0.00..81003.12 rows=759899 width=0) (actual time=0.021..426.037 rows=766376 loops=1)
  Filter: (keyword_id > 24405)
  Rows Removed by Filter: 3757554
Planning time: 0.176 ms
Execution time: 466.676 ms
