Seq Scan on movie_companies mc  (cost=0.00..57926.93 rows=353478 width=0) (actual time=0.032..812.587 rows=501869 loops=1)
  Filter: ((company_id < 1350) AND (company_type_id < 2))
  Rows Removed by Filter: 2107260
Planning time: 0.332 ms
Execution time: 874.988 ms
