Hash Join  (cost=479550.43..1604009.88 rows=8824934 width=0) (actual time=8106.124..43035.613 rows=13533640 loops=1)
  Hash Cond: (ci.movie_id = t.id)
  ->  Seq Scan on cast_info ci  (cost=0.00..614943.12 rows=36225612 width=4) (actual time=0.019..13578.822 rows=36244344 loops=1)
  ->  Hash  (cost=469443.74..469443.74 rows=615975 width=8) (actual time=8105.196..8105.196 rows=642922 loops=1)
        Buckets: 131072  Batches: 16  Memory Usage: 2589kB
        ->  Hash Join  (cost=99161.12..469443.74 rows=615975 width=8) (actual time=5530.073..7923.163 rows=642922 loops=1)
              Hash Cond: (mi.movie_id = t.id)
              ->  Seq Scan on movie_info mi  (cost=0.00..346232.03 rows=809768 width=4) (actual time=3476.652..4944.443 rows=802140 loops=1)
                    Filter: (info_type_id < 2)
                    Rows Removed by Filter: 14033580
              ->  Hash  (cost=67604.59..67604.59 rows=1923403 width=4) (actual time=2052.335..2052.335 rows=1922849 loops=1)
                    Buckets: 131072  Batches: 32  Memory Usage: 3141kB
                    ->  Seq Scan on title t  (cost=0.00..67604.59 rows=1923403 width=4) (actual time=0.032..1419.344 rows=1922849 loops=1)
                          Filter: (production_year < 2010)
                          Rows Removed by Filter: 605463
Planning time: 1.144 ms
Execution time: 44532.547 ms
