Hash Join  (cost=187987.76..1272544.05 rows=4940517 width=0) (actual time=3803.782..43136.102 rows=33414160 loops=1)
  Hash Cond: (ci.movie_id = t.id)
  ->  Seq Scan on cast_info ci  (cost=0.00..614943.12 rows=36225612 width=4) (actual time=0.015..12169.854 rows=36244344 loops=1)
  ->  Hash  (cost=182329.19..182329.19 rows=344845 width=8) (actual time=3802.806..3802.806 rows=781935 loops=1)
        Buckets: 131072 (originally 131072)  Batches: 16 (originally 8)  Memory Usage: 3073kB
        ->  Hash Join  (cost=83810.17..182329.19 rows=344845 width=8) (actual time=1393.051..3569.182 rows=781935 loops=1)
              Hash Cond: (mk.movie_id = t.id)
              ->  Seq Scan on movie_keyword mk  (cost=0.00..81003.12 rows=882785 width=4) (actual time=0.018..1335.604 rows=890226 loops=1)
                    Filter: (keyword_id < 843)
                    Rows Removed by Filter: 3633704
              ->  Hash  (cost=67604.59..67604.59 rows=987727 width=4) (actual time=1392.042..1392.042 rows=985048 loops=1)
                    Buckets: 131072  Batches: 16  Memory Usage: 3197kB
                    ->  Seq Scan on title t  (cost=0.00..67604.59 rows=987727 width=4) (actual time=0.025..1096.133 rows=985048 loops=1)
                          Filter: (kind_id < 7)
                          Rows Removed by Filter: 1543264
Planning time: 2.594 ms
Execution time: 46944.175 ms
