Hash Join  (cost=160869.66..510211.89 rows=7357 width=0) (actual time=6849.575..7614.327 rows=12850 loops=1)
  Hash Cond: (mi.movie_id = t.id)
  ->  Seq Scan on movie_info mi  (cost=0.00..346232.03 rows=809768 width=4) (actual time=4093.762..4719.701 rows=802140 loops=1)
        Filter: (info_type_id < 2)
        Rows Removed by Filter: 14033580
  ->  Hash  (cost=160582.49..160582.49 rows=22974 width=8) (actual time=2749.491..2749.491 rows=18163 loops=1)
        Buckets: 32768  Batches: 1  Memory Usage: 966kB
        ->  Hash Join  (cost=74485.76..160582.49 rows=22974 width=8) (actual time=1124.110..2742.869 rows=18163 loops=1)
              Hash Cond: (mk.movie_id = t.id)
              ->  Seq Scan on movie_keyword mk  (cost=0.00..81003.12 rows=1297031 width=4) (actual time=0.033..1374.650 rows=1311988 loops=1)
                    Filter: (keyword_id > 13391)
                    Rows Removed by Filter: 3211942
              ->  Hash  (cost=73925.90..73925.90 rows=44788 width=4) (actual time=1123.138..1123.138 rows=52864 loops=1)
                    Buckets: 65536  Batches: 1  Memory Usage: 2371kB
                    ->  Seq Scan on title t  (cost=0.00..73925.90 rows=44788 width=4) (actual time=0.079..1101.182 rows=52864 loops=1)
                          Filter: ((kind_id > 1) AND (production_year = 2002))
                          Rows Removed by Filter: 2475448
Planning time: 1.247 ms
Execution time: 7616.449 ms
