Hash Join  (cost=542808.31..654667.78 rows=2043314 width=0) (actual time=9880.259..13736.629 rows=4121160 loops=1)
  Hash Cond: (mc.movie_id = t.id)
  ->  Seq Scan on movie_companies mc  (cost=0.00..51404.11 rows=2491244 width=4) (actual time=0.015..1061.279 rows=2491436 loops=1)
        Filter: (company_id < 147616)
        Rows Removed by Filter: 117693
  ->  Hash  (cost=508782.64..508782.64 rows=2073893 width=8) (actual time=9878.964..9878.964 rows=2091068 loops=1)
        Buckets: 131072  Batches: 32  Memory Usage: 3553kB
        ->  Hash Join  (cost=102767.86..508782.64 rows=2073893 width=8) (actual time=2097.310..9260.709 rows=2091068 loops=1)
              Hash Cond: (mi.movie_id = t.id)
              ->  Seq Scan on movie_info mi  (cost=0.00..346232.03 rows=2073893 width=4) (actual time=310.725..4859.477 rows=2091068 loops=1)
                    Filter: (info_type_id < 3)
                    Rows Removed by Filter: 12744652
              ->  Hash  (cost=61283.27..61283.27 rows=2528527 width=4) (actual time=1785.285..1785.285 rows=2528312 loops=1)
                    Buckets: 131072  Batches: 64  Memory Usage: 2425kB
                    ->  Seq Scan on title t  (cost=0.00..61283.27 rows=2528527 width=4) (actual time=0.024..938.621 rows=2528312 loops=1)
Planning time: 1.252 ms
Execution time: 14231.201 ms
