Hash Join  (cost=765258.61..2399920.94 rows=53625565 width=0) (actual time=19961.878..55904.532 rows=56193260 loops=1)
  Hash Cond: (ci.movie_id = t.id)
  ->  Seq Scan on cast_info ci  (cost=0.00..705507.15 rows=19160938 width=4) (actual time=3275.177..13529.199 rows=19301382 loops=1)
        Filter: (person_id > 1674510)
        Rows Removed by Filter: 16942962
  ->  Hash  (cost=649158.51..649158.51 rows=7076568 width=8) (actual time=16683.370..16683.370 rows=4302093 loops=1)
        Buckets: 131072  Batches: 128  Memory Usage: 2343kB
        ->  Hash Join  (cost=93843.90..649158.51 rows=7076568 width=8) (actual time=1660.816..15361.833 rows=4302093 loops=1)
              Hash Cond: (mi.movie_id = t.id)
              ->  Seq Scan on movie_info mi  (cost=0.00..309384.22 rows=14739122 width=4) (actual time=0.030..5355.840 rows=14835720 loops=1)
              ->  Hash  (cost=73925.90..73925.90 rows=1214000 width=4) (actual time=1658.995..1658.995 rows=1328829 loops=1)
                    Buckets: 131072  Batches: 16  Memory Usage: 3957kB
                    ->  Seq Scan on title t  (cost=0.00..73925.90 rows=1214000 width=4) (actual time=0.044..1228.747 rows=1328829 loops=1)
                          Filter: ((kind_id > 1) AND (production_year > 1994))
                          Rows Removed by Filter: 1199483
Planning time: 0.830 ms
Execution time: 62481.914 ms
