Hash Join  (cost=76490.96..139725.00 rows=56937 width=0) (actual time=1042.050..2239.559 rows=10595 loops=1)
  Hash Cond: (mc.movie_id = t.id)
  ->  Seq Scan on movie_companies mc  (cost=0.00..51404.11 rows=920950 width=4) (actual time=0.018..829.687 rows=928839 loops=1)
        Filter: (company_id > 19562)
        Rows Removed by Filter: 1680290
  ->  Hash  (cost=73925.90..73925.90 rows=156324 width=4) (actual time=1041.218..1041.218 rows=31497 loops=1)
        Buckets: 131072  Batches: 4  Memory Usage: 1303kB
        ->  Seq Scan on title t  (cost=0.00..73925.90 rows=156324 width=4) (actual time=0.035..1028.572 rows=31497 loops=1)
              Filter: ((kind_id > 1) AND (production_year < 1957))
              Rows Removed by Filter: 2496815
Planning time: 0.600 ms
Execution time: 2241.094 ms
