Nested Loop  (cost=0.43..127301.43 rows=496 width=0) (actual time=129.420..952.193 rows=1858 loops=1)
  ->  Seq Scan on movie_companies mc  (cost=0.00..51404.11 rows=12085 width=4) (actual time=129.334..825.097 rows=11064 loops=1)
        Filter: (company_id > 224457)
        Rows Removed by Filter: 2598065
  ->  Index Scan using title_pkey on title t  (cost=0.43..6.27 rows=1 width=4) (actual time=0.011..0.011 rows=0 loops=11064)
        Index Cond: (id = mc.movie_id)
        Filter: ((production_year > 2010) AND (kind_id = 1))
        Rows Removed by Filter: 1
Planning time: 1.627 ms
Execution time: 952.718 ms
