Seq Scan on cast_info ci  (cost=0.00..796071.18 rows=435 width=0) (actual time=2020.321..12683.387 rows=25 loops=1)
  Filter: ((role_id < 10) AND (person_id = 2511548))
  Rows Removed by Filter: 36244319
Planning time: 0.400 ms
Execution time: 12683.510 ms
