Hash Join  (cost=263115.61..1663016.37 rows=25124215 width=0) (actual time=7040.406..52609.387 rows=44907252 loops=1)
  Hash Cond: (ci.movie_id = t.id)
  ->  Seq Scan on cast_info ci  (cost=0.00..796071.18 rows=24348070 width=4) (actual time=1069.228..17610.352 rows=23792777 loops=1)
        Filter: ((person_id > 798110) AND (role_id < 10))
        Rows Removed by Filter: 12451567
  ->  Hash  (cost=220309.49..220309.49 rows=2609129 width=8) (actual time=5969.893..5969.893 rows=2609129 loops=1)
        Buckets: 131072  Batches: 64  Memory Usage: 2610kB
        ->  Hash Join  (cost=102767.86..220309.49 rows=2609129 width=8) (actual time=1769.414..5213.984 rows=2609129 loops=1)
              Hash Cond: (mc.movie_id = t.id)
              ->  Seq Scan on movie_companies mc  (cost=0.00..44881.29 rows=2609129 width=4) (actual time=0.026..873.955 rows=2609129 loops=1)
              ->  Hash  (cost=61283.27..61283.27 rows=2528527 width=4) (actual time=1768.207..1768.207 rows=2528312 loops=1)
                    Buckets: 131072  Batches: 64  Memory Usage: 2415kB
                    ->  Seq Scan on title t  (cost=0.00..61283.27 rows=2528527 width=4) (actual time=0.015..955.696 rows=2528312 loops=1)
Planning time: 1.237 ms
Execution time: 57953.320 ms
