Hash Join  (cost=258210.00..424405.56 rows=3181057 width=0) (actual time=6050.835..14509.943 rows=24462373 loops=1)
  Hash Cond: (mk.movie_id = t.id)
  ->  Seq Scan on movie_keyword mk  (cost=0.00..81003.12 rows=3456973 width=4) (actual time=0.020..1617.390 rows=3446275 loops=1)
        Filter: (keyword_id < 16410)
        Rows Removed by Filter: 1077655
  ->  Hash  (cost=220037.07..220037.07 rows=2326714 width=8) (actual time=6050.013..6050.013 rows=2325088 loops=1)
        Buckets: 131072  Batches: 32  Memory Usage: 3898kB
        ->  Hash Join  (cost=102767.86..220037.07 rows=2326714 width=8) (actual time=1849.644..5357.989 rows=2325088 loops=1)
              Hash Cond: (mc.movie_id = t.id)
              ->  Seq Scan on movie_companies mc  (cost=0.00..51404.11 rows=2326714 width=4) (actual time=0.013..1060.859 rows=2325088 loops=1)
                    Filter: (company_id < 95373)
                    Rows Removed by Filter: 284041
              ->  Hash  (cost=61283.27..61283.27 rows=2528527 width=4) (actual time=1848.180..1848.180 rows=2528312 loops=1)
                    Buckets: 131072  Batches: 64  Memory Usage: 2415kB
                    ->  Seq Scan on title t  (cost=0.00..61283.27 rows=2528527 width=4) (actual time=0.016..985.628 rows=2528312 loops=1)
Planning time: 1.237 ms
Execution time: 17047.092 ms
