Hash Join  (cost=478047.37..578476.07 rows=244986 width=0) (actual time=8705.339..12198.473 rows=5261760 loops=1)
  Hash Cond: (mk.movie_id = t.id)
  ->  Seq Scan on movie_keyword mk  (cost=0.00..81003.12 rows=1307923 width=4) (actual time=0.016..1569.181 rows=1312996 loops=1)
        Filter: (keyword_id < 1725)
        Rows Removed by Filter: 3210934
  ->  Hash  (cost=470276.16..470276.16 rows=473617 width=8) (actual time=8704.399..8704.399 rows=486554 loops=1)
        Buckets: 131072  Batches: 8  Memory Usage: 3450kB
        ->  Hash Join  (cost=102767.86..470276.16 rows=473617 width=8) (actual time=3173.808..8551.330 rows=486554 loops=1)
              Hash Cond: (mi.movie_id = t.id)
              ->  Seq Scan on movie_info mi  (cost=0.00..346232.03 rows=473617 width=4) (actual time=1095.058..5667.401 rows=486554 loops=1)
                    Filter: (info_type_id = 5)
                    Rows Removed by Filter: 14349166
              ->  Hash  (cost=61283.27..61283.27 rows=2528527 width=4) (actual time=2077.866..2077.866 rows=2528312 loops=1)
                    Buckets: 131072  Batches: 64  Memory Usage: 2425kB
                    ->  Seq Scan on title t  (cost=0.00..61283.27 rows=2528527 width=4) (actual time=0.022..1225.412 rows=2528312 loops=1)
Planning time: 2.067 ms
Execution time: 12836.035 ms
