Hash Join  (cost=67718.38..819811.71 rows=130417 width=0) (actual time=1005.180..15727.179 rows=9032 loops=1)
  Hash Cond: (ci.movie_id = t.id)
  ->  Seq Scan on cast_info ci  (cost=0.00..614943.12 rows=36225612 width=4) (actual time=0.021..7346.922 rows=36244344 loops=1)
  ->  Hash  (cost=67604.59..67604.59 rows=9103 width=4) (actual time=993.959..993.959 rows=7688 loops=1)
        Buckets: 16384  Batches: 1  Memory Usage: 399kB
        ->  Seq Scan on title t  (cost=0.00..67604.59 rows=9103 width=4) (actual time=0.030..990.651 rows=7688 loops=1)
              Filter: (production_year < 1901)
              Rows Removed by Filter: 2520624
Planning time: 0.807 ms
Execution time: 15729.215 ms
