Seq Scan on movie_keyword mk  (cost=0.00..81003.12 rows=246 width=0) (actual time=9.052..1100.936 rows=93 loops=1)
  Filter: (keyword_id = 10681)
  Rows Removed by Filter: 4523837
Planning time: 0.428 ms
Execution time: 1101.089 ms
