Seq Scan on movie_companies mc  (cost=0.00..57926.93 rows=53 width=0) (actual time=620.622..837.207 rows=3 loops=1)
  Filter: ((company_id = 117225) AND (company_type_id = 2))
  Rows Removed by Filter: 2609126
Planning time: 0.411 ms
Execution time: 837.280 ms
