Nested Loop  (cost=0.43..798788.22 rows=11 width=0) (actual time=2604.388..12555.394 rows=2 loops=1)
  ->  Seq Scan on cast_info ci  (cost=0.00..796071.18 rows=324 width=4) (actual time=2604.207..12555.134 rows=4 loops=1)
        Filter: ((role_id > 1) AND (person_id = 1419433))
        Rows Removed by Filter: 36244340
  ->  Index Scan using title_pkey on title t  (cost=0.43..8.38 rows=1 width=4) (actual time=0.042..0.043 rows=0 loops=4)
        Index Cond: (id = ci.movie_id)
        Filter: (production_year = 2004)
        Rows Removed by Filter: 0
Planning time: 0.779 ms
Execution time: 12555.542 ms
