Hash Join  (cost=91901.05..207343.86 rows=822090 width=0) (actual time=3355.990..4712.577 rows=219082 loops=1)
  Hash Cond: (mk.movie_id = t.id)
  ->  Seq Scan on movie_keyword mk  (cost=0.00..81003.12 rows=1897275 width=4) (actual time=0.017..1437.811 rows=1908049 loops=1)
        Filter: (keyword_id > 7078)
        Rows Removed by Filter: 2615881
  ->  Hash  (cost=73925.90..73925.90 rows=1095612 width=4) (actual time=2177.750..2177.750 rows=1189548 loops=1)
        Buckets: 131072  Batches: 16  Memory Usage: 3653kB
        ->  Seq Scan on title t  (cost=0.00..73925.90 rows=1095612 width=4) (actual time=0.021..1109.182 rows=1189548 loops=1)
              Filter: ((production_year > 1988) AND (kind_id = 7))
              Rows Removed by Filter: 1338764
Planning time: 2.013 ms
Execution time: 4739.324 ms
