Hash Join  (cost=75773.42..1126148.66 rows=1613208 width=0) (actual time=1204.453..30000.841 rows=2278476 loops=1)
  Hash Cond: (ci.movie_id = t.id)
  ->  Seq Scan on cast_info ci  (cost=0.00..614943.12 rows=36225612 width=4) (actual time=0.012..11862.525 rows=36244344 loops=1)
  ->  Hash  (cost=73925.90..73925.90 rows=112601 width=4) (actual time=1203.530..1203.530 rows=212417 loops=1)
        Buckets: 131072 (originally 131072)  Batches: 4 (originally 2)  Memory Usage: 3073kB
        ->  Seq Scan on title t  (cost=0.00..73925.90 rows=112601 width=4) (actual time=0.168..696.472 rows=212417 loops=1)
              Filter: ((kind_id < 7) AND (production_year < 1964))
              Rows Removed by Filter: 2315895
Planning time: 0.834 ms
Execution time: 30304.213 ms
