Hash Join  (cost=100930.89..159661.69 rows=770 width=0) (actual time=1614.269..2677.936 rows=206 loops=1)
  Hash Cond: (mc.movie_id = t.id)
  ->  Seq Scan on movie_companies mc  (cost=0.00..51404.11 rows=1951730 width=4) (actual time=0.024..896.935 rows=1946895 loops=1)
        Filter: (company_id < 52060)
        Rows Removed by Filter: 662234
  ->  Hash  (cost=100918.42..100918.42 rows=998 width=8) (actual time=1503.802..1503.802 rows=97 loops=1)
        Buckets: 1024  Batches: 1  Memory Usage: 12kB
        ->  Hash Join  (cost=73994.33..100918.42 rows=998 width=8) (actual time=1050.954..1503.685 rows=97 loops=1)
              Hash Cond: (mi_idx.movie_id = t.id)
              ->  Seq Scan on movie_info_idx mi_idx  (cost=0.00..25185.44 rows=460978 width=4) (actual time=0.017..421.760 rows=459925 loops=1)
                    Filter: (info_type_id = 99)
                    Rows Removed by Filter: 920110
              ->  Hash  (cost=73925.90..73925.90 rows=5474 width=4) (actual time=1011.370..1011.370 rows=1425 loops=1)
                    Buckets: 8192  Batches: 1  Memory Usage: 115kB
                    ->  Seq Scan on title t  (cost=0.00..73925.90 rows=5474 width=4) (actual time=0.168..1010.548 rows=1425 loops=1)
                          Filter: ((kind_id > 1) AND (production_year = 1949))
                          Rows Removed by Filter: 2526887
Planning time: 1.301 ms
Execution time: 2678.105 ms
