Hash Join  (cost=58375.85..145034.83 rows=95 width=0) (actual time=1665.198..2234.128 rows=119 loops=1)
  Hash Cond: (mk.movie_id = t.id)
  ->  Seq Scan on movie_keyword mk  (cost=0.00..69693.30 rows=4523930 width=4) (actual time=0.016..785.441 rows=4523930 loops=1)
  ->  Hash  (cost=58375.18..58375.18 rows=53 width=8) (actual time=676.324..676.324 rows=247 loops=1)
        Buckets: 1024  Batches: 1  Memory Usage: 18kB
        ->  Nested Loop  (cost=0.43..58375.18 rows=53 width=8) (actual time=116.804..676.186 rows=247 loops=1)
              ->  Seq Scan on movie_companies mc  (cost=0.00..57926.93 rows=53 width=4) (actual time=116.694..672.903 rows=247 loops=1)
                    Filter: ((company_id = 72369) AND (company_type_id = 2))
                    Rows Removed by Filter: 2608882
              ->  Index Only Scan using title_pkey on title t  (cost=0.43..8.45 rows=1 width=4) (actual time=0.012..0.012 rows=1 loops=247)
                    Index Cond: (id = mc.movie_id)
                    Heap Fetches: 247
Planning time: 1.237 ms
Execution time: 2234.246 ms
