Seq Scan on movie_keyword mk  (cost=0.00..81003.12 rows=246 width=0) (actual time=0.117..1060.467 rows=675 loops=1)
  Filter: (keyword_id = 2895)
  Rows Removed by Filter: 4523255
Planning time: 0.406 ms
Execution time: 1060.764 ms
