Hash Join  (cost=73962.22..128657.72 rows=2998 width=0) (actual time=1058.953..1589.031 rows=12997 loops=1)
  Hash Cond: (mc.movie_id = t.id)
  ->  Seq Scan on movie_companies mc  (cost=0.00..44881.29 rows=2609129 width=4) (actual time=0.020..239.983 rows=2609129 loops=1)
  ->  Hash  (cost=73925.90..73925.90 rows=2905 width=4) (actual time=1058.851..1058.851 rows=6875 loops=1)
        Buckets: 8192 (originally 4096)  Batches: 1 (originally 1)  Memory Usage: 306kB
        ->  Seq Scan on title t  (cost=0.00..73925.90 rows=2905 width=4) (actual time=0.066..1055.490 rows=6875 loops=1)
              Filter: ((kind_id < 7) AND (production_year = 1982))
              Rows Removed by Filter: 2521437
Planning time: 0.780 ms
Execution time: 1590.459 ms
