Seq Scan on movie_keyword mk  (cost=0.00..81003.12 rows=2647466 width=0) (actual time=0.023..1436.981 rows=2638966 loops=1)
  Filter: (keyword_id < 7281)
  Rows Removed by Filter: 1884964
Planning time: 0.290 ms
Execution time: 1759.193 ms
