Hash Join  (cost=85727.72..238287.93 rows=1194317 width=106) (actual time=1618.236..6928.730 rows=2886675 loops=1)
  Hash Cond: (mk.movie_id = t.id)
  ->  Seq Scan on movie_keyword mk  (cost=0.00..69693.30 rows=4523930 width=12) (actual time=0.010..1416.945 rows=4523930 loops=1)
  ->  Hash  (cost=67604.59..67604.59 rows=667531 width=94) (actual time=1617.139..1617.139 rows=662825 loops=1)
        Buckets: 32768  Batches: 32  Memory Usage: 2505kB
        ->  Seq Scan on title t  (cost=0.00..67604.59 rows=667531 width=94) (actual time=134.039..1366.957 rows=662825 loops=1)
              Filter: (kind_id = 1)
              Rows Removed by Filter: 1865487
Planning time: 0.730 ms
Execution time: 7084.003 ms
