Seq Scan on cast_info ci  (cost=0.00..705507.15 rows=19068994 width=0) (actual time=408.876..11176.349 rows=19220013 loops=1)
  Filter: (person_id > 1682956)
  Rows Removed by Filter: 17024331
Planning time: 0.338 ms
Execution time: 13590.562 ms
