Hash Join  (cost=89253.38..574307.77 rows=3273292 width=0) (actual time=1555.955..14614.064 rows=7062004 loops=1)
  Hash Cond: (mi.movie_id = t.id)
  ->  Seq Scan on movie_info mi  (cost=0.00..346232.03 rows=8859586 width=4) (actual time=0.019..6395.326 rows=8966694 loops=1)
        Filter: (info_type_id < 15)
        Rows Removed by Filter: 5869026
  ->  Hash  (cost=73925.90..73925.90 rows=934198 width=4) (actual time=1554.812..1554.812 rows=950693 loops=1)
        Buckets: 131072  Batches: 16  Memory Usage: 3123kB
        ->  Seq Scan on title t  (cost=0.00..73925.90 rows=934198 width=4) (actual time=0.025..1242.548 rows=950693 loops=1)
              Filter: ((kind_id < 7) AND (production_year < 2013))
              Rows Removed by Filter: 1577619
Planning time: 0.768 ms
Execution time: 15444.068 ms
