Seq Scan on movie_keyword mk  (cost=0.00..81003.12 rows=1459364 width=0) (actual time=0.026..1284.135 rows=1469488 loops=1)
  Filter: (keyword_id > 11218)
  Rows Removed by Filter: 3054442
Planning time: 0.329 ms
Execution time: 1473.350 ms
