Hash Join  (cost=94973.51..228260.60 rows=1555563 width=0) (actual time=1664.496..4655.835 rows=592960 loops=1)
  Hash Cond: (mk.movie_id = t.id)
  ->  Seq Scan on movie_keyword mk  (cost=0.00..81003.12 rows=2357866 width=4) (actual time=0.014..1534.042 rows=2360582 loops=1)
        Filter: (keyword_id < 5305)
        Rows Removed by Filter: 2163348
  ->  Hash  (cost=67604.59..67604.59 rows=1668154 width=4) (actual time=1661.700..1661.700 rows=1674098 loops=1)
        Buckets: 131072  Batches: 32  Memory Usage: 2875kB
        ->  Seq Scan on title t  (cost=0.00..67604.59 rows=1668154 width=4) (actual time=0.014..1087.640 rows=1674098 loops=1)
              Filter: (kind_id > 3)
              Rows Removed by Filter: 854214
Planning time: 1.009 ms
Execution time: 4722.327 ms
