Seq Scan on movie_companies mc  (cost=0.00..57926.93 rows=710587 width=0) (actual time=0.019..874.478 rows=446026 loops=1)
  Filter: ((company_id < 11950) AND (company_type_id > 1))
  Rows Removed by Filter: 2163103
Planning time: 0.253 ms
Execution time: 930.374 ms
