Nested Loop  (cost=0.43..52283.69 rows=104 width=0) (actual time=78.082..759.552 rows=154 loops=1)
  ->  Seq Scan on movie_companies mc  (cost=0.00..51404.11 rows=104 width=4) (actual time=77.986..754.230 rows=154 loops=1)
        Filter: (company_id = 12811)
        Rows Removed by Filter: 2608975
  ->  Index Only Scan using title_pkey on title t  (cost=0.43..8.45 rows=1 width=4) (actual time=0.033..0.033 rows=1 loops=154)
        Index Cond: (id = mc.movie_id)
        Heap Fetches: 154
Planning time: 0.722 ms
Execution time: 759.682 ms
