Nested Loop  (cost=0.43..58375.31 rows=21 width=0) (actual time=55.751..706.796 rows=26 loops=1)
  ->  Seq Scan on movie_companies mc  (cost=0.00..57926.93 rows=53 width=4) (actual time=55.685..694.172 rows=1034 loops=1)
        Filter: ((company_id = 74784) AND (company_type_id = 2))
        Rows Removed by Filter: 2608095
  ->  Index Scan using title_pkey on title t  (cost=0.43..8.45 rows=1 width=4) (actual time=0.012..0.012 rows=0 loops=1034)
        Index Cond: (id = mc.movie_id)
        Filter: (kind_id < 7)
        Rows Removed by Filter: 1
Planning time: 5.541 ms
Execution time: 706.913 ms
