Hash Join  (cost=83074.74..142594.71 rows=41 width=0) (actual time=1327.938..2102.108 rows=11 loops=1)
  Hash Cond: (mc.movie_id = t.id)
  ->  Seq Scan on movie_companies mc  (cost=0.00..57926.93 rows=424700 width=4) (actual time=96.116..835.334 rows=609208 loops=1)
        Filter: ((company_id < 2507) AND (company_type_id = 1))
        Rows Removed by Filter: 1999921
  ->  Hash  (cost=83071.67..83071.67 rows=246 width=8) (actual time=1168.582..1168.582 rows=845 loops=1)
        Buckets: 1024  Batches: 1  Memory Usage: 42kB
        ->  Nested Loop  (cost=0.43..83071.67 rows=246 width=8) (actual time=52.046..1167.916 rows=845 loops=1)
              ->  Seq Scan on movie_keyword mk  (cost=0.00..81003.12 rows=246 width=4) (actual time=51.929..1137.112 rows=845 loops=1)
                    Filter: (keyword_id = 35971)
                    Rows Removed by Filter: 4523085
              ->  Index Only Scan using title_pkey on title t  (cost=0.43..8.40 rows=1 width=4) (actual time=0.035..0.035 rows=1 loops=845)
                    Index Cond: (id = mk.movie_id)
                    Heap Fetches: 845
Planning time: 1.254 ms
Execution time: 2102.225 ms
