Hash Join  (cost=201020.09..347635.10 rows=2020197 width=0) (actual time=4185.647..7445.099 rows=1016989 loops=1)
  Hash Cond: (mk.movie_id = t.id)
  ->  Seq Scan on movie_keyword mk  (cost=0.00..69693.30 rows=4523930 width=4) (actual time=0.026..1355.475 rows=4523930 loops=1)
  ->  Hash  (cost=182494.92..182494.92 rows=1129134 width=8) (actual time=4184.320..4184.320 rows=522971 loops=1)
        Buckets: 131072  Batches: 16  Memory Usage: 2300kB
        ->  Hash Join  (cost=91879.05..182494.92 rows=1129134 width=8) (actual time=1562.579..4023.393 rows=522971 loops=1)
              Hash Cond: (mc.movie_id = t.id)
              ->  Seq Scan on movie_companies mc  (cost=0.00..44881.29 rows=2609129 width=4) (actual time=0.025..879.458 rows=2609129 loops=1)
              ->  Hash  (cost=73925.90..73925.90 rows=1094252 width=4) (actual time=1561.552..1561.552 rows=1044222 loops=1)
                    Buckets: 131072  Batches: 16  Memory Usage: 3319kB
                    ->  Seq Scan on title t  (cost=0.00..73925.90 rows=1094252 width=4) (actual time=188.786..1252.042 rows=1044222 loops=1)
                          Filter: ((production_year < 2009) AND (kind_id = 7))
                          Rows Removed by Filter: 1484090
Planning time: 1.177 ms
Execution time: 7537.970 ms
