Hash Join  (cost=156632.57..283986.78 rows=610649 width=0) (actual time=3308.022..6959.120 rows=2570523 loops=1)
  Hash Cond: (mk.movie_id = t.id)
  ->  Seq Scan on movie_keyword mk  (cost=0.00..81003.12 rows=3323625 width=4) (actual time=0.015..1727.460 rows=3314370 loops=1)
        Filter: (keyword_id < 15146)
        Rows Removed by Filter: 1209560
  ->  Hash  (cost=149010.49..149010.49 rows=464566 width=8) (actual time=3307.325..3307.325 rows=459925 loops=1)
        Buckets: 131072  Batches: 8  Memory Usage: 3284kB
        ->  Hash Join  (cost=102767.86..149010.49 rows=464566 width=8) (actual time=1674.688..3175.227 rows=459925 loops=1)
              Hash Cond: (mi_idx.movie_id = t.id)
              ->  Seq Scan on movie_info_idx mi_idx  (cost=0.00..25185.44 rows=464566 width=4) (actual time=0.018..492.977 rows=459925 loops=1)
                    Filter: (info_type_id = 101)
                    Rows Removed by Filter: 920110
              ->  Hash  (cost=61283.27..61283.27 rows=2528527 width=4) (actual time=1673.423..1673.423 rows=2528312 loops=1)
                    Buckets: 131072  Batches: 64  Memory Usage: 2415kB
                    ->  Seq Scan on title t  (cost=0.00..61283.27 rows=2528527 width=4) (actual time=0.018..852.885 rows=2528312 loops=1)
Planning time: 1.133 ms
Execution time: 7226.821 ms
