Hash Join  (cost=155970.37..909635.77 rows=287619 width=0) (actual time=2385.994..17998.307 rows=526336 loops=1)
  Hash Cond: (ci.movie_id = t.id)
  ->  Seq Scan on cast_info ci  (cost=0.00..614943.12 rows=36225612 width=4) (actual time=0.024..7737.201 rows=36244344 loops=1)
  ->  Hash  (cost=155719.42..155719.42 rows=20076 width=8) (actual time=2385.696..2385.696 rows=8860 loops=1)
        Buckets: 32768  Batches: 1  Memory Usage: 603kB
        ->  Hash Join  (cost=70308.29..155719.42 rows=20076 width=8) (actual time=994.180..2382.004 rows=8860 loops=1)
              Hash Cond: (mk.movie_id = t.id)
              ->  Seq Scan on movie_keyword mk  (cost=0.00..81003.12 rows=308065 width=4) (actual time=0.025..1235.654 rows=303922 loops=1)
                    Filter: (keyword_id > 53275)
                    Rows Removed by Filter: 4220008
              ->  Hash  (cost=67604.59..67604.59 rows=164776 width=4) (actual time=992.327..992.327 rows=164307 loops=1)
                    Buckets: 131072  Batches: 4  Memory Usage: 2488kB
                    ->  Seq Scan on title t  (cost=0.00..67604.59 rows=164776 width=4) (actual time=0.015..926.443 rows=164307 loops=1)
                          Filter: (production_year = 2012)
                          Rows Removed by Filter: 2364005
Planning time: 6.400 ms
Execution time: 18077.711 ms
