Hash Join  (cost=255215.96..1670567.90 rows=28753573 width=0) (actual time=6386.940..55522.433 rows=62488809 loops=1)
  Hash Cond: (ci.movie_id = t.id)
  ->  Seq Scan on cast_info ci  (cost=0.00..705507.15 rows=32273813 width=4) (actual time=0.107..15099.825 rows=32417127 loops=1)
        Filter: (person_id > 366724)
        Rows Removed by Filter: 3827217
  ->  Hash  (cost=218256.83..218256.83 rows=2252730 width=8) (actual time=6386.041..6386.041 rows=2258452 loops=1)
        Buckets: 131072  Batches: 32  Memory Usage: 3755kB
        ->  Hash Join  (cost=102767.86..218256.83 rows=2252730 width=8) (actual time=2076.043..5669.717 rows=2258452 loops=1)
              Hash Cond: (mc.movie_id = t.id)
              ->  Seq Scan on movie_companies mc  (cost=0.00..51404.11 rows=2252730 width=4) (actual time=0.014..1063.083 rows=2258452 loops=1)
                    Filter: (company_id > 166)
                    Rows Removed by Filter: 350677
              ->  Hash  (cost=61283.27..61283.27 rows=2528527 width=4) (actual time=2074.908..2074.908 rows=2528312 loops=1)
                    Buckets: 131072  Batches: 64  Memory Usage: 2415kB
                    ->  Seq Scan on title t  (cost=0.00..61283.27 rows=2528527 width=4) (actual time=0.021..954.526 rows=2528312 loops=1)
Planning time: 1.213 ms
Execution time: 62148.867 ms
