Hash Join  (cost=206665.18..278613.74 rows=296640 width=0) (actual time=4616.869..5313.675 rows=137602 loops=1)
  Hash Cond: (mc.movie_id = t.id)
  ->  Seq Scan on movie_companies mc  (cost=0.00..51404.11 rows=1329612 width=4) (actual time=0.010..963.351 rows=1334883 loops=1)
        Filter: (company_type_id > 1)
        Rows Removed by Filter: 1274246
  ->  Hash  (cost=197409.67..197409.67 rows=564121 width=8) (actual time=3747.162..3747.162 rows=149830 loops=1)
        Buckets: 131072  Batches: 8  Memory Usage: 1761kB
        ->  Hash Join  (cost=92883.59..197409.67 rows=564121 width=8) (actual time=2146.611..3700.966 rows=149830 loops=1)
              Hash Cond: (mk.movie_id = t.id)
              ->  Seq Scan on movie_keyword mk  (cost=0.00..81003.12 rows=925749 width=4) (actual time=0.014..1316.311 rows=923249 loops=1)
                    Filter: (keyword_id > 20324)
                    Rows Removed by Filter: 3600681
              ->  Hash  (cost=67604.59..67604.59 rows=1540800 width=4) (actual time=1665.827..1665.827 rows=1543264 loops=1)
                    Buckets: 131072  Batches: 32  Memory Usage: 2728kB
                    ->  Seq Scan on title t  (cost=0.00..67604.59 rows=1540800 width=4) (actual time=0.015..1161.982 rows=1543264 loops=1)
                          Filter: (kind_id = 7)
                          Rows Removed by Filter: 985048
Planning time: 2.942 ms
Execution time: 5330.213 ms
