Hash Join  (cost=468538.12..550606.77 rows=509113 width=0) (actual time=7930.395..10090.175 rows=356876 loops=1)
  Hash Cond: (mc.movie_id = t.id)
  ->  Seq Scan on movie_companies mc  (cost=0.00..44881.29 rows=2609129 width=4) (actual time=0.014..997.726 rows=2609129 loops=1)
  ->  Hash  (cost=460442.81..460442.81 rows=493385 width=8) (actual time=7929.369..7929.369 rows=169038 loops=1)
        Buckets: 131072  Batches: 8  Memory Usage: 1839kB
        ->  Hash Join  (cost=92883.59..460442.81 rows=493385 width=8) (actual time=5720.965..7880.071 rows=169038 loops=1)
              Hash Cond: (mi.movie_id = t.id)
              ->  Seq Scan on movie_info mi  (cost=0.00..346232.03 rows=809669 width=4) (actual time=3720.126..5191.307 rows=802140 loops=1)
                    Filter: (info_type_id = 1)
                    Rows Removed by Filter: 14033580
              ->  Hash  (cost=67604.59..67604.59 rows=1540800 width=4) (actual time=1999.911..1999.911 rows=1543264 loops=1)
                    Buckets: 131072  Batches: 32  Memory Usage: 2728kB
                    ->  Seq Scan on title t  (cost=0.00..67604.59 rows=1540800 width=4) (actual time=0.029..1465.548 rows=1543264 loops=1)
                          Filter: (kind_id = 7)
                          Rows Removed by Filter: 985048
Planning time: 0.710 ms
Execution time: 10133.319 ms
