Seq Scan on movie_companies mc  (cost=0.00..57926.93 rows=53 width=0) (actual time=187.382..756.103 rows=5 loops=1)
  Filter: ((company_id = 113188) AND (company_type_id = 2))
  Rows Removed by Filter: 2609124
Planning time: 0.420 ms
Execution time: 756.196 ms
