Hash Join  (cost=505812.90..654895.63 rows=1808069 width=0) (actual time=10387.712..13622.883 rows=982408 loops=1)
  Hash Cond: (mk.movie_id = t.id)
  ->  Seq Scan on movie_keyword mk  (cost=0.00..81003.12 rows=3931177 width=4) (actual time=0.017..1701.078 rows=3930284 loops=1)
        Filter: (keyword_id < 30994)
        Rows Removed by Filter: 593646
  ->  Hash  (cost=486733.06..486733.06 rows=1162947 width=8) (actual time=9917.466..9917.466 rows=1192211 loops=1)
        Buckets: 131072  Batches: 16  Memory Usage: 3941kB
        ->  Hash Join  (cost=89649.84..486733.06 rows=1162947 width=8) (actual time=4087.999..9541.655 rows=1192211 loops=1)
              Hash Cond: (mi.movie_id = t.id)
              ->  Seq Scan on movie_info mi  (cost=0.00..346232.03 rows=3068194 width=4) (actual time=2507.571..5558.424 rows=3036719 loops=1)
                    Filter: (info_type_id = 16)
                    Rows Removed by Filter: 11799001
              ->  Hash  (cost=73925.90..73925.90 rows=958395 width=4) (actual time=1579.385..1579.385 rows=1050192 loops=1)
                    Buckets: 131072  Batches: 16  Memory Usage: 3346kB
                    ->  Seq Scan on title t  (cost=0.00..73925.90 rows=958395 width=4) (actual time=0.038..1249.239 rows=1050192 loops=1)
                          Filter: ((production_year > 1996) AND (kind_id = 7))
                          Rows Removed by Filter: 1478120
Planning time: 3.620 ms
Execution time: 13728.435 ms
