Hash Join  (cost=160282.62..526523.66 rows=158511 width=0) (actual time=2649.226..10169.833 rows=1545361 loops=1)
  Hash Cond: (mi.movie_id = t.id)
  ->  Seq Scan on movie_info mi  (cost=0.00..309384.22 rows=14739122 width=4) (actual time=0.013..3706.474 rows=14835720 loops=1)
  ->  Hash  (cost=159942.70..159942.70 rows=27193 width=8) (actual time=2648.148..2648.148 rows=29725 loops=1)
        Buckets: 32768  Batches: 1  Memory Usage: 1418kB
        ->  Hash Join  (cost=69002.72..159942.70 rows=27193 width=8) (actual time=1017.817..2637.440 rows=29725 loops=1)
              Hash Cond: (mk.movie_id = t.id)
              ->  Seq Scan on movie_keyword mk  (cost=0.00..81003.12 rows=806913 width=4) (actual time=0.012..1325.100 rows=809825 loops=1)
                    Filter: (keyword_id < 784)
                    Rows Removed by Filter: 3714105
              ->  Hash  (cost=67604.59..67604.59 rows=85211 width=4) (actual time=1017.147..1017.147 rows=84593 loops=1)
                    Buckets: 131072  Batches: 2  Memory Usage: 2524kB
                    ->  Seq Scan on title t  (cost=0.00..67604.59 rows=85211 width=4) (actual time=0.654..982.324 rows=84593 loops=1)
                          Filter: (production_year = 2004)
                          Rows Removed by Filter: 2443719
Planning time: 0.983 ms
Execution time: 10371.757 ms
