Seq Scan on title t  (cost=0.00..73925.90 rows=1963 width=0) (actual time=0.081..1098.193 rows=3361 loops=1)
  Filter: ((kind_id < 2) AND (production_year = 1963))
  Rows Removed by Filter: 2524951
Planning time: 0.415 ms
Execution time: 1099.130 ms
