Hash Join  (cost=420784.54..1235389.99 rows=612 width=0) (actual time=6103.358..20613.246 rows=213928 loops=1)
  Hash Cond: (ci.movie_id = t.id)
  ->  Seq Scan on cast_info ci  (cost=0.00..796071.18 rows=4940840 width=4) (actual time=0.014..12854.196 rows=10141139 loops=1)
        Filter: ((person_id < 1382523) AND (role_id = 1))
        Rows Removed by Filter: 26103205
  ->  Hash  (cost=420780.62..420780.62 rows=313 width=8) (actual time=6103.084..6103.084 rows=7533 loops=1)
        Buckets: 8192 (originally 1024)  Batches: 1 (originally 1)  Memory Usage: 359kB
        ->  Hash Join  (cost=74478.21..420780.62 rows=313 width=8) (actual time=2764.879..6100.460 rows=7533 loops=1)
              Hash Cond: (mi.movie_id = t.id)
              ->  Seq Scan on movie_info mi  (cost=0.00..346232.03 rows=17937 width=4) (actual time=1594.905..5032.287 rows=147487 loops=1)
                    Filter: (info_type_id = 107)
                    Rows Removed by Filter: 14688233
              ->  Hash  (cost=73925.90..73925.90 rows=44184 width=4) (actual time=1041.337..1041.337 rows=35489 loops=1)
                    Buckets: 65536  Batches: 1  Memory Usage: 1760kB
                    ->  Seq Scan on title t  (cost=0.00..73925.90 rows=44184 width=4) (actual time=0.059..1026.854 rows=35489 loops=1)
                          Filter: ((kind_id < 7) AND (production_year = 2007))
                          Rows Removed by Filter: 2492823
Planning time: 1.235 ms
Execution time: 20642.377 ms
