Hash Join  (cost=150927.13..654303.84 rows=2208978 width=0) (actual time=3149.066..18014.402 rows=5583809 loops=1)
  Hash Cond: (mi.movie_id = t.id)
  ->  Seq Scan on movie_info mi  (cost=0.00..309384.22 rows=14739122 width=4) (actual time=0.019..5181.249 rows=14835720 loops=1)
  ->  Hash  (cost=144709.19..144709.19 rows=378955 width=8) (actual time=3148.333..3148.333 rows=384075 loops=1)
        Buckets: 131072  Batches: 8  Memory Usage: 2915kB
        ->  Hash Join  (cost=101707.31..144709.19 rows=378955 width=8) (actual time=1922.061..3034.672 rows=384075 loops=1)
              Hash Cond: (mi_idx.movie_id = t.id)
              ->  Seq Scan on movie_info_idx mi_idx  (cost=0.00..25185.44 rows=460978 width=4) (actual time=0.011..420.738 rows=459925 loops=1)
                    Filter: (info_type_id < 100)
                    Rows Removed by Filter: 920110
              ->  Hash  (cost=67604.59..67604.59 rows=2078618 width=4) (actual time=1921.001..1921.001 rows=2074788 loops=1)
                    Buckets: 131072  Batches: 32  Memory Usage: 3309kB
                    ->  Seq Scan on title t  (cost=0.00..67604.59 rows=2078618 width=4) (actual time=0.013..1255.326 rows=2074788 loops=1)
                          Filter: (production_year > 1970)
                          Rows Removed by Filter: 453524
Planning time: 14.051 ms
Execution time: 18733.127 ms
