Hash Join  (cost=460201.62..591388.56 rows=753890 width=0) (actual time=7703.355..14672.259 rows=15864668 loops=1)
  Hash Cond: (mk.movie_id = t.id)
  ->  Seq Scan on movie_keyword mk  (cost=0.00..69693.30 rows=4523930 width=4) (actual time=0.013..1298.882 rows=4523930 loops=1)
  ->  Hash  (cost=453288.55..453288.55 rows=421366 width=8) (actual time=7702.195..7702.195 rows=505651 loops=1)
        Buckets: 131072  Batches: 8  Memory Usage: 3551kB
        ->  Hash Join  (cost=75570.05..453288.55 rows=421366 width=8) (actual time=2145.226..7538.395 rows=505651 loops=1)
              Hash Cond: (mi.movie_id = t.id)
              ->  Seq Scan on movie_info mi  (cost=0.00..346232.03 rows=2194617 width=4) (actual time=1037.162..5160.611 rows=2233850 loops=1)
                    Filter: (info_type_id > 16)
                    Rows Removed by Filter: 12601870
              ->  Hash  (cost=67604.59..67604.59 rows=485477 width=4) (actual time=1107.055..1107.055 rows=479601 loops=1)
                    Buckets: 131072  Batches: 8  Memory Usage: 3131kB
                    ->  Seq Scan on title t  (cost=0.00..67604.59 rows=485477 width=4) (actual time=0.033..947.090 rows=479601 loops=1)
                          Filter: (production_year < 1978)
                          Rows Removed by Filter: 2048711
Planning time: 3.431 ms
Execution time: 16505.452 ms
