Seq Scan on movie_keyword mk  (cost=0.00..81003.12 rows=2890244 width=0) (actual time=0.011..1381.449 rows=2879820 loops=1)
  Filter: (keyword_id > 2492)
  Rows Removed by Filter: 1644110
Planning time: 0.314 ms
Execution time: 1751.181 ms
