Seq Scan on movie_keyword mk  (cost=0.00..81003.12 rows=537417 width=0) (actual time=0.015..1190.234 rows=529578 loops=1)
  Filter: (keyword_id > 34424)
  Rows Removed by Filter: 3994352
Planning time: 0.322 ms
Execution time: 1254.840 ms
