Seq Scan on cast_info ci  (cost=0.00..796071.18 rows=176 width=0) (actual time=9466.710..9545.495 rows=1 loops=1)
  Filter: ((person_id = 1645790) AND (role_id = 1))
  Rows Removed by Filter: 36244343
Planning time: 0.386 ms
Execution time: 9545.594 ms
