Hash Join  (cost=88359.31..145489.54 rows=23670 width=0) (actual time=1694.588..2725.028 rows=40710 loops=1)
  Hash Cond: (mc.movie_id = t.id)
  ->  Seq Scan on movie_companies mc  (cost=0.00..51404.11 rows=47312 width=4) (actual time=0.055..773.319 rows=47252 loops=1)
        Filter: (company_id = 19)
        Rows Removed by Filter: 2561877
  ->  Hash  (cost=67604.59..67604.59 rows=1265018 width=4) (actual time=1693.572..1693.572 rows=1263700 loops=1)
        Buckets: 131072  Batches: 32  Memory Usage: 2410kB
        ->  Seq Scan on title t  (cost=0.00..67604.59 rows=1265018 width=4) (actual time=0.027..1281.076 rows=1263700 loops=1)
              Filter: (production_year < 2004)
              Rows Removed by Filter: 1264612
Planning time: 0.801 ms
Execution time: 2730.441 ms
