Hash Join  (cost=116673.95..240599.71 rows=157872 width=0) (actual time=1910.198..4577.510 rows=189740 loops=1)
  Hash Cond: (mk.movie_id = t.id)
  ->  Seq Scan on movie_keyword mk  (cost=0.00..69693.30 rows=4523930 width=4) (actual time=0.013..1259.743 rows=4523930 loops=1)
  ->  Hash  (cost=115225.98..115225.98 rows=88238 width=8) (actual time=1909.193..1909.193 rows=55027 loops=1)
        Buckets: 131072  Batches: 2  Memory Usage: 2112kB
        ->  Hash Join  (cost=81987.19..115225.98 rows=88238 width=8) (actual time=1176.140..1887.749 rows=55027 loops=1)
              Hash Cond: (mi_idx.movie_id = t.id)
              ->  Seq Scan on movie_info_idx mi_idx  (cost=0.00..25185.44 rows=454124 width=4) (actual time=0.010..426.172 rows=459925 loops=1)
                    Filter: (info_type_id = 100)
                    Rows Removed by Filter: 920110
              ->  Hash  (cost=73925.90..73925.90 rows=491303 width=4) (actual time=1175.318..1175.318 rows=352208 loops=1)
                    Buckets: 131072  Batches: 8  Memory Usage: 2561kB
                    ->  Seq Scan on title t  (cost=0.00..73925.90 rows=491303 width=4) (actual time=0.016..1061.097 rows=352208 loops=1)
                          Filter: ((kind_id > 1) AND (production_year < 1989))
                          Rows Removed by Filter: 2176104
Planning time: 1.186 ms
Execution time: 4603.374 ms
