Hash Join  (cost=81319.76..155836.20 rows=198008 width=0) (actual time=1741.893..2920.326 rows=313032 loops=1)
  Hash Cond: (mc.movie_id = t.id)
  ->  Seq Scan on movie_companies mc  (cost=0.00..57926.93 rows=1111049 width=4) (actual time=232.304..1119.035 rows=1233347 loops=1)
        Filter: ((company_id > 302) AND (company_type_id > 1))
        Rows Removed by Filter: 1375782
  ->  Hash  (cost=73925.90..73925.90 rows=450628 width=4) (actual time=1109.629..1109.629 rows=325089 loops=1)
        Buckets: 131072  Batches: 8  Memory Usage: 2458kB
        ->  Seq Scan on title t  (cost=0.00..73925.90 rows=450628 width=4) (actual time=134.685..995.225 rows=325089 loops=1)
              Filter: ((production_year > 1992) AND (kind_id = 1))
              Rows Removed by Filter: 2203223
Planning time: 4.134 ms
Execution time: 2954.662 ms
