Seq Scan on movie_companies mc  (cost=0.00..57926.93 rows=51 width=0) (actual time=314.249..857.917 rows=34 loops=1)
  Filter: ((company_id = 666) AND (company_type_id = 1))
  Rows Removed by Filter: 2609095
Planning time: 0.324 ms
Execution time: 858.040 ms
