Hash Join  (cost=186344.86..672211.64 rows=567983 width=0) (actual time=3073.171..14858.292 rows=6904067 loops=1)
  Hash Cond: (mi.movie_id = t.id)
  ->  Seq Scan on movie_info mi  (cost=0.00..309384.22 rows=14739122 width=4) (actual time=0.013..4958.649 rows=14835720 loops=1)
  ->  Hash  (cost=184745.88..184745.88 rows=97439 width=8) (actual time=3070.058..3070.058 rows=97577 loops=1)
        Buckets: 131072  Batches: 2  Memory Usage: 2910kB
        ->  Hash Join  (cost=69002.72..184745.88 rows=97439 width=8) (actual time=986.612..3040.841 rows=97577 loops=1)
              Hash Cond: (mk.movie_id = t.id)
              ->  Seq Scan on movie_keyword mk  (cost=0.00..81003.12 rows=2891370 width=4) (actual time=0.025..1226.443 rows=2883031 loops=1)
                    Filter: (keyword_id > 2488)
                    Rows Removed by Filter: 1640899
              ->  Hash  (cost=67604.59..67604.59 rows=85211 width=4) (actual time=985.415..985.415 rows=84593 loops=1)
                    Buckets: 131072  Batches: 2  Memory Usage: 2524kB
                    ->  Seq Scan on title t  (cost=0.00..67604.59 rows=85211 width=4) (actual time=0.022..951.959 rows=84593 loops=1)
                          Filter: (production_year = 2004)
                          Rows Removed by Filter: 2443719
Planning time: 1.202 ms
Execution time: 15660.131 ms
