Hash Join  (cost=102767.86..936996.20 rows=1175210 width=0) (actual time=2439.682..12733.282 rows=1305 loops=1)
  Hash Cond: (ci.movie_id = t.id)
  ->  Seq Scan on cast_info ci  (cost=0.00..796071.18 rows=1175210 width=4) (actual time=579.106..10525.274 rows=1305 loops=1)
        Filter: ((person_id < 557152) AND (role_id = 2))
        Rows Removed by Filter: 36243039
  ->  Hash  (cost=61283.27..61283.27 rows=2528527 width=4) (actual time=1831.539..1831.539 rows=2528312 loops=1)
        Buckets: 131072  Batches: 64  Memory Usage: 2415kB
        ->  Seq Scan on title t  (cost=0.00..61283.27 rows=2528527 width=4) (actual time=0.025..1003.728 rows=2528312 loops=1)
Planning time: 0.652 ms
Execution time: 12733.560 ms
