Seq Scan on movie_keyword mk  (cost=0.00..81003.12 rows=426664 width=0) (actual time=0.025..1141.306 rows=421042 loops=1)
  Filter: (keyword_id > 41433)
  Rows Removed by Filter: 4102888
Planning time: 0.362 ms
Execution time: 1195.472 ms
