Hash Join  (cost=133807.32..220482.34 rows=1698 width=0) (actual time=3022.820..3452.359 rows=3097 loops=1)
  Hash Cond: (mk.movie_id = t.id)
  ->  Seq Scan on movie_keyword mk  (cost=0.00..69693.30 rows=4523930 width=4) (actual time=0.013..880.799 rows=4523930 loops=1)
  ->  Hash  (cost=133795.46..133795.46 rows=949 width=8) (actual time=1767.269..1767.269 rows=610 loops=1)
        Buckets: 1024  Batches: 1  Memory Usage: 32kB
        ->  Hash Join  (cost=75195.76..133795.46 rows=949 width=8) (actual time=1083.603..1766.990 rows=610 loops=1)
              Hash Cond: (mc.movie_id = t.id)
              ->  Seq Scan on movie_companies mc  (cost=0.00..57926.93 rows=31007 width=4) (actual time=39.847..692.809 rows=55497 loops=1)
                    Filter: ((company_id = 6) AND (company_type_id = 1))
                    Rows Removed by Filter: 2553632
              ->  Hash  (cost=73925.90..73925.90 rows=77348 width=4) (actual time=1041.574..1041.574 rows=84109 loops=1)
                    Buckets: 131072  Batches: 2  Memory Usage: 2509kB
                    ->  Seq Scan on title t  (cost=0.00..73925.90 rows=77348 width=4) (actual time=241.686..1009.768 rows=84109 loops=1)
                          Filter: ((kind_id = 7) AND (production_year = 2008))
                          Rows Removed by Filter: 2444203
Planning time: 1.244 ms
Execution time: 3453.289 ms
