Hash Join  (cost=96184.51..911652.01 rows=446777 width=0) (actual time=7056.475..13127.921 rows=152468 loops=1)
  Hash Cond: (ci.movie_id = t.id)
  ->  Seq Scan on cast_info ci  (cost=0.00..796071.18 rows=832681 width=4) (actual time=5452.482..11139.558 rows=274584 loops=1)
        Filter: ((person_id < 614216) AND (role_id > 9))
        Rows Removed by Filter: 35969760
  ->  Hash  (cost=73925.90..73925.90 rows=1356688 width=4) (actual time=1602.144..1602.144 rows=1327781 loops=1)
        Buckets: 131072  Batches: 32  Memory Usage: 2479kB
        ->  Seq Scan on title t  (cost=0.00..73925.90 rows=1356688 width=4) (actual time=0.020..1192.401 rows=1327781 loops=1)
              Filter: ((production_year < 2012) AND (kind_id = 7))
              Rows Removed by Filter: 1200531
Planning time: 0.796 ms
Execution time: 13146.519 ms
