Nested Loop  (cost=0.43..83071.67 rows=246 width=0) (actual time=58.996..1379.488 rows=134 loops=1)
  ->  Seq Scan on movie_keyword mk  (cost=0.00..81003.12 rows=246 width=4) (actual time=58.915..1368.975 rows=134 loops=1)
        Filter: (keyword_id = 36001)
        Rows Removed by Filter: 4523796
  ->  Index Only Scan using title_pkey on title t  (cost=0.43..8.40 rows=1 width=4) (actual time=0.074..0.075 rows=1 loops=134)
        Index Cond: (id = mk.movie_id)
        Heap Fetches: 134
Planning time: 0.665 ms
Execution time: 1379.655 ms
