Seq Scan on movie_companies mc  (cost=0.00..57926.93 rows=662340 width=0) (actual time=270.823..944.234 rows=429982 loops=1)
  Filter: ((company_id > 11153) AND (company_type_id < 2))
  Rows Removed by Filter: 2179147
Planning time: 0.349 ms
Execution time: 999.943 ms
