Seq Scan on cast_info ci  (cost=0.00..705507.15 rows=6943616 width=0) (actual time=0.014..11012.402 rows=6881852 loops=1)
  Filter: (person_id < 664813)
  Rows Removed by Filter: 29362492
Planning time: 0.321 ms
Execution time: 11884.653 ms
