Hash Join  (cost=79605.72..166231.71 rows=45192 width=0) (actual time=1192.528..2586.982 rows=7988 loops=1)
  Hash Cond: (mk.movie_id = t.id)
  ->  Seq Scan on movie_keyword mk  (cost=0.00..81003.12 rows=330119 width=4) (actual time=0.025..1222.189 rows=329370 loops=1)
        Filter: (keyword_id > 50117)
        Rows Removed by Filter: 4194560
  ->  Hash  (cost=73925.90..73925.90 rows=346145 width=4) (actual time=1186.775..1186.775 rows=208615 loops=1)
        Buckets: 131072  Batches: 8  Memory Usage: 1941kB
        ->  Seq Scan on title t  (cost=0.00..73925.90 rows=346145 width=4) (actual time=0.020..1112.981 rows=208615 loops=1)
              Filter: ((kind_id > 1) AND (production_year < 1977))
              Rows Removed by Filter: 2319697
Planning time: 0.596 ms
Execution time: 2588.496 ms
