Hash Join  (cost=162471.40..967713.29 rows=917066 width=0) (actual time=3369.240..27674.891 rows=2011288 loops=1)
  Hash Cond: (ci.movie_id = t.id)
  ->  Seq Scan on cast_info ci  (cost=0.00..614943.12 rows=36225612 width=4) (actual time=0.014..9477.362 rows=36244344 loops=1)
  ->  Hash  (cost=161671.27..161671.27 rows=64011 width=8) (actual time=3368.685..3368.685 rows=100564 loops=1)
        Buckets: 131072 (originally 65536)  Batches: 2 (originally 1)  Memory Usage: 3073kB
        ->  Hash Join  (cost=74373.12..161671.27 rows=64011 width=8) (actual time=1298.063..3331.898 rows=100564 loops=1)
              Hash Cond: (mk.movie_id = t.id)
              ->  Seq Scan on movie_keyword mk  (cost=0.00..69693.30 rows=4523930 width=4) (actual time=0.023..1145.932 rows=4523930 loops=1)
              ->  Hash  (cost=73925.90..73925.90 rows=35777 width=4) (actual time=1297.470..1297.470 rows=37357 loops=1)
                    Buckets: 65536  Batches: 1  Memory Usage: 1826kB
                    ->  Seq Scan on title t  (cost=0.00..73925.90 rows=35777 width=4) (actual time=62.836..1282.712 rows=37357 loops=1)
                          Filter: ((production_year > 2007) AND (kind_id = 4))
                          Rows Removed by Filter: 2490955
Planning time: 3.676 ms
Execution time: 27926.895 ms
