Hash Join  (cost=114671.47..483017.18 rows=368978 width=0) (actual time=2038.437..10268.571 rows=1336854 loops=1)
  Hash Cond: (mi.movie_id = t.id)
  ->  Seq Scan on movie_info mi  (cost=0.00..309384.22 rows=14739122 width=4) (actual time=0.016..3978.664 rows=14835720 loops=1)
  ->  Hash  (cost=113880.24..113880.24 rows=63299 width=8) (actual time=1964.624..1964.624 rows=69990 loops=1)
        Buckets: 131072 (originally 65536)  Batches: 1 (originally 1)  Memory Usage: 3758kB
        ->  Hash Join  (cost=76796.18..113880.24 rows=63299 width=8) (actual time=1249.525..1939.184 rows=69990 loops=1)
              Hash Cond: (mi_idx.movie_id = t.id)
              ->  Seq Scan on movie_info_idx mi_idx  (cost=0.00..25185.44 rows=915101 width=4) (actual time=0.017..564.290 rows=919850 loops=1)
                    Filter: (info_type_id < 101)
                    Rows Removed by Filter: 460185
              ->  Hash  (cost=73925.90..73925.90 rows=174902 width=4) (actual time=956.956..956.956 rows=160286 loops=1)
                    Buckets: 131072  Batches: 4  Memory Usage: 2435kB
                    ->  Seq Scan on title t  (cost=0.00..73925.90 rows=174902 width=4) (actual time=0.007..909.830 rows=160286 loops=1)
                          Filter: ((production_year > 2008) AND (kind_id = 1))
                          Rows Removed by Filter: 2368026
Planning time: 1.242 ms
Execution time: 10445.145 ms
