Hash Join  (cost=192846.51..320577.11 rows=706246 width=0) (actual time=3629.736..7179.925 rows=1330332 loops=1)
  Hash Cond: (mk.movie_id = t.id)
  ->  Seq Scan on movie_keyword mk  (cost=0.00..81003.12 rows=3244540 width=4) (actual time=0.011..1543.746 rows=3235040 loops=1)
        Filter: (keyword_id < 13716)
        Rows Removed by Filter: 1288890
  ->  Hash  (cost=183816.63..183816.63 rows=550390 width=8) (actual time=3628.971..3628.971 rows=335649 loops=1)
        Buckets: 131072  Batches: 8  Memory Usage: 2672kB
        ->  Hash Join  (cost=102767.86..183816.63 rows=550390 width=8) (actual time=1892.052..3525.879 rows=335649 loops=1)
              Hash Cond: (mc.movie_id = t.id)
              ->  Seq Scan on movie_companies mc  (cost=0.00..57926.93 rows=550390 width=4) (actual time=0.010..957.870 rows=335649 loops=1)
                    Filter: ((company_id < 6788) AND (company_type_id > 1))
                    Rows Removed by Filter: 2273480
              ->  Hash  (cost=61283.27..61283.27 rows=2528527 width=4) (actual time=1890.931..1890.931 rows=2528312 loops=1)
                    Buckets: 131072  Batches: 64  Memory Usage: 2415kB
                    ->  Seq Scan on title t  (cost=0.00..61283.27 rows=2528527 width=4) (actual time=0.006..1024.106 rows=2528312 loops=1)
Planning time: 1.215 ms
Execution time: 7343.982 ms
