Seq Scan on movie_keyword mk  (cost=0.00..81003.12 rows=999509 width=0) (actual time=0.014..1386.806 rows=1006284 loops=1)
  Filter: (keyword_id < 964)
  Rows Removed by Filter: 3517646
Planning time: 0.360 ms
Execution time: 1519.594 ms
