Hash Join  (cost=93843.90..131316.26 rows=221325 width=0) (actual time=1794.075..2758.666 rows=171743 loops=1)
  Hash Cond: (mi_idx.movie_id = t.id)
  ->  Seq Scan on movie_info_idx mi_idx  (cost=0.00..25185.44 rows=460978 width=4) (actual time=0.020..491.008 rows=459925 loops=1)
        Filter: (info_type_id < 100)
        Rows Removed by Filter: 920110
  ->  Hash  (cost=73925.90..73925.90 rows=1214000 width=4) (actual time=1792.757..1792.757 rows=1328829 loops=1)
        Buckets: 131072  Batches: 16  Memory Usage: 3951kB
        ->  Seq Scan on title t  (cost=0.00..73925.90 rows=1214000 width=4) (actual time=0.014..1368.074 rows=1328829 loops=1)
              Filter: ((kind_id > 1) AND (production_year > 1994))
              Rows Removed by Filter: 1199483
Planning time: 0.824 ms
Execution time: 2777.252 ms
