Nested Loop  (cost=0.43..83072.29 rows=96 width=0) (actual time=29.552..1093.347 rows=75 loops=1)
  ->  Seq Scan on movie_keyword mk  (cost=0.00..81003.12 rows=246 width=4) (actual time=29.477..1091.052 rows=99 loops=1)
        Filter: (keyword_id = 18810)
        Rows Removed by Filter: 4523831
  ->  Index Scan using title_pkey on title t  (cost=0.43..8.40 rows=1 width=4) (actual time=0.021..0.021 rows=1 loops=99)
        Index Cond: (id = mk.movie_id)
        Filter: (kind_id < 7)
        Rows Removed by Filter: 0
Planning time: 0.744 ms
Execution time: 1093.463 ms
