Hash Join  (cost=947836.91..3127949.56 rows=93388231 width=0) (actual time=23734.320..108193.622 rows=212698745 loops=1)
  Hash Cond: (ci.movie_id = t.id)
  ->  Seq Scan on cast_info ci  (cost=0.00..705507.15 rows=18477182 width=4) (actual time=0.032..12958.177 rows=18640411 loops=1)
        Filter: (person_id > 1742204)
        Rows Removed by Filter: 17603933
  ->  Hash  (cost=738167.42..738167.42 rows=12779799 width=8) (actual time=23729.097..23729.097 rows=11945373 loops=1)
        Buckets: 131072  Batches: 256  Memory Usage: 2809kB
        ->  Hash Join  (cost=103574.60..738167.42 rows=12779799 width=8) (actual time=2010.418..19589.191 rows=11945373 loops=1)
              Hash Cond: (mi.movie_id = t.id)
              ->  Seq Scan on movie_info mi  (cost=0.00..309384.22 rows=14739122 width=4) (actual time=0.014..5365.694 rows=14835720 loops=1)
              ->  Hash  (cost=67604.59..67604.59 rows=2192401 width=4) (actual time=2009.364..2009.364 rows=2182316 loops=1)
                    Buckets: 131072  Batches: 32  Memory Usage: 3434kB
                    ->  Seq Scan on title t  (cost=0.00..67604.59 rows=2192401 width=4) (actual time=0.013..1290.202 rows=2182316 loops=1)
                          Filter: (production_year > 1962)
                          Rows Removed by Filter: 345996
Planning time: 1.223 ms
Execution time: 133406.922 ms
