Hash Join  (cost=78556.72..176311.11 rows=262895 width=0) (actual time=1576.206..3636.642 rows=645233 loops=1)
  Hash Cond: (mk.movie_id = t.id)
  ->  Seq Scan on movie_keyword mk  (cost=0.00..81003.12 rows=995816 width=4) (actual time=0.015..1305.915 rows=1005462 loops=1)
        Filter: (keyword_id > 18327)
        Rows Removed by Filter: 3518468
  ->  Hash  (cost=67604.59..67604.59 rows=667531 width=4) (actual time=1575.148..1575.148 rows=662825 loops=1)
        Buckets: 131072  Batches: 16  Memory Usage: 2486kB
        ->  Seq Scan on title t  (cost=0.00..67604.59 rows=667531 width=4) (actual time=0.020..1085.949 rows=662825 loops=1)
              Filter: (kind_id = 1)
              Rows Removed by Filter: 1865487
Planning time: 0.806 ms
Execution time: 3716.527 ms
