Seq Scan on cast_info ci  (cost=0.00..796071.18 rows=332 width=0) (actual time=7341.081..13062.674 rows=945 loops=1)
  Filter: ((role_id < 4) AND (person_id = 2177413))
  Rows Removed by Filter: 36243399
Planning time: 0.331 ms
Execution time: 13062.930 ms
