Seq Scan on movie_companies mc  (cost=0.00..57926.93 rows=1321654 width=0) (actual time=125.629..1187.279 rows=1320482 loops=1)
  Filter: ((company_id < 221389) AND (company_type_id > 1))
  Rows Removed by Filter: 1288647
Planning time: 1.630 ms
Execution time: 1355.930 ms
