Hash Join  (cost=160823.02..958055.81 rows=116168 width=0) (actual time=3115.792..17337.938 rows=98 loops=1)
  Hash Cond: (ci.movie_id = t.id)
  ->  Seq Scan on cast_info ci  (cost=0.00..614943.12 rows=36225612 width=4) (actual time=0.025..7719.145 rows=36244344 loops=1)
  ->  Hash  (cost=160721.67..160721.67 rows=8108 width=8) (actual time=2719.579..2719.579 rows=12 loops=1)
        Buckets: 8192  Batches: 1  Memory Usage: 65kB
        ->  Hash Join  (cost=73982.55..160721.67 rows=8108 width=8) (actual time=2042.854..2719.487 rows=12 loops=1)
              Hash Cond: (mk.movie_id = t.id)
              ->  Seq Scan on movie_keyword mk  (cost=0.00..69693.30 rows=4523930 width=4) (actual time=0.023..923.560 rows=4523930 loops=1)
              ->  Hash  (cost=73925.90..73925.90 rows=4532 width=4) (actual time=990.269..990.269 rows=204 loops=1)
                    Buckets: 8192  Batches: 1  Memory Usage: 72kB
                    ->  Seq Scan on title t  (cost=0.00..73925.90 rows=4532 width=4) (actual time=6.146..990.094 rows=204 loops=1)
                          Filter: ((kind_id = 7) AND (production_year = 1947))
                          Rows Removed by Filter: 2528108
Planning time: 1.162 ms
Execution time: 17338.141 ms
