Hash Join  (cost=100948.70..155639.76 rows=2552 width=0) (actual time=2034.083..2776.107 rows=8712 loops=1)
  Hash Cond: (mc.movie_id = t.id)
  ->  Seq Scan on movie_companies mc  (cost=0.00..44881.29 rows=2609129 width=4) (actual time=0.014..578.455 rows=2609129 loops=1)
  ->  Hash  (cost=100917.78..100917.78 rows=2474 width=8) (actual time=1683.226..1683.226 rows=5529 loops=1)
        Buckets: 8192 (originally 4096)  Batches: 1 (originally 1)  Memory Usage: 280kB
        ->  Hash Join  (cost=73982.55..100917.78 rows=2474 width=8) (actual time=1177.710..1681.216 rows=5529 loops=1)
              Hash Cond: (mi_idx.movie_id = t.id)
              ->  Seq Scan on movie_info_idx mi_idx  (cost=0.00..21735.35 rows=1380035 width=4) (actual time=0.017..224.858 rows=1380035 loops=1)
              ->  Hash  (cost=73925.90..73925.90 rows=4532 width=4) (actual time=1177.147..1177.147 rows=14325 loops=1)
                    Buckets: 16384 (originally 8192)  Batches: 1 (originally 1)  Memory Usage: 632kB
                    ->  Seq Scan on title t  (cost=0.00..73925.90 rows=4532 width=4) (actual time=269.247..1170.580 rows=14325 loops=1)
                          Filter: ((kind_id = 7) AND (production_year = 1991))
                          Rows Removed by Filter: 2513987
Planning time: 1.256 ms
Execution time: 2777.602 ms
