Hash Join  (cost=928847.28..971657.40 rows=298264 width=0) (actual time=15470.607..18815.579 rows=3813566 loops=1)
  Hash Cond: (mi_idx.movie_id = t.id)
  ->  Seq Scan on movie_info_idx mi_idx  (cost=0.00..21735.35 rows=1380035 width=4) (actual time=0.029..417.354 rows=1380035 loops=1)
  ->  Hash  (cost=919881.21..919881.21 rows=546486 width=8) (actual time=15469.195..15469.195 rows=2480210 loops=1)
        Buckets: 131072 (originally 131072)  Batches: 64 (originally 8)  Memory Usage: 4022kB
        ->  Hash Join  (cost=101707.31..919881.21 rows=546486 width=8) (actual time=4057.732..14761.220 rows=2480210 loops=1)
              Hash Cond: (ci.movie_id = t.id)
              ->  Seq Scan on cast_info ci  (cost=0.00..796071.18 rows=664771 width=4) (actual time=2236.328..9899.574 rows=2588559 loops=1)
                    Filter: ((person_id > 3559681) AND (role_id > 4))
                    Rows Removed by Filter: 33655785
              ->  Hash  (cost=67604.59..67604.59 rows=2078618 width=4) (actual time=1820.596..1820.596 rows=2074788 loops=1)
                    Buckets: 131072  Batches: 32  Memory Usage: 3309kB
                    ->  Seq Scan on title t  (cost=0.00..67604.59 rows=2078618 width=4) (actual time=0.024..1161.007 rows=2074788 loops=1)
                          Filter: (production_year > 1970)
                          Rows Removed by Filter: 453524
Planning time: 1.130 ms
Execution time: 19266.565 ms
