Seq Scan on movie_keyword mk  (cost=0.00..81003.12 rows=2750538 width=0) (actual time=0.014..770.600 rows=2743526 loops=1)
  Filter: (keyword_id > 2881)
  Rows Removed by Filter: 1780404
Planning time: 0.306 ms
Execution time: 974.904 ms
