Hash Join  (cost=97626.44..169515.60 rows=490834 width=0) (actual time=2169.858..3361.299 rows=187412 loops=1)
  Hash Cond: (mc.movie_id = t.id)
  ->  Seq Scan on movie_companies mc  (cost=0.00..51404.11 rows=859120 width=4) (actual time=120.026..841.096 rows=865456 loops=1)
        Filter: (company_id > 23893)
        Rows Removed by Filter: 1743673
  ->  Hash  (cost=73925.90..73925.90 rows=1444603 width=4) (actual time=1783.596..1783.596 rows=1478438 loops=1)
        Buckets: 131072  Batches: 32  Memory Usage: 2651kB
        ->  Seq Scan on title t  (cost=0.00..73925.90 rows=1444603 width=4) (actual time=240.093..1320.650 rows=1478438 loops=1)
              Filter: ((production_year > 1920) AND (kind_id = 7))
              Rows Removed by Filter: 1049874
Planning time: 0.801 ms
Execution time: 3384.276 ms
