Hash Join  (cost=83073.59..833870.63 rows=787 width=0) (actual time=1210.918..15693.850 rows=903 loops=1)
  Hash Cond: (ci.movie_id = t.id)
  ->  Seq Scan on cast_info ci  (cost=0.00..614943.12 rows=36225612 width=4) (actual time=0.027..7651.081 rows=36244344 loops=1)
  ->  Hash  (cost=83072.90..83072.90 rows=55 width=8) (actual time=1207.332..1207.332 rows=36 loops=1)
        Buckets: 1024  Batches: 1  Memory Usage: 10kB
        ->  Nested Loop  (cost=0.43..83072.90 rows=55 width=8) (actual time=29.618..1207.278 rows=36 loops=1)
              ->  Seq Scan on movie_keyword mk  (cost=0.00..81003.12 rows=246 width=4) (actual time=0.383..1171.587 rows=1519 loops=1)
                    Filter: (keyword_id = 341)
                    Rows Removed by Filter: 4522411
              ->  Index Scan using title_pkey on title t  (cost=0.43..8.40 rows=1 width=4) (actual time=0.023..0.023 rows=0 loops=1519)
                    Index Cond: (id = mk.movie_id)
                    Filter: ((production_year < 1998) AND (kind_id = 7))
                    Rows Removed by Filter: 1
Planning time: 1.099 ms
Execution time: 15694.546 ms
