Seq Scan on movie_keyword mk  (cost=0.00..81003.12 rows=246 width=0) (actual time=3.583..1109.555 rows=484 loops=1)
  Filter: (keyword_id = 978)
  Rows Removed by Filter: 4523446
Planning time: 0.366 ms
Execution time: 1109.831 ms
