Hash Join  (cost=79930.86..897249.24 rows=374356 width=0) (actual time=6633.540..12258.404 rows=185898 loops=1)
  Hash Cond: (ci.movie_id = t.id)
  ->  Seq Scan on cast_info ci  (cost=0.00..796071.18 rows=1259904 width=4) (actual time=5532.773..10634.466 rows=623681 loops=1)
        Filter: ((person_id < 456657) AND (role_id > 4))
        Rows Removed by Filter: 35620663
  ->  Hash  (cost=67604.59..67604.59 rows=751302 width=4) (actual time=1099.554..1099.554 rows=755902 loops=1)
        Buckets: 131072  Batches: 16  Memory Usage: 2685kB
        ->  Seq Scan on title t  (cost=0.00..67604.59 rows=751302 width=4) (actual time=0.032..867.007 rows=755902 loops=1)
              Filter: (production_year < 1993)
              Rows Removed by Filter: 1772410
Planning time: 0.760 ms
Execution time: 12277.518 ms
