Hash Join  (cost=73962.22..889237.21 rows=5866 width=0) (actual time=4253.100..13400.961 rows=9126 loops=1)
  Hash Cond: (ci.movie_id = t.id)
  ->  Seq Scan on cast_info ci  (cost=0.00..796071.18 rows=5105374 width=4) (actual time=3287.041..11861.333 rows=3044073 loops=1)
        Filter: ((person_id < 1483345) AND (role_id > 3))
        Rows Removed by Filter: 33200271
  ->  Hash  (cost=73925.90..73925.90 rows=2905 width=4) (actual time=965.672..965.672 rows=6196 loops=1)
        Buckets: 8192 (originally 4096)  Batches: 1 (originally 1)  Memory Usage: 282kB
        ->  Seq Scan on title t  (cost=0.00..73925.90 rows=2905 width=4) (actual time=0.425..962.148 rows=6196 loops=1)
              Filter: ((kind_id < 7) AND (production_year = 1975))
              Rows Removed by Filter: 2522116
Planning time: 0.575 ms
Execution time: 13403.003 ms
