Hash Join  (cost=156209.36..1165514.41 rows=4060592 width=0) (actual time=3412.873..34407.409 rows=8500066 loops=1)
  Hash Cond: (ci.movie_id = t.id)
  ->  Seq Scan on cast_info ci  (cost=0.00..705507.15 rows=22609062 width=4) (actual time=0.037..14948.990 rows=22465863 loops=1)
        Filter: (person_id < 2291491)
        Rows Removed by Filter: 13778481
  ->  Hash  (cost=148758.81..148758.81 rows=454124 width=8) (actual time=3411.965..3411.965 rows=459925 loops=1)
        Buckets: 131072  Batches: 8  Memory Usage: 3275kB
        ->  Hash Join  (cost=102767.86..148758.81 rows=454124 width=8) (actual time=1964.838..3271.748 rows=459925 loops=1)
              Hash Cond: (mi_idx.movie_id = t.id)
              ->  Seq Scan on movie_info_idx mi_idx  (cost=0.00..25185.44 rows=454124 width=4) (actual time=0.028..486.328 rows=459925 loops=1)
                    Filter: (info_type_id = 100)
                    Rows Removed by Filter: 920110
              ->  Hash  (cost=61283.27..61283.27 rows=2528527 width=4) (actual time=1963.428..1963.428 rows=2528312 loops=1)
                    Buckets: 131072  Batches: 64  Memory Usage: 2415kB
                    ->  Seq Scan on title t  (cost=0.00..61283.27 rows=2528527 width=4) (actual time=0.017..1121.146 rows=2528312 loops=1)
Planning time: 1.087 ms
Execution time: 35322.301 ms
