Hash Join  (cost=101489.21..1188964.97 rows=11030741 width=0) (actual time=6359.945..26875.230 rows=11479092 loops=1)
  Hash Cond: (ci.movie_id = t.id)
  ->  Seq Scan on cast_info ci  (cost=0.00..796071.18 rows=13504634 width=4) (actual time=4872.474..13812.592 rows=14475905 loops=1)
        Filter: ((person_id > 574539) AND (role_id > 2))
        Rows Removed by Filter: 21768439
  ->  Hash  (cost=67604.59..67604.59 rows=2065330 width=4) (actual time=1486.343..1486.343 rows=2064552 loops=1)
        Buckets: 131072  Batches: 32  Memory Usage: 3289kB
        ->  Seq Scan on title t  (cost=0.00..67604.59 rows=2065330 width=4) (actual time=0.026..909.075 rows=2064552 loops=1)
              Filter: (production_year < 2011)
              Rows Removed by Filter: 463760
Planning time: 0.727 ms
Execution time: 28233.127 ms
