Seq Scan on movie_companies mc  (cost=0.00..57926.93 rows=53 width=0) (actual time=429.160..838.078 rows=473 loops=1)
  Filter: ((company_type_id > 1) AND (company_id = 19562))
  Rows Removed by Filter: 2608656
Planning time: 0.660 ms
Execution time: 838.285 ms
