Nested Loop  (cost=0.43..58358.27 rows=51 width=0) (actual time=437.376..669.185 rows=2 loops=1)
  ->  Seq Scan on movie_companies mc  (cost=0.00..57926.93 rows=51 width=4) (actual time=437.281..669.037 rows=2 loops=1)
        Filter: ((company_id = 5397) AND (company_type_id = 1))
        Rows Removed by Filter: 2609127
  ->  Index Only Scan using title_pkey on title t  (cost=0.43..8.45 rows=1 width=4) (actual time=0.064..0.065 rows=1 loops=2)
        Index Cond: (id = mc.movie_id)
        Heap Fetches: 2
Planning time: 0.727 ms
Execution time: 669.255 ms
