Hash Join  (cost=136808.20..502217.95 rows=75382 width=0) (actual time=2166.539..9267.114 rows=1431612 loops=1)
  Hash Cond: (mi.movie_id = t.id)
  ->  Seq Scan on movie_info mi  (cost=0.00..309384.22 rows=14739122 width=4) (actual time=0.017..3593.066 rows=14835720 loops=1)
  ->  Hash  (cost=136646.55..136646.55 rows=12932 width=8) (actual time=2166.361..2166.361 rows=17764 loops=1)
        Buckets: 32768 (originally 16384)  Batches: 1 (originally 1)  Memory Usage: 950kB
        ->  Hash Join  (cost=74281.64..136646.55 rows=12932 width=8) (actual time=934.595..2159.293 rows=17764 loops=1)
              Hash Cond: (mc.movie_id = t.id)
              ->  Seq Scan on movie_companies mc  (cost=0.00..57926.93 rows=1148974 width=4) (actual time=0.021..1011.091 rows=1073444 loops=1)
                    Filter: ((company_id > 133) AND (company_type_id = 1))
                    Rows Removed by Filter: 1535685
              ->  Hash  (cost=73925.90..73925.90 rows=28459 width=4) (actual time=934.341..934.341 rows=16117 loops=1)
                    Buckets: 32768  Batches: 1  Memory Usage: 823kB
                    ->  Seq Scan on title t  (cost=0.00..73925.90 rows=28459 width=4) (actual time=317.623..927.691 rows=16117 loops=1)
                          Filter: ((kind_id < 2) AND (production_year = 2006))
                          Rows Removed by Filter: 2512195
Planning time: 1.122 ms
Execution time: 9443.312 ms
