Seq Scan on cast_info ci  (cost=0.00..796071.18 rows=396 width=0) (actual time=11519.477..12055.110 rows=22 loops=1)
  Filter: ((role_id < 8) AND (person_id = 2335594))
  Rows Removed by Filter: 36244322
Planning time: 0.354 ms
Execution time: 12055.273 ms
