Seq Scan on movie_keyword mk  (cost=0.00..81003.12 rows=599315 width=0) (actual time=0.028..795.925 rows=600774 loops=1)
  Filter: (keyword_id > 30620)
  Rows Removed by Filter: 3923156
Planning time: 0.290 ms
Execution time: 849.126 ms
