Hash Join  (cost=75227.65..169546.86 rows=34361 width=0) (actual time=1108.317..2855.442 rows=23791 loops=1)
  Hash Cond: (mk.movie_id = t.id)
  ->  Seq Scan on movie_keyword mk  (cost=0.00..81003.12 rows=1095058 width=4) (actual time=0.029..1350.849 rows=1102686 loops=1)
        Filter: (keyword_id < 1135)
        Rows Removed by Filter: 3421244
  ->  Hash  (cost=73925.90..73925.90 rows=79340 width=4) (actual time=1107.627..1107.627 rows=92312 loops=1)
        Buckets: 131072  Batches: 2  Memory Usage: 2654kB
        ->  Seq Scan on title t  (cost=0.00..73925.90 rows=79340 width=4) (actual time=0.018..1070.852 rows=92312 loops=1)
              Filter: ((kind_id > 1) AND (production_year = 2006))
              Rows Removed by Filter: 2436000
Planning time: 0.704 ms
Execution time: 2859.132 ms
