Hash Join  (cost=83073.49..833876.40 rows=1377 width=0) (actual time=1182.358..16176.209 rows=45478 loops=1)
  Hash Cond: (ci.movie_id = t.id)
  ->  Seq Scan on cast_info ci  (cost=0.00..614943.12 rows=36225612 width=4) (actual time=0.027..7369.959 rows=36244344 loops=1)
  ->  Hash  (cost=83072.29..83072.29 rows=96 width=8) (actual time=1182.171..1182.171 rows=1900 loops=1)
        Buckets: 2048 (originally 1024)  Batches: 1 (originally 1)  Memory Usage: 91kB
        ->  Nested Loop  (cost=0.43..83072.29 rows=96 width=8) (actual time=1.079..1180.792 rows=1900 loops=1)
              ->  Seq Scan on movie_keyword mk  (cost=0.00..81003.12 rows=246 width=4) (actual time=1.043..1127.615 rows=2038 loops=1)
                    Filter: (keyword_id = 430)
                    Rows Removed by Filter: 4521892
              ->  Index Scan using title_pkey on title t  (cost=0.43..8.40 rows=1 width=4) (actual time=0.025..0.025 rows=1 loops=2038)
                    Index Cond: (id = mk.movie_id)
                    Filter: (kind_id < 7)
                    Rows Removed by Filter: 0
Planning time: 1.119 ms
Execution time: 16186.782 ms
