Hash Join  (cost=74601.78..833137.43 rows=774648 width=0) (actual time=1353.469..28383.788 rows=1757569 loops=1)
  Hash Cond: (ci.movie_id = t.id)
  ->  Seq Scan on cast_info ci  (cost=0.00..614943.12 rows=36225612 width=4) (actual time=0.023..9638.792 rows=36244344 loops=1)
  ->  Hash  (cost=73925.90..73925.90 rows=54070 width=4) (actual time=1352.948..1352.948 rows=177199 loops=1)
        Buckets: 131072 (originally 65536)  Batches: 4 (originally 1)  Memory Usage: 3073kB
        ->  Seq Scan on title t  (cost=0.00..73925.90 rows=54070 width=4) (actual time=0.033..1082.778 rows=177199 loops=1)
              Filter: ((production_year < 1956) AND (kind_id = 1))
              Rows Removed by Filter: 2351113
Planning time: 0.724 ms
Execution time: 28599.782 ms
