Nested Loop  (cost=0.43..83072.29 rows=96 width=0) (actual time=18.221..1181.269 rows=105 loops=1)
  ->  Seq Scan on movie_keyword mk  (cost=0.00..81003.12 rows=246 width=4) (actual time=18.155..1174.880 rows=157 loops=1)
        Filter: (keyword_id = 3130)
        Rows Removed by Filter: 4523773
  ->  Index Scan using title_pkey on title t  (cost=0.43..8.40 rows=1 width=4) (actual time=0.036..0.038 rows=1 loops=157)
        Index Cond: (id = mk.movie_id)
        Filter: (kind_id < 7)
        Rows Removed by Filter: 0
Planning time: 0.986 ms
Execution time: 1181.460 ms
