Hash Join  (cost=156649.15..294579.36 rows=756133 width=0) (actual time=3815.847..8091.462 rows=3182822 loops=1)
  Hash Cond: (mk.movie_id = t.id)
  ->  Seq Scan on movie_keyword mk  (cost=0.00..81003.12 rows=4112201 width=4) (actual time=0.014..1755.739 rows=4118076 loops=1)
        Filter: (keyword_id < 42756)
        Rows Removed by Filter: 405854
  ->  Hash  (cost=149020.47..149020.47 rows=464934 width=8) (actual time=3815.055..3815.055 rows=460185 loops=1)
        Buckets: 131072  Batches: 8  Memory Usage: 3286kB
        ->  Hash Join  (cost=102767.86..149020.47 rows=464934 width=8) (actual time=1840.306..3020.817 rows=460185 loops=1)
              Hash Cond: (mi_idx.movie_id = t.id)
              ->  Seq Scan on movie_info_idx mi_idx  (cost=0.00..25185.44 rows=464934 width=4) (actual time=0.025..407.990 rows=460185 loops=1)
                    Filter: (info_type_id > 100)
                    Rows Removed by Filter: 919850
              ->  Hash  (cost=61283.27..61283.27 rows=2528527 width=4) (actual time=1838.495..1838.495 rows=2528312 loops=1)
                    Buckets: 131072  Batches: 64  Memory Usage: 2415kB
                    ->  Seq Scan on title t  (cost=0.00..61283.27 rows=2528527 width=4) (actual time=0.023..976.335 rows=2528312 loops=1)
Planning time: 2.359 ms
Execution time: 8456.532 ms
