Seq Scan on movie_companies mc  (cost=0.00..57926.93 rows=842346 width=0) (actual time=0.023..986.662 rows=1053042 loops=1)
  Filter: ((company_id > 3827) AND (company_type_id > 1))
  Rows Removed by Filter: 1556087
Planning time: 0.613 ms
Execution time: 1119.567 ms
