Seq Scan on movie_keyword mk  (cost=0.00..81003.12 rows=3253534 width=0) (actual time=0.022..1503.713 rows=3245201 loops=1)
  Filter: (keyword_id < 13860)
  Rows Removed by Filter: 1278729
Planning time: 0.253 ms
Execution time: 1910.284 ms
