Hash Join  (cost=709673.38..798639.18 rows=15 width=0) (actual time=10047.732..10800.170 rows=6 loops=1)
  Hash Cond: (mk.movie_id = t.id)
  ->  Seq Scan on movie_keyword mk  (cost=0.00..81003.12 rows=2123340 width=4) (actual time=0.022..1420.782 rows=2126961 loops=1)
        Filter: (keyword_id < 3921)
        Rows Removed by Filter: 2396969
  ->  Hash  (cost=709673.15..709673.15 rows=18 width=8) (actual time=9082.025..9082.025 rows=3 loops=1)
        Buckets: 1024  Batches: 1  Memory Usage: 9kB
        ->  Nested Loop  (cost=0.43..709673.15 rows=18 width=8) (actual time=2586.803..9082.009 rows=3 loops=1)
              ->  Seq Scan on cast_info ci  (cost=0.00..705507.15 rows=500 width=4) (actual time=2584.925..9079.894 rows=182 loops=1)
                    Filter: (person_id = 4043180)
                    Rows Removed by Filter: 36244162
              ->  Index Scan using title_pkey on title t  (cost=0.43..8.32 rows=1 width=4) (actual time=0.011..0.011 rows=0 loops=182)
                    Index Cond: (id = ci.movie_id)
                    Filter: (kind_id = 2)
                    Rows Removed by Filter: 1
Planning time: 1.077 ms
Execution time: 10800.315 ms
