Seq Scan on movie_keyword mk  (cost=0.00..81003.12 rows=262589 width=0) (actual time=0.020..1153.067 rows=261480 loops=1)
  Filter: (keyword_id > 59192)
  Rows Removed by Filter: 4262450
Planning time: 0.283 ms
Execution time: 1188.086 ms
