Hash Join  (cost=104131.46..915339.67 rows=262271 width=0) (actual time=2058.359..12240.336 rows=481906 loops=1)
  Hash Cond: (ci.movie_id = t.id)
  ->  Seq Scan on cast_info ci  (cost=0.00..796071.18 rows=297863 width=4) (actual time=208.056..9595.628 rows=533048 loops=1)
        Filter: ((person_id < 76709) AND (role_id = 1))
        Rows Removed by Filter: 35711296
  ->  Hash  (cost=67604.59..67604.59 rows=2226390 width=4) (actual time=1849.348..1849.348 rows=2224569 loops=1)
        Buckets: 131072  Batches: 32  Memory Usage: 3463kB
        ->  Seq Scan on title t  (cost=0.00..67604.59 rows=2226390 width=4) (actual time=0.017..1143.804 rows=2224569 loops=1)
              Filter: (production_year < 2012)
              Rows Removed by Filter: 303743
Planning time: 0.718 ms
Execution time: 12298.559 ms
