Seq Scan on movie_companies mc  (cost=0.00..51404.11 rows=2219441 width=0) (actual time=0.027..934.772 rows=2218827 loops=1)
  Filter: (company_id > 228)
  Rows Removed by Filter: 390302
Planning time: 0.330 ms
Execution time: 1224.480 ms
