Hash Join  (cost=58375.80..145034.33 rows=50 width=0) (actual time=1549.170..2068.423 rows=17 loops=1)
  Hash Cond: (mk.movie_id = t.id)
  ->  Seq Scan on movie_keyword mk  (cost=0.00..69693.30 rows=4523930 width=4) (actual time=0.017..657.876 rows=4523930 loops=1)
  ->  Hash  (cost=58375.45..58375.45 rows=28 width=8) (actual time=755.582..755.582 rows=14 loops=1)
        Buckets: 1024  Batches: 1  Memory Usage: 9kB
        ->  Nested Loop  (cost=0.43..58375.45 rows=28 width=8) (actual time=586.414..755.564 rows=14 loops=1)
              ->  Seq Scan on movie_companies mc  (cost=0.00..57926.93 rows=53 width=4) (actual time=154.909..755.121 rows=17 loops=1)
                    Filter: ((company_type_id > 1) AND (company_id = 1121))
                    Rows Removed by Filter: 2609112
              ->  Index Scan using title_pkey on title t  (cost=0.43..8.45 rows=1 width=4) (actual time=0.024..0.024 rows=1 loops=17)
                    Index Cond: (id = mc.movie_id)
                    Filter: ((production_year > 1961) AND (kind_id = 7))
                    Rows Removed by Filter: 0
Planning time: 1.098 ms
Execution time: 2068.597 ms
