Hash Join  (cost=73994.33..128716.33 rows=5648 width=0) (actual time=945.108..1741.749 rows=9249 loops=1)
  Hash Cond: (mc.movie_id = t.id)
  ->  Seq Scan on movie_companies mc  (cost=0.00..44881.29 rows=2609129 width=4) (actual time=0.026..364.045 rows=2609129 loops=1)
  ->  Hash  (cost=73925.90..73925.90 rows=5474 width=4) (actual time=944.772..944.772 rows=10313 loops=1)
        Buckets: 16384 (originally 8192)  Batches: 1 (originally 1)  Memory Usage: 491kB
        ->  Seq Scan on title t  (cost=0.00..73925.90 rows=5474 width=4) (actual time=0.260..939.797 rows=10313 loops=1)
              Filter: ((kind_id > 1) AND (production_year = 1980))
              Rows Removed by Filter: 2517999
Planning time: 0.712 ms
Execution time: 1743.328 ms
