Hash Join  (cost=150487.60..275189.43 rows=221580 width=0) (actual time=3447.131..5690.419 rows=499179 loops=1)
  Hash Cond: (mk.movie_id = t.id)
  ->  Seq Scan on movie_keyword mk  (cost=0.00..69693.30 rows=4523930 width=4) (actual time=0.022..1405.407 rows=4523930 loops=1)
  ->  Hash  (cost=148455.52..148455.52 rows=123846 width=8) (actual time=2523.505..2523.505 rows=41425 loops=1)
        Buckets: 131072  Batches: 2  Memory Usage: 1839kB
        ->  Hash Join  (cost=81720.25..148455.52 rows=123846 width=8) (actual time=1340.916..2508.106 rows=41425 loops=1)
              Hash Cond: (mc.movie_id = t.id)
              ->  Seq Scan on movie_companies mc  (cost=0.00..57926.93 rows=363967 width=4) (actual time=0.020..964.446 rows=50699 loops=1)
                    Filter: ((company_id > 37560) AND (company_type_id < 2))
                    Rows Removed by Filter: 2558430
              ->  Hash  (cost=67604.59..67604.59 rows=860373 width=4) (actual time=1340.102..1340.102 rows=854214 loops=1)
                    Buckets: 131072  Batches: 16  Memory Usage: 2897kB
                    ->  Seq Scan on title t  (cost=0.00..67604.59 rows=860373 width=4) (actual time=0.030..1074.407 rows=854214 loops=1)
                          Filter: (kind_id < 4)
                          Rows Removed by Filter: 1674098
Planning time: 1.085 ms
Execution time: 5756.802 ms
