Seq Scan on cast_info ci  (cost=0.00..796071.18 rows=276 width=0) (actual time=8953.420..11619.032 rows=35 loops=1)
  Filter: ((role_id < 3) AND (person_id = 2597390))
  Rows Removed by Filter: 36244309
Planning time: 0.380 ms
Execution time: 11619.154 ms
