Seq Scan on movie_keyword mk  (cost=0.00..81003.12 rows=2943314 width=0) (actual time=0.025..1062.977 rows=2928523 loops=1)
  Filter: (keyword_id < 9650)
  Rows Removed by Filter: 1595407
Planning time: 0.308 ms
Execution time: 1355.438 ms
