Seq Scan on cast_info ci  (cost=0.00..796071.18 rows=4366303 width=0) (actual time=1973.244..10825.453 rows=5618584 loops=1)
  Filter: ((person_id < 757322) AND (role_id < 3))
  Rows Removed by Filter: 30625760
Planning time: 0.340 ms
Execution time: 11550.934 ms
