Hash Join  (cost=102583.48..467280.80 rows=4141 width=0) (actual time=1507.435..7698.668 rows=103180 loops=1)
  Hash Cond: (mi.movie_id = t.id)
  ->  Seq Scan on movie_info mi  (cost=0.00..309384.22 rows=14739122 width=4) (actual time=0.018..3241.257 rows=14835720 loops=1)
  ->  Hash  (cost=102574.61..102574.61 rows=710 width=8) (actual time=1506.948..1506.948 rows=4538 loops=1)
        Buckets: 8192 (originally 1024)  Batches: 1 (originally 1)  Memory Usage: 242kB
        ->  Hash Join  (cost=73950.44..102574.61 rows=710 width=8) (actual time=914.213..1504.932 rows=4538 loops=1)
              Hash Cond: (mi_idx.movie_id = t.id)
              ->  Seq Scan on movie_info_idx mi_idx  (cost=0.00..25185.44 rows=915101 width=4) (actual time=0.023..434.568 rows=919850 loops=1)
                    Filter: (info_type_id < 101)
                    Rows Removed by Filter: 460185
              ->  Hash  (cost=73925.90..73925.90 rows=1963 width=4) (actual time=914.009..914.009 rows=5190 loops=1)
                    Buckets: 8192 (originally 2048)  Batches: 1 (originally 1)  Memory Usage: 247kB
                    ->  Seq Scan on title t  (cost=0.00..73925.90 rows=1963 width=4) (actual time=228.405..911.653 rows=5190 loops=1)
                          Filter: ((kind_id = 1) AND (production_year = 1992))
                          Rows Removed by Filter: 2523122
Planning time: 1.124 ms
Execution time: 7714.126 ms
