Hash Join  (cost=84197.31..446983.81 rows=323884 width=0) (actual time=4569.320..6603.722 rows=294980 loops=1)
  Hash Cond: (mi.movie_id = t.id)
  ->  Seq Scan on movie_info mi  (cost=0.00..346232.03 rows=809768 width=4) (actual time=3285.128..4262.775 rows=802140 loops=1)
        Filter: (info_type_id < 2)
        Rows Removed by Filter: 14033580
  ->  Hash  (cost=67604.59..67604.59 rows=1011338 width=4) (actual time=1283.431..1283.431 rows=1012920 loops=1)
        Buckets: 131072  Batches: 16  Memory Usage: 3256kB
        ->  Seq Scan on title t  (cost=0.00..67604.59 rows=1011338 width=4) (actual time=0.022..967.575 rows=1012920 loops=1)
              Filter: (production_year > 2005)
              Rows Removed by Filter: 1515392
Planning time: 0.810 ms
Execution time: 6633.977 ms
