Seq Scan on movie_keyword mk  (cost=0.00..81003.12 rows=3986077 width=0) (actual time=0.026..1337.949 rows=3993657 loops=1)
  Filter: (keyword_id < 34398)
  Rows Removed by Filter: 530273
Planning time: 0.288 ms
Execution time: 1844.775 ms
