Seq Scan on movie_companies mc  (cost=0.00..57926.93 rows=51 width=0) (actual time=152.275..785.840 rows=5 loops=1)
  Filter: ((company_type_id < 2) AND (company_id = 4963))
  Rows Removed by Filter: 2609124
Planning time: 0.330 ms
Execution time: 785.933 ms
