Seq Scan on movie_companies mc  (cost=0.00..57926.93 rows=53 width=0) (actual time=352.870..758.712 rows=22 loops=1)
  Filter: ((company_type_id > 1) AND (company_id = 100385))
  Rows Removed by Filter: 2609107
Planning time: 0.375 ms
Execution time: 758.827 ms
