Hash Join  (cost=234708.29..1424966.70 rows=10822227 width=0) (actual time=4890.402..45520.974 rows=68002203 loops=1)
  Hash Cond: (ci.movie_id = t.id)
  ->  Seq Scan on cast_info ci  (cost=0.00..614943.12 rows=36225612 width=4) (actual time=0.021..10520.887 rows=36244344 loops=1)
  ->  Hash  (cost=222314.98..222314.98 rows=755385 width=8) (actual time=4889.506..4889.506 rows=1082167 loops=1)
        Buckets: 131072  Batches: 16  Memory Usage: 3761kB
        ->  Hash Join  (cost=81025.55..222314.98 rows=755385 width=8) (actual time=1111.042..4610.213 rows=1082167 loops=1)
              Hash Cond: (mk.movie_id = t.id)
              ->  Seq Scan on movie_keyword mk  (cost=0.00..81003.12 rows=4414253 width=4) (actual time=0.020..1517.171 rows=4414373 loops=1)
                    Filter: (keyword_id < 80212)
                    Rows Removed by Filter: 109557
              ->  Hash  (cost=73925.90..73925.90 rows=432692 width=4) (actual time=1110.308..1110.308 rows=368246 loops=1)
                    Buckets: 131072  Batches: 8  Memory Usage: 2646kB
                    ->  Seq Scan on title t  (cost=0.00..73925.90 rows=432692 width=4) (actual time=0.020..994.122 rows=368246 loops=1)
                          Filter: ((kind_id < 7) AND (production_year > 2004))
                          Rows Removed by Filter: 2160066
Planning time: 1.194 ms
Execution time: 51877.058 ms
