Seq Scan on movie_info mi  (cost=0.00..346232.03 rows=5897221 width=75) (actual time=2709.394..5539.630 rows=5884963 loops=1)
  Filter: (info_type_id < 7)
  Rows Removed by Filter: 8950757
Planning time: 0.490 ms
Execution time: 5797.263 ms
