Nested Loop  (cost=0.43..52283.95 rows=74 width=0) (actual time=778.661..791.001 rows=1 loops=1)
  ->  Seq Scan on movie_companies mc  (cost=0.00..51404.11 rows=104 width=4) (actual time=3.651..788.046 rows=88 loops=1)
        Filter: (company_id = 14032)
        Rows Removed by Filter: 2609041
  ->  Index Scan using title_pkey on title t  (cost=0.43..8.45 rows=1 width=4) (actual time=0.032..0.032 rows=0 loops=88)
        Index Cond: (id = mc.movie_id)
        Filter: (production_year > 1988)
        Rows Removed by Filter: 1
Planning time: 0.839 ms
Execution time: 791.093 ms
