Seq Scan on cast_info ci  (cost=0.00..705507.15 rows=500 width=0) (actual time=1324.553..9131.716 rows=1 loops=1)
  Filter: (person_id = 170327)
  Rows Removed by Filter: 36244343
Planning time: 0.326 ms
Execution time: 9131.810 ms
