Hash Join  (cost=102767.86..208928.51 rows=1865018 width=0) (actual time=1651.313..4211.273 rows=1870878 loops=1)
  Hash Cond: (mc.movie_id = t.id)
  ->  Seq Scan on movie_companies mc  (cost=0.00..51404.11 rows=1865018 width=4) (actual time=0.029..861.479 rows=1870878 loops=1)
        Filter: (company_id > 1450)
        Rows Removed by Filter: 738251
  ->  Hash  (cost=61283.27..61283.27 rows=2528527 width=4) (actual time=1650.051..1650.051 rows=2528312 loops=1)
        Buckets: 131072  Batches: 64  Memory Usage: 2415kB
        ->  Seq Scan on title t  (cost=0.00..61283.27 rows=2528527 width=4) (actual time=0.015..812.292 rows=2528312 loops=1)
Planning time: 0.699 ms
Execution time: 4412.169 ms
