Hash Join  (cost=83074.74..109986.57 rows=134 width=0) (actual time=943.310..1440.587 rows=4903 loops=1)
  Hash Cond: (mi_idx.movie_id = t.id)
  ->  Seq Scan on movie_info_idx mi_idx  (cost=0.00..21735.35 rows=1380035 width=4) (actual time=0.031..225.786 rows=1380035 loops=1)
  ->  Hash  (cost=83071.67..83071.67 rows=246 width=8) (actual time=943.173..943.173 rows=1831 loops=1)
        Buckets: 2048 (originally 1024)  Batches: 1 (originally 1)  Memory Usage: 88kB
        ->  Nested Loop  (cost=0.43..83071.67 rows=246 width=8) (actual time=0.621..942.064 rows=1831 loops=1)
              ->  Seq Scan on movie_keyword mk  (cost=0.00..81003.12 rows=246 width=4) (actual time=0.566..908.325 rows=1831 loops=1)
                    Filter: (keyword_id = 5274)
                    Rows Removed by Filter: 4522099
              ->  Index Only Scan using title_pkey on title t  (cost=0.43..8.40 rows=1 width=4) (actual time=0.017..0.017 rows=1 loops=1831)
                    Index Cond: (id = mk.movie_id)
                    Heap Fetches: 1831
Planning time: 1.082 ms
Execution time: 1441.448 ms
