Hash Join  (cost=58375.85..145034.83 rows=95 width=0) (actual time=708.724..2264.767 rows=89 loops=1)
  Hash Cond: (mk.movie_id = t.id)
  ->  Seq Scan on movie_keyword mk  (cost=0.00..69693.30 rows=4523930 width=4) (actual time=0.019..744.279 rows=4523930 loops=1)
  ->  Hash  (cost=58375.18..58375.18 rows=53 width=8) (actual time=694.235..694.235 rows=494 loops=1)
        Buckets: 1024  Batches: 1  Memory Usage: 28kB
        ->  Nested Loop  (cost=0.43..58375.18 rows=53 width=8) (actual time=468.578..693.979 rows=494 loops=1)
              ->  Seq Scan on movie_companies mc  (cost=0.00..57926.93 rows=53 width=4) (actual time=468.489..685.713 rows=494 loops=1)
                    Filter: ((company_id = 3115) AND (company_type_id = 2))
                    Rows Removed by Filter: 2608635
              ->  Index Only Scan using title_pkey on title t  (cost=0.43..8.45 rows=1 width=4) (actual time=0.016..0.016 rows=1 loops=494)
                    Index Cond: (id = mc.movie_id)
                    Heap Fetches: 494
Planning time: 1.077 ms
Execution time: 2264.896 ms
