Seq Scan on cast_info ci  (cost=0.00..796071.18 rows=1846695 width=0) (actual time=1788.832..9743.678 rows=3729073 loops=1)
  Filter: ((person_id < 499109) AND (role_id = 1))
  Rows Removed by Filter: 32515271
Planning time: 0.335 ms
Execution time: 10190.793 ms
