Hash Join  (cost=137016.78..505614.84 rows=394213 width=0) (actual time=2444.368..9167.665 rows=270228 loops=1)
  Hash Cond: (mi.movie_id = t.id)
  ->  Seq Scan on movie_info mi  (cost=0.00..309384.22 rows=14739122 width=4) (actual time=0.015..3139.218 rows=14835720 loops=1)
  ->  Hash  (cost=136171.43..136171.43 rows=67628 width=8) (actual time=2443.406..2443.406 rows=26218 loops=1)
        Buckets: 131072  Batches: 1  Memory Usage: 2049kB
        ->  Hash Join  (cost=74787.47..136171.43 rows=67628 width=8) (actual time=1009.578..2432.335 rows=26218 loops=1)
              Hash Cond: (mc.movie_id = t.id)
              ->  Seq Scan on movie_companies mc  (cost=0.00..51404.11 rows=2480953 width=4) (actual time=0.021..856.576 rows=2477806 loops=1)
                    Filter: (company_id > 19)
                    Rows Removed by Filter: 131323
              ->  Hash  (cost=73925.90..73925.90 rows=68925 width=4) (actual time=958.208..958.208 rows=84076 loops=1)
                    Buckets: 131072  Batches: 1  Memory Usage: 3980kB
                    ->  Seq Scan on title t  (cost=0.00..73925.90 rows=68925 width=4) (actual time=226.161..923.516 rows=84076 loops=1)
                          Filter: ((kind_id = 7) AND (production_year = 2007))
                          Rows Removed by Filter: 2444236
Planning time: 1.309 ms
Execution time: 9203.487 ms
