Hash Join  (cost=83810.17..157178.83 rows=292489 width=0) (actual time=1275.378..2701.467 rows=265810 loops=1)
  Hash Cond: (mc.movie_id = t.id)
  ->  Seq Scan on movie_companies mc  (cost=0.00..57926.93 rows=748756 width=4) (actual time=0.022..904.188 rows=468047 loops=1)
        Filter: ((company_id < 13152) AND (company_type_id > 1))
        Rows Removed by Filter: 2141082
  ->  Hash  (cost=67604.59..67604.59 rows=987727 width=4) (actual time=1274.285..1274.285 rows=985048 loops=1)
        Buckets: 131072  Batches: 16  Memory Usage: 3188kB
        ->  Seq Scan on title t  (cost=0.00..67604.59 rows=987727 width=4) (actual time=0.020..962.469 rows=985048 loops=1)
              Filter: (kind_id < 7)
              Rows Removed by Filter: 1543264
Planning time: 0.701 ms
Execution time: 2735.663 ms
