Seq Scan on cast_info ci  (cost=0.00..796071.18 rows=25495 width=0) (actual time=3725.534..9278.648 rows=9184 loops=1)
  Filter: ((person_id < 250176) AND (role_id > 10))
  Rows Removed by Filter: 36235160
Planning time: 0.345 ms
Execution time: 9279.941 ms
