Seq Scan on cast_info ci  (cost=0.00..705507.15 rows=500 width=0) (actual time=6163.790..8576.399 rows=87 loops=1)
  Filter: (person_id = 2438836)
  Rows Removed by Filter: 36244257
Planning time: 0.339 ms
Execution time: 8576.502 ms
