Hash Join  (cost=123567.61..208614.60 rows=15379 width=0) (actual time=1996.191..3342.326 rows=128706 loops=1)
  Hash Cond: (mk.movie_id = t.id)
  ->  Seq Scan on movie_keyword mk  (cost=0.00..81003.12 rows=1037354 width=4) (actual time=0.015..1126.142 rows=1046381 loops=1)
        Filter: (keyword_id > 16962)
        Rows Removed by Filter: 3477549
  ->  Hash  (cost=123099.05..123099.05 rows=37485 width=8) (actual time=1995.790..1995.790 rows=34035 loops=1)
        Buckets: 65536  Batches: 1  Memory Usage: 1842kB
        ->  Hash Join  (cost=68058.67..123099.05 rows=37485 width=8) (actual time=865.909..1982.741 rows=34035 loops=1)
              Hash Cond: (mc.movie_id = t.id)
              ->  Seq Scan on movie_companies mc  (cost=0.00..44881.29 rows=2609129 width=4) (actual time=0.019..485.390 rows=2609129 loops=1)
              ->  Hash  (cost=67604.59..67604.59 rows=36327 width=4) (actual time=865.414..865.414 rows=36509 loops=1)
                    Buckets: 65536  Batches: 1  Memory Usage: 1796kB
                    ->  Seq Scan on title t  (cost=0.00..67604.59 rows=36327 width=4) (actual time=0.061..849.123 rows=36509 loops=1)
                          Filter: (production_year = 1996)
                          Rows Removed by Filter: 2491803
Planning time: 1.026 ms
Execution time: 3359.122 ms
