Hash Join  (cost=116866.28..193836.15 rows=139235 width=0) (actual time=2023.619..4224.231 rows=521573 loops=1)
  Hash Cond: (mc.movie_id = t.id)
  ->  Seq Scan on movie_companies mc  (cost=0.00..44881.29 rows=2609129 width=4) (actual time=0.032..731.091 rows=2609129 loops=1)
  ->  Hash  (cost=114651.60..114651.60 rows=134934 width=8) (actual time=2022.818..2022.818 rows=168226 loops=1)
        Buckets: 131072 (originally 131072)  Batches: 4 (originally 2)  Memory Usage: 3073kB
        ->  Hash Join  (cost=79930.86..114651.60 rows=134934 width=8) (actual time=1165.896..1956.879 rows=168226 loops=1)
              Hash Cond: (mi_idx.movie_id = t.id)
              ->  Seq Scan on movie_info_idx mi_idx  (cost=0.00..25185.44 rows=454124 width=4) (actual time=0.020..385.510 rows=459925 loops=1)
                    Filter: (info_type_id = 100)
                    Rows Removed by Filter: 920110
              ->  Hash  (cost=67604.59..67604.59 rows=751302 width=4) (actual time=1164.746..1164.746 rows=755902 loops=1)
                    Buckets: 131072  Batches: 16  Memory Usage: 2685kB
                    ->  Seq Scan on title t  (cost=0.00..67604.59 rows=751302 width=4) (actual time=0.025..919.717 rows=755902 loops=1)
                          Filter: (production_year < 1993)
                          Rows Removed by Filter: 1772410
Planning time: 1.234 ms
Execution time: 4281.068 ms
