Seq Scan on cast_info ci  (cost=0.00..705507.15 rows=27435633 width=0) (actual time=0.043..10766.919 rows=27446730 loops=1)
  Filter: (person_id < 2811981)
  Rows Removed by Filter: 8797614
Planning time: 0.335 ms
Execution time: 14057.109 ms
