Hash Join  (cost=102767.86..201396.56 rows=321943 width=0) (actual time=1673.421..3577.773 rows=339389 loops=1)
  Hash Cond: (mk.movie_id = t.id)
  ->  Seq Scan on movie_keyword mk  (cost=0.00..81003.12 rows=321943 width=4) (actual time=0.026..1183.561 rows=339389 loops=1)
        Filter: (keyword_id < 282)
        Rows Removed by Filter: 4184541
  ->  Hash  (cost=61283.27..61283.27 rows=2528527 width=4) (actual time=1672.100..1672.100 rows=2528312 loops=1)
        Buckets: 131072  Batches: 64  Memory Usage: 2425kB
        ->  Seq Scan on title t  (cost=0.00..61283.27 rows=2528527 width=4) (actual time=0.024..801.238 rows=2528312 loops=1)
Planning time: 0.681 ms
Execution time: 3622.851 ms
