Hash Join  (cost=306316.15..1600383.49 rows=24768501 width=0) (actual time=5382.412..32624.744 rows=14914243 loops=1)
  Hash Cond: (ci.movie_id = t.id)
  ->  Seq Scan on cast_info ci  (cost=0.00..705507.15 rows=23499554 width=4) (actual time=0.013..12790.136 rows=23573656 loops=1)
        Filter: (role_id > 1)
        Rows Removed by Filter: 12670688
  ->  Hash  (cost=262591.85..262591.85 rows=2665064 width=8) (actual time=5380.341..5380.341 rows=617724 loops=1)
        Buckets: 131072  Batches: 64  Memory Usage: 1385kB
        ->  Hash Join  (cost=92883.59..262591.85 rows=2665064 width=8) (actual time=1491.723..5219.093 rows=617724 loops=1)
              Hash Cond: (mk.movie_id = t.id)
              ->  Seq Scan on movie_keyword mk  (cost=0.00..81003.12 rows=4373499 width=4) (actual time=0.017..1575.249 rows=4360169 loops=1)
                    Filter: (keyword_id > 117)
                    Rows Removed by Filter: 163761
              ->  Hash  (cost=67604.59..67604.59 rows=1540800 width=4) (actual time=1490.829..1490.829 rows=1543264 loops=1)
                    Buckets: 131072  Batches: 32  Memory Usage: 2728kB
                    ->  Seq Scan on title t  (cost=0.00..67604.59 rows=1540800 width=4) (actual time=12.062..1015.994 rows=1543264 loops=1)
                          Filter: (kind_id = 7)
                          Rows Removed by Filter: 985048
Planning time: 0.801 ms
Execution time: 34277.871 ms
