Hash Join  (cost=67697.55..154488.65 rows=13306 width=0) (actual time=778.184..2134.567 rows=7324 loops=1)
  Hash Cond: (mk.movie_id = t.id)
  ->  Seq Scan on movie_keyword mk  (cost=0.00..69693.30 rows=4523930 width=4) (actual time=0.023..645.870 rows=4523930 loops=1)
  ->  Hash  (cost=67604.59..67604.59 rows=7437 width=4) (actual time=772.547..772.547 rows=2773 loops=1)
        Buckets: 8192  Batches: 1  Memory Usage: 162kB
        ->  Seq Scan on title t  (cost=0.00..67604.59 rows=7437 width=4) (actual time=82.085..771.109 rows=2773 loops=1)
              Filter: (production_year = 1928)
              Rows Removed by Filter: 2525539
Planning time: 0.650 ms
Execution time: 2135.664 ms
