Hash Join  (cost=95982.60..552416.27 rows=3600544 width=0) (actual time=2170.860..12649.077 rows=3624181 loops=1)
  Hash Cond: (mi.movie_id = t.id)
  ->  Seq Scan on movie_info mi  (cost=0.00..346232.03 rows=5263441 width=4) (actual time=0.024..6035.710 rows=5270569 loops=1)
        Filter: (info_type_id > 15)
        Rows Removed by Filter: 9565151
  ->  Hash  (cost=67604.59..67604.59 rows=1729681 width=4) (actual time=2169.570..2169.570 rows=1725233 loops=1)
        Buckets: 131072  Batches: 32  Memory Usage: 2931kB
        ->  Seq Scan on title t  (cost=0.00..67604.59 rows=1729681 width=4) (actual time=0.019..1297.696 rows=1725233 loops=1)
              Filter: (production_year > 1991)
              Rows Removed by Filter: 803079
Planning time: 0.879 ms
Execution time: 13081.067 ms
