Hash Join  (cost=211418.99..1078782.10 rows=1728358 width=0) (actual time=12194.842..19954.776 rows=2162327 loops=1)
  Hash Cond: (ci.movie_id = t.id)
  ->  Seq Scan on cast_info ci  (cost=0.00..796071.18 rows=4329958 width=4) (actual time=7035.793..12019.854 rows=3293609 loops=1)
        Filter: ((person_id < 2161006) AND (role_id = 2))
        Rows Removed by Filter: 32950735
  ->  Hash  (cost=194859.82..194859.82 rows=1009294 width=8) (actual time=5157.829..5157.829 rows=1161075 loops=1)
        Buckets: 131072  Batches: 16  Memory Usage: 3849kB
        ->  Hash Join  (cost=102767.86..194859.82 rows=1009294 width=8) (actual time=1680.558..4795.360 rows=1161075 loops=1)
              Hash Cond: (mc.movie_id = t.id)
              ->  Seq Scan on movie_companies mc  (cost=0.00..57926.93 rows=1009294 width=4) (actual time=26.611..978.485 rows=1161075 loops=1)
                    Filter: ((company_id > 789) AND (company_type_id = 2))
                    Rows Removed by Filter: 1448054
              ->  Hash  (cost=61283.27..61283.27 rows=2528527 width=4) (actual time=1652.839..1652.839 rows=2528312 loops=1)
                    Buckets: 131072  Batches: 64  Memory Usage: 2415kB
                    ->  Seq Scan on title t  (cost=0.00..61283.27 rows=2528527 width=4) (actual time=0.018..813.329 rows=2528312 loops=1)
Planning time: 1.178 ms
Execution time: 20204.032 ms
