Hash Join  (cost=108983.92..886063.96 rows=437498 width=0) (actual time=1817.257..16594.067 rows=1010830 loops=1)
  Hash Cond: (ci.movie_id = t.id)
  ->  Seq Scan on cast_info ci  (cost=0.00..705507.15 rows=17919447 width=4) (actual time=0.023..9782.639 rows=18044742 loops=1)
        Filter: (person_id > 1807046)
        Rows Removed by Filter: 18199602
  ->  Hash  (cost=108212.26..108212.26 rows=61733 width=8) (actual time=1816.698..1816.698 rows=58024 loops=1)
        Buckets: 65536  Batches: 1  Memory Usage: 2779kB
        ->  Hash Join  (cost=69460.45..108212.26 rows=61733 width=8) (actual time=912.325..1798.173 rows=58024 loops=1)
              Hash Cond: (mi_idx.movie_id = t.id)
              ->  Seq Scan on movie_info_idx mi_idx  (cost=0.00..21735.35 rows=1380035 width=4) (actual time=0.019..417.927 rows=1380035 loops=1)
              ->  Hash  (cost=67604.59..67604.59 rows=113109 width=4) (actual time=911.461..911.461 rows=119565 loops=1)
                    Buckets: 131072  Batches: 2  Memory Usage: 3115kB
                    ->  Seq Scan on title t  (cost=0.00..67604.59 rows=113109 width=4) (actual time=0.013..867.605 rows=119565 loops=1)
                          Filter: (production_year = 2007)
                          Rows Removed by Filter: 2408747
Planning time: 1.147 ms
Execution time: 16729.300 ms
