Hash Join  (cost=134730.44..887268.62 rows=174901 width=0) (actual time=1655.147..15397.510 rows=101579 loops=1)
  Hash Cond: (ci.movie_id = t.id)
  ->  Seq Scan on cast_info ci  (cost=0.00..614943.12 rows=36225612 width=4) (actual time=0.027..6343.222 rows=36244344 loops=1)
  ->  Hash  (cost=134577.84..134577.84 rows=12208 width=8) (actual time=1654.898..1654.898 rows=4115 loops=1)
        Buckets: 16384  Batches: 1  Memory Usage: 289kB
        ->  Hash Join  (cost=74730.49..134577.84 rows=12208 width=8) (actual time=827.703..1652.852 rows=4115 loops=1)
              Hash Cond: (mc.movie_id = t.id)
              ->  Seq Scan on movie_companies mc  (cost=0.00..57926.93 rows=479556 width=4) (actual time=6.282..747.919 rows=276542 loops=1)
                    Filter: ((company_id < 3503) AND (company_type_id > 1))
                    Rows Removed by Filter: 2332587
              ->  Hash  (cost=73925.90..73925.90 rows=64367 width=4) (actual time=821.091..821.091 rows=53905 loops=1)
                    Buckets: 65536  Batches: 1  Memory Usage: 2408kB
                    ->  Seq Scan on title t  (cost=0.00..73925.90 rows=64367 width=4) (actual time=0.043..801.754 rows=53905 loops=1)
                          Filter: ((kind_id < 7) AND (production_year = 2012))
                          Rows Removed by Filter: 2474407
Planning time: 1.086 ms
Execution time: 15417.198 ms
