Hash Join  (cost=107245.05..199575.31 rows=24824 width=0) (actual time=1700.449..3626.352 rows=21992 loops=1)
  Hash Cond: (mk.movie_id = t.id)
  ->  Seq Scan on movie_keyword mk  (cost=0.00..81003.12 rows=2954370 width=4) (actual time=0.025..1455.147 rows=2936781 loops=1)
        Filter: (keyword_id < 9795)
        Rows Removed by Filter: 1587149
  ->  Hash  (cost=106979.48..106979.48 rows=21246 width=8) (actual time=1695.546..1695.546 rows=12108 loops=1)
        Buckets: 32768  Batches: 1  Memory Usage: 729kB
        ->  Hash Join  (cost=75867.62..106979.48 rows=21246 width=8) (actual time=1054.153..1690.510 rows=12108 loops=1)
              Hash Cond: (mi_idx.movie_id = t.id)
              ->  Seq Scan on movie_info_idx mi_idx  (cost=0.00..25185.44 rows=454124 width=4) (actual time=0.012..435.896 rows=459925 loops=1)
                    Filter: (info_type_id = 100)
                    Rows Removed by Filter: 920110
              ->  Hash  (cost=73925.90..73925.90 rows=118297 width=4) (actual time=1053.216..1053.216 rows=122606 loops=1)
                    Buckets: 131072  Batches: 2  Memory Usage: 3179kB
                    ->  Seq Scan on title t  (cost=0.00..73925.90 rows=118297 width=4) (actual time=0.023..1008.352 rows=122606 loops=1)
                          Filter: ((kind_id > 1) AND (production_year = 2011))
                          Rows Removed by Filter: 2405706
Planning time: 1.146 ms
Execution time: 3629.790 ms
