Hash Join  (cost=102767.86..193584.49 rows=956289 width=0) (actual time=1961.009..4077.397 rows=805232 loops=1)
  Hash Cond: (mc.movie_id = t.id)
  ->  Seq Scan on movie_companies mc  (cost=0.00..57926.93 rows=956289 width=4) (actual time=0.024..1088.323 rows=805232 loops=1)
        Filter: ((company_id > 895) AND (company_type_id < 2))
        Rows Removed by Filter: 1803897
  ->  Hash  (cost=61283.27..61283.27 rows=2528527 width=4) (actual time=1959.205..1959.205 rows=2528312 loops=1)
        Buckets: 131072  Batches: 64  Memory Usage: 2415kB
        ->  Seq Scan on title t  (cost=0.00..61283.27 rows=2528527 width=4) (actual time=0.015..1063.038 rows=2528312 loops=1)
Planning time: 10.700 ms
Execution time: 4168.034 ms
