Seq Scan on movie_keyword mk  (cost=0.00..81003.12 rows=3334386 width=0) (actual time=0.014..1309.102 rows=3325564 loops=1)
  Filter: (keyword_id < 15358)
  Rows Removed by Filter: 1198366
Planning time: 0.375 ms
Execution time: 1731.016 ms
