Hash Join  (cost=74031.58..423327.31 rows=2707 width=0) (actual time=3895.308..4981.745 rows=24 loops=1)
  Hash Cond: (mi.movie_id = t.id)
  ->  Seq Scan on movie_info mi  (cost=0.00..346232.03 rows=809768 width=4) (actual time=2792.418..3872.335 rows=802140 loops=1)
        Filter: (info_type_id < 2)
        Rows Removed by Filter: 14033580
  ->  Hash  (cost=73925.90..73925.90 rows=8454 width=4) (actual time=969.911..969.911 rows=10177 loops=1)
        Buckets: 16384  Batches: 1  Memory Usage: 486kB
        ->  Seq Scan on title t  (cost=0.00..73925.90 rows=8454 width=4) (actual time=0.044..965.654 rows=10177 loops=1)
              Filter: ((production_year < 2008) AND (kind_id = 6))
              Rows Removed by Filter: 2518135
Planning time: 0.694 ms
Execution time: 4981.890 ms
