Seq Scan on cast_info ci  (cost=0.00..796071.18 rows=10857893 width=0) (actual time=3703.580..13533.875 rows=12670688 loops=1)
  Filter: ((person_id < 3118429) AND (role_id = 1))
  Rows Removed by Filter: 23573656
Planning time: 5.111 ms
Execution time: 15137.791 ms
