Hash Join  (cost=354055.91..897263.75 rows=9136866 width=0) (actual time=8717.240..26332.449 rows=39815857 loops=1)
  Hash Cond: (mi.movie_id = t.id)
  ->  Seq Scan on movie_info mi  (cost=0.00..346232.03 rows=5897221 width=4) (actual time=617.893..5027.455 rows=5884963 loops=1)
        Filter: (info_type_id < 7)
        Rows Removed by Filter: 8950757
  ->  Hash  (cost=289782.21..289782.21 rows=3917576 width=8) (actual time=8098.101..8098.101 rows=3761587 loops=1)
        Buckets: 131072  Batches: 64  Memory Usage: 3375kB
        ->  Hash Join  (cost=104943.62..289782.21 rows=3917576 width=8) (actual time=1840.291..7103.112 rows=3761587 loops=1)
              Hash Cond: (mk.movie_id = t.id)
              ->  Seq Scan on movie_keyword mk  (cost=0.00..81003.12 rows=4352540 width=4) (actual time=0.030..1656.435 rows=4357857 loops=1)
                    Filter: (keyword_id < 72374)
                    Rows Removed by Filter: 166073
              ->  Hash  (cost=67604.59..67604.59 rows=2275843 width=4) (actual time=1839.200..1839.200 rows=2268428 loops=1)
                    Buckets: 131072  Batches: 32  Memory Usage: 3529kB
                    ->  Seq Scan on title t  (cost=0.00..67604.59 rows=2275843 width=4) (actual time=0.020..1108.247 rows=2268428 loops=1)
                          Filter: (production_year > 1953)
                          Rows Removed by Filter: 259884
Planning time: 1.077 ms
Execution time: 30949.895 ms
