Hash Join  (cost=256665.90..1105971.26 rows=4470484 width=0) (actual time=5149.575..22735.287 rows=15257589 loops=1)
  Hash Cond: (ci.movie_id = t.id)
  ->  Seq Scan on cast_info ci  (cost=0.00..705507.15 rows=7259273 width=4) (actual time=16.648..9375.208 rows=7212721 loops=1)
        Filter: (person_id < 696582)
        Rows Removed by Filter: 29031623
  ->  Hash  (cost=231118.59..231118.59 rows=1557145 width=8) (actual time=5132.147..5132.147 rows=1562760 loops=1)
        Buckets: 131072  Batches: 32  Memory Usage: 2914kB
        ->  Hash Join  (cost=102767.86..231118.59 rows=1557145 width=8) (actual time=1744.404..4698.866 rows=1562760 loops=1)
              Hash Cond: (mk.movie_id = t.id)
              ->  Seq Scan on movie_keyword mk  (cost=0.00..81003.12 rows=1557145 width=4) (actual time=0.029..1323.186 rows=1562760 loops=1)
                    Filter: (keyword_id < 2345)
                    Rows Removed by Filter: 2961170
              ->  Hash  (cost=61283.27..61283.27 rows=2528527 width=4) (actual time=1742.853..1742.853 rows=2528312 loops=1)
                    Buckets: 131072  Batches: 64  Memory Usage: 2425kB
                    ->  Seq Scan on title t  (cost=0.00..61283.27 rows=2528527 width=4) (actual time=0.008..873.776 rows=2528312 loops=1)
Planning time: 1.040 ms
Execution time: 24596.931 ms
