Hash Join  (cost=78846.40..148373.46 rows=157690 width=0) (actual time=1104.321..2769.231 rows=378278 loops=1)
  Hash Cond: (mc.movie_id = t.id)
  ->  Seq Scan on movie_companies mc  (cost=0.00..51404.11 rows=1329612 width=4) (actual time=0.022..831.498 rows=1334883 loops=1)
        Filter: (company_type_id = 2)
        Rows Removed by Filter: 1274246
  ->  Hash  (cost=73925.90..73925.90 rows=299880 width=4) (actual time=1103.594..1103.594 rows=391036 loops=1)
        Buckets: 131072 (originally 131072)  Batches: 8 (originally 4)  Memory Usage: 3073kB
        ->  Seq Scan on title t  (cost=0.00..73925.90 rows=299880 width=4) (actual time=402.422..973.190 rows=391036 loops=1)
              Filter: ((production_year < 2002) AND (kind_id = 1))
              Rows Removed by Filter: 2137276
Planning time: 0.732 ms
Execution time: 2815.841 ms
