Hash Join  (cost=73939.22..431689.89 rows=1292 width=0) (actual time=1385.190..5500.072 rows=1250 loops=1)
  Hash Cond: (mi.movie_id = t.id)
  ->  Seq Scan on movie_info mi  (cost=0.00..346232.03 rows=3068194 width=4) (actual time=553.875..4204.713 rows=3036719 loops=1)
        Filter: (info_type_id = 16)
        Rows Removed by Filter: 11799001
  ->  Hash  (cost=73925.90..73925.90 rows=1065 width=4) (actual time=831.256..831.256 rows=1452 loops=1)
        Buckets: 2048  Batches: 1  Memory Usage: 68kB
        ->  Seq Scan on title t  (cost=0.00..73925.90 rows=1065 width=4) (actual time=0.439..830.355 rows=1452 loops=1)
              Filter: ((kind_id = 2) AND (production_year = 1994))
              Rows Removed by Filter: 2526860
Planning time: 0.612 ms
Execution time: 5500.406 ms
