Hash Join  (cost=75570.05..117809.20 rows=264967 width=0) (actual time=1446.821..2975.567 rows=295714 loops=1)
  Hash Cond: (mi_idx.movie_id = t.id)
  ->  Seq Scan on movie_info_idx mi_idx  (cost=0.00..21735.35 rows=1380035 width=4) (actual time=0.023..478.167 rows=1380035 loops=1)
  ->  Hash  (cost=67604.59..67604.59 rows=485477 width=4) (actual time=1445.985..1445.985 rows=479601 loops=1)
        Buckets: 131072  Batches: 8  Memory Usage: 3125kB
        ->  Seq Scan on title t  (cost=0.00..67604.59 rows=485477 width=4) (actual time=0.029..1292.487 rows=479601 loops=1)
              Filter: (production_year < 1978)
              Rows Removed by Filter: 2048711
Planning time: 0.654 ms
Execution time: 3011.659 ms
