Hash Join  (cost=102767.86..949716.42 rows=1703839 width=0) (actual time=9951.917..13023.691 rows=563802 loops=1)
  Hash Cond: (ci.movie_id = t.id)
  ->  Seq Scan on cast_info ci  (cost=0.00..796071.18 rows=1703839 width=4) (actual time=8275.849..10656.412 rows=563802 loops=1)
        Filter: ((person_id < 1300523) AND (role_id > 9))
        Rows Removed by Filter: 35680542
  ->  Hash  (cost=61283.27..61283.27 rows=2528527 width=4) (actual time=1674.882..1674.882 rows=2528312 loops=1)
        Buckets: 131072  Batches: 64  Memory Usage: 2415kB
        ->  Seq Scan on title t  (cost=0.00..61283.27 rows=2528527 width=4) (actual time=0.027..813.889 rows=2528312 loops=1)
Planning time: 0.696 ms
Execution time: 13073.359 ms
