Hash Join  (cost=73931.97..443542.61 rows=1195 width=0) (actual time=997.140..6296.211 rows=447 loops=1)
  Hash Cond: (mi.movie_id = t.id)
  ->  Seq Scan on movie_info mi  (cost=0.00..346232.03 rows=6231111 width=4) (actual time=0.021..4438.726 rows=6223494 loops=1)
        Filter: (info_type_id > 8)
        Rows Removed by Filter: 8612226
  ->  Hash  (cost=73925.90..73925.90 rows=485 width=4) (actual time=993.639..993.639 rows=298 loops=1)
        Buckets: 1024  Batches: 1  Memory Usage: 19kB
        ->  Seq Scan on title t  (cost=0.00..73925.90 rows=485 width=4) (actual time=14.750..993.332 rows=298 loops=1)
              Filter: ((kind_id > 1) AND (production_year > 2013))
              Rows Removed by Filter: 2528014
Planning time: 0.685 ms
Execution time: 6296.487 ms
