Hash Join  (cost=102767.86..975580.88 rows=2778698 width=0) (actual time=1583.436..15571.326 rows=3331931 loops=1)
  Hash Cond: (ci.movie_id = t.id)
  ->  Seq Scan on cast_info ci  (cost=0.00..796071.18 rows=2778698 width=4) (actual time=0.015..10733.196 rows=3331931 loops=1)
        Filter: ((person_id > 2270724) AND (role_id = 2))
        Rows Removed by Filter: 32912413
  ->  Hash  (cost=61283.27..61283.27 rows=2528527 width=4) (actual time=1582.160..1582.160 rows=2528312 loops=1)
        Buckets: 131072  Batches: 64  Memory Usage: 2415kB
        ->  Seq Scan on title t  (cost=0.00..61283.27 rows=2528527 width=4) (actual time=0.023..771.438 rows=2528312 loops=1)
Planning time: 0.691 ms
Execution time: 15974.358 ms
