Seq Scan on movie_companies mc  (cost=0.00..51404.11 rows=203166 width=0) (actual time=329.128..683.473 rows=204621 loops=1)
  Filter: (company_id > 112079)
  Rows Removed by Filter: 2404508
Planning time: 0.219 ms
Execution time: 711.216 ms
