Seq Scan on movie_companies mc  (cost=0.00..57926.93 rows=125816 width=0) (actual time=265.026..713.035 rows=55374 loops=1)
  Filter: ((company_id < 108) AND (company_type_id > 1))
  Rows Removed by Filter: 2553755
Planning time: 0.360 ms
Execution time: 720.859 ms
