Hash Join  (cost=1008608.10..1660363.35 rows=14388342 width=0) (actual time=18923.640..56665.743 rows=92801376 loops=1)
  Hash Cond: (mi.movie_id = t.id)
  ->  Seq Scan on movie_info mi  (cost=0.00..309384.22 rows=14739122 width=4) (actual time=0.018..4706.344 rows=14835720 loops=1)
  ->  Hash  (cost=968111.72..968111.72 rows=2468350 width=8) (actual time=18921.476..18921.476 rows=3719025 loops=1)
        Buckets: 131072  Batches: 64  Memory Usage: 3331kB
        ->  Hash Join  (cost=102767.86..968111.72 rows=2468350 width=8) (actual time=4438.502..17769.608 rows=3719025 loops=1)
              Hash Cond: (ci.movie_id = t.id)
              ->  Seq Scan on cast_info ci  (cost=0.00..796071.18 rows=2468350 width=4) (actual time=2324.240..11729.949 rows=3719025 loops=1)
                    Filter: ((person_id > 1518600) AND (role_id = 10))
                    Rows Removed by Filter: 32525319
              ->  Hash  (cost=61283.27..61283.27 rows=2528527 width=4) (actual time=2112.454..2112.454 rows=2528312 loops=1)
                    Buckets: 131072  Batches: 64  Memory Usage: 2415kB
                    ->  Seq Scan on title t  (cost=0.00..61283.27 rows=2528527 width=4) (actual time=0.015..833.137 rows=2528312 loops=1)
Planning time: 1.197 ms
Execution time: 67100.590 ms
