Seq Scan on movie_companies mc  (cost=0.00..57926.93 rows=1192955 width=0) (actual time=18.205..1022.063 rows=1274246 loops=1)
  Filter: ((company_id < 121440) AND (company_type_id < 2))
  Rows Removed by Filter: 1334883
Planning time: 0.323 ms
Execution time: 1185.422 ms
