Seq Scan on movie_companies mc  (cost=0.00..57926.93 rows=51 width=0) (actual time=235.537..640.123 rows=1 loops=1)
  Filter: ((company_id = 5221) AND (company_type_id = 1))
  Rows Removed by Filter: 2609128
Planning time: 0.387 ms
Execution time: 640.213 ms
