Seq Scan on movie_companies mc  (cost=0.00..57926.93 rows=53 width=0) (actual time=0.066..639.119 rows=161 loops=1)
  Filter: ((company_id = 4609) AND (company_type_id = 2))
  Rows Removed by Filter: 2608968
Planning time: 0.357 ms
Execution time: 639.254 ms
