Hash Join  (cost=182009.22..668606.11 rows=636397 width=0) (actual time=3071.392..13640.902 rows=5574849 loops=1)
  Hash Cond: (mi.movie_id = t.id)
  ->  Seq Scan on movie_info mi  (cost=0.00..309384.22 rows=14739122 width=4) (actual time=0.013..4470.140 rows=14835720 loops=1)
  ->  Hash  (cost=180217.53..180217.53 rows=109175 width=8) (actual time=3069.710..3069.710 rows=101200 loops=1)
        Buckets: 131072  Batches: 2  Memory Usage: 3023kB
        ->  Hash Join  (cost=69460.45..180217.53 rows=109175 width=8) (actual time=909.060..3035.624 rows=101200 loops=1)
              Hash Cond: (mk.movie_id = t.id)
              ->  Seq Scan on movie_keyword mk  (cost=0.00..81003.12 rows=2440589 width=4) (actual time=0.025..1341.296 rows=2439190 loops=1)
                    Filter: (keyword_id < 5810)
                    Rows Removed by Filter: 2084740
              ->  Hash  (cost=67604.59..67604.59 rows=113109 width=4) (actual time=908.065..908.065 rows=119565 loops=1)
                    Buckets: 131072  Batches: 2  Memory Usage: 3121kB
                    ->  Seq Scan on title t  (cost=0.00..67604.59 rows=113109 width=4) (actual time=0.025..860.821 rows=119565 loops=1)
                          Filter: (production_year = 2007)
                          Rows Removed by Filter: 2408747
Planning time: 1.033 ms
Execution time: 14275.713 ms
