Hash Join  (cost=102767.86..1430387.52 rows=25443478 width=0) (actual time=1620.450..38365.579 rows=25606508 loops=1)
  Hash Cond: (ci.movie_id = t.id)
  ->  Seq Scan on cast_info ci  (cost=0.00..705507.15 rows=25443478 width=4) (actual time=0.051..12768.805 rows=25606508 loops=1)
        Filter: (person_id > 1043496)
        Rows Removed by Filter: 10637836
  ->  Hash  (cost=61283.27..61283.27 rows=2528527 width=4) (actual time=1619.464..1619.464 rows=2528312 loops=1)
        Buckets: 131072  Batches: 64  Memory Usage: 2415kB
        ->  Seq Scan on title t  (cost=0.00..61283.27 rows=2528527 width=4) (actual time=0.012..785.172 rows=2528312 loops=1)
Planning time: 0.630 ms
Execution time: 41292.382 ms
