Seq Scan on movie_keyword mk  (cost=0.00..81003.12 rows=1032369 width=0) (actual time=0.013..867.429 rows=1036695 loops=1)
  Filter: (keyword_id > 17103)
  Rows Removed by Filter: 3487235
Planning time: 0.276 ms
Execution time: 969.953 ms
