Seq Scan on title t  (cost=0.00..67604.59 rows=7437 width=0) (actual time=74.071..647.801 rows=2614 loops=1)
  Filter: (production_year = 1923)
  Rows Removed by Filter: 2525698
Planning time: 0.309 ms
Execution time: 648.420 ms
