Hash Join  (cost=242712.01..1499812.09 rows=17003521 width=0) (actual time=4984.415..45239.427 rows=40224057 loops=1)
  Hash Cond: (ci.movie_id = t.id)
  ->  Seq Scan on cast_info ci  (cost=0.00..796071.18 rows=22118937 width=4) (actual time=0.019..16148.302 rows=22984889 loops=1)
        Filter: ((person_id > 202945) AND (role_id > 1))
        Rows Removed by Filter: 13259455
  ->  Hash  (cost=210822.04..210822.04 rows=1943758 width=8) (actual time=4982.661..4982.661 rows=1938189 loops=1)
        Buckets: 131072  Batches: 32  Memory Usage: 3350kB
        ->  Hash Join  (cost=102767.86..210822.04 rows=1943758 width=8) (actual time=1613.676..4440.586 rows=1938189 loops=1)
              Hash Cond: (mc.movie_id = t.id)
              ->  Seq Scan on movie_companies mc  (cost=0.00..51404.11 rows=1943758 width=4) (actual time=0.031..888.940 rows=1938189 loops=1)
                    Filter: (company_id < 50475)
                    Rows Removed by Filter: 670940
              ->  Hash  (cost=61283.27..61283.27 rows=2528527 width=4) (actual time=1612.734..1612.734 rows=2528312 loops=1)
                    Buckets: 131072  Batches: 64  Memory Usage: 2415kB
                    ->  Seq Scan on title t  (cost=0.00..61283.27 rows=2528527 width=4) (actual time=0.024..814.606 rows=2528312 loops=1)
Planning time: 1.104 ms
Execution time: 50029.457 ms
