Seq Scan on movie_keyword mk  (cost=0.00..81003.12 rows=1568819 width=0) (actual time=0.026..1168.596 rows=1577089 loops=1)
  Filter: (keyword_id < 2388)
  Rows Removed by Filter: 2946841
Planning time: 0.327 ms
Execution time: 1368.999 ms
