Seq Scan on movie_keyword mk  (cost=0.00..81003.12 rows=4183677 width=0) (actual time=0.023..1418.790 rows=4186595 loops=1)
  Filter: (keyword_id < 48967)
  Rows Removed by Filter: 337335
Planning time: 3.834 ms
Execution time: 1966.426 ms
