Hash Join  (cost=83073.74..447733.57 rows=388 width=0) (actual time=1099.546..6767.746 rows=24368 loops=1)
  Hash Cond: (mi.movie_id = t.id)
  ->  Seq Scan on movie_info mi  (cost=0.00..309384.22 rows=14739122 width=4) (actual time=0.009..2982.239 rows=14835720 loops=1)
  ->  Hash  (cost=83072.90..83072.90 rows=67 width=8) (actual time=1072.027..1072.027 rows=352 loops=1)
        Buckets: 1024  Batches: 1  Memory Usage: 22kB
        ->  Nested Loop  (cost=0.43..83072.90 rows=67 width=8) (actual time=2.679..1071.705 rows=352 loops=1)
              ->  Seq Scan on movie_keyword mk  (cost=0.00..81003.12 rows=246 width=4) (actual time=2.367..1057.165 rows=628 loops=1)
                    Filter: (keyword_id = 1128)
                    Rows Removed by Filter: 4523302
              ->  Index Scan using title_pkey on title t  (cost=0.43..8.40 rows=1 width=4) (actual time=0.022..0.022 rows=1 loops=628)
                    Index Cond: (id = mk.movie_id)
                    Filter: ((kind_id < 7) AND (production_year > 1990))
                    Rows Removed by Filter: 0
Planning time: 1.114 ms
Execution time: 6771.645 ms
