Hash Join  (cost=102767.86..965155.05 rows=6109172 width=0) (actual time=2112.357..16675.993 rows=6011803 loops=1)
  Hash Cond: (ci.movie_id = t.id)
  ->  Seq Scan on cast_info ci  (cost=0.00..705507.15 rows=6109172 width=4) (actual time=485.501..9698.859 rows=6011803 loops=1)
        Filter: (person_id < 581211)
        Rows Removed by Filter: 30232541
  ->  Hash  (cost=61283.27..61283.27 rows=2528527 width=4) (actual time=1625.268..1625.268 rows=2528312 loops=1)
        Buckets: 131072  Batches: 64  Memory Usage: 2415kB
        ->  Seq Scan on title t  (cost=0.00..61283.27 rows=2528527 width=4) (actual time=0.019..801.817 rows=2528312 loops=1)
Planning time: 0.666 ms
Execution time: 17379.389 ms
