Hash Join  (cost=263115.61..1055121.74 rows=3229447 width=0) (actual time=10150.328..19712.234 rows=11530875 loops=1)
  Hash Cond: (ci.movie_id = t.id)
  ->  Seq Scan on cast_info ci  (cost=0.00..705507.15 rows=3129682 width=4) (actual time=4978.660..9085.079 rows=3181210 loops=1)
        Filter: (person_id > 3475513)
        Rows Removed by Filter: 33063134
  ->  Hash  (cost=220309.49..220309.49 rows=2609129 width=8) (actual time=5170.626..5170.626 rows=2609129 loops=1)
        Buckets: 131072  Batches: 64  Memory Usage: 2610kB
        ->  Hash Join  (cost=102767.86..220309.49 rows=2609129 width=8) (actual time=1600.907..4526.531 rows=2609129 loops=1)
              Hash Cond: (mc.movie_id = t.id)
              ->  Seq Scan on movie_companies mc  (cost=0.00..44881.29 rows=2609129 width=4) (actual time=0.026..680.682 rows=2609129 loops=1)
              ->  Hash  (cost=61283.27..61283.27 rows=2528527 width=4) (actual time=1599.703..1599.703 rows=2528312 loops=1)
                    Buckets: 131072  Batches: 64  Memory Usage: 2415kB
                    ->  Seq Scan on title t  (cost=0.00..61283.27 rows=2528527 width=4) (actual time=0.021..786.665 rows=2528312 loops=1)
Planning time: 1.088 ms
Execution time: 21184.762 ms
