Hash Join  (cost=74235.99..828579.20 rows=355404 width=0) (actual time=1245.725..20957.961 rows=370697 loops=1)
  Hash Cond: (ci.movie_id = t.id)
  ->  Seq Scan on cast_info ci  (cost=0.00..614943.12 rows=36225612 width=4) (actual time=0.025..9586.412 rows=36244344 loops=1)
  ->  Hash  (cost=73925.90..73925.90 rows=24807 width=4) (actual time=1245.423..1245.423 rows=25986 loops=1)
        Buckets: 32768  Batches: 1  Memory Usage: 1170kB
        ->  Seq Scan on title t  (cost=0.00..73925.90 rows=24807 width=4) (actual time=58.577..1234.423 rows=25986 loops=1)
              Filter: ((kind_id = 7) AND (production_year = 1997))
              Rows Removed by Filter: 2502326
Planning time: 0.760 ms
Execution time: 21012.651 ms
