Hash Join  (cost=849253.45..1070180.15 rows=1546962 width=0) (actual time=23567.286..28702.990 rows=6459343 loops=1)
  Hash Cond: (mk.movie_id = t.id)
  ->  Seq Scan on movie_keyword mk  (cost=0.00..81003.12 rows=4348398 width=4) (actual time=0.005..1907.441 rows=4351715 loops=1)
        Filter: (keyword_id < 72057)
        Rows Removed by Filter: 172215
  ->  Hash  (cost=834495.26..834495.26 rows=899535 width=8) (actual time=23545.417..23545.417 rows=814661 loops=1)
        Buckets: 131072  Batches: 16  Memory Usage: 3097kB
        ->  Hash Join  (cost=74710.74..834495.26 rows=899535 width=8) (actual time=1122.204..22933.493 rows=814661 loops=1)
              Hash Cond: (ci.movie_id = t.id)
              ->  Seq Scan on cast_info ci  (cost=0.00..614943.12 rows=36225612 width=4) (actual time=0.024..9712.236 rows=36244344 loops=1)
              ->  Hash  (cost=73925.90..73925.90 rows=62787 width=4) (actual time=1121.865..1121.865 rows=53770 loops=1)
                    Buckets: 65536  Batches: 1  Memory Usage: 2403kB
                    ->  Seq Scan on title t  (cost=0.00..73925.90 rows=62787 width=4) (actual time=0.151..1101.405 rows=53770 loops=1)
                          Filter: ((kind_id < 7) AND (production_year = 2011))
                          Rows Removed by Filter: 2474542
Planning time: 0.978 ms
Execution time: 29403.311 ms
