Hash Join  (cost=194495.75..272912.54 rows=244227 width=0) (actual time=3698.272..5284.384 rows=115759 loops=1)
  Hash Cond: (mc.movie_id = t.id)
  ->  Seq Scan on movie_companies mc  (cost=0.00..44881.29 rows=2609129 width=4) (actual time=0.015..668.124 rows=2609129 loops=1)
  ->  Hash  (cost=190612.22..190612.22 rows=236682 width=8) (actual time=3617.080..3617.080 rows=46629 loops=1)
        Buckets: 131072  Batches: 4  Memory Usage: 1490kB
        ->  Hash Join  (cost=96830.76..190612.22 rows=236682 width=8) (actual time=2301.367..3601.553 rows=46629 loops=1)
              Hash Cond: (mk.movie_id = t.id)
              ->  Seq Scan on movie_keyword mk  (cost=0.00..81003.12 rows=428673 width=4) (actual time=0.012..1139.897 rows=423501 loops=1)
                    Filter: (keyword_id > 41255)
                    Rows Removed by Filter: 4100429
              ->  Hash  (cost=73925.90..73925.90 rows=1396068 width=4) (actual time=1688.176..1688.176 rows=1471510 loops=1)
                    Buckets: 131072  Batches: 32  Memory Usage: 2649kB
                    ->  Seq Scan on title t  (cost=0.00..73925.90 rows=1396068 width=4) (actual time=0.031..1212.240 rows=1471510 loops=1)
                          Filter: ((production_year > 1951) AND (kind_id = 7))
                          Rows Removed by Filter: 1056802
Planning time: 1.112 ms
Execution time: 5298.867 ms
