Seq Scan on movie_companies mc  (cost=0.00..57926.93 rows=51 width=0) (actual time=0.957..726.852 rows=475 loops=1)
  Filter: ((company_type_id < 2) AND (company_id = 11418))
  Rows Removed by Filter: 2608654
Planning time: 0.355 ms
Execution time: 727.046 ms
