Hash Join  (cost=211182.47..753401.83 rows=5849343 width=0) (actual time=4531.389..27778.653 rows=47903401 loops=1)
  Hash Cond: (mi.movie_id = t.id)
  ->  Seq Scan on movie_info mi  (cost=0.00..309384.22 rows=14739122 width=4) (actual time=0.025..4836.843 rows=14835720 loops=1)
  ->  Hash  (cost=194719.13..194719.13 rows=1003467 width=8) (actual time=4530.315..4530.315 rows=1274246 loops=1)
        Buckets: 131072 (originally 131072)  Batches: 32 (originally 16)  Memory Usage: 3073kB
        ->  Hash Join  (cost=102767.86..194719.13 rows=1003467 width=8) (actual time=1728.843..4153.136 rows=1274246 loops=1)
              Hash Cond: (mc.movie_id = t.id)
              ->  Seq Scan on movie_companies mc  (cost=0.00..57926.93 rows=1003467 width=4) (actual time=154.459..984.379 rows=1274246 loops=1)
                    Filter: ((company_id < 71443) AND (company_type_id < 2))
                    Rows Removed by Filter: 1334883
              ->  Hash  (cost=61283.27..61283.27 rows=2528527 width=4) (actual time=1573.077..1573.077 rows=2528312 loops=1)
                    Buckets: 131072  Batches: 64  Memory Usage: 2415kB
                    ->  Seq Scan on title t  (cost=0.00..61283.27 rows=2528527 width=4) (actual time=0.050..794.831 rows=2528312 loops=1)
Planning time: 1.237 ms
Execution time: 32868.938 ms
