Hash Join  (cost=73994.33..128716.33 rows=5648 width=0) (actual time=933.965..1962.006 rows=12219 loops=1)
  Hash Cond: (mc.movie_id = t.id)
  ->  Seq Scan on movie_companies mc  (cost=0.00..44881.29 rows=2609129 width=4) (actual time=0.022..478.604 rows=2609129 loops=1)
  ->  Hash  (cost=73925.90..73925.90 rows=5474 width=4) (actual time=931.027..931.027 rows=10548 loops=1)
        Buckets: 16384 (originally 8192)  Batches: 1 (originally 1)  Memory Usage: 499kB
        ->  Seq Scan on title t  (cost=0.00..73925.90 rows=5474 width=4) (actual time=0.103..926.132 rows=10548 loops=1)
              Filter: ((kind_id > 1) AND (production_year = 1967))
              Rows Removed by Filter: 2517764
Planning time: 0.705 ms
Execution time: 1964.193 ms
