Seq Scan on movie_companies mc  (cost=0.00..51404.11 rows=1538145 width=0) (actual time=0.027..825.089 rows=1524955 loops=1)
  Filter: (company_id < 14328)
  Rows Removed by Filter: 1084174
Planning time: 0.531 ms
Execution time: 1030.740 ms
