Hash Join  (cost=230570.70..767122.03 rows=5318140 width=0) (actual time=4364.130..23888.867 rows=38857184 loops=1)
  Hash Cond: (mi.movie_id = t.id)
  ->  Seq Scan on movie_info mi  (cost=0.00..309384.22 rows=14739122 width=4) (actual time=0.011..4569.431 rows=14835720 loops=1)
  ->  Hash  (cost=215602.48..215602.48 rows=912338 width=8) (actual time=4363.346..4363.346 rows=920332 loops=1)
        Buckets: 131072  Batches: 16  Memory Usage: 3366kB
        ->  Hash Join  (cost=102767.86..215602.48 rows=912338 width=8) (actual time=1616.861..4063.255 rows=920332 loops=1)
              Hash Cond: (mk.movie_id = t.id)
              ->  Seq Scan on movie_keyword mk  (cost=0.00..81003.12 rows=912338 width=4) (actual time=0.025..1265.084 rows=920332 loops=1)
                    Filter: (keyword_id < 870)
                    Rows Removed by Filter: 3603598
              ->  Hash  (cost=61283.27..61283.27 rows=2528527 width=4) (actual time=1614.854..1614.854 rows=2528312 loops=1)
                    Buckets: 131072  Batches: 64  Memory Usage: 2425kB
                    ->  Seq Scan on title t  (cost=0.00..61283.27 rows=2528527 width=4) (actual time=0.021..770.563 rows=2528312 loops=1)
Planning time: 1.059 ms
Execution time: 27894.397 ms
