Seq Scan on movie_keyword mk  (cost=0.00..81003.12 rows=4230587 width=0) (actual time=0.025..1428.206 rows=4233669 loops=1)
  Filter: (keyword_id < 55398)
  Rows Removed by Filter: 290261
Planning time: 0.309 ms
Execution time: 1971.232 ms
