Hash Join  (cost=75292.52..874453.15 rows=7647 width=0) (actual time=4375.210..12929.662 rows=10160 loops=1)
  Hash Cond: (ci.movie_id = t.id)
  ->  Seq Scan on cast_info ci  (cost=0.00..796071.18 rows=232262 width=4) (actual time=3309.263..11542.166 rows=267712 loops=1)
        Filter: ((person_id > 689874) AND (role_id = 7))
        Rows Removed by Filter: 35976632
  ->  Hash  (cost=73925.90..73925.90 rows=83249 width=4) (actual time=1064.752..1064.752 rows=101793 loops=1)
        Buckets: 131072  Batches: 2  Memory Usage: 2803kB
        ->  Seq Scan on title t  (cost=0.00..73925.90 rows=83249 width=4) (actual time=0.038..1026.044 rows=101793 loops=1)
              Filter: ((kind_id > 1) AND (production_year = 2007))
              Rows Removed by Filter: 2426519
Planning time: 0.745 ms
Execution time: 12931.246 ms
