Hash Join  (cost=709675.88..1074338.68 rows=688 width=0) (actual time=8796.760..14636.374 rows=1465 loops=1)
  Hash Cond: (mi.movie_id = t.id)
  ->  Seq Scan on movie_info mi  (cost=0.00..309384.22 rows=14739122 width=4) (actual time=0.020..3069.395 rows=14835720 loops=1)
  ->  Hash  (cost=709674.40..709674.40 rows=118 width=8) (actual time=8796.529..8796.529 rows=25 loops=1)
        Buckets: 1024  Batches: 1  Memory Usage: 9kB
        ->  Nested Loop  (cost=0.43..709674.40 rows=118 width=8) (actual time=4182.635..8796.498 rows=25 loops=1)
              ->  Seq Scan on cast_info ci  (cost=0.00..705507.15 rows=500 width=4) (actual time=4182.551..8791.949 rows=261 loops=1)
                    Filter: (person_id = 1538342)
                    Rows Removed by Filter: 36244083
              ->  Index Scan using title_pkey on title t  (cost=0.43..8.32 rows=1 width=4) (actual time=0.017..0.017 rows=0 loops=261)
                    Index Cond: (id = ci.movie_id)
                    Filter: ((kind_id < 7) AND (production_year > 1997))
                    Rows Removed by Filter: 1
Planning time: 1.012 ms
Execution time: 14636.858 ms
