Seq Scan on movie_companies mc  (cost=0.00..57926.93 rows=524542 width=0) (actual time=0.032..667.526 rows=735146 loops=1)
  Filter: ((company_id < 6480) AND (company_type_id = 1))
  Rows Removed by Filter: 1873983
Planning time: 0.338 ms
Execution time: 737.380 ms
