Hash Join  (cost=221573.90..590223.32 rows=437893 width=0) (actual time=7871.150..10091.732 rows=1056556 loops=1)
  Hash Cond: (mi.movie_id = t.id)
  ->  Seq Scan on movie_info mi  (cost=0.00..346232.03 rows=1264125 width=4) (actual time=3429.704..4529.924 rows=1288928 loops=1)
        Filter: (info_type_id = 2)
        Rows Removed by Filter: 13546792
  ->  Hash  (cost=207203.37..207203.37 rows=875882 width=8) (actual time=4426.484..4426.484 rows=1071460 loops=1)
        Buckets: 131072  Batches: 16  Memory Usage: 3756kB
        ->  Hash Join  (cost=93117.31..207203.37 rows=875882 width=8) (actual time=1651.713..4102.957 rows=1071460 loops=1)
              Hash Cond: (mk.movie_id = t.id)
              ->  Seq Scan on movie_keyword mk  (cost=0.00..81003.12 rows=1424223 width=4) (actual time=0.045..1226.825 rows=1437780 loops=1)
                    Filter: (keyword_id > 11633)
                    Rows Removed by Filter: 3086150
              ->  Hash  (cost=67604.59..67604.59 rows=1555018 width=4) (actual time=1649.308..1649.308 rows=1551727 loops=1)
                    Buckets: 131072  Batches: 32  Memory Usage: 2736kB
                    ->  Seq Scan on title t  (cost=0.00..67604.59 rows=1555018 width=4) (actual time=0.025..1127.810 rows=1551727 loops=1)
                          Filter: (production_year < 2007)
                          Rows Removed by Filter: 976585
Planning time: 1.090 ms
Execution time: 10222.628 ms
