Seq Scan on cast_info ci  (cost=0.00..796071.18 rows=244754 width=0) (actual time=4694.388..11575.735 rows=273325 loops=1)
  Filter: ((person_id > 1059728) AND (role_id > 10))
  Rows Removed by Filter: 35971019
Planning time: 0.325 ms
Execution time: 11610.288 ms
