Seq Scan on cast_info ci  (cost=0.00..796071.18 rows=10669704 width=0) (actual time=0.020..13281.952 rows=12670688 loops=1)
  Filter: ((person_id < 3055919) AND (role_id = 1))
  Rows Removed by Filter: 23573656
Planning time: 0.387 ms
Execution time: 14833.798 ms
