Seq Scan on movie_companies mc  (cost=0.00..51404.11 rows=104 width=0) (actual time=4.675..697.492 rows=556 loops=1)
  Filter: (company_id = 76907)
  Rows Removed by Filter: 2608573
Planning time: 0.343 ms
Execution time: 697.638 ms
