Seq Scan on cast_info ci  (cost=0.00..705507.15 rows=9688967 width=0) (actual time=0.043..9764.461 rows=9509988 loops=1)
  Filter: (person_id < 934979)
  Rows Removed by Filter: 26734356
Planning time: 0.295 ms
Execution time: 10953.179 ms
