Hash Join  (cost=75199.97..191249.89 rows=89836 width=0) (actual time=1693.250..3299.072 rows=26689 loops=1)
  Hash Cond: (mk.movie_id = t.id)
  ->  Seq Scan on movie_keyword mk  (cost=0.00..81003.12 rows=2927051 width=4) (actual time=0.023..1431.464 rows=2914227 loops=1)
        Filter: (keyword_id < 9437)
        Rows Removed by Filter: 1609703
  ->  Hash  (cost=73925.90..73925.90 rows=77605 width=4) (actual time=974.371..974.371 rows=84684 loops=1)
        Buckets: 131072  Batches: 2  Memory Usage: 2518kB
        ->  Seq Scan on title t  (cost=0.00..73925.90 rows=77605 width=4) (actual time=0.044..941.993 rows=84684 loops=1)
              Filter: ((kind_id = 7) AND (production_year = 2009))
              Rows Removed by Filter: 2443628
Planning time: 0.718 ms
Execution time: 3302.464 ms
