Seq Scan on movie_keyword mk  (cost=0.00..81003.12 rows=2428062 width=0) (actual time=0.019..1342.495 rows=2428942 loops=1)
  Filter: (keyword_id < 5759)
  Rows Removed by Filter: 2094988
Planning time: 1.007 ms
Execution time: 1657.980 ms
