Seq Scan on movie_companies mc  (cost=0.00..51404.11 rows=1713035 width=0) (actual time=0.135..843.790 rows=1716665 loops=1)
  Filter: (company_id > 2801)
  Rows Removed by Filter: 892464
Planning time: 0.343 ms
Execution time: 1062.464 ms
