Hash Join  (cost=83075.20..109986.95 rows=127 width=0) (actual time=988.192..1414.493 rows=1307 loops=1)
  Hash Cond: (mi_idx.movie_id = t.id)
  ->  Seq Scan on movie_info_idx mi_idx  (cost=0.00..21735.35 rows=1380035 width=4) (actual time=0.020..208.938 rows=1380035 loops=1)
  ->  Hash  (cost=83072.29..83072.29 rows=233 width=8) (actual time=987.943..987.943 rows=447 loops=1)
        Buckets: 1024  Batches: 1  Memory Usage: 26kB
        ->  Nested Loop  (cost=0.43..83072.29 rows=233 width=8) (actual time=1.620..987.620 rows=447 loops=1)
              ->  Seq Scan on movie_keyword mk  (cost=0.00..81003.12 rows=246 width=4) (actual time=1.584..970.988 rows=451 loops=1)
                    Filter: (keyword_id = 7666)
                    Rows Removed by Filter: 4523479
              ->  Index Scan using title_pkey on title t  (cost=0.43..8.40 rows=1 width=4) (actual time=0.035..0.035 rows=1 loops=451)
                    Index Cond: (id = mk.movie_id)
                    Filter: (production_year < 2013)
                    Rows Removed by Filter: 0
Planning time: 1.054 ms
Execution time: 1414.808 ms
