Nested Loop  (cost=0.43..709671.90 rows=500 width=0) (actual time=8006.708..8484.541 rows=155 loops=1)
  ->  Seq Scan on cast_info ci  (cost=0.00..705507.15 rows=500 width=4) (actual time=8006.565..8482.296 rows=155 loops=1)
        Filter: (person_id = 1865285)
        Rows Removed by Filter: 36244189
  ->  Index Only Scan using title_pkey on title t  (cost=0.43..8.32 rows=1 width=4) (actual time=0.013..0.014 rows=1 loops=155)
        Index Cond: (id = ci.movie_id)
        Heap Fetches: 155
Planning time: 0.739 ms
Execution time: 8484.640 ms
