Seq Scan on movie_companies mc  (cost=0.00..57926.93 rows=1206178 width=0) (actual time=0.024..971.593 rows=1279999 loops=1)
  Filter: ((company_id > 94) AND (company_type_id > 1))
  Rows Removed by Filter: 1329130
Planning time: 0.207 ms
Execution time: 1133.362 ms
