Seq Scan on movie_companies mc  (cost=0.00..51404.11 rows=104 width=0) (actual time=5.581..423.055 rows=1710 loops=1)
  Filter: (company_id = 1705)
  Rows Removed by Filter: 2607419
Planning time: 0.336 ms
Execution time: 423.379 ms
