Hash Join  (cost=356743.47..2119519.21 rows=57738353 width=0) (actual time=7609.958..79717.101 rows=191948916 loops=1)
  Hash Cond: (ci.movie_id = t.id)
  ->  Seq Scan on cast_info ci  (cost=0.00..614943.12 rows=36225612 width=4) (actual time=0.018..11098.888 rows=36244344 loops=1)
  ->  Hash  (cost=290624.17..290624.17 rows=4030104 width=8) (actual time=7608.930..7608.930 rows=4035817 loops=1)
        Buckets: 131072  Batches: 64  Memory Usage: 3507kB
        ->  Hash Join  (cost=102767.86..290624.17 rows=4030104 width=8) (actual time=1621.177..6497.534 rows=4035817 loops=1)
              Hash Cond: (mk.movie_id = t.id)
              ->  Seq Scan on movie_keyword mk  (cost=0.00..81003.12 rows=4030104 width=4) (actual time=0.019..1579.159 rows=4035817 loops=1)
                    Filter: (keyword_id < 36825)
                    Rows Removed by Filter: 488113
              ->  Hash  (cost=61283.27..61283.27 rows=2528527 width=4) (actual time=1619.253..1619.253 rows=2528312 loops=1)
                    Buckets: 131072  Batches: 64  Memory Usage: 2425kB
                    ->  Seq Scan on title t  (cost=0.00..61283.27 rows=2528527 width=4) (actual time=0.011..768.488 rows=2528312 loops=1)
Planning time: 0.718 ms
Execution time: 99280.185 ms
