Hash Join  (cost=83074.74..447745.01 rows=1434 width=0) (actual time=1124.950..7089.734 rows=3617 loops=1)
  Hash Cond: (mi.movie_id = t.id)
  ->  Seq Scan on movie_info mi  (cost=0.00..309384.22 rows=14739122 width=4) (actual time=0.016..3209.845 rows=14835720 loops=1)
  ->  Hash  (cost=83071.67..83071.67 rows=246 width=8) (actual time=1120.557..1120.557 rows=57 loops=1)
        Buckets: 1024  Batches: 1  Memory Usage: 11kB
        ->  Nested Loop  (cost=0.43..83071.67 rows=246 width=8) (actual time=7.978..1120.478 rows=57 loops=1)
              ->  Seq Scan on movie_keyword mk  (cost=0.00..81003.12 rows=246 width=4) (actual time=7.883..1117.919 rows=57 loops=1)
                    Filter: (keyword_id = 593)
                    Rows Removed by Filter: 4523873
              ->  Index Only Scan using title_pkey on title t  (cost=0.43..8.40 rows=1 width=4) (actual time=0.039..0.040 rows=1 loops=57)
                    Index Cond: (id = mk.movie_id)
                    Heap Fetches: 57
Planning time: 1.165 ms
Execution time: 7090.643 ms
