Hash Join  (cost=52284.99..780159.26 rows=245 width=0) (actual time=4061.485..10585.920 rows=661 loops=1)
  Hash Cond: (ci.movie_id = t.id)
  ->  Seq Scan on cast_info ci  (cost=0.00..705507.15 rows=5963910 width=4) (actual time=3395.794..9001.620 rows=6026738 loops=1)
        Filter: (person_id > 3045333)
        Rows Removed by Filter: 30217606
  ->  Hash  (cost=52283.69..52283.69 rows=104 width=8) (actual time=630.204..630.204 rows=190 loops=1)
        Buckets: 1024  Batches: 1  Memory Usage: 16kB
        ->  Nested Loop  (cost=0.43..52283.69 rows=104 width=8) (actual time=0.382..630.085 rows=190 loops=1)
              ->  Seq Scan on movie_companies mc  (cost=0.00..51404.11 rows=104 width=4) (actual time=0.287..626.989 rows=190 loops=1)
                    Filter: (company_id = 88504)
                    Rows Removed by Filter: 2608939
              ->  Index Only Scan using title_pkey on title t  (cost=0.43..8.45 rows=1 width=4) (actual time=0.015..0.015 rows=1 loops=190)
                    Index Cond: (id = mc.movie_id)
                    Heap Fetches: 190
Planning time: 1.104 ms
Execution time: 10586.187 ms
