Seq Scan on movie_companies mc  (cost=0.00..51404.11 rows=12772 width=0) (actual time=187.647..664.175 rows=11757 loops=1)
  Filter: (company_id > 223860)
  Rows Removed by Filter: 2597372
Planning time: 0.281 ms
Execution time: 665.814 ms
