Hash Join  (cost=299355.01..1274211.50 rows=7337387 width=0) (actual time=5152.223..23325.137 rows=3355950 loops=1)
  Hash Cond: (ci.movie_id = t.id)
  ->  Seq Scan on cast_info ci  (cost=0.00..796071.18 rows=6729991 width=4) (actual time=0.019..13850.600 rows=7451973 loops=1)
        Filter: ((person_id < 3521822) AND (role_id = 2))
        Rows Removed by Filter: 28792371
  ->  Hash  (cost=254126.86..254126.86 rows=2756732 width=8) (actual time=5151.187..5151.187 rows=645461 loops=1)
        Buckets: 131072  Batches: 64  Memory Usage: 1402kB
        ->  Hash Join  (cost=92883.59..254126.86 rows=2756732 width=8) (actual time=2987.937..4980.301 rows=645461 loops=1)
              Hash Cond: (mk.movie_id = t.id)
              ->  Seq Scan on movie_keyword mk  (cost=0.00..69693.30 rows=4523930 width=4) (actual time=0.023..1198.539 rows=4523930 loops=1)
              ->  Hash  (cost=67604.59..67604.59 rows=1540800 width=4) (actual time=1505.979..1505.979 rows=1543264 loops=1)
                    Buckets: 131072  Batches: 32  Memory Usage: 2728kB
                    ->  Seq Scan on title t  (cost=0.00..67604.59 rows=1540800 width=4) (actual time=256.528..1015.003 rows=1543264 loops=1)
                          Filter: (kind_id = 7)
                          Rows Removed by Filter: 985048
Planning time: 2.499 ms
Execution time: 23745.451 ms
