Seq Scan on cast_info ci  (cost=0.00..796071.18 rows=4015155 width=0) (actual time=1351.783..10906.594 rows=8171438 loops=1)
  Filter: ((person_id < 1113690) AND (role_id = 1))
  Rows Removed by Filter: 28072906
Planning time: 0.374 ms
Execution time: 11956.498 ms
