Hash Join  (cost=100250.96..187193.55 rows=28455 width=0) (actual time=1434.226..3066.164 rows=13976 loops=1)
  Hash Cond: (mk.movie_id = t.id)
  ->  Seq Scan on movie_keyword mk  (cost=0.00..69693.30 rows=4523930 width=4) (actual time=0.017..775.020 rows=4523930 loops=1)
  ->  Hash  (cost=100052.16..100052.16 rows=15904 width=8) (actual time=1434.114..1434.114 rows=5374 loops=1)
        Buckets: 16384  Batches: 1  Memory Usage: 338kB
        ->  Hash Join  (cost=69036.01..100052.16 rows=15904 width=8) (actual time=927.953..1431.930 rows=5374 loops=1)
              Hash Cond: (mi_idx.movie_id = t.id)
              ->  Seq Scan on movie_info_idx mi_idx  (cost=0.00..25185.44 rows=460978 width=4) (actual time=0.010..425.689 rows=459925 loops=1)
                    Filter: (info_type_id < 100)
                    Rows Removed by Filter: 920110
              ->  Hash  (cost=67604.59..67604.59 rows=87234 width=4) (actual time=830.481..830.481 rows=85260 loops=1)
                    Buckets: 131072  Batches: 2  Memory Usage: 2520kB
                    ->  Seq Scan on title t  (cost=0.00..67604.59 rows=87234 width=4) (actual time=0.011..800.577 rows=85260 loops=1)
                          Filter: (production_year < 1920)
                          Rows Removed by Filter: 2443052
Planning time: 0.738 ms
Execution time: 3068.298 ms
