Hash Join  (cost=251631.80..429284.82 rows=4103607 width=0) (actual time=6135.400..15255.616 rows=30149318 loops=1)
  Hash Cond: (mk.movie_id = t.id)
  ->  Seq Scan on movie_keyword mk  (cost=0.00..69693.30 rows=4523930 width=4) (actual time=0.020..1160.645 rows=4523930 loops=1)
  ->  Hash  (cost=214001.81..214001.81 rows=2293599 width=8) (actual time=6130.335..6130.335 rows=2108017 loops=1)
        Buckets: 131072  Batches: 32  Memory Usage: 3633kB
        ->  Hash Join  (cost=104071.89..214001.81 rows=2293599 width=8) (actual time=1849.236..5368.223 rows=2108017 loops=1)
              Hash Cond: (mc.movie_id = t.id)
              ->  Seq Scan on movie_companies mc  (cost=0.00..44881.29 rows=2609129 width=4) (actual time=0.024..631.132 rows=2609129 loops=1)
              ->  Hash  (cost=67604.59..67604.59 rows=2222744 width=4) (actual time=1848.115..1848.115 rows=2214818 loops=1)
                    Buckets: 131072  Batches: 32  Memory Usage: 3459kB
                    ->  Seq Scan on title t  (cost=0.00..67604.59 rows=2222744 width=4) (actual time=0.019..1136.600 rows=2214818 loops=1)
                          Filter: (production_year > 1959)
                          Rows Removed by Filter: 313494
Planning time: 1.057 ms
Execution time: 17919.844 ms
