Hash Join  (cost=85435.26..619767.75 rows=3586779 width=0) (actual time=1215.562..14371.913 rows=7360853 loops=1)
  Hash Cond: (mi.movie_id = t.id)
  ->  Seq Scan on movie_info mi  (cost=0.00..346232.03 rows=12928982 width=4) (actual time=0.021..5814.100 rows=12970088 loops=1)
        Filter: (info_type_id < 18)
        Rows Removed by Filter: 1865632
  ->  Hash  (cost=73925.90..73925.90 rows=701468 width=4) (actual time=1214.538..1214.538 rows=749931 loops=1)
        Buckets: 131072  Batches: 16  Memory Usage: 2682kB
        ->  Seq Scan on title t  (cost=0.00..73925.90 rows=701468 width=4) (actual time=0.032..972.294 rows=749931 loops=1)
              Filter: ((kind_id < 7) AND (production_year < 2009))
              Rows Removed by Filter: 1778381
Planning time: 0.710 ms
Execution time: 15028.889 ms
