Seq Scan on movie_keyword mk  (cost=0.00..81003.12 rows=246 width=0) (actual time=3.956..1065.636 rows=144 loops=1)
  Filter: (keyword_id = 18354)
  Rows Removed by Filter: 4523786
Planning time: 0.362 ms
Execution time: 1065.832 ms
