Hash Join  (cost=469219.65..1369234.22 rows=107741 width=0) (actual time=11128.166..24581.580 rows=174238 loops=1)
  Hash Cond: (ci.movie_id = t.id)
  ->  Seq Scan on cast_info ci  (cost=0.00..796071.18 rows=11756113 width=4) (actual time=3229.183..14170.325 rows=10711503 loops=1)
        Filter: ((person_id > 261178) AND (role_id < 2))
        Rows Removed by Filter: 25532841
  ->  Hash  (cost=468929.99..468929.99 rows=23173 width=8) (actual time=7896.557..7896.557 rows=28745 loops=1)
        Buckets: 32768  Batches: 1  Memory Usage: 1379kB
        ->  Hash Join  (cost=73982.55..468929.99 rows=23173 width=8) (actual time=1015.960..7885.011 rows=28745 loops=1)
              Hash Cond: (mi.movie_id = t.id)
              ->  Seq Scan on movie_info mi  (cost=0.00..346232.03 rows=12928982 width=4) (actual time=0.038..4934.102 rows=12970088 loops=1)
                    Filter: (info_type_id < 18)
                    Rows Removed by Filter: 1865632
              ->  Hash  (cost=73925.90..73925.90 rows=4532 width=4) (actual time=870.547..870.547 rows=8488 loops=1)
                    Buckets: 16384 (originally 8192)  Batches: 1 (originally 1)  Memory Usage: 427kB
                    ->  Seq Scan on title t  (cost=0.00..73925.90 rows=4532 width=4) (actual time=0.043..866.654 rows=8488 loops=1)
                          Filter: ((kind_id = 7) AND (production_year = 1969))
                          Rows Removed by Filter: 2519824
Planning time: 1.180 ms
Execution time: 24605.616 ms
