Hash Join  (cost=179314.05..691250.08 rows=436491 width=0) (actual time=2911.891..13868.354 rows=1813706 loops=1)
  Hash Cond: (mi.movie_id = t.id)
  ->  Seq Scan on movie_info mi  (cost=0.00..346232.03 rows=13926693 width=4) (actual time=0.027..5682.724 rows=13963496 loops=1)
        Filter: (info_type_id < 98)
        Rows Removed by Filter: 872224
  ->  Hash  (cost=178013.44..178013.44 rows=79249 width=8) (actual time=2911.107..2911.107 rows=57026 loops=1)
        Buckets: 131072  Batches: 2  Memory Usage: 2150kB
        ->  Hash Join  (cost=89299.55..178013.44 rows=79249 width=8) (actual time=1497.538..2889.752 rows=57026 loops=1)
              Hash Cond: (mk.movie_id = t.id)
              ->  Seq Scan on movie_keyword mk  (cost=0.00..81003.12 rows=151540 width=4) (actual time=0.025..1077.001 rows=163809 loops=1)
                    Filter: (keyword_id < 121)
                    Rows Removed by Filter: 4360121
              ->  Hash  (cost=67604.59..67604.59 rows=1322317 width=4) (actual time=1495.868..1495.868 rows=1322863 loops=1)
                    Buckets: 131072  Batches: 32  Memory Usage: 2489kB
                    ->  Seq Scan on title t  (cost=0.00..67604.59 rows=1322317 width=4) (actual time=0.021..1066.199 rows=1322863 loops=1)
                          Filter: (production_year > 2001)
                          Rows Removed by Filter: 1205449
Planning time: 1.094 ms
Execution time: 14104.616 ms
