Seq Scan on cast_info ci  (cost=0.00..796071.18 rows=2767459 width=0) (actual time=0.040..12184.351 rows=6260453 loops=1)
  Filter: ((person_id > 3025808) AND (role_id > 2))
  Rows Removed by Filter: 29983891
Planning time: 0.297 ms
Execution time: 12973.634 ms
