Hash Join  (cost=196527.44..277641.52 rows=439855 width=0) (actual time=4317.121..7706.338 rows=3416659 loops=1)
  Hash Cond: (mc.movie_id = t.id)
  ->  Seq Scan on movie_companies mc  (cost=0.00..44881.29 rows=2609129 width=4) (actual time=0.013..677.419 rows=2609129 loops=1)
  ->  Hash  (cost=189533.10..189533.10 rows=426267 width=8) (actual time=4316.237..4316.237 rows=553348 loops=1)
        Buckets: 131072  Batches: 8  Memory Usage: 3773kB
        ->  Hash Join  (cost=89762.59..189533.10 rows=426267 width=8) (actual time=2142.327..4137.663 rows=553348 loops=1)
              Hash Cond: (mk.movie_id = t.id)
              ->  Seq Scan on movie_keyword mk  (cost=0.00..81003.12 rows=798059 width=4) (actual time=0.021..1174.386 rows=797854 loops=1)
                    Filter: (keyword_id < 769)
                    Rows Removed by Filter: 3726076
              ->  Hash  (cost=67604.59..67604.59 rows=1350560 width=4) (actual time=2141.447..2141.447 rows=1348293 loops=1)
                    Buckets: 131072  Batches: 32  Memory Usage: 2513kB
                    ->  Seq Scan on title t  (cost=0.00..67604.59 rows=1350560 width=4) (actual time=0.014..1010.227 rows=1348293 loops=1)
                          Filter: (production_year < 2005)
                          Rows Removed by Filter: 1180019
Planning time: 1.131 ms
Execution time: 8092.540 ms
