Hash Join  (cost=140117.85..267794.03 rows=465714 width=0) (actual time=2883.154..5992.519 rows=840982 loops=1)
  Hash Cond: (mk.movie_id = t.id)
  ->  Seq Scan on movie_keyword mk  (cost=0.00..69693.30 rows=4523930 width=4) (actual time=0.034..1163.134 rows=4523930 loops=1)
  ->  Hash  (cost=135847.12..135847.12 rows=260298 width=8) (actual time=2882.331..2882.331 rows=212290 loops=1)
        Buckets: 131072  Batches: 4  Memory Usage: 3106kB
        ->  Hash Join  (cost=97151.21..135847.12 rows=260298 width=8) (actual time=1593.452..2811.948 rows=212290 loops=1)
              Hash Cond: (mi_idx.movie_id = t.id)
              ->  Seq Scan on movie_info_idx mi_idx  (cost=0.00..25185.44 rows=464934 width=4) (actual time=0.019..432.726 rows=460185 loops=1)
                    Filter: (info_type_id > 100)
                    Rows Removed by Filter: 919850
              ->  Hash  (cost=73925.90..73925.90 rows=1415624 width=4) (actual time=1592.367..1592.367 rows=1398720 loops=1)
                    Buckets: 131072  Batches: 32  Memory Usage: 2560kB
                    ->  Seq Scan on title t  (cost=0.00..73925.90 rows=1415624 width=4) (actual time=0.017..1143.995 rows=1398720 loops=1)
                          Filter: ((kind_id > 1) AND (production_year < 2010))
                          Rows Removed by Filter: 1129592
Planning time: 4.556 ms
Execution time: 6103.790 ms
