Hash Join  (cost=73950.44..873579.56 rows=735 width=0) (actual time=2288.226..10381.559 rows=1791 loops=1)
  Hash Cond: (ci.movie_id = t.id)
  ->  Seq Scan on cast_info ci  (cost=0.00..796071.18 rows=946824 width=4) (actual time=1468.594..9329.834 rows=1466143 loops=1)
        Filter: ((person_id > 3774057) AND (role_id > 1))
        Rows Removed by Filter: 34778201
  ->  Hash  (cost=73925.90..73925.90 rows=1963 width=4) (actual time=818.436..818.436 rows=4382 loops=1)
        Buckets: 8192 (originally 2048)  Batches: 1 (originally 1)  Memory Usage: 219kB
        ->  Seq Scan on title t  (cost=0.00..73925.90 rows=1963 width=4) (actual time=163.484..816.319 rows=4382 loops=1)
              Filter: ((kind_id = 1) AND (production_year = 1979))
              Rows Removed by Filter: 2523930
Planning time: 11.877 ms
Execution time: 10382.207 ms
