Seq Scan on movie_companies mc  (cost=0.00..57926.93 rows=190001 width=0) (actual time=219.825..813.264 rows=376756 loops=1)
  Filter: ((company_id > 84781) AND (company_type_id > 1))
  Rows Removed by Filter: 2232373
Planning time: 0.336 ms
Execution time: 862.551 ms
