Seq Scan on movie_keyword mk  (cost=0.00..81003.12 rows=760574 width=0) (actual time=0.018..1346.052 rows=767914 loops=1)
  Filter: (keyword_id > 24382)
  Rows Removed by Filter: 3756016
Planning time: 0.343 ms
Execution time: 1442.389 ms
