Hash Join  (cost=709675.12..764341.25 rows=60 width=0) (actual time=8406.861..9221.669 rows=3 loops=1)
  Hash Cond: (mc.movie_id = t.id)
  ->  Seq Scan on movie_companies mc  (cost=0.00..44881.29 rows=2609129 width=4) (actual time=0.018..424.815 rows=2609129 loops=1)
  ->  Hash  (cost=709674.40..709674.40 rows=58 width=8) (actual time=8387.997..8387.997 rows=3 loops=1)
        Buckets: 1024  Batches: 1  Memory Usage: 9kB
        ->  Nested Loop  (cost=0.43..709674.40 rows=58 width=8) (actual time=4034.117..8387.959 rows=3 loops=1)
              ->  Seq Scan on cast_info ci  (cost=0.00..705507.15 rows=500 width=4) (actual time=4033.881..8387.232 rows=33 loops=1)
                    Filter: (person_id = 1170593)
                    Rows Removed by Filter: 36244311
              ->  Index Scan using title_pkey on title t  (cost=0.43..8.32 rows=1 width=4) (actual time=0.019..0.019 rows=0 loops=33)
                    Index Cond: (id = ci.movie_id)
                    Filter: ((kind_id < 7) AND (production_year < 1993))
                    Rows Removed by Filter: 1
Planning time: 1.127 ms
Execution time: 9224.049 ms
