Seq Scan on cast_info ci  (cost=0.00..796071.18 rows=4865804 width=0) (actual time=1265.626..10689.218 rows=2070235 loops=1)
  Filter: ((person_id < 2274410) AND (role_id > 6))
  Rows Removed by Filter: 34174109
Planning time: 0.356 ms
Execution time: 10960.330 ms
