Hash Join  (cost=92883.59..190158.65 rows=1284463 width=0) (actual time=1839.118..3803.929 rows=607213 loops=1)
  Hash Cond: (mc.movie_id = t.id)
  ->  Seq Scan on movie_companies mc  (cost=0.00..51404.11 rows=2107865 width=4) (actual time=0.021..863.718 rows=2105035 loops=1)
        Filter: (company_id < 74052)
        Rows Removed by Filter: 504094
  ->  Hash  (cost=67604.59..67604.59 rows=1540800 width=4) (actual time=1537.415..1537.415 rows=1543264 loops=1)
        Buckets: 131072  Batches: 32  Memory Usage: 2722kB
        ->  Seq Scan on title t  (cost=0.00..67604.59 rows=1540800 width=4) (actual time=0.008..1060.212 rows=1543264 loops=1)
              Filter: (kind_id = 7)
              Rows Removed by Filter: 985048
Planning time: 3.381 ms
Execution time: 3878.648 ms
