Seq Scan on cast_info ci  (cost=0.00..705507.15 rows=22260357 width=0) (actual time=0.011..10292.566 rows=22300366 loops=1)
  Filter: (person_id > 1374472)
  Rows Removed by Filter: 13943978
Planning time: 0.303 ms
Execution time: 13052.121 ms
