Seq Scan on movie_keyword mk  (cost=0.00..81003.12 rows=1491638 width=0) (actual time=0.029..715.385 rows=1508755 loops=1)
  Filter: (keyword_id > 10734)
  Rows Removed by Filter: 3015175
Planning time: 0.279 ms
Execution time: 837.451 ms
