Hash Join  (cost=425550.71..1223925.33 rows=3143 width=0) (actual time=7604.396..14318.227 rows=3018 loops=1)
  Hash Cond: (ci.movie_id = t.id)
  ->  Seq Scan on cast_info ci  (cost=0.00..796071.18 rows=605869 width=4) (actual time=2556.770..9213.290 rows=192157 loops=1)
        Filter: ((person_id < 481449) AND (role_id = 10))
        Rows Removed by Filter: 36052187
  ->  Hash  (cost=425386.74..425386.74 rows=13118 width=8) (actual time=5047.127..5047.127 rows=28784 loops=1)
        Buckets: 32768 (originally 16384)  Batches: 1 (originally 1)  Memory Usage: 1381kB
        ->  Hash Join  (cost=74251.74..425386.74 rows=13118 width=8) (actual time=3639.043..5035.293 rows=28784 loops=1)
              Hash Cond: (mi.movie_id = t.id)
              ->  Seq Scan on movie_info mi  (cost=0.00..346232.03 rows=1272478 width=4) (actual time=2747.064..3858.687 rows=1325361 loops=1)
                    Filter: (info_type_id = 8)
                    Rows Removed by Filter: 13510359
              ->  Hash  (cost=73925.90..73925.90 rows=26067 width=4) (actual time=891.720..891.720 rows=27085 loops=1)
                    Buckets: 32768  Batches: 1  Memory Usage: 1209kB
                    ->  Seq Scan on title t  (cost=0.00..73925.90 rows=26067 width=4) (actual time=0.259..881.023 rows=27085 loops=1)
                          Filter: ((kind_id < 7) AND (production_year > 2012))
                          Rows Removed by Filter: 2501227
Planning time: 7.674 ms
Execution time: 14319.302 ms
