Hash Join  (cost=83073.10..449044.38 rows=135 width=0) (actual time=1228.323..6567.283 rows=1470 loops=1)
  Hash Cond: (mi.movie_id = t.id)
  ->  Seq Scan on movie_info mi  (cost=0.00..346232.03 rows=5263441 width=4) (actual time=146.170..4768.015 rows=5270569 loops=1)
        Filter: (info_type_id > 15)
        Rows Removed by Filter: 9565151
  ->  Hash  (cost=83072.29..83072.29 rows=65 width=8) (actual time=1065.753..1065.753 rows=44 loops=1)
        Buckets: 1024  Batches: 1  Memory Usage: 10kB
        ->  Nested Loop  (cost=0.43..83072.29 rows=65 width=8) (actual time=74.918..1065.683 rows=44 loops=1)
              ->  Seq Scan on movie_keyword mk  (cost=0.00..81003.12 rows=246 width=4) (actual time=25.874..1060.780 rows=100 loops=1)
                    Filter: (keyword_id = 5812)
                    Rows Removed by Filter: 4523830
              ->  Index Scan using title_pkey on title t  (cost=0.43..8.40 rows=1 width=4) (actual time=0.045..0.046 rows=0 loops=100)
                    Index Cond: (id = mk.movie_id)
                    Filter: (production_year < 1989)
                    Rows Removed by Filter: 1
Planning time: 1.104 ms
Execution time: 6567.695 ms
