Hash Join  (cost=167891.79..282726.33 rows=240831 width=156) (actual time=4420.103..9110.221 rows=1791289 loops=1)
  Hash Cond: (mk.movie_id = t.id)
  ->  Seq Scan on movie_keyword mk  (cost=0.00..81003.12 rows=1816028 width=12) (actual time=0.017..1706.102 rows=1818152 loops=1)
        Filter: (keyword_id < 2983)
        Rows Removed by Filter: 2705778
  ->  Hash  (cost=156823.30..156823.30 rows=335319 width=144) (actual time=4419.307..4419.307 rows=518066 loops=1)
        Buckets: 32768 (originally 32768)  Batches: 32 (originally 16)  Memory Usage: 3841kB
        ->  Hash Join  (cost=90605.63..156823.30 rows=335319 width=144) (actual time=1801.127..4088.491 rows=518066 loops=1)
              Hash Cond: (mi_idx.movie_id = t.id)
              ->  Seq Scan on movie_info_idx mi_idx  (cost=0.00..21735.35 rows=1380035 width=50) (actual time=0.013..424.470 rows=1380035 loops=1)
              ->  Hash  (cost=73925.90..73925.90 rows=614378 width=94) (actual time=1799.119..1799.119 rows=520376 loops=1)
                    Buckets: 32768  Batches: 32  Memory Usage: 2053kB
                    ->  Seq Scan on title t  (cost=0.00..73925.90 rows=614378 width=94) (actual time=0.012..1560.066 rows=520376 loops=1)
                          Filter: ((kind_id < 7) AND (production_year > 1996))
                          Rows Removed by Filter: 2007936
Planning time: 2.034 ms
Execution time: 9216.452 ms
