Seq Scan on cast_info ci  (cost=0.00..796071.18 rows=4136658 width=0) (actual time=662.632..10060.340 rows=4895443 loops=1)
  Filter: ((person_id < 591661) AND (role_id < 4))
  Rows Removed by Filter: 31348901
Planning time: 0.355 ms
Execution time: 10665.298 ms
