Hash Join  (cost=767694.65..2268650.31 rows=45864784 width=0) (actual time=19983.084..51159.801 rows=47599316 loops=1)
  Hash Cond: (ci.movie_id = t.id)
  ->  Seq Scan on cast_info ci  (cost=0.00..705507.15 rows=16201301 width=4) (actual time=3426.824..12865.490 rows=16121683 loops=1)
        Filter: (role_id > 2)
        Rows Removed by Filter: 20122661
  ->  Hash  (cost=650256.54..650256.54 rows=7158089 width=8) (actual time=16554.831..16554.831 rows=4813360 loops=1)
        Buckets: 131072  Batches: 128  Memory Usage: 2468kB
        ->  Hash Join  (cost=94072.72..650256.54 rows=7158089 width=8) (actual time=1582.921..15118.271 rows=4813360 loops=1)
              Hash Cond: (mi.movie_id = t.id)
              ->  Seq Scan on movie_info mi  (cost=0.00..309384.22 rows=14739122 width=4) (actual time=0.022..4650.360 rows=14835720 loops=1)
              ->  Hash  (cost=73925.90..73925.90 rows=1227985 width=4) (actual time=1581.691..1581.691 rows=1197374 loops=1)
                    Buckets: 131072  Batches: 32  Memory Usage: 2347kB
                    ->  Seq Scan on title t  (cost=0.00..73925.90 rows=1227985 width=4) (actual time=0.020..1175.871 rows=1197374 loops=1)
                          Filter: ((kind_id > 1) AND (production_year < 2008))
                          Rows Removed by Filter: 1330938
Planning time: 1.362 ms
Execution time: 56530.091 ms
