Hash Join  (cost=321538.38..1016511.12 rows=15829003 width=0) (actual time=6453.043..63480.714 rows=156014772 loops=1)
  Hash Cond: (mi.movie_id = t.id)
  ->  Seq Scan on movie_info mi  (cost=0.00..346232.03 rows=12665229 width=4) (actual time=0.023..5794.503 rows=12744652 loops=1)
        Filter: (info_type_id > 2)
        Rows Removed by Filter: 2091068
  ->  Hash  (cost=269691.47..269691.47 rows=3160153 width=8) (actual time=6451.097..6451.097 rows=3142865 loops=1)
        Buckets: 131072  Batches: 64  Memory Usage: 3041kB
        ->  Hash Join  (cost=102767.86..269691.47 rows=3160153 width=8) (actual time=1493.716..5058.825 rows=3142865 loops=1)
              Hash Cond: (mk.movie_id = t.id)
              ->  Seq Scan on movie_keyword mk  (cost=0.00..81003.12 rows=3160153 width=4) (actual time=0.012..1140.932 rows=3142865 loops=1)
                    Filter: (keyword_id < 12093)
                    Rows Removed by Filter: 1381065
              ->  Hash  (cost=61283.27..61283.27 rows=2528527 width=4) (actual time=1492.570..1492.570 rows=2528312 loops=1)
                    Buckets: 131072  Batches: 64  Memory Usage: 2425kB
                    ->  Seq Scan on title t  (cost=0.00..61283.27 rows=2528527 width=4) (actual time=0.012..684.776 rows=2528312 loops=1)
Planning time: 0.990 ms
Execution time: 81180.649 ms
