Seq Scan on movie_keyword mk  (cost=0.00..81003.12 rows=979809 width=0) (actual time=0.019..1210.253 rows=984150 loops=1)
  Filter: (keyword_id > 18807)
  Rows Removed by Filter: 3539780
Planning time: 0.327 ms
Execution time: 1337.228 ms
