Hash Join  (cost=567119.23..1924368.71 rows=9446030 width=0) (actual time=12812.456..49116.233 rows=22218366 loops=1)
  Hash Cond: (ci.movie_id = t.id)
  ->  Seq Scan on cast_info ci  (cost=0.00..614943.12 rows=36225612 width=4) (actual time=0.024..13319.734 rows=36244344 loops=1)
  ->  Hash  (cost=556301.65..556301.65 rows=659327 width=8) (actual time=12811.201..12811.201 rows=597410 loops=1)
        Buckets: 131072  Batches: 16  Memory Usage: 2482kB
        ->  Hash Join  (cost=69460.45..556301.65 rows=659327 width=8) (actual time=1164.026..12351.636 rows=597410 loops=1)
              Hash Cond: (mi.movie_id = t.id)
              ->  Seq Scan on movie_info mi  (cost=0.00..309384.22 rows=14739122 width=4) (actual time=0.003..5608.747 rows=14835720 loops=1)
              ->  Hash  (cost=67604.59..67604.59 rows=113109 width=4) (actual time=1163.168..1163.168 rows=119565 loops=1)
                    Buckets: 131072  Batches: 2  Memory Usage: 3121kB
                    ->  Seq Scan on title t  (cost=0.00..67604.59 rows=113109 width=4) (actual time=0.021..1114.463 rows=119565 loops=1)
                          Filter: (production_year = 2007)
                          Rows Removed by Filter: 2408747
Planning time: 1.781 ms
Execution time: 51682.764 ms
