Hash Join  (cost=200031.20..1340959.30 rows=10428094 width=0) (actual time=4087.301..43843.300 rows=39117387 loops=1)
  Hash Cond: (ci.movie_id = t.id)
  ->  Seq Scan on cast_info ci  (cost=0.00..614943.12 rows=36225612 width=4) (actual time=0.011..10473.817 rows=36244344 loops=1)
  ->  Hash  (cost=188088.76..188088.76 rows=727875 width=8) (actual time=4086.267..4086.267 rows=1003422 loops=1)
        Buckets: 131072  Batches: 16  Memory Usage: 3450kB
        ->  Hash Join  (cost=102767.86..188088.76 rows=727875 width=8) (actual time=1790.682..3797.072 rows=1003422 loops=1)
              Hash Cond: (mc.movie_id = t.id)
              ->  Seq Scan on movie_companies mc  (cost=0.00..57926.93 rows=727875 width=4) (actual time=147.596..967.452 rows=1003422 loops=1)
                    Filter: ((company_id < 13457) AND (company_type_id < 2))
                    Rows Removed by Filter: 1605707
              ->  Hash  (cost=61283.27..61283.27 rows=2528527 width=4) (actual time=1641.759..1641.759 rows=2528312 loops=1)
                    Buckets: 131072  Batches: 64  Memory Usage: 2415kB
                    ->  Seq Scan on title t  (cost=0.00..61283.27 rows=2528527 width=4) (actual time=0.018..800.768 rows=2528312 loops=1)
Planning time: 1.170 ms
Execution time: 48332.667 ms
