Seq Scan on cast_info ci  (cost=0.00..796071.18 rows=126466 width=0) (actual time=625.118..8214.299 rows=99553 loops=1)
  Filter: ((person_id < 598570) AND (role_id = 6))
  Rows Removed by Filter: 36144791
Planning time: 0.355 ms
Execution time: 8227.744 ms
