Hash Join  (cost=175027.18..322196.00 rows=1496608 width=0) (actual time=3603.903..8645.164 rows=6338228 loops=1)
  Hash Cond: (mk.movie_id = t.id)
  ->  Seq Scan on movie_keyword mk  (cost=0.00..81003.12 rows=4117496 width=4) (actual time=0.026..1576.009 rows=4122621 loops=1)
        Filter: (keyword_id < 43225)
        Rows Removed by Filter: 401309
  ->  Hash  (cost=159947.97..159947.97 rows=919057 width=8) (actual time=3602.329..3602.329 rows=920110 loops=1)
        Buckets: 131072  Batches: 16  Memory Usage: 3283kB
        ->  Hash Join  (cost=102767.86..159947.97 rows=919057 width=8) (actual time=1660.915..3313.169 rows=920110 loops=1)
              Hash Cond: (mi_idx.movie_id = t.id)
              ->  Seq Scan on movie_info_idx mi_idx  (cost=0.00..25185.44 rows=919057 width=4) (actual time=0.019..463.670 rows=920110 loops=1)
                    Filter: (info_type_id > 99)
                    Rows Removed by Filter: 459925
              ->  Hash  (cost=61283.27..61283.27 rows=2528527 width=4) (actual time=1659.251..1659.251 rows=2528312 loops=1)
                    Buckets: 131072  Batches: 64  Memory Usage: 2415kB
                    ->  Seq Scan on title t  (cost=0.00..61283.27 rows=2528527 width=4) (actual time=0.028..801.381 rows=2528312 loops=1)
Planning time: 1.108 ms
Execution time: 9371.682 ms
