Seq Scan on cast_info ci  (cost=0.00..705507.15 rows=500 width=0) (actual time=122.874..8864.262 rows=4 loops=1)
  Filter: (person_id = 2731473)
  Rows Removed by Filter: 36244340
Planning time: 0.374 ms
Execution time: 8864.373 ms
