Hash Join  (cost=243841.68..864705.20 rows=11493169 width=0) (actual time=5492.359..31232.568 rows=53771991 loops=1)
  Hash Cond: (mi.movie_id = t.id)
  ->  Seq Scan on movie_info mi  (cost=0.00..309384.22 rows=14739122 width=4) (actual time=0.009..4408.359 rows=14835720 loops=1)
  ->  Hash  (cost=211493.72..211493.72 rows=1971677 width=8) (actual time=5491.141..5491.141 rows=1977353 loops=1)
        Buckets: 131072  Batches: 32  Memory Usage: 3494kB
        ->  Hash Join  (cost=102767.86..211493.72 rows=1971677 width=8) (actual time=1474.152..4931.132 rows=1977353 loops=1)
              Hash Cond: (mc.movie_id = t.id)
              ->  Seq Scan on movie_companies mc  (cost=0.00..51404.11 rows=1971677 width=4) (actual time=0.031..928.694 rows=1977353 loops=1)
                    Filter: (company_id > 840)
                    Rows Removed by Filter: 631776
              ->  Hash  (cost=61283.27..61283.27 rows=2528527 width=4) (actual time=1472.684..1472.684 rows=2528312 loops=1)
                    Buckets: 131072  Batches: 64  Memory Usage: 2415kB
                    ->  Seq Scan on title t  (cost=0.00..61283.27 rows=2528527 width=4) (actual time=0.018..748.944 rows=2528312 loops=1)
Planning time: 1.086 ms
Execution time: 37168.312 ms
