Hash Join  (cost=227417.89..777517.07 rows=4861138 width=0) (actual time=5630.984..38493.001 rows=80488805 loops=1)
  Hash Cond: (mi.movie_id = t.id)
  ->  Seq Scan on movie_info mi  (cost=0.00..309384.22 rows=14739122 width=4) (actual time=0.020..6027.544 rows=14835720 loops=1)
  ->  Hash  (cost=213735.66..213735.66 rows=833938 width=8) (actual time=5629.694..5629.694 rows=1253802 loops=1)
        Buckets: 131072 (originally 131072)  Batches: 32 (originally 16)  Memory Usage: 3073kB
        ->  Hash Join  (cost=81573.24..213735.66 rows=833938 width=8) (actual time=1130.078..5217.897 rows=1253802 loops=1)
              Hash Cond: (mk.movie_id = t.id)
              ->  Seq Scan on movie_keyword mk  (cost=0.00..69693.30 rows=4523930 width=4) (actual time=0.023..1321.170 rows=4523930 loops=1)
              ->  Hash  (cost=73925.90..73925.90 rows=466107 width=4) (actual time=1128.737..1128.737 rows=396359 loops=1)
                    Buckets: 131072  Batches: 8  Memory Usage: 2769kB
                    ->  Seq Scan on title t  (cost=0.00..73925.90 rows=466107 width=4) (actual time=0.016..999.577 rows=396359 loops=1)
                          Filter: ((kind_id < 7) AND (production_year > 2003))
                          Rows Removed by Filter: 2131953
Planning time: 1.156 ms
Execution time: 48099.695 ms
