Hash Join  (cost=615588.04..1710866.75 rows=18086410 width=0) (actual time=16322.743..30802.621 rows=7831805 loops=1)
  Hash Cond: (ci.movie_id = t.id)
  ->  Seq Scan on cast_info ci  (cost=0.00..705507.15 rows=12726058 width=4) (actual time=6305.643..12368.260 rows=12670688 loops=1)
        Filter: (role_id = 1)
        Rows Removed by Filter: 23573656
  ->  Hash  (cost=556630.42..556630.42 rows=3593570 width=8) (actual time=10013.198..10013.198 rows=1079219 loops=1)
        Buckets: 131072  Batches: 64  Memory Usage: 1666kB
        ->  Hash Join  (cost=92883.59..556630.42 rows=3593570 width=8) (actual time=2636.392..9689.887 rows=1079219 loops=1)
              Hash Cond: (mi.movie_id = t.id)
              ->  Seq Scan on movie_info mi  (cost=0.00..346232.03 rows=5897221 width=4) (actual time=845.143..4692.636 rows=5884963 loops=1)
                    Filter: (info_type_id < 7)
                    Rows Removed by Filter: 8950757
              ->  Hash  (cost=67604.59..67604.59 rows=1540800 width=4) (actual time=1790.238..1790.238 rows=1543264 loops=1)
                    Buckets: 131072  Batches: 32  Memory Usage: 2728kB
                    ->  Seq Scan on title t  (cost=0.00..67604.59 rows=1540800 width=4) (actual time=35.629..1026.176 rows=1543264 loops=1)
                          Filter: (kind_id = 7)
                          Rows Removed by Filter: 985048
Planning time: 1.133 ms
Execution time: 31709.886 ms
