Nested Loop  (cost=0.43..58375.18 rows=53 width=0) (actual time=416.019..814.321 rows=3 loops=1)
  ->  Seq Scan on movie_companies mc  (cost=0.00..57926.93 rows=53 width=4) (actual time=415.934..814.128 rows=3 loops=1)
        Filter: ((company_type_id > 1) AND (company_id = 45003))
        Rows Removed by Filter: 2609126
  ->  Index Only Scan using title_pkey on title t  (cost=0.43..8.45 rows=1 width=4) (actual time=0.056..0.057 rows=1 loops=3)
        Index Cond: (id = mc.movie_id)
        Heap Fetches: 3
Planning time: 0.734 ms
Execution time: 814.388 ms
