Hash Join  (cost=92883.59..199284.87 rows=624609 width=0) (actual time=1465.719..3446.427 rows=171020 loops=1)
  Hash Cond: (mk.movie_id = t.id)
  ->  Seq Scan on movie_keyword mk  (cost=0.00..81003.12 rows=1025013 width=4) (actual time=0.038..1192.430 rows=1028540 loops=1)
        Filter: (keyword_id > 17311)
        Rows Removed by Filter: 3495390
  ->  Hash  (cost=67604.59..67604.59 rows=1540800 width=4) (actual time=1464.437..1464.437 rows=1543264 loops=1)
        Buckets: 131072  Batches: 32  Memory Usage: 2728kB
        ->  Seq Scan on title t  (cost=0.00..67604.59 rows=1540800 width=4) (actual time=0.021..976.802 rows=1543264 loops=1)
              Filter: (kind_id = 7)
              Rows Removed by Filter: 985048
Planning time: 0.754 ms
Execution time: 3468.092 ms
