Hash Join  (cost=67697.55..418707.22 rows=3718 width=0) (actual time=1474.620..5289.889 rows=3791 loops=1)
  Hash Cond: (mi.movie_id = t.id)
  ->  Seq Scan on movie_info mi  (cost=0.00..346232.03 rows=1264125 width=4) (actual time=417.400..4235.844 rows=1288928 loops=1)
        Filter: (info_type_id = 2)
        Rows Removed by Filter: 13546792
  ->  Hash  (cost=67604.59..67604.59 rows=7437 width=4) (actual time=856.153..856.153 rows=3781 loops=1)
        Buckets: 8192  Batches: 1  Memory Usage: 197kB
        ->  Seq Scan on title t  (cost=0.00..67604.59 rows=7437 width=4) (actual time=0.030..854.153 rows=3781 loops=1)
              Filter: (production_year = 1918)
              Rows Removed by Filter: 2524531
Planning time: 1.029 ms
Execution time: 5290.676 ms
