Hash Join  (cost=180615.53..222639.57 rows=252456 width=0) (actual time=3246.069..4282.778 rows=532143 loops=1)
  Hash Cond: (mi_idx.movie_id = t.id)
  ->  Seq Scan on movie_info_idx mi_idx  (cost=0.00..21735.35 rows=1380035 width=4) (actual time=0.022..310.283 rows=1380035 loops=1)
  ->  Hash  (cost=173026.60..173026.60 rows=462554 width=8) (actual time=3244.983..3244.983 rows=366993 loops=1)
        Buckets: 131072  Batches: 8  Memory Usage: 2800kB
        ->  Hash Join  (cost=94973.51..173026.60 rows=462554 width=8) (actual time=1484.992..3132.763 rows=366993 loops=1)
              Hash Cond: (mc.movie_id = t.id)
              ->  Seq Scan on movie_companies mc  (cost=0.00..57926.93 rows=701123 width=4) (actual time=110.692..900.139 rows=963827 loops=1)
                    Filter: ((company_id < 12496) AND (company_type_id < 2))
                    Rows Removed by Filter: 1645302
              ->  Hash  (cost=67604.59..67604.59 rows=1668154 width=4) (actual time=1372.919..1372.919 rows=1674098 loops=1)
                    Buckets: 131072  Batches: 32  Memory Usage: 2869kB
                    ->  Seq Scan on title t  (cost=0.00..67604.59 rows=1668154 width=4) (actual time=0.022..893.710 rows=1674098 loops=1)
                          Filter: (kind_id > 3)
                          Rows Removed by Filter: 854214
Planning time: 1.145 ms
Execution time: 4347.379 ms
