Hash Join  (cost=286840.33..928295.08 rows=13422892 width=0) (actual time=5826.840..41228.152 rows=113806483 loops=1)
  Hash Cond: (mi.movie_id = t.id)
  ->  Seq Scan on movie_info mi  (cost=0.00..309384.22 rows=14739122 width=4) (actual time=0.011..4686.582 rows=14835720 loops=1)
  ->  Hash  (cost=249060.26..249060.26 rows=2302725 width=8) (actual time=5822.406..5822.406 rows=2310179 loops=1)
        Buckets: 131072  Batches: 32  Memory Usage: 3909kB
        ->  Hash Join  (cost=102767.86..249060.26 rows=2302725 width=8) (actual time=1694.393..5179.333 rows=2310179 loops=1)
              Hash Cond: (mk.movie_id = t.id)
              ->  Seq Scan on movie_keyword mk  (cost=0.00..81003.12 rows=2302725 width=4) (actual time=0.020..1401.512 rows=2310179 loops=1)
                    Filter: (keyword_id < 4964)
                    Rows Removed by Filter: 2213751
              ->  Hash  (cost=61283.27..61283.27 rows=2528527 width=4) (actual time=1693.701..1693.701 rows=2528312 loops=1)
                    Buckets: 131072  Batches: 64  Memory Usage: 2425kB
                    ->  Seq Scan on title t  (cost=0.00..61283.27 rows=2528527 width=4) (actual time=0.021..825.284 rows=2528312 loops=1)
Planning time: 1.123 ms
Execution time: 52984.645 ms
