Seq Scan on movie_keyword mk  (cost=0.00..81003.12 rows=246 width=0) (actual time=7.239..589.875 rows=89 loops=1)
  Filter: (keyword_id = 2962)
  Rows Removed by Filter: 4523841
Planning time: 0.349 ms
Execution time: 590.008 ms
