Seq Scan on movie_keyword mk  (cost=0.00..81003.12 rows=679892 width=0) (actual time=0.020..887.391 rows=677754 loops=1)
  Filter: (keyword_id < 553)
  Rows Removed by Filter: 3846176
Planning time: 0.296 ms
Execution time: 960.139 ms
