Hash Join  (cost=156486.92..981310.33 rows=6644 width=0) (actual time=5970.938..15851.018 rows=9603 loops=1)
  Hash Cond: (ci.movie_id = t.id)
  ->  Seq Scan on cast_info ci  (cost=0.00..796071.18 rows=7649546 width=4) (actual time=3823.200..12118.112 rows=11039568 loops=1)
        Filter: ((person_id > 1897623) AND (role_id > 2))
        Rows Removed by Filter: 25204776
  ->  Hash  (cost=156459.47..156459.47 rows=2196 width=8) (actual time=2144.548..2144.548 rows=693 loops=1)
        Buckets: 4096  Batches: 1  Memory Usage: 60kB
        ->  Hash Join  (cost=74124.64..156459.47 rows=2196 width=8) (actual time=948.050..2144.104 rows=693 loops=1)
              Hash Cond: (mk.movie_id = t.id)
              ->  Seq Scan on movie_keyword mk  (cost=0.00..81003.12 rows=349264 width=4) (actual time=0.034..1122.111 rows=363692 loops=1)
                    Filter: (keyword_id < 335)
                    Rows Removed by Filter: 4160238
              ->  Hash  (cost=73925.90..73925.90 rows=15899 width=4) (actual time=947.013..947.013 rows=8276 loops=1)
                    Buckets: 16384  Batches: 1  Memory Usage: 419kB
                    ->  Seq Scan on title t  (cost=0.00..73925.90 rows=15899 width=4) (actual time=0.022..943.458 rows=8276 loops=1)
                          Filter: ((production_year > 2010) AND (kind_id = 3))
                          Rows Removed by Filter: 2520036
Planning time: 1.317 ms
Execution time: 15853.524 ms
