Hash Join  (cost=798791.46..890205.86 rows=356 width=0) (actual time=12565.505..13981.017 rows=14 loops=1)
  Hash Cond: (mk.movie_id = t.id)
  ->  Seq Scan on movie_keyword mk  (cost=0.00..81003.12 rows=2775390 width=4) (actual time=0.027..1291.422 rows=2766259 loops=1)
        Filter: (keyword_id > 2860)
        Rows Removed by Filter: 1757671
  ->  Hash  (cost=798787.41..798787.41 rows=324 width=8) (actual time=12302.496..12302.496 rows=45 loops=1)
        Buckets: 1024  Batches: 1  Memory Usage: 10kB
        ->  Nested Loop  (cost=0.43..798787.41 rows=324 width=8) (actual time=265.073..12302.469 rows=45 loops=1)
              ->  Seq Scan on cast_info ci  (cost=0.00..796071.18 rows=324 width=4) (actual time=264.978..12301.364 rows=45 loops=1)
                    Filter: ((role_id > 1) AND (person_id = 4050958))
                    Rows Removed by Filter: 36244299
              ->  Index Only Scan using title_pkey on title t  (cost=0.43..8.37 rows=1 width=4) (actual time=0.023..0.023 rows=1 loops=45)
                    Index Cond: (id = ci.movie_id)
                    Heap Fetches: 45
Planning time: 1.230 ms
Execution time: 13981.158 ms
