Hash Join  (cost=206053.91..238326.73 rows=55872 width=0) (actual time=3501.446..4251.616 rows=236512 loops=1)
  Hash Cond: (mi_idx.movie_id = t.id)
  ->  Seq Scan on movie_info_idx mi_idx  (cost=0.00..25185.44 rows=460978 width=4) (actual time=0.012..435.490 rows=459925 loops=1)
        Filter: (info_type_id < 100)
        Rows Removed by Filter: 920110
  ->  Hash  (cost=201025.07..201025.07 rows=306467 width=8) (actual time=3500.637..3500.637 rows=325260 loops=1)
        Buckets: 131072  Batches: 8  Memory Usage: 2636kB
        ->  Hash Join  (cost=102767.86..201025.07 rows=306467 width=8) (actual time=1711.045..3412.105 rows=325260 loops=1)
              Hash Cond: (mk.movie_id = t.id)
              ->  Seq Scan on movie_keyword mk  (cost=0.00..81003.12 rows=306467 width=4) (actual time=0.008..1088.824 rows=325260 loops=1)
                    Filter: (keyword_id < 263)
                    Rows Removed by Filter: 4198670
              ->  Hash  (cost=61283.27..61283.27 rows=2528527 width=4) (actual time=1709.118..1709.118 rows=2528312 loops=1)
                    Buckets: 131072  Batches: 64  Memory Usage: 2425kB
                    ->  Seq Scan on title t  (cost=0.00..61283.27 rows=2528527 width=4) (actual time=0.020..843.989 rows=2528312 loops=1)
Planning time: 1.137 ms
Execution time: 4279.458 ms
