Hash Join  (cost=52284.99..79196.04 rows=57 width=0) (actual time=813.257..1126.435 rows=549 loops=1)
  Hash Cond: (mi_idx.movie_id = t.id)
  ->  Seq Scan on movie_info_idx mi_idx  (cost=0.00..21735.35 rows=1380035 width=4) (actual time=0.017..205.816 rows=1380035 loops=1)
  ->  Hash  (cost=52283.69..52283.69 rows=104 width=8) (actual time=751.599..751.599 rows=555 loops=1)
        Buckets: 1024  Batches: 1  Memory Usage: 30kB
        ->  Nested Loop  (cost=0.43..52283.69 rows=104 width=8) (actual time=0.289..751.305 rows=555 loops=1)
              ->  Seq Scan on movie_companies mc  (cost=0.00..51404.11 rows=104 width=4) (actual time=0.239..732.361 rows=555 loops=1)
                    Filter: (company_id = 11713)
                    Rows Removed by Filter: 2608574
              ->  Index Only Scan using title_pkey on title t  (cost=0.43..8.45 rows=1 width=4) (actual time=0.033..0.033 rows=1 loops=555)
                    Index Cond: (id = mc.movie_id)
                    Heap Fetches: 555
Planning time: 1.159 ms
Execution time: 1126.597 ms
