Hash Join  (cost=232746.22..782171.75 rows=6524660 width=0) (actual time=4394.202..22607.501 rows=35105469 loops=1)
  Hash Cond: (mi.movie_id = t.id)
  ->  Seq Scan on movie_info mi  (cost=0.00..309384.22 rows=14739122 width=4) (actual time=0.013..4719.558 rows=14835720 loops=1)
  ->  Hash  (cost=214381.74..214381.74 rows=1119319 width=8) (actual time=4392.963..4392.963 rows=719712 loops=1)
        Buckets: 131072  Batches: 16  Memory Usage: 2847kB
        ->  Hash Join  (cost=82423.69..214381.74 rows=1119319 width=8) (actual time=1204.671..4208.618 rows=719712 loops=1)
              Hash Cond: (mk.movie_id = t.id)
              ->  Seq Scan on movie_keyword mk  (cost=0.00..81003.12 rows=3133529 width=4) (actual time=0.024..1456.183 rows=3118078 loops=1)
                    Filter: (keyword_id < 11906)
                    Rows Removed by Filter: 1405852
              ->  Hash  (cost=67604.59..67604.59 rows=903208 width=4) (actual time=1203.266..1203.266 rows=904491 loops=1)
                    Buckets: 131072  Batches: 16  Memory Usage: 3017kB
                    ->  Seq Scan on title t  (cost=0.00..67604.59 rows=903208 width=4) (actual time=0.019..908.930 rows=904491 loops=1)
                          Filter: (production_year > 2006)
                          Rows Removed by Filter: 1623821
Planning time: 1.110 ms
Execution time: 25996.397 ms
