Seq Scan on movie_companies mc  (cost=0.00..51404.11 rows=1617266 width=0) (actual time=1.607..818.731 rows=1615623 loops=1)
  Filter: (company_id > 4616)
  Rows Removed by Filter: 993506
Planning time: 0.324 ms
Execution time: 1031.475 ms
