Seq Scan on movie_companies mc  (cost=0.00..51404.11 rows=1777804 width=0) (actual time=0.019..746.898 rows=1768841 loops=1)
  Filter: (company_id < 26216)
  Rows Removed by Filter: 840288
Planning time: 0.313 ms
Execution time: 962.133 ms
