Hash Join  (cost=92735.26..146496.78 rows=835999 width=0) (actual time=1890.616..3401.634 rows=758770 loops=1)
  Hash Cond: (mi_idx.movie_id = t.id)
  ->  Seq Scan on movie_info_idx mi_idx  (cost=0.00..21735.35 rows=1380035 width=4) (actual time=0.025..432.968 rows=1380035 loops=1)
  ->  Hash  (cost=67604.59..67604.59 rows=1531734 width=4) (actual time=1889.430..1889.430 rows=1531613 loops=1)
        Buckets: 131072  Batches: 32  Memory Usage: 2708kB
        ->  Seq Scan on title t  (cost=0.00..67604.59 rows=1531734 width=4) (actual time=0.029..1389.123 rows=1531613 loops=1)
              Filter: (production_year > 1997)
              Rows Removed by Filter: 996699
Planning time: 0.818 ms
Execution time: 3491.420 ms
