Seq Scan on movie_companies mc  (cost=0.00..57926.93 rows=1227519 width=0) (actual time=212.649..1017.489 rows=1274246 loops=1)
  Filter: ((company_id < 153827) AND (company_type_id < 2))
  Rows Removed by Filter: 1334883
Planning time: 0.336 ms
Execution time: 1180.704 ms
