Hash Join  (cost=102767.86..222280.01 rows=1189848 width=0) (actual time=1631.592..3980.100 rows=1198753 loops=1)
  Hash Cond: (mk.movie_id = t.id)
  ->  Seq Scan on movie_keyword mk  (cost=0.00..81003.12 rows=1189848 width=4) (actual time=0.009..1272.041 rows=1198753 loops=1)
        Filter: (keyword_id > 15352)
        Rows Removed by Filter: 3325177
  ->  Hash  (cost=61283.27..61283.27 rows=2528527 width=4) (actual time=1629.011..1629.011 rows=2528312 loops=1)
        Buckets: 131072  Batches: 64  Memory Usage: 2425kB
        ->  Seq Scan on title t  (cost=0.00..61283.27 rows=2528527 width=4) (actual time=0.010..815.636 rows=2528312 loops=1)
Planning time: 0.816 ms
Execution time: 4092.852 ms
