Seq Scan on movie_keyword mk  (cost=0.00..81003.12 rows=2181312 width=0) (actual time=0.022..1380.903 rows=2181383 loops=1)
  Filter: (keyword_id < 4310)
  Rows Removed by Filter: 2342547
Planning time: 0.322 ms
Execution time: 1665.354 ms
