Nested Loop  (cost=0.43..83072.29 rows=144 width=0) (actual time=317.709..1121.063 rows=2 loops=1)
  ->  Seq Scan on movie_keyword mk  (cost=0.00..81003.12 rows=246 width=4) (actual time=274.979..1120.877 rows=3 loops=1)
        Filter: (keyword_id = 93123)
        Rows Removed by Filter: 4523927
  ->  Index Scan using title_pkey on title t  (cost=0.43..8.40 rows=1 width=4) (actual time=0.055..0.056 rows=1 loops=3)
        Index Cond: (id = mk.movie_id)
        Filter: (production_year > 1998)
        Rows Removed by Filter: 0
Planning time: 0.693 ms
Execution time: 1121.149 ms
