Hash Join  (cost=102767.86..958883.25 rows=5848507 width=0) (actual time=5185.488..17112.773 rows=5876736 loops=1)
  Hash Cond: (ci.movie_id = t.id)
  ->  Seq Scan on cast_info ci  (cost=0.00..705507.15 rows=5848507 width=4) (actual time=3674.745..10491.959 rows=5876736 loops=1)
        Filter: (person_id > 3056403)
        Rows Removed by Filter: 30367608
  ->  Hash  (cost=61283.27..61283.27 rows=2528527 width=4) (actual time=1509.759..1509.759 rows=2528312 loops=1)
        Buckets: 131072  Batches: 64  Memory Usage: 2415kB
        ->  Seq Scan on title t  (cost=0.00..61283.27 rows=2528527 width=4) (actual time=0.017..744.691 rows=2528312 loops=1)
Planning time: 0.725 ms
Execution time: 17768.953 ms
