Hash Join  (cost=97102.97..177818.95 rows=562659 width=0) (actual time=1980.065..3031.221 rows=276882 loops=1)
  Hash Cond: (mc.movie_id = t.id)
  ->  Seq Scan on movie_companies mc  (cost=0.00..57926.93 rows=791289 width=4) (actual time=307.441..831.900 rows=495181 loops=1)
        Filter: ((company_id < 14586) AND (company_type_id = 2))
        Rows Removed by Filter: 2113948
  ->  Hash  (cost=67604.59..67604.59 rows=1797951 width=4) (actual time=1671.738..1671.738 rows=1793384 loops=1)
        Buckets: 131072  Batches: 32  Memory Usage: 2998kB
        ->  Seq Scan on title t  (cost=0.00..67604.59 rows=1797951 width=4) (actual time=0.028..1087.425 rows=1793384 loops=1)
              Filter: (production_year > 1988)
              Rows Removed by Filter: 734928
Planning time: 0.778 ms
Execution time: 3060.563 ms
