Hash Join  (cost=83074.74..447745.01 rows=1434 width=0) (actual time=1134.918..7234.739 rows=10540 loops=1)
  Hash Cond: (mi.movie_id = t.id)
  ->  Seq Scan on movie_info mi  (cost=0.00..309384.22 rows=14739122 width=4) (actual time=0.030..3290.387 rows=14835720 loops=1)
  ->  Hash  (cost=83071.67..83071.67 rows=246 width=8) (actual time=1125.377..1125.377 rows=244 loops=1)
        Buckets: 1024  Batches: 1  Memory Usage: 18kB
        ->  Nested Loop  (cost=0.43..83071.67 rows=246 width=8) (actual time=0.487..1125.097 rows=244 loops=1)
              ->  Seq Scan on movie_keyword mk  (cost=0.00..81003.12 rows=246 width=4) (actual time=0.452..1114.994 rows=244 loops=1)
                    Filter: (keyword_id = 12114)
                    Rows Removed by Filter: 4523686
              ->  Index Only Scan using title_pkey on title t  (cost=0.43..8.40 rows=1 width=4) (actual time=0.038..0.039 rows=1 loops=244)
                    Index Cond: (id = mk.movie_id)
                    Heap Fetches: 244
Planning time: 1.105 ms
Execution time: 7236.783 ms
