Hash Join  (cost=82033.88..509910.60 rows=1152512 width=0) (actual time=1154.945..9558.763 rows=2782481 loops=1)
  Hash Cond: (mi.movie_id = t.id)
  ->  Seq Scan on movie_info mi  (cost=0.00..346232.03 rows=5897221 width=4) (actual time=0.015..4985.385 rows=5884963 loops=1)
        Filter: (info_type_id < 7)
        Rows Removed by Filter: 8950757
  ->  Hash  (cost=73925.90..73925.90 rows=494158 width=4) (actual time=1153.868..1153.868 rows=581419 loops=1)
        Buckets: 131072  Batches: 8  Memory Usage: 3601kB
        ->  Seq Scan on title t  (cost=0.00..73925.90 rows=494158 width=4) (actual time=0.020..962.191 rows=581419 loops=1)
              Filter: ((kind_id < 7) AND (production_year < 2004))
              Rows Removed by Filter: 1946893
Planning time: 0.784 ms
Execution time: 9845.806 ms
