Hash Join  (cost=102767.86..1023477.03 rows=4769230 width=0) (actual time=3450.154..18289.191 rows=2232594 loops=1)
  Hash Cond: (ci.movie_id = t.id)
  ->  Seq Scan on cast_info ci  (cost=0.00..796071.18 rows=4769230 width=4) (actual time=1548.565..13992.923 rows=2232594 loops=1)
        Filter: ((person_id < 2011532) AND (role_id > 5))
        Rows Removed by Filter: 34011750
  ->  Hash  (cost=61283.27..61283.27 rows=2528527 width=4) (actual time=1900.076..1900.076 rows=2528312 loops=1)
        Buckets: 131072  Batches: 64  Memory Usage: 2415kB
        ->  Seq Scan on title t  (cost=0.00..61283.27 rows=2528527 width=4) (actual time=0.024..1052.852 rows=2528312 loops=1)
Planning time: 0.726 ms
Execution time: 18546.579 ms
