Hash Join  (cost=141843.76..265713.91 rows=153311 width=0) (actual time=2293.198..5054.894 rows=1068020 loops=1)
  Hash Cond: (mk.movie_id = t.id)
  ->  Seq Scan on movie_keyword mk  (cost=0.00..69693.30 rows=4523930 width=4) (actual time=0.014..1139.080 rows=4523930 loops=1)
  ->  Hash  (cost=140437.65..140437.65 rows=85689 width=8) (actual time=2292.224..2292.224 rows=62829 loops=1)
        Buckets: 131072  Batches: 2  Memory Usage: 2249kB
        ->  Hash Join  (cost=69928.56..140437.65 rows=85689 width=8) (actual time=861.621..2270.205 rows=62829 loops=1)
              Hash Cond: (mc.movie_id = t.id)
              ->  Seq Scan on movie_companies mc  (cost=0.00..51404.11 rows=1530156 width=4) (actual time=0.024..814.194 rows=1517234 loops=1)
                    Filter: (company_id < 14194)
                    Rows Removed by Filter: 1091895
              ->  Hash  (cost=67604.59..67604.59 rows=141598 width=4) (actual time=860.780..860.780 rows=141703 loops=1)
                    Buckets: 131072  Batches: 2  Memory Usage: 3511kB
                    ->  Seq Scan on title t  (cost=0.00..67604.59 rows=141598 width=4) (actual time=0.028..810.208 rows=141703 loops=1)
                          Filter: (production_year = 2010)
                          Rows Removed by Filter: 2386609
Planning time: 1.270 ms
Execution time: 5191.373 ms
