Hash Join  (cost=197712.43..574237.68 rows=427513 width=0) (actual time=4164.032..8965.589 rows=605293 loops=1)
  Hash Cond: (mi.movie_id = t.id)
  ->  Seq Scan on movie_info mi  (cost=0.00..346232.03 rows=2073893 width=4) (actual time=592.457..4303.211 rows=2091068 loops=1)
        Filter: (info_type_id < 3)
        Rows Removed by Filter: 12744652
  ->  Hash  (cost=189160.04..189160.04 rows=521231 width=8) (actual time=3561.786..3561.786 rows=353467 loops=1)
        Buckets: 131072  Batches: 8  Memory Usage: 2745kB
        ->  Hash Join  (cost=80562.70..189160.04 rows=521231 width=8) (actual time=1184.849..3445.620 rows=353467 loops=1)
              Hash Cond: (mk.movie_id = t.id)
              ->  Seq Scan on movie_keyword mk  (cost=0.00..81003.12 rows=1668775 width=4) (actual time=0.033..1277.819 rows=1679501 loops=1)
                    Filter: (keyword_id > 8654)
                    Rows Removed by Filter: 2844429
              ->  Hash  (cost=67604.59..67604.59 rows=789769 width=4) (actual time=1183.235..1183.235 rows=784926 loops=1)
                    Buckets: 131072  Batches: 16  Memory Usage: 2756kB
                    ->  Seq Scan on title t  (cost=0.00..67604.59 rows=789769 width=4) (actual time=0.021..925.955 rows=784926 loops=1)
                          Filter: (production_year > 2007)
                          Rows Removed by Filter: 1743386
Planning time: 2.816 ms
Execution time: 9036.722 ms
