Nested Loop  (cost=0.43..83072.29 rows=162 width=0) (actual time=666.468..973.339 rows=9 loops=1)
  ->  Seq Scan on movie_keyword mk  (cost=0.00..81003.12 rows=246 width=4) (actual time=24.648..969.708 rows=98 loops=1)
        Filter: (keyword_id = 22383)
        Rows Removed by Filter: 4523832
  ->  Index Scan using title_pkey on title t  (cost=0.43..8.40 rows=1 width=4) (actual time=0.034..0.034 rows=0 loops=98)
        Index Cond: (id = mk.movie_id)
        Filter: (kind_id > 3)
        Rows Removed by Filter: 1
Planning time: 0.786 ms
Execution time: 973.452 ms
