Hash Join  (cost=818298.05..947135.50 rows=561042 width=0) (actual time=12830.774..15967.216 rows=509978 loops=1)
  Hash Cond: (mk.movie_id = t.id)
  ->  Seq Scan on movie_keyword mk  (cost=0.00..69693.30 rows=4523930 width=4) (actual time=0.007..1206.773 rows=4523930 loops=1)
  ->  Hash  (cost=813153.31..813153.31 rows=313579 width=8) (actual time=12829.891..12829.891 rows=287510 loops=1)
        Buckets: 131072  Batches: 8  Memory Usage: 2425kB
        ->  Hash Join  (cost=91850.92..813153.31 rows=313579 width=8) (actual time=8847.181..12733.275 rows=287510 loops=1)
              Hash Cond: (ci.movie_id = t.id)
              ->  Seq Scan on cast_info ci  (cost=0.00..705507.15 rows=725720 width=4) (actual time=7334.532..10488.031 rows=773674 loops=1)
                    Filter: (role_id = 6)
                    Rows Removed by Filter: 35470670
              ->  Hash  (cost=73925.90..73925.90 rows=1092561 width=4) (actual time=1511.418..1511.418 rows=1195337 loops=1)
                    Buckets: 131072  Batches: 16  Memory Usage: 3656kB
                    ->  Seq Scan on title t  (cost=0.00..73925.90 rows=1092561 width=4) (actual time=0.032..1136.179 rows=1195337 loops=1)
                          Filter: ((kind_id > 1) AND (production_year > 1998))
                          Rows Removed by Filter: 1332975
Planning time: 1.120 ms
Execution time: 16029.527 ms
