Hash Join  (cost=127813.57..858818.22 rows=17718 width=0) (actual time=1256.916..11459.591 rows=30902 loops=1)
  Hash Cond: (ci.movie_id = t.id)
  ->  Seq Scan on cast_info ci  (cost=0.00..705507.15 rows=6752084 width=4) (actual time=62.531..8877.055 rows=6831390 loops=1)
        Filter: (person_id > 2979415)
        Rows Removed by Filter: 29412954
  ->  Hash  (cost=127730.64..127730.64 rows=6635 width=8) (actual time=1194.202..1194.202 rows=6649 loops=1)
        Buckets: 8192  Batches: 1  Memory Usage: 324kB
        ->  Nested Loop  (cost=0.43..127730.64 rows=6635 width=8) (actual time=0.177..1190.319 rows=6649 loops=1)
              ->  Seq Scan on movie_keyword mk  (cost=0.00..81003.12 rows=6635 width=4) (actual time=0.093..1045.334 rows=6649 loops=1)
                    Filter: (keyword_id = 500)
                    Rows Removed by Filter: 4517281
              ->  Index Only Scan using title_pkey on title t  (cost=0.43..7.03 rows=1 width=4) (actual time=0.021..0.021 rows=1 loops=6649)
                    Index Cond: (id = mk.movie_id)
                    Heap Fetches: 6649
Planning time: 1.211 ms
Execution time: 11465.743 ms
