Hash Join  (cost=360855.67..1007470.22 rows=15043555 width=0) (actual time=8087.237..35226.285 rows=70900026 loops=1)
  Hash Cond: (mi.movie_id = t.id)
  ->  Seq Scan on movie_info mi  (cost=0.00..346232.03 rows=8673596 width=4) (actual time=409.062..5297.163 rows=8786582 loops=1)
        Filter: (info_type_id < 13)
        Rows Removed by Filter: 6049138
  ->  Hash  (cost=288905.94..288905.94 rows=4385498 width=8) (actual time=7676.925..7676.925 rows=4497645 loops=1)
        Buckets: 131072  Batches: 64  Memory Usage: 3873kB
        ->  Hash Join  (cost=107819.01..288905.94 rows=4385498 width=8) (actual time=1862.031..6621.658 rows=4497645 loops=1)
              Hash Cond: (mk.movie_id = t.id)
              ->  Seq Scan on movie_keyword mk  (cost=0.00..69693.30 rows=4523930 width=4) (actual time=0.028..1032.706 rows=4523930 loops=1)
              ->  Hash  (cost=67604.59..67604.59 rows=2451154 width=4) (actual time=1861.011..1861.011 rows=2450346 loops=1)
                    Buckets: 131072  Batches: 64  Memory Usage: 2381kB
                    ->  Seq Scan on title t  (cost=0.00..67604.59 rows=2451154 width=4) (actual time=0.029..1061.215 rows=2450346 loops=1)
                          Filter: (production_year > 1899)
                          Rows Removed by Filter: 77966
Planning time: 0.766 ms
Execution time: 42853.284 ms
