Hash Join  (cost=86300.63..131056.53 rows=411642 width=0) (actual time=1350.136..2467.464 rows=323790 loops=1)
  Hash Cond: (mi_idx.movie_id = t.id)
  ->  Seq Scan on movie_info_idx mi_idx  (cost=0.00..21735.35 rows=1380035 width=4) (actual time=0.019..368.631 rows=1380035 loops=1)
  ->  Hash  (cost=73925.90..73925.90 rows=754218 width=4) (actual time=1348.975..1348.975 rows=647556 loops=1)
        Buckets: 131072  Batches: 16  Memory Usage: 2451kB
        ->  Seq Scan on title t  (cost=0.00..73925.90 rows=754218 width=4) (actual time=0.015..1130.312 rows=647556 loops=1)
              Filter: ((kind_id > 1) AND (production_year < 2000))
              Rows Removed by Filter: 1880756
Planning time: 1.758 ms
Execution time: 2501.636 ms
