Hash Join  (cost=102767.86..270831.49 rows=3207539 width=0) (actual time=1585.995..5837.347 rows=3195537 loops=1)
  Hash Cond: (mk.movie_id = t.id)
  ->  Seq Scan on movie_keyword mk  (cost=0.00..81003.12 rows=3207539 width=4) (actual time=0.023..1434.526 rows=3195537 loops=1)
        Filter: (keyword_id < 12980)
        Rows Removed by Filter: 1328393
  ->  Hash  (cost=61283.27..61283.27 rows=2528527 width=4) (actual time=1584.450..1584.450 rows=2528312 loops=1)
        Buckets: 131072  Batches: 64  Memory Usage: 2425kB
        ->  Seq Scan on title t  (cost=0.00..61283.27 rows=2528527 width=4) (actual time=0.009..738.091 rows=2528312 loops=1)
Planning time: 0.740 ms
Execution time: 6231.107 ms
