Hash Join  (cost=137396.05..642882.02 rows=2406705 width=0) (actual time=2485.733..15733.831 rows=8084428 loops=1)
  Hash Cond: (mi.movie_id = t.id)
  ->  Seq Scan on movie_info mi  (cost=0.00..309384.22 rows=14739122 width=4) (actual time=0.012..4444.652 rows=14835720 loops=1)
  ->  Hash  (cost=130622.11..130622.11 rows=412875 width=8) (actual time=2484.968..2484.968 rows=502260 loops=1)
        Buckets: 131072  Batches: 8  Memory Usage: 3500kB
        ->  Hash Join  (cost=86241.46..130622.11 rows=412875 width=8) (actual time=1268.669..2376.336 rows=502260 loops=1)
              Hash Cond: (mi_idx.movie_id = t.id)
              ->  Seq Scan on movie_info_idx mi_idx  (cost=0.00..25185.44 rows=919057 width=4) (actual time=0.018..450.377 rows=920110 loops=1)
                    Filter: (info_type_id > 99)
                    Rows Removed by Filter: 459925
              ->  Hash  (cost=67604.59..67604.59 rows=1135910 width=4) (actual time=1267.530..1267.530 rows=1133355 loops=1)
                    Buckets: 131072  Batches: 16  Memory Usage: 3516kB
                    ->  Seq Scan on title t  (cost=0.00..67604.59 rows=1135910 width=4) (actual time=0.021..932.911 rows=1133355 loops=1)
                          Filter: (production_year < 2002)
                          Rows Removed by Filter: 1394957
Planning time: 1.193 ms
Execution time: 16661.512 ms
