Hash Join  (cost=340413.35..981833.16 rows=13591445 width=0) (actual time=8207.691..40965.094 rows=95133041 loops=1)
  Hash Cond: (mi.movie_id = t.id)
  ->  Seq Scan on movie_info mi  (cost=0.00..346232.03 rows=9476311 width=4) (actual time=217.440..6793.401 rows=9565151 loops=1)
        Filter: (info_type_id < 16)
        Rows Removed by Filter: 5270569
  ->  Hash  (cost=280914.45..280914.45 rows=3626552 width=8) (actual time=7988.032..7988.032 rows=3618974 loops=1)
        Buckets: 131072  Batches: 64  Memory Usage: 3330kB
        ->  Hash Join  (cost=102767.86..280914.45 rows=3626552 width=8) (actual time=1860.072..6929.477 rows=3618974 loops=1)
              Hash Cond: (mk.movie_id = t.id)
              ->  Seq Scan on movie_keyword mk  (cost=0.00..81003.12 rows=3626552 width=4) (actual time=0.023..1750.031 rows=3618974 loops=1)
                    Filter: (keyword_id > 858)
                    Rows Removed by Filter: 904956
              ->  Hash  (cost=61283.27..61283.27 rows=2528527 width=4) (actual time=1858.462..1858.462 rows=2528312 loops=1)
                    Buckets: 131072  Batches: 64  Memory Usage: 2425kB
                    ->  Seq Scan on title t  (cost=0.00..61283.27 rows=2528527 width=4) (actual time=0.019..986.632 rows=2528312 loops=1)
Planning time: 1.127 ms
Execution time: 50936.131 ms
