Seq Scan on cast_info ci  (cost=0.00..705507.15 rows=500 width=0) (actual time=6646.397..8594.445 rows=28 loops=1)
  Filter: (person_id = 2836061)
  Rows Removed by Filter: 36244316
Planning time: 0.377 ms
Execution time: 8594.530 ms
