Hash Join  (cost=193894.67..1336948.47 rows=11934310 width=0) (actual time=4474.449..35413.585 rows=25533123 loops=1)
  Hash Cond: (ci.movie_id = t.id)
  ->  Seq Scan on cast_info ci  (cost=0.00..705507.15 rows=27144679 width=4) (actual time=0.027..12577.244 rows=27295524 loops=1)
        Filter: (person_id > 880641)
        Rows Removed by Filter: 8948820
  ->  Hash  (cost=175655.66..175655.66 rows=1111681 width=8) (actual time=4473.456..4473.456 rows=1414367 loops=1)
        Buckets: 131072 (originally 131072)  Batches: 32 (originally 16)  Memory Usage: 3073kB
        ->  Hash Join  (cost=85280.32..175655.66 rows=1111681 width=8) (actual time=1262.648..4010.192 rows=1414367 loops=1)
              Hash Cond: (mc.movie_id = t.id)
              ->  Seq Scan on movie_companies mc  (cost=0.00..44881.29 rows=2609129 width=4) (actual time=0.008..749.135 rows=2609129 loops=1)
              ->  Hash  (cost=67604.59..67604.59 rows=1077339 width=4) (actual time=1261.682..1261.682 rows=1074765 loops=1)
                    Buckets: 131072  Batches: 16  Memory Usage: 3388kB
                    ->  Seq Scan on title t  (cost=0.00..67604.59 rows=1077339 width=4) (actual time=0.022..933.165 rows=1074765 loops=1)
                          Filter: (production_year < 2001)
                          Rows Removed by Filter: 1453547
Planning time: 1.188 ms
Execution time: 37992.409 ms
