Hash Join  (cost=52284.99..803089.06 rows=1490 width=0) (actual time=772.768..14062.737 rows=9501 loops=1)
  Hash Cond: (ci.movie_id = t.id)
  ->  Seq Scan on cast_info ci  (cost=0.00..614943.12 rows=36225612 width=4) (actual time=0.013..6231.895 rows=36244344 loops=1)
  ->  Hash  (cost=52283.69..52283.69 rows=104 width=8) (actual time=767.853..767.853 rows=514 loops=1)
        Buckets: 1024  Batches: 1  Memory Usage: 29kB
        ->  Nested Loop  (cost=0.43..52283.69 rows=104 width=8) (actual time=16.718..767.502 rows=514 loops=1)
              ->  Seq Scan on movie_companies mc  (cost=0.00..51404.11 rows=104 width=4) (actual time=16.631..755.056 rows=514 loops=1)
                    Filter: (company_id = 11180)
                    Rows Removed by Filter: 2608615
              ->  Index Only Scan using title_pkey on title t  (cost=0.43..8.45 rows=1 width=4) (actual time=0.023..0.023 rows=1 loops=514)
                    Index Cond: (id = mc.movie_id)
                    Heap Fetches: 514
Planning time: 0.847 ms
Execution time: 14065.058 ms
