Hash Join  (cost=709674.80..1084049.20 rows=392 width=0) (actual time=9726.394..14161.745 rows=89 loops=1)
  Hash Cond: (mi.movie_id = t.id)
  ->  Seq Scan on movie_info mi  (cost=0.00..346232.03 rows=7503588 width=4) (actual time=0.018..4455.479 rows=7548855 loops=1)
        Filter: (info_type_id > 7)
        Rows Removed by Filter: 7286865
  ->  Hash  (cost=709673.15..709673.15 rows=132 width=8) (actual time=8777.916..8777.916 rows=6 loops=1)
        Buckets: 1024  Batches: 1  Memory Usage: 9kB
        ->  Nested Loop  (cost=0.43..709673.15 rows=132 width=8) (actual time=6766.689..8777.897 rows=6 loops=1)
              ->  Seq Scan on cast_info ci  (cost=0.00..705507.15 rows=500 width=4) (actual time=6766.618..8777.667 rows=8 loops=1)
                    Filter: (person_id = 2103201)
                    Rows Removed by Filter: 36244336
              ->  Index Scan using title_pkey on title t  (cost=0.43..8.32 rows=1 width=4) (actual time=0.025..0.025 rows=1 loops=8)
                    Index Cond: (id = ci.movie_id)
                    Filter: (kind_id = 1)
                    Rows Removed by Filter: 0
Planning time: 1.237 ms
Execution time: 14161.900 ms
