Seq Scan on movie_keyword mk  (cost=0.00..81003.12 rows=1810762 width=0) (actual time=0.010..1299.803 rows=1814687 loops=1)
  Filter: (keyword_id < 2963)
  Rows Removed by Filter: 2709243
Planning time: 0.330 ms
Execution time: 1541.224 ms
