Hash Join  (cost=148282.41..175330.15 rows=13364 width=0) (actual time=2540.985..3151.789 rows=140399 loops=1)
  Hash Cond: (mi_idx.movie_id = t.id)
  ->  Seq Scan on movie_info_idx mi_idx  (cost=0.00..25185.44 rows=460978 width=4) (actual time=0.020..344.355 rows=459925 loops=1)
        Filter: (info_type_id = 99)
        Rows Removed by Filter: 920110
  ->  Hash  (cost=147366.08..147366.08 rows=73306 width=8) (actual time=2540.187..2540.187 rows=273724 loops=1)
        Buckets: 131072 (originally 131072)  Batches: 4 (originally 1)  Memory Usage: 3701kB
        ->  Hash Join  (cost=82581.58..147366.08 rows=73306 width=8) (actual time=1213.208..2444.493 rows=273724 loops=1)
              Hash Cond: (mc.movie_id = t.id)
              ->  Seq Scan on movie_companies mc  (cost=0.00..57926.93 rows=351336 width=4) (actual time=0.036..747.121 rows=662817 loops=1)
                    Filter: ((company_id > 46287) AND (company_type_id > 1))
                    Rows Removed by Filter: 1946312
              ->  Hash  (cost=73925.90..73925.90 rows=527574 width=4) (actual time=1212.388..1212.388 rows=609532 loops=1)
                    Buckets: 131072  Batches: 8  Memory Usage: 3715kB
                    ->  Seq Scan on title t  (cost=0.00..73925.90 rows=527574 width=4) (actual time=0.020..1013.565 rows=609532 loops=1)
                          Filter: ((kind_id < 7) AND (production_year < 2005))
                          Rows Removed by Filter: 1918780
Planning time: 1.192 ms
Execution time: 3167.484 ms
