Nested Loop  (cost=0.43..709674.40 rows=47 width=0) (actual time=3365.958..8564.636 rows=2 loops=1)
  ->  Seq Scan on cast_info ci  (cost=0.00..705507.15 rows=500 width=4) (actual time=733.664..8563.780 rows=32 loops=1)
        Filter: (person_id = 2785993)
        Rows Removed by Filter: 36244312
  ->  Index Scan using title_pkey on title t  (cost=0.43..8.32 rows=1 width=4) (actual time=0.025..0.025 rows=0 loops=32)
        Index Cond: (id = ci.movie_id)
        Filter: ((production_year > 2010) AND (kind_id = 7))
        Rows Removed by Filter: 1
Planning time: 0.732 ms
Execution time: 8564.751 ms
