Hash Join  (cost=111092.45..1158300.72 rows=1304917 width=0) (actual time=2544.536..28612.859 rows=2073797 loops=1)
  Hash Cond: (ci.movie_id = t.id)
  ->  Seq Scan on cast_info ci  (cost=0.00..614943.12 rows=36225612 width=4) (actual time=0.026..12493.589 rows=36244344 loops=1)
  ->  Hash  (cost=109597.93..109597.93 rows=91082 width=8) (actual time=2543.501..2543.501 rows=86658 loops=1)
        Buckets: 131072  Batches: 2  Memory Usage: 2706kB
        ->  Hash Join  (cost=70342.62..109597.93 rows=91082 width=8) (actual time=1079.239..2514.659 rows=86658 loops=1)
              Hash Cond: (mi_idx.movie_id = t.id)
              ->  Seq Scan on movie_info_idx mi_idx  (cost=0.00..21735.35 rows=1380035 width=4) (actual time=0.026..526.214 rows=1380035 loops=1)
              ->  Hash  (cost=67604.59..67604.59 rows=166883 width=4) (actual time=1078.457..1078.457 rows=168947 loops=1)
                    Buckets: 131072  Batches: 4  Memory Usage: 2507kB
                    ->  Seq Scan on title t  (cost=0.00..67604.59 rows=166883 width=4) (actual time=0.014..1026.655 rows=168947 loops=1)
                          Filter: (production_year < 1951)
                          Rows Removed by Filter: 2359365
Planning time: 1.170 ms
Execution time: 28874.356 ms
