Seq Scan on movie_keyword mk  (cost=0.00..81003.12 rows=246 width=0) (actual time=10.917..1074.930 rows=92 loops=1)
  Filter: (keyword_id = 12040)
  Rows Removed by Filter: 4523838
Planning time: 0.348 ms
Execution time: 1075.084 ms
