Seq Scan on movie_keyword mk  (cost=0.00..81003.12 rows=246 width=0) (actual time=0.713..1108.077 rows=456 loops=1)
  Filter: (keyword_id = 808)
  Rows Removed by Filter: 4523474
Planning time: 0.350 ms
Execution time: 1108.304 ms
