Hash Join  (cost=102767.86..190745.85 rows=838342 width=0) (actual time=1902.284..3998.548 rows=1149346 loops=1)
  Hash Cond: (mc.movie_id = t.id)
  ->  Seq Scan on movie_companies mc  (cost=0.00..57926.93 rows=838342 width=4) (actual time=205.097..988.382 rows=1149346 loops=1)
        Filter: ((company_id < 20922) AND (company_type_id < 2))
        Rows Removed by Filter: 1459783
  ->  Hash  (cost=61283.27..61283.27 rows=2528527 width=4) (actual time=1695.845..1695.845 rows=2528312 loops=1)
        Buckets: 131072  Batches: 64  Memory Usage: 2415kB
        ->  Seq Scan on title t  (cost=0.00..61283.27 rows=2528527 width=4) (actual time=0.039..839.138 rows=2528312 loops=1)
Planning time: 0.719 ms
Execution time: 4134.473 ms
