Seq Scan on cast_info ci  (cost=0.00..796071.18 rows=4015803 width=0) (actual time=1201.294..10339.069 rows=8172438 loops=1)
  Filter: ((person_id < 1113887) AND (role_id < 2))
  Rows Removed by Filter: 28071906
Planning time: 0.347 ms
Execution time: 11304.307 ms
