Hash Join  (cost=660094.64..1678739.79 rows=15943038 width=0) (actual time=13214.906..33685.130 rows=20211810 loops=1)
  Hash Cond: (ci.movie_id = t.id)
  ->  Seq Scan on cast_info ci  (cost=0.00..705507.15 rows=8107728 width=4) (actual time=419.935..9720.804 rows=7980779 loops=1)
        Filter: (person_id < 780136)
        Rows Removed by Filter: 28263565
  ->  Hash  (cost=578520.44..578520.44 rows=4972096 width=8) (actual time=12786.391..12786.391 rows=4923966 loops=1)
        Buckets: 131072  Batches: 128  Memory Usage: 2524kB
        ->  Hash Join  (cost=102767.86..578520.44 rows=4972096 width=8) (actual time=1610.282..11282.026 rows=4923966 loops=1)
              Hash Cond: (mi.movie_id = t.id)
              ->  Seq Scan on movie_info mi  (cost=0.00..346232.03 rows=4972096 width=4) (actual time=0.029..4700.567 rows=4923966 loops=1)
                    Filter: (info_type_id < 5)
                    Rows Removed by Filter: 9911754
              ->  Hash  (cost=61283.27..61283.27 rows=2528527 width=4) (actual time=1608.246..1608.246 rows=2528312 loops=1)
                    Buckets: 131072  Batches: 64  Memory Usage: 2425kB
                    ->  Seq Scan on title t  (cost=0.00..61283.27 rows=2528527 width=4) (actual time=0.016..766.075 rows=2528312 loops=1)
Planning time: 1.186 ms
Execution time: 36141.613 ms
