Hash Join  (cost=67697.55..130101.11 rows=3484 width=0) (actual time=1220.782..1913.812 rows=1466 loops=1)
  Hash Cond: (mc.movie_id = t.id)
  ->  Seq Scan on movie_companies mc  (cost=0.00..57926.93 rows=1184475 width=4) (actual time=202.606..966.997 rows=1274246 loops=1)
        Filter: ((company_id < 115117) AND (company_type_id < 2))
        Rows Removed by Filter: 1334883
  ->  Hash  (cost=67604.59..67604.59 rows=7437 width=4) (actual time=758.778..758.778 rows=1487 loops=1)
        Buckets: 8192  Batches: 1  Memory Usage: 117kB
        ->  Seq Scan on title t  (cost=0.00..67604.59 rows=7437 width=4) (actual time=0.266..757.967 rows=1487 loops=1)
              Filter: (production_year = 1907)
              Rows Removed by Filter: 2526825
Planning time: 0.702 ms
Execution time: 1914.145 ms
