Hash Join  (cost=82805.75..118685.55 rows=170224 width=0) (actual time=1332.743..2237.897 rows=206972 loops=1)
  Hash Cond: (mi_idx.movie_id = t.id)
  ->  Seq Scan on movie_info_idx mi_idx  (cost=0.00..25185.44 rows=464566 width=4) (actual time=0.020..414.421 rows=459925 loops=1)
        Filter: (info_type_id = 101)
        Rows Removed by Filter: 920110
  ->  Hash  (cost=67604.59..67604.59 rows=926493 width=4) (actual time=1331.958..1331.958 rows=924605 loops=1)
        Buckets: 131072  Batches: 16  Memory Usage: 3056kB
        ->  Seq Scan on title t  (cost=0.00..67604.59 rows=926493 width=4) (actual time=0.010..1032.114 rows=924605 loops=1)
              Filter: (production_year < 1998)
              Rows Removed by Filter: 1603707
Planning time: 0.789 ms
Execution time: 2265.526 ms
