Nested Loop  (cost=0.43..52283.95 rows=61 width=0) (actual time=269.188..631.824 rows=2 loops=1)
  ->  Seq Scan on movie_companies mc  (cost=0.00..51404.11 rows=104 width=4) (actual time=269.111..631.683 rows=2 loops=1)
        Filter: (company_id = 45777)
        Rows Removed by Filter: 2609127
  ->  Index Scan using title_pkey on title t  (cost=0.43..8.45 rows=1 width=4) (actual time=0.062..0.062 rows=1 loops=2)
        Index Cond: (id = mc.movie_id)
        Filter: (production_year > 1998)
Planning time: 0.850 ms
Execution time: 631.935 ms
