Seq Scan on movie_keyword mk  (cost=0.00..81003.12 rows=1887109 width=0) (actual time=0.026..1504.256 rows=1899092 loops=1)
  Filter: (keyword_id < 3254)
  Rows Removed by Filter: 2624838
Planning time: 1.358 ms
Execution time: 1737.523 ms
