Hash Join  (cost=102767.86..202891.42 rows=384027 width=0) (actual time=1587.983..3482.639 rows=381519 loops=1)
  Hash Cond: (mk.movie_id = t.id)
  ->  Seq Scan on movie_keyword mk  (cost=0.00..81003.12 rows=384027 width=4) (actual time=0.026..1148.427 rows=381519 loops=1)
        Filter: (keyword_id > 44824)
        Rows Removed by Filter: 4142411
  ->  Hash  (cost=61283.27..61283.27 rows=2528527 width=4) (actual time=1587.159..1587.159 rows=2528312 loops=1)
        Buckets: 131072  Batches: 64  Memory Usage: 2425kB
        ->  Seq Scan on title t  (cost=0.00..61283.27 rows=2528527 width=4) (actual time=0.014..781.771 rows=2528312 loops=1)
Planning time: 1.707 ms
Execution time: 3531.651 ms
