Hash Join  (cost=365418.15..1543693.54 rows=23632552 width=0) (actual time=8014.598..44904.905 rows=79194964 loops=1)
  Hash Cond: (ci.movie_id = t.id)
  ->  Seq Scan on cast_info ci  (cost=0.00..705507.15 rows=13208769 width=4) (actual time=0.027..11036.773 rows=13336633 loops=1)
        Filter: (person_id > 2338937)
        Rows Removed by Filter: 22907711
  ->  Hash  (cost=291197.02..291197.02 rows=4523930 width=8) (actual time=8013.156..8013.156 rows=4523930 loops=1)
        Buckets: 131072  Batches: 64  Memory Usage: 3816kB
        ->  Hash Join  (cost=102767.86..291197.02 rows=4523930 width=8) (actual time=1674.521..6659.467 rows=4523930 loops=1)
              Hash Cond: (mk.movie_id = t.id)
              ->  Seq Scan on movie_keyword mk  (cost=0.00..69693.30 rows=4523930 width=4) (actual time=0.018..1158.870 rows=4523930 loops=1)
              ->  Hash  (cost=61283.27..61283.27 rows=2528527 width=4) (actual time=1673.820..1673.820 rows=2528312 loops=1)
                    Buckets: 131072  Batches: 64  Memory Usage: 2425kB
                    ->  Seq Scan on title t  (cost=0.00..61283.27 rows=2528527 width=4) (actual time=0.016..799.158 rows=2528312 loops=1)
Planning time: 1.163 ms
Execution time: 52737.741 ms
