Seq Scan on movie_keyword mk  (cost=0.00..81003.12 rows=169469 width=0) (actual time=0.023..1109.099 rows=164589 loops=1)
  Filter: (keyword_id > 72521)
  Rows Removed by Filter: 4359341
Planning time: 2.165 ms
Execution time: 1132.270 ms
