Hash Join  (cost=159775.28..974100.78 rows=130981 width=0) (actual time=2078.615..20007.274 rows=244983 loops=1)
  Hash Cond: (ci.movie_id = t.id)
  ->  Seq Scan on cast_info ci  (cost=0.00..705507.15 rows=28668949 width=4) (actual time=0.019..13105.936 rows=28808107 loops=1)
        Filter: (role_id < 8)
        Rows Removed by Filter: 7436237
  ->  Hash  (cost=159630.88..159630.88 rows=11552 width=8) (actual time=2077.873..2077.873 rows=8208 loops=1)
        Buckets: 16384  Batches: 1  Memory Usage: 449kB
        ->  Hash Join  (cost=74246.92..159630.88 rows=11552 width=8) (actual time=787.758..2074.529 rows=8208 loops=1)
              Hash Cond: (mk.movie_id = t.id)
              ->  Seq Scan on movie_keyword mk  (cost=0.00..81003.12 rows=1137418 width=4) (actual time=0.032..1082.458 rows=1146297 loops=1)
                    Filter: (keyword_id < 1309)
                    Rows Removed by Filter: 3377633
              ->  Hash  (cost=73925.90..73925.90 rows=25681 width=4) (actual time=787.495..787.495 rows=23707 loops=1)
                    Buckets: 32768  Batches: 1  Memory Usage: 1090kB
                    ->  Seq Scan on title t  (cost=0.00..73925.90 rows=25681 width=4) (actual time=0.092..778.613 rows=23707 loops=1)
                          Filter: ((kind_id < 7) AND (production_year = 2013))
                          Rows Removed by Filter: 2504605
Planning time: 1.174 ms
Execution time: 20044.572 ms
