Hash Join  (cost=175027.18..1358289.68 rows=11340628 width=0) (actual time=3360.554..39591.483 rows=23458524 loops=1)
  Hash Cond: (ci.movie_id = t.id)
  ->  Seq Scan on cast_info ci  (cost=0.00..705507.15 rows=31200551 width=4) (actual time=0.035..13821.150 rows=31344624 loops=1)
        Filter: (person_id > 476205)
        Rows Removed by Filter: 4899720
  ->  Hash  (cost=159947.97..159947.97 rows=919057 width=8) (actual time=3359.580..3359.580 rows=920110 loops=1)
        Buckets: 131072  Batches: 16  Memory Usage: 3269kB
        ->  Hash Join  (cost=102767.86..159947.97 rows=919057 width=8) (actual time=1632.287..3086.691 rows=920110 loops=1)
              Hash Cond: (mi_idx.movie_id = t.id)
              ->  Seq Scan on movie_info_idx mi_idx  (cost=0.00..25185.44 rows=919057 width=4) (actual time=0.018..348.236 rows=920110 loops=1)
                    Filter: (info_type_id > 99)
                    Rows Removed by Filter: 459925
              ->  Hash  (cost=61283.27..61283.27 rows=2528527 width=4) (actual time=1631.641..1631.641 rows=2528312 loops=1)
                    Buckets: 131072  Batches: 64  Memory Usage: 2415kB
                    ->  Seq Scan on title t  (cost=0.00..61283.27 rows=2528527 width=4) (actual time=0.022..804.121 rows=2528312 loops=1)
Planning time: 2.548 ms
Execution time: 42139.694 ms
