Hash Join  (cost=184207.13..1001919.44 rows=495628 width=0) (actual time=10784.704..18405.297 rows=5282205 loops=1)
  Hash Cond: (ci.movie_id = t.id)
  ->  Seq Scan on cast_info ci  (cost=0.00..796071.18 rows=1033027 width=4) (actual time=6643.050..10209.423 rows=3999701 loops=1)
        Filter: ((person_id > 3325163) AND (role_id > 4))
        Rows Removed by Filter: 32244643
  ->  Hash  (cost=164303.84..164303.84 rows=1213143 width=8) (actual time=4140.641..4140.641 rows=1247330 loops=1)
        Buckets: 131072  Batches: 16  Memory Usage: 4074kB
        ->  Hash Join  (cost=104071.89..164303.84 rows=1213143 width=8) (actual time=2049.464..3771.258 rows=1247330 loops=1)
              Hash Cond: (mi_idx.movie_id = t.id)
              ->  Seq Scan on movie_info_idx mi_idx  (cost=0.00..21735.35 rows=1380035 width=4) (actual time=0.033..320.617 rows=1380035 loops=1)
              ->  Hash  (cost=67604.59..67604.59 rows=2222744 width=4) (actual time=2047.999..2047.999 rows=2214818 loops=1)
                    Buckets: 131072  Batches: 32  Memory Usage: 3459kB
                    ->  Seq Scan on title t  (cost=0.00..67604.59 rows=2222744 width=4) (actual time=0.017..1110.606 rows=2214818 loops=1)
                          Filter: (production_year > 1959)
                          Rows Removed by Filter: 313494
Planning time: 1.152 ms
Execution time: 19063.373 ms
