Hash Join  (cost=92883.59..169126.52 rows=396314 width=0) (actual time=1493.685..3149.411 rows=198627 loops=1)
  Hash Cond: (mc.movie_id = t.id)
  ->  Seq Scan on movie_companies mc  (cost=0.00..57926.93 rows=650371 width=4) (actual time=1.586..859.409 rows=902986 loops=1)
        Filter: ((company_id > 11373) AND (company_type_id = 2))
        Rows Removed by Filter: 1706143
  ->  Hash  (cost=67604.59..67604.59 rows=1540800 width=4) (actual time=1490.902..1490.902 rows=1543264 loops=1)
        Buckets: 131072  Batches: 32  Memory Usage: 2722kB
        ->  Seq Scan on title t  (cost=0.00..67604.59 rows=1540800 width=4) (actual time=92.538..971.703 rows=1543264 loops=1)
              Filter: (kind_id = 7)
              Rows Removed by Filter: 985048
Planning time: 0.960 ms
Execution time: 3175.482 ms
