Hash Join  (cost=274009.02..1636719.16 rows=27609698 width=0) (actual time=4856.685..34448.332 rows=19325307 loops=1)
  Hash Cond: (ci.movie_id = t.id)
  ->  Seq Scan on cast_info ci  (cost=0.00..614943.12 rows=36225612 width=4) (actual time=0.017..10206.903 rows=36244344 loops=1)
  ->  Hash  (cost=242391.76..242391.76 rows=1927141 width=8) (actual time=4855.666..4855.666 rows=550133 loops=1)
        Buckets: 131072  Batches: 32  Memory Usage: 1664kB
        ->  Hash Join  (cost=98033.59..242391.76 rows=1927141 width=8) (actual time=1718.198..4711.575 rows=550133 loops=1)
              Hash Cond: (mk.movie_id = t.id)
              ->  Seq Scan on movie_keyword mk  (cost=0.00..81003.12 rows=3316169 width=4) (actual time=0.008..1339.097 rows=3314454 loops=1)
                    Filter: (keyword_id > 1515)
                    Rows Removed by Filter: 1209476
              ->  Hash  (cost=73925.90..73925.90 rows=1469415 width=4) (actual time=1717.065..1717.065 rows=1450465 loops=1)
                    Buckets: 131072  Batches: 32  Memory Usage: 2623kB
                    ->  Seq Scan on title t  (cost=0.00..73925.90 rows=1469415 width=4) (actual time=0.015..1169.029 rows=1450465 loops=1)
                          Filter: ((kind_id > 4) AND (production_year < 2013))
                          Rows Removed by Filter: 1077847
Planning time: 0.859 ms
Execution time: 36492.162 ms
