Hash Join  (cost=431414.90..518887.99 rows=81505 width=0) (actual time=6996.399..8093.389 rows=209599 loops=1)
  Hash Cond: (mk.movie_id = t.id)
  ->  Seq Scan on movie_keyword mk  (cost=0.00..69693.30 rows=4523930 width=4) (actual time=0.020..837.830 rows=4523930 loops=1)
  ->  Hash  (cost=430845.47..430845.47 rows=45555 width=8) (actual time=5774.438..5774.438 rows=94347 loops=1)
        Buckets: 131072 (originally 65536)  Batches: 2 (originally 1)  Memory Usage: 3073kB
        ->  Hash Join  (cost=69090.10..430845.47 rows=45555 width=8) (actual time=3296.146..5741.117 rows=94347 loops=1)
              Hash Cond: (mi.movie_id = t.id)
              ->  Seq Scan on movie_info mi  (cost=0.00..346232.03 rows=1272478 width=4) (actual time=2346.099..4278.281 rows=1325361 loops=1)
                    Filter: (info_type_id = 8)
                    Rows Removed by Filter: 13510359
              ->  Hash  (cost=67604.59..67604.59 rows=90521 width=4) (actual time=949.410..949.410 rows=90852 loops=1)
                    Buckets: 131072  Batches: 2  Memory Usage: 2632kB
                    ->  Seq Scan on title t  (cost=0.00..67604.59 rows=90521 width=4) (actual time=0.016..916.187 rows=90852 loops=1)
                          Filter: (kind_id = 2)
                          Rows Removed by Filter: 2437460
Planning time: 1.103 ms
Execution time: 8121.364 ms
