Seq Scan on movie_companies mc  (cost=0.00..57926.93 rows=98741 width=0) (actual time=230.249..718.404 rows=194781 loops=1)
  Filter: ((company_id > 115132) AND (company_type_id = 2))
  Rows Removed by Filter: 2414348
Planning time: 0.382 ms
Execution time: 743.765 ms
