Seq Scan on movie_keyword mk  (cost=0.00..81003.12 rows=1608181 width=0) (actual time=0.023..1135.233 rows=1620429 loops=1)
  Filter: (keyword_id > 9290)
  Rows Removed by Filter: 2903501
Planning time: 0.230 ms
Execution time: 1339.976 ms
