Hash Join  (cost=102767.86..185959.90 rows=639453 width=0) (actual time=1923.915..4065.012 rows=896912 loops=1)
  Hash Cond: (mc.movie_id = t.id)
  ->  Seq Scan on movie_companies mc  (cost=0.00..57926.93 rows=639453 width=4) (actual time=0.033..1063.625 rows=896912 loops=1)
        Filter: ((company_id > 11474) AND (company_type_id > 1))
        Rows Removed by Filter: 1712217
  ->  Hash  (cost=61283.27..61283.27 rows=2528527 width=4) (actual time=1922.292..1922.292 rows=2528312 loops=1)
        Buckets: 131072  Batches: 64  Memory Usage: 2415kB
        ->  Seq Scan on title t  (cost=0.00..61283.27 rows=2528527 width=4) (actual time=0.010..1071.629 rows=2528312 loops=1)
Planning time: 0.754 ms
Execution time: 4166.954 ms
