Nested Loop  (cost=0.43..709671.90 rows=500 width=0) (actual time=1325.224..8761.805 rows=245 loops=1)
  ->  Seq Scan on cast_info ci  (cost=0.00..705507.15 rows=500 width=4) (actual time=1325.043..8758.254 rows=245 loops=1)
        Filter: (person_id = 1346148)
        Rows Removed by Filter: 36244099
  ->  Index Only Scan using title_pkey on title t  (cost=0.43..8.32 rows=1 width=4) (actual time=0.013..0.013 rows=1 loops=245)
        Index Cond: (id = ci.movie_id)
        Heap Fetches: 245
Planning time: 0.735 ms
Execution time: 8761.942 ms
