Hash Join  (cost=834802.94..1577120.04 rows=2155544 width=0) (actual time=19122.490..30547.799 rows=2900652 loops=1)
  Hash Cond: (mi.movie_id = t.id)
  ->  Seq Scan on movie_info mi  (cost=0.00..309384.22 rows=14739122 width=4) (actual time=0.016..4527.548 rows=14835720 loops=1)
  ->  Hash  (cost=828735.59..828735.59 rows=369788 width=8) (actual time=18984.931..18984.931 rows=240116 loops=1)
        Buckets: 131072  Batches: 8  Memory Usage: 2173kB
        ->  Hash Join  (cost=74248.54..828735.59 rows=369788 width=8) (actual time=953.023..18868.879 rows=240116 loops=1)
              Hash Cond: (ci.movie_id = t.id)
              ->  Seq Scan on cast_info ci  (cost=0.00..614943.12 rows=36225612 width=4) (actual time=0.013..6679.884 rows=36244344 loops=1)
              ->  Hash  (cost=73925.90..73925.90 rows=25811 width=4) (actual time=951.911..951.911 rows=73351 loops=1)
                    Buckets: 131072 (originally 32768)  Batches: 1 (originally 1)  Memory Usage: 3603kB
                    ->  Seq Scan on title t  (cost=0.00..73925.90 rows=25811 width=4) (actual time=149.561..923.281 rows=73351 loops=1)
                          Filter: ((kind_id < 4) AND (production_year < 1917))
                          Rows Removed by Filter: 2454961
Planning time: 1.215 ms
Execution time: 30893.426 ms
