Hash Join  (cost=93417.65..171084.16 rows=624735 width=0) (actual time=1744.747..3199.531 rows=276866 loops=1)
  Hash Cond: (mc.movie_id = t.id)
  ->  Seq Scan on movie_companies mc  (cost=0.00..51404.11 rows=1329612 width=4) (actual time=215.109..788.679 rows=1334883 loops=1)
        Filter: (company_type_id = 2)
        Rows Removed by Filter: 1274246
  ->  Hash  (cost=73925.90..73925.90 rows=1188060 width=4) (actual time=1528.522..1528.522 rows=1276679 loops=1)
        Buckets: 131072  Batches: 16  Memory Usage: 3840kB
        ->  Seq Scan on title t  (cost=0.00..73925.90 rows=1188060 width=4) (actual time=0.028..1144.636 rows=1276679 loops=1)
              Filter: ((production_year > 1979) AND (kind_id = 7))
              Rows Removed by Filter: 1251633
Planning time: 0.754 ms
Execution time: 3234.202 ms
