Hash Join  (cost=89053.92..231155.42 rows=1649747 width=0) (actual time=1265.506..5343.386 rows=3744614 loops=1)
  Hash Cond: (mk.movie_id = t.id)
  ->  Seq Scan on movie_keyword mk  (cost=0.00..69693.30 rows=4523930 width=4) (actual time=0.012..1277.170 rows=4523930 loops=1)
  ->  Hash  (cost=73925.90..73925.90 rows=922081 width=4) (actual time=1264.529..1264.529 rows=938411 loops=1)
        Buckets: 131072  Batches: 16  Memory Usage: 3095kB
        ->  Seq Scan on title t  (cost=0.00..73925.90 rows=922081 width=4) (actual time=0.024..970.059 rows=938411 loops=1)
              Filter: ((kind_id < 6) AND (production_year < 2013))
              Rows Removed by Filter: 1589901
Planning time: 0.755 ms
Execution time: 5719.654 ms
