Hash Join  (cost=130489.74..524235.47 rows=46945 width=0) (actual time=2634.766..9103.408 rows=135073 loops=1)
  Hash Cond: (mi.movie_id = t.id)
  ->  Seq Scan on movie_info mi  (cost=0.00..346232.03 rows=12545135 width=4) (actual time=0.014..4900.796 rows=12601870 loops=1)
        Filter: (info_type_id < 17)
        Rows Removed by Filter: 2233850
  ->  Hash  (cost=130371.46..130371.46 rows=9462 width=8) (actual time=1985.132..1985.132 rows=16437 loops=1)
        Buckets: 32768 (originally 16384)  Batches: 1 (originally 1)  Memory Usage: 899kB
        ->  Hash Join  (cost=75356.03..130371.46 rows=9462 width=8) (actual time=1208.519..1978.442 rows=16437 loops=1)
              Hash Cond: (mc.movie_id = t.id)
              ->  Seq Scan on movie_companies mc  (cost=0.00..51404.11 rows=274587 width=4) (actual time=83.299..728.207 rows=276352 loops=1)
                    Filter: (company_id > 96463)
                    Rows Removed by Filter: 2332777
              ->  Hash  (cost=73925.90..73925.90 rows=87130 width=4) (actual time=1124.410..1124.410 rows=96838 loops=1)
                    Buckets: 131072  Batches: 2  Memory Usage: 2720kB
                    ->  Seq Scan on title t  (cost=0.00..73925.90 rows=87130 width=4) (actual time=586.531..1091.002 rows=96838 loops=1)
                          Filter: ((production_year < 2010) AND (kind_id = 4))
                          Rows Removed by Filter: 2431474
Planning time: 0.918 ms
Execution time: 9122.794 ms
