Seq Scan on cast_info ci  (cost=0.00..705507.15 rows=500 width=0) (actual time=4262.714..8789.520 rows=17 loops=1)
  Filter: (person_id = 1167745)
  Rows Removed by Filter: 36244327
Planning time: 0.348 ms
Execution time: 8789.589 ms
