Hash Join  (cost=121810.99..256619.56 rows=276223 width=0) (actual time=2638.236..6847.916 rows=4125204 loops=1)
  Hash Cond: (mk.movie_id = t.id)
  ->  Seq Scan on movie_keyword mk  (cost=0.00..81003.12 rows=4360326 width=4) (actual time=0.016..1800.749 rows=4346368 loops=1)
        Filter: (keyword_id > 121)
        Rows Removed by Filter: 177562
  ->  Hash  (cost=119182.74..119182.74 rows=160180 width=8) (actual time=2636.873..2636.873 rows=377305 loops=1)
        Buckets: 131072 (originally 131072)  Batches: 8 (originally 4)  Memory Usage: 3073kB
        ->  Hash Join  (cost=78741.46..119182.74 rows=160180 width=8) (actual time=1319.015..2531.953 rows=377305 loops=1)
              Hash Cond: (mi_idx.movie_id = t.id)
              ->  Seq Scan on movie_info_idx mi_idx  (cost=0.00..21735.35 rows=1380035 width=4) (actual time=0.010..459.111 rows=1380035 loops=1)
              ->  Hash  (cost=73925.90..73925.90 rows=293484 width=4) (actual time=1318.146..1318.146 rows=411690 loops=1)
                    Buckets: 131072 (originally 131072)  Batches: 8 (originally 4)  Memory Usage: 3073kB
                    ->  Seq Scan on title t  (cost=0.00..73925.90 rows=293484 width=4) (actual time=0.011..1174.666 rows=411690 loops=1)
                          Filter: ((kind_id < 7) AND (production_year < 1993))
                          Rows Removed by Filter: 2116622
Planning time: 1.096 ms
Execution time: 7230.320 ms
