Seq Scan on cast_info ci  (cost=0.00..796071.18 rows=13509303 width=0) (actual time=1673.328..11973.923 rows=19293207 loops=1)
  Filter: ((person_id > 1504729) AND (role_id > 1))
  Rows Removed by Filter: 16951137
Planning time: 0.349 ms
Execution time: 14149.621 ms
