Hash Join  (cost=79572.46..162452.21 rows=5582 width=0) (actual time=1097.904..2264.856 rows=3536 loops=1)
  Hash Cond: (mk.movie_id = t.id)
  ->  Seq Scan on movie_keyword mk  (cost=0.00..81003.12 rows=41017 width=4) (actual time=0.123..1104.680 rows=41840 loops=1)
        Filter: (keyword_id = 117)
        Rows Removed by Filter: 4482090
  ->  Hash  (cost=73925.90..73925.90 rows=344124 width=4) (actual time=1095.912..1095.912 rows=277148 loops=1)
        Buckets: 131072  Batches: 8  Memory Usage: 2242kB
        ->  Seq Scan on title t  (cost=0.00..73925.90 rows=344124 width=4) (actual time=0.033..1002.590 rows=277148 loops=1)
              Filter: ((kind_id < 4) AND (production_year > 2005))
              Rows Removed by Filter: 2251164
Planning time: 0.784 ms
Execution time: 2265.730 ms
