Hash Join  (cost=96356.06..238214.77 rows=1895956 width=0) (actual time=1750.972..5341.186 rows=1655945 loops=1)
  Hash Cond: (mk.movie_id = t.id)
  ->  Seq Scan on movie_keyword mk  (cost=0.00..81003.12 rows=2735604 width=4) (actual time=0.026..1438.598 rows=2727118 loops=1)
        Filter: (keyword_id < 7763)
        Rows Removed by Filter: 1796812
  ->  Hash  (cost=67604.59..67604.59 rows=1752438 width=4) (actual time=1749.002..1749.002 rows=1749032 loops=1)
        Buckets: 131072  Batches: 32  Memory Usage: 2958kB
        ->  Seq Scan on title t  (cost=0.00..67604.59 rows=1752438 width=4) (actual time=0.030..1165.563 rows=1749032 loops=1)
              Filter: (production_year > 1990)
              Rows Removed by Filter: 779280
Planning time: 0.764 ms
Execution time: 5525.968 ms
