Seq Scan on movie_companies mc  (cost=0.00..57926.93 rows=368291 width=0) (actual time=50.133..754.699 rows=684010 loops=1)
  Filter: ((company_id > 41151) AND (company_type_id = 2))
  Rows Removed by Filter: 1925119
Planning time: 0.303 ms
Execution time: 840.942 ms
