Hash Join  (cost=102767.86..219951.71 rows=2323184 width=0) (actual time=1739.274..5037.518 rows=2320601 loops=1)
  Hash Cond: (mc.movie_id = t.id)
  ->  Seq Scan on movie_companies mc  (cost=0.00..51404.11 rows=2323184 width=4) (actual time=0.022..982.321 rows=2320601 loops=1)
        Filter: (company_id < 95066)
        Rows Removed by Filter: 288528
  ->  Hash  (cost=61283.27..61283.27 rows=2528527 width=4) (actual time=1738.486..1738.486 rows=2528312 loops=1)
        Buckets: 131072  Batches: 64  Memory Usage: 2415kB
        ->  Seq Scan on title t  (cost=0.00..61283.27 rows=2528527 width=4) (actual time=0.009..873.719 rows=2528312 loops=1)
Planning time: 0.740 ms
Execution time: 5276.208 ms
