Hash Join  (cost=92125.69..180837.06 rows=374779 width=134) (actual time=1460.492..3927.742 rows=335712 loops=1)
  Hash Cond: (mc.movie_id = t.id)
  ->  Seq Scan on movie_companies mc  (cost=0.00..51404.11 rows=1049191 width=40) (actual time=0.018..752.603 rows=1059321 loops=1)
        Filter: (company_id > 14755)
        Rows Removed by Filter: 1549808
  ->  Hash  (cost=67604.59..67604.59 rows=903208 width=94) (actual time=1460.105..1460.105 rows=904491 loops=1)
        Buckets: 32768  Batches: 32  Memory Usage: 3445kB
        ->  Seq Scan on title t  (cost=0.00..67604.59 rows=903208 width=94) (actual time=0.024..1090.850 rows=904491 loops=1)
              Filter: (production_year > 2006)
              Rows Removed by Filter: 1623821
Planning time: 13.185 ms
Execution time: 3947.578 ms
