Hash Join  (cost=80380.17..155955.46 rows=307183 width=0) (actual time=1555.860..2992.377 rows=324671 loops=1)
  Hash Cond: (mc.movie_id = t.id)
  ->  Seq Scan on movie_companies mc  (cost=0.00..57926.93 rows=997473 width=4) (actual time=245.361..1133.931 rows=699822 loops=1)
        Filter: ((company_id < 53274) AND (company_type_id > 1))
        Rows Removed by Filter: 1909307
  ->  Hash  (cost=67604.59..67604.59 rows=778687 width=4) (actual time=1309.360..1309.360 rows=782677 loops=1)
        Buckets: 131072  Batches: 16  Memory Usage: 2744kB
        ->  Seq Scan on title t  (cost=0.00..67604.59 rows=778687 width=4) (actual time=0.030..1059.427 rows=782677 loops=1)
              Filter: (production_year < 1994)
              Rows Removed by Filter: 1745635
Planning time: 0.536 ms
Execution time: 3029.567 ms
