Hash Join  (cost=213751.49..261435.21 rows=582324 width=0) (actual time=3998.874..5349.776 rows=1034751 loops=1)
  Hash Cond: (mi_idx.movie_id = t.id)
  ->  Seq Scan on movie_info_idx mi_idx  (cost=0.00..21735.35 rows=1380035 width=4) (actual time=0.026..417.436 rows=1380035 loops=1)
  ->  Hash  (cost=196246.67..196246.67 rows=1066946 width=8) (actual time=3998.190..3998.190 rows=813666 loops=1)
        Buckets: 131072  Batches: 16  Memory Usage: 3000kB
        ->  Hash Join  (cost=102767.86..196246.67 rows=1066946 width=8) (actual time=1700.701..3763.853 rows=813666 loops=1)
              Hash Cond: (mc.movie_id = t.id)
              ->  Seq Scan on movie_companies mc  (cost=0.00..57926.93 rows=1066946 width=4) (actual time=0.016..996.766 rows=813666 loops=1)
                    Filter: ((company_id < 73288) AND (company_type_id > 1))
                    Rows Removed by Filter: 1795463
              ->  Hash  (cost=61283.27..61283.27 rows=2528527 width=4) (actual time=1698.705..1698.705 rows=2528312 loops=1)
                    Buckets: 131072  Batches: 64  Memory Usage: 2415kB
                    ->  Seq Scan on title t  (cost=0.00..61283.27 rows=2528527 width=4) (actual time=0.019..861.367 rows=2528312 loops=1)
Planning time: 1.046 ms
Execution time: 5452.408 ms
