Hash Join  (cost=103574.60..164902.08 rows=54823 width=0) (actual time=1767.699..2835.318 rows=41893 loops=1)
  Hash Cond: (mc.movie_id = t.id)
  ->  Seq Scan on movie_companies mc  (cost=0.00..51404.11 rows=63228 width=4) (actual time=0.037..653.580 rows=62075 loops=1)
        Filter: (company_id = 6)
        Rows Removed by Filter: 2547054
  ->  Hash  (cost=67604.59..67604.59 rows=2192401 width=4) (actual time=1766.832..1766.832 rows=2182316 loops=1)
        Buckets: 131072  Batches: 32  Memory Usage: 3425kB
        ->  Seq Scan on title t  (cost=0.00..67604.59 rows=2192401 width=4) (actual time=0.023..1070.277 rows=2182316 loops=1)
              Filter: (production_year > 1962)
              Rows Removed by Filter: 345996
Planning time: 0.730 ms
Execution time: 2840.480 ms
