Nested Loop  (cost=0.43..103557.56 rows=7566 width=0) (actual time=0.592..786.208 rows=8702 loops=1)
  ->  Seq Scan on movie_companies mc  (cost=0.00..51404.11 rows=7566 width=4) (actual time=0.519..502.891 rows=8702 loops=1)
        Filter: (company_id = 596)
        Rows Removed by Filter: 2600427
  ->  Index Only Scan using title_pkey on title t  (cost=0.43..6.88 rows=1 width=4) (actual time=0.032..0.032 rows=1 loops=8702)
        Index Cond: (id = mc.movie_id)
        Heap Fetches: 8702
Planning time: 0.681 ms
Execution time: 788.013 ms
