Hash Join  (cost=92883.59..221920.40 rows=1354153 width=0) (actual time=2817.442..4274.768 rows=337858 loops=1)
  Hash Cond: (mk.movie_id = t.id)
  ->  Seq Scan on movie_keyword mk  (cost=0.00..81003.12 rows=2222231 width=4) (actual time=0.030..1348.810 rows=2216002 loops=1)
        Filter: (keyword_id > 4958)
        Rows Removed by Filter: 2307928
  ->  Hash  (cost=67604.59..67604.59 rows=1540800 width=4) (actual time=1580.589..1580.589 rows=1543264 loops=1)
        Buckets: 131072  Batches: 32  Memory Usage: 2728kB
        ->  Seq Scan on title t  (cost=0.00..67604.59 rows=1540800 width=4) (actual time=0.026..1068.067 rows=1543264 loops=1)
              Filter: (kind_id = 7)
              Rows Removed by Filter: 985048
Planning time: 0.685 ms
Execution time: 4315.512 ms
