Seq Scan on movie_companies mc  (cost=0.00..57926.93 rows=314005 width=0) (actual time=319.137..737.395 rows=18134 loops=1)
  Filter: ((company_id > 55785) AND (company_type_id < 2))
  Rows Removed by Filter: 2590995
Planning time: 0.317 ms
Execution time: 740.134 ms
