Hash Join  (cost=104131.46..646564.24 rows=7637177 width=0) (actual time=1862.236..13711.700 rows=8166193 loops=1)
  Hash Cond: (mi.movie_id = t.id)
  ->  Seq Scan on movie_info mi  (cost=0.00..346232.03 rows=8673596 width=4) (actual time=0.035..5360.990 rows=8786582 loops=1)
        Filter: (info_type_id < 13)
        Rows Removed by Filter: 6049138
  ->  Hash  (cost=67604.59..67604.59 rows=2226390 width=4) (actual time=1861.278..1861.278 rows=2224569 loops=1)
        Buckets: 131072  Batches: 32  Memory Usage: 3472kB
        ->  Seq Scan on title t  (cost=0.00..67604.59 rows=2226390 width=4) (actual time=0.015..1130.332 rows=2224569 loops=1)
              Filter: (production_year < 2012)
              Rows Removed by Filter: 303743
Planning time: 0.688 ms
Execution time: 14458.282 ms
