Seq Scan on movie_keyword mk  (cost=0.00..81003.12 rows=3099618 width=0) (actual time=0.028..1389.245 rows=3084313 loops=1)
  Filter: (keyword_id > 2006)
  Rows Removed by Filter: 1439617
Planning time: 0.298 ms
Execution time: 1791.901 ms
