Hash Join  (cost=67612.84..128281.56 rows=191 width=0) (actual time=928.945..1683.239 rows=548 loops=1)
  Hash Cond: (mc.movie_id = t.id)
  ->  Seq Scan on movie_companies mc  (cost=0.00..57926.93 rows=730635 width=4) (actual time=0.022..682.573 rows=455821 loops=1)
        Filter: ((company_id < 12563) AND (company_type_id > 1))
        Rows Removed by Filter: 2153308
  ->  Hash  (cost=67604.59..67604.59 rows=660 width=4) (actual time=927.352..927.352 rows=3515 loops=1)
        Buckets: 4096 (originally 1024)  Batches: 1 (originally 1)  Memory Usage: 156kB
        ->  Seq Scan on title t  (cost=0.00..67604.59 rows=660 width=4) (actual time=0.064..925.588 rows=3515 loops=1)
              Filter: (production_year > 2013)
              Rows Removed by Filter: 2524797
Planning time: 0.691 ms
Execution time: 1683.451 ms
