Seq Scan on movie_keyword mk  (cost=0.00..81003.12 rows=2752289 width=0) (actual time=0.016..1302.551 rows=2748513 loops=1)
  Filter: (keyword_id < 7799)
  Rows Removed by Filter: 1775417
Planning time: 0.289 ms
Execution time: 1654.919 ms
