Hash Join  (cost=810077.03..2278320.00 rows=39329443 width=0) (actual time=22627.985..55702.474 rows=42052065 loops=1)
  Hash Cond: (ci.movie_id = t.id)
  ->  Seq Scan on cast_info ci  (cost=0.00..796071.18 rows=12156027 width=4) (actual time=6066.774..15585.774 rows=11941378 loops=1)
        Filter: ((person_id < 4033739) AND (role_id > 3))
        Rows Removed by Filter: 24302966
  ->  Hash  (cost=675860.51..675860.51 rows=8180762 width=8) (actual time=16555.877..16555.877 rows=5087701 loops=1)
        Buckets: 131072  Batches: 128  Memory Usage: 2555kB
        ->  Hash Join  (cost=98137.04..675860.51 rows=8180762 width=8) (actual time=1752.013..15044.874 rows=5087701 loops=1)
              Hash Cond: (mi.movie_id = t.id)
              ->  Seq Scan on movie_info mi  (cost=0.00..346232.03 rows=11115165 width=4) (actual time=148.921..5713.816 rows=11210743 loops=1)
                    Filter: (info_type_id > 3)
                    Rows Removed by Filter: 3624977
              ->  Hash  (cost=67604.59..67604.59 rows=1860996 width=4) (actual time=1602.177..1602.177 rows=1865487 loops=1)
                    Buckets: 131072  Batches: 32  Memory Usage: 3085kB
                    ->  Seq Scan on title t  (cost=0.00..67604.59 rows=1860996 width=4) (actual time=0.025..1030.142 rows=1865487 loops=1)
                          Filter: (kind_id > 1)
                          Rows Removed by Filter: 662825
Planning time: 1.092 ms
Execution time: 60585.367 ms
