Hash Join  (cost=156487.41..262821.91 rows=320465 width=0) (actual time=3150.465..5757.332 rows=1343999 loops=1)
  Hash Cond: (mk.movie_id = t.id)
  ->  Seq Scan on movie_keyword mk  (cost=0.00..81003.12 rows=1757793 width=4) (actual time=0.026..1237.465 rows=1762321 loops=1)
        Filter: (keyword_id > 7869)
        Rows Removed by Filter: 2761609
  ->  Hash  (cost=148924.19..148924.19 rows=460978 width=8) (actual time=3149.607..3149.607 rows=459925 loops=1)
        Buckets: 131072  Batches: 8  Memory Usage: 3284kB
        ->  Hash Join  (cost=102767.86..148924.19 rows=460978 width=8) (actual time=1700.658..2999.166 rows=459925 loops=1)
              Hash Cond: (mi_idx.movie_id = t.id)
              ->  Seq Scan on movie_info_idx mi_idx  (cost=0.00..25185.44 rows=460978 width=4) (actual time=0.027..456.762 rows=459925 loops=1)
                    Filter: (info_type_id = 99)
                    Rows Removed by Filter: 920110
              ->  Hash  (cost=61283.27..61283.27 rows=2528527 width=4) (actual time=1699.904..1699.904 rows=2528312 loops=1)
                    Buckets: 131072  Batches: 64  Memory Usage: 2415kB
                    ->  Seq Scan on title t  (cost=0.00..61283.27 rows=2528527 width=4) (actual time=0.016..855.811 rows=2528312 loops=1)
Planning time: 1.082 ms
Execution time: 5912.063 ms
