Hash Join  (cost=90149.99..133358.95 rows=357889 width=0) (actual time=1365.353..2460.593 rows=192568 loops=1)
  Hash Cond: (mi_idx.movie_id = t.id)
  ->  Seq Scan on movie_info_idx mi_idx  (cost=0.00..25185.44 rows=915101 width=4) (actual time=0.030..483.539 rows=919850 loops=1)
        Filter: (info_type_id < 101)
        Rows Removed by Filter: 460185
  ->  Hash  (cost=73925.90..73925.90 rows=988887 width=4) (actual time=1362.635..1362.635 rows=1081567 loops=1)
        Buckets: 131072  Batches: 16  Memory Usage: 3410kB
        ->  Seq Scan on title t  (cost=0.00..73925.90 rows=988887 width=4) (actual time=0.018..1056.973 rows=1081567 loops=1)
              Filter: ((kind_id > 4) AND (production_year > 1995))
              Rows Removed by Filter: 1446745
Planning time: 0.744 ms
Execution time: 2481.856 ms
