Seq Scan on cast_info ci  (cost=0.00..705507.15 rows=13289553 width=0) (actual time=0.021..9393.045 rows=13259844 loops=1)
  Filter: (person_id < 1307201)
  Rows Removed by Filter: 22984500
Planning time: 0.271 ms
Execution time: 10895.666 ms
