Nested Loop  (cost=0.43..83071.67 rows=246 width=0) (actual time=0.698..1293.606 rows=91 loops=1)
  ->  Seq Scan on movie_keyword mk  (cost=0.00..81003.12 rows=246 width=4) (actual time=0.648..1281.878 rows=91 loops=1)
        Filter: (keyword_id = 5862)
        Rows Removed by Filter: 4523839
  ->  Index Only Scan using title_pkey on title t  (cost=0.43..8.40 rows=1 width=4) (actual time=0.124..0.125 rows=1 loops=91)
        Index Cond: (id = mk.movie_id)
        Heap Fetches: 91
Planning time: 4.214 ms
Execution time: 1293.763 ms
