Nested Loop  (cost=0.43..83071.67 rows=246 width=0) (actual time=0.883..1171.526 rows=2830 loops=1)
  ->  Seq Scan on movie_keyword mk  (cost=0.00..81003.12 rows=246 width=4) (actual time=0.842..1101.016 rows=2830 loops=1)
        Filter: (keyword_id = 2837)
        Rows Removed by Filter: 4521100
  ->  Index Only Scan using title_pkey on title t  (cost=0.43..8.40 rows=1 width=4) (actual time=0.024..0.024 rows=1 loops=2830)
        Index Cond: (id = mk.movie_id)
        Heap Fetches: 2830
Planning time: 0.701 ms
Execution time: 1172.615 ms
