Hash Join  (cost=78968.55..111245.96 rows=56030 width=0) (actual time=1416.039..2084.423 rows=70295 loops=1)
  Hash Cond: (mi_idx.movie_id = t.id)
  ->  Seq Scan on movie_info_idx mi_idx  (cost=0.00..25185.44 rows=460978 width=4) (actual time=0.026..400.559 rows=459925 loops=1)
        Filter: (info_type_id = 99)
        Rows Removed by Filter: 920110
  ->  Hash  (cost=73925.90..73925.90 rows=307332 width=4) (actual time=1415.025..1415.025 rows=252953 loops=1)
        Buckets: 131072  Batches: 8  Memory Usage: 2127kB
        ->  Seq Scan on title t  (cost=0.00..73925.90 rows=307332 width=4) (actual time=0.010..855.810 rows=252953 loops=1)
              Filter: ((kind_id < 4) AND (production_year > 2006))
              Rows Removed by Filter: 2275359
Planning time: 0.669 ms
Execution time: 2093.792 ms
