Hash Join  (cost=265064.40..1276556.79 rows=7398743 width=0) (actual time=14302.014..26261.051 rows=18883265 loops=1)
  Hash Cond: (ci.movie_id = t.id)
  ->  Seq Scan on cast_info ci  (cost=0.00..796071.18 rows=10495157 width=4) (actual time=9056.502..12899.262 rows=8164445 loops=1)
        Filter: ((person_id > 602795) AND (role_id = 1))
        Rows Removed by Filter: 28079899
  ->  Hash  (cost=235818.79..235818.79 rows=1782529 width=8) (actual time=5243.981..5243.981 rows=1633401 loops=1)
        Buckets: 131072  Batches: 32  Memory Usage: 2998kB
        ->  Hash Join  (cost=100089.65..235818.79 rows=1782529 width=8) (actual time=1780.720..4789.951 rows=1633401 loops=1)
              Hash Cond: (mk.movie_id = t.id)
              ->  Seq Scan on movie_keyword mk  (cost=0.00..81003.12 rows=2276344 width=4) (actual time=0.034..1212.162 rows=2273373 loops=1)
                    Filter: (keyword_id > 4637)
                    Rows Removed by Filter: 2250557
              ->  Hash  (cost=67604.59..67604.59 rows=1980005 width=4) (actual time=1779.426..1779.426 rows=1976617 loops=1)
                    Buckets: 131072  Batches: 32  Memory Usage: 3212kB
                    ->  Seq Scan on title t  (cost=0.00..67604.59 rows=1980005 width=4) (actual time=0.014..1145.536 rows=1976617 loops=1)
                          Filter: (production_year > 1977)
                          Rows Removed by Filter: 551695
Planning time: 1.125 ms
Execution time: 28381.018 ms
