Seq Scan on cast_info ci  (cost=0.00..705507.15 rows=23788461 width=0) (actual time=4.886..10379.728 rows=23703221 loops=1)
  Filter: (person_id < 2428700)
  Rows Removed by Filter: 12541123
Planning time: 0.303 ms
Execution time: 13322.975 ms
