Seq Scan on movie_companies mc  (cost=0.00..57926.93 rows=775611 width=0) (actual time=0.028..831.471 rows=482716 loops=1)
  Filter: ((company_id < 14055) AND (company_type_id = 2))
  Rows Removed by Filter: 2126413
Planning time: 0.342 ms
Execution time: 894.346 ms
