Hash Join  (cost=102767.86..1177711.85 rows=11179004 width=0) (actual time=1587.188..18821.836 rows=5842683 loops=1)
  Hash Cond: (ci.movie_id = t.id)
  ->  Seq Scan on cast_info ci  (cost=0.00..796071.18 rows=11179004 width=4) (actual time=0.025..12368.739 rows=5842683 loops=1)
        Filter: ((person_id < 2579248) AND (role_id > 2))
        Rows Removed by Filter: 30401661
  ->  Hash  (cost=61283.27..61283.27 rows=2528527 width=4) (actual time=1585.217..1585.217 rows=2528312 loops=1)
        Buckets: 131072  Batches: 64  Memory Usage: 2415kB
        ->  Seq Scan on title t  (cost=0.00..61283.27 rows=2528527 width=4) (actual time=0.011..756.762 rows=2528312 loops=1)
Planning time: 0.567 ms
Execution time: 19481.842 ms
