Hash Join  (cost=102767.86..948095.87 rows=1636482 width=0) (actual time=8413.506..11930.315 rows=1537 loops=1)
  Hash Cond: (ci.movie_id = t.id)
  ->  Seq Scan on cast_info ci  (cost=0.00..796071.18 rows=1636482 width=4) (actual time=6754.969..9864.268 rows=1537 loops=1)
        Filter: ((person_id < 781862) AND (role_id = 2))
        Rows Removed by Filter: 36242807
  ->  Hash  (cost=61283.27..61283.27 rows=2528527 width=4) (actual time=1630.680..1630.680 rows=2528312 loops=1)
        Buckets: 131072  Batches: 64  Memory Usage: 2415kB
        ->  Seq Scan on title t  (cost=0.00..61283.27 rows=2528527 width=4) (actual time=0.019..828.006 rows=2528312 loops=1)
Planning time: 0.757 ms
Execution time: 11930.664 ms
