Hash Join  (cost=923081.82..1003180.62 rows=366228 width=0) (actual time=11634.033..13500.980 rows=165364 loops=1)
  Hash Cond: (mc.movie_id = t.id)
  ->  Seq Scan on movie_companies mc  (cost=0.00..44881.29 rows=2609129 width=4) (actual time=0.021..798.642 rows=2609129 loops=1)
  ->  Hash  (cost=917258.39..917258.39 rows=354914 width=8) (actual time=11632.966..11632.966 rows=113379 loops=1)
        Buckets: 131072  Batches: 8  Memory Usage: 1574kB
        ->  Hash Join  (cost=102767.86..917258.39 rows=354914 width=8) (actual time=2339.029..11596.104 rows=113379 loops=1)
              Hash Cond: (ci.movie_id = t.id)
              ->  Seq Scan on cast_info ci  (cost=0.00..796071.18 rows=354914 width=4) (actual time=702.299..9459.286 rows=113379 loops=1)
                    Filter: ((person_id > 3205499) AND (role_id = 4))
                    Rows Removed by Filter: 36130965
              ->  Hash  (cost=61283.27..61283.27 rows=2528527 width=4) (actual time=1635.358..1635.358 rows=2528312 loops=1)
                    Buckets: 131072  Batches: 64  Memory Usage: 2415kB
                    ->  Seq Scan on title t  (cost=0.00..61283.27 rows=2528527 width=4) (actual time=0.024..816.433 rows=2528312 loops=1)
Planning time: 1.120 ms
Execution time: 13518.183 ms
