Hash Join  (cost=83810.17..890023.85 rows=158649 width=0) (actual time=8998.186..12057.798 rows=342460 loops=1)
  Hash Cond: (ci.movie_id = t.id)
  ->  Seq Scan on cast_info ci  (cost=0.00..796071.18 rows=406134 width=4) (actual time=8010.713..10470.633 rows=660016 loops=1)
        Filter: ((person_id > 2840545) AND (role_id = 8))
        Rows Removed by Filter: 35584328
  ->  Hash  (cost=67604.59..67604.59 rows=987727 width=4) (actual time=986.563..986.563 rows=985048 loops=1)
        Buckets: 131072  Batches: 16  Memory Usage: 3188kB
        ->  Seq Scan on title t  (cost=0.00..67604.59 rows=987727 width=4) (actual time=0.036..725.312 rows=985048 loops=1)
              Filter: (kind_id < 7)
              Rows Removed by Filter: 1543264
Planning time: 0.680 ms
Execution time: 12103.771 ms
