Hash Join  (cost=163507.88..539528.94 rows=304322 width=0) (actual time=6070.340..10562.750 rows=2897752 loops=1)
  Hash Cond: (mi.movie_id = t.id)
  ->  Seq Scan on movie_info mi  (cost=0.00..346232.03 rows=2194617 width=4) (actual time=1973.335..4714.247 rows=2233850 loops=1)
        Filter: (info_type_id > 16)
        Rows Removed by Filter: 12601870
  ->  Hash  (cost=157755.08..157755.08 rows=350624 width=8) (actual time=4061.096..4061.096 rows=536456 loops=1)
        Buckets: 131072  Batches: 8  Memory Usage: 3658kB
        ->  Hash Join  (cost=84865.68..157755.08 rows=350624 width=8) (actual time=1422.862..3886.131 rows=536456 loops=1)
              Hash Cond: (mc.movie_id = t.id)
              ->  Seq Scan on movie_companies mc  (cost=0.00..51404.11 rows=1329612 width=4) (actual time=141.858..947.724 rows=1334883 loops=1)
                    Filter: (company_type_id > 1)
                    Rows Removed by Filter: 1274246
              ->  Hash  (cost=73925.90..73925.90 rows=666782 width=4) (actual time=1280.171..1280.171 rows=566088 loops=1)
                    Buckets: 131072  Batches: 16  Memory Usage: 2264kB
                    ->  Seq Scan on title t  (cost=0.00..73925.90 rows=666782 width=4) (actual time=0.031..1102.182 rows=566088 loops=1)
                          Filter: ((kind_id < 7) AND (production_year > 1992))
                          Rows Removed by Filter: 1962224
Planning time: 1.209 ms
Execution time: 10882.236 ms
