Nested Loop  (cost=32749.09..830834.38 rows=41 width=0) (actual time=12156.367..12200.553 rows=11 loops=1)
  Join Filter: (ci.movie_id = t.id)
  ->  Hash Join  (cost=32748.66..830691.10 rows=168 width=8) (actual time=12156.253..12199.193 rows=11 loops=1)
        Hash Cond: (ci.movie_id = mi_idx.movie_id)
        ->  Seq Scan on cast_info ci  (cost=0.00..796071.18 rows=369 width=4) (actual time=1923.431..11553.319 rows=22 loops=1)
              Filter: ((role_id < 5) AND (person_id = 1466487))
              Rows Removed by Filter: 36244322
        ->  Hash  (cost=25185.44..25185.44 rows=460978 width=4) (actual time=559.682..559.682 rows=459925 loops=1)
              Buckets: 131072  Batches: 8  Memory Usage: 3050kB
              ->  Seq Scan on movie_info_idx mi_idx  (cost=0.00..25185.44 rows=460978 width=4) (actual time=0.026..414.212 rows=459925 loops=1)
                    Filter: (info_type_id = 99)
                    Rows Removed by Filter: 920110
  ->  Index Scan using title_pkey on title t  (cost=0.43..0.84 rows=1 width=4) (actual time=0.117..0.117 rows=1 loops=11)
        Index Cond: (id = mi_idx.movie_id)
        Filter: (production_year > 1997)
Planning time: 1.261 ms
Execution time: 12200.899 ms
