Nested Loop  (cost=0.43..69653.56 rows=698 width=0) (actual time=291.212..695.256 rows=1866 loops=1)
  ->  Seq Scan on movie_companies mc  (cost=0.00..57926.93 rows=1450 width=4) (actual time=288.314..647.159 rows=2434 loops=1)
        Filter: ((company_id = 137) AND (company_type_id = 1))
        Rows Removed by Filter: 2606695
  ->  Index Scan using title_pkey on title t  (cost=0.43..8.08 rows=1 width=4) (actual time=0.019..0.019 rows=1 loops=2434)
        Index Cond: (id = mc.movie_id)
        Filter: ((kind_id > 4) AND (production_year > 1977))
        Rows Removed by Filter: 0
Planning time: 0.747 ms
Execution time: 695.814 ms
