Hash Join  (cost=74609.54..163519.88 rows=43121 width=0) (actual time=891.134..2561.762 rows=41867 loops=1)
  Hash Cond: (mk.movie_id = t.id)
  ->  Seq Scan on movie_keyword mk  (cost=0.00..81003.12 rows=1993601 width=4) (actual time=0.014..1312.049 rows=2000973 loops=1)
        Filter: (keyword_id > 6251)
        Rows Removed by Filter: 2522957
  ->  Hash  (cost=73925.90..73925.90 rows=54691 width=4) (actual time=890.764..890.764 rows=46344 loops=1)
        Buckets: 65536  Batches: 1  Memory Usage: 2142kB
        ->  Seq Scan on title t  (cost=0.00..73925.90 rows=54691 width=4) (actual time=0.022..873.008 rows=46344 loops=1)
              Filter: ((kind_id < 4) AND (production_year = 2011))
              Rows Removed by Filter: 2481968
Planning time: 0.689 ms
Execution time: 2567.961 ms
