Nested Loop  (cost=0.43..146991.76 rows=8 width=0) (actual time=289.499..1301.853 rows=31 loops=1)
  ->  Seq Scan on movie_keyword mk  (cost=0.00..81003.12 rows=10103 width=4) (actual time=0.249..1096.561 rows=10544 loops=1)
        Filter: (keyword_id = 398)
        Rows Removed by Filter: 4513386
  ->  Index Scan using title_pkey on title t  (cost=0.43..6.52 rows=1 width=4) (actual time=0.019..0.019 rows=0 loops=10544)
        Index Cond: (id = mk.movie_id)
        Filter: ((kind_id = 1) AND (production_year = 1954))
        Rows Removed by Filter: 1
Planning time: 0.734 ms
Execution time: 1301.986 ms
