Hash Join  (cost=161332.55..947724.87 rows=159231 width=0) (actual time=4279.793..14352.995 rows=1644930 loops=1)
  Hash Cond: (ci.movie_id = t.id)
  ->  Seq Scan on cast_info ci  (cost=0.00..705507.15 rows=15858574 width=4) (actual time=2431.725..8700.427 rows=15972083 loops=1)
        Filter: (person_id > 2036669)
        Rows Removed by Filter: 20272261
  ->  Hash  (cost=161015.20..161015.20 rows=25388 width=8) (actual time=1847.274..1847.274 rows=66025 loops=1)
        Buckets: 131072 (originally 32768)  Batches: 1 (originally 1)  Memory Usage: 3604kB
        ->  Hash Join  (cost=74103.28..161015.20 rows=25388 width=8) (actual time=845.780..1832.855 rows=66025 loops=1)
              Hash Cond: (mk.movie_id = t.id)
              ->  Seq Scan on movie_keyword mk  (cost=0.00..69693.30 rows=4523930 width=4) (actual time=0.027..455.898 rows=4523930 loops=1)
              ->  Hash  (cost=73925.90..73925.90 rows=14190 width=4) (actual time=845.599..845.599 rows=12208 loops=1)
                    Buckets: 16384  Batches: 1  Memory Usage: 558kB
                    ->  Seq Scan on title t  (cost=0.00..73925.90 rows=14190 width=4) (actual time=0.591..840.143 rows=12208 loops=1)
                          Filter: ((kind_id < 7) AND (production_year = 1996))
                          Rows Removed by Filter: 2516104
Planning time: 0.750 ms
Execution time: 14553.366 ms
