Hash Join  (cost=502604.94..1631878.10 rows=4885502 width=0) (actual time=8241.055..36271.541 rows=3824968 loops=1)
  Hash Cond: (ci.movie_id = t.id)
  ->  Seq Scan on cast_info ci  (cost=0.00..614943.12 rows=36225612 width=4) (actual time=0.017..10716.025 rows=36244344 loops=1)
  ->  Hash  (cost=497009.37..497009.37 rows=341005 width=8) (actual time=8240.319..8240.319 rows=189636 loops=1)
        Buckets: 131072  Batches: 8  Memory Usage: 1959kB
        ->  Hash Join  (cost=76243.83..497009.37 rows=341005 width=8) (actual time=1651.345..8183.239 rows=189636 loops=1)
              Hash Cond: (mi.movie_id = t.id)
              ->  Seq Scan on movie_info mi  (cost=0.00..346232.03 rows=6103325 width=4) (actual time=0.014..4917.200 rows=6083429 loops=1)
                    Filter: (info_type_id > 9)
                    Rows Removed by Filter: 8752291
              ->  Hash  (cost=73925.90..73925.90 rows=141274 width=4) (actual time=946.106..946.106 rows=150659 loops=1)
                    Buckets: 131072  Batches: 2  Memory Usage: 3679kB
                    ->  Seq Scan on title t  (cost=0.00..73925.90 rows=141274 width=4) (actual time=0.024..891.048 rows=150659 loops=1)
                          Filter: ((production_year > 2011) AND (kind_id = 7))
                          Rows Removed by Filter: 2377653
Planning time: 1.145 ms
Execution time: 36748.773 ms
