Hash Join  (cost=198202.47..727798.62 rows=2114879 width=0) (actual time=3798.013..25743.649 rows=41080669 loops=1)
  Hash Cond: (mi.movie_id = t.id)
  ->  Seq Scan on movie_info mi  (cost=0.00..346232.03 rows=13899289 width=4) (actual time=0.020..5609.988 rows=13940177 loops=1)
        Filter: (info_type_id < 96)
        Rows Removed by Filter: 895543
  ->  Hash  (cost=191890.30..191890.30 rows=384734 width=8) (actual time=3797.073..3797.073 rows=656987 loops=1)
        Buckets: 131072 (originally 131072)  Batches: 16 (originally 8)  Memory Usage: 3073kB
        ->  Hash Join  (cost=81842.24..191890.30 rows=384734 width=8) (actual time=1030.933..3577.475 rows=656987 loops=1)
              Hash Cond: (mk.movie_id = t.id)
              ->  Seq Scan on movie_keyword mk  (cost=0.00..81003.12 rows=2016158 width=4) (actual time=0.023..1395.123 rows=2018525 loops=1)
                    Filter: (keyword_id < 3617)
                    Rows Removed by Filter: 2505405
              ->  Hash  (cost=73925.90..73925.90 rows=482507 width=4) (actual time=1030.023..1030.023 rows=368439 loops=1)
                    Buckets: 131072  Batches: 8  Memory Usage: 2656kB
                    ->  Seq Scan on title t  (cost=0.00..73925.90 rows=482507 width=4) (actual time=0.029..913.109 rows=368439 loops=1)
                          Filter: ((kind_id < 3) AND (production_year > 1995))
                          Rows Removed by Filter: 2159873
Planning time: 1.147 ms
Execution time: 30627.504 ms
