Hash Join  (cost=102767.86..1195895.75 rows=11934690 width=0) (actual time=1558.960..28738.110 rows=13491252 loops=1)
  Hash Cond: (ci.movie_id = t.id)
  ->  Seq Scan on cast_info ci  (cost=0.00..796071.18 rows=11934690 width=4) (actual time=0.024..14273.227 rows=13491252 loops=1)
        Filter: ((person_id > 921648) AND (role_id > 2))
        Rows Removed by Filter: 22753092
  ->  Hash  (cost=61283.27..61283.27 rows=2528527 width=4) (actual time=1558.186..1558.186 rows=2528312 loops=1)
        Buckets: 131072  Batches: 64  Memory Usage: 2415kB
        ->  Seq Scan on title t  (cost=0.00..61283.27 rows=2528527 width=4) (actual time=0.016..740.295 rows=2528312 loops=1)
Planning time: 0.785 ms
Execution time: 30476.609 ms
