Hash Join  (cost=219912.11..1388363.56 rows=13107430 width=0) (actual time=4571.128..56652.201 rows=102283298 loops=1)
  Hash Cond: (ci.movie_id = t.id)
  ->  Seq Scan on cast_info ci  (cost=0.00..614943.12 rows=36225612 width=4) (actual time=0.011..10067.218 rows=36244344 loops=1)
  ->  Hash  (cost=204901.98..204901.98 rows=914891 width=8) (actual time=4569.872..4569.872 rows=1986183 loops=1)
        Buckets: 131072 (originally 131072)  Batches: 32 (originally 16)  Memory Usage: 3435kB
        ->  Hash Join  (cost=83810.17..204901.98 rows=914891 width=8) (actual time=1112.422..3945.713 rows=1986183 loops=1)
              Hash Cond: (mk.movie_id = t.id)
              ->  Seq Scan on movie_keyword mk  (cost=0.00..81003.12 rows=2342071 width=4) (actual time=0.019..1102.920 rows=2340818 loops=1)
                    Filter: (keyword_id > 4314)
                    Rows Removed by Filter: 2183112
              ->  Hash  (cost=67604.59..67604.59 rows=987727 width=4) (actual time=1111.500..1111.500 rows=985048 loops=1)
                    Buckets: 131072  Batches: 16  Memory Usage: 3197kB
                    ->  Seq Scan on title t  (cost=0.00..67604.59 rows=987727 width=4) (actual time=0.019..816.668 rows=985048 loops=1)
                          Filter: (kind_id < 7)
                          Rows Removed by Filter: 1543264
Planning time: 1.114 ms
Execution time: 68396.114 ms
