Hash Join  (cost=124443.62..212225.11 rows=112346 width=0) (actual time=2030.245..3317.062 rows=1170323 loops=1)
  Hash Cond: (mk.movie_id = t.id)
  ->  Seq Scan on movie_keyword mk  (cost=0.00..69693.30 rows=4523930 width=4) (actual time=0.017..547.789 rows=4523930 loops=1)
  ->  Hash  (cost=123658.70..123658.70 rows=62793 width=8) (actual time=2029.846..2029.846 rows=58957 loops=1)
        Buckets: 65536  Batches: 1  Memory Usage: 2816kB
        ->  Hash Join  (cost=68365.25..123658.70 rows=62793 width=8) (actual time=812.765..2008.049 rows=58957 loops=1)
              Hash Cond: (mc.movie_id = t.id)
              ->  Seq Scan on movie_companies mc  (cost=0.00..44881.29 rows=2609129 width=4) (actual time=0.016..456.743 rows=2609129 loops=1)
              ->  Hash  (cost=67604.59..67604.59 rows=60853 width=4) (actual time=812.396..812.396 rows=62568 loops=1)
                    Buckets: 65536  Batches: 1  Memory Usage: 2712kB
                    ->  Seq Scan on title t  (cost=0.00..67604.59 rows=60853 width=4) (actual time=0.014..788.721 rows=62568 loops=1)
                          Filter: (production_year = 2002)
                          Rows Removed by Filter: 2465744
Planning time: 1.073 ms
Execution time: 3410.595 ms
