Hash Join  (cost=28270.40..117843.40 rows=332 width=0) (actual time=345.537..1976.203 rows=22684 loops=1)
  Hash Cond: (mk.movie_id = t.id)
  ->  Seq Scan on movie_keyword mk  (cost=0.00..81003.12 rows=2284416 width=4) (actual time=0.025..1310.338 rows=2290384 loops=1)
        Filter: (keyword_id > 4597)
        Rows Removed by Filter: 2233546
  ->  Hash  (cost=28265.80..28265.80 rows=368 width=8) (actual time=339.633..339.633 rows=260 loops=1)
        Buckets: 1024  Batches: 1  Memory Usage: 19kB
        ->  Nested Loop  (cost=0.43..28265.80 rows=368 width=8) (actual time=136.567..339.503 rows=260 loops=1)
              ->  Seq Scan on movie_info_idx mi_idx  (cost=0.00..25185.44 rows=368 width=4) (actual time=136.475..334.839 rows=260 loops=1)
                    Filter: (info_type_id > 101)
                    Rows Removed by Filter: 1379775
              ->  Index Only Scan using title_pkey on title t  (cost=0.43..8.36 rows=1 width=4) (actual time=0.017..0.017 rows=1 loops=260)
                    Index Cond: (id = mi_idx.movie_id)
                    Heap Fetches: 260
Planning time: 1.129 ms
Execution time: 1979.262 ms
