Seq Scan on cast_info ci  (cost=0.00..796071.18 rows=12485599 width=0) (actual time=1982.895..16901.566 rows=12242379 loops=1)
  Filter: ((person_id > 62277) AND (role_id = 1))
  Rows Removed by Filter: 24001965
Planning time: 0.362 ms
Execution time: 18443.984 ms
