Seq Scan on cast_info ci  (cost=0.00..796071.18 rows=176 width=0) (actual time=695.027..8465.581 rows=2 loops=1)
  Filter: ((person_id = 1269) AND (role_id = 1))
  Rows Removed by Filter: 36244342
Planning time: 0.325 ms
Execution time: 8465.652 ms
