Hash Join  (cost=77561.16..595111.95 rows=3537386 width=0) (actual time=1598.966..15506.415 rows=5024655 loops=1)
  Hash Cond: (mi.movie_id = t.id)
  ->  Seq Scan on movie_info mi  (cost=0.00..309384.22 rows=14739122 width=4) (actual time=0.013..5943.611 rows=14835720 loops=1)
  ->  Hash  (cost=67604.59..67604.59 rows=606846 width=4) (actual time=1598.067..1598.067 rows=603411 loops=1)
        Buckets: 131072  Batches: 8  Memory Usage: 3675kB
        ->  Seq Scan on title t  (cost=0.00..67604.59 rows=606846 width=4) (actual time=0.024..1127.360 rows=603411 loops=1)
              Filter: (production_year < 1986)
              Rows Removed by Filter: 1924901
Planning time: 0.753 ms
Execution time: 16029.187 ms
