Seq Scan on cast_info ci  (cost=0.00..705507.15 rows=32467875 width=0) (actual time=0.017..10852.794 rows=32460281 loops=1)
  Filter: (person_id < 3369521)
  Rows Removed by Filter: 3784063
Planning time: 0.299 ms
Execution time: 14823.125 ms
