Hash Join  (cost=85456.44..1186430.87 rows=5855558 width=0) (actual time=1251.198..30992.717 rows=6673237 loops=1)
  Hash Cond: (ci.movie_id = t.id)
  ->  Seq Scan on cast_info ci  (cost=0.00..796071.18 rows=21068178 width=4) (actual time=0.023..15832.662 rows=22555724 loops=1)
        Filter: ((person_id > 348065) AND (role_id > 1))
        Rows Removed by Filter: 13688620
  ->  Hash  (cost=73925.90..73925.90 rows=702763 width=4) (actual time=1250.106..1250.106 rows=726953 loops=1)
        Buckets: 131072  Batches: 16  Memory Usage: 2621kB
        ->  Seq Scan on title t  (cost=0.00..73925.90 rows=702763 width=4) (actual time=0.034..1019.667 rows=726953 loops=1)
              Filter: ((kind_id < 4) AND (production_year < 2011))
              Rows Removed by Filter: 1801359
Planning time: 0.800 ms
Execution time: 31748.031 ms
