Nested Loop  (cost=0.43..447847.04 rows=10930 width=0) (actual time=558.391..4921.721 rows=145 loops=1)
  ->  Seq Scan on movie_info mi  (cost=0.00..346232.03 rows=17937 width=4) (actual time=412.826..4190.976 rows=147487 loops=1)
        Filter: (info_type_id = 107)
        Rows Removed by Filter: 14688233
  ->  Index Scan using title_pkey on title t  (cost=0.43..5.66 rows=1 width=4) (actual time=0.005..0.005 rows=0 loops=147487)
        Index Cond: (id = mi.movie_id)
        Filter: (kind_id = 7)
        Rows Removed by Filter: 1
Planning time: 0.809 ms
Execution time: 4921.867 ms
