Hash Join  (cost=76423.37..107728.12 rows=27335 width=0) (actual time=1053.561..1785.857 rows=79094 loops=1)
  Hash Cond: (mi_idx.movie_id = t.id)
  ->  Seq Scan on movie_info_idx mi_idx  (cost=0.00..25185.44 rows=454124 width=4) (actual time=0.027..424.161 rows=459925 loops=1)
        Filter: (info_type_id = 100)
        Rows Removed by Filter: 920110
  ->  Hash  (cost=73925.90..73925.90 rows=152197 width=4) (actual time=1052.877..1052.877 rows=287134 loops=1)
        Buckets: 131072 (originally 131072)  Batches: 4 (originally 2)  Memory Usage: 3548kB
        ->  Seq Scan on title t  (cost=0.00..73925.90 rows=152197 width=4) (actual time=382.770..962.570 rows=287134 loops=1)
              Filter: ((production_year < 1984) AND (kind_id = 1))
              Rows Removed by Filter: 2241178
Planning time: 0.967 ms
Execution time: 1796.665 ms
