Hash Join  (cost=102767.86..285108.88 rows=3800855 width=0) (actual time=1643.410..6137.547 rows=3796306 loops=1)
  Hash Cond: (mk.movie_id = t.id)
  ->  Seq Scan on movie_keyword mk  (cost=0.00..81003.12 rows=3800855 width=4) (actual time=0.016..1485.297 rows=3796306 loops=1)
        Filter: (keyword_id < 25781)
        Rows Removed by Filter: 727624
  ->  Hash  (cost=61283.27..61283.27 rows=2528527 width=4) (actual time=1641.234..1641.234 rows=2528312 loops=1)
        Buckets: 131072  Batches: 64  Memory Usage: 2425kB
        ->  Seq Scan on title t  (cost=0.00..61283.27 rows=2528527 width=4) (actual time=0.015..790.948 rows=2528312 loops=1)
Planning time: 4.270 ms
Execution time: 6565.894 ms
