Seq Scan on movie_keyword mk  (cost=0.00..81003.12 rows=246 width=0) (actual time=1.471..986.392 rows=270 loops=1)
  Filter: (keyword_id = 1882)
  Rows Removed by Filter: 4523660
Planning time: 0.316 ms
Execution time: 986.826 ms
