Hash Join  (cost=154344.16..643864.51 rows=910342 width=0) (actual time=2571.999..16287.860 rows=14724557 loops=1)
  Hash Cond: (mi.movie_id = t.id)
  ->  Seq Scan on movie_info mi  (cost=0.00..309384.22 rows=14739122 width=4) (actual time=0.013..4093.527 rows=14835720 loops=1)
  ->  Hash  (cost=151781.02..151781.02 rows=156171 width=8) (actual time=2571.281..2571.281 rows=287594 loops=1)
        Buckets: 131072  Batches: 4  Memory Usage: 3862kB
        ->  Hash Join  (cost=83810.17..151781.02 rows=156171 width=8) (actual time=1301.568..2498.610 rows=287594 loops=1)
              Hash Cond: (mc.movie_id = t.id)
              ->  Seq Scan on movie_companies mc  (cost=0.00..57926.93 rows=399788 width=4) (actual time=0.014..748.598 rows=573622 loops=1)
                    Filter: ((company_id < 1837) AND (company_type_id = 1))
                    Rows Removed by Filter: 2035507
              ->  Hash  (cost=67604.59..67604.59 rows=987727 width=4) (actual time=1300.841..1300.841 rows=985048 loops=1)
                    Buckets: 131072  Batches: 16  Memory Usage: 3188kB
                    ->  Seq Scan on title t  (cost=0.00..67604.59 rows=987727 width=4) (actual time=0.016..998.819 rows=985048 loops=1)
                          Filter: (kind_id < 7)
                          Rows Removed by Filter: 1543264
Planning time: 0.813 ms
Execution time: 18024.864 ms
