Hash Join  (cost=78967.17..604350.50 rows=1692121 width=0) (actual time=1019.469..14360.136 rows=4757244 loops=1)
  Hash Cond: (mi.movie_id = t.id)
  ->  Seq Scan on movie_info mi  (cost=0.00..346232.03 rows=13926693 width=4) (actual time=0.004..5606.794 rows=13963496 loops=1)
        Filter: (info_type_id < 98)
        Rows Removed by Filter: 872224
  ->  Hash  (cost=73925.90..73925.90 rows=307221 width=4) (actual time=1018.435..1018.435 rows=413321 loops=1)
        Buckets: 131072  Batches: 8  Memory Usage: 2856kB
        ->  Seq Scan on title t  (cost=0.00..73925.90 rows=307221 width=4) (actual time=0.032..884.579 rows=413321 loops=1)
              Filter: ((kind_id < 3) AND (production_year < 2000))
              Rows Removed by Filter: 2114991
Planning time: 0.801 ms
Execution time: 14911.217 ms
