Hash Join  (cost=93155.63..204400.67 rows=734378 width=0) (actual time=2531.179..3638.581 rows=160595 loops=1)
  Hash Cond: (mk.movie_id = t.id)
  ->  Seq Scan on movie_keyword mk  (cost=0.00..81003.12 rows=1584303 width=4) (actual time=0.020..1285.379 rows=1594941 loops=1)
        Filter: (keyword_id < 2443)
        Rows Removed by Filter: 2928989
  ->  Hash  (cost=73925.90..73925.90 rows=1172058 width=4) (actual time=1492.784..1492.784 rows=1128906 loops=1)
        Buckets: 131072  Batches: 16  Memory Usage: 3509kB
        ->  Seq Scan on title t  (cost=0.00..73925.90 rows=1172058 width=4) (actual time=19.386..1136.715 rows=1128906 loops=1)
              Filter: ((production_year < 2010) AND (kind_id = 7))
              Rows Removed by Filter: 1399406
Planning time: 0.731 ms
Execution time: 3654.829 ms
