Hash Join  (cost=167863.44..533384.74 rows=257548 width=0) (actual time=4280.606..7987.374 rows=398222 loops=1)
  Hash Cond: (mi.movie_id = t.id)
  ->  Seq Scan on movie_info mi  (cost=0.00..346232.03 rows=1272478 width=4) (actual time=1239.266..4210.338 rows=1325361 loops=1)
        Filter: (info_type_id = 8)
        Rows Removed by Filter: 13510359
  ->  Hash  (cost=159466.31..159466.31 rows=511770 width=8) (actual time=3040.477..3040.477 rows=379083 loops=1)
        Buckets: 131072  Batches: 8  Memory Usage: 2853kB
        ->  Hash Join  (cost=84197.31..159466.31 rows=511770 width=8) (actual time=1481.827..2933.731 rows=379083 loops=1)
              Hash Cond: (mc.movie_id = t.id)
              ->  Seq Scan on movie_companies mc  (cost=0.00..51404.11 rows=1279517 width=4) (actual time=189.830..808.896 rows=1274246 loops=1)
                    Filter: (company_type_id = 1)
                    Rows Removed by Filter: 1334883
              ->  Hash  (cost=67604.59..67604.59 rows=1011338 width=4) (actual time=1291.202..1291.202 rows=1012920 loops=1)
                    Buckets: 131072  Batches: 16  Memory Usage: 3250kB
                    ->  Seq Scan on title t  (cost=0.00..67604.59 rows=1011338 width=4) (actual time=0.027..963.726 rows=1012920 loops=1)
                          Filter: (production_year > 2005)
                          Rows Removed by Filter: 1515392
Planning time: 1.188 ms
Execution time: 8032.377 ms
