Hash Join  (cost=190230.21..1075650.13 rows=2692206 width=0) (actual time=4301.612..15296.819 rows=2302200 loops=1)
  Hash Cond: (ci.movie_id = t.id)
  ->  Seq Scan on cast_info ci  (cost=0.00..796071.18 rows=4932713 width=4) (actual time=0.015..8644.410 rows=2290397 loops=1)
        Filter: ((person_id > 3021926) AND (role_id < 8))
        Rows Removed by Filter: 33953947
  ->  Hash  (cost=167588.78..167588.78 rows=1380035 width=8) (actual time=4299.460..4299.460 rows=1380035 loops=1)
        Buckets: 131072  Batches: 32  Memory Usage: 2708kB
        ->  Hash Join  (cost=102767.86..167588.78 rows=1380035 width=8) (actual time=1504.077..3801.854 rows=1380035 loops=1)
              Hash Cond: (mi_idx.movie_id = t.id)
              ->  Seq Scan on movie_info_idx mi_idx  (cost=0.00..21735.35 rows=1380035 width=4) (actual time=0.023..272.705 rows=1380035 loops=1)
              ->  Hash  (cost=61283.27..61283.27 rows=2528527 width=4) (actual time=1502.310..1502.310 rows=2528312 loops=1)
                    Buckets: 131072  Batches: 64  Memory Usage: 2415kB
                    ->  Seq Scan on title t  (cost=0.00..61283.27 rows=2528527 width=4) (actual time=0.021..770.375 rows=2528312 loops=1)
Planning time: 1.142 ms
Execution time: 15605.773 ms
