Hash Join  (cost=84417.00..191112.12 rows=562875 width=0) (actual time=1270.626..3585.011 rows=753293 loops=1)
  Hash Cond: (mk.movie_id = t.id)
  ->  Seq Scan on movie_keyword mk  (cost=0.00..81003.12 rows=1388866 width=4) (actual time=0.013..1269.396 rows=1403060 loops=1)
        Filter: (keyword_id < 1907)
        Rows Removed by Filter: 3120870
  ->  Hash  (cost=67604.59..67604.59 rows=1024753 width=4) (actual time=1269.330..1269.330 rows=1021752 loops=1)
        Buckets: 131072  Batches: 16  Memory Usage: 3281kB
        ->  Seq Scan on title t  (cost=0.00..67604.59 rows=1024753 width=4) (actual time=0.012..945.781 rows=1021752 loops=1)
              Filter: (production_year < 2000)
              Rows Removed by Filter: 1506560
Planning time: 0.728 ms
Execution time: 3681.820 ms
