Hash Join  (cost=84498.64..1022681.31 rows=2521049 width=0) (actual time=2473.079..15415.320 rows=1306414 loops=1)
  Hash Cond: (ci.movie_id = t.id)
  ->  Seq Scan on cast_info ci  (cost=0.00..796071.18 rows=9892534 width=4) (actual time=1145.509..11696.672 rows=4230473 loops=1)
        Filter: ((person_id < 1492142) AND (role_id > 1))
        Rows Removed by Filter: 32013871
  ->  Hash  (cost=73925.90..73925.90 rows=644379 width=4) (actual time=1312.165..1312.165 rows=639420 loops=1)
        Buckets: 131072  Batches: 16  Memory Usage: 2425kB
        ->  Seq Scan on title t  (cost=0.00..73925.90 rows=644379 width=4) (actual time=16.051..1109.606 rows=639420 loops=1)
              Filter: ((production_year > 1906) AND (kind_id = 1))
              Rows Removed by Filter: 1888892
Planning time: 0.816 ms
Execution time: 15560.480 ms
