Hash Join  (cost=168666.78..708734.85 rows=5647713 width=0) (actual time=3907.152..20576.190 rows=13319526 loops=1)
  Hash Cond: (mi.movie_id = t.id)
  ->  Seq Scan on movie_info mi  (cost=0.00..309384.22 rows=14739122 width=4) (actual time=0.024..5935.604 rows=14835720 loops=1)
  ->  Hash  (cost=152770.82..152770.82 rows=968877 width=8) (actual time=3906.066..3906.066 rows=927541 loops=1)
        Buckets: 131072  Batches: 16  Memory Usage: 3306kB
        ->  Hash Join  (cost=96729.52..152770.82 rows=968877 width=8) (actual time=1883.775..3626.044 rows=927541 loops=1)
              Hash Cond: (mi_idx.movie_id = t.id)
              ->  Seq Scan on movie_info_idx mi_idx  (cost=0.00..21735.35 rows=1380035 width=4) (actual time=0.013..493.590 rows=1380035 loops=1)
              ->  Hash  (cost=67604.59..67604.59 rows=1775195 width=4) (actual time=1882.737..1882.737 rows=1772072 loops=1)
                    Buckets: 131072  Batches: 32  Memory Usage: 2976kB
                    ->  Seq Scan on title t  (cost=0.00..67604.59 rows=1775195 width=4) (actual time=0.017..1303.196 rows=1772072 loops=1)
                          Filter: (production_year > 1989)
                          Rows Removed by Filter: 756240
Planning time: 1.214 ms
Execution time: 22090.058 ms
