Hash Join  (cost=101188.02..466295.42 rows=45145 width=0) (actual time=1354.384..7094.569 rows=302936 loops=1)
  Hash Cond: (mi.movie_id = t.id)
  ->  Seq Scan on movie_info mi  (cost=0.00..309384.22 rows=14739122 width=4) (actual time=0.007..2789.204 rows=14835720 loops=1)
  ->  Hash  (cost=101091.21..101091.21 rows=7745 width=8) (actual time=1354.213..1354.213 rows=16145 loops=1)
        Buckets: 16384 (originally 8192)  Batches: 1 (originally 1)  Memory Usage: 759kB
        ->  Hash Join  (cost=74103.28..101091.21 rows=7745 width=8) (actual time=842.417..1348.486 rows=16145 loops=1)
              Hash Cond: (mi_idx.movie_id = t.id)
              ->  Seq Scan on movie_info_idx mi_idx  (cost=0.00..21735.35 rows=1380035 width=4) (actual time=0.025..212.166 rows=1380035 loops=1)
              ->  Hash  (cost=73925.90..73925.90 rows=14190 width=4) (actual time=842.235..842.235 rows=12208 loops=1)
                    Buckets: 16384  Batches: 1  Memory Usage: 558kB
                    ->  Seq Scan on title t  (cost=0.00..73925.90 rows=14190 width=4) (actual time=0.071..836.996 rows=12208 loops=1)
                          Filter: ((kind_id < 7) AND (production_year = 1996))
                          Rows Removed by Filter: 2516104
Planning time: 1.208 ms
Execution time: 7134.949 ms
