Hash Join  (cost=52284.99..140101.18 rows=75 width=0) (actual time=1272.774..2240.259 rows=3794 loops=1)
  Hash Cond: (mk.movie_id = t.id)
  ->  Seq Scan on movie_keyword mk  (cost=0.00..81003.12 rows=1816617 width=4) (actual time=0.027..1277.885 rows=1818355 loops=1)
        Filter: (keyword_id > 7637)
        Rows Removed by Filter: 2705575
  ->  Hash  (cost=52283.69..52283.69 rows=104 width=8) (actual time=684.233..684.233 rows=1416 loops=1)
        Buckets: 2048 (originally 1024)  Batches: 1 (originally 1)  Memory Usage: 72kB
        ->  Nested Loop  (cost=0.43..52283.69 rows=104 width=8) (actual time=4.406..683.593 rows=1416 loops=1)
              ->  Seq Scan on movie_companies mc  (cost=0.00..51404.11 rows=104 width=4) (actual time=4.354..655.781 rows=1416 loops=1)
                    Filter: (company_id = 3232)
                    Rows Removed by Filter: 2607713
              ->  Index Only Scan using title_pkey on title t  (cost=0.43..8.45 rows=1 width=4) (actual time=0.019..0.019 rows=1 loops=1416)
                    Index Cond: (id = mc.movie_id)
                    Heap Fetches: 1416
Planning time: 1.112 ms
Execution time: 2240.857 ms
