Seq Scan on cast_info ci  (cost=0.00..705507.15 rows=500 width=0) (actual time=573.318..8532.748 rows=268 loops=1)
  Filter: (person_id = 4041947)
  Rows Removed by Filter: 36244076
Planning time: 0.358 ms
Execution time: 8532.892 ms
