Hash Join  (cost=102767.86..251883.30 rows=2420081 width=0) (actual time=1642.878..5435.563 rows=2421806 loops=1)
  Hash Cond: (mk.movie_id = t.id)
  ->  Seq Scan on movie_keyword mk  (cost=0.00..81003.12 rows=2420081 width=4) (actual time=0.015..1409.847 rows=2421806 loops=1)
        Filter: (keyword_id < 5713)
        Rows Removed by Filter: 2102124
  ->  Hash  (cost=61283.27..61283.27 rows=2528527 width=4) (actual time=1641.628..1641.628 rows=2528312 loops=1)
        Buckets: 131072  Batches: 64  Memory Usage: 2425kB
        ->  Seq Scan on title t  (cost=0.00..61283.27 rows=2528527 width=4) (actual time=0.018..785.741 rows=2528312 loops=1)
Planning time: 0.710 ms
Execution time: 5694.617 ms
