Seq Scan on title t  (cost=0.00..67604.59 rows=2245501 width=0) (actual time=0.013..1179.616 rows=2235103 loops=1)
  Filter: (production_year > 1957)
  Rows Removed by Filter: 293209
Planning time: 0.227 ms
Execution time: 1457.799 ms
