Hash Join  (cost=102767.86..177604.55 rows=292170 width=0) (actual time=1735.508..3242.907 rows=427195 loops=1)
  Hash Cond: (mc.movie_id = t.id)
  ->  Seq Scan on movie_companies mc  (cost=0.00..57926.93 rows=292170 width=4) (actual time=0.028..774.634 rows=427195 loops=1)
        Filter: ((company_id < 684) AND (company_type_id = 1))
        Rows Removed by Filter: 2181934
  ->  Hash  (cost=61283.27..61283.27 rows=2528527 width=4) (actual time=1734.301..1734.301 rows=2528312 loops=1)
        Buckets: 131072  Batches: 64  Memory Usage: 2415kB
        ->  Seq Scan on title t  (cost=0.00..61283.27 rows=2528527 width=4) (actual time=0.020..894.049 rows=2528312 loops=1)
Planning time: 0.719 ms
Execution time: 3289.647 ms
