Nested Loop  (cost=0.43..798787.41 rows=324 width=0) (actual time=10471.141..11954.430 rows=9 loops=1)
  ->  Seq Scan on cast_info ci  (cost=0.00..796071.18 rows=324 width=4) (actual time=10470.963..11954.063 rows=9 loops=1)
        Filter: ((role_id > 1) AND (person_id = 1962838))
        Rows Removed by Filter: 36244335
  ->  Index Only Scan using title_pkey on title t  (cost=0.43..8.37 rows=1 width=4) (actual time=0.030..0.030 rows=1 loops=9)
        Index Cond: (id = ci.movie_id)
        Heap Fetches: 9
Planning time: 0.797 ms
Execution time: 11954.517 ms
