Hash Join  (cost=186667.17..317337.75 rows=711454 width=0) (actual time=3358.085..6468.992 rows=1044873 loops=1)
  Hash Cond: (mk.movie_id = t.id)
  ->  Seq Scan on movie_keyword mk  (cost=0.00..69693.30 rows=4523930 width=4) (actual time=0.016..1175.928 rows=4523930 loops=1)
  ->  Hash  (cost=180142.57..180142.57 rows=397648 width=8) (actual time=3357.007..3357.007 rows=80133 loops=1)
        Buckets: 131072  Batches: 8  Memory Usage: 1435kB
        ->  Hash Join  (cost=102767.86..180142.57 rows=397648 width=8) (actual time=1675.820..3329.538 rows=80133 loops=1)
              Hash Cond: (mc.movie_id = t.id)
              ->  Seq Scan on movie_companies mc  (cost=0.00..57926.93 rows=397648 width=4) (actual time=0.022..745.699 rows=80133 loops=1)
                    Filter: ((company_id > 28339) AND (company_type_id = 1))
                    Rows Removed by Filter: 2528996
              ->  Hash  (cost=61283.27..61283.27 rows=2528527 width=4) (actual time=1674.039..1674.039 rows=2528312 loops=1)
                    Buckets: 131072  Batches: 64  Memory Usage: 2415kB
                    ->  Seq Scan on title t  (cost=0.00..61283.27 rows=2528527 width=4) (actual time=0.019..819.477 rows=2528312 loops=1)
Planning time: 1.138 ms
Execution time: 6577.893 ms
