Hash Join  (cost=206827.83..726042.92 rows=1966728 width=0) (actual time=4236.562..20674.901 rows=20785181 loops=1)
  Hash Cond: (mi.movie_id = t.id)
  ->  Seq Scan on movie_info mi  (cost=0.00..309384.22 rows=14739122 width=4) (actual time=0.019..4564.978 rows=14835720 loops=1)
  ->  Hash  (cost=201292.38..201292.38 rows=337396 width=8) (actual time=4235.776..4235.776 rows=593386 loops=1)
        Buckets: 131072  Batches: 8  Memory Usage: 3979kB
        ->  Hash Join  (cost=71214.36..201292.38 rows=337396 width=8) (actual time=945.447..4060.284 rows=593386 loops=1)
              Hash Cond: (mk.movie_id = t.id)
              ->  Seq Scan on movie_keyword mk  (cost=0.00..81003.12 rows=3878116 width=4) (actual time=0.015..1505.222 rows=3875878 loops=1)
                    Filter: (keyword_id > 498)
                    Rows Removed by Filter: 648052
              ->  Hash  (cost=67604.59..67604.59 rows=219982 width=4) (actual time=941.972..941.972 rows=221115 loops=1)
                    Buckets: 131072  Batches: 4  Memory Usage: 2973kB
                    ->  Seq Scan on title t  (cost=0.00..67604.59 rows=219982 width=4) (actual time=0.012..867.074 rows=221115 loops=1)
                          Filter: (production_year < 1958)
                          Rows Removed by Filter: 2307197
Planning time: 1.114 ms
Execution time: 23203.958 ms
