Seq Scan on cast_info ci  (cost=0.00..796071.18 rows=6190538 width=0) (actual time=1644.457..10991.428 rows=3836316 loops=1)
  Filter: ((person_id < 1361641) AND (role_id > 2))
  Rows Removed by Filter: 32408028
Planning time: 0.251 ms
Execution time: 11500.815 ms
