Hash Join  (cost=74657.14..134888.06 rows=13388 width=0) (actual time=939.732..1819.199 rows=5260 loops=1)
  Hash Cond: (mc.movie_id = t.id)
  ->  Seq Scan on movie_companies mc  (cost=0.00..57926.93 rows=578695 width=4) (actual time=0.030..771.206 rows=366534 loops=1)
        Filter: ((company_id < 8288) AND (company_type_id = 2))
        Rows Removed by Filter: 2242595
  ->  Hash  (cost=73925.90..73925.90 rows=58499 width=4) (actual time=939.184..939.184 rows=62752 loops=1)
        Buckets: 65536  Batches: 1  Memory Usage: 2719kB
        ->  Seq Scan on title t  (cost=0.00..73925.90 rows=58499 width=4) (actual time=0.024..914.092 rows=62752 loops=1)
              Filter: ((kind_id = 7) AND (production_year = 2005))
              Rows Removed by Filter: 2465560
Planning time: 0.900 ms
Execution time: 1820.056 ms
