Hash Join  (cost=190230.21..1067246.81 rows=5326856 width=0) (actual time=4227.546..23358.136 rows=11359975 loops=1)
  Hash Cond: (ci.movie_id = t.id)
  ->  Seq Scan on cast_info ci  (cost=0.00..705507.15 rows=9759970 width=4) (actual time=0.015..11007.636 rows=9572864 loops=1)
        Filter: (person_id < 941320)
        Rows Removed by Filter: 26671480
  ->  Hash  (cost=167588.78..167588.78 rows=1380035 width=8) (actual time=4226.116..4226.116 rows=1380035 loops=1)
        Buckets: 131072  Batches: 32  Memory Usage: 2708kB
        ->  Hash Join  (cost=102767.86..167588.78 rows=1380035 width=8) (actual time=1891.481..3794.536 rows=1380035 loops=1)
              Hash Cond: (mi_idx.movie_id = t.id)
              ->  Seq Scan on movie_info_idx mi_idx  (cost=0.00..21735.35 rows=1380035 width=4) (actual time=0.013..363.755 rows=1380035 loops=1)
              ->  Hash  (cost=61283.27..61283.27 rows=2528527 width=4) (actual time=1889.971..1889.971 rows=2528312 loops=1)
                    Buckets: 131072  Batches: 64  Memory Usage: 2415kB
                    ->  Seq Scan on title t  (cost=0.00..61283.27 rows=2528527 width=4) (actual time=0.017..796.378 rows=2528312 loops=1)
Planning time: 2.096 ms
Execution time: 24726.962 ms
