Hash Join  (cost=86974.96..1295622.71 rows=10694022 width=0) (actual time=1333.828..33386.677 rows=8625177 loops=1)
  Hash Cond: (ci.movie_id = t.id)
  ->  Seq Scan on cast_info ci  (cost=0.00..705507.15 rows=33997168 width=4) (actual time=0.021..13838.774 rows=34081790 loops=1)
        Filter: (person_id > 211974)
        Rows Removed by Filter: 2162554
  ->  Hash  (cost=73925.90..73925.90 rows=795364 width=4) (actual time=1332.681..1332.681 rows=698235 loops=1)
        Buckets: 131072  Batches: 16  Memory Usage: 2558kB
        ->  Seq Scan on title t  (cost=0.00..73925.90 rows=795364 width=4) (actual time=0.022..1106.411 rows=698235 loops=1)
              Filter: ((kind_id > 2) AND (production_year < 2002))
              Rows Removed by Filter: 1830077
Planning time: 0.808 ms
Execution time: 34383.150 ms
