Seq Scan on movie_companies mc  (cost=0.00..57926.93 rows=524743 width=0) (actual time=0.019..769.956 rows=237431 loops=1)
  Filter: ((company_id > 14344) AND (company_type_id < 2))
  Rows Removed by Filter: 2371698
Planning time: 0.315 ms
Execution time: 801.207 ms
