Hash Join  (cost=216423.74..616307.33 rows=1374784 width=0) (actual time=6698.763..12047.222 rows=3077130 loops=1)
  Hash Cond: (mi.movie_id = t.id)
  ->  Seq Scan on movie_info mi  (cost=0.00..346232.03 rows=3068194 width=4) (actual time=2306.973..4400.431 rows=3036719 loops=1)
        Filter: (info_type_id = 16)
        Rows Removed by Filter: 11799001
  ->  Hash  (cost=197835.59..197835.59 rows=1132972 width=8) (actual time=4390.556..4390.556 rows=1243174 loops=1)
        Buckets: 131072  Batches: 16  Memory Usage: 4068kB
        ->  Hash Join  (cost=102767.86..197835.59 rows=1132972 width=8) (actual time=1632.572..4016.017 rows=1243174 loops=1)
              Hash Cond: (mc.movie_id = t.id)
              ->  Seq Scan on movie_companies mc  (cost=0.00..57926.93 rows=1132972 width=4) (actual time=0.029..994.083 rows=1243174 loops=1)
                    Filter: ((company_id > 227) AND (company_type_id = 2))
                    Rows Removed by Filter: 1365955
              ->  Hash  (cost=61283.27..61283.27 rows=2528527 width=4) (actual time=1631.418..1631.418 rows=2528312 loops=1)
                    Buckets: 131072  Batches: 64  Memory Usage: 2415kB
                    ->  Seq Scan on title t  (cost=0.00..61283.27 rows=2528527 width=4) (actual time=0.020..782.144 rows=2528312 loops=1)
Planning time: 1.234 ms
Execution time: 12445.961 ms
