Seq Scan on movie_keyword mk  (cost=0.00..81003.12 rows=246 width=0) (actual time=8.297..981.486 rows=95 loops=1)
  Filter: (keyword_id = 5135)
  Rows Removed by Filter: 4523835
Planning time: 0.336 ms
Execution time: 981.655 ms
