Hash Join  (cost=83074.74..880182.00 rows=27 width=0) (actual time=1257.275..11166.965 rows=204 loops=1)
  Hash Cond: (ci.movie_id = t.id)
  ->  Seq Scan on cast_info ci  (cost=0.00..796071.18 rows=276214 width=4) (actual time=41.826..9937.524 rows=91619 loops=1)
        Filter: ((person_id < 41124) AND (role_id > 1))
        Rows Removed by Filter: 36152725
  ->  Hash  (cost=83071.67..83071.67 rows=246 width=8) (actual time=1214.815..1214.815 rows=1771 loops=1)
        Buckets: 2048 (originally 1024)  Batches: 1 (originally 1)  Memory Usage: 86kB
        ->  Nested Loop  (cost=0.43..83071.67 rows=246 width=8) (actual time=1.376..1213.681 rows=1771 loops=1)
              ->  Seq Scan on movie_keyword mk  (cost=0.00..81003.12 rows=246 width=4) (actual time=1.301..1146.245 rows=1771 loops=1)
                    Filter: (keyword_id = 397)
                    Rows Removed by Filter: 4522159
              ->  Index Only Scan using title_pkey on title t  (cost=0.43..8.40 rows=1 width=4) (actual time=0.037..0.037 rows=1 loops=1771)
                    Index Cond: (id = mk.movie_id)
                    Heap Fetches: 1771
Planning time: 5.223 ms
Execution time: 11167.146 ms
