Hash Join  (cost=175904.73..552738.23 rows=448438 width=0) (actual time=3757.659..7935.952 rows=313307 loops=1)
  Hash Cond: (mi.movie_id = t.id)
  ->  Seq Scan on movie_info mi  (cost=0.00..346232.03 rows=2073893 width=4) (actual time=701.583..3878.132 rows=2091068 loops=1)
        Filter: (info_type_id < 3)
        Rows Removed by Filter: 12744652
  ->  Hash  (cost=166934.44..166934.44 rows=546743 width=8) (actual time=3054.995..3054.995 rows=216267 loops=1)
        Buckets: 131072  Batches: 8  Memory Usage: 2091kB
        ->  Hash Join  (cost=89586.92..166934.44 rows=546743 width=8) (actual time=1365.737..2994.854 rows=216267 loops=1)
              Hash Cond: (mc.movie_id = t.id)
              ->  Seq Scan on movie_companies mc  (cost=0.00..51404.11 rows=1448261 width=4) (actual time=0.033..820.365 rows=1453028 loops=1)
                    Filter: (company_id > 9274)
                    Rows Removed by Filter: 1156101
              ->  Hash  (cost=73925.90..73925.90 rows=954561 width=4) (actual time=1364.954..1364.954 rows=873022 loops=1)
                    Buckets: 131072  Batches: 16  Memory Usage: 2945kB
                    ->  Seq Scan on title t  (cost=0.00..73925.90 rows=954561 width=4) (actual time=0.021..1088.931 rows=873022 loops=1)
                          Filter: ((kind_id > 3) AND (production_year < 2006))
                          Rows Removed by Filter: 1655290
Planning time: 1.243 ms
Execution time: 7978.673 ms
