Hash Join  (cost=455960.51..1512432.18 rows=2206655 width=0) (actual time=6204.978..32152.717 rows=5405756 loops=1)
  Hash Cond: (ci.movie_id = t.id)
  ->  Seq Scan on cast_info ci  (cost=0.00..614943.12 rows=36225612 width=4) (actual time=0.018..10704.350 rows=36244344 loops=1)
  ->  Hash  (cost=453433.22..453433.22 rows=154023 width=8) (actual time=6204.053..6204.053 rows=171979 loops=1)
        Buckets: 131072  Batches: 4  Memory Usage: 2680kB
        ->  Hash Join  (cost=69687.24..453433.22 rows=154023 width=8) (actual time=1393.051..6151.759 rows=171979 loops=1)
              Hash Cond: (mi.movie_id = t.id)
              ->  Seq Scan on movie_info mi  (cost=0.00..346232.03 rows=3068194 width=4) (actual time=491.491..4166.912 rows=3036719 loops=1)
                    Filter: (info_type_id = 16)
                    Rows Removed by Filter: 11799001
              ->  Hash  (cost=67604.59..67604.59 rows=126932 width=4) (actual time=900.227..900.227 rows=122861 loops=1)
                    Buckets: 131072  Batches: 2  Memory Usage: 3197kB
                    ->  Seq Scan on title t  (cost=0.00..67604.59 rows=126932 width=4) (actual time=0.022..852.961 rows=122861 loops=1)
                          Filter: (production_year = 2008)
                          Rows Removed by Filter: 2405451
Planning time: 1.110 ms
Execution time: 32709.956 ms
