Hash Join  (cost=137214.02..265787.33 rows=401973 width=0) (actual time=2577.415..5719.580 rows=292100 loops=1)
  Hash Cond: (mk.movie_id = t.id)
  ->  Seq Scan on movie_keyword mk  (cost=0.00..81003.12 rows=3672919 width=4) (actual time=0.025..1580.699 rows=3666778 loops=1)
        Filter: (keyword_id < 21429)
        Rows Removed by Filter: 857152
  ->  Hash  (cost=132673.92..132673.92 rows=276728 width=8) (actual time=2464.748..2464.748 rows=141906 loops=1)
        Buckets: 131072  Batches: 4  Memory Usage: 2413kB
        ->  Hash Join  (cost=92883.59..132673.92 rows=276728 width=8) (actual time=1569.004..2414.270 rows=141906 loops=1)
              Hash Cond: (mi_idx.movie_id = t.id)
              ->  Seq Scan on movie_info_idx mi_idx  (cost=0.00..25185.44 rows=454124 width=4) (actual time=0.020..404.277 rows=459925 loops=1)
                    Filter: (info_type_id = 100)
                    Rows Removed by Filter: 920110
              ->  Hash  (cost=67604.59..67604.59 rows=1540800 width=4) (actual time=1453.625..1453.625 rows=1543264 loops=1)
                    Buckets: 131072  Batches: 32  Memory Usage: 2722kB
                    ->  Seq Scan on title t  (cost=0.00..67604.59 rows=1540800 width=4) (actual time=51.472..966.359 rows=1543264 loops=1)
                          Filter: (kind_id = 7)
                          Rows Removed by Filter: 985048
Planning time: 1.142 ms
Execution time: 5753.848 ms
