Hash Join  (cost=197457.23..239436.76 rows=298746 width=0) (actual time=3652.228..4949.266 rows=903156 loops=1)
  Hash Cond: (mi_idx.movie_id = t.id)
  ->  Seq Scan on movie_info_idx mi_idx  (cost=0.00..25185.44 rows=915101 width=4) (actual time=0.025..467.410 rows=919850 loops=1)
        Filter: (info_type_id < 101)
        Rows Removed by Filter: 460185
  ->  Hash  (cost=183913.86..183913.86 rows=825470 width=8) (actual time=3651.453..3651.453 rows=817737 loops=1)
        Buckets: 131072  Batches: 16  Memory Usage: 3010kB
        ->  Hash Join  (cost=102767.86..183913.86 rows=825470 width=8) (actual time=1582.626..3413.426 rows=817737 loops=1)
              Hash Cond: (mc.movie_id = t.id)
              ->  Seq Scan on movie_companies mc  (cost=0.00..51404.11 rows=825470 width=4) (actual time=0.018..762.860 rows=817737 loops=1)
                    Filter: (company_id < 1924)
                    Rows Removed by Filter: 1791392
              ->  Hash  (cost=61283.27..61283.27 rows=2528527 width=4) (actual time=1581.494..1581.494 rows=2528312 loops=1)
                    Buckets: 131072  Batches: 64  Memory Usage: 2415kB
                    ->  Seq Scan on title t  (cost=0.00..61283.27 rows=2528527 width=4) (actual time=0.013..769.070 rows=2528312 loops=1)
Planning time: 1.115 ms
Execution time: 5065.911 ms
