Hash Join  (cost=191494.26..272486.20 rows=431041 width=0) (actual time=3967.228..7794.042 rows=10753215 loops=1)
  Hash Cond: (mc.movie_id = t.id)
  ->  Seq Scan on movie_companies mc  (cost=0.00..44881.29 rows=2609129 width=4) (actual time=0.019..709.556 rows=2609129 loops=1)
  ->  Hash  (cost=184640.70..184640.70 rows=417725 width=8) (actual time=3966.001..3966.001 rows=993593 loops=1)
        Buckets: 131072 (originally 131072)  Batches: 16 (originally 8)  Memory Usage: 3498kB
        ->  Hash Join  (cost=78556.72..184640.70 rows=417725 width=8) (actual time=1293.481..3674.545 rows=993593 loops=1)
              Hash Cond: (mk.movie_id = t.id)
              ->  Seq Scan on movie_keyword mk  (cost=0.00..81003.12 rows=1582293 width=4) (actual time=0.026..1280.273 rows=1596845 loops=1)
                    Filter: (keyword_id > 9628)
                    Rows Removed by Filter: 2927085
              ->  Hash  (cost=67604.59..67604.59 rows=667531 width=4) (actual time=1292.657..1292.657 rows=662825 loops=1)
                    Buckets: 131072  Batches: 16  Memory Usage: 2486kB
                    ->  Seq Scan on title t  (cost=0.00..67604.59 rows=667531 width=4) (actual time=89.233..837.180 rows=662825 loops=1)
                          Filter: (kind_id = 1)
                          Rows Removed by Filter: 1865487
Planning time: 1.098 ms
Execution time: 8761.444 ms
