Hash Join  (cost=102767.86..183216.79 rows=525415 width=0) (actual time=1985.811..3555.617 rows=238587 loops=1)
  Hash Cond: (mc.movie_id = t.id)
  ->  Seq Scan on movie_companies mc  (cost=0.00..57926.93 rows=525415 width=4) (actual time=0.011..1041.790 rows=238587 loops=1)
        Filter: ((company_id > 14321) AND (company_type_id = 1))
        Rows Removed by Filter: 2370542
  ->  Hash  (cost=61283.27..61283.27 rows=2528527 width=4) (actual time=1983.921..1983.921 rows=2528312 loops=1)
        Buckets: 131072  Batches: 64  Memory Usage: 2415kB
        ->  Seq Scan on title t  (cost=0.00..61283.27 rows=2528527 width=4) (actual time=0.008..1137.414 rows=2528312 loops=1)
Planning time: 0.536 ms
Execution time: 3579.770 ms
