Seq Scan on movie_keyword mk  (cost=0.00..81003.12 rows=4342962 width=0) (actual time=0.018..1133.545 rows=4343402 loops=1)
  Filter: (keyword_id < 71641)
  Rows Removed by Filter: 180528
Planning time: 0.308 ms
Execution time: 1597.340 ms
