Seq Scan on movie_companies mc  (cost=0.00..57926.93 rows=980339 width=0) (actual time=0.023..775.298 rows=1266206 loops=1)
  Filter: ((company_id < 63666) AND (company_type_id = 1))
  Rows Removed by Filter: 1342923
Planning time: 0.353 ms
Execution time: 894.864 ms
