Hash Join  (cost=923952.53..1603209.08 rows=15238982 width=0) (actual time=14535.385..38044.787 rows=33194952 loops=1)
  Hash Cond: (mi.movie_id = t.id)
  ->  Seq Scan on movie_info mi  (cost=0.00..309384.22 rows=14739122 width=4) (actual time=0.018..4659.170 rows=14835720 loops=1)
  ->  Hash  (cost=881061.04..881061.04 rows=2614279 width=8) (actual time=14534.397..14534.397 rows=2573693 loops=1)
        Buckets: 131072  Batches: 64  Memory Usage: 2637kB
        ->  Hash Join  (cost=102767.86..881061.04 rows=2614279 width=8) (actual time=4059.505..13734.591 rows=2573693 loops=1)
              Hash Cond: (ci.movie_id = t.id)
              ->  Seq Scan on cast_info ci  (cost=0.00..705507.15 rows=2614279 width=4) (actual time=2234.003..9366.168 rows=2573693 loops=1)
                    Filter: (person_id < 247820)
                    Rows Removed by Filter: 33670651
              ->  Hash  (cost=61283.27..61283.27 rows=2528527 width=4) (actual time=1798.288..1798.288 rows=2528312 loops=1)
                    Buckets: 131072  Batches: 64  Memory Usage: 2415kB
                    ->  Seq Scan on title t  (cost=0.00..61283.27 rows=2528527 width=4) (actual time=0.026..953.759 rows=2528312 loops=1)
Planning time: 1.094 ms
Execution time: 41868.682 ms
