Hash Join  (cost=82995.40..597182.45 rows=3222112 width=0) (actual time=987.558..14091.025 rows=5582813 loops=1)
  Hash Cond: (mi.movie_id = t.id)
  ->  Seq Scan on movie_info mi  (cost=0.00..309384.22 rows=14739122 width=4) (actual time=0.018..4530.531 rows=14835720 loops=1)
  ->  Hash  (cost=73925.90..73925.90 rows=552760 width=4) (actual time=986.633..986.633 rows=429855 loops=1)
        Buckets: 131072  Batches: 8  Memory Usage: 2933kB
        ->  Seq Scan on title t  (cost=0.00..73925.90 rows=552760 width=4) (actual time=0.398..873.619 rows=429855 loops=1)
              Filter: ((production_year > 1969) AND (kind_id = 1))
              Rows Removed by Filter: 2098457
Planning time: 0.691 ms
Execution time: 14751.234 ms
