Seq Scan on movie_companies mc  (cost=0.00..51404.11 rows=1216898 width=0) (actual time=0.029..787.155 rows=1230062 loops=1)
  Filter: (company_id > 11916)
  Rows Removed by Filter: 1379067
Planning time: 0.327 ms
Execution time: 942.872 ms
