Hash Join  (cost=167322.81..1103760.50 rows=376938 width=0) (actual time=2661.021..22649.494 rows=974248 loops=1)
  Hash Cond: (ci.movie_id = t.id)
  ->  Seq Scan on cast_info ci  (cost=0.00..796071.18 rows=11786436 width=4) (actual time=0.025..13183.298 rows=18324170 loops=1)
        Filter: ((person_id > 1776118) AND (role_id > 1))
        Rows Removed by Filter: 17920174
  ->  Hash  (cost=165996.01..165996.01 rows=80864 width=8) (actual time=2660.273..2660.273 rows=84071 loops=1)
        Buckets: 131072  Batches: 2  Memory Usage: 2662kB
        ->  Hash Join  (cost=102767.86..165996.01 rows=80864 width=8) (actual time=1647.474..2632.893 rows=84071 loops=1)
              Hash Cond: (mc.movie_id = t.id)
              ->  Seq Scan on movie_companies mc  (cost=0.00..51404.11 rows=80864 width=4) (actual time=0.059..569.242 rows=84071 loops=1)
                    Filter: (company_id < 19)
                    Rows Removed by Filter: 2525058
              ->  Hash  (cost=61283.27..61283.27 rows=2528527 width=4) (actual time=1645.037..1645.037 rows=2528312 loops=1)
                    Buckets: 131072  Batches: 64  Memory Usage: 2415kB
                    ->  Seq Scan on title t  (cost=0.00..61283.27 rows=2528527 width=4) (actual time=0.026..788.553 rows=2528312 loops=1)
Planning time: 1.135 ms
Execution time: 22781.323 ms
