Hash Join  (cost=171602.21..203187.53 rows=34022 width=0) (actual time=2737.462..3332.731 rows=87305 loops=1)
  Hash Cond: (mi_idx.movie_id = t.id)
  ->  Seq Scan on movie_info_idx mi_idx  (cost=0.00..25185.44 rows=460978 width=4) (actual time=0.025..367.898 rows=459925 loops=1)
        Filter: (info_type_id = 99)
        Rows Removed by Filter: 920110
  ->  Hash  (cost=168540.50..168540.50 rows=186617 width=8) (actual time=2736.652..2736.652 rows=186044 loops=1)
        Buckets: 131072  Batches: 4  Memory Usage: 2852kB
        ->  Hash Join  (cost=102767.86..168540.50 rows=186617 width=8) (actual time=1619.799..2693.392 rows=186044 loops=1)
              Hash Cond: (mc.movie_id = t.id)
              ->  Seq Scan on movie_companies mc  (cost=0.00..51404.11 rows=186617 width=4) (actual time=0.041..655.182 rows=186044 loops=1)
                    Filter: (company_id < 49)
                    Rows Removed by Filter: 2423085
              ->  Hash  (cost=61283.27..61283.27 rows=2528527 width=4) (actual time=1614.432..1614.432 rows=2528312 loops=1)
                    Buckets: 131072  Batches: 64  Memory Usage: 2415kB
                    ->  Seq Scan on title t  (cost=0.00..61283.27 rows=2528527 width=4) (actual time=0.017..780.123 rows=2528312 loops=1)
Planning time: 1.163 ms
Execution time: 3342.903 ms
