Seq Scan on cast_info ci  (cost=0.00..796071.18 rows=1490731 width=0) (actual time=9721.238..12195.288 rows=1371774 loops=1)
  Filter: ((person_id < 3146509) AND (role_id = 8))
  Rows Removed by Filter: 34872570
Planning time: 0.338 ms
Execution time: 12371.715 ms
