Hash Join  (cost=424743.53..451835.48 rows=18147 width=0) (actual time=5729.966..6250.926 rows=21011 loops=1)
  Hash Cond: (mi_idx.movie_id = t.id)
  ->  Seq Scan on movie_info_idx mi_idx  (cost=0.00..21735.35 rows=1380035 width=4) (actual time=0.019..257.998 rows=1380035 loops=1)
  ->  Hash  (cost=424327.90..424327.90 rows=33250 width=8) (actual time=5682.168..5682.168 rows=20628 loops=1)
        Buckets: 65536  Batches: 1  Memory Usage: 1318kB
        ->  Hash Join  (cost=69720.52..424327.90 rows=33250 width=8) (actual time=2199.738..5674.494 rows=20628 loops=1)
              Hash Cond: (mi.movie_id = t.id)
              ->  Seq Scan on movie_info mi  (cost=0.00..346232.03 rows=651960 width=4) (actual time=1033.617..4426.819 rows=660923 loops=1)
                    Filter: (info_type_id = 18)
                    Rows Removed by Filter: 14174797
              ->  Hash  (cost=67604.59..67604.59 rows=128955 width=4) (actual time=1000.272..1000.272 rows=130325 loops=1)
                    Buckets: 131072  Batches: 2  Memory Usage: 3316kB
                    ->  Seq Scan on title t  (cost=0.00..67604.59 rows=128955 width=4) (actual time=99.128..953.590 rows=130325 loops=1)
                          Filter: (production_year < 1936)
                          Rows Removed by Filter: 2397987
Planning time: 1.133 ms
Execution time: 6254.167 ms
