Seq Scan on movie_companies mc  (cost=0.00..51404.11 rows=104 width=0) (actual time=7.089..708.055 rows=328 loops=1)
  Filter: (company_id = 2936)
  Rows Removed by Filter: 2608801
Planning time: 0.335 ms
Execution time: 708.221 ms
