Hash Join  (cost=73962.22..420261.72 rows=21 width=0) (actual time=1380.674..5214.356 rows=181 loops=1)
  Hash Cond: (mi.movie_id = t.id)
  ->  Seq Scan on movie_info mi  (cost=0.00..346232.03 rows=17937 width=4) (actual time=444.080..4313.703 rows=61128 loops=1)
        Filter: (info_type_id = 103)
        Rows Removed by Filter: 14774592
  ->  Hash  (cost=73925.90..73925.90 rows=2905 width=4) (actual time=886.718..886.718 rows=7085 loops=1)
        Buckets: 8192 (originally 4096)  Batches: 1 (originally 1)  Memory Usage: 314kB
        ->  Seq Scan on title t  (cost=0.00..73925.90 rows=2905 width=4) (actual time=1.950..882.852 rows=7085 loops=1)
              Filter: ((kind_id < 7) AND (production_year = 1983))
              Rows Removed by Filter: 2521227
Planning time: 0.803 ms
Execution time: 5214.560 ms
