Hash Join  (cost=504782.80..651090.67 rows=1994984 width=0) (actual time=8179.977..12230.120 rows=3674871 loops=1)
  Hash Cond: (mk.movie_id = t.id)
  ->  Seq Scan on movie_keyword mk  (cost=0.00..69693.30 rows=4523930 width=4) (actual time=0.013..1226.934 rows=4523930 loops=1)
  ->  Hash  (cost=486488.77..486488.77 rows=1115042 width=8) (actual time=8179.062..8179.062 rows=1070164 loops=1)
        Buckets: 131072  Batches: 16  Memory Usage: 3641kB
        ->  Hash Join  (cost=104196.70..486488.77 rows=1115042 width=8) (actual time=3172.073..7839.911 rows=1070164 loops=1)
              Hash Cond: (mi.movie_id = t.id)
              ->  Seq Scan on movie_info mi  (cost=0.00..346232.03 rows=1264125 width=4) (actual time=1225.996..4471.195 rows=1288928 loops=1)
                    Filter: (info_type_id = 2)
                    Rows Removed by Filter: 13546792
              ->  Hash  (cost=67604.59..67604.59 rows=2230329 width=4) (actual time=1945.193..1945.193 rows=2225335 loops=1)
                    Buckets: 131072  Batches: 32  Memory Usage: 3481kB
                    ->  Seq Scan on title t  (cost=0.00..67604.59 rows=2230329 width=4) (actual time=0.019..1221.280 rows=2225335 loops=1)
                          Filter: (production_year > 1958)
                          Rows Removed by Filter: 302977
Planning time: 0.952 ms
Execution time: 12608.539 ms
