Hash Join  (cost=102767.86..226845.16 rows=1379580 width=0) (actual time=2271.761..5291.720 rows=1395114 loops=1)
  Hash Cond: (mk.movie_id = t.id)
  ->  Seq Scan on movie_keyword mk  (cost=0.00..81003.12 rows=1379580 width=4) (actual time=0.016..1534.562 rows=1395114 loops=1)
        Filter: (keyword_id > 12008)
        Rows Removed by Filter: 3128816
  ->  Hash  (cost=61283.27..61283.27 rows=2528527 width=4) (actual time=2270.888..2270.888 rows=2528312 loops=1)
        Buckets: 131072  Batches: 64  Memory Usage: 2425kB
        ->  Seq Scan on title t  (cost=0.00..61283.27 rows=2528527 width=4) (actual time=0.023..1103.313 rows=2528312 loops=1)
Planning time: 0.750 ms
Execution time: 5458.791 ms
