Hash Join  (cost=87646.84..153400.17 rows=101388 width=0) (actual time=1895.613..2125.804 rows=10317 loops=1)
  Hash Cond: (mc.movie_id = t.id)
  ->  Seq Scan on movie_companies mc  (cost=0.00..57926.93 rows=306537 width=4) (actual time=657.845..738.171 rows=12605 loops=1)
        Filter: ((company_id > 59943) AND (company_type_id = 1))
        Rows Removed by Filter: 2596524
  ->  Hash  (cost=73925.90..73925.90 rows=836315 width=4) (actual time=1236.564..1236.564 rows=847424 loops=1)
        Buckets: 131072  Batches: 16  Memory Usage: 2882kB
        ->  Seq Scan on title t  (cost=0.00..73925.90 rows=836315 width=4) (actual time=0.070..985.280 rows=847424 loops=1)
              Filter: ((kind_id < 4) AND (production_year > 0))
              Rows Removed by Filter: 1680888
Planning time: 0.692 ms
Execution time: 2127.339 ms
