Hash Join  (cost=75405.37..199372.73 rows=161233 width=0) (actual time=1271.722..4095.822 rows=803837 loops=1)
  Hash Cond: (mk.movie_id = t.id)
  ->  Seq Scan on movie_keyword mk  (cost=0.00..69693.30 rows=4523930 width=4) (actual time=0.016..1168.561 rows=4523930 loops=1)
  ->  Hash  (cost=73925.90..73925.90 rows=90117 width=4) (actual time=990.907..990.907 rows=217597 loops=1)
        Buckets: 131072 (originally 131072)  Batches: 4 (originally 2)  Memory Usage: 3073kB
        ->  Seq Scan on title t  (cost=0.00..73925.90 rows=90117 width=4) (actual time=0.016..912.848 rows=217597 loops=1)
              Filter: ((kind_id < 2) AND (production_year < 1968))
              Rows Removed by Filter: 2310715
Planning time: 0.709 ms
Execution time: 4198.159 ms
