Seq Scan on movie_keyword mk  (cost=0.00..81003.12 rows=4091024 width=0) (actual time=0.025..1347.803 rows=4095575 loops=1)
  Filter: (keyword_id < 40880)
  Rows Removed by Filter: 428355
Planning time: 0.335 ms
Execution time: 1850.899 ms
