Hash Join  (cost=434268.12..1186061.17 rows=100385 width=0) (actual time=5752.754..20858.943 rows=502819 loops=1)
  Hash Cond: (ci.movie_id = t.id)
  ->  Seq Scan on cast_info ci  (cost=0.00..614943.12 rows=36225612 width=4) (actual time=0.023..6966.756 rows=36244344 loops=1)
  ->  Hash  (cost=434180.53..434180.53 rows=7007 width=8) (actual time=5752.609..5752.609 rows=6621 loops=1)
        Buckets: 8192  Batches: 1  Memory Usage: 323kB
        ->  Hash Join  (cost=83810.17..434180.53 rows=7007 width=8) (actual time=1523.782..5750.581 rows=6621 loops=1)
              Hash Cond: (mi.movie_id = t.id)
              ->  Seq Scan on movie_info mi  (cost=0.00..346232.03 rows=17937 width=4) (actual time=261.881..4346.478 rows=6621 loops=1)
                    Filter: (info_type_id = 88)
                    Rows Removed by Filter: 14829099
              ->  Hash  (cost=67604.59..67604.59 rows=987727 width=4) (actual time=1260.379..1260.379 rows=985048 loops=1)
                    Buckets: 131072  Batches: 16  Memory Usage: 3197kB
                    ->  Seq Scan on title t  (cost=0.00..67604.59 rows=987727 width=4) (actual time=0.037..940.498 rows=985048 loops=1)
                          Filter: (kind_id < 7)
                          Rows Removed by Filter: 1543264
Planning time: 1.307 ms
Execution time: 20934.738 ms
