Hash Join  (cost=102767.86..1636755.34 rows=34019836 width=0) (actual time=1663.102..47140.922 rows=34102262 loops=1)
  Hash Cond: (ci.movie_id = t.id)
  ->  Seq Scan on cast_info ci  (cost=0.00..705507.15 rows=34019836 width=4) (actual time=0.021..13945.475 rows=34102262 loops=1)
        Filter: (person_id > 210382)
        Rows Removed by Filter: 2142082
  ->  Hash  (cost=61283.27..61283.27 rows=2528527 width=4) (actual time=1662.305..1662.305 rows=2528312 loops=1)
        Buckets: 131072  Batches: 64  Memory Usage: 2415kB
        ->  Seq Scan on title t  (cost=0.00..61283.27 rows=2528527 width=4) (actual time=0.017..800.472 rows=2528312 loops=1)
Planning time: 0.765 ms
Execution time: 51126.431 ms
