Hash Join  (cost=612504.48..1775417.14 rows=8099763 width=211) (actual time=13707.468..39911.864 rows=10172648 loops=1)
  Hash Cond: (ci.movie_id = t.id)
  ->  Seq Scan on cast_info ci  (cost=0.00..705507.15 rows=16201301 width=42) (actual time=4391.290..13653.383 rows=16121683 loops=1)
        Filter: (role_id > 2)
        Rows Removed by Filter: 20122661
  ->  Hash  (cost=565839.91..565839.91 rows=1264125 width=169) (actual time=9315.509..9315.509 rows=1288928 loops=1)
        Buckets: 32768  Batches: 128  Memory Usage: 1581kB
        ->  Hash Join  (cost=129928.86..565839.91 rows=1264125 width=169) (actual time=2469.342..8520.457 rows=1288928 loops=1)
              Hash Cond: (mi.movie_id = t.id)
              ->  Seq Scan on movie_info mi  (cost=0.00..346232.03 rows=1264125 width=75) (actual time=1.770..3969.093 rows=1288928 loops=1)
                    Filter: (info_type_id = 2)
                    Rows Removed by Filter: 13546792
              ->  Hash  (cost=61283.27..61283.27 rows=2528527 width=94) (actual time=2466.644..2466.644 rows=2528312 loops=1)
                    Buckets: 32768  Batches: 128  Memory Usage: 2470kB
                    ->  Seq Scan on title t  (cost=0.00..61283.27 rows=2528527 width=94) (actual time=0.018..954.365 rows=2528312 loops=1)
Planning time: 2.082 ms
Execution time: 40499.175 ms
