Seq Scan on movie_keyword mk  (cost=0.00..81003.12 rows=2883839 width=0) (actual time=0.017..1247.716 rows=2874504 loops=1)
  Filter: (keyword_id > 2514)
  Rows Removed by Filter: 1649426
Planning time: 0.180 ms
Execution time: 1596.122 ms
