Seq Scan on cast_info ci  (cost=0.00..796071.18 rows=224 width=0) (actual time=2245.710..10835.937 rows=7 loops=1)
  Filter: ((role_id > 2) AND (person_id = 3186224))
  Rows Removed by Filter: 36244337
Planning time: 0.303 ms
Execution time: 10836.065 ms
