Hash Join  (cost=169015.40..224318.70 rows=63778 width=0) (actual time=2591.570..4689.570 rows=1338672 loops=1)
  Hash Cond: (mc.movie_id = t.id)
  ->  Seq Scan on movie_companies mc  (cost=0.00..44881.29 rows=2609129 width=4) (actual time=0.027..513.187 rows=2609129 loops=1)
  ->  Hash  (cost=168242.80..168242.80 rows=61808 width=8) (actual time=2591.068..2591.068 rows=225331 loops=1)
        Buckets: 131072 (originally 65536)  Batches: 4 (originally 1)  Memory Usage: 3260kB
        ->  Hash Join  (cost=77526.34..168242.80 rows=61808 width=8) (actual time=1045.812..2508.047 rows=225331 loops=1)
              Hash Cond: (mk.movie_id = t.id)
              ->  Seq Scan on movie_keyword mk  (cost=0.00..81003.12 rows=712333 width=4) (actual time=0.015..987.375 rows=711658 loops=1)
                    Filter: (keyword_id < 613)
                    Rows Removed by Filter: 3812272
              ->  Hash  (cost=73925.90..73925.90 rows=219395 width=4) (actual time=1044.700..1044.700 rows=359523 loops=1)
                    Buckets: 131072 (originally 131072)  Batches: 8 (originally 4)  Memory Usage: 3073kB
                    ->  Seq Scan on title t  (cost=0.00..73925.90 rows=219395 width=4) (actual time=0.030..917.690 rows=359523 loops=1)
                          Filter: ((kind_id < 4) AND (production_year < 1988))
                          Rows Removed by Filter: 2168789
Planning time: 1.104 ms
Execution time: 4845.626 ms
