Hash Join  (cost=100885.02..184331.44 rows=276 width=0) (actual time=1602.863..2969.573 rows=10995 loops=1)
  Hash Cond: (mk.movie_id = t.id)
  ->  Seq Scan on movie_keyword mk  (cost=0.00..81003.12 rows=650810 width=4) (actual time=0.032..1315.557 rows=660871 loops=1)
        Filter: (keyword_id > 28445)
        Rows Removed by Filter: 3863059
  ->  Hash  (cost=100871.63..100871.63 rows=1071 width=8) (actual time=1538.550..1538.550 rows=6700 loops=1)
        Buckets: 8192 (originally 2048)  Batches: 1 (originally 1)  Memory Usage: 326kB
        ->  Hash Join  (cost=73950.44..100871.63 rows=1071 width=8) (actual time=1012.358..1536.356 rows=6700 loops=1)
              Hash Cond: (mi_idx.movie_id = t.id)
              ->  Seq Scan on movie_info_idx mi_idx  (cost=0.00..21735.35 rows=1380035 width=4) (actual time=0.027..282.779 rows=1380035 loops=1)
              ->  Hash  (cost=73925.90..73925.90 rows=1963 width=4) (actual time=1012.259..1012.259 rows=5461 loops=1)
                    Buckets: 8192 (originally 2048)  Batches: 1 (originally 1)  Memory Usage: 256kB
                    ->  Seq Scan on title t  (cost=0.00..73925.90 rows=1963 width=4) (actual time=291.567..1009.773 rows=5461 loops=1)
                          Filter: ((kind_id = 1) AND (production_year = 1990))
                          Rows Removed by Filter: 2522851
Planning time: 1.214 ms
Execution time: 2971.352 ms
