Seq Scan on movie_keyword mk  (cost=0.00..81003.12 rows=1636775 width=0) (actual time=0.020..652.966 rows=1645291 loops=1)
  Filter: (keyword_id > 8942)
  Rows Removed by Filter: 2878639
Planning time: 0.334 ms
Execution time: 768.301 ms
