Hash Join  (cost=941234.49..1377533.78 rows=1873969 width=0) (actual time=13234.071..22497.925 rows=5718268 loops=1)
  Hash Cond: (mi.movie_id = t.id)
  ->  Seq Scan on movie_info mi  (cost=0.00..346232.03 rows=5897221 width=4) (actual time=602.665..5008.743 rows=5884963 loops=1)
        Filter: (info_type_id < 7)
        Rows Removed by Filter: 8950757
  ->  Hash  (cost=928051.81..928051.81 rows=803494 width=8) (actual time=12630.490..12630.490 rows=1591479 loops=1)
        Buckets: 131072 (originally 131072)  Batches: 32 (originally 16)  Memory Usage: 3073kB
        ->  Hash Join  (cost=102767.86..928051.81 rows=803494 width=8) (actual time=2076.528..12106.020 rows=1591479 loops=1)
              Hash Cond: (ci.movie_id = t.id)
              ->  Seq Scan on cast_info ci  (cost=0.00..796071.18 rows=803494 width=4) (actual time=462.545..8745.667 rows=1591479 loops=1)
                    Filter: ((person_id < 217596) AND (role_id = 1))
                    Rows Removed by Filter: 34652865
              ->  Hash  (cost=61283.27..61283.27 rows=2528527 width=4) (actual time=1612.915..1612.915 rows=2528312 loops=1)
                    Buckets: 131072  Batches: 64  Memory Usage: 2415kB
                    ->  Seq Scan on title t  (cost=0.00..61283.27 rows=2528527 width=4) (actual time=0.009..782.800 rows=2528312 loops=1)
Planning time: 1.188 ms
Execution time: 23100.869 ms
