Hash Join  (cost=107032.99..860565.45 rows=274323 width=0) (actual time=1652.173..15177.512 rows=406924 loops=1)
  Hash Cond: (ci.movie_id = t.id)
  ->  Seq Scan on cast_info ci  (cost=0.00..614943.12 rows=36225612 width=4) (actual time=0.018..6012.436 rows=36244344 loops=1)
  ->  Hash  (cost=106793.64..106793.64 rows=19148 width=8) (actual time=1651.905..1651.905 rows=11384 loops=1)
        Buckets: 32768  Batches: 1  Memory Usage: 701kB
        ->  Hash Join  (cost=75636.60..106793.64 rows=19148 width=8) (actual time=1067.028..1647.425 rows=11384 loops=1)
              Hash Cond: (mi_idx.movie_id = t.id)
              ->  Seq Scan on movie_info_idx mi_idx  (cost=0.00..25185.44 rows=464566 width=4) (actual time=0.012..396.629 rows=459925 loops=1)
                    Filter: (info_type_id = 101)
                    Rows Removed by Filter: 920110
              ->  Hash  (cost=73925.90..73925.90 rows=104216 width=4) (actual time=1066.190..1066.190 rows=108513 loops=1)
                    Buckets: 131072  Batches: 2  Memory Usage: 2931kB
                    ->  Seq Scan on title t  (cost=0.00..73925.90 rows=104216 width=4) (actual time=0.037..1017.402 rows=108513 loops=1)
                          Filter: ((kind_id > 1) AND (production_year = 2010))
                          Rows Removed by Filter: 2419799
Planning time: 1.194 ms
Execution time: 15234.539 ms
