Nested Loop  (cost=0.43..83072.29 rows=38 width=0) (actual time=10.914..1021.069 rows=67 loops=1)
  ->  Seq Scan on movie_keyword mk  (cost=0.00..81003.12 rows=246 width=4) (actual time=0.647..992.644 rows=1228 loops=1)
        Filter: (keyword_id = 1023)
        Rows Removed by Filter: 4522702
  ->  Index Scan using title_pkey on title t  (cost=0.43..8.40 rows=1 width=4) (actual time=0.022..0.022 rows=0 loops=1228)
        Index Cond: (id = mk.movie_id)
        Filter: (production_year > 2010)
        Rows Removed by Filter: 1
Planning time: 1.683 ms
Execution time: 1021.229 ms
