Hash Join  (cost=52284.70..138943.81 rows=107 width=0) (actual time=602.555..2184.166 rows=13010 loops=1)
  Hash Cond: (mk.movie_id = t.id)
  ->  Seq Scan on movie_keyword mk  (cost=0.00..69693.30 rows=4523930 width=4) (actual time=0.016..761.157 rows=4523930 loops=1)
  ->  Hash  (cost=52283.95..52283.95 rows=60 width=8) (actual time=599.930..599.930 rows=181 loops=1)
        Buckets: 1024  Batches: 1  Memory Usage: 16kB
        ->  Nested Loop  (cost=0.43..52283.95 rows=60 width=8) (actual time=74.887..599.793 rows=181 loops=1)
              ->  Seq Scan on movie_companies mc  (cost=0.00..51404.11 rows=104 width=4) (actual time=74.839..595.592 rows=210 loops=1)
                    Filter: (company_id = 3264)
                    Rows Removed by Filter: 2608919
              ->  Index Scan using title_pkey on title t  (cost=0.43..8.45 rows=1 width=4) (actual time=0.019..0.019 rows=1 loops=210)
                    Index Cond: (id = mc.movie_id)
                    Filter: (production_year < 2006)
                    Rows Removed by Filter: 0
Planning time: 0.641 ms
Execution time: 2186.047 ms
