Seq Scan on movie_keyword mk  (cost=0.00..81003.12 rows=246 width=0) (actual time=0.485..1229.141 rows=2590 loops=1)
  Filter: (keyword_id = 3617)
  Rows Removed by Filter: 4521340
Planning time: 0.380 ms
Execution time: 1229.970 ms
