Hash Join  (cost=58358.90..423017.80 rows=297 width=0) (actual time=708.986..6341.575 rows=6187 loops=1)
  Hash Cond: (mi.movie_id = t.id)
  ->  Seq Scan on movie_info mi  (cost=0.00..309384.22 rows=14739122 width=4) (actual time=0.022..2960.155 rows=14835720 loops=1)
  ->  Hash  (cost=58358.27..58358.27 rows=51 width=8) (actual time=703.776..703.776 rows=87 loops=1)
        Buckets: 1024  Batches: 1  Memory Usage: 12kB
        ->  Nested Loop  (cost=0.43..58358.27 rows=51 width=8) (actual time=303.169..703.702 rows=87 loops=1)
              ->  Seq Scan on movie_companies mc  (cost=0.00..57926.93 rows=51 width=4) (actual time=303.090..701.271 rows=87 loops=1)
                    Filter: ((company_id = 13062) AND (company_type_id = 1))
                    Rows Removed by Filter: 2609042
              ->  Index Only Scan using title_pkey on title t  (cost=0.43..8.45 rows=1 width=4) (actual time=0.026..0.026 rows=1 loops=87)
                    Index Cond: (id = mc.movie_id)
                    Heap Fetches: 87
Planning time: 1.169 ms
Execution time: 6342.879 ms
