Seq Scan on cast_info ci  (cost=0.00..705507.15 rows=32739244 width=0) (actual time=0.021..10160.096 rows=32882978 loops=1)
  Filter: (person_id > 323354)
  Rows Removed by Filter: 3361366
Planning time: 0.337 ms
Execution time: 13842.408 ms
