Hash Join  (cost=156632.57..223716.21 rows=190084 width=0) (actual time=3670.234..5051.746 rows=592387 loops=1)
  Hash Cond: (mc.movie_id = t.id)
  ->  Seq Scan on movie_companies mc  (cost=0.00..51404.11 rows=1034583 width=4) (actual time=0.039..750.031 rows=1032147 loops=1)
        Filter: (company_id < 5763)
        Rows Removed by Filter: 1576982
  ->  Hash  (cost=149010.49..149010.49 rows=464566 width=8) (actual time=3669.353..3669.353 rows=459925 loops=1)
        Buckets: 131072  Batches: 8  Memory Usage: 3275kB
        ->  Hash Join  (cost=102767.86..149010.49 rows=464566 width=8) (actual time=2315.938..3536.885 rows=459925 loops=1)
              Hash Cond: (mi_idx.movie_id = t.id)
              ->  Seq Scan on movie_info_idx mi_idx  (cost=0.00..25185.44 rows=464566 width=4) (actual time=0.028..433.488 rows=459925 loops=1)
                    Filter: (info_type_id = 101)
                    Rows Removed by Filter: 920110
              ->  Hash  (cost=61283.27..61283.27 rows=2528527 width=4) (actual time=2314.155..2314.155 rows=2528312 loops=1)
                    Buckets: 131072  Batches: 64  Memory Usage: 2415kB
                    ->  Seq Scan on title t  (cost=0.00..61283.27 rows=2528527 width=4) (actual time=0.016..797.439 rows=2528312 loops=1)
Planning time: 1.124 ms
Execution time: 5106.676 ms
