Hash Join  (cost=1135851.85..2216371.62 rows=44211852 width=0) (actual time=24135.412..74561.737 rows=147558181 loops=1)
  Hash Cond: (mi.movie_id = t.id)
  ->  Seq Scan on movie_info mi  (cost=0.00..309384.22 rows=14739122 width=4) (actual time=0.018..4758.516 rows=14835720 loops=1)
  ->  Hash  (cost=1011415.92..1011415.92 rows=7584635 width=8) (actual time=24131.405..24131.405 rows=8320799 loops=1)
        Buckets: 131072  Batches: 128  Memory Usage: 3570kB
        ->  Hash Join  (cost=100836.57..1011415.92 rows=7584635 width=8) (actual time=1572.496..21189.616 rows=8320799 loops=1)
              Hash Cond: (ci.movie_id = t.id)
              ->  Seq Scan on cast_info ci  (cost=0.00..705507.15 rows=9468168 width=4) (actual time=0.020..10805.867 rows=9384703 loops=1)
                    Filter: (role_id > 4)
                    Rows Removed by Filter: 26859641
              ->  Hash  (cost=67604.59..67604.59 rows=2025519 width=4) (actual time=1571.580..1571.580 rows=2018703 loops=1)
                    Buckets: 131072  Batches: 32  Memory Usage: 3247kB
                    ->  Seq Scan on title t  (cost=0.00..67604.59 rows=2025519 width=4) (actual time=0.027..977.056 rows=2018703 loops=1)
                          Filter: (production_year > 1974)
                          Rows Removed by Filter: 509609
Planning time: 1.149 ms
Execution time: 90997.933 ms
