Seq Scan on cast_info ci  (cost=0.00..796071.18 rows=435 width=0) (actual time=4205.556..11607.152 rows=4 loops=1)
  Filter: ((role_id < 10) AND (person_id = 427264))
  Rows Removed by Filter: 36244340
Planning time: 0.385 ms
Execution time: 11607.286 ms
