Hash Join  (cost=214892.38..338186.89 rows=1035868 width=0) (actual time=4165.557..7369.417 rows=2649074 loops=1)
  Hash Cond: (mk.movie_id = t.id)
  ->  Seq Scan on movie_keyword mk  (cost=0.00..81003.12 rows=2391653 width=4) (actual time=0.031..1302.027 rows=2391414 loops=1)
        Filter: (keyword_id < 5546)
        Rows Removed by Filter: 2132516
  ->  Hash  (cost=196925.00..196925.00 rows=1095151 width=8) (actual time=4164.675..4164.675 rows=870626 loops=1)
        Buckets: 131072  Batches: 16  Memory Usage: 3149kB
        ->  Hash Join  (cost=102767.86..196925.00 rows=1095151 width=8) (actual time=2214.565..3893.756 rows=870626 loops=1)
              Hash Cond: (mc.movie_id = t.id)
              ->  Seq Scan on movie_companies mc  (cost=0.00..57926.93 rows=1095151 width=4) (actual time=456.877..993.801 rows=870626 loops=1)
                    Filter: ((company_id < 76379) AND (company_type_id > 1))
                    Rows Removed by Filter: 1738503
              ->  Hash  (cost=61283.27..61283.27 rows=2528527 width=4) (actual time=1756.356..1756.356 rows=2528312 loops=1)
                    Buckets: 131072  Batches: 64  Memory Usage: 2415kB
                    ->  Seq Scan on title t  (cost=0.00..61283.27 rows=2528527 width=4) (actual time=0.029..887.979 rows=2528312 loops=1)
Planning time: 1.167 ms
Execution time: 7701.246 ms
