Hash Join  (cost=204466.33..1414821.66 rows=17186616 width=0) (actual time=4381.708..41413.765 rows=38251273 loops=1)
  Hash Cond: (ci.movie_id = t.id)
  ->  Seq Scan on cast_info ci  (cost=0.00..614943.12 rows=36225612 width=4) (actual time=0.023..10522.073 rows=36244344 loops=1)
  ->  Hash  (cost=184785.13..184785.13 rows=1199616 width=8) (actual time=4380.698..4380.698 rows=949567 loops=1)
        Buckets: 131072  Batches: 16  Memory Usage: 3305kB
        ->  Hash Join  (cost=91959.31..184785.13 rows=1199616 width=8) (actual time=1514.760..4076.574 rows=949567 loops=1)
              Hash Cond: (mc.movie_id = t.id)
              ->  Seq Scan on movie_companies mc  (cost=0.00..51404.11 rows=2043346 width=4) (actual time=0.032..949.626 rows=2038758 loops=1)
                    Filter: (company_id < 71360)
                    Rows Removed by Filter: 570371
              ->  Hash  (cost=67604.59..67604.59 rows=1484458 width=4) (actual time=1513.873..1513.873 rows=1485030 loops=1)
                    Buckets: 131072  Batches: 32  Memory Usage: 2655kB
                    ->  Seq Scan on title t  (cost=0.00..67604.59 rows=1484458 width=4) (actual time=0.021..1022.639 rows=1485030 loops=1)
                          Filter: (production_year > 1998)
                          Rows Removed by Filter: 1043282
Planning time: 1.101 ms
Execution time: 45410.263 ms
