Seq Scan on cast_info ci  (cost=0.00..796071.18 rows=4674133 width=0) (actual time=3180.688..12808.347 rows=7449743 loops=1)
  Filter: ((person_id > 1282505) AND (role_id = 2))
  Rows Removed by Filter: 28794601
Planning time: 0.404 ms
Execution time: 13746.517 ms
