Hash Join  (cost=92883.59..207971.06 rows=904539 width=0) (actual time=2225.812..4040.415 rows=233957 loops=1)
  Hash Cond: (mk.movie_id = t.id)
  ->  Seq Scan on movie_keyword mk  (cost=0.00..81003.12 rows=1484392 width=4) (actual time=0.020..1275.388 rows=1496861 loops=1)
        Filter: (keyword_id > 10833)
        Rows Removed by Filter: 3027069
  ->  Hash  (cost=67604.59..67604.59 rows=1540800 width=4) (actual time=1353.713..1353.713 rows=1543264 loops=1)
        Buckets: 131072  Batches: 32  Memory Usage: 2728kB
        ->  Seq Scan on title t  (cost=0.00..67604.59 rows=1540800 width=4) (actual time=226.755..888.911 rows=1543264 loops=1)
              Filter: (kind_id = 7)
              Rows Removed by Filter: 985048
Planning time: 0.746 ms
Execution time: 4058.614 ms
