Hash Join  (cost=75709.76..106897.59 rows=19989 width=0) (actual time=1302.234..1967.582 rows=8135 loops=1)
  Hash Cond: (mi_idx.movie_id = t.id)
  ->  Seq Scan on movie_info_idx mi_idx  (cost=0.00..25185.44 rows=464934 width=4) (actual time=0.021..476.527 rows=460185 loops=1)
        Filter: (info_type_id > 100)
        Rows Removed by Filter: 919850
  ->  Hash  (cost=73925.90..73925.90 rows=108708 width=4) (actual time=1301.421..1301.421 rows=115965 loops=1)
        Buckets: 131072  Batches: 2  Memory Usage: 3062kB
        ->  Seq Scan on title t  (cost=0.00..73925.90 rows=108708 width=4) (actual time=0.055..1258.286 rows=115965 loops=1)
              Filter: ((kind_id > 3) AND (production_year = 2012))
              Rows Removed by Filter: 2412347
Planning time: 0.740 ms
Execution time: 1969.142 ms
