Seq Scan on title t  (cost=0.00..73925.90 rows=1726663 width=0) (actual time=0.030..1043.056 rows=1799900 loops=1)
  Filter: ((kind_id > 1) AND (production_year > 1930))
  Rows Removed by Filter: 728412
Planning time: 0.363 ms
Execution time: 1255.776 ms
