Hash Join  (cost=102767.86..262785.91 rows=2873165 width=0) (actual time=1592.225..5798.846 rows=2860680 loops=1)
  Hash Cond: (mk.movie_id = t.id)
  ->  Seq Scan on movie_keyword mk  (cost=0.00..81003.12 rows=2873165 width=4) (actual time=0.015..1514.673 rows=2860680 loops=1)
        Filter: (keyword_id > 2549)
        Rows Removed by Filter: 1663250
  ->  Hash  (cost=61283.27..61283.27 rows=2528527 width=4) (actual time=1587.721..1587.721 rows=2528312 loops=1)
        Buckets: 131072  Batches: 64  Memory Usage: 2425kB
        ->  Seq Scan on title t  (cost=0.00..61283.27 rows=2528527 width=4) (actual time=0.028..759.865 rows=2528312 loops=1)
Planning time: 0.738 ms
Execution time: 6142.689 ms
