Hash Join  (cost=137413.28..212115.92 rows=194595 width=0) (actual time=2394.870..4103.723 rows=222976 loops=1)
  Hash Cond: (mc.movie_id = t.id)
  ->  Seq Scan on movie_companies mc  (cost=0.00..51404.11 rows=1751622 width=4) (actual time=0.029..978.411 rows=1744598 loops=1)
        Filter: (company_id < 23996)
        Rows Removed by Filter: 864531
  ->  Hash  (cost=132803.96..132803.96 rows=280905 width=8) (actual time=2393.973..2393.973 rows=141906 loops=1)
        Buckets: 131072  Batches: 4  Memory Usage: 2407kB
        ->  Hash Join  (cost=92883.59..132803.96 rows=280905 width=8) (actual time=1812.640..2354.971 rows=141906 loops=1)
              Hash Cond: (mi_idx.movie_id = t.id)
              ->  Seq Scan on movie_info_idx mi_idx  (cost=0.00..25185.44 rows=460978 width=4) (actual time=0.016..406.044 rows=459925 loops=1)
                    Filter: (info_type_id = 99)
                    Rows Removed by Filter: 920110
              ->  Hash  (cost=67604.59..67604.59 rows=1540800 width=4) (actual time=1489.493..1489.493 rows=1543264 loops=1)
                    Buckets: 131072  Batches: 32  Memory Usage: 2722kB
                    ->  Seq Scan on title t  (cost=0.00..67604.59 rows=1540800 width=4) (actual time=215.563..988.328 rows=1543264 loops=1)
                          Filter: (kind_id = 7)
                          Rows Removed by Filter: 985048
Planning time: 1.119 ms
Execution time: 4127.960 ms
