Seq Scan on cast_info ci  (cost=0.00..796071.18 rows=9460102 width=0) (actual time=4065.371..13462.347 rows=12670688 loops=1)
  Filter: ((person_id < 2772637) AND (role_id = 1))
  Rows Removed by Filter: 23573656
Planning time: 0.541 ms
Execution time: 15033.154 ms
