Seq Scan on movie_keyword mk  (cost=0.00..81003.12 rows=246 width=0) (actual time=12.964..989.198 rows=155 loops=1)
  Filter: (keyword_id = 15564)
  Rows Removed by Filter: 4523775
Planning time: 0.376 ms
Execution time: 989.378 ms
