Seq Scan on movie_keyword mk  (cost=0.00..81003.12 rows=1357762 width=0) (actual time=0.020..1343.293 rows=1369553 loops=1)
  Filter: (keyword_id > 12189)
  Rows Removed by Filter: 3154377
Planning time: 0.299 ms
Execution time: 1514.191 ms
