Hash Join  (cost=252612.18..706909.76 rows=3415599 width=0) (actual time=6771.418..12794.685 rows=846060 loops=1)
  Hash Cond: (mi.movie_id = t.id)
  ->  Seq Scan on movie_info mi  (cost=0.00..346232.03 rows=5897221 width=4) (actual time=1960.837..5097.761 rows=5884963 loops=1)
        Filter: (info_type_id < 7)
        Rows Removed by Filter: 8950757
  ->  Hash  (cost=228585.03..228585.03 rows=1464492 width=8) (actual time=4806.661..4806.661 rows=326949 loops=1)
        Buckets: 131072  Batches: 32  Memory Usage: 1421kB
        ->  Hash Join  (cost=98498.33..228585.03 rows=1464492 width=8) (actual time=3010.832..4702.468 rows=326949 loops=1)
              Hash Cond: (mk.movie_id = t.id)
              ->  Seq Scan on movie_keyword mk  (cost=0.00..81003.12 rows=2472440 width=4) (actual time=0.033..1380.832 rows=2468276 loops=1)
                    Filter: (keyword_id < 5946)
                    Rows Removed by Filter: 2055654
              ->  Hash  (cost=73925.90..73925.90 rows=1497714 width=4) (actual time=1771.837..1771.837 rows=1478440 loops=1)
                    Buckets: 131072  Batches: 32  Memory Usage: 2656kB
                    ->  Seq Scan on title t  (cost=0.00..73925.90 rows=1497714 width=4) (actual time=311.136..1282.340 rows=1478440 loops=1)
                          Filter: ((production_year > 0) AND (kind_id = 7))
                          Rows Removed by Filter: 1049872
Planning time: 1.237 ms
Execution time: 12898.769 ms
