Seq Scan on movie_keyword mk  (cost=0.00..81003.12 rows=3529471 width=0) (actual time=0.015..1311.012 rows=3520199 loops=1)
  Filter: (keyword_id < 18383)
  Rows Removed by Filter: 1003731
Planning time: 0.320 ms
Execution time: 1764.787 ms
