Hash Join  (cost=154391.37..275409.56 rows=462639 width=0) (actual time=3331.043..6549.030 rows=2196116 loops=1)
  Hash Cond: (mk.movie_id = t.id)
  ->  Seq Scan on movie_keyword mk  (cost=0.00..81003.12 rows=2925513 width=4) (actual time=0.024..1457.550 rows=2912197 loops=1)
        Filter: (keyword_id < 9417)
        Rows Removed by Filter: 1611733
  ->  Hash  (cost=147831.12..147831.12 rows=399860 width=8) (actual time=3330.189..3330.189 rows=436710 loops=1)
        Buckets: 131072  Batches: 8  Memory Usage: 3172kB
        ->  Hash Join  (cost=104131.46..147831.12 rows=399860 width=8) (actual time=2197.843..3228.578 rows=436710 loops=1)
              Hash Cond: (mi_idx.movie_id = t.id)
              ->  Seq Scan on movie_info_idx mi_idx  (cost=0.00..25185.44 rows=454124 width=4) (actual time=0.029..408.530 rows=459925 loops=1)
                    Filter: (info_type_id = 100)
                    Rows Removed by Filter: 920110
              ->  Hash  (cost=67604.59..67604.59 rows=2226390 width=4) (actual time=2196.884..2196.884 rows=2224569 loops=1)
                    Buckets: 131072  Batches: 32  Memory Usage: 3463kB
                    ->  Seq Scan on title t  (cost=0.00..67604.59 rows=2226390 width=4) (actual time=0.023..1215.501 rows=2224569 loops=1)
                          Filter: (production_year < 2012)
                          Rows Removed by Filter: 303743
Planning time: 1.161 ms
Execution time: 6795.005 ms
