Seq Scan on movie_companies mc  (cost=0.00..51404.11 rows=104 width=0) (actual time=387.182..716.038 rows=31 loops=1)
  Filter: (company_id = 125339)
  Rows Removed by Filter: 2609098
Planning time: 0.287 ms
Execution time: 716.105 ms
