Hash Join  (cost=276747.04..1492888.79 rows=19523449 width=0) (actual time=5766.622..44918.464 rows=62964660 loops=1)
  Hash Cond: (ci.movie_id = t.id)
  ->  Seq Scan on cast_info ci  (cost=0.00..705507.15 rows=23989015 width=4) (actual time=0.023..12408.039 rows=23923350 loops=1)
        Filter: (person_id < 2453668)
        Rows Removed by Filter: 12320994
  ->  Hash  (cost=242985.02..242985.02 rows=2057841 width=8) (actual time=5765.943..5765.943 rows=1908841 loops=1)
        Buckets: 131072  Batches: 32  Memory Usage: 3313kB
        ->  Hash Join  (cost=99591.38..242985.02 rows=2057841 width=8) (actual time=1749.357..5198.913 rows=1908841 loops=1)
              Hash Cond: (mk.movie_id = t.id)
              ->  Seq Scan on movie_keyword mk  (cost=0.00..81003.12 rows=2668823 width=4) (actual time=0.008..1371.043 rows=2663418 loops=1)
                    Filter: (keyword_id < 7420)
                    Rows Removed by Filter: 1860512
              ->  Hash  (cost=67604.59..67604.59 rows=1949663 width=4) (actual time=1747.498..1747.498 rows=1947263 loops=1)
                    Buckets: 131072  Batches: 32  Memory Usage: 3180kB
                    ->  Seq Scan on title t  (cost=0.00..67604.59 rows=1949663 width=4) (actual time=0.035..1087.484 rows=1947263 loops=1)
                          Filter: (production_year > 1979)
                          Rows Removed by Filter: 581049
Planning time: 1.173 ms
Execution time: 51724.104 ms
