Seq Scan on movie_companies mc  (cost=0.00..51404.11 rows=104 width=0) (actual time=279.033..684.306 rows=24 loops=1)
  Filter: (company_id = 11383)
  Rows Removed by Filter: 2609105
Planning time: 0.376 ms
Execution time: 684.385 ms
