Hash Join  (cost=85684.58..1224966.81 rows=10267906 width=0) (actual time=1522.100..33551.939 rows=7910165 loops=1)
  Hash Cond: (ci.movie_id = t.id)
  ->  Seq Scan on cast_info ci  (cost=0.00..614943.12 rows=36225612 width=4) (actual time=0.023..13505.930 rows=36244344 loops=1)
  ->  Hash  (cost=73925.90..73925.90 rows=716694 width=4) (actual time=1521.069..1521.069 rows=604570 loops=1)
        Buckets: 131072  Batches: 16  Memory Usage: 2356kB
        ->  Seq Scan on title t  (cost=0.00..73925.90 rows=716694 width=4) (actual time=0.050..1324.306 rows=604570 loops=1)
              Filter: ((kind_id > 1) AND (production_year < 1999))
              Rows Removed by Filter: 1923742
Planning time: 0.787 ms
Execution time: 34434.140 ms
