Seq Scan on title t  (cost=0.00..73925.90 rows=2905 width=0) (actual time=2.293..979.676 rows=2748 loops=1)
  Filter: ((kind_id < 7) AND (production_year = 1951))
  Rows Removed by Filter: 2525564
Planning time: 0.417 ms
Execution time: 980.509 ms
