Hash Join  (cost=180274.58..277525.79 rows=244053 width=0) (actual time=3700.776..5387.125 rows=86645 loops=1)
  Hash Cond: (mk.movie_id = t.id)
  ->  Seq Scan on movie_keyword mk  (cost=0.00..81003.12 rows=981748 width=4) (actual time=0.019..1201.518 rows=991510 loops=1)
        Filter: (keyword_id < 931)
        Rows Removed by Filter: 3532420
  ->  Hash  (cost=169961.50..169961.50 rows=628566 width=8) (actual time=3699.847..3699.847 rows=218038 loops=1)
        Buckets: 131072  Batches: 16  Memory Usage: 1561kB
        ->  Hash Join  (cost=93093.72..169961.50 rows=628566 width=8) (actual time=1548.876..3640.371 rows=218038 loops=1)
              Hash Cond: (mc.movie_id = t.id)
              ->  Seq Scan on movie_companies mc  (cost=0.00..51404.11 rows=1023001 width=4) (actual time=43.233..762.596 rows=1033038 loops=1)
                    Filter: (company_id > 15485)
                    Rows Removed by Filter: 1576091
              ->  Hash  (cost=67604.59..67604.59 rows=1553611 width=4) (actual time=1500.371..1500.371 rows=1555864 loops=1)
                    Buckets: 131072  Batches: 32  Memory Usage: 2734kB
                    ->  Seq Scan on title t  (cost=0.00..67604.59 rows=1553611 width=4) (actual time=0.028..1015.646 rows=1555864 loops=1)
                          Filter: (kind_id > 4)
                          Rows Removed by Filter: 972448
Planning time: 1.150 ms
Execution time: 5398.732 ms
