Nested Loop  (cost=0.43..796274.16 rows=24 width=0) (actual time=5867.454..8919.554 rows=6 loops=1)
  ->  Seq Scan on cast_info ci  (cost=0.00..796071.18 rows=24 width=4) (actual time=5867.277..8919.260 rows=6 loops=1)
        Filter: ((person_id = 2983914) AND (role_id = 8))
        Rows Removed by Filter: 36244338
  ->  Index Only Scan using title_pkey on title t  (cost=0.43..8.45 rows=1 width=4) (actual time=0.033..0.034 rows=1 loops=6)
        Index Cond: (id = ci.movie_id)
        Heap Fetches: 6
Planning time: 0.794 ms
Execution time: 8919.632 ms
