Hash Join  (cost=128920.23..215748.22 rows=16995 width=0) (actual time=1951.018..3120.850 rows=397425 loops=1)
  Hash Cond: (mk.movie_id = t.id)
  ->  Seq Scan on movie_keyword mk  (cost=0.00..69693.30 rows=4523930 width=4) (actual time=0.014..530.217 rows=4523930 loops=1)
  ->  Hash  (cost=128801.49..128801.49 rows=9499 width=8) (actual time=1950.578..1950.578 rows=17031 loops=1)
        Buckets: 32768 (originally 16384)  Batches: 1 (originally 1)  Memory Usage: 922kB
        ->  Hash Join  (cost=74040.98..128801.49 rows=9499 width=8) (actual time=871.955..1943.242 rows=17031 loops=1)
              Hash Cond: (mc.movie_id = t.id)
              ->  Seq Scan on movie_companies mc  (cost=0.00..44881.29 rows=2609129 width=4) (actual time=0.015..522.524 rows=2609129 loops=1)
              ->  Hash  (cost=73925.90..73925.90 rows=9206 width=4) (actual time=871.702..871.702 rows=7999 loops=1)
                    Buckets: 16384  Batches: 1  Memory Usage: 410kB
                    ->  Seq Scan on title t  (cost=0.00..73925.90 rows=9206 width=4) (actual time=0.649..867.778 rows=7999 loops=1)
                          Filter: ((kind_id < 4) AND (production_year = 1993))
                          Rows Removed by Filter: 2520313
Planning time: 1.135 ms
Execution time: 3156.935 ms
