Seq Scan on movie_companies mc  (cost=0.00..51404.11 rows=991630 width=0) (actual time=2.787..508.442 rows=1001966 loops=1)
  Filter: (company_id > 16651)
  Rows Removed by Filter: 1607163
Planning time: 0.334 ms
Execution time: 590.542 ms
