Nested Loop  (cost=32636.42..126443.38 rows=90 width=0) (actual time=649.798..1833.376 rows=57 loops=1)
  ->  Hash Join  (cost=32635.99..117475.57 rows=10473 width=8) (actual time=558.315..1717.964 rows=8198 loops=1)
        Hash Cond: (mk.movie_id = mi_idx.movie_id)
        ->  Seq Scan on movie_keyword mk  (cost=0.00..81003.12 rows=10707 width=4) (actual time=0.029..1076.104 rows=9226 loops=1)
              Filter: (keyword_id = 875)
              Rows Removed by Filter: 4514704
        ->  Hash  (cost=25185.44..25185.44 rows=454124 width=4) (actual time=557.487..557.487 rows=459925 loops=1)
              Buckets: 131072  Batches: 8  Memory Usage: 3059kB
              ->  Seq Scan on movie_info_idx mi_idx  (cost=0.00..25185.44 rows=454124 width=4) (actual time=0.020..405.909 rows=459925 loops=1)
                    Filter: (info_type_id = 100)
                    Rows Removed by Filter: 920110
  ->  Index Scan using title_pkey on title t  (cost=0.43..0.85 rows=1 width=4) (actual time=0.014..0.014 rows=0 loops=8198)
        Index Cond: (id = mi_idx.movie_id)
        Filter: (production_year < 1933)
        Rows Removed by Filter: 1
Planning time: 1.139 ms
Execution time: 1833.540 ms
