Hash Join  (cost=75411.94..106489.89 rows=16639 width=0) (actual time=924.483..1514.699 rows=12868 loops=1)
  Hash Cond: (mi_idx.movie_id = t.id)
  ->  Seq Scan on movie_info_idx mi_idx  (cost=0.00..25185.44 rows=464566 width=4) (actual time=0.024..409.943 rows=459925 loops=1)
        Filter: (info_type_id = 101)
        Rows Removed by Filter: 920110
  ->  Hash  (cost=73925.90..73925.90 rows=90563 width=4) (actual time=923.575..923.575 rows=80990 loops=1)
        Buckets: 131072  Batches: 2  Memory Usage: 2450kB
        ->  Seq Scan on title t  (cost=0.00..73925.90 rows=90563 width=4) (actual time=0.022..893.812 rows=80990 loops=1)
              Filter: ((kind_id < 7) AND (production_year > 2011))
              Rows Removed by Filter: 2447322
Planning time: 0.802 ms
Execution time: 1517.000 ms
