Nested Loop  (cost=0.43..83071.67 rows=246 width=0) (actual time=5.001..1065.624 rows=639 loops=1)
  ->  Seq Scan on movie_keyword mk  (cost=0.00..81003.12 rows=246 width=4) (actual time=4.922..1047.642 rows=639 loops=1)
        Filter: (keyword_id = 2799)
        Rows Removed by Filter: 4523291
  ->  Index Only Scan using title_pkey on title t  (cost=0.43..8.40 rows=1 width=4) (actual time=0.026..0.027 rows=1 loops=639)
        Index Cond: (id = mk.movie_id)
        Heap Fetches: 639
Planning time: 0.765 ms
Execution time: 1065.940 ms
