Seq Scan on movie_companies mc  (cost=0.00..57926.93 rows=891435 width=0) (actual time=0.026..740.839 rows=1084289 loops=1)
  Filter: ((company_id > 2420) AND (company_type_id > 1))
  Rows Removed by Filter: 1524840
Planning time: 0.364 ms
Execution time: 861.607 ms
