Seq Scan on title t  (cost=0.00..73925.90 rows=301 width=0) (actual time=111.693..776.248 rows=1383 loops=1)
  Filter: ((kind_id = 3) AND (production_year = 1982))
  Rows Removed by Filter: 2526929
Planning time: 0.433 ms
Execution time: 776.674 ms
