Hash Join  (cost=123217.09..614360.96 rows=1062497 width=0) (actual time=2424.009..15188.360 rows=9064039 loops=1)
  Hash Cond: (mi.movie_id = t.id)
  ->  Seq Scan on movie_info mi  (cost=0.00..309384.22 rows=14739122 width=4) (actual time=0.014..4320.913 rows=14835720 loops=1)
  ->  Hash  (cost=120225.68..120225.68 rows=182273 width=8) (actual time=2423.167..2423.167 rows=414769 loops=1)
        Buckets: 131072 (originally 131072)  Batches: 8 (originally 4)  Memory Usage: 3075kB
        ->  Hash Join  (cost=79405.47..120225.68 rows=182273 width=8) (actual time=1079.824..2289.287 rows=414769 loops=1)
              Hash Cond: (mi_idx.movie_id = t.id)
              ->  Seq Scan on movie_info_idx mi_idx  (cost=0.00..21735.35 rows=1380035 width=4) (actual time=0.010..389.528 rows=1380035 loops=1)
              ->  Hash  (cost=73925.90..73925.90 rows=333965 width=4) (actual time=1078.942..1078.942 rows=411522 loops=1)
                    Buckets: 131072  Batches: 8  Memory Usage: 2841kB
                    ->  Seq Scan on title t  (cost=0.00..73925.90 rows=333965 width=4) (actual time=0.027..950.388 rows=411522 loops=1)
                          Filter: ((production_year < 2004) AND (kind_id = 1))
                          Rows Removed by Filter: 2116790
Planning time: 1.679 ms
Execution time: 16178.800 ms
