Hash Join  (cost=1172346.83..2117236.37 rows=34954010 width=0) (actual time=19069.221..46178.106 rows=53181606 loops=1)
  Hash Cond: (mi.movie_id = t.id)
  ->  Seq Scan on movie_info mi  (cost=0.00..309384.22 rows=14739122 width=4) (actual time=0.024..4735.472 rows=14835720 loops=1)
  ->  Hash  (cost=1073967.41..1073967.41 rows=5996433 width=8) (actual time=19065.479..19065.479 rows=3049448 loops=1)
        Buckets: 131072  Batches: 128  Memory Usage: 2017kB
        ->  Hash Join  (cost=94978.31..1073967.41 rows=5996433 width=8) (actual time=1497.585..18093.207 rows=3049448 loops=1)
              Hash Cond: (ci.movie_id = t.id)
              ->  Seq Scan on cast_info ci  (cost=0.00..796071.18 rows=9087518 width=4) (actual time=0.025..12780.359 rows=4724527 loops=1)
                    Filter: ((person_id < 2776289) AND (role_id > 3))
                    Rows Removed by Filter: 31519817
              ->  Hash  (cost=67604.59..67604.59 rows=1668458 width=4) (actual time=1496.363..1496.363 rows=1671292 loops=1)
                    Buckets: 131072  Batches: 32  Memory Usage: 2858kB
                    ->  Seq Scan on title t  (cost=0.00..67604.59 rows=1668458 width=4) (actual time=0.026..975.668 rows=1671292 loops=1)
                          Filter: (production_year < 2008)
                          Rows Removed by Filter: 857020
Planning time: 1.175 ms
Execution time: 52744.820 ms
