Seq Scan on cast_info ci  (cost=0.00..796071.18 rows=6021401 width=0) (actual time=2335.224..11034.848 rows=9276161 loops=1)
  Filter: ((person_id > 2773730) AND (role_id > 1))
  Rows Removed by Filter: 26968183
Planning time: 0.366 ms
Execution time: 12209.633 ms
