Hash Join  (cost=83074.16..447738.83 rows=874 width=0) (actual time=2044.643..6682.698 rows=8 loops=1)
  Hash Cond: (mi.movie_id = t.id)
  ->  Seq Scan on movie_info mi  (cost=0.00..309384.22 rows=14739122 width=4) (actual time=0.008..3017.877 rows=14835720 loops=1)
  ->  Hash  (cost=83072.29..83072.29 rows=150 width=8) (actual time=1080.134..1080.134 rows=3 loops=1)
        Buckets: 1024  Batches: 1  Memory Usage: 9kB
        ->  Nested Loop  (cost=0.43..83072.29 rows=150 width=8) (actual time=77.589..1080.108 rows=3 loops=1)
              ->  Seq Scan on movie_keyword mk  (cost=0.00..81003.12 rows=246 width=4) (actual time=8.246..1079.718 rows=7 loops=1)
                    Filter: (keyword_id = 4227)
                    Rows Removed by Filter: 4523923
              ->  Index Scan using title_pkey on title t  (cost=0.43..8.40 rows=1 width=4) (actual time=0.048..0.048 rows=0 loops=7)
                    Index Cond: (id = mk.movie_id)
                    Filter: (kind_id = 7)
                    Rows Removed by Filter: 1
Planning time: 4.565 ms
Execution time: 6682.865 ms
