Seq Scan on movie_keyword mk  (cost=0.00..81003.12 rows=1989114 width=0) (actual time=1.386..1246.388 rows=1995793 loops=1)
  Filter: (keyword_id < 3526)
  Rows Removed by Filter: 2528137
Planning time: 0.323 ms
Execution time: 1502.789 ms
