Seq Scan on movie_companies mc  (cost=0.00..57926.93 rows=53 width=0) (actual time=396.342..797.848 rows=104 loops=1)
  Filter: ((company_id = 76835) AND (company_type_id = 2))
  Rows Removed by Filter: 2609025
Planning time: 0.391 ms
Execution time: 797.947 ms
