Seq Scan on movie_keyword mk  (cost=0.00..81003.12 rows=246 width=0) (actual time=17.257..1003.850 rows=33 loops=1)
  Filter: (keyword_id = 26841)
  Rows Removed by Filter: 4523897
Planning time: 0.352 ms
Execution time: 1003.963 ms
