Seq Scan on movie_companies mc  (cost=0.00..51404.11 rows=1520926 width=0) (actual time=0.025..645.562 rows=1526234 loops=1)
  Filter: (company_id > 6963)
  Rows Removed by Filter: 1082895
Planning time: 0.292 ms
Execution time: 817.635 ms
