Nested Loop  (cost=0.43..52283.69 rows=104 width=0) (actual time=1.287..829.690 rows=27 loops=1)
  ->  Seq Scan on movie_companies mc  (cost=0.00..51404.11 rows=104 width=4) (actual time=1.238..828.040 rows=27 loops=1)
        Filter: (company_id = 21876)
        Rows Removed by Filter: 2609102
  ->  Index Only Scan using title_pkey on title t  (cost=0.43..8.45 rows=1 width=4) (actual time=0.056..0.057 rows=1 loops=27)
        Index Cond: (id = mc.movie_id)
        Heap Fetches: 27
Planning time: 0.785 ms
Execution time: 829.778 ms
