Hash Join  (cost=190230.21..1198606.04 rows=9539053 width=0) (actual time=3814.988..29129.704 rows=20461915 loops=1)
  Hash Cond: (ci.movie_id = t.id)
  ->  Seq Scan on cast_info ci  (cost=0.00..705507.15 rows=17477638 width=4) (actual time=0.081..11626.425 rows=17354511 loops=1)
        Filter: (person_id < 1715416)
        Rows Removed by Filter: 18889833
  ->  Hash  (cost=167588.78..167588.78 rows=1380035 width=8) (actual time=3813.814..3813.814 rows=1380035 loops=1)
        Buckets: 131072  Batches: 32  Memory Usage: 2708kB
        ->  Hash Join  (cost=102767.86..167588.78 rows=1380035 width=8) (actual time=1449.321..3403.388 rows=1380035 loops=1)
              Hash Cond: (mi_idx.movie_id = t.id)
              ->  Seq Scan on movie_info_idx mi_idx  (cost=0.00..21735.35 rows=1380035 width=4) (actual time=0.016..426.613 rows=1380035 loops=1)
              ->  Hash  (cost=61283.27..61283.27 rows=2528527 width=4) (actual time=1448.616..1448.616 rows=2528312 loops=1)
                    Buckets: 131072  Batches: 64  Memory Usage: 2415kB
                    ->  Seq Scan on title t  (cost=0.00..61283.27 rows=2528527 width=4) (actual time=0.016..713.546 rows=2528312 loops=1)
Planning time: 0.763 ms
Execution time: 31430.758 ms
