Hash Join  (cost=149977.00..1198070.74 rows=1391057 width=0) (actual time=1937.013..24081.890 rows=1337628 loops=1)
  Hash Cond: (ci.movie_id = t.id)
  ->  Seq Scan on cast_info ci  (cost=0.00..614943.12 rows=36225612 width=4) (actual time=0.029..10117.239 rows=36244344 loops=1)
  ->  Hash  (cost=148383.32..148383.32 rows=97095 width=8) (actual time=1936.186..1936.186 rows=50287 loops=1)
        Buckets: 131072  Batches: 2  Memory Usage: 2006kB
        ->  Hash Join  (cost=81573.24..148383.32 rows=97095 width=8) (actual time=1202.817..1918.013 rows=50287 loops=1)
              Hash Cond: (mc.movie_id = t.id)
              ->  Seq Scan on movie_companies mc  (cost=0.00..57926.93 rows=526717 width=4) (actual time=261.662..766.998 rows=315231 loops=1)
                    Filter: ((company_id < 5737) AND (company_type_id = 2))
                    Rows Removed by Filter: 2293898
              ->  Hash  (cost=73925.90..73925.90 rows=466107 width=4) (actual time=940.272..940.272 rows=396359 loops=1)
                    Buckets: 131072  Batches: 8  Memory Usage: 2762kB
                    ->  Seq Scan on title t  (cost=0.00..73925.90 rows=466107 width=4) (actual time=0.034..829.288 rows=396359 loops=1)
                          Filter: ((kind_id < 7) AND (production_year > 2003))
                          Rows Removed by Filter: 2131953
Planning time: 1.185 ms
Execution time: 24251.755 ms
