Hash Join  (cost=101765.68..188061.91 rows=11184 width=0) (actual time=1519.797..3075.743 rows=108053 loops=1)
  Hash Cond: (mk.movie_id = t.id)
  ->  Seq Scan on movie_keyword mk  (cost=0.00..81003.12 rows=1381671 width=4) (actual time=0.020..1270.995 rows=1394116 loops=1)
        Filter: (keyword_id < 1884)
        Rows Removed by Filter: 3129814
  ->  Hash  (cost=101509.83..101509.83 rows=20468 width=8) (actual time=1515.070..1515.070 rows=39660 loops=1)
        Buckets: 65536 (originally 32768)  Batches: 1 (originally 1)  Memory Usage: 2062kB
        ->  Hash Join  (cost=74394.67..101509.83 rows=20468 width=8) (actual time=931.802..1501.015 rows=39660 loops=1)
              Hash Cond: (mi_idx.movie_id = t.id)
              ->  Seq Scan on movie_info_idx mi_idx  (cost=0.00..21735.35 rows=1380035 width=4) (actual time=0.009..240.131 rows=1380035 loops=1)
              ->  Hash  (cost=73925.90..73925.90 rows=37501 width=4) (actual time=931.345..931.345 rows=32253 loops=1)
                    Buckets: 65536  Batches: 1  Memory Usage: 1646kB
                    ->  Seq Scan on title t  (cost=0.00..73925.90 rows=37501 width=4) (actual time=0.018..917.007 rows=32253 loops=1)
                          Filter: ((kind_id < 7) AND (production_year = 2005))
                          Rows Removed by Filter: 2496059
Planning time: 1.252 ms
Execution time: 3090.744 ms
