Hash Join  (cost=161997.97..547873.16 rows=279534 width=0) (actual time=2470.438..8224.080 rows=37078 loops=1)
  Hash Cond: (mi.movie_id = t.id)
  ->  Seq Scan on movie_info mi  (cost=0.00..309384.22 rows=14739122 width=4) (actual time=0.019..2910.594 rows=14835720 loops=1)
  ->  Hash  (cost=161398.53..161398.53 rows=47955 width=8) (actual time=2467.208..2467.208 rows=3987 loops=1)
        Buckets: 65536  Batches: 1  Memory Usage: 668kB
        ->  Hash Join  (cost=74260.94..161398.53 rows=47955 width=8) (actual time=872.944..2465.144 rows=3987 loops=1)
              Hash Cond: (mk.movie_id = t.id)
              ->  Seq Scan on movie_keyword mk  (cost=0.00..69693.30 rows=4523930 width=4) (actual time=0.012..765.664 rows=4523930 loops=1)
              ->  Hash  (cost=73925.90..73925.90 rows=26803 width=4) (actual time=867.533..867.533 rows=814 loops=1)
                    Buckets: 32768  Batches: 1  Memory Usage: 285kB
                    ->  Seq Scan on title t  (cost=0.00..73925.90 rows=26803 width=4) (actual time=400.498..866.999 rows=814 loops=1)
                          Filter: ((production_year < 1985) AND (kind_id = 4))
                          Rows Removed by Filter: 2527498
Planning time: 1.238 ms
Execution time: 8229.197 ms
