Hash Join  (cost=78667.05..1154999.56 rows=4140034 width=0) (actual time=1031.306..26529.381 rows=1913307 loops=1)
  Hash Cond: (ci.movie_id = t.id)
  ->  Seq Scan on cast_info ci  (cost=0.00..614943.12 rows=36225612 width=4) (actual time=0.013..10484.896 rows=36244344 loops=1)
  ->  Hash  (cost=73925.90..73925.90 rows=288972 width=4) (actual time=1029.004..1029.004 rows=177760 loops=1)
        Buckets: 131072  Batches: 4  Memory Usage: 2585kB
        ->  Seq Scan on title t  (cost=0.00..73925.90 rows=288972 width=4) (actual time=0.026..967.469 rows=177760 loops=1)
              Filter: ((kind_id > 4) AND (production_year < 1977))
              Rows Removed by Filter: 2350552
Planning time: 0.812 ms
Execution time: 26749.014 ms
