Hash Join  (cost=320987.28..1971913.85 rows=45089481 width=0) (actual time=6209.261..47265.365 rows=42306771 loops=1)
  Hash Cond: (ci.movie_id = t.id)
  ->  Seq Scan on cast_info ci  (cost=0.00..705507.15 rows=34241211 width=4) (actual time=0.030..13933.127 rows=34220197 loops=1)
        Filter: (person_id < 3664837)
        Rows Removed by Filter: 2024147
  ->  Hash  (cost=266360.12..266360.12 rows=3329613 width=8) (actual time=6206.911..6206.911 rows=1637255 loops=1)
        Buckets: 131072  Batches: 64  Memory Usage: 2002kB
        ->  Hash Join  (cost=98137.04..266360.12 rows=3329613 width=8) (actual time=1719.416..5692.369 rows=1637255 loops=1)
              Hash Cond: (mk.movie_id = t.id)
              ->  Seq Scan on movie_keyword mk  (cost=0.00..69693.30 rows=4523930 width=4) (actual time=0.024..1157.173 rows=4523930 loops=1)
              ->  Hash  (cost=67604.59..67604.59 rows=1860996 width=4) (actual time=1718.106..1718.106 rows=1865487 loops=1)
                    Buckets: 131072  Batches: 32  Memory Usage: 3085kB
                    ->  Seq Scan on title t  (cost=0.00..67604.59 rows=1860996 width=4) (actual time=0.027..1114.023 rows=1865487 loops=1)
                          Filter: (kind_id > 1)
                          Rows Removed by Filter: 662825
Planning time: 1.235 ms
Execution time: 52203.272 ms
