Hash Join  (cost=971425.22..3029161.55 rows=85130523 width=0) (actual time=23908.129..96362.362 rows=196166408 loops=1)
  Hash Cond: (ci.movie_id = t.id)
  ->  Seq Scan on cast_info ci  (cost=0.00..705507.15 rows=16995731 width=4) (actual time=0.018..11875.397 rows=17117183 loops=1)
        Filter: (person_id > 1910489)
        Rows Removed by Filter: 19127161
  ->  Hash  (cost=763635.85..763635.85 rows=12665229 width=8) (actual time=23903.086..23903.086 rows=12744652 loops=1)
        Buckets: 131072  Batches: 256  Memory Usage: 2954kB
        ->  Hash Join  (cost=102767.86..763635.85 rows=12665229 width=8) (actual time=1657.560..19608.343 rows=12744652 loops=1)
              Hash Cond: (mi.movie_id = t.id)
              ->  Seq Scan on movie_info mi  (cost=0.00..346232.03 rows=12665229 width=4) (actual time=0.016..5865.024 rows=12744652 loops=1)
                    Filter: (info_type_id > 2)
                    Rows Removed by Filter: 2091068
              ->  Hash  (cost=61283.27..61283.27 rows=2528527 width=4) (actual time=1656.169..1656.169 rows=2528312 loops=1)
                    Buckets: 131072  Batches: 64  Memory Usage: 2425kB
                    ->  Seq Scan on title t  (cost=0.00..61283.27 rows=2528527 width=4) (actual time=0.014..797.767 rows=2528312 loops=1)
Planning time: 1.149 ms
Execution time: 118590.205 ms
