Hash Join  (cost=83810.17..187710.18 rows=480713 width=0) (actual time=1501.086..4355.102 rows=1087214 loops=1)
  Hash Cond: (mk.movie_id = t.id)
  ->  Seq Scan on movie_keyword mk  (cost=0.00..81003.12 rows=1230599 width=4) (actual time=0.026..1581.889 rows=1239555 loops=1)
        Filter: (keyword_id < 1578)
        Rows Removed by Filter: 3284375
  ->  Hash  (cost=67604.59..67604.59 rows=987727 width=4) (actual time=1500.223..1500.223 rows=985048 loops=1)
        Buckets: 131072  Batches: 16  Memory Usage: 3197kB
        ->  Seq Scan on title t  (cost=0.00..67604.59 rows=987727 width=4) (actual time=0.020..1184.888 rows=985048 loops=1)
              Filter: (kind_id < 7)
              Rows Removed by Filter: 1543264
Planning time: 0.761 ms
Execution time: 4471.248 ms
