Seq Scan on cast_info ci  (cost=0.00..796071.18 rows=29351862 width=0) (actual time=0.017..14830.566 rows=29413254 loops=1)
  Filter: ((person_id > 118515) AND (role_id < 9))
  Rows Removed by Filter: 6831090
Planning time: 0.342 ms
Execution time: 18307.334 ms
