Seq Scan on movie_companies mc  (cost=0.00..57926.93 rows=53 width=0) (actual time=79.259..652.618 rows=1 loops=1)
  Filter: ((company_id = 211126) AND (company_type_id = 2))
  Rows Removed by Filter: 2609128
Planning time: 0.380 ms
Execution time: 652.697 ms
