Hash Join  (cost=84441.03..171178.44 rows=7937 width=0) (actual time=823.670..2351.559 rows=3301 loops=1)
  Hash Cond: (mk.movie_id = t.id)
  ->  Seq Scan on movie_keyword mk  (cost=0.00..69693.30 rows=4523930 width=4) (actual time=0.018..808.403 rows=4523930 loops=1)
  ->  Hash  (cost=84385.58..84385.58 rows=4436 width=8) (actual time=816.962..816.962 rows=5067 loops=1)
        Buckets: 8192  Batches: 1  Memory Usage: 262kB
        ->  Nested Loop  (cost=0.43..84385.58 rows=4436 width=8) (actual time=73.365..814.340 rows=5067 loops=1)
              ->  Seq Scan on movie_companies mc  (cost=0.00..51404.11 rows=4436 width=4) (actual time=73.281..744.628 rows=5067 loops=1)
                    Filter: (company_id = 11146)
                    Rows Removed by Filter: 2604062
              ->  Index Only Scan using title_pkey on title t  (cost=0.43..7.42 rows=1 width=4) (actual time=0.013..0.013 rows=1 loops=5067)
                    Index Cond: (id = mc.movie_id)
                    Heap Fetches: 5067
Planning time: 1.150 ms
Execution time: 2352.166 ms
