Nested Loop  (cost=0.43..58375.45 rows=10 width=0) (actual time=134.666..668.595 rows=62 loops=1)
  ->  Seq Scan on movie_companies mc  (cost=0.00..57926.93 rows=53 width=4) (actual time=133.087..662.076 rows=353 loops=1)
        Filter: ((company_id = 207) AND (company_type_id = 2))
        Rows Removed by Filter: 2608776
  ->  Index Scan using title_pkey on title t  (cost=0.43..8.45 rows=1 width=4) (actual time=0.018..0.018 rows=0 loops=353)
        Index Cond: (id = mc.movie_id)
        Filter: ((kind_id < 7) AND (production_year > 2002))
        Rows Removed by Filter: 1
Planning time: 0.766 ms
Execution time: 668.748 ms
