Hash Join  (cost=115639.70..877261.33 rows=1083252 width=0) (actual time=1717.940..19613.187 rows=2184392 loops=1)
  Hash Cond: (ci.movie_id = t.id)
  ->  Seq Scan on cast_info ci  (cost=0.00..614943.12 rows=36225612 width=4) (actual time=0.022..6821.103 rows=36244344 loops=1)
  ->  Hash  (cost=114694.57..114694.57 rows=75610 width=8) (actual time=1717.136..1717.136 rows=77294 loops=1)
        Buckets: 131072  Batches: 1  Memory Usage: 4044kB
        ->  Hash Join  (cost=77354.40..114694.57 rows=75610 width=8) (actual time=793.507..1688.447 rows=77294 loops=1)
              Hash Cond: (mi_idx.movie_id = t.id)
              ->  Seq Scan on movie_info_idx mi_idx  (cost=0.00..25185.44 rows=915101 width=4) (actual time=0.023..461.748 rows=919850 loops=1)
                    Filter: (info_type_id < 101)
                    Rows Removed by Filter: 460185
              ->  Hash  (cost=73925.90..73925.90 rows=208920 width=4) (actual time=792.456..792.456 rows=183835 loops=1)
                    Buckets: 131072  Batches: 4  Memory Usage: 2649kB
                    ->  Seq Scan on title t  (cost=0.00..73925.90 rows=208920 width=4) (actual time=0.018..740.851 rows=183835 loops=1)
                          Filter: ((kind_id < 7) AND (production_year > 2009))
                          Rows Removed by Filter: 2344477
Planning time: 1.245 ms
Execution time: 19910.092 ms
