Seq Scan on movie_keyword mk  (cost=0.00..81003.12 rows=1474641 width=0) (actual time=0.025..1248.336 rows=1487096 loops=1)
  Filter: (keyword_id > 10983)
  Rows Removed by Filter: 3036834
Planning time: 0.412 ms
Execution time: 1442.673 ms
