Hash Join  (cost=102767.86..1376053.91 rows=19421715 width=0) (actual time=2595.245..32740.283 rows=17206377 loops=1)
  Hash Cond: (ci.movie_id = t.id)
  ->  Seq Scan on cast_info ci  (cost=0.00..796071.18 rows=19421715 width=4) (actual time=951.553..14355.700 rows=17206377 loops=1)
        Filter: ((person_id < 3017324) AND (role_id > 1))
        Rows Removed by Filter: 19037967
  ->  Hash  (cost=61283.27..61283.27 rows=2528527 width=4) (actual time=1642.342..1642.342 rows=2528312 loops=1)
        Buckets: 131072  Batches: 64  Memory Usage: 2415kB
        ->  Seq Scan on title t  (cost=0.00..61283.27 rows=2528527 width=4) (actual time=0.022..780.867 rows=2528312 loops=1)
Planning time: 0.789 ms
Execution time: 34617.016 ms
