Hash Join  (cost=159122.36..1295223.47 rows=5592746 width=0) (actual time=3005.599..32835.274 rows=11780573 loops=1)
  Hash Cond: (ci.movie_id = t.id)
  ->  Seq Scan on cast_info ci  (cost=0.00..705507.15 rows=32255328 width=4) (actual time=0.015..12529.681 rows=32232274 loops=1)
        Filter: (person_id < 3322040)
        Rows Removed by Filter: 4012070
  ->  Hash  (cost=151929.10..151929.10 rows=438421 width=8) (actual time=3004.801..3004.801 rows=455563 loops=1)
        Buckets: 131072  Batches: 8  Memory Usage: 3254kB
        ->  Hash Join  (cost=107058.56..151929.10 rows=438421 width=8) (actual time=1674.428..2875.169 rows=455563 loops=1)
              Hash Cond: (mi_idx.movie_id = t.id)
              ->  Seq Scan on movie_info_idx mi_idx  (cost=0.00..25185.44 rows=460978 width=4) (actual time=0.013..413.711 rows=459925 loops=1)
                    Filter: (info_type_id = 99)
                    Rows Removed by Filter: 920110
              ->  Hash  (cost=67604.59..67604.59 rows=2404798 width=4) (actual time=1673.493..1673.493 rows=2396371 loops=1)
                    Buckets: 131072  Batches: 32  Memory Usage: 3657kB
                    ->  Seq Scan on title t  (cost=0.00..67604.59 rows=2404798 width=4) (actual time=0.013..982.861 rows=2396371 loops=1)
                          Filter: (production_year > 1914)
                          Rows Removed by Filter: 131941
Planning time: 1.184 ms
Execution time: 34089.445 ms
