Hash Join  (cost=102767.86..226184.51 rows=1352094 width=0) (actual time=1457.673..4477.479 rows=1363726 loops=1)
  Hash Cond: (mk.movie_id = t.id)
  ->  Seq Scan on movie_keyword mk  (cost=0.00..81003.12 rows=1352094 width=4) (actual time=0.017..1231.692 rows=1363726 loops=1)
        Filter: (keyword_id > 12294)
        Rows Removed by Filter: 3160204
  ->  Hash  (cost=61283.27..61283.27 rows=2528527 width=4) (actual time=1455.485..1455.485 rows=2528312 loops=1)
        Buckets: 131072  Batches: 64  Memory Usage: 2425kB
        ->  Seq Scan on title t  (cost=0.00..61283.27 rows=2528527 width=4) (actual time=0.027..692.455 rows=2528312 loops=1)
Planning time: 0.737 ms
Execution time: 4654.012 ms
