Hash Join  (cost=102767.86..206824.88 rows=1777656 width=0) (actual time=1633.195..3923.711 rows=1785356 loops=1)
  Hash Cond: (mc.movie_id = t.id)
  ->  Seq Scan on movie_companies mc  (cost=0.00..51404.11 rows=1777656 width=4) (actual time=0.019..909.717 rows=1785356 loops=1)
        Filter: (company_id > 2010)
        Rows Removed by Filter: 823773
  ->  Hash  (cost=61283.27..61283.27 rows=2528527 width=4) (actual time=1632.248..1632.248 rows=2528312 loops=1)
        Buckets: 131072  Batches: 64  Memory Usage: 2415kB
        ->  Seq Scan on title t  (cost=0.00..61283.27 rows=2528527 width=4) (actual time=0.011..793.143 rows=2528312 loops=1)
Planning time: 0.927 ms
Execution time: 4063.308 ms
