Nested Loop  (cost=40199.63..208981.50 rows=20426 width=0) (actual time=718.939..2561.812 rows=67572 loops=1)
  ->  Hash Join  (cost=40199.20..136208.62 rows=111247 width=8) (actual time=718.860..1998.744 rows=67572 loops=1)
        Hash Cond: (mk.movie_id = mi_idx.movie_id)
        ->  Seq Scan on movie_keyword mk  (cost=0.00..81003.12 rows=56439 width=4) (actual time=0.029..1064.730 rows=57603 loops=1)
              Filter: (keyword_id < 56)
              Rows Removed by Filter: 4466327
        ->  Hash  (cost=25185.44..25185.44 rows=915101 width=4) (actual time=717.362..717.362 rows=919850 loops=1)
              Buckets: 131072  Batches: 16  Memory Usage: 3057kB
              ->  Seq Scan on movie_info_idx mi_idx  (cost=0.00..25185.44 rows=915101 width=4) (actual time=0.021..440.064 rows=919850 loops=1)
                    Filter: (info_type_id < 101)
                    Rows Removed by Filter: 460185
  ->  Index Only Scan using title_pkey on title t  (cost=0.43..0.64 rows=1 width=4) (actual time=0.008..0.008 rows=1 loops=67572)
        Index Cond: (id = mi_idx.movie_id)
        Heap Fetches: 67572
Planning time: 1.169 ms
Execution time: 2575.145 ms
