Hash Join  (cost=128695.20..493525.88 rows=17476 width=0) (actual time=1722.623..7446.775 rows=61438 loops=1)
  Hash Cond: (mi.movie_id = t.id)
  ->  Seq Scan on movie_info mi  (cost=0.00..309384.22 rows=14739122 width=4) (actual time=0.019..2840.915 rows=14835720 loops=1)
  ->  Hash  (cost=128657.72..128657.72 rows=2998 width=8) (actual time=1722.527..1722.527 rows=5257 loops=1)
        Buckets: 8192 (originally 4096)  Batches: 1 (originally 1)  Memory Usage: 270kB
        ->  Hash Join  (cost=73962.22..128657.72 rows=2998 width=8) (actual time=798.131..1720.282 rows=5257 loops=1)
              Hash Cond: (mc.movie_id = t.id)
              ->  Seq Scan on movie_companies mc  (cost=0.00..44881.29 rows=2609129 width=4) (actual time=0.027..460.741 rows=2609129 loops=1)
              ->  Hash  (cost=73925.90..73925.90 rows=2905 width=4) (actual time=797.946..797.946 rows=2712 loops=1)
                    Buckets: 4096  Batches: 1  Memory Usage: 128kB
                    ->  Seq Scan on title t  (cost=0.00..73925.90 rows=2905 width=4) (actual time=453.874..796.499 rows=2712 loops=1)
                          Filter: ((kind_id < 7) AND (production_year = 1908))
                          Rows Removed by Filter: 2525600
Planning time: 1.205 ms
Execution time: 7454.792 ms
