Nested Loop  (cost=0.43..83071.67 rows=246 width=0) (actual time=3.955..1051.494 rows=322 loops=1)
  ->  Seq Scan on movie_keyword mk  (cost=0.00..81003.12 rows=246 width=4) (actual time=3.890..1042.752 rows=322 loops=1)
        Filter: (keyword_id = 3681)
        Rows Removed by Filter: 4523608
  ->  Index Only Scan using title_pkey on title t  (cost=0.43..8.40 rows=1 width=4) (actual time=0.025..0.025 rows=1 loops=322)
        Index Cond: (id = mk.movie_id)
        Heap Fetches: 322
Planning time: 0.836 ms
Execution time: 1051.721 ms
