Nested Loop  (cost=0.43..52283.95 rows=4 width=0) (actual time=139.618..551.846 rows=2 loops=1)
  ->  Seq Scan on movie_companies mc  (cost=0.00..51404.11 rows=104 width=4) (actual time=8.725..546.052 rows=290 loops=1)
        Filter: (company_id = 12670)
        Rows Removed by Filter: 2608839
  ->  Index Scan using title_pkey on title t  (cost=0.43..8.45 rows=1 width=4) (actual time=0.019..0.019 rows=0 loops=290)
        Index Cond: (id = mc.movie_id)
        Filter: (production_year = 2005)
        Rows Removed by Filter: 1
Planning time: 0.819 ms
Execution time: 551.941 ms
