Hash Join  (cost=277075.53..1659557.10 rows=29534339 width=0) (actual time=5946.906..60628.651 rows=100018375 loops=1)
  Hash Cond: (ci.movie_id = t.id)
  ->  Seq Scan on cast_info ci  (cost=0.00..614943.12 rows=36225612 width=4) (actual time=0.022..13611.193 rows=36244344 loops=1)
  ->  Hash  (cost=243254.03..243254.03 rows=2061480 width=8) (actual time=5945.529..5945.529 rows=2062930 loops=1)
        Buckets: 131072  Batches: 32  Memory Usage: 3528kB
        ->  Hash Join  (cost=102767.86..243254.03 rows=2061480 width=8) (actual time=1918.268..5375.580 rows=2062930 loops=1)
              Hash Cond: (mk.movie_id = t.id)
              ->  Seq Scan on movie_keyword mk  (cost=0.00..81003.12 rows=2061480 width=4) (actual time=0.026..1536.817 rows=2062930 loops=1)
                    Filter: (keyword_id > 5899)
                    Rows Removed by Filter: 2461000
              ->  Hash  (cost=61283.27..61283.27 rows=2528527 width=4) (actual time=1917.500..1917.500 rows=2528312 loops=1)
                    Buckets: 131072  Batches: 64  Memory Usage: 2425kB
                    ->  Seq Scan on title t  (cost=0.00..61283.27 rows=2528527 width=4) (actual time=1.120..1074.736 rows=2528312 loops=1)
Planning time: 1.118 ms
Execution time: 71134.661 ms
