Hash Join  (cost=709678.15..796345.14 rows=895 width=0) (actual time=8835.024..9931.151 rows=195 loops=1)
  Hash Cond: (mk.movie_id = t.id)
  ->  Seq Scan on movie_keyword mk  (cost=0.00..69693.30 rows=4523930 width=4) (actual time=0.024..700.540 rows=4523930 loops=1)
  ->  Hash  (cost=709671.90..709671.90 rows=500 width=8) (actual time=8525.297..8525.297 rows=274 loops=1)
        Buckets: 1024  Batches: 1  Memory Usage: 19kB
        ->  Nested Loop  (cost=0.43..709671.90 rows=500 width=8) (actual time=1294.401..8525.151 rows=274 loops=1)
              ->  Seq Scan on cast_info ci  (cost=0.00..705507.15 rows=500 width=4) (actual time=1294.200..8521.384 rows=274 loops=1)
                    Filter: (person_id = 3073073)
                    Rows Removed by Filter: 36244070
              ->  Index Only Scan using title_pkey on title t  (cost=0.43..8.32 rows=1 width=4) (actual time=0.012..0.013 rows=1 loops=274)
                    Index Cond: (id = ci.movie_id)
                    Heap Fetches: 274
Planning time: 1.141 ms
Execution time: 9931.271 ms
