Hash Join  (cost=102767.86..258567.81 rows=2697897 width=0) (actual time=1605.031..5348.590 rows=2690287 loops=1)
  Hash Cond: (mk.movie_id = t.id)
  ->  Seq Scan on movie_keyword mk  (cost=0.00..81003.12 rows=2697897 width=4) (actual time=0.026..1393.892 rows=2690287 loops=1)
        Filter: (keyword_id > 3021)
        Rows Removed by Filter: 1833643
  ->  Hash  (cost=61283.27..61283.27 rows=2528527 width=4) (actual time=1601.036..1601.036 rows=2528312 loops=1)
        Buckets: 131072  Batches: 64  Memory Usage: 2425kB
        ->  Seq Scan on title t  (cost=0.00..61283.27 rows=2528527 width=4) (actual time=0.018..748.708 rows=2528312 loops=1)
Planning time: 0.764 ms
Execution time: 5665.764 ms
