Seq Scan on movie_keyword mk  (cost=0.00..81003.12 rows=3846914 width=0) (actual time=0.026..1275.303 rows=3839671 loops=1)
  Filter: (keyword_id < 27528)
  Rows Removed by Filter: 684259
Planning time: 0.346 ms
Execution time: 1764.110 ms
