Hash Join  (cost=117236.41..1164034.97 rows=1265046 width=0) (actual time=1537.009..23102.297 rows=322914 loops=1)
  Hash Cond: (ci.movie_id = t.id)
  ->  Seq Scan on cast_info ci  (cost=0.00..614943.12 rows=36225612 width=4) (actual time=0.018..10147.591 rows=36244344 loops=1)
  ->  Hash  (cost=115787.68..115787.68 rows=88299 width=8) (actual time=1535.933..1535.933 rows=17382 loops=1)
        Buckets: 131072  Batches: 2  Memory Usage: 1369kB
        ->  Hash Join  (cost=76580.21..115787.68 rows=88299 width=8) (actual time=720.625..1530.689 rows=17382 loops=1)
              Hash Cond: (mi_idx.movie_id = t.id)
              ->  Seq Scan on movie_info_idx mi_idx  (cost=0.00..21735.35 rows=1380035 width=4) (actual time=0.055..353.215 rows=1380035 loops=1)
              ->  Hash  (cost=73925.90..73925.90 rows=161784 width=4) (actual time=719.364..719.364 rows=60160 loops=1)
                    Buckets: 131072  Batches: 4  Memory Usage: 1552kB
                    ->  Seq Scan on title t  (cost=0.00..73925.90 rows=161784 width=4) (actual time=0.055..699.816 rows=60160 loops=1)
                          Filter: ((production_year < 1962) AND (kind_id = 7))
                          Rows Removed by Filter: 2468152
Planning time: 1.116 ms
Execution time: 23142.189 ms
