Seq Scan on movie_companies mc  (cost=0.00..57926.93 rows=913174 width=0) (actual time=0.027..798.612 rows=591283 loops=1)
  Filter: ((company_id < 27847) AND (company_type_id = 2))
  Rows Removed by Filter: 2017846
Planning time: 0.400 ms
Execution time: 872.193 ms
