Hash Join  (cost=102767.86..174482.41 rows=433504 width=0) (actual time=1613.472..2916.496 rows=438326 loops=1)
  Hash Cond: (mc.movie_id = t.id)
  ->  Seq Scan on movie_companies mc  (cost=0.00..51404.11 rows=433504 width=4) (actual time=32.257..691.634 rows=438326 loops=1)
        Filter: (company_id > 78373)
        Rows Removed by Filter: 2170803
  ->  Hash  (cost=61283.27..61283.27 rows=2528527 width=4) (actual time=1579.167..1579.167 rows=2528312 loops=1)
        Buckets: 131072  Batches: 64  Memory Usage: 2415kB
        ->  Seq Scan on title t  (cost=0.00..61283.27 rows=2528527 width=4) (actual time=0.022..753.665 rows=2528312 loops=1)
Planning time: 0.507 ms
Execution time: 2960.847 ms
