Nested Loop  (cost=0.43..83072.90 rows=91 width=0) (actual time=0.709..977.200 rows=77 loops=1)
  ->  Seq Scan on movie_keyword mk  (cost=0.00..81003.12 rows=246 width=4) (actual time=0.645..974.256 rows=86 loops=1)
        Filter: (keyword_id = 25815)
        Rows Removed by Filter: 4523844
  ->  Index Scan using title_pkey on title t  (cost=0.43..8.40 rows=1 width=4) (actual time=0.030..0.031 rows=1 loops=86)
        Index Cond: (id = mk.movie_id)
        Filter: ((kind_id < 7) AND (production_year < 2013))
        Rows Removed by Filter: 0
Planning time: 0.804 ms
Execution time: 977.345 ms
