Hash Join  (cost=74311.74..157638.45 rows=7326 width=0) (actual time=1568.748..2084.997 rows=1226 loops=1)
  Hash Cond: (mk.movie_id = t.id)
  ->  Seq Scan on movie_keyword mk  (cost=0.00..81003.12 rows=600087 width=4) (actual time=0.025..1044.906 rows=603127 loops=1)
        Filter: (keyword_id > 30576)
        Rows Removed by Filter: 3920803
  ->  Hash  (cost=73925.90..73925.90 rows=30867 width=4) (actual time=931.189..931.189 rows=34773 loops=1)
        Buckets: 65536 (originally 32768)  Batches: 1 (originally 1)  Memory Usage: 1735kB
        ->  Seq Scan on title t  (cost=0.00..73925.90 rows=30867 width=4) (actual time=0.072..916.548 rows=34773 loops=1)
              Filter: ((kind_id = 7) AND (production_year = 1999))
              Rows Removed by Filter: 2493539
Planning time: 0.711 ms
Execution time: 2085.393 ms
