Seq Scan on movie_companies mc  (cost=0.00..51404.11 rows=1418858 width=0) (actual time=0.023..663.648 rows=1424016 loops=1)
  Filter: (company_id > 10354)
  Rows Removed by Filter: 1185113
Planning time: 0.333 ms
Execution time: 818.836 ms
