Hash Join  (cost=365418.15..1587282.28 rows=21193204 width=0) (actual time=10939.867..35871.066 rows=39677080 loops=1)
  Hash Cond: (ci.movie_id = t.id)
  ->  Seq Scan on cast_info ci  (cost=0.00..796071.18 rows=11845362 width=4) (actual time=3467.871..12882.337 rows=6409147 loops=1)
        Filter: ((person_id < 2738192) AND (role_id > 2))
        Rows Removed by Filter: 29835197
  ->  Hash  (cost=291197.02..291197.02 rows=4523930 width=8) (actual time=7470.521..7470.521 rows=4523930 loops=1)
        Buckets: 131072  Batches: 64  Memory Usage: 3816kB
        ->  Hash Join  (cost=102767.86..291197.02 rows=4523930 width=8) (actual time=1662.013..6336.444 rows=4523930 loops=1)
              Hash Cond: (mk.movie_id = t.id)
              ->  Seq Scan on movie_keyword mk  (cost=0.00..69693.30 rows=4523930 width=4) (actual time=0.026..1202.098 rows=4523930 loops=1)
              ->  Hash  (cost=61283.27..61283.27 rows=2528527 width=4) (actual time=1660.022..1660.022 rows=2528312 loops=1)
                    Buckets: 131072  Batches: 64  Memory Usage: 2425kB
                    ->  Seq Scan on title t  (cost=0.00..61283.27 rows=2528527 width=4) (actual time=0.015..799.206 rows=2528312 loops=1)
Planning time: 1.123 ms
Execution time: 40449.805 ms
