Hash Join  (cost=79273.71..117546.19 rows=118458 width=0) (actual time=1545.757..2822.794 rows=50832 loops=1)
  Hash Cond: (mi_idx.movie_id = t.id)
  ->  Seq Scan on movie_info_idx mi_idx  (cost=0.00..25185.44 rows=919057 width=4) (actual time=0.011..476.819 rows=920110 loops=1)
        Filter: (info_type_id > 99)
        Rows Removed by Filter: 459925
  ->  Hash  (cost=73925.90..73925.90 rows=325904 width=4) (actual time=1308.763..1308.763 rows=349534 loops=1)
        Buckets: 131072  Batches: 8  Memory Usage: 2566kB
        ->  Seq Scan on title t  (cost=0.00..73925.90 rows=325904 width=4) (actual time=31.003..1199.175 rows=349534 loops=1)
              Filter: ((production_year > 2009) AND (kind_id = 7))
              Rows Removed by Filter: 2178778
Planning time: 12.952 ms
Execution time: 2829.103 ms
