Seq Scan on cast_info ci  (cost=0.00..796071.18 rows=337689 width=0) (actual time=1237.351..8654.194 rows=545576 loops=1)
  Filter: ((person_id > 3957157) AND (role_id > 1))
  Rows Removed by Filter: 35698768
Planning time: 0.354 ms
Execution time: 8714.630 ms
