Hash Join  (cost=451246.87..1461550.90 rows=1905247 width=0) (actual time=12605.806..36651.091 rows=13885449 loops=1)
  Hash Cond: (ci.movie_id = t.id)
  ->  Seq Scan on cast_info ci  (cost=0.00..796071.18 rows=10860141 width=4) (actual time=9.410..12197.900 rows=16856252 loops=1)
        Filter: ((person_id > 1940045) AND (role_id > 1))
        Rows Removed by Filter: 19388092
  ->  Hash  (cost=443968.98..443968.98 rows=443591 width=8) (actual time=12593.665..12593.665 rows=2420914 loops=1)
        Buckets: 131072 (originally 131072)  Batches: 64 (originally 8)  Memory Usage: 3927kB
        ->  Hash Join  (cost=74877.14..443968.98 rows=443591 width=8) (actual time=964.486..11958.924 rows=2420914 loops=1)
              Hash Cond: (mi.movie_id = t.id)
              ->  Seq Scan on movie_info mi  (cost=0.00..309384.22 rows=14739122 width=4) (actual time=0.017..3358.209 rows=14835720 loops=1)
              ->  Hash  (cost=73925.90..73925.90 rows=76099 width=4) (actual time=963.820..963.820 rows=202307 loops=1)
                    Buckets: 131072 (originally 131072)  Batches: 4 (originally 1)  Memory Usage: 3073kB
                    ->  Seq Scan on title t  (cost=0.00..73925.90 rows=76099 width=4) (actual time=11.051..884.920 rows=202307 loops=1)
                          Filter: ((production_year < 1964) AND (kind_id = 1))
                          Rows Removed by Filter: 2326005
Planning time: 1.230 ms
Execution time: 38154.305 ms
