Hash Join  (cost=67697.55..94625.21 rows=1356 width=144) (actual time=1677.155..2123.656 rows=259 loops=1)
  Hash Cond: (mi_idx.movie_id = t.id)
  ->  Seq Scan on movie_info_idx mi_idx  (cost=0.00..25185.44 rows=460978 width=50) (actual time=0.018..564.773 rows=459925 loops=1)
        Filter: (info_type_id < 100)
        Rows Removed by Filter: 920110
  ->  Hash  (cost=67604.59..67604.59 rows=7437 width=94) (actual time=1419.946..1419.946 rows=7670 loops=1)
        Buckets: 8192  Batches: 1  Memory Usage: 907kB
        ->  Seq Scan on title t  (cost=0.00..67604.59 rows=7437 width=94) (actual time=50.160..1416.165 rows=7670 loops=1)
              Filter: (production_year = 1915)
              Rows Removed by Filter: 2520642
Planning time: 0.983 ms
Execution time: 2123.788 ms
