Hash Join  (cost=83810.17..164956.09 rows=488882 width=0) (actual time=1387.115..3182.892 rows=782473 loops=1)
  Hash Cond: (mc.movie_id = t.id)
  ->  Seq Scan on movie_companies mc  (cost=0.00..57926.93 rows=1251510 width=4) (actual time=177.830..1052.260 rows=1182942 loops=1)
        Filter: ((company_id < 131255) AND (company_type_id > 1))
        Rows Removed by Filter: 1426187
  ->  Hash  (cost=67604.59..67604.59 rows=987727 width=4) (actual time=1208.453..1208.453 rows=985048 loops=1)
        Buckets: 131072  Batches: 16  Memory Usage: 3188kB
        ->  Seq Scan on title t  (cost=0.00..67604.59 rows=987727 width=4) (actual time=0.038..896.651 rows=985048 loops=1)
              Filter: (kind_id < 7)
              Rows Removed by Filter: 1543264
Planning time: 0.734 ms
Execution time: 3269.051 ms
