Hash Join  (cost=199822.68..759262.81 rows=4869603 width=0) (actual time=3613.663..21086.972 rows=23283162 loops=1)
  Hash Cond: (mi.movie_id = t.id)
  ->  Seq Scan on movie_info mi  (cost=0.00..346232.03 rows=13929354 width=4) (actual time=0.023..5450.076 rows=14033580 loops=1)
        Filter: (info_type_id > 1)
        Rows Removed by Filter: 802140
  ->  Hash  (cost=185320.24..185320.24 rows=883955 width=8) (actual time=3612.693..3612.693 rows=880529 loops=1)
        Buckets: 131072  Batches: 16  Memory Usage: 3202kB
        ->  Hash Join  (cost=102767.86..185320.24 rows=883955 width=8) (actual time=1637.266..3376.077 rows=880529 loops=1)
              Hash Cond: (mc.movie_id = t.id)
              ->  Seq Scan on movie_companies mc  (cost=0.00..51404.11 rows=883955 width=4) (actual time=0.024..703.329 rows=880529 loops=1)
                    Filter: (company_id < 2615)
                    Rows Removed by Filter: 1728600
              ->  Hash  (cost=61283.27..61283.27 rows=2528527 width=4) (actual time=1635.774..1635.774 rows=2528312 loops=1)
                    Buckets: 131072  Batches: 64  Memory Usage: 2415kB
                    ->  Seq Scan on title t  (cost=0.00..61283.27 rows=2528527 width=4) (actual time=0.023..766.316 rows=2528312 loops=1)
Planning time: 1.120 ms
Execution time: 23675.256 ms
