Seq Scan on cast_info ci  (cost=0.00..705507.15 rows=5040419 width=0) (actual time=3687.891..8707.220 rows=5093538 loops=1)
  Filter: (person_id > 3158935)
  Rows Removed by Filter: 31150806
Planning time: 0.323 ms
Execution time: 9348.014 ms
