Nested Loop  (cost=44377.22..142386.03 rows=286 width=0) (actual time=766.811..1907.101 rows=1164 loops=1)
  ->  Hash Join  (cost=44376.79..132020.91 rows=17482 width=8) (actual time=743.098..1844.036 rows=7991 loops=1)
        Hash Cond: (mk.movie_id = mi_idx.movie_id)
        ->  Seq Scan on movie_keyword mk  (cost=0.00..81003.12 rows=5881 width=4) (actual time=0.580..913.369 rows=4261 loops=1)
              Filter: (keyword_id = 2867)
              Rows Removed by Filter: 4519669
        ->  Hash  (cost=21735.35..21735.35 rows=1380035 width=4) (actual time=740.107..740.107 rows=1380035 loops=1)
              Buckets: 131072  Batches: 32  Memory Usage: 2556kB
              ->  Seq Scan on movie_info_idx mi_idx  (cost=0.00..21735.35 rows=1380035 width=4) (actual time=0.021..328.172 rows=1380035 loops=1)
  ->  Index Scan using title_pkey on title t  (cost=0.43..0.58 rows=1 width=4) (actual time=0.007..0.008 rows=0 loops=7991)
        Index Cond: (id = mi_idx.movie_id)
        Filter: ((kind_id < 7) AND (production_year < 1984))
        Rows Removed by Filter: 1
Planning time: 1.294 ms
Execution time: 1907.457 ms
