Hash Join  (cost=190230.21..943740.60 rows=1366397 width=0) (actual time=6790.046..14275.922 rows=2864276 loops=1)
  Hash Cond: (ci.movie_id = t.id)
  ->  Seq Scan on cast_info ci  (cost=0.00..705507.15 rows=2503539 width=4) (actual time=1701.213..8652.281 rows=2448966 loops=1)
        Filter: (person_id < 237718)
        Rows Removed by Filter: 33795378
  ->  Hash  (cost=167588.78..167588.78 rows=1380035 width=8) (actual time=3593.439..3593.439 rows=1380035 loops=1)
        Buckets: 131072  Batches: 32  Memory Usage: 2708kB
        ->  Hash Join  (cost=102767.86..167588.78 rows=1380035 width=8) (actual time=1602.737..3249.988 rows=1380035 loops=1)
              Hash Cond: (mi_idx.movie_id = t.id)
              ->  Seq Scan on movie_info_idx mi_idx  (cost=0.00..21735.35 rows=1380035 width=4) (actual time=0.026..352.063 rows=1380035 loops=1)
              ->  Hash  (cost=61283.27..61283.27 rows=2528527 width=4) (actual time=1601.959..1601.959 rows=2528312 loops=1)
                    Buckets: 131072  Batches: 64  Memory Usage: 2415kB
                    ->  Seq Scan on title t  (cost=0.00..61283.27 rows=2528527 width=4) (actual time=0.020..752.869 rows=2528312 loops=1)
Planning time: 1.169 ms
Execution time: 14574.863 ms
