Hash Join  (cost=200238.57..677457.31 rows=2568327 width=0) (actual time=5581.582..19717.030 rows=14911337 loops=1)
  Hash Cond: (mi.movie_id = t.id)
  ->  Seq Scan on movie_info mi  (cost=0.00..346232.03 rows=8859586 width=4) (actual time=716.497..6603.228 rows=8966694 loops=1)
        Filter: (info_type_id < 15)
        Rows Removed by Filter: 5869026
  ->  Hash  (cost=188212.06..188212.06 rows=733001 width=8) (actual time=4864.248..4864.248 rows=1009127 loops=1)
        Buckets: 131072  Batches: 16  Memory Usage: 3538kB
        ->  Hash Join  (cost=102767.86..188212.06 rows=733001 width=8) (actual time=1759.504..4554.439 rows=1009127 loops=1)
              Hash Cond: (mc.movie_id = t.id)
              ->  Seq Scan on movie_companies mc  (cost=0.00..57926.93 rows=733001 width=4) (actual time=0.030..1195.797 rows=1009127 loops=1)
                    Filter: ((company_id < 13622) AND (company_type_id = 1))
                    Rows Removed by Filter: 1600002
              ->  Hash  (cost=61283.27..61283.27 rows=2528527 width=4) (actual time=1757.931..1757.931 rows=2528312 loops=1)
                    Buckets: 131072  Batches: 64  Memory Usage: 2415kB
                    ->  Seq Scan on title t  (cost=0.00..61283.27 rows=2528527 width=4) (actual time=0.014..953.922 rows=2528312 loops=1)
Planning time: 1.225 ms
Execution time: 21389.632 ms
