Hash Join  (cost=904881.47..1396200.66 rows=1078926 width=0) (actual time=11811.737..21662.283 rows=1536243 loops=1)
  Hash Cond: (mi.movie_id = t.id)
  ->  Seq Scan on movie_info mi  (cost=0.00..309384.22 rows=14739122 width=4) (actual time=0.008..4057.286 rows=14835720 loops=1)
  ->  Hash  (cost=901843.82..901843.82 rows=185092 width=8) (actual time=11810.736..11810.736 rows=38945 loops=1)
        Buckets: 131072  Batches: 4  Memory Usage: 1408kB
        ->  Hash Join  (cost=77377.73..901843.82 rows=185092 width=8) (actual time=5359.139..11794.278 rows=38945 loops=1)
              Hash Cond: (ci.movie_id = t.id)
              ->  Seq Scan on cast_info ci  (cost=0.00..796071.18 rows=2224532 width=4) (actual time=4315.471..10376.050 rows=733199 loops=1)
                    Filter: ((person_id < 1692602) AND (role_id > 9))
                    Rows Removed by Filter: 35511145
              ->  Hash  (cost=73925.90..73925.90 rows=210386 width=4) (actual time=1042.840..1042.840 rows=320579 loops=1)
                    Buckets: 131072  Batches: 4  Memory Usage: 3842kB
                    ->  Seq Scan on title t  (cost=0.00..73925.90 rows=210386 width=4) (actual time=0.030..920.352 rows=320579 loops=1)
                          Filter: ((kind_id < 7) AND (production_year < 1982))
                          Rows Removed by Filter: 2207733
Planning time: 1.185 ms
Execution time: 21842.756 ms
