Seq Scan on cast_info ci  (cost=0.00..705507.15 rows=500 width=0) (actual time=739.919..8257.562 rows=205 loops=1)
  Filter: (person_id = 663380)
  Rows Removed by Filter: 36244139
Planning time: 0.364 ms
Execution time: 8257.738 ms
