Seq Scan on cast_info ci  (cost=0.00..705507.15 rows=500 width=0) (actual time=1182.025..8251.965 rows=42 loops=1)
  Filter: (person_id = 410893)
  Rows Removed by Filter: 36244302
Planning time: 0.343 ms
Execution time: 8252.071 ms
