Hash Join  (cost=448730.30..1200320.39 rows=46888 width=0) (actual time=6346.485..18049.239 rows=51144 loops=1)
  Hash Cond: (ci.movie_id = t.id)
  ->  Seq Scan on cast_info ci  (cost=0.00..705507.15 rows=7298253 width=4) (actual time=0.022..10276.914 rows=7451973 loops=1)
        Filter: (role_id = 2)
        Rows Removed by Filter: 28792371
  ->  Hash  (cost=448527.25..448527.25 rows=16244 width=8) (actual time=6346.070..6346.070 rows=20139 loops=1)
        Buckets: 32768 (originally 16384)  Batches: 1 (originally 1)  Memory Usage: 1043kB
        ->  Hash Join  (cost=73994.33..448527.25 rows=16244 width=8) (actual time=686.697..6336.110 rows=20139 loops=1)
              Hash Cond: (mi.movie_id = t.id)
              ->  Seq Scan on movie_info mi  (cost=0.00..346232.03 rows=7503588 width=4) (actual time=0.018..4378.770 rows=7548855 loops=1)
                    Filter: (info_type_id > 7)
                    Rows Removed by Filter: 7286865
              ->  Hash  (cost=73925.90..73925.90 rows=5474 width=4) (actual time=686.301..686.301 rows=10047 loops=1)
                    Buckets: 16384 (originally 8192)  Batches: 1 (originally 1)  Memory Usage: 482kB
                    ->  Seq Scan on title t  (cost=0.00..73925.90 rows=5474 width=4) (actual time=0.150..682.369 rows=10047 loops=1)
                          Filter: ((kind_id > 1) AND (production_year = 1969))
                          Rows Removed by Filter: 2518265
Planning time: 1.217 ms
Execution time: 18056.481 ms
