Seq Scan on movie_companies mc  (cost=0.00..51404.11 rows=104 width=0) (actual time=71.620..647.065 rows=2 loops=1)
  Filter: (company_id = 196587)
  Rows Removed by Filter: 2609127
Planning time: 0.392 ms
Execution time: 647.139 ms
