Hash Join  (cost=139635.72..271237.00 rows=787825 width=0) (actual time=2319.928..6715.421 rows=8918762 loops=1)
  Hash Cond: (mk.movie_id = t.id)
  ->  Seq Scan on movie_keyword mk  (cost=0.00..69693.30 rows=4523930 width=4) (actual time=0.023..1009.386 rows=4523930 loops=1)
  ->  Hash  (cost=132410.55..132410.55 rows=440333 width=8) (actual time=2318.779..2318.779 rows=877706 loops=1)
        Buckets: 131072 (originally 131072)  Batches: 16 (originally 8)  Memory Usage: 3188kB
        ->  Hash Join  (cost=87162.74..132410.55 rows=440333 width=8) (actual time=1073.406..2145.610 rows=877706 loops=1)
              Hash Cond: (mi_idx.movie_id = t.id)
              ->  Seq Scan on movie_info_idx mi_idx  (cost=0.00..21735.35 rows=1380035 width=4) (actual time=0.021..299.937 rows=1380035 loops=1)
              ->  Hash  (cost=73925.90..73925.90 rows=806787 width=4) (actual time=1072.635..1072.635 rows=843018 loops=1)
                    Buckets: 131072  Batches: 16  Memory Usage: 2879kB
                    ->  Seq Scan on title t  (cost=0.00..73925.90 rows=806787 width=4) (actual time=0.039..845.931 rows=843018 loops=1)
                          Filter: ((kind_id < 7) AND (production_year < 2011))
                          Rows Removed by Filter: 1685294
Planning time: 1.173 ms
Execution time: 7519.711 ms
