Seq Scan on cast_info ci  (cost=0.00..796071.18 rows=171566 width=0) (actual time=2303.114..8411.941 rows=1274411 loops=1)
  Filter: ((person_id > 3778782) AND (role_id = 10))
  Rows Removed by Filter: 34969933
Planning time: 0.301 ms
Execution time: 8548.925 ms
