Hash Join  (cost=101425.44..156224.84 rows=13388 width=0) (actual time=1802.757..3065.637 rows=95116 loops=1)
  Hash Cond: (mc.movie_id = t.id)
  ->  Seq Scan on movie_companies mc  (cost=0.00..44881.29 rows=2609129 width=4) (actual time=0.018..621.410 rows=2609129 loops=1)
  ->  Hash  (cost=101263.26..101263.26 rows=12974 width=8) (actual time=1802.540..1802.540 rows=28828 loops=1)
        Buckets: 32768 (originally 16384)  Batches: 1 (originally 1)  Memory Usage: 1383kB
        ->  Hash Join  (cost=74223.04..101263.26 rows=12974 width=8) (actual time=1142.481..1792.213 rows=28828 loops=1)
              Hash Cond: (mi_idx.movie_id = t.id)
              ->  Seq Scan on movie_info_idx mi_idx  (cost=0.00..21735.35 rows=1380035 width=4) (actual time=0.011..332.249 rows=1380035 loops=1)
              ->  Hash  (cost=73925.90..73925.90 rows=23771 width=4) (actual time=1142.264..1142.264 rows=20633 loops=1)
                    Buckets: 32768  Batches: 1  Memory Usage: 982kB
                    ->  Seq Scan on title t  (cost=0.00..73925.90 rows=23771 width=4) (actual time=0.017..1129.265 rows=20633 loops=1)
                          Filter: ((kind_id < 7) AND (production_year = 2002))
                          Rows Removed by Filter: 2507679
Planning time: 1.117 ms
Execution time: 3078.852 ms
