Hash Join  (cost=562058.43..1942248.03 rows=24903246 width=0) (actual time=12044.872..57605.055 rows=90799741 loops=1)
  Hash Cond: (ci.movie_id = t.id)
  ->  Seq Scan on cast_info ci  (cost=0.00..614943.12 rows=36225612 width=4) (actual time=0.022..8782.356 rows=36244344 loops=1)
  ->  Hash  (cost=533540.53..533540.53 rows=1738232 width=8) (actual time=12043.227..12043.227 rows=4202009 loops=1)
        Buckets: 131072 (originally 131072)  Batches: 64 (originally 32)  Memory Usage: 3586kB
        ->  Hash Join  (cost=83891.93..533540.53 rows=1738232 width=8) (actual time=802.455..10173.199 rows=4202009 loops=1)
              Hash Cond: (mi.movie_id = t.id)
              ->  Seq Scan on movie_info mi  (cost=0.00..346232.03 rows=7235534 width=4) (actual time=0.030..4479.725 rows=7286865 loops=1)
                    Filter: (info_type_id < 8)
                    Rows Removed by Filter: 7548855
              ->  Hash  (cost=73925.90..73925.90 rows=607442 width=4) (actual time=801.236..801.236 rows=675690 loops=1)
                    Buckets: 131072  Batches: 8  Memory Usage: 4021kB
                    ->  Seq Scan on title t  (cost=0.00..73925.90 rows=607442 width=4) (actual time=0.022..650.294 rows=675690 loops=1)
                          Filter: ((kind_id < 7) AND (production_year < 2007))
                          Rows Removed by Filter: 1852622
Planning time: 1.187 ms
Execution time: 65709.305 ms
