Hash Join  (cost=215833.08..361639.12 rows=1820496 width=0) (actual time=3684.289..9559.662 rows=20798518 loops=1)
  Hash Cond: (mk.movie_id = t.id)
  ->  Seq Scan on movie_keyword mk  (cost=0.00..81003.12 rows=3597587 width=4) (actual time=0.024..1123.321 rows=3589443 loops=1)
        Filter: (keyword_id < 20319)
        Rows Removed by Filter: 934487
  ->  Hash  (cost=194840.12..194840.12 rows=1279517 width=8) (actual time=3683.265..3683.265 rows=1274246 loops=1)
        Buckets: 131072  Batches: 32  Memory Usage: 2633kB
        ->  Hash Join  (cost=102767.86..194840.12 rows=1279517 width=8) (actual time=1379.277..3390.877 rows=1274246 loops=1)
              Hash Cond: (mc.movie_id = t.id)
              ->  Seq Scan on movie_companies mc  (cost=0.00..51404.11 rows=1279517 width=4) (actual time=0.027..814.493 rows=1274246 loops=1)
                    Filter: (company_type_id < 2)
                    Rows Removed by Filter: 1334883
              ->  Hash  (cost=61283.27..61283.27 rows=2528527 width=4) (actual time=1377.924..1377.924 rows=2528312 loops=1)
                    Buckets: 131072  Batches: 64  Memory Usage: 2415kB
                    ->  Seq Scan on title t  (cost=0.00..61283.27 rows=2528527 width=4) (actual time=0.011..669.033 rows=2528312 loops=1)
Planning time: 1.128 ms
Execution time: 11290.833 ms
