Hash Join  (cost=100809.69..150051.99 rows=593035 width=0) (actual time=1566.437..2687.495 rows=471564 loops=1)
  Hash Cond: (mi_idx.movie_id = t.id)
  ->  Seq Scan on movie_info_idx mi_idx  (cost=0.00..25185.44 rows=915101 width=4) (actual time=0.020..394.486 rows=919850 loops=1)
        Filter: (info_type_id < 101)
        Rows Removed by Filter: 460185
  ->  Hash  (cost=73925.90..73925.90 rows=1638623 width=4) (actual time=1564.966..1564.966 rows=1629839 loops=1)
        Buckets: 131072  Batches: 32  Memory Usage: 2813kB
        ->  Seq Scan on title t  (cost=0.00..73925.90 rows=1638623 width=4) (actual time=0.012..1079.846 rows=1629839 loops=1)
              Filter: ((kind_id > 1) AND (production_year < 2012))
              Rows Removed by Filter: 898473
Planning time: 0.748 ms
Execution time: 2737.645 ms
