Seq Scan on cast_info ci  (cost=0.00..705507.15 rows=2848694 width=0) (actual time=278.361..7094.178 rows=2805052 loops=1)
  Filter: (person_id < 270116)
  Rows Removed by Filter: 33439292
Planning time: 0.237 ms
Execution time: 7445.822 ms
