Seq Scan on movie_keyword mk  (cost=0.00..81003.12 rows=953681 width=0) (actual time=0.024..783.540 rows=967291 loops=1)
  Filter: (keyword_id > 19693)
  Rows Removed by Filter: 3556639
Planning time: 0.316 ms
Execution time: 872.882 ms
