Hash Join  (cost=102767.86..1395769.75 rows=24004846 width=0) (actual time=1127.054..29684.886 rows=24115460 loops=1)
  Hash Cond: (ci.movie_id = t.id)
  ->  Seq Scan on cast_info ci  (cost=0.00..705507.15 rows=24004846 width=4) (actual time=0.021..11438.922 rows=24115460 loops=1)
        Filter: (person_id > 1194276)
        Rows Removed by Filter: 12128884
  ->  Hash  (cost=61283.27..61283.27 rows=2528527 width=4) (actual time=1125.775..1125.775 rows=2528312 loops=1)
        Buckets: 131072  Batches: 64  Memory Usage: 2415kB
        ->  Seq Scan on title t  (cost=0.00..61283.27 rows=2528527 width=4) (actual time=0.027..545.868 rows=2528312 loops=1)
Planning time: 0.775 ms
Execution time: 31956.220 ms
