Hash Join  (cost=328843.82..1053280.84 rows=19473329 width=0) (actual time=6120.307..51942.512 rows=182280194 loops=1)
  Hash Cond: (mi.movie_id = t.id)
  ->  Seq Scan on movie_info mi  (cost=0.00..309384.22 rows=14739122 width=4) (actual time=0.024..3797.608 rows=14835720 loops=1)
  ->  Hash  (cost=274035.20..274035.20 rows=3340690 width=8) (actual time=6119.298..6119.298 rows=3331734 loops=1)
        Buckets: 131072  Batches: 64  Memory Usage: 3157kB
        ->  Hash Join  (cost=102767.86..274035.20 rows=3340690 width=8) (actual time=1353.341..5155.222 rows=3331734 loops=1)
              Hash Cond: (mk.movie_id = t.id)
              ->  Seq Scan on movie_keyword mk  (cost=0.00..81003.12 rows=3340690 width=4) (actual time=0.028..1304.640 rows=3331734 loops=1)
                    Filter: (keyword_id > 1426)
                    Rows Removed by Filter: 1192196
              ->  Hash  (cost=61283.27..61283.27 rows=2528527 width=4) (actual time=1351.379..1351.379 rows=2528312 loops=1)
                    Buckets: 131072  Batches: 64  Memory Usage: 2425kB
                    ->  Seq Scan on title t  (cost=0.00..61283.27 rows=2528527 width=4) (actual time=0.021..636.485 rows=2528312 loops=1)
Planning time: 1.142 ms
Execution time: 69155.278 ms
