Hash Join  (cost=28267.93..114539.14 rows=54 width=0) (actual time=343.239..1598.745 rows=9956 loops=1)
  Hash Cond: (mk.movie_id = t.id)
  ->  Seq Scan on movie_keyword mk  (cost=0.00..81003.12 rows=1404679 width=4) (actual time=0.022..1061.099 rows=1422564 loops=1)
        Filter: (keyword_id < 1958)
        Rows Removed by Filter: 3101366
  ->  Hash  (cost=28266.72..28266.72 rows=97 width=8) (actual time=342.707..342.707 rows=260 loops=1)
        Buckets: 1024  Batches: 1  Memory Usage: 19kB
        ->  Nested Loop  (cost=0.43..28266.72 rows=97 width=8) (actual time=70.147..342.609 rows=260 loops=1)
              ->  Seq Scan on movie_info_idx mi_idx  (cost=0.00..25185.44 rows=368 width=4) (actual time=70.086..338.169 rows=260 loops=1)
                    Filter: (info_type_id > 101)
                    Rows Removed by Filter: 1379775
              ->  Index Scan using title_pkey on title t  (cost=0.43..8.36 rows=1 width=4) (actual time=0.016..0.016 rows=1 loops=260)
                    Index Cond: (id = mi_idx.movie_id)
                    Filter: (kind_id = 1)
Planning time: 1.142 ms
Execution time: 1600.072 ms
