Hash Join  (cost=73963.69..157755.41 rows=886 width=0) (actual time=783.599..1564.392 rows=346 loops=1)
  Hash Cond: (mk.movie_id = t.id)
  ->  Seq Scan on movie_keyword mk  (cost=0.00..81003.12 rows=741263 width=4) (actual time=8.813..901.095 rows=746909 loops=1)
        Filter: (keyword_id > 25040)
        Rows Removed by Filter: 3777021
  ->  Hash  (cost=73925.90..73925.90 rows=3023 width=4) (actual time=565.549..565.549 rows=1148 loops=1)
        Buckets: 4096  Batches: 1  Memory Usage: 73kB
        ->  Seq Scan on title t  (cost=0.00..73925.90 rows=3023 width=4) (actual time=139.312..565.008 rows=1148 loops=1)
              Filter: ((production_year > 2012) AND (kind_id = 4))
              Rows Removed by Filter: 2527164
Planning time: 0.591 ms
Execution time: 1564.582 ms
