Hash Join  (cost=83073.10..968865.87 rows=614 width=0) (actual time=4067.660..16472.135 rows=76927 loops=1)
  Hash Cond: (ci.movie_id = t.id)
  ->  Seq Scan on cast_info ci  (cost=0.00..796071.18 rows=23924119 width=4) (actual time=3204.173..12305.890 rows=24130698 loops=1)
        Filter: ((person_id < 4032111) AND (role_id < 4))
        Rows Removed by Filter: 12113646
  ->  Hash  (cost=83072.29..83072.29 rows=65 width=8) (actual time=863.287..863.287 rows=1715 loops=1)
        Buckets: 2048 (originally 1024)  Batches: 1 (originally 1)  Memory Usage: 83kB
        ->  Nested Loop  (cost=0.43..83072.29 rows=65 width=8) (actual time=0.779..862.394 rows=1715 loops=1)
              ->  Seq Scan on movie_keyword mk  (cost=0.00..81003.12 rows=246 width=4) (actual time=0.441..824.980 rows=2365 loops=1)
                    Filter: (keyword_id = 1884)
                    Rows Removed by Filter: 4521565
              ->  Index Scan using title_pkey on title t  (cost=0.43..8.40 rows=1 width=4) (actual time=0.015..0.015 rows=1 loops=2365)
                    Index Cond: (id = mk.movie_id)
                    Filter: (kind_id = 1)
                    Rows Removed by Filter: 0
Planning time: 1.239 ms
Execution time: 16485.232 ms
