Seq Scan on movie_companies mc  (cost=0.00..51404.11 rows=104 width=0) (actual time=113.570..862.897 rows=4 loops=1)
  Filter: (company_id = 15788)
  Rows Removed by Filter: 2609125
Planning time: 0.394 ms
Execution time: 862.973 ms
