Nested Loop  (cost=0.43..797555.70 rows=176 width=0) (actual time=6592.184..10306.245 rows=178 loops=1)
  ->  Seq Scan on cast_info ci  (cost=0.00..796071.18 rows=176 width=4) (actual time=6592.079..10303.900 rows=178 loops=1)
        Filter: ((role_id < 2) AND (person_id = 74167))
        Rows Removed by Filter: 36244166
  ->  Index Only Scan using title_pkey on title t  (cost=0.43..8.42 rows=1 width=4) (actual time=0.012..0.012 rows=1 loops=178)
        Index Cond: (id = ci.movie_id)
        Heap Fetches: 178
Planning time: 0.789 ms
Execution time: 10306.358 ms
