Seq Scan on title t  (cost=0.00..73925.90 rows=7743 width=0) (actual time=0.053..591.305 rows=21090 loops=1)
  Filter: ((kind_id < 4) AND (production_year < 1909))
  Rows Removed by Filter: 2507222
Planning time: 0.320 ms
Execution time: 593.975 ms
