Hash Join  (cost=176504.88..215570.17 rows=79981 width=0) (actual time=2597.638..3495.703 rows=343104 loops=1)
  Hash Cond: (mi_idx.movie_id = t.id)
  ->  Seq Scan on movie_info_idx mi_idx  (cost=0.00..21735.35 rows=1380035 width=4) (actual time=0.025..286.087 rows=1380035 loops=1)
  ->  Hash  (cost=174100.10..174100.10 rows=146542 width=8) (actual time=2596.896..2596.896 rows=224384 loops=1)
        Buckets: 131072 (originally 131072)  Batches: 4 (originally 2)  Memory Usage: 3214kB
        ->  Hash Join  (cost=102767.86..174100.10 rows=146542 width=8) (actual time=1362.031..2532.217 rows=224384 loops=1)
              Hash Cond: (mc.movie_id = t.id)
              ->  Seq Scan on movie_companies mc  (cost=0.00..57926.93 rows=146542 width=4) (actual time=0.025..679.755 rows=224384 loops=1)
                    Filter: ((company_id < 160) AND (company_type_id < 2))
                    Rows Removed by Filter: 2384745
              ->  Hash  (cost=61283.27..61283.27 rows=2528527 width=4) (actual time=1360.481..1360.481 rows=2528312 loops=1)
                    Buckets: 131072  Batches: 64  Memory Usage: 2415kB
                    ->  Seq Scan on title t  (cost=0.00..61283.27 rows=2528527 width=4) (actual time=0.016..637.473 rows=2528312 loops=1)
Planning time: 1.159 ms
Execution time: 3537.876 ms
