Seq Scan on cast_info ci  (cost=0.00..796071.18 rows=56800 width=0) (actual time=5297.472..7881.567 rows=23134 loops=1)
  Filter: ((person_id < 560638) AND (role_id > 10))
  Rows Removed by Filter: 36221210
Planning time: 0.353 ms
Execution time: 7884.400 ms
