Seq Scan on cast_info ci  (cost=0.00..705507.15 rows=18956942 width=0) (actual time=0.020..9051.528 rows=18871067 loops=1)
  Filter: (person_id < 1879820)
  Rows Removed by Filter: 17373277
Planning time: 0.331 ms
Execution time: 11280.870 ms
