Hash Join  (cost=129718.31..495382.21 rows=100797 width=0) (actual time=1462.577..6788.714 rows=259737 loops=1)
  Hash Cond: (mi.movie_id = t.id)
  ->  Seq Scan on movie_info mi  (cost=0.00..309384.22 rows=14739122 width=4) (actual time=0.020..2296.622 rows=14835720 loops=1)
  ->  Hash  (cost=129502.16..129502.16 rows=17292 width=8) (actual time=1462.184..1462.184 rows=25597 loops=1)
        Buckets: 32768  Batches: 1  Memory Usage: 1256kB
        ->  Hash Join  (cost=74529.47..129502.16 rows=17292 width=8) (actual time=629.490..1453.734 rows=25597 loops=1)
              Hash Cond: (mc.movie_id = t.id)
              ->  Seq Scan on movie_companies mc  (cost=0.00..51404.11 rows=905509 width=4) (actual time=0.024..637.986 rows=914031 loops=1)
                    Filter: (company_id > 20514)
                    Rows Removed by Filter: 1695098
              ->  Hash  (cost=73925.90..73925.90 rows=48285 width=4) (actual time=629.084..629.084 rows=34476 loops=1)
                    Buckets: 65536  Batches: 1  Memory Usage: 1725kB
                    ->  Seq Scan on title t  (cost=0.00..73925.90 rows=48285 width=4) (actual time=0.011..619.305 rows=34476 loops=1)
                          Filter: ((production_year > 2003) AND (kind_id = 3))
                          Rows Removed by Filter: 2493836
Planning time: 1.204 ms
Execution time: 6822.280 ms
