Hash Join  (cost=79715.42..204995.27 rows=461954 width=0) (actual time=1083.696..3772.830 rows=138732 loops=1)
  Hash Cond: (mk.movie_id = t.id)
  ->  Seq Scan on movie_keyword mk  (cost=0.00..81003.12 rows=3310451 width=4) (actual time=0.024..1406.882 rows=3302650 loops=1)
        Filter: (keyword_id > 1535)
        Rows Removed by Filter: 1221280
  ->  Hash  (cost=73925.90..73925.90 rows=352841 width=4) (actual time=1079.446..1079.446 rows=371999 loops=1)
        Buckets: 131072  Batches: 8  Memory Usage: 2671kB
        ->  Seq Scan on title t  (cost=0.00..73925.90 rows=352841 width=4) (actual time=0.034..940.175 rows=371999 loops=1)
              Filter: ((kind_id > 3) AND (production_year > 2009))
              Rows Removed by Filter: 2156313
Planning time: 1.011 ms
Execution time: 3786.818 ms
