Hash Join  (cost=219909.49..788763.66 rows=8345524 width=0) (actual time=3911.487..20445.445 rows=38124326 loops=1)
  Hash Cond: (mi.movie_id = t.id)
  ->  Seq Scan on movie_info mi  (cost=0.00..309384.22 rows=14739122 width=4) (actual time=0.015..3703.045 rows=14835720 loops=1)
  ->  Hash  (cost=196420.34..196420.34 rows=1431692 width=8) (actual time=3910.687..3910.687 rows=1221904 loops=1)
        Buckets: 131072  Batches: 32  Memory Usage: 2558kB
        ->  Hash Join  (cost=98969.27..196420.34 rows=1431692 width=8) (actual time=1405.054..3609.757 rows=1221904 loops=1)
              Hash Cond: (mc.movie_id = t.id)
              ->  Seq Scan on movie_companies mc  (cost=0.00..51404.11 rows=1893606 width=4) (actual time=0.020..784.899 rows=1904688 loops=1)
                    Filter: (company_id > 1310)
                    Rows Removed by Filter: 704441
              ->  Hash  (cost=67604.59..67604.59 rows=1911735 width=4) (actual time=1403.247..1403.247 rows=1903258 loops=1)
                    Buckets: 131072  Batches: 32  Memory Usage: 3122kB
                    ->  Seq Scan on title t  (cost=0.00..67604.59 rows=1911735 width=4) (actual time=0.047..876.310 rows=1903258 loops=1)
                          Filter: (production_year > 1982)
                          Rows Removed by Filter: 625054
Planning time: 1.195 ms
Execution time: 23686.857 ms
