Hash Join  (cost=439100.87..1419317.47 rows=301733 width=0) (actual time=5710.081..20134.747 rows=67113 loops=1)
  Hash Cond: (ci.movie_id = t.id)
  ->  Seq Scan on cast_info ci  (cost=0.00..614943.12 rows=36225612 width=4) (actual time=0.014..5893.090 rows=36244344 loops=1)
  ->  Hash  (cost=438837.60..438837.60 rows=21061 width=8) (actual time=5703.320..5703.320 rows=24001 loops=1)
        Buckets: 32768  Batches: 1  Memory Usage: 1194kB
        ->  Hash Join  (cost=73971.07..438837.60 rows=21061 width=8) (actual time=621.955..5693.827 rows=24001 loops=1)
              Hash Cond: (mi.movie_id = t.id)
              ->  Seq Scan on movie_info mi  (cost=0.00..309384.22 rows=14739122 width=4) (actual time=0.023..2429.056 rows=14835720 loops=1)
              ->  Hash  (cost=73925.90..73925.90 rows=3613 width=4) (actual time=621.749..621.749 rows=3914 loops=1)
                    Buckets: 4096  Batches: 1  Memory Usage: 170kB
                    ->  Seq Scan on title t  (cost=0.00..73925.90 rows=3613 width=4) (actual time=0.118..620.437 rows=3914 loops=1)
                          Filter: ((production_year < 1991) AND (kind_id = 6))
                          Rows Removed by Filter: 2524398
Planning time: 1.179 ms
Execution time: 20144.364 ms
