Seq Scan on movie_keyword mk  (cost=0.00..81003.12 rows=246 width=0) (actual time=6.086..1327.748 rows=281 loops=1)
  Filter: (keyword_id = 7731)
  Rows Removed by Filter: 4523649
Planning time: 1.210 ms
Execution time: 1328.009 ms
