Hash Join  (cost=83075.26..137743.24 rows=246 width=0) (actual time=1042.595..1807.214 rows=533 loops=1)
  Hash Cond: (mc.movie_id = t.id)
  ->  Seq Scan on movie_companies mc  (cost=0.00..44881.29 rows=2609129 width=4) (actual time=0.019..365.881 rows=2609129 loops=1)
  ->  Hash  (cost=83072.29..83072.29 rows=238 width=8) (actual time=1041.626..1041.626 rows=47 loops=1)
        Buckets: 1024  Batches: 1  Memory Usage: 10kB
        ->  Nested Loop  (cost=0.43..83072.29 rows=238 width=8) (actual time=19.329..1041.543 rows=47 loops=1)
              ->  Seq Scan on movie_keyword mk  (cost=0.00..81003.12 rows=246 width=4) (actual time=19.273..1039.601 rows=48 loops=1)
                    Filter: (keyword_id = 39965)
                    Rows Removed by Filter: 4523882
              ->  Index Scan using title_pkey on title t  (cost=0.43..8.40 rows=1 width=4) (actual time=0.035..0.035 rows=1 loops=48)
                    Index Cond: (id = mk.movie_id)
                    Filter: (production_year > 1902)
                    Rows Removed by Filter: 0
Planning time: 1.132 ms
Execution time: 1807.415 ms
