Hash Join  (cost=455198.45..598435.16 rows=350394 width=0) (actual time=6771.612..9474.987 rows=3027486 loops=1)
  Hash Cond: (mk.movie_id = t.id)
  ->  Seq Scan on movie_keyword mk  (cost=0.00..69693.30 rows=4523930 width=4) (actual time=0.027..898.302 rows=4523930 loops=1)
  ->  Hash  (cost=451984.41..451984.41 rows=195843 width=8) (actual time=6770.576..6770.576 rows=181196 loops=1)
        Buckets: 131072  Batches: 4  Memory Usage: 2792kB
        ->  Hash Join  (cost=68257.79..451984.41 rows=195843 width=8) (actual time=832.999..6703.735 rows=181196 loops=1)
              Hash Cond: (mi.movie_id = t.id)
              ->  Seq Scan on movie_info mi  (cost=0.00..346232.03 rows=9476311 width=4) (actual time=0.014..3973.404 rows=9565151 loops=1)
                    Filter: (info_type_id < 16)
                    Rows Removed by Filter: 5270569
              ->  Hash  (cost=67604.59..67604.59 rows=52256 width=4) (actual time=832.554..832.554 rows=53013 loops=1)
                    Buckets: 65536  Batches: 1  Memory Usage: 2376kB
                    ->  Seq Scan on title t  (cost=0.00..67604.59 rows=52256 width=4) (actual time=0.021..811.016 rows=53013 loops=1)
                          Filter: (production_year = 2000)
                          Rows Removed by Filter: 2475299
Planning time: 1.127 ms
Execution time: 9739.837 ms
