Hash Join  (cost=709676.96..764345.64 rows=314 width=0) (actual time=7975.412..8805.093 rows=22 loops=1)
  Hash Cond: (mc.movie_id = t.id)
  ->  Seq Scan on movie_companies mc  (cost=0.00..44881.29 rows=2609129 width=4) (actual time=0.060..413.642 rows=2609129 loops=1)
  ->  Hash  (cost=709673.15..709673.15 rows=305 width=8) (actual time=7972.310..7972.310 rows=17 loops=1)
        Buckets: 1024  Batches: 1  Memory Usage: 9kB
        ->  Nested Loop  (cost=0.43..709673.15 rows=305 width=8) (actual time=1496.058..7972.233 rows=17 loops=1)
              ->  Seq Scan on cast_info ci  (cost=0.00..705507.15 rows=500 width=4) (actual time=1495.805..7971.507 rows=25 loops=1)
                    Filter: (person_id = 2809613)
                    Rows Removed by Filter: 36244319
              ->  Index Scan using title_pkey on title t  (cost=0.43..8.32 rows=1 width=4) (actual time=0.023..0.024 rows=1 loops=25)
                    Index Cond: (id = ci.movie_id)
                    Filter: (kind_id = 7)
                    Rows Removed by Filter: 0
Planning time: 1.215 ms
Execution time: 8805.268 ms
