Hash Join  (cost=245779.00..1622089.22 rows=28933604 width=0) (actual time=4275.648..38308.607 rows=61855923 loops=1)
  Hash Cond: (ci.movie_id = t.id)
  ->  Seq Scan on cast_info ci  (cost=0.00..614943.12 rows=36225612 width=4) (actual time=0.023..8020.326 rows=36244344 loops=1)
  ->  Hash  (cost=212645.64..212645.64 rows=2019549 width=8) (actual time=4274.359..4274.359 rows=2021519 loops=1)
        Buckets: 131072  Batches: 32  Memory Usage: 3470kB
        ->  Hash Join  (cost=102767.86..212645.64 rows=2019549 width=8) (actual time=1319.614..3767.610 rows=2021519 loops=1)
              Hash Cond: (mc.movie_id = t.id)
              ->  Seq Scan on movie_companies mc  (cost=0.00..51404.11 rows=2019549 width=4) (actual time=0.021..711.828 rows=2021519 loops=1)
                    Filter: (company_id > 667)
                    Rows Removed by Filter: 587610
              ->  Hash  (cost=61283.27..61283.27 rows=2528527 width=4) (actual time=1318.712..1318.712 rows=2528312 loops=1)
                    Buckets: 131072  Batches: 64  Memory Usage: 2415kB
                    ->  Seq Scan on title t  (cost=0.00..61283.27 rows=2528527 width=4) (actual time=0.016..629.821 rows=2528312 loops=1)
Planning time: 1.159 ms
Execution time: 43167.438 ms
