Hash Join  (cost=81282.57..162710.75 rows=462666 width=0) (actual time=1436.112..3585.861 rows=281854 loops=1)
  Hash Cond: (mc.movie_id = t.id)
  ->  Seq Scan on movie_companies mc  (cost=0.00..44881.29 rows=2609129 width=4) (actual time=0.018..963.638 rows=2609129 loops=1)
  ->  Hash  (cost=73925.90..73925.90 rows=448373 width=4) (actual time=1341.183..1341.183 rows=329492 loops=1)
        Buckets: 131072  Batches: 8  Memory Usage: 2461kB
        ->  Seq Scan on title t  (cost=0.00..73925.90 rows=448373 width=4) (actual time=0.021..1210.759 rows=329492 loops=1)
              Filter: ((production_year < 1992) AND (kind_id = 7))
              Rows Removed by Filter: 2198820
Planning time: 0.811 ms
Execution time: 3620.312 ms
