Seq Scan on cast_info ci  (cost=0.00..796071.18 rows=276 width=0) (actual time=4529.609..10651.349 rows=17 loops=1)
  Filter: ((role_id < 3) AND (person_id = 1694981))
  Rows Removed by Filter: 36244327
Planning time: 0.403 ms
Execution time: 10651.475 ms
