Seq Scan on cast_info ci  (cost=0.00..796071.18 rows=7546770 width=0) (actual time=3.673..8995.340 rows=3219373 loops=1)
  Filter: ((person_id < 1135477) AND (role_id > 1))
  Rows Removed by Filter: 33024971
Planning time: 0.375 ms
Execution time: 9369.816 ms
