Hash Join  (cost=181552.13..707671.54 rows=4340449 width=0) (actual time=2730.366..15316.186 rows=15221290 loops=1)
  Hash Cond: (mi.movie_id = t.id)
  ->  Seq Scan on movie_info mi  (cost=0.00..309384.22 rows=14739122 width=4) (actual time=0.013..3705.029 rows=14835720 loops=1)
  ->  Hash  (cost=169335.46..169335.46 rows=744613 width=8) (actual time=2729.517..2729.517 rows=604812 loops=1)
        Buckets: 131072  Batches: 16  Memory Usage: 2512kB
        ->  Hash Join  (cost=88295.76..169335.46 rows=744613 width=8) (actual time=1045.614..2579.852 rows=604812 loops=1)
              Hash Cond: (mc.movie_id = t.id)
              ->  Seq Scan on movie_companies mc  (cost=0.00..51404.11 rows=1492922 width=4) (actual time=0.019..633.404 rows=1495500 loops=1)
                    Filter: (company_id > 7848)
                    Rows Removed by Filter: 1113629
              ->  Hash  (cost=67604.59..67604.59 rows=1261134 width=4) (actual time=1044.742..1044.742 rows=1260295 loops=1)
                    Buckets: 131072  Batches: 32  Memory Usage: 2413kB
                    ->  Seq Scan on title t  (cost=0.00..67604.59 rows=1261134 width=4) (actual time=0.019..729.668 rows=1260295 loops=1)
                          Filter: (production_year > 2002)
                          Rows Removed by Filter: 1268017
Planning time: 1.208 ms
Execution time: 16531.152 ms
