Hash Join  (cost=161600.04..519461.77 rows=12398 width=0) (actual time=1980.144..5152.214 rows=168957 loops=1)
  Hash Cond: (mi.movie_id = t.id)
  ->  Seq Scan on movie_info mi  (cost=0.00..346232.03 rows=3068194 width=4) (actual time=173.955..2984.127 rows=3036719 loops=1)
        Filter: (info_type_id = 16)
        Rows Removed by Filter: 11799001
  ->  Hash  (cost=161472.32..161472.32 rows=10217 width=8) (actual time=1786.506..1786.506 rows=21859 loops=1)
        Buckets: 32768 (originally 16384)  Batches: 1 (originally 1)  Memory Usage: 1110kB
        ->  Hash Join  (cost=74119.74..161472.32 rows=10217 width=8) (actual time=708.015..1780.675 rows=21859 loops=1)
              Hash Cond: (mk.movie_id = t.id)
              ->  Seq Scan on movie_keyword mk  (cost=0.00..81003.12 rows=1665943 width=4) (actual time=0.014..854.693 rows=1676256 loops=1)
                    Filter: (keyword_id > 8679)
                    Rows Removed by Filter: 2847674
              ->  Hash  (cost=73925.90..73925.90 rows=15507 width=4) (actual time=707.528..707.528 rows=11835 loops=1)
                    Buckets: 16384  Batches: 1  Memory Usage: 545kB
                    ->  Seq Scan on title t  (cost=0.00..73925.90 rows=15507 width=4) (actual time=0.046..703.665 rows=11835 loops=1)
                          Filter: ((kind_id < 7) AND (production_year = 1995))
                          Rows Removed by Filter: 2516477
Planning time: 0.804 ms
Execution time: 5168.380 ms
