Seq Scan on cast_info ci  (cost=0.00..796071.18 rows=629638 width=0) (actual time=1130.003..8117.680 rows=855890 loops=1)
  Filter: ((person_id > 2347599) AND (role_id = 8))
  Rows Removed by Filter: 35388454
Planning time: 0.421 ms
Execution time: 8203.488 ms
