Seq Scan on cast_info ci  (cost=0.00..796071.18 rows=132332 width=0) (actual time=1461.098..10283.131 rows=238830 loops=1)
  Filter: ((person_id < 36912) AND (role_id < 2))
  Rows Removed by Filter: 36005514
Planning time: 0.338 ms
Execution time: 10313.003 ms
