Hash Join  (cost=83074.74..447745.01 rows=1434 width=0) (actual time=697.971..4458.896 rows=1489 loops=1)
  Hash Cond: (mi.movie_id = t.id)
  ->  Seq Scan on movie_info mi  (cost=0.00..309384.22 rows=14739122 width=4) (actual time=0.014..1923.760 rows=14835720 loops=1)
  ->  Hash  (cost=83071.67..83071.67 rows=246 width=8) (actual time=696.386..696.386 rows=39 loops=1)
        Buckets: 1024  Batches: 1  Memory Usage: 10kB
        ->  Nested Loop  (cost=0.43..83071.67 rows=246 width=8) (actual time=44.908..696.337 rows=39 loops=1)
              ->  Seq Scan on movie_keyword mk  (cost=0.00..81003.12 rows=246 width=4) (actual time=44.820..694.812 rows=39 loops=1)
                    Filter: (keyword_id = 77796)
                    Rows Removed by Filter: 4523891
              ->  Index Only Scan using title_pkey on title t  (cost=0.43..8.40 rows=1 width=4) (actual time=0.033..0.035 rows=1 loops=39)
                    Index Cond: (id = mk.movie_id)
                    Heap Fetches: 39
Planning time: 1.133 ms
Execution time: 4459.273 ms
