Nested Loop  (cost=0.43..83072.29 rows=8 width=0) (actual time=246.945..844.999 rows=1 loops=1)
  ->  Seq Scan on movie_keyword mk  (cost=0.00..81003.12 rows=246 width=4) (actual time=16.512..843.702 rows=41 loops=1)
        Filter: (keyword_id = 26928)
        Rows Removed by Filter: 4523889
  ->  Index Scan using title_pkey on title t  (cost=0.43..8.40 rows=1 width=4) (actual time=0.029..0.029 rows=0 loops=41)
        Index Cond: (id = mk.movie_id)
        Filter: (production_year = 2004)
        Rows Removed by Filter: 1
Planning time: 0.773 ms
Execution time: 845.109 ms
