Hash Join  (cost=75897.85..199983.37 rows=168212 width=0) (actual time=752.276..2719.781 rows=773696 loops=1)
  Hash Cond: (mk.movie_id = t.id)
  ->  Seq Scan on movie_keyword mk  (cost=0.00..81003.12 rows=3539806 width=4) (actual time=0.023..948.531 rows=3530917 loops=1)
        Filter: (keyword_id < 18629)
        Rows Removed by Filter: 993013
  ->  Hash  (cost=73925.90..73925.90 rows=120156 width=4) (actual time=751.360..751.360 rows=252581 loops=1)
        Buckets: 131072 (originally 131072)  Batches: 4 (originally 2)  Memory Usage: 3253kB
        ->  Seq Scan on title t  (cost=0.00..73925.90 rows=120156 width=4) (actual time=0.015..677.862 rows=252581 loops=1)
              Filter: ((production_year < 1976) AND (kind_id = 1))
              Rows Removed by Filter: 2275731
Planning time: 0.804 ms
Execution time: 2782.086 ms
