Seq Scan on movie_companies mc  (cost=0.00..51404.11 rows=104 width=0) (actual time=109.478..455.075 rows=89 loops=1)
  Filter: (company_id = 1995)
  Rows Removed by Filter: 2609040
Planning time: 0.324 ms
Execution time: 455.172 ms
