Hash Join  (cost=188335.54..227405.95 rows=158835 width=0) (actual time=2117.723..2811.679 rows=216860 loops=1)
  Hash Cond: (mi_idx.movie_id = t.id)
  ->  Seq Scan on movie_info_idx mi_idx  (cost=0.00..25185.44 rows=915101 width=4) (actual time=0.016..327.361 rows=919850 loops=1)
        Filter: (info_type_id < 101)
        Rows Removed by Filter: 460185
  ->  Hash  (cost=181134.56..181134.56 rows=438878 width=8) (actual time=2116.851..2116.851 rows=250672 loops=1)
        Buckets: 131072  Batches: 8  Memory Usage: 2255kB
        ->  Hash Join  (cost=102767.86..181134.56 rows=438878 width=8) (actual time=1197.162..2057.464 rows=250672 loops=1)
              Hash Cond: (mc.movie_id = t.id)
              ->  Seq Scan on movie_companies mc  (cost=0.00..57926.93 rows=438878 width=4) (actual time=42.350..463.383 rows=250672 loops=1)
                    Filter: ((company_id < 2440) AND (company_type_id > 1))
                    Rows Removed by Filter: 2358457
              ->  Hash  (cost=61283.27..61283.27 rows=2528527 width=4) (actual time=1153.718..1153.718 rows=2528312 loops=1)
                    Buckets: 131072  Batches: 64  Memory Usage: 2415kB
                    ->  Seq Scan on title t  (cost=0.00..61283.27 rows=2528527 width=4) (actual time=0.026..555.948 rows=2528312 loops=1)
Planning time: 1.198 ms
Execution time: 2831.333 ms
