Hash Join  (cost=185180.63..1196543.12 rows=3956019 width=0) (actual time=2981.782..17918.025 rows=6973903 loops=1)
  Hash Cond: (ci.movie_id = t.id)
  ->  Seq Scan on cast_info ci  (cost=0.00..796071.18 rows=14972566 width=4) (actual time=0.022..10093.921 rows=10306608 loops=1)
        Filter: ((person_id < 2346528) AND (role_id > 1))
        Rows Removed by Filter: 25937736
  ->  Hash  (cost=174219.60..174219.60 rows=668082 width=8) (actual time=2980.784..2980.784 rows=752309 loops=1)
        Buckets: 131072  Batches: 16  Memory Usage: 2856kB
        ->  Hash Join  (cost=97066.09..174219.60 rows=668082 width=8) (actual time=1390.886..2838.417 rows=752309 loops=1)
              Hash Cond: (mc.movie_id = t.id)
              ->  Seq Scan on movie_companies mc  (cost=0.00..51404.11 rows=940717 width=4) (actual time=0.032..686.805 rows=940688 loops=1)
                    Filter: (company_id < 3496)
                    Rows Removed by Filter: 1668441
              ->  Hash  (cost=67604.59..67604.59 rows=1795720 width=4) (actual time=1389.859..1389.859 rows=1794153 loops=1)
                    Buckets: 131072  Batches: 32  Memory Usage: 2992kB
                    ->  Seq Scan on title t  (cost=0.00..67604.59 rows=1795720 width=4) (actual time=0.021..879.175 rows=1794153 loops=1)
                          Filter: (production_year < 2009)
                          Rows Removed by Filter: 734159
Planning time: 1.164 ms
Execution time: 18486.599 ms
