Seq Scan on cast_info ci  (cost=0.00..796071.18 rows=131 width=0) (actual time=185.108..8463.852 rows=9 loops=1)
  Filter: ((role_id > 4) AND (person_id = 968611))
  Rows Removed by Filter: 36244335
Planning time: 0.406 ms
Execution time: 8464.012 ms
