Nested Loop  (cost=0.43..800194.88 rows=302 width=0) (actual time=8441.451..9875.279 rows=15 loops=1)
  ->  Seq Scan on cast_info ci  (cost=0.00..796071.18 rows=495 width=4) (actual time=8441.093..9874.751 rows=27 loops=1)
        Filter: ((role_id < 11) AND (person_id = 3776462))
        Rows Removed by Filter: 36244317
  ->  Index Scan using title_pkey on title t  (cost=0.43..8.32 rows=1 width=4) (actual time=0.018..0.018 rows=1 loops=27)
        Index Cond: (id = ci.movie_id)
        Filter: (kind_id > 6)
        Rows Removed by Filter: 0
Planning time: 0.860 ms
Execution time: 9875.392 ms
