Seq Scan on cast_info ci  (cost=0.00..705507.15 rows=21347070 width=0) (actual time=0.011..7597.644 rows=21464375 loops=1)
  Filter: (person_id > 1457593)
  Rows Removed by Filter: 14779969
Planning time: 0.221 ms
Execution time: 9783.598 ms
