Hash Join  (cost=75220.98..151393.51 rows=81401 width=0) (actual time=1121.526..2957.017 rows=100714 loops=1)
  Hash Cond: (mc.movie_id = t.id)
  ->  Seq Scan on movie_companies mc  (cost=0.00..44881.29 rows=2609129 width=4) (actual time=0.013..875.892 rows=2609129 loops=1)
  ->  Hash  (cost=73925.90..73925.90 rows=78886 width=4) (actual time=1120.836..1120.836 rows=74127 loops=1)
        Buckets: 131072  Batches: 2  Memory Usage: 2328kB
        ->  Seq Scan on title t  (cost=0.00..73925.90 rows=78886 width=4) (actual time=0.022..1094.258 rows=74127 loops=1)
              Filter: ((kind_id < 4) AND (production_year > 2011))
              Rows Removed by Filter: 2454185
Planning time: 0.757 ms
Execution time: 2971.056 ms
