Seq Scan on movie_keyword mk  (cost=0.00..81003.12 rows=246 width=0) (actual time=5.540..916.250 rows=144 loops=1)
  Filter: (keyword_id = 1305)
  Rows Removed by Filter: 4523786
Planning time: 0.345 ms
Execution time: 916.392 ms
