Seq Scan on movie_keyword mk  (cost=0.00..81003.12 rows=242346 width=0) (actual time=0.024..1023.404 rows=241112 loops=1)
  Filter: (keyword_id > 61685)
  Rows Removed by Filter: 4282818
Planning time: 0.324 ms
Execution time: 1055.413 ms
