Hash Join  (cost=102767.86..218571.56 rows=1035728 width=0) (actual time=1279.089..2788.648 rows=1041884 loops=1)
  Hash Cond: (mk.movie_id = t.id)
  ->  Seq Scan on movie_keyword mk  (cost=0.00..81003.12 rows=1035728 width=4) (actual time=0.025..778.647 rows=1041884 loops=1)
        Filter: (keyword_id > 17008)
        Rows Removed by Filter: 3482046
  ->  Hash  (cost=61283.27..61283.27 rows=2528527 width=4) (actual time=1278.017..1278.017 rows=2528312 loops=1)
        Buckets: 131072  Batches: 64  Memory Usage: 2425kB
        ->  Seq Scan on title t  (cost=0.00..61283.27 rows=2528527 width=4) (actual time=0.019..597.464 rows=2528312 loops=1)
Planning time: 0.698 ms
Execution time: 2860.196 ms
