Seq Scan on movie_keyword mk  (cost=0.00..81003.12 rows=246 width=0) (actual time=22.323..928.702 rows=69 loops=1)
  Filter: (keyword_id = 15427)
  Rows Removed by Filter: 4523861
Planning time: 0.344 ms
Execution time: 928.835 ms
