Nested Loop  (cost=0.43..139134.17 rows=1 width=0) (actual time=494.980..1169.304 rows=3 loops=1)
  Join Filter: (mc.movie_id = t.id)
  ->  Nested Loop  (cost=0.00..139125.76 rows=1 width=8) (actual time=494.912..1169.127 rows=3 loops=1)
        Join Filter: (mc.movie_id = mk.movie_id)
        Rows Removed by Join Filter: 308613
        ->  Seq Scan on movie_keyword mk  (cost=0.00..81003.12 rows=246 width=4) (actual time=2.603..668.081 rows=924 loops=1)
              Filter: (keyword_id = 2868)
              Rows Removed by Filter: 4523006
        ->  Materialize  (cost=0.00..57927.20 rows=53 width=4) (actual time=0.001..0.504 rows=334 loops=924)
              ->  Seq Scan on movie_companies mc  (cost=0.00..57926.93 rows=53 width=4) (actual time=0.556..448.563 rows=334 loops=1)
                    Filter: ((company_id = 2416) AND (company_type_id = 2))
                    Rows Removed by Filter: 2608795
  ->  Index Only Scan using title_pkey on title t  (cost=0.43..8.40 rows=1 width=4) (actual time=0.045..0.047 rows=1 loops=3)
        Index Cond: (id = mk.movie_id)
        Heap Fetches: 3
Planning time: 0.781 ms
Execution time: 1169.399 ms
