Hash Join  (cost=928914.53..1066514.66 rows=1280209 width=0) (actual time=10708.945..11884.122 rows=320348 loops=1)
  Hash Cond: (mk.movie_id = t.id)
  ->  Seq Scan on movie_keyword mk  (cost=0.00..69693.30 rows=4523930 width=4) (actual time=0.018..605.565 rows=4523930 loops=1)
  ->  Hash  (cost=917174.31..917174.31 rows=715538 width=8) (actual time=10218.495..10218.495 rows=396839 loops=1)
        Buckets: 131072  Batches: 16  Memory Usage: 1991kB
        ->  Hash Join  (cost=92883.59..917174.31 rows=715538 width=8) (actual time=1325.617..10144.931 rows=396839 loops=1)
              Hash Cond: (ci.movie_id = t.id)
              ->  Seq Scan on cast_info ci  (cost=0.00..796071.18 rows=1174232 width=4) (actual time=177.020..8465.738 rows=865092 loops=1)
                    Filter: ((person_id < 2512235) AND (role_id = 8))
                    Rows Removed by Filter: 35379252
              ->  Hash  (cost=67604.59..67604.59 rows=1540800 width=4) (actual time=1147.043..1147.043 rows=1543264 loops=1)
                    Buckets: 131072  Batches: 32  Memory Usage: 2722kB
                    ->  Seq Scan on title t  (cost=0.00..67604.59 rows=1540800 width=4) (actual time=0.021..766.474 rows=1543264 loops=1)
                          Filter: (kind_id = 7)
                          Rows Removed by Filter: 985048
Planning time: 1.199 ms
Execution time: 11905.167 ms
