Seq Scan on movie_keyword mk  (cost=0.00..81003.12 rows=1227938 width=0) (actual time=0.031..911.217 rows=1238536 loops=1)
  Filter: (keyword_id > 14611)
  Rows Removed by Filter: 3285394
Planning time: 0.379 ms
Execution time: 1043.891 ms
