Hash Join  (cost=73957.54..438761.01 rows=14754 width=0) (actual time=614.113..4743.050 rows=67747 loops=1)
  Hash Cond: (mi.movie_id = t.id)
  ->  Seq Scan on movie_info mi  (cost=0.00..309384.22 rows=14739122 width=4) (actual time=0.008..1938.206 rows=14835720 loops=1)
  ->  Hash  (cost=73925.90..73925.90 rows=2531 width=4) (actual time=614.015..614.015 rows=6356 loops=1)
        Buckets: 8192 (originally 4096)  Batches: 1 (originally 1)  Memory Usage: 288kB
        ->  Seq Scan on title t  (cost=0.00..73925.90 rows=2531 width=4) (actual time=0.181..611.394 rows=6356 loops=1)
              Filter: ((kind_id < 4) AND (production_year = 1981))
              Rows Removed by Filter: 2521956
Planning time: 0.762 ms
Execution time: 4752.355 ms
