Hash Join  (cost=83072.91..447728.90 rows=2 width=0) (actual time=771.423..3930.750 rows=257 loops=1)
  Hash Cond: (mi.movie_id = t.id)
  ->  Seq Scan on movie_info mi  (cost=0.00..309384.22 rows=14739122 width=4) (actual time=0.022..1740.552 rows=14835720 loops=1)
  ->  Hash  (cost=83072.90..83072.90 rows=1 width=8) (actual time=597.969..597.969 rows=3 loops=1)
        Buckets: 1024  Batches: 1  Memory Usage: 9kB
        ->  Nested Loop  (cost=0.43..83072.90 rows=1 width=8) (actual time=287.378..597.952 rows=3 loops=1)
              ->  Seq Scan on movie_keyword mk  (cost=0.00..81003.12 rows=246 width=4) (actual time=1.834..579.512 rows=1170 loops=1)
                    Filter: (keyword_id = 7635)
                    Rows Removed by Filter: 4522760
              ->  Index Scan using title_pkey on title t  (cost=0.43..8.40 rows=1 width=4) (actual time=0.015..0.015 rows=0 loops=1170)
                    Index Cond: (id = mk.movie_id)
                    Filter: ((kind_id < 7) AND (production_year = 1959))
                    Rows Removed by Filter: 1
Planning time: 1.173 ms
Execution time: 3930.942 ms
