Hash Join  (cost=102767.86..1099476.72 rows=7927611 width=0) (actual time=3187.310..9936.434 rows=3370829 loops=1)
  Hash Cond: (ci.movie_id = t.id)
  ->  Seq Scan on cast_info ci  (cost=0.00..796071.18 rows=7927611 width=4) (actual time=1906.057..6657.139 rows=3370829 loops=1)
        Filter: ((person_id < 1194276) AND (role_id > 1))
        Rows Removed by Filter: 32873515
  ->  Hash  (cost=61283.27..61283.27 rows=2528527 width=4) (actual time=1256.121..1256.121 rows=2528312 loops=1)
        Buckets: 131072  Batches: 64  Memory Usage: 2415kB
        ->  Seq Scan on title t  (cost=0.00..61283.27 rows=2528527 width=4) (actual time=0.027..591.342 rows=2528312 loops=1)
Planning time: 0.758 ms
Execution time: 10169.570 ms
