Seq Scan on cast_info ci  (cost=0.00..705507.15 rows=20973675 width=0) (actual time=11.026..7378.181 rows=21116543 loops=1)
  Filter: (person_id > 1492343)
  Rows Removed by Filter: 15127801
Planning time: 0.234 ms
Execution time: 9335.374 ms
