Hash Join  (cost=52284.99..416946.98 rows=606 width=0) (actual time=515.348..4920.533 rows=3489 loops=1)
  Hash Cond: (mi.movie_id = t.id)
  ->  Seq Scan on movie_info mi  (cost=0.00..309384.22 rows=14739122 width=4) (actual time=0.010..2182.452 rows=14835720 loops=1)
  ->  Hash  (cost=52283.69..52283.69 rows=104 width=8) (actual time=511.198..511.198 rows=479 loops=1)
        Buckets: 1024  Batches: 1  Memory Usage: 27kB
        ->  Nested Loop  (cost=0.43..52283.69 rows=104 width=8) (actual time=126.394..510.984 rows=479 loops=1)
              ->  Seq Scan on movie_companies mc  (cost=0.00..51404.11 rows=104 width=4) (actual time=126.297..504.446 rows=479 loops=1)
                    Filter: (company_id = 72220)
                    Rows Removed by Filter: 2608650
              ->  Index Only Scan using title_pkey on title t  (cost=0.43..8.45 rows=1 width=4) (actual time=0.013..0.013 rows=1 loops=479)
                    Index Cond: (id = mc.movie_id)
                    Heap Fetches: 479
Planning time: 1.151 ms
Execution time: 4921.153 ms
