Seq Scan on movie_companies mc  (cost=0.00..57926.93 rows=804320 width=0) (actual time=0.033..574.076 rows=1104264 loops=1)
  Filter: ((company_id < 17381) AND (company_type_id < 2))
  Rows Removed by Filter: 1504865
Planning time: 0.345 ms
Execution time: 646.527 ms
