Hash Join  (cost=87180.69..150383.52 rows=206820 width=0) (actual time=865.547..1575.602 rows=154274 loops=1)
  Hash Cond: (mc.movie_id = t.id)
  ->  Seq Scan on movie_companies mc  (cost=0.00..51404.11 rows=438273 width=4) (actual time=0.009..420.801 rows=439315 loops=1)
        Filter: (company_id < 329)
        Rows Removed by Filter: 2169814
  ->  Hash  (cost=67604.59..67604.59 rows=1193208 width=4) (actual time=864.861..864.861 rows=1192518 loops=1)
        Buckets: 131072  Batches: 16  Memory Usage: 3646kB
        ->  Seq Scan on title t  (cost=0.00..67604.59 rows=1193208 width=4) (actual time=0.017..610.156 rows=1192518 loops=1)
              Filter: (production_year > 2003)
              Rows Removed by Filter: 1335794
Planning time: 0.490 ms
Execution time: 1587.100 ms
