Seq Scan on cast_info ci  (cost=0.00..796071.18 rows=1845688 width=0) (actual time=7929.323..8532.768 rows=1905404 loops=1)
  Filter: ((person_id > 1148058) AND (role_id = 4))
  Rows Removed by Filter: 34338940
Planning time: 0.323 ms
Execution time: 8676.459 ms
