Hash Join  (cost=102767.86..197261.80 rows=1109108 width=0) (actual time=803.770..2060.996 rows=1274246 loops=1)
  Hash Cond: (mc.movie_id = t.id)
  ->  Seq Scan on movie_companies mc  (cost=0.00..57926.93 rows=1109108 width=4) (actual time=0.016..491.991 rows=1274246 loops=1)
        Filter: ((company_id < 88059) AND (company_type_id < 2))
        Rows Removed by Filter: 1334883
  ->  Hash  (cost=61283.27..61283.27 rows=2528527 width=4) (actual time=802.309..802.309 rows=2528312 loops=1)
        Buckets: 131072  Batches: 64  Memory Usage: 2415kB
        ->  Seq Scan on title t  (cost=0.00..61283.27 rows=2528527 width=4) (actual time=0.014..403.140 rows=2528312 loops=1)
Planning time: 0.481 ms
Execution time: 2150.464 ms
