Seq Scan on title t  (cost=0.00..73925.90 rows=1289794 width=0) (actual time=0.018..566.463 rows=1413747 loops=1)
  Filter: ((kind_id > 1) AND (production_year > 1990))
  Rows Removed by Filter: 1114565
Planning time: 0.236 ms
Execution time: 670.796 ms
