Hash Join  (cost=82581.58..446684.31 rows=241653 width=0) (actual time=565.826..3303.309 rows=679009 loops=1)
  Hash Cond: (mi.movie_id = t.id)
  ->  Seq Scan on movie_info mi  (cost=0.00..346232.03 rows=1158179 width=4) (actual time=0.016..2284.966 rows=1204709 loops=1)
        Filter: (info_type_id > 18)
        Rows Removed by Filter: 13631011
  ->  Hash  (cost=73925.90..73925.90 rows=527574 width=4) (actual time=565.125..565.125 rows=609532 loops=1)
        Buckets: 131072  Batches: 8  Memory Usage: 3724kB
        ->  Seq Scan on title t  (cost=0.00..73925.90 rows=527574 width=4) (actual time=0.018..461.900 rows=609532 loops=1)
              Filter: ((kind_id < 7) AND (production_year < 2005))
              Rows Removed by Filter: 1918780
Planning time: 0.515 ms
Execution time: 3348.179 ms
