Hash Join  (cost=74019.21..782143.68 rows=2044 width=0) (actual time=2059.443..6468.811 rows=415 loops=1)
  Hash Cond: (ci.movie_id = t.id)
  ->  Seq Scan on cast_info ci  (cost=0.00..705507.15 rows=692503 width=4) (actual time=1517.542..5810.565 rows=720682 loops=1)
        Filter: (person_id > 3923507)
        Rows Removed by Filter: 35523662
  ->  Hash  (cost=73925.90..73925.90 rows=7464 width=4) (actual time=537.450..537.450 rows=5186 loops=1)
        Buckets: 8192  Batches: 1  Memory Usage: 247kB
        ->  Seq Scan on title t  (cost=0.00..73925.90 rows=7464 width=4) (actual time=271.216..535.361 rows=5186 loops=1)
              Filter: ((kind_id = 4) AND (production_year = 2012))
              Rows Removed by Filter: 2523126
Planning time: 0.778 ms
Execution time: 6469.006 ms
