Seq Scan on cast_info ci  (cost=0.00..796071.18 rows=55 width=0) (actual time=840.262..5897.525 rows=163 loops=1)
  Filter: ((person_id = 868626) AND (role_id = 3))
  Rows Removed by Filter: 36244181
Planning time: 0.401 ms
Execution time: 5897.621 ms
