Hash Join  (cost=618926.76..2198711.24 rows=44332930 width=0) (actual time=8178.889..46662.461 rows=140321943 loops=1)
  Hash Cond: (ci.movie_id = t.id)
  ->  Seq Scan on cast_info ci  (cost=0.00..614943.12 rows=36225612 width=4) (actual time=0.023..6180.968 rows=36244344 loops=1)
  ->  Hash  (cost=568158.60..568158.60 rows=3094413 width=8) (actual time=8176.382..8176.382 rows=5932235 loops=1)
        Buckets: 131072 (originally 131072)  Batches: 128 (originally 64)  Memory Usage: 3073kB
        ->  Hash Join  (cost=89014.40..568158.60 rows=3094413 width=8) (actual time=696.977..7172.741 rows=5932235 loops=1)
              Hash Cond: (mi.movie_id = t.id)
              ->  Seq Scan on movie_info mi  (cost=0.00..346232.03 rows=8508011 width=4) (actual time=0.027..2784.962 rows=8612226 loops=1)
                    Filter: (info_type_id < 9)
                    Rows Removed by Filter: 6223494
              ->  Hash  (cost=73925.90..73925.90 rows=919640 width=4) (actual time=696.158..696.158 rows=870954 loops=1)
                    Buckets: 131072  Batches: 16  Memory Usage: 2949kB
                    ->  Seq Scan on title t  (cost=0.00..73925.90 rows=919640 width=4) (actual time=0.018..539.904 rows=870954 loops=1)
                          Filter: ((kind_id < 7) AND (production_year > 1926))
                          Rows Removed by Filter: 1657358
Planning time: 1.134 ms
Execution time: 55316.889 ms
