Hash Join  (cost=83074.74..833899.15 rows=3524 width=0) (actual time=543.036..8174.776 rows=8123 loops=1)
  Hash Cond: (ci.movie_id = t.id)
  ->  Seq Scan on cast_info ci  (cost=0.00..614943.12 rows=36225612 width=4) (actual time=0.024..3658.331 rows=36244344 loops=1)
  ->  Hash  (cost=83071.67..83071.67 rows=246 width=8) (actual time=542.253..542.253 rows=132 loops=1)
        Buckets: 1024  Batches: 1  Memory Usage: 14kB
        ->  Nested Loop  (cost=0.43..83071.67 rows=246 width=8) (actual time=33.663..542.152 rows=132 loops=1)
              ->  Seq Scan on movie_keyword mk  (cost=0.00..81003.12 rows=246 width=4) (actual time=33.558..539.322 rows=132 loops=1)
                    Filter: (keyword_id = 14162)
                    Rows Removed by Filter: 4523798
              ->  Index Only Scan using title_pkey on title t  (cost=0.43..8.40 rows=1 width=4) (actual time=0.020..0.020 rows=1 loops=132)
                    Index Cond: (id = mk.movie_id)
                    Heap Fetches: 132
Planning time: 1.121 ms
Execution time: 8176.646 ms
