Seq Scan on cast_info ci  (cost=0.00..705507.15 rows=17677098 width=0) (actual time=0.017..5070.066 rows=17796473 loops=1)
  Filter: (person_id > 1834885)
  Rows Removed by Filter: 18447871
Planning time: 0.218 ms
Execution time: 6259.006 ms
