Seq Scan on cast_info ci  (cost=0.00..796071.18 rows=993835 width=0) (actual time=870.624..4624.048 rows=1045481 loops=1)
  Filter: ((person_id < 118585) AND (role_id < 8))
  Rows Removed by Filter: 35198863
Planning time: 0.258 ms
Execution time: 4686.480 ms
