Seq Scan on movie_companies mc  (cost=0.00..51404.11 rows=653025 width=0) (actual time=0.013..331.163 rows=643278 loops=1)
  Filter: (company_id < 859)
  Rows Removed by Filter: 1965851
Planning time: 0.231 ms
Execution time: 372.225 ms
