Seq Scan on cast_info ci  (cost=0.00..796071.18 rows=118 width=0) (actual time=5001.875..5218.429 rows=3 loops=1)
  Filter: ((role_id > 5) AND (person_id = 1176854))
  Rows Removed by Filter: 36244341
Planning time: 0.272 ms
Execution time: 5218.502 ms
