Nested Loop  (cost=0.43..83071.67 rows=246 width=0) (actual time=2.582..554.223 rows=187 loops=1)
  ->  Seq Scan on movie_keyword mk  (cost=0.00..81003.12 rows=246 width=4) (actual time=2.544..550.300 rows=187 loops=1)
        Filter: (keyword_id = 7737)
        Rows Removed by Filter: 4523743
  ->  Index Only Scan using title_pkey on title t  (cost=0.43..8.40 rows=1 width=4) (actual time=0.020..0.020 rows=1 loops=187)
        Index Cond: (id = mk.movie_id)
        Heap Fetches: 187
Planning time: 0.499 ms
Execution time: 554.346 ms
