Seq Scan on title t  (cost=0.00..73925.90 rows=646081 width=0) (actual time=13.892..455.968 rows=645078 loops=1)
  Filter: ((production_year > 1902) AND (kind_id = 1))
  Rows Removed by Filter: 1883234
Planning time: 0.241 ms
Execution time: 494.938 ms
