Hash Join  (cost=709674.47..796332.62 rows=11 width=0) (actual time=4429.109..5209.769 rows=10 loops=1)
  Hash Cond: (mk.movie_id = t.id)
  ->  Seq Scan on movie_keyword mk  (cost=0.00..69693.30 rows=4523930 width=4) (actual time=0.044..395.202 rows=4523930 loops=1)
  ->  Hash  (cost=709674.40..709674.40 rows=6 width=8) (actual time=4413.087..4413.087 rows=2 loops=1)
        Buckets: 1024  Batches: 1  Memory Usage: 9kB
        ->  Nested Loop  (cost=0.43..709674.40 rows=6 width=8) (actual time=1634.930..4413.071 rows=2 loops=1)
              ->  Seq Scan on cast_info ci  (cost=0.00..705507.15 rows=500 width=4) (actual time=1634.504..4411.599 rows=92 loops=1)
                    Filter: (person_id = 273616)
                    Rows Removed by Filter: 36244252
              ->  Index Scan using title_pkey on title t  (cost=0.43..8.32 rows=1 width=4) (actual time=0.015..0.015 rows=0 loops=92)
                    Index Cond: (id = ci.movie_id)
                    Filter: ((kind_id > 1) AND (production_year = 1997))
                    Rows Removed by Filter: 1
Planning time: 0.713 ms
Execution time: 5209.862 ms
