Hash Join  (cost=83074.74..447745.01 rows=1434 width=0) (actual time=610.022..3588.941 rows=504 loops=1)
  Hash Cond: (mi.movie_id = t.id)
  ->  Seq Scan on movie_info mi  (cost=0.00..309384.22 rows=14739122 width=4) (actual time=0.020..1582.433 rows=14835720 loops=1)
  ->  Hash  (cost=83071.67..83071.67 rows=246 width=8) (actual time=575.298..575.298 rows=7 loops=1)
        Buckets: 1024  Batches: 1  Memory Usage: 9kB
        ->  Nested Loop  (cost=0.43..83071.67 rows=246 width=8) (actual time=11.329..575.282 rows=7 loops=1)
              ->  Seq Scan on movie_keyword mk  (cost=0.00..81003.12 rows=246 width=4) (actual time=11.266..574.920 rows=7 loops=1)
                    Filter: (keyword_id = 74431)
                    Rows Removed by Filter: 4523923
              ->  Index Only Scan using title_pkey on title t  (cost=0.43..8.40 rows=1 width=4) (actual time=0.042..0.043 rows=1 loops=7)
                    Index Cond: (id = mk.movie_id)
                    Heap Fetches: 7
Planning time: 1.110 ms
Execution time: 3589.144 ms
