Hash Join  (cost=283635.21..711800.01 rows=846003 width=219) (actual time=5996.630..14989.893 rows=1639327 loops=1)
  Hash Cond: (mi.movie_id = t.id)
  ->  Seq Scan on movie_info mi  (cost=0.00..346232.03 rows=1550064 width=75) (actual time=0.016..7079.888 rows=1533909 loops=1)
        Filter: (info_type_id = 3)
        Rows Removed by Filter: 13301811
  ->  Hash  (cost=238082.78..238082.78 rows=1380035 width=144) (actual time=5995.550..5995.550 rows=1380035 loops=1)
        Buckets: 32768  Batches: 64  Memory Usage: 3138kB
        ->  Hash Join  (cost=129928.86..238082.78 rows=1380035 width=144) (actual time=2654.714..5182.263 rows=1380035 loops=1)
              Hash Cond: (mi_idx.movie_id = t.id)
              ->  Seq Scan on movie_info_idx mi_idx  (cost=0.00..21735.35 rows=1380035 width=50) (actual time=0.020..539.454 rows=1380035 loops=1)
              ->  Hash  (cost=61283.27..61283.27 rows=2528527 width=94) (actual time=2652.450..2652.450 rows=2528312 loops=1)
                    Buckets: 32768  Batches: 128  Memory Usage: 2453kB
                    ->  Seq Scan on title t  (cost=0.00..61283.27 rows=2528527 width=94) (actual time=0.014..1424.288 rows=2528312 loops=1)
Planning time: 1.464 ms
Execution time: 15078.992 ms
