Seq Scan on movie_keyword mk  (cost=0.00..81003.12 rows=246 width=12) (actual time=72.054..1485.682 rows=37 loops=1)
  Filter: (keyword_id = 18763)
  Rows Removed by Filter: 4523893
Planning time: 0.376 ms
Execution time: 1485.724 ms
