Hash Join  (cost=128753.29..925287.95 rows=227 width=0) (actual time=5567.077..12170.621 rows=2040 loops=1)
  Hash Cond: (ci.movie_id = t.id)
  ->  Seq Scan on cast_info ci  (cost=0.00..796071.18 rows=122991 width=4) (actual time=3485.949..10024.226 rows=390693 loops=1)
        Filter: ((person_id > 3988920) AND (role_id > 3))
        Rows Removed by Filter: 35853651
  ->  Hash  (cost=128694.84..128694.84 rows=4676 width=8) (actual time=2068.583..2068.583 rows=7137 loops=1)
        Buckets: 8192  Batches: 1  Memory Usage: 343kB
        ->  Hash Join  (cost=73982.55..128694.84 rows=4676 width=8) (actual time=931.539..2065.893 rows=7137 loops=1)
              Hash Cond: (mc.movie_id = t.id)
              ->  Seq Scan on movie_companies mc  (cost=0.00..44881.29 rows=2609129 width=4) (actual time=0.017..572.566 rows=2609129 loops=1)
              ->  Hash  (cost=73925.90..73925.90 rows=4532 width=4) (actual time=929.940..929.940 rows=10614 loops=1)
                    Buckets: 16384 (originally 8192)  Batches: 1 (originally 1)  Memory Usage: 502kB
                    ->  Seq Scan on title t  (cost=0.00..73925.90 rows=4532 width=4) (actual time=91.589..924.875 rows=10614 loops=1)
                          Filter: ((kind_id = 7) AND (production_year = 1985))
                          Rows Removed by Filter: 2517698
Planning time: 0.999 ms
Execution time: 12171.232 ms
