Hash Join  (cost=283822.22..1337619.77 rows=10147862 width=0) (actual time=11922.236..39414.902 rows=45975649 loops=1)
  Hash Cond: (ci.movie_id = t.id)
  ->  Seq Scan on cast_info ci  (cost=0.00..796071.18 rows=11515549 width=4) (actual time=4796.648..14407.911 rows=15419080 loops=1)
        Filter: ((person_id < 2086009) AND (role_id < 3))
        Rows Removed by Filter: 20825264
  ->  Hash  (cost=247265.51..247265.51 rows=2228217 width=8) (actual time=7124.822..7124.822 rows=2226454 loops=1)
        Buckets: 131072  Batches: 32  Memory Usage: 3725kB
        ->  Hash Join  (cost=102767.86..247265.51 rows=2228217 width=8) (actual time=2042.097..5756.350 rows=2226454 loops=1)
              Hash Cond: (mk.movie_id = t.id)
              ->  Seq Scan on movie_keyword mk  (cost=0.00..81003.12 rows=2228217 width=4) (actual time=0.023..1558.809 rows=2226454 loops=1)
                    Filter: (keyword_id > 4923)
                    Rows Removed by Filter: 2297476
              ->  Hash  (cost=61283.27..61283.27 rows=2528527 width=4) (actual time=2039.774..2039.774 rows=2528312 loops=1)
                    Buckets: 131072  Batches: 64  Memory Usage: 2425kB
                    ->  Seq Scan on title t  (cost=0.00..61283.27 rows=2528527 width=4) (actual time=0.005..974.745 rows=2528312 loops=1)
Planning time: 1.199 ms
Execution time: 44086.170 ms
