Hash Join  (cost=229924.10..1293950.23 rows=8330166 width=0) (actual time=4516.123..36071.453 rows=23614179 loops=1)
  Hash Cond: (ci.movie_id = t.id)
  ->  Seq Scan on cast_info ci  (cost=0.00..705507.15 rows=23499554 width=4) (actual time=0.016..15111.193 rows=23573656 loops=1)
        Filter: (role_id > 1)
        Rows Removed by Filter: 12670688
  ->  Hash  (cost=215218.13..215218.13 rows=896317 width=8) (actual time=4514.714..4514.714 rows=902369 loops=1)
        Buckets: 131072  Batches: 16  Memory Usage: 3255kB
        ->  Hash Join  (cost=102767.86..215218.13 rows=896317 width=8) (actual time=1756.227..4227.212 rows=902369 loops=1)
              Hash Cond: (mk.movie_id = t.id)
              ->  Seq Scan on movie_keyword mk  (cost=0.00..81003.12 rows=896317 width=4) (actual time=0.021..1254.015 rows=902369 loops=1)
                    Filter: (keyword_id < 856)
                    Rows Removed by Filter: 3621561
              ->  Hash  (cost=61283.27..61283.27 rows=2528527 width=4) (actual time=1754.755..1754.755 rows=2528312 loops=1)
                    Buckets: 131072  Batches: 64  Memory Usage: 2425kB
                    ->  Seq Scan on title t  (cost=0.00..61283.27 rows=2528527 width=4) (actual time=0.028..886.703 rows=2528312 loops=1)
Planning time: 1.187 ms
Execution time: 38522.281 ms
