Seq Scan on movie_keyword mk  (cost=0.00..81003.12 rows=459477 width=0) (actual time=0.031..1099.778 rows=456094 loops=1)
  Filter: (keyword_id > 38874)
  Rows Removed by Filter: 4067836
Planning time: 0.371 ms
Execution time: 1152.466 ms
