Hash Join  (cost=81720.25..145141.96 rows=196786 width=0) (actual time=1412.447..2636.306 rows=242225 loops=1)
  Hash Cond: (mc.movie_id = t.id)
  ->  Seq Scan on movie_companies mc  (cost=0.00..51404.11 rows=578329 width=4) (actual time=0.019..789.085 rows=574727 loops=1)
        Filter: (company_id < 624)
        Rows Removed by Filter: 2034402
  ->  Hash  (cost=67604.59..67604.59 rows=860373 width=4) (actual time=1411.753..1411.753 rows=854214 loops=1)
        Buckets: 131072  Batches: 16  Memory Usage: 2897kB
        ->  Seq Scan on title t  (cost=0.00..67604.59 rows=860373 width=4) (actual time=0.017..1132.760 rows=854214 loops=1)
              Filter: (kind_id < 4)
              Rows Removed by Filter: 1674098
Planning time: 0.823 ms
Execution time: 2660.638 ms
