Seq Scan on cast_info ci  (cost=0.00..796071.18 rows=1157137 width=0) (actual time=0.021..10670.181 rows=673347 loops=1)
  Filter: ((person_id < 319227) AND (role_id > 3))
  Rows Removed by Filter: 35570997
Planning time: 0.341 ms
Execution time: 10760.663 ms
