Seq Scan on cast_info ci  (cost=0.00..705507.15 rows=500 width=0) (actual time=1285.933..10004.947 rows=50 loops=1)
  Filter: (person_id = 290571)
  Rows Removed by Filter: 36244294
Planning time: 0.407 ms
Execution time: 10005.052 ms
