Seq Scan on movie_keyword mk  (cost=0.00..81003.12 rows=254961 width=0) (actual time=0.018..1313.793 rows=272446 loops=1)
  Filter: (keyword_id < 231)
  Rows Removed by Filter: 4251484
Planning time: 0.319 ms
Execution time: 1353.031 ms
