Hash Join  (cost=74314.82..101395.11 rows=16981 width=0) (actual time=942.197..1540.552 rows=14961 loops=1)
  Hash Cond: (mi_idx.movie_id = t.id)
  ->  Seq Scan on movie_info_idx mi_idx  (cost=0.00..21735.35 rows=1380035 width=4) (actual time=0.027..265.017 rows=1380035 loops=1)
  ->  Hash  (cost=73925.90..73925.90 rows=31113 width=4) (actual time=941.602..941.602 rows=77864 loops=1)
        Buckets: 131072 (originally 32768)  Batches: 1 (originally 1)  Memory Usage: 3762kB
        ->  Seq Scan on title t  (cost=0.00..73925.90 rows=31113 width=4) (actual time=0.027..913.751 rows=77864 loops=1)
              Filter: ((kind_id < 7) AND (production_year < 1918))
              Rows Removed by Filter: 2450448
Planning time: 2.141 ms
Execution time: 1542.960 ms
