Seq Scan on movie_keyword mk  (cost=0.00..81003.12 rows=3171998 width=0) (actual time=0.025..909.809 rows=3160255 loops=1)
  Filter: (keyword_id < 12297)
  Rows Removed by Filter: 1363675
Planning time: 0.361 ms
Execution time: 1178.140 ms
