Seq Scan on cast_info ci  (cost=0.00..796071.18 rows=13046220 width=0) (actual time=9.322..14618.908 rows=7308562 loops=1)
  Filter: ((person_id < 2006720) AND (role_id > 1))
  Rows Removed by Filter: 28935782
Planning time: 0.358 ms
Execution time: 15527.792 ms
