Seq Scan on title t  (cost=0.00..73925.90 rows=27877 width=0) (actual time=0.144..1122.791 rows=28258 loops=1)
  Filter: ((production_year < 1994) AND (kind_id = 2))
  Rows Removed by Filter: 2500054
Planning time: 0.435 ms
Execution time: 1128.351 ms
