Hash Join  (cost=128671.08..879789.90 rows=32966 width=0) (actual time=1974.781..16951.226 rows=193592 loops=1)
  Hash Cond: (ci.movie_id = t.id)
  ->  Seq Scan on cast_info ci  (cost=0.00..614943.12 rows=36225612 width=4) (actual time=0.019..7311.575 rows=36244344 loops=1)
  ->  Hash  (cost=128642.31..128642.31 rows=2301 width=8) (actual time=1974.685..1974.685 rows=7478 loops=1)
        Buckets: 8192 (originally 4096)  Batches: 1 (originally 1)  Memory Usage: 357kB
        ->  Hash Join  (cost=73953.78..128642.31 rows=2301 width=8) (actual time=927.388..1971.330 rows=7478 loops=1)
              Hash Cond: (mc.movie_id = t.id)
              ->  Seq Scan on movie_companies mc  (cost=0.00..44881.29 rows=2609129 width=4) (actual time=0.019..529.554 rows=2609129 loops=1)
              ->  Hash  (cost=73925.90..73925.90 rows=2230 width=4) (actual time=927.296..927.296 rows=3793 loops=1)
                    Buckets: 4096  Batches: 1  Memory Usage: 166kB
                    ->  Seq Scan on title t  (cost=0.00..73925.90 rows=2230 width=4) (actual time=1.175..925.254 rows=3793 loops=1)
                          Filter: ((kind_id < 3) AND (production_year = 1963))
                          Rows Removed by Filter: 2524519
Planning time: 1.197 ms
Execution time: 16979.555 ms
