Hash Join  (cost=98137.04..229241.60 rows=1562716 width=0) (actual time=1721.576..4678.181 rows=771104 loops=1)
  Hash Cond: (mk.movie_id = t.id)
  ->  Seq Scan on movie_keyword mk  (cost=0.00..81003.12 rows=2123255 width=4) (actual time=0.019..1417.393 rows=2120245 loops=1)
        Filter: (keyword_id > 5599)
        Rows Removed by Filter: 2403685
  ->  Hash  (cost=67604.59..67604.59 rows=1860996 width=4) (actual time=1720.527..1720.527 rows=1865487 loops=1)
        Buckets: 131072  Batches: 32  Memory Usage: 3085kB
        ->  Seq Scan on title t  (cost=0.00..67604.59 rows=1860996 width=4) (actual time=0.016..1119.434 rows=1865487 loops=1)
              Filter: (kind_id > 1)
              Rows Removed by Filter: 662825
Planning time: 0.761 ms
Execution time: 4777.309 ms
