Hash Join  (cost=83073.09..111690.38 rows=23 width=0) (actual time=1173.024..1786.795 rows=40 loops=1)
  Hash Cond: (mi_idx.movie_id = t.id)
  ->  Seq Scan on movie_info_idx mi_idx  (cost=0.00..25185.44 rows=915101 width=4) (actual time=0.013..513.364 rows=919850 loops=1)
        Filter: (info_type_id < 101)
        Rows Removed by Filter: 460185
  ->  Hash  (cost=83072.29..83072.29 rows=64 width=8) (actual time=1144.874..1144.874 rows=107 loops=1)
        Buckets: 1024  Batches: 1  Memory Usage: 13kB
        ->  Nested Loop  (cost=0.43..83072.29 rows=64 width=8) (actual time=6.110..1144.707 rows=107 loops=1)
              ->  Seq Scan on movie_keyword mk  (cost=0.00..81003.12 rows=246 width=4) (actual time=6.055..1134.139 rows=225 loops=1)
                    Filter: (keyword_id = 14017)
                    Rows Removed by Filter: 4523705
              ->  Index Scan using title_pkey on title t  (cost=0.43..8.40 rows=1 width=4) (actual time=0.044..0.044 rows=0 loops=225)
                    Index Cond: (id = mk.movie_id)
                    Filter: (production_year > 2008)
                    Rows Removed by Filter: 1
Planning time: 1.190 ms
Execution time: 1786.955 ms
