Seq Scan on movie_companies mc  (cost=0.00..51404.11 rows=1191739 width=0) (actual time=0.023..893.109 rows=1201905 loops=1)
  Filter: (company_id > 12308)
  Rows Removed by Filter: 1407224
Planning time: 0.319 ms
Execution time: 1042.537 ms
