Hash Join  (cost=78473.92..1137627.55 rows=4812404 width=0) (actual time=4411.481..27245.113 rows=4912394 loops=1)
  Hash Cond: (ci.movie_id = t.id)
  ->  Seq Scan on cast_info ci  (cost=0.00..796071.18 rows=18367041 width=4) (actual time=3185.902..15956.494 rows=17406310 loops=1)
        Filter: ((person_id > 825318) AND (role_id < 4))
        Rows Removed by Filter: 18838034
  ->  Hash  (cost=67604.59..67604.59 rows=662507 width=4) (actual time=1224.177..1224.177 rows=662065 loops=1)
        Buckets: 131072  Batches: 16  Memory Usage: 2481kB
        ->  Seq Scan on title t  (cost=0.00..67604.59 rows=662507 width=4) (actual time=0.032..1001.556 rows=662065 loops=1)
              Filter: (production_year > 2008)
              Rows Removed by Filter: 1866247
Planning time: 0.871 ms
Execution time: 27868.309 ms
