Hash Join  (cost=74483.34..874311.30 rows=423677 width=0) (actual time=3353.649..19948.449 rows=490880 loops=1)
  Hash Cond: (ci.movie_id = t.id)
  ->  Seq Scan on cast_info ci  (cost=0.00..705507.15 rows=24022411 width=4) (actual time=2471.654..12934.903 rows=24130698 loops=1)
        Filter: (role_id < 4)
        Rows Removed by Filter: 12113646
  ->  Hash  (cost=73925.90..73925.90 rows=44595 width=4) (actual time=881.397..881.397 rows=50569 loops=1)
        Buckets: 65536  Batches: 1  Memory Usage: 2290kB
        ->  Seq Scan on title t  (cost=0.00..73925.90 rows=44595 width=4) (actual time=0.095..862.722 rows=50569 loops=1)
              Filter: ((kind_id > 3) AND (production_year = 2003))
              Rows Removed by Filter: 2477743
Planning time: 0.789 ms
Execution time: 20015.306 ms
