Hash Join  (cost=168473.06..1008660.98 rows=491080 width=0) (actual time=13615.929..16997.942 rows=153191 loops=1)
  Hash Cond: (ci.movie_id = t.id)
  ->  Seq Scan on cast_info ci  (cost=0.00..796071.18 rows=3262119 width=4) (actual time=10226.320..12293.147 rows=1208491 loops=1)
        Filter: ((person_id < 2804720) AND (role_id = 10))
        Rows Removed by Filter: 35035853
  ->  Hash  (cost=162228.00..162228.00 rows=380645 width=8) (actual time=3387.685..3387.685 rows=298824 loops=1)
        Buckets: 131072  Batches: 8  Memory Usage: 2493kB
        ->  Hash Join  (cost=81711.83..162228.00 rows=380645 width=8) (actual time=1334.297..3302.353 rows=298824 loops=1)
              Hash Cond: (mc.movie_id = t.id)
              ->  Seq Scan on movie_companies mc  (cost=0.00..51404.11 rows=2028161 width=4) (actual time=0.025..982.382 rows=2022907 loops=1)
                    Filter: (company_id < 70913)
                    Rows Removed by Filter: 586222
              ->  Hash  (cost=73925.90..73925.90 rows=474554 width=4) (actual time=1333.014..1333.014 rows=337207 loops=1)
                    Buckets: 131072  Batches: 8  Memory Usage: 2496kB
                    ->  Seq Scan on title t  (cost=0.00..73925.90 rows=474554 width=4) (actual time=0.018..1219.025 rows=337207 loops=1)
                          Filter: ((kind_id > 1) AND (production_year < 1988))
                          Rows Removed by Filter: 2191105
Planning time: 1.237 ms
Execution time: 17018.003 ms
