Seq Scan on movie_companies mc  (cost=0.00..51404.11 rows=104 width=0) (actual time=0.243..780.376 rows=162 loops=1)
  Filter: (company_id = 14512)
  Rows Removed by Filter: 2608967
Planning time: 0.285 ms
Execution time: 780.495 ms
