Hash Join  (cost=208406.89..708911.07 rows=1939824 width=0) (actual time=3832.456..15139.071 rows=797866 loops=1)
  Hash Cond: (mi.movie_id = t.id)
  ->  Seq Scan on movie_info mi  (cost=0.00..309384.22 rows=14739122 width=4) (actual time=0.005..4987.666 rows=14835720 loops=1)
  ->  Hash  (cost=202947.13..202947.13 rows=332781 width=8) (actual time=3831.685..3831.685 rows=61083 loops=1)
        Buckets: 131072  Batches: 8  Memory Usage: 1306kB
        ->  Hash Join  (cost=77945.24..202947.13 rows=332781 width=8) (actual time=2166.915..3811.968 rows=61083 loops=1)
              Hash Cond: (mk.movie_id = t.id)
              ->  Seq Scan on movie_keyword mk  (cost=0.00..81003.12 rows=3434653 width=4) (actual time=0.013..1602.296 rows=3429799 loops=1)
                    Filter: (keyword_id > 1116)
                    Rows Removed by Filter: 1094131
              ->  Hash  (cost=73925.90..73925.90 rows=244987 width=4) (actual time=941.767..941.767 rows=137824 loops=1)
                    Buckets: 131072  Batches: 4  Memory Usage: 2239kB
                    ->  Seq Scan on title t  (cost=0.00..73925.90 rows=244987 width=4) (actual time=128.545..892.472 rows=137824 loops=1)
                          Filter: ((production_year < 1972) AND (kind_id = 7))
                          Rows Removed by Filter: 2390488
Planning time: 1.112 ms
Execution time: 15239.479 ms
