Nested Loop  (cost=0.43..83072.29 rows=96 width=0) (actual time=22.345..1104.183 rows=24 loops=1)
  ->  Seq Scan on movie_keyword mk  (cost=0.00..81003.12 rows=246 width=4) (actual time=22.276..1102.994 rows=24 loops=1)
        Filter: (keyword_id = 40286)
        Rows Removed by Filter: 4523906
  ->  Index Scan using title_pkey on title t  (cost=0.43..8.40 rows=1 width=4) (actual time=0.043..0.044 rows=1 loops=24)
        Index Cond: (id = mk.movie_id)
        Filter: (kind_id < 7)
Planning time: 4.382 ms
Execution time: 1104.306 ms
