Nested Loop  (cost=0.43..797556.14 rows=155 width=0) (actual time=4641.581..9962.629 rows=1270 loops=1)
  ->  Seq Scan on cast_info ci  (cost=0.00..796071.18 rows=176 width=4) (actual time=4641.429..9950.625 rows=1277 loops=1)
        Filter: ((person_id = 216406) AND (role_id = 1))
        Rows Removed by Filter: 36243067
  ->  Index Scan using title_pkey on title t  (cost=0.43..8.43 rows=1 width=4) (actual time=0.009..0.009 rows=1 loops=1277)
        Index Cond: (id = ci.movie_id)
        Filter: (production_year < 2012)
        Rows Removed by Filter: 0
Planning time: 0.799 ms
Execution time: 9962.980 ms
