Seq Scan on movie_companies mc  (cost=0.00..51404.11 rows=1194096 width=0) (actual time=135.520..821.395 rows=1204906 loops=1)
  Filter: (company_id > 12272)
  Rows Removed by Filter: 1404223
Planning time: 0.319 ms
Execution time: 976.038 ms
