Hash Join  (cost=190230.21..347937.93 rows=2286764 width=0) (actual time=4411.506..10717.801 rows=9650846 loops=1)
  Hash Cond: (mk.movie_id = t.id)
  ->  Seq Scan on movie_keyword mk  (cost=0.00..81003.12 rows=4189854 width=4) (actual time=0.023..1692.970 rows=4191294 loops=1)
        Filter: (keyword_id < 49668)
        Rows Removed by Filter: 332636
  ->  Hash  (cost=167588.78..167588.78 rows=1380035 width=8) (actual time=4410.531..4410.531 rows=1380035 loops=1)
        Buckets: 131072  Batches: 32  Memory Usage: 2726kB
        ->  Hash Join  (cost=102767.86..167588.78 rows=1380035 width=8) (actual time=2028.084..3973.030 rows=1380035 loops=1)
              Hash Cond: (mi_idx.movie_id = t.id)
              ->  Seq Scan on movie_info_idx mi_idx  (cost=0.00..21735.35 rows=1380035 width=4) (actual time=0.020..398.184 rows=1380035 loops=1)
              ->  Hash  (cost=61283.27..61283.27 rows=2528527 width=4) (actual time=2026.496..2026.496 rows=2528312 loops=1)
                    Buckets: 131072  Batches: 64  Memory Usage: 2415kB
                    ->  Seq Scan on title t  (cost=0.00..61283.27 rows=2528527 width=4) (actual time=0.013..921.848 rows=2528312 loops=1)
Planning time: 4.561 ms
Execution time: 11840.314 ms
