Seq Scan on movie_keyword mk  (cost=0.00..81003.12 rows=2204068 width=0) (actual time=0.022..1340.491 rows=2202272 loops=1)
  Filter: (keyword_id > 5065)
  Rows Removed by Filter: 2321658
Planning time: 0.325 ms
Execution time: 1621.288 ms
