Seq Scan on cast_info ci  (cost=0.00..705507.15 rows=33480950 width=0) (actual time=0.012..12139.255 rows=33535429 loops=1)
  Filter: (person_id > 259511)
  Rows Removed by Filter: 2708915
Planning time: 0.304 ms
Execution time: 16273.646 ms
