Hash Join  (cost=102767.86..187165.33 rows=689510 width=0) (actual time=1734.771..3190.942 rows=437932 loops=1)
  Hash Cond: (mc.movie_id = t.id)
  ->  Seq Scan on movie_companies mc  (cost=0.00..57926.93 rows=689510 width=4) (actual time=0.028..786.977 rows=437932 loops=1)
        Filter: ((company_id < 11460) AND (company_type_id = 2))
        Rows Removed by Filter: 2171197
  ->  Hash  (cost=61283.27..61283.27 rows=2528527 width=4) (actual time=1733.051..1733.051 rows=2528312 loops=1)
        Buckets: 131072  Batches: 64  Memory Usage: 2415kB
        ->  Seq Scan on title t  (cost=0.00..61283.27 rows=2528527 width=4) (actual time=0.028..925.512 rows=2528312 loops=1)
Planning time: 3.485 ms
Execution time: 3239.552 ms
