Hash Join  (cost=73962.22..867862.68 rows=26998 width=0) (actual time=829.715..18480.964 rows=51349 loops=1)
  Hash Cond: (ci.movie_id = t.id)
  ->  Seq Scan on cast_info ci  (cost=0.00..705507.15 rows=23499554 width=4) (actual time=0.016..13501.732 rows=23573656 loops=1)
        Filter: (role_id > 1)
        Rows Removed by Filter: 12670688
  ->  Hash  (cost=73925.90..73925.90 rows=2905 width=4) (actual time=828.873..828.873 rows=6173 loops=1)
        Buckets: 8192 (originally 4096)  Batches: 1 (originally 1)  Memory Usage: 282kB
        ->  Seq Scan on title t  (cost=0.00..73925.90 rows=2905 width=4) (actual time=2.934..826.083 rows=6173 loops=1)
              Filter: ((kind_id < 7) AND (production_year = 1971))
              Rows Removed by Filter: 2522139
Planning time: 0.817 ms
Execution time: 18495.613 ms
