Seq Scan on movie_companies mc  (cost=0.00..57926.93 rows=583393 width=0) (actual time=317.983..975.077 rows=792095 loops=1)
  Filter: ((company_id < 10331) AND (company_type_id < 2))
  Rows Removed by Filter: 1817034
Planning time: 0.351 ms
Execution time: 1073.823 ms
