Seq Scan on movie_companies mc  (cost=0.00..57926.93 rows=1313079 width=0) (actual time=0.022..1242.282 rows=1303671 loops=1)
  Filter: ((company_id < 206698) AND (company_type_id > 1))
  Rows Removed by Filter: 1305458
Planning time: 0.366 ms
Execution time: 1409.906 ms
