Hash Join  (cost=103361.19..190717.97 rows=69874 width=0) (actual time=2392.538..4068.731 rows=520604 loops=1)
  Hash Cond: (mk.movie_id = t.id)
  ->  Seq Scan on movie_keyword mk  (cost=0.00..69693.30 rows=4523930 width=4) (actual time=0.013..754.276 rows=4523930 loops=1)
  ->  Hash  (cost=102873.02..102873.02 rows=39054 width=8) (actual time=2392.156..2392.156 rows=38053 loops=1)
        Buckets: 65536  Batches: 1  Memory Usage: 1999kB
        ->  Hash Join  (cost=71089.54..102873.02 rows=39054 width=8) (actual time=1676.130..2377.294 rows=38053 loops=1)
              Hash Cond: (mi_idx.movie_id = t.id)
              ->  Seq Scan on movie_info_idx mi_idx  (cost=0.00..25185.44 rows=464934 width=4) (actual time=0.020..413.060 rows=460185 loops=1)
                    Filter: (info_type_id > 100)
                    Rows Removed by Filter: 919850
              ->  Hash  (cost=67604.59..67604.59 rows=212396 width=4) (actual time=1675.281..1675.281 rows=211624 loops=1)
                    Buckets: 131072  Batches: 4  Memory Usage: 2883kB
                    ->  Seq Scan on title t  (cost=0.00..67604.59 rows=212396 width=4) (actual time=0.049..894.617 rows=211624 loops=1)
                          Filter: (production_year < 1957)
                          Rows Removed by Filter: 2316688
Planning time: 1.220 ms
Execution time: 4130.539 ms
