Hash Join  (cost=102767.86..195777.71 rows=1047441 width=0) (actual time=1787.440..4374.436 rows=1274246 loops=1)
  Hash Cond: (mc.movie_id = t.id)
  ->  Seq Scan on movie_companies mc  (cost=0.00..57926.93 rows=1047441 width=4) (actual time=0.011..1245.079 rows=1274246 loops=1)
        Filter: ((company_id < 75507) AND (company_type_id < 2))
        Rows Removed by Filter: 1334883
  ->  Hash  (cost=61283.27..61283.27 rows=2528527 width=4) (actual time=1786.352..1786.352 rows=2528312 loops=1)
        Buckets: 131072  Batches: 64  Memory Usage: 2415kB
        ->  Seq Scan on title t  (cost=0.00..61283.27 rows=2528527 width=4) (actual time=0.011..938.127 rows=2528312 loops=1)
Planning time: 0.812 ms
Execution time: 4524.649 ms
