Nested Loop  (cost=0.43..709673.15 rows=33 width=0) (actual time=371.027..10901.822 rows=80 loops=1)
  ->  Seq Scan on cast_info ci  (cost=0.00..705507.15 rows=500 width=4) (actual time=370.949..10900.724 rows=80 loops=1)
        Filter: (person_id = 2253089)
        Rows Removed by Filter: 36244264
  ->  Index Scan using title_pkey on title t  (cost=0.43..8.32 rows=1 width=4) (actual time=0.013..0.013 rows=1 loops=80)
        Index Cond: (id = ci.movie_id)
        Filter: (production_year = 2012)
Planning time: 0.565 ms
Execution time: 10901.935 ms
