Hash Join  (cost=102502.08..469296.54 rows=213855 width=0) (actual time=1805.693..8768.552 rows=296013 loops=1)
  Hash Cond: (mi.movie_id = t.id)
  ->  Seq Scan on movie_info mi  (cost=0.00..309384.22 rows=14739122 width=4) (actual time=0.020..3555.908 rows=14835720 loops=1)
  ->  Hash  (cost=102043.49..102043.49 rows=36687 width=8) (actual time=1805.156..1805.156 rows=30933 loops=1)
        Buckets: 65536  Batches: 1  Memory Usage: 1721kB
        ->  Hash Join  (cost=74766.14..102043.49 rows=36687 width=8) (actual time=1120.201..1794.283 rows=30933 loops=1)
              Hash Cond: (mi_idx.movie_id = t.id)
              ->  Seq Scan on movie_info_idx mi_idx  (cost=0.00..21735.35 rows=1380035 width=4) (actual time=0.026..320.039 rows=1380035 loops=1)
              ->  Hash  (cost=73925.90..73925.90 rows=67219 width=4) (actual time=1119.507..1119.507 rows=75923 loops=1)
                    Buckets: 131072  Batches: 1  Memory Usage: 3694kB
                    ->  Seq Scan on title t  (cost=0.00..73925.90 rows=67219 width=4) (actual time=0.030..1089.282 rows=75923 loops=1)
                          Filter: ((kind_id > 2) AND (production_year = 2005))
                          Rows Removed by Filter: 2452389
Planning time: 1.192 ms
Execution time: 8808.978 ms
