Hash Join  (cost=102392.25..199872.71 rows=57472 width=0) (actual time=1535.277..3651.954 rows=205715 loops=1)
  Hash Cond: (mk.movie_id = t.id)
  ->  Seq Scan on movie_keyword mk  (cost=0.00..81003.12 rows=4240695 width=4) (actual time=0.021..1419.481 rows=4241528 loops=1)
        Filter: (keyword_id < 56653)
        Rows Removed by Filter: 282402
  ->  Hash  (cost=101963.90..101963.90 rows=34268 width=8) (actual time=1534.010..1534.010 rows=37971 loops=1)
        Buckets: 65536  Batches: 1  Memory Usage: 1996kB
        ->  Hash Join  (cost=74710.74..101963.90 rows=34268 width=8) (actual time=928.023..1521.015 rows=37971 loops=1)
              Hash Cond: (mi_idx.movie_id = t.id)
              ->  Seq Scan on movie_info_idx mi_idx  (cost=0.00..21735.35 rows=1380035 width=4) (actual time=0.015..261.051 rows=1380035 loops=1)
              ->  Hash  (cost=73925.90..73925.90 rows=62787 width=4) (actual time=927.684..927.684 rows=53770 loops=1)
                    Buckets: 65536  Batches: 1  Memory Usage: 2403kB
                    ->  Seq Scan on title t  (cost=0.00..73925.90 rows=62787 width=4) (actual time=0.040..907.030 rows=53770 loops=1)
                          Filter: ((kind_id < 7) AND (production_year = 2011))
                          Rows Removed by Filter: 2474542
Planning time: 1.237 ms
Execution time: 3677.981 ms
