Hash Join  (cost=80355.62..456895.90 rows=340144 width=0) (actual time=1904.648..7269.963 rows=806398 loops=1)
  Hash Cond: (mi.movie_id = t.id)
  ->  Seq Scan on movie_info mi  (cost=0.00..346232.03 rows=2194617 width=4) (actual time=619.841..4943.815 rows=2233850 loops=1)
        Filter: (info_type_id > 16)
        Rows Removed by Filter: 12601870
  ->  Hash  (cost=73925.90..73925.90 rows=391897 width=4) (actual time=1059.800..1059.800 rows=289693 loops=1)
        Buckets: 131072  Batches: 8  Memory Usage: 2308kB
        ->  Seq Scan on title t  (cost=0.00..73925.90 rows=391897 width=4) (actual time=13.626..967.903 rows=289693 loops=1)
              Filter: ((production_year > 1998) AND (kind_id = 1))
              Rows Removed by Filter: 2238619
Planning time: 0.787 ms
Execution time: 7369.229 ms
