Hash Join  (cost=81821.64..433624.89 rows=52158 width=0) (actual time=6176.589..6271.412 rows=20 loops=1)
  Hash Cond: (mi.movie_id = t.id)
  ->  Seq Scan on movie_info mi  (cost=0.00..346232.03 rows=274038 width=4) (actual time=714.586..4801.131 rows=306788 loops=1)
        Filter: (info_type_id > 105)
        Rows Removed by Filter: 14528932
  ->  Hash  (cost=73925.90..73925.90 rows=481259 width=4) (actual time=1264.457..1264.457 rows=518327 loops=1)
        Buckets: 131072  Batches: 8  Memory Usage: 3307kB
        ->  Seq Scan on title t  (cost=0.00..73925.90 rows=481259 width=4) (actual time=337.486..1091.357 rows=518327 loops=1)
              Filter: ((production_year > 2007) AND (kind_id = 7))
              Rows Removed by Filter: 2009985
Planning time: 0.831 ms
Execution time: 6271.734 ms
