Seq Scan on cast_info ci  (cost=0.00..705507.15 rows=21561751 width=0) (actual time=1442.216..12127.369 rows=21669688 loops=1)
  Filter: (person_id > 1436784)
  Rows Removed by Filter: 14574656
Planning time: 0.314 ms
Execution time: 14887.115 ms
