Hash Join  (cost=28270.40..125156.42 rows=616 width=0) (actual time=383.423..2332.528 rows=37396 loops=1)
  Hash Cond: (mk.movie_id = t.id)
  ->  Seq Scan on movie_keyword mk  (cost=0.00..81003.12 rows=4233797 width=4) (actual time=0.025..1369.919 rows=4213440 loops=1)
        Filter: (keyword_id > 245)
        Rows Removed by Filter: 310490
  ->  Hash  (cost=28265.80..28265.80 rows=368 width=8) (actual time=374.670..374.670 rows=260 loops=1)
        Buckets: 1024  Batches: 1  Memory Usage: 19kB
        ->  Nested Loop  (cost=0.43..28265.80 rows=368 width=8) (actual time=293.979..374.562 rows=260 loops=1)
              ->  Seq Scan on movie_info_idx mi_idx  (cost=0.00..25185.44 rows=368 width=4) (actual time=293.895..369.218 rows=260 loops=1)
                    Filter: (info_type_id > 101)
                    Rows Removed by Filter: 1379775
              ->  Index Only Scan using title_pkey on title t  (cost=0.43..8.36 rows=1 width=4) (actual time=0.019..0.020 rows=1 loops=260)
                    Index Cond: (id = mi_idx.movie_id)
                    Heap Fetches: 260
Planning time: 1.534 ms
Execution time: 2337.237 ms
