Hash Join  (cost=67697.55..122439.81 rows=7674 width=0) (actual time=1072.700..2224.735 rows=5644 loops=1)
  Hash Cond: (mc.movie_id = t.id)
  ->  Seq Scan on movie_companies mc  (cost=0.00..44881.29 rows=2609129 width=4) (actual time=0.009..658.589 rows=2609129 loops=1)
  ->  Hash  (cost=67604.59..67604.59 rows=7437 width=4) (actual time=1071.663..1071.663 rows=2618 loops=1)
        Buckets: 8192  Batches: 1  Memory Usage: 157kB
        ->  Seq Scan on title t  (cost=0.00..67604.59 rows=7437 width=4) (actual time=448.296..1070.303 rows=2618 loops=1)
              Filter: (production_year = 1903)
              Rows Removed by Filter: 2525694
Planning time: 0.941 ms
Execution time: 2225.972 ms
