Hash Join  (cost=83073.64..109987.94 rows=20 width=0) (actual time=1097.628..1592.244 rows=21 loops=1)
  Hash Cond: (mi_idx.movie_id = t.id)
  ->  Seq Scan on movie_info_idx mi_idx  (cost=0.00..25185.44 rows=460978 width=4) (actual time=0.014..443.627 rows=459925 loops=1)
        Filter: (info_type_id = 99)
        Rows Removed by Filter: 920110
  ->  Hash  (cost=83072.29..83072.29 rows=108 width=8) (actual time=1086.232..1086.232 rows=21 loops=1)
        Buckets: 1024  Batches: 1  Memory Usage: 9kB
        ->  Nested Loop  (cost=0.43..83072.29 rows=108 width=8) (actual time=35.778..1086.197 rows=21 loops=1)
              ->  Seq Scan on movie_keyword mk  (cost=0.00..81003.12 rows=246 width=4) (actual time=20.904..1083.420 rows=71 loops=1)
                    Filter: (keyword_id = 7416)
                    Rows Removed by Filter: 4523859
              ->  Index Scan using title_pkey on title t  (cost=0.43..8.40 rows=1 width=4) (actual time=0.035..0.035 rows=0 loops=71)
                    Index Cond: (id = mk.movie_id)
                    Filter: (production_year > 2004)
                    Rows Removed by Filter: 1
Planning time: 1.242 ms
Execution time: 1592.408 ms
