Hash Join  (cost=438863.84..1281901.52 rows=21160 width=0) (actual time=11046.143..23397.560 rows=897742 loops=1)
  Hash Cond: (ci.movie_id = t.id)
  ->  Seq Scan on cast_info ci  (cost=0.00..796071.18 rows=4675491 width=4) (actual time=3175.600..12583.092 rows=10190876 loops=1)
        Filter: ((person_id > 2663601) AND (role_id > 2))
        Rows Removed by Filter: 26053468
  ->  Hash  (cost=438720.80..438720.80 rows=11443 width=8) (actual time=7869.905..7869.905 rows=65794 loops=1)
        Buckets: 131072 (originally 16384)  Batches: 1 (originally 1)  Memory Usage: 3595kB
        ->  Hash Join  (cost=73950.44..438720.80 rows=11443 width=8) (actual time=1011.596..7842.268 rows=65794 loops=1)
              Hash Cond: (mi.movie_id = t.id)
              ->  Seq Scan on movie_info mi  (cost=0.00..309384.22 rows=14739122 width=4) (actual time=0.024..3871.999 rows=14835720 loops=1)
              ->  Hash  (cost=73925.90..73925.90 rows=1963 width=4) (actual time=963.260..963.260 rows=4939 loops=1)
                    Buckets: 8192 (originally 2048)  Batches: 1 (originally 1)  Memory Usage: 238kB
                    ->  Seq Scan on title t  (cost=0.00..73925.90 rows=1963 width=4) (actual time=37.479..960.777 rows=4939 loops=1)
                          Filter: ((kind_id = 1) AND (production_year = 1989))
                          Rows Removed by Filter: 2523373
Planning time: 1.123 ms
Execution time: 23514.094 ms
