Hash Join  (cost=83074.74..109986.57 rows=134 width=0) (actual time=1110.783..1610.470 rows=57 loops=1)
  Hash Cond: (mi_idx.movie_id = t.id)
  ->  Seq Scan on movie_info_idx mi_idx  (cost=0.00..21735.35 rows=1380035 width=4) (actual time=0.007..285.122 rows=1380035 loops=1)
  ->  Hash  (cost=83071.67..83071.67 rows=246 width=8) (actual time=1105.089..1105.089 rows=23 loops=1)
        Buckets: 1024  Batches: 1  Memory Usage: 9kB
        ->  Nested Loop  (cost=0.43..83071.67 rows=246 width=8) (actual time=72.841..1105.052 rows=23 loops=1)
              ->  Seq Scan on movie_keyword mk  (cost=0.00..81003.12 rows=246 width=4) (actual time=72.745..1104.116 rows=23 loops=1)
                    Filter: (keyword_id = 46818)
                    Rows Removed by Filter: 4523907
              ->  Index Only Scan using title_pkey on title t  (cost=0.43..8.40 rows=1 width=4) (actual time=0.034..0.034 rows=1 loops=23)
                    Index Cond: (id = mk.movie_id)
                    Heap Fetches: 23
Planning time: 8.717 ms
Execution time: 1610.605 ms
