Nested Loop  (cost=0.43..799579.33 rows=420 width=0) (actual time=13329.431..13874.260 rows=259 loops=1)
  ->  Seq Scan on cast_info ci  (cost=0.00..796071.18 rows=420 width=4) (actual time=13329.329..13870.360 rows=259 loops=1)
        Filter: ((role_id < 9) AND (person_id = 2070724))
        Rows Removed by Filter: 36244085
  ->  Index Only Scan using title_pkey on title t  (cost=0.43..8.34 rows=1 width=4) (actual time=0.014..0.014 rows=1 loops=259)
        Index Cond: (id = ci.movie_id)
        Heap Fetches: 259
Planning time: 0.807 ms
Execution time: 13874.386 ms
