Hash Join  (cost=75798.76..170991.75 rows=51639 width=0) (actual time=1257.568..3387.664 rows=239720 loops=1)
  Hash Cond: (mk.movie_id = t.id)
  ->  Seq Scan on movie_keyword mk  (cost=0.00..81003.12 rows=1143862 width=4) (actual time=0.010..1585.882 rows=1154076 loops=1)
        Filter: (keyword_id > 16154)
        Rows Removed by Filter: 3369854
  ->  Hash  (cost=73925.90..73925.90 rows=114148 width=4) (actual time=1256.639..1256.639 rows=244041 loops=1)
        Buckets: 131072 (originally 131072)  Batches: 4 (originally 2)  Memory Usage: 3178kB
        ->  Seq Scan on title t  (cost=0.00..73925.90 rows=114148 width=4) (actual time=411.319..1169.825 rows=244041 loops=1)
              Filter: ((production_year < 1974) AND (kind_id = 1))
              Rows Removed by Filter: 2284271
Planning time: 0.765 ms
Execution time: 3416.825 ms
