Hash Join  (cost=75277.17..194865.82 rows=104810 width=0) (actual time=2242.693..3466.597 rows=3 loops=1)
  Hash Cond: (mk.movie_id = t.id)
  ->  Seq Scan on movie_keyword mk  (cost=0.00..81003.12 rows=3218514 width=4) (actual time=0.021..1433.568 rows=3205727 loops=1)
        Filter: (keyword_id < 13213)
        Rows Removed by Filter: 1318203
  ->  Hash  (cost=73925.90..73925.90 rows=82341 width=4) (actual time=1117.115..1117.115 rows=22 loops=1)
        Buckets: 131072  Batches: 2  Memory Usage: 1031kB
        ->  Seq Scan on title t  (cost=0.00..73925.90 rows=82341 width=4) (actual time=450.326..1117.004 rows=22 loops=1)
              Filter: ((kind_id > 4) AND (production_year < 1938))
              Rows Removed by Filter: 2528290
Planning time: 0.867 ms
Execution time: 3466.687 ms
