Hash Join  (cost=430330.58..1184845.43 rows=372562 width=0) (actual time=6649.391..25655.407 rows=604265 loops=1)
  Hash Cond: (ci.movie_id = t.id)
  ->  Seq Scan on cast_info ci  (cost=0.00..614943.12 rows=36225612 width=4) (actual time=0.006..9171.932 rows=36244344 loops=1)
  ->  Hash  (cost=430005.52..430005.52 rows=26005 width=8) (actual time=6649.167..6649.167 rows=28332 loops=1)
        Buckets: 32768  Batches: 1  Memory Usage: 1363kB
        ->  Hash Join  (cost=75580.59..430005.52 rows=26005 width=8) (actual time=5229.932..6639.682 rows=28332 loops=1)
              Hash Cond: (mi.movie_id = t.id)
              ->  Seq Scan on movie_info mi  (cost=0.00..346232.03 rows=651960 width=4) (actual time=3707.831..4945.754 rows=660923 loops=1)
                    Filter: (info_type_id = 18)
                    Rows Removed by Filter: 14174797
              ->  Hash  (cost=73925.90..73925.90 rows=100855 width=4) (actual time=1385.009..1385.009 rows=111586 loops=1)
                    Buckets: 131072  Batches: 2  Memory Usage: 2988kB
                    ->  Seq Scan on title t  (cost=0.00..73925.90 rows=100855 width=4) (actual time=118.644..1342.152 rows=111586 loops=1)
                          Filter: ((production_year < 2012) AND (kind_id = 4))
                          Rows Removed by Filter: 2416726
Planning time: 1.081 ms
Execution time: 25754.126 ms
