Seq Scan on movie_companies mc  (cost=0.00..51404.11 rows=1659726 width=0) (actual time=0.013..852.641 rows=1660972 loops=1)
  Filter: (company_id > 3682)
  Rows Removed by Filter: 948157
Planning time: 0.451 ms
Execution time: 1066.616 ms
