Nested Loop  (cost=0.43..52283.69 rows=104 width=0) (actual time=59.312..706.881 rows=7 loops=1)
  ->  Seq Scan on movie_companies mc  (cost=0.00..51404.11 rows=104 width=4) (actual time=59.213..706.406 rows=7 loops=1)
        Filter: (company_id = 126566)
        Rows Removed by Filter: 2609122
  ->  Index Only Scan using title_pkey on title t  (cost=0.43..8.45 rows=1 width=4) (actual time=0.060..0.062 rows=1 loops=7)
        Index Cond: (id = mc.movie_id)
        Heap Fetches: 7
Planning time: 0.812 ms
Execution time: 706.947 ms
