Hash Join  (cost=202239.52..1290028.26 rows=1872352 width=0) (actual time=3859.130..30797.977 rows=2134190 loops=1)
  Hash Cond: (ci.movie_id = t.id)
  ->  Seq Scan on cast_info ci  (cost=0.00..705507.15 rows=28324203 width=4) (actual time=0.020..14620.739 rows=28361303 loops=1)
        Filter: (person_id < 2890108)
        Rows Removed by Filter: 7883041
  ->  Hash  (cost=199497.19..199497.19 rows=167147 width=8) (actual time=3857.547..3857.547 rows=91469 loops=1)
        Buckets: 131072  Batches: 4  Memory Usage: 1928kB
        ->  Hash Join  (cost=75458.68..199497.19 rows=167147 width=8) (actual time=1167.244..3825.831 rows=91469 loops=1)
              Hash Cond: (mk.movie_id = t.id)
              ->  Seq Scan on movie_keyword mk  (cost=0.00..69693.30 rows=4523930 width=4) (actual time=0.013..1274.316 rows=4523930 loops=1)
              ->  Hash  (cost=73925.90..73925.90 rows=93422 width=4) (actual time=1166.013..1166.013 rows=100754 loops=1)
                    Buckets: 131072  Batches: 2  Memory Usage: 2808kB
                    ->  Seq Scan on title t  (cost=0.00..73925.90 rows=93422 width=4) (actual time=0.023..1119.126 rows=100754 loops=1)
                          Filter: ((kind_id > 1) AND (production_year = 2008))
                          Rows Removed by Filter: 2427558
Planning time: 1.204 ms
Execution time: 31047.878 ms
