Hash Join  (cost=75384.88..142382.93 rows=44975 width=0) (actual time=1176.457..2527.820 rows=24958 loops=1)
  Hash Cond: (mc.movie_id = t.id)
  ->  Seq Scan on movie_companies mc  (cost=0.00..51404.11 rows=1279517 width=4) (actual time=0.017..899.684 rows=1274246 loops=1)
        Filter: (company_type_id < 2)
        Rows Removed by Filter: 1334883
  ->  Hash  (cost=73925.90..73925.90 rows=88878 width=4) (actual time=1175.343..1175.343 rows=96722 loops=1)
        Buckets: 131072  Batches: 2  Memory Usage: 2730kB
        ->  Seq Scan on title t  (cost=0.00..73925.90 rows=88878 width=4) (actual time=0.006..1139.484 rows=96722 loops=1)
              Filter: ((kind_id > 2) AND (production_year = 2008))
              Rows Removed by Filter: 2431590
Planning time: 0.850 ms
Execution time: 2532.012 ms
