Seq Scan on movie_companies mc  (cost=0.00..51404.11 rows=104 width=0) (actual time=51.824..711.405 rows=36 loops=1)
  Filter: (company_id = 104159)
  Rows Removed by Filter: 2609093
Planning time: 0.397 ms
Execution time: 711.502 ms
