Hash Join  (cost=70308.29..962003.78 rows=506751 width=0) (actual time=9338.906..15466.231 rows=143986 loops=1)
  Hash Cond: (ci.movie_id = t.id)
  ->  Seq Scan on cast_info ci  (cost=0.00..796071.18 rows=7776214 width=4) (actual time=8303.950..13330.552 rows=2513640 loops=1)
        Filter: ((person_id > 1384632) AND (role_id = 1))
        Rows Removed by Filter: 33730704
  ->  Hash  (cost=67604.59..67604.59 rows=164776 width=4) (actual time=1033.882..1033.882 rows=164307 loops=1)
        Buckets: 131072  Batches: 4  Memory Usage: 2482kB
        ->  Seq Scan on title t  (cost=0.00..67604.59 rows=164776 width=4) (actual time=0.042..976.481 rows=164307 loops=1)
              Filter: (production_year = 2012)
              Rows Removed by Filter: 2364005
Planning time: 0.922 ms
Execution time: 15486.828 ms
