Hash Join  (cost=108632.59..505156.47 rows=279726 width=0) (actual time=1747.824..12722.215 rows=1025316 loops=1)
  Hash Cond: (mi.movie_id = t.id)
  ->  Seq Scan on movie_info mi  (cost=0.00..346232.03 rows=12665229 width=4) (actual time=0.027..5920.187 rows=12744652 loops=1)
        Filter: (info_type_id > 2)
        Rows Removed by Filter: 2091068
  ->  Hash  (cost=107934.53..107934.53 rows=55845 width=8) (actual time=1746.798..1746.798 rows=111147 loops=1)
        Buckets: 131072 (originally 65536)  Batches: 2 (originally 1)  Memory Usage: 3195kB
        ->  Hash Join  (cost=69283.60..107934.53 rows=55845 width=8) (actual time=1060.931..1708.457 rows=111147 loops=1)
              Hash Cond: (mi_idx.movie_id = t.id)
              ->  Seq Scan on movie_info_idx mi_idx  (cost=0.00..21735.35 rows=1380035 width=4) (actual time=0.028..365.249 rows=1380035 loops=1)
              ->  Hash  (cost=67604.59..67604.59 rows=102321 width=4) (actual time=859.667..859.667 rows=100537 loops=1)
                    Buckets: 131072  Batches: 2  Memory Usage: 2797kB
                    ->  Seq Scan on title t  (cost=0.00..67604.59 rows=102321 width=4) (actual time=0.009..821.706 rows=100537 loops=1)
                          Filter: (kind_id = 3)
                          Rows Removed by Filter: 2427775
Planning time: 1.228 ms
Execution time: 12856.421 ms
