Hash Join  (cost=130362.44..888481.90 rows=733029 width=0) (actual time=2568.829..24440.869 rows=2872990 loops=1)
  Hash Cond: (ci.movie_id = t.id)
  ->  Seq Scan on cast_info ci  (cost=0.00..614943.12 rows=36225612 width=4) (actual time=0.015..9414.906 rows=36244344 loops=1)
  ->  Hash  (cost=129722.88..129722.88 rows=51165 width=8) (actual time=2568.452..2568.452 rows=76894 loops=1)
        Buckets: 131072 (originally 65536)  Batches: 1 (originally 1)  Memory Usage: 4028kB
        ->  Hash Join  (cost=74545.71..129722.88 rows=51165 width=8) (actual time=1145.646..2537.414 rows=76894 loops=1)
              Hash Cond: (mc.movie_id = t.id)
              ->  Seq Scan on movie_companies mc  (cost=0.00..44881.29 rows=2609129 width=4) (actual time=0.007..664.354 rows=2609129 loops=1)
              ->  Hash  (cost=73925.90..73925.90 rows=49584 width=4) (actual time=1145.202..1145.202 rows=38752 loops=1)
                    Buckets: 65536  Batches: 1  Memory Usage: 1875kB
                    ->  Seq Scan on title t  (cost=0.00..73925.90 rows=49584 width=4) (actual time=0.416..1129.891 rows=38752 loops=1)
                          Filter: ((kind_id < 7) AND (production_year = 2008))
                          Rows Removed by Filter: 2489560
Planning time: 1.197 ms
Execution time: 24819.459 ms
