Hash Join  (cost=83074.55..145049.52 rows=77 width=0) (actual time=1354.516..2458.295 rows=1421 loops=1)
  Hash Cond: (mc.movie_id = t.id)
  ->  Seq Scan on movie_companies mc  (cost=0.00..57926.93 rows=1079271 width=4) (actual time=106.537..1066.095 rows=961111 loops=1)
        Filter: ((company_id > 258) AND (company_type_id < 2))
        Rows Removed by Filter: 1648018
  ->  Hash  (cost=83072.29..83072.29 rows=181 width=8) (actual time=1247.710..1247.710 rows=754 loops=1)
        Buckets: 1024  Batches: 1  Memory Usage: 38kB
        ->  Nested Loop  (cost=0.43..83072.29 rows=181 width=8) (actual time=8.791..1247.117 rows=754 loops=1)
              ->  Seq Scan on movie_keyword mk  (cost=0.00..81003.12 rows=246 width=4) (actual time=0.297..1173.644 rows=2543 loops=1)
                    Filter: (keyword_id = 1082)
                    Rows Removed by Filter: 4521387
              ->  Index Scan using title_pkey on title t  (cost=0.43..8.40 rows=1 width=4) (actual time=0.028..0.028 rows=0 loops=2543)
                    Index Cond: (id = mk.movie_id)
                    Filter: (kind_id > 1)
                    Rows Removed by Filter: 1
Planning time: 1.215 ms
Execution time: 2458.678 ms
