Seq Scan on movie_companies mc  (cost=0.00..51404.11 rows=2030273 width=0) (actual time=0.024..928.317 rows=2032904 loops=1)
  Filter: (company_id > 626)
  Rows Removed by Filter: 576225
Planning time: 0.372 ms
Execution time: 1184.405 ms
