Hash Join  (cost=268745.69..1167841.86 rows=3913248 width=0) (actual time=9615.469..26333.949 rows=7987916 loops=1)
  Hash Cond: (ci.movie_id = t.id)
  ->  Seq Scan on cast_info ci  (cost=0.00..796071.18 rows=3824723 width=4) (actual time=3035.732..15369.506 rows=4008037 loops=1)
        Filter: ((person_id < 3749082) AND (role_id = 3))
        Rows Removed by Filter: 32236307
  ->  Hash  (cost=226301.55..226301.55 rows=2587051 width=8) (actual time=6578.228..6578.228 rows=2588467 loops=1)
        Buckets: 131072  Batches: 64  Memory Usage: 2597kB
        ->  Hash Join  (cost=102767.86..226301.55 rows=2587051 width=8) (actual time=1846.013..5823.941 rows=2588467 loops=1)
              Hash Cond: (mc.movie_id = t.id)
              ->  Seq Scan on movie_companies mc  (cost=0.00..51404.11 rows=2587051 width=4) (actual time=0.040..1211.031 rows=2588467 loops=1)
                    Filter: (company_id < 215762)
                    Rows Removed by Filter: 20662
              ->  Hash  (cost=61283.27..61283.27 rows=2528527 width=4) (actual time=1845.125..1845.125 rows=2528312 loops=1)
                    Buckets: 131072  Batches: 64  Memory Usage: 2415kB
                    ->  Seq Scan on title t  (cost=0.00..61283.27 rows=2528527 width=4) (actual time=0.012..999.779 rows=2528312 loops=1)
Planning time: 1.219 ms
Execution time: 27251.462 ms
