Hash Join  (cost=102767.86..272527.17 rows=3278042 width=0) (actual time=1777.954..6601.982 rows=3263957 loops=1)
  Hash Cond: (mk.movie_id = t.id)
  ->  Seq Scan on movie_keyword mk  (cost=0.00..81003.12 rows=3278042 width=4) (actual time=0.015..1749.474 rows=3263957 loops=1)
        Filter: (keyword_id > 1607)
        Rows Removed by Filter: 1259973
  ->  Hash  (cost=61283.27..61283.27 rows=2528527 width=4) (actual time=1776.536..1776.536 rows=2528312 loops=1)
        Buckets: 131072  Batches: 64  Memory Usage: 2425kB
        ->  Seq Scan on title t  (cost=0.00..61283.27 rows=2528527 width=4) (actual time=0.009..895.927 rows=2528312 loops=1)
Planning time: 0.815 ms
Execution time: 6995.614 ms
