Hash Join  (cost=292438.06..405473.95 rows=2518895 width=0) (actual time=6519.515..12923.955 rows=18254231 loops=1)
  Hash Cond: (mc.movie_id = t.id)
  ->  Seq Scan on movie_companies mc  (cost=0.00..44881.29 rows=2609129 width=4) (actual time=0.011..745.043 rows=2609129 loops=1)
  ->  Hash  (cost=252388.55..252388.55 rows=2441081 width=8) (actual time=6518.239..6518.239 rows=2441978 loops=1)
        Buckets: 131072 (originally 131072)  Batches: 64 (originally 32)  Memory Usage: 3988kB
        ->  Hash Join  (cost=102767.86..252388.55 rows=2441081 width=8) (actual time=1714.895..5773.879 rows=2441978 loops=1)
              Hash Cond: (mk.movie_id = t.id)
              ->  Seq Scan on movie_keyword mk  (cost=0.00..81003.12 rows=2441081 width=4) (actual time=0.010..1473.804 rows=2441978 loops=1)
                    Filter: (keyword_id < 5812)
                    Rows Removed by Filter: 2081952
              ->  Hash  (cost=61283.27..61283.27 rows=2528527 width=4) (actual time=1714.054..1714.054 rows=2528312 loops=1)
                    Buckets: 131072  Batches: 64  Memory Usage: 2425kB
                    ->  Seq Scan on title t  (cost=0.00..61283.27 rows=2528527 width=4) (actual time=0.009..837.563 rows=2528312 loops=1)
Planning time: 4.075 ms
Execution time: 14839.900 ms
