Hash Join  (cost=70241.71..138048.41 rows=48204 width=0) (actual time=1844.506..3336.150 rows=45239 loops=1)
  Hash Cond: (mc.movie_id = t.id)
  ->  Seq Scan on movie_companies mc  (cost=0.00..57926.93 rows=758327 width=4) (actual time=0.016..1018.847 rows=1042781 loops=1)
        Filter: ((company_id < 14490) AND (company_type_id < 2))
        Rows Removed by Filter: 1566348
  ->  Hash  (cost=67604.59..67604.59 rows=160730 width=4) (actual time=1843.735..1843.735 rows=160017 loops=1)
        Buckets: 131072  Batches: 4  Memory Usage: 2436kB
        ->  Seq Scan on title t  (cost=0.00..67604.59 rows=160730 width=4) (actual time=0.019..1033.702 rows=160017 loops=1)
              Filter: (production_year = 2011)
              Rows Removed by Filter: 2368295
Planning time: 0.787 ms
Execution time: 3343.121 ms
