Seq Scan on cast_info ci  (cost=0.00..705507.15 rows=25672797 width=0) (actual time=687.317..10896.475 rows=25854932 loops=1)
  Filter: (person_id > 1020287)
  Rows Removed by Filter: 10389412
Planning time: 0.320 ms
Execution time: 13771.268 ms
