Hash Join  (cost=886289.60..980459.03 rows=74802 width=0) (actual time=11717.048..13700.102 rows=190784 loops=1)
  Hash Cond: (mk.movie_id = t.id)
  ->  Seq Scan on movie_keyword mk  (cost=0.00..81003.12 rows=3311544 width=4) (actual time=0.014..1405.951 rows=3302371 loops=1)
        Filter: (keyword_id < 14908)
        Rows Removed by Filter: 1221559
  ->  Hash  (cost=885575.66..885575.66 rows=57115 width=8) (actual time=11716.308..11716.308 rows=33701 loops=1)
        Buckets: 65536  Batches: 1  Memory Usage: 1829kB
        ->  Hash Join  (cost=69002.72..885575.66 rows=57115 width=8) (actual time=1648.997..11701.822 rows=33701 loops=1)
              Hash Cond: (ci.movie_id = t.id)
              ->  Seq Scan on cast_info ci  (cost=0.00..796071.18 rows=1694828 width=4) (actual time=601.460..10235.894 rows=1025963 loops=1)
                    Filter: ((person_id < 351422) AND (role_id > 2))
                    Rows Removed by Filter: 35218381
              ->  Hash  (cost=67604.59..67604.59 rows=85211 width=4) (actual time=1046.646..1046.646 rows=84593 loops=1)
                    Buckets: 131072  Batches: 2  Memory Usage: 2518kB
                    ->  Seq Scan on title t  (cost=0.00..67604.59 rows=85211 width=4) (actual time=0.031..1012.713 rows=84593 loops=1)
                          Filter: (production_year = 2004)
                          Rows Removed by Filter: 2443719
Planning time: 1.301 ms
Execution time: 13724.697 ms
