Hash Join  (cost=73949.29..825006.51 rows=26805 width=0) (actual time=992.091..16134.710 rows=28416 loops=1)
  Hash Cond: (ci.movie_id = t.id)
  ->  Seq Scan on cast_info ci  (cost=0.00..614943.12 rows=36225612 width=4) (actual time=0.010..7581.159 rows=36244344 loops=1)
  ->  Hash  (cost=73925.90..73925.90 rows=1871 width=4) (actual time=991.938..991.938 rows=2337 loops=1)
        Buckets: 4096 (originally 2048)  Batches: 1 (originally 1)  Memory Usage: 115kB
        ->  Seq Scan on title t  (cost=0.00..73925.90 rows=1871 width=4) (actual time=0.619..990.531 rows=2337 loops=1)
              Filter: ((kind_id = 2) AND (production_year = 2000))
              Rows Removed by Filter: 2525975
Planning time: 0.793 ms
Execution time: 16142.027 ms
