Hash Join  (cost=95609.53..657631.68 rows=6557287 width=0) (actual time=1580.399..16789.243 rows=4587190 loops=1)
  Hash Cond: (mi.movie_id = t.id)
  ->  Seq Scan on movie_info mi  (cost=0.00..346232.03 rows=12545135 width=4) (actual time=0.014..6496.986 rows=12601870 loops=1)
        Filter: (info_type_id < 17)
        Rows Removed by Filter: 2233850
  ->  Hash  (cost=73925.90..73925.90 rows=1321650 width=4) (actual time=1579.087..1579.087 rows=1298128 loops=1)
        Buckets: 131072  Batches: 32  Memory Usage: 2457kB
        ->  Seq Scan on title t  (cost=0.00..73925.90 rows=1321650 width=4) (actual time=0.014..1161.206 rows=1298128 loops=1)
              Filter: ((kind_id > 1) AND (production_year < 2009))
              Rows Removed by Filter: 1230184
Planning time: 0.503 ms
Execution time: 17273.901 ms
