Hash Join  (cost=136816.85..224555.19 rows=108031 width=0) (actual time=2411.756..4388.373 rows=731023 loops=1)
  Hash Cond: (mk.movie_id = t.id)
  ->  Seq Scan on movie_keyword mk  (cost=0.00..69693.30 rows=4523930 width=4) (actual time=0.012..904.255 rows=4523930 loops=1)
  ->  Hash  (cost=136062.08..136062.08 rows=60381 width=8) (actual time=2411.171..2411.171 rows=56517 loops=1)
        Buckets: 65536  Batches: 1  Memory Usage: 2720kB
        ->  Hash Join  (cost=69694.50..136062.08 rows=60381 width=8) (actual time=969.130..2389.669 rows=56517 loops=1)
              Hash Cond: (mc.movie_id = t.id)
              ->  Seq Scan on movie_companies mc  (cost=0.00..51404.11 rows=1198843 width=4) (actual time=0.017..915.256 rows=1208648 loops=1)
                    Filter: (company_id > 12199)
                    Rows Removed by Filter: 1400481
              ->  Hash  (cost=67604.59..67604.59 rows=127353 width=4) (actual time=914.274..914.274 rows=128696 loops=1)
                    Buckets: 131072  Batches: 2  Memory Usage: 3284kB
                    ->  Seq Scan on title t  (cost=0.00..67604.59 rows=127353 width=4) (actual time=0.023..867.580 rows=128696 loops=1)
                          Filter: (production_year = 2009)
                          Rows Removed by Filter: 2399616
Planning time: 1.233 ms
Execution time: 4482.818 ms
