Hash Join  (cost=76796.18..158642.24 rows=887 width=0) (actual time=1046.675..2241.897 rows=1773 loops=1)
  Hash Cond: (mk.movie_id = t.id)
  ->  Seq Scan on movie_keyword mk  (cost=0.00..81003.12 rows=12818 width=4) (actual time=0.025..1163.934 rows=12645 loops=1)
        Filter: (keyword_id = 245)
        Rows Removed by Filter: 4511285
  ->  Hash  (cost=73925.90..73925.90 rows=174902 width=4) (actual time=1044.704..1044.704 rows=160286 loops=1)
        Buckets: 131072  Batches: 4  Memory Usage: 2442kB
        ->  Seq Scan on title t  (cost=0.00..73925.90 rows=174902 width=4) (actual time=497.166..988.768 rows=160286 loops=1)
              Filter: ((production_year > 2008) AND (kind_id = 1))
              Rows Removed by Filter: 2368026
Planning time: 0.814 ms
Execution time: 2242.614 ms
