Hash Join  (cost=106156.11..167577.53 rows=1282489 width=0) (actual time=1899.066..3815.555 rows=1354992 loops=1)
  Hash Cond: (mi_idx.movie_id = t.id)
  ->  Seq Scan on movie_info_idx mi_idx  (cost=0.00..21735.35 rows=1380035 width=4) (actual time=0.022..419.963 rows=1380035 loops=1)
  ->  Hash  (cost=67604.59..67604.59 rows=2349802 width=4) (actual time=1897.836..1897.836 rows=2343703 loops=1)
        Buckets: 131072  Batches: 32  Memory Usage: 3603kB
        ->  Seq Scan on title t  (cost=0.00..67604.59 rows=2349802 width=4) (actual time=0.013..1153.523 rows=2343703 loops=1)
              Filter: (production_year > 1928)
              Rows Removed by Filter: 184609
Planning time: 0.846 ms
Execution time: 3985.575 ms
