Hash Join  (cost=73982.55..428028.85 rows=3717 width=0) (actual time=3991.287..6356.308 rows=2 loops=1)
  Hash Cond: (mi.movie_id = t.id)
  ->  Seq Scan on movie_info mi  (cost=0.00..346232.03 rows=2073893 width=4) (actual time=0.015..5082.705 rows=2091068 loops=1)
        Filter: (info_type_id < 3)
        Rows Removed by Filter: 12744652
  ->  Hash  (cost=73925.90..73925.90 rows=4532 width=4) (actual time=973.302..973.302 rows=6 loops=1)
        Buckets: 8192  Batches: 1  Memory Usage: 65kB
        ->  Seq Scan on title t  (cost=0.00..73925.90 rows=4532 width=4) (actual time=33.656..973.288 rows=6 loops=1)
              Filter: ((kind_id = 7) AND (production_year = 1938))
              Rows Removed by Filter: 2528306
Planning time: 0.885 ms
Execution time: 6356.401 ms
