Seq Scan on title t  (cost=0.00..67604.59 rows=1484458 width=0) (actual time=0.011..1011.884 rows=1485030 loops=1)
  Filter: (production_year > 1998)
  Rows Removed by Filter: 1043282
Planning time: 0.305 ms
Execution time: 1168.647 ms
