Hash Join  (cost=74281.64..103016.98 rows=10344 width=0) (actual time=1047.792..1652.719 rows=15003 loops=1)
  Hash Cond: (mi_idx.movie_id = t.id)
  ->  Seq Scan on movie_info_idx mi_idx  (cost=0.00..25185.44 rows=919057 width=4) (actual time=0.015..431.258 rows=920110 loops=1)
        Filter: (info_type_id > 99)
        Rows Removed by Filter: 459925
  ->  Hash  (cost=73925.90..73925.90 rows=28459 width=4) (actual time=1047.550..1047.550 rows=16117 loops=1)
        Buckets: 32768  Batches: 1  Memory Usage: 823kB
        ->  Seq Scan on title t  (cost=0.00..73925.90 rows=28459 width=4) (actual time=8.881..1040.888 rows=16117 loops=1)
              Filter: ((kind_id = 1) AND (production_year = 2006))
              Rows Removed by Filter: 2512195
Planning time: 0.851 ms
Execution time: 1655.061 ms
