Hash Join  (cost=28268.41..114928.86 rows=242 width=0) (actual time=474.509..2143.367 rows=24013 loops=1)
  Hash Cond: (mk.movie_id = t.id)
  ->  Seq Scan on movie_keyword mk  (cost=0.00..69693.30 rows=4523930 width=4) (actual time=0.013..930.691 rows=4523930 loops=1)
  ->  Hash  (cost=28266.72..28266.72 rows=135 width=8) (actual time=424.620..424.620 rows=169 loops=1)
        Buckets: 1024  Batches: 1  Memory Usage: 15kB
        ->  Nested Loop  (cost=0.43..28266.72 rows=135 width=8) (actual time=188.007..424.516 rows=169 loops=1)
              ->  Seq Scan on movie_info_idx mi_idx  (cost=0.00..25185.44 rows=368 width=4) (actual time=187.940..415.221 rows=260 loops=1)
                    Filter: (info_type_id > 101)
                    Rows Removed by Filter: 1379775
              ->  Index Scan using title_pkey on title t  (cost=0.43..8.36 rows=1 width=4) (actual time=0.035..0.035 rows=1 loops=260)
                    Index Cond: (id = mi_idx.movie_id)
                    Filter: (production_year < 1998)
                    Rows Removed by Filter: 0
Planning time: 1.545 ms
Execution time: 2146.763 ms
