Seq Scan on cast_info ci  (cost=0.00..796071.18 rows=4061747 width=0) (actual time=996.219..13259.761 rows=7449200 loops=1)
  Filter: ((person_id > 1577626) AND (role_id = 2))
  Rows Removed by Filter: 28795144
Planning time: 0.378 ms
Execution time: 14201.213 ms
