Hash Join  (cost=117240.53..189308.65 rows=91483 width=0) (actual time=2287.578..4137.253 rows=611455 loops=1)
  Hash Cond: (mc.movie_id = t.id)
  ->  Seq Scan on movie_companies mc  (cost=0.00..51404.11 rows=1660847 width=4) (actual time=0.026..894.960 rows=1662336 loops=1)
        Filter: (company_id > 3658)
        Rows Removed by Filter: 946793
  ->  Hash  (cost=114954.57..114954.57 rows=139277 width=8) (actual time=2286.784..2286.784 rows=247566 loops=1)
        Buckets: 131072 (originally 131072)  Batches: 4 (originally 2)  Memory Usage: 3448kB
        ->  Hash Join  (cost=80042.24..114954.57 rows=139277 width=8) (actual time=1281.707..2202.216 rows=247566 loops=1)
              Hash Cond: (mi_idx.movie_id = t.id)
              ->  Seq Scan on movie_info_idx mi_idx  (cost=0.00..25185.44 rows=464566 width=4) (actual time=0.024..486.872 rows=459925 loops=1)
                    Filter: (info_type_id = 101)
                    Rows Removed by Filter: 920110
              ->  Hash  (cost=67604.59..67604.59 rows=758052 width=4) (actual time=1280.747..1280.747 rows=753677 loops=1)
                    Buckets: 131072  Batches: 16  Memory Usage: 2677kB
                    ->  Seq Scan on title t  (cost=0.00..67604.59 rows=758052 width=4) (actual time=0.024..1043.055 rows=753677 loops=1)
                          Filter: (kind_id < 3)
                          Rows Removed by Filter: 1774635
Planning time: 1.125 ms
Execution time: 4216.314 ms
