Hash Join  (cost=1018504.83..3250126.10 rows=91952422 width=0) (actual time=26075.767..109717.768 rows=210882954 loops=1)
  Hash Cond: (ci.movie_id = t.id)
  ->  Seq Scan on cast_info ci  (cost=0.00..796071.18 rows=15774629 width=4) (actual time=0.039..15202.543 rows=17203600 loops=1)
        Filter: ((person_id < 1782907) AND (role_id < 10))
        Rows Removed by Filter: 19040744
  ->  Hash  (cost=776690.81..776690.81 rows=14739122 width=8) (actual time=26072.472..26072.472 rows=14835720 loops=1)
        Buckets: 131072  Batches: 256  Memory Usage: 3268kB
        ->  Hash Join  (cost=102767.86..776690.81 rows=14739122 width=8) (actual time=1769.826..20920.796 rows=14835720 loops=1)
              Hash Cond: (mi.movie_id = t.id)
              ->  Seq Scan on movie_info mi  (cost=0.00..309384.22 rows=14739122 width=4) (actual time=0.032..4929.289 rows=14835720 loops=1)
              ->  Hash  (cost=61283.27..61283.27 rows=2528527 width=4) (actual time=1767.892..1767.892 rows=2528312 loops=1)
                    Buckets: 131072  Batches: 64  Memory Usage: 2425kB
                    ->  Seq Scan on title t  (cost=0.00..61283.27 rows=2528527 width=4) (actual time=0.040..900.366 rows=2528312 loops=1)
Planning time: 0.987 ms
Execution time: 133957.603 ms
