Seq Scan on movie_keyword mk  (cost=0.00..81003.12 rows=246 width=0) (actual time=56.345..1069.164 rows=7 loops=1)
  Filter: (keyword_id = 29587)
  Rows Removed by Filter: 4523923
Planning time: 0.328 ms
Execution time: 1069.258 ms
