Hash Join  (cost=175027.18..1078937.27 rows=2493268 width=0) (actual time=10996.095..19897.550 rows=3212126 loops=1)
  Hash Cond: (ci.movie_id = t.id)
  ->  Seq Scan on cast_info ci  (cost=0.00..796071.18 rows=6859527 width=4) (actual time=7279.877..13233.016 rows=3785214 loops=1)
        Filter: ((person_id < 2036160) AND (role_id > 3))
        Rows Removed by Filter: 32459130
  ->  Hash  (cost=159947.97..159947.97 rows=919057 width=8) (actual time=3714.960..3714.960 rows=920110 loops=1)
        Buckets: 131072  Batches: 16  Memory Usage: 3269kB
        ->  Hash Join  (cost=102767.86..159947.97 rows=919057 width=8) (actual time=1775.475..3435.788 rows=920110 loops=1)
              Hash Cond: (mi_idx.movie_id = t.id)
              ->  Seq Scan on movie_info_idx mi_idx  (cost=0.00..25185.44 rows=919057 width=4) (actual time=0.038..494.698 rows=920110 loops=1)
                    Filter: (info_type_id > 99)
                    Rows Removed by Filter: 459925
              ->  Hash  (cost=61283.27..61283.27 rows=2528527 width=4) (actual time=1774.045..1774.045 rows=2528312 loops=1)
                    Buckets: 131072  Batches: 64  Memory Usage: 2415kB
                    ->  Seq Scan on title t  (cost=0.00..61283.27 rows=2528527 width=4) (actual time=0.027..898.292 rows=2528312 loops=1)
Planning time: 1.233 ms
Execution time: 20282.666 ms
