Hash Join  (cost=81025.55..872742.76 rows=1089589 width=0) (actual time=1357.074..16272.373 rows=1142467 loops=1)
  Hash Cond: (ci.movie_id = t.id)
  ->  Seq Scan on cast_info ci  (cost=0.00..705507.15 rows=6367245 width=4) (actual time=308.438..11115.988 rows=6457658 loops=1)
        Filter: (person_id > 3010321)
        Rows Removed by Filter: 29786686
  ->  Hash  (cost=73925.90..73925.90 rows=432692 width=4) (actual time=1047.820..1047.820 rows=368246 loops=1)
        Buckets: 131072  Batches: 8  Memory Usage: 2639kB
        ->  Seq Scan on title t  (cost=0.00..73925.90 rows=432692 width=4) (actual time=0.030..940.074 rows=368246 loops=1)
              Filter: ((kind_id < 7) AND (production_year > 2004))
              Rows Removed by Filter: 2160066
Planning time: 0.682 ms
Execution time: 16425.301 ms
