Seq Scan on cast_info ci  (cost=0.00..796071.18 rows=8428739 width=0) (actual time=0.013..13098.090 rows=13126294 loops=1)
  Filter: ((person_id > 2363469) AND (role_id > 1))
  Rows Removed by Filter: 23118050
Planning time: 0.355 ms
Execution time: 14725.737 ms
