Hash Join  (cost=95625.70..823722.99 rows=28415 width=0) (actual time=1336.400..13430.381 rows=34961 loops=1)
  Hash Cond: (ci.movie_id = t.id)
  ->  Seq Scan on cast_info ci  (cost=0.00..705507.15 rows=5948263 width=4) (actual time=29.026..10912.916 rows=6000898 loops=1)
        Filter: (person_id > 3046834)
        Rows Removed by Filter: 30243446
  ->  Hash  (cost=95474.71..95474.71 rows=12079 width=8) (actual time=1306.511..1306.511 rows=4936 loops=1)
        Buckets: 16384  Batches: 1  Memory Usage: 321kB
        ->  Hash Join  (cost=68426.36..95474.71 rows=12079 width=8) (actual time=768.720..1304.319 rows=4936 loops=1)
              Hash Cond: (mi_idx.movie_id = t.id)
              ->  Seq Scan on movie_info_idx mi_idx  (cost=0.00..25185.44 rows=464566 width=4) (actual time=0.009..408.627 rows=459925 loops=1)
                    Filter: (info_type_id = 101)
                    Rows Removed by Filter: 920110
              ->  Hash  (cost=67604.59..67604.59 rows=65742 width=4) (actual time=768.151..768.151 rows=63827 loops=1)
                    Buckets: 131072  Batches: 1  Memory Usage: 3268kB
                    ->  Seq Scan on title t  (cost=0.00..67604.59 rows=65742 width=4) (actual time=0.019..745.896 rows=63827 loops=1)
                          Filter: (production_year = 2013)
                          Rows Removed by Filter: 2464485
Planning time: 0.745 ms
Execution time: 13437.234 ms
