Seq Scan on movie_companies mc  (cost=0.00..51404.11 rows=657126 width=0) (actual time=0.022..699.380 rows=662018 loops=1)
  Filter: (company_id > 52119)
  Rows Removed by Filter: 1947111
Planning time: 0.209 ms
Execution time: 783.547 ms
