Seq Scan on cast_info ci  (cost=0.00..796071.18 rows=2611873 width=0) (actual time=10310.741..12426.804 rows=3058326 loops=1)
  Filter: ((person_id > 1232211) AND (role_id = 3))
  Rows Removed by Filter: 33186018
Planning time: 0.353 ms
Execution time: 12815.828 ms
