Hash Join  (cost=129153.44..221113.39 rows=94067 width=0) (actual time=2800.988..5152.281 rows=981577 loops=1)
  Hash Cond: (mk.movie_id = t.id)
  ->  Seq Scan on movie_keyword mk  (cost=0.00..81003.12 rows=760574 width=4) (actual time=0.033..1209.827 rows=767914 loops=1)
        Filter: (keyword_id > 24382)
        Rows Removed by Filter: 3756016
  ->  Hash  (cost=124022.39..124022.39 rows=312724 width=8) (actual time=2800.147..2800.147 rows=569490 loops=1)
        Buckets: 131072  Batches: 8  Memory Usage: 3827kB
        ->  Hash Join  (cost=81720.25..124022.39 rows=312724 width=8) (actual time=1312.637..2615.708 rows=569490 loops=1)
              Hash Cond: (mi_idx.movie_id = t.id)
              ->  Seq Scan on movie_info_idx mi_idx  (cost=0.00..25185.44 rows=919057 width=4) (actual time=0.023..533.335 rows=920110 loops=1)
                    Filter: (info_type_id > 99)
                    Rows Removed by Filter: 459925
              ->  Hash  (cost=67604.59..67604.59 rows=860373 width=4) (actual time=1311.316..1311.316 rows=854214 loops=1)
                    Buckets: 131072  Batches: 16  Memory Usage: 2897kB
                    ->  Seq Scan on title t  (cost=0.00..67604.59 rows=860373 width=4) (actual time=0.023..1037.598 rows=854214 loops=1)
                          Filter: (kind_id < 4)
                          Rows Removed by Filter: 1674098
Planning time: 1.093 ms
Execution time: 5277.169 ms
