Hash Join  (cost=86546.29..128161.15 rows=279596 width=0) (actual time=1640.520..2778.386 rows=499997 loops=1)
  Hash Cond: (mi_idx.movie_id = t.id)
  ->  Seq Scan on movie_info_idx mi_idx  (cost=0.00..25185.44 rows=919057 width=4) (actual time=0.021..467.448 rows=920110 loops=1)
        Filter: (info_type_id > 99)
        Rows Removed by Filter: 459925
  ->  Hash  (cost=73925.90..73925.90 rows=769231 width=4) (actual time=1639.292..1639.292 rows=667037 loops=1)
        Buckets: 131072  Batches: 16  Memory Usage: 2487kB
        ->  Seq Scan on title t  (cost=0.00..73925.90 rows=769231 width=4) (actual time=0.021..1116.415 rows=667037 loops=1)
              Filter: ((kind_id < 4) AND (production_year > 1955))
              Rows Removed by Filter: 1861275
Planning time: 0.737 ms
Execution time: 2839.689 ms
