Seq Scan on movie_keyword mk  (cost=0.00..81003.12 rows=246 width=0) (actual time=1.617..1200.217 rows=162 loops=1)
  Filter: (keyword_id = 6596)
  Rows Removed by Filter: 4523768
Planning time: 0.369 ms
Execution time: 1200.434 ms
