Seq Scan on movie_companies mc  (cost=0.00..57926.93 rows=1103983 width=40) (actual time=0.032..1102.315 rows=887467 loops=1)
  Filter: ((company_id < 77502) AND (company_type_id = 2))
  Rows Removed by Filter: 1721662
Planning time: 0.518 ms
Execution time: 1147.810 ms
