Hash Join  (cost=929187.25..1062215.12 rows=904984 width=0) (actual time=16663.066..20676.755 rows=2419711 loops=1)
  Hash Cond: (mk.movie_id = t.id)
  ->  Seq Scan on movie_keyword mk  (cost=0.00..69693.30 rows=4523930 width=4) (actual time=0.021..1491.298 rows=4523930 loops=1)
  ->  Hash  (cost=920888.55..920888.55 rows=505816 width=8) (actual time=16662.152..16662.152 rows=595944 loops=1)
        Buckets: 131072  Batches: 8  Memory Usage: 3934kB
        ->  Hash Join  (cost=102767.86..920888.55 rows=505816 width=8) (actual time=5623.836..16485.203 rows=595944 loops=1)
              Hash Cond: (ci.movie_id = t.id)
              ->  Seq Scan on cast_info ci  (cost=0.00..796071.18 rows=505816 width=4) (actual time=3743.244..13467.995 rows=595944 loops=1)
                    Filter: ((person_id > 1068972) AND (role_id = 6))
                    Rows Removed by Filter: 35648400
              ->  Hash  (cost=61283.27..61283.27 rows=2528527 width=4) (actual time=1878.918..1878.918 rows=2528312 loops=1)
                    Buckets: 131072  Batches: 64  Memory Usage: 2415kB
                    ->  Seq Scan on title t  (cost=0.00..61283.27 rows=2528527 width=4) (actual time=0.036..1039.763 rows=2528312 loops=1)
Planning time: 1.185 ms
Execution time: 20960.455 ms
