Nested Loop  (cost=0.43..83072.90 rows=10 width=0) (actual time=22.048..1105.056 rows=7 loops=1)
  ->  Seq Scan on movie_keyword mk  (cost=0.00..81003.12 rows=246 width=4) (actual time=0.142..1095.860 rows=376 loops=1)
        Filter: (keyword_id = 10180)
        Rows Removed by Filter: 4523554
  ->  Index Scan using title_pkey on title t  (cost=0.43..8.40 rows=1 width=4) (actual time=0.023..0.023 rows=0 loops=376)
        Index Cond: (id = mk.movie_id)
        Filter: ((kind_id > 1) AND (production_year = 2010))
        Rows Removed by Filter: 1
Planning time: 0.723 ms
Execution time: 1105.186 ms
