Hash Join  (cost=78178.99..1119432.18 rows=2726043 width=0) (actual time=1090.841..25678.703 rows=3118729 loops=1)
  Hash Cond: (ci.movie_id = t.id)
  ->  Seq Scan on cast_info ci  (cost=0.00..705507.15 rows=26592162 width=4) (actual time=0.027..12461.982 rows=26794402 loops=1)
        Filter: (person_id > 930021)
        Rows Removed by Filter: 9449942
  ->  Hash  (cost=73925.90..73925.90 rows=259207 width=4) (actual time=1089.953..1089.953 rows=271195 loops=1)
        Buckets: 131072  Batches: 4  Memory Usage: 3424kB
        ->  Seq Scan on title t  (cost=0.00..73925.90 rows=259207 width=4) (actual time=0.026..997.576 rows=271195 loops=1)
              Filter: ((kind_id > 3) AND (production_year > 2010))
              Rows Removed by Filter: 2257117
Planning time: 0.782 ms
Execution time: 26061.229 ms
