Seq Scan on movie_keyword mk  (cost=0.00..81003.12 rows=246 width=0) (actual time=8.380..1136.021 rows=584 loops=1)
  Filter: (keyword_id = 5292)
  Rows Removed by Filter: 4523346
Planning time: 0.315 ms
Execution time: 1136.315 ms
