Hash Join  (cost=58358.53..145016.59 rows=2 width=0) (actual time=817.779..2164.906 rows=137 loops=1)
  Hash Cond: (mk.movie_id = t.id)
  ->  Seq Scan on movie_keyword mk  (cost=0.00..69693.30 rows=4523930 width=4) (actual time=0.025..691.087 rows=4523930 loops=1)
  ->  Hash  (cost=58358.52..58358.52 rows=1 width=8) (actual time=777.926..777.926 rows=9 loops=1)
        Buckets: 1024  Batches: 1  Memory Usage: 9kB
        ->  Nested Loop  (cost=0.43..58358.52 rows=1 width=8) (actual time=510.197..777.910 rows=9 loops=1)
              ->  Seq Scan on movie_companies mc  (cost=0.00..57926.93 rows=51 width=4) (actual time=386.266..768.803 rows=235 loops=1)
                    Filter: ((company_type_id < 2) AND (company_id = 5690))
                    Rows Removed by Filter: 2608894
              ->  Index Scan using title_pkey on title t  (cost=0.43..8.45 rows=1 width=4) (actual time=0.038..0.038 rows=0 loops=235)
                    Index Cond: (id = mc.movie_id)
                    Filter: ((kind_id < 7) AND (production_year = 2000))
                    Rows Removed by Filter: 1
Planning time: 1.130 ms
Execution time: 2165.096 ms
