Hash Join  (cost=263115.61..1571704.18 rows=25092567 width=0) (actual time=6451.308..46255.489 rows=51901473 loops=1)
  Hash Cond: (ci.movie_id = t.id)
  ->  Seq Scan on cast_info ci  (cost=0.00..705507.15 rows=24317400 width=4) (actual time=0.019..12847.200 rows=24265868 loops=1)
        Filter: (person_id < 2490735)
        Rows Removed by Filter: 11978476
  ->  Hash  (cost=220309.49..220309.49 rows=2609129 width=8) (actual time=6450.131..6450.131 rows=2609129 loops=1)
        Buckets: 131072  Batches: 64  Memory Usage: 2610kB
        ->  Hash Join  (cost=102767.86..220309.49 rows=2609129 width=8) (actual time=2322.029..5781.127 rows=2609129 loops=1)
              Hash Cond: (mc.movie_id = t.id)
              ->  Seq Scan on movie_companies mc  (cost=0.00..44881.29 rows=2609129 width=4) (actual time=0.023..742.068 rows=2609129 loops=1)
              ->  Hash  (cost=61283.27..61283.27 rows=2528527 width=4) (actual time=2320.659..2320.659 rows=2528312 loops=1)
                    Buckets: 131072  Batches: 64  Memory Usage: 2415kB
                    ->  Seq Scan on title t  (cost=0.00..61283.27 rows=2528527 width=4) (actual time=0.020..768.290 rows=2528312 loops=1)
Planning time: 1.152 ms
Execution time: 51900.129 ms
