Hash Join  (cost=193927.26..682921.64 rows=861043 width=0) (actual time=3972.723..19539.971 rows=21345843 loops=1)
  Hash Cond: (mi.movie_id = t.id)
  ->  Seq Scan on movie_info mi  (cost=0.00..309384.22 rows=14739122 width=4) (actual time=0.019..4687.787 rows=14835720 loops=1)
  ->  Hash  (cost=191502.84..191502.84 rows=147714 width=8) (actual time=3968.880..3968.880 rows=518372 loops=1)
        Buckets: 131072 (originally 131072)  Batches: 8 (originally 2)  Memory Usage: 3623kB
        ->  Hash Join  (cost=76113.69..191502.84 rows=147714 width=8) (actual time=1022.320..3803.881 rows=518372 loops=1)
              Hash Cond: (mk.movie_id = t.id)
              ->  Seq Scan on movie_keyword mk  (cost=0.00..81003.12 rows=2801035 width=4) (actual time=0.024..1521.456 rows=2797536 loops=1)
                    Filter: (keyword_id > 2799)
                    Rows Removed by Filter: 1726394
              ->  Hash  (cost=73925.90..73925.90 rows=133343 width=4) (actual time=1021.468..1021.468 rows=233692 loops=1)
                    Buckets: 131072 (originally 131072)  Batches: 4 (originally 2)  Memory Usage: 3085kB
                    ->  Seq Scan on title t  (cost=0.00..73925.90 rows=133343 width=4) (actual time=0.035..934.780 rows=233692 loops=1)
                          Filter: ((kind_id < 7) AND (production_year < 1968))
                          Rows Removed by Filter: 2294620
Planning time: 1.109 ms
Execution time: 21671.090 ms
