Hash Join  (cost=75199.97..154160.47 rows=70466 width=0) (actual time=1575.382..3164.197 rows=35914 loops=1)
  Hash Cond: (mc.movie_id = t.id)
  ->  Seq Scan on movie_companies mc  (cost=0.00..51404.11 rows=2295927 width=4) (actual time=0.020..1078.279 rows=2295849 loops=1)
        Filter: (company_id < 92288)
        Rows Removed by Filter: 313280
  ->  Hash  (cost=73925.90..73925.90 rows=77605 width=4) (actual time=1258.498..1258.498 rows=84684 loops=1)
        Buckets: 131072  Batches: 2  Memory Usage: 2512kB
        ->  Seq Scan on title t  (cost=0.00..73925.90 rows=77605 width=4) (actual time=0.030..1219.101 rows=84684 loops=1)
              Filter: ((kind_id = 7) AND (production_year = 2009))
              Rows Removed by Filter: 2443628
Planning time: 0.790 ms
Execution time: 3169.276 ms
