Hash Join  (cost=128661.55..209818.82 rows=33 width=0) (actual time=1749.090..2613.431 rows=25 loops=1)
  Hash Cond: (mk.movie_id = t.id)
  ->  Seq Scan on movie_keyword mk  (cost=0.00..81003.12 rows=41017 width=4) (actual time=0.068..861.893 rows=41840 loops=1)
        Filter: (keyword_id = 117)
        Rows Removed by Filter: 4482090
  ->  Hash  (cost=128636.23..128636.23 rows=2026 width=8) (actual time=1740.240..1740.240 rows=2865 loops=1)
        Buckets: 4096 (originally 2048)  Batches: 1 (originally 1)  Memory Usage: 144kB
        ->  Hash Join  (cost=73950.44..128636.23 rows=2026 width=8) (actual time=918.035..1738.861 rows=2865 loops=1)
              Hash Cond: (mc.movie_id = t.id)
              ->  Seq Scan on movie_companies mc  (cost=0.00..44881.29 rows=2609129 width=4) (actual time=0.021..439.536 rows=2609129 loops=1)
              ->  Hash  (cost=73925.90..73925.90 rows=1963 width=4) (actual time=818.712..818.712 rows=1487 loops=1)
                    Buckets: 2048  Batches: 1  Memory Usage: 69kB
                    ->  Seq Scan on title t  (cost=0.00..73925.90 rows=1963 width=4) (actual time=220.262..817.846 rows=1487 loops=1)
                          Filter: ((kind_id = 1) AND (production_year = 1907))
                          Rows Removed by Filter: 2526825
Planning time: 1.175 ms
Execution time: 2613.576 ms
