Hash Join  (cost=84417.00..162855.47 rows=428430 width=0) (actual time=1705.994..3258.851 rows=696871 loops=1)
  Hash Cond: (mc.movie_id = t.id)
  ->  Seq Scan on movie_companies mc  (cost=0.00..57926.93 rows=1057129 width=4) (actual time=381.089..969.736 rows=1274246 loops=1)
        Filter: ((company_id < 76807) AND (company_type_id < 2))
        Rows Removed by Filter: 1334883
  ->  Hash  (cost=67604.59..67604.59 rows=1024753 width=4) (actual time=1323.724..1323.724 rows=1021752 loops=1)
        Buckets: 131072  Batches: 16  Memory Usage: 3274kB
        ->  Seq Scan on title t  (cost=0.00..67604.59 rows=1024753 width=4) (actual time=0.023..1002.132 rows=1021752 loops=1)
              Filter: (production_year < 2000)
              Rows Removed by Filter: 1506560
Planning time: 0.570 ms
Execution time: 3342.145 ms
