Hash Join  (cost=196423.19..1006441.08 rows=145348 width=0) (actual time=10334.346..14741.371 rows=480727 loops=1)
  Hash Cond: (ci.movie_id = t.id)
  ->  Seq Scan on cast_info ci  (cost=0.00..796071.18 rows=949662 width=4) (actual time=6279.197..9558.725 rows=2961067 loops=1)
        Filter: ((person_id > 2885281) AND (role_id = 10))
        Rows Removed by Filter: 33283277
  ->  Hash  (cost=190073.73..190073.73 rows=386997 width=8) (actual time=4053.624..4053.624 rows=84945 loops=1)
        Buckets: 131072  Batches: 8  Memory Usage: 1444kB
        ->  Hash Join  (cost=89649.84..190073.73 rows=386997 width=8) (actual time=2176.264..4027.271 rows=84945 loops=1)
              Hash Cond: (mk.movie_id = t.id)
              ->  Seq Scan on movie_keyword mk  (cost=0.00..81003.12 rows=1021011 width=4) (actual time=0.037..1229.078 rows=1024156 loops=1)
                    Filter: (keyword_id < 1002)
                    Rows Removed by Filter: 3499774
              ->  Hash  (cost=73925.90..73925.90 rows=958395 width=4) (actual time=1451.453..1451.453 rows=1050192 loops=1)
                    Buckets: 131072  Batches: 16  Memory Usage: 3346kB
                    ->  Seq Scan on title t  (cost=0.00..73925.90 rows=958395 width=4) (actual time=0.019..1110.795 rows=1050192 loops=1)
                          Filter: ((production_year > 1996) AND (kind_id = 7))
                          Rows Removed by Filter: 1478120
Planning time: 1.195 ms
Execution time: 14778.416 ms
