Hash Join  (cost=149039.64..1203693.67 rows=2029687 width=0) (actual time=2289.148..31065.151 rows=14788960 loops=1)
  Hash Cond: (ci.movie_id = t.id)
  ->  Seq Scan on cast_info ci  (cost=0.00..614943.12 rows=36225612 width=4) (actual time=0.021..10166.573 rows=36244344 loops=1)
  ->  Hash  (cost=146714.75..146714.75 rows=141671 width=8) (actual time=2288.173..2288.173 rows=242745 loops=1)
        Buckets: 131072 (originally 131072)  Batches: 4 (originally 2)  Memory Usage: 3383kB
        ->  Hash Join  (cost=78556.72..146714.75 rows=141671 width=8) (actual time=983.312..2209.109 rows=242745 loops=1)
              Hash Cond: (mc.movie_id = t.id)
              ->  Seq Scan on movie_companies mc  (cost=0.00..57926.93 rows=536634 width=4) (actual time=0.030..815.354 rows=745577 loops=1)
                    Filter: ((company_id < 7148) AND (company_type_id < 2))
                    Rows Removed by Filter: 1863552
              ->  Hash  (cost=67604.59..67604.59 rows=667531 width=4) (actual time=865.132..865.132 rows=662825 loops=1)
                    Buckets: 131072  Batches: 16  Memory Usage: 2476kB
                    ->  Seq Scan on title t  (cost=0.00..67604.59 rows=667531 width=4) (actual time=0.021..680.836 rows=662825 loops=1)
                          Filter: (kind_id = 1)
                          Rows Removed by Filter: 1865487
Planning time: 1.101 ms
Execution time: 32799.877 ms
