Hash Join  (cost=345229.78..1113272.99 rows=21833358 width=0) (actual time=7555.725..65131.308 rows=191880592 loops=1)
  Hash Cond: (mi.movie_id = t.id)
  ->  Seq Scan on movie_info mi  (cost=0.00..309384.22 rows=14739122 width=4) (actual time=0.021..4590.069 rows=14835720 loops=1)
  ->  Hash  (cost=283778.30..283778.30 rows=3745558 width=8) (actual time=7553.939..7553.939 rows=3737249 loops=1)
        Buckets: 131072  Batches: 64  Memory Usage: 3411kB
        ->  Hash Join  (cost=102767.86..283778.30 rows=3745558 width=8) (actual time=1693.374..6427.077 rows=3737249 loops=1)
              Hash Cond: (mk.movie_id = t.id)
              ->  Seq Scan on movie_keyword mk  (cost=0.00..81003.12 rows=3745558 width=4) (actual time=0.026..1533.044 rows=3737249 loops=1)
                    Filter: (keyword_id < 23940)
                    Rows Removed by Filter: 786681
              ->  Hash  (cost=61283.27..61283.27 rows=2528527 width=4) (actual time=1691.810..1691.810 rows=2528312 loops=1)
                    Buckets: 131072  Batches: 64  Memory Usage: 2425kB
                    ->  Seq Scan on title t  (cost=0.00..61283.27 rows=2528527 width=4) (actual time=0.027..835.499 rows=2528312 loops=1)
Planning time: 1.132 ms
Execution time: 86377.978 ms
