Seq Scan on cast_info ci  (cost=0.00..796071.18 rows=3802898 width=0) (actual time=892.109..10381.329 rows=2333105 loops=1)
  Filter: ((person_id < 822527) AND (role_id > 2))
  Rows Removed by Filter: 33911239
Planning time: 0.326 ms
Execution time: 10666.809 ms
