Hash Join  (cost=209428.75..748951.37 rows=5596569 width=0) (actual time=3395.987..18016.916 rows=9040446 loops=1)
  Hash Cond: (mi.movie_id = t.id)
  ->  Seq Scan on movie_info mi  (cost=0.00..309384.22 rows=14739122 width=4) (actual time=0.028..4869.881 rows=14835720 loops=1)
  ->  Hash  (cost=193676.47..193676.47 rows=960103 width=8) (actual time=3394.915..3394.915 rows=648686 loops=1)
        Buckets: 131072  Batches: 16  Memory Usage: 2609kB
        ->  Hash Join  (cost=102767.86..193676.47 rows=960103 width=8) (actual time=1853.298..3220.269 rows=648686 loops=1)
              Hash Cond: (mc.movie_id = t.id)
              ->  Seq Scan on movie_companies mc  (cost=0.00..57926.93 rows=960103 width=4) (actual time=251.581..767.440 rows=648686 loops=1)
                    Filter: ((company_id < 40708) AND (company_type_id = 2))
                    Rows Removed by Filter: 1960443
              ->  Hash  (cost=61283.27..61283.27 rows=2528527 width=4) (actual time=1600.527..1600.527 rows=2528312 loops=1)
                    Buckets: 131072  Batches: 64  Memory Usage: 2415kB
                    ->  Seq Scan on title t  (cost=0.00..61283.27 rows=2528527 width=4) (actual time=0.010..809.507 rows=2528312 loops=1)
Planning time: 1.154 ms
Execution time: 19031.277 ms
