Hash Join  (cost=102767.86..228769.76 rows=1459494 width=0) (actual time=1546.265..4136.511 rows=1469607 loops=1)
  Hash Cond: (mk.movie_id = t.id)
  ->  Seq Scan on movie_keyword mk  (cost=0.00..81003.12 rows=1459494 width=4) (actual time=0.016..1118.334 rows=1469607 loops=1)
        Filter: (keyword_id > 11216)
        Rows Removed by Filter: 3054323
  ->  Hash  (cost=61283.27..61283.27 rows=2528527 width=4) (actual time=1543.428..1543.428 rows=2528312 loops=1)
        Buckets: 131072  Batches: 64  Memory Usage: 2425kB
        ->  Seq Scan on title t  (cost=0.00..61283.27 rows=2528527 width=4) (actual time=0.009..779.100 rows=2528312 loops=1)
Planning time: 0.639 ms
Execution time: 4318.468 ms
