Hash Join  (cost=185177.33..1295805.49 rows=7478500 width=0) (actual time=3871.192..39228.859 rows=15815658 loops=1)
  Hash Cond: (ci.movie_id = t.id)
  ->  Seq Scan on cast_info ci  (cost=0.00..614943.12 rows=36225612 width=4) (actual time=0.011..13242.812 rows=36244344 loops=1)
  ->  Hash  (cost=176612.39..176612.39 rows=521995 width=8) (actual time=3870.459..3870.459 rows=521964 loops=1)
        Buckets: 131072  Batches: 8  Memory Usage: 3577kB
        ->  Hash Join  (cost=102767.86..176612.39 rows=521995 width=8) (actual time=2051.169..3720.301 rows=521964 loops=1)
              Hash Cond: (mc.movie_id = t.id)
              ->  Seq Scan on movie_companies mc  (cost=0.00..51404.11 rows=521995 width=4) (actual time=0.008..839.637 rows=521964 loops=1)
                    Filter: (company_id < 480)
                    Rows Removed by Filter: 2087165
              ->  Hash  (cost=61283.27..61283.27 rows=2528527 width=4) (actual time=2050.405..2050.405 rows=2528312 loops=1)
                    Buckets: 131072  Batches: 64  Memory Usage: 2415kB
                    ->  Seq Scan on title t  (cost=0.00..61283.27 rows=2528527 width=4) (actual time=0.016..1204.696 rows=2528312 loops=1)
Planning time: 0.861 ms
Execution time: 41145.497 ms
