Hash Join  (cost=102767.86..1688527.59 rows=36171359 width=0) (actual time=1735.993..45062.526 rows=36172004 loops=1)
  Hash Cond: (ci.movie_id = t.id)
  ->  Seq Scan on cast_info ci  (cost=0.00..705507.15 rows=36171359 width=4) (actual time=0.017..14121.912 rows=36172004 loops=1)
        Filter: (person_id < 4050800)
        Rows Removed by Filter: 72340
  ->  Hash  (cost=61283.27..61283.27 rows=2528527 width=4) (actual time=1734.597..1734.597 rows=2528312 loops=1)
        Buckets: 131072  Batches: 64  Memory Usage: 2415kB
        ->  Seq Scan on title t  (cost=0.00..61283.27 rows=2528527 width=4) (actual time=0.010..888.153 rows=2528312 loops=1)
Planning time: 0.695 ms
Execution time: 48991.595 ms
