Hash Join  (cost=102767.86..186814.15 rows=674914 width=0) (actual time=1760.582..3622.328 rows=918953 loops=1)
  Hash Cond: (mc.movie_id = t.id)
  ->  Seq Scan on movie_companies mc  (cost=0.00..57926.93 rows=674914 width=4) (actual time=102.593..906.555 rows=918953 loops=1)
        Filter: ((company_id > 11203) AND (company_type_id = 2))
        Rows Removed by Filter: 1690176
  ->  Hash  (cost=61283.27..61283.27 rows=2528527 width=4) (actual time=1656.740..1656.740 rows=2528312 loops=1)
        Buckets: 131072  Batches: 64  Memory Usage: 2415kB
        ->  Seq Scan on title t  (cost=0.00..61283.27 rows=2528527 width=4) (actual time=0.024..782.101 rows=2528312 loops=1)
Planning time: 0.771 ms
Execution time: 3726.185 ms
