Hash Join  (cost=168327.97..614786.35 rows=1457510 width=0) (actual time=4459.807..16916.378 rows=12841507 loops=1)
  Hash Cond: (mi.movie_id = t.id)
  ->  Seq Scan on movie_info mi  (cost=0.00..346232.03 rows=7235534 width=4) (actual time=163.914..5003.699 rows=7286865 loops=1)
        Filter: (info_type_id < 8)
        Rows Removed by Filter: 7548855
  ->  Hash  (cost=159971.21..159971.21 rows=509341 width=8) (actual time=4212.706..4212.706 rows=927990 loops=1)
        Buckets: 131072 (originally 131072)  Batches: 16 (originally 8)  Memory Usage: 3356kB
        ->  Hash Join  (cost=78556.72..159971.21 rows=509341 width=8) (actual time=1789.351..3909.297 rows=927990 loops=1)
              Hash Cond: (mc.movie_id = t.id)
              ->  Seq Scan on movie_companies mc  (cost=0.00..51404.11 rows=1929323 width=4) (actual time=0.027..806.263 rows=1923662 loops=1)
                    Filter: (company_id < 47808)
                    Rows Removed by Filter: 685467
              ->  Hash  (cost=67604.59..67604.59 rows=667531 width=4) (actual time=1788.490..1788.490 rows=662825 loops=1)
                    Buckets: 131072  Batches: 16  Memory Usage: 2476kB
                    ->  Seq Scan on title t  (cost=0.00..67604.59 rows=667531 width=4) (actual time=0.010..885.875 rows=662825 loops=1)
                          Filter: (kind_id = 1)
                          Rows Removed by Filter: 1865487
Planning time: 1.144 ms
Execution time: 18428.636 ms
