Hash Join  (cost=170379.04..286001.16 rows=172669 width=0) (actual time=3001.196..6206.432 rows=773147 loops=1)
  Hash Cond: (mk.movie_id = t.id)
  ->  Seq Scan on movie_keyword mk  (cost=0.00..81003.12 rows=2791815 width=4) (actual time=0.030..1417.869 rows=2781828 loops=1)
        Filter: (keyword_id > 2847)
        Rows Removed by Filter: 1742102
  ->  Hash  (cost=167813.23..167813.23 rows=156385 width=8) (actual time=3000.060..3000.060 rows=154929 loops=1)
        Buckets: 131072  Batches: 4  Memory Usage: 2551kB
        ->  Hash Join  (cost=102767.86..167813.23 rows=156385 width=8) (actual time=1718.541..2947.294 rows=154929 loops=1)
              Hash Cond: (mc.movie_id = t.id)
              ->  Seq Scan on movie_companies mc  (cost=0.00..51404.11 rows=156385 width=4) (actual time=0.017..681.616 rows=154929 loops=1)
                    Filter: (company_id > 129956)
                    Rows Removed by Filter: 2454200
              ->  Hash  (cost=61283.27..61283.27 rows=2528527 width=4) (actual time=1716.568..1716.568 rows=2528312 loops=1)
                    Buckets: 131072  Batches: 64  Memory Usage: 2415kB
                    ->  Seq Scan on title t  (cost=0.00..61283.27 rows=2528527 width=4) (actual time=0.022..905.770 rows=2528312 loops=1)
Planning time: 1.039 ms
Execution time: 6281.907 ms
