Hash Join  (cost=131974.63..885946.92 rows=318312 width=0) (actual time=2102.988..14802.090 rows=141944 loops=1)
  Hash Cond: (ci.movie_id = t.id)
  ->  Seq Scan on cast_info ci  (cost=0.00..614943.12 rows=36225612 width=4) (actual time=0.013..5944.757 rows=36244344 loops=1)
  ->  Hash  (cost=131696.90..131696.90 rows=22218 width=8) (actual time=2102.692..2102.692 rows=4009 loops=1)
        Buckets: 32768  Batches: 1  Memory Usage: 413kB
        ->  Hash Join  (cost=74389.43..131696.90 rows=22218 width=8) (actual time=966.710..2100.715 rows=4009 loops=1)
              Hash Cond: (mc.movie_id = t.id)
              ->  Seq Scan on movie_companies mc  (cost=0.00..51404.11 rows=1514982 width=4) (actual time=0.016..766.465 rows=1521914 loops=1)
                    Filter: (company_id > 7144)
                    Rows Removed by Filter: 1087215
              ->  Hash  (cost=73925.90..73925.90 rows=37082 width=4) (actual time=962.323..962.323 rows=41935 loops=1)
                    Buckets: 65536  Batches: 1  Memory Usage: 1987kB
                    ->  Seq Scan on title t  (cost=0.00..73925.90 rows=37082 width=4) (actual time=0.013..945.866 rows=41935 loops=1)
                          Filter: ((kind_id = 7) AND (production_year = 2002))
                          Rows Removed by Filter: 2486377
Planning time: 1.148 ms
Execution time: 14822.252 ms
