Seq Scan on cast_info ci  (cost=0.00..705507.15 rows=500 width=0) (actual time=2047.835..8966.055 rows=25 loops=1)
  Filter: (person_id = 2993508)
  Rows Removed by Filter: 36244319
Planning time: 0.325 ms
Execution time: 8966.175 ms
