Hash Join  (cost=100862.36..187529.74 rows=934 width=0) (actual time=1450.743..3018.702 rows=20349 loops=1)
  Hash Cond: (mk.movie_id = t.id)
  ->  Seq Scan on movie_keyword mk  (cost=0.00..69693.30 rows=4523930 width=4) (actual time=0.035..752.901 rows=4523930 loops=1)
  ->  Hash  (cost=100855.84..100855.84 rows=522 width=8) (actual time=1449.735..1449.735 rows=2147 loops=1)
        Buckets: 4096 (originally 1024)  Batches: 1 (originally 1)  Memory Usage: 116kB
        ->  Hash Join  (cost=73962.22..100855.84 rows=522 width=8) (actual time=985.797..1448.612 rows=2147 loops=1)
              Hash Cond: (mi_idx.movie_id = t.id)
              ->  Seq Scan on movie_info_idx mi_idx  (cost=0.00..25185.44 rows=454124 width=4) (actual time=0.026..379.629 rows=459925 loops=1)
                    Filter: (info_type_id = 100)
                    Rows Removed by Filter: 920110
              ->  Hash  (cost=73925.90..73925.90 rows=2905 width=4) (actual time=985.458..985.458 rows=6090 loops=1)
                    Buckets: 8192 (originally 4096)  Batches: 1 (originally 1)  Memory Usage: 279kB
                    ->  Seq Scan on title t  (cost=0.00..73925.90 rows=2905 width=4) (actual time=0.026..982.368 rows=6090 loops=1)
                          Filter: ((kind_id < 7) AND (production_year = 1968))
                          Rows Removed by Filter: 2522222
Planning time: 1.108 ms
Execution time: 3021.594 ms
