Hash Join  (cost=58375.85..85286.62 rows=29 width=0) (actual time=593.358..1111.113 rows=54 loops=1)
  Hash Cond: (mi_idx.movie_id = t.id)
  ->  Seq Scan on movie_info_idx mi_idx  (cost=0.00..21735.35 rows=1380035 width=4) (actual time=0.023..253.612 rows=1380035 loops=1)
  ->  Hash  (cost=58375.18..58375.18 rows=53 width=8) (actual time=593.003..593.003 rows=37 loops=1)
        Buckets: 1024  Batches: 1  Memory Usage: 10kB
        ->  Nested Loop  (cost=0.43..58375.18 rows=53 width=8) (actual time=329.317..592.973 rows=37 loops=1)
              ->  Seq Scan on movie_companies mc  (cost=0.00..57926.93 rows=53 width=4) (actual time=329.215..591.766 rows=37 loops=1)
                    Filter: ((company_id = 71257) AND (company_type_id = 2))
                    Rows Removed by Filter: 2609092
              ->  Index Only Scan using title_pkey on title t  (cost=0.43..8.45 rows=1 width=4) (actual time=0.029..0.030 rows=1 loops=37)
                    Index Cond: (id = mc.movie_id)
                    Heap Fetches: 37
Planning time: 1.099 ms
Execution time: 1111.260 ms
