Seq Scan on movie_companies mc  (cost=0.00..57926.93 rows=664577 width=0) (actual time=361.221..808.342 rows=434855 loops=1)
  Filter: ((company_id > 11147) AND (company_type_id = 1))
  Rows Removed by Filter: 2174274
Planning time: 0.384 ms
Execution time: 862.682 ms
