Hash Join  (cost=132170.53..496865.92 rows=3949 width=0) (actual time=1184.144..6873.395 rows=10816 loops=1)
  Hash Cond: (mi.movie_id = t.id)
  ->  Seq Scan on movie_info mi  (cost=0.00..309384.22 rows=14739122 width=4) (actual time=0.022..2919.947 rows=14835720 loops=1)
  ->  Hash  (cost=132162.07..132162.07 rows=677 width=8) (actual time=1183.247..1183.247 rows=227 loops=1)
        Buckets: 1024  Batches: 1  Memory Usage: 17kB
        ->  Nested Loop  (cost=0.43..132162.07 rows=677 width=8) (actual time=0.882..1183.018 rows=227 loops=1)
              ->  Seq Scan on movie_keyword mk  (cost=0.00..81003.12 rows=7389 width=4) (actual time=0.041..1042.192 rows=9638 loops=1)
                    Filter: (keyword_id = 236)
                    Rows Removed by Filter: 4514292
              ->  Index Scan using title_pkey on title t  (cost=0.43..6.91 rows=1 width=4) (actual time=0.014..0.014 rows=0 loops=9638)
                    Index Cond: (id = mk.movie_id)
                    Filter: (production_year > 2011)
                    Rows Removed by Filter: 1
Planning time: 1.078 ms
Execution time: 6875.394 ms
