Seq Scan on movie_companies mc  (cost=0.00..51404.11 rows=1133975 width=0) (actual time=0.029..787.740 rows=1129112 loops=1)
  Filter: (company_id < 8229)
  Rows Removed by Filter: 1480017
Planning time: 0.314 ms
Execution time: 935.910 ms
