Hash Join  (cost=238750.64..787871.78 rows=6496121 width=0) (actual time=4312.241..27836.502 rows=49546495 loops=1)
  Hash Cond: (mi.movie_id = t.id)
  ->  Seq Scan on movie_info mi  (cost=0.00..309384.22 rows=14739122 width=4) (actual time=0.021..4523.637 rows=14835720 loops=1)
  ->  Hash  (cost=220466.36..220466.36 rows=1114423 width=8) (actual time=4311.425..4311.425 rows=1120975 loops=1)
        Buckets: 131072  Batches: 16  Memory Usage: 3871kB
        ->  Hash Join  (cost=102767.86..220466.36 rows=1114423 width=8) (actual time=1501.261..3988.095 rows=1120975 loops=1)
              Hash Cond: (mk.movie_id = t.id)
              ->  Seq Scan on movie_keyword mk  (cost=0.00..81003.12 rows=1114423 width=4) (actual time=0.028..1251.486 rows=1120975 loops=1)
                    Filter: (keyword_id < 1198)
                    Rows Removed by Filter: 3402955
              ->  Hash  (cost=61283.27..61283.27 rows=2528527 width=4) (actual time=1500.016..1500.016 rows=2528312 loops=1)
                    Buckets: 131072  Batches: 64  Memory Usage: 2425kB
                    ->  Seq Scan on title t  (cost=0.00..61283.27 rows=2528527 width=4) (actual time=0.027..758.018 rows=2528312 loops=1)
Planning time: 1.051 ms
Execution time: 33680.294 ms
