Hash Join  (cost=74069.30..133764.55 rows=2114 width=0) (actual time=875.259..1720.390 rows=1903 loops=1)
  Hash Cond: (mc.movie_id = t.id)
  ->  Seq Scan on movie_companies mc  (cost=0.00..57926.93 rows=465913 width=4) (actual time=0.026..785.624 rows=265587 loops=1)
        Filter: ((company_id < 3094) AND (company_type_id = 2))
        Rows Removed by Filter: 2343542
  ->  Hash  (cost=73925.90..73925.90 rows=11472 width=4) (actual time=874.571..874.571 rows=10858 loops=1)
        Buckets: 16384  Batches: 1  Memory Usage: 510kB
        ->  Seq Scan on title t  (cost=0.00..73925.90 rows=11472 width=4) (actual time=0.039..869.631 rows=10858 loops=1)
              Filter: ((kind_id < 6) AND (production_year = 1994))
              Rows Removed by Filter: 2517454
Planning time: 0.733 ms
Execution time: 1720.890 ms
