Hash Join  (cost=92883.59..1468928.12 rows=21418139 width=0) (actual time=1744.376..40595.769 rows=20711059 loops=1)
  Hash Cond: (ci.movie_id = t.id)
  ->  Seq Scan on cast_info ci  (cost=0.00..705507.15 rows=35148198 width=4) (actual time=0.025..14031.369 rows=35141398 loops=1)
        Filter: (person_id < 3847843)
        Rows Removed by Filter: 1102946
  ->  Hash  (cost=67604.59..67604.59 rows=1540800 width=4) (actual time=1743.083..1743.083 rows=1543264 loops=1)
        Buckets: 131072  Batches: 32  Memory Usage: 2722kB
        ->  Seq Scan on title t  (cost=0.00..67604.59 rows=1540800 width=4) (actual time=58.624..901.038 rows=1543264 loops=1)
              Filter: (kind_id = 7)
              Rows Removed by Filter: 985048
Planning time: 0.676 ms
Execution time: 42932.928 ms
