Seq Scan on cast_info ci  (cost=0.00..705507.15 rows=500 width=0) (actual time=354.355..8477.016 rows=3 loops=1)
  Filter: (person_id = 1488193)
  Rows Removed by Filter: 36244341
Planning time: 0.330 ms
Execution time: 8477.106 ms
