Hash Join  (cost=83287.25..170021.54 rows=7625 width=0) (actual time=765.031..2294.951 rows=3259 loops=1)
  Hash Cond: (mk.movie_id = t.id)
  ->  Seq Scan on movie_keyword mk  (cost=0.00..69693.30 rows=4523930 width=4) (actual time=0.025..740.011 rows=4523930 loops=1)
  ->  Hash  (cost=83233.98..83233.98 rows=4262 width=8) (actual time=763.793..763.793 rows=4106 loops=1)
        Buckets: 8192  Batches: 1  Memory Usage: 225kB
        ->  Nested Loop  (cost=0.43..83233.98 rows=4262 width=8) (actual time=0.201..761.612 rows=4106 loops=1)
              ->  Seq Scan on movie_companies mc  (cost=0.00..51404.11 rows=4262 width=4) (actual time=0.130..683.451 rows=4106 loops=1)
                    Filter: (company_id = 11387)
                    Rows Removed by Filter: 2605023
              ->  Index Only Scan using title_pkey on title t  (cost=0.43..7.46 rows=1 width=4) (actual time=0.018..0.018 rows=1 loops=4106)
                    Index Cond: (id = mc.movie_id)
                    Heap Fetches: 4106
Planning time: 1.085 ms
Execution time: 2295.634 ms
