Seq Scan on cast_info ci  (cost=0.00..796071.18 rows=23706643 width=0) (actual time=0.029..13932.032 rows=26487378 loops=1)
  Filter: ((person_id < 3018696) AND (role_id < 8))
  Rows Removed by Filter: 9756966
Planning time: 0.351 ms
Execution time: 16988.212 ms
