Hash Join  (cost=101132.29..156078.43 rows=905061 width=0) (actual time=1738.700..3351.794 rows=741570 loops=1)
  Hash Cond: (mi_idx.movie_id = t.id)
  ->  Seq Scan on movie_info_idx mi_idx  (cost=0.00..21735.35 rows=1380035 width=4) (actual time=0.021..401.278 rows=1380035 loops=1)
  ->  Hash  (cost=73925.90..73925.90 rows=1658271 width=4) (actual time=1737.601..1737.601 rows=1768410 loops=1)
        Buckets: 131072  Batches: 32  Memory Usage: 2971kB
        ->  Seq Scan on title t  (cost=0.00..73925.90 rows=1658271 width=4) (actual time=0.015..1173.832 rows=1768410 loops=1)
              Filter: ((kind_id > 1) AND (production_year > 1956))
              Rows Removed by Filter: 759902
Planning time: 0.635 ms
Execution time: 3449.754 ms
