Hash Join  (cost=133596.87..634887.08 rows=2013432 width=0) (actual time=2530.707..16574.398 rows=13486049 loops=1)
  Hash Cond: (mi.movie_id = t.id)
  ->  Seq Scan on movie_info mi  (cost=0.00..309384.22 rows=14739122 width=4) (actual time=0.018..4632.550 rows=14835720 loops=1)
  ->  Hash  (cost=127929.27..127929.27 rows=345408 width=8) (actual time=2530.000..2530.000 rows=616214 loops=1)
        Buckets: 131072  Batches: 8  Memory Usage: 4056kB
        ->  Hash Join  (cost=84309.71..127929.27 rows=345408 width=8) (actual time=1541.812..2373.287 rows=616214 loops=1)
              Hash Cond: (mi_idx.movie_id = t.id)
              ->  Seq Scan on movie_info_idx mi_idx  (cost=0.00..21735.35 rows=1380035 width=4) (actual time=0.022..292.462 rows=1380035 loops=1)
              ->  Hash  (cost=73925.90..73925.90 rows=632864 width=4) (actual time=1344.610..1344.610 rows=588795 loops=1)
                    Buckets: 131072  Batches: 16  Memory Usage: 2315kB
                    ->  Seq Scan on title t  (cost=0.00..73925.90 rows=632864 width=4) (actual time=427.499..1148.366 rows=588795 loops=1)
                          Filter: ((production_year > 1915) AND (kind_id = 1))
                          Rows Removed by Filter: 1939517
Planning time: 1.091 ms
Execution time: 17945.033 ms
