Hash Join  (cost=164884.92..943357.99 rows=293814 width=0) (actual time=2659.771..17720.046 rows=1154018 loops=1)
  Hash Cond: (ci.movie_id = t.id)
  ->  Seq Scan on cast_info ci  (cost=0.00..705507.15 rows=18674081 width=4) (actual time=0.014..10024.945 rows=18820859 loops=1)
        Filter: (person_id > 1722937)
        Rows Removed by Filter: 17423485
  ->  Hash  (cost=164387.63..164387.63 rows=39783 width=8) (actual time=2659.231..2659.231 rows=42542 loops=1)
        Buckets: 65536  Batches: 1  Memory Usage: 2174kB
        ->  Hash Join  (cost=69002.72..164387.63 rows=39783 width=8) (actual time=925.903..2644.242 rows=42542 loops=1)
              Hash Cond: (mk.movie_id = t.id)
              ->  Seq Scan on movie_keyword mk  (cost=0.00..81003.12 rows=1180520 width=4) (actual time=0.027..1297.323 rows=1185160 loops=1)
                    Filter: (keyword_id < 1415)
                    Rows Removed by Filter: 3338770
              ->  Hash  (cost=67604.59..67604.59 rows=85211 width=4) (actual time=924.382..924.382 rows=84593 loops=1)
                    Buckets: 131072  Batches: 2  Memory Usage: 2524kB
                    ->  Seq Scan on title t  (cost=0.00..67604.59 rows=85211 width=4) (actual time=0.027..890.220 rows=84593 loops=1)
                          Filter: (production_year = 2004)
                          Rows Removed by Filter: 2443719
Planning time: 2.097 ms
Execution time: 17873.906 ms
