Hash Join  (cost=28270.40..117481.16 rows=318 width=0) (actual time=221.437..1656.870 rows=21675 loops=1)
  Hash Cond: (mk.movie_id = t.id)
  ->  Seq Scan on movie_keyword mk  (cost=0.00..81003.12 rows=2187855 width=4) (actual time=0.025..1137.159 rows=2186775 loops=1)
        Filter: (keyword_id > 5166)
        Rows Removed by Filter: 2337155
  ->  Hash  (cost=28265.80..28265.80 rows=368 width=8) (actual time=221.075..221.075 rows=260 loops=1)
        Buckets: 1024  Batches: 1  Memory Usage: 19kB
        ->  Nested Loop  (cost=0.43..28265.80 rows=368 width=8) (actual time=201.034..221.006 rows=260 loops=1)
              ->  Seq Scan on movie_info_idx mi_idx  (cost=0.00..25185.44 rows=368 width=4) (actual time=200.937..217.158 rows=260 loops=1)
                    Filter: (info_type_id > 101)
                    Rows Removed by Filter: 1379775
              ->  Index Only Scan using title_pkey on title t  (cost=0.43..8.36 rows=1 width=4) (actual time=0.014..0.014 rows=1 loops=260)
                    Index Cond: (id = mi_idx.movie_id)
                    Heap Fetches: 260
Planning time: 1.130 ms
Execution time: 1659.702 ms
