Hash Join  (cost=284852.04..1659726.11 rows=27099410 width=0) (actual time=5787.264..51518.842 rows=75463798 loops=1)
  Hash Cond: (ci.movie_id = t.id)
  ->  Seq Scan on cast_info ci  (cost=0.00..705507.15 rows=30405364 width=4) (actual time=0.018..13701.893 rows=30511650 loops=1)
        Filter: (role_id < 9)
        Rows Removed by Filter: 5732694
  ->  Hash  (cost=247878.02..247878.02 rows=2253602 width=8) (actual time=5785.747..5785.747 rows=2257232 loops=1)
        Buckets: 131072  Batches: 32  Memory Usage: 3765kB
        ->  Hash Join  (cost=102767.86..247878.02 rows=2253602 width=8) (actual time=1668.340..5124.051 rows=2257232 loops=1)
              Hash Cond: (mk.movie_id = t.id)
              ->  Seq Scan on movie_keyword mk  (cost=0.00..81003.12 rows=2253602 width=4) (actual time=0.045..1333.063 rows=2257232 loops=1)
                    Filter: (keyword_id < 4673)
                    Rows Removed by Filter: 2266698
              ->  Hash  (cost=61283.27..61283.27 rows=2528527 width=4) (actual time=1665.890..1665.890 rows=2528312 loops=1)
                    Buckets: 131072  Batches: 64  Memory Usage: 2425kB
                    ->  Seq Scan on title t  (cost=0.00..61283.27 rows=2528527 width=4) (actual time=0.020..800.324 rows=2528312 loops=1)
Planning time: 1.087 ms
Execution time: 59459.517 ms
