Hash Join  (cost=227768.00..768388.01 rows=3972716 width=0) (actual time=4417.072..28334.404 rows=64545139 loops=1)
  Hash Cond: (mi.movie_id = t.id)
  ->  Seq Scan on movie_info mi  (cost=0.00..309384.22 rows=14739122 width=4) (actual time=0.021..4697.641 rows=14835720 loops=1)
  ->  Hash  (cost=216585.90..216585.90 rows=681528 width=8) (actual time=4416.038..4416.038 rows=989866 loops=1)
        Buckets: 131072  Batches: 16  Memory Usage: 3615kB
        ->  Hash Join  (cost=81025.55..216585.90 rows=681528 width=8) (actual time=1072.556..4171.406 rows=989866 loops=1)
              Hash Cond: (mk.movie_id = t.id)
              ->  Seq Scan on movie_keyword mk  (cost=0.00..81003.12 rows=3982650 width=4) (actual time=0.025..1412.332 rows=3982530 loops=1)
                    Filter: (keyword_id > 382)
                    Rows Removed by Filter: 541400
              ->  Hash  (cost=73925.90..73925.90 rows=432692 width=4) (actual time=1071.700..1071.700 rows=368246 loops=1)
                    Buckets: 131072  Batches: 8  Memory Usage: 2646kB
                    ->  Seq Scan on title t  (cost=0.00..73925.90 rows=432692 width=4) (actual time=0.027..947.949 rows=368246 loops=1)
                          Filter: ((kind_id < 7) AND (production_year > 2004))
                          Rows Removed by Filter: 2160066
Planning time: 1.165 ms
Execution time: 34611.994 ms
