Hash Join  (cost=84284.84..611050.65 rows=3162417 width=0) (actual time=1465.001..16850.579 rows=7043967 loops=1)
  Hash Cond: (mi.movie_id = t.id)
  ->  Seq Scan on movie_info mi  (cost=0.00..346232.03 rows=12665229 width=4) (actual time=0.012..7278.094 rows=12744652 loops=1)
        Filter: (info_type_id > 2)
        Rows Removed by Filter: 2091068
  ->  Hash  (cost=73925.90..73925.90 rows=631355 width=4) (actual time=1306.874..1306.874 rows=634290 loops=1)
        Buckets: 131072  Batches: 16  Memory Usage: 2425kB
        ->  Seq Scan on title t  (cost=0.00..73925.90 rows=631355 width=4) (actual time=0.013..1109.601 rows=634290 loops=1)
              Filter: ((production_year < 2013) AND (kind_id = 1))
              Rows Removed by Filter: 1894022
Planning time: 0.823 ms
Execution time: 17588.999 ms
