Hash Join  (cost=89610.76..178259.90 rows=986462 width=0) (actual time=1285.373..3997.104 rows=1858828 loops=1)
  Hash Cond: (mc.movie_id = t.id)
  ->  Seq Scan on movie_companies mc  (cost=0.00..44881.29 rows=2609129 width=4) (actual time=0.022..793.603 rows=2609129 loops=1)
  ->  Hash  (cost=73925.90..73925.90 rows=955988 width=4) (actual time=1284.126..1284.126 rows=966545 loops=1)
        Buckets: 131072  Batches: 16  Memory Usage: 3148kB
        ->  Seq Scan on title t  (cost=0.00..73925.90 rows=955988 width=4) (actual time=0.018..1006.777 rows=966545 loops=1)
              Filter: ((kind_id < 7) AND (production_year > 1902))
              Rows Removed by Filter: 1561767
Planning time: 0.558 ms
Execution time: 4214.351 ms
