Seq Scan on movie_companies mc  (cost=0.00..57926.93 rows=53 width=0) (actual time=293.792..753.363 rows=568 loops=1)
  Filter: ((company_type_id > 1) AND (company_id = 71124))
  Rows Removed by Filter: 2608561
Planning time: 0.358 ms
Execution time: 753.561 ms
