Hash Join  (cost=102767.86..217998.75 rows=2242017 width=0) (actual time=1668.227..5160.290 rows=2239238 loops=1)
  Hash Cond: (mc.movie_id = t.id)
  ->  Seq Scan on movie_companies mc  (cost=0.00..51404.11 rows=2242017 width=4) (actual time=0.022..870.870 rows=2239238 loops=1)
        Filter: (company_id < 85522)
        Rows Removed by Filter: 369891
  ->  Hash  (cost=61283.27..61283.27 rows=2528527 width=4) (actual time=1667.336..1667.336 rows=2528312 loops=1)
        Buckets: 131072  Batches: 64  Memory Usage: 2415kB
        ->  Seq Scan on title t  (cost=0.00..61283.27 rows=2528527 width=4) (actual time=0.011..840.961 rows=2528312 loops=1)
Planning time: 0.468 ms
Execution time: 5417.875 ms
