Hash Join  (cost=75914.68..984780.34 rows=447030 width=0) (actual time=3674.013..18062.827 rows=34089 loops=1)
  Hash Cond: (ci.movie_id = t.id)
  ->  Seq Scan on cast_info ci  (cost=0.00..796071.18 rows=9327515 width=4) (actual time=2704.657..12370.077 rows=14536685 loops=1)
        Filter: ((person_id > 2205787) AND (role_id > 1))
        Rows Removed by Filter: 21707659
  ->  Hash  (cost=73925.90..73925.90 rows=121182 width=4) (actual time=967.536..967.536 rows=17916 loops=1)
        Buckets: 131072  Batches: 2  Memory Usage: 1340kB
        ->  Seq Scan on title t  (cost=0.00..73925.90 rows=121182 width=4) (actual time=0.023..959.002 rows=17916 loops=1)
              Filter: ((kind_id > 4) AND (production_year < 1955))
              Rows Removed by Filter: 2510396
Planning time: 0.732 ms
Execution time: 18068.481 ms
