Hash Join  (cost=165993.58..524583.32 rows=85198 width=0) (actual time=5263.788..9624.416 rows=305127 loops=1)
  Hash Cond: (mi.movie_id = t.id)
  ->  Seq Scan on movie_info mi  (cost=0.00..346232.03 rows=3068194 width=4) (actual time=2208.214..5959.175 rows=3036719 loops=1)
        Filter: (info_type_id = 16)
        Rows Removed by Filter: 11799001
  ->  Hash  (cost=165115.92..165115.92 rows=70213 width=8) (actual time=2958.266..2958.266 rows=29595 loops=1)
        Buckets: 131072  Batches: 1  Memory Usage: 2181kB
        ->  Hash Join  (cost=70308.29..165115.92 rows=70213 width=8) (actual time=1211.932..2947.521 rows=29595 loops=1)
              Hash Cond: (mk.movie_id = t.id)
              ->  Seq Scan on movie_keyword mk  (cost=0.00..81003.12 rows=1077434 width=4) (actual time=0.031..1302.943 rows=1088237 loops=1)
                    Filter: (keyword_id > 16264)
                    Rows Removed by Filter: 3435693
              ->  Hash  (cost=67604.59..67604.59 rows=164776 width=4) (actual time=1210.209..1210.209 rows=164307 loops=1)
                    Buckets: 131072  Batches: 4  Memory Usage: 2488kB
                    ->  Seq Scan on title t  (cost=0.00..67604.59 rows=164776 width=4) (actual time=0.021..1149.450 rows=164307 loops=1)
                          Filter: (production_year = 2012)
                          Rows Removed by Filter: 2364005
Planning time: 1.147 ms
Execution time: 9663.586 ms
