Hash Join  (cost=100928.86..155602.98 rows=859 width=0) (actual time=1148.166..2189.814 rows=3026 loops=1)
  Hash Cond: (mc.movie_id = t.id)
  ->  Seq Scan on movie_companies mc  (cost=0.00..44881.29 rows=2609129 width=4) (actual time=0.029..535.009 rows=2609129 loops=1)
  ->  Hash  (cost=100918.44..100918.44 rows=833 width=8) (actual time=1148.049..1148.049 rows=1292 loops=1)
        Buckets: 2048 (originally 1024)  Batches: 1 (originally 1)  Memory Usage: 67kB
        ->  Hash Join  (cost=73982.55..100918.44 rows=833 width=8) (actual time=702.705..1147.434 rows=1292 loops=1)
              Hash Cond: (mi_idx.movie_id = t.id)
              ->  Seq Scan on movie_info_idx mi_idx  (cost=0.00..25185.44 rows=464566 width=4) (actual time=0.022..356.606 rows=459925 loops=1)
                    Filter: (info_type_id = 101)
                    Rows Removed by Filter: 920110
              ->  Hash  (cost=73925.90..73925.90 rows=4532 width=4) (actual time=700.940..700.940 rows=8098 loops=1)
                    Buckets: 8192  Batches: 1  Memory Usage: 349kB
                    ->  Seq Scan on title t  (cost=0.00..73925.90 rows=4532 width=4) (actual time=0.196..698.089 rows=8098 loops=1)
                          Filter: ((kind_id = 7) AND (production_year = 1978))
                          Rows Removed by Filter: 2520214
Planning time: 1.084 ms
Execution time: 2190.336 ms
