Hash Join  (cost=173576.42..1285928.97 rows=7646438 width=0) (actual time=3765.678..31219.810 rows=6238641 loops=1)
  Hash Cond: (ci.movie_id = t.id)
  ->  Seq Scan on cast_info ci  (cost=0.00..614943.12 rows=36225612 width=4) (actual time=0.015..10675.108 rows=36244344 loops=1)
  ->  Hash  (cost=164819.96..164819.96 rows=533717 width=8) (actual time=3764.755..3764.755 rows=311321 loops=1)
        Buckets: 131072  Batches: 8  Memory Usage: 2539kB
        ->  Hash Join  (cost=82412.27..164819.96 rows=533717 width=8) (actual time=1437.900..3682.951 rows=311321 loops=1)
              Hash Cond: (mc.movie_id = t.id)
              ->  Seq Scan on movie_companies mc  (cost=0.00..44881.29 rows=2609129 width=4) (actual time=0.016..766.178 rows=2609129 loops=1)
              ->  Hash  (cost=73925.90..73925.90 rows=517229 width=4) (actual time=1089.457..1089.457 rows=403947 loops=1)
                    Buckets: 131072  Batches: 8  Memory Usage: 2784kB
                    ->  Seq Scan on title t  (cost=0.00..73925.90 rows=517229 width=4) (actual time=181.783..961.875 rows=403947 loops=1)
                          Filter: ((production_year < 1996) AND (kind_id = 7))
                          Rows Removed by Filter: 2124365
Planning time: 1.080 ms
Execution time: 31840.547 ms
