Hash Join  (cost=83074.06..109985.05 rows=51 width=0) (actual time=1149.137..1657.563 rows=887 loops=1)
  Hash Cond: (mi_idx.movie_id = t.id)
  ->  Seq Scan on movie_info_idx mi_idx  (cost=0.00..21735.35 rows=1380035 width=4) (actual time=0.016..251.450 rows=1380035 loops=1)
  ->  Hash  (cost=83072.90..83072.90 rows=93 width=8) (actual time=1146.420..1146.420 rows=347 loops=1)
        Buckets: 1024  Batches: 1  Memory Usage: 22kB
        ->  Nested Loop  (cost=0.43..83072.90 rows=93 width=8) (actual time=4.188..1146.119 rows=347 loops=1)
              ->  Seq Scan on movie_keyword mk  (cost=0.00..81003.12 rows=246 width=4) (actual time=4.149..1132.576 rows=403 loops=1)
                    Filter: (keyword_id = 22)
                    Rows Removed by Filter: 4523527
              ->  Index Scan using title_pkey on title t  (cost=0.43..8.40 rows=1 width=4) (actual time=0.032..0.032 rows=1 loops=403)
                    Index Cond: (id = mk.movie_id)
                    Filter: ((kind_id < 7) AND (production_year > 0))
                    Rows Removed by Filter: 0
Planning time: 1.058 ms
Execution time: 1657.828 ms
