Hash Join  (cost=190157.54..1000724.46 rows=178971 width=0) (actual time=10465.899..14211.332 rows=282064 loops=1)
  Hash Cond: (ci.movie_id = t.id)
  ->  Seq Scan on cast_info ci  (cost=0.00..796071.18 rows=935206 width=4) (actual time=7223.375..10209.946 rows=1427155 loops=1)
        Filter: ((person_id > 2840471) AND (role_id = 3))
        Rows Removed by Filter: 34817189
  ->  Hash  (cost=182217.96..182217.96 rows=483887 width=8) (actual time=3241.298..3241.298 rows=279225 loops=1)
        Buckets: 131072  Batches: 8  Memory Usage: 2389kB
        ->  Hash Join  (cost=102767.86..182217.96 rows=483887 width=8) (actual time=1754.073..3148.075 rows=279225 loops=1)
              Hash Cond: (mc.movie_id = t.id)
              ->  Seq Scan on movie_companies mc  (cost=0.00..57926.93 rows=483887 width=4) (actual time=0.042..730.114 rows=279225 loops=1)
                    Filter: ((company_id < 3685) AND (company_type_id > 1))
                    Rows Removed by Filter: 2329904
              ->  Hash  (cost=61283.27..61283.27 rows=2528527 width=4) (actual time=1753.243..1753.243 rows=2528312 loops=1)
                    Buckets: 131072  Batches: 64  Memory Usage: 2415kB
                    ->  Seq Scan on title t  (cost=0.00..61283.27 rows=2528527 width=4) (actual time=0.028..885.706 rows=2528312 loops=1)
Planning time: 5.373 ms
Execution time: 14247.244 ms
