Seq Scan on movie_keyword mk  (cost=0.00..81003.12 rows=3340325 width=0) (actual time=0.014..1316.406 rows=3329825 loops=1)
  Filter: (keyword_id < 15475)
  Rows Removed by Filter: 1194105
Planning time: 0.306 ms
Execution time: 1736.453 ms
