Seq Scan on cast_info ci  (cost=0.00..796071.18 rows=385319 width=0) (actual time=5034.113..8856.894 rows=202988 loops=1)
  Filter: ((person_id < 106125) AND (role_id > 3))
  Rows Removed by Filter: 36041356
Planning time: 0.306 ms
Execution time: 8880.897 ms
