Hash Join  (cost=200211.32..1318767.12 rows=5267280 width=0) (actual time=3452.460..30091.741 rows=3893893 loops=1)
  Hash Cond: (ci.movie_id = t.id)
  ->  Seq Scan on cast_info ci  (cost=0.00..705507.15 rows=31022362 width=4) (actual time=0.012..13260.929 rows=30980439 loops=1)
        Filter: (person_id < 3135162)
        Rows Removed by Filter: 5263905
  ->  Hash  (cost=193166.85..193166.85 rows=429318 width=8) (actual time=3451.175..3451.175 rows=135348 loops=1)
        Buckets: 131072  Batches: 8  Memory Usage: 1684kB
        ->  Hash Join  (cost=92279.71..193166.85 rows=429318 width=8) (actual time=1464.511..3406.036 rows=135348 loops=1)
              Hash Cond: (mk.movie_id = t.id)
              ->  Seq Scan on movie_keyword mk  (cost=0.00..81003.12 rows=970357 width=4) (actual time=0.015..1243.130 rows=975621 loops=1)
                    Filter: (keyword_id > 19197)
                    Rows Removed by Filter: 3548309
              ->  Hash  (cost=73925.90..73925.90 rows=1118704 width=4) (actual time=1457.482..1457.482 rows=1210549 loops=1)
                    Buckets: 131072  Batches: 16  Memory Usage: 3701kB
                    ->  Seq Scan on title t  (cost=0.00..73925.90 rows=1118704 width=4) (actual time=0.023..1067.716 rows=1210549 loops=1)
                          Filter: ((kind_id > 4) AND (production_year > 1987))
                          Rows Removed by Filter: 1317763
Planning time: 1.128 ms
Execution time: 30529.366 ms
