Hash Join  (cost=507325.94..593442.43 rows=864897 width=0) (actual time=8302.115..10939.836 rows=3829549 loops=1)
  Hash Cond: (mc.movie_id = t.id)
  ->  Seq Scan on movie_companies mc  (cost=0.00..51404.11 rows=1855842 width=4) (actual time=0.024..849.154 rows=1861412 loops=1)
        Filter: (company_id > 1451)
        Rows Removed by Filter: 747717
  ->  Hash  (cost=487992.00..487992.00 rows=1178395 width=8) (actual time=8300.623..8300.623 rows=1360587 loops=1)
        Buckets: 131072 (originally 131072)  Batches: 32 (originally 16)  Memory Usage: 3073kB
        ->  Hash Join  (cost=104131.46..487992.00 rows=1178395 width=8) (actual time=4414.558..7816.578 rows=1360587 loops=1)
              Hash Cond: (mi.movie_id = t.id)
              ->  Seq Scan on movie_info mi  (cost=0.00..346232.03 rows=1338312 width=4) (actual time=2684.559..4124.176 rows=1401902 loops=1)
                    Filter: (info_type_id = 7)
                    Rows Removed by Filter: 13433818
              ->  Hash  (cost=67604.59..67604.59 rows=2226390 width=4) (actual time=1729.230..1729.230 rows=2224569 loops=1)
                    Buckets: 131072  Batches: 32  Memory Usage: 3472kB
                    ->  Seq Scan on title t  (cost=0.00..67604.59 rows=2226390 width=4) (actual time=0.029..1061.143 rows=2224569 loops=1)
                          Filter: (production_year < 2012)
                          Rows Removed by Filter: 303743
Planning time: 1.181 ms
Execution time: 11307.526 ms
