Hash Join  (cost=189476.56..703762.83 rows=5005889 width=0) (actual time=4512.055..18620.087 rows=15629127 loops=1)
  Hash Cond: (mi.movie_id = t.id)
  ->  Seq Scan on movie_info mi  (cost=0.00..346232.03 rows=9767026 width=4) (actual time=0.025..5647.601 rows=9911754 loops=1)
        Filter: (info_type_id > 4)
        Rows Removed by Filter: 4923966
  ->  Hash  (cost=168214.25..168214.25 rows=1295945 width=8) (actual time=4510.488..4510.488 rows=1363733 loops=1)
        Buckets: 131072  Batches: 32  Memory Usage: 2707kB
        ->  Hash Join  (cost=106561.27..168214.25 rows=1295945 width=8) (actual time=2173.693..4082.848 rows=1363733 loops=1)
              Hash Cond: (mi_idx.movie_id = t.id)
              ->  Seq Scan on movie_info_idx mi_idx  (cost=0.00..21735.35 rows=1380035 width=4) (actual time=0.021..358.276 rows=1380035 loops=1)
              ->  Hash  (cost=67604.59..67604.59 rows=2374455 width=4) (actual time=2172.309..2172.309 rows=2370958 loops=1)
                    Buckets: 131072  Batches: 32  Memory Usage: 3631kB
                    ->  Seq Scan on title t  (cost=0.00..67604.59 rows=2374455 width=4) (actual time=0.021..1150.614 rows=2370958 loops=1)
                          Filter: (production_year > 1919)
                          Rows Removed by Filter: 157354
Planning time: 1.133 ms
Execution time: 20293.278 ms
