Hash Join  (cost=78556.72..1193894.52 rows=5886109 width=0) (actual time=1193.350..30934.012 rows=7054606 loops=1)
  Hash Cond: (ci.movie_id = t.id)
  ->  Seq Scan on cast_info ci  (cost=0.00..796071.18 rows=22295872 width=4) (actual time=0.023..15828.727 rows=24545997 loops=1)
        Filter: ((person_id < 2644891) AND (role_id < 10))
        Rows Removed by Filter: 11698347
  ->  Hash  (cost=67604.59..67604.59 rows=667531 width=4) (actual time=1191.698..1191.698 rows=662825 loops=1)
        Buckets: 131072  Batches: 16  Memory Usage: 2476kB
        ->  Seq Scan on title t  (cost=0.00..67604.59 rows=667531 width=4) (actual time=0.017..984.848 rows=662825 loops=1)
              Filter: (kind_id = 1)
              Rows Removed by Filter: 1865487
Planning time: 0.723 ms
Execution time: 31725.250 ms
