Seq Scan on movie_keyword mk  (cost=0.00..81003.12 rows=1067028 width=0) (actual time=0.014..1203.642 rows=1077655 loops=1)
  Filter: (keyword_id > 16409)
  Rows Removed by Filter: 3446275
Planning time: 0.283 ms
Execution time: 1340.789 ms
