Hash Join  (cost=83074.74..881478.73 rows=61 width=0) (actual time=8163.994..10185.438 rows=77 loops=1)
  Hash Cond: (ci.movie_id = t.id)
  ->  Seq Scan on cast_info ci  (cost=0.00..796071.18 rows=621919 width=4) (actual time=7075.065..8991.924 rows=854706 loops=1)
        Filter: ((person_id > 2365675) AND (role_id = 8))
        Rows Removed by Filter: 35389638
  ->  Hash  (cost=83071.67..83071.67 rows=246 width=8) (actual time=1081.170..1081.170 rows=216 loops=1)
        Buckets: 1024  Batches: 1  Memory Usage: 17kB
        ->  Nested Loop  (cost=0.43..83071.67 rows=246 width=8) (actual time=0.295..1080.959 rows=216 loops=1)
              ->  Seq Scan on movie_keyword mk  (cost=0.00..81003.12 rows=246 width=4) (actual time=0.187..1074.466 rows=216 loops=1)
                    Filter: (keyword_id = 7618)
                    Rows Removed by Filter: 4523714
              ->  Index Only Scan using title_pkey on title t  (cost=0.43..8.40 rows=1 width=4) (actual time=0.027..0.028 rows=1 loops=216)
                    Index Cond: (id = mk.movie_id)
                    Heap Fetches: 216
Planning time: 12.599 ms
Execution time: 10185.607 ms
