Seq Scan on cast_info ci  (cost=0.00..796071.18 rows=14918127 width=0) (actual time=0.019..14918.913 rows=15329182 loops=1)
  Filter: ((person_id > 272200) AND (role_id > 2))
  Rows Removed by Filter: 20915162
Planning time: 0.233 ms
Execution time: 16886.827 ms
