Hash Join  (cost=92883.59..1112736.89 rows=7018700 width=0) (actual time=2296.801..25915.537 rows=7230604 loops=1)
  Hash Cond: (ci.movie_id = t.id)
  ->  Seq Scan on cast_info ci  (cost=0.00..796071.18 rows=11518025 width=4) (actual time=930.212..14434.317 rows=12670688 loops=1)
        Filter: ((person_id < 3433151) AND (role_id = 1))
        Rows Removed by Filter: 23573656
  ->  Hash  (cost=67604.59..67604.59 rows=1540800 width=4) (actual time=1365.454..1365.454 rows=1543264 loops=1)
        Buckets: 131072  Batches: 32  Memory Usage: 2722kB
        ->  Seq Scan on title t  (cost=0.00..67604.59 rows=1540800 width=4) (actual time=0.037..890.801 rows=1543264 loops=1)
              Filter: (kind_id > 6)
              Rows Removed by Filter: 985048
Planning time: 0.756 ms
Execution time: 26776.688 ms
