Seq Scan on cast_info ci  (cost=0.00..705507.15 rows=500 width=0) (actual time=829.793..8849.075 rows=41 loops=1)
  Filter: (person_id = 270304)
  Rows Removed by Filter: 36244303
Planning time: 0.333 ms
Execution time: 8849.177 ms
