Hash Join  (cost=547692.12..1529182.33 rows=7141795 width=0) (actual time=11893.130..30193.611 rows=11291397 loops=1)
  Hash Cond: (ci.movie_id = t.id)
  ->  Seq Scan on cast_info ci  (cost=0.00..796071.18 rows=8228416 width=4) (actual time=1077.345..14463.268 rows=3441029 loops=1)
        Filter: ((person_id > 1259336) AND (role_id < 2))
        Rows Removed by Filter: 32803315
  ->  Hash  (cost=511686.41..511686.41 rows=2194617 width=8) (actual time=10814.884..10814.884 rows=2233850 loops=1)
        Buckets: 131072  Batches: 32  Memory Usage: 3598kB
        ->  Hash Join  (cost=102767.86..511686.41 rows=2194617 width=8) (actual time=2130.870..10299.582 rows=2233850 loops=1)
              Hash Cond: (mi.movie_id = t.id)
              ->  Seq Scan on movie_info mi  (cost=0.00..346232.03 rows=2194617 width=4) (actual time=161.047..5723.856 rows=2233850 loops=1)
                    Filter: (info_type_id > 16)
                    Rows Removed by Filter: 12601870
              ->  Hash  (cost=61283.27..61283.27 rows=2528527 width=4) (actual time=1956.601..1956.601 rows=2528312 loops=1)
                    Buckets: 131072  Batches: 64  Memory Usage: 2425kB
                    ->  Seq Scan on title t  (cost=0.00..61283.27 rows=2528527 width=4) (actual time=0.027..1091.648 rows=2528312 loops=1)
Planning time: 0.830 ms
Execution time: 31420.602 ms
