Nested Loop  (cost=0.43..83071.67 rows=246 width=0) (actual time=8.892..1095.878 rows=477 loops=1)
  ->  Seq Scan on movie_keyword mk  (cost=0.00..81003.12 rows=246 width=4) (actual time=8.788..1083.040 rows=477 loops=1)
        Filter: (keyword_id = 2329)
        Rows Removed by Filter: 4523453
  ->  Index Only Scan using title_pkey on title t  (cost=0.43..8.40 rows=1 width=4) (actual time=0.025..0.025 rows=1 loops=477)
        Index Cond: (id = mk.movie_id)
        Heap Fetches: 477
Planning time: 0.746 ms
Execution time: 1096.155 ms
