Seq Scan on cast_info ci  (cost=0.00..796071.18 rows=435 width=0) (actual time=276.675..13074.394 rows=5 loops=1)
  Filter: ((role_id < 10) AND (person_id = 92339))
  Rows Removed by Filter: 36244339
Planning time: 0.323 ms
Execution time: 13074.483 ms
