Nested Loop  (cost=0.43..52283.95 rows=37 width=0) (actual time=140.003..500.812 rows=10 loops=1)
  ->  Seq Scan on movie_companies mc  (cost=0.00..51404.11 rows=104 width=4) (actual time=78.074..499.813 rows=27 loops=1)
        Filter: (company_id = 4262)
        Rows Removed by Filter: 2609102
  ->  Index Scan using title_pkey on title t  (cost=0.43..8.45 rows=1 width=4) (actual time=0.034..0.034 rows=0 loops=27)
        Index Cond: (id = mc.movie_id)
        Filter: (production_year > 2006)
        Rows Removed by Filter: 1
Planning time: 0.757 ms
Execution time: 501.016 ms
