Seq Scan on movie_keyword mk  (cost=0.00..81003.12 rows=246 width=0) (actual time=401.196..1073.252 rows=5 loops=1)
  Filter: (keyword_id = 61711)
  Rows Removed by Filter: 4523925
Planning time: 0.335 ms
Execution time: 1073.339 ms
