Seq Scan on movie_keyword mk  (cost=0.00..81003.12 rows=246 width=0) (actual time=1.077..1070.551 rows=634 loops=1)
  Filter: (keyword_id = 9986)
  Rows Removed by Filter: 4523296
Planning time: 0.318 ms
Execution time: 1070.824 ms
