Hash Join  (cost=80042.24..164647.82 rows=622590 width=0) (actual time=1710.240..3914.319 rows=1162748 loops=1)
  Hash Cond: (mc.movie_id = t.id)
  ->  Seq Scan on movie_companies mc  (cost=0.00..51404.11 rows=2076684 width=4) (actual time=0.016..893.442 rows=2074019 loops=1)
        Filter: (company_id < 72415)
        Rows Removed by Filter: 535110
  ->  Hash  (cost=67604.59..67604.59 rows=758052 width=4) (actual time=1708.817..1708.817 rows=753677 loops=1)
        Buckets: 131072  Batches: 16  Memory Usage: 2677kB
        ->  Seq Scan on title t  (cost=0.00..67604.59 rows=758052 width=4) (actual time=0.018..961.191 rows=753677 loops=1)
              Filter: (kind_id < 3)
              Rows Removed by Filter: 1774635
Planning time: 0.652 ms
Execution time: 4029.130 ms
