Hash Join  (cost=83074.74..109986.57 rows=134 width=0) (actual time=1088.198..1607.380 rows=31 loops=1)
  Hash Cond: (mi_idx.movie_id = t.id)
  ->  Seq Scan on movie_info_idx mi_idx  (cost=0.00..21735.35 rows=1380035 width=4) (actual time=0.011..272.081 rows=1380035 loops=1)
  ->  Hash  (cost=83071.67..83071.67 rows=246 width=8) (actual time=1081.823..1081.823 rows=12 loops=1)
        Buckets: 1024  Batches: 1  Memory Usage: 9kB
        ->  Nested Loop  (cost=0.43..83071.67 rows=246 width=8) (actual time=137.354..1081.792 rows=12 loops=1)
              ->  Seq Scan on movie_keyword mk  (cost=0.00..81003.12 rows=246 width=4) (actual time=137.266..1081.064 rows=12 loops=1)
                    Filter: (keyword_id = 87933)
                    Rows Removed by Filter: 4523918
              ->  Index Only Scan using title_pkey on title t  (cost=0.43..8.40 rows=1 width=4) (actual time=0.051..0.052 rows=1 loops=12)
                    Index Cond: (id = mk.movie_id)
                    Heap Fetches: 12
Planning time: 0.854 ms
Execution time: 1607.479 ms
