Hash Join  (cost=220923.79..1353913.89 rows=9655394 width=0) (actual time=4216.795..39609.742 rows=32383721 loops=1)
  Hash Cond: (ci.movie_id = t.id)
  ->  Seq Scan on cast_info ci  (cost=0.00..614943.12 rows=36225612 width=4) (actual time=0.022..10792.514 rows=36244344 loops=1)
  ->  Hash  (cost=209866.52..209866.52 rows=673941 width=8) (actual time=4215.939..4215.939 rows=677668 loops=1)
        Buckets: 131072  Batches: 16  Memory Usage: 2714kB
        ->  Hash Join  (cost=102767.86..209866.52 rows=673941 width=8) (actual time=1837.174..4016.660 rows=677668 loops=1)
              Hash Cond: (mk.movie_id = t.id)
              ->  Seq Scan on movie_keyword mk  (cost=0.00..81003.12 rows=673941 width=4) (actual time=0.014..1243.540 rows=677668 loops=1)
                    Filter: (keyword_id > 27630)
                    Rows Removed by Filter: 3846262
              ->  Hash  (cost=61283.27..61283.27 rows=2528527 width=4) (actual time=1834.978..1834.978 rows=2528312 loops=1)
                    Buckets: 131072  Batches: 64  Memory Usage: 2425kB
                    ->  Seq Scan on title t  (cost=0.00..61283.27 rows=2528527 width=4) (actual time=0.027..827.020 rows=2528312 loops=1)
Planning time: 1.428 ms
Execution time: 43364.006 ms
