Hash Join  (cost=102767.86..1525818.91 rows=29409471 width=0) (actual time=1610.777..39149.778 rows=29495054 loops=1)
  Hash Cond: (ci.movie_id = t.id)
  ->  Seq Scan on cast_info ci  (cost=0.00..705507.15 rows=29409471 width=4) (actual time=0.024..13776.340 rows=29495054 loops=1)
        Filter: (person_id > 652160)
        Rows Removed by Filter: 6749290
  ->  Hash  (cost=61283.27..61283.27 rows=2528527 width=4) (actual time=1609.054..1609.054 rows=2528312 loops=1)
        Buckets: 131072  Batches: 64  Memory Usage: 2415kB
        ->  Seq Scan on title t  (cost=0.00..61283.27 rows=2528527 width=4) (actual time=0.016..799.270 rows=2528312 loops=1)
Planning time: 0.687 ms
Execution time: 42217.403 ms
