Hash Join  (cost=102767.86..188427.46 rows=741949 width=0) (actual time=2486.707..4452.194 rows=1020917 loops=1)
  Hash Cond: (mc.movie_id = t.id)
  ->  Seq Scan on movie_companies mc  (cost=0.00..57926.93 rows=741949 width=4) (actual time=121.943..942.201 rows=1020917 loops=1)
        Filter: ((company_id < 13989) AND (company_type_id < 2))
        Rows Removed by Filter: 1588212
  ->  Hash  (cost=61283.27..61283.27 rows=2528527 width=4) (actual time=2363.401..2363.401 rows=2528312 loops=1)
        Buckets: 131072  Batches: 64  Memory Usage: 2415kB
        ->  Seq Scan on title t  (cost=0.00..61283.27 rows=2528527 width=4) (actual time=0.022..793.854 rows=2528312 loops=1)
Planning time: 0.677 ms
Execution time: 4563.496 ms
