Hash Join  (cost=102767.86..192924.38 rows=928836 width=0) (actual time=2653.027..4686.003 rows=1104771 loops=1)
  Hash Cond: (mc.movie_id = t.id)
  ->  Seq Scan on movie_companies mc  (cost=0.00..57926.93 rows=928836 width=4) (actual time=300.516..998.154 rows=1104771 loops=1)
        Filter: ((company_id > 1677) AND (company_type_id > 1))
        Rows Removed by Filter: 1504358
  ->  Hash  (cost=61283.27..61283.27 rows=2528527 width=4) (actual time=2351.204..2351.204 rows=2528312 loops=1)
        Buckets: 131072  Batches: 64  Memory Usage: 2415kB
        ->  Seq Scan on title t  (cost=0.00..61283.27 rows=2528527 width=4) (actual time=0.023..866.690 rows=2528312 loops=1)
Planning time: 0.712 ms
Execution time: 4825.169 ms
