Hash Join  (cost=198646.53..576990.44 rows=464507 width=0) (actual time=4570.061..16761.435 rows=26613483 loops=1)
  Hash Cond: (mi.movie_id = t.id)
  ->  Seq Scan on movie_info mi  (cost=0.00..346232.03 rows=2194617 width=4) (actual time=0.015..4501.535 rows=2233850 loops=1)
        Filter: (info_type_id > 16)
        Rows Removed by Filter: 12601870
  ->  Hash  (cost=189865.75..189865.75 rows=535182 width=8) (actual time=4569.061..4569.061 rows=1167815 loops=1)
        Buckets: 131072 (originally 131072)  Batches: 16 (originally 8)  Memory Usage: 4018kB
        ->  Hash Join  (cost=83810.17..189865.75 rows=535182 width=8) (actual time=1184.980..4184.216 rows=1167815 loops=1)
              Hash Cond: (mk.movie_id = t.id)
              ->  Seq Scan on movie_keyword mk  (cost=0.00..81003.12 rows=1370036 width=4) (actual time=0.018..1291.520 rows=1386212 loops=1)
                    Filter: (keyword_id > 12034)
                    Rows Removed by Filter: 3137718
              ->  Hash  (cost=67604.59..67604.59 rows=987727 width=4) (actual time=1184.056..1184.056 rows=985048 loops=1)
                    Buckets: 131072  Batches: 16  Memory Usage: 3197kB
                    ->  Seq Scan on title t  (cost=0.00..67604.59 rows=987727 width=4) (actual time=0.018..863.784 rows=985048 loops=1)
                          Filter: (kind_id < 7)
                          Rows Removed by Filter: 1543264
Planning time: 0.716 ms
Execution time: 19528.249 ms
