Nested Loop  (cost=0.43..709673.15 rows=368 width=0) (actual time=1035.917..8885.901 rows=201 loops=1)
  ->  Seq Scan on cast_info ci  (cost=0.00..705507.15 rows=500 width=4) (actual time=1035.852..8870.522 rows=202 loops=1)
        Filter: (person_id = 2640742)
        Rows Removed by Filter: 36244142
  ->  Index Scan using title_pkey on title t  (cost=0.43..8.32 rows=1 width=4) (actual time=0.075..0.075 rows=1 loops=202)
        Index Cond: (id = ci.movie_id)
        Filter: (kind_id > 1)
        Rows Removed by Filter: 0
Planning time: 0.747 ms
Execution time: 8886.119 ms
