Seq Scan on movie_keyword mk  (cost=0.00..81003.12 rows=3776387 width=0) (actual time=0.023..1632.451 rows=3770780 loops=1)
  Filter: (keyword_id < 24826)
  Rows Removed by Filter: 753150
Planning time: 0.341 ms
Execution time: 2108.277 ms
