Hash Join  (cost=102767.86..914461.49 rows=238674 width=0) (actual time=14806.096..16593.413 rows=82184 loops=1)
  Hash Cond: (ci.movie_id = t.id)
  ->  Seq Scan on cast_info ci  (cost=0.00..796071.18 rows=238674 width=4) (actual time=12827.692..14138.613 rows=82184 loops=1)
        Filter: ((person_id < 2540692) AND (role_id > 10))
        Rows Removed by Filter: 36162160
  ->  Hash  (cost=61283.27..61283.27 rows=2528527 width=4) (actual time=1976.743..1976.743 rows=2528312 loops=1)
        Buckets: 131072  Batches: 64  Memory Usage: 2415kB
        ->  Seq Scan on title t  (cost=0.00..61283.27 rows=2528527 width=4) (actual time=0.031..1108.075 rows=2528312 loops=1)
Planning time: 1.019 ms
Execution time: 16603.789 ms
