Hash Join  (cost=365418.15..2090093.62 rows=52006347 width=0) (actual time=7477.982..77519.764 rows=171253849 loops=1)
  Hash Cond: (ci.movie_id = t.id)
  ->  Seq Scan on cast_info ci  (cost=0.00..705507.15 rows=29067526 width=4) (actual time=0.027..13709.206 rows=29142582 loops=1)
        Filter: (person_id > 686368)
        Rows Removed by Filter: 7101762
  ->  Hash  (cost=291197.02..291197.02 rows=4523930 width=8) (actual time=7476.832..7476.832 rows=4523930 loops=1)
        Buckets: 131072  Batches: 64  Memory Usage: 3816kB
        ->  Hash Join  (cost=102767.86..291197.02 rows=4523930 width=8) (actual time=1644.841..6351.231 rows=4523930 loops=1)
              Hash Cond: (mk.movie_id = t.id)
              ->  Seq Scan on movie_keyword mk  (cost=0.00..69693.30 rows=4523930 width=4) (actual time=0.022..1225.734 rows=4523930 loops=1)
              ->  Hash  (cost=61283.27..61283.27 rows=2528527 width=4) (actual time=1642.444..1642.444 rows=2528312 loops=1)
                    Buckets: 131072  Batches: 64  Memory Usage: 2425kB
                    ->  Seq Scan on title t  (cost=0.00..61283.27 rows=2528527 width=4) (actual time=0.018..781.815 rows=2528312 loops=1)
Planning time: 1.148 ms
Execution time: 96799.134 ms
