Hash Join  (cost=80966.93..122678.50 rows=234209 width=0) (actual time=1056.756..2183.392 rows=331567 loops=1)
  Hash Cond: (mi_idx.movie_id = t.id)
  ->  Seq Scan on movie_info_idx mi_idx  (cost=0.00..21735.35 rows=1380035 width=4) (actual time=0.015..386.941 rows=1380035 loops=1)
  ->  Hash  (cost=73925.90..73925.90 rows=429122 width=4) (actual time=1055.806..1055.806 rows=337286 loops=1)
        Buckets: 131072  Batches: 8  Memory Usage: 2501kB
        ->  Seq Scan on title t  (cost=0.00..73925.90 rows=429122 width=4) (actual time=0.007..947.809 rows=337286 loops=1)
              Filter: ((kind_id < 4) AND (production_year > 2002))
              Rows Removed by Filter: 2191026
Planning time: 0.715 ms
Execution time: 2226.157 ms
