Hash Join  (cost=180911.39..1056161.01 rows=2096775 width=0) (actual time=3096.904..23082.426 rows=3646890 loops=1)
  Hash Cond: (ci.movie_id = t.id)
  ->  Seq Scan on cast_info ci  (cost=0.00..705507.15 rows=12726058 width=4) (actual time=0.019..12351.728 rows=12670688 loops=1)
        Filter: (role_id = 1)
        Rows Removed by Filter: 23573656
  ->  Hash  (cost=174075.82..174075.82 rows=416606 width=8) (actual time=3096.028..3096.028 rows=419915 loops=1)
        Buckets: 131072  Batches: 8  Memory Usage: 3091kB
        ->  Hash Join  (cost=102767.86..174075.82 rows=416606 width=8) (actual time=1679.488..2988.318 rows=419915 loops=1)
              Hash Cond: (mc.movie_id = t.id)
              ->  Seq Scan on movie_companies mc  (cost=0.00..51404.11 rows=416606 width=4) (actual time=0.028..642.366 rows=419915 loops=1)
                    Filter: (company_id > 80078)
                    Rows Removed by Filter: 2189214
              ->  Hash  (cost=61283.27..61283.27 rows=2528527 width=4) (actual time=1678.160..1678.160 rows=2528312 loops=1)
                    Buckets: 131072  Batches: 64  Memory Usage: 2415kB
                    ->  Seq Scan on title t  (cost=0.00..61283.27 rows=2528527 width=4) (actual time=0.003..839.582 rows=2528312 loops=1)
Planning time: 1.180 ms
Execution time: 23555.750 ms
