Hash Join  (cost=86241.46..861547.92 rows=1828879 width=0) (actual time=2177.767..13235.145 rows=1384972 loops=1)
  Hash Cond: (ci.movie_id = t.id)
  ->  Seq Scan on cast_info ci  (cost=0.00..705507.15 rows=4071070 width=4) (actual time=846.086..9272.634 rows=4108821 loops=1)
        Filter: (person_id > 3304434)
        Rows Removed by Filter: 32135523
  ->  Hash  (cost=67604.59..67604.59 rows=1135910 width=4) (actual time=1330.792..1330.792 rows=1133355 loops=1)
        Buckets: 131072  Batches: 16  Memory Usage: 3516kB
        ->  Seq Scan on title t  (cost=0.00..67604.59 rows=1135910 width=4) (actual time=0.025..981.768 rows=1133355 loops=1)
              Filter: (production_year < 2002)
              Rows Removed by Filter: 1394957
Planning time: 0.516 ms
Execution time: 13398.300 ms
