Seq Scan on movie_companies mc  (cost=0.00..51404.11 rows=880181 width=0) (actual time=0.015..715.316 rows=874781 loops=1)
  Filter: (company_id < 2563)
  Rows Removed by Filter: 1734348
Planning time: 0.305 ms
Execution time: 828.892 ms
