Hash Join  (cost=140062.73..256975.49 rows=385347 width=0) (actual time=3037.452..5142.367 rows=309062 loops=1)
  Hash Cond: (mk.movie_id = t.id)
  ->  Seq Scan on movie_keyword mk  (cost=0.00..81003.12 rows=2648043 width=4) (actual time=0.025..1228.130 rows=2635447 loops=1)
        Filter: (keyword_id > 3228)
        Rows Removed by Filter: 1888483
  ->  Hash  (cost=134025.30..134025.30 rows=367955 width=8) (actual time=2513.064..2513.064 rows=206476 loops=1)
        Buckets: 131072  Batches: 8  Memory Usage: 2039kB
        ->  Hash Join  (cost=90606.68..134025.30 rows=367955 width=8) (actual time=1600.311..2454.635 rows=206476 loops=1)
              Hash Cond: (mi_idx.movie_id = t.id)
              ->  Seq Scan on movie_info_idx mi_idx  (cost=0.00..25185.44 rows=915101 width=4) (actual time=0.014..472.462 rows=919850 loops=1)
                    Filter: (info_type_id < 101)
                    Rows Removed by Filter: 460185
              ->  Hash  (cost=73925.90..73925.90 rows=1016702 width=4) (actual time=1369.817..1369.817 rows=960113 loops=1)
                    Buckets: 131072  Batches: 16  Memory Usage: 3135kB
                    ->  Seq Scan on title t  (cost=0.00..73925.90 rows=1016702 width=4) (actual time=0.016..1068.426 rows=960113 loops=1)
                          Filter: ((production_year < 2008) AND (kind_id = 7))
                          Rows Removed by Filter: 1568199
Planning time: 1.129 ms
Execution time: 5171.749 ms
