Hash Join  (cost=134734.46..500048.73 rows=65834 width=0) (actual time=1759.715..7184.318 rows=276001 loops=1)
  Hash Cond: (mi.movie_id = t.id)
  ->  Seq Scan on movie_info mi  (cost=0.00..309384.22 rows=14739122 width=4) (actual time=0.010..2703.028 rows=14835720 loops=1)
  ->  Hash  (cost=134593.29..134593.29 rows=11294 width=8) (actual time=1759.400..1759.400 rows=9225 loops=1)
        Buckets: 16384  Batches: 1  Memory Usage: 489kB
        ->  Hash Join  (cost=74617.32..134593.29 rows=11294 width=8) (actual time=1089.234..1755.598 rows=9225 loops=1)
              Hash Cond: (mc.movie_id = t.id)
              ->  Seq Scan on movie_companies mc  (cost=0.00..57926.93 rows=516292 width=4) (actual time=174.598..774.626 rows=224181 loops=1)
                    Filter: ((company_id > 14670) AND (company_type_id = 1))
                    Rows Removed by Filter: 2384948
              ->  Hash  (cost=73925.90..73925.90 rows=55313 width=4) (actual time=914.228..914.228 rows=49075 loops=1)
                    Buckets: 65536  Batches: 1  Memory Usage: 2238kB
                    ->  Seq Scan on title t  (cost=0.00..73925.90 rows=55313 width=4) (actual time=0.028..894.715 rows=49075 loops=1)
                          Filter: ((kind_id < 7) AND (production_year = 2010))
                          Rows Removed by Filter: 2479237
Planning time: 1.157 ms
Execution time: 7221.531 ms
