Seq Scan on movie_keyword mk  (cost=0.00..81003.12 rows=3975001 width=0) (actual time=0.017..1411.878 rows=3979026 loops=1)
  Filter: (keyword_id < 33738)
  Rows Removed by Filter: 544904
Planning time: 0.274 ms
Execution time: 1915.868 ms
