Hash Join  (cost=115016.89..482988.42 rows=331559 width=0) (actual time=1853.090..7516.065 rows=306597 loops=1)
  Hash Cond: (mi.movie_id = t.id)
  ->  Seq Scan on movie_info mi  (cost=0.00..309384.22 rows=14739122 width=4) (actual time=0.016..2609.184 rows=14835720 loops=1)
  ->  Hash  (cost=114305.89..114305.89 rows=56880 width=8) (actual time=1832.850..1832.850 rows=34152 loops=1)
        Buckets: 65536  Batches: 1  Memory Usage: 1847kB
        ->  Hash Join  (cost=75636.60..114305.89 rows=56880 width=8) (actual time=1143.861..1824.214 rows=34152 loops=1)
              Hash Cond: (mi_idx.movie_id = t.id)
              ->  Seq Scan on movie_info_idx mi_idx  (cost=0.00..21735.35 rows=1380035 width=4) (actual time=0.014..300.207 rows=1380035 loops=1)
              ->  Hash  (cost=73925.90..73925.90 rows=104216 width=4) (actual time=1142.508..1142.508 rows=108513 loops=1)
                    Buckets: 131072  Batches: 2  Memory Usage: 2931kB
                    ->  Seq Scan on title t  (cost=0.00..73925.90 rows=104216 width=4) (actual time=0.015..1102.053 rows=108513 loops=1)
                          Filter: ((kind_id > 1) AND (production_year = 2010))
                          Rows Removed by Filter: 2419799
Planning time: 1.167 ms
Execution time: 7554.570 ms
