Hash Join  (cost=255103.45..1066104.84 rows=5334246 width=219) (actual time=5882.351..31442.602 rows=13860668 loops=1)
  Hash Cond: (mi.movie_id = t.id)
  ->  Seq Scan on movie_info mi  (cost=0.00..309384.22 rows=14739122 width=75) (actual time=0.020..7446.690 rows=14835720 loops=1)
  ->  Hash  (cost=224897.69..224897.69 rows=915101 width=144) (actual time=5880.419..5880.419 rows=919850 loops=1)
        Buckets: 32768  Batches: 64  Memory Usage: 2193kB
        ->  Hash Join  (cost=129928.86..224897.69 rows=915101 width=144) (actual time=2648.956..5240.399 rows=919850 loops=1)
              Hash Cond: (mi_idx.movie_id = t.id)
              ->  Seq Scan on movie_info_idx mi_idx  (cost=0.00..25185.44 rows=915101 width=50) (actual time=0.021..687.701 rows=919850 loops=1)
                    Filter: (info_type_id < 101)
                    Rows Removed by Filter: 460185
              ->  Hash  (cost=61283.27..61283.27 rows=2528527 width=94) (actual time=2646.954..2646.954 rows=2528312 loops=1)
                    Buckets: 32768  Batches: 128  Memory Usage: 2453kB
                    ->  Seq Scan on title t  (cost=0.00..61283.27 rows=2528527 width=94) (actual time=0.014..1272.530 rows=2528312 loops=1)
Planning time: 1.414 ms
Execution time: 32193.356 ms
