Hash Join  (cost=83073.88..447734.35 rows=458 width=0) (actual time=1377.793..8505.487 rows=802 loops=1)
  Hash Cond: (mi.movie_id = t.id)
  ->  Seq Scan on movie_info mi  (cost=0.00..309384.22 rows=14739122 width=4) (actual time=0.023..4374.956 rows=14835720 loops=1)
  ->  Hash  (cost=83072.90..83072.90 rows=78 width=8) (actual time=1375.496..1375.496 rows=18 loops=1)
        Buckets: 1024  Batches: 1  Memory Usage: 9kB
        ->  Nested Loop  (cost=0.43..83072.90 rows=78 width=8) (actual time=137.378..1375.461 rows=18 loops=1)
              ->  Seq Scan on movie_keyword mk  (cost=0.00..81003.12 rows=246 width=4) (actual time=12.129..1374.071 rows=25 loops=1)
                    Filter: (keyword_id = 12131)
                    Rows Removed by Filter: 4523905
              ->  Index Scan using title_pkey on title t  (cost=0.43..8.40 rows=1 width=4) (actual time=0.048..0.049 rows=1 loops=25)
                    Index Cond: (id = mk.movie_id)
                    Filter: ((kind_id < 7) AND (production_year < 2011))
                    Rows Removed by Filter: 0
Planning time: 1.267 ms
Execution time: 8505.876 ms
