Seq Scan on cast_info ci  (cost=0.00..796071.18 rows=2087314 width=0) (actual time=9097.805..11565.420 rows=2679015 loops=1)
  Filter: ((person_id > 1698666) AND (role_id = 3))
  Rows Removed by Filter: 33565329
Planning time: 0.401 ms
Execution time: 11902.551 ms
