Seq Scan on movie_companies mc  (cost=0.00..57926.93 rows=275636 width=0) (actual time=0.015..684.092 rows=141096 loops=1)
  Filter: ((company_id < 530) AND (company_type_id > 1))
  Rows Removed by Filter: 2468033
Planning time: 0.350 ms
Execution time: 702.894 ms
