Seq Scan on movie_companies mc  (cost=0.00..51404.11 rows=439504 width=0) (actual time=30.823..748.861 rows=444708 loops=1)
  Filter: (company_id > 77758)
  Rows Removed by Filter: 2164421
Planning time: 0.327 ms
Execution time: 806.134 ms
