Hash Join  (cost=170448.22..975328.98 rows=1320016 width=0) (actual time=3276.642..19414.065 rows=3619874 loops=1)
  Hash Cond: (ci.movie_id = t.id)
  ->  Seq Scan on cast_info ci  (cost=0.00..705507.15 rows=7298253 width=4) (actual time=0.008..10648.129 rows=7451973 loops=1)
        Filter: (role_id = 2)
        Rows Removed by Filter: 28792371
  ->  Hash  (cost=162944.62..162944.62 rows=457328 width=8) (actual time=3275.782..3275.782 rows=857183 loops=1)
        Buckets: 131072 (originally 131072)  Batches: 16 (originally 8)  Memory Usage: 3126kB
        ->  Hash Join  (cost=88195.18..162944.62 rows=457328 width=8) (actual time=1337.823..3031.042 rows=857183 loops=1)
              Hash Cond: (mc.movie_id = t.id)
              ->  Seq Scan on movie_companies mc  (cost=0.00..51404.11 rows=1329612 width=4) (actual time=59.085..748.169 rows=1334883 loops=1)
                    Filter: (company_type_id = 2)
                    Rows Removed by Filter: 1274246
              ->  Hash  (cost=73925.90..73925.90 rows=869702 width=4) (actual time=1277.924..1277.924 rows=896788 loops=1)
                    Buckets: 131072  Batches: 16  Memory Usage: 2998kB
                    ->  Seq Scan on title t  (cost=0.00..73925.90 rows=869702 width=4) (actual time=0.020..997.336 rows=896788 loops=1)
                          Filter: ((kind_id < 7) AND (production_year < 2012))
                          Rows Removed by Filter: 1631524
Planning time: 1.223 ms
Execution time: 19821.295 ms
