Hash Join  (cost=190230.21..274839.52 rows=891847 width=0) (actual time=3791.550..6212.599 rows=2396100 loops=1)
  Hash Cond: (mc.movie_id = t.id)
  ->  Seq Scan on movie_companies mc  (cost=0.00..51404.11 rows=1634060 width=4) (actual time=0.017..708.207 rows=1632495 loops=1)
        Filter: (company_id > 4283)
        Rows Removed by Filter: 976634
  ->  Hash  (cost=167588.78..167588.78 rows=1380035 width=8) (actual time=3790.420..3790.420 rows=1380035 loops=1)
        Buckets: 131072  Batches: 32  Memory Usage: 2708kB
        ->  Hash Join  (cost=102767.86..167588.78 rows=1380035 width=8) (actual time=1521.631..3386.367 rows=1380035 loops=1)
              Hash Cond: (mi_idx.movie_id = t.id)
              ->  Seq Scan on movie_info_idx mi_idx  (cost=0.00..21735.35 rows=1380035 width=4) (actual time=0.013..381.660 rows=1380035 loops=1)
              ->  Hash  (cost=61283.27..61283.27 rows=2528527 width=4) (actual time=1520.434..1520.434 rows=2528312 loops=1)
                    Buckets: 131072  Batches: 64  Memory Usage: 2415kB
                    ->  Seq Scan on title t  (cost=0.00..61283.27 rows=2528527 width=4) (actual time=0.008..765.969 rows=2528312 loops=1)
Planning time: 1.105 ms
Execution time: 6453.422 ms
