Seq Scan on movie_companies mc  (cost=0.00..57926.93 rows=904822 width=0) (actual time=334.582..928.607 rows=1214380 loops=1)
  Filter: ((company_id < 34046) AND (company_type_id < 2))
  Rows Removed by Filter: 1394749
Planning time: 0.343 ms
Execution time: 1087.674 ms
