Hash Join  (cost=83073.49..447735.01 rows=560 width=0) (actual time=1088.511..6090.167 rows=30783 loops=1)
  Hash Cond: (mi.movie_id = t.id)
  ->  Seq Scan on movie_info mi  (cost=0.00..309384.22 rows=14739122 width=4) (actual time=0.012..2558.440 rows=14835720 loops=1)
  ->  Hash  (cost=83072.29..83072.29 rows=96 width=8) (actual time=1080.682..1080.682 rows=468 loops=1)
        Buckets: 1024  Batches: 1  Memory Usage: 27kB
        ->  Nested Loop  (cost=0.43..83072.29 rows=96 width=8) (actual time=4.606..1080.295 rows=468 loops=1)
              ->  Seq Scan on movie_keyword mk  (cost=0.00..81003.12 rows=246 width=4) (actual time=4.566..1066.699 rows=526 loops=1)
                    Filter: (keyword_id = 12233)
                    Rows Removed by Filter: 4523404
              ->  Index Scan using title_pkey on title t  (cost=0.43..8.40 rows=1 width=4) (actual time=0.024..0.024 rows=1 loops=526)
                    Index Cond: (id = mk.movie_id)
                    Filter: (kind_id < 7)
                    Rows Removed by Filter: 0
Planning time: 1.000 ms
Execution time: 6093.790 ms
