Nested Loop  (cost=44377.22..109542.19 rows=2132 width=0) (actual time=1446.308..2415.454 rows=9690 loops=1)
  Join Filter: (mc.movie_id = t.id)
  ->  Hash Join  (cost=44376.79..102109.56 rows=12536 width=8) (actual time=1446.250..2344.043 rows=10257 loops=1)
        Hash Cond: (mc.movie_id = mi_idx.movie_id)
        ->  Seq Scan on movie_companies mc  (cost=0.00..51404.11 rows=4436 width=4) (actual time=1.200..681.415 rows=3890 loops=1)
              Filter: (company_id = 240)
              Rows Removed by Filter: 2605239
        ->  Hash  (cost=21735.35..21735.35 rows=1380035 width=4) (actual time=1442.249..1442.249 rows=1380035 loops=1)
              Buckets: 131072  Batches: 32  Memory Usage: 2540kB
              ->  Seq Scan on movie_info_idx mi_idx  (cost=0.00..21735.35 rows=1380035 width=4) (actual time=0.030..359.463 rows=1380035 loops=1)
  ->  Index Scan using title_pkey on title t  (cost=0.43..0.58 rows=1 width=4) (actual time=0.006..0.006 rows=1 loops=10257)
        Index Cond: (id = mi_idx.movie_id)
        Filter: (production_year < 2012)
        Rows Removed by Filter: 0
Planning time: 1.107 ms
Execution time: 2417.260 ms
