Hash Join  (cost=225147.83..1007702.52 rows=1874868 width=0) (actual time=6667.998..22296.894 rows=20928771 loops=1)
  Hash Cond: (ci.movie_id = t.id)
  ->  Seq Scan on cast_info ci  (cost=0.00..705507.15 rows=4701295 width=4) (actual time=1590.533..9913.216 rows=4740453 loops=1)
        Filter: (person_id > 3205439)
        Rows Removed by Filter: 31503891
  ->  Hash  (cost=208604.18..208604.18 rows=1008372 width=8) (actual time=5075.614..5075.614 rows=2225210 loops=1)
        Buckets: 131072 (originally 131072)  Batches: 32 (originally 16)  Memory Usage: 3728kB
        ->  Hash Join  (cost=83810.17..208604.18 rows=1008372 width=8) (actual time=1197.624..4456.234 rows=2225210 loops=1)
              Hash Cond: (mk.movie_id = t.id)
              ->  Seq Scan on movie_keyword mk  (cost=0.00..81003.12 rows=2581376 width=4) (actual time=0.033..1390.324 rows=2572007 loops=1)
                    Filter: (keyword_id < 6613)
                    Rows Removed by Filter: 1951923
              ->  Hash  (cost=67604.59..67604.59 rows=987727 width=4) (actual time=1196.419..1196.419 rows=985048 loops=1)
                    Buckets: 131072  Batches: 16  Memory Usage: 3197kB
                    ->  Seq Scan on title t  (cost=0.00..67604.59 rows=987727 width=4) (actual time=0.030..885.262 rows=985048 loops=1)
                          Filter: (kind_id < 7)
                          Rows Removed by Filter: 1543264
Planning time: 1.150 ms
Execution time: 24475.115 ms
