Hash Join  (cost=166916.24..997319.37 rows=13116 width=0) (actual time=2647.879..17438.308 rows=86992 loops=1)
  Hash Cond: (ci.movie_id = t.id)
  ->  Seq Scan on cast_info ci  (cost=0.00..796071.18 rows=9120215 width=4) (actual time=0.028..12730.266 rows=11724456 loops=1)
        Filter: ((person_id > 1553524) AND (role_id > 2))
        Rows Removed by Filter: 24519888
  ->  Hash  (cost=166870.79..166870.79 rows=3636 width=8) (actual time=2645.218..2645.218 rows=14915 loops=1)
        Buckets: 16384 (originally 4096)  Batches: 1 (originally 1)  Memory Usage: 711kB
        ->  Hash Join  (cost=73962.22..166870.79 rows=3636 width=8) (actual time=873.400..2639.484 rows=14915 loops=1)
              Hash Cond: (mk.movie_id = t.id)
              ->  Seq Scan on movie_keyword mk  (cost=0.00..81003.12 rows=3165089 width=4) (actual time=0.020..1276.342 rows=3150984 loops=1)
                    Filter: (keyword_id < 12169)
                    Rows Removed by Filter: 1372946
              ->  Hash  (cost=73925.90..73925.90 rows=2905 width=4) (actual time=872.864..872.864 rows=5783 loops=1)
                    Buckets: 8192 (originally 4096)  Batches: 1 (originally 1)  Memory Usage: 268kB
                    ->  Seq Scan on title t  (cost=0.00..73925.90 rows=2905 width=4) (actual time=0.249..870.095 rows=5783 loops=1)
                          Filter: ((kind_id < 7) AND (production_year = 1967))
                          Rows Removed by Filter: 2522529
Planning time: 12.064 ms
Execution time: 17450.846 ms
