Hash Join  (cost=167600.27..300797.91 rows=918861 width=0) (actual time=3062.592..8592.546 rows=9951799 loops=1)
  Hash Cond: (mk.movie_id = t.id)
  ->  Seq Scan on movie_keyword mk  (cost=0.00..69693.30 rows=4523930 width=4) (actual time=0.022..1205.401 rows=4523930 loops=1)
  ->  Hash  (cost=159173.62..159173.62 rows=513572 width=8) (actual time=3061.535..3061.535 rows=722300 loops=1)
        Buckets: 131072 (originally 131072)  Batches: 16 (originally 8)  Memory Usage: 3073kB
        ->  Hash Join  (cost=82805.75..159173.62 rows=513572 width=8) (actual time=1052.928..2857.266 rows=722300 loops=1)
              Hash Cond: (mc.movie_id = t.id)
              ->  Seq Scan on movie_companies mc  (cost=0.00..51404.11 rows=1401609 width=4) (actual time=0.013..779.076 rows=1389924 loops=1)
                    Filter: (company_id < 12063)
                    Rows Removed by Filter: 1219205
              ->  Hash  (cost=67604.59..67604.59 rows=926493 width=4) (actual time=1051.936..1051.936 rows=924605 loops=1)
                    Buckets: 131072  Batches: 16  Memory Usage: 3056kB
                    ->  Seq Scan on title t  (cost=0.00..67604.59 rows=926493 width=4) (actual time=0.011..794.654 rows=924605 loops=1)
                          Filter: (production_year < 1998)
                          Rows Removed by Filter: 1603707
Planning time: 1.067 ms
Execution time: 9775.110 ms
