Hash Join  (cost=95465.71..1111444.73 rows=9462401 width=0) (actual time=3514.966..28677.686 rows=10649945 loops=1)
  Hash Cond: (ci.movie_id = t.id)
  ->  Seq Scan on cast_info ci  (cost=0.00..705507.15 rows=18224230 width=4) (actual time=1890.825..13721.207 rows=18392858 loops=1)
        Filter: (person_id > 1769118)
        Rows Removed by Filter: 17851486
  ->  Hash  (cost=73925.90..73925.90 rows=1312864 width=4) (actual time=1622.609..1622.609 rows=1391524 loops=1)
        Buckets: 131072  Batches: 32  Memory Usage: 2555kB
        ->  Seq Scan on title t  (cost=0.00..73925.90 rows=1312864 width=4) (actual time=28.980..1190.279 rows=1391524 loops=1)
              Filter: ((production_year > 1965) AND (kind_id = 7))
              Rows Removed by Filter: 1136788
Planning time: 0.788 ms
Execution time: 29961.809 ms
