Hash Join  (cost=162223.50..1313084.89 rows=11395123 width=0) (actual time=2870.757..34583.485 rows=14829084 loops=1)
  Hash Cond: (ci.movie_id = t.id)
  ->  Seq Scan on cast_info ci  (cost=0.00..614943.12 rows=36225612 width=4) (actual time=0.013..10153.957 rows=36244344 loops=1)
  ->  Hash  (cost=149174.34..149174.34 rows=795373 width=8) (actual time=2869.576..2869.576 rows=417300 loops=1)
        Buckets: 131072  Batches: 16  Memory Usage: 2039kB
        ->  Hash Join  (cost=97835.13..149174.34 rows=795373 width=8) (actual time=1447.069..2762.010 rows=417300 loops=1)
              Hash Cond: (mi_idx.movie_id = t.id)
              ->  Seq Scan on movie_info_idx mi_idx  (cost=0.00..21735.35 rows=1380035 width=4) (actual time=0.012..378.460 rows=1380035 loops=1)
              ->  Hash  (cost=73925.90..73925.90 rows=1457298 width=4) (actual time=1445.826..1445.826 rows=1438183 loops=1)
                    Buckets: 131072  Batches: 32  Memory Usage: 2604kB
                    ->  Seq Scan on title t  (cost=0.00..73925.90 rows=1457298 width=4) (actual time=255.955..1045.468 rows=1438183 loops=1)
                          Filter: ((production_year < 2013) AND (kind_id = 7))
                          Rows Removed by Filter: 1090129
Planning time: 1.095 ms
Execution time: 36340.831 ms
