Hash Join  (cost=92883.59..165092.57 rows=476559 width=0) (actual time=1960.471..3132.460 rows=187191 loops=1)
  Hash Cond: (mc.movie_id = t.id)
  ->  Seq Scan on movie_companies mc  (cost=0.00..51404.11 rows=782056 width=4) (actual time=0.017..741.253 rows=788045 loops=1)
        Filter: (company_id > 31716)
        Rows Removed by Filter: 1821084
  ->  Hash  (cost=67604.59..67604.59 rows=1540800 width=4) (actual time=1862.364..1862.364 rows=1543264 loops=1)
        Buckets: 131072  Batches: 32  Memory Usage: 2722kB
        ->  Seq Scan on title t  (cost=0.00..67604.59 rows=1540800 width=4) (actual time=0.028..1064.879 rows=1543264 loops=1)
              Filter: (kind_id = 7)
              Rows Removed by Filter: 985048
Planning time: 0.768 ms
Execution time: 3146.787 ms
