Seq Scan on movie_companies mc  (cost=0.00..51404.11 rows=104 width=0) (actual time=382.355..629.379 rows=47 loops=1)
  Filter: (company_id = 94312)
  Rows Removed by Filter: 2609082
Planning time: 0.364 ms
Execution time: 629.471 ms
