Hash Join  (cost=798788.91..825699.69 rows=30 width=0) (actual time=11739.483..12030.453 rows=6 loops=1)
  Hash Cond: (mi_idx.movie_id = t.id)
  ->  Seq Scan on movie_info_idx mi_idx  (cost=0.00..21735.35 rows=1380035 width=4) (actual time=0.018..216.636 rows=1380035 loops=1)
  ->  Hash  (cost=798788.22..798788.22 rows=55 width=8) (actual time=11582.834..11582.834 rows=2 loops=1)
        Buckets: 1024  Batches: 1  Memory Usage: 9kB
        ->  Nested Loop  (cost=0.43..798788.22 rows=55 width=8) (actual time=2479.520..11582.813 rows=2 loops=1)
              ->  Seq Scan on cast_info ci  (cost=0.00..796071.18 rows=324 width=4) (actual time=1411.153..11582.524 rows=7 loops=1)
                    Filter: ((role_id > 1) AND (person_id = 510641))
                    Rows Removed by Filter: 36244337
              ->  Index Scan using title_pkey on title t  (cost=0.43..8.38 rows=1 width=4) (actual time=0.034..0.034 rows=0 loops=7)
                    Index Cond: (id = ci.movie_id)
                    Filter: (production_year < 1974)
                    Rows Removed by Filter: 1
Planning time: 1.436 ms
Execution time: 12030.570 ms
