Seq Scan on movie_keyword mk  (cost=0.00..81003.12 rows=246 width=0) (actual time=0.453..1083.562 rows=866 loops=1)
  Filter: (keyword_id = 3499)
  Rows Removed by Filter: 4523064
Planning time: 0.349 ms
Execution time: 1083.923 ms
