Hash Join  (cost=165053.61..531306.48 rows=159695 width=0) (actual time=2530.532..8890.862 rows=291790 loops=1)
  Hash Cond: (mi.movie_id = t.id)
  ->  Seq Scan on movie_info mi  (cost=0.00..309384.22 rows=14739122 width=4) (actual time=0.019..2770.244 rows=14835720 loops=1)
  ->  Hash  (cost=164711.16..164711.16 rows=27396 width=8) (actual time=2530.164..2530.164 rows=27303 loops=1)
        Buckets: 32768  Batches: 1  Memory Usage: 1323kB
        ->  Hash Join  (cost=102767.86..164711.16 rows=27396 width=8) (actual time=1610.201..2524.111 rows=27303 loops=1)
              Hash Cond: (mc.movie_id = t.id)
              ->  Seq Scan on movie_companies mc  (cost=0.00..51404.11 rows=27396 width=4) (actual time=0.240..674.314 rows=27303 loops=1)
                    Filter: (company_id = 27)
                    Rows Removed by Filter: 2581826
              ->  Hash  (cost=61283.27..61283.27 rows=2528527 width=4) (actual time=1605.868..1605.868 rows=2528312 loops=1)
                    Buckets: 131072  Batches: 64  Memory Usage: 2415kB
                    ->  Seq Scan on title t  (cost=0.00..61283.27 rows=2528527 width=4) (actual time=0.012..775.592 rows=2528312 loops=1)
Planning time: 1.298 ms
Execution time: 8931.112 ms
