Hash Join  (cost=426568.41..1181582.68 rows=422515 width=0) (actual time=5156.782..20526.730 rows=843396 loops=1)
  Hash Cond: (ci.movie_id = t.id)
  ->  Seq Scan on cast_info ci  (cost=0.00..614943.12 rows=36225612 width=4) (actual time=0.025..5926.957 rows=36244344 loops=1)
  ->  Hash  (cost=426199.77..426199.77 rows=29491 width=8) (actual time=5156.545..5156.545 rows=49280 loops=1)
        Buckets: 65536 (originally 32768)  Batches: 1 (originally 1)  Memory Usage: 2437kB
        ->  Hash Join  (cost=74617.32..426199.77 rows=29491 width=8) (actual time=1589.710..5136.521 rows=49280 loops=1)
              Hash Cond: (mi.movie_id = t.id)
              ->  Seq Scan on movie_info mi  (cost=0.00..346232.03 rows=1348138 width=4) (actual time=711.387..3904.368 rows=1298989 loops=1)
                    Filter: (info_type_id = 4)
                    Rows Removed by Filter: 13536731
              ->  Hash  (cost=73925.90..73925.90 rows=55313 width=4) (actual time=877.920..877.920 rows=49075 loops=1)
                    Buckets: 65536  Batches: 1  Memory Usage: 2238kB
                    ->  Seq Scan on title t  (cost=0.00..73925.90 rows=55313 width=4) (actual time=0.025..859.018 rows=49075 loops=1)
                          Filter: ((kind_id < 7) AND (production_year = 2010))
                          Rows Removed by Filter: 2479237
Planning time: 1.175 ms
Execution time: 20638.864 ms
