Hash Join  (cost=128695.20..479998.72 rows=1598 width=0) (actual time=5279.255..6391.156 rows=18873 loops=1)
  Hash Cond: (mi.movie_id = t.id)
  ->  Seq Scan on movie_info mi  (cost=0.00..346232.03 rows=1348138 width=4) (actual time=3428.764..4296.210 rows=1298989 loops=1)
        Filter: (info_type_id = 4)
        Rows Removed by Filter: 13536731
  ->  Hash  (cost=128657.72..128657.72 rows=2998 width=8) (actual time=1850.085..1850.085 rows=16815 loops=1)
        Buckets: 32768 (originally 4096)  Batches: 1 (originally 1)  Memory Usage: 913kB
        ->  Hash Join  (cost=73962.22..128657.72 rows=2998 width=8) (actual time=890.326..1844.256 rows=16815 loops=1)
              Hash Cond: (mc.movie_id = t.id)
              ->  Seq Scan on movie_companies mc  (cost=0.00..44881.29 rows=2609129 width=4) (actual time=0.028..455.743 rows=2609129 loops=1)
              ->  Hash  (cost=73925.90..73925.90 rows=2905 width=4) (actual time=889.895..889.895 rows=8126 loops=1)
                    Buckets: 8192 (originally 4096)  Batches: 1 (originally 1)  Memory Usage: 350kB
                    ->  Seq Scan on title t  (cost=0.00..73925.90 rows=2905 width=4) (actual time=0.665..886.121 rows=8126 loops=1)
                          Filter: ((kind_id < 7) AND (production_year = 1987))
                          Rows Removed by Filter: 2520186
Planning time: 1.152 ms
Execution time: 6394.279 ms
