Hash Join  (cost=72428.62..823236.27 rows=1848 width=0) (actual time=716.493..14113.472 rows=2030 loops=1)
  Hash Cond: (ci.movie_id = t.id)
  ->  Seq Scan on cast_info ci  (cost=0.00..614943.12 rows=36225612 width=4) (actual time=0.016..6627.870 rows=36244344 loops=1)
  ->  Hash  (cost=72427.01..72427.01 rows=129 width=8) (actual time=667.911..667.911 rows=61 loops=1)
        Buckets: 1024  Batches: 1  Memory Usage: 11kB
        ->  Nested Loop  (cost=0.43..72427.01 rows=129 width=8) (actual time=75.629..667.868 rows=61 loops=1)
              ->  Seq Scan on movie_companies mc  (cost=0.00..51404.11 rows=2696 width=4) (actual time=0.065..625.504 rows=2446 loops=1)
                    Filter: (company_id = 686)
                    Rows Removed by Filter: 2606683
              ->  Index Scan using title_pkey on title t  (cost=0.43..7.79 rows=1 width=4) (actual time=0.017..0.017 rows=0 loops=2446)
                    Index Cond: (id = mc.movie_id)
                    Filter: ((kind_id > 1) AND (production_year = 2012))
                    Rows Removed by Filter: 1
Planning time: 1.343 ms
Execution time: 14114.374 ms
