Hash Join  (cost=133684.64..502366.45 rows=402589 width=0) (actual time=2039.832..8839.217 rows=408972 loops=1)
  Hash Cond: (mi.movie_id = t.id)
  ->  Seq Scan on movie_info mi  (cost=0.00..309384.22 rows=14739122 width=4) (actual time=0.014..3105.156 rows=14835720 loops=1)
  ->  Hash  (cost=132821.32..132821.32 rows=69065 width=8) (actual time=2038.954..2038.954 rows=43906 loops=1)
        Buckets: 131072  Batches: 1  Memory Usage: 2740kB
        ->  Hash Join  (cost=74050.79..132821.32 rows=69065 width=8) (actual time=973.484..2021.436 rows=43906 loops=1)
              Hash Cond: (mc.movie_id = t.id)
              ->  Seq Scan on movie_companies mc  (cost=0.00..51404.11 rows=444473 width=4) (actual time=0.023..761.827 rows=443996 loops=1)
                    Filter: (company_id < 338)
                    Rows Removed by Filter: 2165133
              ->  Hash  (cost=67604.59..67604.59 rows=392896 width=4) (actual time=972.604..972.604 rows=391666 loops=1)
                    Buckets: 131072  Batches: 8  Memory Usage: 2753kB
                    ->  Seq Scan on title t  (cost=0.00..67604.59 rows=392896 width=4) (actual time=0.012..846.158 rows=391666 loops=1)
                          Filter: (production_year > 2010)
                          Rows Removed by Filter: 2136646
Planning time: 1.160 ms
Execution time: 8895.446 ms
