Seq Scan on cast_info ci  (cost=0.00..796071.18 rows=12 width=0) (actual time=1321.922..8864.206 rows=100 loops=1)
  Filter: ((person_id = 77227) AND (role_id = 5))
  Rows Removed by Filter: 36244244
Planning time: 0.390 ms
Execution time: 8864.317 ms
