Seq Scan on movie_companies mc  (cost=0.00..51404.11 rows=104 width=0) (actual time=165.267..635.396 rows=2 loops=1)
  Filter: (company_id = 60823)
  Rows Removed by Filter: 2609127
Planning time: 0.277 ms
Execution time: 635.460 ms
