Hash Join  (cost=102767.86..230645.57 rows=1537513 width=0) (actual time=1635.100..5074.042 rows=1551474 loops=1)
  Hash Cond: (mk.movie_id = t.id)
  ->  Seq Scan on movie_keyword mk  (cost=0.00..81003.12 rows=1537513 width=4) (actual time=0.019..1126.206 rows=1551474 loops=1)
        Filter: (keyword_id > 10161)
        Rows Removed by Filter: 2972456
  ->  Hash  (cost=61283.27..61283.27 rows=2528527 width=4) (actual time=1633.604..1633.604 rows=2528312 loops=1)
        Buckets: 131072  Batches: 64  Memory Usage: 2425kB
        ->  Seq Scan on title t  (cost=0.00..61283.27 rows=2528527 width=4) (actual time=0.019..772.568 rows=2528312 loops=1)
Planning time: 0.716 ms
Execution time: 5274.332 ms
