Seq Scan on movie_keyword mk  (cost=0.00..81003.12 rows=246 width=0) (actual time=0.556..1122.892 rows=91 loops=1)
  Filter: (keyword_id = 2075)
  Rows Removed by Filter: 4523839
Planning time: 0.366 ms
Execution time: 1123.040 ms
