Hash Join  (cost=129993.11..958967.31 rows=1099786 width=0) (actual time=5803.905..19035.359 rows=4087327 loops=1)
  Hash Cond: (ci.movie_id = t.id)
  ->  Seq Scan on cast_info ci  (cost=0.00..705507.15 rows=9629383 width=4) (actual time=2534.336..10332.544 rows=9594295 loops=1)
        Filter: (person_id > 2747585)
        Rows Removed by Filter: 26650049
  ->  Hash  (cost=125254.27..125254.27 rows=288787 width=8) (actual time=3268.340..3268.340 rows=643158 loops=1)
        Buckets: 131072 (originally 131072)  Batches: 8 (originally 4)  Memory Usage: 4188kB
        ->  Hash Join  (cost=82606.92..125254.27 rows=288787 width=8) (actual time=1835.882..3078.749 rows=643158 loops=1)
              Hash Cond: (mi_idx.movie_id = t.id)
              ->  Seq Scan on movie_info_idx mi_idx  (cost=0.00..21735.35 rows=1380035 width=4) (actual time=0.028..368.740 rows=1380035 loops=1)
              ->  Hash  (cost=73925.90..73925.90 rows=529121 width=4) (actual time=1834.875..1834.875 rows=594471 loops=1)
                    Buckets: 131072  Batches: 8  Memory Usage: 3653kB
                    ->  Seq Scan on title t  (cost=0.00..73925.90 rows=529121 width=4) (actual time=0.027..999.358 rows=594471 loops=1)
                          Filter: ((kind_id < 4) AND (production_year < 2007))
                          Rows Removed by Filter: 1933841
Planning time: 1.147 ms
Execution time: 19501.163 ms
