Hash Join  (cost=68449.54..158758.81 rows=61928 width=0) (actual time=808.661..2274.060 rows=71137 loops=1)
  Hash Cond: (mk.movie_id = t.id)
  ->  Seq Scan on movie_keyword mk  (cost=0.00..81003.12 rows=2316497 width=4) (actual time=0.025..1118.373 rows=2314455 loops=1)
        Filter: (keyword_id > 4456)
        Rows Removed by Filter: 2209475
  ->  Hash  (cost=67604.59..67604.59 rows=67596 width=4) (actual time=807.978..807.978 rows=67777 loops=1)
        Buckets: 131072  Batches: 1  Memory Usage: 3407kB
        ->  Seq Scan on title t  (cost=0.00..67604.59 rows=67596 width=4) (actual time=0.025..783.113 rows=67777 loops=1)
              Filter: (production_year = 2003)
              Rows Removed by Filter: 2460535
Planning time: 0.807 ms
Execution time: 2282.834 ms
