Seq Scan on movie_keyword mk  (cost=0.00..81003.12 rows=246 width=0) (actual time=2.057..1049.792 rows=185 loops=1)
  Filter: (keyword_id = 7285)
  Rows Removed by Filter: 4523745
Planning time: 2.243 ms
Execution time: 1049.999 ms
