Hash Join  (cost=98137.04..904512.45 rows=110652 width=0) (actual time=7203.545..12993.387 rows=37155 loops=1)
  Hash Cond: (ci.movie_id = t.id)
  ->  Seq Scan on cast_info ci  (cost=0.00..796071.18 rows=150342 width=4) (actual time=5568.574..10993.941 rows=59872 loops=1)
        Filter: ((person_id < 1521263) AND (role_id = 11))
        Rows Removed by Filter: 36184472
  ->  Hash  (cost=67604.59..67604.59 rows=1860996 width=4) (actual time=1633.720..1633.720 rows=1865487 loops=1)
        Buckets: 131072  Batches: 32  Memory Usage: 3079kB
        ->  Seq Scan on title t  (cost=0.00..67604.59 rows=1860996 width=4) (actual time=0.029..1042.772 rows=1865487 loops=1)
              Filter: (kind_id > 1)
              Rows Removed by Filter: 662825
Planning time: 0.707 ms
Execution time: 12998.387 ms
