Hash Join  (cost=208214.19..589689.69 rows=762838 width=0) (actual time=4587.219..10491.670 rows=1719800 loops=1)
  Hash Cond: (mi.movie_id = t.id)
  ->  Seq Scan on movie_info mi  (cost=0.00..346232.03 rows=2073893 width=4) (actual time=406.703..4494.682 rows=2091068 loops=1)
        Filter: (info_type_id < 3)
        Rows Removed by Filter: 12744652
  ->  Hash  (cost=192954.37..192954.37 rows=930066 width=8) (actual time=4179.629..4179.629 rows=1104921 loops=1)
        Buckets: 131072  Batches: 16  Memory Usage: 3731kB
        ->  Hash Join  (cost=102767.86..192954.37 rows=930066 width=8) (actual time=1911.853..3898.208 rows=1104921 loops=1)
              Hash Cond: (mc.movie_id = t.id)
              ->  Seq Scan on movie_companies mc  (cost=0.00..57926.93 rows=930066 width=4) (actual time=236.452..1040.787 rows=1104921 loops=1)
                    Filter: ((company_id > 1660) AND (company_type_id = 2))
                    Rows Removed by Filter: 1504208
              ->  Hash  (cost=61283.27..61283.27 rows=2528527 width=4) (actual time=1674.167..1674.167 rows=2528312 loops=1)
                    Buckets: 131072  Batches: 64  Memory Usage: 2415kB
                    ->  Seq Scan on title t  (cost=0.00..61283.27 rows=2528527 width=4) (actual time=0.026..813.535 rows=2528312 loops=1)
Planning time: 1.205 ms
Execution time: 10707.210 ms
