Hash Join  (cost=124175.70..217204.59 rows=4940 width=0) (actual time=1611.478..3356.869 rows=20779 loops=1)
  Hash Cond: (mk.movie_id = t.id)
  ->  Seq Scan on movie_keyword mk  (cost=0.00..81003.12 rows=3193696 width=4) (actual time=0.020..1266.329 rows=3174622 loops=1)
        Filter: (keyword_id > 1753)
        Rows Removed by Filter: 1349308
  ->  Hash  (cost=124126.82..124126.82 rows=3911 width=8) (actual time=1605.680..1605.680 rows=9117 loops=1)
        Buckets: 16384 (originally 4096)  Batches: 1 (originally 1)  Memory Usage: 485kB
        ->  Hash Join  (cost=67697.55..124126.82 rows=3911 width=8) (actual time=860.874..1602.393 rows=9117 loops=1)
              Hash Cond: (mc.movie_id = t.id)
              ->  Seq Scan on movie_companies mc  (cost=0.00..51404.11 rows=1329612 width=4) (actual time=62.876..637.227 rows=1334883 loops=1)
                    Filter: (company_type_id > 1)
                    Rows Removed by Filter: 1274246
              ->  Hash  (cost=67604.59..67604.59 rows=7437 width=4) (actual time=797.134..797.134 rows=10517 loops=1)
                    Buckets: 16384 (originally 8192)  Batches: 1 (originally 1)  Memory Usage: 498kB
                    ->  Seq Scan on title t  (cost=0.00..67604.59 rows=7437 width=4) (actual time=0.103..792.415 rows=10517 loops=1)
                          Filter: (production_year = 1959)
                          Rows Removed by Filter: 2517795
Planning time: 1.174 ms
Execution time: 3359.908 ms
