Seq Scan on movie_companies mc  (cost=0.00..51404.11 rows=104 width=0) (actual time=4.525..652.713 rows=118 loops=1)
  Filter: (company_id = 11210)
  Rows Removed by Filter: 2609011
Planning time: 0.347 ms
Execution time: 652.827 ms
