Seq Scan on cast_info ci  (cost=0.00..705507.15 rows=28048467 width=0) (actual time=0.023..11010.549 rows=28197744 loops=1)
  Filter: (person_id > 787097)
  Rows Removed by Filter: 8046600
Planning time: 0.325 ms
Execution time: 14602.854 ms
