Seq Scan on movie_keyword mk  (cost=0.00..81003.12 rows=246 width=0) (actual time=2.500..1006.835 rows=432 loops=1)
  Filter: (keyword_id = 6209)
  Rows Removed by Filter: 4523498
Planning time: 0.289 ms
Execution time: 1007.064 ms
