Hash Join  (cost=74009.26..426094.90 rows=4088 width=0) (actual time=2237.478..4912.885 rows=3539 loops=1)
  Hash Cond: (mi.movie_id = t.id)
  ->  Seq Scan on movie_info mi  (cost=0.00..346232.03 rows=1550064 width=4) (actual time=1260.921..3751.333 rows=1533909 loops=1)
        Filter: (info_type_id = 3)
        Rows Removed by Filter: 13301811
  ->  Hash  (cost=73925.90..73925.90 rows=6668 width=4) (actual time=915.605..915.605 rows=3242 loops=1)
        Buckets: 8192  Batches: 1  Memory Usage: 178kB
        ->  Seq Scan on title t  (cost=0.00..73925.90 rows=6668 width=4) (actual time=0.088..913.962 rows=3242 loops=1)
              Filter: ((kind_id = 3) AND (production_year = 2012))
              Rows Removed by Filter: 2525070
Planning time: 0.619 ms
Execution time: 4913.669 ms
