Hash Join  (cost=211865.32..598343.67 rows=1025451 width=0) (actual time=5408.621..12881.645 rows=11458635 loops=1)
  Hash Cond: (mi.movie_id = t.id)
  ->  Seq Scan on movie_info mi  (cost=0.00..346232.03 rows=2194617 width=4) (actual time=1225.139..4633.094 rows=2233850 loops=1)
        Filter: (info_type_id > 16)
        Rows Removed by Filter: 12601870
  ->  Hash  (cost=192480.91..192480.91 rows=1181473 width=8) (actual time=4182.600..4182.600 rows=1176364 loops=1)
        Buckets: 131072  Batches: 16  Memory Usage: 3927kB
        ->  Hash Join  (cost=102767.86..192480.91 rows=1181473 width=8) (actual time=1618.286..3804.362 rows=1176364 loops=1)
              Hash Cond: (mc.movie_id = t.id)
              ->  Seq Scan on movie_companies mc  (cost=0.00..51404.11 rows=1181473 width=4) (actual time=0.036..739.274 rows=1176364 loops=1)
                    Filter: (company_id < 10040)
                    Rows Removed by Filter: 1432765
              ->  Hash  (cost=61283.27..61283.27 rows=2528527 width=4) (actual time=1617.201..1617.201 rows=2528312 loops=1)
                    Buckets: 131072  Batches: 64  Memory Usage: 2415kB
                    ->  Seq Scan on title t  (cost=0.00..61283.27 rows=2528527 width=4) (actual time=0.029..772.882 rows=2528312 loops=1)
Planning time: 1.134 ms
Execution time: 14137.207 ms
