Hash Join  (cost=55679.28..82590.59 rows=83 width=0) (actual time=993.551..1109.541 rows=474 loops=1)
  Hash Cond: (mi_idx.movie_id = t.id)
  ->  Seq Scan on movie_info_idx mi_idx  (cost=0.00..21735.35 rows=1380035 width=4) (actual time=0.018..202.494 rows=1380035 loops=1)
  ->  Hash  (cost=55677.38..55677.38 rows=152 width=8) (actual time=688.944..688.944 rows=373 loops=1)
        Buckets: 1024  Batches: 1  Memory Usage: 23kB
        ->  Nested Loop  (cost=0.43..55677.38 rows=152 width=8) (actual time=227.817..688.782 rows=373 loops=1)
              ->  Seq Scan on movie_companies mc  (cost=0.00..51404.11 rows=513 width=4) (actual time=227.767..677.456 rows=490 loops=1)
                    Filter: (company_id > 234514)
                    Rows Removed by Filter: 2608639
              ->  Index Scan using title_pkey on title t  (cost=0.43..8.32 rows=1 width=4) (actual time=0.022..0.023 rows=1 loops=490)
                    Index Cond: (id = mc.movie_id)
                    Filter: ((kind_id < 7) AND (production_year < 2010))
                    Rows Removed by Filter: 0
Planning time: 1.502 ms
Execution time: 1109.711 ms
