Hash Join  (cost=160136.34..286825.21 rows=384683 width=0) (actual time=2738.635..6326.265 rows=5020969 loops=1)
  Hash Cond: (mk.movie_id = t.id)
  ->  Seq Scan on movie_keyword mk  (cost=0.00..69693.30 rows=4523930 width=4) (actual time=0.022..1114.144 rows=4523930 loops=1)
  ->  Hash  (cost=156608.74..156608.74 rows=215008 width=8) (actual time=2737.595..2737.595 rows=390270 loops=1)
        Buckets: 131072 (originally 131072)  Batches: 8 (originally 4)  Memory Usage: 3073kB
        ->  Hash Join  (cost=82863.28..156608.74 rows=215008 width=8) (actual time=1545.067..2620.129 rows=390270 loops=1)
              Hash Cond: (mc.movie_id = t.id)
              ->  Seq Scan on movie_companies mc  (cost=0.00..57926.93 rows=997985 width=4) (actual time=184.347..908.933 rows=1153023 loops=1)
                    Filter: ((company_id > 846) AND (company_type_id = 2))
                    Rows Removed by Filter: 1456106
              ->  Hash  (cost=73925.90..73925.90 rows=544750 width=4) (actual time=1048.342..1048.342 rows=420664 loops=1)
                    Buckets: 131072  Batches: 8  Memory Usage: 2882kB
                    ->  Seq Scan on title t  (cost=0.00..73925.90 rows=544750 width=4) (actual time=36.055..915.946 rows=420664 loops=1)
                          Filter: ((kind_id < 2) AND (production_year > 1971))
                          Rows Removed by Filter: 2107648
Planning time: 1.114 ms
Execution time: 6758.932 ms
