Seq Scan on movie_keyword mk  (cost=0.00..81003.12 rows=246 width=0) (actual time=5.607..1099.049 rows=658 loops=1)
  Filter: (keyword_id = 10734)
  Rows Removed by Filter: 4523272
Planning time: 0.391 ms
Execution time: 1099.407 ms
