Hash Join  (cost=83073.49..464845.28 rows=360 width=0) (actual time=1082.407..7348.545 rows=26065 loops=1)
  Hash Cond: (mi.movie_id = t.id)
  ->  Seq Scan on movie_info mi  (cost=0.00..346232.03 rows=9476311 width=4) (actual time=0.017..4822.870 rows=9565151 loops=1)
        Filter: (info_type_id < 16)
        Rows Removed by Filter: 5270569
  ->  Hash  (cost=83072.29..83072.29 rows=96 width=8) (actual time=1082.135..1082.135 rows=699 loops=1)
        Buckets: 1024  Batches: 1  Memory Usage: 36kB
        ->  Nested Loop  (cost=0.43..83072.29 rows=96 width=8) (actual time=0.443..1081.640 rows=699 loops=1)
              ->  Seq Scan on movie_keyword mk  (cost=0.00..81003.12 rows=246 width=4) (actual time=0.408..1061.429 rows=929 loops=1)
                    Filter: (keyword_id = 4314)
                    Rows Removed by Filter: 4523001
              ->  Index Scan using title_pkey on title t  (cost=0.43..8.40 rows=1 width=4) (actual time=0.020..0.021 rows=1 loops=929)
                    Index Cond: (id = mk.movie_id)
                    Filter: (kind_id < 7)
                    Rows Removed by Filter: 0
Planning time: 1.189 ms
Execution time: 7352.807 ms
