Seq Scan on movie_companies mc  (cost=0.00..57926.93 rows=51 width=0) (actual time=257.195..648.532 rows=2 loops=1)
  Filter: ((company_id = 7563) AND (company_type_id = 1))
  Rows Removed by Filter: 2609127
Planning time: 0.348 ms
Execution time: 648.620 ms
