Hash Join  (cost=82131.75..155744.63 rows=435846 width=0) (actual time=1488.114..3105.339 rows=562770 loops=1)
  Hash Cond: (mc.movie_id = t.id)
  ->  Seq Scan on movie_companies mc  (cost=0.00..51404.11 rows=1244615 width=4) (actual time=0.015..784.872 rows=1259606 loops=1)
        Filter: (company_id > 11586)
        Rows Removed by Filter: 1349523
  ->  Hash  (cost=67604.59..67604.59 rows=885453 width=4) (actual time=1487.528..1487.528 rows=885650 loops=1)
        Buckets: 131072  Batches: 16  Memory Usage: 2972kB
        ->  Seq Scan on title t  (cost=0.00..67604.59 rows=885453 width=4) (actual time=0.024..952.362 rows=885650 loops=1)
              Filter: (production_year < 1997)
              Rows Removed by Filter: 1642662
Planning time: 0.485 ms
Execution time: 3163.009 ms
