Seq Scan on movie_keyword mk  (cost=0.00..81003.12 rows=246 width=0) (actual time=8.716..1171.131 rows=128 loops=1)
  Filter: (keyword_id = 1713)
  Rows Removed by Filter: 4523802
Planning time: 0.362 ms
Execution time: 1171.320 ms
