Hash Join  (cost=448026.41..538851.82 rows=18236 width=0) (actual time=4394.317..6033.755 rows=130409 loops=1)
  Hash Cond: (mk.movie_id = t.id)
  ->  Seq Scan on movie_keyword mk  (cost=0.00..81003.12 rows=2570646 width=4) (actual time=0.025..1242.267 rows=2560171 loops=1)
        Filter: (keyword_id > 3430)
        Rows Removed by Filter: 1963759
  ->  Hash  (cost=447802.20..447802.20 rows=17937 width=8) (actual time=4393.707..4393.707 rows=5162 loops=1)
        Buckets: 32768  Batches: 1  Memory Usage: 458kB
        ->  Nested Loop  (cost=0.43..447802.20 rows=17937 width=8) (actual time=1105.330..4390.466 rows=5162 loops=1)
              ->  Seq Scan on movie_info mi  (cost=0.00..346232.03 rows=17937 width=4) (actual time=1105.227..4296.561 rows=5162 loops=1)
                    Filter: (info_type_id = 92)
                    Rows Removed by Filter: 14830558
              ->  Index Only Scan using title_pkey on title t  (cost=0.43..5.65 rows=1 width=4) (actual time=0.017..0.018 rows=1 loops=5162)
                    Index Cond: (id = mi.movie_id)
                    Heap Fetches: 5162
Planning time: 1.164 ms
Execution time: 6049.655 ms
