Hash Join  (cost=196022.40..340514.23 rows=1845880 width=0) (actual time=4414.209..11879.274 rows=18527945 loops=1)
  Hash Cond: (mk.movie_id = t.id)
  ->  Seq Scan on movie_keyword mk  (cost=0.00..69693.30 rows=4523930 width=4) (actual time=0.013..1106.932 rows=4523930 loops=1)
  ->  Hash  (cost=179095.10..179095.10 rows=1031704 width=8) (actual time=4413.270..4413.270 rows=1232792 loops=1)
        Buckets: 131072  Batches: 16  Memory Usage: 4058kB
        ->  Hash Join  (cost=89762.59..179095.10 rows=1031704 width=8) (actual time=1434.526..4015.411 rows=1232792 loops=1)
              Hash Cond: (mc.movie_id = t.id)
              ->  Seq Scan on movie_companies mc  (cost=0.00..51404.11 rows=1931562 width=4) (actual time=0.023..945.474 rows=1939631 loops=1)
                    Filter: (company_id > 1059)
                    Rows Removed by Filter: 669498
              ->  Hash  (cost=67604.59..67604.59 rows=1350560 width=4) (actual time=1432.944..1432.944 rows=1348293 loops=1)
                    Buckets: 131072  Batches: 32  Memory Usage: 2505kB
                    ->  Seq Scan on title t  (cost=0.00..67604.59 rows=1350560 width=4) (actual time=0.024..997.857 rows=1348293 loops=1)
                          Filter: (production_year < 2005)
                          Rows Removed by Filter: 1180019
Planning time: 1.120 ms
Execution time: 14063.920 ms
