Seq Scan on movie_keyword mk  (cost=0.00..81003.12 rows=246 width=0) (actual time=432.004..1250.473 rows=15 loops=1)
  Filter: (keyword_id = 41097)
  Rows Removed by Filter: 4523915
Planning time: 0.412 ms
Execution time: 1250.573 ms
