Seq Scan on movie_companies mc  (cost=0.00..57926.93 rows=1107366 width=0) (actual time=203.696..985.540 rows=1230652 loops=1)
  Filter: ((company_id > 319) AND (company_type_id > 1))
  Rows Removed by Filter: 1378477
Planning time: 0.290 ms
Execution time: 1143.015 ms
