Hash Join  (cost=101220.66..853222.45 rows=121255 width=0) (actual time=1396.774..16380.991 rows=440233 loops=1)
  Hash Cond: (ci.movie_id = t.id)
  ->  Seq Scan on cast_info ci  (cost=0.00..614943.12 rows=36225612 width=4) (actual time=0.020..6608.235 rows=36244344 loops=1)
  ->  Hash  (cost=101114.86..101114.86 rows=8464 width=8) (actual time=1396.607..1396.607 rows=15425 loops=1)
        Buckets: 16384  Batches: 1  Memory Usage: 731kB
        ->  Hash Join  (cost=74119.74..101114.86 rows=8464 width=8) (actual time=852.411..1391.075 rows=15425 loops=1)
              Hash Cond: (mi_idx.movie_id = t.id)
              ->  Seq Scan on movie_info_idx mi_idx  (cost=0.00..21735.35 rows=1380035 width=4) (actual time=0.017..243.641 rows=1380035 loops=1)
              ->  Hash  (cost=73925.90..73925.90 rows=15507 width=4) (actual time=852.162..852.162 rows=11835 loops=1)
                    Buckets: 16384  Batches: 1  Memory Usage: 545kB
                    ->  Seq Scan on title t  (cost=0.00..73925.90 rows=15507 width=4) (actual time=0.410..847.174 rows=11835 loops=1)
                          Filter: ((kind_id < 7) AND (production_year = 1995))
                          Rows Removed by Filter: 2516477
Planning time: 1.215 ms
Execution time: 16446.390 ms
