Seq Scan on movie_keyword mk  (cost=0.00..81003.12 rows=1943684 width=0) (actual time=0.013..1207.729 rows=1953503 loops=1)
  Filter: (keyword_id < 3401)
  Rows Removed by Filter: 2570427
Planning time: 0.329 ms
Execution time: 1449.236 ms
