Nested Loop  (cost=0.43..58375.31 rows=47 width=0) (actual time=0.313..770.652 rows=390 loops=1)
  ->  Seq Scan on movie_companies mc  (cost=0.00..57926.93 rows=53 width=4) (actual time=0.277..758.465 rows=495 loops=1)
        Filter: ((company_type_id > 1) AND (company_id = 10822))
        Rows Removed by Filter: 2608634
  ->  Index Scan using title_pkey on title t  (cost=0.43..8.45 rows=1 width=4) (actual time=0.024..0.024 rows=1 loops=495)
        Index Cond: (id = mc.movie_id)
        Filter: (production_year < 2012)
        Rows Removed by Filter: 0
Planning time: 0.769 ms
Execution time: 770.833 ms
