Nested Loop  (cost=0.43..83072.29 rows=116 width=0) (actual time=18.633..1083.499 rows=1349 loops=1)
  ->  Seq Scan on movie_keyword mk  (cost=0.00..81003.12 rows=246 width=4) (actual time=18.549..1044.410 rows=1844 loops=1)
        Filter: (keyword_id = 496)
        Rows Removed by Filter: 4522086
  ->  Index Scan using title_pkey on title t  (cost=0.43..8.40 rows=1 width=4) (actual time=0.020..0.020 rows=1 loops=1844)
        Index Cond: (id = mk.movie_id)
        Filter: (production_year < 2003)
        Rows Removed by Filter: 0
Planning time: 0.753 ms
Execution time: 1084.000 ms
