Seq Scan on cast_info ci  (cost=0.00..796071.18 rows=482591 width=0) (actual time=2039.148..12479.683 rows=309047 loops=1)
  Filter: ((person_id < 2466166) AND (role_id = 6))
  Rows Removed by Filter: 35935297
Planning time: 0.389 ms
Execution time: 12520.753 ms
