Hash Join  (cost=160232.35..1293588.47 rows=9690996 width=0) (actual time=3119.420..37266.433 rows=14847482 loops=1)
  Hash Cond: (ci.movie_id = t.id)
  ->  Seq Scan on cast_info ci  (cost=0.00..614943.12 rows=36225612 width=4) (actual time=0.028..10537.557 rows=36244344 loops=1)
  ->  Hash  (cost=149134.02..149134.02 rows=676426 width=8) (actual time=3117.730..3117.730 rows=500090 loops=1)
        Buckets: 131072  Batches: 16  Memory Usage: 2253kB
        ->  Hash Join  (cost=98137.04..149134.02 rows=676426 width=8) (actual time=1672.081..2991.609 rows=500090 loops=1)
              Hash Cond: (mi_idx.movie_id = t.id)
              ->  Seq Scan on movie_info_idx mi_idx  (cost=0.00..25185.44 rows=919057 width=4) (actual time=0.030..498.788 rows=920110 loops=1)
                    Filter: (info_type_id > 99)
                    Rows Removed by Filter: 459925
              ->  Hash  (cost=67604.59..67604.59 rows=1860996 width=4) (actual time=1671.073..1671.073 rows=1865487 loops=1)
                    Buckets: 131072  Batches: 32  Memory Usage: 3079kB
                    ->  Seq Scan on title t  (cost=0.00..67604.59 rows=1860996 width=4) (actual time=0.013..1060.815 rows=1865487 loops=1)
                          Filter: (kind_id > 1)
                          Rows Removed by Filter: 662825
Planning time: 1.164 ms
Execution time: 39039.221 ms
