Seq Scan on movie_keyword mk  (cost=0.00..81003.12 rows=4238045 width=0) (actual time=0.018..1308.638 rows=4239576 loops=1)
  Filter: (keyword_id < 56327)
  Rows Removed by Filter: 284354
Planning time: 0.288 ms
Execution time: 1819.589 ms
