Hash Join  (cost=73994.33..160750.31 rows=9794 width=0) (actual time=1257.851..2654.780 rows=6 loops=1)
  Hash Cond: (mk.movie_id = t.id)
  ->  Seq Scan on movie_keyword mk  (cost=0.00..69693.30 rows=4523930 width=4) (actual time=0.018..824.551 rows=4523930 loops=1)
  ->  Hash  (cost=73925.90..73925.90 rows=5474 width=4) (actual time=1015.045..1015.045 rows=6 loops=1)
        Buckets: 8192  Batches: 1  Memory Usage: 65kB
        ->  Seq Scan on title t  (cost=0.00..73925.90 rows=5474 width=4) (actual time=90.604..1015.023 rows=6 loops=1)
              Filter: ((kind_id > 1) AND (production_year = 1941))
              Rows Removed by Filter: 2528306
Planning time: 0.717 ms
Execution time: 2654.866 ms
