Hash Join  (cost=92883.59..236260.09 rows=1816311 width=0) (actual time=1516.423..4675.224 rows=401577 loops=1)
  Hash Cond: (mk.movie_id = t.id)
  ->  Seq Scan on movie_keyword mk  (cost=0.00..81003.12 rows=2980654 width=4) (actual time=0.018..1449.467 rows=2965434 loops=1)
        Filter: (keyword_id < 10101)
        Rows Removed by Filter: 1558496
  ->  Hash  (cost=67604.59..67604.59 rows=1540800 width=4) (actual time=1515.014..1515.014 rows=1543264 loops=1)
        Buckets: 131072  Batches: 32  Memory Usage: 2728kB
        ->  Seq Scan on title t  (cost=0.00..67604.59 rows=1540800 width=4) (actual time=0.014..1000.104 rows=1543264 loops=1)
              Filter: (kind_id = 7)
              Rows Removed by Filter: 985048
Planning time: 0.777 ms
Execution time: 4724.009 ms
