Hash Join  (cost=155823.51..282967.53 rows=421999 width=0) (actual time=2641.426..7758.107 rows=9112606 loops=1)
  Hash Cond: (mk.movie_id = t.id)
  ->  Seq Scan on movie_keyword mk  (cost=0.00..69693.30 rows=4523930 width=4) (actual time=0.019..1241.693 rows=4523930 loops=1)
  ->  Hash  (cost=151953.19..151953.19 rows=235865 width=8) (actual time=2640.262..2640.262 rows=324993 loops=1)
        Buckets: 131072 (originally 131072)  Batches: 8 (originally 4)  Memory Usage: 3073kB
        ->  Hash Join  (cost=81573.24..151953.19 rows=235865 width=8) (actual time=965.847..2537.533 rows=324993 loops=1)
              Hash Cond: (mc.movie_id = t.id)
              ->  Seq Scan on movie_companies mc  (cost=0.00..51404.11 rows=1279517 width=4) (actual time=0.014..840.820 rows=1274246 loops=1)
                    Filter: (company_type_id < 2)
                    Rows Removed by Filter: 1334883
              ->  Hash  (cost=73925.90..73925.90 rows=466107 width=4) (actual time=964.741..964.741 rows=396359 loops=1)
                    Buckets: 131072  Batches: 8  Memory Usage: 2762kB
                    ->  Seq Scan on title t  (cost=0.00..73925.90 rows=466107 width=4) (actual time=0.021..853.245 rows=396359 loops=1)
                          Filter: ((kind_id < 7) AND (production_year > 2003))
                          Rows Removed by Filter: 2131953
Planning time: 1.185 ms
Execution time: 8789.753 ms
