Seq Scan on cast_info ci  (cost=0.00..705507.15 rows=35926265 width=0) (actual time=0.023..13234.233 rows=35915327 loops=1)
  Filter: (person_id < 4002055)
  Rows Removed by Filter: 329017
Planning time: 0.357 ms
Execution time: 17661.538 ms
