Hash Join  (cost=121902.21..246676.61 rows=227536 width=0) (actual time=3977.506..5072.509 rows=160078 loops=1)
  Hash Cond: (mk.movie_id = t.id)
  ->  Seq Scan on movie_keyword mk  (cost=0.00..69693.30 rows=4523930 width=4) (actual time=0.012..1181.184 rows=4523930 loops=1)
  ->  Hash  (cost=119815.53..119815.53 rows=127175 width=8) (actual time=2498.971..2498.971 rows=70131 loops=1)
        Buckets: 131072  Batches: 2  Memory Usage: 2406kB
        ->  Hash Join  (cost=85282.22..119815.53 rows=127175 width=8) (actual time=1743.175..2476.918 rows=70131 loops=1)
              Hash Cond: (mi_idx.movie_id = t.id)
              ->  Seq Scan on movie_info_idx mi_idx  (cost=0.00..25185.44 rows=464566 width=4) (actual time=0.019..428.876 rows=459925 loops=1)
                    Filter: (info_type_id = 101)
                    Rows Removed by Filter: 920110
              ->  Hash  (cost=73925.90..73925.90 rows=692185 width=4) (actual time=1742.181..1742.181 rows=596495 loops=1)
                    Buckets: 131072  Batches: 16  Memory Usage: 2332kB
                    ->  Seq Scan on title t  (cost=0.00..73925.90 rows=692185 width=4) (actual time=0.620..869.183 rows=596495 loops=1)
                          Filter: ((production_year < 2002) AND (kind_id = 7))
                          Rows Removed by Filter: 1931817
Planning time: 1.206 ms
Execution time: 5093.349 ms
