Hash Join  (cost=122535.74..471828.59 rows=2457 width=0) (actual time=5036.979..6057.179 rows=6559 loops=1)
  Hash Cond: (mi.movie_id = t.id)
  ->  Seq Scan on movie_info mi  (cost=0.00..346232.03 rows=809669 width=4) (actual time=3267.147..4155.850 rows=802140 loops=1)
        Filter: (info_type_id = 1)
        Rows Removed by Filter: 14033580
  ->  Hash  (cost=122439.81..122439.81 rows=7674 width=8) (actual time=1767.538..1767.538 rows=6208 loops=1)
        Buckets: 8192  Batches: 1  Memory Usage: 307kB
        ->  Hash Join  (cost=67697.55..122439.81 rows=7674 width=8) (actual time=796.602..1764.954 rows=6208 loops=1)
              Hash Cond: (mc.movie_id = t.id)
              ->  Seq Scan on movie_companies mc  (cost=0.00..44881.29 rows=2609129 width=4) (actual time=0.026..469.613 rows=2609129 loops=1)
              ->  Hash  (cost=67604.59..67604.59 rows=7437 width=4) (actual time=796.271..796.271 rows=2840 loops=1)
                    Buckets: 8192  Batches: 1  Memory Usage: 164kB
                    ->  Seq Scan on title t  (cost=0.00..67604.59 rows=7437 width=4) (actual time=6.455..794.709 rows=2840 loops=1)
                          Filter: (production_year = 1948)
                          Rows Removed by Filter: 2525472
Planning time: 3.160 ms
Execution time: 6058.353 ms
