Hash Join  (cost=83074.70..137742.21 rows=199 width=0) (actual time=1125.522..2142.063 rows=3956 loops=1)
  Hash Cond: (mc.movie_id = t.id)
  ->  Seq Scan on movie_companies mc  (cost=0.00..44881.29 rows=2609129 width=4) (actual time=0.019..524.195 rows=2609129 loops=1)
  ->  Hash  (cost=83072.29..83072.29 rows=193 width=8) (actual time=1124.057..1124.057 rows=408 loops=1)
        Buckets: 1024  Batches: 1  Memory Usage: 24kB
        ->  Nested Loop  (cost=0.43..83072.29 rows=193 width=8) (actual time=1.508..1123.715 rows=408 loops=1)
              ->  Seq Scan on movie_keyword mk  (cost=0.00..81003.12 rows=246 width=4) (actual time=1.469..1104.136 rows=511 loops=1)
                    Filter: (keyword_id = 15202)
                    Rows Removed by Filter: 4523419
              ->  Index Scan using title_pkey on title t  (cost=0.43..8.40 rows=1 width=4) (actual time=0.036..0.037 rows=1 loops=511)
                    Index Cond: (id = mk.movie_id)
                    Filter: (production_year > 1977)
                    Rows Removed by Filter: 0
Planning time: 1.235 ms
Execution time: 2142.801 ms
