Seq Scan on title t  (cost=0.00..73925.90 rows=175156 width=0) (actual time=67.025..875.140 rows=60164 loops=1)
  Filter: ((kind_id > 3) AND (production_year < 1962))
  Rows Removed by Filter: 2468148
Planning time: 0.328 ms
Execution time: 884.194 ms
