Hash Join  (cost=156567.24..970705.15 rows=297871 width=0) (actual time=13559.170..17180.964 rows=519294 loops=1)
  Hash Cond: (ci.movie_id = t.id)
  ->  Seq Scan on cast_info ci  (cost=0.00..796071.18 rows=1066137 width=4) (actual time=10179.764..13168.248 rows=983939 loops=1)
        Filter: ((person_id < 1387178) AND (role_id = 4))
        Rows Removed by Filter: 35260405
  ->  Hash  (cost=144976.59..144976.59 rows=706452 width=8) (actual time=3378.039..3378.039 rows=387648 loops=1)
        Buckets: 131072  Batches: 16  Memory Usage: 1972kB
        ->  Hash Join  (cost=95162.59..144976.59 rows=706452 width=8) (actual time=2391.087..3263.716 rows=387648 loops=1)
              Hash Cond: (mi_idx.movie_id = t.id)
              ->  Seq Scan on movie_info_idx mi_idx  (cost=0.00..21735.35 rows=1380035 width=4) (actual time=0.032..457.832 rows=1380035 loops=1)
              ->  Hash  (cost=73925.90..73925.90 rows=1294375 width=4) (actual time=1861.840..1861.840 rows=1374286 loops=1)
                    Buckets: 131072  Batches: 32  Memory Usage: 2537kB
                    ->  Seq Scan on title t  (cost=0.00..73925.90 rows=1294375 width=4) (actual time=238.527..1422.662 rows=1374286 loops=1)
                          Filter: ((production_year > 1967) AND (kind_id = 7))
                          Rows Removed by Filter: 1154026
Planning time: 1.193 ms
Execution time: 17243.789 ms
