Hash Join  (cost=100809.69..202430.20 rows=1690857 width=0) (actual time=1676.733..4102.417 rows=1195240 loops=1)
  Hash Cond: (mc.movie_id = t.id)
  ->  Seq Scan on movie_companies mc  (cost=0.00..44881.29 rows=2609129 width=4) (actual time=0.027..686.522 rows=2609129 loops=1)
  ->  Hash  (cost=73925.90..73925.90 rows=1638623 width=4) (actual time=1675.427..1675.427 rows=1629839 loops=1)
        Buckets: 131072  Batches: 32  Memory Usage: 2813kB
        ->  Seq Scan on title t  (cost=0.00..73925.90 rows=1638623 width=4) (actual time=0.017..1157.014 rows=1629839 loops=1)
              Filter: ((kind_id > 1) AND (production_year < 2012))
              Rows Removed by Filter: 898473
Planning time: 0.738 ms
Execution time: 4235.063 ms
