Seq Scan on movie_keyword mk  (cost=0.00..81003.12 rows=3159198 width=0) (actual time=0.050..1372.333 rows=3141806 loops=1)
  Filter: (keyword_id < 12084)
  Rows Removed by Filter: 1382124
Planning time: 0.318 ms
Execution time: 1770.002 ms
