Hash Join  (cost=964367.44..1605224.62 rows=13540483 width=0) (actual time=15013.105..32220.047 rows=25452326 loops=1)
  Hash Cond: (mi.movie_id = t.id)
  ->  Seq Scan on movie_info mi  (cost=0.00..346232.03 rows=9476311 width=4) (actual time=0.013..5108.292 rows=9565151 loops=1)
        Filter: (info_type_id < 16)
        Rows Removed by Filter: 5270569
  ->  Hash  (cost=905091.51..905091.51 rows=3612954 width=8) (actual time=15012.319..15012.319 rows=3495349 loops=1)
        Buckets: 131072  Batches: 64  Memory Usage: 3220kB
        ->  Hash Join  (cost=102767.86..905091.51 rows=3612954 width=8) (actual time=2954.940..13995.928 rows=3495349 loops=1)
              Hash Cond: (ci.movie_id = t.id)
              ->  Seq Scan on cast_info ci  (cost=0.00..705507.15 rows=3612954 width=4) (actual time=1329.259..9147.518 rows=3495349 loops=1)
                    Filter: (person_id < 335194)
                    Rows Removed by Filter: 32748995
              ->  Hash  (cost=61283.27..61283.27 rows=2528527 width=4) (actual time=1599.648..1599.648 rows=2528312 loops=1)
                    Buckets: 131072  Batches: 64  Memory Usage: 2415kB
                    ->  Seq Scan on title t  (cost=0.00..61283.27 rows=2528527 width=4) (actual time=0.023..805.452 rows=2528312 loops=1)
Planning time: 1.077 ms
Execution time: 35101.192 ms
