Seq Scan on movie_keyword mk  (cost=0.00..81003.12 rows=246 width=0) (actual time=26.462..831.292 rows=2216 loops=1)
  Filter: (keyword_id = 8717)
  Rows Removed by Filter: 4521714
Planning time: 0.261 ms
Execution time: 831.942 ms
