Seq Scan on cast_info ci  (cost=0.00..705507.15 rows=28781530 width=0) (actual time=0.024..11028.459 rows=28743209 loops=1)
  Filter: (person_id < 2922184)
  Rows Removed by Filter: 7501135
Planning time: 0.294 ms
Execution time: 14565.350 ms
