Hash Join  (cost=83074.74..913508.81 rows=891 width=0) (actual time=1091.606..13343.536 rows=270 loops=1)
  Hash Cond: (ci.movie_id = t.id)
  ->  Seq Scan on cast_info ci  (cost=0.00..796071.18 rows=9161059 width=4) (actual time=0.024..11489.379 rows=5512509 loops=1)
        Filter: ((person_id > 979621) AND (role_id = 1))
        Rows Removed by Filter: 30731835
  ->  Hash  (cost=83071.67..83071.67 rows=246 width=8) (actual time=1086.720..1086.720 rows=39 loops=1)
        Buckets: 1024  Batches: 1  Memory Usage: 10kB
        ->  Nested Loop  (cost=0.43..83071.67 rows=246 width=8) (actual time=24.096..1086.644 rows=39 loops=1)
              ->  Seq Scan on movie_keyword mk  (cost=0.00..81003.12 rows=246 width=4) (actual time=23.985..1084.726 rows=39 loops=1)
                    Filter: (keyword_id = 2510)
                    Rows Removed by Filter: 4523891
              ->  Index Only Scan using title_pkey on title t  (cost=0.43..8.40 rows=1 width=4) (actual time=0.042..0.044 rows=1 loops=39)
                    Index Cond: (id = mk.movie_id)
                    Heap Fetches: 39
Planning time: 1.170 ms
Execution time: 13343.815 ms
