Hash Join  (cost=98498.33..184239.57 rows=964923 width=0) (actual time=2472.204..4319.822 rows=255336 loops=1)
  Hash Cond: (mc.movie_id = t.id)
  ->  Seq Scan on movie_companies mc  (cost=0.00..51404.11 rows=1629039 width=4) (actual time=0.020..879.467 rows=1627974 loops=1)
        Filter: (company_id > 4401)
        Rows Removed by Filter: 981155
  ->  Hash  (cost=73925.90..73925.90 rows=1497714 width=4) (actual time=2352.388..2352.388 rows=1478440 loops=1)
        Buckets: 131072  Batches: 32  Memory Usage: 2651kB
        ->  Seq Scan on title t  (cost=0.00..73925.90 rows=1497714 width=4) (actual time=15.763..1214.618 rows=1478440 loops=1)
              Filter: ((production_year > 0) AND (kind_id = 7))
              Rows Removed by Filter: 1049872
Planning time: 0.721 ms
Execution time: 4353.232 ms
