Seq Scan on movie_companies mc  (cost=0.00..57926.93 rows=404344 width=0) (actual time=199.489..819.445 rows=230201 loops=1)
  Filter: ((company_id < 1692) AND (company_type_id = 2))
  Rows Removed by Filter: 2378928
Planning time: 0.413 ms
Execution time: 848.575 ms
