Seq Scan on movie_keyword mk  (cost=0.00..81003.12 rows=246 width=0) (actual time=65.678..937.996 rows=63 loops=1)
  Filter: (keyword_id = 5304)
  Rows Removed by Filter: 4523867
Planning time: 0.339 ms
Execution time: 938.125 ms
