Hash Join  (cost=513437.85..603613.74 rows=1057381 width=0) (actual time=7370.947..9661.776 rows=1985400 loops=1)
  Hash Cond: (mc.movie_id = t.id)
  ->  Seq Scan on movie_companies mc  (cost=0.00..51404.11 rows=1983192 width=4) (actual time=0.040..896.009 rows=1987032 loops=1)
        Filter: (company_id > 774)
        Rows Removed by Filter: 622097
  ->  Hash  (cost=491319.12..491319.12 rows=1348138 width=8) (actual time=7369.807..7369.807 rows=1298989 loops=1)
        Buckets: 131072  Batches: 32  Memory Usage: 2598kB
        ->  Hash Join  (cost=102767.86..491319.12 rows=1348138 width=8) (actual time=1703.915..6964.119 rows=1298989 loops=1)
              Hash Cond: (mi.movie_id = t.id)
              ->  Seq Scan on movie_info mi  (cost=0.00..346232.03 rows=1348138 width=4) (actual time=63.688..3847.643 rows=1298989 loops=1)
                    Filter: (info_type_id = 4)
                    Rows Removed by Filter: 13536731
              ->  Hash  (cost=61283.27..61283.27 rows=2528527 width=4) (actual time=1638.896..1638.896 rows=2528312 loops=1)
                    Buckets: 131072  Batches: 64  Memory Usage: 2425kB
                    ->  Seq Scan on title t  (cost=0.00..61283.27 rows=2528527 width=4) (actual time=0.019..764.433 rows=2528312 loops=1)
Planning time: 1.168 ms
Execution time: 9825.104 ms
