Hash Join  (cost=116536.65..481199.86 rows=731 width=0) (actual time=1206.531..6745.260 rows=393 loops=1)
  Hash Cond: (mi.movie_id = t.id)
  ->  Seq Scan on movie_info mi  (cost=0.00..309384.22 rows=14739122 width=4) (actual time=0.015..2981.608 rows=14835720 loops=1)
  ->  Hash  (cost=116535.08..116535.08 rows=125 width=8) (actual time=1137.962..1137.962 rows=33 loops=1)
        Buckets: 1024  Batches: 1  Memory Usage: 10kB
        ->  Nested Loop  (cost=0.43..116535.08 rows=125 width=8) (actual time=24.780..1137.893 rows=33 loops=1)
              ->  Seq Scan on movie_keyword mk  (cost=0.00..81003.12 rows=4826 width=4) (actual time=0.711..1044.570 rows=4883 loops=1)
                    Filter: (keyword_id = 508)
                    Rows Removed by Filter: 4519047
              ->  Index Scan using title_pkey on title t  (cost=0.43..7.35 rows=1 width=4) (actual time=0.018..0.018 rows=0 loops=4883)
                    Index Cond: (id = mk.movie_id)
                    Filter: (production_year = 2013)
                    Rows Removed by Filter: 1
Planning time: 1.149 ms
Execution time: 6745.625 ms
