Hash Join  (cost=83074.74..447745.01 rows=1434 width=0) (actual time=1155.074..7364.804 rows=44449 loops=1)
  Hash Cond: (mi.movie_id = t.id)
  ->  Seq Scan on movie_info mi  (cost=0.00..309384.22 rows=14739122 width=4) (actual time=0.013..3291.061 rows=14835720 loops=1)
  ->  Hash  (cost=83071.67..83071.67 rows=246 width=8) (actual time=1154.238..1154.238 rows=771 loops=1)
        Buckets: 1024  Batches: 1  Memory Usage: 39kB
        ->  Nested Loop  (cost=0.43..83071.67 rows=246 width=8) (actual time=0.396..1153.688 rows=771 loops=1)
              ->  Seq Scan on movie_keyword mk  (cost=0.00..81003.12 rows=246 width=4) (actual time=0.300..1134.828 rows=771 loops=1)
                    Filter: (keyword_id = 3818)
                    Rows Removed by Filter: 4523159
              ->  Index Only Scan using title_pkey on title t  (cost=0.43..8.40 rows=1 width=4) (actual time=0.023..0.023 rows=1 loops=771)
                    Index Cond: (id = mk.movie_id)
                    Heap Fetches: 771
Planning time: 1.117 ms
Execution time: 7371.786 ms
