Seq Scan on movie_companies mc  (cost=0.00..57926.93 rows=623769 width=0) (actual time=0.026..874.498 rows=890651 loops=1)
  Filter: ((company_id > 11827) AND (company_type_id > 1))
  Rows Removed by Filter: 1718478
Planning time: 0.337 ms
Execution time: 987.323 ms
