Seq Scan on movie_companies mc  (cost=0.00..51404.11 rows=104 width=0) (actual time=14.371..658.019 rows=97 loops=1)
  Filter: (company_id = 273)
  Rows Removed by Filter: 2609032
Planning time: 0.350 ms
Execution time: 658.136 ms
