Seq Scan on movie_keyword mk  (cost=0.00..81003.12 rows=2284939 width=0) (actual time=0.018..1260.862 rows=2287852 loops=1)
  Filter: (keyword_id < 4860)
  Rows Removed by Filter: 2236078
Planning time: 0.331 ms
Execution time: 1566.019 ms
