Hash Join  (cost=144031.91..655523.20 rows=2969537 width=0) (actual time=2600.784..14630.864 rows=1999704 loops=1)
  Hash Cond: (mi.movie_id = t.id)
  ->  Seq Scan on movie_info mi  (cost=0.00..309384.22 rows=14739122 width=4) (actual time=0.021..4761.683 rows=14835720 loops=1)
  ->  Hash  (cost=135674.04..135674.04 rows=509430 width=8) (actual time=2599.807..2599.807 rows=258141 loops=1)
        Buckets: 131072  Batches: 8  Memory Usage: 2286kB
        ->  Hash Join  (cost=89240.26..135674.04 rows=509430 width=8) (actual time=1442.052..2512.571 rows=258141 loops=1)
              Hash Cond: (mi_idx.movie_id = t.id)
              ->  Seq Scan on movie_info_idx mi_idx  (cost=0.00..21735.35 rows=1380035 width=4) (actual time=0.013..379.287 rows=1380035 loops=1)
              ->  Hash  (cost=73925.90..73925.90 rows=933388 width=4) (actual time=1214.011..1214.011 rows=1024206 loops=1)
                    Buckets: 131072  Batches: 16  Memory Usage: 3285kB
                    ->  Seq Scan on title t  (cost=0.00..73925.90 rows=933388 width=4) (actual time=0.031..927.451 rows=1024206 loops=1)
                          Filter: ((production_year > 1997) AND (kind_id = 7))
                          Rows Removed by Filter: 1504106
Planning time: 1.218 ms
Execution time: 14885.036 ms
