Hash Join  (cost=100856.18..155526.41 rows=469 width=0) (actual time=1297.903..2161.899 rows=4636 loops=1)
  Hash Cond: (mc.movie_id = t.id)
  ->  Seq Scan on movie_companies mc  (cost=0.00..44881.29 rows=2609129 width=4) (actual time=0.017..437.191 rows=2609129 loops=1)
  ->  Hash  (cost=100850.49..100850.49 rows=455 width=8) (actual time=1296.943..1296.943 rows=991 loops=1)
        Buckets: 1024  Batches: 1  Memory Usage: 47kB
        ->  Hash Join  (cost=73957.54..100850.49 rows=455 width=8) (actual time=1026.652..1296.410 rows=991 loops=1)
              Hash Cond: (mi_idx.movie_id = t.id)
              ->  Seq Scan on movie_info_idx mi_idx  (cost=0.00..25185.44 rows=454124 width=4) (actual time=0.016..370.337 rows=459925 loops=1)
                    Filter: (info_type_id = 100)
                    Rows Removed by Filter: 920110
              ->  Hash  (cost=73925.90..73925.90 rows=2531 width=4) (actual time=852.544..852.544 rows=2203 loops=1)
                    Buckets: 4096  Batches: 1  Memory Usage: 110kB
                    ->  Seq Scan on title t  (cost=0.00..73925.90 rows=2531 width=4) (actual time=125.776..851.312 rows=2203 loops=1)
                          Filter: ((kind_id < 4) AND (production_year = 1941))
                          Rows Removed by Filter: 2526109
Planning time: 0.800 ms
Execution time: 2162.763 ms
