Hash Join  (cost=70716.09..110184.60 rows=103503 width=0) (actual time=1124.564..2158.952 rows=98973 loops=1)
  Hash Cond: (mi_idx.movie_id = t.id)
  ->  Seq Scan on movie_info_idx mi_idx  (cost=0.00..21735.35 rows=1380035 width=4) (actual time=0.019..450.133 rows=1380035 loops=1)
  ->  Hash  (cost=67604.59..67604.59 rows=189640 width=4) (actual time=1123.741..1123.741 rows=187790 loops=1)
        Buckets: 131072  Batches: 4  Memory Usage: 2673kB
        ->  Seq Scan on title t  (cost=0.00..67604.59 rows=189640 width=4) (actual time=0.168..1056.986 rows=187790 loops=1)
              Filter: (production_year < 1954)
              Rows Removed by Filter: 2340522
Planning time: 0.768 ms
Execution time: 2171.062 ms
