Hash Join  (cost=178864.57..219985.03 rows=199798 width=0) (actual time=3037.123..4230.804 rows=519219 loops=1)
  Hash Cond: (mi_idx.movie_id = t.id)
  ->  Seq Scan on movie_info_idx mi_idx  (cost=0.00..21735.35 rows=1380035 width=4) (actual time=0.019..404.408 rows=1380035 loops=1)
  ->  Hash  (cost=172858.66..172858.66 rows=366073 width=8) (actual time=3036.222..3036.222 rows=365397 loops=1)
        Buckets: 131072  Batches: 8  Memory Usage: 2817kB
        ->  Hash Join  (cost=102767.86..172858.66 rows=366073 width=8) (actual time=1668.116..2946.859 rows=365397 loops=1)
              Hash Cond: (mc.movie_id = t.id)
              ->  Seq Scan on movie_companies mc  (cost=0.00..51404.11 rows=366073 width=4) (actual time=0.018..681.441 rows=365397 loops=1)
                    Filter: (company_id < 191)
                    Rows Removed by Filter: 2243732
              ->  Hash  (cost=61283.27..61283.27 rows=2528527 width=4) (actual time=1666.591..1666.591 rows=2528312 loops=1)
                    Buckets: 131072  Batches: 64  Memory Usage: 2415kB
                    ->  Seq Scan on title t  (cost=0.00..61283.27 rows=2528527 width=4) (actual time=0.010..803.830 rows=2528312 loops=1)
Planning time: 1.125 ms
Execution time: 4294.312 ms
