Hash Join  (cost=114465.54..483484.17 rows=436271 width=0) (actual time=1855.180..13022.820 rows=3492278 loops=1)
  Hash Cond: (mi.movie_id = t.id)
  ->  Seq Scan on movie_info mi  (cost=0.00..309384.22 rows=14739122 width=4) (actual time=0.015..3180.946 rows=14835720 loops=1)
  ->  Hash  (cost=113530.00..113530.00 rows=74843 width=8) (actual time=1836.801..1836.801 rows=159354 loops=1)
        Buckets: 131072 (originally 131072)  Batches: 4 (originally 1)  Memory Usage: 3073kB
        ->  Hash Join  (cost=80661.47..113530.00 rows=74843 width=8) (actual time=1006.422..1776.607 rows=159354 loops=1)
              Hash Cond: (mi_idx.movie_id = t.id)
              ->  Seq Scan on movie_info_idx mi_idx  (cost=0.00..25185.44 rows=460978 width=4) (actual time=0.015..433.200 rows=459925 loops=1)
                    Filter: (info_type_id = 99)
                    Rows Removed by Filter: 920110
              ->  Hash  (cost=73925.90..73925.90 rows=410525 width=4) (actual time=1005.555..1005.555 rows=456146 loops=1)
                    Buckets: 131072  Batches: 8  Memory Usage: 3040kB
                    ->  Seq Scan on title t  (cost=0.00..73925.90 rows=410525 width=4) (actual time=316.161..871.195 rows=456146 loops=1)
                          Filter: ((kind_id < 2) AND (production_year < 2007))
                          Rows Removed by Filter: 2072166
Planning time: 1.167 ms
Execution time: 13429.839 ms
