Hash Join  (cost=83074.74..109989.30 rows=45 width=0) (actual time=1084.763..1585.405 rows=33 loops=1)
  Hash Cond: (mi_idx.movie_id = t.id)
  ->  Seq Scan on movie_info_idx mi_idx  (cost=0.00..25185.44 rows=460978 width=4) (actual time=0.023..437.886 rows=459925 loops=1)
        Filter: (info_type_id = 99)
        Rows Removed by Filter: 920110
  ->  Hash  (cost=83071.67..83071.67 rows=246 width=8) (actual time=1082.140..1082.140 rows=33 loops=1)
        Buckets: 1024  Batches: 1  Memory Usage: 10kB
        ->  Nested Loop  (cost=0.43..83071.67 rows=246 width=8) (actual time=15.545..1082.088 rows=33 loops=1)
              ->  Seq Scan on movie_keyword mk  (cost=0.00..81003.12 rows=246 width=4) (actual time=15.441..1079.873 rows=33 loops=1)
                    Filter: (keyword_id = 50741)
                    Rows Removed by Filter: 4523897
              ->  Index Only Scan using title_pkey on title t  (cost=0.43..8.40 rows=1 width=4) (actual time=0.061..0.061 rows=1 loops=33)
                    Index Cond: (id = mk.movie_id)
                    Heap Fetches: 33
Planning time: 1.541 ms
Execution time: 1585.513 ms
