Hash Join  (cost=134509.29..533560.49 rows=59407 width=0) (actual time=1867.514..8523.114 rows=351350 loops=1)
  Hash Cond: (mi.movie_id = t.id)
  ->  Seq Scan on movie_info mi  (cost=0.00..346232.03 rows=13926693 width=4) (actual time=0.015..4433.052 rows=13963496 loops=1)
        Filter: (info_type_id < 98)
        Rows Removed by Filter: 872224
  ->  Hash  (cost=134374.47..134374.47 rows=10786 width=8) (actual time=1866.926..1866.926 rows=11697 loops=1)
        Buckets: 16384  Batches: 1  Memory Usage: 585kB
        ->  Hash Join  (cost=74710.74..134374.47 rows=10786 width=8) (actual time=1054.628..1862.064 rows=11697 loops=1)
              Hash Cond: (mc.movie_id = t.id)
              ->  Seq Scan on movie_companies mc  (cost=0.00..57926.93 rows=434381 width=4) (actual time=173.377..821.127 rows=624665 loops=1)
                    Filter: ((company_id < 2640) AND (company_type_id < 2))
                    Rows Removed by Filter: 1984464
              ->  Hash  (cost=73925.90..73925.90 rows=62787 width=4) (actual time=880.822..880.822 rows=53770 loops=1)
                    Buckets: 65536  Batches: 1  Memory Usage: 2403kB
                    ->  Seq Scan on title t  (cost=0.00..73925.90 rows=62787 width=4) (actual time=0.034..860.432 rows=53770 loops=1)
                          Filter: ((kind_id < 7) AND (production_year = 2011))
                          Rows Removed by Filter: 2474542
Planning time: 1.220 ms
Execution time: 8568.495 ms
