Seq Scan on cast_info ci  (cost=0.00..705507.15 rows=16162026 width=0) (actual time=44.115..9535.871 rows=16047673 loops=1)
  Filter: (person_id < 1588426)
  Rows Removed by Filter: 20196671
Planning time: 0.241 ms
Execution time: 11252.179 ms
