Hash Join  (cost=447983.67..1298382.05 rows=61911 width=0) (actual time=4494.443..19998.199 rows=3410 loops=1)
  Hash Cond: (ci.movie_id = t.id)
  ->  Seq Scan on cast_info ci  (cost=0.00..796071.18 rows=14322159 width=4) (actual time=31.815..13876.726 rows=11871039 loops=1)
        Filter: ((person_id < 3281614) AND (role_id > 2))
        Rows Removed by Filter: 24373305
  ->  Hash  (cost=447847.04..447847.04 rows=10930 width=8) (actual time=4459.905..4459.905 rows=314 loops=1)
        Buckets: 16384  Batches: 1  Memory Usage: 141kB
        ->  Nested Loop  (cost=0.43..447847.04 rows=10930 width=8) (actual time=1410.947..4459.538 rows=314 loops=1)
              ->  Seq Scan on movie_info mi  (cost=0.00..346232.03 rows=17937 width=4) (actual time=1410.705..4001.362 rows=68025 loops=1)
                    Filter: (info_type_id = 94)
                    Rows Removed by Filter: 14767695
              ->  Index Scan using title_pkey on title t  (cost=0.43..5.66 rows=1 width=4) (actual time=0.006..0.006 rows=0 loops=68025)
                    Index Cond: (id = mi.movie_id)
                    Filter: (kind_id = 7)
                    Rows Removed by Filter: 1
Planning time: 0.808 ms
Execution time: 19999.472 ms
