Seq Scan on movie_companies mc  (cost=0.00..51404.11 rows=1215685 width=0) (actual time=0.019..807.007 rows=1228608 loops=1)
  Filter: (company_id > 11935)
  Rows Removed by Filter: 1380521
Planning time: 0.307 ms
Execution time: 960.944 ms
