Hash Join  (cost=94420.17..1637967.67 rows=14150933 width=136) (actual time=1860.707..47576.987 rows=14824459 loops=1)
  Hash Cond: (ci.movie_id = t.id)
  ->  Seq Scan on cast_info ci  (cost=0.00..614943.12 rows=36225612 width=42) (actual time=0.013..11212.332 rows=36244344 loops=1)
  ->  Hash  (cost=67604.59..67604.59 rows=987727 width=94) (actual time=1858.973..1858.973 rows=985048 loops=1)
        Buckets: 32768  Batches: 64  Memory Usage: 1938kB
        ->  Seq Scan on title t  (cost=0.00..67604.59 rows=987727 width=94) (actual time=0.018..1437.548 rows=985048 loops=1)
              Filter: (kind_id < 7)
              Rows Removed by Filter: 1543264
Planning time: 7.988 ms
Execution time: 48394.627 ms
