Hash Join  (cost=199423.97..1254221.26 rows=2043613 width=0) (actual time=3234.503..29419.614 rows=7786034 loops=1)
  Hash Cond: (ci.movie_id = t.id)
  ->  Seq Scan on cast_info ci  (cost=0.00..614943.12 rows=36225612 width=4) (actual time=0.025..10109.775 rows=36244344 loops=1)
  ->  Hash  (cost=197082.93..197082.93 rows=142643 width=8) (actual time=3233.744..3233.744 rows=141116 loops=1)
        Buckets: 131072  Batches: 2  Memory Usage: 3780kB
        ->  Hash Join  (cost=102767.86..197082.93 rows=142643 width=8) (actual time=1670.835..3188.402 rows=141116 loops=1)
              Hash Cond: (mk.movie_id = t.id)
              ->  Seq Scan on movie_keyword mk  (cost=0.00..81003.12 rows=142643 width=4) (actual time=0.017..1004.061 rows=141116 loops=1)
                    Filter: (keyword_id > 74891)
                    Rows Removed by Filter: 4382814
              ->  Hash  (cost=61283.27..61283.27 rows=2528527 width=4) (actual time=1667.813..1667.813 rows=2528312 loops=1)
                    Buckets: 131072  Batches: 64  Memory Usage: 2425kB
                    ->  Seq Scan on title t  (cost=0.00..61283.27 rows=2528527 width=4) (actual time=0.020..807.793 rows=2528312 loops=1)
Planning time: 1.178 ms
Execution time: 30382.085 ms
