Hash Join  (cost=84256.44..219983.78 rows=1126530 width=0) (actual time=1183.757..4645.484 rows=298063 loops=1)
  Hash Cond: (mk.movie_id = t.id)
  ->  Seq Scan on movie_keyword mk  (cost=0.00..69693.30 rows=4523930 width=4) (actual time=0.018..1144.578 rows=4523930 loops=1)
  ->  Hash  (cost=73925.90..73925.90 rows=629643 width=4) (actual time=1181.962..1181.962 rows=527832 loops=1)
        Buckets: 131072  Batches: 16  Memory Usage: 2189kB
        ->  Seq Scan on title t  (cost=0.00..73925.90 rows=629643 width=4) (actual time=0.020..1004.747 rows=527832 loops=1)
              Filter: ((kind_id > 4) AND (production_year < 2000))
              Rows Removed by Filter: 2000480
Planning time: 0.740 ms
Execution time: 4683.722 ms
