Seq Scan on movie_companies mc  (cost=0.00..57926.93 rows=1065864 width=0) (actual time=0.021..1006.479 rows=1274246 loops=1)
  Filter: ((company_id < 78151) AND (company_type_id = 1))
  Rows Removed by Filter: 1334883
Planning time: 0.357 ms
Execution time: 1178.388 ms
