Hash Join  (cost=156209.36..233443.48 rows=235727 width=0) (actual time=2883.053..5131.709 rows=568461 loops=1)
  Hash Cond: (mc.movie_id = t.id)
  ->  Seq Scan on movie_companies mc  (cost=0.00..57926.93 rows=1312511 width=4) (actual time=0.015..1124.415 rows=1302509 loops=1)
        Filter: ((company_id < 205724) AND (company_type_id = 2))
        Rows Removed by Filter: 1306620
  ->  Hash  (cost=148758.81..148758.81 rows=454124 width=8) (actual time=2882.256..2882.256 rows=459925 loops=1)
        Buckets: 131072  Batches: 8  Memory Usage: 3275kB
        ->  Hash Join  (cost=102767.86..148758.81 rows=454124 width=8) (actual time=1657.231..2767.642 rows=459925 loops=1)
              Hash Cond: (mi_idx.movie_id = t.id)
              ->  Seq Scan on movie_info_idx mi_idx  (cost=0.00..25185.44 rows=454124 width=4) (actual time=0.017..414.462 rows=459925 loops=1)
                    Filter: (info_type_id = 100)
                    Rows Removed by Filter: 920110
              ->  Hash  (cost=61283.27..61283.27 rows=2528527 width=4) (actual time=1656.230..1656.230 rows=2528312 loops=1)
                    Buckets: 131072  Batches: 64  Memory Usage: 2415kB
                    ->  Seq Scan on title t  (cost=0.00..61283.27 rows=2528527 width=4) (actual time=0.022..795.407 rows=2528312 loops=1)
Planning time: 1.102 ms
Execution time: 5196.167 ms
