Hash Join  (cost=663721.01..2496606.87 rows=55747270 width=0) (actual time=19621.350..135307.776 rows=319768070 loops=1)
  Hash Cond: (ci.movie_id = t.id)
  ->  Seq Scan on cast_info ci  (cost=0.00..614943.12 rows=36225612 width=4) (actual time=0.021..13867.880 rows=36244344 loops=1)
  ->  Hash  (cost=599881.92..599881.92 rows=3891127 width=8) (actual time=19620.528..19620.528 rows=8301049 loops=1)
        Buckets: 131072 (originally 131072)  Batches: 128 (originally 64)  Memory Usage: 3567kB
        ->  Hash Join  (cost=78556.72..599881.92 rows=3891127 width=8) (actual time=1508.889..17265.359 rows=8301049 loops=1)
              Hash Cond: (mi.movie_id = t.id)
              ->  Seq Scan on movie_info mi  (cost=0.00..309384.22 rows=14739122 width=4) (actual time=0.012..6066.728 rows=14835720 loops=1)
              ->  Hash  (cost=67604.59..67604.59 rows=667531 width=4) (actual time=1430.072..1430.072 rows=662825 loops=1)
                    Buckets: 131072  Batches: 16  Memory Usage: 2485kB
                    ->  Seq Scan on title t  (cost=0.00..67604.59 rows=667531 width=4) (actual time=56.856..1214.428 rows=662825 loops=1)
                          Filter: (kind_id < 2)
                          Rows Removed by Filter: 1865487
Planning time: 1.209 ms
Execution time: 171286.533 ms
