Seq Scan on movie_companies mc  (cost=0.00..57926.93 rows=51 width=0) (actual time=139.197..621.895 rows=92 loops=1)
  Filter: ((company_id = 7837) AND (company_type_id = 1))
  Rows Removed by Filter: 2609037
Planning time: 0.375 ms
Execution time: 622.011 ms
