Hash Join  (cost=73948.38..915484.25 rows=8605 width=0) (actual time=789.466..16864.905 rows=9370 loops=1)
  Hash Cond: (ci.movie_id = t.id)
  ->  Seq Scan on cast_info ci  (cost=0.00..796071.18 rows=12100971 width=4) (actual time=0.026..14298.712 rows=11444082 loops=1)
        Filter: ((person_id > 169884) AND (role_id = 1))
        Rows Removed by Filter: 24800262
  ->  Hash  (cost=73925.90..73925.90 rows=1798 width=4) (actual time=788.843..788.843 rows=2400 loops=1)
        Buckets: 4096 (originally 2048)  Batches: 1 (originally 1)  Memory Usage: 117kB
        ->  Seq Scan on title t  (cost=0.00..73925.90 rows=1798 width=4) (actual time=84.034..787.561 rows=2400 loops=1)
              Filter: ((kind_id = 4) AND (production_year = 1995))
              Rows Removed by Filter: 2525912
Planning time: 0.746 ms
Execution time: 16867.139 ms
