Seq Scan on cast_info ci  (cost=0.00..796071.18 rows=12335079 width=0) (actual time=3728.425..14288.591 rows=11936044 loops=1)
  Filter: ((person_id > 102688) AND (role_id = 1))
  Rows Removed by Filter: 24308300
Planning time: 0.393 ms
Execution time: 15764.774 ms
