Seq Scan on cast_info ci  (cost=0.00..796071.18 rows=435 width=0) (actual time=8483.511..12581.927 rows=201 loops=1)
  Filter: ((role_id < 10) AND (person_id = 2071165))
  Rows Removed by Filter: 36244143
Planning time: 0.787 ms
Execution time: 12582.095 ms
