Hash Join  (cost=73974.15..160492.25 rows=2236 width=0) (actual time=625.607..1863.243 rows=13093 loops=1)
  Hash Cond: (mk.movie_id = t.id)
  ->  Seq Scan on movie_keyword mk  (cost=0.00..81003.12 rows=1464695 width=4) (actual time=0.024..1022.192 rows=1476417 loops=1)
        Filter: (keyword_id > 11136)
        Rows Removed by Filter: 3047513
  ->  Hash  (cost=73925.90..73925.90 rows=3860 width=4) (actual time=624.160..624.160 rows=7727 loops=1)
        Buckets: 8192 (originally 4096)  Batches: 1 (originally 1)  Memory Usage: 336kB
        ->  Seq Scan on title t  (cost=0.00..73925.90 rows=3860 width=4) (actual time=0.057..621.285 rows=7727 loops=1)
              Filter: ((kind_id = 4) AND (production_year = 2004))
              Rows Removed by Filter: 2520585
Planning time: 0.784 ms
Execution time: 1865.069 ms
