Seq Scan on movie_companies mc  (cost=0.00..51404.11 rows=374518 width=0) (actual time=0.017..746.106 rows=374097 loops=1)
  Filter: (company_id < 215)
  Rows Removed by Filter: 2235032
Planning time: 0.305 ms
Execution time: 800.255 ms
