Hash Join  (cost=83074.74..442900.14 rows=353 width=0) (actual time=1691.108..6215.595 rows=147 loops=1)
  Hash Cond: (mi.movie_id = t.id)
  ->  Seq Scan on movie_info mi  (cost=0.00..346232.03 rows=3623957 width=4) (actual time=321.905..4579.128 rows=3624977 loops=1)
        Filter: (info_type_id < 4)
        Rows Removed by Filter: 11210743
  ->  Hash  (cost=83071.67..83071.67 rows=246 width=8) (actual time=1126.533..1126.533 rows=53 loops=1)
        Buckets: 1024  Batches: 1  Memory Usage: 11kB
        ->  Nested Loop  (cost=0.43..83071.67 rows=246 width=8) (actual time=29.397..1126.421 rows=53 loops=1)
              ->  Seq Scan on movie_keyword mk  (cost=0.00..81003.12 rows=246 width=4) (actual time=29.292..1117.708 rows=53 loops=1)
                    Filter: (keyword_id = 74440)
                    Rows Removed by Filter: 4523877
              ->  Index Only Scan using title_pkey on title t  (cost=0.43..8.40 rows=1 width=4) (actual time=0.158..0.159 rows=1 loops=53)
                    Index Cond: (id = mk.movie_id)
                    Heap Fetches: 53
Planning time: 1.089 ms
Execution time: 6215.771 ms
