Seq Scan on movie_keyword mk  (cost=0.00..81003.12 rows=246 width=0) (actual time=1.059..1012.805 rows=141 loops=1)
  Filter: (keyword_id = 21489)
  Rows Removed by Filter: 4523789
Planning time: 0.377 ms
Execution time: 1012.972 ms
