Hash Join  (cost=102767.86..283288.91 rows=3725288 width=0) (actual time=1767.789..6935.578 rows=3720121 loops=1)
  Hash Cond: (mk.movie_id = t.id)
  ->  Seq Scan on movie_keyword mk  (cost=0.00..81003.12 rows=3725288 width=4) (actual time=0.026..1780.089 rows=3720121 loops=1)
        Filter: (keyword_id < 23050)
        Rows Removed by Filter: 803809
  ->  Hash  (cost=61283.27..61283.27 rows=2528527 width=4) (actual time=1765.469..1765.469 rows=2528312 loops=1)
        Buckets: 131072  Batches: 64  Memory Usage: 2425kB
        ->  Seq Scan on title t  (cost=0.00..61283.27 rows=2528527 width=4) (actual time=0.017..913.917 rows=2528312 loops=1)
Planning time: 0.724 ms
Execution time: 7375.045 ms
