Hash Join  (cost=451482.02..584402.89 rows=240201 width=0) (actual time=7222.774..11227.800 rows=744274 loops=1)
  Hash Cond: (mk.movie_id = t.id)
  ->  Seq Scan on movie_keyword mk  (cost=0.00..81003.12 rows=4233797 width=4) (actual time=0.019..1528.776 rows=4213440 loops=1)
        Filter: (keyword_id > 245)
        Rows Removed by Filter: 310490
  ->  Hash  (cost=449127.84..449127.84 rows=143454 width=8) (actual time=7221.735..7221.735 rows=289180 loops=1)
        Buckets: 131072 (originally 131072)  Batches: 4 (originally 2)  Memory Usage: 3861kB
        ->  Hash Join  (cost=76796.18..449127.84 rows=143454 width=8) (actual time=1817.558..7145.211 rows=289180 loops=1)
              Hash Cond: (mi.movie_id = t.id)
              ->  Seq Scan on movie_info mi  (cost=0.00..346232.03 rows=2073893 width=4) (actual time=766.979..4744.151 rows=2091068 loops=1)
                    Filter: (info_type_id < 3)
                    Rows Removed by Filter: 12744652
              ->  Hash  (cost=73925.90..73925.90 rows=174902 width=4) (actual time=1021.377..1021.377 rows=160286 loops=1)
                    Buckets: 131072  Batches: 4  Memory Usage: 2441kB
                    ->  Seq Scan on title t  (cost=0.00..73925.90 rows=174902 width=4) (actual time=0.024..967.899 rows=160286 loops=1)
                          Filter: ((production_year > 2008) AND (kind_id = 1))
                          Rows Removed by Filter: 2368026
Planning time: 1.384 ms
Execution time: 11320.248 ms
