Hash Join  (cost=101489.21..465435.62 rows=375550 width=0) (actual time=1876.993..6680.199 rows=457288 loops=1)
  Hash Cond: (mi.movie_id = t.id)
  ->  Seq Scan on movie_info mi  (cost=0.00..346232.03 rows=459776 width=4) (actual time=113.932..4192.182 rows=526764 loops=1)
        Filter: (info_type_id > 102)
        Rows Removed by Filter: 14308956
  ->  Hash  (cost=67604.59..67604.59 rows=2065330 width=4) (actual time=1760.708..1760.708 rows=2064552 loops=1)
        Buckets: 131072  Batches: 32  Memory Usage: 3298kB
        ->  Seq Scan on title t  (cost=0.00..67604.59 rows=2065330 width=4) (actual time=0.024..1075.454 rows=2064552 loops=1)
              Filter: (production_year < 2011)
              Rows Removed by Filter: 463760
Planning time: 0.836 ms
Execution time: 6735.033 ms
