Seq Scan on cast_info ci  (cost=0.00..796071.18 rows=7555523 width=0) (actual time=0.020..11836.909 rows=2120222 loops=1)
  Filter: ((person_id > 1441432) AND (role_id = 1))
  Rows Removed by Filter: 34124122
Planning time: 0.377 ms
Execution time: 12082.882 ms
