Hash Join  (cost=298679.60..1798330.28 rows=36532245 width=0) (actual time=7619.491..68519.845 rows=128948750 loops=1)
  Hash Cond: (ci.movie_id = t.id)
  ->  Seq Scan on cast_info ci  (cost=0.00..614943.12 rows=36225612 width=4) (actual time=0.025..14251.154 rows=36244344 loops=1)
  ->  Hash  (cost=256844.48..256844.48 rows=2549930 width=8) (actual time=7618.694..7618.694 rows=2227567 loops=1)
        Buckets: 131072  Batches: 64  Memory Usage: 2404kB
        ->  Hash Join  (cost=96356.06..256844.48 rows=2549930 width=8) (actual time=2185.809..6393.436 rows=2227567 loops=1)
              Hash Cond: (mk.movie_id = t.id)
              ->  Seq Scan on movie_keyword mk  (cost=0.00..81003.12 rows=3679198 width=4) (actual time=0.015..1750.066 rows=3675016 loops=1)
                    Filter: (keyword_id > 810)
                    Rows Removed by Filter: 848914
              ->  Hash  (cost=67604.59..67604.59 rows=1752438 width=4) (actual time=2185.004..2185.004 rows=1749032 loops=1)
                    Buckets: 131072  Batches: 32  Memory Usage: 2958kB
                    ->  Seq Scan on title t  (cost=0.00..67604.59 rows=1752438 width=4) (actual time=0.016..1338.675 rows=1749032 loops=1)
                          Filter: (production_year > 1990)
                          Rows Removed by Filter: 779280
Planning time: 1.189 ms
Execution time: 82220.802 ms
