Hash Join  (cost=187464.18..700146.09 rows=3081099 width=0) (actual time=3978.352..23290.237 rows=33332616 loops=1)
  Hash Cond: (mi.movie_id = t.id)
  ->  Seq Scan on movie_info mi  (cost=0.00..309384.22 rows=14739122 width=4) (actual time=0.028..4697.828 rows=14835720 loops=1)
  ->  Hash  (cost=178792.07..178792.07 rows=528569 width=8) (actual time=3977.328..3977.328 rows=823946 loops=1)
        Buckets: 131072 (originally 131072)  Batches: 16 (originally 8)  Memory Usage: 3083kB
        ->  Hash Join  (cost=99161.12..178792.07 rows=528569 width=8) (actual time=1507.967..3758.696 rows=823946 loops=1)
              Hash Cond: (mc.movie_id = t.id)
              ->  Seq Scan on movie_companies mc  (cost=0.00..57926.93 rows=694863 width=4) (actual time=0.024..886.807 rows=954690 loops=1)
                    Filter: ((company_id < 12301) AND (company_type_id < 2))
                    Rows Removed by Filter: 1654439
              ->  Hash  (cost=67604.59..67604.59 rows=1923403 width=4) (actual time=1507.129..1507.129 rows=1922849 loops=1)
                    Buckets: 131072  Batches: 32  Memory Usage: 3132kB
                    ->  Seq Scan on title t  (cost=0.00..67604.59 rows=1923403 width=4) (actual time=0.021..970.604 rows=1922849 loops=1)
                          Filter: (production_year < 2010)
                          Rows Removed by Filter: 605463
Planning time: 1.273 ms
Execution time: 26549.586 ms
