Hash Join  (cost=102767.86..250886.53 rows=2378680 width=0) (actual time=1702.497..5371.109 rows=2379807 loops=1)
  Hash Cond: (mk.movie_id = t.id)
  ->  Seq Scan on movie_keyword mk  (cost=0.00..81003.12 rows=2378680 width=4) (actual time=0.020..1500.619 rows=2379807 loops=1)
        Filter: (keyword_id < 5454)
        Rows Removed by Filter: 2144123
  ->  Hash  (cost=61283.27..61283.27 rows=2528527 width=4) (actual time=1701.351..1701.351 rows=2528312 loops=1)
        Buckets: 131072  Batches: 64  Memory Usage: 2425kB
        ->  Seq Scan on title t  (cost=0.00..61283.27 rows=2528527 width=4) (actual time=0.014..843.239 rows=2528312 loops=1)
Planning time: 0.696 ms
Execution time: 5650.001 ms
