Seq Scan on movie_companies mc  (cost=0.00..51404.11 rows=419126 width=0) (actual time=0.019..675.327 rows=419809 loops=1)
  Filter: (company_id < 293)
  Rows Removed by Filter: 2189320
Planning time: 0.219 ms
Execution time: 727.154 ms
