Hash Join  (cost=74050.79..984901.34 rows=1341565 width=0) (actual time=1348.562..21128.541 rows=1759319 loops=1)
  Hash Cond: (ci.movie_id = t.id)
  ->  Seq Scan on cast_info ci  (cost=0.00..796071.18 rows=8633792 width=4) (actual time=0.014..13664.617 rows=12670688 loops=1)
        Filter: ((person_id < 2523944) AND (role_id = 1))
        Rows Removed by Filter: 23573656
  ->  Hash  (cost=67604.59..67604.59 rows=392896 width=4) (actual time=1347.720..1347.720 rows=391666 loops=1)
        Buckets: 131072  Batches: 8  Memory Usage: 2753kB
        ->  Seq Scan on title t  (cost=0.00..67604.59 rows=392896 width=4) (actual time=0.026..963.719 rows=391666 loops=1)
              Filter: (production_year > 2010)
              Rows Removed by Filter: 2136646
Planning time: 1.193 ms
Execution time: 21347.371 ms
