Hash Join  (cost=104943.62..969849.24 rows=2473358 width=0) (actual time=6828.113..12386.737 rows=2152 loops=1)
  Hash Cond: (ci.movie_id = t.id)
  ->  Seq Scan on cast_info ci  (cost=0.00..796071.18 rows=2747972 width=4) (actual time=4988.164..10175.728 rows=2245 loops=1)
        Filter: ((person_id < 1339555) AND (role_id = 2))
        Rows Removed by Filter: 36242099
  ->  Hash  (cost=67604.59..67604.59 rows=2275843 width=4) (actual time=1814.557..1814.557 rows=2268428 loops=1)
        Buckets: 131072  Batches: 32  Memory Usage: 3520kB
        ->  Seq Scan on title t  (cost=0.00..67604.59 rows=2275843 width=4) (actual time=0.022..1107.073 rows=2268428 loops=1)
              Filter: (production_year > 1953)
              Rows Removed by Filter: 259884
Planning time: 0.750 ms
Execution time: 12387.095 ms
