Hash Join  (cost=58375.85..85286.62 rows=29 width=0) (actual time=828.751..1318.909 rows=54 loops=1)
  Hash Cond: (mi_idx.movie_id = t.id)
  ->  Seq Scan on movie_info_idx mi_idx  (cost=0.00..21735.35 rows=1380035 width=4) (actual time=0.024..242.361 rows=1380035 loops=1)
  ->  Hash  (cost=58375.18..58375.18 rows=53 width=8) (actual time=820.478..820.478 rows=46 loops=1)
        Buckets: 1024  Batches: 1  Memory Usage: 10kB
        ->  Nested Loop  (cost=0.43..58375.18 rows=53 width=8) (actual time=140.591..820.409 rows=46 loops=1)
              ->  Seq Scan on movie_companies mc  (cost=0.00..57926.93 rows=53 width=4) (actual time=140.504..815.699 rows=46 loops=1)
                    Filter: ((company_type_id > 1) AND (company_id = 9249))
                    Rows Removed by Filter: 2609083
              ->  Index Only Scan using title_pkey on title t  (cost=0.43..8.45 rows=1 width=4) (actual time=0.098..0.098 rows=1 loops=46)
                    Index Cond: (id = mc.movie_id)
                    Heap Fetches: 46
Planning time: 1.204 ms
Execution time: 1319.084 ms
