Seq Scan on movie_keyword mk  (cost=0.00..81003.12 rows=246 width=0) (actual time=10.475..1035.676 rows=130 loops=1)
  Filter: (keyword_id = 12750)
  Rows Removed by Filter: 4523800
Planning time: 0.356 ms
Execution time: 1035.837 ms
