Hash Join  (cost=365418.15..1375055.16 rows=14875308 width=0) (actual time=8424.839..36572.721 rows=55281226 loops=1)
  Hash Cond: (ci.movie_id = t.id)
  ->  Seq Scan on cast_info ci  (cost=0.00..705507.15 rows=8314147 width=4) (actual time=0.027..10259.329 rows=8269204 loops=1)
        Filter: (person_id > 2855594)
        Rows Removed by Filter: 27975140
  ->  Hash  (cost=291197.02..291197.02 rows=4523930 width=8) (actual time=8421.684..8421.684 rows=4523930 loops=1)
        Buckets: 131072  Batches: 64  Memory Usage: 3816kB
        ->  Hash Join  (cost=102767.86..291197.02 rows=4523930 width=8) (actual time=1688.862..6995.512 rows=4523930 loops=1)
              Hash Cond: (mk.movie_id = t.id)
              ->  Seq Scan on movie_keyword mk  (cost=0.00..69693.30 rows=4523930 width=4) (actual time=0.014..1310.171 rows=4523930 loops=1)
              ->  Hash  (cost=61283.27..61283.27 rows=2528527 width=4) (actual time=1687.638..1687.638 rows=2528312 loops=1)
                    Buckets: 131072  Batches: 64  Memory Usage: 2425kB
                    ->  Seq Scan on title t  (cost=0.00..61283.27 rows=2528527 width=4) (actual time=0.020..835.125 rows=2528312 loops=1)
Planning time: 1.002 ms
Execution time: 42931.607 ms
