Seq Scan on cast_info ci  (cost=0.00..796071.18 rows=2489056 width=0) (actual time=835.975..9960.802 rows=3876766 loops=1)
  Filter: ((person_id > 3350618) AND (role_id > 1))
  Rows Removed by Filter: 32367578
Planning time: 0.342 ms
Execution time: 10437.291 ms
