Hash Join  (cost=233446.67..1139435.13 rows=4949259 width=0) (actual time=6606.602..26116.560 rows=15353131 loops=1)
  Hash Cond: (ci.movie_id = t.id)
  ->  Seq Scan on cast_info ci  (cost=0.00..705507.15 rows=12726058 width=4) (actual time=2213.183..12530.804 rows=12670688 loops=1)
        Filter: (role_id = 1)
        Rows Removed by Filter: 23573656
  ->  Hash  (cost=217312.63..217312.63 rows=983363 width=8) (actual time=4392.345..4392.345 rows=992704 loops=1)
        Buckets: 131072  Batches: 16  Memory Usage: 3474kB
        ->  Hash Join  (cost=102767.86..217312.63 rows=983363 width=8) (actual time=1687.207..4094.183 rows=992704 loops=1)
              Hash Cond: (mk.movie_id = t.id)
              ->  Seq Scan on movie_keyword mk  (cost=0.00..81003.12 rows=983363 width=4) (actual time=0.051..1164.088 rows=992704 loops=1)
                    Filter: (keyword_id < 934)
                    Rows Removed by Filter: 3531226
              ->  Hash  (cost=61283.27..61283.27 rows=2528527 width=4) (actual time=1685.268..1685.268 rows=2528312 loops=1)
                    Buckets: 131072  Batches: 64  Memory Usage: 2425kB
                    ->  Seq Scan on title t  (cost=0.00..61283.27 rows=2528527 width=4) (actual time=0.018..807.839 rows=2528312 loops=1)
Planning time: 1.026 ms
Execution time: 27463.726 ms
