Seq Scan on movie_companies mc  (cost=0.00..51404.11 rows=1049361 width=0) (actual time=0.029..727.940 rows=1059632 loops=1)
  Filter: (company_id > 14751)
  Rows Removed by Filter: 1549497
Planning time: 0.326 ms
Execution time: 862.802 ms
