Seq Scan on cast_info ci  (cost=0.00..796071.18 rows=18627664 width=0) (actual time=0.012..16231.980 rows=17280658 loops=1)
  Filter: ((person_id > 1379870) AND (role_id < 9))
  Rows Removed by Filter: 18963686
Planning time: 0.267 ms
Execution time: 18425.776 ms
