Hash Join  (cost=320928.38..1908171.51 rows=45058994 width=0) (actual time=6889.487..69306.643 rows=150320904 loops=1)
  Hash Cond: (ci.movie_id = t.id)
  ->  Seq Scan on cast_info ci  (cost=0.00..614943.12 rows=36225612 width=4) (actual time=0.022..10696.191 rows=36244344 loops=1)
  ->  Hash  (cost=269328.73..269328.73 rows=3145092 width=8) (actual time=6887.787..6887.787 rows=3129446 loops=1)
        Buckets: 131072  Batches: 64  Memory Usage: 2953kB
        ->  Hash Join  (cost=102767.86..269328.73 rows=3145092 width=8) (actual time=1753.901..5986.478 rows=3129446 loops=1)
              Hash Cond: (mk.movie_id = t.id)
              ->  Seq Scan on movie_keyword mk  (cost=0.00..81003.12 rows=3145092 width=4) (actual time=0.013..1512.376 rows=3129446 loops=1)
                    Filter: (keyword_id < 12015)
                    Rows Removed by Filter: 1394484
              ->  Hash  (cost=61283.27..61283.27 rows=2528527 width=4) (actual time=1752.855..1752.855 rows=2528312 loops=1)
                    Buckets: 131072  Batches: 64  Memory Usage: 2425kB
                    ->  Seq Scan on title t  (cost=0.00..61283.27 rows=2528527 width=4) (actual time=0.020..791.568 rows=2528312 loops=1)
Planning time: 1.063 ms
Execution time: 85307.673 ms
