Nested Loop  (cost=0.43..58375.18 rows=53 width=0) (actual time=534.706..716.379 rows=101 loops=1)
  ->  Seq Scan on movie_companies mc  (cost=0.00..57926.93 rows=53 width=4) (actual time=534.610..714.990 rows=101 loops=1)
        Filter: ((company_id = 77822) AND (company_type_id = 2))
        Rows Removed by Filter: 2609028
  ->  Index Only Scan using title_pkey on title t  (cost=0.43..8.45 rows=1 width=4) (actual time=0.013..0.013 rows=1 loops=101)
        Index Cond: (id = mc.movie_id)
        Heap Fetches: 101
Planning time: 0.560 ms
Execution time: 716.469 ms
