Seq Scan on title t  (cost=0.00..73925.90 rows=178656 width=0) (actual time=0.153..971.824 rows=52230 loops=1)
  Filter: ((kind_id > 1) AND (production_year < 1960))
  Rows Removed by Filter: 2476082
Planning time: 0.314 ms
Execution time: 979.933 ms
