Hash Join  (cost=107621.24..967119.96 rows=442308 width=0) (actual time=1819.242..16603.629 rows=513998 loops=1)
  Hash Cond: (ci.movie_id = t.id)
  ->  Seq Scan on cast_info ci  (cost=0.00..796071.18 rows=15734517 width=4) (actual time=0.013..11538.308 rows=11540813 loops=1)
        Filter: ((person_id < 2484660) AND (role_id > 1))
        Rows Removed by Filter: 24703531
  ->  Hash  (cost=106732.75..106732.75 rows=71079 width=8) (actual time=1818.487..1818.487 rows=75790 loops=1)
        Buckets: 131072  Batches: 1  Memory Usage: 3985kB
        ->  Hash Join  (cost=73952.40..106732.75 rows=71079 width=8) (actual time=1050.476..1787.412 rows=75790 loops=1)
              Hash Cond: (mi_idx.movie_id = t.id)
              ->  Seq Scan on movie_info_idx mi_idx  (cost=0.00..25185.44 rows=464566 width=4) (actual time=0.025..421.168 rows=459925 loops=1)
                    Filter: (info_type_id = 101)
                    Rows Removed by Filter: 920110
              ->  Hash  (cost=67604.59..67604.59 rows=386865 width=4) (actual time=1049.273..1049.273 rows=381430 loops=1)
                    Buckets: 131072  Batches: 8  Memory Usage: 2693kB
                    ->  Seq Scan on title t  (cost=0.00..67604.59 rows=386865 width=4) (actual time=0.017..913.646 rows=381430 loops=1)
                          Filter: (production_year < 1971)
                          Rows Removed by Filter: 2146882
Planning time: 1.095 ms
Execution time: 16668.161 ms
