Hash Join  (cost=979381.42..1145100.45 rows=3124108 width=0) (actual time=15762.671..24515.096 rows=22016666 loops=1)
  Hash Cond: (mk.movie_id = t.id)
  ->  Seq Scan on movie_keyword mk  (cost=0.00..69693.30 rows=4523930 width=4) (actual time=0.020..1278.441 rows=4523930 loops=1)
  ->  Hash  (cost=950733.73..950733.73 rows=1746135 width=8) (actual time=15760.953..15760.953 rows=3506761 loops=1)
        Buckets: 131072 (originally 131072)  Batches: 64 (originally 32)  Memory Usage: 3230kB
        ->  Hash Join  (cost=102767.86..950733.73 rows=1746135 width=8) (actual time=3661.722..14615.081 rows=3506761 loops=1)
              Hash Cond: (ci.movie_id = t.id)
              ->  Seq Scan on cast_info ci  (cost=0.00..796071.18 rows=1746135 width=4) (actual time=1989.744..9416.387 rows=3506761 loops=1)
                    Filter: ((person_id < 470992) AND (role_id = 1))
                    Rows Removed by Filter: 32737583
              ->  Hash  (cost=61283.27..61283.27 rows=2528527 width=4) (actual time=1670.750..1670.750 rows=2528312 loops=1)
                    Buckets: 131072  Batches: 64  Memory Usage: 2415kB
                    ->  Seq Scan on title t  (cost=0.00..61283.27 rows=2528527 width=4) (actual time=0.024..816.586 rows=2528312 loops=1)
Planning time: 0.732 ms
Execution time: 26821.138 ms
