Hash Join  (cost=28266.73..866137.72 rows=15 width=0) (actual time=359.974..16263.295 rows=188 loops=1)
  Hash Cond: (ci.movie_id = t.id)
  ->  Seq Scan on cast_info ci  (cost=0.00..705507.15 rows=35296988 width=4) (actual time=0.024..10514.503 rows=35282301 loops=1)
        Filter: (person_id < 3876992)
        Rows Removed by Filter: 962043
  ->  Hash  (cost=28266.72..28266.72 rows=1 width=8) (actual time=345.980..345.980 rows=2 loops=1)
        Buckets: 1024  Batches: 1  Memory Usage: 9kB
        ->  Nested Loop  (cost=0.43..28266.72 rows=1 width=8) (actual time=163.411..345.970 rows=2 loops=1)
              ->  Seq Scan on movie_info_idx mi_idx  (cost=0.00..25185.44 rows=368 width=4) (actual time=163.317..341.604 rows=260 loops=1)
                    Filter: (info_type_id > 101)
                    Rows Removed by Filter: 1379775
              ->  Index Scan using title_pkey on title t  (cost=0.43..8.36 rows=1 width=4) (actual time=0.016..0.016 rows=0 loops=260)
                    Index Cond: (id = mi_idx.movie_id)
                    Filter: (production_year = 1974)
                    Rows Removed by Filter: 1
Planning time: 1.404 ms
Execution time: 16263.609 ms
