Hash Join  (cost=100885.02..956680.37 rows=6740 width=0) (actual time=1372.021..15695.604 rows=36352 loops=1)
  Hash Cond: (ci.movie_id = t.id)
  ->  Seq Scan on cast_info ci  (cost=0.00..796071.18 rows=15908477 width=4) (actual time=0.024..12171.734 rows=14556969 loops=1)
        Filter: ((person_id > 1764562) AND (role_id < 10))
        Rows Removed by Filter: 21687375
  ->  Hash  (cost=100871.63..100871.63 rows=1071 width=8) (actual time=1371.543..1371.543 rows=3677 loops=1)
        Buckets: 4096 (originally 2048)  Batches: 1 (originally 1)  Memory Usage: 176kB
        ->  Hash Join  (cost=73950.44..100871.63 rows=1071 width=8) (actual time=860.817..1369.943 rows=3677 loops=1)
              Hash Cond: (mi_idx.movie_id = t.id)
              ->  Seq Scan on movie_info_idx mi_idx  (cost=0.00..21735.35 rows=1380035 width=4) (actual time=0.020..247.842 rows=1380035 loops=1)
              ->  Hash  (cost=73925.90..73925.90 rows=1963 width=4) (actual time=842.477..842.477 rows=3032 loops=1)
                    Buckets: 4096 (originally 2048)  Batches: 1 (originally 1)  Memory Usage: 139kB
                    ->  Seq Scan on title t  (cost=0.00..73925.90 rows=1963 width=4) (actual time=0.120..840.888 rows=3032 loops=1)
                          Filter: ((kind_id = 1) AND (production_year = 1958))
                          Rows Removed by Filter: 2525280
Planning time: 1.173 ms
Execution time: 15701.823 ms
