Hash Join  (cost=101096.09..451697.48 rows=2620 width=0) (actual time=3362.012..5678.229 rows=47267 loops=1)
  Hash Cond: (mi.movie_id = t.id)
  ->  Seq Scan on movie_info mi  (cost=0.00..346232.03 rows=1158179 width=4) (actual time=1835.927..4034.028 rows=1204709 loops=1)
        Filter: (info_type_id > 18)
        Rows Removed by Filter: 13631011
  ->  Hash  (cost=101024.59..101024.59 rows=5720 width=8) (actual time=1450.151..1450.151 rows=7646 loops=1)
        Buckets: 8192  Batches: 1  Memory Usage: 363kB
        ->  Hash Join  (cost=74056.90..101024.59 rows=5720 width=8) (actual time=927.759..1447.598 rows=7646 loops=1)
              Hash Cond: (mi_idx.movie_id = t.id)
              ->  Seq Scan on movie_info_idx mi_idx  (cost=0.00..21735.35 rows=1380035 width=4) (actual time=0.016..242.729 rows=1380035 loops=1)
              ->  Hash  (cost=73925.90..73925.90 rows=10480 width=4) (actual time=927.273..927.273 rows=5587 loops=1)
                    Buckets: 16384  Batches: 1  Memory Usage: 325kB
                    ->  Seq Scan on title t  (cost=0.00..73925.90 rows=10480 width=4) (actual time=129.170..924.655 rows=5587 loops=1)
                          Filter: ((kind_id = 1) AND (production_year = 1995))
                          Rows Removed by Filter: 2522725
Planning time: 1.217 ms
Execution time: 5684.530 ms
