Seq Scan on cast_info ci  (cost=0.00..796071.18 rows=202920 width=0) (actual time=9909.055..11379.049 rows=76469 loops=1)
  Filter: ((person_id < 2102982) AND (role_id > 10))
  Rows Removed by Filter: 36167875
Planning time: 0.316 ms
Execution time: 11388.185 ms
