Hash Join  (cost=68100.81..898445.98 rows=137728 width=0) (actual time=5043.904..14371.891 rows=54327 loops=1)
  Hash Cond: (ci.movie_id = t.id)
  ->  Seq Scan on cast_info ci  (cost=0.00..796071.18 rows=8772455 width=4) (actual time=3689.569..12294.868 rows=3728034 loops=1)
        Filter: ((person_id < 1328631) AND (role_id > 1))
        Rows Removed by Filter: 32516310
  ->  Hash  (cost=67604.59..67604.59 rows=39698 width=4) (actual time=1077.255..1077.255 rows=36437 loops=1)
        Buckets: 65536  Batches: 1  Memory Usage: 1793kB
        ->  Seq Scan on title t  (cost=0.00..67604.59 rows=39698 width=4) (actual time=0.093..1061.494 rows=36437 loops=1)
              Filter: (production_year = 1995)
              Rows Removed by Filter: 2491875
Planning time: 0.766 ms
Execution time: 14380.507 ms
