Hash Join  (cost=90149.99..631462.47 rows=5764355 width=0) (actual time=1263.811..13510.283 rows=2467175 loops=1)
  Hash Cond: (mi.movie_id = t.id)
  ->  Seq Scan on movie_info mi  (cost=0.00..309384.22 rows=14739122 width=4) (actual time=0.015..4436.082 rows=14835720 loops=1)
  ->  Hash  (cost=73925.90..73925.90 rows=988887 width=4) (actual time=1262.635..1262.635 rows=1081567 loops=1)
        Buckets: 131072  Batches: 16  Memory Usage: 3416kB
        ->  Seq Scan on title t  (cost=0.00..73925.90 rows=988887 width=4) (actual time=0.021..972.478 rows=1081567 loops=1)
              Filter: ((kind_id > 4) AND (production_year > 1995))
              Rows Removed by Filter: 1446745
Planning time: 0.718 ms
Execution time: 13794.297 ms
