Seq Scan on movie_companies mc  (cost=0.00..51404.11 rows=104 width=0) (actual time=173.881..713.215 rows=743 loops=1)
  Filter: (company_id = 13631)
  Rows Removed by Filter: 2608386
Planning time: 0.356 ms
Execution time: 713.486 ms
