Seq Scan on movie_keyword mk  (cost=0.00..81003.12 rows=246 width=0) (actual time=4.401..1014.844 rows=109 loops=1)
  Filter: (keyword_id = 4942)
  Rows Removed by Filter: 4523821
Planning time: 5.231 ms
Execution time: 1014.966 ms
