Hash Join  (cost=174305.93..672411.61 rows=503806 width=0) (actual time=3237.793..18321.263 rows=14648214 loops=1)
  Hash Cond: (mi.movie_id = t.id)
  ->  Seq Scan on movie_info mi  (cost=0.00..346232.03 rows=12665229 width=4) (actual time=0.014..5932.848 rows=12744652 loops=1)
        Filter: (info_type_id > 2)
        Rows Removed by Filter: 2091068
  ->  Hash  (cost=172655.67..172655.67 rows=100581 width=8) (actual time=3236.958..3236.958 rows=243180 loops=1)
        Buckets: 131072 (originally 131072)  Batches: 4 (originally 2)  Memory Usage: 3434kB
        ->  Hash Join  (cost=83810.17..172655.67 rows=100581 width=8) (actual time=1245.502..3149.469 rows=243180 loops=1)
              Hash Cond: (mk.movie_id = t.id)
              ->  Seq Scan on movie_keyword mk  (cost=0.00..81003.12 rows=257483 width=4) (actual time=18.500..1221.132 rows=256952 loops=1)
                    Filter: (keyword_id > 59820)
                    Rows Removed by Filter: 4266978
              ->  Hash  (cost=67604.59..67604.59 rows=987727 width=4) (actual time=1225.643..1225.643 rows=985048 loops=1)
                    Buckets: 131072  Batches: 16  Memory Usage: 3197kB
                    ->  Seq Scan on title t  (cost=0.00..67604.59 rows=987727 width=4) (actual time=0.034..905.523 rows=985048 loops=1)
                          Filter: (kind_id < 7)
                          Rows Removed by Filter: 1543264
Planning time: 1.140 ms
Execution time: 20013.700 ms
