Nested Loop  (cost=0.43..58375.45 rows=8 width=0) (actual time=45.936..676.130 rows=18 loops=1)
  ->  Seq Scan on movie_companies mc  (cost=0.00..57926.93 rows=53 width=4) (actual time=45.876..675.517 rows=18 loops=1)
        Filter: ((company_id = 96226) AND (company_type_id = 2))
        Rows Removed by Filter: 2609111
  ->  Index Scan using title_pkey on title t  (cost=0.43..8.45 rows=1 width=4) (actual time=0.031..0.031 rows=1 loops=18)
        Index Cond: (id = mc.movie_id)
        Filter: ((kind_id < 7) AND (production_year < 1998))
Planning time: 1.321 ms
Execution time: 676.245 ms
