Seq Scan on cast_info ci  (cost=0.00..705507.15 rows=27298396 width=0) (actual time=0.035..10718.587 rows=27301972 loops=1)
  Filter: (person_id < 2801095)
  Rows Removed by Filter: 8942372
Planning time: 0.345 ms
Execution time: 14086.351 ms
