Hash Join  (cost=190230.21..271860.03 rows=796328 width=0) (actual time=3910.263..6242.658 rows=2088624 loops=1)
  Hash Cond: (mc.movie_id = t.id)
  ->  Seq Scan on movie_companies mc  (cost=0.00..51404.11 rows=1459047 width=4) (actual time=0.023..877.104 rows=1462760 loops=1)
        Filter: (company_id > 8822)
        Rows Removed by Filter: 1146369
  ->  Hash  (cost=167588.78..167588.78 rows=1380035 width=8) (actual time=3908.855..3908.855 rows=1380035 loops=1)
        Buckets: 131072  Batches: 32  Memory Usage: 2708kB
        ->  Hash Join  (cost=102767.86..167588.78 rows=1380035 width=8) (actual time=1563.058..3494.873 rows=1380035 loops=1)
              Hash Cond: (mi_idx.movie_id = t.id)
              ->  Seq Scan on movie_info_idx mi_idx  (cost=0.00..21735.35 rows=1380035 width=4) (actual time=0.019..373.204 rows=1380035 loops=1)
              ->  Hash  (cost=61283.27..61283.27 rows=2528527 width=4) (actual time=1561.575..1561.575 rows=2528312 loops=1)
                    Buckets: 131072  Batches: 64  Memory Usage: 2415kB
                    ->  Seq Scan on title t  (cost=0.00..61283.27 rows=2528527 width=4) (actual time=0.024..755.538 rows=2528312 loops=1)
Planning time: 1.140 ms
Execution time: 6477.803 ms
