Seq Scan on cast_info ci  (cost=0.00..796071.18 rows=1727769 width=0) (actual time=5686.399..10546.684 rows=3490430 loops=1)
  Filter: ((person_id > 2192200) AND (role_id = 10))
  Rows Removed by Filter: 32753914
Planning time: 0.427 ms
Execution time: 10950.306 ms
