Seq Scan on cast_info ci  (cost=0.00..705507.15 rows=500 width=0) (actual time=3380.081..8019.655 rows=158 loops=1)
  Filter: (person_id = 2519926)
  Rows Removed by Filter: 36244186
Planning time: 0.339 ms
Execution time: 8019.744 ms
