Hash Join  (cost=83072.81..143523.74 rows=11 width=0) (actual time=1414.147..2125.557 rows=187 loops=1)
  Hash Cond: (mc.movie_id = t.id)
  ->  Seq Scan on movie_companies mc  (cost=0.00..57926.93 rows=673037 width=4) (actual time=237.040..843.453 rows=916719 loops=1)
        Filter: ((company_id > 11219) AND (company_type_id = 2))
        Rows Removed by Filter: 1692410
  ->  Hash  (cost=83072.29..83072.29 rows=42 width=8) (actual time=1171.494..1171.494 rows=225 loops=1)
        Buckets: 1024  Batches: 1  Memory Usage: 17kB
        ->  Nested Loop  (cost=0.43..83072.29 rows=42 width=8) (actual time=15.615..1171.196 rows=225 loops=1)
              ->  Seq Scan on movie_keyword mk  (cost=0.00..81003.12 rows=246 width=4) (actual time=3.160..1149.166 rows=907 loops=1)
                    Filter: (keyword_id = 2394)
                    Rows Removed by Filter: 4523023
              ->  Index Scan using title_pkey on title t  (cost=0.43..8.40 rows=1 width=4) (actual time=0.023..0.023 rows=0 loops=907)
                    Index Cond: (id = mk.movie_id)
                    Filter: (production_year < 1974)
                    Rows Removed by Filter: 1
Planning time: 1.140 ms
Execution time: 2125.736 ms
