Seq Scan on movie_keyword mk  (cost=0.00..81003.12 rows=246 width=0) (actual time=4.571..1121.868 rows=25 loops=1)
  Filter: (keyword_id = 41487)
  Rows Removed by Filter: 4523905
Planning time: 0.330 ms
Execution time: 1121.969 ms
