Seq Scan on cast_info ci  (cost=0.00..705507.15 rows=500 width=0) (actual time=2277.108..9288.387 rows=4 loops=1)
  Filter: (person_id = 1853363)
  Rows Removed by Filter: 36244340
Planning time: 0.380 ms
Execution time: 9288.480 ms
