Hash Join  (cost=118732.67..245337.43 rows=377773 width=0) (actual time=1976.344..5131.219 rows=2322382 loops=1)
  Hash Cond: (mk.movie_id = t.id)
  ->  Seq Scan on movie_keyword mk  (cost=0.00..69693.30 rows=4523930 width=4) (actual time=0.016..1074.418 rows=4523930 loops=1)
  ->  Hash  (cost=115268.34..115268.34 rows=211146 width=8) (actual time=1975.275..1975.275 rows=227454 loops=1)
        Buckets: 131072  Batches: 4  Memory Usage: 3257kB
        ->  Hash Join  (cost=73952.40..115268.34 rows=211146 width=8) (actual time=866.315..1909.710 rows=227454 loops=1)
              Hash Cond: (mi_idx.movie_id = t.id)
              ->  Seq Scan on movie_info_idx mi_idx  (cost=0.00..21735.35 rows=1380035 width=4) (actual time=0.012..365.195 rows=1380035 loops=1)
              ->  Hash  (cost=67604.59..67604.59 rows=386865 width=4) (actual time=865.218..865.218 rows=381430 loops=1)
                    Buckets: 131072  Batches: 8  Memory Usage: 2693kB
                    ->  Seq Scan on title t  (cost=0.00..67604.59 rows=386865 width=4) (actual time=0.022..756.606 rows=381430 loops=1)
                          Filter: (production_year < 1971)
                          Rows Removed by Filter: 2146882
Planning time: 0.773 ms
Execution time: 5404.753 ms
