Seq Scan on movie_keyword mk  (cost=0.00..81003.12 rows=1272201 width=0) (actual time=0.029..1180.166 rows=1279696 loops=1)
  Filter: (keyword_id < 1655)
  Rows Removed by Filter: 3244234
Planning time: 0.300 ms
Execution time: 1346.331 ms
