Seq Scan on movie_keyword mk  (cost=0.00..81003.12 rows=2333506 width=0) (actual time=0.023..1282.967 rows=2332798 loops=1)
  Filter: (keyword_id < 5150)
  Rows Removed by Filter: 2191132
Planning time: 0.319 ms
Execution time: 1553.872 ms
