Hash Join  (cost=88560.69..131040.94 rows=322818 width=0) (actual time=1191.952..2309.726 rows=574104 loops=1)
  Hash Cond: (mi_idx.movie_id = t.id)
  ->  Seq Scan on movie_info_idx mi_idx  (cost=0.00..25185.44 rows=915101 width=4) (actual time=0.028..437.031 rows=919850 loops=1)
        Filter: (info_type_id < 101)
        Rows Removed by Filter: 460185
  ->  Hash  (cost=73925.90..73925.90 rows=891983 width=4) (actual time=1190.887..1190.887 rows=807055 loops=1)
        Buckets: 131072  Batches: 16  Memory Usage: 2799kB
        ->  Seq Scan on title t  (cost=0.00..73925.90 rows=891983 width=4) (actual time=0.033..943.382 rows=807055 loops=1)
              Filter: ((kind_id < 7) AND (production_year > 1952))
              Rows Removed by Filter: 1721257
Planning time: 0.727 ms
Execution time: 2375.755 ms
