Seq Scan on cast_info ci  (cost=0.00..796071.18 rows=4135659 width=0) (actual time=359.174..11351.718 rows=4268185 loops=1)
  Filter: ((person_id > 147941) AND (role_id = 10))
  Rows Removed by Filter: 31976159
Planning time: 0.382 ms
Execution time: 11734.237 ms
