Hash Join  (cost=128829.60..215610.75 rows=12311 width=0) (actual time=1674.490..3241.510 rows=12391 loops=1)
  Hash Cond: (mk.movie_id = t.id)
  ->  Seq Scan on movie_keyword mk  (cost=0.00..69693.30 rows=4523930 width=4) (actual time=0.019..738.792 rows=4523930 loops=1)
  ->  Hash  (cost=128743.59..128743.59 rows=6881 width=8) (actual time=1673.208..1673.208 rows=6707 loops=1)
        Buckets: 8192  Batches: 1  Memory Usage: 326kB
        ->  Hash Join  (cost=74009.26..128743.59 rows=6881 width=8) (actual time=782.018..1670.186 rows=6707 loops=1)
              Hash Cond: (mc.movie_id = t.id)
              ->  Seq Scan on movie_companies mc  (cost=0.00..44881.29 rows=2609129 width=4) (actual time=0.011..409.745 rows=2609129 loops=1)
              ->  Hash  (cost=73925.90..73925.90 rows=6668 width=4) (actual time=781.542..781.542 rows=3242 loops=1)
                    Buckets: 8192  Batches: 1  Memory Usage: 178kB
                    ->  Seq Scan on title t  (cost=0.00..73925.90 rows=6668 width=4) (actual time=223.475..779.998 rows=3242 loops=1)
                          Filter: ((kind_id = 3) AND (production_year = 2012))
                          Rows Removed by Filter: 2525070
Planning time: 1.077 ms
Execution time: 3243.407 ms
