Hash Join  (cost=102767.86..1304693.68 rows=20219857 width=0) (actual time=1935.615..32066.958 rows=20337695 loops=1)
  Hash Cond: (ci.movie_id = t.id)
  ->  Seq Scan on cast_info ci  (cost=0.00..705507.15 rows=20219857 width=4) (actual time=0.019..12103.131 rows=20337695 loops=1)
        Filter: (person_id > 1572689)
        Rows Removed by Filter: 15906649
  ->  Hash  (cost=61283.27..61283.27 rows=2528527 width=4) (actual time=1934.154..1934.154 rows=2528312 loops=1)
        Buckets: 131072  Batches: 64  Memory Usage: 2415kB
        ->  Seq Scan on title t  (cost=0.00..61283.27 rows=2528527 width=4) (actual time=0.021..792.904 rows=2528312 loops=1)
Planning time: 0.749 ms
Execution time: 34436.470 ms
