Hash Join  (cost=842372.82..3350882.76 rows=112101516 width=0) (actual time=17755.434..101114.137 rows=200805559 loops=1)
  Hash Cond: (ci.movie_id = t.id)
  ->  Seq Scan on cast_info ci  (cost=0.00..705507.15 rows=29911609 width=4) (actual time=0.022..13367.471 rows=29851744 loops=1)
        Filter: (person_id < 3014920)
        Rows Removed by Filter: 6392600
  ->  Hash  (cost=686901.94..686901.94 rows=9476311 width=8) (actual time=17754.257..17754.257 rows=9565151 loops=1)
        Buckets: 131072  Batches: 128  Memory Usage: 3919kB
        ->  Hash Join  (cost=102767.86..686901.94 rows=9476311 width=8) (actual time=2494.983..14856.994 rows=9565151 loops=1)
              Hash Cond: (mi.movie_id = t.id)
              ->  Seq Scan on movie_info mi  (cost=0.00..346232.03 rows=9476311 width=4) (actual time=700.780..5049.275 rows=9565151 loops=1)
                    Filter: (info_type_id < 16)
                    Rows Removed by Filter: 5270569
              ->  Hash  (cost=61283.27..61283.27 rows=2528527 width=4) (actual time=1793.389..1793.389 rows=2528312 loops=1)
                    Buckets: 131072  Batches: 64  Memory Usage: 2425kB
                    ->  Seq Scan on title t  (cost=0.00..61283.27 rows=2528527 width=4) (actual time=0.028..807.358 rows=2528312 loops=1)
Planning time: 1.265 ms
Execution time: 122729.875 ms
