Hash Join  (cost=907460.80..1403175.84 rows=1490912 width=0) (actual time=14241.818..24559.742 rows=935797 loops=1)
  Hash Cond: (mi.movie_id = t.id)
  ->  Seq Scan on movie_info mi  (cost=0.00..309384.22 rows=14739122 width=4) (actual time=0.020..4471.548 rows=14835720 loops=1)
  ->  Hash  (cost=903263.68..903263.68 rows=255769 width=8) (actual time=14187.646..14187.646 rows=127905 loops=1)
        Buckets: 131072  Batches: 4  Memory Usage: 2265kB
        ->  Hash Join  (cost=78931.38..903263.68 rows=255769 width=8) (actual time=3351.285..14140.038 rows=127905 loops=1)
              Hash Cond: (ci.movie_id = t.id)
              ->  Seq Scan on cast_info ci  (cost=0.00..796071.18 rows=2119849 width=4) (actual time=2466.580..11081.342 rows=4521486 loops=1)
                    Filter: ((person_id > 2340682) AND (role_id > 8))
                    Rows Removed by Filter: 31722858
              ->  Hash  (cost=73925.90..73925.90 rows=305078 width=4) (actual time=880.937..880.937 rows=193383 loops=1)
                    Buckets: 131072  Batches: 4  Memory Usage: 2718kB
                    ->  Seq Scan on title t  (cost=0.00..73925.90 rows=305078 width=4) (actual time=13.935..815.815 rows=193383 loops=1)
                          Filter: ((production_year < 1979) AND (kind_id = 7))
                          Rows Removed by Filter: 2334929
Planning time: 1.183 ms
Execution time: 24663.644 ms
