Nested Loop  (cost=0.43..52283.69 rows=104 width=0) (actual time=23.346..605.884 rows=54 loops=1)
  ->  Seq Scan on movie_companies mc  (cost=0.00..51404.11 rows=104 width=4) (actual time=23.249..605.290 rows=54 loops=1)
        Filter: (company_id = 16536)
        Rows Removed by Filter: 2609075
  ->  Index Only Scan using title_pkey on title t  (cost=0.43..8.45 rows=1 width=4) (actual time=0.010..0.010 rows=1 loops=54)
        Index Cond: (id = mc.movie_id)
        Heap Fetches: 54
Planning time: 0.697 ms
Execution time: 605.960 ms
