Seq Scan on movie_companies mc  (cost=0.00..57926.93 rows=532831 width=0) (actual time=283.915..844.381 rows=319265 loops=1)
  Filter: ((company_id < 6029) AND (company_type_id > 1))
  Rows Removed by Filter: 2289864
Planning time: 0.325 ms
Execution time: 888.372 ms
