Hash Join  (cost=75227.65..142139.45 rows=40149 width=0) (actual time=1272.415..2623.233 rows=32191 loops=1)
  Hash Cond: (mc.movie_id = t.id)
  ->  Seq Scan on movie_companies mc  (cost=0.00..51404.11 rows=1279517 width=4) (actual time=255.704..789.253 rows=1274246 loops=1)
        Filter: (company_type_id = 1)
        Rows Removed by Filter: 1334883
  ->  Hash  (cost=73925.90..73925.90 rows=79340 width=4) (actual time=1015.823..1015.823 rows=92312 loops=1)
        Buckets: 131072  Batches: 2  Memory Usage: 2648kB
        ->  Seq Scan on title t  (cost=0.00..73925.90 rows=79340 width=4) (actual time=0.064..981.143 rows=92312 loops=1)
              Filter: ((kind_id > 1) AND (production_year = 2006))
              Rows Removed by Filter: 2436000
Planning time: 0.710 ms
Execution time: 2628.383 ms
