Hash Join  (cost=102767.86..237032.45 rows=1802921 width=0) (actual time=1631.996..4700.514 rows=1802198 loops=1)
  Hash Cond: (mk.movie_id = t.id)
  ->  Seq Scan on movie_keyword mk  (cost=0.00..81003.12 rows=1802921 width=4) (actual time=0.023..1397.271 rows=1802198 loops=1)
        Filter: (keyword_id > 7698)
        Rows Removed by Filter: 2721732
  ->  Hash  (cost=61283.27..61283.27 rows=2528527 width=4) (actual time=1628.385..1628.385 rows=2528312 loops=1)
        Buckets: 131072  Batches: 64  Memory Usage: 2425kB
        ->  Seq Scan on title t  (cost=0.00..61283.27 rows=2528527 width=4) (actual time=0.015..778.115 rows=2528312 loops=1)
Planning time: 0.688 ms
Execution time: 4897.774 ms
