Seq Scan on cast_info ci  (cost=0.00..796071.18 rows=7998168 width=0) (actual time=2630.926..10459.957 rows=3398746 loops=1)
  Filter: ((person_id < 1206383) AND (role_id > 1))
  Rows Removed by Filter: 32845598
Planning time: 4.780 ms
Execution time: 10819.655 ms
