Seq Scan on cast_info ci  (cost=0.00..796071.18 rows=5013141 width=0) (actual time=0.025..11705.854 rows=10262188 loops=1)
  Filter: ((person_id < 1399459) AND (role_id = 1))
  Rows Removed by Filter: 25982156
Planning time: 0.400 ms
Execution time: 12985.409 ms
