Seq Scan on cast_info ci  (cost=0.00..796071.18 rows=5041065 width=0) (actual time=4385.956..9982.886 rows=10310493 loops=1)
  Filter: ((person_id < 1406073) AND (role_id = 1))
  Rows Removed by Filter: 25933851
Planning time: 0.387 ms
Execution time: 11182.036 ms
