Hash Join  (cost=105979.79..949038.35 rows=5384117 width=0) (actual time=6722.581..18253.983 rows=5635577 loops=1)
  Hash Cond: (ci.movie_id = t.id)
  ->  Seq Scan on cast_info ci  (cost=0.00..705507.15 rows=5820248 width=4) (actual time=4790.378..10088.090 rows=5732694 loops=1)
        Filter: (role_id > 8)
        Rows Removed by Filter: 30511650
  ->  Hash  (cost=67604.59..67604.59 rows=2339056 width=4) (actual time=1931.073..1931.073 rows=2330853 loops=1)
        Buckets: 131072  Batches: 32  Memory Usage: 3588kB
        ->  Seq Scan on title t  (cost=0.00..67604.59 rows=2339056 width=4) (actual time=0.021..1186.285 rows=2330853 loops=1)
              Filter: (production_year > 1933)
              Rows Removed by Filter: 197459
Planning time: 0.716 ms
Execution time: 18965.069 ms
