Seq Scan on cast_info ci  (cost=0.00..705507.15 rows=35270897 width=0) (actual time=0.025..11635.292 rows=35410181 loops=1)
  Filter: (person_id > 87667)
  Rows Removed by Filter: 834163
Planning time: 0.315 ms
Execution time: 16147.960 ms
