Hash Join  (cost=83072.42..447728.99 rows=64 width=0) (actual time=982.717..6552.368 rows=1847 loops=1)
  Hash Cond: (mi.movie_id = t.id)
  ->  Seq Scan on movie_info mi  (cost=0.00..309384.22 rows=14739122 width=4) (actual time=0.024..2974.480 rows=14835720 loops=1)
  ->  Hash  (cost=83072.29..83072.29 rows=11 width=8) (actual time=982.572..982.572 rows=69 loops=1)
        Buckets: 1024  Batches: 1  Memory Usage: 11kB
        ->  Nested Loop  (cost=0.43..83072.29 rows=11 width=8) (actual time=19.409..982.474 rows=69 loops=1)
              ->  Seq Scan on movie_keyword mk  (cost=0.00..81003.12 rows=246 width=4) (actual time=0.051..956.270 rows=1337 loops=1)
                    Filter: (keyword_id = 490)
                    Rows Removed by Filter: 4522593
              ->  Index Scan using title_pkey on title t  (cost=0.43..8.40 rows=1 width=4) (actual time=0.019..0.019 rows=0 loops=1337)
                    Index Cond: (id = mk.movie_id)
                    Filter: (production_year = 2007)
                    Rows Removed by Filter: 1
Planning time: 1.159 ms
Execution time: 6553.060 ms
