Hash Join  (cost=155763.35..645652.12 rows=944885 width=0) (actual time=3237.874..20664.286 rows=27145039 loops=1)
  Hash Cond: (mi.movie_id = t.id)
  ->  Seq Scan on movie_info mi  (cost=0.00..309384.22 rows=14739122 width=4) (actual time=0.021..4706.040 rows=14835720 loops=1)
  ->  Hash  (cost=153103.13..153103.13 rows=162097 width=8) (actual time=3236.984..3236.984 rows=553806 loops=1)
        Buckets: 131072 (originally 131072)  Batches: 8 (originally 4)  Memory Usage: 3799kB
        ->  Hash Join  (cost=82033.88..153103.13 rows=162097 width=8) (actual time=1416.539..3062.343 rows=553806 loops=1)
              Hash Cond: (mc.movie_id = t.id)
              ->  Seq Scan on movie_companies mc  (cost=0.00..57926.93 rows=829426 width=4) (actual time=193.238..1051.347 rows=1138550 loops=1)
                    Filter: ((company_id < 19756) AND (company_type_id = 1))
                    Rows Removed by Filter: 1470579
              ->  Hash  (cost=73925.90..73925.90 rows=494158 width=4) (actual time=1222.304..1222.304 rows=581419 loops=1)
                    Buckets: 131072  Batches: 8  Memory Usage: 3592kB
                    ->  Seq Scan on title t  (cost=0.00..73925.90 rows=494158 width=4) (actual time=0.036..1037.426 rows=581419 loops=1)
                          Filter: ((kind_id < 7) AND (production_year < 2004))
                          Rows Removed by Filter: 1946893
Planning time: 0.795 ms
Execution time: 23515.256 ms
