Hash Join  (cost=870058.15..956985.24 rows=26905 width=0) (actual time=12525.730..14157.471 rows=51132 loops=1)
  Hash Cond: (mk.movie_id = t.id)
  ->  Seq Scan on movie_keyword mk  (cost=0.00..69693.30 rows=4523930 width=4) (actual time=0.012..758.398 rows=4523930 loops=1)
  ->  Hash  (cost=869870.17..869870.17 rows=15038 width=8) (actual time=12525.321..12525.321 rows=5674 loops=1)
        Buckets: 16384  Batches: 1  Memory Usage: 350kB
        ->  Hash Join  (cost=69687.24..869870.17 rows=15038 width=8) (actual time=4286.989..12523.035 rows=5674 loops=1)
              Hash Cond: (ci.movie_id = t.id)
              ->  Seq Scan on cast_info ci  (cost=0.00..796071.18 rows=299567 width=4) (actual time=3435.100..11614.017 rows=111622 loops=1)
                    Filter: ((person_id < 3130392) AND (role_id > 10))
                    Rows Removed by Filter: 36132722
              ->  Hash  (cost=67604.59..67604.59 rows=126932 width=4) (actual time=851.017..851.017 rows=122861 loops=1)
                    Buckets: 131072  Batches: 2  Memory Usage: 3191kB
                    ->  Seq Scan on title t  (cost=0.00..67604.59 rows=126932 width=4) (actual time=0.028..807.407 rows=122861 loops=1)
                          Filter: (production_year = 2008)
                          Rows Removed by Filter: 2405451
Planning time: 1.115 ms
Execution time: 14164.834 ms
