Seq Scan on movie_keyword mk  (cost=0.00..81003.12 rows=3872767 width=0) (actual time=0.034..1460.253 rows=3862651 loops=1)
  Filter: (keyword_id < 28432)
  Rows Removed by Filter: 661279
Planning time: 0.286 ms
Execution time: 1950.920 ms
