Seq Scan on cast_info ci  (cost=0.00..796071.18 rows=332206 width=0) (actual time=3116.230..13229.357 rows=309485 loops=1)
  Filter: ((person_id > 177728) AND (role_id > 10))
  Rows Removed by Filter: 35934859
Planning time: 0.518 ms
Execution time: 13266.500 ms
