Seq Scan on cast_info ci  (cost=0.00..796071.18 rows=3156058 width=0) (actual time=5445.738..9577.210 rows=4899878 loops=1)
  Filter: ((person_id > 3183254) AND (role_id > 1))
  Rows Removed by Filter: 31344466
Planning time: 0.344 ms
Execution time: 10170.168 ms
