Hash Join  (cost=102767.86..1422165.44 rows=25101811 width=0) (actual time=1660.669..37755.249 rows=25203573 loops=1)
  Hash Cond: (ci.movie_id = t.id)
  ->  Seq Scan on cast_info ci  (cost=0.00..705507.15 rows=25101811 width=4) (actual time=0.021..13232.237 rows=25203573 loops=1)
        Filter: (person_id > 1084043)
        Rows Removed by Filter: 11040771
  ->  Hash  (cost=61283.27..61283.27 rows=2528527 width=4) (actual time=1658.469..1658.469 rows=2528312 loops=1)
        Buckets: 131072  Batches: 64  Memory Usage: 2415kB
        ->  Seq Scan on title t  (cost=0.00..61283.27 rows=2528527 width=4) (actual time=0.011..809.269 rows=2528312 loops=1)
Planning time: 0.775 ms
Execution time: 40812.931 ms
