Hash Join  (cost=98098.54..266270.39 rows=3325390 width=0) (actual time=1881.800..6707.939 rows=2993112 loops=1)
  Hash Cond: (mk.movie_id = t.id)
  ->  Seq Scan on movie_keyword mk  (cost=0.00..69693.30 rows=4523930 width=4) (actual time=0.020..1450.038 rows=4523930 loops=1)
  ->  Hash  (cost=67604.59..67604.59 rows=1858636 width=4) (actual time=1879.352..1879.352 rows=1852807 loops=1)
        Buckets: 131072  Batches: 32  Memory Usage: 3075kB
        ->  Seq Scan on title t  (cost=0.00..67604.59 rows=1858636 width=4) (actual time=0.021..1241.549 rows=1852807 loops=1)
              Filter: (production_year > 1985)
              Rows Removed by Filter: 675505
Planning time: 0.700 ms
Execution time: 7028.386 ms
