Hash Join  (cost=75389.57..1151030.71 rows=1094493 width=0) (actual time=1037.496..25376.182 rows=1471156 loops=1)
  Hash Cond: (ci.movie_id = t.id)
  ->  Seq Scan on cast_info ci  (cost=0.00..705507.15 rows=31034683 width=4) (actual time=0.026..12652.961 rows=31155623 loops=1)
        Filter: (person_id > 492328)
        Rows Removed by Filter: 5088721
  ->  Hash  (cost=73925.90..73925.90 rows=89173 width=4) (actual time=1035.993..1035.993 rows=96478 loops=1)
        Buckets: 131072  Batches: 2  Memory Usage: 2718kB
        ->  Seq Scan on title t  (cost=0.00..73925.90 rows=89173 width=4) (actual time=0.093..1000.207 rows=96478 loops=1)
              Filter: ((kind_id > 2) AND (production_year = 2009))
              Rows Removed by Filter: 2431834
Planning time: 0.755 ms
Execution time: 25574.087 ms
