Hash Join  (cost=83074.74..833899.15 rows=3524 width=0) (actual time=1086.123..14488.113 rows=54778 loops=1)
  Hash Cond: (ci.movie_id = t.id)
  ->  Seq Scan on cast_info ci  (cost=0.00..614943.12 rows=36225612 width=4) (actual time=0.012..6204.651 rows=36244344 loops=1)
  ->  Hash  (cost=83071.67..83071.67 rows=246 width=8) (actual time=1084.846..1084.846 rows=921 loops=1)
        Buckets: 1024  Batches: 1  Memory Usage: 44kB
        ->  Nested Loop  (cost=0.43..83071.67 rows=246 width=8) (actual time=0.707..1084.198 rows=921 loops=1)
              ->  Seq Scan on movie_keyword mk  (cost=0.00..81003.12 rows=246 width=4) (actual time=0.660..1062.745 rows=921 loops=1)
                    Filter: (keyword_id = 5558)
                    Rows Removed by Filter: 4523009
              ->  Index Only Scan using title_pkey on title t  (cost=0.43..8.40 rows=1 width=4) (actual time=0.022..0.022 rows=1 loops=921)
                    Index Cond: (id = mk.movie_id)
                    Heap Fetches: 921
Planning time: 2.069 ms
Execution time: 14500.189 ms
