Hash Join  (cost=28270.40..119067.62 rows=380 width=0) (actual time=342.944..1903.894 rows=25322 loops=1)
  Hash Cond: (mk.movie_id = t.id)
  ->  Seq Scan on movie_keyword mk  (cost=0.00..81003.12 rows=2610745 width=4) (actual time=0.024..1206.772 rows=2597028 loops=1)
        Filter: (keyword_id > 3311)
        Rows Removed by Filter: 1926902
  ->  Hash  (cost=28265.80..28265.80 rows=368 width=8) (actual time=340.520..340.520 rows=260 loops=1)
        Buckets: 1024  Batches: 1  Memory Usage: 19kB
        ->  Nested Loop  (cost=0.43..28265.80 rows=368 width=8) (actual time=98.868..340.406 rows=260 loops=1)
              ->  Seq Scan on movie_info_idx mi_idx  (cost=0.00..25185.44 rows=368 width=4) (actual time=98.765..335.445 rows=260 loops=1)
                    Filter: (info_type_id > 101)
                    Rows Removed by Filter: 1379775
              ->  Index Only Scan using title_pkey on title t  (cost=0.43..8.36 rows=1 width=4) (actual time=0.018..0.018 rows=1 loops=260)
                    Index Cond: (id = mi_idx.movie_id)
                    Heap Fetches: 260
Planning time: 1.121 ms
Execution time: 1907.371 ms
