Seq Scan on movie_companies mc  (cost=0.00..57926.93 rows=53 width=0) (actual time=401.254..595.728 rows=27 loops=1)
  Filter: ((company_type_id > 1) AND (company_id = 68863))
  Rows Removed by Filter: 2609102
Planning time: 0.389 ms
Execution time: 595.830 ms
