Hash Join  (cost=233167.32..1482033.20 rows=16527378 width=0) (actual time=5168.291..45689.976 rows=55395249 loops=1)
  Hash Cond: (ci.movie_id = t.id)
  ->  Seq Scan on cast_info ci  (cost=0.00..614943.12 rows=36225612 width=4) (actual time=0.020..10557.446 rows=36244344 loops=1)
  ->  Hash  (cost=214240.31..214240.31 rows=1153601 width=8) (actual time=5166.733..5166.733 rows=1602058 loops=1)
        Buckets: 131072 (originally 131072)  Batches: 32 (originally 16)  Memory Usage: 3073kB
        ->  Hash Join  (cost=78183.26..214240.31 rows=1153601 width=8) (actual time=1158.250..4725.721 rows=1602058 loops=1)
              Hash Cond: (mk.movie_id = t.id)
              ->  Seq Scan on movie_keyword mk  (cost=0.00..69693.30 rows=4523930 width=4) (actual time=0.013..1220.782 rows=4523930 loops=1)
              ->  Hash  (cost=67604.59..67604.59 rows=644774 width=4) (actual time=1157.019..1157.019 rows=642973 loops=1)
                    Buckets: 131072  Batches: 16  Memory Usage: 2439kB
                    ->  Seq Scan on title t  (cost=0.00..67604.59 rows=644774 width=4) (actual time=0.029..947.508 rows=642973 loops=1)
                          Filter: (production_year < 1988)
                          Rows Removed by Filter: 1885339
Planning time: 1.114 ms
Execution time: 51868.579 ms
