Seq Scan on movie_keyword mk  (cost=0.00..81003.12 rows=246 width=0) (actual time=0.488..1101.420 rows=2417 loops=1)
  Filter: (keyword_id = 1226)
  Rows Removed by Filter: 4521513
Planning time: 0.336 ms
Execution time: 1102.143 ms
