Seq Scan on cast_info ci  (cost=0.00..705507.15 rows=500 width=0) (actual time=1721.868..8827.590 rows=75 loops=1)
  Filter: (person_id = 2061172)
  Rows Removed by Filter: 36244269
Planning time: 0.347 ms
Execution time: 8827.725 ms
