Hash Join  (cost=212292.01..766240.30 rows=6948537 width=0) (actual time=4877.630..26913.456 rows=34509502 loops=1)
  Hash Cond: (mi.movie_id = t.id)
  ->  Seq Scan on movie_info mi  (cost=0.00..309384.22 rows=14739122 width=4) (actual time=0.034..4410.634 rows=14835720 loops=1)
  ->  Hash  (cost=192734.55..192734.55 rows=1192036 width=8) (actual time=4876.765..4876.765 rows=1185935 loops=1)
        Buckets: 131072  Batches: 16  Memory Usage: 3950kB
        ->  Hash Join  (cost=102767.86..192734.55 rows=1192036 width=8) (actual time=2356.605..4506.739 rows=1185935 loops=1)
              Hash Cond: (mc.movie_id = t.id)
              ->  Seq Scan on movie_companies mc  (cost=0.00..51404.11 rows=1192036 width=4) (actual time=0.019..723.545 rows=1185935 loops=1)
                    Filter: (company_id < 10417)
                    Rows Removed by Filter: 1423194
              ->  Hash  (cost=61283.27..61283.27 rows=2528527 width=4) (actual time=2355.643..2355.643 rows=2528312 loops=1)
                    Buckets: 131072  Batches: 64  Memory Usage: 2415kB
                    ->  Seq Scan on title t  (cost=0.00..61283.27 rows=2528527 width=4) (actual time=0.033..776.531 rows=2528312 loops=1)
Planning time: 1.105 ms
Execution time: 30810.807 ms
