Hash Join  (cost=295736.36..949377.36 rows=14565019 width=0) (actual time=6655.365..54966.054 rows=148941542 loops=1)
  Hash Cond: (mi.movie_id = t.id)
  ->  Seq Scan on movie_info mi  (cost=0.00..309384.22 rows=14739122 width=4) (actual time=0.020..5000.603 rows=14835720 loops=1)
  ->  Hash  (cost=254742.13..254742.13 rows=2498659 width=8) (actual time=6653.247..6653.247 rows=2839538 loops=1)
        Buckets: 131072  Batches: 64  Memory Usage: 2854kB
        ->  Hash Join  (cost=101489.21..254742.13 rows=2498659 width=8) (actual time=1755.255..5816.237 rows=2839538 loops=1)
              Hash Cond: (mk.movie_id = t.id)
              ->  Seq Scan on movie_keyword mk  (cost=0.00..81003.12 rows=3059040 width=4) (actual time=0.025..1515.074 rows=3047147 loops=1)
                    Filter: (keyword_id < 11133)
                    Rows Removed by Filter: 1476783
              ->  Hash  (cost=67604.59..67604.59 rows=2065330 width=4) (actual time=1753.743..1753.743 rows=2064552 loops=1)
                    Buckets: 131072  Batches: 32  Memory Usage: 3298kB
                    ->  Seq Scan on title t  (cost=0.00..67604.59 rows=2065330 width=4) (actual time=0.697..1106.843 rows=2064552 loops=1)
                          Filter: (production_year < 2011)
                          Rows Removed by Filter: 463760
Planning time: 1.152 ms
Execution time: 71537.542 ms
