Hash Join  (cost=81319.76..589154.39 rows=2626771 width=0) (actual time=1443.490..15881.805 rows=4300092 loops=1)
  Hash Cond: (mi.movie_id = t.id)
  ->  Seq Scan on movie_info mi  (cost=0.00..309384.22 rows=14739122 width=4) (actual time=0.018..6614.582 rows=14835720 loops=1)
  ->  Hash  (cost=73925.90..73925.90 rows=450628 width=4) (actual time=1442.687..1442.687 rows=325089 loops=1)
        Buckets: 131072  Batches: 8  Memory Usage: 2465kB
        ->  Seq Scan on title t  (cost=0.00..73925.90 rows=450628 width=4) (actual time=472.448..1337.424 rows=325089 loops=1)
              Filter: ((production_year > 1992) AND (kind_id = 1))
              Rows Removed by Filter: 2203223
Planning time: 2.869 ms
Execution time: 16369.789 ms
