Hash Join  (cost=89192.22..608483.23 rows=4090412 width=0) (actual time=1275.112..14654.806 rows=7133383 loops=1)
  Hash Cond: (mi.movie_id = t.id)
  ->  Seq Scan on movie_info mi  (cost=0.00..346232.03 rows=11115165 width=4) (actual time=0.011..5274.427 rows=11210743 loops=1)
        Filter: (info_type_id > 3)
        Rows Removed by Filter: 3624977
  ->  Hash  (cost=73925.90..73925.90 rows=930505 width=4) (actual time=1274.311..1274.311 rows=899914 loops=1)
        Buckets: 131072  Batches: 16  Memory Usage: 3011kB
        ->  Seq Scan on title t  (cost=0.00..73925.90 rows=930505 width=4) (actual time=0.007..989.835 rows=899914 loops=1)
              Filter: ((kind_id < 7) AND (production_year > 1917))
              Rows Removed by Filter: 1628398
Planning time: 0.443 ms
Execution time: 15430.421 ms
