Hash Join  (cost=484904.89..1378652.25 rows=1076897 width=0) (actual time=7358.959..23263.253 rows=192105 loops=1)
  Hash Cond: (ci.movie_id = t.id)
  ->  Seq Scan on cast_info ci  (cost=0.00..705507.15 rows=13791050 width=4) (actual time=0.026..10814.156 rows=13768537 loops=1)
        Filter: (person_id < 1356087)
        Rows Removed by Filter: 22475807
  ->  Hash  (cost=481664.84..481664.84 rows=197444 width=8) (actual time=7357.481..7357.481 rows=22992 loops=1)
        Buckets: 131072  Batches: 4  Memory Usage: 1259kB
        ->  Hash Join  (cost=75574.02..481664.84 rows=197444 width=8) (actual time=2896.206..7349.101 rows=22992 loops=1)
              Hash Cond: (mi.movie_id = t.id)
              ->  Seq Scan on movie_info mi  (cost=0.00..346232.03 rows=4972096 width=4) (actual time=1844.433..4571.883 rows=4923966 loops=1)
                    Filter: (info_type_id < 5)
                    Rows Removed by Filter: 9911754
              ->  Hash  (cost=73925.90..73925.90 rows=100409 width=4) (actual time=1050.663..1050.663 rows=110402 loops=1)
                    Buckets: 131072  Batches: 2  Memory Usage: 2970kB
                    ->  Seq Scan on title t  (cost=0.00..73925.90 rows=100409 width=4) (actual time=0.032..1005.279 rows=110402 loops=1)
                          Filter: ((kind_id = 7) AND (production_year = 2012))
                          Rows Removed by Filter: 2417910
Planning time: 1.242 ms
Execution time: 23286.047 ms
