Hash Join  (cost=77429.84..441101.64 rows=113010 width=0) (actual time=2119.000..6199.341 rows=762035 loops=1)
  Hash Cond: (mi.movie_id = t.id)
  ->  Seq Scan on movie_info mi  (cost=0.00..346232.03 rows=1338312 width=4) (actual time=875.505..4348.288 rows=1401902 loops=1)
        Filter: (info_type_id = 7)
        Rows Removed by Filter: 13433818
  ->  Hash  (cost=73925.90..73925.90 rows=213515 width=4) (actual time=1023.288..1023.288 rows=341626 loops=1)
        Buckets: 131072  Batches: 4  Memory Usage: 4038kB
        ->  Seq Scan on title t  (cost=0.00..73925.90 rows=213515 width=4) (actual time=220.299..914.044 rows=341626 loops=1)
              Filter: ((production_year < 1995) AND (kind_id = 1))
              Rows Removed by Filter: 2186686
Planning time: 0.695 ms
Execution time: 6286.155 ms
