Hash Join  (cost=102767.86..257425.56 rows=2650374 width=0) (actual time=1759.257..5651.812 rows=2642837 loops=1)
  Hash Cond: (mk.movie_id = t.id)
  ->  Seq Scan on movie_keyword mk  (cost=0.00..81003.12 rows=2650374 width=4) (actual time=0.014..1436.669 rows=2642837 loops=1)
        Filter: (keyword_id > 3218)
        Rows Removed by Filter: 1881093
  ->  Hash  (cost=61283.27..61283.27 rows=2528527 width=4) (actual time=1757.389..1757.389 rows=2528312 loops=1)
        Buckets: 131072  Batches: 64  Memory Usage: 2425kB
        ->  Seq Scan on title t  (cost=0.00..61283.27 rows=2528527 width=4) (actual time=0.027..884.016 rows=2528312 loops=1)
Planning time: 0.738 ms
Execution time: 5989.681 ms
