Seq Scan on movie_companies mc  (cost=0.00..51404.11 rows=1167693 width=0) (actual time=0.027..785.846 rows=1162213 loops=1)
  Filter: (company_id < 9581)
  Rows Removed by Filter: 1446916
Planning time: 0.296 ms
Execution time: 937.766 ms
