Hash Join  (cost=221953.65..1375142.67 rows=11621684 width=0) (actual time=3626.798..34540.015 rows=10903399 loops=1)
  Hash Cond: (ci.movie_id = t.id)
  ->  Seq Scan on cast_info ci  (cost=0.00..614943.12 rows=36225612 width=4) (actual time=0.025..10637.677 rows=36244344 loops=1)
  ->  Hash  (cost=208644.81..208644.81 rows=811187 width=8) (actual time=3625.688..3625.688 rows=423943 loops=1)
        Buckets: 131072  Batches: 16  Memory Usage: 2072kB
        ->  Hash Join  (cost=98137.04..208644.81 rows=811187 width=8) (actual time=1532.618..3509.797 rows=423943 loops=1)
              Hash Cond: (mk.movie_id = t.id)
              ->  Seq Scan on movie_keyword mk  (cost=0.00..81003.12 rows=1102156 width=4) (actual time=0.039..1085.252 rows=1109647 loops=1)
                    Filter: (keyword_id < 1138)
                    Rows Removed by Filter: 3414283
              ->  Hash  (cost=67604.59..67604.59 rows=1860996 width=4) (actual time=1531.307..1531.307 rows=1865487 loops=1)
                    Buckets: 131072  Batches: 32  Memory Usage: 3085kB
                    ->  Seq Scan on title t  (cost=0.00..67604.59 rows=1860996 width=4) (actual time=0.010..945.499 rows=1865487 loops=1)
                          Filter: (kind_id > 1)
                          Rows Removed by Filter: 662825
Planning time: 1.188 ms
Execution time: 35750.750 ms
