Hash Join  (cost=242214.05..1329864.96 rows=11328100 width=0) (actual time=5958.500..36409.503 rows=32215192 loops=1)
  Hash Cond: (ci.movie_id = t.id)
  ->  Seq Scan on cast_info ci  (cost=0.00..705507.15 rows=20559545 width=4) (actual time=151.046..12332.315 rows=20691390 loops=1)
        Filter: (person_id > 1534370)
        Rows Removed by Filter: 15552954
  ->  Hash  (cost=219356.14..219356.14 rows=1393193 width=8) (actual time=5806.089..5806.089 rows=1934051 loops=1)
        Buckets: 131072  Batches: 32  Memory Usage: 3336kB
        ->  Hash Join  (cost=80380.17..219356.14 rows=1393193 width=8) (actual time=1228.352..5202.772 rows=1934051 loops=1)
              Hash Cond: (mk.movie_id = t.id)
              ->  Seq Scan on movie_keyword mk  (cost=0.00..69693.30 rows=4523930 width=4) (actual time=0.026..1277.547 rows=4523930 loops=1)
              ->  Hash  (cost=67604.59..67604.59 rows=778687 width=4) (actual time=1227.084..1227.084 rows=782677 loops=1)
                    Buckets: 131072  Batches: 16  Memory Usage: 2751kB
                    ->  Seq Scan on title t  (cost=0.00..67604.59 rows=778687 width=4) (actual time=0.017..976.061 rows=782677 loops=1)
                          Filter: (production_year < 1994)
                          Rows Removed by Filter: 1745635
Planning time: 1.179 ms
Execution time: 40100.164 ms
