Hash Join  (cost=158153.55..678381.44 rows=3788297 width=0) (actual time=3304.670..19231.093 rows=11729210 loops=1)
  Hash Cond: (mi.movie_id = t.id)
  ->  Seq Scan on movie_info mi  (cost=0.00..309384.22 rows=14739122 width=4) (actual time=0.019..4336.224 rows=14835720 loops=1)
  ->  Hash  (cost=147490.93..147490.93 rows=649890 width=8) (actual time=3303.649..3303.649 rows=751382 loops=1)
        Buckets: 131072  Batches: 16  Memory Usage: 2879kB
        ->  Hash Join  (cost=97066.09..147490.93 rows=649890 width=8) (actual time=1654.275..3058.616 rows=751382 loops=1)
              Hash Cond: (mi_idx.movie_id = t.id)
              ->  Seq Scan on movie_info_idx mi_idx  (cost=0.00..25185.44 rows=915101 width=4) (actual time=0.015..412.064 rows=919850 loops=1)
                    Filter: (info_type_id < 101)
                    Rows Removed by Filter: 460185
              ->  Hash  (cost=67604.59..67604.59 rows=1795720 width=4) (actual time=1653.222..1653.222 rows=1794153 loops=1)
                    Buckets: 131072  Batches: 32  Memory Usage: 2992kB
                    ->  Seq Scan on title t  (cost=0.00..67604.59 rows=1795720 width=4) (actual time=0.022..1073.403 rows=1794153 loops=1)
                          Filter: (production_year < 2009)
                          Rows Removed by Filter: 734159
Planning time: 1.145 ms
Execution time: 20594.412 ms
