Hash Join  (cost=91879.05..213428.96 rows=987813 width=0) (actual time=2371.791..4835.940 rows=248436 loops=1)
  Hash Cond: (mk.movie_id = t.id)
  ->  Seq Scan on movie_keyword mk  (cost=0.00..81003.12 rows=2282574 width=4) (actual time=0.025..1403.548 rows=2288320 loops=1)
        Filter: (keyword_id > 4605)
        Rows Removed by Filter: 2235610
  ->  Hash  (cost=73925.90..73925.90 rows=1094252 width=4) (actual time=2211.600..2211.600 rows=1044222 loops=1)
        Buckets: 131072  Batches: 16  Memory Usage: 3325kB
        ->  Seq Scan on title t  (cost=0.00..73925.90 rows=1094252 width=4) (actual time=0.024..1142.243 rows=1044222 loops=1)
              Filter: ((production_year < 2009) AND (kind_id = 7))
              Rows Removed by Filter: 1484090
Planning time: 0.764 ms
Execution time: 4866.405 ms
