Hash Join  (cost=100908.38..183738.01 rows=305 width=0) (actual time=1105.826..2256.721 rows=6419 loops=1)
  Hash Cond: (mk.movie_id = t.id)
  ->  Seq Scan on movie_keyword mk  (cost=0.00..81003.12 rows=486253 width=4) (actual time=0.025..1071.922 rows=481477 loops=1)
        Filter: (keyword_id > 37196)
        Rows Removed by Filter: 4042453
  ->  Hash  (cost=100888.56..100888.56 rows=1586 width=8) (actual time=1103.841..1103.841 rows=6653 loops=1)
        Buckets: 8192 (originally 2048)  Batches: 1 (originally 1)  Memory Usage: 324kB
        ->  Hash Join  (cost=73962.22..100888.56 rows=1586 width=8) (actual time=599.937..1101.070 rows=6653 loops=1)
              Hash Cond: (mi_idx.movie_id = t.id)
              ->  Seq Scan on movie_info_idx mi_idx  (cost=0.00..21735.35 rows=1380035 width=4) (actual time=0.024..222.647 rows=1380035 loops=1)
              ->  Hash  (cost=73925.90..73925.90 rows=2905 width=4) (actual time=598.583..598.583 rows=5861 loops=1)
                    Buckets: 8192 (originally 4096)  Batches: 1 (originally 1)  Memory Usage: 271kB
                    ->  Seq Scan on title t  (cost=0.00..73925.90 rows=2905 width=4) (actual time=0.016..596.599 rows=5861 loops=1)
                          Filter: ((kind_id < 7) AND (production_year = 1969))
                          Rows Removed by Filter: 2522451
Planning time: 1.471 ms
Execution time: 2257.880 ms
