Seq Scan on title t  (cost=0.00..73925.90 rows=1657282 width=0) (actual time=0.011..1065.912 rows=1709250 loops=1)
  Filter: ((kind_id > 2) AND (production_year > 1921))
  Rows Removed by Filter: 819062
Planning time: 0.496 ms
Execution time: 1289.270 ms
