Hash Join  (cost=590136.35..1900124.27 rows=12764515 width=0) (actual time=13112.992..48829.585 rows=40796236 loops=1)
  Hash Cond: (ci.movie_id = t.id)
  ->  Seq Scan on cast_info ci  (cost=0.00..705507.15 rows=26502560 width=4) (actual time=0.021..12130.700 rows=26704359 loops=1)
        Filter: (person_id > 938023)
        Rows Removed by Filter: 9539985
  ->  Hash  (cost=570155.56..570155.56 rows=1217823 width=8) (actual time=13111.641..13111.641 rows=1778790 loops=1)
        Buckets: 131072 (originally 131072)  Batches: 32 (originally 16)  Memory Usage: 3134kB
        ->  Hash Join  (cost=77354.40..570155.56 rows=1217823 width=8) (actual time=942.348..12259.264 rows=1778790 loops=1)
              Hash Cond: (mi.movie_id = t.id)
              ->  Seq Scan on movie_info mi  (cost=0.00..309384.22 rows=14739122 width=4) (actual time=0.014..4327.640 rows=14835720 loops=1)
              ->  Hash  (cost=73925.90..73925.90 rows=208920 width=4) (actual time=941.786..941.786 rows=183835 loops=1)
                    Buckets: 131072  Batches: 4  Memory Usage: 2655kB
                    ->  Seq Scan on title t  (cost=0.00..73925.90 rows=208920 width=4) (actual time=0.338..877.577 rows=183835 loops=1)
                          Filter: ((kind_id < 7) AND (production_year > 2009))
                          Rows Removed by Filter: 2344477
Planning time: 1.869 ms
Execution time: 53132.493 ms
