Seq Scan on movie_keyword mk  (cost=0.00..81003.12 rows=4495039 width=0) (actual time=0.027..1235.295 rows=4498449 loops=1)
  Filter: (keyword_id < 113419)
  Rows Removed by Filter: 25481
Planning time: 0.311 ms
Execution time: 1763.320 ms
