Hash Join  (cost=215699.81..1437332.60 rows=18284362 width=0) (actual time=4542.833..42950.625 rows=36282351 loops=1)
  Hash Cond: (ci.movie_id = t.id)
  ->  Seq Scan on cast_info ci  (cost=0.00..614943.12 rows=36225612 width=4) (actual time=0.007..10447.075 rows=36244344 loops=1)
  ->  Hash  (cost=194760.84..194760.84 rows=1276238 width=8) (actual time=4541.565..4541.565 rows=1286857 loops=1)
        Buckets: 131072  Batches: 32  Memory Usage: 2588kB
        ->  Hash Join  (cost=102767.86..194760.84 rows=1276238 width=8) (actual time=1863.414..4131.736 rows=1286857 loops=1)
              Hash Cond: (mc.movie_id = t.id)
              ->  Seq Scan on movie_companies mc  (cost=0.00..51404.11 rows=1276238 width=4) (actual time=90.988..804.634 rows=1286857 loops=1)
                    Filter: (company_id > 11373)
                    Rows Removed by Filter: 1322272
              ->  Hash  (cost=61283.27..61283.27 rows=2528527 width=4) (actual time=1770.809..1770.809 rows=2528312 loops=1)
                    Buckets: 131072  Batches: 64  Memory Usage: 2415kB
                    ->  Seq Scan on title t  (cost=0.00..61283.27 rows=2528527 width=4) (actual time=0.016..887.342 rows=2528312 loops=1)
Planning time: 1.143 ms
Execution time: 46898.841 ms
