Nested Loop  (cost=0.43..709674.40 rows=201 width=0) (actual time=424.595..11219.137 rows=239 loops=1)
  ->  Seq Scan on cast_info ci  (cost=0.00..705507.15 rows=500 width=4) (actual time=420.352..11190.579 rows=435 loops=1)
        Filter: (person_id = 1565202)
        Rows Removed by Filter: 36243909
  ->  Index Scan using title_pkey on title t  (cost=0.43..8.32 rows=1 width=4) (actual time=0.065..0.065 rows=1 loops=435)
        Index Cond: (id = ci.movie_id)
        Filter: ((production_year < 2008) AND (kind_id = 7))
        Rows Removed by Filter: 0
Planning time: 4.831 ms
Execution time: 11219.327 ms
