Hash Join  (cost=102848.82..854406.18 rows=76821 width=0) (actual time=1503.093..15035.532 rows=28316 loops=1)
  Hash Cond: (ci.movie_id = t.id)
  ->  Seq Scan on cast_info ci  (cost=0.00..614943.12 rows=36225612 width=4) (actual time=0.022..6145.882 rows=36244344 loops=1)
  ->  Hash  (cost=102781.79..102781.79 rows=5362 width=8) (actual time=1502.295..1502.295 rows=7108 loops=1)
        Buckets: 8192  Batches: 1  Memory Usage: 342kB
        ->  Hash Join  (cost=74111.10..102781.79 rows=5362 width=8) (actual time=971.244..1499.447 rows=7108 loops=1)
              Hash Cond: (mi_idx.movie_id = t.id)
              ->  Seq Scan on movie_info_idx mi_idx  (cost=0.00..25185.44 rows=915101 width=4) (actual time=0.025..398.784 rows=919850 loops=1)
                    Filter: (info_type_id < 101)
                    Rows Removed by Filter: 460185
              ->  Hash  (cost=73925.90..73925.90 rows=14816 width=4) (actual time=907.625..907.625 rows=35049 loops=1)
                    Buckets: 65536 (originally 16384)  Batches: 1 (originally 1)  Memory Usage: 1745kB
                    ->  Seq Scan on title t  (cost=0.00..73925.90 rows=14816 width=4) (actual time=350.486..894.357 rows=35049 loops=1)
                          Filter: ((kind_id < 7) AND (production_year < 1912))
                          Rows Removed by Filter: 2493263
Planning time: 1.215 ms
Execution time: 15040.399 ms
