Hash Join  (cost=102767.86..279447.77 rows=3565587 width=0) (actual time=2361.987..6818.353 rows=3561091 loops=1)
  Hash Cond: (mk.movie_id = t.id)
  ->  Seq Scan on movie_keyword mk  (cost=0.00..81003.12 rows=3565587 width=4) (actual time=0.025..1303.290 rows=3561091 loops=1)
        Filter: (keyword_id > 903)
        Rows Removed by Filter: 962839
  ->  Hash  (cost=61283.27..61283.27 rows=2528527 width=4) (actual time=2359.862..2359.862 rows=2528312 loops=1)
        Buckets: 131072  Batches: 64  Memory Usage: 2425kB
        ->  Seq Scan on title t  (cost=0.00..61283.27 rows=2528527 width=4) (actual time=0.019..798.396 rows=2528312 loops=1)
Planning time: 0.754 ms
Execution time: 7128.252 ms
