Seq Scan on movie_companies mc  (cost=0.00..51404.11 rows=104 width=0) (actual time=319.017..589.742 rows=92 loops=1)
  Filter: (company_id = 78917)
  Rows Removed by Filter: 2609037
Planning time: 0.371 ms
Execution time: 589.823 ms
