Hash Join  (cost=73962.22..422646.58 rows=749 width=0) (actual time=1433.566..4885.405 rows=2677 loops=1)
  Hash Cond: (mi.movie_id = t.id)
  ->  Seq Scan on movie_info mi  (cost=0.00..346232.03 rows=651960 width=4) (actual time=590.457..3929.312 rows=660923 loops=1)
        Filter: (info_type_id = 18)
        Rows Removed by Filter: 14174797
  ->  Hash  (cost=73925.90..73925.90 rows=2905 width=4) (actual time=842.572..842.572 rows=6196 loops=1)
        Buckets: 8192 (originally 4096)  Batches: 1 (originally 1)  Memory Usage: 282kB
        ->  Seq Scan on title t  (cost=0.00..73925.90 rows=2905 width=4) (actual time=0.043..839.287 rows=6196 loops=1)
              Filter: ((kind_id < 7) AND (production_year = 1975))
              Rows Removed by Filter: 2522116
Planning time: 0.916 ms
Execution time: 4886.050 ms
