Seq Scan on cast_info ci  (cost=0.00..796071.18 rows=4837024 width=0) (actual time=0.028..9276.811 rows=7510913 loops=1)
  Filter: ((person_id > 2921149) AND (role_id > 1))
  Rows Removed by Filter: 28733431
Planning time: 0.375 ms
Execution time: 10227.916 ms
