Hash Join  (cost=126915.39..245863.58 rows=281160 width=0) (actual time=2353.203..6658.403 rows=4252932 loops=1)
  Hash Cond: (mk.movie_id = t.id)
  ->  Seq Scan on movie_keyword mk  (cost=0.00..81003.12 rows=2957191 width=4) (actual time=0.031..1519.440 rows=2940258 loops=1)
        Filter: (keyword_id < 9832)
        Rows Removed by Filter: 1583672
  ->  Hash  (cost=122970.34..122970.34 rows=240404 width=8) (actual time=2352.158..2352.158 rows=500281 loops=1)
        Buckets: 131072 (originally 131072)  Batches: 8 (originally 4)  Memory Usage: 3494kB
        ->  Hash Join  (cost=81152.82..122970.34 rows=240404 width=8) (actual time=1087.410..2212.996 rows=500281 loops=1)
              Hash Cond: (mi_idx.movie_id = t.id)
              ->  Seq Scan on movie_info_idx mi_idx  (cost=0.00..21735.35 rows=1380035 width=4) (actual time=0.025..362.909 rows=1380035 loops=1)
              ->  Hash  (cost=73925.90..73925.90 rows=440473 width=4) (actual time=1086.492..1086.492 rows=473918 loops=1)
                    Buckets: 131072  Batches: 8  Memory Usage: 3117kB
                    ->  Seq Scan on title t  (cost=0.00..73925.90 rows=440473 width=4) (actual time=304.996..936.772 rows=473918 loops=1)
                          Filter: ((kind_id < 2) AND (production_year < 2008))
                          Rows Removed by Filter: 2054394
Planning time: 1.215 ms
Execution time: 7112.048 ms
