Hash Join  (cost=172836.71..260602.41 rows=110767 width=0) (actual time=3230.723..5378.292 rows=1000198 loops=1)
  Hash Cond: (mk.movie_id = t.id)
  ->  Seq Scan on movie_keyword mk  (cost=0.00..69693.30 rows=4523930 width=4) (actual time=0.023..742.564 rows=4523930 loops=1)
  ->  Hash  (cost=172062.83..172062.83 rows=61910 width=8) (actual time=3038.343..3038.343 rows=121045 loops=1)
        Buckets: 131072 (originally 65536)  Batches: 2 (originally 1)  Memory Usage: 3397kB
        ->  Hash Join  (cost=102767.86..172062.83 rows=61910 width=8) (actual time=2198.909..2989.994 rows=121045 loops=1)
              Hash Cond: (mc.movie_id = t.id)
              ->  Seq Scan on movie_companies mc  (cost=0.00..57926.93 rows=61910 width=4) (actual time=452.955..705.761 rows=121045 loops=1)
                    Filter: ((company_id > 145778) AND (company_type_id > 1))
                    Rows Removed by Filter: 2488084
              ->  Hash  (cost=61283.27..61283.27 rows=2528527 width=4) (actual time=1743.995..1743.995 rows=2528312 loops=1)
                    Buckets: 131072  Batches: 64  Memory Usage: 2415kB
                    ->  Seq Scan on title t  (cost=0.00..61283.27 rows=2528527 width=4) (actual time=0.015..887.037 rows=2528312 loops=1)
Planning time: 1.032 ms
Execution time: 5497.410 ms
