Seq Scan on movie_keyword mk  (cost=0.00..81003.12 rows=2570044 width=0) (actual time=0.030..1341.936 rows=2561588 loops=1)
  Filter: (keyword_id < 6491)
  Rows Removed by Filter: 1962342
Planning time: 0.319 ms
Execution time: 1670.881 ms
