Seq Scan on movie_keyword mk  (cost=0.00..81003.12 rows=246 width=0) (actual time=3.668..969.004 rows=634 loops=1)
  Filter: (keyword_id = 42252)
  Rows Removed by Filter: 4523296
Planning time: 0.378 ms
Execution time: 969.347 ms
