Hash Join  (cost=151240.44..516010.45 rows=11410 width=0) (actual time=2036.357..7188.683 rows=183831 loops=1)
  Hash Cond: (mi.movie_id = t.id)
  ->  Seq Scan on movie_info mi  (cost=0.00..309384.22 rows=14739122 width=4) (actual time=0.013..2613.643 rows=14835720 loops=1)
  ->  Hash  (cost=151215.98..151215.98 rows=1957 width=8) (actual time=2014.824..2014.824 rows=3812 loops=1)
        Buckets: 4096 (originally 2048)  Batches: 1 (originally 1)  Memory Usage: 181kB
        ->  Hash Join  (cost=67697.55..151215.98 rows=1957 width=8) (actual time=800.748..2013.289 rows=3812 loops=1)
              Hash Cond: (mk.movie_id = t.id)
              ->  Seq Scan on movie_keyword mk  (cost=0.00..81003.12 rows=665530 width=4) (actual time=0.015..1098.830 rows=671964 loops=1)
                    Filter: (keyword_id > 27909)
                    Rows Removed by Filter: 3851966
              ->  Hash  (cost=67604.59..67604.59 rows=7437 width=4) (actual time=795.789..795.789 rows=13711 loops=1)
                    Buckets: 16384 (originally 8192)  Batches: 1 (originally 1)  Memory Usage: 611kB
                    ->  Seq Scan on title t  (cost=0.00..67604.59 rows=7437 width=4) (actual time=0.029..789.533 rows=13711 loops=1)
                          Filter: (production_year = 1966)
                          Rows Removed by Filter: 2514601
Planning time: 1.144 ms
Execution time: 7211.530 ms
