Hash Join  (cost=83074.52..437537.91 rows=155 width=0) (actual time=1555.081..5111.928 rows=8112 loops=1)
  Hash Cond: (mi.movie_id = t.id)
  ->  Seq Scan on movie_info mi  (cost=0.00..346232.03 rows=2194617 width=4) (actual time=724.168..3995.026 rows=2233850 loops=1)
        Filter: (info_type_id > 16)
        Rows Removed by Filter: 12601870
  ->  Hash  (cost=83072.29..83072.29 rows=179 width=8) (actual time=829.907..829.907 rows=398 loops=1)
        Buckets: 1024  Batches: 1  Memory Usage: 24kB
        ->  Nested Loop  (cost=0.43..83072.29 rows=179 width=8) (actual time=2.432..829.637 rows=398 loops=1)
              ->  Seq Scan on movie_keyword mk  (cost=0.00..81003.12 rows=246 width=4) (actual time=1.304..797.678 rows=1468 loops=1)
                    Filter: (keyword_id = 3843)
                    Rows Removed by Filter: 4522462
              ->  Index Scan using title_pkey on title t  (cost=0.43..8.40 rows=1 width=4) (actual time=0.021..0.021 rows=0 loops=1468)
                    Index Cond: (id = mk.movie_id)
                    Filter: (production_year > 1986)
                    Rows Removed by Filter: 1
Planning time: 1.237 ms
Execution time: 5113.289 ms
