Seq Scan on cast_info ci  (cost=0.00..796071.18 rows=320755 width=0) (actual time=6032.762..10806.992 rows=649805 loops=1)
  Filter: ((person_id > 2366401) AND (role_id = 5))
  Rows Removed by Filter: 35594539
Planning time: 0.399 ms
Execution time: 10892.881 ms
