Hash Join  (cost=138192.88..649537.17 rows=1731863 width=0) (actual time=2754.266..19380.403 rows=10296646 loops=1)
  Hash Cond: (mi.movie_id = t.id)
  ->  Seq Scan on movie_info mi  (cost=0.00..346232.03 rows=12665229 width=4) (actual time=0.022..5628.012 rows=12744652 loops=1)
        Filter: (info_type_id > 2)
        Rows Removed by Filter: 2091068
  ->  Hash  (cost=132519.94..132519.94 rows=345755 width=8) (actual time=2753.322..2753.322 rows=630160 loops=1)
        Buckets: 131072 (originally 131072)  Batches: 16 (originally 8)  Memory Usage: 3073kB
        ->  Hash Join  (cost=89532.49..132519.94 rows=345755 width=8) (actual time=1294.884..2547.308 rows=630160 loops=1)
              Hash Cond: (mi_idx.movie_id = t.id)
              ->  Seq Scan on movie_info_idx mi_idx  (cost=0.00..25185.44 rows=919057 width=4) (actual time=0.016..431.808 rows=920110 loops=1)
                    Filter: (info_type_id > 99)
                    Rows Removed by Filter: 459925
              ->  Hash  (cost=73925.90..73925.90 rows=951247 width=4) (actual time=1293.856..1293.856 rows=953271 loops=1)
                    Buckets: 131072  Batches: 16  Memory Usage: 3118kB
                    ->  Seq Scan on title t  (cost=0.00..73925.90 rows=951247 width=4) (actual time=0.018..1002.154 rows=953271 loops=1)
                          Filter: ((kind_id < 7) AND (production_year > 1909))
                          Rows Removed by Filter: 1575041
Planning time: 1.164 ms
Execution time: 20667.674 ms
