Hash Join  (cost=83600.04..989130.35 rows=4906745 width=0) (actual time=2091.878..21343.512 rows=5373429 loops=1)
  Hash Cond: (ci.movie_id = t.id)
  ->  Seq Scan on cast_info ci  (cost=0.00..705507.15 rows=12726058 width=4) (actual time=1019.649..11522.659 rows=12670688 loops=1)
        Filter: (role_id < 2)
        Rows Removed by Filter: 23573656
  ->  Hash  (cost=67604.59..67604.59 rows=974916 width=4) (actual time=1071.294..1071.294 rows=972448 loops=1)
        Buckets: 131072  Batches: 16  Memory Usage: 3160kB
        ->  Seq Scan on title t  (cost=0.00..67604.59 rows=974916 width=4) (actual time=0.025..834.756 rows=972448 loops=1)
              Filter: (kind_id < 6)
              Rows Removed by Filter: 1555864
Planning time: 0.798 ms
Execution time: 21986.954 ms
