Seq Scan on movie_keyword mk  (cost=0.00..81003.12 rows=235164 width=0) (actual time=0.031..1096.130 rows=250979 loops=1)
  Filter: (keyword_id < 215)
  Rows Removed by Filter: 4272951
Planning time: 0.327 ms
Execution time: 1130.349 ms
