Hash Join  (cost=439732.50..1310244.35 rows=299169 width=0) (actual time=10809.431..26834.619 rows=273650 loops=1)
  Hash Cond: (ci.movie_id = t.id)
  ->  Seq Scan on cast_info ci  (cost=0.00..705507.15 rows=16201301 width=4) (actual time=3137.733..12280.418 rows=16121683 loops=1)
        Filter: (role_id > 2)
        Rows Removed by Filter: 20122661
  ->  Hash  (cost=439148.87..439148.87 rows=46691 width=8) (actual time=7669.975..7669.975 rows=291771 loops=1)
        Buckets: 131072 (originally 65536)  Batches: 4 (originally 1)  Memory Usage: 3846kB
        ->  Hash Join  (cost=74026.03..439148.87 rows=46691 width=8) (actual time=734.892..6862.901 rows=291771 loops=1)
              Hash Cond: (mi.movie_id = t.id)
              ->  Seq Scan on movie_info mi  (cost=0.00..309384.22 rows=14739122 width=4) (actual time=0.012..2700.089 rows=14835720 loops=1)
              ->  Hash  (cost=73925.90..73925.90 rows=8010 width=4) (actual time=732.589..732.589 rows=29104 loops=1)
                    Buckets: 32768 (originally 8192)  Batches: 1 (originally 1)  Memory Usage: 1280kB
                    ->  Seq Scan on title t  (cost=0.00..73925.90 rows=8010 width=4) (actual time=33.046..721.090 rows=29104 loops=1)
                          Filter: ((kind_id < 2) AND (production_year < 1911))
                          Rows Removed by Filter: 2499208
Planning time: 1.367 ms
Execution time: 26868.252 ms
