Hash Join  (cost=156356.93..964927.23 rows=66485 width=0) (actual time=8258.148..12169.771 rows=663355 loops=1)
  Hash Cond: (ci.movie_id = t.id)
  ->  Seq Scan on cast_info ci  (cost=0.00..796071.18 rows=2366854 width=4) (actual time=5870.434..8855.317 rows=3667528 loops=1)
        Filter: ((person_id > 3395549) AND (role_id > 1))
        Rows Removed by Filter: 32576816
  ->  Hash  (cost=155469.11..155469.11 rows=71026 width=8) (actual time=2386.486..2386.486 rows=72797 loops=1)
        Buckets: 131072  Batches: 1  Memory Usage: 3868kB
        ->  Hash Join  (cost=68100.81..155469.11 rows=71026 width=8) (actual time=683.959..2363.005 rows=72797 loops=1)
              Hash Cond: (mk.movie_id = t.id)
              ->  Seq Scan on movie_keyword mk  (cost=0.00..69693.30 rows=4523930 width=4) (actual time=0.021..775.429 rows=4523930 loops=1)
              ->  Hash  (cost=67604.59..67604.59 rows=39698 width=4) (actual time=682.145..682.145 rows=36437 loops=1)
                    Buckets: 65536  Batches: 1  Memory Usage: 1793kB
                    ->  Seq Scan on title t  (cost=0.00..67604.59 rows=39698 width=4) (actual time=0.019..669.092 rows=36437 loops=1)
                          Filter: (production_year = 1995)
                          Rows Removed by Filter: 2491875
Planning time: 1.201 ms
Execution time: 12244.355 ms
