Seq Scan on cast_info ci  (cost=0.00..705507.15 rows=500 width=0) (actual time=3779.946..9320.867 rows=875 loops=1)
  Filter: (person_id = 3689202)
  Rows Removed by Filter: 36243469
Planning time: 0.372 ms
Execution time: 9321.062 ms
