Hash Join  (cost=92883.59..1452148.63 rows=20877334 width=0) (actual time=1531.691..38682.785 rows=20127710 loops=1)
  Hash Cond: (ci.movie_id = t.id)
  ->  Seq Scan on cast_info ci  (cost=0.00..705507.15 rows=34260710 width=4) (actual time=0.023..14006.431 rows=34241091 loops=1)
        Filter: (person_id < 3668399)
        Rows Removed by Filter: 2003253
  ->  Hash  (cost=67604.59..67604.59 rows=1540800 width=4) (actual time=1530.253..1530.253 rows=1543264 loops=1)
        Buckets: 131072  Batches: 32  Memory Usage: 2722kB
        ->  Seq Scan on title t  (cost=0.00..67604.59 rows=1540800 width=4) (actual time=0.023..1040.791 rows=1543264 loops=1)
              Filter: (kind_id = 7)
              Rows Removed by Filter: 985048
Planning time: 0.441 ms
Execution time: 41056.091 ms
