Hash Join  (cost=96603.40..685393.74 rows=7612921 width=0) (actual time=2084.470..14978.216 rows=3706056 loops=1)
  Hash Cond: (mi.movie_id = t.id)
  ->  Seq Scan on movie_info mi  (cost=0.00..346232.03 rows=13926693 width=4) (actual time=0.032..5596.008 rows=13963496 loops=1)
        Filter: (info_type_id < 98)
        Rows Removed by Filter: 872224
  ->  Hash  (cost=73925.90..73925.90 rows=1382200 width=4) (actual time=1603.705..1603.705 rows=1460524 loops=1)
        Buckets: 131072  Batches: 32  Memory Usage: 2636kB
        ->  Seq Scan on title t  (cost=0.00..73925.90 rows=1382200 width=4) (actual time=0.026..1139.717 rows=1460524 loops=1)
              Filter: ((production_year > 1954) AND (kind_id = 7))
              Rows Removed by Filter: 1067788
Planning time: 0.767 ms
Execution time: 15430.555 ms
