Seq Scan on cast_info ci  (cost=0.00..705507.15 rows=21831642 width=0) (actual time=0.011..12899.681 rows=21919215 loops=1)
  Filter: (person_id > 1410397)
  Rows Removed by Filter: 14325129
Planning time: 1.845 ms
Execution time: 15646.825 ms
