Hash Join  (cost=145587.44..251805.64 rows=250177 width=0) (actual time=2724.449..5020.904 rows=389568 loops=1)
  Hash Cond: (mk.movie_id = t.id)
  ->  Seq Scan on movie_keyword mk  (cost=0.00..81003.12 rows=1848613 width=4) (actual time=0.028..1387.134 rows=1860059 loops=1)
        Filter: (keyword_id < 3111)
        Rows Removed by Filter: 2663871
  ->  Hash  (cost=139973.05..139973.05 rows=342191 width=8) (actual time=2723.431..2723.431 rows=250045 loops=1)
        Buckets: 131072  Batches: 8  Memory Usage: 2254kB
        ->  Hash Join  (cost=98137.04..139973.05 rows=342191 width=8) (actual time=1622.483..2639.343 rows=250045 loops=1)
              Hash Cond: (mi_idx.movie_id = t.id)
              ->  Seq Scan on movie_info_idx mi_idx  (cost=0.00..25185.44 rows=464934 width=4) (actual time=0.026..369.750 rows=460185 loops=1)
                    Filter: (info_type_id > 100)
                    Rows Removed by Filter: 919850
              ->  Hash  (cost=67604.59..67604.59 rows=1860996 width=4) (actual time=1619.797..1619.797 rows=1865487 loops=1)
                    Buckets: 131072  Batches: 32  Memory Usage: 3079kB
                    ->  Seq Scan on title t  (cost=0.00..67604.59 rows=1860996 width=4) (actual time=0.019..1030.975 rows=1865487 loops=1)
                          Filter: (kind_id > 1)
                          Rows Removed by Filter: 662825
Planning time: 1.215 ms
Execution time: 5069.033 ms
