Hash Join  (cost=142708.74..253181.49 rows=454975 width=0) (actual time=3553.170..6641.154 rows=2685881 loops=1)
  Hash Cond: (mk.movie_id = t.id)
  ->  Seq Scan on movie_keyword mk  (cost=0.00..81003.12 rows=1956500 width=4) (actual time=0.015..1497.994 rows=1963377 loops=1)
        Filter: (keyword_id > 6475)
        Rows Removed by Filter: 2560553
  ->  Hash  (cost=133061.78..133061.78 rows=587997 width=8) (actual time=3551.017..3551.017 rows=715839 loops=1)
        Buckets: 131072 (originally 131072)  Batches: 16 (originally 8)  Memory Usage: 3073kB
        ->  Hash Join  (cost=85280.32..133061.78 rows=587997 width=8) (actual time=1906.771..3355.485 rows=715839 loops=1)
              Hash Cond: (mi_idx.movie_id = t.id)
              ->  Seq Scan on movie_info_idx mi_idx  (cost=0.00..21735.35 rows=1380035 width=4) (actual time=0.009..468.106 rows=1380035 loops=1)
              ->  Hash  (cost=67604.59..67604.59 rows=1077339 width=4) (actual time=1905.986..1905.986 rows=1074765 loops=1)
                    Buckets: 131072  Batches: 16  Memory Usage: 3388kB
                    ->  Seq Scan on title t  (cost=0.00..67604.59 rows=1077339 width=4) (actual time=0.008..1267.467 rows=1074765 loops=1)
                          Filter: (production_year < 2001)
                          Rows Removed by Filter: 1453547
Planning time: 0.778 ms
Execution time: 6951.883 ms
