Hash Join  (cost=77934.62..166307.16 rows=86967 width=0) (actual time=1112.442..2368.629 rows=135721 loops=1)
  Hash Cond: (mk.movie_id = t.id)
  ->  Seq Scan on movie_keyword mk  (cost=0.00..81003.12 rows=349264 width=4) (actual time=0.027..959.171 rows=363692 loops=1)
        Filter: (keyword_id < 335)
        Rows Removed by Filter: 4160238
  ->  Hash  (cost=67604.59..67604.59 rows=629603 width=4) (actual time=1111.016..1111.016 rows=622851 loops=1)
        Buckets: 131072  Batches: 16  Memory Usage: 2394kB
        ->  Seq Scan on title t  (cost=0.00..67604.59 rows=629603 width=4) (actual time=0.011..902.282 rows=622851 loops=1)
              Filter: (production_year < 1987)
              Rows Removed by Filter: 1905461
Planning time: 0.816 ms
Execution time: 2385.017 ms
