Hash Join  (cost=73994.33..164323.76 rows=5353 width=0) (actual time=781.818..2315.391 rows=3350 loops=1)
  Hash Cond: (mk.movie_id = t.id)
  ->  Seq Scan on movie_keyword mk  (cost=0.00..81003.12 rows=2472740 width=4) (actual time=0.015..1177.238 rows=2464294 loops=1)
        Filter: (keyword_id > 3661)
        Rows Removed by Filter: 2059636
  ->  Hash  (cost=73925.90..73925.90 rows=5474 width=4) (actual time=772.559..772.559 rows=7556 loops=1)
        Buckets: 8192  Batches: 1  Memory Usage: 330kB
        ->  Seq Scan on title t  (cost=0.00..73925.90 rows=5474 width=4) (actual time=0.291..769.293 rows=7556 loops=1)
              Filter: ((kind_id > 1) AND (production_year = 1959))
              Rows Removed by Filter: 2520756
Planning time: 0.813 ms
Execution time: 2316.030 ms
