Seq Scan on cast_info ci  (cost=0.00..796071.18 rows=3082345 width=0) (actual time=5332.179..10432.724 rows=6245622 loops=1)
  Filter: ((person_id < 851995) AND (role_id = 1))
  Rows Removed by Filter: 29998722
Planning time: 0.375 ms
Execution time: 11196.232 ms
