Hash Join  (cost=273247.90..778780.17 rows=5859557 width=0) (actual time=5986.965..15743.766 rows=6895652 loops=1)
  Hash Cond: (mi.movie_id = t.id)
  ->  Seq Scan on movie_info mi  (cost=0.00..346232.03 rows=7235534 width=4) (actual time=720.497..5067.289 rows=7286865 loops=1)
        Filter: (info_type_id < 8)
        Rows Removed by Filter: 7548855
  ->  Hash  (cost=239652.91..239652.91 rows=2047679 width=8) (actual time=5265.228..5265.228 rows=1143082 loops=1)
        Buckets: 131072  Batches: 32  Memory Usage: 2403kB
        ->  Hash Join  (cost=92703.08..239652.91 rows=2047679 width=8) (actual time=1445.945..4931.569 rows=1143082 loops=1)
              Hash Cond: (mk.movie_id = t.id)
              ->  Seq Scan on movie_keyword mk  (cost=0.00..69693.30 rows=4523930 width=4) (actual time=0.018..1162.716 rows=4523930 loops=1)
              ->  Hash  (cost=73925.90..73925.90 rows=1144494 width=4) (actual time=1444.728..1444.728 rows=1095581 loops=1)
                    Buckets: 131072  Batches: 16  Memory Usage: 3443kB
                    ->  Seq Scan on title t  (cost=0.00..73925.90 rows=1144494 width=4) (actual time=0.026..1088.675 rows=1095581 loops=1)
                          Filter: ((kind_id > 1) AND (production_year < 2007))
                          Rows Removed by Filter: 1432731
Planning time: 1.261 ms
Execution time: 16604.929 ms
