Seq Scan on cast_info ci  (cost=0.00..705507.15 rows=500 width=0) (actual time=4607.489..8867.366 rows=501 loops=1)
  Filter: (person_id = 2503453)
  Rows Removed by Filter: 36243843
Planning time: 0.406 ms
Execution time: 8867.547 ms
