Hash Join  (cost=74452.28..432701.01 rows=51098 width=0) (actual time=3815.983..5896.726 rows=66128 loops=1)
  Hash Cond: (mi.movie_id = t.id)
  ->  Seq Scan on movie_info mi  (cost=0.00..346232.03 rows=3068194 width=4) (actual time=2894.530..4295.780 rows=3036719 loops=1)
        Filter: (info_type_id = 16)
        Rows Removed by Filter: 11799001
  ->  Hash  (cost=73925.90..73925.90 rows=42110 width=4) (actual time=920.829..920.829 rows=33905 loops=1)
        Buckets: 65536  Batches: 1  Memory Usage: 1704kB
        ->  Seq Scan on title t  (cost=0.00..73925.90 rows=42110 width=4) (actual time=0.034..906.456 rows=33905 loops=1)
              Filter: ((kind_id < 7) AND (production_year = 2006))
              Rows Removed by Filter: 2494407
Planning time: 0.783 ms
Execution time: 5906.466 ms
