Hash Join  (cost=86178.74..1135686.99 rows=6939723 width=0) (actual time=2249.455..27511.094 rows=7074845 loops=1)
  Hash Cond: (ci.movie_id = t.id)
  ->  Seq Scan on cast_info ci  (cost=0.00..705507.15 rows=23497031 width=4) (actual time=1087.599..12802.697 rows=23561135 loops=1)
        Filter: (person_id > 1250778)
        Rows Removed by Filter: 12683209
  ->  Hash  (cost=73925.90..73925.90 rows=746787 width=4) (actual time=1160.782..1160.782 rows=650324 loops=1)
        Buckets: 131072  Batches: 16  Memory Usage: 2453kB
        ->  Seq Scan on title t  (cost=0.00..73925.90 rows=746787 width=4) (actual time=0.024..958.677 rows=650324 loops=1)
              Filter: ((kind_id < 7) AND (production_year > 1982))
              Rows Removed by Filter: 1877988
Planning time: 0.753 ms
Execution time: 28331.109 ms
