Seq Scan on movie_keyword mk  (cost=0.00..81003.12 rows=2254772 width=0) (actual time=0.025..1205.530 rows=2259015 loops=1)
  Filter: (keyword_id < 4680)
  Rows Removed by Filter: 2264915
Planning time: 0.311 ms
Execution time: 1487.317 ms
