Seq Scan on cast_info ci  (cost=0.00..705507.15 rows=16221603 width=0) (actual time=0.026..9409.253 rows=16095695 loops=1)
  Filter: (person_id < 1594209)
  Rows Removed by Filter: 20148649
Planning time: 0.366 ms
Execution time: 11272.708 ms
