Seq Scan on movie_companies mc  (cost=0.00..51404.11 rows=2289264 width=0) (actual time=0.025..717.427 rows=2288654 loops=1)
  Filter: (company_id < 91495)
  Rows Removed by Filter: 320475
Planning time: 0.333 ms
Execution time: 964.306 ms
