Hash Join  (cost=116097.92..183821.18 rows=85896 width=0) (actual time=2522.870..3897.163 rows=419971 loops=1)
  Hash Cond: (mc.movie_id = t.id)
  ->  Seq Scan on movie_companies mc  (cost=0.00..51404.11 rows=1279517 width=4) (actual time=78.053..801.341 rows=1274246 loops=1)
        Filter: (company_type_id = 1)
        Rows Removed by Filter: 1334883
  ->  Hash  (cost=113312.12..113312.12 rows=169744 width=8) (actual time=2443.930..2443.930 rows=179467 loops=1)
        Buckets: 131072  Batches: 4  Memory Usage: 2773kB
        ->  Hash Join  (cost=72707.20..113312.12 rows=169744 width=8) (actual time=1307.069..2387.124 rows=179467 loops=1)
              Hash Cond: (mi_idx.movie_id = t.id)
              ->  Seq Scan on movie_info_idx mi_idx  (cost=0.00..21735.35 rows=1380035 width=4) (actual time=0.013..375.349 rows=1380035 loops=1)
              ->  Hash  (cost=67604.59..67604.59 rows=311009 width=4) (actual time=1306.337..1306.337 rows=309534 loops=1)
                    Buckets: 131072  Batches: 8  Memory Usage: 2378kB
                    ->  Seq Scan on title t  (cost=0.00..67604.59 rows=311009 width=4) (actual time=0.022..875.776 rows=309534 loops=1)
                          Filter: (production_year < 1966)
                          Rows Removed by Filter: 2218778
Planning time: 1.194 ms
Execution time: 3949.002 ms
