Hash Join  (cost=83074.74..452679.50 rows=606 width=0) (actual time=2261.486..6616.194 rows=10011 loops=1)
  Hash Cond: (mi.movie_id = t.id)
  ->  Seq Scan on movie_info mi  (cost=0.00..346232.03 rows=6231111 width=4) (actual time=1125.603..4572.022 rows=6223494 loops=1)
        Filter: (info_type_id > 8)
        Rows Removed by Filter: 8612226
  ->  Hash  (cost=83071.67..83071.67 rows=246 width=8) (actual time=1132.348..1132.348 rows=305 loops=1)
        Buckets: 1024  Batches: 1  Memory Usage: 20kB
        ->  Nested Loop  (cost=0.43..83071.67 rows=246 width=8) (actual time=1.354..1132.063 rows=305 loops=1)
              ->  Seq Scan on movie_keyword mk  (cost=0.00..81003.12 rows=246 width=4) (actual time=1.234..1123.465 rows=305 loops=1)
                    Filter: (keyword_id = 2386)
                    Rows Removed by Filter: 4523625
              ->  Index Only Scan using title_pkey on title t  (cost=0.43..8.40 rows=1 width=4) (actual time=0.026..0.026 rows=1 loops=305)
                    Index Cond: (id = mk.movie_id)
                    Heap Fetches: 305
Planning time: 1.208 ms
Execution time: 6617.963 ms
