Hash Join  (cost=58375.53..145683.09 rows=5 width=0) (actual time=1887.365..2049.531 rows=37 loops=1)
  Hash Cond: (mk.movie_id = t.id)
  ->  Seq Scan on movie_keyword mk  (cost=0.00..81003.12 rows=1681167 width=4) (actual time=0.019..1125.726 rows=1691689 loops=1)
        Filter: (keyword_id > 8547)
        Rows Removed by Filter: 2832241
  ->  Hash  (cost=58375.45..58375.45 rows=7 width=8) (actual time=704.891..704.891 rows=3 loops=1)
        Buckets: 1024  Batches: 1  Memory Usage: 9kB
        ->  Nested Loop  (cost=0.43..58375.45 rows=7 width=8) (actual time=30.705..704.878 rows=3 loops=1)
              ->  Seq Scan on movie_companies mc  (cost=0.00..57926.93 rows=53 width=4) (actual time=30.633..699.574 rows=504 loops=1)
                    Filter: ((company_type_id > 1) AND (company_id = 76202))
                    Rows Removed by Filter: 2608625
              ->  Index Scan using title_pkey on title t  (cost=0.43..8.45 rows=1 width=4) (actual time=0.010..0.010 rows=0 loops=504)
                    Index Cond: (id = mc.movie_id)
                    Filter: ((kind_id < 7) AND (production_year > 2006))
                    Rows Removed by Filter: 1
Planning time: 1.209 ms
Execution time: 2049.728 ms
