Hash Join  (cost=80267.30..212422.92 rows=579648 width=0) (actual time=1078.709..4517.162 rows=1796643 loops=1)
  Hash Cond: (mk.movie_id = t.id)
  ->  Seq Scan on movie_keyword mk  (cost=0.00..81003.12 rows=3792003 width=4) (actual time=0.024..1459.838 rows=3784288 loops=1)
        Filter: (keyword_id < 25402)
        Rows Removed by Filter: 739642
  ->  Hash  (cost=73925.90..73925.90 rows=386512 width=4) (actual time=1077.824..1077.824 rows=494694 loops=1)
        Buckets: 131072  Batches: 8  Memory Usage: 3216kB
        ->  Seq Scan on title t  (cost=0.00..73925.90 rows=386512 width=4) (actual time=0.054..929.935 rows=494694 loops=1)
              Filter: ((kind_id < 4) AND (production_year < 2002))
              Rows Removed by Filter: 2033618
Planning time: 0.807 ms
Execution time: 4721.753 ms
