Hash Join  (cost=188888.50..230819.10 rows=247012 width=0) (actual time=2679.965..3565.484 rows=225927 loops=1)
  Hash Cond: (mi_idx.movie_id = t.id)
  ->  Seq Scan on movie_info_idx mi_idx  (cost=0.00..21735.35 rows=1380035 width=4) (actual time=0.017..302.064 rows=1380035 loops=1)
  ->  Hash  (cost=181463.23..181463.23 rows=452581 width=8) (actual time=2679.243..2679.243 rows=138879 loops=1)
        Buckets: 131072  Batches: 8  Memory Usage: 1714kB
        ->  Hash Join  (cost=102767.86..181463.23 rows=452581 width=8) (actual time=1855.667..2647.066 rows=138879 loops=1)
              Hash Cond: (mc.movie_id = t.id)
              ->  Seq Scan on movie_companies mc  (cost=0.00..57926.93 rows=452581 width=4) (actual time=207.710..634.204 rows=138879 loops=1)
                    Filter: ((company_id > 19443) AND (company_type_id = 1))
                    Rows Removed by Filter: 2470250
              ->  Hash  (cost=61283.27..61283.27 rows=2528527 width=4) (actual time=1646.101..1646.101 rows=2528312 loops=1)
                    Buckets: 131072  Batches: 64  Memory Usage: 2415kB
                    ->  Seq Scan on title t  (cost=0.00..61283.27 rows=2528527 width=4) (actual time=0.019..788.620 rows=2528312 loops=1)
Planning time: 0.794 ms
Execution time: 3594.350 ms
