Seq Scan on movie_companies mc  (cost=0.00..51404.11 rows=2609 width=0) (actual time=1.910..606.506 rows=2227 loops=1)
  Filter: (company_id = 10583)
  Rows Removed by Filter: 2606902
Planning time: 0.379 ms
Execution time: 607.028 ms
