Hash Join  (cost=203640.92..581092.98 rows=403022 width=0) (actual time=5213.748..17873.171 rows=27498867 loops=1)
  Hash Cond: (mi.movie_id = t.id)
  ->  Seq Scan on movie_info mi  (cost=0.00..346232.03 rows=2194617 width=4) (actual time=0.025..5592.576 rows=2233850 loops=1)
        Filter: (info_type_id > 16)
        Rows Removed by Filter: 12601870
  ->  Hash  (cost=196022.65..196022.65 rows=464342 width=8) (actual time=5203.022..5203.022 rows=1370590 loops=1)
        Buckets: 131072 (originally 131072)  Batches: 32 (originally 8)  Memory Usage: 3073kB
        ->  Hash Join  (cost=82581.58..196022.65 rows=464342 width=8) (actual time=1748.051..4774.323 rows=1370590 loops=1)
              Hash Cond: (mk.movie_id = t.id)
              ->  Seq Scan on movie_keyword mk  (cost=0.00..81003.12 rows=2225473 width=4) (actual time=0.023..1595.215 rows=2220955 loops=1)
                    Filter: (keyword_id < 4536)
                    Rows Removed by Filter: 2302975
              ->  Hash  (cost=73925.90..73925.90 rows=527574 width=4) (actual time=1747.235..1747.235 rows=609532 loops=1)
                    Buckets: 131072  Batches: 8  Memory Usage: 3723kB
                    ->  Seq Scan on title t  (cost=0.00..73925.90 rows=527574 width=4) (actual time=0.020..1274.894 rows=609532 loops=1)
                          Filter: ((kind_id < 7) AND (production_year < 2005))
                          Rows Removed by Filter: 1918780
Planning time: 1.158 ms
Execution time: 20837.220 ms
