Seq Scan on movie_keyword mk  (cost=0.00..81003.12 rows=2969607 width=0) (actual time=0.025..1357.748 rows=2954625 loops=1)
  Filter: (keyword_id < 9986)
  Rows Removed by Filter: 1569305
Planning time: 0.321 ms
Execution time: 1750.375 ms
