Hash Join  (cost=199292.48..245139.86 rows=475290 width=0) (actual time=3592.748..5057.321 rows=1227144 loops=1)
  Hash Cond: (mi_idx.movie_id = t.id)
  ->  Seq Scan on movie_info_idx mi_idx  (cost=0.00..21735.35 rows=1380035 width=4) (actual time=0.019..370.008 rows=1380035 loops=1)
  ->  Hash  (cost=185005.04..185005.04 rows=870835 width=8) (actual time=3591.284..3591.284 rows=877307 loops=1)
        Buckets: 131072  Batches: 16  Memory Usage: 3175kB
        ->  Hash Join  (cost=102767.86..185005.04 rows=870835 width=8) (actual time=1671.470..3359.453 rows=877307 loops=1)
              Hash Cond: (mc.movie_id = t.id)
              ->  Seq Scan on movie_companies mc  (cost=0.00..51404.11 rows=870835 width=4) (actual time=0.024..707.383 rows=877307 loops=1)
                    Filter: (company_id > 23057)
                    Rows Removed by Filter: 1731822
              ->  Hash  (cost=61283.27..61283.27 rows=2528527 width=4) (actual time=1670.226..1670.226 rows=2528312 loops=1)
                    Buckets: 131072  Batches: 64  Memory Usage: 2415kB
                    ->  Seq Scan on title t  (cost=0.00..61283.27 rows=2528527 width=4) (actual time=0.017..842.515 rows=2528312 loops=1)
Planning time: 1.125 ms
Execution time: 5195.577 ms
