Seq Scan on movie_keyword mk  (cost=0.00..81003.12 rows=246 width=0) (actual time=0.075..1005.242 rows=712 loops=1)
  Filter: (keyword_id = 815)
  Rows Removed by Filter: 4523218
Planning time: 0.373 ms
Execution time: 1005.518 ms
