Hash Join  (cost=241528.94..1175588.61 rows=6078022 width=0) (actual time=8067.420..22085.352 rows=3433239 loops=1)
  Hash Cond: (ci.movie_id = t.id)
  ->  Seq Scan on cast_info ci  (cost=0.00..705507.15 rows=12726058 width=4) (actual time=3508.708..11401.038 rows=12670688 loops=1)
        Filter: (role_id < 2)
        Rows Removed by Filter: 23573656
  ->  Hash  (cost=221715.49..221715.49 rows=1207636 width=8) (actual time=4557.230..4557.230 rows=309184 loops=1)
        Buckets: 131072  Batches: 16  Memory Usage: 1805kB
        ->  Hash Join  (cost=85000.09..221715.49 rows=1207636 width=8) (actual time=3104.296..4460.592 rows=309184 loops=1)
              Hash Cond: (mk.movie_id = t.id)
              ->  Seq Scan on movie_keyword mk  (cost=0.00..69693.30 rows=4523930 width=4) (actual time=0.019..1142.248 rows=4523930 loops=1)
              ->  Hash  (cost=73925.90..73925.90 rows=674975 width=4) (actual time=1234.329..1234.329 rows=739679 loops=1)
                    Buckets: 131072  Batches: 16  Memory Usage: 2660kB
                    ->  Seq Scan on title t  (cost=0.00..73925.90 rows=674975 width=4) (actual time=0.029..1001.707 rows=739679 loops=1)
                          Filter: ((production_year > 2004) AND (kind_id = 7))
                          Rows Removed by Filter: 1788633
Planning time: 0.802 ms
Execution time: 22474.502 ms
