Seq Scan on cast_info ci  (cost=0.00..796071.18 rows=10916627 width=0) (actual time=0.029..11984.199 rows=16938813 loops=1)
  Filter: ((person_id > 1930338) AND (role_id > 1))
  Rows Removed by Filter: 19305531
Planning time: 0.349 ms
Execution time: 14033.233 ms
