Seq Scan on movie_keyword mk  (cost=0.00..81003.12 rows=246 width=0) (actual time=4.677..1157.522 rows=457 loops=1)
  Filter: (keyword_id = 15565)
  Rows Removed by Filter: 4523473
Planning time: 0.353 ms
Execution time: 1157.791 ms
