Nested Loop  (cost=0.43..83071.67 rows=246 width=0) (actual time=0.371..1071.870 rows=1632 loops=1)
  ->  Seq Scan on movie_keyword mk  (cost=0.00..81003.12 rows=246 width=4) (actual time=0.323..1034.241 rows=1632 loops=1)
        Filter: (keyword_id = 5831)
        Rows Removed by Filter: 4522298
  ->  Index Only Scan using title_pkey on title t  (cost=0.43..8.40 rows=1 width=4) (actual time=0.022..0.022 rows=1 loops=1632)
        Index Cond: (id = mk.movie_id)
        Heap Fetches: 1632
Planning time: 0.766 ms
Execution time: 1072.469 ms
