Seq Scan on cast_info ci  (cost=0.00..705507.15 rows=24008269 width=0) (actual time=0.025..10570.702 rows=24119259 loops=1)
  Filter: (person_id > 1193895)
  Rows Removed by Filter: 12125085
Planning time: 0.321 ms
Execution time: 13519.627 ms
