Seq Scan on movie_companies mc  (cost=0.00..51404.11 rows=104 width=0) (actual time=95.434..689.426 rows=4 loops=1)
  Filter: (company_id = 147155)
  Rows Removed by Filter: 2609125
Planning time: 0.440 ms
Execution time: 689.505 ms
