Hash Join  (cost=86421.94..121202.18 rows=136784 width=0) (actual time=1301.450..2031.470 rows=236070 loops=1)
  Hash Cond: (mi_idx.movie_id = t.id)
  ->  Seq Scan on movie_info_idx mi_idx  (cost=0.00..25185.44 rows=454124 width=4) (actual time=0.026..350.533 rows=459925 loops=1)
        Filter: (info_type_id = 100)
        Rows Removed by Filter: 920110
  ->  Hash  (cost=73925.90..73925.90 rows=761603 width=4) (actual time=1300.248..1300.248 rows=670584 loops=1)
        Buckets: 131072  Batches: 16  Memory Usage: 2498kB
        ->  Seq Scan on title t  (cost=0.00..73925.90 rows=761603 width=4) (actual time=0.021..1084.786 rows=670584 loops=1)
              Filter: ((kind_id < 7) AND (production_year > 1979))
              Rows Removed by Filter: 1857728
Planning time: 0.803 ms
Execution time: 2058.339 ms
