Seq Scan on cast_info ci  (cost=0.00..705507.15 rows=500 width=0) (actual time=5715.741..8820.802 rows=103 loops=1)
  Filter: (person_id = 2847747)
  Rows Removed by Filter: 36244241
Planning time: 0.392 ms
Execution time: 8820.911 ms
