Hash Join  (cost=157148.55..1203351.58 rows=1206987 width=0) (actual time=2727.125..25445.968 rows=1712970 loops=1)
  Hash Cond: (ci.movie_id = t.id)
  ->  Seq Scan on cast_info ci  (cost=0.00..614943.12 rows=36225612 width=4) (actual time=0.012..9902.439 rows=36244344 loops=1)
  ->  Hash  (cost=155765.46..155765.46 rows=84247 width=8) (actual time=2726.305..2726.305 rows=67641 loops=1)
        Buckets: 131072  Batches: 2  Memory Usage: 2345kB
        ->  Hash Join  (cost=90601.07..155765.46 rows=84247 width=8) (actual time=1558.713..2705.864 rows=67641 loops=1)
              Hash Cond: (mc.movie_id = t.id)
              ->  Seq Scan on movie_companies mc  (cost=0.00..57926.93 rows=209597 width=4) (actual time=0.021..775.558 rows=414337 loops=1)
                    Filter: ((company_id > 80587) AND (company_type_id > 1))
                    Rows Removed by Filter: 2194792
              ->  Hash  (cost=73925.90..73925.90 rows=1016333 width=4) (actual time=1556.762..1556.762 rows=1107438 loops=1)
                    Buckets: 131072  Batches: 16  Memory Usage: 3463kB
                    ->  Seq Scan on title t  (cost=0.00..73925.90 rows=1016333 width=4) (actual time=0.013..1216.724 rows=1107438 loops=1)
                          Filter: ((kind_id > 1) AND (production_year > 2000))
                          Rows Removed by Filter: 1420874
Planning time: 1.223 ms
Execution time: 25662.733 ms
