Hash Join  (cost=102680.41..157765.04 rows=41909 width=0) (actual time=1541.522..3132.435 rows=304539 loops=1)
  Hash Cond: (mc.movie_id = t.id)
  ->  Seq Scan on movie_companies mc  (cost=0.00..44881.29 rows=2609129 width=4) (actual time=0.028..503.823 rows=2609129 loops=1)
  ->  Hash  (cost=102172.72..102172.72 rows=40615 width=8) (actual time=1541.020..1541.020 rows=104997 loops=1)
        Buckets: 131072 (originally 65536)  Batches: 2 (originally 1)  Memory Usage: 3082kB
        ->  Hash Join  (cost=74856.09..102172.72 rows=40615 width=8) (actual time=1014.596..1500.764 rows=104997 loops=1)
              Hash Cond: (mi_idx.movie_id = t.id)
              ->  Seq Scan on movie_info_idx mi_idx  (cost=0.00..21735.35 rows=1380035 width=4) (actual time=0.018..238.144 rows=1380035 loops=1)
              ->  Hash  (cost=73925.90..73925.90 rows=74415 width=4) (actual time=884.073..884.073 rows=82275 loops=1)
                    Buckets: 131072  Batches: 1  Memory Usage: 3917kB
                    ->  Seq Scan on title t  (cost=0.00..73925.90 rows=74415 width=4) (actual time=57.942..854.385 rows=82275 loops=1)
                          Filter: ((production_year > 1970) AND (kind_id = 2))
                          Rows Removed by Filter: 2446037
Planning time: 1.158 ms
Execution time: 3171.082 ms
