Hash Join  (cost=91342.70..236470.60 rows=1935727 width=0) (actual time=1558.950..5161.164 rows=2407263 loops=1)
  Hash Cond: (mk.movie_id = t.id)
  ->  Seq Scan on movie_keyword mk  (cost=0.00..81003.12 rows=3382802 width=4) (actual time=0.009..1253.889 rows=3370802 loops=1)
        Filter: (keyword_id > 1324)
        Rows Removed by Filter: 1153128
  ->  Hash  (cost=67604.59..67604.59 rows=1446889 width=4) (actual time=1557.867..1557.867 rows=1443298 loops=1)
        Buckets: 131072  Batches: 32  Memory Usage: 2616kB
        ->  Seq Scan on title t  (cost=0.00..67604.59 rows=1446889 width=4) (actual time=0.023..1073.709 rows=1443298 loops=1)
              Filter: (production_year < 2006)
              Rows Removed by Filter: 1085014
Planning time: 1.207 ms
Execution time: 5435.248 ms
