Hash Join  (cost=75580.59..106722.98 rows=18545 width=0) (actual time=992.788..1576.272 rows=27355 loops=1)
  Hash Cond: (mi_idx.movie_id = t.id)
  ->  Seq Scan on movie_info_idx mi_idx  (cost=0.00..25185.44 rows=464934 width=4) (actual time=0.018..408.603 rows=460185 loops=1)
        Filter: (info_type_id > 100)
        Rows Removed by Filter: 919850
  ->  Hash  (cost=73925.90..73925.90 rows=100855 width=4) (actual time=991.999..991.999 rows=111586 loops=1)
        Buckets: 131072  Batches: 2  Memory Usage: 2982kB
        ->  Seq Scan on title t  (cost=0.00..73925.90 rows=100855 width=4) (actual time=10.248..953.584 rows=111586 loops=1)
              Filter: ((production_year < 2012) AND (kind_id = 4))
              Rows Removed by Filter: 2416726
Planning time: 0.827 ms
Execution time: 1579.469 ms
