Seq Scan on cast_info ci  (cost=0.00..796071.18 rows=11099273 width=0) (actual time=505.008..12798.651 rows=5824023 loops=1)
  Filter: ((person_id < 2559154) AND (role_id > 2))
  Rows Removed by Filter: 30420321
Planning time: 0.380 ms
Execution time: 13558.391 ms
