Seq Scan on cast_info ci  (cost=0.00..705507.15 rows=500 width=0) (actual time=1359.598..8535.895 rows=3 loops=1)
  Filter: (person_id = 3432036)
  Rows Removed by Filter: 36244341
Planning time: 0.356 ms
Execution time: 8536.002 ms
