Hash Join  (cost=83072.91..109961.33 rows=1 width=0) (actual time=1663.836..1888.681 rows=1 loops=1)
  Hash Cond: (mi_idx.movie_id = t.id)
  ->  Seq Scan on movie_info_idx mi_idx  (cost=0.00..25185.44 rows=454124 width=4) (actual time=0.012..499.388 rows=459925 loops=1)
        Filter: (info_type_id = 100)
        Rows Removed by Filter: 920110
  ->  Hash  (cost=83072.90..83072.90 rows=1 width=8) (actual time=1324.486..1324.486 rows=1 loops=1)
        Buckets: 1024  Batches: 1  Memory Usage: 9kB
        ->  Nested Loop  (cost=0.43..83072.90 rows=1 width=8) (actual time=1071.765..1324.477 rows=1 loops=1)
              ->  Seq Scan on movie_keyword mk  (cost=0.00..81003.12 rows=246 width=4) (actual time=58.106..1320.311 rows=41 loops=1)
                    Filter: (keyword_id = 40588)
                    Rows Removed by Filter: 4523889
              ->  Index Scan using title_pkey on title t  (cost=0.43..8.40 rows=1 width=4) (actual time=0.097..0.097 rows=0 loops=41)
                    Index Cond: (id = mk.movie_id)
                    Filter: ((kind_id = 1) AND (production_year = 1968))
                    Rows Removed by Filter: 1
Planning time: 0.824 ms
Execution time: 1888.782 ms
