Seq Scan on movie_companies mc  (cost=0.00..57926.93 rows=871420 width=0) (actual time=323.542..830.838 rows=688658 loops=1)
  Filter: ((company_id > 2020) AND (company_type_id < 2))
  Rows Removed by Filter: 1920471
Planning time: 0.321 ms
Execution time: 919.117 ms
