Hash Join  (cost=191581.36..331984.38 rows=1510298 width=0) (actual time=3481.296..6912.228 rows=1729136 loops=1)
  Hash Cond: (mk.movie_id = t.id)
  ->  Seq Scan on movie_keyword mk  (cost=0.00..69693.30 rows=4523930 width=4) (actual time=0.021..1164.325 rows=4523930 loops=1)
  ->  Hash  (cost=177731.61..177731.61 rows=844140 width=8) (actual time=3480.038..3480.038 rows=423110 loops=1)
        Buckets: 131072  Batches: 16  Memory Usage: 2053kB
        ->  Hash Join  (cost=94973.51..177731.61 rows=844140 width=8) (actual time=1565.926..3360.211 rows=423110 loops=1)
              Hash Cond: (mc.movie_id = t.id)
              ->  Seq Scan on movie_companies mc  (cost=0.00..51404.11 rows=1279517 width=4) (actual time=0.015..830.632 rows=1274246 loops=1)
                    Filter: (company_type_id = 1)
                    Rows Removed by Filter: 1334883
              ->  Hash  (cost=67604.59..67604.59 rows=1668154 width=4) (actual time=1565.081..1565.081 rows=1674098 loops=1)
                    Buckets: 131072  Batches: 32  Memory Usage: 2869kB
                    ->  Seq Scan on title t  (cost=0.00..67604.59 rows=1668154 width=4) (actual time=0.015..1030.323 rows=1674098 loops=1)
                          Filter: (kind_id > 3)
                          Rows Removed by Filter: 854214
Planning time: 1.119 ms
Execution time: 7107.089 ms
