Hash Join  (cost=579223.15..1871155.00 rows=7495656 width=0) (actual time=10539.734..40981.210 rows=18383817 loops=1)
  Hash Cond: (ci.movie_id = t.id)
  ->  Seq Scan on cast_info ci  (cost=0.00..614943.12 rows=36225612 width=4) (actual time=0.012..9981.777 rows=36244344 loops=1)
  ->  Hash  (cost=570639.24..570639.24 rows=523193 width=8) (actual time=10538.961..10538.961 rows=717446 loops=1)
        Buckets: 131072 (originally 131072)  Batches: 16 (originally 8)  Memory Usage: 3073kB
        ->  Hash Join  (cost=69283.60..570639.24 rows=523193 width=8) (actual time=874.480..10294.501 rows=717446 loops=1)
              Hash Cond: (mi.movie_id = t.id)
              ->  Seq Scan on movie_info mi  (cost=0.00..346232.03 rows=12928982 width=4) (actual time=12.852..4905.004 rows=12970088 loops=1)
                    Filter: (info_type_id < 18)
                    Rows Removed by Filter: 1865632
              ->  Hash  (cost=67604.59..67604.59 rows=102321 width=4) (actual time=775.914..775.914 rows=100537 loops=1)
                    Buckets: 131072  Batches: 2  Memory Usage: 2803kB
                    ->  Seq Scan on title t  (cost=0.00..67604.59 rows=102321 width=4) (actual time=0.033..741.508 rows=100537 loops=1)
                          Filter: (kind_id = 3)
                          Rows Removed by Filter: 2427775
Planning time: 0.812 ms
Execution time: 42829.571 ms
