Hash Join  (cost=102767.86..296212.67 rows=4262381 width=0) (actual time=1641.775..6405.879 rows=4263679 loops=1)
  Hash Cond: (mk.movie_id = t.id)
  ->  Seq Scan on movie_keyword mk  (cost=0.00..81003.12 rows=4262381 width=4) (actual time=0.022..1379.122 rows=4263679 loops=1)
        Filter: (keyword_id < 59320)
        Rows Removed by Filter: 260251
  ->  Hash  (cost=61283.27..61283.27 rows=2528527 width=4) (actual time=1641.056..1641.056 rows=2528312 loops=1)
        Buckets: 131072  Batches: 64  Memory Usage: 2425kB
        ->  Seq Scan on title t  (cost=0.00..61283.27 rows=2528527 width=4) (actual time=0.022..764.684 rows=2528312 loops=1)
Planning time: 0.777 ms
Execution time: 6859.325 ms
