Hash Join  (cost=231674.26..788785.32 rows=5518325 width=0) (actual time=5710.247..56655.621 rows=173793940 loops=1)
  Hash Cond: (mi.movie_id = t.id)
  ->  Seq Scan on movie_info mi  (cost=0.00..309384.22 rows=14739122 width=4) (actual time=0.015..4453.756 rows=14835720 loops=1)
  ->  Hash  (cost=216142.76..216142.76 rows=946680 width=8) (actual time=5709.523..5709.523 rows=2636753 loops=1)
        Buckets: 131072 (originally 131072)  Batches: 64 (originally 16)  Memory Usage: 3073kB
        ->  Hash Join  (cost=82606.92..216142.76 rows=946680 width=8) (actual time=1031.896..4911.163 rows=2636753 loops=1)
              Hash Cond: (mk.movie_id = t.id)
              ->  Seq Scan on movie_keyword mk  (cost=0.00..69693.30 rows=4523930 width=4) (actual time=0.011..1199.606 rows=4523930 loops=1)
              ->  Hash  (cost=73925.90..73925.90 rows=529121 width=4) (actual time=1031.012..1031.012 rows=594471 loops=1)
                    Buckets: 131072  Batches: 8  Memory Usage: 3661kB
                    ->  Seq Scan on title t  (cost=0.00..73925.90 rows=529121 width=4) (actual time=0.022..853.029 rows=594471 loops=1)
                          Filter: ((kind_id < 4) AND (production_year < 2007))
                          Rows Removed by Filter: 1933841
Planning time: 0.864 ms
Execution time: 74632.286 ms
