Hash Join  (cost=74071.18..135686.98 rows=4467 width=0) (actual time=918.169..1894.395 rows=10851 loops=1)
  Hash Cond: (mc.movie_id = t.id)
  ->  Seq Scan on movie_companies mc  (cost=0.00..57926.93 rows=971785 width=4) (actual time=150.884..897.792 rows=1260785 loops=1)
        Filter: ((company_id < 59278) AND (company_type_id < 2))
        Rows Removed by Filter: 1348344
  ->  Hash  (cost=73925.90..73925.90 rows=11622 width=4) (actual time=766.586..766.586 rows=11141 loops=1)
        Buckets: 16384  Batches: 1  Memory Usage: 520kB
        ->  Seq Scan on title t  (cost=0.00..73925.90 rows=11622 width=4) (actual time=0.030..761.875 rows=11141 loops=1)
              Filter: ((kind_id < 7) AND (production_year = 1994))
              Rows Removed by Filter: 2517171
Planning time: 0.807 ms
Execution time: 1896.391 ms
