Seq Scan on cast_info ci  (cost=0.00..796071.18 rows=2529631 width=0) (actual time=5411.011..11544.685 rows=3739273 loops=1)
  Filter: ((person_id > 1471429) AND (role_id = 10))
  Rows Removed by Filter: 32505071
Planning time: 0.394 ms
Execution time: 12021.233 ms
