Hash Join  (cost=96651.52..225828.17 rows=1457896 width=0) (actual time=1538.665..4101.546 rows=695303 loops=1)
  Hash Cond: (mk.movie_id = t.id)
  ->  Seq Scan on movie_keyword mk  (cost=0.00..81003.12 rows=2082113 width=4) (actual time=0.021..1297.331 rows=2081375 loops=1)
        Filter: (keyword_id > 5815)
        Rows Removed by Filter: 2442555
  ->  Hash  (cost=67604.59..67604.59 rows=1770475 width=4) (actual time=1537.246..1537.246 rows=1774635 loops=1)
        Buckets: 131072  Batches: 32  Memory Usage: 2984kB
        ->  Seq Scan on title t  (cost=0.00..67604.59 rows=1770475 width=4) (actual time=0.021..976.678 rows=1774635 loops=1)
              Filter: (kind_id > 2)
              Rows Removed by Filter: 753677
Planning time: 0.774 ms
Execution time: 4165.628 ms
