Hash Join  (cost=709677.75..1074355.13 rows=2145 width=0) (actual time=9253.187..14829.033 rows=101 loops=1)
  Hash Cond: (mi.movie_id = t.id)
  ->  Seq Scan on movie_info mi  (cost=0.00..309384.22 rows=14739122 width=4) (actual time=0.012..2983.593 rows=14835720 loops=1)
  ->  Hash  (cost=709673.15..709673.15 rows=368 width=8) (actual time=9087.911..9087.911 rows=16 loops=1)
        Buckets: 1024  Batches: 1  Memory Usage: 9kB
        ->  Nested Loop  (cost=0.43..709673.15 rows=368 width=8) (actual time=2670.839..9087.888 rows=16 loops=1)
              ->  Seq Scan on cast_info ci  (cost=0.00..705507.15 rows=500 width=4) (actual time=2670.727..9087.505 rows=18 loops=1)
                    Filter: (person_id = 181587)
                    Rows Removed by Filter: 36244326
              ->  Index Scan using title_pkey on title t  (cost=0.43..8.32 rows=1 width=4) (actual time=0.019..0.019 rows=1 loops=18)
                    Index Cond: (id = ci.movie_id)
                    Filter: (kind_id > 1)
                    Rows Removed by Filter: 0
Planning time: 1.194 ms
Execution time: 14829.275 ms
