Nested Loop  (cost=0.43..87795.75 rows=1550 width=0) (actual time=5.660..687.635 rows=271 loops=1)
  ->  Seq Scan on movie_companies mc  (cost=0.00..57926.93 rows=3967 width=4) (actual time=5.597..668.442 rows=413 loops=1)
        Filter: ((company_type_id < 2) AND (company_id = 424))
        Rows Removed by Filter: 2608716
  ->  Index Scan using title_pkey on title t  (cost=0.43..7.52 rows=1 width=4) (actual time=0.045..0.045 rows=1 loops=413)
        Index Cond: (id = mc.movie_id)
        Filter: (kind_id < 7)
        Rows Removed by Filter: 0
Planning time: 0.777 ms
Execution time: 687.844 ms
