Hash Join  (cost=427736.27..486753.94 rows=40138 width=0) (actual time=5485.880..6641.066 rows=48466 loops=1)
  Hash Cond: (mc.movie_id = t.id)
  ->  Seq Scan on movie_companies mc  (cost=0.00..51404.11 rows=1923248 width=4) (actual time=0.018..747.628 rows=1929254 loops=1)
        Filter: (company_id > 1135)
        Rows Removed by Filter: 679875
  ->  Hash  (cost=427076.64..427076.64 rows=52770 width=8) (actual time=5484.870..5484.870 rows=46257 loops=1)
        Buckets: 65536  Batches: 1  Memory Usage: 2319kB
        ->  Hash Join  (cost=70308.29..427076.64 rows=52770 width=8) (actual time=1987.977..5465.744 rows=46257 loops=1)
              Hash Cond: (mi.movie_id = t.id)
              ->  Seq Scan on movie_info mi  (cost=0.00..346232.03 rows=809768 width=4) (actual time=1133.542..4218.335 rows=802140 loops=1)
                    Filter: (info_type_id < 2)
                    Rows Removed by Filter: 14033580
              ->  Hash  (cost=67604.59..67604.59 rows=164776 width=4) (actual time=853.401..853.401 rows=164307 loops=1)
                    Buckets: 131072  Batches: 4  Memory Usage: 2488kB
                    ->  Seq Scan on title t  (cost=0.00..67604.59 rows=164776 width=4) (actual time=0.044..794.596 rows=164307 loops=1)
                          Filter: (production_year = 2012)
                          Rows Removed by Filter: 2364005
Planning time: 0.829 ms
Execution time: 6648.314 ms
