Hash Join  (cost=81043.12..190509.47 rows=345842 width=0) (actual time=1057.905..3578.898 rows=1007814 loops=1)
  Hash Cond: (mk.movie_id = t.id)
  ->  Seq Scan on movie_keyword mk  (cost=0.00..81003.12 rows=2015948 width=4) (actual time=0.015..1122.089 rows=2020214 loops=1)
        Filter: (keyword_id > 6124)
        Rows Removed by Filter: 2503716
  ->  Hash  (cost=73925.90..73925.90 rows=433777 width=4) (actual time=1056.816..1056.816 rows=496765 loops=1)
        Buckets: 131072  Batches: 8  Memory Usage: 3228kB
        ->  Seq Scan on title t  (cost=0.00..73925.90 rows=433777 width=4) (actual time=0.023..895.277 rows=496765 loops=1)
              Filter: ((kind_id < 3) AND (production_year < 2006))
              Rows Removed by Filter: 2031547
Planning time: 0.775 ms
Execution time: 3701.444 ms
