Seq Scan on movie_companies mc  (cost=0.00..51404.11 rows=756677 width=0) (actual time=0.025..784.376 rows=762002 loops=1)
  Filter: (company_id > 35166)
  Rows Removed by Filter: 1847127
Planning time: 0.325 ms
Execution time: 892.149 ms
