Hash Join  (cost=162085.33..580769.14 rows=280499 width=0) (actual time=3027.268..16923.154 rows=8962871 loops=1)
  Hash Cond: (mi.movie_id = t.id)
  ->  Seq Scan on movie_info mi  (cost=0.00..346232.03 rows=13929354 width=4) (actual time=0.012..6929.780 rows=14033580 loops=1)
        Filter: (info_type_id > 1)
        Rows Removed by Filter: 802140
  ->  Hash  (cost=161448.86..161448.86 rows=50918 width=8) (actual time=3026.461..3026.461 rows=91520 loops=1)
        Buckets: 131072 (originally 65536)  Batches: 2 (originally 1)  Memory Usage: 3073kB
        ->  Hash Join  (cost=74281.64..161448.86 rows=50918 width=8) (actual time=1138.409..2993.531 rows=91520 loops=1)
              Hash Cond: (mk.movie_id = t.id)
              ->  Seq Scan on movie_keyword mk  (cost=0.00..69693.30 rows=4523930 width=4) (actual time=0.007..1000.073 rows=4523930 loops=1)
              ->  Hash  (cost=73925.90..73925.90 rows=28459 width=4) (actual time=1138.142..1138.142 rows=16117 loops=1)
                    Buckets: 32768  Batches: 1  Memory Usage: 823kB
                    ->  Seq Scan on title t  (cost=0.00..73925.90 rows=28459 width=4) (actual time=241.902..1131.188 rows=16117 loops=1)
                          Filter: ((kind_id = 1) AND (production_year = 2006))
                          Rows Removed by Filter: 2512195
Planning time: 0.992 ms
Execution time: 17929.047 ms
