Hash Join  (cost=97066.09..186703.92 rows=1113277 width=0) (actual time=1645.794..3686.920 rows=1268173 loops=1)
  Hash Cond: (mc.movie_id = t.id)
  ->  Seq Scan on movie_companies mc  (cost=0.00..51404.11 rows=1567589 width=4) (actual time=0.025..862.078 rows=1558584 loops=1)
        Filter: (company_id < 14947)
        Rows Removed by Filter: 1050545
  ->  Hash  (cost=67604.59..67604.59 rows=1795720 width=4) (actual time=1644.490..1644.490 rows=1794153 loops=1)
        Buckets: 131072  Batches: 32  Memory Usage: 2992kB
        ->  Seq Scan on title t  (cost=0.00..67604.59 rows=1795720 width=4) (actual time=0.011..1068.465 rows=1794153 loops=1)
              Filter: (production_year < 2009)
              Rows Removed by Filter: 734159
Planning time: 0.726 ms
Execution time: 3789.649 ms
