Hash Join  (cost=137413.28..232630.56 rows=114962 width=0) (actual time=2437.856..3946.342 rows=61529 loops=1)
  Hash Cond: (mk.movie_id = t.id)
  ->  Seq Scan on movie_keyword mk  (cost=0.00..81003.12 rows=1034811 width=4) (actual time=0.024..1141.686 rows=1034765 loops=1)
        Filter: (keyword_id < 1025)
        Rows Removed by Filter: 3489165
  ->  Hash  (cost=132803.96..132803.96 rows=280905 width=8) (actual time=2353.359..2353.359 rows=141906 loops=1)
        Buckets: 131072  Batches: 4  Memory Usage: 2413kB
        ->  Hash Join  (cost=92883.59..132803.96 rows=280905 width=8) (actual time=1472.598..2309.421 rows=141906 loops=1)
              Hash Cond: (mi_idx.movie_id = t.id)
              ->  Seq Scan on movie_info_idx mi_idx  (cost=0.00..25185.44 rows=460978 width=4) (actual time=0.013..333.641 rows=459925 loops=1)
                    Filter: (info_type_id < 100)
                    Rows Removed by Filter: 920110
              ->  Hash  (cost=67604.59..67604.59 rows=1540800 width=4) (actual time=1471.737..1471.737 rows=1543264 loops=1)
                    Buckets: 131072  Batches: 32  Memory Usage: 2722kB
                    ->  Seq Scan on title t  (cost=0.00..67604.59 rows=1540800 width=4) (actual time=115.889..977.964 rows=1543264 loops=1)
                          Filter: (kind_id = 7)
                          Rows Removed by Filter: 985048
Planning time: 1.144 ms
Execution time: 3955.259 ms
