Hash Join  (cost=90606.68..175845.05 rows=6791 width=0) (actual time=2497.581..3069.271 rows=175 loops=1)
  Hash Cond: (mk.movie_id = t.id)
  ->  Seq Scan on movie_keyword mk  (cost=0.00..81003.12 rows=16889 width=4) (actual time=0.127..855.576 rows=14120 loops=1)
        Filter: (keyword_id = 1382)
        Rows Removed by Filter: 4509810
  ->  Hash  (cost=73925.90..73925.90 rows=1016702 width=4) (actual time=2043.992..2043.992 rows=960113 loops=1)
        Buckets: 131072  Batches: 16  Memory Usage: 3141kB
        ->  Seq Scan on title t  (cost=0.00..73925.90 rows=1016702 width=4) (actual time=62.960..1054.644 rows=960113 loops=1)
              Filter: ((production_year < 2008) AND (kind_id = 7))
              Rows Removed by Filter: 1568199
Planning time: 0.735 ms
Execution time: 3069.390 ms
