Hash Join  (cost=190238.64..710294.00 rows=3772143 width=0) (actual time=3346.246..16908.181 rows=10055337 loops=1)
  Hash Cond: (mi.movie_id = t.id)
  ->  Seq Scan on movie_info mi  (cost=0.00..309384.22 rows=14739122 width=4) (actual time=0.014..3922.287 rows=14835720 loops=1)
  ->  Hash  (cost=179621.65..179621.65 rows=647119 width=8) (actual time=3345.336..3345.336 rows=652793 loops=1)
        Buckets: 131072  Batches: 16  Memory Usage: 2641kB
        ->  Hash Join  (cost=102767.86..179621.65 rows=647119 width=8) (actual time=1612.853..3169.658 rows=652793 loops=1)
              Hash Cond: (mc.movie_id = t.id)
              ->  Seq Scan on movie_companies mc  (cost=0.00..51404.11 rows=647119 width=4) (actual time=0.023..719.801 rows=652793 loops=1)
                    Filter: (company_id > 54275)
                    Rows Removed by Filter: 1956336
              ->  Hash  (cost=61283.27..61283.27 rows=2528527 width=4) (actual time=1610.629..1610.629 rows=2528312 loops=1)
                    Buckets: 131072  Batches: 64  Memory Usage: 2415kB
                    ->  Seq Scan on title t  (cost=0.00..61283.27 rows=2528527 width=4) (actual time=0.026..766.009 rows=2528312 loops=1)
Planning time: 1.099 ms
Execution time: 18031.677 ms
