Seq Scan on cast_info ci  (cost=0.00..796071.18 rows=369 width=0) (actual time=6166.465..12161.523 rows=638 loops=1)
  Filter: ((role_id < 5) AND (person_id = 384745))
  Rows Removed by Filter: 36243706
Planning time: 0.393 ms
Execution time: 12161.690 ms
