Hash Join  (cost=89435.42..1281462.50 rows=11797197 width=0) (actual time=2129.565..34267.765 rows=13134790 loops=1)
  Hash Cond: (ci.movie_id = t.id)
  ->  Seq Scan on cast_info ci  (cost=0.00..705507.15 rows=31554923 width=4) (actual time=850.885..14177.105 rows=31605208 loops=1)
        Filter: (role_id < 10)
        Rows Removed by Filter: 4639136
  ->  Hash  (cost=73925.90..73925.90 rows=945321 width=4) (actual time=1277.740..1277.740 rows=934959 loops=1)
        Buckets: 131072  Batches: 16  Memory Usage: 3079kB
        ->  Seq Scan on title t  (cost=0.00..73925.90 rows=945321 width=4) (actual time=0.028..988.059 rows=934959 loops=1)
              Filter: ((kind_id < 7) AND (production_year > 1912))
              Rows Removed by Filter: 1593353
Planning time: 0.755 ms
Execution time: 35666.852 ms
