Hash Join  (cost=93093.72..249495.04 rows=2247113 width=0) (actual time=1734.204..5292.832 rows=615181 loops=1)
  Hash Cond: (mk.movie_id = t.id)
  ->  Seq Scan on movie_keyword mk  (cost=0.00..81003.12 rows=3657213 width=4) (actual time=0.026..1634.084 rows=3654913 loops=1)
        Filter: (keyword_id > 825)
        Rows Removed by Filter: 869017
  ->  Hash  (cost=67604.59..67604.59 rows=1553611 width=4) (actual time=1732.828..1732.828 rows=1555864 loops=1)
        Buckets: 131072  Batches: 32  Memory Usage: 2740kB
        ->  Seq Scan on title t  (cost=0.00..67604.59 rows=1553611 width=4) (actual time=0.015..1223.456 rows=1555864 loops=1)
              Filter: (kind_id > 4)
              Rows Removed by Filter: 972448
Planning time: 0.567 ms
Execution time: 5359.263 ms
