Hash Join  (cost=67697.55..94648.62 rows=4059 width=0) (actual time=771.656..1310.333 rows=3845 loops=1)
  Hash Cond: (mi_idx.movie_id = t.id)
  ->  Seq Scan on movie_info_idx mi_idx  (cost=0.00..21735.35 rows=1380035 width=4) (actual time=0.041..251.854 rows=1380035 loops=1)
  ->  Hash  (cost=67604.59..67604.59 rows=7437 width=4) (actual time=771.488..771.488 rows=5663 loops=1)
        Buckets: 8192  Batches: 1  Memory Usage: 264kB
        ->  Seq Scan on title t  (cost=0.00..67604.59 rows=7437 width=4) (actual time=0.729..768.734 rows=5663 loops=1)
              Filter: (production_year = 1951)
              Rows Removed by Filter: 2522649
Planning time: 0.785 ms
Execution time: 1311.163 ms
