Nested Loop  (cost=0.43..146991.76 rows=2258 width=0) (actual time=0.195..1192.475 rows=8816 loops=1)
  ->  Seq Scan on movie_keyword mk  (cost=0.00..81003.12 rows=10103 width=4) (actual time=0.149..1037.688 rows=10544 loops=1)
        Filter: (keyword_id = 398)
        Rows Removed by Filter: 4513386
  ->  Index Scan using title_pkey on title t  (cost=0.43..6.52 rows=1 width=4) (actual time=0.014..0.014 rows=1 loops=10544)
        Index Cond: (id = mk.movie_id)
        Filter: ((kind_id < 7) AND (production_year < 2006))
        Rows Removed by Filter: 0
Planning time: 0.753 ms
Execution time: 1195.092 ms
