Hash Join  (cost=148664.74..651892.54 rows=697109 width=0) (actual time=2251.982..12957.413 rows=4516995 loops=1)
  Hash Cond: (mi.movie_id = t.id)
  ->  Seq Scan on movie_info mi  (cost=0.00..346232.03 rows=12928982 width=4) (actual time=0.020..5078.137 rows=12970088 loops=1)
        Filter: (info_type_id < 18)
        Rows Removed by Filter: 1865632
  ->  Hash  (cost=146427.56..146427.56 rows=136334 width=8) (actual time=2251.002..2251.002 rows=177175 loops=1)
        Buckets: 131072 (originally 131072)  Batches: 4 (originally 2)  Memory Usage: 3073kB
        ->  Hash Join  (cost=78556.72..146427.56 rows=136334 width=8) (actual time=1459.517..2187.658 rows=177175 loops=1)
              Hash Cond: (mc.movie_id = t.id)
              ->  Seq Scan on movie_companies mc  (cost=0.00..57926.93 rows=516417 width=4) (actual time=356.329..804.903 rows=224705 loops=1)
                    Filter: ((company_id > 14664) AND (company_type_id < 2))
                    Rows Removed by Filter: 2384424
              ->  Hash  (cost=67604.59..67604.59 rows=667531 width=4) (actual time=1102.284..1102.284 rows=662825 loops=1)
                    Buckets: 131072  Batches: 16  Memory Usage: 2476kB
                    ->  Seq Scan on title t  (cost=0.00..67604.59 rows=667531 width=4) (actual time=341.583..894.739 rows=662825 loops=1)
                          Filter: (kind_id = 1)
                          Rows Removed by Filter: 1865487
Planning time: 1.272 ms
Execution time: 13345.436 ms
