Hash Join  (cost=58358.90..875922.63 rows=603 width=0) (actual time=668.187..16195.994 rows=30488 loops=1)
  Hash Cond: (ci.movie_id = t.id)
  ->  Seq Scan on cast_info ci  (cost=0.00..705507.15 rows=29880145 width=4) (actual time=0.024..10173.645 rows=29990907 loops=1)
        Filter: (person_id > 602240)
        Rows Removed by Filter: 6253437
  ->  Hash  (cost=58358.27..58358.27 rows=51 width=8) (actual time=668.124..668.124 rows=787 loops=1)
        Buckets: 1024  Batches: 1  Memory Usage: 39kB
        ->  Nested Loop  (cost=0.43..58358.27 rows=51 width=8) (actual time=0.101..667.681 rows=787 loops=1)
              ->  Seq Scan on movie_companies mc  (cost=0.00..57926.93 rows=51 width=4) (actual time=0.035..651.768 rows=787 loops=1)
                    Filter: ((company_id = 1129) AND (company_type_id = 1))
                    Rows Removed by Filter: 2608342
              ->  Index Only Scan using title_pkey on title t  (cost=0.43..8.45 rows=1 width=4) (actual time=0.019..0.019 rows=1 loops=787)
                    Index Cond: (id = mc.movie_id)
                    Heap Fetches: 787
Planning time: 1.143 ms
Execution time: 16202.032 ms
