Seq Scan on movie_companies mc  (cost=0.00..51404.11 rows=1359383 width=0) (actual time=0.014..722.526 rows=1368208 loops=1)
  Filter: (company_id > 11146)
  Rows Removed by Filter: 1240921
Planning time: 0.240 ms
Execution time: 890.223 ms
