Hash Join  (cost=102767.86..295802.95 rows=4245290 width=0) (actual time=1502.944..5855.960 rows=4246467 loops=1)
  Hash Cond: (mk.movie_id = t.id)
  ->  Seq Scan on movie_keyword mk  (cost=0.00..81003.12 rows=4245290 width=4) (actual time=0.016..1276.540 rows=4246467 loops=1)
        Filter: (keyword_id < 57218)
        Rows Removed by Filter: 277463
  ->  Hash  (cost=61283.27..61283.27 rows=2528527 width=4) (actual time=1501.678..1501.678 rows=2528312 loops=1)
        Buckets: 131072  Batches: 64  Memory Usage: 2425kB
        ->  Seq Scan on title t  (cost=0.00..61283.27 rows=2528527 width=4) (actual time=0.023..727.053 rows=2528312 loops=1)
Planning time: 0.738 ms
Execution time: 6322.674 ms
