Seq Scan on movie_companies mc  (cost=0.00..51404.11 rows=104 width=0) (actual time=89.697..617.664 rows=47 loops=1)
  Filter: (company_id = 2000)
  Rows Removed by Filter: 2609082
Planning time: 0.362 ms
Execution time: 617.756 ms
