Seq Scan on movie_companies mc  (cost=0.00..51404.11 rows=1132394 width=0) (actual time=0.028..716.739 rows=1127741 loops=1)
  Filter: (company_id < 8175)
  Rows Removed by Filter: 1481388
Planning time: 0.317 ms
Execution time: 855.444 ms
