Hash Join  (cost=446933.02..603585.69 rows=523307 width=0) (actual time=10468.246..14137.035 rows=2348259 loops=1)
  Hash Cond: (mk.movie_id = t.id)
  ->  Seq Scan on movie_keyword mk  (cost=0.00..69693.30 rows=4523930 width=4) (actual time=0.012..1317.387 rows=4523930 loops=1)
  ->  Hash  (cost=442133.92..442133.92 rows=292488 width=8) (actual time=10467.091..10467.091 rows=492823 loops=1)
        Buckets: 131072 (originally 131072)  Batches: 8 (originally 4)  Memory Usage: 3443kB
        ->  Hash Join  (cost=74553.12..442133.92 rows=292488 width=8) (actual time=1292.463..10259.224 rows=492823 loops=1)
              Hash Cond: (mi.movie_id = t.id)
              ->  Seq Scan on movie_info mi  (cost=0.00..309384.22 rows=14739122 width=4) (actual time=0.029..4348.513 rows=14835720 loops=1)
              ->  Hash  (cost=73925.90..73925.90 rows=50177 width=4) (actual time=1292.080..1292.080 rows=64542 loops=1)
                    Buckets: 65536  Batches: 1  Memory Usage: 2782kB
                    ->  Seq Scan on title t  (cost=0.00..73925.90 rows=50177 width=4) (actual time=0.018..1267.888 rows=64542 loops=1)
                          Filter: ((production_year > 2004) AND (kind_id = 4))
                          Rows Removed by Filter: 2463770
Planning time: 1.707 ms
Execution time: 14408.428 ms
