Seq Scan on cast_info ci  (cost=0.00..705507.15 rows=500 width=0) (actual time=7756.694..8093.862 rows=125 loops=1)
  Filter: (person_id = 2663689)
  Rows Removed by Filter: 36244219
Planning time: 0.378 ms
Execution time: 8093.963 ms
