Nested Loop  (cost=0.43..150060.35 rows=4183 width=0) (actual time=0.125..1154.054 rows=9844 loops=1)
  ->  Seq Scan on movie_keyword mk  (cost=0.00..81003.12 rows=10707 width=4) (actual time=0.076..1030.350 rows=10307 loops=1)
        Filter: (keyword_id = 870)
        Rows Removed by Filter: 4513623
  ->  Index Scan using title_pkey on title t  (cost=0.43..6.44 rows=1 width=4) (actual time=0.011..0.011 rows=1 loops=10307)
        Index Cond: (id = mk.movie_id)
        Filter: (kind_id < 7)
        Rows Removed by Filter: 0
Planning time: 0.702 ms
Execution time: 1156.790 ms
