Hash Join  (cost=114529.95..482027.82 rows=284194 width=0) (actual time=1648.452..6823.837 rows=69 loops=1)
  Hash Cond: (mi.movie_id = t.id)
  ->  Seq Scan on movie_info mi  (cost=0.00..309384.22 rows=14739122 width=4) (actual time=0.014..2586.998 rows=14835720 loops=1)
  ->  Hash  (cost=113920.53..113920.53 rows=48754 width=8) (actual time=1581.873..1581.873 rows=6 loops=1)
        Buckets: 65536  Batches: 1  Memory Usage: 513kB
        ->  Hash Join  (cost=75391.51..113920.53 rows=48754 width=8) (actual time=1443.959..1581.841 rows=6 loops=1)
              Hash Cond: (mi_idx.movie_id = t.id)
              ->  Seq Scan on movie_info_idx mi_idx  (cost=0.00..21735.35 rows=1380035 width=4) (actual time=0.019..316.983 rows=1380035 loops=1)
              ->  Hash  (cost=73925.90..73925.90 rows=89328 width=4) (actual time=902.034..902.034 rows=10 loops=1)
                    Buckets: 131072  Batches: 2  Memory Usage: 1025kB
                    ->  Seq Scan on title t  (cost=0.00..73925.90 rows=89328 width=4) (actual time=210.452..901.929 rows=10 loops=1)
                          Filter: ((kind_id > 1) AND (production_year < 1934))
                          Rows Removed by Filter: 2528302
Planning time: 1.165 ms
Execution time: 6824.029 ms
