Nested Loop  (cost=0.43..83072.29 rows=105 width=0) (actual time=131.273..1005.015 rows=3 loops=1)
  ->  Seq Scan on movie_keyword mk  (cost=0.00..81003.12 rows=246 width=4) (actual time=131.209..1004.705 rows=5 loops=1)
        Filter: (keyword_id = 4172)
        Rows Removed by Filter: 4523925
  ->  Index Scan using title_pkey on title t  (cost=0.43..8.40 rows=1 width=4) (actual time=0.052..0.055 rows=1 loops=5)
        Index Cond: (id = mk.movie_id)
        Filter: (production_year < 2001)
        Rows Removed by Filter: 0
Planning time: 0.750 ms
Execution time: 1005.108 ms
