Seq Scan on movie_keyword mk  (cost=0.00..81003.12 rows=102020 width=0) (actual time=0.027..1059.813 rows=116146 loops=1)
  Filter: (keyword_id < 111)
  Rows Removed by Filter: 4407784
Planning time: 0.351 ms
Execution time: 1077.360 ms
