Nested Loop  (cost=0.43..83072.90 rows=75 width=0) (actual time=3.152..1085.681 rows=221 loops=1)
  ->  Seq Scan on movie_keyword mk  (cost=0.00..81003.12 rows=246 width=4) (actual time=3.101..1059.407 rows=1149 loops=1)
        Filter: (keyword_id = 2906)
        Rows Removed by Filter: 4522781
  ->  Index Scan using title_pkey on title t  (cost=0.43..8.40 rows=1 width=4) (actual time=0.022..0.022 rows=0 loops=1149)
        Index Cond: (id = mk.movie_id)
        Filter: ((kind_id < 7) AND (production_year > 1978))
        Rows Removed by Filter: 1
Planning time: 0.736 ms
Execution time: 1085.855 ms
