Hash Join  (cost=89167.69..925201.62 rows=876146 width=0) (actual time=2985.192..13678.441 rows=2229179 loops=1)
  Hash Cond: (ci.movie_id = t.id)
  ->  Seq Scan on cast_info ci  (cost=0.00..796071.18 rows=2384611 width=4) (actual time=1803.274..9480.037 rows=5408866 loops=1)
        Filter: ((person_id > 3116377) AND (role_id > 2))
        Rows Removed by Filter: 30835478
  ->  Hash  (cost=73925.90..73925.90 rows=929023 width=4) (actual time=1180.500..1180.500 rows=896133 loops=1)
        Buckets: 131072  Batches: 16  Memory Usage: 2994kB
        ->  Seq Scan on title t  (cost=0.00..73925.90 rows=929023 width=4) (actual time=0.036..919.719 rows=896133 loops=1)
              Filter: ((kind_id < 7) AND (production_year > 1918))
              Rows Removed by Filter: 1632179
Planning time: 0.761 ms
Execution time: 13909.393 ms
