Hash Join  (cost=86178.74..159076.03 rows=377899 width=0) (actual time=951.429..2458.472 rows=593067 loops=1)
  Hash Cond: (mc.movie_id = t.id)
  ->  Seq Scan on movie_companies mc  (cost=0.00..51404.11 rows=1279517 width=4) (actual time=0.022..742.610 rows=1274246 loops=1)
        Filter: (company_type_id < 2)
        Rows Removed by Filter: 1334883
  ->  Hash  (cost=73925.90..73925.90 rows=746787 width=4) (actual time=950.675..950.675 rows=650324 loops=1)
        Buckets: 131072  Batches: 16  Memory Usage: 2453kB
        ->  Seq Scan on title t  (cost=0.00..73925.90 rows=746787 width=4) (actual time=0.019..791.291 rows=650324 loops=1)
              Filter: ((kind_id < 7) AND (production_year > 1982))
              Rows Removed by Filter: 1877988
Planning time: 0.828 ms
Execution time: 2521.619 ms
