Hash Join  (cost=194983.12..561450.22 rows=181114 width=0) (actual time=2560.566..8757.630 rows=764487 loops=1)
  Hash Cond: (mi.movie_id = t.id)
  ->  Seq Scan on movie_info mi  (cost=0.00..309384.22 rows=14739122 width=4) (actual time=0.015..2691.604 rows=14835720 loops=1)
  ->  Hash  (cost=194594.73..194594.73 rows=31071 width=8) (actual time=2559.693..2559.693 rows=28391 loops=1)
        Buckets: 32768  Batches: 1  Memory Usage: 1366kB
        ->  Hash Join  (cost=104131.46..194594.73 rows=31071 width=8) (actual time=1255.905..2551.790 rows=28391 loops=1)
              Hash Cond: (mk.movie_id = t.id)
              ->  Seq Scan on movie_keyword mk  (cost=0.00..81003.12 rows=35287 width=4) (actual time=0.090..1001.571 rows=29440 loops=1)
                    Filter: (keyword_id = 359)
                    Rows Removed by Filter: 4494490
              ->  Hash  (cost=67604.59..67604.59 rows=2226390 width=4) (actual time=1255.044..1255.044 rows=2224569 loops=1)
                    Buckets: 131072  Batches: 32  Memory Usage: 3472kB
                    ->  Seq Scan on title t  (cost=0.00..67604.59 rows=2226390 width=4) (actual time=0.022..748.058 rows=2224569 loops=1)
                          Filter: (production_year < 2012)
                          Rows Removed by Filter: 303743
Planning time: 1.188 ms
Execution time: 8857.642 ms
