Hash Join  (cost=98137.04..833422.66 rows=821180 width=0) (actual time=1700.961..10404.729 rows=699029 loops=1)
  Hash Cond: (ci.movie_id = t.id)
  ->  Seq Scan on cast_info ci  (cost=0.00..705507.15 rows=1115734 width=4) (actual time=359.387..8184.692 rows=1009045 loops=1)
        Filter: (person_id < 102998)
        Rows Removed by Filter: 35235299
  ->  Hash  (cost=67604.59..67604.59 rows=1860996 width=4) (actual time=1340.331..1340.331 rows=1865487 loops=1)
        Buckets: 131072  Batches: 32  Memory Usage: 3079kB
        ->  Seq Scan on title t  (cost=0.00..67604.59 rows=1860996 width=4) (actual time=0.026..835.494 rows=1865487 loops=1)
              Filter: (kind_id > 1)
              Rows Removed by Filter: 662825
Planning time: 0.753 ms
Execution time: 10477.510 ms
