Seq Scan on movie_companies mc  (cost=0.00..57926.93 rows=924747 width=0) (actual time=77.397..822.236 rows=770738 loops=1)
  Filter: ((company_id > 1370) AND (company_type_id < 2))
  Rows Removed by Filter: 1838391
Planning time: 0.230 ms
Execution time: 924.798 ms
