Seq Scan on movie_companies mc  (cost=0.00..57926.93 rows=88120 width=0) (actual time=0.042..644.206 rows=142841 loops=1)
  Filter: ((company_id < 39) AND (company_type_id < 2))
  Rows Removed by Filter: 2466288
Planning time: 0.316 ms
Execution time: 660.848 ms
