Seq Scan on movie_companies mc  (cost=0.00..57926.93 rows=551856 width=0) (actual time=223.881..657.963 rows=336406 loops=1)
  Filter: ((company_id < 6873) AND (company_type_id = 2))
  Rows Removed by Filter: 2272723
Planning time: 0.382 ms
Execution time: 700.525 ms
