Hash Join  (cost=262536.06..451000.42 rows=4526850 width=0) (actual time=5679.354..15166.399 rows=34823537 loops=1)
  Hash Cond: (mk.movie_id = t.id)
  ->  Seq Scan on movie_keyword mk  (cost=0.00..69693.30 rows=4523930 width=4) (actual time=0.011..1081.091 rows=4523930 loops=1)
  ->  Hash  (cost=221025.07..221025.07 rows=2530159 width=8) (actual time=5676.302..5676.302 rows=2577287 loops=1)
        Buckets: 131072  Batches: 64  Memory Usage: 2671kB
        ->  Hash Join  (cost=107833.55..221025.07 rows=2530159 width=8) (actual time=1821.867..4968.551 rows=2577287 loops=1)
              Hash Cond: (mc.movie_id = t.id)
              ->  Seq Scan on movie_companies mc  (cost=0.00..44881.29 rows=2609129 width=4) (actual time=0.014..676.850 rows=2609129 loops=1)
              ->  Hash  (cost=67604.59..67604.59 rows=2451997 width=4) (actual time=1820.572..1820.572 rows=2452133 loops=1)
                    Buckets: 131072  Batches: 64  Memory Usage: 2373kB
                    ->  Seq Scan on title t  (cost=0.00..67604.59 rows=2451997 width=4) (actual time=0.022..1036.372 rows=2452133 loops=1)
                          Filter: (production_year > 1898)
                          Rows Removed by Filter: 76179
Planning time: 1.096 ms
Execution time: 18338.620 ms
