Seq Scan on movie_companies mc  (cost=0.00..51404.11 rows=2373928 width=0) (actual time=0.015..970.615 rows=2376464 loops=1)
  Filter: (company_id > 92)
  Rows Removed by Filter: 232665
Planning time: 0.256 ms
Execution time: 1270.891 ms
