Seq Scan on movie_companies mc  (cost=0.00..51404.11 rows=1317953 width=0) (actual time=0.013..656.336 rows=1326587 loops=1)
  Filter: (company_id > 11231)
  Rows Removed by Filter: 1282542
Planning time: 0.330 ms
Execution time: 796.766 ms
