Hash Join  (cost=123688.00..478505.38 rows=35554 width=0) (actual time=3115.343..6329.803 rows=451713 loops=1)
  Hash Cond: (mi.movie_id = t.id)
  ->  Seq Scan on movie_info mi  (cost=0.00..346232.03 rows=2194617 width=4) (actual time=1196.734..3898.697 rows=2233850 loops=1)
        Filter: (info_type_id > 16)
        Rows Removed by Filter: 12601870
  ->  Hash  (cost=123175.97..123175.97 rows=40963 width=8) (actual time=1879.925..1879.925 rows=32641 loops=1)
        Buckets: 65536  Batches: 1  Memory Usage: 1788kB
        ->  Hash Join  (cost=68100.81..123175.97 rows=40963 width=8) (actual time=800.433..1867.703 rows=32641 loops=1)
              Hash Cond: (mc.movie_id = t.id)
              ->  Seq Scan on movie_companies mc  (cost=0.00..44881.29 rows=2609129 width=4) (actual time=0.038..415.221 rows=2609129 loops=1)
              ->  Hash  (cost=67604.59..67604.59 rows=39698 width=4) (actual time=799.900..799.900 rows=36437 loops=1)
                    Buckets: 65536  Batches: 1  Memory Usage: 1793kB
                    ->  Seq Scan on title t  (cost=0.00..67604.59 rows=39698 width=4) (actual time=0.038..783.709 rows=36437 loops=1)
                          Filter: (production_year = 1995)
                          Rows Removed by Filter: 2491875
Planning time: 1.142 ms
Execution time: 6389.328 ms
