Hash Join  (cost=196680.66..322628.90 rows=1155145 width=0) (actual time=3694.231..8114.647 rows=10949765 loops=1)
  Hash Cond: (mk.movie_id = t.id)
  ->  Seq Scan on movie_keyword mk  (cost=0.00..81003.12 rows=2491910 width=4) (actual time=0.021..1099.322 rows=2487830 loops=1)
        Filter: (keyword_id > 3636)
        Rows Removed by Filter: 2036100
  ->  Hash  (cost=177450.18..177450.18 rows=1172119 width=8) (actual time=3692.869..3692.869 rows=1467163 loops=1)
        Buckets: 131072 (originally 131072)  Batches: 32 (originally 16)  Memory Usage: 3073kB
        ->  Hash Join  (cost=86241.46..177450.18 rows=1172119 width=8) (actual time=1298.202..3396.348 rows=1467163 loops=1)
              Hash Cond: (mc.movie_id = t.id)
              ->  Seq Scan on movie_companies mc  (cost=0.00..44881.29 rows=2609129 width=4) (actual time=0.017..620.269 rows=2609129 loops=1)
              ->  Hash  (cost=67604.59..67604.59 rows=1135910 width=4) (actual time=1297.562..1297.562 rows=1133355 loops=1)
                    Buckets: 131072  Batches: 16  Memory Usage: 3516kB
                    ->  Seq Scan on title t  (cost=0.00..67604.59 rows=1135910 width=4) (actual time=0.025..941.316 rows=1133355 loops=1)
                          Filter: (production_year < 2002)
                          Rows Removed by Filter: 1394957
Planning time: 1.152 ms
Execution time: 9225.676 ms
