Hash Join  (cost=830663.13..982700.71 rows=608689 width=0) (actual time=13301.053..16259.775 rows=2516501 loops=1)
  Hash Cond: (mk.movie_id = t.id)
  ->  Seq Scan on movie_keyword mk  (cost=0.00..69693.30 rows=4523930 width=4) (actual time=0.028..881.016 rows=4523930 loops=1)
  ->  Hash  (cost=825081.51..825081.51 rows=340210 width=8) (actual time=13299.710..13299.710 rows=341727 loops=1)
        Buckets: 131072  Batches: 8  Memory Usage: 2744kB
        ->  Hash Join  (cost=68449.54..825081.51 rows=340210 width=8) (actual time=818.484..12534.090 rows=341727 loops=1)
              Hash Cond: (ci.movie_id = t.id)
              ->  Seq Scan on cast_info ci  (cost=0.00..705507.15 rows=12726058 width=4) (actual time=0.030..9063.237 rows=12670688 loops=1)
                    Filter: (role_id < 2)
                    Rows Removed by Filter: 23573656
              ->  Hash  (cost=67604.59..67604.59 rows=67596 width=4) (actual time=817.788..817.788 rows=67777 loops=1)
                    Buckets: 131072  Batches: 1  Memory Usage: 3407kB
                    ->  Seq Scan on title t  (cost=0.00..67604.59 rows=67596 width=4) (actual time=0.052..789.038 rows=67777 loops=1)
                          Filter: (production_year = 2003)
                          Rows Removed by Filter: 2460535
Planning time: 1.175 ms
Execution time: 16543.988 ms
