Seq Scan on cast_info ci  (cost=0.00..796071.18 rows=435 width=0) (actual time=5785.163..11064.028 rows=1437 loops=1)
  Filter: ((role_id < 10) AND (person_id = 521793))
  Rows Removed by Filter: 36242907
Planning time: 0.387 ms
Execution time: 11064.282 ms
