Hash Join  (cost=73983.02..100905.45 rows=833 width=0) (actual time=1204.968..1715.152 rows=134 loops=1)
  Hash Cond: (mi_idx.movie_id = t.id)
  ->  Seq Scan on movie_info_idx mi_idx  (cost=0.00..25185.44 rows=460978 width=4) (actual time=0.023..436.645 rows=459925 loops=1)
        Filter: (info_type_id = 99)
        Rows Removed by Filter: 920110
  ->  Hash  (cost=73925.90..73925.90 rows=4569 width=4) (actual time=1200.697..1200.697 rows=2915 loops=1)
        Buckets: 8192  Batches: 1  Memory Usage: 167kB
        ->  Seq Scan on title t  (cost=0.00..73925.90 rows=4569 width=4) (actual time=0.711..1198.897 rows=2915 loops=1)
              Filter: ((kind_id > 4) AND (production_year = 1951))
              Rows Removed by Filter: 2525397
Planning time: 0.827 ms
Execution time: 1715.264 ms
