Seq Scan on movie_companies mc  (cost=0.00..51404.11 rows=1644048 width=0) (actual time=0.025..772.901 rows=1633668 loops=1)
  Filter: (company_id < 17512)
  Rows Removed by Filter: 975461
Planning time: 0.298 ms
Execution time: 988.390 ms
