Seq Scan on cast_info ci  (cost=0.00..796071.18 rows=226882 width=0) (actual time=7352.799..7988.071 rows=376708 loops=1)
  Filter: ((person_id > 3992031) AND (role_id > 1))
  Rows Removed by Filter: 35867636
Planning time: 0.329 ms
Execution time: 8037.393 ms
