Hash Join  (cost=83073.13..145471.29 rows=8 width=0) (actual time=1187.662..1716.862 rows=199 loops=1)
  Hash Cond: (mc.movie_id = t.id)
  ->  Seq Scan on movie_companies mc  (cost=0.00..57926.93 rows=1192307 width=4) (actual time=112.663..735.752 rows=1131906 loops=1)
        Filter: ((company_id > 34) AND (company_type_id < 2))
        Rows Removed by Filter: 1477223
  ->  Hash  (cost=83072.90..83072.90 rows=18 width=8) (actual time=844.463..844.463 rows=24 loops=1)
        Buckets: 1024  Batches: 1  Memory Usage: 9kB
        ->  Nested Loop  (cost=0.43..83072.90 rows=18 width=8) (actual time=2.191..844.427 rows=24 loops=1)
              ->  Seq Scan on movie_keyword mk  (cost=0.00..81003.12 rows=246 width=4) (actual time=2.137..840.302 rows=127 loops=1)
                    Filter: (keyword_id = 7594)
                    Rows Removed by Filter: 4523803
              ->  Index Scan using title_pkey on title t  (cost=0.43..8.40 rows=1 width=4) (actual time=0.030..0.030 rows=0 loops=127)
                    Index Cond: (id = mk.movie_id)
                    Filter: ((kind_id < 7) AND (production_year < 1977))
                    Rows Removed by Filter: 1
Planning time: 1.160 ms
Execution time: 1717.067 ms
