Seq Scan on movie_keyword mk  (cost=0.00..81003.12 rows=246 width=0) (actual time=5.879..1002.481 rows=67 loops=1)
  Filter: (keyword_id = 46617)
  Rows Removed by Filter: 4523863
Planning time: 0.334 ms
Execution time: 1002.627 ms
