Hash Join  (cost=1018504.83..3178731.93 rows=87188195 width=0) (actual time=20177.137..99903.525 rows=248818261 loops=1)
  Hash Cond: (ci.movie_id = t.id)
  ->  Seq Scan on cast_info ci  (cost=0.00..796071.18 rows=14957316 width=4) (actual time=0.016..12418.516 rows=19936242 loops=1)
        Filter: ((person_id > 1295950) AND (role_id > 1))
        Rows Removed by Filter: 16308102
  ->  Hash  (cost=776690.81..776690.81 rows=14739122 width=8) (actual time=20173.470..20173.470 rows=14835720 loops=1)
        Buckets: 131072  Batches: 256  Memory Usage: 3268kB
        ->  Hash Join  (cost=102767.86..776690.81 rows=14739122 width=8) (actual time=1573.770..16448.157 rows=14835720 loops=1)
              Hash Cond: (mi.movie_id = t.id)
              ->  Seq Scan on movie_info mi  (cost=0.00..309384.22 rows=14739122 width=4) (actual time=0.008..3837.149 rows=14835720 loops=1)
              ->  Hash  (cost=61283.27..61283.27 rows=2528527 width=4) (actual time=1572.526..1572.526 rows=2528312 loops=1)
                    Buckets: 131072  Batches: 64  Memory Usage: 2425kB
                    ->  Seq Scan on title t  (cost=0.00..61283.27 rows=2528527 width=4) (actual time=0.015..731.019 rows=2528312 loops=1)
Planning time: 4.016 ms
Execution time: 123524.420 ms
