Hash Join  (cost=88463.62..910478.51 rows=522851 width=0) (actual time=2486.616..9822.115 rows=223789 loops=1)
  Hash Cond: (ci.movie_id = t.id)
  ->  Seq Scan on cast_info ci  (cost=0.00..796071.18 rows=1492053 width=4) (actual time=1345.797..8046.396 rows=643590 loops=1)
        Filter: ((person_id < 218827) AND (role_id > 1))
        Rows Removed by Filter: 35600754
  ->  Hash  (cost=73925.90..73925.90 rows=886057 width=4) (actual time=1139.954..1139.954 rows=800705 loops=1)
        Buckets: 131072  Batches: 16  Memory Usage: 2785kB
        ->  Seq Scan on title t  (cost=0.00..73925.90 rows=886057 width=4) (actual time=0.029..898.414 rows=800705 loops=1)
              Filter: ((kind_id < 7) AND (production_year > 1954))
              Rows Removed by Filter: 1727607
Planning time: 0.802 ms
Execution time: 9841.964 ms
