Seq Scan on movie_keyword mk  (cost=0.00..81003.12 rows=4289296 width=0) (actual time=0.011..1168.310 rows=4272951 loops=1)
  Filter: (keyword_id > 214)
  Rows Removed by Filter: 250979
Planning time: 0.228 ms
Execution time: 1657.283 ms
