Hash Join  (cost=306696.31..1440654.88 rows=18909131 width=0) (actual time=7474.959..35948.932 rows=75303451 loops=1)
  Hash Cond: (ci.movie_id = t.id)
  ->  Seq Scan on cast_info ci  (cost=0.00..705507.15 rows=16201301 width=4) (actual time=1383.458..10472.261 rows=16121683 loops=1)
        Filter: (role_id > 2)
        Rows Removed by Filter: 20122661
  ->  Hash  (cost=258279.11..258279.11 rows=2951136 width=8) (actual time=6090.246..6090.246 rows=2500886 loops=1)
        Buckets: 131072  Batches: 64  Memory Usage: 2534kB
        ->  Hash Join  (cost=94666.80..258279.11 rows=2951136 width=8) (actual time=1389.514..5479.937 rows=2500886 loops=1)
              Hash Cond: (mk.movie_id = t.id)
              ->  Seq Scan on movie_keyword mk  (cost=0.00..69693.30 rows=4523930 width=4) (actual time=0.028..911.002 rows=4523930 loops=1)
              ->  Hash  (cost=67604.59..67604.59 rows=1649457 width=4) (actual time=1388.195..1388.195 rows=1643514 loops=1)
                    Buckets: 131072  Batches: 32  Memory Usage: 2839kB
                    ->  Seq Scan on title t  (cost=0.00..67604.59 rows=1649457 width=4) (actual time=0.021..883.957 rows=1643514 loops=1)
                          Filter: (production_year > 1994)
                          Rows Removed by Filter: 884798
Planning time: 1.118 ms
Execution time: 41951.045 ms
