Seq Scan on title t  (cost=0.00..73925.90 rows=79705 width=0) (actual time=0.025..814.842 rows=82805 loops=1)
  Filter: ((production_year < 2012) AND (kind_id = 2))
  Rows Removed by Filter: 2445507
Planning time: 0.362 ms
Execution time: 827.179 ms
