Seq Scan on movie_keyword mk  (cost=0.00..81003.12 rows=3981831 width=0) (actual time=0.024..1246.202 rows=3985380 loops=1)
  Filter: (keyword_id < 34145)
  Rows Removed by Filter: 538550
Planning time: 0.327 ms
Execution time: 1737.702 ms
