Seq Scan on movie_companies mc  (cost=0.00..57926.93 rows=1286710 width=0) (actual time=382.876..840.154 rows=1250711 loops=1)
  Filter: ((company_id < 167354) AND (company_type_id > 1))
  Rows Removed by Filter: 1358418
Planning time: 0.229 ms
Execution time: 976.739 ms
