Nested Loop  (cost=0.43..798851.90 rows=202 width=0) (actual time=2364.419..9960.015 rows=561 loops=1)
  ->  Seq Scan on cast_info ci  (cost=0.00..796071.18 rows=332 width=4) (actual time=2363.484..9948.334 rows=777 loops=1)
        Filter: ((role_id < 4) AND (person_id = 762648))
        Rows Removed by Filter: 36243567
  ->  Index Scan using title_pkey on title t  (cost=0.43..8.37 rows=1 width=4) (actual time=0.014..0.014 rows=1 loops=777)
        Index Cond: (id = ci.movie_id)
        Filter: (kind_id = 7)
        Rows Removed by Filter: 0
Planning time: 0.827 ms
Execution time: 9960.256 ms
