Seq Scan on movie_companies mc  (cost=0.00..57926.93 rows=53 width=0) (actual time=0.198..611.661 rows=77 loops=1)
  Filter: ((company_type_id > 1) AND (company_id = 11830))
  Rows Removed by Filter: 2609052
Planning time: 0.281 ms
Execution time: 611.757 ms
