Hash Join  (cost=101489.21..194685.90 rows=1058952 width=0) (actual time=1484.868..3251.455 rows=1131371 loops=1)
  Hash Cond: (mc.movie_id = t.id)
  ->  Seq Scan on movie_companies mc  (cost=0.00..57926.93 rows=1296446 width=4) (actual time=238.454..852.206 rows=1327562 loops=1)
        Filter: ((company_id > 6) AND (company_type_id > 1))
        Rows Removed by Filter: 1281567
  ->  Hash  (cost=67604.59..67604.59 rows=2065330 width=4) (actual time=1245.639..1245.639 rows=2064552 loops=1)
        Buckets: 131072  Batches: 32  Memory Usage: 3289kB
        ->  Seq Scan on title t  (cost=0.00..67604.59 rows=2065330 width=4) (actual time=0.026..763.223 rows=2064552 loops=1)
              Filter: (production_year < 2011)
              Rows Removed by Filter: 463760
Planning time: 0.781 ms
Execution time: 3372.655 ms
