Hash Join  (cost=70241.71..422859.58 rows=30001 width=0) (actual time=5090.617..5955.559 rows=32243 loops=1)
  Hash Cond: (mi.movie_id = t.id)
  ->  Seq Scan on movie_info mi  (cost=0.00..346232.03 rows=471955 width=4) (actual time=3717.929..4564.859 rows=543367 loops=1)
        Filter: (info_type_id > 98)
        Rows Removed by Filter: 14292353
  ->  Hash  (cost=67604.59..67604.59 rows=160730 width=4) (actual time=1146.699..1146.699 rows=160017 loops=1)
        Buckets: 131072  Batches: 4  Memory Usage: 2442kB
        ->  Seq Scan on title t  (cost=0.00..67604.59 rows=160730 width=4) (actual time=0.019..1086.941 rows=160017 loops=1)
              Filter: (production_year = 2011)
              Rows Removed by Filter: 2368295
Planning time: 0.775 ms
Execution time: 5959.717 ms
