Seq Scan on cast_info ci  (cost=0.00..796071.18 rows=4862002 width=0) (actual time=5049.325..10754.002 rows=5699526 loops=1)
  Filter: ((person_id < 2471062) AND (role_id = 2))
  Rows Removed by Filter: 30544818
Planning time: 0.401 ms
Execution time: 11316.041 ms
