Hash Join  (cost=709676.80..736588.33 rows=105 width=0) (actual time=7178.864..7459.836 rows=6 loops=1)
  Hash Cond: (mi_idx.movie_id = t.id)
  ->  Seq Scan on movie_info_idx mi_idx  (cost=0.00..21735.35 rows=1380035 width=4) (actual time=0.005..158.348 rows=1380035 loops=1)
  ->  Hash  (cost=709674.40..709674.40 rows=192 width=8) (actual time=7122.354..7122.354 rows=2 loops=1)
        Buckets: 1024  Batches: 1  Memory Usage: 9kB
        ->  Nested Loop  (cost=0.43..709674.40 rows=192 width=8) (actual time=3606.733..7122.338 rows=2 loops=1)
              ->  Seq Scan on cast_info ci  (cost=0.00..705507.15 rows=500 width=4) (actual time=3.436..7119.853 rows=229 loops=1)
                    Filter: (person_id = 1069764)
                    Rows Removed by Filter: 36244115
              ->  Index Scan using title_pkey on title t  (cost=0.43..8.32 rows=1 width=4) (actual time=0.010..0.010 rows=0 loops=229)
                    Index Cond: (id = ci.movie_id)
                    Filter: ((kind_id > 1) AND (production_year > 2001))
                    Rows Removed by Filter: 1
Planning time: 0.798 ms
Execution time: 7459.933 ms
