Nested Loop  (cost=0.43..58358.27 rows=51 width=0) (actual time=61.532..643.214 rows=1 loops=1)
  ->  Seq Scan on movie_companies mc  (cost=0.00..57926.93 rows=51 width=4) (actual time=61.449..643.130 rows=1 loops=1)
        Filter: ((company_type_id < 2) AND (company_id = 8907))
        Rows Removed by Filter: 2609128
  ->  Index Only Scan using title_pkey on title t  (cost=0.43..8.45 rows=1 width=4) (actual time=0.073..0.074 rows=1 loops=1)
        Index Cond: (id = mc.movie_id)
        Heap Fetches: 1
Planning time: 0.707 ms
Execution time: 643.270 ms
