Nested Loop  (cost=0.43..58358.27 rows=51 width=0) (actual time=476.276..617.640 rows=1 loops=1)
  ->  Seq Scan on movie_companies mc  (cost=0.00..57926.93 rows=51 width=4) (actual time=476.197..617.558 rows=1 loops=1)
        Filter: ((company_id = 10278) AND (company_type_id = 1))
        Rows Removed by Filter: 2609128
  ->  Index Only Scan using title_pkey on title t  (cost=0.43..8.45 rows=1 width=4) (actual time=0.068..0.069 rows=1 loops=1)
        Index Cond: (id = mc.movie_id)
        Heap Fetches: 1
Planning time: 0.767 ms
Execution time: 617.703 ms
