Seq Scan on movie_companies mc  (cost=0.00..57926.93 rows=1032342 width=0) (actual time=0.025..683.589 rows=1274246 loops=1)
  Filter: ((company_id < 73903) AND (company_type_id = 1))
  Rows Removed by Filter: 1334883
Planning time: 0.376 ms
Execution time: 795.880 ms
