Seq Scan on movie_keyword mk  (cost=0.00..81003.12 rows=246 width=0) (actual time=9.257..1011.634 rows=77 loops=1)
  Filter: (keyword_id = 12459)
  Rows Removed by Filter: 4523853
Planning time: 0.344 ms
Execution time: 1011.770 ms
