Hash Join  (cost=259598.47..1401195.42 rows=17994909 width=0) (actual time=4756.495..29930.689 rows=38736471 loops=1)
  Hash Cond: (ci.movie_id = t.id)
  ->  Seq Scan on cast_info ci  (cost=0.00..705507.15 rows=19271543 width=4) (actual time=4.204..9683.228 rows=19169550 loops=1)
        Filter: (person_id < 1915433)
        Rows Removed by Filter: 17074794
  ->  Hash  (cost=220862.64..220862.64 rows=2361026 width=8) (actual time=4700.372..4700.372 rows=2357817 loops=1)
        Buckets: 131072  Batches: 32  Memory Usage: 3859kB
        ->  Hash Join  (cost=102767.86..220862.64 rows=2361026 width=8) (actual time=1270.734..4131.402 rows=2357817 loops=1)
              Hash Cond: (mc.movie_id = t.id)
              ->  Seq Scan on movie_companies mc  (cost=0.00..51404.11 rows=2361026 width=4) (actual time=0.026..810.438 rows=2357817 loops=1)
                    Filter: (company_id < 100990)
                    Rows Removed by Filter: 251312
              ->  Hash  (cost=61283.27..61283.27 rows=2528527 width=4) (actual time=1269.525..1269.525 rows=2528312 loops=1)
                    Buckets: 131072  Batches: 64  Memory Usage: 2415kB
                    ->  Seq Scan on title t  (cost=0.00..61283.27 rows=2528527 width=4) (actual time=0.014..602.720 rows=2528312 loops=1)
Planning time: 1.180 ms
Execution time: 32989.765 ms
