Seq Scan on movie_companies mc  (cost=0.00..57926.93 rows=903749 width=0) (actual time=53.598..732.975 rows=1213442 loops=1)
  Filter: ((company_id < 33761) AND (company_type_id = 1))
  Rows Removed by Filter: 1395687
Planning time: 0.412 ms
Execution time: 839.335 ms
