Hash Join  (cost=102767.86..250308.09 rows=2354653 width=0) (actual time=1071.483..4304.559 rows=2354484 loops=1)
  Hash Cond: (mk.movie_id = t.id)
  ->  Seq Scan on movie_keyword mk  (cost=0.00..81003.12 rows=2354653 width=4) (actual time=0.018..1237.519 rows=2354484 loops=1)
        Filter: (keyword_id < 5282)
        Rows Removed by Filter: 2169446
  ->  Hash  (cost=61283.27..61283.27 rows=2528527 width=4) (actual time=1070.343..1070.343 rows=2528312 loops=1)
        Buckets: 131072  Batches: 64  Memory Usage: 2425kB
        ->  Seq Scan on title t  (cost=0.00..61283.27 rows=2528527 width=4) (actual time=0.009..508.268 rows=2528312 loops=1)
Planning time: 0.511 ms
Execution time: 4571.762 ms
