Hash Join  (cost=83074.74..476813.70 rows=1232 width=0) (actual time=1251.067..6585.067 rows=1592 loops=1)
  Hash Cond: (mi.movie_id = t.id)
  ->  Seq Scan on movie_info mi  (cost=0.00..346232.03 rows=12665229 width=4) (actual time=0.015..4084.782 rows=12744652 loops=1)
        Filter: (info_type_id > 2)
        Rows Removed by Filter: 2091068
  ->  Hash  (cost=83071.67..83071.67 rows=246 width=8) (actual time=993.538..993.538 rows=65 loops=1)
        Buckets: 1024  Batches: 1  Memory Usage: 11kB
        ->  Nested Loop  (cost=0.43..83071.67 rows=246 width=8) (actual time=8.597..993.447 rows=65 loops=1)
              ->  Seq Scan on movie_keyword mk  (cost=0.00..81003.12 rows=246 width=4) (actual time=8.519..990.885 rows=65 loops=1)
                    Filter: (keyword_id = 6328)
                    Rows Removed by Filter: 4523865
              ->  Index Only Scan using title_pkey on title t  (cost=0.43..8.40 rows=1 width=4) (actual time=0.034..0.035 rows=1 loops=65)
                    Index Cond: (id = mk.movie_id)
                    Heap Fetches: 65
Planning time: 1.208 ms
Execution time: 6585.639 ms
