Hash Join  (cost=83072.91..833862.22 rows=15 width=0) (actual time=992.780..11924.202 rows=380 loops=1)
  Hash Cond: (ci.movie_id = t.id)
  ->  Seq Scan on cast_info ci  (cost=0.00..614943.12 rows=36225612 width=4) (actual time=0.018..5093.618 rows=36244344 loops=1)
  ->  Hash  (cost=83072.90..83072.90 rows=1 width=8) (actual time=965.942..965.942 rows=5 loops=1)
        Buckets: 1024  Batches: 1  Memory Usage: 9kB
        ->  Nested Loop  (cost=0.43..83072.90 rows=1 width=8) (actual time=26.798..965.928 rows=5 loops=1)
              ->  Seq Scan on movie_keyword mk  (cost=0.00..81003.12 rows=246 width=4) (actual time=0.256..949.726 rows=831 loops=1)
                    Filter: (keyword_id = 23070)
                    Rows Removed by Filter: 4523099
              ->  Index Scan using title_pkey on title t  (cost=0.43..8.40 rows=1 width=4) (actual time=0.019..0.019 rows=0 loops=831)
                    Index Cond: (id = mk.movie_id)
                    Filter: ((kind_id = 1) AND (production_year = 1995))
                    Rows Removed by Filter: 1
Planning time: 1.443 ms
Execution time: 11924.562 ms
