Hash Join  (cost=177866.57..696658.79 rows=3653730 width=0) (actual time=4750.645..28733.792 rows=46348401 loops=1)
  Hash Cond: (mi.movie_id = t.id)
  ->  Seq Scan on movie_info mi  (cost=0.00..309384.22 rows=14739122 width=4) (actual time=0.017..6112.968 rows=14835720 loops=1)
  ->  Hash  (cost=167582.50..167582.50 rows=626805 width=8) (actual time=4749.412..4749.412 rows=1387914 loops=1)
        Buckets: 131072 (originally 131072)  Batches: 32 (originally 16)  Memory Usage: 3073kB
        ->  Hash Join  (cost=83891.93..167582.50 rows=626805 width=8) (actual time=1582.332..4313.125 rows=1387914 loops=1)
              Hash Cond: (mc.movie_id = t.id)
              ->  Seq Scan on movie_companies mc  (cost=0.00..44881.29 rows=2609129 width=4) (actual time=0.024..902.773 rows=2609129 loops=1)
              ->  Hash  (cost=73925.90..73925.90 rows=607442 width=4) (actual time=1581.599..1581.599 rows=675690 loops=1)
                    Buckets: 131072  Batches: 8  Memory Usage: 4012kB
                    ->  Seq Scan on title t  (cost=0.00..73925.90 rows=607442 width=4) (actual time=0.021..1361.696 rows=675690 loops=1)
                          Filter: ((kind_id < 7) AND (production_year < 2007))
                          Rows Removed by Filter: 1852622
Planning time: 1.191 ms
Execution time: 33674.250 ms
