Seq Scan on cast_info ci  (cost=0.00..705507.15 rows=26973917 width=0) (actual time=0.012..8978.966 rows=27000066 loops=1)
  Filter: (person_id < 2776082)
  Rows Removed by Filter: 9244278
Planning time: 0.344 ms
Execution time: 11938.932 ms
