Hash Join  (cost=911517.54..1039612.27 rows=500069 width=0) (actual time=10481.511..13325.447 rows=783800 loops=1)
  Hash Cond: (mk.movie_id = t.id)
  ->  Seq Scan on movie_keyword mk  (cost=0.00..69693.30 rows=4523930 width=4) (actual time=0.022..1050.723 rows=4523930 loops=1)
  ->  Hash  (cost=906931.79..906931.79 rows=279500 width=8) (actual time=10470.325..10470.325 rows=512080 loops=1)
        Buckets: 131072 (originally 131072)  Batches: 8 (originally 4)  Memory Usage: 3513kB
        ->  Hash Join  (cost=96754.97..906931.79 rows=279500 width=8) (actual time=4579.795..10294.899 rows=512080 loops=1)
              Hash Cond: (ci.movie_id = t.id)
              ->  Seq Scan on cast_info ci  (cost=0.00..796071.18 rows=507906 width=4) (actual time=3277.383..8188.669 rows=816978 loops=1)
                    Filter: ((person_id > 3905567) AND (role_id > 1))
                    Rows Removed by Filter: 35427366
              ->  Hash  (cost=73925.90..73925.90 rows=1391445 width=4) (actual time=1300.949..1300.949 rows=1468207 loops=1)
                    Buckets: 131072  Batches: 32  Memory Usage: 2639kB
                    ->  Seq Scan on title t  (cost=0.00..73925.90 rows=1391445 width=4) (actual time=0.028..931.073 rows=1468207 loops=1)
                          Filter: ((production_year > 1952) AND (kind_id = 7))
                          Rows Removed by Filter: 1060105
Planning time: 1.198 ms
Execution time: 13397.321 ms
