Hash Join  (cost=157210.59..1228994.27 rows=3697151 width=0) (actual time=1937.404..24238.232 rows=6585086 loops=1)
  Hash Cond: (ci.movie_id = t.id)
  ->  Seq Scan on cast_info ci  (cost=0.00..614943.12 rows=36225612 width=4) (actual time=0.023..8066.992 rows=36244344 loops=1)
  ->  Hash  (cost=152975.86..152975.86 rows=258059 width=8) (actual time=1936.580..1936.580 rows=279016 loops=1)
        Buckets: 131072  Batches: 4  Memory Usage: 3746kB
        ->  Hash Join  (cost=78556.72..152975.86 rows=258059 width=8) (actual time=646.896..1877.346 rows=279016 loops=1)
              Hash Cond: (mc.movie_id = t.id)
              ->  Seq Scan on movie_companies mc  (cost=0.00..57926.93 rows=977495 width=4) (actual time=0.026..844.379 rows=671340 loops=1)
                    Filter: ((company_id < 46051) AND (company_type_id = 2))
                    Rows Removed by Filter: 1937789
              ->  Hash  (cost=67604.59..67604.59 rows=667531 width=4) (actual time=646.108..646.108 rows=662825 loops=1)
                    Buckets: 131072  Batches: 16  Memory Usage: 2476kB
                    ->  Seq Scan on title t  (cost=0.00..67604.59 rows=667531 width=4) (actual time=95.393..506.432 rows=662825 loops=1)
                          Filter: (kind_id = 1)
                          Rows Removed by Filter: 1865487
Planning time: 1.227 ms
Execution time: 24845.658 ms
