Hash Join  (cost=76435.78..115561.04 rows=83478 width=0) (actual time=819.292..1575.293 rows=32889 loops=1)
  Hash Cond: (mi_idx.movie_id = t.id)
  ->  Seq Scan on movie_info_idx mi_idx  (cost=0.00..21735.35 rows=1380035 width=4) (actual time=0.034..312.211 rows=1380035 loops=1)
  ->  Hash  (cost=73925.90..73925.90 rows=152950 width=4) (actual time=816.955..816.955 rows=157522 loops=1)
        Buckets: 131072  Batches: 2  Memory Usage: 3795kB
        ->  Seq Scan on title t  (cost=0.00..73925.90 rows=152950 width=4) (actual time=0.040..765.768 rows=157522 loops=1)
              Filter: ((kind_id > 3) AND (production_year > 2011))
              Rows Removed by Filter: 2370790
Planning time: 0.728 ms
Execution time: 1580.191 ms
