Hash Join  (cost=215833.08..1483677.12 rows=16966449 width=0) (actual time=3311.620..34287.257 rows=40329001 loops=1)
  Hash Cond: (ci.movie_id = t.id)
  ->  Seq Scan on cast_info ci  (cost=0.00..705507.15 rows=33528373 width=4) (actual time=0.022..10297.486 rows=33504189 loops=1)
        Filter: (person_id < 3538675)
        Rows Removed by Filter: 2740155
  ->  Hash  (cost=194840.12..194840.12 rows=1279517 width=8) (actual time=3310.187..3310.187 rows=1274246 loops=1)
        Buckets: 131072  Batches: 32  Memory Usage: 2553kB
        ->  Hash Join  (cost=102767.86..194840.12 rows=1279517 width=8) (actual time=1446.115..3040.048 rows=1274246 loops=1)
              Hash Cond: (mc.movie_id = t.id)
              ->  Seq Scan on movie_companies mc  (cost=0.00..51404.11 rows=1279517 width=4) (actual time=148.449..690.067 rows=1274246 loops=1)
                    Filter: (company_type_id < 2)
                    Rows Removed by Filter: 1334883
              ->  Hash  (cost=61283.27..61283.27 rows=2528527 width=4) (actual time=1296.369..1296.369 rows=2528312 loops=1)
                    Buckets: 131072  Batches: 64  Memory Usage: 2415kB
                    ->  Seq Scan on title t  (cost=0.00..61283.27 rows=2528527 width=4) (actual time=0.042..612.601 rows=2528312 loops=1)
Planning time: 1.169 ms
Execution time: 37433.458 ms
