Hash Join  (cost=164007.21..1128145.03 rows=2582550 width=0) (actual time=2946.348..22256.162 rows=15561286 loops=1)
  Hash Cond: (ci.movie_id = t.id)
  ->  Seq Scan on cast_info ci  (cost=0.00..705507.15 rows=20024311 width=4) (actual time=406.650..9442.809 rows=20122661 loops=1)
        Filter: (role_id < 3)
        Rows Removed by Filter: 16121683
  ->  Hash  (cost=158656.89..158656.89 rows=326106 width=8) (actual time=2538.689..2538.689 rows=857949 loops=1)
        Buckets: 131072 (originally 131072)  Batches: 16 (originally 8)  Memory Usage: 3118kB
        ->  Hash Join  (cost=79111.30..158656.89 rows=326106 width=8) (actual time=858.344..2361.851 rows=857949 loops=1)
              Hash Cond: (mc.movie_id = t.id)
              ->  Seq Scan on movie_companies mc  (cost=0.00..44881.29 rows=2609129 width=4) (actual time=0.031..448.791 rows=2609129 loops=1)
              ->  Hash  (cost=73925.90..73925.90 rows=316032 width=4) (actual time=857.659..857.659 rows=400740 loops=1)
                    Buckets: 131072  Batches: 8  Memory Usage: 2793kB
                    ->  Seq Scan on title t  (cost=0.00..73925.90 rows=316032 width=4) (actual time=0.025..751.436 rows=400740 loops=1)
                          Filter: ((production_year < 2003) AND (kind_id = 1))
                          Rows Removed by Filter: 2127572
Planning time: 1.220 ms
Execution time: 23573.066 ms
