Seq Scan on cast_info ci  (cost=0.00..796071.18 rows=207204 width=0) (actual time=3288.195..7362.855 rows=348565 loops=1)
  Filter: ((person_id > 3998064) AND (role_id > 1))
  Rows Removed by Filter: 35895779
Planning time: 0.358 ms
Execution time: 7405.189 ms
