Hash Join  (cost=309897.94..1857030.33 rows=41154420 width=0) (actual time=6569.278..73457.141 rows=139152611 loops=1)
  Hash Cond: (ci.movie_id = t.id)
  ->  Seq Scan on cast_info ci  (cost=0.00..614943.12 rows=36225612 width=4) (actual time=0.011..13614.083 rows=36244344 loops=1)
  ->  Hash  (cost=262770.00..262770.00 rows=2872555 width=8) (actual time=6567.916..6567.916 rows=2858651 loops=1)
        Buckets: 131072  Batches: 64  Memory Usage: 2795kB
        ->  Hash Join  (cost=102767.86..262770.00 rows=2872555 width=8) (actual time=1909.774..5864.634 rows=2858651 loops=1)
              Hash Cond: (mk.movie_id = t.id)
              ->  Seq Scan on movie_keyword mk  (cost=0.00..81003.12 rows=2872555 width=4) (actual time=0.015..1632.327 rows=2858651 loops=1)
                    Filter: (keyword_id > 2551)
                    Rows Removed by Filter: 1665279
              ->  Hash  (cost=61283.27..61283.27 rows=2528527 width=4) (actual time=1908.813..1908.813 rows=2528312 loops=1)
                    Buckets: 131072  Batches: 64  Memory Usage: 2425kB
                    ->  Seq Scan on title t  (cost=0.00..61283.27 rows=2528527 width=4) (actual time=0.012..1061.832 rows=2528312 loops=1)
Planning time: 0.829 ms
Execution time: 89319.108 ms
