Hash Join  (cost=483811.61..580921.43 rows=238424 width=0) (actual time=5730.605..8361.134 rows=4765497 loops=1)
  Hash Cond: (mk.movie_id = t.id)
  ->  Seq Scan on movie_keyword mk  (cost=0.00..81003.12 rows=978519 width=4) (actual time=0.016..955.727 rows=984236 loops=1)
        Filter: (keyword_id < 925)
        Rows Removed by Filter: 3539694
  ->  Hash  (cost=473703.43..473703.43 rows=616095 width=8) (actual time=5729.030..5729.030 rows=598457 loops=1)
        Buckets: 131072  Batches: 16  Memory Usage: 2551kB
        ->  Hash Join  (cost=102767.86..473703.43 rows=616095 width=8) (actual time=3544.117..5609.383 rows=598457 loops=1)
              Hash Cond: (mi.movie_id = t.id)
              ->  Seq Scan on movie_info mi  (cost=0.00..346232.03 rows=616095 width=4) (actual time=2084.800..3568.188 rows=598457 loops=1)
                    Filter: (info_type_id = 15)
                    Rows Removed by Filter: 14237263
              ->  Hash  (cost=61283.27..61283.27 rows=2528527 width=4) (actual time=1432.227..1432.227 rows=2528312 loops=1)
                    Buckets: 131072  Batches: 64  Memory Usage: 2425kB
                    ->  Seq Scan on title t  (cost=0.00..61283.27 rows=2528527 width=4) (actual time=0.018..618.893 rows=2528312 loops=1)
Planning time: 0.763 ms
Execution time: 8671.261 ms
