Seq Scan on cast_info ci  (cost=0.00..705507.15 rows=19351569 width=0) (actual time=0.063..7969.309 rows=19510595 loops=1)
  Filter: (person_id > 1656242)
  Rows Removed by Filter: 16733749
Planning time: 0.340 ms
Execution time: 9958.585 ms
