Seq Scan on cast_info ci  (cost=0.00..705507.15 rows=30757657 width=0) (actual time=671.534..9228.349 rows=30854768 loops=1)
  Filter: (person_id > 519998)
  Rows Removed by Filter: 5389576
Planning time: 0.339 ms
Execution time: 12549.059 ms
