Seq Scan on movie_keyword mk  (cost=0.00..81003.12 rows=2134378 width=0) (actual time=0.022..903.005 rows=2137753 loops=1)
  Filter: (keyword_id < 3984)
  Rows Removed by Filter: 2386177
Planning time: 0.379 ms
Execution time: 1112.430 ms
