Hash Join  (cost=102767.86..198981.09 rows=1180572 width=0) (actual time=1459.566..2934.650 rows=1035895 loops=1)
  Hash Cond: (mc.movie_id = t.id)
  ->  Seq Scan on movie_companies mc  (cost=0.00..57926.93 rows=1180572 width=4) (actual time=218.473..838.883 rows=1035895 loops=1)
        Filter: ((company_id < 94499) AND (company_type_id = 2))
        Rows Removed by Filter: 1573234
  ->  Hash  (cost=61283.27..61283.27 rows=2528527 width=4) (actual time=1239.937..1239.937 rows=2528312 loops=1)
        Buckets: 131072  Batches: 64  Memory Usage: 2415kB
        ->  Seq Scan on title t  (cost=0.00..61283.27 rows=2528527 width=4) (actual time=0.034..602.108 rows=2528312 loops=1)
Planning time: 0.514 ms
Execution time: 3017.527 ms
