Seq Scan on movie_keyword mk  (cost=0.00..81003.12 rows=3673557 width=0) (actual time=0.033..1071.615 rows=3667652 loops=1)
  Filter: (keyword_id < 21445)
  Rows Removed by Filter: 856278
Planning time: 0.310 ms
Execution time: 1473.307 ms
