Hash Join  (cost=102767.86..1056729.24 rows=6151151 width=0) (actual time=2452.889..22289.668 rows=7151719 loops=1)
  Hash Cond: (ci.movie_id = t.id)
  ->  Seq Scan on cast_info ci  (cost=0.00..796071.18 rows=6151151 width=4) (actual time=388.907..13804.631 rows=7151719 loops=1)
        Filter: ((person_id < 804293) AND (role_id < 5))
        Rows Removed by Filter: 29092625
  ->  Hash  (cost=61283.27..61283.27 rows=2528527 width=4) (actual time=2062.692..2062.692 rows=2528312 loops=1)
        Buckets: 131072  Batches: 64  Memory Usage: 2415kB
        ->  Seq Scan on title t  (cost=0.00..61283.27 rows=2528527 width=4) (actual time=0.008..1078.464 rows=2528312 loops=1)
Planning time: 0.649 ms
Execution time: 23132.878 ms
