Seq Scan on movie_keyword mk  (cost=0.00..81003.12 rows=1276079 width=0) (actual time=0.023..707.638 rows=1283649 loops=1)
  Filter: (keyword_id > 13769)
  Rows Removed by Filter: 3240281
Planning time: 0.319 ms
Execution time: 815.384 ms
