Seq Scan on movie_keyword mk  (cost=0.00..81003.12 rows=3743326 width=0) (actual time=0.026..1203.468 rows=3735293 loops=1)
  Filter: (keyword_id < 23842)
  Rows Removed by Filter: 788637
Planning time: 0.304 ms
Execution time: 1651.755 ms
