Nested Loop  (cost=0.43..58375.31 rows=32 width=0) (actual time=259.730..504.983 rows=3 loops=1)
  ->  Seq Scan on movie_companies mc  (cost=0.00..57926.93 rows=53 width=4) (actual time=246.563..504.648 rows=9 loops=1)
        Filter: ((company_type_id > 1) AND (company_id = 77002))
        Rows Removed by Filter: 2609120
  ->  Index Scan using title_pkey on title t  (cost=0.43..8.45 rows=1 width=4) (actual time=0.034..0.034 rows=0 loops=9)
        Index Cond: (id = mc.movie_id)
        Filter: (kind_id = 7)
        Rows Removed by Filter: 1
Planning time: 0.534 ms
Execution time: 505.061 ms
