Hash Join  (cost=583046.46..770705.22 rows=4384993 width=0) (actual time=7930.393..14779.810 rows=30368401 loops=1)
  Hash Cond: (mk.movie_id = t.id)
  ->  Seq Scan on movie_keyword mk  (cost=0.00..81003.12 rows=3613713 width=4) (actual time=0.016..1054.372 rows=3607676 loops=1)
        Filter: (keyword_id > 866)
        Rows Removed by Filter: 916254
  ->  Hash  (cost=532708.04..532708.04 rows=3068194 width=8) (actual time=7928.166..7928.166 rows=3036719 loops=1)
        Buckets: 131072  Batches: 64  Memory Usage: 2960kB
        ->  Hash Join  (cost=102767.86..532708.04 rows=3068194 width=8) (actual time=3391.065..7129.715 rows=3036719 loops=1)
              Hash Cond: (mi.movie_id = t.id)
              ->  Seq Scan on movie_info mi  (cost=0.00..346232.03 rows=3068194 width=4) (actual time=2105.942..3591.557 rows=3036719 loops=1)
                    Filter: (info_type_id = 16)
                    Rows Removed by Filter: 11799001
              ->  Hash  (cost=61283.27..61283.27 rows=2528527 width=4) (actual time=1283.588..1283.588 rows=2528312 loops=1)
                    Buckets: 131072  Batches: 64  Memory Usage: 2425kB
                    ->  Seq Scan on title t  (cost=0.00..61283.27 rows=2528527 width=4) (actual time=0.015..600.349 rows=2528312 loops=1)
Planning time: 1.211 ms
Execution time: 16997.278 ms
