Hash Join  (cost=77312.52..201905.05 rows=694753 width=0) (actual time=969.300..2849.883 rows=966848 loops=1)
  Hash Cond: (mk.movie_id = t.id)
  ->  Seq Scan on movie_keyword mk  (cost=0.00..81003.12 rows=2969031 width=4) (actual time=0.035..883.177 rows=2952051 loops=1)
        Filter: (keyword_id < 9980)
        Rows Removed by Filter: 1571879
  ->  Hash  (cost=67604.59..67604.59 rows=591675 width=4) (actual time=968.377..968.377 rows=585020 loops=1)
        Buckets: 131072  Batches: 8  Memory Usage: 3593kB
        ->  Seq Scan on title t  (cost=0.00..67604.59 rows=591675 width=4) (actual time=0.018..782.687 rows=585020 loops=1)
              Filter: (production_year < 1985)
              Rows Removed by Filter: 1943292
Planning time: 0.812 ms
Execution time: 2921.606 ms
