Seq Scan on cast_info ci  (cost=0.00..796071.18 rows=8275873 width=0) (actual time=0.020..9253.897 rows=4374777 loops=1)
  Filter: ((person_id > 2130744) AND (role_id < 3))
  Rows Removed by Filter: 31869567
Planning time: 0.306 ms
Execution time: 9670.307 ms
