Seq Scan on cast_info ci  (cost=0.00..796071.18 rows=7954471 width=0) (actual time=0.108..8509.627 rows=4876613 loops=1)
  Filter: ((person_id > 2709442) AND (role_id < 8))
  Rows Removed by Filter: 31367731
Planning time: 0.258 ms
Execution time: 8933.260 ms
