Hash Join  (cost=83605.76..157674.13 rows=74068 width=134) (actual time=1555.615..2549.841 rows=132309 loops=1)
  Hash Cond: (mc.movie_id = t.id)
  ->  Seq Scan on movie_companies mc  (cost=0.00..57926.93 rows=525269 width=40) (actual time=229.943..911.872 rows=238418 loops=1)
        Filter: ((company_id > 14326) AND (company_type_id = 1))
        Rows Removed by Filter: 2370711
  ->  Hash  (cost=73925.90..73925.90 rows=356548 width=94) (actual time=1324.984..1324.984 rows=424572 loops=1)
        Buckets: 32768  Batches: 16  Memory Usage: 3127kB
        ->  Seq Scan on title t  (cost=0.00..73925.90 rows=356548 width=94) (actual time=38.866..1167.981 rows=424572 loops=1)
              Filter: ((production_year < 2005) AND (kind_id = 1))
              Rows Removed by Filter: 2103740
Planning time: 0.970 ms
Execution time: 2556.958 ms
