Hash Join  (cost=102767.86..185971.35 rows=910977 width=0) (actual time=984.435..2282.836 rows=910493 loops=1)
  Hash Cond: (mc.movie_id = t.id)
  ->  Seq Scan on movie_companies mc  (cost=0.00..51404.11 rows=910977 width=4) (actual time=0.013..571.825 rows=910493 loops=1)
        Filter: (company_id < 3032)
        Rows Removed by Filter: 1698636
  ->  Hash  (cost=61283.27..61283.27 rows=2528527 width=4) (actual time=983.557..983.557 rows=2528312 loops=1)
        Buckets: 131072  Batches: 64  Memory Usage: 2415kB
        ->  Seq Scan on title t  (cost=0.00..61283.27 rows=2528527 width=4) (actual time=0.018..484.523 rows=2528312 loops=1)
Planning time: 0.537 ms
Execution time: 2347.932 ms
