Hash Join  (cost=449031.53..607286.33 rows=654820 width=0) (actual time=6036.869..8603.252 rows=6049635 loops=1)
  Hash Cond: (mk.movie_id = t.id)
  ->  Seq Scan on movie_keyword mk  (cost=0.00..69693.30 rows=4523930 width=4) (actual time=0.024..706.390 rows=4523930 loops=1)
  ->  Hash  (cost=443026.61..443026.61 rows=365994 width=8) (actual time=6033.506..6033.506 rows=533304 loops=1)
        Buckets: 131072  Batches: 8  Memory Usage: 3654kB
        ->  Hash Join  (cost=74710.74..443026.61 rows=365994 width=8) (actual time=673.130..5875.346 rows=533304 loops=1)
              Hash Cond: (mi.movie_id = t.id)
              ->  Seq Scan on movie_info mi  (cost=0.00..309384.22 rows=14739122 width=4) (actual time=0.012..2033.717 rows=14835720 loops=1)
              ->  Hash  (cost=73925.90..73925.90 rows=62787 width=4) (actual time=672.777..672.777 rows=53770 loops=1)
                    Buckets: 65536  Batches: 1  Memory Usage: 2403kB
                    ->  Seq Scan on title t  (cost=0.00..73925.90 rows=62787 width=4) (actual time=0.021..654.640 rows=53770 loops=1)
                          Filter: ((kind_id < 7) AND (production_year = 2011))
                          Rows Removed by Filter: 2474542
Planning time: 1.204 ms
Execution time: 8982.516 ms
