Seq Scan on movie_companies mc  (cost=0.00..57926.93 rows=1264539 width=0) (actual time=161.367..737.405 rows=1207935 loops=1)
  Filter: ((company_id < 142763) AND (company_type_id > 1))
  Rows Removed by Filter: 1401194
Planning time: 0.369 ms
Execution time: 869.335 ms
