Hash Join  (cost=94815.82..449335.15 rows=5749 width=0) (actual time=1889.097..4755.242 rows=6405 loops=1)
  Hash Cond: (mi.movie_id = t.id)
  ->  Seq Scan on movie_info mi  (cost=0.00..346232.03 rows=2194617 width=4) (actual time=896.003..3497.970 rows=2233850 loops=1)
        Filter: (info_type_id > 16)
        Rows Removed by Filter: 12601870
  ->  Hash  (cost=94733.02..94733.02 rows=6624 width=8) (actual time=934.214..934.214 rows=5049 loops=1)
        Buckets: 8192  Batches: 1  Memory Usage: 262kB
        ->  Hash Join  (cost=67756.30..94733.02 rows=6624 width=8) (actual time=617.223..932.931 rows=5049 loops=1)
              Hash Cond: (mi_idx.movie_id = t.id)
              ->  Seq Scan on movie_info_idx mi_idx  (cost=0.00..21735.35 rows=1380035 width=4) (actual time=0.031..138.295 rows=1380035 loops=1)
              ->  Hash  (cost=67604.59..67604.59 rows=12137 width=4) (actual time=616.476..616.476 rows=11234 loops=1)
                    Buckets: 16384  Batches: 1  Memory Usage: 523kB
                    ->  Seq Scan on title t  (cost=0.00..67604.59 rows=12137 width=4) (actual time=0.068..612.085 rows=11234 loops=1)
                          Filter: (production_year < 1903)
                          Rows Removed by Filter: 2517078
Planning time: 1.163 ms
Execution time: 4756.329 ms
