Hash Join  (cost=115578.94..203423.33 rows=118635 width=0) (actual time=1518.192..3431.307 rows=1910595 loops=1)
  Hash Cond: (mk.movie_id = t.id)
  ->  Seq Scan on movie_keyword mk  (cost=0.00..69693.30 rows=4523930 width=4) (actual time=0.019..548.647 rows=4523930 loops=1)
  ->  Hash  (cost=114750.09..114750.09 rows=66308 width=8) (actual time=1517.403..1517.403 rows=149863 loops=1)
        Buckets: 131072 (originally 131072)  Batches: 2 (originally 1)  Memory Usage: 3948kB
        ->  Hash Join  (cost=75919.53..114750.09 rows=66308 width=8) (actual time=879.199..1485.200 rows=149863 loops=1)
              Hash Cond: (mi_idx.movie_id = t.id)
              ->  Seq Scan on movie_info_idx mi_idx  (cost=0.00..21735.35 rows=1380035 width=4) (actual time=0.023..214.226 rows=1380035 loops=1)
              ->  Hash  (cost=73925.90..73925.90 rows=121490 width=4) (actual time=878.371..878.371 rows=222618 loops=1)
                    Buckets: 131072 (originally 131072)  Batches: 4 (originally 2)  Memory Usage: 3073kB
                    ->  Seq Scan on title t  (cost=0.00..73925.90 rows=121490 width=4) (actual time=0.053..794.732 rows=222618 loops=1)
                          Filter: ((kind_id < 7) AND (production_year < 1966))
                          Rows Removed by Filter: 2305694
Planning time: 1.224 ms
Execution time: 3602.580 ms
