Hash Join  (cost=85935.55..191541.39 rows=435336 width=0) (actual time=860.595..2364.027 rows=864419 loops=1)
  Hash Cond: (mk.movie_id = t.id)
  ->  Seq Scan on movie_keyword mk  (cost=0.00..81003.12 rows=1503827 width=4) (actual time=0.018..769.355 rows=1511685 loops=1)
        Filter: (keyword_id < 2193)
        Rows Removed by Filter: 3012245
  ->  Hash  (cost=73925.90..73925.90 rows=731972 width=4) (actual time=859.512..859.512 rows=635910 loops=1)
        Buckets: 131072  Batches: 16  Memory Usage: 2429kB
        ->  Seq Scan on title t  (cost=0.00..73925.90 rows=731972 width=4) (actual time=0.020..678.334 rows=635910 loops=1)
              Filter: ((kind_id < 7) AND (production_year > 1984))
              Rows Removed by Filter: 1892402
Planning time: 0.762 ms
Execution time: 2438.205 ms
