Hash Join  (cost=243946.64..849915.55 rows=7181418 width=0) (actual time=3148.082..13208.583 rows=5024490 loops=1)
  Hash Cond: (mi.movie_id = t.id)
  ->  Seq Scan on movie_info mi  (cost=0.00..346232.03 rows=14279346 width=4) (actual time=0.023..4380.835 rows=14292353 loops=1)
        Filter: (info_type_id < 102)
        Rows Removed by Filter: 543367
  ->  Hash  (cost=223082.95..223082.95 rows=1271655 width=8) (actual time=3146.757..3146.757 rows=464349 loops=1)
        Buckets: 131072  Batches: 32  Memory Usage: 1560kB
        ->  Hash Join  (cost=85587.37..223082.95 rows=1271655 width=8) (actual time=904.976..3061.458 rows=464349 loops=1)
              Hash Cond: (mk.movie_id = t.id)
              ->  Seq Scan on movie_keyword mk  (cost=0.00..69693.30 rows=4523930 width=4) (actual time=0.030..793.964 rows=4523930 loops=1)
              ->  Hash  (cost=73925.90..73925.90 rows=710757 width=4) (actual time=900.301..900.301 rows=594428 loops=1)
                    Buckets: 131072  Batches: 16  Memory Usage: 2336kB
                    ->  Seq Scan on title t  (cost=0.00..73925.90 rows=710757 width=4) (actual time=0.017..752.540 rows=594428 loops=1)
                          Filter: ((kind_id > 3) AND (production_year < 2001))
                          Rows Removed by Filter: 1933884
Planning time: 1.187 ms
Execution time: 13589.399 ms
