Seq Scan on movie_companies mc  (cost=0.00..57926.93 rows=53 width=0) (actual time=297.510..454.718 rows=53 loops=1)
  Filter: ((company_type_id > 1) AND (company_id = 81902))
  Rows Removed by Filter: 2609076
Planning time: 0.361 ms
Execution time: 454.797 ms
