Seq Scan on title t  (cost=0.00..73925.90 rows=52357 width=0) (actual time=0.017..609.568 rows=56910 loops=1)
  Filter: ((kind_id > 4) AND (production_year = 2004))
  Rows Removed by Filter: 2471402
Planning time: 0.365 ms
Execution time: 616.694 ms
