Seq Scan on cast_info ci  (cost=0.00..705507.15 rows=500 width=0) (actual time=962.654..11230.235 rows=13 loops=1)
  Filter: (person_id = 3174226)
  Rows Removed by Filter: 36244331
Planning time: 0.360 ms
Execution time: 11230.320 ms
