Seq Scan on movie_keyword mk  (cost=0.00..81003.12 rows=3265962 width=0) (actual time=0.020..788.608 rows=3255392 loops=1)
  Filter: (keyword_id < 14059)
  Rows Removed by Filter: 1268538
Planning time: 0.324 ms
Execution time: 1061.483 ms
