Hash Join  (cost=102767.86..844228.29 rows=1083648 width=0) (actual time=2308.081..8465.945 rows=963077 loops=1)
  Hash Cond: (ci.movie_id = t.id)
  ->  Seq Scan on cast_info ci  (cost=0.00..705507.15 rows=1083648 width=4) (actual time=1.365..6045.389 rows=963077 loops=1)
        Filter: (person_id < 99654)
        Rows Removed by Filter: 35281267
  ->  Hash  (cost=61283.27..61283.27 rows=2528527 width=4) (actual time=1035.751..1035.751 rows=2528312 loops=1)
        Buckets: 131072  Batches: 64  Memory Usage: 2415kB
        ->  Seq Scan on title t  (cost=0.00..61283.27 rows=2528527 width=4) (actual time=0.013..501.548 rows=2528312 loops=1)
Planning time: 0.498 ms
Execution time: 8543.309 ms
