Hash Join  (cost=58375.85..809172.60 rows=759 width=0) (actual time=604.871..9490.591 rows=41992 loops=1)
  Hash Cond: (ci.movie_id = t.id)
  ->  Seq Scan on cast_info ci  (cost=0.00..614943.12 rows=36225612 width=4) (actual time=0.013..4005.100 rows=36244344 loops=1)
  ->  Hash  (cost=58375.18..58375.18 rows=53 width=8) (actual time=598.711..598.711 rows=561 loops=1)
        Buckets: 1024  Batches: 1  Memory Usage: 30kB
        ->  Nested Loop  (cost=0.43..58375.18 rows=53 width=8) (actual time=40.210..598.467 rows=561 loops=1)
              ->  Seq Scan on movie_companies mc  (cost=0.00..57926.93 rows=53 width=4) (actual time=40.131..591.786 rows=561 loops=1)
                    Filter: ((company_type_id > 1) AND (company_id = 85125))
                    Rows Removed by Filter: 2608568
              ->  Index Only Scan using title_pkey on title t  (cost=0.43..8.45 rows=1 width=4) (actual time=0.011..0.011 rows=1 loops=561)
                    Index Cond: (id = mc.movie_id)
                    Heap Fetches: 561
Planning time: 1.169 ms
Execution time: 9494.802 ms
