Seq Scan on movie_keyword mk  (cost=0.00..81003.12 rows=246 width=0) (actual time=1.429..1369.716 rows=1361 loops=1)
  Filter: (keyword_id = 9079)
  Rows Removed by Filter: 4522569
Planning time: 0.384 ms
Execution time: 1370.259 ms
