Seq Scan on cast_info ci  (cost=0.00..796071.18 rows=1443325 width=0) (actual time=1708.491..6776.400 rows=4339555 loops=1)
  Filter: ((person_id > 3267374) AND (role_id > 3))
  Rows Removed by Filter: 31904789
Planning time: 0.264 ms
Execution time: 7187.526 ms
