Seq Scan on cast_info ci  (cost=0.00..796071.18 rows=1401720 width=0) (actual time=4808.239..6505.572 rows=2786114 loops=1)
  Filter: ((person_id < 370476) AND (role_id = 1))
  Rows Removed by Filter: 33458230
Planning time: 0.432 ms
Execution time: 6682.346 ms
