Hash Join  (cost=216812.50..265204.74 rows=623576 width=0) (actual time=3478.922..4548.773 rows=2319675 loops=1)
  Hash Cond: (mi_idx.movie_id = t.id)
  ->  Seq Scan on movie_info_idx mi_idx  (cost=0.00..21735.35 rows=1380035 width=4) (actual time=0.022..202.015 rows=1380035 loops=1)
  ->  Hash  (cost=198066.89..198066.89 rows=1142529 width=8) (actual time=3477.847..3477.847 rows=1274246 loops=1)
        Buckets: 131072 (originally 131072)  Batches: 32 (originally 16)  Memory Usage: 3073kB
        ->  Hash Join  (cost=102767.86..198066.89 rows=1142529 width=8) (actual time=1311.312..3243.114 rows=1274246 loops=1)
              Hash Cond: (mc.movie_id = t.id)
              ->  Seq Scan on movie_companies mc  (cost=0.00..57926.93 rows=1142529 width=4) (actual time=155.575..568.689 rows=1274246 loops=1)
                    Filter: ((company_id < 95718) AND (company_type_id = 1))
                    Rows Removed by Filter: 1334883
              ->  Hash  (cost=61283.27..61283.27 rows=2528527 width=4) (actual time=1154.464..1154.464 rows=2528312 loops=1)
                    Buckets: 131072  Batches: 64  Memory Usage: 2415kB
                    ->  Seq Scan on title t  (cost=0.00..61283.27 rows=2528527 width=4) (actual time=0.021..553.282 rows=2528312 loops=1)
Planning time: 0.764 ms
Execution time: 4720.284 ms
