Hash Join  (cost=177856.08..218743.34 rows=186177 width=0) (actual time=2567.770..3187.372 rows=472647 loops=1)
  Hash Cond: (mi_idx.movie_id = t.id)
  ->  Seq Scan on movie_info_idx mi_idx  (cost=0.00..21735.35 rows=1380035 width=4) (actual time=0.020..196.312 rows=1380035 loops=1)
  ->  Hash  (cost=172259.12..172259.12 rows=341117 width=8) (actual time=2566.950..2566.950 rows=343942 loops=1)
        Buckets: 131072  Batches: 8  Memory Usage: 2715kB
        ->  Hash Join  (cost=102767.86..172259.12 rows=341117 width=8) (actual time=1550.189..2495.377 rows=343942 loops=1)
              Hash Cond: (mc.movie_id = t.id)
              ->  Seq Scan on movie_companies mc  (cost=0.00..51404.11 rows=341117 width=4) (actual time=295.713..525.450 rows=343942 loops=1)
                    Filter: (company_id > 88883)
                    Rows Removed by Filter: 2265187
              ->  Hash  (cost=61283.27..61283.27 rows=2528527 width=4) (actual time=1253.326..1253.326 rows=2528312 loops=1)
                    Buckets: 131072  Batches: 64  Memory Usage: 2415kB
                    ->  Seq Scan on title t  (cost=0.00..61283.27 rows=2528527 width=4) (actual time=0.019..598.005 rows=2528312 loops=1)
Planning time: 1.185 ms
Execution time: 3220.371 ms
