Seq Scan on cast_info ci  (cost=0.00..796071.18 rows=324 width=0) (actual time=3867.911..8642.834 rows=182 loops=1)
  Filter: ((role_id > 1) AND (person_id = 1292775))
  Rows Removed by Filter: 36244162
Planning time: 0.303 ms
Execution time: 8642.940 ms
