Hash Join  (cost=68173.50..128480.53 rows=10901 width=0) (actual time=801.449..1248.049 rows=4921 loops=1)
  Hash Cond: (mc.movie_id = t.id)
  ->  Seq Scan on movie_companies mc  (cost=0.00..57926.93 rows=605623 width=4) (actual time=125.136..580.673 rows=824205 loops=1)
        Filter: ((company_id < 11141) AND (company_type_id < 2))
        Rows Removed by Filter: 1784924
  ->  Hash  (cost=67604.59..67604.59 rows=45513 width=4) (actual time=527.320..527.320 rows=42820 loops=1)
        Buckets: 65536  Batches: 1  Memory Usage: 2018kB
        ->  Seq Scan on title t  (cost=0.00..67604.59 rows=45513 width=4) (actual time=0.013..517.953 rows=42820 loops=1)
              Filter: (production_year < 1913)
              Rows Removed by Filter: 2485492
Planning time: 0.500 ms
Execution time: 1249.101 ms
