Hash Join  (cost=28267.80..82933.45 rows=14 width=0) (actual time=337.346..1053.527 rows=159 loops=1)
  Hash Cond: (mc.movie_id = t.id)
  ->  Seq Scan on movie_companies mc  (cost=0.00..44881.29 rows=2609129 width=4) (actual time=0.038..396.908 rows=2609129 loops=1)
  ->  Hash  (cost=28267.64..28267.64 rows=13 width=8) (actual time=219.279..219.279 rows=6 loops=1)
        Buckets: 1024  Batches: 1  Memory Usage: 9kB
        ->  Nested Loop  (cost=0.43..28267.64 rows=13 width=8) (actual time=156.667..219.268 rows=6 loops=1)
              ->  Seq Scan on movie_info_idx mi_idx  (cost=0.00..25185.44 rows=368 width=4) (actual time=155.825..215.665 rows=260 loops=1)
                    Filter: (info_type_id > 101)
                    Rows Removed by Filter: 1379775
              ->  Index Scan using title_pkey on title t  (cost=0.43..8.37 rows=1 width=4) (actual time=0.014..0.014 rows=0 loops=260)
                    Index Cond: (id = mi_idx.movie_id)
                    Filter: ((kind_id < 7) AND (production_year > 2011))
                    Rows Removed by Filter: 1
Planning time: 1.166 ms
Execution time: 1053.663 ms
