Hash Join  (cost=68438.72..162258.69 rows=84270 width=0) (actual time=895.536..2804.392 rows=30338 loops=1)
  Hash Cond: (mk.movie_id = t.id)
  ->  Seq Scan on movie_keyword mk  (cost=0.00..81003.12 rows=3193105 width=4) (actual time=0.025..1358.258 rows=3178163 loops=1)
        Filter: (keyword_id < 12688)
        Rows Removed by Filter: 1345767
  ->  Hash  (cost=67604.59..67604.59 rows=66731 width=4) (actual time=894.482..894.482 rows=67342 loops=1)
        Buckets: 131072  Batches: 1  Memory Usage: 3392kB
        ->  Seq Scan on title t  (cost=0.00..67604.59 rows=66731 width=4) (actual time=0.017..867.680 rows=67342 loops=1)
              Filter: (production_year > 2012)
              Rows Removed by Filter: 2460970
Planning time: 0.876 ms
Execution time: 2808.880 ms
