Hash Join  (cost=178436.40..546403.28 rows=331095 width=0) (actual time=3353.663..11643.079 rows=1950794 loops=1)
  Hash Cond: (mi.movie_id = t.id)
  ->  Seq Scan on movie_info mi  (cost=0.00..309384.22 rows=14739122 width=4) (actual time=0.011..4146.441 rows=14835720 loops=1)
  ->  Hash  (cost=177726.40..177726.40 rows=56800 width=8) (actual time=3353.185..3353.185 rows=49715 loops=1)
        Buckets: 65536  Batches: 1  Memory Usage: 2454kB
        ->  Hash Join  (cost=75250.15..177726.40 rows=56800 width=8) (actual time=1226.252..3337.730 rows=49715 loops=1)
              Hash Cond: (mk.movie_id = t.id)
              ->  Seq Scan on movie_keyword mk  (cost=0.00..81003.12 rows=1780565 width=4) (actual time=0.024..1558.617 rows=1780712 loops=1)
                    Filter: (keyword_id > 7776)
                    Rows Removed by Filter: 2743218
              ->  Hash  (cost=73925.90..73925.90 rows=80660 width=4) (actual time=1225.510..1225.510 rows=88570 loops=1)
                    Buckets: 131072  Batches: 2  Memory Usage: 2591kB
                    ->  Seq Scan on title t  (cost=0.00..73925.90 rows=80660 width=4) (actual time=0.016..1190.295 rows=88570 loops=1)
                          Filter: ((production_year > 1956) AND (kind_id = 2))
                          Rows Removed by Filter: 2439742
Planning time: 1.160 ms
Execution time: 11875.921 ms
