Seq Scan on movie_companies mc  (cost=0.00..57926.93 rows=1018122 width=0) (actual time=398.273..1027.938 rows=1274246 loops=1)
  Filter: ((company_id < 72386) AND (company_type_id = 1))
  Rows Removed by Filter: 1334883
Planning time: 0.395 ms
Execution time: 1188.743 ms
