Hash Join  (cost=368949.25..2176116.38 rows=62059692 width=0) (actual time=8410.657..87101.127 rows=205823308 loops=1)
  Hash Cond: (ci.movie_id = t.id)
  ->  Seq Scan on cast_info ci  (cost=0.00..614943.12 rows=36225612 width=4) (actual time=0.007..12239.962 rows=36244344 loops=1)
  ->  Hash  (cost=297881.61..297881.61 rows=4331731 width=8) (actual time=8408.608..8408.608 rows=4328405 loops=1)
        Buckets: 131072  Batches: 64  Memory Usage: 3692kB
        ->  Hash Join  (cost=102767.86..297881.61 rows=4331731 width=8) (actual time=1831.046..7135.787 rows=4328405 loops=1)
              Hash Cond: (mk.movie_id = t.id)
              ->  Seq Scan on movie_keyword mk  (cost=0.00..81003.12 rows=4331731 width=4) (actual time=0.016..1651.466 rows=4328405 loops=1)
                    Filter: (keyword_id < 69726)
                    Rows Removed by Filter: 195525
              ->  Hash  (cost=61283.27..61283.27 rows=2528527 width=4) (actual time=1830.362..1830.362 rows=2528312 loops=1)
                    Buckets: 131072  Batches: 64  Memory Usage: 2425kB
                    ->  Seq Scan on title t  (cost=0.00..61283.27 rows=2528527 width=4) (actual time=0.009..946.818 rows=2528312 loops=1)
Planning time: 1.210 ms
Execution time: 109155.163 ms
