Nested Loop  (cost=72397.51..197102.20 rows=28 width=0) (actual time=1787.681..3362.440 rows=1124 loops=1)
  ->  Hash Join  (cost=72397.08..167225.42 rows=49741 width=8) (actual time=1357.163..2781.922 rows=77009 loops=1)
        Hash Cond: (mk.movie_id = mc.movie_id)
        ->  Seq Scan on movie_keyword mk  (cost=0.00..81003.12 rows=18699 width=4) (actual time=0.191..1162.620 rows=20522 loops=1)
              Filter: (keyword_id = 382)
              Rows Removed by Filter: 4503408
        ->  Hash  (cost=51404.11..51404.11 rows=1279517 width=4) (actual time=1355.793..1355.793 rows=1274246 loops=1)
              Buckets: 131072  Batches: 32  Memory Usage: 2474kB
              ->  Seq Scan on movie_companies mc  (cost=0.00..51404.11 rows=1279517 width=4) (actual time=0.020..947.842 rows=1274246 loops=1)
                    Filter: (company_type_id < 2)
                    Rows Removed by Filter: 1334883
  ->  Index Scan using title_pkey on title t  (cost=0.43..0.59 rows=1 width=4) (actual time=0.007..0.007 rows=0 loops=77009)
        Index Cond: (id = mc.movie_id)
        Filter: (production_year = 1978)
        Rows Removed by Filter: 1
Planning time: 1.258 ms
Execution time: 3362.868 ms
