Seq Scan on movie_companies mc  (cost=0.00..51404.11 rows=800447 width=0) (actual time=0.027..781.877 rows=807273 loops=1)
  Filter: (company_id > 29621)
  Rows Removed by Filter: 1801856
Planning time: 0.340 ms
Execution time: 888.547 ms
