Seq Scan on movie_keyword mk  (cost=0.00..81003.12 rows=2159499 width=0) (actual time=0.012..1509.214 rows=2157747 loops=1)
  Filter: (keyword_id > 5352)
  Rows Removed by Filter: 2366183
Planning time: 0.224 ms
Execution time: 1774.088 ms
