Hash Join  (cost=101278.60..156044.62 rows=10050 width=0) (actual time=1764.411..2924.065 rows=60657 loops=1)
  Hash Cond: (mc.movie_id = t.id)
  ->  Seq Scan on movie_companies mc  (cost=0.00..44881.29 rows=2609129 width=4) (actual time=0.026..578.207 rows=2609129 loops=1)
  ->  Hash  (cost=101156.85..101156.85 rows=9740 width=8) (actual time=1764.185..1764.185 rows=16269 loops=1)
        Buckets: 16384  Batches: 1  Memory Usage: 764kB
        ->  Hash Join  (cost=74148.97..101156.85 rows=9740 width=8) (actual time=1150.122..1758.679 rows=16269 loops=1)
              Hash Cond: (mi_idx.movie_id = t.id)
              ->  Seq Scan on movie_info_idx mi_idx  (cost=0.00..21735.35 rows=1380035 width=4) (actual time=0.007..312.663 rows=1380035 loops=1)
              ->  Hash  (cost=73925.90..73925.90 rows=17845 width=4) (actual time=1149.935..1149.935 rows=10782 loops=1)
                    Buckets: 32768  Batches: 1  Memory Usage: 636kB
                    ->  Seq Scan on title t  (cost=0.00..73925.90 rows=17845 width=4) (actual time=0.035..1145.170 rows=10782 loops=1)
                          Filter: ((kind_id < 2) AND (production_year = 2003))
                          Rows Removed by Filter: 2517530
Planning time: 1.214 ms
Execution time: 2932.556 ms
