Seq Scan on cast_info ci  (cost=0.00..705507.15 rows=500 width=0) (actual time=8829.605..9705.510 rows=1 loops=1)
  Filter: (person_id = 3640962)
  Rows Removed by Filter: 36244343
Planning time: 0.396 ms
Execution time: 9705.639 ms
