Hash Join  (cost=102767.86..1021956.15 rows=4706038 width=0) (actual time=3801.867..18383.417 rows=2032298 loops=1)
  Hash Cond: (ci.movie_id = t.id)
  ->  Seq Scan on cast_info ci  (cost=0.00..796071.18 rows=4706038 width=4) (actual time=1991.845..14387.067 rows=2032298 loops=1)
        Filter: ((person_id < 2964426) AND (role_id > 8))
        Rows Removed by Filter: 34212046
  ->  Hash  (cost=61283.27..61283.27 rows=2528527 width=4) (actual time=1808.829..1808.829 rows=2528312 loops=1)
        Buckets: 131072  Batches: 64  Memory Usage: 2415kB
        ->  Seq Scan on title t  (cost=0.00..61283.27 rows=2528527 width=4) (actual time=0.013..965.232 rows=2528312 loops=1)
Planning time: 0.904 ms
Execution time: 18629.071 ms
