Hash Join  (cost=102767.86..203970.97 rows=428922 width=0) (actual time=1733.730..3775.605 rows=423720 loops=1)
  Hash Cond: (mk.movie_id = t.id)
  ->  Seq Scan on movie_keyword mk  (cost=0.00..81003.12 rows=428922 width=4) (actual time=0.019..1114.378 rows=423720 loops=1)
        Filter: (keyword_id > 41233)
        Rows Removed by Filter: 4100210
  ->  Hash  (cost=61283.27..61283.27 rows=2528527 width=4) (actual time=1730.962..1730.962 rows=2528312 loops=1)
        Buckets: 131072  Batches: 64  Memory Usage: 2425kB
        ->  Seq Scan on title t  (cost=0.00..61283.27 rows=2528527 width=4) (actual time=0.023..906.532 rows=2528312 loops=1)
Planning time: 0.800 ms
Execution time: 3825.011 ms
