Hash Join  (cost=238106.98..789498.99 rows=4982316 width=0) (actual time=6381.888..51515.845 rows=144329092 loops=1)
  Hash Cond: (mi.movie_id = t.id)
  ->  Seq Scan on movie_info mi  (cost=0.00..309384.22 rows=14739122 width=4) (actual time=0.019..5380.777 rows=14835720 loops=1)
  ->  Hash  (cost=224083.90..224083.90 rows=854727 width=8) (actual time=6380.479..6380.479 rows=2511219 loops=1)
        Buckets: 131072 (originally 131072)  Batches: 64 (originally 16)  Memory Usage: 4104kB
        ->  Hash Join  (cost=82033.88..224083.90 rows=854727 width=8) (actual time=1358.472..5635.484 rows=2511219 loops=1)
              Hash Cond: (mk.movie_id = t.id)
              ->  Seq Scan on movie_keyword mk  (cost=0.00..81003.12 rows=4373499 width=4) (actual time=0.019..1706.799 rows=4360169 loops=1)
                    Filter: (keyword_id > 117)
                    Rows Removed by Filter: 163761
              ->  Hash  (cost=73925.90..73925.90 rows=494158 width=4) (actual time=1357.522..1357.522 rows=581419 loops=1)
                    Buckets: 131072  Batches: 8  Memory Usage: 3600kB
                    ->  Seq Scan on title t  (cost=0.00..73925.90 rows=494158 width=4) (actual time=0.013..1158.406 rows=581419 loops=1)
                          Filter: ((kind_id < 7) AND (production_year < 2004))
                          Rows Removed by Filter: 1946893
Planning time: 1.253 ms
Execution time: 66646.367 ms
