Hash Join  (cost=83075.10..137742.94 rows=232 width=0) (actual time=1232.548..2371.169 rows=9562 loops=1)
  Hash Cond: (mc.movie_id = t.id)
  ->  Seq Scan on movie_companies mc  (cost=0.00..44881.29 rows=2609129 width=4) (actual time=0.016..638.763 rows=2609129 loops=1)
  ->  Hash  (cost=83072.29..83072.29 rows=225 width=8) (actual time=1229.838..1229.838 rows=831 loops=1)
        Buckets: 1024  Batches: 1  Memory Usage: 41kB
        ->  Nested Loop  (cost=0.43..83072.29 rows=225 width=8) (actual time=2.911..1229.228 rows=831 loops=1)
              ->  Seq Scan on movie_keyword mk  (cost=0.00..81003.12 rows=246 width=4) (actual time=2.878..1180.669 rows=909 loops=1)
                    Filter: (keyword_id = 3991)
                    Rows Removed by Filter: 4523021
              ->  Index Scan using title_pkey on title t  (cost=0.43..8.40 rows=1 width=4) (actual time=0.052..0.052 rows=1 loops=909)
                    Index Cond: (id = mk.movie_id)
                    Filter: (production_year > 1946)
                    Rows Removed by Filter: 0
Planning time: 1.256 ms
Execution time: 2372.757 ms
