Seq Scan on movie_companies mc  (cost=0.00..51404.11 rows=104 width=0) (actual time=185.265..807.936 rows=430 loops=1)
  Filter: (company_id = 823)
  Rows Removed by Filter: 2608699
Planning time: 0.390 ms
Execution time: 808.082 ms
