Seq Scan on movie_companies mc  (cost=0.00..57926.93 rows=835275 width=0) (actual time=391.201..992.874 rows=634327 loops=1)
  Filter: ((company_id > 2936) AND (company_type_id = 1))
  Rows Removed by Filter: 1974802
Planning time: 0.286 ms
Execution time: 1073.296 ms
