Hash Join  (cost=73950.44..438720.80 rows=11443 width=0) (actual time=979.931..7572.628 rows=38820 loops=1)
  Hash Cond: (mi.movie_id = t.id)
  ->  Seq Scan on movie_info mi  (cost=0.00..309384.22 rows=14739122 width=4) (actual time=0.017..3561.841 rows=14835720 loops=1)
  ->  Hash  (cost=73925.90..73925.90 rows=1963 width=4) (actual time=979.840..979.840 rows=2778 loops=1)
        Buckets: 4096 (originally 2048)  Batches: 1 (originally 1)  Memory Usage: 130kB
        ->  Seq Scan on title t  (cost=0.00..73925.90 rows=1963 width=4) (actual time=118.329..978.381 rows=2778 loops=1)
              Filter: ((kind_id < 2) AND (production_year = 1936))
              Rows Removed by Filter: 2525534
Planning time: 0.873 ms
Execution time: 7579.743 ms
