Seq Scan on cast_info ci  (cost=0.00..705507.15 rows=31523381 width=0) (actual time=0.021..11817.722 rows=31647257 loops=1)
  Filter: (person_id > 444619)
  Rows Removed by Filter: 4597087
Planning time: 0.339 ms
Execution time: 15744.875 ms
