Hash Join  (cost=73950.44..102574.61 rows=710 width=0) (actual time=1144.434..1569.379 rows=766 loops=1)
  Hash Cond: (mi_idx.movie_id = t.id)
  ->  Seq Scan on movie_info_idx mi_idx  (cost=0.00..25185.44 rows=915101 width=4) (actual time=0.040..457.364 rows=919850 loops=1)
        Filter: (info_type_id < 101)
        Rows Removed by Filter: 460185
  ->  Hash  (cost=73925.90..73925.90 rows=1963 width=4) (actual time=958.434..958.434 rows=2847 loops=1)
        Buckets: 4096 (originally 2048)  Batches: 1 (originally 1)  Memory Usage: 133kB
        ->  Seq Scan on title t  (cost=0.00..73925.90 rows=1963 width=4) (actual time=483.520..956.963 rows=2847 loops=1)
              Filter: ((kind_id = 1) AND (production_year = 1926))
              Rows Removed by Filter: 2525465
Planning time: 0.880 ms
Execution time: 1569.635 ms
