Hash Join  (cost=510374.62..1267038.71 rows=1400557 width=0) (actual time=16667.810..21381.652 rows=1859057 loops=1)
  Hash Cond: (ci.movie_id = t.id)
  ->  Seq Scan on cast_info ci  (cost=0.00..705507.15 rows=2783032 width=4) (actual time=8222.395..10653.387 rows=2829012 loops=1)
        Filter: (person_id > 3526957)
        Rows Removed by Filter: 33415332
  ->  Hash  (cost=489497.65..489497.65 rows=1272478 width=8) (actual time=8444.471..8444.471 rows=1325361 loops=1)
        Buckets: 131072  Batches: 32  Memory Usage: 2635kB
        ->  Hash Join  (cost=102767.86..489497.65 rows=1272478 width=8) (actual time=2542.734..8059.462 rows=1325361 loops=1)
              Hash Cond: (mi.movie_id = t.id)
              ->  Seq Scan on movie_info mi  (cost=0.00..346232.03 rows=1272478 width=4) (actual time=733.414..4725.771 rows=1325361 loops=1)
                    Filter: (info_type_id = 8)
                    Rows Removed by Filter: 13510359
              ->  Hash  (cost=61283.27..61283.27 rows=2528527 width=4) (actual time=1807.995..1807.995 rows=2528312 loops=1)
                    Buckets: 131072  Batches: 64  Memory Usage: 2425kB
                    ->  Seq Scan on title t  (cost=0.00..61283.27 rows=2528527 width=4) (actual time=0.013..997.098 rows=2528312 loops=1)
Planning time: 1.244 ms
Execution time: 21602.677 ms
