Hash Join  (cost=114352.76..202337.88 rows=132709 width=0) (actual time=2506.186..3824.675 rows=104574 loops=1)
  Hash Cond: (mk.movie_id = t.id)
  ->  Seq Scan on movie_keyword mk  (cost=0.00..69693.30 rows=4523930 width=4) (actual time=0.021..915.453 rows=4523930 loops=1)
  ->  Hash  (cost=113425.58..113425.58 rows=74174 width=8) (actual time=2044.127..2044.127 rows=32289 loops=1)
        Buckets: 131072  Batches: 1  Memory Usage: 2286kB
        ->  Hash Join  (cost=80549.28..113425.58 rows=74174 width=8) (actual time=1456.245..2030.563 rows=32289 loops=1)
              Hash Cond: (mi_idx.movie_id = t.id)
              ->  Seq Scan on movie_info_idx mi_idx  (cost=0.00..25185.44 rows=464566 width=4) (actual time=0.012..478.351 rows=459925 loops=1)
                    Filter: (info_type_id = 101)
                    Rows Removed by Filter: 920110
              ->  Hash  (cost=73925.90..73925.90 rows=403710 width=4) (actual time=1264.355..1264.355 rows=434218 loops=1)
                    Buckets: 131072  Batches: 8  Memory Usage: 2935kB
                    ->  Seq Scan on title t  (cost=0.00..73925.90 rows=403710 width=4) (actual time=0.025..1124.441 rows=434218 loops=1)
                          Filter: ((production_year > 2008) AND (kind_id = 7))
                          Rows Removed by Filter: 2094094
Planning time: 1.300 ms
Execution time: 3838.758 ms
