Hash Join  (cost=93387.01..450481.82 rows=179773 width=0) (actual time=6117.857..7042.998 rows=51311 loops=1)
  Hash Cond: (mi.movie_id = t.id)
  ->  Seq Scan on movie_info mi  (cost=0.00..346232.03 rows=383217 width=4) (actual time=4429.001..4990.822 rows=368218 loops=1)
        Filter: (info_type_id = 17)
        Rows Removed by Filter: 14467502
  ->  Hash  (cost=73925.90..73925.90 rows=1186168 width=4) (actual time=1674.834..1674.834 rows=1312621 loops=1)
        Buckets: 131072  Batches: 16  Memory Usage: 3928kB
        ->  Seq Scan on title t  (cost=0.00..73925.90 rows=1186168 width=4) (actual time=0.024..1242.198 rows=1312621 loops=1)
              Filter: ((kind_id > 3) AND (production_year > 1988))
              Rows Removed by Filter: 1215691
Planning time: 0.826 ms
Execution time: 7048.901 ms
