Seq Scan on cast_info ci  (cost=0.00..796071.18 rows=324 width=0) (actual time=10353.903..14741.739 rows=67 loops=1)
  Filter: ((role_id > 1) AND (person_id = 1230782))
  Rows Removed by Filter: 36244277
Planning time: 0.377 ms
Execution time: 14741.846 ms
