Seq Scan on movie_companies mc  (cost=0.00..57926.93 rows=2516 width=0) (actual time=5.131..672.342 rows=949 loops=1)
  Filter: ((company_id = 394) AND (company_type_id = 1))
  Rows Removed by Filter: 2608180
Planning time: 0.487 ms
Execution time: 672.598 ms
