Nested Loop  (cost=0.43..83072.29 rows=150 width=0) (actual time=4.958..1205.293 rows=27 loops=1)
  ->  Seq Scan on movie_keyword mk  (cost=0.00..81003.12 rows=246 width=4) (actual time=4.916..1192.147 rows=183 loops=1)
        Filter: (keyword_id = 4923)
        Rows Removed by Filter: 4523747
  ->  Index Scan using title_pkey on title t  (cost=0.43..8.40 rows=1 width=4) (actual time=0.069..0.069 rows=0 loops=183)
        Index Cond: (id = mk.movie_id)
        Filter: (kind_id = 7)
        Rows Removed by Filter: 1
Planning time: 0.799 ms
Execution time: 1205.399 ms
