Hash Join  (cost=78097.80..1079942.02 rows=2362774 width=0) (actual time=1125.012..26967.595 rows=781026 loops=1)
  Hash Cond: (ci.movie_id = t.id)
  ->  Seq Scan on cast_info ci  (cost=0.00..705507.15 rows=23499554 width=4) (actual time=0.023..14865.138 rows=23573656 loops=1)
        Filter: (role_id > 1)
        Rows Removed by Filter: 12670688
  ->  Hash  (cost=73925.90..73925.90 rows=254232 width=4) (actual time=1123.106..1123.106 rows=145458 loops=1)
        Buckets: 131072  Batches: 4  Memory Usage: 2301kB
        ->  Seq Scan on title t  (cost=0.00..73925.90 rows=254232 width=4) (actual time=0.017..1073.757 rows=145458 loops=1)
              Filter: ((production_year < 1973) AND (kind_id = 7))
              Rows Removed by Filter: 2382854
Planning time: 0.861 ms
Execution time: 27065.994 ms
