Hash Join  (cost=69374.09..143209.05 rows=55064 width=0) (actual time=1300.461..2709.378 rows=44922 loops=1)
  Hash Cond: (mc.movie_id = t.id)
  ->  Seq Scan on movie_companies mc  (cost=0.00..57926.93 rows=1291570 width=4) (actual time=287.648..1207.270 rows=1260939 loops=1)
        Filter: ((company_id < 173963) AND (company_type_id = 2))
        Rows Removed by Filter: 1348190
  ->  Hash  (cost=67604.59..67604.59 rows=107800 width=4) (actual time=1011.867..1011.867 rows=108429 loops=1)
        Buckets: 131072  Batches: 2  Memory Usage: 2931kB
        ->  Seq Scan on title t  (cost=0.00..67604.59 rows=107800 width=4) (actual time=0.023..970.027 rows=108429 loops=1)
              Filter: (production_year = 2006)
              Rows Removed by Filter: 2419883
Planning time: 1.181 ms
Execution time: 2716.073 ms
