Seq Scan on movie_companies mc  (cost=0.00..57926.93 rows=53 width=0) (actual time=443.863..790.320 rows=555 loops=1)
  Filter: ((company_type_id > 1) AND (company_id = 16339))
  Rows Removed by Filter: 2608574
Planning time: 3.633 ms
Execution time: 790.573 ms
