Hash Join  (cost=216767.99..711979.18 rows=3273583 width=0) (actual time=4177.400..21003.310 rows=27126494 loops=1)
  Hash Cond: (mi.movie_id = t.id)
  ->  Seq Scan on movie_info mi  (cost=0.00..346232.03 rows=9767026 width=4) (actual time=0.024..6058.026 rows=9911754 loops=1)
        Filter: (info_type_id > 4)
        Rows Removed by Filter: 4923966
  ->  Hash  (cost=202863.51..202863.51 rows=847478 width=8) (actual time=4176.299..4176.299 rows=567280 loops=1)
        Buckets: 131072  Batches: 16  Memory Usage: 2494kB
        ->  Hash Join  (cost=82423.69..202863.51 rows=847478 width=8) (actual time=1251.730..4006.408 rows=567280 loops=1)
              Hash Cond: (mk.movie_id = t.id)
              ->  Seq Scan on movie_keyword mk  (cost=0.00..81003.12 rows=2372512 width=4) (actual time=0.024..1501.511 rows=2365735 loops=1)
                    Filter: (keyword_id > 4099)
                    Rows Removed by Filter: 2158195
              ->  Hash  (cost=67604.59..67604.59 rows=903208 width=4) (actual time=1250.119..1250.119 rows=904491 loops=1)
                    Buckets: 131072  Batches: 16  Memory Usage: 3017kB
                    ->  Seq Scan on title t  (cost=0.00..67604.59 rows=903208 width=4) (actual time=0.012..966.470 rows=904491 loops=1)
                          Filter: (production_year > 2006)
                          Rows Removed by Filter: 1623821
Planning time: 3.646 ms
Execution time: 24140.087 ms
