Hash Join  (cost=67697.55..432786.99 rows=43351 width=0) (actual time=1346.967..7300.091 rows=13782 loops=1)
  Hash Cond: (mi.movie_id = t.id)
  ->  Seq Scan on movie_info mi  (cost=0.00..309384.22 rows=14739122 width=4) (actual time=0.010..3578.727 rows=14835720 loops=1)
  ->  Hash  (cost=67604.59..67604.59 rows=7437 width=4) (actual time=883.558..883.558 rows=1740 loops=1)
        Buckets: 8192  Batches: 1  Memory Usage: 126kB
        ->  Seq Scan on title t  (cost=0.00..67604.59 rows=7437 width=4) (actual time=0.112..882.596 rows=1740 loops=1)
              Filter: (production_year = 1898)
              Rows Removed by Filter: 2526572
Planning time: 0.803 ms
Execution time: 7302.879 ms
