Hash Join  (cost=101906.67..467936.69 rows=137410 width=0) (actual time=1846.817..10114.647 rows=645867 loops=1)
  Hash Cond: (mi.movie_id = t.id)
  ->  Seq Scan on movie_info mi  (cost=0.00..309384.22 rows=14739122 width=4) (actual time=0.023..4579.429 rows=14835720 loops=1)
  ->  Hash  (cost=101612.00..101612.00 rows=23573 width=8) (actual time=1846.536..1846.536 rows=34546 loops=1)
        Buckets: 65536 (originally 32768)  Batches: 1 (originally 1)  Memory Usage: 1862kB
        ->  Hash Join  (cost=74465.79..101612.00 rows=23573 width=8) (actual time=1172.684..1834.404 rows=34546 loops=1)
              Hash Cond: (mi_idx.movie_id = t.id)
              ->  Seq Scan on movie_info_idx mi_idx  (cost=0.00..21735.35 rows=1380035 width=4) (actual time=0.015..337.851 rows=1380035 loops=1)
              ->  Hash  (cost=73925.90..73925.90 rows=43191 width=4) (actual time=1172.329..1172.329 rows=29779 loops=1)
                    Buckets: 65536  Batches: 1  Memory Usage: 1559kB
                    ->  Seq Scan on title t  (cost=0.00..73925.90 rows=43191 width=4) (actual time=0.062..1159.969 rows=29779 loops=1)
                          Filter: ((kind_id < 4) AND (production_year = 2008))
                          Rows Removed by Filter: 2498533
Planning time: 1.179 ms
Execution time: 10201.764 ms
