Seq Scan on movie_companies mc  (cost=0.00..57926.93 rows=53 width=0) (actual time=170.809..504.342 rows=182 loops=1)
  Filter: ((company_id = 5) AND (company_type_id = 2))
  Rows Removed by Filter: 2608947
Planning time: 10.631 ms
Execution time: 504.481 ms
