Hash Join  (cost=483713.11..622423.58 rows=1371344 width=0) (actual time=8223.939..28653.757 rows=77783322 loops=1)
  Hash Cond: (mk.movie_id = t.id)
  ->  Seq Scan on movie_keyword mk  (cost=0.00..69693.30 rows=4523930 width=4) (actual time=0.016..1294.044 rows=4523930 loops=1)
  ->  Hash  (cost=471137.17..471137.17 rows=766475 width=8) (actual time=8222.324..8222.324 rows=1644784 loops=1)
        Buckets: 131072 (originally 131072)  Batches: 32 (originally 16)  Memory Usage: 3073kB
        ->  Hash Join  (cost=88414.58..471137.17 rows=766475 width=8) (actual time=3049.249..7735.196 rows=1644784 loops=1)
              Hash Cond: (mi.movie_id = t.id)
              ->  Seq Scan on movie_info mi  (cost=0.00..346232.03 rows=2194617 width=4) (actual time=1695.265..4779.766 rows=2233850 loops=1)
                    Filter: (info_type_id > 16)
                    Rows Removed by Filter: 12601870
              ->  Hash  (cost=73925.90..73925.90 rows=883094 width=4) (actual time=1304.968..1304.968 rows=797389 loops=1)
                    Buckets: 131072  Batches: 16  Memory Usage: 2786kB
                    ->  Seq Scan on title t  (cost=0.00..73925.90 rows=883094 width=4) (actual time=0.032..1046.471 rows=797389 loops=1)
                          Filter: ((kind_id < 7) AND (production_year > 1955))
                          Rows Removed by Filter: 1730923
Planning time: 1.833 ms
Execution time: 37054.897 ms
