Hash Join  (cost=169868.91..225299.24 rows=76481 width=0) (actual time=2887.209..3644.280 rows=43791 loops=1)
  Hash Cond: (mc.movie_id = t.id)
  ->  Seq Scan on movie_companies mc  (cost=0.00..44881.29 rows=2609129 width=4) (actual time=0.031..478.518 rows=2609129 loops=1)
  ->  Hash  (cost=168942.44..168942.44 rows=74118 width=8) (actual time=2615.408..2615.408 rows=17532 loops=1)
        Buckets: 131072  Batches: 1  Memory Usage: 1709kB
        ->  Hash Join  (cost=79273.71..168942.44 rows=74118 width=8) (actual time=1484.512..2609.452 rows=17532 loops=1)
              Hash Cond: (mk.movie_id = t.id)
              ->  Seq Scan on movie_keyword mk  (cost=0.00..81003.12 rows=575047 width=4) (actual time=0.029..1291.204 rows=573044 loops=1)
                    Filter: (keyword_id > 32074)
                    Rows Removed by Filter: 3950886
              ->  Hash  (cost=73925.90..73925.90 rows=325904 width=4) (actual time=1046.049..1046.049 rows=349534 loops=1)
                    Buckets: 131072  Batches: 8  Memory Usage: 2572kB
                    ->  Seq Scan on title t  (cost=0.00..73925.90 rows=325904 width=4) (actual time=0.019..926.829 rows=349534 loops=1)
                          Filter: ((production_year > 2009) AND (kind_id = 7))
                          Rows Removed by Filter: 2178778
Planning time: 1.216 ms
Execution time: 3649.720 ms
