Seq Scan on cast_info ci  (cost=0.00..705507.15 rows=3499561 width=0) (actual time=4.641..10482.984 rows=3374850 loops=1)
  Filter: (person_id < 324588)
  Rows Removed by Filter: 32869494
Planning time: 0.343 ms
Execution time: 10893.293 ms
