Hash Join  (cost=100908.38..187594.80 rows=2838 width=0) (actual time=1526.156..3230.901 rows=117364 loops=1)
  Hash Cond: (mk.movie_id = t.id)
  ->  Seq Scan on movie_keyword mk  (cost=0.00..69693.30 rows=4523930 width=4) (actual time=0.007..845.091 rows=4523930 loops=1)
  ->  Hash  (cost=100888.56..100888.56 rows=1586 width=8) (actual time=1525.647..1525.647 rows=11589 loops=1)
        Buckets: 16384 (originally 2048)  Batches: 1 (originally 1)  Memory Usage: 581kB
        ->  Hash Join  (cost=73962.22..100888.56 rows=1586 width=8) (actual time=965.776..1521.156 rows=11589 loops=1)
              Hash Cond: (mi_idx.movie_id = t.id)
              ->  Seq Scan on movie_info_idx mi_idx  (cost=0.00..21735.35 rows=1380035 width=4) (actual time=0.016..263.147 rows=1380035 loops=1)
              ->  Hash  (cost=73925.90..73925.90 rows=2905 width=4) (actual time=965.626..965.626 rows=9474 loops=1)
                    Buckets: 16384 (originally 4096)  Batches: 1 (originally 1)  Memory Usage: 462kB
                    ->  Seq Scan on title t  (cost=0.00..73925.90 rows=2905 width=4) (actual time=0.955..961.065 rows=9474 loops=1)
                          Filter: ((kind_id < 7) AND (production_year = 1991))
                          Rows Removed by Filter: 2518838
Planning time: 1.121 ms
Execution time: 3246.266 ms
