Seq Scan on movie_keyword mk  (cost=0.00..81003.12 rows=246 width=0) (actual time=0.590..1118.365 rows=759 loops=1)
  Filter: (keyword_id = 3055)
  Rows Removed by Filter: 4523171
Planning time: 0.233 ms
Execution time: 1118.683 ms
