Hash Join  (cost=76796.18..202611.49 rows=312927 width=0) (actual time=1261.023..4532.137 rows=379694 loops=1)
  Hash Cond: (mk.movie_id = t.id)
  ->  Seq Scan on movie_keyword mk  (cost=0.00..69693.30 rows=4523930 width=4) (actual time=0.024..1479.372 rows=4523930 loops=1)
  ->  Hash  (cost=73925.90..73925.90 rows=174902 width=4) (actual time=1259.783..1259.783 rows=160286 loops=1)
        Buckets: 131072  Batches: 4  Memory Usage: 2442kB
        ->  Seq Scan on title t  (cost=0.00..73925.90 rows=174902 width=4) (actual time=0.012..1206.262 rows=160286 loops=1)
              Filter: ((production_year > 2008) AND (kind_id = 1))
              Rows Removed by Filter: 2368026
Planning time: 0.720 ms
Execution time: 4580.018 ms
