Hash Join  (cost=237214.10..1422356.17 rows=17134314 width=0) (actual time=8660.493..39707.660 rows=22760934 loops=1)
  Hash Cond: (ci.movie_id = t.id)
  ->  Seq Scan on cast_info ci  (cost=0.00..705507.15 rows=23499554 width=4) (actual time=2874.319..14582.398 rows=23573656 loops=1)
        Filter: (role_id > 1)
        Rows Removed by Filter: 12670688
  ->  Hash  (cost=206966.68..206966.68 rows=1843634 width=8) (actual time=5785.058..5785.058 rows=1287264 loops=1)
        Buckets: 131072  Batches: 32  Memory Usage: 2568kB
        ->  Hash Join  (cost=103239.40..206966.68 rows=1843634 width=8) (actual time=2666.988..5407.164 rows=1287264 loops=1)
              Hash Cond: (mc.movie_id = t.id)
              ->  Seq Scan on movie_companies mc  (cost=0.00..44881.29 rows=2609129 width=4) (actual time=0.036..790.927 rows=2609129 loops=1)
              ->  Hash  (cost=73925.90..73925.90 rows=1786680 width=4) (actual time=2665.628..2665.628 rows=1799906 loops=1)
                    Buckets: 131072  Batches: 32  Memory Usage: 3007kB
                    ->  Seq Scan on title t  (cost=0.00..73925.90 rows=1786680 width=4) (actual time=0.027..1458.623 rows=1799906 loops=1)
                          Filter: ((kind_id > 1) AND (production_year > 1911))
                          Rows Removed by Filter: 728406
Planning time: 9.462 ms
Execution time: 42453.302 ms
