Hash Join  (cost=83074.74..434326.74 rows=130 width=0) (actual time=5227.311..6357.059 rows=1545 loops=1)
  Hash Cond: (mi.movie_id = t.id)
  ->  Seq Scan on movie_info mi  (cost=0.00..346232.03 rows=1338312 width=4) (actual time=3877.683..4823.389 rows=1401902 loops=1)
        Filter: (info_type_id = 7)
        Rows Removed by Filter: 13433818
  ->  Hash  (cost=83071.67..83071.67 rows=246 width=8) (actual time=1331.502..1331.502 rows=332 loops=1)
        Buckets: 1024  Batches: 1  Memory Usage: 21kB
        ->  Nested Loop  (cost=0.43..83071.67 rows=246 width=8) (actual time=5.757..1331.188 rows=332 loops=1)
              ->  Seq Scan on movie_keyword mk  (cost=0.00..81003.12 rows=246 width=4) (actual time=5.663..1315.041 rows=332 loops=1)
                    Filter: (keyword_id = 10285)
                    Rows Removed by Filter: 4523598
              ->  Index Only Scan using title_pkey on title t  (cost=0.43..8.40 rows=1 width=4) (actual time=0.046..0.046 rows=1 loops=332)
                    Index Cond: (id = mk.movie_id)
                    Heap Fetches: 332
Planning time: 1.105 ms
Execution time: 6357.366 ms
