Seq Scan on movie_keyword mk  (cost=0.00..81003.12 rows=132023 width=0) (actual time=23.477..1106.843 rows=128691 loops=1)
  Filter: (keyword_id > 76601)
  Rows Removed by Filter: 4395239
Planning time: 0.311 ms
Execution time: 1124.958 ms
