Hash Join  (cost=74080.83..953990.17 rows=108172 width=0) (actual time=1040.878..21516.952 rows=91817 loops=1)
  Hash Cond: (ci.movie_id = t.id)
  ->  Seq Scan on cast_info ci  (cost=0.00..796071.18 rows=22068383 width=4) (actual time=0.016..16534.413 rows=22963522 loops=1)
        Filter: ((person_id > 210424) AND (role_id > 1))
        Rows Removed by Filter: 13280822
  ->  Hash  (cost=73925.90..73925.90 rows=12394 width=4) (actual time=1040.611..1040.611 rows=7075 loops=1)
        Buckets: 16384  Batches: 1  Memory Usage: 377kB
        ->  Seq Scan on title t  (cost=0.00..73925.90 rows=12394 width=4) (actual time=367.578..1037.567 rows=7075 loops=1)
              Filter: ((kind_id = 1) AND (production_year = 1998))
              Rows Removed by Filter: 2521237
Planning time: 0.874 ms
Execution time: 21534.884 ms
