Seq Scan on movie_keyword mk  (cost=0.00..81003.12 rows=4151439 width=0) (actual time=0.031..1405.128 rows=4153224 loops=1)
  Filter: (keyword_id < 45606)
  Rows Removed by Filter: 370706
Planning time: 0.267 ms
Execution time: 1938.635 ms
