Hash Join  (cost=83074.74..442900.14 rows=353 width=0) (actual time=907.660..6253.373 rows=3742 loops=1)
  Hash Cond: (mi.movie_id = t.id)
  ->  Seq Scan on movie_info mi  (cost=0.00..346232.03 rows=3623957 width=4) (actual time=0.023..4794.512 rows=3624977 loops=1)
        Filter: (info_type_id < 4)
        Rows Removed by Filter: 11210743
  ->  Hash  (cost=83071.67..83071.67 rows=246 width=8) (actual time=907.549..907.549 rows=1134 loops=1)
        Buckets: 2048 (originally 1024)  Batches: 1 (originally 1)  Memory Usage: 61kB
        ->  Nested Loop  (cost=0.43..83071.67 rows=246 width=8) (actual time=0.135..906.850 rows=1134 loops=1)
              ->  Seq Scan on movie_keyword mk  (cost=0.00..81003.12 rows=246 width=4) (actual time=0.084..861.605 rows=1134 loops=1)
                    Filter: (keyword_id = 10648)
                    Rows Removed by Filter: 4522796
              ->  Index Only Scan using title_pkey on title t  (cost=0.43..8.40 rows=1 width=4) (actual time=0.039..0.039 rows=1 loops=1134)
                    Index Cond: (id = mk.movie_id)
                    Heap Fetches: 1134
Planning time: 1.110 ms
Execution time: 6254.342 ms
