Seq Scan on cast_info ci  (cost=0.00..796071.18 rows=12 width=0) (actual time=9952.965..10249.061 rows=93 loops=1)
  Filter: ((person_id = 3289042) AND (role_id = 5))
  Rows Removed by Filter: 36244251
Planning time: 0.380 ms
Execution time: 10249.215 ms
