Seq Scan on cast_info ci  (cost=0.00..705507.15 rows=500 width=0) (actual time=3669.694..10131.096 rows=481 loops=1)
  Filter: (person_id = 645136)
  Rows Removed by Filter: 36243863
Planning time: 0.320 ms
Execution time: 10131.263 ms
