Hash Join  (cost=705874.48..1759527.41 rows=13449164 width=0) (actual time=15856.733..57263.419 rows=88236549 loops=1)
  Hash Cond: (ci.movie_id = t.id)
  ->  Seq Scan on cast_info ci  (cost=0.00..796071.18 rows=5571811 width=4) (actual time=0.032..11614.780 rows=10450560 loops=1)
        Filter: ((person_id > 2426055) AND (role_id > 2))
        Rows Removed by Filter: 25793784
  ->  Hash  (cost=605740.91..605740.91 rows=6103325 width=8) (actual time=15853.834..15853.834 rows=6083429 loops=1)
        Buckets: 131072  Batches: 128  Memory Usage: 2875kB
        ->  Hash Join  (cost=102767.86..605740.91 rows=6103325 width=8) (actual time=1888.952..13988.337 rows=6083429 loops=1)
              Hash Cond: (mi.movie_id = t.id)
              ->  Seq Scan on movie_info mi  (cost=0.00..346232.03 rows=6103325 width=4) (actual time=0.026..5505.363 rows=6083429 loops=1)
                    Filter: (info_type_id > 9)
                    Rows Removed by Filter: 8752291
              ->  Hash  (cost=61283.27..61283.27 rows=2528527 width=4) (actual time=1887.261..1887.261 rows=2528312 loops=1)
                    Buckets: 131072  Batches: 64  Memory Usage: 2425kB
                    ->  Seq Scan on title t  (cost=0.00..61283.27 rows=2528527 width=4) (actual time=0.023..1002.795 rows=2528312 loops=1)
Planning time: 0.961 ms
Execution time: 67180.094 ms
