Seq Scan on cast_info ci  (cost=0.00..796071.18 rows=8210836 width=0) (actual time=0.022..11945.774 rows=3400828 loops=1)
  Filter: ((person_id > 1265102) AND (role_id < 2))
  Rows Removed by Filter: 32843516
Planning time: 0.326 ms
Execution time: 12341.019 ms
