Seq Scan on cast_info ci  (cost=0.00..796071.18 rows=21075911 width=0) (actual time=0.024..14497.261 rows=21145068 loops=1)
  Filter: ((person_id > 1464192) AND (role_id < 11))
  Rows Removed by Filter: 15099276
Planning time: 0.314 ms
Execution time: 17065.432 ms
