Hash Join  (cost=102065.08..186450.79 rows=9386 width=0) (actual time=1528.352..2575.370 rows=72092 loops=1)
  Hash Cond: (mk.movie_id = t.id)
  ->  Seq Scan on movie_keyword mk  (cost=0.00..81003.12 rows=876994 width=4) (actual time=0.370..911.244 rows=884422 loops=1)
        Filter: (keyword_id > 20853)
        Rows Removed by Filter: 3639508
  ->  Hash  (cost=101726.81..101726.81 rows=27062 width=8) (actual time=1527.493..1527.493 rows=39613 loops=1)
        Buckets: 65536 (originally 32768)  Batches: 1 (originally 1)  Memory Usage: 2060kB
        ->  Hash Join  (cost=74545.71..101726.81 rows=27062 width=8) (actual time=985.091..1514.175 rows=39613 loops=1)
              Hash Cond: (mi_idx.movie_id = t.id)
              ->  Seq Scan on movie_info_idx mi_idx  (cost=0.00..21735.35 rows=1380035 width=4) (actual time=0.024..230.751 rows=1380035 loops=1)
              ->  Hash  (cost=73925.90..73925.90 rows=49584 width=4) (actual time=984.702..984.702 rows=38752 loops=1)
                    Buckets: 65536  Batches: 1  Memory Usage: 1875kB
                    ->  Seq Scan on title t  (cost=0.00..73925.90 rows=49584 width=4) (actual time=0.026..969.415 rows=38752 loops=1)
                          Filter: ((kind_id < 7) AND (production_year = 2008))
                          Rows Removed by Filter: 2489560
Planning time: 1.116 ms
Execution time: 2582.797 ms
