Hash Join  (cost=75393.26..199344.58 rows=159929 width=0) (actual time=1542.492..4197.358 rows=111052 loops=1)
  Hash Cond: (mk.movie_id = t.id)
  ->  Seq Scan on movie_keyword mk  (cost=0.00..69693.30 rows=4523930 width=4) (actual time=0.017..1282.639 rows=4523930 loops=1)
  ->  Hash  (cost=73925.90..73925.90 rows=89388 width=4) (actual time=1541.434..1541.434 rows=80461 loops=1)
        Buckets: 131072  Batches: 2  Memory Usage: 2447kB
        ->  Seq Scan on title t  (cost=0.00..73925.90 rows=89388 width=4) (actual time=0.018..1029.897 rows=80461 loops=1)
              Filter: ((kind_id < 6) AND (production_year > 2011))
              Rows Removed by Filter: 2447851
Planning time: 0.491 ms
Execution time: 4212.308 ms
