Seq Scan on movie_keyword mk  (cost=0.00..81003.12 rows=462313 width=0) (actual time=0.026..1253.082 rows=472050 loops=1)
  Filter: (keyword_id < 358)
  Rows Removed by Filter: 4051880
Planning time: 2.254 ms
Execution time: 1315.648 ms
