Hash Join  (cost=28268.52..884012.99 rows=905 width=0) (actual time=1035.535..18128.264 rows=14700 loops=1)
  Hash Cond: (ci.movie_id = t.id)
  ->  Seq Scan on cast_info ci  (cost=0.00..796071.18 rows=15910461 width=4) (actual time=652.944..15600.025 rows=15450735 loops=1)
        Filter: ((person_id < 3932128) AND (role_id > 2))
        Rows Removed by Filter: 20793609
  ->  Hash  (cost=28266.72..28266.72 rows=144 width=8) (actual time=376.944..376.944 rows=260 loops=1)
        Buckets: 1024  Batches: 1  Memory Usage: 19kB
        ->  Nested Loop  (cost=0.43..28266.72 rows=144 width=8) (actual time=58.703..376.823 rows=260 loops=1)
              ->  Seq Scan on movie_info_idx mi_idx  (cost=0.00..25185.44 rows=368 width=4) (actual time=58.635..370.475 rows=260 loops=1)
                    Filter: (info_type_id > 101)
                    Rows Removed by Filter: 1379775
              ->  Index Scan using title_pkey on title t  (cost=0.43..8.36 rows=1 width=4) (actual time=0.024..0.024 rows=1 loops=260)
                    Index Cond: (id = mi_idx.movie_id)
                    Filter: (kind_id < 7)
Planning time: 0.838 ms
Execution time: 18131.394 ms
