Hash Join  (cost=28270.40..110085.14 rows=31 width=0) (actual time=370.458..1296.941 rows=2664 loops=1)
  Hash Cond: (mk.movie_id = t.id)
  ->  Seq Scan on movie_keyword mk  (cost=0.00..81003.12 rows=216349 width=4) (actual time=0.030..902.980 rows=217988 loops=1)
        Filter: (keyword_id > 65109)
        Rows Removed by Filter: 4305942
  ->  Hash  (cost=28265.80..28265.80 rows=368 width=8) (actual time=364.938..364.938 rows=260 loops=1)
        Buckets: 1024  Batches: 1  Memory Usage: 19kB
        ->  Nested Loop  (cost=0.43..28265.80 rows=368 width=8) (actual time=188.013..364.814 rows=260 loops=1)
              ->  Seq Scan on movie_info_idx mi_idx  (cost=0.00..25185.44 rows=368 width=4) (actual time=187.912..359.949 rows=260 loops=1)
                    Filter: (info_type_id > 101)
                    Rows Removed by Filter: 1379775
              ->  Index Only Scan using title_pkey on title t  (cost=0.43..8.36 rows=1 width=4) (actual time=0.018..0.018 rows=1 loops=260)
                    Index Cond: (id = mi_idx.movie_id)
                    Heap Fetches: 260
Planning time: 1.133 ms
Execution time: 1297.481 ms
