Seq Scan on movie_companies mc  (cost=0.00..57926.93 rows=485362 width=0) (actual time=26.371..799.778 rows=181863 loops=1)
  Filter: ((company_id > 16708) AND (company_type_id = 1))
  Rows Removed by Filter: 2427266
Planning time: 0.739 ms
Execution time: 824.323 ms
