Hash Join  (cost=102767.86..1104872.84 rows=11915559 width=0) (actual time=1694.651..24634.474 rows=11985469 loops=1)
  Hash Cond: (ci.movie_id = t.id)
  ->  Seq Scan on cast_info ci  (cost=0.00..705507.15 rows=11915559 width=4) (actual time=0.027..11764.782 rows=11985469 loops=1)
        Filter: (person_id > 2489919)
        Rows Removed by Filter: 24258875
  ->  Hash  (cost=61283.27..61283.27 rows=2528527 width=4) (actual time=1693.323..1693.323 rows=2528312 loops=1)
        Buckets: 131072  Batches: 64  Memory Usage: 2415kB
        ->  Seq Scan on title t  (cost=0.00..61283.27 rows=2528527 width=4) (actual time=0.015..834.721 rows=2528312 loops=1)
Planning time: 0.844 ms
Execution time: 26168.954 ms
