Hash Join  (cost=73962.22..130179.22 rows=1470 width=0) (actual time=1209.639..2416.192 rows=9331 loops=1)
  Hash Cond: (mc.movie_id = t.id)
  ->  Seq Scan on movie_companies mc  (cost=0.00..51404.11 rows=1279517 width=4) (actual time=77.469..1064.766 rows=1274246 loops=1)
        Filter: (company_type_id < 2)
        Rows Removed by Filter: 1334883
  ->  Hash  (cost=73925.90..73925.90 rows=2905 width=4) (actual time=1131.117..1131.117 rows=8319 loops=1)
        Buckets: 16384 (originally 4096)  Batches: 1 (originally 1)  Memory Usage: 421kB
        ->  Seq Scan on title t  (cost=0.00..73925.90 rows=2905 width=4) (actual time=0.031..1127.105 rows=8319 loops=1)
              Filter: ((kind_id < 7) AND (production_year = 1988))
              Rows Removed by Filter: 2519993
Planning time: 0.791 ms
Execution time: 2417.811 ms
