Hash Join  (cost=240086.83..865393.97 rows=11909631 width=0) (actual time=5948.163..29724.856 rows=51663019 loops=1)
  Hash Cond: (mi.movie_id = t.id)
  ->  Seq Scan on movie_info mi  (cost=0.00..309384.22 rows=14739122 width=4) (actual time=0.023..5414.817 rows=14835720 loops=1)
  ->  Hash  (cost=206566.80..206566.80 rows=2043122 width=8) (actual time=5946.485..5946.485 rows=1782628 loops=1)
        Buckets: 131072  Batches: 32  Memory Usage: 3249kB
        ->  Hash Join  (cost=100089.65..206566.80 rows=2043122 width=8) (actual time=2444.958..5403.674 rows=1782628 loops=1)
              Hash Cond: (mc.movie_id = t.id)
              ->  Seq Scan on movie_companies mc  (cost=0.00..44881.29 rows=2609129 width=4) (actual time=0.034..805.553 rows=2609129 loops=1)
              ->  Hash  (cost=67604.59..67604.59 rows=1980005 width=4) (actual time=2443.963..2443.963 rows=1976617 loops=1)
                    Buckets: 131072  Batches: 32  Memory Usage: 3203kB
                    ->  Seq Scan on title t  (cost=0.00..67604.59 rows=1980005 width=4) (actual time=0.017..1159.470 rows=1976617 loops=1)
                          Filter: (production_year > 1977)
                          Rows Removed by Filter: 551695
Planning time: 3.027 ms
Execution time: 34963.791 ms
