Seq Scan on cast_info ci  (cost=0.00..705507.15 rows=30761245 width=0) (actual time=0.023..11762.299 rows=30708519 loops=1)
  Filter: (person_id < 3099761)
  Rows Removed by Filter: 5535825
Planning time: 0.314 ms
Execution time: 15765.224 ms
