Hash Join  (cost=73982.55..100917.78 rows=2474 width=144) (actual time=1118.179..1695.087 rows=2865 loops=1)
  Hash Cond: (mi_idx.movie_id = t.id)
  ->  Seq Scan on movie_info_idx mi_idx  (cost=0.00..21735.35 rows=1380035 width=50) (actual time=0.028..429.718 rows=1380035 loops=1)
  ->  Hash  (cost=73925.90..73925.90 rows=4532 width=94) (actual time=966.771..966.771 rows=6734 loops=1)
        Buckets: 8192  Batches: 1  Memory Usage: 853kB
        ->  Seq Scan on title t  (cost=0.00..73925.90 rows=4532 width=94) (actual time=0.330..963.521 rows=6734 loops=1)
              Filter: ((kind_id = 7) AND (production_year = 1961))
              Rows Removed by Filter: 2521578
Planning time: 0.979 ms
Execution time: 1695.373 ms
