Hash Join  (cost=101471.77..190970.32 rows=6065 width=0) (actual time=1691.081..2813.186 rows=4873 loops=1)
  Hash Cond: (mk.movie_id = t.id)
  ->  Seq Scan on movie_keyword mk  (cost=0.00..81003.12 rows=2249271 width=4) (actual time=0.026..1221.716 rows=2249165 loops=1)
        Filter: (keyword_id > 4799)
        Rows Removed by Filter: 2274765
  ->  Hash  (cost=101386.55..101386.55 rows=6818 width=8) (actual time=1259.657..1259.657 rows=4233 loops=1)
        Buckets: 8192  Batches: 1  Memory Usage: 230kB
        ->  Hash Join  (cost=74389.43..101386.55 rows=6818 width=8) (actual time=1015.149..1258.152 rows=4233 loops=1)
              Hash Cond: (mi_idx.movie_id = t.id)
              ->  Seq Scan on movie_info_idx mi_idx  (cost=0.00..25185.44 rows=464934 width=4) (actual time=0.028..257.825 rows=460185 loops=1)
                    Filter: (info_type_id > 100)
                    Rows Removed by Filter: 919850
              ->  Hash  (cost=73925.90..73925.90 rows=37082 width=4) (actual time=894.153..894.153 rows=41935 loops=1)
                    Buckets: 65536  Batches: 1  Memory Usage: 1987kB
                    ->  Seq Scan on title t  (cost=0.00..73925.90 rows=37082 width=4) (actual time=0.056..878.226 rows=41935 loops=1)
                          Filter: ((kind_id = 7) AND (production_year = 2002))
                          Rows Removed by Filter: 2486377
Planning time: 1.189 ms
Execution time: 2814.061 ms
