Hash Join  (cost=97335.96..192683.17 rows=1472369 width=0) (actual time=1779.975..4229.722 rows=704352 loops=1)
  Hash Cond: (mc.movie_id = t.id)
  ->  Seq Scan on movie_companies mc  (cost=0.00..44881.29 rows=2609129 width=4) (actual time=0.019..723.405 rows=2609129 loops=1)
  ->  Hash  (cost=73925.90..73925.90 rows=1426884 width=4) (actual time=1778.471..1778.471 rows=1478437 loops=1)
        Buckets: 131072  Batches: 32  Memory Usage: 2651kB
        ->  Seq Scan on title t  (cost=0.00..73925.90 rows=1426884 width=4) (actual time=0.018..1297.517 rows=1478437 loops=1)
              Filter: ((production_year > 1932) AND (kind_id = 7))
              Rows Removed by Filter: 1049875
Planning time: 4.062 ms
Execution time: 4322.254 ms
