Hash Join  (cost=73950.44..443597.50 rows=4837 width=0) (actual time=1433.508..6298.913 rows=4392 loops=1)
  Hash Cond: (mi.movie_id = t.id)
  ->  Seq Scan on movie_info mi  (cost=0.00..346232.03 rows=6231111 width=4) (actual time=0.028..4455.705 rows=6223494 loops=1)
        Filter: (info_type_id > 8)
        Rows Removed by Filter: 8612226
  ->  Hash  (cost=73925.90..73925.90 rows=1963 width=4) (actual time=903.901..903.901 rows=2618 loops=1)
        Buckets: 4096 (originally 2048)  Batches: 1 (originally 1)  Memory Usage: 125kB
        ->  Seq Scan on title t  (cost=0.00..73925.90 rows=1963 width=4) (actual time=334.169..902.502 rows=2618 loops=1)
              Filter: ((kind_id = 1) AND (production_year = 1903))
              Rows Removed by Filter: 2525694
Planning time: 0.726 ms
Execution time: 6300.011 ms
