Seq Scan on movie_keyword mk  (cost=0.00..81003.12 rows=1542988 width=0) (actual time=0.036..1236.641 rows=1557980 loops=1)
  Filter: (keyword_id > 10104)
  Rows Removed by Filter: 2965950
Planning time: 0.332 ms
Execution time: 1436.889 ms
