Seq Scan on cast_info ci  (cost=0.00..796071.18 rows=1572100 width=0) (actual time=4.477..9423.969 rows=1448 loops=1)
  Filter: ((person_id < 747724) AND (role_id = 2))
  Rows Removed by Filter: 36242896
Planning time: 0.361 ms
Execution time: 9424.332 ms
