Hash Join  (cost=297111.36..1193062.91 rows=7734433 width=0) (actual time=5324.433..21214.512 rows=3331686 loops=1)
  Hash Cond: (ci.movie_id = t.id)
  ->  Seq Scan on cast_info ci  (cost=0.00..705507.15 rows=7298253 width=4) (actual time=0.025..11678.770 rows=7451973 loops=1)
        Filter: (role_id = 2)
        Rows Removed by Filter: 28792371
  ->  Hash  (cost=253147.81..253147.81 rows=2679644 width=8) (actual time=5321.597..5321.597 rows=635485 loops=1)
        Buckets: 131072  Batches: 64  Memory Usage: 1397kB
        ->  Hash Join  (cost=98498.33..253147.81 rows=2679644 width=8) (actual time=2060.633..5154.634 rows=635485 loops=1)
              Hash Cond: (mk.movie_id = t.id)
              ->  Seq Scan on movie_keyword mk  (cost=0.00..69693.30 rows=4523930 width=4) (actual time=0.024..1204.171 rows=4523930 loops=1)
              ->  Hash  (cost=73925.90..73925.90 rows=1497714 width=4) (actual time=1669.238..1669.238 rows=1478440 loops=1)
                    Buckets: 131072  Batches: 32  Memory Usage: 2656kB
                    ->  Seq Scan on title t  (cost=0.00..73925.90 rows=1497714 width=4) (actual time=281.416..1184.014 rows=1478440 loops=1)
                          Filter: ((production_year > 0) AND (kind_id = 7))
                          Rows Removed by Filter: 1049872
Planning time: 1.120 ms
Execution time: 21593.496 ms
