Hash Join  (cost=117202.13..216122.73 rows=53879 width=0) (actual time=2084.991..4422.838 rows=733517 loops=1)
  Hash Cond: (mk.movie_id = t.id)
  ->  Seq Scan on movie_keyword mk  (cost=0.00..81003.12 rows=1471651 width=4) (actual time=0.016..1554.956 rows=1483699 loops=1)
        Filter: (keyword_id > 11029)
        Rows Removed by Filter: 3040231
  ->  Hash  (cost=115682.96..115682.96 rows=92573 width=8) (actual time=2084.080..2084.080 rows=183512 loops=1)
        Buckets: 131072 (originally 131072)  Batches: 4 (originally 2)  Memory Usage: 3073kB
        ->  Hash Join  (cost=82257.13..115682.96 rows=92573 width=8) (actual time=1052.380..2025.863 rows=183512 loops=1)
              Hash Cond: (mi_idx.movie_id = t.id)
              ->  Seq Scan on movie_info_idx mi_idx  (cost=0.00..25185.44 rows=460978 width=4) (actual time=0.021..430.118 rows=459925 loops=1)
                    Filter: (info_type_id < 100)
                    Rows Removed by Filter: 920110
              ->  Hash  (cost=73925.90..73925.90 rows=507778 width=4) (actual time=1051.518..1051.518 rows=524129 loops=1)
                    Buckets: 131072  Batches: 8  Memory Usage: 3340kB
                    ->  Seq Scan on title t  (cost=0.00..73925.90 rows=507778 width=4) (actual time=51.396..889.878 rows=524129 loops=1)
                          Filter: ((production_year < 2010) AND (kind_id = 1))
                          Rows Removed by Filter: 2004183
Planning time: 1.148 ms
Execution time: 4511.793 ms
