Hash Join  (cost=102767.86..1169092.40 rows=10820761 width=0) (actual time=1727.515..18419.689 rows=4600391 loops=1)
  Hash Cond: (ci.movie_id = t.id)
  ->  Seq Scan on cast_info ci  (cost=0.00..796071.18 rows=10820761 width=4) (actual time=79.927..11577.996 rows=4600391 loops=1)
        Filter: ((person_id < 1637173) AND (role_id > 1))
        Rows Removed by Filter: 31643953
  ->  Hash  (cost=61283.27..61283.27 rows=2528527 width=4) (actual time=1621.929..1621.929 rows=2528312 loops=1)
        Buckets: 131072  Batches: 64  Memory Usage: 2415kB
        ->  Seq Scan on title t  (cost=0.00..61283.27 rows=2528527 width=4) (actual time=0.014..809.031 rows=2528312 loops=1)
Planning time: 0.704 ms
Execution time: 18965.361 ms
