Nested Loop  (cost=0.43..83071.67 rows=246 width=0) (actual time=1.325..1143.326 rows=3420 loops=1)
  ->  Seq Scan on movie_keyword mk  (cost=0.00..81003.12 rows=246 width=4) (actual time=1.251..1072.509 rows=3420 loops=1)
        Filter: (keyword_id = 679)
        Rows Removed by Filter: 4520510
  ->  Index Only Scan using title_pkey on title t  (cost=0.43..8.40 rows=1 width=4) (actual time=0.019..0.020 rows=1 loops=3420)
        Index Cond: (id = mk.movie_id)
        Heap Fetches: 3420
Planning time: 0.710 ms
Execution time: 1144.460 ms
