Hash Join  (cost=1405932.06..2852583.62 rows=71618870 width=0) (actual time=37061.460..115558.475 rows=232332691 loops=1)
  Hash Cond: (mi.movie_id = t.id)
  ->  Seq Scan on movie_info mi  (cost=0.00..309384.22 rows=14739122 width=4) (actual time=0.021..4650.470 rows=14835720 loops=1)
  ->  Hash  (cost=1204358.48..1204358.48 rows=12286366 width=8) (actual time=37057.366..37057.366 rows=18777841 loops=1)
        Buckets: 131072  Batches: 256  Memory Usage: 3932kB
        ->  Hash Join  (cost=102767.86..1204358.48 rows=12286366 width=8) (actual time=2320.025..31037.571 rows=18777841 loops=1)
              Hash Cond: (ci.movie_id = t.id)
              ->  Seq Scan on cast_info ci  (cost=0.00..796071.18 rows=12286366 width=4) (actual time=679.960..13913.173 rows=18777841 loops=1)
                    Filter: ((person_id > 1695873) AND (role_id > 1))
                    Rows Removed by Filter: 17466503
              ->  Hash  (cost=61283.27..61283.27 rows=2528527 width=4) (actual time=1638.766..1638.766 rows=2528312 loops=1)
                    Buckets: 131072  Batches: 64  Memory Usage: 2415kB
                    ->  Seq Scan on title t  (cost=0.00..61283.27 rows=2528527 width=4) (actual time=0.022..793.387 rows=2528312 loops=1)
Planning time: 1.209 ms
Execution time: 140714.348 ms
