Hash Join  (cost=28270.40..83129.60 rows=134 width=0) (actual time=392.816..1254.238 rows=879 loops=1)
  Hash Cond: (mc.movie_id = t.id)
  ->  Seq Scan on movie_companies mc  (cost=0.00..51404.11 rows=920999 width=4) (actual time=0.026..761.540 rows=929368 loops=1)
        Filter: (company_id > 19559)
        Rows Removed by Filter: 1679761
  ->  Hash  (cost=28265.80..28265.80 rows=368 width=8) (actual time=359.156..359.156 rows=260 loops=1)
        Buckets: 1024  Batches: 1  Memory Usage: 19kB
        ->  Nested Loop  (cost=0.43..28265.80 rows=368 width=8) (actual time=62.848..359.054 rows=260 loops=1)
              ->  Seq Scan on movie_info_idx mi_idx  (cost=0.00..25185.44 rows=368 width=4) (actual time=62.757..353.024 rows=260 loops=1)
                    Filter: (info_type_id > 101)
                    Rows Removed by Filter: 1379775
              ->  Index Only Scan using title_pkey on title t  (cost=0.43..8.36 rows=1 width=4) (actual time=0.022..0.022 rows=1 loops=260)
                    Index Cond: (id = mi_idx.movie_id)
                    Heap Fetches: 260
Planning time: 1.075 ms
Execution time: 1254.574 ms
