Hash Join  (cost=73982.55..162582.95 rows=3614 width=0) (actual time=980.823..2532.152 rows=2775 loops=1)
  Hash Cond: (mk.movie_id = t.id)
  ->  Seq Scan on movie_keyword mk  (cost=0.00..81003.12 rows=2016300 width=4) (actual time=0.030..1221.188 rows=2020487 loops=1)
        Filter: (keyword_id > 6122)
        Rows Removed by Filter: 2503443
  ->  Hash  (cost=73925.90..73925.90 rows=4532 width=4) (actual time=979.811..979.811 rows=12643 loops=1)
        Buckets: 16384 (originally 8192)  Batches: 1 (originally 1)  Memory Usage: 573kB
        ->  Seq Scan on title t  (cost=0.00..73925.90 rows=4532 width=4) (actual time=0.110..973.986 rows=12643 loops=1)
              Filter: ((kind_id = 7) AND (production_year = 1989))
              Rows Removed by Filter: 2515669
Planning time: 0.689 ms
Execution time: 2532.766 ms
