Hash Join  (cost=102767.86..213912.36 rows=842054 width=0) (actual time=1232.849..3523.713 rows=841659 loops=1)
  Hash Cond: (mk.movie_id = t.id)
  ->  Seq Scan on movie_keyword mk  (cost=0.00..81003.12 rows=842054 width=4) (actual time=0.016..1187.562 rows=841659 loops=1)
        Filter: (keyword_id < 807)
        Rows Removed by Filter: 3682271
  ->  Hash  (cost=61283.27..61283.27 rows=2528527 width=4) (actual time=1231.410..1231.410 rows=2528312 loops=1)
        Buckets: 131072  Batches: 64  Memory Usage: 2425kB
        ->  Seq Scan on title t  (cost=0.00..61283.27 rows=2528527 width=4) (actual time=0.022..599.886 rows=2528312 loops=1)
Planning time: 1.721 ms
Execution time: 3627.702 ms
