Hash Join  (cost=73950.44..133140.12 rows=261 width=0) (actual time=848.676..1683.507 rows=756 loops=1)
  Hash Cond: (mc.movie_id = t.id)
  ->  Seq Scan on movie_companies mc  (cost=0.00..57926.93 rows=336036 width=4) (actual time=0.029..750.312 rows=484747 loops=1)
        Filter: ((company_id < 1129) AND (company_type_id = 1))
        Rows Removed by Filter: 2124382
  ->  Hash  (cost=73925.90..73925.90 rows=1963 width=4) (actual time=848.544..848.544 rows=3692 loops=1)
        Buckets: 4096 (originally 2048)  Batches: 1 (originally 1)  Memory Usage: 162kB
        ->  Seq Scan on title t  (cost=0.00..73925.90 rows=1963 width=4) (actual time=0.036..846.780 rows=3692 loops=1)
              Filter: ((kind_id = 1) AND (production_year = 1964))
              Rows Removed by Filter: 2524620
Planning time: 0.741 ms
Execution time: 1683.769 ms
