Hash Join  (cost=85011.79..540695.30 rows=2005103 width=0) (actual time=1195.897..10694.035 rows=3155664 loops=1)
  Hash Cond: (mi.movie_id = t.id)
  ->  Seq Scan on movie_info mi  (cost=0.00..346232.03 rows=7503588 width=4) (actual time=0.020..5284.954 rows=7548855 loops=1)
        Filter: (info_type_id > 7)
        Rows Removed by Filter: 7286865
  ->  Hash  (cost=73925.90..73925.90 rows=675671 width=4) (actual time=1194.818..1194.818 rows=576285 loops=1)
        Buckets: 131072  Batches: 16  Memory Usage: 2295kB
        ->  Seq Scan on title t  (cost=0.00..73925.90 rows=675671 width=4) (actual time=0.021..1004.087 rows=576285 loops=1)
              Filter: ((kind_id < 7) AND (production_year > 1991))
              Rows Removed by Filter: 1952027
Planning time: 0.693 ms
Execution time: 11039.478 ms
