Hash Join  (cost=200466.10..1321874.90 rows=4119964 width=0) (actual time=4320.535..34432.878 rows=8835449 loops=1)
  Hash Cond: (ci.movie_id = t.id)
  ->  Seq Scan on cast_info ci  (cost=0.00..614943.12 rows=36225612 width=4) (actual time=0.022..13426.649 rows=36244344 loops=1)
  ->  Hash  (cost=195747.46..195747.46 rows=287571 width=8) (actual time=4319.466..4319.466 rows=147733 loops=1)
        Buckets: 131072  Batches: 4  Memory Usage: 2540kB
        ->  Hash Join  (cost=70241.71..195747.46 rows=287571 width=8) (actual time=1158.816..4268.943 rows=147733 loops=1)
              Hash Cond: (mk.movie_id = t.id)
              ->  Seq Scan on movie_keyword mk  (cost=0.00..69693.30 rows=4523930 width=4) (actual time=0.019..1466.917 rows=4523930 loops=1)
              ->  Hash  (cost=67604.59..67604.59 rows=160730 width=4) (actual time=1157.409..1157.409 rows=160017 loops=1)
                    Buckets: 131072  Batches: 4  Memory Usage: 2442kB
                    ->  Seq Scan on title t  (cost=0.00..67604.59 rows=160730 width=4) (actual time=0.023..1100.027 rows=160017 loops=1)
                          Filter: (production_year = 2011)
                          Rows Removed by Filter: 2368295
Planning time: 1.179 ms
Execution time: 35448.828 ms
