Hash Join  (cost=793163.13..917181.21 rows=165404 width=0) (actual time=11954.422..15009.245 rows=1437616 loops=1)
  Hash Cond: (mk.movie_id = t.id)
  ->  Seq Scan on movie_keyword mk  (cost=0.00..69693.30 rows=4523930 width=4) (actual time=0.023..1127.146 rows=4523930 loops=1)
  ->  Hash  (cost=791645.53..791645.53 rows=92448 width=8) (actual time=11953.617..11953.617 rows=108997 loops=1)
        Buckets: 131072  Batches: 2  Memory Usage: 3171kB
        ->  Hash Join  (cost=78556.72..791645.53 rows=92448 width=8) (actual time=1350.726..11917.819 rows=108997 loops=1)
              Hash Cond: (ci.movie_id = t.id)
              ->  Seq Scan on cast_info ci  (cost=0.00..705507.15 rows=350181 width=4) (actual time=282.667..10570.838 rows=316118 loops=1)
                    Filter: (role_id > 10)
                    Rows Removed by Filter: 35928226
              ->  Hash  (cost=67604.59..67604.59 rows=667531 width=4) (actual time=1067.106..1067.106 rows=662825 loops=1)
                    Buckets: 131072  Batches: 16  Memory Usage: 2476kB
                    ->  Seq Scan on title t  (cost=0.00..67604.59 rows=667531 width=4) (actual time=340.040..857.227 rows=662825 loops=1)
                          Filter: (kind_id = 1)
                          Rows Removed by Filter: 1865487
Planning time: 1.054 ms
Execution time: 15177.240 ms
