Hash Join  (cost=153963.18..278366.85 rows=197063 width=0) (actual time=3047.027..5120.075 rows=481473 loops=1)
  Hash Cond: (mk.movie_id = t.id)
  ->  Seq Scan on movie_keyword mk  (cost=0.00..69693.30 rows=4523930 width=4) (actual time=0.024..1199.791 rows=4523930 loops=1)
  ->  Hash  (cost=152155.39..152155.39 rows=110143 width=8) (actual time=2498.702..2498.702 rows=116376 loops=1)
        Buckets: 131072  Batches: 2  Memory Usage: 3306kB
        ->  Hash Join  (cost=85855.67..152155.39 rows=110143 width=8) (actual time=1859.548..2462.228 rows=116376 loops=1)
              Hash Cond: (mc.movie_id = t.id)
              ->  Seq Scan on movie_companies mc  (cost=0.00..57926.93 rows=383029 width=4) (actual time=0.045..780.533 rows=541147 loops=1)
                    Filter: ((company_id < 1639) AND (company_type_id = 1))
                    Rows Removed by Filter: 2067982
              ->  Hash  (cost=73925.90..73925.90 rows=727101 width=4) (actual time=1266.202..1266.202 rows=796159 loops=1)
                    Buckets: 131072  Batches: 16  Memory Usage: 2780kB
                    ->  Seq Scan on title t  (cost=0.00..73925.90 rows=727101 width=4) (actual time=0.016..1018.304 rows=796159 loops=1)
                          Filter: ((production_year > 2003) AND (kind_id = 7))
                          Rows Removed by Filter: 1732153
Planning time: 1.142 ms
Execution time: 5180.243 ms
