Hash Join  (cost=365418.15..1350684.10 rows=13609738 width=0) (actual time=7826.900..36123.363 rows=52524646 loops=1)
  Hash Cond: (ci.movie_id = t.id)
  ->  Seq Scan on cast_info ci  (cost=0.00..705507.15 rows=7606791 width=4) (actual time=0.014..10467.433 rows=7646383 loops=1)
        Filter: (person_id > 2911060)
        Rows Removed by Filter: 28597961
  ->  Hash  (cost=291197.02..291197.02 rows=4523930 width=8) (actual time=7824.623..7824.623 rows=4523930 loops=1)
        Buckets: 131072  Batches: 64  Memory Usage: 3816kB
        ->  Hash Join  (cost=102767.86..291197.02 rows=4523930 width=8) (actual time=1515.067..6486.487 rows=4523930 loops=1)
              Hash Cond: (mk.movie_id = t.id)
              ->  Seq Scan on movie_keyword mk  (cost=0.00..69693.30 rows=4523930 width=4) (actual time=0.023..1202.243 rows=4523930 loops=1)
              ->  Hash  (cost=61283.27..61283.27 rows=2528527 width=4) (actual time=1512.053..1512.053 rows=2528312 loops=1)
                    Buckets: 131072  Batches: 64  Memory Usage: 2425kB
                    ->  Seq Scan on title t  (cost=0.00..61283.27 rows=2528527 width=4) (actual time=0.022..747.196 rows=2528312 loops=1)
Planning time: 1.055 ms
Execution time: 41768.748 ms
