Nested Loop  (cost=44377.22..139970.83 rows=1878 width=0) (actual time=1133.651..2354.742 rows=3264 loops=1)
  ->  Hash Join  (cost=44376.79..131766.01 rows=13897 width=8) (actual time=1107.763..2284.165 rows=6710 loops=1)
        Hash Cond: (mk.movie_id = mi_idx.movie_id)
        ->  Seq Scan on movie_keyword mk  (cost=0.00..81003.12 rows=4675 width=4) (actual time=0.306..986.556 rows=4057 loops=1)
              Filter: (keyword_id = 2862)
              Rows Removed by Filter: 4519873
        ->  Hash  (cost=21735.35..21735.35 rows=1380035 width=4) (actual time=1078.605..1078.605 rows=1380035 loops=1)
              Buckets: 131072  Batches: 32  Memory Usage: 2556kB
              ->  Seq Scan on movie_info_idx mi_idx  (cost=0.00..21735.35 rows=1380035 width=4) (actual time=0.015..360.214 rows=1380035 loops=1)
  ->  Index Scan using title_pkey on title t  (cost=0.43..0.58 rows=1 width=4) (actual time=0.010..0.010 rows=0 loops=6710)
        Index Cond: (id = mi_idx.movie_id)
        Filter: (kind_id > 1)
        Rows Removed by Filter: 1
Planning time: 1.107 ms
Execution time: 2355.564 ms
