Seq Scan on movie_companies mc  (cost=0.00..51404.11 rows=104 width=0) (actual time=142.774..635.023 rows=166 loops=1)
  Filter: (company_id = 11312)
  Rows Removed by Filter: 2608963
Planning time: 0.325 ms
Execution time: 635.124 ms
