Hash Join  (cost=705721.73..2571588.72 rows=58957778 width=0) (actual time=16670.733..81464.562 rows=128354423 loops=1)
  Hash Cond: (ci.movie_id = t.id)
  ->  Seq Scan on cast_info ci  (cost=0.00..614943.12 rows=36225612 width=4) (actual time=0.026..10695.302 rows=36244344 loops=1)
  ->  Hash  (cost=638205.49..638205.49 rows=4115219 width=8) (actual time=16667.155..16667.155 rows=5660346 loops=1)
        Buckets: 131072 (originally 131072)  Batches: 128 (originally 64)  Memory Usage: 3073kB
        ->  Hash Join  (cost=79303.65..638205.49 rows=4115219 width=8) (actual time=1219.481..15311.173 rows=5660346 loops=1)
              Hash Cond: (mi.movie_id = t.id)
              ->  Seq Scan on movie_info mi  (cost=0.00..346232.03 rows=14592968 width=4) (actual time=0.019..6125.257 rows=14637966 loops=1)
                    Filter: (info_type_id < 107)
                    Rows Removed by Filter: 197754
              ->  Hash  (cost=67604.59..67604.59 rows=713045 width=4) (actual time=1218.413..1218.413 rows=707186 loops=1)
                    Buckets: 131072  Batches: 16  Memory Usage: 2585kB
                    ->  Seq Scan on title t  (cost=0.00..67604.59 rows=713045 width=4) (actual time=0.019..980.445 rows=707186 loops=1)
                          Filter: (production_year < 1991)
                          Rows Removed by Filter: 1821126
Planning time: 3.629 ms
Execution time: 95740.908 ms
