Hash Join  (cost=875590.35..930359.45 rows=10358 width=0) (actual time=11195.019..12510.623 rows=167064 loops=1)
  Hash Cond: (mc.movie_id = t.id)
  ->  Seq Scan on movie_companies mc  (cost=0.00..44881.29 rows=2609129 width=4) (actual time=0.029..572.050 rows=2609129 loops=1)
  ->  Hash  (cost=875464.87..875464.87 rows=10038 width=8) (actual time=10850.611..10850.611 rows=119214 loops=1)
        Buckets: 131072 (originally 16384)  Batches: 2 (originally 1)  Memory Usage: 3359kB
        ->  Hash Join  (cost=75195.76..875464.87 rows=10038 width=8) (actual time=4759.043..10806.702 rows=119214 loops=1)
              Hash Cond: (ci.movie_id = t.id)
              ->  Seq Scan on cast_info ci  (cost=0.00..796071.18 rows=328149 width=4) (actual time=3746.598..8953.405 rows=2384412 loops=1)
                    Filter: ((person_id > 3531279) AND (role_id = 10))
                    Rows Removed by Filter: 33859932
              ->  Hash  (cost=73925.90..73925.90 rows=77348 width=4) (actual time=1011.245..1011.245 rows=84109 loops=1)
                    Buckets: 131072  Batches: 2  Memory Usage: 2509kB
                    ->  Seq Scan on title t  (cost=0.00..73925.90 rows=77348 width=4) (actual time=105.556..980.591 rows=84109 loops=1)
                          Filter: ((kind_id = 7) AND (production_year = 2008))
                          Rows Removed by Filter: 2444203
Planning time: 0.920 ms
Execution time: 12533.107 ms
