Hash Join  (cost=102767.86..175714.80 rows=213662 width=0) (actual time=1636.732..2872.223 rows=332249 loops=1)
  Hash Cond: (mc.movie_id = t.id)
  ->  Seq Scan on movie_companies mc  (cost=0.00..57926.93 rows=213662 width=4) (actual time=6.445..737.248 rows=332249 loops=1)
        Filter: ((company_id < 317) AND (company_type_id = 1))
        Rows Removed by Filter: 2276880
  ->  Hash  (cost=61283.27..61283.27 rows=2528527 width=4) (actual time=1629.170..1629.170 rows=2528312 loops=1)
        Buckets: 131072  Batches: 64  Memory Usage: 2415kB
        ->  Seq Scan on title t  (cost=0.00..61283.27 rows=2528527 width=4) (actual time=0.018..783.942 rows=2528312 loops=1)
Planning time: 0.658 ms
Execution time: 2905.043 ms
