Hash Join  (cost=150298.95..1100466.53 rows=823759 width=0) (actual time=2674.972..20343.955 rows=1412981 loops=1)
  Hash Cond: (ci.movie_id = t.id)
  ->  Seq Scan on cast_info ci  (cost=0.00..796071.18 rows=12558617 width=4) (actual time=0.016..12169.077 rows=13735002 loops=1)
        Filter: ((person_id < 1412699) AND (role_id < 10))
        Rows Removed by Filter: 22509342
  ->  Hash  (cost=147577.78..147577.78 rows=165854 width=8) (actual time=2673.418..2673.418 rows=126472 loops=1)
        Buckets: 131072  Batches: 4  Memory Usage: 2252kB
        ->  Hash Join  (cost=70241.71..147577.78 rows=165854 width=8) (actual time=816.205..2630.291 rows=126472 loops=1)
              Hash Cond: (mc.movie_id = t.id)
              ->  Seq Scan on movie_companies mc  (cost=0.00..44881.29 rows=2609129 width=4) (actual time=0.015..690.557 rows=2609129 loops=1)
              ->  Hash  (cost=67604.59..67604.59 rows=160730 width=4) (actual time=815.378..815.378 rows=160017 loops=1)
                    Buckets: 131072  Batches: 4  Memory Usage: 2436kB
                    ->  Seq Scan on title t  (cost=0.00..67604.59 rows=160730 width=4) (actual time=0.021..762.724 rows=160017 loops=1)
                          Filter: (production_year = 2011)
                          Rows Removed by Filter: 2368295
Planning time: 0.765 ms
Execution time: 20503.495 ms
