Seq Scan on movie_keyword mk  (cost=0.00..81003.12 rows=246 width=0) (actual time=0.455..1098.096 rows=126 loops=1)
  Filter: (keyword_id = 7890)
  Rows Removed by Filter: 4523804
Planning time: 0.313 ms
Execution time: 1098.308 ms
