Hash Join  (cost=102767.86..187301.53 rows=695184 width=0) (actual time=1589.155..3581.637 rows=955651 loops=1)
  Hash Cond: (mc.movie_id = t.id)
  ->  Seq Scan on movie_companies mc  (cost=0.00..57926.93 rows=695184 width=4) (actual time=59.757..869.665 rows=955651 loops=1)
        Filter: ((company_id < 12311) AND (company_type_id = 1))
        Rows Removed by Filter: 1653478
  ->  Hash  (cost=61283.27..61283.27 rows=2528527 width=4) (actual time=1528.184..1528.184 rows=2528312 loops=1)
        Buckets: 131072  Batches: 64  Memory Usage: 2415kB
        ->  Seq Scan on title t  (cost=0.00..61283.27 rows=2528527 width=4) (actual time=0.010..734.256 rows=2528312 loops=1)
Planning time: 0.698 ms
Execution time: 3706.207 ms
