Hash Join  (cost=160526.42..1404893.05 rows=11963916 width=0) (actual time=3329.397..42229.351 rows=15072552 loops=1)
  Hash Cond: (ci.movie_id = t.id)
  ->  Seq Scan on cast_info ci  (cost=0.00..705507.15 rows=35972629 width=4) (actual time=0.026..17547.878 rows=36032832 loops=1)
        Filter: (person_id > 24867)
        Rows Removed by Filter: 211512
  ->  Hash  (cost=146729.58..146729.58 rows=840947 width=8) (actual time=3327.843..3327.843 rows=425718 loops=1)
        Buckets: 131072  Batches: 16  Memory Usage: 2062kB
        ->  Hash Join  (cost=92883.59..146729.58 rows=840947 width=8) (actual time=1773.416..3205.817 rows=425718 loops=1)
              Hash Cond: (mi_idx.movie_id = t.id)
              ->  Seq Scan on movie_info_idx mi_idx  (cost=0.00..21735.35 rows=1380035 width=4) (actual time=0.015..483.198 rows=1380035 loops=1)
              ->  Hash  (cost=67604.59..67604.59 rows=1540800 width=4) (actual time=1749.458..1749.458 rows=1543264 loops=1)
                    Buckets: 131072  Batches: 32  Memory Usage: 2722kB
                    ->  Seq Scan on title t  (cost=0.00..67604.59 rows=1540800 width=4) (actual time=0.020..1265.339 rows=1543264 loops=1)
                          Filter: (kind_id = 7)
                          Rows Removed by Filter: 985048
Planning time: 1.417 ms
Execution time: 44002.899 ms
