Seq Scan on cast_info ci  (cost=0.00..796071.18 rows=276 width=0) (actual time=5900.435..10863.781 rows=518 loops=1)
  Filter: ((role_id < 3) AND (person_id = 334774))
  Rows Removed by Filter: 36243826
Planning time: 0.355 ms
Execution time: 10863.938 ms
