Seq Scan on movie_keyword mk  (cost=0.00..81003.12 rows=3234576 width=0) (actual time=0.021..1285.339 rows=3223297 loops=1)
  Filter: (keyword_id < 13554)
  Rows Removed by Filter: 1300633
Planning time: 0.331 ms
Execution time: 1698.843 ms
