Hash Join  (cost=187875.69..1407522.14 rows=11443352 width=0) (actual time=4064.489..44684.207 rows=43469197 loops=1)
  Hash Cond: (ci.movie_id = t.id)
  ->  Seq Scan on cast_info ci  (cost=0.00..705507.15 rows=34283942 width=4) (actual time=0.016..13628.616 rows=34263900 loops=1)
        Filter: (person_id < 3672643)
        Rows Removed by Filter: 1980444
  ->  Hash  (cost=174028.99..174028.99 rows=843976 width=8) (actual time=4063.089..4063.089 rows=1367908 loops=1)
        Buckets: 131072 (originally 131072)  Batches: 32 (originally 16)  Memory Usage: 3073kB
        ->  Hash Join  (cost=87344.71..174028.99 rows=843976 width=8) (actual time=1160.567..3645.017 rows=1367908 loops=1)
              Hash Cond: (mc.movie_id = t.id)
              ->  Seq Scan on movie_companies mc  (cost=0.00..44881.29 rows=2609129 width=4) (actual time=0.029..671.367 rows=2609129 loops=1)
              ->  Hash  (cost=73925.90..73925.90 rows=817904 width=4) (actual time=1159.639..1159.639 rows=732135 loops=1)
                    Buckets: 131072  Batches: 16  Memory Usage: 2635kB
                    ->  Seq Scan on title t  (cost=0.00..73925.90 rows=817904 width=4) (actual time=0.057..933.068 rows=732135 loops=1)
                          Filter: ((kind_id < 7) AND (production_year > 1969))
                          Rows Removed by Filter: 1796177
Planning time: 1.082 ms
Execution time: 49216.503 ms
