Hash Join  (cost=155477.81..915985.15 rows=410528 width=0) (actual time=5611.399..19074.857 rows=2107153 loops=1)
  Hash Cond: (ci.movie_id = t.id)
  ->  Seq Scan on cast_info ci  (cost=0.00..705507.15 rows=4320508 width=4) (actual time=2457.792..13577.239 rows=4323018 loops=1)
        Filter: (role_id = 10)
        Rows Removed by Filter: 31921326
  ->  Hash  (cost=151535.60..151535.60 rows=240257 width=8) (actual time=3152.524..3152.524 rows=183188 loops=1)
        Buckets: 131072  Batches: 4  Memory Usage: 2811kB
        ->  Hash Join  (cost=87180.69..151535.60 rows=240257 width=8) (actual time=1656.910..3093.997 rows=183188 loops=1)
              Hash Cond: (mc.movie_id = t.id)
              ->  Seq Scan on movie_companies mc  (cost=0.00..51404.11 rows=509128 width=4) (actual time=0.028..903.443 rows=506083 loops=1)
                    Filter: (company_id < 460)
                    Rows Removed by Filter: 2103046
              ->  Hash  (cost=67604.59..67604.59 rows=1193208 width=4) (actual time=1656.042..1656.042 rows=1192518 loops=1)
                    Buckets: 131072  Batches: 16  Memory Usage: 3646kB
                    ->  Seq Scan on title t  (cost=0.00..67604.59 rows=1193208 width=4) (actual time=0.022..1289.584 rows=1192518 loops=1)
                          Filter: (production_year > 2003)
                          Rows Removed by Filter: 1335794
Planning time: 4.043 ms
Execution time: 19301.542 ms
