Hash Join  (cost=911961.36..1042767.00 rows=722560 width=0) (actual time=14081.069..18041.142 rows=919099 loops=1)
  Hash Cond: (mk.movie_id = t.id)
  ->  Seq Scan on movie_keyword mk  (cost=0.00..69693.30 rows=4523930 width=4) (actual time=0.023..1155.564 rows=4523930 loops=1)
  ->  Hash  (cost=905335.18..905335.18 rows=403855 width=8) (actual time=14075.155..14075.155 rows=516465 loops=1)
        Buckets: 131072  Batches: 8  Memory Usage: 3543kB
        ->  Hash Join  (cost=88381.15..905335.18 rows=403855 width=8) (actual time=1295.057..13916.754 rows=516465 loops=1)
              Hash Cond: (ci.movie_id = t.id)
              ->  Seq Scan on cast_info ci  (cost=0.00..796071.18 rows=1159011 width=4) (actual time=0.033..10566.671 rows=2348333 loops=1)
                    Filter: ((person_id > 2658563) AND (role_id = 3))
                    Rows Removed by Filter: 33896011
              ->  Hash  (cost=73925.90..73925.90 rows=881060 width=4) (actual time=1293.922..1293.922 rows=795183 loops=1)
                    Buckets: 131072  Batches: 16  Memory Usage: 2773kB
                    ->  Seq Scan on title t  (cost=0.00..73925.90 rows=881060 width=4) (actual time=0.676..1053.294 rows=795183 loops=1)
                          Filter: ((kind_id > 1) AND (production_year < 2003))
                          Rows Removed by Filter: 1733129
Planning time: 1.096 ms
Execution time: 18158.569 ms
