Hash Join  (cost=84822.21..221301.10 rows=1188186 width=0) (actual time=1129.016..5309.846 rows=2358580 loops=1)
  Hash Cond: (mk.movie_id = t.id)
  ->  Seq Scan on movie_keyword mk  (cost=0.00..69693.30 rows=4523930 width=4) (actual time=0.020..1016.415 rows=4523930 loops=1)
  ->  Hash  (cost=73925.90..73925.90 rows=664104 width=4) (actual time=1128.002..1128.002 rows=551167 loops=1)
        Buckets: 131072  Batches: 16  Memory Usage: 2244kB
        ->  Seq Scan on title t  (cost=0.00..73925.90 rows=664104 width=4) (actual time=0.026..948.983 rows=551167 loops=1)
              Filter: ((kind_id < 3) AND (production_year > 1960))
              Rows Removed by Filter: 1977145
Planning time: 0.677 ms
Execution time: 5584.138 ms
