Seq Scan on movie_companies mc  (cost=0.00..51404.11 rows=104 width=0) (actual time=631.278..681.305 rows=1 loops=1)
  Filter: (company_id = 218932)
  Rows Removed by Filter: 2609128
Planning time: 0.367 ms
Execution time: 681.365 ms
