Hash Join  (cost=169258.20..881412.43 rows=13553 width=0) (actual time=4506.212..12784.229 rows=6575 loops=1)
  Hash Cond: (ci.movie_id = t.id)
  ->  Seq Scan on cast_info ci  (cost=0.00..705507.15 rows=1736414 width=4) (actual time=1658.517..9670.956 rows=1703543 loops=1)
        Filter: (role_id = 8)
        Rows Removed by Filter: 34540801
  ->  Hash  (cost=169011.50..169011.50 rows=19736 width=8) (actual time=2846.780..2846.780 rows=8198 loops=1)
        Buckets: 32768  Batches: 1  Memory Usage: 577kB
        ->  Hash Join  (cost=74096.47..169011.50 rows=19736 width=8) (actual time=884.722..2842.830 rows=8198 loops=1)
              Hash Cond: (mk.movie_id = t.id)
              ->  Seq Scan on movie_keyword mk  (cost=0.00..81003.12 rows=3657213 width=4) (actual time=0.015..1369.181 rows=3654913 loops=1)
                    Filter: (keyword_id > 825)
                    Rows Removed by Filter: 869017
              ->  Hash  (cost=73925.90..73925.90 rows=13645 width=4) (actual time=881.624..881.624 rows=42819 loops=1)
                    Buckets: 65536 (originally 16384)  Batches: 1 (originally 1)  Memory Usage: 2018kB
                    ->  Seq Scan on title t  (cost=0.00..73925.90 rows=13645 width=4) (actual time=377.185..864.748 rows=42819 loops=1)
                          Filter: ((kind_id < 3) AND (production_year < 1913))
                          Rows Removed by Filter: 2485493
Planning time: 1.067 ms
Execution time: 12785.422 ms
