Hash Join  (cost=106187.82..1266591.72 rows=18746263 width=0) (actual time=4533.316..29759.917 rows=19783955 loops=1)
  Hash Cond: (ci.movie_id = t.id)
  ->  Seq Scan on cast_info ci  (cost=0.00..705507.15 rows=20155824 width=4) (actual time=2649.790..12046.228 rows=20279813 loops=1)
        Filter: (person_id > 1578188)
        Rows Removed by Filter: 15964531
  ->  Hash  (cost=67604.59..67604.59 rows=2351699 width=4) (actual time=1882.206..1882.206 rows=2346476 loops=1)
        Buckets: 131072  Batches: 32  Memory Usage: 3606kB
        ->  Seq Scan on title t  (cost=0.00..67604.59 rows=2351699 width=4) (actual time=0.028..1134.799 rows=2346476 loops=1)
              Filter: (production_year > 1927)
              Rows Removed by Filter: 181836
Planning time: 0.613 ms
Execution time: 31720.160 ms
