Hash Join  (cost=83074.74..435121.02 rows=151 width=0) (actual time=2838.722..5726.969 rows=7605 loops=1)
  Hash Cond: (mi.movie_id = t.id)
  ->  Seq Scan on movie_info mi  (cost=0.00..346232.03 rows=1550064 width=4) (actual time=1756.899..4421.016 rows=1533909 loops=1)
        Filter: (info_type_id = 3)
        Rows Removed by Filter: 13301811
  ->  Hash  (cost=83071.67..83071.67 rows=246 width=8) (actual time=1080.832..1080.832 rows=5252 loops=1)
        Buckets: 8192 (originally 1024)  Batches: 1 (originally 1)  Memory Usage: 270kB
        ->  Nested Loop  (cost=0.43..83071.67 rows=246 width=8) (actual time=0.147..1077.610 rows=5252 loops=1)
              ->  Seq Scan on movie_keyword mk  (cost=0.00..81003.12 rows=246 width=4) (actual time=0.054..1002.641 rows=5252 loops=1)
                    Filter: (keyword_id = 3311)
                    Rows Removed by Filter: 4518678
              ->  Index Only Scan using title_pkey on title t  (cost=0.43..8.40 rows=1 width=4) (actual time=0.013..0.014 rows=1 loops=5252)
                    Index Cond: (id = mk.movie_id)
                    Heap Fetches: 5252
Planning time: 1.153 ms
Execution time: 5728.238 ms
