Hash Join  (cost=102767.86..237237.09 rows=1811453 width=0) (actual time=1651.310..4680.354 rows=1813696 loops=1)
  Hash Cond: (mk.movie_id = t.id)
  ->  Seq Scan on movie_keyword mk  (cost=0.00..81003.12 rows=1811453 width=4) (actual time=0.019..1299.999 rows=1813696 loops=1)
        Filter: (keyword_id > 7660)
        Rows Removed by Filter: 2710234
  ->  Hash  (cost=61283.27..61283.27 rows=2528527 width=4) (actual time=1649.410..1649.410 rows=2528312 loops=1)
        Buckets: 131072  Batches: 64  Memory Usage: 2425kB
        ->  Seq Scan on title t  (cost=0.00..61283.27 rows=2528527 width=4) (actual time=0.021..838.421 rows=2528312 loops=1)
Planning time: 0.623 ms
Execution time: 4895.901 ms
