Hash Join  (cost=196226.02..736244.97 rows=5643103 width=0) (actual time=3742.416..15079.319 rows=1877076 loops=1)
  Hash Cond: (mi.movie_id = t.id)
  ->  Seq Scan on movie_info mi  (cost=0.00..309384.22 rows=14739122 width=4) (actual time=0.019..4664.129 rows=14835720 loops=1)
  ->  Hash  (cost=180342.94..180342.94 rows=968086 width=8) (actual time=3741.294..3741.294 rows=253400 loops=1)
        Buckets: 131072  Batches: 16  Memory Usage: 1640kB
        ->  Hash Join  (cost=92883.59..180342.94 rows=968086 width=8) (actual time=1634.532..3660.555 rows=253400 loops=1)
              Hash Cond: (mc.movie_id = t.id)
              ->  Seq Scan on movie_companies mc  (cost=0.00..51404.11 rows=1588676 width=4) (actual time=0.023..833.272 rows=1588066 loops=1)
                    Filter: (company_id > 5379)
                    Rows Removed by Filter: 1021063
              ->  Hash  (cost=67604.59..67604.59 rows=1540800 width=4) (actual time=1499.836..1499.836 rows=1543264 loops=1)
                    Buckets: 131072  Batches: 32  Memory Usage: 2722kB
                    ->  Seq Scan on title t  (cost=0.00..67604.59 rows=1540800 width=4) (actual time=0.014..1013.091 rows=1543264 loops=1)
                          Filter: (kind_id = 7)
                          Rows Removed by Filter: 985048
Planning time: 1.107 ms
Execution time: 15276.898 ms
