Seq Scan on cast_info ci  (cost=0.00..705507.15 rows=28849017 width=0) (actual time=0.023..10721.408 rows=28812621 loops=1)
  Filter: (person_id < 2927814)
  Rows Removed by Filter: 7431723
Planning time: 0.341 ms
Execution time: 14260.835 ms
