Hash Join  (cost=139130.24..220343.27 rows=447051 width=0) (actual time=2699.324..5047.162 rows=1565534 loops=1)
  Hash Cond: (mc.movie_id = t.id)
  ->  Seq Scan on movie_companies mc  (cost=0.00..44881.29 rows=2609129 width=4) (actual time=0.024..730.633 rows=2609129 loops=1)
  ->  Hash  (cost=132021.73..132021.73 rows=433241 width=8) (actual time=2698.426..2698.426 rows=529750 loops=1)
        Buckets: 131072  Batches: 8  Memory Usage: 3629kB
        ->  Hash Join  (cost=87245.25..132021.73 rows=433241 width=8) (actual time=1281.062..2542.376 rows=529750 loops=1)
              Hash Cond: (mi_idx.movie_id = t.id)
              ->  Seq Scan on movie_info_idx mi_idx  (cost=0.00..25185.44 rows=915101 width=4) (actual time=0.027..447.416 rows=919850 loops=1)
                    Filter: (info_type_id < 101)
                    Rows Removed by Filter: 460185
              ->  Hash  (cost=67604.59..67604.59 rows=1197093 width=4) (actual time=1279.877..1279.877 rows=1195923 loops=1)
                    Buckets: 131072  Batches: 16  Memory Usage: 3653kB
                    ->  Seq Scan on title t  (cost=0.00..67604.59 rows=1197093 width=4) (actual time=0.018..924.894 rows=1195923 loops=1)
                          Filter: (production_year < 2003)
                          Rows Removed by Filter: 1332389
Planning time: 1.166 ms
Execution time: 5223.220 ms
