Hash Join  (cost=144702.75..1240934.18 rows=6077132 width=0) (actual time=2983.983..36189.265 rows=7950832 loops=1)
  Hash Cond: (ci.movie_id = t.id)
  ->  Seq Scan on cast_info ci  (cost=0.00..614943.12 rows=36225612 width=4) (actual time=0.013..13396.489 rows=36244344 loops=1)
  ->  Hash  (cost=137743.50..137743.50 rows=424180 width=8) (actual time=2983.184..2983.184 rows=232880 loops=1)
        Buckets: 131072  Batches: 8  Memory Usage: 2160kB
        ->  Hash Join  (cost=93155.63..137743.50 rows=424180 width=8) (actual time=1884.506..2916.158 rows=232880 loops=1)
              Hash Cond: (mi_idx.movie_id = t.id)
              ->  Seq Scan on movie_info_idx mi_idx  (cost=0.00..25185.44 rows=915101 width=4) (actual time=0.023..498.172 rows=919850 loops=1)
                    Filter: (info_type_id < 101)
                    Rows Removed by Filter: 460185
              ->  Hash  (cost=73925.90..73925.90 rows=1172058 width=4) (actual time=1722.613..1722.613 rows=1128906 loops=1)
                    Buckets: 131072  Batches: 16  Memory Usage: 3503kB
                    ->  Seq Scan on title t  (cost=0.00..73925.90 rows=1172058 width=4) (actual time=0.029..1348.074 rows=1128906 loops=1)
                          Filter: ((production_year < 2010) AND (kind_id = 7))
                          Rows Removed by Filter: 1399406
Planning time: 1.179 ms
Execution time: 37140.970 ms
