Hash Join  (cost=217697.21..266294.00 rows=635531 width=0) (actual time=4465.149..6287.288 rows=2319675 loops=1)
  Hash Cond: (mi_idx.movie_id = t.id)
  ->  Seq Scan on movie_info_idx mi_idx  (cost=0.00..21735.35 rows=1380035 width=4) (actual time=0.042..346.925 rows=1380035 loops=1)
  ->  Hash  (cost=198592.81..198592.81 rows=1164432 width=8) (actual time=4464.247..4464.247 rows=1274246 loops=1)
        Buckets: 131072 (originally 131072)  Batches: 32 (originally 16)  Memory Usage: 3073kB
        ->  Hash Join  (cost=102767.86..198592.81 rows=1164432 width=8) (actual time=1510.232..4069.914 rows=1274246 loops=1)
              Hash Cond: (mc.movie_id = t.id)
              ->  Seq Scan on movie_companies mc  (cost=0.00..57926.93 rows=1164432 width=4) (actual time=0.018..1085.077 rows=1274246 loops=1)
                    Filter: ((company_id < 103870) AND (company_type_id = 1))
                    Rows Removed by Filter: 1334883
              ->  Hash  (cost=61283.27..61283.27 rows=2528527 width=4) (actual time=1508.947..1508.947 rows=2528312 loops=1)
                    Buckets: 131072  Batches: 64  Memory Usage: 2415kB
                    ->  Seq Scan on title t  (cost=0.00..61283.27 rows=2528527 width=4) (actual time=0.017..747.563 rows=2528312 loops=1)
Planning time: 1.053 ms
Execution time: 6568.563 ms
