Hash Join  (cost=809054.30..1306493.24 rows=1652501 width=0) (actual time=12762.773..25545.868 rows=6689818 loops=1)
  Hash Cond: (mi.movie_id = t.id)
  ->  Seq Scan on movie_info mi  (cost=0.00..309384.22 rows=14739122 width=4) (actual time=0.030..4252.530 rows=14835720 loops=1)
  ->  Hash  (cost=804402.68..804402.68 rows=283490 width=8) (actual time=12762.030..12762.030 rows=410607 loops=1)
        Buckets: 131072 (originally 131072)  Batches: 8 (originally 4)  Memory Usage: 3073kB
        ->  Hash Join  (cost=83810.17..804402.68 rows=283490 width=8) (actual time=8760.826..12617.885 rows=410607 loops=1)
              Hash Cond: (ci.movie_id = t.id)
              ->  Seq Scan on cast_info ci  (cost=0.00..705507.15 rows=725720 width=4) (actual time=7203.986..10332.852 rows=773674 loops=1)
                    Filter: (role_id = 6)
                    Rows Removed by Filter: 35470670
              ->  Hash  (cost=67604.59..67604.59 rows=987727 width=4) (actual time=1556.024..1556.024 rows=985048 loops=1)
                    Buckets: 131072  Batches: 16  Memory Usage: 3188kB
                    ->  Seq Scan on title t  (cost=0.00..67604.59 rows=987727 width=4) (actual time=0.031..943.067 rows=985048 loops=1)
                          Filter: (kind_id < 7)
                          Rows Removed by Filter: 1543264
Planning time: 1.112 ms
Execution time: 26318.029 ms
