Seq Scan on movie_companies mc  (cost=0.00..57926.93 rows=51 width=0) (actual time=14.555..786.954 rows=96 loops=1)
  Filter: ((company_type_id < 2) AND (company_id = 13706))
  Rows Removed by Filter: 2609033
Planning time: 0.367 ms
Execution time: 787.075 ms
