Hash Join  (cost=77961.21..429958.04 rows=37275 width=0) (actual time=5089.154..5692.154 rows=133038 loops=1)
  Hash Cond: (mi.movie_id = t.id)
  ->  Seq Scan on movie_info mi  (cost=0.00..346232.03 rows=383217 width=4) (actual time=3682.417..4045.233 rows=368218 loops=1)
        Filter: (info_type_id = 17)
        Rows Removed by Filter: 14467502
  ->  Hash  (cost=73925.90..73925.90 rows=245944 width=4) (actual time=1369.490..1369.490 rows=357497 loops=1)
        Buckets: 131072 (originally 131072)  Batches: 8 (originally 4)  Memory Usage: 3073kB
        ->  Seq Scan on title t  (cost=0.00..73925.90 rows=245944 width=4) (actual time=0.022..968.924 rows=357497 loops=1)
              Filter: ((kind_id < 7) AND (production_year < 1987))
              Rows Removed by Filter: 2170815
Planning time: 0.796 ms
Execution time: 5709.210 ms
