Seq Scan on cast_info ci  (cost=0.00..796071.18 rows=13153761 width=0) (actual time=6162.264..13952.024 rows=14232256 loops=1)
  Filter: ((person_id > 651968) AND (role_id > 2))
  Rows Removed by Filter: 22012088
Planning time: 0.283 ms
Execution time: 15723.904 ms
