Hash Join  (cost=190230.21..1366572.47 rows=12021113 width=0) (actual time=4567.140..40244.202 rows=25703794 loops=1)
  Hash Cond: (ci.movie_id = t.id)
  ->  Seq Scan on cast_info ci  (cost=0.00..796071.18 rows=22025318 width=4) (actual time=0.036..16572.872 rows=22937263 loops=1)
        Filter: ((person_id > 216199) AND (role_id > 1))
        Rows Removed by Filter: 13307081
  ->  Hash  (cost=167588.78..167588.78 rows=1380035 width=8) (actual time=4566.053..4566.053 rows=1380035 loops=1)
        Buckets: 131072  Batches: 32  Memory Usage: 2708kB
        ->  Hash Join  (cost=102767.86..167588.78 rows=1380035 width=8) (actual time=1696.657..4148.422 rows=1380035 loops=1)
              Hash Cond: (mi_idx.movie_id = t.id)
              ->  Seq Scan on movie_info_idx mi_idx  (cost=0.00..21735.35 rows=1380035 width=4) (actual time=0.017..382.964 rows=1380035 loops=1)
              ->  Hash  (cost=61283.27..61283.27 rows=2528527 width=4) (actual time=1694.941..1694.941 rows=2528312 loops=1)
                    Buckets: 131072  Batches: 64  Memory Usage: 2415kB
                    ->  Seq Scan on title t  (cost=0.00..61283.27 rows=2528527 width=4) (actual time=0.018..851.480 rows=2528312 loops=1)
Planning time: 0.989 ms
Execution time: 43319.552 ms
