Hash Join  (cost=225093.40..722595.79 rows=4393292 width=0) (actual time=5239.968..17527.718 rows=10365978 loops=1)
  Hash Cond: (mi.movie_id = t.id)
  ->  Seq Scan on movie_info mi  (cost=0.00..346232.03 rows=8859586 width=4) (actual time=388.471..5250.255 rows=8966694 loops=1)
        Filter: (info_type_id < 15)
        Rows Removed by Filter: 5869026
  ->  Hash  (cost=204522.33..204522.33 rows=1253846 width=8) (actual time=4850.600..4850.600 rows=1298280 loops=1)
        Buckets: 131072  Batches: 32  Memory Usage: 2614kB
        ->  Hash Join  (cost=107928.35..204522.33 rows=1253846 width=8) (actual time=2214.911..4487.666 rows=1298280 loops=1)
              Hash Cond: (mc.movie_id = t.id)
              ->  Seq Scan on movie_companies mc  (cost=0.00..57926.93 rows=1289916 width=4) (actual time=225.415..1092.074 rows=1318337 loops=1)
                    Filter: ((company_id > 11) AND (company_type_id = 2))
                    Rows Removed by Filter: 1290792
              ->  Hash  (cost=67604.59..67604.59 rows=2457821 width=4) (actual time=1988.262..1988.262 rows=2456218 loops=1)
                    Buckets: 131072  Batches: 64  Memory Usage: 2375kB
                    ->  Seq Scan on title t  (cost=0.00..67604.59 rows=2457821 width=4) (actual time=0.018..1161.540 rows=2456218 loops=1)
                          Filter: (production_year > 0)
                          Rows Removed by Filter: 72094
Planning time: 1.161 ms
Execution time: 18735.629 ms
