Seq Scan on title t  (cost=0.00..73925.90 rows=527574 width=0) (actual time=0.018..1150.279 rows=609532 loops=1)
  Filter: ((kind_id < 7) AND (production_year < 2005))
  Rows Removed by Filter: 1918780
Planning time: 0.363 ms
Execution time: 1220.915 ms
