Hash Join  (cost=135211.80..499907.78 rows=4005 width=0) (actual time=1817.452..8037.032 rows=283694 loops=1)
  Hash Cond: (mi.movie_id = t.id)
  ->  Seq Scan on movie_info mi  (cost=0.00..309384.22 rows=14739122 width=4) (actual time=0.011..3205.353 rows=14835720 loops=1)
  ->  Hash  (cost=135203.21..135203.21 rows=687 width=8) (actual time=1817.080..1817.080 rows=4531 loops=1)
        Buckets: 8192 (originally 1024)  Batches: 1 (originally 1)  Memory Usage: 241kB
        ->  Hash Join  (cost=73950.44..135203.21 rows=687 width=8) (actual time=912.695..1815.349 rows=4531 loops=1)
              Hash Cond: (mc.movie_id = t.id)
              ->  Seq Scan on movie_companies mc  (cost=0.00..57926.93 rows=885057 width=4) (actual time=0.035..848.363 rows=706746 loops=1)
                    Filter: ((company_id > 1741) AND (company_type_id = 1))
                    Rows Removed by Filter: 1902383
              ->  Hash  (cost=73925.90..73925.90 rows=1963 width=4) (actual time=864.093..864.093 rows=4939 loops=1)
                    Buckets: 8192 (originally 2048)  Batches: 1 (originally 1)  Memory Usage: 238kB
                    ->  Seq Scan on title t  (cost=0.00..73925.90 rows=1963 width=4) (actual time=543.590..862.220 rows=4939 loops=1)
                          Filter: ((kind_id = 1) AND (production_year = 1989))
                          Rows Removed by Filter: 2523373
Planning time: 1.145 ms
Execution time: 8075.080 ms
