Hash Join  (cost=215268.73..748491.62 rows=3279507 width=0) (actual time=4954.557..22470.275 rows=31364832 loops=1)
  Hash Cond: (mi.movie_id = t.id)
  ->  Seq Scan on movie_info mi  (cost=0.00..309384.22 rows=14739122 width=4) (actual time=0.021..4727.048 rows=14835720 loops=1)
  ->  Hash  (cost=206038.16..206038.16 rows=562606 width=8) (actual time=4935.097..4935.097 rows=803454 loops=1)
        Buckets: 131072 (originally 131072)  Batches: 16 (originally 8)  Memory Usage: 3073kB
        ->  Hash Join  (cost=73702.75..206038.16 rows=562606 width=8) (actual time=1047.214..4691.428 rows=803454 loops=1)
              Hash Cond: (mk.movie_id = t.id)
              ->  Seq Scan on movie_keyword mk  (cost=0.00..81003.12 rows=3827259 width=4) (actual time=0.021..1451.078 rows=3829629 loops=1)
                    Filter: (keyword_id > 574)
                    Rows Removed by Filter: 694301
              ->  Hash  (cost=67604.59..67604.59 rows=371693 width=4) (actual time=1045.948..1045.948 rows=366430 loops=1)
                    Buckets: 131072  Batches: 8  Memory Usage: 2633kB
                    ->  Seq Scan on title t  (cost=0.00..67604.59 rows=371693 width=4) (actual time=0.021..922.588 rows=366430 loops=1)
                          Filter: (production_year < 1970)
                          Rows Removed by Filter: 2161882
Planning time: 1.139 ms
Execution time: 25475.967 ms
