Hash Join  (cost=102767.86..251519.79 rows=2404973 width=0) (actual time=2303.433..5951.966 rows=2401868 loops=1)
  Hash Cond: (mk.movie_id = t.id)
  ->  Seq Scan on movie_keyword mk  (cost=0.00..81003.12 rows=2404973 width=4) (actual time=0.019..1445.905 rows=2401868 loops=1)
        Filter: (keyword_id > 3901)
        Rows Removed by Filter: 2122062
  ->  Hash  (cost=61283.27..61283.27 rows=2528527 width=4) (actual time=2301.848..2301.848 rows=2528312 loops=1)
        Buckets: 131072  Batches: 64  Memory Usage: 2425kB
        ->  Seq Scan on title t  (cost=0.00..61283.27 rows=2528527 width=4) (actual time=0.018..846.689 rows=2528312 loops=1)
Planning time: 0.482 ms
Execution time: 6240.407 ms
