Hash Join  (cost=951106.82..998608.06 rows=571676 width=0) (actual time=14666.376..17045.127 rows=3655944 loops=1)
  Hash Cond: (mi_idx.movie_id = t.id)
  ->  Seq Scan on movie_info_idx mi_idx  (cost=0.00..21735.35 rows=1380035 width=4) (actual time=0.025..332.267 rows=1380035 loops=1)
  ->  Hash  (cost=933921.87..933921.87 rows=1047436 width=8) (actual time=14665.358..14665.358 rows=2386076 loops=1)
        Buckets: 131072 (originally 131072)  Batches: 32 (originally 16)  Memory Usage: 3906kB
        ->  Hash Join  (cost=102767.86..933921.87 rows=1047436 width=8) (actual time=2074.171..13970.828 rows=2386076 loops=1)
              Hash Cond: (ci.movie_id = t.id)
              ->  Seq Scan on cast_info ci  (cost=0.00..796071.18 rows=1047436 width=4) (actual time=0.027..9581.709 rows=2386076 loops=1)
                    Filter: ((person_id > 3596280) AND (role_id > 2))
                    Rows Removed by Filter: 33858268
              ->  Hash  (cost=61283.27..61283.27 rows=2528527 width=4) (actual time=2072.378..2072.378 rows=2528312 loops=1)
                    Buckets: 131072  Batches: 64  Memory Usage: 2415kB
                    ->  Seq Scan on title t  (cost=0.00..61283.27 rows=2528527 width=4) (actual time=0.026..923.168 rows=2528312 loops=1)
Planning time: 1.137 ms
Execution time: 17489.731 ms
