Hash Join  (cost=797557.90..824469.34 rows=96 width=0) (actual time=10999.667..11597.373 rows=18 loops=1)
  Hash Cond: (mi_idx.movie_id = t.id)
  ->  Seq Scan on movie_info_idx mi_idx  (cost=0.00..21735.35 rows=1380035 width=4) (actual time=0.017..339.458 rows=1380035 loops=1)
  ->  Hash  (cost=797555.70..797555.70 rows=176 width=8) (actual time=10985.131..10985.131 rows=249 loops=1)
        Buckets: 1024  Batches: 1  Memory Usage: 18kB
        ->  Nested Loop  (cost=0.43..797555.70 rows=176 width=8) (actual time=501.772..10985.024 rows=249 loops=1)
              ->  Seq Scan on cast_info ci  (cost=0.00..796071.18 rows=176 width=4) (actual time=501.678..10980.401 rows=249 loops=1)
                    Filter: ((person_id = 333401) AND (role_id = 1))
                    Rows Removed by Filter: 36244095
              ->  Index Only Scan using title_pkey on title t  (cost=0.43..8.42 rows=1 width=4) (actual time=0.017..0.018 rows=1 loops=249)
                    Index Cond: (id = ci.movie_id)
                    Heap Fetches: 249
Planning time: 0.871 ms
Execution time: 11597.468 ms
