Seq Scan on cast_info ci  (cost=0.00..796071.18 rows=6024275 width=0) (actual time=7494.991..11613.303 rows=7450651 loops=1)
  Filter: ((person_id > 599777) AND (role_id = 2))
  Rows Removed by Filter: 28793693
Planning time: 0.372 ms
Execution time: 12471.091 ms
