Seq Scan on cast_info ci  (cost=0.00..796071.18 rows=10655151 width=0) (actual time=48.152..11242.211 rows=5679465 loops=1)
  Filter: ((person_id < 2433198) AND (role_id > 2))
  Rows Removed by Filter: 30564879
Planning time: 0.328 ms
Execution time: 11953.591 ms
