Hash Join  (cost=58375.75..145034.42 rows=63 width=0) (actual time=819.519..2208.578 rows=360 loops=1)
  Hash Cond: (mk.movie_id = t.id)
  ->  Seq Scan on movie_keyword mk  (cost=0.00..69693.30 rows=4523930 width=4) (actual time=0.021..757.754 rows=4523930 loops=1)
  ->  Hash  (cost=58375.31..58375.31 rows=35 width=8) (actual time=658.291..658.291 rows=71 loops=1)
        Buckets: 1024  Batches: 1  Memory Usage: 11kB
        ->  Nested Loop  (cost=0.43..58375.31 rows=35 width=8) (actual time=3.061..658.221 rows=71 loops=1)
              ->  Seq Scan on movie_companies mc  (cost=0.00..57926.93 rows=53 width=4) (actual time=3.010..655.822 rows=107 loops=1)
                    Filter: ((company_type_id > 1) AND (company_id = 284))
                    Rows Removed by Filter: 2609022
              ->  Index Scan using title_pkey on title t  (cost=0.43..8.45 rows=1 width=4) (actual time=0.021..0.021 rows=1 loops=107)
                    Index Cond: (id = mc.movie_id)
                    Filter: (production_year > 1994)
                    Rows Removed by Filter: 0
Planning time: 1.119 ms
Execution time: 2208.787 ms
