Seq Scan on movie_companies mc  (cost=0.00..57926.93 rows=51 width=0) (actual time=209.467..654.902 rows=20 loops=1)
  Filter: ((company_type_id < 2) AND (company_id = 14208))
  Rows Removed by Filter: 2609109
Planning time: 0.354 ms
Execution time: 655.005 ms
