Seq Scan on movie_companies mc  (cost=0.00..57926.93 rows=203908 width=0) (actual time=0.033..553.576 rows=94196 loops=1)
  Filter: ((company_id < 252) AND (company_type_id > 1))
  Rows Removed by Filter: 2514933
Planning time: 0.328 ms
Execution time: 562.150 ms
