Seq Scan on movie_companies mc  (cost=0.00..57926.93 rows=472509 width=0) (actual time=427.989..825.829 rows=166473 loops=1)
  Filter: ((company_id > 17569) AND (company_type_id < 2))
  Rows Removed by Filter: 2442656
Planning time: 0.413 ms
Execution time: 848.323 ms
