Hash Join  (cost=943319.41..1083959.43 rows=1529798 width=0) (actual time=12949.743..16673.587 rows=2916144 loops=1)
  Hash Cond: (mk.movie_id = t.id)
  ->  Seq Scan on movie_keyword mk  (cost=0.00..69693.30 rows=4523930 width=4) (actual time=0.020..1132.312 rows=4523930 loops=1)
  ->  Hash  (cost=929291.42..929291.42 rows=855039 width=8) (actual time=12948.989..12948.989 rows=585886 loops=1)
        Buckets: 131072  Batches: 16  Memory Usage: 2451kB
        ->  Hash Join  (cost=102767.86..929291.42 rows=855039 width=8) (actual time=11404.400..12816.702 rows=585886 loops=1)
              Hash Cond: (ci.movie_id = t.id)
              ->  Seq Scan on cast_info ci  (cost=0.00..796071.18 rows=855039 width=4) (actual time=9769.588..10484.035 rows=585886 loops=1)
                    Filter: ((person_id < 741647) AND (role_id = 3))
                    Rows Removed by Filter: 35658458
              ->  Hash  (cost=61283.27..61283.27 rows=2528527 width=4) (actual time=1633.662..1633.662 rows=2528312 loops=1)
                    Buckets: 131072  Batches: 64  Memory Usage: 2415kB
                    ->  Seq Scan on title t  (cost=0.00..61283.27 rows=2528527 width=4) (actual time=0.026..826.396 rows=2528312 loops=1)
Planning time: 1.168 ms
Execution time: 17014.605 ms
