Hash Join  (cost=252291.60..347954.33 rows=1495221 width=0) (actual time=5092.181..9602.261 rows=10629115 loops=1)
  Hash Cond: (mc.movie_id = t.id)
  ->  Seq Scan on movie_companies mc  (cost=0.00..44881.29 rows=2609129 width=4) (actual time=0.012..720.823 rows=2609129 loops=1)
  ->  Hash  (cost=228517.72..228517.72 rows=1449030 width=8) (actual time=5091.379..5091.379 rows=1464736 loops=1)
        Buckets: 131072  Batches: 32  Memory Usage: 2800kB
        ->  Hash Join  (cost=102767.86..228517.72 rows=1449030 width=8) (actual time=1692.059..4641.206 rows=1464736 loops=1)
              Hash Cond: (mk.movie_id = t.id)
              ->  Seq Scan on movie_keyword mk  (cost=0.00..81003.12 rows=1449030 width=4) (actual time=0.021..1338.295 rows=1464736 loops=1)
                    Filter: (keyword_id < 2085)
                    Rows Removed by Filter: 3059194
              ->  Hash  (cost=61283.27..61283.27 rows=2528527 width=4) (actual time=1691.080..1691.080 rows=2528312 loops=1)
                    Buckets: 131072  Batches: 64  Memory Usage: 2425kB
                    ->  Seq Scan on title t  (cost=0.00..61283.27 rows=2528527 width=4) (actual time=0.014..834.542 rows=2528312 loops=1)
Planning time: 1.118 ms
Execution time: 10773.370 ms
