Hash Join  (cost=263115.61..1824648.38 rows=35797744 width=0) (actual time=5706.480..59424.112 rows=77072093 loops=1)
  Hash Cond: (ci.movie_id = t.id)
  ->  Seq Scan on cast_info ci  (cost=0.00..705507.15 rows=34691869 width=4) (actual time=0.027..14683.869 rows=34788563 loops=1)
        Filter: (person_id > 146356)
        Rows Removed by Filter: 1455781
  ->  Hash  (cost=220309.49..220309.49 rows=2609129 width=8) (actual time=5704.326..5704.326 rows=2609129 loops=1)
        Buckets: 131072  Batches: 64  Memory Usage: 2610kB
        ->  Hash Join  (cost=102767.86..220309.49 rows=2609129 width=8) (actual time=1653.208..4958.400 rows=2609129 loops=1)
              Hash Cond: (mc.movie_id = t.id)
              ->  Seq Scan on movie_companies mc  (cost=0.00..44881.29 rows=2609129 width=4) (actual time=0.024..791.901 rows=2609129 loops=1)
              ->  Hash  (cost=61283.27..61283.27 rows=2528527 width=4) (actual time=1652.124..1652.124 rows=2528312 loops=1)
                    Buckets: 131072  Batches: 64  Memory Usage: 2415kB
                    ->  Seq Scan on title t  (cost=0.00..61283.27 rows=2528527 width=4) (actual time=0.012..819.806 rows=2528312 loops=1)
Planning time: 1.142 ms
Execution time: 67436.735 ms
