Hash Join  (cost=542808.31..1904260.83 rows=25285359 width=0) (actual time=10528.836..51279.919 rows=32793482 loops=1)
  Hash Cond: (ci.movie_id = t.id)
  ->  Seq Scan on cast_info ci  (cost=0.00..705507.15 rows=30828356 width=4) (actual time=0.021..13104.537 rows=30930000 loops=1)
        Filter: (person_id > 513585)
        Rows Removed by Filter: 5314344
  ->  Hash  (cost=508782.64..508782.64 rows=2073893 width=8) (actual time=10527.528..10527.528 rows=2091068 loops=1)
        Buckets: 131072  Batches: 32  Memory Usage: 3553kB
        ->  Hash Join  (cost=102767.86..508782.64 rows=2073893 width=8) (actual time=3527.147..9921.668 rows=2091068 loops=1)
              Hash Cond: (mi.movie_id = t.id)
              ->  Seq Scan on movie_info mi  (cost=0.00..346232.03 rows=2073893 width=4) (actual time=1154.191..4670.107 rows=2091068 loops=1)
                    Filter: (info_type_id < 3)
                    Rows Removed by Filter: 12744652
              ->  Hash  (cost=61283.27..61283.27 rows=2528527 width=4) (actual time=2371.849..2371.849 rows=2528312 loops=1)
                    Buckets: 131072  Batches: 64  Memory Usage: 2425kB
                    ->  Seq Scan on title t  (cost=0.00..61283.27 rows=2528527 width=4) (actual time=0.033..893.044 rows=2528312 loops=1)
Planning time: 1.106 ms
Execution time: 55096.339 ms
