Seq Scan on movie_companies mc  (cost=0.00..51404.11 rows=104 width=0) (actual time=38.010..644.128 rows=647 loops=1)
  Filter: (company_id = 892)
  Rows Removed by Filter: 2608482
Planning time: 0.370 ms
Execution time: 644.361 ms
