Seq Scan on cast_info ci  (cost=0.00..705507.15 rows=23633661 width=0) (actual time=0.015..9840.641 rows=23536062 loops=1)
  Filter: (person_id < 2410342)
  Rows Removed by Filter: 12708282
Planning time: 0.204 ms
Execution time: 12596.495 ms
