Hash Join  (cost=73994.33..438969.35 rows=31909 width=0) (actual time=959.907..7169.087 rows=41622 loops=1)
  Hash Cond: (mi.movie_id = t.id)
  ->  Seq Scan on movie_info mi  (cost=0.00..309384.22 rows=14739122 width=4) (actual time=0.013..3063.890 rows=14835720 loops=1)
  ->  Hash  (cost=73925.90..73925.90 rows=5474 width=4) (actual time=958.951..958.951 rows=7792 loops=1)
        Buckets: 8192  Batches: 1  Memory Usage: 338kB
        ->  Seq Scan on title t  (cost=0.00..73925.90 rows=5474 width=4) (actual time=2.661..955.021 rows=7792 loops=1)
              Filter: ((kind_id > 1) AND (production_year = 1963))
              Rows Removed by Filter: 2520520
Planning time: 0.792 ms
Execution time: 7175.767 ms
