Seq Scan on cast_info ci  (cost=0.00..796071.18 rows=10658166 width=0) (actual time=0.024..12502.240 rows=12706625 loops=1)
  Filter: ((person_id > 1213590) AND (role_id > 2))
  Rows Removed by Filter: 23537719
Planning time: 0.342 ms
Execution time: 14021.138 ms
