Hash Join  (cost=263115.61..457537.54 rows=4368758 width=0) (actual time=5553.496..17055.987 rows=32886213 loops=1)
  Hash Cond: (mk.movie_id = t.id)
  ->  Seq Scan on movie_keyword mk  (cost=0.00..81003.12 rows=4233797 width=4) (actual time=0.023..1496.242 rows=4213440 loops=1)
        Filter: (keyword_id > 245)
        Rows Removed by Filter: 310490
  ->  Hash  (cost=220309.49..220309.49 rows=2609129 width=8) (actual time=5551.992..5551.992 rows=2609129 loops=1)
        Buckets: 131072  Batches: 64  Memory Usage: 2691kB
        ->  Hash Join  (cost=102767.86..220309.49 rows=2609129 width=8) (actual time=1530.524..4774.848 rows=2609129 loops=1)
              Hash Cond: (mc.movie_id = t.id)
              ->  Seq Scan on movie_companies mc  (cost=0.00..44881.29 rows=2609129 width=4) (actual time=0.029..729.860 rows=2609129 loops=1)
              ->  Hash  (cost=61283.27..61283.27 rows=2528527 width=4) (actual time=1528.775..1528.775 rows=2528312 loops=1)
                    Buckets: 131072  Batches: 64  Memory Usage: 2415kB
                    ->  Seq Scan on title t  (cost=0.00..61283.27 rows=2528527 width=4) (actual time=0.009..773.357 rows=2528312 loops=1)
Planning time: 1.127 ms
Execution time: 20968.568 ms
