Seq Scan on movie_keyword mk  (cost=0.00..81003.12 rows=1728123 width=0) (actual time=0.012..1313.759 rows=1732726 loops=1)
  Filter: (keyword_id < 2830)
  Rows Removed by Filter: 2791204
Planning time: 0.221 ms
Execution time: 1513.230 ms
