Hash Join  (cost=83074.74..447745.01 rows=1434 width=0) (actual time=1089.089..7014.063 rows=7742 loops=1)
  Hash Cond: (mi.movie_id = t.id)
  ->  Seq Scan on movie_info mi  (cost=0.00..309384.22 rows=14739122 width=4) (actual time=0.014..3185.368 rows=14835720 loops=1)
  ->  Hash  (cost=83071.67..83071.67 rows=246 width=8) (actual time=1086.825..1086.825 rows=107 loops=1)
        Buckets: 1024  Batches: 1  Memory Usage: 13kB
        ->  Nested Loop  (cost=0.43..83071.67 rows=246 width=8) (actual time=20.930..1086.670 rows=107 loops=1)
              ->  Seq Scan on movie_keyword mk  (cost=0.00..81003.12 rows=246 width=4) (actual time=20.852..1082.465 rows=107 loops=1)
                    Filter: (keyword_id = 281)
                    Rows Removed by Filter: 4523823
              ->  Index Only Scan using title_pkey on title t  (cost=0.43..8.40 rows=1 width=4) (actual time=0.035..0.036 rows=1 loops=107)
                    Index Cond: (id = mk.movie_id)
                    Heap Fetches: 107
Planning time: 1.052 ms
Execution time: 7015.696 ms
