Nested Loop  (cost=0.43..83101.36 rows=3284 width=0) (actual time=0.396..861.701 rows=6150 loops=1)
  ->  Seq Scan on movie_companies mc  (cost=0.00..57926.93 rows=3284 width=4) (actual time=0.359..777.146 rows=6150 loops=1)
        Filter: ((company_type_id < 2) AND (company_id = 145))
        Rows Removed by Filter: 2602979
  ->  Index Only Scan using title_pkey on title t  (cost=0.43..7.66 rows=1 width=4) (actual time=0.013..0.013 rows=1 loops=6150)
        Index Cond: (id = mc.movie_id)
        Heap Fetches: 6150
Planning time: 0.681 ms
Execution time: 863.290 ms
