Hash Join  (cost=797960.46..824872.16 rows=122 width=0) (actual time=10400.771..10725.718 rows=6 loops=1)
  Hash Cond: (mi_idx.movie_id = t.id)
  ->  Seq Scan on movie_info_idx mi_idx  (cost=0.00..21735.35 rows=1380035 width=4) (actual time=0.024..195.384 rows=1380035 loops=1)
  ->  Hash  (cost=797957.66..797957.66 rows=224 width=8) (actual time=10322.263..10322.263 rows=6 loops=1)
        Buckets: 1024  Batches: 1  Memory Usage: 9kB
        ->  Nested Loop  (cost=0.43..797957.66 rows=224 width=8) (actual time=4441.374..10322.234 rows=6 loops=1)
              ->  Seq Scan on cast_info ci  (cost=0.00..796071.18 rows=224 width=4) (actual time=4441.271..10321.921 rows=6 loops=1)
                    Filter: ((role_id > 2) AND (person_id = 1195194))
                    Rows Removed by Filter: 36244338
              ->  Index Only Scan using title_pkey on title t  (cost=0.43..8.41 rows=1 width=4) (actual time=0.036..0.037 rows=1 loops=6)
                    Index Cond: (id = ci.movie_id)
                    Heap Fetches: 6
Planning time: 10.438 ms
Execution time: 10725.821 ms
