Hash Join  (cost=796537.03..892850.03 rows=89 width=0) (actual time=8459.584..10226.661 rows=4 loops=1)
  Hash Cond: (mk.movie_id = t.id)
  ->  Seq Scan on movie_keyword mk  (cost=0.00..81003.12 rows=4082396 width=4) (actual time=0.016..1278.560 rows=4085566 loops=1)
        Filter: (keyword_id < 40156)
        Rows Removed by Filter: 438364
  ->  Hash  (cost=796536.34..796536.34 rows=55 width=8) (actual time=8413.760..8413.760 rows=159 loops=1)
        Buckets: 1024  Batches: 1  Memory Usage: 15kB
        ->  Nested Loop  (cost=0.43..796536.34 rows=55 width=8) (actual time=4982.803..8413.709 rows=159 loops=1)
              ->  Seq Scan on cast_info ci  (cost=0.00..796071.18 rows=55 width=4) (actual time=4982.699..8412.102 rows=159 loops=1)
                    Filter: ((person_id = 1755821) AND (role_id = 3))
                    Rows Removed by Filter: 36244185
              ->  Index Only Scan using title_pkey on title t  (cost=0.43..8.45 rows=1 width=4) (actual time=0.009..0.010 rows=1 loops=159)
                    Index Cond: (id = ci.movie_id)
                    Heap Fetches: 159
Planning time: 1.115 ms
Execution time: 10226.770 ms
