Hash Join  (cost=120034.68..917675.69 rows=375993 width=0) (actual time=2191.094..15619.881 rows=897711 loops=1)
  Hash Cond: (ci.movie_id = t.id)
  ->  Seq Scan on cast_info ci  (cost=0.00..705507.15 rows=7600776 width=4) (actual time=159.816..9975.445 rows=7512709 loops=1)
        Filter: (person_id < 727825)
        Rows Removed by Filter: 28731635
  ->  Hash  (cost=117982.17..117982.17 rows=125081 width=8) (actual time=2030.348..2030.348 rows=163322 loops=1)
        Buckets: 131072 (originally 131072)  Batches: 4 (originally 2)  Memory Usage: 3073kB
        ->  Hash Join  (cost=79572.46..117982.17 rows=125081 width=8) (actual time=1020.931..1981.787 rows=163322 loops=1)
              Hash Cond: (mi_idx.movie_id = t.id)
              ->  Seq Scan on movie_info_idx mi_idx  (cost=0.00..25185.44 rows=919057 width=4) (actual time=0.034..482.170 rows=920110 loops=1)
                    Filter: (info_type_id > 99)
                    Rows Removed by Filter: 459925
              ->  Hash  (cost=73925.90..73925.90 rows=344124 width=4) (actual time=1019.928..1019.928 rows=277148 loops=1)
                    Buckets: 131072  Batches: 8  Memory Usage: 2235kB
                    ->  Seq Scan on title t  (cost=0.00..73925.90 rows=344124 width=4) (actual time=0.058..927.584 rows=277148 loops=1)
                          Filter: ((kind_id < 4) AND (production_year > 2005))
                          Rows Removed by Filter: 2251164
Planning time: 1.225 ms
Execution time: 15718.218 ms
