Hash Join  (cost=74700.55..164430.77 rows=53539 width=0) (actual time=910.289..2636.046 rows=46783 loops=1)
  Hash Cond: (mk.movie_id = t.id)
  ->  Seq Scan on movie_keyword mk  (cost=0.00..81003.12 rows=2184453 width=4) (actual time=0.015..1315.136 rows=2184258 loops=1)
        Filter: (keyword_id < 4333)
        Rows Removed by Filter: 2339672
  ->  Hash  (cost=73925.90..73925.90 rows=61972 width=4) (actual time=909.882..909.882 rows=53356 loops=1)
        Buckets: 65536  Batches: 1  Memory Usage: 2388kB
        ->  Seq Scan on title t  (cost=0.00..73925.90 rows=61972 width=4) (actual time=0.366..889.415 rows=53356 loops=1)
              Filter: ((kind_id < 6) AND (production_year = 2011))
              Rows Removed by Filter: 2474956
Planning time: 0.728 ms
Execution time: 2642.768 ms
