Seq Scan on cast_info ci  (cost=0.00..705507.15 rows=500 width=0) (actual time=8095.657..8813.690 rows=63 loops=1)
  Filter: (person_id = 1253542)
  Rows Removed by Filter: 36244281
Planning time: 0.350 ms
Execution time: 8813.766 ms
