Seq Scan on movie_companies mc  (cost=0.00..57926.93 rows=796589 width=0) (actual time=283.059..921.132 rows=1015568 loops=1)
  Filter: ((company_id > 6036) AND (company_type_id > 1))
  Rows Removed by Filter: 1593561
Planning time: 0.353 ms
Execution time: 1056.471 ms
