Seq Scan on movie_keyword mk  (cost=0.00..81003.12 rows=2151418 width=0) (actual time=0.016..1302.483 rows=2157665 loops=1)
  Filter: (keyword_id < 4099)
  Rows Removed by Filter: 2366265
Planning time: 0.301 ms
Execution time: 1582.126 ms
