Hash Join  (cost=259819.84..863289.95 rows=9863028 width=0) (actual time=5959.693..20543.454 rows=8816577 loops=1)
  Hash Cond: (mi.movie_id = t.id)
  ->  Seq Scan on movie_info mi  (cost=0.00..309384.22 rows=14739122 width=4) (actual time=0.010..6118.660 rows=14835720 loops=1)
  ->  Hash  (cost=232059.55..232059.55 rows=1692023 width=8) (actual time=5957.860..5957.860 rows=758258 loops=1)
        Buckets: 131072  Batches: 32  Memory Usage: 1965kB
        ->  Hash Join  (cost=89442.28..232059.55 rows=1692023 width=8) (actual time=1774.294..5729.286 rows=758258 loops=1)
              Hash Cond: (mk.movie_id = t.id)
              ->  Seq Scan on movie_keyword mk  (cost=0.00..69693.30 rows=4523930 width=4) (actual time=0.036..1429.243 rows=4523930 loops=1)
              ->  Hash  (cost=73925.90..73925.90 rows=945710 width=4) (actual time=1773.014..1773.014 rows=1054262 loops=1)
                    Buckets: 131072  Batches: 16  Memory Usage: 3355kB
                    ->  Seq Scan on title t  (cost=0.00..73925.90 rows=945710 width=4) (actual time=0.018..1437.290 rows=1054262 loops=1)
                          Filter: ((kind_id > 3) AND (production_year > 1999))
                          Rows Removed by Filter: 1474050
Planning time: 1.164 ms
Execution time: 21477.043 ms
