Hash Join  (cost=158153.55..537941.06 rows=564068 width=0) (actual time=4157.514..9152.420 rows=2759392 loops=1)
  Hash Cond: (mi.movie_id = t.id)
  ->  Seq Scan on movie_info mi  (cost=0.00..346232.03 rows=2194617 width=4) (actual time=763.640..4108.575 rows=2233850 loops=1)
        Filter: (info_type_id > 16)
        Rows Removed by Filter: 12601870
  ->  Hash  (cost=147490.93..147490.93 rows=649890 width=8) (actual time=3368.715..3368.715 rows=751382 loops=1)
        Buckets: 131072  Batches: 16  Memory Usage: 2879kB
        ->  Hash Join  (cost=97066.09..147490.93 rows=649890 width=8) (actual time=1557.888..3121.302 rows=751382 loops=1)
              Hash Cond: (mi_idx.movie_id = t.id)
              ->  Seq Scan on movie_info_idx mi_idx  (cost=0.00..25185.44 rows=915101 width=4) (actual time=0.024..522.366 rows=919850 loops=1)
                    Filter: (info_type_id < 101)
                    Rows Removed by Filter: 460185
              ->  Hash  (cost=67604.59..67604.59 rows=1795720 width=4) (actual time=1556.489..1556.489 rows=1794153 loops=1)
                    Buckets: 131072  Batches: 32  Memory Usage: 2992kB
                    ->  Seq Scan on title t  (cost=0.00..67604.59 rows=1795720 width=4) (actual time=0.023..1005.480 rows=1794153 loops=1)
                          Filter: (production_year < 2009)
                          Rows Removed by Filter: 734159
Planning time: 1.119 ms
Execution time: 9428.267 ms
