Seq Scan on movie_companies mc  (cost=0.00..57926.93 rows=369284 width=0) (actual time=523.987..770.333 rows=54951 loops=1)
  Filter: ((company_id > 35769) AND (company_type_id < 2))
  Rows Removed by Filter: 2554178
Planning time: 0.323 ms
Execution time: 778.411 ms
