Seq Scan on movie_companies mc  (cost=0.00..51404.11 rows=104 width=0) (actual time=95.854..649.032 rows=182 loops=1)
  Filter: (company_id = 2388)
  Rows Removed by Filter: 2608947
Planning time: 0.326 ms
Execution time: 649.168 ms
