Hash Join  (cost=81516.96..602704.79 rows=2365613 width=0) (actual time=1047.370..12972.588 rows=3566430 loops=1)
  Hash Cond: (mi.movie_id = t.id)
  ->  Seq Scan on movie_info mi  (cost=0.00..346232.03 rows=12928982 width=4) (actual time=0.023..5649.220 rows=12970088 loops=1)
        Filter: (info_type_id < 18)
        Rows Removed by Filter: 1865632
  ->  Hash  (cost=73925.90..73925.90 rows=462644 width=4) (actual time=1046.463..1046.463 rows=335285 loops=1)
        Buckets: 131072  Batches: 8  Memory Usage: 2510kB
        ->  Seq Scan on title t  (cost=0.00..73925.90 rows=462644 width=4) (actual time=39.930..939.513 rows=335285 loops=1)
              Filter: ((production_year > 1990) AND (kind_id = 1))
              Rows Removed by Filter: 2193027
Planning time: 0.792 ms
Execution time: 13293.784 ms
