Hash Join  (cost=425833.22..480518.29 rows=1954 width=0) (actual time=5173.413..6170.839 rows=80432 loops=1)
  Hash Cond: (mc.movie_id = t.id)
  ->  Seq Scan on movie_companies mc  (cost=0.00..44881.29 rows=2609129 width=4) (actual time=0.010..457.269 rows=2609129 loops=1)
  ->  Hash  (cost=425809.55..425809.55 rows=1894 width=8) (actual time=5173.332..5173.332 rows=10618 loops=1)
        Buckets: 16384 (originally 2048)  Batches: 1 (originally 1)  Memory Usage: 543kB
        ->  Hash Join  (cost=78306.32..425809.55 rows=1894 width=8) (actual time=4514.344..5169.812 rows=10618 loops=1)
              Hash Cond: (mi.movie_id = t.id)
              ->  Seq Scan on movie_info mi  (cost=0.00..346232.03 rows=17937 width=4) (actual time=3435.044..4121.262 rows=36985 loops=1)
                    Filter: (info_type_id = 104)
                    Rows Removed by Filter: 14798735
              ->  Hash  (cost=73925.90..73925.90 rows=266993 width=4) (actual time=997.724..997.724 rows=216282 loops=1)
                    Buckets: 131072  Batches: 4  Memory Usage: 2934kB
                    ->  Seq Scan on title t  (cost=0.00..73925.90 rows=266993 width=4) (actual time=162.471..925.288 rows=216282 loops=1)
                          Filter: ((production_year > 2005) AND (kind_id = 1))
                          Rows Removed by Filter: 2312030
Planning time: 1.136 ms
Execution time: 6181.612 ms
