Seq Scan on cast_info ci  (cost=0.00..796071.18 rows=396 width=0) (actual time=9311.068..12661.736 rows=9 loops=1)
  Filter: ((role_id < 8) AND (person_id = 3127705))
  Rows Removed by Filter: 36244335
Planning time: 0.362 ms
Execution time: 12661.868 ms
