Seq Scan on cast_info ci  (cost=0.00..796071.18 rows=3927273 width=0) (actual time=1.850..9919.370 rows=1650675 loops=1)
  Filter: ((person_id < 576792) AND (role_id > 1))
  Rows Removed by Filter: 34593669
Planning time: 0.329 ms
Execution time: 10110.118 ms
