Seq Scan on movie_companies mc  (cost=0.00..57926.93 rows=889849 width=40) (actual time=246.598..1207.824 rows=720902 loops=1)
  Filter: ((company_id > 1700) AND (company_type_id < 2))
  Rows Removed by Filter: 1888227
Planning time: 15.247 ms
Execution time: 1249.230 ms
