Seq Scan on cast_info ci  (cost=0.00..705507.15 rows=30828802 width=0) (actual time=0.012..11450.023 rows=30930657 loops=1)
  Filter: (person_id > 513539)
  Rows Removed by Filter: 5313687
Planning time: 0.325 ms
Execution time: 15409.212 ms
