Hash Join  (cost=224145.83..268895.14 rows=411283 width=0) (actual time=3910.256..5353.162 rows=1761069 loops=1)
  Hash Cond: (mi_idx.movie_id = t.id)
  ->  Seq Scan on movie_info_idx mi_idx  (cost=0.00..21735.35 rows=1380035 width=4) (actual time=0.021..364.080 rows=1380035 loops=1)
  ->  Hash  (cost=211782.33..211782.33 rows=753560 width=8) (actual time=3909.050..3909.050 rows=761442 loops=1)
        Buckets: 131072  Batches: 16  Memory Usage: 2919kB
        ->  Hash Join  (cost=102767.86..211782.33 rows=753560 width=8) (actual time=1666.044..3704.596 rows=761442 loops=1)
              Hash Cond: (mk.movie_id = t.id)
              ->  Seq Scan on movie_keyword mk  (cost=0.00..81003.12 rows=753560 width=4) (actual time=11.431..1131.554 rows=761442 loops=1)
                    Filter: (keyword_id > 24621)
                    Rows Removed by Filter: 3762488
              ->  Hash  (cost=61283.27..61283.27 rows=2528527 width=4) (actual time=1651.820..1651.820 rows=2528312 loops=1)
                    Buckets: 131072  Batches: 64  Memory Usage: 2425kB
                    ->  Seq Scan on title t  (cost=0.00..61283.27 rows=2528527 width=4) (actual time=0.021..779.710 rows=2528312 loops=1)
Planning time: 1.116 ms
Execution time: 5551.470 ms
