Hash Join  (cost=481018.21..1533562.51 rows=4755532 width=0) (actual time=8925.092..36182.704 rows=1295218 loops=1)
  Hash Cond: (ci.movie_id = t.id)
  ->  Seq Scan on cast_info ci  (cost=0.00..705507.15 rows=25743149 width=4) (actual time=0.016..15544.719 rows=25936107 loops=1)
        Filter: (person_id > 1013523)
        Rows Removed by Filter: 10308237
  ->  Hash  (cost=473354.52..473354.52 rows=467095 width=8) (actual time=8923.450..8923.450 rows=62935 loops=1)
        Buckets: 131072  Batches: 8  Memory Usage: 1329kB
        ->  Hash Join  (cost=79273.71..473354.52 rows=467095 width=8) (actual time=1468.758..8903.788 rows=62935 loops=1)
              Hash Cond: (mi.movie_id = t.id)
              ->  Seq Scan on movie_info mi  (cost=0.00..346232.03 rows=3623957 width=4) (actual time=210.595..6014.760 rows=3624977 loops=1)
                    Filter: (info_type_id < 4)
                    Rows Removed by Filter: 11210743
              ->  Hash  (cost=73925.90..73925.90 rows=325904 width=4) (actual time=1257.219..1257.219 rows=349534 loops=1)
                    Buckets: 131072  Batches: 8  Memory Usage: 2572kB
                    ->  Seq Scan on title t  (cost=0.00..73925.90 rows=325904 width=4) (actual time=0.030..1136.288 rows=349534 loops=1)
                          Filter: ((production_year > 2009) AND (kind_id = 7))
                          Rows Removed by Filter: 2178778
Planning time: 6.184 ms
Execution time: 36344.664 ms
