Seq Scan on movie_keyword mk  (cost=0.00..81003.12 rows=246 width=0) (actual time=6.395..1072.010 rows=213 loops=1)
  Filter: (keyword_id = 6426)
  Rows Removed by Filter: 4523717
Planning time: 0.320 ms
Execution time: 1072.155 ms
