Nested Loop  (cost=0.43..83072.29 rows=150 width=0) (actual time=85.045..1047.702 rows=1 loops=1)
  ->  Seq Scan on movie_keyword mk  (cost=0.00..81003.12 rows=246 width=4) (actual time=84.982..1047.510 rows=3 loops=1)
        Filter: (keyword_id = 51490)
        Rows Removed by Filter: 4523927
  ->  Index Scan using title_pkey on title t  (cost=0.43..8.40 rows=1 width=4) (actual time=0.059..0.059 rows=0 loops=3)
        Index Cond: (id = mk.movie_id)
        Filter: (kind_id = 7)
        Rows Removed by Filter: 1
Planning time: 0.718 ms
Execution time: 1047.807 ms
