Hash Join  (cost=102767.86..1657351.02 rows=34875693 width=0) (actual time=1628.913..46060.742 rows=34871700 loops=1)
  Hash Cond: (ci.movie_id = t.id)
  ->  Seq Scan on cast_info ci  (cost=0.00..705507.15 rows=34875693 width=4) (actual time=0.022..14409.557 rows=34871700 loops=1)
        Filter: (person_id < 3796057)
        Rows Removed by Filter: 1372644
  ->  Hash  (cost=61283.27..61283.27 rows=2528527 width=4) (actual time=1627.546..1627.546 rows=2528312 loops=1)
        Buckets: 131072  Batches: 64  Memory Usage: 2415kB
        ->  Seq Scan on title t  (cost=0.00..61283.27 rows=2528527 width=4) (actual time=0.023..789.189 rows=2528312 loops=1)
Planning time: 0.738 ms
Execution time: 49755.623 ms
