Hash Join  (cost=160526.42..1201514.76 rows=5397710 width=0) (actual time=2958.409..24640.332 rows=5411154 loops=1)
  Hash Cond: (ci.movie_id = t.id)
  ->  Seq Scan on cast_info ci  (cost=0.00..796071.18 rows=16229621 width=4) (actual time=0.024..12445.511 rows=12373616 loops=1)
        Filter: ((person_id < 2581815) AND (role_id > 1))
        Rows Removed by Filter: 23870728
  ->  Hash  (cost=146729.58..146729.58 rows=840947 width=8) (actual time=2957.314..2957.314 rows=425718 loops=1)
        Buckets: 131072  Batches: 16  Memory Usage: 2062kB
        ->  Hash Join  (cost=92883.59..146729.58 rows=840947 width=8) (actual time=1444.986..2831.565 rows=425718 loops=1)
              Hash Cond: (mi_idx.movie_id = t.id)
              ->  Seq Scan on movie_info_idx mi_idx  (cost=0.00..21735.35 rows=1380035 width=4) (actual time=0.019..392.553 rows=1380035 loops=1)
              ->  Hash  (cost=67604.59..67604.59 rows=1540800 width=4) (actual time=1443.819..1443.819 rows=1543264 loops=1)
                    Buckets: 131072  Batches: 32  Memory Usage: 2722kB
                    ->  Seq Scan on title t  (cost=0.00..67604.59 rows=1540800 width=4) (actual time=48.336..949.366 rows=1543264 loops=1)
                          Filter: (kind_id = 7)
                          Rows Removed by Filter: 985048
Planning time: 1.148 ms
Execution time: 25156.919 ms
