Hash Join  (cost=69694.50..169963.25 rows=78334 width=0) (actual time=873.606..2751.205 rows=68488 loops=1)
  Hash Cond: (mk.movie_id = t.id)
  ->  Seq Scan on movie_keyword mk  (cost=0.00..81003.12 rows=1555275 width=4) (actual time=0.016..1319.445 rows=1560559 loops=1)
        Filter: (keyword_id < 2338)
        Rows Removed by Filter: 2963371
  ->  Hash  (cost=67604.59..67604.59 rows=127353 width=4) (actual time=872.765..872.765 rows=128696 loops=1)
        Buckets: 131072  Batches: 2  Memory Usage: 3290kB
        ->  Seq Scan on title t  (cost=0.00..67604.59 rows=127353 width=4) (actual time=0.018..824.635 rows=128696 loops=1)
              Filter: (production_year = 2009)
              Rows Removed by Filter: 2399616
Planning time: 0.727 ms
Execution time: 2761.020 ms
