Hash Join  (cost=94967.85..181714.13 rows=8824 width=0) (actual time=991.095..1965.369 rows=51973 loops=1)
  Hash Cond: (mk.movie_id = t.id)
  ->  Seq Scan on movie_keyword mk  (cost=0.00..69693.30 rows=4523930 width=4) (actual time=0.020..465.485 rows=4523930 loops=1)
  ->  Hash  (cost=94906.20..94906.20 rows=4932 width=8) (actual time=990.702..990.702 rows=6559 loops=1)
        Buckets: 8192  Batches: 1  Memory Usage: 321kB
        ->  Hash Join  (cost=67942.77..94906.20 rows=4932 width=8) (actual time=687.429..988.797 rows=6559 loops=1)
              Hash Cond: (mi_idx.movie_id = t.id)
              ->  Seq Scan on movie_info_idx mi_idx  (cost=0.00..25185.44 rows=460978 width=4) (actual time=0.015..221.703 rows=459925 loops=1)
                    Filter: (info_type_id = 99)
                    Rows Removed by Filter: 920110
              ->  Hash  (cost=67604.59..67604.59 rows=27055 width=4) (actual time=687.262..687.262 rows=26775 loops=1)
                    Buckets: 32768  Batches: 1  Memory Usage: 1198kB
                    ->  Seq Scan on title t  (cost=0.00..67604.59 rows=27055 width=4) (actual time=0.031..677.215 rows=26775 loops=1)
                          Filter: (production_year = 1993)
                          Rows Removed by Filter: 2501537
Planning time: 1.025 ms
Execution time: 1970.173 ms
