Hash Join  (cost=198311.31..737665.89 rows=5580865 width=0) (actual time=3791.093..20906.854 rows=13284157 loops=1)
  Hash Cond: (mi.movie_id = t.id)
  ->  Seq Scan on movie_info mi  (cost=0.00..309384.22 rows=14739122 width=4) (actual time=0.020..4548.327 rows=14835720 loops=1)
  ->  Hash  (cost=182603.70..182603.70 rows=957409 width=8) (actual time=3790.045..3790.045 rows=830078 loops=1)
        Buckets: 131072  Batches: 16  Memory Usage: 3057kB
        ->  Hash Join  (cost=97476.44..182603.70 rows=957409 width=8) (actual time=1659.160..3543.762 rows=830078 loops=1)
              Hash Cond: (mc.movie_id = t.id)
              ->  Seq Scan on movie_companies mc  (cost=0.00..51404.11 rows=1329612 width=4) (actual time=29.360..712.164 rows=1334883 loops=1)
                    Filter: (company_type_id = 2)
                    Rows Removed by Filter: 1274246
              ->  Hash  (cost=67604.59..67604.59 rows=1820708 width=4) (actual time=1628.916..1628.916 rows=1813245 loops=1)
                    Buckets: 131072  Batches: 32  Memory Usage: 3022kB
                    ->  Seq Scan on title t  (cost=0.00..67604.59 rows=1820708 width=4) (actual time=0.022..1044.804 rows=1813245 loops=1)
                          Filter: (production_year > 1987)
                          Rows Removed by Filter: 715067
Planning time: 1.161 ms
Execution time: 22607.319 ms
