Hash Join  (cost=88359.31..166731.50 rows=665203 width=0) (actual time=1704.845..3218.460 rows=783688 loops=1)
  Hash Cond: (mc.movie_id = t.id)
  ->  Seq Scan on movie_companies mc  (cost=0.00..51404.11 rows=1329612 width=4) (actual time=305.690..801.169 rows=1334883 loops=1)
        Filter: (company_type_id > 1)
        Rows Removed by Filter: 1274246
  ->  Hash  (cost=67604.59..67604.59 rows=1265018 width=4) (actual time=1397.831..1397.831 rows=1263700 loops=1)
        Buckets: 131072  Batches: 32  Memory Usage: 2410kB
        ->  Seq Scan on title t  (cost=0.00..67604.59 rows=1265018 width=4) (actual time=0.029..979.921 rows=1263700 loops=1)
              Filter: (production_year < 2004)
              Rows Removed by Filter: 1264612
Planning time: 0.746 ms
Execution time: 3303.011 ms
