Hash Join  (cost=73702.75..167146.53 rows=123926 width=0) (actual time=1021.320..2702.637 rows=191153 loops=1)
  Hash Cond: (mk.movie_id = t.id)
  ->  Seq Scan on movie_keyword mk  (cost=0.00..81003.12 rows=843038 width=4) (actual time=0.025..1207.423 rows=849048 loops=1)
        Filter: (keyword_id > 21629)
        Rows Removed by Filter: 3674882
  ->  Hash  (cost=67604.59..67604.59 rows=371693 width=4) (actual time=1020.085..1020.085 rows=366430 loops=1)
        Buckets: 131072  Batches: 8  Memory Usage: 2633kB
        ->  Seq Scan on title t  (cost=0.00..67604.59 rows=371693 width=4) (actual time=0.020..898.459 rows=366430 loops=1)
              Filter: (production_year < 1970)
              Rows Removed by Filter: 2161882
Planning time: 0.757 ms
Execution time: 2728.404 ms
