Hash Join  (cost=166488.70..993335.61 rows=150371 width=0) (actual time=7841.627..18290.399 rows=873728 loops=1)
  Hash Cond: (ci.movie_id = t.id)
  ->  Seq Scan on cast_info ci  (cost=0.00..796071.18 rows=7805873 width=4) (actual time=5234.694..12690.769 rows=12670688 loops=1)
        Filter: ((person_id < 2246486) AND (role_id = 1))
        Rows Removed by Filter: 23573656
  ->  Hash  (cost=165879.84..165879.84 rows=48709 width=8) (actual time=2606.289..2606.289 rows=51880 loops=1)
        Buckets: 65536  Batches: 1  Memory Usage: 2539kB
        ->  Hash Join  (cost=69179.59..165879.84 rows=48709 width=8) (actual time=855.240..2588.135 rows=51880 loops=1)
              Hash Cond: (mk.movie_id = t.id)
              ->  Seq Scan on movie_keyword mk  (cost=0.00..81003.12 rows=1282943 width=4) (actual time=0.025..1277.235 rows=1296072 loops=1)
                    Filter: (keyword_id < 1682)
                    Rows Removed by Filter: 3227858
              ->  Hash  (cost=67604.59..67604.59 rows=96000 width=4) (actual time=854.359..854.359 rows=95005 loops=1)
                    Buckets: 131072  Batches: 2  Memory Usage: 2722kB
                    ->  Seq Scan on title t  (cost=0.00..67604.59 rows=96000 width=4) (actual time=0.024..817.031 rows=95005 loops=1)
                          Filter: (production_year = 2005)
                          Rows Removed by Filter: 2433307
Planning time: 1.194 ms
Execution time: 18405.550 ms
