Seq Scan on cast_info ci  (cost=0.00..705507.15 rows=30096608 width=0) (actual time=0.023..10962.633 rows=30043197 loops=1)
  Filter: (person_id < 3030900)
  Rows Removed by Filter: 6201147
Planning time: 0.295 ms
Execution time: 14651.339 ms
