Hash Join  (cost=814048.56..954505.00 rows=634376 width=0) (actual time=11147.810..15349.309 rows=2552599 loops=1)
  Hash Cond: (mk.movie_id = t.id)
  ->  Seq Scan on movie_keyword mk  (cost=0.00..81003.12 rows=4471882 width=4) (actual time=0.024..1614.953 rows=4475978 loops=1)
        Filter: (keyword_id > 47)
        Rows Removed by Filter: 47952
  ->  Hash  (cost=808162.88..808162.88 rows=358694 width=8) (actual time=11146.788..11146.788 rows=346229 loops=1)
        Buckets: 131072  Batches: 8  Memory Usage: 2707kB
        ->  Hash Join  (cost=75570.05..808162.88 rows=358694 width=8) (actual time=1283.533..11049.119 rows=346229 loops=1)
              Hash Cond: (ci.movie_id = t.id)
              ->  Seq Scan on cast_info ci  (cost=0.00..705507.15 rows=1868198 width=4) (actual time=267.837..8916.878 rows=1797620 loops=1)
                    Filter: (person_id < 178564)
                    Rows Removed by Filter: 34446724
              ->  Hash  (cost=67604.59..67604.59 rows=485477 width=4) (actual time=1014.073..1014.073 rows=479601 loops=1)
                    Buckets: 131072  Batches: 8  Memory Usage: 3125kB
                    ->  Seq Scan on title t  (cost=0.00..67604.59 rows=485477 width=4) (actual time=0.049..860.671 rows=479601 loops=1)
                          Filter: (production_year < 1978)
                          Rows Removed by Filter: 2048711
Planning time: 1.160 ms
Execution time: 15684.224 ms
