Seq Scan on cast_info ci  (cost=0.00..705507.15 rows=13225334 width=0) (actual time=156.069..10180.275 rows=13185532 loops=1)
  Filter: (person_id < 1301548)
  Rows Removed by Filter: 23058812
Planning time: 0.352 ms
Execution time: 11848.686 ms
