Hash Join  (cost=102767.86..910065.46 rows=56026 width=0) (actual time=3651.166..11956.264 rows=207281 loops=1)
  Hash Cond: (ci.movie_id = t.id)
  ->  Seq Scan on cast_info ci  (cost=0.00..796071.18 rows=56026 width=4) (actual time=2071.951..9796.016 rows=207281 loops=1)
        Filter: ((person_id > 3061459) AND (role_id > 10))
        Rows Removed by Filter: 36037063
  ->  Hash  (cost=61283.27..61283.27 rows=2528527 width=4) (actual time=1578.015..1578.015 rows=2528312 loops=1)
        Buckets: 131072  Batches: 64  Memory Usage: 2415kB
        ->  Seq Scan on title t  (cost=0.00..61283.27 rows=2528527 width=4) (actual time=0.031..749.468 rows=2528312 loops=1)
Planning time: 0.747 ms
Execution time: 11981.958 ms
