Seq Scan on cast_info ci  (cost=0.00..796071.18 rows=168 width=0) (actual time=8529.257..10814.369 rows=11 loops=1)
  Filter: ((role_id > 3) AND (person_id = 3536106))
  Rows Removed by Filter: 36244333
Planning time: 1.462 ms
Execution time: 10814.505 ms
