Hash Join  (cost=98137.04..1019737.41 rows=4314722 width=0) (actual time=1677.966..19741.031 rows=5222769 loops=1)
  Hash Cond: (ci.movie_id = t.id)
  ->  Seq Scan on cast_info ci  (cost=0.00..796071.18 rows=5862394 width=4) (actual time=0.026..12633.560 rows=7576162 loops=1)
        Filter: ((person_id > 1356611) AND (role_id > 4))
        Rows Removed by Filter: 28668182
  ->  Hash  (cost=67604.59..67604.59 rows=1860996 width=4) (actual time=1676.537..1676.537 rows=1865487 loops=1)
        Buckets: 131072  Batches: 32  Memory Usage: 3079kB
        ->  Seq Scan on title t  (cost=0.00..67604.59 rows=1860996 width=4) (actual time=0.016..1060.324 rows=1865487 loops=1)
              Filter: (kind_id > 1)
              Rows Removed by Filter: 662825
Planning time: 0.741 ms
Execution time: 20323.033 ms
