Seq Scan on cast_info ci  (cost=0.00..705507.15 rows=117758 width=0) (actual time=4836.347..8581.294 rows=152442 loops=1)
  Filter: (person_id > 4038170)
  Rows Removed by Filter: 36091902
Planning time: 0.331 ms
Execution time: 8601.743 ms
