Seq Scan on movie_keyword mk  (cost=0.00..81003.12 rows=1049312 width=0) (actual time=0.025..1347.237 rows=1055609 loops=1)
  Filter: (keyword_id < 1050)
  Rows Removed by Filter: 3468321
Planning time: 0.326 ms
Execution time: 1479.291 ms
