Seq Scan on movie_keyword mk  (cost=0.00..81003.12 rows=437591 width=0) (actual time=0.025..1296.173 rows=433148 loops=1)
  Filter: (keyword_id > 40465)
  Rows Removed by Filter: 4090782
Planning time: 0.234 ms
Execution time: 1352.659 ms
