Hash Join  (cost=69694.50..1022974.66 rows=654141 width=0) (actual time=2704.131..18464.668 rows=629601 loops=1)
  Hash Cond: (ci.movie_id = t.id)
  ->  Seq Scan on cast_info ci  (cost=0.00..796071.18 rows=12987618 width=4) (actual time=1925.354..12697.117 rows=10954947 loops=1)
        Filter: ((person_id > 1250936) AND (role_id < 3))
        Rows Removed by Filter: 25289397
  ->  Hash  (cost=67604.59..67604.59 rows=127353 width=4) (actual time=777.707..777.707 rows=128696 loops=1)
        Buckets: 131072  Batches: 2  Memory Usage: 3284kB
        ->  Seq Scan on title t  (cost=0.00..67604.59 rows=127353 width=4) (actual time=0.034..736.080 rows=128696 loops=1)
              Filter: (production_year = 2009)
              Rows Removed by Filter: 2399616
Planning time: 0.785 ms
Execution time: 18539.227 ms
