Seq Scan on movie_companies mc  (cost=0.00..51404.11 rows=104 width=0) (actual time=14.465..633.343 rows=1067 loops=1)
  Filter: (company_id = 91)
  Rows Removed by Filter: 2608062
Planning time: 0.327 ms
Execution time: 633.613 ms
