Hash Join  (cost=204272.41..721296.12 rows=3487980 width=0) (actual time=3860.578..18945.283 rows=13938962 loops=1)
  Hash Cond: (mi.movie_id = t.id)
  ->  Seq Scan on movie_info mi  (cost=0.00..309384.22 rows=14739122 width=4) (actual time=0.019..4312.408 rows=14835720 loops=1)
  ->  Hash  (cost=194454.78..194454.78 rows=598370 width=8) (actual time=3859.554..3859.554 rows=330444 loops=1)
        Buckets: 131072  Batches: 8  Memory Usage: 2626kB
        ->  Hash Join  (cost=78473.92..194454.78 rows=598370 width=8) (actual time=1187.980..3749.634 rows=330444 loops=1)
              Hash Cond: (mk.movie_id = t.id)
              ->  Seq Scan on movie_keyword mk  (cost=0.00..81003.12 rows=2283742 width=4) (actual time=0.020..1334.645 rows=2285584 loops=1)
                    Filter: (keyword_id < 4853)
                    Rows Removed by Filter: 2238346
              ->  Hash  (cost=67604.59..67604.59 rows=662507 width=4) (actual time=1187.085..1187.085 rows=662065 loops=1)
                    Buckets: 131072  Batches: 16  Memory Usage: 2488kB
                    ->  Seq Scan on title t  (cost=0.00..67604.59 rows=662507 width=4) (actual time=0.031..956.594 rows=662065 loops=1)
                          Filter: (production_year > 2008)
                          Rows Removed by Filter: 1866247
Planning time: 1.123 ms
Execution time: 20560.697 ms
