Seq Scan on movie_companies mc  (cost=0.00..57926.93 rows=104621 width=0) (actual time=51.662..705.139 rows=206715 loops=1)
  Filter: ((company_id > 111507) AND (company_type_id = 2))
  Rows Removed by Filter: 2402414
Planning time: 0.370 ms
Execution time: 730.306 ms
