Hash Join  (cost=204076.43..735374.77 rows=4825841 width=0) (actual time=4225.991..25543.672 rows=44312830 loops=1)
  Hash Cond: (mi.movie_id = t.id)
  ->  Seq Scan on movie_info mi  (cost=0.00..309384.22 rows=14739122 width=4) (actual time=0.016..4714.839 rows=14835720 loops=1)
  ->  Hash  (cost=190493.89..190493.89 rows=827883 width=8) (actual time=4224.952..4224.952 rows=1136638 loops=1)
        Buckets: 131072  Batches: 16  Memory Usage: 3852kB
        ->  Hash Join  (cost=102767.86..190493.89 rows=827883 width=8) (actual time=1659.157..3878.595 rows=1136638 loops=1)
              Hash Cond: (mc.movie_id = t.id)
              ->  Seq Scan on movie_companies mc  (cost=0.00..57926.93 rows=827883 width=4) (actual time=0.023..905.804 rows=1136638 loops=1)
                    Filter: ((company_id < 19562) AND (company_type_id < 2))
                    Rows Removed by Filter: 1472491
              ->  Hash  (cost=61283.27..61283.27 rows=2528527 width=4) (actual time=1657.990..1657.990 rows=2528312 loops=1)
                    Buckets: 131072  Batches: 64  Memory Usage: 2415kB
                    ->  Seq Scan on title t  (cost=0.00..61283.27 rows=2528527 width=4) (actual time=0.019..789.402 rows=2528312 loops=1)
Planning time: 1.158 ms
Execution time: 30046.667 ms
