Hash Join  (cost=449020.33..607266.73 rows=654080 width=0) (actual time=8927.213..12054.519 rows=1213018 loops=1)
  Hash Cond: (mk.movie_id = t.id)
  ->  Seq Scan on movie_keyword mk  (cost=0.00..69693.30 rows=4523930 width=4) (actual time=0.024..1093.787 rows=4523930 loops=1)
  ->  Hash  (cost=443021.58..443021.58 rows=365580 width=8) (actual time=8926.298..8926.298 rows=253868 loops=1)
        Buckets: 131072  Batches: 8  Memory Usage: 2280kB
        ->  Hash Join  (cost=74709.85..443021.58 rows=365580 width=8) (actual time=948.635..7763.915 rows=253868 loops=1)
              Hash Cond: (mi.movie_id = t.id)
              ->  Seq Scan on movie_info mi  (cost=0.00..309384.22 rows=14739122 width=4) (actual time=0.014..2894.697 rows=14835720 loops=1)
              ->  Hash  (cost=73925.90..73925.90 rows=62716 width=4) (actual time=948.075..948.075 rows=71543 loops=1)
                    Buckets: 131072 (originally 65536)  Batches: 1 (originally 1)  Memory Usage: 3540kB
                    ->  Seq Scan on title t  (cost=0.00..73925.90 rows=62716 width=4) (actual time=0.092..915.537 rows=71543 loops=1)
                          Filter: ((kind_id > 1) AND (production_year = 2004))
                          Rows Removed by Filter: 2456769
Planning time: 1.175 ms
Execution time: 12193.837 ms
