Nested Loop  (cost=0.43..709671.90 rows=500 width=0) (actual time=6064.812..8980.500 rows=197 loops=1)
  ->  Seq Scan on cast_info ci  (cost=0.00..705507.15 rows=500 width=4) (actual time=6064.689..8978.335 rows=197 loops=1)
        Filter: (person_id = 3532034)
        Rows Removed by Filter: 36244147
  ->  Index Only Scan using title_pkey on title t  (cost=0.43..8.32 rows=1 width=4) (actual time=0.010..0.010 rows=1 loops=197)
        Index Cond: (id = ci.movie_id)
        Heap Fetches: 197
Planning time: 1.957 ms
Execution time: 8980.614 ms
