Nested Loop  (cost=0.43..83071.67 rows=246 width=0) (actual time=270.988..1242.786 rows=18 loops=1)
  ->  Seq Scan on movie_keyword mk  (cost=0.00..81003.12 rows=246 width=4) (actual time=270.894..1241.981 rows=18 loops=1)
        Filter: (keyword_id = 75703)
        Rows Removed by Filter: 4523912
  ->  Index Only Scan using title_pkey on title t  (cost=0.43..8.40 rows=1 width=4) (actual time=0.038..0.039 rows=1 loops=18)
        Index Cond: (id = mk.movie_id)
        Heap Fetches: 18
Planning time: 0.684 ms
Execution time: 1242.855 ms
