Hash Join  (cost=73962.22..870994.56 rows=294 width=0) (actual time=3367.345..13449.355 rows=724 loops=1)
  Hash Cond: (ci.movie_id = t.id)
  ->  Seq Scan on cast_info ci  (cost=0.00..796071.18 rows=255527 width=4) (actual time=2521.877..12557.775 rows=277369 loops=1)
        Filter: ((person_id > 943623) AND (role_id = 11))
        Rows Removed by Filter: 35966975
  ->  Hash  (cost=73925.90..73925.90 rows=2905 width=4) (actual time=844.795..844.795 rows=6198 loops=1)
        Buckets: 8192 (originally 4096)  Batches: 1 (originally 1)  Memory Usage: 282kB
        ->  Seq Scan on title t  (cost=0.00..73925.90 rows=2905 width=4) (actual time=0.035..841.740 rows=6198 loops=1)
              Filter: ((kind_id < 7) AND (production_year = 1976))
              Rows Removed by Filter: 2522114
Planning time: 0.825 ms
Execution time: 13449.658 ms
