Nested Loop  (cost=0.43..83071.67 rows=246 width=0) (actual time=3.107..1061.518 rows=119 loops=1)
  ->  Seq Scan on movie_keyword mk  (cost=0.00..81003.12 rows=246 width=4) (actual time=3.047..1057.988 rows=119 loops=1)
        Filter: (keyword_id = 31852)
        Rows Removed by Filter: 4523811
  ->  Index Only Scan using title_pkey on title t  (cost=0.43..8.40 rows=1 width=4) (actual time=0.026..0.027 rows=1 loops=119)
        Index Cond: (id = mk.movie_id)
        Heap Fetches: 119
Planning time: 0.723 ms
Execution time: 1061.667 ms
