Seq Scan on cast_info ci  (cost=0.00..705507.15 rows=6947707 width=0) (actual time=0.233..9526.063 rows=6886674 loops=1)
  Filter: (person_id < 665219)
  Rows Removed by Filter: 29357670
Planning time: 0.294 ms
Execution time: 10307.561 ms
