Seq Scan on movie_companies mc  (cost=0.00..57926.93 rows=958045 width=0) (actual time=0.026..898.660 rows=1251359 loops=1)
  Filter: ((company_id < 52463) AND (company_type_id = 1))
  Rows Removed by Filter: 1357770
Planning time: 0.424 ms
Execution time: 1033.151 ms
