Seq Scan on movie_keyword mk  (cost=0.00..81003.12 rows=1222129 width=0) (actual time=0.026..1199.828 rows=1231365 loops=1)
  Filter: (keyword_id > 14721)
  Rows Removed by Filter: 3292565
Planning time: 0.332 ms
Execution time: 1356.043 ms
