Hash Join  (cost=58375.85..85286.62 rows=29 width=0) (actual time=825.056..1128.033 rows=21 loops=1)
  Hash Cond: (mi_idx.movie_id = t.id)
  ->  Seq Scan on movie_info_idx mi_idx  (cost=0.00..21735.35 rows=1380035 width=4) (actual time=0.013..231.220 rows=1380035 loops=1)
  ->  Hash  (cost=58375.18..58375.18 rows=53 width=8) (actual time=646.453..646.453 rows=8 loops=1)
        Buckets: 1024  Batches: 1  Memory Usage: 9kB
        ->  Nested Loop  (cost=0.43..58375.18 rows=53 width=8) (actual time=49.180..646.438 rows=8 loops=1)
              ->  Seq Scan on movie_companies mc  (cost=0.00..57926.93 rows=53 width=4) (actual time=49.110..646.003 rows=8 loops=1)
                    Filter: ((company_type_id > 1) AND (company_id = 112510))
                    Rows Removed by Filter: 2609121
              ->  Index Only Scan using title_pkey on title t  (cost=0.43..8.45 rows=1 width=4) (actual time=0.047..0.048 rows=1 loops=8)
                    Index Cond: (id = mc.movie_id)
                    Heap Fetches: 8
Planning time: 1.082 ms
Execution time: 1128.160 ms
