Hash Join  (cost=94024.89..1308122.52 rows=17550846 width=0) (actual time=1611.562..36217.131 rows=19249842 loops=1)
  Hash Cond: (ci.movie_id = t.id)
  ->  Seq Scan on cast_info ci  (cost=0.00..614943.12 rows=36225612 width=4) (actual time=0.018..10888.280 rows=36244344 loops=1)
  ->  Hash  (cost=73925.90..73925.90 rows=1225039 width=4) (actual time=1610.674..1610.674 rows=1308896 loops=1)
        Buckets: 131072  Batches: 32  Memory Usage: 2468kB
        ->  Seq Scan on title t  (cost=0.00..73925.90 rows=1225039 width=4) (actual time=0.019..1194.327 rows=1308896 loops=1)
              Filter: ((production_year > 1975) AND (kind_id = 7))
              Rows Removed by Filter: 1219416
Planning time: 0.776 ms
Execution time: 38387.310 ms
