Seq Scan on movie_companies mc  (cost=0.00..57926.93 rows=172417 width=0) (actual time=427.828..757.090 rows=340895 loops=1)
  Filter: ((company_id > 89228) AND (company_type_id = 2))
  Rows Removed by Filter: 2268234
Planning time: 0.389 ms
Execution time: 799.695 ms
