Hash Join  (cost=81720.25..154519.36 rows=261702 width=0) (actual time=1395.866..3030.968 rows=675879 loops=1)
  Hash Cond: (mc.movie_id = t.id)
  ->  Seq Scan on movie_companies mc  (cost=0.00..57926.93 rows=769109 width=4) (actual time=232.421..960.013 rows=1059110 loops=1)
        Filter: ((company_id < 14968) AND (company_type_id = 1))
        Rows Removed by Filter: 1550019
  ->  Hash  (cost=67604.59..67604.59 rows=860373 width=4) (actual time=1162.605..1162.605 rows=854214 loops=1)
        Buckets: 131072  Batches: 16  Memory Usage: 2897kB
        ->  Seq Scan on title t  (cost=0.00..67604.59 rows=860373 width=4) (actual time=0.022..888.934 rows=854214 loops=1)
              Filter: (kind_id < 4)
              Rows Removed by Filter: 1674098
Planning time: 0.734 ms
Execution time: 3118.688 ms
