Seq Scan on movie_companies mc  (cost=0.00..51404.11 rows=104 width=0) (actual time=35.512..643.531 rows=1923 loops=1)
  Filter: (company_id = 43863)
  Rows Removed by Filter: 2607206
Planning time: 0.357 ms
Execution time: 643.867 ms
