Hash Join  (cost=102767.86..221329.42 rows=2380397 width=0) (actual time=1783.006..5016.450 rows=2381694 loops=1)
  Hash Cond: (mc.movie_id = t.id)
  ->  Seq Scan on movie_companies mc  (cost=0.00..51404.11 rows=2380397 width=4) (actual time=0.021..1002.723 rows=2381694 loops=1)
        Filter: (company_id > 82)
        Rows Removed by Filter: 227435
  ->  Hash  (cost=61283.27..61283.27 rows=2528527 width=4) (actual time=1781.772..1781.772 rows=2528312 loops=1)
        Buckets: 131072  Batches: 64  Memory Usage: 2415kB
        ->  Seq Scan on title t  (cost=0.00..61283.27 rows=2528527 width=4) (actual time=0.018..939.937 rows=2528312 loops=1)
Planning time: 0.689 ms
Execution time: 5287.175 ms
