Nested Loop  (cost=0.43..709674.40 rows=92 width=0) (actual time=7120.144..8942.750 rows=1 loops=1)
  ->  Seq Scan on cast_info ci  (cost=0.00..705507.15 rows=500 width=4) (actual time=7119.962..8942.437 rows=7 loops=1)
        Filter: (person_id = 2319793)
        Rows Removed by Filter: 36244337
  ->  Index Scan using title_pkey on title t  (cost=0.43..8.32 rows=1 width=4) (actual time=0.033..0.033 rows=0 loops=7)
        Index Cond: (id = ci.movie_id)
        Filter: ((kind_id > 2) AND (production_year > 2008))
        Rows Removed by Filter: 1
Planning time: 0.830 ms
Execution time: 8942.852 ms
