Seq Scan on movie_keyword mk  (cost=0.00..81003.12 rows=3525472 width=0) (actual time=0.028..1310.174 rows=3515299 loops=1)
  Filter: (keyword_id < 18218)
  Rows Removed by Filter: 1008631
Planning time: 0.318 ms
Execution time: 1745.011 ms
