Seq Scan on movie_companies mc  (cost=0.00..57926.93 rows=1074349 width=0) (actual time=0.029..1005.405 rows=1274246 loops=1)
  Filter: ((company_id < 79909) AND (company_type_id = 1))
  Rows Removed by Filter: 1334883
Planning time: 0.436 ms
Execution time: 1171.295 ms
