Seq Scan on cast_info ci  (cost=0.00..796071.18 rows=176 width=0) (actual time=1512.050..9086.275 rows=21 loops=1)
  Filter: ((person_id = 189567) AND (role_id = 1))
  Rows Removed by Filter: 36244323
Planning time: 0.375 ms
Execution time: 9086.364 ms
