Nested Loop  (cost=0.43..58375.18 rows=53 width=0) (actual time=336.553..628.947 rows=237 loops=1)
  ->  Seq Scan on movie_companies mc  (cost=0.00..57926.93 rows=53 width=4) (actual time=336.452..622.911 rows=237 loops=1)
        Filter: ((company_id = 432) AND (company_type_id = 2))
        Rows Removed by Filter: 2608892
  ->  Index Only Scan using title_pkey on title t  (cost=0.43..8.45 rows=1 width=4) (actual time=0.024..0.024 rows=1 loops=237)
        Index Cond: (id = mc.movie_id)
        Heap Fetches: 237
Planning time: 0.710 ms
Execution time: 629.088 ms
