Hash Join  (cost=240281.00..753345.57 rows=4317052 width=0) (actual time=4864.139..16806.978 rows=2146858 loops=1)
  Hash Cond: (mi.movie_id = t.id)
  ->  Seq Scan on movie_info mi  (cost=0.00..346232.03 rows=9293409 width=4) (actual time=0.009..7072.813 rows=9425200 loops=1)
        Filter: (info_type_id > 5)
        Rows Removed by Filter: 5410520
  ->  Hash  (cost=221009.85..221009.85 rows=1174572 width=8) (actual time=4862.855..4862.855 rows=257615 loops=1)
        Buckets: 131072  Batches: 16  Memory Usage: 1640kB
        ->  Hash Join  (cost=84697.09..221009.85 rows=1174572 width=8) (actual time=2568.593..4788.671 rows=257615 loops=1)
              Hash Cond: (mk.movie_id = t.id)
              ->  Seq Scan on movie_keyword mk  (cost=0.00..69693.30 rows=4523930 width=4) (actual time=0.016..1354.304 rows=4523930 loops=1)
              ->  Hash  (cost=73925.90..73925.90 rows=656495 width=4) (actual time=1482.474..1482.474 rows=556797 loops=1)
                    Buckets: 131072  Batches: 16  Memory Usage: 2252kB
                    ->  Seq Scan on title t  (cost=0.00..73925.90 rows=656495 width=4) (actual time=278.913..1296.254 rows=556797 loops=1)
                          Filter: ((production_year < 2001) AND (kind_id = 7))
                          Rows Removed by Filter: 1971515
Planning time: 1.146 ms
Execution time: 17035.589 ms
