Seq Scan on movie_keyword mk  (cost=0.00..81003.12 rows=3941162 width=0) (actual time=0.020..1306.078 rows=3943381 loops=1)
  Filter: (keyword_id < 31582)
  Rows Removed by Filter: 580549
Planning time: 0.337 ms
Execution time: 1788.814 ms
