Hash Join  (cost=137810.06..268785.01 rows=736492 width=0) (actual time=2578.441..5874.440 rows=1262133 loops=1)
  Hash Cond: (mk.movie_id = t.id)
  ->  Seq Scan on movie_keyword mk  (cost=0.00..69693.30 rows=4523930 width=4) (actual time=0.018..1139.057 rows=4523930 loops=1)
  ->  Hash  (cost=131056.53..131056.53 rows=411642 width=8) (actual time=2577.761..2577.761 rows=323790 loops=1)
        Buckets: 131072  Batches: 8  Memory Usage: 2623kB
        ->  Hash Join  (cost=86300.63..131056.53 rows=411642 width=8) (actual time=1276.489..2469.005 rows=323790 loops=1)
              Hash Cond: (mi_idx.movie_id = t.id)
              ->  Seq Scan on movie_info_idx mi_idx  (cost=0.00..21735.35 rows=1380035 width=4) (actual time=0.017..358.507 rows=1380035 loops=1)
              ->  Hash  (cost=73925.90..73925.90 rows=754218 width=4) (actual time=1275.061..1275.061 rows=647556 loops=1)
                    Buckets: 131072  Batches: 16  Memory Usage: 2451kB
                    ->  Seq Scan on title t  (cost=0.00..73925.90 rows=754218 width=4) (actual time=0.022..1061.382 rows=647556 loops=1)
                          Filter: ((kind_id > 1) AND (production_year < 2000))
                          Rows Removed by Filter: 1880756
Planning time: 1.022 ms
Execution time: 6031.959 ms
