Seq Scan on cast_info ci  (cost=0.00..796071.18 rows=6272838 width=0) (actual time=323.016..11932.576 rows=3184041 loops=1)
  Filter: ((person_id < 2937112) AND (role_id > 6))
  Rows Removed by Filter: 33060303
Planning time: 0.313 ms
Execution time: 12352.235 ms
