Hash Join  (cost=83074.74..137742.81 rows=254 width=0) (actual time=1091.120..2046.126 rows=84 loops=1)
  Hash Cond: (mc.movie_id = t.id)
  ->  Seq Scan on movie_companies mc  (cost=0.00..44881.29 rows=2609129 width=4) (actual time=0.019..527.842 rows=2609129 loops=1)
  ->  Hash  (cost=83071.67..83071.67 rows=246 width=8) (actual time=1054.215..1054.215 rows=14 loops=1)
        Buckets: 1024  Batches: 1  Memory Usage: 9kB
        ->  Nested Loop  (cost=0.43..83071.67 rows=246 width=8) (actual time=102.596..1054.185 rows=14 loops=1)
              ->  Seq Scan on movie_keyword mk  (cost=0.00..81003.12 rows=246 width=4) (actual time=102.476..1053.311 rows=14 loops=1)
                    Filter: (keyword_id = 24869)
                    Rows Removed by Filter: 4523916
              ->  Index Only Scan using title_pkey on title t  (cost=0.43..8.40 rows=1 width=4) (actual time=0.053..0.054 rows=1 loops=14)
                    Index Cond: (id = mk.movie_id)
                    Heap Fetches: 14
Planning time: 1.131 ms
Execution time: 2046.253 ms
