Seq Scan on movie_keyword mk  (cost=0.00..81003.12 rows=1807075 width=0) (actual time=0.023..1265.901 rows=1812508 loops=1)
  Filter: (keyword_id < 2949)
  Rows Removed by Filter: 2711422
Planning time: 0.330 ms
Execution time: 1500.931 ms
