Seq Scan on cast_info ci  (cost=0.00..796071.18 rows=13165393 width=0) (actual time=2936.033..12760.170 rows=19148974 loops=1)
  Filter: ((person_id > 1564344) AND (role_id > 1))
  Rows Removed by Filter: 17095370
Planning time: 0.325 ms
Execution time: 15081.254 ms
