Hash Join  (cost=110878.98..213541.86 rows=62095 width=0) (actual time=1920.812..3845.762 rows=107527 loops=1)
  Hash Cond: (mk.movie_id = t.id)
  ->  Seq Scan on movie_keyword mk  (cost=0.00..81003.12 rows=1789814 width=4) (actual time=0.019..1324.818 rows=1800602 loops=1)
        Filter: (keyword_id < 2912)
        Rows Removed by Filter: 2723328
  ->  Hash  (cost=109439.43..109439.43 rows=87724 width=8) (actual time=1919.951..1919.951 rows=62055 loops=1)
        Buckets: 131072  Batches: 2  Memory Usage: 2236kB
        ->  Hash Join  (cost=70241.71..109439.43 rows=87724 width=8) (actual time=913.053..1896.991 rows=62055 loops=1)
              Hash Cond: (mi_idx.movie_id = t.id)
              ->  Seq Scan on movie_info_idx mi_idx  (cost=0.00..21735.35 rows=1380035 width=4) (actual time=0.018..385.626 rows=1380035 loops=1)
              ->  Hash  (cost=67604.59..67604.59 rows=160730 width=4) (actual time=911.900..911.900 rows=160017 loops=1)
                    Buckets: 131072  Batches: 4  Memory Usage: 2436kB
                    ->  Seq Scan on title t  (cost=0.00..67604.59 rows=160730 width=4) (actual time=0.023..855.744 rows=160017 loops=1)
                          Filter: (production_year = 2011)
                          Rows Removed by Filter: 2368295
Planning time: 1.451 ms
Execution time: 3860.325 ms
