Hash Join  (cost=102767.86..288042.89 rows=3922825 width=0) (actual time=1512.276..7268.576 rows=3918846 loops=1)
  Hash Cond: (mk.movie_id = t.id)
  ->  Seq Scan on movie_keyword mk  (cost=0.00..81003.12 rows=3922825 width=4) (actual time=0.024..1406.199 rows=3918846 loops=1)
        Filter: (keyword_id < 30518)
        Rows Removed by Filter: 605084
  ->  Hash  (cost=61283.27..61283.27 rows=2528527 width=4) (actual time=1510.862..1510.862 rows=2528312 loops=1)
        Buckets: 131072  Batches: 64  Memory Usage: 2425kB
        ->  Seq Scan on title t  (cost=0.00..61283.27 rows=2528527 width=4) (actual time=0.009..725.070 rows=2528312 loops=1)
Planning time: 0.739 ms
Execution time: 7715.969 ms
