Nested Loop  (cost=0.43..709671.90 rows=500 width=0) (actual time=4741.808..8187.106 rows=67 loops=1)
  ->  Seq Scan on cast_info ci  (cost=0.00..705507.15 rows=500 width=4) (actual time=4741.700..8185.615 rows=67 loops=1)
        Filter: (person_id = 318777)
        Rows Removed by Filter: 36244277
  ->  Index Only Scan using title_pkey on title t  (cost=0.43..8.32 rows=1 width=4) (actual time=0.020..0.021 rows=1 loops=67)
        Index Cond: (id = ci.movie_id)
        Heap Fetches: 67
Planning time: 0.762 ms
Execution time: 8187.208 ms
