Hash Join  (cost=102767.86..266341.81 rows=3020974 width=0) (actual time=1656.618..5530.114 rows=3012359 loops=1)
  Hash Cond: (mk.movie_id = t.id)
  ->  Seq Scan on movie_keyword mk  (cost=0.00..81003.12 rows=3020974 width=4) (actual time=0.027..1435.334 rows=3012359 loops=1)
        Filter: (keyword_id > 2191)
        Rows Removed by Filter: 1511571
  ->  Hash  (cost=61283.27..61283.27 rows=2528527 width=4) (actual time=1654.456..1654.456 rows=2528312 loops=1)
        Buckets: 131072  Batches: 64  Memory Usage: 2425kB
        ->  Seq Scan on title t  (cost=0.00..61283.27 rows=2528527 width=4) (actual time=0.014..772.173 rows=2528312 loops=1)
Planning time: 0.713 ms
Execution time: 5856.344 ms
