Hash Join  (cost=84284.84..156849.95 rows=331995 width=0) (actual time=1515.138..2732.950 rows=609862 loops=1)
  Hash Cond: (mc.movie_id = t.id)
  ->  Seq Scan on movie_companies mc  (cost=0.00..51404.11 rows=1329612 width=4) (actual time=136.070..749.486 rows=1334883 loops=1)
        Filter: (company_type_id > 1)
        Rows Removed by Filter: 1274246
  ->  Hash  (cost=73925.90..73925.90 rows=631355 width=4) (actual time=1036.889..1036.889 rows=634290 loops=1)
        Buckets: 131072  Batches: 16  Memory Usage: 2416kB
        ->  Seq Scan on title t  (cost=0.00..73925.90 rows=631355 width=4) (actual time=0.026..839.563 rows=634290 loops=1)
              Filter: ((kind_id < 2) AND (production_year < 2013))
              Rows Removed by Filter: 1894022
Planning time: 0.774 ms
Execution time: 2810.684 ms
