Hash Join  (cost=102767.86..209833.27 rows=1902603 width=0) (actual time=1919.750..4828.313 rows=1895989 loops=1)
  Hash Cond: (mc.movie_id = t.id)
  ->  Seq Scan on movie_companies mc  (cost=0.00..51404.11 rows=1902603 width=4) (actual time=0.018..1034.618 rows=1895989 loops=1)
        Filter: (company_id < 43666)
        Rows Removed by Filter: 713140
  ->  Hash  (cost=61283.27..61283.27 rows=2528527 width=4) (actual time=1918.538..1918.538 rows=2528312 loops=1)
        Buckets: 131072  Batches: 64  Memory Usage: 2415kB
        ->  Seq Scan on title t  (cost=0.00..61283.27 rows=2528527 width=4) (actual time=0.018..1077.153 rows=2528312 loops=1)
Planning time: 0.750 ms
Execution time: 5038.552 ms
