Seq Scan on cast_info ci  (cost=0.00..796071.18 rows=3850786 width=0) (actual time=3682.004..12351.701 rows=5059551 loops=1)
  Filter: ((person_id > 1198428) AND (role_id > 8))
  Rows Removed by Filter: 31184793
Planning time: 0.320 ms
Execution time: 12953.281 ms
