Hash Join  (cost=798788.36..885446.60 rows=20 width=0) (actual time=12031.206..13341.430 rows=94 loops=1)
  Hash Cond: (mk.movie_id = t.id)
  ->  Seq Scan on movie_keyword mk  (cost=0.00..69693.30 rows=4523930 width=4) (actual time=0.023..712.640 rows=4523930 loops=1)
  ->  Hash  (cost=798788.22..798788.22 rows=11 width=8) (actual time=11902.006..11902.006 rows=15 loops=1)
        Buckets: 1024  Batches: 1  Memory Usage: 9kB
        ->  Nested Loop  (cost=0.43..798788.22 rows=11 width=8) (actual time=4973.870..11901.949 rows=15 loops=1)
              ->  Seq Scan on cast_info ci  (cost=0.00..796071.18 rows=324 width=4) (actual time=4973.654..11900.526 rows=69 loops=1)
                    Filter: ((role_id > 1) AND (person_id = 3879951))
                    Rows Removed by Filter: 36244275
              ->  Index Scan using title_pkey on title t  (cost=0.43..8.38 rows=1 width=4) (actual time=0.019..0.019 rows=0 loops=69)
                    Index Cond: (id = ci.movie_id)
                    Filter: (production_year = 2004)
                    Rows Removed by Filter: 1
Planning time: 1.231 ms
Execution time: 13341.568 ms
