Nested Loop  (cost=0.43..796536.34 rows=55 width=0) (actual time=816.216..8911.651 rows=3 loops=1)
  ->  Seq Scan on cast_info ci  (cost=0.00..796071.18 rows=55 width=4) (actual time=816.130..8911.499 rows=3 loops=1)
        Filter: ((person_id = 336356) AND (role_id = 3))
        Rows Removed by Filter: 36244341
  ->  Index Only Scan using title_pkey on title t  (cost=0.43..8.45 rows=1 width=4) (actual time=0.043..0.044 rows=1 loops=3)
        Index Cond: (id = ci.movie_id)
        Heap Fetches: 3
Planning time: 0.754 ms
Execution time: 8911.722 ms
