Seq Scan on title t  (cost=0.00..73925.90 rows=410525 width=0) (actual time=0.013..1105.161 rows=456146 loops=1)
  Filter: ((production_year < 2007) AND (kind_id = 1))
  Rows Removed by Filter: 2072166
Planning time: 3.717 ms
Execution time: 1163.958 ms
