Hash Join  (cost=156649.15..233028.50 rows=228248 width=0) (actual time=3154.629..5306.523 rows=753657 loops=1)
  Hash Cond: (mc.movie_id = t.id)
  ->  Seq Scan on movie_companies mc  (cost=0.00..57926.93 rows=1241317 width=4) (actual time=0.023..1029.955 rows=1210197 loops=1)
        Filter: ((company_id > 11) AND (company_type_id = 1))
        Rows Removed by Filter: 1398932
  ->  Hash  (cost=149020.47..149020.47 rows=464934 width=8) (actual time=3153.718..3153.718 rows=460185 loops=1)
        Buckets: 131072  Batches: 8  Memory Usage: 3276kB
        ->  Hash Join  (cost=102767.86..149020.47 rows=464934 width=8) (actual time=1707.755..3002.822 rows=460185 loops=1)
              Hash Cond: (mi_idx.movie_id = t.id)
              ->  Seq Scan on movie_info_idx mi_idx  (cost=0.00..25185.44 rows=464934 width=4) (actual time=0.023..425.144 rows=460185 loops=1)
                    Filter: (info_type_id > 100)
                    Rows Removed by Filter: 919850
              ->  Hash  (cost=61283.27..61283.27 rows=2528527 width=4) (actual time=1706.879..1706.879 rows=2528312 loops=1)
                    Buckets: 131072  Batches: 64  Memory Usage: 2415kB
                    ->  Seq Scan on title t  (cost=0.00..61283.27 rows=2528527 width=4) (actual time=0.004..855.004 rows=2528312 loops=1)
Planning time: 1.523 ms
Execution time: 5402.201 ms
