Hash Join  (cost=190528.45..751969.05 rows=7650770 width=0) (actual time=3892.503..21360.917 rows=20743787 loops=1)
  Hash Cond: (mi.movie_id = t.id)
  ->  Seq Scan on movie_info mi  (cost=0.00..309384.22 rows=14739122 width=4) (actual time=0.016..4571.449 rows=14835720 loops=1)
  ->  Hash  (cost=168995.14..168995.14 rows=1312505 width=8) (actual time=3891.417..3891.417 rows=1366949 loops=1)
        Buckets: 131072  Batches: 32  Memory Usage: 2709kB
        ->  Hash Join  (cost=107058.56..168995.14 rows=1312505 width=8) (actual time=1739.440..3523.415 rows=1366949 loops=1)
              Hash Cond: (mi_idx.movie_id = t.id)
              ->  Seq Scan on movie_info_idx mi_idx  (cost=0.00..21735.35 rows=1380035 width=4) (actual time=0.014..390.269 rows=1380035 loops=1)
              ->  Hash  (cost=67604.59..67604.59 rows=2404798 width=4) (actual time=1738.482..1738.482 rows=2396371 loops=1)
                    Buckets: 131072  Batches: 32  Memory Usage: 3657kB
                    ->  Seq Scan on title t  (cost=0.00..67604.59 rows=2404798 width=4) (actual time=0.026..1037.375 rows=2396371 loops=1)
                          Filter: (production_year > 1914)
                          Rows Removed by Filter: 131941
Planning time: 1.507 ms
Execution time: 23872.094 ms
