Seq Scan on movie_keyword mk  (cost=0.00..81003.12 rows=3860898 width=0) (actual time=0.020..1384.251 rows=3862004 loops=1)
  Filter: (keyword_id > 512)
  Rows Removed by Filter: 661926
Planning time: 0.306 ms
Execution time: 1877.648 ms
