Hash Join  (cost=327887.51..1940435.36 rows=47522266 width=0) (actual time=7529.282..75781.886 rows=163436434 loops=1)
  Hash Cond: (ci.movie_id = t.id)
  ->  Seq Scan on cast_info ci  (cost=0.00..614943.12 rows=36225612 width=4) (actual time=0.015..10506.494 rows=36244344 loops=1)
  ->  Hash  (cost=273466.67..273466.67 rows=3317027 width=8) (actual time=7527.159..7527.159 rows=3319318 loops=1)
        Buckets: 131072  Batches: 64  Memory Usage: 3071kB
        ->  Hash Join  (cost=102767.86..273466.67 rows=3317027 width=8) (actual time=1988.746..6640.879 rows=3319318 loops=1)
              Hash Cond: (mk.movie_id = t.id)
              ->  Seq Scan on movie_keyword mk  (cost=0.00..81003.12 rows=3317027 width=4) (actual time=0.029..1613.357 rows=3319318 loops=1)
                    Filter: (keyword_id > 1512)
                    Rows Removed by Filter: 1204612
              ->  Hash  (cost=61283.27..61283.27 rows=2528527 width=4) (actual time=1986.075..1986.075 rows=2528312 loops=1)
                    Buckets: 131072  Batches: 64  Memory Usage: 2425kB
                    ->  Seq Scan on title t  (cost=0.00..61283.27 rows=2528527 width=4) (actual time=0.021..828.080 rows=2528312 loops=1)
Planning time: 1.160 ms
Execution time: 93093.158 ms
