Seq Scan on movie_keyword mk  (cost=0.00..81003.12 rows=246 width=0) (actual time=148.318..1080.571 rows=12 loops=1)
  Filter: (keyword_id = 35963)
  Rows Removed by Filter: 4523918
Planning time: 0.361 ms
Execution time: 1080.672 ms
