Nested Loop  (cost=44377.22..141454.28 rows=9 width=0) (actual time=1692.891..1976.608 rows=57 loops=1)
  ->  Hash Join  (cost=44376.79..131926.37 rows=16138 width=8) (actual time=816.998..1891.971 rows=9630 loops=1)
        Hash Cond: (mk.movie_id = mi_idx.movie_id)
        ->  Seq Scan on movie_keyword mk  (cost=0.00..81003.12 rows=5429 width=4) (actual time=0.054..863.240 rows=6326 loops=1)
              Filter: (keyword_id = 498)
              Rows Removed by Filter: 4517604
        ->  Hash  (cost=21735.35..21735.35 rows=1380035 width=4) (actual time=814.184..814.184 rows=1380035 loops=1)
              Buckets: 131072  Batches: 32  Memory Usage: 2556kB
              ->  Seq Scan on movie_info_idx mi_idx  (cost=0.00..21735.35 rows=1380035 width=4) (actual time=0.015..376.562 rows=1380035 loops=1)
  ->  Index Scan using title_pkey on title t  (cost=0.43..0.58 rows=1 width=4) (actual time=0.008..0.008 rows=0 loops=9630)
        Index Cond: (id = mi_idx.movie_id)
        Filter: (production_year = 1984)
        Rows Removed by Filter: 1
Planning time: 1.140 ms
Execution time: 1976.740 ms
