Seq Scan on movie_keyword mk  (cost=0.00..81003.12 rows=2467478 width=0) (actual time=0.036..1167.729 rows=2464408 loops=1)
  Filter: (keyword_id < 5922)
  Rows Removed by Filter: 2059522
Planning time: 0.317 ms
Execution time: 1467.190 ms
