Seq Scan on cast_info ci  (cost=0.00..796071.18 rows=4425125 width=0) (actual time=6581.456..13217.815 rows=1951957 loops=1)
  Filter: ((person_id < 2044109) AND (role_id > 6))
  Rows Removed by Filter: 34292387
Planning time: 0.392 ms
Execution time: 13443.452 ms
