Hash Join  (cost=226690.83..1395757.70 rows=13167272 width=0) (actual time=5165.048..63716.188 rows=135004117 loops=1)
  Hash Cond: (ci.movie_id = t.id)
  ->  Seq Scan on cast_info ci  (cost=0.00..614943.12 rows=36225612 width=4) (actual time=0.016..10632.508 rows=36244344 loops=1)
  ->  Hash  (cost=211611.48..211611.48 rows=919068 width=8) (actual time=5164.190..5164.190 rows=2247814 loops=1)
        Buckets: 131072 (originally 131072)  Batches: 32 (originally 16)  Memory Usage: 3750kB
        ->  Hash Join  (cost=78556.72..211611.48 rows=919068 width=8) (actual time=1084.889..4684.860 rows=2247814 loops=1)
              Hash Cond: (mk.movie_id = t.id)
              ->  Seq Scan on movie_keyword mk  (cost=0.00..81003.12 rows=3481319 width=4) (actual time=0.021..1467.240 rows=3479555 loops=1)
                    Filter: (keyword_id > 1038)
                    Rows Removed by Filter: 1044375
              ->  Hash  (cost=67604.59..67604.59 rows=667531 width=4) (actual time=1083.768..1083.768 rows=662825 loops=1)
                    Buckets: 131072  Batches: 16  Memory Usage: 2486kB
                    ->  Seq Scan on title t  (cost=0.00..67604.59 rows=667531 width=4) (actual time=348.617..878.632 rows=662825 loops=1)
                          Filter: (kind_id = 1)
                          Rows Removed by Filter: 1865487
Planning time: 1.173 ms
Execution time: 78475.408 ms
