Hash Join  (cost=138708.23..226225.00 rows=85874 width=0) (actual time=2191.513..3680.917 rows=44001 loops=1)
  Hash Cond: (mk.movie_id = t.id)
  ->  Seq Scan on movie_keyword mk  (cost=0.00..69693.30 rows=4523930 width=4) (actual time=0.019..789.960 rows=4523930 loops=1)
  ->  Hash  (cost=138108.26..138108.26 rows=47997 width=8) (actual time=2033.016..2033.016 rows=41567 loops=1)
        Buckets: 65536  Batches: 1  Memory Usage: 2136kB
        ->  Hash Join  (cost=76428.64..138108.26 rows=47997 width=8) (actual time=984.400..2018.174 rows=41567 loops=1)
              Hash Cond: (mc.movie_id = t.id)
              ->  Seq Scan on movie_companies mc  (cost=0.00..51404.11 rows=795610 width=4) (actual time=0.018..812.829 rows=785673 loops=1)
                    Filter: (company_id < 1709)
                    Rows Removed by Filter: 1823456
              ->  Hash  (cost=73925.90..73925.90 rows=152539 width=4) (actual time=917.121..917.121 rows=53426 loops=1)
                    Buckets: 131072  Batches: 2  Memory Usage: 1963kB
                    ->  Seq Scan on title t  (cost=0.00..73925.90 rows=152539 width=4) (actual time=0.019..897.097 rows=53426 loops=1)
                          Filter: ((production_year < 1961) AND (kind_id = 7))
                          Rows Removed by Filter: 2474886
Planning time: 1.146 ms
Execution time: 3687.125 ms
