Hash Join  (cost=846332.74..1539637.68 rows=3483561 width=0) (actual time=19030.688..33568.308 rows=13085155 loops=1)
  Hash Cond: (mi.movie_id = t.id)
  ->  Seq Scan on movie_info mi  (cost=0.00..346232.03 rows=11115165 width=4) (actual time=0.019..5599.769 rows=11210743 loops=1)
        Filter: (info_type_id > 3)
        Rows Removed by Filter: 3624977
  ->  Hash  (cost=833331.04..833331.04 rows=792456 width=8) (actual time=19029.510..19029.510 rows=759827 loops=1)
        Buckets: 131072  Batches: 16  Memory Usage: 2920kB
        ->  Hash Join  (cost=74617.32..833331.04 rows=792456 width=8) (actual time=1006.857..18703.508 rows=759827 loops=1)
              Hash Cond: (ci.movie_id = t.id)
              ->  Seq Scan on cast_info ci  (cost=0.00..614943.12 rows=36225612 width=4) (actual time=0.013..6647.955 rows=36244344 loops=1)
              ->  Hash  (cost=73925.90..73925.90 rows=55313 width=4) (actual time=1006.508..1006.508 rows=49075 loops=1)
                    Buckets: 65536  Batches: 1  Memory Usage: 2238kB
                    ->  Seq Scan on title t  (cost=0.00..73925.90 rows=55313 width=4) (actual time=0.138..985.861 rows=49075 loops=1)
                          Filter: ((kind_id < 7) AND (production_year = 2010))
                          Rows Removed by Filter: 2479237
Planning time: 1.185 ms
Execution time: 35104.040 ms
