Hash Join  (cost=102767.86..226311.67 rows=2587428 width=0) (actual time=1611.083..5211.184 rows=2588837 loops=1)
  Hash Cond: (mc.movie_id = t.id)
  ->  Seq Scan on movie_companies mc  (cost=0.00..51404.11 rows=2587428 width=4) (actual time=0.014..1026.831 rows=2588837 loops=1)
        Filter: (company_id < 216092)
        Rows Removed by Filter: 20292
  ->  Hash  (cost=61283.27..61283.27 rows=2528527 width=4) (actual time=1610.317..1610.317 rows=2528312 loops=1)
        Buckets: 131072  Batches: 64  Memory Usage: 2415kB
        ->  Seq Scan on title t  (cost=0.00..61283.27 rows=2528527 width=4) (actual time=0.019..771.639 rows=2528312 loops=1)
Planning time: 0.705 ms
Execution time: 5540.334 ms
