Hash Join  (cost=83073.63..803574.57 rows=92 width=0) (actual time=4921.116..11721.282 rows=6195 loops=1)
  Hash Cond: (ci.movie_id = t.id)
  ->  Seq Scan on cast_info ci  (cost=0.00..705507.15 rows=3998100 width=4) (actual time=3827.473..10008.320 rows=4008037 loops=1)
        Filter: (role_id = 3)
        Rows Removed by Filter: 32236307
  ->  Hash  (cost=83072.90..83072.90 rows=58 width=8) (actual time=1092.311..1092.311 rows=1491 loops=1)
        Buckets: 2048 (originally 1024)  Batches: 1 (originally 1)  Memory Usage: 75kB
        ->  Nested Loop  (cost=0.43..83072.90 rows=58 width=8) (actual time=0.173..1091.378 rows=1491 loops=1)
              ->  Seq Scan on movie_keyword mk  (cost=0.00..81003.12 rows=246 width=4) (actual time=0.053..1043.566 rows=2417 loops=1)
                    Filter: (keyword_id = 1226)
                    Rows Removed by Filter: 4521513
              ->  Index Scan using title_pkey on title t  (cost=0.43..8.40 rows=1 width=4) (actual time=0.019..0.019 rows=1 loops=2417)
                    Index Cond: (id = mk.movie_id)
                    Filter: ((kind_id < 7) AND (production_year > 1997))
                    Rows Removed by Filter: 0
Planning time: 1.055 ms
Execution time: 11722.674 ms
