Hash Join  (cost=58375.85..85290.05 rows=10 width=0) (actual time=952.802..1026.503 rows=24 loops=1)
  Hash Cond: (mi_idx.movie_id = t.id)
  ->  Seq Scan on movie_info_idx mi_idx  (cost=0.00..25185.44 rows=460978 width=4) (actual time=0.027..360.723 rows=459925 loops=1)
        Filter: (info_type_id = 99)
        Rows Removed by Filter: 920110
  ->  Hash  (cost=58375.18..58375.18 rows=53 width=8) (actual time=602.829..602.829 rows=40 loops=1)
        Buckets: 1024  Batches: 1  Memory Usage: 10kB
        ->  Nested Loop  (cost=0.43..58375.18 rows=53 width=8) (actual time=355.264..602.800 rows=40 loops=1)
              ->  Seq Scan on movie_companies mc  (cost=0.00..57926.93 rows=53 width=4) (actual time=355.178..602.230 rows=40 loops=1)
                    Filter: ((company_id = 72377) AND (company_type_id = 2))
                    Rows Removed by Filter: 2609089
              ->  Index Only Scan using title_pkey on title t  (cost=0.43..8.45 rows=1 width=4) (actual time=0.013..0.013 rows=1 loops=40)
                    Index Cond: (id = mc.movie_id)
                    Heap Fetches: 40
Planning time: 1.183 ms
Execution time: 1026.597 ms
