Seq Scan on movie_keyword mk  (cost=0.00..81003.12 rows=246 width=0) (actual time=0.116..1067.867 rows=950 loops=1)
  Filter: (keyword_id = 12097)
  Rows Removed by Filter: 4522980
Planning time: 0.357 ms
Execution time: 1068.236 ms
