Hash Join  (cost=164930.94..655019.42 rows=963655 width=0) (actual time=3568.279..17956.390 rows=5635305 loops=1)
  Hash Cond: (mi.movie_id = t.id)
  ->  Seq Scan on movie_info mi  (cost=0.00..309384.22 rows=14739122 width=4) (actual time=0.020..5771.005 rows=14835720 loops=1)
  ->  Hash  (cost=162218.48..162218.48 rows=165317 width=8) (actual time=3567.568..3567.568 rows=339215 loops=1)
        Buckets: 131072 (originally 131072)  Batches: 8 (originally 4)  Memory Usage: 3073kB
        ->  Hash Join  (cost=93117.31..162218.48 rows=165317 width=8) (actual time=2001.498..3469.085 rows=339215 loops=1)
              Hash Cond: (mc.movie_id = t.id)
              ->  Seq Scan on movie_companies mc  (cost=0.00..57926.93 rows=268812 width=4) (actual time=72.616..962.909 rows=531201 loops=1)
                    Filter: ((company_id > 72663) AND (company_type_id = 2))
                    Rows Removed by Filter: 2077928
              ->  Hash  (cost=67604.59..67604.59 rows=1555018 width=4) (actual time=1927.398..1927.398 rows=1551727 loops=1)
                    Buckets: 131072  Batches: 32  Memory Usage: 2728kB
                    ->  Seq Scan on title t  (cost=0.00..67604.59 rows=1555018 width=4) (actual time=0.017..1421.677 rows=1551727 loops=1)
                          Filter: (production_year < 2007)
                          Rows Removed by Filter: 976585
Planning time: 1.173 ms
Execution time: 18646.466 ms
