Seq Scan on title t  (cost=0.00..73925.90 rows=1197304 width=0) (actual time=0.030..1079.021 rows=1285057 loops=1)
  Filter: ((kind_id > 6) AND (production_year > 1978))
  Rows Removed by Filter: 1243255
Planning time: 0.307 ms
Execution time: 1242.631 ms
