Seq Scan on cast_info ci  (cost=0.00..705507.15 rows=500 width=0) (actual time=4901.272..8378.927 rows=1 loops=1)
  Filter: (person_id = 2593130)
  Rows Removed by Filter: 36244343
Planning time: 0.388 ms
Execution time: 8379.018 ms
