Nested Loop  (cost=0.43..58375.31 rows=14 width=0) (actual time=151.910..756.525 rows=2 loops=1)
  ->  Seq Scan on movie_companies mc  (cost=0.00..57926.93 rows=53 width=4) (actual time=9.392..752.246 rows=182 loops=1)
        Filter: ((company_type_id > 1) AND (company_id = 958))
        Rows Removed by Filter: 2608947
  ->  Index Scan using title_pkey on title t  (cost=0.43..8.45 rows=1 width=4) (actual time=0.022..0.022 rows=0 loops=182)
        Index Cond: (id = mc.movie_id)
        Filter: (kind_id = 1)
        Rows Removed by Filter: 1
Planning time: 2.879 ms
Execution time: 756.651 ms
