Hash Join  (cost=136260.19..890021.90 rows=53184 width=0) (actual time=2405.265..14694.852 rows=158447 loops=1)
  Hash Cond: (ci.movie_id = t.id)
  ->  Seq Scan on cast_info ci  (cost=0.00..705507.15 rows=12726058 width=4) (actual time=61.198..10396.142 rows=12670688 loops=1)
        Filter: (role_id = 1)
        Rows Removed by Filter: 23573656
  ->  Hash  (cost=136128.10..136128.10 rows=10567 width=8) (actual time=2343.815..2343.815 rows=12717 loops=1)
        Buckets: 16384  Batches: 1  Memory Usage: 625kB
        ->  Hash Join  (cost=74251.74..136128.10 rows=10567 width=8) (actual time=1095.671..2338.814 rows=12717 loops=1)
              Hash Cond: (mc.movie_id = t.id)
              ->  Seq Scan on movie_companies mc  (cost=0.00..57926.93 rows=1025001 width=4) (actual time=0.021..984.207 rows=1274246 loops=1)
                    Filter: ((company_id < 73096) AND (company_type_id = 1))
                    Rows Removed by Filter: 1334883
              ->  Hash  (cost=73925.90..73925.90 rows=26067 width=4) (actual time=1095.444..1095.444 rows=27085 loops=1)
                    Buckets: 32768  Batches: 1  Memory Usage: 1209kB
                    ->  Seq Scan on title t  (cost=0.00..73925.90 rows=26067 width=4) (actual time=0.060..1084.368 rows=27085 loops=1)
                          Filter: ((kind_id < 7) AND (production_year > 2012))
                          Rows Removed by Filter: 2501227
Planning time: 0.814 ms
Execution time: 14714.867 ms
