Hash Join  (cost=118707.02..242973.00 rows=185795 width=0) (actual time=2535.629..5802.868 rows=2403971 loops=1)
  Hash Cond: (mk.movie_id = t.id)
  ->  Seq Scan on movie_keyword mk  (cost=0.00..69693.30 rows=4523930 width=4) (actual time=0.013..1154.188 rows=4523930 loops=1)
  ->  Hash  (cost=117002.95..117002.95 rows=103845 width=8) (actual time=2534.779..2534.779 rows=226321 loops=1)
        Buckets: 131072 (originally 131072)  Batches: 4 (originally 2)  Memory Usage: 3248kB
        ->  Hash Join  (cost=83198.94..117002.95 rows=103845 width=8) (actual time=1316.880..2454.362 rows=226321 loops=1)
              Hash Cond: (mi_idx.movie_id = t.id)
              ->  Seq Scan on movie_info_idx mi_idx  (cost=0.00..25185.44 rows=464566 width=4) (actual time=0.016..435.321 rows=459925 loops=1)
                    Filter: (info_type_id = 101)
                    Rows Removed by Filter: 920110
              ->  Hash  (cost=73925.90..73925.90 rows=565203 width=4) (actual time=1316.085..1316.085 rows=641785 loops=1)
                    Buckets: 131072  Batches: 8  Memory Usage: 3862kB
                    ->  Seq Scan on title t  (cost=0.00..73925.90 rows=565203 width=4) (actual time=0.027..1108.598 rows=641785 loops=1)
                          Filter: ((kind_id < 7) AND (production_year < 2006))
                          Rows Removed by Filter: 1886527
Planning time: 2.811 ms
Execution time: 6044.144 ms
