Hash Join  (cost=131412.52..1118418.32 rows=1568142 width=0) (actual time=3284.475..25138.102 rows=3237632 loops=1)
  Hash Cond: (ci.movie_id = t.id)
  ->  Seq Scan on cast_info ci  (cost=0.00..796071.18 rows=15068047 width=4) (actual time=850.274..14498.401 rows=19986298 loops=1)
        Filter: ((person_id > 1279805) AND (role_id > 1))
        Rows Removed by Filter: 16258046
  ->  Hash  (cost=127095.19..127095.19 rows=263146 width=8) (actual time=2433.465..2433.465 rows=125978 loops=1)
        Buckets: 131072  Batches: 4  Memory Usage: 2237kB
        ->  Hash Join  (cost=85855.67..127095.19 rows=263146 width=8) (actual time=1270.452..2391.162 rows=125978 loops=1)
              Hash Cond: (mi_idx.movie_id = t.id)
              ->  Seq Scan on movie_info_idx mi_idx  (cost=0.00..25185.44 rows=915101 width=4) (actual time=0.018..505.214 rows=919850 loops=1)
                    Filter: (info_type_id < 101)
                    Rows Removed by Filter: 460185
              ->  Hash  (cost=73925.90..73925.90 rows=727101 width=4) (actual time=1269.609..1269.609 rows=796159 loops=1)
                    Buckets: 131072  Batches: 16  Memory Usage: 2780kB
                    ->  Seq Scan on title t  (cost=0.00..73925.90 rows=727101 width=4) (actual time=0.023..1026.886 rows=796159 loops=1)
                          Filter: ((production_year > 2003) AND (kind_id = 7))
                          Rows Removed by Filter: 1732153
Planning time: 1.427 ms
Execution time: 25489.597 ms
