Hash Join  (cost=102767.86..214485.27 rows=2095957 width=0) (actual time=1457.160..4556.543 rows=2090275 loops=1)
  Hash Cond: (mc.movie_id = t.id)
  ->  Seq Scan on movie_companies mc  (cost=0.00..51404.11 rows=2095957 width=4) (actual time=0.017..963.506 rows=2090275 loops=1)
        Filter: (company_id < 73410)
        Rows Removed by Filter: 518854
  ->  Hash  (cost=61283.27..61283.27 rows=2528527 width=4) (actual time=1455.358..1455.358 rows=2528312 loops=1)
        Buckets: 131072  Batches: 64  Memory Usage: 2415kB
        ->  Seq Scan on title t  (cost=0.00..61283.27 rows=2528527 width=4) (actual time=0.015..687.184 rows=2528312 loops=1)
Planning time: 0.531 ms
Execution time: 4810.130 ms
