Hash Join  (cost=106085.93..474208.20 rows=346636 width=0) (actual time=1814.702..9744.863 rows=1149124 loops=1)
  Hash Cond: (mi.movie_id = t.id)
  ->  Seq Scan on movie_info mi  (cost=0.00..309384.22 rows=14739122 width=4) (actual time=0.012..3312.302 rows=14835720 loops=1)
  ->  Hash  (cost=105342.60..105342.60 rows=59466 width=8) (actual time=1813.951..1813.951 rows=63191 loops=1)
        Buckets: 65536  Batches: 1  Memory Usage: 2981kB
        ->  Hash Join  (cost=72956.84..105342.60 rows=59466 width=8) (actual time=1045.116..1788.699 rows=63191 loops=1)
              Hash Cond: (mi_idx.movie_id = t.id)
              ->  Seq Scan on movie_info_idx mi_idx  (cost=0.00..25185.44 rows=460978 width=4) (actual time=0.031..451.820 rows=459925 loops=1)
                    Filter: (info_type_id < 100)
                    Rows Removed by Filter: 920110
              ->  Hash  (cost=67604.59..67604.59 rows=326180 width=4) (actual time=1044.356..1044.356 rows=323245 loops=1)
                    Buckets: 131072  Batches: 8  Memory Usage: 2437kB
                    ->  Seq Scan on title t  (cost=0.00..67604.59 rows=326180 width=4) (actual time=0.023..929.186 rows=323245 loops=1)
                          Filter: (production_year < 1967)
                          Rows Removed by Filter: 2205067
Planning time: 1.172 ms
Execution time: 9906.402 ms
