Seq Scan on movie_keyword mk  (cost=0.00..81003.12 rows=3822459 width=0) (actual time=0.021..1299.101 rows=3816699 loops=1)
  Filter: (keyword_id < 26706)
  Rows Removed by Filter: 707231
Planning time: 0.293 ms
Execution time: 1769.699 ms
