Hash Join  (cost=217858.32..366467.70 rows=1951054 width=0) (actual time=4461.153..9655.476 rows=6858161 loops=1)
  Hash Cond: (mk.movie_id = t.id)
  ->  Seq Scan on movie_keyword mk  (cost=0.00..81003.12 rows=3710326 width=4) (actual time=0.019..1585.545 rows=3706466 loops=1)
        Filter: (keyword_id < 22393)
        Rows Removed by Filter: 817464
  ->  Hash  (cost=196044.17..196044.17 rows=1329612 width=8) (actual time=4459.609..4459.609 rows=1334883 loops=1)
        Buckets: 131072  Batches: 32  Memory Usage: 2660kB
        ->  Hash Join  (cost=102767.86..196044.17 rows=1329612 width=8) (actual time=1768.937..4034.773 rows=1334883 loops=1)
              Hash Cond: (mc.movie_id = t.id)
              ->  Seq Scan on movie_companies mc  (cost=0.00..51404.11 rows=1329612 width=4) (actual time=161.159..869.394 rows=1334883 loops=1)
                    Filter: (company_type_id = 2)
                    Rows Removed by Filter: 1274246
              ->  Hash  (cost=61283.27..61283.27 rows=2528527 width=4) (actual time=1606.696..1606.696 rows=2528312 loops=1)
                    Buckets: 131072  Batches: 64  Memory Usage: 2415kB
                    ->  Seq Scan on title t  (cost=0.00..61283.27 rows=2528527 width=4) (actual time=0.019..773.979 rows=2528312 loops=1)
Planning time: 1.178 ms
Execution time: 10495.258 ms
