Hash Join  (cost=85544.64..609395.94 rows=4127837 width=0) (actual time=983.791..12871.319 rows=2083302 loops=1)
  Hash Cond: (mi.movie_id = t.id)
  ->  Seq Scan on movie_info mi  (cost=0.00..309384.22 rows=14739122 width=4) (actual time=0.015..4539.584 rows=14835720 loops=1)
  ->  Hash  (cost=73925.90..73925.90 rows=708139 width=4) (actual time=982.152..982.152 rows=762719 loops=1)
        Buckets: 131072  Batches: 16  Memory Usage: 2711kB
        ->  Seq Scan on title t  (cost=0.00..73925.90 rows=708139 width=4) (actual time=0.024..797.410 rows=762719 loops=1)
              Filter: ((kind_id > 2) AND (production_year > 2005))
              Rows Removed by Filter: 1765593
Planning time: 0.773 ms
Execution time: 13112.783 ms
