Hash Join  (cost=941801.59..1311175.70 rows=435857 width=0) (actual time=17440.307..24226.233 rows=1731956 loops=1)
  Hash Cond: (mi.movie_id = t.id)
  ->  Seq Scan on movie_info mi  (cost=0.00..346232.03 rows=1348138 width=4) (actual time=671.009..5533.989 rows=1298989 loops=1)
        Filter: (info_type_id = 4)
        Rows Removed by Filter: 13536731
  ->  Hash  (cost=928389.09..928389.09 rows=817480 width=8) (actual time=16768.052..16768.052 rows=2477663 loops=1)
        Buckets: 131072 (originally 131072)  Batches: 64 (originally 16)  Memory Usage: 4096kB
        ->  Hash Join  (cost=102767.86..928389.09 rows=817480 width=8) (actual time=7518.359..16054.198 rows=2477663 loops=1)
              Hash Cond: (ci.movie_id = t.id)
              ->  Seq Scan on cast_info ci  (cost=0.00..796071.18 rows=817480 width=4) (actual time=5289.214..11482.669 rows=2477663 loops=1)
                    Filter: ((person_id > 3579492) AND (role_id > 3))
                    Rows Removed by Filter: 33766681
              ->  Hash  (cost=61283.27..61283.27 rows=2528527 width=4) (actual time=2227.535..2227.535 rows=2528312 loops=1)
                    Buckets: 131072  Batches: 64  Memory Usage: 2415kB
                    ->  Seq Scan on title t  (cost=0.00..61283.27 rows=2528527 width=4) (actual time=0.014..1054.436 rows=2528312 loops=1)
Planning time: 1.115 ms
Execution time: 24427.886 ms
