Seq Scan on cast_info ci  (cost=0.00..796071.18 rows=176 width=0) (actual time=5400.394..8927.530 rows=116 loops=1)
  Filter: ((person_id = 414758) AND (role_id = 1))
  Rows Removed by Filter: 36244228
Planning time: 0.410 ms
Execution time: 8927.651 ms
