Hash Join  (cost=114811.45..208205.50 rows=66128 width=0) (actual time=2894.404..3773.799 rows=50313 loops=1)
  Hash Cond: (mk.movie_id = t.id)
  ->  Seq Scan on movie_keyword mk  (cost=0.00..81003.12 rows=3127907 width=4) (actual time=0.021..1352.607 rows=3113052 loops=1)
        Filter: (keyword_id < 11853)
        Rows Removed by Filter: 1410878
  ->  Hash  (cost=114143.25..114143.25 rows=53456 width=8) (actual time=1921.723..1921.723 rows=24084 loops=1)
        Buckets: 65536  Batches: 1  Memory Usage: 1453kB
        ->  Hash Join  (cost=75533.21..114143.25 rows=53456 width=8) (actual time=1456.969..1913.396 rows=24084 loops=1)
              Hash Cond: (mi_idx.movie_id = t.id)
              ->  Seq Scan on movie_info_idx mi_idx  (cost=0.00..21735.35 rows=1380035 width=4) (actual time=0.022..397.480 rows=1380035 loops=1)
              ->  Hash  (cost=73925.90..73925.90 rows=97944 width=4) (actual time=1047.242..1047.242 rows=106247 loops=1)
                    Buckets: 131072  Batches: 2  Memory Usage: 2890kB
                    ->  Seq Scan on title t  (cost=0.00..73925.90 rows=97944 width=4) (actual time=0.023..1008.804 rows=106247 loops=1)
                          Filter: ((kind_id = 7) AND (production_year = 2011))
                          Rows Removed by Filter: 2422065
Planning time: 1.171 ms
Execution time: 3780.617 ms
