Hash Join  (cost=74052.46..100998.62 rows=1860 width=0) (actual time=870.697..1351.772 rows=3811 loops=1)
  Hash Cond: (mi_idx.movie_id = t.id)
  ->  Seq Scan on movie_info_idx mi_idx  (cost=0.00..25185.44 rows=464566 width=4) (actual time=0.029..385.941 rows=459925 loops=1)
        Filter: (info_type_id = 101)
        Rows Removed by Filter: 920110
  ->  Hash  (cost=73925.90..73925.90 rows=10124 width=4) (actual time=870.096..870.096 rows=8484 loops=1)
        Buckets: 16384  Batches: 1  Memory Usage: 427kB
        ->  Seq Scan on title t  (cost=0.00..73925.90 rows=10124 width=4) (actual time=0.078..865.875 rows=8484 loops=1)
              Filter: ((kind_id < 4) AND (production_year = 1994))
              Rows Removed by Filter: 2519828
Planning time: 0.763 ms
Execution time: 1352.703 ms
