Hash Join  (cost=916701.26..1408776.74 rows=1149855 width=0) (actual time=11801.540..22663.940 rows=1021299 loops=1)
  Hash Cond: (mi.movie_id = t.id)
  ->  Seq Scan on movie_info mi  (cost=0.00..309384.22 rows=14739122 width=4) (actual time=0.019..4672.305 rows=14835720 loops=1)
  ->  Hash  (cost=913464.51..913464.51 rows=197260 width=8) (actual time=11800.487..11800.487 rows=79194 loops=1)
        Buckets: 131072  Batches: 4  Memory Usage: 1809kB
        ->  Hash Join  (cost=102767.86..913464.51 rows=197260 width=8) (actual time=4612.070..11774.049 rows=79194 loops=1)
              Hash Cond: (ci.movie_id = t.id)
              ->  Seq Scan on cast_info ci  (cost=0.00..796071.18 rows=197260 width=4) (actual time=2905.130..9620.237 rows=79194 loops=1)
                    Filter: ((person_id < 589641) AND (role_id = 9))
                    Rows Removed by Filter: 36165150
              ->  Hash  (cost=61283.27..61283.27 rows=2528527 width=4) (actual time=1705.505..1705.505 rows=2528312 loops=1)
                    Buckets: 131072  Batches: 64  Memory Usage: 2415kB
                    ->  Seq Scan on title t  (cost=0.00..61283.27 rows=2528527 width=4) (actual time=0.026..885.296 rows=2528312 loops=1)
Planning time: 1.166 ms
Execution time: 22792.495 ms
