Hash Join  (cost=101233.35..187966.23 rows=7484 width=0) (actual time=1344.184..2669.222 rows=86393 loops=1)
  Hash Cond: (mk.movie_id = t.id)
  ->  Seq Scan on movie_keyword mk  (cost=0.00..69693.30 rows=4523930 width=4) (actual time=0.019..641.752 rows=4523930 loops=1)
  ->  Hash  (cost=101181.06..101181.06 rows=4183 width=8) (actual time=1344.075..1344.075 rows=8533 loops=1)
        Buckets: 16384 (originally 8192)  Batches: 1 (originally 1)  Memory Usage: 462kB
        ->  Hash Join  (cost=74210.29..101181.06 rows=4183 width=8) (actual time=845.185..1340.155 rows=8533 loops=1)
              Hash Cond: (mi_idx.movie_id = t.id)
              ->  Seq Scan on movie_info_idx mi_idx  (cost=0.00..25185.44 rows=464934 width=4) (actual time=0.056..382.382 rows=460185 loops=1)
                    Filter: (info_type_id > 100)
                    Rows Removed by Filter: 919850
              ->  Hash  (cost=73925.90..73925.90 rows=22751 width=4) (actual time=844.179..844.179 rows=18892 loops=1)
                    Buckets: 32768  Batches: 1  Memory Usage: 921kB
                    ->  Seq Scan on title t  (cost=0.00..73925.90 rows=22751 width=4) (actual time=0.053..836.759 rows=18892 loops=1)
                          Filter: ((kind_id < 7) AND (production_year = 2001))
                          Rows Removed by Filter: 2509420
Planning time: 1.231 ms
Execution time: 2679.445 ms
