Hash Join  (cost=103634.05..783052.18 rows=4100993 width=169) (actual time=2832.023..17377.204 rows=1643498 loops=1)
  Hash Cond: (mi.movie_id = t.id)
  ->  Seq Scan on movie_info mi  (cost=0.00..346232.03 rows=9476311 width=75) (actual time=0.012..8160.328 rows=9565151 loops=1)
        Filter: (info_type_id < 16)
        Rows Removed by Filter: 5270569
  ->  Hash  (cost=73925.90..73925.90 rows=1094252 width=94) (actual time=2184.977..2184.977 rows=1044222 loops=1)
        Buckets: 32768  Batches: 64  Memory Usage: 2124kB
        ->  Seq Scan on title t  (cost=0.00..73925.90 rows=1094252 width=94) (actual time=0.011..1708.598 rows=1044222 loops=1)
              Filter: ((production_year < 2009) AND (kind_id = 7))
              Rows Removed by Filter: 1484090
Planning time: 0.982 ms
Execution time: 17464.863 ms
