Hash Join  (cost=67697.55..149515.34 rows=634 width=0) (actual time=643.731..1726.233 rows=1057 loops=1)
  Hash Cond: (mk.movie_id = t.id)
  ->  Seq Scan on movie_keyword mk  (cost=0.00..81003.12 rows=215554 width=4) (actual time=0.026..1040.135 rows=217290 loops=1)
        Filter: (keyword_id > 65261)
        Rows Removed by Filter: 4306640
  ->  Hash  (cost=67604.59..67604.59 rows=7437 width=4) (actual time=641.599..641.599 rows=7199 loops=1)
        Buckets: 8192  Batches: 1  Memory Usage: 318kB
        ->  Seq Scan on title t  (cost=0.00..67604.59 rows=7437 width=4) (actual time=0.186..638.844 rows=7199 loops=1)
              Filter: (production_year = 1954)
              Rows Removed by Filter: 2521113
Planning time: 0.697 ms
Execution time: 1726.547 ms
