Hash Join  (cost=80408.18..210555.08 rows=566620 width=0) (actual time=1636.766..4723.130 rows=786543 loops=1)
  Hash Cond: (mk.movie_id = t.id)
  ->  Seq Scan on movie_keyword mk  (cost=0.00..81003.12 rows=3626552 width=4) (actual time=0.015..1533.225 rows=3618974 loops=1)
        Filter: (keyword_id > 858)
        Rows Removed by Filter: 904956
  ->  Hash  (cost=73925.90..73925.90 rows=395062 width=4) (actual time=1635.707..1635.707 rows=335993 loops=1)
        Buckets: 131072  Batches: 8  Memory Usage: 2499kB
        ->  Seq Scan on title t  (cost=0.00..73925.90 rows=395062 width=4) (actual time=0.033..1037.948 rows=335993 loops=1)
              Filter: ((kind_id < 7) AND (production_year > 2005))
              Rows Removed by Filter: 2192319
Planning time: 2.542 ms
Execution time: 4804.385 ms
