Hash Join  (cost=709678.15..804504.17 rows=729 width=0) (actual time=8633.399..9758.517 rows=4 loops=1)
  Hash Cond: (mk.movie_id = t.id)
  ->  Seq Scan on movie_keyword mk  (cost=0.00..81003.12 rows=3684161 width=4) (actual time=0.013..1314.118 rows=3677838 loops=1)
        Filter: (keyword_id < 21711)
        Rows Removed by Filter: 846092
  ->  Hash  (cost=709671.90..709671.90 rows=500 width=8) (actual time=7939.775..7939.775 rows=257 loops=1)
        Buckets: 1024  Batches: 1  Memory Usage: 19kB
        ->  Nested Loop  (cost=0.43..709671.90 rows=500 width=8) (actual time=1883.861..7939.620 rows=257 loops=1)
              ->  Seq Scan on cast_info ci  (cost=0.00..705507.15 rows=500 width=4) (actual time=1883.670..7936.169 rows=257 loops=1)
                    Filter: (person_id = 1957011)
                    Rows Removed by Filter: 36244087
              ->  Index Only Scan using title_pkey on title t  (cost=0.43..8.32 rows=1 width=4) (actual time=0.012..0.012 rows=1 loops=257)
                    Index Cond: (id = ci.movie_id)
                    Heap Fetches: 257
Planning time: 1.172 ms
Execution time: 9758.630 ms
