Nested Loop  (cost=0.43..797069.76 rows=47 width=0) (actual time=5450.367..11049.323 rows=18 loops=1)
  ->  Seq Scan on cast_info ci  (cost=0.00..796071.18 rows=118 width=4) (actual time=3779.536..11048.879 rows=22 loops=1)
        Filter: ((role_id > 5) AND (person_id = 2911928))
        Rows Removed by Filter: 36244322
  ->  Index Scan using title_pkey on title t  (cost=0.43..8.45 rows=1 width=4) (actual time=0.017..0.018 rows=1 loops=22)
        Index Cond: (id = ci.movie_id)
        Filter: ((kind_id > 2) AND (production_year > 1999))
        Rows Removed by Filter: 0
Planning time: 0.758 ms
Execution time: 11049.480 ms
