Seq Scan on cast_info ci  (cost=0.00..796071.18 rows=13998218 width=0) (actual time=11.823..12434.184 rows=15278357 loops=1)
  Filter: ((person_id < 1578234) AND (role_id < 10))
  Rows Removed by Filter: 20965987
Planning time: 0.327 ms
Execution time: 14385.460 ms
