Hash Join  (cost=144531.04..268206.79 rows=137371 width=0) (actual time=2218.462..4975.422 rows=515626 loops=1)
  Hash Cond: (mk.movie_id = t.id)
  ->  Seq Scan on movie_keyword mk  (cost=0.00..69693.30 rows=4523930 width=4) (actual time=0.022..1127.943 rows=4523930 loops=1)
  ->  Hash  (cost=143271.29..143271.29 rows=76780 width=8) (actual time=2217.240..2217.240 rows=42069 loops=1)
        Buckets: 131072  Batches: 2  Memory Usage: 1860kB
        ->  Hash Join  (cost=70308.29..143271.29 rows=76780 width=8) (actual time=901.979..2203.769 rows=42069 loops=1)
              Hash Cond: (mc.movie_id = t.id)
              ->  Seq Scan on movie_companies mc  (cost=0.00..57926.93 rows=1178205 width=4) (actual time=0.029..912.926 rows=1110454 loops=1)
                    Filter: ((company_id > 67) AND (company_type_id = 1))
                    Rows Removed by Filter: 1498675
              ->  Hash  (cost=67604.59..67604.59 rows=164776 width=4) (actual time=901.212..901.212 rows=164307 loops=1)
                    Buckets: 131072  Batches: 4  Memory Usage: 2482kB
                    ->  Seq Scan on title t  (cost=0.00..67604.59 rows=164776 width=4) (actual time=0.009..845.470 rows=164307 loops=1)
                          Filter: (production_year = 2012)
                          Rows Removed by Filter: 2364005
Planning time: 4.726 ms
Execution time: 5042.918 ms
