Hash Join  (cost=489711.12..1642793.71 rows=11611336 width=0) (actual time=6972.059..37663.186 rows=11261756 loops=1)
  Hash Cond: (ci.movie_id = t.id)
  ->  Seq Scan on cast_info ci  (cost=0.00..614943.12 rows=36225612 width=4) (actual time=0.014..10581.554 rows=36244344 loops=1)
  ->  Hash  (cost=476414.31..476414.31 rows=810465 width=8) (actual time=6971.042..6971.042 rows=615246 loops=1)
        Buckets: 131072  Batches: 16  Memory Usage: 2526kB
        ->  Hash Join  (cost=98864.94..476414.31 rows=810465 width=8) (actual time=4962.538..6809.987 rows=615246 loops=1)
              Hash Cond: (mi.movie_id = t.id)
              ->  Seq Scan on movie_info mi  (cost=0.00..346232.03 rows=1348138 width=4) (actual time=3405.169..4221.811 rows=1298989 loops=1)
                    Filter: (info_type_id = 4)
                    Rows Removed by Filter: 13536731
              ->  Hash  (cost=73925.90..73925.90 rows=1520083 width=4) (actual time=1556.373..1556.373 rows=1507233 loops=1)
                    Buckets: 131072  Batches: 32  Memory Usage: 2686kB
                    ->  Seq Scan on title t  (cost=0.00..73925.90 rows=1520083 width=4) (actual time=0.033..1124.556 rows=1507233 loops=1)
                          Filter: ((kind_id > 1) AND (production_year < 2011))
                          Rows Removed by Filter: 1021079
Planning time: 1.101 ms
Execution time: 39018.494 ms
