Hash Join  (cost=160790.67..287431.61 rows=380690 width=0) (actual time=2360.693..7008.701 rows=8360299 loops=1)
  Hash Cond: (mk.movie_id = t.id)
  ->  Seq Scan on movie_keyword mk  (cost=0.00..69693.30 rows=4523930 width=4) (actual time=0.022..1170.966 rows=4523930 loops=1)
  ->  Hash  (cost=157298.97..157298.97 rows=212776 width=8) (actual time=2359.515..2359.515 rows=286003 loops=1)
        Buckets: 131072  Batches: 4  Memory Usage: 3816kB
        ->  Hash Join  (cost=85838.47..157298.97 rows=212776 width=8) (actual time=1198.636..2285.563 rows=286003 loops=1)
              Hash Cond: (mc.movie_id = t.id)
              ->  Seq Scan on movie_companies mc  (cost=0.00..57926.93 rows=741015 width=4) (actual time=0.025..715.820 rows=527085 loops=1)
                    Filter: ((company_id > 7264) AND (company_type_id = 1))
                    Rows Removed by Filter: 2082044
              ->  Hash  (cost=73925.90..73925.90 rows=726045 width=4) (actual time=1197.432..1197.432 rows=628133 loops=1)
                    Buckets: 131072  Batches: 16  Memory Usage: 2403kB
                    ->  Seq Scan on title t  (cost=0.00..73925.90 rows=726045 width=4) (actual time=0.021..992.634 rows=628133 loops=1)
                          Filter: ((kind_id < 7) AND (production_year > 1985))
                          Rows Removed by Filter: 1900179
Planning time: 1.689 ms
Execution time: 7851.299 ms
