Nested Loop  (cost=0.43..113567.77 rows=4373 width=0) (actual time=0.394..1456.793 rows=4217 loops=1)
  ->  Seq Scan on movie_keyword mk  (cost=0.00..81003.12 rows=4373 width=4) (actual time=0.329..1321.200 rows=4217 loops=1)
        Filter: (keyword_id = 394)
        Rows Removed by Filter: 4519713
  ->  Index Only Scan using title_pkey on title t  (cost=0.43..7.44 rows=1 width=4) (actual time=0.031..0.031 rows=1 loops=4217)
        Index Cond: (id = mk.movie_id)
        Heap Fetches: 4217
Planning time: 0.763 ms
Execution time: 1458.212 ms
