Hash Join  (cost=90717.09..241015.04 rows=1693090 width=0) (actual time=2694.204..4582.338 rows=420035 loops=1)
  Hash Cond: (mk.movie_id = t.id)
  ->  Seq Scan on movie_keyword mk  (cost=0.00..81003.12 rows=4182914 width=4) (actual time=0.025..1324.785 rows=4164812 loops=1)
        Filter: (keyword_id > 319)
        Rows Removed by Filter: 359118
  ->  Hash  (cost=73925.90..73925.90 rows=1023455 width=4) (actual time=1439.379..1439.379 rows=1117981 loops=1)
        Buckets: 131072  Batches: 16  Memory Usage: 3495kB
        ->  Seq Scan on title t  (cost=0.00..73925.90 rows=1023455 width=4) (actual time=0.031..1099.176 rows=1117981 loops=1)
              Filter: ((production_year > 1993) AND (kind_id = 7))
              Rows Removed by Filter: 1410331
Planning time: 0.636 ms
Execution time: 4628.219 ms
