Hash Join  (cost=253031.78..1555292.31 rows=21725142 width=0) (actual time=5132.383..48845.211 rows=60268441 loops=1)
  Hash Cond: (ci.movie_id = t.id)
  ->  Seq Scan on cast_info ci  (cost=0.00..614943.12 rows=36225612 width=4) (actual time=0.016..10553.379 rows=36244344 loops=1)
  ->  Hash  (cost=228152.75..228152.75 rows=1516402 width=8) (actual time=5131.383..5131.383 rows=1038335 loops=1)
        Buckets: 131072  Batches: 32  Memory Usage: 2336kB
        ->  Hash Join  (cost=84197.31..228152.75 rows=1516402 width=8) (actual time=1204.253..4818.411 rows=1038335 loops=1)
              Hash Cond: (mk.movie_id = t.id)
              ->  Seq Scan on movie_keyword mk  (cost=0.00..81003.12 rows=3791279 width=4) (actual time=0.025..1530.077 rows=3784014 loops=1)
                    Filter: (keyword_id < 25371)
                    Rows Removed by Filter: 739916
              ->  Hash  (cost=67604.59..67604.59 rows=1011338 width=4) (actual time=1203.097..1203.097 rows=1012920 loops=1)
                    Buckets: 131072  Batches: 16  Memory Usage: 3257kB
                    ->  Seq Scan on title t  (cost=0.00..67604.59 rows=1011338 width=4) (actual time=0.020..888.366 rows=1012920 loops=1)
                          Filter: (production_year > 2005)
                          Rows Removed by Filter: 1515392
Planning time: 1.087 ms
Execution time: 55442.088 ms
