Seq Scan on movie_keyword mk  (cost=0.00..81003.12 rows=246 width=0) (actual time=37.439..1016.565 rows=66 loops=1)
  Filter: (keyword_id = 16830)
  Rows Removed by Filter: 4523864
Planning time: 0.336 ms
Execution time: 1016.696 ms
