Seq Scan on cast_info ci  (cost=0.00..796071.18 rows=15678974 width=0) (actual time=6550.842..16695.823 rows=14929451 loops=1)
  Filter: ((person_id < 3830646) AND (role_id > 2))
  Rows Removed by Filter: 21314893
Planning time: 0.347 ms
Execution time: 18520.035 ms
