Seq Scan on cast_info ci  (cost=0.00..705507.15 rows=500 width=0) (actual time=476.328..8551.131 rows=10 loops=1)
  Filter: (person_id = 840159)
  Rows Removed by Filter: 36244334
Planning time: 0.332 ms
Execution time: 8551.214 ms
