Seq Scan on movie_companies mc  (cost=0.00..57926.93 rows=230890 width=0) (actual time=0.027..775.684 rows=456412 loops=1)
  Filter: ((company_id > 76833) AND (company_type_id = 2))
  Rows Removed by Filter: 2152717
Planning time: 0.403 ms
Execution time: 833.524 ms
