Hash Join  (cost=441121.37..496508.08 rows=72118 width=0) (actual time=6415.699..7664.047 rows=136015 loops=1)
  Hash Cond: (mc.movie_id = t.id)
  ->  Seq Scan on movie_companies mc  (cost=0.00..44881.29 rows=2609129 width=4) (actual time=0.018..528.194 rows=2609129 loops=1)
  ->  Hash  (cost=440247.75..440247.75 rows=69890 width=8) (actual time=6415.074..6415.074 rows=65379 loops=1)
        Buckets: 131072  Batches: 1  Memory Usage: 3578kB
        ->  Hash Join  (cost=69002.72..440247.75 rows=69890 width=8) (actual time=1480.013..6386.925 rows=65379 loops=1)
              Hash Cond: (mi.movie_id = t.id)
              ->  Seq Scan on movie_info mi  (cost=0.00..346232.03 rows=2073893 width=4) (actual time=532.309..4596.836 rows=2091068 loops=1)
                    Filter: (info_type_id < 3)
                    Rows Removed by Filter: 12744652
              ->  Hash  (cost=67604.59..67604.59 rows=85211 width=4) (actual time=946.832..946.832 rows=84593 loops=1)
                    Buckets: 131072  Batches: 2  Memory Usage: 2524kB
                    ->  Seq Scan on title t  (cost=0.00..67604.59 rows=85211 width=4) (actual time=0.036..912.882 rows=84593 loops=1)
                          Filter: (production_year = 2004)
                          Rows Removed by Filter: 2443719
Planning time: 1.140 ms
Execution time: 7683.285 ms
