Seq Scan on movie_companies mc  (cost=0.00..57926.93 rows=847947 width=0) (actual time=416.139..848.841 rows=655620 loops=1)
  Filter: ((company_id > 2561) AND (company_type_id < 2))
  Rows Removed by Filter: 1953509
Planning time: 0.229 ms
Execution time: 920.670 ms
