Hash Join  (cost=138018.86..943672.52 rows=591114 width=0) (actual time=2851.248..20134.900 rows=1081592 loops=1)
  Hash Cond: (ci.movie_id = t.id)
  ->  Seq Scan on cast_info ci  (cost=0.00..705507.15 rows=25129432 width=4) (actual time=0.017..10292.595 rows=25233374 loops=1)
        Filter: (person_id > 1081328)
        Rows Removed by Filter: 11010970
  ->  Hash  (cost=137275.39..137275.39 rows=59478 width=8) (actual time=2850.821..2850.821 rows=49464 loops=1)
        Buckets: 65536  Batches: 1  Memory Usage: 2445kB
        ->  Hash Join  (cost=69460.45..137275.39 rows=59478 width=8) (actual time=1513.626..2832.171 rows=49464 loops=1)
              Hash Cond: (mc.movie_id = t.id)
              ->  Seq Scan on movie_companies mc  (cost=0.00..51404.11 rows=1329612 width=4) (actual time=16.267..806.977 rows=1334883 loops=1)
                    Filter: (company_type_id = 2)
                    Rows Removed by Filter: 1274246
              ->  Hash  (cost=67604.59..67604.59 rows=113109 width=4) (actual time=1496.543..1496.543 rows=119565 loops=1)
                    Buckets: 131072  Batches: 2  Memory Usage: 3115kB
                    ->  Seq Scan on title t  (cost=0.00..67604.59 rows=113109 width=4) (actual time=0.023..889.690 rows=119565 loops=1)
                          Filter: (production_year = 2007)
                          Rows Removed by Filter: 2408747
Planning time: 1.170 ms
Execution time: 20275.267 ms
