Seq Scan on cast_info ci  (cost=0.00..705507.15 rows=500 width=0) (actual time=2089.976..8928.704 rows=744 loops=1)
  Filter: (person_id = 2931055)
  Rows Removed by Filter: 36243600
Planning time: 0.322 ms
Execution time: 8928.897 ms
