Hash Join  (cost=76193.14..430860.30 rows=35628 width=0) (actual time=1396.491..5855.136 rows=94283 loops=1)
  Hash Cond: (mi.movie_id = t.id)
  ->  Seq Scan on movie_info mi  (cost=0.00..346232.03 rows=651960 width=4) (actual time=213.644..4463.808 rows=660923 loops=1)
        Filter: (info_type_id = 18)
        Rows Removed by Filter: 14174797
  ->  Hash  (cost=73925.90..73925.90 rows=138179 width=4) (actual time=1004.585..1004.585 rows=274202 loops=1)
        Buckets: 131072 (originally 131072)  Batches: 4 (originally 2)  Memory Usage: 3441kB
        ->  Seq Scan on title t  (cost=0.00..73925.90 rows=138179 width=4) (actual time=377.940..905.740 rows=274202 loops=1)
              Filter: ((production_year < 1981) AND (kind_id = 1))
              Rows Removed by Filter: 2254110
Planning time: 0.682 ms
Execution time: 5867.991 ms
