Nested Loop  (cost=0.43..83072.29 rows=181 width=0) (actual time=21.507..908.108 rows=137 loops=1)
  ->  Seq Scan on movie_keyword mk  (cost=0.00..81003.12 rows=246 width=4) (actual time=12.848..893.476 rows=494 loops=1)
        Filter: (keyword_id = 14150)
        Rows Removed by Filter: 4523436
  ->  Index Scan using title_pkey on title t  (cost=0.43..8.40 rows=1 width=4) (actual time=0.028..0.028 rows=0 loops=494)
        Index Cond: (id = mk.movie_id)
        Filter: (kind_id > 1)
        Rows Removed by Filter: 1
Planning time: 0.642 ms
Execution time: 908.305 ms
