Seq Scan on cast_info ci  (cost=0.00..796071.18 rows=1200415 width=0) (actual time=5751.964..9574.679 rows=592937 loops=1)
  Filter: ((person_id < 432582) AND (role_id > 4))
  Rows Removed by Filter: 35651407
Planning time: 0.308 ms
Execution time: 9652.503 ms
