Seq Scan on movie_companies mc  (cost=0.00..57926.93 rows=986300 width=0) (actual time=0.019..934.256 rows=1269544 loops=1)
  Filter: ((company_id < 66614) AND (company_type_id < 2))
  Rows Removed by Filter: 1339585
Planning time: 0.246 ms
Execution time: 1099.599 ms
