Nested Loop  (cost=0.43..83071.67 rows=246 width=0) (actual time=22.727..1086.649 rows=83 loops=1)
  ->  Seq Scan on movie_keyword mk  (cost=0.00..81003.12 rows=246 width=4) (actual time=22.635..1083.548 rows=83 loops=1)
        Filter: (keyword_id = 543)
        Rows Removed by Filter: 4523847
  ->  Index Only Scan using title_pkey on title t  (cost=0.43..8.40 rows=1 width=4) (actual time=0.033..0.033 rows=1 loops=83)
        Index Cond: (id = mk.movie_id)
        Heap Fetches: 83
Planning time: 0.650 ms
Execution time: 1086.780 ms
