Seq Scan on cast_info ci  (cost=0.00..796071.18 rows=5187691 width=0) (actual time=857.605..10690.432 rows=3210381 loops=1)
  Filter: ((person_id < 1131833) AND (role_id > 2))
  Rows Removed by Filter: 33033963
Planning time: 1.494 ms
Execution time: 11095.401 ms
