Hash Join  (cost=74267.03..129214.15 rows=28160 width=0) (actual time=866.859..2380.985 rows=170232 loops=1)
  Hash Cond: (mc.movie_id = t.id)
  ->  Seq Scan on movie_companies mc  (cost=0.00..44881.29 rows=2609129 width=4) (actual time=0.025..479.031 rows=2609129 loops=1)
  ->  Hash  (cost=73925.90..73925.90 rows=27290 width=4) (actual time=866.641..866.641 rows=89270 loops=1)
        Buckets: 131072 (originally 32768)  Batches: 2 (originally 1)  Memory Usage: 3073kB
        ->  Seq Scan on title t  (cost=0.00..73925.90 rows=27290 width=4) (actual time=0.019..829.091 rows=89270 loops=1)
              Filter: ((kind_id < 3) AND (production_year < 1921))
              Rows Removed by Filter: 2439042
Planning time: 0.700 ms
Execution time: 2404.385 ms
