Hash Join  (cost=448768.27..614987.02 rows=615237 width=0) (actual time=8257.685..12267.854 rows=4847886 loops=1)
  Hash Cond: (mk.movie_id = t.id)
  ->  Seq Scan on movie_keyword mk  (cost=0.00..81003.12 rows=4360326 width=4) (actual time=0.022..1345.869 rows=4346368 loops=1)
        Filter: (keyword_id > 121)
        Rows Removed by Filter: 177562
  ->  Hash  (cost=442914.61..442914.61 rows=356772 width=8) (actual time=8255.100..8255.100 rows=601390 loops=1)
        Buckets: 131072  Batches: 8  Memory Usage: 3913kB
        ->  Hash Join  (cost=74690.97..442914.61 rows=356772 width=8) (actual time=949.662..8035.272 rows=601390 loops=1)
              Hash Cond: (mi.movie_id = t.id)
              ->  Seq Scan on movie_info mi  (cost=0.00..309384.22 rows=14739122 width=4) (actual time=0.015..2942.421 rows=14835720 loops=1)
              ->  Hash  (cost=73925.90..73925.90 rows=61205 width=4) (actual time=890.932..890.932 rows=61581 loops=1)
                    Buckets: 65536  Batches: 1  Memory Usage: 2677kB
                    ->  Seq Scan on title t  (cost=0.00..73925.90 rows=61205 width=4) (actual time=294.122..868.670 rows=61581 loops=1)
                          Filter: ((production_year > 2011) AND (kind_id = 1))
                          Rows Removed by Filter: 2466731
Planning time: 1.081 ms
Execution time: 12786.678 ms
