Hash Join  (cost=101476.78..188257.81 rows=12299 width=0) (actual time=1446.330..2682.259 rows=78375 loops=1)
  Hash Cond: (mk.movie_id = t.id)
  ->  Seq Scan on movie_keyword mk  (cost=0.00..69693.30 rows=4523930 width=4) (actual time=0.021..572.416 rows=4523930 loops=1)
  ->  Hash  (cost=101390.86..101390.86 rows=6874 width=8) (actual time=1445.943..1445.943 rows=8849 loops=1)
        Buckets: 16384 (originally 8192)  Batches: 1 (originally 1)  Memory Usage: 474kB
        ->  Hash Join  (cost=74393.18..101390.86 rows=6874 width=8) (actual time=1111.767..1441.932 rows=8849 loops=1)
              Hash Cond: (mi_idx.movie_id = t.id)
              ->  Seq Scan on movie_info_idx mi_idx  (cost=0.00..25185.44 rows=464934 width=4) (actual time=0.023..402.961 rows=460185 loops=1)
                    Filter: (info_type_id > 100)
                    Rows Removed by Filter: 919850
              ->  Hash  (cost=73925.90..73925.90 rows=37382 width=4) (actual time=916.400..916.400 rows=33190 loops=1)
                    Buckets: 65536  Batches: 1  Memory Usage: 1679kB
                    ->  Seq Scan on title t  (cost=0.00..73925.90 rows=37382 width=4) (actual time=207.363..902.695 rows=33190 loops=1)
                          Filter: ((kind_id = 1) AND (production_year = 2010))
                          Rows Removed by Filter: 2495122
Planning time: 1.074 ms
Execution time: 2690.559 ms
