Hash Join  (cost=170074.29..677598.87 rows=2597765 width=0) (actual time=2874.245..16169.179 rows=11259759 loops=1)
  Hash Cond: (mi.movie_id = t.id)
  ->  Seq Scan on movie_info mi  (cost=0.00..309384.22 rows=14739122 width=4) (actual time=0.013..4377.155 rows=14835720 loops=1)
  ->  Hash  (cost=162762.64..162762.64 rows=445652 width=8) (actual time=2873.335..2873.335 rows=321420 loops=1)
        Buckets: 131072  Batches: 8  Memory Usage: 2569kB
        ->  Hash Join  (cost=82423.69..162762.64 rows=445652 width=8) (actual time=1491.015..2802.966 rows=321420 loops=1)
              Hash Cond: (mc.movie_id = t.id)
              ->  Seq Scan on movie_companies mc  (cost=0.00..57926.93 rows=1247600 width=4) (actual time=431.815..1085.778 rows=1214780 loops=1)
                    Filter: ((company_id > 6) AND (company_type_id = 1))
                    Rows Removed by Filter: 1394349
              ->  Hash  (cost=67604.59..67604.59 rows=903208 width=4) (actual time=1058.499..1058.499 rows=904491 loops=1)
                    Buckets: 131072  Batches: 16  Memory Usage: 3010kB
                    ->  Seq Scan on title t  (cost=0.00..67604.59 rows=903208 width=4) (actual time=0.031..807.962 rows=904491 loops=1)
                          Filter: (production_year > 2006)
                          Rows Removed by Filter: 1623821
Planning time: 1.109 ms
Execution time: 17397.832 ms
