Hash Join  (cost=160212.76..701949.16 rows=4274670 width=0) (actual time=3162.633..17077.773 rows=8737598 loops=1)
  Hash Cond: (mi.movie_id = t.id)
  ->  Seq Scan on movie_info mi  (cost=0.00..346232.03 rows=12928982 width=4) (actual time=0.021..5740.966 rows=12970088 loops=1)
        Filter: (info_type_id < 18)
        Rows Removed by Filter: 1865632
  ->  Hash  (cost=146496.78..146496.78 rows=835999 width=8) (actual time=3161.330..3161.330 rows=758770 loops=1)
        Buckets: 131072  Batches: 16  Memory Usage: 2886kB
        ->  Hash Join  (cost=92735.26..146496.78 rows=835999 width=8) (actual time=1488.099..2955.231 rows=758770 loops=1)
              Hash Cond: (mi_idx.movie_id = t.id)
              ->  Seq Scan on movie_info_idx mi_idx  (cost=0.00..21735.35 rows=1380035 width=4) (actual time=0.013..406.954 rows=1380035 loops=1)
              ->  Hash  (cost=67604.59..67604.59 rows=1531734 width=4) (actual time=1486.965..1486.965 rows=1531613 loops=1)
                    Buckets: 131072  Batches: 32  Memory Usage: 2708kB
                    ->  Seq Scan on title t  (cost=0.00..67604.59 rows=1531734 width=4) (actual time=0.026..1020.128 rows=1531613 loops=1)
                          Filter: (production_year > 1997)
                          Rows Removed by Filter: 996699
Planning time: 1.183 ms
Execution time: 18088.967 ms
