Hash Join  (cost=190230.21..321533.71 rows=1440082 width=0) (actual time=3992.227..8216.438 rows=6058122 loops=1)
  Hash Cond: (mk.movie_id = t.id)
  ->  Seq Scan on movie_keyword mk  (cost=0.00..81003.12 rows=2638547 width=4) (actual time=0.019..1420.764 rows=2631912 loops=1)
        Filter: (keyword_id < 7194)
        Rows Removed by Filter: 1892018
  ->  Hash  (cost=167588.78..167588.78 rows=1380035 width=8) (actual time=3990.699..3990.699 rows=1380035 loops=1)
        Buckets: 131072  Batches: 32  Memory Usage: 2726kB
        ->  Hash Join  (cost=102767.86..167588.78 rows=1380035 width=8) (actual time=1668.754..3547.687 rows=1380035 loops=1)
              Hash Cond: (mi_idx.movie_id = t.id)
              ->  Seq Scan on movie_info_idx mi_idx  (cost=0.00..21735.35 rows=1380035 width=4) (actual time=0.019..337.108 rows=1380035 loops=1)
              ->  Hash  (cost=61283.27..61283.27 rows=2528527 width=4) (actual time=1666.977..1666.977 rows=2528312 loops=1)
                    Buckets: 131072  Batches: 64  Memory Usage: 2415kB
                    ->  Seq Scan on title t  (cost=0.00..61283.27 rows=2528527 width=4) (actual time=0.044..818.269 rows=2528312 loops=1)
Planning time: 1.083 ms
Execution time: 8901.961 ms
