Hash Join  (cost=847522.46..985343.77 rows=1298427 width=0) (actual time=13735.188..17862.543 rows=3483246 loops=1)
  Hash Cond: (mk.movie_id = t.id)
  ->  Seq Scan on movie_keyword mk  (cost=0.00..69693.30 rows=4523930 width=4) (actual time=0.014..1158.734 rows=4523930 loops=1)
  ->  Hash  (cost=835615.96..835615.96 rows=725720 width=8) (actual time=13734.275..13734.275 rows=773674 loops=1)
        Buckets: 131072  Batches: 16  Memory Usage: 2910kB
        ->  Hash Join  (cost=102767.86..835615.96 rows=725720 width=8) (actual time=9861.562..13494.866 rows=773674 loops=1)
              Hash Cond: (ci.movie_id = t.id)
              ->  Seq Scan on cast_info ci  (cost=0.00..705507.15 rows=725720 width=4) (actual time=7677.907..10315.347 rows=773674 loops=1)
                    Filter: (role_id = 6)
                    Rows Removed by Filter: 35470670
              ->  Hash  (cost=61283.27..61283.27 rows=2528527 width=4) (actual time=2181.764..2181.764 rows=2528312 loops=1)
                    Buckets: 131072  Batches: 64  Memory Usage: 2415kB
                    ->  Seq Scan on title t  (cost=0.00..61283.27 rows=2528527 width=4) (actual time=0.016..845.684 rows=2528312 loops=1)
Planning time: 1.216 ms
Execution time: 18296.293 ms
