Hash Join  (cost=237252.21..1148342.25 rows=5422717 width=0) (actual time=7806.599..29048.090 rows=19266573 loops=1)
  Hash Cond: (ci.movie_id = t.id)
  ->  Seq Scan on cast_info ci  (cost=0.00..705507.15 rows=12726058 width=4) (actual time=2738.497..12220.473 rows=12670688 loops=1)
        Filter: (role_id = 1)
        Rows Removed by Filter: 23573656
  ->  Hash  (cost=219575.29..219575.29 rows=1077434 width=8) (actual time=5067.222..5067.222 rows=1088237 loops=1)
        Buckets: 131072  Batches: 16  Memory Usage: 3741kB
        ->  Hash Join  (cost=102767.86..219575.29 rows=1077434 width=8) (actual time=2298.689..4770.092 rows=1088237 loops=1)
              Hash Cond: (mk.movie_id = t.id)
              ->  Seq Scan on movie_keyword mk  (cost=0.00..81003.12 rows=1077434 width=4) (actual time=0.030..1291.962 rows=1088237 loops=1)
                    Filter: (keyword_id > 16264)
                    Rows Removed by Filter: 3435693
              ->  Hash  (cost=61283.27..61283.27 rows=2528527 width=4) (actual time=2295.643..2295.643 rows=2528312 loops=1)
                    Buckets: 131072  Batches: 64  Memory Usage: 2425kB
                    ->  Seq Scan on title t  (cost=0.00..61283.27 rows=2528527 width=4) (actual time=0.016..822.710 rows=2528312 loops=1)
Planning time: 1.121 ms
Execution time: 31092.458 ms
