Seq Scan on movie_keyword mk  (cost=0.00..81003.12 rows=246 width=0) (actual time=42.372..861.775 rows=47 loops=1)
  Filter: (keyword_id = 11413)
  Rows Removed by Filter: 4523883
Planning time: 0.335 ms
Execution time: 861.887 ms
