Seq Scan on cast_info ci  (cost=0.00..796071.18 rows=20701279 width=0) (actual time=0.026..13660.776 rows=19940414 loops=1)
  Filter: ((person_id > 970616) AND (role_id < 8))
  Rows Removed by Filter: 16303930
Planning time: 13.763 ms
Execution time: 16084.924 ms
