Hash Join  (cost=74213.42..129116.28 rows=23734 width=0) (actual time=797.118..1935.816 rows=40550 loops=1)
  Hash Cond: (mc.movie_id = t.id)
  ->  Seq Scan on movie_companies mc  (cost=0.00..44881.29 rows=2609129 width=4) (actual time=0.008..507.959 rows=2609129 loops=1)
  ->  Hash  (cost=73925.90..73925.90 rows=23001 width=4) (actual time=796.824..796.824 rows=17208 loops=1)
        Buckets: 32768  Batches: 1  Memory Usage: 861kB
        ->  Seq Scan on title t  (cost=0.00..73925.90 rows=23001 width=4) (actual time=0.055..790.108 rows=17208 loops=1)
              Filter: ((kind_id < 4) AND (production_year = 2003))
              Rows Removed by Filter: 2511104
Planning time: 0.521 ms
Execution time: 1942.077 ms
