Seq Scan on movie_keyword mk  (cost=0.00..81003.12 rows=246 width=0) (actual time=0.173..1096.721 rows=607 loops=1)
  Filter: (keyword_id = 3252)
  Rows Removed by Filter: 4523323
Planning time: 0.332 ms
Execution time: 1097.059 ms
