Nested Loop  (cost=0.43..68718.74 rows=520 width=0) (actual time=278.110..785.810 rows=1159 loops=1)
  ->  Seq Scan on movie_companies mc  (cost=0.00..57926.93 rows=1330 width=4) (actual time=278.046..767.091 rows=1166 loops=1)
        Filter: ((company_type_id > 1) AND (company_id = 10583))
        Rows Removed by Filter: 2607963
  ->  Index Scan using title_pkey on title t  (cost=0.43..8.10 rows=1 width=4) (actual time=0.015..0.015 rows=1 loops=1166)
        Index Cond: (id = mc.movie_id)
        Filter: (kind_id < 7)
        Rows Removed by Filter: 0
Planning time: 0.729 ms
Execution time: 786.202 ms
