Hash Join  (cost=549054.81..1995162.54 rows=28441943 width=0) (actual time=10759.485..87370.469 rows=161855063 loops=1)
  Hash Cond: (ci.movie_id = t.id)
  ->  Seq Scan on cast_info ci  (cost=0.00..705507.15 rows=34977420 width=4) (actual time=0.011..13502.303 rows=35088594 loops=1)
        Filter: (person_id > 117739)
        Rows Removed by Filter: 1155750
  ->  Hash  (cost=515321.86..515321.86 rows=2056076 width=8) (actual time=10757.636..10757.636 rows=3258073 loops=1)
        Buckets: 131072 (originally 131072)  Batches: 64 (originally 32)  Memory Usage: 3073kB
        ->  Hash Join  (cost=83810.17..515321.86 rows=2056076 width=8) (actual time=2149.406..9826.813 rows=3258073 loops=1)
              Hash Cond: (mi.movie_id = t.id)
              ->  Seq Scan on movie_info mi  (cost=0.00..346232.03 rows=5263441 width=4) (actual time=824.995..4817.969 rows=5270569 loops=1)
                    Filter: (info_type_id > 15)
                    Rows Removed by Filter: 9565151
              ->  Hash  (cost=67604.59..67604.59 rows=987727 width=4) (actual time=1323.555..1323.555 rows=985048 loops=1)
                    Buckets: 131072  Batches: 16  Memory Usage: 3197kB
                    ->  Seq Scan on title t  (cost=0.00..67604.59 rows=987727 width=4) (actual time=0.023..1001.878 rows=985048 loops=1)
                          Filter: (kind_id < 7)
                          Rows Removed by Filter: 1543264
Planning time: 1.152 ms
Execution time: 105384.251 ms
