Nested Loop  (cost=0.43..58375.18 rows=53 width=0) (actual time=197.589..739.100 rows=5 loops=1)
  ->  Seq Scan on movie_companies mc  (cost=0.00..57926.93 rows=53 width=4) (actual time=197.502..738.794 rows=5 loops=1)
        Filter: ((company_type_id > 1) AND (company_id = 112568))
        Rows Removed by Filter: 2609124
  ->  Index Only Scan using title_pkey on title t  (cost=0.43..8.45 rows=1 width=4) (actual time=0.052..0.053 rows=1 loops=5)
        Index Cond: (id = mc.movie_id)
        Heap Fetches: 5
Planning time: 0.735 ms
Execution time: 739.174 ms
