Hash Join  (cost=69694.50..133765.11 rows=23559 width=0) (actual time=869.200..1714.648 rows=7573 loops=1)
  Hash Cond: (mc.movie_id = t.id)
  ->  Seq Scan on movie_companies mc  (cost=0.00..57926.93 rows=467756 width=4) (actual time=0.022..764.948 rows=158864 loops=1)
        Filter: ((company_id > 18016) AND (company_type_id = 1))
        Rows Removed by Filter: 2450265
  ->  Hash  (cost=67604.59..67604.59 rows=127353 width=4) (actual time=868.272..868.272 rows=128696 loops=1)
        Buckets: 131072  Batches: 2  Memory Usage: 3284kB
        ->  Seq Scan on title t  (cost=0.00..67604.59 rows=127353 width=4) (actual time=0.022..821.668 rows=128696 loops=1)
              Filter: (production_year = 2009)
              Rows Removed by Filter: 2399616
Planning time: 0.776 ms
Execution time: 1716.206 ms
