Hash Join  (cost=197185.40..1077451.39 rows=2562310 width=0) (actual time=6224.514..26777.413 rows=19691468 loops=1)
  Hash Cond: (ci.movie_id = t.id)
  ->  Seq Scan on cast_info ci  (cost=0.00..705507.15 rows=12726058 width=4) (actual time=2440.766..11442.310 rows=12670688 loops=1)
        Filter: (role_id = 1)
        Rows Removed by Filter: 23573656
  ->  Hash  (cost=188832.61..188832.61 rows=509103 width=8) (actual time=3782.875..3782.875 rows=1149318 loops=1)
        Buckets: 131072 (originally 131072)  Batches: 16 (originally 8)  Memory Usage: 3870kB
        ->  Hash Join  (cost=83810.17..188832.61 rows=509103 width=8) (actual time=1220.979..3470.006 rows=1149318 loops=1)
              Hash Cond: (mk.movie_id = t.id)
              ->  Seq Scan on movie_keyword mk  (cost=0.00..81003.12 rows=1303275 width=4) (actual time=0.031..1216.276 rows=1310291 loops=1)
                    Filter: (keyword_id < 1717)
                    Rows Removed by Filter: 3213639
              ->  Hash  (cost=67604.59..67604.59 rows=987727 width=4) (actual time=1220.305..1220.305 rows=985048 loops=1)
                    Buckets: 131072  Batches: 16  Memory Usage: 3197kB
                    ->  Seq Scan on title t  (cost=0.00..67604.59 rows=987727 width=4) (actual time=0.020..902.990 rows=985048 loops=1)
                          Filter: (kind_id < 7)
                          Rows Removed by Filter: 1543264
Planning time: 1.435 ms
Execution time: 29065.059 ms
