Hash Join  (cost=104131.46..955731.73 rows=1907454 width=0) (actual time=1860.562..16649.825 rows=3118499 loops=1)
  Hash Cond: (ci.movie_id = t.id)
  ->  Seq Scan on cast_info ci  (cost=0.00..796071.18 rows=2166309 width=4) (actual time=0.019..12135.326 rows=3628201 loops=1)
        Filter: ((person_id > 1776850) AND (role_id = 10))
        Rows Removed by Filter: 32616143
  ->  Hash  (cost=67604.59..67604.59 rows=2226390 width=4) (actual time=1859.534..1859.534 rows=2224569 loops=1)
        Buckets: 131072  Batches: 32  Memory Usage: 3463kB
        ->  Seq Scan on title t  (cost=0.00..67604.59 rows=2226390 width=4) (actual time=0.011..1149.709 rows=2224569 loops=1)
              Filter: (production_year < 2012)
              Rows Removed by Filter: 303743
Planning time: 2.178 ms
Execution time: 16945.503 ms
