Seq Scan on movie_companies mc  (cost=0.00..57926.93 rows=1246690 width=0) (actual time=0.021..944.326 rows=1296805 loops=1)
  Filter: ((company_id > 31) AND (company_type_id = 2))
  Rows Removed by Filter: 1312324
Planning time: 0.395 ms
Execution time: 1106.980 ms
