Seq Scan on movie_keyword mk  (cost=0.00..81003.12 rows=246 width=0) (actual time=18.486..946.575 rows=117 loops=1)
  Filter: (keyword_id = 16803)
  Rows Removed by Filter: 4523813
Planning time: 0.333 ms
Execution time: 946.734 ms
