Hash Join  (cost=74426.67..172501.78 rows=69205 width=0) (actual time=1674.121..3166.030 rows=8804 loops=1)
  Hash Cond: (mk.movie_id = t.id)
  ->  Seq Scan on movie_keyword mk  (cost=0.00..81003.12 rows=4367984 width=4) (actual time=0.018..1384.960 rows=4370943 loops=1)
        Filter: (keyword_id < 73556)
        Rows Removed by Filter: 152987
  ->  Hash  (cost=73925.90..73925.90 rows=40061 width=4) (actual time=1048.369..1048.369 rows=40120 loops=1)
        Buckets: 65536  Batches: 1  Memory Usage: 1923kB
        ->  Seq Scan on title t  (cost=0.00..73925.90 rows=40061 width=4) (actual time=0.018..1031.427 rows=40120 loops=1)
              Filter: ((kind_id = 7) AND (production_year = 2013))
              Rows Removed by Filter: 2488192
Planning time: 0.657 ms
Execution time: 3167.400 ms
