Hash Join  (cost=92883.59..172432.54 rows=502878 width=0) (actual time=2281.294..2817.677 rows=203494 loops=1)
  Hash Cond: (mc.movie_id = t.id)
  ->  Seq Scan on movie_companies mc  (cost=0.00..57926.93 rows=825247 width=4) (actual time=0.026..891.612 rows=516104 loops=1)
        Filter: ((company_id < 16708) AND (company_type_id = 2))
        Rows Removed by Filter: 2093025
  ->  Hash  (cost=67604.59..67604.59 rows=1540800 width=4) (actual time=1548.563..1548.563 rows=1543264 loops=1)
        Buckets: 131072  Batches: 32  Memory Usage: 2722kB
        ->  Seq Scan on title t  (cost=0.00..67604.59 rows=1540800 width=4) (actual time=0.012..1047.935 rows=1543264 loops=1)
              Filter: (kind_id = 7)
              Rows Removed by Filter: 985048
Planning time: 0.782 ms
Execution time: 2832.373 ms
