Hash Join  (cost=75195.76..128433.75 rows=3944 width=0) (actual time=1166.074..1721.399 rows=1810 loops=1)
  Hash Cond: (mc.movie_id = t.id)
  ->  Seq Scan on movie_companies mc  (cost=0.00..51404.11 rows=128918 width=4) (actual time=0.289..647.711 rows=132152 loops=1)
        Filter: (company_id < 21)
        Rows Removed by Filter: 2476977
  ->  Hash  (cost=73925.90..73925.90 rows=77348 width=4) (actual time=1010.550..1010.550 rows=84109 loops=1)
        Buckets: 131072  Batches: 2  Memory Usage: 2509kB
        ->  Seq Scan on title t  (cost=0.00..73925.90 rows=77348 width=4) (actual time=76.924..980.522 rows=84109 loops=1)
              Filter: ((kind_id = 7) AND (production_year = 2008))
              Rows Removed by Filter: 2444203
Planning time: 0.599 ms
Execution time: 1722.077 ms
