Hash Join  (cost=101515.10..468328.20 rows=15966 width=0) (actual time=2436.213..6156.488 rows=3672 loops=1)
  Hash Cond: (mi.movie_id = t.id)
  ->  Seq Scan on movie_info mi  (cost=0.00..346232.03 rows=5445713 width=4) (actual time=1487.287..4365.873 rows=5410520 loops=1)
        Filter: (info_type_id < 6)
        Rows Removed by Filter: 9425200
  ->  Hash  (cost=101422.44..101422.44 rows=7413 width=8) (actual time=947.898..947.898 rows=2756 loops=1)
        Buckets: 8192  Batches: 1  Memory Usage: 172kB
        ->  Hash Join  (cost=74434.21..101422.44 rows=7413 width=8) (actual time=487.195..946.689 rows=2756 loops=1)
              Hash Cond: (mi_idx.movie_id = t.id)
              ->  Seq Scan on movie_info_idx mi_idx  (cost=0.00..25185.44 rows=460978 width=4) (actual time=0.011..371.190 rows=459925 loops=1)
                    Filter: (info_type_id < 100)
                    Rows Removed by Filter: 920110
              ->  Hash  (cost=73925.90..73925.90 rows=40664 width=4) (actual time=441.104..441.104 rows=40257 loops=1)
                    Buckets: 65536  Batches: 1  Memory Usage: 1928kB
                    ->  Seq Scan on title t  (cost=0.00..73925.90 rows=40664 width=4) (actual time=0.017..430.779 rows=40257 loops=1)
                          Filter: ((production_year > 2012) AND (kind_id = 7))
                          Rows Removed by Filter: 2488055
Planning time: 1.142 ms
Execution time: 6157.312 ms
