Hash Join  (cost=234568.06..1437973.15 rows=16509990 width=0) (actual time=3996.399..33112.460 rows=9717849 loops=1)
  Hash Cond: (ci.movie_id = t.id)
  ->  Seq Scan on cast_info ci  (cost=0.00..614943.12 rows=36225612 width=4) (actual time=0.016..10623.787 rows=36244344 loops=1)
  ->  Hash  (cost=215661.21..215661.21 rows=1152388 width=8) (actual time=3995.486..3995.486 rows=291302 loops=1)
        Buckets: 131072  Batches: 16  Memory Usage: 1750kB
        ->  Hash Join  (cost=92883.59..215661.21 rows=1152388 width=8) (actual time=2821.882..3903.380 rows=291302 loops=1)
              Hash Cond: (mk.movie_id = t.id)
              ->  Seq Scan on movie_keyword mk  (cost=0.00..81003.12 rows=1891124 width=4) (actual time=0.024..1317.924 rows=1896294 loops=1)
                    Filter: (keyword_id > 7138)
                    Rows Removed by Filter: 2627636
              ->  Hash  (cost=67604.59..67604.59 rows=1540800 width=4) (actual time=1377.149..1377.149 rows=1543264 loops=1)
                    Buckets: 131072  Batches: 32  Memory Usage: 2728kB
                    ->  Seq Scan on title t  (cost=0.00..67604.59 rows=1540800 width=4) (actual time=133.124..905.068 rows=1543264 loops=1)
                          Filter: (kind_id = 7)
                          Rows Removed by Filter: 985048
Planning time: 1.197 ms
Execution time: 34260.601 ms
