Seq Scan on movie_keyword mk  (cost=0.00..81003.12 rows=246 width=0) (actual time=0.274..1286.277 rows=3040 loops=1)
  Filter: (keyword_id = 580)
  Rows Removed by Filter: 4520890
Planning time: 0.376 ms
Execution time: 1287.095 ms
