Seq Scan on movie_keyword mk  (cost=0.00..81003.12 rows=1214163 width=0) (actual time=0.028..1046.977 rows=1223095 loops=1)
  Filter: (keyword_id > 14873)
  Rows Removed by Filter: 3300835
Planning time: 0.337 ms
Execution time: 1193.298 ms
