Hash Join  (cost=103159.39..190010.78 rows=19335 width=0) (actual time=1484.581..2516.261 rows=178442 loops=1)
  Hash Cond: (mk.movie_id = t.id)
  ->  Seq Scan on movie_keyword mk  (cost=0.00..69693.30 rows=4523930 width=4) (actual time=0.011..485.180 rows=4523930 loops=1)
  ->  Hash  (cost=103024.30..103024.30 rows=10807 width=8) (actual time=1484.256..1484.256 rows=14662 loops=1)
        Buckets: 16384  Batches: 1  Memory Usage: 701kB
        ->  Hash Join  (cost=74299.17..103024.30 rows=10807 width=8) (actual time=885.362..1479.003 rows=14662 loops=1)
              Hash Cond: (mi_idx.movie_id = t.id)
              ->  Seq Scan on movie_info_idx mi_idx  (cost=0.00..25185.44 rows=915101 width=4) (actual time=0.011..415.896 rows=919850 loops=1)
                    Filter: (info_type_id < 101)
                    Rows Removed by Filter: 460185
              ->  Hash  (cost=73925.90..73925.90 rows=29861 width=4) (actual time=885.158..885.158 rows=17772 loops=1)
                    Buckets: 32768  Batches: 1  Memory Usage: 881kB
                    ->  Seq Scan on title t  (cost=0.00..73925.90 rows=29861 width=4) (actual time=0.034..878.092 rows=17772 loops=1)
                          Filter: ((kind_id = 1) AND (production_year = 2007))
                          Rows Removed by Filter: 2510540
Planning time: 1.110 ms
Execution time: 2531.455 ms
