Seq Scan on cast_info ci  (cost=0.00..705507.15 rows=13980577 width=0) (actual time=3.686..8245.295 rows=13954213 loops=1)
  Filter: (person_id < 1375355)
  Rows Removed by Filter: 22290131
Planning time: 0.327 ms
Execution time: 9785.920 ms
