Hash Join  (cost=125243.55..213217.28 rows=18019 width=0) (actual time=1888.399..3327.724 rows=117947 loops=1)
  Hash Cond: (mk.movie_id = t.id)
  ->  Seq Scan on movie_keyword mk  (cost=0.00..81003.12 rows=1810779 width=4) (actual time=0.023..1120.279 rows=1810579 loops=1)
        Filter: (keyword_id > 7663)
        Rows Removed by Filter: 2713351
  ->  Hash  (cost=124929.03..124929.03 rows=25161 width=8) (actual time=1888.036..1888.036 rows=19627 loops=1)
        Buckets: 32768  Batches: 1  Memory Usage: 1023kB
        ->  Hash Join  (cost=68191.41..124929.03 rows=25161 width=8) (actual time=763.156..1879.819 rows=19627 loops=1)
              Hash Cond: (mc.movie_id = t.id)
              ->  Seq Scan on movie_companies mc  (cost=0.00..51404.11 rows=1355173 width=4) (actual time=0.032..762.082 rows=1364807 loops=1)
                    Filter: (company_id > 11147)
                    Rows Removed by Filter: 1244322
              ->  Hash  (cost=67604.59..67604.59 rows=46946 width=4) (actual time=762.719..762.719 rows=46583 loops=1)
                    Buckets: 65536  Batches: 1  Memory Usage: 2150kB
                    ->  Seq Scan on title t  (cost=0.00..67604.59 rows=46946 width=4) (actual time=0.054..743.598 rows=46583 loops=1)
                          Filter: (production_year = 1998)
                          Rows Removed by Filter: 2481729
Planning time: 1.300 ms
Execution time: 3342.674 ms
