Seq Scan on cast_info ci  (cost=0.00..796071.18 rows=13493353 width=0) (actual time=961.016..12921.181 rows=11657840 loops=1)
  Filter: ((person_id > 1151970) AND (role_id < 3))
  Rows Removed by Filter: 24586504
Planning time: 0.390 ms
Execution time: 14349.688 ms
