Hash Join  (cost=480976.28..566383.87 rows=751306 width=0) (actual time=8615.554..10499.127 rows=546633 loops=1)
  Hash Cond: (mc.movie_id = t.id)
  ->  Seq Scan on movie_companies mc  (cost=0.00..44881.29 rows=2609129 width=4) (actual time=0.013..744.091 rows=2609129 loops=1)
  ->  Hash  (cost=469030.06..469030.06 rows=728097 width=8) (actual time=8582.054..8582.054 rows=230006 loops=1)
        Buckets: 131072  Batches: 16  Memory Usage: 1580kB
        ->  Hash Join  (cost=90606.68..469030.06 rows=728097 width=8) (actual time=1596.804..8508.840 rows=230006 loops=1)
              Hash Cond: (mi.movie_id = t.id)
              ->  Seq Scan on movie_info mi  (cost=0.00..346232.03 rows=1810770 width=4) (actual time=200.425..4437.942 rows=1865632 loops=1)
                    Filter: (info_type_id > 17)
                    Rows Removed by Filter: 12970088
              ->  Hash  (cost=73925.90..73925.90 rows=1016702 width=4) (actual time=1337.754..1337.754 rows=960113 loops=1)
                    Buckets: 131072  Batches: 16  Memory Usage: 3141kB
                    ->  Seq Scan on title t  (cost=0.00..73925.90 rows=1016702 width=4) (actual time=0.025..1041.440 rows=960113 loops=1)
                          Filter: ((production_year < 2008) AND (kind_id = 7))
                          Rows Removed by Filter: 1568199
Planning time: 1.150 ms
Execution time: 10552.382 ms
