Nested Loop  (cost=0.43..121701.40 rows=10958 width=0) (actual time=1.071..781.725 rows=10667 loops=1)
  ->  Seq Scan on movie_companies mc  (cost=0.00..51404.11 rows=10958 width=4) (actual time=0.996..645.159 rows=10667 loops=1)
        Filter: (company_id = 11)
        Rows Removed by Filter: 2598462
  ->  Index Only Scan using title_pkey on title t  (cost=0.43..6.41 rows=1 width=4) (actual time=0.012..0.012 rows=1 loops=10667)
        Index Cond: (id = mc.movie_id)
        Heap Fetches: 10667
Planning time: 0.751 ms
Execution time: 784.213 ms
