Hash Join  (cost=141508.10..629233.73 rows=742171 width=0) (actual time=2399.249..15123.251 rows=6141711 loops=1)
  Hash Cond: (mi.movie_id = t.id)
  ->  Seq Scan on movie_info mi  (cost=0.00..309384.22 rows=14739122 width=4) (actual time=0.009..4456.730 rows=14835720 loops=1)
  ->  Hash  (cost=139418.58..139418.58 rows=127321 width=8) (actual time=2398.421..2398.421 rows=306559 loops=1)
        Buckets: 131072 (originally 131072)  Batches: 4 (originally 2)  Memory Usage: 4027kB
        ->  Hash Join  (cost=78556.72..139418.58 rows=127321 width=8) (actual time=1539.214..2285.953 rows=306559 loops=1)
              Hash Cond: (mc.movie_id = t.id)
              ->  Seq Scan on movie_companies mc  (cost=0.00..51404.11 rows=482276 width=4) (actual time=299.680..734.445 rows=485748 loops=1)
                    Filter: (company_id > 74937)
                    Rows Removed by Filter: 2123381
              ->  Hash  (cost=67604.59..67604.59 rows=667531 width=4) (actual time=1079.094..1079.094 rows=662825 loops=1)
                    Buckets: 131072  Batches: 16  Memory Usage: 2476kB
                    ->  Seq Scan on title t  (cost=0.00..67604.59 rows=667531 width=4) (actual time=0.029..871.591 rows=662825 loops=1)
                          Filter: (kind_id = 1)
                          Rows Removed by Filter: 1865487
Planning time: 1.230 ms
Execution time: 15850.980 ms
