Seq Scan on movie_keyword mk  (cost=0.00..81003.12 rows=246 width=0) (actual time=17.846..1076.657 rows=41 loops=1)
  Filter: (keyword_id = 30974)
  Rows Removed by Filter: 4523889
Planning time: 0.380 ms
Execution time: 1076.804 ms
