Hash Join  (cost=74626.76..137450.60 rows=27339 width=0) (actual time=897.353..2095.163 rows=25559 loops=1)
  Hash Cond: (mc.movie_id = t.id)
  ->  Seq Scan on movie_companies mc  (cost=0.00..57926.93 rows=1232939 width=4) (actual time=0.029..900.108 rows=1274246 loops=1)
        Filter: ((company_id < 160293) AND (company_type_id = 1))
        Rows Removed by Filter: 1334883
  ->  Hash  (cost=73925.90..73925.90 rows=56068 width=4) (actual time=896.949..896.949 rows=48342 loops=1)
        Buckets: 65536  Batches: 1  Memory Usage: 2212kB
        ->  Seq Scan on title t  (cost=0.00..73925.90 rows=56068 width=4) (actual time=0.056..877.223 rows=48342 loops=1)
              Filter: ((kind_id < 4) AND (production_year = 2012))
              Rows Removed by Filter: 2479970
Planning time: 0.918 ms
Execution time: 2099.165 ms
