Hash Join  (cost=430901.43..1184143.20 rows=245259 width=0) (actual time=6213.832..20658.991 rows=994516 loops=1)
  Hash Cond: (ci.movie_id = t.id)
  ->  Seq Scan on cast_info ci  (cost=0.00..614943.12 rows=36225612 width=4) (actual time=0.010..6662.110 rows=36244344 loops=1)
  ->  Hash  (cost=430687.45..430687.45 rows=17119 width=8) (actual time=6213.555..6213.555 rows=8018 loops=1)
        Buckets: 32768  Batches: 1  Memory Usage: 570kB
        ->  Hash Join  (cost=80562.70..430687.45 rows=17119 width=8) (actual time=5560.522..6210.863 rows=8018 loops=1)
              Hash Cond: (mi.movie_id = t.id)
              ->  Seq Scan on movie_info mi  (cost=0.00..346232.03 rows=54808 width=4) (actual time=3580.926..4246.898 rows=50267 loops=1)
                    Filter: (info_type_id > 107)
                    Rows Removed by Filter: 14785453
              ->  Hash  (cost=67604.59..67604.59 rows=789769 width=4) (actual time=1824.306..1824.306 rows=784926 loops=1)
                    Buckets: 131072  Batches: 16  Memory Usage: 2755kB
                    ->  Seq Scan on title t  (cost=0.00..67604.59 rows=789769 width=4) (actual time=0.024..857.765 rows=784926 loops=1)
                          Filter: (production_year > 2007)
                          Rows Removed by Filter: 1743386
Planning time: 0.747 ms
Execution time: 20786.013 ms
