Seq Scan on movie_keyword mk  (cost=0.00..81003.12 rows=1404386 width=0) (actual time=0.027..1013.514 rows=1421831 loops=1)
  Filter: (keyword_id < 1957)
  Rows Removed by Filter: 3102099
Planning time: 0.285 ms
Execution time: 1168.993 ms
