Seq Scan on title t  (cost=0.00..73925.90 rows=244987 width=0) (actual time=0.022..669.602 rows=137824 loops=1)
  Filter: ((production_year < 1972) AND (kind_id = 7))
  Rows Removed by Filter: 2390488
Planning time: 0.392 ms
Execution time: 685.366 ms
