Hash Join  (cost=183558.47..710030.17 rows=4373477 width=0) (actual time=3930.366..15046.303 rows=2712847 loops=1)
  Hash Cond: (mi.movie_id = t.id)
  ->  Seq Scan on movie_info mi  (cost=0.00..309384.22 rows=14739122 width=4) (actual time=0.009..4782.071 rows=14835720 loops=1)
  ->  Hash  (cost=171248.98..171248.98 rows=750279 width=8) (actual time=3858.516..3858.516 rows=304151 loops=1)
        Buckets: 131072  Batches: 16  Memory Usage: 1755kB
        ->  Hash Join  (cost=85855.67..171248.98 rows=750279 width=8) (actual time=1353.906..3772.603 rows=304151 loops=1)
              Hash Cond: (mc.movie_id = t.id)
              ->  Seq Scan on movie_companies mc  (cost=0.00..44881.29 rows=2609129 width=4) (actual time=0.013..755.288 rows=2609129 loops=1)
              ->  Hash  (cost=73925.90..73925.90 rows=727101 width=4) (actual time=1343.125..1343.125 rows=796159 loops=1)
                    Buckets: 131072  Batches: 16  Memory Usage: 2780kB
                    ->  Seq Scan on title t  (cost=0.00..73925.90 rows=727101 width=4) (actual time=0.018..1107.593 rows=796159 loops=1)
                          Filter: ((production_year > 2003) AND (kind_id = 7))
                          Rows Removed by Filter: 1732153
Planning time: 1.333 ms
Execution time: 15294.012 ms
