Hash Join  (cost=832448.80..1569398.12 rows=1652466 width=0) (actual time=16273.694..29511.969 rows=9134780 loops=1)
  Hash Cond: (mi.movie_id = t.id)
  ->  Seq Scan on movie_info mi  (cost=0.00..309384.22 rows=14739122 width=4) (actual time=0.011..4543.052 rows=14835720 loops=1)
  ->  Hash  (cost=827797.25..827797.25 rows=283484 width=8) (actual time=16271.713..16271.713 rows=274380 loops=1)
        Buckets: 131072  Batches: 4  Memory Usage: 3665kB
        ->  Hash Join  (cost=74173.24..827797.25 rows=283484 width=8) (actual time=893.422..15839.481 rows=274380 loops=1)
              Hash Cond: (ci.movie_id = t.id)
              ->  Seq Scan on cast_info ci  (cost=0.00..614943.12 rows=36225612 width=4) (actual time=0.020..6471.281 rows=36244344 loops=1)
              ->  Hash  (cost=73925.90..73925.90 rows=19787 width=4) (actual time=892.907..892.907 rows=15791 loops=1)
                    Buckets: 32768  Batches: 1  Memory Usage: 812kB
                    ->  Seq Scan on title t  (cost=0.00..73925.90 rows=19787 width=4) (actual time=0.133..886.067 rows=15791 loops=1)
                          Filter: ((kind_id < 7) AND (production_year = 1999))
                          Rows Removed by Filter: 2512521
Planning time: 1.204 ms
Execution time: 30672.418 ms
