Hash Join  (cost=251004.91..718717.05 rows=3594456 width=0) (actual time=4972.851..13957.617 rows=4677043 loops=1)
  Hash Cond: (mi.movie_id = t.id)
  ->  Seq Scan on movie_info mi  (cost=0.00..346232.03 rows=6231111 width=4) (actual time=0.034..5080.973 rows=6223494 loops=1)
        Filter: (info_type_id > 8)
        Rows Removed by Filter: 8612226
  ->  Hash  (cost=227074.45..227074.45 rows=1458597 width=8) (actual time=4970.546..4970.546 rows=658824 loops=1)
        Buckets: 131072  Batches: 32  Memory Usage: 1846kB
        ->  Hash Join  (cost=87301.44..227074.45 rows=1458597 width=8) (actual time=1437.594..4775.142 rows=658824 loops=1)
              Hash Cond: (mk.movie_id = t.id)
              ->  Seq Scan on movie_keyword mk  (cost=0.00..69693.30 rows=4523930 width=4) (actual time=0.014..1190.084 rows=4523930 loops=1)
              ->  Hash  (cost=73925.90..73925.90 rows=815243 width=4) (actual time=1436.630..1436.630 rows=876186 loops=1)
                    Buckets: 131072  Batches: 16  Memory Usage: 2961kB
                    ->  Seq Scan on title t  (cost=0.00..73925.90 rows=815243 width=4) (actual time=0.019..1146.989 rows=876186 loops=1)
                          Filter: ((kind_id > 1) AND (production_year > 2004))
                          Rows Removed by Filter: 1652126
Planning time: 1.195 ms
Execution time: 14471.391 ms
