Hash Join  (cost=74651.01..130430.09 rows=25222 width=0) (actual time=971.102..1996.094 rows=62018 loops=1)
  Hash Cond: (mc.movie_id = t.id)
  ->  Seq Scan on movie_companies mc  (cost=0.00..51404.11 rows=1099401 width=4) (actual time=0.015..748.682 rows=1091652 loops=1)
        Filter: (company_id < 7304)
        Rows Removed by Filter: 1517477
  ->  Hash  (cost=73925.90..73925.90 rows=58008 width=4) (actual time=970.727..970.727 rows=46559 loops=1)
        Buckets: 65536  Batches: 1  Memory Usage: 2149kB
        ->  Seq Scan on title t  (cost=0.00..73925.90 rows=58008 width=4) (actual time=0.012..953.729 rows=46559 loops=1)
              Filter: ((production_year > 1999) AND (kind_id = 3))
              Rows Removed by Filter: 2481753
Planning time: 0.774 ms
Execution time: 2005.245 ms
