Hash Join  (cost=75574.02..171473.01 rows=48154 width=0) (actual time=2047.820..2485.728 rows=6218 loops=1)
  Hash Cond: (mk.movie_id = t.id)
  ->  Seq Scan on movie_keyword mk  (cost=0.00..81003.12 rows=1212621 width=4) (actual time=0.019..1228.924 rows=1216095 loops=1)
        Filter: (keyword_id < 1532)
        Rows Removed by Filter: 3307835
  ->  Hash  (cost=73925.90..73925.90 rows=100409 width=4) (actual time=856.927..856.927 rows=110402 loops=1)
        Buckets: 131072  Batches: 2  Memory Usage: 2970kB
        ->  Seq Scan on title t  (cost=0.00..73925.90 rows=100409 width=4) (actual time=0.022..822.124 rows=110402 loops=1)
              Filter: ((kind_id = 7) AND (production_year = 2012))
              Rows Removed by Filter: 2417910
Planning time: 0.735 ms
Execution time: 2486.483 ms
