Seq Scan on movie_companies mc  (cost=0.00..57926.93 rows=949362 width=0) (actual time=259.058..1226.871 rows=1246237 loops=1)
  Filter: ((company_id < 49022) AND (company_type_id = 1))
  Rows Removed by Filter: 1362892
Planning time: 0.329 ms
Execution time: 1382.101 ms
