Seq Scan on movie_companies mc  (cost=0.00..57926.93 rows=39885 width=0) (actual time=0.126..702.615 rows=16546 loops=1)
  Filter: ((company_id < 12) AND (company_type_id = 2))
  Rows Removed by Filter: 2592583
Planning time: 0.339 ms
Execution time: 705.088 ms
