Hash Join  (cost=157091.93..647849.26 rows=1026341 width=0) (actual time=2881.991..13924.799 rows=596710 loops=1)
  Hash Cond: (mi.movie_id = t.id)
  ->  Seq Scan on movie_info mi  (cost=0.00..309384.22 rows=14739122 width=4) (actual time=0.012..4926.088 rows=14835720 loops=1)
  ->  Hash  (cost=154203.04..154203.04 rows=176071 width=8) (actual time=2880.850..2880.850 rows=92024 loops=1)
        Buckets: 131072  Batches: 4  Memory Usage: 1947kB
        ->  Hash Join  (cost=76725.80..154203.04 rows=176071 width=8) (actual time=950.610..2846.090 rows=92024 loops=1)
              Hash Cond: (mc.movie_id = t.id)
              ->  Seq Scan on movie_companies mc  (cost=0.00..44881.29 rows=2609129 width=4) (actual time=0.014..776.301 rows=2609129 loops=1)
              ->  Hash  (cost=73925.90..73925.90 rows=170632 width=4) (actual time=949.835..949.835 rows=170068 loops=1)
                    Buckets: 131072  Batches: 4  Memory Usage: 2534kB
                    ->  Seq Scan on title t  (cost=0.00..73925.90 rows=170632 width=4) (actual time=0.024..895.488 rows=170068 loops=1)
                          Filter: ((kind_id > 1) AND (production_year > 2011))
                          Rows Removed by Filter: 2358244
Planning time: 1.197 ms
Execution time: 14006.473 ms
