Hash Join  (cost=73982.55..438902.66 rows=26418 width=0) (actual time=1054.678..7181.415 rows=41255 loops=1)
  Hash Cond: (mi.movie_id = t.id)
  ->  Seq Scan on movie_info mi  (cost=0.00..309384.22 rows=14739122 width=4) (actual time=0.019..3093.013 rows=14835720 loops=1)
  ->  Hash  (cost=73925.90..73925.90 rows=4532 width=4) (actual time=973.837..973.837 rows=8420 loops=1)
        Buckets: 16384 (originally 8192)  Batches: 1 (originally 1)  Memory Usage: 425kB
        ->  Seq Scan on title t  (cost=0.00..73925.90 rows=4532 width=4) (actual time=0.071..969.732 rows=8420 loops=1)
              Filter: ((kind_id = 7) AND (production_year = 1966))
              Rows Removed by Filter: 2519892
Planning time: 0.782 ms
Execution time: 7187.335 ms
