Hash Join  (cost=102767.86..206212.17 rows=522042 width=0) (actual time=1830.002..3923.519 rows=518241 loops=1)
  Hash Cond: (mk.movie_id = t.id)
  ->  Seq Scan on movie_keyword mk  (cost=0.00..81003.12 rows=522042 width=4) (actual time=0.014..1289.906 rows=518241 loops=1)
        Filter: (keyword_id < 381)
        Rows Removed by Filter: 4005689
  ->  Hash  (cost=61283.27..61283.27 rows=2528527 width=4) (actual time=1827.667..1827.667 rows=2528312 loops=1)
        Buckets: 131072  Batches: 64  Memory Usage: 2425kB
        ->  Seq Scan on title t  (cost=0.00..61283.27 rows=2528527 width=4) (actual time=0.015..985.082 rows=2528312 loops=1)
Planning time: 3.381 ms
Execution time: 3984.326 ms
