Hash Join  (cost=52284.99..416946.98 rows=606 width=0) (actual time=687.472..5681.392 rows=70 loops=1)
  Hash Cond: (mi.movie_id = t.id)
  ->  Seq Scan on movie_info mi  (cost=0.00..309384.22 rows=14739122 width=4) (actual time=0.022..2707.754 rows=14835720 loops=1)
  ->  Hash  (cost=52283.69..52283.69 rows=104 width=8) (actual time=651.835..651.835 rows=7 loops=1)
        Buckets: 1024  Batches: 1  Memory Usage: 9kB
        ->  Nested Loop  (cost=0.43..52283.69 rows=104 width=8) (actual time=49.015..651.820 rows=7 loops=1)
              ->  Seq Scan on movie_companies mc  (cost=0.00..51404.11 rows=104 width=4) (actual time=48.922..651.463 rows=7 loops=1)
                    Filter: (company_id = 18124)
                    Rows Removed by Filter: 2609122
              ->  Index Only Scan using title_pkey on title t  (cost=0.43..8.45 rows=1 width=4) (actual time=0.040..0.041 rows=1 loops=7)
                    Index Cond: (id = mc.movie_id)
                    Heap Fetches: 7
Planning time: 1.150 ms
Execution time: 5681.522 ms
