Hash Join  (cost=130890.44..219963.62 rows=52828 width=0) (actual time=2087.581..3749.759 rows=262516 loops=1)
  Hash Cond: (mk.movie_id = t.id)
  ->  Seq Scan on movie_keyword mk  (cost=0.00..81003.12 rows=2011140 width=4) (actual time=0.009..1244.156 rows=2015845 loops=1)
        Filter: (keyword_id < 3600)
        Rows Removed by Filter: 2508085
  ->  Hash  (cost=130060.21..130060.21 rows=66419 width=8) (actual time=2086.848..2086.848 rows=68954 loops=1)
        Buckets: 131072  Batches: 1  Memory Usage: 3718kB
        ->  Hash Join  (cost=74730.49..130060.21 rows=66419 width=8) (actual time=904.086..2058.286 rows=68954 loops=1)
              Hash Cond: (mc.movie_id = t.id)
              ->  Seq Scan on movie_companies mc  (cost=0.00..44881.29 rows=2609129 width=4) (actual time=0.014..436.090 rows=2609129 loops=1)
              ->  Hash  (cost=73925.90..73925.90 rows=64367 width=4) (actual time=903.743..903.743 rows=53905 loops=1)
                    Buckets: 65536  Batches: 1  Memory Usage: 2408kB
                    ->  Seq Scan on title t  (cost=0.00..73925.90 rows=64367 width=4) (actual time=0.130..881.375 rows=53905 loops=1)
                          Filter: ((kind_id < 7) AND (production_year = 2012))
                          Rows Removed by Filter: 2474407
Planning time: 1.096 ms
Execution time: 3784.709 ms
