Hash Join  (cost=458826.33..1535105.40 rows=4134796 width=0) (actual time=6381.710..31563.846 rows=2184418 loops=1)
  Hash Cond: (ci.movie_id = t.id)
  ->  Seq Scan on cast_info ci  (cost=0.00..614943.12 rows=36225612 width=4) (actual time=0.013..10939.920 rows=36244344 loops=1)
  ->  Hash  (cost=454090.76..454090.76 rows=288606 width=8) (actual time=6380.869..6380.869 rows=57988 loops=1)
        Buckets: 131072  Batches: 4  Memory Usage: 1581kB
        ->  Hash Join  (cost=92883.59..454090.76 rows=288606 width=8) (actual time=3921.316..6365.296 rows=57988 loops=1)
              Hash Cond: (mi.movie_id = t.id)
              ->  Seq Scan on movie_info mi  (cost=0.00..346232.03 rows=473617 width=4) (actual time=2358.156..4352.392 rows=486554 loops=1)
                    Filter: (info_type_id = 5)
                    Rows Removed by Filter: 14349166
              ->  Hash  (cost=67604.59..67604.59 rows=1540800 width=4) (actual time=1562.127..1562.127 rows=1543264 loops=1)
                    Buckets: 131072  Batches: 32  Memory Usage: 2728kB
                    ->  Seq Scan on title t  (cost=0.00..67604.59 rows=1540800 width=4) (actual time=0.042..1063.669 rows=1543264 loops=1)
                          Filter: (kind_id = 7)
                          Rows Removed by Filter: 985048
Planning time: 2.717 ms
Execution time: 31822.623 ms
