Hash Join  (cost=92883.59..928126.18 rows=1068506 width=0) (actual time=1574.017..11418.282 rows=842 loops=1)
  Hash Cond: (ci.movie_id = t.id)
  ->  Seq Scan on cast_info ci  (cost=0.00..796071.18 rows=1753470 width=4) (actual time=3.504..9604.709 rows=1548 loops=1)
        Filter: ((person_id < 844143) AND (role_id = 2))
        Rows Removed by Filter: 36242796
  ->  Hash  (cost=67604.59..67604.59 rows=1540800 width=4) (actual time=1554.117..1554.117 rows=1543264 loops=1)
        Buckets: 131072  Batches: 32  Memory Usage: 2722kB
        ->  Seq Scan on title t  (cost=0.00..67604.59 rows=1540800 width=4) (actual time=0.019..1064.253 rows=1543264 loops=1)
              Filter: (kind_id = 7)
              Rows Removed by Filter: 985048
Planning time: 0.760 ms
Execution time: 11418.525 ms
