Hash Join  (cost=279314.85..790072.17 rows=6319262 width=0) (actual time=5468.194..13911.743 rows=1580096 loops=1)
  Hash Cond: (mi.movie_id = t.id)
  ->  Seq Scan on movie_info mi  (cost=0.00..346232.03 rows=7235534 width=4) (actual time=155.082..4939.958 rows=7286865 loops=1)
        Filter: (info_type_id < 8)
        Rows Removed by Filter: 7548855
  ->  Hash  (cost=243083.76..243083.76 rows=2208327 width=8) (actual time=5309.774..5309.774 rows=547132 loops=1)
        Buckets: 131072  Batches: 32  Memory Usage: 1706kB
        ->  Hash Join  (cost=94176.46..243083.76 rows=2208327 width=8) (actual time=2534.065..5145.128 rows=547132 loops=1)
              Hash Cond: (mk.movie_id = t.id)
              ->  Seq Scan on movie_keyword mk  (cost=0.00..69693.30 rows=4523930 width=4) (actual time=0.027..1194.413 rows=4523930 loops=1)
              ->  Hash  (cost=73925.90..73925.90 rows=1234284 width=4) (actual time=1542.914..1542.914 rows=1316754 loops=1)
                    Buckets: 131072  Batches: 32  Memory Usage: 2482kB
                    ->  Seq Scan on title t  (cost=0.00..73925.90 rows=1234284 width=4) (actual time=0.022..1097.713 rows=1316754 loops=1)
                          Filter: ((production_year > 1974) AND (kind_id = 7))
                          Rows Removed by Filter: 1211558
Planning time: 1.080 ms
Execution time: 14095.939 ms
