Seq Scan on cast_info ci  (cost=0.00..796071.18 rows=28055898 width=0) (actual time=0.020..14684.329 rows=27907275 loops=1)
  Filter: ((person_id > 265071) AND (role_id < 9))
  Rows Removed by Filter: 8337069
Planning time: 6.150 ms
Execution time: 18128.844 ms
