Hash Join  (cost=334560.15..1744270.71 rows=34167863 width=0) (actual time=7531.198..57611.995 rows=115824204 loops=1)
  Hash Cond: (ci.movie_id = t.id)
  ->  Seq Scan on cast_info ci  (cost=0.00..705507.15 rows=24812284 width=4) (actual time=0.017..12393.153 rows=24837979 loops=1)
        Filter: (person_id < 2558551)
        Rows Removed by Filter: 11406365
  ->  Hash  (cost=277434.17..277434.17 rows=3481919 width=8) (actual time=7528.757..7528.757 rows=3481153 loops=1)
        Buckets: 131072  Batches: 64  Memory Usage: 3171kB
        ->  Hash Join  (cost=102767.86..277434.17 rows=3481919 width=8) (actual time=2250.429..6563.905 rows=3481153 loops=1)
              Hash Cond: (mk.movie_id = t.id)
              ->  Seq Scan on movie_keyword mk  (cost=0.00..81003.12 rows=3481919 width=4) (actual time=0.020..1448.819 rows=3481153 loops=1)
                    Filter: (keyword_id > 1037)
                    Rows Removed by Filter: 1042777
              ->  Hash  (cost=61283.27..61283.27 rows=2528527 width=4) (actual time=2247.985..2247.985 rows=2528312 loops=1)
                    Buckets: 131072  Batches: 64  Memory Usage: 2425kB
                    ->  Seq Scan on title t  (cost=0.00..61283.27 rows=2528527 width=4) (actual time=0.023..776.459 rows=2528312 loops=1)
Planning time: 1.184 ms
Execution time: 69653.824 ms
