Hash Join  (cost=97651.38..204030.46 rows=652839 width=0) (actual time=1750.238..3878.703 rows=398463 loops=1)
  Hash Cond: (mk.movie_id = t.id)
  ->  Seq Scan on movie_keyword mk  (cost=0.00..81003.12 rows=1141484 width=4) (actual time=0.025..1191.935 rows=1149603 loops=1)
        Filter: (keyword_id > 16191)
        Rows Removed by Filter: 3374327
  ->  Hash  (cost=73925.90..73925.90 rows=1446118 width=4) (actual time=1748.617..1748.617 rows=1571232 loops=1)
        Buckets: 131072  Batches: 32  Memory Usage: 2767kB
        ->  Seq Scan on title t  (cost=0.00..73925.90 rows=1446118 width=4) (actual time=0.013..1222.023 rows=1571232 loops=1)
              Filter: ((kind_id > 1) AND (production_year > 1978))
              Rows Removed by Filter: 957080
Planning time: 0.760 ms
Execution time: 3940.112 ms
