Hash Join  (cost=175950.99..559657.76 rows=193856 width=0) (actual time=2761.701..9658.363 rows=244025 loops=1)
  Hash Cond: (mi.movie_id = t.id)
  ->  Seq Scan on movie_info mi  (cost=0.00..346232.03 rows=9476311 width=4) (actual time=0.028..4966.689 rows=9565151 loops=1)
        Filter: (info_type_id < 16)
        Rows Removed by Filter: 5270569
  ->  Hash  (cost=175304.42..175304.42 rows=51726 width=8) (actual time=2761.201..2761.201 rows=29564 loops=1)
        Buckets: 65536  Batches: 1  Memory Usage: 1667kB
        ->  Hash Join  (cost=75292.52..175304.42 rows=51726 width=8) (actual time=961.283..2749.885 rows=29564 loops=1)
              Hash Cond: (mk.movie_id = t.id)
              ->  Seq Scan on movie_keyword mk  (cost=0.00..81003.12 rows=1571071 width=4) (actual time=0.026..1252.323 rows=1579612 loops=1)
                    Filter: (keyword_id < 2396)
                    Rows Removed by Filter: 2944318
              ->  Hash  (cost=73925.90..73925.90 rows=83249 width=4) (actual time=959.446..959.446 rows=101793 loops=1)
                    Buckets: 131072  Batches: 2  Memory Usage: 2809kB
                    ->  Seq Scan on title t  (cost=0.00..73925.90 rows=83249 width=4) (actual time=0.024..918.280 rows=101793 loops=1)
                          Filter: ((kind_id > 1) AND (production_year = 2007))
                          Rows Removed by Filter: 2426519
Planning time: 3.091 ms
Execution time: 9692.706 ms
