Nested Loop  (cost=0.43..83072.29 rows=6 width=0) (actual time=269.626..1087.944 rows=8 loops=1)
  ->  Seq Scan on movie_keyword mk  (cost=0.00..81003.12 rows=246 width=4) (actual time=0.548..1064.860 rows=1409 loops=1)
        Filter: (keyword_id = 868)
        Rows Removed by Filter: 4522521
  ->  Index Scan using title_pkey on title t  (cost=0.43..8.40 rows=1 width=4) (actual time=0.016..0.016 rows=0 loops=1409)
        Index Cond: (id = mk.movie_id)
        Filter: (production_year > 2012)
        Rows Removed by Filter: 1
Planning time: 0.791 ms
Execution time: 1088.052 ms
