Hash Join  (cost=244144.40..400758.47 rows=2669925 width=0) (actual time=5327.905..14743.794 rows=23520336 loops=1)
  Hash Cond: (mk.movie_id = t.id)
  ->  Seq Scan on movie_keyword mk  (cost=0.00..81003.12 rows=3167738 width=4) (actual time=0.034..1471.908 rows=3149104 loops=1)
        Filter: (keyword_id > 1809)
        Rows Removed by Filter: 1374826
  ->  Hash  (cost=209179.82..209179.82 rows=2131167 width=8) (actual time=5326.794..5326.794 rows=2289918 loops=1)
        Buckets: 131072  Batches: 32  Memory Usage: 3870kB
        ->  Hash Join  (cost=101489.21..209179.82 rows=2131167 width=8) (actual time=1414.709..4703.324 rows=2289918 loops=1)
              Hash Cond: (mc.movie_id = t.id)
              ->  Seq Scan on movie_companies mc  (cost=0.00..44881.29 rows=2609129 width=4) (actual time=0.026..597.210 rows=2609129 loops=1)
              ->  Hash  (cost=67604.59..67604.59 rows=2065330 width=4) (actual time=1413.557..1413.557 rows=2064552 loops=1)
                    Buckets: 131072  Batches: 32  Memory Usage: 3289kB
                    ->  Seq Scan on title t  (cost=0.00..67604.59 rows=2065330 width=4) (actual time=0.022..878.843 rows=2064552 loops=1)
                          Filter: (production_year < 2011)
                          Rows Removed by Filter: 463760
Planning time: 1.097 ms
Execution time: 17526.249 ms
