Hash Join  (cost=547692.12..1606308.79 rows=10256524 width=0) (actual time=11507.240..47655.671 rows=61196423 loops=1)
  Hash Cond: (ci.movie_id = t.id)
  ->  Seq Scan on cast_info ci  (cost=0.00..796071.18 rows=11817050 width=4) (actual time=2970.853..13502.535 rows=18382869 loops=1)
        Filter: ((person_id > 1770102) AND (role_id > 1))
        Rows Removed by Filter: 17861475
  ->  Hash  (cost=511686.41..511686.41 rows=2194617 width=8) (actual time=8534.932..8534.932 rows=2233850 loops=1)
        Buckets: 131072  Batches: 32  Memory Usage: 3598kB
        ->  Hash Join  (cost=102767.86..511686.41 rows=2194617 width=8) (actual time=2060.339..8048.596 rows=2233850 loops=1)
              Hash Cond: (mi.movie_id = t.id)
              ->  Seq Scan on movie_info mi  (cost=0.00..346232.03 rows=2194617 width=4) (actual time=370.550..4464.963 rows=2233850 loops=1)
                    Filter: (info_type_id > 16)
                    Rows Removed by Filter: 12601870
              ->  Hash  (cost=61283.27..61283.27 rows=2528527 width=4) (actual time=1669.326..1669.326 rows=2528312 loops=1)
                    Buckets: 131072  Batches: 64  Memory Usage: 2425kB
                    ->  Seq Scan on title t  (cost=0.00..61283.27 rows=2528527 width=4) (actual time=0.020..807.728 rows=2528312 loops=1)
Planning time: 1.176 ms
Execution time: 54053.274 ms
