Hash Join  (cost=798791.46..853460.32 rows=334 width=0) (actual time=13953.612..15001.915 rows=48 loops=1)
  Hash Cond: (mc.movie_id = t.id)
  ->  Seq Scan on movie_companies mc  (cost=0.00..44881.29 rows=2609129 width=4) (actual time=0.012..582.025 rows=2609129 loops=1)
  ->  Hash  (cost=798787.41..798787.41 rows=324 width=8) (actual time=13946.107..13946.107 rows=220 loops=1)
        Buckets: 1024  Batches: 1  Memory Usage: 17kB
        ->  Nested Loop  (cost=0.43..798787.41 rows=324 width=8) (actual time=4784.821..13945.964 rows=220 loops=1)
              ->  Seq Scan on cast_info ci  (cost=0.00..796071.18 rows=324 width=4) (actual time=4784.690..13942.745 rows=220 loops=1)
                    Filter: ((role_id > 1) AND (person_id = 2694412))
                    Rows Removed by Filter: 36244124
              ->  Index Only Scan using title_pkey on title t  (cost=0.43..8.37 rows=1 width=4) (actual time=0.013..0.014 rows=1 loops=220)
                    Index Cond: (id = ci.movie_id)
                    Heap Fetches: 220
Planning time: 1.229 ms
Execution time: 15002.100 ms
