Hash Join  (cost=931614.25..1467074.86 rows=3691590 width=0) (actual time=11188.129..26621.915 rows=10864812 loops=1)
  Hash Cond: (mi.movie_id = t.id)
  ->  Seq Scan on movie_info mi  (cost=0.00..346232.03 rows=12928982 width=4) (actual time=0.026..5315.066 rows=12970088 loops=1)
        Filter: (info_type_id < 18)
        Rows Removed by Filter: 1865632
  ->  Hash  (cost=919768.67..919768.67 rows=721966 width=8) (actual time=11187.050..11187.050 rows=508047 loops=1)
        Buckets: 131072  Batches: 16  Memory Usage: 2293kB
        ->  Hash Join  (cost=87162.74..919768.67 rows=721966 width=8) (actual time=5255.989..11013.789 rows=508047 loops=1)
              Hash Cond: (ci.movie_id = t.id)
              ->  Seq Scan on cast_info ci  (cost=0.00..796071.18 rows=2262691 width=4) (actual time=3937.927..8682.702 rows=1344196 loops=1)
                    Filter: ((person_id < 642307) AND (role_id > 3))
                    Rows Removed by Filter: 34900148
              ->  Hash  (cost=73925.90..73925.90 rows=806787 width=4) (actual time=1317.094..1317.094 rows=843018 loops=1)
                    Buckets: 131072  Batches: 16  Memory Usage: 2879kB
                    ->  Seq Scan on title t  (cost=0.00..73925.90 rows=806787 width=4) (actual time=0.032..1033.622 rows=843018 loops=1)
                          Filter: ((kind_id < 7) AND (production_year < 2011))
                          Rows Removed by Filter: 1685294
Planning time: 1.246 ms
Execution time: 27899.982 ms
