Hash Join  (cost=210456.29..257377.56 rows=537879 width=0) (actual time=4704.710..6376.773 rows=2313218 loops=1)
  Hash Cond: (mi_idx.movie_id = t.id)
  ->  Seq Scan on movie_info_idx mi_idx  (cost=0.00..21735.35 rows=1380035 width=4) (actual time=0.021..377.007 rows=1380035 loops=1)
  ->  Hash  (cost=194287.38..194287.38 rows=985513 width=8) (actual time=4703.550..4703.550 rows=1269101 loops=1)
        Buckets: 131072 (originally 131072)  Batches: 32 (originally 16)  Memory Usage: 3073kB
        ->  Hash Join  (cost=102767.86..194287.38 rows=985513 width=8) (actual time=1920.750..4336.906 rows=1269101 loops=1)
              Hash Cond: (mc.movie_id = t.id)
              ->  Seq Scan on movie_companies mc  (cost=0.00..57926.93 rows=985513 width=4) (actual time=24.687..971.886 rows=1269101 loops=1)
                    Filter: ((company_id < 66207) AND (company_type_id < 2))
                    Rows Removed by Filter: 1340028
              ->  Hash  (cost=61283.27..61283.27 rows=2528527 width=4) (actual time=1894.783..1894.783 rows=2528312 loops=1)
                    Buckets: 131072  Batches: 64  Memory Usage: 2415kB
                    ->  Seq Scan on title t  (cost=0.00..61283.27 rows=2528527 width=4) (actual time=0.020..816.420 rows=2528312 loops=1)
Planning time: 4.412 ms
Execution time: 6600.559 ms
