Hash Join  (cost=922637.37..1052137.07 rows=615366 width=0) (actual time=12374.949..15628.710 rows=798931 loops=1)
  Hash Cond: (mk.movie_id = t.id)
  ->  Seq Scan on movie_keyword mk  (cost=0.00..69693.30 rows=4523930 width=4) (actual time=0.017..1140.287 rows=4523930 loops=1)
  ->  Hash  (cost=916994.09..916994.09 rows=343942 width=8) (actual time=12373.991..12373.991 rows=548353 loops=1)
        Buckets: 131072  Batches: 8  Memory Usage: 3713kB
        ->  Hash Join  (cost=102767.86..916994.09 rows=343942 width=8) (actual time=9740.747..12207.237 rows=548353 loops=1)
              Hash Cond: (ci.movie_id = t.id)
              ->  Seq Scan on cast_info ci  (cost=0.00..796071.18 rows=343942 width=4) (actual time=8093.545..9675.196 rows=548353 loops=1)
                    Filter: ((person_id > 2944596) AND (role_id = 8))
                    Rows Removed by Filter: 35695991
              ->  Hash  (cost=61283.27..61283.27 rows=2528527 width=4) (actual time=1646.084..1646.084 rows=2528312 loops=1)
                    Buckets: 131072  Batches: 64  Memory Usage: 2415kB
                    ->  Seq Scan on title t  (cost=0.00..61283.27 rows=2528527 width=4) (actual time=0.024..787.980 rows=2528312 loops=1)
Planning time: 1.119 ms
Execution time: 15733.772 ms
