Hash Join  (cost=243775.42..806985.94 rows=7816560 width=0) (actual time=5878.225..54237.920 rows=181999660 loops=1)
  Hash Cond: (mi.movie_id = t.id)
  ->  Seq Scan on movie_info mi  (cost=0.00..309384.22 rows=14739122 width=4) (actual time=0.013..4925.460 rows=14835720 loops=1)
  ->  Hash  (cost=221774.59..221774.59 rows=1340947 width=8) (actual time=5875.665..5875.665 rows=2916840 loops=1)
        Buckets: 131072 (originally 131072)  Batches: 64 (originally 32)  Memory Usage: 3073kB
        ->  Hash Join  (cost=83810.17..221774.59 rows=1340947 width=8) (actual time=1213.271..5061.315 rows=2916840 loops=1)
              Hash Cond: (mk.movie_id = t.id)
              ->  Seq Scan on movie_keyword mk  (cost=0.00..81003.12 rows=3432751 width=4) (actual time=0.015..1495.219 rows=3427448 loops=1)
                    Filter: (keyword_id > 1120)
                    Rows Removed by Filter: 1096482
              ->  Hash  (cost=67604.59..67604.59 rows=987727 width=4) (actual time=1212.264..1212.264 rows=985048 loops=1)
                    Buckets: 131072  Batches: 16  Memory Usage: 3197kB
                    ->  Seq Scan on title t  (cost=0.00..67604.59 rows=987727 width=4) (actual time=0.027..892.833 rows=985048 loops=1)
                          Filter: (kind_id < 7)
                          Rows Removed by Filter: 1543264
Planning time: 1.487 ms
Execution time: 72559.525 ms
