Hash Join  (cost=74050.79..143659.39 rows=120195 width=0) (actual time=1005.160..2171.972 rows=47157 loops=1)
  Hash Cond: (mc.movie_id = t.id)
  ->  Seq Scan on movie_companies mc  (cost=0.00..57926.93 rows=773526 width=4) (actual time=2.641..841.457 rows=559139 loops=1)
        Filter: ((company_id > 5690) AND (company_type_id < 2))
        Rows Removed by Filter: 2049990
  ->  Hash  (cost=67604.59..67604.59 rows=392896 width=4) (actual time=1001.621..1001.621 rows=391666 loops=1)
        Buckets: 131072  Batches: 8  Memory Usage: 2753kB
        ->  Seq Scan on title t  (cost=0.00..67604.59 rows=392896 width=4) (actual time=0.027..866.256 rows=391666 loops=1)
              Filter: (production_year > 2010)
              Rows Removed by Filter: 2136646
Planning time: 0.736 ms
Execution time: 2178.884 ms
