Hash Join  (cost=810940.99..1299287.26 rows=800334 width=0) (actual time=13019.110..23007.140 rows=1012495 loops=1)
  Hash Cond: (mi.movie_id = t.id)
  ->  Seq Scan on movie_info mi  (cost=0.00..309384.22 rows=14739122 width=4) (actual time=0.029..4686.344 rows=14835720 loops=1)
  ->  Hash  (cost=808687.75..808687.75 rows=137299 width=8) (actual time=13018.323..13018.323 rows=143505 loops=1)
        Buckets: 131072  Batches: 2  Memory Usage: 3860kB
        ->  Hash Join  (cost=69687.24..808687.75 rows=137299 width=8) (actual time=7525.421..12970.153 rows=143505 loops=1)
              Hash Cond: (ci.movie_id = t.id)
              ->  Seq Scan on cast_info ci  (cost=0.00..705507.15 rows=2735034 width=4) (actual time=6783.946..11231.439 rows=2728943 loops=1)
                    Filter: (role_id = 4)
                    Rows Removed by Filter: 33515401
              ->  Hash  (cost=67604.59..67604.59 rows=126932 width=4) (actual time=740.651..740.651 rows=122861 loops=1)
                    Buckets: 131072  Batches: 2  Memory Usage: 3191kB
                    ->  Seq Scan on title t  (cost=0.00..67604.59 rows=126932 width=4) (actual time=0.025..700.644 rows=122861 loops=1)
                          Filter: (production_year = 2008)
                          Rows Removed by Filter: 2405451
Planning time: 1.198 ms
Execution time: 23118.346 ms
