Seq Scan on movie_info mi  (cost=0.00..346232.03 rows=473617 width=75) (actual time=1852.866..7474.322 rows=486554 loops=1)
  Filter: (info_type_id = 5)
  Rows Removed by Filter: 14349166
Planning time: 0.524 ms
Execution time: 7501.458 ms
