Seq Scan on title t  (cost=0.00..67604.59 rows=789769 width=94) (actual time=0.013..1148.025 rows=784926 loops=1)
  Filter: (production_year > 2007)
  Rows Removed by Filter: 1743386
Planning time: 0.466 ms
Execution time: 1192.847 ms
