Hash Join  (cost=229751.11..1233576.54 rows=6892934 width=0) (actual time=4852.437..30858.372 rows=20469468 loops=1)
  Hash Cond: (ci.movie_id = t.id)
  ->  Seq Scan on cast_info ci  (cost=0.00..705507.15 rows=19537584 width=4) (actual time=0.024..11210.863 rows=19440908 loops=1)
        Filter: (person_id < 1945843)
        Rows Removed by Filter: 16803436
  ->  Hash  (cost=215115.18..215115.18 rows=892074 width=8) (actual time=4851.122..4851.122 rows=896588 loops=1)
        Buckets: 131072  Batches: 16  Memory Usage: 3240kB
        ->  Hash Join  (cost=102767.86..215115.18 rows=892074 width=8) (actual time=1668.230..4588.291 rows=896588 loops=1)
              Hash Cond: (mk.movie_id = t.id)
              ->  Seq Scan on movie_keyword mk  (cost=0.00..81003.12 rows=892074 width=4) (actual time=0.034..1170.757 rows=896588 loops=1)
                    Filter: (keyword_id < 848)
                    Rows Removed by Filter: 3627342
              ->  Hash  (cost=61283.27..61283.27 rows=2528527 width=4) (actual time=1666.366..1666.366 rows=2528312 loops=1)
                    Buckets: 131072  Batches: 64  Memory Usage: 2425kB
                    ->  Seq Scan on title t  (cost=0.00..61283.27 rows=2528527 width=4) (actual time=0.018..800.707 rows=2528312 loops=1)
Planning time: 1.135 ms
Execution time: 33195.182 ms
