Seq Scan on cast_info ci  (cost=0.00..796071.18 rows=3247133 width=0) (actual time=5457.393..9902.221 rows=4845254 loops=1)
  Filter: ((person_id > 1573742) AND (role_id > 8))
  Rows Removed by Filter: 31399090
Planning time: 0.367 ms
Execution time: 10338.928 ms
