Hash Join  (cost=102767.86..193071.57 rows=934940 width=0) (actual time=1675.696..3894.810 rows=1237905 loops=1)
  Hash Cond: (mc.movie_id = t.id)
  ->  Seq Scan on movie_companies mc  (cost=0.00..57926.93 rows=934940 width=4) (actual time=0.027..973.079 rows=1237905 loops=1)
        Filter: ((company_id < 44257) AND (company_type_id < 2))
        Rows Removed by Filter: 1371224
  ->  Hash  (cost=61283.27..61283.27 rows=2528527 width=4) (actual time=1674.052..1674.052 rows=2528312 loops=1)
        Buckets: 131072  Batches: 64  Memory Usage: 2415kB
        ->  Seq Scan on title t  (cost=0.00..61283.27 rows=2528527 width=4) (actual time=0.024..837.353 rows=2528312 loops=1)
Planning time: 0.756 ms
Execution time: 4024.083 ms
