Seq Scan on movie_keyword mk  (cost=0.00..81003.12 rows=246 width=0) (actual time=9.968..1060.793 rows=138 loops=1)
  Filter: (keyword_id = 2520)
  Rows Removed by Filter: 4523792
Planning time: 0.483 ms
Execution time: 1060.970 ms
