Hash Join  (cost=142658.42..1143044.10 rows=1117933 width=0) (actual time=2774.182..28277.845 rows=2318907 loops=1)
  Hash Cond: (ci.movie_id = t.id)
  ->  Seq Scan on cast_info ci  (cost=0.00..705507.15 rows=24497119 width=4) (actual time=0.022..14448.255 rows=24619123 loops=1)
        Filter: (person_id > 1144044)
        Rows Removed by Filter: 11625221
  ->  Hash  (cost=140765.05..140765.05 rows=115390 width=8) (actual time=2773.111..2773.111 rows=185748 loops=1)
        Buckets: 131072 (originally 131072)  Batches: 4 (originally 2)  Memory Usage: 3073kB
        ->  Hash Join  (cost=80874.21..140765.05 rows=115390 width=8) (actual time=1436.100..2715.151 rows=185748 loops=1)
              Hash Cond: (mc.movie_id = t.id)
              ->  Seq Scan on movie_companies mc  (cost=0.00..51404.11 rows=360753 width=4) (actual time=0.019..926.706 rows=358065 loops=1)
                    Filter: (company_id < 181)
                    Rows Removed by Filter: 2251064
              ->  Hash  (cost=67604.59..67604.59 rows=808770 width=4) (actual time=1435.285..1435.285 rows=812704 loops=1)
                    Buckets: 131072  Batches: 16  Memory Usage: 2812kB
                    ->  Seq Scan on title t  (cost=0.00..67604.59 rows=808770 width=4) (actual time=0.017..1163.438 rows=812704 loops=1)
                          Filter: (production_year < 1995)
                          Rows Removed by Filter: 1715608
Planning time: 1.226 ms
Execution time: 28573.367 ms
