Seq Scan on cast_info ci  (cost=0.00..796071.18 rows=20744816 width=0) (actual time=0.027..12793.136 rows=22741278 loops=1)
  Filter: ((person_id < 2432056) AND (role_id < 10))
  Rows Removed by Filter: 13503066
Planning time: 0.353 ms
Execution time: 15414.022 ms
