Hash Join  (cost=71587.82..189850.72 rows=278355 width=0) (actual time=841.381..4308.767 rows=470844 loops=1)
  Hash Cond: (mk.movie_id = t.id)
  ->  Seq Scan on movie_keyword mk  (cost=0.00..81003.12 rows=2899525 width=4) (actual time=0.029..1451.174 rows=2888895 loops=1)
        Filter: (keyword_id < 9079)
        Rows Removed by Filter: 1635035
  ->  Hash  (cost=67604.59..67604.59 rows=242739 width=4) (actual time=840.575..840.575 rows=241400 loops=1)
        Buckets: 131072  Batches: 4  Memory Usage: 3153kB
        ->  Seq Scan on title t  (cost=0.00..67604.59 rows=242739 width=4) (actual time=0.030..759.258 rows=241400 loops=1)
              Filter: (production_year < 1960)
              Rows Removed by Filter: 2286912
Planning time: 0.738 ms
Execution time: 4370.504 ms
