Seq Scan on movie_companies mc  (cost=0.00..51404.11 rows=104 width=0) (actual time=5.315..642.686 rows=17 loops=1)
  Filter: (company_id = 88059)
  Rows Removed by Filter: 2609112
Planning time: 0.359 ms
Execution time: 642.748 ms
