Hash Join  (cost=285901.97..917495.94 rows=11418280 width=0) (actual time=5781.166..46817.723 rows=120729248 loops=1)
  Hash Cond: (mi.movie_id = t.id)
  ->  Seq Scan on movie_info mi  (cost=0.00..346232.03 rows=12665229 width=4) (actual time=0.010..5671.293 rows=12744652 loops=1)
        Filter: (info_type_id > 2)
        Rows Removed by Filter: 2091068
  ->  Hash  (cost=248502.19..248502.19 rows=2279582 width=8) (actual time=5779.343..5779.343 rows=2280808 loops=1)
        Buckets: 131072  Batches: 32  Memory Usage: 3866kB
        ->  Hash Join  (cost=102767.86..248502.19 rows=2279582 width=8) (actual time=1706.352..5155.999 rows=2280808 loops=1)
              Hash Cond: (mk.movie_id = t.id)
              ->  Seq Scan on movie_keyword mk  (cost=0.00..81003.12 rows=2279582 width=4) (actual time=0.015..1393.696 rows=2280808 loops=1)
                    Filter: (keyword_id > 4618)
                    Rows Removed by Filter: 2243122
              ->  Hash  (cost=61283.27..61283.27 rows=2528527 width=4) (actual time=1705.088..1705.088 rows=2528312 loops=1)
                    Buckets: 131072  Batches: 64  Memory Usage: 2425kB
                    ->  Seq Scan on title t  (cost=0.00..61283.27 rows=2528527 width=4) (actual time=0.024..814.324 rows=2528312 loops=1)
Planning time: 1.146 ms
Execution time: 61290.744 ms
