Seq Scan on cast_info ci  (cost=0.00..705507.15 rows=10011845 width=0) (actual time=2800.852..9493.564 rows=10009652 loops=1)
  Filter: (person_id > 2714135)
  Rows Removed by Filter: 26234692
Planning time: 0.337 ms
Execution time: 10710.328 ms
