Hash Join  (cost=73994.33..160750.31 rows=9794 width=0) (actual time=943.958..2500.816 rows=6731 loops=1)
  Hash Cond: (mk.movie_id = t.id)
  ->  Seq Scan on movie_keyword mk  (cost=0.00..69693.30 rows=4523930 width=4) (actual time=0.024..724.067 rows=4523930 loops=1)
  ->  Hash  (cost=73925.90..73925.90 rows=5474 width=4) (actual time=942.906..942.906 rows=9371 loops=1)
        Buckets: 16384 (originally 8192)  Batches: 1 (originally 1)  Memory Usage: 458kB
        ->  Seq Scan on title t  (cost=0.00..73925.90 rows=5474 width=4) (actual time=0.118..938.647 rows=9371 loops=1)
              Filter: ((kind_id > 1) AND (production_year = 1972))
              Rows Removed by Filter: 2518941
Planning time: 0.772 ms
Execution time: 2501.983 ms
