Hash Join  (cost=28268.58..84659.52 rows=78 width=0) (actual time=802.935..1391.783 rows=389 loops=1)
  Hash Cond: (mc.movie_id = t.id)
  ->  Seq Scan on movie_companies mc  (cost=0.00..51404.11 rows=1329612 width=4) (actual time=174.700..815.885 rows=1334883 loops=1)
        Filter: (company_type_id > 1)
        Rows Removed by Filter: 1274246
  ->  Hash  (cost=28266.72..28266.72 rows=149 width=8) (actual time=383.376..383.376 rows=181 loops=1)
        Buckets: 1024  Batches: 1  Memory Usage: 16kB
        ->  Nested Loop  (cost=0.43..28266.72 rows=149 width=8) (actual time=59.345..383.272 rows=181 loops=1)
              ->  Seq Scan on movie_info_idx mi_idx  (cost=0.00..25185.44 rows=368 width=4) (actual time=59.266..366.979 rows=260 loops=1)
                    Filter: (info_type_id > 101)
                    Rows Removed by Filter: 1379775
              ->  Index Scan using title_pkey on title t  (cost=0.43..8.36 rows=1 width=4) (actual time=0.062..0.062 rows=1 loops=260)
                    Index Cond: (id = mi_idx.movie_id)
                    Filter: (production_year < 2000)
                    Rows Removed by Filter: 0
Planning time: 0.703 ms
Execution time: 1391.987 ms
