Hash Join  (cost=103088.83..189913.87 rows=16700 width=0) (actual time=1472.261..3013.679 rows=16194 loops=1)
  Hash Cond: (mk.movie_id = t.id)
  ->  Seq Scan on movie_keyword mk  (cost=0.00..69693.30 rows=4523930 width=4) (actual time=0.014..721.757 rows=4523930 loops=1)
  ->  Hash  (cost=102972.16..102972.16 rows=9334 width=8) (actual time=1469.807..1469.807 rows=4360 loops=1)
        Buckets: 16384  Batches: 1  Memory Usage: 299kB
        ->  Hash Join  (cost=74246.92..102972.16 rows=9334 width=8) (actual time=854.387..1467.707 rows=4360 loops=1)
              Hash Cond: (mi_idx.movie_id = t.id)
              ->  Seq Scan on movie_info_idx mi_idx  (cost=0.00..25185.44 rows=919057 width=4) (actual time=0.023..425.905 rows=920110 loops=1)
                    Filter: (info_type_id > 99)
                    Rows Removed by Filter: 459925
              ->  Hash  (cost=73925.90..73925.90 rows=25681 width=4) (actual time=854.131..854.131 rows=23707 loops=1)
                    Buckets: 32768  Batches: 1  Memory Usage: 1090kB
                    ->  Seq Scan on title t  (cost=0.00..73925.90 rows=25681 width=4) (actual time=0.020..844.574 rows=23707 loops=1)
                          Filter: ((kind_id < 7) AND (production_year = 2013))
                          Rows Removed by Filter: 2504605
Planning time: 1.204 ms
Execution time: 3016.054 ms
