Hash Join  (cost=128786.93..880385.28 rows=80918 width=0) (actual time=1903.357..15187.860 rows=267302 loops=1)
  Hash Cond: (ci.movie_id = t.id)
  ->  Seq Scan on cast_info ci  (cost=0.00..614943.12 rows=36225612 width=4) (actual time=0.023..5877.498 rows=36244344 loops=1)
  ->  Hash  (cost=128716.33..128716.33 rows=5648 width=8) (actual time=1902.894..1902.894 rows=11935 loops=1)
        Buckets: 16384 (originally 8192)  Batches: 1 (originally 1)  Memory Usage: 595kB
        ->  Hash Join  (cost=73994.33..128716.33 rows=5648 width=8) (actual time=856.776..1897.728 rows=11935 loops=1)
              Hash Cond: (mc.movie_id = t.id)
              ->  Seq Scan on movie_companies mc  (cost=0.00..44881.29 rows=2609129 width=4) (actual time=0.024..458.980 rows=2609129 loops=1)
              ->  Hash  (cost=73925.90..73925.90 rows=5474 width=4) (actual time=855.897..855.897 rows=15001 loops=1)
                    Buckets: 16384 (originally 8192)  Batches: 1 (originally 1)  Memory Usage: 656kB
                    ->  Seq Scan on title t  (cost=0.00..73925.90 rows=5474 width=4) (actual time=0.111..849.023 rows=15001 loops=1)
                          Filter: ((kind_id > 1) AND (production_year = 1988))
                          Rows Removed by Filter: 2513311
Planning time: 1.154 ms
Execution time: 15225.477 ms
