Hash Join  (cost=80562.70..566364.37 rows=2902736 width=0) (actual time=1449.424..13546.575 rows=2242187 loops=1)
  Hash Cond: (mi.movie_id = t.id)
  ->  Seq Scan on movie_info mi  (cost=0.00..346232.03 rows=9293409 width=4) (actual time=0.013..6623.121 rows=9425200 loops=1)
        Filter: (info_type_id > 5)
        Rows Removed by Filter: 5410520
  ->  Hash  (cost=67604.59..67604.59 rows=789769 width=4) (actual time=1448.095..1448.095 rows=784926 loops=1)
        Buckets: 131072  Batches: 16  Memory Usage: 2755kB
        ->  Seq Scan on title t  (cost=0.00..67604.59 rows=789769 width=4) (actual time=0.042..1177.367 rows=784926 loops=1)
              Filter: (production_year > 2007)
              Rows Removed by Filter: 1743386
Planning time: 1.122 ms
Execution time: 13800.621 ms
