Hash Join  (cost=75458.68..142534.75 rows=27195 width=0) (actual time=957.087..2503.500 rows=6167 loops=1)
  Hash Cond: (mc.movie_id = t.id)
  ->  Seq Scan on movie_companies mc  (cost=0.00..57926.93 rows=736050 width=4) (actual time=0.023..849.702 rows=521248 loops=1)
        Filter: ((company_id > 7575) AND (company_type_id < 2))
        Rows Removed by Filter: 2087881
  ->  Hash  (cost=73925.90..73925.90 rows=93422 width=4) (actual time=956.230..956.230 rows=100754 loops=1)
        Buckets: 131072  Batches: 2  Memory Usage: 2802kB
        ->  Seq Scan on title t  (cost=0.00..73925.90 rows=93422 width=4) (actual time=0.098..920.218 rows=100754 loops=1)
              Filter: ((kind_id > 1) AND (production_year = 2008))
              Rows Removed by Filter: 2427558
Planning time: 0.800 ms
Execution time: 2504.656 ms
