Nested Loop  (cost=0.43..83072.90 rows=51 width=0) (actual time=25.993..1045.669 rows=12 loops=1)
  ->  Seq Scan on movie_keyword mk  (cost=0.00..81003.12 rows=246 width=4) (actual time=1.298..1012.769 rows=1749 loops=1)
        Filter: (keyword_id = 1221)
        Rows Removed by Filter: 4522181
  ->  Index Scan using title_pkey on title t  (cost=0.43..8.40 rows=1 width=4) (actual time=0.018..0.018 rows=0 loops=1749)
        Index Cond: (id = mk.movie_id)
        Filter: ((kind_id > 1) AND (production_year < 1991))
        Rows Removed by Filter: 1
Planning time: 0.762 ms
Execution time: 1045.792 ms
