Hash Join  (cost=74074.07..439420.92 rows=69093 width=0) (actual time=975.513..7128.473 rows=291771 loops=1)
  Hash Cond: (mi.movie_id = t.id)
  ->  Seq Scan on movie_info mi  (cost=0.00..309384.22 rows=14739122 width=4) (actual time=0.014..2714.454 rows=14835720 loops=1)
  ->  Hash  (cost=73925.90..73925.90 rows=11853 width=4) (actual time=975.367..975.367 rows=29104 loops=1)
        Buckets: 32768 (originally 16384)  Batches: 1 (originally 1)  Memory Usage: 1280kB
        ->  Seq Scan on title t  (cost=0.00..73925.90 rows=11853 width=4) (actual time=424.021..963.343 rows=29104 loops=1)
              Filter: ((kind_id < 7) AND (production_year < 1911))
              Rows Removed by Filter: 2499208
Planning time: 0.771 ms
Execution time: 7167.268 ms
