Hash Join  (cost=152291.80..903477.53 rows=39653 width=0) (actual time=2162.810..14465.296 rows=12638 loops=1)
  Hash Cond: (ci.movie_id = t.id)
  ->  Seq Scan on cast_info ci  (cost=0.00..614943.12 rows=36225612 width=4) (actual time=0.020..5859.728 rows=36244344 loops=1)
  ->  Hash  (cost=152257.20..152257.20 rows=2768 width=8) (actual time=2155.123..2155.123 rows=1013 loops=1)
        Buckets: 4096  Batches: 1  Memory Usage: 72kB
        ->  Hash Join  (cost=67697.55..152257.20 rows=2768 width=8) (actual time=861.825..2154.470 rows=1013 loops=1)
              Hash Cond: (mk.movie_id = t.id)
              ->  Seq Scan on movie_keyword mk  (cost=0.00..81003.12 rows=941026 width=4) (actual time=0.024..1134.930 rows=952271 loops=1)
                    Filter: (keyword_id > 19943)
                    Rows Removed by Filter: 3571659
              ->  Hash  (cost=67604.59..67604.59 rows=7437 width=4) (actual time=861.447..861.447 rows=4514 loops=1)
                    Buckets: 8192  Batches: 1  Memory Usage: 223kB
                    ->  Seq Scan on title t  (cost=0.00..67604.59 rows=7437 width=4) (actual time=320.919..859.358 rows=4514 loops=1)
                          Filter: (production_year = 1917)
                          Rows Removed by Filter: 2523798
Planning time: 1.149 ms
Execution time: 14467.926 ms
