Seq Scan on cast_info ci  (cost=0.00..796071.18 rows=131 width=0) (actual time=9192.047..11319.793 rows=58 loops=1)
  Filter: ((role_id > 4) AND (person_id = 419609))
  Rows Removed by Filter: 36244286
Planning time: 0.419 ms
Execution time: 11319.932 ms
