Nested Loop  (cost=0.43..52283.95 rows=5 width=0) (actual time=130.665..627.730 rows=89 loops=1)
  ->  Seq Scan on movie_companies mc  (cost=0.00..51404.11 rows=104 width=4) (actual time=5.938..621.421 rows=434 loops=1)
        Filter: (company_id = 626)
        Rows Removed by Filter: 2608695
  ->  Index Scan using title_pkey on title t  (cost=0.43..8.45 rows=1 width=4) (actual time=0.014..0.014 rows=0 loops=434)
        Index Cond: (id = mc.movie_id)
        Filter: (production_year = 2009)
        Rows Removed by Filter: 1
Planning time: 0.754 ms
Execution time: 627.861 ms
