Hash Join  (cost=100908.38..818760.39 rows=2061 width=0) (actual time=1264.692..11422.438 rows=18791 loops=1)
  Hash Cond: (ci.movie_id = t.id)
  ->  Seq Scan on cast_info ci  (cost=0.00..705507.15 rows=3286466 width=4) (actual time=0.020..9534.440 rows=3168268 loops=1)
        Filter: (person_id < 306973)
        Rows Removed by Filter: 33076076
  ->  Hash  (cost=100888.56..100888.56 rows=1586 width=8) (actual time=1264.241..1264.241 rows=7001 loops=1)
        Buckets: 8192 (originally 2048)  Batches: 1 (originally 1)  Memory Usage: 338kB
        ->  Hash Join  (cost=73962.22..100888.56 rows=1586 width=8) (actual time=762.800..1261.518 rows=7001 loops=1)
              Hash Cond: (mi_idx.movie_id = t.id)
              ->  Seq Scan on movie_info_idx mi_idx  (cost=0.00..21735.35 rows=1380035 width=4) (actual time=0.030..233.580 rows=1380035 loops=1)
              ->  Hash  (cost=73925.90..73925.90 rows=2905 width=4) (actual time=760.325..760.325 rows=5989 loops=1)
                    Buckets: 8192 (originally 4096)  Batches: 1 (originally 1)  Memory Usage: 275kB
                    ->  Seq Scan on title t  (cost=0.00..73925.90 rows=2905 width=4) (actual time=0.846..757.837 rows=5989 loops=1)
                          Filter: ((kind_id < 7) AND (production_year = 1972))
                          Rows Removed by Filter: 2522323
Planning time: 1.776 ms
Execution time: 11425.715 ms
