Hash Join  (cost=102767.86..229948.87 rows=1508547 width=0) (actual time=1813.743..5123.726 rows=1526807 loops=1)
  Hash Cond: (mk.movie_id = t.id)
  ->  Seq Scan on movie_keyword mk  (cost=0.00..81003.12 rows=1508547 width=4) (actual time=0.026..1382.699 rows=1526807 loops=1)
        Filter: (keyword_id > 10503)
        Rows Removed by Filter: 2997123
  ->  Hash  (cost=61283.27..61283.27 rows=2528527 width=4) (actual time=1811.590..1811.590 rows=2528312 loops=1)
        Buckets: 131072  Batches: 64  Memory Usage: 2425kB
        ->  Seq Scan on title t  (cost=0.00..61283.27 rows=2528527 width=4) (actual time=0.020..940.156 rows=2528312 loops=1)
Planning time: 0.721 ms
Execution time: 5317.102 ms
