Hash Join  (cost=679261.13..2023305.65 rows=34892898 width=0) (actual time=13359.740..50535.984 rows=54687151 loops=1)
  Hash Cond: (ci.movie_id = t.id)
  ->  Seq Scan on cast_info ci  (cost=0.00..705507.15 rows=16201301 width=4) (actual time=0.022..12856.321 rows=16121683 loops=1)
        Filter: (role_id > 2)
        Rows Removed by Filter: 20122661
  ->  Hash  (cost=589916.72..589916.72 rows=5445713 width=8) (actual time=13358.164..13358.164 rows=5410520 loops=1)
        Buckets: 131072  Batches: 128  Memory Usage: 2669kB
        ->  Hash Join  (cost=102767.86..589916.72 rows=5445713 width=8) (actual time=1858.281..11860.915 rows=5410520 loops=1)
              Hash Cond: (mi.movie_id = t.id)
              ->  Seq Scan on movie_info mi  (cost=0.00..346232.03 rows=5445713 width=4) (actual time=269.068..4858.483 rows=5410520 loops=1)
                    Filter: (info_type_id < 6)
                    Rows Removed by Filter: 9425200
              ->  Hash  (cost=61283.27..61283.27 rows=2528527 width=4) (actual time=1588.220..1588.220 rows=2528312 loops=1)
                    Buckets: 131072  Batches: 64  Memory Usage: 2425kB
                    ->  Seq Scan on title t  (cost=0.00..61283.27 rows=2528527 width=4) (actual time=0.023..792.139 rows=2528312 loops=1)
Planning time: 1.183 ms
Execution time: 56805.691 ms
