Hash Join  (cost=946080.21..1064246.76 rows=805321 width=0) (actual time=12365.524..15519.734 rows=2085945 loops=1)
  Hash Cond: (mk.movie_id = t.id)
  ->  Seq Scan on movie_keyword mk  (cost=0.00..81003.12 rows=2205658 width=4) (actual time=0.021..1362.933 rows=2204821 loops=1)
        Filter: (keyword_id < 4443)
        Rows Removed by Filter: 2319109
  ->  Hash  (cost=930933.14..930933.14 rows=923206 width=8) (actual time=12364.651..12364.651 rows=297711 loops=1)
        Buckets: 131072  Batches: 16  Memory Usage: 1755kB
        ->  Hash Join  (cost=102767.86..930933.14 rows=923206 width=8) (actual time=2920.440..12267.718 rows=297711 loops=1)
              Hash Cond: (ci.movie_id = t.id)
              ->  Seq Scan on cast_info ci  (cost=0.00..796071.18 rows=923206 width=4) (actual time=1198.562..9893.323 rows=297711 loops=1)
                    Filter: ((person_id < 740934) AND (role_id = 10))
                    Rows Removed by Filter: 35946633
              ->  Hash  (cost=61283.27..61283.27 rows=2528527 width=4) (actual time=1720.805..1720.805 rows=2528312 loops=1)
                    Buckets: 131072  Batches: 64  Memory Usage: 2415kB
                    ->  Seq Scan on title t  (cost=0.00..61283.27 rows=2528527 width=4) (actual time=0.027..875.067 rows=2528312 loops=1)
Planning time: 1.173 ms
Execution time: 15776.092 ms
