Hash Join  (cost=98407.57..145474.30 rows=542383 width=0) (actual time=1938.876..3585.045 rows=283712 loops=1)
  Hash Cond: (mi_idx.movie_id = t.id)
  ->  Seq Scan on movie_info_idx mi_idx  (cost=0.00..25185.44 rows=919057 width=4) (actual time=0.018..521.072 rows=920110 loops=1)
        Filter: (info_type_id > 99)
        Rows Removed by Filter: 459925
  ->  Hash  (cost=73925.90..73925.90 rows=1492213 width=4) (actual time=1634.781..1634.781 rows=1478439 loops=1)
        Buckets: 131072  Batches: 32  Memory Usage: 2651kB
        ->  Seq Scan on title t  (cost=0.00..73925.90 rows=1492213 width=4) (actual time=0.018..1185.934 rows=1478439 loops=1)
              Filter: ((production_year > 1901) AND (kind_id = 7))
              Rows Removed by Filter: 1049873
Planning time: 0.796 ms
Execution time: 3623.270 ms
