Hash Join  (cost=69002.72..195721.73 rows=128524 width=0) (actual time=908.695..3638.634 rows=132601 loops=1)
  Hash Cond: (mk.movie_id = t.id)
  ->  Seq Scan on movie_keyword mk  (cost=0.00..81003.12 rows=3813771 width=4) (actual time=0.025..1522.622 rows=3808455 loops=1)
        Filter: (keyword_id < 26334)
        Rows Removed by Filter: 715475
  ->  Hash  (cost=67604.59..67604.59 rows=85211 width=4) (actual time=907.912..907.912 rows=84593 loops=1)
        Buckets: 131072  Batches: 2  Memory Usage: 2524kB
        ->  Seq Scan on title t  (cost=0.00..67604.59 rows=85211 width=4) (actual time=0.017..874.490 rows=84593 loops=1)
              Filter: (production_year = 2004)
              Rows Removed by Filter: 2443719
Planning time: 0.738 ms
Execution time: 3656.651 ms
