Hash Join  (cost=101244.93..188063.96 rows=16099 width=0) (actual time=1812.644..3085.192 rows=20715 loops=1)
  Hash Cond: (mk.movie_id = t.id)
  ->  Seq Scan on movie_keyword mk  (cost=0.00..69693.30 rows=4523930 width=4) (actual time=0.007..673.146 rows=4523930 loops=1)
  ->  Hash  (cost=101132.45..101132.45 rows=8998 width=8) (actual time=1773.115..1773.115 rows=6552 loops=1)
        Buckets: 16384  Batches: 1  Memory Usage: 384kB
        ->  Hash Join  (cost=74131.99..101132.45 rows=8998 width=8) (actual time=1138.920..1770.683 rows=6552 loops=1)
              Hash Cond: (mi_idx.movie_id = t.id)
              ->  Seq Scan on movie_info_idx mi_idx  (cost=0.00..21735.35 rows=1380035 width=4) (actual time=0.011..329.486 rows=1380035 loops=1)
              ->  Hash  (cost=73925.90..73925.90 rows=16487 width=4) (actual time=1138.482..1138.482 rows=16247 loops=1)
                    Buckets: 32768  Batches: 1  Memory Usage: 828kB
                    ->  Seq Scan on title t  (cost=0.00..73925.90 rows=16487 width=4) (actual time=181.317..1131.305 rows=16247 loops=1)
                          Filter: ((kind_id = 7) AND (production_year = 1993))
                          Rows Removed by Filter: 2512065
Planning time: 1.219 ms
Execution time: 3087.771 ms
