Hash Join  (cost=263163.75..365909.55 rows=1772487 width=0) (actual time=5222.764..10431.413 rows=13617465 loops=1)
  Hash Cond: (mc.movie_id = t.id)
  ->  Seq Scan on movie_companies mc  (cost=0.00..44881.29 rows=2609129 width=4) (actual time=0.021..780.763 rows=2609129 loops=1)
  ->  Hash  (cost=234982.11..234982.11 rows=1717731 width=8) (actual time=5221.715..5221.715 rows=1726248 loops=1)
        Buckets: 131072  Batches: 32  Memory Usage: 3121kB
        ->  Hash Join  (cost=102767.86..234982.11 rows=1717731 width=8) (actual time=1611.335..4692.295 rows=1726248 loops=1)
              Hash Cond: (mk.movie_id = t.id)
              ->  Seq Scan on movie_keyword mk  (cost=0.00..81003.12 rows=1717731 width=4) (actual time=0.016..1318.159 rows=1726248 loops=1)
                    Filter: (keyword_id > 8202)
                    Rows Removed by Filter: 2797682
              ->  Hash  (cost=61283.27..61283.27 rows=2528527 width=4) (actual time=1609.550..1609.550 rows=2528312 loops=1)
                    Buckets: 131072  Batches: 64  Memory Usage: 2425kB
                    ->  Seq Scan on title t  (cost=0.00..61283.27 rows=2528527 width=4) (actual time=0.021..740.405 rows=2528312 loops=1)
Planning time: 1.292 ms
Execution time: 11887.722 ms
