Hash Join  (cost=131282.10..957342.97 rows=183309 width=0) (actual time=5638.497..15126.294 rows=593507 loops=1)
  Hash Cond: (ci.movie_id = t.id)
  ->  Seq Scan on cast_info ci  (cost=0.00..796071.18 rows=2368960 width=4) (actual time=3251.188..10658.324 rows=4806713 loops=1)
        Filter: ((person_id < 644941) AND (role_id = 1))
        Rows Removed by Filter: 31437631
  ->  Hash  (cost=128071.40..128071.40 rows=195656 width=8) (actual time=2386.135..2386.135 rows=164443 loops=1)
        Buckets: 131072  Batches: 4  Memory Usage: 2636kB
        ->  Hash Join  (cost=91397.28..128071.40 rows=195656 width=8) (actual time=1477.085..2332.270 rows=164443 loops=1)
              Hash Cond: (mi_idx.movie_id = t.id)
              ->  Seq Scan on movie_info_idx mi_idx  (cost=0.00..25185.44 rows=464566 width=4) (actual time=0.025..395.002 rows=459925 loops=1)
                    Filter: (info_type_id = 101)
                    Rows Removed by Filter: 920110
              ->  Hash  (cost=73925.90..73925.90 rows=1064910 width=4) (actual time=1475.997..1475.997 rows=1003269 loops=1)
                    Buckets: 131072  Batches: 16  Memory Usage: 3233kB
                    ->  Seq Scan on title t  (cost=0.00..73925.90 rows=1064910 width=4) (actual time=0.027..1165.420 rows=1003269 loops=1)
                          Filter: ((kind_id > 1) AND (production_year < 2006))
                          Rows Removed by Filter: 1525043
Planning time: 1.328 ms
Execution time: 15196.070 ms
