Hash Join  (cost=135672.21..264535.69 rows=563144 width=0) (actual time=2750.986..7213.800 rows=6069778 loops=1)
  Hash Cond: (mk.movie_id = t.id)
  ->  Seq Scan on movie_keyword mk  (cost=0.00..69693.30 rows=4523930 width=4) (actual time=0.013..1184.106 rows=4523930 loops=1)
  ->  Hash  (cost=130507.79..130507.79 rows=314754 width=8) (actual time=2749.874..2749.874 rows=610282 loops=1)
        Buckets: 131072  Batches: 8  Memory Usage: 4031kB
        ->  Hash Join  (cost=88195.18..130507.79 rows=314754 width=8) (actual time=1260.352..2548.468 rows=610282 loops=1)
              Hash Cond: (mi_idx.movie_id = t.id)
              ->  Seq Scan on movie_info_idx mi_idx  (cost=0.00..25185.44 rows=915101 width=4) (actual time=0.023..463.175 rows=919850 loops=1)
                    Filter: (info_type_id < 101)
                    Rows Removed by Filter: 460185
              ->  Hash  (cost=73925.90..73925.90 rows=869702 width=4) (actual time=1259.380..1259.380 rows=896788 loops=1)
                    Buckets: 131072  Batches: 16  Memory Usage: 2998kB
                    ->  Seq Scan on title t  (cost=0.00..73925.90 rows=869702 width=4) (actual time=0.012..979.508 rows=896788 loops=1)
                          Filter: ((kind_id < 7) AND (production_year < 2012))
                          Rows Removed by Filter: 1631524
Planning time: 1.163 ms
Execution time: 7898.942 ms
