Hash Join  (cost=102767.86..280861.97 rows=3624430 width=0) (actual time=1637.027..6202.841 rows=3618177 loops=1)
  Hash Cond: (mk.movie_id = t.id)
  ->  Seq Scan on movie_keyword mk  (cost=0.00..81003.12 rows=3624430 width=4) (actual time=0.031..1558.993 rows=3618177 loops=1)
        Filter: (keyword_id > 862)
        Rows Removed by Filter: 905753
  ->  Hash  (cost=61283.27..61283.27 rows=2528527 width=4) (actual time=1635.761..1635.761 rows=2528312 loops=1)
        Buckets: 131072  Batches: 64  Memory Usage: 2425kB
        ->  Seq Scan on title t  (cost=0.00..61283.27 rows=2528527 width=4) (actual time=0.013..825.958 rows=2528312 loops=1)
Planning time: 0.697 ms
Execution time: 6632.191 ms
