Seq Scan on movie_companies mc  (cost=0.00..51404.11 rows=104 width=0) (actual time=23.677..689.959 rows=8 loops=1)
  Filter: (company_id = 71038)
  Rows Removed by Filter: 2609121
Planning time: 0.369 ms
Execution time: 690.021 ms
