Hash Join  (cost=99217.91..462203.27 rows=344079 width=0) (actual time=4821.988..8032.893 rows=174419 loops=1)
  Hash Cond: (mi.movie_id = t.id)
  ->  Seq Scan on movie_info mi  (cost=0.00..346232.03 rows=451508 width=4) (actual time=2884.925..5480.013 rows=474443 loops=1)
        Filter: (info_type_id = 6)
        Rows Removed by Filter: 14361277
  ->  Hash  (cost=67604.59..67604.59 rows=1926906 width=4) (actual time=1936.154..1936.154 rows=1918028 loops=1)
        Buckets: 131072  Batches: 32  Memory Usage: 3148kB
        ->  Seq Scan on title t  (cost=0.00..67604.59 rows=1926906 width=4) (actual time=0.029..1268.642 rows=1918028 loops=1)
              Filter: (production_year > 1981)
              Rows Removed by Filter: 610284
Planning time: 0.794 ms
Execution time: 8053.722 ms
