Seq Scan on cast_info ci  (cost=0.00..796071.18 rows=324 width=0) (actual time=6410.388..11710.720 rows=2 loops=1)
  Filter: ((role_id > 1) AND (person_id = 241692))
  Rows Removed by Filter: 36244342
Planning time: 0.405 ms
Execution time: 11710.869 ms
