Seq Scan on movie_keyword mk  (cost=0.00..81003.12 rows=246 width=0) (actual time=0.641..1086.457 rows=441 loops=1)
  Filter: (keyword_id = 5550)
  Rows Removed by Filter: 4523489
Planning time: 0.362 ms
Execution time: 1086.736 ms
