Seq Scan on movie_keyword mk  (cost=0.00..81003.12 rows=3711624 width=0) (actual time=0.012..1350.731 rows=3708302 loops=1)
  Filter: (keyword_id < 22450)
  Rows Removed by Filter: 815628
Planning time: 0.325 ms
Execution time: 1816.432 ms
