Hash Join  (cost=444121.56..1156893.23 rows=26872 width=0) (actual time=12675.711..18510.333 rows=124214 loops=1)
  Hash Cond: (ci.movie_id = t.id)
  ->  Seq Scan on cast_info ci  (cost=0.00..705507.15 rows=350181 width=4) (actual time=3337.517..8968.654 rows=316118 loops=1)
        Filter: (role_id > 10)
        Rows Removed by Filter: 35928226
  ->  Hash  (cost=440938.20..440938.20 rows=194029 width=8) (actual time=9336.772..9336.772 rows=340363 loops=1)
        Buckets: 131072 (originally 131072)  Batches: 8 (originally 4)  Memory Usage: 3073kB
        ->  Hash Join  (cost=74341.98..440938.20 rows=194029 width=8) (actual time=870.500..7878.397 rows=340363 loops=1)
              Hash Cond: (mi.movie_id = t.id)
              ->  Seq Scan on movie_info mi  (cost=0.00..309384.22 rows=14739122 width=4) (actual time=0.016..3350.205 rows=14835720 loops=1)
              ->  Hash  (cost=73925.90..73925.90 rows=33286 width=4) (actual time=869.244..869.244 rows=28113 loops=1)
                    Buckets: 65536  Batches: 1  Memory Usage: 1501kB
                    ->  Seq Scan on title t  (cost=0.00..73925.90 rows=33286 width=4) (actual time=0.277..857.889 rows=28113 loops=1)
                          Filter: ((kind_id < 7) AND (production_year = 2004))
                          Rows Removed by Filter: 2500199
Planning time: 1.158 ms
Execution time: 18521.965 ms
