Seq Scan on movie_companies mc  (cost=0.00..51404.11 rows=2607695 width=0) (actual time=0.029..868.649 rows=2607818 loops=1)
  Filter: (company_id < 233714)
  Rows Removed by Filter: 1311
Planning time: 0.341 ms
Execution time: 1207.441 ms
