Seq Scan on movie_keyword mk  (cost=0.00..81003.12 rows=1506006 width=0) (actual time=0.027..1202.314 rows=1517201 loops=1)
  Filter: (keyword_id < 2198)
  Rows Removed by Filter: 3006729
Planning time: 0.312 ms
Execution time: 1400.447 ms
