Seq Scan on movie_companies mc  (cost=0.00..57926.93 rows=1038656 width=0) (actual time=63.999..976.104 rows=1180209 loops=1)
  Filter: ((company_id > 596) AND (company_type_id > 1))
  Rows Removed by Filter: 1428920
Planning time: 0.336 ms
Execution time: 1126.554 ms
