Nested Loop  (cost=0.43..132162.07 rows=2639 width=0) (actual time=0.385..1138.915 rows=1541 loops=1)
  ->  Seq Scan on movie_keyword mk  (cost=0.00..81003.12 rows=7389 width=4) (actual time=0.120..1042.258 rows=7328 loops=1)
        Filter: (keyword_id = 229)
        Rows Removed by Filter: 4516602
  ->  Index Scan using title_pkey on title t  (cost=0.43..6.91 rows=1 width=4) (actual time=0.013..0.013 rows=0 loops=7328)
        Index Cond: (id = mk.movie_id)
        Filter: (production_year > 2006)
        Rows Removed by Filter: 1
Planning time: 0.757 ms
Execution time: 1139.522 ms
