Hash Join  (cost=89700.58..840490.04 rows=29 width=0) (actual time=912.988..14432.697 rows=88 loops=1)
  Hash Cond: (ci.movie_id = t.id)
  ->  Seq Scan on cast_info ci  (cost=0.00..614943.12 rows=36225612 width=4) (actual time=0.024..6617.797 rows=36244344 loops=1)
  ->  Hash  (cost=89700.56..89700.56 rows=2 width=8) (actual time=873.486..873.486 rows=6 loops=1)
        Buckets: 1024  Batches: 1  Memory Usage: 9kB
        ->  Nested Loop  (cost=0.43..89700.56 rows=2 width=8) (actual time=272.145..873.470 rows=6 loops=1)
              ->  Seq Scan on movie_companies mc  (cost=0.00..57926.93 rows=4250 width=4) (actual time=235.834..778.252 rows=7556 loops=1)
                    Filter: ((company_id > 227712) AND (company_type_id = 2))
                    Rows Removed by Filter: 2601573
              ->  Index Scan using title_pkey on title t  (cost=0.43..7.47 rows=1 width=4) (actual time=0.012..0.012 rows=0 loops=7556)
                    Index Cond: (id = mc.movie_id)
                    Filter: ((kind_id = 4) AND (production_year = 1994))
                    Rows Removed by Filter: 1
Planning time: 1.238 ms
Execution time: 14432.998 ms
