Seq Scan on movie_keyword mk  (cost=0.00..81003.12 rows=3979650 width=0) (actual time=0.024..1204.400 rows=3983633 loops=1)
  Filter: (keyword_id < 34015)
  Rows Removed by Filter: 540297
Planning time: 0.332 ms
Execution time: 1652.964 ms
