Hash Join  (cost=102671.01..472318.74 rows=4903 width=0) (actual time=1737.375..6414.890 rows=30316 loops=1)
  Hash Cond: (mi.movie_id = t.id)
  ->  Seq Scan on movie_info mi  (cost=0.00..346232.03 rows=6231111 width=4) (actual time=295.244..4003.653 rows=6223494 loops=1)
        Filter: (info_type_id > 8)
        Rows Removed by Filter: 8612226
  ->  Hash  (cost=102646.13..102646.13 rows=1990 width=8) (actual time=1441.442..1441.442 rows=5778 loops=1)
        Buckets: 8192 (originally 2048)  Batches: 1 (originally 1)  Memory Usage: 290kB
        ->  Hash Join  (cost=73994.33..102646.13 rows=1990 width=8) (actual time=899.591..1439.129 rows=5778 loops=1)
              Hash Cond: (mi_idx.movie_id = t.id)
              ->  Seq Scan on movie_info_idx mi_idx  (cost=0.00..25185.44 rows=919057 width=4) (actual time=0.014..378.873 rows=920110 loops=1)
                    Filter: (info_type_id > 99)
                    Rows Removed by Filter: 459925
              ->  Hash  (cost=73925.90..73925.90 rows=5474 width=4) (actual time=899.462..899.462 rows=15440 loops=1)
                    Buckets: 16384 (originally 8192)  Batches: 1 (originally 1)  Memory Usage: 671kB
                    ->  Seq Scan on title t  (cost=0.00..73925.90 rows=5474 width=4) (actual time=0.037..892.491 rows=15440 loops=1)
                          Filter: ((kind_id > 1) AND (production_year = 1987))
                          Rows Removed by Filter: 2512872
Planning time: 1.185 ms
Execution time: 6419.678 ms
