Hash Join  (cost=191591.62..723911.58 rows=4921503 width=0) (actual time=4340.738..26404.212 rows=38431687 loops=1)
  Hash Cond: (mi.movie_id = t.id)
  ->  Seq Scan on movie_info mi  (cost=0.00..309384.22 rows=14739122 width=4) (actual time=0.026..4607.671 rows=14835720 loops=1)
  ->  Hash  (cost=177738.95..177738.95 rows=844294 width=8) (actual time=4339.974..4339.974 rows=992225 loops=1)
        Buckets: 131072  Batches: 16  Memory Usage: 3519kB
        ->  Hash Join  (cost=94978.31..177738.95 rows=844294 width=8) (actual time=1511.469..4016.310 rows=992225 loops=1)
              Hash Cond: (mc.movie_id = t.id)
              ->  Seq Scan on movie_companies mc  (cost=0.00..51404.11 rows=1279517 width=4) (actual time=0.008..866.366 rows=1274246 loops=1)
                    Filter: (company_type_id < 2)
                    Rows Removed by Filter: 1334883
              ->  Hash  (cost=67604.59..67604.59 rows=1668458 width=4) (actual time=1510.173..1510.173 rows=1671292 loops=1)
                    Buckets: 131072  Batches: 32  Memory Usage: 2858kB
                    ->  Seq Scan on title t  (cost=0.00..67604.59 rows=1668458 width=4) (actual time=0.014..1001.035 rows=1671292 loops=1)
                          Filter: (production_year < 2008)
                          Rows Removed by Filter: 857020
Planning time: 0.826 ms
Execution time: 30761.829 ms
