Seq Scan on movie_companies mc  (cost=0.00..51404.11 rows=104 width=0) (actual time=18.175..653.832 rows=63 loops=1)
  Filter: (company_id = 4464)
  Rows Removed by Filter: 2609066
Planning time: 0.341 ms
Execution time: 653.928 ms
