Seq Scan on cast_info ci  (cost=0.00..796071.18 rows=101 width=0) (actual time=7246.011..7353.928 rows=50 loops=1)
  Filter: ((person_id = 2667896) AND (role_id = 2))
  Rows Removed by Filter: 36244294
Planning time: 0.407 ms
Execution time: 7354.007 ms
