Hash Join  (cost=83074.74..109986.57 rows=134 width=0) (actual time=1130.444..1520.917 rows=45 loops=1)
  Hash Cond: (mi_idx.movie_id = t.id)
  ->  Seq Scan on movie_info_idx mi_idx  (cost=0.00..21735.35 rows=1380035 width=4) (actual time=0.015..215.761 rows=1380035 loops=1)
  ->  Hash  (cost=83071.67..83071.67 rows=246 width=8) (actual time=1075.940..1075.940 rows=28 loops=1)
        Buckets: 1024  Batches: 1  Memory Usage: 10kB
        ->  Nested Loop  (cost=0.43..83071.67 rows=246 width=8) (actual time=45.391..1075.887 rows=28 loops=1)
              ->  Seq Scan on movie_keyword mk  (cost=0.00..81003.12 rows=246 width=4) (actual time=45.288..1074.462 rows=28 loops=1)
                    Filter: (keyword_id = 43885)
                    Rows Removed by Filter: 4523902
              ->  Index Only Scan using title_pkey on title t  (cost=0.43..8.40 rows=1 width=4) (actual time=0.044..0.045 rows=1 loops=28)
                    Index Cond: (id = mk.movie_id)
                    Heap Fetches: 28
Planning time: 1.174 ms
Execution time: 1521.029 ms
