Seq Scan on movie_keyword mk  (cost=0.00..81003.12 rows=246 width=0) (actual time=0.792..1104.310 rows=1060 loops=1)
  Filter: (keyword_id = 494)
  Rows Removed by Filter: 4522870
Planning time: 0.351 ms
Execution time: 1104.748 ms
