Hash Join  (cost=203453.28..733793.10 rows=4735990 width=0) (actual time=3348.407..17073.145 rows=6764208 loops=1)
  Hash Cond: (mi.movie_id = t.id)
  ->  Seq Scan on movie_info mi  (cost=0.00..309384.22 rows=14739122 width=4) (actual time=0.024..4876.503 rows=14835720 loops=1)
  ->  Hash  (cost=190123.41..190123.41 rows=812469 width=8) (actual time=3347.515..3347.515 rows=507682 loops=1)
        Buckets: 131072  Batches: 16  Memory Usage: 2263kB
        ->  Hash Join  (cost=102767.86..190123.41 rows=812469 width=8) (actual time=2088.975..3230.644 rows=507682 loops=1)
              Hash Cond: (mc.movie_id = t.id)
              ->  Seq Scan on movie_companies mc  (cost=0.00..57926.93 rows=812469 width=4) (actual time=392.359..892.165 rows=507682 loops=1)
                    Filter: ((company_id < 15828) AND (company_type_id > 1))
                    Rows Removed by Filter: 2101447
              ->  Hash  (cost=61283.27..61283.27 rows=2528527 width=4) (actual time=1695.280..1695.280 rows=2528312 loops=1)
                    Buckets: 131072  Batches: 64  Memory Usage: 2415kB
                    ->  Seq Scan on title t  (cost=0.00..61283.27 rows=2528527 width=4) (actual time=0.035..825.370 rows=2528312 loops=1)
Planning time: 1.174 ms
Execution time: 17868.449 ms
