Seq Scan on movie_keyword mk  (cost=0.00..81003.12 rows=2171322 width=0) (actual time=0.022..1431.135 rows=2172324 loops=1)
  Filter: (keyword_id > 5269)
  Rows Removed by Filter: 2351606
Planning time: 0.325 ms
Execution time: 1710.534 ms
