Seq Scan on movie_companies mc  (cost=0.00..51404.11 rows=104 width=0) (actual time=38.976..662.092 rows=137 loops=1)
  Filter: (company_id = 4253)
  Rows Removed by Filter: 2608992
Planning time: 0.347 ms
Execution time: 662.195 ms
