Hash Join  (cost=102767.86..1147604.13 rows=9927698 width=0) (actual time=1644.396..24776.632 rows=10761006 loops=1)
  Hash Cond: (ci.movie_id = t.id)
  ->  Seq Scan on cast_info ci  (cost=0.00..796071.18 rows=9927698 width=4) (actual time=0.018..14157.770 rows=10761006 loops=1)
        Filter: ((person_id > 646082) AND (role_id > 3))
        Rows Removed by Filter: 25483338
  ->  Hash  (cost=61283.27..61283.27 rows=2528527 width=4) (actual time=1642.560..1642.560 rows=2528312 loops=1)
        Buckets: 131072  Batches: 64  Memory Usage: 2415kB
        ->  Seq Scan on title t  (cost=0.00..61283.27 rows=2528527 width=4) (actual time=0.017..794.901 rows=2528312 loops=1)
Planning time: 0.859 ms
Execution time: 26025.098 ms
