Hash Join  (cost=179427.86..1310813.51 rows=2959163 width=0) (actual time=3192.877..33975.992 rows=10146658 loops=1)
  Hash Cond: (ci.movie_id = t.id)
  ->  Seq Scan on cast_info ci  (cost=0.00..705507.15 rows=34199432 width=4) (actual time=0.009..14371.528 rows=34180137 loops=1)
        Filter: (person_id < 3657205)
        Rows Removed by Filter: 2064207
  ->  Hash  (cost=175838.05..175838.05 rows=218785 width=8) (actual time=3192.057..3192.057 rows=433955 loops=1)
        Buckets: 131072 (originally 131072)  Batches: 8 (originally 4)  Memory Usage: 3158kB
        ->  Hash Join  (cost=102767.86..175838.05 rows=218785 width=8) (actual time=1957.623..3081.262 rows=433955 loops=1)
              Hash Cond: (mc.movie_id = t.id)
              ->  Seq Scan on movie_companies mc  (cost=0.00..57926.93 rows=218785 width=4) (actual time=274.661..742.200 rows=433955 loops=1)
                    Filter: ((company_id > 78801) AND (company_type_id = 2))
                    Rows Removed by Filter: 2175174
              ->  Hash  (cost=61283.27..61283.27 rows=2528527 width=4) (actual time=1681.166..1681.166 rows=2528312 loops=1)
                    Buckets: 131072  Batches: 64  Memory Usage: 2415kB
                    ->  Seq Scan on title t  (cost=0.00..61283.27 rows=2528527 width=4) (actual time=0.027..823.058 rows=2528312 loops=1)
Planning time: 1.189 ms
Execution time: 34821.027 ms
