Seq Scan on movie_companies mc  (cost=0.00..57926.93 rows=1374 width=0) (actual time=286.392..683.995 rows=1433 loops=1)
  Filter: ((company_id = 181) AND (company_type_id = 2))
  Rows Removed by Filter: 2607696
Planning time: 0.404 ms
Execution time: 684.355 ms
