Nested Loop  (cost=0.43..798386.14 rows=144 width=0) (actual time=12577.869..14303.140 rows=9 loops=1)
  ->  Seq Scan on cast_info ci  (cost=0.00..796071.18 rows=276 width=4) (actual time=12577.715..14302.754 rows=11 loops=1)
        Filter: ((role_id < 3) AND (person_id = 806319))
        Rows Removed by Filter: 36244333
  ->  Index Scan using title_pkey on title t  (cost=0.43..8.38 rows=1 width=4) (actual time=0.027..0.027 rows=1 loops=11)
        Index Cond: (id = ci.movie_id)
        Filter: (production_year > 2001)
        Rows Removed by Filter: 0
Planning time: 0.785 ms
Execution time: 14303.252 ms
