Hash Join  (cost=73982.55..167562.89 rows=5983 width=0) (actual time=1381.710..2674.868 rows=1948 loops=1)
  Hash Cond: (mk.movie_id = t.id)
  ->  Seq Scan on movie_keyword mk  (cost=0.00..81003.12 rows=3337969 width=4) (actual time=0.010..1261.541 rows=3331298 loops=1)
        Filter: (keyword_id > 1437)
        Rows Removed by Filter: 1192632
  ->  Hash  (cost=73925.90..73925.90 rows=4532 width=4) (actual time=925.222..925.222 rows=8378 loops=1)
        Buckets: 16384 (originally 8192)  Batches: 1 (originally 1)  Memory Usage: 423kB
        ->  Seq Scan on title t  (cost=0.00..73925.90 rows=4532 width=4) (actual time=67.078..921.004 rows=8378 loops=1)
              Filter: ((kind_id = 7) AND (production_year = 1979))
              Rows Removed by Filter: 2519934
Planning time: 0.602 ms
Execution time: 2675.286 ms
