Hash Join  (cost=161776.73..1012625.88 rows=660542 width=0) (actual time=4318.360..19188.125 rows=2588555 loops=1)
  Hash Cond: (ci.movie_id = t.id)
  ->  Seq Scan on cast_info ci  (cost=0.00..796071.18 rows=4026013 width=4) (actual time=0.021..10968.183 rows=5215882 loops=1)
        Filter: ((person_id < 699016) AND (role_id < 3))
        Rows Removed by Filter: 31028462
  ->  Hash  (cost=154970.08..154970.08 rows=414852 width=8) (actual time=4317.203..4317.203 rows=694037 loops=1)
        Buckets: 131072 (originally 131072)  Batches: 16 (originally 8)  Memory Usage: 3073kB
        ->  Hash Join  (cost=74201.04..154970.08 rows=414852 width=8) (actual time=1112.296..4105.191 rows=694037 loops=1)
              Hash Cond: (mc.movie_id = t.id)
              ->  Seq Scan on movie_companies mc  (cost=0.00..44881.29 rows=2609129 width=4) (actual time=0.025..774.547 rows=2609129 loops=1)
              ->  Hash  (cost=67604.59..67604.59 rows=402036 width=4) (actual time=1111.610..1111.610 rows=395872 loops=1)
                    Buckets: 131072  Batches: 8  Memory Usage: 2759kB
                    ->  Seq Scan on title t  (cost=0.00..67604.59 rows=402036 width=4) (actual time=0.017..980.852 rows=395872 loops=1)
                          Filter: (production_year < 1972)
                          Rows Removed by Filter: 2132440
Planning time: 1.245 ms
Execution time: 19511.579 ms
