Hash Join  (cost=190230.21..323393.54 rows=1499702 width=0) (actual time=4026.470..8330.023 rows=6385678 loops=1)
  Hash Cond: (mk.movie_id = t.id)
  ->  Seq Scan on movie_keyword mk  (cost=0.00..81003.12 rows=2747783 width=4) (actual time=0.016..1401.363 rows=2738812 loops=1)
        Filter: (keyword_id > 2888)
        Rows Removed by Filter: 1785118
  ->  Hash  (cost=167588.78..167588.78 rows=1380035 width=8) (actual time=4025.612..4025.612 rows=1380035 loops=1)
        Buckets: 131072  Batches: 32  Memory Usage: 2726kB
        ->  Hash Join  (cost=102767.86..167588.78 rows=1380035 width=8) (actual time=1669.695..3599.739 rows=1380035 loops=1)
              Hash Cond: (mi_idx.movie_id = t.id)
              ->  Seq Scan on movie_info_idx mi_idx  (cost=0.00..21735.35 rows=1380035 width=4) (actual time=0.016..401.966 rows=1380035 loops=1)
              ->  Hash  (cost=61283.27..61283.27 rows=2528527 width=4) (actual time=1667.744..1667.744 rows=2528312 loops=1)
                    Buckets: 131072  Batches: 64  Memory Usage: 2415kB
                    ->  Seq Scan on title t  (cost=0.00..61283.27 rows=2528527 width=4) (actual time=0.010..838.657 rows=2528312 loops=1)
Planning time: 2.010 ms
Execution time: 9061.312 ms
