Hash Join  (cost=194547.28..691266.72 rows=3705425 width=0) (actual time=4699.208..23430.157 rows=31513487 loops=1)
  Hash Cond: (mi.movie_id = t.id)
  ->  Seq Scan on movie_info mi  (cost=0.00..346232.03 rows=9476311 width=4) (actual time=0.012..5227.418 rows=9565151 loops=1)
        Filter: (info_type_id < 16)
        Rows Removed by Filter: 5270569
  ->  Hash  (cost=178325.48..178325.48 rows=988704 width=8) (actual time=4697.950..4697.950 rows=1876178 loops=1)
        Buckets: 131072 (originally 131072)  Batches: 32 (originally 16)  Memory Usage: 3381kB
        ->  Hash Join  (cost=89645.92..178325.48 rows=988704 width=8) (actual time=1350.469..4107.569 rows=1876178 loops=1)
              Hash Cond: (mc.movie_id = t.id)
              ->  Seq Scan on movie_companies mc  (cost=0.00..44881.29 rows=2609129 width=4) (actual time=0.023..731.418 rows=2609129 loops=1)
              ->  Hash  (cost=73925.90..73925.90 rows=958161 width=4) (actual time=1349.643..1349.643 rows=975433 loops=1)
                    Buckets: 131072  Batches: 16  Memory Usage: 3166kB
                    ->  Seq Scan on title t  (cost=0.00..73925.90 rows=958161 width=4) (actual time=0.033..1043.764 rows=975433 loops=1)
                          Filter: ((kind_id < 7) AND (production_year > 1897))
                          Rows Removed by Filter: 1552879
Planning time: 1.160 ms
Execution time: 27229.170 ms
