Hash Join  (cost=67697.55..126055.97 rows=336 width=0) (actual time=920.615..1545.273 rows=792 loops=1)
  Hash Cond: (mc.movie_id = t.id)
  ->  Seq Scan on movie_companies mc  (cost=0.00..57926.93 rows=114168 width=4) (actual time=57.731..670.839 rows=51259 loops=1)
        Filter: ((company_id < 82) AND (company_type_id = 2))
        Rows Removed by Filter: 2557870
  ->  Hash  (cost=67604.59..67604.59 rows=7437 width=4) (actual time=861.699..861.699 rows=11416 loops=1)
        Buckets: 16384 (originally 8192)  Batches: 1 (originally 1)  Memory Usage: 530kB
        ->  Seq Scan on title t  (cost=0.00..67604.59 rows=7437 width=4) (actual time=0.038..856.198 rows=11416 loops=1)
              Filter: (production_year = 1964)
              Rows Removed by Filter: 2516896
Planning time: 0.800 ms
Execution time: 1545.578 ms
