Hash Join  (cost=163513.95..530066.51 rows=189664 width=0) (actual time=2037.242..9038.257 rows=4425736 loops=1)
  Hash Cond: (mi.movie_id = t.id)
  ->  Seq Scan on movie_info mi  (cost=0.00..309384.22 rows=14739122 width=4) (actual time=0.014..2783.206 rows=14835720 loops=1)
  ->  Hash  (cost=163107.24..163107.24 rows=32537 width=8) (actual time=2037.004..2037.004 rows=64806 loops=1)
        Buckets: 65536 (originally 32768)  Batches: 1 (originally 1)  Memory Usage: 3044kB
        ->  Hash Join  (cost=74452.28..163107.24 rows=32537 width=8) (actual time=745.571..2018.407 rows=64806 loops=1)
              Hash Cond: (mk.movie_id = t.id)
              ->  Seq Scan on movie_keyword mk  (cost=0.00..81003.12 rows=1953723 width=4) (actual time=0.014..981.719 rows=1961971 loops=1)
                    Filter: (keyword_id > 6492)
                    Rows Removed by Filter: 2561959
              ->  Hash  (cost=73925.90..73925.90 rows=42110 width=4) (actual time=745.090..745.090 rows=33905 loops=1)
                    Buckets: 65536  Batches: 1  Memory Usage: 1704kB
                    ->  Seq Scan on title t  (cost=0.00..73925.90 rows=42110 width=4) (actual time=0.064..732.680 rows=33905 loops=1)
                          Filter: ((kind_id < 7) AND (production_year = 2006))
                          Rows Removed by Filter: 2494407
Planning time: 1.153 ms
Execution time: 9539.203 ms
