Seq Scan on movie_keyword mk  (cost=0.00..81003.12 rows=1703600 width=0) (actual time=0.019..1085.846 rows=1710191 loops=1)
  Filter: (keyword_id < 2715)
  Rows Removed by Filter: 2813739
Planning time: 0.242 ms
Execution time: 1282.934 ms
