Hash Join  (cost=881333.25..1247144.75 rows=115557 width=0) (actual time=12747.938..18690.180 rows=307441 loops=1)
  Hash Cond: (mi.movie_id = t.id)
  ->  Seq Scan on movie_info mi  (cost=0.00..309384.22 rows=14739122 width=4) (actual time=0.015..2924.742 rows=14835720 loops=1)
  ->  Hash  (cost=881085.45..881085.45 rows=19824 width=8) (actual time=12744.419..12744.419 rows=11413 loops=1)
        Buckets: 32768  Batches: 1  Memory Usage: 702kB
        ->  Hash Join  (cost=74146.12..881085.45 rows=19824 width=8) (actual time=860.317..12738.912 rows=11413 loops=1)
              Hash Cond: (ci.movie_id = t.id)
              ->  Seq Scan on cast_info ci  (cost=0.00..796071.18 rows=2845310 width=4) (actual time=0.028..11636.347 rows=913242 loops=1)
                    Filter: ((person_id < 2437196) AND (role_id = 10))
                    Rows Removed by Filter: 35331102
              ->  Hash  (cost=73925.90..73925.90 rows=17617 width=4) (actual time=860.021..860.021 rows=22021 loops=1)
                    Buckets: 32768  Batches: 1  Memory Usage: 1031kB
                    ->  Seq Scan on title t  (cost=0.00..73925.90 rows=17617 width=4) (actual time=0.054..851.410 rows=22021 loops=1)
                          Filter: ((production_year > 2012) AND (kind_id = 1))
                          Rows Removed by Filter: 2506291
Planning time: 1.244 ms
Execution time: 18728.816 ms
