Hash Join  (cost=797557.90..852225.24 rows=182 width=0) (actual time=9079.045..9980.604 rows=24 loops=1)
  Hash Cond: (mc.movie_id = t.id)
  ->  Seq Scan on movie_companies mc  (cost=0.00..44881.29 rows=2609129 width=4) (actual time=0.012..492.470 rows=2609129 loops=1)
  ->  Hash  (cost=797555.70..797555.70 rows=176 width=8) (actual time=9007.544..9007.544 rows=12 loops=1)
        Buckets: 1024  Batches: 1  Memory Usage: 9kB
        ->  Nested Loop  (cost=0.43..797555.70 rows=176 width=8) (actual time=4903.039..9007.509 rows=12 loops=1)
              ->  Seq Scan on cast_info ci  (cost=0.00..796071.18 rows=176 width=4) (actual time=4902.876..9007.088 rows=12 loops=1)
                    Filter: ((person_id = 1552262) AND (role_id = 1))
                    Rows Removed by Filter: 36244332
              ->  Index Only Scan using title_pkey on title t  (cost=0.43..8.42 rows=1 width=4) (actual time=0.028..0.028 rows=1 loops=12)
                    Index Cond: (id = ci.movie_id)
                    Heap Fetches: 12
Planning time: 1.204 ms
Execution time: 9980.762 ms
