Seq Scan on cast_info ci  (cost=0.00..796071.18 rows=1473042 width=0) (actual time=7358.870..10611.418 rows=1576425 loops=1)
  Filter: ((person_id > 1640569) AND (role_id = 4))
  Rows Removed by Filter: 34667919
Planning time: 0.388 ms
Execution time: 10809.548 ms
