Hash Join  (cost=448993.07..607218.58 rows=652391 width=0) (actual time=10534.803..14099.937 rows=3435283 loops=1)
  Hash Cond: (mk.movie_id = t.id)
  ->  Seq Scan on movie_keyword mk  (cost=0.00..69693.30 rows=4523930 width=4) (actual time=0.019..1224.347 rows=4523930 loops=1)
  ->  Hash  (cost=443010.12..443010.12 rows=364636 width=8) (actual time=10533.702..10533.702 rows=666995 loops=1)
        Buckets: 131072 (originally 131072)  Batches: 16 (originally 8)  Memory Usage: 3073kB
        ->  Hash Join  (cost=74707.83..443010.12 rows=364636 width=8) (actual time=940.944..10293.600 rows=666995 loops=1)
              Hash Cond: (mi.movie_id = t.id)
              ->  Seq Scan on movie_info mi  (cost=0.00..309384.22 rows=14739122 width=4) (actual time=0.022..3296.357 rows=14835720 loops=1)
              ->  Hash  (cost=73925.90..73925.90 rows=62554 width=4) (actual time=940.461..940.461 rows=87409 loops=1)
                    Buckets: 131072 (originally 65536)  Batches: 2 (originally 1)  Memory Usage: 3073kB
                    ->  Seq Scan on title t  (cost=0.00..73925.90 rows=62554 width=4) (actual time=141.602..904.305 rows=87409 loops=1)
                          Filter: ((production_year > 2000) AND (kind_id = 4))
                          Rows Removed by Filter: 2440903
Planning time: 1.180 ms
Execution time: 14367.942 ms
