Seq Scan on title t  (cost=0.00..73925.90 rows=614073 width=0) (actual time=0.015..1173.100 rows=497470 loops=1)
  Filter: ((kind_id < 3) AND (production_year > 1972))
  Rows Removed by Filter: 2030842
Planning time: 0.359 ms
Execution time: 1239.920 ms
