Hash Join  (cost=225791.08..769029.08 rows=5944808 width=0) (actual time=5367.733..47854.183 rows=137812984 loops=1)
  Hash Cond: (mi.movie_id = t.id)
  ->  Seq Scan on movie_info mi  (cost=0.00..309384.22 rows=14739122 width=4) (actual time=0.015..4483.871 rows=14835720 loops=1)
  ->  Hash  (cost=209059.03..209059.03 rows=1019844 width=8) (actual time=5366.305..5366.305 rows=2209374 loops=1)
        Buckets: 131072 (originally 131072)  Batches: 32 (originally 16)  Memory Usage: 3788kB
        ->  Hash Join  (cost=83810.17..209059.03 rows=1019844 width=8) (actual time=1208.798..4670.471 rows=2209374 loops=1)
              Hash Cond: (mk.movie_id = t.id)
              ->  Seq Scan on movie_keyword mk  (cost=0.00..81003.12 rows=2610745 width=4) (actual time=0.015..1452.843 rows=2597028 loops=1)
                    Filter: (keyword_id > 3311)
                    Rows Removed by Filter: 1926902
              ->  Hash  (cost=67604.59..67604.59 rows=987727 width=4) (actual time=1207.702..1207.702 rows=985048 loops=1)
                    Buckets: 131072  Batches: 16  Memory Usage: 3197kB
                    ->  Seq Scan on title t  (cost=0.00..67604.59 rows=987727 width=4) (actual time=0.019..895.236 rows=985048 loops=1)
                          Filter: (kind_id < 7)
                          Rows Removed by Filter: 1543264
Planning time: 1.165 ms
Execution time: 62843.278 ms
