Hash Join  (cost=153585.47..646231.31 rows=1203291 width=0) (actual time=2775.231..18531.697 rows=21647925 loops=1)
  Hash Cond: (mi.movie_id = t.id)
  ->  Seq Scan on movie_info mi  (cost=0.00..309384.22 rows=14739122 width=4) (actual time=0.017..4520.429 rows=14835720 loops=1)
  ->  Hash  (cost=150198.13..150198.13 rows=206427 width=8) (actual time=2648.267..2648.267 rows=448925 loops=1)
        Buckets: 131072 (originally 131072)  Batches: 8 (originally 4)  Memory Usage: 3251kB
        ->  Hash Join  (cost=78556.72..150198.13 rows=206427 width=8) (actual time=1499.765..2492.827 rows=448925 loops=1)
              Hash Cond: (mc.movie_id = t.id)
              ->  Seq Scan on movie_companies mc  (cost=0.00..57926.93 rows=781921 width=4) (actual time=350.031..870.263 rows=567496 loops=1)
                    Filter: ((company_id > 5190) AND (company_type_id = 1))
                    Rows Removed by Filter: 2041633
              ->  Hash  (cost=67604.59..67604.59 rows=667531 width=4) (actual time=1066.409..1066.409 rows=662825 loops=1)
                    Buckets: 131072  Batches: 16  Memory Usage: 2476kB
                    ->  Seq Scan on title t  (cost=0.00..67604.59 rows=667531 width=4) (actual time=0.029..857.968 rows=662825 loops=1)
                          Filter: (kind_id = 1)
                          Rows Removed by Filter: 1865487
Planning time: 0.957 ms
Execution time: 20850.015 ms
