Seq Scan on movie_companies mc  (cost=0.00..51404.11 rows=522489 width=0) (actual time=6.880..738.029 rows=526714 loops=1)
  Filter: (company_id > 72914)
  Rows Removed by Filter: 2082415
Planning time: 0.343 ms
Execution time: 804.381 ms
