Seq Scan on cast_info ci  (cost=0.00..796071.18 rows=324 width=0) (actual time=4557.721..12285.468 rows=15 loops=1)
  Filter: ((role_id > 1) AND (person_id = 1299993))
  Rows Removed by Filter: 36244329
Planning time: 0.422 ms
Execution time: 12285.604 ms
