Seq Scan on movie_keyword mk  (cost=0.00..81003.12 rows=3982637 width=0) (actual time=0.023..1379.271 rows=3986379 loops=1)
  Filter: (keyword_id < 34193)
  Rows Removed by Filter: 537551
Planning time: 0.340 ms
Execution time: 1904.323 ms
