Seq Scan on movie_keyword mk  (cost=0.00..81003.12 rows=962196 width=0) (actual time=0.029..1170.279 rows=971363 loops=1)
  Filter: (keyword_id > 19445)
  Rows Removed by Filter: 3552567
Planning time: 0.319 ms
Execution time: 1297.715 ms
