Hash Join  (cost=156632.57..261863.99 rows=307306 width=0) (actual time=3235.487..5715.048 rows=1278724 loops=1)
  Hash Cond: (mk.movie_id = t.id)
  ->  Seq Scan on movie_keyword mk  (cost=0.00..81003.12 rows=1672597 width=4) (actual time=0.020..1391.229 rows=1683735 loops=1)
        Filter: (keyword_id > 8621)
        Rows Removed by Filter: 2840195
  ->  Hash  (cost=149010.49..149010.49 rows=464566 width=8) (actual time=3234.794..3234.794 rows=459925 loops=1)
        Buckets: 131072  Batches: 8  Memory Usage: 3284kB
        ->  Hash Join  (cost=102767.86..149010.49 rows=464566 width=8) (actual time=1568.591..3085.555 rows=459925 loops=1)
              Hash Cond: (mi_idx.movie_id = t.id)
              ->  Seq Scan on movie_info_idx mi_idx  (cost=0.00..25185.44 rows=464566 width=4) (actual time=0.017..389.476 rows=459925 loops=1)
                    Filter: (info_type_id = 101)
                    Rows Removed by Filter: 920110
              ->  Hash  (cost=61283.27..61283.27 rows=2528527 width=4) (actual time=1567.410..1567.410 rows=2528312 loops=1)
                    Buckets: 131072  Batches: 64  Memory Usage: 2415kB
                    ->  Seq Scan on title t  (cost=0.00..61283.27 rows=2528527 width=4) (actual time=0.033..760.932 rows=2528312 loops=1)
Planning time: 1.145 ms
Execution time: 5863.174 ms
