Seq Scan on movie_companies mc  (cost=0.00..51404.11 rows=495114 width=0) (actual time=12.212..723.206 rows=498027 loops=1)
  Filter: (company_id > 74341)
  Rows Removed by Filter: 2111102
Planning time: 0.355 ms
Execution time: 789.081 ms
