Hash Join  (cost=285716.03..925445.24 rows=13261238 width=0) (actual time=5923.842..40415.839 rows=111886154 loops=1)
  Hash Cond: (mi.movie_id = t.id)
  ->  Seq Scan on movie_info mi  (cost=0.00..309384.22 rows=14739122 width=4) (actual time=0.024..4393.229 rows=14835720 loops=1)
  ->  Hash  (cost=248391.62..248391.62 rows=2274993 width=8) (actual time=5922.949..5922.949 rows=2274770 loops=1)
        Buckets: 131072  Batches: 32  Memory Usage: 3865kB
        ->  Hash Join  (cost=102767.86..248391.62 rows=2274993 width=8) (actual time=1717.668..5241.057 rows=2274770 loops=1)
              Hash Cond: (mk.movie_id = t.id)
              ->  Seq Scan on movie_keyword mk  (cost=0.00..81003.12 rows=2274993 width=4) (actual time=0.014..1285.116 rows=2274770 loops=1)
                    Filter: (keyword_id < 4801)
                    Rows Removed by Filter: 2249160
              ->  Hash  (cost=61283.27..61283.27 rows=2528527 width=4) (actual time=1714.984..1714.984 rows=2528312 loops=1)
                    Buckets: 131072  Batches: 64  Memory Usage: 2425kB
                    ->  Seq Scan on title t  (cost=0.00..61283.27 rows=2528527 width=4) (actual time=0.014..888.646 rows=2528312 loops=1)
Planning time: 1.202 ms
Execution time: 51674.408 ms
