Seq Scan on movie_companies mc  (cost=0.00..57926.93 rows=1178205 width=0) (actual time=41.556..958.018 rows=1110454 loops=1)
  Filter: ((company_id > 67) AND (company_type_id = 1))
  Rows Removed by Filter: 1498675
Planning time: 0.380 ms
Execution time: 1102.045 ms
