Hash Join  (cost=82008.92..221760.35 rows=819404 width=0) (actual time=1073.727..4626.505 rows=1286366 loops=1)
  Hash Cond: (mk.movie_id = t.id)
  ->  Seq Scan on movie_keyword mk  (cost=0.00..81003.12 rows=4205670 width=4) (actual time=0.021..1573.356 rows=4185086 loops=1)
        Filter: (keyword_id > 275)
        Rows Removed by Filter: 338844
  ->  Hash  (cost=73925.90..73925.90 rows=492641 width=4) (actual time=1071.550..1071.550 rows=420285 loops=1)
        Buckets: 131072  Batches: 8  Memory Usage: 2876kB
        ->  Seq Scan on title t  (cost=0.00..73925.90 rows=492641 width=4) (actual time=0.025..931.647 rows=420285 loops=1)
              Filter: ((kind_id < 7) AND (production_year > 2002))
              Rows Removed by Filter: 2108027
Planning time: 2.243 ms
Execution time: 4767.667 ms
