Hash Join  (cost=1132659.98..2047274.16 rows=32116574 width=0) (actual time=25310.341..72964.307 rows=126868009 loops=1)
  Hash Cond: (mi.movie_id = t.id)
  ->  Seq Scan on movie_info mi  (cost=0.00..309384.22 rows=14739122 width=4) (actual time=0.020..4545.620 rows=14835720 loops=1)
  ->  Hash  (cost=1042266.17..1042266.17 rows=5509665 width=8) (actual time=25308.199..25308.199 rows=8884590 loops=1)
        Buckets: 131072  Batches: 128  Memory Usage: 3734kB
        ->  Hash Join  (cost=106436.46..1042266.17 rows=5509665 width=8) (actual time=4078.710..22500.984 rows=8884590 loops=1)
              Hash Cond: (ci.movie_id = t.id)
              ->  Seq Scan on cast_info ci  (cost=0.00..796071.18 rows=5885975 width=4) (actual time=1924.995..10654.725 rows=9078291 loops=1)
                    Filter: ((person_id > 2789819) AND (role_id > 1))
                    Rows Removed by Filter: 27166053
              ->  Hash  (cost=67604.59..67604.59 rows=2366870 width=4) (actual time=2152.649..2152.649 rows=2363319 loops=1)
                    Buckets: 131072  Batches: 32  Memory Usage: 3623kB
                    ->  Seq Scan on title t  (cost=0.00..67604.59 rows=2366870 width=4) (actual time=0.019..966.685 rows=2363319 loops=1)
                          Filter: (production_year > 1921)
                          Rows Removed by Filter: 164993
Planning time: 1.273 ms
Execution time: 87093.207 ms
