Hash Join  (cost=102767.86..181521.80 rows=454954 width=0) (actual time=1647.346..3613.566 rows=779284 loops=1)
  Hash Cond: (mc.movie_id = t.id)
  ->  Seq Scan on movie_companies mc  (cost=0.00..57926.93 rows=454954 width=4) (actual time=0.025..901.930 rows=779284 loops=1)
        Filter: ((company_id > 21419) AND (company_type_id > 1))
        Rows Removed by Filter: 1829845
  ->  Hash  (cost=61283.27..61283.27 rows=2528527 width=4) (actual time=1646.058..1646.058 rows=2528312 loops=1)
        Buckets: 131072  Batches: 64  Memory Usage: 2415kB
        ->  Seq Scan on title t  (cost=0.00..61283.27 rows=2528527 width=4) (actual time=0.014..812.610 rows=2528312 loops=1)
Planning time: 0.689 ms
Execution time: 3712.456 ms
