Seq Scan on movie_keyword mk  (cost=0.00..81003.12 rows=246 width=0) (actual time=4.137..765.125 rows=320 loops=1)
  Filter: (keyword_id = 9316)
  Rows Removed by Filter: 4523610
Planning time: 0.378 ms
Execution time: 765.333 ms
