Hash Join  (cost=127697.98..212775.07 rows=3359 width=0) (actual time=1854.866..2912.955 rows=36369 loops=1)
  Hash Cond: (mk.movie_id = t.id)
  ->  Seq Scan on movie_keyword mk  (cost=0.00..81003.12 rows=1077434 width=4) (actual time=0.024..898.402 rows=1088237 loops=1)
        Filter: (keyword_id > 16264)
        Rows Removed by Filter: 3435693
  ->  Hash  (cost=127599.43..127599.43 rows=7884 width=8) (actual time=1854.107..1854.107 rows=13921 loops=1)
        Buckets: 16384 (originally 8192)  Batches: 1 (originally 1)  Memory Usage: 672kB
        ->  Hash Join  (cost=68365.25..127599.43 rows=7884 width=8) (actual time=951.324..1848.017 rows=13921 loops=1)
              Hash Cond: (mc.movie_id = t.id)
              ->  Seq Scan on movie_companies mc  (cost=0.00..57926.93 rows=327574 width=4) (actual time=106.055..793.509 rows=629108 loops=1)
                    Filter: ((company_id > 55204) AND (company_type_id > 1))
                    Rows Removed by Filter: 1980021
              ->  Hash  (cost=67604.59..67604.59 rows=60853 width=4) (actual time=844.703..844.703 rows=62568 loops=1)
                    Buckets: 65536  Batches: 1  Memory Usage: 2712kB
                    ->  Seq Scan on title t  (cost=0.00..67604.59 rows=60853 width=4) (actual time=0.059..820.296 rows=62568 loops=1)
                          Filter: (production_year = 2002)
                          Rows Removed by Filter: 2465744
Planning time: 1.365 ms
Execution time: 2917.080 ms
