Nested Loop  (cost=0.43..52283.95 rows=32 width=0) (actual time=1.022..635.581 rows=512 loops=1)
  ->  Seq Scan on movie_companies mc  (cost=0.00..51404.11 rows=104 width=4) (actual time=0.980..603.001 rows=1709 loops=1)
        Filter: (company_id = 180)
        Rows Removed by Filter: 2607420
  ->  Index Scan using title_pkey on title t  (cost=0.43..8.45 rows=1 width=4) (actual time=0.018..0.018 rows=0 loops=1709)
        Index Cond: (id = mc.movie_id)
        Filter: (production_year > 2007)
        Rows Removed by Filter: 1
Planning time: 0.717 ms
Execution time: 635.884 ms
