Seq Scan on cast_info ci  (cost=0.00..796071.18 rows=168 width=0) (actual time=1245.962..13591.444 rows=270 loops=1)
  Filter: ((role_id > 3) AND (person_id = 3020092))
  Rows Removed by Filter: 36244074
Planning time: 0.510 ms
Execution time: 13591.601 ms
