Hash Join  (cost=80193.64..121463.91 rows=208479 width=0) (actual time=1045.243..2219.386 rows=455779 loops=1)
  Hash Cond: (mi_idx.movie_id = t.id)
  ->  Seq Scan on movie_info_idx mi_idx  (cost=0.00..21735.35 rows=1380035 width=4) (actual time=0.024..389.011 rows=1380035 loops=1)
  ->  Hash  (cost=73925.90..73925.90 rows=381979 width=4) (actual time=1044.330..1044.330 rows=440029 loops=1)
        Buckets: 131072  Batches: 8  Memory Usage: 2968kB
        ->  Seq Scan on title t  (cost=0.00..73925.90 rows=381979 width=4) (actual time=196.017..912.861 rows=440029 loops=1)
              Filter: ((kind_id < 2) AND (production_year < 2006))
              Rows Removed by Filter: 2088283
Planning time: 0.907 ms
Execution time: 2274.058 ms
