Seq Scan on cast_info ci  (cost=0.00..796071.18 rows=1740297 width=0) (actual time=6336.481..9863.959 rows=597340 loops=1)
  Filter: ((person_id < 1049982) AND (role_id > 8))
  Rows Removed by Filter: 35647004
Planning time: 0.341 ms
Execution time: 9943.109 ms
