Hash Join  (cost=862516.55..1035684.97 rows=950600 width=0) (actual time=17426.213..20686.976 rows=4130613 loops=1)
  Hash Cond: (mk.movie_id = t.id)
  ->  Seq Scan on movie_keyword mk  (cost=0.00..69693.30 rows=4523930 width=4) (actual time=0.020..1016.544 rows=4523930 loops=1)
  ->  Hash  (cost=853799.15..853799.15 rows=531312 width=8) (actual time=17422.369..17422.369 rows=545758 loops=1)
        Buckets: 131072  Batches: 8  Memory Usage: 3773kB
        ->  Hash Join  (cost=68449.54..853799.15 rows=531312 width=8) (actual time=784.954..16918.736 rows=545758 loops=1)
              Hash Cond: (ci.movie_id = t.id)
              ->  Seq Scan on cast_info ci  (cost=0.00..705507.15 rows=19874491 width=4) (actual time=0.027..10208.467 rows=19759446 loops=1)
                    Filter: (person_id < 1981310)
                    Rows Removed by Filter: 16484898
              ->  Hash  (cost=67604.59..67604.59 rows=67596 width=4) (actual time=784.276..784.276 rows=67777 loops=1)
                    Buckets: 131072  Batches: 1  Memory Usage: 3407kB
                    ->  Seq Scan on title t  (cost=0.00..67604.59 rows=67596 width=4) (actual time=0.027..758.323 rows=67777 loops=1)
                          Filter: (production_year = 2003)
                          Rows Removed by Filter: 2460535
Planning time: 1.139 ms
Execution time: 21026.913 ms
