Hash Join  (cost=83074.74..447745.01 rows=1434 width=0) (actual time=894.665..6139.138 rows=57599 loops=1)
  Hash Cond: (mi.movie_id = t.id)
  ->  Seq Scan on movie_info mi  (cost=0.00..309384.22 rows=14739122 width=4) (actual time=0.017..2581.755 rows=14835720 loops=1)
  ->  Hash  (cost=83071.67..83071.67 rows=246 width=8) (actual time=894.466..894.466 rows=742 loops=1)
        Buckets: 1024  Batches: 1  Memory Usage: 37kB
        ->  Nested Loop  (cost=0.43..83071.67 rows=246 width=8) (actual time=2.477..894.010 rows=742 loops=1)
              ->  Seq Scan on movie_keyword mk  (cost=0.00..81003.12 rows=246 width=4) (actual time=2.403..879.918 rows=742 loops=1)
                    Filter: (keyword_id = 1682)
                    Rows Removed by Filter: 4523188
              ->  Index Only Scan using title_pkey on title t  (cost=0.43..8.40 rows=1 width=4) (actual time=0.018..0.018 rows=1 loops=742)
                    Index Cond: (id = mk.movie_id)
                    Heap Fetches: 742
Planning time: 1.172 ms
Execution time: 6147.379 ms
