Hash Join  (cost=102767.86..1536857.19 rows=29868196 width=0) (actual time=1690.646..39133.012 rows=29798176 loops=1)
  Hash Cond: (ci.movie_id = t.id)
  ->  Seq Scan on cast_info ci  (cost=0.00..705507.15 rows=29868196 width=4) (actual time=0.016..13395.111 rows=29798176 loops=1)
        Filter: (person_id < 3011170)
        Rows Removed by Filter: 6446168
  ->  Hash  (cost=61283.27..61283.27 rows=2528527 width=4) (actual time=1689.178..1689.178 rows=2528312 loops=1)
        Buckets: 131072  Batches: 64  Memory Usage: 2415kB
        ->  Seq Scan on title t  (cost=0.00..61283.27 rows=2528527 width=4) (actual time=0.008..854.009 rows=2528312 loops=1)
Planning time: 0.517 ms
Execution time: 42104.678 ms
