Hash Join  (cost=52284.99..144106.16 rows=119 width=0) (actual time=718.116..2236.517 rows=456 loops=1)
  Hash Cond: (mk.movie_id = t.id)
  ->  Seq Scan on movie_keyword mk  (cost=0.00..81003.12 rows=2884493 width=4) (actual time=0.025..1191.972 rows=2875870 loops=1)
        Filter: (keyword_id < 8918)
        Rows Removed by Filter: 1648060
  ->  Hash  (cost=52283.69..52283.69 rows=104 width=8) (actual time=661.327..661.327 rows=14 loops=1)
        Buckets: 1024  Batches: 1  Memory Usage: 9kB
        ->  Nested Loop  (cost=0.43..52283.69 rows=104 width=8) (actual time=140.015..661.303 rows=14 loops=1)
              ->  Seq Scan on movie_companies mc  (cost=0.00..51404.11 rows=104 width=4) (actual time=139.922..660.651 rows=14 loops=1)
                    Filter: (company_id = 26734)
                    Rows Removed by Filter: 2609115
              ->  Index Only Scan using title_pkey on title t  (cost=0.43..8.45 rows=1 width=4) (actual time=0.039..0.040 rows=1 loops=14)
                    Index Cond: (id = mc.movie_id)
                    Heap Fetches: 14
Planning time: 1.150 ms
Execution time: 2236.699 ms
