Hash Join  (cost=78178.99..142282.76 rows=95161 width=0) (actual time=1093.613..2216.029 rows=61022 loops=1)
  Hash Cond: (mc.movie_id = t.id)
  ->  Seq Scan on movie_companies mc  (cost=0.00..51404.11 rows=928278 width=4) (actual time=0.023..726.940 rows=928217 loops=1)
        Filter: (company_id < 3281)
        Rows Removed by Filter: 1680912
  ->  Hash  (cost=73925.90..73925.90 rows=259207 width=4) (actual time=1091.548..1091.548 rows=271195 loops=1)
        Buckets: 131072  Batches: 4  Memory Usage: 3424kB
        ->  Seq Scan on title t  (cost=0.00..73925.90 rows=259207 width=4) (actual time=0.017..1001.719 rows=271195 loops=1)
              Filter: ((kind_id > 3) AND (production_year > 2010))
              Rows Removed by Filter: 2257117
Planning time: 0.787 ms
Execution time: 2222.354 ms
