Hash Join  (cost=128695.20..903496.02 rows=21840 width=0) (actual time=2263.194..18246.533 rows=186867 loops=1)
  Hash Cond: (ci.movie_id = t.id)
  ->  Seq Scan on cast_info ci  (cost=0.00..705507.15 rows=18420074 width=4) (actual time=0.022..12034.098 rows=18309099 loops=1)
        Filter: (person_id < 1820414)
        Rows Removed by Filter: 17935245
  ->  Hash  (cost=128657.72..128657.72 rows=2998 width=8) (actual time=2262.264..2262.264 rows=12158 loops=1)
        Buckets: 16384 (originally 4096)  Batches: 1 (originally 1)  Memory Usage: 603kB
        ->  Hash Join  (cost=73962.22..128657.72 rows=2998 width=8) (actual time=1125.949..2255.381 rows=12158 loops=1)
              Hash Cond: (mc.movie_id = t.id)
              ->  Seq Scan on movie_companies mc  (cost=0.00..44881.29 rows=2609129 width=4) (actual time=0.013..591.998 rows=2609129 loops=1)
              ->  Hash  (cost=73925.90..73925.90 rows=2905 width=4) (actual time=1125.804..1125.804 rows=6173 loops=1)
                    Buckets: 8192 (originally 4096)  Batches: 1 (originally 1)  Memory Usage: 282kB
                    ->  Seq Scan on title t  (cost=0.00..73925.90 rows=2905 width=4) (actual time=0.394..1122.820 rows=6173 loops=1)
                          Filter: ((kind_id < 7) AND (production_year = 1971))
                          Rows Removed by Filter: 2522139
Planning time: 1.255 ms
Execution time: 18273.402 ms
