Hash Join  (cost=69409.47..425788.38 rows=35225 width=0) (actual time=3423.306..5063.344 rows=12207 loops=1)
  Hash Cond: (mi.movie_id = t.id)
  ->  Seq Scan on movie_info mi  (cost=0.00..346232.03 rows=809768 width=4) (actual time=2603.471..4097.134 rows=802140 loops=1)
        Filter: (info_type_id < 2)
        Rows Removed by Filter: 14033580
  ->  Hash  (cost=67604.59..67604.59 rows=109991 width=4) (actual time=639.871..639.871 rows=112515 loops=1)
        Buckets: 131072  Batches: 2  Memory Usage: 3002kB
        ->  Seq Scan on title t  (cost=0.00..67604.59 rows=109991 width=4) (actual time=124.283..599.685 rows=112515 loops=1)
              Filter: (production_year < 1929)
              Rows Removed by Filter: 2415797
Planning time: 0.732 ms
Execution time: 5065.342 ms
