Hash Join  (cost=709675.59..802352.99 rows=240 width=0) (actual time=9285.726..10649.285 rows=39 loops=1)
  Hash Cond: (mk.movie_id = t.id)
  ->  Seq Scan on movie_keyword mk  (cost=0.00..81003.12 rows=3112500 width=4) (actual time=0.018..1393.226 rows=3095115 loops=1)
        Filter: (keyword_id > 1962)
        Rows Removed by Filter: 1428815
  ->  Hash  (cost=709673.15..709673.15 rows=195 width=8) (actual time=8820.232..8820.232 rows=3 loops=1)
        Buckets: 1024  Batches: 1  Memory Usage: 9kB
        ->  Nested Loop  (cost=0.43..709673.15 rows=195 width=8) (actual time=2299.927..8820.215 rows=3 loops=1)
              ->  Seq Scan on cast_info ci  (cost=0.00..705507.15 rows=500 width=4) (actual time=2299.848..8819.985 rows=6 loops=1)
                    Filter: (person_id = 2652686)
                    Rows Removed by Filter: 36244338
              ->  Index Scan using title_pkey on title t  (cost=0.43..8.32 rows=1 width=4) (actual time=0.033..0.033 rows=0 loops=6)
                    Index Cond: (id = ci.movie_id)
                    Filter: (kind_id < 7)
                    Rows Removed by Filter: 0
Planning time: 1.222 ms
Execution time: 10649.443 ms
