Seq Scan on cast_info ci  (cost=0.00..705507.15 rows=24022411 width=42) (actual time=0.027..15542.712 rows=24130698 loops=1)
  Filter: (role_id < 4)
  Rows Removed by Filter: 12113646
Planning time: 0.535 ms
Execution time: 16889.093 ms
