Hash Join  (cost=83810.17..172413.75 rows=94463 width=0) (actual time=1204.227..2331.245 rows=229731 loops=1)
  Hash Cond: (mk.movie_id = t.id)
  ->  Seq Scan on movie_keyword mk  (cost=0.00..81003.12 rows=241819 width=4) (actual time=0.047..865.330 rows=240727 loops=1)
        Filter: (keyword_id > 61750)
        Rows Removed by Filter: 4283203
  ->  Hash  (cost=67604.59..67604.59 rows=987727 width=4) (actual time=1203.256..1203.256 rows=985048 loops=1)
        Buckets: 131072  Batches: 16  Memory Usage: 3197kB
        ->  Seq Scan on title t  (cost=0.00..67604.59 rows=987727 width=4) (actual time=0.017..880.059 rows=985048 loops=1)
              Filter: (kind_id < 7)
              Rows Removed by Filter: 1543264
Planning time: 1.057 ms
Execution time: 2352.008 ms
