Hash Join  (cost=83810.17..190836.32 rows=559701 width=0) (actual time=1207.791..3141.223 rows=1263576 loops=1)
  Hash Cond: (mk.movie_id = t.id)
  ->  Seq Scan on movie_keyword mk  (cost=0.00..81003.12 rows=1432803 width=4) (actual time=0.021..987.858 rows=1447488 loops=1)
        Filter: (keyword_id < 2035)
        Rows Removed by Filter: 3076442
  ->  Hash  (cost=67604.59..67604.59 rows=987727 width=4) (actual time=1206.989..1206.989 rows=985048 loops=1)
        Buckets: 131072  Batches: 16  Memory Usage: 3197kB
        ->  Seq Scan on title t  (cost=0.00..67604.59 rows=987727 width=4) (actual time=0.025..895.159 rows=985048 loops=1)
              Filter: (kind_id < 7)
              Rows Removed by Filter: 1543264
Planning time: 0.755 ms
Execution time: 3256.040 ms
