Seq Scan on movie_companies mc  (cost=0.00..57926.93 rows=892776 width=0) (actual time=182.326..910.474 rows=1204300 loops=1)
  Filter: ((company_id < 30968) AND (company_type_id < 2))
  Rows Removed by Filter: 1404829
Planning time: 0.357 ms
Execution time: 1063.533 ms
