Hash Join  (cost=132963.89..942850.56 rows=135741 width=0) (actual time=3219.323..14398.756 rows=1947710 loops=1)
  Hash Cond: (ci.movie_id = t.id)
  ->  Seq Scan on cast_info ci  (cost=0.00..796071.18 rows=956022 width=4) (actual time=1019.545..9882.025 rows=3664669 loops=1)
        Filter: ((person_id > 3247812) AND (role_id > 6))
        Rows Removed by Filter: 32579675
  ->  Hash  (cost=127073.22..127073.22 rows=359014 width=8) (actual time=2198.865..2198.865 rows=636298 loops=1)
        Buckets: 131072 (originally 131072)  Batches: 16 (originally 8)  Memory Usage: 3073kB
        ->  Hash Join  (cost=83810.17..127073.22 rows=359014 width=8) (actual time=1115.556..2060.966 rows=636298 loops=1)
              Hash Cond: (mi_idx.movie_id = t.id)
              ->  Seq Scan on movie_info_idx mi_idx  (cost=0.00..25185.44 rows=919057 width=4) (actual time=0.020..346.752 rows=920110 loops=1)
                    Filter: (info_type_id > 99)
                    Rows Removed by Filter: 459925
              ->  Hash  (cost=67604.59..67604.59 rows=987727 width=4) (actual time=1114.865..1114.865 rows=985048 loops=1)
                    Buckets: 131072  Batches: 16  Memory Usage: 3188kB
                    ->  Seq Scan on title t  (cost=0.00..67604.59 rows=987727 width=4) (actual time=0.038..838.582 rows=985048 loops=1)
                          Filter: (kind_id < 7)
                          Rows Removed by Filter: 1543264
Planning time: 1.138 ms
Execution time: 14637.672 ms
