Hash Join  (cost=102767.86..1002228.57 rows=3886125 width=0) (actual time=1816.696..13693.565 rows=2384226 loops=1)
  Hash Cond: (ci.movie_id = t.id)
  ->  Seq Scan on cast_info ci  (cost=0.00..796071.18 rows=3886125 width=4) (actual time=232.482..10002.781 rows=2384226 loops=1)
        Filter: ((person_id < 842556) AND (role_id > 2))
        Rows Removed by Filter: 33860118
  ->  Hash  (cost=61283.27..61283.27 rows=2528527 width=4) (actual time=1582.309..1582.309 rows=2528312 loops=1)
        Buckets: 131072  Batches: 64  Memory Usage: 2415kB
        ->  Seq Scan on title t  (cost=0.00..61283.27 rows=2528527 width=4) (actual time=0.022..755.663 rows=2528312 loops=1)
Planning time: 1.264 ms
Execution time: 13957.554 ms
