Seq Scan on movie_companies mc  (cost=0.00..51404.11 rows=575903 width=0) (actual time=168.791..701.511 rows=579936 loops=1)
  Filter: (company_id > 71068)
  Rows Removed by Filter: 2029193
Planning time: 0.326 ms
Execution time: 775.688 ms
