Hash Join  (cost=102767.86..918103.01 rows=390029 width=0) (actual time=5626.681..13156.250 rows=653893 loops=1)
  Hash Cond: (ci.movie_id = t.id)
  ->  Seq Scan on cast_info ci  (cost=0.00..796071.18 rows=390029 width=4) (actual time=4083.452..10674.651 rows=653893 loops=1)
        Filter: ((person_id > 2047221) AND (role_id = 5))
        Rows Removed by Filter: 35590451
  ->  Hash  (cost=61283.27..61283.27 rows=2528527 width=4) (actual time=1542.264..1542.264 rows=2528312 loops=1)
        Buckets: 131072  Batches: 64  Memory Usage: 2415kB
        ->  Seq Scan on title t  (cost=0.00..61283.27 rows=2528527 width=4) (actual time=0.020..722.813 rows=2528312 loops=1)
Planning time: 0.698 ms
Execution time: 13236.302 ms
