Hash Join  (cost=884370.13..1499273.75 rows=2663308 width=0) (actual time=25845.632..41653.194 rows=11333537 loops=1)
  Hash Cond: (mi.movie_id = t.id)
  ->  Seq Scan on movie_info mi  (cost=0.00..346232.03 rows=11115165 width=4) (actual time=0.011..6840.666 rows=11210743 loops=1)
        Filter: (info_type_id > 3)
        Rows Removed by Filter: 3624977
  ->  Hash  (cost=874429.87..874429.87 rows=605861 width=8) (actual time=25843.140..25843.140 rows=805124 loops=1)
        Buckets: 131072 (originally 131072)  Batches: 16 (originally 8)  Memory Usage: 3073kB
        ->  Hash Join  (cost=74740.78..874429.87 rows=605861 width=8) (actual time=1252.182..25510.206 rows=805124 loops=1)
              Hash Cond: (ci.movie_id = t.id)
              ->  Seq Scan on cast_info ci  (cost=0.00..705507.15 rows=23499554 width=4) (actual time=0.011..14363.062 rows=23573656 loops=1)
                    Filter: (role_id > 1)
                    Rows Removed by Filter: 12670688
              ->  Hash  (cost=73925.90..73925.90 rows=65190 width=4) (actual time=1251.420..1251.420 rows=164932 loops=1)
                    Buckets: 131072 (originally 65536)  Batches: 2 (originally 1)  Memory Usage: 3925kB
                    ->  Seq Scan on title t  (cost=0.00..73925.90 rows=65190 width=4) (actual time=0.020..1188.182 rows=164932 loops=1)
                          Filter: ((kind_id < 7) AND (production_year < 1951))
                          Rows Removed by Filter: 2363380
Planning time: 1.188 ms
Execution time: 42927.001 ms
