Seq Scan on movie_companies mc  (cost=0.00..57926.93 rows=1020055 width=0) (actual time=366.392..915.567 rows=1165320 loops=1)
  Filter: ((company_id > 700) AND (company_type_id = 2))
  Rows Removed by Filter: 1443809
Planning time: 0.391 ms
Execution time: 1062.359 ms
