Hash Join  (cost=83074.74..109986.57 rows=134 width=0) (actual time=1016.766..1365.567 rows=78 loops=1)
  Hash Cond: (mi_idx.movie_id = t.id)
  ->  Seq Scan on movie_info_idx mi_idx  (cost=0.00..21735.35 rows=1380035 width=4) (actual time=0.015..193.520 rows=1380035 loops=1)
  ->  Hash  (cost=83071.67..83071.67 rows=246 width=8) (actual time=947.816..947.816 rows=36 loops=1)
        Buckets: 1024  Batches: 1  Memory Usage: 10kB
        ->  Nested Loop  (cost=0.43..83071.67 rows=246 width=8) (actual time=32.439..947.758 rows=36 loops=1)
              ->  Seq Scan on movie_keyword mk  (cost=0.00..81003.12 rows=246 width=4) (actual time=32.353..946.312 rows=36 loops=1)
                    Filter: (keyword_id = 13621)
                    Rows Removed by Filter: 4523894
              ->  Index Only Scan using title_pkey on title t  (cost=0.43..8.40 rows=1 width=4) (actual time=0.035..0.036 rows=1 loops=36)
                    Index Cond: (id = mk.movie_id)
                    Heap Fetches: 36
Planning time: 0.797 ms
Execution time: 1365.665 ms
