Hash Join  (cost=73953.14..438736.09 rows=12702 width=0) (actual time=678.156..6285.798 rows=24240 loops=1)
  Hash Cond: (mi.movie_id = t.id)
  ->  Seq Scan on movie_info mi  (cost=0.00..309384.22 rows=14739122 width=4) (actual time=0.021..2745.935 rows=14835720 loops=1)
  ->  Hash  (cost=73925.90..73925.90 rows=2179 width=4) (actual time=678.049..678.049 rows=2700 loops=1)
        Buckets: 4096  Batches: 1  Memory Usage: 127kB
        ->  Seq Scan on title t  (cost=0.00..73925.90 rows=2179 width=4) (actual time=0.279..676.712 rows=2700 loops=1)
              Filter: ((kind_id = 2) AND (production_year = 2002))
              Rows Removed by Filter: 2525612
Planning time: 0.773 ms
Execution time: 6289.968 ms
