Seq Scan on cast_info ci  (cost=0.00..705507.15 rows=15342380 width=0) (actual time=0.024..9097.193 rows=15229106 loops=1)
  Filter: (person_id < 1499991)
  Rows Removed by Filter: 21015238
Planning time: 0.327 ms
Execution time: 10868.500 ms
