Nested Loop  (cost=0.43..83071.67 rows=246 width=0) (actual time=0.766..1033.328 rows=2417 loops=1)
  ->  Seq Scan on movie_keyword mk  (cost=0.00..81003.12 rows=246 width=4) (actual time=0.688..996.521 rows=2417 loops=1)
        Filter: (keyword_id = 1226)
        Rows Removed by Filter: 4521513
  ->  Index Only Scan using title_pkey on title t  (cost=0.43..8.40 rows=1 width=4) (actual time=0.014..0.014 rows=1 loops=2417)
        Index Cond: (id = mk.movie_id)
        Heap Fetches: 2417
Planning time: 1.091 ms
Execution time: 1034.042 ms
