Hash Join  (cost=889160.99..3954909.48 rows=153721214 width=0) (actual time=22545.414..154831.110 rows=395277969 loops=1)
  Hash Cond: (ci.movie_id = t.id)
  ->  Seq Scan on cast_info ci  (cost=0.00..614943.12 rows=36225612 width=4) (actual time=0.013..14126.931 rows=36244344 loops=1)
  ->  Hash  (cost=713127.33..713127.33 rows=10729653 width=8) (actual time=22541.740..22541.740 rows=11065386 loops=1)
        Buckets: 131072  Batches: 256  Memory Usage: 2697kB
        ->  Hash Join  (cost=107649.95..713127.33 rows=10729653 width=8) (actual time=2266.621..19484.395 rows=11065386 loops=1)
              Hash Cond: (mi.movie_id = t.id)
              ->  Seq Scan on movie_info mi  (cost=0.00..346232.03 rows=11115165 width=4) (actual time=0.021..7451.209 rows=11210743 loops=1)
                    Filter: (info_type_id > 3)
                    Rows Removed by Filter: 3624977
              ->  Hash  (cost=67604.59..67604.59 rows=2440829 width=4) (actual time=2265.645..2265.645 rows=2439326 loops=1)
                    Buckets: 131072  Batches: 32  Memory Usage: 3713kB
                    ->  Seq Scan on title t  (cost=0.00..67604.59 rows=2440829 width=4) (actual time=0.011..1467.124 rows=2439326 loops=1)
                          Filter: (production_year > 1906)
                          Rows Removed by Filter: 88986
Planning time: 1.225 ms
Execution time: 198127.041 ms
