Seq Scan on movie_companies mc  (cost=0.00..57926.93 rows=53 width=0) (actual time=41.997..598.420 rows=37 loops=1)
  Filter: ((company_id = 1499) AND (company_type_id = 2))
  Rows Removed by Filter: 2609092
Planning time: 0.402 ms
Execution time: 598.529 ms
