Hash Join  (cost=308916.60..1230299.25 rows=5003837 width=0) (actual time=7464.830..29942.427 rows=41360472 loops=1)
  Hash Cond: (ci.movie_id = t.id)
  ->  Seq Scan on cast_info ci  (cost=0.00..796071.18 rows=4586256 width=4) (actual time=1004.677..10564.191 rows=10165232 loops=1)
        Filter: ((person_id > 2685126) AND (role_id > 2))
        Rows Removed by Filter: 26079112
  ->  Hash  (cost=263655.21..263655.21 rows=2758751 width=8) (actual time=6458.586..6458.586 rows=3313284 loops=1)
        Buckets: 131072  Batches: 64  Memory Usage: 3043kB
        ->  Hash Join  (cost=94978.31..263655.21 rows=2758751 width=8) (actual time=1530.067..5626.706 rows=3313284 loops=1)
              Hash Cond: (mk.movie_id = t.id)
              ->  Seq Scan on movie_keyword mk  (cost=0.00..81003.12 rows=4180852 width=4) (actual time=0.036..1386.830 rows=4162908 loops=1)
                    Filter: (keyword_id > 323)
                    Rows Removed by Filter: 361022
              ->  Hash  (cost=67604.59..67604.59 rows=1668458 width=4) (actual time=1528.829..1528.829 rows=1671292 loops=1)
                    Buckets: 131072  Batches: 32  Memory Usage: 2866kB
                    ->  Seq Scan on title t  (cost=0.00..67604.59 rows=1668458 width=4) (actual time=0.020..990.846 rows=1671292 loops=1)
                          Filter: (production_year < 2008)
                          Rows Removed by Filter: 857020
Planning time: 1.311 ms
Execution time: 33832.422 ms
