Hash Join  (cost=154223.42..508783.72 rows=9846 width=0) (actual time=1897.328..5909.431 rows=30411 loops=1)
  Hash Cond: (mi.movie_id = t.id)
  ->  Seq Scan on movie_info mi  (cost=0.00..346232.03 rows=2194617 width=4) (actual time=214.049..3957.578 rows=2233850 loops=1)
        Filter: (info_type_id > 16)
        Rows Removed by Filter: 12601870
  ->  Hash  (cost=154081.62..154081.62 rows=11344 width=8) (actual time=1645.522..1645.522 rows=3082 loops=1)
        Buckets: 16384  Batches: 1  Memory Usage: 249kB
        ->  Hash Join  (cost=70308.29..154081.62 rows=11344 width=8) (actual time=637.889..1644.164 rows=3082 loops=1)
              Hash Cond: (mk.movie_id = t.id)
              ->  Seq Scan on movie_keyword mk  (cost=0.00..81003.12 rows=174072 width=4) (actual time=0.049..908.387 rows=188777 loops=1)
                    Filter: (keyword_id < 137)
                    Rows Removed by Filter: 4335153
              ->  Hash  (cost=67604.59..67604.59 rows=164776 width=4) (actual time=635.758..635.758 rows=164307 loops=1)
                    Buckets: 131072  Batches: 4  Memory Usage: 2488kB
                    ->  Seq Scan on title t  (cost=0.00..67604.59 rows=164776 width=4) (actual time=0.026..591.493 rows=164307 loops=1)
                          Filter: (production_year = 2012)
                          Rows Removed by Filter: 2364005
Planning time: 0.688 ms
Execution time: 5913.798 ms
