Hash Join  (cost=188281.15..695300.01 rows=2550293 width=0) (actual time=2701.826..13114.581 rows=3047381 loops=1)
  Hash Cond: (mi.movie_id = t.id)
  ->  Seq Scan on movie_info mi  (cost=0.00..309384.22 rows=14739122 width=4) (actual time=0.021..4016.032 rows=14835720 loops=1)
  ->  Hash  (cost=181102.30..181102.30 rows=437508 width=8) (actual time=2700.976..2700.976 rows=120376 loops=1)
        Buckets: 131072  Batches: 8  Memory Usage: 1631kB
        ->  Hash Join  (cost=102767.86..181102.30 rows=437508 width=8) (actual time=1385.165..2661.203 rows=120376 loops=1)
              Hash Cond: (mc.movie_id = t.id)
              ->  Seq Scan on movie_companies mc  (cost=0.00..57926.93 rows=437508 width=4) (actual time=0.032..753.579 rows=120376 loops=1)
                    Filter: ((company_id > 21464) AND (company_type_id = 1))
                    Rows Removed by Filter: 2488753
              ->  Hash  (cost=61283.27..61283.27 rows=2528527 width=4) (actual time=1382.787..1382.787 rows=2528312 loops=1)
                    Buckets: 131072  Batches: 64  Memory Usage: 2415kB
                    ->  Seq Scan on title t  (cost=0.00..61283.27 rows=2528527 width=4) (actual time=0.012..657.474 rows=2528312 loops=1)
Planning time: 1.212 ms
Execution time: 13393.180 ms
