Hash Join  (cost=225186.41..721597.90 rows=3382613 width=0) (actual time=4430.609..23153.257 rows=47725939 loops=1)
  Hash Cond: (mi.movie_id = t.id)
  ->  Seq Scan on movie_info mi  (cost=0.00..346232.03 rows=9767026 width=4) (actual time=0.027..4689.385 rows=9911754 loops=1)
        Filter: (info_type_id > 4)
        Rows Removed by Filter: 4923966
  ->  Hash  (cost=210819.11..210819.11 rows=875704 width=8) (actual time=4429.598..4429.598 rows=1211085 loops=1)
        Buckets: 131072  Batches: 16  Memory Usage: 4131kB
        ->  Hash Join  (cost=77934.62..210819.11 rows=875704 width=8) (actual time=992.641..4121.660 rows=1211085 loops=1)
              Hash Cond: (mk.movie_id = t.id)
              ->  Seq Scan on movie_keyword mk  (cost=0.00..81003.12 rows=3516886 width=4) (actual time=0.027..1379.906 rows=3514036 loops=1)
                    Filter: (keyword_id > 978)
                    Rows Removed by Filter: 1009894
              ->  Hash  (cost=67604.59..67604.59 rows=629603 width=4) (actual time=991.524..991.524 rows=622851 loops=1)
                    Buckets: 131072  Batches: 16  Memory Usage: 2394kB
                    ->  Seq Scan on title t  (cost=0.00..67604.59 rows=629603 width=4) (actual time=0.026..801.075 rows=622851 loops=1)
                          Filter: (production_year < 1987)
                          Rows Removed by Filter: 1905461
Planning time: 1.106 ms
Execution time: 27575.118 ms
