Seq Scan on movie_companies mc  (cost=0.00..57926.93 rows=841122 width=0) (actual time=0.016..879.996 rows=1051401 loops=1)
  Filter: ((company_id > 3882) AND (company_type_id > 1))
  Rows Removed by Filter: 1557728
Planning time: 0.331 ms
Execution time: 1017.593 ms
