Hash Join  (cost=102767.86..1105821.87 rows=8191313 width=0) (actual time=4830.879..22401.976 rows=12670688 loops=1)
  Hash Cond: (ci.movie_id = t.id)
  ->  Seq Scan on cast_info ci  (cost=0.00..796071.18 rows=8191313 width=4) (actual time=3337.987..11932.057 rows=12670688 loops=1)
        Filter: ((person_id < 2373516) AND (role_id = 1))
        Rows Removed by Filter: 23573656
  ->  Hash  (cost=61283.27..61283.27 rows=2528527 width=4) (actual time=1491.515..1491.515 rows=2528312 loops=1)
        Buckets: 131072  Batches: 64  Memory Usage: 2415kB
        ->  Seq Scan on title t  (cost=0.00..61283.27 rows=2528527 width=4) (actual time=0.027..703.463 rows=2528312 loops=1)
Planning time: 0.792 ms
Execution time: 23574.414 ms
