Seq Scan on cast_info ci  (cost=0.00..796071.18 rows=324 width=0) (actual time=6109.145..9267.264 rows=36 loops=1)
  Filter: ((role_id > 1) AND (person_id = 329070))
  Rows Removed by Filter: 36244308
Planning time: 0.378 ms
Execution time: 9267.415 ms
