Hash Join  (cost=815031.88..1312081.50 rows=1616069 width=0) (actual time=10951.230..20193.987 rows=605412 loops=1)
  Hash Cond: (mi.movie_id = t.id)
  ->  Seq Scan on movie_info mi  (cost=0.00..309384.22 rows=14739122 width=4) (actual time=0.017..3778.302 rows=14835720 loops=1)
  ->  Hash  (cost=810483.38..810483.38 rows=277240 width=8) (actual time=10914.480..10914.480 rows=237992 loops=1)
        Buckets: 131072  Batches: 4  Memory Usage: 3345kB
        ->  Hash Join  (cost=80549.28..810483.38 rows=277240 width=8) (actual time=7739.083..10849.078 rows=237992 loops=1)
              Hash Cond: (ci.movie_id = t.id)
              ->  Seq Scan on cast_info ci  (cost=0.00..705507.15 rows=1736414 width=4) (actual time=6786.923..9155.103 rows=1703543 loops=1)
                    Filter: (role_id = 8)
                    Rows Removed by Filter: 34540801
              ->  Hash  (cost=73925.90..73925.90 rows=403710 width=4) (actual time=951.132..951.132 rows=434218 loops=1)
                    Buckets: 131072  Batches: 8  Memory Usage: 2935kB
                    ->  Seq Scan on title t  (cost=0.00..73925.90 rows=403710 width=4) (actual time=219.260..826.731 rows=434218 loops=1)
                          Filter: ((production_year > 2008) AND (kind_id = 7))
                          Rows Removed by Filter: 2094094
Planning time: 1.196 ms
Execution time: 20256.013 ms
