Seq Scan on movie_keyword mk  (cost=0.00..81003.12 rows=3985154 width=0) (actual time=0.024..1322.499 rows=3990953 loops=1)
  Filter: (keyword_id < 34343)
  Rows Removed by Filter: 532977
Planning time: 0.318 ms
Execution time: 1837.923 ms
