Hash Join  (cost=133253.02..219960.82 rows=4976 width=0) (actual time=1523.385..2661.571 rows=3420 loops=1)
  Hash Cond: (mk.movie_id = t.id)
  ->  Seq Scan on movie_keyword mk  (cost=0.00..69693.30 rows=4523930 width=4) (actual time=0.007..543.919 rows=4523930 loops=1)
  ->  Hash  (cost=133218.26..133218.26 rows=2781 width=8) (actual time=1523.094..1523.094 rows=1765 loops=1)
        Buckets: 4096  Batches: 1  Memory Usage: 101kB
        ->  Hash Join  (cost=74251.74..133218.26 rows=2781 width=8) (actual time=913.400..1522.126 rows=1765 loops=1)
              Hash Cond: (mc.movie_id = t.id)
              ->  Seq Scan on movie_companies mc  (cost=0.00..57926.93 rows=269805 width=4) (actual time=214.649..722.712 rows=404309 loops=1)
                    Filter: ((company_id < 554) AND (company_type_id < 2))
                    Rows Removed by Filter: 2204820
              ->  Hash  (cost=73925.90..73925.90 rows=26067 width=4) (actual time=698.546..698.546 rows=27085 loops=1)
                    Buckets: 32768  Batches: 1  Memory Usage: 1209kB
                    ->  Seq Scan on title t  (cost=0.00..73925.90 rows=26067 width=4) (actual time=0.030..689.827 rows=27085 loops=1)
                          Filter: ((kind_id < 7) AND (production_year > 2012))
                          Rows Removed by Filter: 2501227
Planning time: 1.172 ms
Execution time: 2662.209 ms
