Nested Loop  (cost=0.43..52283.95 rows=101 width=0) (actual time=428.269..554.509 rows=1 loops=1)
  ->  Seq Scan on movie_companies mc  (cost=0.00..51404.11 rows=104 width=4) (actual time=428.209..554.446 rows=1 loops=1)
        Filter: (company_id = 225644)
        Rows Removed by Filter: 2609128
  ->  Index Scan using title_pkey on title t  (cost=0.43..8.45 rows=1 width=4) (actual time=0.051..0.053 rows=1 loops=1)
        Index Cond: (id = mc.movie_id)
        Filter: (production_year > 1901)
Planning time: 0.868 ms
Execution time: 554.636 ms
