Hash Join  (cost=158730.38..296873.44 rows=1324802 width=0) (actual time=3545.675..6883.504 rows=1044480 loops=1)
  Hash Cond: (mk.movie_id = t.id)
  ->  Seq Scan on movie_keyword mk  (cost=0.00..69693.30 rows=4523930 width=4) (actual time=0.029..1416.624 rows=4523930 loops=1)
  ->  Hash  (cost=146581.61..146581.61 rows=740462 width=8) (actual time=3281.628..3281.628 rows=394707 loops=1)
        Buckets: 131072  Batches: 16  Memory Usage: 1995kB
        ->  Hash Join  (cost=96184.51..146581.61 rows=740462 width=8) (actual time=1990.632..3171.205 rows=394707 loops=1)
              Hash Cond: (mi_idx.movie_id = t.id)
              ->  Seq Scan on movie_info_idx mi_idx  (cost=0.00..21735.35 rows=1380035 width=4) (actual time=0.024..479.721 rows=1380035 loops=1)
              ->  Hash  (cost=73925.90..73925.90 rows=1356688 width=4) (actual time=1771.555..1771.555 rows=1327781 loops=1)
                    Buckets: 131072  Batches: 32  Memory Usage: 2479kB
                    ->  Seq Scan on title t  (cost=0.00..73925.90 rows=1356688 width=4) (actual time=0.023..1371.842 rows=1327781 loops=1)
                          Filter: ((production_year < 2012) AND (kind_id = 7))
                          Rows Removed by Filter: 1200531
Planning time: 5.755 ms
Execution time: 7007.222 ms
