Hash Join  (cost=365418.15..1282509.47 rows=10069604 width=0) (actual time=7624.062..24639.853 rows=34610651 loops=1)
  Hash Cond: (ci.movie_id = t.id)
  ->  Seq Scan on cast_info ci  (cost=0.00..705507.15 rows=5628130 width=4) (actual time=284.411..8197.269 rows=5552315 loops=1)
        Filter: (person_id < 536185)
        Rows Removed by Filter: 30692029
  ->  Hash  (cost=291197.02..291197.02 rows=4523930 width=8) (actual time=7338.230..7338.230 rows=4523930 loops=1)
        Buckets: 131072  Batches: 64  Memory Usage: 3816kB
        ->  Hash Join  (cost=102767.86..291197.02 rows=4523930 width=8) (actual time=1761.965..6156.865 rows=4523930 loops=1)
              Hash Cond: (mk.movie_id = t.id)
              ->  Seq Scan on movie_keyword mk  (cost=0.00..69693.30 rows=4523930 width=4) (actual time=0.026..920.161 rows=4523930 loops=1)
              ->  Hash  (cost=61283.27..61283.27 rows=2528527 width=4) (actual time=1759.665..1759.665 rows=2528312 loops=1)
                    Buckets: 131072  Batches: 64  Memory Usage: 2425kB
                    ->  Seq Scan on title t  (cost=0.00..61283.27 rows=2528527 width=4) (actual time=0.019..744.102 rows=2528312 loops=1)
Planning time: 1.168 ms
Execution time: 27667.850 ms
