Seq Scan on cast_info ci  (cost=0.00..705507.15 rows=312103 width=0) (actual time=2140.157..7520.148 rows=340080 loops=1)
  Filter: (person_id > 3999518)
  Rows Removed by Filter: 35904264
Planning time: 0.320 ms
Execution time: 7560.854 ms
