Seq Scan on cast_info ci  (cost=0.00..796071.18 rows=25369524 width=0) (actual time=0.021..11093.059 rows=27487384 loops=1)
  Filter: ((person_id < 2950787) AND (role_id < 10))
  Rows Removed by Filter: 8756960
Planning time: 0.339 ms
Execution time: 13745.801 ms
