Hash Join  (cost=78556.72..921487.21 rows=2505948 width=0) (actual time=1066.908..14332.484 rows=2842252 loops=1)
  Hash Cond: (ci.movie_id = t.id)
  ->  Seq Scan on cast_info ci  (cost=0.00..705507.15 rows=9492229 width=4) (actual time=67.233..8559.108 rows=9314358 loops=1)
        Filter: (person_id < 917335)
        Rows Removed by Filter: 26929986
  ->  Hash  (cost=67604.59..67604.59 rows=667531 width=4) (actual time=998.745..998.745 rows=662825 loops=1)
        Buckets: 131072  Batches: 16  Memory Usage: 2476kB
        ->  Seq Scan on title t  (cost=0.00..67604.59 rows=667531 width=4) (actual time=97.443..799.929 rows=662825 loops=1)
              Filter: (kind_id = 1)
              Rows Removed by Filter: 1865487
Planning time: 0.729 ms
Execution time: 14663.730 ms
