Seq Scan on movie_keyword mk  (cost=0.00..81003.12 rows=246 width=0) (actual time=2.544..735.651 rows=1519 loops=1)
  Filter: (keyword_id = 341)
  Rows Removed by Filter: 4522411
Planning time: 0.336 ms
Execution time: 736.058 ms
