Hash Join  (cost=74472.24..101480.10 rows=8030 width=0) (actual time=991.651..1323.593 rows=8823 loops=1)
  Hash Cond: (mi_idx.movie_id = t.id)
  ->  Seq Scan on movie_info_idx mi_idx  (cost=0.00..25185.44 rows=464566 width=4) (actual time=0.024..299.293 rows=459925 loops=1)
        Filter: (info_type_id = 101)
        Rows Removed by Filter: 920110
  ->  Hash  (cost=73925.90..73925.90 rows=43707 width=4) (actual time=863.366..863.366 rows=115312 loops=1)
        Buckets: 131072 (originally 65536)  Batches: 2 (originally 1)  Memory Usage: 3073kB
        ->  Seq Scan on title t  (cost=0.00..73925.90 rows=43707 width=4) (actual time=0.017..818.383 rows=115312 loops=1)
              Filter: ((kind_id < 7) AND (production_year < 1930))
              Rows Removed by Filter: 2413000
Planning time: 0.811 ms
Execution time: 1325.329 ms
