Hash Join  (cost=797557.90..1162224.09 rows=1026 width=0) (actual time=6881.119..11582.032 rows=1810 loops=1)
  Hash Cond: (mi.movie_id = t.id)
  ->  Seq Scan on movie_info mi  (cost=0.00..309384.22 rows=14739122 width=4) (actual time=0.011..2301.756 rows=14835720 loops=1)
  ->  Hash  (cost=797555.70..797555.70 rows=176 width=8) (actual time=6849.064..6849.064 rows=725 loops=1)
        Buckets: 1024  Batches: 1  Memory Usage: 37kB
        ->  Nested Loop  (cost=0.43..797555.70 rows=176 width=8) (actual time=2597.030..6848.751 rows=725 loops=1)
              ->  Seq Scan on cast_info ci  (cost=0.00..796071.18 rows=176 width=4) (actual time=2596.884..6825.100 rows=725 loops=1)
                    Filter: ((person_id = 1298665) AND (role_id = 1))
                    Rows Removed by Filter: 36243619
              ->  Index Only Scan using title_pkey on title t  (cost=0.43..8.42 rows=1 width=4) (actual time=0.032..0.032 rows=1 loops=725)
                    Index Cond: (id = ci.movie_id)
                    Heap Fetches: 725
Planning time: 1.227 ms
Execution time: 11582.478 ms
