Hash Join  (cost=83810.17..152762.77 rows=180954 width=0) (actual time=1503.473..2553.372 rows=130828 loops=1)
  Hash Cond: (mc.movie_id = t.id)
  ->  Seq Scan on movie_companies mc  (cost=0.00..57926.93 rows=463232 width=4) (actual time=165.876..872.655 rows=264205 loops=1)
        Filter: ((company_id < 2995) AND (company_type_id = 2))
        Rows Removed by Filter: 2344924
  ->  Hash  (cost=67604.59..67604.59 rows=987727 width=4) (actual time=1336.700..1336.700 rows=985048 loops=1)
        Buckets: 131072  Batches: 16  Memory Usage: 3188kB
        ->  Seq Scan on title t  (cost=0.00..67604.59 rows=987727 width=4) (actual time=0.017..1030.749 rows=985048 loops=1)
              Filter: (kind_id < 7)
              Rows Removed by Filter: 1543264
Planning time: 0.853 ms
Execution time: 2569.336 ms
