Hash Join  (cost=134025.55..228975.50 rows=66128 width=0) (actual time=1910.392..2836.893 rows=28435 loops=1)
  Hash Cond: (mk.movie_id = t.id)
  ->  Seq Scan on movie_keyword mk  (cost=0.00..81003.12 rows=3542812 width=4) (actual time=0.006..838.460 rows=3537775 loops=1)
        Filter: (keyword_id < 18753)
        Rows Removed by Filter: 986155
  ->  Hash  (cost=133435.60..133435.60 rows=47196 width=8) (actual time=1631.055..1631.055 rows=11536 loops=1)
        Buckets: 65536  Batches: 1  Memory Usage: 963kB
        ->  Hash Join  (cost=74747.02..133435.60 rows=47196 width=8) (actual time=972.992..1626.460 rows=11536 loops=1)
              Hash Cond: (mc.movie_id = t.id)
              ->  Seq Scan on movie_companies mc  (cost=0.00..51404.11 rows=1816669 width=4) (actual time=0.012..598.011 rows=1828551 loops=1)
                    Filter: (company_id > 1685)
                    Rows Removed by Filter: 780578
              ->  Hash  (cost=73925.90..73925.90 rows=65689 width=4) (actual time=657.126..657.126 rows=74524 loops=1)
                    Buckets: 131072  Batches: 1  Memory Usage: 3644kB
                    ->  Seq Scan on title t  (cost=0.00..73925.90 rows=65689 width=4) (actual time=0.029..633.101 rows=74524 loops=1)
                          Filter: ((kind_id = 7) AND (production_year = 2006))
                          Rows Removed by Filter: 2453788
Planning time: 0.774 ms
Execution time: 2838.984 ms
