Nested Loop  (cost=0.43..83071.67 rows=246 width=0) (actual time=1.103..977.166 rows=600 loops=1)
  ->  Seq Scan on movie_keyword mk  (cost=0.00..81003.12 rows=246 width=4) (actual time=1.046..966.245 rows=600 loops=1)
        Filter: (keyword_id = 3761)
        Rows Removed by Filter: 4523330
  ->  Index Only Scan using title_pkey on title t  (cost=0.43..8.40 rows=1 width=4) (actual time=0.017..0.017 rows=1 loops=600)
        Index Cond: (id = mk.movie_id)
        Heap Fetches: 600
Planning time: 0.712 ms
Execution time: 977.437 ms
