Seq Scan on cast_info ci  (cost=0.00..705507.15 rows=572655 width=0) (actual time=589.200..7766.389 rows=471481 loops=1)
  Filter: (person_id < 53203)
  Rows Removed by Filter: 35772863
Planning time: 0.340 ms
Execution time: 7828.081 ms
