Seq Scan on cast_info ci  (cost=0.00..705507.15 rows=13229862 width=0) (actual time=0.015..7978.289 rows=13191405 loops=1)
  Filter: (person_id < 1301992)
  Rows Removed by Filter: 23052939
Planning time: 0.218 ms
Execution time: 9377.262 ms
