Seq Scan on cast_info ci  (cost=0.00..796071.18 rows=41842 width=0) (actual time=3669.303..7582.374 rows=28219 loops=1)
  Filter: ((person_id < 51620) AND (role_id = 4))
  Rows Removed by Filter: 36216125
Planning time: 0.405 ms
Execution time: 7586.104 ms
