Seq Scan on movie_keyword mk  (cost=0.00..81003.12 rows=246 width=0) (actual time=63.999..938.277 rows=16 loops=1)
  Filter: (keyword_id = 28281)
  Rows Removed by Filter: 4523914
Planning time: 0.387 ms
Execution time: 938.378 ms
