Seq Scan on movie_companies mc  (cost=0.00..51404.11 rows=2571688 width=0) (actual time=0.018..803.199 rows=2572702 loops=1)
  Filter: (company_id < 202329)
  Rows Removed by Filter: 36427
Planning time: 0.232 ms
Execution time: 1134.532 ms
