Hash Join  (cost=102761.15..189487.62 rows=6844 width=0) (actual time=1289.508..2159.256 rows=90136 loops=1)
  Hash Cond: (mk.movie_id = t.id)
  ->  Seq Scan on movie_keyword mk  (cost=0.00..69693.30 rows=4523930 width=4) (actual time=0.017..417.232 rows=4523930 loops=1)
  ->  Hash  (cost=102713.33..102713.33 rows=3825 width=8) (actual time=1288.755..1288.755 rows=8750 loops=1)
        Buckets: 16384 (originally 4096)  Batches: 1 (originally 1)  Memory Usage: 470kB
        ->  Hash Join  (cost=74058.02..102713.33 rows=3825 width=8) (actual time=711.162..1285.018 rows=8750 loops=1)
              Hash Cond: (mi_idx.movie_id = t.id)
              ->  Seq Scan on movie_info_idx mi_idx  (cost=0.00..25185.44 rows=915101 width=4) (actual time=0.022..409.008 rows=919850 loops=1)
                    Filter: (info_type_id < 101)
                    Rows Removed by Filter: 460185
              ->  Hash  (cost=73925.90..73925.90 rows=10569 width=4) (actual time=711.008..711.008 rows=10528 loops=1)
                    Buckets: 16384  Batches: 1  Memory Usage: 499kB
                    ->  Seq Scan on title t  (cost=0.00..73925.90 rows=10569 width=4) (actual time=0.017..707.158 rows=10528 loops=1)
                          Filter: ((kind_id < 7) AND (production_year = 1993))
                          Rows Removed by Filter: 2517784
Planning time: 1.057 ms
Execution time: 2166.092 ms
