Seq Scan on movie_companies mc  (cost=0.00..57926.93 rows=53 width=0) (actual time=18.107..881.114 rows=126 loops=1)
  Filter: ((company_id = 51060) AND (company_type_id = 2))
  Rows Removed by Filter: 2609003
Planning time: 0.295 ms
Execution time: 881.223 ms
