Nested Loop  (cost=0.43..58375.18 rows=53 width=0) (actual time=147.733..565.303 rows=191 loops=1)
  ->  Seq Scan on movie_companies mc  (cost=0.00..57926.93 rows=53 width=4) (actual time=147.654..561.472 rows=191 loops=1)
        Filter: ((company_type_id > 1) AND (company_id = 78))
        Rows Removed by Filter: 2608938
  ->  Index Only Scan using title_pkey on title t  (cost=0.43..8.45 rows=1 width=4) (actual time=0.019..0.019 rows=1 loops=191)
        Index Cond: (id = mc.movie_id)
        Heap Fetches: 191
Planning time: 0.811 ms
Execution time: 565.428 ms
