Seq Scan on movie_keyword mk  (cost=0.00..81003.12 rows=721043 width=0) (actual time=3.054..794.614 rows=725055 loops=1)
  Filter: (keyword_id > 25868)
  Rows Removed by Filter: 3798875
Planning time: 0.227 ms
Execution time: 865.162 ms
