Hash Join  (cost=182159.49..1104412.56 rows=762070 width=0) (actual time=2900.568..18917.932 rows=1433168 loops=1)
  Hash Cond: (ci.movie_id = t.id)
  ->  Seq Scan on cast_info ci  (cost=0.00..796071.18 rows=10189919 width=4) (actual time=0.026..11014.363 rows=12412255 loops=1)
        Filter: ((person_id > 1321879) AND (role_id > 2))
        Rows Removed by Filter: 23832089
  ->  Hash  (cost=179056.74..179056.74 rows=189100 width=8) (actual time=2899.703..2899.703 rows=66546 loops=1)
        Buckets: 131072  Batches: 4  Memory Usage: 1654kB
        ->  Hash Join  (cost=71408.55..179056.74 rows=189100 width=8) (actual time=878.678..2884.507 rows=66546 loops=1)
              Hash Cond: (mk.movie_id = t.id)
              ->  Seq Scan on movie_keyword mk  (cost=0.00..81003.12 rows=2062417 width=4) (actual time=0.021..1285.365 rows=2080346 loops=1)
                    Filter: (keyword_id < 3681)
                    Rows Removed by Filter: 2443584
              ->  Hash  (cost=67604.59..67604.59 rows=231837 width=4) (actual time=877.310..877.310 rows=231649 loops=1)
                    Buckets: 131072  Batches: 4  Memory Usage: 3082kB
                    ->  Seq Scan on title t  (cost=0.00..67604.59 rows=231837 width=4) (actual time=0.029..796.876 rows=231649 loops=1)
                          Filter: (production_year > 2011)
                          Rows Removed by Filter: 2296663
Planning time: 1.188 ms
Execution time: 19064.631 ms
