Hash Join  (cost=69484.36..201808.14 rows=191791 width=0) (actual time=761.386..3362.478 rows=450821 loops=1)
  Hash Cond: (mk.movie_id = t.id)
  ->  Seq Scan on movie_keyword mk  (cost=0.00..81003.12 rows=4233797 width=4) (actual time=0.022..1337.938 rows=4213440 loops=1)
        Filter: (keyword_id > 245)
        Rows Removed by Filter: 310490
  ->  Hash  (cost=67604.59..67604.59 rows=114542 width=4) (actual time=760.479..760.479 rows=118234 loops=1)
        Buckets: 131072  Batches: 2  Memory Usage: 3107kB
        ->  Seq Scan on title t  (cost=0.00..67604.59 rows=114542 width=4) (actual time=119.211..716.693 rows=118234 loops=1)
              Filter: (kind_id = 4)
              Rows Removed by Filter: 2410078
Planning time: 0.777 ms
Execution time: 3413.964 ms
