Seq Scan on cast_info ci  (cost=0.00..705507.15 rows=15182800 width=0) (actual time=0.020..8162.847 rows=15326141 loops=1)
  Filter: (person_id > 2108476)
  Rows Removed by Filter: 20918203
Planning time: 0.344 ms
Execution time: 9759.206 ms
