Hash Join  (cost=73962.22..161610.29 rows=2030 width=0) (actual time=777.138..2057.426 rows=16807 loops=1)
  Hash Cond: (mk.movie_id = t.id)
  ->  Seq Scan on movie_keyword mk  (cost=0.00..81003.12 rows=1766573 width=4) (actual time=0.019..1016.466 rows=1773432 loops=1)
        Filter: (keyword_id < 2879)
        Rows Removed by Filter: 2750498
  ->  Hash  (cost=73925.90..73925.90 rows=2905 width=4) (actual time=776.237..776.237 rows=7777 loops=1)
        Buckets: 8192 (originally 4096)  Batches: 1 (originally 1)  Memory Usage: 338kB
        ->  Seq Scan on title t  (cost=0.00..73925.90 rows=2905 width=4) (actual time=1.215..772.782 rows=7777 loops=1)
              Filter: ((kind_id < 7) AND (production_year = 1985))
              Rows Removed by Filter: 2520535
Planning time: 0.758 ms
Execution time: 2059.784 ms
