Hash Join  (cost=184950.85..228194.97 rows=323564 width=0) (actual time=2813.836..3581.940 rows=331521 loops=1)
  Hash Cond: (mi_idx.movie_id = t.id)
  ->  Seq Scan on movie_info_idx mi_idx  (cost=0.00..21735.35 rows=1380035 width=4) (actual time=0.015..264.594 rows=1380035 loops=1)
  ->  Hash  (cost=175224.33..175224.33 rows=592841 width=8) (actual time=2812.703..2812.703 rows=300090 loops=1)
        Buckets: 131072  Batches: 8  Memory Usage: 2479kB
        ->  Hash Join  (cost=92883.59..175224.33 rows=592841 width=8) (actual time=1344.641..2735.763 rows=300090 loops=1)
              Hash Cond: (mc.movie_id = t.id)
              ->  Seq Scan on movie_companies mc  (cost=0.00..57926.93 rows=972880 width=4) (actual time=159.512..790.953 rows=1136763 loops=1)
                    Filter: ((company_id > 1263) AND (company_type_id > 1))
                    Rows Removed by Filter: 1472366
              ->  Hash  (cost=67604.59..67604.59 rows=1540800 width=4) (actual time=1183.982..1183.982 rows=1543264 loops=1)
                    Buckets: 131072  Batches: 32  Memory Usage: 2722kB
                    ->  Seq Scan on title t  (cost=0.00..67604.59 rows=1540800 width=4) (actual time=0.024..792.006 rows=1543264 loops=1)
                          Filter: (kind_id = 7)
                          Rows Removed by Filter: 985048
Planning time: 1.129 ms
Execution time: 3608.070 ms
