Hash Join  (cost=84243.64..127825.35 rows=343223 width=0) (actual time=1176.857..2213.087 rows=614936 loops=1)
  Hash Cond: (mi_idx.movie_id = t.id)
  ->  Seq Scan on movie_info_idx mi_idx  (cost=0.00..21735.35 rows=1380035 width=4) (actual time=0.023..321.006 rows=1380035 loops=1)
  ->  Hash  (cost=73925.90..73925.90 rows=628859 width=4) (actual time=1152.612..1152.612 rows=578447 loops=1)
        Buckets: 131072  Batches: 16  Memory Usage: 2292kB
        ->  Seq Scan on title t  (cost=0.00..73925.90 rows=628859 width=4) (actual time=496.044..985.280 rows=578447 loops=1)
              Filter: ((production_year > 1917) AND (kind_id = 1))
              Rows Removed by Filter: 1949865
Planning time: 0.776 ms
Execution time: 2274.286 ms
