Hash Join  (cost=477150.74..1189096.37 rows=62530 width=0) (actual time=8319.477..15762.469 rows=96778 loops=1)
  Hash Cond: (ci.movie_id = t.id)
  ->  Seq Scan on cast_info ci  (cost=0.00..705507.15 rows=350181 width=4) (actual time=2279.723..9516.034 rows=316118 loops=1)
        Filter: (role_id > 10)
        Rows Removed by Filter: 35928226
  ->  Hash  (cost=469742.89..469742.89 rows=451508 width=8) (actual time=6038.887..6038.887 rows=474443 loops=1)
        Buckets: 131072  Batches: 8  Memory Usage: 3338kB
        ->  Hash Join  (cost=102767.86..469742.89 rows=451508 width=8) (actual time=2785.035..5924.343 rows=474443 loops=1)
              Hash Cond: (mi.movie_id = t.id)
              ->  Seq Scan on movie_info mi  (cost=0.00..346232.03 rows=451508 width=4) (actual time=1171.184..3682.534 rows=474443 loops=1)
                    Filter: (info_type_id = 6)
                    Rows Removed by Filter: 14361277
              ->  Hash  (cost=61283.27..61283.27 rows=2528527 width=4) (actual time=1612.303..1612.303 rows=2528312 loops=1)
                    Buckets: 131072  Batches: 64  Memory Usage: 2425kB
                    ->  Seq Scan on title t  (cost=0.00..61283.27 rows=2528527 width=4) (actual time=0.023..745.167 rows=2528312 loops=1)
Planning time: 1.137 ms
Execution time: 15773.962 ms
