Seq Scan on cast_info ci  (cost=0.00..796071.18 rows=15958794 width=0) (actual time=0.022..16757.426 rows=16008630 loops=1)
  Filter: ((person_id > 50594) AND (role_id > 2))
  Rows Removed by Filter: 20235714
Planning time: 1.539 ms
Execution time: 18765.840 ms
