Hash Join  (cost=82370.79..1218977.61 rows=6423371 width=0) (actual time=908.962..25605.895 rows=6110452 loops=1)
  Hash Cond: (ci.movie_id = t.id)
  ->  Seq Scan on cast_info ci  (cost=0.00..705507.15 rows=31554923 width=4) (actual time=0.015..11645.813 rows=31605208 loops=1)
        Filter: (role_id < 10)
        Rows Removed by Filter: 4639136
  ->  Hash  (cost=73925.90..73925.90 rows=514711 width=4) (actual time=908.191..908.191 rows=386575 loops=1)
        Buckets: 131072  Batches: 8  Memory Usage: 2730kB
        ->  Seq Scan on title t  (cost=0.00..73925.90 rows=514711 width=4) (actual time=441.589..819.883 rows=386575 loops=1)
              Filter: ((production_year > 1979) AND (kind_id = 1))
              Rows Removed by Filter: 2141737
Planning time: 0.805 ms
Execution time: 26164.307 ms
