Seq Scan on cast_info ci  (cost=0.00..796071.18 rows=7214481 width=0) (actual time=5150.458..9318.720 rows=2655694 loops=1)
  Filter: ((person_id > 2357563) AND (role_id < 3))
  Rows Removed by Filter: 33588650
Planning time: 0.334 ms
Execution time: 9606.453 ms
