Seq Scan on movie_companies mc  (cost=0.00..51404.11 rows=104 width=0) (actual time=52.331..564.706 rows=3 loops=1)
  Filter: (company_id = 114257)
  Rows Removed by Filter: 2609126
Planning time: 0.347 ms
Execution time: 564.768 ms
