Hash Join  (cost=95610.13..848116.36 rows=171713 width=0) (actual time=1294.210..12976.615 rows=175595 loops=1)
  Hash Cond: (ci.movie_id = t.id)
  ->  Seq Scan on cast_info ci  (cost=0.00..614943.12 rows=36225612 width=4) (actual time=0.012..5149.614 rows=36244344 loops=1)
  ->  Hash  (cost=95460.32..95460.32 rows=11985 width=8) (actual time=1293.580..1293.580 rows=4936 loops=1)
        Buckets: 16384  Batches: 1  Memory Usage: 321kB
        ->  Hash Join  (cost=68426.36..95460.32 rows=11985 width=8) (actual time=799.962..1291.368 rows=4936 loops=1)
              Hash Cond: (mi_idx.movie_id = t.id)
              ->  Seq Scan on movie_info_idx mi_idx  (cost=0.00..25185.44 rows=460978 width=4) (actual time=0.023..370.655 rows=459925 loops=1)
                    Filter: (info_type_id < 100)
                    Rows Removed by Filter: 920110
              ->  Hash  (cost=67604.59..67604.59 rows=65742 width=4) (actual time=798.958..798.958 rows=63827 loops=1)
                    Buckets: 131072  Batches: 1  Memory Usage: 3268kB
                    ->  Seq Scan on title t  (cost=0.00..67604.59 rows=65742 width=4) (actual time=0.048..773.470 rows=63827 loops=1)
                          Filter: (production_year = 2013)
                          Rows Removed by Filter: 2464485
Planning time: 1.190 ms
Execution time: 13004.400 ms
