Seq Scan on cast_info ci  (cost=0.00..705507.15 rows=4976577 width=0) (actual time=0.020..7747.548 rows=4855152 loops=1)
  Filter: (person_id < 471573)
  Rows Removed by Filter: 31389192
Planning time: 0.326 ms
Execution time: 8295.790 ms
