Hash Join  (cost=100962.01..187669.55 rows=4951 width=0) (actual time=1852.045..2598.602 rows=15684 loops=1)
  Hash Cond: (mk.movie_id = t.id)
  ->  Seq Scan on movie_keyword mk  (cost=0.00..69693.30 rows=4523930 width=4) (actual time=0.013..677.465 rows=4523930 loops=1)
  ->  Hash  (cost=100927.42..100927.42 rows=2767 width=8) (actual time=1135.872..1135.872 rows=5610 loops=1)
        Buckets: 8192 (originally 4096)  Batches: 1 (originally 1)  Memory Usage: 284kB
        ->  Hash Join  (cost=73989.27..100927.42 rows=2767 width=8) (actual time=777.975..1134.002 rows=5610 loops=1)
              Hash Cond: (mi_idx.movie_id = t.id)
              ->  Seq Scan on movie_info_idx mi_idx  (cost=0.00..21735.35 rows=1380035 width=4) (actual time=0.024..184.541 rows=1380035 loops=1)
              ->  Hash  (cost=73925.90..73925.90 rows=5069 width=4) (actual time=722.987..722.987 rows=4420 loops=1)
                    Buckets: 8192  Batches: 1  Memory Usage: 220kB
                    ->  Seq Scan on title t  (cost=0.00..73925.90 rows=5069 width=4) (actual time=0.016..720.655 rows=4420 loops=1)
                          Filter: ((kind_id = 2) AND (production_year = 2010))
                          Rows Removed by Filter: 2523892
Planning time: 1.097 ms
Execution time: 2600.931 ms
