Hash Join  (cost=472864.48..605020.56 rows=833405 width=0) (actual time=9058.962..17187.032 rows=22915669 loops=1)
  Hash Cond: (mk.movie_id = t.id)
  ->  Seq Scan on movie_keyword mk  (cost=0.00..69693.30 rows=4523930 width=4) (actual time=0.010..1489.563 rows=4523930 loops=1)
  ->  Hash  (cost=465221.86..465221.86 rows=465809 width=8) (actual time=9056.859..9056.859 rows=474963 loops=1)
        Buckets: 131072  Batches: 8  Memory Usage: 3392kB
        ->  Hash Join  (cost=98969.27..465221.86 rows=465809 width=8) (actual time=3331.472..8906.334 rows=474963 loops=1)
              Hash Cond: (mi.movie_id = t.id)
              ->  Seq Scan on movie_info mi  (cost=0.00..346232.03 rows=616095 width=4) (actual time=1398.566..5656.040 rows=598457 loops=1)
                    Filter: (info_type_id = 15)
                    Rows Removed by Filter: 14237263
              ->  Hash  (cost=67604.59..67604.59 rows=1911735 width=4) (actual time=1906.313..1906.313 rows=1903258 loops=1)
                    Buckets: 131072  Batches: 32  Memory Usage: 3131kB
                    ->  Seq Scan on title t  (cost=0.00..67604.59 rows=1911735 width=4) (actual time=0.025..1279.025 rows=1903258 loops=1)
                          Filter: (production_year > 1982)
                          Rows Removed by Filter: 625054
Planning time: 1.604 ms
Execution time: 19676.171 ms
