Hash Join  (cost=198428.65..239433.38 rows=250183 width=0) (actual time=3371.756..4394.176 rows=810878 loops=1)
  Hash Cond: (mi_idx.movie_id = t.id)
  ->  Seq Scan on movie_info_idx mi_idx  (cost=0.00..25185.44 rows=919057 width=4) (actual time=0.019..380.673 rows=920110 loops=1)
        Filter: (info_type_id > 99)
        Rows Removed by Filter: 459925
  ->  Hash  (cost=187135.80..187135.80 rows=688308 width=8) (actual time=3370.749..3370.749 rows=926041 loops=1)
        Buckets: 131072  Batches: 16  Memory Usage: 3287kB
        ->  Hash Join  (cost=102767.86..187135.80 rows=688308 width=8) (actual time=1442.842..3141.819 rows=926041 loops=1)
              Hash Cond: (mc.movie_id = t.id)
              ->  Seq Scan on movie_companies mc  (cost=0.00..57926.93 rows=688308 width=4) (actual time=165.549..836.069 rows=926041 loops=1)
                    Filter: ((company_id > 11151) AND (company_type_id = 2))
                    Rows Removed by Filter: 1683088
              ->  Hash  (cost=61283.27..61283.27 rows=2528527 width=4) (actual time=1276.189..1276.189 rows=2528312 loops=1)
                    Buckets: 131072  Batches: 64  Memory Usage: 2415kB
                    ->  Seq Scan on title t  (cost=0.00..61283.27 rows=2528527 width=4) (actual time=0.017..610.203 rows=2528312 loops=1)
Planning time: 1.194 ms
Execution time: 4465.209 ms
