Seq Scan on cast_info ci  (cost=0.00..796071.18 rows=101 width=0) (actual time=832.947..7276.768 rows=5 loops=1)
  Filter: ((person_id = 1876536) AND (role_id = 2))
  Rows Removed by Filter: 36244339
Planning time: 0.415 ms
Execution time: 7276.851 ms
