Hash Join  (cost=365418.15..1505763.21 rows=21662827 width=0) (actual time=6485.494..30454.356 rows=75035397 loops=1)
  Hash Cond: (ci.movie_id = t.id)
  ->  Seq Scan on cast_info ci  (cost=0.00..705507.15 rows=12107845 width=4) (actual time=2.689..8052.260 rows=12016589 loops=1)
        Filter: (person_id < 1183610)
        Rows Removed by Filter: 24227755
  ->  Hash  (cost=291197.02..291197.02 rows=4523930 width=8) (actual time=5833.766..5833.766 rows=4523930 loops=1)
        Buckets: 131072  Batches: 64  Memory Usage: 3816kB
        ->  Hash Join  (cost=102767.86..291197.02 rows=4523930 width=8) (actual time=1502.651..4929.164 rows=4523930 loops=1)
              Hash Cond: (mk.movie_id = t.id)
              ->  Seq Scan on movie_keyword mk  (cost=0.00..69693.30 rows=4523930 width=4) (actual time=0.023..811.130 rows=4523930 loops=1)
              ->  Hash  (cost=61283.27..61283.27 rows=2528527 width=4) (actual time=1501.737..1501.737 rows=2528312 loops=1)
                    Buckets: 131072  Batches: 64  Memory Usage: 2425kB
                    ->  Seq Scan on title t  (cost=0.00..61283.27 rows=2528527 width=4) (actual time=0.020..695.973 rows=2528312 loops=1)
Planning time: 1.130 ms
Execution time: 36006.115 ms
