Seq Scan on movie_keyword mk  (cost=0.00..81003.12 rows=1213807 width=0) (actual time=0.016..933.052 rows=1222678 loops=1)
  Filter: (keyword_id > 14880)
  Rows Removed by Filter: 3301252
Planning time: 0.341 ms
Execution time: 1067.264 ms
