Seq Scan on movie_keyword mk  (cost=0.00..81003.12 rows=1017128 width=0) (actual time=0.022..647.586 rows=1023896 loops=1)
  Filter: (keyword_id > 17534)
  Rows Removed by Filter: 3500034
Planning time: 0.336 ms
Execution time: 725.872 ms
