Hash Join  (cost=102767.86..193311.78 rows=944922 width=0) (actual time=1760.848..2828.579 rows=791237 loops=1)
  Hash Cond: (mc.movie_id = t.id)
  ->  Seq Scan on movie_companies mc  (cost=0.00..57926.93 rows=944922 width=4) (actual time=373.011..776.041 rows=791237 loops=1)
        Filter: ((company_id > 1102) AND (company_type_id < 2))
        Rows Removed by Filter: 1817892
  ->  Hash  (cost=61283.27..61283.27 rows=2528527 width=4) (actual time=1386.647..1386.647 rows=2528312 loops=1)
        Buckets: 131072  Batches: 64  Memory Usage: 2415kB
        ->  Seq Scan on title t  (cost=0.00..61283.27 rows=2528527 width=4) (actual time=0.029..648.549 rows=2528312 loops=1)
Planning time: 0.737 ms
Execution time: 2885.553 ms
