Seq Scan on movie_keyword mk  (cost=0.00..81003.12 rows=3476134 width=0) (actual time=0.026..816.073 rows=3465357 loops=1)
  Filter: (keyword_id < 16677)
  Rows Removed by Filter: 1058573
Planning time: 0.307 ms
Execution time: 1103.911 ms
