Hash Join  (cost=77939.33..572958.97 rows=1425771 width=0) (actual time=998.818..10758.615 rows=4396284 loops=1)
  Hash Cond: (mi.movie_id = t.id)
  ->  Seq Scan on movie_info mi  (cost=0.00..309384.22 rows=14739122 width=4) (actual time=0.023..3348.442 rows=14835720 loops=1)
  ->  Hash  (cost=73925.90..73925.90 rows=244594 width=4) (actual time=933.428..933.428 rows=359543 loops=1)
        Buckets: 131072 (originally 131072)  Batches: 8 (originally 4)  Memory Usage: 3073kB
        ->  Seq Scan on title t  (cost=0.00..73925.90 rows=244594 width=4) (actual time=373.074..827.210 rows=359543 loops=1)
              Filter: ((kind_id < 2) AND (production_year < 1998))
              Rows Removed by Filter: 2168769
Planning time: 0.738 ms
Execution time: 11084.652 ms
