Seq Scan on cast_info ci  (cost=0.00..796071.18 rows=1462532 width=0) (actual time=1611.603..9414.076 rows=1262986 loops=1)
  Filter: ((person_id < 1927269) AND (role_id = 4))
  Rows Removed by Filter: 34981358
Planning time: 0.436 ms
Execution time: 9547.569 ms
