Hash Join  (cost=83073.49..447735.01 rows=560 width=0) (actual time=761.715..5889.620 rows=71123 loops=1)
  Hash Cond: (mi.movie_id = t.id)
  ->  Seq Scan on movie_info mi  (cost=0.00..309384.22 rows=14739122 width=4) (actual time=0.009..2456.475 rows=14835720 loops=1)
  ->  Hash  (cost=83072.29..83072.29 rows=96 width=8) (actual time=753.094..753.094 rows=1602 loops=1)
        Buckets: 2048 (originally 1024)  Batches: 1 (originally 1)  Memory Usage: 79kB
        ->  Nested Loop  (cost=0.43..83072.29 rows=96 width=8) (actual time=1.794..752.217 rows=1602 loops=1)
              ->  Seq Scan on movie_keyword mk  (cost=0.00..81003.12 rows=246 width=4) (actual time=1.760..723.689 rows=1677 loops=1)
                    Filter: (keyword_id = 2185)
                    Rows Removed by Filter: 4522253
              ->  Index Scan using title_pkey on title t  (cost=0.43..8.40 rows=1 width=4) (actual time=0.016..0.016 rows=1 loops=1677)
                    Index Cond: (id = mk.movie_id)
                    Filter: (kind_id < 7)
                    Rows Removed by Filter: 0
Planning time: 0.780 ms
Execution time: 5900.499 ms
