Hash Join  (cost=261747.73..685883.02 rows=2472947 width=0) (actual time=4624.724..9499.685 rows=457654 loops=1)
  Hash Cond: (mi.movie_id = t.id)
  ->  Seq Scan on movie_info mi  (cost=0.00..346232.03 rows=3623957 width=4) (actual time=197.158..3677.798 rows=3624977 loops=1)
        Filter: (info_type_id < 4)
        Rows Removed by Filter: 11210743
  ->  Hash  (cost=233439.74..233439.74 rows=1725439 width=8) (actual time=4426.413..4426.413 rows=377101 loops=1)
        Buckets: 131072  Batches: 32  Memory Usage: 1482kB
        ->  Hash Join  (cost=92883.59..233439.74 rows=1725439 width=8) (actual time=2200.816..4361.355 rows=377101 loops=1)
              Hash Cond: (mk.movie_id = t.id)
              ->  Seq Scan on movie_keyword mk  (cost=0.00..81003.12 rows=2831528 width=4) (actual time=0.030..1066.975 rows=2820145 loops=1)
                    Filter: (keyword_id < 8450)
                    Rows Removed by Filter: 1703785
              ->  Hash  (cost=67604.59..67604.59 rows=1540800 width=4) (actual time=2200.033..2200.033 rows=1543264 loops=1)
                    Buckets: 131072  Batches: 32  Memory Usage: 2728kB
                    ->  Seq Scan on title t  (cost=0.00..67604.59 rows=1540800 width=4) (actual time=0.017..865.897 rows=1543264 loops=1)
                          Filter: (kind_id = 7)
                          Rows Removed by Filter: 985048
Planning time: 1.217 ms
Execution time: 9552.433 ms
