Seq Scan on cast_info ci  (cost=0.00..705507.15 rows=9957114 width=0) (actual time=0.060..8352.392 rows=9754075 loops=1)
  Filter: (person_id < 959000)
  Rows Removed by Filter: 26490269
Planning time: 0.329 ms
Execution time: 9431.664 ms
