Hash Join  (cost=81720.25..1142264.84 rows=7996111 width=0) (actual time=877.853..21175.336 rows=8358962 loops=1)
  Hash Cond: (ci.movie_id = t.id)
  ->  Seq Scan on cast_info ci  (cost=0.00..705507.15 rows=23499554 width=4) (actual time=0.014..9499.965 rows=23573656 loops=1)
        Filter: (role_id > 1)
        Rows Removed by Filter: 12670688
  ->  Hash  (cost=67604.59..67604.59 rows=860373 width=4) (actual time=876.901..876.901 rows=854214 loops=1)
        Buckets: 131072  Batches: 16  Memory Usage: 2897kB
        ->  Seq Scan on title t  (cost=0.00..67604.59 rows=860373 width=4) (actual time=0.028..671.525 rows=854214 loops=1)
              Filter: (kind_id < 4)
              Rows Removed by Filter: 1674098
Planning time: 0.734 ms
Execution time: 21838.641 ms
