Hash Join  (cost=96147.73..547449.21 rows=3158988 width=0) (actual time=1139.640..6886.543 rows=960087 loops=1)
  Hash Cond: (mi.movie_id = t.id)
  ->  Seq Scan on movie_info mi  (cost=0.00..346232.03 rows=5897221 width=4) (actual time=0.014..3577.272 rows=5884963 loops=1)
        Filter: (info_type_id < 7)
        Rows Removed by Filter: 8950757
  ->  Hash  (cost=73925.90..73925.90 rows=1354466 width=4) (actual time=1138.568..1138.568 rows=1432013 loops=1)
        Buckets: 131072  Batches: 32  Memory Usage: 2605kB
        ->  Seq Scan on title t  (cost=0.00..73925.90 rows=1354466 width=4) (actual time=71.095..778.551 rows=1432013 loops=1)
              Filter: ((production_year > 1959) AND (kind_id = 7))
              Rows Removed by Filter: 1096299
Planning time: 0.735 ms
Execution time: 6959.175 ms
