Hash Join  (cost=177461.80..318773.22 rows=1584838 width=0) (actual time=2659.843..6370.010 rows=6954370 loops=1)
  Hash Cond: (mk.movie_id = t.id)
  ->  Seq Scan on movie_keyword mk  (cost=0.00..69693.30 rows=4523930 width=4) (actual time=0.015..932.106 rows=4523930 loops=1)
  ->  Hash  (cost=162928.28..162928.28 rows=885802 width=8) (actual time=2658.930..2658.930 rows=914614 loops=1)
        Buckets: 131072  Batches: 16  Memory Usage: 3268kB
        ->  Hash Join  (cost=107587.54..162928.28 rows=885802 width=8) (actual time=1280.780..2457.326 rows=914614 loops=1)
              Hash Cond: (mi_idx.movie_id = t.id)
              ->  Seq Scan on movie_info_idx mi_idx  (cost=0.00..25185.44 rows=919057 width=4) (actual time=0.030..347.691 rows=920110 loops=1)
                    Filter: (info_type_id > 99)
                    Rows Removed by Filter: 459925
              ->  Hash  (cost=67604.59..67604.59 rows=2437036 width=4) (actual time=1279.782..1279.782 rows=2435127 loops=1)
                    Buckets: 131072  Batches: 32  Memory Usage: 3699kB
                    ->  Seq Scan on title t  (cost=0.00..67604.59 rows=2437036 width=4) (actual time=0.027..701.968 rows=2435127 loops=1)
                          Filter: (production_year > 1908)
                          Rows Removed by Filter: 93185
Planning time: 1.152 ms
Execution time: 6917.659 ms
