Nested Loop  (cost=32749.09..128816.27 rows=2337 width=0) (actual time=481.533..1245.088 rows=8837 loops=1)
  ->  Hash Join  (cost=32748.66..118025.21 rows=12727 width=8) (actual time=481.474..1153.594 rows=8837 loops=1)
        Hash Cond: (mk.movie_id = mi_idx.movie_id)
        ->  Seq Scan on movie_keyword mk  (cost=0.00..81003.12 rows=12818 width=4) (actual time=0.026..618.668 rows=12645 loops=1)
              Filter: (keyword_id = 245)
              Rows Removed by Filter: 4511285
        ->  Hash  (cost=25185.44..25185.44 rows=460978 width=4) (actual time=480.257..480.257 rows=459925 loops=1)
              Buckets: 131072  Batches: 8  Memory Usage: 3059kB
              ->  Seq Scan on movie_info_idx mi_idx  (cost=0.00..25185.44 rows=460978 width=4) (actual time=0.021..348.238 rows=459925 loops=1)
                    Filter: (info_type_id < 100)
                    Rows Removed by Filter: 920110
  ->  Index Only Scan using title_pkey on title t  (cost=0.43..0.84 rows=1 width=4) (actual time=0.010..0.010 rows=1 loops=8837)
        Index Cond: (id = mi_idx.movie_id)
        Heap Fetches: 8837
Planning time: 1.002 ms
Execution time: 1246.612 ms
