Hash Join  (cost=102767.86..302163.46 rows=4509691 width=0) (actual time=1864.506..7209.541 rows=4509566 loops=1)
  Hash Cond: (mk.movie_id = t.id)
  ->  Seq Scan on movie_keyword mk  (cost=0.00..81003.12 rows=4509691 width=4) (actual time=0.010..1767.928 rows=4509566 loops=1)
        Filter: (keyword_id > 1)
        Rows Removed by Filter: 14364
  ->  Hash  (cost=61283.27..61283.27 rows=2528527 width=4) (actual time=1862.853..1862.853 rows=2528312 loops=1)
        Buckets: 131072  Batches: 64  Memory Usage: 2425kB
        ->  Seq Scan on title t  (cost=0.00..61283.27 rows=2528527 width=4) (actual time=0.040..972.085 rows=2528312 loops=1)
Planning time: 0.777 ms
Execution time: 7723.890 ms
