Hash Join  (cost=83810.17..199203.27 rows=770976 width=0) (actual time=962.890..3031.754 rows=1679195 loops=1)
  Hash Cond: (mk.movie_id = t.id)
  ->  Seq Scan on movie_keyword mk  (cost=0.00..81003.12 rows=1973656 width=4) (actual time=0.024..994.308 rows=1982373 loops=1)
        Filter: (keyword_id > 6370)
        Rows Removed by Filter: 2541557
  ->  Hash  (cost=67604.59..67604.59 rows=987727 width=4) (actual time=961.917..961.917 rows=985048 loops=1)
        Buckets: 131072  Batches: 16  Memory Usage: 3197kB
        ->  Seq Scan on title t  (cost=0.00..67604.59 rows=987727 width=4) (actual time=0.012..667.449 rows=985048 loops=1)
              Filter: (kind_id < 7)
              Rows Removed by Filter: 1543264
Planning time: 0.759 ms
Execution time: 3165.314 ms
