Hash Join  (cost=83072.98..833863.00 rows=85 width=0) (actual time=1703.230..11350.742 rows=38 loops=1)
  Hash Cond: (ci.movie_id = t.id)
  ->  Seq Scan on cast_info ci  (cost=0.00..614943.12 rows=36225612 width=4) (actual time=0.015..4948.328 rows=36244344 loops=1)
  ->  Hash  (cost=83072.90..83072.90 rows=6 width=8) (actual time=946.241..946.241 rows=2 loops=1)
        Buckets: 1024  Batches: 1  Memory Usage: 9kB
        ->  Nested Loop  (cost=0.43..83072.90 rows=6 width=8) (actual time=563.484..946.231 rows=2 loops=1)
              ->  Seq Scan on movie_keyword mk  (cost=0.00..81003.12 rows=246 width=4) (actual time=4.005..943.708 rows=69 loops=1)
                    Filter: (keyword_id = 12230)
                    Rows Removed by Filter: 4523861
              ->  Index Scan using title_pkey on title t  (cost=0.43..8.40 rows=1 width=4) (actual time=0.034..0.034 rows=0 loops=69)
                    Index Cond: (id = mk.movie_id)
                    Filter: ((production_year > 2011) AND (kind_id = 1))
                    Rows Removed by Filter: 1
Planning time: 0.827 ms
Execution time: 11350.918 ms
