Hash Join  (cost=73962.22..467834.36 rows=14551 width=0) (actual time=1311.325..6292.856 rows=227 loops=1)
  Hash Cond: (mi.movie_id = t.id)
  ->  Seq Scan on movie_info mi  (cost=0.00..346232.03 rows=12665229 width=4) (actual time=0.016..4006.480 rows=12744652 loops=1)
        Filter: (info_type_id > 2)
        Rows Removed by Filter: 2091068
  ->  Hash  (cost=73925.90..73925.90 rows=2905 width=4) (actual time=822.476..822.476 rows=32 loops=1)
        Buckets: 4096  Batches: 1  Memory Usage: 34kB
        ->  Seq Scan on title t  (cost=0.00..73925.90 rows=2905 width=4) (actual time=0.532..822.431 rows=32 loops=1)
              Filter: ((kind_id < 7) AND (production_year = 2016))
              Rows Removed by Filter: 2528280
Planning time: 0.715 ms
Execution time: 6293.072 ms
