Seq Scan on cast_info ci  (cost=0.00..705507.15 rows=8492660 width=0) (actual time=0.015..7272.265 rows=8471315 loops=1)
  Filter: (person_id > 2838565)
  Rows Removed by Filter: 27773029
Planning time: 0.251 ms
Execution time: 8110.695 ms
