Hash Join  (cost=85299.08..633449.24 rows=3818104 width=0) (actual time=703.071..10001.151 rows=6693139 loops=1)
  Hash Cond: (mi.movie_id = t.id)
  ->  Seq Scan on movie_info mi  (cost=0.00..346232.03 rows=13926693 width=4) (actual time=52.205..3875.653 rows=13963496 loops=1)
        Filter: (info_type_id < 98)
        Rows Removed by Filter: 872224
  ->  Hash  (cost=73925.90..73925.90 rows=693214 width=4) (actual time=649.830..649.830 rows=597633 loops=1)
        Buckets: 131072  Batches: 16  Memory Usage: 2344kB
        ->  Seq Scan on title t  (cost=0.00..73925.90 rows=693214 width=4) (actual time=0.022..522.989 rows=597633 loops=1)
              Filter: ((kind_id < 3) AND (production_year > 1943))
              Rows Removed by Filter: 1930679
Planning time: 0.756 ms
Execution time: 10446.982 ms
