Nested Loop  (cost=0.43..118469.54 rows=219 width=0) (actual time=12.915..900.768 rows=37 loops=1)
  ->  Seq Scan on movie_keyword mk  (cost=0.00..81003.12 rows=5127 width=4) (actual time=0.133..850.449 rows=4676 loops=1)
        Filter: (keyword_id = 2849)
        Rows Removed by Filter: 4519254
  ->  Index Scan using title_pkey on title t  (cost=0.43..7.30 rows=1 width=4) (actual time=0.010..0.010 rows=0 loops=4676)
        Index Cond: (id = mk.movie_id)
        Filter: (production_year = 2006)
        Rows Removed by Filter: 1
Planning time: 0.746 ms
Execution time: 900.904 ms
