Hash Join  (cost=210558.07..294800.47 rows=666787 width=0) (actual time=4233.101..6419.130 rows=382680 loops=1)
  Hash Cond: (mc.movie_id = t.id)
  ->  Seq Scan on movie_companies mc  (cost=0.00..44881.29 rows=2609129 width=4) (actual time=0.007..915.035 rows=2609129 loops=1)
  ->  Hash  (cost=199955.72..199955.72 rows=646188 width=8) (actual time=4229.145..4229.145 rows=176748 loops=1)
        Buckets: 131072  Batches: 16  Memory Usage: 1464kB
        ->  Hash Join  (cost=92883.59..199955.72 rows=646188 width=8) (actual time=3147.800..4173.303 rows=176748 loops=1)
              Hash Cond: (mk.movie_id = t.id)
              ->  Seq Scan on movie_keyword mk  (cost=0.00..81003.12 rows=1060426 width=4) (actual time=0.010..1400.678 rows=1064196 loops=1)
                    Filter: (keyword_id > 16501)
                    Rows Removed by Filter: 3459734
              ->  Hash  (cost=67604.59..67604.59 rows=1540800 width=4) (actual time=1970.695..1970.695 rows=1543264 loops=1)
                    Buckets: 131072  Batches: 32  Memory Usage: 2728kB
                    ->  Seq Scan on title t  (cost=0.00..67604.59 rows=1540800 width=4) (actual time=0.123..1197.204 rows=1543264 loops=1)
                          Filter: (kind_id = 7)
                          Rows Removed by Filter: 985048
Planning time: 1.113 ms
Execution time: 6466.249 ms
