Hash Join  (cost=94978.31..631673.68 rows=6252979 width=0) (actual time=1116.518..10276.362 rows=7280963 loops=1)
  Hash Cond: (mi.movie_id = t.id)
  ->  Seq Scan on movie_info mi  (cost=0.00..346232.03 rows=9476311 width=4) (actual time=0.023..3952.298 rows=9565151 loops=1)
        Filter: (info_type_id < 16)
        Rows Removed by Filter: 5270569
  ->  Hash  (cost=67604.59..67604.59 rows=1668458 width=4) (actual time=1115.311..1115.311 rows=1671292 loops=1)
        Buckets: 131072  Batches: 32  Memory Usage: 2867kB
        ->  Seq Scan on title t  (cost=0.00..67604.59 rows=1668458 width=4) (actual time=0.017..716.491 rows=1671292 loops=1)
              Filter: (production_year < 2008)
              Rows Removed by Filter: 857020
Planning time: 0.749 ms
Execution time: 10864.335 ms
