Hash Join  (cost=74452.28..161348.20 rows=25057 width=0) (actual time=671.439..1931.971 rows=51827 loops=1)
  Hash Cond: (mk.movie_id = t.id)
  ->  Seq Scan on movie_keyword mk  (cost=0.00..81003.12 rows=1504594 width=4) (actual time=0.016..997.994 rows=1522717 loops=1)
        Filter: (keyword_id > 10557)
        Rows Removed by Filter: 3001213
  ->  Hash  (cost=73925.90..73925.90 rows=42110 width=4) (actual time=670.858..670.858 rows=33905 loops=1)
        Buckets: 65536  Batches: 1  Memory Usage: 1704kB
        ->  Seq Scan on title t  (cost=0.00..73925.90 rows=42110 width=4) (actual time=0.028..660.569 rows=33905 loops=1)
              Filter: ((kind_id < 7) AND (production_year = 2006))
              Rows Removed by Filter: 2494407
Planning time: 0.536 ms
Execution time: 1938.583 ms
