Hash Join  (cost=132951.12..497859.45 rows=25240 width=0) (actual time=1325.877..6333.855 rows=344635 loops=1)
  Hash Cond: (mi.movie_id = t.id)
  ->  Seq Scan on movie_info mi  (cost=0.00..309384.22 rows=14739122 width=4) (actual time=0.003..2172.343 rows=14835720 loops=1)
  ->  Hash  (cost=132896.99..132896.99 rows=4330 width=8) (actual time=1325.741..1325.741 rows=34018 loops=1)
        Buckets: 65536 (originally 8192)  Batches: 1 (originally 1)  Memory Usage: 1841kB
        ->  Hash Join  (cost=73994.74..132896.99 rows=4330 width=8) (actual time=489.241..1315.662 rows=34018 loops=1)
              Hash Cond: (mc.movie_id = t.id)
              ->  Seq Scan on movie_companies mc  (cost=0.00..51404.11 rows=1987957 width=4) (actual time=0.009..548.448 rows=1983684 loops=1)
                    Filter: (company_id < 61009)
                    Rows Removed by Filter: 625445
              ->  Hash  (cost=73925.90..73925.90 rows=5507 width=4) (actual time=489.092..489.092 rows=18378 loops=1)
                    Buckets: 32768 (originally 8192)  Batches: 1 (originally 1)  Memory Usage: 903kB
                    ->  Seq Scan on title t  (cost=0.00..73925.90 rows=5507 width=4) (actual time=18.689..484.635 rows=18378 loops=1)
                          Filter: ((production_year < 1908) AND (kind_id = 1))
                          Rows Removed by Filter: 2509934
Planning time: 0.781 ms
Execution time: 6373.428 ms
