Hash Join  (cost=102767.86..1121438.28 rows=12604017 width=0) (actual time=1317.148..16197.007 rows=12718841 loops=1)
  Hash Cond: (ci.movie_id = t.id)
  ->  Seq Scan on cast_info ci  (cost=0.00..705507.15 rows=12604017 width=4) (actual time=0.023..7977.247 rows=12718841 loops=1)
        Filter: (person_id > 2408945)
        Rows Removed by Filter: 23525503
  ->  Hash  (cost=61283.27..61283.27 rows=2528527 width=4) (actual time=1316.332..1316.332 rows=2528312 loops=1)
        Buckets: 131072  Batches: 64  Memory Usage: 2415kB
        ->  Seq Scan on title t  (cost=0.00..61283.27 rows=2528527 width=4) (actual time=0.012..631.025 rows=2528312 loops=1)
Planning time: 0.732 ms
Execution time: 17105.413 ms
