Hash Join  (cost=599167.44..2083086.23 rows=21776752 width=0) (actual time=10741.151..45415.271 rows=98957658 loops=1)
  Hash Cond: (ci.movie_id = t.id)
  ->  Seq Scan on cast_info ci  (cost=0.00..614943.12 rows=36225612 width=4) (actual time=0.008..7344.300 rows=36244344 loops=1)
  ->  Hash  (cost=574229.38..574229.38 rows=1520005 width=8) (actual time=10737.294..10737.294 rows=4201962 loops=1)
        Buckets: 131072 (originally 131072)  Batches: 64 (originally 32)  Memory Usage: 3625kB
        ->  Hash Join  (cost=78204.40..574229.38 rows=1520005 width=8) (actual time=1004.894..9872.545 rows=4201962 loops=1)
              Hash Cond: (mi.movie_id = t.id)
              ->  Seq Scan on movie_info mi  (cost=0.00..309384.22 rows=14739122 width=4) (actual time=0.015..3089.454 rows=14835720 loops=1)
              ->  Hash  (cost=73925.90..73925.90 rows=260760 width=4) (actual time=1004.174..1004.174 rows=373942 loops=1)
                    Buckets: 131072 (originally 131072)  Batches: 8 (originally 4)  Memory Usage: 3073kB
                    ->  Seq Scan on title t  (cost=0.00..73925.90 rows=260760 width=4) (actual time=0.011..880.420 rows=373942 loops=1)
                          Filter: ((kind_id < 7) AND (production_year < 1989))
                          Rows Removed by Filter: 2154370
Planning time: 0.757 ms
Execution time: 52052.323 ms
