Seq Scan on movie_companies mc  (cost=0.00..57926.93 rows=51 width=0) (actual time=17.230..457.991 rows=7 loops=1)
  Filter: ((company_id = 42210) AND (company_type_id = 1))
  Rows Removed by Filter: 2609122
Planning time: 2.879 ms
Execution time: 458.058 ms
