Hash Join  (cost=289566.76..449974.63 rows=1417154 width=146) (actual time=8547.977..18084.001 rows=7978487 loops=1)
  Hash Cond: (mk.movie_id = t.id)
  ->  Seq Scan on movie_keyword mk  (cost=0.00..81003.12 rows=3216588 width=12) (actual time=0.019..1910.510 rows=3210934 loops=1)
        Filter: (keyword_id > 1724)
        Rows Removed by Filter: 1312996
  ->  Hash  (cost=253882.63..253882.63 rows=1114010 width=134) (actual time=8547.452..8547.452 rows=1124367 loops=1)
        Buckets: 32768  Batches: 64  Memory Usage: 2684kB
        ->  Hash Join  (cost=129928.86..253882.63 rows=1114010 width=134) (actual time=3884.477..7813.828 rows=1124367 loops=1)
              Hash Cond: (mc.movie_id = t.id)
              ->  Seq Scan on movie_companies mc  (cost=0.00..51404.11 rows=1114010 width=40) (actual time=91.061..1185.114 rows=1124367 loops=1)
                    Filter: (company_id > 13631)
                    Rows Removed by Filter: 1484762
              ->  Hash  (cost=61283.27..61283.27 rows=2528527 width=94) (actual time=3792.262..3792.262 rows=2528312 loops=1)
                    Buckets: 32768  Batches: 128  Memory Usage: 2453kB
                    ->  Seq Scan on title t  (cost=0.00..61283.27 rows=2528527 width=94) (actual time=0.023..1564.376 rows=2528312 loops=1)
Planning time: 1.326 ms
Execution time: 18559.355 ms
