Hash Join  (cost=190230.21..316126.17 rows=1266674 width=0) (actual time=2649.140..5067.305 rows=5310656 loops=1)
  Hash Cond: (mk.movie_id = t.id)
  ->  Seq Scan on movie_keyword mk  (cost=0.00..81003.12 rows=2320825 width=4) (actual time=0.021..790.220 rows=2322770 loops=1)
        Filter: (keyword_id < 5071)
        Rows Removed by Filter: 2201160
  ->  Hash  (cost=167588.78..167588.78 rows=1380035 width=8) (actual time=2648.132..2648.132 rows=1380035 loops=1)
        Buckets: 131072  Batches: 32  Memory Usage: 2726kB
        ->  Hash Join  (cost=102767.86..167588.78 rows=1380035 width=8) (actual time=1116.830..2401.259 rows=1380035 loops=1)
              Hash Cond: (mi_idx.movie_id = t.id)
              ->  Seq Scan on movie_info_idx mi_idx  (cost=0.00..21735.35 rows=1380035 width=4) (actual time=0.010..304.921 rows=1380035 loops=1)
              ->  Hash  (cost=61283.27..61283.27 rows=2528527 width=4) (actual time=1115.072..1115.072 rows=2528312 loops=1)
                    Buckets: 131072  Batches: 64  Memory Usage: 2415kB
                    ->  Seq Scan on title t  (cost=0.00..61283.27 rows=2528527 width=4) (actual time=0.013..539.783 rows=2528312 loops=1)
Planning time: 1.163 ms
Execution time: 5445.244 ms
