Nested Loop  (cost=0.43..83071.67 rows=246 width=0) (actual time=0.303..740.415 rows=178 loops=1)
  ->  Seq Scan on movie_keyword mk  (cost=0.00..81003.12 rows=246 width=4) (actual time=0.249..735.749 rows=178 loops=1)
        Filter: (keyword_id = 5602)
        Rows Removed by Filter: 4523752
  ->  Index Only Scan using title_pkey on title t  (cost=0.43..8.40 rows=1 width=4) (actual time=0.024..0.025 rows=1 loops=178)
        Index Cond: (id = mk.movie_id)
        Heap Fetches: 178
Planning time: 0.515 ms
Execution time: 740.543 ms
