Hash Join  (cost=101285.04..852806.45 rows=73227 width=0) (actual time=897.673..10819.366 rows=232975 loops=1)
  Hash Cond: (ci.movie_id = t.id)
  ->  Seq Scan on cast_info ci  (cost=0.00..614943.12 rows=36225612 width=4) (actual time=0.011..4157.643 rows=36244344 loops=1)
  ->  Hash  (cost=101221.15..101221.15 rows=5111 width=8) (actual time=897.089..897.089 rows=7499 loops=1)
        Buckets: 8192  Batches: 1  Memory Usage: 357kB
        ->  Hash Join  (cost=74281.64..101221.15 rows=5111 width=8) (actual time=660.117..894.685 rows=7499 loops=1)
              Hash Cond: (mi_idx.movie_id = t.id)
              ->  Seq Scan on movie_info_idx mi_idx  (cost=0.00..25185.44 rows=454124 width=4) (actual time=0.016..280.755 rows=459925 loops=1)
                    Filter: (info_type_id = 100)
                    Rows Removed by Filter: 920110
              ->  Hash  (cost=73925.90..73925.90 rows=28459 width=4) (actual time=531.547..531.547 rows=16117 loops=1)
                    Buckets: 32768  Batches: 1  Memory Usage: 823kB
                    ->  Seq Scan on title t  (cost=0.00..73925.90 rows=28459 width=4) (actual time=132.372..527.447 rows=16117 loops=1)
                          Filter: ((kind_id = 1) AND (production_year = 2006))
                          Rows Removed by Filter: 2512195
Planning time: 1.193 ms
Execution time: 10852.034 ms
