Seq Scan on movie_keyword mk  (cost=0.00..81003.12 rows=2850191 width=0) (actual time=0.028..920.754 rows=2840474 loops=1)
  Filter: (keyword_id > 2609)
  Rows Removed by Filter: 1683456
Planning time: 0.329 ms
Execution time: 1200.834 ms
