Seq Scan on cast_info ci  (cost=0.00..796071.18 rows=332 width=0) (actual time=4880.921..7666.233 rows=9 loops=1)
  Filter: ((role_id < 4) AND (person_id = 2336619))
  Rows Removed by Filter: 36244335
Planning time: 0.323 ms
Execution time: 7666.311 ms
