Hash Join  (cost=67697.55..94648.62 rows=4059 width=0) (actual time=891.327..1391.758 rows=3027 loops=1)
  Hash Cond: (mi_idx.movie_id = t.id)
  ->  Seq Scan on movie_info_idx mi_idx  (cost=0.00..21735.35 rows=1380035 width=4) (actual time=0.013..255.671 rows=1380035 loops=1)
  ->  Hash  (cost=67604.59..67604.59 rows=7437 width=4) (actual time=890.332..890.332 rows=2467 loops=1)
        Buckets: 8192  Batches: 1  Memory Usage: 151kB
        ->  Seq Scan on title t  (cost=0.00..67604.59 rows=7437 width=4) (actual time=118.033..889.087 rows=2467 loops=1)
              Filter: (production_year = 1935)
              Rows Removed by Filter: 2525845
Planning time: 0.722 ms
Execution time: 1392.379 ms
