Seq Scan on cast_info ci  (cost=0.00..796071.18 rows=21483328 width=0) (actual time=0.023..9888.377 rows=22729623 loops=1)
  Filter: ((person_id > 292955) AND (role_id > 1))
  Rows Removed by Filter: 13514721
Planning time: 0.358 ms
Execution time: 11829.326 ms
