Seq Scan on movie_companies mc  (cost=0.00..51404.11 rows=1764016 width=0) (actual time=0.013..508.385 rows=1769395 loops=1)
  Filter: (company_id > 2206)
  Rows Removed by Filter: 839734
Planning time: 0.237 ms
Execution time: 656.294 ms
