Hash Join  (cost=88359.31..155264.06 rows=318861 width=0) (actual time=1013.426..2134.014 rows=340483 loops=1)
  Hash Cond: (mc.movie_id = t.id)
  ->  Seq Scan on movie_companies mc  (cost=0.00..51404.11 rows=637341 width=4) (actual time=0.029..463.713 rows=642101 loops=1)
        Filter: (company_id > 56594)
        Rows Removed by Filter: 1967028
  ->  Hash  (cost=67604.59..67604.59 rows=1265018 width=4) (actual time=1012.213..1012.213 rows=1263700 loops=1)
        Buckets: 131072  Batches: 32  Memory Usage: 2410kB
        ->  Seq Scan on title t  (cost=0.00..67604.59 rows=1265018 width=4) (actual time=0.021..705.872 rows=1263700 loops=1)
              Filter: (production_year < 2004)
              Rows Removed by Filter: 1264612
Planning time: 0.654 ms
Execution time: 2167.142 ms
