Hash Join  (cost=73962.22..100888.56 rows=1586 width=0) (actual time=607.888..862.115 rows=10935 loops=1)
  Hash Cond: (mi_idx.movie_id = t.id)
  ->  Seq Scan on movie_info_idx mi_idx  (cost=0.00..21735.35 rows=1380035 width=4) (actual time=0.010..111.980 rows=1380035 loops=1)
  ->  Hash  (cost=73925.90..73925.90 rows=2905 width=4) (actual time=607.800..607.800 rows=8126 loops=1)
        Buckets: 8192 (originally 4096)  Batches: 1 (originally 1)  Memory Usage: 350kB
        ->  Seq Scan on title t  (cost=0.00..73925.90 rows=2905 width=4) (actual time=0.817..604.861 rows=8126 loops=1)
              Filter: ((kind_id < 7) AND (production_year = 1987))
              Rows Removed by Filter: 2520186
Planning time: 0.527 ms
Execution time: 863.095 ms
