Hash Join  (cost=148519.89..272361.67 rows=150974 width=0) (actual time=1023.443..2352.869 rows=88637 loops=1)
  Hash Cond: (mk.movie_id = t.id)
  ->  Seq Scan on movie_keyword mk  (cost=0.00..69693.30 rows=4523930 width=4) (actual time=0.013..586.405 rows=4523930 loops=1)
  ->  Hash  (cost=147135.10..147135.10 rows=84383 width=8) (actual time=1022.107..1022.107 rows=73410 loops=1)
        Buckets: 131072  Batches: 2  Memory Usage: 2465kB
        ->  Hash Join  (cost=80897.33..147135.10 rows=84383 width=8) (actual time=524.130..1007.174 rows=73410 loops=1)
              Hash Cond: (mc.movie_id = t.id)
              ->  Seq Scan on movie_companies mc  (cost=0.00..57926.93 rows=502135 width=4) (actual time=0.022..375.524 rows=294124 loops=1)
                    Filter: ((company_id < 4521) AND (company_type_id = 2))
                    Rows Removed by Filter: 2315005
              ->  Hash  (cost=73925.90..73925.90 rows=424914 width=4) (actual time=523.486..523.486 rows=287602 loops=1)
                    Buckets: 131072  Batches: 8  Memory Usage: 2278kB
                    ->  Seq Scan on title t  (cost=0.00..73925.90 rows=424914 width=4) (actual time=0.023..473.217 rows=287602 loops=1)
                          Filter: ((kind_id > 2) AND (production_year < 1986))
                          Rows Removed by Filter: 2240710
Planning time: 0.711 ms
Execution time: 2360.041 ms
