Hash Join  (cost=74050.79..901055.65 rows=1421145 width=0) (actual time=844.414..11256.367 rows=1298588 loops=1)
  Hash Cond: (ci.movie_id = t.id)
  ->  Seq Scan on cast_info ci  (cost=0.00..705507.15 rows=9145938 width=4) (actual time=0.016..6404.309 rows=9011669 loops=1)
        Filter: (person_id < 886575)
        Rows Removed by Filter: 27232675
  ->  Hash  (cost=67604.59..67604.59 rows=392896 width=4) (actual time=843.648..843.648 rows=391666 loops=1)
        Buckets: 131072  Batches: 8  Memory Usage: 2753kB
        ->  Seq Scan on title t  (cost=0.00..67604.59 rows=392896 width=4) (actual time=0.012..728.761 rows=391666 loops=1)
              Filter: (production_year > 2010)
              Rows Removed by Filter: 2136646
Planning time: 0.813 ms
Execution time: 11352.911 ms
