Seq Scan on cast_info ci  (cost=0.00..796071.18 rows=6355790 width=0) (actual time=0.022..5970.940 rows=7071447 loops=1)
  Filter: ((person_id < 725259) AND (role_id < 9))
  Rows Removed by Filter: 29172897
Planning time: 0.340 ms
Execution time: 6517.127 ms
