Hash Join  (cost=365418.15..2314242.88 rows=63646145 width=0) (actual time=4307.374..52372.294 rows=212572633 loops=1)
  Hash Cond: (ci.movie_id = t.id)
  ->  Seq Scan on cast_info ci  (cost=0.00..705507.15 rows=35573273 width=4) (actual time=0.014..7888.272 rows=35700343 loops=1)
        Filter: (person_id > 59520)
        Rows Removed by Filter: 544001
  ->  Hash  (cost=291197.02..291197.02 rows=4523930 width=8) (actual time=4305.846..4305.846 rows=4523930 loops=1)
        Buckets: 131072  Batches: 64  Memory Usage: 3816kB
        ->  Hash Join  (cost=102767.86..291197.02 rows=4523930 width=8) (actual time=836.480..3544.470 rows=4523930 loops=1)
              Hash Cond: (mk.movie_id = t.id)
              ->  Seq Scan on movie_keyword mk  (cost=0.00..69693.30 rows=4523930 width=4) (actual time=0.015..606.793 rows=4523930 loops=1)
              ->  Hash  (cost=61283.27..61283.27 rows=2528527 width=4) (actual time=835.849..835.849 rows=2528312 loops=1)
                    Buckets: 131072  Batches: 64  Memory Usage: 2425kB
                    ->  Seq Scan on title t  (cost=0.00..61283.27 rows=2528527 width=4) (actual time=0.015..411.854 rows=2528312 loops=1)
Planning time: 0.651 ms
Execution time: 65546.349 ms
