Hash Join  (cost=263115.61..1473393.01 rows=20931797 width=0) (actual time=2879.779..21191.081 rows=44875104 loops=1)
  Hash Cond: (ci.movie_id = t.id)
  ->  Seq Scan on cast_info ci  (cost=0.00..705507.15 rows=20285166 width=4) (actual time=0.019..6520.546 rows=20406471 loops=1)
        Filter: (person_id > 1565440)
        Rows Removed by Filter: 15837873
  ->  Hash  (cost=220309.49..220309.49 rows=2609129 width=8) (actual time=2878.515..2878.515 rows=2609129 loops=1)
        Buckets: 131072  Batches: 64  Memory Usage: 2610kB
        ->  Hash Join  (cost=102767.86..220309.49 rows=2609129 width=8) (actual time=838.243..2465.514 rows=2609129 loops=1)
              Hash Cond: (mc.movie_id = t.id)
              ->  Seq Scan on movie_companies mc  (cost=0.00..44881.29 rows=2609129 width=4) (actual time=0.015..364.834 rows=2609129 loops=1)
              ->  Hash  (cost=61283.27..61283.27 rows=2528527 width=4) (actual time=837.491..837.491 rows=2528312 loops=1)
                    Buckets: 131072  Batches: 64  Memory Usage: 2415kB
                    ->  Seq Scan on title t  (cost=0.00..61283.27 rows=2528527 width=4) (actual time=0.018..416.584 rows=2528312 loops=1)
Planning time: 0.724 ms
Execution time: 23905.544 ms
