Hash Join  (cost=102767.86..184732.85 rows=859500 width=0) (actual time=918.711..1833.889 rows=853107 loops=1)
  Hash Cond: (mc.movie_id = t.id)
  ->  Seq Scan on movie_companies mc  (cost=0.00..51404.11 rows=859500 width=4) (actual time=0.025..376.208 rows=853107 loops=1)
        Filter: (company_id < 2415)
        Rows Removed by Filter: 1756022
  ->  Hash  (cost=61283.27..61283.27 rows=2528527 width=4) (actual time=917.967..917.967 rows=2528312 loops=1)
        Buckets: 131072  Batches: 64  Memory Usage: 2415kB
        ->  Seq Scan on title t  (cost=0.00..61283.27 rows=2528527 width=4) (actual time=0.012..504.792 rows=2528312 loops=1)
Planning time: 0.546 ms
Execution time: 1888.890 ms
