Hash Join  (cost=797557.82..1162219.52 rows=577 width=0) (actual time=7336.515..10820.776 rows=1 loops=1)
  Hash Cond: (mi.movie_id = t.id)
  ->  Seq Scan on movie_info mi  (cost=0.00..309384.22 rows=14739122 width=4) (actual time=0.021..2076.008 rows=14835720 loops=1)
  ->  Hash  (cost=797556.58..797556.58 rows=99 width=8) (actual time=6714.461..6714.461 rows=1 loops=1)
        Buckets: 1024  Batches: 1  Memory Usage: 9kB
        ->  Nested Loop  (cost=0.43..797556.58 rows=99 width=8) (actual time=1603.308..6714.439 rows=1 loops=1)
              ->  Seq Scan on cast_info ci  (cost=0.00..796071.18 rows=176 width=4) (actual time=1603.032..6714.114 rows=12 loops=1)
                    Filter: ((role_id < 2) AND (person_id = 478277))
                    Rows Removed by Filter: 36244332
              ->  Index Scan using title_pkey on title t  (cost=0.43..8.43 rows=1 width=4) (actual time=0.025..0.025 rows=0 loops=12)
                    Index Cond: (id = ci.movie_id)
                    Filter: ((production_year > 1934) AND (kind_id = 7))
                    Rows Removed by Filter: 1
Planning time: 1.267 ms
Execution time: 10820.912 ms
