Seq Scan on cast_info ci  (cost=0.00..705507.15 rows=500 width=0) (actual time=3413.964..4629.115 rows=474 loops=1)
  Filter: (person_id = 1971480)
  Rows Removed by Filter: 36243870
Planning time: 0.350 ms
Execution time: 4629.246 ms
