Seq Scan on movie_companies mc  (cost=0.00..51404.11 rows=1730790 width=0) (actual time=0.025..1048.170 rows=1723496 loops=1)
  Filter: (company_id < 22485)
  Rows Removed by Filter: 885633
Planning time: 0.334 ms
Execution time: 1257.211 ms
