Hash Join  (cost=450678.33..1519395.45 rows=3398696 width=0) (actual time=2964.422..16165.822 rows=2381900 loops=1)
  Hash Cond: (ci.movie_id = t.id)
  ->  Seq Scan on cast_info ci  (cost=0.00..614943.12 rows=36225612 width=4) (actual time=0.008..5092.237 rows=36244344 loops=1)
  ->  Hash  (cost=446785.99..446785.99 rows=237227 width=8) (actual time=2963.609..2963.609 rows=135978 loops=1)
        Buckets: 131072  Batches: 4  Memory Usage: 2360kB
        ->  Hash Join  (cost=81711.23..446785.99 rows=237227 width=8) (actual time=1064.685..2939.616 rows=135978 loops=1)
              Hash Cond: (mi.movie_id = t.id)
              ->  Seq Scan on movie_info mi  (cost=0.00..346232.03 rows=1264125 width=4) (actual time=545.906..2060.757 rows=1288928 loops=1)
                    Filter: (info_type_id = 2)
                    Rows Removed by Filter: 13546792
              ->  Hash  (cost=73925.90..73925.90 rows=474506 width=4) (actual time=517.984..517.984 rows=360459 loops=1)
                    Buckets: 131072  Batches: 8  Memory Usage: 2601kB
                    ->  Seq Scan on title t  (cost=0.00..73925.90 rows=474506 width=4) (actual time=0.018..447.874 rows=360459 loops=1)
                          Filter: ((production_year < 1994) AND (kind_id = 7))
                          Rows Removed by Filter: 2167853
Planning time: 0.749 ms
Execution time: 16326.836 ms
