Hash Join  (cost=215833.08..1516750.80 rows=17973289 width=0) (actual time=2182.130..24360.248 rows=46724965 loops=1)
  Hash Cond: (ci.movie_id = t.id)
  ->  Seq Scan on cast_info ci  (cost=0.00..705507.15 rows=35518048 width=4) (actual time=0.015..7029.656 rows=35648402 loops=1)
        Filter: (person_id > 64257)
        Rows Removed by Filter: 595942
  ->  Hash  (cost=194840.12..194840.12 rows=1279517 width=8) (actual time=2180.970..2180.970 rows=1274246 loops=1)
        Buckets: 131072  Batches: 32  Memory Usage: 2553kB
        ->  Hash Join  (cost=102767.86..194840.12 rows=1279517 width=8) (actual time=815.855..1974.987 rows=1274246 loops=1)
              Hash Cond: (mc.movie_id = t.id)
              ->  Seq Scan on movie_companies mc  (cost=0.00..51404.11 rows=1279517 width=4) (actual time=0.028..396.904 rows=1274246 loops=1)
                    Filter: (company_type_id < 2)
                    Rows Removed by Filter: 1334883
              ->  Hash  (cost=61283.27..61283.27 rows=2528527 width=4) (actual time=815.101..815.101 rows=2528312 loops=1)
                    Buckets: 131072  Batches: 64  Memory Usage: 2415kB
                    ->  Seq Scan on title t  (cost=0.00..61283.27 rows=2528527 width=4) (actual time=0.014..410.534 rows=2528312 loops=1)
Planning time: 0.771 ms
Execution time: 27244.199 ms
