Seq Scan on movie_keyword mk  (cost=0.00..81003.12 rows=4047679 width=0) (actual time=0.015..628.400 rows=4050638 loops=1)
  Filter: (keyword_id < 37686)
  Rows Removed by Filter: 473292
Planning time: 0.219 ms
Execution time: 894.472 ms
