Seq Scan on movie_companies mc  (cost=0.00..51404.11 rows=927810 width=0) (actual time=0.027..876.969 rows=936560 loops=1)
  Filter: (company_id > 19204)
  Rows Removed by Filter: 1672569
Planning time: 0.353 ms
Execution time: 1002.392 ms
