Hash Join  (cost=76489.43..144699.97 rows=82138 width=0) (actual time=713.482..1267.840 rows=274665 loops=1)
  Hash Cond: (mc.movie_id = t.id)
  ->  Seq Scan on movie_companies mc  (cost=0.00..51404.11 rows=1329612 width=4) (actual time=60.174..402.324 rows=1334883 loops=1)
        Filter: (company_type_id > 1)
        Rows Removed by Filter: 1274246
  ->  Hash  (cost=73925.90..73925.90 rows=156202 width=4) (actual time=481.285..481.285 rows=291648 loops=1)
        Buckets: 131072  Batches: 4  Memory Usage: 3589kB
        ->  Seq Scan on title t  (cost=0.00..73925.90 rows=156202 width=4) (actual time=0.019..430.247 rows=291648 loops=1)
              Filter: ((production_year < 1985) AND (kind_id = 1))
              Rows Removed by Filter: 2236664
Planning time: 0.465 ms
Execution time: 1286.156 ms
