Seq Scan on movie_companies mc  (cost=0.00..57926.93 rows=51 width=0) (actual time=3.087..299.310 rows=814 loops=1)
  Filter: ((company_id = 15193) AND (company_type_id = 1))
  Rows Removed by Filter: 2608315
Planning time: 0.285 ms
Execution time: 299.446 ms
