Seq Scan on cast_info ci  (cost=0.00..705507.15 rows=500 width=0) (actual time=3790.320..4302.339 rows=1 loops=1)
  Filter: (person_id = 4047312)
  Rows Removed by Filter: 36244343
Planning time: 0.280 ms
Execution time: 4302.406 ms
