Hash Join  (cost=87428.23..146980.85 rows=108334 width=0) (actual time=738.343..1071.256 rows=2264 loops=1)
  Hash Cond: (mc.movie_id = t.id)
  ->  Seq Scan on movie_companies mc  (cost=0.00..51404.11 rows=332844 width=4) (actual time=137.602..336.499 rows=334829 loops=1)
        Filter: (company_id > 89903)
        Rows Removed by Filter: 2274300
  ->  Hash  (cost=73925.90..73925.90 rows=822986 width=4) (actual time=599.962..599.962 rows=738761 loops=1)
        Buckets: 131072  Batches: 16  Memory Usage: 2648kB
        ->  Seq Scan on title t  (cost=0.00..73925.90 rows=822986 width=4) (actual time=79.616..480.610 rows=738761 loops=1)
              Filter: ((production_year < 2005) AND (kind_id = 7))
              Rows Removed by Filter: 1789551
Planning time: 0.531 ms
Execution time: 1071.467 ms
