Hash Join  (cost=155075.81..1304024.28 rows=11208827 width=0) (actual time=1547.033..18395.852 rows=22361719 loops=1)
  Hash Cond: (ci.movie_id = t.id)
  ->  Seq Scan on cast_info ci  (cost=0.00..614943.12 rows=36225612 width=4) (actual time=0.014..5134.756 rows=36244344 loops=1)
  ->  Hash  (cost=142239.18..142239.18 rows=782370 width=8) (actual time=1546.139..1546.139 rows=698563 loops=1)
        Buckets: 131072  Batches: 16  Memory Usage: 2723kB
        ->  Hash Join  (cost=91123.00..142239.18 rows=782370 width=8) (actual time=712.520..1437.489 rows=698563 loops=1)
              Hash Cond: (mi_idx.movie_id = t.id)
              ->  Seq Scan on movie_info_idx mi_idx  (cost=0.00..21735.35 rows=1380035 width=4) (actual time=0.015..183.547 rows=1380035 loops=1)
              ->  Hash  (cost=67604.59..67604.59 rows=1433473 width=4) (actual time=711.829..711.829 rows=1434466 loops=1)
                    Buckets: 131072  Batches: 32  Memory Usage: 2600kB
                    ->  Seq Scan on title t  (cost=0.00..67604.59 rows=1433473 width=4) (actual time=0.010..485.799 rows=1434466 loops=1)
                          Filter: (production_year > 1999)
                          Rows Removed by Filter: 1093846
Planning time: 0.705 ms
Execution time: 19813.751 ms
