Hash Join  (cost=85777.42..638261.39 rows=5548233 width=0) (actual time=654.117..7423.139 rows=4642833 loops=1)
  Hash Cond: (mi.movie_id = t.id)
  ->  Seq Scan on movie_info mi  (cost=0.00..346232.03 rows=12665229 width=4) (actual time=0.005..2763.272 rows=12744652 loops=1)
        Filter: (info_type_id > 2)
        Rows Removed by Filter: 2091068
  ->  Hash  (cost=67604.59..67604.59 rows=1107667 width=4) (actual time=653.097..653.097 rows=1107925 loops=1)
        Buckets: 131072  Batches: 16  Memory Usage: 3466kB
        ->  Seq Scan on title t  (cost=0.00..67604.59 rows=1107667 width=4) (actual time=0.017..468.984 rows=1107925 loops=1)
              Filter: (production_year > 2004)
              Rows Removed by Filter: 1420387
Planning time: 0.465 ms
Execution time: 7717.983 ms
