Hash Join  (cost=78593.13..911979.66 rows=1123891 width=0) (actual time=690.903..7885.204 rows=1225622 loops=1)
  Hash Cond: (ci.movie_id = t.id)
  ->  Seq Scan on cast_info ci  (cost=0.00..705507.15 rows=9991591 width=4) (actual time=179.951..4782.847 rows=9979438 loops=1)
        Filter: (person_id > 2716554)
        Rows Removed by Filter: 26264906
  ->  Hash  (cost=73925.90..73925.90 rows=284418 width=4) (actual time=510.340..510.340 rows=382296 loops=1)
        Buckets: 131072 (originally 131072)  Batches: 8 (originally 4)  Memory Usage: 3073kB
        ->  Seq Scan on title t  (cost=0.00..73925.90 rows=284418 width=4) (actual time=0.019..441.972 rows=382296 loops=1)
              Filter: ((production_year < 2001) AND (kind_id = 1))
              Rows Removed by Filter: 2146016
Planning time: 0.495 ms
Execution time: 7969.911 ms
