Hash Join  (cost=137122.06..845157.18 rows=11407 width=0) (actual time=5167.847..5482.891 rows=32697 loops=1)
  Hash Cond: (ci.movie_id = t.id)
  ->  Seq Scan on cast_info ci  (cost=0.00..705507.15 rows=643706 width=4) (actual time=4117.247..4340.223 rows=665715 loops=1)
        Filter: (person_id > 3933477)
        Rows Removed by Filter: 35578629
  ->  Hash  (cost=136561.96..136561.96 rows=44808 width=8) (actual time=1050.235..1050.235 rows=37215 loops=1)
        Buckets: 65536  Batches: 1  Memory Usage: 1966kB
        ->  Hash Join  (cost=69002.72..136561.96 rows=44808 width=8) (actual time=489.227..1042.772 rows=37215 loops=1)
              Hash Cond: (mc.movie_id = t.id)
              ->  Seq Scan on movie_companies mc  (cost=0.00..51404.11 rows=1329612 width=4) (actual time=97.199..397.248 rows=1334883 loops=1)
                    Filter: (company_type_id > 1)
                    Rows Removed by Filter: 1274246
              ->  Hash  (cost=67604.59..67604.59 rows=85211 width=4) (actual time=391.426..391.426 rows=84593 loops=1)
                    Buckets: 131072  Batches: 2  Memory Usage: 2518kB
                    ->  Seq Scan on title t  (cost=0.00..67604.59 rows=85211 width=4) (actual time=0.020..372.378 rows=84593 loops=1)
                          Filter: (production_year = 2004)
                          Rows Removed by Filter: 2443719
Planning time: 1.020 ms
Execution time: 5485.690 ms
