Hash Join  (cost=83074.74..876728.08 rows=2286 width=0) (actual time=488.239..8115.133 rows=21406 loops=1)
  Hash Cond: (ci.movie_id = t.id)
  ->  Seq Scan on cast_info ci  (cost=0.00..705507.15 rows=23499554 width=4) (actual time=0.017..5743.057 rows=23573656 loops=1)
        Filter: (role_id > 1)
        Rows Removed by Filter: 12670688
  ->  Hash  (cost=83071.67..83071.67 rows=246 width=8) (actual time=488.180..488.180 rows=533 loops=1)
        Buckets: 1024  Batches: 1  Memory Usage: 29kB
        ->  Nested Loop  (cost=0.43..83071.67 rows=246 width=8) (actual time=3.119..487.933 rows=533 loops=1)
              ->  Seq Scan on movie_keyword mk  (cost=0.00..81003.12 rows=246 width=4) (actual time=3.083..479.107 rows=533 loops=1)
                    Filter: (keyword_id = 5037)
                    Rows Removed by Filter: 4523397
              ->  Index Only Scan using title_pkey on title t  (cost=0.43..8.40 rows=1 width=4) (actual time=0.016..0.016 rows=1 loops=533)
                    Index Cond: (id = mk.movie_id)
                    Heap Fetches: 533
Planning time: 0.733 ms
Execution time: 8118.924 ms
