Seq Scan on movie_companies mc  (cost=0.00..57926.93 rows=51 width=0) (actual time=338.311..617.939 rows=125 loops=1)
  Filter: ((company_type_id < 2) AND (company_id = 19176))
  Rows Removed by Filter: 2609004
Planning time: 0.345 ms
Execution time: 618.028 ms
