Hash Join  (cost=102767.86..1004528.12 rows=3981728 width=0) (actual time=6137.516..9052.440 rows=4008037 loops=1)
  Hash Cond: (ci.movie_id = t.id)
  ->  Seq Scan on cast_info ci  (cost=0.00..796071.18 rows=3981728 width=4) (actual time=5268.105..6389.003 rows=4008037 loops=1)
        Filter: ((person_id < 4032088) AND (role_id = 3))
        Rows Removed by Filter: 32236307
  ->  Hash  (cost=61283.27..61283.27 rows=2528527 width=4) (actual time=868.620..868.620 rows=2528312 loops=1)
        Buckets: 131072  Batches: 64  Memory Usage: 2415kB
        ->  Seq Scan on title t  (cost=0.00..61283.27 rows=2528527 width=4) (actual time=0.011..434.596 rows=2528312 loops=1)
Planning time: 0.484 ms
Execution time: 9297.528 ms
