Seq Scan on movie_keyword mk  (cost=0.00..81003.12 rows=1945352 width=0) (actual time=0.009..576.203 rows=1953876 loops=1)
  Filter: (keyword_id > 6576)
  Rows Removed by Filter: 2570054
Planning time: 0.223 ms
Execution time: 708.543 ms
