Seq Scan on movie_keyword mk  (cost=0.00..81003.12 rows=246 width=0) (actual time=27.532..509.525 rows=41 loops=1)
  Filter: (keyword_id = 45375)
  Rows Removed by Filter: 4523889
Planning time: 0.230 ms
Execution time: 509.598 ms
