Hash Join  (cost=83074.74..137742.81 rows=254 width=0) (actual time=1448.910..2562.627 rows=21138 loops=1)
  Hash Cond: (mc.movie_id = t.id)
  ->  Seq Scan on movie_companies mc  (cost=0.00..44881.29 rows=2609129 width=4) (actual time=0.020..597.858 rows=2609129 loops=1)
  ->  Hash  (cost=83071.67..83071.67 rows=246 width=8) (actual time=1448.173..1448.173 rows=4000 loops=1)
        Buckets: 4096 (originally 1024)  Batches: 1 (originally 1)  Memory Usage: 189kB
        ->  Nested Loop  (cost=0.43..83071.67 rows=246 width=8) (actual time=0.145..1445.609 rows=4000 loops=1)
              ->  Seq Scan on movie_keyword mk  (cost=0.00..81003.12 rows=246 width=4) (actual time=0.087..1275.951 rows=4000 loops=1)
                    Filter: (keyword_id = 917)
                    Rows Removed by Filter: 4519930
              ->  Index Only Scan using title_pkey on title t  (cost=0.43..8.40 rows=1 width=4) (actual time=0.041..0.041 rows=1 loops=4000)
                    Index Cond: (id = mk.movie_id)
                    Heap Fetches: 4000
Planning time: 1.159 ms
Execution time: 2565.723 ms
