Hash Join  (cost=521607.22..1441575.79 rows=3813594 width=0) (actual time=7856.144..12329.141 rows=4498098 loops=1)
  Hash Cond: (ci.movie_id = t.id)
  ->  Seq Scan on cast_info ci  (cost=0.00..796071.18 rows=6220889 width=4) (actual time=4215.987..6208.322 rows=7451973 loops=1)
        Filter: ((person_id < 3114287) AND (role_id = 2))
        Rows Removed by Filter: 28792371
  ->  Hash  (cost=496176.42..496176.42 rows=1550064 width=8) (actual time=3639.131..3639.131 rows=1533909 loops=1)
        Buckets: 131072  Batches: 32  Memory Usage: 2883kB
        ->  Hash Join  (cost=102767.86..496176.42 rows=1550064 width=8) (actual time=938.299..3419.330 rows=1533909 loops=1)
              Hash Cond: (mi.movie_id = t.id)
              ->  Seq Scan on movie_info mi  (cost=0.00..346232.03 rows=1550064 width=4) (actual time=175.916..1917.919 rows=1533909 loops=1)
                    Filter: (info_type_id = 3)
                    Rows Removed by Filter: 13301811
              ->  Hash  (cost=61283.27..61283.27 rows=2528527 width=4) (actual time=761.657..761.657 rows=2528312 loops=1)
                    Buckets: 131072  Batches: 64  Memory Usage: 2425kB
                    ->  Seq Scan on title t  (cost=0.00..61283.27 rows=2528527 width=4) (actual time=0.015..374.880 rows=2528312 loops=1)
Planning time: 0.727 ms
Execution time: 12593.296 ms
