Hash Join  (cost=472656.51..568489.08 rows=140807 width=0) (actual time=3094.802..4063.729 rows=939853 loops=1)
  Hash Cond: (mk.movie_id = t.id)
  ->  Seq Scan on movie_keyword mk  (cost=0.00..81003.12 rows=1045700 width=4) (actual time=0.015..577.368 rows=1055676 loops=1)
        Filter: (keyword_id > 16726)
        Rows Removed by Filter: 3468254
  ->  Hash  (cost=467070.59..467070.59 rows=340474 width=8) (actual time=3094.098..3094.098 rows=328857 loops=1)
        Buckets: 131072  Batches: 8  Memory Usage: 2647kB
        ->  Hash Join  (cost=102767.86..467070.59 rows=340474 width=8) (actual time=1733.814..3037.260 rows=328857 loops=1)
              Hash Cond: (mi.movie_id = t.id)
              ->  Seq Scan on movie_info mi  (cost=0.00..346232.03 rows=340474 width=4) (actual time=929.810..1904.274 rows=328857 loops=1)
                    Filter: (info_type_id = 98)
                    Rows Removed by Filter: 14506863
              ->  Hash  (cost=61283.27..61283.27 rows=2528527 width=4) (actual time=803.242..803.242 rows=2528312 loops=1)
                    Buckets: 131072  Batches: 64  Memory Usage: 2425kB
                    ->  Seq Scan on title t  (cost=0.00..61283.27 rows=2528527 width=4) (actual time=0.013..397.941 rows=2528312 loops=1)
Planning time: 0.707 ms
Execution time: 4123.245 ms
