Hash Join  (cost=83073.61..137739.73 rows=58 width=0) (actual time=493.601..954.923 rows=750 loops=1)
  Hash Cond: (mc.movie_id = t.id)
  ->  Seq Scan on movie_companies mc  (cost=0.00..44881.29 rows=2609129 width=4) (actual time=0.015..215.357 rows=2609129 loops=1)
  ->  Hash  (cost=83072.90..83072.90 rows=57 width=8) (actual time=490.772..490.772 rows=387 loops=1)
        Buckets: 1024  Batches: 1  Memory Usage: 24kB
        ->  Nested Loop  (cost=0.43..83072.90 rows=57 width=8) (actual time=7.100..490.627 rows=387 loops=1)
              ->  Seq Scan on movie_keyword mk  (cost=0.00..81003.12 rows=246 width=4) (actual time=0.805..460.010 rows=2535 loops=1)
                    Filter: (keyword_id = 1078)
                    Rows Removed by Filter: 4521395
              ->  Index Scan using title_pkey on title t  (cost=0.43..8.40 rows=1 width=4) (actual time=0.012..0.012 rows=0 loops=2535)
                    Index Cond: (id = mk.movie_id)
                    Filter: ((kind_id > 1) AND (production_year > 2007))
                    Rows Removed by Filter: 1
Planning time: 0.680 ms
Execution time: 955.085 ms
