Seq Scan on cast_info ci  (cost=0.00..796071.18 rows=14287933 width=0) (actual time=1.634..5774.728 rows=15566482 loops=1)
  Filter: ((person_id < 1610313) AND (role_id < 10))
  Rows Removed by Filter: 20677862
Planning time: 0.221 ms
Execution time: 6767.201 ms
