Seq Scan on cast_info ci  (cost=0.00..796071.18 rows=6497935 width=0) (actual time=0.016..5873.762 rows=7902445 loops=1)
  Filter: ((person_id > 1107677) AND (role_id > 4))
  Rows Removed by Filter: 28341899
Planning time: 0.240 ms
Execution time: 6352.106 ms
