Hash Join  (cost=100972.04..465802.14 rows=17415 width=0) (actual time=709.714..3666.548 rows=94539 loops=1)
  Hash Cond: (mi.movie_id = t.id)
  ->  Seq Scan on movie_info mi  (cost=0.00..309384.22 rows=14739122 width=4) (actual time=0.010..1474.772 rows=14835720 loops=1)
  ->  Hash  (cost=100934.69..100934.69 rows=2988 width=8) (actual time=709.349..709.349 rows=8667 loops=1)
        Buckets: 16384 (originally 4096)  Batches: 1 (originally 1)  Memory Usage: 467kB
        ->  Hash Join  (cost=73994.33..100934.69 rows=2988 width=8) (actual time=450.576..707.603 rows=8667 loops=1)
              Hash Cond: (mi_idx.movie_id = t.id)
              ->  Seq Scan on movie_info_idx mi_idx  (cost=0.00..21735.35 rows=1380035 width=4) (actual time=0.020..112.451 rows=1380035 loops=1)
              ->  Hash  (cost=73925.90..73925.90 rows=5474 width=4) (actual time=450.469..450.469 rows=15440 loops=1)
                    Buckets: 16384 (originally 8192)  Batches: 1 (originally 1)  Memory Usage: 671kB
                    ->  Seq Scan on title t  (cost=0.00..73925.90 rows=5474 width=4) (actual time=0.075..446.701 rows=15440 loops=1)
                          Filter: ((kind_id > 1) AND (production_year = 1987))
                          Rows Removed by Filter: 2512872
Planning time: 0.735 ms
Execution time: 3674.361 ms
