Hash Join  (cost=102767.86..224711.16 rows=2520935 width=0) (actual time=819.684..2484.980 rows=2520793 loops=1)
  Hash Cond: (mc.movie_id = t.id)
  ->  Seq Scan on movie_companies mc  (cost=0.00..51404.11 rows=2520935 width=4) (actual time=0.011..481.143 rows=2520793 loops=1)
        Filter: (company_id < 164733)
        Rows Removed by Filter: 88336
  ->  Hash  (cost=61283.27..61283.27 rows=2528527 width=4) (actual time=818.470..818.470 rows=2528312 loops=1)
        Buckets: 131072  Batches: 64  Memory Usage: 2415kB
        ->  Seq Scan on title t  (cost=0.00..61283.27 rows=2528527 width=4) (actual time=0.011..409.067 rows=2528312 loops=1)
Planning time: 0.650 ms
Execution time: 2636.467 ms
