Hash Join  (cost=263115.61..450311.47 rows=4062966 width=0) (actual time=2845.062..8385.382 rows=31284529 loops=1)
  Hash Cond: (mk.movie_id = t.id)
  ->  Seq Scan on movie_keyword mk  (cost=0.00..81003.12 rows=3937452 width=4) (actual time=0.029..733.625 rows=3931052 loops=1)
        Filter: (keyword_id > 430)
        Rows Removed by Filter: 592878
  ->  Hash  (cost=220309.49..220309.49 rows=2609129 width=8) (actual time=2844.577..2844.577 rows=2609129 loops=1)
        Buckets: 131072  Batches: 64  Memory Usage: 2691kB
        ->  Hash Join  (cost=102767.86..220309.49 rows=2609129 width=8) (actual time=763.859..2408.074 rows=2609129 loops=1)
              Hash Cond: (mc.movie_id = t.id)
              ->  Seq Scan on movie_companies mc  (cost=0.00..44881.29 rows=2609129 width=4) (actual time=0.034..358.312 rows=2609129 loops=1)
              ->  Hash  (cost=61283.27..61283.27 rows=2528527 width=4) (actual time=762.873..762.873 rows=2528312 loops=1)
                    Buckets: 131072  Batches: 64  Memory Usage: 2415kB
                    ->  Seq Scan on title t  (cost=0.00..61283.27 rows=2528527 width=4) (actual time=0.012..389.127 rows=2528312 loops=1)
Planning time: 0.620 ms
Execution time: 10228.286 ms
