Hash Join  (cost=217111.05..257297.10 rows=210715 width=0) (actual time=1907.660..2495.113 rows=904081 loops=1)
  Hash Cond: (mi_idx.movie_id = t.id)
  ->  Seq Scan on movie_info_idx mi_idx  (cost=0.00..25185.44 rows=919057 width=4) (actual time=0.017..212.147 rows=920110 loops=1)
        Filter: (info_type_id > 99)
        Rows Removed by Filter: 459925
  ->  Hash  (cost=207599.50..207599.50 rows=579724 width=8) (actual time=1907.025..1907.025 rows=577350 loops=1)
        Buckets: 131072  Batches: 8  Memory Usage: 3874kB
        ->  Hash Join  (cost=102767.86..207599.50 rows=579724 width=8) (actual time=873.008..1820.112 rows=577350 loops=1)
              Hash Cond: (mk.movie_id = t.id)
              ->  Seq Scan on movie_keyword mk  (cost=0.00..81003.12 rows=579724 width=4) (actual time=0.024..539.517 rows=577350 loops=1)
                    Filter: (keyword_id > 31776)
                    Rows Removed by Filter: 3946580
              ->  Hash  (cost=61283.27..61283.27 rows=2528527 width=4) (actual time=869.893..869.893 rows=2528312 loops=1)
                    Buckets: 131072  Batches: 64  Memory Usage: 2425kB
                    ->  Seq Scan on title t  (cost=0.00..61283.27 rows=2528527 width=4) (actual time=0.006..422.675 rows=2528312 loops=1)
Planning time: 0.587 ms
Execution time: 2549.738 ms
