Hash Join  (cost=163414.12..190454.99 rows=13039 width=0) (actual time=2771.960..3600.769 rows=167457 loops=1)
  Hash Cond: (mi_idx.movie_id = t.id)
  ->  Seq Scan on movie_info_idx mi_idx  (cost=0.00..21735.35 rows=1380035 width=4) (actual time=0.018..261.534 rows=1380035 loops=1)
  ->  Hash  (cost=163115.50..163115.50 rows=23890 width=8) (actual time=2771.675..2771.675 rows=79328 loops=1)
        Buckets: 131072 (originally 32768)  Batches: 2 (originally 1)  Memory Usage: 3073kB
        ->  Hash Join  (cost=76113.69..163115.50 rows=23890 width=8) (actual time=1156.401..2739.115 rows=79328 loops=1)
              Hash Cond: (mk.movie_id = t.id)
              ->  Seq Scan on movie_keyword mk  (cost=0.00..81003.12 rows=453008 width=4) (actual time=0.016..1300.986 rows=465401 loops=1)
                    Filter: (keyword_id < 355)
                    Rows Removed by Filter: 4058529
              ->  Hash  (cost=73925.90..73925.90 rows=133343 width=4) (actual time=1154.720..1154.720 rows=233692 loops=1)
                    Buckets: 131072 (originally 131072)  Batches: 4 (originally 2)  Memory Usage: 3085kB
                    ->  Seq Scan on title t  (cost=0.00..73925.90 rows=133343 width=4) (actual time=0.024..1066.648 rows=233692 loops=1)
                          Filter: ((kind_id < 7) AND (production_year < 1968))
                          Rows Removed by Filter: 2294620
Planning time: 1.184 ms
Execution time: 3623.523 ms
