Hash Join  (cost=102767.86..234345.68 rows=1691243 width=0) (actual time=1770.742..5159.366 rows=1699968 loops=1)
  Hash Cond: (mk.movie_id = t.id)
  ->  Seq Scan on movie_keyword mk  (cost=0.00..81003.12 rows=1691243 width=4) (actual time=0.017..1558.417 rows=1699968 loops=1)
        Filter: (keyword_id > 8460)
        Rows Removed by Filter: 2823962
  ->  Hash  (cost=61283.27..61283.27 rows=2528527 width=4) (actual time=1768.858..1768.858 rows=2528312 loops=1)
        Buckets: 131072  Batches: 64  Memory Usage: 2425kB
        ->  Seq Scan on title t  (cost=0.00..61283.27 rows=2528527 width=4) (actual time=0.020..902.617 rows=2528312 loops=1)
Planning time: 0.774 ms
Execution time: 5360.893 ms
