Nested Loop  (cost=82033.18..482133.60 rows=13243 width=0) (actual time=3799.014..14799.375 rows=1898728 loops=1)
  ->  Hash Join  (cost=82032.75..444231.49 rows=68428 width=8) (actual time=3798.948..7019.659 rows=1898728 loops=1)
        Hash Cond: (mi.movie_id = mc.movie_id)
        ->  Seq Scan on movie_info mi  (cost=0.00..346232.03 rows=17937 width=4) (actual time=2255.515..4631.789 rows=109034 loops=1)
              Filter: (info_type_id = 106)
              Rows Removed by Filter: 14726686
        ->  Hash  (cost=51404.11..51404.11 rows=1866851 width=4) (actual time=1491.210..1491.210 rows=1871679 loops=1)
              Buckets: 131072  Batches: 32  Memory Usage: 3128kB
              ->  Seq Scan on movie_companies mc  (cost=0.00..51404.11 rows=1866851 width=4) (actual time=0.033..924.172 rows=1871679 loops=1)
                    Filter: (company_id > 1436)
                    Rows Removed by Filter: 737450
  ->  Index Only Scan using title_pkey on title t  (cost=0.43..0.54 rows=1 width=4) (actual time=0.003..0.004 rows=1 loops=1898728)
        Index Cond: (id = mc.movie_id)
        Heap Fetches: 1898728
Planning time: 1.264 ms
Execution time: 15108.014 ms
