Hash Join  (cost=131245.22..1257101.50 rows=4000421 width=0) (actual time=2857.060..38827.359 rows=16375523 loops=1)
  Hash Cond: (ci.movie_id = t.id)
  ->  Seq Scan on cast_info ci  (cost=0.00..705507.15 rows=32790374 width=4) (actual time=0.022..14954.583 rows=32807366 loops=1)
        Filter: (person_id < 3433643)
        Rows Removed by Filter: 3436978
  ->  Hash  (cost=126184.22..126184.22 rows=308480 width=8) (actual time=2856.327..2856.327 rows=679177 loops=1)
        Buckets: 131072 (originally 131072)  Batches: 16 (originally 8)  Memory Usage: 3073kB
        ->  Hash Join  (cost=83198.94..126184.22 rows=308480 width=8) (actual time=1340.835..2645.417 rows=679177 loops=1)
              Hash Cond: (mi_idx.movie_id = t.id)
              ->  Seq Scan on movie_info_idx mi_idx  (cost=0.00..21735.35 rows=1380035 width=4) (actual time=0.026..380.138 rows=1380035 loops=1)
              ->  Hash  (cost=73925.90..73925.90 rows=565203 width=4) (actual time=1340.268..1340.268 rows=641785 loops=1)
                    Buckets: 131072  Batches: 8  Memory Usage: 3862kB
                    ->  Seq Scan on title t  (cost=0.00..73925.90 rows=565203 width=4) (actual time=0.008..1143.470 rows=641785 loops=1)
                          Filter: ((kind_id < 7) AND (production_year < 2006))
                          Rows Removed by Filter: 1886527
Planning time: 0.811 ms
Execution time: 40603.075 ms
