Hash Join  (cost=74870.67..101922.56 rows=13779 width=0) (actual time=1177.626..1758.298 rows=23126 loops=1)
  Hash Cond: (mi_idx.movie_id = t.id)
  ->  Seq Scan on movie_info_idx mi_idx  (cost=0.00..25185.44 rows=460978 width=4) (actual time=0.019..451.043 rows=459925 loops=1)
        Filter: (info_type_id = 99)
        Rows Removed by Filter: 920110
  ->  Hash  (cost=73925.90..73925.90 rows=75581 width=4) (actual time=1159.187..1159.187 rows=80563 loops=1)
        Buckets: 131072  Batches: 1  Memory Usage: 3857kB
        ->  Seq Scan on title t  (cost=0.00..73925.90 rows=75581 width=4) (actual time=449.890..1129.505 rows=80563 loops=1)
              Filter: ((production_year < 2008) AND (kind_id = 4))
              Rows Removed by Filter: 2447749
Planning time: 0.912 ms
Execution time: 1761.721 ms
