Hash Join  (cost=361306.39..2178142.49 rows=63000888 width=0) (actual time=8622.001..88505.289 rows=215532839 loops=1)
  Hash Cond: (ci.movie_id = t.id)
  ->  Seq Scan on cast_info ci  (cost=0.00..614943.12 rows=36225612 width=4) (actual time=0.020..12133.844 rows=36244344 loops=1)
  ->  Hash  (cost=289160.56..289160.56 rows=4397426 width=8) (actual time=8619.984..8619.984 rows=4499972 loops=1)
        Buckets: 131072  Batches: 64  Memory Usage: 3797kB
        ->  Hash Join  (cost=107928.35..289160.56 rows=4397426 width=8) (actual time=2441.644..7353.403 rows=4499972 loops=1)
              Hash Cond: (mk.movie_id = t.id)
              ->  Seq Scan on movie_keyword mk  (cost=0.00..69693.30 rows=4523930 width=4) (actual time=0.024..1267.240 rows=4523930 loops=1)
              ->  Hash  (cost=67604.59..67604.59 rows=2457821 width=4) (actual time=2440.433..2440.433 rows=2456218 loops=1)
                    Buckets: 131072  Batches: 64  Memory Usage: 2385kB
                    ->  Seq Scan on title t  (cost=0.00..67604.59 rows=2457821 width=4) (actual time=0.023..1307.287 rows=2456218 loops=1)
                          Filter: (production_year > 0)
                          Rows Removed by Filter: 72094
Planning time: 1.177 ms
Execution time: 111655.381 ms
