Hash Join  (cost=939844.23..1437528.06 rows=6337510 width=0) (actual time=19009.042..29704.408 rows=4973387 loops=1)
  Hash Cond: (mi.movie_id = t.id)
  ->  Seq Scan on movie_info mi  (cost=0.00..346232.03 rows=5445713 width=4) (actual time=71.566..5819.828 rows=5410520 loops=1)
        Filter: (info_type_id < 6)
        Rows Removed by Filter: 9425200
  ->  Hash  (cost=891566.71..891566.71 rows=2942602 width=8) (actual time=18936.524..18936.524 rows=3071180 loops=1)
        Buckets: 131072  Batches: 64  Memory Usage: 2883kB
        ->  Hash Join  (cost=98137.04..891566.71 rows=2942602 width=8) (actual time=1745.553..17770.223 rows=3071180 loops=1)
              Hash Cond: (ci.movie_id = t.id)
              ->  Seq Scan on cast_info ci  (cost=0.00..705507.15 rows=3998100 width=4) (actual time=0.040..12257.690 rows=4008037 loops=1)
                    Filter: (role_id = 3)
                    Rows Removed by Filter: 32236307
              ->  Hash  (cost=67604.59..67604.59 rows=1860996 width=4) (actual time=1744.669..1744.669 rows=1865487 loops=1)
                    Buckets: 131072  Batches: 32  Memory Usage: 3079kB
                    ->  Seq Scan on title t  (cost=0.00..67604.59 rows=1860996 width=4) (actual time=0.027..1151.139 rows=1865487 loops=1)
                          Filter: (kind_id > 1)
                          Rows Removed by Filter: 662825
Planning time: 1.215 ms
Execution time: 30232.377 ms
