Seq Scan on movie_keyword mk  (cost=0.00..81003.12 rows=246 width=0) (actual time=236.357..1150.013 rows=18 loops=1)
  Filter: (keyword_id = 65104)
  Rows Removed by Filter: 4523912
Planning time: 0.443 ms
Execution time: 1150.138 ms
