Hash Join  (cost=259337.17..361324.99 rows=1717490 width=0) (actual time=5538.622..8409.824 rows=2468985 loops=1)
  Hash Cond: (mc.movie_id = t.id)
  ->  Seq Scan on movie_companies mc  (cost=0.00..44881.29 rows=2609129 width=4) (actual time=0.023..924.916 rows=2609129 loops=1)
  ->  Hash  (cost=232029.77..232029.77 rows=1664432 width=8) (actual time=5536.555..5536.555 rows=823369 loops=1)
        Buckets: 131072  Batches: 32  Memory Usage: 2016kB
        ->  Hash Join  (cost=98137.04..232029.77 rows=1664432 width=8) (actual time=1890.327..5142.392 rows=823369 loops=1)
              Hash Cond: (mk.movie_id = t.id)
              ->  Seq Scan on movie_keyword mk  (cost=0.00..81003.12 rows=2261457 width=4) (actual time=0.014..1491.153 rows=2263815 loops=1)
                    Filter: (keyword_id < 4720)
                    Rows Removed by Filter: 2260115
              ->  Hash  (cost=67604.59..67604.59 rows=1860996 width=4) (actual time=1889.088..1889.088 rows=1865487 loops=1)
                    Buckets: 131072  Batches: 32  Memory Usage: 3085kB
                    ->  Seq Scan on title t  (cost=0.00..67604.59 rows=1860996 width=4) (actual time=0.011..1274.594 rows=1865487 loops=1)
                          Filter: (kind_id > 1)
                          Rows Removed by Filter: 662825
Planning time: 0.863 ms
Execution time: 8706.132 ms
