Seq Scan on cast_info ci  (cost=0.00..796071.18 rows=14664722 width=0) (actual time=1682.261..16840.910 rows=12684198 loops=1)
  Filter: ((person_id < 3433572) AND (role_id > 2))
  Rows Removed by Filter: 23560146
Planning time: 0.404 ms
Execution time: 18452.153 ms
