Hash Join  (cost=154654.97..999200.40 rows=50486 width=0) (actual time=6521.708..17940.088 rows=306259 loops=1)
  Hash Cond: (ci.movie_id = t.id)
  ->  Seq Scan on cast_info ci  (cost=0.00..796071.18 rows=9593878 width=4) (actual time=3980.575..14076.932 rows=6334752 loops=1)
        Filter: ((person_id > 864891) AND (role_id < 2))
        Rows Removed by Filter: 29909592
  ->  Hash  (cost=154488.65..154488.65 rows=13306 width=8) (actual time=2540.662..2540.662 rows=37530 loops=1)
        Buckets: 65536 (originally 16384)  Batches: 1 (originally 1)  Memory Usage: 1979kB
        ->  Hash Join  (cost=67697.55..154488.65 rows=13306 width=8) (actual time=773.854..2527.632 rows=37530 loops=1)
              Hash Cond: (mk.movie_id = t.id)
              ->  Seq Scan on movie_keyword mk  (cost=0.00..69693.30 rows=4523930 width=4) (actual time=0.009..874.102 rows=4523930 loops=1)
              ->  Hash  (cost=67604.59..67604.59 rows=7437 width=4) (actual time=773.100..773.100 rows=14456 loops=1)
                    Buckets: 16384 (originally 8192)  Batches: 1 (originally 1)  Memory Usage: 637kB
                    ->  Seq Scan on title t  (cost=0.00..67604.59 rows=7437 width=4) (actual time=0.017..766.623 rows=14456 loops=1)
                          Filter: (production_year = 1981)
                          Rows Removed by Filter: 2513856
Planning time: 1.428 ms
Execution time: 17979.574 ms
