Nested Loop  (cost=0.43..797958.78 rows=53 width=0) (actual time=11516.524..12905.326 rows=2 loops=1)
  ->  Seq Scan on cast_info ci  (cost=0.00..796071.18 rows=224 width=4) (actual time=11516.457..12905.128 rows=6 loops=1)
        Filter: ((role_id > 2) AND (person_id = 1040673))
        Rows Removed by Filter: 36244338
  ->  Index Scan using title_pkey on title t  (cost=0.43..8.42 rows=1 width=4) (actual time=0.028..0.028 rows=0 loops=6)
        Index Cond: (id = ci.movie_id)
        Filter: ((kind_id < 7) AND (production_year > 1997))
        Rows Removed by Filter: 1
Planning time: 0.848 ms
Execution time: 12905.470 ms
