Seq Scan on movie_keyword mk  (cost=0.00..81003.12 rows=585154 width=0) (actual time=0.018..1203.632 rows=583750 loops=1)
  Filter: (keyword_id > 31430)
  Rows Removed by Filter: 3940180
Planning time: 0.360 ms
Execution time: 1284.745 ms
