Hash Join  (cost=102767.86..177498.71 rows=287749 width=0) (actual time=1922.078..3258.799 rows=420916 loops=1)
  Hash Cond: (mc.movie_id = t.id)
  ->  Seq Scan on movie_companies mc  (cost=0.00..57926.93 rows=287749 width=4) (actual time=178.260..781.393 rows=420916 loops=1)
        Filter: ((company_id < 656) AND (company_type_id = 1))
        Rows Removed by Filter: 2188213
  ->  Hash  (cost=61283.27..61283.27 rows=2528527 width=4) (actual time=1742.500..1742.500 rows=2528312 loops=1)
        Buckets: 131072  Batches: 64  Memory Usage: 2415kB
        ->  Seq Scan on title t  (cost=0.00..61283.27 rows=2528527 width=4) (actual time=0.023..884.856 rows=2528312 loops=1)
Planning time: 0.764 ms
Execution time: 3309.163 ms
