Hash Join  (cost=70965.72..882074.90 rows=93203 width=0) (actual time=1111.328..12486.997 rows=8419 loops=1)
  Hash Cond: (ci.movie_id = t.id)
  ->  Seq Scan on cast_info ci  (cost=0.00..796071.18 rows=1150658 width=4) (actual time=46.129..11255.443 rows=373896 loops=1)
        Filter: ((person_id < 931300) AND (role_id = 10))
        Rows Removed by Filter: 35870448
  ->  Hash  (cost=67604.59..67604.59 rows=204811 width=4) (actual time=1062.768..1062.768 rows=202996 loops=1)
        Buckets: 131072  Batches: 4  Memory Usage: 2808kB
        ->  Seq Scan on title t  (cost=0.00..67604.59 rows=204811 width=4) (actual time=0.029..992.303 rows=202996 loops=1)
              Filter: (production_year < 1956)
              Rows Removed by Filter: 2325316
Planning time: 0.557 ms
Execution time: 12488.228 ms
