Hash Join  (cost=252200.71..1105538.70 rows=4784556 width=0) (actual time=6525.707..27312.336 rows=15005172 loops=1)
  Hash Cond: (ci.movie_id = t.id)
  ->  Seq Scan on cast_info ci  (cost=0.00..705507.15 rows=7298253 width=4) (actual time=263.086..12809.093 rows=7451973 loops=1)
        Filter: (role_id = 2)
        Rows Removed by Filter: 28792371
  ->  Hash  (cost=225004.20..225004.20 rows=1657641 width=8) (actual time=6261.411..6261.411 rows=2230489 loops=1)
        Buckets: 131072  Batches: 32  Memory Usage: 3687kB
        ->  Hash Join  (cost=82805.75..225004.20 rows=1657641 width=8) (actual time=1319.089..5616.315 rows=2230489 loops=1)
              Hash Cond: (mk.movie_id = t.id)
              ->  Seq Scan on movie_keyword mk  (cost=0.00..69693.30 rows=4523930 width=4) (actual time=0.028..1292.811 rows=4523930 loops=1)
              ->  Hash  (cost=67604.59..67604.59 rows=926493 width=4) (actual time=1318.144..1318.144 rows=924605 loops=1)
                    Buckets: 131072  Batches: 16  Memory Usage: 3063kB
                    ->  Seq Scan on title t  (cost=0.00..67604.59 rows=926493 width=4) (actual time=0.020..1025.223 rows=924605 loops=1)
                          Filter: (production_year < 1998)
                          Rows Removed by Filter: 1603707
Planning time: 1.159 ms
Execution time: 28816.015 ms
