Seq Scan on movie_companies mc  (cost=0.00..57926.93 rows=51 width=0) (actual time=46.719..760.579 rows=885 loops=1)
  Filter: ((company_id = 11386) AND (company_type_id = 1))
  Rows Removed by Filter: 2608244
Planning time: 1.339 ms
Execution time: 760.895 ms
