Hash Join  (cost=154654.97..516389.43 rows=16145 width=0) (actual time=4222.216..7174.531 rows=115169 loops=1)
  Hash Cond: (mi.movie_id = t.id)
  ->  Seq Scan on movie_info mi  (cost=0.00..346232.03 rows=3068194 width=4) (actual time=1536.230..4181.907 rows=3036719 loops=1)
        Filter: (info_type_id = 16)
        Rows Removed by Filter: 11799001
  ->  Hash  (cost=154488.65..154488.65 rows=13306 width=8) (actual time=2682.696..2682.696 rows=21542 loops=1)
        Buckets: 32768 (originally 16384)  Batches: 1 (originally 1)  Memory Usage: 1098kB
        ->  Hash Join  (cost=67697.55..154488.65 rows=13306 width=8) (actual time=885.897..2674.886 rows=21542 loops=1)
              Hash Cond: (mk.movie_id = t.id)
              ->  Seq Scan on movie_keyword mk  (cost=0.00..69693.30 rows=4523930 width=4) (actual time=0.032..896.796 rows=4523930 loops=1)
              ->  Hash  (cost=67604.59..67604.59 rows=7437 width=4) (actual time=885.778..885.778 rows=13063 loops=1)
                    Buckets: 16384 (originally 8192)  Batches: 1 (originally 1)  Memory Usage: 588kB
                    ->  Seq Scan on title t  (cost=0.00..67604.59 rows=7437 width=4) (actual time=0.034..879.790 rows=13063 loops=1)
                          Filter: (production_year = 1965)
                          Rows Removed by Filter: 2515249
Planning time: 1.191 ms
Execution time: 7181.679 ms
