Hash Join  (cost=102767.86..295459.79 rows=4231065 width=0) (actual time=1909.065..6910.126 rows=4234219 loops=1)
  Hash Cond: (mk.movie_id = t.id)
  ->  Seq Scan on movie_keyword mk  (cost=0.00..81003.12 rows=4231065 width=4) (actual time=0.018..1644.586 rows=4234219 loops=1)
        Filter: (keyword_id < 55467)
        Rows Removed by Filter: 289711
  ->  Hash  (cost=61283.27..61283.27 rows=2528527 width=4) (actual time=1908.463..1908.463 rows=2528312 loops=1)
        Buckets: 131072  Batches: 64  Memory Usage: 2425kB
        ->  Seq Scan on title t  (cost=0.00..61283.27 rows=2528527 width=4) (actual time=0.008..1047.190 rows=2528312 loops=1)
Planning time: 0.811 ms
Execution time: 7378.209 ms
