Hash Join  (cost=196222.03..252780.42 rows=35608 width=0) (actual time=3470.714..4675.518 rows=246969 loops=1)
  Hash Cond: (mc.movie_id = t.id)
  ->  Seq Scan on movie_companies mc  (cost=0.00..51404.11 rows=1279517 width=4) (actual time=0.029..843.831 rows=1274246 loops=1)
        Filter: (company_type_id < 2)
        Rows Removed by Filter: 1334883
  ->  Hash  (cost=195342.45..195342.45 rows=70367 width=8) (actual time=3468.920..3468.920 rows=72592 loops=1)
        Buckets: 131072  Batches: 1  Memory Usage: 3860kB
        ->  Hash Join  (cost=102767.86..195342.45 rows=70367 width=8) (actual time=1832.615..3441.001 rows=72592 loops=1)
              Hash Cond: (mk.movie_id = t.id)
              ->  Seq Scan on movie_keyword mk  (cost=0.00..81003.12 rows=70367 width=4) (actual time=0.045..1144.075 rows=72592 loops=1)
                    Filter: (keyword_id < 66)
                    Rows Removed by Filter: 4451338
              ->  Hash  (cost=61283.27..61283.27 rows=2528527 width=4) (actual time=1831.882..1831.882 rows=2528312 loops=1)
                    Buckets: 131072  Batches: 64  Memory Usage: 2425kB
                    ->  Seq Scan on title t  (cost=0.00..61283.27 rows=2528527 width=4) (actual time=0.009..977.173 rows=2528312 loops=1)
Planning time: 1.182 ms
Execution time: 4707.715 ms
