Hash Join  (cost=74281.64..135608.62 rows=9907 width=0) (actual time=1497.454..1828.224 rows=4346 loops=1)
  Hash Cond: (mc.movie_id = t.id)
  ->  Seq Scan on movie_companies mc  (cost=0.00..57926.93 rows=880259 width=4) (actual time=313.755..765.914 rows=560063 loops=1)
        Filter: ((company_id < 22223) AND (company_type_id = 2))
        Rows Removed by Filter: 2049066
  ->  Hash  (cost=73925.90..73925.90 rows=28459 width=4) (actual time=960.900..960.900 rows=16117 loops=1)
        Buckets: 32768  Batches: 1  Memory Usage: 823kB
        ->  Seq Scan on title t  (cost=0.00..73925.90 rows=28459 width=4) (actual time=0.036..954.086 rows=16117 loops=1)
              Filter: ((kind_id = 1) AND (production_year = 2006))
              Rows Removed by Filter: 2512195
Planning time: 0.904 ms
Execution time: 1828.982 ms
