Seq Scan on cast_info ci  (cost=0.00..705507.15 rows=500 width=0) (actual time=7594.267..9859.848 rows=1 loops=1)
  Filter: (person_id = 1986750)
  Rows Removed by Filter: 36244343
Planning time: 0.418 ms
Execution time: 9859.921 ms
