Seq Scan on cast_info ci  (cost=0.00..705507.15 rows=16295620 width=0) (actual time=0.020..11373.645 rows=16163527 loops=1)
  Filter: (person_id < 1601207)
  Rows Removed by Filter: 20080817
Planning time: 0.273 ms
Execution time: 13416.053 ms
