Hash Join  (cost=28270.40..782446.55 rows=1888 width=0) (actual time=433.457..14147.304 rows=11780 loops=1)
  Hash Cond: (ci.movie_id = t.id)
  ->  Seq Scan on cast_info ci  (cost=0.00..705507.15 rows=12973365 width=4) (actual time=0.050..11471.918 rows=13106536 loops=1)
        Filter: (person_id > 2365828)
        Rows Removed by Filter: 23137808
  ->  Hash  (cost=28265.80..28265.80 rows=368 width=8) (actual time=431.675..431.675 rows=260 loops=1)
        Buckets: 1024  Batches: 1  Memory Usage: 19kB
        ->  Nested Loop  (cost=0.43..28265.80 rows=368 width=8) (actual time=287.061..431.558 rows=260 loops=1)
              ->  Seq Scan on movie_info_idx mi_idx  (cost=0.00..25185.44 rows=368 width=4) (actual time=286.979..419.842 rows=260 loops=1)
                    Filter: (info_type_id > 101)
                    Rows Removed by Filter: 1379775
              ->  Index Only Scan using title_pkey on title t  (cost=0.43..8.36 rows=1 width=4) (actual time=0.044..0.044 rows=1 loops=260)
                    Index Cond: (id = mi_idx.movie_id)
                    Heap Fetches: 260
Planning time: 1.254 ms
Execution time: 14150.364 ms
