Seq Scan on cast_info ci  (cost=0.00..705507.15 rows=500 width=0) (actual time=4464.581..10258.032 rows=39 loops=1)
  Filter: (person_id = 1650747)
  Rows Removed by Filter: 36244305
Planning time: 0.402 ms
Execution time: 10258.159 ms
