Seq Scan on cast_info ci  (cost=0.00..796071.18 rows=5440355 width=0) (actual time=683.195..13352.610 rows=7450366 loops=1)
  Filter: ((person_id > 894021) AND (role_id = 2))
  Rows Removed by Filter: 28793978
Planning time: 0.402 ms
Execution time: 14221.044 ms
