Hash Join  (cost=979238.48..1740722.06 rows=21218595 width=0) (actual time=20974.928..43525.265 rows=33693169 loops=1)
  Hash Cond: (mi.movie_id = t.id)
  ->  Seq Scan on movie_info mi  (cost=0.00..309384.22 rows=14739122 width=4) (actual time=0.015..5333.144 rows=14835720 loops=1)
  ->  Hash  (cost=919517.30..919517.30 rows=3640094 width=8) (actual time=20973.521..20973.521 rows=4001617 loops=1)
        Buckets: 131072  Batches: 64  Memory Usage: 3490kB
        ->  Hash Join  (cost=88295.76..919517.30 rows=3640094 width=8) (actual time=1620.231..19534.020 rows=4001617 loops=1)
              Hash Cond: (ci.movie_id = t.id)
              ->  Seq Scan on cast_info ci  (cost=0.00..705507.15 rows=7298253 width=4) (actual time=0.005..12615.510 rows=7451973 loops=1)
                    Filter: (role_id = 2)
                    Rows Removed by Filter: 28792371
              ->  Hash  (cost=67604.59..67604.59 rows=1261134 width=4) (actual time=1619.190..1619.190 rows=1260295 loops=1)
                    Buckets: 131072  Batches: 32  Memory Usage: 2413kB
                    ->  Seq Scan on title t  (cost=0.00..67604.59 rows=1261134 width=4) (actual time=0.013..1205.461 rows=1260295 loops=1)
                          Filter: (production_year > 2002)
                          Rows Removed by Filter: 1268017
Planning time: 1.357 ms
Execution time: 47457.081 ms
