Hash Join  (cost=102767.86..233371.65 rows=1650749 width=0) (actual time=1879.524..5705.516 rows=1657180 loops=1)
  Hash Cond: (mk.movie_id = t.id)
  ->  Seq Scan on movie_keyword mk  (cost=0.00..81003.12 rows=1650749 width=4) (actual time=0.026..1530.685 rows=1657180 loops=1)
        Filter: (keyword_id > 8816)
        Rows Removed by Filter: 2866750
  ->  Hash  (cost=61283.27..61283.27 rows=2528527 width=4) (actual time=1878.393..1878.393 rows=2528312 loops=1)
        Buckets: 131072  Batches: 64  Memory Usage: 2425kB
        ->  Seq Scan on title t  (cost=0.00..61283.27 rows=2528527 width=4) (actual time=0.019..1018.783 rows=2528312 loops=1)
Planning time: 0.775 ms
Execution time: 5898.792 ms
