Hash Join  (cost=709675.59..764343.12 rows=202 width=0) (actual time=8612.521..9420.753 rows=155 loops=1)
  Hash Cond: (mc.movie_id = t.id)
  ->  Seq Scan on movie_companies mc  (cost=0.00..44881.29 rows=2609129 width=4) (actual time=0.014..486.507 rows=2609129 loops=1)
  ->  Hash  (cost=709673.15..709673.15 rows=195 width=8) (actual time=8455.300..8455.300 rows=77 loops=1)
        Buckets: 1024  Batches: 1  Memory Usage: 12kB
        ->  Nested Loop  (cost=0.43..709673.15 rows=195 width=8) (actual time=779.524..8455.205 rows=77 loops=1)
              ->  Seq Scan on cast_info ci  (cost=0.00..705507.15 rows=500 width=4) (actual time=779.446..8453.322 rows=77 loops=1)
                    Filter: (person_id = 1112162)
                    Rows Removed by Filter: 36244267
              ->  Index Scan using title_pkey on title t  (cost=0.43..8.32 rows=1 width=4) (actual time=0.022..0.022 rows=1 loops=77)
                    Index Cond: (id = ci.movie_id)
                    Filter: (kind_id < 7)
Planning time: 1.315 ms
Execution time: 9421.042 ms
