Seq Scan on movie_keyword mk  (cost=0.00..81003.12 rows=246 width=0) (actual time=0.472..1238.025 rows=229 loops=1)
  Filter: (keyword_id = 4056)
  Rows Removed by Filter: 4523701
Planning time: 0.367 ms
Execution time: 1238.237 ms
