Hash Join  (cost=83074.74..109963.59 rows=44 width=0) (actual time=1124.904..1593.601 rows=92 loops=1)
  Hash Cond: (mi_idx.movie_id = t.id)
  ->  Seq Scan on movie_info_idx mi_idx  (cost=0.00..25185.44 rows=454124 width=4) (actual time=0.021..405.455 rows=459925 loops=1)
        Filter: (info_type_id = 100)
        Rows Removed by Filter: 920110
  ->  Hash  (cost=83071.67..83071.67 rows=246 width=8) (actual time=1123.106..1123.106 rows=124 loops=1)
        Buckets: 1024  Batches: 1  Memory Usage: 13kB
        ->  Nested Loop  (cost=0.43..83071.67 rows=246 width=8) (actual time=115.740..1122.995 rows=124 loops=1)
              ->  Seq Scan on movie_keyword mk  (cost=0.00..81003.12 rows=246 width=4) (actual time=115.622..1119.141 rows=124 loops=1)
                    Filter: (keyword_id = 1146)
                    Rows Removed by Filter: 4523806
              ->  Index Only Scan using title_pkey on title t  (cost=0.43..8.40 rows=1 width=4) (actual time=0.027..0.028 rows=1 loops=124)
                    Index Cond: (id = mk.movie_id)
                    Heap Fetches: 124
Planning time: 1.247 ms
Execution time: 1593.732 ms
