Hash Join  (cost=118520.81..470597.01 rows=3143 width=0) (actual time=2611.454..5765.758 rows=12576 loops=1)
  Hash Cond: (mi.movie_id = t.id)
  ->  Seq Scan on movie_info mi  (cost=0.00..346232.03 rows=1550064 width=4) (actual time=1333.063..4225.652 rows=1533909 loops=1)
        Filter: (info_type_id = 3)
        Rows Removed by Filter: 13301811
  ->  Hash  (cost=118456.73..118456.73 rows=5127 width=8) (actual time=1274.815..1274.815 rows=6286 loops=1)
        Buckets: 8192  Batches: 1  Memory Usage: 310kB
        ->  Nested Loop  (cost=0.43..118456.73 rows=5127 width=8) (actual time=0.171..1271.096 rows=6286 loops=1)
              ->  Seq Scan on movie_keyword mk  (cost=0.00..81003.12 rows=5127 width=4) (actual time=0.105..1139.284 rows=6286 loops=1)
                    Filter: (keyword_id = 2276)
                    Rows Removed by Filter: 4517644
              ->  Index Only Scan using title_pkey on title t  (cost=0.43..7.30 rows=1 width=4) (actual time=0.020..0.020 rows=1 loops=6286)
                    Index Cond: (id = mk.movie_id)
                    Heap Fetches: 6286
Planning time: 1.268 ms
Execution time: 5767.880 ms
