Hash Join  (cost=196022.68..331732.49 rows=1125077 width=0) (actual time=3270.949..8913.501 rows=9402321 loops=1)
  Hash Cond: (mk.movie_id = t.id)
  ->  Seq Scan on movie_keyword mk  (cost=0.00..69693.30 rows=4523930 width=4) (actual time=0.025..1317.514 rows=4523930 loops=1)
  ->  Hash  (cost=185705.30..185705.30 rows=628831 width=8) (actual time=3269.791..3269.791 rows=386699 loops=1)
        Buckets: 131072  Batches: 16  Memory Usage: 2004kB
        ->  Hash Join  (cost=102767.86..185705.30 rows=628831 width=8) (actual time=2144.902..3173.344 rows=386699 loops=1)
              Hash Cond: (mc.movie_id = t.id)
              ->  Seq Scan on movie_companies mc  (cost=0.00..57926.93 rows=628831 width=4) (actual time=501.322..913.769 rows=386699 loops=1)
                    Filter: ((company_id > 11369) AND (company_type_id = 1))
                    Rows Removed by Filter: 2222430
              ->  Hash  (cost=61283.27..61283.27 rows=2528527 width=4) (actual time=1641.807..1641.807 rows=2528312 loops=1)
                    Buckets: 131072  Batches: 64  Memory Usage: 2415kB
                    ->  Seq Scan on title t  (cost=0.00..61283.27 rows=2528527 width=4) (actual time=0.021..820.233 rows=2528312 loops=1)
Planning time: 1.143 ms
Execution time: 9866.880 ms
