Hash Join  (cost=174865.45..733907.97 rows=4987876 width=0) (actual time=3684.143..20632.999 rows=12383720 loops=1)
  Hash Cond: (mi.movie_id = t.id)
  ->  Seq Scan on movie_info mi  (cost=0.00..346232.03 rows=13782062 width=4) (actual time=0.019..6310.198 rows=13822547 loops=1)
        Filter: (info_type_id < 87)
        Rows Removed by Filter: 1013173
  ->  Hash  (cost=159851.69..159851.69 rows=915101 width=8) (actual time=3683.217..3683.217 rows=919850 loops=1)
        Buckets: 131072  Batches: 16  Memory Usage: 3282kB
        ->  Hash Join  (cost=102767.86..159851.69 rows=915101 width=8) (actual time=1754.265..3408.209 rows=919850 loops=1)
              Hash Cond: (mi_idx.movie_id = t.id)
              ->  Seq Scan on movie_info_idx mi_idx  (cost=0.00..25185.44 rows=915101 width=4) (actual time=0.015..496.225 rows=919850 loops=1)
                    Filter: (info_type_id < 101)
                    Rows Removed by Filter: 460185
              ->  Hash  (cost=61283.27..61283.27 rows=2528527 width=4) (actual time=1753.522..1753.522 rows=2528312 loops=1)
                    Buckets: 131072  Batches: 64  Memory Usage: 2415kB
                    ->  Seq Scan on title t  (cost=0.00..61283.27 rows=2528527 width=4) (actual time=0.009..919.484 rows=2528312 loops=1)
Planning time: 1.108 ms
Execution time: 22135.766 ms
