Hash Join  (cost=102767.86..204869.19 rows=1696321 width=0) (actual time=1767.889..4859.366 rows=1687744 loops=1)
  Hash Cond: (mc.movie_id = t.id)
  ->  Seq Scan on movie_companies mc  (cost=0.00..51404.11 rows=1696321 width=4) (actual time=0.019..890.743 rows=1687744 loops=1)
        Filter: (company_id < 20064)
        Rows Removed by Filter: 921385
  ->  Hash  (cost=61283.27..61283.27 rows=2528527 width=4) (actual time=1766.664..1766.664 rows=2528312 loops=1)
        Buckets: 131072  Batches: 64  Memory Usage: 2415kB
        ->  Seq Scan on title t  (cost=0.00..61283.27 rows=2528527 width=4) (actual time=0.009..910.035 rows=2528312 loops=1)
Planning time: 0.796 ms
Execution time: 5059.323 ms
