Hash Join  (cost=202592.52..745194.78 rows=5885233 width=0) (actual time=4801.241..26272.367 rows=37357922 loops=1)
  Hash Cond: (mi.movie_id = t.id)
  ->  Seq Scan on movie_info mi  (cost=0.00..309384.22 rows=14739122 width=4) (actual time=0.015..5237.148 rows=14835720 loops=1)
  ->  Hash  (cost=186028.22..186028.22 rows=1009624 width=8) (actual time=4800.069..4800.069 rows=862972 loops=1)
        Buckets: 131072  Batches: 16  Memory Usage: 3175kB
        ->  Hash Join  (cost=100338.29..186028.22 rows=1009624 width=8) (actual time=2568.317..4523.087 rows=862972 loops=1)
              Hash Cond: (mc.movie_id = t.id)
              ->  Seq Scan on movie_companies mc  (cost=0.00..51404.11 rows=1279517 width=4) (actual time=262.020..949.381 rows=1274246 loops=1)
                    Filter: (company_type_id = 1)
                    Rows Removed by Filter: 1334883
              ->  Hash  (cost=67604.59..67604.59 rows=1995176 width=4) (actual time=2305.483..2305.483 rows=1990655 loops=1)
                    Buckets: 131072  Batches: 32  Memory Usage: 3218kB
                    ->  Seq Scan on title t  (cost=0.00..67604.59 rows=1995176 width=4) (actual time=0.026..1218.228 rows=1990655 loops=1)
                          Filter: (production_year > 1976)
                          Rows Removed by Filter: 537657
Planning time: 1.300 ms
Execution time: 30651.676 ms
