Hash Join  (cost=52284.46..139035.78 rows=25 width=0) (actual time=894.587..2487.340 rows=924 loops=1)
  Hash Cond: (mk.movie_id = t.id)
  ->  Seq Scan on movie_keyword mk  (cost=0.00..81003.12 rows=1532783 width=4) (actual time=0.022..1346.038 rows=1540940 loops=1)
        Filter: (keyword_id < 2273)
        Rows Removed by Filter: 2982990
  ->  Hash  (cost=52283.95..52283.95 rows=41 width=8) (actual time=893.495..893.495 rows=1878 loops=1)
        Buckets: 2048 (originally 1024)  Batches: 1 (originally 1)  Memory Usage: 90kB
        ->  Nested Loop  (cost=0.43..52283.95 rows=41 width=8) (actual time=410.855..892.460 rows=1878 loops=1)
              ->  Seq Scan on movie_companies mc  (cost=0.00..51404.11 rows=104 width=4) (actual time=410.763..821.047 rows=1878 loops=1)
                    Filter: (company_id = 11299)
                    Rows Removed by Filter: 2607251
              ->  Index Scan using title_pkey on title t  (cost=0.43..8.45 rows=1 width=4) (actual time=0.037..0.037 rows=1 loops=1878)
                    Index Cond: (id = mc.movie_id)
                    Filter: (kind_id < 7)
Planning time: 1.152 ms
Execution time: 2487.716 ms
