Hash Join  (cost=122732.29..610728.61 rows=767542 width=0) (actual time=2402.013..13209.320 rows=524816 loops=1)
  Hash Cond: (mi.movie_id = t.id)
  ->  Seq Scan on movie_info mi  (cost=0.00..309384.22 rows=14739122 width=4) (actual time=0.014..5444.993 rows=14835720 loops=1)
  ->  Hash  (cost=120571.38..120571.38 rows=131673 width=8) (actual time=2400.982..2400.982 rows=65201 loops=1)
        Buckets: 131072  Batches: 2  Memory Usage: 2302kB
        ->  Hash Join  (cost=85954.24..120571.38 rows=131673 width=8) (actual time=1569.114..2379.153 rows=65201 loops=1)
              Hash Cond: (mi_idx.movie_id = t.id)
              ->  Seq Scan on movie_info_idx mi_idx  (cost=0.00..25185.44 rows=454124 width=4) (actual time=0.022..452.761 rows=459925 loops=1)
                    Filter: (info_type_id = 100)
                    Rows Removed by Filter: 920110
              ->  Hash  (cost=73925.90..73925.90 rows=733147 width=4) (actual time=1563.690..1563.690 rows=800171 loops=1)
                    Buckets: 131072  Batches: 16  Memory Usage: 2789kB
                    ->  Seq Scan on title t  (cost=0.00..73925.90 rows=733147 width=4) (actual time=0.028..1307.779 rows=800171 loops=1)
                          Filter: ((kind_id > 4) AND (production_year > 2003))
                          Rows Removed by Filter: 1728141
Planning time: 4.585 ms
Execution time: 13278.624 ms
