Hash Join  (cost=58375.85..423034.86 rows=309 width=0) (actual time=862.245..6475.926 rows=172 loops=1)
  Hash Cond: (mi.movie_id = t.id)
  ->  Seq Scan on movie_info mi  (cost=0.00..309384.22 rows=14739122 width=4) (actual time=0.019..3212.034 rows=14835720 loops=1)
  ->  Hash  (cost=58375.18..58375.18 rows=53 width=8) (actual time=823.501..823.501 rows=11 loops=1)
        Buckets: 1024  Batches: 1  Memory Usage: 9kB
        ->  Nested Loop  (cost=0.43..58375.18 rows=53 width=8) (actual time=68.558..823.482 rows=11 loops=1)
              ->  Seq Scan on movie_companies mc  (cost=0.00..57926.93 rows=53 width=4) (actual time=68.460..822.974 rows=11 loops=1)
                    Filter: ((company_type_id > 1) AND (company_id = 11427))
                    Rows Removed by Filter: 2609118
              ->  Index Only Scan using title_pkey on title t  (cost=0.43..8.45 rows=1 width=4) (actual time=0.039..0.041 rows=1 loops=11)
                    Index Cond: (id = mc.movie_id)
                    Heap Fetches: 11
Planning time: 1.111 ms
Execution time: 6476.103 ms
