Hash Join  (cost=159606.36..284941.97 rows=273558 width=0) (actual time=2906.328..5968.507 rows=478749 loops=1)
  Hash Cond: (mk.movie_id = t.id)
  ->  Seq Scan on movie_keyword mk  (cost=0.00..69693.30 rows=4523930 width=4) (actual time=0.022..1274.585 rows=4523930 loops=1)
  ->  Hash  (cost=157097.13..157097.13 rows=152898 width=8) (actual time=2905.529..2905.529 rows=165410 loops=1)
        Buckets: 131072 (originally 131072)  Batches: 4 (originally 2)  Memory Usage: 3073kB
        ->  Hash Join  (cost=89201.08..157097.13 rows=152898 width=8) (actual time=1408.146..2842.979 rows=165410 loops=1)
              Hash Cond: (mc.movie_id = t.id)
              ->  Seq Scan on movie_companies mc  (cost=0.00..57926.93 rows=415236 width=4) (actual time=0.014..879.246 rows=742430 loops=1)
                    Filter: ((company_id > 28139) AND (company_type_id > 1))
                    Rows Removed by Filter: 1866699
              ->  Hash  (cost=73925.90..73925.90 rows=931054 width=4) (actual time=1406.840..1406.840 rows=852178 loops=1)
                    Buckets: 131072  Batches: 16  Memory Usage: 2899kB
                    ->  Seq Scan on title t  (cost=0.00..73925.90 rows=931054 width=4) (actual time=0.017..1136.842 rows=852178 loops=1)
                          Filter: ((kind_id > 1) AND (production_year < 2004))
                          Rows Removed by Filter: 1676134
Planning time: 1.082 ms
Execution time: 6025.399 ms
