Seq Scan on movie_keyword mk  (cost=0.00..81003.12 rows=246 width=0) (actual time=0.466..1151.526 rows=34 loops=1)
  Filter: (keyword_id = 66675)
  Rows Removed by Filter: 4523896
Planning time: 0.308 ms
Execution time: 1151.637 ms
