Hash Join  (cost=139353.29..166545.64 rows=28187 width=0) (actual time=2421.912..3080.267 rows=40902 loops=1)
  Hash Cond: (mi_idx.movie_id = t.id)
  ->  Seq Scan on movie_info_idx mi_idx  (cost=0.00..21735.35 rows=1380035 width=4) (actual time=0.022..344.909 rows=1380035 loops=1)
  ->  Hash  (cost=138707.74..138707.74 rows=51644 width=8) (actual time=2420.631..2420.631 rows=23412 loops=1)
        Buckets: 65536  Batches: 1  Memory Usage: 1427kB
        ->  Hash Join  (cost=70241.71..138707.74 rows=51644 width=8) (actual time=1198.421..2411.515 rows=23412 loops=1)
              Hash Cond: (mc.movie_id = t.id)
              ->  Seq Scan on movie_companies mc  (cost=0.00..57926.93 rows=812441 width=4) (actual time=118.861..1050.421 rows=603423 loops=1)
                    Filter: ((company_id > 3747) AND (company_type_id = 1))
                    Rows Removed by Filter: 2005706
              ->  Hash  (cost=67604.59..67604.59 rows=160730 width=4) (actual time=1078.633..1078.633 rows=160017 loops=1)
                    Buckets: 131072  Batches: 4  Memory Usage: 2436kB
                    ->  Seq Scan on title t  (cost=0.00..67604.59 rows=160730 width=4) (actual time=0.037..1022.501 rows=160017 loops=1)
                          Filter: (production_year = 2011)
                          Rows Removed by Filter: 2368295
Planning time: 1.242 ms
Execution time: 3089.751 ms
