Hash Join  (cost=82131.75..227701.93 rows=1420474 width=0) (actual time=1305.019..5405.747 rows=1919419 loops=1)
  Hash Cond: (mk.movie_id = t.id)
  ->  Seq Scan on movie_keyword mk  (cost=0.00..81003.12 rows=4056350 width=4) (actual time=0.019..1726.656 rows=4059109 loops=1)
        Filter: (keyword_id < 38295)
        Rows Removed by Filter: 464821
  ->  Hash  (cost=67604.59..67604.59 rows=885453 width=4) (actual time=1304.209..1304.209 rows=885650 loops=1)
        Buckets: 131072  Batches: 16  Memory Usage: 2979kB
        ->  Seq Scan on title t  (cost=0.00..67604.59 rows=885453 width=4) (actual time=0.019..1009.813 rows=885650 loops=1)
              Filter: (production_year < 1997)
              Rows Removed by Filter: 1642662
Planning time: 0.804 ms
Execution time: 5635.931 ms
