Hash Join  (cost=151591.38..1277856.58 rows=9000697 width=0) (actual time=3126.510..33605.738 rows=13119957 loops=1)
  Hash Cond: (ci.movie_id = t.id)
  ->  Seq Scan on cast_info ci  (cost=0.00..614943.12 rows=36225612 width=4) (actual time=0.016..12175.737 rows=36244344 loops=1)
  ->  Hash  (cost=141283.33..141283.33 rows=628244 width=8) (actual time=3125.389..3125.389 rows=341010 loops=1)
        Buckets: 131072  Batches: 16  Memory Usage: 1866kB
        ->  Hash Join  (cost=92811.40..141283.33 rows=628244 width=8) (actual time=1691.113..3032.321 rows=341010 loops=1)
              Hash Cond: (mi_idx.movie_id = t.id)
              ->  Seq Scan on movie_info_idx mi_idx  (cost=0.00..21735.35 rows=1380035 width=4) (actual time=0.020..451.449 rows=1380035 loops=1)
              ->  Hash  (cost=73925.90..73925.90 rows=1151080 width=4) (actual time=1690.096..1690.096 rows=1244530 loops=1)
                    Buckets: 131072  Batches: 16  Memory Usage: 3771kB
                    ->  Seq Scan on title t  (cost=0.00..73925.90 rows=1151080 width=4) (actual time=98.382..1309.837 rows=1244530 loops=1)
                          Filter: ((production_year > 1983) AND (kind_id = 7))
                          Rows Removed by Filter: 1283782
Planning time: 1.284 ms
Execution time: 34917.237 ms
