Seq Scan on cast_info ci  (cost=0.00..796071.18 rows=2257 width=0) (actual time=4007.563..9970.293 rows=160481 loops=1)
  Filter: ((person_id > 4015159) AND (role_id > 10))
  Rows Removed by Filter: 36083863
Planning time: 0.352 ms
Execution time: 9990.498 ms
