Seq Scan on cast_info ci  (cost=0.00..796071.18 rows=7172328 width=42) (actual time=3183.141..13776.027 rows=7451973 loops=1)
  Filter: ((person_id < 3935810) AND (role_id = 2))
  Rows Removed by Filter: 28792371
Planning time: 0.511 ms
Execution time: 14147.130 ms
