Hash Join  (cost=477978.59..1239021.15 rows=746254 width=0) (actual time=12326.432..19122.325 rows=2794687 loops=1)
  Hash Cond: (ci.movie_id = t.id)
  ->  Seq Scan on cast_info ci  (cost=0.00..705507.15 rows=3998100 width=4) (actual time=5982.423..10026.777 rows=4008037 loops=1)
        Filter: (role_id = 3)
        Rows Removed by Filter: 32236307
  ->  Hash  (cost=470235.15..470235.15 rows=471955 width=8) (actual time=6343.019..6343.019 rows=543367 loops=1)
        Buckets: 131072  Batches: 8  Memory Usage: 3673kB
        ->  Hash Join  (cost=102767.86..470235.15 rows=471955 width=8) (actual time=5023.635..6185.926 rows=543367 loops=1)
              Hash Cond: (mi.movie_id = t.id)
              ->  Seq Scan on movie_info mi  (cost=0.00..346232.03 rows=471955 width=4) (actual time=3414.844..3799.097 rows=543367 loops=1)
                    Filter: (info_type_id > 98)
                    Rows Removed by Filter: 14292353
              ->  Hash  (cost=61283.27..61283.27 rows=2528527 width=4) (actual time=1606.315..1606.315 rows=2528312 loops=1)
                    Buckets: 131072  Batches: 64  Memory Usage: 2425kB
                    ->  Seq Scan on title t  (cost=0.00..61283.27 rows=2528527 width=4) (actual time=0.018..761.735 rows=2528312 loops=1)
Planning time: 1.219 ms
Execution time: 19422.213 ms
