Hash Join  (cost=92883.59..1341553.25 rows=14393739 width=0) (actual time=1595.304..37746.043 rows=15180183 loops=1)
  Hash Cond: (ci.movie_id = t.id)
  ->  Seq Scan on cast_info ci  (cost=0.00..796071.18 rows=23620819 width=4) (actual time=0.024..17406.820 rows=25871238 loops=1)
        Filter: ((person_id < 2787121) AND (role_id < 10))
        Rows Removed by Filter: 10373106
  ->  Hash  (cost=67604.59..67604.59 rows=1540800 width=4) (actual time=1593.665..1593.665 rows=1543264 loops=1)
        Buckets: 131072  Batches: 32  Memory Usage: 2722kB
        ->  Seq Scan on title t  (cost=0.00..67604.59 rows=1540800 width=4) (actual time=0.026..1117.313 rows=1543264 loops=1)
              Filter: (kind_id = 7)
              Rows Removed by Filter: 985048
Planning time: 0.742 ms
Execution time: 39596.921 ms
