Seq Scan on movie_keyword mk  (cost=0.00..81003.12 rows=246 width=0) (actual time=494.360..1176.827 rows=2 loops=1)
  Filter: (keyword_id = 74491)
  Rows Removed by Filter: 4523928
Planning time: 0.330 ms
Execution time: 1176.912 ms
