Hash Join  (cost=996952.75..1630077.07 rows=12642249 width=0) (actual time=15128.084..29341.986 rows=6659371 loops=1)
  Hash Cond: (mi.movie_id = t.id)
  ->  Seq Scan on movie_info mi  (cost=0.00..309384.22 rows=14739122 width=4) (actual time=0.019..5209.955 rows=14835720 loops=1)
  ->  Hash  (cost=961370.70..961370.70 rows=2168804 width=8) (actual time=15124.724..15124.724 rows=1148884 loops=1)
        Buckets: 131072  Batches: 32  Memory Usage: 2422kB
        ->  Hash Join  (cost=94973.51..961370.70 rows=2168804 width=8) (actual time=8466.288..14793.895 rows=1148884 loops=1)
              Hash Cond: (ci.movie_id = t.id)
              ->  Seq Scan on cast_info ci  (cost=0.00..796071.18 rows=3287394 width=4) (actual time=6491.148..11149.169 rows=1942548 loops=1)
                    Filter: ((person_id < 941210) AND (role_id > 3))
                    Rows Removed by Filter: 34301796
              ->  Hash  (cost=67604.59..67604.59 rows=1668154 width=4) (actual time=1973.720..1973.720 rows=1674098 loops=1)
                    Buckets: 131072  Batches: 32  Memory Usage: 2869kB
                    ->  Seq Scan on title t  (cost=0.00..67604.59 rows=1668154 width=4) (actual time=0.025..1127.333 rows=1674098 loops=1)
                          Filter: (kind_id > 3)
                          Rows Removed by Filter: 854214
Planning time: 1.188 ms
Execution time: 30114.311 ms
