Hash Join  (cost=58358.90..809155.38 rows=731 width=0) (actual time=709.380..15025.737 rows=32969 loops=1)
  Hash Cond: (ci.movie_id = t.id)
  ->  Seq Scan on cast_info ci  (cost=0.00..614943.12 rows=36225612 width=4) (actual time=0.020..7303.691 rows=36244344 loops=1)
  ->  Hash  (cost=58358.27..58358.27 rows=51 width=8) (actual time=709.057..709.057 rows=527 loops=1)
        Buckets: 1024  Batches: 1  Memory Usage: 29kB
        ->  Nested Loop  (cost=0.43..58358.27 rows=51 width=8) (actual time=131.742..708.776 rows=527 loops=1)
              ->  Seq Scan on movie_companies mc  (cost=0.00..57926.93 rows=51 width=4) (actual time=131.668..699.402 rows=527 loops=1)
                    Filter: ((company_type_id < 2) AND (company_id = 2042))
                    Rows Removed by Filter: 2608602
              ->  Index Only Scan using title_pkey on title t  (cost=0.43..8.45 rows=1 width=4) (actual time=0.016..0.017 rows=1 loops=527)
                    Index Cond: (id = mc.movie_id)
                    Heap Fetches: 527
Planning time: 1.156 ms
Execution time: 15031.489 ms
