Nested Loop  (cost=0.43..83071.67 rows=246 width=0) (actual time=30.693..1108.542 rows=99 loops=1)
  ->  Seq Scan on movie_keyword mk  (cost=0.00..81003.12 rows=246 width=4) (actual time=30.593..1104.621 rows=99 loops=1)
        Filter: (keyword_id = 33772)
        Rows Removed by Filter: 4523831
  ->  Index Only Scan using title_pkey on title t  (cost=0.43..8.40 rows=1 width=4) (actual time=0.035..0.036 rows=1 loops=99)
        Index Cond: (id = mk.movie_id)
        Heap Fetches: 99
Planning time: 0.676 ms
Execution time: 1108.683 ms
