Nested Loop  (cost=0.43..58358.27 rows=51 width=0) (actual time=135.379..903.688 rows=155 loops=1)
  ->  Seq Scan on movie_companies mc  (cost=0.00..57926.93 rows=51 width=4) (actual time=135.278..897.129 rows=155 loops=1)
        Filter: ((company_type_id < 2) AND (company_id = 11154))
        Rows Removed by Filter: 2608974
  ->  Index Only Scan using title_pkey on title t  (cost=0.43..8.45 rows=1 width=4) (actual time=0.040..0.040 rows=1 loops=155)
        Index Cond: (id = mc.movie_id)
        Heap Fetches: 155
Planning time: 0.802 ms
Execution time: 903.837 ms
