Hash Join  (cost=102767.86..1020433.56 rows=4642740 width=0) (actual time=1659.985..23107.912 rows=10181593 loops=1)
  Hash Cond: (ci.movie_id = t.id)
  ->  Seq Scan on cast_info ci  (cost=0.00..796071.18 rows=4642740 width=4) (actual time=0.022..11764.076 rows=10181593 loops=1)
        Filter: ((person_id > 2671417) AND (role_id > 2))
        Rows Removed by Filter: 26062751
  ->  Hash  (cost=61283.27..61283.27 rows=2528527 width=4) (actual time=1659.113..1659.113 rows=2528312 loops=1)
        Buckets: 131072  Batches: 64  Memory Usage: 2415kB
        ->  Seq Scan on title t  (cost=0.00..61283.27 rows=2528527 width=4) (actual time=0.017..815.236 rows=2528312 loops=1)
Planning time: 1.781 ms
Execution time: 24342.446 ms
