Seq Scan on movie_companies mc  (cost=0.00..51404.11 rows=2478133 width=0) (actual time=0.027..907.079 rows=2478951 loops=1)
  Filter: (company_id < 141160)
  Rows Removed by Filter: 130178
Planning time: 0.307 ms
Execution time: 1221.323 ms
