Hash Join  (cost=198078.64..569617.17 rows=89741 width=0) (actual time=4392.105..9686.464 rows=226467 loops=1)
  Hash Cond: (mi.movie_id = t.id)
  ->  Seq Scan on movie_info mi  (cost=0.00..346232.03 rows=2073893 width=4) (actual time=939.022..5142.075 rows=2091068 loops=1)
        Filter: (info_type_id < 3)
        Rows Removed by Filter: 12744652
  ->  Hash  (cost=196282.96..196282.96 rows=109414 width=8) (actual time=3452.287..3452.287 rows=121921 loops=1)
        Buckets: 131072  Batches: 2  Memory Usage: 3440kB
        ->  Hash Join  (cost=102767.86..196282.96 rows=109414 width=8) (actual time=1783.400..3408.000 rows=121921 loops=1)
              Hash Cond: (mk.movie_id = t.id)
              ->  Seq Scan on movie_keyword mk  (cost=0.00..81003.12 rows=109414 width=4) (actual time=0.041..1093.483 rows=121921 loops=1)
                    Filter: (keyword_id < 117)
                    Rows Removed by Filter: 4402009
              ->  Hash  (cost=61283.27..61283.27 rows=2528527 width=4) (actual time=1782.392..1782.392 rows=2528312 loops=1)
                    Buckets: 131072  Batches: 64  Memory Usage: 2425kB
                    ->  Seq Scan on title t  (cost=0.00..61283.27 rows=2528527 width=4) (actual time=0.016..915.598 rows=2528312 loops=1)
Planning time: 1.176 ms
Execution time: 9717.257 ms
