Hash Join  (cost=102767.86..1154966.40 rows=10233684 width=0) (actual time=1752.994..28161.315 rows=12670688 loops=1)
  Hash Cond: (ci.movie_id = t.id)
  ->  Seq Scan on cast_info ci  (cost=0.00..796071.18 rows=10233684 width=4) (actual time=0.024..15122.823 rows=12670688 loops=1)
        Filter: ((person_id < 2951299) AND (role_id = 1))
        Rows Removed by Filter: 23573656
  ->  Hash  (cost=61283.27..61283.27 rows=2528527 width=4) (actual time=1751.328..1751.328 rows=2528312 loops=1)
        Buckets: 131072  Batches: 64  Memory Usage: 2415kB
        ->  Seq Scan on title t  (cost=0.00..61283.27 rows=2528527 width=4) (actual time=0.011..909.725 rows=2528312 loops=1)
Planning time: 0.789 ms
Execution time: 29745.589 ms
