Seq Scan on movie_companies mc  (cost=0.00..51404.11 rows=1967478 width=0) (actual time=0.024..799.506 rows=1962082 loops=1)
  Filter: (company_id < 55453)
  Rows Removed by Filter: 647047
Planning time: 0.330 ms
Execution time: 1055.783 ms
