Seq Scan on movie_companies mc  (cost=0.00..51404.11 rows=104 width=0) (actual time=501.876..728.715 rows=12 loops=1)
  Filter: (company_id = 110266)
  Rows Removed by Filter: 2609117
Planning time: 0.477 ms
Execution time: 728.805 ms
