Seq Scan on movie_companies mc  (cost=0.00..51404.11 rows=1389893 width=0) (actual time=0.028..811.812 rows=1378066 loops=1)
  Filter: (company_id < 11885)
  Rows Removed by Filter: 1231063
Planning time: 0.309 ms
Execution time: 990.444 ms
