Seq Scan on movie_companies mc  (cost=0.00..57926.93 rows=705866 width=0) (actual time=124.929..949.317 rows=490082 loops=1)
  Filter: ((company_id > 9674) AND (company_type_id = 1))
  Rows Removed by Filter: 2119047
Planning time: 0.328 ms
Execution time: 1011.934 ms
