Seq Scan on movie_keyword mk  (cost=0.00..81003.12 rows=246 width=0) (actual time=82.548..971.655 rows=3 loops=1)
  Filter: (keyword_id = 64878)
  Rows Removed by Filter: 4523927
Planning time: 0.317 ms
Execution time: 971.740 ms
