Hash Join  (cost=137214.02..262981.28 rows=377709 width=0) (actual time=2585.500..5390.635 rows=304411 loops=1)
  Hash Cond: (mk.movie_id = t.id)
  ->  Seq Scan on movie_keyword mk  (cost=0.00..81003.12 rows=3451210 width=4) (actual time=0.019..1471.738 rows=3440616 loops=1)
        Filter: (keyword_id > 1091)
        Rows Removed by Filter: 1083314
  ->  Hash  (cost=132673.92..132673.92 rows=276728 width=8) (actual time=2584.734..2584.734 rows=141906 loops=1)
        Buckets: 131072  Batches: 4  Memory Usage: 2413kB
        ->  Hash Join  (cost=92883.59..132673.92 rows=276728 width=8) (actual time=1613.259..2543.399 rows=141906 loops=1)
              Hash Cond: (mi_idx.movie_id = t.id)
              ->  Seq Scan on movie_info_idx mi_idx  (cost=0.00..25185.44 rows=454124 width=4) (actual time=0.022..458.093 rows=459925 loops=1)
                    Filter: (info_type_id = 100)
                    Rows Removed by Filter: 920110
              ->  Hash  (cost=67604.59..67604.59 rows=1540800 width=4) (actual time=1612.052..1612.052 rows=1543264 loops=1)
                    Buckets: 131072  Batches: 32  Memory Usage: 2722kB
                    ->  Seq Scan on title t  (cost=0.00..67604.59 rows=1540800 width=4) (actual time=174.847..1110.672 rows=1543264 loops=1)
                          Filter: (kind_id = 7)
                          Rows Removed by Filter: 985048
Planning time: 1.131 ms
Execution time: 5434.160 ms
