Hash Join  (cost=102767.86..295017.20 rows=4212690 width=0) (actual time=1777.884..6963.036 rows=4189933 loops=1)
  Hash Cond: (mk.movie_id = t.id)
  ->  Seq Scan on movie_keyword mk  (cost=0.00..81003.12 rows=4212690 width=4) (actual time=0.026..1774.335 rows=4189933 loops=1)
        Filter: (keyword_id > 272)
        Rows Removed by Filter: 333997
  ->  Hash  (cost=61283.27..61283.27 rows=2528527 width=4) (actual time=1776.220..1776.220 rows=2528312 loops=1)
        Buckets: 131072  Batches: 64  Memory Usage: 2425kB
        ->  Seq Scan on title t  (cost=0.00..61283.27 rows=2528527 width=4) (actual time=0.021..921.997 rows=2528312 loops=1)
Planning time: 0.683 ms
Execution time: 7425.210 ms
