Hash Join  (cost=102767.86..1037951.46 rows=5370734 width=0) (actual time=1857.806..15965.219 rows=2389759 loops=1)
  Hash Cond: (ci.movie_id = t.id)
  ->  Seq Scan on cast_info ci  (cost=0.00..796071.18 rows=5370734 width=4) (actual time=0.051..11724.240 rows=2389759 loops=1)
        Filter: ((person_id < 2301878) AND (role_id > 5))
        Rows Removed by Filter: 33854585
  ->  Hash  (cost=61283.27..61283.27 rows=2528527 width=4) (actual time=1856.772..1856.772 rows=2528312 loops=1)
        Buckets: 131072  Batches: 64  Memory Usage: 2415kB
        ->  Seq Scan on title t  (cost=0.00..61283.27 rows=2528527 width=4) (actual time=0.021..1033.144 rows=2528312 loops=1)
Planning time: 0.727 ms
Execution time: 16267.922 ms
