Seq Scan on movie_keyword mk  (cost=0.00..81003.12 rows=246 width=0) (actual time=0.191..1261.226 rows=597 loops=1)
  Filter: (keyword_id = 4593)
  Rows Removed by Filter: 4523333
Planning time: 0.320 ms
Execution time: 1261.582 ms
