Seq Scan on movie_keyword mk  (cost=0.00..81003.12 rows=246 width=0) (actual time=0.520..1351.576 rows=348 loops=1)
  Filter: (keyword_id = 7542)
  Rows Removed by Filter: 4523582
Planning time: 0.385 ms
Execution time: 1351.857 ms
