Hash Join  (cost=78917.17..158294.46 rows=313877 width=0) (actual time=1106.532..3093.065 rows=857915 loops=1)
  Hash Cond: (mc.movie_id = t.id)
  ->  Seq Scan on movie_companies mc  (cost=0.00..44881.29 rows=2609129 width=4) (actual time=0.020..710.419 rows=2609129 loops=1)
  ->  Hash  (cost=73925.90..73925.90 rows=304181 width=4) (actual time=1105.535..1105.535 rows=422218 loops=1)
        Buckets: 131072 (originally 131072)  Batches: 8 (originally 4)  Memory Usage: 3073kB
        ->  Seq Scan on title t  (cost=0.00..73925.90 rows=304181 width=4) (actual time=0.022..959.072 rows=422218 loops=1)
              Filter: ((kind_id < 7) AND (production_year < 1994))
              Rows Removed by Filter: 2106094
Planning time: 0.664 ms
Execution time: 3169.639 ms
