Hash Join  (cost=873183.46..928166.88 rows=31790 width=0) (actual time=10692.730..11773.392 rows=22602 loops=1)
  Hash Cond: (mc.movie_id = t.id)
  ->  Seq Scan on movie_companies mc  (cost=0.00..44881.29 rows=2609129 width=4) (actual time=0.009..479.710 rows=2609129 loops=1)
  ->  Hash  (cost=872798.36..872798.36 rows=30808 width=8) (actual time=10692.560..10692.560 rows=19184 loops=1)
        Buckets: 32768  Batches: 1  Memory Usage: 1006kB
        ->  Hash Join  (cost=70308.29..872798.36 rows=30808 width=8) (actual time=9201.260..10685.637 rows=19184 loops=1)
              Hash Cond: (ci.movie_id = t.id)
              ->  Seq Scan on cast_info ci  (cost=0.00..796071.18 rows=472749 width=4) (actual time=8588.187..9962.243 rows=189625 loops=1)
                    Filter: ((person_id < 1459511) AND (role_id = 9))
                    Rows Removed by Filter: 36054719
              ->  Hash  (cost=67604.59..67604.59 rows=164776 width=4) (actual time=612.355..612.355 rows=164307 loops=1)
                    Buckets: 131072  Batches: 4  Memory Usage: 2482kB
                    ->  Seq Scan on title t  (cost=0.00..67604.59 rows=164776 width=4) (actual time=0.021..571.684 rows=164307 loops=1)
                          Filter: (production_year = 2012)
                          Rows Removed by Filter: 2364005
Planning time: 0.757 ms
Execution time: 11777.193 ms
