Hash Join  (cost=153911.19..1256634.86 rows=1401341 width=0) (actual time=2604.070..29979.617 rows=5030628 loops=1)
  Hash Cond: (ci.movie_id = t.id)
  ->  Seq Scan on cast_info ci  (cost=0.00..705507.15 rows=33105631 width=4) (actual time=0.019..13073.875 rows=33216534 loops=1)
        Filter: (person_id > 293928)
        Rows Removed by Filter: 3027810
  ->  Hash  (cost=152154.30..152154.30 rows=107031 width=8) (actual time=2603.269..2603.269 rows=127152 loops=1)
        Buckets: 131072  Batches: 2  Memory Usage: 3500kB
        ->  Hash Join  (cost=75628.47..152154.30 rows=107031 width=8) (actual time=926.672..2559.112 rows=127152 loops=1)
              Hash Cond: (mc.movie_id = t.id)
              ->  Seq Scan on movie_companies mc  (cost=0.00..44881.29 rows=2609129 width=4) (actual time=0.025..729.965 rows=2609129 loops=1)
              ->  Hash  (cost=73925.90..73925.90 rows=103725 width=4) (actual time=879.096..879.096 rows=98992 loops=1)
                    Buckets: 131072  Batches: 2  Memory Usage: 2760kB
                    ->  Seq Scan on title t  (cost=0.00..73925.90 rows=103725 width=4) (actual time=426.500..843.987 rows=98992 loops=1)
                          Filter: ((production_year > 2010) AND (kind_id = 1))
                          Rows Removed by Filter: 2429320
Planning time: 1.264 ms
Execution time: 30589.882 ms
