Seq Scan on movie_keyword mk  (cost=0.00..81003.12 rows=246 width=0) (actual time=16.803..1101.872 rows=371 loops=1)
  Filter: (keyword_id = 3394)
  Rows Removed by Filter: 4523559
Planning time: 0.332 ms
Execution time: 1102.103 ms
