Seq Scan on movie_companies mc  (cost=0.00..57926.93 rows=670944 width=0) (actual time=137.852..851.377 rows=913541 loops=1)
  Filter: ((company_id < 11626) AND (company_type_id = 1))
  Rows Removed by Filter: 1695588
Planning time: 0.353 ms
Execution time: 969.937 ms
