Hash Join  (cost=709673.55..764339.40 rows=33 width=0) (actual time=8477.124..9282.843 rows=43 loops=1)
  Hash Cond: (mc.movie_id = t.id)
  ->  Seq Scan on movie_companies mc  (cost=0.00..44881.29 rows=2609129 width=4) (actual time=0.016..464.531 rows=2609129 loops=1)
  ->  Hash  (cost=709673.15..709673.15 rows=32 width=8) (actual time=8447.721..8447.721 rows=20 loops=1)
        Buckets: 1024  Batches: 1  Memory Usage: 9kB
        ->  Nested Loop  (cost=0.43..709673.15 rows=32 width=8) (actual time=2123.364..8447.646 rows=20 loops=1)
              ->  Seq Scan on cast_info ci  (cost=0.00..705507.15 rows=500 width=4) (actual time=2123.204..8430.972 rows=740 loops=1)
                    Filter: (person_id = 1423753)
                    Rows Removed by Filter: 36243604
              ->  Index Scan using title_pkey on title t  (cost=0.43..8.32 rows=1 width=4) (actual time=0.022..0.022 rows=0 loops=740)
                    Index Cond: (id = ci.movie_id)
                    Filter: (production_year = 2011)
                    Rows Removed by Filter: 1
Planning time: 1.080 ms
Execution time: 9282.998 ms
