Hash Join  (cost=101489.21..912485.93 rows=266946 width=0) (actual time=10267.580..17078.407 rows=111669 loops=1)
  Hash Cond: (ci.movie_id = t.id)
  ->  Seq Scan on cast_info ci  (cost=0.00..796071.18 rows=326815 width=4) (actual time=8082.571..14493.010 rows=136028 loops=1)
        Filter: ((person_id < 3581387) AND (role_id > 10))
        Rows Removed by Filter: 36108316
  ->  Hash  (cost=67604.59..67604.59 rows=2065330 width=4) (actual time=2183.954..2183.954 rows=2064552 loops=1)
        Buckets: 131072  Batches: 32  Memory Usage: 3289kB
        ->  Seq Scan on title t  (cost=0.00..67604.59 rows=2065330 width=4) (actual time=0.024..1393.706 rows=2064552 loops=1)
              Filter: (production_year < 2011)
              Rows Removed by Filter: 463760
Planning time: 0.761 ms
Execution time: 17091.750 ms
