Hash Join  (cost=263115.61..1484293.60 rows=21393068 width=0) (actual time=5669.854..42867.647 rows=45006972 loops=1)
  Hash Cond: (ci.movie_id = t.id)
  ->  Seq Scan on cast_info ci  (cost=0.00..705507.15 rows=20732187 width=4) (actual time=0.026..12321.173 rows=20629573 loops=1)
        Filter: (person_id < 2076407)
        Rows Removed by Filter: 15614771
  ->  Hash  (cost=220309.49..220309.49 rows=2609129 width=8) (actual time=5668.417..5668.417 rows=2609129 loops=1)
        Buckets: 131072  Batches: 64  Memory Usage: 2610kB
        ->  Hash Join  (cost=102767.86..220309.49 rows=2609129 width=8) (actual time=1622.897..4910.322 rows=2609129 loops=1)
              Hash Cond: (mc.movie_id = t.id)
              ->  Seq Scan on movie_companies mc  (cost=0.00..44881.29 rows=2609129 width=4) (actual time=0.015..729.006 rows=2609129 loops=1)
              ->  Hash  (cost=61283.27..61283.27 rows=2528527 width=4) (actual time=1621.278..1621.278 rows=2528312 loops=1)
                    Buckets: 131072  Batches: 64  Memory Usage: 2415kB
                    ->  Seq Scan on title t  (cost=0.00..61283.27 rows=2528527 width=4) (actual time=0.013..796.929 rows=2528312 loops=1)
Planning time: 1.068 ms
Execution time: 47689.358 ms
