Seq Scan on cast_info ci  (cost=0.00..705507.15 rows=13826911 width=0) (actual time=0.021..10339.054 rows=13999731 loops=1)
  Filter: (person_id > 2266641)
  Rows Removed by Filter: 22244613
Planning time: 0.314 ms
Execution time: 12121.066 ms
