Hash Join  (cost=231115.27..1177107.74 rows=5696548 width=0) (actual time=4519.855..27245.188 rows=19935511 loops=1)
  Hash Cond: (ci.movie_id = t.id)
  ->  Seq Scan on cast_info ci  (cost=0.00..705507.15 rows=15559158 width=4) (actual time=73.035..10889.808 rows=15437655 loops=1)
        Filter: (person_id < 1522020)
        Rows Removed by Filter: 20806689
  ->  Hash  (cost=215926.40..215926.40 rows=925749 width=8) (actual time=4184.091..4184.091 rows=923249 loops=1)
        Buckets: 131072  Batches: 16  Memory Usage: 3325kB
        ->  Hash Join  (cost=102767.86..215926.40 rows=925749 width=8) (actual time=1789.145..3968.912 rows=923249 loops=1)
              Hash Cond: (mk.movie_id = t.id)
              ->  Seq Scan on movie_keyword mk  (cost=0.00..81003.12 rows=925749 width=4) (actual time=0.028..1207.764 rows=923249 loops=1)
                    Filter: (keyword_id > 20324)
                    Rows Removed by Filter: 3600681
              ->  Hash  (cost=61283.27..61283.27 rows=2528527 width=4) (actual time=1787.193..1787.193 rows=2528312 loops=1)
                    Buckets: 131072  Batches: 64  Memory Usage: 2425kB
                    ->  Seq Scan on title t  (cost=0.00..61283.27 rows=2528527 width=4) (actual time=0.015..900.676 rows=2528312 loops=1)
Planning time: 1.121 ms
Execution time: 29504.437 ms
