Nested Loop  (cost=0.43..82767.04 rows=1988 width=0) (actual time=283.866..657.297 rows=318 loops=1)
  ->  Seq Scan on movie_companies mc  (cost=0.00..57926.93 rows=3235 width=4) (actual time=283.476..646.749 rows=478 loops=1)
        Filter: ((company_id = 93) AND (company_type_id = 2))
        Rows Removed by Filter: 2608651
  ->  Index Scan using title_pkey on title t  (cost=0.43..7.67 rows=1 width=4) (actual time=0.021..0.021 rows=1 loops=478)
        Index Cond: (id = mc.movie_id)
        Filter: (kind_id > 4)
        Rows Removed by Filter: 0
Planning time: 0.869 ms
Execution time: 657.494 ms
