Hash Join  (cost=150145.48..233809.41 rows=624841 width=0) (actual time=3650.478..5616.630 rows=648441 loops=1)
  Hash Cond: (mc.movie_id = t.id)
  ->  Seq Scan on movie_companies mc  (cost=0.00..44881.29 rows=2609129 width=4) (actual time=0.024..730.245 rows=2609129 loops=1)
  ->  Hash  (cost=140210.25..140210.25 rows=605538 width=8) (actual time=3649.431..3649.431 rows=324600 loops=1)
        Buckets: 131072  Batches: 8  Memory Usage: 2603kB
        ->  Hash Join  (cost=92128.39..140210.25 rows=605538 width=8) (actual time=2270.502..3544.066 rows=324600 loops=1)
              Hash Cond: (mi_idx.movie_id = t.id)
              ->  Seq Scan on movie_info_idx mi_idx  (cost=0.00..21735.35 rows=1380035 width=4) (actual time=0.024..353.478 rows=1380035 loops=1)
              ->  Hash  (cost=73925.90..73925.90 rows=1109479 width=4) (actual time=2267.801..2267.801 rows=1201090 loops=1)
                    Buckets: 131072  Batches: 16  Memory Usage: 3674kB
                    ->  Seq Scan on title t  (cost=0.00..73925.90 rows=1109479 width=4) (actual time=143.444..1162.013 rows=1201090 loops=1)
                          Filter: ((production_year > 1987) AND (kind_id = 7))
                          Rows Removed by Filter: 1327222
Planning time: 1.199 ms
Execution time: 5688.673 ms
