Nested Loop  (cost=0.43..58375.31 rows=21 width=0) (actual time=273.976..607.119 rows=914 loops=1)
  ->  Seq Scan on movie_companies mc  (cost=0.00..57926.93 rows=53 width=4) (actual time=273.941..593.503 rows=914 loops=1)
        Filter: ((company_id = 91418) AND (company_type_id = 2))
        Rows Removed by Filter: 2608215
  ->  Index Scan using title_pkey on title t  (cost=0.43..8.45 rows=1 width=4) (actual time=0.014..0.014 rows=1 loops=914)
        Index Cond: (id = mc.movie_id)
        Filter: (kind_id < 7)
Planning time: 1.601 ms
Execution time: 607.493 ms
