Hash Join  (cost=374077.22..1366969.56 rows=14449034 width=0) (actual time=11363.439..37133.517 rows=54208310 loops=1)
  Hash Cond: (ci.movie_id = t.id)
  ->  Seq Scan on cast_info ci  (cost=0.00..705507.15 rows=8194514 width=4) (actual time=3100.835..10184.226 rows=8142792 loops=1)
        Filter: (person_id > 2866848)
        Rows Removed by Filter: 28101552
  ->  Hash  (cost=300930.68..300930.68 rows=4458443 width=8) (actual time=8260.924..8260.924 rows=4456385 loops=1)
        Buckets: 131072  Batches: 64  Memory Usage: 3773kB
        ->  Hash Join  (cost=102767.86..300930.68 rows=4458443 width=8) (actual time=1668.716..6975.320 rows=4456385 loops=1)
              Hash Cond: (mk.movie_id = t.id)
              ->  Seq Scan on movie_keyword mk  (cost=0.00..81003.12 rows=4458443 width=4) (actual time=0.031..1602.841 rows=4456385 loops=1)
                    Filter: (keyword_id > 56)
                    Rows Removed by Filter: 67545
              ->  Hash  (cost=61283.27..61283.27 rows=2528527 width=4) (actual time=1664.995..1664.995 rows=2528312 loops=1)
                    Buckets: 131072  Batches: 64  Memory Usage: 2425kB
                    ->  Seq Scan on title t  (cost=0.00..61283.27 rows=2528527 width=4) (actual time=0.011..797.249 rows=2528312 loops=1)
Planning time: 1.062 ms
Execution time: 43623.346 ms
