Nested Loop  (cost=0.43..58375.45 rows=1 width=0) (actual time=659.909..804.111 rows=2 loops=1)
  ->  Seq Scan on movie_companies mc  (cost=0.00..57926.93 rows=53 width=4) (actual time=27.589..783.877 rows=1217 loops=1)
        Filter: ((company_type_id > 1) AND (company_id = 1102))
        Rows Removed by Filter: 2607912
  ->  Index Scan using title_pkey on title t  (cost=0.43..8.45 rows=1 width=4) (actual time=0.016..0.016 rows=0 loops=1217)
        Index Cond: (id = mc.movie_id)
        Filter: ((kind_id = 1) AND (production_year = 1993))
        Rows Removed by Filter: 1
Planning time: 0.536 ms
Execution time: 804.190 ms
