Seq Scan on title t  (cost=0.00..73925.90 rows=942357 width=0) (actual time=0.022..1009.343 rows=926057 loops=1)
  Filter: ((kind_id < 7) AND (production_year > 1913))
  Rows Removed by Filter: 1602255
Planning time: 0.328 ms
Execution time: 1127.544 ms
