Hash Join  (cost=74870.67..130316.09 rows=77990 width=0) (actual time=1056.289..2030.191 rows=113380 loops=1)
  Hash Cond: (mc.movie_id = t.id)
  ->  Seq Scan on movie_companies mc  (cost=0.00..44881.29 rows=2609129 width=4) (actual time=0.021..425.548 rows=2609129 loops=1)
  ->  Hash  (cost=73925.90..73925.90 rows=75581 width=4) (actual time=934.970..934.970 rows=80563 loops=1)
        Buckets: 131072  Batches: 1  Memory Usage: 3857kB
        ->  Seq Scan on title t  (cost=0.00..73925.90 rows=75581 width=4) (actual time=215.626..908.735 rows=80563 loops=1)
              Filter: ((production_year < 2008) AND (kind_id = 4))
              Rows Removed by Filter: 2447749
Planning time: 0.704 ms
Execution time: 2045.166 ms
