Hash Join  (cost=69374.09..997001.59 rows=466321 width=0) (actual time=4352.275..19495.723 rows=532534 loops=1)
  Hash Cond: (ci.movie_id = t.id)
  ->  Seq Scan on cast_info ci  (cost=0.00..796071.18 rows=10937897 width=4) (actual time=3474.447..13928.557 rows=12670688 loops=1)
        Filter: ((person_id < 3151678) AND (role_id < 2))
        Rows Removed by Filter: 23573656
  ->  Hash  (cost=67604.59..67604.59 rows=107800 width=4) (actual time=877.134..877.134 rows=108429 loops=1)
        Buckets: 131072  Batches: 2  Memory Usage: 2931kB
        ->  Seq Scan on title t  (cost=0.00..67604.59 rows=107800 width=4) (actual time=0.022..835.402 rows=108429 loops=1)
              Filter: (production_year = 2006)
              Rows Removed by Filter: 2419883
Planning time: 0.702 ms
Execution time: 19566.459 ms
