Hash Join  (cost=107945.60..163211.37 rows=60024 width=0) (actual time=1840.500..2960.621 rows=123572 loops=1)
  Hash Cond: (mc.movie_id = t.id)
  ->  Seq Scan on movie_companies mc  (cost=0.00..44881.29 rows=2609129 width=4) (actual time=0.019..461.317 rows=2609129 loops=1)
  ->  Hash  (cost=107218.48..107218.48 rows=58170 width=8) (actual time=1839.946..1839.946 rows=41366 loops=1)
        Buckets: 65536  Batches: 1  Memory Usage: 2128kB
        ->  Hash Join  (cost=70241.71..107218.48 rows=58170 width=8) (actual time=929.607..1825.168 rows=41366 loops=1)
              Hash Cond: (mi_idx.movie_id = t.id)
              ->  Seq Scan on movie_info_idx mi_idx  (cost=0.00..25185.44 rows=915101 width=4) (actual time=0.025..505.402 rows=919850 loops=1)
                    Filter: (info_type_id < 101)
                    Rows Removed by Filter: 460185
              ->  Hash  (cost=67604.59..67604.59 rows=160730 width=4) (actual time=928.816..928.816 rows=160017 loops=1)
                    Buckets: 131072  Batches: 4  Memory Usage: 2436kB
                    ->  Seq Scan on title t  (cost=0.00..67604.59 rows=160730 width=4) (actual time=0.020..874.442 rows=160017 loops=1)
                          Filter: (production_year = 2011)
                          Rows Removed by Filter: 2368295
Planning time: 1.113 ms
Execution time: 2978.353 ms
