Hash Join  (cost=215833.08..337904.21 rows=1098010 width=0) (actual time=4263.249..9989.591 rows=11944886 loops=1)
  Hash Cond: (mk.movie_id = t.id)
  ->  Seq Scan on movie_keyword mk  (cost=0.00..81003.12 rows=2169841 width=4) (actual time=0.024..1342.335 rows=2171877 loops=1)
        Filter: (keyword_id < 4226)
        Rows Removed by Filter: 2352053
  ->  Hash  (cost=194840.12..194840.12 rows=1279517 width=8) (actual time=4262.181..4262.181 rows=1274246 loops=1)
        Buckets: 131072  Batches: 32  Memory Usage: 2633kB
        ->  Hash Join  (cost=102767.86..194840.12 rows=1279517 width=8) (actual time=1832.852..3913.457 rows=1274246 loops=1)
              Hash Cond: (mc.movie_id = t.id)
              ->  Seq Scan on movie_companies mc  (cost=0.00..51404.11 rows=1279517 width=4) (actual time=202.295..902.888 rows=1274246 loops=1)
                    Filter: (company_type_id = 1)
                    Rows Removed by Filter: 1334883
              ->  Hash  (cost=61283.27..61283.27 rows=2528527 width=4) (actual time=1629.208..1629.208 rows=2528312 loops=1)
                    Buckets: 131072  Batches: 64  Memory Usage: 2415kB
                    ->  Seq Scan on title t  (cost=0.00..61283.27 rows=2528527 width=4) (actual time=0.036..786.686 rows=2528312 loops=1)
Planning time: 1.066 ms
Execution time: 11271.156 ms
