Hash Join  (cost=116662.37..601397.66 rows=461935 width=0) (actual time=2056.855..13774.744 rows=3413222 loops=1)
  Hash Cond: (mi.movie_id = t.id)
  ->  Seq Scan on movie_info mi  (cost=0.00..309384.22 rows=14739122 width=4) (actual time=0.018..4605.093 rows=14835720 loops=1)
  ->  Hash  (cost=115361.80..115361.80 rows=79246 width=8) (actual time=2056.034..2056.034 rows=175350 loops=1)
        Buckets: 131072 (originally 131072)  Batches: 4 (originally 2)  Memory Usage: 3073kB
        ->  Hash Join  (cost=76308.85..115361.80 rows=79246 width=8) (actual time=1010.118..1995.166 rows=175350 loops=1)
              Hash Cond: (mi_idx.movie_id = t.id)
              ->  Seq Scan on movie_info_idx mi_idx  (cost=0.00..21735.35 rows=1380035 width=4) (actual time=0.021..348.984 rows=1380035 loops=1)
              ->  Hash  (cost=73925.90..73925.90 rows=145196 width=4) (actual time=1009.357..1009.357 rows=245643 loops=1)
                    Buckets: 131072 (originally 131072)  Batches: 4 (originally 2)  Memory Usage: 3183kB
                    ->  Seq Scan on title t  (cost=0.00..73925.90 rows=145196 width=4) (actual time=0.024..924.548 rows=245643 loops=1)
                          Filter: ((kind_id < 7) AND (production_year < 1970))
                          Rows Removed by Filter: 2282669
Planning time: 1.357 ms
Execution time: 14202.286 ms
