Seq Scan on movie_keyword mk  (cost=0.00..81003.12 rows=246 width=0) (actual time=15.734..1058.819 rows=46 loops=1)
  Filter: (keyword_id = 25105)
  Rows Removed by Filter: 4523884
Planning time: 0.340 ms
Execution time: 1058.931 ms
