Hash Join  (cost=95330.88..460517.14 rows=53031 width=0) (actual time=1415.968..7633.256 rows=159127 loops=1)
  Hash Cond: (mi.movie_id = t.id)
  ->  Seq Scan on movie_info mi  (cost=0.00..309384.22 rows=14739122 width=4) (actual time=0.021..3056.551 rows=14835720 loops=1)
  ->  Hash  (cost=95217.16..95217.16 rows=9098 width=8) (actual time=1415.152..1415.152 rows=10472 loops=1)
        Buckets: 16384  Batches: 1  Memory Usage: 538kB
        ->  Hash Join  (cost=68237.77..95217.16 rows=9098 width=8) (actual time=867.171..1410.697 rows=10472 loops=1)
              Hash Cond: (mi_idx.movie_id = t.id)
              ->  Seq Scan on movie_info_idx mi_idx  (cost=0.00..25185.44 rows=454124 width=4) (actual time=0.022..407.848 rows=459925 loops=1)
                    Filter: (info_type_id = 100)
                    Rows Removed by Filter: 920110
              ->  Hash  (cost=67604.59..67604.59 rows=50655 width=4) (actual time=866.782..866.782 rows=50564 loops=1)
                    Buckets: 65536  Batches: 1  Memory Usage: 2290kB
                    ->  Seq Scan on title t  (cost=0.00..67604.59 rows=50655 width=4) (actual time=0.018..846.084 rows=50564 loops=1)
                          Filter: (production_year = 1999)
                          Rows Removed by Filter: 2477748
Planning time: 1.133 ms
Execution time: 7657.867 ms
