Hash Join  (cost=74851.90..443826.05 rows=431822 width=0) (actual time=954.875..11235.882 rows=2065880 loops=1)
  Hash Cond: (mi.movie_id = t.id)
  ->  Seq Scan on movie_info mi  (cost=0.00..309384.22 rows=14739122 width=4) (actual time=0.029..3395.764 rows=14835720 loops=1)
  ->  Hash  (cost=73925.90..73925.90 rows=74080 width=4) (actual time=954.079..954.079 rows=173895 loops=1)
        Buckets: 131072 (originally 131072)  Batches: 2 (originally 1)  Memory Usage: 4084kB
        ->  Seq Scan on title t  (cost=0.00..73925.90 rows=74080 width=4) (actual time=0.135..887.003 rows=173895 loops=1)
              Filter: ((kind_id < 7) AND (production_year < 1954))
              Rows Removed by Filter: 2354417
Planning time: 0.800 ms
Execution time: 11469.278 ms
