Seq Scan on movie_companies mc  (cost=0.00..51404.11 rows=782475 width=0) (actual time=0.033..610.978 rows=771744 loops=1)
  Filter: (company_id < 1649)
  Rows Removed by Filter: 1837385
Planning time: 0.299 ms
Execution time: 694.256 ms
