Hash Join  (cost=92883.59..252175.84 rows=2329336 width=0) (actual time=3032.329..5220.045 rows=531958 loops=1)
  Hash Cond: (mk.movie_id = t.id)
  ->  Seq Scan on movie_keyword mk  (cost=0.00..81003.12 rows=3822553 width=4) (actual time=0.027..1488.529 rows=3816808 loops=1)
        Filter: (keyword_id < 26710)
        Rows Removed by Filter: 707122
  ->  Hash  (cost=67604.59..67604.59 rows=1540800 width=4) (actual time=1504.313..1504.313 rows=1543264 loops=1)
        Buckets: 131072  Batches: 32  Memory Usage: 2728kB
        ->  Seq Scan on title t  (cost=0.00..67604.59 rows=1540800 width=4) (actual time=0.016..1007.188 rows=1543264 loops=1)
              Filter: (kind_id = 7)
              Rows Removed by Filter: 985048
Planning time: 0.738 ms
Execution time: 5269.879 ms
