Hash Join  (cost=140777.52..228267.63 rows=83207 width=0) (actual time=2121.218..3823.184 rows=261350 loops=1)
  Hash Cond: (mk.movie_id = t.id)
  ->  Seq Scan on movie_keyword mk  (cost=0.00..69693.30 rows=4523930 width=4) (actual time=0.023..760.693 rows=4523930 loops=1)
  ->  Hash  (cost=140196.19..140196.19 rows=46506 width=8) (actual time=2120.806..2120.806 rows=41642 loops=1)
        Buckets: 65536  Batches: 1  Memory Usage: 2139kB
        ->  Hash Join  (cost=69484.36..140196.19 rows=46506 width=8) (actual time=1516.935..2103.467 rows=41642 loops=1)
              Hash Cond: (mc.movie_id = t.id)
              ->  Seq Scan on movie_companies mc  (cost=0.00..57926.93 rows=1026623 width=4) (actual time=395.250..952.918 rows=737687 loops=1)
                    Filter: ((company_id < 67464) AND (company_type_id = 2))
                    Rows Removed by Filter: 1871442
              ->  Hash  (cost=67604.59..67604.59 rows=114542 width=4) (actual time=843.092..843.092 rows=118234 loops=1)
                    Buckets: 131072  Batches: 2  Memory Usage: 3101kB
                    ->  Seq Scan on title t  (cost=0.00..67604.59 rows=114542 width=4) (actual time=325.352..800.342 rows=118234 loops=1)
                          Filter: (kind_id = 4)
                          Rows Removed by Filter: 2410078
Planning time: 1.078 ms
Execution time: 3857.031 ms
