Hash Join  (cost=158430.69..1138076.33 rows=1791825 width=0) (actual time=3062.156..23872.665 rows=768089 loops=1)
  Hash Cond: (ci.movie_id = t.id)
  ->  Seq Scan on cast_info ci  (cost=0.00..705507.15 rows=22090196 width=4) (actual time=79.279..11755.825 rows=22152553 loops=1)
        Filter: (person_id > 1388363)
        Rows Removed by Filter: 14091791
  ->  Hash  (cost=155064.96..155064.96 rows=205099 width=8) (actual time=2980.736..2980.736 rows=120771 loops=1)
        Buckets: 131072  Batches: 4  Memory Usage: 2207kB
        ->  Hash Join  (cost=77187.44..155064.96 rows=205099 width=8) (actual time=1141.725..2943.793 rows=120771 loops=1)
              Hash Cond: (mc.movie_id = t.id)
              ->  Seq Scan on movie_companies mc  (cost=0.00..44881.29 rows=2609129 width=4) (actual time=0.027..723.666 rows=2609129 loops=1)
              ->  Hash  (cost=73925.90..73925.90 rows=198763 width=4) (actual time=1140.988..1140.988 rows=95336 loops=1)
                    Buckets: 131072  Batches: 4  Memory Usage: 1860kB
                    ->  Seq Scan on title t  (cost=0.00..73925.90 rows=198763 width=4) (actual time=0.038..925.536 rows=95336 loops=1)
                          Filter: ((production_year < 1967) AND (kind_id = 7))
                          Rows Removed by Filter: 2432976
Planning time: 0.767 ms
Execution time: 23960.285 ms
