Seq Scan on cast_info ci  (cost=0.00..796071.18 rows=15926822 width=0) (actual time=0.015..13879.851 rows=20346623 loops=1)
  Filter: ((person_id > 1138973) AND (role_id > 1))
  Rows Removed by Filter: 15897721
Planning time: 0.316 ms
Execution time: 16414.028 ms
