Hash Join  (cost=130567.05..216835.78 rows=29896 width=0) (actual time=2109.201..3559.174 rows=334432 loops=1)
  Hash Cond: (mk.movie_id = t.id)
  ->  Seq Scan on movie_keyword mk  (cost=0.00..81003.12 rows=1324437 width=4) (actual time=0.019..1124.615 rows=1340785 loops=1)
        Filter: (keyword_id < 1749)
        Rows Removed by Filter: 3183145
  ->  Hash  (cost=129853.60..129853.60 rows=57076 width=8) (actual time=2108.619..2108.619 rows=75154 loops=1)
        Buckets: 131072 (originally 65536)  Batches: 1 (originally 1)  Memory Usage: 3960kB
        ->  Hash Join  (cost=74617.32..129853.60 rows=57076 width=8) (actual time=876.350..2077.310 rows=75154 loops=1)
              Hash Cond: (mc.movie_id = t.id)
              ->  Seq Scan on movie_companies mc  (cost=0.00..44881.29 rows=2609129 width=4) (actual time=0.035..482.262 rows=2609129 loops=1)
              ->  Hash  (cost=73925.90..73925.90 rows=55313 width=4) (actual time=875.987..875.987 rows=49075 loops=1)
                    Buckets: 65536  Batches: 1  Memory Usage: 2238kB
                    ->  Seq Scan on title t  (cost=0.00..73925.90 rows=55313 width=4) (actual time=0.019..857.245 rows=49075 loops=1)
                          Filter: ((kind_id < 7) AND (production_year = 2010))
                          Rows Removed by Filter: 2479237
Planning time: 0.699 ms
Execution time: 3602.031 ms
