Seq Scan on movie_keyword mk  (cost=0.00..81003.12 rows=2339124 width=0) (actual time=0.019..822.427 rows=2340037 loops=1)
  Filter: (keyword_id < 5185)
  Rows Removed by Filter: 2183893
Planning time: 0.327 ms
Execution time: 1018.511 ms
