Hash Join  (cost=240682.14..819966.11 rows=8324112 width=0) (actual time=4598.873..25472.502 rows=45881061 loops=1)
  Hash Cond: (mi.movie_id = t.id)
  ->  Seq Scan on movie_info mi  (cost=0.00..346232.03 rows=11115165 width=4) (actual time=49.695..5445.637 rows=11210743 loops=1)
        Filter: (info_type_id > 3)
        Rows Removed by Filter: 3624977
  ->  Hash  (cost=209615.07..209615.07 rows=1893606 width=8) (actual time=4548.453..4548.453 rows=1904688 loops=1)
        Buckets: 131072  Batches: 32  Memory Usage: 3404kB
        ->  Hash Join  (cost=102767.86..209615.07 rows=1893606 width=8) (actual time=1678.504..4164.431 rows=1904688 loops=1)
              Hash Cond: (mc.movie_id = t.id)
              ->  Seq Scan on movie_companies mc  (cost=0.00..51404.11 rows=1893606 width=4) (actual time=0.026..941.141 rows=1904688 loops=1)
                    Filter: (company_id > 1310)
                    Rows Removed by Filter: 704441
              ->  Hash  (cost=61283.27..61283.27 rows=2528527 width=4) (actual time=1677.686..1677.686 rows=2528312 loops=1)
                    Buckets: 131072  Batches: 64  Memory Usage: 2415kB
                    ->  Seq Scan on title t  (cost=0.00..61283.27 rows=2528527 width=4) (actual time=0.021..836.173 rows=2528312 loops=1)
Planning time: 1.118 ms
Execution time: 30225.839 ms
