Hash Join  (cost=190230.21..298931.27 rows=715254 width=0) (actual time=4169.293..7179.566 rows=2960408 loops=1)
  Hash Cond: (mk.movie_id = t.id)
  ->  Seq Scan on movie_keyword mk  (cost=0.00..81003.12 rows=1310503 width=4) (actual time=0.015..1487.875 rows=1321462 loops=1)
        Filter: (keyword_id > 13105)
        Rows Removed by Filter: 3202468
  ->  Hash  (cost=167588.78..167588.78 rows=1380035 width=8) (actual time=4168.253..4168.253 rows=1380035 loops=1)
        Buckets: 131072  Batches: 32  Memory Usage: 2726kB
        ->  Hash Join  (cost=102767.86..167588.78 rows=1380035 width=8) (actual time=1857.016..3778.059 rows=1380035 loops=1)
              Hash Cond: (mi_idx.movie_id = t.id)
              ->  Seq Scan on movie_info_idx mi_idx  (cost=0.00..21735.35 rows=1380035 width=4) (actual time=0.011..430.315 rows=1380035 loops=1)
              ->  Hash  (cost=61283.27..61283.27 rows=2528527 width=4) (actual time=1855.533..1855.533 rows=2528312 loops=1)
                    Buckets: 131072  Batches: 64  Memory Usage: 2415kB
                    ->  Seq Scan on title t  (cost=0.00..61283.27 rows=2528527 width=4) (actual time=0.004..999.640 rows=2528312 loops=1)
Planning time: 1.104 ms
Execution time: 7513.955 ms
