Hash Join  (cost=156649.15..256348.17 rows=231587 width=0) (actual time=3742.273..5880.553 rows=940146 loops=1)
  Hash Cond: (mk.movie_id = t.id)
  ->  Seq Scan on movie_keyword mk  (cost=0.00..81003.12 rows=1259475 width=4) (actual time=0.028..1216.467 rows=1271637 loops=1)
        Filter: (keyword_id < 1633)
        Rows Removed by Filter: 3252293
  ->  Hash  (cost=149020.47..149020.47 rows=464934 width=8) (actual time=3741.476..3741.476 rows=460185 loops=1)
        Buckets: 131072  Batches: 8  Memory Usage: 3286kB
        ->  Hash Join  (cost=102767.86..149020.47 rows=464934 width=8) (actual time=2406.213..3604.130 rows=460185 loops=1)
              Hash Cond: (mi_idx.movie_id = t.id)
              ->  Seq Scan on movie_info_idx mi_idx  (cost=0.00..25185.44 rows=464934 width=4) (actual time=0.031..423.978 rows=460185 loops=1)
                    Filter: (info_type_id > 100)
                    Rows Removed by Filter: 919850
              ->  Hash  (cost=61283.27..61283.27 rows=2528527 width=4) (actual time=2404.642..2404.642 rows=2528312 loops=1)
                    Buckets: 131072  Batches: 64  Memory Usage: 2415kB
                    ->  Seq Scan on title t  (cost=0.00..61283.27 rows=2528527 width=4) (actual time=0.021..792.204 rows=2528312 loops=1)
Planning time: 1.079 ms
Execution time: 6004.055 ms
