Hash Join  (cost=210541.74..709988.55 rows=1840687 width=0) (actual time=3663.038..14409.988 rows=558098 loops=1)
  Hash Cond: (mi.movie_id = t.id)
  ->  Seq Scan on movie_info mi  (cost=0.00..309384.22 rows=14739122 width=4) (actual time=0.008..4326.013 rows=14835720 loops=1)
  ->  Hash  (cost=205360.56..205360.56 rows=315774 width=8) (actual time=3627.317..3627.317 rows=46891 loops=1)
        Buckets: 131072  Batches: 8  Memory Usage: 1242kB
        ->  Hash Join  (cost=77456.80..205360.56 rows=315774 width=8) (actual time=927.815..3611.916 rows=46891 loops=1)
              Hash Cond: (mk.movie_id = t.id)
              ->  Seq Scan on movie_keyword mk  (cost=0.00..81003.12 rows=3710371 width=4) (actual time=0.030..1377.325 rows=3706539 loops=1)
                    Filter: (keyword_id < 22395)
                    Rows Removed by Filter: 817391
              ->  Hash  (cost=73925.90..73925.90 rows=215192 width=4) (actual time=925.407..925.407 rows=95345 loops=1)
                    Buckets: 131072  Batches: 4  Memory Usage: 1866kB
                    ->  Seq Scan on title t  (cost=0.00..73925.90 rows=215192 width=4) (actual time=0.020..886.358 rows=95345 loops=1)
                          Filter: ((kind_id > 3) AND (production_year < 1967))
                          Rows Removed by Filter: 2432967
Planning time: 1.059 ms
Execution time: 14482.880 ms
