Hash Join  (cost=80596.10..107510.23 rows=365 width=0) (actual time=752.790..1154.803 rows=291 loops=1)
  Hash Cond: (mi_idx.movie_id = t.id)
  ->  Seq Scan on movie_info_idx mi_idx  (cost=0.00..21735.35 rows=1380035 width=4) (actual time=0.021..208.777 rows=1380035 loops=1)
  ->  Hash  (cost=80587.75..80587.75 rows=668 width=8) (actual time=736.363..736.363 rows=101 loops=1)
        Buckets: 1024  Batches: 1  Memory Usage: 12kB
        ->  Nested Loop  (cost=0.43..80587.75 rows=668 width=8) (actual time=245.124..736.271 rows=101 loops=1)
              ->  Seq Scan on movie_companies mc  (cost=0.00..57926.93 rows=2925 width=4) (actual time=244.125..658.979 rows=6282 loops=1)
                    Filter: ((company_id = 1284) AND (company_type_id = 2))
                    Rows Removed by Filter: 2602847
              ->  Index Scan using title_pkey on title t  (cost=0.43..7.74 rows=1 width=4) (actual time=0.012..0.012 rows=0 loops=6282)
                    Index Cond: (id = mc.movie_id)
                    Filter: ((kind_id < 3) AND (production_year > 1981))
                    Rows Removed by Filter: 1
Planning time: 1.172 ms
Execution time: 1155.064 ms
