Hash Join  (cost=122333.31..1072333.18 rows=834661 width=0) (actual time=2933.269..18863.714 rows=943151 loops=1)
  Hash Cond: (ci.movie_id = t.id)
  ->  Seq Scan on cast_info ci  (cost=0.00..796071.18 rows=12533893 width=4) (actual time=4.569..12572.773 rows=6553051 loops=1)
        Filter: ((person_id < 1921368) AND (role_id > 1))
        Rows Removed by Filter: 29691293
  ->  Hash  (cost=119570.56..119570.56 rows=168380 width=8) (actual time=2913.360..2913.360 rows=195295 loops=1)
        Buckets: 131072  Batches: 4  Memory Usage: 2921kB
        ->  Hash Join  (cost=78988.28..119570.56 rows=168380 width=8) (actual time=1809.002..2847.929 rows=195295 loops=1)
              Hash Cond: (mi_idx.movie_id = t.id)
              ->  Seq Scan on movie_info_idx mi_idx  (cost=0.00..21735.35 rows=1380035 width=4) (actual time=0.021..344.679 rows=1380035 loops=1)
              ->  Hash  (cost=73925.90..73925.90 rows=308510 width=4) (actual time=1808.180..1808.180 rows=266599 loops=1)
                    Buckets: 131072  Batches: 8  Memory Usage: 2191kB
                    ->  Seq Scan on title t  (cost=0.00..73925.90 rows=308510 width=4) (actual time=0.026..1041.202 rows=266599 loops=1)
                          Filter: ((kind_id < 7) AND (production_year > 2007))
                          Rows Removed by Filter: 2261713
Planning time: 1.099 ms
Execution time: 18981.223 ms
