Hash Join  (cost=80830.47..500737.70 rows=906378 width=0) (actual time=1331.590..9288.949 rows=2194476 loops=1)
  Hash Cond: (mi.movie_id = t.id)
  ->  Seq Scan on movie_info mi  (cost=0.00..346232.03 rows=5445713 width=4) (actual time=239.786..4578.088 rows=5410520 loops=1)
        Filter: (info_type_id < 6)
        Rows Removed by Filter: 9425200
  ->  Hash  (cost=73925.90..73925.90 rows=420845 width=4) (actual time=1090.813..1090.813 rows=517968 loops=1)
        Buckets: 131072  Batches: 8  Memory Usage: 3321kB
        ->  Seq Scan on title t  (cost=0.00..73925.90 rows=420845 width=4) (actual time=0.036..921.959 rows=517968 loops=1)
              Filter: ((kind_id < 7) AND (production_year < 2001))
              Rows Removed by Filter: 2010344
Planning time: 0.692 ms
Execution time: 9571.721 ms
