Hash Join  (cost=178843.96..939623.17 rows=999011 width=0) (actual time=2780.422..17384.101 rows=398698 loops=1)
  Hash Cond: (ci.movie_id = t.id)
  ->  Seq Scan on cast_info ci  (cost=0.00..614943.12 rows=36225612 width=4) (actual time=0.023..6212.838 rows=36244344 loops=1)
  ->  Hash  (cost=177972.33..177972.33 rows=69730 width=8) (actual time=2779.423..2779.423 rows=10240 loops=1)
        Buckets: 131072  Batches: 1  Memory Usage: 1424kB
        ->  Hash Join  (cost=75574.02..177972.33 rows=69730 width=8) (actual time=967.621..2775.356 rows=10240 loops=1)
              Hash Cond: (mk.movie_id = t.id)
              ->  Seq Scan on movie_keyword mk  (cost=0.00..81003.12 rows=1755970 width=4) (actual time=0.029..1286.488 rows=1764910 loops=1)
                    Filter: (keyword_id < 2867)
                    Rows Removed by Filter: 2759020
              ->  Hash  (cost=73925.90..73925.90 rows=100409 width=4) (actual time=964.346..964.346 rows=110402 loops=1)
                    Buckets: 131072  Batches: 2  Memory Usage: 2970kB
                    ->  Seq Scan on title t  (cost=0.00..73925.90 rows=100409 width=4) (actual time=0.028..921.527 rows=110402 loops=1)
                          Filter: ((kind_id = 7) AND (production_year = 2012))
                          Rows Removed by Filter: 2417910
Planning time: 1.098 ms
Execution time: 17436.163 ms
