Seq Scan on movie_companies mc  (cost=0.00..57926.93 rows=53 width=0) (actual time=417.020..732.432 rows=1 loops=1)
  Filter: ((company_type_id > 1) AND (company_id = 13889))
  Rows Removed by Filter: 2609128
Planning time: 0.343 ms
Execution time: 732.520 ms
