Hash Join  (cost=80830.47..150687.73 rows=129426 width=0) (actual time=1528.198..2826.670 rows=397378 loops=1)
  Hash Cond: (mc.movie_id = t.id)
  ->  Seq Scan on movie_companies mc  (cost=0.00..57926.93 rows=777619 width=4) (actual time=367.527..944.798 rows=998438 loops=1)
        Filter: ((company_id > 6881) AND (company_type_id = 2))
        Rows Removed by Filter: 1610691
  ->  Hash  (cost=73925.90..73925.90 rows=420845 width=4) (actual time=1159.352..1159.352 rows=517968 loops=1)
        Buckets: 131072  Batches: 8  Memory Usage: 3313kB
        ->  Seq Scan on title t  (cost=0.00..73925.90 rows=420845 width=4) (actual time=0.046..993.910 rows=517968 loops=1)
              Filter: ((kind_id < 7) AND (production_year < 2001))
              Rows Removed by Filter: 2010344
Planning time: 0.708 ms
Execution time: 2878.527 ms
