Seq Scan on cast_info ci  (cost=0.00..705507.15 rows=35230885 width=0) (actual time=0.023..11042.673 rows=35377627 loops=1)
  Filter: (person_id > 91152)
  Rows Removed by Filter: 866717
Planning time: 0.301 ms
Execution time: 15332.047 ms
