Hash Join  (cost=76379.89..963030.79 rows=2768918 width=0) (actual time=1319.801..21736.340 rows=3473123 loops=1)
  Hash Cond: (ci.movie_id = t.id)
  ->  Seq Scan on cast_info ci  (cost=0.00..705507.15 rows=13090819 width=4) (actual time=0.036..12892.322 rows=13213598 loops=1)
        Filter: (person_id > 2352915)
        Rows Removed by Filter: 23030746
  ->  Hash  (cost=67604.59..67604.59 rows=534824 width=4) (actual time=1318.779..1318.779 rows=533369 loops=1)
        Buckets: 131072  Batches: 8  Memory Usage: 3369kB
        ->  Seq Scan on title t  (cost=0.00..67604.59 rows=534824 width=4) (actual time=0.022..1121.741 rows=533369 loops=1)
              Filter: (production_year > 2009)
              Rows Removed by Filter: 1994943
Planning time: 0.770 ms
Execution time: 22154.604 ms
