Hash Join  (cost=197478.10..236056.77 rows=51619 width=0) (actual time=3412.611..4336.870 rows=213624 loops=1)
  Hash Cond: (mi_idx.movie_id = t.id)
  ->  Seq Scan on movie_info_idx mi_idx  (cost=0.00..21735.35 rows=1380035 width=4) (actual time=0.020..393.534 rows=1380035 loops=1)
  ->  Hash  (cost=195925.88..195925.88 rows=94578 width=8) (actual time=3411.872..3411.872 rows=104458 loops=1)
        Buckets: 131072  Batches: 2  Memory Usage: 3085kB
        ->  Hash Join  (cost=102767.86..195925.88 rows=94578 width=8) (actual time=1708.676..3376.850 rows=104458 loops=1)
              Hash Cond: (mk.movie_id = t.id)
              ->  Seq Scan on movie_keyword mk  (cost=0.00..81003.12 rows=94578 width=4) (actual time=0.033..1147.188 rows=104458 loops=1)
                    Filter: (keyword_id < 107)
                    Rows Removed by Filter: 4419472
              ->  Hash  (cost=61283.27..61283.27 rows=2528527 width=4) (actual time=1707.686..1707.686 rows=2528312 loops=1)
                    Buckets: 131072  Batches: 64  Memory Usage: 2425kB
                    ->  Seq Scan on title t  (cost=0.00..61283.27 rows=2528527 width=4) (actual time=0.027..851.988 rows=2528312 loops=1)
Planning time: 1.031 ms
Execution time: 4365.013 ms
