Hash Join  (cost=137528.28..206727.43 rows=147420 width=0) (actual time=2735.134..3770.253 rows=75392 loops=1)
  Hash Cond: (mc.movie_id = t.id)
  ->  Seq Scan on movie_companies mc  (cost=0.00..51404.11 rows=1315690 width=4) (actual time=0.025..817.236 rows=1323732 loops=1)
        Filter: (company_id > 11241)
        Rows Removed by Filter: 1285397
  ->  Hash  (cost=132879.85..132879.85 rows=283315 width=8) (actual time=2367.522..2367.522 rows=141906 loops=1)
        Buckets: 131072  Batches: 4  Memory Usage: 2407kB
        ->  Hash Join  (cost=92883.59..132879.85 rows=283315 width=8) (actual time=1448.350..2319.492 rows=141906 loops=1)
              Hash Cond: (mi_idx.movie_id = t.id)
              ->  Seq Scan on movie_info_idx mi_idx  (cost=0.00..25185.44 rows=464934 width=4) (actual time=0.024..401.672 rows=460185 loops=1)
                    Filter: (info_type_id > 100)
                    Rows Removed by Filter: 919850
              ->  Hash  (cost=67604.59..67604.59 rows=1540800 width=4) (actual time=1361.642..1361.642 rows=1543264 loops=1)
                    Buckets: 131072  Batches: 32  Memory Usage: 2722kB
                    ->  Seq Scan on title t  (cost=0.00..67604.59 rows=1540800 width=4) (actual time=0.016..861.353 rows=1543264 loops=1)
                          Filter: (kind_id = 7)
                          Rows Removed by Filter: 985048
Planning time: 1.066 ms
Execution time: 3780.842 ms
