Seq Scan on cast_info ci  (cost=0.00..796071.18 rows=9868671 width=0) (actual time=4895.202..13302.884 rows=12670688 loops=1)
  Filter: ((person_id < 2871752) AND (role_id < 2))
  Rows Removed by Filter: 23573656
Planning time: 0.680 ms
Execution time: 14820.018 ms
