Hash Join  (cost=798791.46..1163466.28 rows=1889 width=0) (actual time=11695.141..17059.473 rows=103 loops=1)
  Hash Cond: (mi.movie_id = t.id)
  ->  Seq Scan on movie_info mi  (cost=0.00..309384.22 rows=14739122 width=4) (actual time=0.011..3035.993 rows=14835720 loops=1)
  ->  Hash  (cost=798787.41..798787.41 rows=324 width=8) (actual time=11465.517..11465.517 rows=5 loops=1)
        Buckets: 1024  Batches: 1  Memory Usage: 9kB
        ->  Nested Loop  (cost=0.43..798787.41 rows=324 width=8) (actual time=8311.418..11465.497 rows=5 loops=1)
              ->  Seq Scan on cast_info ci  (cost=0.00..796071.18 rows=324 width=4) (actual time=8311.308..11465.274 rows=5 loops=1)
                    Filter: ((role_id > 1) AND (person_id = 3922417))
                    Rows Removed by Filter: 36244339
              ->  Index Only Scan using title_pkey on title t  (cost=0.43..8.37 rows=1 width=4) (actual time=0.036..0.037 rows=1 loops=5)
                    Index Cond: (id = ci.movie_id)
                    Heap Fetches: 5
Planning time: 1.106 ms
Execution time: 17059.634 ms
