Hash Join  (cost=190230.21..330827.47 rows=1738097 width=0) (actual time=3807.218..8643.162 rows=7388145 loops=1)
  Hash Cond: (mk.movie_id = t.id)
  ->  Seq Scan on movie_keyword mk  (cost=0.00..81003.12 rows=3184576 width=4) (actual time=0.022..1455.326 rows=3172383 loops=1)
        Filter: (keyword_id < 12530)
        Rows Removed by Filter: 1351547
  ->  Hash  (cost=167588.78..167588.78 rows=1380035 width=8) (actual time=3806.129..3806.129 rows=1380035 loops=1)
        Buckets: 131072  Batches: 32  Memory Usage: 2726kB
        ->  Hash Join  (cost=102767.86..167588.78 rows=1380035 width=8) (actual time=1503.649..3404.281 rows=1380035 loops=1)
              Hash Cond: (mi_idx.movie_id = t.id)
              ->  Seq Scan on movie_info_idx mi_idx  (cost=0.00..21735.35 rows=1380035 width=4) (actual time=0.025..405.829 rows=1380035 loops=1)
              ->  Hash  (cost=61283.27..61283.27 rows=2528527 width=4) (actual time=1502.715..1502.715 rows=2528312 loops=1)
                    Buckets: 131072  Batches: 64  Memory Usage: 2415kB
                    ->  Seq Scan on title t  (cost=0.00..61283.27 rows=2528527 width=4) (actual time=0.011..731.918 rows=2528312 loops=1)
Planning time: 1.069 ms
Execution time: 9509.178 ms
