Hash Join  (cost=73989.96..170008.73 rows=8071 width=0) (actual time=1114.332..3257.656 rows=28711 loops=1)
  Hash Cond: (mk.movie_id = t.id)
  ->  Seq Scan on movie_keyword mk  (cost=0.00..81003.12 rows=3982650 width=4) (actual time=0.013..1543.973 rows=3982530 loops=1)
        Filter: (keyword_id > 382)
        Rows Removed by Filter: 541400
  ->  Hash  (cost=73925.90..73925.90 rows=5124 width=4) (actual time=1113.640..1113.640 rows=9091 loops=1)
        Buckets: 16384 (originally 8192)  Batches: 1 (originally 1)  Memory Usage: 448kB
        ->  Seq Scan on title t  (cost=0.00..73925.90 rows=5124 width=4) (actual time=151.413..1109.489 rows=9091 loops=1)
              Filter: ((kind_id = 4) AND (production_year = 2007))
              Rows Removed by Filter: 2519221
Planning time: 0.811 ms
Execution time: 3261.552 ms
