Seq Scan on cast_info ci  (cost=0.00..796071.18 rows=9269555 width=0) (actual time=36.917..11216.145 rows=3954934 loops=1)
  Filter: ((person_id < 1401037) AND (role_id > 1))
  Rows Removed by Filter: 32289410
Planning time: 0.327 ms
Execution time: 11727.171 ms
