Hash Join  (cost=102767.86..249038.37 rows=2301870 width=0) (actual time=1676.401..5845.546 rows=2307928 loops=1)
  Hash Cond: (mk.movie_id = t.id)
  ->  Seq Scan on movie_keyword mk  (cost=0.00..81003.12 rows=2301870 width=4) (actual time=0.020..1455.565 rows=2307928 loops=1)
        Filter: (keyword_id < 4959)
        Rows Removed by Filter: 2216002
  ->  Hash  (cost=61283.27..61283.27 rows=2528527 width=4) (actual time=1675.412..1675.412 rows=2528312 loops=1)
        Buckets: 131072  Batches: 64  Memory Usage: 2425kB
        ->  Seq Scan on title t  (cost=0.00..61283.27 rows=2528527 width=4) (actual time=0.018..810.700 rows=2528312 loops=1)
Planning time: 0.646 ms
Execution time: 6123.445 ms
