Hash Join  (cost=91879.05..988635.42 rows=5092146 width=0) (actual time=2182.812..19909.725 rows=4718704 loops=1)
  Hash Cond: (ci.movie_id = t.id)
  ->  Seq Scan on cast_info ci  (cost=0.00..705507.15 rows=11766602 width=4) (actual time=78.132..10969.583 rows=11666097 loops=1)
        Filter: (person_id < 1146692)
        Rows Removed by Filter: 24578247
  ->  Hash  (cost=73925.90..73925.90 rows=1094252 width=4) (actual time=2077.056..2077.056 rows=1044222 loops=1)
        Buckets: 131072  Batches: 16  Memory Usage: 3319kB
        ->  Seq Scan on title t  (cost=0.00..73925.90 rows=1094252 width=4) (actual time=0.033..1068.122 rows=1044222 loops=1)
              Filter: ((production_year < 2009) AND (kind_id = 7))
              Rows Removed by Filter: 1484090
Planning time: 0.775 ms
Execution time: 20402.710 ms
