Seq Scan on cast_info ci  (cost=0.00..796071.18 rows=765943 width=0) (actual time=7165.638..10322.452 rows=2858712 loops=1)
  Filter: ((person_id > 3047568) AND (role_id > 9))
  Rows Removed by Filter: 33385632
Planning time: 0.339 ms
Execution time: 10684.823 ms
