Hash Join  (cost=82955.72..156856.82 rows=322353 width=0) (actual time=1319.537..2919.468 rows=77538 loops=1)
  Hash Cond: (mc.movie_id = t.id)
  ->  Seq Scan on movie_companies mc  (cost=0.00..51404.11 rows=1480923 width=4) (actual time=0.437..858.413 rows=1483915 loops=1)
        Filter: (company_id > 8032)
        Rows Removed by Filter: 1125214
  ->  Hash  (cost=73925.90..73925.90 rows=550385 width=4) (actual time=1318.334..1318.334 rows=602403 loops=1)
        Buckets: 131072  Batches: 8  Memory Usage: 3672kB
        ->  Seq Scan on title t  (cost=0.00..73925.90 rows=550385 width=4) (actual time=0.013..1106.742 rows=602403 loops=1)
              Filter: ((production_year > 2006) AND (kind_id = 7))
              Rows Removed by Filter: 1925909
Planning time: 0.728 ms
Execution time: 2927.796 ms
