Hash Join  (cost=102767.86..179957.40 rows=389945 width=0) (actual time=1662.680..3350.189 rows=553489 loops=1)
  Hash Cond: (mc.movie_id = t.id)
  ->  Seq Scan on movie_companies mc  (cost=0.00..57926.93 rows=389945 width=4) (actual time=23.244..866.168 rows=553489 loops=1)
        Filter: ((company_id < 1705) AND (company_type_id = 1))
        Rows Removed by Filter: 2055640
  ->  Hash  (cost=61283.27..61283.27 rows=2528527 width=4) (actual time=1638.092..1638.092 rows=2528312 loops=1)
        Buckets: 131072  Batches: 64  Memory Usage: 2415kB
        ->  Seq Scan on title t  (cost=0.00..61283.27 rows=2528527 width=4) (actual time=0.024..807.724 rows=2528312 loops=1)
Planning time: 0.681 ms
Execution time: 3419.097 ms
