Hash Join  (cost=202329.76..1305705.69 rows=6772581 width=0) (actual time=3264.103..29083.028 rows=3848885 loops=1)
  Hash Cond: (ci.movie_id = t.id)
  ->  Seq Scan on cast_info ci  (cost=0.00..614943.12 rows=36225612 width=4) (actual time=0.011..10541.098 rows=36244344 loops=1)
  ->  Hash  (cost=194573.73..194573.73 rows=472722 width=8) (actual time=3262.823..3262.823 rows=126385 loops=1)
        Buckets: 131072  Batches: 8  Memory Usage: 1644kB
        ->  Hash Join  (cost=92883.59..194573.73 rows=472722 width=8) (actual time=2526.704..3221.241 rows=126385 loops=1)
              Hash Cond: (mk.movie_id = t.id)
              ->  Seq Scan on movie_keyword mk  (cost=0.00..81003.12 rows=775760 width=4) (actual time=0.027..1218.900 rows=784391 loops=1)
                    Filter: (keyword_id > 24029)
                    Rows Removed by Filter: 3739539
              ->  Hash  (cost=67604.59..67604.59 rows=1540800 width=4) (actual time=1320.231..1320.231 rows=1543264 loops=1)
                    Buckets: 131072  Batches: 32  Memory Usage: 2728kB
                    ->  Seq Scan on title t  (cost=0.00..67604.59 rows=1540800 width=4) (actual time=0.019..859.842 rows=1543264 loops=1)
                          Filter: (kind_id = 7)
                          Rows Removed by Filter: 985048
Planning time: 1.081 ms
Execution time: 29441.453 ms
