Hash Join  (cost=102767.86..202287.93 rows=1589044 width=0) (actual time=1768.713..3960.318 rows=1579366 loops=1)
  Hash Cond: (mc.movie_id = t.id)
  ->  Seq Scan on movie_companies mc  (cost=0.00..51404.11 rows=1589044 width=4) (actual time=0.024..712.155 rows=1579366 loops=1)
        Filter: (company_id < 15607)
        Rows Removed by Filter: 1029763
  ->  Hash  (cost=61283.27..61283.27 rows=2528527 width=4) (actual time=1767.549..1767.549 rows=2528312 loops=1)
        Buckets: 131072  Batches: 64  Memory Usage: 2415kB
        ->  Seq Scan on title t  (cost=0.00..61283.27 rows=2528527 width=4) (actual time=0.020..925.952 rows=2528312 loops=1)
Planning time: 0.722 ms
Execution time: 4141.910 ms
