Seq Scan on cast_info ci  (cost=0.00..796071.18 rows=12395951 width=0) (actual time=0.026..12585.179 rows=10166356 loops=1)
  Filter: ((person_id > 1357101) AND (role_id < 3))
  Rows Removed by Filter: 26077988
Planning time: 0.325 ms
Execution time: 13801.580 ms
