Seq Scan on movie_keyword mk  (cost=0.00..81003.12 rows=246 width=0) (actual time=4.696..1086.741 rows=251 loops=1)
  Filter: (keyword_id = 5011)
  Rows Removed by Filter: 4523679
Planning time: 0.317 ms
Execution time: 1086.975 ms
