Hash Join  (cost=76960.10..939642.77 rows=930580 width=0) (actual time=5724.442..19984.463 rows=381372 loops=1)
  Hash Cond: (ci.movie_id = t.id)
  ->  Seq Scan on cast_info ci  (cost=0.00..705507.15 rows=12726058 width=4) (actual time=4794.369..12117.023 rows=12670688 loops=1)
        Filter: (role_id < 2)
        Rows Removed by Filter: 23573656
  ->  Hash  (cost=73925.90..73925.90 rows=184896 width=4) (actual time=928.552..928.552 rows=79092 loops=1)
        Buckets: 131072  Batches: 4  Memory Usage: 1718kB
        ->  Seq Scan on title t  (cost=0.00..73925.90 rows=184896 width=4) (actual time=0.036..900.571 rows=79092 loops=1)
              Filter: ((production_year < 1965) AND (kind_id = 7))
              Rows Removed by Filter: 2449220
Planning time: 0.803 ms
Execution time: 20031.267 ms
