Hash Join  (cost=84197.31..178517.71 rows=1001425 width=0) (actual time=1295.024..4168.222 rows=781950 loops=1)
  Hash Cond: (mc.movie_id = t.id)
  ->  Seq Scan on movie_companies mc  (cost=0.00..51404.11 rows=2503742 width=4) (actual time=0.023..985.401 rows=2503233 loops=1)
        Filter: (company_id < 154165)
        Rows Removed by Filter: 105896
  ->  Hash  (cost=67604.59..67604.59 rows=1011338 width=4) (actual time=1294.103..1294.103 rows=1012920 loops=1)
        Buckets: 131072  Batches: 16  Memory Usage: 3250kB
        ->  Seq Scan on title t  (cost=0.00..67604.59 rows=1011338 width=4) (actual time=0.013..979.560 rows=1012920 loops=1)
              Filter: (production_year > 2005)
              Rows Removed by Filter: 1515392
Planning time: 0.670 ms
Execution time: 4258.725 ms
