Seq Scan on cast_info ci  (cost=0.00..796071.18 rows=19000063 width=0) (actual time=299.175..14453.413 rows=23154078 loops=1)
  Filter: ((person_id < 2913340) AND (role_id < 4))
  Rows Removed by Filter: 13090266
Planning time: 0.321 ms
Execution time: 17376.836 ms
