Hash Join  (cost=536696.81..1571590.35 rows=7554310 width=0) (actual time=12699.456..40138.248 rows=27565635 loops=1)
  Hash Cond: (ci.movie_id = t.id)
  ->  Seq Scan on cast_info ci  (cost=0.00..796071.18 rows=12269054 width=4) (actual time=2257.647..14902.139 rows=11797064 loops=1)
        Filter: ((person_id > 122529) AND (role_id < 2))
        Rows Removed by Filter: 24447280
  ->  Hash  (cost=511153.99..511153.99 rows=1556866 width=8) (actual time=10440.618..10440.618 rows=3438417 loops=1)
        Buckets: 131072 (originally 131072)  Batches: 64 (originally 32)  Memory Usage: 3133kB
        ->  Hash Join  (cost=78556.72..511153.99 rows=1556866 width=8) (actual time=1043.243..9563.159 rows=3438417 loops=1)
              Hash Cond: (mi.movie_id = t.id)
              ->  Seq Scan on movie_info mi  (cost=0.00..346232.03 rows=5897221 width=4) (actual time=0.030..4717.455 rows=5884963 loops=1)
                    Filter: (info_type_id < 7)
                    Rows Removed by Filter: 8950757
              ->  Hash  (cost=67604.59..67604.59 rows=667531 width=4) (actual time=1042.265..1042.265 rows=662825 loops=1)
                    Buckets: 131072  Batches: 16  Memory Usage: 2485kB
                    ->  Seq Scan on title t  (cost=0.00..67604.59 rows=667531 width=4) (actual time=0.025..833.434 rows=662825 loops=1)
                          Filter: (kind_id = 1)
                          Rows Removed by Filter: 1865487
Planning time: 1.189 ms
Execution time: 43518.971 ms
