Hash Join  (cost=102767.86..1428273.08 rows=25355574 width=0) (actual time=1705.321..35265.316 rows=25369562 loops=1)
  Hash Cond: (ci.movie_id = t.id)
  ->  Seq Scan on cast_info ci  (cost=0.00..705507.15 rows=25355574 width=4) (actual time=0.013..13052.123 rows=25369562 loops=1)
        Filter: (person_id < 2618956)
        Rows Removed by Filter: 10874782
  ->  Hash  (cost=61283.27..61283.27 rows=2528527 width=4) (actual time=1704.268..1704.268 rows=2528312 loops=1)
        Buckets: 131072  Batches: 64  Memory Usage: 2415kB
        ->  Seq Scan on title t  (cost=0.00..61283.27 rows=2528527 width=4) (actual time=0.029..848.096 rows=2528312 loops=1)
Planning time: 0.750 ms
Execution time: 38167.458 ms
