Seq Scan on cast_info ci  (cost=0.00..796071.18 rows=7550127 width=0) (actual time=7833.782..11754.972 rows=2110429 loops=1)
  Filter: ((person_id > 1442981) AND (role_id = 1))
  Rows Removed by Filter: 34133915
Planning time: 0.340 ms
Execution time: 12029.921 ms
