Hash Join  (cost=365418.15..1338091.98 rows=8253051 width=0) (actual time=11933.647..36545.363 rows=35795633 loops=1)
  Hash Cond: (ci.movie_id = t.id)
  ->  Seq Scan on cast_info ci  (cost=0.00..796071.18 rows=4612817 width=4) (actual time=3307.397..13899.510 rows=7449733 loops=1)
        Filter: ((person_id > 1311059) AND (role_id = 2))
        Rows Removed by Filter: 28794611
  ->  Hash  (cost=291197.02..291197.02 rows=4523930 width=8) (actual time=8624.683..8624.683 rows=4523930 loops=1)
        Buckets: 131072  Batches: 64  Memory Usage: 3816kB
        ->  Hash Join  (cost=102767.86..291197.02 rows=4523930 width=8) (actual time=1966.710..7287.933 rows=4523930 loops=1)
              Hash Cond: (mk.movie_id = t.id)
              ->  Seq Scan on movie_keyword mk  (cost=0.00..69693.30 rows=4523930 width=4) (actual time=0.029..1462.140 rows=4523930 loops=1)
              ->  Hash  (cost=61283.27..61283.27 rows=2528527 width=4) (actual time=1965.094..1965.094 rows=2528312 loops=1)
                    Buckets: 131072  Batches: 64  Memory Usage: 2425kB
                    ->  Seq Scan on title t  (cost=0.00..61283.27 rows=2528527 width=4) (actual time=0.017..1079.147 rows=2528312 loops=1)
Planning time: 1.276 ms
Execution time: 40681.078 ms
