Seq Scan on movie_companies mc  (cost=0.00..57926.93 rows=51 width=0) (actual time=1.256..820.347 rows=32 loops=1)
  Filter: ((company_type_id < 2) AND (company_id = 16979))
  Rows Removed by Filter: 2609097
Planning time: 0.347 ms
Execution time: 820.444 ms
