Hash Join  (cost=74080.83..101058.95 rows=6764 width=144) (actual time=973.141..1673.607 rows=9964 loops=1)
  Hash Cond: (mi_idx.movie_id = t.id)
  ->  Seq Scan on movie_info_idx mi_idx  (cost=0.00..21735.35 rows=1380035 width=50) (actual time=0.013..394.046 rows=1380035 loops=1)
  ->  Hash  (cost=73925.90..73925.90 rows=12394 width=94) (actual time=973.025..973.025 rows=7075 loops=1)
        Buckets: 16384  Batches: 1  Memory Usage: 885kB
        ->  Seq Scan on title t  (cost=0.00..73925.90 rows=12394 width=94) (actual time=58.099..969.852 rows=7075 loops=1)
              Filter: ((kind_id = 1) AND (production_year = 1998))
              Rows Removed by Filter: 2521237
Planning time: 0.673 ms
Execution time: 1674.376 ms
