Hash Join  (cost=190230.21..332578.95 rows=1794258 width=0) (actual time=4810.704..9321.771 rows=7668032 loops=1)
  Hash Cond: (mk.movie_id = t.id)
  ->  Seq Scan on movie_keyword mk  (cost=0.00..81003.12 rows=3287475 width=4) (actual time=0.024..1448.703 rows=3271987 loops=1)
        Filter: (keyword_id > 1594)
        Rows Removed by Filter: 1251943
  ->  Hash  (cost=167588.78..167588.78 rows=1380035 width=8) (actual time=4809.133..4809.133 rows=1380035 loops=1)
        Buckets: 131072  Batches: 32  Memory Usage: 2726kB
        ->  Hash Join  (cost=102767.86..167588.78 rows=1380035 width=8) (actual time=1669.886..4375.356 rows=1380035 loops=1)
              Hash Cond: (mi_idx.movie_id = t.id)
              ->  Seq Scan on movie_info_idx mi_idx  (cost=0.00..21735.35 rows=1380035 width=4) (actual time=0.021..359.750 rows=1380035 loops=1)
              ->  Hash  (cost=61283.27..61283.27 rows=2528527 width=4) (actual time=1668.900..1668.900 rows=2528312 loops=1)
                    Buckets: 131072  Batches: 64  Memory Usage: 2415kB
                    ->  Seq Scan on title t  (cost=0.00..61283.27 rows=2528527 width=4) (actual time=0.016..827.045 rows=2528312 loops=1)
Planning time: 1.088 ms
Execution time: 10071.631 ms
