Hash Join  (cost=76817.76..136600.60 rows=6628 width=0) (actual time=1015.154..2139.888 rows=112 loops=1)
  Hash Cond: (mc.movie_id = t.id)
  ->  Seq Scan on movie_companies mc  (cost=0.00..57926.93 rows=95100 width=4) (actual time=0.670..639.588 rows=39113 loops=1)
        Filter: ((company_id < 49) AND (company_type_id = 2))
        Rows Removed by Filter: 2570016
  ->  Hash  (cost=73925.90..73925.90 rows=176228 width=4) (actual time=997.334..997.334 rows=310626 loops=1)
        Buckets: 131072  Batches: 4  Memory Usage: 3757kB
        ->  Seq Scan on title t  (cost=0.00..73925.90 rows=176228 width=4) (actual time=155.207..900.238 rows=310626 loops=1)
              Filter: ((production_year < 1989) AND (kind_id = 1))
              Rows Removed by Filter: 2217686
Planning time: 4.853 ms
Execution time: 2140.016 ms
