Seq Scan on movie_companies mc  (cost=0.00..57926.93 rows=53 width=0) (actual time=588.333..673.201 rows=2 loops=1)
  Filter: ((company_id = 7848) AND (company_type_id = 2))
  Rows Removed by Filter: 2609127
Planning time: 0.393 ms
Execution time: 673.285 ms
