Seq Scan on movie_keyword mk  (cost=0.00..81003.12 rows=246 width=0) (actual time=0.702..1064.997 rows=221 loops=1)
  Filter: (keyword_id = 8276)
  Rows Removed by Filter: 4523709
Planning time: 0.339 ms
Execution time: 1065.203 ms
