Hash Join  (cost=211469.99..369770.88 rows=2415815 width=0) (actual time=5455.154..15393.798 rows=22110551 loops=1)
  Hash Cond: (mk.movie_id = t.id)
  ->  Seq Scan on movie_keyword mk  (cost=0.00..81003.12 rows=4091362 width=4) (actual time=0.020..1445.910 rows=4096303 loops=1)
        Filter: (keyword_id < 40910)
        Rows Removed by Filter: 427627
  ->  Hash  (cost=186974.34..186974.34 rows=1493012 width=8) (actual time=5454.121..5454.121 rows=1754914 loops=1)
        Buckets: 131072  Batches: 32  Memory Usage: 3186kB
        ->  Hash Join  (cost=91342.70..186974.34 rows=1493012 width=8) (actual time=2187.188..4962.628 rows=1754914 loops=1)
              Hash Cond: (mc.movie_id = t.id)
              ->  Seq Scan on movie_companies mc  (cost=0.00..44881.29 rows=2609129 width=4) (actual time=0.022..787.119 rows=2609129 loops=1)
              ->  Hash  (cost=67604.59..67604.59 rows=1446889 width=4) (actual time=2186.270..2186.270 rows=1443298 loops=1)
                    Buckets: 131072  Batches: 32  Memory Usage: 2608kB
                    ->  Seq Scan on title t  (cost=0.00..67604.59 rows=1446889 width=4) (actual time=0.010..1089.596 rows=1443298 loops=1)
                          Filter: (production_year < 2006)
                          Rows Removed by Filter: 1085014
Planning time: 1.082 ms
Execution time: 18029.193 ms
