Hash Join  (cost=111771.77..479612.21 rows=318451 width=0) (actual time=2477.501..13592.741 rows=2404876 loops=1)
  Hash Cond: (mi.movie_id = t.id)
  ->  Seq Scan on movie_info mi  (cost=0.00..309384.22 rows=14739122 width=4) (actual time=0.021..3210.635 rows=14835720 loops=1)
  ->  Hash  (cost=111088.88..111088.88 rows=54631 width=8) (actual time=2477.012..2477.012 rows=130095 loops=1)
        Buckets: 131072 (originally 65536)  Batches: 2 (originally 1)  Memory Usage: 3570kB
        ->  Hash Join  (cost=78917.17..111088.88 rows=54631 width=8) (actual time=1660.378..2429.832 rows=130095 loops=1)
              Hash Cond: (mi_idx.movie_id = t.id)
              ->  Seq Scan on movie_info_idx mi_idx  (cost=0.00..25185.44 rows=454124 width=4) (actual time=0.020..410.985 rows=459925 loops=1)
                    Filter: (info_type_id = 100)
                    Rows Removed by Filter: 920110
              ->  Hash  (cost=73925.90..73925.90 rows=304181 width=4) (actual time=1659.696..1659.696 rows=422218 loops=1)
                    Buckets: 131072 (originally 131072)  Batches: 8 (originally 4)  Memory Usage: 3073kB
                    ->  Seq Scan on title t  (cost=0.00..73925.90 rows=304181 width=4) (actual time=0.026..943.824 rows=422218 loops=1)
                          Filter: ((kind_id < 7) AND (production_year < 1994))
                          Rows Removed by Filter: 2106094
Planning time: 1.161 ms
Execution time: 13907.146 ms
