Seq Scan on movie_keyword mk  (cost=0.00..81003.12 rows=3858370 width=0) (actual time=0.024..1365.654 rows=3851856 loops=1)
  Filter: (keyword_id < 27908)
  Rows Removed by Filter: 672074
Planning time: 0.277 ms
Execution time: 1867.096 ms
