Hash Join  (cost=102767.86..600384.82 rows=5880796 width=0) (actual time=1850.538..13136.010 rows=5869026 loops=1)
  Hash Cond: (mi.movie_id = t.id)
  ->  Seq Scan on movie_info mi  (cost=0.00..346232.03 rows=5880796 width=4) (actual time=0.015..5946.852 rows=5869026 loops=1)
        Filter: (info_type_id > 13)
        Rows Removed by Filter: 8966694
  ->  Hash  (cost=61283.27..61283.27 rows=2528527 width=4) (actual time=1848.577..1848.577 rows=2528312 loops=1)
        Buckets: 131072  Batches: 64  Memory Usage: 2425kB
        ->  Seq Scan on title t  (cost=0.00..61283.27 rows=2528527 width=4) (actual time=0.016..1001.656 rows=2528312 loops=1)
Planning time: 0.733 ms
Execution time: 13842.179 ms
