Hash Join  (cost=102767.86..193102.47 rows=936226 width=0) (actual time=1842.724..3810.452 rows=781509 loops=1)
  Hash Cond: (mc.movie_id = t.id)
  ->  Seq Scan on movie_companies mc  (cost=0.00..57926.93 rows=936226 width=4) (actual time=76.949..1003.646 rows=781509 loops=1)
        Filter: ((company_id > 1263) AND (company_type_id < 2))
        Rows Removed by Filter: 1827620
  ->  Hash  (cost=61283.27..61283.27 rows=2528527 width=4) (actual time=1762.991..1762.991 rows=2528312 loops=1)
        Buckets: 131072  Batches: 64  Memory Usage: 2415kB
        ->  Seq Scan on title t  (cost=0.00..61283.27 rows=2528527 width=4) (actual time=0.030..900.840 rows=2528312 loops=1)
Planning time: 0.748 ms
Execution time: 3911.102 ms
