Hash Join  (cost=190308.05..1266515.77 rows=4127861 width=0) (actual time=3858.546..40211.604 rows=34411231 loops=1)
  Hash Cond: (ci.movie_id = t.id)
  ->  Seq Scan on cast_info ci  (cost=0.00..614943.12 rows=36225612 width=4) (actual time=0.015..10707.078 rows=36244344 loops=1)
  ->  Hash  (cost=185580.52..185580.52 rows=288122 width=8) (actual time=3856.839..3856.839 rows=635420 loops=1)
        Buckets: 131072 (originally 131072)  Batches: 16 (originally 4)  Memory Usage: 3073kB
        ->  Hash Join  (cost=88900.98..185580.52 rows=288122 width=8) (actual time=1677.471..3638.504 rows=635420 loops=1)
              Hash Cond: (mk.movie_id = t.id)
              ->  Seq Scan on movie_keyword mk  (cost=0.00..81003.12 rows=798186 width=4) (actual time=0.011..1209.856 rows=802261 loops=1)
                    Filter: (keyword_id > 23070)
                    Rows Removed by Filter: 3721669
              ->  Hash  (cost=73925.90..73925.90 rows=912726 width=4) (actual time=1675.913..1675.913 rows=849923 loops=1)
                    Buckets: 131072  Batches: 16  Memory Usage: 2902kB
                    ->  Seq Scan on title t  (cost=0.00..73925.90 rows=912726 width=4) (actual time=0.017..1074.069 rows=849923 loops=1)
                          Filter: ((kind_id < 7) AND (production_year > 1934))
                          Rows Removed by Filter: 1678389
Planning time: 1.392 ms
Execution time: 44093.142 ms
