Seq Scan on cast_info ci  (cost=0.00..705507.15 rows=500 width=0) (actual time=109.995..8879.541 rows=137 loops=1)
  Filter: (person_id = 2923639)
  Rows Removed by Filter: 36244207
Planning time: 0.341 ms
Execution time: 8879.715 ms
