Seq Scan on cast_info ci  (cost=0.00..796071.18 rows=324 width=0) (actual time=7977.594..12438.934 rows=311 loops=1)
  Filter: ((role_id > 1) AND (person_id = 2957819))
  Rows Removed by Filter: 36244033
Planning time: 2.026 ms
Execution time: 12439.101 ms
