Hash Join  (cost=484264.54..623923.80 rows=1449222 width=0) (actual time=7564.633..17120.241 rows=33304735 loops=1)
  Hash Cond: (mk.movie_id = t.id)
  ->  Seq Scan on movie_keyword mk  (cost=0.00..69693.30 rows=4523930 width=4) (actual time=0.025..1150.762 rows=4523930 loops=1)
  ->  Hash  (cost=470974.51..470974.51 rows=810003 width=8) (actual time=7563.443..7563.443 rows=1083597 loops=1)
        Buckets: 131072  Batches: 16  Memory Usage: 3766kB
        ->  Hash Join  (cost=78556.72..470974.51 rows=810003 width=8) (actual time=3537.219..7258.249 rows=1083597 loops=1)
              Hash Cond: (mi.movie_id = t.id)
              ->  Seq Scan on movie_info mi  (cost=0.00..346232.03 rows=3068194 width=4) (actual time=1199.066..4358.159 rows=3036719 loops=1)
                    Filter: (info_type_id = 16)
                    Rows Removed by Filter: 11799001
              ->  Hash  (cost=67604.59..67604.59 rows=667531 width=4) (actual time=1133.229..1133.229 rows=662825 loops=1)
                    Buckets: 131072  Batches: 16  Memory Usage: 2485kB
                    ->  Seq Scan on title t  (cost=0.00..67604.59 rows=667531 width=4) (actual time=53.034..914.335 rows=662825 loops=1)
                          Filter: (kind_id = 1)
                          Rows Removed by Filter: 1865487
Planning time: 1.125 ms
Execution time: 20376.045 ms
