Seq Scan on movie_keyword mk  (cost=0.00..81003.12 rows=428109 width=0) (actual time=63.794..1026.967 rows=422859 loops=1)
  Filter: (keyword_id > 41305)
  Rows Removed by Filter: 4101071
Planning time: 0.318 ms
Execution time: 1081.309 ms
