Seq Scan on cast_info ci  (cost=0.00..796071.18 rows=10388437 width=0) (actual time=6867.794..13335.719 rows=7930584 loops=1)
  Filter: ((person_id > 636086) AND (role_id = 1))
  Rows Removed by Filter: 28313760
Planning time: 0.366 ms
Execution time: 14309.031 ms
