Hash Join  (cost=227192.93..822468.39 rows=9095063 width=0) (actual time=5339.986..28969.753 rows=47981080 loops=1)
  Hash Cond: (mi.movie_id = t.id)
  ->  Seq Scan on movie_info mi  (cost=0.00..309384.22 rows=14739122 width=4) (actual time=0.012..4489.510 rows=14835720 loops=1)
  ->  Hash  (cost=201594.47..201594.47 rows=1560277 width=8) (actual time=5339.020..5339.020 rows=1550067 loops=1)
        Buckets: 131072  Batches: 32  Memory Usage: 2955kB
        ->  Hash Join  (cost=102767.86..201594.47 rows=1560277 width=8) (actual time=2281.971..4848.870 rows=1550067 loops=1)
              Hash Cond: (mc.movie_id = t.id)
              ->  Seq Scan on movie_companies mc  (cost=0.00..51404.11 rows=1560277 width=4) (actual time=0.022..868.088 rows=1550067 loops=1)
                    Filter: (company_id < 14763)
                    Rows Removed by Filter: 1059062
              ->  Hash  (cost=61283.27..61283.27 rows=2528527 width=4) (actual time=2280.523..2280.523 rows=2528312 loops=1)
                    Buckets: 131072  Batches: 64  Memory Usage: 2415kB
                    ->  Seq Scan on title t  (cost=0.00..61283.27 rows=2528527 width=4) (actual time=0.019..921.683 rows=2528312 loops=1)
Planning time: 1.038 ms
Execution time: 33969.777 ms
