Hash Join  (cost=1200231.70..2238615.68 rows=41989564 width=0) (actual time=15614.723..32151.117 rows=17671480 loops=1)
  Hash Cond: (mi.movie_id = t.id)
  ->  Seq Scan on movie_info mi  (cost=0.00..309384.22 rows=14739122 width=4) (actual time=0.010..4750.165 rows=14835720 loops=1)
  ->  Hash  (cost=1082050.24..1082050.24 rows=7203397 width=8) (actual time=15611.493..15611.493 rows=1421777 loops=1)
        Buckets: 131072  Batches: 128  Memory Usage: 1486kB
        ->  Hash Join  (cost=102767.86..1082050.24 rows=7203397 width=8) (actual time=7509.922..15169.059 rows=1421777 loops=1)
              Hash Cond: (ci.movie_id = t.id)
              ->  Seq Scan on cast_info ci  (cost=0.00..796071.18 rows=7203397 width=4) (actual time=5868.259..11925.770 rows=1421777 loops=1)
                    Filter: ((person_id > 1540674) AND (role_id < 2))
                    Rows Removed by Filter: 34822567
              ->  Hash  (cost=61283.27..61283.27 rows=2528527 width=4) (actual time=1640.718..1640.718 rows=2528312 loops=1)
                    Buckets: 131072  Batches: 64  Memory Usage: 2415kB
                    ->  Seq Scan on title t  (cost=0.00..61283.27 rows=2528527 width=4) (actual time=0.016..809.646 rows=2528312 loops=1)
Planning time: 1.108 ms
Execution time: 34145.803 ms
