Hash Join  (cost=128661.55..922480.32 rows=18829 width=0) (actual time=1789.179..17442.576 rows=92539 loops=1)
  Hash Cond: (ci.movie_id = t.id)
  ->  Seq Scan on cast_info ci  (cost=0.00..705507.15 rows=23499554 width=4) (actual time=0.020..11763.263 rows=23573656 loops=1)
        Filter: (role_id > 1)
        Rows Removed by Filter: 12670688
  ->  Hash  (cost=128636.23..128636.23 rows=2026 width=8) (actual time=1787.398..1787.398 rows=6106 loops=1)
        Buckets: 8192 (originally 2048)  Batches: 1 (originally 1)  Memory Usage: 303kB
        ->  Hash Join  (cost=73950.44..128636.23 rows=2026 width=8) (actual time=799.077..1784.713 rows=6106 loops=1)
              Hash Cond: (mc.movie_id = t.id)
              ->  Seq Scan on movie_companies mc  (cost=0.00..44881.29 rows=2609129 width=4) (actual time=0.020..475.730 rows=2609129 loops=1)
              ->  Hash  (cost=73925.90..73925.90 rows=1963 width=4) (actual time=798.994..798.994 rows=2657 loops=1)
                    Buckets: 4096 (originally 2048)  Batches: 1 (originally 1)  Memory Usage: 126kB
                    ->  Seq Scan on title t  (cost=0.00..73925.90 rows=1963 width=4) (actual time=0.232..797.694 rows=2657 loops=1)
                          Filter: ((kind_id = 1) AND (production_year = 1952))
                          Rows Removed by Filter: 2525655
Planning time: 1.107 ms
Execution time: 17456.861 ms
