Hash Join  (cost=58358.90..809155.38 rows=731 width=0) (actual time=792.654..14298.929 rows=1853 loops=1)
  Hash Cond: (ci.movie_id = t.id)
  ->  Seq Scan on cast_info ci  (cost=0.00..614943.12 rows=36225612 width=4) (actual time=0.013..6622.564 rows=36244344 loops=1)
  ->  Hash  (cost=58358.27..58358.27 rows=51 width=8) (actual time=788.193..788.193 rows=91 loops=1)
        Buckets: 1024  Batches: 1  Memory Usage: 12kB
        ->  Nested Loop  (cost=0.43..58358.27 rows=51 width=8) (actual time=247.619..788.143 rows=91 loops=1)
              ->  Seq Scan on movie_companies mc  (cost=0.00..57926.93 rows=51 width=4) (actual time=247.515..785.832 rows=91 loops=1)
                    Filter: ((company_type_id < 2) AND (company_id = 940))
                    Rows Removed by Filter: 2609038
              ->  Index Only Scan using title_pkey on title t  (cost=0.43..8.45 rows=1 width=4) (actual time=0.024..0.024 rows=1 loops=91)
                    Index Cond: (id = mc.movie_id)
                    Heap Fetches: 91
Planning time: 1.082 ms
Execution time: 14299.964 ms
