Nested Loop  (cost=0.43..83071.67 rows=246 width=0) (actual time=0.204..773.370 rows=539 loops=1)
  ->  Seq Scan on movie_keyword mk  (cost=0.00..81003.12 rows=246 width=4) (actual time=0.141..761.035 rows=539 loops=1)
        Filter: (keyword_id = 2258)
        Rows Removed by Filter: 4523391
  ->  Index Only Scan using title_pkey on title t  (cost=0.43..8.40 rows=1 width=4) (actual time=0.021..0.022 rows=1 loops=539)
        Index Cond: (id = mk.movie_id)
        Heap Fetches: 539
Planning time: 0.709 ms
Execution time: 773.650 ms
