Hash Join  (cost=188427.80..227569.16 rows=160346 width=0) (actual time=3037.200..3955.114 rows=134179 loops=1)
  Hash Cond: (mi_idx.movie_id = t.id)
  ->  Seq Scan on movie_info_idx mi_idx  (cost=0.00..25185.44 rows=919057 width=4) (actual time=0.023..470.258 rows=920110 loops=1)
        Filter: (info_type_id > 99)
        Rows Removed by Filter: 459925
  ->  Hash  (cost=181189.45..181189.45 rows=441148 width=8) (actual time=3036.462..3036.462 rows=124867 loops=1)
        Buckets: 131072  Batches: 8  Memory Usage: 1645kB
        ->  Hash Join  (cost=102767.86..181189.45 rows=441148 width=8) (actual time=1794.555..2991.076 rows=124867 loops=1)
              Hash Cond: (mc.movie_id = t.id)
              ->  Seq Scan on movie_companies mc  (cost=0.00..57926.93 rows=441148 width=4) (actual time=86.175..705.279 rows=124867 loops=1)
                    Filter: ((company_id > 20926) AND (company_type_id < 2))
                    Rows Removed by Filter: 2484262
              ->  Hash  (cost=61283.27..61283.27 rows=2528527 width=4) (actual time=1706.830..1706.830 rows=2528312 loops=1)
                    Buckets: 131072  Batches: 64  Memory Usage: 2415kB
                    ->  Seq Scan on title t  (cost=0.00..61283.27 rows=2528527 width=4) (actual time=0.028..855.168 rows=2528312 loops=1)
Planning time: 0.855 ms
Execution time: 3973.331 ms
