Hash Join  (cost=97066.09..178054.95 rows=572223 width=0) (actual time=1705.131..3276.269 rows=400457 loops=1)
  Hash Cond: (mc.movie_id = t.id)
  ->  Seq Scan on movie_companies mc  (cost=0.00..57926.93 rows=805739 width=4) (actual time=0.022..898.301 rows=502568 loops=1)
        Filter: ((company_id < 15330) AND (company_type_id = 2))
        Rows Removed by Filter: 2106561
  ->  Hash  (cost=67604.59..67604.59 rows=1795720 width=4) (actual time=1703.659..1703.659 rows=1794153 loops=1)
        Buckets: 131072  Batches: 32  Memory Usage: 2992kB
        ->  Seq Scan on title t  (cost=0.00..67604.59 rows=1795720 width=4) (actual time=0.012..1109.954 rows=1794153 loops=1)
              Filter: (production_year < 2009)
              Rows Removed by Filter: 734159
Planning time: 0.731 ms
Execution time: 3325.503 ms
