Seq Scan on movie_companies mc  (cost=0.00..51404.11 rows=1245169 width=0) (actual time=0.017..877.731 rows=1232789 loops=1)
  Filter: (company_id < 11142)
  Rows Removed by Filter: 1376340
Planning time: 0.312 ms
Execution time: 1034.816 ms
