Hash Join  (cost=165443.50..543149.08 rows=31800 width=0) (actual time=3581.834..9095.067 rows=1962780 loops=1)
  Hash Cond: (mi.movie_id = t.id)
  ->  Seq Scan on movie_info mi  (cost=0.00..346232.03 rows=6231111 width=4) (actual time=1021.349..4869.308 rows=6223494 loops=1)
        Filter: (info_type_id > 8)
        Rows Removed by Filter: 8612226
  ->  Hash  (cost=165282.20..165282.20 rows=12904 width=8) (actual time=2560.142..2560.142 rows=51867 loops=1)
        Buckets: 65536 (originally 16384)  Batches: 1 (originally 1)  Memory Usage: 2539kB
        ->  Hash Join  (cost=67697.55..165282.20 rows=12904 width=8) (actual time=805.159..2544.941 rows=51867 loops=1)
              Hash Cond: (mk.movie_id = t.id)
              ->  Seq Scan on movie_keyword mk  (cost=0.00..81003.12 rows=4387330 width=4) (actual time=0.038..1136.026 rows=4390585 loops=1)
                    Filter: (keyword_id < 75864)
                    Rows Removed by Filter: 133345
              ->  Hash  (cost=67604.59..67604.59 rows=7437 width=4) (actual time=805.008..805.008 rows=21312 loops=1)
                    Buckets: 32768 (originally 8192)  Batches: 1 (originally 1)  Memory Usage: 1006kB
                    ->  Seq Scan on title t  (cost=0.00..67604.59 rows=7437 width=4) (actual time=0.090..795.381 rows=21312 loops=1)
                          Filter: (production_year = 1989)
                          Rows Removed by Filter: 2507000
Planning time: 1.278 ms
Execution time: 9350.919 ms
