Hash Join  (cost=76243.83..202075.63 rows=204087 width=0) (actual time=1123.472..3352.105 rows=34625 loops=1)
  Hash Cond: (mk.movie_id = t.id)
  ->  Seq Scan on movie_keyword mk  (cost=0.00..81003.12 rows=3652749 width=4) (actual time=0.012..1444.107 rows=3647864 loops=1)
        Filter: (keyword_id > 830)
        Rows Removed by Filter: 876066
  ->  Hash  (cost=73925.90..73925.90 rows=141274 width=4) (actual time=920.729..920.729 rows=150659 loops=1)
        Buckets: 131072  Batches: 2  Memory Usage: 3679kB
        ->  Seq Scan on title t  (cost=0.00..73925.90 rows=141274 width=4) (actual time=0.020..863.048 rows=150659 loops=1)
              Filter: ((production_year > 2011) AND (kind_id = 7))
              Rows Removed by Filter: 2377653
Planning time: 0.479 ms
Execution time: 3355.472 ms
