Seq Scan on cast_info ci  (cost=0.00..705507.15 rows=20408288 width=0) (actual time=0.190..10681.931 rows=20315175 loops=1)
  Filter: (person_id < 2041548)
  Rows Removed by Filter: 15929169
Planning time: 0.224 ms
Execution time: 13252.823 ms
