Hash Join  (cost=182927.99..1189713.55 rows=2837008 width=0) (actual time=3433.501..27134.148 rows=2818209 loops=1)
  Hash Cond: (ci.movie_id = t.id)
  ->  Seq Scan on cast_info ci  (cost=0.00..705507.15 rows=23499554 width=4) (actual time=0.020..13240.665 rows=23573656 loops=1)
        Filter: (role_id > 1)
        Rows Removed by Filter: 12670688
  ->  Hash  (cost=177919.25..177919.25 rows=305259 width=8) (actual time=3432.804..3432.804 rows=165339 loops=1)
        Buckets: 131072  Batches: 4  Memory Usage: 2644kB
        ->  Hash Join  (cost=102767.86..177919.25 rows=305259 width=8) (actual time=2163.779..3381.826 rows=165339 loops=1)
              Hash Cond: (mc.movie_id = t.id)
              ->  Seq Scan on movie_companies mc  (cost=0.00..57926.93 rows=305259 width=4) (actual time=108.411..802.167 rows=165339 loops=1)
                    Filter: ((company_id < 687) AND (company_type_id > 1))
                    Rows Removed by Filter: 2443790
              ->  Hash  (cost=61283.27..61283.27 rows=2528527 width=4) (actual time=2054.070..2054.070 rows=2528312 loops=1)
                    Buckets: 131072  Batches: 64  Memory Usage: 2415kB
                    ->  Seq Scan on title t  (cost=0.00..61283.27 rows=2528527 width=4) (actual time=0.028..925.625 rows=2528312 loops=1)
Planning time: 0.841 ms
Execution time: 27455.519 ms
