Hash Join  (cost=102767.86..286657.77 rows=3865279 width=0) (actual time=1915.788..6615.297 rows=3857665 loops=1)
  Hash Cond: (mk.movie_id = t.id)
  ->  Seq Scan on movie_keyword mk  (cost=0.00..81003.12 rows=3865279 width=4) (actual time=0.031..1594.735 rows=3857665 loops=1)
        Filter: (keyword_id < 28156)
        Rows Removed by Filter: 666265
  ->  Hash  (cost=61283.27..61283.27 rows=2528527 width=4) (actual time=1914.405..1914.405 rows=2528312 loops=1)
        Buckets: 131072  Batches: 64  Memory Usage: 2425kB
        ->  Seq Scan on title t  (cost=0.00..61283.27 rows=2528527 width=4) (actual time=0.020..699.418 rows=2528312 loops=1)
Planning time: 0.676 ms
Execution time: 7041.250 ms
