Hash Join  (cost=160846.75..688777.32 rows=4510162 width=0) (actual time=3154.423..15011.067 rows=3632421 loops=1)
  Hash Cond: (mi.movie_id = t.id)
  ->  Seq Scan on movie_info mi  (cost=0.00..309384.22 rows=14739122 width=4) (actual time=0.029..4520.114 rows=14835720 loops=1)
  ->  Hash  (cost=148152.15..148152.15 rows=773728 width=8) (actual time=3152.157..3152.157 rows=425568 loops=1)
        Buckets: 131072  Batches: 16  Memory Usage: 2068kB
        ->  Hash Join  (cost=97184.39..148152.15 rows=773728 width=8) (actual time=1985.340..3014.523 rows=425568 loops=1)
              Hash Cond: (mi_idx.movie_id = t.id)
              ->  Seq Scan on movie_info_idx mi_idx  (cost=0.00..21735.35 rows=1380035 width=4) (actual time=0.025..326.615 rows=1380035 loops=1)
              ->  Hash  (cost=73925.90..73925.90 rows=1417639 width=4) (actual time=1679.795..1679.795 rows=1478418 loops=1)
                    Buckets: 131072  Batches: 32  Memory Usage: 2651kB
                    ->  Seq Scan on title t  (cost=0.00..73925.90 rows=1417639 width=4) (actual time=0.016..1194.038 rows=1478418 loops=1)
                          Filter: ((production_year > 1937) AND (kind_id = 7))
                          Rows Removed by Filter: 1049894
Planning time: 1.122 ms
Execution time: 15427.493 ms
