Hash Join  (cost=115908.47..240702.76 rows=229125 width=0) (actual time=2504.186..4779.250 rows=1429985 loops=1)
  Hash Cond: (mk.movie_id = t.id)
  ->  Seq Scan on movie_keyword mk  (cost=0.00..69693.30 rows=4523930 width=4) (actual time=0.026..860.603 rows=4523930 loops=1)
  ->  Hash  (cost=113806.68..113806.68 rows=128063 width=8) (actual time=2503.424..2503.424 rows=156379 loops=1)
        Buckets: 131072  Batches: 2  Memory Usage: 4092kB
        ->  Hash Join  (cost=79303.65..113806.68 rows=128063 width=8) (actual time=1042.441..2457.275 rows=156379 loops=1)
              Hash Cond: (mi_idx.movie_id = t.id)
              ->  Seq Scan on movie_info_idx mi_idx  (cost=0.00..25185.44 rows=454124 width=4) (actual time=0.023..393.143 rows=459925 loops=1)
                    Filter: (info_type_id = 100)
                    Rows Removed by Filter: 920110
              ->  Hash  (cost=67604.59..67604.59 rows=713045 width=4) (actual time=1041.516..1041.516 rows=707186 loops=1)
                    Buckets: 131072  Batches: 16  Memory Usage: 2578kB
                    ->  Seq Scan on title t  (cost=0.00..67604.59 rows=713045 width=4) (actual time=0.006..828.733 rows=707186 loops=1)
                          Filter: (production_year < 1991)
                          Rows Removed by Filter: 1821126
Planning time: 1.076 ms
Execution time: 4922.709 ms
