Hash Join  (cost=263115.61..1693839.41 rows=30261629 width=0) (actual time=6719.763..59037.027 rows=64911545 loops=1)
  Hash Cond: (ci.movie_id = t.id)
  ->  Seq Scan on cast_info ci  (cost=0.00..705507.15 rows=29326778 width=4) (actual time=0.016..13428.797 rows=29414002 loops=1)
        Filter: (person_id > 660368)
        Rows Removed by Filter: 6830342
  ->  Hash  (cost=220309.49..220309.49 rows=2609129 width=8) (actual time=6718.981..6718.981 rows=2609129 loops=1)
        Buckets: 131072  Batches: 64  Memory Usage: 2610kB
        ->  Hash Join  (cost=102767.86..220309.49 rows=2609129 width=8) (actual time=1628.242..5829.402 rows=2609129 loops=1)
              Hash Cond: (mc.movie_id = t.id)
              ->  Seq Scan on movie_companies mc  (cost=0.00..44881.29 rows=2609129 width=4) (actual time=0.017..793.281 rows=2609129 loops=1)
              ->  Hash  (cost=61283.27..61283.27 rows=2528527 width=4) (actual time=1627.302..1627.302 rows=2528312 loops=1)
                    Buckets: 131072  Batches: 64  Memory Usage: 2415kB
                    ->  Seq Scan on title t  (cost=0.00..61283.27 rows=2528527 width=4) (actual time=0.020..776.403 rows=2528312 loops=1)
Planning time: 0.758 ms
Execution time: 66880.432 ms
