Hash Join  (cost=52284.99..894397.16 rows=505 width=0) (actual time=1022.605..13598.215 rows=49 loops=1)
  Hash Cond: (ci.movie_id = t.id)
  ->  Seq Scan on cast_info ci  (cost=0.00..796071.18 rows=12276251 width=4) (actual time=0.023..12009.646 rows=7340303 loops=1)
        Filter: ((person_id < 2813162) AND (role_id > 2))
        Rows Removed by Filter: 28904041
  ->  Hash  (cost=52283.69..52283.69 rows=104 width=8) (actual time=695.962..695.962 rows=7 loops=1)
        Buckets: 1024  Batches: 1  Memory Usage: 9kB
        ->  Nested Loop  (cost=0.43..52283.69 rows=104 width=8) (actual time=232.330..695.951 rows=7 loops=1)
              ->  Seq Scan on movie_companies mc  (cost=0.00..51404.11 rows=104 width=4) (actual time=232.251..695.652 rows=7 loops=1)
                    Filter: (company_id = 77405)
                    Rows Removed by Filter: 2609122
              ->  Index Only Scan using title_pkey on title t  (cost=0.43..8.45 rows=1 width=4) (actual time=0.036..0.037 rows=1 loops=7)
                    Index Cond: (id = mc.movie_id)
                    Heap Fetches: 7
Planning time: 1.143 ms
Execution time: 13598.348 ms
