Seq Scan on cast_info ci  (cost=0.00..705507.15 rows=8622056 width=0) (actual time=4602.947..11356.461 rows=8620558 loops=1)
  Filter: (person_id > 2826469)
  Rows Removed by Filter: 27623786
Planning time: 0.313 ms
Execution time: 12428.792 ms
