Hash Join  (cost=83074.16..109985.46 rows=82 width=0) (actual time=1134.269..1525.580 rows=204 loops=1)
  Hash Cond: (mi_idx.movie_id = t.id)
  ->  Seq Scan on movie_info_idx mi_idx  (cost=0.00..21735.35 rows=1380035 width=4) (actual time=0.024..182.972 rows=1380035 loops=1)
  ->  Hash  (cost=83072.29..83072.29 rows=150 width=8) (actual time=1127.887..1127.887 rows=114 loops=1)
        Buckets: 1024  Batches: 1  Memory Usage: 13kB
        ->  Nested Loop  (cost=0.43..83072.29 rows=150 width=8) (actual time=97.710..1127.777 rows=114 loops=1)
              ->  Seq Scan on movie_keyword mk  (cost=0.00..81003.12 rows=246 width=4) (actual time=0.280..1096.445 rows=757 loops=1)
                    Filter: (keyword_id = 4350)
                    Rows Removed by Filter: 4523173
              ->  Index Scan using title_pkey on title t  (cost=0.43..8.40 rows=1 width=4) (actual time=0.040..0.040 rows=0 loops=757)
                    Index Cond: (id = mk.movie_id)
                    Filter: (kind_id = 7)
                    Rows Removed by Filter: 1
Planning time: 1.163 ms
Execution time: 1525.724 ms
