Hash Join  (cost=94699.36..180749.21 rows=2151 width=0) (actual time=1387.764..2776.621 rows=36215 loops=1)
  Hash Cond: (mk.movie_id = t.id)
  ->  Seq Scan on movie_keyword mk  (cost=0.00..81003.12 rows=1340058 width=4) (actual time=0.015..1153.082 rows=1356795 loops=1)
        Filter: (keyword_id < 1768)
        Rows Removed by Filter: 3167135
  ->  Hash  (cost=94648.62..94648.62 rows=4059 width=8) (actual time=1386.921..1386.921 rows=14660 loops=1)
        Buckets: 16384 (originally 4096)  Batches: 1 (originally 1)  Memory Usage: 701kB
        ->  Hash Join  (cost=67697.55..94648.62 rows=4059 width=8) (actual time=809.409..1381.555 rows=14660 loops=1)
              Hash Cond: (mi_idx.movie_id = t.id)
              ->  Seq Scan on movie_info_idx mi_idx  (cost=0.00..21735.35 rows=1380035 width=4) (actual time=0.018..264.517 rows=1380035 loops=1)
              ->  Hash  (cost=67604.59..67604.59 rows=7437 width=4) (actual time=809.330..809.330 rows=18391 loops=1)
                    Buckets: 32768 (originally 8192)  Batches: 1 (originally 1)  Memory Usage: 903kB
                    ->  Seq Scan on title t  (cost=0.00..67604.59 rows=7437 width=4) (actual time=0.091..800.423 rows=18391 loops=1)
                          Filter: (production_year = 1985)
                          Rows Removed by Filter: 2509921
Planning time: 1.510 ms
Execution time: 2781.775 ms
