Hash Join  (cost=28266.73..808985.24 rows=9 width=0) (actual time=344.603..13552.423 rows=80 loops=1)
  Hash Cond: (ci.movie_id = t.id)
  ->  Seq Scan on cast_info ci  (cost=0.00..705507.15 rows=20056342 width=4) (actual time=0.019..9943.002 rows=20191069 loops=1)
        Filter: (person_id > 1589230)
        Rows Removed by Filter: 16053275
  ->  Hash  (cost=28266.72..28266.72 rows=1 width=8) (actual time=330.868..330.868 rows=4 loops=1)
        Buckets: 1024  Batches: 1  Memory Usage: 9kB
        ->  Nested Loop  (cost=0.43..28266.72 rows=1 width=8) (actual time=159.834..330.858 rows=4 loops=1)
              ->  Seq Scan on movie_info_idx mi_idx  (cost=0.00..25185.44 rows=368 width=4) (actual time=158.130..325.456 rows=260 loops=1)
                    Filter: (info_type_id > 101)
                    Rows Removed by Filter: 1379775
              ->  Index Scan using title_pkey on title t  (cost=0.43..8.36 rows=1 width=4) (actual time=0.020..0.020 rows=0 loops=260)
                    Index Cond: (id = mi_idx.movie_id)
                    Filter: (production_year = 1976)
                    Rows Removed by Filter: 1
Planning time: 1.395 ms
Execution time: 13552.685 ms
