Hash Join  (cost=111639.97..950764.99 rows=717047 width=0) (actual time=1908.454..24019.243 rows=1926772 loops=1)
  Hash Cond: (ci.movie_id = t.id)
  ->  Seq Scan on cast_info ci  (cost=0.00..705507.15 rows=33719293 width=4) (actual time=0.014..11380.586 rows=33789676 loops=1)
        Filter: (person_id > 237984)
        Rows Removed by Filter: 2454668
  ->  Hash  (cost=110967.85..110967.85 rows=53770 width=8) (actual time=1908.073..1908.073 rows=65242 loops=1)
        Buckets: 65536  Batches: 1  Memory Usage: 3061kB
        ->  Hash Join  (cost=78724.21..110967.85 rows=53770 width=8) (actual time=1195.453..1883.562 rows=65242 loops=1)
              Hash Cond: (mi_idx.movie_id = t.id)
              ->  Seq Scan on movie_info_idx mi_idx  (cost=0.00..25185.44 rows=464934 width=4) (actual time=0.023..422.454 rows=460185 loops=1)
                    Filter: (info_type_id > 100)
                    Rows Removed by Filter: 919850
              ->  Hash  (cost=73925.90..73925.90 rows=292424 width=4) (actual time=1194.662..1194.662 rows=231739 loops=1)
                    Buckets: 131072  Batches: 4  Memory Usage: 3067kB
                    ->  Seq Scan on title t  (cost=0.00..73925.90 rows=292424 width=4) (actual time=399.365..851.493 rows=231739 loops=1)
                          Filter: ((production_year > 2004) AND (kind_id = 1))
                          Rows Removed by Filter: 2296573
Planning time: 1.151 ms
Execution time: 24275.847 ms
