Hash Join  (cost=109943.74..1106269.89 rows=770118 width=0) (actual time=1874.070..23739.937 rows=1556140 loops=1)
  Hash Cond: (ci.movie_id = t.id)
  ->  Seq Scan on cast_info ci  (cost=0.00..705507.15 rows=24458879 width=4) (actual time=0.016..12687.506 rows=24408456 loops=1)
        Filter: (person_id < 2506591)
        Rows Removed by Filter: 11835888
  ->  Hash  (cost=108637.57..108637.57 rows=79614 width=8) (actual time=1872.976..1872.976 rows=79808 loops=1)
        Buckets: 131072  Batches: 2  Memory Usage: 2579kB
        ->  Hash Join  (cost=71214.36..108637.57 rows=79614 width=8) (actual time=959.241..1846.670 rows=79808 loops=1)
              Hash Cond: (mi_idx.movie_id = t.id)
              ->  Seq Scan on movie_info_idx mi_idx  (cost=0.00..25185.44 rows=915101 width=4) (actual time=0.022..461.145 rows=919850 loops=1)
                    Filter: (info_type_id < 101)
                    Rows Removed by Filter: 460185
              ->  Hash  (cost=67604.59..67604.59 rows=219982 width=4) (actual time=958.253..958.253 rows=221115 loops=1)
                    Buckets: 131072  Batches: 4  Memory Usage: 2967kB
                    ->  Seq Scan on title t  (cost=0.00..67604.59 rows=219982 width=4) (actual time=0.023..884.634 rows=221115 loops=1)
                          Filter: (production_year < 1958)
                          Rows Removed by Filter: 2307197
Planning time: 1.169 ms
Execution time: 23945.127 ms
