Seq Scan on movie_keyword mk  (cost=0.00..81003.12 rows=3455395 width=0) (actual time=0.021..1637.495 rows=3443170 loops=1)
  Filter: (keyword_id < 16388)
  Rows Removed by Filter: 1080760
Planning time: 0.349 ms
Execution time: 2066.307 ms
