Hash Join  (cost=102767.86..1606026.76 rows=32742754 width=0) (actual time=1692.555..44277.456 rows=32764273 loops=1)
  Hash Cond: (ci.movie_id = t.id)
  ->  Seq Scan on cast_info ci  (cost=0.00..705507.15 rows=32742754 width=4) (actual time=0.016..13840.969 rows=32764273 loops=1)
        Filter: (person_id < 3426970)
        Rows Removed by Filter: 3480071
  ->  Hash  (cost=61283.27..61283.27 rows=2528527 width=4) (actual time=1691.603..1691.603 rows=2528312 loops=1)
        Buckets: 131072  Batches: 64  Memory Usage: 2415kB
        ->  Seq Scan on title t  (cost=0.00..61283.27 rows=2528527 width=4) (actual time=0.015..850.260 rows=2528312 loops=1)
Planning time: 0.740 ms
Execution time: 47937.001 ms
