Seq Scan on cast_info ci  (cost=0.00..705507.15 rows=24045417 width=0) (actual time=0.027..10505.897 rows=24165011 loops=1)
  Filter: (person_id > 1189760)
  Rows Removed by Filter: 12079333
Planning time: 0.313 ms
Execution time: 13481.917 ms
