Hash Join  (cost=102767.86..970365.67 rows=6325702 width=0) (actual time=2952.450..16774.212 rows=6229368 loops=1)
  Hash Cond: (ci.movie_id = t.id)
  ->  Seq Scan on cast_info ci  (cost=0.00..705507.15 rows=6325702 width=4) (actual time=1327.226..9729.101 rows=6229368 loops=1)
        Filter: (person_id < 600022)
        Rows Removed by Filter: 30014976
  ->  Hash  (cost=61283.27..61283.27 rows=2528527 width=4) (actual time=1599.765..1599.765 rows=2528312 loops=1)
        Buckets: 131072  Batches: 64  Memory Usage: 2415kB
        ->  Seq Scan on title t  (cost=0.00..61283.27 rows=2528527 width=4) (actual time=0.023..766.825 rows=2528312 loops=1)
Planning time: 0.708 ms
Execution time: 17477.518 ms
