Hash Join  (cost=74751.98..421055.96 rows=469 width=0) (actual time=3899.505..5180.551 rows=1953 loops=1)
  Hash Cond: (mi.movie_id = t.id)
  ->  Seq Scan on movie_info mi  (cost=0.00..346232.03 rows=17937 width=4) (actual time=2892.185..4093.129 rows=147487 loops=1)
        Filter: (info_type_id = 107)
        Rows Removed by Filter: 14688233
  ->  Hash  (cost=73925.90..73925.90 rows=66086 width=4) (actual time=985.739..985.739 rows=192279 loops=1)
        Buckets: 131072 (originally 131072)  Batches: 4 (originally 1)  Memory Usage: 3073kB
        ->  Seq Scan on title t  (cost=0.00..73925.90 rows=66086 width=4) (actual time=0.040..898.813 rows=192279 loops=1)
              Filter: ((kind_id < 2) AND (production_year < 1961))
              Rows Removed by Filter: 2336033
Planning time: 0.729 ms
Execution time: 5180.950 ms
