Hash Join  (cost=101398.18..857863.98 rows=32730 width=0) (actual time=1427.679..13721.878 rows=98352 loops=1)
  Hash Cond: (ci.movie_id = t.id)
  ->  Seq Scan on cast_info ci  (cost=0.00..705507.15 rows=13501703 width=4) (actual time=0.013..9523.772 rows=13458918 loops=1)
        Filter: (person_id < 1327142)
        Rows Removed by Filter: 22785426
  ->  Hash  (cost=101321.56..101321.56 rows=6129 width=8) (actual time=1426.668..1426.668 rows=8628 loops=1)
        Buckets: 16384 (originally 8192)  Batches: 1 (originally 1)  Memory Usage: 466kB
        ->  Hash Join  (cost=74346.17..101321.56 rows=6129 width=8) (actual time=1010.696..1422.942 rows=8628 loops=1)
              Hash Cond: (mi_idx.movie_id = t.id)
              ->  Seq Scan on movie_info_idx mi_idx  (cost=0.00..25185.44 rows=460978 width=4) (actual time=0.024..380.761 rows=459925 loops=1)
                    Filter: (info_type_id < 100)
                    Rows Removed by Filter: 920110
              ->  Hash  (cost=73925.90..73925.90 rows=33621 width=4) (actual time=922.279..922.279 rows=28104 loops=1)
                    Buckets: 65536  Batches: 1  Memory Usage: 1501kB
                    ->  Seq Scan on title t  (cost=0.00..73925.90 rows=33621 width=4) (actual time=382.619..911.366 rows=28104 loops=1)
                          Filter: ((kind_id = 1) AND (production_year = 2009))
                          Rows Removed by Filter: 2500208
Planning time: 1.274 ms
Execution time: 13740.451 ms
