Hash Join  (cost=300220.87..1335448.61 rows=13989973 width=0) (actual time=10041.498..25375.006 rows=7663764 loops=1)
  Hash Cond: (ci.movie_id = t.id)
  ->  Seq Scan on cast_info ci  (cost=0.00..705507.15 rows=12726058 width=4) (actual time=4664.484..12063.775 rows=12670688 loops=1)
        Filter: (role_id = 1)
        Rows Removed by Filter: 23573656
  ->  Hash  (cost=254616.21..254616.21 rows=2779653 width=8) (actual time=5374.249..5374.249 rows=730679 loops=1)
        Buckets: 131072  Batches: 64  Memory Usage: 1439kB
        ->  Hash Join  (cost=93093.72..254616.21 rows=2779653 width=8) (actual time=1512.837..5150.288 rows=730679 loops=1)
              Hash Cond: (mk.movie_id = t.id)
              ->  Seq Scan on movie_keyword mk  (cost=0.00..69693.30 rows=4523930 width=4) (actual time=0.028..1208.728 rows=4523930 loops=1)
              ->  Hash  (cost=67604.59..67604.59 rows=1553611 width=4) (actual time=1511.448..1511.448 rows=1555864 loops=1)
                    Buckets: 131072  Batches: 32  Memory Usage: 2740kB
                    ->  Seq Scan on title t  (cost=0.00..67604.59 rows=1553611 width=4) (actual time=0.018..1004.447 rows=1555864 loops=1)
                          Filter: (kind_id > 4)
                          Rows Removed by Filter: 972448
Planning time: 1.106 ms
Execution time: 26215.351 ms
