Hash Join  (cost=70716.09..933655.53 rows=954457 width=0) (actual time=912.045..20025.092 rows=834452 loops=1)
  Hash Cond: (ci.movie_id = t.id)
  ->  Seq Scan on cast_info ci  (cost=0.00..705507.15 rows=12726058 width=4) (actual time=0.015..11612.968 rows=12670688 loops=1)
        Filter: (role_id = 1)
        Rows Removed by Filter: 23573656
  ->  Hash  (cost=67604.59..67604.59 rows=189640 width=4) (actual time=911.292..911.292 rows=187790 loops=1)
        Buckets: 131072  Batches: 4  Memory Usage: 2673kB
        ->  Seq Scan on title t  (cost=0.00..67604.59 rows=189640 width=4) (actual time=0.010..843.192 rows=187790 loops=1)
              Filter: (production_year < 1954)
              Rows Removed by Filter: 2340522
Planning time: 0.750 ms
Execution time: 20134.091 ms
