Hash Join  (cost=201589.07..241119.07 rows=107052 width=0) (actual time=3447.346..4537.470 rows=441806 loops=1)
  Hash Cond: (mi_idx.movie_id = t.id)
  ->  Seq Scan on movie_info_idx mi_idx  (cost=0.00..21735.35 rows=1380035 width=4) (actual time=0.028..388.211 rows=1380035 loops=1)
  ->  Hash  (cost=198370.29..198370.29 rows=196142 width=8) (actual time=3446.506..3446.506 rows=212018 loops=1)
        Buckets: 131072  Batches: 4  Memory Usage: 3111kB
        ->  Hash Join  (cost=102767.86..198370.29 rows=196142 width=8) (actual time=1692.130..3376.479 rows=212018 loops=1)
              Hash Cond: (mk.movie_id = t.id)
              ->  Seq Scan on movie_keyword mk  (cost=0.00..81003.12 rows=196142 width=4) (actual time=0.019..1070.385 rows=212018 loops=1)
                    Filter: (keyword_id < 141)
                    Rows Removed by Filter: 4311912
              ->  Hash  (cost=61283.27..61283.27 rows=2528527 width=4) (actual time=1689.963..1689.963 rows=2528312 loops=1)
                    Buckets: 131072  Batches: 64  Memory Usage: 2425kB
                    ->  Seq Scan on title t  (cost=0.00..61283.27 rows=2528527 width=4) (actual time=0.016..828.145 rows=2528312 loops=1)
Planning time: 1.143 ms
Execution time: 4595.184 ms
