Seq Scan on cast_info ci  (cost=0.00..796071.18 rows=17467696 width=0) (actual time=695.478..13201.244 rows=19586893 loops=1)
  Filter: ((person_id < 2083826) AND (role_id < 9))
  Rows Removed by Filter: 16657451
Planning time: 0.339 ms
Execution time: 15647.803 ms
