Seq Scan on movie_keyword mk  (cost=0.00..81003.12 rows=117031 width=0) (actual time=187.473..1118.173 rows=115349 loops=1)
  Filter: (keyword_id > 79015)
  Rows Removed by Filter: 4408581
Planning time: 0.264 ms
Execution time: 1134.246 ms
