Hash Join  (cost=416254.59..502926.32 rows=1369 width=0) (actual time=4846.367..6478.583 rows=149833 loops=1)
  Hash Cond: (mk.movie_id = t.id)
  ->  Seq Scan on movie_keyword mk  (cost=0.00..69693.30 rows=4523930 width=4) (actual time=0.011..785.592 rows=4523930 loops=1)
  ->  Hash  (cost=416245.03..416245.03 rows=765 width=8) (actual time=4840.496..4840.496 rows=1759 loops=1)
        Buckets: 2048 (originally 1024)  Batches: 1 (originally 1)  Memory Usage: 85kB
        ->  Hash Join  (cost=69374.09..416245.03 rows=765 width=8) (actual time=4706.810..4839.771 rows=1759 loops=1)
              Hash Cond: (mi.movie_id = t.id)
              ->  Seq Scan on movie_info mi  (cost=0.00..346232.03 rows=17937 width=4) (actual time=3849.755..3930.892 rows=68025 loops=1)
                    Filter: (info_type_id = 94)
                    Rows Removed by Filter: 14767695
              ->  Hash  (cost=67604.59..67604.59 rows=107800 width=4) (actual time=856.310..856.310 rows=108429 loops=1)
                    Buckets: 131072  Batches: 2  Memory Usage: 2938kB
                    ->  Seq Scan on title t  (cost=0.00..67604.59 rows=107800 width=4) (actual time=0.031..813.651 rows=108429 loops=1)
                          Filter: (production_year = 2006)
                          Rows Removed by Filter: 2419883
Planning time: 1.164 ms
Execution time: 6498.680 ms
