Hash Join  (cost=108113.76..203868.24 rows=87640 width=0) (actual time=1788.094..3784.978 rows=103322 loops=1)
  Hash Cond: (mk.movie_id = t.id)
  ->  Seq Scan on movie_keyword mk  (cost=0.00..81003.12 rows=3699989 width=4) (actual time=0.026..1365.836 rows=3691038 loops=1)
        Filter: (keyword_id < 22108)
        Rows Removed by Filter: 832892
  ->  Hash  (cost=107365.11..107365.11 rows=59892 width=8) (actual time=1787.096..1787.096 rows=36442 loops=1)
        Buckets: 65536  Batches: 1  Memory Usage: 1936kB
        ->  Hash Join  (cost=70308.29..107365.11 rows=59892 width=8) (actual time=929.748..1774.831 rows=36442 loops=1)
              Hash Cond: (mi_idx.movie_id = t.id)
              ->  Seq Scan on movie_info_idx mi_idx  (cost=0.00..25185.44 rows=919057 width=4) (actual time=0.023..463.088 rows=920110 loops=1)
                    Filter: (info_type_id > 99)
                    Rows Removed by Filter: 459925
              ->  Hash  (cost=67604.59..67604.59 rows=164776 width=4) (actual time=928.806..928.806 rows=164307 loops=1)
                    Buckets: 131072  Batches: 4  Memory Usage: 2482kB
                    ->  Seq Scan on title t  (cost=0.00..67604.59 rows=164776 width=4) (actual time=0.015..871.650 rows=164307 loops=1)
                          Filter: (production_year = 2012)
                          Rows Removed by Filter: 2364005
Planning time: 1.240 ms
Execution time: 3799.533 ms
