Seq Scan on cast_info ci  (cost=0.00..705507.15 rows=17137184 width=0) (actual time=2224.588..10457.086 rows=17266364 loops=1)
  Filter: (person_id > 1893703)
  Rows Removed by Filter: 18977980
Planning time: 0.374 ms
Execution time: 12656.146 ms
