Hash Join  (cost=132820.18..268324.52 rows=424286 width=0) (actual time=2395.539..6219.958 rows=1327413 loops=1)
  Hash Cond: (mk.movie_id = t.id)
  ->  Seq Scan on movie_keyword mk  (cost=0.00..81003.12 rows=4261429 width=4) (actual time=0.019..1344.591 rows=4243816 loops=1)
        Filter: (keyword_id > 231)
        Rows Removed by Filter: 280114
  ->  Hash  (cost=128689.29..128689.29 rows=251751 width=8) (actual time=2394.849..2394.849 rows=221314 loops=1)
        Buckets: 131072  Batches: 4  Memory Usage: 3188kB
        ->  Hash Join  (cost=90260.67..128689.29 rows=251751 width=8) (actual time=1491.429..2343.116 rows=221314 loops=1)
              Hash Cond: (mi_idx.movie_id = t.id)
              ->  Seq Scan on movie_info_idx mi_idx  (cost=0.00..25185.44 rows=460978 width=4) (actual time=0.031..445.692 rows=459925 loops=1)
                    Filter: (info_type_id = 99)
                    Rows Removed by Filter: 920110
              ->  Hash  (cost=67604.59..67604.59 rows=1380887 width=4) (actual time=1490.106..1490.106 rows=1381453 loops=1)
                    Buckets: 131072  Batches: 32  Memory Usage: 2543kB
                    ->  Seq Scan on title t  (cost=0.00..67604.59 rows=1380887 width=4) (actual time=0.022..1058.637 rows=1381453 loops=1)
                          Filter: (production_year > 2000)
                          Rows Removed by Filter: 1146859
Planning time: 1.121 ms
Execution time: 6375.993 ms
