Hash Join  (cost=101120.30..187833.41 rows=5507 width=0) (actual time=1345.679..2948.398 rows=9530 loops=1)
  Hash Cond: (mk.movie_id = t.id)
  ->  Seq Scan on movie_keyword mk  (cost=0.00..69693.30 rows=4523930 width=4) (actual time=0.005..766.130 rows=4523930 loops=1)
  ->  Hash  (cost=101081.83..101081.83 rows=3078 width=8) (actual time=1343.007..1343.007 rows=3041 loops=1)
        Buckets: 4096  Batches: 1  Memory Usage: 151kB
        ->  Hash Join  (cost=74136.94..101081.83 rows=3078 width=8) (actual time=849.078..1341.597 rows=3041 loops=1)
              Hash Cond: (mi_idx.movie_id = t.id)
              ->  Seq Scan on movie_info_idx mi_idx  (cost=0.00..25185.44 rows=460978 width=4) (actual time=0.015..386.492 rows=459925 loops=1)
                    Filter: (info_type_id = 99)
                    Rows Removed by Filter: 920110
              ->  Hash  (cost=73925.90..73925.90 rows=16883 width=4) (actual time=848.793..848.793 rows=14478 loops=1)
                    Buckets: 32768  Batches: 1  Memory Usage: 765kB
                    ->  Seq Scan on title t  (cost=0.00..73925.90 rows=16883 width=4) (actual time=0.014..843.026 rows=14478 loops=1)
                          Filter: ((production_year < 1973) AND (kind_id = 3))
                          Rows Removed by Filter: 2513834
Planning time: 0.797 ms
Execution time: 2949.915 ms
