Hash Join  (cost=87428.23..1181404.48 rows=8462546 width=0) (actual time=1237.860..27804.955 rows=6697023 loops=1)
  Hash Cond: (ci.movie_id = t.id)
  ->  Seq Scan on cast_info ci  (cost=0.00..705507.15 rows=26000170 width=4) (actual time=0.013..12879.223 rows=26194938 loops=1)
        Filter: (person_id > 988314)
        Rows Removed by Filter: 10049406
  ->  Hash  (cost=73925.90..73925.90 rows=822986 width=4) (actual time=1236.719..1236.719 rows=738761 loops=1)
        Buckets: 131072  Batches: 16  Memory Usage: 2648kB
        ->  Seq Scan on title t  (cost=0.00..73925.90 rows=822986 width=4) (actual time=0.016..997.582 rows=738761 loops=1)
              Filter: ((production_year < 2005) AND (kind_id = 7))
              Rows Removed by Filter: 1789551
Planning time: 0.746 ms
Execution time: 28535.465 ms
