Seq Scan on movie_keyword mk  (cost=0.00..81003.12 rows=246 width=0) (actual time=2.524..1050.215 rows=345 loops=1)
  Filter: (keyword_id = 10336)
  Rows Removed by Filter: 4523585
Planning time: 0.337 ms
Execution time: 1050.452 ms
