Seq Scan on movie_keyword mk  (cost=0.00..81003.12 rows=3763917 width=0) (actual time=0.016..1277.983 rows=3763682 loops=1)
  Filter: (keyword_id > 711)
  Rows Removed by Filter: 760248
Planning time: 0.327 ms
Execution time: 1748.385 ms
