Hash Join  (cost=473223.04..1355850.85 rows=1612655 width=0) (actual time=7221.567..24528.694 rows=2644385 loops=1)
  Hash Cond: (ci.movie_id = t.id)
  ->  Seq Scan on cast_info ci  (cost=0.00..796071.18 rows=5855758 width=4) (actual time=0.024..12982.648 rows=8464046 loops=1)
        Filter: ((person_id > 1867057) AND (role_id > 3))
        Rows Removed by Filter: 27780298
  ->  Hash  (cost=461797.70..461797.70 rows=696347 width=8) (actual time=7220.448..7220.448 rows=734421 loops=1)
        Buckets: 131072  Batches: 16  Memory Usage: 2824kB
        ->  Hash Join  (cost=86241.46..461797.70 rows=696347 width=8) (actual time=2530.767..6982.875 rows=734421 loops=1)
              Hash Cond: (mi.movie_id = t.id)
              ->  Seq Scan on movie_info mi  (cost=0.00..346232.03 rows=1550064 width=4) (actual time=1090.513..4323.821 rows=1533909 loops=1)
                    Filter: (info_type_id = 3)
                    Rows Removed by Filter: 13301811
              ->  Hash  (cost=67604.59..67604.59 rows=1135910 width=4) (actual time=1439.229..1439.229 rows=1133355 loops=1)
                    Buckets: 131072  Batches: 16  Memory Usage: 3524kB
                    ->  Seq Scan on title t  (cost=0.00..67604.59 rows=1135910 width=4) (actual time=0.030..1071.418 rows=1133355 loops=1)
                          Filter: (production_year < 2002)
                          Rows Removed by Filter: 1394957
Planning time: 1.312 ms
Execution time: 24758.535 ms
