Hash Join  (cost=102767.86..191904.42 rows=886500 width=0) (actual time=1818.863..3440.935 rows=710804 loops=1)
  Hash Cond: (mc.movie_id = t.id)
  ->  Seq Scan on movie_companies mc  (cost=0.00..57926.93 rows=886500 width=4) (actual time=172.002..907.266 rows=710804 loops=1)
        Filter: ((company_id > 1715) AND (company_type_id = 1))
        Rows Removed by Filter: 1898325
  ->  Hash  (cost=61283.27..61283.27 rows=2528527 width=4) (actual time=1645.470..1645.470 rows=2528312 loops=1)
        Buckets: 131072  Batches: 64  Memory Usage: 2415kB
        ->  Seq Scan on title t  (cost=0.00..61283.27 rows=2528527 width=4) (actual time=0.033..810.412 rows=2528312 loops=1)
Planning time: 0.721 ms
Execution time: 3521.880 ms
