Hash Join  (cost=76243.83..887176.09 rows=483406 width=0) (actual time=1206.367..14855.009 rows=432190 loops=1)
  Hash Cond: (ci.movie_id = t.id)
  ->  Seq Scan on cast_info ci  (cost=0.00..705507.15 rows=8652012 width=4) (actual time=261.180..10441.435 rows=8532182 loops=1)
        Filter: (person_id < 838413)
        Rows Removed by Filter: 27712162
  ->  Hash  (cost=73925.90..73925.90 rows=141274 width=4) (actual time=944.233..944.233 rows=150659 loops=1)
        Buckets: 131072  Batches: 2  Memory Usage: 3673kB
        ->  Seq Scan on title t  (cost=0.00..73925.90 rows=141274 width=4) (actual time=0.029..889.847 rows=150659 loops=1)
              Filter: ((production_year > 2011) AND (kind_id = 7))
              Rows Removed by Filter: 2377653
Planning time: 0.755 ms
Execution time: 14910.831 ms
