Seq Scan on movie_companies mc  (cost=0.00..57926.93 rows=507012 width=0) (actual time=248.791..769.818 rows=209923 loops=1)
  Filter: ((company_id > 15164) AND (company_type_id = 1))
  Rows Removed by Filter: 2399206
Planning time: 0.359 ms
Execution time: 797.933 ms
