Hash Join  (cost=101469.43..452793.92 rows=7380 width=0) (actual time=1758.472..5933.617 rows=30349 loops=1)
  Hash Cond: (mi.movie_id = t.id)
  ->  Seq Scan on movie_info mi  (cost=0.00..346232.03 rows=1338312 width=4) (actual time=383.903..4313.449 rows=1401902 loops=1)
        Filter: (info_type_id = 7)
        Rows Removed by Filter: 13433818
  ->  Hash  (cost=101295.14..101295.14 rows=13943 width=8) (actual time=1374.267..1374.267 rows=24207 loops=1)
        Buckets: 32768 (originally 16384)  Batches: 1 (originally 1)  Memory Usage: 1202kB
        ->  Hash Join  (cost=74245.23..101295.14 rows=13943 width=8) (actual time=836.295..1365.809 rows=24207 loops=1)
              Hash Cond: (mi_idx.movie_id = t.id)
              ->  Seq Scan on movie_info_idx mi_idx  (cost=0.00..21735.35 rows=1380035 width=4) (actual time=0.012..232.341 rows=1380035 loops=1)
              ->  Hash  (cost=73925.90..73925.90 rows=25546 width=4) (actual time=836.061..836.061 rows=16319 loops=1)
                    Buckets: 32768  Batches: 1  Memory Usage: 830kB
                    ->  Seq Scan on title t  (cost=0.00..73925.90 rows=25546 width=4) (actual time=0.079..829.201 rows=16319 loops=1)
                          Filter: ((kind_id < 3) AND (production_year = 2004))
                          Rows Removed by Filter: 2511993
Planning time: 1.121 ms
Execution time: 5938.000 ms
