Hash Join  (cost=102767.86..206015.43 rows=513874 width=0) (actual time=2308.226..4475.713 rows=506028 loops=1)
  Hash Cond: (mk.movie_id = t.id)
  ->  Seq Scan on movie_keyword mk  (cost=0.00..81003.12 rows=513874 width=4) (actual time=76.495..1465.028 rows=506028 loops=1)
        Filter: (keyword_id > 35827)
        Rows Removed by Filter: 4017902
  ->  Hash  (cost=61283.27..61283.27 rows=2528527 width=4) (actual time=2229.930..2229.930 rows=2528312 loops=1)
        Buckets: 131072  Batches: 64  Memory Usage: 2425kB
        ->  Seq Scan on title t  (cost=0.00..61283.27 rows=2528527 width=4) (actual time=0.023..1319.603 rows=2528312 loops=1)
Planning time: 0.760 ms
Execution time: 4532.812 ms
