Hash Join  (cost=102767.86..1049025.78 rows=5830938 width=0) (actual time=1586.936..22142.011 rows=7451973 loops=1)
  Hash Cond: (ci.movie_id = t.id)
  ->  Seq Scan on cast_info ci  (cost=0.00..796071.18 rows=5830938 width=4) (actual time=0.008..13676.813 rows=7451973 loops=1)
        Filter: ((person_id < 2935608) AND (role_id = 2))
        Rows Removed by Filter: 28792371
  ->  Hash  (cost=61283.27..61283.27 rows=2528527 width=4) (actual time=1585.809..1585.809 rows=2528312 loops=1)
        Buckets: 131072  Batches: 64  Memory Usage: 2415kB
        ->  Seq Scan on title t  (cost=0.00..61283.27 rows=2528527 width=4) (actual time=0.011..774.067 rows=2528312 loops=1)
Planning time: 0.735 ms
Execution time: 23045.889 ms
