Seq Scan on movie_companies mc  (cost=0.00..51404.11 rows=104 width=0) (actual time=486.272..661.308 rows=8 loops=1)
  Filter: (company_id = 134639)
  Rows Removed by Filter: 2609121
Planning time: 0.333 ms
Execution time: 661.376 ms
