Hash Join  (cost=94009.45..154890.35 rows=105839 width=0) (actual time=2200.761..2746.885 rows=107972 loops=1)
  Hash Cond: (mc.movie_id = t.id)
  ->  Seq Scan on movie_companies mc  (cost=0.00..51404.11 rows=166280 width=4) (actual time=461.900..769.908 rows=164978 loops=1)
        Filter: (company_id > 125787)
        Rows Removed by Filter: 2444151
  ->  Hash  (cost=67604.59..67604.59 rows=1609429 width=4) (actual time=1737.855..1737.855 rows=1607077 loops=1)
        Buckets: 131072  Batches: 32  Memory Usage: 2791kB
        ->  Seq Scan on title t  (cost=0.00..67604.59 rows=1609429 width=4) (actual time=0.027..1208.247 rows=1607077 loops=1)
              Filter: (production_year > 1995)
              Rows Removed by Filter: 921235
Planning time: 1.018 ms
Execution time: 2754.732 ms
