Hash Join  (cost=105948.29..160951.86 rows=33805 width=0) (actual time=1626.953..2791.508 rows=219900 loops=1)
  Hash Cond: (mc.movie_id = t.id)
  ->  Seq Scan on movie_companies mc  (cost=0.00..44881.29 rows=2609129 width=4) (actual time=0.034..456.637 rows=2609129 loops=1)
  ->  Hash  (cost=105538.78..105538.78 rows=32761 width=8) (actual time=1626.514..1626.514 rows=75372 loops=1)
        Buckets: 131072 (originally 32768)  Batches: 1 (originally 1)  Memory Usage: 3969kB
        ->  Hash Join  (cost=69090.10..105538.78 rows=32761 width=8) (actual time=1005.779..1599.886 rows=75372 loops=1)
              Hash Cond: (mi_idx.movie_id = t.id)
              ->  Seq Scan on movie_info_idx mi_idx  (cost=0.00..25185.44 rows=915101 width=4) (actual time=0.019..446.964 rows=919850 loops=1)
                    Filter: (info_type_id < 101)
                    Rows Removed by Filter: 460185
              ->  Hash  (cost=67604.59..67604.59 rows=90521 width=4) (actual time=800.604..800.604 rows=90852 loops=1)
                    Buckets: 131072  Batches: 2  Memory Usage: 2626kB
                    ->  Seq Scan on title t  (cost=0.00..67604.59 rows=90521 width=4) (actual time=49.111..768.068 rows=90852 loops=1)
                          Filter: (kind_id = 2)
                          Rows Removed by Filter: 2437460
Planning time: 1.132 ms
Execution time: 2827.526 ms
