Hash Join  (cost=797557.00..852223.24 rows=71 width=0) (actual time=9347.786..9891.720 rows=9 loops=1)
  Hash Cond: (mc.movie_id = t.id)
  ->  Seq Scan on movie_companies mc  (cost=0.00..44881.29 rows=2609129 width=4) (actual time=0.021..388.847 rows=2609129 loops=1)
  ->  Hash  (cost=797556.14..797556.14 rows=69 width=8) (actual time=9092.684..9092.684 rows=6 loops=1)
        Buckets: 1024  Batches: 1  Memory Usage: 9kB
        ->  Nested Loop  (cost=0.43..797556.14 rows=69 width=8) (actual time=1194.067..9092.621 rows=6 loops=1)
              ->  Seq Scan on cast_info ci  (cost=0.00..796071.18 rows=176 width=4) (actual time=1193.926..9092.269 rows=7 loops=1)
                    Filter: ((person_id = 471210) AND (role_id = 1))
                    Rows Removed by Filter: 36244337
              ->  Index Scan using title_pkey on title t  (cost=0.43..8.43 rows=1 width=4) (actual time=0.037..0.037 rows=1 loops=7)
                    Index Cond: (id = ci.movie_id)
                    Filter: (kind_id < 7)
                    Rows Removed by Filter: 0
Planning time: 1.199 ms
Execution time: 9891.863 ms
