Hash Join  (cost=83074.16..137108.23 rows=42 width=0) (actual time=1109.884..1653.307 rows=3 loops=1)
  Hash Cond: (mc.movie_id = t.id)
  ->  Seq Scan on movie_companies mc  (cost=0.00..51404.11 rows=701209 width=4) (actual time=0.021..715.432 rows=691450 loops=1)
        Filter: (company_id < 1272)
        Rows Removed by Filter: 1917679
  ->  Hash  (cost=83072.29..83072.29 rows=150 width=8) (actual time=839.654..839.654 rows=1 loops=1)
        Buckets: 1024  Batches: 1  Memory Usage: 9kB
        ->  Nested Loop  (cost=0.43..83072.29 rows=150 width=8) (actual time=580.906..839.646 rows=1 loops=1)
              ->  Seq Scan on movie_keyword mk  (cost=0.00..81003.12 rows=246 width=4) (actual time=20.186..839.069 rows=10 loops=1)
                    Filter: (keyword_id = 63999)
                    Rows Removed by Filter: 4523920
              ->  Index Scan using title_pkey on title t  (cost=0.43..8.40 rows=1 width=4) (actual time=0.051..0.051 rows=0 loops=10)
                    Index Cond: (id = mk.movie_id)
                    Filter: (kind_id = 7)
                    Rows Removed by Filter: 1
Planning time: 1.161 ms
Execution time: 1653.472 ms
