Hash Join  (cost=114141.07..203627.48 rows=36159 width=0) (actual time=2079.079..3216.381 rows=32175 loops=1)
  Hash Cond: (mk.movie_id = t.id)
  ->  Seq Scan on movie_keyword mk  (cost=0.00..81003.12 rows=2165785 width=4) (actual time=0.023..1244.610 rows=2163016 loops=1)
        Filter: (keyword_id > 5307)
        Rows Removed by Filter: 2360914
  ->  Hash  (cost=113613.39..113613.39 rows=42215 width=8) (actual time=1623.694..1623.694 rows=18987 loops=1)
        Buckets: 65536  Batches: 1  Memory Usage: 1254kB
        ->  Hash Join  (cost=75195.76..113613.39 rows=42215 width=8) (actual time=1190.379..1618.000 rows=18987 loops=1)
              Hash Cond: (mi_idx.movie_id = t.id)
              ->  Seq Scan on movie_info_idx mi_idx  (cost=0.00..21735.35 rows=1380035 width=4) (actual time=0.024..280.351 rows=1380035 loops=1)
              ->  Hash  (cost=73925.90..73925.90 rows=77348 width=4) (actual time=964.147..964.147 rows=84109 loops=1)
                    Buckets: 131072  Batches: 2  Memory Usage: 2509kB
                    ->  Seq Scan on title t  (cost=0.00..73925.90 rows=77348 width=4) (actual time=0.017..932.955 rows=84109 loops=1)
                          Filter: ((kind_id = 7) AND (production_year = 2008))
                          Rows Removed by Filter: 2444203
Planning time: 1.144 ms
Execution time: 3220.618 ms
