Hash Join  (cost=892082.97..1275894.24 rows=73144 width=0) (actual time=14199.070..20423.717 rows=443809 loops=1)
  Hash Cond: (mi.movie_id = t.id)
  ->  Seq Scan on movie_info mi  (cost=0.00..309384.22 rows=14739122 width=4) (actual time=0.005..2625.639 rows=14835720 loops=1)
  ->  Hash  (cost=891926.12..891926.12 rows=12548 width=8) (actual time=14198.934..14198.934 rows=77167 loops=1)
        Buckets: 131072 (originally 16384)  Batches: 1 (originally 1)  Memory Usage: 4039kB
        ->  Hash Join  (cost=73994.33..891926.12 rows=12548 width=8) (actual time=3550.178..14165.596 rows=77167 loops=1)
              Hash Cond: (ci.movie_id = t.id)
              ->  Seq Scan on cast_info ci  (cost=0.00..796071.18 rows=5796035 width=4) (actual time=2653.904..11119.096 rows=11791352 loops=1)
                    Filter: ((person_id < 1619391) AND (role_id < 2))
                    Rows Removed by Filter: 24452992
              ->  Hash  (cost=73925.90..73925.90 rows=5474 width=4) (actual time=895.962..895.962 rows=15440 loops=1)
                    Buckets: 16384 (originally 8192)  Batches: 1 (originally 1)  Memory Usage: 671kB
                    ->  Seq Scan on title t  (cost=0.00..73925.90 rows=5474 width=4) (actual time=0.238..888.970 rows=15440 loops=1)
                          Filter: ((kind_id > 1) AND (production_year = 1987))
                          Rows Removed by Filter: 2512872
Planning time: 1.053 ms
Execution time: 20475.238 ms
