Nested Loop  (cost=0.43..52283.69 rows=104 width=0) (actual time=12.630..679.470 rows=1923 loops=1)
  ->  Seq Scan on movie_companies mc  (cost=0.00..51404.11 rows=104 width=4) (actual time=12.549..641.839 rows=1923 loops=1)
        Filter: (company_id = 1434)
        Rows Removed by Filter: 2607206
  ->  Index Only Scan using title_pkey on title t  (cost=0.43..8.45 rows=1 width=4) (actual time=0.018..0.019 rows=1 loops=1923)
        Index Cond: (id = mc.movie_id)
        Heap Fetches: 1923
Planning time: 1.256 ms
Execution time: 680.122 ms
