Hash Join  (cost=128661.55..215355.84 rows=3625 width=0) (actual time=2406.432..4225.515 rows=9870 loops=1)
  Hash Cond: (mk.movie_id = t.id)
  ->  Seq Scan on movie_keyword mk  (cost=0.00..69693.30 rows=4523930 width=4) (actual time=0.013..954.559 rows=4523930 loops=1)
  ->  Hash  (cost=128636.23..128636.23 rows=2026 width=8) (actual time=2400.855..2400.855 rows=15736 loops=1)
        Buckets: 16384 (originally 2048)  Batches: 1 (originally 1)  Memory Usage: 743kB
        ->  Hash Join  (cost=73950.44..128636.23 rows=2026 width=8) (actual time=1280.804..2394.539 rows=15736 loops=1)
              Hash Cond: (mc.movie_id = t.id)
              ->  Seq Scan on movie_companies mc  (cost=0.00..44881.29 rows=2609129 width=4) (actual time=0.010..685.923 rows=2609129 loops=1)
              ->  Hash  (cost=73925.90..73925.90 rows=1963 width=4) (actual time=1136.792..1136.792 rows=8125 loops=1)
                    Buckets: 8192 (originally 2048)  Batches: 1 (originally 1)  Memory Usage: 350kB
                    ->  Seq Scan on title t  (cost=0.00..73925.90 rows=1963 width=4) (actual time=234.695..1133.374 rows=8125 loops=1)
                          Filter: ((kind_id < 2) AND (production_year = 1914))
                          Rows Removed by Filter: 2520187
Planning time: 1.149 ms
Execution time: 4227.256 ms
