Seq Scan on movie_keyword mk  (cost=0.00..81003.12 rows=1219198 width=0) (actual time=0.031..1122.247 rows=1225507 loops=1)
  Filter: (keyword_id < 1555)
  Rows Removed by Filter: 3298423
Planning time: 0.309 ms
Execution time: 1280.436 ms
