Seq Scan on movie_companies mc  (cost=0.00..57926.93 rows=51 width=0) (actual time=197.582..708.700 rows=143 loops=1)
  Filter: ((company_id = 233) AND (company_type_id = 1))
  Rows Removed by Filter: 2608986
Planning time: 0.364 ms
Execution time: 708.826 ms
