Hash Join  (cost=201689.22..734827.99 rows=4998284 width=0) (actual time=4428.318..19358.801 rows=15732334 loops=1)
  Hash Cond: (mi.movie_id = t.id)
  ->  Seq Scan on movie_info mi  (cost=0.00..309384.22 rows=14739122 width=4) (actual time=0.012..4435.556 rows=14835720 loops=1)
  ->  Hash  (cost=187620.89..187620.89 rows=857466 width=8) (actual time=4427.251..4427.251 rows=999439 loops=1)
        Buckets: 131072  Batches: 16  Memory Usage: 3480kB
        ->  Hash Join  (cost=99161.12..187620.89 rows=857466 width=8) (actual time=1718.140..4150.795 rows=999439 loops=1)
              Hash Cond: (mc.movie_id = t.id)
              ->  Seq Scan on movie_companies mc  (cost=0.00..57926.93 rows=1127235 width=4) (actual time=0.033..981.246 rows=1240845 loops=1)
                    Filter: ((company_id > 240) AND (company_type_id = 2))
                    Rows Removed by Filter: 1368284
              ->  Hash  (cost=67604.59..67604.59 rows=1923403 width=4) (actual time=1717.274..1717.274 rows=1922849 loops=1)
                    Buckets: 131072  Batches: 32  Memory Usage: 3132kB
                    ->  Seq Scan on title t  (cost=0.00..67604.59 rows=1923403 width=4) (actual time=0.014..1097.308 rows=1922849 loops=1)
                          Filter: (production_year < 2010)
                          Rows Removed by Filter: 605463
Planning time: 0.889 ms
Execution time: 20962.173 ms
