Seq Scan on movie_keyword mk  (cost=0.00..81003.12 rows=246 width=0) (actual time=0.697..1099.277 rows=673 loops=1)
  Filter: (keyword_id = 4416)
  Rows Removed by Filter: 4523257
Planning time: 0.353 ms
Execution time: 1099.570 ms
