Hash Join  (cost=74356.84..101333.80 rows=6285 width=0) (actual time=958.934..1501.830 rows=5035 loops=1)
  Hash Cond: (mi_idx.movie_id = t.id)
  ->  Seq Scan on movie_info_idx mi_idx  (cost=0.00..25185.44 rows=460978 width=4) (actual time=0.025..410.069 rows=459925 loops=1)
        Filter: (info_type_id < 100)
        Rows Removed by Filter: 920110
  ->  Hash  (cost=73925.90..73925.90 rows=34475 width=4) (actual time=957.743..957.743 rows=39896 loops=1)
        Buckets: 65536  Batches: 1  Memory Usage: 1915kB
        ->  Seq Scan on title t  (cost=0.00..73925.90 rows=34475 width=4) (actual time=0.017..940.499 rows=39896 loops=1)
              Filter: ((kind_id > 3) AND (production_year = 2000))
              Rows Removed by Filter: 2488416
Planning time: 0.773 ms
Execution time: 1502.830 ms
