Seq Scan on cast_info ci  (cost=0.00..705507.15 rows=33292063 width=0) (actual time=0.026..10710.346 rows=33245537 loops=1)
  Filter: (person_id < 3505115)
  Rows Removed by Filter: 2998807
Planning time: 0.257 ms
Execution time: 14579.050 ms
