Nested Loop  (cost=0.43..83071.67 rows=246 width=0) (actual time=0.806..1125.141 rows=1190 loops=1)
  ->  Seq Scan on movie_keyword mk  (cost=0.00..81003.12 rows=246 width=4) (actual time=0.759..1091.070 rows=1190 loops=1)
        Filter: (keyword_id = 333)
        Rows Removed by Filter: 4522740
  ->  Index Only Scan using title_pkey on title t  (cost=0.43..8.40 rows=1 width=4) (actual time=0.027..0.027 rows=1 loops=1190)
        Index Cond: (id = mk.movie_id)
        Heap Fetches: 1190
Planning time: 0.709 ms
Execution time: 1125.611 ms
