Hash Join  (cost=161867.92..1247176.75 rows=5013766 width=0) (actual time=3472.777..32990.303 rows=10615147 loops=1)
  Hash Cond: (ci.movie_id = t.id)
  ->  Seq Scan on cast_info ci  (cost=0.00..614943.12 rows=36225612 width=4) (actual time=0.018..10376.626 rows=36244344 loops=1)
  ->  Hash  (cost=156125.45..156125.45 rows=349958 width=8) (actual time=3471.302..3471.302 rows=590416 loops=1)
        Buckets: 131072  Batches: 8  Memory Usage: 3905kB
        ->  Hash Join  (cost=74201.04..156125.45 rows=349958 width=8) (actual time=1008.813..3278.608 rows=590416 loops=1)
              Hash Cond: (mc.movie_id = t.id)
              ->  Seq Scan on movie_companies mc  (cost=0.00..51404.11 rows=2200991 width=4) (actual time=0.021..1010.713 rows=2197694 loops=1)
                    Filter: (company_id < 80890)
                    Rows Removed by Filter: 411435
              ->  Hash  (cost=67604.59..67604.59 rows=402036 width=4) (actual time=1007.878..1007.878 rows=395872 loops=1)
                    Buckets: 131072  Batches: 8  Memory Usage: 2759kB
                    ->  Seq Scan on title t  (cost=0.00..67604.59 rows=402036 width=4) (actual time=0.035..878.990 rows=395872 loops=1)
                          Filter: (production_year < 1972)
                          Rows Removed by Filter: 2132440
Planning time: 1.207 ms
Execution time: 34232.758 ms
