Hash Join  (cost=206269.05..1166197.58 rows=2935745 width=0) (actual time=4442.386..21052.372 rows=11101510 loops=1)
  Hash Cond: (ci.movie_id = t.id)
  ->  Seq Scan on cast_info ci  (cost=0.00..796071.18 rows=11412510 width=4) (actual time=0.018..11913.137 rows=4879117 loops=1)
        Filter: ((person_id < 1727147) AND (role_id > 1))
        Rows Removed by Filter: 31365227
  ->  Hash  (cost=195597.60..195597.60 rows=650436 width=8) (actual time=4441.153..4441.153 rows=1484010 loops=1)
        Buckets: 131072 (originally 131072)  Batches: 32 (originally 16)  Memory Usage: 3073kB
        ->  Hash Join  (cost=80042.24..195597.60 rows=650436 width=8) (actual time=1215.635..3993.555 rows=1484010 loops=1)
              Hash Cond: (mk.movie_id = t.id)
              ->  Seq Scan on movie_keyword mk  (cost=0.00..81003.12 rows=2169568 width=4) (actual time=0.019..1289.961 rows=2171844 loops=1)
                    Filter: (keyword_id < 4224)
                    Rows Removed by Filter: 2352086
              ->  Hash  (cost=67604.59..67604.59 rows=758052 width=4) (actual time=1214.830..1214.830 rows=753677 loops=1)
                    Buckets: 131072  Batches: 16  Memory Usage: 2686kB
                    ->  Seq Scan on title t  (cost=0.00..67604.59 rows=758052 width=4) (actual time=0.028..966.483 rows=753677 loops=1)
                          Filter: (kind_id < 3)
                          Rows Removed by Filter: 1774635
Planning time: 1.379 ms
Execution time: 22145.221 ms
