Seq Scan on title t  (cost=0.00..67604.59 rows=76 width=0) (actual time=134.083..866.812 rows=37 loops=1)
  Filter: (production_year > 2015)
  Rows Removed by Filter: 2528275
Planning time: 0.290 ms
Execution time: 866.933 ms
