Hash Join  (cost=82581.58..1020607.18 rows=2138486 width=0) (actual time=1481.788..21958.877 rows=2181607 loops=1)
  Hash Cond: (ci.movie_id = t.id)
  ->  Seq Scan on cast_info ci  (cost=0.00..796071.18 rows=10249217 width=4) (actual time=0.012..15936.213 rows=7638608 loops=1)
        Filter: ((person_id > 675508) AND (role_id = 1))
        Rows Removed by Filter: 28605736
  ->  Hash  (cost=73925.90..73925.90 rows=527574 width=4) (actual time=1481.082..1481.082 rows=609532 loops=1)
        Buckets: 131072  Batches: 8  Memory Usage: 3715kB
        ->  Seq Scan on title t  (cost=0.00..73925.90 rows=527574 width=4) (actual time=0.023..1296.727 rows=609532 loops=1)
              Filter: ((kind_id < 7) AND (production_year < 2005))
              Rows Removed by Filter: 1918780
Planning time: 0.882 ms
Execution time: 22198.986 ms
