Hash Join  (cost=104131.46..469300.81 rows=417024 width=0) (actual time=4018.566..6674.129 rows=471326 loops=1)
  Hash Cond: (mi.movie_id = t.id)
  ->  Seq Scan on movie_info mi  (cost=0.00..346232.03 rows=473617 width=4) (actual time=2170.342..4080.135 rows=486554 loops=1)
        Filter: (info_type_id = 5)
        Rows Removed by Filter: 14349166
  ->  Hash  (cost=67604.59..67604.59 rows=2226390 width=4) (actual time=1847.142..1847.142 rows=2224569 loops=1)
        Buckets: 131072  Batches: 32  Memory Usage: 3472kB
        ->  Seq Scan on title t  (cost=0.00..67604.59 rows=2226390 width=4) (actual time=0.034..1142.730 rows=2224569 loops=1)
              Filter: (production_year < 2012)
              Rows Removed by Filter: 303743
Planning time: 0.776 ms
Execution time: 6733.013 ms
