Hash Join  (cost=798789.81..825700.98 rows=69 width=0) (actual time=11597.008..12105.488 rows=75 loops=1)
  Hash Cond: (mi_idx.movie_id = t.id)
  ->  Seq Scan on movie_info_idx mi_idx  (cost=0.00..21735.35 rows=1380035 width=4) (actual time=0.024..257.034 rows=1380035 loops=1)
  ->  Hash  (cost=798788.22..798788.22 rows=127 width=8) (actual time=11575.170..11575.170 rows=43 loops=1)
        Buckets: 1024  Batches: 1  Memory Usage: 10kB
        ->  Nested Loop  (cost=0.43..798788.22 rows=127 width=8) (actual time=2728.572..11575.072 rows=43 loops=1)
              ->  Seq Scan on cast_info ci  (cost=0.00..796071.18 rows=324 width=4) (actual time=2728.419..11573.502 rows=57 loops=1)
                    Filter: ((role_id > 1) AND (person_id = 2686257))
                    Rows Removed by Filter: 36244287
              ->  Index Scan using title_pkey on title t  (cost=0.43..8.38 rows=1 width=4) (actual time=0.024..0.024 rows=1 loops=57)
                    Index Cond: (id = ci.movie_id)
                    Filter: (kind_id < 7)
                    Rows Removed by Filter: 0
Planning time: 1.145 ms
Execution time: 12105.641 ms
