Seq Scan on movie_keyword mk  (cost=0.00..81003.12 rows=4118738 width=0) (actual time=0.024..1342.338 rows=4123690 loops=1)
  Filter: (keyword_id < 43335)
  Rows Removed by Filter: 400240
Planning time: 0.297 ms
Execution time: 1842.037 ms
