Hash Join  (cost=157474.27..908432.07 rows=16860 width=0) (actual time=1555.064..14805.942 rows=7077 loops=1)
  Hash Cond: (ci.movie_id = t.id)
  ->  Seq Scan on cast_info ci  (cost=0.00..614943.12 rows=36225612 width=4) (actual time=0.020..6621.694 rows=36244344 loops=1)
  ->  Hash  (cost=157459.56..157459.56 rows=1177 width=8) (actual time=1544.312..1544.312 rows=423 loops=1)
        Buckets: 2048  Batches: 1  Memory Usage: 33kB
        ->  Hash Join  (cost=73982.55..157459.56 rows=1177 width=8) (actual time=944.615..1544.180 rows=423 loops=1)
              Hash Cond: (mk.movie_id = t.id)
              ->  Seq Scan on movie_keyword mk  (cost=0.00..81003.12 rows=656562 width=4) (actual time=0.022..535.666 rows=655932 loops=1)
                    Filter: (keyword_id < 508)
                    Rows Removed by Filter: 3867998
              ->  Hash  (cost=73925.90..73925.90 rows=4532 width=4) (actual time=943.117..943.117 rows=6560 loops=1)
                    Buckets: 8192  Batches: 1  Memory Usage: 295kB
                    ->  Seq Scan on title t  (cost=0.00..73925.90 rows=4532 width=4) (actual time=0.044..939.981 rows=6560 loops=1)
                          Filter: ((kind_id = 7) AND (production_year = 1963))
                          Rows Removed by Filter: 2521752
Planning time: 1.130 ms
Execution time: 14807.861 ms
