Seq Scan on movie_keyword mk  (cost=0.00..81003.12 rows=1249485 width=0) (actual time=0.025..1198.895 rows=1261499 loops=1)
  Filter: (keyword_id > 14203)
  Rows Removed by Filter: 3262431
Planning time: 0.316 ms
Execution time: 1360.917 ms
