Hash Join  (cost=102767.86..168691.59 rows=192838 width=0) (actual time=1635.434..3460.821 rows=191261 loops=1)
  Hash Cond: (mc.movie_id = t.id)
  ->  Seq Scan on movie_companies mc  (cost=0.00..51404.11 rows=192838 width=4) (actual time=0.142..625.467 rows=191261 loops=1)
        Filter: (company_id < 51)
        Rows Removed by Filter: 2417868
  ->  Hash  (cost=61283.27..61283.27 rows=2528527 width=4) (actual time=1631.958..1631.958 rows=2528312 loops=1)
        Buckets: 131072  Batches: 64  Memory Usage: 2415kB
        ->  Seq Scan on title t  (cost=0.00..61283.27 rows=2528527 width=4) (actual time=0.021..784.755 rows=2528312 loops=1)
Planning time: 0.689 ms
Execution time: 3486.431 ms
