Hash Join  (cost=798791.46..1150080.73 rows=173 width=0) (actual time=12596.071..15544.273 rows=47 loops=1)
  Hash Cond: (mi.movie_id = t.id)
  ->  Seq Scan on movie_info mi  (cost=0.00..346232.03 rows=1348138 width=4) (actual time=1242.948..4169.799 rows=1298989 loops=1)
        Filter: (info_type_id = 4)
        Rows Removed by Filter: 13536731
  ->  Hash  (cost=798787.41..798787.41 rows=324 width=8) (actual time=11236.977..11236.977 rows=47 loops=1)
        Buckets: 1024  Batches: 1  Memory Usage: 10kB
        ->  Nested Loop  (cost=0.43..798787.41 rows=324 width=8) (actual time=883.441..11236.917 rows=47 loops=1)
              ->  Seq Scan on cast_info ci  (cost=0.00..796071.18 rows=324 width=4) (actual time=883.297..11235.641 rows=47 loops=1)
                    Filter: ((role_id > 1) AND (person_id = 1475026))
                    Rows Removed by Filter: 36244297
              ->  Index Only Scan using title_pkey on title t  (cost=0.43..8.37 rows=1 width=4) (actual time=0.024..0.025 rows=1 loops=47)
                    Index Cond: (id = ci.movie_id)
                    Heap Fetches: 47
Planning time: 1.231 ms
Execution time: 15544.442 ms
