Hash Join  (cost=234427.15..394658.99 rows=2669305 width=0) (actual time=4477.977..8824.348 rows=3810616 loops=1)
  Hash Cond: (mk.movie_id = t.id)
  ->  Seq Scan on movie_keyword mk  (cost=0.00..81003.12 rows=3514733 width=4) (actual time=0.029..1290.754 rows=3510722 loops=1)
        Filter: (keyword_id > 982)
        Rows Removed by Filter: 1013208
  ->  Hash  (cost=202921.16..202921.16 rows=1920319 width=8) (actual time=4474.653..4474.653 rows=1301439 loops=1)
        Buckets: 131072  Batches: 32  Memory Usage: 2591kB
        ->  Hash Join  (cost=98137.04..202921.16 rows=1920319 width=8) (actual time=1407.664..4069.125 rows=1301439 loops=1)
              Hash Cond: (mc.movie_id = t.id)
              ->  Seq Scan on movie_companies mc  (cost=0.00..44881.29 rows=2609129 width=4) (actual time=0.013..658.162 rows=2609129 loops=1)
              ->  Hash  (cost=67604.59..67604.59 rows=1860996 width=4) (actual time=1406.496..1406.496 rows=1865487 loops=1)
                    Buckets: 131072  Batches: 32  Memory Usage: 3079kB
                    ->  Seq Scan on title t  (cost=0.00..67604.59 rows=1860996 width=4) (actual time=0.030..891.865 rows=1865487 loops=1)
                          Filter: (kind_id > 1)
                          Rows Removed by Filter: 662825
Planning time: 1.104 ms
Execution time: 9282.226 ms
