Hash Join  (cost=203854.09..708714.82 rows=2348082 width=0) (actual time=4336.863..15360.617 rows=1079873 loops=1)
  Hash Cond: (mi.movie_id = t.id)
  ->  Seq Scan on movie_info mi  (cost=0.00..309384.22 rows=14739122 width=4) (actual time=0.010..4493.408 rows=14835720 loops=1)
  ->  Hash  (cost=197244.86..197244.86 rows=402818 width=8) (actual time=4323.070..4323.070 rows=109061 loops=1)
        Buckets: 131072  Batches: 8  Memory Usage: 1564kB
        ->  Hash Join  (cost=98498.33..197244.86 rows=402818 width=8) (actual time=2984.094..4286.178 rows=109061 loops=1)
              Hash Cond: (mk.movie_id = t.id)
              ->  Seq Scan on movie_keyword mk  (cost=0.00..81003.12 rows=680061 width=4) (actual time=0.027..1210.587 rows=686542 loops=1)
                    Filter: (keyword_id > 27427)
                    Rows Removed by Filter: 3837388
              ->  Hash  (cost=73925.90..73925.90 rows=1497714 width=4) (actual time=2469.443..2469.443 rows=1478440 loops=1)
                    Buckets: 131072  Batches: 32  Memory Usage: 2656kB
                    ->  Seq Scan on title t  (cost=0.00..73925.90 rows=1497714 width=4) (actual time=143.286..1248.395 rows=1478440 loops=1)
                          Filter: ((production_year > 0) AND (kind_id = 7))
                          Rows Removed by Filter: 1049872
Planning time: 1.173 ms
Execution time: 15481.568 ms
