Hash Join  (cost=198078.64..550421.66 rows=20494 width=0) (actual time=3289.654..7707.870 rows=406463 loops=1)
  Hash Cond: (mi.movie_id = t.id)
  ->  Seq Scan on movie_info mi  (cost=0.00..346232.03 rows=473617 width=4) (actual time=26.780..4144.285 rows=486554 loops=1)
        Filter: (info_type_id = 5)
        Rows Removed by Filter: 14349166
  ->  Hash  (cost=196282.96..196282.96 rows=109414 width=8) (actual time=3261.960..3261.960 rows=121921 loops=1)
        Buckets: 131072  Batches: 2  Memory Usage: 3440kB
        ->  Hash Join  (cost=102767.86..196282.96 rows=109414 width=8) (actual time=1553.527..3219.186 rows=121921 loops=1)
              Hash Cond: (mk.movie_id = t.id)
              ->  Seq Scan on movie_keyword mk  (cost=0.00..81003.12 rows=109414 width=4) (actual time=0.041..1128.073 rows=121921 loops=1)
                    Filter: (keyword_id < 117)
                    Rows Removed by Filter: 4402009
              ->  Hash  (cost=61283.27..61283.27 rows=2528527 width=4) (actual time=1550.973..1550.973 rows=2528312 loops=1)
                    Buckets: 131072  Batches: 64  Memory Usage: 2425kB
                    ->  Seq Scan on title t  (cost=0.00..61283.27 rows=2528527 width=4) (actual time=0.028..758.537 rows=2528312 loops=1)
Planning time: 1.238 ms
Execution time: 7761.900 ms
