Seq Scan on movie_companies mc  (cost=0.00..51404.11 rows=104 width=0) (actual time=26.019..873.598 rows=18 loops=1)
  Filter: (company_id = 28172)
  Rows Removed by Filter: 2609111
Planning time: 0.426 ms
Execution time: 873.689 ms
