Hash Join  (cost=102392.25..191240.68 rows=27364 width=0) (actual time=1300.022..2869.342 rows=94152 loops=1)
  Hash Cond: (mk.movie_id = t.id)
  ->  Seq Scan on movie_keyword mk  (cost=0.00..81003.12 rows=2019109 width=4) (actual time=0.026..1203.185 rows=2023603 loops=1)
        Filter: (keyword_id < 3627)
        Rows Removed by Filter: 2500327
  ->  Hash  (cost=101963.90..101963.90 rows=34268 width=8) (actual time=1299.319..1299.319 rows=37971 loops=1)
        Buckets: 65536  Batches: 1  Memory Usage: 1996kB
        ->  Hash Join  (cost=74710.74..101963.90 rows=34268 width=8) (actual time=754.662..1286.423 rows=37971 loops=1)
              Hash Cond: (mi_idx.movie_id = t.id)
              ->  Seq Scan on movie_info_idx mi_idx  (cost=0.00..21735.35 rows=1380035 width=4) (actual time=0.011..205.799 rows=1380035 loops=1)
              ->  Hash  (cost=73925.90..73925.90 rows=62787 width=4) (actual time=754.312..754.312 rows=53770 loops=1)
                    Buckets: 65536  Batches: 1  Memory Usage: 2403kB
                    ->  Seq Scan on title t  (cost=0.00..73925.90 rows=62787 width=4) (actual time=0.191..737.520 rows=53770 loops=1)
                          Filter: ((kind_id < 7) AND (production_year = 2011))
                          Rows Removed by Filter: 2474542
Planning time: 0.958 ms
Execution time: 2882.139 ms
