Seq Scan on movie_companies mc  (cost=0.00..57926.93 rows=348821 width=0) (actual time=206.519..836.263 rows=495556 loops=1)
  Filter: ((company_id < 1305) AND (company_type_id = 1))
  Rows Removed by Filter: 2113573
Planning time: 0.282 ms
Execution time: 901.970 ms
