Seq Scan on movie_keyword mk  (cost=0.00..81003.12 rows=246 width=12) (actual time=0.939..959.049 rows=1285 loops=1)
  Filter: (keyword_id = 1302)
  Rows Removed by Filter: 4522645
Planning time: 0.350 ms
Execution time: 959.181 ms
