Hash Join  (cost=539367.07..1835331.76 rows=16704257 width=0) (actual time=10359.568..46384.270 rows=31303226 loops=1)
  Hash Cond: (ci.movie_id = t.id)
  ->  Seq Scan on cast_info ci  (cost=0.00..614943.12 rows=36225612 width=4) (actual time=0.025..10775.898 rows=36244344 loops=1)
  ->  Hash  (cost=520237.74..520237.74 rows=1165947 width=8) (actual time=10358.321..10358.321 rows=912089 loops=1)
        Buckets: 131072  Batches: 16  Memory Usage: 3257kB
        ->  Hash Join  (cost=74050.79..520237.74 rows=1165947 width=8) (actual time=1011.135..10067.937 rows=912089 loops=1)
              Hash Cond: (mi.movie_id = t.id)
              ->  Seq Scan on movie_info mi  (cost=0.00..346232.03 rows=7503588 width=4) (actual time=0.024..5037.949 rows=7548855 loops=1)
                    Filter: (info_type_id > 7)
                    Rows Removed by Filter: 7286865
              ->  Hash  (cost=67604.59..67604.59 rows=392896 width=4) (actual time=1009.757..1009.757 rows=391666 loops=1)
                    Buckets: 131072  Batches: 8  Memory Usage: 2759kB
                    ->  Seq Scan on title t  (cost=0.00..67604.59 rows=392896 width=4) (actual time=0.018..877.055 rows=391666 loops=1)
                          Filter: (production_year > 2010)
                          Rows Removed by Filter: 2136646
Planning time: 4.734 ms
Execution time: 49784.025 ms
