Hash Join  (cost=94655.84..151053.18 rows=719 width=0) (actual time=1479.784..1726.202 rows=249 loops=1)
  Hash Cond: (mc.movie_id = t.id)
  ->  Seq Scan on movie_companies mc  (cost=0.00..51404.11 rows=1329612 width=4) (actual time=185.456..449.704 rows=1334883 loops=1)
        Filter: (company_type_id > 1)
        Rows Removed by Filter: 1274246
  ->  Hash  (cost=94638.77..94638.77 rows=1366 width=8) (actual time=1182.158..1182.158 rows=244 loops=1)
        Buckets: 2048  Batches: 1  Memory Usage: 26kB
        ->  Hash Join  (cost=67697.55..94638.77 rows=1366 width=8) (actual time=842.437..1181.946 rows=244 loops=1)
              Hash Cond: (mi_idx.movie_id = t.id)
              ->  Seq Scan on movie_info_idx mi_idx  (cost=0.00..25185.44 rows=464566 width=4) (actual time=0.021..285.997 rows=459925 loops=1)
                    Filter: (info_type_id = 101)
                    Rows Removed by Filter: 920110
              ->  Hash  (cost=67604.59..67604.59 rows=7437 width=4) (actual time=835.266..835.266 rows=4012 loops=1)
                    Buckets: 8192  Batches: 1  Memory Usage: 206kB
                    ->  Seq Scan on title t  (cost=0.00..67604.59 rows=7437 width=4) (actual time=344.764..833.411 rows=4012 loops=1)
                          Filter: (production_year = 1920)
                          Rows Removed by Filter: 2524300
Planning time: 1.209 ms
Execution time: 1726.337 ms
