Hash Join  (cost=73962.22..455839.28 rows=10887 width=0) (actual time=1620.003..7043.275 rows=29922 loops=1)
  Hash Cond: (mi.movie_id = t.id)
  ->  Seq Scan on movie_info mi  (cost=0.00..346232.03 rows=9476311 width=4) (actual time=732.625..4770.086 rows=9565151 loops=1)
        Filter: (info_type_id < 16)
        Rows Removed by Filter: 5270569
  ->  Hash  (cost=73925.90..73925.90 rows=2905 width=4) (actual time=883.674..883.674 rows=3676 loops=1)
        Buckets: 4096  Batches: 1  Memory Usage: 162kB
        ->  Seq Scan on title t  (cost=0.00..73925.90 rows=2905 width=4) (actual time=0.299..881.669 rows=3676 loops=1)
              Filter: ((kind_id < 7) AND (production_year = 1958))
              Rows Removed by Filter: 2524636
Planning time: 0.732 ms
Execution time: 7048.329 ms
