Seq Scan on title t  (cost=0.00..73925.90 rows=794198 width=0) (actual time=0.023..1193.259 rows=707863 loops=1)
  Filter: ((kind_id < 7) AND (production_year > 1973))
  Rows Removed by Filter: 1820449
Planning time: 0.345 ms
Execution time: 1287.962 ms
