Seq Scan on movie_companies mc  (cost=0.00..57926.93 rows=83664 width=0) (actual time=62.524..749.412 rows=162678 loops=1)
  Filter: ((company_id > 126681) AND (company_type_id > 1))
  Rows Removed by Filter: 2446451
Planning time: 0.326 ms
Execution time: 770.039 ms
