Hash Join  (cost=84197.31..1220912.57 rows=8653483 width=0) (actual time=2113.200..29398.880 rows=9044321 loops=1)
  Hash Cond: (ci.movie_id = t.id)
  ->  Seq Scan on cast_info ci  (cost=0.00..796071.18 rows=21635266 width=4) (actual time=879.028..14649.746 rows=20897756 loops=1)
        Filter: ((person_id > 663925) AND (role_id < 5))
        Rows Removed by Filter: 15346588
  ->  Hash  (cost=67604.59..67604.59 rows=1011338 width=4) (actual time=1232.936..1232.936 rows=1012920 loops=1)
        Buckets: 131072  Batches: 16  Memory Usage: 3250kB
        ->  Seq Scan on title t  (cost=0.00..67604.59 rows=1011338 width=4) (actual time=0.030..924.005 rows=1012920 loops=1)
              Filter: (production_year > 2005)
              Rows Removed by Filter: 1515392
Planning time: 0.725 ms
Execution time: 30555.353 ms
