Hash Join  (cost=76242.82..115257.91 rows=77061 width=0) (actual time=868.890..1741.328 rows=79121 loops=1)
  Hash Cond: (mi_idx.movie_id = t.id)
  ->  Seq Scan on movie_info_idx mi_idx  (cost=0.00..21735.35 rows=1380035 width=4) (actual time=0.017..386.037 rows=1380035 loops=1)
  ->  Hash  (cost=73925.90..73925.90 rows=141193 width=4) (actual time=868.001..868.001 rows=132182 loops=1)
        Buckets: 131072  Batches: 2  Memory Usage: 3340kB
        ->  Seq Scan on title t  (cost=0.00..73925.90 rows=141193 width=4) (actual time=274.588..822.985 rows=132182 loops=1)
              Filter: ((kind_id < 2) AND (production_year > 2009))
              Rows Removed by Filter: 2396130
Planning time: 4.247 ms
Execution time: 1752.102 ms
