Hash Join  (cost=83074.31..109985.67 rows=89 width=0) (actual time=1110.969..1614.623 rows=3587 loops=1)
  Hash Cond: (mi_idx.movie_id = t.id)
  ->  Seq Scan on movie_info_idx mi_idx  (cost=0.00..21735.35 rows=1380035 width=4) (actual time=0.013..232.573 rows=1380035 loops=1)
  ->  Hash  (cost=83072.29..83072.29 rows=162 width=8) (actual time=1109.964..1109.964 rows=1290 loops=1)
        Buckets: 2048 (originally 1024)  Batches: 1 (originally 1)  Memory Usage: 67kB
        ->  Nested Loop  (cost=0.43..83072.29 rows=162 width=8) (actual time=1.840..1109.044 rows=1290 loops=1)
              ->  Seq Scan on movie_keyword mk  (cost=0.00..81003.12 rows=246 width=4) (actual time=1.789..1077.214 rows=1523 loops=1)
                    Filter: (keyword_id = 1733)
                    Rows Removed by Filter: 4522407
              ->  Index Scan using title_pkey on title t  (cost=0.43..8.40 rows=1 width=4) (actual time=0.020..0.020 rows=1 loops=1523)
                    Index Cond: (id = mk.movie_id)
                    Filter: (production_year < 2008)
                    Rows Removed by Filter: 0
Planning time: 8.059 ms
Execution time: 1615.369 ms
