Hash Join  (cost=839872.92..3339243.00 rows=110243422 width=0) (actual time=18667.059..104186.126 rows=192991204 loops=1)
  Hash Cond: (ci.movie_id = t.id)
  ->  Seq Scan on cast_info ci  (cost=0.00..705507.15 rows=30405364 width=4) (actual time=0.028..14481.953 rows=30511650 loops=1)
        Filter: (role_id < 9)
        Rows Removed by Filter: 5732694
  ->  Hash  (cost=689461.12..689461.12 rows=9167904 width=8) (actual time=18664.670..18664.670 rows=8044388 loops=1)
        Buckets: 131072  Batches: 128  Memory Usage: 3475kB
        ->  Hash Join  (cost=93408.25..689461.12 rows=9167904 width=8) (actual time=1475.603..16237.402 rows=8044388 loops=1)
              Hash Cond: (mi.movie_id = t.id)
              ->  Seq Scan on movie_info mi  (cost=0.00..309384.22 rows=14739122 width=4) (actual time=0.015..4559.952 rows=14835720 loops=1)
              ->  Hash  (cost=67604.59..67604.59 rows=1572773 width=4) (actual time=1474.388..1474.388 rows=1570568 loops=1)
                    Buckets: 131072  Batches: 32  Memory Usage: 2759kB
                    ->  Seq Scan on title t  (cost=0.00..67604.59 rows=1572773 width=4) (actual time=0.014..969.206 rows=1570568 loops=1)
                          Filter: (production_year > 1996)
                          Rows Removed by Filter: 957744
Planning time: 1.038 ms
Execution time: 126472.019 ms
