Seq Scan on movie_keyword mk  (cost=0.00..81003.12 rows=3451210 width=0) (actual time=0.015..1302.154 rows=3440616 loops=1)
  Filter: (keyword_id > 1091)
  Rows Removed by Filter: 1083314
Planning time: 0.338 ms
Execution time: 1729.841 ms
