Hash Join  (cost=224233.25..607603.16 rows=811106 width=0) (actual time=5397.071..9572.957 rows=354126 loops=1)
  Hash Cond: (mi.movie_id = t.id)
  ->  Seq Scan on movie_info mi  (cost=0.00..346232.03 rows=2194617 width=4) (actual time=1518.585..4638.948 rows=2233850 loops=1)
        Filter: (info_type_id > 16)
        Rows Removed by Filter: 12601870
  ->  Hash  (cost=208900.80..208900.80 rows=934516 width=8) (actual time=3836.425..3836.425 rows=196631 loops=1)
        Buckets: 131072  Batches: 16  Memory Usage: 1507kB
        ->  Hash Join  (cost=92883.59..208900.80 rows=934516 width=8) (actual time=2112.918..3774.605 rows=196631 loops=1)
              Hash Cond: (mk.movie_id = t.id)
              ->  Seq Scan on movie_keyword mk  (cost=0.00..81003.12 rows=1533585 width=4) (actual time=0.036..1258.637 rows=1544143 loops=1)
                    Filter: (keyword_id < 2276)
                    Rows Removed by Filter: 2979787
              ->  Hash  (cost=67604.59..67604.59 rows=1540800 width=4) (actual time=1495.689..1495.689 rows=1543264 loops=1)
                    Buckets: 131072  Batches: 32  Memory Usage: 2728kB
                    ->  Seq Scan on title t  (cost=0.00..67604.59 rows=1540800 width=4) (actual time=0.039..989.537 rows=1543264 loops=1)
                          Filter: (kind_id = 7)
                          Rows Removed by Filter: 985048
Planning time: 1.217 ms
Execution time: 9616.767 ms
