Hash Join  (cost=451729.27..1503836.77 rows=1781834 width=0) (actual time=6001.239..27937.862 rows=255861 loops=1)
  Hash Cond: (ci.movie_id = t.id)
  ->  Seq Scan on cast_info ci  (cost=0.00..614943.12 rows=36225612 width=4) (actual time=0.020..10088.436 rows=36244344 loops=1)
  ->  Hash  (cost=449688.63..449688.63 rows=124371 width=8) (actual time=6000.369..6000.369 rows=21013 loops=1)
        Buckets: 131072  Batches: 2  Memory Usage: 1436kB
        ->  Hash Join  (cost=76277.08..449688.63 rows=124371 width=8) (actual time=1161.055..5990.161 rows=21013 loops=1)
              Hash Cond: (mi.movie_id = t.id)
              ->  Seq Scan on movie_info mi  (cost=0.00..346232.03 rows=2194617 width=4) (actual time=284.548..4397.087 rows=2233850 loops=1)
                    Filter: (info_type_id > 16)
                    Rows Removed by Filter: 12601870
              ->  Hash  (cost=73925.90..73925.90 rows=143294 width=4) (actual time=854.818..854.818 rows=39745 loops=1)
                    Buckets: 131072  Batches: 2  Memory Usage: 1727kB
                    ->  Seq Scan on title t  (cost=0.00..73925.90 rows=143294 width=4) (actual time=25.735..838.340 rows=39745 loops=1)
                          Filter: ((production_year < 1959) AND (kind_id = 7))
                          Rows Removed by Filter: 2488567
Planning time: 1.329 ms
Execution time: 27974.075 ms
