Seq Scan on cast_info ci  (cost=0.00..705507.15 rows=28018575 width=0) (actual time=0.014..10126.746 rows=28083907 loops=1)
  Filter: (person_id < 2865594)
  Rows Removed by Filter: 8160437
Planning time: 3.264 ms
Execution time: 13385.470 ms
