Seq Scan on cast_info ci  (cost=0.00..796071.18 rows=224 width=0) (actual time=3442.717..11683.560 rows=68 loops=1)
  Filter: ((role_id > 2) AND (person_id = 3181947))
  Rows Removed by Filter: 36244276
Planning time: 0.395 ms
Execution time: 11683.718 ms
