Hash Join  (cost=202614.55..341875.20 rows=1416561 width=0) (actual time=4355.621..12622.970 rows=23366269 loops=1)
  Hash Cond: (mk.movie_id = t.id)
  ->  Seq Scan on movie_keyword mk  (cost=0.00..69693.30 rows=4523930 width=4) (actual time=0.022..1108.456 rows=4523930 loops=1)
  ->  Hash  (cost=189624.70..189624.70 rows=791748 width=8) (actual time=4354.619..4354.619 rows=1090228 loops=1)
        Buckets: 131072  Batches: 16  Memory Usage: 3733kB
        ->  Hash Join  (cost=102767.86..189624.70 rows=791748 width=8) (actual time=1671.654..4027.803 rows=1090228 loops=1)
              Hash Cond: (mc.movie_id = t.id)
              ->  Seq Scan on movie_companies mc  (cost=0.00..57926.93 rows=791748 width=4) (actual time=0.029..1063.244 rows=1090228 loops=1)
                    Filter: ((company_id < 16561) AND (company_type_id = 1))
                    Rows Removed by Filter: 1518901
              ->  Hash  (cost=61283.27..61283.27 rows=2528527 width=4) (actual time=1669.603..1669.603 rows=2528312 loops=1)
                    Buckets: 131072  Batches: 64  Memory Usage: 2415kB
                    ->  Seq Scan on title t  (cost=0.00..61283.27 rows=2528527 width=4) (actual time=0.017..843.317 rows=2528312 loops=1)
Planning time: 1.114 ms
Execution time: 15254.178 ms
