Seq Scan on movie_companies mc  (cost=0.00..57926.93 rows=812069 width=0) (actual time=0.011..676.306 rows=1115924 loops=1)
  Filter: ((company_id < 18045) AND (company_type_id = 1))
  Rows Removed by Filter: 1493205
Planning time: 0.350 ms
Execution time: 786.266 ms
