Seq Scan on movie_keyword mk  (cost=0.00..81003.12 rows=246 width=0) (actual time=5.679..1154.722 rows=2290 loops=1)
  Filter: (keyword_id = 20342)
  Rows Removed by Filter: 4521640
Planning time: 0.393 ms
Execution time: 1155.312 ms
