Seq Scan on cast_info ci  (cost=0.00..796071.18 rows=11001791 width=0) (actual time=0.017..12666.098 rows=5787622 loops=1)
  Filter: ((person_id < 2527328) AND (role_id > 2))
  Rows Removed by Filter: 30456722
Planning time: 0.353 ms
Execution time: 13415.762 ms
