Hash Join  (cost=175370.11..566265.60 rows=694874 width=0) (actual time=6326.088..9519.425 rows=686752 loops=1)
  Hash Cond: (mi.movie_id = t.id)
  ->  Seq Scan on movie_info mi  (cost=0.00..346232.03 rows=3068194 width=4) (actual time=2721.196..4570.364 rows=3036719 loops=1)
        Filter: (info_type_id = 16)
        Rows Removed by Filter: 11799001
  ->  Hash  (cost=165974.96..165974.96 rows=572652 width=8) (actual time=3603.864..3603.864 rows=244642 loops=1)
        Buckets: 131072  Batches: 8  Memory Usage: 2208kB
        ->  Hash Join  (cost=83030.92..165974.96 rows=572652 width=8) (actual time=1254.154..3501.124 rows=244642 loops=1)
              Hash Cond: (mc.movie_id = t.id)
              ->  Seq Scan on movie_companies mc  (cost=0.00..44881.29 rows=2609129 width=4) (actual time=0.014..727.394 rows=2609129 loops=1)
              ->  Hash  (cost=73925.90..73925.90 rows=554961 width=4) (actual time=1251.349..1251.349 rows=605090 loops=1)
                    Buckets: 131072  Batches: 8  Memory Usage: 3684kB
                    ->  Seq Scan on title t  (cost=0.00..73925.90 rows=554961 width=4) (actual time=0.022..1061.390 rows=605090 loops=1)
                          Filter: ((kind_id > 4) AND (production_year > 2006))
                          Rows Removed by Filter: 1923222
Planning time: 1.215 ms
Execution time: 9585.756 ms
