Hash Join  (cost=236885.18..284582.40 rows=583074 width=0) (actual time=4220.322..5618.021 rows=2488311 loops=1)
  Hash Cond: (mi_idx.movie_id = t.id)
  ->  Seq Scan on movie_info_idx mi_idx  (cost=0.00..21735.35 rows=1380035 width=4) (actual time=0.024..321.943 rows=1380035 loops=1)
  ->  Hash  (cost=219357.18..219357.18 rows=1068320 width=8) (actual time=4219.622..4219.622 rows=1079644 loops=1)
        Buckets: 131072  Batches: 16  Memory Usage: 3719kB
        ->  Hash Join  (cost=102767.86..219357.18 rows=1068320 width=8) (actual time=1719.424..3972.031 rows=1079644 loops=1)
              Hash Cond: (mk.movie_id = t.id)
              ->  Seq Scan on movie_keyword mk  (cost=0.00..81003.12 rows=1068320 width=4) (actual time=0.018..1193.258 rows=1079644 loops=1)
                    Filter: (keyword_id > 16391)
                    Rows Removed by Filter: 3444286
              ->  Hash  (cost=61283.27..61283.27 rows=2528527 width=4) (actual time=1718.089..1718.089 rows=2528312 loops=1)
                    Buckets: 131072  Batches: 64  Memory Usage: 2425kB
                    ->  Seq Scan on title t  (cost=0.00..61283.27 rows=2528527 width=4) (actual time=0.023..859.410 rows=2528312 loops=1)
Planning time: 1.223 ms
Execution time: 5844.943 ms
