Hash Join  (cost=79601.51..212310.01 rows=532680 width=0) (actual time=1860.074..5921.236 rows=1658704 loops=1)
  Hash Cond: (mk.movie_id = t.id)
  ->  Seq Scan on movie_keyword mk  (cost=0.00..81003.12 rows=3894022 width=4) (actual time=0.015..1477.586 rows=3883666 loops=1)
        Filter: (keyword_id < 29032)
        Rows Removed by Filter: 640264
  ->  Hash  (cost=73925.90..73925.90 rows=345888 width=4) (actual time=1858.971..1858.971 rows=457402 loops=1)
        Buckets: 131072  Batches: 8  Memory Usage: 3054kB
        ->  Seq Scan on title t  (cost=0.00..73925.90 rows=345888 width=4) (actual time=0.026..1020.410 rows=457402 loops=1)
              Filter: ((kind_id < 7) AND (production_year < 1997))
              Rows Removed by Filter: 2070910
Planning time: 0.543 ms
Execution time: 6122.197 ms
