Hash Join  (cost=178563.95..217657.45 rows=81602 width=0) (actual time=3258.000..4211.759 rows=60615 loops=1)
  Hash Cond: (mi_idx.movie_id = t.id)
  ->  Seq Scan on movie_info_idx mi_idx  (cost=0.00..21735.35 rows=1380035 width=4) (actual time=0.024..485.261 rows=1380035 loops=1)
  ->  Hash  (cost=176110.05..176110.05 rows=149512 width=8) (actual time=3256.278..3256.278 rows=31535 loops=1)
        Buckets: 131072  Batches: 2  Memory Usage: 1633kB
        ->  Hash Join  (cost=84171.54..176110.05 rows=149512 width=8) (actual time=2390.890..3247.639 rows=31535 loops=1)
              Hash Cond: (mk.movie_id = t.id)
              ->  Seq Scan on movie_keyword mk  (cost=0.00..81003.12 rows=605403 width=4) (actual time=0.026..1323.150 rows=609696 loops=1)
                    Filter: (keyword_id > 30273)
                    Rows Removed by Filter: 3914234
              ->  Hash  (cost=73925.90..73925.90 rows=624451 width=4) (actual time=1582.663..1582.663 rows=521141 loops=1)
                    Buckets: 131072  Batches: 16  Memory Usage: 2174kB
                    ->  Seq Scan on title t  (cost=0.00..73925.90 rows=624451 width=4) (actual time=261.785..1084.568 rows=521141 loops=1)
                          Filter: ((production_year < 2000) AND (kind_id = 7))
                          Rows Removed by Filter: 2007171
Planning time: 1.195 ms
Execution time: 4219.898 ms
