Hash Join  (cost=144524.00..1254440.90 rows=7409272 width=0) (actual time=2960.067..37910.710 rows=25239369 loops=1)
  Hash Cond: (ci.movie_id = t.id)
  ->  Seq Scan on cast_info ci  (cost=0.00..614943.12 rows=36225612 width=4) (actual time=0.021..10589.649 rows=36244344 loops=1)
  ->  Hash  (cost=136038.47..136038.47 rows=517163 width=8) (actual time=2958.944..2958.944 rows=937622 loops=1)
        Buckets: 131072 (originally 131072)  Batches: 16 (originally 8)  Memory Usage: 3312kB
        ->  Hash Join  (cost=89472.35..136038.47 rows=517163 width=8) (actual time=1333.649..2692.500 rows=937622 loops=1)
              Hash Cond: (mi_idx.movie_id = t.id)
              ->  Seq Scan on movie_info_idx mi_idx  (cost=0.00..21735.35 rows=1380035 width=4) (actual time=0.019..341.073 rows=1380035 loops=1)
              ->  Hash  (cost=73925.90..73925.90 rows=947556 width=4) (actual time=1332.220..1332.220 rows=961974 loops=1)
                    Buckets: 131072  Batches: 16  Memory Usage: 3137kB
                    ->  Seq Scan on title t  (cost=0.00..73925.90 rows=947556 width=4) (actual time=0.030..1049.627 rows=961974 loops=1)
                          Filter: ((kind_id < 6) AND (production_year < 2014))
                          Rows Removed by Filter: 1566338
Planning time: 5.419 ms
Execution time: 40876.289 ms
