Nested Loop  (cost=0.43..124124.92 rows=150 width=0) (actual time=8.388..1253.118 rows=127 loops=1)
  ->  Seq Scan on movie_keyword mk  (cost=0.00..81003.12 rows=6032 width=4) (actual time=0.555..1128.784 rows=6525 loops=1)
        Filter: (keyword_id = 70)
        Rows Removed by Filter: 4517405
  ->  Index Scan using title_pkey on title t  (cost=0.43..7.14 rows=1 width=4) (actual time=0.018..0.018 rows=0 loops=6525)
        Index Cond: (id = mk.movie_id)
        Filter: ((kind_id < 7) AND (production_year = 2011))
        Rows Removed by Filter: 1
Planning time: 2.403 ms
Execution time: 1253.337 ms
