Seq Scan on cast_info ci  (cost=0.00..705507.15 rows=7166636 width=0) (actual time=0.039..9117.266 rows=7113803 loops=1)
  Filter: (person_id < 687231)
  Rows Removed by Filter: 29130541
Planning time: 0.290 ms
Execution time: 10005.274 ms
