Seq Scan on movie_companies mc  (cost=0.00..51404.11 rows=361095 width=0) (actual time=88.268..654.573 rows=363862 loops=1)
  Filter: (company_id > 86300)
  Rows Removed by Filter: 2245267
Planning time: 0.297 ms
Execution time: 700.568 ms
