Hash Join  (cost=98137.04..169249.86 rows=453790 width=0) (actual time=1550.471..3081.333 rows=520052 loops=1)
  Hash Cond: (mc.movie_id = t.id)
  ->  Seq Scan on movie_companies mc  (cost=0.00..51404.11 rows=616563 width=4) (actual time=0.032..756.087 rows=612577 loops=1)
        Filter: (company_id < 737)
        Rows Removed by Filter: 1996552
  ->  Hash  (cost=67604.59..67604.59 rows=1860996 width=4) (actual time=1549.463..1549.463 rows=1865487 loops=1)
        Buckets: 131072  Batches: 32  Memory Usage: 3079kB
        ->  Seq Scan on title t  (cost=0.00..67604.59 rows=1860996 width=4) (actual time=0.012..996.385 rows=1865487 loops=1)
              Filter: (kind_id > 1)
              Rows Removed by Filter: 662825
Planning time: 7.722 ms
Execution time: 3145.686 ms
