Hash Join  (cost=248007.44..1191371.36 rows=6941449 width=0) (actual time=9213.238..23589.277 rows=2759889 loops=1)
  Hash Cond: (ci.movie_id = t.id)
  ->  Seq Scan on cast_info ci  (cost=0.00..705507.15 rows=12726058 width=4) (actual time=4650.709..12425.754 rows=12670688 loops=1)
        Filter: (role_id = 1)
        Rows Removed by Filter: 23573656
  ->  Hash  (cost=225379.58..225379.58 rows=1379189 width=8) (actual time=4561.117..4561.117 rows=306813 loops=1)
        Buckets: 131072  Batches: 32  Memory Usage: 1377kB
        ->  Hash Join  (cost=86573.65..225379.58 rows=1379189 width=8) (actual time=2978.057..4473.074 rows=306813 loops=1)
              Hash Cond: (mk.movie_id = t.id)
              ->  Seq Scan on movie_keyword mk  (cost=0.00..69693.30 rows=4523930 width=4) (actual time=0.026..1195.725 rows=4523930 loops=1)
              ->  Hash  (cost=73925.90..73925.90 rows=770860 width=4) (actual time=1258.790..1258.790 rows=682281 loops=1)
                    Buckets: 131072  Batches: 16  Memory Usage: 2528kB
                    ->  Seq Scan on title t  (cost=0.00..73925.90 rows=770860 width=4) (actual time=0.020..1037.139 rows=682281 loops=1)
                          Filter: ((production_year < 2004) AND (kind_id = 7))
                          Rows Removed by Filter: 1846031
Planning time: 1.120 ms
Execution time: 23811.638 ms
