Hash Join  (cost=76277.08..153365.22 rows=147862 width=0) (actual time=959.429..2437.882 rows=50912 loops=1)
  Hash Cond: (mc.movie_id = t.id)
  ->  Seq Scan on movie_companies mc  (cost=0.00..44881.29 rows=2609129 width=4) (actual time=0.012..676.659 rows=2609129 loops=1)
  ->  Hash  (cost=73925.90..73925.90 rows=143294 width=4) (actual time=895.803..895.803 rows=39745 loops=1)
        Buckets: 131072  Batches: 2  Memory Usage: 1721kB
        ->  Seq Scan on title t  (cost=0.00..73925.90 rows=143294 width=4) (actual time=0.027..880.090 rows=39745 loops=1)
              Filter: ((production_year < 1959) AND (kind_id = 7))
              Rows Removed by Filter: 2488567
Planning time: 0.720 ms
Execution time: 2444.017 ms
