Seq Scan on cast_info ci  (cost=0.00..796071.18 rows=168 width=0) (actual time=1179.645..9931.414 rows=115 loops=1)
  Filter: ((role_id > 3) AND (person_id = 3124495))
  Rows Removed by Filter: 36244229
Planning time: 0.383 ms
Execution time: 9931.551 ms
