Hash Join  (cost=120379.46..197270.90 rows=133591 width=0) (actual time=1978.566..3949.359 rows=626776 loops=1)
  Hash Cond: (mc.movie_id = t.id)
  ->  Seq Scan on movie_companies mc  (cost=0.00..44881.29 rows=2609129 width=4) (actual time=0.018..763.929 rows=2609129 loops=1)
  ->  Hash  (cost=118255.16..118255.16 rows=129464 width=8) (actual time=1977.858..1977.858 rows=177436 loops=1)
        Buckets: 131072 (originally 131072)  Batches: 4 (originally 2)  Memory Usage: 3073kB
        ->  Hash Join  (cost=79795.46..118255.16 rows=129464 width=8) (actual time=955.589..1922.197 rows=177436 loops=1)
              Hash Cond: (mi_idx.movie_id = t.id)
              ->  Seq Scan on movie_info_idx mi_idx  (cost=0.00..25185.44 rows=915101 width=4) (actual time=0.026..468.148 rows=919850 loops=1)
                    Filter: (info_type_id < 101)
                    Rows Removed by Filter: 460185
              ->  Hash  (cost=73925.90..73925.90 rows=357724 width=4) (actual time=954.608..954.608 rows=285602 loops=1)
                    Buckets: 131072  Batches: 8  Memory Usage: 2279kB
                    ->  Seq Scan on title t  (cost=0.00..73925.90 rows=357724 width=4) (actual time=0.031..868.369 rows=285602 loops=1)
                          Filter: ((kind_id < 3) AND (production_year > 2003))
                          Rows Removed by Filter: 2242710
Planning time: 1.101 ms
Execution time: 4020.080 ms
