Hash Join  (cost=262339.04..442937.19 rows=4345320 width=0) (actual time=5716.183..15837.635 rows=33669244 loops=1)
  Hash Cond: (mk.movie_id = t.id)
  ->  Seq Scan on movie_keyword mk  (cost=0.00..69693.30 rows=4523930 width=4) (actual time=0.024..1259.284 rows=4523930 loops=1)
  ->  Hash  (cost=222492.31..222492.31 rows=2428698 width=8) (actual time=5715.328..5715.328 rows=2427357 loops=1)
        Buckets: 131072  Batches: 32  Memory Usage: 4032kB
        ->  Hash Join  (cost=102767.86..222492.31 rows=2428698 width=8) (actual time=1663.868..5022.802 rows=2427357 loops=1)
              Hash Cond: (mc.movie_id = t.id)
              ->  Seq Scan on movie_companies mc  (cost=0.00..51404.11 rows=2428698 width=4) (actual time=0.024..975.808 rows=2427357 loops=1)
                    Filter: (company_id > 41)
                    Rows Removed by Filter: 181772
              ->  Hash  (cost=61283.27..61283.27 rows=2528527 width=4) (actual time=1662.487..1662.487 rows=2528312 loops=1)
                    Buckets: 131072  Batches: 64  Memory Usage: 2415kB
                    ->  Seq Scan on title t  (cost=0.00..61283.27 rows=2528527 width=4) (actual time=0.016..816.438 rows=2528312 loops=1)
Planning time: 1.129 ms
Execution time: 19101.394 ms
