Seq Scan on movie_companies mc  (cost=0.00..51404.11 rows=104 width=0) (actual time=121.555..498.887 rows=4 loops=1)
  Filter: (company_id = 39710)
  Rows Removed by Filter: 2609125
Planning time: 1.866 ms
Execution time: 498.939 ms
