Hash Join  (cost=102767.86..208429.34 rows=614176 width=0) (actual time=1647.937..4440.553 rows=614431 loops=1)
  Hash Cond: (mk.movie_id = t.id)
  ->  Seq Scan on movie_keyword mk  (cost=0.00..81003.12 rows=614176 width=4) (actual time=0.022..1189.102 rows=614431 loops=1)
        Filter: (keyword_id > 29773)
        Rows Removed by Filter: 3909499
  ->  Hash  (cost=61283.27..61283.27 rows=2528527 width=4) (actual time=1646.884..1646.884 rows=2528312 loops=1)
        Buckets: 131072  Batches: 64  Memory Usage: 2425kB
        ->  Seq Scan on title t  (cost=0.00..61283.27 rows=2528527 width=4) (actual time=0.016..767.095 rows=2528312 loops=1)
Planning time: 0.653 ms
Execution time: 4514.388 ms
