Hash Join  (cost=161739.20..547102.82 rows=228379 width=0) (actual time=2749.942..9438.574 rows=433085 loops=1)
  Hash Cond: (mi.movie_id = t.id)
  ->  Seq Scan on movie_info mi  (cost=0.00..309384.22 rows=14739122 width=4) (actual time=0.022..3212.345 rows=14835720 loops=1)
  ->  Hash  (cost=161249.46..161249.46 rows=39179 width=8) (actual time=2749.383..2749.383 rows=30205 loops=1)
        Buckets: 65536  Batches: 1  Memory Usage: 1692kB
        ->  Hash Join  (cost=74199.63..161249.46 rows=39179 width=8) (actual time=1029.983..2737.797 rows=30205 loops=1)
              Hash Cond: (mk.movie_id = t.id)
              ->  Seq Scan on movie_keyword mk  (cost=0.00..69693.30 rows=4523930 width=4) (actual time=0.018..801.341 rows=4523930 loops=1)
              ->  Hash  (cost=73925.90..73925.90 rows=21898 width=4) (actual time=1029.734..1029.734 rows=24691 loops=1)
                    Buckets: 32768  Batches: 1  Memory Usage: 1125kB
                    ->  Seq Scan on title t  (cost=0.00..73925.90 rows=21898 width=4) (actual time=0.018..1018.753 rows=24691 loops=1)
                          Filter: ((kind_id > 1) AND (production_year = 1994))
                          Rows Removed by Filter: 2503621
Planning time: 1.106 ms
Execution time: 9496.390 ms
