Seq Scan on cast_info ci  (cost=0.00..796071.18 rows=435 width=0) (actual time=328.032..11622.130 rows=139 loops=1)
  Filter: ((role_id < 10) AND (person_id = 354331))
  Rows Removed by Filter: 36244205
Planning time: 0.340 ms
Execution time: 11622.297 ms
