Seq Scan on movie_companies mc  (cost=0.00..57926.93 rows=233573 width=0) (actual time=0.042..676.075 rows=111443 loops=1)
  Filter: ((company_id < 382) AND (company_type_id = 2))
  Rows Removed by Filter: 2497686
Planning time: 0.417 ms
Execution time: 687.793 ms
