Seq Scan on title t  (cost=0.00..73925.90 rows=891983 width=0) (actual time=0.022..1172.318 rows=807055 loops=1)
  Filter: ((kind_id < 7) AND (production_year > 1952))
  Rows Removed by Filter: 1721257
Planning time: 0.316 ms
Execution time: 1280.983 ms
