Seq Scan on cast_info ci  (cost=0.00..796071.18 rows=8234135 width=0) (actual time=5364.140..15200.136 rows=9756535 loops=1)
  Filter: ((person_id > 1148367) AND (role_id > 3))
  Rows Removed by Filter: 26487809
Planning time: 0.382 ms
Execution time: 16451.626 ms
