Hash Join  (cost=74394.67..423168.23 rows=9669 width=0) (actual time=3397.516..4667.287 rows=22333 loops=1)
  Hash Cond: (mi.movie_id = t.id)
  ->  Seq Scan on movie_info mi  (cost=0.00..346232.03 rows=651960 width=4) (actual time=2718.801..3893.684 rows=660923 loops=1)
        Filter: (info_type_id = 18)
        Rows Removed by Filter: 14174797
  ->  Hash  (cost=73925.90..73925.90 rows=37501 width=4) (actual time=678.074..678.074 rows=32253 loops=1)
        Buckets: 65536  Batches: 1  Memory Usage: 1646kB
        ->  Seq Scan on title t  (cost=0.00..73925.90 rows=37501 width=4) (actual time=0.031..667.912 rows=32253 loops=1)
              Filter: ((kind_id < 7) AND (production_year = 2005))
              Rows Removed by Filter: 2496059
Planning time: 0.738 ms
Execution time: 4669.490 ms
