Hash Join  (cost=192528.78..1337097.47 rows=10782553 width=0) (actual time=3475.296..32963.608 rows=10463993 loops=1)
  Hash Cond: (ci.movie_id = t.id)
  ->  Seq Scan on cast_info ci  (cost=0.00..614943.12 rows=36225612 width=4) (actual time=0.020..10536.817 rows=36244344 loops=1)
  ->  Hash  (cost=180181.08..180181.08 rows=752616 width=8) (actual time=3474.284..3474.284 rows=372497 loops=1)
        Buckets: 131072  Batches: 16  Memory Usage: 1920kB
        ->  Hash Join  (cost=92883.59..180181.08 rows=752616 width=8) (actual time=1528.750..3382.574 rows=372497 loops=1)
              Hash Cond: (mc.movie_id = t.id)
              ->  Seq Scan on movie_companies mc  (cost=0.00..57926.93 rows=1235079 width=4) (actual time=22.579..1006.913 rows=1295770 loops=1)
                    Filter: ((company_id > 46) AND (company_type_id > 1))
                    Rows Removed by Filter: 1313359
              ->  Hash  (cost=67604.59..67604.59 rows=1540800 width=4) (actual time=1504.940..1504.940 rows=1543264 loops=1)
                    Buckets: 131072  Batches: 32  Memory Usage: 2722kB
                    ->  Seq Scan on title t  (cost=0.00..67604.59 rows=1540800 width=4) (actual time=0.026..1016.909 rows=1543264 loops=1)
                          Filter: (kind_id = 7)
                          Rows Removed by Filter: 985048
Planning time: 1.113 ms
Execution time: 34069.487 ms
