Hash Join  (cost=709678.15..765819.83 rows=250 width=0) (actual time=8639.946..9594.499 rows=60 loops=1)
  Hash Cond: (mc.movie_id = t.id)
  ->  Seq Scan on movie_companies mc  (cost=0.00..51404.11 rows=1262684 width=4) (actual time=0.035..796.791 rows=1273788 loops=1)
        Filter: (company_id > 11418)
        Rows Removed by Filter: 1335341
  ->  Hash  (cost=709671.90..709671.90 rows=500 width=8) (actual time=8614.270..8614.270 rows=77 loops=1)
        Buckets: 1024  Batches: 1  Memory Usage: 12kB
        ->  Nested Loop  (cost=0.43..709671.90 rows=500 width=8) (actual time=842.466..8614.223 rows=77 loops=1)
              ->  Seq Scan on cast_info ci  (cost=0.00..705507.15 rows=500 width=4) (actual time=842.388..8612.495 rows=77 loops=1)
                    Filter: (person_id = 1160587)
                    Rows Removed by Filter: 36244267
              ->  Index Only Scan using title_pkey on title t  (cost=0.43..8.32 rows=1 width=4) (actual time=0.021..0.021 rows=1 loops=77)
                    Index Cond: (id = ci.movie_id)
                    Heap Fetches: 77
Planning time: 1.076 ms
Execution time: 9594.612 ms
