Hash Join  (cost=248069.11..875430.15 rows=12102121 width=0) (actual time=5889.635..33185.506 rows=57319127 loops=1)
  Hash Cond: (mi.movie_id = t.id)
  ->  Seq Scan on movie_info mi  (cost=0.00..309384.22 rows=14739122 width=4) (actual time=0.020..4488.208 rows=14835720 loops=1)
  ->  Hash  (cost=214007.31..214007.31 rows=2076144 width=8) (actual time=5887.717..5887.717 rows=2077867 loops=1)
        Buckets: 131072  Batches: 32  Memory Usage: 3617kB
        ->  Hash Join  (cost=102767.86..214007.31 rows=2076144 width=8) (actual time=2160.677..5271.583 rows=2077867 loops=1)
              Hash Cond: (mc.movie_id = t.id)
              ->  Seq Scan on movie_companies mc  (cost=0.00..51404.11 rows=2076144 width=4) (actual time=0.024..942.735 rows=2077867 loops=1)
                    Filter: (company_id > 513)
                    Rows Removed by Filter: 531262
              ->  Hash  (cost=61283.27..61283.27 rows=2528527 width=4) (actual time=2159.806..2159.806 rows=2528312 loops=1)
                    Buckets: 131072  Batches: 64  Memory Usage: 2415kB
                    ->  Seq Scan on title t  (cost=0.00..61283.27 rows=2528527 width=4) (actual time=0.012..988.372 rows=2528312 loops=1)
Planning time: 1.031 ms
Execution time: 40217.418 ms
