Hash Join  (cost=102767.86..191116.34 rows=853757 width=0) (actual time=1654.422..3603.340 rows=538224 loops=1)
  Hash Cond: (mc.movie_id = t.id)
  ->  Seq Scan on movie_companies mc  (cost=0.00..57926.93 rows=853757 width=4) (actual time=0.018..945.835 rows=538224 loops=1)
        Filter: ((company_id < 18933) AND (company_type_id > 1))
        Rows Removed by Filter: 2070905
  ->  Hash  (cost=61283.27..61283.27 rows=2528527 width=4) (actual time=1652.377..1652.377 rows=2528312 loops=1)
        Buckets: 131072  Batches: 64  Memory Usage: 2415kB
        ->  Seq Scan on title t  (cost=0.00..61283.27 rows=2528527 width=4) (actual time=0.016..795.627 rows=2528312 loops=1)
Planning time: 0.501 ms
Execution time: 3667.611 ms
