Seq Scan on movie_keyword mk  (cost=0.00..81003.12 rows=1584585 width=0) (actual time=0.026..1186.852 rows=1595325 loops=1)
  Filter: (keyword_id < 2444)
  Rows Removed by Filter: 2928605
Planning time: 0.279 ms
Execution time: 1386.888 ms
