Hash Join  (cost=72333.74..515006.31 rows=855409 width=0) (actual time=1157.481..11091.528 rows=982108 loops=1)
  Hash Cond: (mi.movie_id = t.id)
  ->  Seq Scan on movie_info mi  (cost=0.00..346232.03 rows=7503588 width=4) (actual time=0.019..6515.879 rows=7548855 loops=1)
        Filter: (info_type_id > 7)
        Rows Removed by Filter: 7286865
  ->  Hash  (cost=67604.59..67604.59 rows=288252 width=4) (actual time=1156.650..1156.650 rows=285055 loops=1)
        Buckets: 131072  Batches: 4  Memory Usage: 3533kB
        ->  Seq Scan on title t  (cost=0.00..67604.59 rows=288252 width=4) (actual time=0.047..1058.549 rows=285055 loops=1)
              Filter: (production_year < 1964)
              Rows Removed by Filter: 2243257
Planning time: 1.174 ms
Execution time: 11217.728 ms
