Hash Join  (cost=365418.15..1439321.87 rows=13509792 width=0) (actual time=8300.193..42313.737 rows=69265688 loops=1)
  Hash Cond: (ci.movie_id = t.id)
  ->  Seq Scan on cast_info ci  (cost=0.00..796071.18 rows=7550929 width=4) (actual time=399.041..12275.811 rows=11009548 loops=1)
        Filter: ((person_id > 1923790) AND (role_id > 2))
        Rows Removed by Filter: 25234796
  ->  Hash  (cost=291197.02..291197.02 rows=4523930 width=8) (actual time=7899.309..7899.309 rows=4523930 loops=1)
        Buckets: 131072  Batches: 64  Memory Usage: 3816kB
        ->  Hash Join  (cost=102767.86..291197.02 rows=4523930 width=8) (actual time=1672.945..6612.842 rows=4523930 loops=1)
              Hash Cond: (mk.movie_id = t.id)
              ->  Seq Scan on movie_keyword mk  (cost=0.00..69693.30 rows=4523930 width=4) (actual time=0.019..1226.161 rows=4523930 loops=1)
              ->  Hash  (cost=61283.27..61283.27 rows=2528527 width=4) (actual time=1672.112..1672.112 rows=2528312 loops=1)
                    Buckets: 131072  Batches: 64  Memory Usage: 2425kB
                    ->  Seq Scan on title t  (cost=0.00..61283.27 rows=2528527 width=4) (actual time=0.017..813.708 rows=2528312 loops=1)
Planning time: 1.121 ms
Execution time: 49884.287 ms
