Hash Join  (cost=250937.74..346124.61 rows=1460734 width=0) (actual time=5264.190..9962.935 rows=11003914 loops=1)
  Hash Cond: (mc.movie_id = t.id)
  ->  Seq Scan on movie_companies mc  (cost=0.00..44881.29 rows=2609129 width=4) (actual time=0.026..698.481 rows=2609129 loops=1)
  ->  Hash  (cost=227712.63..227712.63 rows=1415609 width=8) (actual time=5263.214..5263.214 rows=1429133 loops=1)
        Buckets: 131072  Batches: 32  Memory Usage: 2756kB
        ->  Hash Join  (cost=102767.86..227712.63 rows=1415609 width=8) (actual time=1716.692..4821.831 rows=1429133 loops=1)
              Hash Cond: (mk.movie_id = t.id)
              ->  Seq Scan on movie_keyword mk  (cost=0.00..81003.12 rows=1415609 width=4) (actual time=0.016..1243.078 rows=1429133 loops=1)
                    Filter: (keyword_id > 11662)
                    Rows Removed by Filter: 3094797
              ->  Hash  (cost=61283.27..61283.27 rows=2528527 width=4) (actual time=1714.546..1714.546 rows=2528312 loops=1)
                    Buckets: 131072  Batches: 64  Memory Usage: 2425kB
                    ->  Seq Scan on title t  (cost=0.00..61283.27 rows=2528527 width=4) (actual time=0.019..856.452 rows=2528312 loops=1)
Planning time: 1.470 ms
Execution time: 11091.373 ms
