Seq Scan on movie_companies mc  (cost=0.00..57926.93 rows=914763 width=0) (actual time=0.013..862.721 rows=592735 loops=1)
  Filter: ((company_id < 28233) AND (company_type_id = 2))
  Rows Removed by Filter: 2016394
Planning time: 0.336 ms
Execution time: 940.697 ms
