Hash Join  (cost=98137.04..174363.16 rows=402370 width=0) (actual time=1916.334..2631.372 rows=51488 loops=1)
  Hash Cond: (mc.movie_id = t.id)
  ->  Seq Scan on movie_companies mc  (cost=0.00..57926.93 rows=546698 width=4) (actual time=280.412..579.095 rows=265257 loops=1)
        Filter: ((company_id > 13614) AND (company_type_id < 2))
        Rows Removed by Filter: 2343872
  ->  Hash  (cost=67604.59..67604.59 rows=1860996 width=4) (actual time=1634.624..1634.624 rows=1865487 loops=1)
        Buckets: 131072  Batches: 32  Memory Usage: 3079kB
        ->  Seq Scan on title t  (cost=0.00..67604.59 rows=1860996 width=4) (actual time=0.023..1035.717 rows=1865487 loops=1)
              Filter: (kind_id > 1)
              Rows Removed by Filter: 662825
Planning time: 0.566 ms
Execution time: 2637.544 ms
