Hash Join  (cost=263115.61..1626652.27 rows=23585184 width=0) (actual time=6777.569..48780.110 rows=52411389 loops=1)
  Hash Cond: (ci.movie_id = t.id)
  ->  Seq Scan on cast_info ci  (cost=0.00..796071.18 rows=22856583 width=4) (actual time=0.015..16640.566 rows=23348131 loops=1)
        Filter: ((person_id > 90787) AND (role_id > 1))
        Rows Removed by Filter: 12896213
  ->  Hash  (cost=220309.49..220309.49 rows=2609129 width=8) (actual time=6774.441..6774.441 rows=2609129 loops=1)
        Buckets: 131072  Batches: 64  Memory Usage: 2610kB
        ->  Hash Join  (cost=102767.86..220309.49 rows=2609129 width=8) (actual time=2296.992..6079.963 rows=2609129 loops=1)
              Hash Cond: (mc.movie_id = t.id)
              ->  Seq Scan on movie_companies mc  (cost=0.00..44881.29 rows=2609129 width=4) (actual time=0.017..764.934 rows=2609129 loops=1)
              ->  Hash  (cost=61283.27..61283.27 rows=2528527 width=4) (actual time=2295.736..2295.736 rows=2528312 loops=1)
                    Buckets: 131072  Batches: 64  Memory Usage: 2415kB
                    ->  Seq Scan on title t  (cost=0.00..61283.27 rows=2528527 width=4) (actual time=0.013..846.704 rows=2528312 loops=1)
Planning time: 0.761 ms
Execution time: 54093.921 ms
