Hash Join  (cost=83060.47..166030.12 rows=574513 width=0) (actual time=1153.328..3136.600 rows=826432 loops=1)
  Hash Cond: (mc.movie_id = t.id)
  ->  Seq Scan on movie_companies mc  (cost=0.00..44881.29 rows=2609129 width=4) (actual time=0.020..645.992 rows=2609129 loops=1)
  ->  Hash  (cost=73925.90..73925.90 rows=556765 width=4) (actual time=1152.541..1152.541 rows=434157 loops=1)
        Buckets: 131072  Batches: 8  Memory Usage: 2944kB
        ->  Seq Scan on title t  (cost=0.00..73925.90 rows=556765 width=4) (actual time=0.104..1019.820 rows=434157 loops=1)
              Filter: ((production_year > 1968) AND (kind_id = 1))
              Rows Removed by Filter: 2094155
Planning time: 0.564 ms
Execution time: 3227.702 ms
