Nested Loop  (cost=32807.94..399524.49 rows=3296 width=0) (actual time=704.362..5293.517 rows=146409 loops=1)
  Join Filter: (mi.movie_id = t.id)
  ->  Hash Join  (cost=32807.51..384315.00 rows=17949 width=8) (actual time=704.292..4553.103 rows=146409 loops=1)
        Hash Cond: (mi.movie_id = mi_idx.movie_id)
        ->  Seq Scan on movie_info mi  (cost=0.00..346232.03 rows=17937 width=4) (actual time=116.846..3806.587 rows=147487 loops=1)
              Filter: (info_type_id = 107)
              Rows Removed by Filter: 14688233
        ->  Hash  (cost=25185.44..25185.44 rows=464566 width=4) (actual time=568.614..568.614 rows=459925 loops=1)
              Buckets: 131072  Batches: 8  Memory Usage: 3059kB
              ->  Seq Scan on movie_info_idx mi_idx  (cost=0.00..25185.44 rows=464566 width=4) (actual time=0.037..418.667 rows=459925 loops=1)
                    Filter: (info_type_id = 101)
                    Rows Removed by Filter: 920110
  ->  Index Only Scan using title_pkey on title t  (cost=0.43..0.83 rows=1 width=4) (actual time=0.004..0.004 rows=1 loops=146409)
        Index Cond: (id = mi_idx.movie_id)
        Heap Fetches: 146409
Planning time: 1.194 ms
Execution time: 5316.905 ms
