Nested Loop  (cost=51579.57..132732.36 rows=1 width=0) (actual time=659.342..1538.943 rows=58 loops=1)
  ->  Hash Join  (cost=51579.14..132689.96 rows=7 width=8) (actual time=628.927..1533.998 rows=352 loops=1)
        Hash Cond: (mk.movie_id = mc.movie_id)
        ->  Seq Scan on movie_keyword mk  (cost=0.00..81003.12 rows=246 width=4) (actual time=0.273..907.799 rows=1903 loops=1)
              Filter: (keyword_id = 866)
              Rows Removed by Filter: 4522027
        ->  Hash  (cost=51404.11..51404.11 rows=14002 width=4) (actual time=624.059..624.059 rows=12894 loops=1)
              Buckets: 16384  Batches: 1  Memory Usage: 582kB
              ->  Seq Scan on movie_companies mc  (cost=0.00..51404.11 rows=14002 width=4) (actual time=0.258..619.413 rows=12894 loops=1)
                    Filter: (company_id = 34)
                    Rows Removed by Filter: 2596235
  ->  Index Scan using title_pkey on title t  (cost=0.43..6.05 rows=1 width=4) (actual time=0.013..0.013 rows=0 loops=352)
        Index Cond: (id = mc.movie_id)
        Filter: (production_year > 2005)
        Rows Removed by Filter: 1
Planning time: 1.082 ms
Execution time: 1539.082 ms
