Seq Scan on cast_info ci  (cost=0.00..796071.18 rows=176 width=0) (actual time=10024.528..10605.376 rows=436 loops=1)
  Filter: ((role_id < 2) AND (person_id = 1329531))
  Rows Removed by Filter: 36243908
Planning time: 0.408 ms
Execution time: 10605.582 ms
