Seq Scan on movie_keyword mk  (cost=0.00..81003.12 rows=705721 width=0) (actual time=0.027..1088.726 rows=712061 loops=1)
  Filter: (keyword_id > 26524)
  Rows Removed by Filter: 3811869
Planning time: 0.298 ms
Execution time: 1179.429 ms
