Hash Join  (cost=201129.19..1311586.88 rows=3053947 width=0) (actual time=3719.202..29758.484 rows=9515609 loops=1)
  Hash Cond: (ci.movie_id = t.id)
  ->  Seq Scan on cast_info ci  (cost=0.00..614943.12 rows=36225612 width=4) (actual time=0.026..9842.664 rows=36244344 loops=1)
  ->  Hash  (cost=197631.64..197631.64 rows=213164 width=8) (actual time=3717.884..3717.884 rows=153334 loops=1)
        Buckets: 131072  Batches: 4  Memory Usage: 2474kB
        ->  Hash Join  (cost=69928.56..197631.64 rows=213164 width=8) (actual time=873.348..3667.015 rows=153334 loops=1)
              Hash Cond: (mk.movie_id = t.id)
              ->  Seq Scan on movie_keyword mk  (cost=0.00..81003.12 rows=3806483 width=4) (actual time=0.027..1569.503 rows=3807893 loops=1)
                    Filter: (keyword_id > 616)
                    Rows Removed by Filter: 716037
              ->  Hash  (cost=67604.59..67604.59 rows=141598 width=4) (actual time=872.435..872.435 rows=141703 loops=1)
                    Buckets: 131072  Batches: 2  Memory Usage: 3517kB
                    ->  Seq Scan on title t  (cost=0.00..67604.59 rows=141598 width=4) (actual time=0.018..820.824 rows=141703 loops=1)
                          Filter: (production_year = 2010)
                          Rows Removed by Filter: 2386609
Planning time: 1.185 ms
Execution time: 30790.181 ms
