Seq Scan on title t  (cost=0.00..67604.59 rows=7437 width=0) (actual time=8.406..803.110 rows=2291 loops=1)
  Filter: (production_year = 1947)
  Rows Removed by Filter: 2526021
Planning time: 0.329 ms
Execution time: 803.855 ms
