Hash Join  (cost=136534.96..267073.68 rows=700668 width=0) (actual time=2476.091..5708.277 rows=1051647 loops=1)
  Hash Cond: (mk.movie_id = t.id)
  ->  Seq Scan on movie_keyword mk  (cost=0.00..69693.30 rows=4523930 width=4) (actual time=0.011..1063.238 rows=4523930 loops=1)
  ->  Hash  (cost=130109.73..130109.73 rows=391619 width=8) (actual time=2475.313..2475.313 rows=276264 loops=1)
        Buckets: 131072  Batches: 8  Memory Usage: 2394kB
        ->  Hash Join  (cost=85698.05..130109.73 rows=391619 width=8) (actual time=1202.119..2383.311 rows=276264 loops=1)
              Hash Cond: (mi_idx.movie_id = t.id)
              ->  Seq Scan on movie_info_idx mi_idx  (cost=0.00..21735.35 rows=1380035 width=4) (actual time=0.007..367.838 rows=1380035 loops=1)
              ->  Hash  (cost=73925.90..73925.90 rows=717532 width=4) (actual time=1201.389..1201.389 rows=608431 loops=1)
                    Buckets: 131072  Batches: 16  Memory Usage: 2362kB
                    ->  Seq Scan on title t  (cost=0.00..73925.90 rows=717532 width=4) (actual time=0.021..994.946 rows=608431 loops=1)
                          Filter: ((kind_id > 2) AND (production_year < 2000))
                          Rows Removed by Filter: 1919881
Planning time: 0.612 ms
Execution time: 5834.100 ms
