Seq Scan on movie_keyword mk  (cost=0.00..81003.12 rows=3296415 width=0) (actual time=0.021..1279.301 rows=3286002 loops=1)
  Filter: (keyword_id < 14619)
  Rows Removed by Filter: 1237928
Planning time: 0.276 ms
Execution time: 1701.836 ms
