Hash Join  (cost=709676.99..796340.52 rows=549 width=0) (actual time=9358.430..10397.831 rows=11 loops=1)
  Hash Cond: (mk.movie_id = t.id)
  ->  Seq Scan on movie_keyword mk  (cost=0.00..69693.30 rows=4523930 width=4) (actual time=0.018..794.609 rows=4523930 loops=1)
  ->  Hash  (cost=709673.15..709673.15 rows=307 width=8) (actual time=8842.677..8842.677 rows=2 loops=1)
        Buckets: 1024  Batches: 1  Memory Usage: 9kB
        ->  Nested Loop  (cost=0.43..709673.15 rows=307 width=8) (actual time=3268.674..8842.631 rows=2 loops=1)
              ->  Seq Scan on cast_info ci  (cost=0.00..705507.15 rows=500 width=4) (actual time=3268.524..8842.199 rows=9 loops=1)
                    Filter: (person_id = 409688)
                    Rows Removed by Filter: 36244335
              ->  Index Scan using title_pkey on title t  (cost=0.43..8.32 rows=1 width=4) (actual time=0.035..0.036 rows=0 loops=9)
                    Index Cond: (id = ci.movie_id)
                    Filter: (production_year < 2007)
                    Rows Removed by Filter: 1
Planning time: 1.173 ms
Execution time: 10397.968 ms
