Seq Scan on cast_info ci  (cost=0.00..796071.18 rows=4016625 width=0) (actual time=0.016..10303.753 rows=7449196 loops=1)
  Filter: ((person_id > 1600552) AND (role_id = 2))
  Rows Removed by Filter: 28795148
Planning time: 0.412 ms
Execution time: 11184.219 ms
