Hash Join  (cost=150539.25..275553.08 rows=670038 width=0) (actual time=4987.513..6256.516 rows=468540 loops=1)
  Hash Cond: (mk.movie_id = t.id)
  ->  Seq Scan on movie_keyword mk  (cost=0.00..81003.12 rows=3038221 width=4) (actual time=0.015..1695.679 rows=3022311 loops=1)
        Filter: (keyword_id < 10815)
        Rows Removed by Filter: 1501619
  ->  Hash  (cost=141389.85..141389.85 rows=557632 width=8) (actual time=3186.255..3186.255 rows=283812 loops=1)
        Buckets: 131072  Batches: 8  Memory Usage: 2415kB
        ->  Hash Join  (cost=92883.59..141389.85 rows=557632 width=8) (actual time=1822.699..3106.324 rows=283812 loops=1)
              Hash Cond: (mi_idx.movie_id = t.id)
              ->  Seq Scan on movie_info_idx mi_idx  (cost=0.00..25185.44 rows=915101 width=4) (actual time=0.020..546.318 rows=919850 loops=1)
                    Filter: (info_type_id < 101)
                    Rows Removed by Filter: 460185
              ->  Hash  (cost=67604.59..67604.59 rows=1540800 width=4) (actual time=1794.374..1794.374 rows=1543264 loops=1)
                    Buckets: 131072  Batches: 32  Memory Usage: 2722kB
                    ->  Seq Scan on title t  (cost=0.00..67604.59 rows=1540800 width=4) (actual time=124.739..1300.087 rows=1543264 loops=1)
                          Filter: (kind_id = 7)
                          Rows Removed by Filter: 985048
Planning time: 1.271 ms
Execution time: 6317.374 ms
