Seq Scan on cast_info ci  (cost=0.00..796071.18 rows=12300191 width=0) (actual time=2785.238..14488.876 rows=11861473 loops=1)
  Filter: ((person_id > 113740) AND (role_id = 1))
  Rows Removed by Filter: 24382871
Planning time: 0.336 ms
Execution time: 16011.204 ms
