Hash Join  (cost=762539.04..2040779.71 rows=26884127 width=0) (actual time=21044.613..67824.036 rows=107529332 loops=1)
  Hash Cond: (ci.movie_id = t.id)
  ->  Seq Scan on cast_info ci  (cost=0.00..796071.18 rows=9059298 width=4) (actual time=4906.078..14004.033 rows=10246852 loops=1)
        Filter: ((person_id > 903488) AND (role_id > 3))
        Rows Removed by Filter: 25997492
  ->  Hash  (cost=639433.19..639433.19 rows=7503588 width=8) (actual time=16135.020..16135.020 rows=7548855 loops=1)
        Buckets: 131072  Batches: 128  Memory Usage: 3325kB
        ->  Hash Join  (cost=102767.86..639433.19 rows=7503588 width=8) (actual time=1468.219..13786.647 rows=7548855 loops=1)
              Hash Cond: (mi.movie_id = t.id)
              ->  Seq Scan on movie_info mi  (cost=0.00..346232.03 rows=7503588 width=4) (actual time=0.063..5049.376 rows=7548855 loops=1)
                    Filter: (info_type_id > 7)
                    Rows Removed by Filter: 7286865
              ->  Hash  (cost=61283.27..61283.27 rows=2528527 width=4) (actual time=1466.103..1466.103 rows=2528312 loops=1)
                    Buckets: 131072  Batches: 64  Memory Usage: 2425kB
                    ->  Seq Scan on title t  (cost=0.00..61283.27 rows=2528527 width=4) (actual time=0.026..697.407 rows=2528312 loops=1)
Planning time: 1.130 ms
Execution time: 79750.002 ms
