Hash Join  (cost=83072.94..815948.63 rows=8 width=0) (actual time=1328.827..12929.769 rows=23 loops=1)
  Hash Cond: (ci.movie_id = t.id)
  ->  Seq Scan on cast_info ci  (cost=0.00..705507.15 rows=7298253 width=4) (actual time=0.014..10873.141 rows=7451973 loops=1)
        Filter: (role_id = 2)
        Rows Removed by Filter: 28792371
  ->  Hash  (cost=83072.90..83072.90 rows=3 width=8) (actual time=1021.904..1021.904 rows=2 loops=1)
        Buckets: 1024  Batches: 1  Memory Usage: 9kB
        ->  Nested Loop  (cost=0.43..83072.90 rows=3 width=8) (actual time=296.613..1021.891 rows=2 loops=1)
              ->  Seq Scan on movie_keyword mk  (cost=0.00..81003.12 rows=246 width=4) (actual time=8.511..1016.050 rows=138 loops=1)
                    Filter: (keyword_id = 3194)
                    Rows Removed by Filter: 4523792
              ->  Index Scan using title_pkey on title t  (cost=0.43..8.40 rows=1 width=4) (actual time=0.039..0.040 rows=0 loops=138)
                    Index Cond: (id = mk.movie_id)
                    Filter: ((kind_id = 1) AND (production_year = 2006))
                    Rows Removed by Filter: 1
Planning time: 1.187 ms
Execution time: 12929.969 ms
