Hash Join  (cost=102767.86..919822.64 rows=461514 width=0) (actual time=11001.279..15177.884 rows=184690 loops=1)
  Hash Cond: (ci.movie_id = t.id)
  ->  Seq Scan on cast_info ci  (cost=0.00..796071.18 rows=461514 width=4) (actual time=9090.378..12717.816 rows=184690 loops=1)
        Filter: ((person_id < 1425016) AND (role_id = 9))
        Rows Removed by Filter: 36059654
  ->  Hash  (cost=61283.27..61283.27 rows=2528527 width=4) (actual time=1909.422..1909.422 rows=2528312 loops=1)
        Buckets: 131072  Batches: 64  Memory Usage: 2415kB
        ->  Seq Scan on title t  (cost=0.00..61283.27 rows=2528527 width=4) (actual time=0.017..1092.109 rows=2528312 loops=1)
Planning time: 0.763 ms
Execution time: 15200.064 ms
