Hash Join  (cost=473173.43..556476.88 rows=598693 width=0) (actual time=6568.972..8371.962 rows=402947 loops=1)
  Hash Cond: (mc.movie_id = t.id)
  ->  Seq Scan on movie_companies mc  (cost=0.00..44881.29 rows=2609129 width=4) (actual time=0.019..691.945 rows=2609129 loops=1)
  ->  Hash  (cost=463653.95..463653.95 rows=580198 width=8) (actual time=6568.019..6568.019 rows=321020 loops=1)
        Buckets: 131072  Batches: 8  Memory Usage: 2590kB
        ->  Hash Join  (cost=91779.43..463653.95 rows=580198 width=8) (actual time=2684.263..6462.787 rows=321020 loops=1)
              Hash Cond: (mi.movie_id = t.id)
              ->  Seq Scan on movie_info mi  (cost=0.00..346232.03 rows=1348138 width=4) (actual time=1323.940..4077.941 rows=1298989 loops=1)
                    Filter: (info_type_id = 4)
                    Rows Removed by Filter: 13536731
              ->  Hash  (cost=73925.90..73925.90 rows=1088202 width=4) (actual time=1359.212..1359.212 rows=1210479 loops=1)
                    Buckets: 131072  Batches: 16  Memory Usage: 3701kB
                    ->  Seq Scan on title t  (cost=0.00..73925.90 rows=1088202 width=4) (actual time=0.038..1009.857 rows=1210479 loops=1)
                          Filter: ((kind_id > 3) AND (production_year > 1994))
                          Rows Removed by Filter: 1317833
Planning time: 1.141 ms
Execution time: 8407.246 ms
