Seq Scan on movie_companies mc  (cost=0.00..51404.11 rows=104 width=0) (actual time=169.079..711.272 rows=25 loops=1)
  Filter: (company_id = 4559)
  Rows Removed by Filter: 2609104
Planning time: 0.331 ms
Execution time: 711.347 ms
