Hash Join  (cost=102767.86..190257.76 rows=818029 width=0) (actual time=1646.069..3381.543 rows=609588 loops=1)
  Hash Cond: (mc.movie_id = t.id)
  ->  Seq Scan on movie_companies mc  (cost=0.00..57926.93 rows=818029 width=4) (actual time=0.017..925.779 rows=609588 loops=1)
        Filter: ((company_id > 3503) AND (company_type_id < 2))
        Rows Removed by Filter: 1999541
  ->  Hash  (cost=61283.27..61283.27 rows=2528527 width=4) (actual time=1645.243..1645.243 rows=2528312 loops=1)
        Buckets: 131072  Batches: 64  Memory Usage: 2415kB
        ->  Seq Scan on title t  (cost=0.00..61283.27 rows=2528527 width=4) (actual time=0.025..793.791 rows=2528312 loops=1)
Planning time: 0.732 ms
Execution time: 3449.992 ms
