Hash Join  (cost=263115.61..1348916.88 rows=15663656 width=0) (actual time=8601.095..34177.068 rows=34680542 loops=1)
  Hash Cond: (ci.movie_id = t.id)
  ->  Seq Scan on cast_info ci  (cost=0.00..705507.15 rows=15179770 width=4) (actual time=2739.976..11281.326 rows=15323165 loops=1)
        Filter: (person_id > 2108802)
        Rows Removed by Filter: 20921179
  ->  Hash  (cost=220309.49..220309.49 rows=2609129 width=8) (actual time=5859.369..5859.369 rows=2609129 loops=1)
        Buckets: 131072  Batches: 64  Memory Usage: 2610kB
        ->  Hash Join  (cost=102767.86..220309.49 rows=2609129 width=8) (actual time=1590.650..5036.725 rows=2609129 loops=1)
              Hash Cond: (mc.movie_id = t.id)
              ->  Seq Scan on movie_companies mc  (cost=0.00..44881.29 rows=2609129 width=4) (actual time=0.024..801.511 rows=2609129 loops=1)
              ->  Hash  (cost=61283.27..61283.27 rows=2528527 width=4) (actual time=1588.966..1588.966 rows=2528312 loops=1)
                    Buckets: 131072  Batches: 64  Memory Usage: 2415kB
                    ->  Seq Scan on title t  (cost=0.00..61283.27 rows=2528527 width=4) (actual time=0.015..751.023 rows=2528312 loops=1)
Planning time: 1.087 ms
Execution time: 38045.578 ms
