Hash Join  (cost=102767.86..227718.07 rows=1415821 width=0) (actual time=1575.734..4240.360 rows=1432639 loops=1)
  Hash Cond: (mk.movie_id = t.id)
  ->  Seq Scan on movie_keyword mk  (cost=0.00..81003.12 rows=1415821 width=4) (actual time=0.021..1123.950 rows=1432639 loops=1)
        Filter: (keyword_id < 1977)
        Rows Removed by Filter: 3091291
  ->  Hash  (cost=61283.27..61283.27 rows=2528527 width=4) (actual time=1574.744..1574.744 rows=2528312 loops=1)
        Buckets: 131072  Batches: 64  Memory Usage: 2425kB
        ->  Seq Scan on title t  (cost=0.00..61283.27 rows=2528527 width=4) (actual time=0.021..763.017 rows=2528312 loops=1)
Planning time: 0.729 ms
Execution time: 4422.278 ms
