Seq Scan on cast_info ci  (cost=0.00..705507.15 rows=2829069 width=0) (actual time=0.015..8190.971 rows=2877903 loops=1)
  Filter: (person_id > 3520669)
  Rows Removed by Filter: 33366441
Planning time: 0.333 ms
Execution time: 8564.006 ms
