Hash Join  (cost=317519.71..1225963.55 rows=8834761 width=0) (actual time=7377.603..29278.163 rows=24332586 loops=1)
  Hash Cond: (ci.movie_id = t.id)
  ->  Seq Scan on cast_info ci  (cost=0.00..705507.15 rows=7298253 width=4) (actual time=804.940..11469.115 rows=7451973 loops=1)
        Filter: (role_id = 2)
        Rows Removed by Filter: 28792371
  ->  Hash  (cost=267301.96..267301.96 rows=3060860 width=8) (actual time=6571.514..6571.514 rows=3048688 loops=1)
        Buckets: 131072  Batches: 64  Memory Usage: 2905kB
        ->  Hash Join  (cost=102767.86..267301.96 rows=3060860 width=8) (actual time=1584.141..5715.674 rows=3048688 loops=1)
              Hash Cond: (mk.movie_id = t.id)
              ->  Seq Scan on movie_keyword mk  (cost=0.00..81003.12 rows=3060860 width=4) (actual time=0.025..1477.084 rows=3048688 loops=1)
                    Filter: (keyword_id < 11161)
                    Rows Removed by Filter: 1475242
              ->  Hash  (cost=61283.27..61283.27 rows=2528527 width=4) (actual time=1583.151..1583.151 rows=2528312 loops=1)
                    Buckets: 131072  Batches: 64  Memory Usage: 2425kB
                    ->  Seq Scan on title t  (cost=0.00..61283.27 rows=2528527 width=4) (actual time=0.021..731.701 rows=2528312 loops=1)
Planning time: 7.321 ms
Execution time: 32219.413 ms
