Hash Join  (cost=146811.64..954832.00 rows=1596576 width=0) (actual time=3004.411..18423.825 rows=1699845 loops=1)
  Hash Cond: (ci.movie_id = t.id)
  ->  Seq Scan on cast_info ci  (cost=0.00..705507.15 rows=7298253 width=4) (actual time=0.021..11879.389 rows=7451973 loops=1)
        Filter: (role_id = 2)
        Rows Removed by Filter: 28792371
  ->  Hash  (cost=137736.34..137736.34 rows=553144 width=8) (actual time=3003.529..3003.529 rows=297300 loops=1)
        Buckets: 131072  Batches: 8  Memory Usage: 2471kB
        ->  Hash Join  (cost=90553.42..137736.34 rows=553144 width=8) (actual time=1761.609..2908.788 rows=297300 loops=1)
              Hash Cond: (mi_idx.movie_id = t.id)
              ->  Seq Scan on movie_info_idx mi_idx  (cost=0.00..21735.35 rows=1380035 width=4) (actual time=0.014..303.210 rows=1380035 loops=1)
              ->  Hash  (cost=73925.90..73925.90 rows=1013481 width=4) (actual time=1760.609..1760.609 rows=1106446 loops=1)
                    Buckets: 131072  Batches: 16  Memory Usage: 3464kB
                    ->  Seq Scan on title t  (cost=0.00..73925.90 rows=1013481 width=4) (actual time=0.019..1123.025 rows=1106446 loops=1)
                          Filter: ((kind_id > 4) AND (production_year > 1994))
                          Rows Removed by Filter: 1421866
Planning time: 1.153 ms
Execution time: 18621.914 ms
