Hash Join  (cost=102767.86..189862.00 rows=801551 width=0) (actual time=1737.667..3950.102 rows=1018369 loops=1)
  Hash Cond: (mc.movie_id = t.id)
  ->  Seq Scan on movie_companies mc  (cost=0.00..57926.93 rows=801551 width=4) (actual time=2.536..929.804 rows=1018369 loops=1)
        Filter: ((company_id > 5806) AND (company_type_id > 1))
        Rows Removed by Filter: 1590760
  ->  Hash  (cost=61283.27..61283.27 rows=2528527 width=4) (actual time=1734.084..1734.084 rows=2528312 loops=1)
        Buckets: 131072  Batches: 64  Memory Usage: 2415kB
        ->  Seq Scan on title t  (cost=0.00..61283.27 rows=2528527 width=4) (actual time=0.016..889.547 rows=2528312 loops=1)
Planning time: 0.717 ms
Execution time: 4079.320 ms
