Nested Loop  (cost=32807.94..120480.86 rows=859 width=0) (actual time=567.123..1878.926 rows=3863 loops=1)
  ->  Hash Join  (cost=32807.51..116528.54 rows=4678 width=8) (actual time=567.068..1818.286 rows=3863 loops=1)
        Hash Cond: (mk.movie_id = mi_idx.movie_id)
        ->  Seq Scan on movie_keyword mk  (cost=0.00..81003.12 rows=4675 width=4) (actual time=0.751..1170.156 rows=4400 loops=1)
              Filter: (keyword_id = 7637)
              Rows Removed by Filter: 4519530
        ->  Hash  (cost=25185.44..25185.44 rows=464566 width=4) (actual time=565.003..565.003 rows=459925 loops=1)
              Buckets: 131072  Batches: 8  Memory Usage: 3059kB
              ->  Seq Scan on movie_info_idx mi_idx  (cost=0.00..25185.44 rows=464566 width=4) (actual time=0.014..418.018 rows=459925 loops=1)
                    Filter: (info_type_id = 101)
                    Rows Removed by Filter: 920110
  ->  Index Only Scan using title_pkey on title t  (cost=0.43..0.83 rows=1 width=4) (actual time=0.015..0.015 rows=1 loops=3863)
        Index Cond: (id = mi_idx.movie_id)
        Heap Fetches: 3863
Planning time: 1.177 ms
Execution time: 1879.919 ms
