Seq Scan on movie_keyword mk  (cost=0.00..81003.12 rows=4509078 width=0) (actual time=0.014..1393.029 rows=4511957 loops=1)
  Filter: (keyword_id < 123490)
  Rows Removed by Filter: 11973
Planning time: 0.330 ms
Execution time: 1974.289 ms
