Hash Join  (cost=126445.45..209988.60 rows=358 width=0) (actual time=1542.555..2761.753 rows=172 loops=1)
  Hash Cond: (mk.movie_id = t.id)
  ->  Seq Scan on movie_keyword mk  (cost=0.00..81003.12 rows=676383 width=4) (actual time=0.021..1123.105 rows=681702 loops=1)
        Filter: (keyword_id > 27549)
        Rows Removed by Filter: 3842228
  ->  Hash  (cost=126428.72..126428.72 rows=1339 width=8) (actual time=1540.686..1540.686 rows=261 loops=1)
        Buckets: 2048  Batches: 1  Memory Usage: 27kB
        ->  Hash Join  (cost=68237.77..126428.72 rows=1339 width=8) (actual time=953.107..1540.485 rows=261 loops=1)
              Hash Cond: (mc.movie_id = t.id)
              ->  Seq Scan on movie_companies mc  (cost=0.00..57926.93 rows=66831 width=4) (actual time=102.183..684.386 rows=23541 loops=1)
                    Filter: ((company_id < 27) AND (company_type_id > 1))
                    Rows Removed by Filter: 2585588
              ->  Hash  (cost=67604.59..67604.59 rows=50655 width=4) (actual time=844.406..844.406 rows=50564 loops=1)
                    Buckets: 65536  Batches: 1  Memory Usage: 2290kB
                    ->  Seq Scan on title t  (cost=0.00..67604.59 rows=50655 width=4) (actual time=0.030..823.525 rows=50564 loops=1)
                          Filter: (production_year = 1999)
                          Rows Removed by Filter: 2477748
Planning time: 1.113 ms
Execution time: 2762.017 ms
