Hash Join  (cost=450008.49..577080.84 rows=416131 width=0) (actual time=6503.771..20632.836 rows=51356673 loops=1)
  Hash Cond: (mk.movie_id = t.id)
  ->  Seq Scan on movie_keyword mk  (cost=0.00..69693.30 rows=4523930 width=4) (actual time=0.023..1125.232 rows=4523930 loops=1)
  ->  Hash  (cost=446192.18..446192.18 rows=232585 width=8) (actual time=6502.169..6502.169 rows=794692 loops=1)
        Buckets: 131072 (originally 131072)  Batches: 16 (originally 4)  Memory Usage: 3073kB
        ->  Hash Join  (cost=82257.13..446192.18 rows=232585 width=8) (actual time=2384.752..6271.500 rows=794692 loops=1)
              Hash Cond: (mi.movie_id = t.id)
              ->  Seq Scan on movie_info mi  (cost=0.00..346232.03 rows=1158179 width=4) (actual time=1302.620..4322.280 rows=1204709 loops=1)
                    Filter: (info_type_id > 18)
                    Rows Removed by Filter: 13631011
              ->  Hash  (cost=73925.90..73925.90 rows=507778 width=4) (actual time=1081.316..1081.316 rows=524129 loops=1)
                    Buckets: 131072  Batches: 8  Memory Usage: 3348kB
                    ->  Seq Scan on title t  (cost=0.00..73925.90 rows=507778 width=4) (actual time=0.019..913.904 rows=524129 loops=1)
                          Filter: ((kind_id < 2) AND (production_year < 2010))
                          Rows Removed by Filter: 2004183
Planning time: 1.136 ms
Execution time: 26357.628 ms
