Hash Join  (cost=127846.56..214660.40 rows=15580 width=0) (actual time=1988.902..3792.628 rows=1 loops=1)
  Hash Cond: (mk.movie_id = t.id)
  ->  Seq Scan on movie_keyword mk  (cost=0.00..69693.30 rows=4523930 width=4) (actual time=0.022..1044.267 rows=4523930 loops=1)
  ->  Hash  (cost=127737.71..127737.71 rows=8708 width=8) (actual time=1981.566..1981.566 rows=1 loops=1)
        Buckets: 16384  Batches: 1  Memory Usage: 129kB
        ->  Hash Join  (cost=68363.15..127737.71 rows=8708 width=8) (actual time=1876.831..1981.523 rows=1 loops=1)
              Hash Cond: (mc.movie_id = t.id)
              ->  Seq Scan on movie_companies mc  (cost=0.00..57926.93 rows=362813 width=4) (actual time=423.639..917.010 rows=205310 loops=1)
                    Filter: ((company_id < 1310) AND (company_type_id > 1))
                    Rows Removed by Filter: 2403819
              ->  Hash  (cost=67604.59..67604.59 rows=60685 width=4) (actual time=994.042..994.042 rows=59847 loops=1)
                    Buckets: 65536  Batches: 1  Memory Usage: 2616kB
                    ->  Seq Scan on title t  (cost=0.00..67604.59 rows=60685 width=4) (actual time=270.909..971.782 rows=59847 loops=1)
                          Filter: (production_year < 1915)
                          Rows Removed by Filter: 2468465
Planning time: 1.251 ms
Execution time: 3792.886 ms
