Hash Join  (cost=147488.07..1196641.76 rows=1494253 width=0) (actual time=2717.752..28769.270 rows=5518488 loops=1)
  Hash Cond: (ci.movie_id = t.id)
  ->  Seq Scan on cast_info ci  (cost=0.00..614943.12 rows=36225612 width=4) (actual time=0.024..10258.992 rows=36244344 loops=1)
  ->  Hash  (cost=145776.34..145776.34 rows=104298 width=8) (actual time=2716.902..2716.902 rows=312373 loops=1)
        Buckets: 131072 (originally 131072)  Batches: 4 (originally 2)  Memory Usage: 4076kB
        ->  Hash Join  (cost=77180.21..145776.34 rows=104298 width=8) (actual time=1420.543..2630.639 rows=312373 loops=1)
              Hash Cond: (mc.movie_id = t.id)
              ->  Seq Scan on movie_companies mc  (cost=0.00..51404.11 rows=1329612 width=4) (actual time=74.275..883.357 rows=1334883 loops=1)
                    Filter: (company_type_id = 2)
                    Rows Removed by Filter: 1274246
              ->  Hash  (cost=73925.90..73925.90 rows=198344 width=4) (actual time=1015.617..1015.617 rows=331222 loops=1)
                    Buckets: 131072  Batches: 4  Memory Usage: 3937kB
                    ->  Seq Scan on title t  (cost=0.00..73925.90 rows=198344 width=4) (actual time=212.274..907.980 rows=331222 loops=1)
                          Filter: ((production_year < 1993) AND (kind_id = 1))
                          Rows Removed by Filter: 2197090
Planning time: 1.212 ms
Execution time: 29298.047 ms
