Seq Scan on cast_info ci  (cost=0.00..796071.18 rows=176 width=0) (actual time=5332.813..8477.274 rows=39 loops=1)
  Filter: ((person_id = 412225) AND (role_id = 1))
  Rows Removed by Filter: 36244305
Planning time: 0.355 ms
Execution time: 8477.412 ms
