Hash Join  (cost=180595.23..667221.92 rows=639174 width=0) (actual time=2918.562..12231.620 rows=153575 loops=1)
  Hash Cond: (mi.movie_id = t.id)
  ->  Seq Scan on movie_info mi  (cost=0.00..309384.22 rows=14739122 width=4) (actual time=0.011..4440.873 rows=14835720 loops=1)
  ->  Hash  (cost=178795.58..178795.58 rows=109652 width=8) (actual time=2917.248..2917.248 rows=14378 loops=1)
        Buckets: 131072  Batches: 2  Memory Usage: 1311kB
        ->  Hash Join  (cost=76636.24..178795.58 rows=109652 width=8) (actual time=1456.678..2912.456 rows=14378 loops=1)
              Hash Cond: (mk.movie_id = t.id)
              ->  Seq Scan on movie_keyword mk  (cost=0.00..81003.12 rows=1678851 width=4) (actual time=0.023..1341.678 rows=1689298 loops=1)
                    Filter: (keyword_id > 8567)
                    Rows Removed by Filter: 2834632
              ->  Hash  (cost=73925.90..73925.90 rows=165147 width=4) (actual time=979.193..979.193 rows=53429 loops=1)
                    Buckets: 131072  Batches: 4  Memory Usage: 1500kB
                    ->  Seq Scan on title t  (cost=0.00..73925.90 rows=165147 width=4) (actual time=14.456..958.951 rows=53429 loops=1)
                          Filter: ((kind_id > 3) AND (production_year < 1961))
                          Rows Removed by Filter: 2474883
Planning time: 1.182 ms
Execution time: 12252.098 ms
