Hash Join  (cost=884915.46..912025.20 rows=19926 width=0) (actual time=10636.892..11119.546 rows=26055 loops=1)
  Hash Cond: (mi_idx.movie_id = t.id)
  ->  Seq Scan on movie_info_idx mi_idx  (cost=0.00..21735.35 rows=1380035 width=4) (actual time=0.022..215.870 rows=1380035 loops=1)
  ->  Hash  (cost=884459.09..884459.09 rows=36509 width=8) (actual time=10636.381..10636.381 rows=9596 loops=1)
        Buckets: 65536  Batches: 1  Memory Usage: 887kB
        ->  Hash Join  (cost=83891.93..884459.09 rows=36509 width=8) (actual time=1349.623..10632.015 rows=9596 loops=1)
              Hash Cond: (ci.movie_id = t.id)
              ->  Seq Scan on cast_info ci  (cost=0.00..796071.18 rows=151972 width=4) (actual time=65.437..9219.518 rows=43401 loops=1)
                    Filter: ((person_id < 119561) AND (role_id = 10))
                    Rows Removed by Filter: 36200943
              ->  Hash  (cost=73925.90..73925.90 rows=607442 width=4) (actual time=1283.075..1283.075 rows=675690 loops=1)
                    Buckets: 131072  Batches: 8  Memory Usage: 4012kB
                    ->  Seq Scan on title t  (cost=0.00..73925.90 rows=607442 width=4) (actual time=0.027..1070.619 rows=675690 loops=1)
                          Filter: ((kind_id < 7) AND (production_year < 2007))
                          Rows Removed by Filter: 1852622
Planning time: 1.151 ms
Execution time: 11123.510 ms
