Hash Join  (cost=94555.35..206007.36 rows=767967 width=0) (actual time=1847.689..4074.736 rows=170810 loops=1)
  Hash Cond: (mk.movie_id = t.id)
  ->  Seq Scan on movie_keyword mk  (cost=0.00..81003.12 rows=1544322 width=4) (actual time=0.030..1272.975 rows=1552994 loops=1)
        Filter: (keyword_id < 2297)
        Rows Removed by Filter: 2970936
  ->  Hash  (cost=73925.90..73925.90 rows=1257396 width=4) (actual time=1557.224..1557.224 rows=1340616 loops=1)
        Buckets: 131072  Batches: 32  Memory Usage: 2508kB
        ->  Seq Scan on title t  (cost=0.00..73925.90 rows=1257396 width=4) (actual time=0.018..1121.908 rows=1340616 loops=1)
              Filter: ((production_year > 1971) AND (kind_id = 7))
              Rows Removed by Filter: 1187696
Planning time: 0.717 ms
Execution time: 4097.383 ms
