Seq Scan on cast_info ci  (cost=0.00..796071.18 rows=1523740 width=0) (actual time=5830.349..10886.169 rows=3425903 loops=1)
  Filter: ((person_id > 2389043) AND (role_id = 10))
  Rows Removed by Filter: 32818441
Planning time: 0.342 ms
Execution time: 11317.301 ms
