Seq Scan on movie_keyword mk  (cost=0.00..81003.12 rows=246 width=0) (actual time=3.255..1103.795 rows=287 loops=1)
  Filter: (keyword_id = 3540)
  Rows Removed by Filter: 4523643
Planning time: 0.298 ms
Execution time: 1104.010 ms
