Hash Join  (cost=102767.86..282900.17 rows=3709119 width=0) (actual time=1693.631..6172.815 rows=3702977 loops=1)
  Hash Cond: (mk.movie_id = t.id)
  ->  Seq Scan on movie_keyword mk  (cost=0.00..81003.12 rows=3709119 width=4) (actual time=0.013..1536.712 rows=3702977 loops=1)
        Filter: (keyword_id < 22340)
        Rows Removed by Filter: 820953
  ->  Hash  (cost=61283.27..61283.27 rows=2528527 width=4) (actual time=1692.337..1692.337 rows=2528312 loops=1)
        Buckets: 131072  Batches: 64  Memory Usage: 2425kB
        ->  Seq Scan on title t  (cost=0.00..61283.27 rows=2528527 width=4) (actual time=0.016..824.433 rows=2528312 loops=1)
Planning time: 0.702 ms
Execution time: 6570.618 ms
