Seq Scan on cast_info ci  (cost=0.00..796071.18 rows=101 width=0) (actual time=868.716..9211.492 rows=86 loops=1)
  Filter: ((person_id = 2679884) AND (role_id = 2))
  Rows Removed by Filter: 36244258
Planning time: 0.377 ms
Execution time: 9211.609 ms
