Seq Scan on movie_companies mc  (cost=0.00..57926.93 rows=933759 width=0) (actual time=448.118..1094.294 rows=1105714 loops=1)
  Filter: ((company_id > 1609) AND (company_type_id > 1))
  Rows Removed by Filter: 1503415
Planning time: 0.263 ms
Execution time: 1235.019 ms
