Hash Join  (cost=1018504.83..3997738.47 rows=147884079 width=0) (actual time=25045.216..133431.146 rows=314172631 loops=1)
  Hash Cond: (ci.movie_id = t.id)
  ->  Seq Scan on cast_info ci  (cost=0.00..705507.15 rows=25369821 width=4) (actual time=0.021..12279.848 rows=25384986 loops=1)
        Filter: (person_id < 2620500)
        Rows Removed by Filter: 10859358
  ->  Hash  (cost=776690.81..776690.81 rows=14739122 width=8) (actual time=25043.567..25043.567 rows=14835720 loops=1)
        Buckets: 131072  Batches: 256  Memory Usage: 3268kB
        ->  Hash Join  (cost=102767.86..776690.81 rows=14739122 width=8) (actual time=2379.154..19315.740 rows=14835720 loops=1)
              Hash Cond: (mi.movie_id = t.id)
              ->  Seq Scan on movie_info mi  (cost=0.00..309384.22 rows=14739122 width=4) (actual time=0.011..4499.772 rows=14835720 loops=1)
              ->  Hash  (cost=61283.27..61283.27 rows=2528527 width=4) (actual time=2378.265..2378.265 rows=2528312 loops=1)
                    Buckets: 131072  Batches: 64  Memory Usage: 2425kB
                    ->  Seq Scan on title t  (cost=0.00..61283.27 rows=2528527 width=4) (actual time=0.027..794.125 rows=2528312 loops=1)
Planning time: 1.172 ms
Execution time: 167194.099 ms
