Seq Scan on movie_companies mc  (cost=0.00..57926.93 rows=787930 width=40) (actual time=0.018..1229.835 rows=492874 loops=1)
  Filter: ((company_id < 14486) AND (company_type_id = 2))
  Rows Removed by Filter: 2116255
Planning time: 0.518 ms
Execution time: 1258.601 ms
