Hash Join  (cost=102767.86..269312.26 rows=3144448 width=0) (actual time=1666.555..5631.193 rows=3132911 loops=1)
  Hash Cond: (mk.movie_id = t.id)
  ->  Seq Scan on movie_keyword mk  (cost=0.00..81003.12 rows=3144448 width=4) (actual time=0.023..1441.915 rows=3132911 loops=1)
        Filter: (keyword_id > 1877)
        Rows Removed by Filter: 1391019
  ->  Hash  (cost=61283.27..61283.27 rows=2528527 width=4) (actual time=1665.500..1665.500 rows=2528312 loops=1)
        Buckets: 131072  Batches: 64  Memory Usage: 2425kB
        ->  Seq Scan on title t  (cost=0.00..61283.27 rows=2528527 width=4) (actual time=0.012..792.273 rows=2528312 loops=1)
Planning time: 0.806 ms
Execution time: 5905.153 ms
