Hash Join  (cost=67697.55..128956.62 rows=7669 width=0) (actual time=806.972..2150.644 rows=18984 loops=1)
  Hash Cond: (mc.movie_id = t.id)
  ->  Seq Scan on movie_companies mc  (cost=0.00..51404.11 rows=2607538 width=4) (actual time=0.026..857.454 rows=2607680 loops=1)
        Filter: (company_id < 233577)
        Rows Removed by Filter: 1449
  ->  Hash  (cost=67604.59..67604.59 rows=7437 width=4) (actual time=806.825..806.825 rows=15000 loops=1)
        Buckets: 16384 (originally 8192)  Batches: 1 (originally 1)  Memory Usage: 656kB
        ->  Seq Scan on title t  (cost=0.00..67604.59 rows=7437 width=4) (actual time=0.234..800.460 rows=15000 loops=1)
              Filter: (production_year = 1970)
              Rows Removed by Filter: 2513312
Planning time: 0.744 ms
Execution time: 2153.942 ms
