Seq Scan on movie_keyword mk  (cost=0.00..81003.12 rows=246 width=0) (actual time=6.316..1158.523 rows=151 loops=1)
  Filter: (keyword_id = 4149)
  Rows Removed by Filter: 4523779
Planning time: 0.392 ms
Execution time: 1158.709 ms
