Seq Scan on movie_keyword mk  (cost=0.00..81003.12 rows=475904 width=0) (actual time=0.028..1110.466 rows=472325 loops=1)
  Filter: (keyword_id > 37703)
  Rows Removed by Filter: 4051605
Planning time: 0.324 ms
Execution time: 1173.594 ms
