Hash Join  (cost=140406.04..234820.77 rows=35216 width=0) (actual time=2021.270..3644.570 rows=88309 loops=1)
  Hash Cond: (mk.movie_id = t.id)
  ->  Seq Scan on movie_keyword mk  (cost=0.00..81003.12 rows=3482519 width=4) (actual time=0.013..1132.399 rows=3483936 loops=1)
        Filter: (keyword_id > 1036)
        Rows Removed by Filter: 1039994
  ->  Hash  (cost=140086.43..140086.43 rows=25569 width=8) (actual time=2020.968..2020.968 rows=8773 loops=1)
        Buckets: 32768  Batches: 1  Memory Usage: 599kB
        ->  Hash Join  (cost=83810.17..140086.43 rows=25569 width=8) (actual time=1178.802..2018.425 rows=8773 loops=1)
              Hash Cond: (mc.movie_id = t.id)
              ->  Seq Scan on movie_companies mc  (cost=0.00..51404.11 rows=65454 width=4) (actual time=0.097..725.674 rows=66787 loops=1)
                    Filter: (company_id < 7)
                    Rows Removed by Filter: 2542342
              ->  Hash  (cost=67604.59..67604.59 rows=987727 width=4) (actual time=1177.826..1177.826 rows=985048 loops=1)
                    Buckets: 131072  Batches: 16  Memory Usage: 3188kB
                    ->  Seq Scan on title t  (cost=0.00..67604.59 rows=987727 width=4) (actual time=0.024..865.078 rows=985048 loops=1)
                          Filter: (kind_id < 7)
                          Rows Removed by Filter: 1543264
Planning time: 1.268 ms
Execution time: 3655.098 ms
