Hash Join  (cost=139635.72..210085.71 rows=226770 width=0) (actual time=2737.946..4736.076 rows=1387960 loops=1)
  Hash Cond: (mc.movie_id = t.id)
  ->  Seq Scan on movie_companies mc  (cost=0.00..51404.11 rows=1302181 width=4) (actual time=0.015..866.703 rows=1292042 loops=1)
        Filter: (company_id < 11254)
        Rows Removed by Filter: 1317087
  ->  Hash  (cost=132410.55..132410.55 rows=440333 width=8) (actual time=2736.991..2736.991 rows=877706 loops=1)
        Buckets: 131072 (originally 131072)  Batches: 16 (originally 8)  Memory Usage: 3171kB
        ->  Hash Join  (cost=87162.74..132410.55 rows=440333 width=8) (actual time=1044.184..2482.821 rows=877706 loops=1)
              Hash Cond: (mi_idx.movie_id = t.id)
              ->  Seq Scan on movie_info_idx mi_idx  (cost=0.00..21735.35 rows=1380035 width=4) (actual time=0.027..396.578 rows=1380035 loops=1)
              ->  Hash  (cost=73925.90..73925.90 rows=806787 width=4) (actual time=1043.194..1043.194 rows=843018 loops=1)
                    Buckets: 131072  Batches: 16  Memory Usage: 2879kB
                    ->  Seq Scan on title t  (cost=0.00..73925.90 rows=806787 width=4) (actual time=0.020..819.560 rows=843018 loops=1)
                          Filter: ((kind_id < 7) AND (production_year < 2011))
                          Rows Removed by Filter: 1685294
Planning time: 1.157 ms
Execution time: 4917.934 ms
