Hash Join  (cost=454055.27..1312667.43 rows=552830 width=0) (actual time=10655.903..23466.795 rows=284807 loops=1)
  Hash Cond: (ci.movie_id = t.id)
  ->  Seq Scan on cast_info ci  (cost=0.00..705507.15 rows=12726058 width=4) (actual time=4131.505..12337.351 rows=12670688 loops=1)
        Filter: (role_id < 2)
        Rows Removed by Filter: 23573656
  ->  Hash  (cost=452252.26..452252.26 rows=109841 width=8) (actual time=6523.516..6523.516 rows=85526 loops=1)
        Buckets: 131072  Batches: 2  Memory Usage: 2697kB
        ->  Hash Join  (cost=69090.10..452252.26 rows=109841 width=8) (actual time=1954.125..6493.527 rows=85526 loops=1)
              Hash Cond: (mi.movie_id = t.id)
              ->  Seq Scan on movie_info mi  (cost=0.00..346232.03 rows=3068194 width=4) (actual time=1085.141..4523.673 rows=3036719 loops=1)
                    Filter: (info_type_id = 16)
                    Rows Removed by Filter: 11799001
              ->  Hash  (cost=67604.59..67604.59 rows=90521 width=4) (actual time=867.860..867.860 rows=90852 loops=1)
                    Buckets: 131072  Batches: 2  Memory Usage: 2632kB
                    ->  Seq Scan on title t  (cost=0.00..67604.59 rows=90521 width=4) (actual time=0.021..832.627 rows=90852 loops=1)
                          Filter: (kind_id = 2)
                          Rows Removed by Filter: 2437460
Planning time: 1.146 ms
Execution time: 23506.619 ms
