Hash Join  (cost=189974.34..232156.28 rows=261646 width=0) (actual time=3610.280..5139.240 rows=1097024 loops=1)
  Hash Cond: (mi_idx.movie_id = t.id)
  ->  Seq Scan on movie_info_idx mi_idx  (cost=0.00..21735.35 rows=1380035 width=4) (actual time=0.023..367.958 rows=1380035 loops=1)
  ->  Hash  (cost=182108.93..182108.93 rows=479393 width=8) (actual time=3609.349..3609.349 rows=799555 loops=1)
        Buckets: 131072 (originally 131072)  Batches: 16 (originally 8)  Memory Usage: 3073kB
        ->  Hash Join  (cost=102767.86..182108.93 rows=479393 width=8) (actual time=1495.368..3390.641 rows=799555 loops=1)
              Hash Cond: (mc.movie_id = t.id)
              ->  Seq Scan on movie_companies mc  (cost=0.00..57926.93 rows=479393 width=4) (actual time=0.025..885.102 rows=799555 loops=1)
                    Filter: ((company_id > 18618) AND (company_type_id > 1))
                    Rows Removed by Filter: 1809574
              ->  Hash  (cost=61283.27..61283.27 rows=2528527 width=4) (actual time=1494.092..1494.092 rows=2528312 loops=1)
                    Buckets: 131072  Batches: 64  Memory Usage: 2415kB
                    ->  Seq Scan on title t  (cost=0.00..61283.27 rows=2528527 width=4) (actual time=0.027..727.469 rows=2528312 loops=1)
Planning time: 1.176 ms
Execution time: 5280.223 ms
