Seq Scan on movie_keyword mk  (cost=0.00..81003.12 rows=2456064 width=0) (actual time=0.024..1242.915 rows=2452788 loops=1)
  Filter: (keyword_id < 5873)
  Rows Removed by Filter: 2071142
Planning time: 0.314 ms
Execution time: 1554.500 ms
