Hash Join  (cost=459197.85..587179.51 rows=490762 width=0) (actual time=6467.969..21139.948 rows=50056666 loops=1)
  Hash Cond: (mk.movie_id = t.id)
  ->  Seq Scan on movie_keyword mk  (cost=0.00..69693.30 rows=4523930 width=4) (actual time=0.021..1166.375 rows=4523930 loops=1)
  ->  Hash  (cost=454697.12..454697.12 rows=274298 width=8) (actual time=6467.099..6467.099 rows=881307 loops=1)
        Buckets: 131072 (originally 131072)  Batches: 16 (originally 4)  Memory Usage: 3200kB
        ->  Hash Join  (cost=79111.30..454697.12 rows=274298 width=8) (actual time=1091.400..6177.298 rows=881307 loops=1)
              Hash Cond: (mi.movie_id = t.id)
              ->  Seq Scan on movie_info mi  (cost=0.00..346232.03 rows=2194617 width=4) (actual time=0.018..3734.891 rows=2233850 loops=1)
                    Filter: (info_type_id > 16)
                    Rows Removed by Filter: 12601870
              ->  Hash  (cost=73925.90..73925.90 rows=316032 width=4) (actual time=1090.599..1090.599 rows=400740 loops=1)
                    Buckets: 131072  Batches: 8  Memory Usage: 2801kB
                    ->  Seq Scan on title t  (cost=0.00..73925.90 rows=316032 width=4) (actual time=345.569..962.764 rows=400740 loops=1)
                          Filter: ((production_year < 2003) AND (kind_id = 1))
                          Rows Removed by Filter: 2127572
Planning time: 0.635 ms
Execution time: 27035.019 ms
