Seq Scan on movie_keyword mk  (cost=0.00..81003.12 rows=4129120 width=0) (actual time=0.024..1330.055 rows=4133493 loops=1)
  Filter: (keyword_id < 44093)
  Rows Removed by Filter: 390437
Planning time: 0.330 ms
Execution time: 1837.840 ms
