Hash Join  (cost=195711.91..340770.19 rows=1079913 width=0) (actual time=3482.121..7398.183 rows=2080245 loops=1)
  Hash Cond: (mk.movie_id = t.id)
  ->  Seq Scan on movie_keyword mk  (cost=0.00..81003.12 rows=4396006 width=4) (actual time=0.015..1594.433 rows=4399488 loops=1)
        Filter: (keyword_id < 77261)
        Rows Removed by Filter: 124442
  ->  Hash  (cost=185520.51..185520.51 rows=621152 width=8) (actual time=3479.559..3479.559 rows=399296 loops=1)
        Buckets: 131072  Batches: 16  Memory Usage: 2001kB
        ->  Hash Join  (cost=102767.86..185520.51 rows=621152 width=8) (actual time=2015.814..3359.035 rows=399296 loops=1)
              Hash Cond: (mc.movie_id = t.id)
              ->  Seq Scan on movie_companies mc  (cost=0.00..57926.93 rows=621152 width=4) (actual time=234.015..864.060 rows=399296 loops=1)
                    Filter: ((company_id < 11137) AND (company_type_id > 1))
                    Rows Removed by Filter: 2209833
              ->  Hash  (cost=61283.27..61283.27 rows=2528527 width=4) (actual time=1780.512..1780.512 rows=2528312 loops=1)
                    Buckets: 131072  Batches: 64  Memory Usage: 2415kB
                    ->  Seq Scan on title t  (cost=0.00..61283.27 rows=2528527 width=4) (actual time=0.029..949.812 rows=2528312 loops=1)
Planning time: 1.122 ms
Execution time: 7613.518 ms
