Seq Scan on cast_info ci  (cost=0.00..705507.15 rows=500 width=0) (actual time=418.776..8074.751 rows=8 loops=1)
  Filter: (person_id = 2837947)
  Rows Removed by Filter: 36244336
Planning time: 0.383 ms
Execution time: 8074.846 ms
