Hash Join  (cost=84697.09..998547.67 rows=3773398 width=0) (actual time=2301.301..22939.432 rows=2508791 loops=1)
  Hash Cond: (ci.movie_id = t.id)
  ->  Seq Scan on cast_info ci  (cost=0.00..705507.15 rows=14533453 width=4) (actual time=844.982..13486.916 rows=14690432 loops=1)
        Filter: (person_id > 2186296)
        Rows Removed by Filter: 21553912
  ->  Hash  (cost=73925.90..73925.90 rows=656495 width=4) (actual time=1454.972..1454.972 rows=556797 loops=1)
        Buckets: 131072  Batches: 16  Memory Usage: 2246kB
        ->  Seq Scan on title t  (cost=0.00..73925.90 rows=656495 width=4) (actual time=31.542..1268.883 rows=556797 loops=1)
              Filter: ((production_year < 2001) AND (kind_id = 7))
              Rows Removed by Filter: 1971515
Planning time: 0.892 ms
Execution time: 23225.108 ms
