Seq Scan on movie_companies mc  (cost=0.00..51404.11 rows=1463823 width=0) (actual time=0.028..778.345 rows=1454392 loops=1)
  Filter: (company_id < 13053)
  Rows Removed by Filter: 1154737
Planning time: 0.307 ms
Execution time: 970.724 ms
