Hash Join  (cost=167067.81..694206.00 rows=2123136 width=0) (actual time=3639.341..22351.845 rows=24513892 loops=1)
  Hash Cond: (mi.movie_id = t.id)
  ->  Seq Scan on movie_info mi  (cost=0.00..346232.03 rows=13677014 width=4) (actual time=0.021..5726.944 rows=13713748 loops=1)
        Filter: (info_type_id < 63)
        Rows Removed by Filter: 1121972
  ->  Hash  (cost=160627.40..160627.40 rows=392513 width=8) (actual time=3638.009..3638.009 rows=984800 loops=1)
        Buckets: 131072 (originally 131072)  Batches: 16 (originally 8)  Memory Usage: 3501kB
        ->  Hash Join  (cost=80166.74..160627.40 rows=392513 width=8) (actual time=1182.521..3332.371 rows=984800 loops=1)
              Hash Cond: (mc.movie_id = t.id)
              ->  Seq Scan on movie_companies mc  (cost=0.00..44881.29 rows=2609129 width=4) (actual time=0.022..621.602 rows=2609129 loops=1)
              ->  Hash  (cost=73925.90..73925.90 rows=380387 width=4) (actual time=1181.667..1181.667 rows=484820 loops=1)
                    Buckets: 131072  Batches: 8  Memory Usage: 3166kB
                    ->  Seq Scan on title t  (cost=0.00..73925.90 rows=380387 width=4) (actual time=0.021..1019.049 rows=484820 loops=1)
                          Filter: ((kind_id < 7) AND (production_year < 1999))
                          Rows Removed by Filter: 2043492
Planning time: 1.164 ms
Execution time: 25321.128 ms
