Hash Join  (cost=116999.81..241988.48 rows=245063 width=0) (actual time=2861.072..5867.043 rows=1520003 loops=1)
  Hash Cond: (mk.movie_id = t.id)
  ->  Seq Scan on movie_keyword mk  (cost=0.00..69693.30 rows=4523930 width=4) (actual time=0.020..1175.285 rows=4523930 loops=1)
  ->  Hash  (cost=114751.68..114751.68 rows=136971 width=8) (actual time=2860.302..2860.302 rows=168226 loops=1)
        Buckets: 131072 (originally 131072)  Batches: 4 (originally 2)  Memory Usage: 3073kB
        ->  Hash Join  (cost=79930.86..114751.68 rows=136971 width=8) (actual time=1160.798..2798.475 rows=168226 loops=1)
              Hash Cond: (mi_idx.movie_id = t.id)
              ->  Seq Scan on movie_info_idx mi_idx  (cost=0.00..25185.44 rows=460978 width=4) (actual time=0.029..496.110 rows=459925 loops=1)
                    Filter: (info_type_id < 100)
                    Rows Removed by Filter: 920110
              ->  Hash  (cost=67604.59..67604.59 rows=751302 width=4) (actual time=1159.437..1159.437 rows=755902 loops=1)
                    Buckets: 131072  Batches: 16  Memory Usage: 2685kB
                    ->  Seq Scan on title t  (cost=0.00..67604.59 rows=751302 width=4) (actual time=0.019..913.279 rows=755902 loops=1)
                          Filter: (production_year < 1993)
                          Rows Removed by Filter: 1772410
Planning time: 1.142 ms
Execution time: 6006.413 ms
