Hash Join  (cost=1235021.62..2345299.63 rows=47000777 width=0) (actual time=16858.882..41554.933 rows=40400190 loops=1)
  Hash Cond: (mi.movie_id = t.id)
  ->  Seq Scan on movie_info mi  (cost=0.00..309384.22 rows=14739122 width=4) (actual time=0.016..4709.245 rows=14835720 loops=1)
  ->  Hash  (cost=1102736.10..1102736.10 rows=8063081 width=8) (actual time=16856.159..16856.159 rows=4025642 loops=1)
        Buckets: 131072  Batches: 128  Memory Usage: 2257kB
        ->  Hash Join  (cost=102767.86..1102736.10 rows=8063081 width=8) (actual time=2810.560..15566.615 rows=4025642 loops=1)
              Hash Cond: (ci.movie_id = t.id)
              ->  Seq Scan on cast_info ci  (cost=0.00..796071.18 rows=8063081 width=4) (actual time=1205.456..9916.314 rows=4025642 loops=1)
                    Filter: ((person_id > 2179577) AND (role_id < 3))
                    Rows Removed by Filter: 32218702
              ->  Hash  (cost=61283.27..61283.27 rows=2528527 width=4) (actual time=1603.728..1603.728 rows=2528312 loops=1)
                    Buckets: 131072  Batches: 64  Memory Usage: 2415kB
                    ->  Seq Scan on title t  (cost=0.00..61283.27 rows=2528527 width=4) (actual time=0.028..786.586 rows=2528312 loops=1)
Planning time: 0.852 ms
Execution time: 46264.898 ms
