Hash Join  (cost=313013.14..1009386.64 rows=16843176 width=0) (actual time=6242.730..23756.020 rows=20882608 loops=1)
  Hash Cond: (mi.movie_id = t.id)
  ->  Seq Scan on movie_info mi  (cost=0.00..309384.22 rows=14739122 width=4) (actual time=0.011..4652.250 rows=14835720 loops=1)
  ->  Hash  (cost=265606.61..265606.61 rows=2889482 width=8) (actual time=6241.157..6241.157 rows=1379982 loops=1)
        Buckets: 131072  Batches: 64  Memory Usage: 1874kB
        ->  Hash Join  (cost=98137.04..265606.61 rows=2889482 width=8) (actual time=2311.281..5876.010 rows=1379982 loops=1)
              Hash Cond: (mk.movie_id = t.id)
              ->  Seq Scan on movie_keyword mk  (cost=0.00..81003.12 rows=3925926 width=4) (actual time=0.017..1404.539 rows=3920932 loops=1)
                    Filter: (keyword_id > 446)
                    Rows Removed by Filter: 602998
              ->  Hash  (cost=67604.59..67604.59 rows=1860996 width=4) (actual time=2310.299..2310.299 rows=1865487 loops=1)
                    Buckets: 131072  Batches: 32  Memory Usage: 3085kB
                    ->  Seq Scan on title t  (cost=0.00..67604.59 rows=1860996 width=4) (actual time=0.015..1103.010 rows=1865487 loops=1)
                          Filter: (kind_id > 1)
                          Rows Removed by Filter: 662825
Planning time: 1.128 ms
Execution time: 26103.359 ms
