Seq Scan on cast_info ci  (cost=0.00..796071.18 rows=3912198 width=0) (actual time=9700.033..13309.771 rows=1887917 loops=1)
  Filter: ((person_id < 3435287) AND (role_id = 10))
  Rows Removed by Filter: 34356427
Planning time: 0.428 ms
Execution time: 13554.791 ms
