Hash Join  (cost=160644.23..215403.04 rows=9329 width=0) (actual time=2054.039..3044.486 rows=58362 loops=1)
  Hash Cond: (mc.movie_id = t.id)
  ->  Seq Scan on movie_companies mc  (cost=0.00..44881.29 rows=2609129 width=4) (actual time=0.019..464.617 rows=2609129 loops=1)
  ->  Hash  (cost=160531.23..160531.23 rows=9040 width=8) (actual time=2053.792..2053.792 rows=7500 loops=1)
        Buckets: 16384  Batches: 1  Memory Usage: 421kB
        ->  Hash Join  (cost=77354.40..160531.23 rows=9040 width=8) (actual time=1005.250..2051.469 rows=7500 loops=1)
              Hash Cond: (mk.movie_id = t.id)
              ->  Seq Scan on movie_keyword mk  (cost=0.00..81003.12 rows=109414 width=4) (actual time=0.031..978.822 rows=121921 loops=1)
                    Filter: (keyword_id < 117)
                    Rows Removed by Filter: 4402009
              ->  Hash  (cost=73925.90..73925.90 rows=208920 width=4) (actual time=1002.958..1002.958 rows=183835 loops=1)
                    Buckets: 131072  Batches: 4  Memory Usage: 2655kB
                    ->  Seq Scan on title t  (cost=0.00..73925.90 rows=208920 width=4) (actual time=0.019..938.365 rows=183835 loops=1)
                          Filter: ((kind_id < 7) AND (production_year > 2009))
                          Rows Removed by Filter: 2344477
Planning time: 0.782 ms
Execution time: 3052.611 ms
