Hash Join  (cost=79366.51..208457.13 rows=476600 width=0) (actual time=1019.500..5038.372 rows=1492583 loops=1)
  Hash Cond: (mk.movie_id = t.id)
  ->  Seq Scan on movie_keyword mk  (cost=0.00..81003.12 rows=3634534 width=4) (actual time=0.019..1424.563 rows=3627913 loops=1)
        Filter: (keyword_id > 845)
        Rows Removed by Filter: 896017
  ->  Hash  (cost=73925.90..73925.90 rows=331568 width=4) (actual time=1015.043..1015.043 rows=445194 loops=1)
        Buckets: 131072  Batches: 8  Memory Usage: 2999kB
        ->  Seq Scan on title t  (cost=0.00..73925.90 rows=331568 width=4) (actual time=0.052..869.569 rows=445194 loops=1)
              Filter: ((kind_id < 7) AND (production_year < 1996))
              Rows Removed by Filter: 2083118
Planning time: 0.799 ms
Execution time: 5205.995 ms
