Hash Join  (cost=193787.27..1280497.87 rows=5150250 width=0) (actual time=3808.064..43442.506 rows=44946630 loops=1)
  Hash Cond: (ci.movie_id = t.id)
  ->  Seq Scan on cast_info ci  (cost=0.00..614943.12 rows=36225612 width=4) (actual time=0.006..10429.810 rows=36244344 loops=1)
  ->  Hash  (cost=187888.72..187888.72 rows=359484 width=8) (actual time=3807.030..3807.030 rows=962281 loops=1)
        Buckets: 131072 (originally 131072)  Batches: 16 (originally 8)  Memory Usage: 3420kB
        ->  Hash Join  (cost=84618.84..187888.72 rows=359484 width=8) (actual time=1324.982..3520.001 rows=962281 loops=1)
              Hash Cond: (mk.movie_id = t.id)
              ->  Seq Scan on movie_keyword mk  (cost=0.00..81003.12 rows=1394644 width=4) (actual time=0.030..1186.260 rows=1408733 loops=1)
                    Filter: (keyword_id > 11866)
                    Rows Removed by Filter: 3115197
              ->  Hash  (cost=73925.90..73925.90 rows=651755 width=4) (actual time=1323.807..1323.807 rows=711179 loops=1)
                    Buckets: 131072  Batches: 16  Memory Usage: 2598kB
                    ->  Seq Scan on title t  (cost=0.00..73925.90 rows=651755 width=4) (actual time=0.024..1089.933 rows=711179 loops=1)
                          Filter: ((kind_id < 7) AND (production_year < 2008))
                          Rows Removed by Filter: 1817133
Planning time: 1.292 ms
Execution time: 48927.130 ms
