Seq Scan on movie_keyword mk  (cost=0.00..81003.12 rows=3800388 width=0) (actual time=0.029..1230.588 rows=3795504 loops=1)
  Filter: (keyword_id < 25761)
  Rows Removed by Filter: 728426
Planning time: 0.323 ms
Execution time: 1655.779 ms
