Seq Scan on movie_companies mc  (cost=0.00..51404.11 rows=2051530 width=0) (actual time=0.026..409.952 rows=2045783 loops=1)
  Filter: (company_id < 71582)
  Rows Removed by Filter: 563346
Planning time: 0.333 ms
Execution time: 544.245 ms
