Hash Join  (cost=132279.03..522055.68 rows=186276 width=0) (actual time=1909.411..9172.854 rows=617298 loops=1)
  Hash Cond: (mi.movie_id = t.id)
  ->  Seq Scan on movie_info mi  (cost=0.00..346232.03 rows=11115165 width=4) (actual time=0.008..4815.363 rows=11210743 loops=1)
        Filter: (info_type_id > 3)
        Rows Removed by Filter: 3624977
  ->  Hash  (cost=131749.34..131749.34 rows=42375 width=8) (actual time=1908.939..1908.939 rows=43078 loops=1)
        Buckets: 65536  Batches: 1  Memory Usage: 2195kB
        ->  Hash Join  (cost=69694.50..131749.34 rows=42375 width=8) (actual time=781.743..1893.356 rows=43078 loops=1)
              Hash Cond: (mc.movie_id = t.id)
              ->  Seq Scan on movie_companies mc  (cost=0.00..51404.11 rows=841327 width=4) (actual time=0.030..765.597 rows=850781 loops=1)
                    Filter: (company_id > 25134)
                    Rows Removed by Filter: 1758348
              ->  Hash  (cost=67604.59..67604.59 rows=127353 width=4) (actual time=512.045..512.045 rows=128696 loops=1)
                    Buckets: 131072  Batches: 2  Memory Usage: 3284kB
                    ->  Seq Scan on title t  (cost=0.00..67604.59 rows=127353 width=4) (actual time=0.017..435.640 rows=128696 loops=1)
                          Filter: (production_year = 2009)
                          Rows Removed by Filter: 2399616
Planning time: 1.170 ms
Execution time: 9253.669 ms
