Hash Join  (cost=92415.43..171793.00 rows=474292 width=0) (actual time=2266.268..4004.398 rows=301886 loops=1)
  Hash Cond: (mc.movie_id = t.id)
  ->  Seq Scan on movie_companies mc  (cost=0.00..57926.93 rows=1064190 width=4) (actual time=125.342..999.621 rows=1194548 loops=1)
        Filter: ((company_id > 475) AND (company_type_id > 1))
        Rows Removed by Filter: 1414581
  ->  Hash  (cost=73925.90..73925.90 rows=1126922 width=4) (actual time=2139.815..2139.815 rows=1238638 loops=1)
        Buckets: 131072  Batches: 16  Memory Usage: 3754kB
        ->  Seq Scan on title t  (cost=0.00..73925.90 rows=1126922 width=4) (actual time=0.040..1090.762 rows=1238638 loops=1)
              Filter: ((kind_id > 2) AND (production_year > 1995))
              Rows Removed by Filter: 1289674
Planning time: 0.537 ms
Execution time: 4038.963 ms
