Hash Join  (cost=131173.43..1199928.95 rows=3402441 width=0) (actual time=2396.671..30564.418 rows=6710645 loops=1)
  Hash Cond: (ci.movie_id = t.id)
  ->  Seq Scan on cast_info ci  (cost=0.00..614943.12 rows=36225612 width=4) (actual time=0.021..10682.976 rows=36244344 loops=1)
  ->  Hash  (cost=127276.83..127276.83 rows=237488 width=8) (actual time=2395.920..2395.920 rows=208831 loops=1)
        Buckets: 131072  Batches: 4  Memory Usage: 3059kB
        ->  Hash Join  (cost=89299.55..127276.83 rows=237488 width=8) (actual time=1455.129..2336.233 rows=208831 loops=1)
              Hash Cond: (mi_idx.movie_id = t.id)
              ->  Seq Scan on movie_info_idx mi_idx  (cost=0.00..25185.44 rows=454124 width=4) (actual time=0.031..411.549 rows=459925 loops=1)
                    Filter: (info_type_id = 100)
                    Rows Removed by Filter: 920110
              ->  Hash  (cost=67604.59..67604.59 rows=1322317 width=4) (actual time=1453.871..1453.871 rows=1322863 loops=1)
                    Buckets: 131072  Batches: 32  Memory Usage: 2481kB
                    ->  Seq Scan on title t  (cost=0.00..67604.59 rows=1322317 width=4) (actual time=0.027..1014.249 rows=1322863 loops=1)
                          Filter: (production_year > 2001)
                          Rows Removed by Filter: 1205449
Planning time: 1.775 ms
Execution time: 31293.207 ms
