Hash Join  (cost=1308105.35..2750496.71 rows=71219551 width=0) (actual time=28874.558..82304.853 rows=159885371 loops=1)
  Hash Cond: (mi.movie_id = t.id)
  ->  Seq Scan on movie_info mi  (cost=0.00..309384.22 rows=14739122 width=4) (actual time=0.022..4650.409 rows=14835720 loops=1)
  ->  Hash  (cost=1107655.07..1107655.07 rows=12217862 width=8) (actual time=28870.126..28870.126 rows=12544698 loops=1)
        Buckets: 131072  Batches: 256  Memory Usage: 3016kB
        ->  Hash Join  (cost=107432.01..1107655.07 rows=12217862 width=8) (actual time=3948.887..25396.710 rows=12544698 loops=1)
              Hash Cond: (ci.movie_id = t.id)
              ->  Seq Scan on cast_info ci  (cost=0.00..705507.15 rows=12726058 width=4) (actual time=2138.136..12206.883 rows=12670688 loops=1)
                    Filter: (role_id < 2)
                    Rows Removed by Filter: 23573656
              ->  Hash  (cost=67604.59..67604.59 rows=2427554 width=4) (actual time=1809.925..1809.925 rows=2421168 loops=1)
                    Buckets: 131072  Batches: 32  Memory Usage: 3685kB
                    ->  Seq Scan on title t  (cost=0.00..67604.59 rows=2427554 width=4) (actual time=0.037..1073.834 rows=2421168 loops=1)
                          Filter: (production_year > 1911)
                          Rows Removed by Filter: 107144
Planning time: 1.196 ms
Execution time: 99419.157 ms
