Hash Join  (cost=666241.25..2467162.67 rows=61451626 width=0) (actual time=14758.861..63615.917 rows=61057951 loops=1)
  Hash Cond: (ci.movie_id = t.id)
  ->  Seq Scan on cast_info ci  (cost=0.00..614943.12 rows=36225612 width=4) (actual time=0.024..10820.428 rows=36244344 loops=1)
  ->  Hash  (cost=595869.15..595869.15 rows=4289288 width=8) (actual time=14757.232..14757.232 rows=2848158 loops=1)
        Buckets: 131072  Batches: 64  Memory Usage: 2726kB
        ->  Hash Join  (cost=92703.08..595869.15 rows=4289288 width=8) (actual time=1526.071..13301.338 rows=2848158 loops=1)
              Hash Cond: (mi.movie_id = t.id)
              ->  Seq Scan on movie_info mi  (cost=0.00..346232.03 rows=9476311 width=4) (actual time=0.015..5222.716 rows=9565151 loops=1)
                    Filter: (info_type_id < 16)
                    Rows Removed by Filter: 5270569
              ->  Hash  (cost=73925.90..73925.90 rows=1144494 width=4) (actual time=1525.288..1525.288 rows=1095581 loops=1)
                    Buckets: 131072  Batches: 16  Memory Usage: 3444kB
                    ->  Seq Scan on title t  (cost=0.00..73925.90 rows=1144494 width=4) (actual time=0.027..1168.404 rows=1095581 loops=1)
                          Filter: ((kind_id > 1) AND (production_year < 2007))
                          Rows Removed by Filter: 1432731
Planning time: 1.205 ms
Execution time: 70558.428 ms
