Hash Join  (cost=90961.63..177664.11 rows=4444 width=0) (actual time=698.352..2255.144 rows=925 loops=1)
  Hash Cond: (mk.movie_id = t.id)
  ->  Seq Scan on movie_keyword mk  (cost=0.00..69693.30 rows=4523930 width=4) (actual time=0.017..775.945 rows=4523930 loops=1)
  ->  Hash  (cost=90930.58..90930.58 rows=2484 width=8) (actual time=688.125..688.125 rows=166 loops=1)
        Buckets: 4096  Batches: 1  Memory Usage: 39kB
        ->  Nested Loop  (cost=0.43..90930.58 rows=2484 width=8) (actual time=278.509..687.987 rows=166 loops=1)
              ->  Seq Scan on movie_companies mc  (cost=0.00..57926.93 rows=4436 width=4) (actual time=278.435..622.772 rows=5810 loops=1)
                    Filter: ((company_id = 1451) AND (company_type_id = 1))
                    Rows Removed by Filter: 2603319
              ->  Index Scan using title_pkey on title t  (cost=0.43..7.43 rows=1 width=4) (actual time=0.011..0.011 rows=0 loops=5810)
                    Index Cond: (id = mc.movie_id)
                    Filter: ((kind_id > 1) AND (production_year < 2010))
                    Rows Removed by Filter: 1
Planning time: 0.861 ms
Execution time: 2255.450 ms
