Nested Loop  (cost=0.43..709671.90 rows=500 width=0) (actual time=1655.329..8873.977 rows=149 loops=1)
  ->  Seq Scan on cast_info ci  (cost=0.00..705507.15 rows=500 width=4) (actual time=1655.114..8871.130 rows=149 loops=1)
        Filter: (person_id = 2176000)
        Rows Removed by Filter: 36244195
  ->  Index Only Scan using title_pkey on title t  (cost=0.43..8.32 rows=1 width=4) (actual time=0.017..0.018 rows=1 loops=149)
        Index Cond: (id = ci.movie_id)
        Heap Fetches: 149
Planning time: 0.797 ms
Execution time: 8874.089 ms
