Hash Join  (cost=67697.55..437479.51 rows=18327 width=0) (actual time=1519.409..6953.623 rows=63885 loops=1)
  Hash Cond: (mi.movie_id = t.id)
  ->  Seq Scan on movie_info mi  (cost=0.00..346232.03 rows=6231111 width=4) (actual time=656.256..4857.358 rows=6223494 loops=1)
        Filter: (info_type_id > 8)
        Rows Removed by Filter: 8612226
  ->  Hash  (cost=67604.59..67604.59 rows=7437 width=4) (actual time=861.573..861.573 rows=23040 loops=1)
        Buckets: 32768 (originally 8192)  Batches: 1 (originally 1)  Memory Usage: 1066kB
        ->  Seq Scan on title t  (cost=0.00..67604.59 rows=7437 width=4) (actual time=0.102..850.787 rows=23040 loops=1)
              Filter: (production_year = 1990)
              Rows Removed by Filter: 2505272
Planning time: 0.835 ms
Execution time: 6963.671 ms
