Nested Loop  (cost=0.43..52283.95 rows=98 width=0) (actual time=146.949..636.259 rows=2 loops=1)
  ->  Seq Scan on movie_companies mc  (cost=0.00..51404.11 rows=104 width=4) (actual time=146.868..636.147 rows=2 loops=1)
        Filter: (company_id = 18590)
        Rows Removed by Filter: 2609127
  ->  Index Scan using title_pkey on title t  (cost=0.43..8.45 rows=1 width=4) (actual time=0.044..0.045 rows=1 loops=2)
        Index Cond: (id = mc.movie_id)
        Filter: (production_year < 2013)
Planning time: 0.739 ms
Execution time: 636.342 ms
