Seq Scan on cast_info ci  (cost=0.00..796071.18 rows=8562715 width=0) (actual time=0.024..12690.284 rows=4180378 loops=1)
  Filter: ((person_id > 1155982) AND (role_id = 1))
  Rows Removed by Filter: 32063966
Planning time: 0.385 ms
Execution time: 13226.320 ms
