Hash Join  (cost=124684.46..479751.70 rows=60540 width=0) (actual time=1995.899..7012.938 rows=761386 loops=1)
  Hash Cond: (mi.movie_id = t.id)
  ->  Seq Scan on movie_info mi  (cost=0.00..346232.03 rows=2194617 width=4) (actual time=0.025..4401.892 rows=2233850 loops=1)
        Filter: (info_type_id > 16)
        Rows Removed by Filter: 12601870
  ->  Hash  (cost=123812.57..123812.57 rows=69751 width=8) (actual time=1994.208..1994.208 rows=65578 loops=1)
        Buckets: 131072  Batches: 1  Memory Usage: 3586kB
        ->  Hash Join  (cost=68449.54..123812.57 rows=69751 width=8) (actual time=822.826..1970.630 rows=65578 loops=1)
              Hash Cond: (mc.movie_id = t.id)
              ->  Seq Scan on movie_companies mc  (cost=0.00..44881.29 rows=2609129 width=4) (actual time=0.020..460.016 rows=2609129 loops=1)
              ->  Hash  (cost=67604.59..67604.59 rows=67596 width=4) (actual time=822.155..822.155 rows=67777 loops=1)
                    Buckets: 131072  Batches: 1  Memory Usage: 3407kB
                    ->  Seq Scan on title t  (cost=0.00..67604.59 rows=67596 width=4) (actual time=0.022..795.982 rows=67777 loops=1)
                          Filter: (production_year = 2003)
                          Rows Removed by Filter: 2460535
Planning time: 1.136 ms
Execution time: 7106.103 ms
