Hash Join  (cost=102767.86..197841.18 rows=1133193 width=0) (actual time=2386.841..5003.465 rows=1274246 loops=1)
  Hash Cond: (mc.movie_id = t.id)
  ->  Seq Scan on movie_companies mc  (cost=0.00..57926.93 rows=1133193 width=4) (actual time=0.020..1176.523 rows=1274246 loops=1)
        Filter: ((company_id < 93985) AND (company_type_id < 2))
        Rows Removed by Filter: 1334883
  ->  Hash  (cost=61283.27..61283.27 rows=2528527 width=4) (actual time=2385.815..2385.815 rows=2528312 loops=1)
        Buckets: 131072  Batches: 64  Memory Usage: 2415kB
        ->  Seq Scan on title t  (cost=0.00..61283.27 rows=2528527 width=4) (actual time=0.025..1008.059 rows=2528312 loops=1)
Planning time: 0.774 ms
Execution time: 5161.028 ms
