Hash Join  (cost=102767.86..956670.62 rows=1992836 width=0) (actual time=6616.790..14167.128 rows=3135054 loops=1)
  Hash Cond: (ci.movie_id = t.id)
  ->  Seq Scan on cast_info ci  (cost=0.00..796071.18 rows=1992836 width=4) (actual time=4933.040..9329.966 rows=3135054 loops=1)
        Filter: ((person_id > 3484212) AND (role_id > 1))
        Rows Removed by Filter: 33109290
  ->  Hash  (cost=61283.27..61283.27 rows=2528527 width=4) (actual time=1682.737..1682.737 rows=2528312 loops=1)
        Buckets: 131072  Batches: 64  Memory Usage: 2415kB
        ->  Seq Scan on title t  (cost=0.00..61283.27 rows=2528527 width=4) (actual time=0.026..844.075 rows=2528312 loops=1)
Planning time: 0.823 ms
Execution time: 14507.878 ms
