Seq Scan on cast_info ci  (cost=0.00..705507.15 rows=500 width=0) (actual time=518.826..8247.234 rows=125 loops=1)
  Filter: (person_id = 2833214)
  Rows Removed by Filter: 36244219
Planning time: 0.360 ms
Execution time: 8247.349 ms
