Seq Scan on movie_keyword mk  (cost=0.00..81003.12 rows=1904950 width=0) (actual time=0.018..1284.178 rows=1913242 loops=1)
  Filter: (keyword_id < 3293)
  Rows Removed by Filter: 2610688
Planning time: 0.361 ms
Execution time: 1547.321 ms
