Seq Scan on cast_info ci  (cost=0.00..705507.15 rows=19663846 width=0) (actual time=0.032..10432.765 rows=19829975 loops=1)
  Filter: (person_id > 1625445)
  Rows Removed by Filter: 16414369
Planning time: 0.328 ms
Execution time: 12918.841 ms
