Hash Join  (cost=108061.12..163341.99 rows=61535 width=0) (actual time=2055.216..3277.630 rows=97806 loops=1)
  Hash Cond: (mc.movie_id = t.id)
  ->  Seq Scan on movie_companies mc  (cost=0.00..44881.29 rows=2609129 width=4) (actual time=0.014..598.605 rows=2609129 loops=1)
  ->  Hash  (cost=107315.69..107315.69 rows=59634 width=8) (actual time=2054.832..2054.832 rows=36436 loops=1)
        Buckets: 65536  Batches: 1  Memory Usage: 1936kB
        ->  Hash Join  (cost=70308.29..107315.69 rows=59634 width=8) (actual time=1127.851..2042.501 rows=36436 loops=1)
              Hash Cond: (mi_idx.movie_id = t.id)
              ->  Seq Scan on movie_info_idx mi_idx  (cost=0.00..25185.44 rows=915101 width=4) (actual time=0.017..528.867 rows=919850 loops=1)
                    Filter: (info_type_id < 101)
                    Rows Removed by Filter: 460185
              ->  Hash  (cost=67604.59..67604.59 rows=164776 width=4) (actual time=1126.869..1126.869 rows=164307 loops=1)
                    Buckets: 131072  Batches: 4  Memory Usage: 2482kB
                    ->  Seq Scan on title t  (cost=0.00..67604.59 rows=164776 width=4) (actual time=1.111..1053.516 rows=164307 loops=1)
                          Filter: (production_year = 2012)
                          Rows Removed by Filter: 2364005
Planning time: 1.227 ms
Execution time: 3291.938 ms
