Hash Join  (cost=155442.51..236381.58 rows=427155 width=0) (actual time=3617.923..5883.680 rows=1213420 loops=1)
  Hash Cond: (mc.movie_id = t.id)
  ->  Seq Scan on movie_companies mc  (cost=0.00..44881.29 rows=2609129 width=4) (actual time=0.023..723.609 rows=2609129 loops=1)
  ->  Hash  (cost=148650.02..148650.02 rows=413959 width=8) (actual time=3617.027..3617.027 rows=421858 loops=1)
        Buckets: 131072  Batches: 8  Memory Usage: 3091kB
        ->  Hash Join  (cost=104570.16..148650.02 rows=413959 width=8) (actual time=2295.436..3493.866 rows=421858 loops=1)
              Hash Cond: (mi_idx.movie_id = t.id)
              ->  Seq Scan on movie_info_idx mi_idx  (cost=0.00..25185.44 rows=464566 width=4) (actual time=0.011..422.764 rows=459925 loops=1)
                    Filter: (info_type_id = 101)
                    Rows Removed by Filter: 920110
              ->  Hash  (cost=67604.59..67604.59 rows=2253086 width=4) (actual time=2294.477..2294.477 rows=2244594 loops=1)
                    Buckets: 131072  Batches: 32  Memory Usage: 3493kB
                    ->  Seq Scan on title t  (cost=0.00..67604.59 rows=2253086 width=4) (actual time=0.015..1239.662 rows=2244594 loops=1)
                          Filter: (production_year > 1956)
                          Rows Removed by Filter: 283718
Planning time: 1.174 ms
Execution time: 6027.256 ms
