Hash Join  (cost=168651.31..594280.24 rows=960032 width=0) (actual time=4038.302..13315.336 rows=8376738 loops=1)
  Hash Cond: (mi.movie_id = t.id)
  ->  Seq Scan on movie_info mi  (cost=0.00..346232.03 rows=5897221 width=4) (actual time=802.370..4813.842 rows=5884963 loops=1)
        Filter: (info_type_id < 7)
        Rows Removed by Filter: 8950757
  ->  Hash  (cost=161897.95..161897.95 rows=411629 width=8) (actual time=3233.004..3233.004 rows=831809 loops=1)
        Buckets: 131072 (originally 131072)  Batches: 16 (originally 8)  Memory Usage: 3120kB
        ->  Hash Join  (cost=83810.17..161897.95 rows=411629 width=8) (actual time=1214.710..2994.946 rows=831809 loops=1)
              Hash Cond: (mc.movie_id = t.id)
              ->  Seq Scan on movie_companies mc  (cost=0.00..57926.93 rows=1053747 width=4) (actual time=0.031..980.681 rows=930566 loops=1)
                    Filter: ((company_id > 389) AND (company_type_id = 1))
                    Rows Removed by Filter: 1678563
              ->  Hash  (cost=67604.59..67604.59 rows=987727 width=4) (actual time=1213.881..1213.881 rows=985048 loops=1)
                    Buckets: 131072  Batches: 16  Memory Usage: 3188kB
                    ->  Seq Scan on title t  (cost=0.00..67604.59 rows=987727 width=4) (actual time=0.016..907.688 rows=985048 loops=1)
                          Filter: (kind_id < 7)
                          Rows Removed by Filter: 1543264
Planning time: 1.187 ms
Execution time: 14271.269 ms
