Nested Loop  (cost=0.43..709673.15 rows=441 width=0) (actual time=4940.754..8513.943 rows=1 loops=1)
  ->  Seq Scan on cast_info ci  (cost=0.00..705507.15 rows=500 width=4) (actual time=4940.690..8513.871 rows=1 loops=1)
        Filter: (person_id = 1360638)
        Rows Removed by Filter: 36244343
  ->  Index Scan using title_pkey on title t  (cost=0.43..8.32 rows=1 width=4) (actual time=0.045..0.046 rows=1 loops=1)
        Index Cond: (id = ci.movie_id)
        Filter: (production_year > 1958)
Planning time: 0.809 ms
Execution time: 8514.075 ms
