Hash Join  (cost=71808.56..98726.17 rows=712 width=0) (actual time=669.186..1028.534 rows=2127 loops=1)
  Hash Cond: (mi_idx.movie_id = t.id)
  ->  Seq Scan on movie_info_idx mi_idx  (cost=0.00..21735.35 rows=1380035 width=4) (actual time=0.008..168.322 rows=1380035 loops=1)
  ->  Hash  (cost=71792.25..71792.25 rows=1305 width=8) (actual time=668.126..668.126 rows=2012 loops=1)
        Buckets: 2048  Batches: 1  Memory Usage: 95kB
        ->  Nested Loop  (cost=0.43..71792.25 rows=1305 width=8) (actual time=34.788..667.157 rows=2012 loops=1)
              ->  Seq Scan on movie_companies mc  (cost=0.00..51404.11 rows=2609 width=4) (actual time=19.552..634.135 rows=2227 loops=1)
                    Filter: (company_id = 10583)
                    Rows Removed by Filter: 2606902
              ->  Index Scan using title_pkey on title t  (cost=0.43..7.80 rows=1 width=4) (actual time=0.014..0.014 rows=1 loops=2227)
                    Index Cond: (id = mc.movie_id)
                    Filter: (production_year < 2004)
                    Rows Removed by Filter: 0
Planning time: 1.218 ms
Execution time: 1028.892 ms
