Hash Join  (cost=79405.47..148600.74 rows=168997 width=0) (actual time=1440.206..2453.549 rows=480865 loops=1)
  Hash Cond: (mc.movie_id = t.id)
  ->  Seq Scan on movie_companies mc  (cost=0.00..51404.11 rows=1279517 width=4) (actual time=69.494..656.566 rows=1274246 loops=1)
        Filter: (company_type_id < 2)
        Rows Removed by Filter: 1334883
  ->  Hash  (cost=73925.90..73925.90 rows=333965 width=4) (actual time=1103.026..1103.026 rows=411522 loops=1)
        Buckets: 131072  Batches: 8  Memory Usage: 2841kB
        ->  Seq Scan on title t  (cost=0.00..73925.90 rows=333965 width=4) (actual time=30.883..972.857 rows=411522 loops=1)
              Filter: ((production_year < 2004) AND (kind_id = 1))
              Rows Removed by Filter: 2116790
Planning time: 0.769 ms
Execution time: 2511.412 ms
