Hash Join  (cost=177519.91..1223313.24 rows=1167117 width=0) (actual time=2932.457..26999.277 rows=4929794 loops=1)
  Hash Cond: (ci.movie_id = t.id)
  ->  Seq Scan on cast_info ci  (cost=0.00..614943.12 rows=36225612 width=4) (actual time=0.020..10397.102 rows=36244344 loops=1)
  ->  Hash  (cost=176182.61..176182.61 rows=81464 width=8) (actual time=2931.375..2931.375 rows=79788 loops=1)
        Buckets: 131072  Batches: 2  Memory Usage: 2613kB
        ->  Hash Join  (cost=69179.59..176182.61 rows=81464 width=8) (actual time=891.171..2905.176 rows=79788 loops=1)
              Hash Cond: (mk.movie_id = t.id)
              ->  Seq Scan on movie_keyword mk  (cost=0.00..81003.12 rows=2145669 width=4) (actual time=0.028..1329.472 rows=2144177 loops=1)
                    Filter: (keyword_id > 5451)
                    Rows Removed by Filter: 2379753
              ->  Hash  (cost=67604.59..67604.59 rows=96000 width=4) (actual time=890.217..890.217 rows=95005 loops=1)
                    Buckets: 131072  Batches: 2  Memory Usage: 2722kB
                    ->  Seq Scan on title t  (cost=0.00..67604.59 rows=96000 width=4) (actual time=0.012..852.229 rows=95005 loops=1)
                          Filter: (production_year = 2005)
                          Rows Removed by Filter: 2433307
Planning time: 1.178 ms
Execution time: 27614.235 ms
