Hash Join  (cost=225854.25..819071.15 rows=8902107 width=0) (actual time=4362.845..28176.684 rows=46964178 loops=1)
  Hash Cond: (mi.movie_id = t.id)
  ->  Seq Scan on movie_info mi  (cost=0.00..309384.22 rows=14739122 width=4) (actual time=0.025..4675.621 rows=14835720 loops=1)
  ->  Hash  (cost=200798.56..200798.56 rows=1527175 width=8) (actual time=4361.068..4361.068 rows=1514252 loops=1)
        Buckets: 131072  Batches: 32  Memory Usage: 2914kB
        ->  Hash Join  (cost=102767.86..200798.56 rows=1527175 width=8) (actual time=1635.283..3929.635 rows=1514252 loops=1)
              Hash Cond: (mc.movie_id = t.id)
              ->  Seq Scan on movie_companies mc  (cost=0.00..51404.11 rows=1527175 width=4) (actual time=0.026..765.243 rows=1514252 loops=1)
                    Filter: (company_id < 14144)
                    Rows Removed by Filter: 1094877
              ->  Hash  (cost=61283.27..61283.27 rows=2528527 width=4) (actual time=1634.164..1634.164 rows=2528312 loops=1)
                    Buckets: 131072  Batches: 64  Memory Usage: 2415kB
                    ->  Seq Scan on title t  (cost=0.00..61283.27 rows=2528527 width=4) (actual time=0.029..799.690 rows=2528312 loops=1)
Planning time: 1.140 ms
Execution time: 33586.861 ms
