Hash Join  (cost=102767.86..1235252.15 rows=17333978 width=0) (actual time=1483.313..26914.805 rows=17219541 loops=1)
  Hash Cond: (ci.movie_id = t.id)
  ->  Seq Scan on cast_info ci  (cost=0.00..705507.15 rows=17333978 width=4) (actual time=0.016..11926.402 rows=17219541 loops=1)
        Filter: (person_id < 1700794)
        Rows Removed by Filter: 19024803
  ->  Hash  (cost=61283.27..61283.27 rows=2528527 width=4) (actual time=1482.283..1482.283 rows=2528312 loops=1)
        Buckets: 131072  Batches: 64  Memory Usage: 2415kB
        ->  Seq Scan on title t  (cost=0.00..61283.27 rows=2528527 width=4) (actual time=0.045..716.402 rows=2528312 loops=1)
Planning time: 0.685 ms
Execution time: 28757.661 ms
