Hash Join  (cost=68058.67..95167.43 rows=19827 width=0) (actual time=1082.974..1750.561 rows=24689 loops=1)
  Hash Cond: (mi_idx.movie_id = t.id)
  ->  Seq Scan on movie_info_idx mi_idx  (cost=0.00..21735.35 rows=1380035 width=4) (actual time=0.019..341.479 rows=1380035 loops=1)
  ->  Hash  (cost=67604.59..67604.59 rows=36327 width=4) (actual time=1082.598..1082.598 rows=36509 loops=1)
        Buckets: 65536  Batches: 1  Memory Usage: 1796kB
        ->  Seq Scan on title t  (cost=0.00..67604.59 rows=36327 width=4) (actual time=0.067..1066.705 rows=36509 loops=1)
              Filter: (production_year = 1996)
              Rows Removed by Filter: 2491803
Planning time: 0.645 ms
Execution time: 1754.290 ms
