Seq Scan on movie_companies mc  (cost=0.00..51404.11 rows=653896 width=0) (actual time=0.032..716.360 rows=644689 loops=1)
  Filter: (company_id < 864)
  Rows Removed by Filter: 1964440
Planning time: 0.321 ms
Execution time: 802.193 ms
