Seq Scan on cast_info ci  (cost=0.00..705507.15 rows=21076248 width=0) (actual time=1221.461..9636.560 rows=21218172 loops=1)
  Filter: (person_id > 1482775)
  Rows Removed by Filter: 15026172
Planning time: 0.317 ms
Execution time: 12067.122 ms
