Hash Join  (cost=91879.05..169292.68 rows=591929 width=0) (actual time=1802.398..3487.434 rows=383574 loops=1)
  Hash Cond: (mc.movie_id = t.id)
  ->  Seq Scan on movie_companies mc  (cost=0.00..51404.11 rows=1367792 width=4) (actual time=0.023..880.739 rows=1353307 loops=1)
        Filter: (company_id < 11622)
        Rows Removed by Filter: 1255822
  ->  Hash  (cost=73925.90..73925.90 rows=1094252 width=4) (actual time=1383.290..1383.290 rows=1044222 loops=1)
        Buckets: 131072  Batches: 16  Memory Usage: 3319kB
        ->  Seq Scan on title t  (cost=0.00..73925.90 rows=1094252 width=4) (actual time=129.438..1062.710 rows=1044222 loops=1)
              Filter: ((production_year < 2009) AND (kind_id = 7))
              Rows Removed by Filter: 1484090
Planning time: 0.749 ms
Execution time: 3527.440 ms
