Seq Scan on movie_keyword mk  (cost=0.00..81003.12 rows=246 width=0) (actual time=18.182..1073.270 rows=333 loops=1)
  Filter: (keyword_id = 12447)
  Rows Removed by Filter: 4523597
Planning time: 0.401 ms
Execution time: 1073.537 ms
