Seq Scan on movie_companies mc  (cost=0.00..57926.93 rows=773526 width=0) (actual time=0.023..859.179 rows=559139 loops=1)
  Filter: ((company_id > 5690) AND (company_type_id < 2))
  Rows Removed by Filter: 2049990
Planning time: 0.250 ms
Execution time: 931.870 ms
