Hash Join  (cost=626030.04..2270237.63 rows=46196240 width=0) (actual time=14857.847..92805.753 rows=188963113 loops=1)
  Hash Cond: (ci.movie_id = t.id)
  ->  Seq Scan on cast_info ci  (cost=0.00..614943.12 rows=36225612 width=4) (actual time=0.006..10374.725 rows=36244344 loops=1)
  ->  Hash  (cost=573128.15..573128.15 rows=3224471 width=8) (actual time=14853.943..14853.943 rows=6821901 loops=1)
        Buckets: 131072 (originally 131072)  Batches: 128 (originally 64)  Memory Usage: 3085kB
        ->  Hash Join  (cost=81720.25..573128.15 rows=3224471 width=8) (actual time=1455.283..12664.102 rows=6821901 loops=1)
              Hash Cond: (mi.movie_id = t.id)
              ->  Seq Scan on movie_info mi  (cost=0.00..346232.03 rows=9476311 width=4) (actual time=352.120..4998.017 rows=9565151 loops=1)
                    Filter: (info_type_id < 16)
                    Rows Removed by Filter: 5270569
              ->  Hash  (cost=67604.59..67604.59 rows=860373 width=4) (actual time=1101.966..1101.966 rows=854214 loops=1)
                    Buckets: 131072  Batches: 16  Memory Usage: 2906kB
                    ->  Seq Scan on title t  (cost=0.00..67604.59 rows=860373 width=4) (actual time=0.034..830.631 rows=854214 loops=1)
                          Filter: (kind_id < 4)
                          Rows Removed by Filter: 1674098
Planning time: 0.786 ms
Execution time: 113619.464 ms
