Nested Loop  (cost=0.43..58358.39 rows=6 width=0) (actual time=203.130..687.280 rows=11 loops=1)
  ->  Seq Scan on movie_companies mc  (cost=0.00..57926.93 rows=51 width=4) (actual time=88.015..677.641 rows=378 loops=1)
        Filter: ((company_id = 1260) AND (company_type_id = 1))
        Rows Removed by Filter: 2608751
  ->  Index Scan using title_pkey on title t  (cost=0.43..8.45 rows=1 width=4) (actual time=0.025..0.025 rows=0 loops=378)
        Index Cond: (id = mc.movie_id)
        Filter: (production_year < 1964)
        Rows Removed by Filter: 1
Planning time: 0.809 ms
Execution time: 687.380 ms
