Nested Loop  (cost=0.43..709673.15 rows=380 width=0) (actual time=1596.374..8577.110 rows=3155 loops=1)
  ->  Seq Scan on cast_info ci  (cost=0.00..705507.15 rows=500 width=4) (actual time=1596.254..8554.443 rows=3229 loops=1)
        Filter: (person_id = 768549)
        Rows Removed by Filter: 36241115
  ->  Index Scan using title_pkey on title t  (cost=0.43..8.32 rows=1 width=4) (actual time=0.006..0.006 rows=1 loops=3229)
        Index Cond: (id = ci.movie_id)
        Filter: (production_year < 2010)
        Rows Removed by Filter: 0
Planning time: 0.888 ms
Execution time: 8577.732 ms
