Nested Loop  (cost=0.43..83072.90 rows=5 width=0) (actual time=95.654..956.910 rows=3 loops=1)
  ->  Seq Scan on movie_keyword mk  (cost=0.00..81003.12 rows=246 width=4) (actual time=6.371..954.411 rows=65 loops=1)
        Filter: (keyword_id = 35910)
        Rows Removed by Filter: 4523865
  ->  Index Scan using title_pkey on title t  (cost=0.43..8.40 rows=1 width=4) (actual time=0.035..0.035 rows=0 loops=65)
        Index Cond: (id = mk.movie_id)
        Filter: ((kind_id < 2) AND (production_year < 1953))
        Rows Removed by Filter: 1
Planning time: 0.804 ms
Execution time: 957.004 ms
