Hash Join  (cost=538763.67..1815601.72 rows=19250381 width=0) (actual time=10330.771..83164.791 rows=184418303 loops=1)
  Hash Cond: (ci.movie_id = t.id)
  ->  Seq Scan on cast_info ci  (cost=0.00..614943.12 rows=36225612 width=4) (actual time=0.015..10898.244 rows=36244344 loops=1)
  ->  Hash  (cost=516718.84..516718.84 rows=1343666 width=8) (actual time=10329.420..10329.420 rows=2828303 loops=1)
        Buckets: 131072 (originally 131072)  Batches: 64 (originally 32)  Memory Usage: 3073kB
        ->  Hash Join  (cost=82871.49..516718.84 rows=1343666 width=8) (actual time=1231.079..9520.055 rows=2828303 loops=1)
              Hash Cond: (mi.movie_id = t.id)
              ->  Seq Scan on movie_info mi  (cost=0.00..346232.03 rows=6231111 width=4) (actual time=0.019..4797.528 rows=6223494 loops=1)
                    Filter: (info_type_id > 8)
                    Rows Removed by Filter: 8612226
              ->  Hash  (cost=73925.90..73925.90 rows=545247 width=4) (actual time=1230.174..1230.174 rows=557319 loops=1)
                    Buckets: 131072  Batches: 8  Memory Usage: 3494kB
                    ->  Seq Scan on title t  (cost=0.00..73925.90 rows=545247 width=4) (actual time=199.982..1049.344 rows=557319 loops=1)
                          Filter: ((production_year < 2011) AND (kind_id = 1))
                          Rows Removed by Filter: 1970993
Planning time: 1.198 ms
Execution time: 102931.201 ms
