Hash Join  (cost=909905.38..1304794.08 rows=161242 width=0) (actual time=10521.654..17207.500 rows=202025 loops=1)
  Hash Cond: (mi.movie_id = t.id)
  ->  Seq Scan on movie_info mi  (cost=0.00..346232.03 rows=12545135 width=4) (actual time=0.016..4577.137 rows=12601870 loops=1)
        Filter: (info_type_id < 17)
        Rows Removed by Filter: 2233850
  ->  Hash  (cost=909499.15..909499.15 rows=32499 width=8) (actual time=10521.070..10521.070 rows=11379 loops=1)
        Buckets: 32768  Batches: 1  Memory Usage: 701kB
        ->  Hash Join  (cost=102767.86..909499.15 rows=32499 width=8) (actual time=3754.480..10516.844 rows=11379 loops=1)
              Hash Cond: (ci.movie_id = t.id)
              ->  Seq Scan on cast_info ci  (cost=0.00..796071.18 rows=32499 width=4) (actual time=2074.122..8439.315 rows=11379 loops=1)
                    Filter: ((person_id < 313637) AND (role_id > 10))
                    Rows Removed by Filter: 36232965
              ->  Hash  (cost=61283.27..61283.27 rows=2528527 width=4) (actual time=1677.835..1677.835 rows=2528312 loops=1)
                    Buckets: 131072  Batches: 64  Memory Usage: 2415kB
                    ->  Seq Scan on title t  (cost=0.00..61283.27 rows=2528527 width=4) (actual time=0.031..793.201 rows=2528312 loops=1)
Planning time: 1.224 ms
Execution time: 17236.242 ms
