Seq Scan on cast_info ci  (cost=0.00..796071.18 rows=10118715 width=0) (actual time=0.244..11056.473 rows=4334842 loops=1)
  Filter: ((person_id < 1526559) AND (role_id > 1))
  Rows Removed by Filter: 31909502
Planning time: 0.357 ms
Execution time: 11607.417 ms
