Seq Scan on movie_companies mc  (cost=0.00..57926.93 rows=779549 width=0) (actual time=272.614..906.954 rows=1074785 loops=1)
  Filter: ((company_id < 15631) AND (company_type_id = 1))
  Rows Removed by Filter: 1534344
Planning time: 0.358 ms
Execution time: 1045.089 ms
