Hash Join  (cost=709676.96..1074350.67 rows=1778 width=0) (actual time=9147.907..14812.875 rows=765 loops=1)
  Hash Cond: (mi.movie_id = t.id)
  ->  Seq Scan on movie_info mi  (cost=0.00..309384.22 rows=14739122 width=4) (actual time=0.022..2966.858 rows=14835720 loops=1)
  ->  Hash  (cost=709673.15..709673.15 rows=305 width=8) (actual time=8992.056..8992.056 rows=685 loops=1)
        Buckets: 1024  Batches: 1  Memory Usage: 35kB
        ->  Nested Loop  (cost=0.43..709673.15 rows=305 width=8) (actual time=2916.968..8991.739 rows=685 loops=1)
              ->  Seq Scan on cast_info ci  (cost=0.00..705507.15 rows=500 width=4) (actual time=2916.820..8982.647 rows=685 loops=1)
                    Filter: (person_id = 3125438)
                    Rows Removed by Filter: 36243659
              ->  Index Scan using title_pkey on title t  (cost=0.43..8.32 rows=1 width=4) (actual time=0.012..0.012 rows=1 loops=685)
                    Index Cond: (id = ci.movie_id)
                    Filter: (kind_id = 7)
Planning time: 1.374 ms
Execution time: 14813.151 ms
