Seq Scan on title t  (cost=0.00..73925.90 rows=277344 width=0) (actual time=0.027..1172.416 rows=169544 loops=1)
  Filter: ((production_year < 1976) AND (kind_id = 7))
  Rows Removed by Filter: 2358768
Planning time: 0.381 ms
Execution time: 1196.062 ms
