Hash Join  (cost=709678.15..764348.83 rows=516 width=0) (actual time=8725.979..9319.805 rows=177 loops=1)
  Hash Cond: (mc.movie_id = t.id)
  ->  Seq Scan on movie_companies mc  (cost=0.00..44881.29 rows=2609129 width=4) (actual time=0.024..311.929 rows=2609129 loops=1)
  ->  Hash  (cost=709671.90..709671.90 rows=500 width=8) (actual time=8705.386..8705.386 rows=65 loops=1)
        Buckets: 1024  Batches: 1  Memory Usage: 11kB
        ->  Nested Loop  (cost=0.43..709671.90 rows=500 width=8) (actual time=4373.703..8705.314 rows=65 loops=1)
              ->  Seq Scan on cast_info ci  (cost=0.00..705507.15 rows=500 width=4) (actual time=4373.490..8703.745 rows=65 loops=1)
                    Filter: (person_id = 1112692)
                    Rows Removed by Filter: 36244279
              ->  Index Only Scan using title_pkey on title t  (cost=0.43..8.32 rows=1 width=4) (actual time=0.022..0.022 rows=1 loops=65)
                    Index Cond: (id = ci.movie_id)
                    Heap Fetches: 65
Planning time: 1.131 ms
Execution time: 9319.942 ms
