Hash Join  (cost=102767.86..294258.49 rows=4181139 width=0) (actual time=1354.784..7360.642 rows=4183099 loops=1)
  Hash Cond: (mk.movie_id = t.id)
  ->  Seq Scan on movie_keyword mk  (cost=0.00..81003.12 rows=4181139 width=4) (actual time=0.015..1501.891 rows=4183099 loops=1)
        Filter: (keyword_id < 48679)
        Rows Removed by Filter: 340831
  ->  Hash  (cost=61283.27..61283.27 rows=2528527 width=4) (actual time=1353.019..1353.019 rows=2528312 loops=1)
        Buckets: 131072  Batches: 64  Memory Usage: 2425kB
        ->  Seq Scan on title t  (cost=0.00..61283.27 rows=2528527 width=4) (actual time=0.018..647.629 rows=2528312 loops=1)
Planning time: 0.740 ms
Execution time: 7845.481 ms
