Seq Scan on movie_keyword mk  (cost=0.00..81003.12 rows=246 width=0) (actual time=0.653..930.408 rows=317 loops=1)
  Filter: (keyword_id = 11397)
  Rows Removed by Filter: 4523613
Planning time: 0.384 ms
Execution time: 930.590 ms
