Hash Join  (cost=842372.82..2241440.74 rows=41676176 width=0) (actual time=20485.681..57411.343 rows=79830524 loops=1)
  Hash Cond: (ci.movie_id = t.id)
  ->  Seq Scan on cast_info ci  (cost=0.00..705507.15 rows=11120291 width=4) (actual time=1190.622..10081.118 rows=11108078 loops=1)
        Filter: (person_id > 2591580)
        Rows Removed by Filter: 25136266
  ->  Hash  (cost=686901.94..686901.94 rows=9476311 width=8) (actual time=19292.038..19292.038 rows=9565151 loops=1)
        Buckets: 131072  Batches: 128  Memory Usage: 3919kB
        ->  Hash Join  (cost=102767.86..686901.94 rows=9476311 width=8) (actual time=2028.812..16476.538 rows=9565151 loops=1)
              Hash Cond: (mi.movie_id = t.id)
              ->  Seq Scan on movie_info mi  (cost=0.00..346232.03 rows=9476311 width=4) (actual time=534.222..4966.796 rows=9565151 loops=1)
                    Filter: (info_type_id < 16)
                    Rows Removed by Filter: 5270569
              ->  Hash  (cost=61283.27..61283.27 rows=2528527 width=4) (actual time=1493.851..1493.851 rows=2528312 loops=1)
                    Buckets: 131072  Batches: 64  Memory Usage: 2425kB
                    ->  Seq Scan on title t  (cost=0.00..61283.27 rows=2528527 width=4) (actual time=0.028..703.328 rows=2528312 loops=1)
Planning time: 1.169 ms
Execution time: 66196.573 ms
