Seq Scan on movie_keyword mk  (cost=0.00..81003.12 rows=246 width=0) (actual time=2.970..1005.474 rows=46 loops=1)
  Filter: (keyword_id = 18807)
  Rows Removed by Filter: 4523884
Planning time: 0.385 ms
Execution time: 1005.603 ms
