Hash Join  (cost=256562.55..773572.08 rows=6869383 width=0) (actual time=5812.410..19163.305 rows=19513250 loops=1)
  Hash Cond: (mi.movie_id = t.id)
  ->  Seq Scan on movie_info mi  (cost=0.00..346232.03 rows=7235534 width=4) (actual time=259.790..4791.593 rows=7286865 loops=1)
        Filter: (info_type_id < 8)
        Rows Removed by Filter: 7548855
  ->  Hash  (cost=217177.40..217177.40 rows=2400572 width=8) (actual time=5551.681..5551.681 rows=2313192 loops=1)
        Buckets: 131072  Batches: 32  Memory Usage: 3899kB
        ->  Hash Join  (cost=105772.75..217177.40 rows=2400572 width=8) (actual time=1785.146..4867.191 rows=2313192 loops=1)
              Hash Cond: (mc.movie_id = t.id)
              ->  Seq Scan on movie_companies mc  (cost=0.00..44881.29 rows=2609129 width=4) (actual time=0.032..673.690 rows=2609129 loops=1)
              ->  Hash  (cost=67604.59..67604.59 rows=2326413 width=4) (actual time=1784.117..1784.117 rows=2320300 loops=1)
                    Buckets: 131072  Batches: 32  Memory Usage: 3577kB
                    ->  Seq Scan on title t  (cost=0.00..67604.59 rows=2326413 width=4) (actual time=0.018..1072.732 rows=2320300 loops=1)
                          Filter: (production_year > 1937)
                          Rows Removed by Filter: 208012
Planning time: 1.183 ms
Execution time: 21362.584 ms
