Seq Scan on movie_companies mc  (cost=0.00..51404.11 rows=1175272 width=0) (actual time=0.013..760.561 rows=1184307 loops=1)
  Filter: (company_id > 12565)
  Rows Removed by Filter: 1424822
Planning time: 0.326 ms
Execution time: 916.695 ms
