Seq Scan on cast_info ci  (cost=0.00..705507.15 rows=10182406 width=0) (actual time=452.188..9073.386 rows=9993244 loops=1)
  Filter: (person_id < 983482)
  Rows Removed by Filter: 26251100
Planning time: 0.312 ms
Execution time: 10350.424 ms
