Hash Join  (cost=83073.46..437535.69 rows=39 width=0) (actual time=2027.926..4285.783 rows=1347 loops=1)
  Hash Cond: (mi.movie_id = t.id)
  ->  Seq Scan on movie_info mi  (cost=0.00..346232.03 rows=2194617 width=4) (actual time=1160.324..3257.473 rows=2233850 loops=1)
        Filter: (info_type_id > 16)
        Rows Removed by Filter: 12601870
  ->  Hash  (cost=83072.90..83072.90 rows=45 width=8) (actual time=778.247..778.247 rows=34 loops=1)
        Buckets: 1024  Batches: 1  Memory Usage: 10kB
        ->  Nested Loop  (cost=0.43..83072.90 rows=45 width=8) (actual time=4.756..778.206 rows=34 loops=1)
              ->  Seq Scan on movie_keyword mk  (cost=0.00..81003.12 rows=246 width=4) (actual time=4.713..775.077 rows=95 loops=1)
                    Filter: (keyword_id = 19472)
                    Rows Removed by Filter: 4523835
              ->  Index Scan using title_pkey on title t  (cost=0.43..8.40 rows=1 width=4) (actual time=0.030..0.030 rows=0 loops=95)
                    Index Cond: (id = mk.movie_id)
                    Filter: ((kind_id < 7) AND (production_year < 2003))
                    Rows Removed by Filter: 1
Planning time: 1.176 ms
Execution time: 4286.129 ms
