Hash Join  (cost=177249.03..321026.71 rows=1107778 width=0) (actual time=4138.103..13790.793 rows=27384003 loops=1)
  Hash Cond: (mk.movie_id = t.id)
  ->  Seq Scan on movie_keyword mk  (cost=0.00..81003.12 rows=4248206 width=4) (actual time=0.018..1466.381 rows=4226510 loops=1)
        Filter: (keyword_id > 242)
        Rows Removed by Filter: 297420
  ->  Hash  (cost=166431.18..166431.18 rows=659348 width=8) (actual time=4137.123..4137.123 rows=1402530 loops=1)
        Buckets: 131072 (originally 131072)  Batches: 32 (originally 16)  Memory Usage: 3073kB
        ->  Hash Join  (cost=80042.24..166431.18 rows=659348 width=8) (actual time=1127.682..3683.675 rows=1402530 loops=1)
              Hash Cond: (mc.movie_id = t.id)
              ->  Seq Scan on movie_companies mc  (cost=0.00..51404.11 rows=2199294 width=4) (actual time=0.019..915.057 rows=2198778 loops=1)
                    Filter: (company_id > 264)
                    Rows Removed by Filter: 410351
              ->  Hash  (cost=67604.59..67604.59 rows=758052 width=4) (actual time=1126.691..1126.691 rows=753677 loops=1)
                    Buckets: 131072  Batches: 16  Memory Usage: 2677kB
                    ->  Seq Scan on title t  (cost=0.00..67604.59 rows=758052 width=4) (actual time=0.031..890.299 rows=753677 loops=1)
                          Filter: (kind_id < 3)
                          Rows Removed by Filter: 1774635
Planning time: 1.108 ms
Execution time: 16876.545 ms
