Hash Join  (cost=67697.55..94648.62 rows=4059 width=0) (actual time=860.160..1404.952 rows=5458 loops=1)
  Hash Cond: (mi_idx.movie_id = t.id)
  ->  Seq Scan on movie_info_idx mi_idx  (cost=0.00..21735.35 rows=1380035 width=4) (actual time=0.019..246.760 rows=1380035 loops=1)
  ->  Hash  (cost=67604.59..67604.59 rows=7437 width=4) (actual time=859.772..859.772 rows=8628 loops=1)
        Buckets: 16384 (originally 8192)  Batches: 1 (originally 1)  Memory Usage: 432kB
        ->  Seq Scan on title t  (cost=0.00..67604.59 rows=7437 width=4) (actual time=0.048..855.477 rows=8628 loops=1)
              Filter: (production_year = 1956)
              Rows Removed by Filter: 2519684
Planning time: 0.522 ms
Execution time: 1406.015 ms
