Hash Join  (cost=709678.15..738297.03 rows=181 width=0) (actual time=8658.470..9200.465 rows=114 loops=1)
  Hash Cond: (mi_idx.movie_id = t.id)
  ->  Seq Scan on movie_info_idx mi_idx  (cost=0.00..25185.44 rows=915101 width=4) (actual time=0.018..410.589 rows=919850 loops=1)
        Filter: (info_type_id < 101)
        Rows Removed by Filter: 460185
  ->  Hash  (cost=709671.90..709671.90 rows=500 width=8) (actual time=8657.631..8657.631 rows=77 loops=1)
        Buckets: 1024  Batches: 1  Memory Usage: 12kB
        ->  Nested Loop  (cost=0.43..709671.90 rows=500 width=8) (actual time=2673.741..8657.537 rows=77 loops=1)
              ->  Seq Scan on cast_info ci  (cost=0.00..705507.15 rows=500 width=4) (actual time=2673.552..8655.265 rows=77 loops=1)
                    Filter: (person_id = 185522)
                    Rows Removed by Filter: 36244267
              ->  Index Only Scan using title_pkey on title t  (cost=0.43..8.32 rows=1 width=4) (actual time=0.027..0.027 rows=1 loops=77)
                    Index Cond: (id = ci.movie_id)
                    Heap Fetches: 77
Planning time: 1.164 ms
Execution time: 9200.609 ms
