Hash Join  (cost=67697.55..123937.48 rows=3763 width=0) (actual time=840.370..1785.191 rows=5146 loops=1)
  Hash Cond: (mc.movie_id = t.id)
  ->  Seq Scan on movie_companies mc  (cost=0.00..51404.11 rows=1279517 width=4) (actual time=0.021..750.329 rows=1274246 loops=1)
        Filter: (company_type_id < 2)
        Rows Removed by Filter: 1334883
  ->  Hash  (cost=67604.59..67604.59 rows=7437 width=4) (actual time=840.111..840.111 rows=2730 loops=1)
        Buckets: 8192  Batches: 1  Memory Usage: 160kB
        ->  Seq Scan on title t  (cost=0.00..67604.59 rows=7437 width=4) (actual time=0.161..838.651 rows=2730 loops=1)
              Filter: (production_year = 1938)
              Rows Removed by Filter: 2525582
Planning time: 0.683 ms
Execution time: 1786.053 ms
