Hash Join  (cost=75636.60..152169.51 rows=107538 width=0) (actual time=1033.567..2640.575 rows=66403 loops=1)
  Hash Cond: (mc.movie_id = t.id)
  ->  Seq Scan on movie_companies mc  (cost=0.00..44881.29 rows=2609129 width=4) (actual time=0.023..687.180 rows=2609129 loops=1)
  ->  Hash  (cost=73925.90..73925.90 rows=104216 width=4) (actual time=1032.787..1032.787 rows=108513 loops=1)
        Buckets: 131072  Batches: 2  Memory Usage: 2931kB
        ->  Seq Scan on title t  (cost=0.00..73925.90 rows=104216 width=4) (actual time=0.031..991.191 rows=108513 loops=1)
              Filter: ((kind_id > 1) AND (production_year = 2010))
              Rows Removed by Filter: 2419799
Planning time: 0.718 ms
Execution time: 2650.580 ms
