Seq Scan on movie_keyword mk  (cost=0.00..81003.12 rows=246 width=0) (actual time=2.048..1027.732 rows=121 loops=1)
  Filter: (keyword_id = 9336)
  Rows Removed by Filter: 4523809
Planning time: 0.342 ms
Execution time: 1027.907 ms
