Hash Join  (cost=234725.58..310806.11 rows=533738 width=0) (actual time=5145.083..6941.796 rows=1774629 loops=1)
  Hash Cond: (mc.movie_id = t.id)
  ->  Seq Scan on movie_companies mc  (cost=0.00..51404.11 rows=1329612 width=4) (actual time=206.817..855.041 rows=1334883 loops=1)
        Filter: (company_type_id = 2)
        Rows Removed by Filter: 1274246
  ->  Hash  (cost=218072.93..218072.93 rows=1015012 width=8) (actual time=4937.471..4937.471 rows=1016985 loops=1)
        Buckets: 131072  Batches: 16  Memory Usage: 3533kB
        ->  Hash Join  (cost=102767.86..218072.93 rows=1015012 width=8) (actual time=2328.387..4661.755 rows=1016985 loops=1)
              Hash Cond: (mk.movie_id = t.id)
              ->  Seq Scan on movie_keyword mk  (cost=0.00..81003.12 rows=1015012 width=4) (actual time=0.028..1198.783 rows=1016985 loops=1)
                    Filter: (keyword_id < 992)
                    Rows Removed by Filter: 3506945
              ->  Hash  (cost=61283.27..61283.27 rows=2528527 width=4) (actual time=2327.058..2327.058 rows=2528312 loops=1)
                    Buckets: 131072  Batches: 64  Memory Usage: 2425kB
                    ->  Seq Scan on title t  (cost=0.00..61283.27 rows=2528527 width=4) (actual time=0.015..793.017 rows=2528312 loops=1)
Planning time: 2.281 ms
Execution time: 7129.784 ms
