Hash Join  (cost=103614.85..469366.19 rows=109542 width=0) (actual time=1190.672..7221.029 rows=75646 loops=1)
  Hash Cond: (mi.movie_id = t.id)
  ->  Seq Scan on movie_info mi  (cost=0.00..309384.22 rows=14739122 width=4) (actual time=0.016..2901.239 rows=14835720 loops=1)
  ->  Hash  (cost=103379.95..103379.95 rows=18792 width=8) (actual time=1190.011..1190.011 rows=10080 loops=1)
        Buckets: 32768  Batches: 1  Memory Usage: 650kB
        ->  Hash Join  (cost=74574.97..103379.95 rows=18792 width=8) (actual time=885.512..1186.431 rows=10080 loops=1)
              Hash Cond: (mi_idx.movie_id = t.id)
              ->  Seq Scan on movie_info_idx mi_idx  (cost=0.00..25185.44 rows=915101 width=4) (actual time=0.025..336.024 rows=919850 loops=1)
                    Filter: (info_type_id < 101)
                    Rows Removed by Filter: 460185
              ->  Hash  (cost=73925.90..73925.90 rows=51925 width=4) (actual time=667.170..667.170 rows=56480 loops=1)
                    Buckets: 65536  Batches: 1  Memory Usage: 2498kB
                    ->  Seq Scan on title t  (cost=0.00..73925.90 rows=51925 width=4) (actual time=55.911..652.497 rows=56480 loops=1)
                          Filter: ((kind_id = 7) AND (production_year = 2004))
                          Rows Removed by Filter: 2471832
Planning time: 1.265 ms
Execution time: 7232.283 ms
