Seq Scan on movie_keyword mk  (cost=0.00..81003.12 rows=246 width=0) (actual time=26.542..1346.593 rows=203 loops=1)
  Filter: (keyword_id = 21887)
  Rows Removed by Filter: 4523727
Planning time: 0.303 ms
Execution time: 1346.810 ms
