Hash Join  (cost=102767.86..240217.53 rows=1935295 width=0) (actual time=1584.336..4702.679 rows=1944523 loops=1)
  Hash Cond: (mk.movie_id = t.id)
  ->  Seq Scan on movie_keyword mk  (cost=0.00..81003.12 rows=1935295 width=4) (actual time=0.017..1281.857 rows=1944523 loops=1)
        Filter: (keyword_id > 6709)
        Rows Removed by Filter: 2579407
  ->  Hash  (cost=61283.27..61283.27 rows=2528527 width=4) (actual time=1582.612..1582.612 rows=2528312 loops=1)
        Buckets: 131072  Batches: 64  Memory Usage: 2425kB
        ->  Seq Scan on title t  (cost=0.00..61283.27 rows=2528527 width=4) (actual time=0.017..738.885 rows=2528312 loops=1)
Planning time: 0.741 ms
Execution time: 4936.634 ms
