Hash Join  (cost=79161.40..467116.70 rows=4141 width=0) (actual time=775.143..6876.758 rows=12814 loops=1)
  Hash Cond: (mi.movie_id = t.id)
  ->  Seq Scan on movie_info mi  (cost=0.00..346232.03 rows=11115165 width=4) (actual time=66.628..4547.105 rows=11210743 loops=1)
        Filter: (info_type_id > 3)
        Rows Removed by Filter: 3624977
  ->  Hash  (cost=79149.62..79149.62 rows=942 width=8) (actual time=707.951..707.951 rows=1322 loops=1)
        Buckets: 2048 (originally 1024)  Batches: 1 (originally 1)  Memory Usage: 68kB
        ->  Nested Loop  (cost=0.43..79149.62 rows=942 width=8) (actual time=0.269..707.145 rows=1322 loops=1)
              ->  Seq Scan on movie_companies mc  (cost=0.00..51404.11 rows=3653 width=4) (actual time=0.215..644.898 rows=2945 loops=1)
                    Filter: (company_id = 133)
                    Rows Removed by Filter: 2606184
              ->  Index Scan using title_pkey on title t  (cost=0.43..7.59 rows=1 width=4) (actual time=0.020..0.020 rows=0 loops=2945)
                    Index Cond: (id = mc.movie_id)
                    Filter: ((kind_id < 7) AND (production_year < 2008))
                    Rows Removed by Filter: 1
Planning time: 1.244 ms
Execution time: 6879.180 ms
