Seq Scan on movie_keyword mk  (cost=0.00..81003.12 rows=2439116 width=0) (actual time=0.020..1038.557 rows=2438178 loops=1)
  Filter: (keyword_id < 5804)
  Rows Removed by Filter: 2085752
Planning time: 0.238 ms
Execution time: 1298.701 ms
