Hash Join  (cost=83072.40..833862.85 rows=126 width=0) (actual time=1136.431..14448.326 rows=138 loops=1)
  Hash Cond: (ci.movie_id = t.id)
  ->  Seq Scan on cast_info ci  (cost=0.00..614943.12 rows=36225612 width=4) (actual time=0.022..6463.638 rows=36244344 loops=1)
  ->  Hash  (cost=83072.29..83072.29 rows=9 width=8) (actual time=1039.656..1039.656 rows=5 loops=1)
        Buckets: 1024  Batches: 1  Memory Usage: 9kB
        ->  Nested Loop  (cost=0.43..83072.29 rows=9 width=8) (actual time=27.656..1039.640 rows=5 loops=1)
              ->  Seq Scan on movie_keyword mk  (cost=0.00..81003.12 rows=246 width=4) (actual time=0.880..1026.747 rows=515 loops=1)
                    Filter: (keyword_id = 8618)
                    Rows Removed by Filter: 4523415
              ->  Index Scan using title_pkey on title t  (cost=0.43..8.40 rows=1 width=4) (actual time=0.024..0.024 rows=0 loops=515)
                    Index Cond: (id = mk.movie_id)
                    Filter: (kind_id = 2)
                    Rows Removed by Filter: 1
Planning time: 1.177 ms
Execution time: 14448.632 ms
