Hash Join  (cost=73931.68..169998.01 rows=734 width=0) (actual time=1308.780..2844.408 rows=34 loops=1)
  Hash Cond: (mk.movie_id = t.id)
  ->  Seq Scan on movie_keyword mk  (cost=0.00..81003.12 rows=4014897 width=4) (actual time=0.017..1334.232 rows=4023917 loops=1)
        Filter: (keyword_id < 36080)
        Rows Removed by Filter: 500013
  ->  Hash  (cost=73925.90..73925.90 rows=462 width=4) (actual time=944.326..944.326 rows=212 loops=1)
        Buckets: 1024  Batches: 1  Memory Usage: 16kB
        ->  Seq Scan on title t  (cost=0.00..73925.90 rows=462 width=4) (actual time=1.314..944.122 rows=212 loops=1)
              Filter: ((kind_id > 2) AND (production_year > 2013))
              Rows Removed by Filter: 2528100
Planning time: 0.769 ms
Execution time: 2844.534 ms
