Hash Join  (cost=75189.94..113603.91 rows=42049 width=0) (actual time=711.320..1657.798 rows=100196 loops=1)
  Hash Cond: (mi_idx.movie_id = t.id)
  ->  Seq Scan on movie_info_idx mi_idx  (cost=0.00..21735.35 rows=1380035 width=4) (actual time=0.028..344.150 rows=1380035 loops=1)
  ->  Hash  (cost=73925.90..73925.90 rows=77043 width=4) (actual time=710.506..710.506 rows=177073 loops=1)
        Buckets: 131072 (originally 131072)  Batches: 4 (originally 2)  Memory Usage: 3073kB
        ->  Seq Scan on title t  (cost=0.00..73925.90 rows=77043 width=4) (actual time=0.260..660.591 rows=177073 loops=1)
              Filter: ((kind_id < 7) AND (production_year < 1955))
              Rows Removed by Filter: 2351239
Planning time: 0.737 ms
Execution time: 1670.949 ms
