Hash Join  (cost=151583.93..1206437.95 rows=2049186 width=0) (actual time=2965.025..31124.206 rows=8169783 loops=1)
  Hash Cond: (ci.movie_id = t.id)
  ->  Seq Scan on cast_info ci  (cost=0.00..614943.12 rows=36225612 width=4) (actual time=0.027..9880.227 rows=36244344 loops=1)
  ->  Hash  (cost=149237.03..149237.03 rows=143032 width=8) (actual time=2964.149..2964.149 rows=325088 loops=1)
        Buckets: 131072 (originally 131072)  Batches: 8 (originally 2)  Memory Usage: 3073kB
        ->  Hash Join  (cost=88195.18..149237.03 rows=143032 width=8) (actual time=1881.590..2845.198 rows=325088 loops=1)
              Hash Cond: (mc.movie_id = t.id)
              ->  Seq Scan on movie_companies mc  (cost=0.00..51404.11 rows=415844 width=4) (actual time=52.535..550.334 rows=418690 loops=1)
                    Filter: (company_id > 80151)
                    Rows Removed by Filter: 2190439
              ->  Hash  (cost=73925.90..73925.90 rows=869702 width=4) (actual time=1827.914..1827.914 rows=896788 loops=1)
                    Buckets: 131072  Batches: 16  Memory Usage: 2998kB
                    ->  Seq Scan on title t  (cost=0.00..73925.90 rows=869702 width=4) (actual time=0.027..859.460 rows=896788 loops=1)
                          Filter: ((kind_id < 7) AND (production_year < 2012))
                          Rows Removed by Filter: 1631524
Planning time: 2.507 ms
Execution time: 32068.403 ms
