Hash Join  (cost=218338.04..771553.43 rows=6879847 width=0) (actual time=4861.023..28578.754 rows=47903401 loops=1)
  Hash Cond: (mi.movie_id = t.id)
  ->  Seq Scan on movie_info mi  (cost=0.00..309384.22 rows=14739122 width=4) (actual time=0.014..6237.186 rows=14835720 loops=1)
  ->  Hash  (cost=198973.89..198973.89 rows=1180252 width=8) (actual time=4860.141..4860.141 rows=1274246 loops=1)
        Buckets: 131072 (originally 131072)  Batches: 32 (originally 16)  Memory Usage: 3073kB
        ->  Hash Join  (cost=102767.86..198973.89 rows=1180252 width=8) (actual time=2318.302..4484.414 rows=1274246 loops=1)
              Hash Cond: (mc.movie_id = t.id)
              ->  Seq Scan on movie_companies mc  (cost=0.00..57926.93 rows=1180252 width=4) (actual time=333.221..1100.135 rows=1274246 loops=1)
                    Filter: ((company_id < 112280) AND (company_type_id = 1))
                    Rows Removed by Filter: 1334883
              ->  Hash  (cost=61283.27..61283.27 rows=2528527 width=4) (actual time=1983.750..1983.750 rows=2528312 loops=1)
                    Buckets: 131072  Batches: 64  Memory Usage: 2415kB
                    ->  Seq Scan on title t  (cost=0.00..61283.27 rows=2528527 width=4) (actual time=0.016..1140.263 rows=2528312 loops=1)
Planning time: 1.034 ms
Execution time: 33543.602 ms
