Hash Join  (cost=798388.90..825300.89 rows=151 width=0) (actual time=10373.904..10609.626 rows=9 loops=1)
  Hash Cond: (mi_idx.movie_id = t.id)
  ->  Seq Scan on movie_info_idx mi_idx  (cost=0.00..21735.35 rows=1380035 width=4) (actual time=0.020..211.883 rows=1380035 loops=1)
  ->  Hash  (cost=798385.45..798385.45 rows=276 width=8) (actual time=10165.875..10165.875 rows=39 loops=1)
        Buckets: 1024  Batches: 1  Memory Usage: 10kB
        ->  Nested Loop  (cost=0.43..798385.45 rows=276 width=8) (actual time=5060.956..10165.845 rows=39 loops=1)
              ->  Seq Scan on cast_info ci  (cost=0.00..796071.18 rows=276 width=4) (actual time=5060.848..10165.097 rows=39 loops=1)
                    Filter: ((role_id < 3) AND (person_id = 2519528))
                    Rows Removed by Filter: 36244305
              ->  Index Only Scan using title_pkey on title t  (cost=0.43..8.38 rows=1 width=4) (actual time=0.017..0.017 rows=1 loops=39)
                    Index Cond: (id = ci.movie_id)
                    Heap Fetches: 39
Planning time: 1.174 ms
Execution time: 10609.765 ms
