Nested Loop  (cost=0.43..83072.29 rows=96 width=0) (actual time=0.313..1015.768 rows=426 loops=1)
  ->  Seq Scan on movie_keyword mk  (cost=0.00..81003.12 rows=246 width=4) (actual time=0.262..1004.169 rows=447 loops=1)
        Filter: (keyword_id = 2840)
        Rows Removed by Filter: 4523483
  ->  Index Scan using title_pkey on title t  (cost=0.43..8.40 rows=1 width=4) (actual time=0.024..0.024 rows=1 loops=447)
        Index Cond: (id = mk.movie_id)
        Filter: (kind_id < 7)
        Rows Removed by Filter: 0
Planning time: 0.760 ms
Execution time: 1016.018 ms
