Hash Join  (cost=94206.67..650897.91 rows=7205631 width=0) (actual time=1574.652..13692.694 rows=4403235 loops=1)
  Hash Cond: (mi.movie_id = t.id)
  ->  Seq Scan on movie_info mi  (cost=0.00..309384.22 rows=14739122 width=4) (actual time=0.016..4428.001 rows=14835720 loops=1)
  ->  Hash  (cost=73925.90..73925.90 rows=1236141 width=4) (actual time=1573.486..1573.486 rows=1353520 loops=1)
        Buckets: 131072  Batches: 32  Memory Usage: 2525kB
        ->  Seq Scan on title t  (cost=0.00..73925.90 rows=1236141 width=4) (actual time=0.023..1126.934 rows=1353520 loops=1)
              Filter: ((kind_id > 1) AND (production_year > 1993))
              Rows Removed by Filter: 1174792
Planning time: 0.535 ms
Execution time: 14108.018 ms
