Seq Scan on cast_info ci  (cost=0.00..705507.15 rows=35006383 width=0) (actual time=0.016..10738.414 rows=34998968 loops=1)
  Filter: (person_id < 3820893)
  Rows Removed by Filter: 1245376
Planning time: 0.342 ms
Execution time: 14999.264 ms
