Seq Scan on movie_keyword mk  (cost=0.00..81003.12 rows=246 width=12) (actual time=28.483..1584.976 rows=117 loops=1)
  Filter: (keyword_id = 7376)
  Rows Removed by Filter: 4523813
Planning time: 1.243 ms
Execution time: 1585.032 ms
