Hash Join  (cost=103324.96..156706.38 rows=791369 width=0) (actual time=1742.171..3237.524 rows=812116 loops=1)
  Hash Cond: (mi_idx.movie_id = t.id)
  ->  Seq Scan on movie_info_idx mi_idx  (cost=0.00..25185.44 rows=919057 width=4) (actual time=0.020..452.321 rows=920110 loops=1)
        Filter: (info_type_id > 99)
        Rows Removed by Filter: 459925
  ->  Hash  (cost=67604.59..67604.59 rows=2177230 width=4) (actual time=1740.791..1740.791 rows=2171163 loops=1)
        Buckets: 131072  Batches: 32  Memory Usage: 3412kB
        ->  Seq Scan on title t  (cost=0.00..67604.59 rows=2177230 width=4) (actual time=0.025..1061.473 rows=2171163 loops=1)
              Filter: (production_year > 1963)
              Rows Removed by Filter: 357149
Planning time: 0.710 ms
Execution time: 3334.686 ms
