Hash Join  (cost=83328.83..624431.10 rows=3157217 width=0) (actual time=1127.016..11928.679 rows=1966164 loops=1)
  Hash Cond: (mi.movie_id = t.id)
  ->  Seq Scan on movie_info mi  (cost=0.00..346232.03 rows=13929354 width=4) (actual time=0.023..4940.420 rows=14033580 loops=1)
        Filter: (info_type_id > 1)
        Rows Removed by Filter: 802140
  ->  Hash  (cost=73925.90..73925.90 rows=573114 width=4) (actual time=1126.109..1126.109 rows=446387 loops=1)
        Buckets: 131072  Batches: 8  Memory Usage: 2983kB
        ->  Seq Scan on title t  (cost=0.00..73925.90 rows=573114 width=4) (actual time=0.023..980.040 rows=446387 loops=1)
              Filter: ((kind_id > 1) AND (production_year < 1994))
              Rows Removed by Filter: 2081925
Planning time: 0.782 ms
Execution time: 12117.766 ms
