Hash Join  (cost=130169.55..927183.14 rows=419803 width=0) (actual time=1860.279..17416.215 rows=1762182 loops=1)
  Hash Cond: (ci.movie_id = t.id)
  ->  Seq Scan on cast_info ci  (cost=0.00..705507.15 rows=23282243 width=4) (actual time=0.023..9356.915 rows=23342129 loops=1)
        Filter: (person_id > 1274493)
        Rows Removed by Filter: 12902215
  ->  Hash  (cost=129599.65..129599.65 rows=45592 width=8) (actual time=1858.934..1858.934 rows=72198 loops=1)
        Buckets: 131072 (originally 65536)  Batches: 1 (originally 1)  Memory Usage: 3845kB
        ->  Hash Join  (cost=74478.21..129599.65 rows=45592 width=8) (actual time=778.262..1831.062 rows=72198 loops=1)
              Hash Cond: (mc.movie_id = t.id)
              ->  Seq Scan on movie_companies mc  (cost=0.00..44881.29 rows=2609129 width=4) (actual time=0.029..424.176 rows=2609129 loops=1)
              ->  Hash  (cost=73925.90..73925.90 rows=44184 width=4) (actual time=777.881..777.881 rows=35489 loops=1)
                    Buckets: 65536  Batches: 1  Memory Usage: 1760kB
                    ->  Seq Scan on title t  (cost=0.00..73925.90 rows=44184 width=4) (actual time=0.065..764.815 rows=35489 loops=1)
                          Filter: ((kind_id < 7) AND (production_year = 2007))
                          Rows Removed by Filter: 2492823
Planning time: 1.172 ms
Execution time: 17631.408 ms
