Seq Scan on cast_info ci  (cost=0.00..705507.15 rows=36075237 width=0) (actual time=0.018..9620.131 rows=36063375 loops=1)
  Filter: (person_id < 4031683)
  Rows Removed by Filter: 180969
Planning time: 0.270 ms
Execution time: 13576.128 ms
