Seq Scan on movie_companies mc  (cost=0.00..57926.93 rows=415017 width=0) (actual time=75.695..751.967 rows=595980 loops=1)
  Filter: ((company_id < 2223) AND (company_type_id = 1))
  Rows Removed by Filter: 2013149
Planning time: 0.318 ms
Execution time: 829.972 ms
