Hash Join  (cost=84177.58..602848.09 rows=3642358 width=0) (actual time=1612.897..14444.134 rows=7269534 loops=1)
  Hash Cond: (mi.movie_id = t.id)
  ->  Seq Scan on movie_info mi  (cost=0.00..309384.22 rows=14739122 width=4) (actual time=0.009..4376.484 rows=14835720 loops=1)
  ->  Hash  (cost=73925.90..73925.90 rows=624854 width=4) (actual time=1513.859..1513.859 rows=563414 loops=1)
        Buckets: 131072  Batches: 16  Memory Usage: 2268kB
        ->  Seq Scan on title t  (cost=0.00..73925.90 rows=624854 width=4) (actual time=0.112..1019.840 rows=563414 loops=1)
              Filter: ((production_year > 1921) AND (kind_id = 1))
              Rows Removed by Filter: 1964898
Planning time: 0.543 ms
Execution time: 15243.301 ms
