Hash Join  (cost=102767.86..1069188.27 rows=6668876 width=0) (actual time=4852.591..16727.565 rows=330338 loops=1)
  Hash Cond: (ci.movie_id = t.id)
  ->  Seq Scan on cast_info ci  (cost=0.00..796071.18 rows=6668876 width=4) (actual time=2492.793..13657.096 rows=330338 loops=1)
        Filter: ((person_id > 1691489) AND (role_id < 2))
        Rows Removed by Filter: 35914006
  ->  Hash  (cost=61283.27..61283.27 rows=2528527 width=4) (actual time=2358.009..2358.009 rows=2528312 loops=1)
        Buckets: 131072  Batches: 64  Memory Usage: 2415kB
        ->  Seq Scan on title t  (cost=0.00..61283.27 rows=2528527 width=4) (actual time=0.020..1070.219 rows=2528312 loops=1)
Planning time: 0.594 ms
Execution time: 16768.697 ms
