Hash Join  (cost=335866.09..2022713.76 rows=50347046 width=0) (actual time=6543.867..66385.993 rows=173024193 loops=1)
  Hash Cond: (ci.movie_id = t.id)
  ->  Seq Scan on cast_info ci  (cost=0.00..614943.12 rows=36225612 width=4) (actual time=0.029..9432.795 rows=36244344 loops=1)
  ->  Hash  (cost=278210.65..278210.65 rows=3514195 width=8) (actual time=6542.266..6542.266 rows=3509826 loops=1)
        Buckets: 131072  Batches: 64  Memory Usage: 3188kB
        ->  Hash Join  (cost=102767.86..278210.65 rows=3514195 width=8) (actual time=1672.499..5768.091 rows=3509826 loops=1)
              Hash Cond: (mk.movie_id = t.id)
              ->  Seq Scan on movie_keyword mk  (cost=0.00..81003.12 rows=3514195 width=4) (actual time=0.025..1495.243 rows=3509826 loops=1)
                    Filter: (keyword_id > 983)
                    Rows Removed by Filter: 1014104
              ->  Hash  (cost=61283.27..61283.27 rows=2528527 width=4) (actual time=1669.035..1669.035 rows=2528312 loops=1)
                    Buckets: 131072  Batches: 64  Memory Usage: 2425kB
                    ->  Seq Scan on title t  (cost=0.00..61283.27 rows=2528527 width=4) (actual time=0.024..793.993 rows=2528312 loops=1)
Planning time: 1.153 ms
Execution time: 82930.773 ms
