Seq Scan on title t  (cost=0.00..73925.90 rows=5808 width=0) (actual time=0.066..687.665 rows=15787 loops=1)
  Filter: ((kind_id < 4) AND (production_year < 1906))
  Rows Removed by Filter: 2512525
Planning time: 0.324 ms
Execution time: 689.751 ms
