Seq Scan on movie_keyword mk  (cost=0.00..81003.12 rows=1228312 width=0) (actual time=0.018..703.944 rows=1235263 loops=1)
  Filter: (keyword_id < 1570)
  Rows Removed by Filter: 3288667
Planning time: 0.339 ms
Execution time: 802.811 ms
