Hash Join  (cost=218861.88..379570.02 rows=2712819 width=0) (actual time=4133.714..7227.505 rows=1832722 loops=1)
  Hash Cond: (mk.movie_id = t.id)
  ->  Seq Scan on movie_keyword mk  (cost=0.00..69693.30 rows=4523930 width=4) (actual time=0.020..988.278 rows=4523930 loops=1)
  ->  Hash  (cost=193985.68..193985.68 rows=1516256 width=8) (actual time=4129.610..4129.610 rows=720457 loops=1)
        Buckets: 131072  Batches: 32  Memory Usage: 1882kB
        ->  Hash Join  (cost=98033.59..193985.68 rows=1516256 width=8) (actual time=1567.837..3917.128 rows=720457 loops=1)
              Hash Cond: (mc.movie_id = t.id)
              ->  Seq Scan on movie_companies mc  (cost=0.00..44881.29 rows=2609129 width=4) (actual time=0.016..691.790 rows=2609129 loops=1)
              ->  Hash  (cost=73925.90..73925.90 rows=1469415 width=4) (actual time=1566.691..1566.691 rows=1450465 loops=1)
                    Buckets: 131072  Batches: 32  Memory Usage: 2617kB
                    ->  Seq Scan on title t  (cost=0.00..73925.90 rows=1469415 width=4) (actual time=0.031..1107.807 rows=1450465 loops=1)
                          Filter: ((kind_id > 4) AND (production_year < 2013))
                          Rows Removed by Filter: 1077847
Planning time: 1.167 ms
Execution time: 7404.160 ms
