Hash Join  (cost=125667.49..251042.80 rows=276827 width=0) (actual time=2959.033..3939.321 rows=216665 loops=1)
  Hash Cond: (mk.movie_id = t.id)
  ->  Seq Scan on movie_keyword mk  (cost=0.00..69693.30 rows=4523930 width=4) (actual time=0.018..892.501 rows=4523930 loops=1)
  ->  Hash  (cost=123128.43..123128.43 rows=154725 width=8) (actual time=1665.380..1665.380 rows=75681 loops=1)
        Buckets: 131072  Batches: 4  Memory Usage: 1761kB
        ->  Hash Join  (cost=87731.24..123128.43 rows=154725 width=8) (actual time=1359.132..1646.030 rows=75681 loops=1)
              Hash Cond: (mi_idx.movie_id = t.id)
              ->  Seq Scan on movie_info_idx mi_idx  (cost=0.00..25185.44 rows=464934 width=4) (actual time=0.023..239.469 rows=460185 loops=1)
                    Filter: (info_type_id > 100)
                    Rows Removed by Filter: 919850
              ->  Hash  (cost=73925.90..73925.90 rows=841467 width=4) (actual time=1141.330..1141.330 rows=921643 loops=1)
                    Buckets: 131072  Batches: 16  Memory Usage: 3057kB
                    ->  Seq Scan on title t  (cost=0.00..73925.90 rows=841467 width=4) (actual time=0.015..867.224 rows=921643 loops=1)
                          Filter: ((production_year > 2000) AND (kind_id = 7))
                          Rows Removed by Filter: 1606669
Planning time: 0.780 ms
Execution time: 3959.207 ms
