Seq Scan on movie_info mi  (cost=0.00..346232.03 rows=14702584 width=0) (actual time=0.019..6788.935 rows=14785453 loops=1)
  Filter: (info_type_id < 108)
  Rows Removed by Filter: 50267
Planning time: 0.382 ms
Execution time: 8629.285 ms
