Hash Join  (cost=101576.35..823563.89 rows=27848 width=0) (actual time=5478.343..10934.653 rows=134324 loops=1)
  Hash Cond: (ci.movie_id = t.id)
  ->  Seq Scan on cast_info ci  (cost=0.00..705507.15 rows=4320508 width=4) (actual time=4275.432..9041.196 rows=4323018 loops=1)
        Filter: (role_id = 10)
        Rows Removed by Filter: 31921326
  ->  Hash  (cost=101372.63..101372.63 rows=16298 width=8) (actual time=1202.584..1202.584 rows=22000 loops=1)
        Buckets: 32768 (originally 16384)  Batches: 1 (originally 1)  Memory Usage: 1116kB
        ->  Hash Join  (cost=74299.17..101372.63 rows=16298 width=8) (actual time=642.100..1193.794 rows=22000 loops=1)
              Hash Cond: (mi_idx.movie_id = t.id)
              ->  Seq Scan on movie_info_idx mi_idx  (cost=0.00..21735.35 rows=1380035 width=4) (actual time=0.019..239.700 rows=1380035 loops=1)
              ->  Hash  (cost=73925.90..73925.90 rows=29861 width=4) (actual time=641.911..641.911 rows=17772 loops=1)
                    Buckets: 32768  Batches: 1  Memory Usage: 881kB
                    ->  Seq Scan on title t  (cost=0.00..73925.90 rows=29861 width=4) (actual time=71.906..635.557 rows=17772 loops=1)
                          Filter: ((kind_id = 1) AND (production_year = 2007))
                          Rows Removed by Filter: 2510540
Planning time: 1.131 ms
Execution time: 10949.497 ms
