Hash Join  (cost=52284.28..402859.49 rows=2 width=0) (actual time=1915.513..4696.517 rows=41 loops=1)
  Hash Cond: (mi.movie_id = t.id)
  ->  Seq Scan on movie_info mi  (cost=0.00..346232.03 rows=1158179 width=4) (actual time=966.621..3868.974 rows=1204709 loops=1)
        Filter: (info_type_id > 18)
        Rows Removed by Filter: 13631011
  ->  Hash  (cost=52284.21..52284.21 rows=5 width=8) (actual time=656.168..656.168 rows=45 loops=1)
        Buckets: 1024  Batches: 1  Memory Usage: 10kB
        ->  Nested Loop  (cost=0.43..52284.21 rows=5 width=8) (actual time=198.395..656.068 rows=45 loops=1)
              ->  Seq Scan on movie_companies mc  (cost=0.00..51404.11 rows=104 width=4) (actual time=144.800..642.664 rows=1208 loops=1)
                    Filter: (company_id = 7500)
                    Rows Removed by Filter: 2607921
              ->  Index Scan using title_pkey on title t  (cost=0.43..8.45 rows=1 width=4) (actual time=0.010..0.011 rows=0 loops=1208)
                    Index Cond: (id = mc.movie_id)
                    Filter: ((kind_id > 1) AND (production_year = 2011))
                    Rows Removed by Filter: 1
Planning time: 1.177 ms
Execution time: 4696.678 ms
