Hash Join  (cost=102767.86..932331.55 rows=981324 width=0) (actual time=3166.677..10337.209 rows=584865 loops=1)
  Hash Cond: (ci.movie_id = t.id)
  ->  Seq Scan on cast_info ci  (cost=0.00..796071.18 rows=981324 width=4) (actual time=1669.554..8197.440 rows=584865 loops=1)
        Filter: ((person_id < 276681) AND (role_id > 3))
        Rows Removed by Filter: 35659479
  ->  Hash  (cost=61283.27..61283.27 rows=2528527 width=4) (actual time=1495.105..1495.105 rows=2528312 loops=1)
        Buckets: 131072  Batches: 64  Memory Usage: 2415kB
        ->  Seq Scan on title t  (cost=0.00..61283.27 rows=2528527 width=4) (actual time=0.017..709.554 rows=2528312 loops=1)
Planning time: 0.767 ms
Execution time: 10386.150 ms
