Hash Join  (cost=185826.66..228558.08 rows=293694 width=0) (actual time=3263.103..4385.519 rows=749584 loops=1)
  Hash Cond: (mi_idx.movie_id = t.id)
  ->  Seq Scan on movie_info_idx mi_idx  (cost=0.00..21735.35 rows=1380035 width=4) (actual time=0.025..307.710 rows=1380035 loops=1)
  ->  Hash  (cost=176998.27..176998.27 rows=538111 width=8) (actual time=3262.021..3262.021 rows=541734 loops=1)
        Buckets: 131072  Batches: 8  Memory Usage: 3679kB
        ->  Hash Join  (cost=102767.86..176998.27 rows=538111 width=8) (actual time=1702.632..3129.682 rows=541734 loops=1)
              Hash Cond: (mc.movie_id = t.id)
              ->  Seq Scan on movie_companies mc  (cost=0.00..51404.11 rows=538111 width=4) (actual time=0.020..708.203 rows=541734 loops=1)
                    Filter: (company_id > 72131)
                    Rows Removed by Filter: 2067395
              ->  Hash  (cost=61283.27..61283.27 rows=2528527 width=4) (actual time=1701.487..1701.487 rows=2528312 loops=1)
                    Buckets: 131072  Batches: 64  Memory Usage: 2415kB
                    ->  Seq Scan on title t  (cost=0.00..61283.27 rows=2528527 width=4) (actual time=0.015..737.762 rows=2528312 loops=1)
Planning time: 1.139 ms
Execution time: 4476.367 ms
