Seq Scan on movie_keyword mk  (cost=0.00..81003.12 rows=1378543 width=0) (actual time=0.024..861.382 rows=1386922 loops=1)
  Filter: (keyword_id < 1874)
  Rows Removed by Filter: 3137008
Planning time: 0.318 ms
Execution time: 998.857 ms
