Seq Scan on movie_companies mc  (cost=0.00..51404.11 rows=2348 width=0) (actual time=0.323..569.582 rows=3213 loops=1)
  Filter: (company_id = 452)
  Rows Removed by Filter: 2605916
Planning time: 0.378 ms
Execution time: 570.227 ms
