Hash Join  (cost=73962.22..133809.93 rows=587 width=0) (actual time=569.488..1313.372 rows=3776 loops=1)
  Hash Cond: (mc.movie_id = t.id)
  ->  Seq Scan on movie_companies mc  (cost=0.00..57926.93 rows=510643 width=4) (actual time=0.016..631.956 rows=822645 loops=1)
        Filter: ((company_id > 16339) AND (company_type_id = 2))
        Rows Removed by Filter: 1786484
  ->  Hash  (cost=73925.90..73925.90 rows=2905 width=4) (actual time=569.205..569.205 rows=5861 loops=1)
        Buckets: 8192 (originally 4096)  Batches: 1 (originally 1)  Memory Usage: 271kB
        ->  Seq Scan on title t  (cost=0.00..73925.90 rows=2905 width=4) (actual time=0.592..567.323 rows=5861 loops=1)
              Filter: ((kind_id < 7) AND (production_year = 1969))
              Rows Removed by Filter: 2522451
Planning time: 0.730 ms
Execution time: 1314.150 ms
