Seq Scan on movie_companies mc  (cost=0.00..51404.11 rows=3653 width=0) (actual time=0.018..565.819 rows=4181 loops=1)
  Filter: (company_id = 11138)
  Rows Removed by Filter: 2604948
Planning time: 0.364 ms
Execution time: 566.665 ms
