Hash Join  (cost=92883.59..911809.84 rows=542595 width=0) (actual time=3373.739..11909.406 rows=790132 loops=1)
  Hash Cond: (ci.movie_id = t.id)
  ->  Seq Scan on cast_info ci  (cost=0.00..796071.18 rows=890425 width=4) (actual time=1953.746..9409.587 rows=1334004 loops=1)
        Filter: ((person_id > 2503453) AND (role_id = 4))
        Rows Removed by Filter: 34910340
  ->  Hash  (cost=67604.59..67604.59 rows=1540800 width=4) (actual time=1418.188..1418.188 rows=1543264 loops=1)
        Buckets: 131072  Batches: 32  Memory Usage: 2722kB
        ->  Seq Scan on title t  (cost=0.00..67604.59 rows=1540800 width=4) (actual time=0.048..939.181 rows=1543264 loops=1)
              Filter: (kind_id = 7)
              Rows Removed by Filter: 985048
Planning time: 0.757 ms
Execution time: 11986.456 ms
