Hash Join  (cost=193965.33..683172.41 rows=881013 width=0) (actual time=2773.255..11994.907 rows=7916401 loops=1)
  Hash Cond: (mi.movie_id = t.id)
  ->  Seq Scan on movie_info mi  (cost=0.00..309384.22 rows=14739122 width=4) (actual time=0.014..3481.016 rows=14835720 loops=1)
  ->  Hash  (cost=191485.08..191485.08 rows=151140 width=8) (actual time=2772.520..2772.520 rows=136580 loops=1)
        Buckets: 131072  Batches: 2  Memory Usage: 3716kB
        ->  Hash Join  (cost=69460.45..191485.08 rows=151140 width=8) (actual time=808.283..2739.561 rows=136580 loops=1)
              Hash Cond: (mk.movie_id = t.id)
              ->  Seq Scan on movie_keyword mk  (cost=0.00..81003.12 rows=3378695 width=4) (actual time=0.022..1113.895 rows=3362793 loops=1)
                    Filter: (keyword_id < 16131)
                    Rows Removed by Filter: 1161137
              ->  Hash  (cost=67604.59..67604.59 rows=113109 width=4) (actual time=807.493..807.493 rows=119565 loops=1)
                    Buckets: 131072  Batches: 2  Memory Usage: 3121kB
                    ->  Seq Scan on title t  (cost=0.00..67604.59 rows=113109 width=4) (actual time=0.018..763.511 rows=119565 loops=1)
                          Filter: (production_year = 2007)
                          Rows Removed by Filter: 2408747
Planning time: 0.740 ms
Execution time: 12779.705 ms
