Hash Join  (cost=94642.16..845625.60 rows=19425 width=0) (actual time=1221.166..13075.825 rows=145628 loops=1)
  Hash Cond: (ci.movie_id = t.id)
  ->  Seq Scan on cast_info ci  (cost=0.00..614943.12 rows=36225612 width=4) (actual time=0.023..5172.359 rows=36244344 loops=1)
  ->  Hash  (cost=94625.21..94625.21 rows=1356 width=8) (actual time=1220.445..1220.445 rows=5153 loops=1)
        Buckets: 8192 (originally 2048)  Batches: 1 (originally 1)  Memory Usage: 266kB
        ->  Hash Join  (cost=67697.55..94625.21 rows=1356 width=8) (actual time=739.916..1217.996 rows=5153 loops=1)
              Hash Cond: (mi_idx.movie_id = t.id)
              ->  Seq Scan on movie_info_idx mi_idx  (cost=0.00..25185.44 rows=460978 width=4) (actual time=0.023..375.041 rows=459925 loops=1)
                    Filter: (info_type_id = 99)
                    Rows Removed by Filter: 920110
              ->  Hash  (cost=67604.59..67604.59 rows=7437 width=4) (actual time=739.812..739.812 rows=20122 loops=1)
                    Buckets: 32768 (originally 8192)  Batches: 1 (originally 1)  Memory Usage: 964kB
                    ->  Seq Scan on title t  (cost=0.00..67604.59 rows=7437 width=4) (actual time=0.020..731.149 rows=20122 loops=1)
                          Filter: (production_year = 1987)
                          Rows Removed by Filter: 2508190
Planning time: 1.128 ms
Execution time: 13100.406 ms
