Hash Join  (cost=177866.57..313532.12 rows=1121452 width=0) (actual time=3433.754..10441.462 rows=25200510 loops=1)
  Hash Cond: (mk.movie_id = t.id)
  ->  Seq Scan on movie_keyword mk  (cost=0.00..69693.30 rows=4523930 width=4) (actual time=0.016..875.890 rows=4523930 loops=1)
  ->  Hash  (cost=167582.50..167582.50 rows=626805 width=8) (actual time=3432.505..3432.505 rows=1387914 loops=1)
        Buckets: 131072 (originally 131072)  Batches: 32 (originally 16)  Memory Usage: 3073kB
        ->  Hash Join  (cost=83891.93..167582.50 rows=626805 width=8) (actual time=965.971..3062.880 rows=1387914 loops=1)
              Hash Cond: (mc.movie_id = t.id)
              ->  Seq Scan on movie_companies mc  (cost=0.00..44881.29 rows=2609129 width=4) (actual time=0.020..594.154 rows=2609129 loops=1)
              ->  Hash  (cost=73925.90..73925.90 rows=607442 width=4) (actual time=965.049..965.049 rows=675690 loops=1)
                    Buckets: 131072  Batches: 8  Memory Usage: 4012kB
                    ->  Seq Scan on title t  (cost=0.00..73925.90 rows=607442 width=4) (actual time=0.022..796.446 rows=675690 loops=1)
                          Filter: ((kind_id < 7) AND (production_year < 2007))
                          Rows Removed by Filter: 1852622
Planning time: 1.142 ms
Execution time: 12695.461 ms
