Hash Join  (cost=102767.86..177186.15 rows=274791 width=0) (actual time=1821.832..2677.319 rows=543326 loops=1)
  Hash Cond: (mc.movie_id = t.id)
  ->  Seq Scan on movie_companies mc  (cost=0.00..57926.93 rows=274791 width=4) (actual time=17.989..426.250 rows=543326 loops=1)
        Filter: ((company_id > 72075) AND (company_type_id > 1))
        Rows Removed by Filter: 2065803
  ->  Hash  (cost=61283.27..61283.27 rows=2528527 width=4) (actual time=1802.020..1802.020 rows=2528312 loops=1)
        Buckets: 131072  Batches: 64  Memory Usage: 2415kB
        ->  Seq Scan on title t  (cost=0.00..61283.27 rows=2528527 width=4) (actual time=0.020..635.792 rows=2528312 loops=1)
Planning time: 0.728 ms
Execution time: 2712.597 ms
