Hash Join  (cost=94746.51..653482.60 rows=7397217 width=0) (actual time=1460.272..12394.768 rows=3593473 loops=1)
  Hash Cond: (mi.movie_id = t.id)
  ->  Seq Scan on movie_info mi  (cost=0.00..309384.22 rows=14739122 width=4) (actual time=0.013..3618.206 rows=14835720 loops=1)
  ->  Hash  (cost=73925.90..73925.90 rows=1269008 width=4) (actual time=1453.641..1453.641 rows=1233025 loops=1)
        Buckets: 131072  Batches: 32  Memory Usage: 2381kB
        ->  Seq Scan on title t  (cost=0.00..73925.90 rows=1269008 width=4) (actual time=0.023..1057.059 rows=1233025 loops=1)
              Filter: ((kind_id > 4) AND (production_year < 2011))
              Rows Removed by Filter: 1295287
Planning time: 0.828 ms
Execution time: 12734.846 ms
