Seq Scan on cast_info ci  (cost=0.00..705507.15 rows=500 width=0) (actual time=1979.584..7159.479 rows=125 loops=1)
  Filter: (person_id = 2440520)
  Rows Removed by Filter: 36244219
Planning time: 0.353 ms
Execution time: 7159.586 ms
