Seq Scan on movie_companies mc  (cost=0.00..57926.93 rows=763867 width=0) (actual time=16.906..743.289 rows=983069 loops=1)
  Filter: ((company_id > 7642) AND (company_type_id > 1))
  Rows Removed by Filter: 1626060
Planning time: 0.351 ms
Execution time: 870.788 ms
