Seq Scan on movie_companies mc  (cost=0.00..51404.11 rows=104 width=0) (actual time=225.129..409.099 rows=650 loops=1)
  Filter: (company_id = 14056)
  Rows Removed by Filter: 2608479
Planning time: 0.357 ms
Execution time: 409.305 ms
