Hash Join  (cost=92883.59..1094177.08 rows=9339472 width=0) (actual time=1097.909..19952.926 rows=8728779 loops=1)
  Hash Cond: (ci.movie_id = t.id)
  ->  Seq Scan on cast_info ci  (cost=0.00..705507.15 rows=15326524 width=4) (actual time=0.021..9289.137 rows=15207042 loops=1)
        Filter: (person_id < 1498512)
        Rows Removed by Filter: 21037302
  ->  Hash  (cost=67604.59..67604.59 rows=1540800 width=4) (actual time=1096.551..1096.551 rows=1543264 loops=1)
        Buckets: 131072  Batches: 32  Memory Usage: 2722kB
        ->  Seq Scan on title t  (cost=0.00..67604.59 rows=1540800 width=4) (actual time=0.014..688.710 rows=1543264 loops=1)
              Filter: (kind_id = 7)
              Rows Removed by Filter: 985048
Planning time: 0.752 ms
Execution time: 20819.320 ms
