Hash Join  (cost=438999.16..1272619.18 rows=85228 width=0) (actual time=5622.589..18529.114 rows=1514133 loops=1)
  Hash Cond: (ci.movie_id = t.id)
  ->  Seq Scan on cast_info ci  (cost=0.00..705507.15 rows=12726058 width=4) (actual time=84.147..9443.659 rows=12670688 loops=1)
        Filter: (role_id = 1)
        Rows Removed by Filter: 23573656
  ->  Hash  (cost=438787.48..438787.48 rows=16934 width=8) (actual time=5537.785..5537.785 rows=92907 loops=1)
        Buckets: 131072 (originally 32768)  Batches: 2 (originally 1)  Memory Usage: 3073kB
        ->  Hash Join  (cost=73962.22..438787.48 rows=16934 width=8) (actual time=773.292..5504.706 rows=92907 loops=1)
              Hash Cond: (mi.movie_id = t.id)
              ->  Seq Scan on movie_info mi  (cost=0.00..309384.22 rows=14739122 width=4) (actual time=0.017..2248.221 rows=14835720 loops=1)
              ->  Hash  (cost=73925.90..73925.90 rows=2905 width=4) (actual time=773.238..773.238 rows=8319 loops=1)
                    Buckets: 16384 (originally 4096)  Batches: 1 (originally 1)  Memory Usage: 421kB
                    ->  Seq Scan on title t  (cost=0.00..73925.90 rows=2905 width=4) (actual time=0.959..769.410 rows=8319 loops=1)
                          Filter: ((kind_id < 7) AND (production_year = 1988))
                          Rows Removed by Filter: 2519993
Planning time: 1.220 ms
Execution time: 18655.199 ms
