Hash Join  (cost=158530.34..655557.86 rows=1613959 width=0) (actual time=2412.263..14112.925 rows=6997686 loops=1)
  Hash Cond: (mi.movie_id = t.id)
  ->  Seq Scan on movie_info mi  (cost=0.00..309384.22 rows=14739122 width=4) (actual time=0.018..3921.200 rows=14835720 loops=1)
  ->  Hash  (cost=153987.36..153987.36 rows=276878 width=8) (actual time=2411.676..2411.676 rows=327245 loops=1)
        Buckets: 131072 (originally 131072)  Batches: 8 (originally 4)  Memory Usage: 3073kB
        ->  Hash Join  (cost=78556.72..153987.36 rows=276878 width=8) (actual time=1622.058..2317.013 rows=327245 loops=1)
              Hash Cond: (mc.movie_id = t.id)
              ->  Seq Scan on movie_companies mc  (cost=0.00..57926.93 rows=1048780 width=4) (actual time=316.160..803.985 rows=779506 loops=1)
                    Filter: ((company_id < 71742) AND (company_type_id = 2))
                    Rows Removed by Filter: 1829623
              ->  Hash  (cost=67604.59..67604.59 rows=667531 width=4) (actual time=1015.601..1015.601 rows=662825 loops=1)
                    Buckets: 131072  Batches: 16  Memory Usage: 2476kB
                    ->  Seq Scan on title t  (cost=0.00..67604.59 rows=667531 width=4) (actual time=365.178..810.168 rows=662825 loops=1)
                          Filter: (kind_id = 1)
                          Rows Removed by Filter: 1865487
Planning time: 0.801 ms
Execution time: 14856.736 ms
