Hash Join  (cost=83810.17..164372.74 rows=638856 width=0) (actual time=1067.560..2846.263 rows=1103842 loops=1)
  Hash Cond: (mc.movie_id = t.id)
  ->  Seq Scan on movie_companies mc  (cost=0.00..51404.11 rows=1635437 width=4) (actual time=0.027..775.962 rows=1624471 loops=1)
        Filter: (company_id < 17224)
        Rows Removed by Filter: 984658
  ->  Hash  (cost=67604.59..67604.59 rows=987727 width=4) (actual time=1066.590..1066.590 rows=985048 loops=1)
        Buckets: 131072  Batches: 16  Memory Usage: 3188kB
        ->  Seq Scan on title t  (cost=0.00..67604.59 rows=987727 width=4) (actual time=0.023..781.367 rows=985048 loops=1)
              Filter: (kind_id < 7)
              Rows Removed by Filter: 1543264
Planning time: 0.742 ms
Execution time: 2927.512 ms
