Hash Join  (cost=102767.86..245367.82 rows=2149344 width=0) (actual time=1115.018..3620.586 rows=2155958 loops=1)
  Hash Cond: (mk.movie_id = t.id)
  ->  Seq Scan on movie_keyword mk  (cost=0.00..81003.12 rows=2149344 width=4) (actual time=0.021..1003.397 rows=2155958 loops=1)
        Filter: (keyword_id < 4085)
        Rows Removed by Filter: 2367972
  ->  Hash  (cost=61283.27..61283.27 rows=2528527 width=4) (actual time=1114.096..1114.096 rows=2528312 loops=1)
        Buckets: 131072  Batches: 64  Memory Usage: 2425kB
        ->  Seq Scan on title t  (cost=0.00..61283.27 rows=2528527 width=4) (actual time=0.018..546.883 rows=2528312 loops=1)
Planning time: 0.720 ms
Execution time: 3806.611 ms
