Hash Join  (cost=185949.95..319747.95 rows=968197 width=0) (actual time=2905.571..6553.020 rows=4744197 loops=1)
  Hash Cond: (mk.movie_id = t.id)
  ->  Seq Scan on movie_keyword mk  (cost=0.00..69693.30 rows=4523930 width=4) (actual time=0.018..994.273 rows=4523930 loops=1)
  ->  Hash  (cost=177071.61..177071.61 rows=541147 width=8) (actual time=2904.632..2904.632 rows=540279 loops=1)
        Buckets: 131072  Batches: 8  Memory Usage: 3678kB
        ->  Hash Join  (cost=102767.86..177071.61 rows=541147 width=8) (actual time=1445.100..2765.257 rows=540279 loops=1)
              Hash Cond: (mc.movie_id = t.id)
              ->  Seq Scan on movie_companies mc  (cost=0.00..51404.11 rows=541147 width=4) (actual time=0.009..633.098 rows=540279 loops=1)
                    Filter: (company_id < 531)
                    Rows Removed by Filter: 2068850
              ->  Hash  (cost=61283.27..61283.27 rows=2528527 width=4) (actual time=1443.788..1443.788 rows=2528312 loops=1)
                    Buckets: 131072  Batches: 64  Memory Usage: 2415kB
                    ->  Seq Scan on title t  (cost=0.00..61283.27 rows=2528527 width=4) (actual time=0.019..681.799 rows=2528312 loops=1)
Planning time: 0.767 ms
Execution time: 7025.495 ms
