Hash Join  (cost=99161.12..219180.78 rows=1173503 width=0) (actual time=1656.549..3991.083 rows=1367845 loops=1)
  Hash Cond: (mk.movie_id = t.id)
  ->  Seq Scan on movie_keyword mk  (cost=0.00..81003.12 rows=1542700 width=4) (actual time=0.020..1073.093 rows=1557530 loops=1)
        Filter: (keyword_id > 10107)
        Rows Removed by Filter: 2966400
  ->  Hash  (cost=67604.59..67604.59 rows=1923403 width=4) (actual time=1654.209..1654.209 rows=1922849 loops=1)
        Buckets: 131072  Batches: 32  Memory Usage: 3141kB
        ->  Seq Scan on title t  (cost=0.00..67604.59 rows=1923403 width=4) (actual time=0.017..1014.095 rows=1922849 loops=1)
              Filter: (production_year < 2010)
              Rows Removed by Filter: 605463
Planning time: 0.754 ms
Execution time: 4139.691 ms
