Hash Join  (cost=74369.53..101363.73 rows=6526 width=0) (actual time=851.368..1346.329 rows=3956 loops=1)
  Hash Cond: (mi_idx.movie_id = t.id)
  ->  Seq Scan on movie_info_idx mi_idx  (cost=0.00..25185.44 rows=464934 width=4) (actual time=0.017..376.955 rows=460185 loops=1)
        Filter: (info_type_id > 100)
        Rows Removed by Filter: 919850
  ->  Hash  (cost=73925.90..73925.90 rows=35490 width=4) (actual time=842.978..842.978 rows=39698 loops=1)
        Buckets: 65536  Batches: 1  Memory Usage: 1908kB
        ->  Seq Scan on title t  (cost=0.00..73925.90 rows=35490 width=4) (actual time=0.019..828.321 rows=39698 loops=1)
              Filter: ((kind_id = 7) AND (production_year = 2001))
              Rows Removed by Filter: 2488614
Planning time: 0.688 ms
Execution time: 1347.065 ms
