Seq Scan on movie_companies mc  (cost=0.00..57926.93 rows=575964 width=0) (actual time=0.025..758.298 rows=304753 loops=1)
  Filter: ((company_id > 12579) AND (company_type_id = 1))
  Rows Removed by Filter: 2304376
Planning time: 0.355 ms
Execution time: 795.959 ms
