Hash Join  (cost=83073.15..135295.15 rows=6 width=0) (actual time=1374.983..2180.525 rows=22 loops=1)
  Hash Cond: (mc.movie_id = t.id)
  ->  Seq Scan on movie_companies mc  (cost=0.00..51404.11 rows=218088 width=4) (actual time=0.028..780.219 rows=219662 loops=1)
        Filter: (company_id > 108078)
        Rows Removed by Filter: 2389467
  ->  Hash  (cost=83072.29..83072.29 rows=69 width=8) (actual time=1371.525..1371.525 rows=94 loops=1)
        Buckets: 1024  Batches: 1  Memory Usage: 12kB
        ->  Nested Loop  (cost=0.43..83072.29 rows=69 width=8) (actual time=9.236..1371.388 rows=94 loops=1)
              ->  Seq Scan on movie_keyword mk  (cost=0.00..81003.12 rows=246 width=4) (actual time=4.148..1352.632 rows=428 loops=1)
                    Filter: (keyword_id = 3974)
                    Rows Removed by Filter: 4523502
              ->  Index Scan using title_pkey on title t  (cost=0.43..8.40 rows=1 width=4) (actual time=0.042..0.042 rows=0 loops=428)
                    Index Cond: (id = mk.movie_id)
                    Filter: (production_year < 1991)
                    Rows Removed by Filter: 1
Planning time: 1.187 ms
Execution time: 2180.680 ms
