Seq Scan on movie_companies mc  (cost=0.00..57926.93 rows=1105188 width=0) (actual time=231.002..885.839 rows=889168 loops=1)
  Filter: ((company_id < 77667) AND (company_type_id > 1))
  Rows Removed by Filter: 1719961
Planning time: 0.354 ms
Execution time: 1003.789 ms
