Seq Scan on movie_companies mc  (cost=0.00..51404.11 rows=104 width=0) (actual time=0.846..617.640 rows=104 loops=1)
  Filter: (company_id = 11576)
  Rows Removed by Filter: 2609025
Planning time: 0.352 ms
Execution time: 617.733 ms
