Hash Join  (cost=83810.17..202109.11 rows=844336 width=0) (actual time=1119.460..3340.732 rows=1830628 loops=1)
  Hash Cond: (mk.movie_id = t.id)
  ->  Seq Scan on movie_keyword mk  (cost=0.00..81003.12 rows=2161454 width=4) (actual time=0.026..990.571 rows=2159066 loops=1)
        Filter: (keyword_id > 5338)
        Rows Removed by Filter: 2364864
  ->  Hash  (cost=67604.59..67604.59 rows=987727 width=4) (actual time=1118.078..1118.078 rows=985048 loops=1)
        Buckets: 131072  Batches: 16  Memory Usage: 3197kB
        ->  Seq Scan on title t  (cost=0.00..67604.59 rows=987727 width=4) (actual time=0.017..820.153 rows=985048 loops=1)
              Filter: (kind_id < 7)
              Rows Removed by Filter: 1543264
Planning time: 0.778 ms
Execution time: 3508.333 ms
