Seq Scan on movie_keyword mk  (cost=0.00..81003.12 rows=246 width=0) (actual time=11.930..524.343 rows=402 loops=1)
  Filter: (keyword_id = 5954)
  Rows Removed by Filter: 4523528
Planning time: 0.488 ms
Execution time: 524.541 ms
