Seq Scan on movie_companies mc  (cost=0.00..57926.93 rows=53 width=0) (actual time=0.652..763.894 rows=62 loops=1)
  Filter: ((company_id = 6933) AND (company_type_id = 2))
  Rows Removed by Filter: 2609067
Planning time: 1.826 ms
Execution time: 764.020 ms
