Hash Join  (cost=174865.45..253406.85 rows=561658 width=0) (actual time=3026.541..4921.393 rows=1498412 loops=1)
  Hash Cond: (mc.movie_id = t.id)
  ->  Seq Scan on movie_companies mc  (cost=0.00..51404.11 rows=1551923 width=4) (actual time=0.022..706.456 rows=1555955 loops=1)
        Filter: (company_id > 6200)
        Rows Removed by Filter: 1053174
  ->  Hash  (cost=159851.69..159851.69 rows=915101 width=8) (actual time=3025.554..3025.554 rows=919850 loops=1)
        Buckets: 131072  Batches: 16  Memory Usage: 3269kB
        ->  Hash Join  (cost=102767.86..159851.69 rows=915101 width=8) (actual time=1478.971..2808.422 rows=919850 loops=1)
              Hash Cond: (mi_idx.movie_id = t.id)
              ->  Seq Scan on movie_info_idx mi_idx  (cost=0.00..25185.44 rows=915101 width=4) (actual time=0.028..394.388 rows=919850 loops=1)
                    Filter: (info_type_id < 101)
                    Rows Removed by Filter: 460185
              ->  Hash  (cost=61283.27..61283.27 rows=2528527 width=4) (actual time=1477.313..1477.313 rows=2528312 loops=1)
                    Buckets: 131072  Batches: 64  Memory Usage: 2415kB
                    ->  Seq Scan on title t  (cost=0.00..61283.27 rows=2528527 width=4) (actual time=0.022..695.178 rows=2528312 loops=1)
Planning time: 1.206 ms
Execution time: 5090.783 ms
