Hash Join  (cost=81282.57..444713.51 rows=205375 width=0) (actual time=1075.166..5073.722 rows=40052 loops=1)
  Hash Cond: (mi.movie_id = t.id)
  ->  Seq Scan on movie_info mi  (cost=0.00..346232.03 rows=1158179 width=4) (actual time=19.973..3561.009 rows=1204709 loops=1)
        Filter: (info_type_id > 18)
        Rows Removed by Filter: 13631011
  ->  Hash  (cost=73925.90..73925.90 rows=448373 width=4) (actual time=994.542..994.542 rows=329492 loops=1)
        Buckets: 131072  Batches: 8  Memory Usage: 2467kB
        ->  Seq Scan on title t  (cost=0.00..73925.90 rows=448373 width=4) (actual time=0.023..883.866 rows=329492 loops=1)
              Filter: ((production_year < 1992) AND (kind_id = 7))
              Rows Removed by Filter: 2198820
Planning time: 0.793 ms
Execution time: 5078.691 ms
