Hash Join  (cost=97651.71..251176.52 rows=2587378 width=0) (actual time=1583.280..4894.710 rows=1317284 loops=1)
  Hash Cond: (mk.movie_id = t.id)
  ->  Seq Scan on movie_keyword mk  (cost=0.00..69693.30 rows=4523930 width=4) (actual time=0.023..1073.604 rows=4523930 loops=1)
  ->  Hash  (cost=73925.90..73925.90 rows=1446144 width=4) (actual time=1582.300..1582.300 rows=1429781 loops=1)
        Buckets: 131072  Batches: 32  Memory Usage: 2600kB
        ->  Seq Scan on title t  (cost=0.00..73925.90 rows=1446144 width=4) (actual time=0.020..1113.940 rows=1429781 loops=1)
              Filter: ((kind_id > 2) AND (production_year < 2011))
              Rows Removed by Filter: 1098531
Planning time: 0.715 ms
Execution time: 5022.967 ms
