Hash Join  (cost=304276.38..990087.08 rows=15853297 width=0) (actual time=4648.131..18844.490 rows=22719594 loops=1)
  Hash Cond: (mi.movie_id = t.id)
  ->  Seq Scan on movie_info mi  (cost=0.00..309384.22 rows=14739122 width=4) (actual time=0.016..3725.356 rows=14835720 loops=1)
  ->  Hash  (cost=259656.55..259656.55 rows=2719666 width=8) (actual time=4646.620..4646.620 rows=1486502 loops=1)
        Buckets: 131072  Batches: 64  Memory Usage: 1934kB
        ->  Hash Join  (cost=98864.94..259656.55 rows=2719666 width=8) (actual time=1536.966..4338.608 rows=1486502 loops=1)
              Hash Cond: (mk.movie_id = t.id)
              ->  Seq Scan on movie_keyword mk  (cost=0.00..69693.30 rows=4523930 width=4) (actual time=0.007..878.402 rows=4523930 loops=1)
              ->  Hash  (cost=73925.90..73925.90 rows=1520083 width=4) (actual time=1531.642..1531.642 rows=1507233 loops=1)
                    Buckets: 131072  Batches: 32  Memory Usage: 2686kB
                    ->  Seq Scan on title t  (cost=0.00..73925.90 rows=1520083 width=4) (actual time=0.023..1067.524 rows=1507233 loops=1)
                          Filter: ((kind_id > 1) AND (production_year < 2011))
                          Rows Removed by Filter: 1021079
Planning time: 1.155 ms
Execution time: 20962.026 ms
