Seq Scan on cast_info ci  (cost=0.00..796071.18 rows=4326 width=0) (actual time=850.813..7248.569 rows=17249 loops=1)
  Filter: ((person_id > 4059036) AND (role_id > 3))
  Rows Removed by Filter: 36227095
Planning time: 0.343 ms
Execution time: 7250.725 ms
