Hash Join  (cost=166343.60..703385.24 rows=3838496 width=0) (actual time=2901.521..15092.452 rows=10480457 loops=1)
  Hash Cond: (mi.movie_id = t.id)
  ->  Seq Scan on movie_info mi  (cost=0.00..346232.03 rows=12928982 width=4) (actual time=0.016..4592.497 rows=12970088 loops=1)
        Filter: (info_type_id < 18)
        Rows Removed by Filter: 1865632
  ->  Hash  (cost=154026.89..154026.89 rows=750696 width=8) (actual time=2900.822..2900.822 rows=832302 loops=1)
        Buckets: 131072  Batches: 16  Memory Usage: 3072kB
        ->  Hash Join  (cost=101489.21..154026.89 rows=750696 width=8) (actual time=1430.635..2690.991 rows=832302 loops=1)
              Hash Cond: (mi_idx.movie_id = t.id)
              ->  Seq Scan on movie_info_idx mi_idx  (cost=0.00..25185.44 rows=919057 width=4) (actual time=0.023..343.651 rows=920110 loops=1)
                    Filter: (info_type_id > 99)
                    Rows Removed by Filter: 459925
              ->  Hash  (cost=67604.59..67604.59 rows=2065330 width=4) (actual time=1429.603..1429.603 rows=2064552 loops=1)
                    Buckets: 131072  Batches: 32  Memory Usage: 3289kB
                    ->  Seq Scan on title t  (cost=0.00..67604.59 rows=2065330 width=4) (actual time=0.012..868.250 rows=2064552 loops=1)
                          Filter: (production_year < 2011)
                          Rows Removed by Filter: 463760
Planning time: 1.170 ms
Execution time: 16088.444 ms
