Seq Scan on movie_companies mc  (cost=0.00..57926.93 rows=51 width=0) (actual time=129.907..700.954 rows=176 loops=1)
  Filter: ((company_type_id < 2) AND (company_id = 13876))
  Rows Removed by Filter: 2608953
Planning time: 0.371 ms
Execution time: 701.106 ms
