Seq Scan on cast_info ci  (cost=0.00..796071.18 rows=4398438 width=0) (actual time=3912.343..11228.772 rows=2484709 loops=1)
  Filter: ((person_id < 3641608) AND (role_id > 9))
  Rows Removed by Filter: 33759635
Planning time: 0.379 ms
Execution time: 11501.250 ms
