Hash Join  (cost=102767.86..199376.81 rows=1468113 width=0) (actual time=1257.679..3064.913 rows=1471863 loops=1)
  Hash Cond: (mc.movie_id = t.id)
  ->  Seq Scan on movie_companies mc  (cost=0.00..51404.11 rows=1468113 width=4) (actual time=0.021..653.098 rows=1471863 loops=1)
        Filter: (company_id > 8488)
        Rows Removed by Filter: 1137266
  ->  Hash  (cost=61283.27..61283.27 rows=2528527 width=4) (actual time=1256.326..1256.326 rows=2528312 loops=1)
        Buckets: 131072  Batches: 64  Memory Usage: 2415kB
        ->  Seq Scan on title t  (cost=0.00..61283.27 rows=2528527 width=4) (actual time=0.013..595.635 rows=2528312 loops=1)
Planning time: 1.044 ms
Execution time: 3194.152 ms
