Seq Scan on cast_info ci  (cost=0.00..705507.15 rows=28917865 width=0) (actual time=0.016..9155.466 rows=28983733 loops=1)
  Filter: (person_id > 701475)
  Rows Removed by Filter: 7260611
Planning time: 0.335 ms
Execution time: 12288.152 ms
