Hash Join  (cost=101489.21..247493.34 rows=2216500 width=0) (actual time=1421.093..4484.304 rows=2529218 loops=1)
  Hash Cond: (mk.movie_id = t.id)
  ->  Seq Scan on movie_keyword mk  (cost=0.00..81003.12 rows=2713600 width=4) (actual time=0.020..1164.337 rows=2713394 loops=1)
        Filter: (keyword_id < 7665)
        Rows Removed by Filter: 1810536
  ->  Hash  (cost=67604.59..67604.59 rows=2065330 width=4) (actual time=1420.074..1420.074 rows=2064552 loops=1)
        Buckets: 131072  Batches: 32  Memory Usage: 3298kB
        ->  Seq Scan on title t  (cost=0.00..67604.59 rows=2065330 width=4) (actual time=0.015..857.578 rows=2064552 loops=1)
              Filter: (production_year < 2011)
              Rows Removed by Filter: 463760
Planning time: 0.534 ms
Execution time: 4728.172 ms
