Seq Scan on movie_keyword mk  (cost=0.00..81003.12 rows=2172846 width=0) (actual time=0.026..1081.944 rows=2174529 loops=1)
  Filter: (keyword_id < 4248)
  Rows Removed by Filter: 2349401
Planning time: 0.314 ms
Execution time: 1338.275 ms
