Hash Join  (cost=153250.71..967449.45 rows=311170 width=0) (actual time=4196.269..14293.187 rows=632023 loops=1)
  Hash Cond: (ci.movie_id = t.id)
  ->  Seq Scan on cast_info ci  (cost=0.00..796071.18 rows=1043963 width=4) (actual time=1348.908..10792.648 rows=1051218 loops=1)
        Filter: ((person_id > 310425) AND (role_id = 9))
        Rows Removed by Filter: 35193126
  ->  Hash  (cost=140884.85..140884.85 rows=753669 width=8) (actual time=2846.453..2846.453 rows=664016 loops=1)
        Buckets: 131072  Batches: 16  Memory Usage: 2638kB
        ->  Hash Join  (cost=90260.67..140884.85 rows=753669 width=8) (actual time=1288.989..2661.161 rows=664016 loops=1)
              Hash Cond: (mi_idx.movie_id = t.id)
              ->  Seq Scan on movie_info_idx mi_idx  (cost=0.00..21735.35 rows=1380035 width=4) (actual time=0.026..350.599 rows=1380035 loops=1)
              ->  Hash  (cost=67604.59..67604.59 rows=1380887 width=4) (actual time=1287.551..1287.551 rows=1381453 loops=1)
                    Buckets: 131072  Batches: 32  Memory Usage: 2543kB
                    ->  Seq Scan on title t  (cost=0.00..67604.59 rows=1380887 width=4) (actual time=0.022..877.779 rows=1381453 loops=1)
                          Filter: (production_year > 2000)
                          Rows Removed by Filter: 1146859
Planning time: 1.190 ms
Execution time: 14361.429 ms
