Hash Join  (cost=76405.93..189758.69 rows=156091 width=0) (actual time=861.486..2958.045 rows=524743 loops=1)
  Hash Cond: (mk.movie_id = t.id)
  ->  Seq Scan on movie_keyword mk  (cost=0.00..81003.12 rows=2611660 width=4) (actual time=0.017..1074.301 rows=2602562 loops=1)
        Filter: (keyword_id > 3309)
        Rows Removed by Filter: 1921368
  ->  Hash  (cost=73925.90..73925.90 rows=151122 width=4) (actual time=860.531..860.531 rows=251875 loops=1)
        Buckets: 131072 (originally 131072)  Batches: 4 (originally 2)  Memory Usage: 3245kB
        ->  Seq Scan on title t  (cost=0.00..73925.90 rows=151122 width=4) (actual time=0.052..769.234 rows=251875 loops=1)
              Filter: ((kind_id < 7) AND (production_year < 1971))
              Rows Removed by Filter: 2276437
Planning time: 1.688 ms
Execution time: 3021.866 ms
