Seq Scan on cast_info ci  (cost=0.00..796071.18 rows=17928076 width=0) (actual time=0.022..10985.592 rows=21213744 loops=1)
  Filter: ((person_id > 832040) AND (role_id > 1))
  Rows Removed by Filter: 15030600
Planning time: 0.333 ms
Execution time: 13108.065 ms
