Seq Scan on cast_info ci  (cost=0.00..705507.15 rows=13645856 width=0) (actual time=250.991..8426.189 rows=13808033 loops=1)
  Filter: (person_id > 2288029)
  Rows Removed by Filter: 22436311
Planning time: 0.307 ms
Execution time: 10064.672 ms
