Hash Join  (cost=246781.14..828774.24 rows=7850229 width=0) (actual time=6452.684..60377.779 rows=174821460 loops=1)
  Hash Cond: (mi.movie_id = t.id)
  ->  Seq Scan on movie_info mi  (cost=0.00..309384.22 rows=14739122 width=4) (actual time=0.016..6317.499 rows=14835720 loops=1)
  ->  Hash  (cost=224686.10..224686.10 rows=1346723 width=8) (actual time=6450.726..6450.726 rows=2633322 loops=1)
        Buckets: 131072 (originally 131072)  Batches: 64 (originally 32)  Memory Usage: 3073kB
        ->  Hash Join  (cost=86275.83..224686.10 rows=1346723 width=8) (actual time=1357.590..5407.360 rows=2633322 loops=1)
              Hash Cond: (mk.movie_id = t.id)
              ->  Seq Scan on movie_keyword mk  (cost=0.00..69693.30 rows=4523930 width=4) (actual time=0.013..1382.030 rows=4523930 loops=1)
              ->  Hash  (cost=73925.90..73925.90 rows=752714 width=4) (actual time=1356.956..1356.956 rows=657199 loops=1)
                    Buckets: 131072  Batches: 16  Memory Usage: 2477kB
                    ->  Seq Scan on title t  (cost=0.00..73925.90 rows=752714 width=4) (actual time=0.023..1142.398 rows=657199 loops=1)
                          Filter: ((kind_id < 7) AND (production_year > 1981))
                          Rows Removed by Filter: 1871113
Planning time: 0.764 ms
Execution time: 79314.065 ms
