Hash Join  (cost=182539.20..695837.50 rows=3138837 width=0) (actual time=2821.995..12964.500 rows=2149568 loops=1)
  Hash Cond: (mi.movie_id = t.id)
  ->  Seq Scan on movie_info mi  (cost=0.00..309384.22 rows=14739122 width=4) (actual time=0.019..3722.360 rows=14835720 loops=1)
  ->  Hash  (cost=173704.27..173704.27 rows=538474 width=8) (actual time=2820.729..2820.729 rows=283037 loops=1)
        Buckets: 131072  Batches: 8  Memory Usage: 2406kB
        ->  Hash Join  (cost=93093.72..173704.27 rows=538474 width=8) (actual time=1329.457..2760.685 rows=283037 loops=1)
              Hash Cond: (mc.movie_id = t.id)
              ->  Seq Scan on movie_companies mc  (cost=0.00..57926.93 rows=876375 width=4) (actual time=0.026..689.094 rows=1076552 loops=1)
                    Filter: ((company_id > 2690) AND (company_type_id > 1))
                    Rows Removed by Filter: 1532577
              ->  Hash  (cost=67604.59..67604.59 rows=1553611 width=4) (actual time=1328.575..1328.575 rows=1555864 loops=1)
                    Buckets: 131072  Batches: 32  Memory Usage: 2734kB
                    ->  Seq Scan on title t  (cost=0.00..67604.59 rows=1553611 width=4) (actual time=0.029..877.175 rows=1555864 loops=1)
                          Filter: (kind_id > 4)
                          Rows Removed by Filter: 972448
Planning time: 1.176 ms
Execution time: 13149.779 ms
