Hash Join  (cost=190230.21..276135.72 rows=933469 width=0) (actual time=2724.706..5013.503 rows=2796621 loops=1)
  Hash Cond: (mc.movie_id = t.id)
  ->  Seq Scan on movie_companies mc  (cost=0.00..51404.11 rows=1710320 width=4) (actual time=0.015..730.617 rows=1701679 loops=1)
        Filter: (company_id < 20981)
        Rows Removed by Filter: 907450
  ->  Hash  (cost=167588.78..167588.78 rows=1380035 width=8) (actual time=2723.903..2723.903 rows=1380035 loops=1)
        Buckets: 131072  Batches: 32  Memory Usage: 2708kB
        ->  Hash Join  (cost=102767.86..167588.78 rows=1380035 width=8) (actual time=1164.370..2441.751 rows=1380035 loops=1)
              Hash Cond: (mi_idx.movie_id = t.id)
              ->  Seq Scan on movie_info_idx mi_idx  (cost=0.00..21735.35 rows=1380035 width=4) (actual time=0.018..245.267 rows=1380035 loops=1)
              ->  Hash  (cost=61283.27..61283.27 rows=2528527 width=4) (actual time=1163.766..1163.766 rows=2528312 loops=1)
                    Buckets: 131072  Batches: 64  Memory Usage: 2415kB
                    ->  Seq Scan on title t  (cost=0.00..61283.27 rows=2528527 width=4) (actual time=0.015..564.941 rows=2528312 loops=1)
Planning time: 0.766 ms
Execution time: 5215.587 ms
