Seq Scan on cast_info ci  (cost=0.00..796071.18 rows=3266988 width=0) (actual time=7122.212..9192.839 rows=5433623 loops=1)
  Filter: ((person_id > 1995460) AND (role_id = 2))
  Rows Removed by Filter: 30810721
Planning time: 0.425 ms
Execution time: 9734.047 ms
