Seq Scan on cast_info ci  (cost=0.00..796071.18 rows=3489842 width=0) (actual time=5502.611..9045.032 rows=3667804 loops=1)
  Filter: ((person_id > 433940) AND (role_id = 3))
  Rows Removed by Filter: 32576540
Planning time: 0.408 ms
Execution time: 9286.188 ms
