Nested Loop  (cost=0.43..83072.29 rows=150 width=0) (actual time=473.389..1010.754 rows=17 loops=1)
  ->  Seq Scan on movie_keyword mk  (cost=0.00..81003.12 rows=246 width=4) (actual time=4.344..1007.667 rows=95 loops=1)
        Filter: (keyword_id = 11716)
        Rows Removed by Filter: 4523835
  ->  Index Scan using title_pkey on title t  (cost=0.43..8.40 rows=1 width=4) (actual time=0.030..0.030 rows=0 loops=95)
        Index Cond: (id = mk.movie_id)
        Filter: (kind_id = 7)
        Rows Removed by Filter: 1
Planning time: 0.722 ms
Execution time: 1010.844 ms
