Hash Join  (cost=114010.28..947508.60 rows=896842 width=0) (actual time=1552.691..19094.899 rows=2608614 loops=1)
  Hash Cond: (ci.movie_id = t.id)
  ->  Seq Scan on cast_info ci  (cost=0.00..705507.15 rows=31739405 width=4) (actual time=0.025..7683.457 rows=31883831 loops=1)
        Filter: (person_id > 420849)
        Rows Removed by Filter: 4360513
  ->  Hash  (cost=113117.19..113117.19 rows=71447 width=8) (actual time=1551.942..1551.942 rows=94491 loops=1)
        Buckets: 131072 (originally 131072)  Batches: 2 (originally 1)  Memory Usage: 3073kB
        ->  Hash Join  (cost=80355.62..113117.19 rows=71447 width=8) (actual time=1017.129..1527.365 rows=94491 loops=1)
              Hash Cond: (mi_idx.movie_id = t.id)
              ->  Seq Scan on movie_info_idx mi_idx  (cost=0.00..25185.44 rows=460978 width=4) (actual time=0.021..348.386 rows=459925 loops=1)
                    Filter: (info_type_id < 100)
                    Rows Removed by Filter: 920110
              ->  Hash  (cost=73925.90..73925.90 rows=391897 width=4) (actual time=974.106..974.106 rows=289693 loops=1)
                    Buckets: 131072  Batches: 8  Memory Usage: 2301kB
                    ->  Seq Scan on title t  (cost=0.00..73925.90 rows=391897 width=4) (actual time=0.018..880.651 rows=289693 loops=1)
                          Filter: ((production_year > 1998) AND (kind_id = 1))
                          Rows Removed by Filter: 2238619
Planning time: 1.206 ms
Execution time: 19333.220 ms
