Hash Join  (cost=109031.43..929911.58 rows=153451 width=0) (actual time=3021.548..10520.683 rows=124581 loops=1)
  Hash Cond: (ci.movie_id = t.id)
  ->  Seq Scan on cast_info ci  (cost=0.00..796071.18 rows=6206527 width=4) (actual time=1811.613..8015.258 rows=4136910 loops=1)
        Filter: ((person_id > 2948786) AND (role_id < 10))
        Rows Removed by Filter: 32107434
  ->  Hash  (cost=108249.99..108249.99 rows=62515 width=8) (actual time=1209.433..1209.433 rows=83550 loops=1)
        Buckets: 131072 (originally 65536)  Batches: 2 (originally 1)  Memory Usage: 3073kB
        ->  Hash Join  (cost=69484.36..108249.99 rows=62515 width=8) (actual time=572.634..1186.472 rows=83550 loops=1)
              Hash Cond: (mi_idx.movie_id = t.id)
              ->  Seq Scan on movie_info_idx mi_idx  (cost=0.00..21735.35 rows=1380035 width=4) (actual time=0.012..241.581 rows=1380035 loops=1)
              ->  Hash  (cost=67604.59..67604.59 rows=114542 width=4) (actual time=571.828..571.828 rows=118234 loops=1)
                    Buckets: 131072  Batches: 2  Memory Usage: 3101kB
                    ->  Seq Scan on title t  (cost=0.00..67604.59 rows=114542 width=4) (actual time=0.020..531.751 rows=118234 loops=1)
                          Filter: (kind_id = 4)
                          Rows Removed by Filter: 2410078
Planning time: 1.124 ms
Execution time: 10534.669 ms
