Hash Join  (cost=83074.74..142224.39 rows=201 width=0) (actual time=874.610..1674.911 rows=5599 loops=1)
  Hash Cond: (mc.movie_id = t.id)
  ->  Seq Scan on movie_companies mc  (cost=0.00..51404.11 rows=2064938 width=4) (actual time=0.022..571.610 rows=2065797 loops=1)
        Filter: (company_id > 531)
        Rows Removed by Filter: 543332
  ->  Hash  (cost=83071.67..83071.67 rows=246 width=8) (actual time=873.867..873.867 rows=684 loops=1)
        Buckets: 1024  Batches: 1  Memory Usage: 35kB
        ->  Nested Loop  (cost=0.43..83071.67 rows=246 width=8) (actual time=1.880..873.406 rows=684 loops=1)
              ->  Seq Scan on movie_keyword mk  (cost=0.00..81003.12 rows=246 width=4) (actual time=1.832..859.635 rows=684 loops=1)
                    Filter: (keyword_id = 4704)
                    Rows Removed by Filter: 4523246
              ->  Index Only Scan using title_pkey on title t  (cost=0.43..8.40 rows=1 width=4) (actual time=0.019..0.019 rows=1 loops=684)
                    Index Cond: (id = mk.movie_id)
                    Heap Fetches: 684
Planning time: 1.179 ms
Execution time: 1675.749 ms
