Hash Join  (cost=110701.46..213653.65 rows=65365 width=0) (actual time=1382.639..3083.026 rows=416135 loops=1)
  Hash Cond: (mk.movie_id = t.id)
  ->  Seq Scan on movie_keyword mk  (cost=0.00..81003.12 rows=1810779 width=4) (actual time=0.031..1058.278 rows=1810579 loops=1)
        Filter: (keyword_id > 7663)
        Rows Removed by Filter: 2713351
  ->  Hash  (cost=109203.53..109203.53 rows=91274 width=8) (actual time=1381.828..1381.828 rows=102305 loops=1)
        Buckets: 131072  Batches: 2  Memory Usage: 3032kB
        ->  Hash Join  (cost=75818.69..109203.53 rows=91274 width=8) (actual time=923.035..1359.230 rows=102305 loops=1)
              Hash Cond: (mi_idx.movie_id = t.id)
              ->  Seq Scan on movie_info_idx mi_idx  (cost=0.00..25185.44 rows=460978 width=4) (actual time=0.027..238.511 rows=459925 loops=1)
                    Filter: (info_type_id < 100)
                    Rows Removed by Filter: 920110
              ->  Hash  (cost=67604.59..67604.59 rows=500648 width=4) (actual time=922.253..922.253 rows=494029 loops=1)
                    Buckets: 131072  Batches: 8  Memory Usage: 3188kB
                    ->  Seq Scan on title t  (cost=0.00..67604.59 rows=500648 width=4) (actual time=0.019..773.147 rows=494029 loops=1)
                          Filter: (production_year < 1979)
                          Rows Removed by Filter: 2034283
Planning time: 1.180 ms
Execution time: 3134.803 ms
