Hash Join  (cost=192701.64..232583.67 rows=197897 width=0) (actual time=2446.541..3138.186 rows=297168 loops=1)
  Hash Cond: (mi_idx.movie_id = t.id)
  ->  Seq Scan on movie_info_idx mi_idx  (cost=0.00..25185.44 rows=915101 width=4) (actual time=0.017..313.779 rows=919850 loops=1)
        Filter: (info_type_id < 101)
        Rows Removed by Filter: 460185
  ->  Hash  (cost=183730.49..183730.49 rows=546812 width=8) (actual time=2445.724..2445.724 rows=265440 loops=1)
        Buckets: 131072  Batches: 8  Memory Usage: 2327kB
        ->  Hash Join  (cost=102767.86..183730.49 rows=546812 width=8) (actual time=1755.440..2395.723 rows=265440 loops=1)
              Hash Cond: (mc.movie_id = t.id)
              ->  Seq Scan on movie_companies mc  (cost=0.00..57926.93 rows=546812 width=4) (actual time=294.680..568.473 rows=265440 loops=1)
                    Filter: ((company_id > 13609) AND (company_type_id < 2))
                    Rows Removed by Filter: 2343689
              ->  Hash  (cost=61283.27..61283.27 rows=2528527 width=4) (actual time=1459.046..1459.046 rows=2528312 loops=1)
                    Buckets: 131072  Batches: 64  Memory Usage: 2415kB
                    ->  Seq Scan on title t  (cost=0.00..61283.27 rows=2528527 width=4) (actual time=0.010..686.603 rows=2528312 loops=1)
Planning time: 1.099 ms
Execution time: 3164.632 ms
