Seq Scan on cast_info ci  (cost=0.00..796071.18 rows=6996499 width=0) (actual time=3632.522..8677.361 rows=4341620 loops=1)
  Filter: ((person_id < 1531816) AND (role_id > 2))
  Rows Removed by Filter: 31902724
Planning time: 0.344 ms
Execution time: 9114.035 ms
