Hash Join  (cost=101555.73..188357.80 rows=14403 width=0) (actual time=1154.375..2605.893 rows=50178 loops=1)
  Hash Cond: (mk.movie_id = t.id)
  ->  Seq Scan on movie_keyword mk  (cost=0.00..69693.30 rows=4523930 width=4) (actual time=0.017..645.854 rows=4523930 loops=1)
  ->  Hash  (cost=101455.11..101455.11 rows=8050 width=8) (actual time=1154.182..1154.182 rows=11744 loops=1)
        Buckets: 16384 (originally 8192)  Batches: 1 (originally 1)  Memory Usage: 587kB
        ->  Hash Join  (cost=74486.21..101455.11 rows=8050 width=8) (actual time=661.216..1149.289 rows=11744 loops=1)
              Hash Cond: (mi_idx.movie_id = t.id)
              ->  Seq Scan on movie_info_idx mi_idx  (cost=0.00..25185.44 rows=454124 width=4) (actual time=0.015..376.911 rows=459925 loops=1)
                    Filter: (info_type_id = 100)
                    Rows Removed by Filter: 920110
              ->  Hash  (cost=73925.90..73925.90 rows=44824 width=4) (actual time=660.861..660.861 rows=30839 loops=1)
                    Buckets: 65536  Batches: 1  Memory Usage: 1597kB
                    ->  Seq Scan on title t  (cost=0.00..73925.90 rows=44824 width=4) (actual time=232.374..652.500 rows=30839 loops=1)
                          Filter: ((production_year > 2004) AND (kind_id = 3))
                          Rows Removed by Filter: 2497473
Planning time: 1.164 ms
Execution time: 2612.464 ms
