Seq Scan on movie_keyword mk  (cost=0.00..81003.12 rows=2996504 width=0) (actual time=0.023..911.590 rows=2981207 loops=1)
  Filter: (keyword_id < 10266)
  Rows Removed by Filter: 1542723
Planning time: 0.340 ms
Execution time: 1192.811 ms
