Hash Join  (cost=83074.74..833899.15 rows=3524 width=0) (actual time=751.624..10724.541 rows=3888 loops=1)
  Hash Cond: (ci.movie_id = t.id)
  ->  Seq Scan on cast_info ci  (cost=0.00..614943.12 rows=36225612 width=4) (actual time=0.021..4671.321 rows=36244344 loops=1)
  ->  Hash  (cost=83071.67..83071.67 rows=246 width=8) (actual time=751.329..751.329 rows=48 loops=1)
        Buckets: 1024  Batches: 1  Memory Usage: 10kB
        ->  Nested Loop  (cost=0.43..83071.67 rows=246 width=8) (actual time=27.895..751.265 rows=48 loops=1)
              ->  Seq Scan on movie_keyword mk  (cost=0.00..81003.12 rows=246 width=4) (actual time=27.806..749.662 rows=48 loops=1)
                    Filter: (keyword_id = 40320)
                    Rows Removed by Filter: 4523882
              ->  Index Only Scan using title_pkey on title t  (cost=0.43..8.40 rows=1 width=4) (actual time=0.029..0.030 rows=1 loops=48)
                    Index Cond: (id = mk.movie_id)
                    Heap Fetches: 48
Planning time: 0.826 ms
Execution time: 10726.064 ms
