Hash Join  (cost=144899.60..1290695.32 rows=5276468 width=0) (actual time=2156.381..23163.142 rows=7044123 loops=1)
  Hash Cond: (ci.movie_id = t.id)
  ->  Seq Scan on cast_info ci  (cost=0.00..796071.18 rows=25506087 width=4) (actual time=0.014..11593.717 rows=27617562 loops=1)
        Filter: ((person_id < 2963666) AND (role_id < 10))
        Rows Removed by Filter: 8626782
  ->  Hash  (cost=136317.11..136317.11 rows=523079 width=8) (actual time=2155.492..2155.492 rows=267702 loops=1)
        Buckets: 131072  Batches: 8  Memory Usage: 2326kB
        ->  Hash Join  (cost=89649.84..136317.11 rows=523079 width=8) (actual time=1175.320..2100.840 rows=267702 loops=1)
              Hash Cond: (mi_idx.movie_id = t.id)
              ->  Seq Scan on movie_info_idx mi_idx  (cost=0.00..21735.35 rows=1380035 width=4) (actual time=0.018..272.987 rows=1380035 loops=1)
              ->  Hash  (cost=73925.90..73925.90 rows=958395 width=4) (actual time=1174.065..1174.065 rows=1050192 loops=1)
                    Buckets: 131072  Batches: 16  Memory Usage: 3340kB
                    ->  Seq Scan on title t  (cost=0.00..73925.90 rows=958395 width=4) (actual time=115.515..883.340 rows=1050192 loops=1)
                          Filter: ((production_year > 1996) AND (kind_id = 7))
                          Rows Removed by Filter: 1478120
Planning time: 1.204 ms
Execution time: 23664.971 ms
