Hash Join  (cost=133019.79..1217871.46 rows=3900415 width=0) (actual time=2808.343..32890.009 rows=5485089 loops=1)
  Hash Cond: (ci.movie_id = t.id)
  ->  Seq Scan on cast_info ci  (cost=0.00..705507.15 rows=29321176 width=4) (actual time=0.022..16029.318 rows=29407801 loops=1)
        Filter: (person_id > 660924)
        Rows Removed by Filter: 6836543
  ->  Hash  (cost=127501.36..127501.36 rows=336354 width=8) (actual time=2807.181..2807.181 rows=155637 loops=1)
        Buckets: 131072  Batches: 8  Memory Usage: 1778kB
        ->  Hash Join  (cost=84037.34..127501.36 rows=336354 width=8) (actual time=1513.491..2759.868 rows=155637 loops=1)
              Hash Cond: (mi_idx.movie_id = t.id)
              ->  Seq Scan on movie_info_idx mi_idx  (cost=0.00..21735.35 rows=1380035 width=4) (actual time=0.024..503.834 rows=1380035 loops=1)
              ->  Hash  (cost=73925.90..73925.90 rows=616275 width=4) (actual time=1305.914..1305.914 rows=676927 loops=1)
                    Buckets: 131072  Batches: 16  Memory Usage: 2516kB
                    ->  Seq Scan on title t  (cost=0.00..73925.90 rows=616275 width=4) (actual time=1.876..1098.222 rows=676927 loops=1)
                          Filter: ((production_year > 2005) AND (kind_id = 7))
                          Rows Removed by Filter: 1851385
Planning time: 1.712 ms
Execution time: 33544.844 ms
