Hash Join  (cost=84554.05..220676.74 rows=1158965 width=0) (actual time=1216.885..3741.827 rows=2877484 loops=1)
  Hash Cond: (mk.movie_id = t.id)
  ->  Seq Scan on movie_keyword mk  (cost=0.00..69693.30 rows=4523930 width=4) (actual time=0.018..759.964 rows=4523930 loops=1)
  ->  Hash  (cost=73925.90..73925.90 rows=647772 width=4) (actual time=1214.827..1214.827 rows=655275 loops=1)
        Buckets: 131072  Batches: 16  Memory Usage: 2469kB
        ->  Seq Scan on title t  (cost=0.00..73925.90 rows=647772 width=4) (actual time=291.988..1002.953 rows=655275 loops=1)
              Filter: ((production_year > 1896) AND (kind_id = 1))
              Rows Removed by Filter: 1873037
Planning time: 0.721 ms
Execution time: 3947.566 ms
