Hash Join  (cost=89253.38..580927.43 rows=3433574 width=0) (actual time=843.605..8583.055 rows=6284987 loops=1)
  Hash Cond: (mi.movie_id = t.id)
  ->  Seq Scan on movie_info mi  (cost=0.00..346232.03 rows=9293409 width=4) (actual time=0.013..3672.943 rows=9425200 loops=1)
        Filter: (info_type_id > 5)
        Rows Removed by Filter: 5410520
  ->  Hash  (cost=73925.90..73925.90 rows=934198 width=4) (actual time=842.926..842.926 rows=950693 loops=1)
        Buckets: 131072  Batches: 16  Memory Usage: 3123kB
        ->  Seq Scan on title t  (cost=0.00..73925.90 rows=934198 width=4) (actual time=0.013..635.906 rows=950693 loops=1)
              Filter: ((kind_id < 7) AND (production_year < 2013))
              Rows Removed by Filter: 1577619
Planning time: 0.588 ms
Execution time: 9004.996 ms
