Hash Join  (cost=78556.72..1078606.70 rows=5426535 width=0) (actual time=1005.396..18664.855 rows=6058684 loops=1)
  Hash Cond: (ci.movie_id = t.id)
  ->  Seq Scan on cast_info ci  (cost=0.00..705507.15 rows=20555061 width=4) (actual time=0.014..9377.473 rows=20458848 loops=1)
        Filter: (person_id < 2058146)
        Rows Removed by Filter: 15785496
  ->  Hash  (cost=67604.59..67604.59 rows=667531 width=4) (actual time=1004.676..1004.676 rows=662825 loops=1)
        Buckets: 131072  Batches: 16  Memory Usage: 2476kB
        ->  Seq Scan on title t  (cost=0.00..67604.59 rows=667531 width=4) (actual time=0.014..801.156 rows=662825 loops=1)
              Filter: (kind_id = 1)
              Rows Removed by Filter: 1865487
Planning time: 0.536 ms
Execution time: 19144.868 ms
