Hash Join  (cost=799705.67..854373.16 rows=197 width=0) (actual time=8881.768..9413.601 rows=82 loops=1)
  Hash Cond: (mc.movie_id = t.id)
  ->  Seq Scan on movie_companies mc  (cost=0.00..44881.29 rows=2609129 width=4) (actual time=0.011..271.448 rows=2609129 loops=1)
  ->  Hash  (cost=799703.28..799703.28 rows=191 width=8) (actual time=8866.344..8866.344 rows=52 loops=1)
        Buckets: 1024  Batches: 1  Memory Usage: 11kB
        ->  Nested Loop  (cost=0.43..799703.28 rows=191 width=8) (actual time=6860.856..8866.314 rows=52 loops=1)
              ->  Seq Scan on cast_info ci  (cost=0.00..796071.18 rows=435 width=4) (actual time=6860.789..8864.765 rows=92 loops=1)
                    Filter: ((role_id < 10) AND (person_id = 2353520))
                    Rows Removed by Filter: 36244252
              ->  Index Scan using title_pkey on title t  (cost=0.43..8.34 rows=1 width=4) (actual time=0.016..0.016 rows=1 loops=92)
                    Index Cond: (id = ci.movie_id)
                    Filter: (production_year > 2004)
                    Rows Removed by Filter: 0
Planning time: 0.775 ms
Execution time: 9413.729 ms
