Hash Join  (cost=102767.86..1422557.94 rows=25118088 width=0) (actual time=1231.473..22777.277 rows=25149802 loops=1)
  Hash Cond: (ci.movie_id = t.id)
  ->  Seq Scan on cast_info ci  (cost=0.00..705507.15 rows=25118088 width=4) (actual time=0.014..8728.002 rows=25149802 loops=1)
        Filter: (person_id < 2593019)
        Rows Removed by Filter: 11094542
  ->  Hash  (cost=61283.27..61283.27 rows=2528527 width=4) (actual time=1230.187..1230.187 rows=2528312 loops=1)
        Buckets: 131072  Batches: 64  Memory Usage: 2415kB
        ->  Seq Scan on title t  (cost=0.00..61283.27 rows=2528527 width=4) (actual time=0.026..586.684 rows=2528312 loops=1)
Planning time: 0.736 ms
Execution time: 24490.342 ms
