Seq Scan on movie_keyword mk  (cost=0.00..81003.12 rows=1998352 width=0) (actual time=0.020..706.432 rows=2009841 loops=1)
  Filter: (keyword_id > 6224)
  Rows Removed by Filter: 2514089
Planning time: 0.302 ms
Execution time: 861.899 ms
