Hash Join  (cost=102767.86..1100228.88 rows=11722577 width=0) (actual time=1426.055..14094.980 rows=11619503 loops=1)
  Hash Cond: (ci.movie_id = t.id)
  ->  Seq Scan on cast_info ci  (cost=0.00..705507.15 rows=11722577 width=4) (actual time=3.549..6662.379 rows=11619503 loops=1)
        Filter: (person_id < 1143413)
        Rows Removed by Filter: 24624841
  ->  Hash  (cost=61283.27..61283.27 rows=2528527 width=4) (actual time=1405.533..1405.533 rows=2528312 loops=1)
        Buckets: 131072  Batches: 64  Memory Usage: 2415kB
        ->  Seq Scan on title t  (cost=0.00..61283.27 rows=2528527 width=4) (actual time=0.014..550.458 rows=2528312 loops=1)
Planning time: 0.544 ms
Execution time: 14923.895 ms
