Hash Join  (cost=74009.24..100909.61 rows=1197 width=0) (actual time=813.842..1068.987 rows=2174 loops=1)
  Hash Cond: (mi_idx.movie_id = t.id)
  ->  Seq Scan on movie_info_idx mi_idx  (cost=0.00..25185.44 rows=454124 width=4) (actual time=0.018..195.352 rows=459925 loops=1)
        Filter: (info_type_id = 100)
        Rows Removed by Filter: 920110
  ->  Hash  (cost=73925.90..73925.90 rows=6667 width=4) (actual time=813.527..813.527 rows=15787 loops=1)
        Buckets: 16384 (originally 8192)  Batches: 1 (originally 1)  Memory Usage: 684kB
        ->  Seq Scan on title t  (cost=0.00..73925.90 rows=6667 width=4) (actual time=308.421..807.263 rows=15787 loops=1)
              Filter: ((kind_id < 7) AND (production_year < 1906))
              Rows Removed by Filter: 2512525
Planning time: 0.549 ms
Execution time: 1069.397 ms
