Hash Join  (cost=82423.69..187532.09 rows=485619 width=0) (actual time=808.653..1885.580 rows=342276 loops=1)
  Hash Cond: (mk.movie_id = t.id)
  ->  Seq Scan on movie_keyword mk  (cost=0.00..81003.12 rows=1359489 width=4) (actual time=0.015..614.722 rows=1373641 loops=1)
        Filter: (keyword_id > 12157)
        Rows Removed by Filter: 3150289
  ->  Hash  (cost=67604.59..67604.59 rows=903208 width=4) (actual time=808.024..808.024 rows=904491 loops=1)
        Buckets: 131072  Batches: 16  Memory Usage: 3017kB
        ->  Seq Scan on title t  (cost=0.00..67604.59 rows=903208 width=4) (actual time=0.005..604.220 rows=904491 loops=1)
              Filter: (production_year > 2006)
              Rows Removed by Filter: 1623821
Planning time: 0.513 ms
Execution time: 1908.000 ms
