Seq Scan on movie_keyword mk  (cost=0.00..81003.12 rows=1737424 width=12) (actual time=0.024..1734.948 rows=1746306 loops=1)
  Filter: (keyword_id > 7990)
  Rows Removed by Filter: 2777624
Planning time: 0.297 ms
Execution time: 1844.869 ms
