Hash Join  (cost=151633.33..516301.50 rows=1222 width=0) (actual time=1631.369..4853.978 rows=11859 loops=1)
  Hash Cond: (mi.movie_id = t.id)
  ->  Seq Scan on movie_info mi  (cost=0.00..309384.22 rows=14739122 width=4) (actual time=0.019..1703.002 rows=14835720 loops=1)
  ->  Hash  (cost=151630.70..151630.70 rows=210 width=8) (actual time=1449.387..1449.387 rows=1145 loops=1)
        Buckets: 2048 (originally 1024)  Batches: 1 (originally 1)  Memory Usage: 61kB
        ->  Hash Join  (cost=67612.84..151630.70 rows=210 width=8) (actual time=522.087..1448.807 rows=1145 loops=1)
              Hash Cond: (mk.movie_id = t.id)
              ->  Seq Scan on movie_keyword mk  (cost=0.00..81003.12 rows=803371 width=4) (actual time=0.025..824.988 rows=803838 loops=1)
                    Filter: (keyword_id < 778)
                    Rows Removed by Filter: 3720092
              ->  Hash  (cost=67604.59..67604.59 rows=660 width=4) (actual time=518.917..518.917 rows=3515 loops=1)
                    Buckets: 4096 (originally 1024)  Batches: 1 (originally 1)  Memory Usage: 156kB
                    ->  Seq Scan on title t  (cost=0.00..67604.59 rows=660 width=4) (actual time=0.061..517.633 rows=3515 loops=1)
                          Filter: (production_year > 2013)
                          Rows Removed by Filter: 2524797
Planning time: 1.128 ms
Execution time: 4855.464 ms
