Hash Join  (cost=79605.72..466868.70 rows=420023 width=0) (actual time=2212.021..5375.629 rows=211873 loops=1)
  Hash Cond: (mi.movie_id = t.id)
  ->  Seq Scan on movie_info mi  (cost=0.00..346232.03 rows=3068194 width=4) (actual time=742.603..2994.743 rows=3036719 loops=1)
        Filter: (info_type_id = 16)
        Rows Removed by Filter: 11799001
  ->  Hash  (cost=73925.90..73925.90 rows=346145 width=4) (actual time=1467.981..1467.981 rows=208615 loops=1)
        Buckets: 131072  Batches: 8  Memory Usage: 1941kB
        ->  Seq Scan on title t  (cost=0.00..73925.90 rows=346145 width=4) (actual time=0.024..705.027 rows=208615 loops=1)
              Filter: ((kind_id > 1) AND (production_year < 1977))
              Rows Removed by Filter: 2319697
Planning time: 0.769 ms
Execution time: 5397.936 ms
