Hash Join  (cost=242491.38..412399.10 rows=3467877 width=0) (actual time=4003.772..9964.476 rows=30262125 loops=1)
  Hash Cond: (mk.movie_id = t.id)
  ->  Seq Scan on movie_keyword mk  (cost=0.00..69693.30 rows=4523930 width=4) (actual time=0.019..663.483 rows=4523930 loops=1)
  ->  Hash  (cost=210690.94..210690.94 rows=1938275 width=8) (actual time=4003.048..4003.048 rows=1933314 loops=1)
        Buckets: 131072  Batches: 32  Memory Usage: 3424kB
        ->  Hash Join  (cost=102767.86..210690.94 rows=1938275 width=8) (actual time=1002.936..3668.186 rows=1933314 loops=1)
              Hash Cond: (mc.movie_id = t.id)
              ->  Seq Scan on movie_companies mc  (cost=0.00..51404.11 rows=1938275 width=4) (actual time=0.019..630.757 rows=1933314 loops=1)
                    Filter: (company_id < 49462)
                    Rows Removed by Filter: 675815
              ->  Hash  (cost=61283.27..61283.27 rows=2528527 width=4) (actual time=1001.594..1001.594 rows=2528312 loops=1)
                    Buckets: 131072  Batches: 64  Memory Usage: 2415kB
                    ->  Seq Scan on title t  (cost=0.00..61283.27 rows=2528527 width=4) (actual time=0.027..500.874 rows=2528312 loops=1)
Planning time: 1.103 ms
Execution time: 11909.376 ms
