Seq Scan on cast_info ci  (cost=0.00..796071.18 rows=4562544 width=0) (actual time=0.014..7283.501 rows=9356860 loops=1)
  Filter: ((person_id < 1278830) AND (role_id = 1))
  Rows Removed by Filter: 26887484
Planning time: 0.294 ms
Execution time: 8043.083 ms
