Seq Scan on cast_info ci  (cost=0.00..705507.15 rows=6070074 width=0) (actual time=148.018..6358.656 rows=5965473 loops=1)
  Filter: (person_id < 577601)
  Rows Removed by Filter: 30278871
Planning time: 0.304 ms
Execution time: 6904.260 ms
