Hash Join  (cost=100464.49..187435.66 rows=31314 width=0) (actual time=1772.033..3686.014 rows=128522 loops=1)
  Hash Cond: (mk.movie_id = t.id)
  ->  Seq Scan on movie_keyword mk  (cost=0.00..69693.30 rows=4523930 width=4) (actual time=0.022..1022.299 rows=4523930 loops=1)
  ->  Hash  (cost=100245.71..100245.71 rows=17502 width=8) (actual time=1771.793..1771.793 rows=19289 loops=1)
        Buckets: 32768  Batches: 1  Memory Usage: 1010kB
        ->  Hash Join  (cost=69179.59..100245.71 rows=17502 width=8) (actual time=1086.081..1763.516 rows=19289 loops=1)
              Hash Cond: (mi_idx.movie_id = t.id)
              ->  Seq Scan on movie_info_idx mi_idx  (cost=0.00..25185.44 rows=460978 width=4) (actual time=0.024..477.477 rows=459925 loops=1)
                    Filter: (info_type_id < 100)
                    Rows Removed by Filter: 920110
              ->  Hash  (cost=67604.59..67604.59 rows=96000 width=4) (actual time=1085.215..1085.215 rows=95005 loops=1)
                    Buckets: 131072  Batches: 2  Memory Usage: 2716kB
                    ->  Seq Scan on title t  (cost=0.00..67604.59 rows=96000 width=4) (actual time=0.018..1047.170 rows=95005 loops=1)
                          Filter: (production_year = 2005)
                          Rows Removed by Filter: 2433307
Planning time: 1.179 ms
Execution time: 3702.859 ms
