Hash Join  (cost=69374.09..1051513.01 rows=660172 width=0) (actual time=566.069..11857.478 rows=514034 loops=1)
  Hash Cond: (ci.movie_id = t.id)
  ->  Seq Scan on cast_info ci  (cost=0.00..796071.18 rows=15484806 width=4) (actual time=0.036..8437.892 rows=11117838 loops=1)
        Filter: ((person_id < 2438916) AND (role_id > 1))
        Rows Removed by Filter: 25126506
  ->  Hash  (cost=67604.59..67604.59 rows=107800 width=4) (actual time=565.316..565.316 rows=108429 loops=1)
        Buckets: 131072  Batches: 2  Memory Usage: 2931kB
        ->  Seq Scan on title t  (cost=0.00..67604.59 rows=107800 width=4) (actual time=0.017..535.771 rows=108429 loops=1)
              Filter: (production_year = 2006)
              Rows Removed by Filter: 2419883
Planning time: 0.712 ms
Execution time: 11901.193 ms
