Seq Scan on movie_keyword mk  (cost=0.00..81003.12 rows=3723125 width=0) (actual time=0.015..981.695 rows=3717259 loops=1)
  Filter: (keyword_id < 22955)
  Rows Removed by Filter: 806671
Planning time: 0.305 ms
Execution time: 1343.435 ms
