Hash Join  (cost=880207.34..935145.78 rows=27292 width=0) (actual time=8221.329..8725.592 rows=3402 loops=1)
  Hash Cond: (mc.movie_id = t.id)
  ->  Seq Scan on movie_companies mc  (cost=0.00..44881.29 rows=2609129 width=4) (actual time=0.023..316.377 rows=2609129 loops=1)
  ->  Hash  (cost=879876.73..879876.73 rows=26449 width=8) (actual time=8045.870..8045.870 rows=1712 loops=1)
        Buckets: 32768  Batches: 1  Memory Usage: 323kB
        ->  Hash Join  (cost=75612.30..879876.73 rows=26449 width=8) (actual time=7247.888..8045.257 rows=1712 loops=1)
              Hash Cond: (ci.movie_id = t.id)
              ->  Seq Scan on cast_info ci  (cost=0.00..796071.18 rows=650867 width=4) (actual time=6520.962..7288.596 rows=70660 loops=1)
                    Filter: ((person_id > 3051721) AND (role_id = 3))
                    Rows Removed by Filter: 36173684
              ->  Hash  (cost=73925.90..73925.90 rows=102752 width=4) (actual time=726.143..726.143 rows=117918 loops=1)
                    Buckets: 131072  Batches: 2  Memory Usage: 3095kB
                    ->  Seq Scan on title t  (cost=0.00..73925.90 rows=102752 width=4) (actual time=219.517..693.408 rows=117918 loops=1)
                          Filter: ((production_year > 1954) AND (kind_id = 4))
                          Rows Removed by Filter: 2410394
Planning time: 1.227 ms
Execution time: 8726.302 ms
