Nested Loop  (cost=0.43..52283.95 rows=1 width=0) (actual time=101.590..488.939 rows=17 loops=1)
  ->  Seq Scan on movie_companies mc  (cost=0.00..51404.11 rows=104 width=4) (actual time=3.469..481.476 rows=624 loops=1)
        Filter: (company_id = 22982)
        Rows Removed by Filter: 2608505
  ->  Index Scan using title_pkey on title t  (cost=0.43..8.45 rows=1 width=4) (actual time=0.012..0.012 rows=0 loops=624)
        Index Cond: (id = mc.movie_id)
        Filter: (production_year = 1960)
        Rows Removed by Filter: 1
Planning time: 0.711 ms
Execution time: 489.031 ms
