Hash Join  (cost=122535.74..487639.00 rows=44733 width=0) (actual time=1385.376..5545.670 rows=78937 loops=1)
  Hash Cond: (mi.movie_id = t.id)
  ->  Seq Scan on movie_info mi  (cost=0.00..309384.22 rows=14739122 width=4) (actual time=0.010..2001.569 rows=14835720 loops=1)
  ->  Hash  (cost=122439.81..122439.81 rows=7674 width=8) (actual time=1368.500..1368.500 rows=5524 loops=1)
        Buckets: 8192  Batches: 1  Memory Usage: 280kB
        ->  Hash Join  (cost=67697.55..122439.81 rows=7674 width=8) (actual time=732.081..1366.664 rows=5524 loops=1)
              Hash Cond: (mc.movie_id = t.id)
              ->  Seq Scan on movie_companies mc  (cost=0.00..44881.29 rows=2609129 width=4) (actual time=0.018..298.042 rows=2609129 loops=1)
              ->  Hash  (cost=67604.59..67604.59 rows=7437 width=4) (actual time=731.371..731.371 rows=2847 loops=1)
                    Buckets: 8192  Batches: 1  Memory Usage: 165kB
                    ->  Seq Scan on title t  (cost=0.00..67604.59 rows=7437 width=4) (actual time=365.896..729.888 rows=2847 loops=1)
                          Filter: (production_year = 1926)
                          Rows Removed by Filter: 2525465
Planning time: 1.102 ms
Execution time: 5554.002 ms
