Seq Scan on movie_keyword mk  (cost=0.00..81003.12 rows=1248323 width=0) (actual time=0.024..685.849 rows=1260556 loops=1)
  Filter: (keyword_id > 14225)
  Rows Removed by Filter: 3263374
Planning time: 0.268 ms
Execution time: 775.669 ms
