Seq Scan on movie_companies mc  (cost=0.00..51404.11 rows=104 width=0) (actual time=196.378..339.081 rows=3 loops=1)
  Filter: (company_id = 30448)
  Rows Removed by Filter: 2609126
Planning time: 0.325 ms
Execution time: 339.169 ms
