Seq Scan on cast_info ci  (cost=0.00..796071.18 rows=433003 width=0) (actual time=18.117..4984.600 rows=239144 loops=1)
  Filter: ((person_id < 120803) AND (role_id > 3))
  Rows Removed by Filter: 36005200
Planning time: 0.316 ms
Execution time: 5002.166 ms
