Hash Join  (cost=94072.72..1308603.40 rows=17593052 width=0) (actual time=1781.216..37713.120 rows=16144562 loops=1)
  Hash Cond: (ci.movie_id = t.id)
  ->  Seq Scan on cast_info ci  (cost=0.00..614943.12 rows=36225612 width=4) (actual time=0.009..12892.957 rows=36244344 loops=1)
  ->  Hash  (cost=73925.90..73925.90 rows=1227985 width=4) (actual time=1779.598..1779.598 rows=1197374 loops=1)
        Buckets: 131072  Batches: 32  Memory Usage: 2340kB
        ->  Seq Scan on title t  (cost=0.00..73925.90 rows=1227985 width=4) (actual time=0.016..1393.592 rows=1197374 loops=1)
              Filter: ((kind_id > 1) AND (production_year < 2008))
              Rows Removed by Filter: 1330938
Planning time: 0.556 ms
Execution time: 39557.257 ms
