Hash Join  (cost=1111777.05..1908544.70 rows=25365124 width=0) (actual time=11312.827..28067.045 rows=72106575 loops=1)
  Hash Cond: (mi.movie_id = t.id)
  ->  Seq Scan on movie_info mi  (cost=0.00..346232.03 rows=8841901 width=4) (actual time=0.017..3018.575 rows=8950757 loops=1)
        Filter: (info_type_id > 6)
        Rows Removed by Filter: 5884963
  ->  Hash  (cost=992770.94..992770.94 rows=7253689 width=8) (actual time=11311.818..11311.818 rows=7451928 loops=1)
        Buckets: 131072  Batches: 128  Memory Usage: 3355kB
        ->  Hash Join  (cost=106623.69..992770.94 rows=7253689 width=8) (actual time=971.848..10008.157 rows=7451928 loops=1)
              Hash Cond: (ci.movie_id = t.id)
              ->  Seq Scan on cast_info ci  (cost=0.00..705507.15 rows=7712042 width=4) (actual time=43.722..5181.238 rows=7610981 loops=1)
                    Filter: (person_id < 737896)
                    Rows Removed by Filter: 28633363
              ->  Hash  (cost=67604.59..67604.59 rows=2378248 width=4) (actual time=927.462..927.462 rows=2374571 loops=1)
                    Buckets: 131072  Batches: 32  Memory Usage: 3635kB
                    ->  Seq Scan on title t  (cost=0.00..67604.59 rows=2378248 width=4) (actual time=0.021..546.138 rows=2374571 loops=1)
                          Filter: (production_year > 1918)
                          Rows Removed by Filter: 153741
Planning time: 0.763 ms
Execution time: 32578.544 ms
