Nested Loop  (cost=0.43..709674.40 rows=11 width=0) (actual time=2295.574..4371.687 rows=1 loops=1)
  ->  Seq Scan on cast_info ci  (cost=0.00..705507.15 rows=500 width=4) (actual time=2295.507..4370.899 rows=61 loops=1)
        Filter: (person_id = 770351)
        Rows Removed by Filter: 36244283
  ->  Index Scan using title_pkey on title t  (cost=0.43..8.32 rows=1 width=4) (actual time=0.012..0.012 rows=0 loops=61)
        Index Cond: (id = ci.movie_id)
        Filter: ((kind_id < 7) AND (production_year = 2010))
        Rows Removed by Filter: 1
Planning time: 0.533 ms
Execution time: 4371.767 ms
