Hash Join  (cost=441665.71..480869.44 rows=88025 width=0) (actual time=3293.722..3760.895 rows=100901 loops=1)
  Hash Cond: (mi_idx.movie_id = t.id)
  ->  Seq Scan on movie_info_idx mi_idx  (cost=0.00..21735.35 rows=1380035 width=4) (actual time=0.015..182.878 rows=1380035 loops=1)
  ->  Hash  (cost=439018.69..439018.69 rows=161282 width=8) (actual time=3293.068..3293.068 rows=61796 loops=1)
        Buckets: 131072  Batches: 4  Memory Usage: 1625kB
        ->  Hash Join  (cost=82423.69..439018.69 rows=161282 width=8) (actual time=2428.902..3280.047 rows=61796 loops=1)
              Hash Cond: (mi.movie_id = t.id)
              ->  Seq Scan on movie_info mi  (cost=0.00..346232.03 rows=451508 width=4) (actual time=1722.620..2357.273 rows=474443 loops=1)
                    Filter: (info_type_id = 6)
                    Rows Removed by Filter: 14361277
              ->  Hash  (cost=67604.59..67604.59 rows=903208 width=4) (actual time=705.548..705.548 rows=904491 loops=1)
                    Buckets: 131072  Batches: 16  Memory Usage: 3017kB
                    ->  Seq Scan on title t  (cost=0.00..67604.59 rows=903208 width=4) (actual time=0.030..527.373 rows=904491 loops=1)
                          Filter: (production_year > 2006)
                          Rows Removed by Filter: 1623821
Planning time: 0.744 ms
Execution time: 3768.070 ms
