Hash Join  (cost=73929.23..824756.51 rows=3811 width=0) (actual time=477.793..7460.296 rows=6163 loops=1)
  Hash Cond: (ci.movie_id = t.id)
  ->  Seq Scan on cast_info ci  (cost=0.00..614943.12 rows=36225612 width=4) (actual time=0.021..3178.915 rows=36244344 loops=1)
  ->  Hash  (cost=73925.90..73925.90 rows=266 width=4) (actual time=477.650..477.650 rows=625 loops=1)
        Buckets: 1024  Batches: 1  Memory Usage: 30kB
        ->  Seq Scan on title t  (cost=0.00..73925.90 rows=266 width=4) (actual time=0.029..477.299 rows=625 loops=1)
              Filter: ((kind_id = 2) AND (production_year = 1974))
              Rows Removed by Filter: 2527687
Planning time: 0.680 ms
Execution time: 7461.740 ms
