Hash Join  (cost=922191.27..1432637.39 rows=2871519 width=0) (actual time=8263.109..16644.074 rows=10662606 loops=1)
  Hash Cond: (mi.movie_id = t.id)
  ->  Seq Scan on movie_info mi  (cost=0.00..309384.22 rows=14739122 width=4) (actual time=0.018..2494.072 rows=14835720 loops=1)
  ->  Hash  (cost=914108.58..914108.58 rows=492615 width=8) (actual time=8262.415..8262.415 rows=602985 loops=1)
        Buckets: 131072  Batches: 8  Memory Usage: 3989kB
        ->  Hash Join  (cost=82033.88..914108.58 rows=492615 width=8) (actual time=4197.674..8150.147 rows=602985 loops=1)
              Hash Cond: (ci.movie_id = t.id)
              ->  Seq Scan on cast_info ci  (cost=0.00..796071.18 rows=2520633 width=4) (actual time=3505.221..6582.190 rows=2728943 loops=1)
                    Filter: ((person_id < 3519211) AND (role_id = 4))
                    Rows Removed by Filter: 33515401
              ->  Hash  (cost=73925.90..73925.90 rows=494158 width=4) (actual time=691.581..691.581 rows=581419 loops=1)
                    Buckets: 131072  Batches: 8  Memory Usage: 3592kB
                    ->  Seq Scan on title t  (cost=0.00..73925.90 rows=494158 width=4) (actual time=0.039..579.438 rows=581419 loops=1)
                          Filter: ((kind_id < 7) AND (production_year < 2004))
                          Rows Removed by Filter: 1946893
Planning time: 0.788 ms
Execution time: 17340.533 ms
