Nested Loop  (cost=0.43..83071.67 rows=246 width=0) (actual time=16.080..486.456 rows=48 loops=1)
  ->  Seq Scan on movie_keyword mk  (cost=0.00..81003.12 rows=246 width=4) (actual time=16.019..485.059 rows=48 loops=1)
        Filter: (keyword_id = 23979)
        Rows Removed by Filter: 4523882
  ->  Index Only Scan using title_pkey on title t  (cost=0.43..8.40 rows=1 width=4) (actual time=0.027..0.027 rows=1 loops=48)
        Index Cond: (id = mk.movie_id)
        Heap Fetches: 48
Planning time: 0.507 ms
Execution time: 486.523 ms
