Seq Scan on movie_keyword mk  (cost=0.00..81003.12 rows=3724081 width=0) (actual time=0.019..615.409 rows=3718380 loops=1)
  Filter: (keyword_id < 22997)
  Rows Removed by Filter: 805550
Planning time: 0.228 ms
Execution time: 844.066 ms
