Seq Scan on title t  (cost=0.00..73925.90 rows=15899 width=0) (actual time=78.532..386.199 rows=8276 loops=1)
  Filter: ((production_year > 2010) AND (kind_id = 3))
  Rows Removed by Filter: 2520036
Planning time: 0.258 ms
Execution time: 387.347 ms
