Seq Scan on movie_companies mc  (cost=0.00..51404.11 rows=1398100 width=0) (actual time=0.018..349.735 rows=1408132 loops=1)
  Filter: (company_id > 10915)
  Rows Removed by Filter: 1200997
Planning time: 0.232 ms
Execution time: 436.324 ms
