Hash Join  (cost=170604.47..1313422.69 rows=7025610 width=0) (actual time=2034.620..22374.248 rows=26730797 loops=1)
  Hash Cond: (ci.movie_id = t.id)
  ->  Seq Scan on cast_info ci  (cost=0.00..705507.15 rows=31554923 width=4) (actual time=0.011..7562.827 rows=31605208 loops=1)
        Filter: (role_id < 10)
        Rows Removed by Filter: 4639136
  ->  Hash  (cost=161367.36..161367.36 rows=562969 width=8) (actual time=2034.008..2034.008 rows=1236038 loops=1)
        Buckets: 131072 (originally 131072)  Batches: 16 (originally 8)  Memory Usage: 4050kB
        ->  Hash Join  (cost=83810.17..161367.36 rows=562969 width=8) (actual time=692.513..1822.313 rows=1236038 loops=1)
              Hash Cond: (mc.movie_id = t.id)
              ->  Seq Scan on movie_companies mc  (cost=0.00..51404.11 rows=1441169 width=4) (actual time=0.015..422.693 rows=1446355 loops=1)
                    Filter: (company_id > 9593)
                    Rows Removed by Filter: 1162774
              ->  Hash  (cost=67604.59..67604.59 rows=987727 width=4) (actual time=691.915..691.915 rows=985048 loops=1)
                    Buckets: 131072  Batches: 16  Memory Usage: 3188kB
                    ->  Seq Scan on title t  (cost=0.00..67604.59 rows=987727 width=4) (actual time=0.020..490.251 rows=985048 loops=1)
                          Filter: (kind_id < 7)
                          Rows Removed by Filter: 1543264
Planning time: 0.738 ms
Execution time: 24038.184 ms
