Hash Join  (cost=102617.88..467335.37 rows=6155 width=0) (actual time=679.820..3571.117 rows=56693 loops=1)
  Hash Cond: (mi.movie_id = t.id)
  ->  Seq Scan on movie_info mi  (cost=0.00..309384.22 rows=14739122 width=4) (actual time=0.009..1452.318 rows=14835720 loops=1)
  ->  Hash  (cost=102604.68..102604.68 rows=1056 width=8) (actual time=679.385..679.385 rows=2788 loops=1)
        Buckets: 4096 (originally 2048)  Batches: 1 (originally 1)  Memory Usage: 141kB
        ->  Hash Join  (cost=73962.22..102604.68 rows=1056 width=8) (actual time=407.543..678.781 rows=2788 loops=1)
              Hash Cond: (mi_idx.movie_id = t.id)
              ->  Seq Scan on movie_info_idx mi_idx  (cost=0.00..25185.44 rows=919057 width=4) (actual time=0.016..193.122 rows=920110 loops=1)
                    Filter: (info_type_id > 99)
                    Rows Removed by Filter: 459925
              ->  Hash  (cost=73925.90..73925.90 rows=2905 width=4) (actual time=407.473..407.473 rows=3835 loops=1)
                    Buckets: 4096  Batches: 1  Memory Usage: 167kB
                    ->  Seq Scan on title t  (cost=0.00..73925.90 rows=2905 width=4) (actual time=0.037..406.501 rows=3835 loops=1)
                          Filter: ((kind_id < 7) AND (production_year = 1959))
                          Rows Removed by Filter: 2524477
Planning time: 0.742 ms
Execution time: 3576.193 ms
