Hash Join  (cost=797960.29..1162623.27 rows=705 width=0) (actual time=5626.546..8517.743 rows=247 loops=1)
  Hash Cond: (mi.movie_id = t.id)
  ->  Seq Scan on movie_info mi  (cost=0.00..309384.22 rows=14739122 width=4) (actual time=0.013..1548.922 rows=14835720 loops=1)
  ->  Hash  (cost=797958.78..797958.78 rows=121 width=8) (actual time=5529.314..5529.314 rows=203 loops=1)
        Buckets: 1024  Batches: 1  Memory Usage: 16kB
        ->  Nested Loop  (cost=0.43..797958.78 rows=121 width=8) (actual time=1801.290..5529.185 rows=203 loops=1)
              ->  Seq Scan on cast_info ci  (cost=0.00..796071.18 rows=224 width=4) (actual time=1801.132..5526.729 rows=233 loops=1)
                    Filter: ((role_id > 2) AND (person_id = 922598))
                    Rows Removed by Filter: 36244111
              ->  Index Scan using title_pkey on title t  (cost=0.43..8.42 rows=1 width=4) (actual time=0.010..0.010 rows=1 loops=233)
                    Index Cond: (id = ci.movie_id)
                    Filter: ((kind_id > 3) AND (production_year < 2011))
                    Rows Removed by Filter: 0
Planning time: 0.775 ms
Execution time: 8517.896 ms
