Seq Scan on movie_keyword mk  (cost=0.00..81003.12 rows=246 width=0) (actual time=45.606..489.074 rows=19 loops=1)
  Filter: (keyword_id = 43055)
  Rows Removed by Filter: 4523911
Planning time: 0.256 ms
Execution time: 489.147 ms
