Hash Join  (cost=207765.34..723025.10 rows=1595995 width=0) (actual time=1973.287..7566.267 rows=4347273 loops=1)
  Hash Cond: (mi.movie_id = t.id)
  ->  Seq Scan on movie_info mi  (cost=0.00..309384.22 rows=14739122 width=4) (actual time=0.019..2164.146 rows=14835720 loops=1)
  ->  Hash  (cost=203272.89..203272.89 rows=273796 width=8) (actual time=1972.570..1972.570 rows=101001 loops=1)
        Buckets: 131072  Batches: 4  Memory Usage: 1944kB
        ->  Hash Join  (cost=70308.29..203272.89 rows=273796 width=8) (actual time=416.531..1955.026 rows=101001 loops=1)
              Hash Cond: (mk.movie_id = t.id)
              ->  Seq Scan on movie_keyword mk  (cost=0.00..81003.12 rows=4201471 width=4) (actual time=0.025..744.076 rows=4180076 loops=1)
                    Filter: (keyword_id > 283)
                    Rows Removed by Filter: 343854
              ->  Hash  (cost=67604.59..67604.59 rows=164776 width=4) (actual time=415.027..415.027 rows=164307 loops=1)
                    Buckets: 131072  Batches: 4  Memory Usage: 2488kB
                    ->  Seq Scan on title t  (cost=0.00..67604.59 rows=164776 width=4) (actual time=0.019..383.539 rows=164307 loops=1)
                          Filter: (production_year = 2012)
                          Rows Removed by Filter: 2364005
Planning time: 0.809 ms
Execution time: 7828.831 ms
