Seq Scan on movie_companies mc  (cost=0.00..51404.11 rows=651955 width=0) (actual time=0.013..834.522 rows=656944 loops=1)
  Filter: (company_id > 53233)
  Rows Removed by Filter: 1952185
Planning time: 0.255 ms
Execution time: 913.375 ms
