Seq Scan on cast_info ci  (cost=0.00..796071.18 rows=33309 width=0) (actual time=1145.507..4738.192 rows=188536 loops=1)
  Filter: ((person_id > 3432168) AND (role_id > 10))
  Rows Removed by Filter: 36055808
Planning time: 0.233 ms
Execution time: 4749.863 ms
