Nested Loop  (cost=32636.42..830721.53 rows=75 width=0) (actual time=5858.638..6056.907 rows=6 loops=1)
  Join Filter: (ci.movie_id = t.id)
  ->  Hash Join  (cost=32635.99..830560.55 rows=188 width=8) (actual time=5858.568..6056.675 rows=6 loops=1)
        Hash Cond: (ci.movie_id = mi_idx.movie_id)
        ->  Seq Scan on cast_info ci  (cost=0.00..796071.18 rows=420 width=4) (actual time=5583.569..5749.471 rows=16 loops=1)
              Filter: ((role_id < 9) AND (person_id = 887547))
              Rows Removed by Filter: 36244328
        ->  Hash  (cost=25185.44..25185.44 rows=454124 width=4) (actual time=274.276..274.276 rows=459925 loops=1)
              Buckets: 131072  Batches: 8  Memory Usage: 3050kB
              ->  Seq Scan on movie_info_idx mi_idx  (cost=0.00..25185.44 rows=454124 width=4) (actual time=0.022..194.309 rows=459925 loops=1)
                    Filter: (info_type_id = 100)
                    Rows Removed by Filter: 920110
  ->  Index Only Scan using title_pkey on title t  (cost=0.43..0.84 rows=1 width=4) (actual time=0.034..0.034 rows=1 loops=6)
        Index Cond: (id = mi_idx.movie_id)
        Heap Fetches: 6
Planning time: 0.771 ms
Execution time: 6057.202 ms
