Hash Join  (cost=164398.38..203469.07 rows=80321 width=0) (actual time=1374.876..1853.917 rows=301714 loops=1)
  Hash Cond: (mi_idx.movie_id = t.id)
  ->  Seq Scan on movie_info_idx mi_idx  (cost=0.00..21735.35 rows=1380035 width=4) (actual time=0.017..171.929 rows=1380035 loops=1)
  ->  Hash  (cost=161983.82..161983.82 rows=147165 width=8) (actual time=1374.247..1374.247 rows=171834 loops=1)
        Buckets: 131072 (originally 131072)  Batches: 4 (originally 2)  Memory Usage: 3073kB
        ->  Hash Join  (cost=93408.25..161983.82 rows=147165 width=8) (actual time=764.099..1339.474 rows=171834 loops=1)
              Hash Cond: (mc.movie_id = t.id)
              ->  Seq Scan on movie_companies mc  (cost=0.00..57926.93 rows=236596 width=4) (actual time=0.015..346.711 rows=353292 loops=1)
                    Filter: ((company_id < 424) AND (company_type_id = 1))
                    Rows Removed by Filter: 2255837
              ->  Hash  (cost=67604.59..67604.59 rows=1572773 width=4) (actual time=763.333..763.333 rows=1570568 loops=1)
                    Buckets: 131072  Batches: 32  Memory Usage: 2751kB
                    ->  Seq Scan on title t  (cost=0.00..67604.59 rows=1572773 width=4) (actual time=0.008..509.710 rows=1570568 loops=1)
                          Filter: (production_year > 1996)
                          Rows Removed by Filter: 957744
Planning time: 0.953 ms
Execution time: 1872.552 ms
