Seq Scan on movie_keyword mk  (cost=0.00..81003.12 rows=1711359 width=0) (actual time=0.031..1419.264 rows=1716911 loops=1)
  Filter: (keyword_id < 2761)
  Rows Removed by Filter: 2807019
Planning time: 0.343 ms
Execution time: 1627.319 ms
