Seq Scan on cast_info ci  (cost=0.00..705507.15 rows=500 width=0) (actual time=702.604..4054.601 rows=26 loops=1)
  Filter: (person_id = 1950768)
  Rows Removed by Filter: 36244318
Planning time: 0.265 ms
Execution time: 4054.678 ms
