Hash Join  (cost=906202.91..1531278.10 rows=6896112 width=0) (actual time=7317.874..15355.177 rows=9095005 loops=1)
  Hash Cond: (mi.movie_id = t.id)
  ->  Seq Scan on movie_info mi  (cost=0.00..346232.03 rows=14592968 width=4) (actual time=0.032..2880.823 rows=14637966 loops=1)
        Filter: (info_type_id < 107)
        Rows Removed by Filter: 197754
  ->  Hash  (cost=886598.77..886598.77 rows=1194891 width=8) (actual time=7316.850..7316.850 rows=658342 loops=1)
        Buckets: 131072  Batches: 16  Memory Usage: 2601kB
        ->  Hash Join  (cost=73702.75..886598.77 rows=1194891 width=8) (actual time=1590.167..7197.655 rows=658342 loops=1)
              Hash Cond: (ci.movie_id = t.id)
              ->  Seq Scan on cast_info ci  (cost=0.00..705507.15 rows=8128523 width=4) (actual time=1118.338..4733.272 rows=8083653 loops=1)
                    Filter: (person_id > 2872165)
                    Rows Removed by Filter: 28160691
              ->  Hash  (cost=67604.59..67604.59 rows=371693 width=4) (actual time=470.754..470.754 rows=366430 loops=1)
                    Buckets: 131072  Batches: 8  Memory Usage: 2627kB
                    ->  Seq Scan on title t  (cost=0.00..67604.59 rows=371693 width=4) (actual time=0.033..409.407 rows=366430 loops=1)
                          Filter: (production_year < 1970)
                          Rows Removed by Filter: 2161882
Planning time: 0.754 ms
Execution time: 15922.134 ms
