Seq Scan on title t  (cost=0.00..73925.90 rows=955455 width=0) (actual time=0.015..472.035 rows=885784 loops=1)
  Filter: ((kind_id > 4) AND (production_year < 2007))
  Rows Removed by Filter: 1642528
Planning time: 0.209 ms
Execution time: 529.545 ms
