Hash Join  (cost=439433.67..542745.06 rows=80390 width=0) (actual time=2800.508..3950.955 rows=1264242 loops=1)
  Hash Cond: (mk.movie_id = t.id)
  ->  Seq Scan on movie_keyword mk  (cost=0.00..81003.12 rows=1821966 width=4) (actual time=0.014..618.652 rows=1823955 loops=1)
        Filter: (keyword_id > 7634)
        Rows Removed by Filter: 2699975
  ->  Hash  (cost=437603.09..437603.09 rows=111566 width=8) (actual time=2799.713..2799.713 rows=228813 loops=1)
        Buckets: 131072 (originally 131072)  Batches: 4 (originally 2)  Memory Usage: 3265kB
        ->  Hash Join  (cost=81025.55..437603.09 rows=111566 width=8) (actual time=1635.524..2755.467 rows=228813 loops=1)
              Hash Cond: (mi.movie_id = t.id)
              ->  Seq Scan on movie_info mi  (cost=0.00..346232.03 rows=651960 width=4) (actual time=1112.644..2009.243 rows=660923 loops=1)
                    Filter: (info_type_id = 18)
                    Rows Removed by Filter: 14174797
              ->  Hash  (cost=73925.90..73925.90 rows=432692 width=4) (actual time=522.164..522.164 rows=368246 loops=1)
                    Buckets: 131072  Batches: 8  Memory Usage: 2645kB
                    ->  Seq Scan on title t  (cost=0.00..73925.90 rows=432692 width=4) (actual time=0.021..455.836 rows=368246 loops=1)
                          Filter: ((kind_id < 7) AND (production_year > 2004))
                          Rows Removed by Filter: 2160066
Planning time: 0.740 ms
Execution time: 4026.621 ms
