Hash Join  (cost=497899.17..1674767.66 rows=13926734 width=0) (actual time=3530.225..17819.442 rows=6607219 loops=1)
  Hash Cond: (ci.movie_id = t.id)
  ->  Seq Scan on cast_info ci  (cost=0.00..614943.12 rows=36225612 width=4) (actual time=0.023..5127.459 rows=36244344 loops=1)
  ->  Hash  (cost=481950.19..481950.19 rows=972078 width=8) (actual time=3529.593..3529.593 rows=409551 loops=1)
        Buckets: 131072  Batches: 16  Memory Usage: 2027kB
        ->  Hash Join  (cost=99942.07..481950.19 rows=972078 width=8) (actual time=1102.789..3462.143 rows=409551 loops=1)
              Hash Cond: (mi.movie_id = t.id)
              ->  Seq Scan on movie_info mi  (cost=0.00..346232.03 rows=1550064 width=4) (actual time=235.377..2020.597 rows=1533909 loops=1)
                    Filter: (info_type_id = 3)
                    Rows Removed by Filter: 13301811
              ->  Hash  (cost=73925.90..73925.90 rows=1585693 width=4) (actual time=866.717..866.717 rows=1700125 loops=1)
                    Buckets: 131072  Batches: 32  Memory Usage: 2903kB
                    ->  Seq Scan on title t  (cost=0.00..73925.90 rows=1585693 width=4) (actual time=0.013..580.403 rows=1700125 loops=1)
                          Filter: ((kind_id > 1) AND (production_year > 1965))
                          Rows Removed by Filter: 828187
Planning time: 0.746 ms
Execution time: 18245.347 ms
