Hash Join  (cost=105490.82..291490.10 rows=3994038 width=0) (actual time=972.490..3529.207 rows=3929244 loops=1)
  Hash Cond: (mk.movie_id = t.id)
  ->  Seq Scan on movie_keyword mk  (cost=0.00..81003.12 rows=4373354 width=4) (actual time=0.018..784.548 rows=4374584 loops=1)
        Filter: (keyword_id < 73967)
        Rows Removed by Filter: 149346
  ->  Hash  (cost=67604.59..67604.59 rows=2309219 width=4) (actual time=971.655..971.655 rows=2302977 loops=1)
        Buckets: 131072  Batches: 32  Memory Usage: 3567kB
        ->  Seq Scan on title t  (cost=0.00..67604.59 rows=2309219 width=4) (actual time=0.019..572.984 rows=2302977 loops=1)
              Filter: (production_year > 1945)
              Rows Removed by Filter: 225335
Planning time: 0.650 ms
Execution time: 3776.829 ms
