Hash Join  (cost=102767.86..265379.32 rows=2980944 width=0) (actual time=820.403..2796.034 rows=2971169 loops=1)
  Hash Cond: (mk.movie_id = t.id)
  ->  Seq Scan on movie_keyword mk  (cost=0.00..81003.12 rows=2980944 width=4) (actual time=0.016..688.733 rows=2971169 loops=1)
        Filter: (keyword_id > 2292)
        Rows Removed by Filter: 1552761
  ->  Hash  (cost=61283.27..61283.27 rows=2528527 width=4) (actual time=819.568..819.568 rows=2528312 loops=1)
        Buckets: 131072  Batches: 64  Memory Usage: 2425kB
        ->  Seq Scan on title t  (cost=0.00..61283.27 rows=2528527 width=4) (actual time=0.015..404.675 rows=2528312 loops=1)
Planning time: 0.482 ms
Execution time: 2974.420 ms
