Seq Scan on movie_keyword mk  (cost=0.00..81003.12 rows=252344 width=0) (actual time=0.035..494.947 rows=249927 loops=1)
  Filter: (keyword_id > 60453)
  Rows Removed by Filter: 4274003
Planning time: 0.231 ms
Execution time: 511.414 ms
