Hash Join  (cost=914604.01..956172.20 rows=225871 width=0) (actual time=15004.743..16027.221 rows=986292 loops=1)
  Hash Cond: (mi_idx.movie_id = t.id)
  ->  Seq Scan on movie_info_idx mi_idx  (cost=0.00..21735.35 rows=1380035 width=4) (actual time=0.031..430.488 rows=1380035 loops=1)
  ->  Hash  (cost=907813.93..907813.93 rows=413846 width=8) (actual time=14599.560..14599.560 rows=979033 loops=1)
        Buckets: 131072 (originally 131072)  Batches: 16 (originally 8)  Memory Usage: 3398kB
        ->  Hash Join  (cost=92883.59..907813.93 rows=413846 width=8) (actual time=2039.549..14317.279 rows=979033 loops=1)
              Hash Cond: (ci.movie_id = t.id)
              ->  Seq Scan on cast_info ci  (cost=0.00..796071.18 rows=679141 width=4) (actual time=331.898..11255.073 rows=1525503 loops=1)
                    Filter: ((person_id > 3760831) AND (role_id > 2))
                    Rows Removed by Filter: 34718841
              ->  Hash  (cost=67604.59..67604.59 rows=1540800 width=4) (actual time=1706.516..1706.516 rows=1543264 loops=1)
                    Buckets: 131072  Batches: 32  Memory Usage: 2722kB
                    ->  Seq Scan on title t  (cost=0.00..67604.59 rows=1540800 width=4) (actual time=41.457..1206.234 rows=1543264 loops=1)
                          Filter: (kind_id = 7)
                          Rows Removed by Filter: 985048
Planning time: 1.227 ms
Execution time: 16131.219 ms
