Seq Scan on movie_keyword mk  (cost=0.00..81003.12 rows=4482576 width=0) (actual time=0.015..638.893 rows=4485645 loops=1)
  Filter: (keyword_id < 105571)
  Rows Removed by Filter: 38285
Planning time: 0.209 ms
Execution time: 933.700 ms
