Seq Scan on cast_info ci  (cost=0.00..796071.18 rows=12038073 width=0) (actual time=1638.781..6570.018 rows=11309700 loops=1)
  Filter: ((person_id > 186641) AND (role_id = 1))
  Rows Removed by Filter: 24934644
Planning time: 0.285 ms
Execution time: 7309.122 ms
