Seq Scan on movie_companies mc  (cost=0.00..51404.11 rows=838341 width=0) (actual time=0.015..334.976 rows=847898 loops=1)
  Filter: (company_id > 25457)
  Rows Removed by Filter: 1761231
Planning time: 0.232 ms
Execution time: 385.754 ms
