Hash Join  (cost=571305.20..1752334.70 rows=5463781 width=0) (actual time=5754.078..19323.862 rows=8058109 loops=1)
  Hash Cond: (ci.movie_id = t.id)
  ->  Seq Scan on cast_info ci  (cost=0.00..705507.15 rows=23499554 width=4) (actual time=0.007..6667.385 rows=23573656 loops=1)
        Filter: (role_id > 1)
        Rows Removed by Filter: 12670688
  ->  Hash  (cost=561659.49..561659.49 rows=587897 width=8) (actual time=5752.136..5752.136 rows=833290 loops=1)
        Buckets: 131072 (originally 131072)  Batches: 16 (originally 8)  Memory Usage: 3073kB
        ->  Hash Join  (cost=75580.59..561659.49 rows=587897 width=8) (actual time=466.511..5600.851 rows=833290 loops=1)
              Hash Cond: (mi.movie_id = t.id)
              ->  Seq Scan on movie_info mi  (cost=0.00..309384.22 rows=14739122 width=4) (actual time=0.012..2158.153 rows=14835720 loops=1)
              ->  Hash  (cost=73925.90..73925.90 rows=100855 width=4) (actual time=465.892..465.892 rows=111586 loops=1)
                    Buckets: 131072  Batches: 2  Memory Usage: 2988kB
                    ->  Seq Scan on title t  (cost=0.00..73925.90 rows=100855 width=4) (actual time=0.014..444.359 rows=111586 loops=1)
                          Filter: ((production_year < 2012) AND (kind_id = 4))
                          Rows Removed by Filter: 2416726
Planning time: 0.732 ms
Execution time: 19838.951 ms
