Hash Join  (cost=166582.03..306824.18 rows=1497111 width=0) (actual time=1637.869..3397.610 rows=1840815 loops=1)
  Hash Cond: (mk.movie_id = t.id)
  ->  Seq Scan on movie_keyword mk  (cost=0.00..69693.30 rows=4523930 width=4) (actual time=0.012..557.482 rows=4523930 loops=1)
  ->  Hash  (cost=152853.42..152853.42 rows=836769 width=8) (actual time=1634.524..1634.524 rows=525771 loops=1)
        Buckets: 131072  Batches: 16  Memory Usage: 2318kB
        ->  Hash Join  (cost=99079.21..152853.42 rows=836769 width=8) (actual time=828.622..1547.437 rows=525771 loops=1)
              Hash Cond: (mi_idx.movie_id = t.id)
              ->  Seq Scan on movie_info_idx mi_idx  (cost=0.00..21735.35 rows=1380035 width=4) (actual time=0.022..180.240 rows=1380035 loops=1)
              ->  Hash  (cost=73925.90..73925.90 rows=1533144 width=4) (actual time=827.705..827.705 rows=1608765 loops=1)
                    Buckets: 131072  Batches: 32  Memory Usage: 2797kB
                    ->  Seq Scan on title t  (cost=0.00..73925.90 rows=1533144 width=4) (actual time=0.015..569.994 rows=1608765 loops=1)
                          Filter: ((kind_id > 3) AND (production_year > 1938))
                          Rows Removed by Filter: 919547
Planning time: 0.750 ms
Execution time: 3509.834 ms
