Seq Scan on movie_keyword mk  (cost=0.00..81003.12 rows=246 width=0) (actual time=15.203..469.776 rows=36 loops=1)
  Filter: (keyword_id = 22129)
  Rows Removed by Filter: 4523894
Planning time: 0.234 ms
Execution time: 469.852 ms
