Seq Scan on movie_companies mc  (cost=0.00..57926.93 rows=51 width=0) (actual time=1.451..308.430 rows=7 loops=1)
  Filter: ((company_id = 33781) AND (company_type_id = 1))
  Rows Removed by Filter: 2609122
Planning time: 0.342 ms
Execution time: 308.501 ms
