Hash Join  (cost=90991.69..1352799.34 rows=14491423 width=0) (actual time=1886.417..42263.845 rows=16320724 loops=1)
  Hash Cond: (ci.movie_id = t.id)
  ->  Seq Scan on cast_info ci  (cost=0.00..705507.15 rows=35227805 width=4) (actual time=0.028..17094.278 rows=35373740 loops=1)
        Filter: (person_id > 91468)
        Rows Removed by Filter: 870604
  ->  Hash  (cost=73925.90..73925.90 rows=1040143 width=4) (actual time=1885.449..1885.449 rows=1134228 loops=1)
        Buckets: 131072  Batches: 16  Memory Usage: 3525kB
        ->  Seq Scan on title t  (cost=0.00..73925.90 rows=1040143 width=4) (actual time=0.028..1536.595 rows=1134228 loops=1)
              Filter: ((production_year > 1992) AND (kind_id = 7))
              Rows Removed by Filter: 1394084
Planning time: 0.838 ms
Execution time: 44167.388 ms
