Seq Scan on movie_keyword mk  (cost=0.00..81003.12 rows=2300298 width=0) (actual time=0.026..573.536 rows=2303456 loops=1)
  Filter: (keyword_id > 4528)
  Rows Removed by Filter: 2220474
Planning time: 0.941 ms
Execution time: 724.671 ms
