Seq Scan on movie_keyword mk  (cost=0.00..81003.12 rows=4212142 width=0) (actual time=0.023..605.673 rows=4214442 loops=1)
  Filter: (keyword_id < 52738)
  Rows Removed by Filter: 309488
Planning time: 0.187 ms
Execution time: 865.312 ms
