Nested Loop  (cost=0.43..824931.46 rows=2313 width=0) (actual time=187.313..4169.952 rows=5751 loops=1)
  ->  Seq Scan on cast_info ci  (cost=0.00..796071.18 rows=3818 width=4) (actual time=187.242..4136.517 rows=5752 loops=1)
        Filter: ((person_id = 1737040) AND (role_id = 1))
        Rows Removed by Filter: 36238592
  ->  Index Scan using title_pkey on title t  (cost=0.43..7.55 rows=1 width=4) (actual time=0.005..0.005 rows=1 loops=5752)
        Index Cond: (id = ci.movie_id)
        Filter: (production_year > 1997)
        Rows Removed by Filter: 0
Planning time: 0.497 ms
Execution time: 4171.031 ms
