Hash Join  (cost=108760.78..195993.77 rows=57495 width=0) (actual time=807.930..1626.778 rows=282837 loops=1)
  Hash Cond: (mk.movie_id = t.id)
  ->  Seq Scan on movie_keyword mk  (cost=0.00..69693.30 rows=4523930 width=4) (actual time=0.013..358.819 rows=4523930 loops=1)
  ->  Hash  (cost=108359.09..108359.09 rows=32135 width=8) (actual time=807.741..807.741 rows=34995 loops=1)
        Buckets: 65536 (originally 32768)  Batches: 1 (originally 1)  Memory Usage: 1879kB
        ->  Hash Join  (cost=76796.18..108359.09 rows=32135 width=8) (actual time=523.349..799.494 rows=34995 loops=1)
              Hash Cond: (mi_idx.movie_id = t.id)
              ->  Seq Scan on movie_info_idx mi_idx  (cost=0.00..25185.44 rows=464566 width=4) (actual time=0.018..213.325 rows=459925 loops=1)
                    Filter: (info_type_id = 101)
                    Rows Removed by Filter: 920110
              ->  Hash  (cost=73925.90..73925.90 rows=174902 width=4) (actual time=456.094..456.094 rows=160286 loops=1)
                    Buckets: 131072  Batches: 4  Memory Usage: 2435kB
                    ->  Seq Scan on title t  (cost=0.00..73925.90 rows=174902 width=4) (actual time=118.568..426.972 rows=160286 loops=1)
                          Filter: ((production_year > 2008) AND (kind_id = 1))
                          Rows Removed by Filter: 2368026
Planning time: 0.687 ms
Execution time: 1644.798 ms
