Seq Scan on movie_keyword mk  (cost=0.00..81003.12 rows=474830 width=0) (actual time=0.017..495.675 rows=470893 loops=1)
  Filter: (keyword_id > 37777)
  Rows Removed by Filter: 4053037
Planning time: 0.191 ms
Execution time: 525.780 ms
