Hash Join  (cost=88195.18..200019.93 rows=628709 width=0) (actual time=593.327..1948.603 rows=1539704 loops=1)
  Hash Cond: (mk.movie_id = t.id)
  ->  Seq Scan on movie_keyword mk  (cost=0.00..81003.12 rows=1827876 width=4) (actual time=0.022..610.491 rows=1834582 loops=1)
        Filter: (keyword_id < 3028)
        Rows Removed by Filter: 2689348
  ->  Hash  (cost=73925.90..73925.90 rows=869702 width=4) (actual time=592.493..592.493 rows=896788 loops=1)
        Buckets: 131072  Batches: 16  Memory Usage: 3007kB
        ->  Seq Scan on title t  (cost=0.00..73925.90 rows=869702 width=4) (actual time=0.015..452.376 rows=896788 loops=1)
              Filter: ((kind_id < 7) AND (production_year < 2012))
              Rows Removed by Filter: 1631524
Planning time: 0.480 ms
Execution time: 2044.257 ms
