Hash Join  (cost=58358.47..149387.97 rows=6 width=0) (actual time=404.090..1140.229 rows=1276 loops=1)
  Hash Cond: (mk.movie_id = t.id)
  ->  Seq Scan on movie_keyword mk  (cost=0.00..81003.12 rows=2673685 width=4) (actual time=0.053..605.856 rows=2662707 loops=1)
        Filter: (keyword_id > 3118)
        Rows Removed by Filter: 1861223
  ->  Hash  (cost=58358.39..58358.39 rows=6 width=8) (actual time=349.792..349.792 rows=25 loops=1)
        Buckets: 1024  Batches: 1  Memory Usage: 9kB
        ->  Nested Loop  (cost=0.43..58358.39 rows=6 width=8) (actual time=213.572..349.772 rows=25 loops=1)
              ->  Seq Scan on movie_companies mc  (cost=0.00..57926.93 rows=51 width=4) (actual time=207.885..345.438 rows=320 loops=1)
                    Filter: ((company_type_id < 2) AND (company_id = 11775))
                    Rows Removed by Filter: 2608809
              ->  Index Scan using title_pkey on title t  (cost=0.43..8.45 rows=1 width=4) (actual time=0.013..0.013 rows=0 loops=320)
                    Index Cond: (id = mc.movie_id)
                    Filter: (production_year < 1966)
                    Rows Removed by Filter: 1
Planning time: 0.756 ms
Execution time: 1140.407 ms
