Hash Join  (cost=845008.27..1455807.90 rows=2503139 width=0) (actual time=8616.556..13088.924 rows=1055882 loops=1)
  Hash Cond: (mi.movie_id = t.id)
  ->  Seq Scan on movie_info mi  (cost=0.00..346232.03 rows=8508011 width=4) (actual time=121.693..2499.945 rows=8612226 loops=1)
        Filter: (info_type_id < 9)
        Rows Removed by Filter: 6223494
  ->  Hash  (cost=832803.30..832803.30 rows=743917 width=8) (actual time=8492.747..8492.747 rows=700082 loops=1)
        Buckets: 131072  Batches: 16  Memory Usage: 2764kB
        ->  Hash Join  (cost=74574.97..832803.30 rows=743917 width=8) (actual time=447.517..8359.105 rows=700082 loops=1)
              Hash Cond: (ci.movie_id = t.id)
              ->  Seq Scan on cast_info ci  (cost=0.00..614943.12 rows=36225612 width=4) (actual time=0.019..3005.634 rows=36244344 loops=1)
              ->  Hash  (cost=73925.90..73925.90 rows=51925 width=4) (actual time=447.114..447.114 rows=56480 loops=1)
                    Buckets: 65536  Batches: 1  Memory Usage: 2498kB
                    ->  Seq Scan on title t  (cost=0.00..73925.90 rows=51925 width=4) (actual time=0.022..434.774 rows=56480 loops=1)
                          Filter: ((kind_id = 7) AND (production_year = 2004))
                          Rows Removed by Filter: 2471832
Planning time: 0.691 ms
Execution time: 13149.992 ms
