Seq Scan on cast_info ci  (cost=0.00..705507.15 rows=5496351 width=0) (actual time=0.011..3946.804 rows=5567200 loops=1)
  Filter: (person_id > 3095782)
  Rows Removed by Filter: 30677144
Planning time: 0.192 ms
Execution time: 4265.317 ms
