Seq Scan on title t  (cost=0.00..73925.90 rows=2757 width=0) (actual time=132.470..361.790 rows=4737 loops=1)
  Filter: ((kind_id = 4) AND (production_year = 2002))
  Rows Removed by Filter: 2523575
Planning time: 0.262 ms
Execution time: 362.540 ms
