Seq Scan on movie_keyword mk  (cost=0.00..81003.12 rows=246 width=0) (actual time=0.309..432.165 rows=1130 loops=1)
  Filter: (keyword_id = 4543)
  Rows Removed by Filter: 4522800
Planning time: 0.234 ms
Execution time: 432.426 ms
