Hash Join  (cost=195150.22..940515.79 rows=165270 width=0) (actual time=1465.917..7227.659 rows=273861 loops=1)
  Hash Cond: (ci.movie_id = t.id)
  ->  Seq Scan on cast_info ci  (cost=0.00..705507.15 rows=10188191 width=4) (actual time=0.012..4397.195 rows=10214928 loops=1)
        Filter: (person_id > 2693073)
        Rows Removed by Filter: 26029416
  ->  Hash  (cost=194637.51..194637.51 rows=41017 width=8) (actual time=1465.603..1465.603 rows=41840 loops=1)
        Buckets: 65536  Batches: 1  Memory Usage: 2147kB
        ->  Hash Join  (cost=102767.86..194637.51 rows=41017 width=8) (actual time=775.187..1456.549 rows=41840 loops=1)
              Hash Cond: (mk.movie_id = t.id)
              ->  Seq Scan on movie_keyword mk  (cost=0.00..81003.12 rows=41017 width=4) (actual time=0.026..476.642 rows=41840 loops=1)
                    Filter: (keyword_id = 117)
                    Rows Removed by Filter: 4482090
              ->  Hash  (cost=61283.27..61283.27 rows=2528527 width=4) (actual time=773.557..773.557 rows=2528312 loops=1)
                    Buckets: 131072  Batches: 64  Memory Usage: 2425kB
                    ->  Seq Scan on title t  (cost=0.00..61283.27 rows=2528527 width=4) (actual time=0.012..381.391 rows=2528312 loops=1)
Planning time: 0.780 ms
Execution time: 7250.472 ms
