Seq Scan on movie_keyword mk  (cost=0.00..81003.12 rows=246 width=0) (actual time=4.759..432.145 rows=245 loops=1)
  Filter: (keyword_id = 480)
  Rows Removed by Filter: 4523685
Planning time: 0.228 ms
Execution time: 432.261 ms
