Seq Scan on movie_companies mc  (cost=0.00..57926.93 rows=553642 width=0) (actual time=0.025..357.273 rows=850661 loops=1)
  Filter: ((company_id > 14069) AND (company_type_id = 2))
  Rows Removed by Filter: 1758468
Planning time: 0.204 ms
Execution time: 408.672 ms
