Hash Join  (cost=98137.04..454957.33 rows=121015 width=0) (actual time=5366.610..7455.699 rows=941 loops=1)
  Hash Cond: (mi.movie_id = t.id)
  ->  Seq Scan on movie_info mi  (cost=0.00..346232.03 rows=164423 width=4) (actual time=3282.816..5161.645 rows=197754 loops=1)
        Filter: (info_type_id > 106)
        Rows Removed by Filter: 14637966
  ->  Hash  (cost=67604.59..67604.59 rows=1860996 width=4) (actual time=1973.649..1973.649 rows=1865487 loops=1)
        Buckets: 131072  Batches: 32  Memory Usage: 3085kB
        ->  Seq Scan on title t  (cost=0.00..67604.59 rows=1860996 width=4) (actual time=0.034..1338.054 rows=1865487 loops=1)
              Filter: (kind_id > 1)
              Rows Removed by Filter: 662825
Planning time: 0.750 ms
Execution time: 7455.911 ms
