Seq Scan on movie_companies mc  (cost=0.00..57926.93 rows=51 width=0) (actual time=51.339..791.360 rows=776 loops=1)
  Filter: ((company_type_id < 2) AND (company_id = 16))
  Rows Removed by Filter: 2608353
Planning time: 0.403 ms
Execution time: 791.638 ms
