Hash Join  (cost=67697.55..94648.62 rows=4059 width=0) (actual time=352.929..585.776 rows=7441 loops=1)
  Hash Cond: (mi_idx.movie_id = t.id)
  ->  Seq Scan on movie_info_idx mi_idx  (cost=0.00..21735.35 rows=1380035 width=4) (actual time=0.012..105.586 rows=1380035 loops=1)
  ->  Hash  (cost=67604.59..67604.59 rows=7437 width=4) (actual time=351.374..351.374 rows=10308 loops=1)
        Buckets: 16384 (originally 8192)  Batches: 1 (originally 1)  Memory Usage: 491kB
        ->  Seq Scan on title t  (cost=0.00..67604.59 rows=7437 width=4) (actual time=0.084..348.821 rows=10308 loops=1)
              Filter: (production_year = 1962)
              Rows Removed by Filter: 2518004
Planning time: 0.414 ms
Execution time: 586.496 ms
