Nested Loop  (cost=0.43..83072.29 rows=64 width=0) (actual time=7.105..513.243 rows=336 loops=1)
  ->  Seq Scan on movie_keyword mk  (cost=0.00..81003.12 rows=246 width=4) (actual time=0.486..482.075 rows=4196 loops=1)
        Filter: (keyword_id = 1578)
        Rows Removed by Filter: 4519734
  ->  Index Scan using title_pkey on title t  (cost=0.43..8.40 rows=1 width=4) (actual time=0.007..0.007 rows=0 loops=4196)
        Index Cond: (id = mk.movie_id)
        Filter: (production_year > 2008)
        Rows Removed by Filter: 1
Planning time: 0.436 ms
Execution time: 513.374 ms
