Seq Scan on movie_keyword mk  (cost=0.00..81003.12 rows=246 width=0) (actual time=0.037..1387.283 rows=966 loops=1)
  Filter: (keyword_id = 6122)
  Rows Removed by Filter: 4522964
Planning time: 0.378 ms
Execution time: 1387.714 ms
