Hash Join  (cost=921936.93..1574527.18 rows=10501934 width=0) (actual time=7601.613..18480.246 rows=42264115 loops=1)
  Hash Cond: (mi.movie_id = t.id)
  ->  Seq Scan on movie_info mi  (cost=0.00..346232.03 rows=13782062 width=4) (actual time=0.014..2636.724 rows=13822547 loops=1)
        Filter: (info_type_id < 87)
        Rows Removed by Filter: 1013173
  ->  Hash  (cost=890325.70..890325.70 rows=1926738 width=8) (actual time=7600.935..7600.935 rows=1840956 loops=1)
        Buckets: 131072  Batches: 32  Memory Usage: 3332kB
        ->  Hash Join  (cost=78556.72..890325.70 rows=1926738 width=8) (actual time=487.209..7308.767 rows=1840956 loops=1)
              Hash Cond: (ci.movie_id = t.id)
              ->  Seq Scan on cast_info ci  (cost=0.00..705507.15 rows=7298253 width=4) (actual time=0.051..4848.236 rows=7451973 loops=1)
                    Filter: (role_id = 2)
                    Rows Removed by Filter: 28792371
              ->  Hash  (cost=67604.59..67604.59 rows=667531 width=4) (actual time=486.031..486.031 rows=662825 loops=1)
                    Buckets: 131072  Batches: 16  Memory Usage: 2476kB
                    ->  Seq Scan on title t  (cost=0.00..67604.59 rows=667531 width=4) (actual time=11.508..391.232 rows=662825 loops=1)
                          Filter: (kind_id < 2)
                          Rows Removed by Filter: 1865487
Planning time: 0.647 ms
Execution time: 20813.906 ms
