Seq Scan on cast_info ci  (cost=0.00..705507.15 rows=500 width=0) (actual time=2536.569..3717.287 rows=122 loops=1)
  Filter: (person_id = 3959442)
  Rows Removed by Filter: 36244222
Planning time: 0.213 ms
Execution time: 3717.338 ms
