Hash Join  (cost=111621.41..1160049.08 rows=1423544 width=0) (actual time=2108.121..26555.891 rows=2299742 loops=1)
  Hash Cond: (ci.movie_id = t.id)
  ->  Seq Scan on cast_info ci  (cost=0.00..614943.12 rows=36225612 width=4) (actual time=0.028..11699.555 rows=36244344 loops=1)
  ->  Hash  (cost=109990.37..109990.37 rows=99363 width=8) (actual time=2106.905..2106.905 rows=94612 loops=1)
        Buckets: 131072  Batches: 2  Memory Usage: 2864kB
        ->  Hash Join  (cost=70592.26..109990.37 rows=99363 width=8) (actual time=1003.746..2074.773 rows=94612 loops=1)
              Hash Cond: (mi_idx.movie_id = t.id)
              ->  Seq Scan on movie_info_idx mi_idx  (cost=0.00..21735.35 rows=1380035 width=4) (actual time=0.012..471.033 rows=1380035 loops=1)
              ->  Hash  (cost=67604.59..67604.59 rows=182054 width=4) (actual time=998.209..998.209 rows=180956 loops=1)
                    Buckets: 131072  Batches: 4  Memory Usage: 2612kB
                    ->  Seq Scan on title t  (cost=0.00..67604.59 rows=182054 width=4) (actual time=0.044..934.366 rows=180956 loops=1)
                          Filter: (production_year < 1953)
                          Rows Removed by Filter: 2347356
Planning time: 5.016 ms
Execution time: 26822.055 ms
