Hash Join  (cost=83074.74..139466.19 rows=129 width=0) (actual time=1163.524..2190.996 rows=3914 loops=1)
  Hash Cond: (mc.movie_id = t.id)
  ->  Seq Scan on movie_companies mc  (cost=0.00..51404.11 rows=1329612 width=4) (actual time=0.322..823.942 rows=1334883 loops=1)
        Filter: (company_type_id = 2)
        Rows Removed by Filter: 1274246
  ->  Hash  (cost=83071.67..83071.67 rows=246 width=8) (actual time=1161.080..1161.080 rows=2039 loops=1)
        Buckets: 2048 (originally 1024)  Batches: 1 (originally 1)  Memory Usage: 96kB
        ->  Nested Loop  (cost=0.43..83071.67 rows=246 width=8) (actual time=2.256..1159.712 rows=2039 loops=1)
              ->  Seq Scan on movie_keyword mk  (cost=0.00..81003.12 rows=246 width=4) (actual time=0.491..1101.076 rows=2039 loops=1)
                    Filter: (keyword_id = 2484)
                    Rows Removed by Filter: 4521891
              ->  Index Only Scan using title_pkey on title t  (cost=0.43..8.40 rows=1 width=4) (actual time=0.027..0.028 rows=1 loops=2039)
                    Index Cond: (id = mk.movie_id)
                    Heap Fetches: 2039
Planning time: 1.228 ms
Execution time: 2191.740 ms
