Hash Join  (cost=69181.64..193278.77 rows=171909 width=0) (actual time=1068.983..3703.730 rows=54915 loops=1)
  Hash Cond: (mk.movie_id = t.id)
  ->  Seq Scan on movie_keyword mk  (cost=0.00..69693.30 rows=4523930 width=4) (actual time=0.013..1316.754 rows=4523930 loops=1)
  ->  Hash  (cost=67604.59..67604.59 rows=96084 width=4) (actual time=1067.223..1067.223 rows=95965 loops=1)
        Buckets: 131072  Batches: 2  Memory Usage: 2714kB
        ->  Seq Scan on title t  (cost=0.00..67604.59 rows=96084 width=4) (actual time=0.015..1032.481 rows=95965 loops=1)
              Filter: (production_year < 1923)
              Rows Removed by Filter: 2432347
Planning time: 0.823 ms
Execution time: 3711.537 ms
