Seq Scan on cast_info ci  (cost=0.00..796071.18 rows=1700480 width=0) (actual time=11378.249..14331.492 rows=1674599 loops=1)
  Filter: ((person_id > 68244) AND (role_id = 8))
  Rows Removed by Filter: 34569745
Planning time: 0.391 ms
Execution time: 14550.064 ms
