Nested Loop  (cost=0.43..83072.29 rows=6 width=0) (actual time=7.350..1181.572 rows=57 loops=1)
  ->  Seq Scan on movie_keyword mk  (cost=0.00..81003.12 rows=246 width=4) (actual time=0.276..1127.473 rows=1628 loops=1)
        Filter: (keyword_id = 211)
        Rows Removed by Filter: 4522302
  ->  Index Scan using title_pkey on title t  (cost=0.43..8.40 rows=1 width=4) (actual time=0.032..0.032 rows=0 loops=1628)
        Index Cond: (id = mk.movie_id)
        Filter: (production_year = 2001)
        Rows Removed by Filter: 1
Planning time: 0.816 ms
Execution time: 1181.741 ms
