Hash Join  (cost=74223.04..130885.32 rows=12860 width=0) (actual time=1146.746..2349.287 rows=20265 loops=1)
  Hash Cond: (mc.movie_id = t.id)
  ->  Seq Scan on movie_companies mc  (cost=0.00..51404.11 rows=1367883 width=4) (actual time=0.018..904.506 rows=1353394 loops=1)
        Filter: (company_id < 11623)
        Rows Removed by Filter: 1255735
  ->  Hash  (cost=73925.90..73925.90 rows=23771 width=4) (actual time=1146.288..1146.288 rows=20633 loops=1)
        Buckets: 32768  Batches: 1  Memory Usage: 982kB
        ->  Seq Scan on title t  (cost=0.00..73925.90 rows=23771 width=4) (actual time=0.037..1137.705 rows=20633 loops=1)
              Filter: ((kind_id < 7) AND (production_year = 2002))
              Rows Removed by Filter: 2507679
Planning time: 0.813 ms
Execution time: 2352.746 ms
