Hash Join  (cost=161311.76..545830.40 rows=143882 width=0) (actual time=2502.382..11130.692 rows=5583331 loops=1)
  Hash Cond: (mi.movie_id = t.id)
  ->  Seq Scan on movie_info mi  (cost=0.00..309384.22 rows=14739122 width=4) (actual time=0.017..3890.866 rows=14835720 loops=1)
  ->  Hash  (cost=161003.22..161003.22 rows=24683 width=8) (actual time=2502.150..2502.150 rows=58383 loops=1)
        Buckets: 65536 (originally 32768)  Batches: 1 (originally 1)  Memory Usage: 2793kB
        ->  Hash Join  (cost=74098.35..161003.22 rows=24683 width=8) (actual time=924.439..2477.485 rows=58383 loops=1)
              Hash Cond: (mk.movie_id = t.id)
              ->  Seq Scan on movie_keyword mk  (cost=0.00..69693.30 rows=4523930 width=4) (actual time=0.013..757.992 rows=4523930 loops=1)
              ->  Hash  (cost=73925.90..73925.90 rows=13796 width=4) (actual time=924.179..924.179 rows=8100 loops=1)
                    Buckets: 16384  Batches: 1  Memory Usage: 413kB
                    ->  Seq Scan on title t  (cost=0.00..73925.90 rows=13796 width=4) (actual time=494.103..920.817 rows=8100 loops=1)
                          Filter: ((kind_id = 1) AND (production_year = 2000))
                          Rows Removed by Filter: 2520212
Planning time: 1.225 ms
Execution time: 11845.473 ms
