Hash Join  (cost=83810.17..1082735.16 rows=7312160 width=0) (actual time=1335.687..26619.012 rows=7893873 loops=1)
  Hash Cond: (ci.movie_id = t.id)
  ->  Seq Scan on cast_info ci  (cost=0.00..705507.15 rows=18718729 width=4) (actual time=1.965..13472.474 rows=18616767 loops=1)
        Filter: (person_id < 1853231)
        Rows Removed by Filter: 17627577
  ->  Hash  (cost=67604.59..67604.59 rows=987727 width=4) (actual time=1322.082..1322.082 rows=985048 loops=1)
        Buckets: 131072  Batches: 16  Memory Usage: 3188kB
        ->  Seq Scan on title t  (cost=0.00..67604.59 rows=987727 width=4) (actual time=0.012..1019.311 rows=985048 loops=1)
              Filter: (kind_id < 7)
              Rows Removed by Filter: 1543264
Planning time: 0.843 ms
Execution time: 27523.472 ms
