Hash Join  (cost=127687.70..491670.54 rows=175935 width=0) (actual time=4661.124..8595.327 rows=399766 loops=1)
  Hash Cond: (mi.movie_id = t.id)
  ->  Seq Scan on movie_info mi  (cost=0.00..346232.03 rows=1264125 width=4) (actual time=1970.882..5170.918 rows=1288928 loops=1)
        Filter: (info_type_id = 2)
        Rows Removed by Filter: 13546792
  ->  Hash  (cost=121913.83..121913.83 rows=351909 width=8) (actual time=2689.072..2689.072 rows=420084 loops=1)
        Buckets: 131072  Batches: 8  Memory Usage: 3092kB
        ->  Hash Join  (cost=78183.26..121913.83 rows=351909 width=8) (actual time=1374.587..2569.114 rows=420084 loops=1)
              Hash Cond: (mi_idx.movie_id = t.id)
              ->  Seq Scan on movie_info_idx mi_idx  (cost=0.00..21735.35 rows=1380035 width=4) (actual time=0.023..401.819 rows=1380035 loops=1)
              ->  Hash  (cost=67604.59..67604.59 rows=644774 width=4) (actual time=1373.813..1373.813 rows=642973 loops=1)
                    Buckets: 131072  Batches: 16  Memory Usage: 2432kB
                    ->  Seq Scan on title t  (cost=0.00..67604.59 rows=644774 width=4) (actual time=0.028..1155.594 rows=642973 loops=1)
                          Filter: (production_year < 1988)
                          Rows Removed by Filter: 1885339
Planning time: 1.294 ms
Execution time: 8643.949 ms
