Hash Join  (cost=229738.31..1301209.09 rows=8471959 width=0) (actual time=5190.840..36202.142 rows=26299701 loops=1)
  Hash Cond: (ci.movie_id = t.id)
  ->  Seq Scan on cast_info ci  (cost=0.00..705507.15 rows=24022411 width=4) (actual time=0.014..13967.776 rows=24130698 loops=1)
        Filter: (role_id < 4)
        Rows Removed by Filter: 12113646
  ->  Hash  (cost=215107.64..215107.64 rows=891733 width=8) (actual time=5189.746..5189.746 rows=897658 loops=1)
        Buckets: 131072  Batches: 16  Memory Usage: 3259kB
        ->  Hash Join  (cost=102767.86..215107.64 rows=891733 width=8) (actual time=2514.575..4937.107 rows=897658 loops=1)
              Hash Cond: (mk.movie_id = t.id)
              ->  Seq Scan on movie_keyword mk  (cost=0.00..81003.12 rows=891733 width=4) (actual time=0.011..1308.104 rows=897658 loops=1)
                    Filter: (keyword_id > 20576)
                    Rows Removed by Filter: 3626272
              ->  Hash  (cost=61283.27..61283.27 rows=2528527 width=4) (actual time=2512.769..2512.769 rows=2528312 loops=1)
                    Buckets: 131072  Batches: 64  Memory Usage: 2425kB
                    ->  Seq Scan on title t  (cost=0.00..61283.27 rows=2528527 width=4) (actual time=0.020..961.894 rows=2528312 loops=1)
Planning time: 1.199 ms
Execution time: 38889.873 ms
