Hash Join  (cost=129404.03..478747.86 rows=7518 width=0) (actual time=4628.787..6949.744 rows=41219 loops=1)
  Hash Cond: (mi.movie_id = t.id)
  ->  Seq Scan on movie_info mi  (cost=0.00..346232.03 rows=809768 width=4) (actual time=2459.928..4609.550 rows=802140 loops=1)
        Filter: (info_type_id < 2)
        Rows Removed by Filter: 14033580
  ->  Hash  (cost=129110.58..129110.58 rows=23476 width=8) (actual time=2168.417..2168.417 rows=41463 loops=1)
        Buckets: 65536 (originally 32768)  Batches: 1 (originally 1)  Memory Usage: 2132kB
        ->  Hash Join  (cost=74210.29..129110.58 rows=23476 width=8) (actual time=978.604..2152.081 rows=41463 loops=1)
              Hash Cond: (mc.movie_id = t.id)
              ->  Seq Scan on movie_companies mc  (cost=0.00..44881.29 rows=2609129 width=4) (actual time=0.021..560.354 rows=2609129 loops=1)
              ->  Hash  (cost=73925.90..73925.90 rows=22751 width=4) (actual time=978.310..978.310 rows=18892 loops=1)
                    Buckets: 32768  Batches: 1  Memory Usage: 921kB
                    ->  Seq Scan on title t  (cost=0.00..73925.90 rows=22751 width=4) (actual time=0.034..969.817 rows=18892 loops=1)
                          Filter: ((kind_id < 7) AND (production_year = 2001))
                          Rows Removed by Filter: 2509420
Planning time: 1.262 ms
Execution time: 6955.556 ms
