Seq Scan on cast_info ci  (cost=0.00..796071.18 rows=163383 width=0) (actual time=0.022..10377.724 rows=785033 loops=1)
  Filter: ((person_id > 3911188) AND (role_id > 6))
  Rows Removed by Filter: 35459311
Planning time: 0.351 ms
Execution time: 10474.267 ms
