Seq Scan on movie_companies mc  (cost=0.00..57926.93 rows=53 width=0) (actual time=100.082..926.560 rows=147 loops=1)
  Filter: ((company_type_id > 1) AND (company_id = 18868))
  Rows Removed by Filter: 2608982
Planning time: 0.275 ms
Execution time: 926.684 ms
