Hash Join  (cost=101224.08..271421.41 rows=2805948 width=0) (actual time=1816.467..5996.343 rows=1542298 loops=1)
  Hash Cond: (mk.movie_id = t.id)
  ->  Seq Scan on movie_keyword mk  (cost=0.00..81003.12 rows=4264146 width=4) (actual time=0.015..1680.330 rows=4265665 loops=1)
        Filter: (keyword_id < 59537)
        Rows Removed by Filter: 258265
  ->  Hash  (cost=73925.90..73925.90 rows=1663854 width=4) (actual time=1814.119..1814.119 rows=1774110 loops=1)
        Buckets: 131072  Batches: 32  Memory Usage: 2984kB
        ->  Seq Scan on title t  (cost=0.00..73925.90 rows=1663854 width=4) (actual time=0.010..1235.225 rows=1774110 loops=1)
              Filter: ((kind_id > 1) AND (production_year > 1955))
              Rows Removed by Filter: 754202
Planning time: 0.851 ms
Execution time: 6164.995 ms
