Seq Scan on cast_info ci  (cost=0.00..796071.18 rows=176 width=0) (actual time=8181.094..12646.629 rows=10 loops=1)
  Filter: ((role_id < 2) AND (person_id = 545447))
  Rows Removed by Filter: 36244334
Planning time: 0.377 ms
Execution time: 12646.750 ms
