Hash Join  (cost=88220.42..1158701.69 rows=8301089 width=0) (actual time=1282.965..31284.727 rows=8526773 loops=1)
  Hash Cond: (ci.movie_id = t.id)
  ->  Seq Scan on cast_info ci  (cost=0.00..705507.15 rows=24091530 width=4) (actual time=0.019..14456.001 rows=24200057 loops=1)
        Filter: (person_id > 1186517)
        Rows Removed by Filter: 12044287
  ->  Hash  (cost=73925.90..73925.90 rows=871241 width=4) (actual time=1282.080..1282.080 rows=786640 loops=1)
        Buckets: 131072  Batches: 16  Memory Usage: 2754kB
        ->  Seq Scan on title t  (cost=0.00..73925.90 rows=871241 width=4) (actual time=0.014..1037.700 rows=786640 loops=1)
              Filter: ((kind_id < 7) AND (production_year > 1958))
              Rows Removed by Filter: 1741672
Planning time: 1.025 ms
Execution time: 32248.083 ms
