Hash Join  (cost=72956.84..177134.46 rows=219799 width=0) (actual time=1062.141..3173.559 rows=319200 loops=1)
  Hash Cond: (mk.movie_id = t.id)
  ->  Seq Scan on movie_keyword mk  (cost=0.00..81003.12 rows=1703868 width=4) (actual time=0.010..1374.307 rows=1712361 loops=1)
        Filter: (keyword_id > 8351)
        Rows Removed by Filter: 2811569
  ->  Hash  (cost=67604.59..67604.59 rows=326180 width=4) (actual time=1061.051..1061.051 rows=323245 loops=1)
        Buckets: 131072  Batches: 8  Memory Usage: 2443kB
        ->  Seq Scan on title t  (cost=0.00..67604.59 rows=326180 width=4) (actual time=0.010..951.637 rows=323245 loops=1)
              Filter: (production_year < 1967)
              Rows Removed by Filter: 2205067
Planning time: 0.528 ms
Execution time: 3203.199 ms
