Seq Scan on cast_info ci  (cost=0.00..796071.18 rows=4941666 width=0) (actual time=0.011..11310.359 rows=5351049 loops=1)
  Filter: ((person_id < 540184) AND (role_id < 10))
  Rows Removed by Filter: 30893295
Planning time: 0.337 ms
Execution time: 12002.401 ms
