Hash Join  (cost=73962.22..134179.30 rows=699 width=0) (actual time=1533.686..2120.019 rows=2301 loops=1)
  Hash Cond: (mc.movie_id = t.id)
  ->  Seq Scan on movie_companies mc  (cost=0.00..57926.93 rows=608841 width=4) (actual time=445.727..961.008 rows=360981 loops=1)
        Filter: ((company_id > 11620) AND (company_type_id = 1))
        Rows Removed by Filter: 2248148
  ->  Hash  (cost=73925.90..73925.90 rows=2905 width=4) (actual time=1087.811..1087.811 rows=6650 loops=1)
        Buckets: 8192 (originally 4096)  Batches: 1 (originally 1)  Memory Usage: 298kB
        ->  Seq Scan on title t  (cost=0.00..73925.90 rows=2905 width=4) (actual time=0.024..1084.466 rows=6650 loops=1)
              Filter: ((kind_id < 7) AND (production_year = 1981))
              Rows Removed by Filter: 2521662
Planning time: 0.879 ms
Execution time: 2120.600 ms
