Seq Scan on cast_info ci  (cost=0.00..705507.15 rows=34264629 width=0) (actual time=0.016..11738.122 rows=34244092 loops=1)
  Filter: (person_id < 3669115)
  Rows Removed by Filter: 2000252
Planning time: 0.322 ms
Execution time: 15730.846 ms
