Hash Join  (cost=131403.05..872674.74 rows=175976 width=219) (actual time=2615.490..15490.535 rows=628368 loops=1)
  Hash Cond: (mi.movie_id = t.id)
  ->  Seq Scan on movie_info mi  (cost=0.00..309384.22 rows=14739122 width=75) (actual time=0.012..6731.909 rows=14835720 loops=1)
  ->  Hash  (cost=130405.69..130405.69 rows=30189 width=144) (actual time=2608.550..2608.550 rows=39380 loops=1)
        Buckets: 32768  Batches: 2  Memory Usage: 2782kB
        ->  Hash Join  (cost=75428.32..130405.69 rows=30189 width=144) (actual time=1517.345..2579.950 rows=39380 loops=1)
              Hash Cond: (mi_idx.movie_id = t.id)
              ->  Seq Scan on movie_info_idx mi_idx  (cost=0.00..21735.35 rows=1380035 width=50) (actual time=0.014..490.606 rows=1380035 loops=1)
              ->  Hash  (cost=73925.90..73925.90 rows=55313 width=94) (actual time=1517.059..1517.059 rows=49075 loops=1)
                    Buckets: 32768  Batches: 2  Memory Usage: 2931kB
                    ->  Seq Scan on title t  (cost=0.00..73925.90 rows=55313 width=94) (actual time=0.020..1495.840 rows=49075 loops=1)
                          Filter: ((kind_id < 7) AND (production_year = 2010))
                          Rows Removed by Filter: 2479237
Planning time: 1.413 ms
Execution time: 15524.573 ms
