Seq Scan on movie_companies mc  (cost=0.00..51404.11 rows=104 width=0) (actual time=345.320..779.545 rows=2 loops=1)
  Filter: (company_id = 77417)
  Rows Removed by Filter: 2609127
Planning time: 0.363 ms
Execution time: 779.610 ms
