Hash Join  (cost=971425.22..3567769.68 rows=120326711 width=0) (actual time=27252.995..120254.726 rows=250003717 loops=1)
  Hash Cond: (ci.movie_id = t.id)
  ->  Seq Scan on cast_info ci  (cost=0.00..705507.15 rows=24022411 width=4) (actual time=652.830..16821.631 rows=24130698 loops=1)
        Filter: (role_id < 4)
        Rows Removed by Filter: 12113646
  ->  Hash  (cost=763635.85..763635.85 rows=12665229 width=8) (actual time=26598.852..26598.852 rows=12744652 loops=1)
        Buckets: 131072  Batches: 256  Memory Usage: 2954kB
        ->  Hash Join  (cost=102767.86..763635.85 rows=12665229 width=8) (actual time=2122.870..20992.921 rows=12744652 loops=1)
              Hash Cond: (mi.movie_id = t.id)
              ->  Seq Scan on movie_info mi  (cost=0.00..346232.03 rows=12665229 width=4) (actual time=0.029..7220.121 rows=12744652 loops=1)
                    Filter: (info_type_id > 2)
                    Rows Removed by Filter: 2091068
              ->  Hash  (cost=61283.27..61283.27 rows=2528527 width=4) (actual time=2121.723..2121.723 rows=2528312 loops=1)
                    Buckets: 131072  Batches: 64  Memory Usage: 2425kB
                    ->  Seq Scan on title t  (cost=0.00..61283.27 rows=2528527 width=4) (actual time=0.015..988.119 rows=2528312 loops=1)
Planning time: 1.246 ms
Execution time: 147600.137 ms
