Nested Loop  (cost=0.43..798787.41 rows=324 width=0) (actual time=6460.314..13438.022 rows=33 loops=1)
  ->  Seq Scan on cast_info ci  (cost=0.00..796071.18 rows=324 width=4) (actual time=6460.135..13437.209 rows=33 loops=1)
        Filter: ((role_id > 1) AND (person_id = 3413163))
        Rows Removed by Filter: 36244311
  ->  Index Only Scan using title_pkey on title t  (cost=0.43..8.37 rows=1 width=4) (actual time=0.020..0.021 rows=1 loops=33)
        Index Cond: (id = ci.movie_id)
        Heap Fetches: 33
Planning time: 0.850 ms
Execution time: 13438.119 ms
