Hash Join  (cost=73929.13..420228.44 rows=2 width=0) (actual time=4876.804..5784.881 rows=17 loops=1)
  Hash Cond: (mi.movie_id = t.id)
  ->  Seq Scan on movie_info mi  (cost=0.00..346232.03 rows=17937 width=4) (actual time=3920.094..4819.015 rows=68025 loops=1)
        Filter: (info_type_id = 94)
        Rows Removed by Filter: 14767695
  ->  Hash  (cost=73925.90..73925.90 rows=258 width=4) (actual time=954.346..954.346 rows=3378 loops=1)
        Buckets: 4096 (originally 1024)  Batches: 1 (originally 1)  Memory Usage: 151kB
        ->  Seq Scan on title t  (cost=0.00..73925.90 rows=258 width=4) (actual time=0.128..952.712 rows=3378 loops=1)
              Filter: ((kind_id < 7) AND (production_year > 2013))
              Rows Removed by Filter: 2524934
Planning time: 0.741 ms
Execution time: 5784.948 ms
