Hash Join  (cost=199346.72..336846.84 rows=1272008 width=0) (actual time=4902.666..10421.846 rows=6282038 loops=1)
  Hash Cond: (mk.movie_id = t.id)
  ->  Seq Scan on movie_keyword mk  (cost=0.00..69693.30 rows=4523930 width=4) (actual time=0.014..1314.477 rows=4523930 loops=1)
  ->  Hash  (cost=187681.80..187681.80 rows=710954 width=8) (actual time=4901.893..4901.893 rows=936462 loops=1)
        Buckets: 131072  Batches: 16  Memory Usage: 3329kB
        ->  Hash Join  (cost=102767.86..187681.80 rows=710954 width=8) (actual time=1830.467..4628.684 rows=936462 loops=1)
              Hash Cond: (mc.movie_id = t.id)
              ->  Seq Scan on movie_companies mc  (cost=0.00..57926.93 rows=710954 width=4) (actual time=0.028..955.780 rows=936462 loops=1)
                    Filter: ((company_id > 10999) AND (company_type_id = 2))
                    Rows Removed by Filter: 1672667
              ->  Hash  (cost=61283.27..61283.27 rows=2528527 width=4) (actual time=1828.691..1828.691 rows=2528312 loops=1)
                    Buckets: 131072  Batches: 64  Memory Usage: 2415kB
                    ->  Seq Scan on title t  (cost=0.00..61283.27 rows=2528527 width=4) (actual time=0.015..986.731 rows=2528312 loops=1)
Planning time: 1.185 ms
Execution time: 11200.702 ms
