Hash Join  (cost=83743.23..482792.76 rows=857567 width=0) (actual time=3044.950..8714.350 rows=1747061 loops=1)
  Hash Cond: (mi.movie_id = t.id)
  ->  Seq Scan on movie_info mi  (cost=0.00..346232.03 rows=3623957 width=4) (actual time=1734.098..5022.667 rows=3624977 loops=1)
        Filter: (info_type_id < 4)
        Rows Removed by Filter: 11210743
  ->  Hash  (cost=73925.90..73925.90 rows=598346 width=4) (actual time=1309.959..1309.959 rows=507407 loops=1)
        Buckets: 131072  Batches: 8  Memory Usage: 3259kB
        ->  Seq Scan on title t  (cost=0.00..73925.90 rows=598346 width=4) (actual time=0.024..1131.712 rows=507407 loops=1)
              Filter: ((kind_id < 7) AND (production_year > 1997))
              Rows Removed by Filter: 2020905
Planning time: 0.827 ms
Execution time: 8932.965 ms
