Nested Loop  (cost=60768.92..869340.91 rows=1153 width=0) (actual time=10151.547..11003.498 rows=3293 loops=1)
  ->  Hash Join  (cost=60768.49..865042.26 rows=2872 width=8) (actual time=10151.415..10947.651 rows=3293 loops=1)
        Hash Cond: (ci.movie_id = mc.movie_id)
        ->  Seq Scan on cast_info ci  (cost=0.00..796071.18 rows=16834 width=4) (actual time=9278.784..10021.992 rows=9268 loops=1)
              Filter: ((person_id < 61945) AND (role_id = 5))
              Rows Removed by Filter: 36235076
        ->  Hash  (cost=57926.93..57926.93 rows=173164 width=4) (actual time=871.576..871.576 rows=342315 loops=1)
              Buckets: 131072  Batches: 4  Memory Usage: 4039kB
              ->  Seq Scan on movie_companies mc  (cost=0.00..57926.93 rows=173164 width=4) (actual time=333.320..766.543 rows=342315 loops=1)
                    Filter: ((company_id > 89048) AND (company_type_id = 2))
                    Rows Removed by Filter: 2266814
  ->  Index Only Scan using title_pkey on title t  (cost=0.43..1.49 rows=1 width=4) (actual time=0.016..0.016 rows=1 loops=3293)
        Index Cond: (id = mc.movie_id)
        Heap Fetches: 3293
Planning time: 1.289 ms
Execution time: 11004.338 ms
