Hash Join  (cost=116351.29..1173284.26 rows=2251576 width=0) (actual time=2230.301..29934.093 rows=4081503 loops=1)
  Hash Cond: (ci.movie_id = t.id)
  ->  Seq Scan on cast_info ci  (cost=0.00..614943.12 rows=36225612 width=4) (actual time=0.014..11639.243 rows=36244344 loops=1)
  ->  Hash  (cost=113772.80..113772.80 rows=157159 width=8) (actual time=2229.477..2229.477 rows=170346 loops=1)
        Buckets: 131072  Batches: 4  Memory Usage: 2694kB
        ->  Hash Join  (cost=74698.31..113772.80 rows=157159 width=8) (actual time=1195.953..2182.470 rows=170346 loops=1)
              Hash Cond: (mi_idx.movie_id = t.id)
              ->  Seq Scan on movie_info_idx mi_idx  (cost=0.00..25185.44 rows=919057 width=4) (actual time=0.010..483.757 rows=920110 loops=1)
                    Filter: (info_type_id > 99)
                    Rows Removed by Filter: 459925
              ->  Hash  (cost=67604.59..67604.59 rows=432378 width=4) (actual time=1195.026..1195.026 rows=423779 loops=1)
                    Buckets: 131072  Batches: 8  Memory Usage: 2885kB
                    ->  Seq Scan on title t  (cost=0.00..67604.59 rows=432378 width=4) (actual time=0.021..1059.989 rows=423779 loops=1)
                          Filter: (production_year < 1974)
                          Rows Removed by Filter: 2104533
Planning time: 1.295 ms
Execution time: 30449.028 ms
