Hash Join  (cost=244777.00..876413.64 rows=12502781 width=0) (actual time=6280.058..34299.489 rows=54568680 loops=1)
  Hash Cond: (mi.movie_id = t.id)
  ->  Seq Scan on movie_info mi  (cost=0.00..309384.22 rows=14739122 width=4) (actual time=0.011..4838.313 rows=14835720 loops=1)
  ->  Hash  (cost=209587.03..209587.03 rows=2144878 width=8) (actual time=6278.863..6278.863 rows=1908369 loops=1)
        Buckets: 131072  Batches: 32  Memory Usage: 3400kB
        ->  Hash Join  (cost=101707.31..209587.03 rows=2144878 width=8) (actual time=2705.164..5701.815 rows=1908369 loops=1)
              Hash Cond: (mc.movie_id = t.id)
              ->  Seq Scan on movie_companies mc  (cost=0.00..44881.29 rows=2609129 width=4) (actual time=0.022..742.408 rows=2609129 loops=1)
              ->  Hash  (cost=67604.59..67604.59 rows=2078618 width=4) (actual time=2703.830..2703.830 rows=2074788 loops=1)
                    Buckets: 131072  Batches: 32  Memory Usage: 3309kB
                    ->  Seq Scan on title t  (cost=0.00..67604.59 rows=2078618 width=4) (actual time=0.017..1260.072 rows=2074788 loops=1)
                          Filter: (production_year > 1970)
                          Rows Removed by Filter: 453524
Planning time: 1.171 ms
Execution time: 40632.644 ms
