Seq Scan on movie_keyword mk  (cost=0.00..81003.12 rows=246 width=0) (actual time=93.098..1179.086 rows=59 loops=1)
  Filter: (keyword_id = 25642)
  Rows Removed by Filter: 4523871
Planning time: 0.399 ms
Execution time: 1179.216 ms
