Seq Scan on movie_companies mc  (cost=0.00..57926.93 rows=132123 width=0) (actual time=162.627..889.687 rows=262377 loops=1)
  Filter: ((company_id > 98900) AND (company_type_id > 1))
  Rows Removed by Filter: 2346752
Planning time: 0.367 ms
Execution time: 930.100 ms
