Hash Join  (cost=450656.80..1533206.65 rows=4745271 width=0) (actual time=7116.353..36275.584 rows=5149641 loops=1)
  Hash Cond: (ci.movie_id = t.id)
  ->  Seq Scan on cast_info ci  (cost=0.00..614943.12 rows=36225612 width=4) (actual time=0.014..11361.281 rows=36244344 loops=1)
  ->  Hash  (cost=445222.59..445222.59 rows=331217 width=8) (actual time=7115.464..7115.464 rows=278364 loops=1)
        Buckets: 131072  Batches: 8  Memory Usage: 2376kB
        ->  Hash Join  (cost=78473.92..445222.59 rows=331217 width=8) (actual time=2457.294..7022.565 rows=278364 loops=1)
              Hash Cond: (mi.movie_id = t.id)
              ->  Seq Scan on movie_info mi  (cost=0.00..346232.03 rows=1264125 width=4) (actual time=1222.430..4959.888 rows=1288928 loops=1)
                    Filter: (info_type_id = 2)
                    Rows Removed by Filter: 13546792
              ->  Hash  (cost=67604.59..67604.59 rows=662507 width=4) (actual time=1233.971..1233.971 rows=662065 loops=1)
                    Buckets: 131072  Batches: 16  Memory Usage: 2487kB
                    ->  Seq Scan on title t  (cost=0.00..67604.59 rows=662507 width=4) (actual time=0.026..1009.169 rows=662065 loops=1)
                          Filter: (production_year > 2008)
                          Rows Removed by Filter: 1866247
Planning time: 1.254 ms
Execution time: 36840.706 ms
