Seq Scan on cast_info ci  (cost=0.00..796071.18 rows=7043306 width=0) (actual time=10657.810..15233.482 rows=7451806 loops=1)
  Filter: ((person_id > 118585) AND (role_id = 2))
  Rows Removed by Filter: 28792538
Planning time: 0.402 ms
Execution time: 16181.682 ms
