Nested Loop  (cost=44377.22..155671.48 rows=294 width=0) (actual time=971.438..2440.052 rows=1313 loops=1)
  ->  Hash Join  (cost=44376.79..133461.72 rows=37618 width=8) (actual time=963.646..2305.321 rows=25271 loops=1)
        Hash Cond: (mk.movie_id = mi_idx.movie_id)
        ->  Seq Scan on movie_keyword mk  (cost=0.00..81003.12 rows=12655 width=4) (actual time=127.788..1227.965 rows=10029 loops=1)
              Filter: (keyword_id > 125066)
              Rows Removed by Filter: 4513901
        ->  Hash  (cost=21735.35..21735.35 rows=1380035 width=4) (actual time=834.971..834.971 rows=1380035 loops=1)
              Buckets: 131072  Batches: 32  Memory Usage: 2556kB
              ->  Seq Scan on movie_info_idx mi_idx  (cost=0.00..21735.35 rows=1380035 width=4) (actual time=0.035..413.213 rows=1380035 loops=1)
  ->  Index Scan using title_pkey on title t  (cost=0.43..0.58 rows=1 width=4) (actual time=0.005..0.005 rows=0 loops=25271)
        Index Cond: (id = mi_idx.movie_id)
        Filter: (production_year = 2006)
        Rows Removed by Filter: 1
Planning time: 0.851 ms
Execution time: 2440.391 ms
