Seq Scan on movie_keyword mk  (cost=0.00..81003.12 rows=246 width=0) (actual time=1.422..1180.732 rows=754 loops=1)
  Filter: (keyword_id = 5545)
  Rows Removed by Filter: 4523176
Planning time: 0.397 ms
Execution time: 1181.101 ms
