Hash Join  (cost=130785.13..882531.18 rows=95688 width=0) (actual time=2548.155..19114.068 rows=284226 loops=1)
  Hash Cond: (ci.movie_id = t.id)
  ->  Seq Scan on cast_info ci  (cost=0.00..614943.12 rows=36225612 width=4) (actual time=0.013..7902.675 rows=36244344 loops=1)
  ->  Hash  (cost=130701.64..130701.64 rows=6679 width=8) (actual time=2547.898..2547.898 rows=12981 loops=1)
        Buckets: 16384 (originally 8192)  Batches: 1 (originally 1)  Memory Usage: 636kB
        ->  Hash Join  (cost=67764.72..130701.64 rows=6679 width=8) (actual time=1430.185..2542.691 rows=12981 loops=1)
              Hash Cond: (mc.movie_id = t.id)
              ->  Seq Scan on movie_companies mc  (cost=0.00..57926.93 rows=1318185 width=4) (actual time=0.373..1198.107 rows=1313861 loops=1)
                    Filter: ((company_id < 215460) AND (company_type_id > 1))
                    Rows Removed by Filter: 1295268
              ->  Hash  (cost=67604.59..67604.59 rows=12811 width=4) (actual time=1084.658..1084.658 rows=12600 loops=1)
                    Buckets: 16384  Batches: 1  Memory Usage: 571kB
                    ->  Seq Scan on title t  (cost=0.00..67604.59 rows=12811 width=4) (actual time=0.045..1079.773 rows=12600 loops=1)
                          Filter: (kind_id = 6)
                          Rows Removed by Filter: 2515712
Planning time: 4.586 ms
Execution time: 19158.859 ms
