Hash Join  (cost=123180.67..1183727.42 rows=2603367 width=0) (actual time=2012.935..30947.210 rows=7208308 loops=1)
  Hash Cond: (ci.movie_id = t.id)
  ->  Seq Scan on cast_info ci  (cost=0.00..614943.12 rows=36225612 width=4) (actual time=0.013..11509.201 rows=36244344 loops=1)
  ->  Hash  (cost=120199.25..120199.25 rows=181713 width=8) (actual time=2012.113..2012.113 rows=231397 loops=1)
        Buckets: 131072  Batches: 4  Memory Usage: 3278kB
        ->  Hash Join  (cost=79388.64..120199.25 rows=181713 width=8) (actual time=1195.767..1950.213 rows=231397 loops=1)
              Hash Cond: (mi_idx.movie_id = t.id)
              ->  Seq Scan on movie_info_idx mi_idx  (cost=0.00..21735.35 rows=1380035 width=4) (actual time=0.025..409.216 rows=1380035 loops=1)
              ->  Hash  (cost=73925.90..73925.90 rows=332939 width=4) (actual time=832.525..832.525 rows=255571 loops=1)
                    Buckets: 131072  Batches: 8  Memory Usage: 2147kB
                    ->  Seq Scan on title t  (cost=0.00..73925.90 rows=332939 width=4) (actual time=4.772..759.940 rows=255571 loops=1)
                          Filter: ((production_year > 2002) AND (kind_id = 1))
                          Rows Removed by Filter: 2272741
Planning time: 1.318 ms
Execution time: 31830.832 ms
