Hash Join  (cost=67697.55..128859.37 rows=2517 width=0) (actual time=1697.672..2052.496 rows=5202 loops=1)
  Hash Cond: (mc.movie_id = t.id)
  ->  Seq Scan on movie_companies mc  (cost=0.00..57926.93 rows=855924 width=4) (actual time=519.885..1012.479 rows=539697 loops=1)
        Filter: ((company_id < 19126) AND (company_type_id > 1))
        Rows Removed by Filter: 2069432
  ->  Hash  (cost=67604.59..67604.59 rows=7437 width=4) (actual time=928.325..928.325 rows=7770 loops=1)
        Buckets: 8192  Batches: 1  Memory Usage: 338kB
        ->  Seq Scan on title t  (cost=0.00..67604.59 rows=7437 width=4) (actual time=232.577..924.817 rows=7770 loops=1)
              Filter: (production_year = 1912)
              Rows Removed by Filter: 2520542
Planning time: 0.711 ms
Execution time: 2053.527 ms
