Seq Scan on cast_info ci  (cost=0.00..796071.18 rows=7662185 width=0) (actual time=0.027..11790.243 rows=4743209 loops=1)
  Filter: ((person_id < 1680542) AND (role_id > 2))
  Rows Removed by Filter: 31501135
Planning time: 0.310 ms
Execution time: 12315.238 ms
