Hash Join  (cost=81152.82..137189.76 rows=38121 width=0) (actual time=1801.878..2278.442 rows=120960 loops=1)
  Hash Cond: (mc.movie_id = t.id)
  ->  Seq Scan on movie_companies mc  (cost=0.00..51404.11 rows=218831 width=4) (actual time=579.807..835.802 rows=220341 loops=1)
        Filter: (company_id > 107879)
        Rows Removed by Filter: 2388788
  ->  Hash  (cost=73925.90..73925.90 rows=440473 width=4) (actual time=1221.250..1221.250 rows=473918 loops=1)
        Buckets: 131072  Batches: 8  Memory Usage: 3117kB
        ->  Seq Scan on title t  (cost=0.00..73925.90 rows=440473 width=4) (actual time=365.744..1070.892 rows=473918 loops=1)
              Filter: ((production_year < 2008) AND (kind_id = 1))
              Rows Removed by Filter: 2054394
Planning time: 0.735 ms
Execution time: 2292.929 ms
