Hash Join  (cost=102767.86..199154.54 rows=1458866 width=0) (actual time=2057.926..4464.477 rows=1450680 loops=1)
  Hash Cond: (mc.movie_id = t.id)
  ->  Seq Scan on movie_companies mc  (cost=0.00..51404.11 rows=1458866 width=4) (actual time=0.024..963.567 rows=1450680 loops=1)
        Filter: (company_id < 13009)
        Rows Removed by Filter: 1158449
  ->  Hash  (cost=61283.27..61283.27 rows=2528527 width=4) (actual time=2057.076..2057.076 rows=2528312 loops=1)
        Buckets: 131072  Batches: 64  Memory Usage: 2415kB
        ->  Seq Scan on title t  (cost=0.00..61283.27 rows=2528527 width=4) (actual time=0.008..1135.065 rows=2528312 loops=1)
Planning time: 0.772 ms
Execution time: 4621.203 ms
