Hash Join  (cost=150921.70..277185.64 rows=694608 width=0) (actual time=2805.032..5589.783 rows=557006 loops=1)
  Hash Cond: (mk.movie_id = t.id)
  ->  Seq Scan on movie_keyword mk  (cost=0.00..81003.12 rows=3123664 width=4) (actual time=0.019..1496.714 rows=3109235 loops=1)
        Filter: (keyword_id < 11813)
        Rows Removed by Filter: 1414695
  ->  Hash  (cost=141696.35..141696.35 rows=562268 width=8) (actual time=2792.076..2792.076 rows=294920 loops=1)
        Buckets: 131072  Batches: 8  Memory Usage: 2470kB
        ->  Hash Join  (cost=93093.72..141696.35 rows=562268 width=8) (actual time=1462.180..2700.177 rows=294920 loops=1)
              Hash Cond: (mi_idx.movie_id = t.id)
              ->  Seq Scan on movie_info_idx mi_idx  (cost=0.00..25185.44 rows=915101 width=4) (actual time=0.027..481.879 rows=919850 loops=1)
                    Filter: (info_type_id < 101)
                    Rows Removed by Filter: 460185
              ->  Hash  (cost=67604.59..67604.59 rows=1553611 width=4) (actual time=1456.817..1456.817 rows=1555864 loops=1)
                    Buckets: 131072  Batches: 32  Memory Usage: 2734kB
                    ->  Seq Scan on title t  (cost=0.00..67604.59 rows=1553611 width=4) (actual time=0.023..993.368 rows=1555864 loops=1)
                          Filter: (kind_id > 4)
                          Rows Removed by Filter: 972448
Planning time: 1.117 ms
Execution time: 5645.496 ms
