Hash Join  (cost=102767.86..190343.63 rows=821590 width=0) (actual time=2030.514..4112.807 rows=1128462 loops=1)
  Hash Cond: (mc.movie_id = t.id)
  ->  Seq Scan on movie_companies mc  (cost=0.00..57926.93 rows=821590 width=4) (actual time=292.917..1150.453 rows=1128462 loops=1)
        Filter: ((company_id < 18933) AND (company_type_id < 2))
        Rows Removed by Filter: 1480667
  ->  Hash  (cost=61283.27..61283.27 rows=2528527 width=4) (actual time=1736.200..1736.200 rows=2528312 loops=1)
        Buckets: 131072  Batches: 64  Memory Usage: 2415kB
        ->  Seq Scan on title t  (cost=0.00..61283.27 rows=2528527 width=4) (actual time=0.028..900.029 rows=2528312 loops=1)
Planning time: 0.694 ms
Execution time: 4230.153 ms
