Seq Scan on cast_info ci  (cost=0.00..796071.18 rows=276 width=0) (actual time=2885.997..13055.295 rows=161 loops=1)
  Filter: ((role_id < 3) AND (person_id = 977139))
  Rows Removed by Filter: 36244183
Planning time: 0.386 ms
Execution time: 13055.397 ms
