Seq Scan on movie_companies mc  (cost=0.00..57926.93 rows=222922 width=0) (actual time=190.885..814.782 rows=340981 loops=1)
  Filter: ((company_id < 369) AND (company_type_id < 2))
  Rows Removed by Filter: 2268148
Planning time: 0.320 ms
Execution time: 858.812 ms
