Hash Join  (cost=116762.24..602145.50 rows=522632 width=0) (actual time=2682.516..12241.913 rows=396807 loops=1)
  Hash Cond: (mi.movie_id = t.id)
  ->  Seq Scan on movie_info mi  (cost=0.00..309384.22 rows=14739122 width=4) (actual time=0.013..4537.582 rows=14835720 loops=1)
  ->  Hash  (cost=115290.50..115290.50 rows=89659 width=8) (actual time=2681.746..2681.746 rows=49179 loops=1)
        Buckets: 131072  Batches: 2  Memory Usage: 1989kB
        ->  Hash Join  (cost=81925.97..115290.50 rows=89659 width=8) (actual time=1949.352..2664.922 rows=49179 loops=1)
              Hash Cond: (mi_idx.movie_id = t.id)
              ->  Seq Scan on movie_info_idx mi_idx  (cost=0.00..25185.44 rows=464934 width=4) (actual time=0.014..420.587 rows=460185 loops=1)
                    Filter: (info_type_id > 100)
                    Rows Removed by Filter: 919850
              ->  Hash  (cost=73925.90..73925.90 rows=487605 width=4) (actual time=1948.708..1948.708 rows=501779 loops=1)
                    Buckets: 131072  Batches: 8  Memory Usage: 3231kB
                    ->  Seq Scan on title t  (cost=0.00..73925.90 rows=487605 width=4) (actual time=0.007..1297.834 rows=501779 loops=1)
                          Filter: ((kind_id > 1) AND (production_year > 2008))
                          Rows Removed by Filter: 2026533
Planning time: 0.685 ms
Execution time: 12295.739 ms
