Nested Loop  (cost=0.43..83072.90 rows=26 width=0) (actual time=241.609..1147.177 rows=2 loops=1)
  ->  Seq Scan on movie_keyword mk  (cost=0.00..81003.12 rows=246 width=4) (actual time=108.149..1146.338 rows=15 loops=1)
        Filter: (keyword_id = 59639)
        Rows Removed by Filter: 4523915
  ->  Index Scan using title_pkey on title t  (cost=0.43..8.40 rows=1 width=4) (actual time=0.050..0.050 rows=0 loops=15)
        Index Cond: (id = mk.movie_id)
        Filter: ((kind_id < 3) AND (production_year > 2006))
        Rows Removed by Filter: 1
Planning time: 0.700 ms
Execution time: 1147.280 ms
