Seq Scan on movie_companies mc  (cost=0.00..51404.11 rows=468122 width=0) (actual time=0.030..724.455 rows=463436 loops=1)
  Filter: (company_id < 398)
  Rows Removed by Filter: 2145693
Planning time: 0.294 ms
Execution time: 781.376 ms
