Hash Join  (cost=146801.67..648093.99 rows=2013637 width=0) (actual time=3033.119..16729.822 rows=6157089 loops=1)
  Hash Cond: (mi.movie_id = t.id)
  ->  Seq Scan on movie_info mi  (cost=0.00..309384.22 rows=14739122 width=4) (actual time=0.005..4948.713 rows=14835720 loops=1)
  ->  Hash  (cost=141133.62..141133.62 rows=345444 width=8) (actual time=3032.381..3032.381 rows=395802 loops=1)
        Buckets: 131072  Batches: 8  Memory Usage: 2972kB
        ->  Hash Join  (cost=99161.12..141133.62 rows=345444 width=8) (actual time=1752.446..2899.389 rows=395802 loops=1)
              Hash Cond: (mi_idx.movie_id = t.id)
              ->  Seq Scan on movie_info_idx mi_idx  (cost=0.00..25185.44 rows=454124 width=4) (actual time=0.019..431.870 rows=459925 loops=1)
                    Filter: (info_type_id = 100)
                    Rows Removed by Filter: 920110
              ->  Hash  (cost=67604.59..67604.59 rows=1923403 width=4) (actual time=1751.601..1751.601 rows=1922849 loops=1)
                    Buckets: 131072  Batches: 32  Memory Usage: 3132kB
                    ->  Seq Scan on title t  (cost=0.00..67604.59 rows=1923403 width=4) (actual time=0.014..1177.464 rows=1922849 loops=1)
                          Filter: (production_year < 2010)
                          Rows Removed by Filter: 605463
Planning time: 0.826 ms
Execution time: 17459.397 ms
