Hash Join  (cost=99811.77..455728.12 rows=115268 width=0) (actual time=5642.179..7232.521 rows=42387 loops=1)
  Hash Cond: (mi.movie_id = t.id)
  ->  Seq Scan on movie_info mi  (cost=0.00..346232.03 rows=184730 width=4) (actual time=3539.510..4865.624 rows=180112 loops=1)
        Filter: (info_type_id = 13)
        Rows Removed by Filter: 14655608
  ->  Hash  (cost=73925.90..73925.90 rows=1577749 width=4) (actual time=2094.219..2094.219 rows=1567237 loops=1)
        Buckets: 131072  Batches: 32  Memory Usage: 2755kB
        ->  Seq Scan on title t  (cost=0.00..73925.90 rows=1577749 width=4) (actual time=0.027..1577.213 rows=1567237 loops=1)
              Filter: ((kind_id > 3) AND (production_year < 2013))
              Rows Removed by Filter: 961075
Planning time: 0.786 ms
Execution time: 7238.635 ms
