Hash Join  (cost=189632.99..326300.89 rows=1335982 width=0) (actual time=5234.146..14014.041 rows=24450348 loops=1)
  Hash Cond: (mk.movie_id = t.id)
  ->  Seq Scan on movie_keyword mk  (cost=0.00..81003.12 rows=3314387 width=4) (actual time=0.024..1527.214 rows=3305015 loops=1)
        Filter: (keyword_id < 14964)
        Rows Removed by Filter: 1218915
  ->  Hash  (cost=172910.83..172910.83 rows=1019213 width=8) (actual time=5232.722..5232.722 rows=1891821 loops=1)
        Buckets: 131072 (originally 131072)  Batches: 32 (originally 16)  Memory Usage: 3402kB
        ->  Hash Join  (cost=83810.17..172910.83 rows=1019213 width=8) (actual time=1311.356..4619.529 rows=1891821 loops=1)
              Hash Cond: (mc.movie_id = t.id)
              ->  Seq Scan on movie_companies mc  (cost=0.00..44881.29 rows=2609129 width=4) (actual time=0.025..936.708 rows=2609129 loops=1)
              ->  Hash  (cost=67604.59..67604.59 rows=987727 width=4) (actual time=1310.380..1310.380 rows=985048 loops=1)
                    Buckets: 131072  Batches: 16  Memory Usage: 3188kB
                    ->  Seq Scan on title t  (cost=0.00..67604.59 rows=987727 width=4) (actual time=0.028..1003.095 rows=985048 loops=1)
                          Filter: (kind_id < 7)
                          Rows Removed by Filter: 1543264
Planning time: 1.078 ms
Execution time: 16821.588 ms
