Hash Join  (cost=97102.97..193983.79 rows=315981 width=0) (actual time=1761.009..3575.317 rows=264349 loops=1)
  Hash Cond: (mk.movie_id = t.id)
  ->  Seq Scan on movie_keyword mk  (cost=0.00..81003.12 rows=444376 width=4) (actual time=0.028..1217.822 rows=442521 loops=1)
        Filter: (keyword_id > 39953)
        Rows Removed by Filter: 4081409
  ->  Hash  (cost=67604.59..67604.59 rows=1797951 width=4) (actual time=1758.971..1758.971 rows=1793384 loops=1)
        Buckets: 131072  Batches: 32  Memory Usage: 3007kB
        ->  Seq Scan on title t  (cost=0.00..67604.59 rows=1797951 width=4) (actual time=0.023..1159.937 rows=1793384 loops=1)
              Filter: (production_year > 1988)
              Rows Removed by Filter: 734928
Planning time: 0.700 ms
Execution time: 3608.704 ms
