Hash Join  (cost=223070.06..267570.37 rows=396783 width=0) (actual time=4301.663..6029.577 rows=1495475 loops=1)
  Hash Cond: (mi_idx.movie_id = t.id)
  ->  Seq Scan on movie_info_idx mi_idx  (cost=0.00..21735.35 rows=1380035 width=4) (actual time=0.017..391.444 rows=1380035 loops=1)
  ->  Hash  (cost=211142.64..211142.64 rows=726994 width=8) (actual time=4300.396..4300.396 rows=719880 loops=1)
        Buckets: 131072  Batches: 16  Memory Usage: 2811kB
        ->  Hash Join  (cost=102767.86..211142.64 rows=726994 width=8) (actual time=1846.243..4076.515 rows=719880 loops=1)
              Hash Cond: (mk.movie_id = t.id)
              ->  Seq Scan on movie_keyword mk  (cost=0.00..81003.12 rows=726994 width=4) (actual time=0.027..1207.391 rows=719880 loops=1)
                    Filter: (keyword_id < 640)
                    Rows Removed by Filter: 3804050
              ->  Hash  (cost=61283.27..61283.27 rows=2528527 width=4) (actual time=1843.418..1843.418 rows=2528312 loops=1)
                    Buckets: 131072  Batches: 64  Memory Usage: 2425kB
                    ->  Seq Scan on title t  (cost=0.00..61283.27 rows=2528527 width=4) (actual time=0.010..957.383 rows=2528312 loops=1)
Planning time: 1.053 ms
Execution time: 6205.335 ms
