Seq Scan on movie_companies mc  (cost=0.00..57926.93 rows=337317 width=0) (actual time=291.729..817.830 rows=487189 loops=1)
  Filter: ((company_id < 1153) AND (company_type_id = 1))
  Rows Removed by Filter: 2121940
Planning time: 0.355 ms
Execution time: 882.189 ms
