Seq Scan on cast_info ci  (cost=0.00..705507.15 rows=29856824 width=0) (actual time=0.024..12263.036 rows=29966815 loops=1)
  Filter: (person_id > 604857)
  Rows Removed by Filter: 6277529
Planning time: 0.295 ms
Execution time: 15946.388 ms
