Nested Loop  (cost=0.43..709674.40 rows=78 width=0) (actual time=2634.420..9577.333 rows=3 loops=1)
  ->  Seq Scan on cast_info ci  (cost=0.00..705507.15 rows=500 width=4) (actual time=2634.151..9576.941 rows=9 loops=1)
        Filter: (person_id = 1136992)
        Rows Removed by Filter: 36244335
  ->  Index Scan using title_pkey on title t  (cost=0.43..8.32 rows=1 width=4) (actual time=0.031..0.031 rows=0 loops=9)
        Index Cond: (id = ci.movie_id)
        Filter: ((kind_id > 1) AND (production_year > 2009))
        Rows Removed by Filter: 1
Planning time: 0.790 ms
Execution time: 9577.486 ms
