Seq Scan on movie_companies mc  (cost=0.00..57926.93 rows=53 width=0) (actual time=16.768..904.917 rows=21 loops=1)
  Filter: ((company_id = 1627) AND (company_type_id = 2))
  Rows Removed by Filter: 2609108
Planning time: 0.406 ms
Execution time: 905.017 ms
