Seq Scan on cast_info ci  (cost=0.00..796071.18 rows=18114677 width=0) (actual time=0.029..13993.981 rows=20288480 loops=1)
  Filter: ((person_id < 2172440) AND (role_id < 9))
  Rows Removed by Filter: 15955864
Planning time: 3.073 ms
Execution time: 16472.887 ms
