Seq Scan on movie_keyword mk  (cost=0.00..81003.12 rows=517079 width=0) (actual time=0.027..1123.745 rows=509821 loops=1)
  Filter: (keyword_id > 35636)
  Rows Removed by Filter: 4014109
Planning time: 0.307 ms
Execution time: 1190.624 ms
