Seq Scan on cast_info ci  (cost=0.00..796071.18 rows=3351574 width=0) (actual time=8264.931..11765.395 rows=4206217 loops=1)
  Filter: ((person_id > 988936) AND (role_id > 9))
  Rows Removed by Filter: 32038127
Planning time: 0.257 ms
Execution time: 12306.322 ms
