Seq Scan on movie_keyword mk  (cost=0.00..81003.12 rows=246 width=0) (actual time=5.253..1123.138 rows=159 loops=1)
  Filter: (keyword_id = 20068)
  Rows Removed by Filter: 4523771
Planning time: 0.341 ms
Execution time: 1123.361 ms
