Hash Join  (cost=373135.26..1184070.18 rows=25853228 width=0) (actual time=9440.019..72250.767 rows=231693240 loops=1)
  Hash Cond: (mi.movie_id = t.id)
  ->  Seq Scan on movie_info mi  (cost=0.00..309384.22 rows=14739122 width=4) (actual time=0.023..4987.361 rows=14835720 loops=1)
  ->  Hash  (cost=300370.58..300370.58 rows=4435175 width=8) (actual time=9438.292..9438.292 rows=4424386 loops=1)
        Buckets: 131072  Batches: 64  Memory Usage: 3830kB
        ->  Hash Join  (cost=102767.86..300370.58 rows=4435175 width=8) (actual time=1818.968..8108.222 rows=4424386 loops=1)
              Hash Cond: (mk.movie_id = t.id)
              ->  Seq Scan on movie_keyword mk  (cost=0.00..81003.12 rows=4435175 width=4) (actual time=0.027..1562.665 rows=4424386 loops=1)
                    Filter: (keyword_id > 86)
                    Rows Removed by Filter: 99544
              ->  Hash  (cost=61283.27..61283.27 rows=2528527 width=4) (actual time=1816.442..1816.442 rows=2528312 loops=1)
                    Buckets: 131072  Batches: 64  Memory Usage: 2425kB
                    ->  Seq Scan on title t  (cost=0.00..61283.27 rows=2528527 width=4) (actual time=0.023..940.074 rows=2528312 loops=1)
Planning time: 4.321 ms
Execution time: 97294.369 ms
