Hash Join  (cost=83356.77..598913.91 rows=3350522 width=0) (actual time=1196.481..14086.128 rows=5853404 loops=1)
  Hash Cond: (mi.movie_id = t.id)
  ->  Seq Scan on movie_info mi  (cost=0.00..309384.22 rows=14739122 width=4) (actual time=0.023..4399.312 rows=14835720 loops=1)
  ->  Hash  (cost=73925.90..73925.90 rows=574789 width=4) (actual time=1117.031..1117.031 rows=454004 loops=1)
        Buckets: 131072  Batches: 8  Memory Usage: 3041kB
        ->  Seq Scan on title t  (cost=0.00..73925.90 rows=574789 width=4) (actual time=0.024..974.499 rows=454004 loops=1)
              Filter: ((kind_id < 2) AND (production_year > 1963))
              Rows Removed by Filter: 2074308
Planning time: 0.701 ms
Execution time: 14694.887 ms
