Hash Join  (cost=77945.24..109778.64 rows=44000 width=0) (actual time=1094.365..1482.107 rows=15895 loops=1)
  Hash Cond: (mi_idx.movie_id = t.id)
  ->  Seq Scan on movie_info_idx mi_idx  (cost=0.00..25185.44 rows=454124 width=4) (actual time=0.023..353.396 rows=459925 loops=1)
        Filter: (info_type_id = 100)
        Rows Removed by Filter: 920110
  ->  Hash  (cost=73925.90..73925.90 rows=244987 width=4) (actual time=931.059..931.059 rows=137824 loops=1)
        Buckets: 131072  Batches: 4  Memory Usage: 2233kB
        ->  Seq Scan on title t  (cost=0.00..73925.90 rows=244987 width=4) (actual time=0.024..882.858 rows=137824 loops=1)
              Filter: ((production_year < 1972) AND (kind_id = 7))
              Rows Removed by Filter: 2390488
Planning time: 0.727 ms
Execution time: 1484.616 ms
