Hash Join  (cost=437506.97..524914.58 rows=74957 width=0) (actual time=5854.460..7449.419 rows=75223 loops=1)
  Hash Cond: (mk.movie_id = t.id)
  ->  Seq Scan on movie_keyword mk  (cost=0.00..69693.30 rows=4523930 width=4) (actual time=0.011..727.706 rows=4523930 loops=1)
  ->  Hash  (cost=436983.29..436983.29 rows=41895 width=8) (actual time=5854.065..5854.065 rows=34044 loops=1)
        Buckets: 65536  Batches: 1  Memory Usage: 1842kB
        ->  Hash Join  (cost=75292.52..436983.29 rows=41895 width=8) (actual time=2047.281..5839.591 rows=34044 loops=1)
              Hash Cond: (mi.movie_id = t.id)
              ->  Seq Scan on movie_info mi  (cost=0.00..346232.03 rows=1272478 width=4) (actual time=1126.709..4394.018 rows=1325361 loops=1)
                    Filter: (info_type_id = 8)
                    Rows Removed by Filter: 13510359
              ->  Hash  (cost=73925.90..73925.90 rows=83249 width=4) (actual time=919.646..919.646 rows=101793 loops=1)
                    Buckets: 131072  Batches: 2  Memory Usage: 2809kB
                    ->  Seq Scan on title t  (cost=0.00..73925.90 rows=83249 width=4) (actual time=0.037..882.553 rows=101793 loops=1)
                          Filter: ((kind_id > 1) AND (production_year = 2007))
                          Rows Removed by Filter: 2426519
Planning time: 1.211 ms
Execution time: 7459.941 ms
