Hash Join  (cost=123622.35..193524.70 rows=106269 width=0) (actual time=2519.048..4002.031 rows=220870 loops=1)
  Hash Cond: (mc.movie_id = t.id)
  ->  Seq Scan on movie_companies mc  (cost=0.00..51404.11 rows=1444948 width=4) (actual time=0.015..822.832 rows=1450302 loops=1)
        Filter: (company_id > 9423)
        Rows Removed by Filter: 1158827
  ->  Hash  (cost=120570.85..120570.85 rows=185960 width=8) (actual time=2518.305..2518.305 rows=143613 loops=1)
        Buckets: 131072  Batches: 4  Memory Usage: 2418kB
        ->  Hash Join  (cost=84197.31..120570.85 rows=185960 width=8) (actual time=1323.908..2469.356 rows=143613 loops=1)
              Hash Cond: (mi_idx.movie_id = t.id)
              ->  Seq Scan on movie_info_idx mi_idx  (cost=0.00..25185.44 rows=464934 width=4) (actual time=0.018..398.669 rows=460185 loops=1)
                    Filter: (info_type_id > 100)
                    Rows Removed by Filter: 919850
              ->  Hash  (cost=67604.59..67604.59 rows=1011338 width=4) (actual time=1322.885..1322.885 rows=1012920 loops=1)
                    Buckets: 131072  Batches: 16  Memory Usage: 3250kB
                    ->  Seq Scan on title t  (cost=0.00..67604.59 rows=1011338 width=4) (actual time=0.008..1010.635 rows=1012920 loops=1)
                          Filter: (production_year > 2005)
                          Rows Removed by Filter: 1515392
Planning time: 0.743 ms
Execution time: 4030.284 ms
