Seq Scan on movie_keyword mk  (cost=0.00..81003.12 rows=246 width=0) (actual time=0.673..1044.968 rows=529 loops=1)
  Filter: (keyword_id = 6112)
  Rows Removed by Filter: 4523401
Planning time: 0.310 ms
Execution time: 1045.295 ms
