Seq Scan on title t  (cost=0.00..73925.90 rows=58075 width=0) (actual time=4.996..888.905 rows=183177 loops=1)
  Filter: ((production_year < 1958) AND (kind_id = 1))
  Rows Removed by Filter: 2345135
Planning time: 0.356 ms
Execution time: 914.094 ms
