Hash Join  (cost=102767.86..264106.35 rows=2928084 width=0) (actual time=1840.216..6010.132 rows=2920744 loops=1)
  Hash Cond: (mk.movie_id = t.id)
  ->  Seq Scan on movie_keyword mk  (cost=0.00..81003.12 rows=2928084 width=4) (actual time=0.010..1736.688 rows=2920744 loops=1)
        Filter: (keyword_id > 2484)
        Rows Removed by Filter: 1603186
  ->  Hash  (cost=61283.27..61283.27 rows=2528527 width=4) (actual time=1838.287..1838.287 rows=2528312 loops=1)
        Buckets: 131072  Batches: 64  Memory Usage: 2425kB
        ->  Seq Scan on title t  (cost=0.00..61283.27 rows=2528527 width=4) (actual time=0.022..1003.530 rows=2528312 loops=1)
Planning time: 1.004 ms
Execution time: 6326.210 ms
