Hash Join  (cost=80042.24..149604.25 rows=312857 width=0) (actual time=1239.694..2758.605 rows=695318 loops=1)
  Hash Cond: (mc.movie_id = t.id)
  ->  Seq Scan on movie_companies mc  (cost=0.00..51404.11 rows=1043554 width=4) (actual time=93.668..783.176 rows=1053185 loops=1)
        Filter: (company_id > 14890)
        Rows Removed by Filter: 1555944
  ->  Hash  (cost=67604.59..67604.59 rows=758052 width=4) (actual time=1144.933..1144.933 rows=753677 loops=1)
        Buckets: 131072  Batches: 16  Memory Usage: 2677kB
        ->  Seq Scan on title t  (cost=0.00..67604.59 rows=758052 width=4) (actual time=0.021..919.856 rows=753677 loops=1)
              Filter: (kind_id < 3)
              Rows Removed by Filter: 1774635
Planning time: 0.489 ms
Execution time: 2840.474 ms
