Hash Join  (cost=86935.43..1243964.64 rows=7634938 width=0) (actual time=1382.337..29702.985 rows=5896499 loops=1)
  Hash Cond: (ci.movie_id = t.id)
  ->  Seq Scan on cast_info ci  (cost=0.00..796071.18 rows=24346841 width=4) (actual time=0.101..15578.997 rows=23790942 loops=1)
        Filter: ((person_id > 798271) AND (role_id < 10))
        Rows Removed by Filter: 12453402
  ->  Hash  (cost=73925.90..73925.90 rows=792922 width=4) (actual time=1381.085..1381.085 rows=692469 loops=1)
        Buckets: 131072  Batches: 16  Memory Usage: 2548kB
        ->  Seq Scan on title t  (cost=0.00..73925.90 rows=792922 width=4) (actual time=0.022..1134.218 rows=692469 loops=1)
              Filter: ((kind_id > 1) AND (production_year < 2001))
              Rows Removed by Filter: 1835843
Planning time: 0.746 ms
Execution time: 30372.557 ms
