Seq Scan on cast_info ci  (cost=0.00..705507.15 rows=24755588 width=0) (actual time=0.019..9752.106 rows=24762809 loops=1)
  Filter: (person_id < 2550294)
  Rows Removed by Filter: 11481535
Planning time: 0.319 ms
Execution time: 12569.889 ms
