Hash Join  (cost=76423.37..115541.52 rows=83067 width=0) (actual time=1011.066..2117.177 rows=237402 loops=1)
  Hash Cond: (mi_idx.movie_id = t.id)
  ->  Seq Scan on movie_info_idx mi_idx  (cost=0.00..21735.35 rows=1380035 width=4) (actual time=0.015..430.109 rows=1380035 loops=1)
  ->  Hash  (cost=73925.90..73925.90 rows=152197 width=4) (actual time=1010.302..1010.302 rows=287134 loops=1)
        Buckets: 131072 (originally 131072)  Batches: 4 (originally 2)  Memory Usage: 3548kB
        ->  Seq Scan on title t  (cost=0.00..73925.90 rows=152197 width=4) (actual time=42.901..901.254 rows=287134 loops=1)
              Filter: ((production_year < 1984) AND (kind_id = 1))
              Rows Removed by Filter: 2241178
Planning time: 0.711 ms
Execution time: 2146.548 ms
