Seq Scan on movie_companies mc  (cost=0.00..57926.93 rows=970226 width=0) (actual time=0.015..1030.500 rows=659718 loops=1)
  Filter: ((company_id < 43863) AND (company_type_id > 1))
  Rows Removed by Filter: 1949411
Planning time: 0.315 ms
Execution time: 1112.424 ms
