Hash Join  (cost=190573.31..739794.47 rows=3918104 width=0) (actual time=4290.067..16630.992 rows=2843130 loops=1)
  Hash Cond: (mi.movie_id = t.id)
  ->  Seq Scan on movie_info mi  (cost=0.00..346232.03 rows=13926693 width=4) (actual time=0.019..5863.444 rows=13963496 loops=1)
        Filter: (info_type_id < 98)
        Rows Removed by Filter: 872224
  ->  Hash  (cost=178902.18..178902.18 rows=711370 width=8) (actual time=3853.231..3853.231 rows=400469 loops=1)
        Buckets: 131072  Batches: 16  Memory Usage: 1995kB
        ->  Hash Join  (cost=92883.59..178902.18 rows=711370 width=8) (actual time=2629.990..3723.524 rows=400469 loops=1)
              Hash Cond: (mc.movie_id = t.id)
              ->  Seq Scan on movie_companies mc  (cost=0.00..57926.93 rows=1167392 width=4) (actual time=0.022..988.592 rows=1016466 loops=1)
                    Filter: ((company_id < 91678) AND (company_type_id > 1))
                    Rows Removed by Filter: 1592663
              ->  Hash  (cost=67604.59..67604.59 rows=1540800 width=4) (actual time=1862.769..1862.769 rows=1543264 loops=1)
                    Buckets: 131072  Batches: 32  Memory Usage: 2722kB
                    ->  Seq Scan on title t  (cost=0.00..67604.59 rows=1540800 width=4) (actual time=0.026..1000.314 rows=1543264 loops=1)
                          Filter: (kind_id = 7)
                          Rows Removed by Filter: 985048
Planning time: 1.215 ms
Execution time: 16874.416 ms
