Seq Scan on cast_info ci  (cost=0.00..796071.18 rows=29713490 width=0) (actual time=0.027..15003.850 rows=29635886 loops=1)
  Filter: ((person_id > 201574) AND (role_id < 10))
  Rows Removed by Filter: 6608458
Planning time: 0.341 ms
Execution time: 18496.540 ms
