Seq Scan on movie_keyword mk  (cost=0.00..81003.12 rows=1050667 width=0) (actual time=0.013..1148.151 rows=1059295 loops=1)
  Filter: (keyword_id > 16637)
  Rows Removed by Filter: 3464635
Planning time: 2.587 ms
Execution time: 1281.595 ms
