Hash Join  (cost=709678.15..1089151.14 rows=1752 width=0) (actual time=8842.822..14294.224 rows=990 loops=1)
  Hash Cond: (mi.movie_id = t.id)
  ->  Seq Scan on movie_info mi  (cost=0.00..346232.03 rows=8859586 width=4) (actual time=708.661..4923.937 rows=8966694 loops=1)
        Filter: (info_type_id < 15)
        Rows Removed by Filter: 5869026
  ->  Hash  (cost=709671.90..709671.90 rows=500 width=8) (actual time=8077.674..8077.674 rows=153 loops=1)
        Buckets: 1024  Batches: 1  Memory Usage: 14kB
        ->  Nested Loop  (cost=0.43..709671.90 rows=500 width=8) (actual time=2440.874..8077.600 rows=153 loops=1)
              ->  Seq Scan on cast_info ci  (cost=0.00..705507.15 rows=500 width=4) (actual time=2440.685..8075.090 rows=153 loops=1)
                    Filter: (person_id = 3391724)
                    Rows Removed by Filter: 36244191
              ->  Index Only Scan using title_pkey on title t  (cost=0.43..8.32 rows=1 width=4) (actual time=0.015..0.015 rows=1 loops=153)
                    Index Cond: (id = ci.movie_id)
                    Heap Fetches: 153
Planning time: 1.172 ms
Execution time: 14294.683 ms
