Hash Join  (cost=154668.78..193262.52 rows=52526 width=0) (actual time=2539.680..3384.527 rows=197380 loops=1)
  Hash Cond: (mi_idx.movie_id = t.id)
  ->  Seq Scan on movie_info_idx mi_idx  (cost=0.00..21735.35 rows=1380035 width=4) (actual time=0.019..356.735 rows=1380035 loops=1)
  ->  Hash  (cost=153089.79..153089.79 rows=96239 width=8) (actual time=2538.701..2538.701 rows=110916 loops=1)
        Buckets: 131072  Batches: 2  Memory Usage: 3193kB
        ->  Hash Join  (cost=87180.69..153089.79 rows=96239 width=8) (actual time=1389.052..2501.793 rows=110916 loops=1)
              Hash Cond: (mc.movie_id = t.id)
              ->  Seq Scan on movie_companies mc  (cost=0.00..57926.93 rows=203941 width=4) (actual time=0.029..712.258 rows=318606 loops=1)
                    Filter: ((company_id < 292) AND (company_type_id = 1))
                    Rows Removed by Filter: 2290523
              ->  Hash  (cost=67604.59..67604.59 rows=1193208 width=4) (actual time=1387.980..1387.980 rows=1192518 loops=1)
                    Buckets: 131072  Batches: 16  Memory Usage: 3646kB
                    ->  Seq Scan on title t  (cost=0.00..67604.59 rows=1193208 width=4) (actual time=0.025..1005.441 rows=1192518 loops=1)
                          Filter: (production_year > 2003)
                          Rows Removed by Filter: 1335794
Planning time: 1.158 ms
Execution time: 3410.447 ms
