Hash Join  (cost=72956.84..1090363.14 rows=3117709 width=0) (actual time=2121.124..24831.851 rows=1991844 loops=1)
  Hash Cond: (ci.movie_id = t.id)
  ->  Seq Scan on cast_info ci  (cost=0.00..705507.15 rows=24168282 width=4) (actual time=1154.746..12529.572 rows=24272465 loops=1)
        Filter: (person_id > 1178013)
        Rows Removed by Filter: 11971879
  ->  Hash  (cost=67604.59..67604.59 rows=326180 width=4) (actual time=965.363..965.363 rows=323245 loops=1)
        Buckets: 131072  Batches: 8  Memory Usage: 2437kB
        ->  Seq Scan on title t  (cost=0.00..67604.59 rows=326180 width=4) (actual time=0.027..854.158 rows=323245 loops=1)
              Filter: (production_year < 1967)
              Rows Removed by Filter: 2205067
Planning time: 0.757 ms
Execution time: 25093.704 ms
