Hash Join  (cost=102767.86..999191.67 rows=7523610 width=0) (actual time=2357.836..17862.048 rows=7574633 loops=1)
  Hash Cond: (ci.movie_id = t.id)
  ->  Seq Scan on cast_info ci  (cost=0.00..705507.15 rows=7523610 width=4) (actual time=693.207..9786.311 rows=7574633 loops=1)
        Filter: (person_id > 2916286)
        Rows Removed by Filter: 28669711
  ->  Hash  (cost=61283.27..61283.27 rows=2528527 width=4) (actual time=1663.787..1663.787 rows=2528312 loops=1)
        Buckets: 131072  Batches: 64  Memory Usage: 2415kB
        ->  Seq Scan on title t  (cost=0.00..61283.27 rows=2528527 width=4) (actual time=0.032..819.680 rows=2528312 loops=1)
Planning time: 0.685 ms
Execution time: 18745.798 ms
