Seq Scan on cast_info ci  (cost=0.00..796071.18 rows=85969 width=0) (actual time=5089.713..9892.981 rows=35481 loops=1)
  Filter: ((person_id < 863589) AND (role_id > 10))
  Rows Removed by Filter: 36208863
Planning time: 0.355 ms
Execution time: 9897.670 ms
