Hash Join  (cost=136869.09..1229077.88 rows=5685457 width=0) (actual time=3224.968..30582.858 rows=7805331 loops=1)
  Hash Cond: (ci.movie_id = t.id)
  ->  Seq Scan on cast_info ci  (cost=0.00..614943.12 rows=36225612 width=4) (actual time=0.024..10281.765 rows=36244344 loops=1)
  ->  Hash  (cost=130357.57..130357.57 rows=396842 width=8) (actual time=3223.584..3223.584 rows=188967 loops=1)
        Buckets: 131072  Batches: 8  Memory Usage: 1940kB
        ->  Hash Join  (cost=85855.67..130357.57 rows=396842 width=8) (actual time=2176.299..3162.704 rows=188967 loops=1)
              Hash Cond: (mi_idx.movie_id = t.id)
              ->  Seq Scan on movie_info_idx mi_idx  (cost=0.00..21735.35 rows=1380035 width=4) (actual time=0.014..362.295 rows=1380035 loops=1)
              ->  Hash  (cost=73925.90..73925.90 rows=727101 width=4) (actual time=1986.783..1986.783 rows=796159 loops=1)
                    Buckets: 131072  Batches: 16  Memory Usage: 2780kB
                    ->  Seq Scan on title t  (cost=0.00..73925.90 rows=727101 width=4) (actual time=0.024..1084.695 rows=796159 loops=1)
                          Filter: ((production_year > 2003) AND (kind_id = 7))
                          Rows Removed by Filter: 1732153
Planning time: 1.084 ms
Execution time: 31506.303 ms
