Seq Scan on title t  (cost=0.00..73925.90 rows=707284 width=0) (actual time=0.031..951.151 rows=595567 loops=1)
  Filter: ((kind_id < 4) AND (production_year > 1970))
  Rows Removed by Filter: 1932745
Planning time: 0.280 ms
Execution time: 1027.046 ms
