Hash Join  (cost=83073.49..142461.18 rows=15 width=0) (actual time=1065.895..1827.979 rows=9 loops=1)
  Hash Cond: (mc.movie_id = t.id)
  ->  Seq Scan on movie_companies mc  (cost=0.00..57926.93 rows=389496 width=4) (actual time=0.014..763.591 rows=72134 loops=1)
        Filter: ((company_id > 30328) AND (company_type_id < 2))
        Rows Removed by Filter: 2536995
  ->  Hash  (cost=83072.29..83072.29 rows=96 width=8) (actual time=1053.582..1053.582 rows=76 loops=1)
        Buckets: 1024  Batches: 1  Memory Usage: 11kB
        ->  Nested Loop  (cost=0.43..83072.29 rows=96 width=8) (actual time=9.847..1053.479 rows=76 loops=1)
              ->  Seq Scan on movie_keyword mk  (cost=0.00..81003.12 rows=246 width=4) (actual time=9.794..1048.693 rows=95 loops=1)
                    Filter: (keyword_id = 20056)
                    Rows Removed by Filter: 4523835
              ->  Index Scan using title_pkey on title t  (cost=0.43..8.40 rows=1 width=4) (actual time=0.046..0.046 rows=1 loops=95)
                    Index Cond: (id = mk.movie_id)
                    Filter: (kind_id < 7)
                    Rows Removed by Filter: 0
Planning time: 1.115 ms
Execution time: 1828.137 ms
