Seq Scan on cast_info ci  (cost=0.00..705507.15 rows=500 width=0) (actual time=3685.363..11455.137 rows=268 loops=1)
  Filter: (person_id = 1438698)
  Rows Removed by Filter: 36244076
Planning time: 0.555 ms
Execution time: 11455.312 ms
