Seq Scan on movie_companies mc  (cost=0.00..51404.11 rows=1050045 width=0) (actual time=0.025..739.445 rows=1048736 loops=1)
  Filter: (company_id < 6112)
  Rows Removed by Filter: 1560393
Planning time: 0.306 ms
Execution time: 861.713 ms
