Hash Join  (cost=92883.59..174493.51 rows=569286 width=0) (actual time=2353.561..3345.441 rows=316839 loops=1)
  Hash Cond: (mc.movie_id = t.id)
  ->  Seq Scan on movie_companies mc  (cost=0.00..57926.93 rows=934225 width=4) (actual time=0.023..1087.881 rows=1237527 loops=1)
        Filter: ((company_id < 44035) AND (company_type_id = 1))
        Rows Removed by Filter: 1371602
  ->  Hash  (cost=67604.59..67604.59 rows=1540800 width=4) (actual time=1327.403..1327.403 rows=1543264 loops=1)
        Buckets: 131072  Batches: 32  Memory Usage: 2722kB
        ->  Seq Scan on title t  (cost=0.00..67604.59 rows=1540800 width=4) (actual time=213.468..886.764 rows=1543264 loops=1)
              Filter: (kind_id = 7)
              Rows Removed by Filter: 985048
Planning time: 0.740 ms
Execution time: 3383.069 ms
