Hash Join  (cost=84865.68..572391.06 rows=2575601 width=0) (actual time=1356.792..12693.725 rows=3751339 loops=1)
  Hash Cond: (mi.movie_id = t.id)
  ->  Seq Scan on movie_info mi  (cost=0.00..346232.03 rows=9767026 width=4) (actual time=294.508..5336.103 rows=9911754 loops=1)
        Filter: (info_type_id > 4)
        Rows Removed by Filter: 4923966
  ->  Hash  (cost=73925.90..73925.90 rows=666782 width=4) (actual time=1061.348..1061.348 rows=566088 loops=1)
        Buckets: 131072  Batches: 16  Memory Usage: 2272kB
        ->  Seq Scan on title t  (cost=0.00..73925.90 rows=666782 width=4) (actual time=0.041..899.210 rows=566088 loops=1)
              Filter: ((kind_id < 7) AND (production_year > 1992))
              Rows Removed by Filter: 1962224
Planning time: 0.482 ms
Execution time: 13132.804 ms
