Hash Join  (cost=74259.27..453932.11 rows=91483 width=0) (actual time=1052.088..7036.266 rows=643632 loops=1)
  Hash Cond: (mi.movie_id = t.id)
  ->  Seq Scan on movie_info mi  (cost=0.00..346232.03 rows=8673596 width=4) (actual time=0.014..4084.322 rows=8786582 loops=1)
        Filter: (info_type_id < 13)
        Rows Removed by Filter: 6049138
  ->  Hash  (cost=73925.90..73925.90 rows=26669 width=4) (actual time=1051.851..1051.851 rows=67516 loops=1)
        Buckets: 131072 (originally 32768)  Batches: 1 (originally 1)  Memory Usage: 3398kB
        ->  Seq Scan on title t  (cost=0.00..73925.90 rows=26669 width=4) (actual time=0.019..1025.712 rows=67516 loops=1)
              Filter: ((kind_id < 7) AND (production_year < 1916))
              Rows Removed by Filter: 2460796
Planning time: 0.767 ms
Execution time: 7093.942 ms
