Hash Join  (cost=207998.13..638494.24 rows=745497 width=0) (actual time=4638.407..11663.932 rows=153441 loops=1)
  Hash Cond: (mi.movie_id = t.id)
  ->  Seq Scan on movie_info mi  (cost=0.00..346232.03 rows=5897221 width=4) (actual time=948.376..4838.196 rows=5884963 loops=1)
        Filter: (info_type_id < 7)
        Rows Removed by Filter: 8950757
  ->  Hash  (cost=202753.58..202753.58 rows=319644 width=8) (actual time=3661.085..3661.085 rows=40681 loops=1)
        Buckets: 131072  Batches: 8  Memory Usage: 1226kB
        ->  Hash Join  (cost=76857.10..202753.58 rows=319644 width=8) (actual time=963.672..3644.646 rows=40681 loops=1)
              Hash Cond: (mk.movie_id = t.id)
              ->  Seq Scan on movie_keyword mk  (cost=0.00..69693.30 rows=4523930 width=4) (actual time=0.030..1093.767 rows=4523930 loops=1)
              ->  Hash  (cost=73925.90..73925.90 rows=178656 width=4) (actual time=939.518..939.518 rows=52230 loops=1)
                    Buckets: 131072  Batches: 4  Memory Usage: 1492kB
                    ->  Seq Scan on title t  (cost=0.00..73925.90 rows=178656 width=4) (actual time=0.032..918.793 rows=52230 loops=1)
                          Filter: ((kind_id > 1) AND (production_year < 1960))
                          Rows Removed by Filter: 2476082
Planning time: 1.115 ms
Execution time: 11682.219 ms
