Seq Scan on cast_info ci  (cost=0.00..705507.15 rows=500 width=0) (actual time=950.463..9044.775 rows=13 loops=1)
  Filter: (person_id = 2448055)
  Rows Removed by Filter: 36244331
Planning time: 0.344 ms
Execution time: 9044.896 ms
