Hash Join  (cost=658718.21..2024996.80 rows=30927677 width=0) (actual time=17129.951..91098.507 rows=174516067 loops=1)
  Hash Cond: (ci.movie_id = t.id)
  ->  Seq Scan on cast_info ci  (cost=0.00..705507.15 rows=22049955 width=4) (actual time=0.039..12417.344 rows=21907313 loops=1)
        Filter: (person_id < 2228421)
        Rows Removed by Filter: 14337031
  ->  Hash  (cost=600532.23..600532.23 rows=3546559 width=8) (actual time=17126.390..17126.390 rows=6991214 loops=1)
        Buckets: 131072 (originally 131072)  Batches: 128 (originally 64)  Memory Usage: 3166kB
        ->  Hash Join  (cost=87162.74..600532.23 rows=3546559 width=8) (actual time=1322.826..14997.493 rows=6991214 loops=1)
              Hash Cond: (mi.movie_id = t.id)
              ->  Seq Scan on movie_info mi  (cost=0.00..346232.03 rows=11115165 width=4) (actual time=0.011..5480.111 rows=11210743 loops=1)
                    Filter: (info_type_id > 3)
                    Rows Removed by Filter: 3624977
              ->  Hash  (cost=73925.90..73925.90 rows=806787 width=4) (actual time=1321.797..1321.797 rows=843018 loops=1)
                    Buckets: 131072  Batches: 16  Memory Usage: 2888kB
                    ->  Seq Scan on title t  (cost=0.00..73925.90 rows=806787 width=4) (actual time=0.020..1056.037 rows=843018 loops=1)
                          Filter: ((kind_id < 7) AND (production_year < 2011))
                          Rows Removed by Filter: 1685294
Planning time: 1.041 ms
Execution time: 111195.357 ms
