Hash Join  (cost=270022.79..375179.59 rows=1947387 width=0) (actual time=4667.388..9970.353 rows=15114731 loops=1)
  Hash Cond: (mc.movie_id = t.id)
  ->  Seq Scan on movie_companies mc  (cost=0.00..44881.29 rows=2609129 width=4) (actual time=0.024..705.908 rows=2609129 loops=1)
  ->  Hash  (cost=239060.44..239060.44 rows=1887228 width=8) (actual time=4666.387..4666.387 rows=1893214 loops=1)
        Buckets: 131072  Batches: 32  Memory Usage: 3324kB
        ->  Hash Join  (cost=102767.86..239060.44 rows=1887228 width=8) (actual time=1612.114..4245.393 rows=1893214 loops=1)
              Hash Cond: (mk.movie_id = t.id)
              ->  Seq Scan on movie_keyword mk  (cost=0.00..81003.12 rows=1887228 width=4) (actual time=0.015..1150.662 rows=1893214 loops=1)
                    Filter: (keyword_id > 7176)
                    Rows Removed by Filter: 2630716
              ->  Hash  (cost=61283.27..61283.27 rows=2528527 width=4) (actual time=1610.953..1610.953 rows=2528312 loops=1)
                    Buckets: 131072  Batches: 64  Memory Usage: 2425kB
                    ->  Seq Scan on title t  (cost=0.00..61283.27 rows=2528527 width=4) (actual time=0.019..762.029 rows=2528312 loops=1)
Planning time: 0.696 ms
Execution time: 11563.053 ms
