Seq Scan on cast_info ci  (cost=0.00..705507.15 rows=500 width=0) (actual time=8165.556..8836.412 rows=9 loops=1)
  Filter: (person_id = 509702)
  Rows Removed by Filter: 36244335
Planning time: 0.388 ms
Execution time: 8836.484 ms
