Hash Join  (cost=83073.70..137739.88 rows=66 width=0) (actual time=1134.235..2093.321 rows=79 loops=1)
  Hash Cond: (mc.movie_id = t.id)
  ->  Seq Scan on movie_companies mc  (cost=0.00..44881.29 rows=2609129 width=4) (actual time=0.021..494.948 rows=2609129 loops=1)
  ->  Hash  (cost=83072.90..83072.90 rows=64 width=8) (actual time=1126.665..1126.665 rows=54 loops=1)
        Buckets: 1024  Batches: 1  Memory Usage: 11kB
        ->  Nested Loop  (cost=0.43..83072.90 rows=64 width=8) (actual time=779.236..1126.615 rows=54 loops=1)
              ->  Seq Scan on movie_keyword mk  (cost=0.00..81003.12 rows=246 width=4) (actual time=0.042..1087.689 rows=1724 loops=1)
                    Filter: (keyword_id = 5740)
                    Rows Removed by Filter: 4522206
              ->  Index Scan using title_pkey on title t  (cost=0.43..8.40 rows=1 width=4) (actual time=0.022..0.022 rows=0 loops=1724)
                    Index Cond: (id = mk.movie_id)
                    Filter: ((production_year < 2001) AND (kind_id = 7))
                    Rows Removed by Filter: 1
Planning time: 1.097 ms
Execution time: 2093.478 ms
