Seq Scan on movie_keyword mk  (cost=0.00..81003.12 rows=599806 width=0) (actual time=0.016..1160.866 rows=601336 loops=1)
  Filter: (keyword_id > 30592)
  Rows Removed by Filter: 3922594
Planning time: 0.224 ms
Execution time: 1240.560 ms
