Hash Join  (cost=75199.97..170222.73 rows=35463 width=0) (actual time=1579.776..2397.886 rows=10067 loops=1)
  Hash Cond: (mk.movie_id = t.id)
  ->  Seq Scan on movie_keyword mk  (cost=0.00..81003.12 rows=1155470 width=4) (actual time=0.028..1080.976 rows=1159861 loops=1)
        Filter: (keyword_id < 1382)
        Rows Removed by Filter: 3364069
  ->  Hash  (cost=73925.90..73925.90 rows=77605 width=4) (actual time=957.856..957.856 rows=84684 loops=1)
        Buckets: 131072  Batches: 2  Memory Usage: 2518kB
        ->  Seq Scan on title t  (cost=0.00..73925.90 rows=77605 width=4) (actual time=66.673..925.406 rows=84684 loops=1)
              Filter: ((kind_id = 7) AND (production_year = 2009))
              Rows Removed by Filter: 2443628
Planning time: 0.710 ms
Execution time: 2399.317 ms
