Seq Scan on movie_companies mc  (cost=0.00..57926.93 rows=605049 width=0) (actual time=534.930..1051.454 rows=391085 loops=1)
  Filter: ((company_id < 10248) AND (company_type_id > 1))
  Rows Removed by Filter: 2218044
Planning time: 0.367 ms
Execution time: 1101.374 ms
