Hash Join  (cost=102767.86..1284380.85 rows=19375621 width=0) (actual time=3835.023..28788.247 rows=19536923 loops=1)
  Hash Cond: (ci.movie_id = t.id)
  ->  Seq Scan on cast_info ci  (cost=0.00..705507.15 rows=19375621 width=4) (actual time=1710.865..11426.386 rows=19536923 loops=1)
        Filter: (person_id > 1653870)
        Rows Removed by Filter: 16707421
  ->  Hash  (cost=61283.27..61283.27 rows=2528527 width=4) (actual time=2122.288..2122.288 rows=2528312 loops=1)
        Buckets: 131072  Batches: 64  Memory Usage: 2415kB
        ->  Seq Scan on title t  (cost=0.00..61283.27 rows=2528527 width=4) (actual time=0.026..800.116 rows=2528312 loops=1)
Planning time: 0.636 ms
Execution time: 30809.071 ms
