Seq Scan on movie_keyword mk  (cost=0.00..81003.12 rows=246 width=0) (actual time=0.129..1071.021 rows=2152 loops=1)
  Filter: (keyword_id = 393)
  Rows Removed by Filter: 4521778
Planning time: 0.350 ms
Execution time: 1071.581 ms
