Hash Join  (cost=102767.86..170368.29 rows=262543 width=0) (actual time=1633.862..2979.806 rows=259406 loops=1)
  Hash Cond: (mc.movie_id = t.id)
  ->  Seq Scan on movie_companies mc  (cost=0.00..51404.11 rows=262543 width=4) (actual time=0.031..685.078 rows=259406 loops=1)
        Filter: (company_id < 133)
        Rows Removed by Filter: 2349723
  ->  Hash  (cost=61283.27..61283.27 rows=2528527 width=4) (actual time=1628.871..1628.871 rows=2528312 loops=1)
        Buckets: 131072  Batches: 64  Memory Usage: 2415kB
        ->  Seq Scan on title t  (cost=0.00..61283.27 rows=2528527 width=4) (actual time=0.022..788.249 rows=2528312 loops=1)
Planning time: 0.652 ms
Execution time: 3013.632 ms
