Hash Join  (cost=205366.89..738646.33 rows=5011452 width=0) (actual time=4328.815..27189.572 rows=45447321 loops=1)
  Hash Cond: (mi.movie_id = t.id)
  ->  Seq Scan on movie_info mi  (cost=0.00..309384.22 rows=14739122 width=4) (actual time=0.009..4661.644 rows=14835720 loops=1)
  ->  Hash  (cost=191261.32..191261.32 rows=859725 width=8) (actual time=4327.623..4327.623 rows=1173219 loops=1)
        Buckets: 131072  Batches: 16  Memory Usage: 3939kB
        ->  Hash Join  (cost=102767.86..191261.32 rows=859725 width=8) (actual time=1614.679..3955.160 rows=1173219 loops=1)
              Hash Cond: (mc.movie_id = t.id)
              ->  Seq Scan on movie_companies mc  (cost=0.00..57926.93 rows=859725 width=4) (actual time=0.026..943.777 rows=1173219 loops=1)
                    Filter: ((company_id < 24091) AND (company_type_id = 1))
                    Rows Removed by Filter: 1435910
              ->  Hash  (cost=61283.27..61283.27 rows=2528527 width=4) (actual time=1613.353..1613.353 rows=2528312 loops=1)
                    Buckets: 131072  Batches: 64  Memory Usage: 2415kB
                    ->  Seq Scan on title t  (cost=0.00..61283.27 rows=2528527 width=4) (actual time=0.026..800.221 rows=2528312 loops=1)
Planning time: 1.137 ms
Execution time: 32362.245 ms
