Seq Scan on movie_keyword mk  (cost=0.00..81003.12 rows=146258 width=0) (actual time=84.759..1050.149 rows=145499 loops=1)
  Filter: (keyword_id > 74309)
  Rows Removed by Filter: 4378431
Planning time: 0.322 ms
Execution time: 1070.268 ms
