Hash Join  (cost=92883.59..977620.21 rows=2663763 width=0) (actual time=1437.676..19540.760 rows=4684177 loops=1)
  Hash Cond: (ci.movie_id = t.id)
  ->  Seq Scan on cast_info ci  (cost=0.00..796071.18 rows=4371363 width=4) (actual time=0.022..10973.224 rows=8073139 loops=1)
        Filter: ((person_id > 2365452) AND (role_id > 3))
        Rows Removed by Filter: 28171205
  ->  Hash  (cost=67604.59..67604.59 rows=1540800 width=4) (actual time=1436.750..1436.750 rows=1543264 loops=1)
        Buckets: 131072  Batches: 32  Memory Usage: 2722kB
        ->  Seq Scan on title t  (cost=0.00..67604.59 rows=1540800 width=4) (actual time=0.010..969.800 rows=1543264 loops=1)
              Filter: (kind_id = 7)
              Rows Removed by Filter: 985048
Planning time: 0.681 ms
Execution time: 20113.798 ms
