Hash Join  (cost=95172.99..460673.62 rows=84468 width=0) (actual time=1431.868..7413.568 rows=89301 loops=1)
  Hash Cond: (mi.movie_id = t.id)
  ->  Seq Scan on movie_info mi  (cost=0.00..309384.22 rows=14739122 width=4) (actual time=0.018..2933.619 rows=14835720 loops=1)
  ->  Hash  (cost=94991.85..94991.85 rows=14491 width=8) (actual time=1431.444..1431.444 rows=9177 loops=1)
        Buckets: 16384  Batches: 1  Memory Usage: 487kB
        ->  Hash Join  (cost=67936.46..94991.85 rows=14491 width=8) (actual time=851.527..1428.018 rows=9177 loops=1)
              Hash Cond: (mi_idx.movie_id = t.id)
              ->  Seq Scan on movie_info_idx mi_idx  (cost=0.00..21735.35 rows=1380035 width=4) (actual time=0.025..250.162 rows=1380035 loops=1)
              ->  Hash  (cost=67604.59..67604.59 rows=26550 width=4) (actual time=849.827..849.827 rows=24508 loops=1)
                    Buckets: 32768  Batches: 1  Memory Usage: 1118kB
                    ->  Seq Scan on title t  (cost=0.00..67604.59 rows=26550 width=4) (actual time=147.589..840.036 rows=24508 loops=1)
                          Filter: (production_year < 1910)
                          Rows Removed by Filter: 2503804
Planning time: 1.202 ms
Execution time: 7427.083 ms
