Hash Join  (cost=311466.80..1741407.21 rows=16711876 width=148) (actual time=7186.126..61725.087 rows=49432271 loops=1)
  Hash Cond: (ci.movie_id = t.id)
  ->  Seq Scan on cast_info ci  (cost=0.00..705507.15 rows=23353296 width=42) (actual time=0.021..15129.493 rows=23401127 loops=1)
        Filter: (person_id > 1267340)
        Rows Removed by Filter: 12843217
  ->  Hash  (cost=258808.77..258808.77 rows=1809442 width=106) (actual time=7181.295..7181.295 rows=1253091 loops=1)
        Buckets: 32768  Batches: 128  Memory Usage: 1537kB
        ->  Hash Join  (cost=95061.31..258808.77 rows=1809442 width=106) (actual time=2000.866..6493.724 rows=1253091 loops=1)
              Hash Cond: (mk.movie_id = t.id)
              ->  Seq Scan on movie_keyword mk  (cost=0.00..69693.30 rows=4523930 width=12) (actual time=0.014..1444.128 rows=4523930 loops=1)
              ->  Hash  (cost=67604.59..67604.59 rows=1011338 width=94) (actual time=1991.691..1991.691 rows=1012920 loops=1)
                    Buckets: 32768  Batches: 64  Memory Usage: 2063kB
                    ->  Seq Scan on title t  (cost=0.00..67604.59 rows=1011338 width=94) (actual time=0.024..1515.197 rows=1012920 loops=1)
                          Filter: (production_year > 2005)
                          Rows Removed by Filter: 1515392
Planning time: 1.465 ms
Execution time: 64333.443 ms
