Seq Scan on cast_info ci  (cost=0.00..705507.15 rows=20494888 width=0) (actual time=0.019..10417.756 rows=20399915 loops=1)
  Filter: (person_id < 2051791)
  Rows Removed by Filter: 15844429
Planning time: 0.308 ms
Execution time: 13061.090 ms
