Seq Scan on movie_companies mc  (cost=0.00..57926.93 rows=499469 width=0) (actual time=0.298..857.298 rows=814556 loops=1)
  Filter: ((company_id > 17009) AND (company_type_id = 2))
  Rows Removed by Filter: 1794573
Planning time: 0.349 ms
Execution time: 964.648 ms
