Hash Join  (cost=74141.35..161107.77 rows=30838 width=0) (actual time=1163.420..2752.801 rows=68510 loops=1)
  Hash Cond: (mk.movie_id = t.id)
  ->  Seq Scan on movie_keyword mk  (cost=0.00..69693.30 rows=4523930 width=4) (actual time=0.017..835.795 rows=4523930 loops=1)
  ->  Hash  (cost=73925.90..73925.90 rows=17236 width=4) (actual time=1162.178..1162.178 rows=12281 loops=1)
        Buckets: 32768  Batches: 1  Memory Usage: 688kB
        ->  Seq Scan on title t  (cost=0.00..73925.90 rows=17236 width=4) (actual time=0.055..1156.307 rows=12281 loops=1)
              Filter: ((kind_id < 4) AND (production_year = 1999))
              Rows Removed by Filter: 2516031
Planning time: 0.803 ms
Execution time: 2761.607 ms
