Seq Scan on movie_companies mc  (cost=0.00..57926.93 rows=1178776 width=0) (actual time=397.584..1020.074 rows=1274246 loops=1)
  Filter: ((company_id < 111473) AND (company_type_id = 1))
  Rows Removed by Filter: 1334883
Planning time: 3.984 ms
Execution time: 1194.870 ms
