Seq Scan on cast_info ci  (cost=0.00..796071.18 rows=168 width=0) (actual time=212.200..10468.292 rows=12 loops=1)
  Filter: ((role_id > 3) AND (person_id = 167939))
  Rows Removed by Filter: 36244332
Planning time: 0.345 ms
Execution time: 10468.404 ms
