Seq Scan on cast_info ci  (cost=0.00..705507.15 rows=34714118 width=0) (actual time=0.021..11595.289 rows=34725730 loops=1)
  Filter: (person_id < 3762411)
  Rows Removed by Filter: 1518614
Planning time: 0.311 ms
Execution time: 15963.886 ms
