Hash Join  (cost=74369.53..907398.34 rows=460079 width=0) (actual time=873.568..20328.528 rows=469410 loops=1)
  Hash Cond: (ci.movie_id = t.id)
  ->  Seq Scan on cast_info ci  (cost=0.00..705507.15 rows=32778899 width=4) (actual time=0.029..10832.524 rows=32797592 loops=1)
        Filter: (person_id < 3432035)
        Rows Removed by Filter: 3446752
  ->  Hash  (cost=73925.90..73925.90 rows=35490 width=4) (actual time=872.469..872.469 rows=39698 loops=1)
        Buckets: 65536  Batches: 1  Memory Usage: 1908kB
        ->  Seq Scan on title t  (cost=0.00..73925.90 rows=35490 width=4) (actual time=0.046..857.715 rows=39698 loops=1)
              Filter: ((kind_id = 7) AND (production_year = 2001))
              Rows Removed by Filter: 2488614
Planning time: 0.670 ms
Execution time: 20393.681 ms
