Hash Join  (cost=211339.78..254926.72 rows=343546 width=0) (actual time=3545.070..4612.740 rows=322638 loops=1)
  Hash Cond: (mi_idx.movie_id = t.id)
  ->  Seq Scan on movie_info_idx mi_idx  (cost=0.00..21735.35 rows=1380035 width=4) (actual time=0.025..350.314 rows=1380035 loops=1)
  ->  Hash  (cost=201012.64..201012.64 rows=629451 width=8) (actual time=3543.793..3543.793 rows=247967 loops=1)
        Buckets: 131072  Batches: 16  Memory Usage: 1630kB
        ->  Hash Join  (cost=94973.51..201012.64 rows=629451 width=8) (actual time=1492.641..3472.217 rows=247967 loops=1)
              Hash Cond: (mk.movie_id = t.id)
              ->  Seq Scan on movie_keyword mk  (cost=0.00..81003.12 rows=954099 width=4) (actual time=0.021..1233.378 rows=955113 loops=1)
                    Filter: (keyword_id < 895)
                    Rows Removed by Filter: 3568817
              ->  Hash  (cost=67604.59..67604.59 rows=1668154 width=4) (actual time=1491.901..1491.901 rows=1674098 loops=1)
                    Buckets: 131072  Batches: 32  Memory Usage: 2875kB
                    ->  Seq Scan on title t  (cost=0.00..67604.59 rows=1668154 width=4) (actual time=0.013..973.615 rows=1674098 loops=1)
                          Filter: (kind_id > 3)
                          Rows Removed by Filter: 854214
Planning time: 1.059 ms
Execution time: 4655.663 ms
