Seq Scan on cast_info ci  (cost=0.00..705507.15 rows=31531632 width=0) (actual time=0.265..11111.537 rows=31510370 loops=1)
  Filter: (person_id < 3206429)
  Rows Removed by Filter: 4733974
Planning time: 0.345 ms
Execution time: 15029.684 ms
