Hash Join  (cost=911008.44..1278979.98 rows=331561 width=0) (actual time=11664.397..18569.979 rows=618984 loops=1)
  Hash Cond: (mi.movie_id = t.id)
  ->  Seq Scan on movie_info mi  (cost=0.00..309384.22 rows=14739122 width=4) (actual time=0.014..3021.131 rows=14835720 loops=1)
  ->  Hash  (cost=910297.44..910297.44 rows=56880 width=8) (actual time=11664.004..11664.004 rows=46099 loops=1)
        Buckets: 65536  Batches: 1  Memory Usage: 2313kB
        ->  Hash Join  (cost=104131.46..910297.44 rows=56880 width=8) (actual time=9211.631..11647.781 rows=46099 loops=1)
              Hash Cond: (ci.movie_id = t.id)
              ->  Seq Scan on cast_info ci  (cost=0.00..796071.18 rows=64599 width=4) (actual time=7342.870..9368.296 rows=49072 loops=1)
                    Filter: ((person_id < 301902) AND (role_id = 6))
                    Rows Removed by Filter: 36195272
              ->  Hash  (cost=67604.59..67604.59 rows=2226390 width=4) (actual time=1867.539..1867.539 rows=2224569 loops=1)
                    Buckets: 131072  Batches: 32  Memory Usage: 3463kB
                    ->  Seq Scan on title t  (cost=0.00..67604.59 rows=2226390 width=4) (actual time=0.031..1163.290 rows=2224569 loops=1)
                          Filter: (production_year < 2012)
                          Rows Removed by Filter: 303743
Planning time: 1.257 ms
Execution time: 18656.222 ms
