Hash Join  (cost=129930.85..835739.46 rows=1182 width=0) (actual time=4373.353..10800.327 rows=5490 loops=1)
  Hash Cond: (ci.movie_id = t.id)
  ->  Seq Scan on cast_info ci  (cost=0.00..705507.15 rows=77236 width=4) (actual time=2247.544..8640.736 rows=97768 loops=1)
        Filter: (person_id > 4046229)
        Rows Removed by Filter: 36146576
  ->  Hash  (cost=129447.15..129447.15 rows=38696 width=8) (actual time=2125.239..2125.239 rows=66078 loops=1)
        Buckets: 131072 (originally 65536)  Batches: 1 (originally 1)  Memory Usage: 3606kB
        ->  Hash Join  (cost=74394.67..129447.15 rows=38696 width=8) (actual time=896.848..2099.608 rows=66078 loops=1)
              Hash Cond: (mc.movie_id = t.id)
              ->  Seq Scan on movie_companies mc  (cost=0.00..44881.29 rows=2609129 width=4) (actual time=0.036..549.710 rows=2609129 loops=1)
              ->  Hash  (cost=73925.90..73925.90 rows=37501 width=4) (actual time=896.452..896.452 rows=32253 loops=1)
                    Buckets: 65536  Batches: 1  Memory Usage: 1646kB
                    ->  Seq Scan on title t  (cost=0.00..73925.90 rows=37501 width=4) (actual time=1.247..882.933 rows=32253 loops=1)
                          Filter: ((kind_id < 7) AND (production_year = 2005))
                          Rows Removed by Filter: 2496059
Planning time: 1.119 ms
Execution time: 10801.496 ms
