Seq Scan on cast_info ci  (cost=0.00..796071.18 rows=435 width=0) (actual time=2850.342..12689.880 rows=39 loops=1)
  Filter: ((role_id < 10) AND (person_id = 2448537))
  Rows Removed by Filter: 36244305
Planning time: 0.395 ms
Execution time: 12689.986 ms
