Seq Scan on movie_companies mc  (cost=0.00..57926.93 rows=843917 width=0) (actual time=0.029..853.048 rows=1053417 loops=1)
  Filter: ((company_id > 3761) AND (company_type_id = 2))
  Rows Removed by Filter: 1555712
Planning time: 0.360 ms
Execution time: 974.477 ms
