Hash Join  (cost=78556.72..429733.42 rows=43408 width=0) (actual time=5365.293..6788.873 rows=196813 loops=1)
  Hash Cond: (mi.movie_id = t.id)
  ->  Seq Scan on movie_info mi  (cost=0.00..346232.03 rows=164423 width=4) (actual time=4087.822..5270.608 rows=197754 loops=1)
        Filter: (info_type_id > 106)
        Rows Removed by Filter: 14637966
  ->  Hash  (cost=67604.59..67604.59 rows=667531 width=4) (actual time=1251.237..1251.237 rows=662825 loops=1)
        Buckets: 131072  Batches: 16  Memory Usage: 2485kB
        ->  Seq Scan on title t  (cost=0.00..67604.59 rows=667531 width=4) (actual time=261.021..1045.376 rows=662825 loops=1)
              Filter: (kind_id = 1)
              Rows Removed by Filter: 1865487
Planning time: 0.819 ms
Execution time: 6813.010 ms
