Hash Join  (cost=102767.86..1024546.78 rows=4813646 width=0) (actual time=6635.527..22365.565 rows=9880297 loops=1)
  Hash Cond: (ci.movie_id = t.id)
  ->  Seq Scan on cast_info ci  (cost=0.00..796071.18 rows=4813646 width=4) (actual time=5006.389..12141.902 rows=9880297 loops=1)
        Filter: ((person_id < 1346393) AND (role_id < 2))
        Rows Removed by Filter: 26364047
  ->  Hash  (cost=61283.27..61283.27 rows=2528527 width=4) (actual time=1627.940..1627.940 rows=2528312 loops=1)
        Buckets: 131072  Batches: 64  Memory Usage: 2415kB
        ->  Seq Scan on title t  (cost=0.00..61283.27 rows=2528527 width=4) (actual time=0.020..807.459 rows=2528312 loops=1)
Planning time: 0.730 ms
Execution time: 23539.629 ms
