Hash Join  (cost=185481.49..678332.59 rows=3059273 width=0) (actual time=4432.460..24285.782 rows=40752320 loops=1)
  Hash Cond: (mi.movie_id = t.id)
  ->  Seq Scan on movie_info mi  (cost=0.00..346232.03 rows=9767026 width=4) (actual time=182.142..5513.644 rows=9911754 loops=1)
        Filter: (info_type_id > 4)
        Rows Removed by Filter: 4923966
  ->  Hash  (cost=172487.52..172487.52 rows=791997 width=8) (actual time=4249.520..4249.520 rows=1259493 loops=1)
        Buckets: 131072 (originally 131072)  Batches: 32 (originally 16)  Memory Usage: 4156kB
        ->  Hash Join  (cost=86519.03..172487.52 rows=791997 width=8) (actual time=1245.398..3836.059 rows=1259493 loops=1)
              Hash Cond: (mc.movie_id = t.id)
              ->  Seq Scan on movie_companies mc  (cost=0.00..44881.29 rows=2609129 width=4) (actual time=0.036..791.556 rows=2609129 loops=1)
              ->  Hash  (cost=73925.90..73925.90 rows=767530 width=4) (actual time=1244.463..1244.463 rows=677132 loops=1)
                    Buckets: 131072  Batches: 16  Memory Usage: 2512kB
                    ->  Seq Scan on title t  (cost=0.00..73925.90 rows=767530 width=4) (actual time=0.027..1031.161 rows=677132 loops=1)
                          Filter: ((kind_id < 7) AND (production_year > 1978))
                          Rows Removed by Filter: 1851180
Planning time: 1.125 ms
Execution time: 28388.433 ms
