Hash Join  (cost=74506.17..852045.14 rows=336188 width=0) (actual time=896.320..15376.661 rows=146269 loops=1)
  Hash Cond: (ci.movie_id = t.id)
  ->  Seq Scan on cast_info ci  (cost=0.00..705507.15 rows=18311984 width=4) (actual time=0.020..9917.970 rows=18479436 loops=1)
        Filter: (person_id > 1759466)
        Rows Removed by Filter: 17764908
  ->  Hash  (cost=73925.90..73925.90 rows=46421 width=4) (actual time=895.912..895.912 rows=26700 loops=1)
        Buckets: 65536  Batches: 1  Memory Usage: 1451kB
        ->  Seq Scan on title t  (cost=0.00..73925.90 rows=46421 width=4) (actual time=151.424..885.387 rows=26700 loops=1)
              Filter: ((production_year < 2000) AND (kind_id = 4))
              Rows Removed by Filter: 2501612
Planning time: 0.693 ms
Execution time: 15398.909 ms
