Seq Scan on cast_info ci  (cost=0.00..705507.15 rows=11456035 width=0) (actual time=0.023..9233.727 rows=11360521 loops=1)
  Filter: (person_id < 1116529)
  Rows Removed by Filter: 24883823
Planning time: 0.233 ms
Execution time: 10631.964 ms
