Hash Join  (cost=559669.70..1413860.83 rows=1845375 width=0) (actual time=11593.022..26056.455 rows=6091148 loops=1)
  Hash Cond: (ci.movie_id = t.id)
  ->  Seq Scan on cast_info ci  (cost=0.00..705507.15 rows=8362432 width=4) (actual time=1257.711..10128.262 rows=8321245 loops=1)
        Filter: (person_id > 2850759)
        Rows Removed by Filter: 27923099
  ->  Hash  (cost=550514.94..550514.94 rows=557981 width=8) (actual time=10334.361..10334.361 rows=480316 loops=1)
        Buckets: 131072  Batches: 8  Memory Usage: 3278kB
        ->  Hash Join  (cost=69687.24..550514.94 rows=557981 width=8) (actual time=915.374..10180.490 rows=480316 loops=1)
              Hash Cond: (mi.movie_id = t.id)
              ->  Seq Scan on movie_info mi  (cost=0.00..346232.03 rows=11115165 width=4) (actual time=0.029..5388.568 rows=11210743 loops=1)
                    Filter: (info_type_id > 3)
                    Rows Removed by Filter: 3624977
              ->  Hash  (cost=67604.59..67604.59 rows=126932 width=4) (actual time=914.549..914.549 rows=122861 loops=1)
                    Buckets: 131072  Batches: 2  Memory Usage: 3197kB
                    ->  Seq Scan on title t  (cost=0.00..67604.59 rows=126932 width=4) (actual time=0.020..866.736 rows=122861 loops=1)
                          Filter: (production_year = 2008)
                          Rows Removed by Filter: 2405451
Planning time: 1.143 ms
Execution time: 26816.144 ms
