Hash Join  (cost=216997.59..356199.21 rows=1661440 width=0) (actual time=4868.701..8439.348 rows=2760973 loops=1)
  Hash Cond: (mk.movie_id = t.id)
  ->  Seq Scan on movie_keyword mk  (cost=0.00..81003.12 rows=3145092 width=4) (actual time=0.024..1449.480 rows=3129446 loops=1)
        Filter: (keyword_id < 12015)
        Rows Removed by Filter: 1394484
  ->  Hash  (cost=195082.95..195082.95 rows=1335731 width=8) (actual time=4866.261..4866.261 rows=982142 loops=1)
        Buckets: 131072  Batches: 32  Memory Usage: 2208kB
        ->  Hash Join  (cost=95609.53..195082.95 rows=1335731 width=8) (actual time=1633.981..4590.775 rows=982142 loops=1)
              Hash Cond: (mc.movie_id = t.id)
              ->  Seq Scan on movie_companies mc  (cost=0.00..51404.11 rows=2555467 width=4) (actual time=0.025..994.156 rows=2556572 loops=1)
                    Filter: (company_id < 189466)
                    Rows Removed by Filter: 52557
              ->  Hash  (cost=73925.90..73925.90 rows=1321650 width=4) (actual time=1632.405..1632.405 rows=1298128 loops=1)
                    Buckets: 131072  Batches: 32  Memory Usage: 2450kB
                    ->  Seq Scan on title t  (cost=0.00..73925.90 rows=1321650 width=4) (actual time=0.024..1218.753 rows=1298128 loops=1)
                          Filter: ((kind_id > 1) AND (production_year < 2009))
                          Rows Removed by Filter: 1230184
Planning time: 1.194 ms
Execution time: 8750.180 ms
