Hash Join  (cost=263115.61..418233.48 rows=2705297 width=0) (actual time=6060.735..13477.966 rows=20882271 loops=1)
  Hash Cond: (mk.movie_id = t.id)
  ->  Seq Scan on movie_keyword mk  (cost=0.00..81003.12 rows=2621724 width=4) (actual time=0.024..1479.897 rows=2611485 loops=1)
        Filter: (keyword_id > 3287)
        Rows Removed by Filter: 1912445
  ->  Hash  (cost=220309.49..220309.49 rows=2609129 width=8) (actual time=6059.522..6059.522 rows=2609129 loops=1)
        Buckets: 131072  Batches: 64  Memory Usage: 2691kB
        ->  Hash Join  (cost=102767.86..220309.49 rows=2609129 width=8) (actual time=1711.979..5199.664 rows=2609129 loops=1)
              Hash Cond: (mc.movie_id = t.id)
              ->  Seq Scan on movie_companies mc  (cost=0.00..44881.29 rows=2609129 width=4) (actual time=0.016..725.675 rows=2609129 loops=1)
              ->  Hash  (cost=61283.27..61283.27 rows=2528527 width=4) (actual time=1710.740..1710.740 rows=2528312 loops=1)
                    Buckets: 131072  Batches: 64  Memory Usage: 2415kB
                    ->  Seq Scan on title t  (cost=0.00..61283.27 rows=2528527 width=4) (actual time=0.015..865.666 rows=2528312 loops=1)
Planning time: 1.147 ms
Execution time: 15618.651 ms
