Hash Join  (cost=73950.44..134335.92 rows=508 width=0) (actual time=635.098..950.001 rows=2553 loops=1)
  Hash Cond: (mc.movie_id = t.id)
  ->  Seq Scan on movie_companies mc  (cost=0.00..57926.93 rows=654257 width=4) (actual time=94.198..446.696 rows=890802 loops=1)
        Filter: ((company_id < 11379) AND (company_type_id = 1))
        Rows Removed by Filter: 1718327
  ->  Hash  (cost=73925.90..73925.90 rows=1963 width=4) (actual time=437.369..437.369 rows=4189 loops=1)
        Buckets: 8192 (originally 2048)  Batches: 1 (originally 1)  Memory Usage: 212kB
        ->  Seq Scan on title t  (cost=0.00..73925.90 rows=1963 width=4) (actual time=0.265..436.342 rows=4189 loops=1)
              Filter: ((kind_id < 2) AND (production_year = 1981))
              Rows Removed by Filter: 2524123
Planning time: 0.760 ms
Execution time: 950.341 ms
