Hash Join  (cost=28270.40..87093.93 rows=35 width=0) (actual time=326.228..1043.058 rows=21 loops=1)
  Hash Cond: (mc.movie_id = t.id)
  ->  Seq Scan on movie_companies mc  (cost=0.00..57926.93 rows=238999 width=4) (actual time=0.094..700.118 rows=119446 loops=1)
        Filter: ((company_id < 401) AND (company_type_id > 1))
        Rows Removed by Filter: 2489683
  ->  Hash  (cost=28265.80..28265.80 rows=368 width=8) (actual time=325.001..325.001 rows=260 loops=1)
        Buckets: 1024  Batches: 1  Memory Usage: 19kB
        ->  Nested Loop  (cost=0.43..28265.80 rows=368 width=8) (actual time=34.608..324.893 rows=260 loops=1)
              ->  Seq Scan on movie_info_idx mi_idx  (cost=0.00..25185.44 rows=368 width=4) (actual time=34.519..320.800 rows=260 loops=1)
                    Filter: (info_type_id > 101)
                    Rows Removed by Filter: 1379775
              ->  Index Only Scan using title_pkey on title t  (cost=0.43..8.36 rows=1 width=4) (actual time=0.015..0.015 rows=1 loops=260)
                    Index Cond: (id = mi_idx.movie_id)
                    Heap Fetches: 260
Planning time: 1.036 ms
Execution time: 1043.153 ms
