Seq Scan on movie_companies mc  (cost=0.00..57926.93 rows=1596 width=0) (actual time=90.912..647.813 rows=1320 loops=1)
  Filter: ((company_id = 92) AND (company_type_id = 2))
  Rows Removed by Filter: 2607809
Planning time: 0.365 ms
Execution time: 648.137 ms
