Hash Join  (cost=99591.38..635266.65 rows=6831332 width=0) (actual time=1914.402..13711.509 rows=5768703 loops=1)
  Hash Cond: (mi.movie_id = t.id)
  ->  Seq Scan on movie_info mi  (cost=0.00..346232.03 rows=8859586 width=4) (actual time=0.026..5176.838 rows=8966694 loops=1)
        Filter: (info_type_id < 15)
        Rows Removed by Filter: 5869026
  ->  Hash  (cost=67604.59..67604.59 rows=1949663 width=4) (actual time=1913.178..1913.178 rows=1947263 loops=1)
        Buckets: 131072  Batches: 32  Memory Usage: 3180kB
        ->  Seq Scan on title t  (cost=0.00..67604.59 rows=1949663 width=4) (actual time=0.012..1010.165 rows=1947263 loops=1)
              Filter: (production_year > 1979)
              Rows Removed by Filter: 581049
Planning time: 0.738 ms
Execution time: 14413.412 ms
