Hash Join  (cost=102767.86..198430.99 rows=1157674 width=0) (actual time=1614.057..4055.530 rows=1274246 loops=1)
  Hash Cond: (mc.movie_id = t.id)
  ->  Seq Scan on movie_companies mc  (cost=0.00..57926.93 rows=1157674 width=4) (actual time=0.012..1120.528 rows=1274246 loops=1)
        Filter: ((company_id < 100924) AND (company_type_id < 2))
        Rows Removed by Filter: 1334883
  ->  Hash  (cost=61283.27..61283.27 rows=2528527 width=4) (actual time=1613.124..1613.124 rows=2528312 loops=1)
        Buckets: 131072  Batches: 64  Memory Usage: 2415kB
        ->  Seq Scan on title t  (cost=0.00..61283.27 rows=2528527 width=4) (actual time=0.012..826.337 rows=2528312 loops=1)
Planning time: 0.614 ms
Execution time: 4189.850 ms
