Hash Join  (cost=123381.55..249343.35 rows=324977 width=0) (actual time=2483.083..5619.871 rows=850677 loops=1)
  Hash Cond: (mk.movie_id = t.id)
  ->  Seq Scan on movie_keyword mk  (cost=0.00..69693.30 rows=4523930 width=4) (actual time=0.021..1419.488 rows=4523930 loops=1)
  ->  Hash  (cost=120401.08..120401.08 rows=181637 width=8) (actual time=2482.227..2482.227 rows=143567 loops=1)
        Buckets: 131072  Batches: 4  Memory Usage: 2425kB
        ->  Hash Join  (cost=84197.31..120401.08 rows=181637 width=8) (actual time=1499.428..2440.449 rows=143567 loops=1)
              Hash Cond: (mi_idx.movie_id = t.id)
              ->  Seq Scan on movie_info_idx mi_idx  (cost=0.00..25185.44 rows=454124 width=4) (actual time=0.023..508.510 rows=459925 loops=1)
                    Filter: (info_type_id = 100)
                    Rows Removed by Filter: 920110
              ->  Hash  (cost=67604.59..67604.59 rows=1011338 width=4) (actual time=1498.342..1498.342 rows=1012920 loops=1)
                    Buckets: 131072  Batches: 16  Memory Usage: 3250kB
                    ->  Seq Scan on title t  (cost=0.00..67604.59 rows=1011338 width=4) (actual time=0.019..1177.996 rows=1012920 loops=1)
                          Filter: (production_year > 2005)
                          Rows Removed by Filter: 1515392
Planning time: 1.140 ms
Execution time: 5716.843 ms
