Seq Scan on movie_keyword mk  (cost=0.00..81003.12 rows=3900018 width=0) (actual time=0.014..1117.552 rows=3896229 loops=1)
  Filter: (keyword_id < 29253)
  Rows Removed by Filter: 627701
Planning time: 0.294 ms
Execution time: 1542.004 ms
