Hash Join  (cost=85280.32..468538.76 rows=883631 width=0) (actual time=1429.676..5924.639 rows=1066739 loops=1)
  Hash Cond: (mi.movie_id = t.id)
  ->  Seq Scan on movie_info mi  (cost=0.00..346232.03 rows=2073893 width=4) (actual time=399.200..3530.752 rows=2091068 loops=1)
        Filter: (info_type_id < 3)
        Rows Removed by Filter: 12744652
  ->  Hash  (cost=67604.59..67604.59 rows=1077339 width=4) (actual time=1029.430..1029.430 rows=1074765 loops=1)
        Buckets: 131072  Batches: 16  Memory Usage: 3396kB
        ->  Seq Scan on title t  (cost=0.00..67604.59 rows=1077339 width=4) (actual time=0.024..750.768 rows=1074765 loops=1)
              Filter: (production_year < 2001)
              Rows Removed by Filter: 1453547
Planning time: 0.780 ms
Execution time: 6017.085 ms
