Hash Join  (cost=52284.59..416942.27 rows=175 width=0) (actual time=708.601..6382.807 rows=2021 loops=1)
  Hash Cond: (mi.movie_id = t.id)
  ->  Seq Scan on movie_info mi  (cost=0.00..309384.22 rows=14739122 width=4) (actual time=0.011..3060.745 rows=14835720 loops=1)
  ->  Hash  (cost=52284.21..52284.21 rows=30 width=8) (actual time=664.809..664.809 rows=31 loops=1)
        Buckets: 1024  Batches: 1  Memory Usage: 10kB
        ->  Nested Loop  (cost=0.43..52284.21 rows=30 width=8) (actual time=261.488..664.768 rows=31 loops=1)
              ->  Seq Scan on movie_companies mc  (cost=0.00..51404.11 rows=104 width=4) (actual time=261.420..662.743 rows=79 loops=1)
                    Filter: (company_id = 63508)
                    Rows Removed by Filter: 2609050
              ->  Index Scan using title_pkey on title t  (cost=0.43..8.45 rows=1 width=4) (actual time=0.023..0.024 rows=0 loops=79)
                    Index Cond: (id = mc.movie_id)
                    Filter: ((kind_id < 4) AND (production_year > 1967))
                    Rows Removed by Filter: 1
Planning time: 2.267 ms
Execution time: 6383.431 ms
