Hash Join  (cost=483817.44..623596.46 rows=1459098 width=0) (actual time=10210.121..12275.545 rows=460194 loops=1)
  Hash Cond: (mk.movie_id = t.id)
  ->  Seq Scan on movie_keyword mk  (cost=0.00..69693.30 rows=4523930 width=4) (actual time=0.023..1488.235 rows=4523930 loops=1)
  ->  Hash  (cost=470437.40..470437.40 rows=815523 width=8) (actual time=8875.789..8875.789 rows=309514 loops=1)
        Buckets: 131072  Batches: 16  Memory Usage: 1778kB
        ->  Hash Join  (cost=92883.59..470437.40 rows=815523 width=8) (actual time=5649.094..8793.201 rows=309514 loops=1)
              Hash Cond: (mi.movie_id = t.id)
              ->  Seq Scan on movie_info mi  (cost=0.00..346232.03 rows=1338312 width=4) (actual time=3806.967..5729.521 rows=1401902 loops=1)
                    Filter: (info_type_id = 7)
                    Rows Removed by Filter: 13433818
              ->  Hash  (cost=67604.59..67604.59 rows=1540800 width=4) (actual time=1840.838..1840.838 rows=1543264 loops=1)
                    Buckets: 131072  Batches: 32  Memory Usage: 2728kB
                    ->  Seq Scan on title t  (cost=0.00..67604.59 rows=1540800 width=4) (actual time=0.033..1331.460 rows=1543264 loops=1)
                          Filter: (kind_id = 7)
                          Rows Removed by Filter: 985048
Planning time: 3.592 ms
Execution time: 12322.842 ms
