Hash Join  (cost=83072.93..434360.76 rows=28 width=0) (actual time=1369.050..5526.163 rows=68 loops=1)
  Hash Cond: (mi.movie_id = t.id)
  ->  Seq Scan on movie_info mi  (cost=0.00..346232.03 rows=1348138 width=4) (actual time=165.910..4187.546 rows=1298989 loops=1)
        Filter: (info_type_id = 4)
        Rows Removed by Filter: 13536731
  ->  Hash  (cost=83072.29..83072.29 rows=52 width=8) (actual time=1154.574..1154.574 rows=65 loops=1)
        Buckets: 1024  Batches: 1  Memory Usage: 11kB
        ->  Nested Loop  (cost=0.43..83072.29 rows=52 width=8) (actual time=1.941..1154.462 rows=65 loops=1)
              ->  Seq Scan on movie_keyword mk  (cost=0.00..81003.12 rows=246 width=4) (actual time=0.230..1122.696 rows=1269 loops=1)
                    Filter: (keyword_id = 3521)
                    Rows Removed by Filter: 4522661
              ->  Index Scan using title_pkey on title t  (cost=0.43..8.40 rows=1 width=4) (actual time=0.024..0.024 rows=0 loops=1269)
                    Index Cond: (id = mk.movie_id)
                    Filter: (production_year > 2009)
                    Rows Removed by Filter: 1
Planning time: 1.177 ms
Execution time: 5526.357 ms
