Seq Scan on movie_keyword mk  (cost=0.00..81003.12 rows=3869425 width=0) (actual time=0.027..1233.831 rows=3868125 loops=1)
  Filter: (keyword_id > 503)
  Rows Removed by Filter: 655805
Planning time: 0.310 ms
Execution time: 1657.811 ms
