Hash Join  (cost=709678.15..1064144.33 rows=434 width=0) (actual time=9324.887..14002.913 rows=395 loops=1)
  Hash Cond: (mi.movie_id = t.id)
  ->  Seq Scan on movie_info mi  (cost=0.00..346232.03 rows=2194617 width=4) (actual time=0.012..4356.120 rows=2233850 loops=1)
        Filter: (info_type_id > 16)
        Rows Removed by Filter: 12601870
  ->  Hash  (cost=709671.90..709671.90 rows=500 width=8) (actual time=9323.621..9323.621 rows=185 loops=1)
        Buckets: 1024  Batches: 1  Memory Usage: 16kB
        ->  Nested Loop  (cost=0.43..709671.90 rows=500 width=8) (actual time=4675.570..9323.521 rows=185 loops=1)
              ->  Seq Scan on cast_info ci  (cost=0.00..705507.15 rows=500 width=4) (actual time=4675.471..9319.828 rows=185 loops=1)
                    Filter: (person_id = 140617)
                    Rows Removed by Filter: 36244159
              ->  Index Only Scan using title_pkey on title t  (cost=0.43..8.32 rows=1 width=4) (actual time=0.019..0.019 rows=1 loops=185)
                    Index Cond: (id = ci.movie_id)
                    Heap Fetches: 185
Planning time: 1.168 ms
Execution time: 14003.145 ms
