Hash Join  (cost=235805.07..788909.88 rows=6869487 width=0) (actual time=4423.086..16318.452 rows=3113210 loops=1)
  Hash Cond: (mi.movie_id = t.id)
  ->  Seq Scan on movie_info mi  (cost=0.00..309384.22 rows=14739122 width=4) (actual time=0.019..4414.806 rows=14835720 loops=1)
  ->  Hash  (cost=216470.13..216470.13 rows=1178475 width=8) (actual time=4095.142..4095.142 rows=296978 loops=1)
        Buckets: 131072  Batches: 16  Memory Usage: 1771kB
        ->  Hash Join  (cost=92883.59..216470.13 rows=1178475 width=8) (actual time=1791.102..4003.391 rows=296978 loops=1)
              Hash Cond: (mk.movie_id = t.id)
              ->  Seq Scan on movie_keyword mk  (cost=0.00..81003.12 rows=1933934 width=4) (actual time=0.025..1276.154 rows=1943548 loops=1)
                    Filter: (keyword_id > 6727)
                    Rows Removed by Filter: 2580382
              ->  Hash  (cost=67604.59..67604.59 rows=1540800 width=4) (actual time=1539.161..1539.161 rows=1543264 loops=1)
                    Buckets: 131072  Batches: 32  Memory Usage: 2728kB
                    ->  Seq Scan on title t  (cost=0.00..67604.59 rows=1540800 width=4) (actual time=0.025..1025.180 rows=1543264 loops=1)
                          Filter: (kind_id = 7)
                          Rows Removed by Filter: 985048
Planning time: 1.139 ms
Execution time: 16650.168 ms
