Seq Scan on title t  (cost=0.00..73925.90 rows=2354 width=0) (actual time=182.686..915.263 rows=2224 loops=1)
  Filter: ((kind_id = 2) AND (production_year = 2013))
  Rows Removed by Filter: 2526088
Planning time: 0.349 ms
Execution time: 916.094 ms
