Hash Join  (cost=190230.21..1359700.91 rows=11800759 width=0) (actual time=5076.835..41292.293 rows=22187008 loops=1)
  Hash Cond: (ci.movie_id = t.id)
  ->  Seq Scan on cast_info ci  (cost=0.00..796071.18 rows=21621581 width=4) (actual time=0.015..15994.855 rows=20620655 loops=1)
        Filter: ((person_id < 3510936) AND (role_id > 1))
        Rows Removed by Filter: 15623689
  ->  Hash  (cost=167588.78..167588.78 rows=1380035 width=8) (actual time=5075.633..5075.633 rows=1380035 loops=1)
        Buckets: 131072  Batches: 32  Memory Usage: 2708kB
        ->  Hash Join  (cost=102767.86..167588.78 rows=1380035 width=8) (actual time=1619.689..4670.997 rows=1380035 loops=1)
              Hash Cond: (mi_idx.movie_id = t.id)
              ->  Seq Scan on movie_info_idx mi_idx  (cost=0.00..21735.35 rows=1380035 width=4) (actual time=0.014..377.504 rows=1380035 loops=1)
              ->  Hash  (cost=61283.27..61283.27 rows=2528527 width=4) (actual time=1618.138..1618.138 rows=2528312 loops=1)
                    Buckets: 131072  Batches: 64  Memory Usage: 2415kB
                    ->  Seq Scan on title t  (cost=0.00..61283.27 rows=2528527 width=4) (actual time=0.021..806.006 rows=2528312 loops=1)
Planning time: 1.124 ms
Execution time: 43884.111 ms
