Hash Join  (cost=897634.54..1395156.58 rows=1660312 width=0) (actual time=12373.390..23793.163 rows=1939822 loops=1)
  Hash Cond: (mi.movie_id = t.id)
  ->  Seq Scan on movie_info mi  (cost=0.00..309384.22 rows=14739122 width=4) (actual time=0.015..4662.176 rows=14835720 loops=1)
  ->  Hash  (cost=892961.16..892961.16 rows=284830 width=8) (actual time=12372.574..12372.574 rows=230545 loops=1)
        Buckets: 131072  Batches: 4  Memory Usage: 3287kB
        ->  Hash Join  (cost=76379.89..892961.16 rows=284830 width=8) (actual time=9554.486..12308.391 rows=230545 loops=1)
              Hash Cond: (ci.movie_id = t.id)
              ->  Seq Scan on cast_info ci  (cost=0.00..796071.18 rows=1346612 width=4) (actual time=8607.937..10789.023 rows=925954 loops=1)
                    Filter: ((person_id < 1192104) AND (role_id = 3))
                    Rows Removed by Filter: 35318390
              ->  Hash  (cost=67604.59..67604.59 rows=534824 width=4) (actual time=945.599..945.599 rows=533369 loops=1)
                    Buckets: 131072  Batches: 8  Memory Usage: 3369kB
                    ->  Seq Scan on title t  (cost=0.00..67604.59 rows=534824 width=4) (actual time=0.015..793.964 rows=533369 loops=1)
                          Filter: (production_year > 2009)
                          Rows Removed by Filter: 1994943
Planning time: 1.192 ms
Execution time: 23996.828 ms
