Seq Scan on movie_keyword mk  (cost=0.00..81003.12 rows=543810 width=0) (actual time=0.025..1141.906 rows=539799 loops=1)
  Filter: (keyword_id > 34043)
  Rows Removed by Filter: 3984131
Planning time: 0.309 ms
Execution time: 1214.508 ms
