Hash Join  (cost=279765.96..1657392.42 rows=29061731 width=0) (actual time=5797.696..41275.568 rows=17648403 loops=1)
  Hash Cond: (ci.movie_id = t.id)
  ->  Seq Scan on cast_info ci  (cost=0.00..614943.12 rows=36225612 width=4) (actual time=0.012..13914.004 rows=36244344 loops=1)
  ->  Hash  (cost=246485.81..246485.81 rows=2028492 width=8) (actual time=5796.009..5796.009 rows=513663 loops=1)
        Buckets: 131072  Batches: 32  Memory Usage: 1640kB
        ->  Hash Join  (cost=96184.51..246485.81 rows=2028492 width=8) (actual time=1931.322..5662.005 rows=513663 loops=1)
              Hash Cond: (mk.movie_id = t.id)
              ->  Seq Scan on movie_keyword mk  (cost=0.00..81003.12 rows=3780602 width=4) (actual time=0.013..1796.172 rows=3773536 loops=1)
                    Filter: (keyword_id > 680)
                    Rows Removed by Filter: 750394
              ->  Hash  (cost=73925.90..73925.90 rows=1356688 width=4) (actual time=1930.519..1930.519 rows=1327781 loops=1)
                    Buckets: 131072  Batches: 32  Memory Usage: 2485kB
                    ->  Seq Scan on title t  (cost=0.00..73925.90 rows=1356688 width=4) (actual time=0.014..1505.261 rows=1327781 loops=1)
                          Filter: ((production_year < 2012) AND (kind_id = 7))
                          Rows Removed by Filter: 1200531
Planning time: 1.216 ms
Execution time: 43090.770 ms
