Hash Join  (cost=234704.89..1109571.62 rows=1996707 width=0) (actual time=8718.514..31789.663 rows=39843042 loops=1)
  Hash Cond: (ci.movie_id = t.id)
  ->  Seq Scan on cast_info ci  (cost=0.00..796071.18 rows=4227294 width=4) (actual time=1875.843..12546.532 rows=3672981 loops=1)
        Filter: ((person_id < 3905841) AND (role_id = 10))
        Rows Removed by Filter: 32571363
  ->  Hash  (cost=215109.93..215109.93 rows=1194317 width=8) (actual time=6840.787..6840.787 rows=2886675 loops=1)
        Buckets: 131072 (originally 131072)  Batches: 64 (originally 16)  Memory Usage: 3073kB
        ->  Hash Join  (cost=78556.72..215109.93 rows=1194317 width=8) (actual time=1123.448..5930.070 rows=2886675 loops=1)
              Hash Cond: (mk.movie_id = t.id)
              ->  Seq Scan on movie_keyword mk  (cost=0.00..69693.30 rows=4523930 width=4) (actual time=0.032..1241.632 rows=4523930 loops=1)
              ->  Hash  (cost=67604.59..67604.59 rows=667531 width=4) (actual time=1122.434..1122.434 rows=662825 loops=1)
                    Buckets: 131072  Batches: 16  Memory Usage: 2486kB
                    ->  Seq Scan on title t  (cost=0.00..67604.59 rows=667531 width=4) (actual time=187.246..909.491 rows=662825 loops=1)
                          Filter: (kind_id = 1)
                          Rows Removed by Filter: 1865487
Planning time: 1.242 ms
Execution time: 36309.951 ms
