Seq Scan on movie_companies mc  (cost=0.00..51404.11 rows=104 width=0) (actual time=0.569..620.187 rows=35 loops=1)
  Filter: (company_id = 15191)
  Rows Removed by Filter: 2609094
Planning time: 0.356 ms
Execution time: 620.283 ms
