Seq Scan on movie_companies mc  (cost=0.00..51404.11 rows=631415 width=0) (actual time=0.023..703.980 rows=635424 loops=1)
  Filter: (company_id > 58212)
  Rows Removed by Filter: 1973705
Planning time: 0.281 ms
Execution time: 774.078 ms
