Hash Join  (cost=118204.80..604449.17 rows=603345 width=0) (actual time=2204.392..13666.435 rows=4393406 loops=1)
  Hash Cond: (mi.movie_id = t.id)
  ->  Seq Scan on movie_info mi  (cost=0.00..309384.22 rows=14739122 width=4) (actual time=0.018..4484.656 rows=14835720 loops=1)
  ->  Hash  (cost=116505.99..116505.99 rows=103505 width=8) (actual time=2203.447..2203.447 rows=230638 loops=1)
        Buckets: 131072 (originally 131072)  Batches: 4 (originally 2)  Memory Usage: 3292kB
        ->  Hash Join  (cost=77037.46..116505.99 rows=103505 width=8) (actual time=1027.961..2122.889 rows=230638 loops=1)
              Hash Cond: (mi_idx.movie_id = t.id)
              ->  Seq Scan on movie_info_idx mi_idx  (cost=0.00..21735.35 rows=1380035 width=4) (actual time=0.025..394.361 rows=1380035 loops=1)
              ->  Hash  (cost=73925.90..73925.90 rows=189644 width=4) (actual time=1026.824..1026.824 rows=294316 loops=1)
                    Buckets: 131072  Batches: 4  Memory Usage: 3615kB
                    ->  Seq Scan on title t  (cost=0.00..73925.90 rows=189644 width=4) (actual time=0.050..931.820 rows=294316 loops=1)
                          Filter: ((kind_id < 7) AND (production_year < 1978))
                          Rows Removed by Filter: 2233996
Planning time: 1.110 ms
Execution time: 14202.907 ms
