Hash Join  (cost=77561.16..797949.59 rows=215035 width=0) (actual time=10025.183..12300.839 rows=231840 loops=1)
  Hash Cond: (ci.movie_id = t.id)
  ->  Seq Scan on cast_info ci  (cost=0.00..705507.15 rows=895980 width=4) (actual time=8884.968..10637.972 rows=898389 loops=1)
        Filter: (role_id = 5)
        Rows Removed by Filter: 35345955
  ->  Hash  (cost=67604.59..67604.59 rows=606846 width=4) (actual time=1138.975..1138.975 rows=603411 loops=1)
        Buckets: 131072  Batches: 8  Memory Usage: 3668kB
        ->  Seq Scan on title t  (cost=0.00..67604.59 rows=606846 width=4) (actual time=0.037..944.410 rows=603411 loops=1)
              Filter: (production_year < 1986)
              Rows Removed by Filter: 1924901
Planning time: 0.696 ms
Execution time: 12323.089 ms
