Hash Join  (cost=74642.22..159929.90 rows=24418 width=0) (actual time=904.114..2301.694 rows=44939 loops=1)
  Hash Cond: (mk.movie_id = t.id)
  ->  Seq Scan on movie_keyword mk  (cost=0.00..81003.12 rows=1077434 width=4) (actual time=0.016..1183.337 rows=1088237 loops=1)
        Filter: (keyword_id > 16264)
        Rows Removed by Filter: 3435693
  ->  Hash  (cost=73925.90..73925.90 rows=57305 width=4) (actual time=903.628..903.628 rows=45651 loops=1)
        Buckets: 65536  Batches: 1  Memory Usage: 2117kB
        ->  Seq Scan on title t  (cost=0.00..73925.90 rows=57305 width=4) (actual time=59.339..886.766 rows=45651 loops=1)
              Filter: ((production_year < 2004) AND (kind_id = 4))
              Rows Removed by Filter: 2482661
Planning time: 0.685 ms
Execution time: 2308.027 ms
