Hash Join  (cost=102767.86..1030356.44 rows=5055102 width=0) (actual time=3516.679..20243.174 rows=8254339 loops=1)
  Hash Cond: (ci.movie_id = t.id)
  ->  Seq Scan on cast_info ci  (cost=0.00..796071.18 rows=5055102 width=4) (actual time=1942.799..12072.700 rows=8254339 loops=1)
        Filter: ((person_id > 2126563) AND (role_id > 3))
        Rows Removed by Filter: 27990005
  ->  Hash  (cost=61283.27..61283.27 rows=2528527 width=4) (actual time=1571.615..1571.615 rows=2528312 loops=1)
        Buckets: 131072  Batches: 64  Memory Usage: 2415kB
        ->  Seq Scan on title t  (cost=0.00..61283.27 rows=2528527 width=4) (actual time=0.021..775.457 rows=2528312 loops=1)
Planning time: 0.606 ms
Execution time: 21059.158 ms
