Hash Join  (cost=75867.62..106979.48 rows=21246 width=0) (actual time=1051.774..2240.091 rows=12108 loops=1)
  Hash Cond: (mi_idx.movie_id = t.id)
  ->  Seq Scan on movie_info_idx mi_idx  (cost=0.00..25185.44 rows=454124 width=4) (actual time=0.015..436.265 rows=459925 loops=1)
        Filter: (info_type_id = 100)
        Rows Removed by Filter: 920110
  ->  Hash  (cost=73925.90..73925.90 rows=118297 width=4) (actual time=1050.077..1050.077 rows=122606 loops=1)
        Buckets: 131072  Batches: 2  Memory Usage: 3179kB
        ->  Seq Scan on title t  (cost=0.00..73925.90 rows=118297 width=4) (actual time=0.024..1004.454 rows=122606 loops=1)
              Filter: ((kind_id > 1) AND (production_year = 2011))
              Rows Removed by Filter: 2405706
Planning time: 0.751 ms
Execution time: 2242.380 ms
