Hash Join  (cost=94699.36..819862.17 rows=8378 width=0) (actual time=3646.670..11268.750 rows=42 loops=1)
  Hash Cond: (ci.movie_id = t.id)
  ->  Seq Scan on cast_info ci  (cost=0.00..705507.15 rows=5219168 width=4) (actual time=2097.677..9051.556 rows=5279847 loops=1)
        Filter: (person_id > 3132838)
        Rows Removed by Filter: 30964497
  ->  Hash  (cost=94648.62..94648.62 rows=4059 width=8) (actual time=1304.788..1304.788 rows=504 loops=1)
        Buckets: 4096  Batches: 1  Memory Usage: 52kB
        ->  Hash Join  (cost=67697.55..94648.62 rows=4059 width=8) (actual time=773.356..1304.547 rows=504 loops=1)
              Hash Cond: (mi_idx.movie_id = t.id)
              ->  Seq Scan on movie_info_idx mi_idx  (cost=0.00..21735.35 rows=1380035 width=4) (actual time=0.019..257.373 rows=1380035 loops=1)
              ->  Hash  (cost=67604.59..67604.59 rows=7437 width=4) (actual time=771.158..771.158 rows=1787 loops=1)
                    Buckets: 8192  Batches: 1  Memory Usage: 127kB
                    ->  Seq Scan on title t  (cost=0.00..67604.59 rows=7437 width=4) (actual time=0.017..770.255 rows=1787 loops=1)
                          Filter: (production_year = 1899)
                          Rows Removed by Filter: 2526525
Planning time: 1.188 ms
Execution time: 11268.921 ms
