Hash Join  (cost=71214.36..1137393.83 rows=3151630 width=0) (actual time=1005.768..27425.639 rows=2179068 loops=1)
  Hash Cond: (ci.movie_id = t.id)
  ->  Seq Scan on cast_info ci  (cost=0.00..614943.12 rows=36225612 width=4) (actual time=0.021..10117.228 rows=36244344 loops=1)
  ->  Hash  (cost=67604.59..67604.59 rows=219982 width=4) (actual time=1004.661..1004.661 rows=221115 loops=1)
        Buckets: 131072  Batches: 4  Memory Usage: 2967kB
        ->  Seq Scan on title t  (cost=0.00..67604.59 rows=219982 width=4) (actual time=0.020..930.047 rows=221115 loops=1)
              Filter: (production_year < 1958)
              Rows Removed by Filter: 2307197
Planning time: 0.671 ms
Execution time: 27674.083 ms
