Nested Loop  (cost=0.43..83072.29 rows=63 width=0) (actual time=0.912..1093.206 rows=181 loops=1)
  ->  Seq Scan on movie_keyword mk  (cost=0.00..81003.12 rows=246 width=4) (actual time=0.843..1074.873 rows=625 loops=1)
        Filter: (keyword_id = 5261)
        Rows Removed by Filter: 4523305
  ->  Index Scan using title_pkey on title t  (cost=0.43..8.40 rows=1 width=4) (actual time=0.028..0.028 rows=0 loops=625)
        Index Cond: (id = mk.movie_id)
        Filter: (production_year < 1988)
        Rows Removed by Filter: 1
Planning time: 6.559 ms
Execution time: 1093.414 ms
