Seq Scan on cast_info ci  (cost=0.00..796071.18 rows=11608822 width=0) (actual time=0.021..13997.835 rows=10459680 loops=1)
  Filter: ((person_id > 298275) AND (role_id = 1))
  Rows Removed by Filter: 25784664
Planning time: 0.366 ms
Execution time: 15346.730 ms
