Hash Join  (cost=102767.86..1017800.95 rows=4533287 width=0) (actual time=9423.249..21879.304 rows=7449716 loops=1)
  Hash Cond: (ci.movie_id = t.id)
  ->  Seq Scan on cast_info ci  (cost=0.00..796071.18 rows=4533287 width=4) (actual time=6999.225..12850.031 rows=7449716 loops=1)
        Filter: ((person_id > 1348777) AND (role_id = 2))
        Rows Removed by Filter: 28794628
  ->  Hash  (cost=61283.27..61283.27 rows=2528527 width=4) (actual time=2422.488..2422.488 rows=2528312 loops=1)
        Buckets: 131072  Batches: 64  Memory Usage: 2415kB
        ->  Seq Scan on title t  (cost=0.00..61283.27 rows=2528527 width=4) (actual time=0.021..850.493 rows=2528312 loops=1)
Planning time: 0.844 ms
Execution time: 22719.275 ms
