Hash Join  (cost=605537.65..1534105.53 rows=5721266 width=0) (actual time=15340.545..25906.440 rows=3395057 loops=1)
  Hash Cond: (ci.movie_id = t.id)
  ->  Seq Scan on cast_info ci  (cost=0.00..796071.18 rows=3991873 width=4) (actual time=5317.915..13561.407 rows=1938265 loops=1)
        Filter: ((person_id < 3530722) AND (role_id = 10))
        Rows Removed by Filter: 34306079
  ->  Hash  (cost=546081.18..546081.18 rows=3623957 width=8) (actual time=10020.985..10020.985 rows=3624977 loops=1)
        Buckets: 131072  Batches: 64  Memory Usage: 3234kB
        ->  Hash Join  (cost=102767.86..546081.18 rows=3623957 width=8) (actual time=1477.443..8986.154 rows=3624977 loops=1)
              Hash Cond: (mi.movie_id = t.id)
              ->  Seq Scan on movie_info mi  (cost=0.00..346232.03 rows=3623957 width=4) (actual time=18.591..4217.492 rows=3624977 loops=1)
                    Filter: (info_type_id < 4)
                    Rows Removed by Filter: 11210743
              ->  Hash  (cost=61283.27..61283.27 rows=2528527 width=4) (actual time=1457.846..1457.846 rows=2528312 loops=1)
                    Buckets: 131072  Batches: 64  Memory Usage: 2425kB
                    ->  Seq Scan on title t  (cost=0.00..61283.27 rows=2528527 width=4) (actual time=0.020..690.287 rows=2528312 loops=1)
Planning time: 1.127 ms
Execution time: 26262.500 ms
