Seq Scan on cast_info ci  (cost=0.00..796071.18 rows=1781 width=0) (actual time=1189.070..8688.378 rows=1 loops=1)
  Filter: ((person_id < 1272) AND (role_id = 2))
  Rows Removed by Filter: 36244343
Planning time: 0.402 ms
Execution time: 8688.493 ms
