Hash Join  (cost=86138.21..440837.40 rows=112811 width=0) (actual time=2116.964..5988.310 rows=29401 loops=1)
  Hash Cond: (mi.movie_id = t.id)
  ->  Seq Scan on movie_info mi  (cost=0.00..346232.03 rows=383217 width=4) (actual time=693.518..4272.042 rows=368218 loops=1)
        Filter: (info_type_id = 17)
        Rows Removed by Filter: 14467502
  ->  Hash  (cost=73925.90..73925.90 rows=744344 width=4) (actual time=1413.331..1413.331 rows=796638 loops=1)
        Buckets: 131072  Batches: 16  Memory Usage: 2785kB
        ->  Seq Scan on title t  (cost=0.00..73925.90 rows=744344 width=4) (actual time=0.039..1158.175 rows=796638 loops=1)
              Filter: ((kind_id > 1) AND (production_year > 2005))
              Rows Removed by Filter: 1731674
Planning time: 0.774 ms
Execution time: 5992.332 ms
