Hash Join  (cost=150298.95..650461.98 rows=822875 width=0) (actual time=3302.607..15977.347 rows=1933634 loops=1)
  Hash Cond: (mi.movie_id = t.id)
  ->  Seq Scan on movie_info mi  (cost=0.00..346232.03 rows=12545135 width=4) (actual time=0.021..7313.529 rows=12601870 loops=1)
        Filter: (info_type_id < 17)
        Rows Removed by Filter: 2233850
  ->  Hash  (cost=147577.78..147577.78 rows=165854 width=8) (actual time=3301.727..3301.727 rows=126472 loops=1)
        Buckets: 131072  Batches: 4  Memory Usage: 2260kB
        ->  Hash Join  (cost=70241.71..147577.78 rows=165854 width=8) (actual time=1146.938..3256.554 rows=126472 loops=1)
              Hash Cond: (mc.movie_id = t.id)
              ->  Seq Scan on movie_companies mc  (cost=0.00..44881.29 rows=2609129 width=4) (actual time=0.024..957.750 rows=2609129 loops=1)
              ->  Hash  (cost=67604.59..67604.59 rows=160730 width=4) (actual time=1146.114..1146.114 rows=160017 loops=1)
                    Buckets: 131072  Batches: 4  Memory Usage: 2436kB
                    ->  Seq Scan on title t  (cost=0.00..67604.59 rows=160730 width=4) (actual time=0.022..1088.560 rows=160017 loops=1)
                          Filter: (production_year = 2011)
                          Rows Removed by Filter: 2368295
Planning time: 1.149 ms
Execution time: 16184.707 ms
