Nested Loop  (cost=0.43..797556.58 rows=4 width=0) (actual time=355.072..11579.348 rows=1 loops=1)
  ->  Seq Scan on cast_info ci  (cost=0.00..796071.18 rows=176 width=4) (actual time=354.986..11576.486 rows=226 loops=1)
        Filter: ((role_id < 2) AND (person_id = 306194))
        Rows Removed by Filter: 36244118
  ->  Index Scan using title_pkey on title t  (cost=0.43..8.43 rows=1 width=4) (actual time=0.012..0.012 rows=0 loops=226)
        Index Cond: (id = ci.movie_id)
        Filter: ((kind_id < 7) AND (production_year = 2012))
        Rows Removed by Filter: 1
Planning time: 0.808 ms
Execution time: 11579.452 ms
