Hash Join  (cost=130860.61..499337.95 rows=382141 width=0) (actual time=2144.468..9513.702 rows=1681863 loops=1)
  Hash Cond: (mi.movie_id = t.id)
  ->  Seq Scan on movie_info mi  (cost=0.00..309384.22 rows=14739122 width=4) (actual time=0.020..3134.386 rows=14835720 loops=1)
  ->  Hash  (cost=130041.15..130041.15 rows=65557 width=8) (actual time=2143.288..2143.288 rows=68146 loops=1)
        Buckets: 131072  Batches: 1  Memory Usage: 3686kB
        ->  Hash Join  (cost=74720.05..130041.15 rows=65557 width=8) (actual time=924.780..2116.355 rows=68146 loops=1)
              Hash Cond: (mc.movie_id = t.id)
              ->  Seq Scan on movie_companies mc  (cost=0.00..44881.29 rows=2609129 width=4) (actual time=0.021..484.940 rows=2609129 loops=1)
              ->  Hash  (cost=73925.90..73925.90 rows=63532 width=4) (actual time=924.410..924.410 rows=53528 loops=1)
                    Buckets: 65536  Batches: 1  Memory Usage: 2394kB
                    ->  Seq Scan on title t  (cost=0.00..73925.90 rows=63532 width=4) (actual time=0.022..904.230 rows=53528 loops=1)
                          Filter: ((kind_id < 6) AND (production_year = 2012))
                          Rows Removed by Filter: 2474784
Planning time: 1.339 ms
Execution time: 9726.835 ms
