Hash Join  (cost=102767.86..197309.34 rows=1111049 width=0) (actual time=1988.478..4485.549 rows=1233347 loops=1)
  Hash Cond: (mc.movie_id = t.id)
  ->  Seq Scan on movie_companies mc  (cost=0.00..57926.93 rows=1111049 width=4) (actual time=345.223..987.597 rows=1233347 loops=1)
        Filter: ((company_id > 302) AND (company_type_id > 1))
        Rows Removed by Filter: 1375782
  ->  Hash  (cost=61283.27..61283.27 rows=2528527 width=4) (actual time=1641.954..1641.954 rows=2528312 loops=1)
        Buckets: 131072  Batches: 64  Memory Usage: 2415kB
        ->  Seq Scan on title t  (cost=0.00..61283.27 rows=2528527 width=4) (actual time=0.031..793.657 rows=2528312 loops=1)
Planning time: 0.762 ms
Execution time: 4645.010 ms
