Seq Scan on movie_companies mc  (cost=0.00..57926.93 rows=2900 width=0) (actual time=0.077..757.505 rows=3254 loops=1)
  Filter: ((company_type_id < 2) AND (company_id = 73))
  Rows Removed by Filter: 2605875
Planning time: 0.367 ms
Execution time: 758.193 ms
