Seq Scan on cast_info ci  (cost=0.00..796071.18 rows=6674065 width=0) (actual time=0.012..10911.838 rows=12670688 loops=1)
  Filter: ((person_id < 1883481) AND (role_id = 1))
  Rows Removed by Filter: 23573656
Planning time: 0.408 ms
Execution time: 12315.772 ms
