Seq Scan on cast_info ci  (cost=0.00..705507.15 rows=500 width=0) (actual time=589.618..8932.590 rows=22 loops=1)
  Filter: (person_id = 1477721)
  Rows Removed by Filter: 36244322
Planning time: 0.413 ms
Execution time: 8932.682 ms
