Hash Join  (cost=285343.79..395886.02 rows=2338029 width=0) (actual time=7192.346..14805.991 rows=16806358 loops=1)
  Hash Cond: (mc.movie_id = t.id)
  ->  Seq Scan on movie_companies mc  (cost=0.00..44881.29 rows=2609129 width=4) (actual time=0.015..692.391 rows=2609129 loops=1)
  ->  Hash  (cost=248170.27..248170.27 rows=2265802 width=8) (actual time=7191.162..7191.162 rows=2267791 loops=1)
        Buckets: 131072  Batches: 32  Memory Usage: 3779kB
        ->  Hash Join  (cost=102767.86..248170.27 rows=2265802 width=8) (actual time=2421.005..5926.988 rows=2267791 loops=1)
              Hash Cond: (mk.movie_id = t.id)
              ->  Seq Scan on movie_keyword mk  (cost=0.00..81003.12 rows=2265802 width=4) (actual time=0.029..1348.598 rows=2267791 loops=1)
                    Filter: (keyword_id < 4746)
                    Rows Removed by Filter: 2256139
              ->  Hash  (cost=61283.27..61283.27 rows=2528527 width=4) (actual time=2418.460..2418.460 rows=2528312 loops=1)
                    Buckets: 131072  Batches: 64  Memory Usage: 2425kB
                    ->  Seq Scan on title t  (cost=0.00..61283.27 rows=2528527 width=4) (actual time=0.020..728.053 rows=2528312 loops=1)
Planning time: 1.123 ms
Execution time: 16833.626 ms
