Hash Join  (cost=102767.86..995954.10 rows=3625419 width=0) (actual time=3614.063..18266.484 rows=3757895 loops=1)
  Hash Cond: (ci.movie_id = t.id)
  ->  Seq Scan on cast_info ci  (cost=0.00..796071.18 rows=3625419 width=4) (actual time=1949.313..13274.968 rows=3757895 loops=1)
        Filter: ((person_id > 315021) AND (role_id = 3))
        Rows Removed by Filter: 32486449
  ->  Hash  (cost=61283.27..61283.27 rows=2528527 width=4) (actual time=1663.743..1663.743 rows=2528312 loops=1)
        Buckets: 131072  Batches: 64  Memory Usage: 2415kB
        ->  Seq Scan on title t  (cost=0.00..61283.27 rows=2528527 width=4) (actual time=0.026..834.854 rows=2528312 loops=1)
Planning time: 0.745 ms
Execution time: 18714.273 ms
