Hash Join  (cost=102767.86..1396193.19 rows=24022411 width=0) (actual time=1906.623..37771.161 rows=24130698 loops=1)
  Hash Cond: (ci.movie_id = t.id)
  ->  Seq Scan on cast_info ci  (cost=0.00..705507.15 rows=24022411 width=4) (actual time=0.024..16372.188 rows=24130698 loops=1)
        Filter: (role_id < 4)
        Rows Removed by Filter: 12113646
  ->  Hash  (cost=61283.27..61283.27 rows=2528527 width=4) (actual time=1905.366..1905.366 rows=2528312 loops=1)
        Buckets: 131072  Batches: 64  Memory Usage: 2415kB
        ->  Seq Scan on title t  (cost=0.00..61283.27 rows=2528527 width=4) (actual time=0.019..1077.692 rows=2528312 loops=1)
Planning time: 0.759 ms
Execution time: 40423.260 ms
