Hash Join  (cost=73950.44..825020.84 rows=28123 width=0) (actual time=688.655..12285.242 rows=68613 loops=1)
  Hash Cond: (ci.movie_id = t.id)
  ->  Seq Scan on cast_info ci  (cost=0.00..614943.12 rows=36225612 width=4) (actual time=0.017..5254.800 rows=36244344 loops=1)
  ->  Hash  (cost=73925.90..73925.90 rows=1963 width=4) (actual time=688.386..688.386 rows=4371 loops=1)
        Buckets: 8192 (originally 2048)  Batches: 1 (originally 1)  Memory Usage: 218kB
        ->  Seq Scan on title t  (cost=0.00..73925.90 rows=1963 width=4) (actual time=405.910..686.836 rows=4371 loops=1)
              Filter: ((kind_id = 1) AND (production_year = 1975))
              Rows Removed by Filter: 2523941
Planning time: 0.790 ms
Execution time: 12297.438 ms
