Seq Scan on movie_keyword mk  (cost=0.00..81003.12 rows=246 width=0) (actual time=14.767..1288.062 rows=47 loops=1)
  Filter: (keyword_id = 34784)
  Rows Removed by Filter: 4523883
Planning time: 0.359 ms
Execution time: 1288.179 ms
