Nested Loop  (cost=0.43..83072.29 rows=96 width=0) (actual time=15.750..958.018 rows=21 loops=1)
  ->  Seq Scan on movie_keyword mk  (cost=0.00..81003.12 rows=246 width=4) (actual time=15.690..956.862 rows=25 loops=1)
        Filter: (keyword_id = 16865)
        Rows Removed by Filter: 4523905
  ->  Index Scan using title_pkey on title t  (cost=0.43..8.40 rows=1 width=4) (actual time=0.040..0.041 rows=1 loops=25)
        Index Cond: (id = mk.movie_id)
        Filter: (kind_id < 7)
        Rows Removed by Filter: 0
Planning time: 0.743 ms
Execution time: 958.147 ms
