Seq Scan on movie_companies mc  (cost=0.00..57926.93 rows=481023 width=0) (actual time=109.873..779.405 rows=689065 loops=1)
  Filter: ((company_id < 4419) AND (company_type_id = 1))
  Rows Removed by Filter: 1920064
Planning time: 0.357 ms
Execution time: 870.205 ms
