Hash Join  (cost=167863.44..533384.74 rows=257548 width=0) (actual time=5749.191..8562.640 rows=398222 loops=1)
  Hash Cond: (mi.movie_id = t.id)
  ->  Seq Scan on movie_info mi  (cost=0.00..346232.03 rows=1272478 width=4) (actual time=2045.604..4075.040 rows=1325361 loops=1)
        Filter: (info_type_id = 8)
        Rows Removed by Filter: 13510359
  ->  Hash  (cost=159466.31..159466.31 rows=511770 width=8) (actual time=3702.662..3702.662 rows=379083 loops=1)
        Buckets: 131072  Batches: 8  Memory Usage: 2853kB
        ->  Hash Join  (cost=84197.31..159466.31 rows=511770 width=8) (actual time=1466.694..3600.506 rows=379083 loops=1)
              Hash Cond: (mc.movie_id = t.id)
              ->  Seq Scan on movie_companies mc  (cost=0.00..51404.11 rows=1279517 width=4) (actual time=273.854..864.737 rows=1274246 loops=1)
                    Filter: (company_type_id < 2)
                    Rows Removed by Filter: 1334883
              ->  Hash  (cost=67604.59..67604.59 rows=1011338 width=4) (actual time=1192.021..1192.021 rows=1012920 loops=1)
                    Buckets: 131072  Batches: 16  Memory Usage: 3250kB
                    ->  Seq Scan on title t  (cost=0.00..67604.59 rows=1011338 width=4) (actual time=0.016..918.098 rows=1012920 loops=1)
                          Filter: (production_year > 2005)
                          Rows Removed by Filter: 1515392
Planning time: 1.196 ms
Execution time: 8616.842 ms
