Hash Join  (cost=102767.86..1050412.74 rows=5888597 width=0) (actual time=1647.201..21374.713 rows=7450629 loops=1)
  Hash Cond: (ci.movie_id = t.id)
  ->  Seq Scan on cast_info ci  (cost=0.00..796071.18 rows=5888597 width=4) (actual time=0.010..13283.426 rows=7450629 loops=1)
        Filter: ((person_id > 670109) AND (role_id = 2))
        Rows Removed by Filter: 28793715
  ->  Hash  (cost=61283.27..61283.27 rows=2528527 width=4) (actual time=1645.609..1645.609 rows=2528312 loops=1)
        Buckets: 131072  Batches: 64  Memory Usage: 2415kB
        ->  Seq Scan on title t  (cost=0.00..61283.27 rows=2528527 width=4) (actual time=0.017..813.023 rows=2528312 loops=1)
Planning time: 0.499 ms
Execution time: 22280.247 ms
