Seq Scan on movie_keyword mk  (cost=0.00..81003.12 rows=4229990 width=0) (actual time=0.025..1360.509 rows=4232920 loops=1)
  Filter: (keyword_id < 55312)
  Rows Removed by Filter: 291010
Planning time: 0.300 ms
Execution time: 1916.161 ms
