Seq Scan on movie_keyword mk  (cost=0.00..81003.12 rows=1332989 width=0) (actual time=0.021..1036.932 rows=1352144 loops=1)
  Filter: (keyword_id < 1760)
  Rows Removed by Filter: 3171786
Planning time: 0.294 ms
Execution time: 1193.531 ms
