Hash Join  (cost=641222.03..1808116.69 rows=17418061 width=0) (actual time=15996.247..55384.947 rows=73877467 loops=1)
  Hash Cond: (ci.movie_id = t.id)
  ->  Seq Scan on cast_info ci  (cost=0.00..796071.18 rows=11897584 width=4) (actual time=411.368..14629.538 rows=12670688 loops=1)
        Filter: ((person_id < 3593054) AND (role_id < 2))
        Rows Removed by Filter: 23573656
  ->  Hash  (cost=580489.00..580489.00 rows=3701763 width=8) (actual time=15582.269..15582.269 rows=7614311 loops=1)
        Buckets: 131072 (originally 131072)  Batches: 128 (originally 64)  Memory Usage: 3352kB
        ->  Hash Join  (cost=83810.17..580489.00 rows=3701763 width=8) (actual time=1531.095..13356.064 rows=7614311 loops=1)
              Hash Cond: (mi.movie_id = t.id)
              ->  Seq Scan on movie_info mi  (cost=0.00..346232.03 rows=9476311 width=4) (actual time=0.020..4888.689 rows=9565151 loops=1)
                    Filter: (info_type_id < 16)
                    Rows Removed by Filter: 5270569
              ->  Hash  (cost=67604.59..67604.59 rows=987727 width=4) (actual time=1525.574..1525.574 rows=985048 loops=1)
                    Buckets: 131072  Batches: 16  Memory Usage: 3197kB
                    ->  Seq Scan on title t  (cost=0.00..67604.59 rows=987727 width=4) (actual time=0.017..986.574 rows=985048 loops=1)
                          Filter: (kind_id < 7)
                          Rows Removed by Filter: 1543264
Planning time: 1.175 ms
Execution time: 62714.088 ms
