Hash Join  (cost=459305.53..567612.70 rows=287806 width=0) (actual time=6381.988..8518.570 rows=83887 loops=1)
  Hash Cond: (mk.movie_id = t.id)
  ->  Seq Scan on movie_keyword mk  (cost=0.00..81003.12 rows=1988796 width=4) (actual time=0.015..1284.439 rows=1995269 loops=1)
        Filter: (keyword_id < 3525)
        Rows Removed by Filter: 2528661
  ->  Hash  (cost=453301.61..453301.61 rows=365913 width=8) (actual time=6381.273..6381.273 rows=121006 loops=1)
        Buckets: 131072  Batches: 8  Memory Usage: 1625kB
        ->  Hash Join  (cost=85855.67..453301.61 rows=365913 width=8) (actual time=4143.080..6346.405 rows=121006 loops=1)
              Hash Cond: (mi.movie_id = t.id)
              ->  Seq Scan on movie_info mi  (cost=0.00..346232.03 rows=1272478 width=4) (actual time=2840.578..4319.616 rows=1325361 loops=1)
                    Filter: (info_type_id = 8)
                    Rows Removed by Filter: 13510359
              ->  Hash  (cost=73925.90..73925.90 rows=727101 width=4) (actual time=1301.217..1301.217 rows=796159 loops=1)
                    Buckets: 131072  Batches: 16  Memory Usage: 2786kB
                    ->  Seq Scan on title t  (cost=0.00..73925.90 rows=727101 width=4) (actual time=0.037..1038.765 rows=796159 loops=1)
                          Filter: ((production_year > 2003) AND (kind_id = 7))
                          Rows Removed by Filter: 1732153
Planning time: 1.252 ms
Execution time: 8529.914 ms
