Hash Join  (cost=130145.17..484522.47 rows=36817 width=0) (actual time=2495.830..6928.291 rows=82086 loops=1)
  Hash Cond: (mi.movie_id = t.id)
  ->  Seq Scan on movie_info mi  (cost=0.00..346232.03 rows=2073893 width=4) (actual time=214.454..4424.591 rows=2091068 loops=1)
        Filter: (info_type_id < 3)
        Rows Removed by Filter: 12744652
  ->  Hash  (cost=129584.07..129584.07 rows=44888 width=8) (actual time=2014.052..2014.052 rows=45042 loops=1)
        Buckets: 65536  Batches: 1  Memory Usage: 2272kB
        ->  Hash Join  (cost=74469.67..129584.07 rows=44888 width=8) (actual time=924.841..1997.428 rows=45042 loops=1)
              Hash Cond: (mc.movie_id = t.id)
              ->  Seq Scan on movie_companies mc  (cost=0.00..44881.29 rows=2609129 width=4) (actual time=0.032..464.745 rows=2609129 loops=1)
              ->  Hash  (cost=73925.90..73925.90 rows=43501 width=4) (actual time=869.406..869.406 rows=39560 loops=1)
                    Buckets: 65536  Batches: 1  Memory Usage: 1903kB
                    ->  Seq Scan on title t  (cost=0.00..73925.90 rows=43501 width=4) (actual time=165.603..853.948 rows=39560 loops=1)
                          Filter: ((kind_id = 1) AND (production_year = 2012))
                          Rows Removed by Filter: 2488752
Planning time: 1.164 ms
Execution time: 6939.601 ms
