Seq Scan on movie_companies mc  (cost=0.00..57926.93 rows=781143 width=0) (actual time=306.029..954.087 rows=1077081 loops=1)
  Filter: ((company_id < 15767) AND (company_type_id < 2))
  Rows Removed by Filter: 1532048
Planning time: 0.329 ms
Execution time: 1096.152 ms
