Hash Join  (cost=433328.88..1416738.92 rows=621083 width=0) (actual time=5766.124..21355.909 rows=791231 loops=1)
  Hash Cond: (ci.movie_id = t.id)
  ->  Seq Scan on cast_info ci  (cost=0.00..614943.12 rows=36225612 width=4) (actual time=0.026..6464.363 rows=36244344 loops=1)
  ->  Hash  (cost=432786.99..432786.99 rows=43351 width=8) (actual time=5764.047..5764.047 rows=31665 loops=1)
        Buckets: 65536  Batches: 1  Memory Usage: 1749kB
        ->  Hash Join  (cost=67697.55..432786.99 rows=43351 width=8) (actual time=833.691..5751.371 rows=31665 loops=1)
              Hash Cond: (mi.movie_id = t.id)
              ->  Seq Scan on movie_info mi  (cost=0.00..309384.22 rows=14739122 width=4) (actual time=0.025..2572.484 rows=14835720 loops=1)
              ->  Hash  (cost=67604.59..67604.59 rows=7437 width=4) (actual time=833.514..833.514 rows=2433 loops=1)
                    Buckets: 8192  Batches: 1  Memory Usage: 150kB
                    ->  Seq Scan on title t  (cost=0.00..67604.59 rows=7437 width=4) (actual time=309.387..832.247 rows=2433 loops=1)
                          Filter: (production_year = 1933)
                          Rows Removed by Filter: 2525879
Planning time: 1.163 ms
Execution time: 21458.446 ms
