Hash Join  (cost=195061.83..239930.43 rows=418212 width=0) (actual time=4080.764..5586.570 rows=1069968 loops=1)
  Hash Cond: (mi_idx.movie_id = t.id)
  ->  Seq Scan on movie_info_idx mi_idx  (cost=0.00..21735.35 rows=1380035 width=4) (actual time=0.020..477.388 rows=1380035 loops=1)
  ->  Hash  (cost=182489.63..182489.63 rows=766256 width=8) (actual time=4079.654..4079.654 rows=771991 loops=1)
        Buckets: 131072  Batches: 16  Memory Usage: 2919kB
        ->  Hash Join  (cost=102767.86..182489.63 rows=766256 width=8) (actual time=1940.809..3868.294 rows=771991 loops=1)
              Hash Cond: (mc.movie_id = t.id)
              ->  Seq Scan on movie_companies mc  (cost=0.00..51404.11 rows=766256 width=4) (actual time=0.022..942.799 rows=771991 loops=1)
                    Filter: (company_id > 33760)
                    Rows Removed by Filter: 1837138
              ->  Hash  (cost=61283.27..61283.27 rows=2528527 width=4) (actual time=1939.259..1939.259 rows=2528312 loops=1)
                    Buckets: 131072  Batches: 64  Memory Usage: 2415kB
                    ->  Seq Scan on title t  (cost=0.00..61283.27 rows=2528527 width=4) (actual time=0.008..1082.413 rows=2528312 loops=1)
Planning time: 3.114 ms
Execution time: 5712.758 ms
