Hash Join  (cost=102767.86..919513.60 rows=4212344 width=0) (actual time=4084.008..15138.584 rows=4079854 loops=1)
  Hash Cond: (ci.movie_id = t.id)
  ->  Seq Scan on cast_info ci  (cost=0.00..705507.15 rows=4212344 width=4) (actual time=2311.363..9459.758 rows=4079854 loops=1)
        Filter: (person_id < 392174)
        Rows Removed by Filter: 32164490
  ->  Hash  (cost=61283.27..61283.27 rows=2528527 width=4) (actual time=1747.906..1747.906 rows=2528312 loops=1)
        Buckets: 131072  Batches: 64  Memory Usage: 2415kB
        ->  Seq Scan on title t  (cost=0.00..61283.27 rows=2528527 width=4) (actual time=0.025..871.708 rows=2528312 loops=1)
Planning time: 0.730 ms
Execution time: 15636.149 ms
