Hash Join  (cost=207130.66..1401799.67 rows=15659584 width=0) (actual time=4335.207..38060.791 rows=28206233 loops=1)
  Hash Cond: (ci.movie_id = t.id)
  ->  Seq Scan on cast_info ci  (cost=0.00..614943.12 rows=36225612 width=4) (actual time=0.022..10761.173 rows=36244344 loops=1)
  ->  Hash  (cost=189197.79..189197.79 rows=1093030 width=8) (actual time=4334.208..4334.208 rows=990110 loops=1)
        Buckets: 131072  Batches: 16  Memory Usage: 3443kB
        ->  Hash Join  (cost=101707.31..189197.79 rows=1093030 width=8) (actual time=1796.727..4028.852 rows=990110 loops=1)
              Hash Cond: (mc.movie_id = t.id)
              ->  Seq Scan on movie_companies mc  (cost=0.00..51404.11 rows=1329612 width=4) (actual time=0.027..859.540 rows=1334883 loops=1)
                    Filter: (company_type_id > 1)
                    Rows Removed by Filter: 1274246
              ->  Hash  (cost=67604.59..67604.59 rows=2078618 width=4) (actual time=1795.785..1795.785 rows=2074788 loops=1)
                    Buckets: 131072  Batches: 32  Memory Usage: 3309kB
                    ->  Seq Scan on title t  (cost=0.00..67604.59 rows=2078618 width=4) (actual time=0.019..1117.416 rows=2074788 loops=1)
                          Filter: (production_year > 1970)
                          Rows Removed by Filter: 453524
Planning time: 1.135 ms
Execution time: 40637.307 ms
