Hash Join  (cost=73994.33..438969.35 rows=31909 width=0) (actual time=1001.256..7431.483 rows=43938 loops=1)
  Hash Cond: (mi.movie_id = t.id)
  ->  Seq Scan on movie_info mi  (cost=0.00..309384.22 rows=14739122 width=4) (actual time=0.010..3248.028 rows=14835720 loops=1)
  ->  Hash  (cost=73925.90..73925.90 rows=5474 width=4) (actual time=999.910..999.910 rows=10047 loops=1)
        Buckets: 16384 (originally 8192)  Batches: 1 (originally 1)  Memory Usage: 482kB
        ->  Seq Scan on title t  (cost=0.00..73925.90 rows=5474 width=4) (actual time=0.238..994.970 rows=10047 loops=1)
              Filter: ((kind_id > 1) AND (production_year = 1969))
              Rows Removed by Filter: 2518265
Planning time: 0.884 ms
Execution time: 7438.998 ms
