Hash Join  (cost=96651.52..1072741.79 rows=6117042 width=0) (actual time=2373.631..15701.791 rows=2458010 loops=1)
  Hash Cond: (ci.movie_id = t.id)
  ->  Seq Scan on cast_info ci  (cost=0.00..796071.18 rows=8736133 width=4) (actual time=445.547..11094.273 rows=3717398 loops=1)
        Filter: ((person_id < 1323798) AND (role_id > 1))
        Rows Removed by Filter: 32526946
  ->  Hash  (cost=67604.59..67604.59 rows=1770475 width=4) (actual time=1899.039..1899.039 rows=1774635 loops=1)
        Buckets: 131072  Batches: 32  Memory Usage: 2978kB
        ->  Seq Scan on title t  (cost=0.00..67604.59 rows=1770475 width=4) (actual time=0.017..1052.433 rows=1774635 loops=1)
              Filter: (kind_id > 2)
              Rows Removed by Filter: 753677
Planning time: 0.714 ms
Execution time: 15963.866 ms
