Seq Scan on movie_companies mc  (cost=0.00..51404.11 rows=1699371 width=0) (actual time=0.023..817.531 rows=1690242 loops=1)
  Filter: (company_id < 20252)
  Rows Removed by Filter: 918887
Planning time: 0.259 ms
Execution time: 1041.150 ms
