Hash Join  (cost=90601.07..127003.80 rows=186879 width=0) (actual time=1471.146..2243.291 rows=134742 loops=1)
  Hash Cond: (mi_idx.movie_id = t.id)
  ->  Seq Scan on movie_info_idx mi_idx  (cost=0.00..25185.44 rows=464934 width=4) (actual time=0.028..409.712 rows=460185 loops=1)
        Filter: (info_type_id > 100)
        Rows Removed by Filter: 919850
  ->  Hash  (cost=73925.90..73925.90 rows=1016333 width=4) (actual time=1469.882..1469.882 rows=1107438 loops=1)
        Buckets: 131072  Batches: 16  Memory Usage: 3463kB
        ->  Seq Scan on title t  (cost=0.00..73925.90 rows=1016333 width=4) (actual time=0.051..1148.860 rows=1107438 loops=1)
              Filter: ((kind_id > 1) AND (production_year > 2000))
              Rows Removed by Filter: 1420874
Planning time: 0.811 ms
Execution time: 2254.431 ms
