Seq Scan on movie_companies mc  (cost=0.00..51404.11 rows=2244558 width=0) (actual time=0.010..803.972 rows=2245650 loops=1)
  Filter: (company_id > 185)
  Rows Removed by Filter: 363479
Planning time: 0.220 ms
Execution time: 1093.310 ms
