Nested Loop  (cost=0.43..52283.69 rows=104 width=0) (actual time=58.012..614.738 rows=1699 loops=1)
  ->  Seq Scan on movie_companies mc  (cost=0.00..51404.11 rows=104 width=4) (actual time=57.910..587.249 rows=1699 loops=1)
        Filter: (company_id = 11145)
        Rows Removed by Filter: 2607430
  ->  Index Only Scan using title_pkey on title t  (cost=0.43..8.45 rows=1 width=4) (actual time=0.015..0.015 rows=1 loops=1699)
        Index Cond: (id = mc.movie_id)
        Heap Fetches: 1699
Planning time: 0.770 ms
Execution time: 615.231 ms
