Seq Scan on title t  (cost=0.00..67604.59 rows=7437 width=0) (actual time=0.410..1077.567 rows=10308 loops=1)
  Filter: (production_year = 1962)
  Rows Removed by Filter: 2518004
Planning time: 0.332 ms
Execution time: 1080.022 ms
