Hash Join  (cost=78779.83..426398.11 rows=2099 width=0) (actual time=3488.650..5093.727 rows=88 loops=1)
  Hash Cond: (mi.movie_id = t.id)
  ->  Seq Scan on movie_info mi  (cost=0.00..346232.03 rows=17937 width=4) (actual time=2547.622..4098.668 rows=68025 loops=1)
        Filter: (info_type_id = 94)
        Rows Removed by Filter: 14767695
  ->  Hash  (cost=73925.90..73925.90 rows=295834 width=4) (actual time=939.793..939.793 rows=185285 loops=1)
        Buckets: 131072  Batches: 4  Memory Usage: 2654kB
        ->  Seq Scan on title t  (cost=0.00..73925.90 rows=295834 width=4) (actual time=0.023..875.026 rows=185285 loops=1)
              Filter: ((production_year < 1978) AND (kind_id = 7))
              Rows Removed by Filter: 2343027
Planning time: 0.534 ms
Execution time: 5094.168 ms
