Hash Join  (cost=80430.29..113127.68 rows=71199 width=0) (actual time=994.221..1658.950 rows=101810 loops=1)
  Hash Cond: (mi_idx.movie_id = t.id)
  ->  Seq Scan on movie_info_idx mi_idx  (cost=0.00..25185.44 rows=454124 width=4) (actual time=0.024..429.301 rows=459925 loops=1)
        Filter: (info_type_id = 100)
        Rows Removed by Filter: 920110
  ->  Hash  (cost=73925.90..73925.90 rows=396431 width=4) (actual time=993.326..993.326 rows=311846 loops=1)
        Buckets: 131072  Batches: 8  Memory Usage: 2396kB
        ->  Seq Scan on title t  (cost=0.00..73925.90 rows=396431 width=4) (actual time=0.028..892.342 rows=311846 loops=1)
              Filter: ((kind_id < 3) AND (production_year > 2001))
              Rows Removed by Filter: 2216466
Planning time: 0.783 ms
Execution time: 1667.755 ms
