Hash Join  (cost=74698.31..1207569.00 rows=5484293 width=0) (actual time=1134.701..31252.527 rows=4060207 loops=1)
  Hash Cond: (ci.movie_id = t.id)
  ->  Seq Scan on cast_info ci  (cost=0.00..705507.15 rows=32071896 width=4) (actual time=0.029..13682.111 rows=32219392 loops=1)
        Filter: (person_id > 385900)
        Rows Removed by Filter: 4024952
  ->  Hash  (cost=67604.59..67604.59 rows=432378 width=4) (actual time=1133.827..1133.827 rows=423779 loops=1)
        Buckets: 131072  Batches: 8  Memory Usage: 2885kB
        ->  Seq Scan on title t  (cost=0.00..67604.59 rows=432378 width=4) (actual time=0.034..994.889 rows=423779 loops=1)
              Filter: (production_year < 1974)
              Rows Removed by Filter: 2104533
Planning time: 3.791 ms
Execution time: 31778.141 ms
