Hash Join  (cost=85280.32..933090.72 rows=1279817 width=0) (actual time=1324.722..16887.952 rows=1907391 loops=1)
  Hash Cond: (ci.movie_id = t.id)
  ->  Seq Scan on cast_info ci  (cost=0.00..796071.18 rows=3003745 width=4) (actual time=0.023..11814.160 rows=6046853 loops=1)
        Filter: ((person_id > 2398565) AND (role_id > 5))
        Rows Removed by Filter: 30197491
  ->  Hash  (cost=67604.59..67604.59 rows=1077339 width=4) (actual time=1323.705..1323.705 rows=1074765 loops=1)
        Buckets: 131072  Batches: 16  Memory Usage: 3388kB
        ->  Seq Scan on title t  (cost=0.00..67604.59 rows=1077339 width=4) (actual time=0.011..997.378 rows=1074765 loops=1)
              Filter: (production_year < 2001)
              Rows Removed by Filter: 1453547
Planning time: 0.727 ms
Execution time: 17122.379 ms
