Hash Join  (cost=123984.52..210709.89 rows=6733 width=0) (actual time=1927.023..3315.654 rows=151495 loops=1)
  Hash Cond: (mk.movie_id = t.id)
  ->  Seq Scan on movie_keyword mk  (cost=0.00..69693.30 rows=4523930 width=4) (actual time=0.009..651.977 rows=4523930 loops=1)
  ->  Hash  (cost=123937.48..123937.48 rows=3763 width=8) (actual time=1926.484..1926.484 rows=9250 loops=1)
        Buckets: 16384 (originally 4096)  Batches: 1 (originally 1)  Memory Usage: 490kB
        ->  Hash Join  (cost=67697.55..123937.48 rows=3763 width=8) (actual time=902.520..1922.450 rows=9250 loops=1)
              Hash Cond: (mc.movie_id = t.id)
              ->  Seq Scan on movie_companies mc  (cost=0.00..51404.11 rows=1279517 width=4) (actual time=0.010..768.730 rows=1274246 loops=1)
                    Filter: (company_type_id = 1)
                    Rows Removed by Filter: 1334883
              ->  Hash  (cost=67604.59..67604.59 rows=7437 width=4) (actual time=902.449..902.449 rows=15000 loops=1)
                    Buckets: 16384 (originally 8192)  Batches: 1 (originally 1)  Memory Usage: 656kB
                    ->  Seq Scan on title t  (cost=0.00..67604.59 rows=7437 width=4) (actual time=0.036..895.328 rows=15000 loops=1)
                          Filter: (production_year = 1970)
                          Rows Removed by Filter: 2513312
Planning time: 0.763 ms
Execution time: 3332.072 ms
