Hash Join  (cost=102767.86..252726.05 rows=2455081 width=0) (actual time=1661.864..5146.978 rows=2452651 loops=1)
  Hash Cond: (mk.movie_id = t.id)
  ->  Seq Scan on movie_keyword mk  (cost=0.00..81003.12 rows=2455081 width=4) (actual time=0.022..1452.720 rows=2452651 loops=1)
        Filter: (keyword_id < 5869)
        Rows Removed by Filter: 2071279
  ->  Hash  (cost=61283.27..61283.27 rows=2528527 width=4) (actual time=1660.306..1660.306 rows=2528312 loops=1)
        Buckets: 131072  Batches: 64  Memory Usage: 2425kB
        ->  Seq Scan on title t  (cost=0.00..61283.27 rows=2528527 width=4) (actual time=0.019..807.062 rows=2528312 loops=1)
Planning time: 0.679 ms
Execution time: 5397.336 ms
