Seq Scan on movie_keyword mk  (cost=0.00..81003.12 rows=246 width=12) (actual time=0.677..709.343 rows=838 loops=1)
  Filter: (keyword_id = 12346)
  Rows Removed by Filter: 4523092
Planning time: 0.359 ms
Execution time: 709.444 ms
