Hash Join  (cost=73982.55..100917.78 rows=2474 width=0) (actual time=1209.245..1453.325 rows=3876 loops=1)
  Hash Cond: (mi_idx.movie_id = t.id)
  ->  Seq Scan on movie_info_idx mi_idx  (cost=0.00..21735.35 rows=1380035 width=4) (actual time=0.035..245.936 rows=1380035 loops=1)
  ->  Hash  (cost=73925.90..73925.90 rows=4532 width=4) (actual time=919.430..919.430 rows=8098 loops=1)
        Buckets: 8192  Batches: 1  Memory Usage: 349kB
        ->  Seq Scan on title t  (cost=0.00..73925.90 rows=4532 width=4) (actual time=216.896..915.588 rows=8098 loops=1)
              Filter: ((kind_id = 7) AND (production_year = 1978))
              Rows Removed by Filter: 2520214
Planning time: 0.865 ms
Execution time: 1453.955 ms
