Hash Join  (cost=76440.79..589745.04 rows=3139432 width=0) (actual time=1345.277..15542.917 rows=4587927 loops=1)
  Hash Cond: (mi.movie_id = t.id)
  ->  Seq Scan on movie_info mi  (cost=0.00..309384.22 rows=14739122 width=4) (actual time=0.025..5837.516 rows=14835720 loops=1)
  ->  Hash  (cost=67604.59..67604.59 rows=538576 width=4) (actual time=1344.371..1344.371 rows=538190 loops=1)
        Buckets: 131072  Batches: 8  Memory Usage: 3387kB
        ->  Seq Scan on title t  (cost=0.00..67604.59 rows=538576 width=4) (actual time=0.025..1165.722 rows=538190 loops=1)
              Filter: (production_year < 1982)
              Rows Removed by Filter: 1990122
Planning time: 0.881 ms
Execution time: 16081.081 ms
