Hash Join  (cost=521607.22..1364123.09 rows=1307084 width=0) (actual time=8911.931..22254.673 rows=1434651 loops=1)
  Hash Cond: (ci.movie_id = t.id)
  ->  Seq Scan on cast_info ci  (cost=0.00..796071.18 rows=2132169 width=4) (actual time=686.921..12190.456 rows=2182875 loops=1)
        Filter: ((person_id > 766648) AND (role_id = 4))
        Rows Removed by Filter: 34061469
  ->  Hash  (cost=496176.42..496176.42 rows=1550064 width=8) (actual time=8223.887..8223.887 rows=1533909 loops=1)
        Buckets: 131072  Batches: 32  Memory Usage: 2883kB
        ->  Hash Join  (cost=102767.86..496176.42 rows=1550064 width=8) (actual time=2108.398..7765.528 rows=1533909 loops=1)
              Hash Cond: (mi.movie_id = t.id)
              ->  Seq Scan on movie_info mi  (cost=0.00..346232.03 rows=1550064 width=4) (actual time=0.023..3977.412 rows=1533909 loops=1)
                    Filter: (info_type_id = 3)
                    Rows Removed by Filter: 13301811
              ->  Hash  (cost=61283.27..61283.27 rows=2528527 width=4) (actual time=2106.904..2106.904 rows=2528312 loops=1)
                    Buckets: 131072  Batches: 64  Memory Usage: 2425kB
                    ->  Seq Scan on title t  (cost=0.00..61283.27 rows=2528527 width=4) (actual time=0.014..829.669 rows=2528312 loops=1)
Planning time: 1.237 ms
Execution time: 22441.190 ms
