Seq Scan on movie_companies mc  (cost=0.00..57926.93 rows=261094 width=0) (actual time=411.186..783.309 rows=136954 loops=1)
  Filter: ((company_id < 474) AND (company_type_id = 2))
  Rows Removed by Filter: 2472175
Planning time: 0.357 ms
Execution time: 801.999 ms
