Hash Join  (cost=206808.45..1203938.58 rows=4727381 width=0) (actual time=10019.253..23755.305 rows=8290109 loops=1)
  Hash Cond: (ci.movie_id = t.id)
  ->  Seq Scan on cast_info ci  (cost=0.00..796071.18 rows=12989369 width=4) (actual time=6056.992..12944.870 rows=10957642 loops=1)
        Filter: ((person_id > 1250571) AND (role_id < 3))
        Rows Removed by Filter: 25286702
  ->  Hash  (cost=191710.48..191710.48 rows=920238 width=8) (actual time=3961.264..3961.264 rows=729920 loops=1)
        Buckets: 131072  Batches: 16  Memory Usage: 2780kB
        ->  Hash Join  (cost=102205.59..191710.48 rows=920238 width=8) (actual time=1695.725..3741.712 rows=729920 loops=1)
              Hash Cond: (mc.movie_id = t.id)
              ->  Seq Scan on movie_companies mc  (cost=0.00..57926.93 rows=1103315 width=4) (actual time=0.028..948.582 rows=997841 loops=1)
                    Filter: ((company_id > 176) AND (company_type_id = 1))
                    Rows Removed by Filter: 1611288
              ->  Hash  (cost=67604.59..67604.59 rows=2108960 width=4) (actual time=1694.647..1694.647 rows=2104137 loops=1)
                    Buckets: 131072  Batches: 32  Memory Usage: 3341kB
                    ->  Seq Scan on title t  (cost=0.00..67604.59 rows=2108960 width=4) (actual time=0.019..1057.517 rows=2104137 loops=1)
                          Filter: (production_year > 1968)
                          Rows Removed by Filter: 424175
Planning time: 1.109 ms
Execution time: 24541.459 ms
