Nested Loop  (cost=0.43..709671.90 rows=500 width=0) (actual time=488.330..8221.774 rows=409 loops=1)
  ->  Seq Scan on cast_info ci  (cost=0.00..705507.15 rows=500 width=4) (actual time=488.250..8216.387 rows=409 loops=1)
        Filter: (person_id = 965510)
        Rows Removed by Filter: 36243935
  ->  Index Only Scan using title_pkey on title t  (cost=0.43..8.32 rows=1 width=4) (actual time=0.012..0.012 rows=1 loops=409)
        Index Cond: (id = ci.movie_id)
        Heap Fetches: 409
Planning time: 0.772 ms
Execution time: 8221.944 ms
