Hash Join  (cost=74202.60..861341.42 rows=186224 width=0) (actual time=877.912..17056.898 rows=195235 loops=1)
  Hash Cond: (ci.movie_id = t.id)
  ->  Seq Scan on cast_info ci  (cost=0.00..705507.15 rows=21271846 width=4) (actual time=0.021..10724.258 rows=21395068 loops=1)
        Filter: (person_id > 1465179)
        Rows Removed by Filter: 14849276
  ->  Hash  (cost=73925.90..73925.90 rows=22136 width=4) (actual time=877.581..877.581 rows=24301 loops=1)
        Buckets: 32768  Batches: 1  Memory Usage: 1111kB
        ->  Seq Scan on title t  (cost=0.00..73925.90 rows=22136 width=4) (actual time=0.046..868.293 rows=24301 loops=1)
              Filter: ((kind_id = 7) AND (production_year = 1996))
              Rows Removed by Filter: 2504011
Planning time: 0.755 ms
Execution time: 17086.050 ms
