Hash Join  (cost=521607.22..1663989.50 rows=13942240 width=0) (actual time=7894.879..34316.022 rows=15936052 loops=1)
  Hash Cond: (ci.movie_id = t.id)
  ->  Seq Scan on cast_info ci  (cost=0.00..705507.15 rows=22743145 width=4) (actual time=0.028..12225.540 rows=22804651 loops=1)
        Filter: (person_id > 1325281)
        Rows Removed by Filter: 13439693
  ->  Hash  (cost=496176.42..496176.42 rows=1550064 width=8) (actual time=7893.947..7893.947 rows=1533909 loops=1)
        Buckets: 131072  Batches: 32  Memory Usage: 2883kB
        ->  Hash Join  (cost=102767.86..496176.42 rows=1550064 width=8) (actual time=1953.368..7478.709 rows=1533909 loops=1)
              Hash Cond: (mi.movie_id = t.id)
              ->  Seq Scan on movie_info mi  (cost=0.00..346232.03 rows=1550064 width=4) (actual time=364.699..4286.149 rows=1533909 loops=1)
                    Filter: (info_type_id = 3)
                    Rows Removed by Filter: 13301811
              ->  Hash  (cost=61283.27..61283.27 rows=2528527 width=4) (actual time=1587.678..1587.678 rows=2528312 loops=1)
                    Buckets: 131072  Batches: 64  Memory Usage: 2425kB
                    ->  Seq Scan on title t  (cost=0.00..61283.27 rows=2528527 width=4) (actual time=0.021..781.805 rows=2528312 loops=1)
Planning time: 1.162 ms
Execution time: 35776.751 ms
