Seq Scan on movie_keyword mk  (cost=0.00..81003.12 rows=2431929 width=0) (actual time=0.015..1307.957 rows=2425092 loops=1)
  Filter: (keyword_id > 3778)
  Rows Removed by Filter: 2098838
Planning time: 0.246 ms
Execution time: 1618.448 ms
