Hash Join  (cost=87880.14..175028.77 rows=877610 width=0) (actual time=1239.919..3590.601 rows=1430907 loops=1)
  Hash Cond: (mc.movie_id = t.id)
  ->  Seq Scan on movie_companies mc  (cost=0.00..44881.29 rows=2609129 width=4) (actual time=0.011..694.177 rows=2609129 loops=1)
  ->  Hash  (cost=73925.90..73925.90 rows=850499 width=4) (actual time=1238.960..1238.960 rows=765361 loops=1)
        Buckets: 131072  Batches: 16  Memory Usage: 2709kB
        ->  Seq Scan on title t  (cost=0.00..73925.90 rows=850499 width=4) (actual time=0.012..1006.732 rows=765361 loops=1)
              Filter: ((kind_id < 7) AND (production_year > 1963))
              Rows Removed by Filter: 1762951
Planning time: 0.669 ms
Execution time: 3750.216 ms
