Hash Join  (cost=130236.45..944616.39 rows=4417 width=0) (actual time=2386.944..14978.329 rows=5368 loops=1)
  Hash Cond: (ci.movie_id = t.id)
  ->  Seq Scan on cast_info ci  (cost=0.00..796071.18 rows=4870557 width=4) (actual time=0.028..12229.502 rows=2071411 loops=1)
        Filter: ((person_id < 719444) AND (role_id > 1))
        Rows Removed by Filter: 34172933
  ->  Hash  (cost=130207.79..130207.79 rows=2293 width=8) (actual time=2376.531..2376.531 rows=3244 loops=1)
        Buckets: 4096  Batches: 1  Memory Usage: 159kB
        ->  Hash Join  (cost=73982.55..130207.79 rows=2293 width=8) (actual time=1633.572..2375.156 rows=3244 loops=1)
              Hash Cond: (mc.movie_id = t.id)
              ->  Seq Scan on movie_companies mc  (cost=0.00..51404.11 rows=1279517 width=4) (actual time=0.025..991.901 rows=1274246 loops=1)
                    Filter: (company_type_id < 2)
                    Rows Removed by Filter: 1334883
              ->  Hash  (cost=73925.90..73925.90 rows=4532 width=4) (actual time=1142.775..1142.775 rows=8098 loops=1)
                    Buckets: 8192  Batches: 1  Memory Usage: 349kB
                    ->  Seq Scan on title t  (cost=0.00..73925.90 rows=4532 width=4) (actual time=0.387..1138.868 rows=8098 loops=1)
                          Filter: ((kind_id = 7) AND (production_year = 1978))
                          Rows Removed by Filter: 2520214
Planning time: 1.410 ms
Execution time: 14979.455 ms
