Seq Scan on movie_companies mc  (cost=0.00..57926.93 rows=358142 width=0) (actual time=0.029..696.304 rows=198489 loops=1)
  Filter: ((company_id < 1284) AND (company_type_id > 1))
  Rows Removed by Filter: 2410640
Planning time: 0.368 ms
Execution time: 716.237 ms
