Hash Join  (cost=854138.88..2593205.62 rows=62581308 width=0) (actual time=19041.514..93911.730 rows=183574966 loops=1)
  Hash Cond: (ci.movie_id = t.id)
  ->  Seq Scan on cast_info ci  (cost=0.00..705507.15 rows=16201301 width=4) (actual time=197.880..12435.398 rows=16121683 loops=1)
        Filter: (role_id > 2)
        Rows Removed by Filter: 20122661
  ->  Hash  (cost=693898.06..693898.06 rows=9767026 width=8) (actual time=18842.292..18842.292 rows=9911754 loops=1)
        Buckets: 131072 (originally 131072)  Batches: 256 (originally 128)  Memory Usage: 4036kB
        ->  Hash Join  (cost=102767.86..693898.06 rows=9767026 width=8) (actual time=1725.394..15845.636 rows=9911754 loops=1)
              Hash Cond: (mi.movie_id = t.id)
              ->  Seq Scan on movie_info mi  (cost=0.00..346232.03 rows=9767026 width=4) (actual time=0.026..5179.400 rows=9911754 loops=1)
                    Filter: (info_type_id > 4)
                    Rows Removed by Filter: 4923966
              ->  Hash  (cost=61283.27..61283.27 rows=2528527 width=4) (actual time=1724.168..1724.168 rows=2528312 loops=1)
                    Buckets: 131072  Batches: 64  Memory Usage: 2425kB
                    ->  Seq Scan on title t  (cost=0.00..61283.27 rows=2528527 width=4) (actual time=0.014..862.617 rows=2528312 loops=1)
Planning time: 1.175 ms
Execution time: 114862.601 ms
