Seq Scan on movie_keyword mk  (cost=0.00..81003.12 rows=2857987 width=0) (actual time=0.021..1338.863 rows=2847203 loops=1)
  Filter: (keyword_id < 8679)
  Rows Removed by Filter: 1676727
Planning time: 0.375 ms
Execution time: 1704.865 ms
