Seq Scan on movie_companies mc  (cost=0.00..57926.93 rows=356642 width=0) (actual time=0.022..794.861 rows=669215 loops=1)
  Filter: ((company_id > 44685) AND (company_type_id > 1))
  Rows Removed by Filter: 1939914
Planning time: 0.318 ms
Execution time: 880.070 ms
