Seq Scan on movie_keyword mk  (cost=0.00..81003.12 rows=801397 width=0) (actual time=0.021..1140.931 rows=807458 loops=1)
  Filter: (keyword_id > 22929)
  Rows Removed by Filter: 3716472
Planning time: 0.299 ms
Execution time: 1243.773 ms
