Seq Scan on cast_info ci  (cost=0.00..796071.18 rows=12060184 width=0) (actual time=1654.006..13677.688 rows=11352532 loops=1)
  Filter: ((person_id > 181180) AND (role_id < 2))
  Rows Removed by Filter: 24891812
Planning time: 0.327 ms
Execution time: 15032.639 ms
