Hash Join  (cost=187593.99..569746.98 rows=727215 width=0) (actual time=4962.760..13942.538 rows=17229807 loops=1)
  Hash Cond: (mi.movie_id = t.id)
  ->  Seq Scan on movie_info mi  (cost=0.00..346232.03 rows=2194617 width=4) (actual time=660.504..4301.388 rows=2233850 loops=1)
        Filter: (info_type_id > 16)
        Rows Removed by Filter: 12601870
  ->  Hash  (cost=173847.74..173847.74 rows=837860 width=8) (actual time=4261.422..4261.422 rows=1355820 loops=1)
        Buckets: 131072 (originally 131072)  Batches: 32 (originally 16)  Memory Usage: 3073kB
        ->  Hash Join  (cost=87247.62..173847.74 rows=837860 width=8) (actual time=1289.466..3845.165 rows=1355820 loops=1)
              Hash Cond: (mc.movie_id = t.id)
              ->  Seq Scan on movie_companies mc  (cost=0.00..44881.29 rows=2609129 width=4) (actual time=0.033..778.905 rows=2609129 loops=1)
              ->  Hash  (cost=73925.90..73925.90 rows=811977 width=4) (actual time=1288.486..1288.486 rows=725903 loops=1)
                    Buckets: 131072  Batches: 16  Memory Usage: 2621kB
                    ->  Seq Scan on title t  (cost=0.00..73925.90 rows=811977 width=4) (actual time=0.029..1060.174 rows=725903 loops=1)
                          Filter: ((kind_id < 7) AND (production_year > 1970))
                          Rows Removed by Filter: 1802409
Planning time: 0.753 ms
Execution time: 15966.851 ms
