Hash Join  (cost=298108.20..1802364.44 rows=36980604 width=0) (actual time=6360.791..67217.538 rows=121159690 loops=1)
  Hash Cond: (ci.movie_id = t.id)
  ->  Seq Scan on cast_info ci  (cost=0.00..614943.12 rows=36225612 width=4) (actual time=0.022..10858.123 rows=36244344 loops=1)
  ->  Hash  (cost=255759.89..255759.89 rows=2581225 width=8) (actual time=6358.435..6358.435 rows=2571959 loops=1)
        Buckets: 131072  Batches: 64  Memory Usage: 2611kB
        ->  Hash Join  (cost=102767.86..255759.89 rows=2581225 width=8) (actual time=1658.979..5550.624 rows=2571959 loops=1)
              Hash Cond: (mk.movie_id = t.id)
              ->  Seq Scan on movie_keyword mk  (cost=0.00..81003.12 rows=2581225 width=4) (actual time=0.019..1409.981 rows=2571959 loops=1)
                    Filter: (keyword_id < 6611)
                    Rows Removed by Filter: 1951971
              ->  Hash  (cost=61283.27..61283.27 rows=2528527 width=4) (actual time=1656.600..1656.600 rows=2528312 loops=1)
                    Buckets: 131072  Batches: 64  Memory Usage: 2425kB
                    ->  Seq Scan on title t  (cost=0.00..61283.27 rows=2528527 width=4) (actual time=0.019..786.550 rows=2528312 loops=1)
Planning time: 1.106 ms
Execution time: 81332.163 ms
