Hash Join  (cost=122789.99..188351.32 rows=39706 width=0) (actual time=2681.844..3754.909 rows=342824 loops=1)
  Hash Cond: (mc.movie_id = t.id)
  ->  Seq Scan on movie_companies mc  (cost=0.00..57926.93 rows=565957 width=4) (actual time=285.917..887.329 rows=774958 loops=1)
        Filter: ((company_id < 8969) AND (company_type_id < 2))
        Rows Removed by Filter: 1834171
  ->  Hash  (cost=119879.54..119879.54 rows=177396 width=8) (actual time=2395.180..2395.180 rows=318019 loops=1)
        Buckets: 131072 (originally 131072)  Batches: 8 (originally 4)  Memory Usage: 3073kB
        ->  Hash Join  (cost=83810.17..119879.54 rows=177396 width=8) (actual time=1312.366..2286.438 rows=318019 loops=1)
              Hash Cond: (mi_idx.movie_id = t.id)
              ->  Seq Scan on movie_info_idx mi_idx  (cost=0.00..25185.44 rows=454124 width=4) (actual time=0.010..451.098 rows=459925 loops=1)
                    Filter: (info_type_id = 100)
                    Rows Removed by Filter: 920110
              ->  Hash  (cost=67604.59..67604.59 rows=987727 width=4) (actual time=1311.082..1311.082 rows=985048 loops=1)
                    Buckets: 131072  Batches: 16  Memory Usage: 3188kB
                    ->  Seq Scan on title t  (cost=0.00..67604.59 rows=987727 width=4) (actual time=0.029..1015.928 rows=985048 loops=1)
                          Filter: (kind_id < 7)
                          Rows Removed by Filter: 1543264
Planning time: 1.127 ms
Execution time: 3793.204 ms
