Seq Scan on movie_keyword mk  (cost=0.00..81003.12 rows=1994481 width=0) (actual time=0.028..1210.147 rows=2002666 loops=1)
  Filter: (keyword_id > 6246)
  Rows Removed by Filter: 2521264
Planning time: 0.346 ms
Execution time: 1462.068 ms
