Seq Scan on cast_info ci  (cost=0.00..796071.18 rows=3624452 width=0) (actual time=0.023..13590.328 rows=3756865 loops=1)
  Filter: ((person_id > 315841) AND (role_id = 3))
  Rows Removed by Filter: 32487479
Planning time: 0.412 ms
Execution time: 14033.630 ms
