Hash Join  (cost=156285.35..282256.99 rows=452070 width=0) (actual time=2585.086..8938.376 rows=17522325 loops=1)
  Hash Cond: (mk.movie_id = t.id)
  ->  Seq Scan on movie_keyword mk  (cost=0.00..81003.12 rows=3383953 width=4) (actual time=0.012..1298.636 rows=3375299 loops=1)
        Filter: (keyword_id < 16212)
        Rows Removed by Filter: 1148631
  ->  Hash  (cost=150742.95..150742.95 rows=337792 width=8) (actual time=2584.225..2584.225 rows=667070 loops=1)
        Buckets: 131072 (originally 131072)  Batches: 16 (originally 8)  Memory Usage: 3073kB
        ->  Hash Join  (cost=78556.72..150742.95 rows=337792 width=8) (actual time=1624.449..2427.051 rows=667070 loops=1)
              Hash Cond: (mc.movie_id = t.id)
              ->  Seq Scan on movie_companies mc  (cost=0.00..51404.11 rows=1279517 width=4) (actual time=288.520..643.946 rows=1274246 loops=1)
                    Filter: (company_type_id < 2)
                    Rows Removed by Filter: 1334883
              ->  Hash  (cost=67604.59..67604.59 rows=667531 width=4) (actual time=1088.036..1088.036 rows=662825 loops=1)
                    Buckets: 131072  Batches: 16  Memory Usage: 2476kB
                    ->  Seq Scan on title t  (cost=0.00..67604.59 rows=667531 width=4) (actual time=0.021..883.169 rows=662825 loops=1)
                          Filter: (kind_id = 1)
                          Rows Removed by Filter: 1865487
Planning time: 0.758 ms
Execution time: 10813.491 ms
