Hash Join  (cost=78724.21..1067476.25 rows=2565062 width=0) (actual time=1025.904..22599.906 rows=2575456 loops=1)
  Hash Cond: (ci.movie_id = t.id)
  ->  Seq Scan on cast_info ci  (cost=0.00..705507.15 rows=22179539 width=4) (actual time=0.025..11821.355 rows=22227466 loops=1)
        Filter: (person_id > 1381011)
        Rows Removed by Filter: 14016878
  ->  Hash  (cost=73925.90..73925.90 rows=292424 width=4) (actual time=1024.938..1024.938 rows=231739 loops=1)
        Buckets: 131072  Batches: 4  Memory Usage: 3067kB
        ->  Seq Scan on title t  (cost=0.00..73925.90 rows=292424 width=4) (actual time=435.812..948.597 rows=231739 loops=1)
              Filter: ((production_year > 2004) AND (kind_id = 1))
              Rows Removed by Filter: 2296573
Planning time: 0.760 ms
Execution time: 22849.749 ms
