Seq Scan on movie_companies mc  (cost=0.00..57926.93 rows=53 width=0) (actual time=594.525..715.182 rows=3 loops=1)
  Filter: ((company_id = 13816) AND (company_type_id = 2))
  Rows Removed by Filter: 2609126
Planning time: 0.384 ms
Execution time: 715.265 ms
