Seq Scan on movie_keyword mk  (cost=0.00..81003.12 rows=246 width=0) (actual time=214.720..1033.593 rows=14 loops=1)
  Filter: (keyword_id = 48550)
  Rows Removed by Filter: 4523916
Planning time: 0.352 ms
Execution time: 1033.667 ms
