Seq Scan on movie_keyword mk  (cost=0.00..81003.12 rows=1299528 width=0) (actual time=0.027..845.506 rows=1314934 loops=1)
  Filter: (keyword_id > 13338)
  Rows Removed by Filter: 3208996
Planning time: 0.290 ms
Execution time: 967.222 ms
