Hash Join  (cost=709678.15..1074363.23 rows=2915 width=0) (actual time=8726.105..14580.183 rows=12 loops=1)
  Hash Cond: (mi.movie_id = t.id)
  ->  Seq Scan on movie_info mi  (cost=0.00..309384.22 rows=14739122 width=4) (actual time=0.023..3243.125 rows=14835720 loops=1)
  ->  Hash  (cost=709671.90..709671.90 rows=500 width=8) (actual time=8663.137..8663.137 rows=1 loops=1)
        Buckets: 1024  Batches: 1  Memory Usage: 9kB
        ->  Nested Loop  (cost=0.43..709671.90 rows=500 width=8) (actual time=2941.624..8663.124 rows=1 loops=1)
              ->  Seq Scan on cast_info ci  (cost=0.00..705507.15 rows=500 width=4) (actual time=2941.508..8662.998 rows=1 loops=1)
                    Filter: (person_id = 381451)
                    Rows Removed by Filter: 36244343
              ->  Index Only Scan using title_pkey on title t  (cost=0.43..8.32 rows=1 width=4) (actual time=0.079..0.080 rows=1 loops=1)
                    Index Cond: (id = ci.movie_id)
                    Heap Fetches: 1
Planning time: 1.162 ms
Execution time: 14580.297 ms
