Nested Loop  (cost=0.43..83072.29 rows=168 width=0) (actual time=159.817..1031.503 rows=9 loops=1)
  ->  Seq Scan on movie_keyword mk  (cost=0.00..81003.12 rows=246 width=4) (actual time=159.753..1030.916 rows=13 loops=1)
        Filter: (keyword_id = 54031)
        Rows Removed by Filter: 4523917
  ->  Index Scan using title_pkey on title t  (cost=0.43..8.40 rows=1 width=4) (actual time=0.039..0.040 rows=1 loops=13)
        Index Cond: (id = mk.movie_id)
        Filter: (production_year > 1991)
        Rows Removed by Filter: 0
Planning time: 0.837 ms
Execution time: 1031.615 ms
