Hash Join  (cost=83568.99..563695.27 rows=2202809 width=0) (actual time=1031.505..10945.201 rows=5220272 loops=1)
  Hash Cond: (mi.movie_id = t.id)
  ->  Seq Scan on movie_info mi  (cost=0.00..346232.03 rows=9476311 width=4) (actual time=0.023..4813.610 rows=9565151 loops=1)
        Filter: (info_type_id < 16)
        Rows Removed by Filter: 5270569
  ->  Hash  (cost=73925.90..73925.90 rows=587767 width=4) (actual time=995.373..995.373 rows=594730 loops=1)
        Buckets: 131072  Batches: 8  Memory Usage: 3657kB
        ->  Seq Scan on title t  (cost=0.00..73925.90 rows=587767 width=4) (actual time=0.011..839.863 rows=594730 loops=1)
              Filter: ((kind_id < 2) AND (production_year < 2012))
              Rows Removed by Filter: 1933582
Planning time: 0.757 ms
Execution time: 11437.045 ms
