Hash Join  (cost=68438.72..159141.50 rows=63775 width=0) (actual time=833.314..2513.893 rows=23200 loops=1)
  Hash Cond: (mk.movie_id = t.id)
  ->  Seq Scan on movie_keyword mk  (cost=0.00..81003.12 rows=2416506 width=4) (actual time=0.019..1265.212 rows=2417635 loops=1)
        Filter: (keyword_id < 5692)
        Rows Removed by Filter: 2106295
  ->  Hash  (cost=67604.59..67604.59 rows=66731 width=4) (actual time=831.781..831.781 rows=67342 loops=1)
        Buckets: 131072  Batches: 1  Memory Usage: 3392kB
        ->  Seq Scan on title t  (cost=0.00..67604.59 rows=66731 width=4) (actual time=0.016..804.261 rows=67342 loops=1)
              Filter: (production_year > 2012)
              Rows Removed by Filter: 2460970
Planning time: 0.747 ms
Execution time: 2517.543 ms
