Nested Loop  (cost=0.43..58358.27 rows=51 width=0) (actual time=174.128..778.938 rows=1052 loops=1)
  ->  Seq Scan on movie_companies mc  (cost=0.00..57926.93 rows=51 width=4) (actual time=174.054..754.104 rows=1052 loops=1)
        Filter: ((company_type_id < 2) AND (company_id = 573))
        Rows Removed by Filter: 2608077
  ->  Index Only Scan using title_pkey on title t  (cost=0.43..8.45 rows=1 width=4) (actual time=0.022..0.023 rows=1 loops=1052)
        Index Cond: (id = mc.movie_id)
        Heap Fetches: 1052
Planning time: 3.036 ms
Execution time: 779.300 ms
