Seq Scan on movie_companies mc  (cost=0.00..57926.93 rows=272670 width=0) (actual time=247.237..738.744 rows=141014 loops=1)
  Filter: ((company_id < 521) AND (company_type_id > 1))
  Rows Removed by Filter: 2468115
Planning time: 0.338 ms
Execution time: 757.929 ms
