Seq Scan on cast_info ci  (cost=0.00..705507.15 rows=1238820 width=0) (actual time=6449.367..8682.838 rows=1262895 loops=1)
  Filter: (person_id > 3817170)
  Rows Removed by Filter: 34981449
Planning time: 0.214 ms
Execution time: 8845.506 ms
