Hash Join  (cost=198187.09..688315.99 rows=967398 width=0) (actual time=4073.589..18205.575 rows=8549999 loops=1)
  Hash Cond: (mi.movie_id = t.id)
  ->  Seq Scan on movie_info mi  (cost=0.00..309384.22 rows=14739122 width=4) (actual time=0.026..5874.115 rows=14835720 loops=1)
  ->  Hash  (cost=195463.60..195463.60 rows=165959 width=8) (actual time=4071.895..4071.895 rows=152312 loops=1)
        Buckets: 131072  Batches: 4  Memory Usage: 2478kB
        ->  Hash Join  (cost=69460.45..195463.60 rows=165959 width=8) (actual time=738.272..4020.134 rows=152312 loops=1)
              Hash Cond: (mk.movie_id = t.id)
              ->  Seq Scan on movie_keyword mk  (cost=0.00..81003.12 rows=3709984 width=4) (actual time=0.026..1587.264 rows=3706180 loops=1)
                    Filter: (keyword_id < 22378)
                    Rows Removed by Filter: 817750
              ->  Hash  (cost=67604.59..67604.59 rows=113109 width=4) (actual time=737.373..737.373 rows=119565 loops=1)
                    Buckets: 131072  Batches: 2  Memory Usage: 3121kB
                    ->  Seq Scan on title t  (cost=0.00..67604.59 rows=113109 width=4) (actual time=0.017..698.614 rows=119565 loops=1)
                          Filter: (production_year = 2007)
                          Rows Removed by Filter: 2408747
Planning time: 1.190 ms
Execution time: 19224.582 ms
