Hash Join  (cost=73950.44..130350.92 rows=1032 width=0) (actual time=1107.070..1932.554 rows=2582 loops=1)
  Hash Cond: (mc.movie_id = t.id)
  ->  Seq Scan on movie_companies mc  (cost=0.00..51404.11 rows=1329612 width=4) (actual time=0.024..787.575 rows=1334883 loops=1)
        Filter: (company_type_id > 1)
        Rows Removed by Filter: 1274246
  ->  Hash  (cost=73925.90..73925.90 rows=1963 width=4) (actual time=929.343..929.343 rows=2618 loops=1)
        Buckets: 4096 (originally 2048)  Batches: 1 (originally 1)  Memory Usage: 125kB
        ->  Seq Scan on title t  (cost=0.00..73925.90 rows=1963 width=4) (actual time=425.886..927.941 rows=2618 loops=1)
              Filter: ((kind_id = 1) AND (production_year = 1903))
              Rows Removed by Filter: 2525694
Planning time: 0.730 ms
Execution time: 1933.179 ms
