Hash Join  (cost=162212.36..540960.90 rows=136094 width=0) (actual time=2674.912..8364.082 rows=69337 loops=1)
  Hash Cond: (mi.movie_id = t.id)
  ->  Seq Scan on movie_info mi  (cost=0.00..346232.03 rows=6231111 width=4) (actual time=0.017..4606.446 rows=6223494 loops=1)
        Filter: (info_type_id > 8)
        Rows Removed by Filter: 8612226
  ->  Hash  (cost=161522.04..161522.04 rows=55226 width=8) (actual time=2674.466..2674.466 rows=12613 loops=1)
        Buckets: 65536  Batches: 1  Memory Usage: 1005kB
        ->  Hash Join  (cost=74311.74..161522.04 rows=55226 width=8) (actual time=1039.005..2670.505 rows=12613 loops=1)
              Hash Cond: (mk.movie_id = t.id)
              ->  Seq Scan on movie_keyword mk  (cost=0.00..69693.30 rows=4523930 width=4) (actual time=0.018..783.932 rows=4523930 loops=1)
              ->  Hash  (cost=73925.90..73925.90 rows=30867 width=4) (actual time=1038.801..1038.801 rows=34773 loops=1)
                    Buckets: 65536 (originally 32768)  Batches: 1 (originally 1)  Memory Usage: 1735kB
                    ->  Seq Scan on title t  (cost=0.00..73925.90 rows=30867 width=4) (actual time=0.015..1023.389 rows=34773 loops=1)
                          Filter: ((kind_id = 7) AND (production_year = 1999))
                          Rows Removed by Filter: 2493539
Planning time: 1.155 ms
Execution time: 8373.717 ms
