Hash Join  (cost=190230.21..289285.20 rows=1355113 width=0) (actual time=4501.698..8046.342 rows=3890624 loops=1)
  Hash Cond: (mc.movie_id = t.id)
  ->  Seq Scan on movie_companies mc  (cost=0.00..51404.11 rows=2482865 width=4) (actual time=0.016..996.352 rows=2483492 loops=1)
        Filter: (company_id < 143458)
        Rows Removed by Filter: 125637
  ->  Hash  (cost=167588.78..167588.78 rows=1380035 width=8) (actual time=4500.346..4500.346 rows=1380035 loops=1)
        Buckets: 131072  Batches: 32  Memory Usage: 2708kB
        ->  Hash Join  (cost=102767.86..167588.78 rows=1380035 width=8) (actual time=2478.233..4155.877 rows=1380035 loops=1)
              Hash Cond: (mi_idx.movie_id = t.id)
              ->  Seq Scan on movie_info_idx mi_idx  (cost=0.00..21735.35 rows=1380035 width=4) (actual time=0.013..353.595 rows=1380035 loops=1)
              ->  Hash  (cost=61283.27..61283.27 rows=2528527 width=4) (actual time=2477.394..2477.394 rows=2528312 loops=1)
                    Buckets: 131072  Batches: 64  Memory Usage: 2415kB
                    ->  Seq Scan on title t  (cost=0.00..61283.27 rows=2528527 width=4) (actual time=0.011..919.432 rows=2528312 loops=1)
Planning time: 1.124 ms
Execution time: 8458.213 ms
