Seq Scan on movie_companies mc  (cost=0.00..57926.93 rows=318569 width=0) (actual time=197.756..812.659 rows=616691 loops=1)
  Filter: ((company_id > 59927) AND (company_type_id = 2))
  Rows Removed by Filter: 1992438
Planning time: 0.410 ms
Execution time: 891.877 ms
