Hash Join  (cost=208530.54..729075.82 rows=3818034 width=0) (actual time=4574.187..27697.860 rows=43640585 loops=1)
  Hash Cond: (mi.movie_id = t.id)
  ->  Seq Scan on movie_info mi  (cost=0.00..309384.22 rows=14739122 width=4) (actual time=0.023..6152.976 rows=14835720 loops=1)
  ->  Hash  (cost=197784.14..197784.14 rows=654992 width=8) (actual time=4573.202..4573.202 rows=814840 loops=1)
        Buckets: 131072  Batches: 16  Memory Usage: 3122kB
        ->  Hash Join  (cost=91342.70..197784.14 rows=654992 width=8) (actual time=1786.593..4329.252 rows=814840 loops=1)
              Hash Cond: (mk.movie_id = t.id)
              ->  Seq Scan on movie_keyword mk  (cost=0.00..81003.12 rows=1144638 width=4) (actual time=0.017..1516.406 rows=1155901 loops=1)
                    Filter: (keyword_id > 16141)
                    Rows Removed by Filter: 3368029
              ->  Hash  (cost=67604.59..67604.59 rows=1446889 width=4) (actual time=1785.235..1785.235 rows=1443298 loops=1)
                    Buckets: 131072  Batches: 32  Memory Usage: 2616kB
                    ->  Seq Scan on title t  (cost=0.00..67604.59 rows=1446889 width=4) (actual time=0.019..1301.144 rows=1443298 loops=1)
                          Filter: (production_year < 2006)
                          Rows Removed by Filter: 1085014
Planning time: 1.196 ms
Execution time: 32669.414 ms
