Seq Scan on cast_info ci  (cost=0.00..705507.15 rows=30892997 width=0) (actual time=0.018..11638.841 rows=30834278 loops=1)
  Filter: (person_id < 3116275)
  Rows Removed by Filter: 5410066
Planning time: 0.337 ms
Execution time: 15614.525 ms
