Nested Loop  (cost=0.43..447802.20 rows=17937 width=0) (actual time=648.984..4546.208 rows=6440 loops=1)
  ->  Seq Scan on movie_info mi  (cost=0.00..346232.03 rows=17937 width=4) (actual time=648.912..4465.243 rows=6440 loops=1)
        Filter: (info_type_id = 64)
        Rows Removed by Filter: 14829280
  ->  Index Only Scan using title_pkey on title t  (cost=0.43..5.65 rows=1 width=4) (actual time=0.012..0.012 rows=1 loops=6440)
        Index Cond: (id = mi.movie_id)
        Heap Fetches: 6440
Planning time: 0.510 ms
Execution time: 4547.698 ms
