Hash Join  (cost=153081.30..1199988.45 rows=1275598 width=0) (actual time=2511.643..25030.441 rows=1635910 loops=1)
  Hash Cond: (ci.movie_id = t.id)
  ->  Seq Scan on cast_info ci  (cost=0.00..614943.12 rows=36225612 width=4) (actual time=0.020..10346.075 rows=36244344 loops=1)
  ->  Hash  (cost=151620.35..151620.35 rows=89036 width=8) (actual time=2510.781..2510.781 rows=39462 loops=1)
        Buckets: 131072  Batches: 2  Memory Usage: 1798kB
        ->  Hash Join  (cost=75342.47..151620.35 rows=89036 width=8) (actual time=999.926..2498.060 rows=39462 loops=1)
              Hash Cond: (mc.movie_id = t.id)
              ->  Seq Scan on movie_companies mc  (cost=0.00..44881.29 rows=2609129 width=4) (actual time=0.019..700.769 rows=2609129 loops=1)
              ->  Hash  (cost=73925.90..73925.90 rows=86285 width=4) (actual time=888.283..888.283 rows=92628 loops=1)
                    Buckets: 131072  Batches: 2  Memory Usage: 2653kB
                    ->  Seq Scan on title t  (cost=0.00..73925.90 rows=86285 width=4) (actual time=122.078..856.384 rows=92628 loops=1)
                          Filter: ((kind_id = 7) AND (production_year = 2010))
                          Rows Removed by Filter: 2435684
Planning time: 1.154 ms
Execution time: 25232.187 ms
