Hash Join  (cost=78473.92..510934.02 rows=1545149 width=0) (actual time=2234.252..9846.164 rows=1328331 loops=1)
  Hash Cond: (mi.movie_id = t.id)
  ->  Seq Scan on movie_info mi  (cost=0.00..346232.03 rows=5897221 width=4) (actual time=790.486..5168.703 rows=5884963 loops=1)
        Filter: (info_type_id < 7)
        Rows Removed by Filter: 8950757
  ->  Hash  (cost=67604.59..67604.59 rows=662507 width=4) (actual time=1441.766..1441.766 rows=662065 loops=1)
        Buckets: 131072  Batches: 16  Memory Usage: 2487kB
        ->  Seq Scan on title t  (cost=0.00..67604.59 rows=662507 width=4) (actual time=0.030..950.132 rows=662065 loops=1)
              Filter: (production_year > 2008)
              Rows Removed by Filter: 1866247
Planning time: 0.745 ms
Execution time: 10011.781 ms
