Hash Join  (cost=136369.05..890303.64 rows=70472 width=0) (actual time=810.874..15132.799 rows=244574 loops=1)
  Hash Cond: (ci.movie_id = t.id)
  ->  Seq Scan on cast_info ci  (cost=0.00..705507.15 rows=12726058 width=4) (actual time=0.017..11787.450 rows=12670688 loops=1)
        Filter: (role_id = 1)
        Rows Removed by Filter: 23573656
  ->  Hash  (cost=136194.03..136194.03 rows=14002 width=8) (actual time=810.451..810.451 rows=12894 loops=1)
        Buckets: 16384  Batches: 1  Memory Usage: 632kB
        ->  Nested Loop  (cost=0.43..136194.03 rows=14002 width=8) (actual time=7.137..804.252 rows=12894 loops=1)
              ->  Seq Scan on movie_companies mc  (cost=0.00..51404.11 rows=14002 width=4) (actual time=7.053..649.005 rows=12894 loops=1)
                    Filter: (company_id = 34)
                    Rows Removed by Filter: 2596235
              ->  Index Only Scan using title_pkey on title t  (cost=0.43..6.05 rows=1 width=4) (actual time=0.011..0.011 rows=1 loops=12894)
                    Index Cond: (id = mc.movie_id)
                    Heap Fetches: 12894
Planning time: 1.155 ms
Execution time: 15168.670 ms
