Seq Scan on cast_info ci  (cost=0.00..796071.18 rows=3049508 width=0) (actual time=0.017..12164.744 rows=979696 loops=1)
  Filter: ((person_id < 2641984) AND (role_id = 10))
  Rows Removed by Filter: 35264648
Planning time: 0.413 ms
Execution time: 12293.192 ms
