Seq Scan on movie_keyword mk  (cost=0.00..81003.12 rows=3726359 width=0) (actual time=0.021..1372.382 rows=3722889 loops=1)
  Filter: (keyword_id < 23097)
  Rows Removed by Filter: 801041
Planning time: 0.304 ms
Execution time: 1857.482 ms
