Hash Join  (cost=102767.86..1192036.65 rows=11774253 width=0) (actual time=3969.735..27310.403 rows=12670688 loops=1)
  Hash Cond: (ci.movie_id = t.id)
  ->  Seq Scan on cast_info ci  (cost=0.00..796071.18 rows=11774253 width=4) (actual time=1640.962..14675.265 rows=12670688 loops=1)
        Filter: ((person_id < 3537017) AND (role_id < 2))
        Rows Removed by Filter: 23573656
  ->  Hash  (cost=61283.27..61283.27 rows=2528527 width=4) (actual time=2327.246..2327.246 rows=2528312 loops=1)
        Buckets: 131072  Batches: 64  Memory Usage: 2415kB
        ->  Seq Scan on title t  (cost=0.00..61283.27 rows=2528527 width=4) (actual time=0.029..947.214 rows=2528312 loops=1)
Planning time: 0.720 ms
Execution time: 28784.543 ms
