Seq Scan on title t  (cost=0.00..67604.59 rows=7437 width=0) (actual time=84.120..915.141 rows=1831 loops=1)
  Filter: (production_year = 1944)
  Rows Removed by Filter: 2526481
Planning time: 0.354 ms
Execution time: 915.746 ms
