Hash Join  (cost=83810.17..227117.50 rows=1475893 width=0) (actual time=1196.183..5346.688 rows=3247940 loops=1)
  Hash Cond: (mk.movie_id = t.id)
  ->  Seq Scan on movie_keyword mk  (cost=0.00..81003.12 rows=3778206 width=4) (actual time=0.028..1500.253 rows=3772162 loops=1)
        Filter: (keyword_id < 24888)
        Rows Removed by Filter: 751768
  ->  Hash  (cost=67604.59..67604.59 rows=987727 width=4) (actual time=1195.245..1195.245 rows=985048 loops=1)
        Buckets: 131072  Batches: 16  Memory Usage: 3197kB
        ->  Seq Scan on title t  (cost=0.00..67604.59 rows=987727 width=4) (actual time=0.028..895.467 rows=985048 loops=1)
              Filter: (kind_id < 7)
              Rows Removed by Filter: 1543264
Planning time: 0.758 ms
Execution time: 5743.180 ms
