Hash Join  (cost=156649.15..258079.56 rows=255321 width=0) (actual time=3330.776..5609.898 rows=1056669 loops=1)
  Hash Cond: (mk.movie_id = t.id)
  ->  Seq Scan on movie_keyword mk  (cost=0.00..81003.12 rows=1388553 width=4) (actual time=0.026..1288.365 rows=1402256 loops=1)
        Filter: (keyword_id < 1906)
        Rows Removed by Filter: 3121674
  ->  Hash  (cost=149020.47..149020.47 rows=464934 width=8) (actual time=3329.898..3329.898 rows=460185 loops=1)
        Buckets: 131072  Batches: 8  Memory Usage: 3286kB
        ->  Hash Join  (cost=102767.86..149020.47 rows=464934 width=8) (actual time=2034.275..3193.316 rows=460185 loops=1)
              Hash Cond: (mi_idx.movie_id = t.id)
              ->  Seq Scan on movie_info_idx mi_idx  (cost=0.00..25185.44 rows=464934 width=4) (actual time=0.025..394.476 rows=460185 loops=1)
                    Filter: (info_type_id > 100)
                    Rows Removed by Filter: 919850
              ->  Hash  (cost=61283.27..61283.27 rows=2528527 width=4) (actual time=2032.736..2032.736 rows=2528312 loops=1)
                    Buckets: 131072  Batches: 64  Memory Usage: 2415kB
                    ->  Seq Scan on title t  (cost=0.00..61283.27 rows=2528527 width=4) (actual time=0.020..854.602 rows=2528312 loops=1)
Planning time: 1.058 ms
Execution time: 5742.663 ms
