Hash Join  (cost=102767.86..183697.90 rows=545422 width=0) (actual time=1560.008..2815.140 rows=262287 loops=1)
  Hash Cond: (mc.movie_id = t.id)
  ->  Seq Scan on movie_companies mc  (cost=0.00..57926.93 rows=545422 width=4) (actual time=0.019..752.966 rows=262287 loops=1)
        Filter: ((company_id > 13670) AND (company_type_id < 2))
        Rows Removed by Filter: 2346842
  ->  Hash  (cost=61283.27..61283.27 rows=2528527 width=4) (actual time=1558.225..1558.225 rows=2528312 loops=1)
        Buckets: 131072  Batches: 64  Memory Usage: 2415kB
        ->  Seq Scan on title t  (cost=0.00..61283.27 rows=2528527 width=4) (actual time=0.009..753.701 rows=2528312 loops=1)
Planning time: 1.782 ms
Execution time: 2842.662 ms
