Seq Scan on cast_info ci  (cost=0.00..796071.18 rows=176 width=0) (actual time=5777.045..10556.877 rows=1 loops=1)
  Filter: ((role_id < 2) AND (person_id = 1570989))
  Rows Removed by Filter: 36244343
Planning time: 0.379 ms
Execution time: 10557.010 ms
