Hash Join  (cost=206473.45..655395.69 rows=578828 width=0) (actual time=4647.756..15022.093 rows=7828507 loops=1)
  Hash Cond: (mi.movie_id = t.id)
  ->  Seq Scan on movie_info mi  (cost=0.00..346232.03 rows=7503588 width=4) (actual time=0.027..5321.358 rows=7548855 loops=1)
        Filter: (info_type_id > 7)
        Rows Removed by Filter: 7286865
  ->  Hash  (cost=203273.31..203273.31 rows=195051 width=8) (actual time=4646.452..4646.452 rows=177570 loops=1)
        Buckets: 131072  Batches: 4  Memory Usage: 2724kB
        ->  Hash Join  (cost=69460.45..203273.31 rows=195051 width=8) (actual time=992.235..4014.240 rows=177570 loops=1)
              Hash Cond: (mk.movie_id = t.id)
              ->  Seq Scan on movie_keyword mk  (cost=0.00..81003.12 rows=4360326 width=4) (actual time=0.027..1620.212 rows=4346368 loops=1)
                    Filter: (keyword_id > 121)
                    Rows Removed by Filter: 177562
              ->  Hash  (cost=67604.59..67604.59 rows=113109 width=4) (actual time=991.449..991.449 rows=119565 loops=1)
                    Buckets: 131072  Batches: 2  Memory Usage: 3121kB
                    ->  Seq Scan on title t  (cost=0.00..67604.59 rows=113109 width=4) (actual time=0.023..945.077 rows=119565 loops=1)
                          Filter: (production_year = 2007)
                          Rows Removed by Filter: 2408747
Planning time: 1.197 ms
Execution time: 15789.677 ms
