Seq Scan on movie_companies mc  (cost=0.00..51404.11 rows=1590239 width=0) (actual time=0.022..813.125 rows=1580753 loops=1)
  Filter: (company_id < 15657)
  Rows Removed by Filter: 1028376
Planning time: 0.322 ms
Execution time: 1024.089 ms
