Seq Scan on movie_keyword mk  (cost=0.00..81003.12 rows=246 width=0) (actual time=7.827..1083.774 rows=11 loops=1)
  Filter: (keyword_id = 20642)
  Rows Removed by Filter: 4523919
Planning time: 0.641 ms
Execution time: 1083.873 ms
