Seq Scan on movie_companies mc  (cost=0.00..51404.11 rows=2529516 width=0) (actual time=0.024..861.328 rows=2529643 loops=1)
  Filter: (company_id < 170382)
  Rows Removed by Filter: 79486
Planning time: 0.297 ms
Execution time: 1174.810 ms
