Hash Join  (cost=334791.12..1763304.08 rows=34601572 width=0) (actual time=7585.948..59149.804 rows=125881005 loops=1)
  Hash Cond: (ci.movie_id = t.id)
  ->  Seq Scan on cast_info ci  (cost=0.00..705507.15 rows=23676947 width=4) (actual time=0.024..12745.610 rows=23758726 loops=1)
        Filter: (person_id > 1230882)
        Rows Removed by Filter: 12485618
  ->  Hash  (cost=274166.14..274166.14 rows=3695198 width=8) (actual time=7584.400..7584.400 rows=4200438 loops=1)
        Buckets: 131072  Batches: 64  Memory Usage: 3613kB
        ->  Hash Join  (cost=101489.21..274166.14 rows=3695198 width=8) (actual time=1780.118..6430.616 rows=4200438 loops=1)
              Hash Cond: (mk.movie_id = t.id)
              ->  Seq Scan on movie_keyword mk  (cost=0.00..69693.30 rows=4523930 width=4) (actual time=0.016..1215.356 rows=4523930 loops=1)
              ->  Hash  (cost=67604.59..67604.59 rows=2065330 width=4) (actual time=1778.378..1778.378 rows=2064552 loops=1)
                    Buckets: 131072  Batches: 32  Memory Usage: 3298kB
                    ->  Seq Scan on title t  (cost=0.00..67604.59 rows=2065330 width=4) (actual time=0.014..1103.672 rows=2064552 loops=1)
                          Filter: (production_year < 2011)
                          Rows Removed by Filter: 463760
Planning time: 1.101 ms
Execution time: 71880.690 ms
