Seq Scan on movie_keyword mk  (cost=0.00..81003.12 rows=2445349 width=0) (actual time=0.023..1492.149 rows=2435167 loops=1)
  Filter: (keyword_id > 3734)
  Rows Removed by Filter: 2088763
Planning time: 0.297 ms
Execution time: 1791.725 ms
