Hash Join  (cost=104131.46..193370.08 rows=921048 width=0) (actual time=2528.450..4343.343 rows=712608 loops=1)
  Hash Cond: (mc.movie_id = t.id)
  ->  Seq Scan on movie_companies mc  (cost=0.00..57926.93 rows=1046041 width=4) (actual time=0.033..777.411 rows=773614 loops=1)
        Filter: ((company_id < 71610) AND (company_type_id > 1))
        Rows Removed by Filter: 1835515
  ->  Hash  (cost=67604.59..67604.59 rows=2226390 width=4) (actual time=2527.155..2527.155 rows=2224569 loops=1)
        Buckets: 131072  Batches: 32  Memory Usage: 3463kB
        ->  Seq Scan on title t  (cost=0.00..67604.59 rows=2226390 width=4) (actual time=0.015..1145.962 rows=2224569 loops=1)
              Filter: (production_year < 2012)
              Rows Removed by Filter: 303743
Planning time: 0.712 ms
Execution time: 4434.299 ms
