Nested Loop  (cost=32749.09..124446.12 rows=1567 width=0) (actual time=553.876..1757.597 rows=7601 loops=1)
  ->  Hash Join  (cost=32748.66..117210.25 rows=8534 width=8) (actual time=553.794..1641.096 rows=7601 loops=1)
        Hash Cond: (mk.movie_id = mi_idx.movie_id)
        ->  Seq Scan on movie_keyword mk  (cost=0.00..81003.12 rows=8595 width=4) (actual time=0.098..1002.674 rows=8337 loops=1)
              Filter: (keyword_id = 865)
              Rows Removed by Filter: 4515593
        ->  Hash  (cost=25185.44..25185.44 rows=460978 width=4) (actual time=552.234..552.234 rows=459925 loops=1)
              Buckets: 131072  Batches: 8  Memory Usage: 3059kB
              ->  Seq Scan on movie_info_idx mi_idx  (cost=0.00..25185.44 rows=460978 width=4) (actual time=0.025..411.580 rows=459925 loops=1)
                    Filter: (info_type_id < 100)
                    Rows Removed by Filter: 920110
  ->  Index Only Scan using title_pkey on title t  (cost=0.43..0.84 rows=1 width=4) (actual time=0.014..0.015 rows=1 loops=7601)
        Index Cond: (id = mi_idx.movie_id)
        Heap Fetches: 7601
Planning time: 1.115 ms
Execution time: 1759.950 ms
