Seq Scan on movie_keyword mk  (cost=0.00..81003.12 rows=3503973 width=0) (actual time=0.016..1300.628 rows=3498099 loops=1)
  Filter: (keyword_id < 17454)
  Rows Removed by Filter: 1025831
Planning time: 0.278 ms
Execution time: 1734.411 ms
