Hash Join  (cost=92735.26..182381.71 rows=1035528 width=0) (actual time=1184.379..3752.770 rows=790945 loops=1)
  Hash Cond: (mc.movie_id = t.id)
  ->  Seq Scan on movie_companies mc  (cost=0.00..51404.11 rows=1709410 width=4) (actual time=0.024..783.479 rows=1700273 loops=1)
        Filter: (company_id < 20915)
        Rows Removed by Filter: 908856
  ->  Hash  (cost=67604.59..67604.59 rows=1531734 width=4) (actual time=1183.289..1183.289 rows=1531613 loops=1)
        Buckets: 131072  Batches: 32  Memory Usage: 2708kB
        ->  Seq Scan on title t  (cost=0.00..67604.59 rows=1531734 width=4) (actual time=0.023..799.368 rows=1531613 loops=1)
              Filter: (production_year > 1997)
              Rows Removed by Filter: 996699
Planning time: 0.697 ms
Execution time: 3818.856 ms
