Hash Join  (cost=201881.92..710185.59 rows=2670778 width=0) (actual time=3675.425..14693.590 rows=2205799 loops=1)
  Hash Cond: (mi.movie_id = t.id)
  ->  Seq Scan on movie_info mi  (cost=0.00..309384.22 rows=14739122 width=4) (actual time=0.021..4272.171 rows=14835720 loops=1)
  ->  Hash  (cost=194364.70..194364.70 rows=458177 width=8) (actual time=3674.363..3674.363 rows=184759 loops=1)
        Buckets: 131072  Batches: 8  Memory Usage: 1953kB
        ->  Hash Join  (cost=83462.78..194364.70 rows=458177 width=8) (actual time=1276.747..3604.068 rows=184759 loops=1)
              Hash Cond: (mk.movie_id = t.id)
              ->  Seq Scan on movie_keyword mk  (cost=0.00..81003.12 rows=1993074 width=4) (actual time=0.026..1333.482 rows=1999791 loops=1)
                    Filter: (keyword_id > 6254)
                    Rows Removed by Filter: 2524139
              ->  Hash  (cost=73925.90..73925.90 rows=581270 width=4) (actual time=1275.288..1275.288 rows=602533 loops=1)
                    Buckets: 131072  Batches: 8  Memory Usage: 3675kB
                    ->  Seq Scan on title t  (cost=0.00..73925.90 rows=581270 width=4) (actual time=0.025..1076.980 rows=602533 loops=1)
                          Filter: ((kind_id > 1) AND (production_year > 2007))
                          Rows Removed by Filter: 1925779
Planning time: 1.095 ms
Execution time: 14959.921 ms
