Seq Scan on cast_info ci  (cost=0.00..705507.15 rows=500 width=0) (actual time=5048.873..8352.128 rows=546 loops=1)
  Filter: (person_id = 478937)
  Rows Removed by Filter: 36243798
Planning time: 0.336 ms
Execution time: 8352.311 ms
