Seq Scan on cast_info ci  (cost=0.00..705507.15 rows=13046342 width=0) (actual time=0.027..10581.255 rows=13176057 loops=1)
  Filter: (person_id > 2358184)
  Rows Removed by Filter: 23068287
Planning time: 0.305 ms
Execution time: 12275.496 ms
