Hash Join  (cost=128478.61..1069833.31 rows=1594064 width=0) (actual time=2583.777..23525.245 rows=5972573 loops=1)
  Hash Cond: (ci.movie_id = t.id)
  ->  Seq Scan on cast_info ci  (cost=0.00..796071.18 rows=11063169 width=4) (actual time=0.026..14407.364 rows=11447953 loops=1)
        Filter: ((person_id > 315720) AND (role_id > 3))
        Rows Removed by Filter: 24796391
  ->  Hash  (cost=122500.50..122500.50 rows=364329 width=8) (actual time=2582.644..2582.644 rows=629900 loops=1)
        Buckets: 131072 (originally 131072)  Batches: 16 (originally 8)  Memory Usage: 3073kB
        ->  Hash Join  (cost=78556.72..122500.50 rows=364329 width=8) (actual time=1089.432..2385.652 rows=629900 loops=1)
              Hash Cond: (mi_idx.movie_id = t.id)
              ->  Seq Scan on movie_info_idx mi_idx  (cost=0.00..21735.35 rows=1380035 width=4) (actual time=0.025..362.246 rows=1380035 loops=1)
              ->  Hash  (cost=67604.59..67604.59 rows=667531 width=4) (actual time=1088.543..1088.543 rows=662825 loops=1)
                    Buckets: 131072  Batches: 16  Memory Usage: 2476kB
                    ->  Seq Scan on title t  (cost=0.00..67604.59 rows=667531 width=4) (actual time=42.456..878.722 rows=662825 loops=1)
                          Filter: (kind_id = 1)
                          Rows Removed by Filter: 1865487
Planning time: 1.083 ms
Execution time: 24145.443 ms
