Hash Join  (cost=102767.86..173626.53 rows=397942 width=0) (actual time=1708.147..3253.566 rows=403216 loops=1)
  Hash Cond: (mc.movie_id = t.id)
  ->  Seq Scan on movie_companies mc  (cost=0.00..51404.11 rows=397942 width=4) (actual time=0.015..783.505 rows=403216 loops=1)
        Filter: (company_id > 81901)
        Rows Removed by Filter: 2205913
  ->  Hash  (cost=61283.27..61283.27 rows=2528527 width=4) (actual time=1706.037..1706.037 rows=2528312 loops=1)
        Buckets: 131072  Batches: 64  Memory Usage: 2415kB
        ->  Seq Scan on title t  (cost=0.00..61283.27 rows=2528527 width=4) (actual time=0.021..841.677 rows=2528312 loops=1)
Planning time: 0.675 ms
Execution time: 3306.203 ms
