Hash Join  (cost=243291.74..1221362.70 rows=7914325 width=0) (actual time=5483.057..36212.343 rows=26888540 loops=1)
  Hash Cond: (ci.movie_id = t.id)
  ->  Seq Scan on cast_info ci  (cost=0.00..705507.15 rows=16313748 width=4) (actual time=0.028..13820.894 rows=16182346 loops=1)
        Filter: (person_id < 1602921)
        Rows Removed by Filter: 20061998
  ->  Hash  (cost=223166.37..223166.37 rows=1226670 width=8) (actual time=5481.910..5481.910 rows=1236529 loops=1)
        Buckets: 131072  Batches: 32  Memory Usage: 2526kB
        ->  Hash Join  (cost=102767.86..223166.37 rows=1226670 width=8) (actual time=2229.830..5108.952 rows=1236529 loops=1)
              Hash Cond: (mk.movie_id = t.id)
              ->  Seq Scan on movie_keyword mk  (cost=0.00..81003.12 rows=1226670 width=4) (actual time=0.023..1424.890 rows=1236529 loops=1)
                    Filter: (keyword_id > 14635)
                    Rows Removed by Filter: 3287401
              ->  Hash  (cost=61283.27..61283.27 rows=2528527 width=4) (actual time=2227.434..2227.434 rows=2528312 loops=1)
                    Buckets: 131072  Batches: 64  Memory Usage: 2425kB
                    ->  Seq Scan on title t  (cost=0.00..61283.27 rows=2528527 width=4) (actual time=0.057..1048.116 rows=2528312 loops=1)
Planning time: 1.194 ms
Execution time: 39615.766 ms
