Hash Join  (cost=69036.01..107545.60 rows=47611 width=0) (actual time=903.145..1717.947 rows=16122 loops=1)
  Hash Cond: (mi_idx.movie_id = t.id)
  ->  Seq Scan on movie_info_idx mi_idx  (cost=0.00..21735.35 rows=1380035 width=4) (actual time=0.023..347.580 rows=1380035 loops=1)
  ->  Hash  (cost=67604.59..67604.59 rows=87234 width=4) (actual time=901.845..901.845 rows=85260 loops=1)
        Buckets: 131072  Batches: 2  Memory Usage: 2520kB
        ->  Seq Scan on title t  (cost=0.00..67604.59 rows=87234 width=4) (actual time=7.628..871.173 rows=85260 loops=1)
              Filter: (production_year < 1920)
              Rows Removed by Filter: 2443052
Planning time: 0.766 ms
Execution time: 1720.714 ms
