Hash Join  (cost=204583.75..599774.38 rows=1019787 width=0) (actual time=5044.523..9643.654 rows=1160224 loops=1)
  Hash Cond: (mi.movie_id = t.id)
  ->  Seq Scan on movie_info mi  (cost=0.00..346232.03 rows=3068194 width=4) (actual time=1469.886..4193.228 rows=3036719 loops=1)
        Filter: (info_type_id = 16)
        Rows Removed by Filter: 11799001
  ->  Hash  (cost=190795.55..190795.55 rows=840416 width=8) (actual time=3573.557..3573.557 rows=529094 loops=1)
        Buckets: 131072  Batches: 16  Memory Usage: 2315kB
        ->  Hash Join  (cost=102767.86..190795.55 rows=840416 width=8) (actual time=1694.389..3425.271 rows=529094 loops=1)
              Hash Cond: (mc.movie_id = t.id)
              ->  Seq Scan on movie_companies mc  (cost=0.00..57926.93 rows=840416 width=4) (actual time=0.030..900.588 rows=529094 loops=1)
                    Filter: ((company_id < 17733) AND (company_type_id = 2))
                    Rows Removed by Filter: 2080035
              ->  Hash  (cost=61283.27..61283.27 rows=2528527 width=4) (actual time=1693.425..1693.425 rows=2528312 loops=1)
                    Buckets: 131072  Batches: 64  Memory Usage: 2415kB
                    ->  Seq Scan on title t  (cost=0.00..61283.27 rows=2528527 width=4) (actual time=0.015..848.278 rows=2528312 loops=1)
Planning time: 1.092 ms
Execution time: 9752.062 ms
