Hash Join  (cost=130564.42..496219.98 rows=99964 width=0) (actual time=1925.230..7923.575 rows=84303 loops=1)
  Hash Cond: (mi.movie_id = t.id)
  ->  Seq Scan on movie_info mi  (cost=0.00..309384.22 rows=14739122 width=4) (actual time=0.030..2917.107 rows=14835720 loops=1)
  ->  Hash  (cost=130350.05..130350.05 rows=17149 width=8) (actual time=1923.370..1923.370 rows=9653 loops=1)
        Buckets: 32768  Batches: 1  Memory Usage: 634kB
        ->  Hash Join  (cost=74389.43..130350.05 rows=17149 width=8) (actual time=1082.141..1919.127 rows=9653 loops=1)
              Hash Cond: (mc.movie_id = t.id)
              ->  Seq Scan on movie_companies mc  (cost=0.00..51404.11 rows=1169339 width=4) (actual time=0.025..748.767 rows=1163653 loops=1)
                    Filter: (company_id < 9655)
                    Rows Removed by Filter: 1445476
              ->  Hash  (cost=73925.90..73925.90 rows=37082 width=4) (actual time=885.746..885.746 rows=41935 loops=1)
                    Buckets: 65536  Batches: 1  Memory Usage: 1987kB
                    ->  Seq Scan on title t  (cost=0.00..73925.90 rows=37082 width=4) (actual time=0.023..868.221 rows=41935 loops=1)
                          Filter: ((kind_id = 7) AND (production_year = 2002))
                          Rows Removed by Filter: 2486377
Planning time: 1.141 ms
Execution time: 7935.323 ms
