Nested Loop  (cost=0.43..799161.84 rows=116 width=0) (actual time=3958.820..10830.448 rows=3 loops=1)
  ->  Seq Scan on cast_info ci  (cost=0.00..796071.18 rows=369 width=4) (actual time=3958.685..10830.153 rows=8 loops=1)
        Filter: ((role_id < 5) AND (person_id = 1393424))
        Rows Removed by Filter: 36244336
  ->  Index Scan using title_pkey on title t  (cost=0.43..8.37 rows=1 width=4) (actual time=0.028..0.028 rows=0 loops=8)
        Index Cond: (id = ci.movie_id)
        Filter: ((kind_id < 7) AND (production_year > 1973))
        Rows Removed by Filter: 1
Planning time: 1.814 ms
Execution time: 10830.579 ms
