Seq Scan on cast_info ci  (cost=0.00..796071.18 rows=324 width=0) (actual time=3195.019..12313.678 rows=259 loops=1)
  Filter: ((role_id > 1) AND (person_id = 2812140))
  Rows Removed by Filter: 36244085
Planning time: 0.410 ms
Execution time: 12313.855 ms
