Hash Join  (cost=122619.03..612165.15 rows=912818 width=0) (actual time=2074.937..13543.758 rows=3534806 loops=1)
  Hash Cond: (mi.movie_id = t.id)
  ->  Seq Scan on movie_info mi  (cost=0.00..309384.22 rows=14739122 width=4) (actual time=0.021..4474.174 rows=14835720 loops=1)
  ->  Hash  (cost=120049.58..120049.58 rows=156596 width=8) (actual time=2073.825..2073.825 rows=209814 loops=1)
        Buckets: 131072  Batches: 4  Memory Usage: 3081kB
        ->  Hash Join  (cost=81025.55..120049.58 rows=156596 width=8) (actual time=1095.439..2005.175 rows=209814 loops=1)
              Hash Cond: (mi_idx.movie_id = t.id)
              ->  Seq Scan on movie_info_idx mi_idx  (cost=0.00..25185.44 rows=915101 width=4) (actual time=0.029..414.813 rows=919850 loops=1)
                    Filter: (info_type_id < 101)
                    Rows Removed by Filter: 460185
              ->  Hash  (cost=73925.90..73925.90 rows=432692 width=4) (actual time=1094.546..1094.546 rows=368246 loops=1)
                    Buckets: 131072  Batches: 8  Memory Usage: 2639kB
                    ->  Seq Scan on title t  (cost=0.00..73925.90 rows=432692 width=4) (actual time=0.016..976.422 rows=368246 loops=1)
                          Filter: ((kind_id < 7) AND (production_year > 2004))
                          Rows Removed by Filter: 2160066
Planning time: 1.184 ms
Execution time: 13940.989 ms
