Seq Scan on movie_keyword mk  (cost=0.00..81003.12 rows=1452315 width=0) (actual time=0.028..964.653 rows=1468490 loops=1)
  Filter: (keyword_id < 2092)
  Rows Removed by Filter: 3055440
Planning time: 0.288 ms
Execution time: 1111.493 ms
