Hash Join  (cost=106685.10..174798.89 rows=37358 width=0) (actual time=1905.795..3008.453 rows=66417 loops=1)
  Hash Cond: (mc.movie_id = t.id)
  ->  Seq Scan on movie_companies mc  (cost=0.00..57926.93 rows=39655 width=4) (actual time=0.033..714.535 rows=66520 loops=1)
        Filter: ((company_id < 19) AND (company_type_id = 1))
        Rows Removed by Filter: 2542609
  ->  Hash  (cost=67604.59..67604.59 rows=2382041 width=4) (actual time=1903.174..1903.174 rows=2378352 loops=1)
        Buckets: 131072  Batches: 32  Memory Usage: 3639kB
        ->  Seq Scan on title t  (cost=0.00..67604.59 rows=2382041 width=4) (actual time=0.021..1136.820 rows=2378352 loops=1)
              Filter: (production_year > 1917)
              Rows Removed by Filter: 149960
Planning time: 0.759 ms
Execution time: 3015.692 ms
