Hash Join  (cost=102767.86..1142337.09 rows=9708803 width=0) (actual time=9614.403..23837.520 rows=6550911 loops=1)
  Hash Cond: (ci.movie_id = t.id)
  ->  Seq Scan on cast_info ci  (cost=0.00..796071.18 rows=9708803 width=4) (actual time=7595.224..15538.800 rows=6550911 loops=1)
        Filter: ((person_id > 832056) AND (role_id = 1))
        Rows Removed by Filter: 29693433
  ->  Hash  (cost=61283.27..61283.27 rows=2528527 width=4) (actual time=2017.835..2017.835 rows=2528312 loops=1)
        Buckets: 131072  Batches: 64  Memory Usage: 2415kB
        ->  Seq Scan on title t  (cost=0.00..61283.27 rows=2528527 width=4) (actual time=0.033..1169.131 rows=2528312 loops=1)
Planning time: 0.824 ms
Execution time: 24642.043 ms
