Hash Join  (cost=311295.35..1005826.26 rows=16670520 width=0) (actual time=7513.117..57907.639 rows=163722677 loops=1)
  Hash Cond: (mi.movie_id = t.id)
  ->  Seq Scan on movie_info mi  (cost=0.00..309384.22 rows=14739122 width=4) (actual time=0.023..4760.972 rows=14835720 loops=1)
  ->  Hash  (cost=264375.07..264375.07 rows=2859862 width=8) (actual time=7511.067..7511.067 rows=2989174 loops=1)
        Buckets: 131072  Batches: 64  Memory Usage: 2951kB
        ->  Hash Join  (cost=106187.82..264375.07 rows=2859862 width=8) (actual time=1885.845..6128.627 rows=2989174 loops=1)
              Hash Cond: (mk.movie_id = t.id)
              ->  Seq Scan on movie_keyword mk  (cost=0.00..81003.12 rows=3074900 width=4) (actual time=0.018..1559.660 rows=3056716 loops=1)
                    Filter: (keyword_id > 2085)
                    Rows Removed by Filter: 1467214
              ->  Hash  (cost=67604.59..67604.59 rows=2351699 width=4) (actual time=1884.623..1884.623 rows=2346476 loops=1)
                    Buckets: 131072  Batches: 32  Memory Usage: 3615kB
                    ->  Seq Scan on title t  (cost=0.00..67604.59 rows=2351699 width=4) (actual time=0.018..1112.690 rows=2346476 loops=1)
                          Filter: (production_year > 1927)
                          Rows Removed by Filter: 181836
Planning time: 1.139 ms
Execution time: 76382.697 ms
