Seq Scan on movie_keyword mk  (cost=0.00..81003.12 rows=1058489 width=0) (actual time=0.022..1107.235 rows=1060908 loops=1)
  Filter: (keyword_id > 16528)
  Rows Removed by Filter: 3463022
Planning time: 0.301 ms
Execution time: 1244.632 ms
