Hash Join  (cost=129145.89..208114.80 rows=284238 width=0) (actual time=2568.457..4970.938 rows=1486282 loops=1)
  Hash Cond: (mc.movie_id = t.id)
  ->  Seq Scan on movie_companies mc  (cost=0.00..44881.29 rows=2609129 width=4) (actual time=0.019..801.648 rows=2609129 loops=1)
  ->  Hash  (cost=124625.68..124625.68 rows=275457 width=8) (actual time=2567.612..2567.612 rows=398455 loops=1)
        Buckets: 131072 (originally 131072)  Batches: 8 (originally 4)  Memory Usage: 3073kB
        ->  Hash Join  (cost=82206.63..124625.68 rows=275457 width=8) (actual time=1105.162..2442.343 rows=398455 loops=1)
              Hash Cond: (mi_idx.movie_id = t.id)
              ->  Seq Scan on movie_info_idx mi_idx  (cost=0.00..21735.35 rows=1380035 width=4) (actual time=0.020..362.432 rows=1380035 loops=1)
              ->  Hash  (cost=73925.90..73925.90 rows=504698 width=4) (actual time=1104.524..1104.524 rows=373632 loops=1)
                    Buckets: 131072  Batches: 8  Memory Usage: 2673kB
                    ->  Seq Scan on title t  (cost=0.00..73925.90 rows=504698 width=4) (actual time=3.536..988.464 rows=373632 loops=1)
                          Filter: ((production_year > 1982) AND (kind_id = 1))
                          Rows Removed by Filter: 2154680
Planning time: 1.104 ms
Execution time: 5156.848 ms
