Seq Scan on movie_companies mc  (cost=0.00..57926.93 rows=51 width=0) (actual time=6.112..758.704 rows=42 loops=1)
  Filter: ((company_type_id < 2) AND (company_id = 17630))
  Rows Removed by Filter: 2609087
Planning time: 0.331 ms
Execution time: 758.812 ms
