Hash Join  (cost=162105.53..267620.11 rows=235829 width=0) (actual time=3294.806..7114.530 rows=6215296 loops=1)
  Hash Cond: (mk.movie_id = t.id)
  ->  Seq Scan on movie_keyword mk  (cost=0.00..81003.12 rows=1804044 width=4) (actual time=0.017..1320.733 rows=1804107 loops=1)
        Filter: (keyword_id > 7693)
        Rows Removed by Filter: 2719823
  ->  Hash  (cost=156681.84..156681.84 rows=330535 width=8) (actual time=3293.904..3293.904 rows=482534 loops=1)
        Buckets: 131072  Batches: 8  Memory Usage: 3437kB
        ->  Hash Join  (cost=85717.46..156681.84 rows=330535 width=8) (actual time=1536.657..3145.088 rows=482534 loops=1)
              Hash Cond: (mc.movie_id = t.id)
              ->  Seq Scan on movie_companies mc  (cost=0.00..51404.11 rows=1162913 width=4) (actual time=0.019..779.882 rows=1158138 loops=1)
                    Filter: (company_id < 9366)
                    Rows Removed by Filter: 1450991
              ->  Hash  (cost=73925.90..73925.90 rows=718684 width=4) (actual time=1535.120..1535.120 rows=679450 loops=1)
                    Buckets: 131072  Batches: 16  Memory Usage: 2514kB
                    ->  Seq Scan on title t  (cost=0.00..73925.90 rows=718684 width=4) (actual time=0.025..924.686 rows=679450 loops=1)
                          Filter: ((kind_id < 3) AND (production_year > 1915))
                          Rows Removed by Filter: 1848862
Planning time: 1.192 ms
Execution time: 7862.003 ms
