Hash Join  (cost=73982.55..160721.67 rows=8108 width=0) (actual time=2023.671..2425.812 rows=3997 loops=1)
  Hash Cond: (mk.movie_id = t.id)
  ->  Seq Scan on movie_keyword mk  (cost=0.00..69693.30 rows=4523930 width=4) (actual time=0.021..771.421 rows=4523930 loops=1)
  ->  Hash  (cost=73925.90..73925.90 rows=4532 width=4) (actual time=811.367..811.367 rows=6092 loops=1)
        Buckets: 8192  Batches: 1  Memory Usage: 279kB
        ->  Seq Scan on title t  (cost=0.00..73925.90 rows=4532 width=4) (actual time=0.071..808.698 rows=6092 loops=1)
              Filter: ((kind_id = 7) AND (production_year = 1958))
              Rows Removed by Filter: 2522220
Planning time: 0.772 ms
Execution time: 2426.466 ms
