Seq Scan on cast_info ci  (cost=0.00..796071.18 rows=10460144 width=0) (actual time=511.391..11598.484 rows=5624582 loops=1)
  Filter: ((person_id < 2381964) AND (role_id > 2))
  Rows Removed by Filter: 30619762
Planning time: 0.323 ms
Execution time: 12282.073 ms
