Hash Join  (cost=218891.11..750792.32 rows=5248531 width=0) (actual time=4556.793..19838.839 rows=15368481 loops=1)
  Hash Cond: (mi.movie_id = t.id)
  ->  Seq Scan on movie_info mi  (cost=0.00..346232.03 rows=11115165 width=4) (actual time=0.027..5784.474 rows=11210743 loops=1)
        Filter: (info_type_id > 3)
        Rows Removed by Filter: 3624977
  ->  Hash  (cost=199302.63..199302.63 rows=1193959 width=8) (actual time=4555.591..4555.591 rows=1273334 loops=1)
        Buckets: 131072 (originally 131072)  Batches: 32 (originally 16)  Memory Usage: 3073kB
        ->  Hash Join  (cost=102767.86..199302.63 rows=1193959 width=8) (actual time=1847.817..4144.595 rows=1273334 loops=1)
              Hash Cond: (mc.movie_id = t.id)
              ->  Seq Scan on movie_companies mc  (cost=0.00..57926.93 rows=1193959 width=4) (actual time=299.420..1068.815 rows=1273334 loops=1)
                    Filter: ((company_id > 133) AND (company_type_id = 2))
                    Rows Removed by Filter: 1335795
              ->  Hash  (cost=61283.27..61283.27 rows=2528527 width=4) (actual time=1547.113..1547.113 rows=2528312 loops=1)
                    Buckets: 131072  Batches: 64  Memory Usage: 2415kB
                    ->  Seq Scan on title t  (cost=0.00..61283.27 rows=2528527 width=4) (actual time=0.018..740.459 rows=2528312 loops=1)
Planning time: 1.156 ms
Execution time: 21523.829 ms
