Hash Join  (cost=758321.98..3071152.81 rows=98059862 width=0) (actual time=15455.915..70331.441 rows=74804999 loops=1)
  Hash Cond: (ci.movie_id = t.id)
  ->  Seq Scan on cast_info ci  (cost=0.00..614943.12 rows=36225612 width=4) (actual time=0.022..10979.360 rows=36244344 loops=1)
  ->  Hash  (cost=646028.45..646028.45 rows=6844522 width=8) (actual time=15452.538..15452.538 rows=2970993 loops=1)
        Buckets: 131072  Batches: 128  Memory Usage: 1918kB
        ->  Hash Join  (cost=93190.30..646028.45 rows=6844522 width=8) (actual time=1779.434..14522.522 rows=2970993 loops=1)
              Hash Cond: (mi.movie_id = t.id)
              ->  Seq Scan on movie_info mi  (cost=0.00..309384.22 rows=14739122 width=4) (actual time=0.018..4621.074 rows=14835720 loops=1)
              ->  Hash  (cost=73925.90..73925.90 rows=1174192 width=4) (actual time=1385.199..1385.199 rows=1260829 loops=1)
                    Buckets: 131072  Batches: 16  Memory Usage: 3812kB
                    ->  Seq Scan on title t  (cost=0.00..73925.90 rows=1174192 width=4) (actual time=0.019..995.350 rows=1260829 loops=1)
                          Filter: ((production_year > 1981) AND (kind_id = 7))
                          Rows Removed by Filter: 1267483
Planning time: 1.188 ms
Execution time: 79295.780 ms
