Hash Join  (cost=83073.49..109984.49 rows=52 width=0) (actual time=1152.035..1682.849 rows=931 loops=1)
  Hash Cond: (mi_idx.movie_id = t.id)
  ->  Seq Scan on movie_info_idx mi_idx  (cost=0.00..21735.35 rows=1380035 width=4) (actual time=0.016..264.074 rows=1380035 loops=1)
  ->  Hash  (cost=83072.29..83072.29 rows=96 width=8) (actual time=1151.548..1151.548 rows=323 loops=1)
        Buckets: 1024  Batches: 1  Memory Usage: 21kB
        ->  Nested Loop  (cost=0.43..83072.29 rows=96 width=8) (actual time=29.952..1151.282 rows=323 loops=1)
              ->  Seq Scan on movie_keyword mk  (cost=0.00..81003.12 rows=246 width=4) (actual time=7.014..1137.738 rows=371 loops=1)
                    Filter: (keyword_id = 1958)
                    Rows Removed by Filter: 4523559
              ->  Index Scan using title_pkey on title t  (cost=0.43..8.40 rows=1 width=4) (actual time=0.034..0.035 rows=1 loops=371)
                    Index Cond: (id = mk.movie_id)
                    Filter: (kind_id < 7)
                    Rows Removed by Filter: 0
Planning time: 1.052 ms
Execution time: 1683.505 ms
