Seq Scan on cast_info ci  (cost=0.00..796071.18 rows=1756362 width=0) (actual time=3003.076..9655.874 rows=882134 loops=1)
  Filter: ((person_id < 642609) AND (role_id > 4))
  Rows Removed by Filter: 35362210
Planning time: 0.356 ms
Execution time: 9765.283 ms
