Hash Join  (cost=125346.47..876825.19 rows=68955 width=0) (actual time=1891.961..14380.859 rows=254688 loops=1)
  Hash Cond: (ci.movie_id = t.id)
  ->  Seq Scan on cast_info ci  (cost=0.00..614943.12 rows=36225612 width=4) (actual time=0.019..5522.991 rows=36244344 loops=1)
  ->  Hash  (cost=125286.31..125286.31 rows=4813 width=8) (actual time=1891.395..1891.395 rows=9874 loops=1)
        Buckets: 16384 (originally 8192)  Batches: 1 (originally 1)  Memory Usage: 514kB
        ->  Hash Join  (cost=67697.55..125286.31 rows=4813 width=8) (actual time=826.827..1886.910 rows=9874 loops=1)
              Hash Cond: (mc.movie_id = t.id)
              ->  Seq Scan on movie_companies mc  (cost=0.00..51404.11 rows=1636404 width=4) (actual time=18.148..769.443 rows=1635500 loops=1)
                    Filter: (company_id > 4226)
                    Rows Removed by Filter: 973629
              ->  Hash  (cost=67604.59..67604.59 rows=7437 width=4) (actual time=800.521..800.521 rows=14428 loops=1)
                    Buckets: 16384 (originally 8192)  Batches: 1 (originally 1)  Memory Usage: 636kB
                    ->  Seq Scan on title t  (cost=0.00..67604.59 rows=7437 width=4) (actual time=0.105..794.055 rows=14428 loops=1)
                          Filter: (production_year = 1978)
                          Rows Removed by Filter: 2513884
Planning time: 1.099 ms
Execution time: 14415.636 ms
