Hash Join  (cost=83074.74..461220.09 rows=828 width=181) (actual time=1225.696..7981.185 rows=11130 loops=1)
  Hash Cond: (mi.movie_id = t.id)
  ->  Seq Scan on movie_info mi  (cost=0.00..346232.03 rows=8508011 width=75) (actual time=0.022..5587.128 rows=8612226 loops=1)
        Filter: (info_type_id < 9)
        Rows Removed by Filter: 6223494
  ->  Hash  (cost=83071.67..83071.67 rows=246 width=106) (actual time=1225.443..1225.443 rows=348 loops=1)
        Buckets: 1024  Batches: 1  Memory Usage: 50kB
        ->  Nested Loop  (cost=0.43..83071.67 rows=246 width=106) (actual time=10.618..1224.882 rows=348 loops=1)
              ->  Seq Scan on movie_keyword mk  (cost=0.00..81003.12 rows=246 width=12) (actual time=10.552..1214.110 rows=348 loops=1)
                    Filter: (keyword_id = 8690)
                    Rows Removed by Filter: 4523582
              ->  Index Scan using title_pkey on title t  (cost=0.43..8.40 rows=1 width=94) (actual time=0.027..0.028 rows=1 loops=348)
                    Index Cond: (id = mk.movie_id)
Planning time: 1.384 ms
Execution time: 7982.089 ms
