Seq Scan on cast_info ci  (cost=0.00..796071.18 rows=12081664 width=0) (actual time=1787.112..14475.021 rows=11726950 loops=1)
  Filter: ((person_id < 3989802) AND (role_id > 3))
  Rows Removed by Filter: 24517394
Planning time: 0.328 ms
Execution time: 15926.485 ms
