Seq Scan on movie_companies mc  (cost=0.00..57926.93 rows=538431 width=0) (actual time=303.609..872.630 rows=839732 loops=1)
  Filter: ((company_id > 14581) AND (company_type_id = 2))
  Rows Removed by Filter: 1769397
Planning time: 0.374 ms
Execution time: 976.331 ms
