Hash Join  (cost=197667.86..234182.30 rows=35938 width=0) (actual time=3222.474..4069.695 rows=161542 loops=1)
  Hash Cond: (mi_idx.movie_id = t.id)
  ->  Seq Scan on movie_info_idx mi_idx  (cost=0.00..25185.44 rows=915101 width=4) (actual time=0.026..473.556 rows=919850 loops=1)
        Filter: (info_type_id < 101)
        Rows Removed by Filter: 460185
  ->  Hash  (cost=196038.61..196038.61 rows=99300 width=8) (actual time=3221.706..3221.706 rows=97322 loops=1)
        Buckets: 131072  Batches: 2  Memory Usage: 2925kB
        ->  Hash Join  (cost=102767.86..196038.61 rows=99300 width=8) (actual time=1718.737..3192.454 rows=97322 loops=1)
              Hash Cond: (mk.movie_id = t.id)
              ->  Seq Scan on movie_keyword mk  (cost=0.00..81003.12 rows=99300 width=4) (actual time=116.511..1126.492 rows=97322 loops=1)
                    Filter: (keyword_id > 83008)
                    Rows Removed by Filter: 4426608
              ->  Hash  (cost=61283.27..61283.27 rows=2528527 width=4) (actual time=1601.340..1601.340 rows=2528312 loops=1)
                    Buckets: 131072  Batches: 64  Memory Usage: 2425kB
                    ->  Seq Scan on title t  (cost=0.00..61283.27 rows=2528527 width=4) (actual time=0.035..773.718 rows=2528312 loops=1)
Planning time: 1.136 ms
Execution time: 4091.885 ms
