Seq Scan on movie_companies mc  (cost=0.00..51404.11 rows=1954143 width=0) (actual time=0.035..820.905 rows=1949591 loops=1)
  Filter: (company_id < 52580)
  Rows Removed by Filter: 659538
Planning time: 0.316 ms
Execution time: 1073.049 ms
