Seq Scan on movie_keyword mk  (cost=0.00..81003.12 rows=77818 width=0) (actual time=0.034..1074.616 rows=76670 loops=1)
  Filter: (keyword_id > 88796)
  Rows Removed by Filter: 4447260
Planning time: 0.297 ms
Execution time: 1086.312 ms
