Seq Scan on movie_keyword mk  (cost=0.00..81003.12 rows=246 width=0) (actual time=0.609..935.590 rows=1037 loops=1)
  Filter: (keyword_id = 4591)
  Rows Removed by Filter: 4522893
Planning time: 0.324 ms
Execution time: 935.988 ms
