Hash Join  (cost=73983.02..100879.63 rows=821 width=0) (actual time=873.412..1357.152 rows=1109 loops=1)
  Hash Cond: (mi_idx.movie_id = t.id)
  ->  Seq Scan on movie_info_idx mi_idx  (cost=0.00..25185.44 rows=454124 width=4) (actual time=0.025..385.535 rows=459925 loops=1)
        Filter: (info_type_id = 100)
        Rows Removed by Filter: 920110
  ->  Hash  (cost=73925.90..73925.90 rows=4569 width=4) (actual time=873.145..873.145 rows=8124 loops=1)
        Buckets: 8192  Batches: 1  Memory Usage: 350kB
        ->  Seq Scan on title t  (cost=0.00..73925.90 rows=4569 width=4) (actual time=0.399..869.461 rows=8124 loops=1)
              Filter: ((kind_id > 4) AND (production_year = 1977))
              Rows Removed by Filter: 2520188
Planning time: 0.718 ms
Execution time: 1357.393 ms
