Hash Join  (cost=936302.06..1076644.05 rows=1505296 width=0) (actual time=16507.587..28488.379 rows=42560550 loops=1)
  Hash Cond: (mk.movie_id = t.id)
  ->  Seq Scan on movie_keyword mk  (cost=0.00..69693.30 rows=4523930 width=4) (actual time=0.020..1135.513 rows=4523930 loops=1)
  ->  Hash  (cost=922498.26..922498.26 rows=841344 width=8) (actual time=16506.237..16506.237 rows=960367 loops=1)
        Buckets: 131072  Batches: 16  Memory Usage: 3449kB
        ->  Hash Join  (cost=78556.72..922498.26 rows=841344 width=8) (actual time=1514.186..16243.274 rows=960367 loops=1)
              Hash Cond: (ci.movie_id = t.id)
              ->  Seq Scan on cast_info ci  (cost=0.00..796071.18 rows=3186910 width=4) (actual time=552.451..12988.652 rows=4151732 loops=1)
                    Filter: ((person_id > 1122083) AND (role_id > 9))
                    Rows Removed by Filter: 32092612
              ->  Hash  (cost=67604.59..67604.59 rows=667531 width=4) (actual time=960.939..960.939 rows=662825 loops=1)
                    Buckets: 131072  Batches: 16  Memory Usage: 2476kB
                    ->  Seq Scan on title t  (cost=0.00..67604.59 rows=667531 width=4) (actual time=0.030..789.525 rows=662825 loops=1)
                          Filter: (kind_id = 1)
                          Rows Removed by Filter: 1865487
Planning time: 1.267 ms
Execution time: 33055.899 ms
