Hash Join  (cost=177715.39..303564.17 rows=315675 width=0) (actual time=3318.412..7043.775 rows=2858448 loops=1)
  Hash Cond: (mk.movie_id = t.id)
  ->  Seq Scan on movie_keyword mk  (cost=0.00..69693.30 rows=4523930 width=4) (actual time=0.024..1161.289 rows=4523930 loops=1)
  ->  Hash  (cost=174819.91..174819.91 rows=176438 width=8) (actual time=3317.541..3317.541 rows=350477 loops=1)
        Buckets: 131072 (originally 131072)  Batches: 8 (originally 4)  Memory Usage: 3073kB
        ->  Hash Join  (cost=102767.86..174819.91 rows=176438 width=8) (actual time=2002.100..3191.831 rows=350477 loops=1)
              Hash Cond: (mc.movie_id = t.id)
              ->  Seq Scan on movie_companies mc  (cost=0.00..57926.93 rows=176438 width=4) (actual time=352.428..788.314 rows=350477 loops=1)
                    Filter: ((company_id > 88222) AND (company_type_id > 1))
                    Rows Removed by Filter: 2258652
              ->  Hash  (cost=61283.27..61283.27 rows=2528527 width=4) (actual time=1648.719..1648.719 rows=2528312 loops=1)
                    Buckets: 131072  Batches: 64  Memory Usage: 2415kB
                    ->  Seq Scan on title t  (cost=0.00..61283.27 rows=2528527 width=4) (actual time=0.023..785.882 rows=2528312 loops=1)
Planning time: 1.231 ms
Execution time: 7392.292 ms
