Hash Join  (cost=75290.47..208625.68 rows=143847 width=0) (actual time=1046.479..4292.557 rows=448009 loops=1)
  Hash Cond: (mk.movie_id = t.id)
  ->  Seq Scan on movie_keyword mk  (cost=0.00..81003.12 rows=4373499 width=4) (actual time=0.019..1424.991 rows=4360169 loops=1)
        Filter: (keyword_id > 117)
        Rows Removed by Filter: 163761
  ->  Hash  (cost=73925.90..73925.90 rows=83165 width=4) (actual time=1045.626..1045.626 rows=115705 loops=1)
        Buckets: 131072  Batches: 2  Memory Usage: 3062kB
        ->  Seq Scan on title t  (cost=0.00..73925.90 rows=83165 width=4) (actual time=0.017..1003.876 rows=115705 loops=1)
              Filter: ((production_year > 1986) AND (kind_id = 4))
              Rows Removed by Filter: 2412607
Planning time: 0.710 ms
Execution time: 4346.591 ms
