Seq Scan on movie_companies mc  (cost=0.00..57926.93 rows=53 width=0) (actual time=194.641..801.207 rows=242 loops=1)
  Filter: ((company_type_id > 1) AND (company_id = 2010))
  Rows Removed by Filter: 2608887
Planning time: 0.389 ms
Execution time: 801.357 ms
