Hash Join  (cost=102767.86..1244356.14 rows=17712316 width=0) (actual time=2939.909..28157.830 rows=17830173 loops=1)
  Hash Cond: (ci.movie_id = t.id)
  ->  Seq Scan on cast_info ci  (cost=0.00..705507.15 rows=17712316 width=4) (actual time=1317.114..11559.323 rows=17830173 loops=1)
        Filter: (person_id > 1830917)
        Rows Removed by Filter: 18414171
  ->  Hash  (cost=61283.27..61283.27 rows=2528527 width=4) (actual time=1621.421..1621.421 rows=2528312 loops=1)
        Buckets: 131072  Batches: 64  Memory Usage: 2415kB
        ->  Seq Scan on title t  (cost=0.00..61283.27 rows=2528527 width=4) (actual time=0.025..771.361 rows=2528312 loops=1)
Planning time: 0.745 ms
Execution time: 30241.063 ms
