Nested Loop  (cost=0.43..58358.27 rows=51 width=0) (actual time=81.248..756.301 rows=3 loops=1)
  ->  Seq Scan on movie_companies mc  (cost=0.00..57926.93 rows=51 width=4) (actual time=81.153..756.103 rows=3 loops=1)
        Filter: ((company_type_id < 2) AND (company_id = 27852))
        Rows Removed by Filter: 2609126
  ->  Index Only Scan using title_pkey on title t  (cost=0.43..8.45 rows=1 width=4) (actual time=0.057..0.058 rows=1 loops=3)
        Index Cond: (id = mc.movie_id)
        Heap Fetches: 3
Planning time: 0.672 ms
Execution time: 756.361 ms
