Hash Join  (cost=102767.86..1130677.72 rows=9224288 width=0) (actual time=9642.984..24218.270 rows=10354414 loops=1)
  Hash Cond: (ci.movie_id = t.id)
  ->  Seq Scan on cast_info ci  (cost=0.00..796071.18 rows=9224288 width=4) (actual time=7925.877..13777.451 rows=10354414 loops=1)
        Filter: ((person_id > 859371) AND (role_id > 3))
        Rows Removed by Filter: 25889930
  ->  Hash  (cost=61283.27..61283.27 rows=2528527 width=4) (actual time=1715.035..1715.035 rows=2528312 loops=1)
        Buckets: 131072  Batches: 64  Memory Usage: 2415kB
        ->  Seq Scan on title t  (cost=0.00..61283.27 rows=2528527 width=4) (actual time=0.038..868.074 rows=2528312 loops=1)
Planning time: 0.783 ms
Execution time: 25410.628 ms
