Hash Join  (cost=109962.84..197357.48 rows=73661 width=0) (actual time=1836.936..4518.951 rows=1369965 loops=1)
  Hash Cond: (mk.movie_id = t.id)
  ->  Seq Scan on movie_keyword mk  (cost=0.00..69693.30 rows=4523930 width=4) (actual time=0.008..841.071 rows=4523930 loops=1)
  ->  Hash  (cost=109448.20..109448.20 rows=41171 width=8) (actual time=1836.565..1836.565 rows=106232 loops=1)
        Buckets: 131072 (originally 65536)  Batches: 2 (originally 1)  Memory Usage: 3101kB
        ->  Hash Join  (cost=77602.93..109448.20 rows=41171 width=8) (actual time=1071.018..1798.705 rows=106232 loops=1)
              Hash Cond: (mi_idx.movie_id = t.id)
              ->  Seq Scan on movie_info_idx mi_idx  (cost=0.00..25185.44 rows=464566 width=4) (actual time=0.027..429.424 rows=459925 loops=1)
                    Filter: (info_type_id = 101)
                    Rows Removed by Filter: 920110
              ->  Hash  (cost=73925.90..73925.90 rows=224082 width=4) (actual time=1070.251..1070.251 rows=347213 loops=1)
                    Buckets: 131072  Batches: 4  Memory Usage: 4080kB
                    ->  Seq Scan on title t  (cost=0.00..73925.90 rows=224082 width=4) (actual time=0.018..960.008 rows=347213 loops=1)
                          Filter: ((kind_id < 2) AND (production_year < 1996))
                          Rows Removed by Filter: 2181099
Planning time: 1.200 ms
Execution time: 4701.459 ms
