Nested Loop  (cost=0.43..447802.20 rows=17937 width=0) (actual time=3121.433..3812.970 rows=6620 loops=1)
  ->  Seq Scan on movie_info mi  (cost=0.00..346232.03 rows=17937 width=4) (actual time=3121.255..3754.530 rows=6620 loops=1)
        Filter: (info_type_id = 81)
        Rows Removed by Filter: 14829100
  ->  Index Only Scan using title_pkey on title t  (cost=0.43..5.65 rows=1 width=4) (actual time=0.008..0.008 rows=1 loops=6620)
        Index Cond: (id = mi.movie_id)
        Heap Fetches: 6620
Planning time: 0.760 ms
Execution time: 3814.400 ms
