Hash Join  (cost=259349.69..361341.16 rows=1717754 width=0) (actual time=5252.425..7916.988 rows=2442028 loops=1)
  Hash Cond: (mc.movie_id = t.id)
  ->  Seq Scan on movie_companies mc  (cost=0.00..44881.29 rows=2609129 width=4) (actual time=0.017..725.691 rows=2609129 loops=1)
  ->  Hash  (cost=232038.08..232038.08 rows=1664689 width=8) (actual time=5249.963..5249.963 rows=813420 loops=1)
        Buckets: 131072  Batches: 32  Memory Usage: 2016kB
        ->  Hash Join  (cost=98137.04..232038.08 rows=1664689 width=8) (actual time=1646.246..4986.354 rows=813420 loops=1)
              Hash Cond: (mk.movie_id = t.id)
              ->  Seq Scan on movie_keyword mk  (cost=0.00..81003.12 rows=2261805 width=4) (actual time=0.014..1379.335 rows=2258372 loops=1)
                    Filter: (keyword_id > 4724)
                    Rows Removed by Filter: 2265558
              ->  Hash  (cost=67604.59..67604.59 rows=1860996 width=4) (actual time=1643.947..1643.947 rows=1865487 loops=1)
                    Buckets: 131072  Batches: 32  Memory Usage: 3085kB
                    ->  Seq Scan on title t  (cost=0.00..67604.59 rows=1860996 width=4) (actual time=0.024..1030.210 rows=1865487 loops=1)
                          Filter: (kind_id > 1)
                          Rows Removed by Filter: 662825
Planning time: 1.434 ms
Execution time: 8205.210 ms
