Hash Join  (cost=215833.08..1175324.72 rows=7579610 width=0) (actual time=4821.326..29469.526 rows=20072770 loops=1)
  Hash Cond: (ci.movie_id = t.id)
  ->  Seq Scan on cast_info ci  (cost=0.00..705507.15 rows=14978502 width=4) (actual time=0.022..10428.549 rows=15149023 loops=1)
        Filter: (person_id > 2129884)
        Rows Removed by Filter: 21095321
  ->  Hash  (cost=194840.12..194840.12 rows=1279517 width=8) (actual time=4820.042..4820.042 rows=1274246 loops=1)
        Buckets: 131072  Batches: 32  Memory Usage: 2553kB
        ->  Hash Join  (cost=102767.86..194840.12 rows=1279517 width=8) (actual time=2322.339..4445.436 rows=1274246 loops=1)
              Hash Cond: (mc.movie_id = t.id)
              ->  Seq Scan on movie_companies mc  (cost=0.00..51404.11 rows=1279517 width=4) (actual time=163.037..849.895 rows=1274246 loops=1)
                    Filter: (company_type_id = 1)
                    Rows Removed by Filter: 1334883
              ->  Hash  (cost=61283.27..61283.27 rows=2528527 width=4) (actual time=2158.046..2158.046 rows=2528312 loops=1)
                    Buckets: 131072  Batches: 64  Memory Usage: 2415kB
                    ->  Seq Scan on title t  (cost=0.00..61283.27 rows=2528527 width=4) (actual time=0.016..850.173 rows=2528312 loops=1)
Planning time: 1.198 ms
Execution time: 32010.208 ms
