Seq Scan on cast_info ci  (cost=0.00..705507.15 rows=31571257 width=0) (actual time=0.017..10797.993 rows=31693212 loops=1)
  Filter: (person_id > 439351)
  Rows Removed by Filter: 4551132
Planning time: 0.227 ms
Execution time: 14607.140 ms
