Hash Join  (cost=365418.15..2005477.14 rows=47612394 width=0) (actual time=7687.273..73233.599 rows=156541230 loops=1)
  Hash Cond: (ci.movie_id = t.id)
  ->  Seq Scan on cast_info ci  (cost=0.00..705507.15 rows=26611646 width=4) (actual time=0.025..12489.680 rows=26813763 loops=1)
        Filter: (person_id > 928281)
        Rows Removed by Filter: 9430581
  ->  Hash  (cost=291197.02..291197.02 rows=4523930 width=8) (actual time=7685.684..7685.684 rows=4523930 loops=1)
        Buckets: 131072  Batches: 64  Memory Usage: 3816kB
        ->  Hash Join  (cost=102767.86..291197.02 rows=4523930 width=8) (actual time=1675.477..6456.477 rows=4523930 loops=1)
              Hash Cond: (mk.movie_id = t.id)
              ->  Seq Scan on movie_keyword mk  (cost=0.00..69693.30 rows=4523930 width=4) (actual time=0.023..1156.796 rows=4523930 loops=1)
              ->  Hash  (cost=61283.27..61283.27 rows=2528527 width=4) (actual time=1674.380..1674.380 rows=2528312 loops=1)
                    Buckets: 131072  Batches: 64  Memory Usage: 2425kB
                    ->  Seq Scan on title t  (cost=0.00..61283.27 rows=2528527 width=4) (actual time=0.009..805.991 rows=2528312 loops=1)
Planning time: 1.115 ms
Execution time: 90508.060 ms
