Hash Join  (cost=156209.36..259723.74 rows=278800 width=0) (actual time=3134.302..5404.151 rows=1173412 loops=1)
  Hash Cond: (mk.movie_id = t.id)
  ->  Seq Scan on movie_keyword mk  (cost=0.00..81003.12 rows=1552336 width=4) (actual time=0.018..1210.282 rows=1555902 loops=1)
        Filter: (keyword_id < 2327)
        Rows Removed by Filter: 2968028
  ->  Hash  (cost=148758.81..148758.81 rows=454124 width=8) (actual time=3133.712..3133.712 rows=459925 loops=1)
        Buckets: 131072  Batches: 8  Memory Usage: 3284kB
        ->  Hash Join  (cost=102767.86..148758.81 rows=454124 width=8) (actual time=1687.077..2978.655 rows=459925 loops=1)
              Hash Cond: (mi_idx.movie_id = t.id)
              ->  Seq Scan on movie_info_idx mi_idx  (cost=0.00..25185.44 rows=454124 width=4) (actual time=0.011..441.588 rows=459925 loops=1)
                    Filter: (info_type_id = 100)
                    Rows Removed by Filter: 920110
              ->  Hash  (cost=61283.27..61283.27 rows=2528527 width=4) (actual time=1686.199..1686.199 rows=2528312 loops=1)
                    Buckets: 131072  Batches: 64  Memory Usage: 2415kB
                    ->  Seq Scan on title t  (cost=0.00..61283.27 rows=2528527 width=4) (actual time=0.008..835.457 rows=2528312 loops=1)
Planning time: 0.773 ms
Execution time: 5552.867 ms
