Seq Scan on cast_info ci  (cost=0.00..796071.18 rows=7662251 width=0) (actual time=1096.773..13320.201 rows=3974386 loops=1)
  Filter: ((person_id < 2966513) AND (role_id > 4))
  Rows Removed by Filter: 32269958
Planning time: 0.313 ms
Execution time: 13820.363 ms
