Seq Scan on movie_keyword mk  (cost=0.00..81003.12 rows=246 width=0) (actual time=2.008..951.757 rows=357 loops=1)
  Filter: (keyword_id = 5996)
  Rows Removed by Filter: 4523573
Planning time: 0.335 ms
Execution time: 951.943 ms
