Hash Join  (cost=134346.28..636369.93 rows=2082170 width=0) (actual time=2804.680..17526.552 rows=14464491 loops=1)
  Hash Cond: (mi.movie_id = t.id)
  ->  Seq Scan on movie_info mi  (cost=0.00..309384.22 rows=14739122 width=4) (actual time=0.022..4486.233 rows=14835720 loops=1)
  ->  Hash  (cost=128485.27..128485.27 rows=357201 width=8) (actual time=2803.569..2803.569 rows=746172 loops=1)
        Buckets: 131072 (originally 131072)  Batches: 16 (originally 8)  Memory Usage: 3073kB
        ->  Hash Join  (cost=84663.78..128485.27 rows=357201 width=8) (actual time=1254.009..2568.521 rows=746172 loops=1)
              Hash Cond: (mi_idx.movie_id = t.id)
              ->  Seq Scan on movie_info_idx mi_idx  (cost=0.00..21735.35 rows=1380035 width=4) (actual time=0.010..348.701 rows=1380035 loops=1)
              ->  Hash  (cost=73925.90..73925.90 rows=654470 width=4) (actual time=1253.100..1253.100 rows=686054 loops=1)
                    Buckets: 131072  Batches: 16  Memory Usage: 2531kB
                    ->  Seq Scan on title t  (cost=0.00..73925.90 rows=654470 width=4) (actual time=0.018..1028.711 rows=686054 loops=1)
                          Filter: ((kind_id < 4) AND (production_year < 2010))
                          Rows Removed by Filter: 1842258
Planning time: 1.166 ms
Execution time: 19087.985 ms
