Nested Loop  (cost=0.43..89709.60 rows=4255 width=0) (actual time=0.222..673.846 rows=4675 loops=1)
  ->  Seq Scan on movie_companies mc  (cost=0.00..57926.93 rows=4255 width=4) (actual time=0.158..598.847 rows=4675 loops=1)
        Filter: ((company_id = 225) AND (company_type_id = 2))
        Rows Removed by Filter: 2604454
  ->  Index Only Scan using title_pkey on title t  (cost=0.43..7.46 rows=1 width=4) (actual time=0.015..0.015 rows=1 loops=4675)
        Index Cond: (id = mc.movie_id)
        Heap Fetches: 4675
Planning time: 0.709 ms
Execution time: 675.084 ms
