Seq Scan on movie_companies mc  (cost=0.00..51404.11 rows=104 width=0) (actual time=506.718..630.510 rows=46 loops=1)
  Filter: (company_id = 74421)
  Rows Removed by Filter: 2609083
Planning time: 1.593 ms
Execution time: 630.610 ms
