Hash Join  (cost=79930.86..121351.97 rows=271904 width=0) (actual time=1402.737..2586.075 rows=336452 loops=1)
  Hash Cond: (mi_idx.movie_id = t.id)
  ->  Seq Scan on movie_info_idx mi_idx  (cost=0.00..25185.44 rows=915101 width=4) (actual time=0.025..535.969 rows=919850 loops=1)
        Filter: (info_type_id < 101)
        Rows Removed by Filter: 460185
  ->  Hash  (cost=67604.59..67604.59 rows=751302 width=4) (actual time=1401.849..1401.849 rows=755902 loops=1)
        Buckets: 131072  Batches: 16  Memory Usage: 2685kB
        ->  Seq Scan on title t  (cost=0.00..67604.59 rows=751302 width=4) (actual time=0.024..1159.520 rows=755902 loops=1)
              Filter: (production_year < 1993)
              Rows Removed by Filter: 1772410
Planning time: 0.623 ms
Execution time: 2627.744 ms
