Hash Join  (cost=73994.33..866449.43 rows=49907 width=0) (actual time=1041.946..15826.613 rows=150334 loops=1)
  Hash Cond: (ci.movie_id = t.id)
  ->  Seq Scan on cast_info ci  (cost=0.00..705507.15 rows=23053036 width=4) (actual time=0.024..9384.219 rows=23115594 loops=1)
        Filter: (person_id > 1296375)
        Rows Removed by Filter: 13128750
  ->  Hash  (cost=73925.90..73925.90 rows=5474 width=4) (actual time=1041.122..1041.122 rows=16373 loops=1)
        Buckets: 16384 (originally 8192)  Batches: 1 (originally 1)  Memory Usage: 704kB
        ->  Seq Scan on title t  (cost=0.00..73925.90 rows=5474 width=4) (actual time=0.166..1033.731 rows=16373 loops=1)
              Filter: ((kind_id > 1) AND (production_year = 1989))
              Rows Removed by Filter: 2511939
Planning time: 0.734 ms
Execution time: 15852.232 ms
