Seq Scan on cast_info ci  (cost=0.00..796071.18 rows=5399589 width=0) (actual time=7341.218..13717.473 rows=10984660 loops=1)
  Filter: ((person_id < 1502596) AND (role_id < 2))
  Rows Removed by Filter: 25259684
Planning time: 0.372 ms
Execution time: 15070.240 ms
