Hash Join  (cost=100908.38..918205.87 rows=3543 width=0) (actual time=1508.249..16176.149 rows=23434 loops=1)
  Hash Cond: (ci.movie_id = t.id)
  ->  Seq Scan on cast_info ci  (cost=0.00..796071.18 rows=5650898 width=4) (actual time=0.021..13528.195 rows=7451973 loops=1)
        Filter: ((person_id < 2868350) AND (role_id = 2))
        Rows Removed by Filter: 28792371
  ->  Hash  (cost=100888.56..100888.56 rows=1586 width=8) (actual time=1507.713..1507.713 rows=4631 loops=1)
        Buckets: 8192 (originally 2048)  Batches: 1 (originally 1)  Memory Usage: 245kB
        ->  Hash Join  (cost=73962.22..100888.56 rows=1586 width=8) (actual time=996.601..1505.965 rows=4631 loops=1)
              Hash Cond: (mi_idx.movie_id = t.id)
              ->  Seq Scan on movie_info_idx mi_idx  (cost=0.00..21735.35 rows=1380035 width=4) (actual time=0.020..255.981 rows=1380035 loops=1)
              ->  Hash  (cost=73925.90..73925.90 rows=2905 width=4) (actual time=996.490..996.490 rows=4593 loops=1)
                    Buckets: 8192 (originally 4096)  Batches: 1 (originally 1)  Memory Usage: 226kB
                    ->  Seq Scan on title t  (cost=0.00..73925.90 rows=2905 width=4) (actual time=1.997..994.232 rows=4593 loops=1)
                          Filter: ((kind_id < 7) AND (production_year = 1963))
                          Rows Removed by Filter: 2523719
Planning time: 1.131 ms
Execution time: 16180.454 ms
