Nested Loop  (cost=0.43..83072.29 rows=96 width=0) (actual time=1.248..1074.576 rows=415 loops=1)
  ->  Seq Scan on movie_keyword mk  (cost=0.00..81003.12 rows=246 width=4) (actual time=1.174..1062.156 rows=505 loops=1)
        Filter: (keyword_id = 2811)
        Rows Removed by Filter: 4523425
  ->  Index Scan using title_pkey on title t  (cost=0.43..8.40 rows=1 width=4) (actual time=0.023..0.023 rows=1 loops=505)
        Index Cond: (id = mk.movie_id)
        Filter: (kind_id < 7)
        Rows Removed by Filter: 0
Planning time: 0.745 ms
Execution time: 1074.830 ms
