Hash Join  (cost=52284.99..138944.89 rows=186 width=0) (actual time=495.898..1400.562 rows=1550 loops=1)
  Hash Cond: (mk.movie_id = t.id)
  ->  Seq Scan on movie_keyword mk  (cost=0.00..69693.30 rows=4523930 width=4) (actual time=0.025..450.488 rows=4523930 loops=1)
  ->  Hash  (cost=52283.69..52283.69 rows=104 width=8) (actual time=494.086..494.086 rows=96 loops=1)
        Buckets: 1024  Batches: 1  Memory Usage: 12kB
        ->  Nested Loop  (cost=0.43..52283.69 rows=104 width=8) (actual time=48.265..494.022 rows=96 loops=1)
              ->  Seq Scan on movie_companies mc  (cost=0.00..51404.11 rows=104 width=4) (actual time=37.164..480.731 rows=96 loops=1)
                    Filter: (company_id = 2825)
                    Rows Removed by Filter: 2609033
              ->  Index Only Scan using title_pkey on title t  (cost=0.43..8.45 rows=1 width=4) (actual time=0.136..0.137 rows=1 loops=96)
                    Index Cond: (id = mc.movie_id)
                    Heap Fetches: 96
Planning time: 3.813 ms
Execution time: 1400.827 ms
