Seq Scan on movie_companies mc  (cost=0.00..57926.93 rows=232390 width=0) (actual time=0.029..743.325 rows=109426 loops=1)
  Filter: ((company_id < 374) AND (company_type_id > 1))
  Rows Removed by Filter: 2499703
Planning time: 0.377 ms
Execution time: 758.394 ms
