Hash Join  (cost=83810.17..887406.47 rows=92558 width=0) (actual time=4235.846..10966.688 rows=118614 loops=1)
  Hash Cond: (ci.movie_id = t.id)
  ->  Seq Scan on cast_info ci  (cost=0.00..796071.18 rows=236943 width=4) (actual time=3031.024..9427.975 rows=224825 loops=1)
        Filter: ((person_id < 468383) AND (role_id = 8))
        Rows Removed by Filter: 36019519
  ->  Hash  (cost=67604.59..67604.59 rows=987727 width=4) (actual time=1203.851..1203.851 rows=985048 loops=1)
        Buckets: 131072  Batches: 16  Memory Usage: 3188kB
        ->  Seq Scan on title t  (cost=0.00..67604.59 rows=987727 width=4) (actual time=0.037..893.542 rows=985048 loops=1)
              Filter: (kind_id < 7)
              Rows Removed by Filter: 1543264
Planning time: 0.740 ms
Execution time: 10982.185 ms
