Hash Join  (cost=101451.10..162358.53 rows=13379 width=0) (actual time=1738.126..2681.890 rows=15426 loops=1)
  Hash Cond: (mc.movie_id = t.id)
  ->  Seq Scan on movie_companies mc  (cost=0.00..51404.11 rows=2498544 width=4) (actual time=0.030..830.570 rows=2498394 loops=1)
        Filter: (company_id < 151441)
        Rows Removed by Filter: 110735
  ->  Hash  (cost=101281.86..101281.86 rows=13539 width=8) (actual time=1447.483..1447.483 rows=9561 loops=1)
        Buckets: 16384  Batches: 1  Memory Usage: 502kB
        ->  Hash Join  (cost=74235.99..101281.86 rows=13539 width=8) (actual time=907.466..1444.254 rows=9561 loops=1)
              Hash Cond: (mi_idx.movie_id = t.id)
              ->  Seq Scan on movie_info_idx mi_idx  (cost=0.00..21735.35 rows=1380035 width=4) (actual time=0.014..221.955 rows=1380035 loops=1)
              ->  Hash  (cost=73925.90..73925.90 rows=24807 width=4) (actual time=906.986..906.986 rows=25986 loops=1)
                    Buckets: 32768  Batches: 1  Memory Usage: 1170kB
                    ->  Seq Scan on title t  (cost=0.00..73925.90 rows=24807 width=4) (actual time=0.027..896.742 rows=25986 loops=1)
                          Filter: ((kind_id = 7) AND (production_year = 1997))
                          Rows Removed by Filter: 2502326
Planning time: 1.133 ms
Execution time: 2684.055 ms
