Hash Join  (cost=81887.65..163840.47 rows=500729 width=0) (actual time=1134.370..3115.499 rows=215395 loops=1)
  Hash Cond: (mc.movie_id = t.id)
  ->  Seq Scan on movie_companies mc  (cost=0.00..44881.29 rows=2609129 width=4) (actual time=0.013..672.510 rows=2609129 loops=1)
  ->  Hash  (cost=73925.90..73925.90 rows=485260 width=4) (actual time=1132.734..1132.734 rows=520584 loops=1)
        Buckets: 131072  Batches: 8  Memory Usage: 3311kB
        ->  Seq Scan on title t  (cost=0.00..73925.90 rows=485260 width=4) (actual time=0.027..970.698 rows=520584 loops=1)
              Filter: ((kind_id > 4) AND (production_year > 2007))
              Rows Removed by Filter: 2007728
Planning time: 0.774 ms
Execution time: 3143.013 ms
