Seq Scan on movie_companies mc  (cost=0.00..57926.93 rows=310989 width=0) (actual time=289.342..762.212 rows=15816 loops=1)
  Filter: ((company_id > 57464) AND (company_type_id = 1))
  Rows Removed by Filter: 2593313
Planning time: 0.380 ms
Execution time: 764.525 ms
