Hash Join  (cost=205472.99..1154882.38 rows=1102605 width=0) (actual time=4880.628..18527.351 rows=209967 loops=1)
  Hash Cond: (ci.movie_id = t.id)
  ->  Seq Scan on cast_info ci  (cost=0.00..796071.18 rows=11030035 width=4) (actual time=1471.162..11809.213 rows=4713252 loops=1)
        Filter: ((person_id < 1668389) AND (role_id > 1))
        Rows Removed by Filter: 31531092
  ->  Hash  (cost=201325.48..201325.48 rows=252761 width=8) (actual time=3401.556..3401.556 rows=39663 loops=1)
        Buckets: 131072  Batches: 4  Memory Usage: 1408kB
        ->  Hash Join  (cost=76243.83..201325.48 rows=252761 width=8) (actual time=1088.382..3390.186 rows=39663 loops=1)
              Hash Cond: (mk.movie_id = t.id)
              ->  Seq Scan on movie_keyword mk  (cost=0.00..69693.30 rows=4523930 width=4) (actual time=0.036..1122.425 rows=4523930 loops=1)
              ->  Hash  (cost=73925.90..73925.90 rows=141274 width=4) (actual time=952.161..952.161 rows=150659 loops=1)
                    Buckets: 131072  Batches: 2  Memory Usage: 3679kB
                    ->  Seq Scan on title t  (cost=0.00..73925.90 rows=141274 width=4) (actual time=0.022..895.961 rows=150659 loops=1)
                          Filter: ((production_year > 2011) AND (kind_id = 7))
                          Rows Removed by Filter: 2377653
Planning time: 1.153 ms
Execution time: 18554.873 ms
