Hash Join  (cost=215833.08..1244892.07 rows=6940420 width=0) (actual time=10955.232..31588.126 rows=21198391 loops=1)
  Hash Cond: (ci.movie_id = t.id)
  ->  Seq Scan on cast_info ci  (cost=0.00..796071.18 rows=13715363 width=4) (actual time=6643.648..14928.731 rows=14603508 loops=1)
        Filter: ((person_id > 528806) AND (role_id > 2))
        Rows Removed by Filter: 21640836
  ->  Hash  (cost=194840.12..194840.12 rows=1279517 width=8) (actual time=4310.533..4310.533 rows=1274246 loops=1)
        Buckets: 131072  Batches: 32  Memory Usage: 2553kB
        ->  Hash Join  (cost=102767.86..194840.12 rows=1279517 width=8) (actual time=1930.369..3956.300 rows=1274246 loops=1)
              Hash Cond: (mc.movie_id = t.id)
              ->  Seq Scan on movie_companies mc  (cost=0.00..51404.11 rows=1279517 width=4) (actual time=244.589..879.725 rows=1274246 loops=1)
                    Filter: (company_type_id = 1)
                    Rows Removed by Filter: 1334883
              ->  Hash  (cost=61283.27..61283.27 rows=2528527 width=4) (actual time=1684.625..1684.625 rows=2528312 loops=1)
                    Buckets: 131072  Batches: 64  Memory Usage: 2415kB
                    ->  Seq Scan on title t  (cost=0.00..61283.27 rows=2528527 width=4) (actual time=0.041..831.750 rows=2528312 loops=1)
Planning time: 1.199 ms
Execution time: 33874.678 ms
