Hash Join  (cost=201759.99..675797.25 rows=578568 width=0) (actual time=4371.965..12915.619 rows=275959 loops=1)
  Hash Cond: (mi.movie_id = t.id)
  ->  Seq Scan on movie_info mi  (cost=0.00..346232.03 rows=9476311 width=4) (actual time=130.079..5039.716 rows=9565151 loops=1)
        Filter: (info_type_id < 16)
        Rows Removed by Filter: 5270569
  ->  Hash  (cost=199226.28..199226.28 rows=154377 width=8) (actual time=4241.107..4241.107 rows=48813 loops=1)
        Buckets: 131072  Batches: 4  Memory Usage: 1502kB
        ->  Hash Join  (cost=75342.47..199226.28 rows=154377 width=8) (actual time=2385.399..4222.932 rows=48813 loops=1)
              Hash Cond: (mk.movie_id = t.id)
              ->  Seq Scan on movie_keyword mk  (cost=0.00..69693.30 rows=4523930 width=4) (actual time=0.032..1165.432 rows=4523930 loops=1)
              ->  Hash  (cost=73925.90..73925.90 rows=86285 width=4) (actual time=1701.425..1701.425 rows=92628 loops=1)
                    Buckets: 131072  Batches: 2  Memory Usage: 2659kB
                    ->  Seq Scan on title t  (cost=0.00..73925.90 rows=86285 width=4) (actual time=0.018..916.780 rows=92628 loops=1)
                          Filter: ((kind_id = 7) AND (production_year = 2010))
                          Rows Removed by Filter: 2435684
Planning time: 1.145 ms
Execution time: 12948.520 ms
