Seq Scan on movie_keyword mk  (cost=0.00..81003.12 rows=246 width=0) (actual time=1.054..1051.591 rows=697 loops=1)
  Filter: (keyword_id = 287)
  Rows Removed by Filter: 4523233
Planning time: 0.395 ms
Execution time: 1051.939 ms
