Seq Scan on movie_companies mc  (cost=0.00..51404.11 rows=1986791 width=0) (actual time=0.027..872.633 rows=1990717 loops=1)
  Filter: (company_id > 769)
  Rows Removed by Filter: 618412
Planning time: 0.329 ms
Execution time: 1137.812 ms
