Seq Scan on cast_info ci  (cost=0.00..705507.15 rows=500 width=0) (actual time=3783.734..8454.396 rows=469 loops=1)
  Filter: (person_id = 1198956)
  Rows Removed by Filter: 36243875
Planning time: 0.236 ms
Execution time: 8454.530 ms
