Seq Scan on movie_keyword mk  (cost=0.00..81003.12 rows=2280508 width=0) (actual time=0.024..1255.494 rows=2279601 loops=1)
  Filter: (keyword_id < 4834)
  Rows Removed by Filter: 2244329
Planning time: 0.334 ms
Execution time: 1545.021 ms
