Hash Join  (cost=164003.65..1245786.49 rows=4670568 width=0) (actual time=3691.166..38020.064 rows=20900864 loops=1)
  Hash Cond: (ci.movie_id = t.id)
  ->  Seq Scan on cast_info ci  (cost=0.00..614943.12 rows=36225612 width=4) (actual time=0.022..10753.945 rows=36244344 loops=1)
  ->  Hash  (cost=158654.61..158654.61 rows=326003 width=8) (actual time=3690.321..3690.321 rows=879143 loops=1)
        Buckets: 131072 (originally 131072)  Batches: 16 (originally 8)  Memory Usage: 3192kB
        ->  Hash Join  (cost=79110.05..158654.61 rows=326003 width=8) (actual time=1108.043..3416.008 rows=879143 loops=1)
              Hash Cond: (mc.movie_id = t.id)
              ->  Seq Scan on movie_companies mc  (cost=0.00..44881.29 rows=2609129 width=4) (actual time=0.018..724.934 rows=2609129 loops=1)
              ->  Hash  (cost=73925.90..73925.90 rows=315932 width=4) (actual time=1107.470..1107.470 rows=433359 loops=1)
                    Buckets: 131072  Batches: 8  Memory Usage: 2939kB
                    ->  Seq Scan on title t  (cost=0.00..73925.90 rows=315932 width=4) (actual time=0.017..969.258 rows=433359 loops=1)
                          Filter: ((kind_id < 7) AND (production_year < 1995))
                          Rows Removed by Filter: 2094953
Planning time: 1.139 ms
Execution time: 40457.436 ms
