Hash Join  (cost=94973.51..949181.75 rows=4832753 width=0) (actual time=1449.833..16723.540 rows=4523408 loops=1)
  Hash Cond: (ci.movie_id = t.id)
  ->  Seq Scan on cast_info ci  (cost=0.00..705507.15 rows=7325311 width=4) (actual time=0.030..9914.291 rows=7275712 loops=1)
        Filter: (person_id < 703248)
        Rows Removed by Filter: 28968632
  ->  Hash  (cost=67604.59..67604.59 rows=1668154 width=4) (actual time=1448.810..1448.810 rows=1674098 loops=1)
        Buckets: 131072  Batches: 32  Memory Usage: 2869kB
        ->  Seq Scan on title t  (cost=0.00..67604.59 rows=1668154 width=4) (actual time=0.022..975.699 rows=1674098 loops=1)
              Filter: (kind_id > 3)
              Rows Removed by Filter: 854214
Planning time: 0.773 ms
Execution time: 17286.753 ms
