Seq Scan on title t  (cost=0.00..73925.90 rows=2230 width=0) (actual time=0.110..850.167 rows=5852 loops=1)
  Filter: ((kind_id < 3) AND (production_year = 1988))
  Rows Removed by Filter: 2522460
Planning time: 0.446 ms
Execution time: 851.612 ms
