Seq Scan on movie_keyword mk  (cost=0.00..81003.12 rows=3986328 width=0) (actual time=0.026..1166.531 rows=3994008 loops=1)
  Filter: (keyword_id < 34413)
  Rows Removed by Filter: 529922
Planning time: 0.346 ms
Execution time: 1610.311 ms
