Hash Join  (cost=216902.54..1419194.24 rows=16401653 width=0) (actual time=3971.705..39259.065 rows=23630711 loops=1)
  Hash Cond: (ci.movie_id = t.id)
  ->  Seq Scan on cast_info ci  (cost=0.00..614943.12 rows=36225612 width=4) (actual time=0.030..10310.384 rows=36244344 loops=1)
  ->  Hash  (cost=198120.22..198120.22 rows=1144826 width=8) (actual time=3970.752..3970.752 rows=969334 loops=1)
        Buckets: 131072  Batches: 16  Memory Usage: 3376kB
        ->  Hash Join  (cost=102767.86..198120.22 rows=1144826 width=8) (actual time=1983.428..3722.258 rows=969334 loops=1)
              Hash Cond: (mc.movie_id = t.id)
              ->  Seq Scan on movie_companies mc  (cost=0.00..57926.93 rows=1144826 width=4) (actual time=383.141..1043.230 rows=969334 loops=1)
                    Filter: ((company_id < 86104) AND (company_type_id > 1))
                    Rows Removed by Filter: 1639795
              ->  Hash  (cost=61283.27..61283.27 rows=2528527 width=4) (actual time=1598.937..1598.937 rows=2528312 loops=1)
                    Buckets: 131072  Batches: 64  Memory Usage: 2415kB
                    ->  Seq Scan on title t  (cost=0.00..61283.27 rows=2528527 width=4) (actual time=0.027..788.506 rows=2528312 loops=1)
Planning time: 1.162 ms
Execution time: 42150.626 ms
