Hash Join  (cost=96982.30..664195.75 rows=8191752 width=0) (actual time=2011.188..14374.595 rows=3936912 loops=1)
  Hash Cond: (mi.movie_id = t.id)
  ->  Seq Scan on movie_info mi  (cost=0.00..309384.22 rows=14739122 width=4) (actual time=0.014..4500.735 rows=14835720 loops=1)
  ->  Hash  (cost=73925.90..73925.90 rows=1405312 width=4) (actual time=1939.907..1939.907 rows=1478152 loops=1)
        Buckets: 131072  Batches: 32  Memory Usage: 2656kB
        ->  Seq Scan on title t  (cost=0.00..73925.90 rows=1405312 width=4) (actual time=0.027..1152.647 rows=1478152 loops=1)
              Filter: ((production_year > 1947) AND (kind_id = 7))
              Rows Removed by Filter: 1050160
Planning time: 0.658 ms
Execution time: 14822.287 ms
