Nested Loop  (cost=0.43..58358.27 rows=51 width=0) (actual time=1.444..642.938 rows=31 loops=1)
  ->  Seq Scan on movie_companies mc  (cost=0.00..57926.93 rows=51 width=4) (actual time=1.378..641.728 rows=31 loops=1)
        Filter: ((company_id = 992) AND (company_type_id = 1))
        Rows Removed by Filter: 2609098
  ->  Index Only Scan using title_pkey on title t  (cost=0.43..8.45 rows=1 width=4) (actual time=0.035..0.036 rows=1 loops=31)
        Index Cond: (id = mc.movie_id)
        Heap Fetches: 31
Planning time: 0.733 ms
Execution time: 643.018 ms
