Hash Join  (cost=102767.86..208229.47 rows=1836031 width=0) (actual time=1876.865..4731.708 rows=1843035 loops=1)
  Hash Cond: (mc.movie_id = t.id)
  ->  Seq Scan on movie_companies mc  (cost=0.00..51404.11 rows=1836031 width=4) (actual time=0.027..917.228 rows=1843035 loops=1)
        Filter: (company_id > 1583)
        Rows Removed by Filter: 766094
  ->  Hash  (cost=61283.27..61283.27 rows=2528527 width=4) (actual time=1875.083..1875.083 rows=2528312 loops=1)
        Buckets: 131072  Batches: 64  Memory Usage: 2415kB
        ->  Seq Scan on title t  (cost=0.00..61283.27 rows=2528527 width=4) (actual time=0.018..774.724 rows=2528312 loops=1)
Planning time: 0.754 ms
Execution time: 4966.215 ms
