Hash Join  (cost=472656.51..602080.16 rows=609161 width=0) (actual time=8074.320..13179.015 rows=3969271 loops=1)
  Hash Cond: (mk.movie_id = t.id)
  ->  Seq Scan on movie_keyword mk  (cost=0.00..69693.30 rows=4523930 width=4) (actual time=0.026..1471.220 rows=4523930 loops=1)
  ->  Hash  (cost=467070.59..467070.59 rows=340474 width=8) (actual time=8073.469..8073.469 rows=328857 loops=1)
        Buckets: 131072  Batches: 8  Memory Usage: 2647kB
        ->  Hash Join  (cost=102767.86..467070.59 rows=340474 width=8) (actual time=3941.161..7964.489 rows=328857 loops=1)
              Hash Cond: (mi.movie_id = t.id)
              ->  Seq Scan on movie_info mi  (cost=0.00..346232.03 rows=340474 width=4) (actual time=1981.481..5295.658 rows=328857 loops=1)
                    Filter: (info_type_id = 98)
                    Rows Removed by Filter: 14506863
              ->  Hash  (cost=61283.27..61283.27 rows=2528527 width=4) (actual time=1958.576..1958.576 rows=2528312 loops=1)
                    Buckets: 131072  Batches: 64  Memory Usage: 2425kB
                    ->  Seq Scan on title t  (cost=0.00..61283.27 rows=2528527 width=4) (actual time=0.026..1105.054 rows=2528312 loops=1)
Planning time: 1.148 ms
Execution time: 13669.177 ms
