Seq Scan on movie_companies mc  (cost=0.00..57926.93 rows=51 width=0) (actual time=21.284..666.461 rows=25 loops=1)
  Filter: ((company_id = 22264) AND (company_type_id = 1))
  Rows Removed by Filter: 2609104
Planning time: 0.398 ms
Execution time: 666.555 ms
