Hash Join  (cost=76590.05..448769.62 rows=133144 width=0) (actual time=1239.773..6278.615 rows=36792 loops=1)
  Hash Cond: (mi.movie_id = t.id)
  ->  Seq Scan on movie_info mi  (cost=0.00..346232.03 rows=2073893 width=4) (actual time=146.608..4284.559 rows=2091068 loops=1)
        Filter: (info_type_id < 3)
        Rows Removed by Filter: 12744652
  ->  Hash  (cost=73925.90..73925.90 rows=162332 width=4) (actual time=1091.701..1091.701 rows=162218 loops=1)
        Buckets: 131072  Batches: 4  Memory Usage: 2469kB
        ->  Seq Scan on title t  (cost=0.00..73925.90 rows=162332 width=4) (actual time=0.034..1034.446 rows=162218 loops=1)
              Filter: ((kind_id > 2) AND (production_year > 2011))
              Rows Removed by Filter: 2366094
Planning time: 0.656 ms
Execution time: 6284.412 ms
