Hash Join  (cost=220718.62..1538654.00 rows=23251021 width=0) (actual time=4959.930..50883.713 rows=50579247 loops=1)
  Hash Cond: (ci.movie_id = t.id)
  ->  Seq Scan on cast_info ci  (cost=0.00..614943.12 rows=36225612 width=4) (actual time=0.025..10516.238 rows=36244344 loops=1)
  ->  Hash  (cost=194092.27..194092.27 rows=1622908 width=8) (actual time=4958.689..4958.689 rows=1335947 loops=1)
        Buckets: 131072  Batches: 32  Memory Usage: 2637kB
        ->  Hash Join  (cost=93408.25..194092.27 rows=1622908 width=8) (actual time=1570.619..4544.502 rows=1335947 loops=1)
              Hash Cond: (mc.movie_id = t.id)
              ->  Seq Scan on movie_companies mc  (cost=0.00..44881.29 rows=2609129 width=4) (actual time=0.020..716.348 rows=2609129 loops=1)
              ->  Hash  (cost=67604.59..67604.59 rows=1572773 width=4) (actual time=1569.745..1569.745 rows=1570568 loops=1)
                    Buckets: 131072  Batches: 32  Memory Usage: 2751kB
                    ->  Seq Scan on title t  (cost=0.00..67604.59 rows=1572773 width=4) (actual time=0.021..1056.442 rows=1570568 loops=1)
                          Filter: (production_year > 1996)
                          Rows Removed by Filter: 957744
Planning time: 1.219 ms
Execution time: 57064.255 ms
