Seq Scan on cast_info ci  (cost=0.00..796071.18 rows=8951661 width=0) (actual time=7071.961..12628.590 rows=10189419 loops=1)
  Filter: ((person_id > 931705) AND (role_id > 3))
  Rows Removed by Filter: 26054925
Planning time: 0.341 ms
Execution time: 13910.263 ms
