Hash Join  (cost=102767.86..977947.81 rows=6640788 width=0) (actual time=1495.513..16660.344 rows=6728984 loops=1)
  Hash Cond: (ci.movie_id = t.id)
  ->  Seq Scan on cast_info ci  (cost=0.00..705507.15 rows=6640788 width=4) (actual time=0.030..9799.917 rows=6728984 loops=1)
        Filter: (person_id > 2988270)
        Rows Removed by Filter: 29515360
  ->  Hash  (cost=61283.27..61283.27 rows=2528527 width=4) (actual time=1494.441..1494.441 rows=2528312 loops=1)
        Buckets: 131072  Batches: 64  Memory Usage: 2415kB
        ->  Seq Scan on title t  (cost=0.00..61283.27 rows=2528527 width=4) (actual time=0.026..735.414 rows=2528312 loops=1)
Planning time: 0.783 ms
Execution time: 17282.344 ms
