Hash Join  (cost=190230.21..1390325.56 rows=15686917 width=0) (actual time=3649.300..38786.494 rows=31937538 loops=1)
  Hash Cond: (ci.movie_id = t.id)
  ->  Seq Scan on cast_info ci  (cost=0.00..705507.15 rows=28741874 width=4) (actual time=0.023..13191.120 rows=28700935 loops=1)
        Filter: (person_id < 2919030)
        Rows Removed by Filter: 7543409
  ->  Hash  (cost=167588.78..167588.78 rows=1380035 width=8) (actual time=3648.283..3648.283 rows=1380035 loops=1)
        Buckets: 131072  Batches: 32  Memory Usage: 2708kB
        ->  Hash Join  (cost=102767.86..167588.78 rows=1380035 width=8) (actual time=1673.274..3324.861 rows=1380035 loops=1)
              Hash Cond: (mi_idx.movie_id = t.id)
              ->  Seq Scan on movie_info_idx mi_idx  (cost=0.00..21735.35 rows=1380035 width=4) (actual time=0.016..365.878 rows=1380035 loops=1)
              ->  Hash  (cost=61283.27..61283.27 rows=2528527 width=4) (actual time=1671.646..1671.646 rows=2528312 loops=1)
                    Buckets: 131072  Batches: 64  Memory Usage: 2415kB
                    ->  Seq Scan on title t  (cost=0.00..61283.27 rows=2528527 width=4) (actual time=0.020..813.056 rows=2528312 loops=1)
Planning time: 1.147 ms
Execution time: 42204.997 ms
