Seq Scan on movie_companies mc  (cost=0.00..57926.93 rows=807965 width=0) (actual time=264.361..872.635 rows=1109389 loops=1)
  Filter: ((company_id < 17659) AND (company_type_id < 2))
  Rows Removed by Filter: 1499740
Planning time: 0.291 ms
Execution time: 1011.210 ms
