Nested Loop  (cost=0.43..52283.95 rows=101 width=0) (actual time=76.156..820.661 rows=5 loops=1)
  ->  Seq Scan on movie_companies mc  (cost=0.00..51404.11 rows=104 width=4) (actual time=76.058..819.777 rows=5 loops=1)
        Filter: (company_id = 63385)
        Rows Removed by Filter: 2609124
  ->  Index Scan using title_pkey on title t  (cost=0.43..8.45 rows=1 width=4) (actual time=0.168..0.169 rows=1 loops=5)
        Index Cond: (id = mc.movie_id)
        Filter: (production_year > 0)
Planning time: 0.790 ms
Execution time: 820.776 ms
