Hash Join  (cost=102767.86..968294.23 rows=2475889 width=0) (actual time=6732.120..16264.920 rows=2963191 loops=1)
  Hash Cond: (ci.movie_id = t.id)
  ->  Seq Scan on cast_info ci  (cost=0.00..796071.18 rows=2475889 width=4) (actual time=4448.513..11337.094 rows=2963191 loops=1)
        Filter: ((person_id > 1356224) AND (role_id = 3))
        Rows Removed by Filter: 33281153
  ->  Hash  (cost=61283.27..61283.27 rows=2528527 width=4) (actual time=2282.528..2282.528 rows=2528312 loops=1)
        Buckets: 131072  Batches: 64  Memory Usage: 2415kB
        ->  Seq Scan on title t  (cost=0.00..61283.27 rows=2528527 width=4) (actual time=0.030..806.340 rows=2528312 loops=1)
Planning time: 0.809 ms
Execution time: 16597.498 ms
