Hash Join  (cost=1028547.13..1729369.21 rows=17260135 width=0) (actual time=22506.752..65118.918 rows=111135270 loops=1)
  Hash Cond: (mi.movie_id = t.id)
  ->  Seq Scan on movie_info mi  (cost=0.00..309384.22 rows=14739122 width=4) (actual time=0.024..4612.842 rows=14835720 loops=1)
  ->  Hash  (cost=979967.48..979967.48 rows=2961012 width=8) (actual time=22505.284..22505.284 rows=7181136 loops=1)
        Buckets: 131072 (originally 131072)  Batches: 128 (originally 64)  Memory Usage: 3227kB
        ->  Hash Join  (cost=102767.86..979967.48 rows=2961012 width=8) (actual time=2243.404..18970.681 rows=7181136 loops=1)
              Hash Cond: (ci.movie_id = t.id)
              ->  Seq Scan on cast_info ci  (cost=0.00..796071.18 rows=2961012 width=4) (actual time=0.029..9864.135 rows=7181136 loops=1)
                    Filter: ((person_id > 2811991) AND (role_id > 3))
                    Rows Removed by Filter: 29063208
              ->  Hash  (cost=61283.27..61283.27 rows=2528527 width=4) (actual time=2241.934..2241.934 rows=2528312 loops=1)
                    Buckets: 131072  Batches: 64  Memory Usage: 2415kB
                    ->  Seq Scan on title t  (cost=0.00..61283.27 rows=2528527 width=4) (actual time=0.022..822.900 rows=2528312 loops=1)
Planning time: 1.201 ms
Execution time: 77210.511 ms
