Hash Join  (cost=91879.05..173306.10 rows=701192 width=0) (actual time=1531.644..3356.728 rows=384904 loops=1)
  Hash Cond: (mc.movie_id = t.id)
  ->  Seq Scan on movie_companies mc  (cost=0.00..51404.11 rows=1620270 width=4) (actual time=0.006..858.655 rows=1610313 loops=1)
        Filter: (company_id < 16734)
        Rows Removed by Filter: 998816
  ->  Hash  (cost=73925.90..73925.90 rows=1094252 width=4) (actual time=1415.195..1415.195 rows=1044222 loops=1)
        Buckets: 131072  Batches: 16  Memory Usage: 3319kB
        ->  Seq Scan on title t  (cost=0.00..73925.90 rows=1094252 width=4) (actual time=0.022..1092.512 rows=1044222 loops=1)
              Filter: ((production_year < 2009) AND (kind_id = 7))
              Rows Removed by Filter: 1484090
Planning time: 0.546 ms
Execution time: 3404.148 ms
