Hash Join  (cost=281931.24..1158688.22 rows=2903842 width=0) (actual time=7968.042..26180.335 rows=26311650 loops=1)
  Hash Cond: (ci.movie_id = t.id)
  ->  Seq Scan on cast_info ci  (cost=0.00..796071.18 rows=3365877 width=4) (actual time=2238.156..12039.406 rows=4211419 loops=1)
        Filter: ((person_id > 976481) AND (role_id > 9))
        Rows Removed by Filter: 32032925
  ->  Hash  (cost=246141.30..246141.30 rows=2181435 width=8) (actual time=5728.441..5728.441 rows=2181473 loops=1)
        Buckets: 131072  Batches: 32  Memory Usage: 3671kB
        ->  Hash Join  (cost=102767.86..246141.30 rows=2181435 width=8) (actual time=1710.159..5052.801 rows=2181473 loops=1)
              Hash Cond: (mk.movie_id = t.id)
              ->  Seq Scan on movie_keyword mk  (cost=0.00..81003.12 rows=2181435 width=4) (actual time=0.033..1260.787 rows=2181473 loops=1)
                    Filter: (keyword_id > 5206)
                    Rows Removed by Filter: 2342457
              ->  Hash  (cost=61283.27..61283.27 rows=2528527 width=4) (actual time=1709.197..1709.197 rows=2528312 loops=1)
                    Buckets: 131072  Batches: 64  Memory Usage: 2425kB
                    ->  Seq Scan on title t  (cost=0.00..61283.27 rows=2528527 width=4) (actual time=0.017..854.588 rows=2528312 loops=1)
Planning time: 0.972 ms
Execution time: 29115.126 ms
