Hash Join  (cost=256809.24..1065791.81 rows=3916488 width=0) (actual time=11810.504..22735.307 rows=16480389 loops=1)
  Hash Cond: (ci.movie_id = t.id)
  ->  Seq Scan on cast_info ci  (cost=0.00..705507.15 rows=4320508 width=4) (actual time=6443.281..11053.453 rows=4323018 loops=1)
        Filter: (role_id = 10)
        Rows Removed by Filter: 31921326
  ->  Hash  (cost=219204.25..219204.25 rows=2292079 width=8) (actual time=5365.973..5365.973 rows=2292354 loops=1)
        Buckets: 131072  Batches: 32  Memory Usage: 3779kB
        ->  Hash Join  (cost=102767.86..219204.25 rows=2292079 width=8) (actual time=1621.236..4808.007 rows=2292354 loops=1)
              Hash Cond: (mc.movie_id = t.id)
              ->  Seq Scan on movie_companies mc  (cost=0.00..51404.11 rows=2292079 width=4) (actual time=0.031..1017.315 rows=2292354 loops=1)
                    Filter: (company_id < 91830)
                    Rows Removed by Filter: 316775
              ->  Hash  (cost=61283.27..61283.27 rows=2528527 width=4) (actual time=1620.093..1620.093 rows=2528312 loops=1)
                    Buckets: 131072  Batches: 64  Memory Usage: 2415kB
                    ->  Seq Scan on title t  (cost=0.00..61283.27 rows=2528527 width=4) (actual time=0.019..825.364 rows=2528312 loops=1)
Planning time: 1.213 ms
Execution time: 24471.425 ms
