Hash Join  (cost=128699.39..879935.41 rows=44685 width=0) (actual time=1790.248..15057.942 rows=23097 loops=1)
  Hash Cond: (ci.movie_id = t.id)
  ->  Seq Scan on cast_info ci  (cost=0.00..614943.12 rows=36225612 width=4) (actual time=0.022..6315.981 rows=36244344 loops=1)
  ->  Hash  (cost=128660.41..128660.41 rows=3119 width=8) (actual time=1788.827..1788.827 rows=1569 loops=1)
        Buckets: 4096  Batches: 1  Memory Usage: 94kB
        ->  Hash Join  (cost=73963.69..128660.41 rows=3119 width=8) (actual time=841.743..1787.999 rows=1569 loops=1)
              Hash Cond: (mc.movie_id = t.id)
              ->  Seq Scan on movie_companies mc  (cost=0.00..44881.29 rows=2609129 width=4) (actual time=0.022..458.066 rows=2609129 loops=1)
              ->  Hash  (cost=73925.90..73925.90 rows=3023 width=4) (actual time=840.133..840.133 rows=1148 loops=1)
                    Buckets: 4096  Batches: 1  Memory Usage: 73kB
                    ->  Seq Scan on title t  (cost=0.00..73925.90 rows=3023 width=4) (actual time=398.426..839.484 rows=1148 loops=1)
                          Filter: ((production_year > 2012) AND (kind_id = 4))
                          Rows Removed by Filter: 2527164
Planning time: 1.217 ms
Execution time: 15062.485 ms
