Hash Join  (cost=74228.29..910749.57 rows=325936 width=0) (actual time=873.318..19287.973 rows=292475 loops=1)
  Hash Cond: (ci.movie_id = t.id)
  ->  Seq Scan on cast_info ci  (cost=0.00..705507.15 rows=34067939 width=4) (actual time=0.027..10592.533 rows=34049897 loops=1)
        Filter: (person_id < 3632829)
        Rows Removed by Filter: 2194447
  ->  Hash  (cost=73925.90..73925.90 rows=24191 width=4) (actual time=873.088..873.088 rows=24602 loops=1)
        Buckets: 32768  Batches: 1  Memory Usage: 1121kB
        ->  Seq Scan on title t  (cost=0.00..73925.90 rows=24191 width=4) (actual time=0.026..863.205 rows=24602 loops=1)
              Filter: ((kind_id = 7) AND (production_year = 1995))
              Rows Removed by Filter: 2503710
Planning time: 0.825 ms
Execution time: 19329.958 ms
