Hash Join  (cost=207785.32..1093164.50 rows=938478 width=0) (actual time=3800.843..24575.244 rows=5672318 loops=1)
  Hash Cond: (ci.movie_id = t.id)
  ->  Seq Scan on cast_info ci  (cost=0.00..796071.18 rows=6794190 width=4) (actual time=0.022..12985.447 rows=12670688 loops=1)
        Filter: ((person_id < 1923573) AND (role_id < 2))
        Rows Removed by Filter: 23573656
  ->  Hash  (cost=202054.52..202054.52 rows=349264 width=8) (actual time=3800.087..3800.087 rows=363692 loops=1)
        Buckets: 131072  Batches: 8  Memory Usage: 2828kB
        ->  Hash Join  (cost=102767.86..202054.52 rows=349264 width=8) (actual time=2021.661..3716.881 rows=363692 loops=1)
              Hash Cond: (mk.movie_id = t.id)
              ->  Seq Scan on movie_keyword mk  (cost=0.00..81003.12 rows=349264 width=4) (actual time=0.028..1143.681 rows=363692 loops=1)
                    Filter: (keyword_id < 335)
                    Rows Removed by Filter: 4160238
              ->  Hash  (cost=61283.27..61283.27 rows=2528527 width=4) (actual time=2020.579..2020.579 rows=2528312 loops=1)
                    Buckets: 131072  Batches: 64  Memory Usage: 2425kB
                    ->  Seq Scan on title t  (cost=0.00..61283.27 rows=2528527 width=4) (actual time=0.020..736.132 rows=2528312 loops=1)
Planning time: 1.162 ms
Execution time: 25230.936 ms
