Hash Join  (cost=110252.93..477435.60 rows=252676 width=0) (actual time=2023.111..9650.147 rows=177313 loops=1)
  Hash Cond: (mi.movie_id = t.id)
  ->  Seq Scan on movie_info mi  (cost=0.00..309384.22 rows=14739122 width=4) (actual time=0.012..4295.160 rows=14835720 loops=1)
  ->  Hash  (cost=109711.09..109711.09 rows=43347 width=8) (actual time=1874.518..1874.518 rows=15210 loops=1)
        Buckets: 65536  Batches: 1  Memory Usage: 1107kB
        ->  Hash Join  (cost=77793.68..109711.09 rows=43347 width=8) (actual time=1165.396..1867.777 rows=15210 loops=1)
              Hash Cond: (mi_idx.movie_id = t.id)
              ->  Seq Scan on movie_info_idx mi_idx  (cost=0.00..25185.44 rows=464934 width=4) (actual time=0.014..533.261 rows=460185 loops=1)
                    Filter: (info_type_id > 100)
                    Rows Removed by Filter: 919850
              ->  Hash  (cost=73925.90..73925.90 rows=235742 width=4) (actual time=1101.787..1101.787 rows=129555 loops=1)
                    Buckets: 131072  Batches: 4  Memory Usage: 2160kB
                    ->  Seq Scan on title t  (cost=0.00..73925.90 rows=235742 width=4) (actual time=215.492..1057.229 rows=129555 loops=1)
                          Filter: ((production_year < 1971) AND (kind_id = 7))
                          Rows Removed by Filter: 2398757
Planning time: 1.224 ms
Execution time: 9673.771 ms
