Seq Scan on cast_info ci  (cost=0.00..796071.18 rows=1590699 width=0) (actual time=7929.221..11500.071 rows=1564688 loops=1)
  Filter: ((person_id > 287867) AND (role_id = 8))
  Rows Removed by Filter: 34679656
Planning time: 0.412 ms
Execution time: 11703.637 ms
