Hash Join  (cost=93117.31..173932.26 rows=545223 width=0) (actual time=1729.705..3193.588 rows=531315 loops=1)
  Hash Cond: (mc.movie_id = t.id)
  ->  Seq Scan on movie_companies mc  (cost=0.00..57926.93 rows=886556 width=4) (actual time=200.005..900.375 rows=711061 loops=1)
        Filter: ((company_id > 1714) AND (company_type_id = 1))
        Rows Removed by Filter: 1898068
  ->  Hash  (cost=67604.59..67604.59 rows=1555018 width=4) (actual time=1528.443..1528.443 rows=1551727 loops=1)
        Buckets: 131072  Batches: 32  Memory Usage: 2728kB
        ->  Seq Scan on title t  (cost=0.00..67604.59 rows=1555018 width=4) (actual time=0.029..1026.601 rows=1551727 loops=1)
              Filter: (production_year < 2007)
              Rows Removed by Filter: 976585
Planning time: 0.778 ms
Execution time: 3257.658 ms
