Hash Join  (cost=440125.71..1426300.09 rows=897512 width=0) (actual time=6733.287..30475.904 rows=7203895 loops=1)
  Hash Cond: (ci.movie_id = t.id)
  ->  Seq Scan on cast_info ci  (cost=0.00..614943.12 rows=36225612 width=4) (actual time=0.012..6924.685 rows=36244344 loops=1)
  ->  Hash  (cost=439342.63..439342.63 rows=62646 width=8) (actual time=6730.875..6730.875 rows=100065 loops=1)
        Buckets: 131072 (originally 65536)  Batches: 2 (originally 1)  Memory Usage: 3073kB
        ->  Hash Join  (cost=74060.24..439342.63 rows=62646 width=8) (actual time=809.046..6681.581 rows=100065 loops=1)
              Hash Cond: (mi.movie_id = t.id)
              ->  Seq Scan on movie_info mi  (cost=0.00..309384.22 rows=14739122 width=4) (actual time=0.010..3041.038 rows=14835720 loops=1)
              ->  Hash  (cost=73925.90..73925.90 rows=10747 width=4) (actual time=808.952..808.952 rows=6468 loops=1)
                    Buckets: 16384  Batches: 1  Memory Usage: 356kB
                    ->  Seq Scan on title t  (cost=0.00..73925.90 rows=10747 width=4) (actual time=47.454..805.952 rows=6468 loops=1)
                          Filter: ((kind_id = 1) AND (production_year = 1997))
                          Rows Removed by Filter: 2521844
Planning time: 1.290 ms
Execution time: 31342.320 ms
