Seq Scan on movie_companies mc  (cost=0.00..57926.93 rows=990210 width=0) (actual time=179.632..695.403 rows=848779 loops=1)
  Filter: ((company_id > 669) AND (company_type_id = 1))
  Rows Removed by Filter: 1760350
Planning time: 0.394 ms
Execution time: 778.216 ms
