Hash Join  (cost=472664.33..1374514.64 rows=1464894 width=0) (actual time=6808.197..22989.028 rows=2039798 loops=1)
  Hash Cond: (ci.movie_id = t.id)
  ->  Seq Scan on cast_info ci  (cost=0.00..796071.18 rows=7719249 width=4) (actual time=5.044..11873.380 rows=10078676 loops=1)
        Filter: ((person_id < 1374417) AND (role_id < 3))
        Rows Removed by Filter: 26165668
  ->  Hash  (cost=464791.29..464791.29 rows=479843 width=8) (actual time=6634.488..6634.488 rows=297371 loops=1)
        Buckets: 131072  Batches: 8  Memory Usage: 2470kB
        ->  Hash Join  (cost=98137.04..464791.29 rows=479843 width=8) (actual time=2563.690..6538.870 rows=297371 loops=1)
              Hash Cond: (mi.movie_id = t.id)
              ->  Seq Scan on movie_info mi  (cost=0.00..346232.03 rows=651960 width=4) (actual time=845.100..4044.865 rows=660923 loops=1)
                    Filter: (info_type_id = 18)
                    Rows Removed by Filter: 14174797
              ->  Hash  (cost=67604.59..67604.59 rows=1860996 width=4) (actual time=1717.716..1717.716 rows=1865487 loops=1)
                    Buckets: 131072  Batches: 32  Memory Usage: 3085kB
                    ->  Seq Scan on title t  (cost=0.00..67604.59 rows=1860996 width=4) (actual time=0.027..1098.017 rows=1865487 loops=1)
                          Filter: (kind_id > 1)
                          Rows Removed by Filter: 662825
Planning time: 1.203 ms
Execution time: 23183.501 ms
