Seq Scan on movie_keyword mk  (cost=0.00..81003.12 rows=246 width=0) (actual time=54.085..837.379 rows=52 loops=1)
  Filter: (keyword_id = 37129)
  Rows Removed by Filter: 4523878
Planning time: 0.365 ms
Execution time: 837.500 ms
