Hash Join  (cost=77037.46..145553.84 rows=99723 width=0) (actual time=1029.651..2507.637 rows=279486 loops=1)
  Hash Cond: (mc.movie_id = t.id)
  ->  Seq Scan on movie_companies mc  (cost=0.00..51404.11 rows=1329612 width=4) (actual time=0.020..851.562 rows=1334883 loops=1)
        Filter: (company_type_id > 1)
        Rows Removed by Filter: 1274246
  ->  Hash  (cost=73925.90..73925.90 rows=189644 width=4) (actual time=1028.831..1028.831 rows=294316 loops=1)
        Buckets: 131072  Batches: 4  Memory Usage: 3615kB
        ->  Seq Scan on title t  (cost=0.00..73925.90 rows=189644 width=4) (actual time=0.064..931.794 rows=294316 loops=1)
              Filter: ((kind_id < 7) AND (production_year < 1978))
              Rows Removed by Filter: 2233996
Planning time: 0.810 ms
Execution time: 2534.857 ms
