Hash Join  (cost=73950.44..100871.63 rows=1071 width=0) (actual time=884.438..1411.269 rows=423 loops=1)
  Hash Cond: (mi_idx.movie_id = t.id)
  ->  Seq Scan on movie_info_idx mi_idx  (cost=0.00..21735.35 rows=1380035 width=4) (actual time=0.011..253.429 rows=1380035 loops=1)
  ->  Hash  (cost=73925.90..73925.90 rows=1963 width=4) (actual time=883.530..883.530 rows=1104 loops=1)
        Buckets: 2048  Batches: 1  Memory Usage: 55kB
        ->  Seq Scan on title t  (cost=0.00..73925.90 rows=1963 width=4) (actual time=0.555..882.892 rows=1104 loops=1)
              Filter: ((kind_id = 1) AND (production_year = 1906))
              Rows Removed by Filter: 2527208
Planning time: 0.801 ms
Execution time: 1411.458 ms
