Hash Join  (cost=67697.55..415377.91 rows=1127 width=0) (actual time=4498.558..5042.557 rows=3266 loops=1)
  Hash Cond: (mi.movie_id = t.id)
  ->  Seq Scan on movie_info mi  (cost=0.00..346232.03 rows=383217 width=4) (actual time=3652.019..4163.343 rows=368218 loops=1)
        Filter: (info_type_id = 17)
        Rows Removed by Filter: 14467502
  ->  Hash  (cost=67604.59..67604.59 rows=7437 width=4) (actual time=809.514..809.514 rows=13711 loops=1)
        Buckets: 16384 (originally 8192)  Batches: 1 (originally 1)  Memory Usage: 611kB
        ->  Seq Scan on title t  (cost=0.00..67604.59 rows=7437 width=4) (actual time=0.134..803.266 rows=13711 loops=1)
              Filter: (production_year = 1966)
              Rows Removed by Filter: 2514601
Planning time: 0.814 ms
Execution time: 5043.303 ms
