Seq Scan on movie_keyword mk  (cost=0.00..81003.12 rows=1747704 width=0) (actual time=0.019..1174.128 rows=1754043 loops=1)
  Filter: (keyword_id > 7920)
  Rows Removed by Filter: 2769887
Planning time: 7.357 ms
Execution time: 1388.142 ms
