Seq Scan on cast_info ci  (cost=0.00..705507.15 rows=2809700 width=0) (actual time=861.357..8830.853 rows=2769421 loops=1)
  Filter: (person_id < 266141)
  Rows Removed by Filter: 33474923
Planning time: 0.518 ms
Execution time: 9152.352 ms
