Seq Scan on cast_info ci  (cost=0.00..796071.18 rows=14054150 width=0) (actual time=0.024..12249.367 rows=8857316 loops=1)
  Filter: ((person_id < 2182886) AND (role_id > 1))
  Rows Removed by Filter: 27387028
Planning time: 0.346 ms
Execution time: 13353.929 ms
