Nested Loop  (cost=0.43..58358.39 rows=38 width=0) (actual time=318.234..771.983 rows=256 loops=1)
  ->  Seq Scan on movie_companies mc  (cost=0.00..57926.93 rows=51 width=4) (actual time=318.174..754.080 rows=859 loops=1)
        Filter: ((company_type_id < 2) AND (company_id = 862))
        Rows Removed by Filter: 2608270
  ->  Index Scan using title_pkey on title t  (cost=0.43..8.45 rows=1 width=4) (actual time=0.020..0.020 rows=0 loops=859)
        Index Cond: (id = mc.movie_id)
        Filter: (kind_id > 1)
        Rows Removed by Filter: 1
Planning time: 0.786 ms
Execution time: 772.172 ms
