Seq Scan on movie_keyword mk  (cost=0.00..81003.12 rows=246 width=0) (actual time=2.132..1132.517 rows=50 loops=1)
  Filter: (keyword_id = 75375)
  Rows Removed by Filter: 4523880
Planning time: 0.268 ms
Execution time: 1132.609 ms
