Hash Join  (cost=122535.74..916879.42 rows=71320 width=0) (actual time=1713.406..16587.811 rows=3297 loops=1)
  Hash Cond: (ci.movie_id = t.id)
  ->  Seq Scan on cast_info ci  (cost=0.00..705507.15 rows=23499554 width=4) (actual time=0.014..11407.665 rows=23573656 loops=1)
        Filter: (role_id > 1)
        Rows Removed by Filter: 12670688
  ->  Hash  (cost=122439.81..122439.81 rows=7674 width=8) (actual time=1698.982..1698.982 rows=3409 loops=1)
        Buckets: 8192  Batches: 1  Memory Usage: 198kB
        ->  Hash Join  (cost=67697.55..122439.81 rows=7674 width=8) (actual time=835.831..1697.226 rows=3409 loops=1)
              Hash Cond: (mc.movie_id = t.id)
              ->  Seq Scan on movie_companies mc  (cost=0.00..44881.29 rows=2609129 width=4) (actual time=0.024..492.872 rows=2609129 loops=1)
              ->  Hash  (cost=67604.59..67604.59 rows=7437 width=4) (actual time=703.770..703.770 rows=1787 loops=1)
                    Buckets: 8192  Batches: 1  Memory Usage: 127kB
                    ->  Seq Scan on title t  (cost=0.00..67604.59 rows=7437 width=4) (actual time=332.277..702.871 rows=1787 loops=1)
                          Filter: (production_year = 1899)
                          Rows Removed by Filter: 2526525
Planning time: 1.182 ms
Execution time: 16588.546 ms
