Seq Scan on cast_info ci  (cost=0.00..796071.18 rows=324 width=0) (actual time=876.267..12252.816 rows=38 loops=1)
  Filter: ((role_id > 1) AND (person_id = 2784076))
  Rows Removed by Filter: 36244306
Planning time: 0.422 ms
Execution time: 12252.945 ms
