Nested Loop  (cost=0.43..105060.53 rows=6393 width=0) (actual time=0.107..718.660 rows=6398 loops=1)
  ->  Seq Scan on movie_companies mc  (cost=0.00..51404.11 rows=7827 width=4) (actual time=0.036..624.328 rows=6686 loops=1)
        Filter: (company_id = 302)
        Rows Removed by Filter: 2602443
  ->  Index Scan using title_pkey on title t  (cost=0.43..6.85 rows=1 width=4) (actual time=0.013..0.013 rows=1 loops=6686)
        Index Cond: (id = mc.movie_id)
        Filter: (production_year < 2011)
        Rows Removed by Filter: 0
Planning time: 1.327 ms
Execution time: 720.184 ms
