Hash Join  (cost=83075.17..447744.57 rows=1347 width=0) (actual time=1016.098..6880.358 rows=633 loops=1)
  Hash Cond: (mi.movie_id = t.id)
  ->  Seq Scan on movie_info mi  (cost=0.00..309384.22 rows=14739122 width=4) (actual time=0.007..3159.954 rows=14835720 loops=1)
  ->  Hash  (cost=83072.29..83072.29 rows=231 width=8) (actual time=1002.564..1002.564 rows=13 loops=1)
        Buckets: 1024  Batches: 1  Memory Usage: 9kB
        ->  Nested Loop  (cost=0.43..83072.29 rows=231 width=8) (actual time=47.457..1002.537 rows=13 loops=1)
              ->  Seq Scan on movie_keyword mk  (cost=0.00..81003.12 rows=246 width=4) (actual time=47.404..1001.993 rows=13 loops=1)
                    Filter: (keyword_id = 69413)
                    Rows Removed by Filter: 4523917
              ->  Index Scan using title_pkey on title t  (cost=0.43..8.40 rows=1 width=4) (actual time=0.036..0.036 rows=1 loops=13)
                    Index Cond: (id = mk.movie_id)
                    Filter: (production_year > 1919)
Planning time: 1.251 ms
Execution time: 6880.696 ms
