Seq Scan on movie_keyword mk  (cost=0.00..81003.12 rows=1879027 width=0) (actual time=0.024..1371.931 rows=1887376 loops=1)
  Filter: (keyword_id > 7256)
  Rows Removed by Filter: 2636554
Planning time: 0.362 ms
Execution time: 1608.128 ms
