Seq Scan on movie_keyword mk  (cost=0.00..81003.12 rows=246 width=0) (actual time=7.232..1053.268 rows=234 loops=1)
  Filter: (keyword_id = 6898)
  Rows Removed by Filter: 4523696
Planning time: 0.373 ms
Execution time: 1053.496 ms
