Hash Join  (cost=96184.51..175202.41 rows=500497 width=0) (actual time=2435.182..3512.328 rows=292860 loops=1)
  Hash Cond: (mc.movie_id = t.id)
  ->  Seq Scan on movie_companies mc  (cost=0.00..57926.93 rows=932801 width=4) (actual time=0.016..1012.960 rows=1236539 loops=1)
        Filter: ((company_id < 43593) AND (company_type_id = 1))
        Rows Removed by Filter: 1372590
  ->  Hash  (cost=73925.90..73925.90 rows=1356688 width=4) (actual time=1581.704..1581.704 rows=1327781 loops=1)
        Buckets: 131072  Batches: 32  Memory Usage: 2479kB
        ->  Seq Scan on title t  (cost=0.00..73925.90 rows=1356688 width=4) (actual time=0.021..1168.533 rows=1327781 loops=1)
              Filter: ((production_year < 2012) AND (kind_id = 7))
              Rows Removed by Filter: 1200531
Planning time: 0.810 ms
Execution time: 3549.570 ms
