Seq Scan on cast_info ci  (cost=0.00..796071.18 rows=276 width=0) (actual time=13006.554..13359.004 rows=115 loops=1)
  Filter: ((role_id < 3) AND (person_id = 289868))
  Rows Removed by Filter: 36244229
Planning time: 0.460 ms
Execution time: 13359.120 ms
