Hash Join  (cost=796926.65..851593.21 rows=104 width=0) (actual time=8259.621..9111.264 rows=67 loops=1)
  Hash Cond: (mc.movie_id = t.id)
  ->  Seq Scan on movie_companies mc  (cost=0.00..44881.29 rows=2609129 width=4) (actual time=0.018..467.287 rows=2609129 loops=1)
  ->  Hash  (cost=796925.39..796925.39 rows=101 width=8) (actual time=8202.581..8202.581 rows=136 loops=1)
        Buckets: 1024  Batches: 1  Memory Usage: 14kB
        ->  Nested Loop  (cost=0.43..796925.39 rows=101 width=8) (actual time=6956.225..8202.487 rows=136 loops=1)
              ->  Seq Scan on cast_info ci  (cost=0.00..796071.18 rows=101 width=4) (actual time=6956.023..8200.554 rows=136 loops=1)
                    Filter: ((person_id = 2496594) AND (role_id = 2))
                    Rows Removed by Filter: 36244208
              ->  Index Only Scan using title_pkey on title t  (cost=0.43..8.45 rows=1 width=4) (actual time=0.013..0.013 rows=1 loops=136)
                    Index Cond: (id = ci.movie_id)
                    Heap Fetches: 136
Planning time: 1.246 ms
Execution time: 9111.370 ms
