Seq Scan on movie_keyword mk  (cost=0.00..81003.12 rows=246 width=0) (actual time=0.115..1063.998 rows=85 loops=1)
  Filter: (keyword_id = 1288)
  Rows Removed by Filter: 4523845
Planning time: 0.401 ms
Execution time: 1064.115 ms
