Seq Scan on title t  (cost=0.00..67604.59 rows=231837 width=94) (actual time=0.022..1305.531 rows=231649 loops=1)
  Filter: (production_year > 2011)
  Rows Removed by Filter: 2296663
Planning time: 0.524 ms
Execution time: 1319.687 ms
