Hash Join  (cost=473059.30..1454112.44 rows=385390 width=0) (actual time=8392.010..26206.279 rows=1054824 loops=1)
  Hash Cond: (ci.movie_id = t.id)
  ->  Seq Scan on cast_info ci  (cost=0.00..614943.12 rows=36225612 width=4) (actual time=0.020..6686.350 rows=36244344 loops=1)
  ->  Hash  (cost=472723.05..472723.05 rows=26900 width=8) (actual time=8389.552..8389.552 rows=64916 loops=1)
        Buckets: 65536 (originally 32768)  Batches: 1 (originally 1)  Memory Usage: 3048kB
        ->  Hash Join  (cost=73986.94..472723.05 rows=26900 width=8) (actual time=772.425..8359.557 rows=64916 loops=1)
              Hash Cond: (mi.movie_id = t.id)
              ->  Seq Scan on movie_info mi  (cost=0.00..346232.03 rows=13929354 width=4) (actual time=0.212..5208.126 rows=14033580 loops=1)
                    Filter: (info_type_id > 1)
                    Rows Removed by Filter: 802140
              ->  Hash  (cost=73925.90..73925.90 rows=4883 width=4) (actual time=771.908..771.908 rows=9263 loops=1)
                    Buckets: 16384 (originally 8192)  Batches: 1 (originally 1)  Memory Usage: 454kB
                    ->  Seq Scan on title t  (cost=0.00..73925.90 rows=4883 width=4) (actual time=284.836..768.115 rows=9263 loops=1)
                          Filter: ((kind_id = 4) AND (production_year = 2006))
                          Rows Removed by Filter: 2519049
Planning time: 1.207 ms
Execution time: 26340.693 ms
