Hash Join  (cost=89299.55..183159.76 rows=1364469 width=0) (actual time=1634.361..4300.658 rows=1117390 loops=1)
  Hash Cond: (mc.movie_id = t.id)
  ->  Seq Scan on movie_companies mc  (cost=0.00..44881.29 rows=2609129 width=4) (actual time=0.016..931.028 rows=2609129 loops=1)
  ->  Hash  (cost=67604.59..67604.59 rows=1322317 width=4) (actual time=1633.142..1633.142 rows=1322863 loops=1)
        Buckets: 131072  Batches: 32  Memory Usage: 2481kB
        ->  Seq Scan on title t  (cost=0.00..67604.59 rows=1322317 width=4) (actual time=0.013..1201.351 rows=1322863 loops=1)
              Filter: (production_year > 2001)
              Rows Removed by Filter: 1205449
Planning time: 4.027 ms
Execution time: 4425.510 ms
