Seq Scan on cast_info ci  (cost=0.00..796071.18 rows=435 width=0) (actual time=3302.106..12357.781 rows=2533 loops=1)
  Filter: ((role_id < 10) AND (person_id = 2765898))
  Rows Removed by Filter: 36241811
Planning time: 0.371 ms
Execution time: 12358.269 ms
