Nested Loop  (cost=0.43..52284.21 rows=48 width=0) (actual time=95.393..715.194 rows=2 loops=1)
  ->  Seq Scan on movie_companies mc  (cost=0.00..51404.11 rows=104 width=4) (actual time=3.404..699.010 rows=603 loops=1)
        Filter: (company_id = 8969)
        Rows Removed by Filter: 2608526
  ->  Index Scan using title_pkey on title t  (cost=0.43..8.45 rows=1 width=4) (actual time=0.026..0.026 rows=0 loops=603)
        Index Cond: (id = mc.movie_id)
        Filter: ((production_year < 2010) AND (kind_id = 7))
        Rows Removed by Filter: 1
Planning time: 0.821 ms
Execution time: 715.305 ms
