Hash Join  (cost=449889.09..526364.50 rows=103388 width=0) (actual time=6038.032..7317.782 rows=1476 loops=1)
  Hash Cond: (mc.movie_id = t.id)
  ->  Seq Scan on movie_companies mc  (cost=0.00..44881.29 rows=2609129 width=4) (actual time=0.019..666.733 rows=2609129 loops=1)
  ->  Hash  (cost=448244.67..448244.67 rows=100194 width=8) (actual time=5900.621..5900.621 rows=169 loops=1)
        Buckets: 131072  Batches: 2  Memory Usage: 1029kB
        ->  Hash Join  (cost=92883.59..448244.67 rows=100194 width=8) (actual time=5638.535..5900.467 rows=169 loops=1)
              Hash Cond: (mi.movie_id = t.id)
              ->  Seq Scan on movie_info mi  (cost=0.00..346232.03 rows=164423 width=4) (actual time=1050.960..4056.911 rows=197754 loops=1)
                    Filter: (info_type_id > 106)
                    Rows Removed by Filter: 14637966
              ->  Hash  (cost=67604.59..67604.59 rows=1540800 width=4) (actual time=1508.372..1508.372 rows=1543264 loops=1)
                    Buckets: 131072  Batches: 32  Memory Usage: 2728kB
                    ->  Seq Scan on title t  (cost=0.00..67604.59 rows=1540800 width=4) (actual time=142.264..1004.502 rows=1543264 loops=1)
                          Filter: (kind_id = 7)
                          Rows Removed by Filter: 985048
Planning time: 1.209 ms
Execution time: 7318.282 ms
