Hash Join  (cost=52284.50..79195.11 rows=13 width=0) (actual time=837.966..1197.544 rows=12 loops=1)
  Hash Cond: (mi_idx.movie_id = t.id)
  ->  Seq Scan on movie_info_idx mi_idx  (cost=0.00..21735.35 rows=1380035 width=4) (actual time=0.012..235.281 rows=1380035 loops=1)
  ->  Hash  (cost=52284.21..52284.21 rows=23 width=8) (actual time=695.330..695.330 rows=4 loops=1)
        Buckets: 1024  Batches: 1  Memory Usage: 9kB
        ->  Nested Loop  (cost=0.43..52284.21 rows=23 width=8) (actual time=122.892..695.315 rows=4 loops=1)
              ->  Seq Scan on movie_companies mc  (cost=0.00..51404.11 rows=104 width=4) (actual time=122.815..695.043 rows=4 loops=1)
                    Filter: (company_id = 169272)
                    Rows Removed by Filter: 2609125
              ->  Index Scan using title_pkey on title t  (cost=0.43..8.45 rows=1 width=4) (actual time=0.058..0.060 rows=1 loops=4)
                    Index Cond: (id = mc.movie_id)
                    Filter: ((production_year > 1966) AND (kind_id = 1))
Planning time: 1.178 ms
Execution time: 1197.659 ms
