Seq Scan on cast_info ci  (cost=0.00..705507.15 rows=34431783 width=0) (actual time=0.022..11519.990 rows=34410170 loops=1)
  Filter: (person_id < 3699650)
  Rows Removed by Filter: 1834174
Planning time: 0.342 ms
Execution time: 15898.652 ms
