Nested Loop  (cost=70589.36..170308.52 rows=3 width=0) (actual time=2369.924..2877.167 rows=166 loops=1)
  ->  Hash Join  (cost=70588.93..159199.19 rows=15969 width=8) (actual time=1251.588..2522.132 rows=54633 loops=1)
        Hash Cond: (mk.movie_id = mc.movie_id)
        ->  Seq Scan on movie_keyword mk  (cost=0.00..81003.12 rows=9953 width=4) (actual time=0.093..1066.435 rows=10799 loops=1)
              Filter: (keyword_id = 347)
              Rows Removed by Filter: 4513131
        ->  Hash  (cost=57926.93..57926.93 rows=771760 width=4) (actual time=1249.230..1249.230 rows=1063134 loops=1)
              Buckets: 131072  Batches: 16  Memory Usage: 3400kB
              ->  Seq Scan on movie_companies mc  (cost=0.00..57926.93 rows=771760 width=4) (actual time=0.029..934.175 rows=1063134 loops=1)
                    Filter: ((company_id < 15121) AND (company_type_id = 1))
                    Rows Removed by Filter: 1545995
  ->  Index Scan using title_pkey on title t  (cost=0.43..0.69 rows=1 width=4) (actual time=0.006..0.006 rows=0 loops=54633)
        Index Cond: (id = mc.movie_id)
        Filter: ((kind_id < 7) AND (production_year = 1970))
        Rows Removed by Filter: 1
Planning time: 1.270 ms
Execution time: 2877.390 ms
