Hash Join  (cost=83073.36..109984.04 rows=20 width=0) (actual time=1065.165..1557.139 rows=121 loops=1)
  Hash Cond: (mi_idx.movie_id = t.id)
  ->  Seq Scan on movie_info_idx mi_idx  (cost=0.00..21735.35 rows=1380035 width=4) (actual time=0.027..259.452 rows=1380035 loops=1)
  ->  Hash  (cost=83072.90..83072.90 rows=37 width=8) (actual time=1037.307..1037.307 rows=40 loops=1)
        Buckets: 1024  Batches: 1  Memory Usage: 10kB
        ->  Nested Loop  (cost=0.43..83072.90 rows=37 width=8) (actual time=200.955..1037.244 rows=40 loops=1)
              ->  Seq Scan on movie_keyword mk  (cost=0.00..81003.12 rows=246 width=4) (actual time=200.891..1035.187 rows=49 loops=1)
                    Filter: (keyword_id = 97)
                    Rows Removed by Filter: 4523881
              ->  Index Scan using title_pkey on title t  (cost=0.43..8.40 rows=1 width=4) (actual time=0.037..0.038 rows=1 loops=49)
                    Index Cond: (id = mk.movie_id)
                    Filter: ((kind_id < 2) AND (production_year < 2006))
                    Rows Removed by Filter: 0
Planning time: 1.213 ms
Execution time: 1557.313 ms
