Seq Scan on cast_info ci  (cost=0.00..705507.15 rows=500 width=0) (actual time=4428.921..8247.987 rows=63 loops=1)
  Filter: (person_id = 2139647)
  Rows Removed by Filter: 36244281
Planning time: 0.397 ms
Execution time: 8248.107 ms
