Hash Join  (cost=114651.36..202217.69 rows=90830 width=0) (actual time=1928.844..4307.940 rows=606354 loops=1)
  Hash Cond: (mk.movie_id = t.id)
  ->  Seq Scan on movie_keyword mk  (cost=0.00..69693.30 rows=4523930 width=4) (actual time=0.016..782.569 rows=4523930 loops=1)
  ->  Hash  (cost=114016.77..114016.77 rows=50767 width=8) (actual time=1928.286..1928.286 rows=111039 loops=1)
        Buckets: 131072 (originally 65536)  Batches: 2 (originally 1)  Memory Usage: 3193kB
        ->  Hash Join  (cost=75452.62..114016.77 rows=50767 width=8) (actual time=1016.704..1891.070 rows=111039 loops=1)
              Hash Cond: (mi_idx.movie_id = t.id)
              ->  Seq Scan on movie_info_idx mi_idx  (cost=0.00..21735.35 rows=1380035 width=4) (actual time=0.023..397.626 rows=1380035 loops=1)
              ->  Hash  (cost=73925.90..73925.90 rows=93017 width=4) (actual time=1015.957..1015.957 rows=99957 loops=1)
                    Buckets: 131072  Batches: 2  Memory Usage: 2786kB
                    ->  Seq Scan on title t  (cost=0.00..73925.90 rows=93017 width=4) (actual time=0.029..979.419 rows=99957 loops=1)
                          Filter: ((production_year > 1950) AND (kind_id = 3))
                          Rows Removed by Filter: 2428355
Planning time: 1.202 ms
Execution time: 4386.560 ms
