Hash Join  (cost=799164.32..885827.23 rows=487 width=0) (actual time=12986.680..13737.517 rows=5 loops=1)
  Hash Cond: (mk.movie_id = t.id)
  ->  Seq Scan on movie_keyword mk  (cost=0.00..69693.30 rows=4523930 width=4) (actual time=0.028..744.972 rows=4523930 loops=1)
  ->  Hash  (cost=799160.92..799160.92 rows=272 width=8) (actual time=12220.219..12220.219 rows=313 loops=1)
        Buckets: 1024  Batches: 1  Memory Usage: 21kB
        ->  Nested Loop  (cost=0.43..799160.92 rows=272 width=8) (actual time=11972.018..12220.113 rows=313 loops=1)
              ->  Seq Scan on cast_info ci  (cost=0.00..796071.18 rows=369 width=4) (actual time=11971.961..12208.955 rows=313 loops=1)
                    Filter: ((role_id < 5) AND (person_id = 1104947))
                    Rows Removed by Filter: 36244031
              ->  Index Scan using title_pkey on title t  (cost=0.43..8.36 rows=1 width=4) (actual time=0.035..0.035 rows=1 loops=313)
                    Index Cond: (id = ci.movie_id)
                    Filter: (kind_id > 1)
Planning time: 1.169 ms
Execution time: 13737.635 ms
