Seq Scan on movie_keyword mk  (cost=0.00..81003.12 rows=246 width=0) (actual time=6.834..828.039 rows=404 loops=1)
  Filter: (keyword_id = 1580)
  Rows Removed by Filter: 4523526
Planning time: 0.366 ms
Execution time: 828.276 ms
