Hash Join  (cost=207379.67..357002.64 rows=2267094 width=0) (actual time=4043.725..7985.109 rows=3674189 loops=1)
  Hash Cond: (mk.movie_id = t.id)
  ->  Seq Scan on movie_keyword mk  (cost=0.00..69693.30 rows=4523930 width=4) (actual time=0.020..1139.225 rows=4523930 loops=1)
  ->  Hash  (cost=186590.54..186590.54 rows=1267130 width=8) (actual time=4041.849..4041.849 rows=928706 loops=1)
        Buckets: 131072  Batches: 32  Memory Usage: 2142kB
        ->  Hash Join  (cost=94072.72..186590.54 rows=1267130 width=8) (actual time=1501.349..3774.357 rows=928706 loops=1)
              Hash Cond: (mc.movie_id = t.id)
              ->  Seq Scan on movie_companies mc  (cost=0.00..44881.29 rows=2609129 width=4) (actual time=0.030..681.495 rows=2609129 loops=1)
              ->  Hash  (cost=73925.90..73925.90 rows=1227985 width=4) (actual time=1500.401..1500.401 rows=1197374 loops=1)
                    Buckets: 131072  Batches: 32  Memory Usage: 2340kB
                    ->  Seq Scan on title t  (cost=0.00..73925.90 rows=1227985 width=4) (actual time=0.022..1115.829 rows=1197374 loops=1)
                          Filter: ((kind_id > 1) AND (production_year < 2008))
                          Rows Removed by Filter: 1330938
Planning time: 1.382 ms
Execution time: 8382.878 ms
