Hash Join  (cost=231581.66..322129.01 rows=1124182 width=0) (actual time=3871.012..6031.632 rows=563163 loops=1)
  Hash Cond: (mc.movie_id = t.id)
  ->  Seq Scan on movie_companies mc  (cost=0.00..44881.29 rows=2609129 width=4) (actual time=0.027..672.229 rows=2609129 loops=1)
  ->  Hash  (cost=213707.48..213707.48 rows=1089454 width=8) (actual time=3870.058..3870.058 rows=233703 loops=1)
        Buckets: 131072  Batches: 16  Memory Usage: 1589kB
        ->  Hash Join  (cost=92883.59..213707.48 rows=1089454 width=8) (actual time=1840.237..3818.652 rows=233703 loops=1)
              Hash Cond: (mk.movie_id = t.id)
              ->  Seq Scan on movie_keyword mk  (cost=0.00..81003.12 rows=1787846 width=4) (actual time=0.019..1327.042 rows=1799030 loops=1)
                    Filter: (keyword_id < 2907)
                    Rows Removed by Filter: 2724900
              ->  Hash  (cost=67604.59..67604.59 rows=1540800 width=4) (actual time=1494.696..1494.696 rows=1543264 loops=1)
                    Buckets: 131072  Batches: 32  Memory Usage: 2728kB
                    ->  Seq Scan on title t  (cost=0.00..67604.59 rows=1540800 width=4) (actual time=0.092..973.580 rows=1543264 loops=1)
                          Filter: (kind_id = 7)
                          Rows Removed by Filter: 985048
Planning time: 2.767 ms
Execution time: 6102.306 ms
