Hash Join  (cost=88238.62..206615.87 rows=780585 width=0) (actual time=1514.317..4130.498 rows=347539 loops=1)
  Hash Cond: (mk.movie_id = t.id)
  ->  Seq Scan on movie_keyword mk  (cost=0.00..81003.12 rows=2262473 width=4) (actual time=0.020..1393.370 rows=2258712 loops=1)
        Filter: (keyword_id > 4720)
        Rows Removed by Filter: 2265218
  ->  Hash  (cost=73925.90..73925.90 rows=872377 width=4) (actual time=1513.091..1513.091 rows=970133 loops=1)
        Buckets: 131072  Batches: 16  Memory Usage: 3172kB
        ->  Seq Scan on title t  (cost=0.00..73925.90 rows=872377 width=4) (actual time=0.020..1191.274 rows=970133 loops=1)
              Filter: ((kind_id > 3) AND (production_year > 2001))
              Rows Removed by Filter: 1558179
Planning time: 0.807 ms
Execution time: 4172.375 ms
