Seq Scan on movie_keyword mk  (cost=0.00..81003.12 rows=246 width=0) (actual time=4.528..1064.461 rows=379 loops=1)
  Filter: (keyword_id = 2519)
  Rows Removed by Filter: 4523551
Planning time: 0.401 ms
Execution time: 1064.703 ms
