Seq Scan on movie_keyword mk  (cost=0.00..81003.12 rows=4196242 width=0) (actual time=0.023..1626.233 rows=4198259 loops=1)
  Filter: (keyword_id < 50445)
  Rows Removed by Filter: 325671
Planning time: 0.383 ms
Execution time: 2144.992 ms
