Seq Scan on title t  (cost=0.00..73925.90 rows=136449 width=0) (actual time=0.078..1181.844 rows=264090 loops=1)
  Filter: ((kind_id < 3) AND (production_year < 1976))
  Rows Removed by Filter: 2264222
Planning time: 0.343 ms
Execution time: 1216.519 ms
