Seq Scan on cast_info ci  (cost=0.00..705507.15 rows=12616367 width=0) (actual time=0.021..9553.845 rows=12563548 loops=1)
  Filter: (person_id < 1238683)
  Rows Removed by Filter: 23680796
Planning time: 0.343 ms
Execution time: 11143.688 ms
