Hash Join  (cost=102767.86..914750.85 rows=250696 width=0) (actual time=9730.672..14038.465 rows=75903 loops=1)
  Hash Cond: (ci.movie_id = t.id)
  ->  Seq Scan on cast_info ci  (cost=0.00..796071.18 rows=250696 width=4) (actual time=8129.213..11948.274 rows=75903 loops=1)
        Filter: ((person_id < 3180091) AND (role_id = 7))
        Rows Removed by Filter: 36168441
  ->  Hash  (cost=61283.27..61283.27 rows=2528527 width=4) (actual time=1600.428..1600.428 rows=2528312 loops=1)
        Buckets: 131072  Batches: 64  Memory Usage: 2415kB
        ->  Seq Scan on title t  (cost=0.00..61283.27 rows=2528527 width=4) (actual time=0.019..759.832 rows=2528312 loops=1)
Planning time: 0.880 ms
Execution time: 14048.272 ms
