Hash Join  (cost=99161.12..189142.54 rows=914163 width=0) (actual time=1705.560..3908.989 rows=984811 loops=1)
  Hash Cond: (mc.movie_id = t.id)
  ->  Seq Scan on movie_companies mc  (cost=0.00..57926.93 rows=1201769 width=4) (actual time=0.024..1073.251 rows=1150147 loops=1)
        Filter: ((company_id > 27) AND (company_type_id < 2))
        Rows Removed by Filter: 1458982
  ->  Hash  (cost=67604.59..67604.59 rows=1923403 width=4) (actual time=1704.542..1704.542 rows=1922849 loops=1)
        Buckets: 131072  Batches: 32  Memory Usage: 3132kB
        ->  Seq Scan on title t  (cost=0.00..67604.59 rows=1923403 width=4) (actual time=0.021..1089.127 rows=1922849 loops=1)
              Filter: (production_year < 2010)
              Rows Removed by Filter: 605463
Planning time: 0.783 ms
Execution time: 4024.540 ms
