Hash Join  (cost=52284.29..138950.39 rows=16 width=0) (actual time=763.873..2113.289 rows=172 loops=1)
  Hash Cond: (mk.movie_id = t.id)
  ->  Seq Scan on movie_keyword mk  (cost=0.00..81003.12 rows=1510084 width=4) (actual time=0.047..1226.699 rows=1528229 loops=1)
        Filter: (keyword_id > 10482)
        Rows Removed by Filter: 2995701
  ->  Hash  (cost=52283.95..52283.95 rows=27 width=8) (actual time=672.379..672.379 rows=29 loops=1)
        Buckets: 1024  Batches: 1  Memory Usage: 10kB
        ->  Nested Loop  (cost=0.43..52283.95 rows=27 width=8) (actual time=3.543..672.341 rows=29 loops=1)
              ->  Seq Scan on movie_companies mc  (cost=0.00..51404.11 rows=104 width=4) (actual time=0.470..652.128 rows=1124 loops=1)
                    Filter: (company_id = 125)
                    Rows Removed by Filter: 2608005
              ->  Index Scan using title_pkey on title t  (cost=0.43..8.45 rows=1 width=4) (actual time=0.017..0.017 rows=0 loops=1124)
                    Index Cond: (id = mc.movie_id)
                    Filter: (kind_id = 1)
                    Rows Removed by Filter: 1
Planning time: 1.191 ms
Execution time: 2113.477 ms
