Hash Join  (cost=170351.96..649266.16 rows=2093000 width=0) (actual time=3722.852..18593.664 rows=17148373 loops=1)
  Hash Cond: (mi.movie_id = t.id)
  ->  Seq Scan on movie_info mi  (cost=0.00..346232.03 rows=9476311 width=4) (actual time=0.013..5470.024 rows=9565151 loops=1)
        Filter: (info_type_id < 16)
        Rows Removed by Filter: 5270569
  ->  Hash  (cost=161189.13..161189.13 rows=558467 width=8) (actual time=3721.540..3721.540 rows=1230079 loops=1)
        Buckets: 131072 (originally 131072)  Batches: 16 (originally 8)  Memory Usage: 4077kB
        ->  Hash Join  (cost=83810.17..161189.13 rows=558467 width=8) (actual time=1249.242..3343.494 rows=1230079 loops=1)
              Hash Cond: (mc.movie_id = t.id)
              ->  Seq Scan on movie_companies mc  (cost=0.00..51404.11 rows=1429645 width=4) (actual time=0.027..792.159 rows=1434155 loops=1)
                    Filter: (company_id > 9969)
                    Rows Removed by Filter: 1174974
              ->  Hash  (cost=67604.59..67604.59 rows=987727 width=4) (actual time=1248.339..1248.339 rows=985048 loops=1)
                    Buckets: 131072  Batches: 16  Memory Usage: 3188kB
                    ->  Seq Scan on title t  (cost=0.00..67604.59 rows=987727 width=4) (actual time=0.018..937.461 rows=985048 loops=1)
                          Filter: (kind_id < 7)
                          Rows Removed by Filter: 1543264
Planning time: 1.588 ms
Execution time: 20420.490 ms
