Seq Scan on movie_companies mc  (cost=0.00..57926.93 rows=1127587 width=0) (actual time=162.461..748.380 rows=1274246 loops=1)
  Filter: ((company_id < 92692) AND (company_type_id = 1))
  Rows Removed by Filter: 1334883
Planning time: 0.354 ms
Execution time: 863.361 ms
