Seq Scan on movie_companies mc  (cost=0.00..51404.11 rows=104 width=0) (actual time=611.033..637.865 rows=7 loops=1)
  Filter: (company_id = 86397)
  Rows Removed by Filter: 2609122
Planning time: 0.364 ms
Execution time: 637.932 ms
