Nested Loop  (cost=0.43..709674.40 rows=269 width=0) (actual time=4640.831..8860.479 rows=90 loops=1)
  ->  Seq Scan on cast_info ci  (cost=0.00..705507.15 rows=500 width=4) (actual time=4640.477..8857.983 rows=102 loops=1)
        Filter: (person_id = 2058104)
        Rows Removed by Filter: 36244242
  ->  Index Scan using title_pkey on title t  (cost=0.43..8.32 rows=1 width=4) (actual time=0.023..0.023 rows=1 loops=102)
        Index Cond: (id = ci.movie_id)
        Filter: ((production_year > 1958) AND (kind_id = 7))
        Rows Removed by Filter: 0
Planning time: 0.861 ms
Execution time: 8860.624 ms
