Hash Join  (cost=74426.67..133944.95 rows=6451 width=0) (actual time=1036.380..1895.118 rows=4677 loops=1)
  Hash Cond: (mc.movie_id = t.id)
  ->  Seq Scan on movie_companies mc  (cost=0.00..57926.93 rows=407156 width=4) (actual time=202.289..871.649 rows=731503 loops=1)
        Filter: ((company_id > 29789) AND (company_type_id = 2))
        Rows Removed by Filter: 1877626
  ->  Hash  (cost=73925.90..73925.90 rows=40061 width=4) (actual time=832.888..832.888 rows=40120 loops=1)
        Buckets: 65536  Batches: 1  Memory Usage: 1923kB
        ->  Seq Scan on title t  (cost=0.00..73925.90 rows=40061 width=4) (actual time=0.040..817.245 rows=40120 loops=1)
              Filter: ((kind_id = 7) AND (production_year = 2013))
              Rows Removed by Filter: 2488192
Planning time: 0.795 ms
Execution time: 1895.941 ms
