Seq Scan on cast_info ci  (cost=0.00..705507.15 rows=13622096 width=0) (actual time=85.976..9517.821 rows=13585380 loops=1)
  Filter: (person_id < 1338276)
  Rows Removed by Filter: 22658964
Planning time: 0.319 ms
Execution time: 11157.112 ms
