Hash Join  (cost=75464.55..187343.06 rows=94767 width=0) (actual time=998.778..3206.559 rows=49193 loops=1)
  Hash Cond: (mk.movie_id = t.id)
  ->  Seq Scan on movie_keyword mk  (cost=0.00..81003.12 rows=2556457 width=4) (actual time=0.014..1381.232 rows=2550745 loops=1)
        Filter: (keyword_id > 3458)
        Rows Removed by Filter: 1973185
  ->  Hash  (cost=73925.90..73925.90 rows=93732 width=4) (actual time=997.836..997.836 rows=100592 loops=1)
        Buckets: 131072  Batches: 2  Memory Usage: 2797kB
        ->  Seq Scan on title t  (cost=0.00..73925.90 rows=93732 width=4) (actual time=0.080..958.660 rows=100592 loops=1)
              Filter: ((kind_id > 1) AND (production_year = 2009))
              Rows Removed by Filter: 2427720
Planning time: 0.789 ms
Execution time: 3213.536 ms
