Seq Scan on cast_info ci  (cost=0.00..796071.18 rows=13167228 width=0) (actual time=2447.370..11053.983 rows=19149835 loops=1)
  Filter: ((person_id > 1564030) AND (role_id > 1))
  Rows Removed by Filter: 17094509
Planning time: 0.353 ms
Execution time: 13169.163 ms
