Hash Join  (cost=856471.74..974591.33 rows=817488 width=0) (actual time=11419.082..15128.686 rows=5385494 loops=1)
  Hash Cond: (mk.movie_id = t.id)
  ->  Seq Scan on movie_keyword mk  (cost=0.00..81003.12 rows=2183088 width=4) (actual time=0.025..1240.390 rows=2183383 loops=1)
        Filter: (keyword_id < 4323)
        Rows Removed by Filter: 2340547
  ->  Hash  (cost=840937.21..840937.21 rows=946843 width=8) (actual time=11417.907..11417.907 rows=980104 loops=1)
        Buckets: 131072  Batches: 16  Memory Usage: 3439kB
        ->  Hash Join  (cost=102767.86..840937.21 rows=946843 width=8) (actual time=2815.753..11178.744 rows=980104 loops=1)
              Hash Cond: (ci.movie_id = t.id)
              ->  Seq Scan on cast_info ci  (cost=0.00..705507.15 rows=946843 width=4) (actual time=1179.616..8509.021 rows=980104 loops=1)
                    Filter: (person_id > 3873418)
                    Rows Removed by Filter: 35264240
              ->  Hash  (cost=61283.27..61283.27 rows=2528527 width=4) (actual time=1634.331..1634.331 rows=2528312 loops=1)
                    Buckets: 131072  Batches: 64  Memory Usage: 2415kB
                    ->  Seq Scan on title t  (cost=0.00..61283.27 rows=2528527 width=4) (actual time=0.017..785.994 rows=2528312 loops=1)
Planning time: 1.172 ms
Execution time: 15810.243 ms
