Hash Join  (cost=200739.55..1178958.11 rows=1509670 width=0) (actual time=6368.654..21115.822 rows=1223453 loops=1)
  Hash Cond: (ci.movie_id = t.id)
  ->  Seq Scan on cast_info ci  (cost=0.00..796071.18 rows=12948137 width=4) (actual time=2299.219..11543.871 rows=10939215 loops=1)
        Filter: ((person_id > 2082540) AND (role_id < 9))
        Rows Removed by Filter: 25305129
  ->  Hash  (cost=195902.42..195902.42 rows=294810 width=8) (actual time=4067.917..4067.917 rows=107578 loops=1)
        Buckets: 131072  Batches: 4  Memory Usage: 2000kB
        ->  Hash Join  (cost=70308.29..195902.42 rows=294810 width=8) (actual time=852.869..4032.628 rows=107578 loops=1)
              Hash Cond: (mk.movie_id = t.id)
              ->  Seq Scan on movie_keyword mk  (cost=0.00..69693.30 rows=4523930 width=4) (actual time=0.033..1052.321 rows=4523930 loops=1)
              ->  Hash  (cost=67604.59..67604.59 rows=164776 width=4) (actual time=851.715..851.715 rows=164307 loops=1)
                    Buckets: 131072  Batches: 4  Memory Usage: 2488kB
                    ->  Seq Scan on title t  (cost=0.00..67604.59 rows=164776 width=4) (actual time=0.026..793.035 rows=164307 loops=1)
                          Filter: (production_year = 2012)
                          Rows Removed by Filter: 2364005
Planning time: 1.190 ms
Execution time: 21231.672 ms
