Hash Join  (cost=229683.45..677309.42 rows=1860638 width=0) (actual time=5684.396..24499.045 rows=56910599 loops=1)
  Hash Cond: (mi.movie_id = t.id)
  ->  Seq Scan on movie_info mi  (cost=0.00..346232.03 rows=6231111 width=4) (actual time=882.937..4851.119 rows=6223494 loops=1)
        Filter: (info_type_id > 8)
        Rows Removed by Filter: 8612226
  ->  Hash  (cost=217295.58..217295.58 rows=755030 width=8) (actual time=4800.583..4800.583 rows=1178057 loops=1)
        Buckets: 131072  Batches: 16  Memory Usage: 4039kB
        ->  Hash Join  (cost=82008.92..217295.58 rows=755030 width=8) (actual time=996.721..4488.378 rows=1178057 loops=1)
              Hash Cond: (mk.movie_id = t.id)
              ->  Seq Scan on movie_keyword mk  (cost=0.00..81003.12 rows=3875263 width=4) (actual time=0.037..1540.609 rows=3864732 loops=1)
                    Filter: (keyword_id < 28524)
                    Rows Removed by Filter: 659198
              ->  Hash  (cost=73925.90..73925.90 rows=492641 width=4) (actual time=995.910..995.910 rows=420285 loops=1)
                    Buckets: 131072  Batches: 8  Memory Usage: 2876kB
                    ->  Seq Scan on title t  (cost=0.00..73925.90 rows=492641 width=4) (actual time=0.020..863.107 rows=420285 loops=1)
                          Filter: ((kind_id < 7) AND (production_year > 2002))
                          Rows Removed by Filter: 2108027
Planning time: 1.256 ms
Execution time: 30557.457 ms
