Seq Scan on movie_keyword mk  (cost=0.00..81003.12 rows=2204839 width=0) (actual time=0.027..1522.474 rows=2203811 loops=1)
  Filter: (keyword_id < 4437)
  Rows Removed by Filter: 2320119
Planning time: 0.355 ms
Execution time: 1798.297 ms
