Hash Join  (cost=79863.89..910712.73 rows=367513 width=0) (actual time=7197.619..13518.050 rows=1128420 loops=1)
  Hash Cond: (ci.movie_id = t.id)
  ->  Seq Scan on cast_info ci  (cost=0.00..796071.18 rows=2567608 width=4) (actual time=6304.895..9830.995 rows=5233362 loops=1)
        Filter: ((person_id < 701589) AND (role_id < 2))
        Rows Removed by Filter: 31010982
  ->  Hash  (cost=73925.90..73925.90 rows=361919 width=4) (actual time=891.816..891.816 rows=470371 loops=1)
        Buckets: 131072  Batches: 8  Memory Usage: 3103kB
        ->  Seq Scan on title t  (cost=0.00..73925.90 rows=361919 width=4) (actual time=0.032..761.778 rows=470371 loops=1)
              Filter: ((kind_id < 7) AND (production_year < 1998))
              Rows Removed by Filter: 2057941
Planning time: 0.855 ms
Execution time: 13666.952 ms
