Hash Join  (cost=155689.95..539484.81 rows=138516 width=0) (actual time=2474.052..8900.836 rows=820170 loops=1)
  Hash Cond: (mi.movie_id = t.id)
  ->  Seq Scan on movie_info mi  (cost=0.00..346232.03 rows=7235534 width=4) (actual time=146.173..4943.801 rows=7286865 loops=1)
        Filter: (info_type_id < 8)
        Rows Removed by Filter: 7548855
  ->  Hash  (cost=155084.87..155084.87 rows=48406 width=8) (actual time=2327.195..2327.195 rows=63524 loops=1)
        Buckets: 65536  Batches: 1  Memory Usage: 2994kB
        ->  Hash Join  (cost=67942.77..155084.87 rows=48406 width=8) (actual time=753.537..2308.196 rows=63524 loops=1)
              Hash Cond: (mk.movie_id = t.id)
              ->  Seq Scan on movie_keyword mk  (cost=0.00..69693.30 rows=4523930 width=4) (actual time=0.031..708.949 rows=4523930 loops=1)
              ->  Hash  (cost=67604.59..67604.59 rows=27055 width=4) (actual time=752.391..752.391 rows=26775 loops=1)
                    Buckets: 32768  Batches: 1  Memory Usage: 1198kB
                    ->  Seq Scan on title t  (cost=0.00..67604.59 rows=27055 width=4) (actual time=0.027..741.951 rows=26775 loops=1)
                          Filter: (production_year = 1993)
                          Rows Removed by Filter: 2501537
Planning time: 1.288 ms
Execution time: 9005.637 ms
