Hash Join  (cost=100885.02..155561.60 rows=1106 width=0) (actual time=1424.960..2378.077 rows=19844 loops=1)
  Hash Cond: (mc.movie_id = t.id)
  ->  Seq Scan on movie_companies mc  (cost=0.00..44881.29 rows=2609129 width=4) (actual time=0.011..446.945 rows=2609129 loops=1)
  ->  Hash  (cost=100871.63..100871.63 rows=1071 width=8) (actual time=1424.815..1424.815 rows=5298 loops=1)
        Buckets: 8192 (originally 2048)  Batches: 1 (originally 1)  Memory Usage: 271kB
        ->  Hash Join  (cost=73950.44..100871.63 rows=1071 width=8) (actual time=892.317..1422.604 rows=5298 loops=1)
              Hash Cond: (mi_idx.movie_id = t.id)
              ->  Seq Scan on movie_info_idx mi_idx  (cost=0.00..21735.35 rows=1380035 width=4) (actual time=0.013..236.037 rows=1380035 loops=1)
              ->  Hash  (cost=73925.90..73925.90 rows=1963 width=4) (actual time=892.273..892.273 rows=4142 loops=1)
                    Buckets: 8192 (originally 2048)  Batches: 1 (originally 1)  Memory Usage: 210kB
                    ->  Seq Scan on title t  (cost=0.00..73925.90 rows=1963 width=4) (actual time=363.705..890.299 rows=4142 loops=1)
                          Filter: ((kind_id = 1) AND (production_year = 1973))
                          Rows Removed by Filter: 2524170
Planning time: 1.348 ms
Execution time: 2381.050 ms
