Nested Loop  (cost=0.43..799579.33 rows=420 width=0) (actual time=3045.302..12262.284 rows=234 loops=1)
  ->  Seq Scan on cast_info ci  (cost=0.00..796071.18 rows=420 width=4) (actual time=3045.206..12258.350 rows=234 loops=1)
        Filter: ((role_id < 9) AND (person_id = 132333))
        Rows Removed by Filter: 36244110
  ->  Index Only Scan using title_pkey on title t  (cost=0.43..8.34 rows=1 width=4) (actual time=0.015..0.016 rows=1 loops=234)
        Index Cond: (id = ci.movie_id)
        Heap Fetches: 234
Planning time: 0.711 ms
Execution time: 12262.423 ms
