Hash Join  (cost=212554.49..702245.47 rows=2772261 width=0) (actual time=4414.155..38134.574 rows=112254294 loops=1)
  Hash Cond: (mi.movie_id = t.id)
  ->  Seq Scan on movie_info mi  (cost=0.00..346232.03 rows=9767026 width=4) (actual time=0.017..5125.675 rows=9911754 loops=1)
        Filter: (info_type_id > 4)
        Rows Removed by Filter: 4923966
  ->  Hash  (cost=200779.31..200779.31 rows=717694 width=8) (actual time=4412.764..4412.764 rows=1745463 loops=1)
        Buckets: 131072 (originally 131072)  Batches: 32 (originally 16)  Memory Usage: 3233kB
        ->  Hash Join  (cost=78556.72..200779.31 rows=717694 width=8) (actual time=1109.819..3945.884 rows=1745463 loops=1)
              Hash Cond: (mk.movie_id = t.id)
              ->  Seq Scan on movie_keyword mk  (cost=0.00..81003.12 rows=2718539 width=4) (actual time=0.014..1249.243 rows=2718715 loops=1)
                    Filter: (keyword_id < 7687)
                    Rows Removed by Filter: 1805215
              ->  Hash  (cost=67604.59..67604.59 rows=667531 width=4) (actual time=1108.981..1108.981 rows=662825 loops=1)
                    Buckets: 131072  Batches: 16  Memory Usage: 2486kB
                    ->  Seq Scan on title t  (cost=0.00..67604.59 rows=667531 width=4) (actual time=197.122..902.101 rows=662825 loops=1)
                          Filter: (kind_id = 1)
                          Rows Removed by Filter: 1865487
Planning time: 1.138 ms
Execution time: 50124.129 ms
