Nested Loop  (cost=0.43..83072.90 rows=31 width=0) (actual time=804.906..1120.620 rows=5 loops=1)
  ->  Seq Scan on movie_keyword mk  (cost=0.00..81003.12 rows=246 width=4) (actual time=0.321..1089.044 rows=1665 loops=1)
        Filter: (keyword_id = 5537)
        Rows Removed by Filter: 4522265
  ->  Index Scan using title_pkey on title t  (cost=0.43..8.40 rows=1 width=4) (actual time=0.018..0.018 rows=0 loops=1665)
        Index Cond: (id = mk.movie_id)
        Filter: ((production_year < 1980) AND (kind_id = 7))
        Rows Removed by Filter: 1
Planning time: 0.791 ms
Execution time: 1120.731 ms
