Hash Join  (cost=143818.44..233519.10 rows=74699 width=0) (actual time=3306.182..5002.550 rows=354410 loops=1)
  Hash Cond: (mk.movie_id = t.id)
  ->  Seq Scan on movie_keyword mk  (cost=0.00..81003.12 rows=576944 width=4) (actual time=0.034..1320.806 rows=578959 loops=1)
        Filter: (keyword_id < 411)
        Rows Removed by Filter: 3944971
  ->  Hash  (cost=138447.20..138447.20 rows=327379 width=8) (actual time=3305.207..3305.207 rows=375691 loops=1)
        Buckets: 131072  Batches: 8  Memory Usage: 2877kB
        ->  Hash Join  (cost=97066.09..138447.20 rows=327379 width=8) (actual time=1959.752..3179.060 rows=375691 loops=1)
              Hash Cond: (mi_idx.movie_id = t.id)
              ->  Seq Scan on movie_info_idx mi_idx  (cost=0.00..25185.44 rows=460978 width=4) (actual time=0.010..491.431 rows=459925 loops=1)
                    Filter: (info_type_id < 100)
                    Rows Removed by Filter: 920110
              ->  Hash  (cost=67604.59..67604.59 rows=1795720 width=4) (actual time=1958.670..1958.670 rows=1794153 loops=1)
                    Buckets: 131072  Batches: 32  Memory Usage: 2992kB
                    ->  Seq Scan on title t  (cost=0.00..67604.59 rows=1795720 width=4) (actual time=0.023..1368.649 rows=1794153 loops=1)
                          Filter: (production_year < 2009)
                          Rows Removed by Filter: 734159
Planning time: 1.217 ms
Execution time: 5037.589 ms
