Hash Join  (cost=76444.38..155539.22 rows=135116 width=0) (actual time=1164.547..3003.661 rows=137374 loops=1)
  Hash Cond: (mc.movie_id = t.id)
  ->  Seq Scan on movie_companies mc  (cost=0.00..51404.11 rows=2226017 width=4) (actual time=0.007..879.472 rows=2222457 loops=1)
        Filter: (company_id < 83506)
        Rows Removed by Filter: 386672
  ->  Hash  (cost=73925.90..73925.90 rows=153478 width=4) (actual time=1163.710..1163.710 rows=134760 loops=1)
        Buckets: 131072  Batches: 4  Memory Usage: 2216kB
        ->  Seq Scan on title t  (cost=0.00..73925.90 rows=153478 width=4) (actual time=0.084..855.446 rows=134760 loops=1)
              Filter: ((kind_id < 7) AND (production_year > 2010))
              Rows Removed by Filter: 2393552
Planning time: 0.753 ms
Execution time: 3022.902 ms
