Seq Scan on movie_companies mc  (cost=0.00..51404.11 rows=104 width=0) (actual time=1.366..600.491 rows=148 loops=1)
  Filter: (company_id = 9327)
  Rows Removed by Filter: 2608981
Planning time: 0.316 ms
Execution time: 600.600 ms
