Hash Join  (cost=114767.63..237582.23 rows=162853 width=0) (actual time=2013.704..4434.572 rows=1940888 loops=1)
  Hash Cond: (mk.movie_id = t.id)
  ->  Seq Scan on movie_keyword mk  (cost=0.00..81003.12 rows=3434653 width=4) (actual time=0.019..1100.709 rows=3429799 loops=1)
        Filter: (keyword_id > 1116)
        Rows Removed by Filter: 1094131
  ->  Hash  (cost=112800.02..112800.02 rows=119889 width=8) (actual time=1884.284..1884.284 rows=209880 loops=1)
        Buckets: 131072 (originally 131072)  Batches: 4 (originally 2)  Memory Usage: 3084kB
        ->  Hash Join  (cost=78556.72..112800.02 rows=119889 width=8) (actual time=1068.580..1826.151 rows=209880 loops=1)
              Hash Cond: (mi_idx.movie_id = t.id)
              ->  Seq Scan on movie_info_idx mi_idx  (cost=0.00..25185.44 rows=454124 width=4) (actual time=0.018..410.574 rows=459925 loops=1)
                    Filter: (info_type_id = 100)
                    Rows Removed by Filter: 920110
              ->  Hash  (cost=67604.59..67604.59 rows=667531 width=4) (actual time=1067.651..1067.651 rows=662825 loops=1)
                    Buckets: 131072  Batches: 16  Memory Usage: 2476kB
                    ->  Seq Scan on title t  (cost=0.00..67604.59 rows=667531 width=4) (actual time=156.795..856.909 rows=662825 loops=1)
                          Filter: (kind_id < 2)
                          Rows Removed by Filter: 1865487
Planning time: 1.155 ms
Execution time: 4629.025 ms
