Hash Join  (cost=67697.55..890688.40 rows=20950 width=0) (actual time=4058.161..12035.287 rows=41616 loops=1)
  Hash Cond: (ci.movie_id = t.id)
  ->  Seq Scan on cast_info ci  (cost=0.00..796071.18 rows=7122712 width=4) (actual time=3232.205..10222.601 rows=4420967 loops=1)
        Filter: ((person_id < 1563855) AND (role_id > 2))
        Rows Removed by Filter: 31823377
  ->  Hash  (cost=67604.59..67604.59 rows=7437 width=4) (actual time=824.756..824.756 rows=20122 loops=1)
        Buckets: 32768 (originally 8192)  Batches: 1 (originally 1)  Memory Usage: 964kB
        ->  Seq Scan on title t  (cost=0.00..67604.59 rows=7437 width=4) (actual time=0.039..815.524 rows=20122 loops=1)
              Filter: (production_year = 1987)
              Rows Removed by Filter: 2508190
Planning time: 1.498 ms
Execution time: 12042.265 ms
