Hash Join  (cost=102767.86..184535.68 rows=851305 width=0) (actual time=1510.915..3182.376 rows=859124 loops=1)
  Hash Cond: (mc.movie_id = t.id)
  ->  Seq Scan on movie_companies mc  (cost=0.00..51404.11 rows=851305 width=4) (actual time=0.022..744.749 rows=859124 loops=1)
        Filter: (company_id > 24392)
        Rows Removed by Filter: 1750005
  ->  Hash  (cost=61283.27..61283.27 rows=2528527 width=4) (actual time=1509.269..1509.269 rows=2528312 loops=1)
        Buckets: 131072  Batches: 64  Memory Usage: 2415kB
        ->  Seq Scan on title t  (cost=0.00..61283.27 rows=2528527 width=4) (actual time=0.019..739.975 rows=2528312 loops=1)
Planning time: 0.748 ms
Execution time: 3260.477 ms
