Seq Scan on movie_companies mc  (cost=0.00..57926.93 rows=1005413 width=0) (actual time=177.346..860.244 rows=862437 loops=1)
  Filter: ((company_id > 579) AND (company_type_id < 2))
  Rows Removed by Filter: 1746692
Planning time: 0.336 ms
Execution time: 966.875 ms
