Hash Join  (cost=303991.60..1259455.32 rows=6628772 width=0) (actual time=6361.724..25197.074 rows=23448778 loops=1)
  Hash Cond: (ci.movie_id = t.id)
  ->  Seq Scan on cast_info ci  (cost=0.00..796071.18 rows=5820772 width=4) (actual time=111.719..10800.889 rows=6914242 loops=1)
        Filter: ((person_id < 852392) AND (role_id < 4))
        Rows Removed by Filter: 29330102
  ->  Hash  (cost=256748.60..256748.60 rows=2879520 width=8) (actual time=6247.918..6247.918 rows=2428089 loops=1)
        Buckets: 131072  Batches: 64  Memory Usage: 2487kB
        ->  Hash Join  (cost=94009.45..256748.60 rows=2879520 width=8) (actual time=1482.715..5536.547 rows=2428089 loops=1)
              Hash Cond: (mk.movie_id = t.id)
              ->  Seq Scan on movie_keyword mk  (cost=0.00..69693.30 rows=4523930 width=4) (actual time=0.026..1172.617 rows=4523930 loops=1)
              ->  Hash  (cost=67604.59..67604.59 rows=1609429 width=4) (actual time=1481.381..1481.381 rows=1607077 loops=1)
                    Buckets: 131072  Batches: 32  Memory Usage: 2799kB
                    ->  Seq Scan on title t  (cost=0.00..67604.59 rows=1609429 width=4) (actual time=0.018..977.616 rows=1607077 loops=1)
                          Filter: (production_year > 1995)
                          Rows Removed by Filter: 921235
Planning time: 1.246 ms
Execution time: 27229.161 ms
