Hash Join  (cost=85000.09..1218142.34 rows=9670208 width=0) (actual time=1647.156..35540.395 rows=11455424 loops=1)
  Hash Cond: (ci.movie_id = t.id)
  ->  Seq Scan on cast_info ci  (cost=0.00..614943.12 rows=36225612 width=4) (actual time=0.022..13291.540 rows=36244344 loops=1)
  ->  Hash  (cost=73925.90..73925.90 rows=674975 width=4) (actual time=1646.259..1646.259 rows=739679 loops=1)
        Buckets: 131072  Batches: 16  Memory Usage: 2654kB
        ->  Seq Scan on title t  (cost=0.00..73925.90 rows=674975 width=4) (actual time=0.025..1406.683 rows=739679 loops=1)
              Filter: ((production_year > 2004) AND (kind_id = 7))
              Rows Removed by Filter: 1788633
Planning time: 0.768 ms
Execution time: 36871.300 ms
