Seq Scan on movie_keyword mk  (cost=0.00..81003.12 rows=246 width=0) (actual time=3.691..1002.685 rows=428 loops=1)
  Filter: (keyword_id = 33465)
  Rows Removed by Filter: 4523502
Planning time: 0.352 ms
Execution time: 1002.960 ms
