Hash Join  (cost=102767.86..221820.99 rows=2400801 width=0) (actual time=1629.427..4600.665 rows=2399684 loops=1)
  Hash Cond: (mc.movie_id = t.id)
  ->  Seq Scan on movie_companies mc  (cost=0.00..51404.11 rows=2400801 width=4) (actual time=0.031..823.681 rows=2399684 loops=1)
        Filter: (company_id < 110695)
        Rows Removed by Filter: 209445
  ->  Hash  (cost=61283.27..61283.27 rows=2528527 width=4) (actual time=1628.642..1628.642 rows=2528312 loops=1)
        Buckets: 131072  Batches: 64  Memory Usage: 2415kB
        ->  Seq Scan on title t  (cost=0.00..61283.27 rows=2528527 width=4) (actual time=0.010..813.718 rows=2528312 loops=1)
Planning time: 0.769 ms
Execution time: 4880.818 ms
