Hash Join  (cost=98595.81..1306746.29 rows=18241489 width=0) (actual time=1745.146..31409.920 rows=18924489 loops=1)
  Hash Cond: (ci.movie_id = t.id)
  ->  Seq Scan on cast_info ci  (cost=0.00..705507.15 rows=24417488 width=4) (actual time=0.133..12026.723 rows=24358082 loops=1)
        Filter: (person_id < 2501852)
        Rows Removed by Filter: 11886262
  ->  Hash  (cost=67604.59..67604.59 rows=1888978 width=4) (actual time=1616.507..1616.507 rows=1887769 loops=1)
        Buckets: 131072  Batches: 32  Memory Usage: 3106kB
        ->  Seq Scan on title t  (cost=0.00..67604.59 rows=1888978 width=4) (actual time=0.010..1014.126 rows=1887769 loops=1)
              Filter: (production_year > 1983)
              Rows Removed by Filter: 640543
Planning time: 0.791 ms
Execution time: 33399.001 ms
