Seq Scan on title t  (cost=0.00..73925.90 rows=228902 width=0) (actual time=0.040..872.462 rows=99782 loops=1)
  Filter: ((kind_id > 1) AND (production_year < 1966))
  Rows Removed by Filter: 2428530
Planning time: 0.297 ms
Execution time: 887.141 ms
