Nested Loop  (cost=0.43..58358.27 rows=51 width=0) (actual time=0.180..843.834 rows=326 loops=1)
  ->  Seq Scan on movie_companies mc  (cost=0.00..57926.93 rows=51 width=4) (actual time=0.112..832.850 rows=326 loops=1)
        Filter: ((company_type_id < 2) AND (company_id = 11378))
        Rows Removed by Filter: 2608803
  ->  Index Only Scan using title_pkey on title t  (cost=0.43..8.45 rows=1 width=4) (actual time=0.032..0.033 rows=1 loops=326)
        Index Cond: (id = mc.movie_id)
        Heap Fetches: 326
Planning time: 1.528 ms
Execution time: 844.032 ms
