Hash Join  (cost=73931.97..163448.79 rows=435 width=0) (actual time=879.970..2346.455 rows=68 loops=1)
  Hash Cond: (mk.movie_id = t.id)
  ->  Seq Scan on movie_keyword mk  (cost=0.00..81003.12 rows=2269158 width=4) (actual time=0.033..1202.524 rows=2264786 loops=1)
        Filter: (keyword_id > 4680)
        Rows Removed by Filter: 2259144
  ->  Hash  (cost=73925.90..73925.90 rows=485 width=4) (actual time=842.925..842.925 rows=298 loops=1)
        Buckets: 1024  Batches: 1  Memory Usage: 19kB
        ->  Seq Scan on title t  (cost=0.00..73925.90 rows=485 width=4) (actual time=18.512..842.647 rows=298 loops=1)
              Filter: ((kind_id > 1) AND (production_year > 2013))
              Rows Removed by Filter: 2528014
Planning time: 3.404 ms
Execution time: 2346.571 ms
