Hash Join  (cost=204478.52..746417.06 rows=5822961 width=0) (actual time=3788.499..17668.919 rows=17762300 loops=1)
  Hash Cond: (mi.movie_id = t.id)
  ->  Seq Scan on movie_info mi  (cost=0.00..309384.22 rows=14739122 width=4) (actual time=0.014..4086.287 rows=14835720 loops=1)
  ->  Hash  (cost=188088.76..188088.76 rows=998941 width=8) (actual time=3787.686..3787.686 rows=1006935 loops=1)
        Buckets: 131072  Batches: 16  Memory Usage: 3507kB
        ->  Hash Join  (cost=102767.86..188088.76 rows=998941 width=8) (actual time=1375.400..3452.333 rows=1006935 loops=1)
              Hash Cond: (mc.movie_id = t.id)
              ->  Seq Scan on movie_companies mc  (cost=0.00..51404.11 rows=998941 width=4) (actual time=0.020..778.925 rows=1006935 loops=1)
                    Filter: (company_id > 16432)
                    Rows Removed by Filter: 1602194
              ->  Hash  (cost=61283.27..61283.27 rows=2528527 width=4) (actual time=1374.588..1374.588 rows=2528312 loops=1)
                    Buckets: 131072  Batches: 64  Memory Usage: 2415kB
                    ->  Seq Scan on title t  (cost=0.00..61283.27 rows=2528527 width=4) (actual time=0.013..654.532 rows=2528312 loops=1)
Planning time: 0.750 ms
Execution time: 19187.374 ms
