Hash Join  (cost=97334.48..184337.82 rows=34531 width=0) (actual time=1500.947..2966.254 rows=13284 loops=1)
  Hash Cond: (mk.movie_id = t.id)
  ->  Seq Scan on movie_keyword mk  (cost=0.00..69693.30 rows=4523930 width=4) (actual time=0.026..696.286 rows=4523930 loops=1)
  ->  Hash  (cost=97093.23..97093.23 rows=19300 width=8) (actual time=1500.547..1500.547 rows=8110 loops=1)
        Buckets: 32768  Batches: 1  Memory Usage: 573kB
        ->  Hash Join  (cost=68268.32..97093.23 rows=19300 width=8) (actual time=923.600..1497.234 rows=8110 loops=1)
              Hash Cond: (mi_idx.movie_id = t.id)
              ->  Seq Scan on movie_info_idx mi_idx  (cost=0.00..25185.44 rows=919057 width=4) (actual time=0.023..433.727 rows=920110 loops=1)
                    Filter: (info_type_id > 99)
                    Rows Removed by Filter: 459925
              ->  Hash  (cost=67604.59..67604.59 rows=53099 width=4) (actual time=834.760..834.760 rows=51722 loops=1)
                    Buckets: 65536  Batches: 1  Memory Usage: 2331kB
                    ->  Seq Scan on title t  (cost=0.00..67604.59 rows=53099 width=4) (actual time=0.022..815.367 rows=51722 loops=1)
                          Filter: (production_year < 1914)
                          Rows Removed by Filter: 2476590
Planning time: 1.077 ms
Execution time: 2968.343 ms
