Seq Scan on movie_keyword mk  (cost=0.00..81003.12 rows=4351272 width=0) (actual time=0.022..1185.719 rows=4356423 loops=1)
  Filter: (keyword_id < 72277)
  Rows Removed by Filter: 167507
Planning time: 0.304 ms
Execution time: 1682.459 ms
