Hash Join  (cost=83074.05..447738.19 rows=821 width=0) (actual time=911.023..5942.640 rows=57823 loops=1)
  Hash Cond: (mi.movie_id = t.id)
  ->  Seq Scan on movie_info mi  (cost=0.00..309384.22 rows=14739122 width=4) (actual time=0.013..2477.027 rows=14835720 loops=1)
  ->  Hash  (cost=83072.29..83072.29 rows=141 width=8) (actual time=910.572..910.572 rows=1383 loops=1)
        Buckets: 2048 (originally 1024)  Batches: 1 (originally 1)  Memory Usage: 71kB
        ->  Nested Loop  (cost=0.43..83072.29 rows=141 width=8) (actual time=0.537..909.642 rows=1383 loops=1)
              ->  Seq Scan on movie_keyword mk  (cost=0.00..81003.12 rows=246 width=4) (actual time=0.470..874.905 rows=1710 loops=1)
                    Filter: (keyword_id = 2529)
                    Rows Removed by Filter: 4522220
              ->  Index Scan using title_pkey on title t  (cost=0.43..8.40 rows=1 width=4) (actual time=0.019..0.019 rows=1 loops=1710)
                    Index Cond: (id = mk.movie_id)
                    Filter: (production_year < 2006)
                    Rows Removed by Filter: 0
Planning time: 1.150 ms
Execution time: 5950.910 ms
