Hash Join  (cost=74311.74..135615.42 rows=10646 width=0) (actual time=1199.147..2081.972 rows=4002 loops=1)
  Hash Cond: (mc.movie_id = t.id)
  ->  Seq Scan on movie_companies mc  (cost=0.00..57926.93 rows=872076 width=4) (actual time=268.295..921.864 rows=1184862 loops=1)
        Filter: ((company_id < 26269) AND (company_type_id < 2))
        Rows Removed by Filter: 1424267
  ->  Hash  (cost=73925.90..73925.90 rows=30867 width=4) (actual time=930.523..930.523 rows=34773 loops=1)
        Buckets: 65536 (originally 32768)  Batches: 1 (originally 1)  Memory Usage: 1735kB
        ->  Seq Scan on title t  (cost=0.00..73925.90 rows=30867 width=4) (actual time=0.043..915.613 rows=34773 loops=1)
              Filter: ((kind_id = 7) AND (production_year = 1999))
              Rows Removed by Filter: 2493539
Planning time: 0.745 ms
Execution time: 2082.630 ms
