Seq Scan on movie_keyword mk  (cost=0.00..81003.12 rows=1550733 width=0) (actual time=0.017..1181.085 rows=1555679 loops=1)
  Filter: (keyword_id < 2321)
  Rows Removed by Filter: 2968251
Planning time: 0.305 ms
Execution time: 1386.718 ms
