Nested Loop  (cost=0.43..83071.67 rows=246 width=0) (actual time=27.189..800.297 rows=51 loops=1)
  ->  Seq Scan on movie_keyword mk  (cost=0.00..81003.12 rows=246 width=4) (actual time=27.119..798.228 rows=51 loops=1)
        Filter: (keyword_id = 31292)
        Rows Removed by Filter: 4523879
  ->  Index Only Scan using title_pkey on title t  (cost=0.43..8.40 rows=1 width=4) (actual time=0.036..0.037 rows=1 loops=51)
        Index Cond: (id = mk.movie_id)
        Heap Fetches: 51
Planning time: 0.760 ms
Execution time: 800.386 ms
