Seq Scan on movie_companies mc  (cost=0.00..57926.93 rows=1247418 width=0) (actual time=0.013..1174.503 rows=1214106 loops=1)
  Filter: ((company_id > 7) AND (company_type_id < 2))
  Rows Removed by Filter: 1395023
Planning time: 0.328 ms
Execution time: 1323.693 ms
