Seq Scan on cast_info ci  (cost=0.00..705507.15 rows=500 width=0) (actual time=1389.468..8162.118 rows=512 loops=1)
  Filter: (person_id = 94127)
  Rows Removed by Filter: 36243832
Planning time: 0.378 ms
Execution time: 8162.305 ms
