Hash Join  (cost=160446.76..295392.97 rows=439895 width=0) (actual time=3206.921..9435.803 rows=16148008 loops=1)
  Hash Cond: (mk.movie_id = t.id)
  ->  Seq Scan on movie_keyword mk  (cost=0.00..81003.12 rows=4195236 width=4) (actual time=0.026..1368.463 rows=4196713 loops=1)
        Filter: (keyword_id < 50300)
        Rows Removed by Filter: 327217
  ->  Hash  (cost=156096.62..156096.62 rows=265131 width=8) (actual time=3206.097..3206.097 rows=611258 loops=1)
        Buckets: 131072 (originally 131072)  Batches: 8 (originally 4)  Memory Usage: 4051kB
        ->  Hash Join  (cost=83810.17..156096.62 rows=265131 width=8) (actual time=1565.650..3049.221 rows=611258 loops=1)
              Hash Cond: (mc.movie_id = t.id)
              ->  Seq Scan on movie_companies mc  (cost=0.00..57926.93 rows=678721 width=4) (actual time=345.532..856.393 rows=928097 loops=1)
                    Filter: ((company_id < 11814) AND (company_type_id = 1))
                    Rows Removed by Filter: 1681032
              ->  Hash  (cost=67604.59..67604.59 rows=987727 width=4) (actual time=1219.314..1219.314 rows=985048 loops=1)
                    Buckets: 131072  Batches: 16  Memory Usage: 3188kB
                    ->  Seq Scan on title t  (cost=0.00..67604.59 rows=987727 width=4) (actual time=0.050..900.128 rows=985048 loops=1)
                          Filter: (kind_id < 7)
                          Rows Removed by Filter: 1543264
Planning time: 1.194 ms
Execution time: 11086.927 ms
