Hash Join  (cost=148103.23..254140.83 rows=95478 width=0) (actual time=2880.211..4539.246 rows=457795 loops=1)
  Hash Cond: (mk.movie_id = t.id)
  ->  Seq Scan on movie_keyword mk  (cost=0.00..81003.12 rows=2042585 width=4) (actual time=0.026..1217.649 rows=2046795 loops=1)
        Filter: (keyword_id < 3658)
        Rows Removed by Filter: 2477135
  ->  Hash  (cost=146163.82..146163.82 rows=118193 width=8) (actual time=2579.047..2579.047 rows=159504 loops=1)
        Buckets: 131072 (originally 131072)  Batches: 4 (originally 2)  Memory Usage: 3073kB
        ->  Hash Join  (cost=69484.36..146163.82 rows=118193 width=8) (actual time=988.953..2516.671 rows=159504 loops=1)
              Hash Cond: (mc.movie_id = t.id)
              ->  Seq Scan on movie_companies mc  (cost=0.00..44881.29 rows=2609129 width=4) (actual time=0.014..644.862 rows=2609129 loops=1)
              ->  Hash  (cost=67604.59..67604.59 rows=114542 width=4) (actual time=832.702..832.702 rows=118234 loops=1)
                    Buckets: 131072  Batches: 2  Memory Usage: 3101kB
                    ->  Seq Scan on title t  (cost=0.00..67604.59 rows=114542 width=4) (actual time=287.088..790.575 rows=118234 loops=1)
                          Filter: (kind_id = 4)
                          Rows Removed by Filter: 2410078
Planning time: 1.165 ms
Execution time: 4579.851 ms
