Seq Scan on movie_keyword mk  (cost=0.00..81003.12 rows=4418183 width=0) (actual time=0.014..1257.099 rows=4419587 loops=1)
  Filter: (keyword_id < 81271)
  Rows Removed by Filter: 104343
Planning time: 0.287 ms
Execution time: 1793.042 ms
