Hash Join  (cost=231983.72..1157906.16 rows=4815696 width=0) (actual time=4543.449..29228.468 rows=48527972 loops=1)
  Hash Cond: (ci.movie_id = t.id)
  ->  Seq Scan on cast_info ci  (cost=0.00..705507.15 rows=14616351 width=4) (actual time=0.020..10008.053 rows=14536592 loops=1)
        Filter: (person_id < 1432139)
        Rows Removed by Filter: 21707752
  ->  Hash  (cost=218315.20..218315.20 rows=833082 width=8) (actual time=4541.868..4541.868 rows=1745441 loops=1)
        Buckets: 131072 (originally 131072)  Batches: 32 (originally 16)  Memory Usage: 3075kB
        ->  Hash Join  (cost=83060.47..218315.20 rows=833082 width=8) (actual time=970.405..4125.027 rows=1745441 loops=1)
              Hash Cond: (mk.movie_id = t.id)
              ->  Seq Scan on movie_keyword mk  (cost=0.00..81003.12 rows=3783410 width=4) (actual time=0.016..1339.093 rows=3780651 loops=1)
                    Filter: (keyword_id > 674)
                    Rows Removed by Filter: 743279
              ->  Hash  (cost=73925.90..73925.90 rows=556765 width=4) (actual time=969.666..969.666 rows=434157 loops=1)
                    Buckets: 131072  Batches: 8  Memory Usage: 2953kB
                    ->  Seq Scan on title t  (cost=0.00..73925.90 rows=556765 width=4) (actual time=22.021..850.319 rows=434157 loops=1)
                          Filter: ((production_year > 1968) AND (kind_id = 1))
                          Rows Removed by Filter: 2094155
Planning time: 1.115 ms
Execution time: 33374.944 ms
