Seq Scan on cast_info ci  (cost=0.00..705507.15 rows=24108771 width=0) (actual time=0.017..9814.523 rows=24064226 loops=1)
  Filter: (person_id < 2468367)
  Rows Removed by Filter: 12180118
Planning time: 0.310 ms
Execution time: 12720.801 ms
