Seq Scan on cast_info ci  (cost=0.00..705507.15 rows=500 width=0) (actual time=3459.481..8221.335 rows=22 loops=1)
  Filter: (person_id = 2748287)
  Rows Removed by Filter: 36244322
Planning time: 0.353 ms
Execution time: 8221.435 ms
