Nested Loop  (cost=0.43..83071.67 rows=246 width=0) (actual time=169.320..1014.218 rows=82 loops=1)
  ->  Seq Scan on movie_keyword mk  (cost=0.00..81003.12 rows=246 width=4) (actual time=169.254..1012.894 rows=82 loops=1)
        Filter: (keyword_id = 33738)
        Rows Removed by Filter: 4523848
  ->  Index Only Scan using title_pkey on title t  (cost=0.43..8.40 rows=1 width=4) (actual time=0.015..0.015 rows=1 loops=82)
        Index Cond: (id = mk.movie_id)
        Heap Fetches: 82
Planning time: 0.702 ms
Execution time: 1014.302 ms
