Nested Loop  (cost=0.43..83071.67 rows=246 width=0) (actual time=0.594..953.972 rows=327 loops=1)
  ->  Seq Scan on movie_keyword mk  (cost=0.00..81003.12 rows=246 width=4) (actual time=0.533..945.449 rows=327 loops=1)
        Filter: (keyword_id = 2367)
        Rows Removed by Filter: 4523603
  ->  Index Only Scan using title_pkey on title t  (cost=0.43..8.40 rows=1 width=4) (actual time=0.024..0.024 rows=1 loops=327)
        Index Cond: (id = mk.movie_id)
        Heap Fetches: 327
Planning time: 0.798 ms
Execution time: 954.198 ms
