Seq Scan on title t  (cost=0.00..73925.90 rows=40394 width=0) (actual time=0.028..766.195 rows=40264 loops=1)
  Filter: ((kind_id > 4) AND (production_year = 2013))
  Rows Removed by Filter: 2488048
Planning time: 0.363 ms
Execution time: 772.894 ms
