Hash Join  (cost=207075.80..348739.10 rows=1613726 width=0) (actual time=4014.267..11846.984 rows=25717755 loops=1)
  Hash Cond: (mk.movie_id = t.id)
  ->  Seq Scan on movie_keyword mk  (cost=0.00..69693.30 rows=4523930 width=4) (actual time=0.021..1025.346 rows=4523930 loops=1)
  ->  Hash  (cost=192277.45..192277.45 rows=901948 width=8) (actual time=4013.030..4013.030 rows=1211980 loops=1)
        Buckets: 131072  Batches: 16  Memory Usage: 4033kB
        ->  Hash Join  (cost=102767.86..192277.45 rows=901948 width=8) (actual time=1538.477..3665.795 rows=1211980 loops=1)
              Hash Cond: (mc.movie_id = t.id)
              ->  Seq Scan on movie_companies mc  (cost=0.00..57926.93 rows=901948 width=4) (actual time=24.162..905.643 rows=1211980 loops=1)
                    Filter: ((company_id < 33283) AND (company_type_id = 1))
                    Rows Removed by Filter: 1397149
              ->  Hash  (cost=61283.27..61283.27 rows=2528527 width=4) (actual time=1512.986..1512.986 rows=2528312 loops=1)
                    Buckets: 131072  Batches: 64  Memory Usage: 2415kB
                    ->  Seq Scan on title t  (cost=0.00..61283.27 rows=2528527 width=4) (actual time=0.019..709.011 rows=2528312 loops=1)
Planning time: 1.101 ms
Execution time: 14354.295 ms
