Hash Join  (cost=74478.21..163223.14 rows=34469 width=0) (actual time=792.849..2248.593 rows=67624 loops=1)
  Hash Cond: (mk.movie_id = t.id)
  ->  Seq Scan on movie_keyword mk  (cost=0.00..81003.12 rows=1972565 width=4) (actual time=0.026..1113.009 rows=1975260 loops=1)
        Filter: (keyword_id < 3474)
        Rows Removed by Filter: 2548670
  ->  Hash  (cost=73925.90..73925.90 rows=44184 width=4) (actual time=792.365..792.365 rows=35489 loops=1)
        Buckets: 65536  Batches: 1  Memory Usage: 1760kB
        ->  Seq Scan on title t  (cost=0.00..73925.90 rows=44184 width=4) (actual time=0.025..779.100 rows=35489 loops=1)
              Filter: ((kind_id < 7) AND (production_year = 2007))
              Rows Removed by Filter: 2492823
Planning time: 0.746 ms
Execution time: 2258.146 ms
