Seq Scan on movie_keyword mk  (cost=0.00..81003.12 rows=246 width=0) (actual time=0.122..815.682 rows=327 loops=1)
  Filter: (keyword_id = 4399)
  Rows Removed by Filter: 4523603
Planning time: 0.318 ms
Execution time: 815.928 ms
