Seq Scan on title t  (cost=0.00..73925.90 rows=133343 width=0) (actual time=0.023..835.409 rows=233692 loops=1)
  Filter: ((kind_id < 7) AND (production_year < 1968))
  Rows Removed by Filter: 2294620
Planning time: 0.323 ms
Execution time: 867.132 ms
