Hash Join  (cost=244356.90..617753.92 rows=668048 width=0) (actual time=5978.918..9192.549 rows=1444778 loops=1)
  Hash Cond: (mi.movie_id = t.id)
  ->  Seq Scan on movie_info mi  (cost=0.00..346232.03 rows=1348138 width=4) (actual time=1779.763..4001.866 rows=1298989 loops=1)
        Filter: (info_type_id = 4)
        Rows Removed by Filter: 13536731
  ->  Hash  (cost=223799.76..223799.76 rows=1252971 width=8) (actual time=4180.915..4180.915 rows=1264747 loops=1)
        Buckets: 131072  Batches: 32  Memory Usage: 2641kB
        ->  Hash Join  (cost=102767.86..223799.76 rows=1252971 width=8) (actual time=1555.048..3877.762 rows=1264747 loops=1)
              Hash Cond: (mk.movie_id = t.id)
              ->  Seq Scan on movie_keyword mk  (cost=0.00..81003.12 rows=1252971 width=4) (actual time=0.025..1148.763 rows=1264747 loops=1)
                    Filter: (keyword_id > 14139)
                    Rows Removed by Filter: 3259183
              ->  Hash  (cost=61283.27..61283.27 rows=2528527 width=4) (actual time=1552.651..1552.651 rows=2528312 loops=1)
                    Buckets: 131072  Batches: 64  Memory Usage: 2425kB
                    ->  Seq Scan on title t  (cost=0.00..61283.27 rows=2528527 width=4) (actual time=0.015..724.457 rows=2528312 loops=1)
Planning time: 1.282 ms
Execution time: 9339.566 ms
