Hash Join  (cost=102767.86..283823.29 rows=3747465 width=0) (actual time=1562.764..6404.864 rows=3738751 loops=1)
  Hash Cond: (mk.movie_id = t.id)
  ->  Seq Scan on movie_keyword mk  (cost=0.00..81003.12 rows=3747465 width=4) (actual time=0.020..1503.927 rows=3738751 loops=1)
        Filter: (keyword_id < 24005)
        Rows Removed by Filter: 785179
  ->  Hash  (cost=61283.27..61283.27 rows=2528527 width=4) (actual time=1559.760..1559.760 rows=2528312 loops=1)
        Buckets: 131072  Batches: 64  Memory Usage: 2425kB
        ->  Seq Scan on title t  (cost=0.00..61283.27 rows=2528527 width=4) (actual time=0.016..716.339 rows=2528312 loops=1)
Planning time: 0.531 ms
Execution time: 6730.489 ms
