Hash Join  (cost=58375.86..809169.76 rows=473 width=0) (actual time=1173.380..12709.690 rows=31 loops=1)
  Hash Cond: (ci.movie_id = t.id)
  ->  Seq Scan on cast_info ci  (cost=0.00..614943.12 rows=36225612 width=4) (actual time=0.025..5715.643 rows=36244344 loops=1)
  ->  Hash  (cost=58375.45..58375.45 rows=33 width=8) (actual time=647.921..647.921 rows=6 loops=1)
        Buckets: 1024  Batches: 1  Memory Usage: 9kB
        ->  Nested Loop  (cost=0.43..58375.45 rows=33 width=8) (actual time=491.174..647.911 rows=6 loops=1)
              ->  Seq Scan on movie_companies mc  (cost=0.00..57926.93 rows=53 width=4) (actual time=8.847..647.685 rows=7 loops=1)
                    Filter: ((company_id = 4881) AND (company_type_id = 2))
                    Rows Removed by Filter: 2609122
              ->  Index Scan using title_pkey on title t  (cost=0.43..8.45 rows=1 width=4) (actual time=0.029..0.030 rows=1 loops=7)
                    Index Cond: (id = mc.movie_id)
                    Filter: ((kind_id > 1) AND (production_year > 1968))
                    Rows Removed by Filter: 0
Planning time: 1.235 ms
Execution time: 12709.921 ms
