Hash Join  (cost=222039.56..375276.23 rows=2563664 width=0) (actual time=4080.149..9859.386 rows=17416719 loops=1)
  Hash Cond: (mk.movie_id = t.id)
  ->  Seq Scan on movie_keyword mk  (cost=0.00..69693.30 rows=4523930 width=4) (actual time=0.023..918.679 rows=4523930 loops=1)
  ->  Hash  (cost=198530.43..198530.43 rows=1432890 width=8) (actual time=4079.121..4079.121 rows=1439069 loops=1)
        Buckets: 131072  Batches: 32  Memory Usage: 2821kB
        ->  Hash Join  (cost=102767.86..198530.43 rows=1432890 width=8) (actual time=1378.915..3711.960 rows=1439069 loops=1)
              Hash Cond: (mc.movie_id = t.id)
              ->  Seq Scan on movie_companies mc  (cost=0.00..51404.11 rows=1432890 width=4) (actual time=0.019..785.111 rows=1439069 loops=1)
                    Filter: (company_id > 9848)
                    Rows Removed by Filter: 1170060
              ->  Hash  (cost=61283.27..61283.27 rows=2528527 width=4) (actual time=1377.009..1377.009 rows=2528312 loops=1)
                    Buckets: 131072  Batches: 64  Memory Usage: 2415kB
                    ->  Seq Scan on title t  (cost=0.00..61283.27 rows=2528527 width=4) (actual time=0.027..662.270 rows=2528312 loops=1)
Planning time: 2.173 ms
Execution time: 11362.167 ms
