Hash Join  (cost=58375.58..406044.70 rows=3 width=0) (actual time=3892.761..4406.359 rows=12 loops=1)
  Hash Cond: (mi.movie_id = t.id)
  ->  Seq Scan on movie_info mi  (cost=0.00..346232.03 rows=383217 width=4) (actual time=3217.790..3708.508 rows=368218 loops=1)
        Filter: (info_type_id = 17)
        Rows Removed by Filter: 14467502
  ->  Hash  (cost=58375.31..58375.31 rows=21 width=8) (actual time=650.904..650.904 rows=1 loops=1)
        Buckets: 1024  Batches: 1  Memory Usage: 9kB
        ->  Nested Loop  (cost=0.43..58375.31 rows=21 width=8) (actual time=630.892..650.898 rows=1 loops=1)
              ->  Seq Scan on movie_companies mc  (cost=0.00..57926.93 rows=53 width=4) (actual time=630.828..650.199 rows=62 loops=1)
                    Filter: ((company_type_id > 1) AND (company_id = 75768))
                    Rows Removed by Filter: 2609067
              ->  Index Scan using title_pkey on title t  (cost=0.43..8.45 rows=1 width=4) (actual time=0.011..0.011 rows=0 loops=62)
                    Index Cond: (id = mc.movie_id)
                    Filter: (kind_id < 7)
                    Rows Removed by Filter: 1
Planning time: 1.539 ms
Execution time: 4406.497 ms
