Hash Join  (cost=228180.94..698571.94 rows=4162687 width=0) (actual time=4265.759..13606.174 rows=9960053 loops=1)
  Hash Cond: (mi.movie_id = t.id)
  ->  Seq Scan on movie_info mi  (cost=0.00..346232.03 rows=5897221 width=4) (actual time=0.024..4371.110 rows=5884963 loops=1)
        Filter: (info_type_id < 7)
        Rows Removed by Filter: 8950757
  ->  Hash  (cost=198898.71..198898.71 rows=1784818 width=8) (actual time=4264.699..4264.699 rows=1483200 loops=1)
        Buckets: 131072  Batches: 32  Memory Usage: 2878kB
        ->  Hash Join  (cost=95982.60..198898.71 rows=1784818 width=8) (actual time=1484.087..3881.822 rows=1483200 loops=1)
              Hash Cond: (mc.movie_id = t.id)
              ->  Seq Scan on movie_companies mc  (cost=0.00..44881.29 rows=2609129 width=4) (actual time=0.017..593.692 rows=2609129 loops=1)
              ->  Hash  (cost=67604.59..67604.59 rows=1729681 width=4) (actual time=1482.792..1482.792 rows=1725233 loops=1)
                    Buckets: 131072  Batches: 32  Memory Usage: 2923kB
                    ->  Seq Scan on title t  (cost=0.00..67604.59 rows=1729681 width=4) (actual time=0.015..953.668 rows=1725233 loops=1)
                          Filter: (production_year > 1991)
                          Rows Removed by Filter: 803079
Planning time: 1.117 ms
Execution time: 14411.458 ms
