Hash Join  (cost=68912.20..1012570.21 rows=630769 width=0) (actual time=2914.968..18246.852 rows=172568 loops=1)
  Hash Cond: (ci.movie_id = t.id)
  ->  Seq Scan on cast_info ci  (cost=0.00..705507.15 rows=20024311 width=4) (actual time=2195.724..11220.671 rows=20122661 loops=1)
        Filter: (role_id < 3)
        Rows Removed by Filter: 16121683
  ->  Hash  (cost=67604.59..67604.59 rows=79649 width=4) (actual time=715.716..715.716 rows=77866 loops=1)
        Buckets: 131072  Batches: 2  Memory Usage: 2389kB
        ->  Seq Scan on title t  (cost=0.00..67604.59 rows=79649 width=4) (actual time=0.028..695.304 rows=77866 loops=1)
              Filter: (production_year < 1918)
              Rows Removed by Filter: 2450446
Planning time: 0.767 ms
Execution time: 18269.509 ms
