Seq Scan on movie_keyword mk  (cost=0.00..81003.12 rows=664173 width=0) (actual time=0.030..1027.282 rows=670832 loops=1)
  Filter: (keyword_id > 27954)
  Rows Removed by Filter: 3853098
Planning time: 0.320 ms
Execution time: 1111.635 ms
