Hash Join  (cost=92968.04..644963.87 rows=6765590 width=0) (actual time=1333.382..13739.675 rows=3016387 loops=1)
  Hash Cond: (mi.movie_id = t.id)
  ->  Seq Scan on movie_info mi  (cost=0.00..309384.22 rows=14739122 width=4) (actual time=0.019..3954.975 rows=14835720 loops=1)
  ->  Hash  (cost=73925.90..73925.90 rows=1160651 width=4) (actual time=1331.621..1331.621 rows=1255098 loops=1)
        Buckets: 131072  Batches: 16  Memory Usage: 3801kB
        ->  Seq Scan on title t  (cost=0.00..73925.90 rows=1160651 width=4) (actual time=0.023..946.422 rows=1255098 loops=1)
              Filter: ((kind_id > 4) AND (production_year > 1983))
              Rows Removed by Filter: 1273214
Planning time: 0.895 ms
Execution time: 14022.098 ms
