Hash Join  (cost=75867.62..875656.49 rows=12653 width=0) (actual time=1694.023..10034.128 rows=6106 loops=1)
  Hash Cond: (ci.movie_id = t.id)
  ->  Seq Scan on cast_info ci  (cost=0.00..796071.18 rows=270444 width=4) (actual time=705.395..8985.877 rows=107653 loops=1)
        Filter: ((person_id < 824667) AND (role_id = 9))
        Rows Removed by Filter: 36136691
  ->  Hash  (cost=73925.90..73925.90 rows=118297 width=4) (actual time=987.207..987.207 rows=122606 loops=1)
        Buckets: 131072  Batches: 2  Memory Usage: 3179kB
        ->  Seq Scan on title t  (cost=0.00..73925.90 rows=118297 width=4) (actual time=0.043..941.226 rows=122606 loops=1)
              Filter: ((kind_id > 1) AND (production_year = 2011))
              Rows Removed by Filter: 2405706
Planning time: 0.789 ms
Execution time: 10035.155 ms
