Seq Scan on title t  (cost=0.00..73925.90 rows=65544 width=0) (actual time=0.015..880.930 rows=62209 loops=1)
  Filter: ((production_year < 2006) AND (kind_id = 4))
  Rows Removed by Filter: 2466103
Planning time: 0.353 ms
Execution time: 889.614 ms
