Hash Join  (cost=129928.86..250748.80 rows=1015682 width=134) (actual time=3148.008..5927.365 rows=1015449 loops=1)
  Hash Cond: (mc.movie_id = t.id)
  ->  Seq Scan on movie_companies mc  (cost=0.00..51404.11 rows=1015682 width=40) (actual time=0.018..1120.890 rows=1015449 loops=1)
        Filter: (company_id < 5223)
        Rows Removed by Filter: 1593680
  ->  Hash  (cost=61283.27..61283.27 rows=2528527 width=94) (actual time=3145.871..3145.871 rows=2528312 loops=1)
        Buckets: 32768  Batches: 128  Memory Usage: 2453kB
        ->  Seq Scan on title t  (cost=0.00..61283.27 rows=2528527 width=94) (actual time=0.012..1556.936 rows=2528312 loops=1)
Planning time: 0.906 ms
Execution time: 5980.770 ms
