Seq Scan on movie_companies mc  (cost=0.00..51404.11 rows=104 width=0) (actual time=0.628..634.090 rows=1950 loops=1)
  Filter: (company_id = 253)
  Rows Removed by Filter: 2607179
Planning time: 0.381 ms
Execution time: 634.573 ms
