Seq Scan on cast_info ci  (cost=0.00..796071.18 rows=1576345 width=0) (actual time=6404.602..8308.137 rows=3438882 loops=1)
  Filter: ((person_id > 2337954) AND (role_id = 10))
  Rows Removed by Filter: 32805462
Planning time: 0.401 ms
Execution time: 8669.342 ms
