Hash Join  (cost=130368.33..514060.43 rows=192391 width=0) (actual time=1514.141..9033.396 rows=1334784 loops=1)
  Hash Cond: (mi.movie_id = t.id)
  ->  Seq Scan on movie_info mi  (cost=0.00..346232.03 rows=9476311 width=4) (actual time=0.017..3833.370 rows=9565151 loops=1)
        Filter: (info_type_id < 16)
        Rows Removed by Filter: 5270569
  ->  Hash  (cost=129726.64..129726.64 rows=51335 width=8) (actual time=1512.595..1512.595 rows=79411 loops=1)
        Buckets: 131072 (originally 65536)  Batches: 2 (originally 1)  Memory Usage: 3073kB
        ->  Hash Join  (cost=74547.77..129726.64 rows=51335 width=8) (actual time=687.495..1487.208 rows=79411 loops=1)
              Hash Cond: (mc.movie_id = t.id)
              ->  Seq Scan on movie_companies mc  (cost=0.00..44881.29 rows=2609129 width=4) (actual time=0.022..314.719 rows=2609129 loops=1)
              ->  Hash  (cost=73925.90..73925.90 rows=49749 width=4) (actual time=687.107..687.107 rows=44012 loops=1)
                    Buckets: 65536  Batches: 1  Memory Usage: 2060kB
                    ->  Seq Scan on title t  (cost=0.00..73925.90 rows=49749 width=4) (actual time=0.035..669.598 rows=44012 loops=1)
                          Filter: ((kind_id < 7) AND (production_year = 2009))
                          Rows Removed by Filter: 2484300
Planning time: 2.261 ms
Execution time: 9190.064 ms
