Hash Join  (cost=147783.42..634508.45 rows=648410 width=0) (actual time=3430.134..15457.910 rows=2777711 loops=1)
  Hash Cond: (mi.movie_id = t.id)
  ->  Seq Scan on movie_info mi  (cost=0.00..309384.22 rows=14739122 width=4) (actual time=0.027..6216.121 rows=14835720 loops=1)
  ->  Hash  (cost=145957.97..145957.97 rows=111236 width=8) (actual time=3429.239..3429.239 rows=98794 loops=1)
        Buckets: 131072  Batches: 2  Memory Usage: 2937kB
        ->  Hash Join  (cost=69374.09..145957.97 rows=111236 width=8) (actual time=1282.068..3395.756 rows=98794 loops=1)
              Hash Cond: (mc.movie_id = t.id)
              ->  Seq Scan on movie_companies mc  (cost=0.00..44881.29 rows=2609129 width=4) (actual time=15.795..923.631 rows=2609129 loops=1)
              ->  Hash  (cost=67604.59..67604.59 rows=107800 width=4) (actual time=1265.554..1265.554 rows=108429 loops=1)
                    Buckets: 131072  Batches: 2  Memory Usage: 2931kB
                    ->  Seq Scan on title t  (cost=0.00..67604.59 rows=107800 width=4) (actual time=0.033..1224.466 rows=108429 loops=1)
                          Filter: (production_year = 2006)
                          Rows Removed by Filter: 2419883
Planning time: 1.134 ms
Execution time: 15788.448 ms
