Hash Join  (cost=74205.53..425289.86 rows=11184 width=0) (actual time=2891.716..5044.055 rows=21291 loops=1)
  Hash Cond: (mi.movie_id = t.id)
  ->  Seq Scan on movie_info mi  (cost=0.00..346232.03 rows=1264125 width=4) (actual time=2074.073..3975.431 rows=1288928 loops=1)
        Filter: (info_type_id = 2)
        Rows Removed by Filter: 13546792
  ->  Hash  (cost=73925.90..73925.90 rows=22370 width=4) (actual time=817.214..817.214 rows=22427 loops=1)
        Buckets: 32768  Batches: 1  Memory Usage: 1045kB
        ->  Seq Scan on title t  (cost=0.00..73925.90 rows=22370 width=4) (actual time=0.046..808.248 rows=22427 loops=1)
              Filter: ((kind_id < 4) AND (production_year = 2013))
              Rows Removed by Filter: 2505885
Planning time: 0.756 ms
Execution time: 5047.361 ms
