Hash Join  (cost=102767.86..967064.30 rows=2424816 width=0) (actual time=8134.797..14218.934 rows=3705388 loops=1)
  Hash Cond: (ci.movie_id = t.id)
  ->  Seq Scan on cast_info ci  (cost=0.00..796071.18 rows=2424816 width=4) (actual time=6487.900..9340.981 rows=3705388 loops=1)
        Filter: ((person_id > 1560348) AND (role_id = 10))
        Rows Removed by Filter: 32538956
  ->  Hash  (cost=61283.27..61283.27 rows=2528527 width=4) (actual time=1645.144..1645.144 rows=2528312 loops=1)
        Buckets: 131072  Batches: 64  Memory Usage: 2415kB
        ->  Seq Scan on title t  (cost=0.00..61283.27 rows=2528527 width=4) (actual time=0.018..562.217 rows=2528312 loops=1)
Planning time: 0.748 ms
Execution time: 14568.216 ms
