Hash Join  (cost=102767.86..1200095.68 rows=12109209 width=0) (actual time=3591.923..17866.977 rows=9953420 loops=1)
  Hash Cond: (ci.movie_id = t.id)
  ->  Seq Scan on cast_info ci  (cost=0.00..796071.18 rows=12109209 width=4) (actual time=2215.111..9924.288 rows=9953420 loops=1)
        Filter: ((person_id > 2095759) AND (role_id < 8))
        Rows Removed by Filter: 26290924
  ->  Hash  (cost=61283.27..61283.27 rows=2528527 width=4) (actual time=1375.225..1375.225 rows=2528312 loops=1)
        Buckets: 131072  Batches: 64  Memory Usage: 2415kB
        ->  Seq Scan on title t  (cost=0.00..61283.27 rows=2528527 width=4) (actual time=0.024..650.681 rows=2528312 loops=1)
Planning time: 0.712 ms
Execution time: 18737.689 ms
