Hash Join  (cost=69002.72..186929.96 rows=103624 width=0) (actual time=835.878..2846.499 rows=102753 loops=1)
  Hash Cond: (mk.movie_id = t.id)
  ->  Seq Scan on movie_keyword mk  (cost=0.00..81003.12 rows=3074900 width=4) (actual time=0.017..1144.943 rows=3056716 loops=1)
        Filter: (keyword_id > 2085)
        Rows Removed by Filter: 1467214
  ->  Hash  (cost=67604.59..67604.59 rows=85211 width=4) (actual time=834.705..834.705 rows=84593 loops=1)
        Buckets: 131072  Batches: 2  Memory Usage: 2524kB
        ->  Seq Scan on title t  (cost=0.00..67604.59 rows=85211 width=4) (actual time=0.035..801.714 rows=84593 loops=1)
              Filter: (production_year = 2004)
              Rows Removed by Filter: 2443719
Planning time: 0.972 ms
Execution time: 2859.510 ms
