Hash Join  (cost=232981.43..775469.32 rows=5874497 width=0) (actual time=3800.752..24081.033 rows=61673319 loops=1)
  Hash Cond: (mi.movie_id = t.id)
  ->  Seq Scan on movie_info mi  (cost=0.00..309384.22 rows=14739122 width=4) (actual time=0.017..3620.331 rows=14835720 loops=1)
  ->  Hash  (cost=216447.16..216447.16 rows=1007782 width=8) (actual time=3799.862..3799.862 rows=1149427 loops=1)
        Buckets: 131072  Batches: 16  Memory Usage: 3975kB
        ->  Hash Join  (cost=101489.21..216447.16 rows=1007782 width=8) (actual time=1456.524..3516.302 rows=1149427 loops=1)
              Hash Cond: (mk.movie_id = t.id)
              ->  Seq Scan on movie_keyword mk  (cost=0.00..81003.12 rows=1233800 width=4) (actual time=0.022..984.781 rows=1246357 loops=1)
                    Filter: (keyword_id > 14500)
                    Rows Removed by Filter: 3277573
              ->  Hash  (cost=67604.59..67604.59 rows=2065330 width=4) (actual time=1455.203..1455.203 rows=2064552 loops=1)
                    Buckets: 131072  Batches: 32  Memory Usage: 3298kB
                    ->  Seq Scan on title t  (cost=0.00..67604.59 rows=2065330 width=4) (actual time=0.020..890.873 rows=2064552 loops=1)
                          Filter: (production_year < 2011)
                          Rows Removed by Filter: 463760
Planning time: 1.136 ms
Execution time: 29423.725 ms
