Seq Scan on cast_info ci  (cost=0.00..796071.18 rows=5163398 width=0) (actual time=0.019..8611.754 rows=7939928 loops=1)
  Filter: ((person_id > 2885510) AND (role_id > 1))
  Rows Removed by Filter: 28304416
Planning time: 0.355 ms
Execution time: 9429.669 ms
