Hash Join  (cost=120890.52..619976.66 rows=722987 width=0) (actual time=2050.130..10719.187 rows=2680557 loops=1)
  Hash Cond: (mi.movie_id = t.id)
  ->  Seq Scan on movie_info mi  (cost=0.00..346232.03 rows=12545135 width=4) (actual time=326.051..4568.065 rows=12601870 loops=1)
        Filter: (info_type_id < 17)
        Rows Removed by Filter: 2233850
  ->  Hash  (cost=118499.01..118499.01 rows=145721 width=8) (actual time=1654.531..1654.531 rows=174118 loops=1)
        Buckets: 131072 (originally 131072)  Batches: 4 (originally 2)  Memory Usage: 3073kB
        ->  Hash Join  (cost=78306.32..118499.01 rows=145721 width=8) (actual time=802.362..1596.540 rows=174118 loops=1)
              Hash Cond: (mi_idx.movie_id = t.id)
              ->  Seq Scan on movie_info_idx mi_idx  (cost=0.00..21735.35 rows=1380035 width=4) (actual time=0.030..261.437 rows=1380035 loops=1)
              ->  Hash  (cost=73925.90..73925.90 rows=266993 width=4) (actual time=801.515..801.515 rows=216282 loops=1)
                    Buckets: 131072  Batches: 4  Memory Usage: 2928kB
                    ->  Seq Scan on title t  (cost=0.00..73925.90 rows=266993 width=4) (actual time=12.240..732.361 rows=216282 loops=1)
                          Filter: ((production_year > 2005) AND (kind_id = 1))
                          Rows Removed by Filter: 2312030
Planning time: 1.166 ms
Execution time: 10955.762 ms
