Seq Scan on cast_info ci  (cost=0.00..705507.15 rows=32877815 width=0) (actual time=0.022..9585.901 rows=33014001 loops=1)
  Filter: (person_id > 312313)
  Rows Removed by Filter: 3230343
Planning time: 0.326 ms
Execution time: 13323.628 ms
