Hash Join  (cost=68058.67..875719.99 rows=376929 width=0) (actual time=620.354..15542.737 rows=406202 loops=1)
  Hash Cond: (ci.movie_id = t.id)
  ->  Seq Scan on cast_info ci  (cost=0.00..705507.15 rows=26235967 width=4) (actual time=0.013..9002.888 rows=26464807 loops=1)
        Filter: (person_id > 961839)
        Rows Removed by Filter: 9779537
  ->  Hash  (cost=67604.59..67604.59 rows=36327 width=4) (actual time=619.956..619.956 rows=36509 loops=1)
        Buckets: 65536  Batches: 1  Memory Usage: 1796kB
        ->  Seq Scan on title t  (cost=0.00..67604.59 rows=36327 width=4) (actual time=0.023..605.712 rows=36509 loops=1)
              Filter: (production_year = 1996)
              Rows Removed by Filter: 2491803
Planning time: 0.737 ms
Execution time: 15596.445 ms
