Hash Join  (cost=102767.86..1166725.84 rows=10722388 width=0) (actual time=3379.390..20123.020 rows=12809798 loops=1)
  Hash Cond: (ci.movie_id = t.id)
  ->  Seq Scan on cast_info ci  (cost=0.00..796071.18 rows=10722388 width=4) (actual time=1985.804..10915.685 rows=12809798 loops=1)
        Filter: ((person_id < 1589231) AND (role_id < 4))
        Rows Removed by Filter: 23434546
  ->  Hash  (cost=61283.27..61283.27 rows=2528527 width=4) (actual time=1392.139..1392.139 rows=2528312 loops=1)
        Buckets: 131072  Batches: 64  Memory Usage: 2415kB
        ->  Seq Scan on title t  (cost=0.00..61283.27 rows=2528527 width=4) (actual time=0.034..660.899 rows=2528312 loops=1)
Planning time: 0.532 ms
Execution time: 21168.281 ms
