Hash Join  (cost=80193.64..596941.88 rows=1953153 width=0) (actual time=1436.626..11775.154 rows=4840320 loops=1)
  Hash Cond: (mi.movie_id = t.id)
  ->  Seq Scan on movie_info mi  (cost=0.00..346232.03 rows=12928982 width=4) (actual time=39.172..4541.630 rows=12970088 loops=1)
        Filter: (info_type_id < 18)
        Rows Removed by Filter: 1865632
  ->  Hash  (cost=73925.90..73925.90 rows=381979 width=4) (actual time=1243.903..1243.903 rows=440029 loops=1)
        Buckets: 131072  Batches: 8  Memory Usage: 2976kB
        ->  Seq Scan on title t  (cost=0.00..73925.90 rows=381979 width=4) (actual time=202.504..843.332 rows=440029 loops=1)
              Filter: ((production_year < 2006) AND (kind_id = 1))
              Rows Removed by Filter: 2088283
Planning time: 0.763 ms
Execution time: 12226.252 ms
