Hash Join  (cost=491644.87..574611.67 rows=615897 width=0) (actual time=6311.676..8177.442 rows=1462715 loops=1)
  Hash Cond: (mc.movie_id = t.id)
  ->  Seq Scan on movie_companies mc  (cost=0.00..51404.11 rows=1923393 width=4) (actual time=0.021..720.020 rows=1916540 loops=1)
        Filter: (company_id < 46856)
        Rows Removed by Filter: 692589
  ->  Hash  (cost=478361.00..478361.00 rows=809669 width=8) (actual time=6310.829..6310.829 rows=802140 loops=1)
        Buckets: 131072  Batches: 16  Memory Usage: 2973kB
        ->  Hash Join  (cost=102767.86..478361.00 rows=809669 width=8) (actual time=4323.788..6081.654 rows=802140 loops=1)
              Hash Cond: (mi.movie_id = t.id)
              ->  Seq Scan on movie_info mi  (cost=0.00..346232.03 rows=809669 width=4) (actual time=2763.329..3561.591 rows=802140 loops=1)
                    Filter: (info_type_id = 1)
                    Rows Removed by Filter: 14033580
              ->  Hash  (cost=61283.27..61283.27 rows=2528527 width=4) (actual time=1559.420..1559.420 rows=2528312 loops=1)
                    Buckets: 131072  Batches: 64  Memory Usage: 2425kB
                    ->  Seq Scan on title t  (cost=0.00..61283.27 rows=2528527 width=4) (actual time=0.032..734.664 rows=2528312 loops=1)
Planning time: 1.158 ms
Execution time: 8300.874 ms
