Hash Join  (cost=75199.97..980465.84 rows=515747 width=0) (actual time=675.730..14947.423 rows=603735 loops=1)
  Hash Cond: (ci.movie_id = t.id)
  ->  Seq Scan on cast_info ci  (cost=0.00..705507.15 rows=16804068 width=4) (actual time=0.016..9402.658 rows=16657514 loops=1)
        Filter: (person_id < 1649341)
        Rows Removed by Filter: 19586830
  ->  Hash  (cost=73925.90..73925.90 rows=77605 width=4) (actual time=675.007..675.007 rows=84684 loops=1)
        Buckets: 131072  Batches: 2  Memory Usage: 2512kB
        ->  Seq Scan on title t  (cost=0.00..73925.90 rows=77605 width=4) (actual time=0.033..649.026 rows=84684 loops=1)
              Filter: ((kind_id = 7) AND (production_year = 2009))
              Rows Removed by Filter: 2443628
Planning time: 0.772 ms
Execution time: 15009.013 ms
