Hash Join  (cost=67697.55..872960.42 rows=7153 width=0) (actual time=797.673..8753.092 rows=14975 loops=1)
  Hash Cond: (ci.movie_id = t.id)
  ->  Seq Scan on cast_info ci  (cost=0.00..796071.18 rows=2432042 width=4) (actual time=3.685..7536.347 rows=3081211 loops=1)
        Filter: ((person_id < 411455) AND (role_id < 3))
        Rows Removed by Filter: 33163133
  ->  Hash  (cost=67604.59..67604.59 rows=7437 width=4) (actual time=735.142..735.142 rows=10308 loops=1)
        Buckets: 16384 (originally 8192)  Batches: 1 (originally 1)  Memory Usage: 491kB
        ->  Seq Scan on title t  (cost=0.00..67604.59 rows=7437 width=4) (actual time=0.019..730.428 rows=10308 loops=1)
              Filter: (production_year = 1962)
              Rows Removed by Filter: 2518004
Planning time: 0.748 ms
Execution time: 8755.453 ms
