Hash Join  (cost=709678.15..764348.83 rows=516 width=0) (actual time=11411.107..12540.516 rows=33 loops=1)
  Hash Cond: (mc.movie_id = t.id)
  ->  Seq Scan on movie_companies mc  (cost=0.00..44881.29 rows=2609129 width=4) (actual time=0.016..693.954 rows=2609129 loops=1)
  ->  Hash  (cost=709671.90..709671.90 rows=500 width=8) (actual time=11371.623..11371.623 rows=204 loops=1)
        Buckets: 1024  Batches: 1  Memory Usage: 16kB
        ->  Nested Loop  (cost=0.43..709671.90 rows=500 width=8) (actual time=3881.850..11371.519 rows=204 loops=1)
              ->  Seq Scan on cast_info ci  (cost=0.00..705507.15 rows=500 width=4) (actual time=3881.652..11368.411 rows=204 loops=1)
                    Filter: (person_id = 376444)
                    Rows Removed by Filter: 36244140
              ->  Index Only Scan using title_pkey on title t  (cost=0.43..8.32 rows=1 width=4) (actual time=0.014..0.014 rows=1 loops=204)
                    Index Cond: (id = ci.movie_id)
                    Heap Fetches: 204
Planning time: 3.425 ms
Execution time: 12540.656 ms
