Hash Join  (cost=249658.29..1637135.08 rows=30020561 width=0) (actual time=4917.977..40026.569 rows=67441542 loops=1)
  Hash Cond: (ci.movie_id = t.id)
  ->  Seq Scan on cast_info ci  (cost=0.00..614943.12 rows=36225612 width=4) (actual time=0.013..7908.899 rows=36244344 loops=1)
  ->  Hash  (cost=215279.57..215279.57 rows=2095418 width=8) (actual time=4916.674..4916.674 rows=1905604 loops=1)
        Buckets: 131072  Batches: 32  Memory Usage: 3315kB
        ->  Hash Join  (cost=103076.32..215279.57 rows=2095418 width=8) (actual time=1477.156..4434.275 rows=1905604 loops=1)
              Hash Cond: (mc.movie_id = t.id)
              ->  Seq Scan on movie_companies mc  (cost=0.00..51404.11 rows=2450590 width=4) (actual time=0.021..936.882 rows=2447019 loops=1)
                    Filter: (company_id > 27)
                    Rows Removed by Filter: 162110
              ->  Hash  (cost=67604.59..67604.59 rows=2162059 width=4) (actual time=1475.638..1475.638 rows=2159747 loops=1)
                    Buckets: 131072  Batches: 32  Memory Usage: 3400kB
                    ->  Seq Scan on title t  (cost=0.00..67604.59 rows=2162059 width=4) (actual time=0.020..886.980 rows=2159747 loops=1)
                          Filter: (production_year > 1964)
                          Rows Removed by Filter: 368565
Planning time: 1.270 ms
Execution time: 45556.919 ms
