Hash Join  (cost=210447.69..1321725.80 rows=7541802 width=0) (actual time=3323.567..29023.589 rows=28477965 loops=1)
  Hash Cond: (ci.movie_id = t.id)
  ->  Seq Scan on cast_info ci  (cost=0.00..614943.12 rows=36225612 width=4) (actual time=0.017..8049.421 rows=36244344 loops=1)
  ->  Hash  (cost=201810.52..201810.52 rows=526413 width=8) (actual time=3322.751..3322.751 rows=609619 loops=1)
        Buckets: 131072  Batches: 8  Memory Usage: 4038kB
        ->  Hash Join  (cost=99161.12..201810.52 rows=526413 width=8) (actual time=1461.188..3190.106 rows=609619 loops=1)
              Hash Cond: (mk.movie_id = t.id)
              ->  Seq Scan on movie_keyword mk  (cost=0.00..81003.12 rows=692029 width=4) (actual time=0.017..1059.911 rows=697465 loops=1)
                    Filter: (keyword_id > 27030)
                    Rows Removed by Filter: 3826465
              ->  Hash  (cost=67604.59..67604.59 rows=1923403 width=4) (actual time=1459.825..1459.825 rows=1922849 loops=1)
                    Buckets: 131072  Batches: 32  Memory Usage: 3141kB
                    ->  Seq Scan on title t  (cost=0.00..67604.59 rows=1923403 width=4) (actual time=0.015..893.339 rows=1922849 loops=1)
                          Filter: (production_year < 2010)
                          Rows Removed by Filter: 605463
Planning time: 1.178 ms
Execution time: 31243.959 ms
