Hash Join  (cost=191578.11..1353436.46 rows=12465618 width=0) (actual time=2904.308..25734.709 rows=15995203 loops=1)
  Hash Cond: (ci.movie_id = t.id)
  ->  Seq Scan on cast_info ci  (cost=0.00..614943.12 rows=36225612 width=4) (actual time=0.012..7570.548 rows=36244344 loops=1)
  ->  Hash  (cost=177302.95..177302.95 rows=870093 width=8) (actual time=2903.267..2903.267 rows=518854 loops=1)
        Buckets: 131072  Batches: 16  Memory Usage: 2270kB
        ->  Hash Join  (cost=92883.59..177302.95 rows=870093 width=8) (actual time=1284.696..2801.255 rows=518854 loops=1)
              Hash Cond: (mc.movie_id = t.id)
              ->  Seq Scan on movie_companies mc  (cost=0.00..51404.11 rows=1427864 width=4) (actual time=0.027..628.934 rows=1415966 loops=1)
                    Filter: (company_id < 12468)
                    Rows Removed by Filter: 1193163
              ->  Hash  (cost=67604.59..67604.59 rows=1540800 width=4) (actual time=1283.844..1283.844 rows=1543264 loops=1)
                    Buckets: 131072  Batches: 32  Memory Usage: 2722kB
                    ->  Seq Scan on title t  (cost=0.00..67604.59 rows=1540800 width=4) (actual time=5.303..852.532 rows=1543264 loops=1)
                          Filter: (kind_id = 7)
                          Rows Removed by Filter: 985048
Planning time: 1.149 ms
Execution time: 26926.744 ms
