Hash Join  (cost=83074.74..109986.57 rows=134 width=0) (actual time=1034.488..1453.943 rows=634 loops=1)
  Hash Cond: (mi_idx.movie_id = t.id)
  ->  Seq Scan on movie_info_idx mi_idx  (cost=0.00..21735.35 rows=1380035 width=4) (actual time=0.028..193.913 rows=1380035 loops=1)
  ->  Hash  (cost=83071.67..83071.67 rows=246 width=8) (actual time=1033.067..1033.067 rows=261 loops=1)
        Buckets: 1024  Batches: 1  Memory Usage: 19kB
        ->  Nested Loop  (cost=0.43..83071.67 rows=246 width=8) (actual time=0.788..1032.857 rows=261 loops=1)
              ->  Seq Scan on movie_keyword mk  (cost=0.00..81003.12 rows=246 width=4) (actual time=0.729..1025.968 rows=261 loops=1)
                    Filter: (keyword_id = 7624)
                    Rows Removed by Filter: 4523669
              ->  Index Only Scan using title_pkey on title t  (cost=0.43..8.40 rows=1 width=4) (actual time=0.024..0.025 rows=1 loops=261)
                    Index Cond: (id = mk.movie_id)
                    Heap Fetches: 261
Planning time: 1.108 ms
Execution time: 1454.117 ms
