Nested Loop  (cost=0.43..83071.67 rows=246 width=0) (actual time=1.963..626.870 rows=146 loops=1)
  ->  Seq Scan on movie_keyword mk  (cost=0.00..81003.12 rows=246 width=4) (actual time=1.888..623.191 rows=146 loops=1)
        Filter: (keyword_id = 9557)
        Rows Removed by Filter: 4523784
  ->  Index Only Scan using title_pkey on title t  (cost=0.43..8.40 rows=1 width=4) (actual time=0.023..0.024 rows=1 loops=146)
        Index Cond: (id = mk.movie_id)
        Heap Fetches: 146
Planning time: 0.693 ms
Execution time: 627.000 ms
