Nested Loop  (cost=0.43..83072.29 rows=150 width=0) (actual time=368.125..962.414 rows=300 loops=1)
  ->  Seq Scan on movie_keyword mk  (cost=0.00..81003.12 rows=246 width=4) (actual time=0.640..921.389 rows=2714 loops=1)
        Filter: (keyword_id = 1806)
        Rows Removed by Filter: 4521216
  ->  Index Scan using title_pkey on title t  (cost=0.43..8.40 rows=1 width=4) (actual time=0.014..0.014 rows=0 loops=2714)
        Index Cond: (id = mk.movie_id)
        Filter: (kind_id = 7)
        Rows Removed by Filter: 1
Planning time: 0.767 ms
Execution time: 962.614 ms
