Hash Join  (cost=74659.29..137030.71 rows=25898 width=0) (actual time=889.138..2053.696 rows=143786 loops=1)
  Hash Cond: (mc.movie_id = t.id)
  ->  Seq Scan on movie_companies mc  (cost=0.00..57926.93 rows=1116135 width=4) (actual time=0.019..766.304 rows=1236180 loops=1)
        Filter: ((company_id > 292) AND (company_type_id = 2))
        Rows Removed by Filter: 1372949
  ->  Hash  (cost=73925.90..73925.90 rows=58671 width=4) (actual time=870.277..870.277 rows=153185 loops=1)
        Buckets: 131072 (originally 65536)  Batches: 2 (originally 1)  Memory Usage: 3715kB
        ->  Seq Scan on title t  (cost=0.00..73925.90 rows=58671 width=4) (actual time=0.010..817.797 rows=153185 loops=1)
              Filter: ((kind_id < 7) AND (production_year < 1946))
              Rows Removed by Filter: 2375127
Planning time: 0.535 ms
Execution time: 2066.094 ms
