Hash Join  (cost=80110.18..583359.23 rows=2197012 width=0) (actual time=822.093..9477.694 rows=3359715 loops=1)
  Hash Cond: (mi.movie_id = t.id)
  ->  Seq Scan on movie_info mi  (cost=0.00..309384.22 rows=14739122 width=4) (actual time=0.021..3209.558 rows=14835720 loops=1)
  ->  Hash  (cost=73925.90..73925.90 rows=376902 width=4) (actual time=820.621..820.621 rows=300122 loops=1)
        Buckets: 131072  Batches: 8  Memory Usage: 2345kB
        ->  Seq Scan on title t  (cost=0.00..73925.90 rows=376902 width=4) (actual time=0.029..728.340 rows=300122 loops=1)
              Filter: ((kind_id < 4) AND (production_year > 2004))
              Rows Removed by Filter: 2228190
Planning time: 0.809 ms
Execution time: 9744.492 ms
