Hash Join  (cost=83950.71..601761.04 rows=3561741 width=0) (actual time=1000.610..11568.891 rows=7821353 loops=1)
  Hash Cond: (mi.movie_id = t.id)
  ->  Seq Scan on movie_info mi  (cost=0.00..309384.22 rows=14739122 width=4) (actual time=0.022..3362.390 rows=14835720 loops=1)
  ->  Hash  (cost=73925.90..73925.90 rows=611024 width=4) (actual time=999.804..999.804 rows=650218 loops=1)
        Buckets: 131072  Batches: 8  Memory Usage: 3902kB
        ->  Seq Scan on title t  (cost=0.00..73925.90 rows=611024 width=4) (actual time=0.048..825.999 rows=650218 loops=1)
              Filter: ((kind_id < 4) AND (production_year < 2009))
              Rows Removed by Filter: 1878094
Planning time: 0.798 ms
Execution time: 12206.378 ms
