Hash Join  (cost=139597.14..1313260.20 rows=7255659 width=0) (actual time=2396.289..27404.117 rows=24143283 loops=1)
  Hash Cond: (ci.movie_id = t.id)
  ->  Seq Scan on cast_info ci  (cost=0.00..705507.15 rows=34031808 width=4) (actual time=0.023..9651.036 rows=34114035 loops=1)
        Filter: (person_id > 209233)
        Rows Removed by Filter: 2130309
  ->  Hash  (cost=130752.54..130752.54 rows=539088 width=8) (actual time=2395.406..2395.406 rows=954317 loops=1)
        Buckets: 131072 (originally 131072)  Batches: 16 (originally 8)  Memory Usage: 3354kB
        ->  Hash Join  (cost=83810.17..130752.54 rows=539088 width=8) (actual time=1059.671..2226.443 rows=954317 loops=1)
              Hash Cond: (mi_idx.movie_id = t.id)
              ->  Seq Scan on movie_info_idx mi_idx  (cost=0.00..21735.35 rows=1380035 width=4) (actual time=0.008..341.665 rows=1380035 loops=1)
              ->  Hash  (cost=67604.59..67604.59 rows=987727 width=4) (actual time=1058.878..1058.878 rows=985048 loops=1)
                    Buckets: 131072  Batches: 16  Memory Usage: 3188kB
                    ->  Seq Scan on title t  (cost=0.00..67604.59 rows=987727 width=4) (actual time=0.023..769.621 rows=985048 loops=1)
                          Filter: (kind_id < 7)
                          Rows Removed by Filter: 1543264
Planning time: 1.142 ms
Execution time: 29160.293 ms
