Nested Loop  (cost=0.43..52283.69 rows=104 width=0) (actual time=22.000..672.710 rows=726 loops=1)
  ->  Seq Scan on movie_companies mc  (cost=0.00..51404.11 rows=104 width=4) (actual time=21.917..658.851 rows=726 loops=1)
        Filter: (company_id = 21092)
        Rows Removed by Filter: 2608403
  ->  Index Only Scan using title_pkey on title t  (cost=0.43..8.45 rows=1 width=4) (actual time=0.018..0.018 rows=1 loops=726)
        Index Cond: (id = mc.movie_id)
        Heap Fetches: 726
Planning time: 0.732 ms
Execution time: 672.985 ms
