Seq Scan on cast_info ci  (cost=0.00..705507.15 rows=500 width=0) (actual time=4293.012..6466.084 rows=5 loops=1)
  Filter: (person_id = 841093)
  Rows Removed by Filter: 36244339
Planning time: 0.381 ms
Execution time: 6466.168 ms
