Hash Join  (cost=842372.82..3040030.09 rows=92369169 width=0) (actual time=12303.863..60977.551 rows=168644948 loops=1)
  Hash Cond: (ci.movie_id = t.id)
  ->  Seq Scan on cast_info ci  (cost=0.00..705507.15 rows=24646504 width=4) (actual time=0.021..9302.222 rows=24758183 loops=1)
        Filter: (person_id > 1129656)
        Rows Removed by Filter: 11486161
  ->  Hash  (cost=686901.94..686901.94 rows=9476311 width=8) (actual time=12302.486..12302.486 rows=9565151 loops=1)
        Buckets: 131072  Batches: 128  Memory Usage: 3919kB
        ->  Hash Join  (cost=102767.86..686901.94 rows=9476311 width=8) (actual time=1153.777..10572.520 rows=9565151 loops=1)
              Hash Cond: (mi.movie_id = t.id)
              ->  Seq Scan on movie_info mi  (cost=0.00..346232.03 rows=9476311 width=4) (actual time=0.023..3779.628 rows=9565151 loops=1)
                    Filter: (info_type_id < 16)
                    Rows Removed by Filter: 5270569
              ->  Hash  (cost=61283.27..61283.27 rows=2528527 width=4) (actual time=1152.856..1152.856 rows=2528312 loops=1)
                    Buckets: 131072  Batches: 64  Memory Usage: 2425kB
                    ->  Seq Scan on title t  (cost=0.00..61283.27 rows=2528527 width=4) (actual time=0.015..534.979 rows=2528312 loops=1)
Planning time: 1.210 ms
Execution time: 72943.665 ms
