Hash Join  (cost=202594.47..654087.47 rows=2866731 width=0) (actual time=3417.161..11723.612 rows=4183505 loops=1)
  Hash Cond: (mi.movie_id = t.id)
  ->  Seq Scan on movie_info mi  (cost=0.00..346232.03 rows=6231111 width=4) (actual time=0.024..4217.097 rows=6223494 loops=1)
        Filter: (info_type_id > 8)
        Rows Removed by Filter: 8612226
  ->  Hash  (cost=183508.31..183508.31 rows=1163293 width=8) (actual time=3415.158..3415.158 rows=759143 loops=1)
        Buckets: 131072  Batches: 16  Memory Usage: 2856kB
        ->  Hash Join  (cost=92421.85..183508.31 rows=1163293 width=8) (actual time=1395.018..3256.125 rows=759143 loops=1)
              Hash Cond: (mc.movie_id = t.id)
              ->  Seq Scan on movie_companies mc  (cost=0.00..44881.29 rows=2609129 width=4) (actual time=0.020..562.276 rows=2609129 loops=1)
              ->  Hash  (cost=73925.90..73925.90 rows=1127356 width=4) (actual time=1393.912..1393.912 rows=1234845 loops=1)
                    Buckets: 131072  Batches: 16  Memory Usage: 3745kB
                    ->  Seq Scan on title t  (cost=0.00..73925.90 rows=1127356 width=4) (actual time=0.034..1029.105 rows=1234845 loops=1)
                          Filter: ((kind_id > 1) AND (production_year > 1997))
                          Rows Removed by Filter: 1293467
Planning time: 1.163 ms
Execution time: 12041.988 ms
