Seq Scan on cast_info ci  (cost=0.00..796071.18 rows=9094397 width=0) (actual time=3118.483..8894.875 rows=5346361 loops=1)
  Filter: ((person_id > 999612) AND (role_id = 1))
  Rows Removed by Filter: 30897983
Planning time: 0.291 ms
Execution time: 9368.624 ms
