Hash Join  (cost=74201.04..198859.42 rows=508748 width=0) (actual time=983.894..2934.546 rows=712310 loops=1)
  Hash Cond: (mk.movie_id = t.id)
  ->  Seq Scan on movie_keyword mk  (cost=0.00..81003.12 rows=3199673 width=4) (actual time=0.018..969.779 rows=3183916 loops=1)
        Filter: (keyword_id < 12813)
        Rows Removed by Filter: 1340014
  ->  Hash  (cost=67604.59..67604.59 rows=402036 width=4) (actual time=977.637..977.637 rows=395872 loops=1)
        Buckets: 131072  Batches: 8  Memory Usage: 2765kB
        ->  Seq Scan on title t  (cost=0.00..67604.59 rows=402036 width=4) (actual time=0.026..843.138 rows=395872 loops=1)
              Filter: (production_year < 1972)
              Rows Removed by Filter: 2132440
Planning time: 0.779 ms
Execution time: 2983.268 ms
