Hash Join  (cost=197230.73..235752.11 rows=48290 width=0) (actual time=2230.716..2763.846 rows=189634 loops=1)
  Hash Cond: (mi_idx.movie_id = t.id)
  ->  Seq Scan on movie_info_idx mi_idx  (cost=0.00..21735.35 rows=1380035 width=4) (actual time=0.014..185.014 rows=1380035 loops=1)
  ->  Hash  (cost=195778.75..195778.75 rows=88478 width=8) (actual time=2229.964..2229.964 rows=94902 loops=1)
        Buckets: 131072  Batches: 2  Memory Usage: 2899kB
        ->  Hash Join  (cost=102767.86..195778.75 rows=88478 width=8) (actual time=1273.002..2208.188 rows=94902 loops=1)
              Hash Cond: (mk.movie_id = t.id)
              ->  Seq Scan on movie_keyword mk  (cost=0.00..81003.12 rows=88478 width=4) (actual time=0.037..627.711 rows=94902 loops=1)
                    Filter: (keyword_id < 85)
                    Rows Removed by Filter: 4429028
              ->  Hash  (cost=61283.27..61283.27 rows=2528527 width=4) (actual time=1271.985..1271.985 rows=2528312 loops=1)
                    Buckets: 131072  Batches: 64  Memory Usage: 2425kB
                    ->  Seq Scan on title t  (cost=0.00..61283.27 rows=2528527 width=4) (actual time=0.017..603.875 rows=2528312 loops=1)
Planning time: 1.165 ms
Execution time: 2783.017 ms
