Hash Join  (cost=58358.93..145017.56 rows=59 width=0) (actual time=645.130..1845.725 rows=196 loops=1)
  Hash Cond: (mk.movie_id = t.id)
  ->  Seq Scan on movie_keyword mk  (cost=0.00..69693.30 rows=4523930 width=4) (actual time=0.013..579.468 rows=4523930 loops=1)
  ->  Hash  (cost=58358.52..58358.52 rows=33 width=8) (actual time=624.063..624.063 rows=6 loops=1)
        Buckets: 1024  Batches: 1  Memory Usage: 9kB
        ->  Nested Loop  (cost=0.43..58358.52 rows=33 width=8) (actual time=351.487..624.050 rows=6 loops=1)
              ->  Seq Scan on movie_companies mc  (cost=0.00..57926.93 rows=51 width=4) (actual time=351.428..623.716 rows=6 loops=1)
                    Filter: ((company_id = 24103) AND (company_type_id = 1))
                    Rows Removed by Filter: 2609123
              ->  Index Scan using title_pkey on title t  (cost=0.43..8.45 rows=1 width=4) (actual time=0.050..0.051 rows=1 loops=6)
                    Index Cond: (id = mc.movie_id)
                    Filter: ((kind_id > 1) AND (production_year < 2012))
Planning time: 1.183 ms
Execution time: 1845.884 ms
