Seq Scan on cast_info ci  (cost=0.00..796071.18 rows=176 width=0) (actual time=97.649..6196.746 rows=1 loops=1)
  Filter: ((person_id = 311624) AND (role_id = 1))
  Rows Removed by Filter: 36244343
Planning time: 0.419 ms
Execution time: 6196.824 ms
