Hash Join  (cost=102767.86..288349.69 rows=3935551 width=0) (actual time=1087.956..4058.509 rows=3927217 loops=1)
  Hash Cond: (mk.movie_id = t.id)
  ->  Seq Scan on movie_keyword mk  (cost=0.00..81003.12 rows=3935551 width=4) (actual time=0.010..918.254 rows=3927217 loops=1)
        Filter: (keyword_id > 434)
        Rows Removed by Filter: 596713
  ->  Hash  (cost=61283.27..61283.27 rows=2528527 width=4) (actual time=1086.345..1086.345 rows=2528312 loops=1)
        Buckets: 131072  Batches: 64  Memory Usage: 2425kB
        ->  Seq Scan on title t  (cost=0.00..61283.27 rows=2528527 width=4) (actual time=0.016..518.996 rows=2528312 loops=1)
Planning time: 0.477 ms
Execution time: 4346.932 ms
