Hash Join  (cost=797959.75..884619.96 rows=218 width=0) (actual time=7689.757..8823.734 rows=343 loops=1)
  Hash Cond: (mk.movie_id = t.id)
  ->  Seq Scan on movie_keyword mk  (cost=0.00..69693.30 rows=4523930 width=4) (actual time=0.020..552.796 rows=4523930 loops=1)
  ->  Hash  (cost=797958.22..797958.22 rows=122 width=8) (actual time=7668.953..7668.953 rows=127 loops=1)
        Buckets: 1024  Batches: 1  Memory Usage: 13kB
        ->  Nested Loop  (cost=0.43..797958.22 rows=122 width=8) (actual time=605.417..7668.889 rows=127 loops=1)
              ->  Seq Scan on cast_info ci  (cost=0.00..796071.18 rows=224 width=4) (actual time=605.355..7667.398 rows=127 loops=1)
                    Filter: ((role_id > 2) AND (person_id = 2977671))
                    Rows Removed by Filter: 36244217
              ->  Index Scan using title_pkey on title t  (cost=0.43..8.41 rows=1 width=4) (actual time=0.011..0.011 rows=1 loops=127)
                    Index Cond: (id = ci.movie_id)
                    Filter: (production_year > 2000)
Planning time: 1.236 ms
Execution time: 8823.927 ms
