Hash Join  (cost=137413.28..232721.56 rows=115762 width=0) (actual time=2233.529..2794.464 rows=62162 loops=1)
  Hash Cond: (mk.movie_id = t.id)
  ->  Seq Scan on movie_keyword mk  (cost=0.00..81003.12 rows=1042011 width=4) (actual time=0.021..660.589 rows=1039994 loops=1)
        Filter: (keyword_id < 1037)
        Rows Removed by Filter: 3483936
  ->  Hash  (cost=132803.96..132803.96 rows=280905 width=8) (actual time=1871.322..1871.322 rows=141906 loops=1)
        Buckets: 131072  Batches: 4  Memory Usage: 2413kB
        ->  Hash Join  (cost=92883.59..132803.96 rows=280905 width=8) (actual time=1288.085..1836.668 rows=141906 loops=1)
              Hash Cond: (mi_idx.movie_id = t.id)
              ->  Seq Scan on movie_info_idx mi_idx  (cost=0.00..25185.44 rows=460978 width=4) (actual time=0.030..230.334 rows=459925 loops=1)
                    Filter: (info_type_id = 99)
                    Rows Removed by Filter: 920110
              ->  Hash  (cost=67604.59..67604.59 rows=1540800 width=4) (actual time=1241.950..1241.950 rows=1543264 loops=1)
                    Buckets: 131072  Batches: 32  Memory Usage: 2722kB
                    ->  Seq Scan on title t  (cost=0.00..67604.59 rows=1540800 width=4) (actual time=0.017..767.548 rows=1543264 loops=1)
                          Filter: (kind_id = 7)
                          Rows Removed by Filter: 985048
Planning time: 1.203 ms
Execution time: 2799.088 ms
