Seq Scan on movie_keyword mk  (cost=0.00..81003.12 rows=2303409 width=0) (actual time=0.017..905.577 rows=2312453 loops=1)
  Filter: (keyword_id < 4968)
  Rows Removed by Filter: 2211477
Planning time: 0.323 ms
Execution time: 1129.215 ms
