Seq Scan on cast_info ci  (cost=0.00..796071.18 rows=60 width=0) (actual time=9647.048..11219.860 rows=18 loops=1)
  Filter: ((person_id = 1158712) AND (role_id = 10))
  Rows Removed by Filter: 36244326
Planning time: 0.304 ms
Execution time: 11224.145 ms
