Hash Join  (cost=136360.78..163449.67 rows=17841 width=0) (actual time=1325.323..1797.489 rows=24445 loops=1)
  Hash Cond: (mi_idx.movie_id = t.id)
  ->  Seq Scan on movie_info_idx mi_idx  (cost=0.00..21735.35 rows=1380035 width=4) (actual time=0.023..198.377 rows=1380035 loops=1)
  ->  Hash  (cost=135952.17..135952.17 rows=32689 width=8) (actual time=1324.961..1324.961 rows=17149 loops=1)
        Buckets: 32768  Batches: 1  Memory Usage: 926kB
        ->  Hash Join  (cost=69694.50..135952.17 rows=32689 width=8) (actual time=457.872..1320.053 rows=17149 loops=1)
              Hash Cond: (mc.movie_id = t.id)
              ->  Seq Scan on movie_companies mc  (cost=0.00..57926.93 rows=649025 width=4) (actual time=0.010..726.477 rows=410171 loops=1)
                    Filter: ((company_id < 11203) AND (company_type_id > 1))
                    Rows Removed by Filter: 2198958
              ->  Hash  (cost=67604.59..67604.59 rows=127353 width=4) (actual time=457.242..457.242 rows=128696 loops=1)
                    Buckets: 131072  Batches: 2  Memory Usage: 3284kB
                    ->  Seq Scan on title t  (cost=0.00..67604.59 rows=127353 width=4) (actual time=0.016..423.241 rows=128696 loops=1)
                          Filter: (production_year = 2009)
                          Rows Removed by Filter: 2399616
Planning time: 0.821 ms
Execution time: 1800.845 ms
