Seq Scan on movie_keyword mk  (cost=0.00..81003.12 rows=3203803 width=0) (actual time=0.031..709.482 rows=3192995 loops=1)
  Filter: (keyword_id > 1739)
  Rows Removed by Filter: 1330935
Planning time: 0.317 ms
Execution time: 940.646 ms
