Hash Join  (cost=219414.15..293096.18 rows=396086 width=0) (actual time=2182.581..3243.269 rows=415742 loops=1)
  Hash Cond: (mc.movie_id = t.id)
  ->  Seq Scan on movie_companies mc  (cost=0.00..51404.11 rows=1329612 width=4) (actual time=0.026..551.246 rows=1334883 loops=1)
        Filter: (company_type_id > 1)
        Rows Removed by Filter: 1274246
  ->  Hash  (cost=207055.66..207055.66 rows=753239 width=8) (actual time=2181.714..2181.714 rows=368520 loops=1)
        Buckets: 131072  Batches: 16  Memory Usage: 1951kB
        ->  Hash Join  (cost=98137.04..207055.66 rows=753239 width=8) (actual time=938.937..2119.476 rows=368520 loops=1)
              Hash Cond: (mk.movie_id = t.id)
              ->  Seq Scan on movie_keyword mk  (cost=0.00..81003.12 rows=1023422 width=4) (actual time=0.027..668.437 rows=1027567 loops=1)
                    Filter: (keyword_id > 17356)
                    Rows Removed by Filter: 3496363
              ->  Hash  (cost=67604.59..67604.59 rows=1860996 width=4) (actual time=938.009..938.009 rows=1865487 loops=1)
                    Buckets: 131072  Batches: 32  Memory Usage: 3085kB
                    ->  Seq Scan on title t  (cost=0.00..67604.59 rows=1860996 width=4) (actual time=0.026..576.582 rows=1865487 loops=1)
                          Filter: (kind_id > 1)
                          Rows Removed by Filter: 662825
Planning time: 1.079 ms
Execution time: 3272.962 ms
