Hash Join  (cost=83810.17..807875.43 rows=371183 width=0) (actual time=5756.144..7560.022 rows=350413 loops=1)
  Hash Cond: (ci.movie_id = t.id)
  ->  Seq Scan on cast_info ci  (cost=0.00..705507.15 rows=950207 width=4) (actual time=4722.255..6084.610 rows=982988 loops=1)
        Filter: (person_id > 3872758)
        Rows Removed by Filter: 35261356
  ->  Hash  (cost=67604.59..67604.59 rows=987727 width=4) (actual time=1033.069..1033.069 rows=985048 loops=1)
        Buckets: 131072  Batches: 16  Memory Usage: 3188kB
        ->  Seq Scan on title t  (cost=0.00..67604.59 rows=987727 width=4) (actual time=0.021..764.214 rows=985048 loops=1)
              Filter: (kind_id < 7)
              Rows Removed by Filter: 1543264
Planning time: 0.747 ms
Execution time: 7586.352 ms
