Hash Join  (cost=155132.21..1208591.19 rows=1913382 width=0) (actual time=1801.807..16691.664 rows=323887 loops=1)
  Hash Cond: (ci.movie_id = t.id)
  ->  Seq Scan on cast_info ci  (cost=0.00..614943.12 rows=36225612 width=4) (actual time=0.014..6550.448 rows=36244344 loops=1)
  ->  Hash  (cost=152940.80..152940.80 rows=133553 width=8) (actual time=1800.523..1800.523 rows=34533 loops=1)
        Buckets: 131072  Batches: 2  Memory Usage: 1700kB
        ->  Hash Join  (cost=76049.74..152940.80 rows=133553 width=8) (actual time=899.844..1789.951 rows=34533 loops=1)
              Hash Cond: (mc.movie_id = t.id)
              ->  Seq Scan on movie_companies mc  (cost=0.00..44881.29 rows=2609129 width=4) (actual time=0.020..504.011 rows=2609129 loops=1)
              ->  Hash  (cost=73925.90..73925.90 rows=129427 width=4) (actual time=663.018..663.018 rows=27808 loops=1)
                    Buckets: 131072  Batches: 2  Memory Usage: 1513kB
                    ->  Seq Scan on title t  (cost=0.00..73925.90 rows=129427 width=4) (actual time=0.014..653.012 rows=27808 loops=1)
                          Filter: ((production_year < 1957) AND (kind_id = 7))
                          Rows Removed by Filter: 2500504
Planning time: 1.250 ms
Execution time: 16720.736 ms
