Hash Join  (cost=130312.32..217859.87 rows=88951 width=0) (actual time=1454.135..2694.746 rows=1328615 loops=1)
  Hash Cond: (mk.movie_id = t.id)
  ->  Seq Scan on movie_keyword mk  (cost=0.00..69693.30 rows=4523930 width=4) (actual time=0.017..464.603 rows=4523930 loops=1)
  ->  Hash  (cost=129690.86..129690.86 rows=49717 width=8) (actual time=1453.706..1453.706 rows=65459 loops=1)
        Buckets: 65536  Batches: 1  Memory Usage: 3069kB
        ->  Hash Join  (cost=74528.17..129690.86 rows=49717 width=8) (actual time=609.009..1434.485 rows=65459 loops=1)
              Hash Cond: (mc.movie_id = t.id)
              ->  Seq Scan on movie_companies mc  (cost=0.00..44881.29 rows=2609129 width=4) (actual time=0.027..318.657 rows=2609129 loops=1)
              ->  Hash  (cost=73925.90..73925.90 rows=48181 width=4) (actual time=608.653..608.653 rows=40899 loops=1)
                    Buckets: 65536  Batches: 1  Memory Usage: 1950kB
                    ->  Seq Scan on title t  (cost=0.00..73925.90 rows=48181 width=4) (actual time=0.168..597.973 rows=40899 loops=1)
                          Filter: ((kind_id < 4) AND (production_year = 2010))
                          Rows Removed by Filter: 2487413
Planning time: 1.108 ms
Execution time: 2800.200 ms
