Hash Join  (cost=220556.31..1436131.35 rows=17694687 width=0) (actual time=2564.042..23710.440 rows=31942739 loops=1)
  Hash Cond: (ci.movie_id = t.id)
  ->  Seq Scan on cast_info ci  (cost=0.00..614943.12 rows=36225612 width=4) (actual time=0.029..6061.350 rows=36244344 loops=1)
  ->  Hash  (cost=200292.83..200292.83 rows=1235079 width=8) (actual time=2563.240..2563.240 rows=1295770 loops=1)
        Buckets: 131072  Batches: 32  Memory Usage: 2594kB
        ->  Hash Join  (cost=102767.86..200292.83 rows=1235079 width=8) (actual time=860.143..2351.587 rows=1295770 loops=1)
              Hash Cond: (mc.movie_id = t.id)
              ->  Seq Scan on movie_companies mc  (cost=0.00..57926.93 rows=1235079 width=4) (actual time=0.018..674.796 rows=1295770 loops=1)
                    Filter: ((company_id > 46) AND (company_type_id = 2))
                    Rows Removed by Filter: 1313359
              ->  Hash  (cost=61283.27..61283.27 rows=2528527 width=4) (actual time=859.172..859.172 rows=2528312 loops=1)
                    Buckets: 131072  Batches: 64  Memory Usage: 2415kB
                    ->  Seq Scan on title t  (cost=0.00..61283.27 rows=2528527 width=4) (actual time=0.013..429.290 rows=2528312 loops=1)
Planning time: 1.292 ms
Execution time: 25857.199 ms
