Seq Scan on cast_info ci  (cost=0.00..796071.18 rows=19892959 width=0) (actual time=452.223..8251.444 rows=22053780 loops=1)
  Filter: ((person_id > 528938) AND (role_id > 1))
  Rows Removed by Filter: 14190564
Planning time: 0.318 ms
Execution time: 9871.047 ms
