Hash Join  (cost=123612.67..833411.55 rows=21297 width=0) (actual time=5561.367..8104.088 rows=48733 loops=1)
  Hash Cond: (ci.movie_id = t.id)
  ->  Seq Scan on cast_info ci  (cost=0.00..705507.15 rows=289805 width=4) (actual time=4028.895..6463.870 rows=276403 loops=1)
        Filter: (role_id = 7)
        Rows Removed by Filter: 35967941
  ->  Hash  (cost=120564.00..120564.00 rows=185813 width=8) (actual time=1531.637..1531.637 rows=143567 loops=1)
        Buckets: 131072  Batches: 4  Memory Usage: 2418kB
        ->  Hash Join  (cost=84197.31..120564.00 rows=185813 width=8) (actual time=904.504..1503.799 rows=143567 loops=1)
              Hash Cond: (mi_idx.movie_id = t.id)
              ->  Seq Scan on movie_info_idx mi_idx  (cost=0.00..25185.44 rows=464566 width=4) (actual time=0.025..301.772 rows=459925 loops=1)
                    Filter: (info_type_id = 101)
                    Rows Removed by Filter: 920110
              ->  Hash  (cost=67604.59..67604.59 rows=1011338 width=4) (actual time=903.775..903.775 rows=1012920 loops=1)
                    Buckets: 131072  Batches: 16  Memory Usage: 3250kB
                    ->  Seq Scan on title t  (cost=0.00..67604.59 rows=1011338 width=4) (actual time=0.019..668.465 rows=1012920 loops=1)
                          Filter: (production_year > 2005)
                          Rows Removed by Filter: 1515392
Planning time: 1.151 ms
Execution time: 8109.553 ms
