Hash Join  (cost=83074.74..447745.01 rows=1434 width=0) (actual time=1395.568..8129.338 rows=3684 loops=1)
  Hash Cond: (mi.movie_id = t.id)
  ->  Seq Scan on movie_info mi  (cost=0.00..309384.22 rows=14739122 width=4) (actual time=0.021..4079.416 rows=14835720 loops=1)
  ->  Hash  (cost=83071.67..83071.67 rows=246 width=8) (actual time=1391.710..1391.710 rows=85 loops=1)
        Buckets: 1024  Batches: 1  Memory Usage: 12kB
        ->  Nested Loop  (cost=0.43..83071.67 rows=246 width=8) (actual time=48.202..1391.593 rows=85 loops=1)
              ->  Seq Scan on movie_keyword mk  (cost=0.00..81003.12 rows=246 width=4) (actual time=48.120..1377.778 rows=85 loops=1)
                    Filter: (keyword_id = 2304)
                    Rows Removed by Filter: 4523845
              ->  Index Only Scan using title_pkey on title t  (cost=0.43..8.40 rows=1 width=4) (actual time=0.157..0.158 rows=1 loops=85)
                    Index Cond: (id = mk.movie_id)
                    Heap Fetches: 85
Planning time: 1.073 ms
Execution time: 8130.336 ms
