Seq Scan on cast_info ci  (cost=0.00..705507.15 rows=7102074 width=0) (actual time=438.074..6979.424 rows=7049130 loops=1)
  Filter: (person_id < 680714)
  Rows Removed by Filter: 29195214
Planning time: 0.231 ms
Execution time: 7727.486 ms
