Hash Join  (cost=164107.01..529160.89 rows=39794 width=0) (actual time=1238.965..5065.657 rows=522833 loops=1)
  Hash Cond: (mi.movie_id = t.id)
  ->  Seq Scan on movie_info mi  (cost=0.00..309384.22 rows=14739122 width=4) (actual time=0.011..1688.782 rows=14835720 loops=1)
  ->  Hash  (cost=164021.68..164021.68 rows=6827 width=8) (actual time=1238.903..1238.903 rows=24186 loops=1)
        Buckets: 32768 (originally 8192)  Batches: 1 (originally 1)  Memory Usage: 1201kB
        ->  Hash Join  (cost=80830.47..164021.68 rows=6827 width=8) (actual time=674.401..1234.378 rows=24186 loops=1)
              Hash Cond: (mk.movie_id = t.id)
              ->  Seq Scan on movie_keyword mk  (cost=0.00..81003.12 rows=41017 width=4) (actual time=0.022..505.048 rows=41840 loops=1)
                    Filter: (keyword_id = 117)
                    Rows Removed by Filter: 4482090
              ->  Hash  (cost=73925.90..73925.90 rows=420845 width=4) (actual time=673.675..673.675 rows=517968 loops=1)
                    Buckets: 131072  Batches: 8  Memory Usage: 3320kB
                    ->  Seq Scan on title t  (cost=0.00..73925.90 rows=420845 width=4) (actual time=0.018..564.287 rows=517968 loops=1)
                          Filter: ((kind_id < 7) AND (production_year < 2001))
                          Rows Removed by Filter: 2010344
Planning time: 0.695 ms
Execution time: 5107.451 ms
