Nested Loop  (cost=0.43..709673.15 rows=25 width=0) (actual time=1018.533..4553.779 rows=28 loops=1)
  ->  Seq Scan on cast_info ci  (cost=0.00..705507.15 rows=500 width=4) (actual time=309.216..4548.933 rows=582 loops=1)
        Filter: (person_id = 2085188)
        Rows Removed by Filter: 36243762
  ->  Index Scan using title_pkey on title t  (cost=0.43..8.32 rows=1 width=4) (actual time=0.008..0.008 rows=0 loops=582)
        Index Cond: (id = ci.movie_id)
        Filter: (production_year = 2008)
        Rows Removed by Filter: 1
Planning time: 0.595 ms
Execution time: 4553.877 ms
