Seq Scan on cast_info ci  (cost=0.00..796071.18 rows=11321717 width=0) (actual time=1407.898..6019.425 rows=17576554 loops=1)
  Filter: ((person_id > 1859253) AND (role_id > 1))
  Rows Removed by Filter: 18667790
Planning time: 0.220 ms
Execution time: 7217.475 ms
