Seq Scan on movie_companies mc  (cost=0.00..51404.11 rows=2260928 width=0) (actual time=0.018..400.852 rows=2255929 loops=1)
  Filter: (company_id < 87967)
  Rows Removed by Filter: 353200
Planning time: 0.249 ms
Execution time: 543.186 ms
