Hash Join  (cost=84341.74..156938.31 rows=333841 width=0) (actual time=720.314..1853.642 rows=573719 loops=1)
  Hash Cond: (mc.movie_id = t.id)
  ->  Seq Scan on movie_companies mc  (cost=0.00..51404.11 rows=1329612 width=4) (actual time=0.019..468.279 rows=1334883 loops=1)
        Filter: (company_type_id = 2)
        Rows Removed by Filter: 1274246
  ->  Hash  (cost=73925.90..73925.90 rows=634867 width=4) (actual time=711.307..711.307 rows=596465 loops=1)
        Buckets: 131072  Batches: 16  Memory Usage: 2331kB
        ->  Seq Scan on title t  (cost=0.00..73925.90 rows=634867 width=4) (actual time=16.171..595.648 rows=596465 loops=1)
              Filter: ((production_year > 1914) AND (kind_id = 1))
              Rows Removed by Filter: 1931847
Planning time: 0.460 ms
Execution time: 1909.147 ms
