Hash Join  (cost=197144.94..594368.10 rows=714029 width=0) (actual time=3204.848..6302.517 rows=5539439 loops=1)
  Hash Cond: (mi.movie_id = t.id)
  ->  Seq Scan on movie_info mi  (cost=0.00..346232.03 rows=3623957 width=4) (actual time=936.529..2409.710 rows=3624977 loops=1)
        Filter: (info_type_id < 4)
        Rows Removed by Filter: 11210743
  ->  Hash  (cost=188970.48..188970.48 rows=498197 width=8) (actual time=2115.372..2115.372 rows=1212491 loops=1)
        Buckets: 131072 (originally 131072)  Batches: 16 (originally 8)  Memory Usage: 4114kB
        ->  Hash Join  (cost=78556.72..188970.48 rows=498197 width=8) (actual time=527.761..1912.203 rows=1212491 loops=1)
              Hash Cond: (mk.movie_id = t.id)
              ->  Seq Scan on movie_keyword mk  (cost=0.00..81003.12 rows=1887109 width=4) (actual time=0.027..664.396 rows=1899092 loops=1)
                    Filter: (keyword_id < 3254)
                    Rows Removed by Filter: 2624838
              ->  Hash  (cost=67604.59..67604.59 rows=667531 width=4) (actual time=526.928..526.928 rows=662825 loops=1)
                    Buckets: 131072  Batches: 16  Memory Usage: 2486kB
                    ->  Seq Scan on title t  (cost=0.00..67604.59 rows=667531 width=4) (actual time=55.630..414.866 rows=662825 loops=1)
                          Filter: (kind_id = 1)
                          Rows Removed by Filter: 1865487
Planning time: 0.712 ms
Execution time: 6643.551 ms
