Hash Join  (cost=128645.80..619424.32 rows=1028261 width=0) (actual time=1170.251..8159.517 rows=5719032 loops=1)
  Hash Cond: (mi.movie_id = t.id)
  ->  Seq Scan on movie_info mi  (cost=0.00..309384.22 rows=14739122 width=4) (actual time=0.014..2388.082 rows=14835720 loops=1)
  ->  Hash  (cost=125750.80..125750.80 rows=176400 width=8) (actual time=1169.661..1169.661 rows=318009 loops=1)
        Buckets: 131072 (originally 131072)  Batches: 8 (originally 4)  Memory Usage: 3073kB
        ->  Hash Join  (cost=89678.24..125750.80 rows=176400 width=8) (actual time=664.863..1108.695 rows=318009 loops=1)
              Hash Cond: (mi_idx.movie_id = t.id)
              ->  Seq Scan on movie_info_idx mi_idx  (cost=0.00..25185.44 rows=464566 width=4) (actual time=0.030..188.999 rows=459925 loops=1)
                    Filter: (info_type_id = 101)
                    Rows Removed by Filter: 920110
              ->  Hash  (cost=73925.90..73925.90 rows=960107 width=4) (actual time=664.096..664.096 rows=977778 loops=1)
                    Buckets: 131072  Batches: 16  Memory Usage: 3172kB
                    ->  Seq Scan on title t  (cost=0.00..73925.90 rows=960107 width=4) (actual time=0.011..501.974 rows=977778 loops=1)
                          Filter: ((kind_id < 7) AND (production_year > 0))
                          Rows Removed by Filter: 1550534
Planning time: 0.621 ms
Execution time: 8536.037 ms
