Hash Join  (cost=79310.28..149096.21 rows=172577 width=0) (actual time=569.814..1305.118 rows=118477 loops=1)
  Hash Cond: (mc.movie_id = t.id)
  ->  Seq Scan on movie_companies mc  (cost=0.00..51404.11 rows=1329612 width=4) (actual time=0.022..408.437 rows=1334883 loops=1)
        Filter: (company_type_id > 1)
        Rows Removed by Filter: 1274246
  ->  Hash  (cost=73925.90..73925.90 rows=328190 width=4) (actual time=568.908..568.908 rows=217611 loops=1)
        Buckets: 131072  Batches: 8  Memory Usage: 1969kB
        ->  Seq Scan on title t  (cost=0.00..73925.90 rows=328190 width=4) (actual time=111.782..526.103 rows=217611 loops=1)
              Filter: ((production_year < 1982) AND (kind_id = 7))
              Rows Removed by Filter: 2310701
Planning time: 0.699 ms
Execution time: 1313.110 ms
