Hash Join  (cost=75849.44..512779.19 rows=347927 width=0) (actual time=459.163..4062.655 rows=5531 loops=1)
  Hash Cond: (mi.movie_id = t.id)
  ->  Seq Scan on movie_info mi  (cost=0.00..346232.03 rows=7503588 width=4) (actual time=0.010..2327.414 rows=7548855 loops=1)
        Filter: (info_type_id > 7)
        Rows Removed by Filter: 7286865
  ->  Hash  (cost=73925.90..73925.90 rows=117243 width=4) (actual time=449.322..449.322 rows=2818 loops=1)
        Buckets: 131072  Batches: 2  Memory Usage: 1079kB
        ->  Seq Scan on title t  (cost=0.00..73925.90 rows=117243 width=4) (actual time=0.207..448.324 rows=2818 loops=1)
              Filter: ((kind_id > 1) AND (production_year < 1950))
              Rows Removed by Filter: 2525494
Planning time: 0.498 ms
Execution time: 4063.442 ms
