Hash Join  (cost=74547.77..157865.58 rows=11539 width=0) (actual time=445.128..1046.275 rows=18213 loops=1)
  Hash Cond: (mk.movie_id = t.id)
  ->  Seq Scan on movie_keyword mk  (cost=0.00..81003.12 rows=586478 width=4) (actual time=0.017..518.021 rows=590840 loops=1)
        Filter: (keyword_id < 430)
        Rows Removed by Filter: 3933090
  ->  Hash  (cost=73925.90..73925.90 rows=49749 width=4) (actual time=444.464..444.464 rows=44012 loops=1)
        Buckets: 65536  Batches: 1  Memory Usage: 2060kB
        ->  Seq Scan on title t  (cost=0.00..73925.90 rows=49749 width=4) (actual time=0.025..434.229 rows=44012 loops=1)
              Filter: ((kind_id < 7) AND (production_year = 2009))
              Rows Removed by Filter: 2484300
Planning time: 0.514 ms
Execution time: 1048.085 ms
