Seq Scan on movie_companies mc  (cost=0.00..57926.93 rows=634098 width=0) (actual time=207.687..385.213 rows=393673 loops=1)
  Filter: ((company_id > 11327) AND (company_type_id < 2))
  Rows Removed by Filter: 2215456
Planning time: 0.254 ms
Execution time: 411.116 ms
