Seq Scan on cast_info ci  (cost=0.00..796071.18 rows=4204132 width=0) (actual time=4021.210..5840.022 rows=2772016 loops=1)
  Filter: ((person_id < 2089628) AND (role_id = 2))
  Rows Removed by Filter: 33472328
Planning time: 0.272 ms
Execution time: 6015.392 ms
