Seq Scan on movie_keyword mk  (cost=0.00..81003.12 rows=4826 width=0) (actual time=0.227..1223.501 rows=4626 loops=1)
  Filter: (keyword_id = 465)
  Rows Removed by Filter: 4519304
Planning time: 0.384 ms
Execution time: 1224.691 ms
