Seq Scan on cast_info ci  (cost=0.00..796071.18 rows=80 width=0) (actual time=1191.916..5257.095 rows=9 loops=1)
  Filter: ((role_id > 8) AND (person_id = 1559935))
  Rows Removed by Filter: 36244335
Planning time: 0.290 ms
Execution time: 5257.188 ms
