Hash Join  (cost=874318.92..3123905.16 rows=96462213 width=0) (actual time=9291.779..33501.759 rows=83314373 loops=1)
  Hash Cond: (ci.movie_id = t.id)
  ->  Seq Scan on cast_info ci  (cost=0.00..705507.15 rows=23633661 width=4) (actual time=0.016..6890.062 rows=23536062 loops=1)
        Filter: (person_id < 2410342)
        Rows Removed by Filter: 12708282
  ->  Hash  (cost=705000.71..705000.71 rows=10320336 width=8) (actual time=9290.248..9290.248 rows=5765094 loops=1)
        Buckets: 131072  Batches: 256  Memory Usage: 1884kB
        ->  Hash Join  (cost=96651.52..705000.71 rows=10320336 width=8) (actual time=1002.122..8359.472 rows=5765094 loops=1)
              Hash Cond: (mi.movie_id = t.id)
              ->  Seq Scan on movie_info mi  (cost=0.00..309384.22 rows=14739122 width=4) (actual time=0.024..2386.068 rows=14835720 loops=1)
              ->  Hash  (cost=67604.59..67604.59 rows=1770475 width=4) (actual time=1001.238..1001.238 rows=1774635 loops=1)
                    Buckets: 131072  Batches: 32  Memory Usage: 2984kB
                    ->  Seq Scan on title t  (cost=0.00..67604.59 rows=1770475 width=4) (actual time=0.021..640.834 rows=1774635 loops=1)
                          Filter: (kind_id > 2)
                          Rows Removed by Filter: 753677
Planning time: 0.725 ms
Execution time: 38454.152 ms
