Hash Join  (cost=197250.98..242626.00 rows=447754 width=0) (actual time=1840.074..2591.490 rows=1352998 loops=1)
  Hash Cond: (mi_idx.movie_id = t.id)
  ->  Seq Scan on movie_info_idx mi_idx  (cost=0.00..21735.35 rows=1380035 width=4) (actual time=0.014..184.372 rows=1380035 loops=1)
  ->  Hash  (cost=183791.19..183791.19 rows=820383 width=8) (actual time=1839.273..1839.273 rows=812591 loops=1)
        Buckets: 131072  Batches: 16  Memory Usage: 2997kB
        ->  Hash Join  (cost=102767.86..183791.19 rows=820383 width=8) (actual time=798.928..1707.442 rows=812591 loops=1)
              Hash Cond: (mc.movie_id = t.id)
              ->  Seq Scan on movie_companies mc  (cost=0.00..51404.11 rows=820383 width=4) (actual time=0.014..371.043 rows=812591 loops=1)
                    Filter: (company_id < 1886)
                    Rows Removed by Filter: 1796538
              ->  Hash  (cost=61283.27..61283.27 rows=2528527 width=4) (actual time=798.206..798.206 rows=2528312 loops=1)
                    Buckets: 131072  Batches: 64  Memory Usage: 2415kB
                    ->  Seq Scan on title t  (cost=0.00..61283.27 rows=2528527 width=4) (actual time=0.010..399.905 rows=2528312 loops=1)
Planning time: 0.721 ms
Execution time: 2677.587 ms
