Seq Scan on movie_keyword mk  (cost=0.00..81003.12 rows=246 width=0) (actual time=0.487..1222.969 rows=1514 loops=1)
  Filter: (keyword_id = 7861)
  Rows Removed by Filter: 4522416
Planning time: 0.401 ms
Execution time: 1223.493 ms
