Seq Scan on movie_companies mc  (cost=0.00..51404.11 rows=761702 width=0) (actual time=0.021..333.549 rows=755434 loops=1)
  Filter: (company_id < 1498)
  Rows Removed by Filter: 1853695
Planning time: 0.227 ms
Execution time: 383.979 ms
