Nested Loop  (cost=0.43..709674.40 rows=134 width=0) (actual time=1844.458..4377.024 rows=4 loops=1)
  ->  Seq Scan on cast_info ci  (cost=0.00..705507.15 rows=500 width=4) (actual time=1844.395..4376.884 rows=4 loops=1)
        Filter: (person_id = 3360198)
        Rows Removed by Filter: 36244340
  ->  Index Scan using title_pkey on title t  (cost=0.43..8.32 rows=1 width=4) (actual time=0.031..0.031 rows=1 loops=4)
        Index Cond: (id = ci.movie_id)
        Filter: ((kind_id < 7) AND (production_year > 1991))
Planning time: 0.493 ms
Execution time: 4377.103 ms
