Seq Scan on movie_keyword mk  (cost=0.00..81003.12 rows=246 width=0) (actual time=17.562..480.416 rows=39 loops=1)
  Filter: (keyword_id = 30586)
  Rows Removed by Filter: 4523891
Planning time: 0.272 ms
Execution time: 480.498 ms
