Nested Loop  (cost=0.43..83071.67 rows=246 width=0) (actual time=0.357..522.665 rows=456 loops=1)
  ->  Seq Scan on movie_keyword mk  (cost=0.00..81003.12 rows=246 width=4) (actual time=0.317..515.134 rows=456 loops=1)
        Filter: (keyword_id = 5210)
        Rows Removed by Filter: 4523474
  ->  Index Only Scan using title_pkey on title t  (cost=0.43..8.40 rows=1 width=4) (actual time=0.016..0.016 rows=1 loops=456)
        Index Cond: (id = mk.movie_id)
        Heap Fetches: 456
Planning time: 0.481 ms
Execution time: 522.856 ms
