Seq Scan on cast_info ci  (cost=0.00..796071.18 rows=6082732 width=0) (actual time=0.014..5090.688 rows=9362271 loops=1)
  Filter: ((person_id > 2766609) AND (role_id > 1))
  Rows Removed by Filter: 26882073
Planning time: 0.212 ms
Execution time: 5689.317 ms
