Hash Join  (cost=163046.79..1241777.42 rows=4373446 width=0) (actual time=1431.872..15006.768 rows=2965124 loops=1)
  Hash Cond: (ci.movie_id = t.id)
  ->  Seq Scan on cast_info ci  (cost=0.00..614943.12 rows=36225612 width=4) (actual time=0.015..5097.408 rows=36244344 loops=1)
  ->  Hash  (cost=158037.99..158037.99 rows=305264 width=8) (actual time=1427.536..1427.536 rows=193227 loops=1)
        Buckets: 131072  Batches: 4  Memory Usage: 2909kB
        ->  Hash Join  (cost=78779.83..158037.99 rows=305264 width=8) (actual time=475.002..1394.458 rows=193227 loops=1)
              Hash Cond: (mc.movie_id = t.id)
              ->  Seq Scan on movie_companies mc  (cost=0.00..44881.29 rows=2609129 width=4) (actual time=0.013..348.142 rows=2609129 loops=1)
              ->  Hash  (cost=73925.90..73925.90 rows=295834 width=4) (actual time=474.424..474.424 rows=185285 loops=1)
                    Buckets: 131072  Batches: 4  Memory Usage: 2648kB
                    ->  Seq Scan on title t  (cost=0.00..73925.90 rows=295834 width=4) (actual time=0.013..435.910 rows=185285 loops=1)
                          Filter: ((production_year < 1978) AND (kind_id = 7))
                          Rows Removed by Filter: 2343027
Planning time: 0.740 ms
Execution time: 15199.954 ms
