Seq Scan on cast_info ci  (cost=0.00..796071.18 rows=4345019 width=0) (actual time=775.941..5616.591 rows=6940762 loops=1)
  Filter: ((person_id > 1951463) AND (role_id > 4))
  Rows Removed by Filter: 29303582
Planning time: 0.267 ms
Execution time: 6096.590 ms
