Hash Join  (cost=83074.74..109963.59 rows=44 width=0) (actual time=524.741..797.790 rows=2914 loops=1)
  Hash Cond: (mi_idx.movie_id = t.id)
  ->  Seq Scan on movie_info_idx mi_idx  (cost=0.00..25185.44 rows=454124 width=4) (actual time=0.020..221.797 rows=459925 loops=1)
        Filter: (info_type_id = 100)
        Rows Removed by Filter: 920110
  ->  Hash  (cost=83071.67..83071.67 rows=246 width=8) (actual time=523.284..523.284 rows=3402 loops=1)
        Buckets: 4096 (originally 1024)  Batches: 1 (originally 1)  Memory Usage: 165kB
        ->  Nested Loop  (cost=0.43..83071.67 rows=246 width=8) (actual time=0.313..522.059 rows=3402 loops=1)
              ->  Seq Scan on movie_keyword mk  (cost=0.00..81003.12 rows=246 width=4) (actual time=0.270..484.099 rows=3402 loops=1)
                    Filter: (keyword_id = 872)
                    Rows Removed by Filter: 4520528
              ->  Index Only Scan using title_pkey on title t  (cost=0.43..8.40 rows=1 width=4) (actual time=0.010..0.011 rows=1 loops=3402)
                    Index Cond: (id = mk.movie_id)
                    Heap Fetches: 3402
Planning time: 0.716 ms
Execution time: 798.284 ms
