Seq Scan on movie_companies mc  (cost=0.00..51404.11 rows=104 width=0) (actual time=131.297..298.762 rows=1 loops=1)
  Filter: (company_id = 214081)
  Rows Removed by Filter: 2609128
Planning time: 0.263 ms
Execution time: 298.813 ms
