Seq Scan on cast_info ci  (cost=0.00..796071.18 rows=6232341 width=0) (actual time=0.015..5648.439 rows=12670688 loops=1)
  Filter: ((person_id < 1741406) AND (role_id < 2))
  Rows Removed by Filter: 23573656
Planning time: 0.222 ms
Execution time: 6444.507 ms
