Hash Join  (cost=1324426.40..2608960.03 rows=59878558 width=0) (actual time=15029.427..41998.878 rows=168201118 loops=1)
  Hash Cond: (mi.movie_id = t.id)
  ->  Seq Scan on movie_info mi  (cost=0.00..309384.22 rows=14739122 width=4) (actual time=0.012..2509.149 rows=14835720 loops=1)
  ->  Hash  (cost=1155895.77..1155895.77 rows=10272291 width=8) (actual time=15027.847..15027.847 rows=13463342 loops=1)
        Buckets: 131072  Batches: 256  Memory Usage: 3150kB
        ->  Hash Join  (cost=102767.86..1155895.77 rows=10272291 width=8) (actual time=907.180..12873.047 rows=13463342 loops=1)
              Hash Cond: (ci.movie_id = t.id)
              ->  Seq Scan on cast_info ci  (cost=0.00..796071.18 rows=10272291 width=4) (actual time=0.020..6116.181 rows=13463342 loops=1)
                    Filter: ((person_id < 1838817) AND (role_id < 3))
                    Rows Removed by Filter: 22781002
              ->  Hash  (cost=61283.27..61283.27 rows=2528527 width=4) (actual time=906.313..906.313 rows=2528312 loops=1)
                    Buckets: 131072  Batches: 64  Memory Usage: 2415kB
                    ->  Seq Scan on title t  (cost=0.00..61283.27 rows=2528527 width=4) (actual time=0.019..450.904 rows=2528312 loops=1)
Planning time: 0.735 ms
Execution time: 51327.113 ms
