Seq Scan on movie_keyword mk  (cost=0.00..81003.12 rows=4417341 width=0) (actual time=0.017..612.184 rows=4418395 loops=1)
  Filter: (keyword_id < 81044)
  Rows Removed by Filter: 105535
Planning time: 0.245 ms
Execution time: 887.462 ms
