Hash Join  (cost=73982.55..102616.02 rows=1640 width=0) (actual time=1107.240..1824.404 rows=958 loops=1)
  Hash Cond: (mi_idx.movie_id = t.id)
  ->  Seq Scan on movie_info_idx mi_idx  (cost=0.00..25185.44 rows=915101 width=4) (actual time=0.027..568.315 rows=919850 loops=1)
        Filter: (info_type_id < 101)
        Rows Removed by Filter: 460185
  ->  Hash  (cost=73925.90..73925.90 rows=4532 width=4) (actual time=1106.364..1106.364 rows=5845 loops=1)
        Buckets: 8192  Batches: 1  Memory Usage: 270kB
        ->  Seq Scan on title t  (cost=0.00..73925.90 rows=4532 width=4) (actual time=0.080..1103.497 rows=5845 loops=1)
              Filter: ((kind_id = 7) AND (production_year = 1957))
              Rows Removed by Filter: 2522467
Planning time: 0.775 ms
Execution time: 1824.605 ms
