Hash Join  (cost=169021.06..296514.02 rows=450692 width=0) (actual time=1387.271..3625.815 rows=7098947 loops=1)
  Hash Cond: (mk.movie_id = t.id)
  ->  Seq Scan on movie_keyword mk  (cost=0.00..69693.30 rows=4523930 width=4) (actual time=0.027..538.092 rows=4523930 loops=1)
  ->  Hash  (cost=164888.28..164888.28 rows=251902 width=8) (actual time=1386.754..1386.754 rows=426866 loops=1)
        Buckets: 131072 (originally 131072)  Batches: 8 (originally 4)  Memory Usage: 3122kB
        ->  Hash Join  (cost=93117.31..164888.28 rows=251902 width=8) (actual time=808.921..1318.005 rows=426866 loops=1)
              Hash Cond: (mc.movie_id = t.id)
              ->  Seq Scan on movie_companies mc  (cost=0.00..57926.93 rows=409603 width=4) (actual time=132.471..344.014 rows=588262 loops=1)
                    Filter: ((company_id < 2064) AND (company_type_id = 1))
                    Rows Removed by Filter: 2020867
              ->  Hash  (cost=67604.59..67604.59 rows=1555018 width=4) (actual time=675.644..675.644 rows=1551727 loops=1)
                    Buckets: 131072  Batches: 32  Memory Usage: 2728kB
                    ->  Seq Scan on title t  (cost=0.00..67604.59 rows=1555018 width=4) (actual time=0.023..453.420 rows=1551727 loops=1)
                          Filter: (production_year < 2007)
                          Rows Removed by Filter: 976585
Planning time: 0.642 ms
Execution time: 4029.048 ms
