Seq Scan on cast_info ci  (cost=0.00..796071.18 rows=7147056 width=0) (actual time=1251.484..5725.215 rows=9096735 loops=1)
  Filter: ((person_id > 1470783) AND (role_id > 3))
  Rows Removed by Filter: 27147609
Planning time: 0.269 ms
Execution time: 6308.763 ms
