Hash Join  (cost=129928.86..260475.95 rows=1116256 width=134) (actual time=2875.848..6245.724 rows=1014345 loops=1)
  Hash Cond: (mc.movie_id = t.id)
  ->  Seq Scan on movie_companies mc  (cost=0.00..57926.93 rows=1116256 width=40) (actual time=0.022..1354.117 rows=1014345 loops=1)
        Filter: ((company_id > 160) AND (company_type_id = 1))
        Rows Removed by Filter: 1594784
  ->  Hash  (cost=61283.27..61283.27 rows=2528527 width=94) (actual time=2872.564..2872.564 rows=2528312 loops=1)
        Buckets: 32768  Batches: 128  Memory Usage: 2453kB
        ->  Seq Scan on title t  (cost=0.00..61283.27 rows=2528527 width=94) (actual time=0.021..1295.922 rows=2528312 loops=1)
Planning time: 0.920 ms
Execution time: 6300.215 ms
