Hash Join  (cost=77232.60..108904.06 rows=36735 width=0) (actual time=1221.956..1915.794 rows=81939 loops=1)
  Hash Cond: (mi_idx.movie_id = t.id)
  ->  Seq Scan on movie_info_idx mi_idx  (cost=0.00..25185.44 rows=460978 width=4) (actual time=0.020..414.343 rows=459925 loops=1)
        Filter: (info_type_id < 100)
        Rows Removed by Filter: 920110
  ->  Hash  (cost=73925.90..73925.90 rows=201496 width=4) (actual time=1221.196..1221.196 rows=307194 loops=1)
        Buckets: 131072  Batches: 4  Memory Usage: 3727kB
        ->  Seq Scan on title t  (cost=0.00..73925.90 rows=201496 width=4) (actual time=0.050..1123.837 rows=307194 loops=1)
              Filter: ((kind_id < 7) AND (production_year < 1980))
              Rows Removed by Filter: 2221118
Planning time: 0.868 ms
Execution time: 1926.854 ms
