Hash Join  (cost=171018.12..940568.11 rows=41258 width=0) (actual time=8266.083..17567.182 rows=36056 loops=1)
  Hash Cond: (ci.movie_id = t.id)
  ->  Seq Scan on cast_info ci  (cost=0.00..705507.15 rows=12726058 width=4) (actual time=5168.958..12645.078 rows=12670688 loops=1)
        Filter: (role_id < 2)
        Rows Removed by Filter: 23573656
  ->  Hash  (cost=170915.66..170915.66 rows=8197 width=8) (actual time=3081.503..3081.503 rows=3199 loops=1)
        Buckets: 16384  Batches: 1  Memory Usage: 253kB
        ->  Hash Join  (cost=73987.23..170915.66 rows=8197 width=8) (actual time=1225.777..3080.230 rows=3199 loops=1)
              Hash Cond: (mk.movie_id = t.id)
              ->  Seq Scan on movie_keyword mk  (cost=0.00..81003.12 rows=4224889 width=4) (actual time=0.023..1398.904 rows=4206711 loops=1)
                    Filter: (keyword_id > 249)
                    Rows Removed by Filter: 317219
              ->  Hash  (cost=73925.90..73925.90 rows=4906 width=4) (actual time=1100.689..1100.689 rows=8772 loops=1)
                    Buckets: 16384 (originally 8192)  Batches: 1 (originally 1)  Memory Usage: 437kB
                    ->  Seq Scan on title t  (cost=0.00..73925.90 rows=4906 width=4) (actual time=4.036..1096.191 rows=8772 loops=1)
                          Filter: ((kind_id > 3) AND (production_year = 1970))
                          Rows Removed by Filter: 2519540
Planning time: 1.270 ms
Execution time: 17572.455 ms
