Hash Join  (cost=73982.55..433869.37 rows=6495 width=0) (actual time=1747.952..6894.864 rows=6396 loops=1)
  Hash Cond: (mi.movie_id = t.id)
  ->  Seq Scan on movie_info mi  (cost=0.00..346232.03 rows=3623957 width=4) (actual time=0.012..5127.239 rows=3624977 loops=1)
        Filter: (info_type_id < 4)
        Rows Removed by Filter: 11210743
  ->  Hash  (cost=73925.90..73925.90 rows=4532 width=4) (actual time=1055.929..1055.929 rows=13632 loops=1)
        Buckets: 16384 (originally 8192)  Batches: 1 (originally 1)  Memory Usage: 608kB
        ->  Seq Scan on title t  (cost=0.00..73925.90 rows=4532 width=4) (actual time=254.756..1049.873 rows=13632 loops=1)
              Filter: ((kind_id = 7) AND (production_year = 1990))
              Rows Removed by Filter: 2514680
Planning time: 0.806 ms
Execution time: 6895.973 ms
