Seq Scan on cast_info ci  (cost=0.00..796071.18 rows=2313538 width=0) (actual time=5315.068..10869.279 rows=1825 loops=1)
  Filter: ((person_id < 1119456) AND (role_id = 2))
  Rows Removed by Filter: 36242519
Planning time: 0.394 ms
Execution time: 10869.775 ms
