Hash Join  (cost=139597.14..1252825.42 rows=4904832 width=0) (actual time=3286.990..39322.355 rows=14966520 loops=1)
  Hash Cond: (ci.movie_id = t.id)
  ->  Seq Scan on cast_info ci  (cost=0.00..796071.18 rows=23005534 width=4) (actual time=0.017..19386.800 rows=22779631 loops=1)
        Filter: ((person_id < 3909766) AND (role_id > 1))
        Rows Removed by Filter: 13464713
  ->  Hash  (cost=130752.54..130752.54 rows=539088 width=8) (actual time=3284.805..3284.805 rows=954317 loops=1)
        Buckets: 131072 (originally 131072)  Batches: 16 (originally 8)  Memory Usage: 3354kB
        ->  Hash Join  (cost=83810.17..130752.54 rows=539088 width=8) (actual time=1538.210..3033.269 rows=954317 loops=1)
              Hash Cond: (mi_idx.movie_id = t.id)
              ->  Seq Scan on movie_info_idx mi_idx  (cost=0.00..21735.35 rows=1380035 width=4) (actual time=0.025..461.915 rows=1380035 loops=1)
              ->  Hash  (cost=67604.59..67604.59 rows=987727 width=4) (actual time=1537.090..1537.090 rows=985048 loops=1)
                    Buckets: 131072  Batches: 16  Memory Usage: 3188kB
                    ->  Seq Scan on title t  (cost=0.00..67604.59 rows=987727 width=4) (actual time=0.019..1223.634 rows=985048 loops=1)
                          Filter: (kind_id < 7)
                          Rows Removed by Filter: 1543264
Planning time: 1.252 ms
Execution time: 41044.264 ms
