Hash Join  (cost=79930.86..447470.46 rows=375610 width=0) (actual time=2569.656..7057.175 rows=508101 loops=1)
  Hash Cond: (mi.movie_id = t.id)
  ->  Seq Scan on movie_info mi  (cost=0.00..346232.03 rows=1264125 width=4) (actual time=1111.063..4654.344 rows=1288928 loops=1)
        Filter: (info_type_id = 2)
        Rows Removed by Filter: 13546792
  ->  Hash  (cost=67604.59..67604.59 rows=751302 width=4) (actual time=1457.419..1457.419 rows=755902 loops=1)
        Buckets: 131072  Batches: 16  Memory Usage: 2692kB
        ->  Seq Scan on title t  (cost=0.00..67604.59 rows=751302 width=4) (actual time=0.023..1204.944 rows=755902 loops=1)
              Filter: (production_year < 1993)
              Rows Removed by Filter: 1772410
Planning time: 0.847 ms
Execution time: 7122.392 ms
