Hash Join  (cost=463989.94..1393214.92 rows=3429797 width=0) (actual time=12870.225..30252.643 rows=4463299 loops=1)
  Hash Cond: (ci.movie_id = t.id)
  ->  Seq Scan on cast_info ci  (cost=0.00..705507.15 rows=16201301 width=4) (actual time=5421.528..13841.927 rows=16121683 loops=1)
        Filter: (role_id > 2)
        Rows Removed by Filter: 20122661
  ->  Hash  (cost=455207.87..455207.87 rows=535286 width=8) (actual time=7447.753..7447.753 rows=191435 loops=1)
        Buckets: 131072  Batches: 8  Memory Usage: 1948kB
        ->  Hash Join  (cost=84197.31..455207.87 rows=535286 width=8) (actual time=3679.893..7385.648 rows=191435 loops=1)
              Hash Cond: (mi.movie_id = t.id)
              ->  Seq Scan on movie_info mi  (cost=0.00..346232.03 rows=1338312 width=4) (actual time=2313.445..4927.038 rows=1401902 loops=1)
                    Filter: (info_type_id = 7)
                    Rows Removed by Filter: 13433818
              ->  Hash  (cost=67604.59..67604.59 rows=1011338 width=4) (actual time=1365.748..1365.748 rows=1012920 loops=1)
                    Buckets: 131072  Batches: 16  Memory Usage: 3256kB
                    ->  Seq Scan on title t  (cost=0.00..67604.59 rows=1011338 width=4) (actual time=0.031..1038.565 rows=1012920 loops=1)
                          Filter: (production_year > 2005)
                          Rows Removed by Filter: 1515392
Planning time: 2.327 ms
Execution time: 30794.377 ms
