Hash Join  (cost=141770.48..651052.31 rows=2762392 width=0) (actual time=3351.967..20510.277 rows=14811585 loops=1)
  Hash Cond: (mi.movie_id = t.id)
  ->  Seq Scan on movie_info mi  (cost=0.00..309384.22 rows=14739122 width=4) (actual time=0.008..5184.408 rows=14835720 loops=1)
  ->  Hash  (cost=133994.80..133994.80 rows=473894 width=8) (actual time=3351.173..3351.173 rows=833471 loops=1)
        Buckets: 131072 (originally 131072)  Batches: 16 (originally 8)  Memory Usage: 3081kB
        ->  Hash Join  (cost=88171.38..133994.80 rows=473894 width=8) (actual time=1422.375..3116.803 rows=833471 loops=1)
              Hash Cond: (mi_idx.movie_id = t.id)
              ->  Seq Scan on movie_info_idx mi_idx  (cost=0.00..21735.35 rows=1380035 width=4) (actual time=0.020..392.323 rows=1380035 loops=1)
              ->  Hash  (cost=73925.90..73925.90 rows=868278 width=4) (actual time=1421.370..1421.370 rows=782805 loops=1)
                    Buckets: 131072  Batches: 16  Memory Usage: 2746kB
                    ->  Seq Scan on title t  (cost=0.00..73925.90 rows=868278 width=4) (actual time=0.014..1172.430 rows=782805 loops=1)
                          Filter: ((kind_id < 7) AND (production_year > 1959))
                          Rows Removed by Filter: 1745507
Planning time: 1.201 ms
Execution time: 22330.677 ms
