Seq Scan on movie_keyword mk  (cost=0.00..81003.12 rows=246 width=0) (actual time=1.027..1226.337 rows=176 loops=1)
  Filter: (keyword_id = 93)
  Rows Removed by Filter: 4523754
Planning time: 3.537 ms
Execution time: 1226.550 ms
