Nested Loop  (cost=0.43..52284.21 rows=39 width=0) (actual time=224.349..745.233 rows=3 loops=1)
  ->  Seq Scan on movie_companies mc  (cost=0.00..51404.11 rows=104 width=4) (actual time=224.288..745.061 rows=3 loops=1)
        Filter: (company_id = 151995)
        Rows Removed by Filter: 2609126
  ->  Index Scan using title_pkey on title t  (cost=0.43..8.45 rows=1 width=4) (actual time=0.050..0.051 rows=1 loops=3)
        Index Cond: (id = mc.movie_id)
        Filter: ((kind_id < 7) AND (production_year > 1913))
Planning time: 1.917 ms
Execution time: 745.345 ms
