Hash Join  (cost=102767.86..230236.75 rows=1520478 width=0) (actual time=1839.534..4859.542 rows=1536230 loops=1)
  Hash Cond: (mk.movie_id = t.id)
  ->  Seq Scan on movie_keyword mk  (cost=0.00..81003.12 rows=1520478 width=4) (actual time=0.021..1455.396 rows=1536230 loops=1)
        Filter: (keyword_id > 10340)
        Rows Removed by Filter: 2987700
  ->  Hash  (cost=61283.27..61283.27 rows=2528527 width=4) (actual time=1838.460..1838.460 rows=2528312 loops=1)
        Buckets: 131072  Batches: 64  Memory Usage: 2425kB
        ->  Seq Scan on title t  (cost=0.00..61283.27 rows=2528527 width=4) (actual time=0.030..958.361 rows=2528312 loops=1)
Planning time: 0.819 ms
Execution time: 5044.928 ms
