Hash Join  (cost=202262.86..1194305.29 rows=961276 width=0) (actual time=3818.119..28949.777 rows=1399198 loops=1)
  Hash Cond: (ci.movie_id = t.id)
  ->  Seq Scan on cast_info ci  (cost=0.00..796071.18 rows=14493702 width=4) (actual time=0.016..15063.171 rows=20122661 loops=1)
        Filter: ((person_id < 2714914) AND (role_id < 3))
        Rows Removed by Filter: 16121683
  ->  Hash  (cost=199510.60..199510.60 rows=167701 width=8) (actual time=3816.963..3816.963 rows=87088 loops=1)
        Buckets: 131072  Batches: 4  Memory Usage: 1820kB
        ->  Hash Join  (cost=75464.55..199510.60 rows=167701 width=8) (actual time=1093.487..3786.305 rows=87088 loops=1)
              Hash Cond: (mk.movie_id = t.id)
              ->  Seq Scan on movie_keyword mk  (cost=0.00..69693.30 rows=4523930 width=4) (actual time=0.019..1281.627 rows=4523930 loops=1)
              ->  Hash  (cost=73925.90..73925.90 rows=93732 width=4) (actual time=844.355..844.355 rows=100592 loops=1)
                    Buckets: 131072  Batches: 2  Memory Usage: 2797kB
                    ->  Seq Scan on title t  (cost=0.00..73925.90 rows=93732 width=4) (actual time=0.024..743.806 rows=100592 loops=1)
                          Filter: ((kind_id > 1) AND (production_year = 2009))
                          Rows Removed by Filter: 2427720
Planning time: 1.248 ms
Execution time: 29124.219 ms
