Hash Join  (cost=207746.07..725439.83 rows=1824093 width=0) (actual time=4790.379..21815.970 rows=27689580 loops=1)
  Hash Cond: (mi.movie_id = t.id)
  ->  Seq Scan on movie_info mi  (cost=0.00..309384.22 rows=14739122 width=4) (actual time=0.006..5422.515 rows=14835720 loops=1)
  ->  Hash  (cost=202611.49..202611.49 rows=312927 width=8) (actual time=4699.838..4699.838 rows=379694 loops=1)
        Buckets: 131072  Batches: 8  Memory Usage: 2860kB
        ->  Hash Join  (cost=76796.18..202611.49 rows=312927 width=8) (actual time=1425.894..4574.736 rows=379694 loops=1)
              Hash Cond: (mk.movie_id = t.id)
              ->  Seq Scan on movie_keyword mk  (cost=0.00..69693.30 rows=4523930 width=4) (actual time=0.018..1315.947 rows=4523930 loops=1)
              ->  Hash  (cost=73925.90..73925.90 rows=174902 width=4) (actual time=1424.984..1424.984 rows=160286 loops=1)
                    Buckets: 131072  Batches: 4  Memory Usage: 2442kB
                    ->  Seq Scan on title t  (cost=0.00..73925.90 rows=174902 width=4) (actual time=186.500..1123.448 rows=160286 loops=1)
                          Filter: ((production_year > 2008) AND (kind_id = 1))
                          Rows Removed by Filter: 2368026
Planning time: 1.268 ms
Execution time: 24652.324 ms
