Hash Join  (cost=73968.87..100898.11 rows=1876 width=0) (actual time=1260.299..1684.787 rows=5427 loops=1)
  Hash Cond: (mi_idx.movie_id = t.id)
  ->  Seq Scan on movie_info_idx mi_idx  (cost=0.00..21735.35 rows=1380035 width=4) (actual time=0.028..281.258 rows=1380035 loops=1)
  ->  Hash  (cost=73925.90..73925.90 rows=3437 width=4) (actual time=1139.973..1139.973 rows=3625 loops=1)
        Buckets: 4096  Batches: 1  Memory Usage: 160kB
        ->  Seq Scan on title t  (cost=0.00..73925.90 rows=3437 width=4) (actual time=0.051..1137.921 rows=3625 loops=1)
              Filter: ((kind_id = 2) AND (production_year = 2005))
              Rows Removed by Filter: 2524687
Planning time: 0.866 ms
Execution time: 1685.602 ms
