Hash Join  (cost=156632.57..278302.78 rows=532715 width=0) (actual time=3194.990..6506.349 rows=2222093 loops=1)
  Hash Cond: (mk.movie_id = t.id)
  ->  Seq Scan on movie_keyword mk  (cost=0.00..81003.12 rows=2899449 width=4) (actual time=0.020..1552.565 rows=2888217 loops=1)
        Filter: (keyword_id < 9078)
        Rows Removed by Filter: 1635713
  ->  Hash  (cost=149010.49..149010.49 rows=464566 width=8) (actual time=3194.207..3194.207 rows=459925 loops=1)
        Buckets: 131072  Batches: 8  Memory Usage: 3284kB
        ->  Hash Join  (cost=102767.86..149010.49 rows=464566 width=8) (actual time=1768.863..3049.341 rows=459925 loops=1)
              Hash Cond: (mi_idx.movie_id = t.id)
              ->  Seq Scan on movie_info_idx mi_idx  (cost=0.00..25185.44 rows=464566 width=4) (actual time=0.024..435.788 rows=459925 loops=1)
                    Filter: (info_type_id = 101)
                    Rows Removed by Filter: 920110
              ->  Hash  (cost=61283.27..61283.27 rows=2528527 width=4) (actual time=1766.803..1766.803 rows=2528312 loops=1)
                    Buckets: 131072  Batches: 64  Memory Usage: 2415kB
                    ->  Seq Scan on title t  (cost=0.00..61283.27 rows=2528527 width=4) (actual time=0.021..925.073 rows=2528312 loops=1)
Planning time: 1.163 ms
Execution time: 6745.300 ms
