Hash Join  (cost=304247.26..1198290.45 rows=7566397 width=0) (actual time=9171.023..23527.189 rows=3320167 loops=1)
  Hash Cond: (ci.movie_id = t.id)
  ->  Seq Scan on cast_info ci  (cost=0.00..705507.15 rows=7298253 width=4) (actual time=3317.999..12722.438 rows=7451973 loops=1)
        Filter: (role_id = 2)
        Rows Removed by Filter: 28792371
  ->  Hash  (cost=261239.42..261239.42 rows=2621427 width=8) (actual time=5851.526..5851.526 rows=637493 loops=1)
        Buckets: 131072  Batches: 64  Memory Usage: 1398kB
        ->  Hash Join  (cost=92883.59..261239.42 rows=2621427 width=8) (actual time=2682.056..5659.323 rows=637493 loops=1)
              Hash Cond: (mk.movie_id = t.id)
              ->  Seq Scan on movie_keyword mk  (cost=0.00..81003.12 rows=4301888 width=4) (actual time=0.029..1694.782 rows=4299875 loops=1)
                    Filter: (keyword_id < 64187)
                    Rows Removed by Filter: 224055
              ->  Hash  (cost=67604.59..67604.59 rows=1540800 width=4) (actual time=1647.587..1647.587 rows=1543264 loops=1)
                    Buckets: 131072  Batches: 32  Memory Usage: 2728kB
                    ->  Seq Scan on title t  (cost=0.00..67604.59 rows=1540800 width=4) (actual time=177.623..1137.142 rows=1543264 loops=1)
                          Filter: (kind_id = 7)
                          Rows Removed by Filter: 985048
Planning time: 1.142 ms
Execution time: 23891.981 ms
