Seq Scan on movie_keyword mk  (cost=0.00..81003.12 rows=246 width=0) (actual time=2.533..1048.551 rows=1513 loops=1)
  Filter: (keyword_id = 783)
  Rows Removed by Filter: 4522417
Planning time: 0.365 ms
Execution time: 1049.037 ms
