Seq Scan on cast_info ci  (cost=0.00..796071.18 rows=17215531 width=0) (actual time=4045.737..14540.186 rows=13915947 loops=1)
  Filter: ((person_id < 2742698) AND (role_id > 1))
  Rows Removed by Filter: 22328397
Planning time: 2.396 ms
Execution time: 16316.604 ms
