Seq Scan on movie_keyword mk  (cost=0.00..81003.12 rows=55463 width=0) (actual time=0.082..1271.925 rows=54737 loops=1)
  Filter: (keyword_id < 54)
  Rows Removed by Filter: 4469193
Planning time: 0.348 ms
Execution time: 1280.714 ms
