Hash Join  (cost=83075.10..836313.83 rows=886 width=0) (actual time=7271.548..15419.164 rows=1007 loops=1)
  Hash Cond: (ci.movie_id = t.id)
  ->  Seq Scan on cast_info ci  (cost=0.00..705507.15 rows=12726058 width=4) (actual time=6159.361..12556.859 rows=12670688 loops=1)
        Filter: (role_id = 1)
        Rows Removed by Filter: 23573656
  ->  Hash  (cost=83072.90..83072.90 rows=176 width=8) (actual time=1108.377..1108.377 rows=76 loops=1)
        Buckets: 1024  Batches: 1  Memory Usage: 11kB
        ->  Nested Loop  (cost=0.43..83072.90 rows=176 width=8) (actual time=19.755..1108.287 rows=76 loops=1)
              ->  Seq Scan on movie_keyword mk  (cost=0.00..81003.12 rows=246 width=4) (actual time=0.705..1078.764 rows=379 loops=1)
                    Filter: (keyword_id = 12881)
                    Rows Removed by Filter: 4523551
              ->  Index Scan using title_pkey on title t  (cost=0.43..8.40 rows=1 width=4) (actual time=0.076..0.076 rows=0 loops=379)
                    Index Cond: (id = mk.movie_id)
                    Filter: ((kind_id > 1) AND (production_year < 2014))
                    Rows Removed by Filter: 1
Planning time: 1.459 ms
Execution time: 15419.905 ms
