Hash Join  (cost=562258.54..1836691.71 rows=5631759 width=0) (actual time=11725.151..44278.413 rows=11537428 loops=1)
  Hash Cond: (ci.movie_id = t.id)
  ->  Seq Scan on cast_info ci  (cost=0.00..705507.15 rows=28668949 width=4) (actual time=0.027..15065.126 rows=28808107 loops=1)
        Filter: (role_id < 8)
        Rows Removed by Filter: 7436237
  ->  Hash  (cost=554108.71..554108.71 rows=496706 width=8) (actual time=11723.914..11723.914 rows=466862 loops=1)
        Buckets: 131072  Batches: 8  Memory Usage: 3226kB
        ->  Hash Join  (cost=69002.72..554108.71 rows=496706 width=8) (actual time=908.655..11555.829 rows=466862 loops=1)
              Hash Cond: (mi.movie_id = t.id)
              ->  Seq Scan on movie_info mi  (cost=0.00..309384.22 rows=14739122 width=4) (actual time=0.018..5338.599 rows=14835720 loops=1)
              ->  Hash  (cost=67604.59..67604.59 rows=85211 width=4) (actual time=907.802..907.802 rows=84593 loops=1)
                    Buckets: 131072  Batches: 2  Memory Usage: 2524kB
                    ->  Seq Scan on title t  (cost=0.00..67604.59 rows=85211 width=4) (actual time=0.018..875.478 rows=84593 loops=1)
                          Filter: (production_year = 2004)
                          Rows Removed by Filter: 2443719
Planning time: 1.205 ms
Execution time: 45662.160 ms
