Hash Join  (cost=102767.86..238696.46 rows=1872091 width=0) (actual time=1915.944..5338.638 rows=1880718 loops=1)
  Hash Cond: (mk.movie_id = t.id)
  ->  Seq Scan on movie_keyword mk  (cost=0.00..81003.12 rows=1872091 width=4) (actual time=0.025..1632.070 rows=1880718 loops=1)
        Filter: (keyword_id > 7281)
        Rows Removed by Filter: 2643212
  ->  Hash  (cost=61283.27..61283.27 rows=2528527 width=4) (actual time=1913.569..1913.569 rows=2528312 loops=1)
        Buckets: 131072  Batches: 64  Memory Usage: 2425kB
        ->  Seq Scan on title t  (cost=0.00..61283.27 rows=2528527 width=4) (actual time=0.015..1058.968 rows=2528312 loops=1)
Planning time: 0.730 ms
Execution time: 5555.604 ms
