Seq Scan on movie_keyword mk  (cost=0.00..81003.12 rows=246 width=0) (actual time=2.860..1093.750 rows=570 loops=1)
  Filter: (keyword_id = 3960)
  Rows Removed by Filter: 4523360
Planning time: 0.385 ms
Execution time: 1094.043 ms
