Hash Join  (cost=75195.76..146441.52 rows=33546 width=0) (actual time=2065.460..2621.619 rows=13794 loops=1)
  Hash Cond: (mc.movie_id = t.id)
  ->  Seq Scan on movie_companies mc  (cost=0.00..57926.93 rows=1096633 width=4) (actual time=0.026..1069.923 rows=1274246 loops=1)
        Filter: ((company_id < 84770) AND (company_type_id = 1))
        Rows Removed by Filter: 1334883
  ->  Hash  (cost=73925.90..73925.90 rows=77348 width=4) (actual time=1106.182..1106.182 rows=84109 loops=1)
        Buckets: 131072  Batches: 2  Memory Usage: 2509kB
        ->  Seq Scan on title t  (cost=0.00..73925.90 rows=77348 width=4) (actual time=0.012..1074.677 rows=84109 loops=1)
              Filter: ((kind_id = 7) AND (production_year = 2008))
              Rows Removed by Filter: 2444203
Planning time: 2.530 ms
Execution time: 2623.555 ms
