Hash Join  (cost=147027.23..1018699.64 rows=1764856 width=0) (actual time=8950.418..24256.500 rows=4174472 loops=1)
  Hash Cond: (ci.movie_id = t.id)
  ->  Seq Scan on cast_info ci  (cost=0.00..705507.15 rows=12726058 width=4) (actual time=6018.182..13363.117 rows=12670688 loops=1)
        Filter: (role_id < 2)
        Rows Removed by Filter: 23573656
  ->  Hash  (cost=141274.02..141274.02 rows=350657 width=8) (actual time=2931.562..2931.562 rows=395802 loops=1)
        Buckets: 131072  Batches: 8  Memory Usage: 2963kB
        ->  Hash Join  (cost=99161.12..141274.02 rows=350657 width=8) (actual time=1905.327..2809.557 rows=395802 loops=1)
              Hash Cond: (mi_idx.movie_id = t.id)
              ->  Seq Scan on movie_info_idx mi_idx  (cost=0.00..25185.44 rows=460978 width=4) (actual time=0.025..277.184 rows=459925 loops=1)
                    Filter: (info_type_id < 100)
                    Rows Removed by Filter: 920110
              ->  Hash  (cost=67604.59..67604.59 rows=1923403 width=4) (actual time=1904.607..1904.607 rows=1922849 loops=1)
                    Buckets: 131072  Batches: 32  Memory Usage: 3132kB
                    ->  Seq Scan on title t  (cost=0.00..67604.59 rows=1923403 width=4) (actual time=0.024..1215.672 rows=1922849 loops=1)
                          Filter: (production_year < 2010)
                          Rows Removed by Filter: 605463
Planning time: 1.244 ms
Execution time: 24792.719 ms
