Seq Scan on movie_companies mc  (cost=0.00..51404.11 rows=49640 width=0) (actual time=424.112..665.228 rows=48542 loops=1)
  Filter: (company_id > 192592)
  Rows Removed by Filter: 2560587
Planning time: 0.331 ms
Execution time: 671.742 ms
