Seq Scan on cast_info ci  (cost=0.00..796071.18 rows=176471 width=0) (actual time=113.064..12102.760 rows=72248 loops=1)
  Filter: ((person_id < 1800603) AND (role_id > 10))
  Rows Removed by Filter: 36172096
Planning time: 0.370 ms
Execution time: 12111.888 ms
