Seq Scan on movie_keyword mk  (cost=0.00..81003.12 rows=246 width=0) (actual time=10.665..1192.606 rows=511 loops=1)
  Filter: (keyword_id = 11863)
  Rows Removed by Filter: 4523419
Planning time: 0.410 ms
Execution time: 1192.891 ms
