Seq Scan on movie_companies mc  (cost=0.00..57926.93 rows=741497 width=0) (actual time=0.029..963.626 rows=960081 loops=1)
  Filter: ((company_id > 8969) AND (company_type_id > 1))
  Rows Removed by Filter: 1649048
Planning time: 0.356 ms
Execution time: 1082.948 ms
