Seq Scan on cast_info ci  (cost=0.00..796071.18 rows=176 width=0) (actual time=9898.561..10052.456 rows=68 loops=1)
  Filter: ((person_id = 439737) AND (role_id = 1))
  Rows Removed by Filter: 36244276
Planning time: 0.417 ms
Execution time: 10052.554 ms
