Hash Join  (cost=77561.16..208113.35 rows=810929 width=0) (actual time=1198.981..4518.222 rows=1126725 loops=1)
  Hash Cond: (mk.movie_id = t.id)
  ->  Seq Scan on movie_keyword mk  (cost=0.00..81003.12 rows=3378874 width=4) (actual time=0.015..1651.814 rows=3366062 loops=1)
        Filter: (keyword_id < 16134)
        Rows Removed by Filter: 1157868
  ->  Hash  (cost=67604.59..67604.59 rows=606846 width=4) (actual time=1197.997..1197.997 rows=603411 loops=1)
        Buckets: 131072  Batches: 8  Memory Usage: 3675kB
        ->  Seq Scan on title t  (cost=0.00..67604.59 rows=606846 width=4) (actual time=0.010..995.072 rows=603411 loops=1)
              Filter: (production_year < 1986)
              Rows Removed by Filter: 1924901
Planning time: 0.854 ms
Execution time: 4637.195 ms
