Seq Scan on movie_keyword mk  (cost=0.00..81003.12 rows=246 width=0) (actual time=108.479..1125.492 rows=7 loops=1)
  Filter: (keyword_id = 29214)
  Rows Removed by Filter: 4523923
Planning time: 0.336 ms
Execution time: 1125.586 ms
