Seq Scan on movie_companies mc  (cost=0.00..51404.11 rows=104 width=0) (actual time=1.229..743.871 rows=129 loops=1)
  Filter: (company_id = 5886)
  Rows Removed by Filter: 2609000
Planning time: 0.351 ms
Execution time: 743.992 ms
