Hash Join  (cost=28270.40..831579.67 rows=281 width=0) (actual time=3449.887..12614.459 rows=2383 loops=1)
  Hash Cond: (ci.movie_id = t.id)
  ->  Seq Scan on cast_info ci  (cost=0.00..796071.18 rows=1929408 width=4) (actual time=3092.827..12162.004 rows=638893 loops=1)
        Filter: ((person_id < 1466250) AND (role_id > 9))
        Rows Removed by Filter: 35605451
  ->  Hash  (cost=28265.80..28265.80 rows=368 width=8) (actual time=356.621..356.621 rows=260 loops=1)
        Buckets: 1024  Batches: 1  Memory Usage: 19kB
        ->  Nested Loop  (cost=0.43..28265.80 rows=368 width=8) (actual time=69.643..356.495 rows=260 loops=1)
              ->  Seq Scan on movie_info_idx mi_idx  (cost=0.00..25185.44 rows=368 width=4) (actual time=69.527..351.274 rows=260 loops=1)
                    Filter: (info_type_id > 101)
                    Rows Removed by Filter: 1379775
              ->  Index Only Scan using title_pkey on title t  (cost=0.43..8.36 rows=1 width=4) (actual time=0.019..0.019 rows=1 loops=260)
                    Index Cond: (id = mi_idx.movie_id)
                    Heap Fetches: 260
Planning time: 1.081 ms
Execution time: 12615.187 ms
