Hash Join  (cost=102767.86..1206450.69 rows=12373271 width=0) (actual time=9472.511..28635.675 rows=12670688 loops=1)
  Hash Cond: (ci.movie_id = t.id)
  ->  Seq Scan on cast_info ci  (cost=0.00..796071.18 rows=12373271 width=4) (actual time=7680.377..15395.691 rows=12670688 loops=1)
        Filter: ((person_id < 3862160) AND (role_id < 2))
        Rows Removed by Filter: 23573656
  ->  Hash  (cost=61283.27..61283.27 rows=2528527 width=4) (actual time=1790.622..1790.622 rows=2528312 loops=1)
        Buckets: 131072  Batches: 64  Memory Usage: 2415kB
        ->  Seq Scan on title t  (cost=0.00..61283.27 rows=2528527 width=4) (actual time=0.023..937.190 rows=2528312 loops=1)
Planning time: 1.454 ms
Execution time: 30177.633 ms
