Hash Join  (cost=1221112.24..2265200.06 rows=42524148 width=0) (actual time=22427.116..43359.587 rows=25615109 loops=1)
  Hash Cond: (mi.movie_id = t.id)
  ->  Seq Scan on movie_info mi  (cost=0.00..309384.22 rows=14739122 width=4) (actual time=0.011..5444.003 rows=14835720 loops=1)
  ->  Hash  (cost=1101426.42..1101426.42 rows=7295106 width=8) (actual time=22424.494..22424.494 rows=5163990 loops=1)
        Buckets: 131072  Batches: 128  Memory Usage: 2561kB
        ->  Hash Join  (cost=98137.04..1101426.42 rows=7295106 width=8) (actual time=1824.686..20894.578 rows=5163990 loops=1)
              Hash Cond: (ci.movie_id = t.id)
              ->  Seq Scan on cast_info ci  (cost=0.00..796071.18 rows=9911828 width=4) (actual time=0.025..12982.178 rows=7422182 loops=1)
                    Filter: ((person_id > 2501736) AND (role_id < 9))
                    Rows Removed by Filter: 28822162
              ->  Hash  (cost=67604.59..67604.59 rows=1860996 width=4) (actual time=1823.392..1823.392 rows=1865487 loops=1)
                    Buckets: 131072  Batches: 32  Memory Usage: 3079kB
                    ->  Seq Scan on title t  (cost=0.00..67604.59 rows=1860996 width=4) (actual time=0.019..1229.491 rows=1865487 loops=1)
                          Filter: (kind_id > 1)
                          Rows Removed by Filter: 662825
Planning time: 2.463 ms
Execution time: 46278.737 ms
