Nested Loop  (cost=0.43..796747.98 rows=46 width=0) (actual time=1908.198..10275.523 rows=61 loops=1)
  ->  Seq Scan on cast_info ci  (cost=0.00..796071.18 rows=80 width=4) (actual time=1908.054..10274.591 rows=61 loops=1)
        Filter: ((role_id > 8) AND (person_id = 869735))
        Rows Removed by Filter: 36244283
  ->  Index Scan using title_pkey on title t  (cost=0.43..8.45 rows=1 width=4) (actual time=0.013..0.013 rows=1 loops=61)
        Index Cond: (id = ci.movie_id)
        Filter: (production_year < 2006)
Planning time: 0.766 ms
Execution time: 10276.256 ms
