Hash Join  (cost=148103.23..902170.11 rows=186886 width=0) (actual time=9134.854..17303.858 rows=241354 loops=1)
  Hash Cond: (ci.movie_id = t.id)
  ->  Seq Scan on cast_info ci  (cost=0.00..705507.15 rows=3998100 width=4) (actual time=6219.405..12331.424 rows=4008037 loops=1)
        Filter: (role_id = 3)
        Rows Removed by Filter: 32236307
  ->  Hash  (cost=146163.82..146163.82 rows=118193 width=8) (actual time=2914.538..2914.538 rows=159504 loops=1)
        Buckets: 131072 (originally 131072)  Batches: 4 (originally 2)  Memory Usage: 3073kB
        ->  Hash Join  (cost=69484.36..146163.82 rows=118193 width=8) (actual time=953.101..2856.124 rows=159504 loops=1)
              Hash Cond: (mc.movie_id = t.id)
              ->  Seq Scan on movie_companies mc  (cost=0.00..44881.29 rows=2609129 width=4) (actual time=0.022..883.288 rows=2609129 loops=1)
              ->  Hash  (cost=67604.59..67604.59 rows=114542 width=4) (actual time=952.315..952.315 rows=118234 loops=1)
                    Buckets: 131072  Batches: 2  Memory Usage: 3101kB
                    ->  Seq Scan on title t  (cost=0.00..67604.59 rows=114542 width=4) (actual time=467.084..910.795 rows=118234 loops=1)
                          Filter: (kind_id = 4)
                          Rows Removed by Filter: 2410078
Planning time: 1.140 ms
Execution time: 17332.305 ms
