Hash Join  (cost=214333.03..597639.20 rows=886905 width=0) (actual time=5061.327..12104.132 rows=2276802 loops=1)
  Hash Cond: (mi.movie_id = t.id)
  ->  Seq Scan on movie_info mi  (cost=0.00..346232.03 rows=2073893 width=4) (actual time=0.019..4686.964 rows=2091068 loops=1)
        Filter: (info_type_id < 3)
        Rows Removed by Filter: 12744652
  ->  Hash  (cost=196592.41..196592.41 rows=1081330 width=8) (actual time=5059.980..5059.980 rows=1274246 loops=1)
        Buckets: 131072 (originally 131072)  Batches: 32 (originally 16)  Memory Usage: 3073kB
        ->  Hash Join  (cost=102767.86..196592.41 rows=1081330 width=8) (actual time=2569.809..4735.596 rows=1274246 loops=1)
              Hash Cond: (mc.movie_id = t.id)
              ->  Seq Scan on movie_companies mc  (cost=0.00..57926.93 rows=1081330 width=4) (actual time=79.236..997.044 rows=1274246 loops=1)
                    Filter: ((company_id < 81274) AND (company_type_id = 1))
                    Rows Removed by Filter: 1334883
              ->  Hash  (cost=61283.27..61283.27 rows=2528527 width=4) (actual time=2489.305..2489.305 rows=2528312 loops=1)
                    Buckets: 131072  Batches: 64  Memory Usage: 2415kB
                    ->  Seq Scan on title t  (cost=0.00..61283.27 rows=2528527 width=4) (actual time=0.020..824.570 rows=2528312 loops=1)
Planning time: 2.292 ms
Execution time: 12383.044 ms
