Seq Scan on movie_companies mc  (cost=0.00..51404.11 rows=861298 width=0) (actual time=0.030..750.772 rows=868866 loops=1)
  Filter: (company_id > 23754)
  Rows Removed by Filter: 1740263
Planning time: 0.352 ms
Execution time: 862.224 ms
