Hash Join  (cost=1018504.83..4765779.70 rows=199135566 width=0) (actual time=24683.619..161141.670 rows=407579879 loops=1)
  Hash Cond: (ci.movie_id = t.id)
  ->  Seq Scan on cast_info ci  (cost=0.00..705507.15 rows=34162120 width=4) (actual time=0.029..16002.685 rows=34134486 loops=1)
        Filter: (person_id < 3650389)
        Rows Removed by Filter: 2109858
  ->  Hash  (cost=776690.81..776690.81 rows=14739122 width=8) (actual time=24682.446..24682.446 rows=14835720 loops=1)
        Buckets: 131072  Batches: 256  Memory Usage: 3268kB
        ->  Hash Join  (cost=102767.86..776690.81 rows=14739122 width=8) (actual time=1885.384..20000.126 rows=14835720 loops=1)
              Hash Cond: (mi.movie_id = t.id)
              ->  Seq Scan on movie_info mi  (cost=0.00..309384.22 rows=14739122 width=4) (actual time=0.021..5287.477 rows=14835720 loops=1)
              ->  Hash  (cost=61283.27..61283.27 rows=2528527 width=4) (actual time=1883.979..1883.979 rows=2528312 loops=1)
                    Buckets: 131072  Batches: 64  Memory Usage: 2425kB
                    ->  Seq Scan on title t  (cost=0.00..61283.27 rows=2528527 width=4) (actual time=0.020..1013.779 rows=2528312 loops=1)
Planning time: 1.150 ms
Execution time: 204087.678 ms
