Hash Join  (cost=102767.86..222265.08 rows=1189175 width=0) (actual time=1794.077..4455.407 rows=1194024 loops=1)
  Hash Cond: (mk.movie_id = t.id)
  ->  Seq Scan on movie_keyword mk  (cost=0.00..81003.12 rows=1189175 width=4) (actual time=0.032..1305.122 rows=1194024 loops=1)
        Filter: (keyword_id < 1450)
        Rows Removed by Filter: 3329906
  ->  Hash  (cost=61283.27..61283.27 rows=2528527 width=4) (actual time=1792.748..1792.748 rows=2528312 loops=1)
        Buckets: 131072  Batches: 64  Memory Usage: 2425kB
        ->  Seq Scan on title t  (cost=0.00..61283.27 rows=2528527 width=4) (actual time=0.019..909.884 rows=2528312 loops=1)
Planning time: 0.645 ms
Execution time: 4604.280 ms
