Hash Join  (cost=52284.99..775309.15 rows=192 width=0) (actual time=1994.750..11702.544 rows=1303 loops=1)
  Hash Cond: (ci.movie_id = t.id)
  ->  Seq Scan on cast_info ci  (cost=0.00..705507.15 rows=4670689 width=4) (actual time=1278.275..10353.855 rows=4639136 loops=1)
        Filter: (role_id > 9)
        Rows Removed by Filter: 31605208
  ->  Hash  (cost=52283.69..52283.69 rows=104 width=8) (actual time=706.843..706.843 rows=41 loops=1)
        Buckets: 1024  Batches: 1  Memory Usage: 10kB
        ->  Nested Loop  (cost=0.43..52283.69 rows=104 width=8) (actual time=4.826..706.783 rows=41 loops=1)
              ->  Seq Scan on movie_companies mc  (cost=0.00..51404.11 rows=104 width=4) (actual time=4.452..704.588 rows=41 loops=1)
                    Filter: (company_id = 73972)
                    Rows Removed by Filter: 2609088
              ->  Index Only Scan using title_pkey on title t  (cost=0.43..8.45 rows=1 width=4) (actual time=0.042..0.043 rows=1 loops=41)
                    Index Cond: (id = mc.movie_id)
                    Heap Fetches: 41
Planning time: 2.885 ms
Execution time: 11703.054 ms
