Seq Scan on cast_info ci  (cost=0.00..705507.15 rows=500 width=0) (actual time=2836.732..8213.701 rows=2 loops=1)
  Filter: (person_id = 1328836)
  Rows Removed by Filter: 36244342
Planning time: 0.354 ms
Execution time: 8213.778 ms
