Hash Join  (cost=129899.75..1197805.18 rows=3319626 width=0) (actual time=2273.964..28742.532 rows=6288799 loops=1)
  Hash Cond: (ci.movie_id = t.id)
  ->  Seq Scan on cast_info ci  (cost=0.00..614943.12 rows=36225612 width=4) (actual time=0.023..10188.240 rows=36244344 loops=1)
  ->  Hash  (cost=126097.40..126097.40 rows=231708 width=8) (actual time=2273.166..2273.166 rows=194990 loops=1)
        Buckets: 131072  Batches: 4  Memory Usage: 2921kB
        ->  Hash Join  (cost=88295.76..126097.40 rows=231708 width=8) (actual time=1382.613..2220.007 rows=194990 loops=1)
              Hash Cond: (mi_idx.movie_id = t.id)
              ->  Seq Scan on movie_info_idx mi_idx  (cost=0.00..25185.44 rows=464566 width=4) (actual time=0.032..384.623 rows=459925 loops=1)
                    Filter: (info_type_id = 101)
                    Rows Removed by Filter: 920110
              ->  Hash  (cost=67604.59..67604.59 rows=1261134 width=4) (actual time=1381.707..1381.707 rows=1260295 loops=1)
                    Buckets: 131072  Batches: 32  Memory Usage: 2413kB
                    ->  Seq Scan on title t  (cost=0.00..67604.59 rows=1261134 width=4) (actual time=0.019..985.975 rows=1260295 loops=1)
                          Filter: (production_year > 2002)
                          Rows Removed by Filter: 1268017
Planning time: 1.153 ms
Execution time: 29404.609 ms
