Hash Join  (cost=87180.69..816066.43 rows=542475 width=0) (actual time=2389.281..12134.453 rows=674845 loops=1)
  Hash Cond: (ci.movie_id = t.id)
  ->  Seq Scan on cast_info ci  (cost=0.00..705507.15 rows=1149559 width=4) (actual time=963.706..9744.921 rows=1093558 loops=1)
        Filter: (role_id = 9)
        Rows Removed by Filter: 35150786
  ->  Hash  (cost=67604.59..67604.59 rows=1193208 width=4) (actual time=1424.458..1424.458 rows=1192518 loops=1)
        Buckets: 131072  Batches: 16  Memory Usage: 3646kB
        ->  Seq Scan on title t  (cost=0.00..67604.59 rows=1193208 width=4) (actual time=0.057..1053.262 rows=1192518 loops=1)
              Filter: (production_year > 2003)
              Rows Removed by Filter: 1335794
Planning time: 0.669 ms
Execution time: 12216.280 ms
