Hash Join  (cost=94699.36..846070.04 rows=58152 width=0) (actual time=1516.241..15884.517 rows=213191 loops=1)
  Hash Cond: (ci.movie_id = t.id)
  ->  Seq Scan on cast_info ci  (cost=0.00..614943.12 rows=36225612 width=4) (actual time=0.019..6601.752 rows=36244344 loops=1)
  ->  Hash  (cost=94648.62..94648.62 rows=4059 width=8) (actual time=1515.494..1515.494 rows=8968 loops=1)
        Buckets: 16384 (originally 4096)  Batches: 1 (originally 1)  Memory Usage: 479kB
        ->  Hash Join  (cost=67697.55..94648.62 rows=4059 width=8) (actual time=952.135..1511.990 rows=8968 loops=1)
              Hash Cond: (mi_idx.movie_id = t.id)
              ->  Seq Scan on movie_info_idx mi_idx  (cost=0.00..21735.35 rows=1380035 width=4) (actual time=0.019..246.809 rows=1380035 loops=1)
              ->  Hash  (cost=67604.59..67604.59 rows=7437 width=4) (actual time=951.938..951.938 rows=14442 loops=1)
                    Buckets: 16384 (originally 8192)  Batches: 1 (originally 1)  Memory Usage: 636kB
                    ->  Seq Scan on title t  (cost=0.00..67604.59 rows=7437 width=4) (actual time=0.059..945.054 rows=14442 loops=1)
                          Filter: (production_year = 1971)
                          Rows Removed by Filter: 2513870
Planning time: 1.085 ms
Execution time: 15917.073 ms
