Seq Scan on cast_info ci  (cost=0.00..796071.18 rows=5343183 width=0) (actual time=3064.505..9635.356 rows=3298765 loops=1)
  Filter: ((person_id < 1165810) AND (role_id > 2))
  Rows Removed by Filter: 32945579
Planning time: 0.343 ms
Execution time: 9952.491 ms
