Seq Scan on cast_info ci  (cost=0.00..796071.18 rows=3134044 width=0) (actual time=1249.403..13249.594 rows=7414333 loops=1)
  Filter: ((person_id > 2772129) AND (role_id > 3))
  Rows Removed by Filter: 28830011
Planning time: 0.273 ms
Execution time: 14129.571 ms
