Seq Scan on cast_info ci  (cost=0.00..705507.15 rows=13466113 width=0) (actual time=4130.634..9713.533 rows=13611235 loops=1)
  Filter: (person_id > 2309428)
  Rows Removed by Filter: 22633109
Planning time: 0.305 ms
Execution time: 11429.157 ms
