Hash Join  (cost=119417.68..493472.76 rows=168724 width=0) (actual time=2034.396..7472.733 rows=327312 loops=1)
  Hash Cond: (mi.movie_id = t.id)
  ->  Seq Scan on movie_info mi  (cost=0.00..346232.03 rows=2194617 width=4) (actual time=0.019..4250.563 rows=2233850 loops=1)
        Filter: (info_type_id > 16)
        Rows Removed by Filter: 12601870
  ->  Hash  (cost=116227.74..116227.74 rows=194395 width=8) (actual time=2033.459..2033.459 rows=128146 loops=1)
        Buckets: 131072  Batches: 4  Memory Usage: 2278kB
        ->  Hash Join  (cost=76379.89..116227.74 rows=194395 width=8) (actual time=995.645..1990.712 rows=128146 loops=1)
              Hash Cond: (mi_idx.movie_id = t.id)
              ->  Seq Scan on movie_info_idx mi_idx  (cost=0.00..25185.44 rows=919057 width=4) (actual time=0.017..456.487 rows=920110 loops=1)
                    Filter: (info_type_id > 99)
                    Rows Removed by Filter: 459925
              ->  Hash  (cost=67604.59..67604.59 rows=534824 width=4) (actual time=994.897..994.897 rows=533369 loops=1)
                    Buckets: 131072  Batches: 8  Memory Usage: 3369kB
                    ->  Seq Scan on title t  (cost=0.00..67604.59 rows=534824 width=4) (actual time=0.024..832.499 rows=533369 loops=1)
                          Filter: (production_year > 2009)
                          Rows Removed by Filter: 1994943
Planning time: 1.172 ms
Execution time: 7515.339 ms
