Hash Join  (cost=80562.70..915048.22 rows=2677467 width=0) (actual time=8714.611..17479.914 rows=3323102 loops=1)
  Hash Cond: (ci.movie_id = t.id)
  ->  Seq Scan on cast_info ci  (cost=0.00..705507.15 rows=8572187 width=4) (actual time=7528.252..11353.863 rows=8486314 loops=1)
        Filter: (role_id > 5)
        Rows Removed by Filter: 27758030
  ->  Hash  (cost=67604.59..67604.59 rows=789769 width=4) (actual time=1185.209..1185.209 rows=784926 loops=1)
        Buckets: 131072  Batches: 16  Memory Usage: 2749kB
        ->  Seq Scan on title t  (cost=0.00..67604.59 rows=789769 width=4) (actual time=0.021..934.428 rows=784926 loops=1)
              Filter: (production_year > 2007)
              Rows Removed by Filter: 1743386
Planning time: 0.692 ms
Execution time: 17861.564 ms
