Hash Join  (cost=83074.74..481545.42 rows=1355 width=0) (actual time=1099.397..7845.525 rows=19533 loops=1)
  Hash Cond: (mi.movie_id = t.id)
  ->  Seq Scan on movie_info mi  (cost=0.00..346232.03 rows=13926693 width=4) (actual time=0.020..4838.095 rows=13963496 loops=1)
        Filter: (info_type_id < 98)
        Rows Removed by Filter: 872224
  ->  Hash  (cost=83071.67..83071.67 rows=246 width=8) (actual time=1099.190..1099.190 rows=436 loops=1)
        Buckets: 1024  Batches: 1  Memory Usage: 26kB
        ->  Nested Loop  (cost=0.43..83071.67 rows=246 width=8) (actual time=3.605..1098.841 rows=436 loops=1)
              ->  Seq Scan on movie_keyword mk  (cost=0.00..81003.12 rows=246 width=4) (actual time=3.529..1086.579 rows=436 loops=1)
                    Filter: (keyword_id = 1674)
                    Rows Removed by Filter: 4523494
              ->  Index Only Scan using title_pkey on title t  (cost=0.43..8.40 rows=1 width=4) (actual time=0.026..0.026 rows=1 loops=436)
                    Index Cond: (id = mk.movie_id)
                    Heap Fetches: 436
Planning time: 1.120 ms
Execution time: 7848.855 ms
