Nested Loop  (cost=0.43..120366.89 rows=5429 width=0) (actual time=0.141..1171.768 rows=6326 loops=1)
  ->  Seq Scan on movie_keyword mk  (cost=0.00..81003.12 rows=5429 width=4) (actual time=0.069..1048.462 rows=6326 loops=1)
        Filter: (keyword_id = 498)
        Rows Removed by Filter: 4517604
  ->  Index Only Scan using title_pkey on title t  (cost=0.43..7.24 rows=1 width=4) (actual time=0.018..0.019 rows=1 loops=6326)
        Index Cond: (id = mk.movie_id)
        Heap Fetches: 6326
Planning time: 0.684 ms
Execution time: 1173.498 ms
