Hash Join  (cost=234427.15..1314510.36 rows=10290402 width=0) (actual time=4395.209..23763.592 rows=7593694 loops=1)
  Hash Cond: (ci.movie_id = t.id)
  ->  Seq Scan on cast_info ci  (cost=0.00..796071.18 rows=13549602 width=4) (actual time=0.020..12632.579 rows=8095597 loops=1)
        Filter: ((person_id < 2091746) AND (role_id > 1))
        Rows Removed by Filter: 28148747
  ->  Hash  (cost=202921.16..202921.16 rows=1920319 width=8) (actual time=4393.917..4393.917 rows=1301439 loops=1)
        Buckets: 131072  Batches: 32  Memory Usage: 2584kB
        ->  Hash Join  (cost=98137.04..202921.16 rows=1920319 width=8) (actual time=1526.593..4000.301 rows=1301439 loops=1)
              Hash Cond: (mc.movie_id = t.id)
              ->  Seq Scan on movie_companies mc  (cost=0.00..44881.29 rows=2609129 width=4) (actual time=0.027..599.369 rows=2609129 loops=1)
              ->  Hash  (cost=67604.59..67604.59 rows=1860996 width=4) (actual time=1525.134..1525.134 rows=1865487 loops=1)
                    Buckets: 131072  Batches: 32  Memory Usage: 3079kB
                    ->  Seq Scan on title t  (cost=0.00..67604.59 rows=1860996 width=4) (actual time=0.016..945.288 rows=1865487 loops=1)
                          Filter: (kind_id > 1)
                          Rows Removed by Filter: 662825
Planning time: 1.152 ms
Execution time: 24601.865 ms
