Hash Join  (cost=215833.08..1345631.49 rows=12764085 width=0) (actual time=4528.130..42246.623 rows=32748678 loops=1)
  Hash Cond: (ci.movie_id = t.id)
  ->  Seq Scan on cast_info ci  (cost=0.00..705507.15 rows=25223841 width=4) (actual time=0.023..15811.044 rows=25330223 loops=1)
        Filter: (person_id > 1072224)
        Rows Removed by Filter: 10914121
  ->  Hash  (cost=194840.12..194840.12 rows=1279517 width=8) (actual time=4526.960..4526.960 rows=1274246 loops=1)
        Buckets: 131072  Batches: 32  Memory Usage: 2553kB
        ->  Hash Join  (cost=102767.86..194840.12 rows=1279517 width=8) (actual time=2226.602..4201.099 rows=1274246 loops=1)
              Hash Cond: (mc.movie_id = t.id)
              ->  Seq Scan on movie_companies mc  (cost=0.00..51404.11 rows=1279517 width=4) (actual time=321.273..964.224 rows=1274246 loops=1)
                    Filter: (company_type_id < 2)
                    Rows Removed by Filter: 1334883
              ->  Hash  (cost=61283.27..61283.27 rows=2528527 width=4) (actual time=1904.012..1904.012 rows=2528312 loops=1)
                    Buckets: 131072  Batches: 64  Memory Usage: 2415kB
                    ->  Seq Scan on title t  (cost=0.00..61283.27 rows=2528527 width=4) (actual time=0.038..1063.030 rows=2528312 loops=1)
Planning time: 1.181 ms
Execution time: 46009.371 ms
