Hash Join  (cost=71799.10..98719.01 rows=943 width=0) (actual time=1212.684..1306.300 rows=3 loops=1)
  Hash Cond: (mi_idx.movie_id = t.id)
  ->  Seq Scan on movie_info_idx mi_idx  (cost=0.00..21735.35 rows=1380035 width=4) (actual time=0.021..226.778 rows=1380035 loops=1)
  ->  Hash  (cost=71777.49..71777.49 rows=1728 width=8) (actual time=825.276..825.276 rows=2 loops=1)
        Buckets: 2048  Batches: 1  Memory Usage: 17kB
        ->  Nested Loop  (cost=0.43..71777.49 rows=1728 width=8) (actual time=34.814..825.270 rows=2 loops=1)
              ->  Seq Scan on movie_companies mc  (cost=0.00..57926.93 rows=1728 width=4) (actual time=34.723..825.114 rows=2 loops=1)
                    Filter: ((company_type_id > 1) AND (company_id = 428))
                    Rows Removed by Filter: 2609127
              ->  Index Only Scan using title_pkey on title t  (cost=0.43..8.01 rows=1 width=4) (actual time=0.068..0.068 rows=1 loops=2)
                    Index Cond: (id = mc.movie_id)
                    Heap Fetches: 2
Planning time: 1.118 ms
Execution time: 1306.423 ms
