Hash Join  (cost=83074.74..470999.45 rows=1081 width=0) (actual time=1075.719..7529.554 rows=40679 loops=1)
  Hash Cond: (mi.movie_id = t.id)
  ->  Seq Scan on movie_info mi  (cost=0.00..346232.03 rows=11115165 width=4) (actual time=0.021..4765.737 rows=11210743 loops=1)
        Filter: (info_type_id > 3)
        Rows Removed by Filter: 3624977
  ->  Hash  (cost=83071.67..83071.67 rows=246 width=8) (actual time=1075.643..1075.643 rows=1181 loops=1)
        Buckets: 2048 (originally 1024)  Batches: 1 (originally 1)  Memory Usage: 63kB
        ->  Nested Loop  (cost=0.43..83071.67 rows=246 width=8) (actual time=1.186..1074.770 rows=1181 loops=1)
              ->  Seq Scan on movie_keyword mk  (cost=0.00..81003.12 rows=246 width=4) (actual time=1.134..1030.377 rows=1181 loops=1)
                    Filter: (keyword_id = 995)
                    Rows Removed by Filter: 4522749
              ->  Index Only Scan using title_pkey on title t  (cost=0.43..8.40 rows=1 width=4) (actual time=0.036..0.036 rows=1 loops=1181)
                    Index Cond: (id = mk.movie_id)
                    Heap Fetches: 1181
Planning time: 1.159 ms
Execution time: 7536.195 ms
