Seq Scan on movie_companies mc  (cost=0.00..57926.93 rows=51 width=0) (actual time=383.926..708.259 rows=1215 loops=1)
  Filter: ((company_id = 1714) AND (company_type_id = 1))
  Rows Removed by Filter: 2607914
Planning time: 0.352 ms
Execution time: 708.673 ms
