Hash Join  (cost=67697.55..163418.91 rows=11454 width=0) (actual time=761.632..2612.833 rows=42021 loops=1)
  Hash Cond: (mk.movie_id = t.id)
  ->  Seq Scan on movie_keyword mk  (cost=0.00..81003.12 rows=3894320 width=4) (actual time=0.023..1269.883 rows=3892526 loops=1)
        Filter: (keyword_id < 29043)
        Rows Removed by Filter: 631404
  ->  Hash  (cost=67604.59..67604.59 rows=7437 width=4) (actual time=761.448..761.448 rows=19861 loops=1)
        Buckets: 32768 (originally 8192)  Batches: 1 (originally 1)  Memory Usage: 955kB
        ->  Seq Scan on title t  (cost=0.00..67604.59 rows=7437 width=4) (actual time=0.014..753.081 rows=19861 loops=1)
              Filter: (production_year = 1988)
              Rows Removed by Filter: 2508451
Planning time: 0.747 ms
Execution time: 2618.457 ms
