Hash Join  (cost=450848.77..577530.72 rows=384091 width=0) (actual time=5826.609..9838.493 rows=2426099 loops=1)
  Hash Cond: (mk.movie_id = t.id)
  ->  Seq Scan on movie_keyword mk  (cost=0.00..69693.30 rows=4523930 width=4) (actual time=0.016..1234.955 rows=4523930 loops=1)
  ->  Hash  (cost=447326.31..447326.31 rows=214677 width=8) (actual time=5825.365..5825.365 rows=189184 loops=1)
        Buckets: 131072  Batches: 4  Memory Usage: 2866kB
        ->  Hash Join  (cost=88381.15..447326.31 rows=214677 width=8) (actual time=2185.141..5762.961 rows=189184 loops=1)
              Hash Cond: (mi.movie_id = t.id)
              ->  Seq Scan on movie_info mi  (cost=0.00..346232.03 rows=616095 width=4) (actual time=506.288..3634.441 rows=598457 loops=1)
                    Filter: (info_type_id = 15)
                    Rows Removed by Filter: 14237263
              ->  Hash  (cost=73925.90..73925.90 rows=881060 width=4) (actual time=1649.386..1649.386 rows=795183 loops=1)
                    Buckets: 131072  Batches: 16  Memory Usage: 2779kB
                    ->  Seq Scan on title t  (cost=0.00..73925.90 rows=881060 width=4) (actual time=0.018..1148.933 rows=795183 loops=1)
                          Filter: ((kind_id > 1) AND (production_year < 2003))
                          Rows Removed by Filter: 1733129
Planning time: 1.136 ms
Execution time: 10091.643 ms
