Hash Join  (cost=102767.86..1439940.27 rows=25840447 width=0) (actual time=1616.386..35676.727 rows=25846369 loops=1)
  Hash Cond: (ci.movie_id = t.id)
  ->  Seq Scan on cast_info ci  (cost=0.00..705507.15 rows=25840447 width=4) (actual time=0.025..12742.662 rows=25846369 loops=1)
        Filter: (person_id < 2670975)
        Rows Removed by Filter: 10397975
  ->  Hash  (cost=61283.27..61283.27 rows=2528527 width=4) (actual time=1615.351..1615.351 rows=2528312 loops=1)
        Buckets: 131072  Batches: 64  Memory Usage: 2415kB
        ->  Seq Scan on title t  (cost=0.00..61283.27 rows=2528527 width=4) (actual time=0.017..831.351 rows=2528312 loops=1)
Planning time: 0.685 ms
Execution time: 38611.567 ms
