Hash Join  (cost=184330.50..1139279.68 rows=1641144 width=0) (actual time=2822.563..24164.991 rows=1599040 loops=1)
  Hash Cond: (ci.movie_id = t.id)
  ->  Seq Scan on cast_info ci  (cost=0.00..796071.18 rows=12206549 width=4) (actual time=0.025..13864.922 rows=12670688 loops=1)
        Filter: ((person_id < 3769740) AND (role_id < 2))
        Rows Removed by Filter: 23573656
  ->  Hash  (cost=178753.06..178753.06 rows=339955 width=8) (actual time=2821.651..2821.651 rows=186284 loops=1)
        Buckets: 131072  Batches: 8  Memory Usage: 1944kB
        ->  Hash Join  (cost=102767.86..178753.06 rows=339955 width=8) (actual time=1799.814..2767.657 rows=186284 loops=1)
              Hash Cond: (mc.movie_id = t.id)
              ->  Seq Scan on movie_companies mc  (cost=0.00..57926.93 rows=339955 width=4) (actual time=312.185..732.573 rows=186284 loops=1)
                    Filter: ((company_id < 966) AND (company_type_id > 1))
                    Rows Removed by Filter: 2422845
              ->  Hash  (cost=61283.27..61283.27 rows=2528527 width=4) (actual time=1486.254..1486.254 rows=2528312 loops=1)
                    Buckets: 131072  Batches: 64  Memory Usage: 2415kB
                    ->  Seq Scan on title t  (cost=0.00..61283.27 rows=2528527 width=4) (actual time=0.021..718.278 rows=2528312 loops=1)
Planning time: 1.072 ms
Execution time: 24349.121 ms
