Hash Join  (cost=102767.86..300377.08 rows=4435452 width=0) (actual time=1632.433..6612.043 rows=4425682 loops=1)
  Hash Cond: (mk.movie_id = t.id)
  ->  Seq Scan on movie_keyword mk  (cost=0.00..81003.12 rows=4435452 width=4) (actual time=0.018..1460.714 rows=4425682 loops=1)
        Filter: (keyword_id > 85)
        Rows Removed by Filter: 98248
  ->  Hash  (cost=61283.27..61283.27 rows=2528527 width=4) (actual time=1630.992..1630.992 rows=2528312 loops=1)
        Buckets: 131072  Batches: 64  Memory Usage: 2425kB
        ->  Seq Scan on title t  (cost=0.00..61283.27 rows=2528527 width=4) (actual time=0.016..798.106 rows=2528312 loops=1)
Planning time: 0.501 ms
Execution time: 7153.417 ms
