Seq Scan on cast_info ci  (cost=0.00..705507.15 rows=33620082 width=0) (actual time=0.027..10881.095 rows=33597884 loops=1)
  Filter: (person_id < 3551201)
  Rows Removed by Filter: 2646460
Planning time: 0.323 ms
Execution time: 14926.565 ms
