Hash Join  (cost=115719.31..480873.86 rows=49862 width=0) (actual time=995.888..8519.338 rows=10955 loops=1)
  Hash Cond: (mi.movie_id = t.id)
  ->  Seq Scan on movie_info mi  (cost=0.00..309384.22 rows=14739122 width=4) (actual time=0.021..4456.157 rows=14835720 loops=1)
  ->  Hash  (cost=115612.39..115612.39 rows=8554 width=8) (actual time=934.893..934.893 rows=8139 loops=1)
        Buckets: 16384  Batches: 1  Memory Usage: 446kB
        ->  Nested Loop  (cost=0.43..115612.39 rows=8554 width=8) (actual time=392.806..931.004 rows=8139 loops=1)
              ->  Seq Scan on movie_companies mc  (cost=0.00..57926.93 rows=8554 width=4) (actual time=392.707..792.069 rows=8139 loops=1)
                    Filter: ((company_id = 166) AND (company_type_id = 2))
                    Rows Removed by Filter: 2600990
              ->  Index Only Scan using title_pkey on title t  (cost=0.43..6.73 rows=1 width=4) (actual time=0.016..0.016 rows=1 loops=8139)
                    Index Cond: (id = mc.movie_id)
                    Heap Fetches: 8139
Planning time: 7.917 ms
Execution time: 8521.211 ms
