Hash Join  (cost=263115.61..1285358.04 rows=12973674 width=0) (actual time=5873.455..31152.333 rows=28012204 loops=1)
  Hash Cond: (ci.movie_id = t.id)
  ->  Seq Scan on cast_info ci  (cost=0.00..705507.15 rows=12572887 width=4) (actual time=2.018..11019.895 rows=12515886 loops=1)
        Filter: (person_id < 1233673)
        Rows Removed by Filter: 23728458
  ->  Hash  (cost=220309.49..220309.49 rows=2609129 width=8) (actual time=5695.274..5695.274 rows=2609129 loops=1)
        Buckets: 131072  Batches: 64  Memory Usage: 2610kB
        ->  Hash Join  (cost=102767.86..220309.49 rows=2609129 width=8) (actual time=1684.823..4985.405 rows=2609129 loops=1)
              Hash Cond: (mc.movie_id = t.id)
              ->  Seq Scan on movie_companies mc  (cost=0.00..44881.29 rows=2609129 width=4) (actual time=0.029..839.020 rows=2609129 loops=1)
              ->  Hash  (cost=61283.27..61283.27 rows=2528527 width=4) (actual time=1683.839..1683.839 rows=2528312 loops=1)
                    Buckets: 131072  Batches: 64  Memory Usage: 2415kB
                    ->  Seq Scan on title t  (cost=0.00..61283.27 rows=2528527 width=4) (actual time=0.025..827.331 rows=2528312 loops=1)
Planning time: 2.421 ms
Execution time: 34397.977 ms
