Hash Join  (cost=102951.51..162543.86 rows=1175882 width=0) (actual time=1633.711..3306.281 rows=1200388 loops=1)
  Hash Cond: (mi_idx.movie_id = t.id)
  ->  Seq Scan on movie_info_idx mi_idx  (cost=0.00..21735.35 rows=1380035 width=4) (actual time=0.023..360.526 rows=1380035 loops=1)
  ->  Hash  (cost=67604.59..67604.59 rows=2154474 width=4) (actual time=1632.572..1632.572 rows=2146684 loops=1)
        Buckets: 131072  Batches: 32  Memory Usage: 3385kB
        ->  Seq Scan on title t  (cost=0.00..67604.59 rows=2154474 width=4) (actual time=0.045..996.811 rows=2146684 loops=1)
              Filter: (production_year > 1965)
              Rows Removed by Filter: 381628
Planning time: 0.648 ms
Execution time: 3442.348 ms
