Hash Join  (cost=616738.54..1877484.21 rows=22537403 width=0) (actual time=11336.850..38549.690 rows=16876324 loops=1)
  Hash Cond: (ci.movie_id = t.id)
  ->  Seq Scan on cast_info ci  (cost=0.00..705507.15 rows=20844596 width=4) (actual time=0.028..12459.308 rows=20727079 loops=1)
        Filter: (person_id < 2087249)
        Rows Removed by Filter: 15517265
  ->  Hash  (cost=571885.16..571885.16 rows=2733871 width=8) (actual time=11334.914..11334.914 rows=1262943 loops=1)
        Buckets: 131072  Batches: 64  Memory Usage: 1758kB
        ->  Hash Join  (cost=85894.26..571885.16 rows=2733871 width=8) (actual time=2141.199..10981.334 rows=1262943 loops=1)
              Hash Cond: (mi.movie_id = t.id)
              ->  Seq Scan on movie_info mi  (cost=0.00..346232.03 rows=9476311 width=4) (actual time=0.028..5106.754 rows=9565151 loops=1)
                    Filter: (info_type_id < 16)
                    Rows Removed by Filter: 5270569
              ->  Hash  (cost=73925.90..73925.90 rows=729468 width=4) (actual time=1273.003..1273.003 rows=638430 loops=1)
                    Buckets: 131072  Batches: 16  Memory Usage: 2431kB
                    ->  Seq Scan on title t  (cost=0.00..73925.90 rows=729468 width=4) (actual time=0.019..1056.806 rows=638430 loops=1)
                          Filter: ((production_year < 2003) AND (kind_id = 7))
                          Rows Removed by Filter: 1889882
Planning time: 1.258 ms
Execution time: 40545.817 ms
