Hash Join  (cost=80562.70..449535.53 rows=418013 width=0) (actual time=4339.098..6347.805 rows=147307 loops=1)
  Hash Cond: (mi.movie_id = t.id)
  ->  Seq Scan on movie_info mi  (cost=0.00..346232.03 rows=1338312 width=4) (actual time=3182.119..4412.942 rows=1401902 loops=1)
        Filter: (info_type_id = 7)
        Rows Removed by Filter: 13433818
  ->  Hash  (cost=67604.59..67604.59 rows=789769 width=4) (actual time=1156.046..1156.046 rows=784926 loops=1)
        Buckets: 131072  Batches: 16  Memory Usage: 2755kB
        ->  Seq Scan on title t  (cost=0.00..67604.59 rows=789769 width=4) (actual time=0.035..903.455 rows=784926 loops=1)
              Filter: (production_year > 2007)
              Rows Removed by Filter: 1743386
Planning time: 0.657 ms
Execution time: 6366.209 ms
