Hash Join  (cost=201571.78..248574.86 rows=542659 width=0) (actual time=3954.098..5548.876 rows=1668537 loops=1)
  Hash Cond: (mi_idx.movie_id = t.id)
  ->  Seq Scan on movie_info_idx mi_idx  (cost=0.00..21735.35 rows=1380035 width=4) (actual time=0.015..368.908 rows=1380035 loops=1)
  ->  Hash  (cost=185259.41..185259.41 rows=994270 width=8) (actual time=3953.071..3953.071 rows=843739 loops=1)
        Buckets: 131072  Batches: 16  Memory Usage: 3050kB
        ->  Hash Join  (cost=99841.01..185259.41 rows=994270 width=8) (actual time=1657.542..3715.865 rows=843739 loops=1)
              Hash Cond: (mc.movie_id = t.id)
              ->  Seq Scan on movie_companies mc  (cost=0.00..51404.11 rows=1279517 width=4) (actual time=0.033..817.235 rows=1274246 loops=1)
                    Filter: (company_type_id = 1)
                    Rows Removed by Filter: 1334883
              ->  Hash  (cost=67604.59..67604.59 rows=1964834 width=4) (actual time=1656.391..1656.391 rows=1962189 loops=1)
                    Buckets: 131072  Batches: 32  Memory Usage: 3187kB
                    ->  Seq Scan on title t  (cost=0.00..67604.59 rows=1964834 width=4) (actual time=0.023..1057.346 rows=1962189 loops=1)
                          Filter: (production_year > 1978)
                          Rows Removed by Filter: 566123
Planning time: 1.065 ms
Execution time: 5762.631 ms
