Seq Scan on cast_info ci  (cost=0.00..796071.18 rows=8266668 width=0) (actual time=7022.568..11555.423 rows=3532130 loops=1)
  Filter: ((person_id > 1247624) AND (role_id < 2))
  Rows Removed by Filter: 32712214
Planning time: 0.734 ms
Execution time: 11997.841 ms
