Seq Scan on movie_companies mc  (cost=0.00..57926.93 rows=1074083 width=0) (actual time=0.021..957.894 rows=953140 loops=1)
  Filter: ((company_id > 292) AND (company_type_id < 2))
  Rows Removed by Filter: 1655989
Planning time: 0.326 ms
Execution time: 1086.019 ms
