Hash Join  (cost=93093.08..240561.01 rows=2090189 width=0) (actual time=1543.218..5112.025 rows=1077919 loops=1)
  Hash Cond: (mk.movie_id = t.id)
  ->  Seq Scan on movie_keyword mk  (cost=0.00..69693.30 rows=4523930 width=4) (actual time=0.015..1212.228 rows=4523930 loops=1)
  ->  Hash  (cost=73925.90..73925.90 rows=1168254 width=4) (actual time=1542.177..1542.177 rows=1132488 loops=1)
        Buckets: 131072  Batches: 16  Memory Usage: 3524kB
        ->  Seq Scan on title t  (cost=0.00..73925.90 rows=1168254 width=4) (actual time=0.025..1174.120 rows=1132488 loops=1)
              Filter: ((kind_id > 2) AND (production_year < 2008))
              Rows Removed by Filter: 1395824
Planning time: 0.687 ms
Execution time: 5235.312 ms
