Hash Join  (cost=194697.96..329694.33 rows=1066534 width=0) (actual time=3321.453..6837.698 rows=2046068 loops=1)
  Hash Cond: (mk.movie_id = t.id)
  ->  Seq Scan on movie_keyword mk  (cost=0.00..69693.30 rows=4523930 width=4) (actual time=0.025..1137.772 rows=4523930 loops=1)
  ->  Hash  (cost=184917.58..184917.58 rows=596110 width=8) (actual time=3320.373..3320.373 rows=380764 loops=1)
        Buckets: 131072  Batches: 8  Memory Usage: 2888kB
        ->  Hash Join  (cost=102767.86..184917.58 rows=596110 width=8) (actual time=1635.468..3195.909 rows=380764 loops=1)
              Hash Cond: (mc.movie_id = t.id)
              ->  Seq Scan on movie_companies mc  (cost=0.00..57926.93 rows=596110 width=4) (actual time=0.027..800.174 rows=380764 loops=1)
                    Filter: ((company_id < 9674) AND (company_type_id = 2))
                    Rows Removed by Filter: 2228365
              ->  Hash  (cost=61283.27..61283.27 rows=2528527 width=4) (actual time=1634.001..1634.001 rows=2528312 loops=1)
                    Buckets: 131072  Batches: 64  Memory Usage: 2415kB
                    ->  Seq Scan on title t  (cost=0.00..61283.27 rows=2528527 width=4) (actual time=0.018..781.134 rows=2528312 loops=1)
Planning time: 1.049 ms
Execution time: 7082.416 ms
