Seq Scan on movie_keyword mk  (cost=0.00..81003.12 rows=65731 width=0) (actual time=0.042..1182.849 rows=63624 loops=1)
  Filter: (keyword_id > 93682)
  Rows Removed by Filter: 4460306
Planning time: 0.397 ms
Execution time: 1191.871 ms
