Hash Join  (cost=58358.78..85269.43 rows=17 width=0) (actual time=1001.579..1321.885 rows=600 loops=1)
  Hash Cond: (mi_idx.movie_id = t.id)
  ->  Seq Scan on movie_info_idx mi_idx  (cost=0.00..21735.35 rows=1380035 width=4) (actual time=0.017..234.640 rows=1380035 loops=1)
  ->  Hash  (cost=58358.39..58358.39 rows=31 width=8) (actual time=809.421..809.421 rows=1573 loops=1)
        Buckets: 2048 (originally 1024)  Batches: 1 (originally 1)  Memory Usage: 78kB
        ->  Nested Loop  (cost=0.43..58358.39 rows=31 width=8) (actual time=655.252..808.727 rows=1573 loops=1)
              ->  Seq Scan on movie_companies mc  (cost=0.00..57926.93 rows=51 width=4) (actual time=0.106..786.686 rows=1800 loops=1)
                    Filter: ((company_type_id < 2) AND (company_id = 21))
                    Rows Removed by Filter: 2607329
              ->  Index Scan using title_pkey on title t  (cost=0.43..8.45 rows=1 width=4) (actual time=0.011..0.012 rows=1 loops=1800)
                    Index Cond: (id = mc.movie_id)
                    Filter: (kind_id > 4)
                    Rows Removed by Filter: 0
Planning time: 1.113 ms
Execution time: 1322.158 ms
