Seq Scan on movie_keyword mk  (cost=0.00..81003.12 rows=246 width=0) (actual time=0.482..874.547 rows=630 loops=1)
  Filter: (keyword_id = 10500)
  Rows Removed by Filter: 4523300
Planning time: 0.336 ms
Execution time: 874.838 ms
