Hash Join  (cost=299355.01..1784102.96 rows=33560071 width=0) (actual time=5135.655..37584.594 rows=17845769 loops=1)
  Hash Cond: (ci.movie_id = t.id)
  ->  Seq Scan on cast_info ci  (cost=0.00..705507.15 rows=30781935 width=4) (actual time=0.028..13497.250 rows=30730716 loops=1)
        Filter: (person_id < 3102335)
        Rows Removed by Filter: 5513628
  ->  Hash  (cost=254126.86..254126.86 rows=2756732 width=8) (actual time=5133.750..5133.750 rows=645461 loops=1)
        Buckets: 131072  Batches: 64  Memory Usage: 1402kB
        ->  Hash Join  (cost=92883.59..254126.86 rows=2756732 width=8) (actual time=1470.525..4935.431 rows=645461 loops=1)
              Hash Cond: (mk.movie_id = t.id)
              ->  Seq Scan on movie_keyword mk  (cost=0.00..69693.30 rows=4523930 width=4) (actual time=0.023..1106.245 rows=4523930 loops=1)
              ->  Hash  (cost=67604.59..67604.59 rows=1540800 width=4) (actual time=1469.237..1469.237 rows=1543264 loops=1)
                    Buckets: 131072  Batches: 32  Memory Usage: 2728kB
                    ->  Seq Scan on title t  (cost=0.00..67604.59 rows=1540800 width=4) (actual time=0.017..957.111 rows=1543264 loops=1)
                          Filter: (kind_id = 7)
                          Rows Removed by Filter: 985048
Planning time: 1.114 ms
Execution time: 39566.997 ms
