Hash Join  (cost=95159.82..240486.48 rows=1972138 width=0) (actual time=1585.768..5681.100 rows=1658809 loops=1)
  Hash Cond: (mk.movie_id = t.id)
  ->  Seq Scan on movie_keyword mk  (cost=0.00..81003.12 rows=2969031 width=4) (actual time=0.030..1344.213 rows=2952051 loops=1)
        Filter: (keyword_id < 9980)
        Rows Removed by Filter: 1571879
  ->  Hash  (cost=67604.59..67604.59 rows=1679539 width=4) (actual time=1584.565..1584.565 rows=1673541 loops=1)
        Buckets: 131072  Batches: 32  Memory Usage: 2874kB
        ->  Seq Scan on title t  (cost=0.00..67604.59 rows=1679539 width=4) (actual time=0.026..1019.766 rows=1673541 loops=1)
              Filter: (production_year > 1993)
              Rows Removed by Filter: 854771
Planning time: 0.630 ms
Execution time: 5893.224 ms
