Seq Scan on cast_info ci  (cost=0.00..796071.18 rows=435 width=0) (actual time=2035.725..11426.769 rows=26 loops=1)
  Filter: ((role_id < 10) AND (person_id = 1539029))
  Rows Removed by Filter: 36244318
Planning time: 0.357 ms
Execution time: 11426.875 ms
