Seq Scan on movie_companies mc  (cost=0.00..51404.11 rows=2408880 width=0) (actual time=0.013..828.141 rows=2407242 loops=1)
  Filter: (company_id < 112867)
  Rows Removed by Filter: 201887
Planning time: 0.329 ms
Execution time: 1140.551 ms
