Hash Join  (cost=709678.15..796345.14 rows=895 width=0) (actual time=8981.993..10445.104 rows=22 loops=1)
  Hash Cond: (mk.movie_id = t.id)
  ->  Seq Scan on movie_keyword mk  (cost=0.00..69693.30 rows=4523930 width=4) (actual time=0.022..752.705 rows=4523930 loops=1)
  ->  Hash  (cost=709671.90..709671.90 rows=500 width=8) (actual time=8919.420..8919.420 rows=60 loops=1)
        Buckets: 1024  Batches: 1  Memory Usage: 11kB
        ->  Nested Loop  (cost=0.43..709671.90 rows=500 width=8) (actual time=8135.078..8919.380 rows=60 loops=1)
              ->  Seq Scan on cast_info ci  (cost=0.00..705507.15 rows=500 width=4) (actual time=8134.941..8917.806 rows=60 loops=1)
                    Filter: (person_id = 2381932)
                    Rows Removed by Filter: 36244284
              ->  Index Only Scan using title_pkey on title t  (cost=0.43..8.32 rows=1 width=4) (actual time=0.024..0.024 rows=1 loops=60)
                    Index Cond: (id = ci.movie_id)
                    Heap Fetches: 60
Planning time: 1.098 ms
Execution time: 10445.199 ms
