Hash Join  (cost=188737.73..313501.03 rows=880856 width=0) (actual time=3509.149..6094.261 rows=425973 loops=1)
  Hash Cond: (mk.movie_id = t.id)
  ->  Seq Scan on movie_keyword mk  (cost=0.00..81003.12 rows=2748964 width=4) (actual time=0.027..1318.836 rows=2742728 loops=1)
        Filter: (keyword_id > 2885)
        Rows Removed by Filter: 1781202
  ->  Hash  (cost=175444.97..175444.97 rows=810221 width=8) (actual time=3494.199..3494.199 rows=400469 loops=1)
        Buckets: 131072  Batches: 16  Memory Usage: 1995kB
        ->  Hash Join  (cost=92883.59..175444.97 rows=810221 width=8) (actual time=1620.988..3362.582 rows=400469 loops=1)
              Hash Cond: (mc.movie_id = t.id)
              ->  Seq Scan on movie_companies mc  (cost=0.00..51404.11 rows=1329612 width=4) (actual time=93.290..796.186 rows=1334883 loops=1)
                    Filter: (company_type_id = 2)
                    Rows Removed by Filter: 1274246
              ->  Hash  (cost=67604.59..67604.59 rows=1540800 width=4) (actual time=1526.414..1526.414 rows=1543264 loops=1)
                    Buckets: 131072  Batches: 32  Memory Usage: 2722kB
                    ->  Seq Scan on title t  (cost=0.00..67604.59 rows=1540800 width=4) (actual time=0.027..1034.298 rows=1543264 loops=1)
                          Filter: (kind_id = 7)
                          Rows Removed by Filter: 985048
Planning time: 1.584 ms
Execution time: 6148.977 ms
