Hash Join  (cost=102767.86..1273859.51 rows=15174675 width=0) (actual time=5105.341..24574.015 rows=10620961 loops=1)
  Hash Cond: (ci.movie_id = t.id)
  ->  Seq Scan on cast_info ci  (cost=0.00..796071.18 rows=15174675 width=4) (actual time=3149.429..13152.014 rows=10620961 loops=1)
        Filter: ((person_id < 2382413) AND (role_id > 1))
        Rows Removed by Filter: 25623383
  ->  Hash  (cost=61283.27..61283.27 rows=2528527 width=4) (actual time=1954.366..1954.366 rows=2528312 loops=1)
        Buckets: 131072  Batches: 64  Memory Usage: 2415kB
        ->  Seq Scan on title t  (cost=0.00..61283.27 rows=2528527 width=4) (actual time=0.012..736.588 rows=2528312 loops=1)
Planning time: 0.643 ms
Execution time: 25786.811 ms
