Seq Scan on movie_keyword mk  (cost=0.00..81003.12 rows=1311989 width=0) (actual time=0.023..1308.303 rows=1320444 loops=1)
  Filter: (keyword_id < 1732)
  Rows Removed by Filter: 3203486
Planning time: 0.350 ms
Execution time: 1471.518 ms
