Seq Scan on movie_companies mc  (cost=0.00..57926.93 rows=429722 width=0) (actual time=0.049..665.376 rows=245195 loops=1)
  Filter: ((company_id < 2179) AND (company_type_id > 1))
  Rows Removed by Filter: 2363934
Planning time: 0.370 ms
Execution time: 694.961 ms
