Seq Scan on movie_keyword mk  (cost=0.00..81003.12 rows=4268681 width=0) (actual time=0.024..1358.998 rows=4271236 loops=1)
  Filter: (keyword_id < 60095)
  Rows Removed by Filter: 252694
Planning time: 0.302 ms
Execution time: 1917.225 ms
