Seq Scan on movie_keyword mk  (cost=0.00..81003.12 rows=3193696 width=12) (actual time=0.021..2036.353 rows=3174622 loops=1)
  Filter: (keyword_id > 1753)
  Rows Removed by Filter: 1349308
Planning time: 0.490 ms
Execution time: 2228.189 ms
