Hash Join  (cost=102767.86..1317429.59 rows=16985388 width=0) (actual time=1554.159..27117.929 rows=13522250 loops=1)
  Hash Cond: (ci.movie_id = t.id)
  ->  Seq Scan on cast_info ci  (cost=0.00..796071.18 rows=16985388 width=4) (actual time=0.025..14367.897 rows=13522250 loops=1)
        Filter: ((person_id < 2710548) AND (role_id > 1))
        Rows Removed by Filter: 22722094
  ->  Hash  (cost=61283.27..61283.27 rows=2528527 width=4) (actual time=1552.134..1552.134 rows=2528312 loops=1)
        Buckets: 131072  Batches: 64  Memory Usage: 2415kB
        ->  Seq Scan on title t  (cost=0.00..61283.27 rows=2528527 width=4) (actual time=0.025..732.869 rows=2528312 loops=1)
Planning time: 0.647 ms
Execution time: 28643.864 ms
