Nested Loop  (cost=0.43..709671.90 rows=500 width=0) (actual time=5853.603..8586.076 rows=14 loops=1)
  ->  Seq Scan on cast_info ci  (cost=0.00..705507.15 rows=500 width=4) (actual time=5853.518..8585.716 rows=14 loops=1)
        Filter: (person_id = 2905635)
        Rows Removed by Filter: 36244330
  ->  Index Only Scan using title_pkey on title t  (cost=0.43..8.32 rows=1 width=4) (actual time=0.020..0.020 rows=1 loops=14)
        Index Cond: (id = ci.movie_id)
        Heap Fetches: 14
Planning time: 0.699 ms
Execution time: 8586.142 ms
