Hash Join  (cost=162223.50..978181.47 rows=2295738 width=0) (actual time=11609.876..18579.807 rows=2147169 loops=1)
  Hash Cond: (ci.movie_id = t.id)
  ->  Seq Scan on cast_info ci  (cost=0.00..705507.15 rows=7298253 width=4) (actual time=8551.643..11800.379 rows=7451973 loops=1)
        Filter: (role_id = 2)
        Rows Removed by Filter: 28792371
  ->  Hash  (cost=149174.34..149174.34 rows=795373 width=8) (actual time=3057.184..3057.184 rows=417300 loops=1)
        Buckets: 131072  Batches: 16  Memory Usage: 2039kB
        ->  Hash Join  (cost=97835.13..149174.34 rows=795373 width=8) (actual time=1621.938..2934.527 rows=417300 loops=1)
              Hash Cond: (mi_idx.movie_id = t.id)
              ->  Seq Scan on movie_info_idx mi_idx  (cost=0.00..21735.35 rows=1380035 width=4) (actual time=0.026..359.239 rows=1380035 loops=1)
              ->  Hash  (cost=73925.90..73925.90 rows=1457298 width=4) (actual time=1621.118..1621.118 rows=1438183 loops=1)
                    Buckets: 131072  Batches: 32  Memory Usage: 2604kB
                    ->  Seq Scan on title t  (cost=0.00..73925.90 rows=1457298 width=4) (actual time=288.789..1172.616 rows=1438183 loops=1)
                          Filter: ((production_year < 2013) AND (kind_id = 7))
                          Rows Removed by Filter: 1090129
Planning time: 0.716 ms
Execution time: 18820.749 ms
