Hash Join  (cost=100216.43..262803.57 rows=2867019 width=0) (actual time=1602.467..5762.324 rows=1560740 loops=1)
  Hash Cond: (mk.movie_id = t.id)
  ->  Seq Scan on movie_keyword mk  (cost=0.00..69693.30 rows=4523930 width=4) (actual time=0.012..1151.383 rows=4523930 loops=1)
  ->  Hash  (cost=73925.90..73925.90 rows=1602442 width=4) (actual time=1601.640..1601.640 rows=1717159 loops=1)
        Buckets: 131072  Batches: 32  Memory Usage: 2921kB
        ->  Seq Scan on title t  (cost=0.00..73925.90 rows=1602442 width=4) (actual time=0.023..1069.450 rows=1717159 loops=1)
              Filter: ((kind_id > 1) AND (production_year > 1963))
              Rows Removed by Filter: 811153
Planning time: 0.676 ms
Execution time: 5969.872 ms
