Hash Join  (cost=470364.26..603000.56 rows=872827 width=0) (actual time=7098.917..11075.833 rows=4830742 loops=1)
  Hash Cond: (mk.movie_id = t.id)
  ->  Seq Scan on movie_keyword mk  (cost=0.00..69693.30 rows=4523930 width=4) (actual time=0.026..1150.757 rows=4523930 loops=1)
  ->  Hash  (cost=462360.22..462360.22 rows=487843 width=8) (actual time=7097.849..7097.849 rows=471225 loops=1)
        Buckets: 131072  Batches: 8  Memory Usage: 3343kB
        ->  Hash Join  (cost=74201.04..462360.22 rows=487843 width=8) (actual time=3350.768..6980.134 rows=471225 loops=1)
              Hash Cond: (mi.movie_id = t.id)
              ->  Seq Scan on movie_info mi  (cost=0.00..346232.03 rows=3068194 width=4) (actual time=2354.526..4598.275 rows=3036719 loops=1)
                    Filter: (info_type_id = 16)
                    Rows Removed by Filter: 11799001
              ->  Hash  (cost=67604.59..67604.59 rows=402036 width=4) (actual time=994.697..994.697 rows=395872 loops=1)
                    Buckets: 131072  Batches: 8  Memory Usage: 2765kB
                    ->  Seq Scan on title t  (cost=0.00..67604.59 rows=402036 width=4) (actual time=0.026..859.532 rows=395872 loops=1)
                          Filter: (production_year < 1972)
                          Rows Removed by Filter: 2132440
Planning time: 1.071 ms
Execution time: 11618.543 ms
