Hash Join  (cost=77232.60..983767.30 rows=1291067 width=0) (actual time=2283.593..20007.385 rows=1277206 loops=1)
  Hash Cond: (ci.movie_id = t.id)
  ->  Seq Scan on cast_info ci  (cost=0.00..705507.15 rows=16201301 width=4) (actual time=1226.393..11844.526 rows=16121683 loops=1)
        Filter: (role_id > 2)
        Rows Removed by Filter: 20122661
  ->  Hash  (cost=73925.90..73925.90 rows=201496 width=4) (actual time=1056.315..1056.315 rows=307194 loops=1)
        Buckets: 131072  Batches: 4  Memory Usage: 3727kB
        ->  Seq Scan on title t  (cost=0.00..73925.90 rows=201496 width=4) (actual time=0.025..960.542 rows=307194 loops=1)
              Filter: ((kind_id < 7) AND (production_year < 1980))
              Rows Removed by Filter: 2221118
Planning time: 0.737 ms
Execution time: 20148.394 ms
