Seq Scan on cast_info ci  (cost=0.00..705507.15 rows=500 width=0) (actual time=911.881..8412.736 rows=247 loops=1)
  Filter: (person_id = 3137734)
  Rows Removed by Filter: 36244097
Planning time: 0.323 ms
Execution time: 8412.842 ms
