Hash Join  (cost=96184.51..146581.61 rows=740462 width=0) (actual time=2093.720..3260.423 rows=394707 loops=1)
  Hash Cond: (mi_idx.movie_id = t.id)
  ->  Seq Scan on movie_info_idx mi_idx  (cost=0.00..21735.35 rows=1380035 width=4) (actual time=0.013..466.778 rows=1380035 loops=1)
  ->  Hash  (cost=73925.90..73925.90 rows=1356688 width=4) (actual time=1828.028..1828.028 rows=1327781 loops=1)
        Buckets: 131072  Batches: 32  Memory Usage: 2479kB
        ->  Seq Scan on title t  (cost=0.00..73925.90 rows=1356688 width=4) (actual time=0.012..1398.269 rows=1327781 loops=1)
              Filter: ((production_year < 2012) AND (kind_id = 7))
              Rows Removed by Filter: 1200531
Planning time: 0.808 ms
Execution time: 3305.849 ms
