Hash Join  (cost=74389.43..160634.24 rows=19728 width=0) (actual time=804.354..2316.416 rows=4319 loops=1)
  Hash Cond: (mk.movie_id = t.id)
  ->  Seq Scan on movie_keyword mk  (cost=0.00..81003.12 rows=1345174 width=4) (actual time=0.031..1248.530 rows=1365070 loops=1)
        Filter: (keyword_id < 1781)
        Rows Removed by Filter: 3158860
  ->  Hash  (cost=73925.90..73925.90 rows=37082 width=4) (actual time=803.694..803.694 rows=41935 loops=1)
        Buckets: 65536  Batches: 1  Memory Usage: 1987kB
        ->  Seq Scan on title t  (cost=0.00..73925.90 rows=37082 width=4) (actual time=0.017..788.533 rows=41935 loops=1)
              Filter: ((kind_id = 7) AND (production_year = 2002))
              Rows Removed by Filter: 2486377
Planning time: 0.789 ms
Execution time: 2317.298 ms
