Hash Join  (cost=174865.45..302819.85 rows=1034015 width=0) (actual time=3525.745..7267.980 rows=4376880 loops=1)
  Hash Cond: (mk.movie_id = t.id)
  ->  Seq Scan on movie_keyword mk  (cost=0.00..81003.12 rows=2857100 width=4) (actual time=0.021..1396.021 rows=2846486 loops=1)
        Filter: (keyword_id < 8671)
        Rows Removed by Filter: 1677444
  ->  Hash  (cost=159851.69..159851.69 rows=915101 width=8) (actual time=3524.608..3524.608 rows=919850 loops=1)
        Buckets: 131072  Batches: 16  Memory Usage: 3282kB
        ->  Hash Join  (cost=102767.86..159851.69 rows=915101 width=8) (actual time=1546.142..3234.732 rows=919850 loops=1)
              Hash Cond: (mi_idx.movie_id = t.id)
              ->  Seq Scan on movie_info_idx mi_idx  (cost=0.00..25185.44 rows=915101 width=4) (actual time=0.014..465.293 rows=919850 loops=1)
                    Filter: (info_type_id < 101)
                    Rows Removed by Filter: 460185
              ->  Hash  (cost=61283.27..61283.27 rows=2528527 width=4) (actual time=1545.036..1545.036 rows=2528312 loops=1)
                    Buckets: 131072  Batches: 64  Memory Usage: 2415kB
                    ->  Seq Scan on title t  (cost=0.00..61283.27 rows=2528527 width=4) (actual time=0.012..738.678 rows=2528312 loops=1)
Planning time: 1.472 ms
Execution time: 7750.002 ms
