Hash Join  (cost=157922.04..184907.55 rows=7504 width=0) (actual time=2217.668..2730.819 rows=7847 loops=1)
  Hash Cond: (mi_idx.movie_id = t.id)
  ->  Seq Scan on movie_info_idx mi_idx  (cost=0.00..21735.35 rows=1380035 width=4) (actual time=0.024..231.813 rows=1380035 loops=1)
  ->  Hash  (cost=157750.18..157750.18 rows=13748 width=8) (actual time=2217.181..2217.181 rows=5584 loops=1)
        Buckets: 16384  Batches: 1  Memory Usage: 347kB
        ->  Hash Join  (cost=74050.79..157750.18 rows=13748 width=8) (actual time=1043.191..2214.648 rows=5584 loops=1)
              Hash Cond: (mk.movie_id = t.id)
              ->  Seq Scan on movie_keyword mk  (cost=0.00..81003.12 rows=88478 width=4) (actual time=0.018..1058.384 rows=94902 loops=1)
                    Filter: (keyword_id < 85)
                    Rows Removed by Filter: 4429028
              ->  Hash  (cost=67604.59..67604.59 rows=392896 width=4) (actual time=1041.005..1041.005 rows=391666 loops=1)
                    Buckets: 131072  Batches: 8  Memory Usage: 2759kB
                    ->  Seq Scan on title t  (cost=0.00..67604.59 rows=392896 width=4) (actual time=0.023..913.580 rows=391666 loops=1)
                          Filter: (production_year > 2010)
                          Rows Removed by Filter: 2136646
Planning time: 1.108 ms
Execution time: 2732.182 ms
