Hash Join  (cost=104131.46..254557.16 rows=2473418 width=0) (actual time=1861.753..5551.697 rows=2698513 loops=1)
  Hash Cond: (mk.movie_id = t.id)
  ->  Seq Scan on movie_keyword mk  (cost=0.00..81003.12 rows=2809078 width=4) (actual time=0.014..1418.970 rows=2801548 loops=1)
        Filter: (keyword_id < 8233)
        Rows Removed by Filter: 1722382
  ->  Hash  (cost=67604.59..67604.59 rows=2226390 width=4) (actual time=1860.980..1860.980 rows=2224569 loops=1)
        Buckets: 131072  Batches: 32  Memory Usage: 3472kB
        ->  Seq Scan on title t  (cost=0.00..67604.59 rows=2226390 width=4) (actual time=0.027..1119.950 rows=2224569 loops=1)
              Filter: (production_year < 2012)
              Rows Removed by Filter: 303743
Planning time: 0.740 ms
Execution time: 5851.461 ms
