Hash Join  (cost=1202369.12..2420076.53 rows=55342326 width=0) (actual time=23965.898..69349.346 rows=123291505 loops=1)
  Hash Cond: (mi.movie_id = t.id)
  ->  Seq Scan on movie_info mi  (cost=0.00..309384.22 rows=14739122 width=4) (actual time=0.023..4775.564 rows=14835720 loops=1)
  ->  Hash  (cost=1046605.99..1046605.99 rows=9494091 width=8) (actual time=23963.347..23963.347 rows=9316496 loops=1)
        Buckets: 131072  Batches: 128  Memory Usage: 3924kB
        ->  Hash Join  (cost=102767.86..1046605.99 rows=9494091 width=8) (actual time=1658.759..20798.206 rows=9316496 loops=1)
              Hash Cond: (ci.movie_id = t.id)
              ->  Seq Scan on cast_info ci  (cost=0.00..705507.15 rows=9494091 width=4) (actual time=0.028..10837.106 rows=9316496 loops=1)
                    Filter: (person_id < 917503)
                    Rows Removed by Filter: 26927848
              ->  Hash  (cost=61283.27..61283.27 rows=2528527 width=4) (actual time=1657.247..1657.247 rows=2528312 loops=1)
                    Buckets: 131072  Batches: 64  Memory Usage: 2415kB
                    ->  Seq Scan on title t  (cost=0.00..61283.27 rows=2528527 width=4) (actual time=0.004..817.724 rows=2528312 loops=1)
Planning time: 1.122 ms
Execution time: 82835.323 ms
