Seq Scan on cast_info ci  (cost=0.00..796071.18 rows=4980034 width=0) (actual time=4329.437..10488.282 rows=2970864 loops=1)
  Filter: ((person_id < 1447998) AND (role_id > 3))
  Rows Removed by Filter: 33273480
Planning time: 0.334 ms
Execution time: 10855.061 ms
