Hash Join  (cost=102767.86..237956.27 rows=1841310 width=0) (actual time=1733.650..5601.686 rows=1845021 loops=1)
  Hash Cond: (mk.movie_id = t.id)
  ->  Seq Scan on movie_keyword mk  (cost=0.00..81003.12 rows=1841310 width=4) (actual time=0.022..1358.115 rows=1845021 loops=1)
        Filter: (keyword_id > 7515)
        Rows Removed by Filter: 2678909
  ->  Hash  (cost=61283.27..61283.27 rows=2528527 width=4) (actual time=1732.022..1732.022 rows=2528312 loops=1)
        Buckets: 131072  Batches: 64  Memory Usage: 2425kB
        ->  Seq Scan on title t  (cost=0.00..61283.27 rows=2528527 width=4) (actual time=0.021..883.437 rows=2528312 loops=1)
Planning time: 0.657 ms
Execution time: 5852.444 ms
