Seq Scan on movie_companies mc  (cost=0.00..57926.93 rows=702412 width=0) (actual time=373.066..864.409 rows=967402 loops=1)
  Filter: ((company_id < 12538) AND (company_type_id < 2))
  Rows Removed by Filter: 1641727
Planning time: 0.247 ms
Execution time: 992.706 ms
