Hash Join  (cost=98137.04..272510.14 rows=3141337 width=0) (actual time=1707.818..5794.636 rows=1580089 loops=1)
  Hash Cond: (mk.movie_id = t.id)
  ->  Seq Scan on movie_keyword mk  (cost=0.00..81003.12 rows=4268121 width=4) (actual time=0.077..1613.071 rows=4270715 loops=1)
        Filter: (keyword_id < 60026)
        Rows Removed by Filter: 253215
  ->  Hash  (cost=67604.59..67604.59 rows=1860996 width=4) (actual time=1706.106..1706.106 rows=1865487 loops=1)
        Buckets: 131072  Batches: 32  Memory Usage: 3085kB
        ->  Seq Scan on title t  (cost=0.00..67604.59 rows=1860996 width=4) (actual time=0.020..1053.062 rows=1865487 loops=1)
              Filter: (kind_id > 1)
              Rows Removed by Filter: 662825
Planning time: 0.651 ms
Execution time: 5956.262 ms
