Hash Join  (cost=448026.41..1304043.16 rows=111293 width=0) (actual time=11816.839..22174.406 rows=97777 loops=1)
  Hash Cond: (ci.movie_id = t.id)
  ->  Seq Scan on cast_info ci  (cost=0.00..796071.18 rows=15688703 width=4) (actual time=6217.569..14207.222 rows=14284981 loops=1)
        Filter: ((person_id > 1795387) AND (role_id < 10))
        Rows Removed by Filter: 21959363
  ->  Hash  (cost=447802.20..447802.20 rows=17937 width=8) (actual time=5598.857..5598.857 rows=6527 loops=1)
        Buckets: 32768  Batches: 1  Memory Usage: 511kB
        ->  Nested Loop  (cost=0.43..447802.20 rows=17937 width=8) (actual time=5139.393..5595.793 rows=6527 loops=1)
              ->  Seq Scan on movie_info mi  (cost=0.00..346232.03 rows=17937 width=4) (actual time=5139.235..5453.368 rows=6527 loops=1)
                    Filter: (info_type_id = 76)
                    Rows Removed by Filter: 14829193
              ->  Index Only Scan using title_pkey on title t  (cost=0.43..5.65 rows=1 width=4) (actual time=0.021..0.021 rows=1 loops=6527)
                    Index Cond: (id = mi.movie_id)
                    Heap Fetches: 6527
Planning time: 0.941 ms
Execution time: 22187.893 ms
