Hash Join  (cost=142628.70..876656.65 rows=115235 width=0) (actual time=2422.182..15598.572 rows=414388 loops=1)
  Hash Cond: (ci.movie_id = t.id)
  ->  Seq Scan on cast_info ci  (cost=0.00..705507.15 rows=7298253 width=4) (actual time=0.013..11237.277 rows=7451973 loops=1)
        Filter: (role_id = 2)
        Rows Removed by Filter: 28792371
  ->  Hash  (cost=142129.65..142129.65 rows=39924 width=8) (actual time=2421.745..2421.745 rows=73061 loops=1)
        Buckets: 131072 (originally 65536)  Batches: 1 (originally 1)  Memory Usage: 3878kB
        ->  Hash Join  (cost=75221.10..142129.65 rows=39924 width=8) (actual time=1090.661..2393.973 rows=73061 loops=1)
              Hash Cond: (mc.movie_id = t.id)
              ->  Seq Scan on movie_companies mc  (cost=0.00..51404.11 rows=1279517 width=4) (actual time=0.034..842.152 rows=1274246 loops=1)
                    Filter: (company_type_id = 1)
                    Rows Removed by Filter: 1334883
              ->  Hash  (cost=73925.90..73925.90 rows=78896 width=4) (actual time=1089.873..1089.873 rows=78341 loops=1)
                    Buckets: 131072  Batches: 2  Memory Usage: 2404kB
                    ->  Seq Scan on title t  (cost=0.00..73925.90 rows=78896 width=4) (actual time=510.483..1061.137 rows=78341 loops=1)
                          Filter: ((production_year > 1979) AND (kind_id = 3))
                          Rows Removed by Filter: 2449971
Planning time: 1.212 ms
Execution time: 15652.427 ms
