Seq Scan on movie_companies mc  (cost=0.00..51404.11 rows=2080058 width=0) (actual time=0.026..896.150 rows=2080040 loops=1)
  Filter: (company_id > 496)
  Rows Removed by Filter: 529089
Planning time: 0.354 ms
Execution time: 1152.042 ms
