Seq Scan on movie_keyword mk  (cost=0.00..81003.12 rows=4222237 width=0) (actual time=0.026..1374.530 rows=4203957 loops=1)
  Filter: (keyword_id > 254)
  Rows Removed by Filter: 319973
Planning time: 0.272 ms
Execution time: 1884.505 ms
