Hash Join  (cost=83462.78..208303.09 rows=689337 width=0) (actual time=1264.298..4613.610 rows=245853 loops=1)
  Hash Cond: (mk.movie_id = t.id)
  ->  Seq Scan on movie_keyword mk  (cost=0.00..81003.12 rows=2998617 width=4) (actual time=0.016..1278.835 rows=2983128 loops=1)
        Filter: (keyword_id < 10288)
        Rows Removed by Filter: 1540802
  ->  Hash  (cost=73925.90..73925.90 rows=581270 width=4) (actual time=1263.342..1263.342 rows=602533 loops=1)
        Buckets: 131072  Batches: 8  Memory Usage: 3675kB
        ->  Seq Scan on title t  (cost=0.00..73925.90 rows=581270 width=4) (actual time=0.013..1064.337 rows=602533 loops=1)
              Filter: ((kind_id > 1) AND (production_year > 2007))
              Rows Removed by Filter: 1925779
Planning time: 0.694 ms
Execution time: 4646.492 ms
