Seq Scan on movie_companies mc  (cost=0.00..57926.93 rows=1152 width=0) (actual time=251.080..720.515 rows=1072 loops=1)
  Filter: ((company_id = 11245) AND (company_type_id = 1))
  Rows Removed by Filter: 2608057
Planning time: 0.356 ms
Execution time: 720.879 ms
