Seq Scan on cast_info ci  (cost=0.00..705507.15 rows=500 width=0) (actual time=2459.698..8750.080 rows=336 loops=1)
  Filter: (person_id = 327575)
  Rows Removed by Filter: 36244008
Planning time: 0.335 ms
Execution time: 8750.244 ms
