Seq Scan on movie_companies mc  (cost=0.00..57926.93 rows=917206 width=0) (actual time=46.291..921.240 rows=597977 loops=1)
  Filter: ((company_id < 28536) AND (company_type_id = 2))
  Rows Removed by Filter: 2011152
Planning time: 1.427 ms
Execution time: 999.284 ms
