Seq Scan on movie_companies mc  (cost=0.00..57926.93 rows=53 width=0) (actual time=54.187..816.385 rows=10 loops=1)
  Filter: ((company_type_id > 1) AND (company_id = 134068))
  Rows Removed by Filter: 2609119
Planning time: 0.346 ms
Execution time: 816.478 ms
