Hash Join  (cost=74465.79..786781.10 rows=29661 width=0) (actual time=2328.845..11892.080 rows=29797 loops=1)
  Hash Cond: (ci.movie_id = t.id)
  ->  Seq Scan on cast_info ci  (cost=0.00..705507.15 rows=1736414 width=4) (actual time=1520.571..10696.048 rows=1703543 loops=1)
        Filter: (role_id = 8)
        Rows Removed by Filter: 34540801
  ->  Hash  (cost=73925.90..73925.90 rows=43191 width=4) (actual time=807.653..807.653 rows=29779 loops=1)
        Buckets: 65536  Batches: 1  Memory Usage: 1559kB
        ->  Seq Scan on title t  (cost=0.00..73925.90 rows=43191 width=4) (actual time=0.052..799.085 rows=29779 loops=1)
              Filter: ((kind_id < 4) AND (production_year = 2008))
              Rows Removed by Filter: 2498533
Planning time: 1.133 ms
Execution time: 11896.696 ms
