Hash Join  (cost=155695.34..521313.76 rows=89366 width=0) (actual time=3605.929..7506.046 rows=503 loops=1)
  Hash Cond: (mi.movie_id = t.id)
  ->  Seq Scan on movie_info mi  (cost=0.00..346232.03 rows=1550064 width=4) (actual time=977.719..4351.956 rows=1533909 loops=1)
        Filter: (info_type_id = 3)
        Rows Removed by Filter: 13301811
  ->  Hash  (cost=153303.12..153303.12 rows=145777 width=8) (actual time=2626.502..2626.502 rows=58891 loops=1)
        Buckets: 131072  Batches: 2  Memory Usage: 2180kB
        ->  Hash Join  (cost=76243.83..153303.12 rows=145777 width=8) (actual time=913.100..2604.949 rows=58891 loops=1)
              Hash Cond: (mc.movie_id = t.id)
              ->  Seq Scan on movie_companies mc  (cost=0.00..44881.29 rows=2609129 width=4) (actual time=0.025..728.695 rows=2609129 loops=1)
              ->  Hash  (cost=73925.90..73925.90 rows=141274 width=4) (actual time=887.197..887.197 rows=150659 loops=1)
                    Buckets: 131072  Batches: 2  Memory Usage: 3673kB
                    ->  Seq Scan on title t  (cost=0.00..73925.90 rows=141274 width=4) (actual time=185.386..832.274 rows=150659 loops=1)
                          Filter: ((production_year > 2011) AND (kind_id = 7))
                          Rows Removed by Filter: 2377653
Planning time: 1.126 ms
Execution time: 7506.509 ms
