Hash Join  (cost=58358.90..423017.80 rows=297 width=0) (actual time=767.748..6637.433 rows=147 loops=1)
  Hash Cond: (mi.movie_id = t.id)
  ->  Seq Scan on movie_info mi  (cost=0.00..309384.22 rows=14739122 width=4) (actual time=0.017..3187.322 rows=14835720 loops=1)
  ->  Hash  (cost=58358.27..58358.27 rows=51 width=8) (actual time=701.061..701.061 rows=3 loops=1)
        Buckets: 1024  Batches: 1  Memory Usage: 9kB
        ->  Nested Loop  (cost=0.43..58358.27 rows=51 width=8) (actual time=253.702..701.050 rows=3 loops=1)
              ->  Seq Scan on movie_companies mc  (cost=0.00..57926.93 rows=51 width=4) (actual time=253.618..700.839 rows=3 loops=1)
                    Filter: ((company_type_id < 2) AND (company_id = 31972))
                    Rows Removed by Filter: 2609126
              ->  Index Only Scan using title_pkey on title t  (cost=0.43..8.45 rows=1 width=4) (actual time=0.062..0.062 rows=1 loops=3)
                    Index Cond: (id = mc.movie_id)
                    Heap Fetches: 3
Planning time: 1.259 ms
Execution time: 6637.635 ms
