Hash Join  (cost=102767.86..247078.63 rows=2220409 width=0) (actual time=2388.141..5644.500 rows=2216826 loops=1)
  Hash Cond: (mk.movie_id = t.id)
  ->  Seq Scan on movie_keyword mk  (cost=0.00..81003.12 rows=2220409 width=4) (actual time=0.020..1328.681 rows=2216826 loops=1)
        Filter: (keyword_id < 4514)
        Rows Removed by Filter: 2307104
  ->  Hash  (cost=61283.27..61283.27 rows=2528527 width=4) (actual time=2385.905..2385.905 rows=2528312 loops=1)
        Buckets: 131072  Batches: 64  Memory Usage: 2425kB
        ->  Seq Scan on title t  (cost=0.00..61283.27 rows=2528527 width=4) (actual time=0.023..845.144 rows=2528312 loops=1)
Planning time: 0.687 ms
Execution time: 5885.180 ms
