Seq Scan on movie_keyword mk  (cost=0.00..81003.12 rows=2304902 width=0) (actual time=0.030..1396.956 rows=2308392 loops=1)
  Filter: (keyword_id > 4508)
  Rows Removed by Filter: 2215538
Planning time: 0.325 ms
Execution time: 1670.245 ms
