Hash Join  (cost=90016.07..235895.18 rows=1533384 width=0) (actual time=1469.632..4871.405 rows=385555 loops=1)
  Hash Cond: (mk.movie_id = t.id)
  ->  Seq Scan on movie_keyword mk  (cost=0.00..81003.12 rows=3953372 width=4) (actual time=0.037..1536.892 rows=3956592 loops=1)
        Filter: (keyword_id < 32360)
        Rows Removed by Filter: 567338
  ->  Hash  (cost=73925.90..73925.90 rows=980733 width=4) (actual time=1468.162..1468.162 rows=1074493 loops=1)
        Buckets: 131072  Batches: 16  Memory Usage: 3400kB
        ->  Seq Scan on title t  (cost=0.00..73925.90 rows=980733 width=4) (actual time=0.026..1122.452 rows=1074493 loops=1)
              Filter: ((production_year > 1995) AND (kind_id = 7))
              Rows Removed by Filter: 1453819
Planning time: 0.712 ms
Execution time: 4912.463 ms
