Hash Join  (cost=67697.55..872796.97 rows=7026 width=0) (actual time=7956.110..12013.945 rows=5833 loops=1)
  Hash Cond: (ci.movie_id = t.id)
  ->  Seq Scan on cast_info ci  (cost=0.00..796071.18 rows=2388796 width=4) (actual time=7251.120..10705.255 rows=3696252 loops=1)
        Filter: ((person_id > 1591843) AND (role_id = 10))
        Rows Removed by Filter: 32548092
  ->  Hash  (cost=67604.59..67604.59 rows=7437 width=4) (actual time=704.759..704.759 rows=14349 loops=1)
        Buckets: 16384 (originally 8192)  Batches: 1 (originally 1)  Memory Usage: 633kB
        ->  Seq Scan on title t  (cost=0.00..67604.59 rows=7437 width=4) (actual time=0.040..699.133 rows=14349 loops=1)
              Filter: (production_year = 1969)
              Rows Removed by Filter: 2513963
Planning time: 0.764 ms
Execution time: 12015.029 ms
