Seq Scan on title t  (cost=0.00..73925.90 rows=1437669 width=0) (actual time=0.008..1121.831 rows=1478437 loops=1)
  Filter: ((production_year > 1924) AND (kind_id = 7))
  Rows Removed by Filter: 1049875
Planning time: 0.311 ms
Execution time: 1313.270 ms
