Hash Join  (cost=147779.82..534466.36 rows=376479 width=0) (actual time=5310.570..7581.162 rows=394142 loops=1)
  Hash Cond: (mi.movie_id = t.id)
  ->  Seq Scan on movie_info mi  (cost=0.00..346232.03 rows=3068194 width=4) (actual time=2552.592..3582.811 rows=3036719 loops=1)
        Filter: (info_type_id = 16)
        Rows Removed by Filter: 11799001
  ->  Hash  (cost=142689.57..142689.57 rows=310260 width=8) (actual time=2757.146..2757.146 rows=249960 loops=1)
        Buckets: 131072  Batches: 8  Memory Usage: 2254kB
        ->  Hash Join  (cost=101846.64..142689.57 rows=310260 width=8) (actual time=1746.262..2676.859 rows=249960 loops=1)
              Hash Cond: (mi_idx.movie_id = t.id)
              ->  Seq Scan on movie_info_idx mi_idx  (cost=0.00..25185.44 rows=460978 width=4) (actual time=0.018..337.444 rows=459925 loops=1)
                    Filter: (info_type_id = 99)
                    Rows Removed by Filter: 920110
              ->  Hash  (cost=73925.90..73925.90 rows=1701819 width=4) (actual time=1745.285..1745.285 rows=1799540 loops=1)
                    Buckets: 131072  Batches: 32  Memory Usage: 3006kB
                    ->  Seq Scan on title t  (cost=0.00..73925.90 rows=1701819 width=4) (actual time=0.014..1084.773 rows=1799540 loops=1)
                          Filter: ((kind_id > 1) AND (production_year > 1943))
                          Rows Removed by Filter: 728772
Planning time: 1.115 ms
Execution time: 7625.570 ms
