Seq Scan on movie_keyword mk  (cost=0.00..81003.12 rows=4096420 width=0) (actual time=0.032..758.462 rows=4101715 loops=1)
  Filter: (keyword_id < 41358)
  Rows Removed by Filter: 422215
Planning time: 0.297 ms
Execution time: 1049.421 ms
