Hash Join  (cost=84895.01..606284.65 rows=3897172 width=0) (actual time=1028.281..16611.766 rows=6438801 loops=1)
  Hash Cond: (mi.movie_id = t.id)
  ->  Seq Scan on movie_info mi  (cost=0.00..309384.22 rows=14739122 width=4) (actual time=0.026..4753.773 rows=14835720 loops=1)
  ->  Hash  (cost=73925.90..73925.90 rows=668568 width=4) (actual time=1027.073..1027.073 rows=547616 loops=1)
        Buckets: 131072  Batches: 16  Memory Usage: 2232kB
        ->  Seq Scan on title t  (cost=0.00..73925.90 rows=668568 width=4) (actual time=0.022..863.217 rows=547616 loops=1)
              Filter: ((kind_id < 4) AND (production_year > 1978))
              Rows Removed by Filter: 1980696
Planning time: 0.771 ms
Execution time: 17377.983 ms
