Hash Join  (cost=74251.74..129204.36 rows=9494 width=0) (actual time=813.054..1787.206 rows=25361 loops=1)
  Hash Cond: (mc.movie_id = t.id)
  ->  Seq Scan on movie_companies mc  (cost=0.00..51404.11 rows=920950 width=4) (actual time=0.026..735.555 rows=928839 loops=1)
        Filter: (company_id > 19562)
        Rows Removed by Filter: 1680290
  ->  Hash  (cost=73925.90..73925.90 rows=26067 width=4) (actual time=812.608..812.608 rows=27085 loops=1)
        Buckets: 32768  Batches: 1  Memory Usage: 1209kB
        ->  Seq Scan on title t  (cost=0.00..73925.90 rows=26067 width=4) (actual time=0.076..800.863 rows=27085 loops=1)
              Filter: ((kind_id < 7) AND (production_year > 2012))
              Rows Removed by Filter: 2501227
Planning time: 0.718 ms
Execution time: 1791.293 ms
