Hash Join  (cost=90601.07..161030.25 rows=220038 width=0) (actual time=1632.640..2843.754 rows=263893 loops=1)
  Hash Cond: (mc.movie_id = t.id)
  ->  Seq Scan on movie_companies mc  (cost=0.00..57926.93 rows=547431 width=4) (actual time=210.528..842.325 rows=758075 loops=1)
        Filter: ((company_id < 7851) AND (company_type_id < 2))
        Rows Removed by Filter: 1851054
  ->  Hash  (cost=73925.90..73925.90 rows=1016333 width=4) (actual time=1421.373..1421.373 rows=1107438 loops=1)
        Buckets: 131072  Batches: 16  Memory Usage: 3463kB
        ->  Seq Scan on title t  (cost=0.00..73925.90 rows=1016333 width=4) (actual time=0.020..1103.190 rows=1107438 loops=1)
              Filter: ((kind_id > 1) AND (production_year > 2000))
              Rows Removed by Filter: 1420874
Planning time: 0.799 ms
Execution time: 2875.303 ms
