Hash Join  (cost=67697.55..419787.91 rows=4559 width=0) (actual time=1716.638..5432.989 rows=5377 loops=1)
  Hash Cond: (mi.movie_id = t.id)
  ->  Seq Scan on movie_info mi  (cost=0.00..346232.03 rows=1550064 width=4) (actual time=815.927..4364.347 rows=1533909 loops=1)
        Filter: (info_type_id = 3)
        Rows Removed by Filter: 13301811
  ->  Hash  (cost=67604.59..67604.59 rows=7437 width=4) (actual time=840.991..840.991 rows=3417 loops=1)
        Buckets: 8192  Batches: 1  Memory Usage: 185kB
        ->  Seq Scan on title t  (cost=0.00..67604.59 rows=7437 width=4) (actual time=0.207..839.180 rows=3417 loops=1)
              Filter: (production_year = 1909)
              Rows Removed by Filter: 2524895
Planning time: 1.894 ms
Execution time: 5433.928 ms
