Hash Join  (cost=83810.17..224738.14 rows=1415823 width=0) (actual time=1743.537..5989.251 rows=3084116 loops=1)
  Hash Cond: (mk.movie_id = t.id)
  ->  Seq Scan on movie_keyword mk  (cost=0.00..81003.12 rows=3624430 width=4) (actual time=0.028..1719.419 rows=3618177 loops=1)
        Filter: (keyword_id > 862)
        Rows Removed by Filter: 905753
  ->  Hash  (cost=67604.59..67604.59 rows=987727 width=4) (actual time=1742.678..1742.678 rows=985048 loops=1)
        Buckets: 131072  Batches: 16  Memory Usage: 3197kB
        ->  Seq Scan on title t  (cost=0.00..67604.59 rows=987727 width=4) (actual time=0.026..1123.986 rows=985048 loops=1)
              Filter: (kind_id < 7)
              Rows Removed by Filter: 1543264
Planning time: 4.340 ms
Execution time: 6366.884 ms
