Nested Loop  (cost=44377.22..140562.27 rows=1190 width=0) (actual time=906.313..2321.108 rows=606 loops=1)
  ->  Hash Join  (cost=44376.79..131829.62 rows=14791 width=8) (actual time=871.728..2236.374 rows=8958 loops=1)
        Hash Cond: (mk.movie_id = mi_idx.movie_id)
        ->  Seq Scan on movie_keyword mk  (cost=0.00..81003.12 rows=4976 width=4) (actual time=0.022..1170.640 rows=4036 loops=1)
              Filter: (keyword_id = 7763)
              Rows Removed by Filter: 4519894
        ->  Hash  (cost=21735.35..21735.35 rows=1380035 width=4) (actual time=859.697..859.697 rows=1380035 loops=1)
              Buckets: 131072  Batches: 32  Memory Usage: 2556kB
              ->  Seq Scan on movie_info_idx mi_idx  (cost=0.00..21735.35 rows=1380035 width=4) (actual time=0.023..398.417 rows=1380035 loops=1)
  ->  Index Scan using title_pkey on title t  (cost=0.43..0.58 rows=1 width=4) (actual time=0.009..0.009 rows=0 loops=8958)
        Index Cond: (id = mi_idx.movie_id)
        Filter: (production_year > 2004)
        Rows Removed by Filter: 1
Planning time: 1.108 ms
Execution time: 2321.396 ms
