Hash Join  (cost=129886.67..929189.94 rows=3630 width=0) (actual time=1903.185..11553.177 rows=9447 loops=1)
  Hash Cond: (ci.movie_id = t.id)
  ->  Seq Scan on cast_info ci  (cost=0.00..796071.18 rows=852211 width=4) (actual time=0.062..9532.611 rows=584746 loops=1)
        Filter: ((person_id < 738868) AND (role_id = 3))
        Rows Removed by Filter: 35659598
  ->  Hash  (cost=129752.05..129752.05 rows=10770 width=8) (actual time=1902.921..1902.921 rows=13046 loops=1)
        Buckets: 16384  Batches: 1  Memory Usage: 638kB
        ->  Hash Join  (cost=67942.77..129752.05 rows=10770 width=8) (actual time=799.147..1898.725 rows=13046 loops=1)
              Hash Cond: (mc.movie_id = t.id)
              ->  Seq Scan on movie_companies mc  (cost=0.00..57926.93 rows=1006570 width=4) (actual time=0.013..872.625 rows=1274246 loops=1)
                    Filter: ((company_id < 71607) AND (company_type_id = 1))
                    Rows Removed by Filter: 1334883
              ->  Hash  (cost=67604.59..67604.59 rows=27055 width=4) (actual time=798.880..798.880 rows=26775 loops=1)
                    Buckets: 32768  Batches: 1  Memory Usage: 1198kB
                    ->  Seq Scan on title t  (cost=0.00..67604.59 rows=27055 width=4) (actual time=0.016..787.761 rows=26775 loops=1)
                          Filter: (production_year = 1993)
                          Rows Removed by Filter: 2501537
Planning time: 1.216 ms
Execution time: 11554.655 ms
