Hash Join  (cost=81466.28..440330.66 rows=147172 width=0) (actual time=4102.682..5484.664 rows=327868 loops=1)
  Hash Cond: (mi.movie_id = t.id)
  ->  Seq Scan on movie_info mi  (cost=0.00..346232.03 rows=809768 width=4) (actual time=2910.754..3702.019 rows=802140 loops=1)
        Filter: (info_type_id < 2)
        Rows Removed by Filter: 14033580
  ->  Hash  (cost=73925.90..73925.90 rows=459550 width=4) (actual time=1190.921..1190.921 rows=547302 loops=1)
        Buckets: 131072  Batches: 8  Memory Usage: 3449kB
        ->  Seq Scan on title t  (cost=0.00..73925.90 rows=459550 width=4) (actual time=0.031..1004.648 rows=547302 loops=1)
              Filter: ((kind_id < 4) AND (production_year < 2005))
              Rows Removed by Filter: 1981010
Planning time: 0.777 ms
Execution time: 5523.425 ms
