Seq Scan on movie_keyword mk  (cost=0.00..81003.12 rows=246 width=0) (actual time=2.163..995.424 rows=111 loops=1)
  Filter: (keyword_id = 13568)
  Rows Removed by Filter: 4523819
Planning time: 0.318 ms
Execution time: 995.550 ms
