Seq Scan on cast_info ci  (cost=0.00..705507.15 rows=30417094 width=0) (actual time=0.017..11452.333 rows=30403374 loops=1)
  Filter: (person_id < 3060239)
  Rows Removed by Filter: 5840970
Planning time: 0.315 ms
Execution time: 15267.445 ms
