Seq Scan on movie_keyword mk  (cost=0.00..81003.12 rows=1954557 width=0) (actual time=0.021..1357.166 rows=1964384 loops=1)
  Filter: (keyword_id < 3434)
  Rows Removed by Filter: 2559546
Planning time: 0.328 ms
Execution time: 1615.504 ms
