Seq Scan on cast_info ci  (cost=0.00..796071.18 rows=8318016 width=0) (actual time=5792.075..11548.369 rows=3644892 loops=1)
  Filter: ((person_id > 1230782) AND (role_id = 1))
  Rows Removed by Filter: 32599452
Planning time: 0.376 ms
Execution time: 12028.025 ms
