Seq Scan on cast_info ci  (cost=0.00..796071.18 rows=8061443 width=0) (actual time=1261.279..10595.791 rows=4998497 loops=1)
  Filter: ((person_id > 2693298) AND (role_id < 8))
  Rows Removed by Filter: 31245847
Planning time: 0.330 ms
Execution time: 11247.581 ms
