Hash Join  (cost=200169.33..244710.27 rows=399146 width=0) (actual time=3990.197..5460.695 rows=1241421 loops=1)
  Hash Cond: (mi_idx.movie_id = t.id)
  ->  Seq Scan on movie_info_idx mi_idx  (cost=0.00..21735.35 rows=1380035 width=4) (actual time=0.013..371.888 rows=1380035 loops=1)
  ->  Hash  (cost=188170.79..188170.79 rows=731323 width=8) (actual time=3989.364..3989.364 rows=951597 loops=1)
        Buckets: 131072  Batches: 16  Memory Usage: 3350kB
        ->  Hash Join  (cost=102767.86..188170.79 rows=731323 width=8) (actual time=1510.617..3701.149 rows=951597 loops=1)
              Hash Cond: (mc.movie_id = t.id)
              ->  Seq Scan on movie_companies mc  (cost=0.00..57926.93 rows=731323 width=4) (actual time=0.023..934.715 rows=951597 loops=1)
                    Filter: ((company_id > 9749) AND (company_type_id > 1))
                    Rows Removed by Filter: 1657532
              ->  Hash  (cost=61283.27..61283.27 rows=2528527 width=4) (actual time=1509.246..1509.246 rows=2528312 loops=1)
                    Buckets: 131072  Batches: 64  Memory Usage: 2415kB
                    ->  Seq Scan on title t  (cost=0.00..61283.27 rows=2528527 width=4) (actual time=0.020..740.213 rows=2528312 loops=1)
Planning time: 1.219 ms
Execution time: 5608.014 ms
