Seq Scan on cast_info ci  (cost=0.00..796071.18 rows=167527 width=0) (actual time=2043.567..11086.804 rows=242937 loops=1)
  Filter: ((person_id > 1872932) AND (role_id > 10))
  Rows Removed by Filter: 36001407
Planning time: 0.398 ms
Execution time: 11117.475 ms
