Hash Join  (cost=230054.63..784494.74 rows=5267929 width=0) (actual time=5677.579..45193.808 rows=114779659 loops=1)
  Hash Cond: (mi.movie_id = t.id)
  ->  Seq Scan on movie_info mi  (cost=0.00..309384.22 rows=14739122 width=4) (actual time=0.015..4664.189 rows=14835720 loops=1)
  ->  Hash  (cost=215227.08..215227.08 rows=903724 width=8) (actual time=5676.346..5676.346 rows=1389424 loops=1)
        Buckets: 131072 (originally 131072)  Batches: 32 (originally 16)  Memory Usage: 3073kB
        ->  Hash Join  (cost=82213.80..215227.08 rows=903724 width=8) (actual time=1067.344..5249.722 rows=1389424 loops=1)
              Hash Cond: (mk.movie_id = t.id)
              ->  Seq Scan on movie_keyword mk  (cost=0.00..69693.30 rows=4523930 width=4) (actual time=0.015..1283.996 rows=4523930 loops=1)
              ->  Hash  (cost=73925.90..73925.90 rows=505112 width=4) (actual time=1066.462..1066.462 rows=392485 loops=1)
                    Buckets: 131072  Batches: 8  Memory Usage: 2756kB
                    ->  Seq Scan on title t  (cost=0.00..73925.90 rows=505112 width=4) (actual time=0.025..938.114 rows=392485 loops=1)
                          Filter: ((kind_id < 4) AND (production_year > 1998))
                          Rows Removed by Filter: 2135827
Planning time: 1.072 ms
Execution time: 58207.881 ms
