Hash Join  (cost=83198.94..160055.78 rows=376555 width=0) (actual time=1307.038..3623.677 rows=859845 loops=1)
  Hash Cond: (mc.movie_id = t.id)
  ->  Seq Scan on movie_companies mc  (cost=0.00..51404.11 rows=1684581 width=4) (actual time=0.029..890.635 rows=1676079 loops=1)
        Filter: (company_id < 19352)
        Rows Removed by Filter: 933050
  ->  Hash  (cost=73925.90..73925.90 rows=565203 width=4) (actual time=1306.194..1306.194 rows=641785 loops=1)
        Buckets: 131072  Batches: 8  Memory Usage: 3862kB
        ->  Seq Scan on title t  (cost=0.00..73925.90 rows=565203 width=4) (actual time=0.015..1092.100 rows=641785 loops=1)
              Filter: ((kind_id < 7) AND (production_year < 2006))
              Rows Removed by Filter: 1886527
Planning time: 0.822 ms
Execution time: 3723.539 ms
