Hash Join  (cost=102767.86..190788.48 rows=1111170 width=0) (actual time=1605.476..3582.041 rows=1107303 loops=1)
  Hash Cond: (mc.movie_id = t.id)
  ->  Seq Scan on movie_companies mc  (cost=0.00..51404.11 rows=1111170 width=4) (actual time=0.020..794.270 rows=1107303 loops=1)
        Filter: (company_id < 7676)
        Rows Removed by Filter: 1501826
  ->  Hash  (cost=61283.27..61283.27 rows=2528527 width=4) (actual time=1604.235..1604.235 rows=2528312 loops=1)
        Buckets: 131072  Batches: 64  Memory Usage: 2415kB
        ->  Seq Scan on title t  (cost=0.00..61283.27 rows=2528527 width=4) (actual time=0.018..786.121 rows=2528312 loops=1)
Planning time: 1.049 ms
Execution time: 3697.971 ms
