Nested Loop  (cost=0.43..83072.29 rows=181 width=0) (actual time=984.623..1158.443 rows=2 loops=1)
  ->  Seq Scan on movie_keyword mk  (cost=0.00..81003.12 rows=246 width=4) (actual time=40.486..1157.677 rows=16 loops=1)
        Filter: (keyword_id = 89053)
        Rows Removed by Filter: 4523914
  ->  Index Scan using title_pkey on title t  (cost=0.43..8.40 rows=1 width=4) (actual time=0.042..0.043 rows=0 loops=16)
        Index Cond: (id = mk.movie_id)
        Filter: (kind_id > 1)
        Rows Removed by Filter: 1
Planning time: 0.791 ms
Execution time: 1158.546 ms
