Seq Scan on movie_companies mc  (cost=0.00..51404.11 rows=1997748 width=0) (actual time=0.014..822.887 rows=1993330 loops=1)
  Filter: (company_id < 63353)
  Rows Removed by Filter: 615799
Planning time: 0.232 ms
Execution time: 1090.389 ms
