Seq Scan on movie_companies mc  (cost=0.00..51404.11 rows=1888730 width=0) (actual time=0.030..786.432 rows=1900490 loops=1)
  Filter: (company_id > 1347)
  Rows Removed by Filter: 708639
Planning time: 0.312 ms
Execution time: 1013.548 ms
