Hash Join  (cost=209862.19..725761.19 rows=1655918 width=0) (actual time=4037.314..15059.931 rows=4475702 loops=1)
  Hash Cond: (mi.movie_id = t.id)
  ->  Seq Scan on movie_info mi  (cost=0.00..309384.22 rows=14739122 width=4) (actual time=0.007..4580.653 rows=14835720 loops=1)
  ->  Hash  (cost=205201.24..205201.24 rows=284076 width=8) (actual time=4036.383..4036.383 rows=104678 loops=1)
        Buckets: 131072  Batches: 4  Memory Usage: 1978kB
        ->  Hash Join  (cost=70308.29..205201.24 rows=284076 width=8) (actual time=911.746..4000.477 rows=104678 loops=1)
              Hash Cond: (mk.movie_id = t.id)
              ->  Seq Scan on movie_keyword mk  (cost=0.00..81003.12 rows=4359217 width=4) (actual time=0.013..1496.726 rows=4345690 loops=1)
                    Filter: (keyword_id > 125)
                    Rows Removed by Filter: 178240
              ->  Hash  (cost=67604.59..67604.59 rows=164776 width=4) (actual time=909.955..909.955 rows=164307 loops=1)
                    Buckets: 131072  Batches: 4  Memory Usage: 2488kB
                    ->  Seq Scan on title t  (cost=0.00..67604.59 rows=164776 width=4) (actual time=0.013..851.433 rows=164307 loops=1)
                          Filter: (production_year = 2012)
                          Rows Removed by Filter: 2364005
Planning time: 1.150 ms
Execution time: 15504.558 ms
