Hash Join  (cost=181505.99..1017207.81 rows=241108 width=0) (actual time=2884.453..17083.656 rows=3839205 loops=1)
  Hash Cond: (ci.movie_id = t.id)
  ->  Seq Scan on cast_info ci  (cost=0.00..796071.18 rows=3153484 width=4) (actual time=0.024..9506.257 rows=4896921 loops=1)
        Filter: ((person_id > 3183791) AND (role_id > 1))
        Rows Removed by Filter: 31347423
  ->  Hash  (cost=178333.43..178333.43 rows=193325 width=8) (actual time=2883.374..2883.374 rows=331105 loops=1)
        Buckets: 131072 (originally 131072)  Batches: 8 (originally 4)  Memory Usage: 3073kB
        ->  Hash Join  (cost=83113.43..178333.43 rows=193325 width=8) (actual time=1096.054..2771.838 rows=331105 loops=1)
              Hash Cond: (mk.movie_id = t.id)
              ->  Seq Scan on movie_keyword mk  (cost=0.00..81003.12 rows=872966 width=4) (actual time=0.009..1092.050 rows=878267 loops=1)
                    Filter: (keyword_id < 832)
                    Rows Removed by Filter: 3645663
              ->  Hash  (cost=73925.90..73925.90 rows=559962 width=4) (actual time=1095.177..1095.177 rows=477167 loops=1)
                    Buckets: 131072  Batches: 8  Memory Usage: 3126kB
                    ->  Seq Scan on title t  (cost=0.00..73925.90 rows=559962 width=4) (actual time=0.027..936.705 rows=477167 loops=1)
                          Filter: ((kind_id < 7) AND (production_year > 1999))
                          Rows Removed by Filter: 2051145
Planning time: 1.173 ms
Execution time: 17501.386 ms
