Hash Join  (cost=84417.00..1295708.96 rows=13023145 width=0) (actual time=1245.787..36946.145 rows=12534470 loops=1)
  Hash Cond: (ci.movie_id = t.id)
  ->  Seq Scan on cast_info ci  (cost=0.00..705507.15 rows=32133962 width=4) (actual time=0.022..12804.231 rows=32111734 loops=1)
        Filter: (person_id < 3300839)
        Rows Removed by Filter: 4132610
  ->  Hash  (cost=67604.59..67604.59 rows=1024753 width=4) (actual time=1244.985..1244.985 rows=1021752 loops=1)
        Buckets: 131072  Batches: 16  Memory Usage: 3274kB
        ->  Seq Scan on title t  (cost=0.00..67604.59 rows=1024753 width=4) (actual time=0.022..931.559 rows=1021752 loops=1)
              Filter: (production_year < 2000)
              Rows Removed by Filter: 1506560
Planning time: 0.781 ms
Execution time: 38322.644 ms
