Seq Scan on cast_info ci  (cost=0.00..705507.15 rows=15741778 width=0) (actual time=0.016..9221.062 rows=15634290 loops=1)
  Filter: (person_id < 1543116)
  Rows Removed by Filter: 20610054
Planning time: 0.309 ms
Execution time: 11122.918 ms
