Nested Loop  (cost=0.43..115557.62 rows=212 width=0) (actual time=3.679..1121.766 rows=188 loops=1)
  ->  Seq Scan on movie_keyword mk  (cost=0.00..81003.12 rows=4675 width=4) (actual time=0.125..1066.607 rows=4057 loops=1)
        Filter: (keyword_id = 2862)
        Rows Removed by Filter: 4519873
  ->  Index Scan using title_pkey on title t  (cost=0.43..7.38 rows=1 width=4) (actual time=0.013..0.013 rows=0 loops=4057)
        Index Cond: (id = mk.movie_id)
        Filter: (kind_id = 4)
        Rows Removed by Filter: 1
Planning time: 0.792 ms
Execution time: 1121.969 ms
