Hash Join  (cost=102964.04..711279.51 rows=10317164 width=0) (actual time=1804.119..16071.106 rows=6505057 loops=1)
  Hash Cond: (mi.movie_id = t.id)
  ->  Seq Scan on movie_info mi  (cost=0.00..309384.22 rows=14739122 width=4) (actual time=0.017..4744.341 rows=14835720 loops=1)
  ->  Hash  (cost=73925.90..73925.90 rows=1769931 width=4) (actual time=1802.397..1802.397 rows=1799906 loops=1)
        Buckets: 131072  Batches: 32  Memory Usage: 3013kB
        ->  Seq Scan on title t  (cost=0.00..73925.90 rows=1769931 width=4) (actual time=0.014..1192.459 rows=1799906 loops=1)
              Filter: ((kind_id > 1) AND (production_year > 1914))
              Rows Removed by Filter: 728406
Planning time: 0.713 ms
Execution time: 16865.160 ms
