Seq Scan on movie_companies mc  (cost=0.00..51404.11 rows=968817 width=0) (actual time=0.030..743.186 rows=968990 loops=1)
  Filter: (company_id < 4131)
  Rows Removed by Filter: 1640139
Planning time: 0.330 ms
Execution time: 872.164 ms
