Hash Join  (cost=73962.22..462003.81 rows=12770 width=0) (actual time=946.676..7513.486 rows=46310 loops=1)
  Hash Cond: (mi.movie_id = t.id)
  ->  Seq Scan on movie_info mi  (cost=0.00..346232.03 rows=11115165 width=4) (actual time=155.898..4877.716 rows=11210743 loops=1)
        Filter: (info_type_id > 3)
        Rows Removed by Filter: 3624977
  ->  Hash  (cost=73925.90..73925.90 rows=2905 width=4) (actual time=789.947..789.947 rows=5878 loops=1)
        Buckets: 8192 (originally 4096)  Batches: 1 (originally 1)  Memory Usage: 271kB
        ->  Seq Scan on title t  (cost=0.00..73925.90 rows=2905 width=4) (actual time=0.611..787.277 rows=5878 loops=1)
              Filter: ((kind_id < 7) AND (production_year = 1973))
              Rows Removed by Filter: 2522434
Planning time: 0.523 ms
Execution time: 7521.545 ms
