Hash Join  (cost=102767.86..1152429.05 rows=13891941 width=0) (actual time=1825.474..24170.000 rows=13877743 loops=1)
  Hash Cond: (ci.movie_id = t.id)
  ->  Seq Scan on cast_info ci  (cost=0.00..705507.15 rows=13891941 width=4) (actual time=293.566..11459.403 rows=13877743 loops=1)
        Filter: (person_id < 1367117)
        Rows Removed by Filter: 22366601
  ->  Hash  (cost=61283.27..61283.27 rows=2528527 width=4) (actual time=1506.538..1506.538 rows=2528312 loops=1)
        Buckets: 131072  Batches: 64  Memory Usage: 2415kB
        ->  Seq Scan on title t  (cost=0.00..61283.27 rows=2528527 width=4) (actual time=0.030..753.770 rows=2528312 loops=1)
Planning time: 0.769 ms
Execution time: 25749.034 ms
