Nested Loop  (cost=0.43..447802.20 rows=17937 width=0) (actual time=980.874..4143.381 rows=6598 loops=1)
  ->  Seq Scan on movie_info mi  (cost=0.00..346232.03 rows=17937 width=4) (actual time=980.790..4073.899 rows=6598 loops=1)
        Filter: (info_type_id = 40)
        Rows Removed by Filter: 14829122
  ->  Index Only Scan using title_pkey on title t  (cost=0.43..5.65 rows=1 width=4) (actual time=0.010..0.010 rows=1 loops=6598)
        Index Cond: (id = mi.movie_id)
        Heap Fetches: 6598
Planning time: 2.987 ms
Execution time: 4144.818 ms
