Hash Join  (cost=98137.04..1342981.26 rows=19412600 width=0) (actual time=2789.767..36307.458 rows=19141285 loops=1)
  Hash Cond: (ci.movie_id = t.id)
  ->  Seq Scan on cast_info ci  (cost=0.00..705507.15 rows=26375814 width=4) (actual time=1156.810..12766.115 rows=26591165 loops=1)
        Filter: (person_id > 948803)
        Rows Removed by Filter: 9653179
  ->  Hash  (cost=67604.59..67604.59 rows=1860996 width=4) (actual time=1631.376..1631.376 rows=1865487 loops=1)
        Buckets: 131072  Batches: 32  Memory Usage: 3079kB
        ->  Seq Scan on title t  (cost=0.00..67604.59 rows=1860996 width=4) (actual time=0.041..1030.996 rows=1865487 loops=1)
              Filter: (kind_id > 1)
              Rows Removed by Filter: 662825
Planning time: 0.766 ms
Execution time: 38365.845 ms
