Hash Join  (cost=98137.04..729659.35 rows=10143598 width=0) (actual time=1850.241..18564.883 rows=6283785 loops=1)
  Hash Cond: (mi.movie_id = t.id)
  ->  Seq Scan on movie_info mi  (cost=0.00..346232.03 rows=13782062 width=4) (actual time=0.021..7372.003 rows=13822547 loops=1)
        Filter: (info_type_id < 87)
        Rows Removed by Filter: 1013173
  ->  Hash  (cost=67604.59..67604.59 rows=1860996 width=4) (actual time=1845.435..1845.435 rows=1865487 loops=1)
        Buckets: 131072  Batches: 32  Memory Usage: 3085kB
        ->  Seq Scan on title t  (cost=0.00..67604.59 rows=1860996 width=4) (actual time=0.012..1220.707 rows=1865487 loops=1)
              Filter: (kind_id > 1)
              Rows Removed by Filter: 662825
Planning time: 0.763 ms
Execution time: 19300.955 ms
