Hash Join  (cost=134445.22..501504.73 rows=240358 width=0) (actual time=2126.399..8598.562 rows=777416 loops=1)
  Hash Cond: (mi.movie_id = t.id)
  ->  Seq Scan on movie_info mi  (cost=0.00..309384.22 rows=14739122 width=4) (actual time=0.021..2877.825 rows=14835720 loops=1)
  ->  Hash  (cost=133929.79..133929.79 rows=41234 width=8) (actual time=2125.321..2125.321 rows=37108 loops=1)
        Buckets: 65536  Batches: 1  Memory Usage: 1962kB
        ->  Hash Join  (cost=69179.59..133929.79 rows=41234 width=8) (actual time=917.282..2110.677 rows=37108 loops=1)
              Hash Cond: (mc.movie_id = t.id)
              ->  Seq Scan on movie_companies mc  (cost=0.00..51404.11 rows=1086068 width=4) (actual time=0.026..780.368 rows=1097990 loops=1)
                    Filter: (company_id > 14075)
                    Rows Removed by Filter: 1511139
              ->  Hash  (cost=67604.59..67604.59 rows=96000 width=4) (actual time=916.388..916.388 rows=95005 loops=1)
                    Buckets: 131072  Batches: 2  Memory Usage: 2716kB
                    ->  Seq Scan on title t  (cost=0.00..67604.59 rows=96000 width=4) (actual time=0.020..880.721 rows=95005 loops=1)
                          Filter: (production_year = 2005)
                          Rows Removed by Filter: 2433307
Planning time: 1.173 ms
Execution time: 8697.199 ms
