Hash Join  (cost=75628.47..193611.91 rows=125311 width=0) (actual time=1334.925..3410.798 rows=113023 loops=1)
  Hash Cond: (mk.movie_id = t.id)
  ->  Seq Scan on movie_keyword mk  (cost=0.00..81003.12 rows=3054723 width=4) (actual time=0.019..1458.317 rows=3036104 loops=1)
        Filter: (keyword_id > 2128)
        Rows Removed by Filter: 1487826
  ->  Hash  (cost=73925.90..73925.90 rows=103725 width=4) (actual time=743.050..743.050 rows=98992 loops=1)
        Buckets: 131072  Batches: 2  Memory Usage: 2766kB
        ->  Seq Scan on title t  (cost=0.00..73925.90 rows=103725 width=4) (actual time=222.835..699.101 rows=98992 loops=1)
              Filter: ((production_year > 2010) AND (kind_id = 1))
              Rows Removed by Filter: 2429320
Planning time: 0.746 ms
Execution time: 3426.271 ms
