Nested Loop  (cost=0.43..58375.18 rows=53 width=0) (actual time=458.602..765.197 rows=1 loops=1)
  ->  Seq Scan on movie_companies mc  (cost=0.00..57926.93 rows=53 width=4) (actual time=458.522..765.114 rows=1 loops=1)
        Filter: ((company_type_id > 1) AND (company_id = 13880))
        Rows Removed by Filter: 2609128
  ->  Index Only Scan using title_pkey on title t  (cost=0.43..8.45 rows=1 width=4) (actual time=0.070..0.071 rows=1 loops=1)
        Index Cond: (id = mc.movie_id)
        Heap Fetches: 1
Planning time: 0.740 ms
Execution time: 765.253 ms
