Hash Join  (cost=138797.26..226384.83 rows=92954 width=0) (actual time=2835.685..5090.447 rows=832841 loops=1)
  Hash Cond: (mk.movie_id = t.id)
  ->  Seq Scan on movie_keyword mk  (cost=0.00..69693.30 rows=4523930 width=4) (actual time=0.009..784.304 rows=4523930 loops=1)
  ->  Hash  (cost=138147.83..138147.83 rows=51954 width=8) (actual time=2783.118..2783.118 rows=151598 loops=1)
        Buckets: 131072 (originally 65536)  Batches: 2 (originally 1)  Memory Usage: 3998kB
        ->  Hash Join  (cost=69090.10..138147.83 rows=51954 width=8) (actual time=1512.314..2733.782 rows=151598 loops=1)
              Hash Cond: (mc.movie_id = t.id)
              ->  Seq Scan on movie_companies mc  (cost=0.00..51404.11 rows=1451221 width=4) (actual time=0.021..827.846 rows=1442562 loops=1)
                    Filter: (company_id < 12871)
                    Rows Removed by Filter: 1166567
              ->  Hash  (cost=67604.59..67604.59 rows=90521 width=4) (actual time=1000.866..1000.866 rows=90852 loops=1)
                    Buckets: 131072  Batches: 2  Memory Usage: 2626kB
                    ->  Seq Scan on title t  (cost=0.00..67604.59 rows=90521 width=4) (actual time=91.259..849.112 rows=90852 loops=1)
                          Filter: (kind_id = 2)
                          Rows Removed by Filter: 2437460
Planning time: 0.858 ms
Execution time: 5196.200 ms
