Nested Loop  (cost=0.43..788364.22 rows=1 width=0) (actual time=8928.667..9901.333 rows=1 loops=1)
  ->  Nested Loop  (cost=0.00..788355.89 rows=1 width=8) (actual time=8928.485..9901.149 rows=1 loops=1)
        Join Filter: (ci.movie_id = mk.movie_id)
        Rows Removed by Join Filter: 171079
        ->  Seq Scan on cast_info ci  (cost=0.00..705507.15 rows=500 width=4) (actual time=2867.836..8764.912 rows=658 loops=1)
              Filter: (person_id = 684412)
              Rows Removed by Filter: 36243686
        ->  Materialize  (cost=0.00..81004.35 rows=246 width=4) (actual time=0.004..1.679 rows=260 loops=658)
              ->  Seq Scan on movie_keyword mk  (cost=0.00..81003.12 rows=246 width=4) (actual time=2.534..1089.661 rows=260 loops=1)
                    Filter: (keyword_id = 26633)
                    Rows Removed by Filter: 4523670
  ->  Index Only Scan using title_pkey on title t  (cost=0.43..8.32 rows=1 width=4) (actual time=0.134..0.135 rows=1 loops=1)
        Index Cond: (id = ci.movie_id)
        Heap Fetches: 1
Planning time: 1.214 ms
Execution time: 9901.422 ms
