Hash Join  (cost=83074.74..109989.30 rows=45 width=0) (actual time=678.637..912.842 rows=466 loops=1)
  Hash Cond: (mi_idx.movie_id = t.id)
  ->  Seq Scan on movie_info_idx mi_idx  (cost=0.00..25185.44 rows=460978 width=4) (actual time=0.022..194.787 rows=459925 loops=1)
        Filter: (info_type_id < 100)
        Rows Removed by Filter: 920110
  ->  Hash  (cost=83071.67..83071.67 rows=246 width=8) (actual time=678.568..678.568 rows=536 loops=1)
        Buckets: 1024  Batches: 1  Memory Usage: 29kB
        ->  Nested Loop  (cost=0.43..83071.67 rows=246 width=8) (actual time=0.205..678.253 rows=536 loops=1)
              ->  Seq Scan on movie_keyword mk  (cost=0.00..81003.12 rows=246 width=4) (actual time=0.140..668.594 rows=536 loops=1)
                    Filter: (keyword_id = 1716)
                    Rows Removed by Filter: 4523394
              ->  Index Only Scan using title_pkey on title t  (cost=0.43..8.40 rows=1 width=4) (actual time=0.017..0.017 rows=1 loops=536)
                    Index Cond: (id = mk.movie_id)
                    Heap Fetches: 536
Planning time: 1.195 ms
Execution time: 913.010 ms
