Hash Join  (cost=83810.17..1154566.63 rows=9126132 width=0) (actual time=1294.470..27606.131 rows=9655186 loops=1)
  Hash Cond: (ci.movie_id = t.id)
  ->  Seq Scan on cast_info ci  (cost=0.00..705507.15 rows=23362397 width=4) (actual time=0.019..12209.209 rows=23263393 loops=1)
        Filter: (person_id < 2378877)
        Rows Removed by Filter: 12980951
  ->  Hash  (cost=67604.59..67604.59 rows=987727 width=4) (actual time=1293.308..1293.308 rows=985048 loops=1)
        Buckets: 131072  Batches: 16  Memory Usage: 3188kB
        ->  Seq Scan on title t  (cost=0.00..67604.59 rows=987727 width=4) (actual time=0.017..979.346 rows=985048 loops=1)
              Filter: (kind_id < 7)
              Rows Removed by Filter: 1543264
Planning time: 0.758 ms
Execution time: 28621.592 ms
