Hash Join  (cost=532159.52..676380.33 rows=2012947 width=0) (actual time=8740.146..19998.828 rows=40421233 loops=1)
  Hash Cond: (mk.movie_id = t.id)
  ->  Seq Scan on movie_keyword mk  (cost=0.00..81003.12 rows=2810843 width=4) (actual time=0.009..1420.086 rows=2803695 loops=1)
        Filter: (keyword_id < 8252)
        Rows Removed by Filter: 1720235
  ->  Hash  (cost=502450.90..502450.90 rows=1810770 width=8) (actual time=8739.079..8739.079 rows=1865632 loops=1)
        Buckets: 131072  Batches: 32  Memory Usage: 3254kB
        ->  Hash Join  (cost=102767.86..502450.90 rows=1810770 width=8) (actual time=2388.964..8268.928 rows=1865632 loops=1)
              Hash Cond: (mi.movie_id = t.id)
              ->  Seq Scan on movie_info mi  (cost=0.00..346232.03 rows=1810770 width=4) (actual time=647.356..4747.179 rows=1865632 loops=1)
                    Filter: (info_type_id > 17)
                    Rows Removed by Filter: 12970088
              ->  Hash  (cost=61283.27..61283.27 rows=2528527 width=4) (actual time=1739.161..1739.161 rows=2528312 loops=1)
                    Buckets: 131072  Batches: 64  Memory Usage: 2425kB
                    ->  Seq Scan on title t  (cost=0.00..61283.27 rows=2528527 width=4) (actual time=0.026..895.010 rows=2528312 loops=1)
Planning time: 1.133 ms
Execution time: 24210.000 ms
