Seq Scan on movie_keyword mk  (cost=0.00..81003.12 rows=246 width=0) (actual time=3.689..1114.724 rows=38 loops=1)
  Filter: (keyword_id = 80974)
  Rows Removed by Filter: 4523892
Planning time: 0.335 ms
Execution time: 1114.820 ms
