Hash Join  (cost=74341.98..134067.83 rows=6101 width=0) (actual time=809.293..1615.257 rows=5540 loops=1)
  Hash Cond: (mc.movie_id = t.id)
  ->  Seq Scan on movie_companies mc  (cost=0.00..57926.93 rows=463440 width=4) (actual time=0.019..767.660 rows=152729 loops=1)
        Filter: ((company_id > 18422) AND (company_type_id = 1))
        Rows Removed by Filter: 2456400
  ->  Hash  (cost=73925.90..73925.90 rows=33286 width=4) (actual time=808.925..808.925 rows=28113 loops=1)
        Buckets: 65536  Batches: 1  Memory Usage: 1501kB
        ->  Seq Scan on title t  (cost=0.00..73925.90 rows=33286 width=4) (actual time=0.265..798.199 rows=28113 loops=1)
              Filter: ((kind_id < 7) AND (production_year = 2004))
              Rows Removed by Filter: 2500199
Planning time: 0.725 ms
Execution time: 1616.452 ms
