Hash Join  (cost=106332.38..859142.19 rows=202064 width=0) (actual time=1829.833..19175.256 rows=1011115 loops=1)
  Hash Cond: (ci.movie_id = t.id)
  ->  Seq Scan on cast_info ci  (cost=0.00..614943.12 rows=36225612 width=4) (actual time=0.020..7003.423 rows=36244344 loops=1)
  ->  Hash  (cost=106156.07..106156.07 rows=14104 width=8) (actual time=1829.666..1829.666 rows=30525 loops=1)
        Buckets: 32768 (originally 16384)  Batches: 1 (originally 1)  Memory Usage: 1449kB
        ->  Hash Join  (cost=75195.93..106156.07 rows=14104 width=8) (actual time=1207.537..1818.377 rows=30525 loops=1)
              Hash Cond: (mi_idx.movie_id = t.id)
              ->  Seq Scan on movie_info_idx mi_idx  (cost=0.00..25185.44 rows=460978 width=4) (actual time=0.017..412.573 rows=459925 loops=1)
                    Filter: (info_type_id = 99)
                    Rows Removed by Filter: 920110
              ->  Hash  (cost=73925.90..73925.90 rows=77362 width=4) (actual time=996.623..996.623 rows=74255 loops=1)
                    Buckets: 131072  Batches: 2  Memory Usage: 2332kB
                    ->  Seq Scan on title t  (cost=0.00..73925.90 rows=77362 width=4) (actual time=0.022..970.269 rows=74255 loops=1)
                          Filter: ((production_year > 1982) AND (kind_id = 3))
                          Rows Removed by Filter: 2454057
Planning time: 1.244 ms
Execution time: 19321.448 ms
