Hash Join  (cost=83074.43..872129.28 rows=1517 width=0) (actual time=1155.731..15156.172 rows=15944 loops=1)
  Hash Cond: (ci.movie_id = t.id)
  ->  Seq Scan on cast_info ci  (cost=0.00..705507.15 rows=22275344 width=4) (actual time=0.019..10214.177 rows=22110434 loops=1)
        Filter: (person_id < 2252371)
        Rows Removed by Filter: 14133910
  ->  Hash  (cost=83072.29..83072.29 rows=172 width=8) (actual time=1155.654..1155.654 rows=452 loops=1)
        Buckets: 1024  Batches: 1  Memory Usage: 26kB
        ->  Nested Loop  (cost=0.43..83072.29 rows=172 width=8) (actual time=0.096..1155.280 rows=452 loops=1)
              ->  Seq Scan on movie_keyword mk  (cost=0.00..81003.12 rows=246 width=4) (actual time=0.050..1104.465 rows=2457 loops=1)
                    Filter: (keyword_id = 2375)
                    Rows Removed by Filter: 4521473
              ->  Index Scan using title_pkey on title t  (cost=0.43..8.40 rows=1 width=4) (actual time=0.020..0.020 rows=0 loops=2457)
                    Index Cond: (id = mk.movie_id)
                    Filter: (kind_id > 2)
                    Rows Removed by Filter: 1
Planning time: 1.225 ms
Execution time: 15160.208 ms
