Hash Join  (cost=81925.97..956096.71 rows=1089131 width=0) (actual time=1172.006..19479.731 rows=2082077 loops=1)
  Hash Cond: (ci.movie_id = t.id)
  ->  Seq Scan on cast_info ci  (cost=0.00..796071.18 rows=5647801 width=4) (actual time=0.019..12660.232 rows=11507313 loops=1)
        Filter: ((person_id < 1578973) AND (role_id < 2))
        Rows Removed by Filter: 24737031
  ->  Hash  (cost=73925.90..73925.90 rows=487605 width=4) (actual time=1171.005..1171.005 rows=501779 loops=1)
        Buckets: 131072  Batches: 8  Memory Usage: 3231kB
        ->  Seq Scan on title t  (cost=0.00..73925.90 rows=487605 width=4) (actual time=0.024..1006.396 rows=501779 loops=1)
              Filter: ((kind_id > 1) AND (production_year > 2008))
              Rows Removed by Filter: 2026533
Planning time: 0.746 ms
Execution time: 19694.170 ms
