Hash Join  (cost=98498.33..184114.43 rows=739709 width=0) (actual time=1936.668..3611.340 rows=362382 loops=1)
  Hash Cond: (mc.movie_id = t.id)
  ->  Seq Scan on movie_companies mc  (cost=0.00..57926.93 rows=1248820 width=4) (actual time=270.749..1092.310 rows=1296872 loops=1)
        Filter: ((company_id > 27) AND (company_type_id > 1))
        Rows Removed by Filter: 1312257
  ->  Hash  (cost=73925.90..73925.90 rows=1497714 width=4) (actual time=1664.709..1664.709 rows=1478440 loops=1)
        Buckets: 131072  Batches: 32  Memory Usage: 2651kB
        ->  Seq Scan on title t  (cost=0.00..73925.90 rows=1497714 width=4) (actual time=0.026..1213.926 rows=1478440 loops=1)
              Filter: ((production_year > 0) AND (kind_id = 7))
              Rows Removed by Filter: 1049872
Planning time: 0.758 ms
Execution time: 3647.344 ms
