Seq Scan on movie_keyword mk  (cost=0.00..81003.12 rows=778577 width=0) (actual time=0.022..1150.183 rows=786824 loops=1)
  Filter: (keyword_id > 23931)
  Rows Removed by Filter: 3737106
Planning time: 0.311 ms
Execution time: 1248.144 ms
