Hash Join  (cost=323868.13..408108.97 rows=751536 width=156) (actual time=7623.861..10472.559 rows=3104970 loops=1)
  Hash Cond: (mi_idx.movie_id = t.id)
  ->  Seq Scan on movie_info_idx mi_idx  (cost=0.00..21735.35 rows=1380035 width=50) (actual time=0.047..502.733 rows=1380035 loops=1)
  ->  Hash  (cost=283794.89..283794.89 rows=1376979 width=106) (actual time=7620.871..7620.871 rows=1385080 loops=1)
        Buckets: 32768  Batches: 64  Memory Usage: 3021kB
        ->  Hash Join  (cost=129928.86..283794.89 rows=1376979 width=106) (actual time=2850.918..6589.346 rows=1385080 loops=1)
              Hash Cond: (mk.movie_id = t.id)
              ->  Seq Scan on movie_keyword mk  (cost=0.00..81003.12 rows=1376979 width=12) (actual time=0.022..1761.432 rows=1385080 loops=1)
                    Filter: (keyword_id < 1869)
                    Rows Removed by Filter: 3138850
              ->  Hash  (cost=61283.27..61283.27 rows=2528527 width=94) (actual time=2846.172..2846.172 rows=2528312 loops=1)
                    Buckets: 32768  Batches: 128  Memory Usage: 2470kB
                    ->  Seq Scan on title t  (cost=0.00..61283.27 rows=2528527 width=94) (actual time=0.012..1199.359 rows=2528312 loops=1)
Planning time: 1.468 ms
Execution time: 10630.014 ms
