Seq Scan on cast_info ci  (cost=0.00..705507.15 rows=500 width=0) (actual time=3291.490..7816.654 rows=107 loops=1)
  Filter: (person_id = 408600)
  Rows Removed by Filter: 36244237
Planning time: 0.343 ms
Execution time: 7816.781 ms
