Hash Join  (cost=103027.32..880378.57 rows=61993 width=0) (actual time=1421.584..14958.399 rows=74648 loops=1)
  Hash Cond: (ci.movie_id = t.id)
  ->  Seq Scan on cast_info ci  (cost=0.00..705507.15 rows=18993110 width=4) (actual time=0.016..10093.143 rows=19137535 loops=1)
        Filter: (person_id > 1690523)
        Rows Removed by Filter: 17106809
  ->  Hash  (cost=102924.16..102924.16 rows=8253 width=8) (actual time=1421.376..1421.376 rows=4218 loops=1)
        Buckets: 16384  Batches: 1  Memory Usage: 293kB
        ->  Hash Join  (cost=74209.73..102924.16 rows=8253 width=8) (actual time=902.263..1419.778 rows=4218 loops=1)
              Hash Cond: (mi_idx.movie_id = t.id)
              ->  Seq Scan on movie_info_idx mi_idx  (cost=0.00..25185.44 rows=919057 width=4) (actual time=0.023..350.648 rows=920110 loops=1)
                    Filter: (info_type_id > 99)
                    Rows Removed by Filter: 459925
              ->  Hash  (cost=73925.90..73925.90 rows=22706 width=4) (actual time=901.211..901.211 rows=25785 loops=1)
                    Buckets: 32768  Batches: 1  Memory Usage: 1163kB
                    ->  Seq Scan on title t  (cost=0.00..73925.90 rows=22706 width=4) (actual time=0.400..889.780 rows=25785 loops=1)
                          Filter: ((kind_id < 4) AND (production_year > 2012))
                          Rows Removed by Filter: 2502527
Planning time: 1.170 ms
Execution time: 14971.622 ms
