Hash Join  (cost=114892.54..967195.23 rows=307237 width=0) (actual time=6411.064..17773.796 rows=386853 loops=1)
  Hash Cond: (ci.movie_id = t.id)
  ->  Seq Scan on cast_info ci  (cost=0.00..796071.18 rows=14175767 width=4) (actual time=4696.904..13523.215 rows=11562639 loops=1)
        Filter: ((person_id < 3230361) AND (role_id > 2))
        Rows Removed by Filter: 24681705
  ->  Hash  (cost=114207.52..114207.52 rows=54802 width=8) (actual time=1712.535..1712.535 rows=22593 loops=1)
        Buckets: 65536  Batches: 1  Memory Usage: 1395kB
        ->  Hash Join  (cost=75574.02..114207.52 rows=54802 width=8) (actual time=998.498..1705.481 rows=22593 loops=1)
              Hash Cond: (mi_idx.movie_id = t.id)
              ->  Seq Scan on movie_info_idx mi_idx  (cost=0.00..21735.35 rows=1380035 width=4) (actual time=0.029..287.407 rows=1380035 loops=1)
              ->  Hash  (cost=73925.90..73925.90 rows=100409 width=4) (actual time=997.308..997.308 rows=110402 loops=1)
                    Buckets: 131072  Batches: 2  Memory Usage: 2964kB
                    ->  Seq Scan on title t  (cost=0.00..73925.90 rows=100409 width=4) (actual time=52.531..955.921 rows=110402 loops=1)
                          Filter: ((kind_id = 7) AND (production_year = 2012))
                          Rows Removed by Filter: 2417910
Planning time: 1.278 ms
Execution time: 17823.946 ms
