Seq Scan on movie_keyword mk  (cost=0.00..81003.12 rows=105780 width=0) (actual time=0.032..1042.827 rows=104373 loops=1)
  Filter: (keyword_id > 81262)
  Rows Removed by Filter: 4419557
Planning time: 0.314 ms
Execution time: 1058.324 ms
