Seq Scan on cast_info ci  (cost=0.00..796071.18 rows=17319444 width=0) (actual time=0.013..11234.472 rows=17369163 loops=1)
  Filter: ((person_id > 1855283) AND (role_id < 11))
  Rows Removed by Filter: 18875181
Planning time: 0.307 ms
Execution time: 13284.384 ms
