Hash Join  (cost=85777.42..185645.17 rows=399434 width=0) (actual time=1168.196..3010.674 rows=276030 loops=1)
  Hash Cond: (mk.movie_id = t.id)
  ->  Seq Scan on movie_keyword mk  (cost=0.00..81003.12 rows=911808 width=4) (actual time=0.013..1156.258 rows=917718 loops=1)
        Filter: (keyword_id < 869)
        Rows Removed by Filter: 3606212
  ->  Hash  (cost=67604.59..67604.59 rows=1107667 width=4) (actual time=1166.827..1166.827 rows=1107925 loops=1)
        Buckets: 131072  Batches: 16  Memory Usage: 3467kB
        ->  Seq Scan on title t  (cost=0.00..67604.59 rows=1107667 width=4) (actual time=0.017..857.075 rows=1107925 loops=1)
              Filter: (production_year > 2004)
              Rows Removed by Filter: 1420387
Planning time: 0.758 ms
Execution time: 3044.590 ms
