Nested Loop  (cost=0.43..83072.90 rows=146 width=0) (actual time=718.753..1069.876 rows=2 loops=1)
  ->  Seq Scan on movie_keyword mk  (cost=0.00..81003.12 rows=246 width=4) (actual time=0.205..1069.315 rows=10 loops=1)
        Filter: (keyword_id = 69550)
        Rows Removed by Filter: 4523920
  ->  Index Scan using title_pkey on title t  (cost=0.43..8.40 rows=1 width=4) (actual time=0.048..0.049 rows=0 loops=10)
        Index Cond: (id = mk.movie_id)
        Filter: ((production_year > 0) AND (kind_id = 7))
        Rows Removed by Filter: 1
Planning time: 0.720 ms
Execution time: 1070.010 ms
