Nested Loop  (cost=0.43..52283.69 rows=104 width=0) (actual time=0.293..701.451 rows=520 loops=1)
  ->  Seq Scan on movie_companies mc  (cost=0.00..51404.11 rows=104 width=4) (actual time=0.254..692.321 rows=520 loops=1)
        Filter: (company_id = 904)
        Rows Removed by Filter: 2608609
  ->  Index Only Scan using title_pkey on title t  (cost=0.43..8.45 rows=1 width=4) (actual time=0.016..0.017 rows=1 loops=520)
        Index Cond: (id = mc.movie_id)
        Heap Fetches: 520
Planning time: 0.687 ms
Execution time: 701.661 ms
