Hash Join  (cost=102767.86..192852.83 rows=925910 width=0) (actual time=1669.622..3735.204 rows=771467 loops=1)
  Hash Cond: (mc.movie_id = t.id)
  ->  Seq Scan on movie_companies mc  (cost=0.00..57926.93 rows=925910 width=4) (actual time=0.007..993.653 rows=771467 loops=1)
        Filter: ((company_id > 1352) AND (company_type_id < 2))
        Rows Removed by Filter: 1837662
  ->  Hash  (cost=61283.27..61283.27 rows=2528527 width=4) (actual time=1667.626..1667.626 rows=2528312 loops=1)
        Buckets: 131072  Batches: 64  Memory Usage: 2415kB
        ->  Seq Scan on title t  (cost=0.00..61283.27 rows=2528527 width=4) (actual time=0.036..818.941 rows=2528312 loops=1)
Planning time: 0.756 ms
Execution time: 3828.178 ms
