Hash Join  (cost=73997.78..100922.36 rows=1048 width=0) (actual time=519.296..973.092 rows=1453 loops=1)
  Hash Cond: (mi_idx.movie_id = t.id)
  ->  Seq Scan on movie_info_idx mi_idx  (cost=0.00..25185.44 rows=460978 width=4) (actual time=0.024..373.403 rows=459925 loops=1)
        Filter: (info_type_id = 99)
        Rows Removed by Filter: 920110
  ->  Hash  (cost=73925.90..73925.90 rows=5750 width=4) (actual time=519.012..519.012 rows=8526 loops=1)
        Buckets: 16384 (originally 8192)  Batches: 1 (originally 1)  Memory Usage: 428kB
        ->  Seq Scan on title t  (cost=0.00..73925.90 rows=5750 width=4) (actual time=0.025..515.506 rows=8526 loops=1)
              Filter: ((kind_id = 4) AND (production_year = 2008))
              Rows Removed by Filter: 2519786
Planning time: 0.783 ms
Execution time: 973.556 ms
