Seq Scan on cast_info ci  (cost=0.00..705507.15 rows=34708120 width=0) (actual time=0.022..11375.111 rows=34804707 loops=1)
  Filter: (person_id > 144760)
  Rows Removed by Filter: 1439637
Planning time: 0.319 ms
Execution time: 15726.132 ms
