Seq Scan on cast_info ci  (cost=0.00..705507.15 rows=28477793 width=0) (actual time=0.012..10967.507 rows=28598874 loops=1)
  Filter: (person_id > 741708)
  Rows Removed by Filter: 7645470
Planning time: 0.306 ms
Execution time: 14602.324 ms
