Seq Scan on cast_info ci  (cost=0.00..705507.15 rows=24280507 width=0) (actual time=0.250..10686.417 rows=24234029 loops=1)
  Filter: (person_id < 2487442)
  Rows Removed by Filter: 12010315
Planning time: 0.353 ms
Execution time: 13767.011 ms
