Seq Scan on cast_info ci  (cost=0.00..705507.15 rows=6348684 width=0) (actual time=184.638..9597.178 rows=6257604 loops=1)
  Filter: (person_id < 602601)
  Rows Removed by Filter: 29986740
Planning time: 0.321 ms
Execution time: 10411.736 ms
