Hash Join  (cost=73962.22..872507.60 rows=756 width=0) (actual time=9809.284..12285.355 rows=1602 loops=1)
  Hash Cond: (ci.movie_id = t.id)
  ->  Seq Scan on cast_info ci  (cost=0.00..796071.18 rows=657772 width=4) (actual time=8925.806..11353.999 rows=271266 loops=1)
        Filter: ((person_id < 2747459) AND (role_id = 5))
        Rows Removed by Filter: 35973078
  ->  Hash  (cost=73925.90..73925.90 rows=2905 width=4) (actual time=883.263..883.263 rows=9408 loops=1)
        Buckets: 16384 (originally 4096)  Batches: 1 (originally 1)  Memory Usage: 459kB
        ->  Seq Scan on title t  (cost=0.00..73925.90 rows=2905 width=4) (actual time=0.386..878.995 rows=9408 loops=1)
              Filter: ((kind_id < 7) AND (production_year = 1990))
              Rows Removed by Filter: 2518904
Planning time: 0.821 ms
Execution time: 12285.832 ms
