Hash Join  (cost=421131.27..512933.68 rows=17056 width=0) (actual time=4699.864..6297.711 rows=73275 loops=1)
  Hash Cond: (mk.movie_id = t.id)
  ->  Seq Scan on movie_keyword mk  (cost=0.00..81003.12 rows=2834328 width=4) (actual time=0.028..1171.033 rows=2827081 loops=1)
        Filter: (keyword_id > 2632)
        Rows Removed by Filter: 1696849
  ->  Hash  (cost=420941.07..420941.07 rows=15216 width=8) (actual time=4698.740..4698.740 rows=7197 loops=1)
        Buckets: 16384  Batches: 1  Memory Usage: 410kB
        ->  Hash Join  (cost=69002.72..420941.07 rows=15216 width=8) (actual time=1388.414..4696.014 rows=7197 loops=1)
              Hash Cond: (mi.movie_id = t.id)
              ->  Seq Scan on movie_info mi  (cost=0.00..346232.03 rows=451508 width=4) (actual time=571.867..3722.089 rows=474443 loops=1)
                    Filter: (info_type_id = 6)
                    Rows Removed by Filter: 14361277
              ->  Hash  (cost=67604.59..67604.59 rows=85211 width=4) (actual time=815.671..815.671 rows=84593 loops=1)
                    Buckets: 131072  Batches: 2  Memory Usage: 2524kB
                    ->  Seq Scan on title t  (cost=0.00..67604.59 rows=85211 width=4) (actual time=0.028..784.057 rows=84593 loops=1)
                          Filter: (production_year = 2004)
                          Rows Removed by Filter: 2443719
Planning time: 1.287 ms
Execution time: 6306.687 ms
