Hash Join  (cost=83072.96..137738.54 rows=5 width=0) (actual time=1095.554..2014.505 rows=520 loops=1)
  Hash Cond: (mc.movie_id = t.id)
  ->  Seq Scan on movie_companies mc  (cost=0.00..44881.29 rows=2609129 width=4) (actual time=0.026..447.633 rows=2609129 loops=1)
  ->  Hash  (cost=83072.90..83072.90 rows=5 width=8) (actual time=1095.106..1095.106 rows=46 loops=1)
        Buckets: 1024  Batches: 1  Memory Usage: 10kB
        ->  Nested Loop  (cost=0.43..83072.90 rows=5 width=8) (actual time=34.306..1095.034 rows=46 loops=1)
              ->  Seq Scan on movie_keyword mk  (cost=0.00..81003.12 rows=246 width=4) (actual time=0.402..1035.324 rows=1845 loops=1)
                    Filter: (keyword_id = 1681)
                    Rows Removed by Filter: 4522085
              ->  Index Scan using title_pkey on title t  (cost=0.43..8.40 rows=1 width=4) (actual time=0.032..0.032 rows=0 loops=1845)
                    Index Cond: (id = mk.movie_id)
                    Filter: ((kind_id < 7) AND (production_year = 2009))
                    Rows Removed by Filter: 1
Planning time: 1.144 ms
Execution time: 2014.776 ms
