Seq Scan on movie_companies mc  (cost=0.00..57926.93 rows=320756 width=0) (actual time=0.015..746.064 rows=463432 loops=1)
  Filter: ((company_id < 865) AND (company_type_id = 1))
  Rows Removed by Filter: 2145697
Planning time: 0.387 ms
Execution time: 803.891 ms
