Hash Join  (cost=119417.68..1025469.39 rows=1245570 width=0) (actual time=2148.809..21453.205 rows=2413807 loops=1)
  Hash Cond: (ci.movie_id = t.id)
  ->  Seq Scan on cast_info ci  (cost=0.00..705507.15 rows=16201301 width=4) (actual time=0.021..12505.647 rows=16121683 loops=1)
        Filter: (role_id > 2)
        Rows Removed by Filter: 20122661
  ->  Hash  (cost=116227.74..116227.74 rows=194395 width=8) (actual time=2147.983..2147.983 rows=128146 loops=1)
        Buckets: 131072  Batches: 4  Memory Usage: 2271kB
        ->  Hash Join  (cost=76379.89..116227.74 rows=194395 width=8) (actual time=1047.930..2104.553 rows=128146 loops=1)
              Hash Cond: (mi_idx.movie_id = t.id)
              ->  Seq Scan on movie_info_idx mi_idx  (cost=0.00..25185.44 rows=919057 width=4) (actual time=0.017..478.349 rows=920110 loops=1)
                    Filter: (info_type_id > 99)
                    Rows Removed by Filter: 459925
              ->  Hash  (cost=67604.59..67604.59 rows=534824 width=4) (actual time=1047.002..1047.002 rows=533369 loops=1)
                    Buckets: 131072  Batches: 8  Memory Usage: 3369kB
                    ->  Seq Scan on title t  (cost=0.00..67604.59 rows=534824 width=4) (actual time=0.032..876.543 rows=533369 loops=1)
                          Filter: (production_year > 2009)
                          Rows Removed by Filter: 1994943
Planning time: 1.175 ms
Execution time: 21702.774 ms
