Hash Join  (cost=130284.81..497792.47 rows=285173 width=0) (actual time=2931.851..13372.150 rows=3190623 loops=1)
  Hash Cond: (mi.movie_id = t.id)
  ->  Seq Scan on movie_info mi  (cost=0.00..309384.22 rows=14739122 width=4) (actual time=0.012..3321.038 rows=14835720 loops=1)
  ->  Hash  (cost=129673.29..129673.29 rows=48922 width=8) (actual time=2734.426..2734.426 rows=241676 loops=1)
        Buckets: 131072 (originally 65536)  Batches: 2 (originally 1)  Memory Usage: 5741kB
        ->  Hash Join  (cost=74518.54..129673.29 rows=48922 width=8) (actual time=1021.847..2650.571 rows=241676 loops=1)
              Hash Cond: (mc.movie_id = t.id)
              ->  Seq Scan on movie_companies mc  (cost=0.00..44881.29 rows=2609129 width=4) (actual time=0.009..518.635 rows=2609129 loops=1)
              ->  Hash  (cost=73925.90..73925.90 rows=47411 width=4) (actual time=1021.563..1021.563 rows=125362 loops=1)
                    Buckets: 131072 (originally 65536)  Batches: 2 (originally 1)  Memory Usage: 3222kB
                    ->  Seq Scan on title t  (cost=0.00..73925.90 rows=47411 width=4) (actual time=0.015..973.528 rows=125362 loops=1)
                          Filter: ((kind_id < 7) AND (production_year < 1934))
                          Rows Removed by Filter: 2402950
Planning time: 0.776 ms
Execution time: 13733.126 ms
