Hash Join  (cost=917330.72..986059.82 rows=111894 width=0) (actual time=11486.467..12972.204 rows=153180 loops=1)
  Hash Cond: (mc.movie_id = t.id)
  ->  Seq Scan on movie_companies mc  (cost=0.00..51404.11 rows=1329612 width=4) (actual time=0.019..843.182 rows=1334883 loops=1)
        Filter: (company_type_id > 1)
        Rows Removed by Filter: 1274246
  ->  Hash  (cost=913838.86..913838.86 rows=212789 width=8) (actual time=11485.526..11485.526 rows=201610 loops=1)
        Buckets: 131072  Batches: 4  Memory Usage: 3000kB
        ->  Hash Join  (cost=102767.86..913838.86 rows=212789 width=8) (actual time=5382.532..11427.612 rows=201610 loops=1)
              Hash Cond: (ci.movie_id = t.id)
              ->  Seq Scan on cast_info ci  (cost=0.00..796071.18 rows=212789 width=4) (actual time=3698.849..9215.179 rows=201610 loops=1)
                    Filter: ((person_id < 267027) AND (role_id = 4))
                    Rows Removed by Filter: 36042734
              ->  Hash  (cost=61283.27..61283.27 rows=2528527 width=4) (actual time=1681.604..1681.604 rows=2528312 loops=1)
                    Buckets: 131072  Batches: 64  Memory Usage: 2415kB
                    ->  Seq Scan on title t  (cost=0.00..61283.27 rows=2528527 width=4) (actual time=0.017..836.813 rows=2528312 loops=1)
Planning time: 1.108 ms
Execution time: 12992.932 ms
