Seq Scan on movie_companies mc  (cost=0.00..51404.11 rows=104 width=0) (actual time=11.119..763.818 rows=1939 loops=1)
  Filter: (company_id = 11151)
  Rows Removed by Filter: 2607190
Planning time: 0.380 ms
Execution time: 764.281 ms
