Hash Join  (cost=80110.18..843486.39 rows=644015 width=0) (actual time=983.907..12863.160 rows=598733 loops=1)
  Hash Cond: (ci.movie_id = t.id)
  ->  Seq Scan on cast_info ci  (cost=0.00..705507.15 rows=4320508 width=4) (actual time=0.022..9938.281 rows=4323018 loops=1)
        Filter: (role_id = 10)
        Rows Removed by Filter: 31921326
  ->  Hash  (cost=73925.90..73925.90 rows=376902 width=4) (actual time=983.047..983.047 rows=300122 loops=1)
        Buckets: 131072  Batches: 8  Memory Usage: 2339kB
        ->  Seq Scan on title t  (cost=0.00..73925.90 rows=376902 width=4) (actual time=0.045..887.089 rows=300122 loops=1)
              Filter: ((kind_id < 4) AND (production_year > 2004))
              Rows Removed by Filter: 2228190
Planning time: 0.724 ms
Execution time: 12927.567 ms
