Hash Join  (cost=74547.79..843997.57 rows=318775 width=0) (actual time=5239.930..17125.837 rows=338909 loops=1)
  Hash Cond: (ci.movie_id = t.id)
  ->  Seq Scan on cast_info ci  (cost=0.00..705507.15 rows=16201301 width=4) (actual time=4320.666..11697.620 rows=16121683 loops=1)
        Filter: (role_id > 2)
        Rows Removed by Filter: 20122661
  ->  Hash  (cost=73925.90..73925.90 rows=49751 width=4) (actual time=918.872..918.872 rows=56995 loops=1)
        Buckets: 65536  Batches: 1  Memory Usage: 2516kB
        ->  Seq Scan on title t  (cost=0.00..73925.90 rows=49751 width=4) (actual time=0.020..897.185 rows=56995 loops=1)
              Filter: ((kind_id > 1) AND (production_year = 2003))
              Rows Removed by Filter: 2471317
Planning time: 0.761 ms
Execution time: 17174.493 ms
