Seq Scan on movie_keyword mk  (cost=0.00..81003.12 rows=1259475 width=0) (actual time=0.010..1300.568 rows=1271637 loops=1)
  Filter: (keyword_id < 1633)
  Rows Removed by Filter: 3252293
Planning time: 0.341 ms
Execution time: 1447.175 ms
