Seq Scan on movie_companies mc  (cost=0.00..57926.93 rows=920958 width=0) (actual time=229.130..916.482 rows=601861 loops=1)
  Filter: ((company_id < 29448) AND (company_type_id > 1))
  Rows Removed by Filter: 2007268
Planning time: 0.306 ms
Execution time: 992.922 ms
