Hash Join  (cost=102767.86..913026.78 rows=179061 width=0) (actual time=9888.954..13290.776 rows=259082 loops=1)
  Hash Cond: (ci.movie_id = t.id)
  ->  Seq Scan on cast_info ci  (cost=0.00..796071.18 rows=179061 width=4) (actual time=8530.839..11430.372 rows=259082 loops=1)
        Filter: ((person_id > 1361765) AND (role_id = 7))
        Rows Removed by Filter: 35985262
  ->  Hash  (cost=61283.27..61283.27 rows=2528527 width=4) (actual time=1356.938..1356.938 rows=2528312 loops=1)
        Buckets: 131072  Batches: 64  Memory Usage: 2415kB
        ->  Seq Scan on title t  (cost=0.00..61283.27 rows=2528527 width=4) (actual time=0.025..637.586 rows=2528312 loops=1)
Planning time: 0.806 ms
Execution time: 13315.995 ms
