Seq Scan on movie_keyword mk  (cost=0.00..81003.12 rows=246 width=0) (actual time=1.978..1102.542 rows=544 loops=1)
  Filter: (keyword_id = 11681)
  Rows Removed by Filter: 4523386
Planning time: 0.374 ms
Execution time: 1102.839 ms
