Hash Join  (cost=79111.30..164376.52 rows=29525 width=0) (actual time=1104.311..2426.230 rows=104553 loops=1)
  Hash Cond: (mk.movie_id = t.id)
  ->  Seq Scan on movie_keyword mk  (cost=0.00..81003.12 rows=236225 width=4) (actual time=0.024..1086.949 rows=252629 loops=1)
        Filter: (keyword_id < 217)
        Rows Removed by Filter: 4271301
  ->  Hash  (cost=73925.90..73925.90 rows=316032 width=4) (actual time=1103.080..1103.080 rows=400740 loops=1)
        Buckets: 131072  Batches: 8  Memory Usage: 2801kB
        ->  Seq Scan on title t  (cost=0.00..73925.90 rows=316032 width=4) (actual time=0.014..970.585 rows=400740 loops=1)
              Filter: ((production_year < 2003) AND (kind_id = 1))
              Rows Removed by Filter: 2127572
Planning time: 0.687 ms
Execution time: 2440.922 ms
