Hash Join  (cost=233717.84..322521.04 rows=997667 width=0) (actual time=4341.648..6967.485 rows=1501045 loops=1)
  Hash Cond: (mc.movie_id = t.id)
  ->  Seq Scan on movie_companies mc  (cost=0.00..44881.29 rows=2609129 width=4) (actual time=0.013..690.773 rows=2609129 loops=1)
  ->  Hash  (cost=217855.26..217855.26 rows=966847 width=8) (actual time=4340.651..4340.651 rows=533568 loops=1)
        Buckets: 131072  Batches: 16  Memory Usage: 2355kB
        ->  Hash Join  (cost=102323.53..217855.26 rows=966847 width=8) (actual time=1793.015..4167.922 rows=533568 loops=1)
              Hash Cond: (mk.movie_id = t.id)
              ->  Seq Scan on movie_keyword mk  (cost=0.00..81003.12 rows=1412426 width=4) (actual time=0.020..1224.654 rows=1424351 loops=1)
                    Filter: (keyword_id > 11694)
                    Rows Removed by Filter: 3099579
              ->  Hash  (cost=73925.90..73925.90 rows=1730850 width=4) (actual time=1791.591..1791.591 rows=1799904 loops=1)
                    Buckets: 131072  Batches: 32  Memory Usage: 3013kB
                    ->  Seq Scan on title t  (cost=0.00..73925.90 rows=1730850 width=4) (actual time=0.026..1199.684 rows=1799904 loops=1)
                          Filter: ((kind_id > 1) AND (production_year > 1927))
                          Rows Removed by Filter: 728408
Planning time: 1.132 ms
Execution time: 7161.351 ms
