Seq Scan on movie_keyword mk  (cost=0.00..81003.12 rows=780083 width=0) (actual time=0.024..1148.538 rows=782198 loops=1)
  Filter: (keyword_id < 748)
  Rows Removed by Filter: 3741732
Planning time: 0.292 ms
Execution time: 1251.019 ms
