Seq Scan on cast_info ci  (cost=0.00..796071.18 rows=12428028 width=0) (actual time=0.018..13039.398 rows=18840864 loops=1)
  Filter: ((person_id > 1674767) AND (role_id > 1))
  Rows Removed by Filter: 17403480
Planning time: 0.329 ms
Execution time: 15386.424 ms
