Hash Join  (cost=209504.94..734656.69 rows=4249780 width=0) (actual time=4834.339..37907.646 rows=99821568 loops=1)
  Hash Cond: (mi.movie_id = t.id)
  ->  Seq Scan on movie_info mi  (cost=0.00..309384.22 rows=14739122 width=4) (actual time=0.029..4608.821 rows=14835720 loops=1)
  ->  Hash  (cost=197543.70..197543.70 rows=729059 width=8) (actual time=4833.410..4833.410 rows=1584986 loops=1)
        Buckets: 131072 (originally 131072)  Batches: 32 (originally 16)  Memory Usage: 3073kB
        ->  Hash Join  (cost=83810.17..197543.70 rows=729059 width=8) (actual time=1169.800..4023.639 rows=1584986 loops=1)
              Hash Cond: (mk.movie_id = t.id)
              ->  Seq Scan on movie_keyword mk  (cost=0.00..81003.12 rows=1866350 width=4) (actual time=0.018..1356.248 rows=1873218 loops=1)
                    Filter: (keyword_id > 7337)
                    Rows Removed by Filter: 2650712
              ->  Hash  (cost=67604.59..67604.59 rows=987727 width=4) (actual time=1168.824..1168.824 rows=985048 loops=1)
                    Buckets: 131072  Batches: 16  Memory Usage: 3197kB
                    ->  Seq Scan on title t  (cost=0.00..67604.59 rows=987727 width=4) (actual time=0.020..859.493 rows=985048 loops=1)
                          Filter: (kind_id < 7)
                          Rows Removed by Filter: 1543264
Planning time: 1.176 ms
Execution time: 47914.996 ms
