Seq Scan on movie_keyword mk  (cost=0.00..81003.12 rows=246 width=0) (actual time=19.676..1084.360 rows=271 loops=1)
  Filter: (keyword_id = 3093)
  Rows Removed by Filter: 4523659
Planning time: 0.369 ms
Execution time: 1084.579 ms
