Hash Join  (cost=123650.91..497020.24 rows=121451 width=0) (actual time=3407.700..7880.433 rows=1070243 loops=1)
  Hash Cond: (mi.movie_id = t.id)
  ->  Seq Scan on movie_info mi  (cost=0.00..346232.03 rows=2194617 width=4) (actual time=1277.433..4547.733 rows=2233850 loops=1)
        Filter: (info_type_id > 16)
        Rows Removed by Filter: 12601870
  ->  Hash  (cost=121354.79..121354.79 rows=139929 width=8) (actual time=2129.234..2129.234 rows=236070 loops=1)
        Buckets: 131072 (originally 131072)  Batches: 4 (originally 2)  Memory Usage: 3340kB
        ->  Hash Join  (cost=86421.94..121354.79 rows=139929 width=8) (actual time=1194.508..2040.931 rows=236070 loops=1)
              Hash Cond: (mi_idx.movie_id = t.id)
              ->  Seq Scan on movie_info_idx mi_idx  (cost=0.00..25185.44 rows=464566 width=4) (actual time=0.029..413.277 rows=459925 loops=1)
                    Filter: (info_type_id = 101)
                    Rows Removed by Filter: 920110
              ->  Hash  (cost=73925.90..73925.90 rows=761603 width=4) (actual time=1193.297..1193.297 rows=670584 loops=1)
                    Buckets: 131072  Batches: 16  Memory Usage: 2498kB
                    ->  Seq Scan on title t  (cost=0.00..73925.90 rows=761603 width=4) (actual time=0.027..976.915 rows=670584 loops=1)
                          Filter: ((kind_id < 7) AND (production_year > 1979))
                          Rows Removed by Filter: 1857728
Planning time: 1.137 ms
Execution time: 7997.497 ms
