Hash Join  (cost=83073.10..834345.39 rows=313 width=0) (actual time=968.465..13378.744 rows=24552 loops=1)
  Hash Cond: (ci.movie_id = t.id)
  ->  Seq Scan on cast_info ci  (cost=0.00..705507.15 rows=12203201 width=4) (actual time=0.028..10725.181 rows=12113646 loops=1)
        Filter: (role_id > 3)
        Rows Removed by Filter: 24130698
  ->  Hash  (cost=83072.29..83072.29 rows=65 width=8) (actual time=967.372..967.372 rows=2277 loops=1)
        Buckets: 4096 (originally 1024)  Batches: 1 (originally 1)  Memory Usage: 121kB
        ->  Nested Loop  (cost=0.43..83072.29 rows=65 width=8) (actual time=0.425..966.148 rows=2277 loops=1)
              ->  Seq Scan on movie_keyword mk  (cost=0.00..81003.12 rows=246 width=4) (actual time=0.389..921.890 rows=2415 loops=1)
                    Filter: (keyword_id = 7634)
                    Rows Removed by Filter: 4521515
              ->  Index Scan using title_pkey on title t  (cost=0.43..8.40 rows=1 width=4) (actual time=0.017..0.017 rows=1 loops=2415)
                    Index Cond: (id = mk.movie_id)
                    Filter: (kind_id = 1)
                    Rows Removed by Filter: 0
Planning time: 1.165 ms
Execution time: 13383.207 ms
