Hash Join  (cost=272774.39..881350.93 rows=10341571 width=0) (actual time=5390.763..18347.411 rows=4464399 loops=1)
  Hash Cond: (mi.movie_id = t.id)
  ->  Seq Scan on movie_info mi  (cost=0.00..309384.22 rows=14739122 width=4) (actual time=0.009..4562.051 rows=14835720 loops=1)
  ->  Hash  (cost=243666.91..243666.91 rows=1774118 width=8) (actual time=5279.011..5279.011 rows=442758 loops=1)
        Buckets: 131072  Batches: 32  Memory Usage: 1584kB
        ->  Hash Join  (cost=90991.69..243666.91 rows=1774118 width=8) (actual time=2961.707..5146.449 rows=442758 loops=1)
              Hash Cond: (mk.movie_id = t.id)
              ->  Seq Scan on movie_keyword mk  (cost=0.00..81003.12 rows=4312777 width=4) (actual time=0.021..1584.286 rows=4297520 loops=1)
                    Filter: (keyword_id > 181)
                    Rows Removed by Filter: 226410
              ->  Hash  (cost=73925.90..73925.90 rows=1040143 width=4) (actual time=1470.664..1470.664 rows=1134228 loops=1)
                    Buckets: 131072  Batches: 16  Memory Usage: 3531kB
                    ->  Seq Scan on title t  (cost=0.00..73925.90 rows=1040143 width=4) (actual time=0.022..1093.812 rows=1134228 loops=1)
                          Filter: ((production_year > 1992) AND (kind_id = 7))
                          Rows Removed by Filter: 1394084
Planning time: 1.168 ms
Execution time: 18905.326 ms
