Seq Scan on cast_info ci  (cost=0.00..705507.15 rows=500 width=0) (actual time=416.921..7838.783 rows=893 loops=1)
  Filter: (person_id = 1522738)
  Rows Removed by Filter: 36243451
Planning time: 0.370 ms
Execution time: 7839.002 ms
