Hash Join  (cost=259930.30..912014.21 rows=14419108 width=0) (actual time=6019.696..33976.871 rows=65757738 loops=1)
  Hash Cond: (mi.movie_id = t.id)
  ->  Seq Scan on movie_info mi  (cost=0.00..309384.22 rows=14739122 width=4) (actual time=0.010..4929.758 rows=14835720 loops=1)
  ->  Hash  (cost=219346.95..219346.95 rows=2473628 width=8) (actual time=6018.412..6018.412 rows=2453341 loops=1)
        Buckets: 131072  Batches: 64  Memory Usage: 2599kB
        ->  Hash Join  (cost=106934.74..219346.95 rows=2473628 width=8) (actual time=1911.787..5240.015 rows=2453341 loops=1)
              Hash Cond: (mc.movie_id = t.id)
              ->  Seq Scan on movie_companies mc  (cost=0.00..44881.29 rows=2609129 width=4) (actual time=0.070..695.807 rows=2609129 loops=1)
              ->  Hash  (cost=67604.59..67604.59 rows=2397212 width=4) (actual time=1910.624..1910.624 rows=2388701 loops=1)
                    Buckets: 131072  Batches: 32  Memory Usage: 3650kB
                    ->  Seq Scan on title t  (cost=0.00..67604.59 rows=2397212 width=4) (actual time=0.012..1140.603 rows=2388701 loops=1)
                          Filter: (production_year > 1915)
                          Rows Removed by Filter: 139611
Planning time: 0.807 ms
Execution time: 41303.911 ms
