Hash Join  (cost=128753.29..511792.28 rows=18062 width=0) (actual time=2061.354..8641.229 rows=36380 loops=1)
  Hash Cond: (mi.movie_id = t.id)
  ->  Seq Scan on movie_info mi  (cost=0.00..346232.03 rows=9767026 width=4) (actual time=0.013..5059.653 rows=9911754 loops=1)
        Filter: (info_type_id > 4)
        Rows Removed by Filter: 4923966
  ->  Hash  (cost=128694.84..128694.84 rows=4676 width=8) (actual time=1986.507..1986.507 rows=5198 loops=1)
        Buckets: 8192  Batches: 1  Memory Usage: 268kB
        ->  Hash Join  (cost=73982.55..128694.84 rows=4676 width=8) (actual time=1192.850..1984.354 rows=5198 loops=1)
              Hash Cond: (mc.movie_id = t.id)
              ->  Seq Scan on movie_companies mc  (cost=0.00..44881.29 rows=2609129 width=4) (actual time=0.021..488.438 rows=2609129 loops=1)
              ->  Hash  (cost=73925.90..73925.90 rows=4532 width=4) (actual time=952.203..952.203 rows=7634 loops=1)
                    Buckets: 8192  Batches: 1  Memory Usage: 333kB
                    ->  Seq Scan on title t  (cost=0.00..73925.90 rows=4532 width=4) (actual time=132.718..948.503 rows=7634 loops=1)
                          Filter: ((kind_id = 7) AND (production_year = 1972))
                          Rows Removed by Filter: 2520678
Planning time: 1.554 ms
Execution time: 8646.195 ms
