Seq Scan on movie_companies mc  (cost=0.00..57926.93 rows=1084493 width=0) (actual time=338.691..954.797 rows=1211307 loops=1)
  Filter: ((company_id > 419) AND (company_type_id = 2))
  Rows Removed by Filter: 1397822
Planning time: 0.321 ms
Execution time: 1105.160 ms
