Hash Join  (cost=263115.61..1607059.57 rows=26588831 width=0) (actual time=5975.419..44649.859 rows=54679636 loops=1)
  Hash Cond: (ci.movie_id = t.id)
  ->  Seq Scan on cast_info ci  (cost=0.00..705507.15 rows=25767441 width=4) (actual time=0.030..12932.339 rows=25777044 loops=1)
        Filter: (person_id < 2663183)
        Rows Removed by Filter: 10467300
  ->  Hash  (cost=220309.49..220309.49 rows=2609129 width=8) (actual time=5973.649..5973.649 rows=2609129 loops=1)
        Buckets: 131072  Batches: 64  Memory Usage: 2610kB
        ->  Hash Join  (cost=102767.86..220309.49 rows=2609129 width=8) (actual time=1648.495..5179.217 rows=2609129 loops=1)
              Hash Cond: (mc.movie_id = t.id)
              ->  Seq Scan on movie_companies mc  (cost=0.00..44881.29 rows=2609129 width=4) (actual time=0.022..708.485 rows=2609129 loops=1)
              ->  Hash  (cost=61283.27..61283.27 rows=2528527 width=4) (actual time=1646.670..1646.670 rows=2528312 loops=1)
                    Buckets: 131072  Batches: 64  Memory Usage: 2415kB
                    ->  Seq Scan on title t  (cost=0.00..61283.27 rows=2528527 width=4) (actual time=0.027..809.712 rows=2528312 loops=1)
Planning time: 1.176 ms
Execution time: 50054.290 ms
