Nested Loop  (cost=60266.38..142061.98 rows=14 width=0) (actual time=817.999..1836.886 rows=469 loops=1)
  ->  Hash Join  (cost=60265.95..141936.43 rows=73 width=8) (actual time=817.926..1830.047 rows=469 loops=1)
        Hash Cond: (mk.movie_id = mc.movie_id)
        ->  Seq Scan on movie_keyword mk  (cost=0.00..81003.12 rows=246 width=4) (actual time=5.969..997.046 rows=713 loops=1)
              Filter: (keyword_id = 674)
              Rows Removed by Filter: 4523217
        ->  Hash  (cost=57926.93..57926.93 rows=142561 width=4) (actual time=792.726..792.726 rows=220009 loops=1)
              Buckets: 131072 (originally 131072)  Batches: 4 (originally 2)  Memory Usage: 3073kB
              ->  Seq Scan on movie_companies mc  (cost=0.00..57926.93 rows=142561 width=4) (actual time=132.623..710.169 rows=220009 loops=1)
                    Filter: ((company_id < 159) AND (company_type_id < 2))
                    Rows Removed by Filter: 2389120
  ->  Index Only Scan using title_pkey on title t  (cost=0.43..1.71 rows=1 width=4) (actual time=0.013..0.014 rows=1 loops=469)
        Index Cond: (id = mc.movie_id)
        Heap Fetches: 469
Planning time: 1.256 ms
Execution time: 1837.423 ms
