Seq Scan on movie_keyword mk  (cost=0.00..81003.12 rows=246 width=0) (actual time=0.621..871.094 rows=771 loops=1)
  Filter: (keyword_id = 6688)
  Rows Removed by Filter: 4523159
Planning time: 0.369 ms
Execution time: 871.398 ms
