Nested Loop  (cost=0.43..709674.40 rows=120 width=0) (actual time=2434.347..8787.383 rows=7 loops=1)
  ->  Seq Scan on cast_info ci  (cost=0.00..705507.15 rows=500 width=4) (actual time=2434.238..8786.477 rows=56 loops=1)
        Filter: (person_id = 2937643)
        Rows Removed by Filter: 36244288
  ->  Index Scan using title_pkey on title t  (cost=0.43..8.32 rows=1 width=4) (actual time=0.015..0.015 rows=0 loops=56)
        Index Cond: (id = ci.movie_id)
        Filter: ((kind_id < 7) AND (production_year < 2007))
        Rows Removed by Filter: 1
Planning time: 0.870 ms
Execution time: 8787.484 ms
