Seq Scan on movie_keyword mk  (cost=0.00..81003.12 rows=567059 width=0) (actual time=0.016..1107.935 rows=569310 loops=1)
  Filter: (keyword_id < 403)
  Rows Removed by Filter: 3954620
Planning time: 0.327 ms
Execution time: 1179.084 ms
