Hash Join  (cost=190066.81..289768.73 rows=1333301 width=0) (actual time=4008.604..7302.210 rows=4000384 loops=1)
  Hash Cond: (mc.movie_id = t.id)
  ->  Seq Scan on movie_companies mc  (cost=0.00..51404.11 rows=2582878 width=4) (actual time=0.028..1016.887 rows=2584262 loops=1)
        Filter: (company_id < 212113)
        Rows Removed by Filter: 24867
  ->  Hash  (cost=168652.25..168652.25 rows=1305245 width=8) (actual time=4007.216..4007.216 rows=1365044 loops=1)
        Buckets: 131072  Batches: 32  Memory Usage: 2692kB
        ->  Hash Join  (cost=106840.27..168652.25 rows=1305245 width=8) (actual time=1805.141..3623.470 rows=1365044 loops=1)
              Hash Cond: (mi_idx.movie_id = t.id)
              ->  Seq Scan on movie_info_idx mi_idx  (cost=0.00..21735.35 rows=1380035 width=4) (actual time=0.024..375.976 rows=1380035 loops=1)
              ->  Hash  (cost=67604.59..67604.59 rows=2391495 width=4) (actual time=1804.304..1804.304 rows=2388876 loops=1)
                    Buckets: 131072  Batches: 32  Memory Usage: 3646kB
                    ->  Seq Scan on title t  (cost=0.00..67604.59 rows=2391495 width=4) (actual time=0.018..1077.058 rows=2388876 loops=1)
                          Filter: (production_year < 2013)
                          Rows Removed by Filter: 139436
Planning time: 1.164 ms
Execution time: 7725.006 ms
