Hash Join  (cost=103324.96..191718.97 rows=1144884 width=0) (actual time=2008.526..4938.181 rows=1059932 loops=1)
  Hash Cond: (mc.movie_id = t.id)
  ->  Seq Scan on movie_companies mc  (cost=0.00..51404.11 rows=1329612 width=4) (actual time=0.254..1056.870 rows=1334883 loops=1)
        Filter: (company_type_id = 2)
        Rows Removed by Filter: 1274246
  ->  Hash  (cost=67604.59..67604.59 rows=2177230 width=4) (actual time=2007.401..2007.401 rows=2171163 loops=1)
        Buckets: 131072  Batches: 32  Memory Usage: 3412kB
        ->  Seq Scan on title t  (cost=0.00..67604.59 rows=2177230 width=4) (actual time=0.013..1291.074 rows=2171163 loops=1)
              Filter: (production_year > 1963)
              Rows Removed by Filter: 357149
Planning time: 0.772 ms
Execution time: 5070.259 ms
