Seq Scan on cast_info ci  (cost=0.00..796071.18 rows=435 width=0) (actual time=4959.685..12466.839 rows=67 loops=1)
  Filter: ((role_id < 10) AND (person_id = 548980))
  Rows Removed by Filter: 36244277
Planning time: 0.385 ms
Execution time: 12467.004 ms
