Hash Join  (cost=140062.73..642755.25 rows=2144861 width=0) (actual time=3028.210..13541.519 rows=1846840 loops=1)
  Hash Cond: (mi.movie_id = t.id)
  ->  Seq Scan on movie_info mi  (cost=0.00..309384.22 rows=14739122 width=4) (actual time=0.022..4529.955 rows=14835720 loops=1)
  ->  Hash  (cost=134025.30..134025.30 rows=367955 width=8) (actual time=2533.334..2533.334 rows=206476 loops=1)
        Buckets: 131072  Batches: 8  Memory Usage: 2039kB
        ->  Hash Join  (cost=90606.68..134025.30 rows=367955 width=8) (actual time=1645.641..2472.799 rows=206476 loops=1)
              Hash Cond: (mi_idx.movie_id = t.id)
              ->  Seq Scan on movie_info_idx mi_idx  (cost=0.00..25185.44 rows=915101 width=4) (actual time=0.013..471.339 rows=919850 loops=1)
                    Filter: (info_type_id < 101)
                    Rows Removed by Filter: 460185
              ->  Hash  (cost=73925.90..73925.90 rows=1016702 width=4) (actual time=1374.858..1374.858 rows=960113 loops=1)
                    Buckets: 131072  Batches: 16  Memory Usage: 3135kB
                    ->  Seq Scan on title t  (cost=0.00..73925.90 rows=1016702 width=4) (actual time=93.358..1070.533 rows=960113 loops=1)
                          Filter: ((production_year < 2008) AND (kind_id = 7))
                          Rows Removed by Filter: 1568199
Planning time: 1.134 ms
Execution time: 13757.386 ms
