Hash Join  (cost=75704.09..142090.96 rows=52015 width=0) (actual time=1059.751..2321.054 rows=105865 loops=1)
  Hash Cond: (mc.movie_id = t.id)
  ->  Seq Scan on movie_companies mc  (cost=0.00..51404.11 rows=1214027 width=4) (actual time=0.023..800.183 rows=1223869 loops=1)
        Filter: (company_id > 11961)
        Rows Removed by Filter: 1385260
  ->  Hash  (cost=73925.90..73925.90 rows=108335 width=4) (actual time=1059.058..1059.058 rows=116772 loops=1)
        Buckets: 131072  Batches: 2  Memory Usage: 3074kB
        ->  Seq Scan on title t  (cost=0.00..73925.90 rows=108335 width=4) (actual time=0.024..1017.227 rows=116772 loops=1)
              Filter: ((production_year < 2013) AND (kind_id = 4))
              Rows Removed by Filter: 2411540
Planning time: 0.692 ms
Execution time: 2332.162 ms
