Seq Scan on movie_companies mc  (cost=0.00..51404.11 rows=1665452 width=0) (actual time=0.012..826.640 rows=1656786 loops=1)
  Filter: (company_id < 18484)
  Rows Removed by Filter: 952343
Planning time: 0.312 ms
Execution time: 1040.425 ms
