Hash Join  (cost=94699.36..149365.65 rows=1391 width=0) (actual time=966.057..1837.721 rows=12419 loops=1)
  Hash Cond: (mc.movie_id = t.id)
  ->  Seq Scan on movie_companies mc  (cost=0.00..51404.11 rows=866205 width=4) (actual time=0.017..715.889 rows=873214 loops=1)
        Filter: (company_id > 23410)
        Rows Removed by Filter: 1735915
  ->  Hash  (cost=94648.62..94648.62 rows=4059 width=8) (actual time=965.981..965.981 rows=15197 loops=1)
        Buckets: 16384 (originally 4096)  Batches: 1 (originally 1)  Memory Usage: 722kB
        ->  Hash Join  (cost=67697.55..94648.62 rows=4059 width=8) (actual time=453.238..960.939 rows=15197 loops=1)
              Hash Cond: (mi_idx.movie_id = t.id)
              ->  Seq Scan on movie_info_idx mi_idx  (cost=0.00..21735.35 rows=1380035 width=4) (actual time=0.012..228.299 rows=1380035 loops=1)
              ->  Hash  (cost=67604.59..67604.59 rows=7437 width=4) (actual time=452.926..452.926 rows=19861 loops=1)
                    Buckets: 32768 (originally 8192)  Batches: 1 (originally 1)  Memory Usage: 955kB
                    ->  Seq Scan on title t  (cost=0.00..67604.59 rows=7437 width=4) (actual time=0.015..447.608 rows=19861 loops=1)
                          Filter: (production_year = 1988)
                          Rows Removed by Filter: 2508451
Planning time: 0.948 ms
Execution time: 1839.692 ms
