Seq Scan on cast_info ci  (cost=0.00..705507.15 rows=13789834 width=0) (actual time=155.371..9809.797 rows=13766639 loops=1)
  Filter: (person_id < 1355954)
  Rows Removed by Filter: 22477705
Planning time: 0.312 ms
Execution time: 11550.922 ms
