Hash Join  (cost=80599.54..122101.12 rows=222010 width=0) (actual time=1307.144..2457.857 rows=105045 loops=1)
  Hash Cond: (mi_idx.movie_id = t.id)
  ->  Seq Scan on movie_info_idx mi_idx  (cost=0.00..21735.35 rows=1380035 width=4) (actual time=0.024..448.712 rows=1380035 loops=1)
  ->  Hash  (cost=73925.90..73925.90 rows=406771 width=4) (actual time=1306.310..1306.310 rows=288892 loops=1)
        Buckets: 131072  Batches: 8  Memory Usage: 2281kB
        ->  Seq Scan on title t  (cost=0.00..73925.90 rows=406771 width=4) (actual time=0.021..1212.564 rows=288892 loops=1)
              Filter: ((production_year < 1989) AND (kind_id = 7))
              Rows Removed by Filter: 2239420
Planning time: 0.769 ms
Execution time: 2471.768 ms
