Hash Join  (cost=221939.46..1344075.01 rows=8598736 width=0) (actual time=4256.620..38717.785 rows=30435430 loops=1)
  Hash Cond: (ci.movie_id = t.id)
  ->  Seq Scan on cast_info ci  (cost=0.00..614943.12 rows=36225612 width=4) (actual time=0.020..10753.123 rows=36244344 loops=1)
  ->  Hash  (cost=212092.13..212092.13 rows=600187 width=8) (actual time=4255.658..4255.658 rows=622248 loops=1)
        Buckets: 131072 (originally 131072)  Batches: 16 (originally 8)  Memory Usage: 3073kB
        ->  Hash Join  (cost=107587.54..212092.13 rows=600187 width=8) (actual time=2178.641..4110.964 rows=622248 loops=1)
              Hash Cond: (mk.movie_id = t.id)
              ->  Seq Scan on movie_keyword mk  (cost=0.00..81003.12 rows=622719 width=4) (actual time=0.028..1194.309 rows=626709 loops=1)
                    Filter: (keyword_id > 29297)
                    Rows Removed by Filter: 3897221
              ->  Hash  (cost=67604.59..67604.59 rows=2437036 width=4) (actual time=2177.002..2177.002 rows=2435127 loops=1)
                    Buckets: 131072  Batches: 32  Memory Usage: 3709kB
                    ->  Seq Scan on title t  (cost=0.00..67604.59 rows=2437036 width=4) (actual time=0.019..1111.168 rows=2435127 loops=1)
                          Filter: (production_year > 1908)
                          Rows Removed by Filter: 93185
Planning time: 1.108 ms
Execution time: 42011.639 ms
