Hash Join  (cost=114895.04..1103903.84 rows=1131035 width=0) (actual time=1980.448..27029.669 rows=3732922 loops=1)
  Hash Cond: (ci.movie_id = t.id)
  ->  Seq Scan on cast_info ci  (cost=0.00..705507.15 rows=23499554 width=4) (actual time=0.007..13226.036 rows=23573656 loops=1)
        Filter: (role_id > 1)
        Rows Removed by Filter: 12670688
  ->  Hash  (cost=112897.81..112897.81 rows=121698 width=8) (actual time=1979.709..1979.709 rows=209880 loops=1)
        Buckets: 131072 (originally 131072)  Batches: 4 (originally 2)  Memory Usage: 3075kB
        ->  Hash Join  (cost=78556.72..112897.81 rows=121698 width=8) (actual time=1082.879..1903.159 rows=209880 loops=1)
              Hash Cond: (mi_idx.movie_id = t.id)
              ->  Seq Scan on movie_info_idx mi_idx  (cost=0.00..25185.44 rows=460978 width=4) (actual time=0.027..405.758 rows=459925 loops=1)
                    Filter: (info_type_id = 99)
                    Rows Removed by Filter: 920110
              ->  Hash  (cost=67604.59..67604.59 rows=667531 width=4) (actual time=1081.909..1081.909 rows=662825 loops=1)
                    Buckets: 131072  Batches: 16  Memory Usage: 2476kB
                    ->  Seq Scan on title t  (cost=0.00..67604.59 rows=667531 width=4) (actual time=184.577..873.696 rows=662825 loops=1)
                          Filter: (kind_id = 1)
                          Rows Removed by Filter: 1865487
Planning time: 1.148 ms
Execution time: 27489.948 ms
