Hash Join  (cost=97066.09..263751.09 rows=2805380 width=0) (actual time=1684.365..6831.393 rows=3314693 loops=1)
  Hash Cond: (mk.movie_id = t.id)
  ->  Seq Scan on movie_keyword mk  (cost=0.00..81003.12 rows=3950215 width=4) (actual time=0.015..1617.573 rows=3947775 loops=1)
        Filter: (keyword_id > 405)
        Rows Removed by Filter: 576155
  ->  Hash  (cost=67604.59..67604.59 rows=1795720 width=4) (actual time=1682.149..1682.149 rows=1794153 loops=1)
        Buckets: 131072  Batches: 32  Memory Usage: 3001kB
        ->  Seq Scan on title t  (cost=0.00..67604.59 rows=1795720 width=4) (actual time=0.026..1085.515 rows=1794153 loops=1)
              Filter: (production_year < 2009)
              Rows Removed by Filter: 734159
Planning time: 0.671 ms
Execution time: 7253.218 ms
