Hash Join  (cost=80042.24..217435.91 rows=1100061 width=0) (actual time=1562.252..5510.840 rows=2495505 loops=1)
  Hash Cond: (mk.movie_id = t.id)
  ->  Seq Scan on movie_keyword mk  (cost=0.00..81003.12 rows=3669318 width=4) (actual time=0.014..1526.200 rows=3664519 loops=1)
        Filter: (keyword_id > 816)
        Rows Removed by Filter: 859411
  ->  Hash  (cost=67604.59..67604.59 rows=758052 width=4) (actual time=1560.118..1560.118 rows=753677 loops=1)
        Buckets: 131072  Batches: 16  Memory Usage: 2686kB
        ->  Seq Scan on title t  (cost=0.00..67604.59 rows=758052 width=4) (actual time=0.017..1045.495 rows=753677 loops=1)
              Filter: (kind_id < 3)
              Rows Removed by Filter: 1774635
Planning time: 0.710 ms
Execution time: 5826.081 ms
