Hash Join  (cost=255495.18..1566744.35 rows=22600100 width=0) (actual time=4375.840..34434.368 rows=9937316 loops=1)
  Hash Cond: (ci.movie_id = t.id)
  ->  Seq Scan on cast_info ci  (cost=0.00..614943.12 rows=36225612 width=4) (actual time=0.018..10732.825 rows=36244344 loops=1)
  ->  Hash  (cost=229613.76..229613.76 rows=1577474 width=8) (actual time=4374.567..4374.567 rows=355231 loops=1)
        Buckets: 131072  Batches: 32  Memory Usage: 1443kB
        ->  Hash Join  (cost=88391.98..229613.76 rows=1577474 width=8) (actual time=1373.016..4295.676 rows=355231 loops=1)
              Hash Cond: (mk.movie_id = t.id)
              ->  Seq Scan on movie_keyword mk  (cost=0.00..69693.30 rows=4523930 width=4) (actual time=0.023..1097.155 rows=4523930 loops=1)
              ->  Hash  (cost=73925.90..73925.90 rows=881686 width=4) (actual time=1371.957..1371.957 rows=801513 loops=1)
                    Buckets: 131072  Batches: 16  Memory Usage: 2792kB
                    ->  Seq Scan on title t  (cost=0.00..73925.90 rows=881686 width=4) (actual time=0.022..1063.639 rows=801513 loops=1)
                          Filter: ((production_year < 2006) AND (kind_id = 7))
                          Rows Removed by Filter: 1726799
Planning time: 1.196 ms
Execution time: 35561.988 ms
