Hash Join  (cost=105399.30..159646.42 rows=833718 width=0) (actual time=1741.313..3359.514 rows=866694 loops=1)
  Hash Cond: (mi_idx.movie_id = t.id)
  ->  Seq Scan on movie_info_idx mi_idx  (cost=0.00..25185.44 rows=915101 width=4) (actual time=0.024..453.869 rows=919850 loops=1)
        Filter: (info_type_id < 101)
        Rows Removed by Filter: 460185
  ->  Hash  (cost=67604.59..67604.59 rows=2303657 width=4) (actual time=1740.015..1740.015 rows=2295881 loops=1)
        Buckets: 131072  Batches: 32  Memory Usage: 3550kB
        ->  Seq Scan on title t  (cost=0.00..67604.59 rows=2303657 width=4) (actual time=0.020..1052.492 rows=2295881 loops=1)
              Filter: (production_year > 1948)
              Rows Removed by Filter: 232431
Planning time: 0.685 ms
Execution time: 3469.093 ms
