Hash Join  (cost=685115.85..2045180.52 rows=29905573 width=0) (actual time=19114.001..80773.152 rows=149660403 loops=1)
  Hash Cond: (ci.movie_id = t.id)
  ->  Seq Scan on cast_info ci  (cost=0.00..705507.15 rows=20598379 width=4) (actual time=0.016..12204.060 rows=20732117 loops=1)
        Filter: (person_id > 1529884)
        Rows Removed by Filter: 15512227
  ->  Hash  (cost=624888.11..624888.11 rows=3671019 width=8) (actual time=19110.615..19110.615 rows=7649288 loops=1)
        Buckets: 131072 (originally 131072)  Batches: 128 (originally 64)  Memory Usage: 3368kB
        ->  Hash Join  (cost=78556.72..624888.11 rows=3671019 width=8) (actual time=1333.525..16496.991 rows=7649288 loops=1)
              Hash Cond: (mi.movie_id = t.id)
              ->  Seq Scan on movie_info mi  (cost=0.00..346232.03 rows=13905379 width=4) (actual time=102.222..5829.635 rows=13949798 loops=1)
                    Filter: (info_type_id < 97)
                    Rows Removed by Filter: 885922
              ->  Hash  (cost=67604.59..67604.59 rows=667531 width=4) (actual time=1153.124..1153.124 rows=662825 loops=1)
                    Buckets: 131072  Batches: 16  Memory Usage: 2485kB
                    ->  Seq Scan on title t  (cost=0.00..67604.59 rows=667531 width=4) (actual time=109.210..942.402 rows=662825 loops=1)
                          Filter: (kind_id < 2)
                          Rows Removed by Filter: 1865487
Planning time: 1.124 ms
Execution time: 97642.936 ms
