Seq Scan on movie_keyword mk  (cost=0.00..81003.12 rows=246 width=0) (actual time=1.527..1048.511 rows=296 loops=1)
  Filter: (keyword_id = 2776)
  Rows Removed by Filter: 4523634
Planning time: 0.276 ms
Execution time: 1048.726 ms
