Hash Join  (cost=150141.05..275087.02 rows=241593 width=0) (actual time=2235.228..4357.116 rows=217198 loops=1)
  Hash Cond: (mk.movie_id = t.id)
  ->  Seq Scan on movie_keyword mk  (cost=0.00..69693.30 rows=4523930 width=4) (actual time=0.014..939.468 rows=4523930 loops=1)
  ->  Hash  (cost=147925.15..147925.15 rows=135032 width=8) (actual time=2234.063..2234.063 rows=54533 loops=1)
        Buckets: 131072  Batches: 2  Memory Usage: 2091kB
        ->  Hash Join  (cost=80562.70..147925.15 rows=135032 width=8) (actual time=1548.316..2217.739 rows=54533 loops=1)
              Hash Cond: (mc.movie_id = t.id)
              ->  Seq Scan on movie_companies mc  (cost=0.00..57926.93 rows=432318 width=4) (actual time=340.454..771.909 rows=246483 loops=1)
                    Filter: ((company_id < 2253) AND (company_type_id > 1))
                    Rows Removed by Filter: 2362646
              ->  Hash  (cost=67604.59..67604.59 rows=789769 width=4) (actual time=1207.038..1207.038 rows=784926 loops=1)
                    Buckets: 131072  Batches: 16  Memory Usage: 2749kB
                    ->  Seq Scan on title t  (cost=0.00..67604.59 rows=789769 width=4) (actual time=0.028..961.682 rows=784926 loops=1)
                          Filter: (production_year > 2007)
                          Rows Removed by Filter: 1743386
Planning time: 1.106 ms
Execution time: 4375.567 ms
