Hash Join  (cost=74259.27..828869.23 rows=382080 width=0) (actual time=951.852..18497.961 rows=203363 loops=1)
  Hash Cond: (ci.movie_id = t.id)
  ->  Seq Scan on cast_info ci  (cost=0.00..614943.12 rows=36225612 width=4) (actual time=0.027..6567.764 rows=36244344 loops=1)
  ->  Hash  (cost=73925.90..73925.90 rows=26669 width=4) (actual time=950.759..950.759 rows=67516 loops=1)
        Buckets: 131072 (originally 32768)  Batches: 1 (originally 1)  Memory Usage: 3398kB
        ->  Seq Scan on title t  (cost=0.00..73925.90 rows=26669 width=4) (actual time=56.925..925.186 rows=67516 loops=1)
              Filter: ((kind_id < 7) AND (production_year < 1916))
              Rows Removed by Filter: 2460796
Planning time: 0.708 ms
Execution time: 18527.233 ms
