Hash Join  (cost=126151.30..212816.60 rows=726 width=0) (actual time=1717.885..3322.546 rows=2973 loops=1)
  Hash Cond: (mk.movie_id = t.id)
  ->  Seq Scan on movie_keyword mk  (cost=0.00..69693.30 rows=4523930 width=4) (actual time=0.022..789.463 rows=4523930 loops=1)
  ->  Hash  (cost=126146.22..126146.22 rows=406 width=8) (actual time=1698.497..1698.497 rows=683 loops=1)
        Buckets: 1024  Batches: 1  Memory Usage: 35kB
        ->  Hash Join  (cost=67697.55..126146.22 rows=406 width=8) (actual time=971.459..1698.100 rows=683 loops=1)
              Hash Cond: (mc.movie_id = t.id)
              ->  Seq Scan on movie_companies mc  (cost=0.00..57926.93 rows=138048 width=4) (actual time=0.018..707.020 rows=62483 loops=1)
                    Filter: ((company_id < 139) AND (company_type_id > 1))
                    Rows Removed by Filter: 2546646
              ->  Hash  (cost=67604.59..67604.59 rows=7437 width=4) (actual time=970.852..970.852 rows=21312 loops=1)
                    Buckets: 32768 (originally 8192)  Batches: 1 (originally 1)  Memory Usage: 1006kB
                    ->  Seq Scan on title t  (cost=0.00..67604.59 rows=7437 width=4) (actual time=0.081..961.002 rows=21312 loops=1)
                          Filter: (production_year = 1989)
                          Rows Removed by Filter: 2507000
Planning time: 0.790 ms
Execution time: 3323.292 ms
