Hash Join  (cost=85282.22..988210.60 rows=1993838 width=0) (actual time=5063.479..13287.132 rows=386093 loops=1)
  Hash Cond: (ci.movie_id = t.id)
  ->  Seq Scan on cast_info ci  (cost=0.00..796071.18 rows=7283420 width=4) (actual time=3889.121..11128.497 rows=1608925 loops=1)
        Filter: ((person_id > 1514360) AND (role_id = 1))
        Rows Removed by Filter: 34635419
  ->  Hash  (cost=73925.90..73925.90 rows=692185 width=4) (actual time=1173.115..1173.115 rows=596495 loops=1)
        Buckets: 131072  Batches: 16  Memory Usage: 2332kB
        ->  Seq Scan on title t  (cost=0.00..73925.90 rows=692185 width=4) (actual time=0.042..986.953 rows=596495 loops=1)
              Filter: ((production_year < 2002) AND (kind_id = 7))
              Rows Removed by Filter: 1931817
Planning time: 0.782 ms
Execution time: 13337.259 ms
