Seq Scan on movie_companies mc  (cost=0.00..57926.93 rows=634556 width=0) (actual time=0.026..1045.696 rows=401579 loops=1)
  Filter: ((company_id < 11143) AND (company_type_id = 2))
  Rows Removed by Filter: 2207550
Planning time: 0.371 ms
Execution time: 1098.825 ms
