Seq Scan on cast_info ci  (cost=0.00..705507.15 rows=15927174 width=0) (actual time=1369.819..10200.182 rows=16055084 loops=1)
  Filter: (person_id > 2028555)
  Rows Removed by Filter: 20189260
Planning time: 0.306 ms
Execution time: 12191.968 ms
