Hash Join  (cost=102767.86..1150840.19 rows=10062225 width=0) (actual time=6446.884..25931.252 rows=12670688 loops=1)
  Hash Cond: (ci.movie_id = t.id)
  ->  Seq Scan on cast_info ci  (cost=0.00..796071.18 rows=10062225 width=4) (actual time=4884.997..13943.935 rows=12670688 loops=1)
        Filter: ((person_id < 2912712) AND (role_id < 2))
        Rows Removed by Filter: 23573656
  ->  Hash  (cost=61283.27..61283.27 rows=2528527 width=4) (actual time=1560.482..1560.482 rows=2528312 loops=1)
        Buckets: 131072  Batches: 64  Memory Usage: 2415kB
        ->  Seq Scan on title t  (cost=0.00..61283.27 rows=2528527 width=4) (actual time=0.026..728.485 rows=2528312 loops=1)
Planning time: 0.748 ms
Execution time: 27428.905 ms
