Seq Scan on movie_companies mc  (cost=0.00..51404.11 rows=3305 width=0) (actual time=0.430..642.639 rows=2265 loops=1)
  Filter: (company_id = 14002)
  Rows Removed by Filter: 2606864
Planning time: 0.327 ms
Execution time: 643.410 ms
