Seq Scan on movie_companies mc  (cost=0.00..51404.11 rows=1965111 width=0) (actual time=0.027..832.007 rows=1959817 loops=1)
  Filter: (company_id < 54943)
  Rows Removed by Filter: 649312
Planning time: 2.290 ms
Execution time: 1081.116 ms
