Hash Join  (cost=732024.72..2730373.95 rows=76262406 width=0) (actual time=20362.947..137862.256 rows=301045122 loops=1)
  Hash Cond: (ci.movie_id = t.id)
  ->  Seq Scan on cast_info ci  (cost=0.00..614943.12 rows=36225612 width=4) (actual time=0.021..10869.736 rows=36244344 loops=1)
  ->  Hash  (cost=644692.32..644692.32 rows=5323072 width=8) (actual time=20362.147..20362.147 rows=9845501 loops=1)
        Buckets: 131072 (originally 131072)  Batches: 256 (originally 128)  Memory Usage: 4045kB
        ->  Hash Join  (cost=83810.17..644692.32 rows=5323072 width=8) (actual time=1320.650..17376.760 rows=9845501 loops=1)
              Hash Cond: (mi.movie_id = t.id)
              ->  Seq Scan on movie_info mi  (cost=0.00..346232.03 rows=13626773 width=4) (actual time=0.013..5953.655 rows=13663090 loops=1)
                    Filter: (info_type_id < 46)
                    Rows Removed by Filter: 1172630
              ->  Hash  (cost=67604.59..67604.59 rows=987727 width=4) (actual time=1319.642..1319.642 rows=985048 loops=1)
                    Buckets: 131072  Batches: 16  Memory Usage: 3197kB
                    ->  Seq Scan on title t  (cost=0.00..67604.59 rows=987727 width=4) (actual time=0.032..999.167 rows=985048 loops=1)
                          Filter: (kind_id < 7)
                          Rows Removed by Filter: 1543264
Planning time: 1.138 ms
Execution time: 173307.426 ms
