Hash Join  (cost=465754.71..1582797.47 rows=8102964 width=0) (actual time=7743.704..40812.744 rows=22878443 loops=1)
  Hash Cond: (ci.movie_id = t.id)
  ->  Seq Scan on cast_info ci  (cost=0.00..614943.12 rows=36225612 width=4) (actual time=0.013..10513.754 rows=36244344 loops=1)
  ->  Hash  (cost=456474.93..456474.93 rows=565582 width=8) (actual time=7742.859..7742.859 rows=487631 loops=1)
        Buckets: 131072  Batches: 8  Memory Usage: 3372kB
        ->  Hash Join  (cost=80562.70..456474.93 rows=565582 width=8) (actual time=2784.023..7515.799 rows=487631 loops=1)
              Hash Cond: (mi.movie_id = t.id)
              ->  Seq Scan on movie_info mi  (cost=0.00..346232.03 rows=1810770 width=4) (actual time=900.499..4130.229 rows=1865632 loops=1)
                    Filter: (info_type_id > 17)
                    Rows Removed by Filter: 12970088
              ->  Hash  (cost=67604.59..67604.59 rows=789769 width=4) (actual time=1723.699..1723.699 rows=784926 loops=1)
                    Buckets: 131072  Batches: 16  Memory Usage: 2755kB
                    ->  Seq Scan on title t  (cost=0.00..67604.59 rows=789769 width=4) (actual time=0.035..843.529 rows=784926 loops=1)
                          Filter: (production_year > 2007)
                          Rows Removed by Filter: 1743386
Planning time: 1.119 ms
Execution time: 43367.458 ms
