Hash Join  (cost=114359.44..173566.33 rows=56651 width=0) (actual time=1781.189..3004.314 rows=38454 loops=1)
  Hash Cond: (mc.movie_id = t.id)
  ->  Seq Scan on movie_companies mc  (cost=0.00..51404.11 rows=1929671 width=4) (actual time=1.432..827.916 rows=1937554 loops=1)
        Filter: (company_id > 1076)
        Rows Removed by Filter: 671575
  ->  Hash  (cost=113431.54..113431.54 rows=74232 width=8) (actual time=1779.170..1779.170 rows=32289 loops=1)
        Buckets: 131072  Batches: 1  Memory Usage: 2286kB
        ->  Hash Join  (cost=80549.28..113431.54 rows=74232 width=8) (actual time=1240.993..1766.678 rows=32289 loops=1)
              Hash Cond: (mi_idx.movie_id = t.id)
              ->  Seq Scan on movie_info_idx mi_idx  (cost=0.00..25185.44 rows=464934 width=4) (actual time=0.013..408.189 rows=460185 loops=1)
                    Filter: (info_type_id > 100)
                    Rows Removed by Filter: 919850
              ->  Hash  (cost=73925.90..73925.90 rows=403710 width=4) (actual time=1057.243..1057.243 rows=434218 loops=1)
                    Buckets: 131072  Batches: 8  Memory Usage: 2935kB
                    ->  Seq Scan on title t  (cost=0.00..73925.90 rows=403710 width=4) (actual time=0.013..919.276 rows=434218 loops=1)
                          Filter: ((production_year > 2008) AND (kind_id = 7))
                          Rows Removed by Filter: 2094094
Planning time: 0.812 ms
Execution time: 3009.739 ms
