Hash Join  (cost=95523.84..183677.28 rows=16371 width=0) (actual time=1367.960..2696.123 rows=76675 loops=1)
  Hash Cond: (mk.movie_id = t.id)
  ->  Seq Scan on movie_keyword mk  (cost=0.00..81003.12 rows=1863095 width=4) (actual time=0.027..1044.059 rows=1868363 loops=1)
        Filter: (keyword_id > 7365)
        Rows Removed by Filter: 2655567
  ->  Hash  (cost=95246.11..95246.11 rows=22218 width=8) (actual time=1367.650..1367.650 rows=26998 loops=1)
        Buckets: 32768  Batches: 1  Memory Usage: 1311kB
        ->  Hash Join  (cost=68113.45..95246.11 rows=22218 width=8) (actual time=819.632..1358.620 rows=26998 loops=1)
              Hash Cond: (mi_idx.movie_id = t.id)
              ->  Seq Scan on movie_info_idx mi_idx  (cost=0.00..21735.35 rows=1380035 width=4) (actual time=0.019..217.429 rows=1380035 loops=1)
              ->  Hash  (cost=67604.59..67604.59 rows=40709 width=4) (actual time=819.274..819.274 rows=38955 loops=1)
                    Buckets: 65536  Batches: 1  Memory Usage: 1882kB
                    ->  Seq Scan on title t  (cost=0.00..67604.59 rows=40709 width=4) (actual time=0.023..803.202 rows=38955 loops=1)
                          Filter: (production_year = 1997)
                          Rows Removed by Filter: 2489357
Planning time: 1.119 ms
Execution time: 2704.906 ms
