Hash Join  (cost=799706.33..854373.47 rows=162 width=0) (actual time=13309.793..13890.191 rows=1 loops=1)
  Hash Cond: (mc.movie_id = t.id)
  ->  Seq Scan on movie_companies mc  (cost=0.00..44881.29 rows=2609129 width=4) (actual time=0.018..433.326 rows=2609129 loops=1)
  ->  Hash  (cost=799704.37..799704.37 rows=157 width=8) (actual time=13063.830..13063.830 rows=11 loops=1)
        Buckets: 1024  Batches: 1  Memory Usage: 9kB
        ->  Nested Loop  (cost=0.43..799704.37 rows=157 width=8) (actual time=1024.337..13063.816 rows=11 loops=1)
              ->  Seq Scan on cast_info ci  (cost=0.00..796071.18 rows=435 width=4) (actual time=1023.883..13061.587 rows=137 loops=1)
                    Filter: ((role_id < 10) AND (person_id = 704171))
                    Rows Removed by Filter: 36244207
              ->  Index Scan using title_pkey on title t  (cost=0.43..8.34 rows=1 width=4) (actual time=0.016..0.016 rows=0 loops=137)
                    Index Cond: (id = ci.movie_id)
                    Filter: ((kind_id > 4) AND (production_year > 1998))
                    Rows Removed by Filter: 1
Planning time: 1.188 ms
Execution time: 13890.329 ms
