Seq Scan on movie_companies mc  (cost=0.00..57926.93 rows=53 width=0) (actual time=217.278..629.582 rows=16 loops=1)
  Filter: ((company_id = 41843) AND (company_type_id = 2))
  Rows Removed by Filter: 2609113
Planning time: 0.363 ms
Execution time: 629.669 ms
