Hash Join  (cost=86616.10..480733.22 rows=938536 width=0) (actual time=4748.453..7847.546 rows=1020489 loops=1)
  Hash Cond: (mi.movie_id = t.id)
  ->  Seq Scan on movie_info mi  (cost=0.00..346232.03 rows=3068194 width=4) (actual time=3455.073..4756.981 rows=3036719 loops=1)
        Filter: (info_type_id = 16)
        Rows Removed by Filter: 11799001
  ->  Hash  (cost=73925.90..73925.90 rows=773456 width=4) (actual time=1292.031..1292.031 rows=683462 loops=1)
        Buckets: 131072  Batches: 16  Memory Usage: 2535kB
        ->  Seq Scan on title t  (cost=0.00..73925.90 rows=773456 width=4) (actual time=0.031..1076.296 rows=683462 loops=1)
              Filter: ((kind_id < 7) AND (production_year > 1977))
              Rows Removed by Filter: 1844850
Planning time: 1.727 ms
Execution time: 7972.487 ms
