Hash Join  (cost=106809.92..629430.81 rows=7091392 width=0) (actual time=1845.531..15485.725 rows=7341932 loops=1)
  Hash Cond: (mi.movie_id = t.id)
  ->  Seq Scan on movie_info mi  (cost=0.00..346232.03 rows=7503588 width=4) (actual time=0.021..5109.350 rows=7548855 loops=1)
        Filter: (info_type_id > 7)
        Rows Removed by Filter: 7286865
  ->  Hash  (cost=67604.59..67604.59 rows=2389627 width=4) (actual time=1844.667..1844.667 rows=2382866 loops=1)
        Buckets: 131072  Batches: 32  Memory Usage: 3653kB
        ->  Seq Scan on title t  (cost=0.00..67604.59 rows=2389627 width=4) (actual time=0.015..1106.106 rows=2382866 loops=1)
              Filter: (production_year > 1916)
              Rows Removed by Filter: 145446
Planning time: 1.111 ms
Execution time: 16350.987 ms
