Seq Scan on cast_info ci  (cost=0.00..796071.18 rows=176 width=0) (actual time=4082.188..8939.059 rows=427 loops=1)
  Filter: ((person_id = 1017818) AND (role_id = 1))
  Rows Removed by Filter: 36243917
Planning time: 0.438 ms
Execution time: 8939.218 ms
