Hash Join  (cost=317490.58..522534.99 rows=3277346 width=146) (actual time=8399.681..26184.150 rows=22979480 loops=1)
  Hash Cond: (mk.movie_id = t.id)
  ->  Seq Scan on movie_keyword mk  (cost=0.00..69693.30 rows=4523930 width=12) (actual time=0.019..1632.445 rows=4523930 loops=1)
  ->  Hash  (cost=258815.29..258815.29 rows=1831783 width=134) (actual time=8393.011..8393.011 rows=1532853 loops=1)
        Buckets: 32768  Batches: 128  Memory Usage: 1998kB
        ->  Hash Join  (cost=115798.52..258815.29 rows=1831783 width=134) (actual time=2934.333..7449.317 rows=1532853 loops=1)
              Hash Cond: (mc.movie_id = t.id)
              ->  Seq Scan on movie_companies mc  (cost=0.00..44881.29 rows=2609129 width=40) (actual time=0.020..965.146 rows=2609129 loops=1)
              ->  Hash  (cost=67604.59..67604.59 rows=1775195 width=94) (actual time=2933.577..2933.577 rows=1772072 loops=1)
                    Buckets: 32768  Batches: 64  Memory Usage: 3379kB
                    ->  Seq Scan on title t  (cost=0.00..67604.59 rows=1775195 width=94) (actual time=0.011..1631.131 rows=1772072 loops=1)
                          Filter: (production_year > 1989)
                          Rows Removed by Filter: 756240
Planning time: 1.290 ms
Execution time: 27473.956 ms
