Hash Join  (cost=169523.42..557376.11 rows=464694 width=0) (actual time=5072.820..9621.466 rows=1174051 loops=1)
  Hash Cond: (mi.movie_id = t.id)
  ->  Seq Scan on movie_info mi  (cost=0.00..346232.03 rows=3068194 width=4) (actual time=1933.545..4645.063 rows=3036719 loops=1)
        Filter: (info_type_id = 16)
        Rows Removed by Filter: 11799001
  ->  Hash  (cost=163240.43..163240.43 rows=382959 width=8) (actual time=3138.303..3138.303 rows=356233 loops=1)
        Buckets: 131072  Batches: 8  Memory Usage: 2773kB
        ->  Hash Join  (cost=94009.45..163240.43 rows=382959 width=8) (actual time=1577.374..3027.952 rows=356233 loops=1)
              Hash Cond: (mc.movie_id = t.id)
              ->  Seq Scan on movie_companies mc  (cost=0.00..51404.11 rows=601656 width=4) (actual time=0.034..746.246 rows=606753 loops=1)
                    Filter: (company_id > 65675)
                    Rows Removed by Filter: 2002376
              ->  Hash  (cost=67604.59..67604.59 rows=1609429 width=4) (actual time=1576.045..1576.045 rows=1607077 loops=1)
                    Buckets: 131072  Batches: 32  Memory Usage: 2791kB
                    ->  Seq Scan on title t  (cost=0.00..67604.59 rows=1609429 width=4) (actual time=0.026..1057.603 rows=1607077 loops=1)
                          Filter: (production_year > 1995)
                          Rows Removed by Filter: 921235
Planning time: 1.200 ms
Execution time: 9751.018 ms
