Hash Join  (cost=93117.31..187245.69 rows=1188583 width=0) (actual time=1533.147..4075.022 rows=1368547 loops=1)
  Hash Cond: (mc.movie_id = t.id)
  ->  Seq Scan on movie_companies mc  (cost=0.00..51404.11 rows=1932687 width=4) (actual time=0.019..896.637 rows=1940102 loops=1)
        Filter: (company_id > 1049)
        Rows Removed by Filter: 669027
  ->  Hash  (cost=67604.59..67604.59 rows=1555018 width=4) (actual time=1531.975..1531.975 rows=1551727 loops=1)
        Buckets: 131072  Batches: 32  Memory Usage: 2728kB
        ->  Seq Scan on title t  (cost=0.00..67604.59 rows=1555018 width=4) (actual time=0.014..1020.233 rows=1551727 loops=1)
              Filter: (production_year < 2007)
              Rows Removed by Filter: 976585
Planning time: 0.719 ms
Execution time: 4240.098 ms
