Seq Scan on movie_companies mc  (cost=0.00..51404.11 rows=959726 width=0) (actual time=0.032..745.878 rows=961026 loops=1)
  Filter: (company_id < 3910)
  Rows Removed by Filter: 1648103
Planning time: 0.503 ms
Execution time: 870.560 ms
