Hash Join  (cost=209939.24..353145.23 rows=1740395 width=0) (actual time=4358.459..9470.843 rows=7521895 loops=1)
  Hash Cond: (mk.movie_id = t.id)
  ->  Seq Scan on movie_keyword mk  (cost=0.00..69693.30 rows=4523930 width=4) (actual time=0.020..1163.547 rows=4523930 loops=1)
  ->  Hash  (cost=193979.92..193979.92 rows=972746 width=8) (actual time=4357.475..4357.475 rows=1136744 loops=1)
        Buckets: 131072  Batches: 16  Memory Usage: 3810kB
        ->  Hash Join  (cost=102767.86..193979.92 rows=972746 width=8) (actual time=1901.738..4006.597 rows=1136744 loops=1)
              Hash Cond: (mc.movie_id = t.id)
              ->  Seq Scan on movie_companies mc  (cost=0.00..57926.93 rows=972746 width=4) (actual time=239.999..1002.709 rows=1136744 loops=1)
                    Filter: ((company_id > 1265) AND (company_type_id = 2))
                    Rows Removed by Filter: 1472385
              ->  Hash  (cost=61283.27..61283.27 rows=2528527 width=4) (actual time=1660.456..1660.456 rows=2528312 loops=1)
                    Buckets: 131072  Batches: 64  Memory Usage: 2415kB
                    ->  Seq Scan on title t  (cost=0.00..61283.27 rows=2528527 width=4) (actual time=0.022..802.359 rows=2528312 loops=1)
Planning time: 1.133 ms
Execution time: 10276.566 ms
