Seq Scan on movie_companies mc  (cost=0.00..57926.93 rows=789516 width=0) (actual time=0.014..573.480 rows=494766 loops=1)
  Filter: ((company_id < 14504) AND (company_type_id > 1))
  Rows Removed by Filter: 2114363
Planning time: 0.307 ms
Execution time: 610.139 ms
