Hash Join  (cost=171645.95..723273.21 rows=5193554 width=0) (actual time=3388.003..16913.182 rows=6317106 loops=1)
  Hash Cond: (mi.movie_id = t.id)
  ->  Seq Scan on movie_info mi  (cost=0.00..346232.03 rows=12928982 width=4) (actual time=69.127..5529.135 rows=12970088 loops=1)
        Filter: (info_type_id < 18)
        Rows Removed by Filter: 1865632
  ->  Hash  (cost=154981.62..154981.62 rows=1015706 width=8) (actual time=3318.069..3318.069 rows=750135 loops=1)
        Buckets: 131072  Batches: 16  Memory Usage: 2874kB
        ->  Hash Join  (cost=98137.04..154981.62 rows=1015706 width=8) (actual time=1557.473..3101.565 rows=750135 loops=1)
              Hash Cond: (mi_idx.movie_id = t.id)
              ->  Seq Scan on movie_info_idx mi_idx  (cost=0.00..21735.35 rows=1380035 width=4) (actual time=0.024..394.342 rows=1380035 loops=1)
              ->  Hash  (cost=67604.59..67604.59 rows=1860996 width=4) (actual time=1556.762..1556.762 rows=1865487 loops=1)
                    Buckets: 131072  Batches: 32  Memory Usage: 3079kB
                    ->  Seq Scan on title t  (cost=0.00..67604.59 rows=1860996 width=4) (actual time=0.024..979.472 rows=1865487 loops=1)
                          Filter: (kind_id > 1)
                          Rows Removed by Filter: 662825
Planning time: 1.212 ms
Execution time: 17708.272 ms
