Hash Join  (cost=123984.52..471248.27 rows=408 width=0) (actual time=4017.015..5346.439 rows=109 loops=1)
  Hash Cond: (mi.movie_id = t.id)
  ->  Seq Scan on movie_info mi  (cost=0.00..346232.03 rows=274038 width=4) (actual time=2339.404..3656.416 rows=306788 loops=1)
        Filter: (info_type_id > 105)
        Rows Removed by Filter: 14528932
  ->  Hash  (cost=123937.48..123937.48 rows=3763 width=8) (actual time=1641.400..1641.400 rows=7401 loops=1)
        Buckets: 8192 (originally 4096)  Batches: 1 (originally 1)  Memory Usage: 354kB
        ->  Hash Join  (cost=67697.55..123937.48 rows=3763 width=8) (actual time=1083.962..1638.258 rows=7401 loops=1)
              Hash Cond: (mc.movie_id = t.id)
              ->  Seq Scan on movie_companies mc  (cost=0.00..51404.11 rows=1279517 width=4) (actual time=211.521..750.117 rows=1274246 loops=1)
                    Filter: (company_type_id = 1)
                    Rows Removed by Filter: 1334883
              ->  Hash  (cost=67604.59..67604.59 rows=7437 width=4) (actual time=669.561..669.561 rows=7670 loops=1)
                    Buckets: 8192  Batches: 1  Memory Usage: 334kB
                    ->  Seq Scan on title t  (cost=0.00..67604.59 rows=7437 width=4) (actual time=35.937..666.311 rows=7670 loops=1)
                          Filter: (production_year = 1915)
                          Rows Removed by Filter: 2520642
Planning time: 1.128 ms
Execution time: 5346.715 ms
