Hash Join  (cost=162729.85..661095.33 rows=1739355 width=0) (actual time=3585.298..15932.540 rows=1239644 loops=1)
  Hash Cond: (mi.movie_id = t.id)
  ->  Seq Scan on movie_info mi  (cost=0.00..309384.22 rows=14739122 width=4) (actual time=3.657..5927.871 rows=14835720 loops=1)
  ->  Hash  (cost=157833.98..157833.98 rows=298390 width=8) (actual time=3579.721..3579.721 rows=167483 loops=1)
        Buckets: 131072  Batches: 4  Memory Usage: 2689kB
        ->  Hash Join  (cost=78670.55..157833.98 rows=298390 width=8) (actual time=1410.144..3523.926 rows=167483 loops=1)
              Hash Cond: (mc.movie_id = t.id)
              ->  Seq Scan on movie_companies mc  (cost=0.00..44881.29 rows=2609129 width=4) (actual time=0.025..924.256 rows=2609129 loops=1)
              ->  Hash  (cost=73925.90..73925.90 rows=289172 width=4) (actual time=1409.184..1409.184 rows=292674 loops=1)
                    Buckets: 131072  Batches: 4  Memory Usage: 3617kB
                    ->  Seq Scan on title t  (cost=0.00..73925.90 rows=289172 width=4) (actual time=0.024..1308.894 rows=292674 loops=1)
                          Filter: ((kind_id > 1) AND (production_year > 2010))
                          Rows Removed by Filter: 2235638
Planning time: 1.008 ms
Execution time: 16101.316 ms
