Seq Scan on cast_info ci  (cost=0.00..796071.18 rows=6025999 width=0) (actual time=3549.708..12966.459 rows=7451973 loops=1)
  Filter: ((person_id < 3014837) AND (role_id = 2))
  Rows Removed by Filter: 28792371
Planning time: 0.417 ms
Execution time: 13863.875 ms
