Seq Scan on cast_info ci  (cost=0.00..796071.18 rows=8355619 width=0) (actual time=0.027..12857.232 rows=12670688 loops=1)
  Filter: ((person_id < 2428251) AND (role_id = 1))
  Rows Removed by Filter: 23573656
Planning time: 0.418 ms
Execution time: 14430.493 ms
