Seq Scan on movie_companies mc  (cost=0.00..57926.93 rows=711557 width=0) (actual time=320.537..851.924 rows=496613 loops=1)
  Filter: ((company_id > 9152) AND (company_type_id < 2))
  Rows Removed by Filter: 2112516
Planning time: 0.324 ms
Execution time: 916.836 ms
