Hash Join  (cost=190230.21..344054.30 rows=2162192 width=0) (actual time=3785.731..8775.189 rows=9115169 loops=1)
  Hash Cond: (mk.movie_id = t.id)
  ->  Seq Scan on movie_keyword mk  (cost=0.00..81003.12 rows=3961611 width=4) (actual time=0.022..1486.809 rows=3964336 loops=1)
        Filter: (keyword_id < 32885)
        Rows Removed by Filter: 559594
  ->  Hash  (cost=167588.78..167588.78 rows=1380035 width=8) (actual time=3784.824..3784.824 rows=1380035 loops=1)
        Buckets: 131072  Batches: 32  Memory Usage: 2726kB
        ->  Hash Join  (cost=102767.86..167588.78 rows=1380035 width=8) (actual time=1483.545..3375.673 rows=1380035 loops=1)
              Hash Cond: (mi_idx.movie_id = t.id)
              ->  Seq Scan on movie_info_idx mi_idx  (cost=0.00..21735.35 rows=1380035 width=4) (actual time=0.025..415.646 rows=1380035 loops=1)
              ->  Hash  (cost=61283.27..61283.27 rows=2528527 width=4) (actual time=1482.413..1482.413 rows=2528312 loops=1)
                    Buckets: 131072  Batches: 64  Memory Usage: 2415kB
                    ->  Seq Scan on title t  (cost=0.00..61283.27 rows=2528527 width=4) (actual time=0.062..740.994 rows=2528312 loops=1)
Planning time: 1.099 ms
Execution time: 9643.575 ms
