Hash Join  (cost=146293.03..529535.87 rows=38446 width=0) (actual time=1329.379..7167.987 rows=512323 loops=1)
  Hash Cond: (mi.movie_id = t.id)
  ->  Seq Scan on movie_info mi  (cost=0.00..346232.03 rows=9767026 width=4) (actual time=183.814..4239.053 rows=9911754 loops=1)
        Filter: (info_type_id > 4)
        Rows Removed by Filter: 4923966
  ->  Hash  (cost=146168.62..146168.62 rows=9953 width=8) (actual time=1144.858..1144.858 rows=10799 loops=1)
        Buckets: 16384  Batches: 1  Memory Usage: 550kB
        ->  Nested Loop  (cost=0.43..146168.62 rows=9953 width=8) (actual time=1.620..1138.917 rows=10799 loops=1)
              ->  Seq Scan on movie_keyword mk  (cost=0.00..81003.12 rows=9953 width=4) (actual time=1.535..989.361 rows=10799 loops=1)
                    Filter: (keyword_id = 347)
                    Rows Removed by Filter: 4513131
              ->  Index Only Scan using title_pkey on title t  (cost=0.43..6.54 rows=1 width=4) (actual time=0.013..0.013 rows=1 loops=10799)
                    Index Cond: (id = mk.movie_id)
                    Heap Fetches: 10799
Planning time: 1.128 ms
Execution time: 7237.854 ms
