Seq Scan on movie_keyword mk  (cost=0.00..81003.12 rows=246 width=0) (actual time=112.966..1105.055 rows=19 loops=1)
  Filter: (keyword_id = 23329)
  Rows Removed by Filter: 4523911
Planning time: 0.328 ms
Execution time: 1105.172 ms
