Seq Scan on movie_companies mc  (cost=0.00..51404.11 rows=291177 width=0) (actual time=0.018..854.109 rows=298533 loops=1)
  Filter: (company_id > 94611)
  Rows Removed by Filter: 2310596
Planning time: 0.328 ms
Execution time: 897.865 ms
