Hash Join  (cost=180810.58..293003.57 rows=366916 width=0) (actual time=3513.167..6281.765 rows=1408807 loops=1)
  Hash Cond: (mk.movie_id = t.id)
  ->  Seq Scan on movie_keyword mk  (cost=0.00..81003.12 rows=2240188 width=4) (actual time=0.021..1406.150 rows=2236801 loops=1)
        Filter: (keyword_id > 4853)
        Rows Removed by Filter: 2287129
  ->  Hash  (cost=174015.79..174015.79 rows=414143 width=8) (actual time=3512.134..3512.134 rows=414124 loops=1)
        Buckets: 131072  Batches: 8  Memory Usage: 3063kB
        ->  Hash Join  (cost=102767.86..174015.79 rows=414143 width=8) (actual time=1976.115..3381.629 rows=414124 loops=1)
              Hash Cond: (mc.movie_id = t.id)
              ->  Seq Scan on movie_companies mc  (cost=0.00..51404.11 rows=414143 width=4) (actual time=0.039..668.892 rows=414124 loops=1)
                    Filter: (company_id < 284)
                    Rows Removed by Filter: 2195005
              ->  Hash  (cost=61283.27..61283.27 rows=2528527 width=4) (actual time=1974.806..1974.806 rows=2528312 loops=1)
                    Buckets: 131072  Batches: 64  Memory Usage: 2415kB
                    ->  Seq Scan on title t  (cost=0.00..61283.27 rows=2528527 width=4) (actual time=0.019..858.183 rows=2528312 loops=1)
Planning time: 1.116 ms
Execution time: 6450.587 ms
