Seq Scan on cast_info ci  (cost=0.00..705507.15 rows=500 width=0) (actual time=803.418..9211.464 rows=614 loops=1)
  Filter: (person_id = 2958400)
  Rows Removed by Filter: 36243730
Planning time: 0.309 ms
Execution time: 9211.617 ms
