Nested Loop  (cost=0.43..709671.90 rows=500 width=0) (actual time=3281.412..8519.092 rows=12 loops=1)
  ->  Seq Scan on cast_info ci  (cost=0.00..705507.15 rows=500 width=4) (actual time=3281.321..8518.702 rows=12 loops=1)
        Filter: (person_id = 3156645)
        Rows Removed by Filter: 36244332
  ->  Index Only Scan using title_pkey on title t  (cost=0.43..8.32 rows=1 width=4) (actual time=0.026..0.027 rows=1 loops=12)
        Index Cond: (id = ci.movie_id)
        Heap Fetches: 12
Planning time: 0.760 ms
Execution time: 8519.171 ms
