Hash Join  (cost=83074.74..109986.57 rows=134 width=0) (actual time=979.295..1461.367 rows=213 loops=1)
  Hash Cond: (mi_idx.movie_id = t.id)
  ->  Seq Scan on movie_info_idx mi_idx  (cost=0.00..21735.35 rows=1380035 width=4) (actual time=0.021..223.682 rows=1380035 loops=1)
  ->  Hash  (cost=83071.67..83071.67 rows=246 width=8) (actual time=975.100..975.100 rows=104 loops=1)
        Buckets: 1024  Batches: 1  Memory Usage: 13kB
        ->  Nested Loop  (cost=0.43..83071.67 rows=246 width=8) (actual time=23.876..974.958 rows=104 loops=1)
              ->  Seq Scan on movie_keyword mk  (cost=0.00..81003.12 rows=246 width=4) (actual time=23.763..971.715 rows=104 loops=1)
                    Filter: (keyword_id = 43464)
                    Rows Removed by Filter: 4523826
              ->  Index Only Scan using title_pkey on title t  (cost=0.43..8.40 rows=1 width=4) (actual time=0.027..0.028 rows=1 loops=104)
                    Index Cond: (id = mk.movie_id)
                    Heap Fetches: 104
Planning time: 1.136 ms
Execution time: 1461.528 ms
