Hash Join  (cost=102767.86..181666.45 rows=732091 width=0) (actual time=1753.562..3456.836 rows=726128 loops=1)
  Hash Cond: (mc.movie_id = t.id)
  ->  Seq Scan on movie_companies mc  (cost=0.00..51404.11 rows=732091 width=4) (actual time=0.027..746.746 rows=726128 loops=1)
        Filter: (company_id < 1412)
        Rows Removed by Filter: 1883001
  ->  Hash  (cost=61283.27..61283.27 rows=2528527 width=4) (actual time=1752.734..1752.734 rows=2528312 loops=1)
        Buckets: 131072  Batches: 64  Memory Usage: 2415kB
        ->  Seq Scan on title t  (cost=0.00..61283.27 rows=2528527 width=4) (actual time=0.018..756.259 rows=2528312 loops=1)
Planning time: 0.732 ms
Execution time: 3541.245 ms
