Seq Scan on cast_info ci  (cost=0.00..796071.18 rows=396 width=0) (actual time=7712.509..12075.611 rows=60 loops=1)
  Filter: ((role_id < 8) AND (person_id = 680624))
  Rows Removed by Filter: 36244284
Planning time: 0.364 ms
Execution time: 12075.750 ms
