Hash Join  (cost=583161.40..1853732.25 rows=10067322 width=0) (actual time=15298.757..54555.358 rows=50060068 loops=1)
  Hash Cond: (ci.movie_id = t.id)
  ->  Seq Scan on cast_info ci  (cost=0.00..705507.15 rows=25855044 width=4) (actual time=0.018..12189.784 rows=25861301 loops=1)
        Filter: (person_id < 2672533)
        Rows Removed by Filter: 10383043
  ->  Hash  (cost=567008.56..567008.56 rows=984547 width=8) (actual time=15295.552..15295.552 rows=3093834 loops=1)
        Buckets: 131072 (originally 131072)  Batches: 64 (originally 16)  Memory Usage: 3073kB
        ->  Hash Join  (cost=76697.17..567008.56 rows=984547 width=8) (actual time=995.598..13585.239 rows=3093834 loops=1)
              Hash Cond: (mi.movie_id = t.id)
              ->  Seq Scan on movie_info mi  (cost=0.00..309384.22 rows=14739122 width=4) (actual time=0.020..4363.109 rows=14835720 loops=1)
              ->  Hash  (cost=73925.90..73925.90 rows=168901 width=4) (actual time=994.837..994.837 rows=269915 loops=1)
                    Buckets: 131072  Batches: 4  Memory Usage: 3407kB
                    ->  Seq Scan on title t  (cost=0.00..73925.90 rows=168901 width=4) (actual time=0.018..904.722 rows=269915 loops=1)
                          Filter: ((kind_id < 7) AND (production_year < 1974))
                          Rows Removed by Filter: 2258397
Planning time: 1.112 ms
Execution time: 60372.240 ms
