Seq Scan on cast_info ci  (cost=0.00..705507.15 rows=500 width=0) (actual time=8138.615..8606.472 rows=44 loops=1)
  Filter: (person_id = 3505631)
  Rows Removed by Filter: 36244300
Planning time: 0.315 ms
Execution time: 8606.625 ms
