Hash Join  (cost=167006.35..565671.59 rows=107591 width=0) (actual time=3357.422..11882.444 rows=73342 loops=1)
  Hash Cond: (mi.movie_id = t.id)
  ->  Seq Scan on movie_info mi  (cost=0.00..346232.03 rows=13695283 width=4) (actual time=0.021..6431.089 rows=13733400 loops=1)
        Filter: (info_type_id < 66)
        Rows Removed by Filter: 1102320
  ->  Hash  (cost=166758.05..166758.05 rows=19864 width=8) (actual time=3198.612..3198.612 rows=7248 loops=1)
        Buckets: 32768  Batches: 1  Memory Usage: 540kB
        ->  Hash Join  (cost=74131.99..166758.05 rows=19864 width=8) (actual time=1934.698..3196.153 rows=7248 loops=1)
              Hash Cond: (mk.movie_id = t.id)
              ->  Seq Scan on movie_keyword mk  (cost=0.00..81003.12 rows=3046479 width=4) (actual time=0.018..1569.595 rows=3030804 loops=1)
                    Filter: (keyword_id > 2134)
                    Rows Removed by Filter: 1493126
              ->  Hash  (cost=73925.90..73925.90 rows=16487 width=4) (actual time=1139.031..1139.031 rows=16247 loops=1)
                    Buckets: 32768  Batches: 1  Memory Usage: 828kB
                    ->  Seq Scan on title t  (cost=0.00..73925.90 rows=16487 width=4) (actual time=0.016..1131.953 rows=16247 loops=1)
                          Filter: ((kind_id = 7) AND (production_year = 1993))
                          Rows Removed by Filter: 2512065
Planning time: 1.196 ms
Execution time: 11892.119 ms
