Hash Join  (cost=102767.86..231658.64 rows=1579548 width=0) (actual time=1699.249..4686.000 rows=1594135 loops=1)
  Hash Cond: (mk.movie_id = t.id)
  ->  Seq Scan on movie_keyword mk  (cost=0.00..81003.12 rows=1579548 width=4) (actual time=0.019..1352.600 rows=1594135 loops=1)
        Filter: (keyword_id > 9664)
        Rows Removed by Filter: 2929795
  ->  Hash  (cost=61283.27..61283.27 rows=2528527 width=4) (actual time=1695.600..1695.600 rows=2528312 loops=1)
        Buckets: 131072  Batches: 64  Memory Usage: 2425kB
        ->  Seq Scan on title t  (cost=0.00..61283.27 rows=2528527 width=4) (actual time=0.019..833.791 rows=2528312 loops=1)
Planning time: 0.755 ms
Execution time: 4880.914 ms
