Hash Join  (cost=82871.49..222000.43 rows=880161 width=0) (actual time=1258.101..5190.634 rows=2425716 loops=1)
  Hash Cond: (mk.movie_id = t.id)
  ->  Seq Scan on movie_keyword mk  (cost=0.00..81003.12 rows=4081654 width=4) (actual time=0.021..1498.533 rows=4084776 loops=1)
        Filter: (keyword_id < 40103)
        Rows Removed by Filter: 439154
  ->  Hash  (cost=73925.90..73925.90 rows=545247 width=4) (actual time=1257.035..1257.035 rows=557319 loops=1)
        Buckets: 131072  Batches: 8  Memory Usage: 3494kB
        ->  Seq Scan on title t  (cost=0.00..73925.90 rows=545247 width=4) (actual time=381.382..1074.957 rows=557319 loops=1)
              Filter: ((production_year < 2011) AND (kind_id = 1))
              Rows Removed by Filter: 1970993
Planning time: 7.644 ms
Execution time: 5501.028 ms
