Seq Scan on title t  (cost=0.00..73925.90 rows=205573 width=0) (actual time=211.638..640.641 rows=336290 loops=1)
  Filter: ((kind_id < 2) AND (production_year < 1994))
  Rows Removed by Filter: 2192022
Planning time: 0.307 ms
Execution time: 671.077 ms
