Hash Join  (cost=85280.32..868902.14 rows=1990058 width=0) (actual time=3719.523..14762.528 rows=1367418 loops=1)
  Hash Cond: (ci.movie_id = t.id)
  ->  Seq Scan on cast_info ci  (cost=0.00..705507.15 rows=4670689 width=4) (actual time=2571.433..10878.118 rows=4639136 loops=1)
        Filter: (role_id > 9)
        Rows Removed by Filter: 31605208
  ->  Hash  (cost=67604.59..67604.59 rows=1077339 width=4) (actual time=1146.857..1146.857 rows=1074765 loops=1)
        Buckets: 131072  Batches: 16  Memory Usage: 3388kB
        ->  Seq Scan on title t  (cost=0.00..67604.59 rows=1077339 width=4) (actual time=0.028..859.807 rows=1074765 loops=1)
              Filter: (production_year < 2001)
              Rows Removed by Filter: 1453547
Planning time: 0.718 ms
Execution time: 14928.838 ms
