Hash Join  (cost=203709.52..934859.26 rows=354704 width=0) (actual time=3980.927..16853.094 rows=1207054 loops=1)
  Hash Cond: (ci.movie_id = t.id)
  ->  Seq Scan on cast_info ci  (cost=0.00..705507.15 rows=1736414 width=4) (actual time=0.032..11321.821 rows=1703543 loops=1)
        Filter: (role_id = 8)
        Rows Removed by Filter: 34540801
  ->  Hash  (cost=195235.12..195235.12 rows=516512 width=8) (actual time=3979.753..3979.753 rows=1181037 loops=1)
        Buckets: 131072 (originally 131072)  Batches: 16 (originally 8)  Memory Usage: 3965kB
        ->  Hash Join  (cost=89241.26..195235.12 rows=516512 width=8) (actual time=1314.081..3685.471 rows=1181037 loops=1)
              Hash Cond: (mk.movie_id = t.id)
              ->  Seq Scan on movie_keyword mk  (cost=0.00..81003.12 rows=1399099 width=4) (actual time=0.025..1357.735 rows=1412953 loops=1)
                    Filter: (keyword_id > 11824)
                    Rows Removed by Filter: 3110977
              ->  Hash  (cost=73925.90..73925.90 rows=933468 width=4) (actual time=1313.147..1313.147 rows=904427 loops=1)
                    Buckets: 131072  Batches: 16  Memory Usage: 3021kB
                    ->  Seq Scan on title t  (cost=0.00..73925.90 rows=933468 width=4) (actual time=0.028..1020.163 rows=904427 loops=1)
                          Filter: ((kind_id < 7) AND (production_year > 1916))
                          Rows Removed by Filter: 1623885
Planning time: 1.185 ms
Execution time: 16990.108 ms
