Hash Join  (cost=83810.17..1240368.01 rows=11292857 width=0) (actual time=1189.514..32442.625 rows=11787559 loops=1)
  Hash Cond: (ci.movie_id = t.id)
  ->  Seq Scan on cast_info ci  (cost=0.00..705507.15 rows=28909096 width=4) (actual time=0.014..12811.458 rows=28868337 loops=1)
        Filter: (person_id < 2932826)
        Rows Removed by Filter: 7376007
  ->  Hash  (cost=67604.59..67604.59 rows=987727 width=4) (actual time=1188.434..1188.434 rows=985048 loops=1)
        Buckets: 131072  Batches: 16  Memory Usage: 3188kB
        ->  Seq Scan on title t  (cost=0.00..67604.59 rows=987727 width=4) (actual time=0.021..885.238 rows=985048 loops=1)
              Filter: (kind_id < 7)
              Rows Removed by Filter: 1543264
Planning time: 0.712 ms
Execution time: 33731.446 ms
