Hash Join  (cost=96184.51..608132.10 rows=5084540 width=0) (actual time=1585.711..11591.988 rows=1869598 loops=1)
  Hash Cond: (mi.movie_id = t.id)
  ->  Seq Scan on movie_info mi  (cost=0.00..346232.03 rows=9476311 width=4) (actual time=172.570..5150.598 rows=9565151 loops=1)
        Filter: (info_type_id < 16)
        Rows Removed by Filter: 5270569
  ->  Hash  (cost=73925.90..73925.90 rows=1356688 width=4) (actual time=1412.040..1412.040 rows=1327781 loops=1)
        Buckets: 131072  Batches: 32  Memory Usage: 2485kB
        ->  Seq Scan on title t  (cost=0.00..73925.90 rows=1356688 width=4) (actual time=0.030..1013.052 rows=1327781 loops=1)
              Filter: ((production_year < 2012) AND (kind_id = 7))
              Rows Removed by Filter: 1200531
Planning time: 0.828 ms
Execution time: 11790.307 ms
