Seq Scan on cast_info ci  (cost=0.00..796071.18 rows=3005718 width=0) (actual time=2347.955..11999.316 rows=4673313 loops=1)
  Filter: ((person_id > 3214622) AND (role_id > 1))
  Rows Removed by Filter: 31571031
Planning time: 2.671 ms
Execution time: 12605.110 ms
