Hash Join  (cost=94978.31..1363783.93 rows=15848411 width=0) (actual time=1487.028..36905.925 rows=17567750 loops=1)
  Hash Cond: (ci.movie_id = t.id)
  ->  Seq Scan on cast_info ci  (cost=0.00..796071.18 rows=24018066 width=4) (actual time=0.044..16050.329 rows=26249039 loops=1)
        Filter: ((person_id < 2823847) AND (role_id < 10))
        Rows Removed by Filter: 9995305
  ->  Hash  (cost=67604.59..67604.59 rows=1668458 width=4) (actual time=1486.076..1486.076 rows=1671292 loops=1)
        Buckets: 131072  Batches: 32  Memory Usage: 2858kB
        ->  Seq Scan on title t  (cost=0.00..67604.59 rows=1668458 width=4) (actual time=0.023..981.983 rows=1671292 loops=1)
              Filter: (production_year < 2008)
              Rows Removed by Filter: 857020
Planning time: 0.794 ms
Execution time: 39073.142 ms
