Hash Join  (cost=86252.72..635396.01 rows=4088517 width=0) (actual time=1223.694..15654.616 rows=8329309 loops=1)
  Hash Cond: (mi.movie_id = t.id)
  ->  Seq Scan on movie_info mi  (cost=0.00..346232.03 rows=13759225 width=4) (actual time=0.024..5924.561 rows=13795839 loops=1)
        Filter: (info_type_id < 81)
        Rows Removed by Filter: 1039881
  ->  Hash  (cost=73925.90..73925.90 rows=751345 width=4) (actual time=1222.819..1222.819 rows=793943 loops=1)
        Buckets: 131072  Batches: 16  Memory Usage: 2780kB
        ->  Seq Scan on title t  (cost=0.00..73925.90 rows=751345 width=4) (actual time=0.025..971.884 rows=793943 loops=1)
              Filter: ((kind_id < 7) AND (production_year < 2010))
              Rows Removed by Filter: 1734369
Planning time: 0.736 ms
Execution time: 16553.913 ms
