Hash Join  (cost=94699.36..190699.32 rows=6392 width=0) (actual time=1361.194..3226.103 rows=66810 loops=1)
  Hash Cond: (mk.movie_id = t.id)
  ->  Seq Scan on movie_keyword mk  (cost=0.00..81003.12 rows=3982112 width=4) (actual time=0.009..1311.912 rows=3981769 loops=1)
        Filter: (keyword_id > 383)
        Rows Removed by Filter: 542161
  ->  Hash  (cost=94648.62..94648.62 rows=4059 width=8) (actual time=1352.797..1352.797 rows=8673 loops=1)
        Buckets: 16384 (originally 4096)  Batches: 1 (originally 1)  Memory Usage: 467kB
        ->  Hash Join  (cost=67697.55..94648.62 rows=4059 width=8) (actual time=826.771..1349.471 rows=8673 loops=1)
              Hash Cond: (mi_idx.movie_id = t.id)
              ->  Seq Scan on movie_info_idx mi_idx  (cost=0.00..21735.35 rows=1380035 width=4) (actual time=0.026..222.993 rows=1380035 loops=1)
              ->  Hash  (cost=67604.59..67604.59 rows=7437 width=4) (actual time=826.586..826.586 rows=15000 loops=1)
                    Buckets: 16384 (originally 8192)  Batches: 1 (originally 1)  Memory Usage: 656kB
                    ->  Seq Scan on title t  (cost=0.00..67604.59 rows=7437 width=4) (actual time=0.176..819.559 rows=15000 loops=1)
                          Filter: (production_year = 1970)
                          Rows Removed by Filter: 2513312
Planning time: 1.178 ms
Execution time: 3234.149 ms
