Hash Join  (cost=76428.64..1029473.89 rows=775434 width=0) (actual time=893.678..21959.714 rows=183711 loops=1)
  Hash Cond: (ci.movie_id = t.id)
  ->  Seq Scan on cast_info ci  (cost=0.00..796071.18 rows=12853795 width=4) (actual time=0.018..13442.517 rows=19033202 loops=1)
        Filter: ((person_id > 1611080) AND (role_id > 1))
        Rows Removed by Filter: 17211142
  ->  Hash  (cost=73925.90..73925.90 rows=152539 width=4) (actual time=881.089..881.089 rows=53426 loops=1)
        Buckets: 131072  Batches: 2  Memory Usage: 1963kB
        ->  Seq Scan on title t  (cost=0.00..73925.90 rows=152539 width=4) (actual time=0.037..860.166 rows=53426 loops=1)
              Filter: ((production_year < 1961) AND (kind_id = 7))
              Rows Removed by Filter: 2474886
Planning time: 0.787 ms
Execution time: 21985.815 ms
