Seq Scan on movie_companies mc  (cost=0.00..57926.93 rows=832093 width=0) (actual time=0.024..775.201 rows=521443 loops=1)
  Filter: ((company_id < 17137) AND (company_type_id > 1))
  Rows Removed by Filter: 2087686
Planning time: 0.357 ms
Execution time: 829.714 ms
