Seq Scan on cast_info ci  (cost=0.00..705507.15 rows=500 width=0) (actual time=4975.105..8408.464 rows=4 loops=1)
  Filter: (person_id = 3019313)
  Rows Removed by Filter: 36244340
Planning time: 0.371 ms
Execution time: 8408.574 ms
