Hash Join  (cost=365418.15..1675916.30 rows=30498692 width=0) (actual time=7087.217..53454.842 rows=98915021 loops=1)
  Hash Cond: (ci.movie_id = t.id)
  ->  Seq Scan on cast_info ci  (cost=0.00..705507.15 rows=17046410 width=4) (actual time=0.028..11500.935 rows=17173222 loops=1)
        Filter: (person_id > 1904475)
        Rows Removed by Filter: 19071122
  ->  Hash  (cost=291197.02..291197.02 rows=4523930 width=8) (actual time=7085.791..7085.791 rows=4523930 loops=1)
        Buckets: 131072  Batches: 64  Memory Usage: 3816kB
        ->  Hash Join  (cost=102767.86..291197.02 rows=4523930 width=8) (actual time=1739.928..6025.326 rows=4523930 loops=1)
              Hash Cond: (mk.movie_id = t.id)
              ->  Seq Scan on movie_keyword mk  (cost=0.00..69693.30 rows=4523930 width=4) (actual time=0.036..1096.545 rows=4523930 loops=1)
              ->  Hash  (cost=61283.27..61283.27 rows=2528527 width=4) (actual time=1736.679..1736.679 rows=2528312 loops=1)
                    Buckets: 131072  Batches: 64  Memory Usage: 2425kB
                    ->  Seq Scan on title t  (cost=0.00..61283.27 rows=2528527 width=4) (actual time=0.012..870.836 rows=2528312 loops=1)
Planning time: 1.114 ms
Execution time: 64399.000 ms
