Hash Join  (cost=216648.75..1094986.23 rows=2180996 width=0) (actual time=5331.431..22801.395 rows=3974932 loops=1)
  Hash Cond: (ci.movie_id = t.id)
  ->  Seq Scan on cast_info ci  (cost=0.00..796071.18 rows=4843823 width=4) (actual time=0.015..12383.928 rows=5600696 loops=1)
        Filter: ((person_id < 2460364) AND (role_id = 2))
        Rows Removed by Filter: 30643648
  ->  Hash  (cost=197969.47..197969.47 rows=1138503 width=8) (actual time=5329.734..5329.734 rows=1248500 loops=1)
        Buckets: 131072  Batches: 16  Memory Usage: 4063kB
        ->  Hash Join  (cost=102767.86..197969.47 rows=1138503 width=8) (actual time=1746.070..4949.513 rows=1248500 loops=1)
              Hash Cond: (mc.movie_id = t.id)
              ->  Seq Scan on movie_companies mc  (cost=0.00..57926.93 rows=1138503 width=4) (actual time=0.020..1045.789 rows=1248500 loops=1)
                    Filter: ((company_id > 217) AND (company_type_id > 1))
                    Rows Removed by Filter: 1360629
              ->  Hash  (cost=61283.27..61283.27 rows=2528527 width=4) (actual time=1745.003..1745.003 rows=2528312 loops=1)
                    Buckets: 131072  Batches: 64  Memory Usage: 2415kB
                    ->  Seq Scan on title t  (cost=0.00..61283.27 rows=2528527 width=4) (actual time=0.014..762.366 rows=2528312 loops=1)
Planning time: 0.699 ms
Execution time: 23232.275 ms
