Seq Scan on movie_companies mc  (cost=0.00..51404.11 rows=1636125 width=0) (actual time=0.009..884.143 rows=1624737 loops=1)
  Filter: (company_id < 17247)
  Rows Removed by Filter: 984392
Planning time: 0.325 ms
Execution time: 1094.789 ms
