Hash Join  (cost=263115.61..1603879.13 rows=26454282 width=0) (actual time=6481.671..49684.194 rows=54412463 loops=1)
  Hash Cond: (ci.movie_id = t.id)
  ->  Seq Scan on cast_info ci  (cost=0.00..705507.15 rows=25637048 width=4) (actual time=0.026..12679.855 rows=25651093 loops=1)
        Filter: (person_id < 2649266)
        Rows Removed by Filter: 10593251
  ->  Hash  (cost=220309.49..220309.49 rows=2609129 width=8) (actual time=6479.509..6479.509 rows=2609129 loops=1)
        Buckets: 131072  Batches: 64  Memory Usage: 2610kB
        ->  Hash Join  (cost=102767.86..220309.49 rows=2609129 width=8) (actual time=1632.232..5688.631 rows=2609129 loops=1)
              Hash Cond: (mc.movie_id = t.id)
              ->  Seq Scan on movie_companies mc  (cost=0.00..44881.29 rows=2609129 width=4) (actual time=0.027..724.554 rows=2609129 loops=1)
              ->  Hash  (cost=61283.27..61283.27 rows=2528527 width=4) (actual time=1631.557..1631.557 rows=2528312 loops=1)
                    Buckets: 131072  Batches: 64  Memory Usage: 2415kB
                    ->  Seq Scan on title t  (cost=0.00..61283.27 rows=2528527 width=4) (actual time=0.017..774.996 rows=2528312 loops=1)
Planning time: 1.150 ms
Execution time: 56414.425 ms
