Seq Scan on movie_companies mc  (cost=0.00..57926.93 rows=623781 width=0) (actual time=0.028..866.995 rows=852531 loops=1)
  Filter: ((company_id < 11196) AND (company_type_id = 1))
  Rows Removed by Filter: 1756598
Planning time: 0.401 ms
Execution time: 983.059 ms
