Nested Loop  (cost=0.43..83072.29 rows=187 width=0) (actual time=0.529..461.381 rows=864 loops=1)
  ->  Seq Scan on movie_keyword mk  (cost=0.00..81003.12 rows=246 width=4) (actual time=0.497..448.190 rows=907 loops=1)
        Filter: (keyword_id = 2394)
        Rows Removed by Filter: 4523023
  ->  Index Scan using title_pkey on title t  (cost=0.43..8.40 rows=1 width=4) (actual time=0.014..0.014 rows=1 loops=907)
        Index Cond: (id = mk.movie_id)
        Filter: (production_year < 2010)
        Rows Removed by Filter: 0
Planning time: 0.470 ms
Execution time: 461.637 ms
