Hash Join  (cost=79715.19..946660.67 rows=748355 width=0) (actual time=1424.903..21073.075 rows=825386 loops=1)
  Hash Cond: (ci.movie_id = t.id)
  ->  Seq Scan on cast_info ci  (cost=0.00..796071.18 rows=5363132 width=4) (actual time=0.024..15660.760 rows=7451973 loops=1)
        Filter: ((person_id < 2749409) AND (role_id = 2))
        Rows Removed by Filter: 28792371
  ->  Hash  (cost=73925.90..73925.90 rows=352823 width=4) (actual time=1422.940..1422.940 rows=302088 loops=1)
        Buckets: 131072  Batches: 8  Memory Usage: 2342kB
        ->  Seq Scan on title t  (cost=0.00..73925.90 rows=352823 width=4) (actual time=0.026..1183.416 rows=302088 loops=1)
              Filter: ((kind_id < 7) AND (production_year > 2006))
              Rows Removed by Filter: 2226224
Planning time: 0.823 ms
Execution time: 21174.660 ms
