Nested Loop  (cost=0.43..709671.90 rows=500 width=0) (actual time=4228.885..8979.563 rows=81 loops=1)
  ->  Seq Scan on cast_info ci  (cost=0.00..705507.15 rows=500 width=4) (actual time=4228.722..8977.761 rows=81 loops=1)
        Filter: (person_id = 481104)
        Rows Removed by Filter: 36244263
  ->  Index Only Scan using title_pkey on title t  (cost=0.43..8.32 rows=1 width=4) (actual time=0.020..0.021 rows=1 loops=81)
        Index Cond: (id = ci.movie_id)
        Heap Fetches: 81
Planning time: 0.750 ms
Execution time: 8979.653 ms
