Seq Scan on movie_keyword mk  (cost=0.00..81003.12 rows=246 width=0) (actual time=11.393..1109.735 rows=233 loops=1)
  Filter: (keyword_id = 4625)
  Rows Removed by Filter: 4523697
Planning time: 1.543 ms
Execution time: 1109.948 ms
