Seq Scan on movie_keyword mk  (cost=0.00..81003.12 rows=1989203 width=0) (actual time=0.018..1260.589 rows=1994951 loops=1)
  Filter: (keyword_id > 6276)
  Rows Removed by Filter: 2528979
Planning time: 0.364 ms
Execution time: 1520.053 ms
