Hash Join  (cost=117322.79..241349.84 rows=166202 width=0) (actual time=1710.059..4245.365 rows=117074 loops=1)
  Hash Cond: (mk.movie_id = t.id)
  ->  Seq Scan on movie_keyword mk  (cost=0.00..69693.30 rows=4523930 width=4) (actual time=0.020..1150.000 rows=4523930 loops=1)
  ->  Hash  (cost=115798.61..115798.61 rows=92894 width=8) (actual time=1709.228..1709.228 rows=49774 loops=1)
        Buckets: 131072  Batches: 2  Memory Usage: 2005kB
        ->  Hash Join  (cost=82412.27..115798.61 rows=92894 width=8) (actual time=1350.914..1690.898 rows=49774 loops=1)
              Hash Cond: (mi_idx.movie_id = t.id)
              ->  Seq Scan on movie_info_idx mi_idx  (cost=0.00..25185.44 rows=454124 width=4) (actual time=0.029..360.609 rows=459925 loops=1)
                    Filter: (info_type_id = 100)
                    Rows Removed by Filter: 920110
              ->  Hash  (cost=73925.90..73925.90 rows=517229 width=4) (actual time=1051.050..1051.050 rows=403947 loops=1)
                    Buckets: 131072  Batches: 8  Memory Usage: 2784kB
                    ->  Seq Scan on title t  (cost=0.00..73925.90 rows=517229 width=4) (actual time=84.609..921.786 rows=403947 loops=1)
                          Filter: ((production_year < 1996) AND (kind_id = 7))
                          Rows Removed by Filter: 2124365
Planning time: 1.237 ms
Execution time: 4261.007 ms
