Hash Join  (cost=67612.84..868896.80 rows=6662 width=0) (actual time=617.786..14957.932 rows=28989 loops=1)
  Hash Cond: (ci.movie_id = t.id)
  ->  Seq Scan on cast_info ci  (cost=0.00..705507.15 rows=25522718 width=4) (actual time=0.023..9807.139 rows=25703068 loops=1)
        Filter: (person_id > 1034395)
        Rows Removed by Filter: 10541276
  ->  Hash  (cost=67604.59..67604.59 rows=660 width=4) (actual time=616.913..616.913 rows=3515 loops=1)
        Buckets: 4096 (originally 1024)  Batches: 1 (originally 1)  Memory Usage: 156kB
        ->  Seq Scan on title t  (cost=0.00..67604.59 rows=660 width=4) (actual time=2.040..616.086 rows=3515 loops=1)
              Filter: (production_year > 2013)
              Rows Removed by Filter: 2524797
Planning time: 0.814 ms
Execution time: 14964.311 ms
