Hash Join  (cost=80562.70..954764.76 rows=1596058 width=0) (actual time=7040.334..19045.631 rows=3088415 loops=1)
  Hash Cond: (ci.movie_id = t.id)
  ->  Seq Scan on cast_info ci  (cost=0.00..796071.18 rows=5109946 width=4) (actual time=5861.551..12034.218 rows=10444754 loops=1)
        Filter: ((person_id < 1425243) AND (role_id = 1))
        Rows Removed by Filter: 25799590
  ->  Hash  (cost=67604.59..67604.59 rows=789769 width=4) (actual time=1177.597..1177.597 rows=784926 loops=1)
        Buckets: 131072  Batches: 16  Memory Usage: 2749kB
        ->  Seq Scan on title t  (cost=0.00..67604.59 rows=789769 width=4) (actual time=0.031..923.656 rows=784926 loops=1)
              Filter: (production_year > 2007)
              Rows Removed by Filter: 1743386
Planning time: 0.820 ms
Execution time: 19404.750 ms
