Seq Scan on cast_info ci  (cost=0.00..796071.18 rows=9159668 width=0) (actual time=2372.385..12567.370 rows=8179340 loops=1)
  Filter: ((person_id < 3828285) AND (role_id > 4))
  Rows Removed by Filter: 28065004
Planning time: 0.349 ms
Execution time: 13473.893 ms
