Hash Join  (cost=128753.29..216602.32 rows=3359 width=0) (actual time=2834.632..3521.199 rows=5931 loops=1)
  Hash Cond: (mk.movie_id = t.id)
  ->  Seq Scan on movie_keyword mk  (cost=0.00..81003.12 rows=1816617 width=4) (actual time=0.022..1223.986 rows=1818355 loops=1)
        Filter: (keyword_id > 7637)
        Rows Removed by Filter: 2705575
  ->  Hash  (cost=128694.84..128694.84 rows=4676 width=8) (actual time=2004.074..2004.074 rows=5809 loops=1)
        Buckets: 8192  Batches: 1  Memory Usage: 291kB
        ->  Hash Join  (cost=73982.55..128694.84 rows=4676 width=8) (actual time=1132.745..2001.678 rows=5809 loops=1)
              Hash Cond: (mc.movie_id = t.id)
              ->  Seq Scan on movie_companies mc  (cost=0.00..44881.29 rows=2609129 width=4) (actual time=0.018..485.508 rows=2609129 loops=1)
              ->  Hash  (cost=73925.90..73925.90 rows=4532 width=4) (actual time=953.899..953.899 rows=7822 loops=1)
                    Buckets: 8192  Batches: 1  Memory Usage: 339kB
                    ->  Seq Scan on title t  (cost=0.00..73925.90 rows=4532 width=4) (actual time=0.112..950.301 rows=7822 loops=1)
                          Filter: ((kind_id = 7) AND (production_year = 1974))
                          Rows Removed by Filter: 2520490
Planning time: 1.071 ms
Execution time: 3522.095 ms
