Seq Scan on movie_keyword mk  (cost=0.00..81003.12 rows=246 width=0) (actual time=11.685..1102.743 rows=42 loops=1)
  Filter: (keyword_id = 73033)
  Rows Removed by Filter: 4523888
Planning time: 0.379 ms
Execution time: 1102.857 ms
