Seq Scan on cast_info ci  (cost=0.00..796071.18 rows=9532316 width=0) (actual time=1362.437..12159.025 rows=6208523 loops=1)
  Filter: ((person_id > 881675) AND (role_id < 2))
  Rows Removed by Filter: 30035821
Planning time: 0.359 ms
Execution time: 12917.558 ms
