Hash Join  (cost=798789.07..853454.62 rows=3 width=0) (actual time=10775.866..11397.397 rows=21 loops=1)
  Hash Cond: (mc.movie_id = t.id)
  ->  Seq Scan on movie_companies mc  (cost=0.00..44881.29 rows=2609129 width=4) (actual time=0.033..473.535 rows=2609129 loops=1)
  ->  Hash  (cost=798789.03..798789.03 rows=3 width=8) (actual time=10446.494..10446.494 rows=1 loops=1)
        Buckets: 1024  Batches: 1  Memory Usage: 9kB
        ->  Nested Loop  (cost=0.43..798789.03 rows=3 width=8) (actual time=5075.290..10446.458 rows=1 loops=1)
              ->  Seq Scan on cast_info ci  (cost=0.00..796071.18 rows=324 width=4) (actual time=1523.405..10445.874 rows=22 loops=1)
                    Filter: ((role_id > 1) AND (person_id = 1518153))
                    Rows Removed by Filter: 36244322
              ->  Index Scan using title_pkey on title t  (cost=0.43..8.38 rows=1 width=4) (actual time=0.022..0.022 rows=0 loops=22)
                    Index Cond: (id = ci.movie_id)
                    Filter: ((kind_id < 7) AND (production_year > 2012))
                    Rows Removed by Filter: 1
Planning time: 1.176 ms
Execution time: 11397.521 ms
