Seq Scan on movie_companies mc  (cost=0.00..57926.93 rows=53 width=0) (actual time=148.108..495.371 rows=24 loops=1)
  Filter: ((company_id = 2346) AND (company_type_id = 2))
  Rows Removed by Filter: 2609105
Planning time: 0.406 ms
Execution time: 495.461 ms
