Hash Join  (cost=79907.83..954855.08 rows=858685 width=0) (actual time=3873.957..18142.617 rows=780611 loops=1)
  Hash Cond: (ci.movie_id = t.id)
  ->  Seq Scan on cast_info ci  (cost=0.00..796071.18 rows=5955793 width=4) (actual time=2961.884..13873.156 rows=7450650 loops=1)
        Filter: ((person_id > 637003) AND (role_id = 2))
        Rows Removed by Filter: 28793694
  ->  Hash  (cost=73925.90..73925.90 rows=364554 width=4) (actual time=910.747..910.747 rows=274015 loops=1)
        Buckets: 131072  Batches: 8  Memory Usage: 2229kB
        ->  Seq Scan on title t  (cost=0.00..73925.90 rows=364554 width=4) (actual time=10.409..841.605 rows=274015 loops=1)
              Filter: ((kind_id < 2) AND (production_year > 2000))
              Rows Removed by Filter: 2254297
Planning time: 0.804 ms
Execution time: 18239.301 ms
