Hash Join  (cost=252890.32..1578183.35 rows=19947670 width=0) (actual time=4385.292..38560.711 rows=13745854 loops=1)
  Hash Cond: (ci.movie_id = t.id)
  ->  Seq Scan on cast_info ci  (cost=0.00..705507.15 rows=35876054 width=4) (actual time=0.015..14165.908 rows=35948839 loops=1)
        Filter: (person_id > 34437)
        Rows Removed by Filter: 295505
  ->  Hash  (cost=229824.55..229824.55 rows=1405902 width=8) (actual time=4383.728..4383.728 rows=405586 loops=1)
        Buckets: 131072  Batches: 32  Memory Usage: 1503kB
        ->  Hash Join  (cost=98652.74..229824.55 rows=1405902 width=8) (actual time=1453.766..4253.277 rows=405586 loops=1)
              Hash Cond: (mk.movie_id = t.id)
              ->  Seq Scan on movie_keyword mk  (cost=0.00..81003.12 rows=2358732 width=4) (actual time=0.029..1364.943 rows=2356186 loops=1)
                    Filter: (keyword_id > 4192)
                    Rows Removed by Filter: 2167744
              ->  Hash  (cost=73925.90..73925.90 rows=1507107 width=4) (actual time=1438.910..1438.910 rows=1490874 loops=1)
                    Buckets: 131072  Batches: 32  Memory Usage: 2669kB
                    ->  Seq Scan on title t  (cost=0.00..73925.90 rows=1507107 width=4) (actual time=0.027..1010.816 rows=1490874 loops=1)
                          Filter: ((kind_id > 4) AND (production_year > 1897))
                          Rows Removed by Filter: 1037438
Planning time: 1.200 ms
Execution time: 40206.002 ms
