Hash Join  (cost=308728.33..1875347.80 rows=43051323 width=0) (actual time=6770.069..70422.011 rows=145190938 loops=1)
  Hash Cond: (ci.movie_id = t.id)
  ->  Seq Scan on cast_info ci  (cost=0.00..614943.12 rows=36225612 width=4) (actual time=0.024..10559.684 rows=36244344 loops=1)
  ->  Hash  (cost=259427.36..259427.36 rows=3004958 width=8) (actual time=6768.022..6768.022 rows=2565921 loops=1)
        Buckets: 131072  Batches: 64  Memory Usage: 2578kB
        ->  Hash Join  (cost=95159.82..259427.36 rows=3004958 width=8) (actual time=1520.658..5741.621 rows=2565921 loops=1)
              Hash Cond: (mk.movie_id = t.id)
              ->  Seq Scan on movie_keyword mk  (cost=0.00..69693.30 rows=4523930 width=4) (actual time=0.006..1228.134 rows=4523930 loops=1)
              ->  Hash  (cost=67604.59..67604.59 rows=1679539 width=4) (actual time=1518.478..1518.478 rows=1673541 loops=1)
                    Buckets: 131072  Batches: 32  Memory Usage: 2874kB
                    ->  Seq Scan on title t  (cost=0.00..67604.59 rows=1679539 width=4) (actual time=0.013..1001.392 rows=1673541 loops=1)
                          Filter: (production_year > 1993)
                          Rows Removed by Filter: 854771
Planning time: 1.152 ms
Execution time: 86154.694 ms
