Seq Scan on cast_info ci  (cost=0.00..796071.18 rows=14620818 width=0) (actual time=2307.245..14052.736 rows=12590457 loops=1)
  Filter: ((person_id < 3419816) AND (role_id > 2))
  Rows Removed by Filter: 23653887
Planning time: 0.461 ms
Execution time: 15649.033 ms
