Hash Join  (cost=155752.28..1298688.55 rows=2091211 width=0) (actual time=2738.797..29165.317 rows=2296377 loops=1)
  Hash Cond: (ci.movie_id = t.id)
  ->  Seq Scan on cast_info ci  (cost=0.00..705507.15 rows=35973335 width=4) (actual time=0.033..14066.323 rows=36033881 loops=1)
        Filter: (person_id > 24797)
        Rows Removed by Filter: 210463
  ->  Hash  (cost=153339.92..153339.92 rows=146989 width=8) (actual time=2737.972..2737.972 rows=59977 loops=1)
        Buckets: 131072  Batches: 2  Memory Usage: 2194kB
        ->  Hash Join  (cost=76263.51..153339.92 rows=146989 width=8) (actual time=1078.590..2720.737 rows=59977 loops=1)
              Hash Cond: (mc.movie_id = t.id)
              ->  Seq Scan on movie_companies mc  (cost=0.00..44881.29 rows=2609129 width=4) (actual time=0.021..695.187 rows=2609129 loops=1)
              ->  Hash  (cost=73925.90..73925.90 rows=142448 width=4) (actual time=1076.798..1076.798 rows=151188 loops=1)
                    Buckets: 131072  Batches: 2  Memory Usage: 3682kB
                    ->  Seq Scan on title t  (cost=0.00..73925.90 rows=142448 width=4) (actual time=0.027..1023.104 rows=151188 loops=1)
                          Filter: ((kind_id > 4) AND (production_year > 2011))
                          Rows Removed by Filter: 2377124
Planning time: 1.220 ms
Execution time: 29412.833 ms
