Seq Scan on movie_keyword mk  (cost=0.00..81003.12 rows=820393 width=0) (actual time=0.014..1141.646 rows=829202 loops=1)
  Filter: (keyword_id > 22197)
  Rows Removed by Filter: 3694728
Planning time: 0.335 ms
Execution time: 1251.174 ms
