Hash Join  (cost=175027.18..283725.47 rows=576469 width=0) (actual time=3397.975..6889.155 rows=2419207 loops=1)
  Hash Cond: (mk.movie_id = t.id)
  ->  Seq Scan on movie_keyword mk  (cost=0.00..81003.12 rows=1585992 width=4) (actual time=0.020..1298.368 rows=1596661 loops=1)
        Filter: (keyword_id < 2449)
        Rows Removed by Filter: 2927269
  ->  Hash  (cost=159947.97..159947.97 rows=919057 width=8) (actual time=3396.808..3396.808 rows=920110 loops=1)
        Buckets: 131072  Batches: 16  Memory Usage: 3283kB
        ->  Hash Join  (cost=102767.86..159947.97 rows=919057 width=8) (actual time=1531.021..3129.510 rows=920110 loops=1)
              Hash Cond: (mi_idx.movie_id = t.id)
              ->  Seq Scan on movie_info_idx mi_idx  (cost=0.00..25185.44 rows=919057 width=4) (actual time=0.035..466.818 rows=920110 loops=1)
                    Filter: (info_type_id > 99)
                    Rows Removed by Filter: 459925
              ->  Hash  (cost=61283.27..61283.27 rows=2528527 width=4) (actual time=1529.318..1529.318 rows=2528312 loops=1)
                    Buckets: 131072  Batches: 64  Memory Usage: 2415kB
                    ->  Seq Scan on title t  (cost=0.00..61283.27 rows=2528527 width=4) (actual time=0.017..738.403 rows=2528312 loops=1)
Planning time: 1.248 ms
Execution time: 7206.494 ms
