Seq Scan on movie_keyword mk  (cost=0.00..81003.12 rows=723016 width=0) (actual time=0.019..1108.414 rows=717872 loops=1)
  Filter: (keyword_id < 630)
  Rows Removed by Filter: 3806058
Planning time: 0.342 ms
Execution time: 1197.990 ms
