Seq Scan on movie_keyword mk  (cost=0.00..81003.12 rows=3868427 width=0) (actual time=0.018..1357.730 rows=3859841 loops=1)
  Filter: (keyword_id < 28272)
  Rows Removed by Filter: 664089
Planning time: 0.310 ms
Execution time: 1854.745 ms
