Seq Scan on cast_info ci  (cost=0.00..705507.15 rows=34312676 width=0) (actual time=0.022..11530.822 rows=34292082 loops=1)
  Filter: (person_id < 3677892)
  Rows Removed by Filter: 1952262
Planning time: 0.331 ms
Execution time: 15842.024 ms
