Seq Scan on cast_info ci  (cost=0.00..796071.18 rows=4749785 width=0) (actual time=2444.088..10410.932 rows=7382634 loops=1)
  Filter: ((person_id > 2932368) AND (role_id > 1))
  Rows Removed by Filter: 28861710
Planning time: 0.352 ms
Execution time: 11321.052 ms
