Hash Join  (cost=67697.55..149578.97 rows=684 width=0) (actual time=819.293..1986.938 rows=169 loops=1)
  Hash Cond: (mk.movie_id = t.id)
  ->  Seq Scan on movie_keyword mk  (cost=0.00..81003.12 rows=232389 width=4) (actual time=0.012..1121.585 rows=232647 loops=1)
        Filter: (keyword_id > 62912)
        Rows Removed by Filter: 4291283
  ->  Hash  (cost=67604.59..67604.59 rows=7437 width=4) (actual time=819.105..819.105 rows=8902 loops=1)
        Buckets: 16384 (originally 8192)  Batches: 1 (originally 1)  Memory Usage: 441kB
        ->  Seq Scan on title t  (cost=0.00..67604.59 rows=7437 width=4) (actual time=0.013..815.296 rows=8902 loops=1)
              Filter: (production_year = 1913)
              Rows Removed by Filter: 2519410
Planning time: 0.534 ms
Execution time: 1987.136 ms
