Hash Join  (cost=162384.43..545972.84 rows=142066 width=0) (actual time=3643.640..8850.162 rows=67658 loops=1)
  Hash Cond: (mi.movie_id = t.id)
  ->  Seq Scan on movie_info mi  (cost=0.00..346232.03 rows=3068194 width=4) (actual time=476.734..4633.790 rows=3036719 loops=1)
        Filter: (info_type_id = 16)
        Rows Removed by Filter: 11799001
  ->  Hash  (cost=160462.95..160462.95 rows=117078 width=8) (actual time=3166.113..3166.113 rows=47162 loops=1)
        Buckets: 131072  Batches: 2  Memory Usage: 1954kB
        ->  Hash Join  (cost=92883.59..160462.95 rows=117078 width=8) (actual time=2136.137..3148.858 rows=47162 loops=1)
              Hash Cond: (mc.movie_id = t.id)
              ->  Seq Scan on movie_companies mc  (cost=0.00..57926.93 rows=192130 width=4) (actual time=0.044..703.510 rows=87034 loops=1)
                    Filter: ((company_id < 225) AND (company_type_id = 2))
                    Rows Removed by Filter: 2522095
              ->  Hash  (cost=67604.59..67604.59 rows=1540800 width=4) (actual time=2134.407..2134.407 rows=1543264 loops=1)
                    Buckets: 131072  Batches: 32  Memory Usage: 2722kB
                    ->  Seq Scan on title t  (cost=0.00..67604.59 rows=1540800 width=4) (actual time=245.392..1019.888 rows=1543264 loops=1)
                          Filter: (kind_id = 7)
                          Rows Removed by Filter: 985048
Planning time: 1.186 ms
Execution time: 8859.709 ms
