Hash Join  (cost=83072.42..833863.17 rows=158 width=0) (actual time=1178.982..14719.645 rows=505 loops=1)
  Hash Cond: (ci.movie_id = t.id)
  ->  Seq Scan on cast_info ci  (cost=0.00..614943.12 rows=36225612 width=4) (actual time=0.018..6710.817 rows=36244344 loops=1)
  ->  Hash  (cost=83072.29..83072.29 rows=11 width=8) (actual time=1128.247..1128.247 rows=8 loops=1)
        Buckets: 1024  Batches: 1  Memory Usage: 9kB
        ->  Nested Loop  (cost=0.43..83072.29 rows=11 width=8) (actual time=163.641..1128.197 rows=8 loops=1)
              ->  Seq Scan on movie_keyword mk  (cost=0.00..81003.12 rows=246 width=4) (actual time=1.152..1117.301 rows=434 loops=1)
                    Filter: (keyword_id = 1001)
                    Rows Removed by Filter: 4523496
              ->  Index Scan using title_pkey on title t  (cost=0.43..8.40 rows=1 width=4) (actual time=0.024..0.024 rows=0 loops=434)
                    Index Cond: (id = mk.movie_id)
                    Filter: (production_year = 2007)
                    Rows Removed by Filter: 1
Planning time: 1.156 ms
Execution time: 14720.158 ms
