Seq Scan on cast_info ci  (cost=0.00..705507.15 rows=500 width=0) (actual time=4809.930..8713.627 rows=42 loops=1)
  Filter: (person_id = 3855752)
  Rows Removed by Filter: 36244302
Planning time: 0.350 ms
Execution time: 8713.700 ms
