Hash Join  (cost=98137.04..198961.83 rows=457896 width=0) (actual time=1927.291..3901.625 rows=195609 loops=1)
  Hash Cond: (mk.movie_id = t.id)
  ->  Seq Scan on movie_keyword mk  (cost=0.00..81003.12 rows=622141 width=4) (actual time=0.019..1305.870 rows=624796 loops=1)
        Filter: (keyword_id > 29319)
        Rows Removed by Filter: 3899134
  ->  Hash  (cost=67604.59..67604.59 rows=1860996 width=4) (actual time=1924.999..1924.999 rows=1865487 loops=1)
        Buckets: 131072  Batches: 32  Memory Usage: 3085kB
        ->  Seq Scan on title t  (cost=0.00..67604.59 rows=1860996 width=4) (actual time=0.015..1313.421 rows=1865487 loops=1)
              Filter: (kind_id > 1)
              Rows Removed by Filter: 662825
Planning time: 0.724 ms
Execution time: 3925.285 ms
