Hash Join  (cost=823275.09..1320625.43 rows=1644241 width=0) (actual time=10830.320..23103.634 rows=1972751 loops=1)
  Hash Cond: (mi.movie_id = t.id)
  ->  Seq Scan on movie_info mi  (cost=0.00..309384.22 rows=14739122 width=4) (actual time=0.013..4594.221 rows=14835720 loops=1)
  ->  Hash  (cost=818647.18..818647.18 rows=282073 width=8) (actual time=10828.966..10828.966 rows=300665 loops=1)
        Buckets: 131072  Batches: 4  Memory Usage: 3947kB
        ->  Hash Join  (cost=98137.04..818647.18 rows=282073 width=8) (actual time=4282.270..10734.131 rows=300665 loops=1)
              Hash Cond: (ci.movie_id = t.id)
              ->  Seq Scan on cast_info ci  (cost=0.00..705507.15 rows=383252 width=4) (actual time=2652.596..8508.216 rows=408119 loops=1)
                    Filter: (person_id > 3985212)
                    Rows Removed by Filter: 35836225
              ->  Hash  (cost=67604.59..67604.59 rows=1860996 width=4) (actual time=1627.560..1627.560 rows=1865487 loops=1)
                    Buckets: 131072  Batches: 32  Memory Usage: 3079kB
                    ->  Seq Scan on title t  (cost=0.00..67604.59 rows=1860996 width=4) (actual time=0.033..920.517 rows=1865487 loops=1)
                          Filter: (kind_id > 1)
                          Rows Removed by Filter: 662825
Planning time: 1.251 ms
Execution time: 23358.749 ms
