Hash Join  (cost=102767.86..218796.41 rows=1045011 width=0) (actual time=1553.734..3890.360 rows=1045502 loops=1)
  Hash Cond: (mk.movie_id = t.id)
  ->  Seq Scan on movie_keyword mk  (cost=0.00..81003.12 rows=1045011 width=4) (actual time=0.021..1242.556 rows=1045502 loops=1)
        Filter: (keyword_id < 1042)
        Rows Removed by Filter: 3478428
  ->  Hash  (cost=61283.27..61283.27 rows=2528527 width=4) (actual time=1551.860..1551.860 rows=2528312 loops=1)
        Buckets: 131072  Batches: 64  Memory Usage: 2425kB
        ->  Seq Scan on title t  (cost=0.00..61283.27 rows=2528527 width=4) (actual time=0.013..723.655 rows=2528312 loops=1)
Planning time: 0.779 ms
Execution time: 4000.198 ms
