Hash Join  (cost=79907.83..582389.10 rows=2125034 width=0) (actual time=1292.796..14919.144 rows=3524646 loops=1)
  Hash Cond: (mi.movie_id = t.id)
  ->  Seq Scan on movie_info mi  (cost=0.00..309384.22 rows=14739122 width=4) (actual time=0.024..5876.345 rows=14835720 loops=1)
  ->  Hash  (cost=73925.90..73925.90 rows=364554 width=4) (actual time=1291.852..1291.852 rows=274015 loops=1)
        Buckets: 131072  Batches: 8  Memory Usage: 2236kB
        ->  Seq Scan on title t  (cost=0.00..73925.90 rows=364554 width=4) (actual time=0.018..1204.239 rows=274015 loops=1)
              Filter: ((production_year > 2000) AND (kind_id = 1))
              Rows Removed by Filter: 2254297
Planning time: 0.874 ms
Execution time: 15330.123 ms
