Hash Join  (cost=52284.99..416946.98 rows=606 width=0) (actual time=646.492..6426.381 rows=17624 loops=1)
  Hash Cond: (mi.movie_id = t.id)
  ->  Seq Scan on movie_info mi  (cost=0.00..309384.22 rows=14739122 width=4) (actual time=0.023..3003.766 rows=14835720 loops=1)
  ->  Hash  (cost=52283.69..52283.69 rows=104 width=8) (actual time=644.760..644.760 rows=749 loops=1)
        Buckets: 1024  Batches: 1  Memory Usage: 38kB
        ->  Nested Loop  (cost=0.43..52283.69 rows=104 width=8) (actual time=9.582..644.353 rows=749 loops=1)
              ->  Seq Scan on movie_companies mc  (cost=0.00..51404.11 rows=104 width=4) (actual time=9.507..631.936 rows=749 loops=1)
                    Filter: (company_id = 49462)
                    Rows Removed by Filter: 2608380
              ->  Index Only Scan using title_pkey on title t  (cost=0.43..8.45 rows=1 width=4) (actual time=0.015..0.016 rows=1 loops=749)
                    Index Cond: (id = mc.movie_id)
                    Heap Fetches: 749
Planning time: 1.225 ms
Execution time: 6429.568 ms
