Nested Loop  (cost=0.43..709671.90 rows=500 width=0) (actual time=5830.917..9008.188 rows=2080 loops=1)
  ->  Seq Scan on cast_info ci  (cost=0.00..705507.15 rows=500 width=4) (actual time=5830.751..8984.234 rows=2080 loops=1)
        Filter: (person_id = 202945)
        Rows Removed by Filter: 36242264
  ->  Index Only Scan using title_pkey on title t  (cost=0.43..8.32 rows=1 width=4) (actual time=0.011..0.011 rows=1 loops=2080)
        Index Cond: (id = ci.movie_id)
        Heap Fetches: 2080
Planning time: 0.814 ms
Execution time: 9008.701 ms
