Hash Join  (cost=116056.85..204044.64 rows=132975 width=0) (actual time=2189.183..5652.569 rows=2789020 loops=1)
  Hash Cond: (mk.movie_id = t.id)
  ->  Seq Scan on movie_keyword mk  (cost=0.00..69693.30 rows=4523930 width=4) (actual time=0.013..847.630 rows=4523930 loops=1)
  ->  Hash  (cost=115127.82..115127.82 rows=74323 width=8) (actual time=2188.385..2188.385 rows=214540 loops=1)
        Buckets: 131072 (originally 131072)  Batches: 4 (originally 1)  Memory Usage: 3121kB
        ->  Hash Join  (cost=76160.10..115127.82 rows=74323 width=8) (actual time=1002.872..2108.000 rows=214540 loops=1)
              Hash Cond: (mi_idx.movie_id = t.id)
              ->  Seq Scan on movie_info_idx mi_idx  (cost=0.00..21735.35 rows=1380035 width=4) (actual time=0.032..396.598 rows=1380035 loops=1)
              ->  Hash  (cost=73925.90..73925.90 rows=136176 width=4) (actual time=1002.127..1002.127 rows=269736 loops=1)
                    Buckets: 131072 (originally 131072)  Batches: 4 (originally 2)  Memory Usage: 3395kB
                    ->  Seq Scan on title t  (cost=0.00..73925.90 rows=136176 width=4) (actual time=65.913..908.920 rows=269736 loops=1)
                          Filter: ((production_year < 1980) AND (kind_id = 1))
                          Rows Removed by Filter: 2258576
Planning time: 1.198 ms
Execution time: 5993.944 ms
