Seq Scan on movie_keyword mk  (cost=0.00..81003.12 rows=246 width=0) (actual time=0.030..1066.560 rows=118 loops=1)
  Filter: (keyword_id = 5779)
  Rows Removed by Filter: 4523812
Planning time: 0.444 ms
Execution time: 1066.720 ms
