Hash Join  (cost=435690.38..492251.73 rows=35904 width=0) (actual time=5791.840..7605.934 rows=2336381 loops=1)
  Hash Cond: (mc.movie_id = t.id)
  ->  Seq Scan on movie_companies mc  (cost=0.00..51404.11 rows=1279517 width=4) (actual time=78.537..868.702 rows=1274246 loops=1)
        Filter: (company_type_id < 2)
        Rows Removed by Filter: 1334883
  ->  Hash  (cost=434803.46..434803.46 rows=70953 width=8) (actual time=5711.676..5711.676 rows=164894 loops=1)
        Buckets: 131072 (originally 131072)  Batches: 4 (originally 1)  Memory Usage: 3073kB
        ->  Hash Join  (cost=81598.21..434803.46 rows=70953 width=8) (actual time=2039.100..5651.589 rows=164894 loops=1)
              Hash Cond: (mi.movie_id = t.id)
              ->  Seq Scan on movie_info mi  (cost=0.00..346232.03 rows=383654 width=4) (actual time=891.477..4177.251 rows=428651 loops=1)
                    Filter: (info_type_id > 104)
                    Rows Removed by Filter: 14407069
              ->  Hash  (cost=73925.90..73925.90 rows=467624 width=4) (actual time=1144.807..1144.807 rows=557493 loops=1)
                    Buckets: 131072  Batches: 8  Memory Usage: 3494kB
                    ->  Seq Scan on title t  (cost=0.00..73925.90 rows=467624 width=4) (actual time=0.034..977.230 rows=557493 loops=1)
                          Filter: ((kind_id < 7) AND (production_year < 2003))
                          Rows Removed by Filter: 1970819
Planning time: 1.167 ms
Execution time: 7860.745 ms
