Hash Join  (cost=427658.00..1155348.76 rows=35767 width=0) (actual time=5489.495..16654.083 rows=32300 loops=1)
  Hash Cond: (ci.movie_id = t.id)
  ->  Seq Scan on cast_info ci  (cost=0.00..705507.15 rows=5820248 width=4) (actual time=295.864..10552.300 rows=5732694 loops=1)
        Filter: (role_id > 8)
        Rows Removed by Filter: 30511650
  ->  Hash  (cost=427463.76..427463.76 rows=15539 width=8) (actual time=5193.242..5193.242 rows=4563 loops=1)
        Buckets: 16384  Batches: 1  Memory Usage: 307kB
        ->  Hash Join  (cost=75292.52..427463.76 rows=15539 width=8) (actual time=4220.402..5191.704 rows=4563 loops=1)
              Hash Cond: (mi.movie_id = t.id)
              ->  Seq Scan on movie_info mi  (cost=0.00..346232.03 rows=471955 width=4) (actual time=3223.069..4174.235 rows=543367 loops=1)
                    Filter: (info_type_id > 98)
                    Rows Removed by Filter: 14292353
              ->  Hash  (cost=73925.90..73925.90 rows=83249 width=4) (actual time=868.353..868.353 rows=101793 loops=1)
                    Buckets: 131072  Batches: 2  Memory Usage: 2809kB
                    ->  Seq Scan on title t  (cost=0.00..73925.90 rows=83249 width=4) (actual time=0.092..833.224 rows=101793 loops=1)
                          Filter: ((kind_id > 1) AND (production_year = 2007))
                          Rows Removed by Filter: 2426519
Planning time: 7.800 ms
Execution time: 16659.708 ms
