Seq Scan on title t  (cost=0.00..73925.90 rows=507778 width=0) (actual time=402.437..901.709 rows=524129 loops=1)
  Filter: ((kind_id < 2) AND (production_year < 2010))
  Rows Removed by Filter: 2004183
Planning time: 0.332 ms
Execution time: 970.485 ms
