Seq Scan on cast_info ci  (cost=0.00..796071.18 rows=22967002 width=0) (actual time=0.029..15325.324 rows=24130698 loops=1)
  Filter: ((person_id < 3744455) AND (role_id < 4))
  Rows Removed by Filter: 12113646
Planning time: 0.372 ms
Execution time: 18313.930 ms
