Hash Join  (cost=219197.63..1438290.14 rows=16702892 width=0) (actual time=4223.024..33022.572 rows=14270774 loops=1)
  Hash Cond: (ci.movie_id = t.id)
  ->  Seq Scan on cast_info ci  (cost=0.00..705507.15 rows=26563487 width=4) (actual time=0.011..12895.122 rows=26616098 loops=1)
        Filter: (person_id < 2744836)
        Rows Removed by Filter: 9628246
  ->  Hash  (cost=193112.68..193112.68 rows=1589916 width=8) (actual time=4221.486..4221.486 rows=717308 loops=1)
        Buckets: 131072  Batches: 32  Memory Usage: 1871kB
        ->  Hash Join  (cost=92883.59..193112.68 rows=1589916 width=8) (actual time=1467.035..4002.759 rows=717308 loops=1)
              Hash Cond: (mc.movie_id = t.id)
              ->  Seq Scan on movie_companies mc  (cost=0.00..44881.29 rows=2609129 width=4) (actual time=0.023..744.411 rows=2609129 loops=1)
              ->  Hash  (cost=67604.59..67604.59 rows=1540800 width=4) (actual time=1466.222..1466.222 rows=1543264 loops=1)
                    Buckets: 131072  Batches: 32  Memory Usage: 2722kB
                    ->  Seq Scan on title t  (cost=0.00..67604.59 rows=1540800 width=4) (actual time=76.375..988.011 rows=1543264 loops=1)
                          Filter: (kind_id = 7)
                          Rows Removed by Filter: 985048
Planning time: 0.934 ms
Execution time: 34641.654 ms
