Seq Scan on cast_info ci  (cost=0.00..705507.15 rows=500 width=0) (actual time=1826.064..9112.631 rows=3 loops=1)
  Filter: (person_id = 2193424)
  Rows Removed by Filter: 36244341
Planning time: 0.413 ms
Execution time: 9112.730 ms
