Seq Scan on cast_info ci  (cost=0.00..796071.18 rows=4332302 width=0) (actual time=6192.265..10806.070 rows=8844723 loops=1)
  Filter: ((person_id < 1206680) AND (role_id = 1))
  Rows Removed by Filter: 27399621
Planning time: 0.422 ms
Execution time: 11808.202 ms
