Seq Scan on cast_info ci  (cost=0.00..705507.15 rows=21530347 width=0) (actual time=0.011..9985.917 rows=21641295 loops=1)
  Filter: (person_id > 1439146)
  Rows Removed by Filter: 14603049
Planning time: 0.304 ms
Execution time: 12590.071 ms
