Hash Join  (cost=102084.63..143010.96 rows=312900 width=0) (actual time=1607.472..2534.318 rows=212306 loops=1)
  Hash Cond: (mi_idx.movie_id = t.id)
  ->  Seq Scan on movie_info_idx mi_idx  (cost=0.00..25185.44 rows=460978 width=4) (actual time=0.011..417.373 rows=459925 loops=1)
        Filter: (info_type_id = 99)
        Rows Removed by Filter: 920110
  ->  Hash  (cost=73925.90..73925.90 rows=1716298 width=4) (actual time=1606.749..1606.749 rows=1709252 loops=1)
        Buckets: 131072  Batches: 32  Memory Usage: 2906kB
        ->  Seq Scan on title t  (cost=0.00..73925.90 rows=1716298 width=4) (actual time=0.010..1111.155 rows=1709252 loops=1)
              Filter: ((kind_id > 2) AND (production_year > 1899))
              Rows Removed by Filter: 819060
Planning time: 0.576 ms
Execution time: 2556.780 ms
