Hash Join  (cost=82423.69..640908.84 rows=4926314 width=0) (actual time=1115.596..15095.253 rows=4001994 loops=1)
  Hash Cond: (mi.movie_id = t.id)
  ->  Seq Scan on movie_info mi  (cost=0.00..346232.03 rows=13791196 width=4) (actual time=0.019..5902.340 rows=13835328 loops=1)
        Filter: (info_type_id < 89)
        Rows Removed by Filter: 1000392
  ->  Hash  (cost=67604.59..67604.59 rows=903208 width=4) (actual time=1114.679..1114.679 rows=904491 loops=1)
        Buckets: 131072  Batches: 16  Memory Usage: 3017kB
        ->  Seq Scan on title t  (cost=0.00..67604.59 rows=903208 width=4) (actual time=0.008..848.229 rows=904491 loops=1)
              Filter: (production_year > 2006)
              Rows Removed by Filter: 1623821
Planning time: 0.761 ms
Execution time: 15574.737 ms
