Hash Join  (cost=171645.95..1020425.62 rows=1256687 width=0) (actual time=3585.649..14687.254 rows=1480620 loops=1)
  Hash Cond: (ci.movie_id = t.id)
  ->  Seq Scan on cast_info ci  (cost=0.00..796071.18 rows=3128432 width=4) (actual time=175.107..9951.040 rows=1937157 loops=1)
        Filter: ((person_id < 669921) AND (role_id > 2))
        Rows Removed by Filter: 34307187
  ->  Hash  (cost=154981.62..154981.62 rows=1015706 width=8) (actual time=3408.878..3408.878 rows=750135 loops=1)
        Buckets: 131072  Batches: 16  Memory Usage: 2867kB
        ->  Hash Join  (cost=98137.04..154981.62 rows=1015706 width=8) (actual time=1672.724..3194.454 rows=750135 loops=1)
              Hash Cond: (mi_idx.movie_id = t.id)
              ->  Seq Scan on movie_info_idx mi_idx  (cost=0.00..21735.35 rows=1380035 width=4) (actual time=0.029..375.077 rows=1380035 loops=1)
              ->  Hash  (cost=67604.59..67604.59 rows=1860996 width=4) (actual time=1671.092..1671.092 rows=1865487 loops=1)
                    Buckets: 131072  Batches: 32  Memory Usage: 3079kB
                    ->  Seq Scan on title t  (cost=0.00..67604.59 rows=1860996 width=4) (actual time=0.016..1071.108 rows=1865487 loops=1)
                          Filter: (kind_id > 1)
                          Rows Removed by Filter: 662825
Planning time: 1.184 ms
Execution time: 14845.245 ms
