Hash Join  (cost=298743.73..1728840.59 rows=31072472 width=0) (actual time=6063.140..54795.332 rows=80529241 loops=1)
  Hash Cond: (ci.movie_id = t.id)
  ->  Seq Scan on cast_info ci  (cost=0.00..705507.15 rows=28668949 width=4) (actual time=0.007..14102.948 rows=28808107 loops=1)
        Filter: (role_id < 8)
        Rows Removed by Filter: 7436237
  ->  Hash  (cost=253781.33..253781.33 rows=2740512 width=8) (actual time=6060.720..6060.720 rows=2269483 loops=1)
        Buckets: 131072  Batches: 64  Memory Usage: 2400kB
        ->  Hash Join  (cost=92735.26..253781.33 rows=2740512 width=8) (actual time=1506.705..5437.557 rows=2269483 loops=1)
              Hash Cond: (mk.movie_id = t.id)
              ->  Seq Scan on movie_keyword mk  (cost=0.00..69693.30 rows=4523930 width=4) (actual time=0.018..1161.171 rows=4523930 loops=1)
              ->  Hash  (cost=67604.59..67604.59 rows=1531734 width=4) (actual time=1505.755..1505.755 rows=1531613 loops=1)
                    Buckets: 131072  Batches: 32  Memory Usage: 2716kB
                    ->  Seq Scan on title t  (cost=0.00..67604.59 rows=1531734 width=4) (actual time=0.013..983.934 rows=1531613 loops=1)
                          Filter: (production_year > 1997)
                          Rows Removed by Filter: 996699
Planning time: 1.182 ms
Execution time: 63586.100 ms
