Hash Join  (cost=467670.84..600461.18 rows=885430 width=0) (actual time=6454.529..9662.712 rows=706707 loops=1)
  Hash Cond: (mk.movie_id = t.id)
  ->  Seq Scan on movie_keyword mk  (cost=0.00..69693.30 rows=4523930 width=4) (actual time=0.022..1175.806 rows=4523930 loops=1)
  ->  Hash  (cost=459550.76..459550.76 rows=494887 width=8) (actual time=6453.140..6453.140 rows=303409 loops=1)
        Buckets: 131072  Batches: 8  Memory Usage: 2512kB
        ->  Hash Join  (cost=89154.34..459550.76 rows=494887 width=8) (actual time=2323.916..6367.990 rows=303409 loops=1)
              Hash Cond: (mi.movie_id = t.id)
              ->  Seq Scan on movie_info mi  (cost=0.00..346232.03 rows=1348138 width=4) (actual time=923.743..4119.965 rows=1298989 loops=1)
                    Filter: (info_type_id = 4)
                    Rows Removed by Filter: 13536731
              ->  Hash  (cost=73925.90..73925.90 rows=928195 width=4) (actual time=1399.427..1399.427 rows=1004724 loops=1)
                    Buckets: 131072  Batches: 16  Memory Usage: 3245kB
                    ->  Seq Scan on title t  (cost=0.00..73925.90 rows=928195 width=4) (actual time=0.018..1077.638 rows=1004724 loops=1)
                          Filter: ((kind_id > 1) AND (production_year > 2002))
                          Rows Removed by Filter: 1523588
Planning time: 1.174 ms
Execution time: 9749.652 ms
