Hash Join  (cost=129928.86..271552.90 rows=1668365 width=134) (actual time=1983.098..6181.807 rows=1668349 loops=1)
  Hash Cond: (mc.movie_id = t.id)
  ->  Seq Scan on movie_companies mc  (cost=0.00..51404.11 rows=1668365 width=40) (actual time=0.011..906.363 rows=1668349 loops=1)
        Filter: (company_id > 3497)
        Rows Removed by Filter: 940780
  ->  Hash  (cost=61283.27..61283.27 rows=2528527 width=94) (actual time=1982.332..1982.332 rows=2528312 loops=1)
        Buckets: 32768  Batches: 128  Memory Usage: 2453kB
        ->  Seq Scan on title t  (cost=0.00..61283.27 rows=2528527 width=94) (actual time=0.007..813.600 rows=2528312 loops=1)
Planning time: 0.761 ms
Execution time: 6277.826 ms
