Hash Join  (cost=160737.19..957552.93 rows=74463 width=0) (actual time=2571.096..16769.199 rows=1046496 loops=1)
  Hash Cond: (ci.movie_id = t.id)
  ->  Seq Scan on cast_info ci  (cost=0.00..614943.12 rows=36225612 width=4) (actual time=0.020..6458.997 rows=36244344 loops=1)
  ->  Hash  (cost=160672.23..160672.23 rows=5197 width=8) (actual time=2570.808..2570.808 rows=26889 loops=1)
        Buckets: 32768 (originally 8192)  Batches: 1 (originally 1)  Memory Usage: 1307kB
        ->  Hash Join  (cost=73962.22..160672.23 rows=5197 width=8) (actual time=915.902..2561.768 rows=26889 loops=1)
              Hash Cond: (mk.movie_id = t.id)
              ->  Seq Scan on movie_keyword mk  (cost=0.00..69693.30 rows=4523930 width=4) (actual time=0.006..852.075 rows=4523930 loops=1)
              ->  Hash  (cost=73925.90..73925.90 rows=2905 width=4) (actual time=914.630..914.630 rows=2788 loops=1)
                    Buckets: 4096  Batches: 1  Memory Usage: 131kB
                    ->  Seq Scan on title t  (cost=0.00..73925.90 rows=2905 width=4) (actual time=238.162..913.240 rows=2788 loops=1)
                          Filter: ((kind_id < 7) AND (production_year = 1937))
                          Rows Removed by Filter: 2525524
Planning time: 1.202 ms
Execution time: 16912.820 ms
