Nested Loop  (cost=0.43..709671.90 rows=500 width=0) (actual time=425.007..8710.376 rows=152 loops=1)
  ->  Seq Scan on cast_info ci  (cost=0.00..705507.15 rows=500 width=4) (actual time=424.916..8705.014 rows=152 loops=1)
        Filter: (person_id = 422109)
        Rows Removed by Filter: 36244192
  ->  Index Only Scan using title_pkey on title t  (cost=0.43..8.32 rows=1 width=4) (actual time=0.034..0.034 rows=1 loops=152)
        Index Cond: (id = ci.movie_id)
        Heap Fetches: 152
Planning time: 0.836 ms
Execution time: 8710.488 ms
