Hash Join  (cost=102767.86..217798.12 rows=2233609 width=0) (actual time=1638.144..4300.298 rows=2233450 loops=1)
  Hash Cond: (mc.movie_id = t.id)
  ->  Seq Scan on movie_companies mc  (cost=0.00..51404.11 rows=2233609 width=4) (actual time=0.014..884.342 rows=2233450 loops=1)
        Filter: (company_id > 219)
        Rows Removed by Filter: 375679
  ->  Hash  (cost=61283.27..61283.27 rows=2528527 width=4) (actual time=1636.714..1636.714 rows=2528312 loops=1)
        Buckets: 131072  Batches: 64  Memory Usage: 2415kB
        ->  Seq Scan on title t  (cost=0.00..61283.27 rows=2528527 width=4) (actual time=0.015..786.163 rows=2528312 loops=1)
Planning time: 0.750 ms
Execution time: 4503.484 ms
