Hash Join  (cost=190230.21..792096.60 rows=8024467 width=0) (actual time=4050.299..22975.722 rows=20735884 loops=1)
  Hash Cond: (mi.movie_id = t.id)
  ->  Seq Scan on movie_info mi  (cost=0.00..346232.03 rows=14702584 width=4) (actual time=0.015..6207.008 rows=14785453 loops=1)
        Filter: (info_type_id < 108)
        Rows Removed by Filter: 50267
  ->  Hash  (cost=167588.78..167588.78 rows=1380035 width=8) (actual time=4049.222..4049.222 rows=1380035 loops=1)
        Buckets: 131072  Batches: 32  Memory Usage: 2726kB
        ->  Hash Join  (cost=102767.86..167588.78 rows=1380035 width=8) (actual time=1664.673..3603.973 rows=1380035 loops=1)
              Hash Cond: (mi_idx.movie_id = t.id)
              ->  Seq Scan on movie_info_idx mi_idx  (cost=0.00..21735.35 rows=1380035 width=4) (actual time=0.013..370.840 rows=1380035 loops=1)
              ->  Hash  (cost=61283.27..61283.27 rows=2528527 width=4) (actual time=1662.949..1662.949 rows=2528312 loops=1)
                    Buckets: 131072  Batches: 64  Memory Usage: 2415kB
                    ->  Seq Scan on title t  (cost=0.00..61283.27 rows=2528527 width=4) (actual time=0.022..825.620 rows=2528312 loops=1)
Planning time: 1.216 ms
Execution time: 25333.494 ms
