Hash Join  (cost=79303.65..164496.92 rows=735775 width=0) (actual time=908.622..2488.804 rows=1076426 loops=1)
  Hash Cond: (mc.movie_id = t.id)
  ->  Seq Scan on movie_companies mc  (cost=0.00..44881.29 rows=2609129 width=4) (actual time=0.016..413.150 rows=2609129 loops=1)
  ->  Hash  (cost=67604.59..67604.59 rows=713045 width=4) (actual time=907.821..907.821 rows=707186 loops=1)
        Buckets: 131072  Batches: 16  Memory Usage: 2578kB
        ->  Seq Scan on title t  (cost=0.00..67604.59 rows=713045 width=4) (actual time=0.017..722.730 rows=707186 loops=1)
              Filter: (production_year < 1991)
              Rows Removed by Filter: 1821126
Planning time: 0.559 ms
Execution time: 2585.931 ms
