Hash Join  (cost=598141.53..1746581.02 rows=15915509 width=0) (actual time=9878.392..31979.614 rows=8544164 loops=1)
  Hash Cond: (ci.movie_id = t.id)
  ->  Seq Scan on cast_info ci  (cost=0.00..796071.18 rows=12870915 width=4) (actual time=0.014..11460.072 rows=14049244 loops=1)
        Filter: ((person_id < 1447256) AND (role_id < 10))
        Rows Removed by Filter: 22195100
  ->  Hash  (cost=546844.46..546844.46 rows=3126646 width=8) (actual time=9875.110..9875.110 rows=929144 loops=1)
        Buckets: 131072  Batches: 64  Memory Usage: 1577kB
        ->  Hash Join  (cost=95920.39..546844.46 rows=3126646 width=8) (actual time=2024.389..9595.253 rows=929144 loops=1)
              Hash Cond: (mi.movie_id = t.id)
              ->  Seq Scan on movie_info mi  (cost=0.00..346232.03 rows=5897221 width=4) (actual time=419.670..4679.830 rows=5884963 loops=1)
                    Filter: (info_type_id < 7)
                    Rows Removed by Filter: 8950757
              ->  Hash  (cost=73925.90..73925.90 rows=1340599 width=4) (actual time=1603.896..1603.896 rows=1418280 loops=1)
                    Buckets: 131072  Batches: 32  Memory Usage: 2590kB
                    ->  Seq Scan on title t  (cost=0.00..73925.90 rows=1340599 width=4) (actual time=60.384..954.559 rows=1418280 loops=1)
                          Filter: ((production_year > 1961) AND (kind_id = 7))
                          Rows Removed by Filter: 1110032
Planning time: 1.243 ms
Execution time: 33032.486 ms
