Hash Join  (cost=243001.15..335398.25 rows=1258358 width=0) (actual time=5430.680..9845.894 rows=8361464 loops=1)
  Hash Cond: (mc.movie_id = t.id)
  ->  Seq Scan on movie_companies mc  (cost=0.00..44881.29 rows=2609129 width=4) (actual time=0.025..974.011 rows=2609129 loops=1)
  ->  Hash  (cost=222993.60..222993.60 rows=1219484 width=8) (actual time=5429.639..5429.639 rows=1225753 loops=1)
        Buckets: 131072  Batches: 16  Memory Usage: 4055kB
        ->  Hash Join  (cost=102767.86..222993.60 rows=1219484 width=8) (actual time=1915.295..5091.632 rows=1225753 loops=1)
              Hash Cond: (mk.movie_id = t.id)
              ->  Seq Scan on movie_keyword mk  (cost=0.00..81003.12 rows=1219484 width=4) (actual time=0.017..1516.205 rows=1225753 loops=1)
                    Filter: (keyword_id < 1556)
                    Rows Removed by Filter: 3298177
              ->  Hash  (cost=61283.27..61283.27 rows=2528527 width=4) (actual time=1914.146..1914.146 rows=2528312 loops=1)
                    Buckets: 131072  Batches: 64  Memory Usage: 2425kB
                    ->  Seq Scan on title t  (cost=0.00..61283.27 rows=2528527 width=4) (actual time=0.021..1054.279 rows=2528312 loops=1)
Planning time: 1.065 ms
Execution time: 10825.234 ms
