Seq Scan on movie_keyword mk  (cost=0.00..81003.12 rows=246 width=0) (actual time=0.126..957.943 rows=651 loops=1)
  Filter: (keyword_id = 654)
  Rows Removed by Filter: 4523279
Planning time: 0.275 ms
Execution time: 958.219 ms
