Hash Join  (cost=73983.02..158302.44 rows=1590 width=0) (actual time=940.023..2195.342 rows=645 loops=1)
  Hash Cond: (mk.movie_id = t.id)
  ->  Seq Scan on movie_keyword mk  (cost=0.00..81003.12 rows=880107 width=4) (actual time=0.015..1114.378 rows=887132 loops=1)
        Filter: (keyword_id < 840)
        Rows Removed by Filter: 3636798
  ->  Hash  (cost=73925.90..73925.90 rows=4569 width=4) (actual time=913.633..913.633 rows=8015 loops=1)
        Buckets: 8192  Batches: 1  Memory Usage: 346kB
        ->  Seq Scan on title t  (cost=0.00..73925.90 rows=4569 width=4) (actual time=0.754..909.778 rows=8015 loops=1)
              Filter: ((kind_id > 4) AND (production_year = 1975))
              Rows Removed by Filter: 2520297
Planning time: 0.725 ms
Execution time: 2195.583 ms
