Hash Join  (cost=101220.01..929914.47 rows=77721 width=0) (actual time=4950.911..15153.335 rows=264713 loops=1)
  Hash Cond: (ci.movie_id = t.id)
  ->  Seq Scan on cast_info ci  (cost=0.00..796071.18 rows=8492283 width=4) (actual time=3465.311..10925.882 rows=13214334 loops=1)
        Filter: ((person_id > 2352866) AND (role_id > 1))
        Rows Removed by Filter: 23030010
  ->  Hash  (cost=100930.75..100930.75 rows=23141 width=8) (actual time=1484.939..1484.939 rows=19531 loops=1)
        Buckets: 32768  Batches: 1  Memory Usage: 1019kB
        ->  Hash Join  (cost=69687.24..100930.75 rows=23141 width=8) (actual time=883.881..1477.418 rows=19531 loops=1)
              Hash Cond: (mi_idx.movie_id = t.id)
              ->  Seq Scan on movie_info_idx mi_idx  (cost=0.00..25185.44 rows=460978 width=4) (actual time=0.024..397.615 rows=459925 loops=1)
                    Filter: (info_type_id = 99)
                    Rows Removed by Filter: 920110
              ->  Hash  (cost=67604.59..67604.59 rows=126932 width=4) (actual time=882.920..882.920 rows=122861 loops=1)
                    Buckets: 131072  Batches: 2  Memory Usage: 3191kB
                    ->  Seq Scan on title t  (cost=0.00..67604.59 rows=126932 width=4) (actual time=0.036..837.771 rows=122861 loops=1)
                          Filter: (production_year = 2008)
                          Rows Removed by Filter: 2405451
Planning time: 0.855 ms
Execution time: 15193.294 ms
