Hash Join  (cost=83074.74..836316.99 rows=1238 width=0) (actual time=991.149..14318.731 rows=9901 loops=1)
  Hash Cond: (ci.movie_id = t.id)
  ->  Seq Scan on cast_info ci  (cost=0.00..705507.15 rows=12726058 width=4) (actual time=0.018..11431.453 rows=12670688 loops=1)
        Filter: (role_id < 2)
        Rows Removed by Filter: 23573656
  ->  Hash  (cost=83071.67..83071.67 rows=246 width=8) (actual time=990.603..990.603 rows=486 loops=1)
        Buckets: 1024  Batches: 1  Memory Usage: 27kB
        ->  Nested Loop  (cost=0.43..83071.67 rows=246 width=8) (actual time=1.744..990.270 rows=486 loops=1)
              ->  Seq Scan on movie_keyword mk  (cost=0.00..81003.12 rows=246 width=4) (actual time=1.698..979.119 rows=486 loops=1)
                    Filter: (keyword_id = 11342)
                    Rows Removed by Filter: 4523444
              ->  Index Only Scan using title_pkey on title t  (cost=0.43..8.40 rows=1 width=4) (actual time=0.021..0.022 rows=1 loops=486)
                    Index Cond: (id = mk.movie_id)
                    Heap Fetches: 486
Planning time: 0.838 ms
Execution time: 14321.351 ms
