Hash Join  (cost=105814.36..1527659.59 rows=33366205 width=0) (actual time=1859.343..40975.666 rows=34966886 loops=1)
  Hash Cond: (ci.movie_id = t.id)
  ->  Seq Scan on cast_info ci  (cost=0.00..614943.12 rows=36225612 width=4) (actual time=0.011..10233.021 rows=36244344 loops=1)
  ->  Hash  (cost=67604.59..67604.59 rows=2328942 width=4) (actual time=1858.483..1858.483 rows=2323095 loops=1)
        Buckets: 131072  Batches: 32  Memory Usage: 3579kB
        ->  Seq Scan on title t  (cost=0.00..67604.59 rows=2328942 width=4) (actual time=0.037..1114.040 rows=2323095 loops=1)
              Filter: (production_year > 1936)
              Rows Removed by Filter: 205217
Planning time: 0.832 ms
Execution time: 44726.614 ms
