Hash Join  (cost=74657.14..129926.31 rows=60364 width=0) (actual time=1197.857..2643.935 rows=21415 loops=1)
  Hash Cond: (mc.movie_id = t.id)
  ->  Seq Scan on movie_companies mc  (cost=0.00..44881.29 rows=2609129 width=4) (actual time=0.025..677.815 rows=2609129 loops=1)
  ->  Hash  (cost=73925.90..73925.90 rows=58499 width=4) (actual time=1197.452..1197.452 rows=62752 loops=1)
        Buckets: 65536  Batches: 1  Memory Usage: 2719kB
        ->  Seq Scan on title t  (cost=0.00..73925.90 rows=58499 width=4) (actual time=0.021..1171.868 rows=62752 loops=1)
              Filter: ((kind_id = 7) AND (production_year = 2005))
              Rows Removed by Filter: 2465560
Planning time: 0.828 ms
Execution time: 2647.004 ms
