Hash Join  (cost=102767.86..1129770.74 rows=9186566 width=0) (actual time=9098.466..22551.879 rows=10334087 loops=1)
  Hash Cond: (ci.movie_id = t.id)
  ->  Seq Scan on cast_info ci  (cost=0.00..796071.18 rows=9186566 width=4) (actual time=7495.239..13258.296 rows=10334087 loops=1)
        Filter: ((person_id > 868817) AND (role_id > 3))
        Rows Removed by Filter: 25910257
  ->  Hash  (cost=61283.27..61283.27 rows=2528527 width=4) (actual time=1601.292..1601.292 rows=2528312 loops=1)
        Buckets: 131072  Batches: 64  Memory Usage: 2415kB
        ->  Seq Scan on title t  (cost=0.00..61283.27 rows=2528527 width=4) (actual time=0.009..762.914 rows=2528312 loops=1)
Planning time: 0.853 ms
Execution time: 23599.766 ms
