Seq Scan on cast_info ci  (cost=0.00..796071.18 rows=1165528 width=0) (actual time=819.581..8870.932 rows=1428502 loops=1)
  Filter: ((person_id > 2081430) AND (role_id = 4))
  Rows Removed by Filter: 34815842
Planning time: 0.496 ms
Execution time: 9040.130 ms
