Seq Scan on cast_info ci  (cost=0.00..705507.15 rows=33997439 width=0) (actual time=0.023..10297.377 rows=34084458 loops=1)
  Filter: (person_id > 211948)
  Rows Removed by Filter: 2159886
Planning time: 0.344 ms
Execution time: 14312.743 ms
