Hash Join  (cost=90416.96..1213316.97 rows=10578043 width=0) (actual time=1284.040..30052.777 rows=12354607 loops=1)
  Hash Cond: (ci.movie_id = t.id)
  ->  Seq Scan on cast_info ci  (cost=0.00..705507.15 rows=26610515 width=4) (actual time=0.026..12226.451 rows=26812539 loops=1)
        Filter: (person_id > 928382)
        Rows Removed by Filter: 9431805
  ->  Hash  (cost=73925.90..73925.90 rows=1005124 width=4) (actual time=1283.106..1283.106 rows=1099095 loops=1)
        Buckets: 131072  Batches: 16  Memory Usage: 3447kB
        ->  Seq Scan on title t  (cost=0.00..73925.90 rows=1005124 width=4) (actual time=0.024..959.659 rows=1099095 loops=1)
              Filter: ((production_year > 1994) AND (kind_id = 7))
              Rows Removed by Filter: 1429217
Planning time: 0.782 ms
Execution time: 31413.312 ms
