Seq Scan on cast_info ci  (cost=0.00..796071.18 rows=2428064 width=0) (actual time=2078.796..9515.490 rows=1714034 loops=1)
  Filter: ((person_id > 2475576) AND (role_id = 2))
  Rows Removed by Filter: 34530310
Planning time: 0.865 ms
Execution time: 9739.340 ms
