Hash Join  (cost=83074.74..476813.70 rows=1232 width=0) (actual time=1069.404..7753.376 rows=38 loops=1)
  Hash Cond: (mi.movie_id = t.id)
  ->  Seq Scan on movie_info mi  (cost=0.00..346232.03 rows=12665229 width=4) (actual time=0.025..4944.306 rows=12744652 loops=1)
        Filter: (info_type_id > 2)
        Rows Removed by Filter: 2091068
  ->  Hash  (cost=83071.67..83071.67 rows=246 width=8) (actual time=1067.391..1067.391 rows=3 loops=1)
        Buckets: 1024  Batches: 1  Memory Usage: 9kB
        ->  Nested Loop  (cost=0.43..83071.67 rows=246 width=8) (actual time=176.336..1067.379 rows=3 loops=1)
              ->  Seq Scan on movie_keyword mk  (cost=0.00..81003.12 rows=246 width=4) (actual time=176.250..1067.179 rows=3 loops=1)
                    Filter: (keyword_id = 80451)
                    Rows Removed by Filter: 4523927
              ->  Index Only Scan using title_pkey on title t  (cost=0.43..8.40 rows=1 width=4) (actual time=0.053..0.054 rows=1 loops=3)
                    Index Cond: (id = mk.movie_id)
                    Heap Fetches: 3
Planning time: 1.201 ms
Execution time: 7753.507 ms
