Hash Join  (cost=104838.55..472419.13 rows=292466 width=0) (actual time=1430.863..8552.190 rows=963926 loops=1)
  Hash Cond: (mi.movie_id = t.id)
  ->  Seq Scan on movie_info mi  (cost=0.00..309384.22 rows=14739122 width=4) (actual time=0.016..2877.107 rows=14835720 loops=1)
  ->  Hash  (cost=104211.39..104211.39 rows=50173 width=8) (actual time=1430.472..1430.472 rows=51471 loops=1)
        Buckets: 65536  Batches: 1  Memory Usage: 2523kB
        ->  Hash Join  (cost=72085.10..104211.39 rows=50173 width=8) (actual time=753.185..1411.481 rows=51471 loops=1)
              Hash Cond: (mi_idx.movie_id = t.id)
              ->  Seq Scan on movie_info_idx mi_idx  (cost=0.00..25185.44 rows=464566 width=4) (actual time=0.024..400.538 rows=459925 loops=1)
                    Filter: (info_type_id = 101)
                    Rows Removed by Filter: 920110
              ->  Hash  (cost=67604.59..67604.59 rows=273081 width=4) (actual time=752.267..752.267 rows=273902 loops=1)
                    Buckets: 131072  Batches: 4  Memory Usage: 3428kB
                    ->  Seq Scan on title t  (cost=0.00..67604.59 rows=273081 width=4) (actual time=0.032..676.855 rows=273902 loops=1)
                          Filter: (production_year < 1963)
                          Rows Removed by Filter: 2254410
Planning time: 1.148 ms
Execution time: 8684.890 ms
