Hash Join  (cost=77854.63..203531.50 rows=331055 width=0) (actual time=936.152..3263.721 rows=69928 loops=1)
  Hash Cond: (mk.movie_id = t.id)
  ->  Seq Scan on movie_keyword mk  (cost=0.00..81003.12 rows=3496319 width=4) (actual time=0.015..1240.358 rows=3491609 loops=1)
        Filter: (keyword_id > 1013)
        Rows Removed by Filter: 1032321
  ->  Hash  (cost=73925.90..73925.90 rows=239418 width=4) (actual time=935.371..935.371 rows=256906 loops=1)
        Buckets: 131072  Batches: 4  Memory Usage: 3302kB
        ->  Seq Scan on title t  (cost=0.00..73925.90 rows=239418 width=4) (actual time=0.022..846.520 rows=256906 loops=1)
              Filter: ((production_year > 2010) AND (kind_id = 7))
              Rows Removed by Filter: 2271406
Planning time: 0.737 ms
Execution time: 3268.822 ms
