Seq Scan on movie_keyword mk  (cost=0.00..81003.12 rows=1320583 width=0) (actual time=0.020..1069.377 rows=1334327 loops=1)
  Filter: (keyword_id > 12891)
  Rows Removed by Filter: 3189603
Planning time: 0.318 ms
Execution time: 1233.304 ms
