Hash Join  (cost=271798.96..884574.68 rows=9672555 width=0) (actual time=5109.644..39336.920 rows=102600250 loops=1)
  Hash Cond: (mi.movie_id = t.id)
  ->  Seq Scan on movie_info mi  (cost=0.00..346232.03 rows=12665229 width=4) (actual time=0.029..5458.635 rows=12744652 loops=1)
        Filter: (info_type_id > 2)
        Rows Removed by Filter: 2091068
  ->  Hash  (cost=240116.71..240116.71 rows=1931060 width=8) (actual time=5108.836..5108.836 rows=1941252 loops=1)
        Buckets: 131072  Batches: 32  Memory Usage: 3461kB
        ->  Hash Join  (cost=102767.86..240116.71 rows=1931060 width=8) (actual time=1669.098..4603.467 rows=1941252 loops=1)
              Hash Cond: (mk.movie_id = t.id)
              ->  Seq Scan on movie_keyword mk  (cost=0.00..81003.12 rows=1931060 width=4) (actual time=0.016..1218.783 rows=1941252 loops=1)
                    Filter: (keyword_id > 6765)
                    Rows Removed by Filter: 2582678
              ->  Hash  (cost=61283.27..61283.27 rows=2528527 width=4) (actual time=1668.202..1668.202 rows=2528312 loops=1)
                    Buckets: 131072  Batches: 64  Memory Usage: 2425kB
                    ->  Seq Scan on title t  (cost=0.00..61283.27 rows=2528527 width=4) (actual time=0.023..815.339 rows=2528312 loops=1)
Planning time: 1.215 ms
Execution time: 50016.166 ms
