Hash Join  (cost=102767.86..248090.17 rows=2262473 width=0) (actual time=2289.118..5826.262 rows=2258712 loops=1)
  Hash Cond: (mk.movie_id = t.id)
  ->  Seq Scan on movie_keyword mk  (cost=0.00..81003.12 rows=2262473 width=4) (actual time=0.019..1471.511 rows=2258712 loops=1)
        Filter: (keyword_id > 4720)
        Rows Removed by Filter: 2265218
  ->  Hash  (cost=61283.27..61283.27 rows=2528527 width=4) (actual time=2285.903..2285.903 rows=2528312 loops=1)
        Buckets: 131072  Batches: 64  Memory Usage: 2425kB
        ->  Seq Scan on title t  (cost=0.00..61283.27 rows=2528527 width=4) (actual time=0.020..1031.206 rows=2528312 loops=1)
Planning time: 0.727 ms
Execution time: 6096.507 ms
