Hash Join  (cost=102767.86..223013.52 rows=1220341 width=0) (actual time=1609.065..3913.120 rows=1228876 loops=1)
  Hash Cond: (mk.movie_id = t.id)
  ->  Seq Scan on movie_keyword mk  (cost=0.00..81003.12 rows=1220341 width=4) (actual time=0.019..1222.136 rows=1228876 loops=1)
        Filter: (keyword_id < 1559)
        Rows Removed by Filter: 3295054
  ->  Hash  (cost=61283.27..61283.27 rows=2528527 width=4) (actual time=1606.772..1606.772 rows=2528312 loops=1)
        Buckets: 131072  Batches: 64  Memory Usage: 2425kB
        ->  Seq Scan on title t  (cost=0.00..61283.27 rows=2528527 width=4) (actual time=0.020..784.076 rows=2528312 loops=1)
Planning time: 0.681 ms
Execution time: 4018.175 ms
