Hash Join  (cost=102767.86..177157.52 rows=544711 width=0) (actual time=1449.157..2566.343 rows=543589 loops=1)
  Hash Cond: (mc.movie_id = t.id)
  ->  Seq Scan on movie_companies mc  (cost=0.00..51404.11 rows=544711 width=4) (actual time=0.024..563.768 rows=543589 loops=1)
        Filter: (company_id < 533)
        Rows Removed by Filter: 2065540
  ->  Hash  (cost=61283.27..61283.27 rows=2528527 width=4) (actual time=1448.261..1448.261 rows=2528312 loops=1)
        Buckets: 131072  Batches: 64  Memory Usage: 2415kB
        ->  Seq Scan on title t  (cost=0.00..61283.27 rows=2528527 width=4) (actual time=0.010..699.389 rows=2528312 loops=1)
Planning time: 0.806 ms
Execution time: 2606.492 ms
