Hash Join  (cost=1002566.11..1839494.86 rows=26562622 width=0) (actual time=15133.451..45128.121 rows=83247706 loops=1)
  Hash Cond: (mi.movie_id = t.id)
  ->  Seq Scan on movie_info mi  (cost=0.00..309384.22 rows=14739122 width=4) (actual time=0.022..3848.073 rows=14835720 loops=1)
  ->  Hash  (cost=927804.19..927804.19 rows=4556873 width=8) (actual time=15132.560..15132.560 rows=4586724 loops=1)
        Buckets: 131072  Batches: 64  Memory Usage: 3858kB
        ->  Hash Join  (cost=102767.86..927804.19 rows=4556873 width=8) (actual time=3880.991..14065.272 rows=4586724 loops=1)
              Hash Cond: (ci.movie_id = t.id)
              ->  Seq Scan on cast_info ci  (cost=0.00..705507.15 rows=4556873 width=4) (actual time=2392.025..9083.658 rows=4586724 loops=1)
                    Filter: (person_id > 3226146)
                    Rows Removed by Filter: 31657620
              ->  Hash  (cost=61283.27..61283.27 rows=2528527 width=4) (actual time=1486.765..1486.765 rows=2528312 loops=1)
                    Buckets: 131072  Batches: 64  Memory Usage: 2415kB
                    ->  Seq Scan on title t  (cost=0.00..61283.27 rows=2528527 width=4) (actual time=0.024..707.369 rows=2528312 loops=1)
Planning time: 1.123 ms
Execution time: 53391.706 ms
