Hash Join  (cost=70965.72..110577.04 rows=111783 width=0) (actual time=850.440..1748.769 rows=108609 loops=1)
  Hash Cond: (mi_idx.movie_id = t.id)
  ->  Seq Scan on movie_info_idx mi_idx  (cost=0.00..21735.35 rows=1380035 width=4) (actual time=0.019..366.605 rows=1380035 loops=1)
  ->  Hash  (cost=67604.59..67604.59 rows=204811 width=4) (actual time=849.748..849.748 rows=202996 loops=1)
        Buckets: 131072  Batches: 4  Memory Usage: 2808kB
        ->  Seq Scan on title t  (cost=0.00..67604.59 rows=204811 width=4) (actual time=0.008..785.703 rows=202996 loops=1)
              Filter: (production_year < 1956)
              Rows Removed by Filter: 2325316
Planning time: 0.561 ms
Execution time: 1759.692 ms
