Hash Join  (cost=204660.45..287076.60 rows=534362 width=0) (actual time=3554.888..6119.694 rows=4115725 loops=1)
  Hash Cond: (mc.movie_id = t.id)
  ->  Seq Scan on movie_companies mc  (cost=0.00..44881.29 rows=2609129 width=4) (actual time=0.021..649.010 rows=2609129 loops=1)
  ->  Hash  (cost=196164.26..196164.26 rows=517855 width=8) (actual time=3553.676..3553.676 rows=655022 loops=1)
        Buckets: 131072 (originally 131072)  Batches: 16 (originally 8)  Memory Usage: 3073kB
        ->  Hash Join  (cost=93117.31..196164.26 rows=517855 width=8) (actual time=1539.370..3364.762 rows=655022 loops=1)
              Hash Cond: (mk.movie_id = t.id)
              ->  Seq Scan on movie_keyword mk  (cost=0.00..81003.12 rows=842054 width=4) (actual time=0.026..1008.550 rows=841659 loops=1)
                    Filter: (keyword_id < 807)
                    Rows Removed by Filter: 3682271
              ->  Hash  (cost=67604.59..67604.59 rows=1555018 width=4) (actual time=1538.623..1538.623 rows=1551727 loops=1)
                    Buckets: 131072  Batches: 32  Memory Usage: 2736kB
                    ->  Seq Scan on title t  (cost=0.00..67604.59 rows=1555018 width=4) (actual time=0.014..1020.937 rows=1551727 loops=1)
                          Filter: (production_year < 2007)
                          Rows Removed by Filter: 976585
Planning time: 1.116 ms
Execution time: 6479.738 ms
