Hash Join  (cost=341437.87..1032669.80 rows=16053217 width=0) (actual time=6836.451..53582.537 rows=184425691 loops=1)
  Hash Cond: (mi.movie_id = t.id)
  ->  Seq Scan on movie_info mi  (cost=0.00..346232.03 rows=11115165 width=4) (actual time=0.017..5253.543 rows=11210743 loops=1)
        Filter: (info_type_id > 3)
        Rows Removed by Filter: 3624977
  ->  Hash  (cost=281523.66..281523.66 rows=3651857 width=8) (actual time=6834.826..6834.826 rows=3645663 loops=1)
        Buckets: 131072  Batches: 64  Memory Usage: 3348kB
        ->  Hash Join  (cost=102767.86..281523.66 rows=3651857 width=8) (actual time=1391.664..5801.630 rows=3645663 loops=1)
              Hash Cond: (mk.movie_id = t.id)
              ->  Seq Scan on movie_keyword mk  (cost=0.00..81003.12 rows=3651857 width=4) (actual time=0.020..1417.017 rows=3645663 loops=1)
                    Filter: (keyword_id > 831)
                    Rows Removed by Filter: 878267
              ->  Hash  (cost=61283.27..61283.27 rows=2528527 width=4) (actual time=1389.037..1389.037 rows=2528312 loops=1)
                    Buckets: 131072  Batches: 64  Memory Usage: 2425kB
                    ->  Seq Scan on title t  (cost=0.00..61283.27 rows=2528527 width=4) (actual time=0.022..655.770 rows=2528312 loops=1)
Planning time: 5.659 ms
Execution time: 71852.625 ms
