Seq Scan on movie_keyword mk  (cost=0.00..81003.12 rows=246 width=0) (actual time=6.905..987.677 rows=55 loops=1)
  Filter: (keyword_id = 25484)
  Rows Removed by Filter: 4523875
Planning time: 0.376 ms
Execution time: 987.813 ms
