Hash Join  (cost=427995.79..1149732.36 rows=2751 width=0) (actual time=11494.823..15609.429 rows=4260 loops=1)
  Hash Cond: (ci.movie_id = t.id)
  ->  Seq Scan on cast_info ci  (cost=0.00..705507.15 rows=4320508 width=4) (actual time=6555.474..10067.305 rows=4323018 loops=1)
        Filter: (role_id = 10)
        Rows Removed by Filter: 31921326
  ->  Hash  (cost=427975.67..427975.67 rows=1610 width=8) (actual time=4938.903..4938.903 rows=5933 loops=1)
        Buckets: 8192 (originally 2048)  Batches: 1 (originally 1)  Memory Usage: 296kB
        ->  Hash Join  (cost=73950.44..427975.67 rows=1610 width=8) (actual time=3162.584..4936.167 rows=5933 loops=1)
              Hash Cond: (mi.movie_id = t.id)
              ->  Seq Scan on movie_info mi  (cost=0.00..346232.03 rows=2073893 width=4) (actual time=2170.201..3811.089 rows=2091068 loops=1)
                    Filter: (info_type_id < 3)
                    Rows Removed by Filter: 12744652
              ->  Hash  (cost=73925.90..73925.90 rows=1963 width=4) (actual time=794.071..794.071 rows=3792 loops=1)
                    Buckets: 4096 (originally 2048)  Batches: 1 (originally 1)  Memory Usage: 166kB
                    ->  Seq Scan on title t  (cost=0.00..73925.90 rows=1963 width=4) (actual time=0.059..792.401 rows=3792 loops=1)
                          Filter: ((kind_id = 1) AND (production_year = 1966))
                          Rows Removed by Filter: 2524520
Planning time: 1.231 ms
Execution time: 15610.407 ms
