Hash Join  (cost=102767.86..1505724.67 rows=28574379 width=0) (actual time=1400.385..32164.250 rows=28686626 loops=1)
  Hash Cond: (ci.movie_id = t.id)
  ->  Seq Scan on cast_info ci  (cost=0.00..705507.15 rows=28574379 width=4) (actual time=0.027..11005.477 rows=28686626 loops=1)
        Filter: (person_id > 732392)
        Rows Removed by Filter: 7557718
  ->  Hash  (cost=61283.27..61283.27 rows=2528527 width=4) (actual time=1398.463..1398.463 rows=2528312 loops=1)
        Buckets: 131072  Batches: 64  Memory Usage: 2415kB
        ->  Seq Scan on title t  (cost=0.00..61283.27 rows=2528527 width=4) (actual time=0.025..681.904 rows=2528312 loops=1)
Planning time: 0.761 ms
Execution time: 34605.200 ms
