Seq Scan on movie_companies mc  (cost=0.00..57926.93 rows=872193 width=0) (actual time=0.015..848.379 rows=1185045 loops=1)
  Filter: ((company_id < 26295) AND (company_type_id < 2))
  Rows Removed by Filter: 1424084
Planning time: 0.244 ms
Execution time: 984.585 ms
