Hash Join  (cost=140197.13..1024870.26 rows=1156580 width=0) (actual time=8761.997..16181.776 rows=1188378 loops=1)
  Hash Cond: (ci.movie_id = t.id)
  ->  Seq Scan on cast_info ci  (cost=0.00..796071.18 rows=6510710 width=4) (actual time=6729.786..11386.729 rows=7451973 loops=1)
        Filter: ((person_id < 3333431) AND (role_id = 2))
        Rows Removed by Filter: 28792371
  ->  Hash  (cost=132827.45..132827.45 rows=449174 width=8) (actual time=2030.416..2030.416 rows=251721 loops=1)
        Buckets: 131072  Batches: 8  Memory Usage: 2259kB
        ->  Hash Join  (cost=87428.23..132827.45 rows=449174 width=8) (actual time=1380.688..1964.289 rows=251721 loops=1)
              Hash Cond: (mi_idx.movie_id = t.id)
              ->  Seq Scan on movie_info_idx mi_idx  (cost=0.00..21735.35 rows=1380035 width=4) (actual time=0.030..229.485 rows=1380035 loops=1)
              ->  Hash  (cost=73925.90..73925.90 rows=822986 width=4) (actual time=1129.212..1129.212 rows=738761 loops=1)
                    Buckets: 131072  Batches: 16  Memory Usage: 2648kB
                    ->  Seq Scan on title t  (cost=0.00..73925.90 rows=822986 width=4) (actual time=0.024..914.301 rows=738761 loops=1)
                          Filter: ((production_year < 2005) AND (kind_id = 7))
                          Rows Removed by Filter: 1789551
Planning time: 1.213 ms
Execution time: 16276.759 ms
