Hash Join  (cost=83074.74..137742.81 rows=254 width=0) (actual time=1023.194..1843.875 rows=13117 loops=1)
  Hash Cond: (mc.movie_id = t.id)
  ->  Seq Scan on movie_companies mc  (cost=0.00..44881.29 rows=2609129 width=4) (actual time=0.021..384.054 rows=2609129 loops=1)
  ->  Hash  (cost=83071.67..83071.67 rows=246 width=8) (actual time=1020.219..1020.219 rows=1250 loops=1)
        Buckets: 2048 (originally 1024)  Batches: 1 (originally 1)  Memory Usage: 65kB
        ->  Nested Loop  (cost=0.43..83071.67 rows=246 width=8) (actual time=0.086..1019.284 rows=1250 loops=1)
              ->  Seq Scan on movie_keyword mk  (cost=0.00..81003.12 rows=246 width=4) (actual time=0.036..998.228 rows=1250 loops=1)
                    Filter: (keyword_id = 1915)
                    Rows Removed by Filter: 4522680
              ->  Index Only Scan using title_pkey on title t  (cost=0.43..8.40 rows=1 width=4) (actual time=0.015..0.016 rows=1 loops=1250)
                    Index Cond: (id = mk.movie_id)
                    Heap Fetches: 1250
Planning time: 1.140 ms
Execution time: 1845.578 ms
