Seq Scan on cast_info ci  (cost=0.00..705507.15 rows=500 width=0) (actual time=3541.834..7441.426 rows=223 loops=1)
  Filter: (person_id = 3258405)
  Rows Removed by Filter: 36244121
Planning time: 0.358 ms
Execution time: 7441.535 ms
