Hash Join  (cost=845815.27..890355.44 rows=399068 width=0) (actual time=11961.797..13572.176 rows=813295 loops=1)
  Hash Cond: (mi_idx.movie_id = t.id)
  ->  Seq Scan on movie_info_idx mi_idx  (cost=0.00..21735.35 rows=1380035 width=4) (actual time=0.025..299.946 rows=1380035 loops=1)
  ->  Hash  (cost=833818.52..833818.52 rows=731180 width=8) (actual time=11960.929..11960.929 rows=736797 loops=1)
        Buckets: 131072  Batches: 16  Memory Usage: 2827kB
        ->  Hash Join  (cost=101458.67..833818.52 rows=731180 width=8) (actual time=9386.964..11756.314 rows=736797 loops=1)
              Hash Cond: (ci.movie_id = t.id)
              ->  Seq Scan on cast_info ci  (cost=0.00..705507.15 rows=895980 width=4) (actual time=7537.745..9008.947 rows=898389 loops=1)
                    Filter: (role_id = 5)
                    Rows Removed by Filter: 35345955
              ->  Hash  (cost=67604.59..67604.59 rows=2063447 width=4) (actual time=1848.384..1848.384 rows=2060346 loops=1)
                    Buckets: 131072  Batches: 32  Memory Usage: 3293kB
                    ->  Seq Scan on title t  (cost=0.00..67604.59 rows=2063447 width=4) (actual time=0.030..971.353 rows=2060346 loops=1)
                          Filter: (production_year > 1971)
                          Rows Removed by Filter: 467966
Planning time: 1.252 ms
Execution time: 13641.598 ms
