Seq Scan on movie_keyword mk  (cost=0.00..81003.12 rows=1509279 width=0) (actual time=0.018..774.003 rows=1527855 loops=1)
  Filter: (keyword_id > 10493)
  Rows Removed by Filter: 2996075
Planning time: 0.217 ms
Execution time: 909.074 ms
