Hash Join  (cost=200957.48..1368976.29 rows=13065265 width=0) (actual time=3105.070..32344.772 rows=23709296 loops=1)
  Hash Cond: (ci.movie_id = t.id)
  ->  Seq Scan on cast_info ci  (cost=0.00..614943.12 rows=36225612 width=4) (actual time=0.031..8215.119 rows=36244344 loops=1)
  ->  Hash  (cost=185995.12..185995.12 rows=911948 width=8) (actual time=3103.772..3103.772 rows=920543 loops=1)
        Buckets: 131072  Batches: 16  Memory Usage: 3281kB
        ->  Hash Join  (cost=102767.86..185995.12 rows=911948 width=8) (actual time=1507.827..2926.275 rows=920543 loops=1)
              Hash Cond: (mc.movie_id = t.id)
              ->  Seq Scan on movie_companies mc  (cost=0.00..51404.11 rows=911948 width=4) (actual time=0.016..597.918 rows=920543 loops=1)
                    Filter: (company_id > 20117)
                    Rows Removed by Filter: 1688586
              ->  Hash  (cost=61283.27..61283.27 rows=2528527 width=4) (actual time=1505.785..1505.785 rows=2528312 loops=1)
                    Buckets: 131072  Batches: 64  Memory Usage: 2415kB
                    ->  Seq Scan on title t  (cost=0.00..61283.27 rows=2528527 width=4) (actual time=0.039..709.922 rows=2528312 loops=1)
Planning time: 1.126 ms
Execution time: 34725.170 ms
