Hash Join  (cost=156632.57..224383.43 rows=109796 width=0) (actual time=2880.572..4264.394 rows=518985 loops=1)
  Hash Cond: (mc.movie_id = t.id)
  ->  Seq Scan on movie_companies mc  (cost=0.00..57926.93 rows=597592 width=4) (actual time=0.024..820.026 rows=806155 loops=1)
        Filter: ((company_id < 11128) AND (company_type_id = 1))
        Rows Removed by Filter: 1802974
  ->  Hash  (cost=149010.49..149010.49 rows=464566 width=8) (actual time=2879.801..2879.801 rows=459925 loops=1)
        Buckets: 131072  Batches: 8  Memory Usage: 3275kB
        ->  Hash Join  (cost=102767.86..149010.49 rows=464566 width=8) (actual time=1769.865..2771.978 rows=459925 loops=1)
              Hash Cond: (mi_idx.movie_id = t.id)
              ->  Seq Scan on movie_info_idx mi_idx  (cost=0.00..25185.44 rows=464566 width=4) (actual time=0.027..372.497 rows=459925 loops=1)
                    Filter: (info_type_id = 101)
                    Rows Removed by Filter: 920110
              ->  Hash  (cost=61283.27..61283.27 rows=2528527 width=4) (actual time=1767.815..1767.815 rows=2528312 loops=1)
                    Buckets: 131072  Batches: 64  Memory Usage: 2415kB
                    ->  Seq Scan on title t  (cost=0.00..61283.27 rows=2528527 width=4) (actual time=0.015..720.430 rows=2528312 loops=1)
Planning time: 1.249 ms
Execution time: 4324.911 ms
