Hash Join  (cost=84599.15..128383.98 rows=355034 width=0) (actual time=984.573..2163.968 rows=585040 loops=1)
  Hash Cond: (mi_idx.movie_id = t.id)
  ->  Seq Scan on movie_info_idx mi_idx  (cost=0.00..21735.35 rows=1380035 width=4) (actual time=0.026..326.026 rows=1380035 loops=1)
  ->  Hash  (cost=73925.90..73925.90 rows=650500 width=4) (actual time=983.146..983.146 rows=521865 loops=1)
        Buckets: 131072  Batches: 16  Memory Usage: 2167kB
        ->  Seq Scan on title t  (cost=0.00..73925.90 rows=650500 width=4) (actual time=0.020..834.342 rows=521865 loops=1)
              Filter: ((kind_id < 4) AND (production_year > 1982))
              Rows Removed by Filter: 2006447
Planning time: 0.707 ms
Execution time: 2236.963 ms
