Seq Scan on movie_keyword mk  (cost=0.00..81003.12 rows=2304607 width=0) (actual time=0.016..1240.982 rows=2313260 loops=1)
  Filter: (keyword_id < 4975)
  Rows Removed by Filter: 2210670
Planning time: 0.332 ms
Execution time: 1540.812 ms
