Hash Join  (cost=466354.87..528327.78 rows=58517 width=0) (actual time=7440.702..8979.886 rows=1019919 loops=1)
  Hash Cond: (mc.movie_id = t.id)
  ->  Seq Scan on movie_companies mc  (cost=0.00..51404.11 rows=800967 width=4) (actual time=0.029..922.247 rows=791502 loops=1)
        Filter: (company_id < 1711)
        Rows Removed by Filter: 1817627
  ->  Hash  (cost=463323.74..463323.74 rows=184730 width=8) (actual time=7439.896..7439.896 rows=180112 loops=1)
        Buckets: 131072  Batches: 4  Memory Usage: 2749kB
        ->  Hash Join  (cost=102767.86..463323.74 rows=184730 width=8) (actual time=3846.106..7385.292 rows=180112 loops=1)
              Hash Cond: (mi.movie_id = t.id)
              ->  Seq Scan on movie_info mi  (cost=0.00..346232.03 rows=184730 width=4) (actual time=1980.398..4965.563 rows=180112 loops=1)
                    Filter: (info_type_id = 13)
                    Rows Removed by Filter: 14655608
              ->  Hash  (cost=61283.27..61283.27 rows=2528527 width=4) (actual time=1853.518..1853.518 rows=2528312 loops=1)
                    Buckets: 131072  Batches: 64  Memory Usage: 2425kB
                    ->  Seq Scan on title t  (cost=0.00..61283.27 rows=2528527 width=4) (actual time=0.039..972.141 rows=2528312 loops=1)
Planning time: 1.083 ms
Execution time: 9105.269 ms
