Hash Join  (cost=185613.21..1406788.41 rows=10187822 width=0) (actual time=3296.064..30590.990 rows=16855943 loops=1)
  Hash Cond: (ci.movie_id = t.id)
  ->  Seq Scan on cast_info ci  (cost=0.00..796071.18 rows=27639681 width=4) (actual time=0.012..13360.544 rows=27423891 loops=1)
        Filter: ((person_id > 421791) AND (role_id < 10))
        Rows Removed by Filter: 8820453
  ->  Hash  (cost=170322.21..170322.21 rows=932000 width=8) (actual time=3295.114..3295.114 rows=730845 loops=1)
        Buckets: 131072  Batches: 16  Memory Usage: 2780kB
        ->  Hash Join  (cost=82423.69..170322.21 rows=932000 width=8) (actual time=1136.967..3128.862 rows=730845 loops=1)
              Hash Cond: (mc.movie_id = t.id)
              ->  Seq Scan on movie_companies mc  (cost=0.00..44881.29 rows=2609129 width=4) (actual time=0.030..595.129 rows=2609129 loops=1)
              ->  Hash  (cost=67604.59..67604.59 rows=903208 width=4) (actual time=1135.887..1135.887 rows=904491 loops=1)
                    Buckets: 131072  Batches: 16  Memory Usage: 3010kB
                    ->  Seq Scan on title t  (cost=0.00..67604.59 rows=903208 width=4) (actual time=0.018..860.430 rows=904491 loops=1)
                          Filter: (production_year > 2006)
                          Rows Removed by Filter: 1623821
Planning time: 1.171 ms
Execution time: 32181.477 ms
