Seq Scan on cast_info ci  (cost=0.00..796071.18 rows=1179487 width=0) (actual time=2836.702..8128.279 rows=683646 loops=1)
  Filter: ((person_id < 324755) AND (role_id > 3))
  Rows Removed by Filter: 35560698
Planning time: 0.266 ms
Execution time: 8202.977 ms
