Hash Join  (cost=96729.52..209944.75 rows=894712 width=0) (actual time=1586.780..3724.380 rows=799296 loops=1)
  Hash Cond: (mk.movie_id = t.id)
  ->  Seq Scan on movie_keyword mk  (cost=0.00..81003.12 rows=1274397 width=4) (actual time=0.011..1107.887 rows=1284184 loops=1)
        Filter: (keyword_id < 1661)
        Rows Removed by Filter: 3239746
  ->  Hash  (cost=67604.59..67604.59 rows=1775195 width=4) (actual time=1585.818..1585.818 rows=1772072 loops=1)
        Buckets: 131072  Batches: 32  Memory Usage: 2984kB
        ->  Seq Scan on title t  (cost=0.00..67604.59 rows=1775195 width=4) (actual time=0.013..993.238 rows=1772072 loops=1)
              Filter: (production_year > 1989)
              Rows Removed by Filter: 756240
Planning time: 0.483 ms
Execution time: 3808.450 ms
