Hash Join  (cost=69460.45..184690.58 rows=125833 width=0) (actual time=476.772..2442.000 rows=114080 loops=1)
  Hash Cond: (mk.movie_id = t.id)
  ->  Seq Scan on movie_keyword mk  (cost=0.00..81003.12 rows=2812980 width=4) (actual time=0.024..1209.553 rows=2806710 loops=1)
        Filter: (keyword_id < 8275)
        Rows Removed by Filter: 1717220
  ->  Hash  (cost=67604.59..67604.59 rows=113109 width=4) (actual time=475.859..475.859 rows=119565 loops=1)
        Buckets: 131072  Batches: 2  Memory Usage: 3121kB
        ->  Seq Scan on title t  (cost=0.00..67604.59 rows=113109 width=4) (actual time=0.049..446.868 rows=119565 loops=1)
              Filter: (production_year = 2007)
              Rows Removed by Filter: 2408747
Planning time: 0.780 ms
Execution time: 2453.323 ms
