Hash Join  (cost=100929.31..483820.05 rows=3235 width=0) (actual time=1200.518..5713.793 rows=9018 loops=1)
  Hash Cond: (mi.movie_id = t.id)
  ->  Seq Scan on movie_info mi  (cost=0.00..346232.03 rows=9767026 width=4) (actual time=0.009..3637.687 rows=9911754 loops=1)
        Filter: (info_type_id > 4)
        Rows Removed by Filter: 4923966
  ->  Hash  (cost=100918.83..100918.83 rows=838 width=8) (actual time=846.725..846.725 rows=1861 loops=1)
        Buckets: 2048 (originally 1024)  Batches: 1 (originally 1)  Memory Usage: 89kB
        ->  Hash Join  (cost=73982.89..100918.83 rows=838 width=8) (actual time=647.016..846.147 rows=1861 loops=1)
              Hash Cond: (mi_idx.movie_id = t.id)
              ->  Seq Scan on movie_info_idx mi_idx  (cost=0.00..25185.44 rows=464566 width=4) (actual time=0.018..253.194 rows=459925 loops=1)
                    Filter: (info_type_id = 101)
                    Rows Removed by Filter: 920110
              ->  Hash  (cost=73925.90..73925.90 rows=4559 width=4) (actual time=536.752..536.752 rows=4114 loops=1)
                    Buckets: 8192  Batches: 1  Memory Usage: 209kB
                    ->  Seq Scan on title t  (cost=0.00..73925.90 rows=4559 width=4) (actual time=103.927..535.012 rows=4114 loops=1)
                          Filter: ((kind_id = 2) AND (production_year = 2009))
                          Rows Removed by Filter: 2524198
Planning time: 0.807 ms
Execution time: 5715.311 ms
