Seq Scan on movie_companies mc  (cost=0.00..57926.93 rows=856769 width=0) (actual time=90.745..734.392 rows=667971 loops=1)
  Filter: ((company_id > 2452) AND (company_type_id = 1))
  Rows Removed by Filter: 1941158
Planning time: 0.407 ms
Execution time: 808.504 ms
