Hash Join  (cost=83075.04..833895.72 rows=3151 width=0) (actual time=932.012..12245.663 rows=27217 loops=1)
  Hash Cond: (ci.movie_id = t.id)
  ->  Seq Scan on cast_info ci  (cost=0.00..614943.12 rows=36225612 width=4) (actual time=0.013..5091.047 rows=36244344 loops=1)
  ->  Hash  (cost=83072.29..83072.29 rows=220 width=8) (actual time=931.758..931.758 rows=511 loops=1)
        Buckets: 1024  Batches: 1  Memory Usage: 28kB
        ->  Nested Loop  (cost=0.43..83072.29 rows=220 width=8) (actual time=5.580..931.370 rows=511 loops=1)
              ->  Seq Scan on movie_keyword mk  (cost=0.00..81003.12 rows=246 width=4) (actual time=5.529..915.760 rows=683 loops=1)
                    Filter: (keyword_id = 1044)
                    Rows Removed by Filter: 4523247
              ->  Index Scan using title_pkey on title t  (cost=0.43..8.40 rows=1 width=4) (actual time=0.021..0.022 rows=1 loops=683)
                    Index Cond: (id = mk.movie_id)
                    Filter: (production_year > 1955)
                    Rows Removed by Filter: 0
Planning time: 1.234 ms
Execution time: 12251.783 ms
