Hash Join  (cost=160526.42..277340.73 rows=726577 width=0) (actual time=2421.688..4641.347 rows=591021 loops=1)
  Hash Cond: (mk.movie_id = t.id)
  ->  Seq Scan on movie_keyword mk  (cost=0.00..81003.12 rows=2184645 width=4) (actual time=0.015..1239.078 rows=2183118 loops=1)
        Filter: (keyword_id > 5186)
        Rows Removed by Filter: 2340812
  ->  Hash  (cost=146729.58..146729.58 rows=840947 width=8) (actual time=2420.936..2420.936 rows=425718 loops=1)
        Buckets: 131072  Batches: 16  Memory Usage: 2068kB
        ->  Hash Join  (cost=92883.59..146729.58 rows=840947 width=8) (actual time=1390.522..2323.616 rows=425718 loops=1)
              Hash Cond: (mi_idx.movie_id = t.id)
              ->  Seq Scan on movie_info_idx mi_idx  (cost=0.00..21735.35 rows=1380035 width=4) (actual time=0.022..231.168 rows=1380035 loops=1)
              ->  Hash  (cost=67604.59..67604.59 rows=1540800 width=4) (actual time=1389.414..1389.414 rows=1543264 loops=1)
                    Buckets: 131072  Batches: 32  Memory Usage: 2722kB
                    ->  Seq Scan on title t  (cost=0.00..67604.59 rows=1540800 width=4) (actual time=0.018..912.005 rows=1543264 loops=1)
                          Filter: (kind_id = 7)
                          Rows Removed by Filter: 985048
Planning time: 1.140 ms
Execution time: 4696.587 ms
