Nested Loop  (cost=0.43..58358.27 rows=51 width=0) (actual time=398.096..732.073 rows=15 loops=1)
  ->  Seq Scan on movie_companies mc  (cost=0.00..57926.93 rows=51 width=4) (actual time=398.008..731.411 rows=15 loops=1)
        Filter: ((company_type_id < 2) AND (company_id = 21288))
        Rows Removed by Filter: 2609114
  ->  Index Only Scan using title_pkey on title t  (cost=0.43..8.45 rows=1 width=4) (actual time=0.038..0.039 rows=1 loops=15)
        Index Cond: (id = mc.movie_id)
        Heap Fetches: 15
Planning time: 0.809 ms
Execution time: 732.151 ms
