Hash Join  (cost=146076.29..631019.09 rows=481387 width=0) (actual time=2249.618..12197.699 rows=3284473 loops=1)
  Hash Cond: (mi.movie_id = t.id)
  ->  Seq Scan on movie_info mi  (cost=0.00..309384.22 rows=14739122 width=4) (actual time=0.013..3688.876 rows=14835720 loops=1)
  ->  Hash  (cost=144721.01..144721.01 rows=82583 width=8) (actual time=2248.836..2248.836 rows=245687 loops=1)
        Buckets: 131072 (originally 131072)  Batches: 4 (originally 2)  Memory Usage: 3433kB
        ->  Hash Join  (cost=76503.02..144721.01 rows=82583 width=8) (actual time=769.527..2168.669 rows=245687 loops=1)
              Hash Cond: (mc.movie_id = t.id)
              ->  Seq Scan on movie_companies mc  (cost=0.00..51404.11 rows=1329612 width=4) (actual time=0.014..738.223 rows=1334883 loops=1)
                    Filter: (company_type_id = 2)
                    Rows Removed by Filter: 1274246
              ->  Hash  (cost=73925.90..73925.90 rows=157049 width=4) (actual time=768.469..768.469 rows=258048 loops=1)
                    Buckets: 131072  Batches: 4  Memory Usage: 3295kB
                    ->  Seq Scan on title t  (cost=0.00..73925.90 rows=157049 width=4) (actual time=0.056..702.951 rows=258048 loops=1)
                          Filter: ((kind_id < 7) AND (production_year < 1972))
                          Rows Removed by Filter: 2270264
Planning time: 1.199 ms
Execution time: 12522.447 ms
