Seq Scan on movie_companies mc  (cost=0.00..51404.11 rows=1578446 width=0) (actual time=0.020..697.064 rows=1579806 loops=1)
  Filter: (company_id > 5661)
  Rows Removed by Filter: 1029323
Planning time: 0.336 ms
Execution time: 887.618 ms
