Hash Join  (cost=74148.38..101094.93 rows=3245 width=0) (actual time=720.615..1070.586 rows=1149 loops=1)
  Hash Cond: (mi_idx.movie_id = t.id)
  ->  Seq Scan on movie_info_idx mi_idx  (cost=0.00..25185.44 rows=460978 width=4) (actual time=0.027..307.019 rows=459925 loops=1)
        Filter: (info_type_id < 100)
        Rows Removed by Filter: 920110
  ->  Hash  (cost=73925.90..73925.90 rows=17798 width=4) (actual time=678.649..678.649 rows=13346 loops=1)
        Buckets: 32768  Batches: 1  Memory Usage: 726kB
        ->  Seq Scan on title t  (cost=0.00..73925.90 rows=17798 width=4) (actual time=352.810..673.647 rows=13346 loops=1)
              Filter: ((production_year > 2010) AND (kind_id = 4))
              Rows Removed by Filter: 2514966
Planning time: 0.532 ms
Execution time: 1070.970 ms
