Seq Scan on cast_info ci  (cost=0.00..705507.15 rows=26333065 width=0) (actual time=0.029..13008.550 rows=26373320 loops=1)
  Filter: (person_id < 2725113)
  Rows Removed by Filter: 9871024
Planning time: 0.350 ms
Execution time: 16227.390 ms
