Seq Scan on cast_info ci  (cost=0.00..705507.15 rows=500 width=0) (actual time=1950.223..7618.634 rows=39 loops=1)
  Filter: (person_id = 933735)
  Rows Removed by Filter: 36244305
Planning time: 0.360 ms
Execution time: 7618.738 ms
