Hash Join  (cost=83074.74..109986.57 rows=134 width=0) (actual time=776.564..1209.332 rows=729 loops=1)
  Hash Cond: (mi_idx.movie_id = t.id)
  ->  Seq Scan on movie_info_idx mi_idx  (cost=0.00..21735.35 rows=1380035 width=4) (actual time=0.027..200.381 rows=1380035 loops=1)
  ->  Hash  (cost=83071.67..83071.67 rows=246 width=8) (actual time=768.687..768.687 rows=270 loops=1)
        Buckets: 1024  Batches: 1  Memory Usage: 19kB
        ->  Nested Loop  (cost=0.43..83071.67 rows=246 width=8) (actual time=4.412..768.478 rows=270 loops=1)
              ->  Seq Scan on movie_keyword mk  (cost=0.00..81003.12 rows=246 width=4) (actual time=4.362..762.586 rows=270 loops=1)
                    Filter: (keyword_id = 1975)
                    Rows Removed by Filter: 4523660
              ->  Index Only Scan using title_pkey on title t  (cost=0.43..8.40 rows=1 width=4) (actual time=0.020..0.020 rows=1 loops=270)
                    Index Cond: (id = mk.movie_id)
                    Heap Fetches: 270
Planning time: 1.137 ms
Execution time: 1209.596 ms
