Hash Join  (cost=225126.98..311241.18 rows=802567 width=0) (actual time=3450.840..6357.535 rows=4899850 loops=1)
  Hash Cond: (mc.movie_id = t.id)
  ->  Seq Scan on movie_companies mc  (cost=0.00..44881.29 rows=2609129 width=4) (actual time=0.013..491.606 rows=2609129 loops=1)
  ->  Hash  (cost=212365.81..212365.81 rows=777774 width=8) (actual time=3449.943..3449.943 rows=779332 loops=1)
        Buckets: 131072  Batches: 16  Memory Usage: 2954kB
        ->  Hash Join  (cost=102767.86..212365.81 rows=777774 width=8) (actual time=1475.250..3288.648 rows=779332 loops=1)
              Hash Cond: (mk.movie_id = t.id)
              ->  Seq Scan on movie_keyword mk  (cost=0.00..81003.12 rows=777774 width=4) (actual time=0.018..1032.467 rows=779332 loops=1)
                    Filter: (keyword_id < 744)
                    Rows Removed by Filter: 3744598
              ->  Hash  (cost=61283.27..61283.27 rows=2528527 width=4) (actual time=1472.851..1472.851 rows=2528312 loops=1)
                    Buckets: 131072  Batches: 64  Memory Usage: 2425kB
                    ->  Seq Scan on title t  (cost=0.00..61283.27 rows=2528527 width=4) (actual time=0.024..690.679 rows=2528312 loops=1)
Planning time: 1.119 ms
Execution time: 6899.708 ms
