Hash Join  (cost=104445.35..281049.82 rows=4017552 width=0) (actual time=1242.089..4584.141 rows=3814675 loops=1)
  Hash Cond: (mk.movie_id = t.id)
  ->  Seq Scan on movie_keyword mk  (cost=0.00..69693.30 rows=4523930 width=4) (actual time=0.014..818.406 rows=4523930 loops=1)
  ->  Hash  (cost=67604.59..67604.59 rows=2245501 width=4) (actual time=1240.584..1240.584 rows=2235103 loops=1)
        Buckets: 131072  Batches: 32  Memory Usage: 3492kB
        ->  Seq Scan on title t  (cost=0.00..67604.59 rows=2245501 width=4) (actual time=0.022..728.292 rows=2235103 loops=1)
              Filter: (production_year > 1957)
              Rows Removed by Filter: 293209
Planning time: 0.859 ms
Execution time: 4924.178 ms
