Seq Scan on movie_companies mc  (cost=0.00..51404.11 rows=104 width=0) (actual time=3.890..605.066 rows=295 loops=1)
  Filter: (company_id = 70913)
  Rows Removed by Filter: 2608834
Planning time: 0.357 ms
Execution time: 605.166 ms
