Seq Scan on cast_info ci  (cost=0.00..796071.18 rows=80 width=0) (actual time=2014.326..8820.414 rows=12 loops=1)
  Filter: ((role_id > 8) AND (person_id = 3957134))
  Rows Removed by Filter: 36244332
Planning time: 0.313 ms
Execution time: 8820.490 ms
