Hash Join  (cost=74369.53..914459.45 rows=485555 width=0) (actual time=765.406..16221.970 rows=493464 loops=1)
  Hash Cond: (ci.movie_id = t.id)
  ->  Seq Scan on cast_info ci  (cost=0.00..705507.15 rows=34593924 width=4) (actual time=0.010..8268.149 rows=34595483 loops=1)
        Filter: (person_id < 3735452)
        Rows Removed by Filter: 1648861
  ->  Hash  (cost=73925.90..73925.90 rows=35490 width=4) (actual time=765.041..765.041 rows=39698 loops=1)
        Buckets: 65536  Batches: 1  Memory Usage: 1908kB
        ->  Seq Scan on title t  (cost=0.00..73925.90 rows=35490 width=4) (actual time=75.256..751.466 rows=39698 loops=1)
              Filter: ((kind_id = 7) AND (production_year = 2001))
              Rows Removed by Filter: 2488614
Planning time: 0.552 ms
Execution time: 16279.727 ms
