Hash Join  (cost=145414.09..224965.45 rows=400856 width=0) (actual time=2405.963..4009.447 rows=503766 loops=1)
  Hash Cond: (mc.movie_id = t.id)
  ->  Seq Scan on movie_companies mc  (cost=0.00..51404.11 rows=1908183 width=4) (actual time=0.025..720.696 rows=1917840 loops=1)
        Filter: (company_id > 1270)
        Rows Removed by Filter: 691289
  ->  Hash  (cost=136699.43..136699.43 rows=531173 width=8) (actual time=2405.141..2405.141 rows=380133 loops=1)
        Buckets: 131072  Batches: 8  Memory Usage: 2878kB
        ->  Hash Join  (cost=89893.22..136699.43 rows=531173 width=8) (actual time=1410.711..2319.031 rows=380133 loops=1)
              Hash Cond: (mi_idx.movie_id = t.id)
              ->  Seq Scan on movie_info_idx mi_idx  (cost=0.00..21735.35 rows=1380035 width=4) (actual time=0.019..214.464 rows=1380035 loops=1)
              ->  Hash  (cost=73925.90..73925.90 rows=973225 width=4) (actual time=1409.316..1409.316 rows=1057588 loops=1)
                    Buckets: 131072  Batches: 16  Memory Usage: 3355kB
                    ->  Seq Scan on title t  (cost=0.00..73925.90 rows=973225 width=4) (actual time=0.016..1078.650 rows=1057588 loops=1)
                          Filter: ((kind_id > 1) AND (production_year > 2001))
                          Rows Removed by Filter: 1470724
Planning time: 1.216 ms
Execution time: 4061.450 ms
