Hash Join  (cost=199798.29..1339886.63 rows=10346417 width=0) (actual time=3538.645..32879.570 rows=38719413 loops=1)
  Hash Cond: (ci.movie_id = t.id)
  ->  Seq Scan on cast_info ci  (cost=0.00..614943.12 rows=36225612 width=4) (actual time=0.024..7635.183 rows=36244344 loops=1)
  ->  Hash  (cost=187950.12..187950.12 rows=722174 width=8) (actual time=3537.955..3537.955 rows=995937 loops=1)
        Buckets: 131072  Batches: 16  Memory Usage: 3431kB
        ->  Hash Join  (cost=102767.86..187950.12 rows=722174 width=8) (actual time=1424.408..3291.061 rows=995937 loops=1)
              Hash Cond: (mc.movie_id = t.id)
              ->  Seq Scan on movie_companies mc  (cost=0.00..57926.93 rows=722174 width=4) (actual time=62.878..872.209 rows=995937 loops=1)
                    Filter: ((company_id < 13212) AND (company_type_id = 1))
                    Rows Removed by Filter: 1613192
              ->  Hash  (cost=61283.27..61283.27 rows=2528527 width=4) (actual time=1360.311..1360.311 rows=2528312 loops=1)
                    Buckets: 131072  Batches: 64  Memory Usage: 2415kB
                    ->  Seq Scan on title t  (cost=0.00..61283.27 rows=2528527 width=4) (actual time=0.017..645.718 rows=2528312 loops=1)
Planning time: 1.178 ms
Execution time: 36398.476 ms
