Hash Join  (cost=260792.35..1212268.22 rows=8290374 width=0) (actual time=15024.141..45346.865 rows=76632726 loops=1)
  Hash Cond: (ci.movie_id = t.id)
  ->  Seq Scan on cast_info ci  (cost=0.00..705507.15 rows=12203201 width=4) (actual time=7568.637..14823.039 rows=12113646 loops=1)
        Filter: (role_id > 3)
        Rows Removed by Filter: 24130698
  ->  Hash  (cost=232609.09..232609.09 rows=1717781 width=8) (actual time=7453.315..7453.315 rows=3864487 loops=1)
        Buckets: 131072 (originally 131072)  Batches: 64 (originally 32)  Memory Usage: 3424kB
        ->  Hash Join  (cost=89678.24..232609.09 rows=1717781 width=8) (actual time=1617.196..6310.149 rows=3864487 loops=1)
              Hash Cond: (mk.movie_id = t.id)
              ->  Seq Scan on movie_keyword mk  (cost=0.00..69693.30 rows=4523930 width=4) (actual time=0.020..1483.125 rows=4523930 loops=1)
              ->  Hash  (cost=73925.90..73925.90 rows=960107 width=4) (actual time=1615.708..1615.708 rows=977778 loops=1)
                    Buckets: 131072  Batches: 16  Memory Usage: 3181kB
                    ->  Seq Scan on title t  (cost=0.00..73925.90 rows=960107 width=4) (actual time=0.024..1306.707 rows=977778 loops=1)
                          Filter: ((kind_id < 7) AND (production_year > 0))
                          Rows Removed by Filter: 1550534
Planning time: 1.296 ms
Execution time: 53076.643 ms
