Seq Scan on cast_info ci  (cost=0.00..796071.18 rows=12259368 width=0) (actual time=6286.730..10657.876 rows=7302010 loops=1)
  Filter: ((person_id < 2809905) AND (role_id > 2))
  Rows Removed by Filter: 28942334
Planning time: 0.358 ms
Execution time: 11396.583 ms
