Seq Scan on movie_keyword mk  (cost=0.00..81003.12 rows=1234625 width=0) (actual time=0.022..1067.398 rows=1249534 loops=1)
  Filter: (keyword_id < 1589)
  Rows Removed by Filter: 3274396
Planning time: 0.344 ms
Execution time: 1221.271 ms
