Hash Join  (cost=83074.74..111692.70 rows=89 width=0) (actual time=979.752..1404.661 rows=566 loops=1)
  Hash Cond: (mi_idx.movie_id = t.id)
  ->  Seq Scan on movie_info_idx mi_idx  (cost=0.00..25185.44 rows=915101 width=4) (actual time=0.018..317.456 rows=919850 loops=1)
        Filter: (info_type_id < 101)
        Rows Removed by Filter: 460185
  ->  Hash  (cost=83071.67..83071.67 rows=246 width=8) (actual time=978.437..978.437 rows=386 loops=1)
        Buckets: 1024  Batches: 1  Memory Usage: 24kB
        ->  Nested Loop  (cost=0.43..83071.67 rows=246 width=8) (actual time=1.323..978.136 rows=386 loops=1)
              ->  Seq Scan on movie_keyword mk  (cost=0.00..81003.12 rows=246 width=4) (actual time=1.252..965.653 rows=386 loops=1)
                    Filter: (keyword_id = 1236)
                    Rows Removed by Filter: 4523544
              ->  Index Only Scan using title_pkey on title t  (cost=0.43..8.40 rows=1 width=4) (actual time=0.030..0.031 rows=1 loops=386)
                    Index Cond: (id = mk.movie_id)
                    Heap Fetches: 386
Planning time: 1.166 ms
Execution time: 1404.888 ms
