Nested Loop  (cost=0.43..796925.39 rows=101 width=0) (actual time=1936.092..7095.767 rows=26 loops=1)
  ->  Seq Scan on cast_info ci  (cost=0.00..796071.18 rows=101 width=4) (actual time=1935.937..7095.269 rows=26 loops=1)
        Filter: ((person_id = 2284741) AND (role_id = 2))
        Rows Removed by Filter: 36244318
  ->  Index Only Scan using title_pkey on title t  (cost=0.43..8.45 rows=1 width=4) (actual time=0.016..0.016 rows=1 loops=26)
        Index Cond: (id = ci.movie_id)
        Heap Fetches: 26
Planning time: 0.590 ms
Execution time: 7095.834 ms
