Hash Join  (cost=94642.16..917226.21 rows=3786 width=0) (actual time=6318.554..12834.208 rows=162 loops=1)
  Hash Cond: (ci.movie_id = t.id)
  ->  Seq Scan on cast_info ci  (cost=0.00..796071.18 rows=7060002 width=4) (actual time=5248.821..10701.186 rows=9042537 loops=1)
        Filter: ((person_id > 1493819) AND (role_id > 3))
        Rows Removed by Filter: 27201807
  ->  Hash  (cost=94625.21..94625.21 rows=1356 width=8) (actual time=1034.580..1034.580 rows=226 loops=1)
        Buckets: 2048  Batches: 1  Memory Usage: 25kB
        ->  Hash Join  (cost=67697.55..94625.21 rows=1356 width=8) (actual time=677.044..1034.492 rows=226 loops=1)
              Hash Cond: (mi_idx.movie_id = t.id)
              ->  Seq Scan on movie_info_idx mi_idx  (cost=0.00..25185.44 rows=460978 width=4) (actual time=0.030..298.842 rows=459925 loops=1)
                    Filter: (info_type_id = 99)
                    Rows Removed by Filter: 920110
              ->  Hash  (cost=67604.59..67604.59 rows=7437 width=4) (actual time=674.453..674.453 rows=2712 loops=1)
                    Buckets: 8192  Batches: 1  Memory Usage: 160kB
                    ->  Seq Scan on title t  (cost=0.00..67604.59 rows=7437 width=4) (actual time=0.228..673.285 rows=2712 loops=1)
                          Filter: (production_year = 1908)
                          Rows Removed by Filter: 2525600
Planning time: 0.874 ms
Execution time: 12834.379 ms
