Nested Loop  (cost=32636.42..151976.41 rows=12022 width=0) (actual time=498.308..2260.782 rows=26728 loops=1)
  Join Filter: (mc.movie_id = t.id)
  ->  Hash Join  (cost=32635.99..98674.73 rows=62248 width=8) (actual time=498.236..1981.606 rows=26728 loops=1)
        Hash Cond: (mc.movie_id = mi_idx.movie_id)
        ->  Seq Scan on movie_companies mc  (cost=0.00..51404.11 rows=66938 width=4) (actual time=0.021..641.277 rows=69928 loops=1)
              Filter: (company_id < 11)
              Rows Removed by Filter: 2539201
        ->  Hash  (cost=25185.44..25185.44 rows=454124 width=4) (actual time=496.976..496.976 rows=459925 loops=1)
              Buckets: 131072  Batches: 8  Memory Usage: 3050kB
              ->  Seq Scan on movie_info_idx mi_idx  (cost=0.00..25185.44 rows=454124 width=4) (actual time=0.020..365.102 rows=459925 loops=1)
                    Filter: (info_type_id = 100)
                    Rows Removed by Filter: 920110
  ->  Index Only Scan using title_pkey on title t  (cost=0.43..0.84 rows=1 width=4) (actual time=0.009..0.010 rows=1 loops=26728)
        Index Cond: (id = mi_idx.movie_id)
        Heap Fetches: 26728
Planning time: 0.809 ms
Execution time: 2266.655 ms
