Seq Scan on movie_keyword mk  (cost=0.00..81003.12 rows=2130822 width=0) (actual time=0.026..895.265 rows=2136009 loops=1)
  Filter: (keyword_id < 3960)
  Rows Removed by Filter: 2387921
Planning time: 0.327 ms
Execution time: 1102.250 ms
