Hash Join  (cost=225171.42..270158.04 rows=425114 width=0) (actual time=3050.182..4079.781 rows=1645510 loops=1)
  Hash Cond: (mi_idx.movie_id = t.id)
  ->  Seq Scan on movie_info_idx mi_idx  (cost=0.00..21735.35 rows=1380035 width=4) (actual time=0.025..273.400 rows=1380035 loops=1)
  ->  Hash  (cost=212392.14..212392.14 rows=778902 width=8) (actual time=3049.061..3049.061 rows=781566 loops=1)
        Buckets: 131072  Batches: 16  Memory Usage: 2960kB
        ->  Hash Join  (cost=102767.86..212392.14 rows=778902 width=8) (actual time=1418.786..2905.478 rows=781566 loops=1)
              Hash Cond: (mk.movie_id = t.id)
              ->  Seq Scan on movie_keyword mk  (cost=0.00..81003.12 rows=778902 width=4) (actual time=0.020..821.866 rows=781566 loops=1)
                    Filter: (keyword_id < 746)
                    Rows Removed by Filter: 3742364
              ->  Hash  (cost=61283.27..61283.27 rows=2528527 width=4) (actual time=1416.457..1416.457 rows=2528312 loops=1)
                    Buckets: 131072  Batches: 64  Memory Usage: 2425kB
                    ->  Seq Scan on title t  (cost=0.00..61283.27 rows=2528527 width=4) (actual time=0.016..664.935 rows=2528312 loops=1)
Planning time: 1.176 ms
Execution time: 4199.218 ms
