Seq Scan on movie_companies mc  (cost=0.00..57926.93 rows=672917 width=0) (actual time=0.018..872.501 rows=917333 loops=1)
  Filter: ((company_id < 11671) AND (company_type_id < 2))
  Rows Removed by Filter: 1691796
Planning time: 0.365 ms
Execution time: 987.353 ms
