Seq Scan on movie_companies mc  (cost=0.00..57926.93 rows=955535 width=0) (actual time=72.689..768.142 rows=1249733 loops=1)
  Filter: ((company_id < 51360) AND (company_type_id = 1))
  Rows Removed by Filter: 1359396
Planning time: 0.339 ms
Execution time: 895.780 ms
