Hash Join  (cost=83074.74..110004.13 rows=45 width=0) (actual time=857.474..1295.444 rows=162 loops=1)
  Hash Cond: (mi_idx.movie_id = t.id)
  ->  Seq Scan on movie_info_idx mi_idx  (cost=0.00..25185.44 rows=464934 width=4) (actual time=0.019..375.738 rows=460185 loops=1)
        Filter: (info_type_id > 100)
        Rows Removed by Filter: 919850
  ->  Hash  (cost=83071.67..83071.67 rows=246 width=8) (actual time=852.328..852.328 rows=168 loops=1)
        Buckets: 1024  Batches: 1  Memory Usage: 15kB
        ->  Nested Loop  (cost=0.43..83071.67 rows=246 width=8) (actual time=25.068..852.162 rows=168 loops=1)
              ->  Seq Scan on movie_keyword mk  (cost=0.00..81003.12 rows=246 width=4) (actual time=24.993..847.677 rows=168 loops=1)
                    Filter: (keyword_id = 17734)
                    Rows Removed by Filter: 4523762
              ->  Index Only Scan using title_pkey on title t  (cost=0.43..8.40 rows=1 width=4) (actual time=0.024..0.024 rows=1 loops=168)
                    Index Cond: (id = mk.movie_id)
                    Heap Fetches: 168
Planning time: 1.143 ms
Execution time: 1295.590 ms
