Nested Loop  (cost=0.43..52284.21 rows=3 width=0) (actual time=64.277..626.338 rows=8 loops=1)
  ->  Seq Scan on movie_companies mc  (cost=0.00..51404.11 rows=104 width=4) (actual time=18.487..620.552 rows=264 loops=1)
        Filter: (company_id = 235)
        Rows Removed by Filter: 2608865
  ->  Index Scan using title_pkey on title t  (cost=0.43..8.45 rows=1 width=4) (actual time=0.021..0.021 rows=0 loops=264)
        Index Cond: (id = mc.movie_id)
        Filter: ((kind_id < 7) AND (production_year = 2012))
        Rows Removed by Filter: 1
Planning time: 0.764 ms
Execution time: 626.446 ms
