Seq Scan on cast_info ci  (cost=0.00..796071.18 rows=24 width=0) (actual time=3189.021..6800.042 rows=423 loops=1)
  Filter: ((person_id = 2525075) AND (role_id = 8))
  Rows Removed by Filter: 36243921
Planning time: 0.389 ms
Execution time: 6800.188 ms
