Seq Scan on movie_companies mc  (cost=0.00..51404.11 rows=104 width=0) (actual time=362.744..545.484 rows=3 loops=1)
  Filter: (company_id = 14191)
  Rows Removed by Filter: 2609126
Planning time: 0.350 ms
Execution time: 545.554 ms
