Hash Join  (cost=127518.22..254967.84 rows=447058 width=0) (actual time=2842.012..4088.450 rows=293655 loops=1)
  Hash Cond: (mk.movie_id = t.id)
  ->  Seq Scan on movie_keyword mk  (cost=0.00..69693.30 rows=4523930 width=4) (actual time=0.020..764.928 rows=4523930 loops=1)
  ->  Hash  (cost=123417.83..123417.83 rows=249871 width=8) (actual time=1992.661..1992.661 rows=127518 loops=1)
        Buckets: 131072  Batches: 4  Memory Usage: 2289kB
        ->  Hash Join  (cost=81437.64..123417.83 rows=249871 width=8) (actual time=1192.163..1949.859 rows=127518 loops=1)
              Hash Cond: (mi_idx.movie_id = t.id)
              ->  Seq Scan on movie_info_idx mi_idx  (cost=0.00..21735.35 rows=1380035 width=4) (actual time=0.030..357.444 rows=1380035 loops=1)
              ->  Hash  (cost=73925.90..73925.90 rows=457819 width=4) (actual time=914.998..914.998 rows=344212 loops=1)
                    Buckets: 131072  Batches: 8  Memory Usage: 2523kB
                    ->  Seq Scan on title t  (cost=0.00..73925.90 rows=457819 width=4) (actual time=0.016..802.405 rows=344212 loops=1)
                          Filter: ((production_year < 1993) AND (kind_id = 7))
                          Rows Removed by Filter: 2184100
Planning time: 1.424 ms
Execution time: 4120.858 ms
