Nested Loop  (cost=0.43..94238.55 rows=2475 width=0) (actual time=0.158..736.157 rows=6710 loops=1)
  ->  Seq Scan on movie_companies mc  (cost=0.00..57926.93 rows=4947 width=4) (actual time=0.075..671.438 rows=7120 loops=1)
        Filter: ((company_type_id < 2) AND (company_id = 2561))
        Rows Removed by Filter: 2602009
  ->  Index Scan using title_pkey on title t  (cost=0.43..7.33 rows=1 width=4) (actual time=0.008..0.009 rows=1 loops=7120)
        Index Cond: (id = mc.movie_id)
        Filter: (production_year < 2004)
        Rows Removed by Filter: 0
Planning time: 0.774 ms
Execution time: 737.561 ms
