Hash Join  (cost=797557.90..890885.86 rows=229 width=0) (actual time=8295.797..9728.563 rows=110 loops=1)
  Hash Cond: (mk.movie_id = t.id)
  ->  Seq Scan on movie_keyword mk  (cost=0.00..81003.12 rows=3286011 width=4) (actual time=0.016..1053.043 rows=3273653 loops=1)
        Filter: (keyword_id < 14422)
        Rows Removed by Filter: 1250277
  ->  Hash  (cost=797555.70..797555.70 rows=176 width=8) (actual time=8266.585..8266.585 rows=997 loops=1)
        Buckets: 1024  Batches: 1  Memory Usage: 47kB
        ->  Nested Loop  (cost=0.43..797555.70 rows=176 width=8) (actual time=7409.777..8266.154 rows=997 loops=1)
              ->  Seq Scan on cast_info ci  (cost=0.00..796071.18 rows=176 width=4) (actual time=7409.577..8253.509 rows=997 loops=1)
                    Filter: ((role_id < 2) AND (person_id = 1230072))
                    Rows Removed by Filter: 36243347
              ->  Index Only Scan using title_pkey on title t  (cost=0.43..8.42 rows=1 width=4) (actual time=0.012..0.012 rows=1 loops=997)
                    Index Cond: (id = ci.movie_id)
                    Heap Fetches: 997
Planning time: 0.754 ms
Execution time: 9728.651 ms
