Hash Join  (cost=52284.99..416946.98 rows=606 width=0) (actual time=672.707..5286.352 rows=4711 loops=1)
  Hash Cond: (mi.movie_id = t.id)
  ->  Seq Scan on movie_info mi  (cost=0.00..309384.22 rows=14739122 width=4) (actual time=0.014..2273.003 rows=14835720 loops=1)
  ->  Hash  (cost=52283.69..52283.69 rows=104 width=8) (actual time=653.298..653.298 rows=637 loops=1)
        Buckets: 1024  Batches: 1  Memory Usage: 33kB
        ->  Nested Loop  (cost=0.43..52283.69 rows=104 width=8) (actual time=8.123..652.894 rows=637 loops=1)
              ->  Seq Scan on movie_companies mc  (cost=0.00..51404.11 rows=104 width=4) (actual time=8.064..640.981 rows=637 loops=1)
                    Filter: (company_id = 4534)
                    Rows Removed by Filter: 2608492
              ->  Index Only Scan using title_pkey on title t  (cost=0.43..8.45 rows=1 width=4) (actual time=0.017..0.018 rows=1 loops=637)
                    Index Cond: (id = mc.movie_id)
                    Heap Fetches: 637
Planning time: 0.765 ms
Execution time: 5287.402 ms
