Hash Join  (cost=912305.37..1333116.53 rows=218347 width=0) (actual time=10346.765..15393.233 rows=548785 loops=1)
  Hash Cond: (mi.movie_id = t.id)
  ->  Seq Scan on movie_info mi  (cost=0.00..346232.03 rows=6231111 width=4) (actual time=492.725..3877.270 rows=6223494 loops=1)
        Filter: (info_type_id > 8)
        Rows Removed by Filter: 8612226
  ->  Hash  (cost=910850.84..910850.84 rows=88603 width=8) (actual time=9853.124..9853.124 rows=36487 loops=1)
        Buckets: 131072  Batches: 2  Memory Usage: 1743kB
        ->  Hash Join  (cost=102767.86..910850.84 rows=88603 width=8) (actual time=3269.185..9842.479 rows=36487 loops=1)
              Hash Cond: (ci.movie_id = t.id)
              ->  Seq Scan on cast_info ci  (cost=0.00..796071.18 rows=88603 width=4) (actual time=2072.306..8335.390 rows=36487 loops=1)
                    Filter: ((person_id < 888575) AND (role_id > 10))
                    Rows Removed by Filter: 36207857
              ->  Hash  (cost=61283.27..61283.27 rows=2528527 width=4) (actual time=1194.679..1194.679 rows=2528312 loops=1)
                    Buckets: 131072  Batches: 64  Memory Usage: 2415kB
                    ->  Seq Scan on title t  (cost=0.00..61283.27 rows=2528527 width=4) (actual time=0.024..569.821 rows=2528312 loops=1)
Planning time: 1.211 ms
Execution time: 15443.134 ms
