Hash Join  (cost=102767.86..1171820.94 rows=10934148 width=0) (actual time=1786.661..19362.036 rows=12670688 loops=1)
  Hash Cond: (ci.movie_id = t.id)
  ->  Seq Scan on cast_info ci  (cost=0.00..796071.18 rows=10934148 width=4) (actual time=649.860..10845.788 rows=12670688 loops=1)
        Filter: ((person_id < 3150120) AND (role_id = 1))
        Rows Removed by Filter: 23573656
  ->  Hash  (cost=61283.27..61283.27 rows=2528527 width=4) (actual time=1135.538..1135.538 rows=2528312 loops=1)
        Buckets: 131072  Batches: 64  Memory Usage: 2415kB
        ->  Seq Scan on title t  (cost=0.00..61283.27 rows=2528527 width=4) (actual time=0.023..553.949 rows=2528312 loops=1)
Planning time: 0.560 ms
Execution time: 20415.023 ms
