Hash Join  (cost=100405.89..466056.04 rows=99422 width=0) (actual time=1281.685..5741.312 rows=71739 loops=1)
  Hash Cond: (mi.movie_id = t.id)
  ->  Seq Scan on movie_info mi  (cost=0.00..309384.22 rows=14739122 width=4) (actual time=0.018..2148.385 rows=14835720 loops=1)
  ->  Hash  (cost=100192.69..100192.69 rows=17056 width=8) (actual time=1281.394..1281.394 rows=5869 loops=1)
        Buckets: 32768  Batches: 1  Memory Usage: 486kB
        ->  Hash Join  (cost=69140.02..100192.69 rows=17056 width=8) (actual time=773.312..1278.804 rows=5869 loops=1)
              Hash Cond: (mi_idx.movie_id = t.id)
              ->  Seq Scan on movie_info_idx mi_idx  (cost=0.00..25185.44 rows=460978 width=4) (actual time=0.016..331.353 rows=459925 loops=1)
                    Filter: (info_type_id < 100)
                    Rows Removed by Filter: 920110
              ->  Hash  (cost=67604.59..67604.59 rows=93555 width=4) (actual time=772.639..772.639 rows=92899 loops=1)
                    Buckets: 131072  Batches: 2  Memory Usage: 2656kB
                    ->  Seq Scan on title t  (cost=0.00..67604.59 rows=93555 width=4) (actual time=0.017..742.153 rows=92899 loops=1)
                          Filter: (production_year < 1922)
                          Rows Removed by Filter: 2435413
Planning time: 1.197 ms
Execution time: 5751.279 ms
