Hash Join  (cost=294729.61..1225909.44 rows=2875898 width=148) (actual time=11522.366..37020.258 rows=14287122 loops=1)
  Hash Cond: (ci.movie_id = t.id)
  ->  Seq Scan on cast_info ci  (cost=0.00..705507.15 rows=8572187 width=42) (actual time=4267.774..17339.195 rows=8486314 loops=1)
        Filter: (role_id > 5)
        Rows Removed by Filter: 27758030
  ->  Hash  (cost=270041.86..270041.86 rows=848300 width=106) (actual time=7253.288..7253.288 rows=854713 loops=1)
        Buckets: 32768  Batches: 32  Memory Usage: 3609kB
        ->  Hash Join  (cost=129928.86..270041.86 rows=848300 width=106) (actual time=2662.379..6706.467 rows=854713 loops=1)
              Hash Cond: (mk.movie_id = t.id)
              ->  Seq Scan on movie_keyword mk  (cost=0.00..81003.12 rows=848300 width=12) (actual time=0.032..1990.874 rows=854713 loops=1)
                    Filter: (keyword_id > 21497)
                    Rows Removed by Filter: 3669217
              ->  Hash  (cost=61283.27..61283.27 rows=2528527 width=94) (actual time=2660.117..2660.117 rows=2528312 loops=1)
                    Buckets: 32768  Batches: 128  Memory Usage: 2470kB
                    ->  Seq Scan on title t  (cost=0.00..61283.27 rows=2528527 width=94) (actual time=0.011..1346.929 rows=2528312 loops=1)
Planning time: 1.508 ms
Execution time: 37794.306 ms
