Seq Scan on cast_info ci  (cost=0.00..705507.15 rows=500 width=42) (actual time=3321.828..10037.209 rows=132 loops=1)
  Filter: (person_id = 3585522)
  Rows Removed by Filter: 36244212
Planning time: 8.221 ms
Execution time: 10037.264 ms
