Seq Scan on movie_companies mc  (cost=0.00..57926.93 rows=38523 width=0) (actual time=159.776..540.929 rows=74926 loops=1)
  Filter: ((company_id > 173281) AND (company_type_id > 1))
  Rows Removed by Filter: 2534203
Planning time: 0.240 ms
Execution time: 549.607 ms
