Hash Join  (cost=79775.76..455871.22 rows=309463 width=0) (actual time=935.148..4913.583 rows=977235 loops=1)
  Hash Cond: (mi.movie_id = t.id)
  ->  Seq Scan on movie_info mi  (cost=0.00..346232.03 rows=2194617 width=4) (actual time=144.484..3244.707 rows=2233850 loops=1)
        Filter: (info_type_id > 16)
        Rows Removed by Filter: 12601870
  ->  Hash  (cost=73925.90..73925.90 rows=356548 width=4) (actual time=746.749..746.749 rows=424572 loops=1)
        Buckets: 131072  Batches: 8  Memory Usage: 2906kB
        ->  Seq Scan on title t  (cost=0.00..73925.90 rows=356548 width=4) (actual time=0.022..644.326 rows=424572 loops=1)
              Filter: ((kind_id < 2) AND (production_year < 2005))
              Rows Removed by Filter: 2103740
Planning time: 0.868 ms
Execution time: 4992.483 ms
