Seq Scan on movie_companies mc  (cost=0.00..51404.11 rows=1666450 width=0) (actual time=0.023..755.504 rows=1665834 loops=1)
  Filter: (company_id > 3538)
  Rows Removed by Filter: 943295
Planning time: 0.292 ms
Execution time: 969.113 ms
