Hash Join  (cost=171493.49..313418.21 rows=1635169 width=0) (actual time=2804.307..5838.332 rows=2431689 loops=1)
  Hash Cond: (mk.movie_id = t.id)
  ->  Seq Scan on movie_keyword mk  (cost=0.00..69693.30 rows=4523930 width=4) (actual time=0.013..965.147 rows=4523930 loops=1)
  ->  Hash  (cost=156498.32..156498.32 rows=913933 width=8) (actual time=2802.365..2802.365 rows=627753 loops=1)
        Buckets: 131072  Batches: 16  Memory Usage: 2569kB
        ->  Hash Join  (cost=101399.47..156498.32 rows=913933 width=8) (actual time=1560.052..2656.833 rows=627753 loops=1)
              Hash Cond: (mi_idx.movie_id = t.id)
              ->  Seq Scan on movie_info_idx mi_idx  (cost=0.00..21735.35 rows=1380035 width=4) (actual time=0.019..269.781 rows=1380035 loops=1)
              ->  Hash  (cost=73925.90..73925.90 rows=1674525 width=4) (actual time=1558.534..1558.534 rows=1666241 loops=1)
                    Buckets: 131072  Batches: 32  Memory Usage: 2857kB
                    ->  Seq Scan on title t  (cost=0.00..73925.90 rows=1674525 width=4) (actual time=0.029..1011.134 rows=1666241 loops=1)
                          Filter: ((kind_id > 2) AND (production_year < 2013))
                          Rows Removed by Filter: 862071
Planning time: 1.142 ms
Execution time: 6052.440 ms
