Hash Join  (cost=201740.24..342998.24 rows=1580496 width=0) (actual time=3035.931..8304.076 rows=17577409 loops=1)
  Hash Cond: (mk.movie_id = t.id)
  ->  Seq Scan on movie_keyword mk  (cost=0.00..69693.30 rows=4523930 width=4) (actual time=0.018..792.311 rows=4523930 loops=1)
  ->  Hash  (cost=187247.05..187247.05 rows=883375 width=8) (actual time=3034.810..3034.810 rows=721207 loops=1)
        Buckets: 131072  Batches: 16  Memory Usage: 2813kB
        ->  Hash Join  (cost=97725.07..187247.05 rows=883375 width=8) (actual time=1078.978..2892.275 rows=721207 loops=1)
              Hash Cond: (mc.movie_id = t.id)
              ->  Seq Scan on movie_companies mc  (cost=0.00..57926.93 rows=1216659 width=4) (actual time=3.690..958.376 rows=1165662 loops=1)
                    Filter: ((company_id > 19) AND (company_type_id = 1))
                    Rows Removed by Filter: 1443467
              ->  Hash  (cost=67604.59..67604.59 rows=1835879 width=4) (actual time=1074.515..1074.515 rows=1833367 loops=1)
                    Buckets: 131072  Batches: 32  Memory Usage: 3045kB
                    ->  Seq Scan on title t  (cost=0.00..67604.59 rows=1835879 width=4) (actual time=0.018..683.058 rows=1833367 loops=1)
                          Filter: (production_year > 1986)
                          Rows Removed by Filter: 694945
Planning time: 0.762 ms
Execution time: 9873.798 ms
