Hash Join  (cost=185579.70..228749.24 rows=319206 width=0) (actual time=2537.158..3448.237 rows=878595 loops=1)
  Hash Cond: (mi_idx.movie_id = t.id)
  ->  Seq Scan on movie_info_idx mi_idx  (cost=0.00..21735.35 rows=1380035 width=4) (actual time=0.021..259.073 rows=1380035 loops=1)
  ->  Hash  (cost=175984.00..175984.00 rows=584856 width=8) (actual time=2536.049..2536.049 rows=598278 loops=1)
        Buckets: 131072  Batches: 8  Memory Usage: 3956kB
        ->  Hash Join  (cost=101489.21..175984.00 rows=584856 width=8) (actual time=1181.974..2395.164 rows=598278 loops=1)
              Hash Cond: (mc.movie_id = t.id)
              ->  Seq Scan on movie_companies mc  (cost=0.00..51404.11 rows=716023 width=4) (actual time=0.014..511.829 rows=720561 loops=1)
                    Filter: (company_id > 42220)
                    Rows Removed by Filter: 1888568
              ->  Hash  (cost=67604.59..67604.59 rows=2065330 width=4) (actual time=1180.720..1180.720 rows=2064552 loops=1)
                    Buckets: 131072  Batches: 32  Memory Usage: 3289kB
                    ->  Seq Scan on title t  (cost=0.00..67604.59 rows=2065330 width=4) (actual time=0.008..716.803 rows=2064552 loops=1)
                          Filter: (production_year < 2011)
                          Rows Removed by Filter: 463760
Planning time: 1.047 ms
Execution time: 3517.372 ms
