Hash Join  (cost=96369.51..190878.78 rows=1411575 width=0) (actual time=1172.559..2786.176 rows=674077 loops=1)
  Hash Cond: (mc.movie_id = t.id)
  ->  Seq Scan on movie_companies mc  (cost=0.00..44881.29 rows=2609129 width=4) (actual time=0.028..498.032 rows=2609129 loops=1)
  ->  Hash  (cost=73925.90..73925.90 rows=1367968 width=4) (actual time=1171.223..1171.223 rows=1339686 loops=1)
        Buckets: 131072  Batches: 32  Memory Usage: 2491kB
        ->  Seq Scan on title t  (cost=0.00..73925.90 rows=1367968 width=4) (actual time=0.040..834.349 rows=1339686 loops=1)
              Filter: ((kind_id > 4) AND (production_year < 2012))
              Rows Removed by Filter: 1188626
Planning time: 0.720 ms
Execution time: 2836.515 ms
