Seq Scan on cast_info ci  (cost=0.00..796071.18 rows=2079921 width=0) (actual time=621.989..6525.157 rows=4220350 loops=1)
  Filter: ((person_id < 565030) AND (role_id = 1))
  Rows Removed by Filter: 32023994
Planning time: 0.360 ms
Execution time: 6837.990 ms
