Hash Join  (cost=73985.17..423269.00 rows=1518 width=0) (actual time=3868.000..4507.779 rows=639 loops=1)
  Hash Cond: (mi.movie_id = t.id)
  ->  Seq Scan on movie_info mi  (cost=0.00..346232.03 rows=809768 width=4) (actual time=2923.253..3562.338 rows=802140 loops=1)
        Filter: (info_type_id < 2)
        Rows Removed by Filter: 14033580
  ->  Hash  (cost=73925.90..73925.90 rows=4741 width=4) (actual time=831.749..831.749 rows=11233 loops=1)
        Buckets: 16384 (originally 8192)  Batches: 1 (originally 1)  Memory Usage: 523kB
        ->  Seq Scan on title t  (cost=0.00..73925.90 rows=4741 width=4) (actual time=0.161..826.806 rows=11233 loops=1)
              Filter: ((kind_id < 7) AND (production_year < 1903))
              Rows Removed by Filter: 2517079
Planning time: 0.550 ms
Execution time: 4508.087 ms
