Seq Scan on movie_keyword mk  (cost=0.00..81003.12 rows=246 width=0) (actual time=94.969..751.719 rows=2 loops=1)
  Filter: (keyword_id = 83140)
  Rows Removed by Filter: 4523928
Planning time: 0.337 ms
Execution time: 751.791 ms
