Seq Scan on cast_info ci  (cost=0.00..705507.15 rows=32838920 width=0) (actual time=0.020..7082.776 rows=32969899 loops=1)
  Filter: (person_id > 315951)
  Rows Removed by Filter: 3274445
Planning time: 0.359 ms
Execution time: 9760.903 ms
