Seq Scan on title t  (cost=0.00..73925.90 rows=301 width=0) (actual time=31.920..676.118 rows=1000 loops=1)
  Filter: ((kind_id = 3) AND (production_year = 1968))
  Rows Removed by Filter: 2527312
Planning time: 0.290 ms
Execution time: 676.436 ms
