Seq Scan on cast_info ci  (cost=0.00..705507.15 rows=16206562 width=0) (actual time=1860.627..7253.870 rows=16361075 loops=1)
  Filter: (person_id > 1996507)
  Rows Removed by Filter: 19883269
Planning time: 0.341 ms
Execution time: 8853.161 ms
