Hash Join  (cost=82257.13..1147512.01 rows=3954028 width=0) (actual time=953.764..16245.153 rows=3602523 loops=1)
  Hash Cond: (ci.movie_id = t.id)
  ->  Seq Scan on cast_info ci  (cost=0.00..796071.18 rows=19689445 width=4) (actual time=0.014..9359.290 rows=17669467 loops=1)
        Filter: ((person_id < 3054010) AND (role_id > 1))
        Rows Removed by Filter: 18574877
  ->  Hash  (cost=73925.90..73925.90 rows=507778 width=4) (actual time=952.904..952.904 rows=524129 loops=1)
        Buckets: 131072  Batches: 8  Memory Usage: 3340kB
        ->  Seq Scan on title t  (cost=0.00..73925.90 rows=507778 width=4) (actual time=95.491..817.354 rows=524129 loops=1)
              Filter: ((production_year < 2010) AND (kind_id = 1))
              Rows Removed by Filter: 2004183
Planning time: 0.759 ms
Execution time: 16500.149 ms
