Hash Join  (cost=118157.11..190611.31 rows=70095 width=0) (actual time=1735.858..3042.254 rows=754079 loops=1)
  Hash Cond: (mc.movie_id = t.id)
  ->  Seq Scan on movie_companies mc  (cost=0.00..51404.11 rows=1725101 width=4) (actual time=0.028..636.507 rows=1728339 loops=1)
        Filter: (company_id > 2616)
        Rows Removed by Filter: 880790
  ->  Hash  (cost=116470.85..116470.85 rows=102741 width=8) (actual time=1735.157..1735.157 rows=283829 loops=1)
        Buckets: 131072 (originally 131072)  Batches: 4 (originally 2)  Memory Usage: 3803kB
        ->  Hash Join  (cost=77014.96..116470.85 rows=102741 width=8) (actual time=1046.494..1678.375 rows=283829 loops=1)
              Hash Cond: (mi_idx.movie_id = t.id)
              ->  Seq Scan on movie_info_idx mi_idx  (cost=0.00..21735.35 rows=1380035 width=4) (actual time=0.020..270.756 rows=1380035 loops=1)
              ->  Hash  (cost=73925.90..73925.90 rows=188244 width=4) (actual time=927.282..927.282 rows=321026 loops=1)
                    Buckets: 131072  Batches: 4  Memory Usage: 3846kB
                    ->  Seq Scan on title t  (cost=0.00..73925.90 rows=188244 width=4) (actual time=287.591..821.208 rows=321026 loops=1)
                          Filter: ((production_year < 1991) AND (kind_id = 1))
                          Rows Removed by Filter: 2207286
Planning time: 1.175 ms
Execution time: 3105.350 ms
