Seq Scan on movie_companies mc  (cost=0.00..51404.11 rows=104 width=0) (actual time=12.885..876.535 rows=401 loops=1)
  Filter: (company_id = 212)
  Rows Removed by Filter: 2608728
Planning time: 0.404 ms
Execution time: 876.751 ms
