Hash Join  (cost=175027.18..288900.20 rows=700243 width=0) (actual time=1848.495..3505.512 rows=2989982 loops=1)
  Hash Cond: (mk.movie_id = t.id)
  ->  Seq Scan on movie_keyword mk  (cost=0.00..81003.12 rows=1926523 width=4) (actual time=0.027..682.688 rows=1938544 loops=1)
        Filter: (keyword_id > 6825)
        Rows Removed by Filter: 2585386
  ->  Hash  (cost=159947.97..159947.97 rows=919057 width=8) (actual time=1847.281..1847.281 rows=920110 loops=1)
        Buckets: 131072  Batches: 16  Memory Usage: 3283kB
        ->  Hash Join  (cost=102767.86..159947.97 rows=919057 width=8) (actual time=844.400..1683.128 rows=920110 loops=1)
              Hash Cond: (mi_idx.movie_id = t.id)
              ->  Seq Scan on movie_info_idx mi_idx  (cost=0.00..25185.44 rows=919057 width=4) (actual time=0.025..226.672 rows=920110 loops=1)
                    Filter: (info_type_id > 99)
                    Rows Removed by Filter: 459925
              ->  Hash  (cost=61283.27..61283.27 rows=2528527 width=4) (actual time=843.485..843.485 rows=2528312 loops=1)
                    Buckets: 131072  Batches: 64  Memory Usage: 2415kB
                    ->  Seq Scan on title t  (cost=0.00..61283.27 rows=2528527 width=4) (actual time=0.020..420.450 rows=2528312 loops=1)
Planning time: 1.081 ms
Execution time: 3695.033 ms
