Hash Join  (cost=69264.85..100409.76 rows=18597 width=0) (actual time=625.137..914.356 rows=6673 loops=1)
  Hash Cond: (mi_idx.movie_id = t.id)
  ->  Seq Scan on movie_info_idx mi_idx  (cost=0.00..25185.44 rows=464934 width=4) (actual time=0.027..225.458 rows=460185 loops=1)
        Filter: (info_type_id > 100)
        Rows Removed by Filter: 919850
  ->  Hash  (cost=67604.59..67604.59 rows=101141 width=4) (actual time=572.291..572.291 rows=101194 loops=1)
        Buckets: 131072  Batches: 2  Memory Usage: 2800kB
        ->  Seq Scan on title t  (cost=0.00..67604.59 rows=101141 width=4) (actual time=91.585..543.209 rows=101194 loops=1)
              Filter: (production_year < 1925)
              Rows Removed by Filter: 2427118
Planning time: 0.670 ms
Execution time: 915.336 ms
