Seq Scan on cast_info ci  (cost=0.00..796071.18 rows=98702 width=0) (actual time=1352.186..5116.003 rows=39528 loops=1)
  Filter: ((person_id < 293139) AND (role_id = 9))
  Rows Removed by Filter: 36204816
Planning time: 0.259 ms
Execution time: 5118.636 ms
