Hash Join  (cost=52284.99..403258.01 rows=52 width=0) (actual time=2295.443..3216.646 rows=1409 loops=1)
  Hash Cond: (mi.movie_id = t.id)
  ->  Seq Scan on movie_info mi  (cost=0.00..346232.03 rows=1264125 width=4) (actual time=1717.186..2468.203 rows=1288928 loops=1)
        Filter: (info_type_id = 2)
        Rows Removed by Filter: 13546792
  ->  Hash  (cost=52283.69..52283.69 rows=104 width=8) (actual time=574.119..574.119 rows=2058 loops=1)
        Buckets: 4096 (originally 1024)  Batches: 1 (originally 1)  Memory Usage: 113kB
        ->  Nested Loop  (cost=0.43..52283.69 rows=104 width=8) (actual time=149.534..573.258 rows=2058 loops=1)
              ->  Seq Scan on movie_companies mc  (cost=0.00..51404.11 rows=104 width=4) (actual time=149.451..551.486 rows=2058 loops=1)
                    Filter: (company_id = 741)
                    Rows Removed by Filter: 2607071
              ->  Index Only Scan using title_pkey on title t  (cost=0.43..8.45 rows=1 width=4) (actual time=0.010..0.010 rows=1 loops=2058)
                    Index Cond: (id = mc.movie_id)
                    Heap Fetches: 2058
Planning time: 0.759 ms
Execution time: 3216.968 ms
