Hash Join  (cost=227099.13..1361625.96 rows=11677856 width=0) (actual time=2506.164..16408.083 rows=18993263 loops=1)
  Hash Cond: (ci.movie_id = t.id)
  ->  Seq Scan on cast_info ci  (cost=0.00..796071.18 rows=16764418 width=4) (actual time=0.018..6868.309 rows=13178044 loops=1)
        Filter: ((person_id < 2671258) AND (role_id > 1))
        Rows Removed by Filter: 23066300
  ->  Hash  (cost=198201.43..198201.43 rows=1761336 width=8) (actual time=2505.324..2505.324 rows=1458199 loops=1)
        Buckets: 131072  Batches: 32  Memory Usage: 2775kB
        ->  Hash Join  (cost=95609.14..198201.43 rows=1761336 width=8) (actual time=789.289..2266.877 rows=1458199 loops=1)
              Hash Cond: (mc.movie_id = t.id)
              ->  Seq Scan on movie_companies mc  (cost=0.00..44881.29 rows=2609129 width=4) (actual time=0.017..400.879 rows=2609129 loops=1)
              ->  Hash  (cost=67604.59..67604.59 rows=1706924 width=4) (actual time=788.201..788.201 rows=1700316 loops=1)
                    Buckets: 131072  Batches: 32  Memory Usage: 2895kB
                    ->  Seq Scan on title t  (cost=0.00..67604.59 rows=1706924 width=4) (actual time=0.009..512.309 rows=1700316 loops=1)
                          Filter: (production_year > 1992)
                          Rows Removed by Filter: 827996
Planning time: 0.742 ms
Execution time: 17596.881 ms
