Hash Join  (cost=169218.09..981743.92 rows=397530 width=0) (actual time=1556.738..14569.047 rows=4488764 loops=1)
  Hash Cond: (ci.movie_id = t.id)
  ->  Seq Scan on cast_info ci  (cost=0.00..705507.15 rows=27478246 width=4) (actual time=0.017..5848.771 rows=27611556 loops=1)
        Filter: (person_id > 849020)
        Rows Removed by Filter: 8632788
  ->  Hash  (cost=168760.84..168760.84 rows=36580 width=8) (actual time=1556.129..1556.129 rows=94783 loops=1)
        Buckets: 131072 (originally 65536)  Batches: 2 (originally 1)  Memory Usage: 3073kB
        ->  Hash Join  (cost=74255.97..168760.84 rows=36580 width=8) (actual time=547.296..1536.429 rows=94783 loops=1)
              Hash Cond: (mk.movie_id = t.id)
              ->  Seq Scan on movie_keyword mk  (cost=0.00..81003.12 rows=3502919 width=4) (actual time=0.015..665.587 rows=3495574 loops=1)
                    Filter: (keyword_id > 1002)
                    Rows Removed by Filter: 1028356
              ->  Hash  (cost=73925.90..73925.90 rows=26405 width=4) (actual time=547.118..547.118 rows=23926 loops=1)
                    Buckets: 32768  Batches: 1  Memory Usage: 1098kB
                    ->  Seq Scan on title t  (cost=0.00..73925.90 rows=26405 width=4) (actual time=0.217..540.215 rows=23926 loops=1)
                          Filter: ((kind_id < 7) AND (production_year = 2003))
                          Rows Removed by Filter: 2504386
Planning time: 0.711 ms
Execution time: 14871.321 ms
