Hash Join  (cost=365418.15..2327273.08 rows=64322828 width=0) (actual time=4933.565..53944.561 rows=213107716 loops=1)
  Hash Cond: (ci.movie_id = t.id)
  ->  Seq Scan on cast_info ci  (cost=0.00..705507.15 rows=35951486 width=4) (actual time=0.007..7919.060 rows=35942347 loops=1)
        Filter: (person_id < 4007071)
        Rows Removed by Filter: 301997
  ->  Hash  (cost=291197.02..291197.02 rows=4523930 width=8) (actual time=4931.871..4931.871 rows=4523930 loops=1)
        Buckets: 131072  Batches: 64  Memory Usage: 3816kB
        ->  Hash Join  (cost=102767.86..291197.02 rows=4523930 width=8) (actual time=1161.187..4143.738 rows=4523930 loops=1)
              Hash Cond: (mk.movie_id = t.id)
              ->  Seq Scan on movie_keyword mk  (cost=0.00..69693.30 rows=4523930 width=4) (actual time=0.024..697.967 rows=4523930 loops=1)
              ->  Hash  (cost=61283.27..61283.27 rows=2528527 width=4) (actual time=1159.332..1159.332 rows=2528312 loops=1)
                    Buckets: 131072  Batches: 64  Memory Usage: 2425kB
                    ->  Seq Scan on title t  (cost=0.00..61283.27 rows=2528527 width=4) (actual time=0.019..543.001 rows=2528312 loops=1)
Planning time: 1.114 ms
Execution time: 67828.035 ms
