Hash Join  (cost=73930.12..102548.40 rows=122 width=0) (actual time=375.264..620.931 rows=20 loops=1)
  Hash Cond: (mi_idx.movie_id = t.id)
  ->  Seq Scan on movie_info_idx mi_idx  (cost=0.00..25185.44 rows=915101 width=4) (actual time=0.017..191.926 rows=919850 loops=1)
        Filter: (info_type_id < 101)
        Rows Removed by Filter: 460185
  ->  Hash  (cost=73925.90..73925.90 rows=337 width=4) (actual time=366.807..366.807 rows=26 loops=1)
        Buckets: 1024  Batches: 1  Memory Usage: 9kB
        ->  Seq Scan on title t  (cost=0.00..73925.90 rows=337 width=4) (actual time=157.743..366.781 rows=26 loops=1)
              Filter: ((kind_id = 4) AND (production_year = 1978))
              Rows Removed by Filter: 2528286
Planning time: 0.495 ms
Execution time: 620.983 ms
