Hash Join  (cost=106561.27..752477.27 rows=13841016 width=0) (actual time=940.848..9693.109 rows=13848795 loops=1)
  Hash Cond: (mi.movie_id = t.id)
  ->  Seq Scan on movie_info mi  (cost=0.00..309384.22 rows=14739122 width=4) (actual time=0.008..2333.446 rows=14835720 loops=1)
  ->  Hash  (cost=67604.59..67604.59 rows=2374455 width=4) (actual time=940.063..940.063 rows=2370958 loops=1)
        Buckets: 131072  Batches: 32  Memory Usage: 3641kB
        ->  Seq Scan on title t  (cost=0.00..67604.59 rows=2374455 width=4) (actual time=0.025..544.382 rows=2370958 loops=1)
              Filter: (production_year > 1919)
              Rows Removed by Filter: 157354
Planning time: 0.771 ms
Execution time: 10555.970 ms
