Hash Join  (cost=134552.63..221392.66 rows=18199 width=0) (actual time=1354.254..1644.893 rows=38919 loops=1)
  Hash Cond: (mk.movie_id = t.id)
  ->  Seq Scan on movie_keyword mk  (cost=0.00..69693.30 rows=4523930 width=4) (actual time=0.007..362.713 rows=4523930 loops=1)
  ->  Hash  (cost=134425.48..134425.48 rows=10172 width=8) (actual time=829.760..829.760 rows=41920 loops=1)
        Buckets: 65536 (originally 16384)  Batches: 1 (originally 1)  Memory Usage: 2150kB
        ->  Hash Join  (cost=80599.54..134425.48 rows=10172 width=8) (actual time=558.609..821.731 rows=41920 loops=1)
              Hash Cond: (mc.movie_id = t.id)
              ->  Seq Scan on movie_companies mc  (cost=0.00..51404.11 rows=63228 width=4) (actual time=0.043..303.792 rows=62075 loops=1)
                    Filter: (company_id = 6)
                    Rows Removed by Filter: 2547054
              ->  Hash  (cost=73925.90..73925.90 rows=406771 width=4) (actual time=472.423..472.423 rows=288892 loops=1)
                    Buckets: 131072  Batches: 8  Memory Usage: 2281kB
                    ->  Seq Scan on title t  (cost=0.00..73925.90 rows=406771 width=4) (actual time=31.314..424.005 rows=288892 loops=1)
                          Filter: ((production_year < 1989) AND (kind_id = 7))
                          Rows Removed by Filter: 2239420
Planning time: 0.766 ms
Execution time: 1647.651 ms
