Hash Join  (cost=190230.21..270752.97 rows=760819 width=0) (actual time=1907.936..2999.627 rows=1982320 loops=1)
  Hash Cond: (mc.movie_id = t.id)
  ->  Seq Scan on movie_companies mc  (cost=0.00..51404.11 rows=1393987 width=4) (actual time=18.388..389.552 rows=1405529 loops=1)
        Filter: (company_id > 11031)
        Rows Removed by Filter: 1203600
  ->  Hash  (cost=167588.78..167588.78 rows=1380035 width=8) (actual time=1888.597..1888.597 rows=1380035 loops=1)
        Buckets: 131072  Batches: 32  Memory Usage: 2708kB
        ->  Hash Join  (cost=102767.86..167588.78 rows=1380035 width=8) (actual time=807.028..1684.353 rows=1380035 loops=1)
              Hash Cond: (mi_idx.movie_id = t.id)
              ->  Seq Scan on movie_info_idx mi_idx  (cost=0.00..21735.35 rows=1380035 width=4) (actual time=0.017..181.090 rows=1380035 loops=1)
              ->  Hash  (cost=61283.27..61283.27 rows=2528527 width=4) (actual time=806.351..806.351 rows=2528312 loops=1)
                    Buckets: 131072  Batches: 64  Memory Usage: 2415kB
                    ->  Seq Scan on title t  (cost=0.00..61283.27 rows=2528527 width=4) (actual time=0.016..409.384 rows=2528312 loops=1)
Planning time: 0.768 ms
Execution time: 3122.459 ms
