Hash Join  (cost=83074.74..109986.57 rows=134 width=0) (actual time=1302.880..1857.544 rows=369 loops=1)
  Hash Cond: (mi_idx.movie_id = t.id)
  ->  Seq Scan on movie_info_idx mi_idx  (cost=0.00..21735.35 rows=1380035 width=4) (actual time=0.028..288.171 rows=1380035 loops=1)
  ->  Hash  (cost=83071.67..83071.67 rows=246 width=8) (actual time=1298.519..1298.519 rows=202 loops=1)
        Buckets: 1024  Batches: 1  Memory Usage: 16kB
        ->  Nested Loop  (cost=0.43..83071.67 rows=246 width=8) (actual time=4.162..1298.283 rows=202 loops=1)
              ->  Seq Scan on movie_keyword mk  (cost=0.00..81003.12 rows=246 width=4) (actual time=4.105..1280.486 rows=202 loops=1)
                    Filter: (keyword_id = 21710)
                    Rows Removed by Filter: 4523728
              ->  Index Only Scan using title_pkey on title t  (cost=0.43..8.40 rows=1 width=4) (actual time=0.084..0.085 rows=1 loops=202)
                    Index Cond: (id = mk.movie_id)
                    Heap Fetches: 202
Planning time: 1.155 ms
Execution time: 1857.724 ms
