Seq Scan on movie_keyword mk  (cost=0.00..81003.12 rows=3837719 width=0) (actual time=0.019..627.170 rows=3832116 loops=1)
  Filter: (keyword_id < 27223)
  Rows Removed by Filter: 691814
Planning time: 0.212 ms
Execution time: 867.117 ms
