Hash Join  (cost=276027.56..862107.05 rows=8948164 width=0) (actual time=2827.919..20599.857 rows=103665946 loops=1)
  Hash Cond: (mi.movie_id = t.id)
  ->  Seq Scan on movie_info mi  (cost=0.00..346232.03 rows=11115165 width=4) (actual time=0.015..2621.801 rows=11210743 loops=1)
        Filter: (info_type_id > 3)
        Rows Removed by Filter: 3624977
  ->  Hash  (cost=242630.96..242630.96 rows=2035568 width=8) (actual time=2826.787..2826.787 rows=2040481 loops=1)
        Buckets: 131072  Batches: 32  Memory Usage: 3581kB
        ->  Hash Join  (cost=102767.86..242630.96 rows=2035568 width=8) (actual time=830.626..2501.962 rows=2040481 loops=1)
              Hash Cond: (mk.movie_id = t.id)
              ->  Seq Scan on movie_keyword mk  (cost=0.00..81003.12 rows=2035568 width=4) (actual time=0.015..647.763 rows=2040481 loops=1)
                    Filter: (keyword_id > 6023)
                    Rows Removed by Filter: 2483449
              ->  Hash  (cost=61283.27..61283.27 rows=2528527 width=4) (actual time=829.258..829.258 rows=2528312 loops=1)
                    Buckets: 131072  Batches: 64  Memory Usage: 2425kB
                    ->  Seq Scan on title t  (cost=0.00..61283.27 rows=2528527 width=4) (actual time=0.015..423.150 rows=2528312 loops=1)
Planning time: 0.726 ms
Execution time: 26850.452 ms
