Hash Join  (cost=139453.31..226456.05 rows=34470 width=0) (actual time=886.861..1620.987 rows=17717 loops=1)
  Hash Cond: (mk.movie_id = t.id)
  ->  Seq Scan on movie_keyword mk  (cost=0.00..69693.30 rows=4523930 width=4) (actual time=0.009..355.232 rows=4523930 loops=1)
  ->  Hash  (cost=139212.48..139212.48 rows=19266 width=8) (actual time=884.698..884.698 rows=9483 loops=1)
        Buckets: 32768  Batches: 1  Memory Usage: 627kB
        ->  Hash Join  (cost=75867.62..139212.48 rows=19266 width=8) (actual time=567.427..882.705 rows=9483 loops=1)
              Hash Cond: (mc.movie_id = t.id)
              ->  Seq Scan on movie_companies mc  (cost=0.00..57926.93 rows=411806 width=4) (actual time=84.278..343.786 rows=232581 loops=1)
                    Filter: ((company_id < 1774) AND (company_type_id = 2))
                    Rows Removed by Filter: 2376548
              ->  Hash  (cost=73925.90..73925.90 rows=118297 width=4) (actual time=482.557..482.557 rows=122606 loops=1)
                    Buckets: 131072  Batches: 2  Memory Usage: 3179kB
                    ->  Seq Scan on title t  (cost=0.00..73925.90 rows=118297 width=4) (actual time=0.020..457.580 rows=122606 loops=1)
                          Filter: ((kind_id > 1) AND (production_year = 2011))
                          Rows Removed by Filter: 2405706
Planning time: 0.716 ms
Execution time: 1622.267 ms
