Hash Join  (cost=102767.86..208743.00 rows=627201 width=0) (actual time=818.683..1796.117 rows=624768 loops=1)
  Hash Cond: (mk.movie_id = t.id)
  ->  Seq Scan on movie_keyword mk  (cost=0.00..81003.12 rows=627201 width=4) (actual time=0.019..555.229 rows=624768 loops=1)
        Filter: (keyword_id < 483)
        Rows Removed by Filter: 3899162
  ->  Hash  (cost=61283.27..61283.27 rows=2528527 width=4) (actual time=817.854..817.854 rows=2528312 loops=1)
        Buckets: 131072  Batches: 64  Memory Usage: 2425kB
        ->  Seq Scan on title t  (cost=0.00..61283.27 rows=2528527 width=4) (actual time=0.019..405.094 rows=2528312 loops=1)
Planning time: 0.500 ms
Execution time: 1832.877 ms
