Hash Join  (cost=450881.33..529415.27 rows=252741 width=0) (actual time=3221.431..5515.313 rows=11024930 loops=1)
  Hash Cond: (mc.movie_id = t.id)
  ->  Seq Scan on movie_companies mc  (cost=0.00..44881.29 rows=2609129 width=4) (actual time=0.022..345.366 rows=2609129 loops=1)
  ->  Hash  (cost=446862.65..446862.65 rows=244934 width=8) (actual time=3220.607..3220.607 rows=747341 loops=1)
        Buckets: 131072 (originally 131072)  Batches: 16 (originally 4)  Memory Usage: 3073kB
        ->  Hash Join  (cost=82699.12..446862.65 rows=244934 width=8) (actual time=1431.695..3077.982 rows=747341 loops=1)
              Hash Cond: (mi.movie_id = t.id)
              ->  Seq Scan on movie_info mi  (cost=0.00..346232.03 rows=1158179 width=4) (actual time=867.383..2029.985 rows=1204709 loops=1)
                    Filter: (info_type_id > 18)
                    Rows Removed by Filter: 13631011
              ->  Hash  (cost=73925.90..73925.90 rows=534737 width=4) (actual time=541.321..541.321 rows=408101 loops=1)
                    Buckets: 131072  Batches: 8  Memory Usage: 2834kB
                    ->  Seq Scan on title t  (cost=0.00..73925.90 rows=534737 width=4) (actual time=0.244..469.968 rows=408101 loops=1)
                          Filter: ((production_year > 1974) AND (kind_id = 1))
                          Rows Removed by Filter: 2120211
Planning time: 0.777 ms
Execution time: 6165.631 ms
