Seq Scan on cast_info ci  (cost=0.00..796071.18 rows=11591512 width=0) (actual time=746.753..6684.270 rows=12670688 loops=1)
  Filter: ((person_id < 3460772) AND (role_id < 2))
  Rows Removed by Filter: 23573656
Planning time: 0.233 ms
Execution time: 7468.900 ms
