Hash Join  (cost=145574.53..245852.00 rows=187810 width=0) (actual time=3077.895..5243.828 rows=299654 loops=1)
  Hash Cond: (mk.movie_id = t.id)
  ->  Seq Scan on movie_keyword mk  (cost=0.00..81003.12 rows=1388866 width=4) (actual time=0.025..1488.873 rows=1403060 loops=1)
        Filter: (keyword_id < 1907)
        Rows Removed by Filter: 3120870
  ->  Hash  (cost=139964.51..139964.51 rows=341921 width=8) (actual time=3077.138..3077.138 rows=250045 loops=1)
        Buckets: 131072  Batches: 8  Memory Usage: 2254kB
        ->  Hash Join  (cost=98137.04..139964.51 rows=341921 width=8) (actual time=1926.868..3011.421 rows=250045 loops=1)
              Hash Cond: (mi_idx.movie_id = t.id)
              ->  Seq Scan on movie_info_idx mi_idx  (cost=0.00..25185.44 rows=464566 width=4) (actual time=0.032..521.766 rows=459925 loops=1)
                    Filter: (info_type_id = 101)
                    Rows Removed by Filter: 920110
              ->  Hash  (cost=67604.59..67604.59 rows=1860996 width=4) (actual time=1925.615..1925.615 rows=1865487 loops=1)
                    Buckets: 131072  Batches: 32  Memory Usage: 3079kB
                    ->  Seq Scan on title t  (cost=0.00..67604.59 rows=1860996 width=4) (actual time=0.022..1325.525 rows=1865487 loops=1)
                          Filter: (kind_id > 1)
                          Rows Removed by Filter: 662825
Planning time: 1.126 ms
Execution time: 5276.617 ms
