Hash Join  (cost=181964.96..572110.75 rows=157893 width=0) (actual time=1559.987..4541.150 rows=772890 loops=1)
  Hash Cond: (mi.movie_id = t.id)
  ->  Seq Scan on movie_info mi  (cost=0.00..346232.03 rows=3623957 width=4) (actual time=0.010..2122.135 rows=3624977 loops=1)
        Filter: (info_type_id < 4)
        Rows Removed by Filter: 11210743
  ->  Hash  (cost=180156.88..180156.88 rows=110166 width=8) (actual time=1525.408..1525.408 rows=238750 loops=1)
        Buckets: 131072 (originally 131072)  Batches: 4 (originally 2)  Memory Usage: 3336kB
        ->  Hash Join  (cost=69484.36..180156.88 rows=110166 width=8) (actual time=401.842..1481.863 rows=238750 loops=1)
              Hash Cond: (mk.movie_id = t.id)
              ->  Seq Scan on movie_keyword mk  (cost=0.00..81003.12 rows=2431929 width=4) (actual time=0.016..656.134 rows=2425092 loops=1)
                    Filter: (keyword_id > 3778)
                    Rows Removed by Filter: 2098838
              ->  Hash  (cost=67604.59..67604.59 rows=114542 width=4) (actual time=401.185..401.185 rows=118234 loops=1)
                    Buckets: 131072  Batches: 2  Memory Usage: 3107kB
                    ->  Seq Scan on title t  (cost=0.00..67604.59 rows=114542 width=4) (actual time=0.016..377.512 rows=118234 loops=1)
                          Filter: (kind_id = 4)
                          Rows Removed by Filter: 2410078
Planning time: 0.719 ms
Execution time: 4589.268 ms
