Seq Scan on cast_info ci  (cost=0.00..796071.18 rows=332 width=0) (actual time=2516.146..5709.430 rows=1 loops=1)
  Filter: ((role_id < 4) AND (person_id = 1714337))
  Rows Removed by Filter: 36244343
Planning time: 0.269 ms
Execution time: 5709.514 ms
