Hash Join  (cost=154446.11..194709.51 rows=149792 width=0) (actual time=1605.898..2272.893 rows=767097 loops=1)
  Hash Cond: (mi_idx.movie_id = t.id)
  ->  Seq Scan on movie_info_idx mi_idx  (cost=0.00..21735.35 rows=1380035 width=4) (actual time=0.015..179.242 rows=1380035 loops=1)
  ->  Hash  (cost=149942.47..149942.47 rows=274451 width=8) (actual time=1605.285..1605.285 rows=525344 loops=1)
        Buckets: 131072 (originally 131072)  Batches: 8 (originally 4)  Memory Usage: 3608kB
        ->  Hash Join  (cost=83810.17..149942.47 rows=274451 width=8) (actual time=578.370..1471.074 rows=525344 loops=1)
              Hash Cond: (mc.movie_id = t.id)
              ->  Seq Scan on movie_companies mc  (cost=0.00..51404.11 rows=702579 width=4) (actual time=0.006..404.467 rows=706637 loops=1)
                    Filter: (company_id > 44267)
                    Rows Removed by Filter: 1902492
              ->  Hash  (cost=67604.59..67604.59 rows=987727 width=4) (actual time=577.787..577.787 rows=985048 loops=1)
                    Buckets: 131072  Batches: 16  Memory Usage: 3188kB
                    ->  Seq Scan on title t  (cost=0.00..67604.59 rows=987727 width=4) (actual time=0.016..421.960 rows=985048 loops=1)
                          Filter: (kind_id < 7)
                          Rows Removed by Filter: 1543264
Planning time: 0.714 ms
Execution time: 2320.231 ms
