Seq Scan on cast_info ci  (cost=0.00..796071.18 rows=145043 width=0) (actual time=3000.983..5128.038 rows=254147 loops=1)
  Filter: ((person_id > 1781080) AND (role_id = 7))
  Rows Removed by Filter: 35990197
Planning time: 0.285 ms
Execution time: 5144.520 ms
