Hash Join  (cost=87815.79..435746.05 rows=507 width=0) (actual time=1177.953..2527.942 rows=428 loops=1)
  Hash Cond: (mi.movie_id = t.id)
  ->  Seq Scan on movie_info mi  (cost=0.00..346232.03 rows=451508 width=4) (actual time=695.836..2010.104 rows=474443 loops=1)
        Filter: (info_type_id = 6)
        Rows Removed by Filter: 14361277
  ->  Hash  (cost=87780.33..87780.33 rows=2837 width=8) (actual time=481.974..481.974 rows=1277 loops=1)
        Buckets: 4096  Batches: 1  Memory Usage: 82kB
        ->  Nested Loop  (cost=0.43..87780.33 rows=2837 width=8) (actual time=5.313..481.296 rows=1277 loops=1)
              ->  Seq Scan on movie_companies mc  (cost=0.00..51404.11 rows=4957 width=4) (actual time=5.247..443.096 rows=3722 loops=1)
                    Filter: (company_id = 164)
                    Rows Removed by Filter: 2605407
              ->  Index Scan using title_pkey on title t  (cost=0.43..7.33 rows=1 width=4) (actual time=0.010..0.010 rows=0 loops=3722)
                    Index Cond: (id = mc.movie_id)
                    Filter: (production_year < 2006)
                    Rows Removed by Filter: 1
Planning time: 0.765 ms
Execution time: 2528.086 ms
