Hash Join  (cost=856491.93..2583272.79 rows=56033411 width=0) (actual time=9169.039..26356.042 rows=50766368 loops=1)
  Hash Cond: (ci.movie_id = t.id)
  ->  Seq Scan on cast_info ci  (cost=0.00..796071.18 rows=14570502 width=4) (actual time=839.663..7147.473 rows=15129727 loops=1)
        Filter: ((person_id > 338324) AND (role_id > 2))
        Rows Removed by Filter: 21114617
  ->  Hash  (cost=696959.27..696959.27 rows=9723893 width=8) (actual time=8327.198..8327.198 rows=4961386 loops=1)
        Buckets: 131072  Batches: 128  Memory Usage: 2533kB
        ->  Hash Join  (cost=94973.51..696959.27 rows=9723893 width=8) (actual time=779.372..7536.229 rows=4961386 loops=1)
              Hash Cond: (mi.movie_id = t.id)
              ->  Seq Scan on movie_info mi  (cost=0.00..309384.22 rows=14739122 width=4) (actual time=0.031..2205.026 rows=14835720 loops=1)
              ->  Hash  (cost=67604.59..67604.59 rows=1668154 width=4) (actual time=778.623..778.623 rows=1674098 loops=1)
                    Buckets: 131072  Batches: 32  Memory Usage: 2875kB
                    ->  Seq Scan on title t  (cost=0.00..67604.59 rows=1668154 width=4) (actual time=0.015..494.673 rows=1674098 loops=1)
                          Filter: (kind_id > 3)
                          Rows Removed by Filter: 854214
Planning time: 0.742 ms
Execution time: 29574.200 ms
