Hash Join  (cost=98137.04..1135072.16 rows=11826971 width=0) (actual time=1732.212..12219.253 rows=11771051 loops=1)
  Hash Cond: (ci.movie_id = t.id)
  ->  Seq Scan on cast_info ci  (cost=0.00..705507.15 rows=16069253 width=4) (actual time=941.694..5343.868 rows=16212191 loops=1)
        Filter: (person_id > 2011750)
        Rows Removed by Filter: 20032153
  ->  Hash  (cost=67604.59..67604.59 rows=1860996 width=4) (actual time=789.589..789.589 rows=1865487 loops=1)
        Buckets: 131072  Batches: 32  Memory Usage: 3079kB
        ->  Seq Scan on title t  (cost=0.00..67604.59 rows=1860996 width=4) (actual time=0.023..491.292 rows=1865487 loops=1)
              Filter: (kind_id > 1)
              Rows Removed by Filter: 662825
Planning time: 0.450 ms
Execution time: 12946.942 ms
