Hash Join  (cost=52284.99..803089.06 rows=1490 width=0) (actual time=301.964..7104.186 rows=7263 loops=1)
  Hash Cond: (ci.movie_id = t.id)
  ->  Seq Scan on cast_info ci  (cost=0.00..614943.12 rows=36225612 width=4) (actual time=0.012..3375.356 rows=36244344 loops=1)
  ->  Hash  (cost=52283.69..52283.69 rows=104 width=8) (actual time=301.142..301.142 rows=223 loops=1)
        Buckets: 1024  Batches: 1  Memory Usage: 17kB
        ->  Nested Loop  (cost=0.43..52283.69 rows=104 width=8) (actual time=16.720..301.063 rows=223 loops=1)
              ->  Seq Scan on movie_companies mc  (cost=0.00..51404.11 rows=104 width=4) (actual time=16.652..298.338 rows=223 loops=1)
                    Filter: (company_id = 1083)
                    Rows Removed by Filter: 2608906
              ->  Index Only Scan using title_pkey on title t  (cost=0.43..8.45 rows=1 width=4) (actual time=0.011..0.012 rows=1 loops=223)
                    Index Cond: (id = mc.movie_id)
                    Heap Fetches: 223
Planning time: 0.735 ms
Execution time: 7105.496 ms
