Seq Scan on cast_info ci  (cost=0.00..705507.15 rows=500 width=0) (actual time=2460.687..3951.376 rows=157 loops=1)
  Filter: (person_id = 682502)
  Rows Removed by Filter: 36244187
Planning time: 0.226 ms
Execution time: 3951.438 ms
