Hash Join  (cost=161043.62..512362.77 rows=3161 width=0) (actual time=1838.330..3208.034 rows=20224 loops=1)
  Hash Cond: (mi.movie_id = t.id)
  ->  Seq Scan on movie_info mi  (cost=0.00..346232.03 rows=1348138 width=4) (actual time=681.445..2041.933 rows=1298989 loops=1)
        Filter: (info_type_id = 4)
        Rows Removed by Filter: 13536731
  ->  Hash  (cost=160969.52..160969.52 rows=5928 width=8) (actual time=1050.720..1050.720 rows=15352 loops=1)
        Buckets: 16384 (originally 8192)  Batches: 1 (originally 1)  Memory Usage: 728kB
        ->  Hash Join  (cost=74045.78..160969.52 rows=5928 width=8) (actual time=382.871..1048.065 rows=15352 loops=1)
              Hash Cond: (mk.movie_id = t.id)
              ->  Seq Scan on movie_keyword mk  (cost=0.00..81003.12 rows=1563022 width=4) (actual time=0.017..540.299 rows=1571344 loops=1)
                    Filter: (keyword_id < 2367)
                    Rows Removed by Filter: 2952586
              ->  Hash  (cost=73925.90..73925.90 rows=9590 width=4) (actual time=382.716..382.716 rows=5862 loops=1)
                    Buckets: 16384  Batches: 1  Memory Usage: 335kB
                    ->  Seq Scan on title t  (cost=0.00..73925.90 rows=9590 width=4) (actual time=29.890..381.365 rows=5862 loops=1)
                          Filter: ((kind_id = 1) AND (production_year = 1996))
                          Rows Removed by Filter: 2522450
Planning time: 0.716 ms
Execution time: 3209.987 ms
