Hash Join  (cost=100972.04..905294.75 rows=2592 width=0) (actual time=3267.278..5620.761 rows=3123 loops=1)
  Hash Cond: (ci.movie_id = t.id)
  ->  Seq Scan on cast_info ci  (cost=0.00..796071.18 rows=2193496 width=4) (actual time=2578.126..4863.335 rows=753126 loops=1)
        Filter: ((person_id < 1340936) AND (role_id > 8))
        Rows Removed by Filter: 35491218
  ->  Hash  (cost=100934.69..100934.69 rows=2988 width=8) (actual time=688.453..688.453 rows=4857 loops=1)
        Buckets: 8192 (originally 4096)  Batches: 1 (originally 1)  Memory Usage: 254kB
        ->  Hash Join  (cost=73994.33..100934.69 rows=2988 width=8) (actual time=437.767..687.511 rows=4857 loops=1)
              Hash Cond: (mi_idx.movie_id = t.id)
              ->  Seq Scan on movie_info_idx mi_idx  (cost=0.00..21735.35 rows=1380035 width=4) (actual time=0.020..114.525 rows=1380035 loops=1)
              ->  Hash  (cost=73925.90..73925.90 rows=5474 width=4) (actual time=437.219..437.219 rows=10313 loops=1)
                    Buckets: 16384 (originally 8192)  Batches: 1 (originally 1)  Memory Usage: 491kB
                    ->  Seq Scan on title t  (cost=0.00..73925.90 rows=5474 width=4) (actual time=0.047..434.573 rows=10313 loops=1)
                          Filter: ((kind_id > 1) AND (production_year = 1980))
                          Rows Removed by Filter: 2517999
Planning time: 0.751 ms
Execution time: 5621.151 ms
