Seq Scan on movie_keyword mk  (cost=0.00..81003.12 rows=2018059 width=0) (actual time=0.021..1452.945 rows=2023536 loops=1)
  Filter: (keyword_id > 6112)
  Rows Removed by Filter: 2500394
Planning time: 0.325 ms
Execution time: 1714.241 ms
