Hash Join  (cost=98137.04..176437.62 rows=478022 width=0) (actual time=796.983..1338.450 rows=82662 loops=1)
  Hash Cond: (mc.movie_id = t.id)
  ->  Seq Scan on movie_companies mc  (cost=0.00..57926.93 rows=649486 width=4) (actual time=43.384..351.978 rows=414785 loops=1)
        Filter: ((company_id > 11203) AND (company_type_id < 2))
        Rows Removed by Filter: 2194344
  ->  Hash  (cost=67604.59..67604.59 rows=1860996 width=4) (actual time=752.520..752.520 rows=1865487 loops=1)
        Buckets: 131072  Batches: 32  Memory Usage: 3079kB
        ->  Seq Scan on title t  (cost=0.00..67604.59 rows=1860996 width=4) (actual time=0.016..482.374 rows=1865487 loops=1)
              Filter: (kind_id > 1)
              Rows Removed by Filter: 662825
Planning time: 0.459 ms
Execution time: 1343.588 ms
