Seq Scan on cast_info ci  (cost=0.00..796071.18 rows=1611025 width=0) (actual time=412.283..4867.410 rows=1688073 loops=1)
  Filter: ((person_id > 1458499) AND (role_id = 4))
  Rows Removed by Filter: 34556271
Planning time: 0.251 ms
Execution time: 4962.014 ms
