Hash Join  (cost=344360.86..1111069.26 rows=21708277 width=0) (actual time=3715.608..31218.828 rows=202212808 loops=1)
  Hash Cond: (mi.movie_id = t.id)
  ->  Seq Scan on movie_info mi  (cost=0.00..309384.22 rows=14739122 width=4) (actual time=0.011..2113.943 rows=14835720 loops=1)
  ->  Hash  (cost=283261.61..283261.61 rows=3724100 width=8) (actual time=3714.511..3714.511 rows=3720556 loops=1)
        Buckets: 131072  Batches: 64  Memory Usage: 3398kB
        ->  Hash Join  (cost=102767.86..283261.61 rows=3724100 width=8) (actual time=786.384..3143.775 rows=3720556 loops=1)
              Hash Cond: (mk.movie_id = t.id)
              ->  Seq Scan on movie_keyword mk  (cost=0.00..81003.12 rows=3724100 width=4) (actual time=0.018..741.086 rows=3720556 loops=1)
                    Filter: (keyword_id > 772)
                    Rows Removed by Filter: 803374
              ->  Hash  (cost=61283.27..61283.27 rows=2528527 width=4) (actual time=785.135..785.135 rows=2528312 loops=1)
                    Buckets: 131072  Batches: 64  Memory Usage: 2425kB
                    ->  Seq Scan on title t  (cost=0.00..61283.27 rows=2528527 width=4) (actual time=0.013..385.689 rows=2528312 loops=1)
Planning time: 0.655 ms
Execution time: 42444.056 ms
