Hash Join  (cost=240782.35..686915.55 rows=2716259 width=0) (actual time=2358.245..7115.069 rows=12113094 loops=1)
  Hash Cond: (mi.movie_id = t.id)
  ->  Seq Scan on movie_info mi  (cost=0.00..346232.03 rows=5897221 width=4) (actual time=259.101..2107.621 rows=5884963 loops=1)
        Filter: (info_type_id < 7)
        Rows Removed by Filter: 8950757
  ->  Hash  (cost=221674.37..221674.37 rows=1164639 width=8) (actual time=2096.562..2096.562 rows=1180010 loops=1)
        Buckets: 131072  Batches: 16  Memory Usage: 4048kB
        ->  Hash Join  (cost=102767.86..221674.37 rows=1164639 width=8) (actual time=765.893..1921.250 rows=1180010 loops=1)
              Hash Cond: (mk.movie_id = t.id)
              ->  Seq Scan on movie_keyword mk  (cost=0.00..81003.12 rows=1164639 width=4) (actual time=0.033..541.549 rows=1180010 loops=1)
                    Filter: (keyword_id > 15806)
                    Rows Removed by Filter: 3343920
              ->  Hash  (cost=61283.27..61283.27 rows=2528527 width=4) (actual time=764.342..764.342 rows=2528312 loops=1)
                    Buckets: 131072  Batches: 64  Memory Usage: 2425kB
                    ->  Seq Scan on title t  (cost=0.00..61283.27 rows=2528527 width=4) (actual time=0.024..378.466 rows=2528312 loops=1)
Planning time: 0.627 ms
Execution time: 7817.749 ms
