Seq Scan on movie_companies mc  (cost=0.00..51404.11 rows=1107860 width=0) (actual time=0.025..320.916 rows=1101056 loops=1)
  Filter: (company_id < 7563)
  Rows Removed by Filter: 1508073
Planning time: 0.183 ms
Execution time: 385.442 ms
