Seq Scan on movie_keyword mk  (cost=0.00..81003.12 rows=3506201 width=0) (actual time=0.017..598.995 rows=3499027 loops=1)
  Filter: (keyword_id < 17517)
  Rows Removed by Filter: 1024903
Planning time: 0.180 ms
Execution time: 807.466 ms
