Hash Join  (cost=146730.98..620514.93 rows=2277281 width=0) (actual time=1378.464..6315.316 rows=5011603 loops=1)
  Hash Cond: (mi.movie_id = t.id)
  ->  Seq Scan on movie_info mi  (cost=0.00..346232.03 rows=8841901 width=4) (actual time=28.135..2406.539 rows=8950757 loops=1)
        Filter: (info_type_id > 6)
        Rows Removed by Filter: 5884963
  ->  Hash  (cost=136046.53..136046.53 rows=651236 width=8) (actual time=1349.654..1349.654 rows=539725 loops=1)
        Buckets: 131072  Batches: 16  Memory Usage: 2341kB
        ->  Hash Join  (cost=87180.69..136046.53 rows=651236 width=8) (actual time=633.889..1266.998 rows=539725 loops=1)
              Hash Cond: (mi_idx.movie_id = t.id)
              ->  Seq Scan on movie_info_idx mi_idx  (cost=0.00..21735.35 rows=1380035 width=4) (actual time=0.017..172.158 rows=1380035 loops=1)
              ->  Hash  (cost=67604.59..67604.59 rows=1193208 width=4) (actual time=633.175..633.175 rows=1192518 loops=1)
                    Buckets: 131072  Batches: 16  Memory Usage: 3646kB
                    ->  Seq Scan on title t  (cost=0.00..67604.59 rows=1193208 width=4) (actual time=0.025..454.429 rows=1192518 loops=1)
                          Filter: (production_year > 2003)
                          Rows Removed by Filter: 1335794
Planning time: 0.732 ms
Execution time: 6607.392 ms
