Hash Join  (cost=102767.86..215810.65 rows=920964 width=0) (actual time=795.896..1829.945 rows=915354 loops=1)
  Hash Cond: (mk.movie_id = t.id)
  ->  Seq Scan on movie_keyword mk  (cost=0.00..81003.12 rows=920964 width=4) (actual time=0.020..531.552 rows=915354 loops=1)
        Filter: (keyword_id > 20330)
        Rows Removed by Filter: 3608576
  ->  Hash  (cost=61283.27..61283.27 rows=2528527 width=4) (actual time=795.022..795.022 rows=2528312 loops=1)
        Buckets: 131072  Batches: 64  Memory Usage: 2425kB
        ->  Seq Scan on title t  (cost=0.00..61283.27 rows=2528527 width=4) (actual time=0.016..393.955 rows=2528312 loops=1)
Planning time: 0.467 ms
Execution time: 1883.864 ms
