Hash Join  (cost=69969.16..866788.69 rows=862 width=0) (actual time=3318.105..4371.687 rows=55 loops=1)
  Hash Cond: (ci.movie_id = t.id)
  ->  Seq Scan on cast_info ci  (cost=0.00..796071.18 rows=15127 width=4) (actual time=2924.537..3970.135 rows=5444 loops=1)
        Filter: ((person_id < 149408) AND (role_id > 10))
        Rows Removed by Filter: 36238900
  ->  Hash  (cost=67604.59..67604.59 rows=144126 width=4) (actual time=392.553..392.553 rows=145539 loops=1)
        Buckets: 131072  Batches: 2  Memory Usage: 3580kB
        ->  Seq Scan on title t  (cost=0.00..67604.59 rows=144126 width=4) (actual time=6.612..366.404 rows=145539 loops=1)
              Filter: (production_year < 1942)
              Rows Removed by Filter: 2382773
Planning time: 0.451 ms
Execution time: 4371.845 ms
