Seq Scan on movie_keyword mk  (cost=0.00..81003.12 rows=1068442 width=0) (actual time=0.020..494.176 rows=1076319 loops=1)
  Filter: (keyword_id < 1082)
  Rows Removed by Filter: 3447611
Planning time: 0.204 ms
Execution time: 557.723 ms
