Hash Join  (cost=872462.39..927213.64 rows=8572 width=0) (actual time=4420.731..4860.512 rows=10236 loops=1)
  Hash Cond: (mc.movie_id = t.id)
  ->  Seq Scan on movie_companies mc  (cost=0.00..44881.29 rows=2609129 width=4) (actual time=0.020..207.538 rows=2609129 loops=1)
  ->  Hash  (cost=872358.54..872358.54 rows=8308 width=8) (actual time=4420.499..4420.499 rows=3427 loops=1)
        Buckets: 16384  Batches: 1  Memory Usage: 262kB
        ->  Hash Join  (cost=74050.79..872358.54 rows=8308 width=8) (actual time=646.356..4419.771 rows=3427 loops=1)
              Hash Cond: (ci.movie_id = t.id)
              ->  Seq Scan on cast_info ci  (cost=0.00..796071.18 rows=53465 width=4) (actual time=196.929..3939.388 rows=21411 loops=1)
                    Filter: ((person_id < 525882) AND (role_id > 10))
                    Rows Removed by Filter: 36222933
              ->  Hash  (cost=67604.59..67604.59 rows=392896 width=4) (actual time=448.793..448.793 rows=391666 loops=1)
                    Buckets: 131072  Batches: 8  Memory Usage: 2753kB
                    ->  Seq Scan on title t  (cost=0.00..67604.59 rows=392896 width=4) (actual time=0.020..386.717 rows=391666 loops=1)
                          Filter: (production_year > 2010)
                          Rows Removed by Filter: 2136646
Planning time: 0.727 ms
Execution time: 4861.367 ms
