Hash Join  (cost=296490.12..1812810.00 rows=38154865 width=0) (actual time=2461.617..17693.396 rows=21723076 loops=1)
  Hash Cond: (ci.movie_id = t.id)
  ->  Seq Scan on cast_info ci  (cost=0.00..614943.12 rows=36225612 width=4) (actual time=0.010..4674.924 rows=36244344 loops=1)
  ->  Hash  (cost=252796.27..252796.27 rows=2663188 width=8) (actual time=2460.204..2460.204 rows=635485 loops=1)
        Buckets: 131072  Batches: 64  Memory Usage: 1397kB
        ->  Hash Join  (cost=98347.35..252796.27 rows=2663188 width=8) (actual time=1546.523..2366.587 rows=635485 loops=1)
              Hash Cond: (mk.movie_id = t.id)
              ->  Seq Scan on movie_keyword mk  (cost=0.00..69693.30 rows=4523930 width=4) (actual time=0.015..530.248 rows=4523930 loops=1)
              ->  Hash  (cost=73925.90..73925.90 rows=1488516 width=4) (actual time=731.327..731.327 rows=1478439 loops=1)
                    Buckets: 131072  Batches: 32  Memory Usage: 2656kB
                    ->  Seq Scan on title t  (cost=0.00..73925.90 rows=1488516 width=4) (actual time=0.037..508.516 rows=1478439 loops=1)
                          Filter: ((production_year > 1905) AND (kind_id = 7))
                          Rows Removed by Filter: 1049873
Planning time: 0.666 ms
Execution time: 18930.733 ms
