Hash Join  (cost=83072.46..833863.64 rows=197 width=0) (actual time=460.718..6278.885 rows=4428 loops=1)
  Hash Cond: (ci.movie_id = t.id)
  ->  Seq Scan on cast_info ci  (cost=0.00..614943.12 rows=36225612 width=4) (actual time=0.019..2817.976 rows=36244344 loops=1)
  ->  Hash  (cost=83072.29..83072.29 rows=14 width=8) (actual time=452.777..452.777 rows=52 loops=1)
        Buckets: 1024  Batches: 1  Memory Usage: 11kB
        ->  Nested Loop  (cost=0.43..83072.29 rows=14 width=8) (actual time=16.503..452.743 rows=52 loops=1)
              ->  Seq Scan on movie_keyword mk  (cost=0.00..81003.12 rows=246 width=4) (actual time=1.246..445.576 rows=505 loops=1)
                    Filter: (keyword_id = 1783)
                    Rows Removed by Filter: 4523425
              ->  Index Scan using title_pkey on title t  (cost=0.43..8.40 rows=1 width=4) (actual time=0.014..0.014 rows=0 loops=505)
                    Index Cond: (id = mk.movie_id)
                    Filter: (production_year = 2010)
                    Rows Removed by Filter: 1
Planning time: 0.744 ms
Execution time: 6279.787 ms
