Seq Scan on cast_info ci  (cost=0.00..796071.18 rows=3834167 width=0) (actual time=4646.810..13648.297 rows=7778484 loops=1)
  Filter: ((person_id < 1060773) AND (role_id = 1))
  Rows Removed by Filter: 28465860
Planning time: 0.462 ms
Execution time: 14604.797 ms
