Seq Scan on movie_keyword mk  (cost=0.00..81003.12 rows=1204417 width=0) (actual time=0.021..501.145 rows=1213818 loops=1)
  Filter: (keyword_id > 15065)
  Rows Removed by Filter: 3310112
Planning time: 0.212 ms
Execution time: 572.762 ms
