Seq Scan on movie_companies mc  (cost=0.00..57926.93 rows=995241 width=0) (actual time=0.046..398.672 rows=1274246 loops=1)
  Filter: ((company_id < 70959) AND (company_type_id = 1))
  Rows Removed by Filter: 1334883
Planning time: 0.199 ms
Execution time: 473.902 ms
