Seq Scan on movie_companies mc  (cost=0.00..57926.93 rows=1330 width=0) (actual time=3.624..324.557 rows=1166 loops=1)
  Filter: ((company_type_id > 1) AND (company_id = 10583))
  Rows Removed by Filter: 2607963
Planning time: 0.231 ms
Execution time: 324.754 ms
