Hash Join  (cost=74787.47..133129.42 rows=2812 width=0) (actual time=577.179..728.180 rows=687 loops=1)
  Hash Cond: (mc.movie_id = t.id)
  ->  Seq Scan on movie_companies mc  (cost=0.00..57926.93 rows=103173 width=4) (actual time=144.734..286.619 rows=41129 loops=1)
        Filter: ((company_id < 64) AND (company_type_id > 1))
        Rows Removed by Filter: 2568000
  ->  Hash  (cost=73925.90..73925.90 rows=68925 width=4) (actual time=430.240..430.240 rows=84076 loops=1)
        Buckets: 131072  Batches: 1  Memory Usage: 3980kB
        ->  Seq Scan on title t  (cost=0.00..73925.90 rows=68925 width=4) (actual time=0.024..411.782 rows=84076 loops=1)
              Filter: ((kind_id = 7) AND (production_year = 2007))
              Rows Removed by Filter: 2444236
Planning time: 0.441 ms
Execution time: 728.452 ms
