Hash Join  (cost=140605.69..901234.90 rows=984005 width=0) (actual time=1126.203..8402.726 rows=2458567 loops=1)
  Hash Cond: (ci.movie_id = t.id)
  ->  Seq Scan on cast_info ci  (cost=0.00..614943.12 rows=36225612 width=4) (actual time=0.014..2849.731 rows=36244344 loops=1)
  ->  Hash  (cost=139747.15..139747.15 rows=68683 width=8) (actual time=1125.733..1125.733 rows=57061 loops=1)
        Buckets: 131072  Batches: 1  Memory Usage: 3253kB
        ->  Hash Join  (cost=69460.45..139747.15 rows=68683 width=8) (actual time=455.530..1113.523 rows=57061 loops=1)
              Hash Cond: (mc.movie_id = t.id)
              ->  Seq Scan on movie_companies mc  (cost=0.00..51404.11 rows=1535402 width=4) (actual time=0.019..367.583 rows=1522308 loops=1)
                    Filter: (company_id < 14282)
                    Rows Removed by Filter: 1086821
              ->  Hash  (cost=67604.59..67604.59 rows=113109 width=4) (actual time=454.886..454.886 rows=119565 loops=1)
                    Buckets: 131072  Batches: 2  Memory Usage: 3115kB
                    ->  Seq Scan on title t  (cost=0.00..67604.59 rows=113109 width=4) (actual time=0.017..432.183 rows=119565 loops=1)
                          Filter: (production_year = 2007)
                          Rows Removed by Filter: 2408747
Planning time: 0.697 ms
Execution time: 8553.747 ms
