Hash Join  (cost=68113.45..159105.39 rows=41120 width=0) (actual time=350.592..1099.525 rows=48520 loops=1)
  Hash Cond: (mk.movie_id = t.id)
  ->  Seq Scan on movie_keyword mk  (cost=0.00..81003.12 rows=2554032 width=4) (actual time=0.020..544.435 rows=2544155 loops=1)
        Filter: (keyword_id < 6393)
        Rows Removed by Filter: 1979775
  ->  Hash  (cost=67604.59..67604.59 rows=40709 width=4) (actual time=350.288..350.288 rows=38955 loops=1)
        Buckets: 65536  Batches: 1  Memory Usage: 1882kB
        ->  Seq Scan on title t  (cost=0.00..67604.59 rows=40709 width=4) (actual time=0.032..341.897 rows=38955 loops=1)
              Filter: (production_year = 1997)
              Rows Removed by Filter: 2489357
Planning time: 0.393 ms
Execution time: 1102.773 ms
