Hash Join  (cost=83074.74..109986.57 rows=134 width=0) (actual time=433.336..644.861 rows=1524 loops=1)
  Hash Cond: (mi_idx.movie_id = t.id)
  ->  Seq Scan on movie_info_idx mi_idx  (cost=0.00..21735.35 rows=1380035 width=4) (actual time=0.027..99.363 rows=1380035 loops=1)
  ->  Hash  (cost=83071.67..83071.67 rows=246 width=8) (actual time=433.277..433.277 rows=1144 loops=1)
        Buckets: 2048 (originally 1024)  Batches: 1 (originally 1)  Memory Usage: 61kB
        ->  Nested Loop  (cost=0.43..83071.67 rows=246 width=8) (actual time=4.114..432.916 rows=1144 loops=1)
              ->  Seq Scan on movie_keyword mk  (cost=0.00..81003.12 rows=246 width=4) (actual time=4.076..422.679 rows=1144 loops=1)
                    Filter: (keyword_id = 20325)
                    Rows Removed by Filter: 4522786
              ->  Index Only Scan using title_pkey on title t  (cost=0.43..8.40 rows=1 width=4) (actual time=0.008..0.008 rows=1 loops=1144)
                    Index Cond: (id = mk.movie_id)
                    Heap Fetches: 1144
Planning time: 0.695 ms
Execution time: 645.042 ms
