Seq Scan on movie_keyword mk  (cost=0.00..81003.12 rows=1249548 width=0) (actual time=0.015..1359.218 rows=1265640 loops=1)
  Filter: (keyword_id < 1617)
  Rows Removed by Filter: 3258290
Planning time: 0.268 ms
Execution time: 1517.019 ms
