Seq Scan on movie_keyword mk  (cost=0.00..81003.12 rows=3168706 width=0) (actual time=0.024..535.661 rows=3158139 loops=1)
  Filter: (keyword_id < 12236)
  Rows Removed by Filter: 1365791
Planning time: 0.213 ms
Execution time: 707.178 ms
