Seq Scan on cast_info ci  (cost=0.00..796071.18 rows=176 width=0) (actual time=994.647..3457.005 rows=12 loops=1)
  Filter: ((person_id = 224307) AND (role_id = 1))
  Rows Removed by Filter: 36244332
Planning time: 0.242 ms
Execution time: 3457.067 ms
