Seq Scan on movie_companies mc  (cost=0.00..57926.93 rows=53 width=0) (actual time=2.054..304.792 rows=18 loops=1)
  Filter: ((company_type_id > 1) AND (company_id = 101592))
  Rows Removed by Filter: 2609111
Planning time: 0.235 ms
Execution time: 304.860 ms
