Seq Scan on cast_info ci  (cost=0.00..796071.18 rows=1840101 width=0) (actual time=89.347..3918.767 rows=1110348 loops=1)
  Filter: ((person_id < 382469) AND (role_id > 2))
  Rows Removed by Filter: 35133996
Planning time: 0.191 ms
Execution time: 3982.800 ms
