Hash Join  (cost=1002479.04..1673630.22 rows=13170347 width=0) (actual time=7499.538..21189.861 rows=78873011 loops=1)
  Hash Cond: (mi.movie_id = t.id)
  ->  Seq Scan on movie_info mi  (cost=0.00..346232.03 rows=14373737 width=4) (actual time=0.011..2511.546 rows=14407069 loops=1)
        Filter: (info_type_id < 105)
        Rows Removed by Filter: 428651
  ->  Hash  (cost=964467.61..964467.61 rows=2316835 width=8) (actual time=7498.377..7498.377 rows=3678460 loops=1)
        Buckets: 131072 (originally 131072)  Batches: 64 (originally 32)  Memory Usage: 3308kB
        ->  Hash Join  (cost=102767.86..964467.61 rows=2316835 width=8) (actual time=1743.364..6947.887 rows=3678460 loops=1)
              Hash Cond: (ci.movie_id = t.id)
              ->  Seq Scan on cast_info ci  (cost=0.00..796071.18 rows=2316835 width=4) (actual time=1061.551..4760.632 rows=3678460 loops=1)
                    Filter: ((person_id > 1648934) AND (role_id = 10))
                    Rows Removed by Filter: 32565884
              ->  Hash  (cost=61283.27..61283.27 rows=2528527 width=4) (actual time=680.650..680.650 rows=2528312 loops=1)
                    Buckets: 131072  Batches: 64  Memory Usage: 2415kB
                    ->  Seq Scan on title t  (cost=0.00..61283.27 rows=2528527 width=4) (actual time=0.020..345.192 rows=2528312 loops=1)
Planning time: 0.675 ms
Execution time: 25102.483 ms
