Seq Scan on movie_companies mc  (cost=0.00..51404.11 rows=1724013 width=0) (actual time=0.031..324.820 rows=1727244 loops=1)
  Filter: (company_id > 2631)
  Rows Removed by Filter: 881885
Planning time: 0.179 ms
Execution time: 423.497 ms
