Hash Join  (cost=78281.14..164727.69 rows=36668 width=0) (actual time=447.707..1027.885 rows=143183 loops=1)
  Hash Cond: (mk.movie_id = t.id)
  ->  Seq Scan on movie_keyword mk  (cost=0.00..81003.12 rows=349264 width=4) (actual time=0.024..444.398 rows=363692 loops=1)
        Filter: (keyword_id < 335)
        Rows Removed by Filter: 4160238
  ->  Hash  (cost=73925.90..73925.90 rows=265459 width=4) (actual time=446.966..446.966 rows=386090 loops=1)
        Buckets: 131072 (originally 131072)  Batches: 8 (originally 4)  Memory Usage: 3073kB
        ->  Seq Scan on title t  (cost=0.00..73925.90 rows=265459 width=4) (actual time=0.015..383.351 rows=386090 loops=1)
              Filter: ((kind_id < 3) AND (production_year < 1997))
              Rows Removed by Filter: 2142222
Planning time: 0.408 ms
Execution time: 1036.702 ms
