Hash Join  (cost=79273.71..886894.49 rows=1011338 width=0) (actual time=531.281..6790.207 rows=1384738 loops=1)
  Hash Cond: (ci.movie_id = t.id)
  ->  Seq Scan on cast_info ci  (cost=0.00..705507.15 rows=7846468 width=4) (actual time=89.161..4636.940 rows=7712640 loops=1)
        Filter: (role_id > 6)
        Rows Removed by Filter: 28531704
  ->  Hash  (cost=73925.90..73925.90 rows=325904 width=4) (actual time=441.355..441.355 rows=349534 loops=1)
        Buckets: 131072  Batches: 8  Memory Usage: 2566kB
        ->  Seq Scan on title t  (cost=0.00..73925.90 rows=325904 width=4) (actual time=0.012..389.790 rows=349534 loops=1)
              Filter: ((production_year > 2009) AND (kind_id = 7))
              Rows Removed by Filter: 2178778
Planning time: 0.419 ms
Execution time: 6867.711 ms
