Hash Join  (cost=479275.27..1309465.94 rows=2636651 width=0) (actual time=9782.136..28498.115 rows=6354793 loops=1)
  Hash Cond: (ci.movie_id = t.id)
  ->  Seq Scan on cast_info ci  (cost=0.00..705507.15 rows=8229333 width=4) (actual time=267.084..13127.142 rows=8109866 loops=1)
        Filter: (person_id < 793056)
        Rows Removed by Filter: 28134478
  ->  Hash  (cost=465983.62..465983.62 rows=810132 width=8) (actual time=9513.502..9513.502 rows=1570027 loops=1)
        Buckets: 131072 (originally 131072)  Batches: 32 (originally 16)  Memory Usage: 3073kB
        ->  Hash Join  (cost=83810.17..465983.62 rows=810132 width=8) (actual time=2604.870..9088.364 rows=1570027 loops=1)
              Hash Cond: (mi.movie_id = t.id)
              ->  Seq Scan on movie_info mi  (cost=0.00..346232.03 rows=2073893 width=4) (actual time=954.262..5665.636 rows=2091068 loops=1)
                    Filter: (info_type_id < 3)
                    Rows Removed by Filter: 12744652
              ->  Hash  (cost=67604.59..67604.59 rows=987727 width=4) (actual time=1649.720..1649.720 rows=985048 loops=1)
                    Buckets: 131072  Batches: 16  Memory Usage: 3197kB
                    ->  Seq Scan on title t  (cost=0.00..67604.59 rows=987727 width=4) (actual time=0.035..1075.277 rows=985048 loops=1)
                          Filter: (kind_id < 7)
                          Rows Removed by Filter: 1543264
Planning time: 1.272 ms
Execution time: 29188.695 ms
