Hash Join  (cost=246220.73..421314.07 rows=3893539 width=0) (actual time=2279.282..6564.801 rows=28789593 loops=1)
  Hash Cond: (mk.movie_id = t.id)
  ->  Seq Scan on movie_keyword mk  (cost=0.00..69693.30 rows=4523930 width=4) (actual time=0.022..473.646 rows=4523930 loops=1)
  ->  Hash  (cost=210517.39..210517.39 rows=2176187 width=8) (actual time=2278.303..2278.303 rows=1946129 loops=1)
        Buckets: 131072  Batches: 32  Memory Usage: 3443kB
        ->  Hash Join  (cost=102205.59..210517.39 rows=2176187 width=8) (actual time=739.183..1988.661 rows=1946129 loops=1)
              Hash Cond: (mc.movie_id = t.id)
              ->  Seq Scan on movie_companies mc  (cost=0.00..44881.29 rows=2609129 width=4) (actual time=0.015..302.518 rows=2609129 loops=1)
              ->  Hash  (cost=67604.59..67604.59 rows=2108960 width=4) (actual time=738.433..738.433 rows=2104137 loops=1)
                    Buckets: 131072  Batches: 32  Memory Usage: 3341kB
                    ->  Seq Scan on title t  (cost=0.00..67604.59 rows=2108960 width=4) (actual time=0.011..454.069 rows=2104137 loops=1)
                          Filter: (production_year > 1968)
                          Rows Removed by Filter: 424175
Planning time: 0.561 ms
Execution time: 7993.066 ms
