Hash Join  (cost=79690.18..215872.49 rows=577173 width=0) (actual time=726.735..1877.117 rows=111319 loops=1)
  Hash Cond: (mk.movie_id = t.id)
  ->  Seq Scan on movie_keyword mk  (cost=0.00..81003.12 rows=4154256 width=4) (actual time=0.021..669.283 rows=4155253 loops=1)
        Filter: (keyword_id < 45797)
        Rows Removed by Filter: 368677
  ->  Hash  (cost=73925.90..73925.90 rows=351302 width=4) (actual time=424.891..424.891 rows=233910 loops=1)
        Buckets: 131072  Batches: 8  Memory Usage: 2045kB
        ->  Seq Scan on title t  (cost=0.00..73925.90 rows=351302 width=4) (actual time=0.011..386.037 rows=233910 loops=1)
              Filter: ((production_year < 1984) AND (kind_id = 7))
              Rows Removed by Filter: 2294402
Planning time: 0.434 ms
Execution time: 1883.572 ms
