Hash Join  (cost=648880.08..2545890.08 rows=66397471 width=0) (actual time=5360.663..39529.394 rows=194532363 loops=1)
  Hash Cond: (ci.movie_id = t.id)
  ->  Seq Scan on cast_info ci  (cost=0.00..614943.12 rows=36225612 width=4) (actual time=0.013..4411.512 rows=36244344 loops=1)
  ->  Hash  (cost=572844.75..572844.75 rows=4634506 width=8) (actual time=5359.557..5359.557 rows=4870660 loops=1)
        Buckets: 131072 (originally 131072)  Batches: 128 (originally 64)  Memory Usage: 3962kB
        ->  Hash Join  (cost=104131.46..572844.75 rows=4634506 width=8) (actual time=1015.152..4710.224 rows=4870660 loops=1)
              Hash Cond: (mi.movie_id = t.id)
              ->  Seq Scan on movie_info mi  (cost=0.00..346232.03 rows=5263441 width=4) (actual time=222.374..1964.365 rows=5270569 loops=1)
                    Filter: (info_type_id > 15)
                    Rows Removed by Filter: 9565151
              ->  Hash  (cost=67604.59..67604.59 rows=2226390 width=4) (actual time=792.163..792.163 rows=2224569 loops=1)
                    Buckets: 131072  Batches: 32  Memory Usage: 3472kB
                    ->  Seq Scan on title t  (cost=0.00..67604.59 rows=2226390 width=4) (actual time=0.022..468.213 rows=2224569 loops=1)
                          Filter: (production_year < 2012)
                          Rows Removed by Filter: 303743
Planning time: 0.645 ms
Execution time: 49310.353 ms
