Seq Scan on movie_keyword mk  (cost=0.00..81003.12 rows=4428219 width=0) (actual time=0.022..549.284 rows=4430063 loops=1)
  Filter: (keyword_id < 83975)
  Rows Removed by Filter: 93867
Planning time: 0.169 ms
Execution time: 782.505 ms
