Seq Scan on movie_keyword mk  (cost=0.00..81003.12 rows=2232609 width=0) (actual time=0.022..489.829 rows=2225342 loops=1)
  Filter: (keyword_id < 4567)
  Rows Removed by Filter: 2298588
Planning time: 0.214 ms
Execution time: 609.827 ms
