Hash Join  (cost=152525.82..255439.00 rows=250365 width=184) (actual time=3715.729..7022.677 rows=1554597 loops=1)
  Hash Cond: (mc.movie_id = t.id)
  ->  Seq Scan on movie_companies mc  (cost=0.00..44881.29 rows=2609129 width=40) (actual time=0.012..1047.128 rows=2609129 loops=1)
  ->  Hash  (cost=144516.94..144516.94 rows=242631 width=144) (actual time=3524.401..3524.401 rows=420020 loops=1)
        Buckets: 32768  Batches: 16  Memory Usage: 3487kB
        ->  Hash Join  (cost=85727.72..144516.94 rows=242631 width=144) (actual time=1760.519..3277.119 rows=420020 loops=1)
              Hash Cond: (mi_idx.movie_id = t.id)
              ->  Seq Scan on movie_info_idx mi_idx  (cost=0.00..25185.44 rows=919057 width=50) (actual time=0.017..673.477 rows=920110 loops=1)
                    Filter: (info_type_id > 99)
                    Rows Removed by Filter: 459925
              ->  Hash  (cost=67604.59..67604.59 rows=667531 width=94) (actual time=1569.311..1569.311 rows=662825 loops=1)
                    Buckets: 32768  Batches: 32  Memory Usage: 2489kB
                    ->  Seq Scan on title t  (cost=0.00..67604.59 rows=667531 width=94) (actual time=473.640..1302.703 rows=662825 loops=1)
                          Filter: (kind_id = 1)
                          Rows Removed by Filter: 1865487
Planning time: 1.428 ms
Execution time: 7104.250 ms
