Hash Join  (cost=81711.23..183593.44 rows=265655 width=0) (actual time=2531.343..3406.848 rows=64922 loops=1)
  Hash Cond: (mk.movie_id = t.id)
  ->  Seq Scan on movie_keyword mk  (cost=0.00..81003.12 rows=1415609 width=4) (actual time=0.016..1469.189 rows=1429133 loops=1)
        Filter: (keyword_id > 11662)
        Rows Removed by Filter: 3094797
  ->  Hash  (cost=73925.90..73925.90 rows=474506 width=4) (actual time=1253.167..1253.167 rows=360459 loops=1)
        Buckets: 131072  Batches: 8  Memory Usage: 2600kB
        ->  Seq Scan on title t  (cost=0.00..73925.90 rows=474506 width=4) (actual time=0.031..1132.924 rows=360459 loops=1)
              Filter: ((production_year < 1994) AND (kind_id = 7))
              Rows Removed by Filter: 2167853
Planning time: 0.843 ms
Execution time: 3415.809 ms
