Seq Scan on cast_info ci  (cost=0.00..796071.18 rows=3326859 width=0) (actual time=359.221..3744.774 rows=5185201 loops=1)
  Filter: ((person_id > 3146075) AND (role_id > 1))
  Rows Removed by Filter: 31059143
Planning time: 0.182 ms
Execution time: 4014.568 ms
