Hash Join  (cost=83074.74..833899.15 rows=3524 width=0) (actual time=382.147..5757.327 rows=3004 loops=1)
  Hash Cond: (ci.movie_id = t.id)
  ->  Seq Scan on cast_info ci  (cost=0.00..614943.12 rows=36225612 width=4) (actual time=0.015..2593.881 rows=36244344 loops=1)
  ->  Hash  (cost=83071.67..83071.67 rows=246 width=8) (actual time=380.944..380.944 rows=85 loops=1)
        Buckets: 1024  Batches: 1  Memory Usage: 12kB
        ->  Nested Loop  (cost=0.43..83071.67 rows=246 width=8) (actual time=6.864..380.910 rows=85 loops=1)
              ->  Seq Scan on movie_keyword mk  (cost=0.00..81003.12 rows=246 width=4) (actual time=6.824..379.378 rows=85 loops=1)
                    Filter: (keyword_id = 1008)
                    Rows Removed by Filter: 4523845
              ->  Index Only Scan using title_pkey on title t  (cost=0.43..8.40 rows=1 width=4) (actual time=0.017..0.017 rows=1 loops=85)
                    Index Cond: (id = mk.movie_id)
                    Heap Fetches: 85
Planning time: 0.566 ms
Execution time: 5757.944 ms
