Hash Join  (cost=792955.52..3321587.42 rows=114659165 width=0) (actual time=6766.202..28271.681 rows=88642862 loops=1)
  Hash Cond: (ci.movie_id = t.id)
  ->  Seq Scan on cast_info ci  (cost=0.00..614943.12 rows=36225612 width=4) (actual time=0.013..4213.619 rows=36244344 loops=1)
  ->  Hash  (cost=661653.22..661653.22 rows=8003144 width=8) (actual time=6765.195..6765.195 rows=3782350 loops=1)
        Buckets: 131072  Batches: 128  Memory Usage: 2145kB
        ->  Hash Join  (cost=96451.85..661653.22 rows=8003144 width=8) (actual time=692.639..6237.208 rows=3782350 loops=1)
              Hash Cond: (mi.movie_id = t.id)
              ->  Seq Scan on movie_info mi  (cost=0.00..309384.22 rows=14739122 width=4) (actual time=0.012..1916.006 rows=14835720 loops=1)
              ->  Hash  (cost=73925.90..73925.90 rows=1372956 width=4) (actual time=684.327..684.327 rows=1450632 loops=1)
                    Buckets: 131072  Batches: 32  Memory Usage: 2626kB
                    ->  Seq Scan on title t  (cost=0.00..73925.90 rows=1372956 width=4) (actual time=118.379..478.824 rows=1450632 loops=1)
                          Filter: ((production_year > 1956) AND (kind_id = 7))
                          Rows Removed by Filter: 1077680
Planning time: 0.593 ms
Execution time: 32617.743 ms
