Hash Join  (cost=146057.14..234020.67 rows=130549 width=0) (actual time=1205.898..1945.006 rows=565387 loops=1)
  Hash Cond: (mk.movie_id = t.id)
  ->  Seq Scan on movie_keyword mk  (cost=0.00..69693.30 rows=4523930 width=4) (actual time=0.019..308.864 rows=4523930 loops=1)
  ->  Hash  (cost=145145.06..145145.06 rows=72967 width=8) (actual time=1021.635..1021.635 rows=116598 loops=1)
        Buckets: 131072 (originally 131072)  Batches: 2 (originally 1)  Memory Usage: 3310kB
        ->  Hash Join  (cost=69090.10..145145.06 rows=72967 width=8) (actual time=525.330..1000.371 rows=116598 loops=1)
              Hash Cond: (mc.movie_id = t.id)
              ->  Seq Scan on movie_companies mc  (cost=0.00..51404.11 rows=2038180 width=4) (actual time=0.013..360.432 rows=2038749 loops=1)
                    Filter: (company_id > 596)
                    Rows Removed by Filter: 570380
              ->  Hash  (cost=67604.59..67604.59 rows=90521 width=4) (actual time=327.226..327.226 rows=90852 loops=1)
                    Buckets: 131072  Batches: 2  Memory Usage: 2626kB
                    ->  Seq Scan on title t  (cost=0.00..67604.59 rows=90521 width=4) (actual time=90.934..311.251 rows=90852 loops=1)
                          Filter: (kind_id = 2)
                          Rows Removed by Filter: 2437460
Planning time: 0.541 ms
Execution time: 1973.158 ms
