Hash Join  (cost=101184.36..466060.68 rows=22043 width=0) (actual time=559.056..3032.799 rows=42517 loops=1)
  Hash Cond: (mi.movie_id = t.id)
  ->  Seq Scan on movie_info mi  (cost=0.00..309384.22 rows=14739122 width=4) (actual time=0.018..1190.543 rows=14835720 loops=1)
  ->  Hash  (cost=101137.10..101137.10 rows=3781 width=8) (actual time=558.964..558.964 rows=4055 loops=1)
        Buckets: 4096  Batches: 1  Memory Usage: 191kB
        ->  Hash Join  (cost=74185.18..101137.10 rows=3781 width=8) (actual time=368.230..558.322 rows=4055 loops=1)
              Hash Cond: (mi_idx.movie_id = t.id)
              ->  Seq Scan on movie_info_idx mi_idx  (cost=0.00..25185.44 rows=460978 width=4) (actual time=0.013..148.406 rows=459925 loops=1)
                    Filter: (info_type_id < 100)
                    Rows Removed by Filter: 920110
              ->  Hash  (cost=73925.90..73925.90 rows=20742 width=4) (actual time=368.079..368.079 rows=51721 loops=1)
                    Buckets: 65536 (originally 32768)  Batches: 1 (originally 1)  Memory Usage: 2331kB
                    ->  Seq Scan on title t  (cost=0.00..73925.90 rows=20742 width=4) (actual time=0.019..358.873 rows=51721 loops=1)
                          Filter: ((kind_id < 7) AND (production_year < 1914))
                          Rows Removed by Filter: 2476591
Planning time: 0.611 ms
Execution time: 3036.666 ms
