Hash Join  (cost=157295.44..531174.71 rows=156644 width=0) (actual time=1142.474..3420.235 rows=2630764 loops=1)
  Hash Cond: (mi.movie_id = t.id)
  ->  Seq Scan on movie_info mi  (cost=0.00..346232.03 rows=2194617 width=4) (actual time=0.013..1663.904 rows=2233850 loops=1)
        Filter: (info_type_id > 16)
        Rows Removed by Filter: 12601870
  ->  Hash  (cost=154334.47..154334.47 rows=180477 width=8) (actual time=1142.028..1142.028 rows=225706 loops=1)
        Buckets: 131072  Batches: 4  Memory Usage: 3212kB
        ->  Hash Join  (cost=76796.18..154334.47 rows=180477 width=8) (actual time=370.619..1109.558 rows=225706 loops=1)
              Hash Cond: (mc.movie_id = t.id)
              ->  Seq Scan on movie_companies mc  (cost=0.00..44881.29 rows=2609129 width=4) (actual time=0.016..284.112 rows=2609129 loops=1)
              ->  Hash  (cost=73925.90..73925.90 rows=174902 width=4) (actual time=370.148..370.148 rows=160286 loops=1)
                    Buckets: 131072  Batches: 4  Memory Usage: 2435kB
                    ->  Seq Scan on title t  (cost=0.00..73925.90 rows=174902 width=4) (actual time=0.012..346.356 rows=160286 loops=1)
                          Filter: ((kind_id < 2) AND (production_year > 2008))
                          Rows Removed by Filter: 2368026
Planning time: 0.568 ms
Execution time: 3546.054 ms
