Seq Scan on movie_companies mc  (cost=0.00..51404.11 rows=672615 width=0) (actual time=0.023..258.094 rows=665632 loops=1)
  Filter: (company_id < 1015)
  Rows Removed by Filter: 1943497
Planning time: 0.206 ms
Execution time: 292.003 ms
