Hash Join  (cost=69687.24..855361.22 rows=331504 width=0) (actual time=405.705..5025.992 rows=327163 loops=1)
  Hash Cond: (ci.movie_id = t.id)
  ->  Seq Scan on cast_info ci  (cost=0.00..705507.15 rows=6603678 width=4) (actual time=78.213..3697.654 rows=6531392 loops=1)
        Filter: (person_id < 630538)
        Rows Removed by Filter: 29712952
  ->  Hash  (cost=67604.59..67604.59 rows=126932 width=4) (actual time=326.917..326.917 rows=122861 loops=1)
        Buckets: 131072  Batches: 2  Memory Usage: 3191kB
        ->  Seq Scan on title t  (cost=0.00..67604.59 rows=126932 width=4) (actual time=0.020..306.989 rows=122861 loops=1)
              Filter: (production_year = 2008)
              Rows Removed by Filter: 2405451
Planning time: 0.382 ms
Execution time: 5046.889 ms
