Hash Join  (cost=101539.12..187537.20 rows=4012 width=0) (actual time=516.890..1045.046 rows=33908 loops=1)
  Hash Cond: (mk.movie_id = t.id)
  ->  Seq Scan on movie_keyword mk  (cost=0.00..81003.12 rows=1321289 width=4) (actual time=0.016..436.078 rows=1332412 loops=1)
        Filter: (keyword_id < 1741)
        Rows Removed by Filter: 3191518
  ->  Hash  (cost=101443.15..101443.15 rows=7677 width=8) (actual time=516.805..516.805 rows=13785 loops=1)
        Buckets: 16384 (originally 8192)  Batches: 1 (originally 1)  Memory Usage: 667kB
        ->  Hash Join  (cost=74452.28..101443.15 rows=7677 width=8) (actual time=332.269..514.599 rows=13785 loops=1)
              Hash Cond: (mi_idx.movie_id = t.id)
              ->  Seq Scan on movie_info_idx mi_idx  (cost=0.00..25185.44 rows=460978 width=4) (actual time=0.019..141.784 rows=459925 loops=1)
                    Filter: (info_type_id = 99)
                    Rows Removed by Filter: 920110
              ->  Hash  (cost=73925.90..73925.90 rows=42110 width=4) (actual time=332.004..332.004 rows=33905 loops=1)
                    Buckets: 65536  Batches: 1  Memory Usage: 1704kB
                    ->  Seq Scan on title t  (cost=0.00..73925.90 rows=42110 width=4) (actual time=0.064..326.338 rows=33905 loops=1)
                          Filter: ((kind_id < 7) AND (production_year = 2006))
                          Rows Removed by Filter: 2494407
Planning time: 0.618 ms
Execution time: 1047.226 ms
