Seq Scan on movie_companies mc  (cost=0.00..57926.93 rows=886466 width=0) (actual time=0.022..334.321 rows=1198982 loops=1)
  Filter: ((company_id < 29500) AND (company_type_id < 2))
  Rows Removed by Filter: 1410147
Planning time: 0.172 ms
Execution time: 396.677 ms
