Seq Scan on cast_info ci  (cost=0.00..705507.15 rows=19562123 width=0) (actual time=0.015..3855.413 rows=19726254 loops=1)
  Filter: (person_id > 1635477)
  Rows Removed by Filter: 16518090
Planning time: 0.185 ms
Execution time: 4829.537 ms
