Seq Scan on movie_keyword mk  (cost=0.00..81003.12 rows=3231111 width=0) (actual time=0.011..475.388 rows=3221391 loops=1)
  Filter: (keyword_id > 1699)
  Rows Removed by Filter: 1302539
Planning time: 0.174 ms
Execution time: 631.463 ms
