Hash Join  (cost=74214.80..871969.96 rows=219501 width=0) (actual time=1243.478..5930.919 rows=1 loops=1)
  Hash Cond: (ci.movie_id = t.id)
  ->  Seq Scan on cast_info ci  (cost=0.00..705507.15 rows=24014132 width=4) (actual time=4.882..3859.092 rows=23948110 loops=1)
        Filter: (person_id < 2456795)
        Rows Removed by Filter: 12296234
  ->  Hash  (cost=73925.90..73925.90 rows=23112 width=4) (actual time=294.804..294.804 rows=1 loops=1)
        Buckets: 32768  Batches: 1  Memory Usage: 257kB
        ->  Seq Scan on title t  (cost=0.00..73925.90 rows=23112 width=4) (actual time=17.998..294.798 rows=1 loops=1)
              Filter: ((production_year < 1912) AND (kind_id = 7))
              Rows Removed by Filter: 2528311
Planning time: 0.417 ms
Execution time: 5931.002 ms
