Seq Scan on title t  (cost=0.00..73925.90 rows=848463 width=0) (actual time=0.043..367.085 rows=926957 loops=1)
  Filter: ((kind_id > 4) AND (production_year > 2000))
  Rows Removed by Filter: 1601355
Planning time: 0.186 ms
Execution time: 413.433 ms
