Hash Join  (cost=77180.21..147220.38 rows=113467 width=0) (actual time=376.433..1021.891 rows=515515 loops=1)
  Hash Cond: (mc.movie_id = t.id)
  ->  Seq Scan on movie_companies mc  (cost=0.00..51404.11 rows=1446505 width=4) (actual time=0.017..316.998 rows=1451114 loops=1)
        Filter: (company_id > 9353)
        Rows Removed by Filter: 1158015
  ->  Hash  (cost=73925.90..73925.90 rows=198344 width=4) (actual time=375.818..375.818 rows=331222 loops=1)
        Buckets: 131072  Batches: 4  Memory Usage: 3937kB
        ->  Seq Scan on title t  (cost=0.00..73925.90 rows=198344 width=4) (actual time=90.169..332.318 rows=331222 loops=1)
              Filter: ((production_year < 1993) AND (kind_id = 1))
              Rows Removed by Filter: 2197090
Planning time: 0.373 ms
Execution time: 1048.227 ms
