Seq Scan on movie_keyword mk  (cost=0.00..81003.12 rows=2106027 width=0) (actual time=0.019..1390.863 rows=2111934 loops=1)
  Filter: (keyword_id < 3842)
  Rows Removed by Filter: 2411996
Planning time: 0.361 ms
Execution time: 1654.564 ms
