Hash Join  (cost=215833.08..328439.40 rows=809863 width=0) (actual time=1645.034..3410.185 rows=9668912 loops=1)
  Hash Cond: (mk.movie_id = t.id)
  ->  Seq Scan on movie_keyword mk  (cost=0.00..81003.12 rows=1600416 width=4) (actual time=0.013..484.576 rows=1613405 loops=1)
        Filter: (keyword_id > 9391)
        Rows Removed by Filter: 2910525
  ->  Hash  (cost=194840.12..194840.12 rows=1279517 width=8) (actual time=1644.146..1644.146 rows=1274246 loops=1)
        Buckets: 131072  Batches: 32  Memory Usage: 2633kB
        ->  Hash Join  (cost=102767.86..194840.12 rows=1279517 width=8) (actual time=625.337..1482.302 rows=1274246 loops=1)
              Hash Cond: (mc.movie_id = t.id)
              ->  Seq Scan on movie_companies mc  (cost=0.00..51404.11 rows=1279517 width=4) (actual time=0.018..309.554 rows=1274246 loops=1)
                    Filter: (company_type_id < 2)
                    Rows Removed by Filter: 1334883
              ->  Hash  (cost=61283.27..61283.27 rows=2528527 width=4) (actual time=624.467..624.467 rows=2528312 loops=1)
                    Buckets: 131072  Batches: 64  Memory Usage: 2415kB
                    ->  Seq Scan on title t  (cost=0.00..61283.27 rows=2528527 width=4) (actual time=0.013..309.576 rows=2528312 loops=1)
Planning time: 0.553 ms
Execution time: 3867.317 ms
