Hash Join  (cost=160701.59..957344.41 rows=57162 width=0) (actual time=947.138..6448.919 rows=576929 loops=1)
  Hash Cond: (ci.movie_id = t.id)
  ->  Seq Scan on cast_info ci  (cost=0.00..614943.12 rows=36225612 width=4) (actual time=0.019..2433.122 rows=36244344 loops=1)
  ->  Hash  (cost=160651.72..160651.72 rows=3990 width=8) (actual time=947.053..947.053 rows=16941 loops=1)
        Buckets: 32768 (originally 4096)  Batches: 1 (originally 1)  Memory Usage: 918kB
        ->  Hash Join  (cost=73953.78..160651.72 rows=3990 width=8) (actual time=322.544..944.604 rows=16941 loops=1)
              Hash Cond: (mk.movie_id = t.id)
              ->  Seq Scan on movie_keyword mk  (cost=0.00..69693.30 rows=4523930 width=4) (actual time=0.012..306.257 rows=4523930 loops=1)
              ->  Hash  (cost=73925.90..73925.90 rows=2230 width=4) (actual time=322.448..322.448 rows=4254 loops=1)
                    Buckets: 8192 (originally 4096)  Batches: 1 (originally 1)  Memory Usage: 214kB
                    ->  Seq Scan on title t  (cost=0.00..73925.90 rows=2230 width=4) (actual time=3.040..321.574 rows=4254 loops=1)
                          Filter: ((kind_id < 3) AND (production_year = 1965))
                          Rows Removed by Filter: 2524058
Planning time: 0.587 ms
Execution time: 6479.102 ms
