Nested Loop  (cost=0.43..83072.29 rows=116 width=0) (actual time=0.727..1226.913 rows=771 loops=1)
  ->  Seq Scan on movie_keyword mk  (cost=0.00..81003.12 rows=246 width=4) (actual time=0.681..1159.765 rows=1771 loops=1)
        Filter: (keyword_id = 397)
        Rows Removed by Filter: 4522159
  ->  Index Scan using title_pkey on title t  (cost=0.43..8.40 rows=1 width=4) (actual time=0.037..0.037 rows=0 loops=1771)
        Index Cond: (id = mk.movie_id)
        Filter: (production_year > 2003)
        Rows Removed by Filter: 1
Planning time: 0.833 ms
Execution time: 1227.331 ms
