Nested Loop  (cost=0.43..709671.90 rows=500 width=0) (actual time=343.308..9898.730 rows=589 loops=1)
  ->  Seq Scan on cast_info ci  (cost=0.00..705507.15 rows=500 width=4) (actual time=343.226..9886.110 rows=589 loops=1)
        Filter: (person_id = 2387269)
        Rows Removed by Filter: 36243755
  ->  Index Only Scan using title_pkey on title t  (cost=0.43..8.32 rows=1 width=4) (actual time=0.021..0.021 rows=1 loops=589)
        Index Cond: (id = ci.movie_id)
        Heap Fetches: 589
Planning time: 0.749 ms
Execution time: 9898.929 ms
