Seq Scan on cast_info ci  (cost=0.00..796071.18 rows=14435112 width=0) (actual time=582.344..5223.930 rows=15054063 loops=1)
  Filter: ((person_id > 366464) AND (role_id > 2))
  Rows Removed by Filter: 21190281
Planning time: 0.186 ms
Execution time: 5973.494 ms
