Hash Join  (cost=349296.18..1442309.89 rows=18562055 width=0) (actual time=5246.934..17243.984 rows=75471173 loops=1)
  Hash Cond: (ci.movie_id = t.id)
  ->  Seq Scan on cast_info ci  (cost=0.00..705507.15 rows=12203201 width=4) (actual time=2188.207..4583.961 rows=12113646 loops=1)
        Filter: (role_id > 3)
        Rows Removed by Filter: 24130698
  ->  Hash  (cost=286196.01..286196.01 rows=3846094 width=8) (actual time=3057.421..3057.421 rows=3846543 loops=1)
        Buckets: 131072  Batches: 64  Memory Usage: 3396kB
        ->  Hash Join  (cost=102767.86..286196.01 rows=3846094 width=8) (actual time=653.832..2582.677 rows=3846543 loops=1)
              Hash Cond: (mk.movie_id = t.id)
              ->  Seq Scan on movie_keyword mk  (cost=0.00..81003.12 rows=3846094 width=4) (actual time=0.021..597.771 rows=3846543 loops=1)
                    Filter: (keyword_id > 548)
                    Rows Removed by Filter: 677387
              ->  Hash  (cost=61283.27..61283.27 rows=2528527 width=4) (actual time=652.609..652.609 rows=2528312 loops=1)
                    Buckets: 131072  Batches: 64  Memory Usage: 2425kB
                    ->  Seq Scan on title t  (cost=0.00..61283.27 rows=2528527 width=4) (actual time=0.017..325.392 rows=2528312 loops=1)
Planning time: 0.577 ms
Execution time: 21018.228 ms
