Hash Join  (cost=284935.30..929776.90 rows=13740377 width=0) (actual time=5620.138..19256.713 rows=6075456 loops=1)
  Hash Cond: (mi.movie_id = t.id)
  ->  Seq Scan on movie_info mi  (cost=0.00..309384.22 rows=14739122 width=4) (actual time=5.239..5121.522 rows=14835720 loops=1)
  ->  Hash  (cost=246262.43..246262.43 rows=2357190 width=8) (actual time=5581.874..5581.874 rows=587040 loops=1)
        Buckets: 131072  Batches: 32  Memory Usage: 1746kB
        ->  Hash Join  (cost=95541.49..246262.43 rows=2357190 width=8) (actual time=2931.091..5398.578 rows=587040 loops=1)
              Hash Cond: (mk.movie_id = t.id)
              ->  Seq Scan on movie_keyword mk  (cost=0.00..69693.30 rows=4523930 width=4) (actual time=0.014..1435.691 rows=4523930 loops=1)
              ->  Hash  (cost=73925.90..73925.90 rows=1317487 width=4) (actual time=1612.789..1612.789 rows=1399348 loops=1)
                    Buckets: 131072  Batches: 32  Memory Usage: 2569kB
                    ->  Seq Scan on title t  (cost=0.00..73925.90 rows=1317487 width=4) (actual time=306.850..1183.509 rows=1399348 loops=1)
                          Filter: ((production_year > 1964) AND (kind_id = 7))
                          Rows Removed by Filter: 1128964
Planning time: 0.802 ms
Execution time: 19986.656 ms
