Seq Scan on movie_keyword mk  (cost=0.00..81003.12 rows=246 width=0) (actual time=16.517..392.819 rows=34 loops=1)
  Filter: (keyword_id = 19942)
  Rows Removed by Filter: 4523896
Planning time: 0.181 ms
Execution time: 392.884 ms
