Seq Scan on cast_info ci  (cost=0.00..705507.15 rows=500 width=0) (actual time=10.111..3280.584 rows=102 loops=1)
  Filter: (person_id = 2229487)
  Rows Removed by Filter: 36244242
Planning time: 0.211 ms
Execution time: 3280.637 ms
