Hash Join  (cost=795842.87..857252.58 rows=71584 width=0) (actual time=4455.297..5169.275 rows=331905 loops=1)
  Hash Cond: (mc.movie_id = t.id)
  ->  Seq Scan on movie_companies mc  (cost=0.00..51404.11 rows=2477269 width=4) (actual time=0.019..333.804 rows=2478067 loops=1)
        Filter: (company_id < 140740)
        Rows Removed by Filter: 131062
  ->  Hash  (cost=794929.56..794929.56 rows=73065 width=8) (actual time=4454.757..4454.757 rows=83847 loops=1)
        Buckets: 131072 (originally 131072)  Batches: 2 (originally 1)  Memory Usage: 3073kB
        ->  Hash Join  (cost=82581.58..794929.56 rows=73065 width=8) (actual time=1983.004..4440.547 rows=83847 loops=1)
              Hash Cond: (ci.movie_id = t.id)
              ->  Seq Scan on cast_info ci  (cost=0.00..705507.15 rows=350181 width=4) (actual time=1515.730..3864.422 rows=316118 loops=1)
                    Filter: (role_id > 10)
                    Rows Removed by Filter: 35928226
              ->  Hash  (cost=73925.90..73925.90 rows=527574 width=4) (actual time=466.517..466.517 rows=609532 loops=1)
                    Buckets: 131072  Batches: 8  Memory Usage: 3715kB
                    ->  Seq Scan on title t  (cost=0.00..73925.90 rows=527574 width=4) (actual time=0.032..384.926 rows=609532 loops=1)
                          Filter: ((kind_id < 7) AND (production_year < 2005))
                          Rows Removed by Filter: 1918780
Planning time: 0.642 ms
Execution time: 5187.145 ms
