Hash Join  (cost=67697.55..155784.26 rows=5513 width=0) (actual time=1067.944..2533.556 rows=19657 loops=1)
  Hash Cond: (mk.movie_id = t.id)
  ->  Seq Scan on movie_keyword mk  (cost=0.00..81003.12 rows=1874255 width=4) (actual time=0.025..1171.020 rows=1884551 loops=1)
        Filter: (keyword_id < 3221)
        Rows Removed by Filter: 2639379
  ->  Hash  (cost=67604.59..67604.59 rows=7437 width=4) (actual time=1067.835..1067.835 rows=18391 loops=1)
        Buckets: 32768 (originally 8192)  Batches: 1 (originally 1)  Memory Usage: 903kB
        ->  Seq Scan on title t  (cost=0.00..67604.59 rows=7437 width=4) (actual time=0.117..1059.507 rows=18391 loops=1)
              Filter: (production_year = 1985)
              Rows Removed by Filter: 2509921
Planning time: 0.763 ms
Execution time: 2536.281 ms
