Hash Join  (cost=74456.54..831327.56 rows=608185 width=0) (actual time=1021.350..17512.310 rows=580090 loops=1)
  Hash Cond: (ci.movie_id = t.id)
  ->  Seq Scan on cast_info ci  (cost=0.00..614943.12 rows=36225612 width=4) (actual time=0.020..6916.342 rows=36244344 loops=1)
  ->  Hash  (cost=73925.90..73925.90 rows=42451 width=4) (actual time=1020.588..1020.588 rows=37610 loops=1)
        Buckets: 65536  Batches: 1  Memory Usage: 1835kB
        ->  Seq Scan on title t  (cost=0.00..73925.90 rows=42451 width=4) (actual time=0.022..1005.953 rows=37610 loops=1)
              Filter: ((kind_id < 3) AND (production_year = 2010))
              Rows Removed by Filter: 2490702
Planning time: 0.800 ms
Execution time: 17597.308 ms
