Hash Join  (cost=160098.22..1104732.81 rows=4882153 width=0) (actual time=3347.602..26626.733 rows=8654166 loops=1)
  Hash Cond: (ci.movie_id = t.id)
  ->  Seq Scan on cast_info ci  (cost=0.00..705507.15 rows=16201301 width=4) (actual time=0.017..13735.386 rows=16121683 loops=1)
        Filter: (role_id > 2)
        Rows Removed by Filter: 20122661
  ->  Hash  (cost=147596.79..147596.79 rows=761955 width=8) (actual time=3346.429..3346.429 rows=424497 loops=1)
        Buckets: 131072  Batches: 16  Memory Usage: 2059kB
        ->  Hash Join  (cost=96830.76..147596.79 rows=761955 width=8) (actual time=1803.053..3210.239 rows=424497 loops=1)
              Hash Cond: (mi_idx.movie_id = t.id)
              ->  Seq Scan on movie_info_idx mi_idx  (cost=0.00..21735.35 rows=1380035 width=4) (actual time=0.008..383.991 rows=1380035 loops=1)
              ->  Hash  (cost=73925.90..73925.90 rows=1396068 width=4) (actual time=1802.194..1802.194 rows=1471510 loops=1)
                    Buckets: 131072  Batches: 32  Memory Usage: 2643kB
                    ->  Seq Scan on title t  (cost=0.00..73925.90 rows=1396068 width=4) (actual time=0.014..1330.785 rows=1471510 loops=1)
                          Filter: ((production_year > 1951) AND (kind_id = 7))
                          Rows Removed by Filter: 1056802
Planning time: 1.226 ms
Execution time: 27668.594 ms
