Hash Join  (cost=161838.01..964002.36 rows=609319 width=0) (actual time=2948.318..28245.269 rows=6859469 loops=1)
  Hash Cond: (ci.movie_id = t.id)
  ->  Seq Scan on cast_info ci  (cost=0.00..614943.12 rows=36225612 width=4) (actual time=0.013..8929.851 rows=36244344 loops=1)
  ->  Hash  (cost=161306.38..161306.38 rows=42530 width=8) (actual time=2947.237..2947.237 rows=112579 loops=1)
        Buckets: 131072 (originally 65536)  Batches: 2 (originally 1)  Memory Usage: 3318kB
        ->  Hash Join  (cost=74223.04..161306.38 rows=42530 width=8) (actual time=984.603..2900.066 rows=112579 loops=1)
              Hash Cond: (mk.movie_id = t.id)
              ->  Seq Scan on movie_keyword mk  (cost=0.00..69693.30 rows=4523930 width=4) (actual time=0.009..1038.643 rows=4523930 loops=1)
              ->  Hash  (cost=73925.90..73925.90 rows=23771 width=4) (actual time=981.191..981.191 rows=20633 loops=1)
                    Buckets: 32768  Batches: 1  Memory Usage: 982kB
                    ->  Seq Scan on title t  (cost=0.00..73925.90 rows=23771 width=4) (actual time=0.034..972.042 rows=20633 loops=1)
                          Filter: ((kind_id < 7) AND (production_year = 2002))
                          Rows Removed by Filter: 2507679
Planning time: 1.091 ms
Execution time: 29090.525 ms
