Hash Join  (cost=228797.04..274622.61 rows=474009 width=0) (actual time=4400.785..5847.445 rows=2039615 loops=1)
  Hash Cond: (mi_idx.movie_id = t.id)
  ->  Seq Scan on movie_info_idx mi_idx  (cost=0.00..21735.35 rows=1380035 width=4) (actual time=0.019..443.400 rows=1380035 loops=1)
  ->  Hash  (cost=214547.93..214547.93 rows=868489 width=8) (actual time=4399.745..4399.745 rows=876727 loops=1)
        Buckets: 131072  Batches: 16  Memory Usage: 3207kB
        ->  Hash Join  (cost=102767.86..214547.93 rows=868489 width=8) (actual time=1749.793..4165.925 rows=876727 loops=1)
              Hash Cond: (mk.movie_id = t.id)
              ->  Seq Scan on movie_keyword mk  (cost=0.00..81003.12 rows=868489 width=4) (actual time=0.027..1348.910 rows=876727 loops=1)
                    Filter: (keyword_id > 21041)
                    Rows Removed by Filter: 3647203
              ->  Hash  (cost=61283.27..61283.27 rows=2528527 width=4) (actual time=1747.794..1747.794 rows=2528312 loops=1)
                    Buckets: 131072  Batches: 64  Memory Usage: 2425kB
                    ->  Seq Scan on title t  (cost=0.00..61283.27 rows=2528527 width=4) (actual time=0.028..878.315 rows=2528312 loops=1)
Planning time: 3.518 ms
Execution time: 6016.097 ms
