Nested Loop  (cost=0.43..709673.15 rows=305 width=0) (actual time=7884.125..9508.084 rows=4 loops=1)
  ->  Seq Scan on cast_info ci  (cost=0.00..705507.15 rows=500 width=4) (actual time=7883.841..9507.711 rows=14 loops=1)
        Filter: (person_id = 3428951)
        Rows Removed by Filter: 36244330
  ->  Index Scan using title_pkey on title t  (cost=0.43..8.32 rows=1 width=4) (actual time=0.024..0.024 rows=0 loops=14)
        Index Cond: (id = ci.movie_id)
        Filter: (kind_id = 7)
        Rows Removed by Filter: 1
Planning time: 0.576 ms
Execution time: 9508.169 ms
