Seq Scan on movie_keyword mk  (cost=0.00..81003.12 rows=494622 width=0) (actual time=0.028..1126.562 rows=488950 loops=1)
  Filter: (keyword_id > 36786)
  Rows Removed by Filter: 4034980
Planning time: 0.380 ms
Execution time: 1194.426 ms
