Nested Loop  (cost=0.43..83072.90 rows=1 width=0) (actual time=873.598..1243.864 rows=1 loops=1)
  ->  Seq Scan on movie_keyword mk  (cost=0.00..81003.12 rows=246 width=4) (actual time=1.135..1161.798 rows=2238 loops=1)
        Filter: (keyword_id = 748)
        Rows Removed by Filter: 4521692
  ->  Index Scan using title_pkey on title t  (cost=0.43..8.40 rows=1 width=4) (actual time=0.036..0.036 rows=0 loops=2238)
        Index Cond: (id = mk.movie_id)
        Filter: ((kind_id = 7) AND (production_year = 1978))
        Rows Removed by Filter: 1
Planning time: 0.678 ms
Execution time: 1243.993 ms
