Seq Scan on movie_companies mc  (cost=0.00..57926.93 rows=465651 width=0) (actual time=0.028..892.436 rows=155826 loops=1)
  Filter: ((company_id > 18214) AND (company_type_id = 1))
  Rows Removed by Filter: 2453303
Planning time: 0.406 ms
Execution time: 922.083 ms
