Hash Join  (cost=74440.79..101444.03 rows=7568 width=0) (actual time=1247.283..1672.804 rows=4503 loops=1)
  Hash Cond: (mi_idx.movie_id = t.id)
  ->  Seq Scan on movie_info_idx mi_idx  (cost=0.00..25185.44 rows=464566 width=4) (actual time=0.016..413.852 rows=459925 loops=1)
        Filter: (info_type_id = 101)
        Rows Removed by Filter: 920110
  ->  Hash  (cost=73925.90..73925.90 rows=41191 width=4) (actual time=1121.641..1121.641 rows=43851 loops=1)
        Buckets: 65536  Batches: 1  Memory Usage: 2054kB
        ->  Seq Scan on title t  (cost=0.00..73925.90 rows=41191 width=4) (actual time=200.993..1103.105 rows=43851 loops=1)
              Filter: ((kind_id = 7) AND (production_year = 2003))
              Rows Removed by Filter: 2484461
Planning time: 0.485 ms
Execution time: 1673.577 ms
