Hash Join  (cost=69374.09..867093.96 rows=4356 width=0) (actual time=3498.718..12508.606 rows=1440 loops=1)
  Hash Cond: (ci.movie_id = t.id)
  ->  Seq Scan on cast_info ci  (cost=0.00..796071.18 rows=102169 width=4) (actual time=2480.374..11463.580 rows=40951 loops=1)
        Filter: ((person_id < 1021859) AND (role_id = 11))
        Rows Removed by Filter: 36203393
  ->  Hash  (cost=67604.59..67604.59 rows=107800 width=4) (actual time=1017.344..1017.344 rows=108429 loops=1)
        Buckets: 131072  Batches: 2  Memory Usage: 2931kB
        ->  Seq Scan on title t  (cost=0.00..67604.59 rows=107800 width=4) (actual time=0.029..975.742 rows=108429 loops=1)
              Filter: (production_year = 2006)
              Rows Removed by Filter: 2419883
Planning time: 0.742 ms
Execution time: 12509.108 ms
