Seq Scan on cast_info ci  (cost=0.00..796071.18 rows=7279934 width=0) (actual time=0.015..13654.222 rows=8683149 loops=1)
  Filter: ((person_id < 1069126) AND (role_id < 4))
  Rows Removed by Filter: 27561195
Planning time: 0.435 ms
Execution time: 14723.526 ms
