Hash Join  (cost=71408.55..422795.53 rows=31218 width=0) (actual time=3805.944..5978.971 rows=34368 loops=1)
  Hash Cond: (mi.movie_id = t.id)
  ->  Seq Scan on movie_info mi  (cost=0.00..346232.03 rows=340474 width=4) (actual time=2806.583..4786.925 rows=328857 loops=1)
        Filter: (info_type_id = 98)
        Rows Removed by Filter: 14506863
  ->  Hash  (cost=67604.59..67604.59 rows=231837 width=4) (actual time=998.211..998.211 rows=231649 loops=1)
        Buckets: 131072  Batches: 4  Memory Usage: 3082kB
        ->  Seq Scan on title t  (cost=0.00..67604.59 rows=231837 width=4) (actual time=0.037..917.003 rows=231649 loops=1)
              Filter: (production_year > 2011)
              Rows Removed by Filter: 2296663
Planning time: 0.819 ms
Execution time: 5984.097 ms
