Hash Join  (cost=181221.43..310492.84 rows=596637 width=0) (actual time=3377.039..6686.617 rows=995568 loops=1)
  Hash Cond: (mk.movie_id = t.id)
  ->  Seq Scan on movie_keyword mk  (cost=0.00..69693.30 rows=4523930 width=4) (actual time=0.016..1068.500 rows=4523930 loops=1)
  ->  Hash  (cost=175750.01..175750.01 rows=333474 width=8) (actual time=2962.951..2962.951 rows=74699 loops=1)
        Buckets: 131072  Batches: 8  Memory Usage: 1407kB
        ->  Hash Join  (cost=101210.02..175750.01 rows=333474 width=8) (actual time=2065.439..2942.628 rows=74699 loops=1)
              Hash Cond: (mc.movie_id = t.id)
              ->  Seq Scan on movie_companies mc  (cost=0.00..57926.93 rows=411662 width=4) (actual time=282.932..801.635 rows=94411 loops=1)
                    Filter: ((company_id > 25338) AND (company_type_id = 1))
                    Rows Removed by Filter: 2514718
              ->  Hash  (cost=67604.59..67604.59 rows=2048275 width=4) (actual time=1780.932..1780.932 rows=2046723 loops=1)
                    Buckets: 131072  Batches: 32  Memory Usage: 3276kB
                    ->  Seq Scan on title t  (cost=0.00..67604.59 rows=2048275 width=4) (actual time=0.021..1137.757 rows=2046723 loops=1)
                          Filter: (production_year > 1972)
                          Rows Removed by Filter: 481589
Planning time: 0.795 ms
Execution time: 6796.195 ms
