Hash Join  (cost=212752.28..1316028.22 rows=6762878 width=0) (actual time=3950.398..40862.752 rows=22835044 loops=1)
  Hash Cond: (ci.movie_id = t.id)
  ->  Seq Scan on cast_info ci  (cost=0.00..614943.12 rows=36225612 width=4) (actual time=0.023..12054.810 rows=36244344 loops=1)
  ->  Hash  (cost=205007.71..205007.71 rows=472045 width=8) (actual time=3949.522..3949.522 rows=468425 loops=1)
        Buckets: 131072  Batches: 8  Memory Usage: 3339kB
        ->  Hash Join  (cost=102767.86..205007.71 rows=472045 width=8) (actual time=1765.830..3797.659 rows=468425 loops=1)
              Hash Cond: (mk.movie_id = t.id)
              ->  Seq Scan on movie_keyword mk  (cost=0.00..81003.12 rows=472045 width=4) (actual time=0.024..1187.769 rows=468425 loops=1)
                    Filter: (keyword_id > 37976)
                    Rows Removed by Filter: 4055505
              ->  Hash  (cost=61283.27..61283.27 rows=2528527 width=4) (actual time=1764.627..1764.627 rows=2528312 loops=1)
                    Buckets: 131072  Batches: 64  Memory Usage: 2425kB
                    ->  Seq Scan on title t  (cost=0.00..61283.27 rows=2528527 width=4) (actual time=0.026..900.966 rows=2528312 loops=1)
Planning time: 1.158 ms
Execution time: 43617.224 ms
