Hash Join  (cost=128975.29..511159.11 rows=41563 width=0) (actual time=1947.642..9223.089 rows=505440 loops=1)
  Hash Cond: (mi.movie_id = t.id)
  ->  Seq Scan on movie_info mi  (cost=0.00..346232.03 rows=9476311 width=4) (actual time=0.020..5492.253 rows=9565151 loops=1)
        Filter: (info_type_id < 16)
        Rows Removed by Filter: 5270569
  ->  Hash  (cost=128836.67..128836.67 rows=11090 width=8) (actual time=1947.317..1947.317 rows=15316 loops=1)
        Buckets: 16384  Batches: 1  Memory Usage: 727kB
        ->  Hash Join  (cost=74060.24..128836.67 rows=11090 width=8) (actual time=957.730..1941.982 rows=15316 loops=1)
              Hash Cond: (mc.movie_id = t.id)
              ->  Seq Scan on movie_companies mc  (cost=0.00..44881.29 rows=2609129 width=4) (actual time=0.025..478.532 rows=2609129 loops=1)
              ->  Hash  (cost=73925.90..73925.90 rows=10747 width=4) (actual time=956.498..956.498 rows=6468 loops=1)
                    Buckets: 16384  Batches: 1  Memory Usage: 356kB
                    ->  Seq Scan on title t  (cost=0.00..73925.90 rows=10747 width=4) (actual time=303.771..953.583 rows=6468 loops=1)
                          Filter: ((kind_id = 1) AND (production_year = 1997))
                          Rows Removed by Filter: 2521844
Planning time: 1.248 ms
Execution time: 9288.947 ms
