Seq Scan on movie_keyword mk  (cost=0.00..81003.12 rows=3973444 width=0) (actual time=0.025..1414.739 rows=3976593 loops=1)
  Filter: (keyword_id < 33639)
  Rows Removed by Filter: 547337
Planning time: 0.359 ms
Execution time: 1934.665 ms
