Hash Join  (cost=205545.63..1440163.06 rows=19548427 width=0) (actual time=5211.610..48467.626 rows=42077121 loops=1)
  Hash Cond: (ci.movie_id = t.id)
  ->  Seq Scan on cast_info ci  (cost=0.00..614943.12 rows=36225612 width=4) (actual time=0.022..13667.978 rows=36244344 loops=1)
  ->  Hash  (cost=183159.76..183159.76 rows=1364469 width=8) (actual time=5209.903..5209.903 rows=1117390 loops=1)
        Buckets: 131072  Batches: 32  Memory Usage: 2379kB
        ->  Hash Join  (cost=89299.55..183159.76 rows=1364469 width=8) (actual time=2000.458..4884.011 rows=1117390 loops=1)
              Hash Cond: (mc.movie_id = t.id)
              ->  Seq Scan on movie_companies mc  (cost=0.00..44881.29 rows=2609129 width=4) (actual time=0.022..992.802 rows=2609129 loops=1)
              ->  Hash  (cost=67604.59..67604.59 rows=1322317 width=4) (actual time=1998.966..1998.966 rows=1322863 loops=1)
                    Buckets: 131072  Batches: 32  Memory Usage: 2481kB
                    ->  Seq Scan on title t  (cost=0.00..67604.59 rows=1322317 width=4) (actual time=0.027..1339.056 rows=1322863 loops=1)
                          Filter: (production_year > 2001)
                          Rows Removed by Filter: 1205449
Planning time: 1.153 ms
Execution time: 53131.688 ms
