Seq Scan on movie_companies mc  (cost=0.00..57926.93 rows=802755 width=0) (actual time=0.034..777.979 rows=591608 loops=1)
  Filter: ((company_id > 4213) AND (company_type_id < 2))
  Rows Removed by Filter: 2017521
Planning time: 0.316 ms
Execution time: 823.302 ms
