Seq Scan on movie_companies mc  (cost=0.00..51404.11 rows=225587 width=0) (actual time=0.020..624.134 rows=227074 loops=1)
  Filter: (company_id > 106155)
  Rows Removed by Filter: 2382055
Planning time: 0.941 ms
Execution time: 649.537 ms
