Hash Join  (cost=796748.78..823659.70 rows=44 width=0) (actual time=12190.067..12675.698 rows=30 loops=1)
  Hash Cond: (mi_idx.movie_id = t.id)
  ->  Seq Scan on movie_info_idx mi_idx  (cost=0.00..21735.35 rows=1380035 width=4) (actual time=0.021..287.933 rows=1380035 loops=1)
  ->  Hash  (cost=796747.78..796747.78 rows=80 width=8) (actual time=12132.143..12132.143 rows=10 loops=1)
        Buckets: 1024  Batches: 1  Memory Usage: 9kB
        ->  Nested Loop  (cost=0.43..796747.78 rows=80 width=8) (actual time=4555.748..12132.124 rows=10 loops=1)
              ->  Seq Scan on cast_info ci  (cost=0.00..796071.18 rows=80 width=4) (actual time=4555.634..12131.854 rows=10 loops=1)
                    Filter: ((role_id > 8) AND (person_id = 2802640))
                    Rows Removed by Filter: 36244334
              ->  Index Only Scan using title_pkey on title t  (cost=0.43..8.45 rows=1 width=4) (actual time=0.022..0.022 rows=1 loops=10)
                    Index Cond: (id = ci.movie_id)
                    Heap Fetches: 10
Planning time: 1.157 ms
Execution time: 12675.809 ms
