Hash Join  (cost=709674.80..1064137.79 rows=115 width=0) (actual time=10504.190..14789.528 rows=179 loops=1)
  Hash Cond: (mi.movie_id = t.id)
  ->  Seq Scan on movie_info mi  (cost=0.00..346232.03 rows=2194617 width=4) (actual time=673.491..4787.924 rows=2233850 loops=1)
        Filter: (info_type_id > 16)
        Rows Removed by Filter: 12601870
  ->  Hash  (cost=709673.15..709673.15 rows=132 width=8) (actual time=9690.220..9690.220 rows=2 loops=1)
        Buckets: 1024  Batches: 1  Memory Usage: 9kB
        ->  Nested Loop  (cost=0.43..709673.15 rows=132 width=8) (actual time=2820.746..9690.185 rows=2 loops=1)
              ->  Seq Scan on cast_info ci  (cost=0.00..705507.15 rows=500 width=4) (actual time=2820.653..9666.329 rows=409 loops=1)
                    Filter: (person_id = 2094369)
                    Rows Removed by Filter: 36243935
              ->  Index Scan using title_pkey on title t  (cost=0.43..8.32 rows=1 width=4) (actual time=0.058..0.058 rows=0 loops=409)
                    Index Cond: (id = ci.movie_id)
                    Filter: (kind_id = 1)
                    Rows Removed by Filter: 1
Planning time: 1.149 ms
Execution time: 14789.756 ms
