Hash Join  (cost=152319.20..236468.58 rows=660085 width=0) (actual time=3049.729..5157.350 rows=712299 loops=1)
  Hash Cond: (mc.movie_id = t.id)
  ->  Seq Scan on movie_companies mc  (cost=0.00..44881.29 rows=2609129 width=4) (actual time=0.018..794.448 rows=2609129 loops=1)
  ->  Hash  (cost=141824.04..141824.04 rows=639693 width=8) (actual time=2990.712..2990.712 rows=349320 loops=1)
        Buckets: 131072  Batches: 16  Memory Usage: 1878kB
        ->  Hash Join  (cost=93155.63..141824.04 rows=639693 width=8) (actual time=1558.633..2892.630 rows=349320 loops=1)
              Hash Cond: (mi_idx.movie_id = t.id)
              ->  Seq Scan on movie_info_idx mi_idx  (cost=0.00..21735.35 rows=1380035 width=4) (actual time=0.027..447.824 rows=1380035 loops=1)
              ->  Hash  (cost=73925.90..73925.90 rows=1172058 width=4) (actual time=1557.601..1557.601 rows=1128906 loops=1)
                    Buckets: 131072  Batches: 16  Memory Usage: 3503kB
                    ->  Seq Scan on title t  (cost=0.00..73925.90 rows=1172058 width=4) (actual time=140.607..1203.628 rows=1128906 loops=1)
                          Filter: ((production_year < 2010) AND (kind_id = 7))
                          Rows Removed by Filter: 1399406
Planning time: 1.131 ms
Execution time: 5248.458 ms
