Hash Join  (cost=58375.50..85286.00 rows=2 width=0) (actual time=964.977..1370.043 rows=24 loops=1)
  Hash Cond: (mi_idx.movie_id = t.id)
  ->  Seq Scan on movie_info_idx mi_idx  (cost=0.00..21735.35 rows=1380035 width=4) (actual time=0.014..259.623 rows=1380035 loops=1)
  ->  Hash  (cost=58375.45..58375.45 rows=4 width=8) (actual time=854.681..854.681 rows=9 loops=1)
        Buckets: 1024  Batches: 1  Memory Usage: 9kB
        ->  Nested Loop  (cost=0.43..58375.45 rows=4 width=8) (actual time=30.368..854.664 rows=9 loops=1)
              ->  Seq Scan on movie_companies mc  (cost=0.00..57926.93 rows=53 width=4) (actual time=2.677..836.818 rows=470 loops=1)
                    Filter: ((company_type_id > 1) AND (company_id = 115))
                    Rows Removed by Filter: 2608659
              ->  Index Scan using title_pkey on title t  (cost=0.43..8.45 rows=1 width=4) (actual time=0.037..0.037 rows=0 loops=470)
                    Index Cond: (id = mc.movie_id)
                    Filter: ((production_year > 2007) AND (kind_id = 1))
                    Rows Removed by Filter: 1
Planning time: 1.166 ms
Execution time: 1370.197 ms
