Hash Join  (cost=168501.82..294859.23 rows=1032839 width=0) (actual time=3456.265..6607.745 rows=1420458 loops=1)
  Hash Cond: (mk.movie_id = t.id)
  ->  Seq Scan on movie_keyword mk  (cost=0.00..81003.12 rows=2702638 width=4) (actual time=0.014..1577.917 rows=2701175 loops=1)
        Filter: (keyword_id < 7637)
        Rows Removed by Filter: 1822755
  ->  Hash  (cost=152648.06..152648.06 rows=966301 width=8) (actual time=3455.126..3455.126 rows=637077 loops=1)
        Buckets: 131072  Batches: 16  Memory Usage: 2594kB
        ->  Hash Join  (cost=96651.52..152648.06 rows=966301 width=8) (actual time=1665.090..3252.799 rows=637077 loops=1)
              Hash Cond: (mi_idx.movie_id = t.id)
              ->  Seq Scan on movie_info_idx mi_idx  (cost=0.00..21735.35 rows=1380035 width=4) (actual time=0.013..440.097 rows=1380035 loops=1)
              ->  Hash  (cost=67604.59..67604.59 rows=1770475 width=4) (actual time=1663.504..1663.504 rows=1774635 loops=1)
                    Buckets: 131072  Batches: 32  Memory Usage: 2978kB
                    ->  Seq Scan on title t  (cost=0.00..67604.59 rows=1770475 width=4) (actual time=0.035..1119.862 rows=1774635 loops=1)
                          Filter: (kind_id > 2)
                          Rows Removed by Filter: 753677
Planning time: 1.086 ms
Execution time: 6772.331 ms
