Hash Join  (cost=190230.21..337912.79 rows=1965313 width=0) (actual time=4029.595..9380.903 rows=8428559 loops=1)
  Hash Cond: (mk.movie_id = t.id)
  ->  Seq Scan on movie_keyword mk  (cost=0.00..81003.12 rows=3600885 width=4) (actual time=0.014..1599.192 rows=3593291 loops=1)
        Filter: (keyword_id > 870)
        Rows Removed by Filter: 930639
  ->  Hash  (cost=167588.78..167588.78 rows=1380035 width=8) (actual time=4025.578..4025.578 rows=1380035 loops=1)
        Buckets: 131072  Batches: 32  Memory Usage: 2726kB
        ->  Hash Join  (cost=102767.86..167588.78 rows=1380035 width=8) (actual time=2153.082..3692.353 rows=1380035 loops=1)
              Hash Cond: (mi_idx.movie_id = t.id)
              ->  Seq Scan on movie_info_idx mi_idx  (cost=0.00..21735.35 rows=1380035 width=4) (actual time=0.020..340.536 rows=1380035 loops=1)
              ->  Hash  (cost=61283.27..61283.27 rows=2528527 width=4) (actual time=2150.972..2150.972 rows=2528312 loops=1)
                    Buckets: 131072  Batches: 64  Memory Usage: 2415kB
                    ->  Seq Scan on title t  (cost=0.00..61283.27 rows=2528527 width=4) (actual time=0.017..983.695 rows=2528312 loops=1)
Planning time: 1.145 ms
Execution time: 10349.318 ms
