Hash Join  (cost=798855.22..1163530.50 rows=1935 width=0) (actual time=13441.273..19323.744 rows=57 loops=1)
  Hash Cond: (mi.movie_id = t.id)
  ->  Seq Scan on movie_info mi  (cost=0.00..309384.22 rows=14739122 width=4) (actual time=0.012..3476.113 rows=14835720 loops=1)
  ->  Hash  (cost=798851.07..798851.07 rows=332 width=8) (actual time=13083.989..13083.989 rows=2 loops=1)
        Buckets: 1024  Batches: 1  Memory Usage: 9kB
        ->  Nested Loop  (cost=0.43..798851.07 rows=332 width=8) (actual time=2913.697..13083.961 rows=2 loops=1)
              ->  Seq Scan on cast_info ci  (cost=0.00..796071.18 rows=332 width=4) (actual time=2913.557..13083.761 rows=2 loops=1)
                    Filter: ((role_id < 4) AND (person_id = 2996297))
                    Rows Removed by Filter: 36244342
              ->  Index Only Scan using title_pkey on title t  (cost=0.43..8.36 rows=1 width=4) (actual time=0.070..0.071 rows=1 loops=2)
                    Index Cond: (id = ci.movie_id)
                    Heap Fetches: 2
Planning time: 0.771 ms
Execution time: 19323.943 ms
