Seq Scan on title t  (cost=0.00..73925.90 rows=28995 width=0) (actual time=0.028..976.051 rows=19956 loops=1)
  Filter: ((kind_id < 4) AND (production_year = 2004))
  Rows Removed by Filter: 2508356
Planning time: 0.404 ms
Execution time: 979.896 ms
