Hash Join  (cost=433042.95..520768.31 rows=106732 width=0) (actual time=5859.013..7648.251 rows=59934 loops=1)
  Hash Cond: (mk.movie_id = t.id)
  ->  Seq Scan on movie_keyword mk  (cost=0.00..69693.30 rows=4523930 width=4) (actual time=0.025..889.785 rows=4523930 loops=1)
  ->  Hash  (cost=432297.27..432297.27 rows=59655 width=8) (actual time=5858.270..5858.270 rows=71622 loops=1)
        Buckets: 131072 (originally 65536)  Batches: 1 (originally 1)  Memory Usage: 3822kB
        ->  Hash Join  (cost=69441.17..432297.27 rows=59655 width=8) (actual time=3789.425..5835.652 rows=71622 loops=1)
              Hash Cond: (mi.movie_id = t.id)
              ->  Seq Scan on movie_info mi  (cost=0.00..346232.03 rows=1348138 width=4) (actual time=2407.043..4240.843 rows=1298989 loops=1)
                    Filter: (info_type_id = 4)
                    Rows Removed by Filter: 13536731
              ->  Hash  (cost=67604.59..67604.59 rows=111887 width=4) (actual time=1073.690..1073.690 rows=115315 loops=1)
                    Buckets: 131072  Batches: 2  Memory Usage: 3052kB
                    ->  Seq Scan on title t  (cost=0.00..67604.59 rows=111887 width=4) (actual time=0.022..1032.496 rows=115315 loops=1)
                          Filter: (production_year < 1930)
                          Rows Removed by Filter: 2412997
Planning time: 1.114 ms
Execution time: 7657.015 ms
