Hash Join  (cost=52284.99..79196.04 rows=57 width=0) (actual time=732.570..988.957 rows=456 loops=1)
  Hash Cond: (mi_idx.movie_id = t.id)
  ->  Seq Scan on movie_info_idx mi_idx  (cost=0.00..21735.35 rows=1380035 width=4) (actual time=0.013..128.333 rows=1380035 loops=1)
  ->  Hash  (cost=52283.69..52283.69 rows=104 width=8) (actual time=721.049..721.049 rows=348 loops=1)
        Buckets: 1024  Batches: 1  Memory Usage: 22kB
        ->  Nested Loop  (cost=0.43..52283.69 rows=104 width=8) (actual time=0.416..720.765 rows=348 loops=1)
              ->  Seq Scan on movie_companies mc  (cost=0.00..51404.11 rows=104 width=4) (actual time=0.367..712.042 rows=348 loops=1)
                    Filter: (company_id = 200)
                    Rows Removed by Filter: 2608781
              ->  Index Only Scan using title_pkey on title t  (cost=0.43..8.45 rows=1 width=4) (actual time=0.023..0.024 rows=1 loops=348)
                    Index Cond: (id = mc.movie_id)
                    Heap Fetches: 348
Planning time: 1.115 ms
Execution time: 989.096 ms
