Hash Join  (cost=78556.72..222548.21 rows=1122366 width=0) (actual time=1754.605..5683.112 rows=2713777 loops=1)
  Hash Cond: (mk.movie_id = t.id)
  ->  Seq Scan on movie_keyword mk  (cost=0.00..81003.12 rows=4251388 width=4) (actual time=0.019..1756.084 rows=4230445 loops=1)
        Filter: (keyword_id > 236)
        Rows Removed by Filter: 293485
  ->  Hash  (cost=67604.59..67604.59 rows=667531 width=4) (actual time=1399.189..1399.189 rows=662825 loops=1)
        Buckets: 131072  Batches: 16  Memory Usage: 2486kB
        ->  Seq Scan on title t  (cost=0.00..67604.59 rows=667531 width=4) (actual time=250.398..1206.277 rows=662825 loops=1)
              Filter: (kind_id = 1)
              Rows Removed by Filter: 1865487
Planning time: 3.246 ms
Execution time: 5979.722 ms
