Seq Scan on movie_companies mc  (cost=0.00..57926.93 rows=1278457 width=0) (actual time=217.119..1147.459 rows=1233626 loops=1)
  Filter: ((company_id < 156787) AND (company_type_id = 2))
  Rows Removed by Filter: 1375503
Planning time: 0.338 ms
Execution time: 1308.165 ms
