Hash Join  (cost=102767.86..234013.72 rows=1677461 width=0) (actual time=1771.966..5018.280 rows=1688440 loops=1)
  Hash Cond: (mk.movie_id = t.id)
  ->  Seq Scan on movie_keyword mk  (cost=0.00..81003.12 rows=1677461 width=4) (actual time=0.015..1563.805 rows=1688440 loops=1)
        Filter: (keyword_id > 8579)
        Rows Removed by Filter: 2835490
  ->  Hash  (cost=61283.27..61283.27 rows=2528527 width=4) (actual time=1770.767..1770.767 rows=2528312 loops=1)
        Buckets: 131072  Batches: 64  Memory Usage: 2425kB
        ->  Seq Scan on title t  (cost=0.00..61283.27 rows=2528527 width=4) (actual time=0.013..916.745 rows=2528312 loops=1)
Planning time: 4.734 ms
Execution time: 5221.940 ms
