Seq Scan on movie_companies mc  (cost=0.00..57926.93 rows=1181378 width=0) (actual time=0.022..1048.457 rows=1116082 loops=1)
  Filter: ((company_id > 57) AND (company_type_id = 1))
  Rows Removed by Filter: 1493047
Planning time: 0.398 ms
Execution time: 1191.647 ms
