Hash Join  (cost=102767.86..222056.43 rows=1180520 width=0) (actual time=2014.581..4403.361 rows=1185160 loops=1)
  Hash Cond: (mk.movie_id = t.id)
  ->  Seq Scan on movie_keyword mk  (cost=0.00..81003.12 rows=1180520 width=4) (actual time=0.029..1282.846 rows=1185160 loops=1)
        Filter: (keyword_id < 1415)
        Rows Removed by Filter: 3338770
  ->  Hash  (cost=61283.27..61283.27 rows=2528527 width=4) (actual time=1827.591..1827.591 rows=2528312 loops=1)
        Buckets: 131072  Batches: 64  Memory Usage: 2425kB
        ->  Seq Scan on title t  (cost=0.00..61283.27 rows=2528527 width=4) (actual time=0.019..964.657 rows=2528312 loops=1)
Planning time: 0.705 ms
Execution time: 4512.974 ms
