Seq Scan on movie_keyword mk  (cost=0.00..81003.12 rows=2242506 width=0) (actual time=0.026..1375.047 rows=2239543 loops=1)
  Filter: (keyword_id < 4610)
  Rows Removed by Filter: 2284387
Planning time: 0.280 ms
Execution time: 1660.774 ms
