Nested Loop  (cost=0.43..83072.90 rows=117 width=0) (actual time=636.389..1216.748 rows=108 loops=1)
  ->  Seq Scan on movie_keyword mk  (cost=0.00..81003.12 rows=246 width=4) (actual time=8.340..1115.437 rows=4000 loops=1)
        Filter: (keyword_id = 917)
        Rows Removed by Filter: 4519930
  ->  Index Scan using title_pkey on title t  (cost=0.43..8.40 rows=1 width=4) (actual time=0.025..0.025 rows=0 loops=4000)
        Index Cond: (id = mk.movie_id)
        Filter: ((production_year > 1977) AND (kind_id = 7))
        Rows Removed by Filter: 1
Planning time: 0.747 ms
Execution time: 1216.908 ms
