Hash Join  (cost=67697.55..783541.52 rows=8044 width=0) (actual time=7339.241..12237.109 rows=27722 loops=1)
  Hash Cond: (ci.movie_id = t.id)
  ->  Seq Scan on cast_info ci  (cost=0.00..705507.15 rows=2735034 width=4) (actual time=6410.405..10764.679 rows=2728943 loops=1)
        Filter: (role_id = 4)
        Rows Removed by Filter: 33515401
  ->  Hash  (cost=67604.59..67604.59 rows=7437 width=4) (actual time=928.620..928.620 rows=19440 loops=1)
        Buckets: 32768 (originally 8192)  Batches: 1 (originally 1)  Memory Usage: 940kB
        ->  Seq Scan on title t  (cost=0.00..67604.59 rows=7437 width=4) (actual time=0.106..919.843 rows=19440 loops=1)
              Filter: (production_year = 1986)
              Rows Removed by Filter: 2508872
Planning time: 0.891 ms
Execution time: 12241.552 ms
