Hash Join  (cost=78556.72..147089.98 rows=148663 width=0) (actual time=1573.573..2233.205 rows=61870 loops=1)
  Hash Cond: (mc.movie_id = t.id)
  ->  Seq Scan on movie_companies mc  (cost=0.00..57926.93 rows=563116 width=4) (actual time=226.779..843.330 rows=346305 loops=1)
        Filter: ((company_id < 7475) AND (company_type_id = 2))
        Rows Removed by Filter: 2262824
  ->  Hash  (cost=67604.59..67604.59 rows=667531 width=4) (actual time=1098.986..1098.986 rows=662825 loops=1)
        Buckets: 131072  Batches: 16  Memory Usage: 2476kB
        ->  Seq Scan on title t  (cost=0.00..67604.59 rows=667531 width=4) (actual time=149.846..893.759 rows=662825 loops=1)
              Filter: (kind_id = 1)
              Rows Removed by Filter: 1865487
Planning time: 0.703 ms
Execution time: 2241.844 ms
