Nested Loop  (cost=0.43..52283.95 rows=41 width=0) (actual time=1.204..750.174 rows=1183 loops=1)
  ->  Seq Scan on movie_companies mc  (cost=0.00..51404.11 rows=104 width=4) (actual time=1.159..713.972 rows=1553 loops=1)
        Filter: (company_id = 420)
        Rows Removed by Filter: 2607576
  ->  Index Scan using title_pkey on title t  (cost=0.43..8.45 rows=1 width=4) (actual time=0.022..0.023 rows=1 loops=1553)
        Index Cond: (id = mc.movie_id)
        Filter: (kind_id < 7)
        Rows Removed by Filter: 0
Planning time: 0.729 ms
Execution time: 750.605 ms
