Hash Join  (cost=194952.14..589994.10 rows=176568 width=0) (actual time=3252.355..11761.241 rows=571572 loops=1)
  Hash Cond: (mi.movie_id = t.id)
  ->  Seq Scan on movie_info mi  (cost=0.00..346232.03 rows=12545135 width=4) (actual time=112.514..5708.342 rows=12601870 loops=1)
        Filter: (info_type_id < 17)
        Rows Removed by Filter: 2233850
  ->  Hash  (cost=194507.29..194507.29 rows=35588 width=8) (actual time=3130.438..3130.438 rows=34710 loops=1)
        Buckets: 65536  Batches: 1  Memory Usage: 1868kB
        ->  Hash Join  (cost=102767.86..194507.29 rows=35588 width=8) (actual time=1615.049..3116.702 rows=34710 loops=1)
              Hash Cond: (mk.movie_id = t.id)
              ->  Seq Scan on movie_keyword mk  (cost=0.00..81003.12 rows=35588 width=4) (actual time=0.041..1059.183 rows=34710 loops=1)
                    Filter: (keyword_id = 2488)
                    Rows Removed by Filter: 4489220
              ->  Hash  (cost=61283.27..61283.27 rows=2528527 width=4) (actual time=1613.242..1613.242 rows=2528312 loops=1)
                    Buckets: 131072  Batches: 64  Memory Usage: 2425kB
                    ->  Seq Scan on title t  (cost=0.00..61283.27 rows=2528527 width=4) (actual time=0.027..768.684 rows=2528312 loops=1)
Planning time: 1.161 ms
Execution time: 11839.177 ms
