Seq Scan on cast_info ci  (cost=0.00..796071.18 rows=10791821 width=0) (actual time=3111.589..12207.771 rows=5722182 loops=1)
  Filter: ((person_id < 2470745) AND (role_id > 2))
  Rows Removed by Filter: 30522162
Planning time: 0.248 ms
Execution time: 12860.043 ms
