Hash Join  (cost=115667.11..203537.57 rows=121242 width=0) (actual time=2432.388..5688.705 rows=2597049 loops=1)
  Hash Cond: (mk.movie_id = t.id)
  ->  Seq Scan on movie_keyword mk  (cost=0.00..69693.30 rows=4523930 width=4) (actual time=0.024..953.552 rows=4523930 loops=1)
  ->  Hash  (cost=114820.05..114820.05 rows=67765 width=8) (actual time=2431.249..2431.249 rows=198335 loops=1)
        Buckets: 131072 (originally 131072)  Batches: 4 (originally 1)  Memory Usage: 3073kB
        ->  Hash Join  (cost=75963.92..114820.05 rows=67765 width=8) (actual time=1259.530..2360.495 rows=198335 loops=1)
              Hash Cond: (mi_idx.movie_id = t.id)
              ->  Seq Scan on movie_info_idx mi_idx  (cost=0.00..21735.35 rows=1380035 width=4) (actual time=0.018..439.164 rows=1380035 loops=1)
              ->  Hash  (cost=73925.90..73925.90 rows=124161 width=4) (actual time=1258.722..1258.722 rows=256948 loops=1)
                    Buckets: 131072 (originally 131072)  Batches: 4 (originally 2)  Memory Usage: 3284kB
                    ->  Seq Scan on title t  (cost=0.00..73925.90 rows=124161 width=4) (actual time=0.026..1167.670 rows=256948 loops=1)
                          Filter: ((kind_id < 2) AND (production_year < 1977))
                          Rows Removed by Filter: 2271364
Planning time: 1.106 ms
Execution time: 5987.290 ms
