Nested Loop  (cost=0.43..799702.19 rows=435 width=0) (actual time=4528.426..12194.406 rows=101 loops=1)
  ->  Seq Scan on cast_info ci  (cost=0.00..796071.18 rows=435 width=4) (actual time=4528.290..12192.398 rows=101 loops=1)
        Filter: ((role_id < 10) AND (person_id = 862929))
        Rows Removed by Filter: 36244243
  ->  Index Only Scan using title_pkey on title t  (cost=0.43..8.34 rows=1 width=4) (actual time=0.018..0.019 rows=1 loops=101)
        Index Cond: (id = ci.movie_id)
        Heap Fetches: 101
Planning time: 4.707 ms
Execution time: 12194.528 ms
