Seq Scan on movie_keyword mk  (cost=0.00..81003.12 rows=2710535 width=0) (actual time=0.031..1320.049 rows=2706971 loops=1)
  Filter: (keyword_id > 2973)
  Rows Removed by Filter: 1816959
Planning time: 0.306 ms
Execution time: 1670.722 ms
