Seq Scan on movie_keyword mk  (cost=0.00..81003.12 rows=1971929 width=0) (actual time=0.025..1239.634 rows=1975096 loops=1)
  Filter: (keyword_id < 3472)
  Rows Removed by Filter: 2548834
Planning time: 0.290 ms
Execution time: 1494.018 ms
