Hash Join  (cost=114426.26..171063.56 rows=24714 width=0) (actual time=2768.680..3922.841 rows=162589 loops=1)
  Hash Cond: (mc.movie_id = t.id)
  ->  Seq Scan on movie_companies mc  (cost=0.00..51404.11 rows=1329612 width=4) (actual time=0.025..823.216 rows=1334883 loops=1)
        Filter: (company_type_id = 2)
        Rows Removed by Filter: 1274246
  ->  Hash  (cost=113838.78..113838.78 rows=46999 width=8) (actual time=2561.592..2561.592 rows=145274 loops=1)
        Buckets: 131072 (originally 65536)  Batches: 2 (originally 1)  Memory Usage: 3852kB
        ->  Hash Join  (cost=75339.30..113838.78 rows=46999 width=8) (actual time=991.731..2509.999 rows=145274 loops=1)
              Hash Cond: (mi_idx.movie_id = t.id)
              ->  Seq Scan on movie_info_idx mi_idx  (cost=0.00..21735.35 rows=1380035 width=4) (actual time=0.024..405.605 rows=1380035 loops=1)
              ->  Hash  (cost=73925.90..73925.90 rows=86112 width=4) (actual time=990.926..990.926 rows=213544 loops=1)
                    Buckets: 131072 (originally 131072)  Batches: 4 (originally 2)  Memory Usage: 3073kB
                    ->  Seq Scan on title t  (cost=0.00..73925.90 rows=86112 width=4) (actual time=265.840..919.503 rows=213544 loops=1)
                          Filter: ((production_year < 1967) AND (kind_id = 1))
                          Rows Removed by Filter: 2314768
Planning time: 1.157 ms
Execution time: 3944.124 ms
