Hash Join  (cost=74066.90..168596.02 rows=15902 width=0) (actual time=967.401..2873.035 rows=72010 loops=1)
  Hash Cond: (mk.movie_id = t.id)
  ->  Seq Scan on movie_keyword mk  (cost=0.00..81003.12 rows=3564526 width=4) (actual time=0.023..1339.936 rows=3559072 loops=1)
        Filter: (keyword_id > 905)
        Rows Removed by Filter: 964858
  ->  Hash  (cost=73925.90..73925.90 rows=11280 width=4) (actual time=967.043..967.043 rows=11905 loops=1)
        Buckets: 16384  Batches: 1  Memory Usage: 547kB
        ->  Seq Scan on title t  (cost=0.00..73925.90 rows=11280 width=4) (actual time=0.028..962.117 rows=11905 loops=1)
              Filter: ((production_year < 2012) AND (kind_id = 6))
              Rows Removed by Filter: 2516407
Planning time: 0.706 ms
Execution time: 2882.494 ms
