Nested Loop  (cost=0.43..797488.04 rows=168 width=0) (actual time=4108.867..11144.169 rows=119 loops=1)
  ->  Seq Scan on cast_info ci  (cost=0.00..796071.18 rows=168 width=4) (actual time=4108.681..11142.207 rows=119 loops=1)
        Filter: ((role_id > 3) AND (person_id = 2858378))
        Rows Removed by Filter: 36244225
  ->  Index Only Scan using title_pkey on title t  (cost=0.43..8.42 rows=1 width=4) (actual time=0.015..0.015 rows=1 loops=119)
        Index Cond: (id = ci.movie_id)
        Heap Fetches: 119
Planning time: 0.708 ms
Execution time: 11144.275 ms
