Hash Join  (cost=491650.71..1299589.25 rows=188736 width=0) (actual time=8199.562..18927.635 rows=462209 loops=1)
  Hash Cond: (ci.movie_id = t.id)
  ->  Seq Scan on cast_info ci  (cost=0.00..796071.18 rows=589333 width=4) (actual time=986.969..11083.745 rows=733998 loops=1)
        Filter: ((person_id > 1214021) AND (role_id = 5))
        Rows Removed by Filter: 35510346
  ->  Hash  (cost=478364.61..478364.61 rows=809768 width=8) (actual time=7211.702..7211.702 rows=802140 loops=1)
        Buckets: 131072  Batches: 16  Memory Usage: 2973kB
        ->  Hash Join  (cost=102767.86..478364.61 rows=809768 width=8) (actual time=3352.291..6970.734 rows=802140 loops=1)
              Hash Cond: (mi.movie_id = t.id)
              ->  Seq Scan on movie_info mi  (cost=0.00..346232.03 rows=809768 width=4) (actual time=1624.329..4117.699 rows=802140 loops=1)
                    Filter: (info_type_id < 2)
                    Rows Removed by Filter: 14033580
              ->  Hash  (cost=61283.27..61283.27 rows=2528527 width=4) (actual time=1726.951..1726.951 rows=2528312 loops=1)
                    Buckets: 131072  Batches: 64  Memory Usage: 2425kB
                    ->  Seq Scan on title t  (cost=0.00..61283.27 rows=2528527 width=4) (actual time=0.023..854.571 rows=2528312 loops=1)
Planning time: 1.159 ms
Execution time: 18987.290 ms
