Seq Scan on title t  (cost=0.00..67604.59 rows=7437 width=0) (actual time=0.027..1178.007 rows=10517 loops=1)
  Filter: (production_year = 1959)
  Rows Removed by Filter: 2517795
Planning time: 0.410 ms
Execution time: 1180.527 ms
