Hash Join  (cost=228380.74..303024.61 rows=451271 width=0) (actual time=4739.252..6749.102 rows=1484003 loops=1)
  Hash Cond: (mc.movie_id = t.id)
  ->  Seq Scan on movie_companies mc  (cost=0.00..51404.11 rows=1329612 width=4) (actual time=76.965..891.309 rows=1334883 loops=1)
        Filter: (company_type_id > 1)
        Rows Removed by Filter: 1274246
  ->  Hash  (cost=214300.46..214300.46 rows=858183 width=8) (actual time=4661.615..4661.615 rows=861326 loops=1)
        Buckets: 131072  Batches: 16  Memory Usage: 3153kB
        ->  Hash Join  (cost=102767.86..214300.46 rows=858183 width=8) (actual time=2194.232..4408.146 rows=861326 loops=1)
              Hash Cond: (mk.movie_id = t.id)
              ->  Seq Scan on movie_keyword mk  (cost=0.00..81003.12 rows=858183 width=4) (actual time=0.020..1117.149 rows=861326 loops=1)
                    Filter: (keyword_id < 820)
                    Rows Removed by Filter: 3662604
              ->  Hash  (cost=61283.27..61283.27 rows=2528527 width=4) (actual time=2192.699..2192.699 rows=2528312 loops=1)
                    Buckets: 131072  Batches: 64  Memory Usage: 2425kB
                    ->  Seq Scan on title t  (cost=0.00..61283.27 rows=2528527 width=4) (actual time=0.017..733.752 rows=2528312 loops=1)
Planning time: 1.069 ms
Execution time: 6940.047 ms
