Seq Scan on title t  (cost=0.00..73925.90 rows=2905 width=0) (actual time=0.118..921.930 rows=6875 loops=1)
  Filter: ((kind_id < 7) AND (production_year = 1982))
  Rows Removed by Filter: 2521437
Planning time: 0.321 ms
Execution time: 923.603 ms
