Hash Join  (cost=836533.19..3518810.77 rows=121183044 width=0) (actual time=17016.254..74125.381 rows=85764597 loops=1)
  Hash Cond: (ci.movie_id = t.id)
  ->  Seq Scan on cast_info ci  (cost=0.00..705507.15 rows=33834764 width=4) (actual time=0.050..14922.589 rows=33804501 loops=1)
        Filter: (person_id < 3586603)
        Rows Removed by Filter: 2439843
  ->  Hash  (cost=687954.61..687954.61 rows=9056206 width=8) (actual time=17014.400..17014.400 rows=4078471 loops=1)
        Buckets: 131072  Batches: 128  Memory Usage: 2234kB
        ->  Hash Join  (cost=93093.72..687954.61 rows=9056206 width=8) (actual time=1542.998..15495.830 rows=4078471 loops=1)
              Hash Cond: (mi.movie_id = t.id)
              ->  Seq Scan on movie_info mi  (cost=0.00..309384.22 rows=14739122 width=4) (actual time=0.013..4922.163 rows=14835720 loops=1)
              ->  Hash  (cost=67604.59..67604.59 rows=1553611 width=4) (actual time=1541.751..1541.751 rows=1555864 loops=1)
                    Buckets: 131072  Batches: 32  Memory Usage: 2740kB
                    ->  Seq Scan on title t  (cost=0.00..67604.59 rows=1553611 width=4) (actual time=0.022..1050.570 rows=1555864 loops=1)
                          Filter: (kind_id > 4)
                          Rows Removed by Filter: 972448
Planning time: 1.207 ms
Execution time: 84309.684 ms
