Hash Join  (cost=102767.86..174100.10 rows=146542 width=0) (actual time=1988.598..2939.689 rows=224384 loops=1)
  Hash Cond: (mc.movie_id = t.id)
  ->  Seq Scan on movie_companies mc  (cost=0.00..57926.93 rows=146542 width=4) (actual time=325.432..725.378 rows=224384 loops=1)
        Filter: ((company_id < 160) AND (company_type_id = 1))
        Rows Removed by Filter: 2384745
  ->  Hash  (cost=61283.27..61283.27 rows=2528527 width=4) (actual time=1661.810..1661.810 rows=2528312 loops=1)
        Buckets: 131072  Batches: 64  Memory Usage: 2415kB
        ->  Seq Scan on title t  (cost=0.00..61283.27 rows=2528527 width=4) (actual time=0.027..816.704 rows=2528312 loops=1)
Planning time: 0.740 ms
Execution time: 2965.129 ms
