Hash Join  (cost=100862.36..470473.92 rows=1286 width=0) (actual time=2880.149..7184.261 rows=35267 loops=1)
  Hash Cond: (mi.movie_id = t.id)
  ->  Seq Scan on movie_info mi  (cost=0.00..346232.03 rows=6231111 width=4) (actual time=1461.059..4789.276 rows=6223494 loops=1)
        Filter: (info_type_id > 8)
        Rows Removed by Filter: 8612226
  ->  Hash  (cost=100855.84..100855.84 rows=522 width=8) (actual time=1418.690..1418.690 rows=3831 loops=1)
        Buckets: 4096 (originally 1024)  Batches: 1 (originally 1)  Memory Usage: 182kB
        ->  Hash Join  (cost=73962.22..100855.84 rows=522 width=8) (actual time=936.787..1417.037 rows=3831 loops=1)
              Hash Cond: (mi_idx.movie_id = t.id)
              ->  Seq Scan on movie_info_idx mi_idx  (cost=0.00..25185.44 rows=454124 width=4) (actual time=0.037..390.769 rows=459925 loops=1)
                    Filter: (info_type_id = 100)
                    Rows Removed by Filter: 920110
              ->  Hash  (cost=73925.90..73925.90 rows=2905 width=4) (actual time=936.696..936.696 rows=8669 loops=1)
                    Buckets: 16384 (originally 4096)  Batches: 1 (originally 1)  Memory Usage: 433kB
                    ->  Seq Scan on title t  (cost=0.00..73925.90 rows=2905 width=4) (actual time=0.134..932.527 rows=8669 loops=1)
                          Filter: ((kind_id < 7) AND (production_year = 1989))
                          Rows Removed by Filter: 2519643
Planning time: 0.721 ms
Execution time: 7189.881 ms
