Seq Scan on movie_keyword mk  (cost=0.00..81003.12 rows=246 width=0) (actual time=7.040..1046.538 rows=102 loops=1)
  Filter: (keyword_id = 2574)
  Rows Removed by Filter: 4523828
Planning time: 0.345 ms
Execution time: 1046.699 ms
