Hash Join  (cost=74567.38..882971.84 rows=63323 width=0) (actual time=5184.214..10066.490 rows=24983 loops=1)
  Hash Cond: (ci.movie_id = t.id)
  ->  Seq Scan on cast_info ci  (cost=0.00..796071.18 rows=3120014 width=4) (actual time=4235.671..8849.309 rows=952502 loops=1)
        Filter: ((person_id > 3411477) AND (role_id < 10))
        Rows Removed by Filter: 35291842
  ->  Hash  (cost=73925.90..73925.90 rows=51318 width=4) (actual time=947.955..947.955 rows=51530 loops=1)
        Buckets: 65536  Batches: 1  Memory Usage: 2324kB
        ->  Seq Scan on title t  (cost=0.00..73925.90 rows=51318 width=4) (actual time=0.049..926.474 rows=51530 loops=1)
              Filter: ((production_year > 1999) AND (kind_id = 2))
              Rows Removed by Filter: 2476782
Planning time: 0.817 ms
Execution time: 10070.855 ms
