Hash Join  (cost=58375.85..412385.40 rows=43 width=0) (actual time=2970.530..5070.109 rows=11 loops=1)
  Hash Cond: (mi.movie_id = t.id)
  ->  Seq Scan on movie_info mi  (cost=0.00..346232.03 rows=2073893 width=4) (actual time=2078.796..4100.105 rows=2091068 loops=1)
        Filter: (info_type_id < 3)
        Rows Removed by Filter: 12744652
  ->  Hash  (cost=58375.18..58375.18 rows=53 width=8) (actual time=688.806..688.806 rows=10 loops=1)
        Buckets: 1024  Batches: 1  Memory Usage: 9kB
        ->  Nested Loop  (cost=0.43..58375.18 rows=53 width=8) (actual time=18.975..688.779 rows=10 loops=1)
              ->  Seq Scan on movie_companies mc  (cost=0.00..57926.93 rows=53 width=4) (actual time=18.831..688.208 rows=10 loops=1)
                    Filter: ((company_id = 7656) AND (company_type_id = 2))
                    Rows Removed by Filter: 2609119
              ->  Index Only Scan using title_pkey on title t  (cost=0.43..8.45 rows=1 width=4) (actual time=0.045..0.046 rows=1 loops=10)
                    Index Cond: (id = mc.movie_id)
                    Heap Fetches: 10
Planning time: 1.172 ms
Execution time: 5070.224 ms
