Seq Scan on movie_companies mc  (cost=0.00..57926.93 rows=456195 width=0) (actual time=0.024..1010.119 rows=658052 loops=1)
  Filter: ((company_id < 3312) AND (company_type_id < 2))
  Rows Removed by Filter: 1951077
Planning time: 0.344 ms
Execution time: 1092.972 ms
