Hash Join  (cost=127518.22..1198096.82 rows=3579847 width=0) (actual time=2102.154..27003.310 rows=3426861 loops=1)
  Hash Cond: (ci.movie_id = t.id)
  ->  Seq Scan on cast_info ci  (cost=0.00..614943.12 rows=36225612 width=4) (actual time=0.019..10406.217 rows=36244344 loops=1)
  ->  Hash  (cost=123417.83..123417.83 rows=249871 width=8) (actual time=2101.085..2101.085 rows=127518 loops=1)
        Buckets: 131072  Batches: 4  Memory Usage: 2283kB
        ->  Hash Join  (cost=81437.64..123417.83 rows=249871 width=8) (actual time=1339.115..2060.792 rows=127518 loops=1)
              Hash Cond: (mi_idx.movie_id = t.id)
              ->  Seq Scan on movie_info_idx mi_idx  (cost=0.00..21735.35 rows=1380035 width=4) (actual time=0.024..377.562 rows=1380035 loops=1)
              ->  Hash  (cost=73925.90..73925.90 rows=457819 width=4) (actual time=1002.078..1002.078 rows=344212 loops=1)
                    Buckets: 131072  Batches: 8  Memory Usage: 2523kB
                    ->  Seq Scan on title t  (cost=0.00..73925.90 rows=457819 width=4) (actual time=0.020..895.468 rows=344212 loops=1)
                          Filter: ((production_year < 1993) AND (kind_id = 7))
                          Rows Removed by Filter: 2184100
Planning time: 1.135 ms
Execution time: 27364.577 ms
