Seq Scan on cast_info ci  (cost=0.00..796071.18 rows=26511862 width=0) (actual time=0.009..14773.003 rows=28610854 loops=1)
  Filter: ((person_id < 3062061) AND (role_id < 10))
  Rows Removed by Filter: 7633490
Planning time: 0.250 ms
Execution time: 18274.957 ms
