Hash Join  (cost=153752.77..270902.70 rows=122324 width=0) (actual time=4336.782..5100.519 rows=57071 loops=1)
  Hash Cond: (mk.movie_id = t.id)
  ->  Seq Scan on movie_keyword mk  (cost=0.00..81003.12 rows=2985218 width=4) (actual time=0.027..1461.319 rows=2973501 loops=1)
        Filter: (keyword_id > 2276)
        Rows Removed by Filter: 1550429
  ->  Hash  (cost=152052.64..152052.64 rows=103610 width=8) (actual time=2708.548..2708.548 rows=45572 loops=1)
        Buckets: 131072  Batches: 2  Memory Usage: 1917kB
        ->  Hash Join  (cost=75574.02..152052.64 rows=103610 width=8) (actual time=1301.341..2693.146 rows=45572 loops=1)
              Hash Cond: (mc.movie_id = t.id)
              ->  Seq Scan on movie_companies mc  (cost=0.00..44881.29 rows=2609129 width=4) (actual time=0.024..724.407 rows=2609129 loops=1)
              ->  Hash  (cost=73925.90..73925.90 rows=100409 width=4) (actual time=1069.230..1069.230 rows=110402 loops=1)
                    Buckets: 131072  Batches: 2  Memory Usage: 2964kB
                    ->  Seq Scan on title t  (cost=0.00..73925.90 rows=100409 width=4) (actual time=0.022..1027.746 rows=110402 loops=1)
                          Filter: ((kind_id = 7) AND (production_year = 2012))
                          Rows Removed by Filter: 2417910
Planning time: 1.085 ms
Execution time: 5108.639 ms
