Hash Join  (cost=83810.17..1182630.84 rows=9834823 width=0) (actual time=1213.855..28406.743 rows=10402611 loops=1)
  Hash Cond: (ci.movie_id = t.id)
  ->  Seq Scan on cast_info ci  (cost=0.00..705507.15 rows=25176608 width=4) (actual time=0.021..12423.603 rows=25202393 loops=1)
        Filter: (person_id < 2599561)
        Rows Removed by Filter: 11041951
  ->  Hash  (cost=67604.59..67604.59 rows=987727 width=4) (actual time=1213.005..1213.005 rows=985048 loops=1)
        Buckets: 131072  Batches: 16  Memory Usage: 3188kB
        ->  Seq Scan on title t  (cost=0.00..67604.59 rows=987727 width=4) (actual time=0.020..913.918 rows=985048 loops=1)
              Filter: (kind_id < 7)
              Rows Removed by Filter: 1543264
Planning time: 0.726 ms
Execution time: 29492.937 ms
