Hash Join  (cost=282931.35..1457359.25 rows=18647525 width=0) (actual time=5834.930..40283.589 rows=59351221 loops=1)
  Hash Cond: (ci.movie_id = t.id)
  ->  Seq Scan on cast_info ci  (cost=0.00..705507.15 rows=21371900 width=4) (actual time=412.369..11808.440 rows=21485201 loops=1)
        Filter: (person_id > 1455089)
        Rows Removed by Filter: 14759143
  ->  Hash  (cost=246735.80..246735.80 rows=2206204 width=8) (actual time=5421.772..5421.772 rows=2205250 loops=1)
        Buckets: 131072  Batches: 32  Memory Usage: 3701kB
        ->  Hash Join  (cost=102767.86..246735.80 rows=2206204 width=8) (actual time=1477.057..4816.000 rows=2205250 loops=1)
              Hash Cond: (mk.movie_id = t.id)
              ->  Seq Scan on movie_keyword mk  (cost=0.00..81003.12 rows=2206204 width=4) (actual time=0.023..1308.310 rows=2205250 loops=1)
                    Filter: (keyword_id < 4447)
                    Rows Removed by Filter: 2318680
              ->  Hash  (cost=61283.27..61283.27 rows=2528527 width=4) (actual time=1476.038..1476.038 rows=2528312 loops=1)
                    Buckets: 131072  Batches: 64  Memory Usage: 2425kB
                    ->  Seq Scan on title t  (cost=0.00..61283.27 rows=2528527 width=4) (actual time=0.020..703.094 rows=2528312 loops=1)
Planning time: 1.089 ms
Execution time: 45994.221 ms
