Hash Join  (cost=129394.92..484058.24 rows=20148 width=0) (actual time=1983.685..6642.534 rows=775735 loops=1)
  Hash Cond: (mi.movie_id = t.id)
  ->  Seq Scan on movie_info mi  (cost=0.00..346232.03 rows=2194617 width=4) (actual time=27.075..4212.160 rows=2233850 loops=1)
        Filter: (info_type_id > 16)
        Rows Removed by Filter: 12601870
  ->  Hash  (cost=129104.76..129104.76 rows=23213 width=8) (actual time=1857.381..1857.381 rows=30667 loops=1)
        Buckets: 32768  Batches: 1  Memory Usage: 1454kB
        ->  Hash Join  (cost=74207.10..129104.76 rows=23213 width=8) (actual time=852.973..1846.216 rows=30667 loops=1)
              Hash Cond: (mc.movie_id = t.id)
              ->  Seq Scan on movie_companies mc  (cost=0.00..44881.29 rows=2609129 width=4) (actual time=0.039..470.227 rows=2609129 loops=1)
              ->  Hash  (cost=73925.90..73925.90 rows=22496 width=4) (actual time=813.608..813.608 rows=13050 loops=1)
                    Buckets: 32768  Batches: 1  Memory Usage: 715kB
                    ->  Seq Scan on title t  (cost=0.00..73925.90 rows=22496 width=4) (actual time=0.024..808.287 rows=13050 loops=1)
                          Filter: ((kind_id = 1) AND (production_year = 2004))
                          Rows Removed by Filter: 2515262
Planning time: 1.614 ms
Execution time: 6728.295 ms
