Seq Scan on movie_keyword mk  (cost=0.00..81003.12 rows=3306026 width=0) (actual time=0.024..1364.247 rows=3296501 loops=1)
  Filter: (keyword_id < 14801)
  Rows Removed by Filter: 1227429
Planning time: 0.292 ms
Execution time: 1782.441 ms
