Hash Join  (cost=123015.01..194985.80 rows=77028 width=0) (actual time=2092.171..3972.019 rows=95193 loops=1)
  Hash Cond: (mc.movie_id = t.id)
  ->  Seq Scan on movie_companies mc  (cost=0.00..57926.93 rows=1087352 width=4) (actual time=0.017..922.316 rows=1274246 loops=1)
        Filter: ((company_id < 82560) AND (company_type_id < 2))
        Rows Removed by Filter: 1334883
  ->  Hash  (cost=120075.98..120075.98 rows=179122 width=8) (actual time=2090.797..2090.797 rows=77940 loops=1)
        Buckets: 131072  Batches: 4  Memory Usage: 1783kB
        ->  Hash Join  (cost=79310.28..120075.98 rows=179122 width=8) (actual time=1042.927..2064.707 rows=77940 loops=1)
              Hash Cond: (mi_idx.movie_id = t.id)
              ->  Seq Scan on movie_info_idx mi_idx  (cost=0.00..21735.35 rows=1380035 width=4) (actual time=0.013..386.862 rows=1380035 loops=1)
              ->  Hash  (cost=73925.90..73925.90 rows=328190 width=4) (actual time=1041.907..1041.907 rows=217611 loops=1)
                    Buckets: 131072  Batches: 8  Memory Usage: 1969kB
                    ->  Seq Scan on title t  (cost=0.00..73925.90 rows=328190 width=4) (actual time=260.009..970.541 rows=217611 loops=1)
                          Filter: ((production_year < 1982) AND (kind_id = 7))
                          Rows Removed by Filter: 2310701
Planning time: 1.134 ms
Execution time: 3984.472 ms
