Hash Join  (cost=914432.80..1403021.98 rows=823126 width=0) (actual time=12156.069..22246.013 rows=1238775 loops=1)
  Hash Cond: (mi.movie_id = t.id)
  ->  Seq Scan on movie_info mi  (cost=0.00..309384.22 rows=14739122 width=4) (actual time=0.019..4504.105 rows=14835720 loops=1)
  ->  Hash  (cost=912115.68..912115.68 rows=141209 width=8) (actual time=12155.272..12155.272 rows=56403 loops=1)
        Buckets: 131072  Batches: 2  Memory Usage: 2134kB
        ->  Hash Join  (cost=102767.86..912115.68 rows=141209 width=8) (actual time=11499.143..12135.911 rows=56403 loops=1)
              Hash Cond: (ci.movie_id = t.id)
              ->  Seq Scan on cast_info ci  (cost=0.00..796071.18 rows=141209 width=4) (actual time=9877.116..10112.486 rows=56403 loops=1)
                    Filter: ((person_id < 1431305) AND (role_id > 10))
                    Rows Removed by Filter: 36187941
              ->  Hash  (cost=61283.27..61283.27 rows=2528527 width=4) (actual time=1619.700..1619.700 rows=2528312 loops=1)
                    Buckets: 131072  Batches: 64  Memory Usage: 2415kB
                    ->  Seq Scan on title t  (cost=0.00..61283.27 rows=2528527 width=4) (actual time=0.030..806.210 rows=2528312 loops=1)
Planning time: 1.165 ms
Execution time: 22400.697 ms
