Hash Join  (cost=83824.82..834615.84 rows=186 width=0) (actual time=1149.211..13169.635 rows=93 loops=1)
  Hash Cond: (ci.movie_id = t.id)
  ->  Seq Scan on cast_info ci  (cost=0.00..614943.12 rows=36225612 width=4) (actual time=0.009..6222.558 rows=36244344 loops=1)
  ->  Hash  (cost=83824.65..83824.65 rows=13 width=8) (actual time=648.547..648.547 rows=8 loops=1)
        Buckets: 1024  Batches: 1  Memory Usage: 9kB
        ->  Nested Loop  (cost=0.43..83824.65 rows=13 width=8) (actual time=259.752..648.513 rows=8 loops=1)
              ->  Seq Scan on movie_companies mc  (cost=0.00..51404.11 rows=4349 width=4) (actual time=0.518..597.562 rows=4285 loops=1)
                    Filter: (company_id = 258)
                    Rows Removed by Filter: 2604844
              ->  Index Scan using title_pkey on title t  (cost=0.43..7.44 rows=1 width=4) (actual time=0.011..0.011 rows=0 loops=4285)
                    Index Cond: (id = mc.movie_id)
                    Filter: (production_year = 1980)
                    Rows Removed by Filter: 1
Planning time: 0.870 ms
Execution time: 13169.861 ms
