Hash Join  (cost=458777.25..1264996.59 rows=80804 width=0) (actual time=6984.330..16728.798 rows=27917 loops=1)
  Hash Cond: (ci.movie_id = t.id)
  ->  Seq Scan on cast_info ci  (cost=0.00..796071.18 rows=710432 width=4) (actual time=1054.920..10326.350 rows=1206244 loops=1)
        Filter: ((person_id > 2764132) AND (role_id = 4))
        Rows Removed by Filter: 35038100
  ->  Hash  (cost=454058.33..454058.33 rows=287594 width=8) (actual time=5927.064..5927.064 rows=29395 loops=1)
        Buckets: 131072  Batches: 4  Memory Usage: 1310kB
        ->  Hash Join  (cost=92883.59..454058.33 rows=287594 width=8) (actual time=5003.619..5916.901 rows=29395 loops=1)
              Hash Cond: (mi.movie_id = t.id)
              ->  Seq Scan on movie_info mi  (cost=0.00..346232.03 rows=471955 width=4) (actual time=3347.275..3883.008 rows=543367 loops=1)
                    Filter: (info_type_id > 98)
                    Rows Removed by Filter: 14292353
              ->  Hash  (cost=67604.59..67604.59 rows=1540800 width=4) (actual time=1592.178..1592.178 rows=1543264 loops=1)
                    Buckets: 131072  Batches: 32  Memory Usage: 2728kB
                    ->  Seq Scan on title t  (cost=0.00..67604.59 rows=1540800 width=4) (actual time=53.853..1072.314 rows=1543264 loops=1)
                          Filter: (kind_id = 7)
                          Rows Removed by Filter: 985048
Planning time: 1.119 ms
Execution time: 16733.391 ms
