Seq Scan on movie_companies mc  (cost=0.00..51404.11 rows=104 width=0) (actual time=78.301..672.504 rows=504 loops=1)
  Filter: (company_id = 76202)
  Rows Removed by Filter: 2608625
Planning time: 0.561 ms
Execution time: 672.644 ms
