Seq Scan on movie_keyword mk  (cost=0.00..81003.12 rows=246 width=0) (actual time=2.141..1004.699 rows=206 loops=1)
  Filter: (keyword_id = 15557)
  Rows Removed by Filter: 4523724
Planning time: 0.299 ms
Execution time: 1004.906 ms
