Hash Join  (cost=75428.32..130405.69 rows=30189 width=144) (actual time=1619.133..2528.096 rows=39380 loops=1)
  Hash Cond: (mi_idx.movie_id = t.id)
  ->  Seq Scan on movie_info_idx mi_idx  (cost=0.00..21735.35 rows=1380035 width=50) (actual time=0.023..380.722 rows=1380035 loops=1)
  ->  Hash  (cost=73925.90..73925.90 rows=55313 width=94) (actual time=1618.517..1618.517 rows=49075 loops=1)
        Buckets: 32768  Batches: 2  Memory Usage: 2931kB
        ->  Seq Scan on title t  (cost=0.00..73925.90 rows=55313 width=94) (actual time=0.082..1589.667 rows=49075 loops=1)
              Filter: ((kind_id < 7) AND (production_year = 2010))
              Rows Removed by Filter: 2479237
Planning time: 0.931 ms
Execution time: 2530.916 ms
