Hash Join  (cost=101971.58..156764.54 rows=12744 width=0) (actual time=1429.629..2198.155 rows=23608 loops=1)
  Hash Cond: (mc.movie_id = t.id)
  ->  Seq Scan on movie_companies mc  (cost=0.00..44881.29 rows=2609129 width=4) (actual time=0.009..364.802 rows=2609129 loops=1)
  ->  Hash  (cost=101817.20..101817.20 rows=12350 width=8) (actual time=1429.160..1429.160 rows=10311 loops=1)
        Buckets: 16384  Batches: 1  Memory Usage: 531kB
        ->  Hash Join  (cost=74766.14..101817.20 rows=12350 width=8) (actual time=881.283..1424.624 rows=10311 loops=1)
              Hash Cond: (mi_idx.movie_id = t.id)
              ->  Seq Scan on movie_info_idx mi_idx  (cost=0.00..25185.44 rows=464566 width=4) (actual time=0.016..402.925 rows=459925 loops=1)
                    Filter: (info_type_id = 101)
                    Rows Removed by Filter: 920110
              ->  Hash  (cost=73925.90..73925.90 rows=67219 width=4) (actual time=880.515..880.515 rows=75923 loops=1)
                    Buckets: 131072  Batches: 1  Memory Usage: 3694kB
                    ->  Seq Scan on title t  (cost=0.00..73925.90 rows=67219 width=4) (actual time=0.035..852.185 rows=75923 loops=1)
                          Filter: ((kind_id > 2) AND (production_year = 2005))
                          Rows Removed by Filter: 2452389
Planning time: 1.082 ms
Execution time: 2201.046 ms
