Hash Join  (cost=192370.39..665890.94 rows=3838625 width=0) (actual time=5159.723..14981.264 rows=8759917 loops=1)
  Hash Cond: (mi.movie_id = t.id)
  ->  Seq Scan on movie_info mi  (cost=0.00..346232.03 rows=7235534 width=4) (actual time=1341.938..5216.394 rows=7286865 loops=1)
        Filter: (info_type_id < 8)
        Rows Removed by Filter: 7548855
  ->  Hash  (cost=170361.33..170361.33 rows=1341445 width=8) (actual time=3816.870..3816.870 rows=1379855 loops=1)
        Buckets: 131072  Batches: 32  Memory Usage: 2726kB
        ->  Hash Join  (cost=107928.35..170361.33 rows=1341445 width=8) (actual time=1606.640..3428.064 rows=1379855 loops=1)
              Hash Cond: (mi_idx.movie_id = t.id)
              ->  Seq Scan on movie_info_idx mi_idx  (cost=0.00..21735.35 rows=1380035 width=4) (actual time=0.033..387.257 rows=1380035 loops=1)
              ->  Hash  (cost=67604.59..67604.59 rows=2457821 width=4) (actual time=1605.973..1605.973 rows=2456218 loops=1)
                    Buckets: 131072  Batches: 64  Memory Usage: 2375kB
                    ->  Seq Scan on title t  (cost=0.00..67604.59 rows=2457821 width=4) (actual time=0.020..937.421 rows=2456218 loops=1)
                          Filter: (production_year > 0)
                          Rows Removed by Filter: 72094
Planning time: 1.100 ms
Execution time: 15953.052 ms
