Hash Join  (cost=80042.24..919831.11 rows=839142 width=0) (actual time=5344.435..14229.064 rows=929805 loops=1)
  Hash Cond: (ci.movie_id = t.id)
  ->  Seq Scan on cast_info ci  (cost=0.00..796071.18 rows=2799007 width=4) (actual time=3441.754..10284.650 rows=3437229 loops=1)
        Filter: ((person_id > 2258816) AND (role_id = 2))
        Rows Removed by Filter: 32807115
  ->  Hash  (cost=67604.59..67604.59 rows=758052 width=4) (actual time=1901.537..1901.537 rows=753677 loops=1)
        Buckets: 131072  Batches: 16  Memory Usage: 2677kB
        ->  Seq Scan on title t  (cost=0.00..67604.59 rows=758052 width=4) (actual time=0.018..896.526 rows=753677 loops=1)
              Filter: (kind_id < 3)
              Rows Removed by Filter: 1774635
Planning time: 0.755 ms
Execution time: 14346.440 ms
