Hash Join  (cost=164419.74..969625.09 rows=1089771 width=0) (actual time=3035.508..19590.533 rows=4280653 loops=1)
  Hash Cond: (ci.movie_id = t.id)
  ->  Seq Scan on cast_info ci  (cost=0.00..705507.15 rows=7556663 width=4) (actual time=0.021..11316.277 rows=7436237 loops=1)
        Filter: (role_id > 7)
        Rows Removed by Filter: 28808107
  ->  Hash  (cost=158436.66..158436.66 rows=364647 width=8) (actual time=3034.650..3034.650 rows=563945 loops=1)
        Buckets: 131072  Batches: 8  Memory Usage: 3776kB
        ->  Hash Join  (cost=85303.03..158436.66 rows=364647 width=8) (actual time=1414.076..2866.514 rows=563945 loops=1)
              Hash Cond: (mc.movie_id = t.id)
              ->  Seq Scan on movie_companies mc  (cost=0.00..51404.11 rows=1329612 width=4) (actual time=165.648..746.489 rows=1334883 loops=1)
                    Filter: (company_type_id > 1)
                    Rows Removed by Filter: 1274246
              ->  Hash  (cost=73925.90..73925.90 rows=693450 width=4) (actual time=1247.625..1247.625 rows=595167 loops=1)
                    Buckets: 131072  Batches: 16  Memory Usage: 2330kB
                    ->  Seq Scan on title t  (cost=0.00..73925.90 rows=693450 width=4) (actual time=0.036..1054.062 rows=595167 loops=1)
                          Filter: ((kind_id < 7) AND (production_year > 1989))
                          Rows Removed by Filter: 1933145
Planning time: 1.097 ms
Execution time: 20133.491 ms
