Hash Join  (cost=325995.42..1046054.96 rows=19063080 width=0) (actual time=6362.228..58404.225 rows=178162280 loops=1)
  Hash Cond: (mi.movie_id = t.id)
  ->  Seq Scan on movie_info mi  (cost=0.00..309384.22 rows=14739122 width=4) (actual time=0.013..4466.093 rows=14835720 loops=1)
  ->  Hash  (cost=272341.54..272341.54 rows=3270311 width=8) (actual time=6360.333..6360.333 rows=3254498 loops=1)
        Buckets: 131072  Batches: 64  Memory Usage: 3114kB
        ->  Hash Join  (cost=102767.86..272341.54 rows=3270311 width=8) (actual time=1559.003..5539.049 rows=3254498 loops=1)
              Hash Cond: (mk.movie_id = t.id)
              ->  Seq Scan on movie_keyword mk  (cost=0.00..81003.12 rows=3270311 width=4) (actual time=0.020..1454.513 rows=3254498 loops=1)
                    Filter: (keyword_id > 1617)
                    Rows Removed by Filter: 1269432
              ->  Hash  (cost=61283.27..61283.27 rows=2528527 width=4) (actual time=1556.539..1556.539 rows=2528312 loops=1)
                    Buckets: 131072  Batches: 64  Memory Usage: 2425kB
                    ->  Seq Scan on title t  (cost=0.00..61283.27 rows=2528527 width=4) (actual time=0.018..740.676 rows=2528312 loops=1)
Planning time: 1.050 ms
Execution time: 77419.929 ms
