Seq Scan on movie_keyword mk  (cost=0.00..81003.12 rows=3111504 width=0) (actual time=0.019..1625.269 rows=3097527 loops=1)
  Filter: (keyword_id < 11694)
  Rows Removed by Filter: 1426403
Planning time: 0.287 ms
Execution time: 2022.886 ms
