Seq Scan on movie_companies mc  (cost=0.00..51404.11 rows=1868457 width=0) (actual time=0.039..812.537 rows=1863945 loops=1)
  Filter: (company_id < 37820)
  Rows Removed by Filter: 745184
Planning time: 0.318 ms
Execution time: 1062.789 ms
