Hash Join  (cost=135082.64..938644.23 rows=67747 width=0) (actual time=10642.120..14481.794 rows=288731 loops=1)
  Hash Cond: (ci.movie_id = t.id)
  ->  Seq Scan on cast_info ci  (cost=0.00..796071.18 rows=464516 width=4) (actual time=8161.137..11558.270 rows=559989 loops=1)
        Filter: ((person_id > 1283817) AND (role_id = 6))
        Rows Removed by Filter: 35684355
  ->  Hash  (cost=129031.99..129031.99 rows=368772 width=8) (actual time=2479.984..2479.984 rows=589509 loops=1)
        Buckets: 131072  Batches: 8  Memory Usage: 3915kB
        ->  Hash Join  (cost=85011.79..129031.99 rows=368772 width=8) (actual time=1147.641..2317.439 rows=589509 loops=1)
              Hash Cond: (mi_idx.movie_id = t.id)
              ->  Seq Scan on movie_info_idx mi_idx  (cost=0.00..21735.35 rows=1380035 width=4) (actual time=0.743..347.719 rows=1380035 loops=1)
              ->  Hash  (cost=73925.90..73925.90 rows=675671 width=4) (actual time=1145.232..1145.232 rows=576285 loops=1)
                    Buckets: 131072  Batches: 16  Memory Usage: 2287kB
                    ->  Seq Scan on title t  (cost=0.00..73925.90 rows=675671 width=4) (actual time=0.048..961.717 rows=576285 loops=1)
                          Filter: ((kind_id < 7) AND (production_year > 1991))
                          Rows Removed by Filter: 1952027
Planning time: 1.068 ms
Execution time: 14519.529 ms
