Hash Join  (cost=83072.91..833862.22 rows=6 width=0) (actual time=1209.316..14445.694 rows=164 loops=1)
  Hash Cond: (ci.movie_id = t.id)
  ->  Seq Scan on cast_info ci  (cost=0.00..614943.12 rows=36225612 width=4) (actual time=0.024..6660.786 rows=36244344 loops=1)
  ->  Hash  (cost=83072.90..83072.90 rows=1 width=8) (actual time=1088.464..1088.464 rows=5 loops=1)
        Buckets: 1024  Batches: 1  Memory Usage: 9kB
        ->  Nested Loop  (cost=0.43..83072.90 rows=1 width=8) (actual time=779.545..1088.420 rows=5 loops=1)
              ->  Seq Scan on movie_keyword mk  (cost=0.00..81003.12 rows=246 width=4) (actual time=0.135..1026.454 rows=3420 loops=1)
                    Filter: (keyword_id = 679)
                    Rows Removed by Filter: 4520510
              ->  Index Scan using title_pkey on title t  (cost=0.43..8.40 rows=1 width=4) (actual time=0.017..0.017 rows=0 loops=3420)
                    Index Cond: (id = mk.movie_id)
                    Filter: ((kind_id = 7) AND (production_year = 1981))
                    Rows Removed by Filter: 1
Planning time: 1.092 ms
Execution time: 14445.987 ms
