Hash Join  (cost=327539.77..1925956.64 rows=46146663 width=0) (actual time=6714.187..47180.202 rows=46216748 loops=1)
  Hash Cond: (ci.movie_id = t.id)
  ->  Seq Scan on cast_info ci  (cost=0.00..614943.12 rows=36225612 width=4) (actual time=0.021..10591.178 rows=36244344 loops=1)
  ->  Hash  (cost=274694.14..274694.14 rows=3221011 width=8) (actual time=6712.213..6712.213 rows=1614857 loops=1)
        Buckets: 131072  Batches: 64  Memory Usage: 1987kB
        ->  Hash Join  (cost=98137.04..274694.14 rows=3221011 width=8) (actual time=1613.126..6238.370 rows=1614857 loops=1)
              Hash Cond: (mk.movie_id = t.id)
              ->  Seq Scan on movie_keyword mk  (cost=0.00..81003.12 rows=4376373 width=4) (actual time=0.028..1606.049 rows=4377190 loops=1)
                    Filter: (keyword_id < 74198)
                    Rows Removed by Filter: 146740
              ->  Hash  (cost=67604.59..67604.59 rows=1860996 width=4) (actual time=1612.146..1612.146 rows=1865487 loops=1)
                    Buckets: 131072  Batches: 32  Memory Usage: 3085kB
                    ->  Seq Scan on title t  (cost=0.00..67604.59 rows=1860996 width=4) (actual time=0.019..1007.401 rows=1865487 loops=1)
                          Filter: (kind_id > 1)
                          Rows Removed by Filter: 662825
Planning time: 1.083 ms
Execution time: 52074.783 ms
