Seq Scan on movie_keyword mk  (cost=0.00..81003.12 rows=739912 width=0) (actual time=0.018..1029.347 rows=746370 loops=1)
  Filter: (keyword_id > 25086)
  Rows Removed by Filter: 3777560
Planning time: 0.303 ms
Execution time: 1119.625 ms
