Seq Scan on movie_companies mc  (cost=0.00..57926.93 rows=397581 width=0) (actual time=88.841..739.521 rows=80073 loops=1)
  Filter: ((company_id > 28356) AND (company_type_id < 2))
  Rows Removed by Filter: 2529056
Planning time: 0.329 ms
Execution time: 750.572 ms
