Seq Scan on cast_info ci  (cost=0.00..705507.15 rows=32866579 width=0) (actual time=0.021..10751.593 rows=33003283 loops=1)
  Filter: (person_id > 313364)
  Rows Removed by Filter: 3241061
Planning time: 0.325 ms
Execution time: 14678.246 ms
