Hash Join  (cost=583046.46..1951715.47 rows=30162328 width=0) (actual time=9983.452..52389.018 rows=55943288 loops=1)
  Hash Cond: (ci.movie_id = t.id)
  ->  Seq Scan on cast_info ci  (cost=0.00..705507.15 rows=24857053 width=4) (actual time=0.021..12795.213 rows=24886059 loops=1)
        Filter: (person_id < 2563597)
        Rows Removed by Filter: 11358285
  ->  Hash  (cost=532708.04..532708.04 rows=3068194 width=8) (actual time=9982.279..9982.279 rows=3036719 loops=1)
        Buckets: 131072  Batches: 64  Memory Usage: 2881kB
        ->  Hash Join  (cost=102767.86..532708.04 rows=3068194 width=8) (actual time=3767.955..9059.393 rows=3036719 loops=1)
              Hash Cond: (mi.movie_id = t.id)
              ->  Seq Scan on movie_info mi  (cost=0.00..346232.03 rows=3068194 width=4) (actual time=2100.207..4339.463 rows=3036719 loops=1)
                    Filter: (info_type_id = 16)
                    Rows Removed by Filter: 11799001
              ->  Hash  (cost=61283.27..61283.27 rows=2528527 width=4) (actual time=1665.754..1665.754 rows=2528312 loops=1)
                    Buckets: 131072  Batches: 64  Memory Usage: 2425kB
                    ->  Seq Scan on title t  (cost=0.00..61283.27 rows=2528527 width=4) (actual time=0.033..815.047 rows=2528312 loops=1)
Planning time: 1.112 ms
Execution time: 59140.029 ms
