Seq Scan on movie_companies mc  (cost=0.00..57926.93 rows=275381 width=0) (actual time=3.637..755.414 rows=545429 loops=1)
  Filter: ((company_id > 72017) AND (company_type_id > 1))
  Rows Removed by Filter: 2063700
Planning time: 0.343 ms
Execution time: 827.132 ms
