Hash Join  (cost=153839.00..1285302.42 rows=9506719 width=0) (actual time=3174.672..32434.079 rows=13780479 loops=1)
  Hash Cond: (ci.movie_id = t.id)
  ->  Seq Scan on cast_info ci  (cost=0.00..614943.12 rows=36225612 width=4) (actual time=0.014..10399.113 rows=36244344 loops=1)
  ->  Hash  (cost=142951.45..142951.45 rows=663564 width=8) (actual time=3173.813..3173.813 rows=363807 loops=1)
        Buckets: 131072  Batches: 16  Memory Usage: 1922kB
        ->  Hash Join  (cost=93873.33..142951.45 rows=663564 width=8) (actual time=1858.431..3069.635 rows=363807 loops=1)
              Hash Cond: (mi_idx.movie_id = t.id)
              ->  Seq Scan on movie_info_idx mi_idx  (cost=0.00..21735.35 rows=1380035 width=4) (actual time=0.013..354.437 rows=1380035 loops=1)
              ->  Hash  (cost=73925.90..73925.90 rows=1215794 width=4) (actual time=1857.636..1857.636 rows=1301100 loops=1)
                    Buckets: 131072  Batches: 16  Memory Usage: 3892kB
                    ->  Seq Scan on title t  (cost=0.00..73925.90 rows=1215794 width=4) (actual time=0.026..1197.069 rows=1301100 loops=1)
                          Filter: ((production_year > 1976) AND (kind_id = 7))
                          Rows Removed by Filter: 1227212
Planning time: 1.052 ms
Execution time: 33912.946 ms
