Hash Join  (cost=79677.10..219036.58 rows=1115559 width=0) (actual time=1018.572..4542.582 rows=1540798 loops=1)
  Hash Cond: (mk.movie_id = t.id)
  ->  Seq Scan on movie_keyword mk  (cost=0.00..81003.12 rows=3833538 width=4) (actual time=0.018..1535.234 rows=3834778 loops=1)
        Filter: (keyword_id > 569)
        Rows Removed by Filter: 689152
  ->  Hash  (cost=67604.59..67604.59 rows=735801 width=4) (actual time=1017.347..1017.347 rows=730985 loops=1)
        Buckets: 131072  Batches: 16  Memory Usage: 2638kB
        ->  Seq Scan on title t  (cost=0.00..67604.59 rows=735801 width=4) (actual time=0.014..806.669 rows=730985 loops=1)
              Filter: (production_year < 1992)
              Rows Removed by Filter: 1797327
Planning time: 0.790 ms
Execution time: 4714.647 ms
