Hash Join  (cost=107924.17..214058.69 rows=669912 width=0) (actual time=2409.273..4073.964 rows=690507 loops=1)
  Hash Cond: (mk.movie_id = t.id)
  ->  Seq Scan on movie_keyword mk  (cost=0.00..81003.12 rows=689255 width=4) (actual time=0.018..927.508 rows=695031 loops=1)
        Filter: (keyword_id > 27122)
        Rows Removed by Filter: 3828899
  ->  Hash  (cost=67604.59..67604.59 rows=2457567 width=4) (actual time=2406.443..2406.443 rows=2452703 loops=1)
        Buckets: 131072  Batches: 64  Memory Usage: 2383kB
        ->  Seq Scan on title t  (cost=0.00..67604.59 rows=2457567 width=4) (actual time=0.025..1036.101 rows=2452703 loops=1)
              Filter: (production_year < 2014)
              Rows Removed by Filter: 75609
Planning time: 0.668 ms
Execution time: 4141.022 ms
