Hash Join  (cost=204295.12..630085.76 rows=648194 width=0) (actual time=4018.503..15581.961 rows=7850676 loops=1)
  Hash Cond: (mi.movie_id = t.id)
  ->  Seq Scan on movie_info mi  (cost=0.00..346232.03 rows=6231111 width=4) (actual time=74.907..6529.897 rows=6223494 loops=1)
        Filter: (info_type_id > 8)
        Rows Removed by Filter: 8612226
  ->  Hash  (cost=199979.24..199979.24 rows=263031 width=8) (actual time=3942.738..3942.738 rows=280114 loops=1)
        Buckets: 131072  Batches: 4  Memory Usage: 3797kB
        ->  Hash Join  (cost=102767.86..199979.24 rows=263031 width=8) (actual time=1978.824..3858.688 rows=280114 loops=1)
              Hash Cond: (mk.movie_id = t.id)
              ->  Seq Scan on movie_keyword mk  (cost=0.00..81003.12 rows=263031 width=4) (actual time=0.031..1276.960 rows=280114 loops=1)
                    Filter: (keyword_id < 232)
                    Rows Removed by Filter: 4243816
              ->  Hash  (cost=61283.27..61283.27 rows=2528527 width=4) (actual time=1975.816..1975.816 rows=2528312 loops=1)
                    Buckets: 131072  Batches: 64  Memory Usage: 2425kB
                    ->  Seq Scan on title t  (cost=0.00..61283.27 rows=2528527 width=4) (actual time=0.014..1067.047 rows=2528312 loops=1)
Planning time: 16.285 ms
Execution time: 16408.713 ms
