Hash Join  (cost=129728.77..975000.81 rows=164786 width=0) (actual time=2149.534..16332.087 rows=111789 loops=1)
  Hash Cond: (ci.movie_id = t.id)
  ->  Seq Scan on cast_info ci  (cost=0.00..796071.18 rows=12680801 width=4) (actual time=0.023..11534.498 rows=13864904 loops=1)
        Filter: ((person_id < 1426413) AND (role_id < 10))
        Rows Removed by Filter: 22379440
  ->  Hash  (cost=129318.05..129318.05 rows=32858 width=8) (actual time=2148.021..2148.021 rows=10256 loops=1)
        Buckets: 65536  Batches: 1  Memory Usage: 913kB
        ->  Hash Join  (cost=74323.94..129318.05 rows=32858 width=8) (actual time=1001.537..2143.725 rows=10256 loops=1)
              Hash Cond: (mc.movie_id = t.id)
              ->  Seq Scan on movie_companies mc  (cost=0.00..44881.29 rows=2609129 width=4) (actual time=0.018..469.919 rows=2609129 loops=1)
              ->  Hash  (cost=73925.90..73925.90 rows=31843 width=4) (actual time=1001.383..1001.383 rows=35656 loops=1)
                    Buckets: 65536 (originally 32768)  Batches: 1 (originally 1)  Memory Usage: 1766kB
                    ->  Seq Scan on title t  (cost=0.00..73925.90 rows=31843 width=4) (actual time=0.022..985.771 rows=35656 loops=1)
                          Filter: ((kind_id = 7) AND (production_year = 2000))
                          Rows Removed by Filter: 2492656
Planning time: 0.721 ms
Execution time: 16347.852 ms
