Nested Loop  (cost=0.43..709671.90 rows=500 width=0) (actual time=2338.416..9100.361 rows=15 loops=1)
  ->  Seq Scan on cast_info ci  (cost=0.00..705507.15 rows=500 width=4) (actual time=2338.247..9099.863 rows=15 loops=1)
        Filter: (person_id = 2725674)
        Rows Removed by Filter: 36244329
  ->  Index Only Scan using title_pkey on title t  (cost=0.43..8.32 rows=1 width=4) (actual time=0.024..0.024 rows=1 loops=15)
        Index Cond: (id = ci.movie_id)
        Heap Fetches: 15
Planning time: 0.653 ms
Execution time: 9100.447 ms
