Seq Scan on movie_companies mc  (cost=0.00..57926.93 rows=448890 width=0) (actual time=0.026..706.126 rows=134124 loops=1)
  Filter: ((company_id > 19907) AND (company_type_id < 2))
  Rows Removed by Filter: 2475005
Planning time: 0.369 ms
Execution time: 723.802 ms
