Hash Join  (cost=144524.50..221010.68 rows=346615 width=0) (actual time=2746.466..4435.297 rows=204699 loops=1)
  Hash Cond: (mc.movie_id = t.id)
  ->  Seq Scan on movie_companies mc  (cost=0.00..51404.11 rows=1694645 width=4) (actual time=0.018..924.803 rows=1695182 loops=1)
        Filter: (company_id > 3098)
        Rows Removed by Filter: 913947
  ->  Hash  (cost=136038.83..136038.83 rows=517174 width=8) (actual time=2745.401..2745.401 rows=290145 loops=1)
        Buckets: 131072  Batches: 8  Memory Usage: 2445kB
        ->  Hash Join  (cost=89472.60..136038.83 rows=517174 width=8) (actual time=1578.889..2652.961 rows=290145 loops=1)
              Hash Cond: (mi_idx.movie_id = t.id)
              ->  Seq Scan on movie_info_idx mi_idx  (cost=0.00..21735.35 rows=1380035 width=4) (actual time=0.022..387.828 rows=1380035 loops=1)
              ->  Hash  (cost=73925.90..73925.90 rows=947576 width=4) (actual time=1376.054..1376.054 rows=876037 loops=1)
                    Buckets: 131072  Batches: 16  Memory Usage: 2949kB
                    ->  Seq Scan on title t  (cost=0.00..73925.90 rows=947576 width=4) (actual time=0.041..1100.715 rows=876037 loops=1)
                          Filter: ((production_year < 2007) AND (kind_id = 7))
                          Rows Removed by Filter: 1652275
Planning time: 1.108 ms
Execution time: 4458.694 ms
