Seq Scan on movie_keyword mk  (cost=0.00..81003.12 rows=1292321 width=0) (actual time=0.028..1194.768 rows=1303766 loops=1)
  Filter: (keyword_id > 13491)
  Rows Removed by Filter: 3220164
Planning time: 0.316 ms
Execution time: 1364.099 ms
