Hash Join  (cost=171058.59..524082.56 rows=5126 width=0) (actual time=3906.821..6696.796 rows=6267 loops=1)
  Hash Cond: (mi.movie_id = t.id)
  ->  Seq Scan on movie_info mi  (cost=0.00..346232.03 rows=1348138 width=4) (actual time=1172.423..3786.854 rows=1298989 loops=1)
        Filter: (info_type_id = 4)
        Rows Removed by Filter: 13536731
  ->  Hash  (cost=170938.43..170938.43 rows=9613 width=8) (actual time=2733.750..2733.750 rows=5539 loops=1)
        Buckets: 16384  Batches: 1  Memory Usage: 345kB
        ->  Hash Join  (cost=73997.83..170938.43 rows=9613 width=8) (actual time=1970.072..2731.899 rows=5539 loops=1)
              Hash Cond: (mk.movie_id = t.id)
              ->  Seq Scan on movie_keyword mk  (cost=0.00..81003.12 rows=4224359 width=4) (actual time=0.028..1324.045 rows=4205019 loops=1)
                    Filter: (keyword_id > 250)
                    Rows Removed by Filter: 318911
              ->  Hash  (cost=73925.90..73925.90 rows=5754 width=4) (actual time=784.918..784.918 rows=5353 loops=1)
                    Buckets: 8192  Batches: 1  Memory Usage: 253kB
                    ->  Seq Scan on title t  (cost=0.00..73925.90 rows=5754 width=4) (actual time=0.113..782.281 rows=5353 loops=1)
                          Filter: ((kind_id = 2) AND (production_year = 2011))
                          Rows Removed by Filter: 2522959
Planning time: 1.077 ms
Execution time: 6697.792 ms
