Hash Join  (cost=67612.84..940799.43 rows=5364 width=0) (actual time=787.299..17767.049 rows=27654 loops=1)
  Hash Cond: (ci.movie_id = t.id)
  ->  Seq Scan on cast_info ci  (cost=0.00..796071.18 rows=20549805 width=4) (actual time=0.032..13908.135 rows=18996730 loops=1)
        Filter: ((person_id < 3227615) AND (role_id > 1))
        Rows Removed by Filter: 17247614
  ->  Hash  (cost=67604.59..67604.59 rows=660 width=4) (actual time=787.127..787.127 rows=3515 loops=1)
        Buckets: 4096 (originally 1024)  Batches: 1 (originally 1)  Memory Usage: 156kB
        ->  Seq Scan on title t  (cost=0.00..67604.59 rows=660 width=4) (actual time=6.674..785.363 rows=3515 loops=1)
              Filter: (production_year > 2013)
              Rows Removed by Filter: 2524797
Planning time: 0.701 ms
Execution time: 17773.408 ms
