Hash Join  (cost=67697.55..415719.57 rows=1393 width=0) (actual time=2261.244..5578.251 rows=6300 loops=1)
  Hash Cond: (mi.movie_id = t.id)
  ->  Seq Scan on movie_info mi  (cost=0.00..346232.03 rows=473617 width=4) (actual time=1291.530..4511.382 rows=486554 loops=1)
        Filter: (info_type_id = 5)
        Rows Removed by Filter: 14349166
  ->  Hash  (cost=67604.59..67604.59 rows=7437 width=4) (actual time=968.778..968.778 rows=23040 loops=1)
        Buckets: 32768 (originally 8192)  Batches: 1 (originally 1)  Memory Usage: 1066kB
        ->  Seq Scan on title t  (cost=0.00..67604.59 rows=7437 width=4) (actual time=0.046..958.271 rows=23040 loops=1)
              Filter: (production_year = 1990)
              Rows Removed by Filter: 2505272
Planning time: 0.697 ms
Execution time: 5579.558 ms
