Hash Join  (cost=81573.24..123630.67 rows=254395 width=0) (actual time=1433.531..2683.513 rows=350758 loops=1)
  Hash Cond: (mi_idx.movie_id = t.id)
  ->  Seq Scan on movie_info_idx mi_idx  (cost=0.00..21735.35 rows=1380035 width=4) (actual time=0.024..458.307 rows=1380035 loops=1)
  ->  Hash  (cost=73925.90..73925.90 rows=466107 width=4) (actual time=1432.703..1432.703 rows=396359 loops=1)
        Buckets: 131072  Batches: 8  Memory Usage: 2762kB
        ->  Seq Scan on title t  (cost=0.00..73925.90 rows=466107 width=4) (actual time=0.014..1308.479 rows=396359 loops=1)
              Filter: ((kind_id < 7) AND (production_year > 2003))
              Rows Removed by Filter: 2131953
Planning time: 0.786 ms
Execution time: 2729.997 ms
