Hash Join  (cost=124067.41..1194797.85 rows=3594623 width=0) (actual time=2360.272..30353.087 rows=7689673 loops=1)
  Hash Cond: (ci.movie_id = t.id)
  ->  Seq Scan on cast_info ci  (cost=0.00..614943.12 rows=36225612 width=4) (actual time=0.029..10722.193 rows=36244344 loops=1)
  ->  Hash  (cost=119950.12..119950.12 rows=250903 width=8) (actual time=2359.543..2359.543 rows=301589 loops=1)
        Buckets: 131072  Batches: 4  Memory Usage: 3978kB
        ->  Hash Join  (cost=78930.19..119950.12 rows=250903 width=8) (actual time=1218.593..2263.399 rows=301589 loops=1)
              Hash Cond: (mi_idx.movie_id = t.id)
              ->  Seq Scan on movie_info_idx mi_idx  (cost=0.00..25185.44 rows=919057 width=4) (actual time=0.024..442.995 rows=920110 loops=1)
                    Filter: (info_type_id > 99)
                    Rows Removed by Filter: 459925
              ->  Hash  (cost=67604.59..67604.59 rows=690288 width=4) (actual time=1217.777..1217.777 rows=684146 loops=1)
                    Buckets: 131072  Batches: 16  Memory Usage: 2525kB
                    ->  Seq Scan on title t  (cost=0.00..67604.59 rows=690288 width=4) (actual time=0.018..1002.123 rows=684146 loops=1)
                          Filter: (production_year < 1990)
                          Rows Removed by Filter: 1844166
Planning time: 1.097 ms
Execution time: 31200.393 ms
