Hash Join  (cost=168162.63..305277.69 rows=815861 width=0) (actual time=3337.978..8269.483 rows=6910983 loops=1)
  Hash Cond: (mk.movie_id = t.id)
  ->  Seq Scan on movie_keyword mk  (cost=0.00..81003.12 rows=3971819 width=4) (actual time=0.021..1460.480 rows=3972207 loops=1)
        Filter: (keyword_id > 394)
        Rows Removed by Filter: 551723
  ->  Hash  (cost=159641.24..159641.24 rows=519391 width=8) (actual time=3336.110..3336.110 rows=934414 loops=1)
        Buckets: 131072 (originally 131072)  Batches: 16 (originally 8)  Memory Usage: 3333kB
        ->  Hash Join  (cost=83810.17..159641.24 rows=519391 width=8) (actual time=1521.980..3086.706 rows=934414 loops=1)
              Hash Cond: (mc.movie_id = t.id)
              ->  Seq Scan on movie_companies mc  (cost=0.00..51404.11 rows=1329612 width=4) (actual time=305.400..813.434 rows=1334883 loops=1)
                    Filter: (company_type_id > 1)
                    Rows Removed by Filter: 1274246
              ->  Hash  (cost=67604.59..67604.59 rows=987727 width=4) (actual time=1215.753..1215.753 rows=985048 loops=1)
                    Buckets: 131072  Batches: 16  Memory Usage: 3188kB
                    ->  Seq Scan on title t  (cost=0.00..67604.59 rows=987727 width=4) (actual time=0.026..896.145 rows=985048 loops=1)
                          Filter: (kind_id < 7)
                          Rows Removed by Filter: 1543264
Planning time: 1.078 ms
Execution time: 9052.736 ms
