Seq Scan on movie_keyword mk  (cost=0.00..81003.12 rows=246 width=0) (actual time=0.138..1040.820 rows=56 loops=1)
  Filter: (keyword_id = 22372)
  Rows Removed by Filter: 4523874
Planning time: 0.336 ms
Execution time: 1040.963 ms
