Hash Join  (cost=215833.08..1091444.83 rows=5026113 width=0) (actual time=4349.867..22488.776 rows=13149361 loops=1)
  Hash Cond: (ci.movie_id = t.id)
  ->  Seq Scan on cast_info ci  (cost=0.00..705507.15 rows=9932390 width=4) (actual time=83.758..10178.556 rows=9729441 loops=1)
        Filter: (person_id < 956224)
        Rows Removed by Filter: 26514903
  ->  Hash  (cost=194840.12..194840.12 rows=1279517 width=8) (actual time=4264.552..4264.552 rows=1274246 loops=1)
        Buckets: 131072  Batches: 32  Memory Usage: 2553kB
        ->  Hash Join  (cost=102767.86..194840.12 rows=1279517 width=8) (actual time=1710.357..3885.034 rows=1274246 loops=1)
              Hash Cond: (mc.movie_id = t.id)
              ->  Seq Scan on movie_companies mc  (cost=0.00..51404.11 rows=1279517 width=4) (actual time=20.108..784.415 rows=1274246 loops=1)
                    Filter: (company_type_id < 2)
                    Rows Removed by Filter: 1334883
              ->  Hash  (cost=61283.27..61283.27 rows=2528527 width=4) (actual time=1688.966..1688.966 rows=2528312 loops=1)
                    Buckets: 131072  Batches: 64  Memory Usage: 2415kB
                    ->  Seq Scan on title t  (cost=0.00..61283.27 rows=2528527 width=4) (actual time=0.020..841.013 rows=2528312 loops=1)
Planning time: 1.144 ms
Execution time: 23873.858 ms
