Seq Scan on movie_companies mc  (cost=0.00..51404.11 rows=1269086 width=0) (actual time=59.875..809.325 rows=1279125 loops=1)
  Filter: (company_id > 11387)
  Rows Removed by Filter: 1330004
Planning time: 0.313 ms
Execution time: 982.027 ms
