Seq Scan on movie_companies mc  (cost=0.00..57926.93 rows=120029 width=0) (actual time=363.999..712.397 rows=54390 loops=1)
  Filter: ((company_id < 93) AND (company_type_id > 1))
  Rows Removed by Filter: 2554739
Planning time: 0.313 ms
Execution time: 720.151 ms
