Hash Join  (cost=156285.35..1049063.90 rows=987941 width=0) (actual time=6228.685..15936.486 rows=1655932 loops=1)
  Hash Cond: (ci.movie_id = t.id)
  ->  Seq Scan on cast_info ci  (cost=0.00..796071.18 rows=7395191 width=4) (actual time=2961.865..11202.066 rows=1828896 loops=1)
        Filter: ((person_id > 1485137) AND (role_id < 2))
        Rows Removed by Filter: 34415448
  ->  Hash  (cost=150742.95..150742.95 rows=337792 width=8) (actual time=3265.794..3265.794 rows=667070 loops=1)
        Buckets: 131072 (originally 131072)  Batches: 16 (originally 8)  Memory Usage: 3073kB
        ->  Hash Join  (cost=78556.72..150742.95 rows=337792 width=8) (actual time=1065.480..3025.627 rows=667070 loops=1)
              Hash Cond: (mc.movie_id = t.id)
              ->  Seq Scan on movie_companies mc  (cost=0.00..51404.11 rows=1279517 width=4) (actual time=0.043..832.304 rows=1274246 loops=1)
                    Filter: (company_type_id < 2)
                    Rows Removed by Filter: 1334883
              ->  Hash  (cost=67604.59..67604.59 rows=667531 width=4) (actual time=1064.507..1064.507 rows=662825 loops=1)
                    Buckets: 131072  Batches: 16  Memory Usage: 2476kB
                    ->  Seq Scan on title t  (cost=0.00..67604.59 rows=667531 width=4) (actual time=0.021..859.541 rows=662825 loops=1)
                          Filter: (kind_id < 2)
                          Rows Removed by Filter: 1865487
Planning time: 1.323 ms
Execution time: 16138.585 ms
