Hash Join  (cost=83074.74..447745.01 rows=1434 width=0) (actual time=1395.595..8785.723 rows=666 loops=1)
  Hash Cond: (mi.movie_id = t.id)
  ->  Seq Scan on movie_info mi  (cost=0.00..309384.22 rows=14739122 width=4) (actual time=0.017..4722.218 rows=14835720 loops=1)
  ->  Hash  (cost=83071.67..83071.67 rows=246 width=8) (actual time=1377.202..1377.202 rows=14 loops=1)
        Buckets: 1024  Batches: 1  Memory Usage: 9kB
        ->  Nested Loop  (cost=0.43..83071.67 rows=246 width=8) (actual time=165.474..1377.171 rows=14 loops=1)
              ->  Seq Scan on movie_keyword mk  (cost=0.00..81003.12 rows=246 width=4) (actual time=165.401..1376.405 rows=14 loops=1)
                    Filter: (keyword_id = 21610)
                    Rows Removed by Filter: 4523916
              ->  Index Only Scan using title_pkey on title t  (cost=0.43..8.40 rows=1 width=4) (actual time=0.046..0.047 rows=1 loops=14)
                    Index Cond: (id = mk.movie_id)
                    Heap Fetches: 14
Planning time: 1.129 ms
Execution time: 8786.021 ms
