Hash Join  (cost=126708.52..621265.07 rows=1382364 width=0) (actual time=2847.372..13886.750 rows=1226037 loops=1)
  Hash Cond: (mi.movie_id = t.id)
  ->  Seq Scan on movie_info mi  (cost=0.00..309384.22 rows=14739122 width=4) (actual time=0.026..4572.925 rows=14835720 loops=1)
  ->  Hash  (cost=122817.18..122817.18 rows=237147 width=8) (actual time=2844.449..2844.449 rows=116088 loops=1)
        Buckets: 131072  Batches: 4  Memory Usage: 2178kB
        ->  Hash Join  (cost=81055.23..122817.18 rows=237147 width=8) (actual time=1883.196..2805.994 rows=116088 loops=1)
              Hash Cond: (mi_idx.movie_id = t.id)
              ->  Seq Scan on movie_info_idx mi_idx  (cost=0.00..21735.35 rows=1380035 width=4) (actual time=0.018..369.143 rows=1380035 loops=1)
              ->  Hash  (cost=73925.90..73925.90 rows=434506 width=4) (actual time=1791.113..1791.113 rows=315167 loops=1)
                    Buckets: 131072  Batches: 8  Memory Usage: 2397kB
                    ->  Seq Scan on title t  (cost=0.00..73925.90 rows=434506 width=4) (actual time=0.020..888.997 rows=315167 loops=1)
                          Filter: ((production_year < 1991) AND (kind_id = 7))
                          Rows Removed by Filter: 2213145
Planning time: 1.106 ms
Execution time: 14026.730 ms
