Hash Join  (cost=79787.22..1166165.17 rows=5117879 width=0) (actual time=1380.166..33603.214 rows=6423087 loops=1)
  Hash Cond: (ci.movie_id = t.id)
  ->  Seq Scan on cast_info ci  (cost=0.00..614943.12 rows=36225612 width=4) (actual time=0.016..13446.965 rows=36244344 loops=1)
  ->  Hash  (cost=73925.90..73925.90 rows=357225 width=4) (actual time=1378.797..1378.797 rows=464405 loops=1)
        Buckets: 131072  Batches: 8  Memory Usage: 3075kB
        ->  Seq Scan on title t  (cost=0.00..73925.90 rows=357225 width=4) (actual time=0.022..1232.543 rows=464405 loops=1)
              Filter: ((kind_id < 6) AND (production_year < 1998))
              Rows Removed by Filter: 2063907
Planning time: 1.521 ms
Execution time: 34327.212 ms
