Hash Join  (cost=52284.26..416940.42 rows=23 width=0) (actual time=1330.225..6337.718 rows=235 loops=1)
  Hash Cond: (mi.movie_id = t.id)
  ->  Seq Scan on movie_info mi  (cost=0.00..309384.22 rows=14739122 width=4) (actual time=0.015..3043.981 rows=14835720 loops=1)
  ->  Hash  (cost=52284.21..52284.21 rows=4 width=8) (actual time=632.336..632.336 rows=23 loops=1)
        Buckets: 1024  Batches: 1  Memory Usage: 9kB
        ->  Nested Loop  (cost=0.43..52284.21 rows=4 width=8) (actual time=363.676..632.304 rows=23 loops=1)
              ->  Seq Scan on movie_companies mc  (cost=0.00..51404.11 rows=104 width=4) (actual time=0.121..607.800 rows=1650 loops=1)
                    Filter: (company_id = 12)
                    Rows Removed by Filter: 2607479
              ->  Index Scan using title_pkey on title t  (cost=0.43..8.45 rows=1 width=4) (actual time=0.014..0.014 rows=0 loops=1650)
                    Index Cond: (id = mc.movie_id)
                    Filter: ((kind_id = 7) AND (production_year = 2011))
                    Rows Removed by Filter: 1
Planning time: 1.239 ms
Execution time: 6337.976 ms
