Seq Scan on movie_companies mc  (cost=0.00..51404.11 rows=1245708 width=0) (actual time=0.024..766.592 rows=1260575 loops=1)
  Filter: (company_id > 11574)
  Rows Removed by Filter: 1348554
Planning time: 0.315 ms
Execution time: 930.566 ms
