Hash Join  (cost=83074.80..447742.44 rows=1171 width=0) (actual time=1079.954..7064.920 rows=99381 loops=1)
  Hash Cond: (mi.movie_id = t.id)
  ->  Seq Scan on movie_info mi  (cost=0.00..309384.22 rows=14739122 width=4) (actual time=0.022..3114.019 rows=14835720 loops=1)
  ->  Hash  (cost=83072.29..83072.29 rows=201 width=8) (actual time=1079.837..1079.837 rows=720 loops=1)
        Buckets: 1024  Batches: 1  Memory Usage: 37kB
        ->  Nested Loop  (cost=0.43..83072.29 rows=201 width=8) (actual time=2.829..1079.315 rows=720 loops=1)
              ->  Seq Scan on movie_keyword mk  (cost=0.00..81003.12 rows=246 width=4) (actual time=2.788..1063.038 rows=809 loops=1)
                    Filter: (keyword_id = 8449)
                    Rows Removed by Filter: 4523121
              ->  Index Scan using title_pkey on title t  (cost=0.43..8.40 rows=1 width=4) (actual time=0.018..0.019 rows=1 loops=809)
                    Index Cond: (id = mk.movie_id)
                    Filter: (production_year < 2011)
                    Rows Removed by Filter: 0
Planning time: 1.056 ms
Execution time: 7079.341 ms
