Hash Join  (cost=83074.74..833899.15 rows=3524 width=0) (actual time=1058.459..13615.294 rows=77016 loops=1)
  Hash Cond: (ci.movie_id = t.id)
  ->  Seq Scan on cast_info ci  (cost=0.00..614943.12 rows=36225612 width=4) (actual time=0.017..5735.094 rows=36244344 loops=1)
  ->  Hash  (cost=83071.67..83071.67 rows=246 width=8) (actual time=1058.014..1058.014 rows=1545 loops=1)
        Buckets: 2048 (originally 1024)  Batches: 1 (originally 1)  Memory Usage: 77kB
        ->  Nested Loop  (cost=0.43..83071.67 rows=246 width=8) (actual time=0.718..1057.005 rows=1545 loops=1)
              ->  Seq Scan on movie_keyword mk  (cost=0.00..81003.12 rows=246 width=4) (actual time=0.684..1026.939 rows=1545 loops=1)
                    Filter: (keyword_id = 4853)
                    Rows Removed by Filter: 4522385
              ->  Index Only Scan using title_pkey on title t  (cost=0.43..8.40 rows=1 width=4) (actual time=0.018..0.018 rows=1 loops=1545)
                    Index Cond: (id = mk.movie_id)
                    Heap Fetches: 1545
Planning time: 0.764 ms
Execution time: 13630.783 ms
