Seq Scan on movie_companies mc  (cost=0.00..57926.93 rows=147435 width=0) (actual time=323.794..655.246 rows=293910 loops=1)
  Filter: ((company_id > 94773) AND (company_type_id = 2))
  Rows Removed by Filter: 2315219
Planning time: 0.349 ms
Execution time: 688.418 ms
