Seq Scan on movie_keyword mk  (cost=0.00..81003.12 rows=1866657 width=0) (actual time=0.024..1212.476 rows=1874259 loops=1)
  Filter: (keyword_id > 7334)
  Rows Removed by Filter: 2649671
Planning time: 0.272 ms
Execution time: 1451.848 ms
