Hash Join  (cost=114149.46..211104.69 rows=68211 width=0) (actual time=1854.332..3890.805 rows=73455 loops=1)
  Hash Cond: (mk.movie_id = t.id)
  ->  Seq Scan on movie_keyword mk  (cost=0.00..81003.12 rows=4071999 width=4) (actual time=0.017..1401.389 rows=4058790 loops=1)
        Filter: (keyword_id > 353)
        Rows Removed by Filter: 465140
  ->  Hash  (cost=113620.01..113620.01 rows=42356 width=8) (actual time=1853.903..1853.903 rows=20619 loops=1)
        Buckets: 65536  Batches: 1  Memory Usage: 1318kB
        ->  Hash Join  (cost=75199.97..113620.01 rows=42356 width=8) (actual time=998.582..1846.904 rows=20619 loops=1)
              Hash Cond: (mi_idx.movie_id = t.id)
              ->  Seq Scan on movie_info_idx mi_idx  (cost=0.00..21735.35 rows=1380035 width=4) (actual time=1.937..385.446 rows=1380035 loops=1)
              ->  Hash  (cost=73925.90..73925.90 rows=77605 width=4) (actual time=995.309..995.309 rows=84684 loops=1)
                    Buckets: 131072  Batches: 2  Memory Usage: 2512kB
                    ->  Seq Scan on title t  (cost=0.00..73925.90 rows=77605 width=4) (actual time=53.644..963.199 rows=84684 loops=1)
                          Filter: ((kind_id = 7) AND (production_year = 2009))
                          Rows Removed by Filter: 2443628
Planning time: 1.229 ms
Execution time: 3900.297 ms
