Hash Join  (cost=100888.25..951061.73 rows=3020 width=0) (actual time=1330.473..18732.844 rows=67489 loops=1)
  Hash Cond: (ci.movie_id = t.id)
  ->  Seq Scan on cast_info ci  (cost=0.00..796071.18 rows=14419221 width=4) (actual time=0.014..14057.315 rows=20103878 loops=1)
        Filter: ((person_id < 2698821) AND (role_id < 3))
        Rows Removed by Filter: 16140466
  ->  Hash  (cost=100881.62..100881.62 rows=530 width=8) (actual time=1330.349..1330.349 rows=3831 loops=1)
        Buckets: 4096 (originally 1024)  Batches: 1 (originally 1)  Memory Usage: 182kB
        ->  Hash Join  (cost=73962.22..100881.62 rows=530 width=8) (actual time=869.505..1328.587 rows=3831 loops=1)
              Hash Cond: (mi_idx.movie_id = t.id)
              ->  Seq Scan on movie_info_idx mi_idx  (cost=0.00..25185.44 rows=460978 width=4) (actual time=0.018..372.027 rows=459925 loops=1)
                    Filter: (info_type_id < 100)
                    Rows Removed by Filter: 920110
              ->  Hash  (cost=73925.90..73925.90 rows=2905 width=4) (actual time=867.871..867.871 rows=8669 loops=1)
                    Buckets: 16384 (originally 4096)  Batches: 1 (originally 1)  Memory Usage: 433kB
                    ->  Seq Scan on title t  (cost=0.00..73925.90 rows=2905 width=4) (actual time=0.114..864.016 rows=8669 loops=1)
                          Filter: ((kind_id < 7) AND (production_year = 1989))
                          Rows Removed by Filter: 2519643
Planning time: 1.223 ms
Execution time: 18746.710 ms
