Hash Join  (cost=247612.23..1630588.77 rows=29582535 width=0) (actual time=6065.109..50814.445 rows=66022250 loops=1)
  Hash Cond: (ci.movie_id = t.id)
  ->  Seq Scan on cast_info ci  (cost=0.00..614943.12 rows=36225612 width=4) (actual time=0.025..10420.952 rows=36244344 loops=1)
  ->  Hash  (cost=213735.68..213735.68 rows=2064844 width=8) (actual time=6064.307..6064.307 rows=2060543 loops=1)
        Buckets: 131072  Batches: 32  Memory Usage: 3500kB
        ->  Hash Join  (cost=102767.86..213735.68 rows=2064844 width=8) (actual time=2343.624..5460.078 rows=2060543 loops=1)
              Hash Cond: (mc.movie_id = t.id)
              ->  Seq Scan on movie_companies mc  (cost=0.00..51404.11 rows=2064844 width=4) (actual time=0.016..933.104 rows=2060543 loops=1)
                    Filter: (company_id < 71909)
                    Rows Removed by Filter: 548586
              ->  Hash  (cost=61283.27..61283.27 rows=2528527 width=4) (actual time=2342.351..2342.351 rows=2528312 loops=1)
                    Buckets: 131072  Batches: 64  Memory Usage: 2415kB
                    ->  Seq Scan on title t  (cost=0.00..61283.27 rows=2528527 width=4) (actual time=0.012..817.944 rows=2528312 loops=1)
Planning time: 1.098 ms
Execution time: 57450.344 ms
