Hash Join  (cost=100972.04..155668.40 rows=3083 width=0) (actual time=1552.467..2455.748 rows=17457 loops=1)
  Hash Cond: (mc.movie_id = t.id)
  ->  Seq Scan on movie_companies mc  (cost=0.00..44881.29 rows=2609129 width=4) (actual time=0.020..434.765 rows=2609129 loops=1)
  ->  Hash  (cost=100934.69..100934.69 rows=2988 width=8) (actual time=1548.544..1548.544 rows=8205 loops=1)
        Buckets: 16384 (originally 4096)  Batches: 1 (originally 1)  Memory Usage: 449kB
        ->  Hash Join  (cost=73994.33..100934.69 rows=2988 width=8) (actual time=992.133..1544.164 rows=8205 loops=1)
              Hash Cond: (mi_idx.movie_id = t.id)
              ->  Seq Scan on movie_info_idx mi_idx  (cost=0.00..21735.35 rows=1380035 width=4) (actual time=0.030..248.031 rows=1380035 loops=1)
              ->  Hash  (cost=73925.90..73925.90 rows=5474 width=4) (actual time=991.803..991.803 rows=15001 loops=1)
                    Buckets: 16384 (originally 8192)  Batches: 1 (originally 1)  Memory Usage: 656kB
                    ->  Seq Scan on title t  (cost=0.00..73925.90 rows=5474 width=4) (actual time=0.021..984.903 rows=15001 loops=1)
                          Filter: ((kind_id > 1) AND (production_year = 1988))
                          Rows Removed by Filter: 2513311
Planning time: 1.139 ms
Execution time: 2458.242 ms
