Hash Join  (cost=797960.46..852628.29 rows=231 width=0) (actual time=12191.070..12584.147 rows=5 loops=1)
  Hash Cond: (mc.movie_id = t.id)
  ->  Seq Scan on movie_companies mc  (cost=0.00..44881.29 rows=2609129 width=4) (actual time=0.024..497.712 rows=2609129 loops=1)
  ->  Hash  (cost=797957.66..797957.66 rows=224 width=8) (actual time=11615.343..11615.343 rows=19 loops=1)
        Buckets: 1024  Batches: 1  Memory Usage: 9kB
        ->  Nested Loop  (cost=0.43..797957.66 rows=224 width=8) (actual time=3400.480..11615.327 rows=19 loops=1)
              ->  Seq Scan on cast_info ci  (cost=0.00..796071.18 rows=224 width=4) (actual time=3400.364..11614.943 rows=19 loops=1)
                    Filter: ((role_id > 2) AND (person_id = 2834745))
                    Rows Removed by Filter: 36244325
              ->  Index Only Scan using title_pkey on title t  (cost=0.43..8.41 rows=1 width=4) (actual time=0.017..0.017 rows=1 loops=19)
                    Index Cond: (id = ci.movie_id)
                    Heap Fetches: 19
Planning time: 1.186 ms
Execution time: 12584.290 ms
