Seq Scan on movie_companies mc  (cost=0.00..57926.93 rows=766492 width=0) (actual time=365.084..930.470 rows=1054857 loops=1)
  Filter: ((company_id < 14827) AND (company_type_id < 2))
  Rows Removed by Filter: 1554272
Planning time: 0.341 ms
Execution time: 1066.317 ms
