Hash Join  (cost=298395.90..951999.35 rows=14561459 width=0) (actual time=5724.960..17765.642 rows=6195498 loops=1)
  Hash Cond: (mi.movie_id = t.id)
  ->  Seq Scan on movie_info mi  (cost=0.00..309384.22 rows=14739122 width=4) (actual time=0.011..4580.209 rows=14835720 loops=1)
  ->  Hash  (cost=257411.29..257411.29 rows=2498049 width=8) (actual time=5470.841..5470.841 rows=592370 loops=1)
        Buckets: 131072  Batches: 64  Memory Usage: 1376kB
        ->  Hash Join  (cost=92883.59..257411.29 rows=2498049 width=8) (actual time=3621.356..5284.794 rows=592370 loops=1)
              Hash Cond: (mk.movie_id = t.id)
              ->  Seq Scan on movie_keyword mk  (cost=0.00..81003.12 rows=4099418 width=4) (actual time=0.013..1462.326 rows=4087742 loops=1)
                    Filter: (keyword_id > 335)
                    Rows Removed by Filter: 436188
              ->  Hash  (cost=67604.59..67604.59 rows=1540800 width=4) (actual time=1419.555..1419.555 rows=1543264 loops=1)
                    Buckets: 131072  Batches: 32  Memory Usage: 2728kB
                    ->  Seq Scan on title t  (cost=0.00..67604.59 rows=1540800 width=4) (actual time=97.277..920.659 rows=1543264 loops=1)
                          Filter: (kind_id = 7)
                          Rows Removed by Filter: 985048
Planning time: 1.138 ms
Execution time: 18328.752 ms
