Hash Join  (cost=284770.80..1275451.66 rows=11332342 width=0) (actual time=12122.710..36376.274 rows=39969725 loops=1)
  Hash Cond: (ci.movie_id = t.id)
  ->  Seq Scan on cast_info ci  (cost=0.00..705507.15 rows=12726058 width=4) (actual time=5995.843..15022.974 rows=12670688 loops=1)
        Filter: (role_id = 1)
        Rows Removed by Filter: 23573656
  ->  Hash  (cost=247829.66..247829.66 rows=2251611 width=8) (actual time=6125.826..6125.826 rows=2250534 loops=1)
        Buckets: 131072  Batches: 32  Memory Usage: 3753kB
        ->  Hash Join  (cost=102767.86..247829.66 rows=2251611 width=8) (actual time=1983.083..5560.262 rows=2250534 loops=1)
              Hash Cond: (mk.movie_id = t.id)
              ->  Seq Scan on movie_keyword mk  (cost=0.00..81003.12 rows=2251611 width=4) (actual time=0.034..1688.539 rows=2250534 loops=1)
                    Filter: (keyword_id > 4785)
                    Rows Removed by Filter: 2273396
              ->  Hash  (cost=61283.27..61283.27 rows=2528527 width=4) (actual time=1978.800..1978.800 rows=2528312 loops=1)
                    Buckets: 131072  Batches: 64  Memory Usage: 2425kB
                    ->  Seq Scan on title t  (cost=0.00..61283.27 rows=2528527 width=4) (actual time=0.016..1130.675 rows=2528312 loops=1)
Planning time: 1.199 ms
Execution time: 40493.517 ms
