Seq Scan on cast_info ci  (cost=0.00..796071.18 rows=7705747 width=0) (actual time=6041.228..11922.482 rows=12670688 loops=1)
  Filter: ((person_id < 2216891) AND (role_id = 1))
  Rows Removed by Filter: 23573656
Planning time: 0.373 ms
Execution time: 13388.112 ms
