Hash Join  (cost=100908.38..155590.28 rows=1636 width=0) (actual time=1446.392..2448.057 rows=14288 loops=1)
  Hash Cond: (mc.movie_id = t.id)
  ->  Seq Scan on movie_companies mc  (cost=0.00..44881.29 rows=2609129 width=4) (actual time=0.011..482.018 rows=2609129 loops=1)
  ->  Hash  (cost=100888.56..100888.56 rows=1586 width=8) (actual time=1445.443..1445.443 rows=4223 loops=1)
        Buckets: 8192 (originally 2048)  Batches: 1 (originally 1)  Memory Usage: 229kB
        ->  Hash Join  (cost=73962.22..100888.56 rows=1586 width=8) (actual time=925.133..1443.669 rows=4223 loops=1)
              Hash Cond: (mi_idx.movie_id = t.id)
              ->  Seq Scan on movie_info_idx mi_idx  (cost=0.00..21735.35 rows=1380035 width=4) (actual time=0.013..238.600 rows=1380035 loops=1)
              ->  Hash  (cost=73925.90..73925.90 rows=2905 width=4) (actual time=925.085..925.085 rows=4122 loops=1)
                    Buckets: 8192 (originally 4096)  Batches: 1 (originally 1)  Memory Usage: 209kB
                    ->  Seq Scan on title t  (cost=0.00..73925.90 rows=2905 width=4) (actual time=0.106..922.994 rows=4122 loops=1)
                          Filter: ((kind_id < 7) AND (production_year = 1960))
                          Rows Removed by Filter: 2524190
Planning time: 1.121 ms
Execution time: 2450.405 ms
