Seq Scan on movie_keyword mk  (cost=0.00..81003.12 rows=3702221 width=0) (actual time=0.036..1535.600 rows=3692860 loops=1)
  Filter: (keyword_id < 22164)
  Rows Removed by Filter: 831070
Planning time: 0.328 ms
Execution time: 1984.578 ms
