Seq Scan on cast_info ci  (cost=0.00..796071.18 rows=732428 width=0) (actual time=1451.684..8327.754 rows=705894 loops=1)
  Filter: ((person_id < 79247) AND (role_id < 9))
  Rows Removed by Filter: 35538450
Planning time: 0.349 ms
Execution time: 8410.164 ms
