Hash Join  (cost=228180.94..394743.07 rows=3193318 width=0) (actual time=5639.753..14144.232 rows=22182575 loops=1)
  Hash Cond: (mk.movie_id = t.id)
  ->  Seq Scan on movie_keyword mk  (cost=0.00..69693.30 rows=4523930 width=4) (actual time=0.023..1163.811 rows=4523930 loops=1)
  ->  Hash  (cost=198898.71..198898.71 rows=1784818 width=8) (actual time=5635.611..5635.611 rows=1483200 loops=1)
        Buckets: 131072  Batches: 32  Memory Usage: 2886kB
        ->  Hash Join  (cost=95982.60..198898.71 rows=1784818 width=8) (actual time=2315.829..5184.272 rows=1483200 loops=1)
              Hash Cond: (mc.movie_id = t.id)
              ->  Seq Scan on movie_companies mc  (cost=0.00..44881.29 rows=2609129 width=4) (actual time=0.019..756.721 rows=2609129 loops=1)
              ->  Hash  (cost=67604.59..67604.59 rows=1729681 width=4) (actual time=2314.354..2314.354 rows=1725233 loops=1)
                    Buckets: 131072  Batches: 32  Memory Usage: 2923kB
                    ->  Seq Scan on title t  (cost=0.00..67604.59 rows=1729681 width=4) (actual time=0.018..1060.247 rows=1725233 loops=1)
                          Filter: (production_year > 1991)
                          Rows Removed by Filter: 803079
Planning time: 1.133 ms
Execution time: 16517.340 ms
