Hash Join  (cost=456810.71..1376712.20 rows=6706 width=0) (actual time=6742.164..22005.039 rows=20059 loops=1)
  Hash Cond: (ci.movie_id = t.id)
  ->  Seq Scan on cast_info ci  (cost=0.00..796071.18 rows=16501772 width=4) (actual time=0.020..12589.890 rows=18053858 loops=1)
        Filter: ((person_id < 1878412) AND (role_id < 10))
        Rows Removed by Filter: 18190486
  ->  Hash  (cost=456797.87..456797.87 rows=1027 width=8) (actual time=6735.973..6735.973 rows=2901 loops=1)
        Buckets: 4096 (originally 2048)  Batches: 1 (originally 1)  Memory Usage: 146kB
        ->  Hash Join  (cost=73929.23..456797.87 rows=1027 width=8) (actual time=1147.889..6734.346 rows=2901 loops=1)
              Hash Cond: (mi.movie_id = t.id)
              ->  Seq Scan on movie_info mi  (cost=0.00..346232.03 rows=9767026 width=4) (actual time=0.027..4588.318 rows=9911754 loops=1)
                    Filter: (info_type_id > 4)
                    Rows Removed by Filter: 4923966
              ->  Hash  (cost=73925.90..73925.90 rows=266 width=4) (actual time=792.134..792.134 rows=683 loops=1)
                    Buckets: 1024  Batches: 1  Memory Usage: 33kB
                    ->  Seq Scan on title t  (cost=0.00..73925.90 rows=266 width=4) (actual time=0.387..791.695 rows=683 loops=1)
                          Filter: ((kind_id = 2) AND (production_year = 1977))
                          Rows Removed by Filter: 2527629
Planning time: 1.122 ms
Execution time: 22008.680 ms
