Nested Loop  (cost=0.43..83072.29 rows=65 width=0) (actual time=627.373..1060.499 rows=1 loops=1)
  ->  Seq Scan on movie_keyword mk  (cost=0.00..81003.12 rows=246 width=4) (actual time=627.295..1060.409 rows=1 loops=1)
        Filter: (keyword_id = 132325)
        Rows Removed by Filter: 4523929
  ->  Index Scan using title_pkey on title t  (cost=0.43..8.40 rows=1 width=4) (actual time=0.069..0.070 rows=1 loops=1)
        Index Cond: (id = mk.movie_id)
        Filter: (kind_id = 1)
Planning time: 0.754 ms
Execution time: 1060.644 ms
