Seq Scan on cast_info ci  (cost=0.00..705507.15 rows=500 width=0) (actual time=3119.923..8610.047 rows=143 loops=1)
  Filter: (person_id = 1341927)
  Rows Removed by Filter: 36244201
Planning time: 0.338 ms
Execution time: 8610.146 ms
