Seq Scan on cast_info ci  (cost=0.00..796071.18 rows=2133582 width=0) (actual time=2389.454..10777.164 rows=701795 loops=1)
  Filter: ((person_id < 1624082) AND (role_id > 9))
  Rows Removed by Filter: 35542549
Planning time: 0.322 ms
Execution time: 10873.816 ms
