Seq Scan on movie_keyword mk  (cost=0.00..81003.12 rows=2271985 width=0) (actual time=0.019..835.571 rows=2272482 loops=1)
  Filter: (keyword_id < 4783)
  Rows Removed by Filter: 2251448
Planning time: 0.303 ms
Execution time: 1032.774 ms
