Hash Join  (cost=156649.15..1135610.73 rows=2484464 width=0) (actual time=4722.831..20545.315 rows=3118037 loops=1)
  Hash Cond: (ci.movie_id = t.id)
  ->  Seq Scan on cast_info ci  (cost=0.00..796071.18 rows=13511671 width=4) (actual time=1482.414..12580.998 rows=8044038 loops=1)
        Filter: ((person_id < 2085625) AND (role_id > 1))
        Rows Removed by Filter: 28200306
  ->  Hash  (cost=149020.47..149020.47 rows=464934 width=8) (actual time=3239.475..3239.475 rows=460185 loops=1)
        Buckets: 131072  Batches: 8  Memory Usage: 3276kB
        ->  Hash Join  (cost=102767.86..149020.47 rows=464934 width=8) (actual time=1833.877..3091.351 rows=460185 loops=1)
              Hash Cond: (mi_idx.movie_id = t.id)
              ->  Seq Scan on movie_info_idx mi_idx  (cost=0.00..25185.44 rows=464934 width=4) (actual time=0.034..412.449 rows=460185 loops=1)
                    Filter: (info_type_id > 100)
                    Rows Removed by Filter: 919850
              ->  Hash  (cost=61283.27..61283.27 rows=2528527 width=4) (actual time=1833.031..1833.031 rows=2528312 loops=1)
                    Buckets: 131072  Batches: 64  Memory Usage: 2415kB
                    ->  Seq Scan on title t  (cost=0.00..61283.27 rows=2528527 width=4) (actual time=0.019..760.745 rows=2528312 loops=1)
Planning time: 1.192 ms
Execution time: 20891.958 ms
