Hash Join  (cost=160526.42..267023.14 rows=496095 width=0) (actual time=3591.755..5872.787 rows=407040 loops=1)
  Hash Cond: (mk.movie_id = t.id)
  ->  Seq Scan on movie_keyword mk  (cost=0.00..81003.12 rows=1491638 width=4) (actual time=0.015..1644.423 rows=1508755 loops=1)
        Filter: (keyword_id > 10734)
        Rows Removed by Filter: 3015175
  ->  Hash  (cost=146729.58..146729.58 rows=840947 width=8) (actual time=3416.186..3416.186 rows=425718 loops=1)
        Buckets: 131072  Batches: 16  Memory Usage: 2068kB
        ->  Hash Join  (cost=92883.59..146729.58 rows=840947 width=8) (actual time=2321.653..3297.890 rows=425718 loops=1)
              Hash Cond: (mi_idx.movie_id = t.id)
              ->  Seq Scan on movie_info_idx mi_idx  (cost=0.00..21735.35 rows=1380035 width=4) (actual time=0.008..439.873 rows=1380035 loops=1)
              ->  Hash  (cost=67604.59..67604.59 rows=1540800 width=4) (actual time=1900.121..1900.121 rows=1543264 loops=1)
                    Buckets: 131072  Batches: 32  Memory Usage: 2722kB
                    ->  Seq Scan on title t  (cost=0.00..67604.59 rows=1540800 width=4) (actual time=0.024..1347.851 rows=1543264 loops=1)
                          Filter: (kind_id = 7)
                          Rows Removed by Filter: 985048
Planning time: 1.214 ms
Execution time: 5919.921 ms
