Hash Join  (cost=102767.86..195968.51 rows=1326433 width=0) (actual time=1676.833..3829.630 rows=1315679 loops=1)
  Hash Cond: (mc.movie_id = t.id)
  ->  Seq Scan on movie_companies mc  (cost=0.00..51404.11 rows=1326433 width=4) (actual time=0.016..811.293 rows=1315679 loops=1)
        Filter: (company_id < 11367)
        Rows Removed by Filter: 1293450
  ->  Hash  (cost=61283.27..61283.27 rows=2528527 width=4) (actual time=1675.929..1675.929 rows=2528312 loops=1)
        Buckets: 131072  Batches: 64  Memory Usage: 2415kB
        ->  Seq Scan on title t  (cost=0.00..61283.27 rows=2528527 width=4) (actual time=0.024..858.279 rows=2528312 loops=1)
Planning time: 0.777 ms
Execution time: 3975.650 ms
