Nested Loop  (cost=32807.94..830823.20 rows=41 width=0) (actual time=12216.811..12275.389 rows=3 loops=1)
  Join Filter: (ci.movie_id = t.id)
  ->  Hash Join  (cost=32807.51..830735.92 rows=103 width=8) (actual time=12216.672..12275.178 rows=3 loops=1)
        Hash Cond: (ci.movie_id = mi_idx.movie_id)
        ->  Seq Scan on cast_info ci  (cost=0.00..796071.18 rows=224 width=4) (actual time=4167.958..11631.734 rows=16 loops=1)
              Filter: ((role_id > 2) AND (person_id = 3752451))
              Rows Removed by Filter: 36244328
        ->  Hash  (cost=25185.44..25185.44 rows=464566 width=4) (actual time=572.975..572.975 rows=459925 loops=1)
              Buckets: 131072  Batches: 8  Memory Usage: 3050kB
              ->  Seq Scan on movie_info_idx mi_idx  (cost=0.00..25185.44 rows=464566 width=4) (actual time=0.023..426.900 rows=459925 loops=1)
                    Filter: (info_type_id = 101)
                    Rows Removed by Filter: 920110
  ->  Index Only Scan using title_pkey on title t  (cost=0.43..0.83 rows=1 width=4) (actual time=0.051..0.052 rows=1 loops=3)
        Index Cond: (id = mi_idx.movie_id)
        Heap Fetches: 3
Planning time: 1.020 ms
Execution time: 12275.496 ms
