Seq Scan on cast_info ci  (cost=0.00..796071.18 rows=495 width=0) (actual time=2242.997..12692.490 rows=19 loops=1)
  Filter: ((role_id < 11) AND (person_id = 2744600))
  Rows Removed by Filter: 36244325
Planning time: 0.393 ms
Execution time: 12692.636 ms
