Seq Scan on cast_info ci  (cost=0.00..705507.15 rows=2847448 width=0) (actual time=304.212..9076.784 rows=2803576 loops=1)
  Filter: (person_id < 269989)
  Rows Removed by Filter: 33440768
Planning time: 0.316 ms
Execution time: 9441.078 ms
