Seq Scan on movie_keyword mk  (cost=0.00..81003.12 rows=246 width=0) (actual time=0.411..1074.611 rows=62 loops=1)
  Filter: (keyword_id = 10039)
  Rows Removed by Filter: 4523868
Planning time: 0.327 ms
Execution time: 1074.718 ms
