Hash Join  (cost=92883.59..188469.74 rows=1230033 width=0) (actual time=1720.183..3713.738 rows=548854 loops=1)
  Hash Cond: (mc.movie_id = t.id)
  ->  Seq Scan on movie_companies mc  (cost=0.00..51404.11 rows=2018543 width=4) (actual time=0.013..855.078 rows=2011375 loops=1)
        Filter: (company_id < 68473)
        Rows Removed by Filter: 597754
  ->  Hash  (cost=67604.59..67604.59 rows=1540800 width=4) (actual time=1521.551..1521.551 rows=1543264 loops=1)
        Buckets: 131072  Batches: 32  Memory Usage: 2722kB
        ->  Seq Scan on title t  (cost=0.00..67604.59 rows=1540800 width=4) (actual time=0.014..1012.304 rows=1543264 loops=1)
              Filter: (kind_id = 7)
              Rows Removed by Filter: 985048
Planning time: 0.710 ms
Execution time: 3780.949 ms
