Hash Join  (cost=73982.55..787512.13 rows=3816 width=0) (actual time=1318.162..10058.824 rows=4955 loops=1)
  Hash Cond: (ci.movie_id = t.id)
  ->  Seq Scan on cast_info ci  (cost=0.00..705507.15 rows=2129138 width=4) (actual time=363.710..8702.004 rows=2070509 loops=1)
        Filter: (person_id < 203027)
        Rows Removed by Filter: 34173835
  ->  Hash  (cost=73925.90..73925.90 rows=4532 width=4) (actual time=947.144..947.144 rows=6092 loops=1)
        Buckets: 8192  Batches: 1  Memory Usage: 279kB
        ->  Seq Scan on title t  (cost=0.00..73925.90 rows=4532 width=4) (actual time=7.040..944.365 rows=6092 loops=1)
              Filter: ((kind_id = 7) AND (production_year = 1958))
              Rows Removed by Filter: 2522220
Planning time: 0.729 ms
Execution time: 10059.710 ms
