Hash Join  (cost=108632.59..843120.08 rows=161190 width=0) (actual time=6681.575..15420.090 rows=685599 loops=1)
  Hash Cond: (ci.movie_id = t.id)
  ->  Seq Scan on cast_info ci  (cost=0.00..705507.15 rows=7298253 width=4) (actual time=4965.642..10907.742 rows=7451973 loops=1)
        Filter: (role_id = 2)
        Rows Removed by Filter: 28792371
  ->  Hash  (cost=107934.53..107934.53 rows=55845 width=8) (actual time=1715.436..1715.436 rows=111147 loops=1)
        Buckets: 131072 (originally 65536)  Batches: 2 (originally 1)  Memory Usage: 3195kB
        ->  Hash Join  (cost=69283.60..107934.53 rows=55845 width=8) (actual time=806.542..1675.217 rows=111147 loops=1)
              Hash Cond: (mi_idx.movie_id = t.id)
              ->  Seq Scan on movie_info_idx mi_idx  (cost=0.00..21735.35 rows=1380035 width=4) (actual time=0.020..362.842 rows=1380035 loops=1)
              ->  Hash  (cost=67604.59..67604.59 rows=102321 width=4) (actual time=805.684..805.684 rows=100537 loops=1)
                    Buckets: 131072  Batches: 2  Memory Usage: 2797kB
                    ->  Seq Scan on title t  (cost=0.00..67604.59 rows=102321 width=4) (actual time=5.420..772.263 rows=100537 loops=1)
                          Filter: (kind_id = 3)
                          Rows Removed by Filter: 2427775
Planning time: 1.127 ms
Execution time: 15510.337 ms
