Hash Join  (cost=193666.72..1061137.91 rows=2116324 width=0) (actual time=6720.358..22498.784 rows=9537771 loops=1)
  Hash Cond: (ci.movie_id = t.id)
  ->  Seq Scan on cast_info ci  (cost=0.00..796071.18 rows=3878604 width=4) (actual time=2454.666..11551.527 rows=7933226 loops=1)
        Filter: ((person_id > 2543851) AND (role_id > 3))
        Rows Removed by Filter: 28311118
  ->  Hash  (cost=171030.88..171030.88 rows=1379667 width=8) (actual time=4263.969..4263.969 rows=1379775 loops=1)
        Buckets: 131072  Batches: 32  Memory Usage: 2708kB
        ->  Hash Join  (cost=102767.86..171030.88 rows=1379667 width=8) (actual time=1704.034..3827.798 rows=1379775 loops=1)
              Hash Cond: (mi_idx.movie_id = t.id)
              ->  Seq Scan on movie_info_idx mi_idx  (cost=0.00..25185.44 rows=1379667 width=4) (actual time=0.045..566.766 rows=1379775 loops=1)
                    Filter: (info_type_id < 112)
                    Rows Removed by Filter: 260
              ->  Hash  (cost=61283.27..61283.27 rows=2528527 width=4) (actual time=1702.510..1702.510 rows=2528312 loops=1)
                    Buckets: 131072  Batches: 64  Memory Usage: 2415kB
                    ->  Seq Scan on title t  (cost=0.00..61283.27 rows=2528527 width=4) (actual time=0.028..855.644 rows=2528312 loops=1)
Planning time: 1.981 ms
Execution time: 23542.276 ms
