Seq Scan on cast_info ci  (cost=0.00..796071.18 rows=176 width=0) (actual time=4879.359..8754.593 rows=10 loops=1)
  Filter: ((person_id = 1187789) AND (role_id = 1))
  Rows Removed by Filter: 36244334
Planning time: 0.415 ms
Execution time: 8754.738 ms
