Hash Join  (cost=102767.86..263440.01 rows=2900371 width=0) (actual time=1710.824..5765.901 rows=2890888 loops=1)
  Hash Cond: (mk.movie_id = t.id)
  ->  Seq Scan on movie_keyword mk  (cost=0.00..81003.12 rows=2900371 width=4) (actual time=0.019..1503.645 rows=2890888 loops=1)
        Filter: (keyword_id < 9090)
        Rows Removed by Filter: 1633042
  ->  Hash  (cost=61283.27..61283.27 rows=2528527 width=4) (actual time=1709.392..1709.392 rows=2528312 loops=1)
        Buckets: 131072  Batches: 64  Memory Usage: 2425kB
        ->  Seq Scan on title t  (cost=0.00..61283.27 rows=2528527 width=4) (actual time=0.027..847.311 rows=2528312 loops=1)
Planning time: 0.683 ms
Execution time: 6105.105 ms
