Seq Scan on movie_keyword mk  (cost=0.00..81003.12 rows=3757459 width=0) (actual time=0.019..1262.699 rows=3754687 loops=1)
  Filter: (keyword_id > 723)
  Rows Removed by Filter: 769243
Planning time: 0.282 ms
Execution time: 1712.002 ms
