Hash Join  (cost=73994.33..438969.35 rows=31909 width=0) (actual time=1276.049..8655.710 rows=39174 loops=1)
  Hash Cond: (mi.movie_id = t.id)
  ->  Seq Scan on movie_info mi  (cost=0.00..309384.22 rows=14739122 width=4) (actual time=0.021..4207.432 rows=14835720 loops=1)
  ->  Hash  (cost=73925.90..73925.90 rows=5474 width=4) (actual time=1275.906..1275.906 rows=9857 loops=1)
        Buckets: 16384 (originally 8192)  Batches: 1 (originally 1)  Memory Usage: 475kB
        ->  Seq Scan on title t  (cost=0.00..73925.90 rows=5474 width=4) (actual time=0.028..1270.833 rows=9857 loops=1)
              Filter: ((kind_id > 1) AND (production_year = 1971))
              Rows Removed by Filter: 2518455
Planning time: 0.771 ms
Execution time: 8662.620 ms
