Hash Join  (cost=659466.30..2440277.19 rows=50677970 width=0) (actual time=16050.521..121463.819 rows=291016772 loops=1)
  Hash Cond: (ci.movie_id = t.id)
  ->  Seq Scan on cast_info ci  (cost=0.00..614943.12 rows=36225612 width=4) (actual time=0.014..10715.336 rows=36244344 loops=1)
  ->  Hash  (cost=601432.14..601432.14 rows=3537293 width=8) (actual time=16048.746..16048.746 rows=6336766 loops=1)
        Buckets: 131072 (originally 131072)  Batches: 128 (originally 64)  Memory Usage: 3073kB
        ->  Hash Join  (cost=83882.28..601432.14 rows=3537293 width=8) (actual time=1193.062..14266.265 rows=6336766 loops=1)
              Hash Cond: (mi.movie_id = t.id)
              ->  Seq Scan on movie_info mi  (cost=0.00..309384.22 rows=14739122 width=4) (actual time=0.013..4480.899 rows=14835720 loops=1)
              ->  Hash  (cost=73925.90..73925.90 rows=606830 width=4) (actual time=1192.184..1192.184 rows=492483 loops=1)
                    Buckets: 131072  Batches: 8  Memory Usage: 3210kB
                    ->  Seq Scan on title t  (cost=0.00..73925.90 rows=606830 width=4) (actual time=0.027..1044.968 rows=492483 loops=1)
                          Filter: ((production_year > 1950) AND (kind_id = 1))
                          Rows Removed by Filter: 2035829
Planning time: 1.160 ms
Execution time: 154598.763 ms
