Hash Join  (cost=74657.14..873398.32 rows=15515 width=0) (actual time=974.516..11823.784 rows=21802 loops=1)
  Hash Cond: (ci.movie_id = t.id)
  ->  Seq Scan on cast_info ci  (cost=0.00..796071.18 rows=670627 width=4) (actual time=0.068..10480.678 rows=1150424 loops=1)
        Filter: ((person_id > 2804001) AND (role_id = 4))
        Rows Removed by Filter: 35093920
  ->  Hash  (cost=73925.90..73925.90 rows=58499 width=4) (actual time=973.969..973.969 rows=62752 loops=1)
        Buckets: 65536  Batches: 1  Memory Usage: 2719kB
        ->  Seq Scan on title t  (cost=0.00..73925.90 rows=58499 width=4) (actual time=0.033..943.572 rows=62752 loops=1)
              Filter: ((kind_id = 7) AND (production_year = 2005))
              Rows Removed by Filter: 2465560
Planning time: 0.750 ms
Execution time: 11827.108 ms
