Hash Join  (cost=174403.47..1006753.73 rows=640421 width=0) (actual time=5948.008..20495.978 rows=10484296 loops=1)
  Hash Cond: (ci.movie_id = t.id)
  ->  Seq Scan on cast_info ci  (cost=0.00..796071.18 rows=2350897 width=4) (actual time=2378.127..11144.788 rows=6113643 loops=1)
        Filter: ((person_id > 2795898) AND (role_id > 4))
        Rows Removed by Filter: 30130701
  ->  Hash  (cost=163102.35..163102.35 rows=688810 width=8) (actual time=3568.542..3568.542 rows=1307690 loops=1)
        Buckets: 131072 (originally 131072)  Batches: 32 (originally 16)  Memory Usage: 3073kB
        ->  Hash Join  (cost=78556.72..163102.35 rows=688810 width=8) (actual time=1069.223..3250.234 rows=1307690 loops=1)
              Hash Cond: (mc.movie_id = t.id)
              ->  Seq Scan on movie_companies mc  (cost=0.00..44881.29 rows=2609129 width=4) (actual time=0.024..672.009 rows=2609129 loops=1)
              ->  Hash  (cost=67604.59..67604.59 rows=667531 width=4) (actual time=1068.249..1068.249 rows=662825 loops=1)
                    Buckets: 131072  Batches: 16  Memory Usage: 2476kB
                    ->  Seq Scan on title t  (cost=0.00..67604.59 rows=667531 width=4) (actual time=330.933..865.209 rows=662825 loops=1)
                          Filter: (kind_id = 1)
                          Rows Removed by Filter: 1865487
Planning time: 1.224 ms
Execution time: 21709.567 ms
