Hash Join  (cost=131245.22..200211.54 rows=156101 width=0) (actual time=2554.858..4150.354 rows=1369228 loops=1)
  Hash Cond: (mc.movie_id = t.id)
  ->  Seq Scan on movie_companies mc  (cost=0.00..51404.11 rows=1279517 width=4) (actual time=70.523..850.716 rows=1274246 loops=1)
        Filter: (company_type_id < 2)
        Rows Removed by Filter: 1334883
  ->  Hash  (cost=126184.22..126184.22 rows=308480 width=8) (actual time=2483.228..2483.228 rows=679177 loops=1)
        Buckets: 131072 (originally 131072)  Batches: 16 (originally 8)  Memory Usage: 3073kB
        ->  Hash Join  (cost=83198.94..126184.22 rows=308480 width=8) (actual time=1045.154..2300.563 rows=679177 loops=1)
              Hash Cond: (mi_idx.movie_id = t.id)
              ->  Seq Scan on movie_info_idx mi_idx  (cost=0.00..21735.35 rows=1380035 width=4) (actual time=0.018..337.162 rows=1380035 loops=1)
              ->  Hash  (cost=73925.90..73925.90 rows=565203 width=4) (actual time=1044.212..1044.212 rows=641785 loops=1)
                    Buckets: 131072  Batches: 8  Memory Usage: 3862kB
                    ->  Seq Scan on title t  (cost=0.00..73925.90 rows=565203 width=4) (actual time=0.027..859.703 rows=641785 loops=1)
                          Filter: ((kind_id < 7) AND (production_year < 2006))
                          Rows Removed by Filter: 1886527
Planning time: 1.193 ms
Execution time: 4254.243 ms
