Hash Join  (cost=160872.73..507195.13 rows=70 width=0) (actual time=5711.454..6074.869 rows=186 loops=1)
  Hash Cond: (mi.movie_id = t.id)
  ->  Seq Scan on movie_info mi  (cost=0.00..346232.03 rows=17937 width=4) (actual time=3376.848..3740.108 rows=3084 loops=1)
        Filter: (info_type_id = 91)
        Rows Removed by Filter: 14832636
  ->  Hash  (cost=160750.31..160750.31 rows=9794 width=8) (actual time=2333.982..2333.982 rows=18677 loops=1)
        Buckets: 32768 (originally 16384)  Batches: 1 (originally 1)  Memory Usage: 986kB
        ->  Hash Join  (cost=73994.33..160750.31 rows=9794 width=8) (actual time=978.531..2328.181 rows=18677 loops=1)
              Hash Cond: (mk.movie_id = t.id)
              ->  Seq Scan on movie_keyword mk  (cost=0.00..69693.30 rows=4523930 width=4) (actual time=0.025..626.278 rows=4523930 loops=1)
              ->  Hash  (cost=73925.90..73925.90 rows=5474 width=4) (actual time=977.762..977.762 rows=14797 loops=1)
                    Buckets: 16384 (originally 8192)  Batches: 1 (originally 1)  Memory Usage: 649kB
                    ->  Seq Scan on title t  (cost=0.00..73925.90 rows=5474 width=4) (actual time=0.155..970.924 rows=14797 loops=1)
                          Filter: ((kind_id > 1) AND (production_year = 1986))
                          Rows Removed by Filter: 2513515
Planning time: 1.206 ms
Execution time: 6075.158 ms
