Seq Scan on cast_info ci  (cost=0.00..796071.18 rows=18741246 width=0) (actual time=2987.681..12865.497 rows=16181415 loops=1)
  Filter: ((person_id < 2931272) AND (role_id > 1))
  Rows Removed by Filter: 20062929
Planning time: 0.337 ms
Execution time: 14800.261 ms
