Hash Join  (cost=127898.43..1186748.03 rows=2438149 width=0) (actual time=2386.706..31093.204 rows=8548011 loops=1)
  Hash Cond: (ci.movie_id = t.id)
  ->  Seq Scan on cast_info ci  (cost=0.00..614943.12 rows=36225612 width=4) (actual time=0.017..10389.420 rows=36244344 loops=1)
  ->  Hash  (cost=125106.17..125106.17 rows=170181 width=8) (actual time=2385.394..2385.394 rows=313218 loops=1)
        Buckets: 131072  Batches: 4  Memory Usage: 4087kB
        ->  Hash Join  (cost=89241.26..125106.17 rows=170181 width=8) (actual time=1331.069..2287.521 rows=313218 loops=1)
              Hash Cond: (mi_idx.movie_id = t.id)
              ->  Seq Scan on movie_info_idx mi_idx  (cost=0.00..25185.44 rows=460978 width=4) (actual time=0.014..447.763 rows=459925 loops=1)
                    Filter: (info_type_id < 100)
                    Rows Removed by Filter: 920110
              ->  Hash  (cost=73925.90..73925.90 rows=933468 width=4) (actual time=1329.959..1329.959 rows=904427 loops=1)
                    Buckets: 131072  Batches: 16  Memory Usage: 3012kB
                    ->  Seq Scan on title t  (cost=0.00..73925.90 rows=933468 width=4) (actual time=0.012..1044.237 rows=904427 loops=1)
                          Filter: ((kind_id < 7) AND (production_year > 1916))
                          Rows Removed by Filter: 1623885
Planning time: 1.175 ms
Execution time: 32064.725 ms
