Hash Join  (cost=102767.86..272937.48 rows=3295046 width=0) (actual time=1742.023..6112.412 rows=3286644 loops=1)
  Hash Cond: (mk.movie_id = t.id)
  ->  Seq Scan on movie_keyword mk  (cost=0.00..81003.12 rows=3295046 width=4) (actual time=0.025..1497.281 rows=3286644 loops=1)
        Filter: (keyword_id > 1572)
        Rows Removed by Filter: 1237286
  ->  Hash  (cost=61283.27..61283.27 rows=2528527 width=4) (actual time=1738.795..1738.795 rows=2528312 loops=1)
        Buckets: 131072  Batches: 64  Memory Usage: 2425kB
        ->  Seq Scan on title t  (cost=0.00..61283.27 rows=2528527 width=4) (actual time=0.019..855.465 rows=2528312 loops=1)
Planning time: 0.770 ms
Execution time: 6521.562 ms
