Hash Join  (cost=94967.85..884183.73 rows=43319 width=0) (actual time=1175.117..15306.550 rows=116623 loops=1)
  Hash Cond: (ci.movie_id = t.id)
  ->  Seq Scan on cast_info ci  (cost=0.00..705507.15 rows=22206821 width=4) (actual time=0.013..9960.433 rows=22247261 loops=1)
        Filter: (person_id > 1378766)
        Rows Removed by Filter: 13997083
  ->  Hash  (cost=94906.20..94906.20 rows=4932 width=8) (actual time=1175.008..1175.008 rows=6559 loops=1)
        Buckets: 8192  Batches: 1  Memory Usage: 321kB
        ->  Hash Join  (cost=67942.77..94906.20 rows=4932 width=8) (actual time=676.572..1171.929 rows=6559 loops=1)
              Hash Cond: (mi_idx.movie_id = t.id)
              ->  Seq Scan on movie_info_idx mi_idx  (cost=0.00..25185.44 rows=460978 width=4) (actual time=0.016..372.150 rows=459925 loops=1)
                    Filter: (info_type_id = 99)
                    Rows Removed by Filter: 920110
              ->  Hash  (cost=67604.59..67604.59 rows=27055 width=4) (actual time=676.298..676.298 rows=26775 loops=1)
                    Buckets: 32768  Batches: 1  Memory Usage: 1198kB
                    ->  Seq Scan on title t  (cost=0.00..67604.59 rows=27055 width=4) (actual time=0.033..666.528 rows=26775 loops=1)
                          Filter: (production_year = 1993)
                          Rows Removed by Filter: 2501537
Planning time: 0.730 ms
Execution time: 15326.139 ms
