Hash Join  (cost=79814.01..159968.81 rows=370328 width=0) (actual time=1488.241..4064.420 rows=952666 loops=1)
  Hash Cond: (mc.movie_id = t.id)
  ->  Seq Scan on movie_companies mc  (cost=0.00..44881.29 rows=2609129 width=4) (actual time=0.023..895.305 rows=2609129 loops=1)
  ->  Hash  (cost=73925.90..73925.90 rows=358888 width=4) (actual time=1487.434..1487.434 rows=447524 loops=1)
        Buckets: 131072  Batches: 8  Memory Usage: 3002kB
        ->  Seq Scan on title t  (cost=0.00..73925.90 rows=358888 width=4) (actual time=0.028..1344.653 rows=447524 loops=1)
              Filter: ((kind_id < 3) AND (production_year < 2003))
              Rows Removed by Filter: 2080788
Planning time: 0.770 ms
Execution time: 4184.825 ms
