Hash Join  (cost=240299.55..626415.59 rows=1000521 width=0) (actual time=5039.895..15369.745 rows=18131590 loops=1)
  Hash Cond: (mi.movie_id = t.id)
  ->  Seq Scan on movie_info mi  (cost=0.00..346232.03 rows=2194617 width=4) (actual time=0.020..4494.220 rows=2233850 loops=1)
        Filter: (info_type_id > 16)
        Rows Removed by Filter: 12601870
  ->  Hash  (cost=221387.17..221387.17 rows=1152750 width=8) (actual time=5039.055..5039.055 rows=1157704 loops=1)
        Buckets: 131072  Batches: 16  Memory Usage: 3963kB
        ->  Hash Join  (cost=102767.86..221387.17 rows=1152750 width=8) (actual time=1630.338..4721.238 rows=1157704 loops=1)
              Hash Cond: (mk.movie_id = t.id)
              ->  Seq Scan on movie_keyword mk  (cost=0.00..81003.12 rows=1152750 width=4) (actual time=0.022..1249.649 rows=1157704 loops=1)
                    Filter: (keyword_id < 1371)
                    Rows Removed by Filter: 3366226
              ->  Hash  (cost=61283.27..61283.27 rows=2528527 width=4) (actual time=1628.120..1628.120 rows=2528312 loops=1)
                    Buckets: 131072  Batches: 64  Memory Usage: 2425kB
                    ->  Seq Scan on title t  (cost=0.00..61283.27 rows=2528527 width=4) (actual time=0.014..806.281 rows=2528312 loops=1)
Planning time: 1.145 ms
Execution time: 17568.919 ms
