Seq Scan on movie_info mi  (cost=0.00..346232.03 rows=13626773 width=0) (actual time=0.019..4758.822 rows=13663090 loops=1)
  Filter: (info_type_id < 46)
  Rows Removed by Filter: 1172630
Planning time: 0.328 ms
Execution time: 6364.587 ms
