Seq Scan on movie_keyword mk  (cost=0.00..81003.12 rows=628627 width=12) (actual time=0.030..1631.012 rows=625964 loops=1)
  Filter: (keyword_id < 486)
  Rows Removed by Filter: 3897966
Planning time: 0.302 ms
Execution time: 1675.326 ms
