Hash Join  (cost=102767.86..996693.08 rows=7419820 width=0) (actual time=1673.330..17841.973 rows=7478784 loops=1)
  Hash Cond: (ci.movie_id = t.id)
  ->  Seq Scan on cast_info ci  (cost=0.00..705507.15 rows=7419820 width=4) (actual time=0.023..10137.543 rows=7478784 loops=1)
        Filter: (person_id > 2924208)
        Rows Removed by Filter: 28765560
  ->  Hash  (cost=61283.27..61283.27 rows=2528527 width=4) (actual time=1672.672..1672.672 rows=2528312 loops=1)
        Buckets: 131072  Batches: 64  Memory Usage: 2415kB
        ->  Seq Scan on title t  (cost=0.00..61283.27 rows=2528527 width=4) (actual time=0.012..845.680 rows=2528312 loops=1)
Planning time: 0.767 ms
Execution time: 18644.167 ms
