Nested Loop  (cost=0.43..83072.90 rows=1 width=0) (actual time=274.413..1185.064 rows=5 loops=1)
  ->  Seq Scan on movie_keyword mk  (cost=0.00..81003.12 rows=246 width=4) (actual time=3.775..1170.682 rows=230 loops=1)
        Filter: (keyword_id = 2896)
        Rows Removed by Filter: 4523700
  ->  Index Scan using title_pkey on title t  (cost=0.43..8.40 rows=1 width=4) (actual time=0.052..0.052 rows=0 loops=230)
        Index Cond: (id = mk.movie_id)
        Filter: ((kind_id < 7) AND (production_year = 1971))
        Rows Removed by Filter: 1
Planning time: 0.751 ms
Execution time: 1185.165 ms
