Seq Scan on movie_companies mc  (cost=0.00..57926.93 rows=219449 width=0) (actual time=0.021..589.086 rows=338110 loops=1)
  Filter: ((company_id < 352) AND (company_type_id < 2))
  Rows Removed by Filter: 2271019
Planning time: 0.299 ms
Execution time: 634.285 ms
