Hash Join  (cost=156209.36..281302.76 rows=568926 width=0) (actual time=3369.033..6821.760 rows=2439139 loops=1)
  Hash Cond: (mk.movie_id = t.id)
  ->  Seq Scan on movie_keyword mk  (cost=0.00..81003.12 rows=3167738 width=4) (actual time=0.024..1468.464 rows=3149104 loops=1)
        Filter: (keyword_id > 1809)
        Rows Removed by Filter: 1374826
  ->  Hash  (cost=148758.81..148758.81 rows=454124 width=8) (actual time=3367.903..3367.903 rows=459925 loops=1)
        Buckets: 131072  Batches: 8  Memory Usage: 3284kB
        ->  Hash Join  (cost=102767.86..148758.81 rows=454124 width=8) (actual time=1983.655..3220.671 rows=459925 loops=1)
              Hash Cond: (mi_idx.movie_id = t.id)
              ->  Seq Scan on movie_info_idx mi_idx  (cost=0.00..25185.44 rows=454124 width=4) (actual time=0.016..441.372 rows=459925 loops=1)
                    Filter: (info_type_id = 100)
                    Rows Removed by Filter: 920110
              ->  Hash  (cost=61283.27..61283.27 rows=2528527 width=4) (actual time=1982.640..1982.640 rows=2528312 loops=1)
                    Buckets: 131072  Batches: 64  Memory Usage: 2415kB
                    ->  Seq Scan on title t  (cost=0.00..61283.27 rows=2528527 width=4) (actual time=0.014..890.139 rows=2528312 loops=1)
Planning time: 1.149 ms
Execution time: 7102.623 ms
