Hash Join  (cost=102767.86..959937.06 rows=2128617 width=0) (actual time=11929.227..16621.069 rows=2710276 loops=1)
  Hash Cond: (ci.movie_id = t.id)
  ->  Seq Scan on cast_info ci  (cost=0.00..796071.18 rows=2128617 width=4) (actual time=10218.762..12407.241 rows=2710276 loops=1)
        Filter: ((person_id > 1662684) AND (role_id = 3))
        Rows Removed by Filter: 33534068
  ->  Hash  (cost=61283.27..61283.27 rows=2528527 width=4) (actual time=1709.435..1709.435 rows=2528312 loops=1)
        Buckets: 131072  Batches: 64  Memory Usage: 2415kB
        ->  Seq Scan on title t  (cost=0.00..61283.27 rows=2528527 width=4) (actual time=0.017..881.196 rows=2528312 loops=1)
Planning time: 0.748 ms
Execution time: 16932.447 ms
