Hash Join  (cost=221063.29..270439.00 rows=680923 width=0) (actual time=4792.183..6376.220 rows=2254995 loops=1)
  Hash Cond: (mi_idx.movie_id = t.id)
  ->  Seq Scan on movie_info_idx mi_idx  (cost=0.00..21735.35 rows=1380035 width=4) (actual time=0.014..382.142 rows=1380035 loops=1)
  ->  Hash  (cost=200594.29..200594.29 rows=1247600 width=8) (actual time=4791.046..4791.046 rows=1214780 loops=1)
        Buckets: 131072  Batches: 32  Memory Usage: 2482kB
        ->  Hash Join  (cost=102767.86..200594.29 rows=1247600 width=8) (actual time=1940.802..4423.222 rows=1214780 loops=1)
              Hash Cond: (mc.movie_id = t.id)
              ->  Seq Scan on movie_companies mc  (cost=0.00..57926.93 rows=1247600 width=4) (actual time=0.020..1059.334 rows=1214780 loops=1)
                    Filter: ((company_id > 6) AND (company_type_id < 2))
                    Rows Removed by Filter: 1394349
              ->  Hash  (cost=61283.27..61283.27 rows=2528527 width=4) (actual time=1939.337..1939.337 rows=2528312 loops=1)
                    Buckets: 131072  Batches: 64  Memory Usage: 2415kB
                    ->  Seq Scan on title t  (cost=0.00..61283.27 rows=2528527 width=4) (actual time=0.022..821.082 rows=2528312 loops=1)
Planning time: 1.218 ms
Execution time: 6592.499 ms
