Seq Scan on cast_info ci  (cost=0.00..796071.18 rows=1176107 width=0) (actual time=5122.276..10494.720 rows=3271531 loops=1)
  Filter: ((person_id > 2727800) AND (role_id = 10))
  Rows Removed by Filter: 32972813
Planning time: 0.356 ms
Execution time: 10909.802 ms
