Hash Join  (cost=263115.61..1254471.85 rows=11666438 width=0) (actual time=5585.557..28762.901 rows=25222717 loops=1)
  Hash Cond: (ci.movie_id = t.id)
  ->  Seq Scan on cast_info ci  (cost=0.00..705507.15 rows=11306035 width=4) (actual time=372.477..10801.459 rows=11227061 loops=1)
        Filter: (person_id < 1101956)
        Rows Removed by Filter: 25017283
  ->  Hash  (cost=220309.49..220309.49 rows=2609129 width=8) (actual time=5211.629..5211.629 rows=2609129 loops=1)
        Buckets: 131072  Batches: 64  Memory Usage: 2610kB
        ->  Hash Join  (cost=102767.86..220309.49 rows=2609129 width=8) (actual time=1538.638..4481.298 rows=2609129 loops=1)
              Hash Cond: (mc.movie_id = t.id)
              ->  Seq Scan on movie_companies mc  (cost=0.00..44881.29 rows=2609129 width=4) (actual time=0.016..607.955 rows=2609129 loops=1)
              ->  Hash  (cost=61283.27..61283.27 rows=2528527 width=4) (actual time=1537.273..1537.273 rows=2528312 loops=1)
                    Buckets: 131072  Batches: 64  Memory Usage: 2415kB
                    ->  Seq Scan on title t  (cost=0.00..61283.27 rows=2528527 width=4) (actual time=0.024..738.789 rows=2528312 loops=1)
Planning time: 1.109 ms
Execution time: 31536.718 ms
