Hash Join  (cost=156487.41..295530.79 rows=765974 width=0) (actual time=2833.835..6722.619 rows=3209776 loops=1)
  Hash Cond: (mk.movie_id = t.id)
  ->  Seq Scan on movie_keyword mk  (cost=0.00..81003.12 rows=4201471 width=4) (actual time=0.014..1605.509 rows=4180076 loops=1)
        Filter: (keyword_id > 283)
        Rows Removed by Filter: 343854
  ->  Hash  (cost=148924.19..148924.19 rows=460978 width=8) (actual time=2832.820..2832.820 rows=459925 loops=1)
        Buckets: 131072  Batches: 8  Memory Usage: 3284kB
        ->  Hash Join  (cost=102767.86..148924.19 rows=460978 width=8) (actual time=1585.155..2707.589 rows=459925 loops=1)
              Hash Cond: (mi_idx.movie_id = t.id)
              ->  Seq Scan on movie_info_idx mi_idx  (cost=0.00..25185.44 rows=460978 width=4) (actual time=0.025..442.528 rows=459925 loops=1)
                    Filter: (info_type_id = 99)
                    Rows Removed by Filter: 920110
              ->  Hash  (cost=61283.27..61283.27 rows=2528527 width=4) (actual time=1583.268..1583.268 rows=2528312 loops=1)
                    Buckets: 131072  Batches: 64  Memory Usage: 2415kB
                    ->  Seq Scan on title t  (cost=0.00..61283.27 rows=2528527 width=4) (actual time=0.027..756.795 rows=2528312 loops=1)
Planning time: 1.147 ms
Execution time: 7017.108 ms
