Hash Join  (cost=119813.52..197112.19 rows=163115 width=0) (actual time=2548.609..4990.543 rows=985189 loops=1)
  Hash Cond: (mc.movie_id = t.id)
  ->  Seq Scan on movie_companies mc  (cost=0.00..44881.29 rows=2609129 width=4) (actual time=0.013..970.806 rows=2609129 loops=1)
  ->  Hash  (cost=117219.57..117219.57 rows=158076 width=8) (actual time=2547.805..2547.805 rows=284615 loops=1)
        Buckets: 131072  Batches: 4  Memory Usage: 3809kB
        ->  Hash Join  (cost=81720.25..117219.57 rows=158076 width=8) (actual time=1460.407..2454.708 rows=284615 loops=1)
              Hash Cond: (mi_idx.movie_id = t.id)
              ->  Seq Scan on movie_info_idx mi_idx  (cost=0.00..25185.44 rows=464566 width=4) (actual time=0.032..490.137 rows=459925 loops=1)
                    Filter: (info_type_id = 101)
                    Rows Removed by Filter: 920110
              ->  Hash  (cost=67604.59..67604.59 rows=860373 width=4) (actual time=1459.269..1459.269 rows=854214 loops=1)
                    Buckets: 131072  Batches: 16  Memory Usage: 2897kB
                    ->  Seq Scan on title t  (cost=0.00..67604.59 rows=860373 width=4) (actual time=0.013..1188.701 rows=854214 loops=1)
                          Filter: (kind_id < 4)
                          Rows Removed by Filter: 1674098
Planning time: 1.178 ms
Execution time: 5106.570 ms
