Hash Join  (cost=195248.52..588644.99 rows=884072 width=0) (actual time=7494.326..10436.440 rows=2046540 loops=1)
  Hash Cond: (mi.movie_id = t.id)
  ->  Seq Scan on movie_info mi  (cost=0.00..346232.03 rows=3068194 width=4) (actual time=3387.931..4506.688 rows=3036719 loops=1)
        Filter: (info_type_id = 16)
        Rows Removed by Filter: 11799001
  ->  Hash  (cost=183295.37..183295.37 rows=728572 width=8) (actual time=4105.182..4105.182 rows=723098 loops=1)
        Buckets: 131072  Batches: 16  Memory Usage: 2812kB
        ->  Hash Join  (cost=105357.69..183295.37 rows=728572 width=8) (actual time=1987.249..3871.588 rows=723098 loops=1)
              Hash Cond: (mc.movie_id = t.id)
              ->  Seq Scan on movie_companies mc  (cost=0.00..51404.11 rows=800570 width=4) (actual time=0.040..816.055 rows=807315 loops=1)
                    Filter: (company_id > 29607)
                    Rows Removed by Filter: 1801814
              ->  Hash  (cost=67604.59..67604.59 rows=2301128 width=4) (actual time=1986.575..1986.575 rows=2292034 loops=1)
                    Buckets: 131072  Batches: 32  Memory Usage: 3546kB
                    ->  Seq Scan on title t  (cost=0.00..67604.59 rows=2301128 width=4) (actual time=0.015..1258.077 rows=2292034 loops=1)
                          Filter: (production_year > 1949)
                          Rows Removed by Filter: 236278
Planning time: 2.392 ms
Execution time: 10643.595 ms
