Seq Scan on movie_companies mc  (cost=0.00..57926.93 rows=51 width=0) (actual time=69.007..725.496 rows=17 loops=1)
  Filter: ((company_type_id < 2) AND (company_id = 3097))
  Rows Removed by Filter: 2609112
Planning time: 0.373 ms
Execution time: 725.598 ms
