Hash Join  (cost=69179.59..134007.84 rows=20744 width=0) (actual time=880.056..2323.578 rows=27559 loops=1)
  Hash Cond: (mc.movie_id = t.id)
  ->  Seq Scan on movie_companies mc  (cost=0.00..57926.93 rows=546368 width=4) (actual time=0.016..882.198 rows=756947 loops=1)
        Filter: ((company_id < 7777) AND (company_type_id < 2))
        Rows Removed by Filter: 1852182
  ->  Hash  (cost=67604.59..67604.59 rows=96000 width=4) (actual time=879.276..879.276 rows=95005 loops=1)
        Buckets: 131072  Batches: 2  Memory Usage: 2716kB
        ->  Seq Scan on title t  (cost=0.00..67604.59 rows=96000 width=4) (actual time=0.021..844.344 rows=95005 loops=1)
              Filter: (production_year = 2005)
              Rows Removed by Filter: 2433307
Planning time: 0.763 ms
Execution time: 2327.885 ms
