Hash Join  (cost=58358.90..85269.67 rows=28 width=0) (actual time=682.828..1148.382 rows=723 loops=1)
  Hash Cond: (mi_idx.movie_id = t.id)
  ->  Seq Scan on movie_info_idx mi_idx  (cost=0.00..21735.35 rows=1380035 width=4) (actual time=0.017..224.389 rows=1380035 loops=1)
  ->  Hash  (cost=58358.27..58358.27 rows=51 width=8) (actual time=658.651..658.651 rows=242 loops=1)
        Buckets: 1024  Batches: 1  Memory Usage: 18kB
        ->  Nested Loop  (cost=0.43..58358.27 rows=51 width=8) (actual time=192.977..658.534 rows=242 loops=1)
              ->  Seq Scan on movie_companies mc  (cost=0.00..57926.93 rows=51 width=4) (actual time=192.876..655.049 rows=242 loops=1)
                    Filter: ((company_id = 2266) AND (company_type_id = 1))
                    Rows Removed by Filter: 2608887
              ->  Index Only Scan using title_pkey on title t  (cost=0.43..8.45 rows=1 width=4) (actual time=0.013..0.013 rows=1 loops=242)
                    Index Cond: (id = mc.movie_id)
                    Heap Fetches: 242
Planning time: 1.149 ms
Execution time: 1148.617 ms
