Seq Scan on cast_info ci  (cost=0.00..705507.15 rows=17710436 width=0) (actual time=0.056..10147.916 rows=17566498 loops=1)
  Filter: (person_id < 1738234)
  Rows Removed by Filter: 18677846
Planning time: 0.277 ms
Execution time: 12407.043 ms
