Seq Scan on movie_companies mc  (cost=0.00..57926.93 rows=51 width=0) (actual time=221.093..742.186 rows=37 loops=1)
  Filter: ((company_type_id < 2) AND (company_id = 3283))
  Rows Removed by Filter: 2609092
Planning time: 0.356 ms
Execution time: 742.291 ms
