Hash Join  (cost=83074.74..907997.36 rows=748 width=0) (actual time=1144.240..14061.240 rows=351 loops=1)
  Hash Cond: (ci.movie_id = t.id)
  ->  Seq Scan on cast_info ci  (cost=0.00..796071.18 rows=7691722 width=4) (actual time=0.012..12361.549 rows=4002745 loops=1)
        Filter: ((person_id < 2318244) AND (role_id > 3))
        Rows Removed by Filter: 32241599
  ->  Hash  (cost=83071.67..83071.67 rows=246 width=8) (actual time=1132.349..1132.349 rows=71 loops=1)
        Buckets: 1024  Batches: 1  Memory Usage: 11kB
        ->  Nested Loop  (cost=0.43..83071.67 rows=246 width=8) (actual time=22.285..1132.252 rows=71 loops=1)
              ->  Seq Scan on movie_keyword mk  (cost=0.00..81003.12 rows=246 width=4) (actual time=22.234..1128.749 rows=71 loops=1)
                    Filter: (keyword_id = 8738)
                    Rows Removed by Filter: 4523859
              ->  Index Only Scan using title_pkey on title t  (cost=0.43..8.40 rows=1 width=4) (actual time=0.044..0.045 rows=1 loops=71)
                    Index Cond: (id = mk.movie_id)
                    Heap Fetches: 71
Planning time: 0.793 ms
Execution time: 14061.583 ms
