Seq Scan on cast_info ci  (cost=0.00..705507.15 rows=8369173 width=0) (actual time=1053.983..9834.227 rows=8330461 loops=1)
  Filter: (person_id > 2850084)
  Rows Removed by Filter: 27913883
Planning time: 0.274 ms
Execution time: 10899.231 ms
