Seq Scan on cast_info ci  (cost=0.00..705507.15 rows=29074114 width=0) (actual time=0.025..10950.312 rows=29148293 loops=1)
  Filter: (person_id > 685703)
  Rows Removed by Filter: 7096051
Planning time: 0.292 ms
Execution time: 14318.865 ms
