Hash Join  (cost=102767.86..947277.78 rows=1602507 width=0) (actual time=4256.079..14954.916 rows=3647691 loops=1)
  Hash Cond: (ci.movie_id = t.id)
  ->  Seq Scan on cast_info ci  (cost=0.00..796071.18 rows=1602507 width=4) (actual time=2657.812..10426.641 rows=3647691 loops=1)
        Filter: ((person_id > 2429720) AND (role_id > 9))
        Rows Removed by Filter: 32596653
  ->  Hash  (cost=61283.27..61283.27 rows=2528527 width=4) (actual time=1596.158..1596.158 rows=2528312 loops=1)
        Buckets: 131072  Batches: 64  Memory Usage: 2415kB
        ->  Seq Scan on title t  (cost=0.00..61283.27 rows=2528527 width=4) (actual time=0.026..761.184 rows=2528312 loops=1)
Planning time: 0.860 ms
Execution time: 15302.577 ms
