Nested Loop  (cost=0.43..799703.28 rows=119 width=0) (actual time=4920.817..13200.415 rows=177 loops=1)
  ->  Seq Scan on cast_info ci  (cost=0.00..796071.18 rows=435 width=4) (actual time=4920.755..13198.132 rows=182 loops=1)
        Filter: ((role_id < 10) AND (person_id = 2749156))
        Rows Removed by Filter: 36244162
  ->  Index Scan using title_pkey on title t  (cost=0.43..8.34 rows=1 width=4) (actual time=0.012..0.012 rows=1 loops=182)
        Index Cond: (id = ci.movie_id)
        Filter: (production_year < 1990)
        Rows Removed by Filter: 0
Planning time: 0.825 ms
Execution time: 13200.583 ms
