Hash Join  (cost=82955.72..139466.77 rows=46825 width=0) (actual time=1300.146..2026.899 rows=26329 loops=1)
  Hash Cond: (mc.movie_id = t.id)
  ->  Seq Scan on movie_companies mc  (cost=0.00..51404.11 rows=215117 width=4) (actual time=0.031..670.351 rows=215203 loops=1)
        Filter: (company_id < 73)
        Rows Removed by Filter: 2393926
  ->  Hash  (cost=73925.90..73925.90 rows=550385 width=4) (actual time=1163.850..1163.850 rows=602403 loops=1)
        Buckets: 131072  Batches: 8  Memory Usage: 3672kB
        ->  Seq Scan on title t  (cost=0.00..73925.90 rows=550385 width=4) (actual time=126.284..975.892 rows=602403 loops=1)
              Filter: ((production_year > 2006) AND (kind_id = 7))
              Rows Removed by Filter: 1925909
Planning time: 0.714 ms
Execution time: 2029.879 ms
