Seq Scan on cast_info ci  (cost=0.00..796071.18 rows=8137365 width=0) (actual time=0.013..12772.681 rows=12670688 loops=1)
  Filter: ((person_id < 2356325) AND (role_id = 1))
  Rows Removed by Filter: 23573656
Planning time: 0.381 ms
Execution time: 14297.842 ms
