Hash Join  (cost=106834.07..909300.35 rows=179217 width=0) (actual time=1590.371..17606.494 rows=258565 loops=1)
  Hash Cond: (ci.movie_id = t.id)
  ->  Seq Scan on cast_info ci  (cost=0.00..705507.15 rows=25377865 width=4) (actual time=0.024..10861.177 rows=25521568 loops=1)
        Filter: (person_id > 1052078)
        Rows Removed by Filter: 10722776
  ->  Hash  (cost=106610.87..106610.87 rows=17856 width=8) (actual time=1590.066..1590.066 rows=8028 loops=1)
        Buckets: 32768  Batches: 1  Memory Usage: 570kB
        ->  Hash Join  (cost=75533.21..106610.87 rows=17856 width=8) (actual time=1185.849..1586.907 rows=8028 loops=1)
              Hash Cond: (mi_idx.movie_id = t.id)
              ->  Seq Scan on movie_info_idx mi_idx  (cost=0.00..25185.44 rows=460978 width=4) (actual time=0.028..408.687 rows=459925 loops=1)
                    Filter: (info_type_id < 100)
                    Rows Removed by Filter: 920110
              ->  Hash  (cost=73925.90..73925.90 rows=97944 width=4) (actual time=992.787..992.787 rows=106247 loops=1)
                    Buckets: 131072  Batches: 2  Memory Usage: 2890kB
                    ->  Seq Scan on title t  (cost=0.00..73925.90 rows=97944 width=4) (actual time=0.021..954.920 rows=106247 loops=1)
                          Filter: ((kind_id = 7) AND (production_year = 2011))
                          Rows Removed by Filter: 2422065
Planning time: 1.112 ms
Execution time: 17644.400 ms
