Hash Join  (cost=433637.22..521371.73 rows=107648 width=0) (actual time=6020.985..8173.616 rows=2011118 loops=1)
  Hash Cond: (mk.movie_id = t.id)
  ->  Seq Scan on movie_keyword mk  (cost=0.00..69693.30 rows=4523930 width=4) (actual time=0.018..797.570 rows=4523930 loops=1)
  ->  Hash  (cost=432885.13..432885.13 rows=60167 width=8) (actual time=6020.381..6020.381 rows=72332 loops=1)
        Buckets: 131072 (originally 65536)  Batches: 1 (originally 1)  Memory Usage: 3850kB
        ->  Hash Join  (cost=74545.71..432885.13 rows=60167 width=8) (actual time=2972.345..5992.748 rows=72332 loops=1)
              Hash Cond: (mi.movie_id = t.id)
              ->  Seq Scan on movie_info mi  (cost=0.00..346232.03 rows=3068194 width=4) (actual time=2094.961..4412.758 rows=3036719 loops=1)
                    Filter: (info_type_id = 16)
                    Rows Removed by Filter: 11799001
              ->  Hash  (cost=73925.90..73925.90 rows=49584 width=4) (actual time=876.282..876.282 rows=38752 loops=1)
                    Buckets: 65536  Batches: 1  Memory Usage: 1875kB
                    ->  Seq Scan on title t  (cost=0.00..73925.90 rows=49584 width=4) (actual time=0.054..860.374 rows=38752 loops=1)
                          Filter: ((kind_id < 7) AND (production_year = 2008))
                          Rows Removed by Filter: 2489560
Planning time: 0.814 ms
Execution time: 8432.004 ms
