Hash Join  (cost=102767.86..927618.99 rows=785474 width=0) (actual time=4421.582..11851.497 rows=265317 loops=1)
  Hash Cond: (ci.movie_id = t.id)
  ->  Seq Scan on cast_info ci  (cost=0.00..796071.18 rows=785474 width=4) (actual time=2846.991..8914.035 rows=265317 loops=1)
        Filter: ((person_id < 463191) AND (role_id > 8))
        Rows Removed by Filter: 35979027
  ->  Hash  (cost=61283.27..61283.27 rows=2528527 width=4) (actual time=1573.259..1573.259 rows=2528312 loops=1)
        Buckets: 131072  Batches: 64  Memory Usage: 2415kB
        ->  Seq Scan on title t  (cost=0.00..61283.27 rows=2528527 width=4) (actual time=0.018..779.190 rows=2528312 loops=1)
Planning time: 0.806 ms
Execution time: 11883.830 ms
