Hash Join  (cost=101266.48..198440.18 rows=15995 width=0) (actual time=1460.489..3457.023 rows=18852 loops=1)
  Hash Cond: (mk.movie_id = t.id)
  ->  Seq Scan on movie_keyword mk  (cost=0.00..81003.12 rows=4269500 width=4) (actual time=0.019..1379.028 rows=4251484 loops=1)
        Filter: (keyword_id > 230)
        Rows Removed by Filter: 272446
  ->  Hash  (cost=101148.07..101148.07 rows=9473 width=8) (actual time=1459.865..1459.865 rows=4461 loops=1)
        Buckets: 16384  Batches: 1  Memory Usage: 303kB
        ->  Hash Join  (cost=74142.85..101148.07 rows=9473 width=8) (actual time=884.307..1458.016 rows=4461 loops=1)
              Hash Cond: (mi_idx.movie_id = t.id)
              ->  Seq Scan on movie_info_idx mi_idx  (cost=0.00..21735.35 rows=1380035 width=4) (actual time=0.022..282.828 rows=1380035 loops=1)
              ->  Hash  (cost=73925.90..73925.90 rows=17356 width=4) (actual time=884.061..884.061 rows=18804 loops=1)
                    Buckets: 32768  Batches: 1  Memory Usage: 918kB
                    ->  Seq Scan on title t  (cost=0.00..73925.90 rows=17356 width=4) (actual time=192.286..876.400 rows=18804 loops=1)
                          Filter: ((kind_id = 1) AND (production_year = 2013))
                          Rows Removed by Filter: 2509508
Planning time: 1.180 ms
Execution time: 3459.666 ms
