Hash Join  (cost=102767.86..242457.36 rows=2028331 width=0) (actual time=1635.336..4515.348 rows=2034724 loops=1)
  Hash Cond: (mk.movie_id = t.id)
  ->  Seq Scan on movie_keyword mk  (cost=0.00..81003.12 rows=2028331 width=4) (actual time=0.013..1222.105 rows=2034724 loops=1)
        Filter: (keyword_id > 6058)
        Rows Removed by Filter: 2489206
  ->  Hash  (cost=61283.27..61283.27 rows=2528527 width=4) (actual time=1631.496..1631.496 rows=2528312 loops=1)
        Buckets: 131072  Batches: 64  Memory Usage: 2425kB
        ->  Seq Scan on title t  (cost=0.00..61283.27 rows=2528527 width=4) (actual time=0.016..751.487 rows=2528312 loops=1)
Planning time: 0.697 ms
Execution time: 4720.924 ms
