Hash Join  (cost=256993.89..1303601.85 rows=10912265 width=0) (actual time=5451.078..38155.524 rows=38056764 loops=1)
  Hash Cond: (ci.movie_id = t.id)
  ->  Seq Scan on cast_info ci  (cost=0.00..705507.15 rows=17628233 width=4) (actual time=0.007..13973.532 rows=17483683 loops=1)
        Filter: (person_id < 1730780)
        Rows Removed by Filter: 18760661
  ->  Hash  (cost=231313.71..231313.71 rows=1565214 width=8) (actual time=5449.449..5449.449 rows=1579862 loops=1)
        Buckets: 131072  Batches: 32  Memory Usage: 2942kB
        ->  Hash Join  (cost=102767.86..231313.71 rows=1565214 width=8) (actual time=2082.431..5013.157 rows=1579862 loops=1)
              Hash Cond: (mk.movie_id = t.id)
              ->  Seq Scan on movie_keyword mk  (cost=0.00..81003.12 rows=1565214 width=4) (actual time=0.013..1367.801 rows=1579862 loops=1)
                    Filter: (keyword_id > 9852)
                    Rows Removed by Filter: 2944068
              ->  Hash  (cost=61283.27..61283.27 rows=2528527 width=4) (actual time=2081.015..2081.015 rows=2528312 loops=1)
                    Buckets: 131072  Batches: 64  Memory Usage: 2425kB
                    ->  Seq Scan on title t  (cost=0.00..61283.27 rows=2528527 width=4) (actual time=0.032..1180.744 rows=2528312 loops=1)
Planning time: 1.239 ms
Execution time: 42551.158 ms
