Hash Join  (cost=73950.44..128636.23 rows=2026 width=0) (actual time=883.396..1853.579 rows=10351 loops=1)
  Hash Cond: (mc.movie_id = t.id)
  ->  Seq Scan on movie_companies mc  (cost=0.00..44881.29 rows=2609129 width=4) (actual time=0.014..475.717 rows=2609129 loops=1)
  ->  Hash  (cost=73925.90..73925.90 rows=1963 width=4) (actual time=851.334..851.334 rows=4682 loops=1)
        Buckets: 8192 (originally 2048)  Batches: 1 (originally 1)  Memory Usage: 229kB
        ->  Seq Scan on title t  (cost=0.00..73925.90 rows=1963 width=4) (actual time=396.793..849.114 rows=4682 loops=1)
              Filter: ((kind_id < 2) AND (production_year = 1987))
              Rows Removed by Filter: 2523630
Planning time: 0.730 ms
Execution time: 1855.378 ms
