Seq Scan on movie_keyword mk  (cost=0.00..81003.12 rows=1164042 width=0) (actual time=0.026..1217.616 rows=1179574 loops=1)
  Filter: (keyword_id > 15816)
  Rows Removed by Filter: 3344356
Planning time: 0.307 ms
Execution time: 1369.084 ms
