Hash Join  (cost=132727.53..498358.09 rows=97463 width=0) (actual time=1522.839..6910.494 rows=29546 loops=1)
  Hash Cond: (mi.movie_id = t.id)
  ->  Seq Scan on movie_info mi  (cost=0.00..309384.22 rows=14739122 width=4) (actual time=0.014..2692.775 rows=14835720 loops=1)
  ->  Hash  (cost=132518.53..132518.53 rows=16720 width=8) (actual time=1521.705..1521.705 rows=5971 loops=1)
        Buckets: 32768  Batches: 1  Memory Usage: 490kB
        ->  Hash Join  (cost=71408.55..132518.53 rows=16720 width=8) (actual time=787.790..1519.217 rows=5971 loops=1)
              Hash Cond: (mc.movie_id = t.id)
              ->  Seq Scan on movie_companies mc  (cost=0.00..57926.93 rows=182360 width=4) (actual time=0.029..658.541 rows=77964 loops=1)
                    Filter: ((company_id < 171) AND (company_type_id > 1))
                    Rows Removed by Filter: 2531165
              ->  Hash  (cost=67604.59..67604.59 rows=231837 width=4) (actual time=786.985..786.985 rows=231649 loops=1)
                    Buckets: 131072  Batches: 4  Memory Usage: 3076kB
                    ->  Seq Scan on title t  (cost=0.00..67604.59 rows=231837 width=4) (actual time=0.011..719.333 rows=231649 loops=1)
                          Filter: (production_year > 2011)
                          Rows Removed by Filter: 2296663
Planning time: 1.185 ms
Execution time: 6915.523 ms
