Seq Scan on cast_info ci  (cost=0.00..796071.18 rows=7240621 width=0) (actual time=0.018..11913.094 rows=8279556 loops=1)
  Filter: ((person_id > 824699) AND (role_id > 4))
  Rows Removed by Filter: 27964788
Planning time: 0.301 ms
Execution time: 12978.238 ms
