Hash Join  (cost=102767.86..937242.32 rows=1185433 width=0) (actual time=6789.842..13316.454 rows=2348007 loops=1)
  Hash Cond: (ci.movie_id = t.id)
  ->  Seq Scan on cast_info ci  (cost=0.00..796071.18 rows=1185433 width=4) (actual time=5269.047..9457.226 rows=2348007 loops=1)
        Filter: ((person_id < 314803) AND (role_id = 1))
        Rows Removed by Filter: 33896337
  ->  Hash  (cost=61283.27..61283.27 rows=2528527 width=4) (actual time=1519.324..1519.324 rows=2528312 loops=1)
        Buckets: 131072  Batches: 64  Memory Usage: 2415kB
        ->  Seq Scan on title t  (cost=0.00..61283.27 rows=2528527 width=4) (actual time=0.027..734.789 rows=2528312 loops=1)
Planning time: 0.549 ms
Execution time: 13606.645 ms
