Seq Scan on cast_info ci  (cost=0.00..796071.18 rows=369 width=0) (actual time=3189.516..12339.156 rows=5 loops=1)
  Filter: ((role_id < 5) AND (person_id = 3124713))
  Rows Removed by Filter: 36244339
Planning time: 0.494 ms
Execution time: 12339.275 ms
