Hash Join  (cost=612174.26..2191262.07 rows=31041058 width=0) (actual time=13910.103..62815.653 rows=62403024 loops=1)
  Hash Cond: (ci.movie_id = t.id)
  ->  Seq Scan on cast_info ci  (cost=0.00..614943.12 rows=36225612 width=4) (actual time=0.015..10659.100 rows=36244344 loops=1)
  ->  Hash  (cost=576627.16..576627.16 rows=2166648 width=8) (actual time=13906.850..13906.850 rows=3471269 loops=1)
        Buckets: 131072 (originally 131072)  Batches: 64 (originally 32)  Memory Usage: 3200kB
        ->  Hash Join  (cost=73702.75..576627.16 rows=2166648 width=8) (actual time=999.393..12888.756 rows=3471269 loops=1)
              Hash Cond: (mi.movie_id = t.id)
              ->  Seq Scan on movie_info mi  (cost=0.00..309384.22 rows=14739122 width=4) (actual time=0.017..4419.813 rows=14835720 loops=1)
              ->  Hash  (cost=67604.59..67604.59 rows=371693 width=4) (actual time=998.522..998.522 rows=366430 loops=1)
                    Buckets: 131072  Batches: 8  Memory Usage: 2633kB
                    ->  Seq Scan on title t  (cost=0.00..67604.59 rows=371693 width=4) (actual time=0.018..871.211 rows=366430 loops=1)
                          Filter: (production_year < 1970)
                          Rows Removed by Filter: 2161882
Planning time: 1.181 ms
Execution time: 69887.873 ms
