Seq Scan on movie_companies mc  (cost=0.00..57926.93 rows=737615 width=0) (actual time=0.023..847.778 rows=957467 loops=1)
  Filter: ((company_id > 9311) AND (company_type_id > 1))
  Rows Removed by Filter: 1651662
Planning time: 0.323 ms
Execution time: 960.924 ms
