Hash Join  (cost=28268.70..82935.10 rows=88 width=0) (actual time=417.823..1008.458 rows=6620 loops=1)
  Hash Cond: (mc.movie_id = t.id)
  ->  Seq Scan on movie_companies mc  (cost=0.00..44881.29 rows=2609129 width=4) (actual time=0.013..332.009 rows=2609129 loops=1)
  ->  Hash  (cost=28267.64..28267.64 rows=85 width=8) (actual time=339.491..339.491 rows=200 loops=1)
        Buckets: 1024  Batches: 1  Memory Usage: 16kB
        ->  Nested Loop  (cost=0.43..28267.64 rows=85 width=8) (actual time=10.602..339.412 rows=200 loops=1)
              ->  Seq Scan on movie_info_idx mi_idx  (cost=0.00..25185.44 rows=368 width=4) (actual time=10.551..334.818 rows=260 loops=1)
                    Filter: (info_type_id > 101)
                    Rows Removed by Filter: 1379775
              ->  Index Scan using title_pkey on title t  (cost=0.43..8.37 rows=1 width=4) (actual time=0.017..0.017 rows=1 loops=260)
                    Index Cond: (id = mi_idx.movie_id)
                    Filter: ((production_year > 1959) AND (kind_id = 1))
                    Rows Removed by Filter: 0
Planning time: 1.156 ms
Execution time: 1009.259 ms
