Hash Join  (cost=94699.36..846070.04 rows=58152 width=0) (actual time=1115.974..14886.403 rows=95723 loops=1)
  Hash Cond: (ci.movie_id = t.id)
  ->  Seq Scan on cast_info ci  (cost=0.00..614943.12 rows=36225612 width=4) (actual time=0.024..6477.646 rows=36244344 loops=1)
  ->  Hash  (cost=94648.62..94648.62 rows=4059 width=8) (actual time=1111.161..1111.161 rows=2967 loops=1)
        Buckets: 4096  Batches: 1  Memory Usage: 148kB
        ->  Hash Join  (cost=67697.55..94648.62 rows=4059 width=8) (actual time=665.399..1110.046 rows=2967 loops=1)
              Hash Cond: (mi_idx.movie_id = t.id)
              ->  Seq Scan on movie_info_idx mi_idx  (cost=0.00..21735.35 rows=1380035 width=4) (actual time=0.022..210.377 rows=1380035 loops=1)
              ->  Hash  (cost=67604.59..67604.59 rows=7437 width=4) (actual time=665.240..665.240 rows=2202 loops=1)
                    Buckets: 8192  Batches: 1  Memory Usage: 142kB
                    ->  Seq Scan on title t  (cost=0.00..67604.59 rows=7437 width=4) (actual time=118.177..664.295 rows=2202 loops=1)
                          Filter: (production_year = 1940)
                          Rows Removed by Filter: 2526110
Planning time: 1.200 ms
Execution time: 14900.768 ms
