Seq Scan on movie_keyword mk  (cost=0.00..81003.12 rows=1319546 width=0) (actual time=0.018..1473.631 rows=1328422 loops=1)
  Filter: (keyword_id < 1738)
  Rows Removed by Filter: 3195508
Planning time: 1.138 ms
Execution time: 1643.044 ms
