Hash Join  (cost=83074.74..109989.30 rows=45 width=0) (actual time=794.421..1275.115 rows=66 loops=1)
  Hash Cond: (mi_idx.movie_id = t.id)
  ->  Seq Scan on movie_info_idx mi_idx  (cost=0.00..25185.44 rows=460978 width=4) (actual time=0.025..414.864 rows=459925 loops=1)
        Filter: (info_type_id < 100)
        Rows Removed by Filter: 920110
  ->  Hash  (cost=83071.67..83071.67 rows=246 width=8) (actual time=793.593..793.593 rows=76 loops=1)
        Buckets: 1024  Batches: 1  Memory Usage: 11kB
        ->  Nested Loop  (cost=0.43..83071.67 rows=246 width=8) (actual time=3.892..793.518 rows=76 loops=1)
              ->  Seq Scan on movie_keyword mk  (cost=0.00..81003.12 rows=246 width=4) (actual time=3.811..791.080 rows=76 loops=1)
                    Filter: (keyword_id = 27943)
                    Rows Removed by Filter: 4523854
              ->  Index Only Scan using title_pkey on title t  (cost=0.43..8.40 rows=1 width=4) (actual time=0.029..0.029 rows=1 loops=76)
                    Index Cond: (id = mk.movie_id)
                    Heap Fetches: 76
Planning time: 1.155 ms
Execution time: 1275.295 ms
