Seq Scan on movie_companies mc  (cost=0.00..51404.11 rows=1851435 width=0) (actual time=0.021..806.921 rows=1845930 loops=1)
  Filter: (company_id < 34998)
  Rows Removed by Filter: 763199
Planning time: 0.294 ms
Execution time: 1054.308 ms
