Hash Join  (cost=118860.03..975776.13 rows=226285 width=0) (actual time=1920.852..18063.327 rows=1328439 loops=1)
  Hash Cond: (ci.movie_id = t.id)
  ->  Seq Scan on cast_info ci  (cost=0.00..796071.18 rows=5028019 width=4) (actual time=0.022..12190.398 rows=10279958 loops=1)
        Filter: ((person_id > 2577806) AND (role_id > 2))
        Rows Removed by Filter: 25964386
  ->  Hash  (cost=116992.58..116992.58 rows=113796 width=8) (actual time=1920.039..1920.039 rows=129616 loops=1)
        Buckets: 131072  Batches: 2  Memory Usage: 3550kB
        ->  Hash Join  (cost=77347.14..116992.58 rows=113796 width=8) (actual time=1011.786..1883.463 rows=129616 loops=1)
              Hash Cond: (mi_idx.movie_id = t.id)
              ->  Seq Scan on movie_info_idx mi_idx  (cost=0.00..21735.35 rows=1380035 width=4) (actual time=0.018..343.736 rows=1380035 loops=1)
              ->  Hash  (cost=73925.90..73925.90 rows=208499 width=4) (actual time=1011.032..1011.032 rows=182393 loops=1)
                    Buckets: 131072  Batches: 4  Memory Usage: 2628kB
                    ->  Seq Scan on title t  (cost=0.00..73925.90 rows=208499 width=4) (actual time=0.023..950.897 rows=182393 loops=1)
                          Filter: ((production_year > 2007) AND (kind_id = 1))
                          Rows Removed by Filter: 2345919
Planning time: 1.151 ms
Execution time: 18209.341 ms
