Hash Join  (cost=76690.42..590939.00 rows=3227865 width=0) (actual time=1096.207..13537.455 rows=4689644 loops=1)
  Hash Cond: (mi.movie_id = t.id)
  ->  Seq Scan on movie_info mi  (cost=0.00..309384.22 rows=14739122 width=4) (actual time=0.011..4578.431 rows=14835720 loops=1)
  ->  Hash  (cost=67604.59..67604.59 rows=553747 width=4) (actual time=1095.349..1095.349 rows=552960 loops=1)
        Buckets: 131072  Batches: 8  Memory Usage: 3452kB
        ->  Seq Scan on title t  (cost=0.00..67604.59 rows=553747 width=4) (actual time=0.029..910.378 rows=552960 loops=1)
              Filter: (production_year < 1983)
              Rows Removed by Filter: 1975352
Planning time: 0.734 ms
Execution time: 14047.787 ms
