Hash Join  (cost=108512.73..200933.22 rows=61327 width=0) (actual time=1563.020..3300.043 rows=38187 loops=1)
  Hash Cond: (mk.movie_id = t.id)
  ->  Seq Scan on movie_keyword mk  (cost=0.00..81003.12 rows=2881094 width=4) (actual time=0.018..1286.648 rows=2868889 loops=1)
        Filter: (keyword_id > 2523)
        Rows Removed by Filter: 1655041
  ->  Hash  (cost=107839.95..107839.95 rows=53822 width=8) (actual time=1562.226..1562.226 rows=19082 loops=1)
        Buckets: 65536  Batches: 1  Memory Usage: 1258kB
        ->  Hash Join  (cost=69223.25..107839.95 rows=53822 width=8) (actual time=831.775..1555.756 rows=19082 loops=1)
              Hash Cond: (mi_idx.movie_id = t.id)
              ->  Seq Scan on movie_info_idx mi_idx  (cost=0.00..21735.35 rows=1380035 width=4) (actual time=0.022..332.487 rows=1380035 loops=1)
              ->  Hash  (cost=67604.59..67604.59 rows=98613 width=4) (actual time=830.814..830.814 rows=98579 loops=1)
                    Buckets: 131072  Batches: 2  Memory Usage: 2754kB
                    ->  Seq Scan on title t  (cost=0.00..67604.59 rows=98613 width=4) (actual time=185.215..794.339 rows=98579 loops=1)
                          Filter: (production_year < 1924)
                          Rows Removed by Filter: 2429733
Planning time: 1.091 ms
Execution time: 3305.229 ms
