Seq Scan on title t  (cost=0.00..73925.90 rows=53337 width=0) (actual time=58.405..908.682 rows=138620 loops=1)
  Filter: ((kind_id < 7) AND (production_year < 1939))
  Rows Removed by Filter: 2389692
Planning time: 0.202 ms
Execution time: 927.182 ms
