Hash Join  (cost=81025.55..212957.81 rows=634774 width=0) (actual time=1124.056..4430.212 rows=911772 loops=1)
  Hash Cond: (mk.movie_id = t.id)
  ->  Seq Scan on movie_keyword mk  (cost=0.00..81003.12 rows=3709437 width=4) (actual time=0.019..1482.995 rows=3703341 loops=1)
        Filter: (keyword_id < 22354)
        Rows Removed by Filter: 820589
  ->  Hash  (cost=73925.90..73925.90 rows=432692 width=4) (actual time=1122.460..1122.460 rows=368246 loops=1)
        Buckets: 131072  Batches: 8  Memory Usage: 2646kB
        ->  Seq Scan on title t  (cost=0.00..73925.90 rows=432692 width=4) (actual time=0.014..1008.554 rows=368246 loops=1)
              Filter: ((kind_id < 7) AND (production_year > 2004))
              Rows Removed by Filter: 2160066
Planning time: 0.734 ms
Execution time: 4547.750 ms
