Hash Join  (cost=78593.13..118949.92 rows=155231 width=0) (actual time=1123.580..2241.231 rows=370107 loops=1)
  Hash Cond: (mi_idx.movie_id = t.id)
  ->  Seq Scan on movie_info_idx mi_idx  (cost=0.00..21735.35 rows=1380035 width=4) (actual time=0.012..371.792 rows=1380035 loops=1)
  ->  Hash  (cost=73925.90..73925.90 rows=284418 width=4) (actual time=1122.690..1122.690 rows=382296 loops=1)
        Buckets: 131072 (originally 131072)  Batches: 8 (originally 4)  Memory Usage: 3073kB
        ->  Seq Scan on title t  (cost=0.00..73925.90 rows=284418 width=4) (actual time=0.014..995.254 rows=382296 loops=1)
              Filter: ((production_year < 2001) AND (kind_id = 1))
              Rows Removed by Filter: 2146016
Planning time: 0.706 ms
Execution time: 2280.049 ms
