Hash Join  (cost=102451.81..826131.28 rows=65723 width=0) (actual time=6270.543..14285.344 rows=66393 loops=1)
  Hash Cond: (ci.movie_id = t.id)
  ->  Seq Scan on cast_info ci  (cost=0.00..705507.15 rows=4670689 width=4) (actual time=4432.654..10808.947 rows=4639136 loops=1)
        Filter: (role_id > 9)
        Rows Removed by Filter: 31605208
  ->  Hash  (cost=102007.06..102007.06 rows=35580 width=8) (actual time=1836.687..1836.687 rows=85989 loops=1)
        Buckets: 131072 (originally 65536)  Batches: 2 (originally 1)  Memory Usage: 3073kB
        ->  Hash Join  (cost=74740.78..102007.06 rows=35580 width=8) (actual time=960.450..1802.750 rows=85989 loops=1)
              Hash Cond: (mi_idx.movie_id = t.id)
              ->  Seq Scan on movie_info_idx mi_idx  (cost=0.00..21735.35 rows=1380035 width=4) (actual time=0.035..252.799 rows=1380035 loops=1)
              ->  Hash  (cost=73925.90..73925.90 rows=65190 width=4) (actual time=959.944..959.944 rows=164932 loops=1)
                    Buckets: 131072 (originally 65536)  Batches: 2 (originally 1)  Memory Usage: 3925kB
                    ->  Seq Scan on title t  (cost=0.00..73925.90 rows=65190 width=4) (actual time=0.193..897.001 rows=164932 loops=1)
                          Filter: ((kind_id < 7) AND (production_year < 1951))
                          Rows Removed by Filter: 2363380
Planning time: 1.147 ms
Execution time: 14294.808 ms
