Seq Scan on movie_keyword mk  (cost=0.00..81003.12 rows=123875 width=0) (actual time=0.023..1044.762 rows=120641 loops=1)
  Filter: (keyword_id > 77913)
  Rows Removed by Filter: 4403289
Planning time: 0.317 ms
Execution time: 1060.693 ms
