Hash Join  (cost=201139.52..339605.34 rows=1351278 width=0) (actual time=3510.746..6939.556 rows=2539285 loops=1)
  Hash Cond: (mk.movie_id = t.id)
  ->  Seq Scan on movie_keyword mk  (cost=0.00..69693.30 rows=4523930 width=4) (actual time=0.012..1087.178 rows=4523930 loops=1)
  ->  Hash  (cost=188747.77..188747.77 rows=755260 width=8) (actual time=3509.482..3509.482 rows=470100 loops=1)
        Buckets: 131072  Batches: 16  Memory Usage: 2173kB
        ->  Hash Join  (cost=102767.86..188747.77 rows=755260 width=8) (actual time=1662.275..3357.448 rows=470100 loops=1)
              Hash Cond: (mc.movie_id = t.id)
              ->  Seq Scan on movie_companies mc  (cost=0.00..57926.93 rows=755260 width=4) (actual time=0.020..873.479 rows=470100 loops=1)
                    Filter: ((company_id < 13410) AND (company_type_id > 1))
                    Rows Removed by Filter: 2139029
              ->  Hash  (cost=61283.27..61283.27 rows=2528527 width=4) (actual time=1661.577..1661.577 rows=2528312 loops=1)
                    Buckets: 131072  Batches: 64  Memory Usage: 2415kB
                    ->  Seq Scan on title t  (cost=0.00..61283.27 rows=2528527 width=4) (actual time=0.021..821.257 rows=2528312 loops=1)
Planning time: 1.159 ms
Execution time: 7188.090 ms
