Hash Join  (cost=103983.06..194191.20 rows=23695 width=0) (actual time=1557.667..3040.029 rows=18428 loops=1)
  Hash Cond: (mk.movie_id = t.id)
  ->  Seq Scan on movie_keyword mk  (cost=0.00..81003.12 rows=2391483 width=4) (actual time=0.010..1142.797 rows=2390660 loops=1)
        Filter: (keyword_id < 5545)
        Rows Removed by Filter: 2133270
  ->  Hash  (cost=103669.90..103669.90 rows=25053 width=8) (actual time=1557.431..1557.431 rows=13046 loops=1)
        Buckets: 32768  Batches: 1  Memory Usage: 766kB
        ->  Hash Join  (cost=74787.47..103669.90 rows=25053 width=8) (actual time=1313.871..1553.144 rows=13046 loops=1)
              Hash Cond: (mi_idx.movie_id = t.id)
              ->  Seq Scan on movie_info_idx mi_idx  (cost=0.00..25185.44 rows=919057 width=4) (actual time=0.008..398.373 rows=920110 loops=1)
                    Filter: (info_type_id > 99)
                    Rows Removed by Filter: 459925
              ->  Hash  (cost=73925.90..73925.90 rows=68925 width=4) (actual time=961.631..961.631 rows=84076 loops=1)
                    Buckets: 131072  Batches: 1  Memory Usage: 3980kB
                    ->  Seq Scan on title t  (cost=0.00..73925.90 rows=68925 width=4) (actual time=0.010..930.805 rows=84076 loops=1)
                          Filter: ((kind_id = 7) AND (production_year = 2007))
                          Rows Removed by Filter: 2444236
Planning time: 0.761 ms
Execution time: 3042.208 ms
