Hash Join  (cost=172074.75..933456.20 rows=231814 width=0) (actual time=2675.429..17987.235 rows=859669 loops=1)
  Hash Cond: (ci.movie_id = t.id)
  ->  Seq Scan on cast_info ci  (cost=0.00..705507.15 rows=14281642 width=4) (actual time=0.021..9644.897 rows=14433742 loops=1)
        Filter: (person_id > 2217115)
        Rows Removed by Filter: 21810602
  ->  Hash  (cost=171561.73..171561.73 rows=41042 width=8) (actual time=2674.982..2674.982 rows=80485 loops=1)
        Buckets: 131072 (originally 65536)  Batches: 2 (originally 1)  Memory Usage: 3073kB
        ->  Hash Join  (cost=102767.86..171561.73 rows=41042 width=8) (actual time=2044.406..2649.862 rows=80485 loops=1)
              Hash Cond: (mc.movie_id = t.id)
              ->  Seq Scan on movie_companies mc  (cost=0.00..57926.93 rows=41042 width=4) (actual time=381.832..650.952 rows=80485 loops=1)
                    Filter: ((company_id > 169742) AND (company_type_id > 1))
                    Rows Removed by Filter: 2528644
              ->  Hash  (cost=61283.27..61283.27 rows=2528527 width=4) (actual time=1660.824..1660.824 rows=2528312 loops=1)
                    Buckets: 131072  Batches: 64  Memory Usage: 2415kB
                    ->  Seq Scan on title t  (cost=0.00..61283.27 rows=2528527 width=4) (actual time=0.023..799.502 rows=2528312 loops=1)
Planning time: 1.147 ms
Execution time: 18095.153 ms
