Hash Join  (cost=83810.17..179897.18 rows=283415 width=0) (actual time=1567.839..3125.374 rows=613262 loops=1)
  Hash Cond: (mk.movie_id = t.id)
  ->  Seq Scan on movie_keyword mk  (cost=0.00..81003.12 rows=725527 width=4) (actual time=0.016..1019.988 rows=731224 loops=1)
        Filter: (keyword_id > 25676)
        Rows Removed by Filter: 3792706
  ->  Hash  (cost=67604.59..67604.59 rows=987727 width=4) (actual time=1566.910..1566.910 rows=985048 loops=1)
        Buckets: 131072  Batches: 16  Memory Usage: 3197kB
        ->  Seq Scan on title t  (cost=0.00..67604.59 rows=987727 width=4) (actual time=0.015..957.683 rows=985048 loops=1)
              Filter: (kind_id < 7)
              Rows Removed by Filter: 1543264
Planning time: 0.748 ms
Execution time: 3177.523 ms
