Hash Join  (cost=101269.04..466480.43 rows=55548 width=0) (actual time=1626.511..9125.321 rows=394154 loops=1)
  Hash Cond: (mi.movie_id = t.id)
  ->  Seq Scan on movie_info mi  (cost=0.00..309384.22 rows=14739122 width=4) (actual time=0.015..4094.155 rows=14835720 loops=1)
  ->  Hash  (cost=101149.93..101149.93 rows=9529 width=8) (actual time=1626.360..1626.360 rows=16833 loops=1)
        Buckets: 32768 (originally 16384)  Batches: 1 (originally 1)  Memory Usage: 914kB
        ->  Hash Join  (cost=74144.15..101149.93 rows=9529 width=8) (actual time=1039.413..1619.930 rows=16833 loops=1)
              Hash Cond: (mi_idx.movie_id = t.id)
              ->  Seq Scan on movie_info_idx mi_idx  (cost=0.00..21735.35 rows=1380035 width=4) (actual time=0.016..291.316 rows=1380035 loops=1)
              ->  Hash  (cost=73925.90..73925.90 rows=17460 width=4) (actual time=1039.219..1039.219 rows=11362 loops=1)
                    Buckets: 32768  Batches: 1  Memory Usage: 656kB
                    ->  Seq Scan on title t  (cost=0.00..73925.90 rows=17460 width=4) (actual time=0.068..1033.696 rows=11362 loops=1)
                          Filter: ((kind_id < 3) AND (production_year = 2001))
                          Rows Removed by Filter: 2516950
Planning time: 1.409 ms
Execution time: 9181.269 ms
