Hash Join  (cost=79110.05..547987.62 rows=1184037 width=0) (actual time=1087.228..11638.480 rows=3593299 loops=1)
  Hash Cond: (mi.movie_id = t.id)
  ->  Seq Scan on movie_info mi  (cost=0.00..346232.03 rows=9476311 width=4) (actual time=0.014..5341.493 rows=9565151 loops=1)
        Filter: (info_type_id < 16)
        Rows Removed by Filter: 5270569
  ->  Hash  (cost=73925.90..73925.90 rows=315932 width=4) (actual time=1086.345..1086.345 rows=433359 loops=1)
        Buckets: 131072  Batches: 8  Memory Usage: 2946kB
        ->  Seq Scan on title t  (cost=0.00..73925.90 rows=315932 width=4) (actual time=0.043..945.385 rows=433359 loops=1)
              Filter: ((kind_id < 7) AND (production_year < 1995))
              Rows Removed by Filter: 2094953
Planning time: 0.757 ms
Execution time: 12026.651 ms
