Seq Scan on cast_info ci  (cost=0.00..705507.15 rows=500 width=0) (actual time=3468.379..8041.766 rows=5 loops=1)
  Filter: (person_id = 2485096)
  Rows Removed by Filter: 36244339
Planning time: 0.351 ms
Execution time: 8041.841 ms
