Hash Join  (cost=74246.92..158110.95 rows=7544 width=0) (actual time=742.988..2021.754 rows=5158 loops=1)
  Hash Cond: (mk.movie_id = t.id)
  ->  Seq Scan on movie_keyword mk  (cost=0.00..81003.12 rows=742790 width=4) (actual time=0.022..1119.120 rows=744757 loops=1)
        Filter: (keyword_id < 679)
        Rows Removed by Filter: 3779173
  ->  Hash  (cost=73925.90..73925.90 rows=25681 width=4) (actual time=741.570..741.570 rows=23707 loops=1)
        Buckets: 32768  Batches: 1  Memory Usage: 1090kB
        ->  Seq Scan on title t  (cost=0.00..73925.90 rows=25681 width=4) (actual time=0.032..732.145 rows=23707 loops=1)
              Filter: ((kind_id < 7) AND (production_year = 2013))
              Rows Removed by Filter: 2504605
Planning time: 0.717 ms
Execution time: 2022.883 ms
