Hash Join  (cost=89893.22..1257078.50 rows=11435342 width=0) (actual time=1462.835..33415.770 rows=13234998 loops=1)
  Hash Cond: (ci.movie_id = t.id)
  ->  Seq Scan on cast_info ci  (cost=0.00..705507.15 rows=29710058 width=4) (actual time=0.013..13120.832 rows=29815866 loops=1)
        Filter: (person_id > 620649)
        Rows Removed by Filter: 6428478
  ->  Hash  (cost=73925.90..73925.90 rows=973225 width=4) (actual time=1461.638..1461.638 rows=1057588 loops=1)
        Buckets: 131072  Batches: 16  Memory Usage: 3355kB
        ->  Seq Scan on title t  (cost=0.00..73925.90 rows=973225 width=4) (actual time=0.026..1136.793 rows=1057588 loops=1)
              Filter: ((kind_id > 1) AND (production_year > 2001))
              Rows Removed by Filter: 1470724
Planning time: 0.749 ms
Execution time: 35021.045 ms
