Nested Loop  (cost=0.43..709674.40 rows=88 width=0) (actual time=372.616..8512.223 rows=24 loops=1)
  ->  Seq Scan on cast_info ci  (cost=0.00..705507.15 rows=500 width=4) (actual time=372.545..8509.375 rows=150 loops=1)
        Filter: (person_id = 1862580)
        Rows Removed by Filter: 36244194
  ->  Index Scan using title_pkey on title t  (cost=0.43..8.32 rows=1 width=4) (actual time=0.018..0.018 rows=0 loops=150)
        Index Cond: (id = ci.movie_id)
        Filter: ((kind_id < 7) AND (production_year < 2002))
        Rows Removed by Filter: 1
Planning time: 0.795 ms
Execution time: 8512.364 ms
