Hash Join  (cost=125844.89..1207175.19 rows=4626514 width=0) (actual time=2627.893..34883.828 rows=9326416 loops=1)
  Hash Cond: (ci.movie_id = t.id)
  ->  Seq Scan on cast_info ci  (cost=0.00..614943.12 rows=36225612 width=4) (actual time=0.012..13250.843 rows=36244344 loops=1)
  ->  Hash  (cost=120546.29..120546.29 rows=322928 width=8) (actual time=2626.996..2626.996 rows=375670 loops=1)
        Buckets: 131072  Batches: 8  Memory Usage: 2865kB
        ->  Hash Join  (cost=77312.52..120546.29 rows=322928 width=8) (actual time=1228.809..2515.411 rows=375670 loops=1)
              Hash Cond: (mi_idx.movie_id = t.id)
              ->  Seq Scan on movie_info_idx mi_idx  (cost=0.00..21735.35 rows=1380035 width=4) (actual time=0.019..486.927 rows=1380035 loops=1)
              ->  Hash  (cost=67604.59..67604.59 rows=591675 width=4) (actual time=1227.831..1227.831 rows=585020 loops=1)
                    Buckets: 131072  Batches: 8  Memory Usage: 3586kB
                    ->  Seq Scan on title t  (cost=0.00..67604.59 rows=591675 width=4) (actual time=0.023..1037.234 rows=585020 loops=1)
                          Filter: (production_year < 1985)
                          Rows Removed by Filter: 1943292
Planning time: 1.193 ms
Execution time: 35993.735 ms
