Hash Join  (cost=122593.72..1181782.55 rows=2471165 width=0) (actual time=2287.965..31099.307 rows=11432168 loops=1)
  Hash Cond: (ci.movie_id = t.id)
  ->  Seq Scan on cast_info ci  (cost=0.00..614943.12 rows=36225612 width=4) (actual time=0.020..10489.137 rows=36244344 loops=1)
  ->  Hash  (cost=119763.65..119763.65 rows=172486 width=8) (actual time=2287.114..2287.114 rows=398500 loops=1)
        Buckets: 131072 (originally 131072)  Batches: 8 (originally 4)  Memory Usage: 3073kB
        ->  Hash Join  (cost=79111.30..119763.65 rows=172486 width=8) (actual time=1202.156..2178.761 rows=398500 loops=1)
              Hash Cond: (mi_idx.movie_id = t.id)
              ->  Seq Scan on movie_info_idx mi_idx  (cost=0.00..21735.35 rows=1380035 width=4) (actual time=0.014..367.346 rows=1380035 loops=1)
              ->  Hash  (cost=73925.90..73925.90 rows=316032 width=4) (actual time=1064.504..1064.504 rows=400740 loops=1)
                    Buckets: 131072  Batches: 8  Memory Usage: 2793kB
                    ->  Seq Scan on title t  (cost=0.00..73925.90 rows=316032 width=4) (actual time=41.671..937.616 rows=400740 loops=1)
                          Filter: ((kind_id < 2) AND (production_year < 2003))
                          Rows Removed by Filter: 2127572
Planning time: 1.005 ms
Execution time: 32315.411 ms
