Hash Join  (cost=78917.17..111176.83 rows=55456 width=0) (actual time=1207.300..1965.326 rows=130095 loops=1)
  Hash Cond: (mi_idx.movie_id = t.id)
  ->  Seq Scan on movie_info_idx mi_idx  (cost=0.00..25185.44 rows=460978 width=4) (actual time=0.017..423.269 rows=459925 loops=1)
        Filter: (info_type_id < 100)
        Rows Removed by Filter: 920110
  ->  Hash  (cost=73925.90..73925.90 rows=304181 width=4) (actual time=1206.530..1206.530 rows=422218 loops=1)
        Buckets: 131072 (originally 131072)  Batches: 8 (originally 4)  Memory Usage: 3073kB
        ->  Seq Scan on title t  (cost=0.00..73925.90 rows=304181 width=4) (actual time=0.082..1062.729 rows=422218 loops=1)
              Filter: ((kind_id < 7) AND (production_year < 1994))
              Rows Removed by Filter: 2106094
Planning time: 0.769 ms
Execution time: 1980.550 ms
