Hash Join  (cost=133318.20..849113.33 rows=3160 width=0) (actual time=8975.183..12995.911 rows=20561 loops=1)
  Hash Cond: (ci.movie_id = t.id)
  ->  Seq Scan on cast_info ci  (cost=0.00..705507.15 rows=2735034 width=4) (actual time=7190.005..10680.027 rows=2728943 loops=1)
        Filter: (role_id = 4)
        Rows Removed by Filter: 33515401
  ->  Hash  (cost=133281.69..133281.69 rows=2921 width=8) (actual time=1785.033..1785.033 rows=13820 loops=1)
        Buckets: 16384 (originally 4096)  Batches: 1 (originally 1)  Memory Usage: 668kB
        ->  Hash Join  (cost=74246.92..133281.69 rows=2921 width=8) (actual time=891.144..1779.547 rows=13820 loops=1)
              Hash Cond: (mc.movie_id = t.id)
              ->  Seq Scan on movie_companies mc  (cost=0.00..57926.93 rows=287634 width=4) (actual time=0.118..746.208 rows=569294 loops=1)
                    Filter: ((company_id > 71399) AND (company_type_id > 1))
                    Rows Removed by Filter: 2039835
              ->  Hash  (cost=73925.90..73925.90 rows=25681 width=4) (actual time=890.768..890.768 rows=23707 loops=1)
                    Buckets: 32768  Batches: 1  Memory Usage: 1090kB
                    ->  Seq Scan on title t  (cost=0.00..73925.90 rows=25681 width=4) (actual time=0.050..882.147 rows=23707 loops=1)
                          Filter: ((kind_id < 7) AND (production_year = 2013))
                          Rows Removed by Filter: 2504605
Planning time: 0.774 ms
Execution time: 12999.739 ms
