Hash Join  (cost=468414.46..601355.56 rows=897806 width=0) (actual time=6767.010..9728.445 rows=716214 loops=1)
  Hash Cond: (mk.movie_id = t.id)
  ->  Seq Scan on movie_keyword mk  (cost=0.00..69693.30 rows=4523930 width=4) (actual time=0.014..1197.747 rows=4523930 loops=1)
  ->  Hash  (cost=460180.91..460180.91 rows=501804 width=8) (actual time=6765.442..6765.442 rows=306435 loops=1)
        Buckets: 131072  Batches: 8  Memory Usage: 2521kB
        ->  Hash Join  (cost=90393.38..460180.91 rows=501804 width=8) (actual time=2301.417..6669.976 rows=306435 loops=1)
              Hash Cond: (mi.movie_id = t.id)
              ->  Seq Scan on movie_info mi  (cost=0.00..346232.03 rows=1264125 width=4) (actual time=761.566..4207.444 rows=1288928 loops=1)
                    Filter: (info_type_id = 2)
                    Rows Removed by Filter: 13546792
              ->  Hash  (cost=73925.90..73925.90 rows=1003718 width=4) (actual time=1538.781..1538.781 rows=1100821 loops=1)
                    Buckets: 131072  Batches: 16  Memory Usage: 3456kB
                    ->  Seq Scan on title t  (cost=0.00..73925.90 rows=1003718 width=4) (actual time=0.023..969.063 rows=1100821 loops=1)
                          Filter: ((kind_id > 2) AND (production_year > 1999))
                          Rows Removed by Filter: 1427491
Planning time: 1.079 ms
Execution time: 9792.771 ms
