Hash Join  (cost=102843.44..189591.31 rows=8983 width=0) (actual time=1474.856..3096.976 rows=9128 loops=1)
  Hash Cond: (mk.movie_id = t.id)
  ->  Seq Scan on movie_keyword mk  (cost=0.00..69693.30 rows=4523930 width=4) (actual time=0.023..797.966 rows=4523930 loops=1)
  ->  Hash  (cost=102780.68..102780.68 rows=5021 width=8) (actual time=1474.250..1474.250 rows=3834 loops=1)
        Buckets: 8192  Batches: 1  Memory Usage: 214kB
        ->  Hash Join  (cost=74098.57..102780.68 rows=5021 width=8) (actual time=1146.238..1472.821 rows=3834 loops=1)
              Hash Cond: (mi_idx.movie_id = t.id)
              ->  Seq Scan on movie_info_idx mi_idx  (cost=0.00..25185.44 rows=919057 width=4) (actual time=0.025..382.096 rows=920110 loops=1)
                    Filter: (info_type_id > 99)
                    Rows Removed by Filter: 459925
              ->  Hash  (cost=73925.90..73925.90 rows=13813 width=4) (actual time=945.422..945.422 rows=9391 loops=1)
                    Buckets: 16384  Batches: 1  Memory Usage: 459kB
                    ->  Seq Scan on title t  (cost=0.00..73925.90 rows=13813 width=4) (actual time=42.253..941.342 rows=9391 loops=1)
                          Filter: ((production_year < 1968) AND (kind_id = 3))
                          Rows Removed by Filter: 2518921
Planning time: 1.171 ms
Execution time: 3098.400 ms
