Hash Join  (cost=353510.66..1509810.60 rows=17412627 width=0) (actual time=7937.301..46382.405 rows=70608028 loops=1)
  Hash Cond: (ci.movie_id = t.id)
  ->  Seq Scan on cast_info ci  (cost=0.00..796071.18 rows=11145798 width=4) (actual time=5.791..14943.863 rows=12670688 loops=1)
        Filter: ((person_id < 3235011) AND (role_id < 2))
        Rows Removed by Filter: 23573656
  ->  Hash  (cost=288701.98..288701.98 rows=3950215 width=8) (actual time=7929.465..7929.465 rows=3947775 loops=1)
        Buckets: 131072  Batches: 64  Memory Usage: 3458kB
        ->  Hash Join  (cost=102767.86..288701.98 rows=3950215 width=8) (actual time=1644.666..6795.126 rows=3947775 loops=1)
              Hash Cond: (mk.movie_id = t.id)
              ->  Seq Scan on movie_keyword mk  (cost=0.00..81003.12 rows=3950215 width=4) (actual time=0.020..1572.058 rows=3947775 loops=1)
                    Filter: (keyword_id > 405)
                    Rows Removed by Filter: 576155
              ->  Hash  (cost=61283.27..61283.27 rows=2528527 width=4) (actual time=1643.829..1643.829 rows=2528312 loops=1)
                    Buckets: 131072  Batches: 64  Memory Usage: 2425kB
                    ->  Seq Scan on title t  (cost=0.00..61283.27 rows=2528527 width=4) (actual time=0.018..813.697 rows=2528312 loops=1)
Planning time: 1.497 ms
Execution time: 53326.271 ms
