Nested Loop  (cost=0.43..709671.90 rows=500 width=0) (actual time=1290.268..8423.999 rows=130 loops=1)
  ->  Seq Scan on cast_info ci  (cost=0.00..705507.15 rows=500 width=4) (actual time=1290.193..8422.585 rows=130 loops=1)
        Filter: (person_id = 3696737)
        Rows Removed by Filter: 36244214
  ->  Index Only Scan using title_pkey on title t  (cost=0.43..8.32 rows=1 width=4) (actual time=0.010..0.010 rows=1 loops=130)
        Index Cond: (id = ci.movie_id)
        Heap Fetches: 130
Planning time: 0.747 ms
Execution time: 8424.096 ms
