Hash Join  (cost=937994.96..1320092.11 rows=723331 width=0) (actual time=15557.885..21206.696 rows=574699 loops=1)
  Hash Cond: (mi.movie_id = t.id)
  ->  Seq Scan on movie_info mi  (cost=0.00..346232.03 rows=2194617 width=4) (actual time=0.020..4396.629 rows=2233850 loops=1)
        Filter: (info_type_id > 16)
        Rows Removed by Filter: 12601870
  ->  Hash  (cost=924321.65..924321.65 rows=833385 width=8) (actual time=15556.709..15556.709 rows=677867 loops=1)
        Buckets: 131072  Batches: 16  Memory Usage: 2669kB
        ->  Hash Join  (cost=98137.04..924321.65 rows=833385 width=8) (actual time=3678.716..15385.025 rows=677867 loops=1)
              Hash Cond: (ci.movie_id = t.id)
              ->  Seq Scan on cast_info ci  (cost=0.00..796071.18 rows=1132316 width=4) (actual time=2174.798..12029.776 rows=1093558 loops=1)
                    Filter: ((person_id < 3952495) AND (role_id = 9))
                    Rows Removed by Filter: 35150786
              ->  Hash  (cost=67604.59..67604.59 rows=1860996 width=4) (actual time=1502.739..1502.739 rows=1865487 loops=1)
                    Buckets: 131072  Batches: 32  Memory Usage: 3079kB
                    ->  Seq Scan on title t  (cost=0.00..67604.59 rows=1860996 width=4) (actual time=0.030..962.110 rows=1865487 loops=1)
                          Filter: (kind_id > 1)
                          Rows Removed by Filter: 662825
Planning time: 1.100 ms
Execution time: 21275.541 ms
