Hash Join  (cost=85435.26..974320.64 rows=1742936 width=0) (actual time=3131.325..14078.153 rows=1421874 loops=1)
  Hash Cond: (ci.movie_id = t.id)
  ->  Seq Scan on cast_info ci  (cost=0.00..796071.18 rows=6282625 width=4) (actual time=1821.069..10367.504 rows=4208189 loops=1)
        Filter: ((person_id > 2941498) AND (role_id < 10))
        Rows Removed by Filter: 32036155
  ->  Hash  (cost=73925.90..73925.90 rows=701468 width=4) (actual time=1309.319..1309.319 rows=749931 loops=1)
        Buckets: 131072  Batches: 16  Memory Usage: 2673kB
        ->  Seq Scan on title t  (cost=0.00..73925.90 rows=701468 width=4) (actual time=0.029..1069.911 rows=749931 loops=1)
              Filter: ((kind_id < 7) AND (production_year < 2009))
              Rows Removed by Filter: 1778381
Planning time: 0.726 ms
Execution time: 14220.646 ms
