Seq Scan on movie_keyword mk  (cost=0.00..81003.12 rows=2354089 width=0) (actual time=0.023..1507.921 rows=2350862 loops=1)
  Filter: (keyword_id > 4226)
  Rows Removed by Filter: 2173068
Planning time: 0.261 ms
Execution time: 1793.516 ms
