Hash Join  (cost=89299.55..604707.50 rows=5107758 width=0) (actual time=1537.882..13076.249 rows=4306177 loops=1)
  Hash Cond: (mi.movie_id = t.id)
  ->  Seq Scan on movie_info mi  (cost=0.00..346232.03 rows=9767026 width=4) (actual time=0.021..5535.020 rows=9911754 loops=1)
        Filter: (info_type_id > 4)
        Rows Removed by Filter: 4923966
  ->  Hash  (cost=67604.59..67604.59 rows=1322317 width=4) (actual time=1536.413..1536.413 rows=1322863 loops=1)
        Buckets: 131072  Batches: 32  Memory Usage: 2488kB
        ->  Seq Scan on title t  (cost=0.00..67604.59 rows=1322317 width=4) (actual time=0.030..1088.103 rows=1322863 loops=1)
              Filter: (production_year > 2001)
              Rows Removed by Filter: 1205449
Planning time: 0.708 ms
Execution time: 13552.309 ms
