Hash Join  (cost=126393.04..616104.92 rows=928293 width=0) (actual time=2213.890..12136.255 rows=614270 loops=1)
  Hash Cond: (mi.movie_id = t.id)
  ->  Seq Scan on movie_info mi  (cost=0.00..309384.22 rows=14739122 width=4) (actual time=0.017..4371.963 rows=14835720 loops=1)
  ->  Hash  (cost=123779.41..123779.41 rows=159251 width=8) (actual time=2213.068..2213.068 rows=79307 loops=1)
        Buckets: 131072  Batches: 4  Memory Usage: 1798kB
        ->  Hash Join  (cost=88257.79..123779.41 rows=159251 width=8) (actual time=1365.643..2185.361 rows=79307 loops=1)
              Hash Cond: (mi_idx.movie_id = t.id)
              ->  Seq Scan on movie_info_idx mi_idx  (cost=0.00..25185.44 rows=460978 width=4) (actual time=0.024..402.298 rows=459925 loops=1)
                    Filter: (info_type_id < 100)
                    Rows Removed by Filter: 920110
              ->  Hash  (cost=73925.90..73925.90 rows=873511 width=4) (actual time=1364.913..1364.913 rows=957299 loops=1)
                    Buckets: 131072  Batches: 16  Memory Usage: 3134kB
                    ->  Seq Scan on title t  (cost=0.00..73925.90 rows=873511 width=4) (actual time=0.014..1060.573 rows=957299 loops=1)
                          Filter: ((production_year > 1999) AND (kind_id = 7))
                          Rows Removed by Filter: 1571013
Planning time: 1.111 ms
Execution time: 12209.548 ms
