Hash Join  (cost=300316.09..1743211.49 rows=31892205 width=0) (actual time=6826.092..58627.613 rows=119203341 loops=1)
  Hash Cond: (ci.movie_id = t.id)
  ->  Seq Scan on cast_info ci  (cost=0.00..705507.15 rows=28984676 width=4) (actual time=0.022..12908.162 rows=29053183 loops=1)
        Filter: (person_id > 694731)
        Rows Removed by Filter: 7191161
  ->  Hash  (cost=254670.96..254670.96 rows=2782170 width=8) (actual time=6825.002..6825.002 rows=3430522 loops=1)
        Buckets: 131072  Batches: 64  Memory Usage: 3111kB
        ->  Hash Join  (cost=93117.31..254670.96 rows=2782170 width=8) (actual time=1549.223..6038.169 rows=3430522 loops=1)
              Hash Cond: (mk.movie_id = t.id)
              ->  Seq Scan on movie_keyword mk  (cost=0.00..69693.30 rows=4523930 width=4) (actual time=0.028..1176.228 rows=4523930 loops=1)
              ->  Hash  (cost=67604.59..67604.59 rows=1555018 width=4) (actual time=1548.204..1548.204 rows=1551727 loops=1)
                    Buckets: 131072  Batches: 32  Memory Usage: 2736kB
                    ->  Seq Scan on title t  (cost=0.00..67604.59 rows=1555018 width=4) (actual time=0.016..1036.839 rows=1551727 loops=1)
                          Filter: (production_year < 2007)
                          Rows Removed by Filter: 976585
Planning time: 1.122 ms
Execution time: 70422.925 ms
