Seq Scan on movie_keyword mk  (cost=0.00..81003.12 rows=2887598 width=0) (actual time=0.025..1180.204 rows=2878932 loops=1)
  Filter: (keyword_id < 8946)
  Rows Removed by Filter: 1644998
Planning time: 0.306 ms
Execution time: 1510.849 ms
