Hash Join  (cost=175779.00..266201.60 rows=1115108 width=0) (actual time=3667.397..6536.607 rows=3087016 loops=1)
  Hash Cond: (mc.movie_id = t.id)
  ->  Seq Scan on movie_companies mc  (cost=0.00..44881.29 rows=2609129 width=4) (actual time=0.014..722.962 rows=2609129 loops=1)
  ->  Hash  (cost=158048.77..158048.77 rows=1080659 width=8) (actual time=3666.537..3666.537 rows=1084141 loops=1)
        Buckets: 131072  Batches: 16  Memory Usage: 3683kB
        ->  Hash Join  (cost=100089.65..158048.77 rows=1080659 width=8) (actual time=1678.619..3356.046 rows=1084141 loops=1)
              Hash Cond: (mi_idx.movie_id = t.id)
              ->  Seq Scan on movie_info_idx mi_idx  (cost=0.00..21735.35 rows=1380035 width=4) (actual time=0.014..373.486 rows=1380035 loops=1)
              ->  Hash  (cost=67604.59..67604.59 rows=1980005 width=4) (actual time=1677.774..1677.774 rows=1976617 loops=1)
                    Buckets: 131072  Batches: 32  Memory Usage: 3203kB
                    ->  Seq Scan on title t  (cost=0.00..67604.59 rows=1980005 width=4) (actual time=0.016..1048.370 rows=1976617 loops=1)
                          Filter: (production_year > 1977)
                          Rows Removed by Filter: 551695
Planning time: 1.092 ms
Execution time: 6876.748 ms
