Hash Join  (cost=129938.78..264161.84 rows=467061 width=0) (actual time=2497.742..7038.161 rows=6271199 loops=1)
  Hash Cond: (mk.movie_id = t.id)
  ->  Seq Scan on movie_keyword mk  (cost=0.00..81003.12 rows=4101421 width=4) (actual time=0.014..1510.186 rows=4107997 loops=1)
        Filter: (keyword_id < 41801)
        Rows Removed by Filter: 415933
  ->  Hash  (cost=125214.49..125214.49 rows=287943 width=8) (actual time=2496.608..2496.608 rows=639517 loops=1)
        Buckets: 131072 (originally 131072)  Batches: 8 (originally 4)  Memory Usage: 4175kB
        ->  Hash Join  (cost=82581.58..125214.49 rows=287943 width=8) (actual time=1060.642..2318.365 rows=639517 loops=1)
              Hash Cond: (mi_idx.movie_id = t.id)
              ->  Seq Scan on movie_info_idx mi_idx  (cost=0.00..21735.35 rows=1380035 width=4) (actual time=0.014..366.902 rows=1380035 loops=1)
              ->  Hash  (cost=73925.90..73925.90 rows=527574 width=4) (actual time=1059.809..1059.809 rows=609532 loops=1)
                    Buckets: 131072  Batches: 8  Memory Usage: 3715kB
                    ->  Seq Scan on title t  (cost=0.00..73925.90 rows=527574 width=4) (actual time=0.026..883.253 rows=609532 loops=1)
                          Filter: ((kind_id < 7) AND (production_year < 2005))
                          Rows Removed by Filter: 1918780
Planning time: 1.198 ms
Execution time: 7695.857 ms
