Hash Join  (cost=323346.26..1036584.05 rows=18423703 width=0) (actual time=6516.460..56997.551 rows=175692330 loops=1)
  Hash Cond: (mi.movie_id = t.id)
  ->  Seq Scan on movie_info mi  (cost=0.00..309384.22 rows=14739122 width=4) (actual time=0.020..4673.917 rows=14835720 loops=1)
  ->  Hash  (cost=271491.45..271491.45 rows=3160625 width=8) (actual time=6514.690..6514.690 rows=3003553 loops=1)
        Buckets: 131072  Batches: 64  Memory Usage: 2904kB
        ->  Hash Join  (cost=103076.32..271491.45 rows=3160625 width=8) (actual time=1833.724..5846.566 rows=3003553 loops=1)
              Hash Cond: (mk.movie_id = t.id)
              ->  Seq Scan on movie_keyword mk  (cost=0.00..81003.12 rows=3696349 width=4) (actual time=0.025..1534.271 rows=3693939 loops=1)
                    Filter: (keyword_id > 795)
                    Rows Removed by Filter: 829991
              ->  Hash  (cost=67604.59..67604.59 rows=2162059 width=4) (actual time=1831.846..1831.846 rows=2159747 loops=1)
                    Buckets: 131072  Batches: 32  Memory Usage: 3409kB
                    ->  Seq Scan on title t  (cost=0.00..67604.59 rows=2162059 width=4) (actual time=0.025..1131.242 rows=2159747 loops=1)
                          Filter: (production_year > 1964)
                          Rows Removed by Filter: 368565
Planning time: 1.152 ms
Execution time: 75049.335 ms
