Seq Scan on movie_companies mc  (cost=0.00..57926.93 rows=51 width=0) (actual time=312.844..778.803 rows=6 loops=1)
  Filter: ((company_type_id < 2) AND (company_id = 22840))
  Rows Removed by Filter: 2609123
Planning time: 0.358 ms
Execution time: 778.900 ms
