Nested Loop  (cost=0.43..83072.29 rows=1 width=0) (actual time=942.491..1136.377 rows=1 loops=1)
  ->  Seq Scan on movie_keyword mk  (cost=0.00..81003.12 rows=246 width=4) (actual time=119.109..1134.599 rows=25 loops=1)
        Filter: (keyword_id = 36841)
        Rows Removed by Filter: 4523905
  ->  Index Scan using title_pkey on title t  (cost=0.43..8.40 rows=1 width=4) (actual time=0.066..0.066 rows=0 loops=25)
        Index Cond: (id = mk.movie_id)
        Filter: (production_year = 1959)
        Rows Removed by Filter: 1
Planning time: 0.871 ms
Execution time: 1136.476 ms
