Hash Join  (cost=199734.31..713259.78 rows=3160155 width=0) (actual time=3641.792..19651.617 rows=20989102 loops=1)
  Hash Cond: (mi.movie_id = t.id)
  ->  Seq Scan on movie_info mi  (cost=0.00..309384.22 rows=14739122 width=4) (actual time=0.018..4703.844 rows=14835720 loops=1)
  ->  Hash  (cost=190839.67..190839.67 rows=542131 width=8) (actual time=3640.963..3640.963 rows=412035 loops=1)
        Buckets: 131072  Batches: 8  Memory Usage: 3106kB
        ->  Hash Join  (cost=85777.42..190839.67 rows=542131 width=8) (actual time=1382.778..3502.811 rows=412035 loops=1)
              Hash Cond: (mk.movie_id = t.id)
              ->  Seq Scan on movie_keyword mk  (cost=0.00..81003.12 rows=1237550 width=4) (actual time=0.022..1223.234 rows=1249713 loops=1)
                    Filter: (keyword_id > 14429)
                    Rows Removed by Filter: 3274217
              ->  Hash  (cost=67604.59..67604.59 rows=1107667 width=4) (actual time=1381.742..1381.742 rows=1107925 loops=1)
                    Buckets: 131072  Batches: 16  Memory Usage: 3467kB
                    ->  Seq Scan on title t  (cost=0.00..67604.59 rows=1107667 width=4) (actual time=0.013..1020.322 rows=1107925 loops=1)
                          Filter: (production_year > 2004)
                          Rows Removed by Filter: 1420387
Planning time: 1.154 ms
Execution time: 21803.525 ms
