Hash Join  (cost=77340.56..441997.07 rows=58 width=0) (actual time=713.174..6343.291 rows=148 loops=1)
  Hash Cond: (mi.movie_id = t.id)
  ->  Seq Scan on movie_info mi  (cost=0.00..309384.22 rows=14739122 width=4) (actual time=0.020..2978.169 rows=14835720 loops=1)
  ->  Hash  (cost=77340.43..77340.43 rows=10 width=8) (actual time=712.980..712.980 rows=4 loops=1)
        Buckets: 1024  Batches: 1  Memory Usage: 9kB
        ->  Nested Loop  (cost=0.43..77340.43 rows=10 width=8) (actual time=87.937..712.969 rows=4 loops=1)
              ->  Seq Scan on movie_companies mc  (cost=0.00..51404.11 rows=3392 width=4) (actual time=1.626..660.091 rows=3417 loops=1)
                    Filter: (company_id = 483)
                    Rows Removed by Filter: 2605712
              ->  Index Scan using title_pkey on title t  (cost=0.43..7.64 rows=1 width=4) (actual time=0.015..0.015 rows=0 loops=3417)
                    Index Cond: (id = mc.movie_id)
                    Filter: (production_year = 1988)
                    Rows Removed by Filter: 1
Planning time: 1.203 ms
Execution time: 6343.467 ms
