Hash Join  (cost=100845.01..162558.78 rows=22 width=0) (actual time=1265.611..2209.813 rows=8 loops=1)
  Hash Cond: (mc.movie_id = t.id)
  ->  Seq Scan on movie_companies mc  (cost=0.00..57926.93 rows=1009764 width=4) (actual time=0.010..864.233 rows=1274246 loops=1)
        Filter: ((company_id < 71767) AND (company_type_id < 2))
        Rows Removed by Filter: 1334883
  ->  Hash  (cost=100844.32..100844.32 rows=55 width=8) (actual time=1195.419..1195.419 rows=6 loops=1)
        Buckets: 1024  Batches: 1  Memory Usage: 9kB
        ->  Hash Join  (cost=73929.67..100844.32 rows=55 width=8) (actual time=786.202..1195.386 rows=6 loops=1)
              Hash Cond: (mi_idx.movie_id = t.id)
              ->  Seq Scan on movie_info_idx mi_idx  (cost=0.00..25185.44 rows=460978 width=4) (actual time=0.016..353.160 rows=459925 loops=1)
                    Filter: (info_type_id < 100)
                    Rows Removed by Filter: 920110
              ->  Hash  (cost=73925.90..73925.90 rows=301 width=4) (actual time=780.913..780.913 rows=58 loops=1)
                    Buckets: 1024  Batches: 1  Memory Usage: 11kB
                    ->  Seq Scan on title t  (cost=0.00..73925.90 rows=301 width=4) (actual time=6.185..780.847 rows=58 loops=1)
                          Filter: ((kind_id = 3) AND (production_year = 1950))
                          Rows Removed by Filter: 2528254
Planning time: 1.212 ms
Execution time: 2209.916 ms
