Seq Scan on movie_keyword mk  (cost=0.00..81003.12 rows=2531384 width=0) (actual time=0.025..1446.600 rows=2523553 loops=1)
  Filter: (keyword_id > 3537)
  Rows Removed by Filter: 2000377
Planning time: 0.377 ms
Execution time: 1745.742 ms
