Hash Join  (cost=73957.54..438761.01 rows=14754 width=0) (actual time=836.620..6249.430 rows=27538 loops=1)
  Hash Cond: (mi.movie_id = t.id)
  ->  Seq Scan on movie_info mi  (cost=0.00..309384.22 rows=14739122 width=4) (actual time=0.017..2697.563 rows=14835720 loops=1)
  ->  Hash  (cost=73925.90..73925.90 rows=2531 width=4) (actual time=835.766..835.766 rows=1826 loops=1)
        Buckets: 4096  Batches: 1  Memory Usage: 97kB
        ->  Seq Scan on title t  (cost=0.00..73925.90 rows=2531 width=4) (actual time=9.611..834.808 rows=1826 loops=1)
              Filter: ((kind_id < 4) AND (production_year = 1944))
              Rows Removed by Filter: 2526486
Planning time: 0.793 ms
Execution time: 6254.285 ms
