Seq Scan on movie_keyword mk  (cost=0.00..81003.12 rows=669750 width=0) (actual time=0.019..1152.907 rows=675228 loops=1)
  Filter: (keyword_id > 27769)
  Rows Removed by Filter: 3848702
Planning time: 0.286 ms
Execution time: 1241.399 ms
