Hash Join  (cost=88413.98..1252179.06 rows=12651192 width=0) (actual time=2148.026..33452.011 rows=14649845 loops=1)
  Hash Cond: (ci.movie_id = t.id)
  ->  Seq Scan on cast_info ci  (cost=0.00..614943.12 rows=36225612 width=4) (actual time=0.023..10065.779 rows=36244344 loops=1)
  ->  Hash  (cost=73925.90..73925.90 rows=883046 width=4) (actual time=2147.018..2147.018 rows=960853 loops=1)
        Buckets: 131072  Batches: 16  Memory Usage: 3144kB
        ->  Seq Scan on title t  (cost=0.00..73925.90 rows=883046 width=4) (actual time=0.020..1072.759 rows=960853 loops=1)
              Filter: ((kind_id > 2) AND (production_year > 2002))
              Rows Removed by Filter: 1567459
Planning time: 0.692 ms
Execution time: 35033.297 ms
