Seq Scan on cast_info ci  (cost=0.00..705507.15 rows=5434498 width=0) (actual time=0.019..8632.676 rows=5351267 loops=1)
  Filter: (person_id < 516551)
  Rows Removed by Filter: 30893077
Planning time: 0.323 ms
Execution time: 9227.810 ms
