Hash Join  (cost=325155.06..1512155.09 rows=22385203 width=0) (actual time=6935.955..47967.326 rows=74393455 loops=1)
  Hash Cond: (ci.movie_id = t.id)
  ->  Seq Scan on cast_info ci  (cost=0.00..705507.15 rows=17418377 width=4) (actual time=0.015..11386.617 rows=17543998 loops=1)
        Filter: (person_id > 1863110)
        Rows Removed by Filter: 18700346
  ->  Hash  (cost=271841.89..271841.89 rows=3249533 width=8) (actual time=6934.605..6934.605 rows=3237625 loops=1)
        Buckets: 131072  Batches: 64  Memory Usage: 3023kB
        ->  Hash Join  (cost=102767.86..271841.89 rows=3249533 width=8) (actual time=1731.598..6011.278 rows=3237625 loops=1)
              Hash Cond: (mk.movie_id = t.id)
              ->  Seq Scan on movie_keyword mk  (cost=0.00..81003.12 rows=3249533 width=4) (actual time=0.018..1491.177 rows=3237625 loops=1)
                    Filter: (keyword_id > 1661)
                    Rows Removed by Filter: 1286305
              ->  Hash  (cost=61283.27..61283.27 rows=2528527 width=4) (actual time=1730.407..1730.407 rows=2528312 loops=1)
                    Buckets: 131072  Batches: 64  Memory Usage: 2425kB
                    ->  Seq Scan on title t  (cost=0.00..61283.27 rows=2528527 width=4) (actual time=0.026..836.884 rows=2528312 loops=1)
Planning time: 1.148 ms
Execution time: 56535.754 ms
