Seq Scan on cast_info ci  (cost=0.00..796071.18 rows=324 width=42) (actual time=2400.164..16581.578 rows=28 loops=1)
  Filter: ((role_id > 1) AND (person_id = 2426822))
  Rows Removed by Filter: 36244316
Planning time: 0.640 ms
Execution time: 16581.626 ms
