Hash Join  (cost=188968.45..1370654.38 rows=14395677 width=0) (actual time=4457.905..45418.198 rows=32438849 loops=1)
  Hash Cond: (ci.movie_id = t.id)
  ->  Seq Scan on cast_info ci  (cost=0.00..614943.12 rows=36225612 width=4) (actual time=0.018..10593.798 rows=36244344 loops=1)
  ->  Hash  (cost=172482.32..172482.32 rows=1004810 width=8) (actual time=4456.620..4456.620 rows=1325835 loops=1)
        Buckets: 131072 (originally 131072)  Batches: 32 (originally 16)  Memory Usage: 3073kB
        ->  Hash Join  (cost=83580.70..172482.32 rows=1004810 width=8) (actual time=1331.410..4026.350 rows=1325835 loops=1)
              Hash Cond: (mc.movie_id = t.id)
              ->  Seq Scan on movie_companies mc  (cost=0.00..44881.29 rows=2609129 width=4) (actual time=0.014..762.884 rows=2609129 loops=1)
              ->  Hash  (cost=67604.59..67604.59 rows=973769 width=4) (actual time=1330.252..1330.252 rows=971188 loops=1)
                    Buckets: 131072  Batches: 16  Memory Usage: 3161kB
                    ->  Seq Scan on title t  (cost=0.00..67604.59 rows=973769 width=4) (actual time=0.020..1023.892 rows=971188 loops=1)
                          Filter: (production_year < 1999)
                          Rows Removed by Filter: 1557124
Planning time: 1.074 ms
Execution time: 49116.442 ms
