Seq Scan on movie_companies mc  (cost=0.00..57926.93 rows=146542 width=0) (actual time=138.747..804.413 rows=224384 loops=1)
  Filter: ((company_id < 160) AND (company_type_id < 2))
  Rows Removed by Filter: 2384745
Planning time: 0.336 ms
Execution time: 834.235 ms
