Hash Join  (cost=178009.05..668183.61 rows=971665 width=0) (actual time=3076.132..18192.634 rows=23124923 loops=1)
  Hash Cond: (mi.movie_id = t.id)
  ->  Seq Scan on movie_info mi  (cost=0.00..309384.22 rows=14739122 width=4) (actual time=0.009..4537.539 rows=14835720 loops=1)
  ->  Hash  (cost=175273.41..175273.41 rows=166691 width=8) (actual time=3075.360..3075.360 rows=373932 loops=1)
        Buckets: 131072 (originally 131072)  Batches: 8 (originally 4)  Memory Usage: 3073kB
        ->  Hash Join  (cost=83810.17..175273.41 rows=166691 width=8) (actual time=1335.440..2952.632 rows=373932 loops=1)
              Hash Cond: (mk.movie_id = t.id)
              ->  Seq Scan on movie_keyword mk  (cost=0.00..81003.12 rows=426720 width=4) (actual time=0.023..1122.889 rows=421207 loops=1)
                    Filter: (keyword_id > 41428)
                    Rows Removed by Filter: 4102723
              ->  Hash  (cost=67604.59..67604.59 rows=987727 width=4) (actual time=1326.231..1326.231 rows=985048 loops=1)
                    Buckets: 131072  Batches: 16  Memory Usage: 3197kB
                    ->  Seq Scan on title t  (cost=0.00..67604.59 rows=987727 width=4) (actual time=0.029..1001.273 rows=985048 loops=1)
                          Filter: (kind_id < 7)
                          Rows Removed by Filter: 1543264
Planning time: 1.151 ms
Execution time: 20390.876 ms
