Hash Join  (cost=108639.30..195857.94 rows=56060 width=0) (actual time=1719.309..3674.098 rows=842713 loops=1)
  Hash Cond: (mk.movie_id = t.id)
  ->  Seq Scan on movie_keyword mk  (cost=0.00..69693.30 rows=4523930 width=4) (actual time=0.023..830.580 rows=4523930 loops=1)
  ->  Hash  (cost=108247.64..108247.64 rows=31333 width=8) (actual time=1719.072..1719.072 rows=69870 loops=1)
        Buckets: 131072 (originally 32768)  Batches: 1 (originally 1)  Memory Usage: 3754kB
        ->  Hash Join  (cost=76746.21..108247.64 rows=31333 width=8) (actual time=996.491..1693.331 rows=69870 loops=1)
              Hash Cond: (mi_idx.movie_id = t.id)
              ->  Seq Scan on movie_info_idx mi_idx  (cost=0.00..25185.44 rows=460978 width=4) (actual time=0.020..414.806 rows=459925 loops=1)
                    Filter: (info_type_id = 99)
                    Rows Removed by Filter: 920110
              ->  Hash  (cost=73925.90..73925.90 rows=171864 width=4) (actual time=995.825..995.825 rows=275829 loops=1)
                    Buckets: 131072  Batches: 4  Memory Usage: 3453kB
                    ->  Seq Scan on title t  (cost=0.00..73925.90 rows=171864 width=4) (actual time=0.017..904.284 rows=275829 loops=1)
                          Filter: ((kind_id < 7) AND (production_year < 1975))
                          Rows Removed by Filter: 2252483
Planning time: 1.149 ms
Execution time: 3786.889 ms
