Hash Join  (cost=114961.80..233932.28 rows=150922 width=0) (actual time=2780.403..6128.076 rows=1734728 loops=1)
  Hash Cond: (mk.movie_id = t.id)
  ->  Seq Scan on movie_keyword mk  (cost=0.00..81003.12 rows=3111504 width=4) (actual time=0.014..1455.097 rows=3097527 loops=1)
        Filter: (keyword_id < 11694)
        Rows Removed by Filter: 1426403
  ->  Hash  (cost=112948.73..112948.73 rows=122645 width=8) (actual time=2779.647..2779.647 rows=209880 loops=1)
        Buckets: 131072 (originally 131072)  Batches: 4 (originally 2)  Memory Usage: 3084kB
        ->  Hash Join  (cost=78556.72..112948.73 rows=122645 width=8) (actual time=1864.390..2700.393 rows=209880 loops=1)
              Hash Cond: (mi_idx.movie_id = t.id)
              ->  Seq Scan on movie_info_idx mi_idx  (cost=0.00..25185.44 rows=464566 width=4) (actual time=0.020..415.993 rows=459925 loops=1)
                    Filter: (info_type_id = 101)
                    Rows Removed by Filter: 920110
              ->  Hash  (cost=67604.59..67604.59 rows=667531 width=4) (actual time=1863.504..1863.504 rows=662825 loops=1)
                    Buckets: 131072  Batches: 16  Memory Usage: 2476kB
                    ->  Seq Scan on title t  (cost=0.00..67604.59 rows=667531 width=4) (actual time=20.944..907.110 rows=662825 loops=1)
                          Filter: (kind_id < 2)
                          Rows Removed by Filter: 1865487
Planning time: 1.126 ms
Execution time: 6312.966 ms
