Hash Join  (cost=122535.74..1001545.50 rows=66585 width=0) (actual time=1640.402..20775.245 rows=408568 loops=1)
  Hash Cond: (ci.movie_id = t.id)
  ->  Seq Scan on cast_info ci  (cost=0.00..796071.18 rows=21939394 width=4) (actual time=0.012..14614.850 rows=22906074 loops=1)
        Filter: ((person_id > 228295) AND (role_id > 1))
        Rows Removed by Filter: 13338270
  ->  Hash  (cost=122439.81..122439.81 rows=7674 width=8) (actual time=1640.035..1640.035 rows=22297 loops=1)
        Buckets: 32768 (originally 8192)  Batches: 1 (originally 1)  Memory Usage: 1127kB
        ->  Hash Join  (cost=67697.55..122439.81 rows=7674 width=8) (actual time=722.808..1632.242 rows=22297 loops=1)
              Hash Cond: (mc.movie_id = t.id)
              ->  Seq Scan on movie_companies mc  (cost=0.00..44881.29 rows=2609129 width=4) (actual time=0.036..428.569 rows=2609129 loops=1)
              ->  Hash  (cost=67604.59..67604.59 rows=7437 width=4) (actual time=722.661..722.661 rows=18391 loops=1)
                    Buckets: 32768 (originally 8192)  Batches: 1 (originally 1)  Memory Usage: 903kB
                    ->  Seq Scan on title t  (cost=0.00..67604.59 rows=7437 width=4) (actual time=0.089..715.055 rows=18391 loops=1)
                          Filter: (production_year = 1985)
                          Rows Removed by Filter: 2509921
Planning time: 1.139 ms
Execution time: 20833.149 ms
