Seq Scan on movie_keyword mk  (cost=0.00..81003.12 rows=246 width=0) (actual time=35.258..860.848 rows=8 loops=1)
  Filter: (keyword_id = 19624)
  Rows Removed by Filter: 4523922
Planning time: 0.364 ms
Execution time: 860.947 ms
