Hash Join  (cost=141396.43..537356.24 rows=223318 width=0) (actual time=2252.963..12849.441 rows=1775471 loops=1)
  Hash Cond: (mi.movie_id = t.id)
  ->  Seq Scan on movie_info mi  (cost=0.00..346232.03 rows=12665229 width=4) (actual time=0.021..5279.982 rows=12744652 loops=1)
        Filter: (info_type_id > 2)
        Rows Removed by Filter: 2091068
  ->  Hash  (cost=140839.13..140839.13 rows=44584 width=8) (actual time=2252.537..2252.537 rows=114135 loops=1)
        Buckets: 131072 (originally 65536)  Batches: 2 (originally 1)  Memory Usage: 3265kB
        ->  Hash Join  (cost=83810.17..140839.13 rows=44584 width=8) (actual time=1263.289..2205.958 rows=114135 loops=1)
              Hash Cond: (mc.movie_id = t.id)
              ->  Seq Scan on movie_companies mc  (cost=0.00..51404.11 rows=114133 width=4) (actual time=0.020..663.045 rows=114135 loops=1)
                    Filter: (company_id > 149582)
                    Rows Removed by Filter: 2494994
              ->  Hash  (cost=67604.59..67604.59 rows=987727 width=4) (actual time=1262.306..1262.306 rows=985048 loops=1)
                    Buckets: 131072  Batches: 16  Memory Usage: 3188kB
                    ->  Seq Scan on title t  (cost=0.00..67604.59 rows=987727 width=4) (actual time=0.050..947.585 rows=985048 loops=1)
                          Filter: (kind_id < 7)
                          Rows Removed by Filter: 1543264
Planning time: 1.162 ms
Execution time: 13078.953 ms
