Hash Join  (cost=101287.05..895362.61 rows=44511 width=0) (actual time=4101.649..16761.309 rows=46494 loops=1)
  Hash Cond: (ci.movie_id = t.id)
  ->  Seq Scan on cast_info ci  (cost=0.00..705507.15 rows=23499554 width=4) (actual time=2704.519..11923.066 rows=23573656 loops=1)
        Filter: (role_id > 1)
        Rows Removed by Filter: 12670688
  ->  Hash  (cost=101227.19..101227.19 rows=4789 width=8) (actual time=1396.366..1396.366 rows=2181 loops=1)
        Buckets: 8192  Batches: 1  Memory Usage: 150kB
        ->  Hash Join  (cost=74251.74..101227.19 rows=4789 width=8) (actual time=870.114..1395.277 rows=2181 loops=1)
              Hash Cond: (mi_idx.movie_id = t.id)
              ->  Seq Scan on movie_info_idx mi_idx  (cost=0.00..25185.44 rows=464566 width=4) (actual time=0.020..413.884 rows=459925 loops=1)
                    Filter: (info_type_id = 101)
                    Rows Removed by Filter: 920110
              ->  Hash  (cost=73925.90..73925.90 rows=26067 width=4) (actual time=869.575..869.575 rows=27085 loops=1)
                    Buckets: 32768  Batches: 1  Memory Usage: 1209kB
                    ->  Seq Scan on title t  (cost=0.00..73925.90 rows=26067 width=4) (actual time=0.031..859.057 rows=27085 loops=1)
                          Filter: ((kind_id < 7) AND (production_year > 2012))
                          Rows Removed by Filter: 2501227
Planning time: 1.066 ms
Execution time: 16771.551 ms
