Hash Join  (cost=236790.26..746096.27 rows=3977293 width=0) (actual time=5256.326..47937.936 rows=161297990 loops=1)
  Hash Cond: (mi.movie_id = t.id)
  ->  Seq Scan on movie_info mi  (cost=0.00..346232.03 rows=9293409 width=4) (actual time=0.021..4849.633 rows=9425200 loops=1)
        Filter: (info_type_id > 5)
        Rows Removed by Filter: 5410520
  ->  Hash  (cost=219035.61..219035.61 rows=1082132 width=8) (actual time=5207.390..5207.390 rows=2325043 loops=1)
        Buckets: 131072 (originally 131072)  Batches: 32 (originally 16)  Memory Usage: 3894kB
        ->  Hash Join  (cost=83849.26..219035.61 rows=1082132 width=8) (actual time=758.852..4326.332 rows=2325043 loops=1)
              Hash Cond: (mk.movie_id = t.id)
              ->  Seq Scan on movie_keyword mk  (cost=0.00..69693.30 rows=4523930 width=4) (actual time=0.017..1190.291 rows=4523930 loops=1)
              ->  Hash  (cost=73925.90..73925.90 rows=604828 width=4) (actual time=757.866..757.866 rows=490018 loops=1)
                    Buckets: 131072  Batches: 8  Memory Usage: 3199kB
                    ->  Seq Scan on title t  (cost=0.00..73925.90 rows=604828 width=4) (actual time=273.484..656.196 rows=490018 loops=1)
                          Filter: ((production_year > 1951) AND (kind_id = 1))
                          Rows Removed by Filter: 2038294
Planning time: 1.229 ms
Execution time: 64608.407 ms
