Hash Join  (cost=102767.86..1137009.03 rows=9487384 width=0) (actual time=1948.174..21567.803 rows=10311437 loops=1)
  Hash Cond: (ci.movie_id = t.id)
  ->  Seq Scan on cast_info ci  (cost=0.00..796071.18 rows=9487384 width=4) (actual time=290.980..11808.031 rows=10311437 loops=1)
        Filter: ((person_id < 1057825) AND (role_id < 10))
        Rows Removed by Filter: 25932907
  ->  Hash  (cost=61283.27..61283.27 rows=2528527 width=4) (actual time=1656.056..1656.056 rows=2528312 loops=1)
        Buckets: 131072  Batches: 64  Memory Usage: 2415kB
        ->  Seq Scan on title t  (cost=0.00..61283.27 rows=2528527 width=4) (actual time=0.016..815.895 rows=2528312 loops=1)
Planning time: 0.796 ms
Execution time: 22636.164 ms
