Hash Join  (cost=76242.82..901352.00 rows=548447 width=0) (actual time=920.492..15349.432 rows=733339 loops=1)
  Hash Cond: (ci.movie_id = t.id)
  ->  Seq Scan on cast_info ci  (cost=0.00..705507.15 rows=9821749 width=4) (actual time=0.042..10518.761 rows=9796550 loops=1)
        Filter: (person_id > 2731173)
        Rows Removed by Filter: 26447794
  ->  Hash  (cost=73925.90..73925.90 rows=141193 width=4) (actual time=919.762..919.762 rows=132182 loops=1)
        Buckets: 131072  Batches: 2  Memory Usage: 3340kB
        ->  Seq Scan on title t  (cost=0.00..73925.90 rows=141193 width=4) (actual time=0.019..877.693 rows=132182 loops=1)
              Filter: ((production_year > 2009) AND (kind_id = 1))
              Rows Removed by Filter: 2396130
Planning time: 0.753 ms
Execution time: 15441.331 ms
