Hash Join  (cost=52284.99..79199.29 rows=19 width=0) (actual time=604.643..1057.422 rows=680 loops=1)
  Hash Cond: (mi_idx.movie_id = t.id)
  ->  Seq Scan on movie_info_idx mi_idx  (cost=0.00..25185.44 rows=460978 width=4) (actual time=0.031..384.560 rows=459925 loops=1)
        Filter: (info_type_id = 99)
        Rows Removed by Filter: 920110
  ->  Hash  (cost=52283.69..52283.69 rows=104 width=8) (actual time=599.969..599.969 rows=702 loops=1)
        Buckets: 1024  Batches: 1  Memory Usage: 36kB
        ->  Nested Loop  (cost=0.43..52283.69 rows=104 width=8) (actual time=18.883..599.617 rows=702 loops=1)
              ->  Seq Scan on movie_companies mc  (cost=0.00..51404.11 rows=104 width=4) (actual time=18.785..589.074 rows=702 loops=1)
                    Filter: (company_id = 517)
                    Rows Removed by Filter: 2608427
              ->  Index Only Scan using title_pkey on title t  (cost=0.43..8.45 rows=1 width=4) (actual time=0.014..0.014 rows=1 loops=702)
                    Index Cond: (id = mc.movie_id)
                    Heap Fetches: 702
Planning time: 1.145 ms
Execution time: 1057.666 ms
