Seq Scan on cast_info ci  (cost=0.00..796071.18 rows=7137506 width=0) (actual time=0.022..14376.255 rows=7451973 loops=1)
  Filter: ((person_id < 3902639) AND (role_id = 2))
  Rows Removed by Filter: 28792371
Planning time: 0.390 ms
Execution time: 15314.649 ms
