Hash Join  (cost=79715.42..159784.83 rows=364089 width=0) (actual time=1247.383..3434.421 rows=172413 loops=1)
  Hash Cond: (mc.movie_id = t.id)
  ->  Seq Scan on movie_companies mc  (cost=0.00..44881.29 rows=2609129 width=4) (actual time=0.020..834.563 rows=2609129 loops=1)
  ->  Hash  (cost=73925.90..73925.90 rows=352841 width=4) (actual time=1246.393..1246.393 rows=371999 loops=1)
        Buckets: 131072  Batches: 8  Memory Usage: 2665kB
        ->  Seq Scan on title t  (cost=0.00..73925.90 rows=352841 width=4) (actual time=0.016..1124.583 rows=371999 loops=1)
              Filter: ((kind_id > 3) AND (production_year > 2009))
              Rows Removed by Filter: 2156313
Planning time: 2.723 ms
Execution time: 3457.585 ms
