Seq Scan on cast_info ci  (cost=0.00..705507.15 rows=17864620 width=0) (actual time=0.012..9884.481 rows=17713641 loops=1)
  Filter: (person_id < 1754345)
  Rows Removed by Filter: 18530703
Planning time: 0.296 ms
Execution time: 12091.502 ms
