Hash Join  (cost=177858.50..295390.08 rows=567813 width=0) (actual time=3712.409..6068.960 rows=562737 loops=1)
  Hash Cond: (mk.movie_id = t.id)
  ->  Seq Scan on movie_keyword mk  (cost=0.00..81003.12 rows=2471820 width=4) (actual time=0.022..1420.775 rows=2467763 loops=1)
        Filter: (keyword_id < 5943)
        Rows Removed by Filter: 2056167
  ->  Hash  (cost=168329.02..168329.02 rows=580839 width=8) (actual time=3388.022..3388.022 rows=446208 loops=1)
        Buckets: 131072  Batches: 8  Memory Usage: 3193kB
        ->  Hash Join  (cost=92883.59..168329.02 rows=580839 width=8) (actual time=1658.792..3232.999 rows=446208 loops=1)
              Hash Cond: (mc.movie_id = t.id)
              ->  Seq Scan on movie_companies mc  (cost=0.00..51404.11 rows=953185 width=4) (actual time=0.020..774.633 rows=952845 loops=1)
                    Filter: (company_id < 3763)
                    Rows Removed by Filter: 1656284
              ->  Hash  (cost=67604.59..67604.59 rows=1540800 width=4) (actual time=1508.836..1508.836 rows=1543264 loops=1)
                    Buckets: 131072  Batches: 32  Memory Usage: 2722kB
                    ->  Seq Scan on title t  (cost=0.00..67604.59 rows=1540800 width=4) (actual time=0.014..1014.973 rows=1543264 loops=1)
                          Filter: (kind_id = 7)
                          Rows Removed by Filter: 985048
Planning time: 1.001 ms
Execution time: 6143.781 ms
