Hash Join  (cost=219197.63..1151017.46 rows=4264408 width=0) (actual time=10419.742..16660.920 rows=283051 loops=1)
  Hash Cond: (ci.movie_id = t.id)
  ->  Seq Scan on cast_info ci  (cost=0.00..796071.18 rows=6781913 width=4) (actual time=6076.769..11888.436 rows=567632 loops=1)
        Filter: ((person_id > 1660848) AND (role_id < 2))
        Rows Removed by Filter: 35676712
  ->  Hash  (cost=193112.68..193112.68 rows=1589916 width=8) (actual time=4341.691..4341.691 rows=717308 loops=1)
        Buckets: 131072  Batches: 32  Memory Usage: 1871kB
        ->  Hash Join  (cost=92883.59..193112.68 rows=1589916 width=8) (actual time=1788.048..4125.986 rows=717308 loops=1)
              Hash Cond: (mc.movie_id = t.id)
              ->  Seq Scan on movie_companies mc  (cost=0.00..44881.29 rows=2609129 width=4) (actual time=0.027..848.936 rows=2609129 loops=1)
              ->  Hash  (cost=67604.59..67604.59 rows=1540800 width=4) (actual time=1562.119..1562.119 rows=1543264 loops=1)
                    Buckets: 131072  Batches: 32  Memory Usage: 2722kB
                    ->  Seq Scan on title t  (cost=0.00..67604.59 rows=1540800 width=4) (actual time=0.023..1067.364 rows=1543264 loops=1)
                          Filter: (kind_id = 7)
                          Rows Removed by Filter: 985048
Planning time: 6.424 ms
Execution time: 16693.697 ms
