Seq Scan on movie_companies mc  (cost=0.00..57926.93 rows=53 width=0) (actual time=35.128..785.827 rows=171 loops=1)
  Filter: ((company_type_id > 1) AND (company_id = 69728))
  Rows Removed by Filter: 2608958
Planning time: 0.329 ms
Execution time: 785.951 ms
