Seq Scan on movie_companies mc  (cost=0.00..57926.93 rows=1158464 width=0) (actual time=161.477..963.358 rows=996818 loops=1)
  Filter: ((company_id < 89534) AND (company_type_id = 2))
  Rows Removed by Filter: 1612311
Planning time: 0.386 ms
Execution time: 1094.751 ms
