Seq Scan on cast_info ci  (cost=0.00..705507.15 rows=35067196 width=0) (actual time=0.014..11308.503 rows=35192630 loops=1)
  Filter: (person_id > 107748)
  Rows Removed by Filter: 1051714
Planning time: 0.370 ms
Execution time: 15631.664 ms
