Hash Join  (cost=156632.57..294260.62 rows=751517 width=0) (actual time=2951.691..7613.424 rows=3129475 loops=1)
  Hash Cond: (mk.movie_id = t.id)
  ->  Seq Scan on movie_keyword mk  (cost=0.00..81003.12 rows=4090335 width=4) (actual time=0.014..1505.001 rows=4095002 loops=1)
        Filter: (keyword_id < 40819)
        Rows Removed by Filter: 428928
  ->  Hash  (cost=149010.49..149010.49 rows=464566 width=8) (actual time=2950.739..2950.739 rows=459925 loops=1)
        Buckets: 131072  Batches: 8  Memory Usage: 3284kB
        ->  Hash Join  (cost=102767.86..149010.49 rows=464566 width=8) (actual time=1615.187..2807.565 rows=459925 loops=1)
              Hash Cond: (mi_idx.movie_id = t.id)
              ->  Seq Scan on movie_info_idx mi_idx  (cost=0.00..25185.44 rows=464566 width=4) (actual time=0.032..417.874 rows=459925 loops=1)
                    Filter: (info_type_id = 101)
                    Rows Removed by Filter: 920110
              ->  Hash  (cost=61283.27..61283.27 rows=2528527 width=4) (actual time=1613.530..1613.530 rows=2528312 loops=1)
                    Buckets: 131072  Batches: 64  Memory Usage: 2415kB
                    ->  Seq Scan on title t  (cost=0.00..61283.27 rows=2528527 width=4) (actual time=0.023..780.449 rows=2528312 loops=1)
Planning time: 1.132 ms
Execution time: 7975.944 ms
