Hash Join  (cost=158603.99..525633.83 rows=237391 width=0) (actual time=2580.599..8844.647 rows=225648 loops=1)
  Hash Cond: (mi.movie_id = t.id)
  ->  Seq Scan on movie_info mi  (cost=0.00..309384.22 rows=14739122 width=4) (actual time=0.024..3037.846 rows=14835720 loops=1)
  ->  Hash  (cost=158094.93..158094.93 rows=40725 width=8) (actual time=2424.673..2424.673 rows=19712 loops=1)
        Buckets: 65536  Batches: 1  Memory Usage: 1282kB
        ->  Hash Join  (cost=92883.59..158094.93 rows=40725 width=8) (actual time=1447.009..2415.817 rows=19712 loops=1)
              Hash Cond: (mc.movie_id = t.id)
              ->  Seq Scan on movie_companies mc  (cost=0.00..57926.93 rows=66831 width=4) (actual time=39.998..724.183 rows=23541 loops=1)
                    Filter: ((company_id < 27) AND (company_type_id = 2))
                    Rows Removed by Filter: 2585588
              ->  Hash  (cost=67604.59..67604.59 rows=1540800 width=4) (actual time=1405.281..1405.281 rows=1543264 loops=1)
                    Buckets: 131072  Batches: 32  Memory Usage: 2722kB
                    ->  Seq Scan on title t  (cost=0.00..67604.59 rows=1540800 width=4) (actual time=0.026..896.801 rows=1543264 loops=1)
                          Filter: (kind_id = 7)
                          Rows Removed by Filter: 985048
Planning time: 1.166 ms
Execution time: 8873.912 ms
