Seq Scan on cast_info ci  (cost=0.00..705507.15 rows=500 width=0) (actual time=91.819..8884.538 rows=18 loops=1)
  Filter: (person_id = 3035064)
  Rows Removed by Filter: 36244326
Planning time: 0.328 ms
Execution time: 8884.674 ms
