Hash Join  (cost=83073.21..860652.24 rows=561 width=0) (actual time=1564.914..14638.828 rows=2846 loops=1)
  Hash Cond: (ci.movie_id = t.id)
  ->  Seq Scan on cast_info ci  (cost=0.00..705507.15 rows=19217670 width=4) (actual time=15.993..10373.729 rows=19114158 loops=1)
        Filter: (person_id < 1909040)
        Rows Removed by Filter: 17130186
  ->  Hash  (cost=83072.29..83072.29 rows=74 width=8) (actual time=1065.157..1065.157 rows=64 loops=1)
        Buckets: 1024  Batches: 1  Memory Usage: 11kB
        ->  Nested Loop  (cost=0.43..83072.29 rows=74 width=8) (actual time=5.675..1065.048 rows=64 loops=1)
              ->  Seq Scan on movie_keyword mk  (cost=0.00..81003.12 rows=246 width=4) (actual time=5.610..1061.819 rows=77 loops=1)
                    Filter: (keyword_id = 21694)
                    Rows Removed by Filter: 4523853
              ->  Index Scan using title_pkey on title t  (cost=0.43..8.40 rows=1 width=4) (actual time=0.037..0.038 rows=1 loops=77)
                    Index Cond: (id = mk.movie_id)
                    Filter: (kind_id < 3)
                    Rows Removed by Filter: 0
Planning time: 1.138 ms
Execution time: 14640.248 ms
