Hash Join  (cost=101762.73..160002.05 rows=658 width=0) (actual time=1469.721..2085.840 rows=21 loops=1)
  Hash Cond: (mc.movie_id = t.id)
  ->  Seq Scan on movie_companies mc  (cost=0.00..57926.93 rows=81548 width=4) (actual time=0.020..615.683 rows=38045 loops=1)
        Filter: ((company_id < 31) AND (company_type_id = 2))
        Rows Removed by Filter: 2571084
  ->  Hash  (cost=101507.69..101507.69 rows=20403 width=8) (actual time=1458.237..1458.237 rows=26531 loops=1)
        Buckets: 32768  Batches: 1  Memory Usage: 1293kB
        ->  Hash Join  (cost=74393.18..101507.69 rows=20403 width=8) (actual time=850.722..1449.239 rows=26531 loops=1)
              Hash Cond: (mi_idx.movie_id = t.id)
              ->  Seq Scan on movie_info_idx mi_idx  (cost=0.00..21735.35 rows=1380035 width=4) (actual time=0.020..273.438 rows=1380035 loops=1)
              ->  Hash  (cost=73925.90..73925.90 rows=37382 width=4) (actual time=850.238..850.238 rows=33190 loops=1)
                    Buckets: 65536  Batches: 1  Memory Usage: 1679kB
                    ->  Seq Scan on title t  (cost=0.00..73925.90 rows=37382 width=4) (actual time=170.380..838.128 rows=33190 loops=1)
                          Filter: ((kind_id = 1) AND (production_year = 2010))
                          Rows Removed by Filter: 2495122
Planning time: 1.091 ms
Execution time: 2086.072 ms
