Hash Join  (cost=83073.98..434078.22 rows=43 width=0) (actual time=3093.221..4485.641 rows=14 loops=1)
  Hash Cond: (mi.movie_id = t.id)
  ->  Seq Scan on movie_info mi  (cost=0.00..346232.03 rows=1272478 width=4) (actual time=2169.533..3522.697 rows=1325361 loops=1)
        Filter: (info_type_id = 8)
        Rows Removed by Filter: 13510359
  ->  Hash  (cost=83072.90..83072.90 rows=86 width=8) (actual time=872.354..872.354 rows=13 loops=1)
        Buckets: 1024  Batches: 1  Memory Usage: 9kB
        ->  Nested Loop  (cost=0.43..83072.90 rows=86 width=8) (actual time=7.872..872.329 rows=13 loops=1)
              ->  Seq Scan on movie_keyword mk  (cost=0.00..81003.12 rows=246 width=4) (actual time=7.735..871.578 rows=15 loops=1)
                    Filter: (keyword_id = 56728)
                    Rows Removed by Filter: 4523915
              ->  Index Scan using title_pkey on title t  (cost=0.43..8.40 rows=1 width=4) (actual time=0.039..0.040 rows=1 loops=15)
                    Index Cond: (id = mk.movie_id)
                    Filter: ((kind_id < 7) AND (production_year > 1956))
                    Rows Removed by Filter: 0
Planning time: 1.183 ms
Execution time: 4485.771 ms
