Seq Scan on cast_info ci  (cost=0.00..705507.15 rows=500 width=0) (actual time=4303.701..9069.728 rows=1 loops=1)
  Filter: (person_id = 3332092)
  Rows Removed by Filter: 36244343
Planning time: 0.372 ms
Execution time: 9069.837 ms
