Hash Join  (cost=144821.29..269281.96 rows=201763 width=0) (actual time=2423.860..5626.448 rows=1565463 loops=1)
  Hash Cond: (mk.movie_id = t.id)
  ->  Seq Scan on movie_keyword mk  (cost=0.00..69693.30 rows=4523930 width=4) (actual time=0.019..1225.359 rows=4523930 loops=1)
  ->  Hash  (cost=142970.67..142970.67 rows=112770 width=8) (actual time=2422.893..2422.893 rows=212046 loops=1)
        Buckets: 131072 (originally 131072)  Batches: 4 (originally 2)  Memory Usage: 3099kB
        ->  Hash Join  (cost=79715.19..142970.67 rows=112770 width=8) (actual time=1045.720..2348.206 rows=212046 loops=1)
              Hash Cond: (mc.movie_id = t.id)
              ->  Seq Scan on movie_companies mc  (cost=0.00..51404.11 rows=808176 width=4) (actual time=0.030..791.112 rows=814964 loops=1)
                    Filter: (company_id > 28672)
                    Rows Removed by Filter: 1794165
              ->  Hash  (cost=73925.90..73925.90 rows=352823 width=4) (actual time=1044.718..1044.718 rows=302088 loops=1)
                    Buckets: 131072  Batches: 8  Memory Usage: 2342kB
                    ->  Seq Scan on title t  (cost=0.00..73925.90 rows=352823 width=4) (actual time=0.010..948.023 rows=302088 loops=1)
                          Filter: ((kind_id < 7) AND (production_year > 2006))
                          Rows Removed by Filter: 2226224
Planning time: 1.107 ms
Execution time: 5793.119 ms
