Hash Join  (cost=85112.82..607327.71 rows=3974496 width=0) (actual time=1361.329..14542.422 rows=2379539 loops=1)
  Hash Cond: (mi.movie_id = t.id)
  ->  Seq Scan on movie_info mi  (cost=0.00..309384.22 rows=14739122 width=4) (actual time=0.018..4411.840 rows=14835720 loops=1)
  ->  Hash  (cost=73925.90..73925.90 rows=681833 width=4) (actual time=1360.423..1360.423 rows=567712 loops=1)
        Buckets: 131072  Batches: 16  Memory Usage: 2278kB
        ->  Seq Scan on title t  (cost=0.00..73925.90 rows=681833 width=4) (actual time=0.024..1166.150 rows=567712 loops=1)
              Filter: ((kind_id > 2) AND (production_year < 1999))
              Rows Removed by Filter: 1960600
Planning time: 0.675 ms
Execution time: 14841.878 ms
