Nested Loop  (cost=0.43..83072.29 rows=116 width=0) (actual time=6.785..1066.509 rows=352 loops=1)
  ->  Seq Scan on movie_keyword mk  (cost=0.00..81003.12 rows=246 width=4) (actual time=1.336..1052.503 rows=677 loops=1)
        Filter: (keyword_id = 589)
        Rows Removed by Filter: 4523253
  ->  Index Scan using title_pkey on title t  (cost=0.43..8.40 rows=1 width=4) (actual time=0.019..0.020 rows=1 loops=677)
        Index Cond: (id = mk.movie_id)
        Filter: (production_year < 2003)
        Rows Removed by Filter: 0
Planning time: 0.716 ms
Execution time: 1066.736 ms
