Hash Join  (cost=184257.93..225682.21 rows=217480 width=0) (actual time=3147.517..4513.316 rows=338684 loops=1)
  Hash Cond: (mi_idx.movie_id = t.id)
  ->  Seq Scan on movie_info_idx mi_idx  (cost=0.00..21735.35 rows=1380035 width=4) (actual time=0.010..392.370 rows=1380035 loops=1)
  ->  Hash  (cost=177720.04..177720.04 rows=398471 width=8) (actual time=3146.636..3146.636 rows=245379 loops=1)
        Buckets: 131072  Batches: 8  Memory Usage: 2225kB
        ->  Hash Join  (cost=101489.21..177720.04 rows=398471 width=8) (actual time=1930.312..3080.444 rows=245379 loops=1)
              Hash Cond: (mc.movie_id = t.id)
              ->  Seq Scan on movie_companies mc  (cost=0.00..57926.93 rows=487837 width=4) (actual time=121.539..751.928 rows=282332 loops=1)
                    Filter: ((company_id < 3851) AND (company_type_id > 1))
                    Rows Removed by Filter: 2326797
              ->  Hash  (cost=67604.59..67604.59 rows=2065330 width=4) (actual time=1807.946..1807.946 rows=2064552 loops=1)
                    Buckets: 131072  Batches: 32  Memory Usage: 3289kB
                    ->  Seq Scan on title t  (cost=0.00..67604.59 rows=2065330 width=4) (actual time=0.030..1154.263 rows=2064552 loops=1)
                          Filter: (production_year < 2011)
                          Rows Removed by Filter: 463760
Planning time: 3.381 ms
Execution time: 4551.535 ms
