Hash Join  (cost=74314.82..434582.60 rows=44592 width=0) (actual time=2250.266..5392.627 rows=221510 loops=1)
  Hash Cond: (mi.movie_id = t.id)
  ->  Seq Scan on movie_info mi  (cost=0.00..346232.03 rows=3623957 width=4) (actual time=1488.085..4016.988 rows=3624977 loops=1)
        Filter: (info_type_id < 4)
        Rows Removed by Filter: 11210743
  ->  Hash  (cost=73925.90..73925.90 rows=31113 width=4) (actual time=646.986..646.986 rows=77864 loops=1)
        Buckets: 131072 (originally 32768)  Batches: 1 (originally 1)  Memory Usage: 3762kB
        ->  Seq Scan on title t  (cost=0.00..73925.90 rows=31113 width=4) (actual time=73.944..623.505 rows=77864 loops=1)
              Filter: ((kind_id < 7) AND (production_year < 1918))
              Rows Removed by Filter: 2450448
Planning time: 0.707 ms
Execution time: 5416.394 ms
