Hash Join  (cost=96184.51..940756.16 rows=1369262 width=0) (actual time=7485.579..12673.035 rows=1017 loops=1)
  Hash Cond: (ci.movie_id = t.id)
  ->  Seq Scan on cast_info ci  (cost=0.00..796071.18 rows=2551962 width=4) (actual time=5828.617..10849.621 rows=2222 loops=1)
        Filter: ((person_id < 1244508) AND (role_id = 2))
        Rows Removed by Filter: 36242122
  ->  Hash  (cost=73925.90..73925.90 rows=1356688 width=4) (actual time=1628.776..1628.776 rows=1327781 loops=1)
        Buckets: 131072  Batches: 32  Memory Usage: 2479kB
        ->  Seq Scan on title t  (cost=0.00..73925.90 rows=1356688 width=4) (actual time=0.023..1204.001 rows=1327781 loops=1)
              Filter: ((production_year < 2012) AND (kind_id = 7))
              Rows Removed by Filter: 1200531
Planning time: 0.806 ms
Execution time: 12673.262 ms
