Hash Join  (cost=58375.85..784820.11 rows=117 width=0) (actual time=2412.186..10666.188 rows=45 loops=1)
  Hash Cond: (ci.movie_id = t.id)
  ->  Seq Scan on cast_info ci  (cost=0.00..705507.15 rows=5582919 width=4) (actual time=0.025..8953.440 rows=5505825 loops=1)
        Filter: (person_id < 531395)
        Rows Removed by Filter: 30738519
  ->  Hash  (cost=58375.18..58375.18 rows=53 width=8) (actual time=796.175..796.175 rows=35 loops=1)
        Buckets: 1024  Batches: 1  Memory Usage: 10kB
        ->  Nested Loop  (cost=0.43..58375.18 rows=53 width=8) (actual time=1.945..796.128 rows=35 loops=1)
              ->  Seq Scan on movie_companies mc  (cost=0.00..57926.93 rows=53 width=4) (actual time=1.889..794.845 rows=35 loops=1)
                    Filter: ((company_type_id > 1) AND (company_id = 12205))
                    Rows Removed by Filter: 2609094
              ->  Index Only Scan using title_pkey on title t  (cost=0.43..8.45 rows=1 width=4) (actual time=0.033..0.033 rows=1 loops=35)
                    Index Cond: (id = mc.movie_id)
                    Heap Fetches: 35
Planning time: 1.128 ms
Execution time: 10666.335 ms
