Seq Scan on cast_info ci  (cost=0.00..796071.18 rows=3917 width=0) (actual time=7197.755..12711.714 rows=3396 loops=1)
  Filter: ((role_id > 1) AND (person_id = 95397))
  Rows Removed by Filter: 36240948
Planning time: 0.340 ms
Execution time: 12712.274 ms
