Nested Loop  (cost=496411.35..526126.26 rows=5107 width=0) (actual time=5730.349..6588.900 rows=90029 loops=1)
  ->  Merge Join  (cost=496410.92..500012.52 rows=34837 width=8) (actual time=5730.248..6042.894 rows=90029 loops=1)
        Merge Cond: (mi.movie_id = mk.movie_id)
        ->  Sort  (cost=413902.66..415442.90 rows=616095 width=4) (actual time=4668.778..4855.385 rows=597995 loops=1)
              Sort Key: mi.movie_id
              Sort Method: external merge  Disk: 8184kB
              ->  Seq Scan on movie_info mi  (cost=0.00..346232.03 rows=616095 width=4) (actual time=38.668..4008.752 rows=598457 loops=1)
                    Filter: (info_type_id = 15)
                    Rows Removed by Filter: 14237263
        ->  Sort  (cost=82507.64..82560.05 rows=20961 width=4) (actual time=1060.894..1076.378 rows=102731 loops=1)
              Sort Key: mk.movie_id
              Sort Method: quicksort  Memory: 1684kB
              ->  Seq Scan on movie_keyword mk  (cost=0.00..81003.12 rows=20961 width=4) (actual time=0.270..1051.435 rows=19528 loops=1)
                    Filter: (keyword_id = 137)
                    Rows Removed by Filter: 4504402
  ->  Index Only Scan using title_pkey on title t  (cost=0.43..0.74 rows=1 width=4) (actual time=0.005..0.006 rows=1 loops=90029)
        Index Cond: (id = mi.movie_id)
        Heap Fetches: 90029
Planning time: 1.005 ms
Execution time: 6606.843 ms
