Seq Scan on movie_keyword mk  (cost=0.00..81003.12 rows=246 width=0) (actual time=59.887..1074.469 rows=5 loops=1)
  Filter: (keyword_id = 74423)
  Rows Removed by Filter: 4523925
Planning time: 0.328 ms
Execution time: 1074.560 ms
