Hash Join  (cost=798791.46..1163466.28 rows=1889 width=0) (actual time=11913.193..17116.377 rows=1551 loops=1)
  Hash Cond: (mi.movie_id = t.id)
  ->  Seq Scan on movie_info mi  (cost=0.00..309384.22 rows=14739122 width=4) (actual time=0.015..2752.503 rows=14835720 loops=1)
  ->  Hash  (cost=798787.41..798787.41 rows=324 width=8) (actual time=11891.253..11891.253 rows=290 loops=1)
        Buckets: 1024  Batches: 1  Memory Usage: 20kB
        ->  Nested Loop  (cost=0.43..798787.41 rows=324 width=8) (actual time=3661.475..11891.113 rows=290 loops=1)
              ->  Seq Scan on cast_info ci  (cost=0.00..796071.18 rows=324 width=4) (actual time=3661.366..11886.741 rows=290 loops=1)
                    Filter: ((role_id > 1) AND (person_id = 1298098))
                    Rows Removed by Filter: 36244054
              ->  Index Only Scan using title_pkey on title t  (cost=0.43..8.37 rows=1 width=4) (actual time=0.014..0.014 rows=1 loops=290)
                    Index Cond: (id = ci.movie_id)
                    Heap Fetches: 290
Planning time: 1.167 ms
Execution time: 17116.927 ms
