Hash Join  (cost=83073.10..442895.89 rows=93 width=0) (actual time=2576.758..5841.315 rows=949 loops=1)
  Hash Cond: (mi.movie_id = t.id)
  ->  Seq Scan on movie_info mi  (cost=0.00..346232.03 rows=3623957 width=4) (actual time=1295.483..4255.845 rows=3624977 loops=1)
        Filter: (info_type_id < 4)
        Rows Removed by Filter: 11210743
  ->  Hash  (cost=83072.29..83072.29 rows=65 width=8) (actual time=1079.396..1079.396 rows=227 loops=1)
        Buckets: 1024  Batches: 1  Memory Usage: 17kB
        ->  Nested Loop  (cost=0.43..83072.29 rows=65 width=8) (actual time=0.166..1079.152 rows=227 loops=1)
              ->  Seq Scan on movie_keyword mk  (cost=0.00..81003.12 rows=246 width=4) (actual time=0.099..1065.565 rows=340 loops=1)
                    Filter: (keyword_id = 21135)
                    Rows Removed by Filter: 4523590
              ->  Index Scan using title_pkey on title t  (cost=0.43..8.40 rows=1 width=4) (actual time=0.038..0.038 rows=1 loops=340)
                    Index Cond: (id = mk.movie_id)
                    Filter: (kind_id = 1)
                    Rows Removed by Filter: 0
Planning time: 1.229 ms
Execution time: 5841.730 ms
