Seq Scan on movie_companies mc  (cost=0.00..57926.93 rows=51 width=0) (actual time=151.469..671.605 rows=1163 loops=1)
  Filter: ((company_id = 426) AND (company_type_id = 1))
  Rows Removed by Filter: 2607966
Planning time: 0.397 ms
Execution time: 671.943 ms
