Seq Scan on cast_info ci  (cost=0.00..796071.18 rows=12211824 width=0) (actual time=5439.235..11359.183 rows=10064468 loops=1)
  Filter: ((person_id > 2082131) AND (role_id < 8))
  Rows Removed by Filter: 26179876
Planning time: 0.339 ms
Execution time: 12506.807 ms
