Hash Join  (cost=85777.42..197076.07 rows=713486 width=0) (actual time=1351.790..3269.744 rows=541835 loops=1)
  Hash Cond: (mk.movie_id = t.id)
  ->  Seq Scan on movie_keyword mk  (cost=0.00..81003.12 rows=1628710 width=4) (actual time=0.013..922.369 rows=1640083 loops=1)
        Filter: (keyword_id > 9023)
        Rows Removed by Filter: 2883847
  ->  Hash  (cost=67604.59..67604.59 rows=1107667 width=4) (actual time=1350.161..1350.161 rows=1107925 loops=1)
        Buckets: 131072  Batches: 16  Memory Usage: 3467kB
        ->  Seq Scan on title t  (cost=0.00..67604.59 rows=1107667 width=4) (actual time=0.010..980.260 rows=1107925 loops=1)
              Filter: (production_year > 2004)
              Rows Removed by Filter: 1420387
Planning time: 0.914 ms
Execution time: 3340.435 ms
