Hash Join  (cost=165644.02..531390.93 rows=109100 width=0) (actual time=2602.634..8319.121 rows=502938 loops=1)
  Hash Cond: (mi.movie_id = t.id)
  ->  Seq Scan on movie_info mi  (cost=0.00..309384.22 rows=14739122 width=4) (actual time=0.026..2731.364 rows=14835720 loops=1)
  ->  Hash  (cost=165410.07..165410.07 rows=18716 width=8) (actual time=2601.313..2601.313 rows=16688 loops=1)
        Buckets: 32768  Batches: 1  Memory Usage: 908kB
        ->  Hash Join  (cost=74146.12..165410.07 rows=18716 width=8) (actual time=820.306..2595.225 rows=16688 loops=1)
              Hash Cond: (mk.movie_id = t.id)
              ->  Seq Scan on movie_keyword mk  (cost=0.00..81003.12 rows=2686312 width=4) (actual time=0.019..1315.258 rows=2677644 loops=1)
                    Filter: (keyword_id > 3065)
                    Rows Removed by Filter: 1846286
              ->  Hash  (cost=73925.90..73925.90 rows=17617 width=4) (actual time=819.465..819.465 rows=22021 loops=1)
                    Buckets: 32768  Batches: 1  Memory Usage: 1031kB
                    ->  Seq Scan on title t  (cost=0.00..73925.90 rows=17617 width=4) (actual time=0.015..810.690 rows=22021 loops=1)
                          Filter: ((production_year > 2012) AND (kind_id = 1))
                          Rows Removed by Filter: 2506291
Planning time: 1.142 ms
Execution time: 8382.121 ms
