Seq Scan on cast_info ci  (cost=0.00..796071.18 rows=5334369 width=0) (actual time=0.022..10320.773 rows=2251041 loops=1)
  Filter: ((person_id < 792352) AND (role_id > 1))
  Rows Removed by Filter: 33993303
Planning time: 0.349 ms
Execution time: 10614.132 ms
