Seq Scan on cast_info ci  (cost=0.00..796071.18 rows=108 width=0) (actual time=2172.160..12634.959 rows=1 loops=1)
  Filter: ((role_id > 6) AND (person_id = 2392047))
  Rows Removed by Filter: 36244343
Planning time: 0.386 ms
Execution time: 12635.065 ms
