Hash Join  (cost=67697.55..873346.51 rows=77933 width=0) (actual time=846.737..17643.513 rows=185711 loops=1)
  Hash Cond: (ci.movie_id = t.id)
  ->  Seq Scan on cast_info ci  (cost=0.00..705507.15 rows=26496661 width=4) (actual time=0.040..10782.981 rows=26543738 loops=1)
        Filter: (person_id < 2739116)
        Rows Removed by Filter: 9700606
  ->  Hash  (cost=67604.59..67604.59 rows=7437 width=4) (actual time=846.019..846.019 rows=14770 loops=1)
        Buckets: 16384 (originally 8192)  Batches: 1 (originally 1)  Memory Usage: 648kB
        ->  Seq Scan on title t  (cost=0.00..67604.59 rows=7437 width=4) (actual time=0.075..839.236 rows=14770 loops=1)
              Filter: (production_year = 1982)
              Rows Removed by Filter: 2513542
Planning time: 0.765 ms
Execution time: 17674.157 ms
