Hash Join  (cost=247181.78..1526030.87 rows=19446084 width=0) (actual time=5911.922..69136.063 rows=152472036 loops=1)
  Hash Cond: (ci.movie_id = t.id)
  ->  Seq Scan on cast_info ci  (cost=0.00..614943.12 rows=36225612 width=4) (actual time=0.014..10860.820 rows=36244344 loops=1)
  ->  Hash  (cost=224912.20..224912.20 rows=1357326 width=8) (actual time=5909.971..5909.971 rows=2667057 loops=1)
        Buckets: 131072 (originally 131072)  Batches: 64 (originally 32)  Memory Usage: 3073kB
        ->  Hash Join  (cost=86372.90..224912.20 rows=1357326 width=8) (actual time=1220.749..5098.855 rows=2667057 loops=1)
              Hash Cond: (mk.movie_id = t.id)
              ->  Seq Scan on movie_keyword mk  (cost=0.00..69693.30 rows=4523930 width=4) (actual time=0.024..1123.609 rows=4523930 loops=1)
              ->  Hash  (cost=73925.90..73925.90 rows=758640 width=4) (actual time=1219.177..1219.177 rows=663849 loops=1)
                    Buckets: 131072  Batches: 16  Memory Usage: 2491kB
                    ->  Seq Scan on title t  (cost=0.00..73925.90 rows=758640 width=4) (actual time=0.028..1006.819 rows=663849 loops=1)
                          Filter: ((kind_id < 7) AND (production_year > 1980))
                          Rows Removed by Filter: 1864463
Planning time: 1.142 ms
Execution time: 85423.834 ms
