Hash Join  (cost=583046.46..1628916.84 rows=11015424 width=0) (actual time=13464.877..38076.904 rows=28582728 loops=1)
  Hash Cond: (ci.movie_id = t.id)
  ->  Seq Scan on cast_info ci  (cost=0.00..796071.18 rows=9077913 width=4) (actual time=3057.379..13988.094 rows=10264695 loops=1)
        Filter: ((person_id > 899045) AND (role_id > 3))
        Rows Removed by Filter: 25979649
  ->  Hash  (cost=532708.04..532708.04 rows=3068194 width=8) (actual time=10405.915..10405.915 rows=3036719 loops=1)
        Buckets: 131072  Batches: 64  Memory Usage: 2881kB
        ->  Hash Join  (cost=102767.86..532708.04 rows=3068194 width=8) (actual time=4427.885..9495.981 rows=3036719 loops=1)
              Hash Cond: (mi.movie_id = t.id)
              ->  Seq Scan on movie_info mi  (cost=0.00..346232.03 rows=3068194 width=4) (actual time=2745.787..4862.963 rows=3036719 loops=1)
                    Filter: (info_type_id = 16)
                    Rows Removed by Filter: 11799001
              ->  Hash  (cost=61283.27..61283.27 rows=2528527 width=4) (actual time=1680.232..1680.232 rows=2528312 loops=1)
                    Buckets: 131072  Batches: 64  Memory Usage: 2425kB
                    ->  Seq Scan on title t  (cost=0.00..61283.27 rows=2528527 width=4) (actual time=0.017..772.315 rows=2528312 loops=1)
Planning time: 2.027 ms
Execution time: 41466.970 ms
