Seq Scan on movie_keyword mk  (cost=0.00..81003.12 rows=3473192 width=0) (actual time=0.021..1628.680 rows=3465001 loops=1)
  Filter: (keyword_id > 1053)
  Rows Removed by Filter: 1058929
Planning time: 0.349 ms
Execution time: 2050.536 ms
