Seq Scan on movie_companies mc  (cost=0.00..57926.93 rows=585141 width=0) (actual time=0.019..750.247 rows=372438 loops=1)
  Filter: ((company_id < 8754) AND (company_type_id = 2))
  Rows Removed by Filter: 2236691
Planning time: 0.254 ms
Execution time: 792.993 ms
