Seq Scan on cast_info ci  (cost=0.00..705507.15 rows=8617895 width=0) (actual time=0.026..8907.811 rows=8617629 loops=1)
  Filter: (person_id > 2826828)
  Rows Removed by Filter: 27626715
Planning time: 0.310 ms
Execution time: 9941.369 ms
