Hash Join  (cost=926429.42..1057971.67 rows=783021 width=0) (actual time=10615.352..12883.253 rows=926 loops=1)
  Hash Cond: (mk.movie_id = t.id)
  ->  Seq Scan on movie_keyword mk  (cost=0.00..69693.30 rows=4523930 width=4) (actual time=0.022..1084.088 rows=4523930 loops=1)
  ->  Hash  (cost=919248.82..919248.82 rows=437648 width=8) (actual time=10159.359..10159.359 rows=272 loops=1)
        Buckets: 131072  Batches: 8  Memory Usage: 1031kB
        ->  Hash Join  (cost=102767.86..919248.82 rows=437648 width=8) (actual time=8386.295..10158.809 rows=272 loops=1)
              Hash Cond: (ci.movie_id = t.id)
              ->  Seq Scan on cast_info ci  (cost=0.00..796071.18 rows=437648 width=4) (actual time=6889.908..8298.866 rows=272 loops=1)
                    Filter: ((person_id < 207170) AND (role_id = 2))
                    Rows Removed by Filter: 36244072
              ->  Hash  (cost=61283.27..61283.27 rows=2528527 width=4) (actual time=1471.602..1471.602 rows=2528312 loops=1)
                    Buckets: 131072  Batches: 64  Memory Usage: 2415kB
                    ->  Seq Scan on title t  (cost=0.00..61283.27 rows=2528527 width=4) (actual time=0.014..730.261 rows=2528312 loops=1)
Planning time: 1.275 ms
Execution time: 12883.543 ms
