Hash Join  (cost=92883.59..164311.68 rows=241148 width=0) (actual time=1641.330..2961.181 rows=285493 loops=1)
  Hash Cond: (mc.movie_id = t.id)
  ->  Seq Scan on movie_companies mc  (cost=0.00..57926.93 rows=395736 width=4) (actual time=148.301..834.395 rows=569163 loops=1)
        Filter: ((company_id < 1764) AND (company_type_id < 2))
        Rows Removed by Filter: 2039966
  ->  Hash  (cost=67604.59..67604.59 rows=1540800 width=4) (actual time=1491.397..1491.397 rows=1543264 loops=1)
        Buckets: 131072  Batches: 32  Memory Usage: 2722kB
        ->  Seq Scan on title t  (cost=0.00..67604.59 rows=1540800 width=4) (actual time=42.248..1014.794 rows=1543264 loops=1)
              Filter: (kind_id = 7)
              Rows Removed by Filter: 985048
Planning time: 0.782 ms
Execution time: 2997.028 ms
