Hash Join  (cost=133809.85..516579.29 rows=168713 width=0) (actual time=2815.760..7725.573 rows=75631 loops=1)
  Hash Cond: (mi.movie_id = t.id)
  ->  Seq Scan on movie_info mi  (cost=0.00..346232.03 rows=9293409 width=4) (actual time=0.026..4150.778 rows=9425200 loops=1)
        Filter: (info_type_id > 5)
        Rows Removed by Filter: 5410520
  ->  Hash  (cost=133236.06..133236.06 rows=45903 width=8) (actual time=2050.725..2050.725 rows=11186 loops=1)
        Buckets: 65536  Batches: 1  Memory Usage: 949kB
        ->  Hash Join  (cost=74747.02..133236.06 rows=45903 width=8) (actual time=1131.693..2045.770 rows=11186 loops=1)
              Hash Cond: (mc.movie_id = t.id)
              ->  Seq Scan on movie_companies mc  (cost=0.00..51404.11 rows=1766907 width=4) (actual time=0.020..726.864 rows=1772600 loops=1)
                    Filter: (company_id > 2164)
                    Rows Removed by Filter: 836529
              ->  Hash  (cost=73925.90..73925.90 rows=65689 width=4) (actual time=934.026..934.026 rows=74524 loops=1)
                    Buckets: 131072  Batches: 1  Memory Usage: 3644kB
                    ->  Seq Scan on title t  (cost=0.00..73925.90 rows=65689 width=4) (actual time=264.192..905.425 rows=74524 loops=1)
                          Filter: ((kind_id = 7) AND (production_year = 2006))
                          Rows Removed by Filter: 2453788
Planning time: 1.184 ms
Execution time: 7735.777 ms
