Hash Join  (cost=97209.65..1339879.40 rows=20332258 width=0) (actual time=1683.362..40943.675 rows=21053912 loops=1)
  Hash Cond: (ci.movie_id = t.id)
  ->  Seq Scan on cast_info ci  (cost=0.00..614943.12 rows=36225612 width=4) (actual time=0.020..10740.497 rows=36244344 loops=1)
  ->  Hash  (cost=73925.90..73925.90 rows=1419180 width=4) (actual time=1682.120..1682.120 rows=1478425 loops=1)
        Buckets: 131072  Batches: 32  Memory Usage: 2651kB
        ->  Seq Scan on title t  (cost=0.00..73925.90 rows=1419180 width=4) (actual time=0.024..1206.118 rows=1478425 loops=1)
              Filter: ((production_year > 1936) AND (kind_id = 7))
              Rows Removed by Filter: 1049887
Planning time: 0.776 ms
Execution time: 43525.622 ms
