Seq Scan on movie_keyword mk  (cost=0.00..81003.12 rows=1216338 width=0) (actual time=0.024..1181.399 rows=1222691 loops=1)
  Filter: (keyword_id < 1545)
  Rows Removed by Filter: 3301239
Planning time: 0.336 ms
Execution time: 1340.663 ms
