Seq Scan on cast_info ci  (cost=0.00..796071.18 rows=6895392 width=0) (actual time=2421.001..9492.827 rows=10629178 loops=1)
  Filter: ((person_id > 2644891) AND (role_id > 1))
  Rows Removed by Filter: 25615166
Planning time: 0.322 ms
Execution time: 10674.089 ms
