Hash Join  (cost=255258.33..1209038.11 rows=7908033 width=0) (actual time=6709.134..23859.807 rows=7580948 loops=1)
  Hash Cond: (ci.movie_id = t.id)
  ->  Seq Scan on cast_info ci  (cost=0.00..705507.15 rows=12726058 width=4) (actual time=1769.954..11372.717 rows=12670688 loops=1)
        Filter: (role_id = 1)
        Rows Removed by Filter: 23573656
  ->  Hash  (cost=229479.84..229479.84 rows=1571239 width=8) (actual time=4937.742..4937.742 rows=732838 loops=1)
        Buckets: 131072  Batches: 32  Memory Usage: 1931kB
        ->  Hash Join  (cost=88334.42..229479.84 rows=1571239 width=8) (actual time=1416.394..4742.447 rows=732838 loops=1)
              Hash Cond: (mk.movie_id = t.id)
              ->  Seq Scan on movie_keyword mk  (cost=0.00..69693.30 rows=4523930 width=4) (actual time=0.033..1184.861 rows=4523930 loops=1)
              ->  Hash  (cost=73925.90..73925.90 rows=878201 width=4) (actual time=1415.158..1415.158 rows=947729 loops=1)
                    Buckets: 131072  Batches: 16  Memory Usage: 3119kB
                    ->  Seq Scan on title t  (cost=0.00..73925.90 rows=878201 width=4) (actual time=0.026..1104.215 rows=947729 loops=1)
                          Filter: ((kind_id > 1) AND (production_year > 2003))
                          Rows Removed by Filter: 1580583
Planning time: 1.154 ms
Execution time: 24719.957 ms
