Seq Scan on cast_info ci  (cost=0.00..796071.18 rows=8006569 width=0) (actual time=6788.143..11897.564 rows=4083656 loops=1)
  Filter: ((person_id < 2426124) AND (role_id > 3))
  Rows Removed by Filter: 32160688
Planning time: 0.425 ms
Execution time: 12374.857 ms
