Hash Join  (cost=89240.26..177568.20 rows=963142 width=0) (actual time=1548.456..3888.187 rows=373438 loops=1)
  Hash Cond: (mc.movie_id = t.id)
  ->  Seq Scan on movie_companies mc  (cost=0.00..44881.29 rows=2609129 width=4) (actual time=0.017..881.156 rows=2609129 loops=1)
  ->  Hash  (cost=73925.90..73925.90 rows=933388 width=4) (actual time=1547.433..1547.433 rows=1024206 loops=1)
        Buckets: 131072  Batches: 16  Memory Usage: 3285kB
        ->  Seq Scan on title t  (cost=0.00..73925.90 rows=933388 width=4) (actual time=112.994..1230.000 rows=1024206 loops=1)
              Filter: ((production_year > 1997) AND (kind_id = 7))
              Rows Removed by Filter: 1504106
Planning time: 0.730 ms
Execution time: 3929.382 ms
