Hash Join  (cost=146088.98..610580.47 rows=483711 width=0) (actual time=3250.284..14306.410 rows=4362366 loops=1)
  Hash Cond: (mi.movie_id = t.id)
  ->  Seq Scan on movie_info mi  (cost=0.00..346232.03 rows=9767026 width=4) (actual time=39.228..5278.030 rows=9911754 loops=1)
        Filter: (info_type_id > 4)
        Rows Removed by Filter: 4923966
  ->  Hash  (cost=144033.67..144033.67 rows=125225 width=8) (actual time=3114.762..3114.762 rows=323628 loops=1)
        Buckets: 131072 (originally 131072)  Batches: 8 (originally 2)  Memory Usage: 3073kB
        ->  Hash Join  (cost=83810.17..144033.67 rows=125225 width=8) (actual time=1033.954..2994.384 rows=323628 loops=1)
              Hash Cond: (mc.movie_id = t.id)
              ->  Seq Scan on movie_companies mc  (cost=0.00..51404.11 rows=320569 width=4) (actual time=0.027..706.987 rows=323628 loops=1)
                    Filter: (company_id > 91411)
                    Rows Removed by Filter: 2285501
              ->  Hash  (cost=67604.59..67604.59 rows=987727 width=4) (actual time=1032.821..1032.821 rows=985048 loops=1)
                    Buckets: 131072  Batches: 16  Memory Usage: 3188kB
                    ->  Seq Scan on title t  (cost=0.00..67604.59 rows=987727 width=4) (actual time=0.025..790.703 rows=985048 loops=1)
                          Filter: (kind_id < 7)
                          Rows Removed by Filter: 1543264
Planning time: 1.129 ms
Execution time: 14796.172 ms
