Hash Join  (cost=123984.52..210709.89 rows=6733 width=0) (actual time=1782.269..3464.644 rows=138428 loops=1)
  Hash Cond: (mk.movie_id = t.id)
  ->  Seq Scan on movie_keyword mk  (cost=0.00..69693.30 rows=4523930 width=4) (actual time=0.014..794.802 rows=4523930 loops=1)
  ->  Hash  (cost=123937.48..123937.48 rows=3763 width=8) (actual time=1781.851..1781.851 rows=8902 loops=1)
        Buckets: 16384 (originally 4096)  Batches: 1 (originally 1)  Memory Usage: 476kB
        ->  Hash Join  (cost=67697.55..123937.48 rows=3763 width=8) (actual time=802.511..1777.780 rows=8902 loops=1)
              Hash Cond: (mc.movie_id = t.id)
              ->  Seq Scan on movie_companies mc  (cost=0.00..51404.11 rows=1279517 width=4) (actual time=0.018..733.852 rows=1274246 loops=1)
                    Filter: (company_type_id < 2)
                    Rows Removed by Filter: 1334883
              ->  Hash  (cost=67604.59..67604.59 rows=7437 width=4) (actual time=802.115..802.115 rows=14349 loops=1)
                    Buckets: 16384 (originally 8192)  Batches: 1 (originally 1)  Memory Usage: 633kB
                    ->  Seq Scan on title t  (cost=0.00..67604.59 rows=7437 width=4) (actual time=0.073..795.427 rows=14349 loops=1)
                          Filter: (production_year = 1969)
                          Rows Removed by Filter: 2513963
Planning time: 1.079 ms
Execution time: 3483.245 ms
