Hash Join  (cost=82261.55..200719.50 rows=525123 width=0) (actual time=966.854..3987.825 rows=190029 loops=1)
  Hash Cond: (mk.movie_id = t.id)
  ->  Seq Scan on movie_keyword mk  (cost=0.00..81003.12 rows=2613490 width=4) (actual time=0.016..1241.227 rows=2605072 loops=1)
        Filter: (keyword_id > 3305)
        Rows Removed by Filter: 1918858
  ->  Hash  (cost=73925.90..73925.90 rows=508052 width=4) (actual time=965.902..965.902 rows=368581 loops=1)
        Buckets: 131072  Batches: 8  Memory Usage: 2640kB
        ->  Seq Scan on title t  (cost=0.00..73925.90 rows=508052 width=4) (actual time=0.025..848.850 rows=368581 loops=1)
              Filter: ((kind_id > 1) AND (production_year < 1990))
              Rows Removed by Filter: 2159731
Planning time: 0.751 ms
Execution time: 4010.538 ms
