Hash Join  (cost=129930.85..217281.22 rows=69233 width=0) (actual time=1332.706..3293.921 rows=1400284 loops=1)
  Hash Cond: (mk.movie_id = t.id)
  ->  Seq Scan on movie_keyword mk  (cost=0.00..69693.30 rows=4523930 width=4) (actual time=0.020..743.435 rows=4523930 loops=1)
  ->  Hash  (cost=129447.15..129447.15 rows=38696 width=8) (actual time=1332.296..1332.296 rows=66078 loops=1)
        Buckets: 131072 (originally 65536)  Batches: 1 (originally 1)  Memory Usage: 3606kB
        ->  Hash Join  (cost=74394.67..129447.15 rows=38696 width=8) (actual time=572.710..1312.225 rows=66078 loops=1)
              Hash Cond: (mc.movie_id = t.id)
              ->  Seq Scan on movie_companies mc  (cost=0.00..44881.29 rows=2609129 width=4) (actual time=0.029..325.671 rows=2609129 loops=1)
              ->  Hash  (cost=73925.90..73925.90 rows=37501 width=4) (actual time=571.976..571.976 rows=32253 loops=1)
                    Buckets: 65536  Batches: 1  Memory Usage: 1646kB
                    ->  Seq Scan on title t  (cost=0.00..73925.90 rows=37501 width=4) (actual time=0.223..561.532 rows=32253 loops=1)
                          Filter: ((kind_id < 7) AND (production_year = 2005))
                          Rows Removed by Filter: 2496059
Planning time: 1.177 ms
Execution time: 3473.367 ms
