Hash Join  (cost=58358.90..86991.00 rows=19 width=0) (actual time=782.935..1244.018 rows=455 loops=1)
  Hash Cond: (mi_idx.movie_id = t.id)
  ->  Seq Scan on movie_info_idx mi_idx  (cost=0.00..25185.44 rows=919057 width=4) (actual time=0.026..367.414 rows=920110 loops=1)
        Filter: (info_type_id > 99)
        Rows Removed by Filter: 459925
  ->  Hash  (cost=58358.27..58358.27 rows=51 width=8) (actual time=751.217..751.217 rows=229 loops=1)
        Buckets: 1024  Batches: 1  Memory Usage: 17kB
        ->  Nested Loop  (cost=0.43..58358.27 rows=51 width=8) (actual time=4.979..751.029 rows=229 loops=1)
              ->  Seq Scan on movie_companies mc  (cost=0.00..57926.93 rows=51 width=4) (actual time=4.922..745.495 rows=229 loops=1)
                    Filter: ((company_type_id < 2) AND (company_id = 3667))
                    Rows Removed by Filter: 2608900
              ->  Index Only Scan using title_pkey on title t  (cost=0.43..8.45 rows=1 width=4) (actual time=0.022..0.023 rows=1 loops=229)
                    Index Cond: (id = mc.movie_id)
                    Heap Fetches: 229
Planning time: 1.101 ms
Execution time: 1244.231 ms
