Seq Scan on movie_keyword mk  (cost=0.00..81003.12 rows=1427704 width=0) (actual time=0.025..1137.035 rows=1439398 loops=1)
  Filter: (keyword_id > 11598)
  Rows Removed by Filter: 3084532
Planning time: 0.372 ms
Execution time: 1315.483 ms
