Seq Scan on movie_keyword mk  (cost=0.00..81003.12 rows=4428048 width=0) (actual time=0.024..1069.278 rows=4429904 loops=1)
  Filter: (keyword_id < 83929)
  Rows Removed by Filter: 94026
Planning time: 0.322 ms
Execution time: 1506.966 ms
