Seq Scan on movie_companies mc  (cost=0.00..57926.93 rows=780511 width=0) (actual time=301.147..805.145 rows=565762 loops=1)
  Filter: ((company_id > 5284) AND (company_type_id < 2))
  Rows Removed by Filter: 2043367
Planning time: 0.320 ms
Execution time: 879.300 ms
