Seq Scan on cast_info ci  (cost=0.00..796071.18 rows=8051149 width=0) (actual time=0.029..11781.115 rows=12670688 loops=1)
  Filter: ((person_id < 2327122) AND (role_id = 1))
  Rows Removed by Filter: 23573656
Planning time: 0.419 ms
Execution time: 13271.669 ms
