Seq Scan on cast_info ci  (cost=0.00..705507.15 rows=13688013 width=0) (actual time=1643.707..9310.935 rows=13849316 loops=1)
  Filter: (person_id > 2283049)
  Rows Removed by Filter: 22395028
Planning time: 0.321 ms
Execution time: 10839.814 ms
