Nested Loop  (cost=0.43..83071.67 rows=246 width=0) (actual time=51.329..898.251 rows=27 loops=1)
  ->  Seq Scan on movie_keyword mk  (cost=0.00..81003.12 rows=246 width=4) (actual time=51.261..897.157 rows=27 loops=1)
        Filter: (keyword_id = 19500)
        Rows Removed by Filter: 4523903
  ->  Index Only Scan using title_pkey on title t  (cost=0.43..8.40 rows=1 width=4) (actual time=0.035..0.036 rows=1 loops=27)
        Index Cond: (id = mk.movie_id)
        Heap Fetches: 27
Planning time: 0.757 ms
Execution time: 898.339 ms
