Nested Loop  (cost=44377.22..142891.79 rows=3375 width=0) (actual time=804.773..2053.344 rows=12825 loops=1)
  ->  Hash Join  (cost=44376.79..132086.73 rows=18379 width=8) (actual time=804.715..1962.719 rows=12825 loops=1)
        Hash Cond: (mk.movie_id = mi_idx.movie_id)
        ->  Seq Scan on movie_keyword mk  (cost=0.00..81003.12 rows=6183 width=4) (actual time=0.993..943.674 rows=5871 loops=1)
              Filter: (keyword_id = 2860)
              Rows Removed by Filter: 4518059
        ->  Hash  (cost=21735.35..21735.35 rows=1380035 width=4) (actual time=802.984..802.984 rows=1380035 loops=1)
              Buckets: 131072  Batches: 32  Memory Usage: 2556kB
              ->  Seq Scan on movie_info_idx mi_idx  (cost=0.00..21735.35 rows=1380035 width=4) (actual time=0.021..388.983 rows=1380035 loops=1)
  ->  Index Only Scan using title_pkey on title t  (cost=0.43..0.58 rows=1 width=4) (actual time=0.006..0.007 rows=1 loops=12825)
        Index Cond: (id = mi_idx.movie_id)
        Heap Fetches: 12825
Planning time: 1.077 ms
Execution time: 2055.819 ms
