Hash Join  (cost=73982.55..132040.75 rows=3165 width=0) (actual time=1080.514..1971.202 rows=5210 loops=1)
  Hash Cond: (mc.movie_id = t.id)
  ->  Seq Scan on movie_companies mc  (cost=0.00..51404.11 rows=1765981 width=4) (actual time=0.025..771.645 rows=1756864 loops=1)
        Filter: (company_id < 24937)
        Rows Removed by Filter: 852265
  ->  Hash  (cost=73925.90..73925.90 rows=4532 width=4) (actual time=907.262..907.262 rows=5201 loops=1)
        Buckets: 8192  Batches: 1  Memory Usage: 247kB
        ->  Seq Scan on title t  (cost=0.00..73925.90 rows=4532 width=4) (actual time=0.024..904.586 rows=5201 loops=1)
              Filter: ((kind_id = 7) AND (production_year = 1956))
              Rows Removed by Filter: 2523111
Planning time: 0.779 ms
Execution time: 1971.995 ms
