Hash Join  (cost=132876.29..1219290.20 rows=5121374 width=0) (actual time=3389.630..38575.295 rows=17153278 loops=1)
  Hash Cond: (ci.movie_id = t.id)
  ->  Seq Scan on cast_info ci  (cost=0.00..614943.12 rows=36225612 width=4) (actual time=0.026..13155.162 rows=36244344 loops=1)
  ->  Hash  (cost=127010.93..127010.93 rows=357469 width=8) (actual time=3388.602..3388.602 rows=636038 loops=1)
        Buckets: 131072 (originally 131072)  Batches: 16 (originally 8)  Memory Usage: 3073kB
        ->  Hash Join  (cost=83810.17..127010.93 rows=357469 width=8) (actual time=1873.291..3203.221 rows=636038 loops=1)
              Hash Cond: (mi_idx.movie_id = t.id)
              ->  Seq Scan on movie_info_idx mi_idx  (cost=0.00..25185.44 rows=915101 width=4) (actual time=0.026..558.507 rows=919850 loops=1)
                    Filter: (info_type_id < 101)
                    Rows Removed by Filter: 460185
              ->  Hash  (cost=67604.59..67604.59 rows=987727 width=4) (actual time=1872.184..1872.184 rows=985048 loops=1)
                    Buckets: 131072  Batches: 16  Memory Usage: 3188kB
                    ->  Seq Scan on title t  (cost=0.00..67604.59 rows=987727 width=4) (actual time=0.023..1264.482 rows=985048 loops=1)
                          Filter: (kind_id < 7)
                          Rows Removed by Filter: 1543264
Planning time: 1.290 ms
Execution time: 40679.012 ms
