Hash Join  (cost=28268.66..114928.17 rows=147 width=0) (actual time=347.097..1932.318 rows=31635 loops=1)
  Hash Cond: (mk.movie_id = t.id)
  ->  Seq Scan on movie_keyword mk  (cost=0.00..69693.30 rows=4523930 width=4) (actual time=0.024..778.430 rows=4523930 loops=1)
  ->  Hash  (cost=28267.64..28267.64 rows=82 width=8) (actual time=337.157..337.157 rows=214 loops=1)
        Buckets: 1024  Batches: 1  Memory Usage: 17kB
        ->  Nested Loop  (cost=0.43..28267.64 rows=82 width=8) (actual time=128.113..337.060 rows=214 loops=1)
              ->  Seq Scan on movie_info_idx mi_idx  (cost=0.00..25185.44 rows=368 width=4) (actual time=128.023..331.428 rows=260 loops=1)
                    Filter: (info_type_id > 101)
                    Rows Removed by Filter: 1379775
              ->  Index Scan using title_pkey on title t  (cost=0.43..8.37 rows=1 width=4) (actual time=0.021..0.021 rows=1 loops=260)
                    Index Cond: (id = mi_idx.movie_id)
                    Filter: ((kind_id < 7) AND (production_year < 2006))
                    Rows Removed by Filter: 0
Planning time: 1.179 ms
Execution time: 1936.616 ms
