Hash Join  (cost=102767.86..1059782.59 rows=6278003 width=0) (actual time=5051.823..24785.342 rows=12670688 loops=1)
  Hash Cond: (ci.movie_id = t.id)
  ->  Seq Scan on cast_info ci  (cost=0.00..796071.18 rows=6278003 width=4) (actual time=3392.922..12619.462 rows=12670688 loops=1)
        Filter: ((person_id < 1754988) AND (role_id < 2))
        Rows Removed by Filter: 23573656
  ->  Hash  (cost=61283.27..61283.27 rows=2528527 width=4) (actual time=1657.484..1657.484 rows=2528312 loops=1)
        Buckets: 131072  Batches: 64  Memory Usage: 2415kB
        ->  Seq Scan on title t  (cost=0.00..61283.27 rows=2528527 width=4) (actual time=0.016..834.370 rows=2528312 loops=1)
Planning time: 0.804 ms
Execution time: 26165.794 ms
