Seq Scan on movie_keyword mk  (cost=0.00..81003.12 rows=3301907 width=0) (actual time=0.010..1233.087 rows=3292737 loops=1)
  Filter: (keyword_id < 14723)
  Rows Removed by Filter: 1231193
Planning time: 0.307 ms
Execution time: 1631.855 ms
