Seq Scan on movie_keyword mk  (cost=0.00..81003.12 rows=246 width=0) (actual time=30.649..1125.578 rows=9 loops=1)
  Filter: (keyword_id = 72425)
  Rows Removed by Filter: 4523921
Planning time: 0.391 ms
Execution time: 1125.687 ms
