Hash Join  (cost=156487.41..1006880.52 rows=715324 width=0) (actual time=10258.175..15187.075 rows=888082 loops=1)
  Hash Cond: (ci.movie_id = t.id)
  ->  Seq Scan on cast_info ci  (cost=0.00..796071.18 rows=3923650 width=4) (actual time=7297.770..10954.713 rows=1970164 loops=1)
        Filter: ((person_id < 1471057) AND (role_id > 4))
        Rows Removed by Filter: 34274180
  ->  Hash  (cost=148924.19..148924.19 rows=460978 width=8) (actual time=2959.424..2959.424 rows=459925 loops=1)
        Buckets: 131072  Batches: 8  Memory Usage: 3275kB
        ->  Hash Join  (cost=102767.86..148924.19 rows=460978 width=8) (actual time=1656.271..2825.200 rows=459925 loops=1)
              Hash Cond: (mi_idx.movie_id = t.id)
              ->  Seq Scan on movie_info_idx mi_idx  (cost=0.00..25185.44 rows=460978 width=4) (actual time=0.032..419.561 rows=459925 loops=1)
                    Filter: (info_type_id = 99)
                    Rows Removed by Filter: 920110
              ->  Hash  (cost=61283.27..61283.27 rows=2528527 width=4) (actual time=1654.223..1654.223 rows=2528312 loops=1)
                    Buckets: 131072  Batches: 64  Memory Usage: 2415kB
                    ->  Seq Scan on title t  (cost=0.00..61283.27 rows=2528527 width=4) (actual time=0.019..825.221 rows=2528312 loops=1)
Planning time: 1.297 ms
Execution time: 15285.000 ms
