Hash Join  (cost=924428.84..1005001.14 rows=400577 width=0) (actual time=12731.667..14838.602 rows=601957 loops=1)
  Hash Cond: (mc.movie_id = t.id)
  ->  Seq Scan on movie_companies mc  (cost=0.00..44881.29 rows=2609129 width=4) (actual time=0.022..754.575 rows=2609129 loops=1)
  ->  Hash  (cost=918059.32..918059.32 rows=388202 width=8) (actual time=12730.557..12730.557 rows=410859 loops=1)
        Buckets: 131072  Batches: 8  Memory Usage: 3008kB
        ->  Hash Join  (cost=102767.86..918059.32 rows=388202 width=8) (actual time=3649.240..12606.722 rows=410859 loops=1)
              Hash Cond: (ci.movie_id = t.id)
              ->  Seq Scan on cast_info ci  (cost=0.00..796071.18 rows=388202 width=4) (actual time=1821.472..10026.813 rows=410859 loops=1)
                    Filter: ((person_id > 3144142) AND (role_id = 4))
                    Rows Removed by Filter: 35833485
              ->  Hash  (cost=61283.27..61283.27 rows=2528527 width=4) (actual time=1826.975..1826.975 rows=2528312 loops=1)
                    Buckets: 131072  Batches: 64  Memory Usage: 2415kB
                    ->  Seq Scan on title t  (cost=0.00..61283.27 rows=2528527 width=4) (actual time=0.026..982.653 rows=2528312 loops=1)
Planning time: 1.168 ms
Execution time: 14911.744 ms
