Nested Loop  (cost=0.43..83071.67 rows=246 width=0) (actual time=7.553..1124.776 rows=278 loops=1)
  ->  Seq Scan on movie_keyword mk  (cost=0.00..81003.12 rows=246 width=4) (actual time=7.452..1115.766 rows=278 loops=1)
        Filter: (keyword_id = 10793)
        Rows Removed by Filter: 4523652
  ->  Index Only Scan using title_pkey on title t  (cost=0.43..8.40 rows=1 width=4) (actual time=0.029..0.030 rows=1 loops=278)
        Index Cond: (id = mk.movie_id)
        Heap Fetches: 278
Planning time: 0.767 ms
Execution time: 1125.019 ms
