Hash Join  (cost=210076.30..735862.50 rows=4309227 width=0) (actual time=3911.785..38939.269 rows=101022126 loops=1)
  Hash Cond: (mi.movie_id = t.id)
  ->  Seq Scan on movie_info mi  (cost=0.00..309384.22 rows=14739122 width=4) (actual time=0.026..4439.328 rows=14835720 loops=1)
  ->  Hash  (cost=197947.58..197947.58 rows=739257 width=8) (actual time=3910.338..3910.338 rows=1605752 loops=1)
        Buckets: 131072 (originally 131072)  Batches: 32 (originally 16)  Memory Usage: 3073kB
        ->  Hash Join  (cost=83810.17..197947.58 rows=739257 width=8) (actual time=1228.714..3581.858 rows=1605752 loops=1)
              Hash Cond: (mk.movie_id = t.id)
              ->  Seq Scan on movie_keyword mk  (cost=0.00..81003.12 rows=1892457 width=4) (actual time=0.030..1189.085 rows=1897235 loops=1)
                    Filter: (keyword_id > 7125)
                    Rows Removed by Filter: 2626695
              ->  Hash  (cost=67604.59..67604.59 rows=987727 width=4) (actual time=1227.784..1227.784 rows=985048 loops=1)
                    Buckets: 131072  Batches: 16  Memory Usage: 3197kB
                    ->  Seq Scan on title t  (cost=0.00..67604.59 rows=987727 width=4) (actual time=0.018..898.701 rows=985048 loops=1)
                          Filter: (kind_id < 7)
                          Rows Removed by Filter: 1543264
Planning time: 1.091 ms
Execution time: 50483.279 ms
