Hash Join  (cost=102767.86..184079.67 rows=832351 width=0) (actual time=2162.931..4153.798 rows=841104 loops=1)
  Hash Cond: (mc.movie_id = t.id)
  ->  Seq Scan on movie_companies mc  (cost=0.00..51404.11 rows=832351 width=4) (actual time=0.024..903.259 rows=841104 loops=1)
        Filter: (company_id > 26105)
        Rows Removed by Filter: 1768025
  ->  Hash  (cost=61283.27..61283.27 rows=2528527 width=4) (actual time=2161.606..2161.606 rows=2528312 loops=1)
        Buckets: 131072  Batches: 64  Memory Usage: 2415kB
        ->  Seq Scan on title t  (cost=0.00..61283.27 rows=2528527 width=4) (actual time=0.004..1026.457 rows=2528312 loops=1)
Planning time: 0.778 ms
Execution time: 4253.986 ms
