Seq Scan on movie_keyword mk  (cost=0.00..81003.12 rows=1668311 width=0) (actual time=0.016..1228.665 rows=1679092 loops=1)
  Filter: (keyword_id > 8658)
  Rows Removed by Filter: 2844838
Planning time: 0.313 ms
Execution time: 1448.514 ms
