Hash Join  (cost=140337.55..270433.42 rows=664283 width=0) (actual time=2576.559..5594.525 rows=848486 loops=1)
  Hash Cond: (mk.movie_id = t.id)
  ->  Seq Scan on movie_keyword mk  (cost=0.00..69693.30 rows=4523930 width=4) (actual time=0.019..1146.973 rows=4523930 loops=1)
  ->  Hash  (cost=134245.51..134245.51 rows=371283 width=8) (actual time=2575.213..2575.213 rows=245016 loops=1)
        Buckets: 131072  Batches: 8  Memory Usage: 2232kB
        ->  Hash Join  (cost=90757.62..134245.51 rows=371283 width=8) (actual time=1361.243..2496.450 rows=245016 loops=1)
              Hash Cond: (mi_idx.movie_id = t.id)
              ->  Seq Scan on movie_info_idx mi_idx  (cost=0.00..25185.44 rows=915101 width=4) (actual time=0.024..455.637 rows=919850 loops=1)
                    Filter: (info_type_id < 101)
                    Rows Removed by Filter: 460185
              ->  Hash  (cost=73925.90..73925.90 rows=1025897 width=4) (actual time=1360.395..1360.395 rows=957256 loops=1)
                    Buckets: 131072  Batches: 16  Memory Usage: 3131kB
                    ->  Seq Scan on title t  (cost=0.00..73925.90 rows=1025897 width=4) (actual time=0.029..1048.246 rows=957256 loops=1)
                          Filter: ((kind_id > 3) AND (production_year < 2007))
                          Rows Removed by Filter: 1571056
Planning time: 1.078 ms
Execution time: 5679.990 ms
