Hash Join  (cost=127743.06..227871.62 rows=1209003 width=144) (actual time=2653.628..5941.738 rows=1240299 loops=1)
  Hash Cond: (mi_idx.movie_id = t.id)
  ->  Seq Scan on movie_info_idx mi_idx  (cost=0.00..21735.35 rows=1380035 width=50) (actual time=0.021..485.170 rows=1380035 loops=1)
  ->  Hash  (cost=67604.59..67604.59 rows=2215158 width=94) (actual time=2652.986..2652.986 rows=2203697 loops=1)
        Buckets: 32768  Batches: 128  Memory Usage: 2176kB
        ->  Seq Scan on title t  (cost=0.00..67604.59 rows=2215158 width=94) (actual time=0.009..1580.991 rows=2203697 loops=1)
              Filter: (production_year > 1960)
              Rows Removed by Filter: 324615
Planning time: 0.956 ms
Execution time: 6006.956 ms
