Hash Join  (cost=102767.86..228710.68 rows=1457089 width=0) (actual time=1699.115..5703.392 rows=1467596 loops=1)
  Hash Cond: (mk.movie_id = t.id)
  ->  Seq Scan on movie_keyword mk  (cost=0.00..81003.12 rows=1457089 width=4) (actual time=0.021..1244.080 rows=1467596 loops=1)
        Filter: (keyword_id > 11253)
        Rows Removed by Filter: 3056334
  ->  Hash  (cost=61283.27..61283.27 rows=2528527 width=4) (actual time=1697.256..1697.256 rows=2528312 loops=1)
        Buckets: 131072  Batches: 64  Memory Usage: 2425kB
        ->  Seq Scan on title t  (cost=0.00..61283.27 rows=2528527 width=4) (actual time=0.029..827.488 rows=2528312 loops=1)
Planning time: 0.693 ms
Execution time: 5897.911 ms
