Hash Join  (cost=84037.34..1149350.85 rows=4645417 width=0) (actual time=1101.291..31013.922 rows=6930590 loops=1)
  Hash Cond: (ci.movie_id = t.id)
  ->  Seq Scan on cast_info ci  (cost=0.00..796071.18 rows=19059775 width=4) (actual time=0.028..15606.121 rows=21676394 loops=1)
        Filter: ((person_id > 654937) AND (role_id > 1))
        Rows Removed by Filter: 14567950
  ->  Hash  (cost=73925.90..73925.90 rows=616275 width=4) (actual time=1099.889..1099.889 rows=676927 loops=1)
        Buckets: 131072  Batches: 16  Memory Usage: 2516kB
        ->  Seq Scan on title t  (cost=0.00..73925.90 rows=616275 width=4) (actual time=0.022..902.829 rows=676927 loops=1)
              Filter: ((production_year > 2005) AND (kind_id = 7))
              Rows Removed by Filter: 1851385
Planning time: 0.834 ms
Execution time: 31820.239 ms
