Hash Join  (cost=100490.78..478955.55 rows=863306 width=0) (actual time=4270.190..7658.963 rows=630238 loops=1)
  Hash Cond: (mi.movie_id = t.id)
  ->  Seq Scan on movie_info mi  (cost=0.00..346232.03 rows=1348138 width=4) (actual time=2193.622..4489.585 rows=1298989 loops=1)
        Filter: (info_type_id = 4)
        Rows Removed by Filter: 13536731
  ->  Hash  (cost=73925.90..73925.90 rows=1619190 width=4) (actual time=2075.579..2075.579 rows=1731921 loops=1)
        Buckets: 131072  Batches: 32  Memory Usage: 2938kB
        ->  Seq Scan on title t  (cost=0.00..73925.90 rows=1619190 width=4) (actual time=0.040..1233.479 rows=1731921 loops=1)
              Filter: ((kind_id > 1) AND (production_year > 1961))
              Rows Removed by Filter: 796391
Planning time: 0.801 ms
Execution time: 7729.845 ms
