Nested Loop  (cost=0.43..83071.67 rows=246 width=0) (actual time=2.542..1055.916 rows=1409 loops=1)
  ->  Seq Scan on movie_keyword mk  (cost=0.00..81003.12 rows=246 width=4) (actual time=2.492..1031.814 rows=1409 loops=1)
        Filter: (keyword_id = 868)
        Rows Removed by Filter: 4522521
  ->  Index Only Scan using title_pkey on title t  (cost=0.43..8.40 rows=1 width=4) (actual time=0.016..0.016 rows=1 loops=1409)
        Index Cond: (id = mk.movie_id)
        Heap Fetches: 1409
Planning time: 0.789 ms
Execution time: 1056.424 ms
