Seq Scan on cast_info ci  (cost=0.00..705507.15 rows=27258246 width=0) (actual time=0.023..10741.108 rows=27259639 loops=1)
  Filter: (person_id < 2798000)
  Rows Removed by Filter: 8984705
Planning time: 0.379 ms
Execution time: 14070.946 ms
