Seq Scan on movie_keyword mk  (cost=0.00..81003.12 rows=3624355 width=0) (actual time=0.027..1349.605 rows=3624065 loops=1)
  Filter: (keyword_id < 20510)
  Rows Removed by Filter: 899865
Planning time: 0.336 ms
Execution time: 1816.787 ms
