Seq Scan on movie_keyword mk  (cost=0.00..81003.12 rows=246 width=0) (actual time=35.884..1249.160 rows=19 loops=1)
  Filter: (keyword_id = 35636)
  Rows Removed by Filter: 4523911
Planning time: 0.278 ms
Execution time: 1249.245 ms
