Hash Join  (cost=75199.97..145330.10 rows=47631 width=0) (actual time=1396.342..2526.674 rows=12538 loops=1)
  Hash Cond: (mc.movie_id = t.id)
  ->  Seq Scan on movie_companies mc  (cost=0.00..51404.11 rows=1551923 width=4) (actual time=0.010..845.870 rows=1555955 loops=1)
        Filter: (company_id > 6200)
        Rows Removed by Filter: 1053174
  ->  Hash  (cost=73925.90..73925.90 rows=77605 width=4) (actual time=1107.415..1107.415 rows=84684 loops=1)
        Buckets: 131072  Batches: 2  Memory Usage: 2512kB
        ->  Seq Scan on title t  (cost=0.00..73925.90 rows=77605 width=4) (actual time=241.151..1064.478 rows=84684 loops=1)
              Filter: ((kind_id = 7) AND (production_year = 2009))
              Rows Removed by Filter: 2443628
Planning time: 0.802 ms
Execution time: 2528.777 ms
