Hash Join  (cost=195651.30..331161.20 rows=1108686 width=0) (actual time=4109.710..8420.330 rows=2139961 loops=1)
  Hash Cond: (mk.movie_id = t.id)
  ->  Seq Scan on movie_keyword mk  (cost=0.00..69693.30 rows=4523930 width=4) (actual time=0.024..1172.517 rows=4523930 loops=1)
  ->  Hash  (cost=185484.43..185484.43 rows=619670 width=8) (actual time=4108.094..4108.094 rows=398753 loops=1)
        Buckets: 131072  Batches: 16  Memory Usage: 2000kB
        ->  Hash Join  (cost=102767.86..185484.43 rows=619670 width=8) (actual time=2388.492..3981.126 rows=398753 loops=1)
              Hash Cond: (mc.movie_id = t.id)
              ->  Seq Scan on movie_companies mc  (cost=0.00..57926.93 rows=619670 width=4) (actual time=0.029..841.597 rows=398753 loops=1)
                    Filter: ((company_id < 11055) AND (company_type_id > 1))
                    Rows Removed by Filter: 2210376
              ->  Hash  (cost=61283.27..61283.27 rows=2528527 width=4) (actual time=2387.415..2387.415 rows=2528312 loops=1)
                    Buckets: 131072  Batches: 64  Memory Usage: 2415kB
                    ->  Seq Scan on title t  (cost=0.00..61283.27 rows=2528527 width=4) (actual time=0.025..926.233 rows=2528312 loops=1)
Planning time: 1.192 ms
Execution time: 8667.893 ms
