Hash Join  (cost=101278.69..197015.16 rows=14983 width=0) (actual time=1831.292..4027.802 rows=34137 loops=1)
  Hash Cond: (mk.movie_id = t.id)
  ->  Seq Scan on movie_keyword mk  (cost=0.00..81003.12 rows=3888937 width=4) (actual time=0.025..1633.067 rows=3874830 loops=1)
        Filter: (keyword_id < 29028)
        Rows Removed by Filter: 649100
  ->  Hash  (cost=101156.92..101156.92 rows=9742 width=8) (actual time=1821.809..1821.809 rows=9108 loops=1)
        Buckets: 16384  Batches: 1  Memory Usage: 484kB
        ->  Hash Join  (cost=74149.02..101156.92 rows=9742 width=8) (actual time=1193.251..1818.351 rows=9108 loops=1)
              Hash Cond: (mi_idx.movie_id = t.id)
              ->  Seq Scan on movie_info_idx mi_idx  (cost=0.00..21735.35 rows=1380035 width=4) (actual time=0.025..318.043 rows=1380035 loops=1)
              ->  Hash  (cost=73925.90..73925.90 rows=17849 width=4) (actual time=1192.996..1192.996 rows=18776 loops=1)
                    Buckets: 32768  Batches: 1  Memory Usage: 917kB
                    ->  Seq Scan on title t  (cost=0.00..73925.90 rows=17849 width=4) (actual time=0.340..1184.368 rows=18776 loops=1)
                          Filter: ((kind_id > 3) AND (production_year = 1993))
                          Rows Removed by Filter: 2509536
Planning time: 1.260 ms
Execution time: 4032.147 ms
