Hash Join  (cost=106465.55..199152.24 rows=18788 width=0) (actual time=1520.440..2956.606 rows=23134 loops=1)
  Hash Cond: (mk.movie_id = t.id)
  ->  Seq Scan on movie_keyword mk  (cost=0.00..81003.12 rows=3065515 width=4) (actual time=0.024..1052.682 rows=3047889 loops=1)
        Filter: (keyword_id > 2105)
        Rows Removed by Filter: 1476041
  ->  Hash  (cost=106271.84..106271.84 rows=15497 width=8) (actual time=1520.255..1520.255 rows=7101 loops=1)
        Buckets: 16384  Batches: 1  Memory Usage: 406kB
        ->  Hash Join  (cost=75342.47..106271.84 rows=15497 width=8) (actual time=956.904..1517.672 rows=7101 loops=1)
              Hash Cond: (mi_idx.movie_id = t.id)
              ->  Seq Scan on movie_info_idx mi_idx  (cost=0.00..25185.44 rows=454124 width=4) (actual time=0.027..397.570 rows=459925 loops=1)
                    Filter: (info_type_id = 100)
                    Rows Removed by Filter: 920110
              ->  Hash  (cost=73925.90..73925.90 rows=86285 width=4) (actual time=953.942..953.942 rows=92628 loops=1)
                    Buckets: 131072  Batches: 2  Memory Usage: 2653kB
                    ->  Seq Scan on title t  (cost=0.00..73925.90 rows=86285 width=4) (actual time=0.020..920.301 rows=92628 loops=1)
                          Filter: ((kind_id = 7) AND (production_year = 2010))
                          Rows Removed by Filter: 2435684
Planning time: 1.224 ms
Execution time: 2958.357 ms
