Hash Join  (cost=102767.86..237813.52 rows=1835356 width=0) (actual time=2391.294..5091.770 rows=1840909 loops=1)
  Hash Cond: (mk.movie_id = t.id)
  ->  Seq Scan on movie_keyword mk  (cost=0.00..81003.12 rows=1835356 width=4) (actual time=0.021..1120.777 rows=1840909 loops=1)
        Filter: (keyword_id > 7556)
        Rows Removed by Filter: 2683021
  ->  Hash  (cost=61283.27..61283.27 rows=2528527 width=4) (actual time=2388.816..2388.816 rows=2528312 loops=1)
        Buckets: 131072  Batches: 64  Memory Usage: 2425kB
        ->  Seq Scan on title t  (cost=0.00..61283.27 rows=2528527 width=4) (actual time=0.022..880.063 rows=2528312 loops=1)
Planning time: 0.730 ms
Execution time: 5291.788 ms
