Hash Join  (cost=67697.55..422223.94 rows=6455 width=0) (actual time=832.494..5312.677 rows=25909 loops=1)
  Hash Cond: (mi.movie_id = t.id)
  ->  Seq Scan on movie_info mi  (cost=0.00..346232.03 rows=2194617 width=4) (actual time=0.020..4065.639 rows=2233850 loops=1)
        Filter: (info_type_id > 16)
        Rows Removed by Filter: 12601870
  ->  Hash  (cost=67604.59..67604.59 rows=7437 width=4) (actual time=832.083..832.083 rows=23799 loops=1)
        Buckets: 32768 (originally 8192)  Batches: 1 (originally 1)  Memory Usage: 1093kB
        ->  Seq Scan on title t  (cost=0.00..67604.59 rows=7437 width=4) (actual time=0.057..822.027 rows=23799 loops=1)
              Filter: (production_year = 1991)
              Rows Removed by Filter: 2504513
Planning time: 0.827 ms
Execution time: 5316.804 ms
