Hash Join  (cost=94858.47..132744.21 rows=234418 width=0) (actual time=2006.779..2890.755 rows=127379 loops=1)
  Hash Cond: (mi_idx.movie_id = t.id)
  ->  Seq Scan on movie_info_idx mi_idx  (cost=0.00..25185.44 rows=464566 width=4) (actual time=0.012..422.311 rows=459925 loops=1)
        Filter: (info_type_id = 101)
        Rows Removed by Filter: 920110
  ->  Hash  (cost=73925.90..73925.90 rows=1275885 width=4) (actual time=1996.510..1996.510 rows=1357653 loops=1)
        Buckets: 131072  Batches: 32  Memory Usage: 2519kB
        ->  Seq Scan on title t  (cost=0.00..73925.90 rows=1275885 width=4) (actual time=0.020..1225.619 rows=1357653 loops=1)
              Filter: ((production_year > 1969) AND (kind_id = 7))
              Rows Removed by Filter: 1170659
Planning time: 0.801 ms
Execution time: 2906.712 ms
