Hash Join  (cost=137243.65..268025.25 rows=720556 width=0) (actual time=2739.917..7732.843 rows=6042473 loops=1)
  Hash Cond: (mk.movie_id = t.id)
  ->  Seq Scan on movie_keyword mk  (cost=0.00..69693.30 rows=4523930 width=4) (actual time=0.020..1153.212 rows=4523930 loops=1)
  ->  Hash  (cost=130635.46..130635.46 rows=402735 width=8) (actual time=2729.807..2729.807 rows=675560 loops=1)
        Buckets: 131072 (originally 131072)  Batches: 16 (originally 8)  Memory Usage: 3073kB
        ->  Hash Join  (cost=86032.63..130635.46 rows=402735 width=8) (actual time=1203.703..2515.151 rows=675560 loops=1)
              Hash Cond: (mi_idx.movie_id = t.id)
              ->  Seq Scan on movie_info_idx mi_idx  (cost=0.00..21735.35 rows=1380035 width=4) (actual time=0.029..374.052 rows=1380035 loops=1)
              ->  Hash  (cost=73925.90..73925.90 rows=737898 width=4) (actual time=1202.576..1202.576 rows=643239 loops=1)
                    Buckets: 131072  Batches: 16  Memory Usage: 2437kB
                    ->  Seq Scan on title t  (cost=0.00..73925.90 rows=737898 width=4) (actual time=0.024..997.449 rows=643239 loops=1)
                          Filter: ((kind_id < 7) AND (production_year > 1983))
                          Rows Removed by Filter: 1885073
Planning time: 1.136 ms
Execution time: 8483.740 ms
