Seq Scan on movie_companies mc  (cost=0.00..51404.11 rows=1561805 width=0) (actual time=0.026..808.569 rows=1551158 loops=1)
  Filter: (company_id < 14799)
  Rows Removed by Filter: 1057971
Planning time: 0.315 ms
Execution time: 1015.625 ms
