Hash Join  (cost=73950.44..102574.61 rows=710 width=0) (actual time=828.175..1222.578 rows=2520 loops=1)
  Hash Cond: (mi_idx.movie_id = t.id)
  ->  Seq Scan on movie_info_idx mi_idx  (cost=0.00..25185.44 rows=915101 width=4) (actual time=0.020..287.070 rows=919850 loops=1)
        Filter: (info_type_id < 101)
        Rows Removed by Filter: 460185
  ->  Hash  (cost=73925.90..73925.90 rows=1963 width=4) (actual time=827.765..827.765 rows=3361 loops=1)
        Buckets: 4096 (originally 2048)  Batches: 1 (originally 1)  Memory Usage: 151kB
        ->  Seq Scan on title t  (cost=0.00..73925.90 rows=1963 width=4) (actual time=381.828..826.183 rows=3361 loops=1)
              Filter: ((kind_id = 1) AND (production_year = 1963))
              Rows Removed by Filter: 2524951
Planning time: 0.884 ms
Execution time: 1222.990 ms
