Hash Join  (cost=157390.00..1085225.66 rows=1639006 width=0) (actual time=5807.372..19796.914 rows=2548003 loops=1)
  Hash Cond: (ci.movie_id = t.id)
  ->  Seq Scan on cast_info ci  (cost=0.00..796071.18 rows=9835844 width=4) (actual time=2550.742..12702.656 rows=6816865 loops=1)
        Filter: ((person_id > 792812) AND (role_id = 1))
        Rows Removed by Filter: 29427479
  ->  Hash  (cost=150477.20..150477.20 rows=421344 width=8) (actual time=3255.721..3255.721 rows=450353 loops=1)
        Buckets: 131072  Batches: 8  Memory Usage: 3230kB
        ->  Hash Join  (cost=106094.70..150477.20 rows=421344 width=8) (actual time=1925.508..3128.605 rows=450353 loops=1)
              Hash Cond: (mi_idx.movie_id = t.id)
              ->  Seq Scan on movie_info_idx mi_idx  (cost=0.00..25185.44 rows=454124 width=4) (actual time=0.047..431.330 rows=459925 loops=1)
                    Filter: (info_type_id = 100)
                    Rows Removed by Filter: 920110
              ->  Hash  (cost=67604.59..67604.59 rows=2346009 width=4) (actual time=1924.146..1924.146 rows=2338360 loops=1)
                    Buckets: 131072  Batches: 32  Memory Usage: 3596kB
                    ->  Seq Scan on title t  (cost=0.00..67604.59 rows=2346009 width=4) (actual time=0.018..1175.168 rows=2338360 loops=1)
                          Filter: (production_year > 1930)
                          Rows Removed by Filter: 189952
Planning time: 1.100 ms
Execution time: 20085.809 ms
