Seq Scan on movie_keyword mk  (cost=0.00..81003.12 rows=246 width=0) (actual time=271.226..1073.298 rows=1 loops=1)
  Filter: (keyword_id = 37927)
  Rows Removed by Filter: 4523929
Planning time: 0.344 ms
Execution time: 1073.372 ms
