Hash Join  (cost=28268.02..779072.08 rows=1487 width=0) (actual time=343.873..13145.757 rows=11560 loops=1)
  Hash Cond: (ci.movie_id = t.id)
  ->  Seq Scan on cast_info ci  (cost=0.00..614943.12 rows=36225612 width=4) (actual time=0.013..6213.677 rows=36244344 loops=1)
  ->  Hash  (cost=28266.72..28266.72 rows=104 width=8) (actual time=342.529..342.529 rows=140 loops=1)
        Buckets: 1024  Batches: 1  Memory Usage: 14kB
        ->  Nested Loop  (cost=0.43..28266.72 rows=104 width=8) (actual time=122.023..342.445 rows=140 loops=1)
              ->  Seq Scan on movie_info_idx mi_idx  (cost=0.00..25185.44 rows=368 width=4) (actual time=121.929..337.207 rows=260 loops=1)
                    Filter: (info_type_id > 101)
                    Rows Removed by Filter: 1379775
              ->  Index Scan using title_pkey on title t  (cost=0.43..8.36 rows=1 width=4) (actual time=0.019..0.020 rows=1 loops=260)
                    Index Cond: (id = mi_idx.movie_id)
                    Filter: (production_year < 1991)
                    Rows Removed by Filter: 0
Planning time: 1.219 ms
Execution time: 13148.997 ms
