Hash Join  (cost=76379.89..171748.28 rows=189810 width=0) (actual time=1103.689..2520.199 rows=82679 loops=1)
  Hash Cond: (mk.movie_id = t.id)
  ->  Seq Scan on movie_keyword mk  (cost=0.00..81003.12 rows=897378 width=4) (actual time=0.026..941.624 rows=903904 loops=1)
        Filter: (keyword_id < 858)
        Rows Removed by Filter: 3620026
  ->  Hash  (cost=67604.59..67604.59 rows=534824 width=4) (actual time=1102.383..1102.383 rows=533369 loops=1)
        Buckets: 131072  Batches: 8  Memory Usage: 3376kB
        ->  Seq Scan on title t  (cost=0.00..67604.59 rows=534824 width=4) (actual time=0.029..916.041 rows=533369 loops=1)
              Filter: (production_year > 2009)
              Rows Removed by Filter: 1994943
Planning time: 0.782 ms
Execution time: 2531.263 ms
