Hash Join  (cost=117831.57..1007174.88 rows=429014 width=0) (actual time=2963.584..14845.864 rows=457088 loops=1)
  Hash Cond: (ci.movie_id = t.id)
  ->  Seq Scan on cast_info ci  (cost=0.00..796071.18 rows=7647729 width=4) (actual time=947.405..10781.337 rows=4955039 loops=1)
        Filter: ((person_id > 2786876) AND (role_id < 9))
        Rows Removed by Filter: 31289305
  ->  Hash  (cost=115503.53..115503.53 rows=141843 width=8) (actual time=2015.447..2015.447 rows=103705 loops=1)
        Buckets: 131072  Batches: 2  Memory Usage: 3048kB
        ->  Hash Join  (cost=80562.70..115503.53 rows=141843 width=8) (actual time=1159.862..1977.730 rows=103705 loops=1)
              Hash Cond: (mi_idx.movie_id = t.id)
              ->  Seq Scan on movie_info_idx mi_idx  (cost=0.00..25185.44 rows=454124 width=4) (actual time=0.030..419.937 rows=459925 loops=1)
                    Filter: (info_type_id = 100)
                    Rows Removed by Filter: 920110
              ->  Hash  (cost=67604.59..67604.59 rows=789769 width=4) (actual time=1158.560..1158.560 rows=784926 loops=1)
                    Buckets: 131072  Batches: 16  Memory Usage: 2749kB
                    ->  Seq Scan on title t  (cost=0.00..67604.59 rows=789769 width=4) (actual time=0.031..918.415 rows=784926 loops=1)
                          Filter: (production_year > 2007)
                          Rows Removed by Filter: 1743386
Planning time: 1.231 ms
Execution time: 14907.517 ms
