Hash Join  (cost=67697.55..432786.99 rows=43351 width=0) (actual time=775.087..6471.320 rows=13207 loops=1)
  Hash Cond: (mi.movie_id = t.id)
  ->  Seq Scan on movie_info mi  (cost=0.00..309384.22 rows=14739122 width=4) (actual time=0.012..2864.025 rows=14835720 loops=1)
  ->  Hash  (cost=67604.59..67604.59 rows=7437 width=4) (actual time=772.857..772.857 rows=1136 loops=1)
        Buckets: 8192  Batches: 1  Memory Usage: 104kB
        ->  Seq Scan on title t  (cost=0.00..67604.59 rows=7437 width=4) (actual time=357.437..772.223 rows=1136 loops=1)
              Filter: (production_year = 1904)
              Rows Removed by Filter: 2527176
Planning time: 0.760 ms
Execution time: 6473.825 ms
