Nested Loop  (cost=0.43..709673.15 rows=307 width=0) (actual time=717.006..9056.659 rows=352 loops=1)
  ->  Seq Scan on cast_info ci  (cost=0.00..705507.15 rows=500 width=4) (actual time=716.954..9052.548 rows=354 loops=1)
        Filter: (person_id = 2065442)
        Rows Removed by Filter: 36243990
  ->  Index Scan using title_pkey on title t  (cost=0.43..8.32 rows=1 width=4) (actual time=0.011..0.011 rows=1 loops=354)
        Index Cond: (id = ci.movie_id)
        Filter: (production_year < 2007)
        Rows Removed by Filter: 0
Planning time: 0.811 ms
Execution time: 9056.848 ms
