Nested Loop  (cost=32749.09..740343.62 rows=91 width=0) (actual time=9541.106..9590.700 rows=3 loops=1)
  Join Filter: (ci.movie_id = t.id)
  ->  Hash Join  (cost=32748.66..740150.58 rows=227 width=8) (actual time=9541.008..9590.497 rows=3 loops=1)
        Hash Cond: (ci.movie_id = mi_idx.movie_id)
        ->  Seq Scan on cast_info ci  (cost=0.00..705507.15 rows=500 width=4) (actual time=2134.275..8948.608 rows=27 loops=1)
              Filter: (person_id = 2011577)
              Rows Removed by Filter: 36244317
        ->  Hash  (cost=25185.44..25185.44 rows=460978 width=4) (actual time=570.482..570.482 rows=459925 loops=1)
              Buckets: 131072  Batches: 8  Memory Usage: 3050kB
              ->  Seq Scan on movie_info_idx mi_idx  (cost=0.00..25185.44 rows=460978 width=4) (actual time=0.045..427.106 rows=459925 loops=1)
                    Filter: (info_type_id < 100)
                    Rows Removed by Filter: 920110
  ->  Index Only Scan using title_pkey on title t  (cost=0.43..0.84 rows=1 width=4) (actual time=0.053..0.054 rows=1 loops=3)
        Index Cond: (id = mi_idx.movie_id)
        Heap Fetches: 3
Planning time: 1.206 ms
Execution time: 9590.788 ms
