Hash Join  (cost=145191.78..269574.69 rows=195387 width=0) (actual time=2288.386..5627.628 rows=2406243 loops=1)
  Hash Cond: (mk.movie_id = t.id)
  ->  Seq Scan on movie_keyword mk  (cost=0.00..69693.30 rows=4523930 width=4) (actual time=0.016..1213.346 rows=4523930 loops=1)
  ->  Hash  (cost=143399.70..143399.70 rows=109206 width=8) (actual time=2287.615..2287.615 rows=281994 loops=1)
        Buckets: 131072 (originally 131072)  Batches: 4 (originally 2)  Memory Usage: 3787kB
        ->  Hash Join  (cost=83810.17..143399.70 rows=109206 width=8) (actual time=1203.322..2211.574 rows=281994 loops=1)
              Hash Cond: (mc.movie_id = t.id)
              ->  Seq Scan on movie_companies mc  (cost=0.00..51404.11 rows=279562 width=4) (actual time=22.295..697.292 rows=281994 loops=1)
                    Filter: (company_id > 95683)
                    Rows Removed by Filter: 2327135
              ->  Hash  (cost=67604.59..67604.59 rows=987727 width=4) (actual time=1180.218..1180.218 rows=985048 loops=1)
                    Buckets: 131072  Batches: 16  Memory Usage: 3188kB
                    ->  Seq Scan on title t  (cost=0.00..67604.59 rows=987727 width=4) (actual time=0.022..873.609 rows=985048 loops=1)
                          Filter: (kind_id < 7)
                          Rows Removed by Filter: 1543264
Planning time: 1.197 ms
Execution time: 5875.140 ms
