Nested Loop  (cost=0.43..798787.41 rows=324 width=0) (actual time=3518.901..12198.279 rows=801 loops=1)
  ->  Seq Scan on cast_info ci  (cost=0.00..796071.18 rows=324 width=4) (actual time=3518.746..12173.131 rows=801 loops=1)
        Filter: ((role_id > 1) AND (person_id = 3716704))
        Rows Removed by Filter: 36243543
  ->  Index Only Scan using title_pkey on title t  (cost=0.43..8.37 rows=1 width=4) (actual time=0.028..0.031 rows=1 loops=801)
        Index Cond: (id = ci.movie_id)
        Heap Fetches: 801
Planning time: 2.353 ms
Execution time: 12198.569 ms
