Seq Scan on movie_keyword mk  (cost=0.00..81003.12 rows=246 width=0) (actual time=4.700..1024.518 rows=89 loops=1)
  Filter: (keyword_id = 17009)
  Rows Removed by Filter: 4523841
Planning time: 0.302 ms
Execution time: 1024.694 ms
