Seq Scan on cast_info ci  (cost=0.00..796071.18 rows=4009678 width=0) (actual time=0.027..10739.206 rows=7979725 loops=1)
  Filter: ((person_id > 2491329) AND (role_id > 3))
  Rows Removed by Filter: 28264619
Planning time: 0.710 ms
Execution time: 11729.834 ms
