Hash Join  (cost=913772.60..990599.19 rows=128906 width=0) (actual time=12758.311..14565.263 rows=499056 loops=1)
  Hash Cond: (mc.movie_id = t.id)
  ->  Seq Scan on movie_companies mc  (cost=0.00..44881.29 rows=2609129 width=4) (actual time=0.018..644.334 rows=2609129 loops=1)
  ->  Hash  (cost=911723.05..911723.05 rows=124924 width=8) (actual time=12757.501..12757.501 rows=236304 loops=1)
        Buckets: 131072 (originally 131072)  Batches: 4 (originally 2)  Memory Usage: 3331kB
        ->  Hash Join  (cost=102767.86..911723.05 rows=124924 width=8) (actual time=9481.710..12680.133 rows=236304 loops=1)
              Hash Cond: (ci.movie_id = t.id)
              ->  Seq Scan on cast_info ci  (cost=0.00..796071.18 rows=124924 width=4) (actual time=7759.881..10362.662 rows=236304 loops=1)
                    Filter: ((person_id > 2371775) AND (role_id > 10))
                    Rows Removed by Filter: 36008040
              ->  Hash  (cost=61283.27..61283.27 rows=2528527 width=4) (actual time=1720.864..1720.864 rows=2528312 loops=1)
                    Buckets: 131072  Batches: 64  Memory Usage: 2415kB
                    ->  Seq Scan on title t  (cost=0.00..61283.27 rows=2528527 width=4) (actual time=0.021..844.091 rows=2528312 loops=1)
Planning time: 1.162 ms
Execution time: 14621.086 ms
