Seq Scan on cast_info ci  (cost=0.00..796071.18 rows=7763417 width=0) (actual time=0.010..13132.705 rows=12670688 loops=1)
  Filter: ((person_id < 2233644) AND (role_id = 1))
  Rows Removed by Filter: 23573656
Planning time: 0.485 ms
Execution time: 14754.380 ms
