Hash Join  (cost=172148.96..678057.26 rows=2446237 width=0) (actual time=4410.980..27656.398 rows=33739433 loops=1)
  Hash Cond: (mi.movie_id = t.id)
  ->  Seq Scan on movie_info mi  (cost=0.00..309384.22 rows=14739122 width=4) (actual time=0.018..6154.914 rows=14835720 loops=1)
  ->  Hash  (cost=165263.25..165263.25 rows=419657 width=8) (actual time=4409.605..4409.605 rows=962575 loops=1)
        Buckets: 131072 (originally 131072)  Batches: 16 (originally 8)  Memory Usage: 3445kB
        ->  Hash Join  (cost=81598.21..165263.25 rows=419657 width=8) (actual time=1419.474..4107.756 rows=962575 loops=1)
              Hash Cond: (mc.movie_id = t.id)
              ->  Seq Scan on movie_companies mc  (cost=0.00..51404.11 rows=2269163 width=4) (actual time=0.028..1197.736 rows=2266604 loops=1)
                    Filter: (company_id < 89028)
                    Rows Removed by Filter: 342525
              ->  Hash  (cost=73925.90..73925.90 rows=467624 width=4) (actual time=1418.539..1418.539 rows=557493 loops=1)
                    Buckets: 131072  Batches: 8  Memory Usage: 3486kB
                    ->  Seq Scan on title t  (cost=0.00..73925.90 rows=467624 width=4) (actual time=0.026..1243.670 rows=557493 loops=1)
                          Filter: ((kind_id < 7) AND (production_year < 2003))
                          Rows Removed by Filter: 1970819
Planning time: 1.250 ms
Execution time: 31531.071 ms
