Hash Join  (cost=244144.40..865173.68 rows=10573657 width=0) (actual time=5427.544..28673.445 rows=42497377 loops=1)
  Hash Cond: (mi.movie_id = t.id)
  ->  Seq Scan on movie_info mi  (cost=0.00..346232.03 rows=12545135 width=4) (actual time=0.020..5636.368 rows=12601870 loops=1)
        Filter: (info_type_id < 17)
        Rows Removed by Filter: 2233850
  ->  Hash  (cost=209179.82..209179.82 rows=2131167 width=8) (actual time=5426.209..5426.209 rows=2289918 loops=1)
        Buckets: 131072  Batches: 32  Memory Usage: 3871kB
        ->  Hash Join  (cost=101489.21..209179.82 rows=2131167 width=8) (actual time=1603.426..4746.245 rows=2289918 loops=1)
              Hash Cond: (mc.movie_id = t.id)
              ->  Seq Scan on movie_companies mc  (cost=0.00..44881.29 rows=2609129 width=4) (actual time=0.013..775.672 rows=2609129 loops=1)
              ->  Hash  (cost=67604.59..67604.59 rows=2065330 width=4) (actual time=1602.499..1602.499 rows=2064552 loops=1)
                    Buckets: 131072  Batches: 32  Memory Usage: 3289kB
                    ->  Seq Scan on title t  (cost=0.00..67604.59 rows=2065330 width=4) (actual time=0.015..1005.126 rows=2064552 loops=1)
                          Filter: (production_year < 2011)
                          Rows Removed by Filter: 463760
Planning time: 1.204 ms
Execution time: 33645.666 ms
