Hash Join  (cost=94699.36..149406.76 rows=4188 width=0) (actual time=734.407..1458.595 rows=14528 loops=1)
  Hash Cond: (mc.movie_id = t.id)
  ->  Seq Scan on movie_companies mc  (cost=0.00..44881.29 rows=2609129 width=4) (actual time=0.188..346.196 rows=2609129 loops=1)
  ->  Hash  (cost=94648.62..94648.62 rows=4059 width=8) (actual time=733.612..733.612 rows=3766 loops=1)
        Buckets: 4096  Batches: 1  Memory Usage: 180kB
        ->  Hash Join  (cost=67697.55..94648.62 rows=4059 width=8) (actual time=481.377..732.801 rows=3766 loops=1)
              Hash Cond: (mi_idx.movie_id = t.id)
              ->  Seq Scan on movie_info_idx mi_idx  (cost=0.00..21735.35 rows=1380035 width=4) (actual time=0.023..113.199 rows=1380035 loops=1)
              ->  Hash  (cost=67604.59..67604.59 rows=7437 width=4) (actual time=480.959..480.959 rows=4763 loops=1)
                    Buckets: 8192  Batches: 1  Memory Usage: 232kB
                    ->  Seq Scan on title t  (cost=0.00..67604.59 rows=7437 width=4) (actual time=0.027..479.039 rows=4763 loops=1)
                          Filter: (production_year = 1950)
                          Rows Removed by Filter: 2523549
Planning time: 1.189 ms
Execution time: 1460.394 ms
