Hash Join  (cost=68438.72..149490.27 rows=318 width=0) (actual time=863.878..1906.465 rows=40 loops=1)
  Hash Cond: (mk.movie_id = t.id)
  ->  Seq Scan on movie_keyword mk  (cost=0.00..81003.12 rows=12064 width=4) (actual time=0.031..1052.372 rows=13753 loops=1)
        Filter: (keyword_id = 121)
        Rows Removed by Filter: 4510177
  ->  Hash  (cost=67604.59..67604.59 rows=66731 width=4) (actual time=847.361..847.361 rows=67342 loops=1)
        Buckets: 131072  Batches: 1  Memory Usage: 3392kB
        ->  Seq Scan on title t  (cost=0.00..67604.59 rows=66731 width=4) (actual time=0.022..820.664 rows=67342 loops=1)
              Filter: (production_year > 2012)
              Rows Removed by Filter: 2460970
Planning time: 0.759 ms
Execution time: 1906.670 ms
