Seq Scan on cast_info ci  (cost=0.00..705507.15 rows=500 width=0) (actual time=3988.241..8596.799 rows=40 loops=1)
  Filter: (person_id = 3548460)
  Rows Removed by Filter: 36244304
Planning time: 0.384 ms
Execution time: 8596.893 ms
