Hash Join  (cost=83072.98..137738.56 rows=6 width=0) (actual time=1122.399..2088.955 rows=124 loops=1)
  Hash Cond: (mc.movie_id = t.id)
  ->  Seq Scan on movie_companies mc  (cost=0.00..44881.29 rows=2609129 width=4) (actual time=0.019..511.843 rows=2609129 loops=1)
  ->  Hash  (cost=83072.90..83072.90 rows=6 width=8) (actual time=1104.522..1104.522 rows=26 loops=1)
        Buckets: 1024  Batches: 1  Memory Usage: 10kB
        ->  Nested Loop  (cost=0.43..83072.90 rows=6 width=8) (actual time=132.354..1104.493 rows=26 loops=1)
              ->  Seq Scan on movie_keyword mk  (cost=0.00..81003.12 rows=246 width=4) (actual time=0.036..1038.850 rows=3551 loops=1)
                    Filter: (keyword_id = 7105)
                    Rows Removed by Filter: 4520379
              ->  Index Scan using title_pkey on title t  (cost=0.43..8.40 rows=1 width=4) (actual time=0.018..0.018 rows=0 loops=3551)
                    Index Cond: (id = mk.movie_id)
                    Filter: ((kind_id = 7) AND (production_year = 2005))
                    Rows Removed by Filter: 1
Planning time: 1.122 ms
Execution time: 2089.105 ms
