Seq Scan on movie_companies mc  (cost=0.00..51404.11 rows=2346143 width=0) (actual time=0.025..874.964 rows=2342168 loops=1)
  Filter: (company_id < 98282)
  Rows Removed by Filter: 266961
Planning time: 0.334 ms
Execution time: 1182.902 ms
