Hash Join  (cost=74213.42..828600.93 rows=115764 width=0) (actual time=3882.502..15039.298 rows=102980 loops=1)
  Hash Cond: (ci.movie_id = t.id)
  ->  Seq Scan on cast_info ci  (cost=0.00..705507.15 rows=12726058 width=4) (actual time=2965.827..11627.517 rows=12670688 loops=1)
        Filter: (role_id = 1)
        Rows Removed by Filter: 23573656
  ->  Hash  (cost=73925.90..73925.90 rows=23001 width=4) (actual time=916.118..916.118 rows=17208 loops=1)
        Buckets: 32768  Batches: 1  Memory Usage: 861kB
        ->  Seq Scan on title t  (cost=0.00..73925.90 rows=23001 width=4) (actual time=0.613..908.685 rows=17208 loops=1)
              Filter: ((kind_id < 4) AND (production_year = 2003))
              Rows Removed by Filter: 2511104
Planning time: 0.751 ms
Execution time: 15056.948 ms
