Nested Loop  (cost=0.43..709671.90 rows=500 width=0) (actual time=5873.216..8274.186 rows=558 loops=1)
  ->  Seq Scan on cast_info ci  (cost=0.00..705507.15 rows=500 width=4) (actual time=5873.118..8267.640 rows=558 loops=1)
        Filter: (person_id = 1211700)
        Rows Removed by Filter: 36243786
  ->  Index Only Scan using title_pkey on title t  (cost=0.43..8.32 rows=1 width=4) (actual time=0.011..0.011 rows=1 loops=558)
        Index Cond: (id = ci.movie_id)
        Heap Fetches: 558
Planning time: 0.774 ms
Execution time: 8274.374 ms
