Hash Join  (cost=121557.97..246690.15 rows=256914 width=0) (actual time=2357.311..5831.176 rows=1384907 loops=1)
  Hash Cond: (mk.movie_id = t.id)
  ->  Seq Scan on movie_keyword mk  (cost=0.00..69693.30 rows=4523930 width=4) (actual time=0.021..1507.532 rows=4523930 loops=1)
  ->  Hash  (cost=119202.03..119202.03 rows=143595 width=8) (actual time=2356.089..2356.089 rows=183422 loops=1)
        Buckets: 131072 (originally 131072)  Batches: 4 (originally 2)  Memory Usage: 3073kB
        ->  Hash Join  (cost=80408.18..119202.03 rows=143595 width=8) (actual time=1156.076..2289.796 rows=183422 loops=1)
              Hash Cond: (mi_idx.movie_id = t.id)
              ->  Seq Scan on movie_info_idx mi_idx  (cost=0.00..25185.44 rows=919057 width=4) (actual time=0.016..604.924 rows=920110 loops=1)
                    Filter: (info_type_id > 99)
                    Rows Removed by Filter: 459925
              ->  Hash  (cost=73925.90..73925.90 rows=395062 width=4) (actual time=1155.132..1155.132 rows=335993 loops=1)
                    Buckets: 131072  Batches: 8  Memory Usage: 2492kB
                    ->  Seq Scan on title t  (cost=0.00..73925.90 rows=395062 width=4) (actual time=0.037..1068.508 rows=335993 loops=1)
                          Filter: ((kind_id < 7) AND (production_year > 2005))
                          Rows Removed by Filter: 2192319
Planning time: 1.280 ms
Execution time: 5984.094 ms
