Seq Scan on movie_keyword mk  (cost=0.00..81003.12 rows=4466107 width=0) (actual time=0.349..1388.809 rows=4469454 loops=1)
  Filter: (keyword_id < 97539)
  Rows Removed by Filter: 54476
Planning time: 0.320 ms
Execution time: 1958.769 ms
