Nested Loop  (cost=0.43..58358.39 rows=2 width=0) (actual time=150.421..803.953 rows=9 loops=1)
  ->  Seq Scan on movie_companies mc  (cost=0.00..57926.93 rows=51 width=4) (actual time=1.768..795.736 rows=401 loops=1)
        Filter: ((company_type_id < 2) AND (company_id = 809))
        Rows Removed by Filter: 2608728
  ->  Index Scan using title_pkey on title t  (cost=0.43..8.45 rows=1 width=4) (actual time=0.020..0.020 rows=0 loops=401)
        Index Cond: (id = mc.movie_id)
        Filter: (kind_id = 3)
        Rows Removed by Filter: 1
Planning time: 0.819 ms
Execution time: 804.049 ms
