Seq Scan on movie_companies mc  (cost=0.00..51404.11 rows=2242805 width=0) (actual time=0.038..799.481 rows=2241740 loops=1)
  Filter: (company_id > 192)
  Rows Removed by Filter: 367389
Planning time: 0.404 ms
Execution time: 1077.531 ms
