Hash Join  (cost=81573.24..183051.84 rows=256484 width=0) (actual time=1060.791..2929.240 rows=389443 loops=1)
  Hash Cond: (mk.movie_id = t.id)
  ->  Seq Scan on movie_keyword mk  (cost=0.00..81003.12 rows=1391368 width=4) (actual time=0.015..1238.031 rows=1406536 loops=1)
        Filter: (keyword_id < 1915)
        Rows Removed by Filter: 3117394
  ->  Hash  (cost=73925.90..73925.90 rows=466107 width=4) (actual time=1059.572..1059.572 rows=396359 loops=1)
        Buckets: 131072  Batches: 8  Memory Usage: 2769kB
        ->  Seq Scan on title t  (cost=0.00..73925.90 rows=466107 width=4) (actual time=0.018..926.924 rows=396359 loops=1)
              Filter: ((kind_id < 7) AND (production_year > 2003))
              Rows Removed by Filter: 2131953
Planning time: 0.753 ms
Execution time: 2959.858 ms
