Hash Join  (cost=102767.86..184512.17 rows=579285 width=0) (actual time=1572.816..3438.581 rows=788453 loops=1)
  Hash Cond: (mc.movie_id = t.id)
  ->  Seq Scan on movie_companies mc  (cost=0.00..57926.93 rows=579285 width=4) (actual time=0.023..866.827 rows=788453 loops=1)
        Filter: ((company_id < 10032) AND (company_type_id = 1))
        Rows Removed by Filter: 1820676
  ->  Hash  (cost=61283.27..61283.27 rows=2528527 width=4) (actual time=1571.791..1571.791 rows=2528312 loops=1)
        Buckets: 131072  Batches: 64  Memory Usage: 2415kB
        ->  Seq Scan on title t  (cost=0.00..61283.27 rows=2528527 width=4) (actual time=0.022..767.846 rows=2528312 loops=1)
Planning time: 0.705 ms
Execution time: 3530.236 ms
