Hash Join  (cost=83073.21..109984.09 rows=40 width=0) (actual time=917.868..1301.913 rows=3391 loops=1)
  Hash Cond: (mi_idx.movie_id = t.id)
  ->  Seq Scan on movie_info_idx mi_idx  (cost=0.00..21735.35 rows=1380035 width=4) (actual time=0.016..192.799 rows=1380035 loops=1)
  ->  Hash  (cost=83072.29..83072.29 rows=74 width=8) (actual time=917.156..917.156 rows=1679 loops=1)
        Buckets: 2048 (originally 1024)  Batches: 1 (originally 1)  Memory Usage: 82kB
        ->  Nested Loop  (cost=0.43..83072.29 rows=74 width=8) (actual time=0.721..916.222 rows=1679 loops=1)
              ->  Seq Scan on movie_keyword mk  (cost=0.00..81003.12 rows=246 width=4) (actual time=0.686..868.445 rows=2667 loops=1)
                    Filter: (keyword_id = 1415)
                    Rows Removed by Filter: 4521263
              ->  Index Scan using title_pkey on title t  (cost=0.43..8.40 rows=1 width=4) (actual time=0.017..0.017 rows=1 loops=2667)
                    Index Cond: (id = mk.movie_id)
                    Filter: (kind_id < 3)
                    Rows Removed by Filter: 0
Planning time: 1.241 ms
Execution time: 1302.540 ms
