Nested Loop  (cost=0.43..83072.90 rows=1 width=0) (actual time=38.316..1101.431 rows=9 loops=1)
  ->  Seq Scan on movie_keyword mk  (cost=0.00..81003.12 rows=246 width=4) (actual time=1.105..1069.240 rows=1517 loops=1)
        Filter: (keyword_id = 991)
        Rows Removed by Filter: 4522413
  ->  Index Scan using title_pkey on title t  (cost=0.43..8.40 rows=1 width=4) (actual time=0.020..0.020 rows=0 loops=1517)
        Index Cond: (id = mk.movie_id)
        Filter: ((kind_id = 1) AND (production_year = 1975))
        Rows Removed by Filter: 1
Planning time: 0.749 ms
Execution time: 1101.545 ms
