Seq Scan on movie_keyword mk  (cost=0.00..81003.12 rows=4072095 width=0) (actual time=0.023..1325.891 rows=4073622 loops=1)
  Filter: (keyword_id < 39420)
  Rows Removed by Filter: 450308
Planning time: 0.325 ms
Execution time: 1835.383 ms
