Hash Join  (cost=74074.07..160944.18 rows=21207 width=0) (actual time=947.263..2464.971 rows=8367 loops=1)
  Hash Cond: (mk.movie_id = t.id)
  ->  Seq Scan on movie_keyword mk  (cost=0.00..69693.30 rows=4523930 width=4) (actual time=0.007..702.601 rows=4523930 loops=1)
  ->  Hash  (cost=73925.90..73925.90 rows=11853 width=4) (actual time=946.638..946.638 rows=29104 loops=1)
        Buckets: 32768 (originally 16384)  Batches: 1 (originally 1)  Memory Usage: 1280kB
        ->  Seq Scan on title t  (cost=0.00..73925.90 rows=11853 width=4) (actual time=288.615..934.931 rows=29104 loops=1)
              Filter: ((kind_id < 7) AND (production_year < 1911))
              Rows Removed by Filter: 2499208
Planning time: 0.726 ms
Execution time: 2466.385 ms
