Hash Join  (cost=86573.65..858220.44 rows=1317173 width=0) (actual time=8268.516..14983.370 rows=897479 loops=1)
  Hash Cond: (ci.movie_id = t.id)
  ->  Seq Scan on cast_info ci  (cost=0.00..705507.15 rows=4320508 width=4) (actual time=7017.015..11354.706 rows=4323018 loops=1)
        Filter: (role_id = 10)
        Rows Removed by Filter: 31921326
  ->  Hash  (cost=73925.90..73925.90 rows=770860 width=4) (actual time=1250.012..1250.012 rows=682281 loops=1)
        Buckets: 131072  Batches: 16  Memory Usage: 2522kB
        ->  Seq Scan on title t  (cost=0.00..73925.90 rows=770860 width=4) (actual time=0.034..1029.738 rows=682281 loops=1)
              Filter: ((production_year < 2004) AND (kind_id = 7))
              Rows Removed by Filter: 1846031
Planning time: 0.807 ms
Execution time: 15080.509 ms
