Seq Scan on cast_info ci  (cost=0.00..796071.18 rows=22761747 width=0) (actual time=859.994..15308.438 rows=23295254 loops=1)
  Filter: ((person_id > 105405) AND (role_id > 1))
  Rows Removed by Filter: 12949090
Planning time: 0.350 ms
Execution time: 18206.459 ms
