Hash Join  (cost=136675.06..948378.49 rows=72039 width=0) (actual time=2993.543..19214.235 rows=190166 loops=1)
  Hash Cond: (ci.movie_id = t.id)
  ->  Seq Scan on cast_info ci  (cost=0.00..796071.18 rows=3976497 width=4) (actual time=299.043..13779.567 rows=7449193 loops=1)
        Filter: ((person_id > 1618356) AND (role_id = 2))
        Rows Removed by Filter: 28795151
  ->  Hash  (cost=136102.47..136102.47 rows=45807 width=8) (actual time=2693.963..2693.963 rows=95976 loops=1)
        Buckets: 131072 (originally 65536)  Batches: 2 (originally 1)  Memory Usage: 3073kB
        ->  Hash Join  (cost=69090.10..136102.47 rows=45807 width=8) (actual time=1369.624..2660.329 rows=95976 loops=1)
              Hash Cond: (mc.movie_id = t.id)
              ->  Seq Scan on movie_companies mc  (cost=0.00..51404.11 rows=1279517 width=4) (actual time=231.672..1046.238 rows=1274246 loops=1)
                    Filter: (company_type_id < 2)
                    Rows Removed by Filter: 1334883
              ->  Hash  (cost=67604.59..67604.59 rows=90521 width=4) (actual time=1137.149..1137.149 rows=90852 loops=1)
                    Buckets: 131072  Batches: 2  Memory Usage: 2626kB
                    ->  Seq Scan on title t  (cost=0.00..67604.59 rows=90521 width=4) (actual time=0.045..1102.378 rows=90852 loops=1)
                          Filter: (kind_id = 2)
                          Rows Removed by Filter: 2437460
Planning time: 1.215 ms
Execution time: 19242.335 ms
