Seq Scan on movie_companies mc  (cost=0.00..57926.93 rows=710586 width=0) (actual time=63.075..838.814 rows=446026 loops=1)
  Filter: ((company_id < 11950) AND (company_type_id = 2))
  Rows Removed by Filter: 2163103
Planning time: 0.406 ms
Execution time: 897.119 ms
