Hash Join  (cost=1018504.83..3593888.54 rows=120935090 width=0) (actual time=24194.825..121219.522 rows=259433825 loops=1)
  Hash Cond: (ci.movie_id = t.id)
  ->  Seq Scan on cast_info ci  (cost=0.00..705507.15 rows=20746666 width=4) (actual time=0.012..12372.820 rows=20894654 loops=1)
        Filter: (person_id > 1512754)
        Rows Removed by Filter: 15349690
  ->  Hash  (cost=776690.81..776690.81 rows=14739122 width=8) (actual time=24192.529..24192.529 rows=14835720 loops=1)
        Buckets: 131072  Batches: 256  Memory Usage: 3268kB
        ->  Hash Join  (cost=102767.86..776690.81 rows=14739122 width=8) (actual time=1816.398..19869.347 rows=14835720 loops=1)
              Hash Cond: (mi.movie_id = t.id)
              ->  Seq Scan on movie_info mi  (cost=0.00..309384.22 rows=14739122 width=4) (actual time=0.015..4611.775 rows=14835720 loops=1)
              ->  Hash  (cost=61283.27..61283.27 rows=2528527 width=4) (actual time=1815.633..1815.633 rows=2528312 loops=1)
                    Buckets: 131072  Batches: 64  Memory Usage: 2425kB
                    ->  Seq Scan on title t  (cost=0.00..61283.27 rows=2528527 width=4) (actual time=0.021..933.090 rows=2528312 loops=1)
Planning time: 0.814 ms
Execution time: 151104.910 ms
