Hash Join  (cost=180419.66..307725.09 rows=435239 width=0) (actual time=3726.801..8175.113 rows=3488010 loops=1)
  Hash Cond: (mk.movie_id = t.id)
  ->  Seq Scan on movie_keyword mk  (cost=0.00..69693.30 rows=4523930 width=4) (actual time=0.012..1170.500 rows=4523930 loops=1)
  ->  Hash  (cost=176427.85..176427.85 rows=243265 width=8) (actual time=3725.917..3725.917 rows=480250 loops=1)
        Buckets: 131072 (originally 131072)  Batches: 8 (originally 4)  Memory Usage: 3393kB
        ->  Hash Join  (cost=102767.86..176427.85 rows=243265 width=8) (actual time=1809.619..3566.121 rows=480250 loops=1)
              Hash Cond: (mc.movie_id = t.id)
              ->  Seq Scan on movie_companies mc  (cost=0.00..57926.93 rows=243265 width=4) (actual time=260.237..776.862 rows=480250 loops=1)
                    Filter: ((company_id > 75233) AND (company_type_id > 1))
                    Rows Removed by Filter: 2128879
              ->  Hash  (cost=61283.27..61283.27 rows=2528527 width=4) (actual time=1547.859..1547.859 rows=2528312 loops=1)
                    Buckets: 131072  Batches: 64  Memory Usage: 2415kB
                    ->  Seq Scan on title t  (cost=0.00..61283.27 rows=2528527 width=4) (actual time=0.014..757.480 rows=2528312 loops=1)
Planning time: 1.085 ms
Execution time: 8553.864 ms
