Hash Join  (cost=83073.49..447735.01 rows=560 width=0) (actual time=1269.272..8373.303 rows=14563 loops=1)
  Hash Cond: (mi.movie_id = t.id)
  ->  Seq Scan on movie_info mi  (cost=0.00..309384.22 rows=14739122 width=4) (actual time=0.017..4370.858 rows=14835720 loops=1)
  ->  Hash  (cost=83072.29..83072.29 rows=96 width=8) (actual time=1268.231..1268.231 rows=339 loops=1)
        Buckets: 1024  Batches: 1  Memory Usage: 22kB
        ->  Nested Loop  (cost=0.43..83072.29 rows=96 width=8) (actual time=1.554..1267.897 rows=339 loops=1)
              ->  Seq Scan on movie_keyword mk  (cost=0.00..81003.12 rows=246 width=4) (actual time=1.505..1241.035 rows=371 loops=1)
                    Filter: (keyword_id = 4185)
                    Rows Removed by Filter: 4523559
              ->  Index Scan using title_pkey on title t  (cost=0.43..8.40 rows=1 width=4) (actual time=0.070..0.070 rows=1 loops=371)
                    Index Cond: (id = mk.movie_id)
                    Filter: (kind_id < 7)
                    Rows Removed by Filter: 0
Planning time: 1.198 ms
Execution time: 8376.179 ms
