Hash Join  (cost=102767.86..1471370.66 rows=23382992 width=0) (actual time=1607.394..37860.353 rows=23450739 loops=1)
  Hash Cond: (ci.movie_id = t.id)
  ->  Seq Scan on cast_info ci  (cost=0.00..796071.18 rows=23382992 width=4) (actual time=0.022..16673.085 rows=23450739 loops=1)
        Filter: ((person_id > 88644) AND (role_id < 4))
        Rows Removed by Filter: 12793605
  ->  Hash  (cost=61283.27..61283.27 rows=2528527 width=4) (actual time=1606.087..1606.087 rows=2528312 loops=1)
        Buckets: 131072  Batches: 64  Memory Usage: 2415kB
        ->  Seq Scan on title t  (cost=0.00..61283.27 rows=2528527 width=4) (actual time=0.021..774.272 rows=2528312 loops=1)
Planning time: 0.795 ms
Execution time: 40654.673 ms
