Hash Join  (cost=74006.08..467600.59 rows=31823 width=0) (actual time=857.107..7766.711 rows=54689 loops=1)
  Hash Cond: (mi.movie_id = t.id)
  ->  Seq Scan on movie_info mi  (cost=0.00..346232.03 rows=12545135 width=4) (actual time=0.015..4818.626 rows=12601870 loops=1)
        Filter: (info_type_id < 17)
        Rows Removed by Filter: 2233850
  ->  Hash  (cost=73925.90..73925.90 rows=6414 width=4) (actual time=808.711..808.711 rows=7736 loops=1)
        Buckets: 8192  Batches: 1  Memory Usage: 336kB
        ->  Seq Scan on title t  (cost=0.00..73925.90 rows=6414 width=4) (actual time=173.891..805.496 rows=7736 loops=1)
              Filter: ((kind_id = 4) AND (production_year = 2010))
              Rows Removed by Filter: 2520576
Planning time: 0.859 ms
Execution time: 7776.041 ms
