Seq Scan on cast_info ci  (cost=0.00..796071.18 rows=536522 width=0) (actual time=6722.128..9090.595 rows=1041631 loops=1)
  Filter: ((person_id < 145718) AND (role_id = 1))
  Rows Removed by Filter: 35202713
Planning time: 0.380 ms
Execution time: 9227.141 ms
