Seq Scan on movie_companies mc  (cost=0.00..57926.93 rows=615876 width=0) (actual time=0.025..799.696 rows=397681 loops=1)
  Filter: ((company_id < 10845) AND (company_type_id = 2))
  Rows Removed by Filter: 2211448
Planning time: 0.392 ms
Execution time: 851.668 ms
