Hash Join  (cost=75292.52..1038071.76 rows=460650 width=0) (actual time=3526.149..22137.389 rows=535274 loops=1)
  Hash Cond: (ci.movie_id = t.id)
  ->  Seq Scan on cast_info ci  (cost=0.00..796071.18 rows=13991351 width=4) (actual time=2216.278..15783.587 rows=12342430 loops=1)
        Filter: ((person_id > 1060759) AND (role_id < 3))
        Rows Removed by Filter: 23901914
  ->  Hash  (cost=73925.90..73925.90 rows=83249 width=4) (actual time=1308.838..1308.838 rows=101793 loops=1)
        Buckets: 131072  Batches: 2  Memory Usage: 2803kB
        ->  Seq Scan on title t  (cost=0.00..73925.90 rows=83249 width=4) (actual time=0.036..1269.875 rows=101793 loops=1)
              Filter: ((kind_id > 1) AND (production_year = 2007))
              Rows Removed by Filter: 2426519
Planning time: 0.894 ms
Execution time: 22211.155 ms
