Seq Scan on movie_companies mc  (cost=0.00..57926.93 rows=53 width=0) (actual time=135.474..665.151 rows=3 loops=1)
  Filter: ((company_id = 96609) AND (company_type_id = 2))
  Rows Removed by Filter: 2609126
Planning time: 0.350 ms
Execution time: 665.223 ms
