Seq Scan on cast_info ci  (cost=0.00..705507.15 rows=500 width=0) (actual time=1652.300..8928.653 rows=5 loops=1)
  Filter: (person_id = 3976459)
  Rows Removed by Filter: 36244339
Planning time: 0.339 ms
Execution time: 8928.730 ms
