Seq Scan on movie_keyword mk  (cost=0.00..81003.12 rows=4370597 width=0) (actual time=0.014..1313.059 rows=4372673 loops=1)
  Filter: (keyword_id < 73756)
  Rows Removed by Filter: 151257
Planning time: 0.305 ms
Execution time: 1861.369 ms
