Hash Join  (cost=192988.64..299322.39 rows=368984 width=0) (actual time=3913.822..6801.025 rows=2129764 loops=1)
  Hash Cond: (mk.movie_id = t.id)
  ->  Seq Scan on movie_keyword mk  (cost=0.00..81003.12 rows=1684475 width=4) (actual time=0.025..1188.678 rows=1691891 loops=1)
        Filter: (keyword_id < 2632)
        Rows Removed by Filter: 2832039
  ->  Hash  (cost=183901.23..183901.23 rows=553873 width=8) (actual time=3913.114..3913.114 rows=851167 loops=1)
        Buckets: 131072 (originally 131072)  Batches: 16 (originally 8)  Memory Usage: 3121kB
        ->  Hash Join  (cost=102767.86..183901.23 rows=553873 width=8) (actual time=1620.025..3626.211 rows=851167 loops=1)
              Hash Cond: (mc.movie_id = t.id)
              ->  Seq Scan on movie_companies mc  (cost=0.00..57926.93 rows=553873 width=4) (actual time=0.029..824.478 rows=851167 loops=1)
                    Filter: ((company_id > 14060) AND (company_type_id > 1))
                    Rows Removed by Filter: 1757962
              ->  Hash  (cost=61283.27..61283.27 rows=2528527 width=4) (actual time=1618.569..1618.569 rows=2528312 loops=1)
                    Buckets: 131072  Batches: 64  Memory Usage: 2415kB
                    ->  Seq Scan on title t  (cost=0.00..61283.27 rows=2528527 width=4) (actual time=0.020..769.338 rows=2528312 loops=1)
Planning time: 1.158 ms
Execution time: 7063.546 ms
