Nested Loop  (cost=0.43..97490.07 rows=1858 width=0) (actual time=376.113..716.991 rows=6058 loops=1)
  ->  Seq Scan on movie_companies mc  (cost=0.00..57926.93 rows=5459 width=4) (actual time=376.025..637.861 rows=6058 loops=1)
        Filter: ((company_type_id < 2) AND (company_id = 11203))
        Rows Removed by Filter: 2603071
  ->  Index Scan using title_pkey on title t  (cost=0.43..7.24 rows=1 width=4) (actual time=0.012..0.012 rows=1 loops=6058)
        Index Cond: (id = mc.movie_id)
        Filter: (kind_id < 4)
Planning time: 0.791 ms
Execution time: 718.440 ms
