Hash Join  (cost=119424.05..1249822.45 rows=1527099 width=0) (actual time=2321.051..26601.409 rows=1676238 loops=1)
  Hash Cond: (ci.movie_id = t.id)
  ->  Seq Scan on cast_info ci  (cost=0.00..705507.15 rows=35389683 width=4) (actual time=0.027..12609.699 rows=35378073 loops=1)
        Filter: (person_id < 3895176)
        Rows Removed by Filter: 866271
  ->  Hash  (cost=117633.20..117633.20 rows=109108 width=8) (actual time=2320.031..2320.031 rows=59076 loops=1)
        Buckets: 131072  Batches: 2  Memory Usage: 2181kB
        ->  Hash Join  (cost=83661.18..117633.20 rows=109108 width=8) (actual time=1919.476..2299.232 rows=59076 loops=1)
              Hash Cond: (mi_idx.movie_id = t.id)
              ->  Seq Scan on movie_info_idx mi_idx  (cost=0.00..25185.44 rows=464934 width=4) (actual time=0.012..351.087 rows=460185 loops=1)
                    Filter: (info_type_id > 100)
                    Rows Removed by Filter: 919850
              ->  Hash  (cost=73925.90..73925.90 rows=593382 width=4) (actual time=1633.194..1633.194 rows=486368 loops=1)
                    Buckets: 131072  Batches: 8  Memory Usage: 3147kB
                    ->  Seq Scan on title t  (cost=0.00..73925.90 rows=593382 width=4) (actual time=23.013..802.748 rows=486368 loops=1)
                          Filter: ((production_year < 1999) AND (kind_id = 7))
                          Rows Removed by Filter: 2041944
Planning time: 1.202 ms
Execution time: 26798.802 ms
