Seq Scan on movie_keyword mk  (cost=0.00..81003.12 rows=1238712 width=0) (actual time=0.019..962.429 rows=1251194 loops=1)
  Filter: (keyword_id > 14407)
  Rows Removed by Filter: 3272736
Planning time: 0.321 ms
Execution time: 1100.515 ms
