Hash Join  (cost=575770.67..1715765.15 rows=4797214 width=0) (actual time=12872.385..38980.580 rows=31610454 loops=1)
  Hash Cond: (ci.movie_id = t.id)
  ->  Seq Scan on cast_info ci  (cost=0.00..796071.18 rows=16453113 width=4) (actual time=0.029..12075.445 rows=16401547 loops=1)
        Filter: ((person_id < 1630568) AND (role_id < 11))
        Rows Removed by Filter: 19842797
  ->  Hash  (cost=563675.17..563675.17 rows=737240 width=8) (actual time=12869.393..12869.393 rows=2839916 loops=1)
        Buckets: 131072 (originally 131072)  Batches: 64 (originally 16)  Memory Usage: 3073kB
        ->  Hash Join  (cost=76001.84..563675.17 rows=737240 width=8) (actual time=973.081..11802.526 rows=2839916 loops=1)
              Hash Cond: (mi.movie_id = t.id)
              ->  Seq Scan on movie_info mi  (cost=0.00..309384.22 rows=14739122 width=4) (actual time=0.028..4071.343 rows=14835720 loops=1)
              ->  Hash  (cost=73925.90..73925.90 rows=126475 width=4) (actual time=972.260..972.260 rows=245629 loops=1)
                    Buckets: 131072 (originally 131072)  Batches: 4 (originally 2)  Memory Usage: 3190kB
                    ->  Seq Scan on title t  (cost=0.00..73925.90 rows=126475 width=4) (actual time=0.164..873.198 rows=245629 loops=1)
                          Filter: ((kind_id < 4) AND (production_year < 1970))
                          Rows Removed by Filter: 2282683
Planning time: 1.223 ms
Execution time: 41948.172 ms
