Hash Join  (cost=709676.44..1074341.86 rows=950 width=0) (actual time=8084.311..13255.189 rows=821 loops=1)
  Hash Cond: (mi.movie_id = t.id)
  ->  Seq Scan on movie_info mi  (cost=0.00..309384.22 rows=14739122 width=4) (actual time=0.015..2646.078 rows=14835720 loops=1)
  ->  Hash  (cost=709674.40..709674.40 rows=163 width=8) (actual time=8067.522..8067.522 rows=209 loops=1)
        Buckets: 1024  Batches: 1  Memory Usage: 17kB
        ->  Nested Loop  (cost=0.43..709674.40 rows=163 width=8) (actual time=5763.963..8067.459 rows=209 loops=1)
              ->  Seq Scan on cast_info ci  (cost=0.00..705507.15 rows=500 width=4) (actual time=5762.708..8063.416 rows=301 loops=1)
                    Filter: (person_id = 2507499)
                    Rows Removed by Filter: 36244043
              ->  Index Scan using title_pkey on title t  (cost=0.43..8.32 rows=1 width=4) (actual time=0.013..0.013 rows=1 loops=301)
                    Index Cond: (id = ci.movie_id)
                    Filter: ((production_year < 2005) AND (kind_id = 7))
                    Rows Removed by Filter: 0
Planning time: 1.169 ms
Execution time: 13255.462 ms
