Seq Scan on movie_keyword mk  (cost=0.00..81003.12 rows=1039052 width=0) (actual time=0.027..1172.583 rows=1049130 loops=1)
  Filter: (keyword_id > 16914)
  Rows Removed by Filter: 3474800
Planning time: 0.327 ms
Execution time: 1313.627 ms
