Seq Scan on cast_info ci  (cost=0.00..796071.18 rows=19722067 width=0) (actual time=1794.746..13463.781 rows=23714277 loops=1)
  Filter: ((person_id < 3000674) AND (role_id < 4))
  Rows Removed by Filter: 12530067
Planning time: 0.340 ms
Execution time: 16251.658 ms
