Seq Scan on movie_companies mc  (cost=0.00..57926.93 rows=1214860 width=0) (actual time=0.022..937.238 rows=1108233 loops=1)
  Filter: ((company_id < 106257) AND (company_type_id = 2))
  Rows Removed by Filter: 1500896
Planning time: 0.359 ms
Execution time: 1071.549 ms
