Seq Scan on cast_info ci  (cost=0.00..705507.15 rows=6331183 width=0) (actual time=5102.094..8911.779 rows=6410000 loops=1)
  Filter: (person_id > 3013436)
  Rows Removed by Filter: 29834344
Planning time: 0.261 ms
Execution time: 9733.801 ms
