Seq Scan on cast_info ci  (cost=0.00..705507.15 rows=500 width=0) (actual time=2861.999..7716.990 rows=18 loops=1)
  Filter: (person_id = 2527545)
  Rows Removed by Filter: 36244326
Planning time: 0.358 ms
Execution time: 7717.082 ms
