Hash Join  (cost=965405.66..1060381.59 rows=1445440 width=0) (actual time=18742.799..21582.451 rows=1857255 loops=1)
  Hash Cond: (mc.movie_id = t.id)
  ->  Seq Scan on movie_companies mc  (cost=0.00..44881.29 rows=2609129 width=4) (actual time=0.022..886.086 rows=2609129 loops=1)
  ->  Hash  (cost=942423.83..942423.83 rows=1400787 width=8) (actual time=18741.960..18741.960 rows=1169985 loops=1)
        Buckets: 131072  Batches: 32  Memory Usage: 2439kB
        ->  Hash Join  (cost=102767.86..942423.83 rows=1400787 width=8) (actual time=14473.314..18370.477 rows=1169985 loops=1)
              Hash Cond: (ci.movie_id = t.id)
              ->  Seq Scan on cast_info ci  (cost=0.00..796071.18 rows=1400787 width=4) (actual time=12440.508..14721.406 rows=1169985 loops=1)
                    Filter: ((person_id < 2958919) AND (role_id = 8))
                    Rows Removed by Filter: 35074359
              ->  Hash  (cost=61283.27..61283.27 rows=2528527 width=4) (actual time=2031.407..2031.407 rows=2528312 loops=1)
                    Buckets: 131072  Batches: 64  Memory Usage: 2415kB
                    ->  Seq Scan on title t  (cost=0.00..61283.27 rows=2528527 width=4) (actual time=0.031..1187.484 rows=2528312 loops=1)
Planning time: 1.210 ms
Execution time: 21800.176 ms
