Hash Join  (cost=206934.46..1291322.15 rows=4924145 width=0) (actual time=3698.138..26176.841 rows=1298999 loops=1)
  Hash Cond: (ci.movie_id = t.id)
  ->  Seq Scan on cast_info ci  (cost=0.00..614943.12 rows=36225612 width=4) (actual time=0.019..9395.491 rows=36244344 loops=1)
  ->  Hash  (cost=201295.18..201295.18 rows=343703 width=8) (actual time=3695.090..3695.090 rows=67966 loops=1)
        Buckets: 131072  Batches: 8  Memory Usage: 1328kB
        ->  Hash Join  (cost=78325.14..201295.18 rows=343703 width=8) (actual time=2673.921..3674.069 rows=67966 loops=1)
              Hash Cond: (mk.movie_id = t.id)
              ->  Seq Scan on movie_keyword mk  (cost=0.00..81003.12 rows=3241568 width=4) (actual time=0.024..1500.228 rows=3227858 loops=1)
                    Filter: (keyword_id > 1681)
                    Rows Removed by Filter: 1296072
              ->  Hash  (cost=73925.90..73925.90 rows=268099 width=4) (actual time=940.605..940.605 rows=161686 loops=1)
                    Buckets: 131072  Batches: 4  Memory Usage: 2450kB
                    ->  Seq Scan on title t  (cost=0.00..73925.90 rows=268099 width=4) (actual time=0.025..878.590 rows=161686 loops=1)
                          Filter: ((production_year < 1975) AND (kind_id = 7))
                          Rows Removed by Filter: 2366626
Planning time: 1.139 ms
Execution time: 26294.199 ms
