Hash Join  (cost=90016.07..181999.13 rows=179525 width=0) (actual time=1378.820..2850.537 rows=39234 loops=1)
  Hash Cond: (mk.movie_id = t.id)
  ->  Seq Scan on movie_keyword mk  (cost=0.00..81003.12 rows=462851 width=4) (actual time=0.013..1042.110 rows=472545 loops=1)
        Filter: (keyword_id < 359)
        Rows Removed by Filter: 4051385
  ->  Hash  (cost=73925.90..73925.90 rows=980733 width=4) (actual time=1377.980..1377.980 rows=1074493 loops=1)
        Buckets: 131072  Batches: 16  Memory Usage: 3400kB
        ->  Seq Scan on title t  (cost=0.00..73925.90 rows=980733 width=4) (actual time=0.029..1036.133 rows=1074493 loops=1)
              Filter: ((production_year > 1995) AND (kind_id = 7))
              Rows Removed by Filter: 1453819
Planning time: 0.781 ms
Execution time: 2855.743 ms
