Seq Scan on cast_info ci  (cost=0.00..705507.15 rows=33753254 width=0) (actual time=0.018..10798.082 rows=33721510 loops=1)
  Filter: (person_id < 3570444)
  Rows Removed by Filter: 2522834
Planning time: 0.309 ms
Execution time: 15021.328 ms
