Hash Join  (cost=918940.20..1288906.55 rows=180894 width=0) (actual time=10399.002..14343.344 rows=236 loops=1)
  Hash Cond: (mi.movie_id = t.id)
  ->  Seq Scan on movie_info mi  (cost=0.00..346232.03 rows=1810770 width=4) (actual time=311.817..3750.134 rows=1865632 loops=1)
        Filter: (info_type_id > 17)
        Rows Removed by Filter: 12970088
  ->  Hash  (cost=914795.74..914795.74 rows=252597 width=8) (actual time=9863.032..9863.032 rows=166 loops=1)
        Buckets: 131072  Batches: 4  Memory Usage: 1032kB
        ->  Hash Join  (cost=102767.86..914795.74 rows=252597 width=8) (actual time=5150.403..9862.489 rows=166 loops=1)
              Hash Cond: (ci.movie_id = t.id)
              ->  Seq Scan on cast_info ci  (cost=0.00..796071.18 rows=252597 width=4) (actual time=3715.058..8043.769 rows=166 loops=1)
                    Filter: ((person_id < 118362) AND (role_id = 2))
                    Rows Removed by Filter: 36244178
              ->  Hash  (cost=61283.27..61283.27 rows=2528527 width=4) (actual time=1421.886..1421.886 rows=2528312 loops=1)
                    Buckets: 131072  Batches: 64  Memory Usage: 2415kB
                    ->  Seq Scan on title t  (cost=0.00..61283.27 rows=2528527 width=4) (actual time=0.024..671.302 rows=2528312 loops=1)
Planning time: 1.212 ms
Execution time: 14343.549 ms
