Hash Join  (cost=77474.80..109144.71 rows=38850 width=0) (actual time=1027.252..1730.730 rows=89932 loops=1)
  Hash Cond: (mi_idx.movie_id = t.id)
  ->  Seq Scan on movie_info_idx mi_idx  (cost=0.00..25185.44 rows=454124 width=4) (actual time=0.010..409.902 rows=459925 loops=1)
        Filter: (info_type_id = 100)
        Rows Removed by Filter: 920110
  ->  Hash  (cost=73925.90..73925.90 rows=216312 width=4) (actual time=1026.049..1026.049 rows=327454 loops=1)
        Buckets: 131072  Batches: 4  Memory Usage: 3902kB
        ->  Seq Scan on title t  (cost=0.00..73925.90 rows=216312 width=4) (actual time=0.014..915.066 rows=327454 loops=1)
              Filter: ((kind_id < 7) AND (production_year < 1983))
              Rows Removed by Filter: 2200858
Planning time: 0.821 ms
Execution time: 1740.838 ms
