Hash Join  (cost=86808.23..1548209.39 rows=6056832 width=136) (actual time=1687.593..38094.069 rows=4019457 loops=1)
  Hash Cond: (ci.movie_id = t.id)
  ->  Seq Scan on cast_info ci  (cost=0.00..705507.15 rows=32275385 width=42) (actual time=0.015..13838.203 rows=32420518 loops=1)
        Filter: (person_id > 366570)
        Rows Removed by Filter: 3823826
  ->  Hash  (cost=73925.90..73925.90 rows=474506 width=94) (actual time=1686.780..1686.780 rows=360459 loops=1)
        Buckets: 32768  Batches: 16  Memory Usage: 2870kB
        ->  Seq Scan on title t  (cost=0.00..73925.90 rows=474506 width=94) (actual time=0.019..1540.170 rows=360459 loops=1)
              Filter: ((production_year < 1994) AND (kind_id = 7))
              Rows Removed by Filter: 2167853
Planning time: 0.987 ms
Execution time: 38314.508 ms
