Hash Join  (cost=83743.23..600765.55 rows=3487839 width=0) (actual time=1465.594..16066.873 rows=5570654 loops=1)
  Hash Cond: (mi.movie_id = t.id)
  ->  Seq Scan on movie_info mi  (cost=0.00..309384.22 rows=14739122 width=4) (actual time=0.015..5857.389 rows=14835720 loops=1)
  ->  Hash  (cost=73925.90..73925.90 rows=598346 width=4) (actual time=1457.092..1457.092 rows=507407 loops=1)
        Buckets: 131072  Batches: 8  Memory Usage: 3259kB
        ->  Seq Scan on title t  (cost=0.00..73925.90 rows=598346 width=4) (actual time=0.024..1291.760 rows=507407 loops=1)
              Filter: ((kind_id < 7) AND (production_year > 1997))
              Rows Removed by Filter: 2020905
Planning time: 0.784 ms
Execution time: 16707.734 ms
