Seq Scan on movie_companies mc  (cost=0.00..51404.11 rows=104 width=0) (actual time=85.478..564.564 rows=52 loops=1)
  Filter: (company_id = 22448)
  Rows Removed by Filter: 2609077
Planning time: 0.347 ms
Execution time: 564.657 ms
