Hash Join  (cost=125122.21..225958.68 rows=93943 width=0) (actual time=2369.671..3532.883 rows=55596 loops=1)
  Hash Cond: (mk.movie_id = t.id)
  ->  Seq Scan on movie_keyword mk  (cost=0.00..81003.12 rows=1583177 width=4) (actual time=0.026..1176.334 rows=1588991 loops=1)
        Filter: (keyword_id < 2439)
        Rows Removed by Filter: 2934939
  ->  Hash  (cost=122659.73..122659.73 rows=150039 width=8) (actual time=1846.917..1846.917 rows=83907 loops=1)
        Buckets: 131072  Batches: 2  Memory Usage: 2673kB
        ->  Hash Join  (cost=87428.23..122659.73 rows=150039 width=8) (actual time=1216.433..1825.404 rows=83907 loops=1)
              Hash Cond: (mi_idx.movie_id = t.id)
              ->  Seq Scan on movie_info_idx mi_idx  (cost=0.00..25185.44 rows=460978 width=4) (actual time=0.027..379.804 rows=459925 loops=1)
                    Filter: (info_type_id = 99)
                    Rows Removed by Filter: 920110
              ->  Hash  (cost=73925.90..73925.90 rows=822986 width=4) (actual time=1156.573..1156.573 rows=738761 loops=1)
                    Buckets: 131072  Batches: 16  Memory Usage: 2648kB
                    ->  Seq Scan on title t  (cost=0.00..73925.90 rows=822986 width=4) (actual time=0.021..935.994 rows=738761 loops=1)
                          Filter: ((production_year < 2005) AND (kind_id = 7))
                          Rows Removed by Filter: 1789551
Planning time: 1.159 ms
Execution time: 3540.112 ms
