Seq Scan on movie_keyword mk  (cost=0.00..81003.12 rows=246 width=0) (actual time=23.882..867.224 rows=41 loops=1)
  Filter: (keyword_id = 17429)
  Rows Removed by Filter: 4523889
Planning time: 0.383 ms
Execution time: 867.338 ms
