Seq Scan on movie_companies mc  (cost=0.00..57926.93 rows=1104667 width=0) (actual time=0.026..841.462 rows=888790 loops=1)
  Filter: ((company_id < 77589) AND (company_type_id = 2))
  Rows Removed by Filter: 1720339
Planning time: 0.401 ms
Execution time: 948.821 ms
