Nested Loop  (cost=0.43..798386.14 rows=227 width=0) (actual time=6747.917..10557.863 rows=30 loops=1)
  ->  Seq Scan on cast_info ci  (cost=0.00..796071.18 rows=276 width=4) (actual time=6747.751..10557.097 rows=30 loops=1)
        Filter: ((role_id < 3) AND (person_id = 234250))
        Rows Removed by Filter: 36244314
  ->  Index Scan using title_pkey on title t  (cost=0.43..8.38 rows=1 width=4) (actual time=0.021..0.022 rows=1 loops=30)
        Index Cond: (id = ci.movie_id)
        Filter: (production_year > 1970)
Planning time: 0.564 ms
Execution time: 10557.953 ms
