Seq Scan on movie_companies mc  (cost=0.00..51404.11 rows=5479 width=0) (actual time=1.224..641.360 rows=5166 loops=1)
  Filter: (company_id = 49)
  Rows Removed by Filter: 2603963
Planning time: 0.345 ms
Execution time: 642.221 ms
