Nested Loop  (cost=0.43..83072.29 rows=151 width=0) (actual time=48.455..1050.449 rows=48 loops=1)
  ->  Seq Scan on movie_keyword mk  (cost=0.00..81003.12 rows=246 width=4) (actual time=48.369..1048.459 rows=51 loops=1)
        Filter: (keyword_id = 14566)
        Rows Removed by Filter: 4523879
  ->  Index Scan using title_pkey on title t  (cost=0.43..8.40 rows=1 width=4) (actual time=0.035..0.035 rows=1 loops=51)
        Index Cond: (id = mk.movie_id)
        Filter: (production_year < 2007)
        Rows Removed by Filter: 0
Planning time: 0.747 ms
Execution time: 1050.593 ms
