Hash Join  (cost=170366.21..231967.47 rows=56636 width=0) (actual time=2208.208..3504.066 rows=41727 loops=1)
  Hash Cond: (mc.movie_id = t.id)
  ->  Seq Scan on movie_companies mc  (cost=0.00..51404.11 rows=2568211 width=4) (actual time=0.032..811.142 rows=2569041 loops=1)
        Filter: (company_id < 199371)
        Rows Removed by Filter: 40088
  ->  Hash  (cost=169669.19..169669.19 rows=55761 width=8) (actual time=2207.642..2207.642 rows=15668 loops=1)
        Buckets: 65536  Batches: 1  Memory Usage: 1125kB
        ->  Hash Join  (cost=82999.35..169669.19 rows=55761 width=8) (actual time=931.876..2202.061 rows=15668 loops=1)
              Hash Cond: (mk.movie_id = t.id)
              ->  Seq Scan on movie_keyword mk  (cost=0.00..81003.12 rows=254961 width=4) (actual time=0.019..1058.654 rows=272446 loops=1)
                    Filter: (keyword_id < 231)
                    Rows Removed by Filter: 4251484
              ->  Hash  (cost=73925.90..73925.90 rows=552996 width=4) (actual time=930.542..930.542 rows=576764 loops=1)
                    Buckets: 131072  Batches: 8  Memory Usage: 3560kB
                    ->  Seq Scan on title t  (cost=0.00..73925.90 rows=552996 width=4) (actual time=0.012..787.696 rows=576764 loops=1)
                          Filter: ((kind_id > 2) AND (production_year > 2007))
                          Rows Removed by Filter: 1951548
Planning time: 1.203 ms
Execution time: 3510.233 ms
