Seq Scan on movie_keyword mk  (cost=0.00..81003.12 rows=246 width=0) (actual time=18.148..1016.563 rows=26 loops=1)
  Filter: (keyword_id = 19922)
  Rows Removed by Filter: 4523904
Planning time: 0.354 ms
Execution time: 1016.655 ms
