Seq Scan on movie_keyword mk  (cost=0.00..81003.12 rows=4267081 width=0) (actual time=0.029..1084.936 rows=4267318 loops=1)
  Filter: (keyword_id < 59898)
  Rows Removed by Filter: 256612
Planning time: 0.326 ms
Execution time: 1530.737 ms
