Hash Join  (cost=68438.72..865614.31 rows=7261 width=0) (actual time=7965.016..8798.117 rows=4126 loops=1)
  Hash Cond: (ci.movie_id = t.id)
  ->  Seq Scan on cast_info ci  (cost=0.00..796071.18 rows=275145 width=4) (actual time=7266.331..8066.452 rows=109295 loops=1)
        Filter: ((person_id < 840472) AND (role_id = 9))
        Rows Removed by Filter: 36135049
  ->  Hash  (cost=67604.59..67604.59 rows=66731 width=4) (actual time=697.860..697.860 rows=67342 loops=1)
        Buckets: 131072  Batches: 1  Memory Usage: 3392kB
        ->  Seq Scan on title t  (cost=0.00..67604.59 rows=66731 width=4) (actual time=0.025..673.795 rows=67342 loops=1)
              Filter: (production_year > 2012)
              Rows Removed by Filter: 2460970
Planning time: 0.757 ms
Execution time: 8799.117 ms
