Hash Join  (cost=160013.91..513063.98 rows=2765 width=0) (actual time=2876.062..6003.201 rows=1738 loops=1)
  Hash Cond: (mi.movie_id = t.id)
  ->  Seq Scan on movie_info mi  (cost=0.00..346232.03 rows=1810770 width=4) (actual time=707.886..3712.514 rows=1865632 loops=1)
        Filter: (info_type_id > 17)
        Rows Removed by Filter: 12970088
  ->  Hash  (cost=159965.65..159965.65 rows=3861 width=8) (actual time=2053.309..2053.309 rows=2811 loops=1)
        Buckets: 4096  Batches: 1  Memory Usage: 142kB
        ->  Hash Join  (cost=74019.21..159965.65 rows=3861 width=8) (actual time=743.937..2051.963 rows=2811 loops=1)
              Hash Cond: (mk.movie_id = t.id)
              ->  Seq Scan on movie_keyword mk  (cost=0.00..81003.12 rows=1307923 width=4) (actual time=0.038..1096.442 rows=1312996 loops=1)
                    Filter: (keyword_id < 1725)
                    Rows Removed by Filter: 3210934
              ->  Hash  (cost=73925.90..73925.90 rows=7464 width=4) (actual time=743.397..743.397 rows=5186 loops=1)
                    Buckets: 8192  Batches: 1  Memory Usage: 247kB
                    ->  Seq Scan on title t  (cost=0.00..73925.90 rows=7464 width=4) (actual time=431.753..740.833 rows=5186 loops=1)
                          Filter: ((kind_id = 4) AND (production_year = 2012))
                          Rows Removed by Filter: 2523126
Planning time: 0.785 ms
Execution time: 6003.552 ms
