Hash Join  (cost=184278.81..700077.36 rows=3373162 width=0) (actual time=3907.618..12885.089 rows=3180212 loops=1)
  Hash Cond: (mi.movie_id = t.id)
  ->  Seq Scan on movie_info mi  (cost=0.00..309384.22 rows=14739122 width=4) (actual time=0.012..3644.539 rows=14835720 loops=1)
  ->  Hash  (cost=174784.40..174784.40 rows=578673 width=8) (actual time=3367.867..3367.867 rows=316839 loops=1)
        Buckets: 131072  Batches: 8  Memory Usage: 2563kB
        ->  Hash Join  (cost=92883.59..174784.40 rows=578673 width=8) (actual time=1908.628..3293.774 rows=316839 loops=1)
              Hash Cond: (mc.movie_id = t.id)
              ->  Seq Scan on movie_companies mc  (cost=0.00..57926.93 rows=949630 width=4) (actual time=43.313..745.371 rows=1246396 loops=1)
                    Filter: ((company_id < 49123) AND (company_type_id < 2))
                    Rows Removed by Filter: 1362733
              ->  Hash  (cost=67604.59..67604.59 rows=1540800 width=4) (actual time=1863.899..1863.899 rows=1543264 loops=1)
                    Buckets: 131072  Batches: 32  Memory Usage: 2722kB
                    ->  Seq Scan on title t  (cost=0.00..67604.59 rows=1540800 width=4) (actual time=0.025..711.011 rows=1543264 loops=1)
                          Filter: (kind_id = 7)
                          Rows Removed by Filter: 985048
Planning time: 1.202 ms
Execution time: 13162.323 ms
