Hash Join  (cost=83074.74..481555.40 rows=1355 width=0) (actual time=883.011..7440.960 rows=36745 loops=1)
  Hash Cond: (mi.movie_id = t.id)
  ->  Seq Scan on movie_info mi  (cost=0.00..346232.03 rows=13929354 width=4) (actual time=0.015..4505.315 rows=14033580 loops=1)
        Filter: (info_type_id > 1)
        Rows Removed by Filter: 802140
  ->  Hash  (cost=83071.67..83071.67 rows=246 width=8) (actual time=882.839..882.839 rows=1675 loops=1)
        Buckets: 2048 (originally 1024)  Batches: 1 (originally 1)  Memory Usage: 82kB
        ->  Nested Loop  (cost=0.43..83071.67 rows=246 width=8) (actual time=5.803..882.086 rows=1675 loops=1)
              ->  Seq Scan on movie_keyword mk  (cost=0.00..81003.12 rows=246 width=4) (actual time=5.732..854.840 rows=1675 loops=1)
                    Filter: (keyword_id = 108)
                    Rows Removed by Filter: 4522255
              ->  Index Only Scan using title_pkey on title t  (cost=0.43..8.40 rows=1 width=4) (actual time=0.015..0.016 rows=1 loops=1675)
                    Index Cond: (id = mk.movie_id)
                    Heap Fetches: 1675
Planning time: 1.172 ms
Execution time: 7446.924 ms
