Hash Join  (cost=190230.21..351601.53 rows=2404221 width=0) (actual time=3148.109..8426.503 rows=10132633 loops=1)
  Hash Cond: (mk.movie_id = t.id)
  ->  Seq Scan on movie_keyword mk  (cost=0.00..81003.12 rows=4405061 width=4) (actual time=0.016..1232.431 rows=4406966 loops=1)
        Filter: (keyword_id < 78719)
        Rows Removed by Filter: 116964
  ->  Hash  (cost=167588.78..167588.78 rows=1380035 width=8) (actual time=3146.591..3146.591 rows=1380035 loops=1)
        Buckets: 131072  Batches: 32  Memory Usage: 2726kB
        ->  Hash Join  (cost=102767.86..167588.78 rows=1380035 width=8) (actual time=1488.044..2811.189 rows=1380035 loops=1)
              Hash Cond: (mi_idx.movie_id = t.id)
              ->  Seq Scan on movie_info_idx mi_idx  (cost=0.00..21735.35 rows=1380035 width=4) (actual time=0.025..213.550 rows=1380035 loops=1)
              ->  Hash  (cost=61283.27..61283.27 rows=2528527 width=4) (actual time=1487.213..1487.213 rows=2528312 loops=1)
                    Buckets: 131072  Batches: 64  Memory Usage: 2415kB
                    ->  Seq Scan on title t  (cost=0.00..61283.27 rows=2528527 width=4) (actual time=0.040..707.857 rows=2528312 loops=1)
Planning time: 1.073 ms
Execution time: 9514.460 ms
