Hash Join  (cost=158914.48..986041.12 rows=207479 width=0) (actual time=3171.552..14134.893 rows=2084761 loops=1)
  Hash Cond: (ci.movie_id = t.id)
  ->  Seq Scan on cast_info ci  (cost=0.00..796071.18 rows=2433512 width=4) (actual time=528.682..9073.662 rows=5511092 loops=1)
        Filter: ((person_id > 3102636) AND (role_id > 2))
        Rows Removed by Filter: 30733252
  ->  Hash  (cost=155376.73..155376.73 rows=215580 width=8) (actual time=2641.994..2641.994 rows=263784 loops=1)
        Buckets: 131072  Batches: 4  Memory Usage: 3576kB
        ->  Hash Join  (cost=77354.40..155376.73 rows=215580 width=8) (actual time=796.827..2565.623 rows=263784 loops=1)
              Hash Cond: (mc.movie_id = t.id)
              ->  Seq Scan on movie_companies mc  (cost=0.00..44881.29 rows=2609129 width=4) (actual time=0.028..687.844 rows=2609129 loops=1)
              ->  Hash  (cost=73925.90..73925.90 rows=208920 width=4) (actual time=795.998..795.998 rows=183835 loops=1)
                    Buckets: 131072  Batches: 4  Memory Usage: 2649kB
                    ->  Seq Scan on title t  (cost=0.00..73925.90 rows=208920 width=4) (actual time=0.024..738.755 rows=183835 loops=1)
                          Filter: ((kind_id < 7) AND (production_year > 2009))
                          Rows Removed by Filter: 2344477
Planning time: 1.227 ms
Execution time: 14306.308 ms
