Hash Join  (cost=162910.07..250455.64 rows=906405 width=0) (actual time=3768.396..6558.129 rows=2329101 loops=1)
  Hash Cond: (mc.movie_id = t.id)
  ->  Seq Scan on movie_companies mc  (cost=0.00..44881.29 rows=2609129 width=4) (actual time=0.022..945.537 rows=2609129 loops=1)
  ->  Hash  (cost=148498.02..148498.02 rows=878404 width=8) (actual time=3767.500..3767.500 rows=810457 loops=1)
        Buckets: 131072  Batches: 16  Memory Usage: 3002kB
        ->  Hash Join  (cost=94009.45..148498.02 rows=878404 width=8) (actual time=1932.755..3526.109 rows=810457 loops=1)
              Hash Cond: (mi_idx.movie_id = t.id)
              ->  Seq Scan on movie_info_idx mi_idx  (cost=0.00..21735.35 rows=1380035 width=4) (actual time=0.021..425.480 rows=1380035 loops=1)
              ->  Hash  (cost=67604.59..67604.59 rows=1609429 width=4) (actual time=1931.747..1931.747 rows=1607077 loops=1)
                    Buckets: 131072  Batches: 32  Memory Usage: 2791kB
                    ->  Seq Scan on title t  (cost=0.00..67604.59 rows=1609429 width=4) (actual time=0.015..1413.868 rows=1607077 loops=1)
                          Filter: (production_year > 1995)
                          Rows Removed by Filter: 921235
Planning time: 1.008 ms
Execution time: 6811.723 ms
