Seq Scan on movie_keyword mk  (cost=0.00..81003.12 rows=246 width=0) (actual time=3.184..868.417 rows=182 loops=1)
  Filter: (keyword_id = 9994)
  Rows Removed by Filter: 4523748
Planning time: 0.695 ms
Execution time: 868.579 ms
