Hash Join  (cost=141953.15..505625.08 rows=218373 width=0) (actual time=3430.269..7121.682 rows=125994 loops=1)
  Hash Cond: (mi.movie_id = t.id)
  ->  Seq Scan on movie_info mi  (cost=0.00..346232.03 rows=1158179 width=4) (actual time=588.691..3592.077 rows=1204709 loops=1)
        Filter: (info_type_id > 18)
        Rows Removed by Filter: 13631011
  ->  Hash  (cost=134130.77..134130.77 rows=476750 width=8) (actual time=2753.619..2753.619 rows=237921 loops=1)
        Buckets: 131072  Batches: 8  Memory Usage: 2182kB
        ->  Hash Join  (cost=88257.79..134130.77 rows=476750 width=8) (actual time=2148.095..2698.414 rows=237921 loops=1)
              Hash Cond: (mi_idx.movie_id = t.id)
              ->  Seq Scan on movie_info_idx mi_idx  (cost=0.00..21735.35 rows=1380035 width=4) (actual time=0.032..266.441 rows=1380035 loops=1)
              ->  Hash  (cost=73925.90..73925.90 rows=873511 width=4) (actual time=1810.943..1810.943 rows=957299 loops=1)
                    Buckets: 131072  Batches: 16  Memory Usage: 3134kB
                    ->  Seq Scan on title t  (cost=0.00..73925.90 rows=873511 width=4) (actual time=78.786..955.072 rows=957299 loops=1)
                          Filter: ((production_year > 1999) AND (kind_id = 7))
                          Rows Removed by Filter: 1571013
Planning time: 1.198 ms
Execution time: 7132.941 ms
