Hash Join  (cost=149835.41..614971.94 rows=542316 width=0) (actual time=2507.182..11281.958 rows=3407655 loops=1)
  Hash Cond: (mi.movie_id = t.id)
  ->  Seq Scan on movie_info mi  (cost=0.00..346232.03 rows=9767026 width=4) (actual time=0.012..4422.224 rows=9911754 loops=1)
        Filter: (info_type_id > 4)
        Rows Removed by Filter: 4923966
  ->  Hash  (cost=147531.45..147531.45 rows=140397 width=8) (actual time=2506.302..2506.302 rows=195858 loops=1)
        Buckets: 131072 (originally 131072)  Batches: 4 (originally 2)  Memory Usage: 3073kB
        ->  Hash Join  (cost=78306.32..147531.45 rows=140397 width=8) (actual time=1773.723..2449.731 rows=195858 loops=1)
              Hash Cond: (mc.movie_id = t.id)
              ->  Seq Scan on movie_companies mc  (cost=0.00..51404.11 rows=1329612 width=4) (actual time=262.864..720.332 rows=1334883 loops=1)
                    Filter: (company_type_id > 1)
                    Rows Removed by Filter: 1274246
              ->  Hash  (cost=73925.90..73925.90 rows=266993 width=4) (actual time=793.678..793.678 rows=216282 loops=1)
                    Buckets: 131072  Batches: 4  Memory Usage: 2928kB
                    ->  Seq Scan on title t  (cost=0.00..73925.90 rows=266993 width=4) (actual time=121.348..742.324 rows=216282 loops=1)
                          Filter: ((production_year > 2005) AND (kind_id = 1))
                          Rows Removed by Filter: 2312030
Planning time: 1.205 ms
Execution time: 11629.549 ms
