Hash Join  (cost=425368.31..1245138.61 rows=117979 width=0) (actual time=4561.044..17963.374 rows=226497 loops=1)
  Hash Cond: (ci.movie_id = t.id)
  ->  Seq Scan on cast_info ci  (cost=0.00..705507.15 rows=30155581 width=4) (actual time=700.181..8621.428 rows=30279177 loops=1)
        Filter: (person_id > 577597)
        Rows Removed by Filter: 5965167
  ->  Hash  (cost=425244.66..425244.66 rows=9892 width=8) (actual time=3860.624..3860.624 rows=14506 loops=1)
        Buckets: 16384  Batches: 1  Memory Usage: 695kB
        ->  Hash Join  (cost=74173.24..425244.66 rows=9892 width=8) (actual time=1030.616..3855.862 rows=14506 loops=1)
              Hash Cond: (mi.movie_id = t.id)
              ->  Seq Scan on movie_info mi  (cost=0.00..346232.03 rows=1264125 width=4) (actual time=377.208..2999.770 rows=1288928 loops=1)
                    Filter: (info_type_id = 2)
                    Rows Removed by Filter: 13546792
              ->  Hash  (cost=73925.90..73925.90 rows=19787 width=4) (actual time=652.922..652.922 rows=15791 loops=1)
                    Buckets: 32768  Batches: 1  Memory Usage: 812kB
                    ->  Seq Scan on title t  (cost=0.00..73925.90 rows=19787 width=4) (actual time=0.047..647.367 rows=15791 loops=1)
                          Filter: ((kind_id < 7) AND (production_year = 1999))
                          Rows Removed by Filter: 2512521
Planning time: 0.810 ms
Execution time: 17997.055 ms
