Hash Join  (cost=436085.32..1218826.03 rows=575643 width=0) (actual time=4746.225..22070.050 rows=1459491 loops=1)
  Hash Cond: (ci.movie_id = t.id)
  ->  Seq Scan on cast_info ci  (cost=0.00..705507.15 rows=19060575 width=4) (actual time=0.018..9305.654 rows=18954709 loops=1)
        Filter: (person_id < 1890444)
        Rows Removed by Filter: 17289635
  ->  Hash  (cost=435130.78..435130.78 rows=76363 width=8) (actual time=4745.124..4745.124 rows=165409 loops=1)
        Buckets: 131072 (originally 131072)  Batches: 4 (originally 1)  Memory Usage: 3073kB
        ->  Hash Join  (cost=77838.49..435130.78 rows=76363 width=8) (actual time=3044.212..4683.133 rows=165409 loops=1)
              Hash Cond: (mi.movie_id = t.id)
              ->  Seq Scan on movie_info mi  (cost=0.00..346232.03 rows=809768 width=4) (actual time=2190.728..3485.504 rows=802140 loops=1)
                    Filter: (info_type_id < 2)
                    Rows Removed by Filter: 14033580
              ->  Hash  (cost=73925.90..73925.90 rows=238447 width=4) (actual time=840.379..840.379 rows=200165 loops=1)
                    Buckets: 131072  Batches: 4  Memory Usage: 2790kB
                    ->  Seq Scan on title t  (cost=0.00..73925.90 rows=238447 width=4) (actual time=0.065..788.343 rows=200165 loops=1)
                          Filter: ((production_year > 2006) AND (kind_id = 1))
                          Rows Removed by Filter: 2328147
Planning time: 1.257 ms
Execution time: 22229.195 ms
