Nested Loop  (cost=0.43..83072.29 rows=233 width=0) (actual time=0.212..863.120 rows=1720 loops=1)
  ->  Seq Scan on movie_keyword mk  (cost=0.00..81003.12 rows=246 width=4) (actual time=0.181..834.636 rows=1726 loops=1)
        Filter: (keyword_id = 3779)
        Rows Removed by Filter: 4522204
  ->  Index Scan using title_pkey on title t  (cost=0.43..8.40 rows=1 width=4) (actual time=0.015..0.016 rows=1 loops=1726)
        Index Cond: (id = mk.movie_id)
        Filter: (production_year < 2013)
        Rows Removed by Filter: 0
Planning time: 0.524 ms
Execution time: 863.686 ms
