Hash Join  (cost=232390.84..279048.03 rows=522471 width=0) (actual time=3180.769..4409.595 rows=2065224 loops=1)
  Hash Cond: (mi_idx.movie_id = t.id)
  ->  Seq Scan on movie_info_idx mi_idx  (cost=0.00..21735.35 rows=1380035 width=4) (actual time=0.018..263.996 rows=1380035 loops=1)
  ->  Hash  (cost=216684.82..216684.82 rows=957282 width=8) (actual time=3179.805..3179.805 rows=959119 loops=1)
        Buckets: 131072  Batches: 16  Memory Usage: 3394kB
        ->  Hash Join  (cost=102767.86..216684.82 rows=957282 width=8) (actual time=1328.219..2951.898 rows=959119 loops=1)
              Hash Cond: (mk.movie_id = t.id)
              ->  Seq Scan on movie_keyword mk  (cost=0.00..81003.12 rows=957282 width=4) (actual time=0.027..744.590 rows=959119 loops=1)
                    Filter: (keyword_id < 901)
                    Rows Removed by Filter: 3564811
              ->  Hash  (cost=61283.27..61283.27 rows=2528527 width=4) (actual time=1326.078..1326.078 rows=2528312 loops=1)
                    Buckets: 131072  Batches: 64  Memory Usage: 2425kB
                    ->  Seq Scan on title t  (cost=0.00..61283.27 rows=2528527 width=4) (actual time=0.017..620.247 rows=2528312 loops=1)
Planning time: 1.218 ms
Execution time: 4594.967 ms
