Hash Join  (cost=465515.12..593871.66 rows=521550 width=0) (actual time=5327.021..11299.137 rows=16319792 loops=1)
  Hash Cond: (mk.movie_id = t.id)
  ->  Seq Scan on movie_keyword mk  (cost=0.00..69693.30 rows=4523930 width=4) (actual time=0.018..918.930 rows=4523930 loops=1)
  ->  Hash  (cost=460732.29..460732.29 rows=291506 width=8) (actual time=5325.902..5325.902 rows=326017 loops=1)
        Buckets: 131072 (originally 131072)  Batches: 8 (originally 4)  Memory Usage: 3073kB
        ->  Hash Join  (cost=99161.12..460732.29 rows=291506 width=8) (actual time=1896.447..5261.584 rows=326017 loops=1)
              Hash Cond: (mi.movie_id = t.id)
              ->  Seq Scan on movie_info mi  (cost=0.00..346232.03 rows=383217 width=4) (actual time=615.372..3611.303 rows=368218 loops=1)
                    Filter: (info_type_id = 17)
                    Rows Removed by Filter: 14467502
              ->  Hash  (cost=67604.59..67604.59 rows=1923403 width=4) (actual time=1265.297..1265.297 rows=1922849 loops=1)
                    Buckets: 131072  Batches: 32  Memory Usage: 3141kB
                    ->  Seq Scan on title t  (cost=0.00..67604.59 rows=1923403 width=4) (actual time=0.028..783.329 rows=1922849 loops=1)
                          Filter: (production_year < 2010)
                          Rows Removed by Filter: 605463
Planning time: 1.142 ms
Execution time: 12919.887 ms
