Hash Join  (cost=183795.25..322172.15 rows=1343986 width=0) (actual time=4358.590..10857.021 rows=13420503 loops=1)
  Hash Cond: (mk.movie_id = t.id)
  ->  Seq Scan on movie_keyword mk  (cost=0.00..69693.30 rows=4523930 width=4) (actual time=0.019..1504.979 rows=4523930 loops=1)
  ->  Hash  (cost=171470.45..171470.45 rows=751184 width=8) (actual time=4341.610..4341.610 rows=592966 loops=1)
        Buckets: 131072  Batches: 16  Memory Usage: 2499kB
        ->  Hash Join  (cost=91959.31..171470.45 rows=751184 width=8) (actual time=2144.562..4165.700 rows=592966 loops=1)
              Hash Cond: (mc.movie_id = t.id)
              ->  Seq Scan on movie_companies mc  (cost=0.00..51404.11 rows=1279517 width=4) (actual time=0.030..1010.926 rows=1274246 loops=1)
                    Filter: (company_type_id = 1)
                    Rows Removed by Filter: 1334883
              ->  Hash  (cost=67604.59..67604.59 rows=1484458 width=4) (actual time=2143.074..2143.074 rows=1485030 loops=1)
                    Buckets: 131072  Batches: 32  Memory Usage: 2655kB
                    ->  Seq Scan on title t  (cost=0.00..67604.59 rows=1484458 width=4) (actual time=0.020..1396.628 rows=1485030 loops=1)
                          Filter: (production_year > 1998)
                          Rows Removed by Filter: 1043282
Planning time: 1.206 ms
Execution time: 12418.552 ms
