Hash Join  (cost=156649.15..227758.05 rows=155917 width=0) (actual time=2546.449..3556.096 rows=397663 loops=1)
  Hash Cond: (mc.movie_id = t.id)
  ->  Seq Scan on movie_companies mc  (cost=0.00..57926.93 rows=847947 width=4) (actual time=136.863..713.602 rows=655620 loops=1)
        Filter: ((company_id > 2561) AND (company_type_id = 1))
        Rows Removed by Filter: 1953509
  ->  Hash  (cost=149020.47..149020.47 rows=464934 width=8) (actual time=2408.733..2408.733 rows=460185 loops=1)
        Buckets: 131072  Batches: 8  Memory Usage: 3276kB
        ->  Hash Join  (cost=102767.86..149020.47 rows=464934 width=8) (actual time=1345.300..2307.933 rows=460185 loops=1)
              Hash Cond: (mi_idx.movie_id = t.id)
              ->  Seq Scan on movie_info_idx mi_idx  (cost=0.00..25185.44 rows=464934 width=4) (actual time=0.029..394.003 rows=460185 loops=1)
                    Filter: (info_type_id > 100)
                    Rows Removed by Filter: 919850
              ->  Hash  (cost=61283.27..61283.27 rows=2528527 width=4) (actual time=1344.393..1344.393 rows=2528312 loops=1)
                    Buckets: 131072  Batches: 64  Memory Usage: 2415kB
                    ->  Seq Scan on title t  (cost=0.00..61283.27 rows=2528527 width=4) (actual time=0.018..641.179 rows=2528312 loops=1)
Planning time: 1.481 ms
Execution time: 3599.428 ms
