Seq Scan on movie_keyword mk  (cost=0.00..81003.12 rows=2074922 width=0) (actual time=0.024..1221.847 rows=2085947 loops=1)
  Filter: (keyword_id < 3722)
  Rows Removed by Filter: 2437983
Planning time: 0.408 ms
Execution time: 1497.606 ms
