Hash Join  (cost=536696.81..1489697.20 rows=7835696 width=0) (actual time=9324.474..32111.554 rows=29570780 loops=1)
  Hash Cond: (ci.movie_id = t.id)
  ->  Seq Scan on cast_info ci  (cost=0.00..705507.15 rows=12726058 width=4) (actual time=0.021..9405.462 rows=12670688 loops=1)
        Filter: (role_id = 1)
        Rows Removed by Filter: 23573656
  ->  Hash  (cost=511153.99..511153.99 rows=1556866 width=8) (actual time=9322.791..9322.791 rows=3438417 loops=1)
        Buckets: 131072 (originally 131072)  Batches: 64 (originally 32)  Memory Usage: 3133kB
        ->  Hash Join  (cost=78556.72..511153.99 rows=1556866 width=8) (actual time=995.173..8450.457 rows=3438417 loops=1)
              Hash Cond: (mi.movie_id = t.id)
              ->  Seq Scan on movie_info mi  (cost=0.00..346232.03 rows=5897221 width=4) (actual time=0.028..4119.752 rows=5884963 loops=1)
                    Filter: (info_type_id < 7)
                    Rows Removed by Filter: 8950757
              ->  Hash  (cost=67604.59..67604.59 rows=667531 width=4) (actual time=994.425..994.425 rows=662825 loops=1)
                    Buckets: 131072  Batches: 16  Memory Usage: 2485kB
                    ->  Seq Scan on title t  (cost=0.00..67604.59 rows=667531 width=4) (actual time=0.018..794.756 rows=662825 loops=1)
                          Filter: (kind_id = 1)
                          Rows Removed by Filter: 1865487
Planning time: 1.175 ms
Execution time: 34744.037 ms
