Hash Join  (cost=709678.65..1058948.72 rows=141 width=0) (actual time=8482.296..11798.691 rows=100 loops=1)
  Hash Cond: (mi.movie_id = t.id)
  ->  Seq Scan on movie_info mi  (cost=0.00..346232.03 rows=809768 width=4) (actual time=452.660..3667.886 rows=802140 loops=1)
        Filter: (info_type_id < 2)
        Rows Removed by Filter: 14033580
  ->  Hash  (cost=709673.15..709673.15 rows=440 width=8) (actual time=8024.825..8024.825 rows=159 loops=1)
        Buckets: 1024  Batches: 1  Memory Usage: 15kB
        ->  Nested Loop  (cost=0.43..709673.15 rows=440 width=8) (actual time=5470.331..8024.745 rows=159 loops=1)
              ->  Seq Scan on cast_info ci  (cost=0.00..705507.15 rows=500 width=4) (actual time=5470.199..8022.346 rows=159 loops=1)
                    Filter: (person_id = 431562)
                    Rows Removed by Filter: 36244185
              ->  Index Scan using title_pkey on title t  (cost=0.43..8.32 rows=1 width=4) (actual time=0.014..0.014 rows=1 loops=159)
                    Index Cond: (id = ci.movie_id)
                    Filter: (production_year < 2012)
Planning time: 1.221 ms
Execution time: 11798.876 ms
