Hash Join  (cost=58358.64..85272.79 rows=4 width=0) (actual time=643.947..1064.017 rows=1 loops=1)
  Hash Cond: (mi_idx.movie_id = t.id)
  ->  Seq Scan on movie_info_idx mi_idx  (cost=0.00..25185.44 rows=460978 width=4) (actual time=0.025..365.054 rows=459925 loops=1)
        Filter: (info_type_id = 99)
        Rows Removed by Filter: 920110
  ->  Hash  (cost=58358.39..58358.39 rows=20 width=8) (actual time=634.405..634.405 rows=1 loops=1)
        Buckets: 1024  Batches: 1  Memory Usage: 9kB
        ->  Nested Loop  (cost=0.43..58358.39 rows=20 width=8) (actual time=272.225..634.398 rows=1 loops=1)
              ->  Seq Scan on movie_companies mc  (cost=0.00..57926.93 rows=51 width=4) (actual time=272.175..634.246 rows=4 loops=1)
                    Filter: ((company_type_id < 2) AND (company_id = 8588))
                    Rows Removed by Filter: 2609125
              ->  Index Scan using title_pkey on title t  (cost=0.43..8.45 rows=1 width=4) (actual time=0.035..0.035 rows=0 loops=4)
                    Index Cond: (id = mc.movie_id)
                    Filter: (kind_id < 7)
                    Rows Removed by Filter: 1
Planning time: 1.206 ms
Execution time: 1064.148 ms
