Seq Scan on cast_info ci  (cost=0.00..705507.15 rows=3065963 width=0) (actual time=0.029..8094.042 rows=3129619 loops=1)
  Filter: (person_id > 3485130)
  Rows Removed by Filter: 33114725
Planning time: 0.315 ms
Execution time: 8467.687 ms
