Seq Scan on movie_companies mc  (cost=0.00..51404.11 rows=104 width=0) (actual time=257.186..571.270 rows=340 loops=1)
  Filter: (company_id = 8142)
  Rows Removed by Filter: 2608789
Planning time: 0.352 ms
Execution time: 571.423 ms
