Seq Scan on movie_keyword mk  (cost=0.00..81003.12 rows=730177 width=0) (actual time=0.024..1351.493 rows=725769 loops=1)
  Filter: (keyword_id < 648)
  Rows Removed by Filter: 3798161
Planning time: 0.339 ms
Execution time: 1442.656 ms
