Hash Join  (cost=80955.69..167683.76 rows=7003 width=0) (actual time=603.073..2084.493 rows=953 loops=1)
  Hash Cond: (mk.movie_id = t.id)
  ->  Seq Scan on movie_keyword mk  (cost=0.00..69693.30 rows=4523930 width=4) (actual time=0.022..697.027 rows=4523930 loops=1)
  ->  Hash  (cost=80906.77..80906.77 rows=3914 width=8) (actual time=575.503..575.503 rows=3796 loops=1)
        Buckets: 4096  Batches: 1  Memory Usage: 181kB
        ->  Nested Loop  (cost=0.43..80906.77 rows=3914 width=8) (actual time=0.259..573.891 rows=3796 loops=1)
              ->  Seq Scan on movie_companies mc  (cost=0.00..51404.11 rows=3914 width=4) (actual time=0.180..545.210 rows=3796 loops=1)
                    Filter: (company_id = 11244)
                    Rows Removed by Filter: 2605333
              ->  Index Only Scan using title_pkey on title t  (cost=0.43..7.53 rows=1 width=4) (actual time=0.007..0.007 rows=1 loops=3796)
                    Index Cond: (id = mc.movie_id)
                    Heap Fetches: 3796
Planning time: 1.141 ms
Execution time: 2084.778 ms
