Hash Join  (cost=102767.86..966783.57 rows=2413079 width=0) (actual time=8109.919..14540.650 rows=3702822 loops=1)
  Hash Cond: (ci.movie_id = t.id)
  ->  Seq Scan on cast_info ci  (cost=0.00..796071.18 rows=2413079 width=4) (actual time=6528.140..10251.834 rows=3702822 loops=1)
        Filter: ((person_id > 1571271) AND (role_id = 10))
        Rows Removed by Filter: 32541522
  ->  Hash  (cost=61283.27..61283.27 rows=2528527 width=4) (actual time=1580.218..1580.218 rows=2528312 loops=1)
        Buckets: 131072  Batches: 64  Memory Usage: 2415kB
        ->  Seq Scan on title t  (cost=0.00..61283.27 rows=2528527 width=4) (actual time=0.028..742.011 rows=2528312 loops=1)
Planning time: 0.712 ms
Execution time: 14915.988 ms
