Hash Join  (cost=496267.82..1483787.06 rows=4585259 width=0) (actual time=9643.978..23421.456 rows=2155833 loops=1)
  Hash Cond: (ci.movie_id = t.id)
  ->  Seq Scan on cast_info ci  (cost=0.00..796071.18 rows=12272656 width=4) (actual time=3573.285..12459.525 rows=11804540 loops=1)
        Filter: ((person_id > 121388) AND (role_id < 2))
        Rows Removed by Filter: 24439804
  ->  Hash  (cost=480768.09..480768.09 rows=944698 width=8) (actual time=6069.587..6069.587 rows=402353 loops=1)
        Buckets: 131072  Batches: 16  Memory Usage: 2009kB
        ->  Hash Join  (cost=99208.77..480768.09 rows=944698 width=8) (actual time=1353.019..5984.245 rows=402353 loops=1)
              Hash Cond: (mi.movie_id = t.id)
              ->  Seq Scan on movie_info mi  (cost=0.00..346232.03 rows=1550064 width=4) (actual time=0.022..3732.656 rows=1533909 loops=1)
                    Filter: (info_type_id = 3)
                    Rows Removed by Filter: 13301811
              ->  Hash  (cost=73925.90..73925.90 rows=1541029 width=4) (actual time=1351.358..1351.358 rows=1659933 loops=1)
                    Buckets: 131072  Batches: 32  Memory Usage: 2860kB
                    ->  Seq Scan on title t  (cost=0.00..73925.90 rows=1541029 width=4) (actual time=0.021..917.851 rows=1659933 loops=1)
                          Filter: ((kind_id > 1) AND (production_year > 1969))
                          Rows Removed by Filter: 868379
Planning time: 1.244 ms
Execution time: 23617.056 ms
