Seq Scan on movie_companies mc  (cost=0.00..51404.11 rows=1726408 width=0) (actual time=0.021..492.307 rows=1719095 loops=1)
  Filter: (company_id < 22151)
  Rows Removed by Filter: 890034
Planning time: 0.335 ms
Execution time: 636.404 ms
