Seq Scan on movie_companies mc  (cost=0.00..57926.93 rows=1256936 width=0) (actual time=0.027..914.597 rows=1274246 loops=1)
  Filter: ((company_id < 195386) AND (company_type_id < 2))
  Rows Removed by Filter: 1334883
Planning time: 0.327 ms
Execution time: 1068.135 ms
