Seq Scan on movie_keyword mk  (cost=0.00..81003.12 rows=246 width=0) (actual time=41.645..1359.958 rows=10 loops=1)
  Filter: (keyword_id = 67155)
  Rows Removed by Filter: 4523920
Planning time: 0.378 ms
Execution time: 1360.044 ms
