Hash Join  (cost=52284.99..416946.98 rows=606 width=0) (actual time=1080.862..5675.985 rows=321 loops=1)
  Hash Cond: (mi.movie_id = t.id)
  ->  Seq Scan on movie_info mi  (cost=0.00..309384.22 rows=14739122 width=4) (actual time=0.019..2541.517 rows=14835720 loops=1)
  ->  Hash  (cost=52283.69..52283.69 rows=104 width=8) (actual time=642.030..642.030 rows=27 loops=1)
        Buckets: 1024  Batches: 1  Memory Usage: 10kB
        ->  Nested Loop  (cost=0.43..52283.69 rows=104 width=8) (actual time=2.610..642.008 rows=27 loops=1)
              ->  Seq Scan on movie_companies mc  (cost=0.00..51404.11 rows=104 width=4) (actual time=2.550..641.428 rows=27 loops=1)
                    Filter: (company_id = 81382)
                    Rows Removed by Filter: 2609102
              ->  Index Only Scan using title_pkey on title t  (cost=0.43..8.45 rows=1 width=4) (actual time=0.020..0.020 rows=1 loops=27)
                    Index Cond: (id = mc.movie_id)
                    Heap Fetches: 27
Planning time: 1.175 ms
Execution time: 5676.133 ms
