Seq Scan on title t  (cost=0.00..73925.90 rows=4906 width=0) (actual time=0.069..868.332 rows=8886 loops=1)
  Filter: ((kind_id > 3) AND (production_year = 1983))
  Rows Removed by Filter: 2519426
Planning time: 0.342 ms
Execution time: 870.584 ms
