Seq Scan on movie_companies mc  (cost=0.00..51404.11 rows=59042 width=0) (actual time=0.027..514.227 rows=58028 loops=1)
  Filter: (company_id > 185284)
  Rows Removed by Filter: 2551101
Planning time: 0.306 ms
Execution time: 521.483 ms
