Hash Join  (cost=74389.43..170020.98 rows=55056 width=0) (actual time=1112.164..2450.054 rows=12660 loops=1)
  Hash Cond: (mk.movie_id = t.id)
  ->  Seq Scan on movie_keyword mk  (cost=0.00..81003.12 rows=3754098 width=4) (actual time=0.026..1074.310 rows=3745762 loops=1)
        Filter: (keyword_id < 24231)
        Rows Removed by Filter: 778168
  ->  Hash  (cost=73925.90..73925.90 rows=37082 width=4) (actual time=835.702..835.702 rows=41935 loops=1)
        Buckets: 65536  Batches: 1  Memory Usage: 1987kB
        ->  Seq Scan on title t  (cost=0.00..73925.90 rows=37082 width=4) (actual time=33.015..820.618 rows=41935 loops=1)
              Filter: ((kind_id = 7) AND (production_year = 2002))
              Rows Removed by Filter: 2486377
Planning time: 0.908 ms
Execution time: 2451.930 ms
