Seq Scan on movie_companies mc  (cost=0.00..51404.11 rows=2448200 width=0) (actual time=0.014..702.208 rows=2449767 loops=1)
  Filter: (company_id < 128060)
  Rows Removed by Filter: 159362
Planning time: 0.235 ms
Execution time: 978.850 ms
