Hash Join  (cost=83198.94..155852.04 rows=202798 width=0) (actual time=1202.440..2173.502 rows=282309 loops=1)
  Hash Cond: (mc.movie_id = t.id)
  ->  Seq Scan on movie_companies mc  (cost=0.00..57926.93 rows=907250 width=4) (actual time=229.766..814.840 rows=585405 loops=1)
        Filter: ((company_id < 26488) AND (company_type_id > 1))
        Rows Removed by Filter: 2023724
  ->  Hash  (cost=73925.90..73925.90 rows=565203 width=4) (actual time=971.960..971.960 rows=641785 loops=1)
        Buckets: 131072  Batches: 8  Memory Usage: 3862kB
        ->  Seq Scan on title t  (cost=0.00..73925.90 rows=565203 width=4) (actual time=0.016..812.282 rows=641785 loops=1)
              Filter: ((kind_id < 7) AND (production_year < 2006))
              Rows Removed by Filter: 1886527
Planning time: 0.769 ms
Execution time: 2199.681 ms
