Seq Scan on movie_keyword mk  (cost=0.00..81003.12 rows=200929 width=0) (actual time=0.026..705.712 rows=202628 loops=1)
  Filter: (keyword_id > 68057)
  Rows Removed by Filter: 4321302
Planning time: 0.298 ms
Execution time: 724.969 ms
