Hash Join  (cost=174403.47..1133562.59 rows=4785249 width=0) (actual time=4325.616..35234.433 rows=24111221 loops=1)
  Hash Cond: (ci.movie_id = t.id)
  ->  Seq Scan on cast_info ci  (cost=0.00..705507.15 rows=17565993 width=4) (actual time=0.021..14737.882 rows=17434883 loops=1)
        Filter: (person_id < 1724409)
        Rows Removed by Filter: 18809461
  ->  Hash  (cost=163102.35..163102.35 rows=688810 width=8) (actual time=4324.367..4324.367 rows=1307690 loops=1)
        Buckets: 131072 (originally 131072)  Batches: 32 (originally 16)  Memory Usage: 3073kB
        ->  Hash Join  (cost=78556.72..163102.35 rows=688810 width=8) (actual time=1310.575..3943.576 rows=1307690 loops=1)
              Hash Cond: (mc.movie_id = t.id)
              ->  Seq Scan on movie_companies mc  (cost=0.00..44881.29 rows=2609129 width=4) (actual time=0.026..854.763 rows=2609129 loops=1)
              ->  Hash  (cost=67604.59..67604.59 rows=667531 width=4) (actual time=1309.674..1309.674 rows=662825 loops=1)
                    Buckets: 131072  Batches: 16  Memory Usage: 2476kB
                    ->  Seq Scan on title t  (cost=0.00..67604.59 rows=667531 width=4) (actual time=0.013..1110.671 rows=662825 loops=1)
                          Filter: (kind_id = 1)
                          Rows Removed by Filter: 1865487
Planning time: 1.154 ms
Execution time: 37874.808 ms
