Hash Join  (cost=115602.02..475461.40 rows=3751 width=0) (actual time=2472.226..4946.226 rows=4536 loops=1)
  Hash Cond: (mi.movie_id = t.id)
  ->  Seq Scan on movie_info mi  (cost=0.00..346232.03 rows=3623957 width=4) (actual time=1605.851..3563.996 rows=3624977 loops=1)
        Filter: (info_type_id < 4)
        Rows Removed by Filter: 11210743
  ->  Hash  (cost=115569.31..115569.31 rows=2617 width=8) (actual time=865.592..865.592 rows=1592 loops=1)
        Buckets: 4096  Batches: 1  Memory Usage: 95kB
        ->  Nested Loop  (cost=0.43..115569.31 rows=2617 width=8) (actual time=0.928..864.799 rows=1592 loops=1)
              ->  Seq Scan on movie_keyword mk  (cost=0.00..81003.12 rows=4675 width=4) (actual time=0.369..795.835 rows=5617 loops=1)
                    Filter: (keyword_id = 1603)
                    Rows Removed by Filter: 4518313
              ->  Index Scan using title_pkey on title t  (cost=0.43..7.38 rows=1 width=4) (actual time=0.012..0.012 rows=0 loops=5617)
                    Index Cond: (id = mk.movie_id)
                    Filter: ((kind_id > 1) AND (production_year < 2010))
                    Rows Removed by Filter: 1
Planning time: 1.162 ms
Execution time: 4947.194 ms
