Hash Join  (cost=71408.55..967038.06 rows=724810 width=0) (actual time=5802.627..13868.930 rows=1032603 loops=1)
  Hash Cond: (ci.movie_id = t.id)
  ->  Seq Scan on cast_info ci  (cost=0.00..796071.18 rows=7905128 width=4) (actual time=5115.951..9866.078 rows=9553385 loops=1)
        Filter: ((person_id > 1254280) AND (role_id > 3))
        Rows Removed by Filter: 26690959
  ->  Hash  (cost=67604.59..67604.59 rows=231837 width=4) (actual time=685.942..685.942 rows=231649 loops=1)
        Buckets: 131072  Batches: 4  Memory Usage: 3076kB
        ->  Seq Scan on title t  (cost=0.00..67604.59 rows=231837 width=4) (actual time=0.016..624.584 rows=231649 loops=1)
              Filter: (production_year > 2011)
              Rows Removed by Filter: 2296663
Planning time: 0.778 ms
Execution time: 13962.928 ms
