Hash Join  (cost=83810.17..220425.02 rows=1306887 width=0) (actual time=976.886..4507.072 rows=2874117 loops=1)
  Hash Cond: (mk.movie_id = t.id)
  ->  Seq Scan on movie_keyword mk  (cost=0.00..81003.12 rows=3345559 width=4) (actual time=0.024..1269.537 rows=3335369 loops=1)
        Filter: (keyword_id < 15576)
        Rows Removed by Filter: 1188561
  ->  Hash  (cost=67604.59..67604.59 rows=987727 width=4) (actual time=975.889..975.889 rows=985048 loops=1)
        Buckets: 131072  Batches: 16  Memory Usage: 3197kB
        ->  Seq Scan on title t  (cost=0.00..67604.59 rows=987727 width=4) (actual time=0.036..742.395 rows=985048 loops=1)
              Filter: (kind_id < 7)
              Rows Removed by Filter: 1543264
Planning time: 0.690 ms
Execution time: 4819.824 ms
