Hash Join  (cost=244658.48..866776.56 rows=11610725 width=0) (actual time=3601.058..23013.277 rows=54216430 loops=1)
  Hash Cond: (mi.movie_id = t.id)
  ->  Seq Scan on movie_info mi  (cost=0.00..309384.22 rows=14739122 width=4) (actual time=0.017..3415.721 rows=14835720 loops=1)
  ->  Hash  (cost=211979.43..211979.43 rows=1991844 width=8) (actual time=3599.855..3599.855 rows=1993964 loops=1)
        Buckets: 131072  Batches: 32  Memory Usage: 3513kB
        ->  Hash Join  (cost=102767.86..211979.43 rows=1991844 width=8) (actual time=1033.697..3168.515 rows=1993964 loops=1)
              Hash Cond: (mc.movie_id = t.id)
              ->  Seq Scan on movie_companies mc  (cost=0.00..51404.11 rows=1991844 width=4) (actual time=0.019..645.963 rows=1993964 loops=1)
                    Filter: (company_id > 741)
                    Rows Removed by Filter: 615165
              ->  Hash  (cost=61283.27..61283.27 rows=2528527 width=4) (actual time=1032.582..1032.582 rows=2528312 loops=1)
                    Buckets: 131072  Batches: 64  Memory Usage: 2415kB
                    ->  Seq Scan on title t  (cost=0.00..61283.27 rows=2528527 width=4) (actual time=0.021..500.358 rows=2528312 loops=1)
Planning time: 1.192 ms
Execution time: 27809.681 ms
