Hash Join  (cost=889082.48..977088.21 rows=134770 width=0) (actual time=11340.501..12775.925 rows=699841 loops=1)
  Hash Cond: (mk.movie_id = t.id)
  ->  Seq Scan on movie_keyword mk  (cost=0.00..69693.30 rows=4523930 width=4) (actual time=0.014..593.997 rows=4523930 loops=1)
  ->  Hash  (cost=888140.90..888140.90 rows=75326 width=8) (actual time=11339.792..11339.792 rows=32442 loops=1)
        Buckets: 131072  Batches: 1  Memory Usage: 2292kB
        ->  Hash Join  (cost=85435.26..888140.90 rows=75326 width=8) (actual time=1358.297..11329.558 rows=32442 loops=1)
              Hash Cond: (ci.movie_id = t.id)
              ->  Seq Scan on cast_info ci  (cost=0.00..796071.18 rows=271522 width=4) (actual time=427.118..10263.505 rows=93541 loops=1)
                    Filter: ((person_id < 2871488) AND (role_id > 10))
                    Rows Removed by Filter: 36150803
              ->  Hash  (cost=73925.90..73925.90 rows=701468 width=4) (actual time=930.252..930.252 rows=749931 loops=1)
                    Buckets: 131072  Batches: 16  Memory Usage: 2673kB
                    ->  Seq Scan on title t  (cost=0.00..73925.90 rows=701468 width=4) (actual time=0.024..733.401 rows=749931 loops=1)
                          Filter: ((kind_id < 7) AND (production_year < 2009))
                          Rows Removed by Filter: 1778381
Planning time: 1.143 ms
Execution time: 12848.138 ms
