Nested Loop  (cost=0.43..83072.29 rows=65 width=0) (actual time=0.846..721.450 rows=70 loops=1)
  ->  Seq Scan on movie_keyword mk  (cost=0.00..81003.12 rows=246 width=4) (actual time=0.798..718.536 rows=111 loops=1)
        Filter: (keyword_id = 4280)
        Rows Removed by Filter: 4523819
  ->  Index Scan using title_pkey on title t  (cost=0.43..8.40 rows=1 width=4) (actual time=0.024..0.024 rows=1 loops=111)
        Index Cond: (id = mk.movie_id)
        Filter: (kind_id = 1)
        Rows Removed by Filter: 0
Planning time: 0.794 ms
Execution time: 721.579 ms
