Nested Loop  (cost=0.43..796612.62 rows=21 width=0) (actual time=4134.943..9176.257 rows=7 loops=1)
  ->  Seq Scan on cast_info ci  (cost=0.00..796071.18 rows=64 width=4) (actual time=4134.869..9176.065 rows=7 loops=1)
        Filter: ((role_id > 9) AND (person_id = 68477))
        Rows Removed by Filter: 36244337
  ->  Index Scan using title_pkey on title t  (cost=0.43..8.45 rows=1 width=4) (actual time=0.023..0.023 rows=1 loops=7)
        Index Cond: (id = ci.movie_id)
        Filter: (production_year < 1996)
Planning time: 0.653 ms
Execution time: 9176.327 ms
