Hash Join  (cost=74469.67..133227.78 rows=3646 width=0) (actual time=1139.073..1446.356 rows=291 loops=1)
  Hash Cond: (mc.movie_id = t.id)
  ->  Seq Scan on movie_companies mc  (cost=0.00..57926.93 rows=211925 width=4) (actual time=175.572..607.088 rows=98408 loops=1)
        Filter: ((company_id < 292) AND (company_type_id > 1))
        Rows Removed by Filter: 2510721
  ->  Hash  (cost=73925.90..73925.90 rows=43501 width=4) (actual time=812.991..812.991 rows=39560 loops=1)
        Buckets: 65536  Batches: 1  Memory Usage: 1903kB
        ->  Seq Scan on title t  (cost=0.00..73925.90 rows=43501 width=4) (actual time=259.921..797.664 rows=39560 loops=1)
              Filter: ((kind_id = 1) AND (production_year = 2012))
              Rows Removed by Filter: 2488752
Planning time: 0.786 ms
Execution time: 1446.563 ms
