Hash Join  (cost=78473.92..178243.03 rows=298861 width=0) (actual time=1050.783..2457.089 rows=160326 loops=1)
  Hash Cond: (mk.movie_id = t.id)
  ->  Seq Scan on movie_keyword mk  (cost=0.00..81003.12 rows=1140633 width=4) (actual time=0.019..932.142 rows=1148769 loops=1)
        Filter: (keyword_id < 1322)
        Rows Removed by Filter: 3375161
  ->  Hash  (cost=67604.59..67604.59 rows=662507 width=4) (actual time=1049.662..1049.662 rows=662065 loops=1)
        Buckets: 131072  Batches: 16  Memory Usage: 2488kB
        ->  Seq Scan on title t  (cost=0.00..67604.59 rows=662507 width=4) (actual time=0.015..836.182 rows=662065 loops=1)
              Filter: (production_year > 2008)
              Rows Removed by Filter: 1866247
Planning time: 0.735 ms
Execution time: 2470.105 ms
