Hash Join  (cost=74469.67..156192.28 rows=3156 width=0) (actual time=674.868..1519.453 rows=4365 loops=1)
  Hash Cond: (mk.movie_id = t.id)
  ->  Seq Scan on movie_keyword mk  (cost=0.00..81003.12 rows=183448 width=4) (actual time=0.024..805.398 rows=187709 loops=1)
        Filter: (keyword_id > 71399)
        Rows Removed by Filter: 4336221
  ->  Hash  (cost=73925.90..73925.90 rows=43501 width=4) (actual time=674.321..674.321 rows=39560 loops=1)
        Buckets: 65536  Batches: 1  Memory Usage: 1903kB
        ->  Seq Scan on title t  (cost=0.00..73925.90 rows=43501 width=4) (actual time=0.020..659.448 rows=39560 loops=1)
              Filter: ((kind_id = 1) AND (production_year = 2012))
              Rows Removed by Filter: 2488752
Planning time: 0.780 ms
Execution time: 1520.297 ms
