Seq Scan on movie_keyword mk  (cost=0.00..81003.12 rows=3914684 width=0) (actual time=0.021..1623.196 rows=3911319 loops=1)
  Filter: (keyword_id < 30054)
  Rows Removed by Filter: 612611
Planning time: 0.375 ms
Execution time: 2124.508 ms
