Hash Join  (cost=510035.48..622889.29 rows=812344 width=0) (actual time=6089.531..8925.213 rows=1586571 loops=1)
  Hash Cond: (mk.movie_id = t.id)
  ->  Seq Scan on movie_keyword mk  (cost=0.00..81003.12 rows=1624866 width=4) (actual time=0.024..1000.258 rows=1636433 loops=1)
        Filter: (keyword_id > 9073)
        Rows Removed by Filter: 2887497
  ->  Hash  (cost=489295.91..489295.91 rows=1264125 width=8) (actual time=6088.607..6088.607 rows=1288928 loops=1)
        Buckets: 131072  Batches: 32  Memory Usage: 2594kB
        ->  Hash Join  (cost=102767.86..489295.91 rows=1264125 width=8) (actual time=3310.435..5831.242 rows=1288928 loops=1)
              Hash Cond: (mi.movie_id = t.id)
              ->  Seq Scan on movie_info mi  (cost=0.00..346232.03 rows=1264125 width=4) (actual time=1882.892..3398.616 rows=1288928 loops=1)
                    Filter: (info_type_id = 2)
                    Rows Removed by Filter: 13546792
              ->  Hash  (cost=61283.27..61283.27 rows=2528527 width=4) (actual time=1426.420..1426.420 rows=2528312 loops=1)
                    Buckets: 131072  Batches: 64  Memory Usage: 2425kB
                    ->  Seq Scan on title t  (cost=0.00..61283.27 rows=2528527 width=4) (actual time=0.012..663.543 rows=2528312 loops=1)
Planning time: 1.119 ms
Execution time: 9087.146 ms
