Hash Join  (cost=161131.07..875447.71 rows=12742 width=0) (actual time=2548.262..10902.778 rows=5478 loops=1)
  Hash Cond: (ci.movie_id = t.id)
  ->  Seq Scan on cast_info ci  (cost=0.00..705507.15 rows=1736414 width=4) (actual time=627.070..8732.858 rows=1703543 loops=1)
        Filter: (role_id = 8)
        Rows Removed by Filter: 34540801
  ->  Hash  (cost=160899.13..160899.13 rows=18555 width=8) (actual time=1920.441..1920.441 rows=7417 loops=1)
        Buckets: 32768  Batches: 1  Memory Usage: 546kB
        ->  Hash Join  (cost=74055.54..160899.13 rows=18555 width=8) (actual time=644.199..1917.486 rows=7417 loops=1)
              Hash Cond: (mk.movie_id = t.id)
              ->  Seq Scan on movie_keyword mk  (cost=0.00..69693.30 rows=4523930 width=4) (actual time=0.031..576.101 rows=4523930 loops=1)
              ->  Hash  (cost=73925.90..73925.90 rows=10371 width=4) (actual time=644.025..644.025 rows=24507 loops=1)
                    Buckets: 32768 (originally 16384)  Batches: 1 (originally 1)  Memory Usage: 1118kB
                    ->  Seq Scan on title t  (cost=0.00..73925.90 rows=10371 width=4) (actual time=0.031..636.879 rows=24507 loops=1)
                          Filter: ((kind_id < 7) AND (production_year < 1910))
                          Rows Removed by Filter: 2503805
Planning time: 1.134 ms
Execution time: 10903.723 ms
