Hash Join  (cost=104131.46..950258.90 rows=1684549 width=0) (actual time=8753.661..13423.513 rows=3048958 loops=1)
  Hash Cond: (ci.movie_id = t.id)
  ->  Seq Scan on cast_info ci  (cost=0.00..796071.18 rows=1913154 width=4) (actual time=7494.902..9751.768 rows=3548461 loops=1)
        Filter: ((person_id > 2015094) AND (role_id = 10))
        Rows Removed by Filter: 32695883
  ->  Hash  (cost=67604.59..67604.59 rows=2226390 width=4) (actual time=1257.509..1257.509 rows=2224569 loops=1)
        Buckets: 131072  Batches: 32  Memory Usage: 3463kB
        ->  Seq Scan on title t  (cost=0.00..67604.59 rows=2226390 width=4) (actual time=0.012..745.229 rows=2224569 loops=1)
              Filter: (production_year < 2012)
              Rows Removed by Filter: 303743
Planning time: 0.823 ms
Execution time: 13702.278 ms
