Hash Join  (cost=103687.81..838206.87 rows=122040 width=0) (actual time=1829.393..11460.308 rows=206137 loops=1)
  Hash Cond: (ci.movie_id = t.id)
  ->  Seq Scan on cast_info ci  (cost=0.00..705507.15 rows=7411070 width=4) (actual time=398.147..8345.005 rows=7470334 loops=1)
        Filter: (person_id > 2924938)
        Rows Removed by Filter: 28774010
  ->  Hash  (cost=103167.33..103167.33 rows=41638 width=8) (actual time=1430.793..1430.793 rows=23155 loops=1)
        Buckets: 65536  Batches: 1  Memory Usage: 1417kB
        ->  Hash Join  (cost=71408.55..103167.33 rows=41638 width=8) (actual time=791.802..1421.202 rows=23155 loops=1)
              Hash Cond: (mi_idx.movie_id = t.id)
              ->  Seq Scan on movie_info_idx mi_idx  (cost=0.00..25185.44 rows=454124 width=4) (actual time=0.036..391.876 rows=459925 loops=1)
                    Filter: (info_type_id = 100)
                    Rows Removed by Filter: 920110
              ->  Hash  (cost=67604.59..67604.59 rows=231837 width=4) (actual time=790.704..790.704 rows=231649 loops=1)
                    Buckets: 131072  Batches: 4  Memory Usage: 3076kB
                    ->  Seq Scan on title t  (cost=0.00..67604.59 rows=231837 width=4) (actual time=0.021..713.502 rows=231649 loops=1)
                          Filter: (production_year > 2011)
                          Rows Removed by Filter: 2296663
Planning time: 1.206 ms
Execution time: 11486.885 ms
