Seq Scan on cast_info ci  (cost=0.00..796071.18 rows=346512 width=0) (actual time=7161.686..8957.085 rows=154827 loops=1)
  Filter: ((person_id < 3985960) AND (role_id > 10))
  Rows Removed by Filter: 36089517
Planning time: 0.346 ms
Execution time: 8968.412 ms
