Nested Loop  (cost=0.43..83072.29 rows=177 width=0) (actual time=15.733..814.514 rows=54 loops=1)
  ->  Seq Scan on movie_keyword mk  (cost=0.00..81003.12 rows=246 width=4) (actual time=0.085..810.654 rows=128 loops=1)
        Filter: (keyword_id = 29213)
        Rows Removed by Filter: 4523802
  ->  Index Scan using title_pkey on title t  (cost=0.43..8.40 rows=1 width=4) (actual time=0.028..0.028 rows=0 loops=128)
        Index Cond: (id = mk.movie_id)
        Filter: (production_year > 1987)
        Rows Removed by Filter: 1
Planning time: 0.744 ms
Execution time: 814.633 ms
