Hash Join  (cost=502671.50..1705300.43 rows=16434471 width=0) (actual time=5821.693..26081.323 rows=15692266 loops=1)
  Hash Cond: (ci.movie_id = t.id)
  ->  Seq Scan on cast_info ci  (cost=0.00..614943.12 rows=36225612 width=4) (actual time=0.019..6935.734 rows=36244344 loops=1)
  ->  Hash  (cost=483851.54..483851.54 rows=1147117 width=8) (actual time=5820.717..5820.717 rows=544834 loops=1)
        Buckets: 131072  Batches: 16  Memory Usage: 2302kB
        ->  Hash Join  (cost=95609.53..483851.54 rows=1147117 width=8) (actual time=1414.975..5706.713 rows=544834 loops=1)
              Hash Cond: (mi.movie_id = t.id)
              ->  Seq Scan on movie_info mi  (cost=0.00..346232.03 rows=2194617 width=4) (actual time=226.356..3433.361 rows=2233850 loops=1)
                    Filter: (info_type_id > 16)
                    Rows Removed by Filter: 12601870
              ->  Hash  (cost=73925.90..73925.90 rows=1321650 width=4) (actual time=1187.823..1187.823 rows=1298128 loops=1)
                    Buckets: 131072  Batches: 32  Memory Usage: 2457kB
                    ->  Seq Scan on title t  (cost=0.00..73925.90 rows=1321650 width=4) (actual time=0.029..851.641 rows=1298128 loops=1)
                          Filter: ((kind_id > 1) AND (production_year < 2009))
                          Rows Removed by Filter: 1230184
Planning time: 1.559 ms
Execution time: 27122.145 ms
