Hash Join  (cost=1006876.77..1567776.92 rows=2420052 width=0) (actual time=11483.013..19092.357 rows=807035 loops=1)
  Hash Cond: (mi.movie_id = t.id)
  ->  Seq Scan on movie_info mi  (cost=0.00..309384.22 rows=14739122 width=4) (actual time=0.017..3137.503 rows=14835720 loops=1)
  ->  Hash  (cost=1000065.20..1000065.20 rows=415165 width=8) (actual time=11251.001..11251.001 rows=191831 loops=1)
        Buckets: 131072  Batches: 8  Memory Usage: 1969kB
        ->  Hash Join  (cost=75533.21..1000065.20 rows=415165 width=8) (actual time=987.778..11193.924 rows=191831 loops=1)
              Hash Cond: (ci.movie_id = t.id)
              ->  Seq Scan on cast_info ci  (cost=0.00..796071.18 rows=10717912 width=4) (actual time=4.992..8839.472 rows=4560356 loops=1)
                    Filter: ((person_id < 1621596) AND (role_id > 1))
                    Rows Removed by Filter: 31683988
              ->  Hash  (cost=73925.90..73925.90 rows=97944 width=4) (actual time=935.451..935.451 rows=106247 loops=1)
                    Buckets: 131072  Batches: 2  Memory Usage: 2890kB
                    ->  Seq Scan on title t  (cost=0.00..73925.90 rows=97944 width=4) (actual time=0.026..895.719 rows=106247 loops=1)
                          Filter: ((kind_id = 7) AND (production_year = 2011))
                          Rows Removed by Filter: 2422065
Planning time: 1.212 ms
Execution time: 19165.613 ms
