Hash Join  (cost=73990.99..170426.64 rows=8428 width=0) (actual time=762.953..2182.670 rows=5316 loops=1)
  Hash Cond: (mk.movie_id = t.id)
  ->  Seq Scan on movie_keyword mk  (cost=0.00..81003.12 rows=4092864 width=4) (actual time=0.028..954.551 rows=4097889 loops=1)
        Filter: (keyword_id < 41043)
        Rows Removed by Filter: 426041
  ->  Hash  (cost=73925.90..73925.90 rows=5207 width=4) (actual time=758.540..758.540 rows=7179 loops=1)
        Buckets: 8192  Batches: 1  Memory Usage: 317kB
        ->  Seq Scan on title t  (cost=0.00..73925.90 rows=5207 width=4) (actual time=0.079..755.870 rows=7179 loops=1)
              Filter: ((kind_id > 2) AND (production_year = 1959))
              Rows Removed by Filter: 2521133
Planning time: 0.772 ms
Execution time: 2183.256 ms
