Seq Scan on title t  (cost=0.00..73925.90 rows=76044 width=0) (actual time=0.032..856.386 rows=83961 loops=1)
  Filter: ((production_year > 1967) AND (kind_id = 2))
  Rows Removed by Filter: 2444351
Planning time: 0.356 ms
Execution time: 868.528 ms
