Hash Join  (cost=98384.68..181560.69 rows=876256 width=0) (actual time=1509.588..3318.892 rows=435320 loops=1)
  Hash Cond: (mc.movie_id = t.id)
  ->  Seq Scan on movie_companies mc  (cost=0.00..51404.11 rows=1486224 width=4) (actual time=0.020..824.434 rows=1488322 loops=1)
        Filter: (company_id > 7851)
        Rows Removed by Filter: 1120807
  ->  Hash  (cost=73925.90..73925.90 rows=1490782 width=4) (actual time=1508.580..1508.580 rows=1610602 loops=1)
        Buckets: 131072  Batches: 32  Memory Usage: 2801kB
        ->  Seq Scan on title t  (cost=0.00..73925.90 rows=1490782 width=4) (actual time=0.022..1039.234 rows=1610602 loops=1)
              Filter: ((kind_id > 1) AND (production_year > 1974))
              Rows Removed by Filter: 917710
Planning time: 0.781 ms
Execution time: 3361.364 ms
