Seq Scan on movie_companies mc  (cost=0.00..57926.93 rows=271807 width=0) (actual time=47.942..618.298 rows=406512 loops=1)
  Filter: ((company_id < 561) AND (company_type_id < 2))
  Rows Removed by Filter: 2202617
Planning time: 0.367 ms
Execution time: 665.923 ms
