Nested Loop  (cost=0.43..83072.29 rows=105 width=0) (actual time=10.564..789.589 rows=262 loops=1)
  ->  Seq Scan on movie_keyword mk  (cost=0.00..81003.12 rows=246 width=4) (actual time=10.509..778.620 rows=344 loops=1)
        Filter: (keyword_id = 24213)
        Rows Removed by Filter: 4523586
  ->  Index Scan using title_pkey on title t  (cost=0.43..8.40 rows=1 width=4) (actual time=0.030..0.031 rows=1 loops=344)
        Index Cond: (id = mk.movie_id)
        Filter: (production_year < 2001)
        Rows Removed by Filter: 0
Planning time: 0.787 ms
Execution time: 789.774 ms
