Hash Join  (cost=76440.79..143747.72 rows=113165 width=0) (actual time=874.500..1405.250 rows=97315 loops=1)
  Hash Cond: (mc.movie_id = t.id)
  ->  Seq Scan on movie_companies mc  (cost=0.00..57926.93 rows=531292 width=4) (actual time=0.017..398.460 rows=245923 loops=1)
        Filter: ((company_id > 14120) AND (company_type_id < 2))
        Rows Removed by Filter: 2363206
  ->  Hash  (cost=67604.59..67604.59 rows=538576 width=4) (actual time=873.693..873.693 rows=538190 loops=1)
        Buckets: 131072  Batches: 8  Memory Usage: 3380kB
        ->  Seq Scan on title t  (cost=0.00..67604.59 rows=538576 width=4) (actual time=0.010..725.578 rows=538190 loops=1)
              Filter: (production_year < 1982)
              Rows Removed by Filter: 1990122
Planning time: 0.510 ms
Execution time: 1412.164 ms
