Seq Scan on cast_info ci  (cost=0.00..705507.15 rows=18345106 width=0) (actual time=0.014..7921.919 rows=18514808 loops=1)
  Filter: (person_id > 1756005)
  Rows Removed by Filter: 17729536
Planning time: 0.249 ms
Execution time: 9773.464 ms
