Seq Scan on movie_keyword mk  (cost=0.00..81003.12 rows=246 width=0) (actual time=0.438..758.633 rows=881 loops=1)
  Filter: (keyword_id = 4043)
  Rows Removed by Filter: 4523049
Planning time: 0.239 ms
Execution time: 758.952 ms
