Seq Scan on movie_companies mc  (cost=0.00..57926.93 rows=448817 width=0) (actual time=116.916..729.756 rows=649143 loops=1)
  Filter: ((company_id < 3111) AND (company_type_id < 2))
  Rows Removed by Filter: 1959986
Planning time: 0.233 ms
Execution time: 816.986 ms
