Hash Join  (cost=161499.58..546389.53 rows=181009 width=0) (actual time=1938.508..6608.843 rows=767197 loops=1)
  Hash Cond: (mi.movie_id = t.id)
  ->  Seq Scan on movie_info mi  (cost=0.00..309384.22 rows=14739122 width=4) (actual time=0.020..2137.155 rows=14835720 loops=1)
  ->  Hash  (cost=161111.42..161111.42 rows=31053 width=8) (actual time=1938.234..1938.234 rows=23871 loops=1)
        Buckets: 32768  Batches: 1  Memory Usage: 1189kB
        ->  Hash Join  (cost=74142.85..161111.42 rows=31053 width=8) (actual time=660.851..1931.964 rows=23871 loops=1)
              Hash Cond: (mk.movie_id = t.id)
              ->  Seq Scan on movie_keyword mk  (cost=0.00..69693.30 rows=4523930 width=4) (actual time=0.020..575.210 rows=4523930 loops=1)
              ->  Hash  (cost=73925.90..73925.90 rows=17356 width=4) (actual time=660.536..660.536 rows=18804 loops=1)
                    Buckets: 32768  Batches: 1  Memory Usage: 918kB
                    ->  Seq Scan on title t  (cost=0.00..73925.90 rows=17356 width=4) (actual time=299.326..654.125 rows=18804 loops=1)
                          Filter: ((kind_id = 1) AND (production_year = 2013))
                          Rows Removed by Filter: 2509508
Planning time: 1.199 ms
Execution time: 6687.506 ms
