Nested Loop  (cost=0.43..709671.90 rows=500 width=0) (actual time=210.888..7030.848 rows=77 loops=1)
  ->  Seq Scan on cast_info ci  (cost=0.00..705507.15 rows=500 width=4) (actual time=210.793..7029.610 rows=77 loops=1)
        Filter: (person_id = 2640956)
        Rows Removed by Filter: 36244267
  ->  Index Only Scan using title_pkey on title t  (cost=0.43..8.32 rows=1 width=4) (actual time=0.015..0.015 rows=1 loops=77)
        Index Cond: (id = ci.movie_id)
        Heap Fetches: 77
Planning time: 0.742 ms
Execution time: 7030.966 ms
