Seq Scan on movie_keyword mk  (cost=0.00..81003.12 rows=3680494 width=0) (actual time=0.019..893.916 rows=3674615 loops=1)
  Filter: (keyword_id < 21619)
  Rows Removed by Filter: 849315
Planning time: 0.318 ms
Execution time: 1223.165 ms
