Hash Join  (cost=102767.86..969604.80 rows=6294018 width=0) (actual time=1222.144..12925.340 rows=6192530 loops=1)
  Hash Cond: (ci.movie_id = t.id)
  ->  Seq Scan on cast_info ci  (cost=0.00..705507.15 rows=6294018 width=4) (actual time=60.870..7930.461 rows=6192530 loops=1)
        Filter: (person_id < 597144)
        Rows Removed by Filter: 30051814
  ->  Hash  (cost=61283.27..61283.27 rows=2528527 width=4) (actual time=1159.803..1159.803 rows=2528312 loops=1)
        Buckets: 131072  Batches: 64  Memory Usage: 2415kB
        ->  Seq Scan on title t  (cost=0.00..61283.27 rows=2528527 width=4) (actual time=0.018..561.892 rows=2528312 loops=1)
Planning time: 0.502 ms
Execution time: 13423.000 ms
