Hash Join  (cost=74710.74..857747.46 rows=481496 width=0) (actual time=631.327..12154.303 rows=405862 loops=1)
  Hash Cond: (ci.movie_id = t.id)
  ->  Seq Scan on cast_info ci  (cost=0.00..705507.15 rows=19390563 width=4) (actual time=0.012..7166.049 rows=19299222 loops=1)
        Filter: (person_id < 1929557)
        Rows Removed by Filter: 16945122
  ->  Hash  (cost=73925.90..73925.90 rows=62787 width=4) (actual time=630.964..630.964 rows=53770 loops=1)
        Buckets: 65536  Batches: 1  Memory Usage: 2403kB
        ->  Seq Scan on title t  (cost=0.00..73925.90 rows=62787 width=4) (actual time=0.085..614.315 rows=53770 loops=1)
              Filter: ((kind_id < 7) AND (production_year = 2011))
              Rows Removed by Filter: 2474542
Planning time: 0.582 ms
Execution time: 12202.799 ms
