Hash Join  (cost=197195.80..656260.73 rows=935047 width=0) (actual time=4673.528..20016.855 rows=17724045 loops=1)
  Hash Cond: (mi.movie_id = t.id)
  ->  Seq Scan on movie_info mi  (cost=0.00..346232.03 rows=8859586 width=4) (actual time=65.790..6705.597 rows=8966694 loops=1)
        Filter: (info_type_id < 15)
        Rows Removed by Filter: 5869026
  ->  Hash  (cost=192817.03..192817.03 rows=266862 width=8) (actual time=4605.091..4605.091 rows=865478 loops=1)
        Buckets: 131072 (originally 131072)  Batches: 16 (originally 4)  Memory Usage: 3266kB
        ->  Hash Join  (cost=78204.40..192817.03 rows=266862 width=8) (actual time=1215.894..4338.154 rows=865478 loops=1)
              Hash Cond: (mk.movie_id = t.id)
              ->  Seq Scan on movie_keyword mk  (cost=0.00..81003.12 rows=2587701 width=4) (actual time=0.038..1719.188 rows=2574170 loops=1)
                    Filter: (keyword_id > 3379)
                    Rows Removed by Filter: 1949760
              ->  Hash  (cost=73925.90..73925.90 rows=260760 width=4) (actual time=1214.977..1214.977 rows=373942 loops=1)
                    Buckets: 131072 (originally 131072)  Batches: 8 (originally 4)  Memory Usage: 3073kB
                    ->  Seq Scan on title t  (cost=0.00..73925.90 rows=260760 width=4) (actual time=0.033..1092.037 rows=373942 loops=1)
                          Filter: ((kind_id < 7) AND (production_year < 1989))
                          Rows Removed by Filter: 2154370
Planning time: 0.822 ms
Execution time: 22110.882 ms
