Seq Scan on movie_companies mc  (cost=0.00..57926.93 rows=810400 width=0) (actual time=80.078..600.469 rows=1113157 loops=1)
  Filter: ((company_id < 17888) AND (company_type_id < 2))
  Rows Removed by Filter: 1495972
Planning time: 0.222 ms
Execution time: 708.473 ms
