Seq Scan on movie_companies mc  (cost=0.00..51404.11 rows=104 width=0) (actual time=0.739..563.122 rows=1883 loops=1)
  Filter: (company_id = 4226)
  Rows Removed by Filter: 2607246
Planning time: 0.349 ms
Execution time: 563.485 ms
