Hash Join  (cost=129426.04..883669.67 rows=345447 width=0) (actual time=2061.467..18415.296 rows=1543 loops=1)
  Hash Cond: (ci.movie_id = t.id)
  ->  Seq Scan on cast_info ci  (cost=0.00..614943.12 rows=36225612 width=4) (actual time=0.011..9173.252 rows=36244344 loops=1)
  ->  Hash  (cost=129124.64..129124.64 rows=24112 width=8) (actual time=2057.005..2057.005 rows=139 loops=1)
        Buckets: 32768  Batches: 1  Memory Usage: 262kB
        ->  Hash Join  (cost=74217.99..129124.64 rows=24112 width=8) (actual time=1057.306..2056.580 rows=139 loops=1)
              Hash Cond: (mc.movie_id = t.id)
              ->  Seq Scan on movie_companies mc  (cost=0.00..44881.29 rows=2609129 width=4) (actual time=0.011..548.474 rows=2609129 loops=1)
              ->  Hash  (cost=73925.90..73925.90 rows=23367 width=4) (actual time=1050.130..1050.130 rows=122 loops=1)
                    Buckets: 32768  Batches: 1  Memory Usage: 261kB
                    ->  Seq Scan on title t  (cost=0.00..73925.90 rows=23367 width=4) (actual time=16.481..1049.978 rows=122 loops=1)
                          Filter: ((production_year < 1980) AND (kind_id = 4))
                          Rows Removed by Filter: 2528190
Planning time: 1.201 ms
Execution time: 18416.269 ms
