Hash Join  (cost=1238547.83..2530284.00 rows=60553612 width=0) (actual time=15277.317..46099.415 rows=141506277 loops=1)
  Hash Cond: (mi.movie_id = t.id)
  ->  Seq Scan on movie_info mi  (cost=0.00..309384.22 rows=14739122 width=4) (actual time=0.011..3416.130 rows=14835720 loops=1)
  ->  Hash  (cost=1068117.60..1068117.60 rows=10388098 width=8) (actual time=15275.669..15275.669 rows=10401254 loops=1)
        Buckets: 131072  Batches: 256  Memory Usage: 2685kB
        ->  Hash Join  (cost=102767.86..1068117.60 rows=10388098 width=8) (actual time=3070.430..13176.027 rows=10401254 loops=1)
              Hash Cond: (ci.movie_id = t.id)
              ->  Seq Scan on cast_info ci  (cost=0.00..705507.15 rows=10388098 width=4) (actual time=1975.849..6773.128 rows=10401254 loops=1)
                    Filter: (person_id > 2670662)
                    Rows Removed by Filter: 25843090
              ->  Hash  (cost=61283.27..61283.27 rows=2528527 width=4) (actual time=1093.635..1093.635 rows=2528312 loops=1)
                    Buckets: 131072  Batches: 64  Memory Usage: 2415kB
                    ->  Seq Scan on title t  (cost=0.00..61283.27 rows=2528527 width=4) (actual time=0.022..524.354 rows=2528312 loops=1)
Planning time: 0.837 ms
Execution time: 55187.189 ms
