Seq Scan on movie_keyword mk  (cost=0.00..81003.12 rows=246 width=0) (actual time=1.143..735.497 rows=557 loops=1)
  Filter: (keyword_id = 6708)
  Rows Removed by Filter: 4523373
Planning time: 0.278 ms
Execution time: 735.739 ms
