Seq Scan on movie_keyword mk  (cost=0.00..81003.12 rows=246 width=0) (actual time=7.824..846.628 rows=88 loops=1)
  Filter: (keyword_id = 1547)
  Rows Removed by Filter: 4523842
Planning time: 0.343 ms
Execution time: 846.754 ms
