Hash Join  (cost=83074.06..833876.55 rows=1336 width=0) (actual time=5461.574..10646.039 rows=2 loops=1)
  Hash Cond: (ci.movie_id = t.id)
  ->  Seq Scan on cast_info ci  (cost=0.00..614943.12 rows=36225612 width=4) (actual time=0.022..4603.044 rows=36244344 loops=1)
  ->  Hash  (cost=83072.90..83072.90 rows=93 width=8) (actual time=935.287..935.287 rows=1 loops=1)
        Buckets: 1024  Batches: 1  Memory Usage: 9kB
        ->  Nested Loop  (cost=0.43..83072.90 rows=93 width=8) (actual time=836.624..935.279 rows=1 loops=1)
              ->  Seq Scan on movie_keyword mk  (cost=0.00..81003.12 rows=246 width=4) (actual time=6.003..930.066 rows=245 loops=1)
                    Filter: (keyword_id = 56850)
                    Rows Removed by Filter: 4523685
              ->  Index Scan using title_pkey on title t  (cost=0.43..8.40 rows=1 width=4) (actual time=0.020..0.020 rows=0 loops=245)
                    Index Cond: (id = mk.movie_id)
                    Filter: ((production_year > 1996) AND (kind_id = 7))
                    Rows Removed by Filter: 1
Planning time: 1.152 ms
Execution time: 10646.149 ms
