Hash Join  (cost=83074.74..431000.37 rows=44 width=0) (actual time=3063.057..3492.042 rows=15 loops=1)
  Hash Cond: (mi.movie_id = t.id)
  ->  Seq Scan on movie_info mi  (cost=0.00..346232.03 rows=451508 width=4) (actual time=2267.332..2706.787 rows=474443 loops=1)
        Filter: (info_type_id = 6)
        Rows Removed by Filter: 14361277
  ->  Hash  (cost=83071.67..83071.67 rows=246 width=8) (actual time=744.418..744.418 rows=16 loops=1)
        Buckets: 1024  Batches: 1  Memory Usage: 9kB
        ->  Nested Loop  (cost=0.43..83071.67 rows=246 width=8) (actual time=347.556..744.393 rows=16 loops=1)
              ->  Seq Scan on movie_keyword mk  (cost=0.00..81003.12 rows=246 width=4) (actual time=347.463..743.819 rows=16 loops=1)
                    Filter: (keyword_id = 90485)
                    Rows Removed by Filter: 4523914
              ->  Index Only Scan using title_pkey on title t  (cost=0.43..8.40 rows=1 width=4) (actual time=0.030..0.031 rows=1 loops=16)
                    Index Cond: (id = mk.movie_id)
                    Heap Fetches: 16
Planning time: 0.802 ms
Execution time: 3492.142 ms
