Hash Join  (cost=82008.92..191344.76 rows=380813 width=0) (actual time=818.288..2790.092 rows=595952 loops=1)
  Hash Cond: (mk.movie_id = t.id)
  ->  Seq Scan on movie_keyword mk  (cost=0.00..81003.12 rows=1954557 width=4) (actual time=0.025..1151.440 rows=1964384 loops=1)
        Filter: (keyword_id < 3434)
        Rows Removed by Filter: 2559546
  ->  Hash  (cost=73925.90..73925.90 rows=492641 width=4) (actual time=817.347..817.347 rows=420285 loops=1)
        Buckets: 131072  Batches: 8  Memory Usage: 2876kB
        ->  Seq Scan on title t  (cost=0.00..73925.90 rows=492641 width=4) (actual time=0.039..704.155 rows=420285 loops=1)
              Filter: ((kind_id < 7) AND (production_year > 2002))
              Rows Removed by Filter: 2108027
Planning time: 0.794 ms
Execution time: 2836.879 ms
