Seq Scan on movie_companies mc  (cost=0.00..51404.11 rows=504937 width=0) (actual time=0.020..542.501 rows=501432 loops=1)
  Filter: (company_id < 452)
  Rows Removed by Filter: 2107697
Planning time: 0.215 ms
Execution time: 599.553 ms
