Seq Scan on movie_keyword mk  (cost=0.00..81003.12 rows=246 width=0) (actual time=2.231..743.190 rows=286 loops=1)
  Filter: (keyword_id = 6263)
  Rows Removed by Filter: 4523644
Planning time: 0.369 ms
Execution time: 743.372 ms
