Seq Scan on movie_keyword mk  (cost=0.00..81003.12 rows=3795063 width=0) (actual time=0.017..832.432 rows=3785965 loops=1)
  Filter: (keyword_id < 25533)
  Rows Removed by Filter: 737965
Planning time: 0.229 ms
Execution time: 1146.263 ms
