Seq Scan on movie_keyword mk  (cost=0.00..81003.12 rows=246 width=12) (actual time=9.755..1363.850 rows=194 loops=1)
  Filter: (keyword_id = 3515)
  Rows Removed by Filter: 4523736
Planning time: 0.583 ms
Execution time: 1363.911 ms
