Hash Join  (cost=178500.95..931709.77 rows=241965 width=0) (actual time=2769.424..11959.822 rows=478883 loops=1)
  Hash Cond: (ci.movie_id = t.id)
  ->  Seq Scan on cast_info ci  (cost=0.00..614943.12 rows=36225612 width=4) (actual time=0.023..3812.675 rows=36244344 loops=1)
  ->  Hash  (cost=178289.84..178289.84 rows=16889 width=8) (actual time=2769.172..2769.172 rows=14120 loops=1)
        Buckets: 32768  Batches: 1  Memory Usage: 808kB
        ->  Nested Loop  (cost=0.43..178289.84 rows=16889 width=8) (actual time=0.121..2763.331 rows=14120 loops=1)
              ->  Seq Scan on movie_keyword mk  (cost=0.00..81003.12 rows=16889 width=4) (actual time=0.075..685.640 rows=14120 loops=1)
                    Filter: (keyword_id = 1382)
                    Rows Removed by Filter: 4509810
              ->  Index Only Scan using title_pkey on title t  (cost=0.43..5.75 rows=1 width=4) (actual time=0.146..0.147 rows=1 loops=14120)
                    Index Cond: (id = mk.movie_id)
                    Heap Fetches: 14120
Planning time: 1.183 ms
Execution time: 12010.943 ms
