Hash Join  (cost=73963.13..131068.49 rows=1785 width=0) (actual time=647.693..1194.090 rows=1374 loops=1)
  Hash Cond: (mc.movie_id = t.id)
  ->  Seq Scan on movie_companies mc  (cost=0.00..51404.11 rows=1515573 width=4) (actual time=0.026..416.868 rows=1522613 loops=1)
        Filter: (company_id > 7126)
        Rows Removed by Filter: 1086516
  ->  Hash  (cost=73925.90..73925.90 rows=2978 width=4) (actual time=646.491..646.491 rows=1136 loops=1)
        Buckets: 4096  Batches: 1  Memory Usage: 72kB
        ->  Seq Scan on title t  (cost=0.00..73925.90 rows=2978 width=4) (actual time=0.474..645.861 rows=1136 loops=1)
              Filter: ((kind_id = 4) AND (production_year = 2013))
              Rows Removed by Filter: 2527176
Planning time: 1.036 ms
Execution time: 1194.378 ms
