Seq Scan on movie_keyword mk  (cost=0.00..81003.12 rows=1353831 width=0) (actual time=0.023..878.152 rows=1369240 loops=1)
  Filter: (keyword_id < 1803)
  Rows Removed by Filter: 3154690
Planning time: 0.185 ms
Execution time: 1018.835 ms
