Hash Join  (cost=75292.52..203122.68 rows=128742 width=0) (actual time=690.273..2193.534 rows=73884 loops=1)
  Hash Cond: (mk.movie_id = t.id)
  ->  Seq Scan on movie_keyword mk  (cost=0.00..81003.12 rows=3910298 width=4) (actual time=0.029..809.399 rows=3909874 loops=1)
        Filter: (keyword_id < 29804)
        Rows Removed by Filter: 614056
  ->  Hash  (cost=73925.90..73925.90 rows=83249 width=4) (actual time=689.230..689.230 rows=101793 loops=1)
        Buckets: 131072  Batches: 2  Memory Usage: 2809kB
        ->  Seq Scan on title t  (cost=0.00..73925.90 rows=83249 width=4) (actual time=0.022..659.545 rows=101793 loops=1)
              Filter: ((kind_id > 1) AND (production_year = 2007))
              Rows Removed by Filter: 2426519
Planning time: 0.678 ms
Execution time: 2199.100 ms
