Nested Loop  (cost=0.43..52283.69 rows=104 width=0) (actual time=302.668..630.529 rows=301 loops=1)
  ->  Seq Scan on movie_companies mc  (cost=0.00..51404.11 rows=104 width=4) (actual time=302.532..623.392 rows=301 loops=1)
        Filter: (company_id = 12242)
        Rows Removed by Filter: 2608828
  ->  Index Only Scan using title_pkey on title t  (cost=0.43..8.45 rows=1 width=4) (actual time=0.022..0.023 rows=1 loops=301)
        Index Cond: (id = mc.movie_id)
        Heap Fetches: 301
Planning time: 0.696 ms
Execution time: 630.691 ms
