Hash Join  (cost=73982.55..160721.67 rows=8108 width=0) (actual time=2051.234..3156.425 rows=4117 loops=1)
  Hash Cond: (mk.movie_id = t.id)
  ->  Seq Scan on movie_keyword mk  (cost=0.00..69693.30 rows=4523930 width=4) (actual time=0.009..1152.893 rows=4523930 loops=1)
  ->  Hash  (cost=73925.90..73925.90 rows=4532 width=4) (actual time=1167.529..1167.529 rows=7858 loops=1)
        Buckets: 8192  Batches: 1  Memory Usage: 341kB
        ->  Seq Scan on title t  (cost=0.00..73925.90 rows=4532 width=4) (actual time=0.060..1163.776 rows=7858 loops=1)
              Filter: ((kind_id = 7) AND (production_year = 1975))
              Rows Removed by Filter: 2520454
Planning time: 0.552 ms
Execution time: 3157.048 ms
