Hash Join  (cost=76243.83..921882.14 rows=225929 width=0) (actual time=4017.373..9062.271 rows=412801 loops=1)
  Hash Cond: (ci.movie_id = t.id)
  ->  Seq Scan on cast_info ci  (cost=0.00..796071.18 rows=4043691 width=4) (actual time=3343.972..6261.922 rows=8231934 loops=1)
        Filter: ((person_id < 1122354) AND (role_id = 1))
        Rows Removed by Filter: 28012410
  ->  Hash  (cost=73925.90..73925.90 rows=141274 width=4) (actual time=672.612..672.612 rows=150659 loops=1)
        Buckets: 131072  Batches: 2  Memory Usage: 3673kB
        ->  Seq Scan on title t  (cost=0.00..73925.90 rows=141274 width=4) (actual time=0.042..629.624 rows=150659 loops=1)
              Filter: ((production_year > 2011) AND (kind_id = 7))
              Rows Removed by Filter: 2377653
Planning time: 0.787 ms
Execution time: 9093.473 ms
