Hash Join  (cost=227099.13..393150.13 rows=3151305 width=0) (actual time=3388.090..7968.190 rows=21772539 loops=1)
  Hash Cond: (mk.movie_id = t.id)
  ->  Seq Scan on movie_keyword mk  (cost=0.00..69693.30 rows=4523930 width=4) (actual time=0.024..660.454 rows=4523930 loops=1)
  ->  Hash  (cost=198201.43..198201.43 rows=1761336 width=8) (actual time=3387.310..3387.310 rows=1458199 loops=1)
        Buckets: 131072  Batches: 32  Memory Usage: 2849kB
        ->  Hash Join  (cost=95609.14..198201.43 rows=1761336 width=8) (actual time=1173.782..3042.536 rows=1458199 loops=1)
              Hash Cond: (mc.movie_id = t.id)
              ->  Seq Scan on movie_companies mc  (cost=0.00..44881.29 rows=2609129 width=4) (actual time=0.031..415.922 rows=2609129 loops=1)
              ->  Hash  (cost=67604.59..67604.59 rows=1706924 width=4) (actual time=1172.768..1172.768 rows=1700316 loops=1)
                    Buckets: 131072  Batches: 32  Memory Usage: 2895kB
                    ->  Seq Scan on title t  (cost=0.00..67604.59 rows=1706924 width=4) (actual time=0.019..756.948 rows=1700316 loops=1)
                          Filter: (production_year > 1992)
                          Rows Removed by Filter: 827996
Planning time: 1.069 ms
Execution time: 9322.668 ms
