Hash Join  (cost=83072.30..904546.42 rows=2 width=0) (actual time=3311.088..7825.107 rows=6 loops=1)
  Hash Cond: (ci.movie_id = t.id)
  ->  Seq Scan on cast_info ci  (cost=0.00..796071.18 rows=6774110 width=4) (actual time=1980.171..6477.779 rows=8878367 loops=1)
        Filter: ((person_id > 1583366) AND (role_id > 3))
        Rows Removed by Filter: 27365977
  ->  Hash  (cost=83072.29..83072.29 rows=1 width=8) (actual time=614.204..614.204 rows=1 loops=1)
        Buckets: 1024  Batches: 1  Memory Usage: 9kB
        ->  Nested Loop  (cost=0.43..83072.29 rows=1 width=8) (actual time=380.668..614.195 rows=1 loops=1)
              ->  Seq Scan on movie_keyword mk  (cost=0.00..81003.12 rows=246 width=4) (actual time=3.937..610.743 rows=165 loops=1)
                    Filter: (keyword_id = 11955)
                    Rows Removed by Filter: 4523765
              ->  Index Scan using title_pkey on title t  (cost=0.43..8.40 rows=1 width=4) (actual time=0.020..0.020 rows=0 loops=165)
                    Index Cond: (id = mk.movie_id)
                    Filter: (production_year = 1964)
                    Rows Removed by Filter: 1
Planning time: 0.765 ms
Execution time: 7825.229 ms
