Hash Join  (cost=197995.50..1047402.20 rows=187420 width=0) (actual time=4853.734..9630.446 rows=967798 loops=1)
  Hash Cond: (ci.movie_id = t.id)
  ->  Seq Scan on cast_info ci  (cost=0.00..796071.18 rows=4414219 width=4) (actual time=3253.739..7233.513 rows=2609347 loops=1)
        Filter: ((person_id < 3663966) AND (role_id > 9))
        Rows Removed by Filter: 33634997
  ->  Hash  (cost=196233.53..196233.53 rows=107357 width=8) (actual time=1599.341..1599.341 rows=106552 loops=1)
        Buckets: 131072  Batches: 2  Memory Usage: 3106kB
        ->  Hash Join  (cost=102767.86..196233.53 rows=107357 width=8) (actual time=840.785..1581.140 rows=106552 loops=1)
              Hash Cond: (mk.movie_id = t.id)
              ->  Seq Scan on movie_keyword mk  (cost=0.00..81003.12 rows=107357 width=4) (actual time=0.027..500.825 rows=106552 loops=1)
                    Filter: (keyword_id > 80837)
                    Rows Removed by Filter: 4417378
              ->  Hash  (cost=61283.27..61283.27 rows=2528527 width=4) (actual time=838.449..838.449 rows=2528312 loops=1)
                    Buckets: 131072  Batches: 64  Memory Usage: 2425kB
                    ->  Seq Scan on title t  (cost=0.00..61283.27 rows=2528527 width=4) (actual time=0.017..412.050 rows=2528312 loops=1)
Planning time: 0.724 ms
Execution time: 9701.361 ms
