Hash Join  (cost=82997.89..143417.97 rows=5273 width=0) (actual time=648.486..1095.095 rows=4928 loops=1)
  Hash Cond: (mc.movie_id = t.id)
  ->  Seq Scan on movie_companies mc  (cost=0.00..57926.93 rows=24110 width=4) (actual time=0.148..390.179 rows=5188 loops=1)
        Filter: ((company_type_id > 1) AND (company_id = 19))
        Rows Removed by Filter: 2603941
  ->  Hash  (cost=73925.90..73925.90 rows=552959 width=4) (actual time=647.435..647.435 rows=424680 loops=1)
        Buckets: 131072  Batches: 8  Memory Usage: 2881kB
        ->  Seq Scan on title t  (cost=0.00..73925.90 rows=552959 width=4) (actual time=0.014..568.419 rows=424680 loops=1)
              Filter: ((kind_id > 1) AND (production_year < 1993))
              Rows Removed by Filter: 2103632
Planning time: 0.447 ms
Execution time: 1095.858 ms
