Nested Loop  (cost=0.43..83072.90 rows=10 width=0) (actual time=13.471..616.160 rows=34 loops=1)
  ->  Seq Scan on movie_keyword mk  (cost=0.00..81003.12 rows=246 width=4) (actual time=2.091..609.604 rows=441 loops=1)
        Filter: (keyword_id = 1859)
        Rows Removed by Filter: 4523489
  ->  Index Scan using title_pkey on title t  (cost=0.43..8.40 rows=1 width=4) (actual time=0.014..0.014 rows=0 loops=441)
        Index Cond: (id = mk.movie_id)
        Filter: ((kind_id < 7) AND (production_year < 1962))
        Rows Removed by Filter: 1
Planning time: 0.706 ms
Execution time: 616.271 ms
