Hash Join  (cost=856303.71..1394742.02 rows=5494938 width=0) (actual time=6381.845..15771.068 rows=22693161 loops=1)
  Hash Cond: (mi.movie_id = t.id)
  ->  Seq Scan on movie_info mi  (cost=0.00..309384.22 rows=14739122 width=4) (actual time=0.007..2306.790 rows=14835720 loops=1)
  ->  Hash  (cost=840837.36..840837.36 rows=942668 width=8) (actual time=6379.399..6379.399 rows=975591 loops=1)
        Buckets: 131072  Batches: 16  Memory Usage: 3429kB
        ->  Hash Join  (cost=102767.86..840837.36 rows=942668 width=8) (actual time=1456.945..6213.693 rows=975591 loops=1)
              Hash Cond: (ci.movie_id = t.id)
              ->  Seq Scan on cast_info ci  (cost=0.00..705507.15 rows=942668 width=4) (actual time=618.436..4737.207 rows=975591 loops=1)
                    Filter: (person_id > 3874237)
                    Rows Removed by Filter: 35268753
              ->  Hash  (cost=61283.27..61283.27 rows=2528527 width=4) (actual time=837.600..837.600 rows=2528312 loops=1)
                    Buckets: 131072  Batches: 64  Memory Usage: 2415kB
                    ->  Seq Scan on title t  (cost=0.00..61283.27 rows=2528527 width=4) (actual time=0.036..418.355 rows=2528312 loops=1)
Planning time: 0.731 ms
Execution time: 17168.144 ms
