Hash Join  (cost=76444.38..196658.68 rows=192575 width=0) (actual time=484.570..1845.683 rows=144251 loops=1)
  Hash Cond: (mk.movie_id = t.id)
  ->  Seq Scan on movie_keyword mk  (cost=0.00..81003.12 rows=3172646 width=4) (actual time=0.019..715.949 rows=3161327 loops=1)
        Filter: (keyword_id < 12309)
        Rows Removed by Filter: 1362603
  ->  Hash  (cost=73925.90..73925.90 rows=153478 width=4) (actual time=483.833..483.833 rows=134760 loops=1)
        Buckets: 131072  Batches: 4  Memory Usage: 2222kB
        ->  Seq Scan on title t  (cost=0.00..73925.90 rows=153478 width=4) (actual time=0.020..457.979 rows=134760 loops=1)
              Filter: ((kind_id < 7) AND (production_year > 2010))
              Rows Removed by Filter: 2393552
Planning time: 0.460 ms
Execution time: 1856.150 ms
