Hash Join  (cost=131131.50..485742.51 rows=60189 width=0) (actual time=1881.084..4491.278 rows=558853 loops=1)
  Hash Cond: (mi.movie_id = t.id)
  ->  Seq Scan on movie_info mi  (cost=0.00..346232.03 rows=2073893 width=4) (actual time=315.850..2182.721 rows=2091068 loops=1)
        Filter: (info_type_id < 3)
        Rows Removed by Filter: 12744652
  ->  Hash  (cost=130214.21..130214.21 rows=73383 width=8) (actual time=1563.957..1563.957 rows=365456 loops=1)
        Buckets: 131072 (originally 131072)  Batches: 2 (originally 1)  Memory Usage: 8190kB
        ->  Hash Join  (cost=74814.85..130214.21 rows=73383 width=8) (actual time=462.918..1487.047 rows=365456 loops=1)
              Hash Cond: (mc.movie_id = t.id)
              ->  Seq Scan on movie_companies mc  (cost=0.00..44881.29 rows=2609129 width=4) (actual time=0.017..254.719 rows=2609129 loops=1)
              ->  Hash  (cost=73925.90..73925.90 rows=71116 width=4) (actual time=462.345..462.345 rows=170723 loops=1)
                    Buckets: 131072 (originally 131072)  Batches: 2 (originally 1)  Memory Usage: 4028kB
                    ->  Seq Scan on title t  (cost=0.00..73925.90 rows=71116 width=4) (actual time=0.009..421.743 rows=170723 loops=1)
                          Filter: ((kind_id < 7) AND (production_year < 1953))
                          Rows Removed by Filter: 2357589
Planning time: 0.788 ms
Execution time: 4528.187 ms
