Hash Join  (cost=709676.96..1074350.67 rows=1778 width=0) (actual time=4869.861..8045.005 rows=414 loops=1)
  Hash Cond: (mi.movie_id = t.id)
  ->  Seq Scan on movie_info mi  (cost=0.00..309384.22 rows=14739122 width=4) (actual time=0.009..1690.551 rows=14835720 loops=1)
  ->  Hash  (cost=709673.15..709673.15 rows=305 width=8) (actual time=4794.573..4794.573 rows=61 loops=1)
        Buckets: 1024  Batches: 1  Memory Usage: 11kB
        ->  Nested Loop  (cost=0.43..709673.15 rows=305 width=8) (actual time=2660.437..4794.500 rows=61 loops=1)
              ->  Seq Scan on cast_info ci  (cost=0.00..705507.15 rows=500 width=4) (actual time=2660.309..4793.347 rows=68 loops=1)
                    Filter: (person_id = 1486888)
                    Rows Removed by Filter: 36244276
              ->  Index Scan using title_pkey on title t  (cost=0.43..8.32 rows=1 width=4) (actual time=0.016..0.016 rows=1 loops=68)
                    Index Cond: (id = ci.movie_id)
                    Filter: (kind_id = 7)
                    Rows Removed by Filter: 0
Planning time: 0.786 ms
Execution time: 8045.161 ms
