Hash Join  (cost=369451.83..1174722.80 rows=25322334 width=0) (actual time=4452.162..39877.704 rows=223969412 loops=1)
  Hash Cond: (mi.movie_id = t.id)
  ->  Seq Scan on movie_info mi  (cost=0.00..309384.22 rows=14739122 width=4) (actual time=0.017..2343.553 rows=14835720 loops=1)
  ->  Hash  (cost=298180.59..298180.59 rows=4344099 width=8) (actual time=4450.701..4450.701 rows=4346186 loops=1)
        Buckets: 131072  Batches: 64  Memory Usage: 3777kB
        ->  Hash Join  (cost=102767.86..298180.59 rows=4344099 width=8) (actual time=880.514..3736.143 rows=4346186 loops=1)
              Hash Cond: (mk.movie_id = t.id)
              ->  Seq Scan on movie_keyword mk  (cost=0.00..81003.12 rows=4344099 width=4) (actual time=0.024..835.745 rows=4346186 loops=1)
                    Filter: (keyword_id < 71728)
                    Rows Removed by Filter: 177744
              ->  Hash  (cost=61283.27..61283.27 rows=2528527 width=4) (actual time=879.021..879.021 rows=2528312 loops=1)
                    Buckets: 131072  Batches: 64  Memory Usage: 2425kB
                    ->  Seq Scan on title t  (cost=0.00..61283.27 rows=2528527 width=4) (actual time=0.026..423.655 rows=2528312 loops=1)
Planning time: 1.023 ms
Execution time: 54269.782 ms
