Nested Loop  (cost=25190.47..106244.59 rows=1 width=0) (actual time=423.641..1147.641 rows=29 loops=1)
  ->  Hash Join  (cost=25190.04..106236.22 rows=1 width=8) (actual time=423.565..1146.659 rows=29 loops=1)
        Hash Cond: (mk.movie_id = mi_idx.movie_id)
        ->  Seq Scan on movie_keyword mk  (cost=0.00..81003.12 rows=246 width=4) (actual time=2.628..818.846 rows=1408 loops=1)
              Filter: (keyword_id = 2108)
              Rows Removed by Filter: 4522522
        ->  Hash  (cost=25185.44..25185.44 rows=368 width=4) (actual time=327.278..327.278 rows=260 loops=1)
              Buckets: 1024  Batches: 1  Memory Usage: 18kB
              ->  Seq Scan on movie_info_idx mi_idx  (cost=0.00..25185.44 rows=368 width=4) (actual time=37.499..327.189 rows=260 loops=1)
                    Filter: (info_type_id > 101)
                    Rows Removed by Filter: 1379775
  ->  Index Only Scan using title_pkey on title t  (cost=0.43..8.36 rows=1 width=4) (actual time=0.030..0.031 rows=1 loops=29)
        Index Cond: (id = mi_idx.movie_id)
        Heap Fetches: 29
Planning time: 1.092 ms
Execution time: 1147.746 ms
