Seq Scan on movie_keyword mk  (cost=0.00..81003.12 rows=56439 width=0) (actual time=0.048..1394.653 rows=57603 loops=1)
  Filter: (keyword_id < 56)
  Rows Removed by Filter: 4466327
Planning time: 0.346 ms
Execution time: 1403.522 ms
