Nested Loop  (cost=0.43..83071.67 rows=246 width=0) (actual time=0.160..497.197 rows=135 loops=1)
  ->  Seq Scan on movie_keyword mk  (cost=0.00..81003.12 rows=246 width=4) (actual time=0.109..494.626 rows=135 loops=1)
        Filter: (keyword_id = 28625)
        Rows Removed by Filter: 4523795
  ->  Index Only Scan using title_pkey on title t  (cost=0.43..8.40 rows=1 width=4) (actual time=0.018..0.018 rows=1 loops=135)
        Index Cond: (id = mk.movie_id)
        Heap Fetches: 135
Planning time: 0.496 ms
Execution time: 497.279 ms
