Hash Join  (cost=83073.64..109984.71 rows=59 width=0) (actual time=488.193..721.462 rows=1361 loops=1)
  Hash Cond: (mi_idx.movie_id = t.id)
  ->  Seq Scan on movie_info_idx mi_idx  (cost=0.00..21735.35 rows=1380035 width=4) (actual time=0.018..112.858 rows=1380035 loops=1)
  ->  Hash  (cost=83072.29..83072.29 rows=108 width=8) (actual time=487.752..487.752 rows=510 loops=1)
        Buckets: 1024  Batches: 1  Memory Usage: 28kB
        ->  Nested Loop  (cost=0.43..83072.29 rows=108 width=8) (actual time=2.850..487.489 rows=510 loops=1)
              ->  Seq Scan on movie_keyword mk  (cost=0.00..81003.12 rows=246 width=4) (actual time=2.817..468.541 rows=1490 loops=1)
                    Filter: (keyword_id = 132)
                    Rows Removed by Filter: 4522440
              ->  Index Scan using title_pkey on title t  (cost=0.43..8.40 rows=1 width=4) (actual time=0.012..0.012 rows=0 loops=1490)
                    Index Cond: (id = mk.movie_id)
                    Filter: (production_year > 2004)
                    Rows Removed by Filter: 1
Planning time: 0.838 ms
Execution time: 721.718 ms
