Seq Scan on movie_companies mc  (cost=0.00..57926.93 rows=422833 width=0) (actual time=109.544..370.913 rows=749967 loops=1)
  Filter: ((company_id > 26388) AND (company_type_id = 2))
  Rows Removed by Filter: 1859162
Planning time: 0.286 ms
Execution time: 418.185 ms
