Hash Join  (cost=797557.90..1162224.09 rows=1026 width=0) (actual time=5625.600..8060.973 rows=5044 loops=1)
  Hash Cond: (mi.movie_id = t.id)
  ->  Seq Scan on movie_info mi  (cost=0.00..309384.22 rows=14739122 width=4) (actual time=0.023..1426.428 rows=14835720 loops=1)
  ->  Hash  (cost=797555.70..797555.70 rows=176 width=8) (actual time=5190.332..5190.332 rows=1793 loops=1)
        Buckets: 2048 (originally 1024)  Batches: 1 (originally 1)  Memory Usage: 87kB
        ->  Nested Loop  (cost=0.43..797555.70 rows=176 width=8) (actual time=302.177..5189.875 rows=1793 loops=1)
              ->  Seq Scan on cast_info ci  (cost=0.00..796071.18 rows=176 width=4) (actual time=302.103..5179.812 rows=1793 loops=1)
                    Filter: ((role_id < 2) AND (person_id = 710270))
                    Rows Removed by Filter: 36242551
              ->  Index Only Scan using title_pkey on title t  (cost=0.43..8.42 rows=1 width=4) (actual time=0.005..0.005 rows=1 loops=1793)
                    Index Cond: (id = ci.movie_id)
                    Heap Fetches: 1793
Planning time: 0.757 ms
Execution time: 8061.386 ms
