Hash Join  (cost=145245.47..988302.42 rows=999359 width=0) (actual time=1114.537..10496.357 rows=1094303 loops=1)
  Hash Cond: (ci.movie_id = t.id)
  ->  Seq Scan on cast_info ci  (cost=0.00..705507.15 rows=34014990 width=4) (actual time=0.018..5227.042 rows=33995073 loops=1)
        Filter: (person_id < 3622332)
        Rows Removed by Filter: 2249271
  ->  Hash  (cost=144316.87..144316.87 rows=74288 width=8) (actual time=1113.909..1113.909 rows=37033 loops=1)
        Buckets: 131072  Batches: 1  Memory Usage: 2471kB
        ->  Hash Join  (cost=76243.83..144316.87 rows=74288 width=8) (actual time=501.241..1106.338 rows=37033 loops=1)
              Hash Cond: (mc.movie_id = t.id)
              ->  Seq Scan on movie_companies mc  (cost=0.00..51404.11 rows=1329612 width=4) (actual time=82.328..399.332 rows=1334883 loops=1)
                    Filter: (company_type_id > 1)
                    Rows Removed by Filter: 1274246
              ->  Hash  (cost=73925.90..73925.90 rows=141274 width=4) (actual time=418.328..418.328 rows=150659 loops=1)
                    Buckets: 131072  Batches: 2  Memory Usage: 3673kB
                    ->  Seq Scan on title t  (cost=0.00..73925.90 rows=141274 width=4) (actual time=0.044..388.142 rows=150659 loops=1)
                          Filter: ((production_year > 2011) AND (kind_id = 7))
                          Rows Removed by Filter: 2377653
Planning time: 0.762 ms
Execution time: 10572.679 ms
