Hash Join  (cost=73982.55..128694.84 rows=4676 width=0) (actual time=1557.553..2477.465 rows=6349 loops=1)
  Hash Cond: (mc.movie_id = t.id)
  ->  Seq Scan on movie_companies mc  (cost=0.00..44881.29 rows=2609129 width=4) (actual time=0.018..672.365 rows=2609129 loops=1)
  ->  Hash  (cost=73925.90..73925.90 rows=4532 width=4) (actual time=1180.544..1180.544 rows=14720 loops=1)
        Buckets: 16384 (originally 8192)  Batches: 1 (originally 1)  Memory Usage: 646kB
        ->  Seq Scan on title t  (cost=0.00..73925.90 rows=4532 width=4) (actual time=215.548..1173.765 rows=14720 loops=1)
              Filter: ((kind_id = 7) AND (production_year = 1992))
              Rows Removed by Filter: 2513592
Planning time: 0.585 ms
Execution time: 2478.499 ms
