Hash Join  (cost=98864.94..175280.75 rows=400767 width=0) (actual time=794.921..1384.938 rows=78485 loops=1)
  Hash Cond: (mc.movie_id = t.id)
  ->  Seq Scan on movie_companies mc  (cost=0.00..57926.93 rows=666641 width=4) (actual time=17.962..383.159 rows=437999 loops=1)
        Filter: ((company_id > 11146) AND (company_type_id < 2))
        Rows Removed by Filter: 2171130
  ->  Hash  (cost=73925.90..73925.90 rows=1520083 width=4) (actual time=776.223..776.223 rows=1507233 loops=1)
        Buckets: 131072  Batches: 32  Memory Usage: 2679kB
        ->  Seq Scan on title t  (cost=0.00..73925.90 rows=1520083 width=4) (actual time=0.016..541.594 rows=1507233 loops=1)
              Filter: ((kind_id > 1) AND (production_year < 2011))
              Rows Removed by Filter: 1021079
Planning time: 0.506 ms
Execution time: 1390.406 ms
