Hash Join  (cost=189820.68..233476.48 rows=347532 width=0) (actual time=2090.475..2746.437 rows=991789 loops=1)
  Hash Cond: (mi_idx.movie_id = t.id)
  ->  Seq Scan on movie_info_idx mi_idx  (cost=0.00..21735.35 rows=1380035 width=4) (actual time=0.017..178.879 rows=1380035 loops=1)
  ->  Hash  (cost=179373.24..179373.24 rows=636755 width=8) (actual time=2089.720..2089.720 rows=629809 loops=1)
        Buckets: 131072  Batches: 16  Memory Usage: 2560kB
        ->  Hash Join  (cost=102767.86..179373.24 rows=636755 width=8) (actual time=1193.416..1992.203 rows=629809 loops=1)
              Hash Cond: (mc.movie_id = t.id)
              ->  Seq Scan on movie_companies mc  (cost=0.00..51404.11 rows=636755 width=4) (actual time=0.017..352.723 rows=629809 loops=1)
                    Filter: (company_id < 836)
                    Rows Removed by Filter: 1979320
              ->  Hash  (cost=61283.27..61283.27 rows=2528527 width=4) (actual time=1191.989..1191.989 rows=2528312 loops=1)
                    Buckets: 131072  Batches: 64  Memory Usage: 2415kB
                    ->  Seq Scan on title t  (cost=0.00..61283.27 rows=2528527 width=4) (actual time=0.012..415.428 rows=2528312 loops=1)
Planning time: 0.675 ms
Execution time: 2806.245 ms
