Hash Join  (cost=163556.51..960578.04 rows=1607 width=0) (actual time=2917.786..5834.157 rows=41713 loops=1)
  Hash Cond: (ci.movie_id = t.id)
  ->  Seq Scan on cast_info ci  (cost=0.00..796071.18 rows=45657 width=4) (actual time=1625.010..4476.442 rows=201436 loops=1)
        Filter: ((person_id > 3069968) AND (role_id = 7))
        Rows Removed by Filter: 36042908
  ->  Hash  (cost=162095.90..162095.90 rows=89009 width=8) (actual time=1291.849..1291.849 rows=164531 loops=1)
        Buckets: 131072 (originally 131072)  Batches: 4 (originally 2)  Memory Usage: 3073kB
        ->  Hash Join  (cost=74547.77..162095.90 rows=89009 width=8) (actual time=421.087..1260.384 rows=164531 loops=1)
              Hash Cond: (mk.movie_id = t.id)
              ->  Seq Scan on movie_keyword mk  (cost=0.00..69693.30 rows=4523930 width=4) (actual time=0.029..360.030 rows=4523930 loops=1)
              ->  Hash  (cost=73925.90..73925.90 rows=49749 width=4) (actual time=420.752..420.752 rows=44012 loops=1)
                    Buckets: 65536  Batches: 1  Memory Usage: 2060kB
                    ->  Seq Scan on title t  (cost=0.00..73925.90 rows=49749 width=4) (actual time=0.076..411.255 rows=44012 loops=1)
                          Filter: ((kind_id < 7) AND (production_year = 2009))
                          Rows Removed by Filter: 2484300
Planning time: 0.757 ms
Execution time: 5837.005 ms
