Seq Scan on movie_companies mc  (cost=0.00..51404.11 rows=701605 width=0) (actual time=0.023..334.389 rows=691559 loops=1)
  Filter: (company_id < 1275)
  Rows Removed by Filter: 1917570
Planning time: 0.261 ms
Execution time: 379.524 ms
