Hash Join  (cost=58375.71..866083.82 rows=345 width=0) (actual time=357.964..7723.102 rows=13915 loops=1)
  Hash Cond: (ci.movie_id = t.id)
  ->  Seq Scan on cast_info ci  (cost=0.00..705507.15 rows=27252668 width=4) (actual time=0.013..4960.844 rows=27253378 loops=1)
        Filter: (person_id < 2797570)
        Rows Removed by Filter: 8990966
  ->  Hash  (cost=58375.31..58375.31 rows=32 width=8) (actual time=357.090..357.090 rows=366 loops=1)
        Buckets: 1024  Batches: 1  Memory Usage: 23kB
        ->  Nested Loop  (cost=0.43..58375.31 rows=32 width=8) (actual time=111.840..356.985 rows=366 loops=1)
              ->  Seq Scan on movie_companies mc  (cost=0.00..57926.93 rows=53 width=4) (actual time=111.798..352.132 rows=459 loops=1)
                    Filter: ((company_type_id > 1) AND (company_id = 2787))
                    Rows Removed by Filter: 2608670
              ->  Index Scan using title_pkey on title t  (cost=0.43..8.45 rows=1 width=4) (actual time=0.010..0.010 rows=1 loops=459)
                    Index Cond: (id = mc.movie_id)
                    Filter: (kind_id = 7)
                    Rows Removed by Filter: 0
Planning time: 0.768 ms
Execution time: 7724.962 ms
