Nested Loop  (cost=0.43..83072.29 rows=201 width=0) (actual time=2.358..486.558 rows=76 loops=1)
  ->  Seq Scan on movie_keyword mk  (cost=0.00..81003.12 rows=246 width=4) (actual time=2.307..484.563 rows=88 loops=1)
        Filter: (keyword_id = 15663)
        Rows Removed by Filter: 4523842
  ->  Index Scan using title_pkey on title t  (cost=0.43..8.40 rows=1 width=4) (actual time=0.020..0.021 rows=1 loops=88)
        Index Cond: (id = mk.movie_id)
        Filter: (production_year < 2011)
        Rows Removed by Filter: 0
Planning time: 0.474 ms
Execution time: 486.656 ms
