Hash Join  (cost=217252.17..1444528.27 rows=18833693 width=0) (actual time=2172.399..22739.551 rows=43580269 loops=1)
  Hash Cond: (ci.movie_id = t.id)
  ->  Seq Scan on cast_info ci  (cost=0.00..614943.12 rows=36225612 width=4) (actual time=0.016..5176.875 rows=36244344 loops=1)
  ->  Hash  (cost=195683.91..195683.91 rows=1314581 width=8) (actual time=2171.454..2171.454 rows=1304592 loops=1)
        Buckets: 131072  Batches: 32  Memory Usage: 2584kB
        ->  Hash Join  (cost=102767.86..195683.91 rows=1314581 width=8) (actual time=811.489..1962.025 rows=1304592 loops=1)
              Hash Cond: (mc.movie_id = t.id)
              ->  Seq Scan on movie_companies mc  (cost=0.00..51404.11 rows=1314581 width=4) (actual time=0.022..404.003 rows=1304592 loops=1)
                    Filter: (company_id < 11319)
                    Rows Removed by Filter: 1304537
              ->  Hash  (cost=61283.27..61283.27 rows=2528527 width=4) (actual time=810.147..810.147 rows=2528312 loops=1)
                    Buckets: 131072  Batches: 64  Memory Usage: 2415kB
                    ->  Seq Scan on title t  (cost=0.00..61283.27 rows=2528527 width=4) (actual time=0.012..417.349 rows=2528312 loops=1)
Planning time: 0.753 ms
Execution time: 25411.670 ms
