Seq Scan on movie_companies mc  (cost=0.00..57926.93 rows=738396 width=0) (actual time=99.073..480.132 rows=957862 loops=1)
  Filter: ((company_id > 9242) AND (company_type_id > 1))
  Rows Removed by Filter: 1651267
Planning time: 0.225 ms
Execution time: 557.051 ms
