Hash Join  (cost=102767.86..184167.13 rows=836010 width=0) (actual time=794.280..1673.362 rows=832150 loops=1)
  Hash Cond: (mc.movie_id = t.id)
  ->  Seq Scan on movie_companies mc  (cost=0.00..51404.11 rows=836010 width=4) (actual time=0.023..372.470 rows=832150 loops=1)
        Filter: (company_id < 2075)
        Rows Removed by Filter: 1776979
  ->  Hash  (cost=61283.27..61283.27 rows=2528527 width=4) (actual time=793.392..793.392 rows=2528312 loops=1)
        Buckets: 131072  Batches: 64  Memory Usage: 2415kB
        ->  Seq Scan on title t  (cost=0.00..61283.27 rows=2528527 width=4) (actual time=0.017..406.257 rows=2528312 loops=1)
Planning time: 0.528 ms
Execution time: 1725.009 ms
