Hash Join  (cost=219762.66..746631.62 rows=2684013 width=0) (actual time=2863.153..16522.500 rows=70177784 loops=1)
  Hash Cond: (mi.movie_id = t.id)
  ->  Seq Scan on movie_info mi  (cost=0.00..309384.22 rows=14739122 width=4) (actual time=0.011..2182.221 rows=14835720 loops=1)
  ->  Hash  (cost=212208.06..212208.06 rows=460448 width=8) (actual time=2862.570..2862.570 rows=1463726 loops=1)
        Buckets: 131072 (originally 131072)  Batches: 32 (originally 8)  Memory Usage: 3073kB
        ->  Hash Join  (cost=78641.77..212208.06 rows=460448 width=8) (actual time=546.988..2604.135 rows=1463726 loops=1)
              Hash Cond: (mk.movie_id = t.id)
              ->  Seq Scan on movie_keyword mk  (cost=0.00..81003.12 rows=4050584 width=4) (actual time=0.023..822.045 rows=4054439 loops=1)
                    Filter: (keyword_id < 37883)
                    Rows Removed by Filter: 469491
              ->  Hash  (cost=73925.90..73925.90 rows=287429 width=4) (actual time=546.414..546.414 rows=401493 loops=1)
                    Buckets: 131072 (originally 131072)  Batches: 8 (originally 4)  Memory Usage: 3073kB
                    ->  Seq Scan on title t  (cost=0.00..73925.90 rows=287429 width=4) (actual time=0.030..464.736 rows=401493 loops=1)
                          Filter: ((kind_id < 7) AND (production_year < 1992))
                          Rows Removed by Filter: 2126819
Planning time: 0.671 ms
Execution time: 20574.428 ms
