Hash Join  (cost=114385.80..201872.72 rows=82888 width=0) (actual time=946.933..2094.512 rows=564675 loops=1)
  Hash Cond: (mk.movie_id = t.id)
  ->  Seq Scan on movie_keyword mk  (cost=0.00..69693.30 rows=4523930 width=4) (actual time=0.021..384.058 rows=4523930 loops=1)
  ->  Hash  (cost=113806.70..113806.70 rows=46328 width=8) (actual time=946.554..946.554 rows=82320 loops=1)
        Buckets: 131072 (originally 65536)  Batches: 2 (originally 1)  Memory Usage: 3073kB
        ->  Hash Join  (cost=75318.94..113806.70 rows=46328 width=8) (actual time=500.465..929.298 rows=82320 loops=1)
              Hash Cond: (mi_idx.movie_id = t.id)
              ->  Seq Scan on movie_info_idx mi_idx  (cost=0.00..21735.35 rows=1380035 width=4) (actual time=0.014..179.887 rows=1380035 loops=1)
              ->  Hash  (cost=73925.90..73925.90 rows=84883 width=4) (actual time=477.570..477.570 rows=117106 loops=1)
                    Buckets: 131072  Batches: 2  Memory Usage: 3081kB
                    ->  Seq Scan on title t  (cost=0.00..73925.90 rows=84883 width=4) (actual time=0.014..453.224 rows=117106 loops=1)
                          Filter: ((production_year > 1984) AND (kind_id = 4))
                          Rows Removed by Filter: 2411206
Planning time: 0.668 ms
Execution time: 2128.853 ms
