Hash Join  (cost=80827.88..586797.36 rows=2451955 width=0) (actual time=1615.515..14179.998 rows=1245928 loops=1)
  Hash Cond: (mi.movie_id = t.id)
  ->  Seq Scan on movie_info mi  (cost=0.00..309384.22 rows=14739122 width=4) (actual time=0.016..6171.237 rows=14835720 loops=1)
  ->  Hash  (cost=73925.90..73925.90 rows=420638 width=4) (actual time=1318.906..1318.906 rows=301535 loops=1)
        Buckets: 131072  Batches: 8  Memory Usage: 2343kB
        ->  Seq Scan on title t  (cost=0.00..73925.90 rows=420638 width=4) (actual time=68.230..1215.005 rows=301535 loops=1)
              Filter: ((production_year < 1990) AND (kind_id = 7))
              Rows Removed by Filter: 2226777
Planning time: 0.836 ms
Execution time: 14310.256 ms
