Hash Join  (cost=94978.31..1429691.06 rows=18088847 width=0) (actual time=937.163..19870.245 rows=19446119 loops=1)
  Hash Cond: (ci.movie_id = t.id)
  ->  Seq Scan on cast_info ci  (cost=0.00..796071.18 rows=27413419 width=4) (actual time=0.019..8187.627 rows=29513656 loops=1)
        Filter: ((person_id < 3198235) AND (role_id < 10))
        Rows Removed by Filter: 6730688
  ->  Hash  (cost=67604.59..67604.59 rows=1668458 width=4) (actual time=936.514..936.514 rows=1671292 loops=1)
        Buckets: 131072  Batches: 32  Memory Usage: 2858kB
        ->  Seq Scan on title t  (cost=0.00..67604.59 rows=1668458 width=4) (actual time=0.021..608.884 rows=1671292 loops=1)
              Filter: (production_year < 2008)
              Rows Removed by Filter: 857020
Planning time: 0.581 ms
Execution time: 21082.531 ms
