Hash Join  (cost=78556.72..184298.83 rows=411368 width=0) (actual time=505.951..1700.484 rows=993347 loops=1)
  Hash Cond: (mk.movie_id = t.id)
  ->  Seq Scan on movie_keyword mk  (cost=0.00..81003.12 rows=1558213 width=4) (actual time=0.021..620.601 rows=1564182 loops=1)
        Filter: (keyword_id < 2349)
        Rows Removed by Filter: 2959748
  ->  Hash  (cost=67604.59..67604.59 rows=667531 width=4) (actual time=505.138..505.138 rows=662825 loops=1)
        Buckets: 131072  Batches: 16  Memory Usage: 2486kB
        ->  Seq Scan on title t  (cost=0.00..67604.59 rows=667531 width=4) (actual time=0.015..396.045 rows=662825 loops=1)
              Filter: (kind_id = 1)
              Rows Removed by Filter: 1865487
Planning time: 0.447 ms
Execution time: 1762.876 ms
