Hash Join  (cost=580474.80..1565070.13 rows=4567062 width=0) (actual time=6069.589..15805.222 rows=12604497 loops=1)
  Hash Cond: (ci.movie_id = t.id)
  ->  Seq Scan on cast_info ci  (cost=0.00..705507.15 rows=12907857 width=4) (actual time=0.023..5032.560 rows=12875793 loops=1)
        Filter: (person_id < 1271011)
        Rows Removed by Filter: 23368551
  ->  Hash  (cost=565796.75..565796.75 rows=894644 width=8) (actual time=6068.181..6068.181 rows=1276255 loops=1)
        Buckets: 131072 (originally 131072)  Batches: 32 (originally 16)  Memory Usage: 3073kB
        ->  Hash Join  (cost=76444.38..565796.75 rows=894644 width=8) (actual time=476.324..5850.750 rows=1276255 loops=1)
              Hash Cond: (mi.movie_id = t.id)
              ->  Seq Scan on movie_info mi  (cost=0.00..309384.22 rows=14739122 width=4) (actual time=0.010..2127.803 rows=14835720 loops=1)
              ->  Hash  (cost=73925.90..73925.90 rows=153478 width=4) (actual time=475.628..475.628 rows=134760 loops=1)
                    Buckets: 131072  Batches: 4  Memory Usage: 2222kB
                    ->  Seq Scan on title t  (cost=0.00..73925.90 rows=153478 width=4) (actual time=0.015..449.693 rows=134760 loops=1)
                          Filter: ((kind_id < 7) AND (production_year > 2010))
                          Rows Removed by Filter: 2393552
Planning time: 0.736 ms
Execution time: 16561.337 ms
