Hash Join  (cost=190230.21..300212.03 rows=756317 width=0) (actual time=1827.679..3295.692 rows=3144065 loops=1)
  Hash Cond: (mk.movie_id = t.id)
  ->  Seq Scan on movie_keyword mk  (cost=0.00..81003.12 rows=1385738 width=4) (actual time=0.015..591.254 rows=1399787 loops=1)
        Filter: (keyword_id < 1897)
        Rows Removed by Filter: 3124143
  ->  Hash  (cost=167588.78..167588.78 rows=1380035 width=8) (actual time=1827.157..1827.157 rows=1380035 loops=1)
        Buckets: 131072  Batches: 32  Memory Usage: 2726kB
        ->  Hash Join  (cost=102767.86..167588.78 rows=1380035 width=8) (actual time=743.323..1614.956 rows=1380035 loops=1)
              Hash Cond: (mi_idx.movie_id = t.id)
              ->  Seq Scan on movie_info_idx mi_idx  (cost=0.00..21735.35 rows=1380035 width=4) (actual time=0.017..172.956 rows=1380035 loops=1)
              ->  Hash  (cost=61283.27..61283.27 rows=2528527 width=4) (actual time=742.322..742.322 rows=2528312 loops=1)
                    Buckets: 131072  Batches: 64  Memory Usage: 2415kB
                    ->  Seq Scan on title t  (cost=0.00..61283.27 rows=2528527 width=4) (actual time=0.008..373.693 rows=2528312 loops=1)
Planning time: 0.767 ms
Execution time: 3483.751 ms
