Seq Scan on cast_info ci  (cost=0.00..705507.15 rows=500 width=0) (actual time=432.520..3693.974 rows=8 loops=1)
  Filter: (person_id = 2090494)
  Rows Removed by Filter: 36244336
Planning time: 0.246 ms
Execution time: 3694.065 ms
