Hash Join  (cost=988620.69..1754021.79 rows=19224292 width=0) (actual time=8144.447..26379.222 rows=99178148 loops=1)
  Hash Cond: (mi.movie_id = t.id)
  ->  Seq Scan on movie_info mi  (cost=0.00..346232.03 rows=13929354 width=4) (actual time=0.019..2620.690 rows=14033580 loops=1)
        Filter: (info_type_id > 1)
        Rows Removed by Filter: 802140
  ->  Hash  (cost=931367.55..931367.55 rows=3489691 width=8) (actual time=8143.454..8143.454 rows=3633884 loops=1)
        Buckets: 131072  Batches: 64  Memory Usage: 3296kB
        ->  Hash Join  (cost=83810.17..931367.55 rows=3489691 width=8) (actual time=2411.638..7580.169 rows=3633884 loops=1)
              Hash Cond: (ci.movie_id = t.id)
              ->  Seq Scan on cast_info ci  (cost=0.00..705507.15 rows=8933417 width=4) (actual time=1860.317..4346.779 rows=8950346 loops=1)
                    Filter: (person_id > 2800617)
                    Rows Removed by Filter: 27293998
              ->  Hash  (cost=67604.59..67604.59 rows=987727 width=4) (actual time=550.631..550.631 rows=985048 loops=1)
                    Buckets: 131072  Batches: 16  Memory Usage: 3188kB
                    ->  Seq Scan on title t  (cost=0.00..67604.59 rows=987727 width=4) (actual time=0.019..402.971 rows=985048 loops=1)
                          Filter: (kind_id < 7)
                          Rows Removed by Filter: 1543264
Planning time: 0.705 ms
Execution time: 31944.151 ms
