Hash Join  (cost=422279.89..508949.78 rows=1186 width=0) (actual time=2336.426..2829.173 rows=442 loops=1)
  Hash Cond: (mk.movie_id = t.id)
  ->  Seq Scan on movie_keyword mk  (cost=0.00..69693.30 rows=4523930 width=4) (actual time=0.018..325.518 rows=4523930 loops=1)
  ->  Hash  (cost=422271.60..422271.60 rows=663 width=8) (actual time=2170.883..2170.883 rows=24 loops=1)
        Buckets: 1024  Batches: 1  Memory Usage: 9kB
        ->  Hash Join  (cost=75458.68..422271.60 rows=663 width=8) (actual time=1402.254..2170.868 rows=24 loops=1)
              Hash Cond: (mi.movie_id = t.id)
              ->  Seq Scan on movie_info mi  (cost=0.00..346232.03 rows=17937 width=4) (actual time=871.103..1700.493 rows=147487 loops=1)
                    Filter: (info_type_id = 107)
                    Rows Removed by Filter: 14688233
              ->  Hash  (cost=73925.90..73925.90 rows=93422 width=4) (actual time=444.192..444.192 rows=100754 loops=1)
                    Buckets: 131072  Batches: 2  Memory Usage: 2808kB
                    ->  Seq Scan on title t  (cost=0.00..73925.90 rows=93422 width=4) (actual time=0.031..424.260 rows=100754 loops=1)
                          Filter: ((kind_id > 1) AND (production_year = 2008))
                          Rows Removed by Filter: 2427558
Planning time: 0.753 ms
Execution time: 2829.256 ms
