Hash Join  (cost=842372.82..3447903.78 rows=118260261 width=0) (actual time=8928.655..48704.589 rows=197409653 loops=1)
  Hash Cond: (ci.movie_id = t.id)
  ->  Seq Scan on cast_info ci  (cost=0.00..705507.15 rows=31554923 width=4) (actual time=0.006..6774.141 rows=31605208 loops=1)
        Filter: (role_id < 10)
        Rows Removed by Filter: 4639136
  ->  Hash  (cost=686901.94..686901.94 rows=9476311 width=8) (actual time=8927.855..8927.855 rows=9565151 loops=1)
        Buckets: 131072  Batches: 128  Memory Usage: 3919kB
        ->  Hash Join  (cost=102767.86..686901.94 rows=9476311 width=8) (actual time=810.499..7432.488 rows=9565151 loops=1)
              Hash Cond: (mi.movie_id = t.id)
              ->  Seq Scan on movie_info mi  (cost=0.00..346232.03 rows=9476311 width=4) (actual time=0.017..2489.722 rows=9565151 loops=1)
                    Filter: (info_type_id < 16)
                    Rows Removed by Filter: 5270569
              ->  Hash  (cost=61283.27..61283.27 rows=2528527 width=4) (actual time=809.474..809.474 rows=2528312 loops=1)
                    Buckets: 131072  Batches: 64  Memory Usage: 2425kB
                    ->  Seq Scan on title t  (cost=0.00..61283.27 rows=2528527 width=4) (actual time=0.022..399.560 rows=2528312 loops=1)
Planning time: 0.765 ms
Execution time: 59763.696 ms
