Hash Join  (cost=709678.18..1074357.53 rows=2343 width=0) (actual time=4053.687..6775.765 rows=1477 loops=1)
  Hash Cond: (mi.movie_id = t.id)
  ->  Seq Scan on movie_info mi  (cost=0.00..309384.22 rows=14739122 width=4) (actual time=0.010..1449.086 rows=14835720 loops=1)
  ->  Hash  (cost=709673.15..709673.15 rows=402 width=8) (actual time=4043.562..4043.562 rows=135 loops=1)
        Buckets: 1024  Batches: 1  Memory Usage: 14kB
        ->  Nested Loop  (cost=0.43..709673.15 rows=402 width=8) (actual time=2034.934..4043.450 rows=135 loops=1)
              ->  Seq Scan on cast_info ci  (cost=0.00..705507.15 rows=500 width=4) (actual time=2034.820..4041.745 rows=136 loops=1)
                    Filter: (person_id = 2391735)
                    Rows Removed by Filter: 36244208
              ->  Index Scan using title_pkey on title t  (cost=0.43..8.32 rows=1 width=4) (actual time=0.011..0.012 rows=1 loops=136)
                    Index Cond: (id = ci.movie_id)
                    Filter: (production_year > 1973)
                    Rows Removed by Filter: 0
Planning time: 0.693 ms
Execution time: 6776.017 ms
