Hash Join  (cost=493360.23..580530.47 rows=879172 width=0) (actual time=3571.083..5580.188 rows=8956908 loops=1)
  Hash Cond: (mc.movie_id = t.id)
  ->  Seq Scan on movie_companies mc  (cost=0.00..44881.29 rows=2609129 width=4) (actual time=0.020..323.548 rows=2609129 loops=1)
  ->  Hash  (cost=479381.08..479381.08 rows=852012 width=8) (actual time=3570.229..3570.229 rows=900340 loops=1)
        Buckets: 131072  Batches: 16  Memory Usage: 3197kB
        ->  Hash Join  (cost=102767.86..479381.08 rows=852012 width=8) (actual time=821.428..3440.037 rows=900340 loops=1)
              Hash Cond: (mi.movie_id = t.id)
              ->  Seq Scan on movie_info mi  (cost=0.00..346232.03 rows=852012 width=4) (actual time=61.113..1798.040 rows=900340 loops=1)
                    Filter: (info_type_id > 94)
                    Rows Removed by Filter: 13935380
              ->  Hash  (cost=61283.27..61283.27 rows=2528527 width=4) (actual time=758.832..758.832 rows=2528312 loops=1)
                    Buckets: 131072  Batches: 64  Memory Usage: 2425kB
                    ->  Seq Scan on title t  (cost=0.00..61283.27 rows=2528527 width=4) (actual time=0.011..379.387 rows=2528312 loops=1)
Planning time: 0.685 ms
Execution time: 6108.084 ms
