Hash Join  (cost=92883.59..935782.97 rows=1315292 width=0) (actual time=710.338..5118.881 rows=989 loops=1)
  Hash Cond: (ci.movie_id = t.id)
  ->  Seq Scan on cast_info ci  (cost=0.00..796071.18 rows=2158457 width=4) (actual time=1.784..4331.333 rows=1785 loops=1)
        Filter: ((person_id < 1035811) AND (role_id = 2))
        Rows Removed by Filter: 36242559
  ->  Hash  (cost=67604.59..67604.59 rows=1540800 width=4) (actual time=676.753..676.753 rows=1543264 loops=1)
        Buckets: 131072  Batches: 32  Memory Usage: 2722kB
        ->  Seq Scan on title t  (cost=0.00..67604.59 rows=1540800 width=4) (actual time=33.028..451.335 rows=1543264 loops=1)
              Filter: (kind_id = 7)
              Rows Removed by Filter: 985048
Planning time: 0.489 ms
Execution time: 5119.013 ms
