Hash Join  (cost=186461.88..320535.12 rows=990720 width=0) (actual time=1555.362..3572.764 rows=4883677 loops=1)
  Hash Cond: (mk.movie_id = t.id)
  ->  Seq Scan on movie_keyword mk  (cost=0.00..69693.30 rows=4523930 width=4) (actual time=0.047..531.443 rows=4523930 loops=1)
  ->  Hash  (cost=177376.18..177376.18 rows=553736 width=8) (actual time=1554.627..1554.627 rows=549148 loops=1)
        Buckets: 131072  Batches: 8  Memory Usage: 3722kB
        ->  Hash Join  (cost=102767.86..177376.18 rows=553736 width=8) (actual time=752.189..1468.230 rows=549148 loops=1)
              Hash Cond: (mc.movie_id = t.id)
              ->  Seq Scan on movie_companies mc  (cost=0.00..51404.11 rows=553736 width=4) (actual time=0.019..321.039 rows=549148 loops=1)
                    Filter: (company_id < 559)
                    Rows Removed by Filter: 2059981
              ->  Hash  (cost=61283.27..61283.27 rows=2528527 width=4) (actual time=750.908..750.908 rows=2528312 loops=1)
                    Buckets: 131072  Batches: 64  Memory Usage: 2415kB
                    ->  Seq Scan on title t  (cost=0.00..61283.27 rows=2528527 width=4) (actual time=0.012..386.204 rows=2528312 loops=1)
Planning time: 0.696 ms
Execution time: 3845.918 ms
