Seq Scan on movie_companies mc  (cost=0.00..51404.11 rows=2057963 width=0) (actual time=0.025..1125.659 rows=2053097 loops=1)
  Filter: (company_id < 71740)
  Rows Removed by Filter: 556032
Planning time: 0.342 ms
Execution time: 1376.617 ms
