Seq Scan on cast_info ci  (cost=0.00..796071.18 rows=3912951 width=0) (actual time=0.019..11757.135 rows=6834551 loops=1)
  Filter: ((person_id > 2130822) AND (role_id > 4))
  Rows Removed by Filter: 29409793
Planning time: 0.324 ms
Execution time: 12622.332 ms
