Hash Join  (cost=205128.04..718511.97 rows=1420211 width=0) (actual time=4610.306..26711.152 rows=48293498 loops=1)
  Hash Cond: (mi.movie_id = t.id)
  ->  Seq Scan on movie_info mi  (cost=0.00..309384.22 rows=14739122 width=4) (actual time=0.016..4883.825 rows=14835720 loops=1)
  ->  Hash  (cost=201130.54..201130.54 rows=243640 width=8) (actual time=4609.204..4609.204 rows=1096902 loops=1)
        Buckets: 131072 (originally 131072)  Batches: 16 (originally 4)  Memory Usage: 3880kB
        ->  Hash Join  (cost=76160.10..201130.54 rows=243640 width=8) (actual time=1004.804..4244.479 rows=1096902 loops=1)
              Hash Cond: (mk.movie_id = t.id)
              ->  Seq Scan on movie_keyword mk  (cost=0.00..69693.30 rows=4523930 width=4) (actual time=0.017..1169.165 rows=4523930 loops=1)
              ->  Hash  (cost=73925.90..73925.90 rows=136176 width=4) (actual time=1003.949..1003.949 rows=269736 loops=1)
                    Buckets: 131072 (originally 131072)  Batches: 4 (originally 2)  Memory Usage: 3402kB
                    ->  Seq Scan on title t  (cost=0.00..73925.90 rows=136176 width=4) (actual time=0.016..906.508 rows=269736 loops=1)
                          Filter: ((production_year < 1980) AND (kind_id = 1))
                          Rows Removed by Filter: 2258576
Planning time: 1.005 ms
Execution time: 31929.626 ms
