Hash Join  (cost=190386.93..280375.53 rows=101419 width=0) (actual time=3033.426..4534.144 rows=390741 loops=1)
  Hash Cond: (mk.movie_id = t.id)
  ->  Seq Scan on movie_keyword mk  (cost=0.00..81003.12 rows=523808 width=4) (actual time=0.029..1203.628 rows=514301 loops=1)
        Filter: (keyword_id > 35235)
        Rows Removed by Filter: 4009629
  ->  Hash  (cost=182354.30..182354.30 rows=489570 width=8) (actual time=2969.600..2969.600 rows=185547 loops=1)
        Buckets: 131072  Batches: 8  Memory Usage: 1952kB
        ->  Hash Join  (cost=102767.86..182354.30 rows=489570 width=8) (actual time=1610.817..2911.481 rows=185547 loops=1)
              Hash Cond: (mc.movie_id = t.id)
              ->  Seq Scan on movie_companies mc  (cost=0.00..57926.93 rows=489570 width=4) (actual time=67.708..807.684 rows=185547 loops=1)
                    Filter: ((company_id > 16451) AND (company_type_id < 2))
                    Rows Removed by Filter: 2423582
              ->  Hash  (cost=61283.27..61283.27 rows=2528527 width=4) (actual time=1542.070..1542.070 rows=2528312 loops=1)
                    Buckets: 131072  Batches: 64  Memory Usage: 2415kB
                    ->  Seq Scan on title t  (cost=0.00..61283.27 rows=2528527 width=4) (actual time=0.020..760.654 rows=2528312 loops=1)
Planning time: 1.128 ms
Execution time: 4585.968 ms
