Hash Join  (cost=448012.07..534906.31 rows=23620 width=0) (actual time=4447.369..5880.712 rows=90894 loops=1)
  Hash Cond: (mk.movie_id = t.id)
  ->  Seq Scan on movie_keyword mk  (cost=0.00..69693.30 rows=4523930 width=4) (actual time=0.020..693.266 rows=4523930 loops=1)
  ->  Hash  (cost=447847.04..447847.04 rows=13202 width=8) (actual time=4446.513..4446.513 rows=4755 loops=1)
        Buckets: 16384  Batches: 1  Memory Usage: 314kB
        ->  Nested Loop  (cost=0.43..447847.04 rows=13202 width=8) (actual time=985.979..4443.813 rows=4755 loops=1)
              ->  Seq Scan on movie_info mi  (cost=0.00..346232.03 rows=17937 width=4) (actual time=985.919..3948.126 rows=68025 loops=1)
                    Filter: (info_type_id = 94)
                    Rows Removed by Filter: 14767695
              ->  Index Scan using title_pkey on title t  (cost=0.43..5.66 rows=1 width=4) (actual time=0.007..0.007 rows=0 loops=68025)
                    Index Cond: (id = mi.movie_id)
                    Filter: (kind_id > 1)
                    Rows Removed by Filter: 1
Planning time: 1.120 ms
Execution time: 5891.858 ms
