Seq Scan on cast_info ci  (cost=0.00..705507.15 rows=3005985 width=0) (actual time=34.601..9583.271 rows=2931008 loops=1)
  Filter: (person_id < 285084)
  Rows Removed by Filter: 33313336
Planning time: 0.285 ms
Execution time: 9949.988 ms
