Hash Join  (cost=1018504.83..4228329.81 rows=163271395 width=0) (actual time=26077.211..149252.701 rows=342404351 loops=1)
  Hash Cond: (ci.movie_id = t.id)
  ->  Seq Scan on cast_info ci  (cost=0.00..705507.15 rows=28009547 width=4) (actual time=0.024..14359.421 rows=28073403 loops=1)
        Filter: (person_id < 2864690)
        Rows Removed by Filter: 8170941
  ->  Hash  (cost=776690.81..776690.81 rows=14739122 width=8) (actual time=26073.868..26073.868 rows=14835720 loops=1)
        Buckets: 131072  Batches: 256  Memory Usage: 3268kB
        ->  Hash Join  (cost=102767.86..776690.81 rows=14739122 width=8) (actual time=1782.370..20817.000 rows=14835720 loops=1)
              Hash Cond: (mi.movie_id = t.id)
              ->  Seq Scan on movie_info mi  (cost=0.00..309384.22 rows=14739122 width=4) (actual time=0.029..5688.959 rows=14835720 loops=1)
              ->  Hash  (cost=61283.27..61283.27 rows=2528527 width=4) (actual time=1780.158..1780.158 rows=2528312 loops=1)
                    Buckets: 131072  Batches: 64  Memory Usage: 2425kB
                    ->  Seq Scan on title t  (cost=0.00..61283.27 rows=2528527 width=4) (actual time=0.023..909.694 rows=2528312 loops=1)
Planning time: 1.102 ms
Execution time: 188078.088 ms
