Seq Scan on cast_info ci  (cost=0.00..796071.18 rows=666 width=0) (actual time=10798.118..10952.227 rows=564 loops=1)
  Filter: ((person_id = 900749) AND (role_id = 3))
  Rows Removed by Filter: 36243780
Planning time: 0.411 ms
Execution time: 10952.371 ms
