Hash Join  (cost=183831.18..684013.11 rows=1909601 width=0) (actual time=4082.017..17899.435 rows=9624364 loops=1)
  Hash Cond: (mi.movie_id = t.id)
  ->  Seq Scan on movie_info mi  (cost=0.00..309384.22 rows=14739122 width=4) (actual time=0.025..4701.795 rows=14835720 loops=1)
  ->  Hash  (cost=178456.23..178456.23 rows=327596 width=8) (actual time=4080.973..4080.973 rows=629192 loops=1)
        Buckets: 131072 (originally 131072)  Batches: 16 (originally 8)  Memory Usage: 3073kB
        ->  Hash Join  (cost=102767.86..178456.23 rows=327596 width=8) (actual time=2014.267..3866.251 rows=629192 loops=1)
              Hash Cond: (mc.movie_id = t.id)
              ->  Seq Scan on movie_companies mc  (cost=0.00..57926.93 rows=327596 width=4) (actual time=0.026..868.821 rows=629192 loops=1)
                    Filter: ((company_id > 55195) AND (company_type_id = 2))
                    Rows Removed by Filter: 1979937
              ->  Hash  (cost=61283.27..61283.27 rows=2528527 width=4) (actual time=2013.454..2013.454 rows=2528312 loops=1)
                    Buckets: 131072  Batches: 64  Memory Usage: 2415kB
                    ->  Seq Scan on title t  (cost=0.00..61283.27 rows=2528527 width=4) (actual time=0.016..883.034 rows=2528312 loops=1)
Planning time: 1.294 ms
Execution time: 18969.750 ms
