Hash Join  (cost=156632.57..1020834.60 rows=2151037 width=0) (actual time=2926.139..21176.953 rows=4565351 loops=1)
  Hash Cond: (ci.movie_id = t.id)
  ->  Seq Scan on cast_info ci  (cost=0.00..705507.15 rows=11707604 width=4) (actual time=0.584..11571.313 rows=11606725 loops=1)
        Filter: (person_id < 1141816)
        Rows Removed by Filter: 24637619
  ->  Hash  (cost=149010.49..149010.49 rows=464566 width=8) (actual time=2911.955..2911.955 rows=459925 loops=1)
        Buckets: 131072  Batches: 8  Memory Usage: 3275kB
        ->  Hash Join  (cost=102767.86..149010.49 rows=464566 width=8) (actual time=1679.625..2788.918 rows=459925 loops=1)
              Hash Cond: (mi_idx.movie_id = t.id)
              ->  Seq Scan on movie_info_idx mi_idx  (cost=0.00..25185.44 rows=464566 width=4) (actual time=0.018..393.988 rows=459925 loops=1)
                    Filter: (info_type_id = 101)
                    Rows Removed by Filter: 920110
              ->  Hash  (cost=61283.27..61283.27 rows=2528527 width=4) (actual time=1678.213..1678.213 rows=2528312 loops=1)
                    Buckets: 131072  Batches: 64  Memory Usage: 2415kB
                    ->  Seq Scan on title t  (cost=0.00..61283.27 rows=2528527 width=4) (actual time=0.022..817.343 rows=2528312 loops=1)
Planning time: 1.173 ms
Execution time: 21657.329 ms
