Hash Join  (cost=269571.07..885378.27 rows=11019236 width=0) (actual time=5358.204..17099.783 rows=4402339 loops=1)
  Hash Cond: (mi.movie_id = t.id)
  ->  Seq Scan on movie_info mi  (cost=0.00..309384.22 rows=14739122 width=4) (actual time=0.018..4647.843 rows=14835720 loops=1)
  ->  Hash  (cost=238556.41..238556.41 rows=1890373 width=8) (actual time=5168.036..5168.036 rows=422413 loops=1)
        Buckets: 131072  Batches: 32  Memory Usage: 1538kB
        ->  Hash Join  (cost=92883.59..238556.41 rows=1890373 width=8) (actual time=3215.021..5053.247 rows=422413 loops=1)
              Hash Cond: (mk.movie_id = t.id)
              ->  Seq Scan on movie_keyword mk  (cost=0.00..81003.12 rows=3102193 width=4) (actual time=0.029..1507.724 rows=3089835 loops=1)
                    Filter: (keyword_id < 11658)
                    Rows Removed by Filter: 1434095
              ->  Hash  (cost=67604.59..67604.59 rows=1540800 width=4) (actual time=1883.905..1883.905 rows=1543264 loops=1)
                    Buckets: 131072  Batches: 32  Memory Usage: 2728kB
                    ->  Seq Scan on title t  (cost=0.00..67604.59 rows=1540800 width=4) (actual time=35.814..1070.842 rows=1543264 loops=1)
                          Filter: (kind_id = 7)
                          Rows Removed by Filter: 985048
Planning time: 1.134 ms
Execution time: 17516.480 ms
