Seq Scan on movie_keyword mk  (cost=0.00..81003.12 rows=578311 width=0) (actual time=0.038..1181.055 rows=575599 loops=1)
  Filter: (keyword_id > 31866)
  Rows Removed by Filter: 3948331
Planning time: 0.294 ms
Execution time: 1255.992 ms
