Hash Join  (cost=102767.86..1684538.22 rows=36005613 width=0) (actual time=1583.757..44025.605 rows=35994662 loops=1)
  Hash Cond: (ci.movie_id = t.id)
  ->  Seq Scan on cast_info ci  (cost=0.00..705507.15 rows=36005613 width=4) (actual time=0.018..14155.159 rows=35994662 loops=1)
        Filter: (person_id < 4017836)
        Rows Removed by Filter: 249682
  ->  Hash  (cost=61283.27..61283.27 rows=2528527 width=4) (actual time=1582.123..1582.123 rows=2528312 loops=1)
        Buckets: 131072  Batches: 64  Memory Usage: 2415kB
        ->  Seq Scan on title t  (cost=0.00..61283.27 rows=2528527 width=4) (actual time=0.026..769.617 rows=2528312 loops=1)
Planning time: 0.691 ms
Execution time: 47916.954 ms
