Hash Join  (cost=80587.02..585645.76 rows=2366681 width=0) (actual time=1059.957..14815.862 rows=3635806 loops=1)
  Hash Cond: (mi.movie_id = t.id)
  ->  Seq Scan on movie_info mi  (cost=0.00..309384.22 rows=14739122 width=4) (actual time=0.019..4671.389 rows=14835720 loops=1)
  ->  Hash  (cost=73925.90..73925.90 rows=406009 width=4) (actual time=1059.056..1059.056 rows=320078 loops=1)
        Buckets: 131072  Batches: 8  Memory Usage: 2432kB
        ->  Seq Scan on title t  (cost=0.00..73925.90 rows=406009 width=4) (actual time=0.025..951.392 rows=320078 loops=1)
              Filter: ((kind_id < 4) AND (production_year > 2003))
              Rows Removed by Filter: 2208234
Planning time: 0.665 ms
Execution time: 15261.246 ms
