Hash Join  (cost=102767.86..264825.73 rows=2957954 width=0) (actual time=1737.376..5810.613 rows=2941812 loops=1)
  Hash Cond: (mk.movie_id = t.id)
  ->  Seq Scan on movie_keyword mk  (cost=0.00..81003.12 rows=2957954 width=4) (actual time=0.016..1495.800 rows=2941812 loops=1)
        Filter: (keyword_id < 9842)
        Rows Removed by Filter: 1582118
  ->  Hash  (cost=61283.27..61283.27 rows=2528527 width=4) (actual time=1735.296..1735.296 rows=2528312 loops=1)
        Buckets: 131072  Batches: 64  Memory Usage: 2425kB
        ->  Seq Scan on title t  (cost=0.00..61283.27 rows=2528527 width=4) (actual time=0.012..853.619 rows=2528312 loops=1)
Planning time: 0.648 ms
Execution time: 6169.374 ms
