Hash Join  (cost=260517.32..672566.72 rows=2004941 width=0) (actual time=5325.232..13779.771 rows=12375128 loops=1)
  Hash Cond: (mi.movie_id = t.id)
  ->  Seq Scan on movie_info mi  (cost=0.00..346232.03 rows=3068194 width=4) (actual time=0.022..4056.478 rows=3036719 loops=1)
        Filter: (info_type_id = 16)
        Rows Removed by Filter: 11799001
  ->  Hash  (cost=233408.70..233408.70 rows=1652290 width=8) (actual time=5323.890..5323.890 rows=1665575 loops=1)
        Buckets: 131072  Batches: 32  Memory Usage: 3122kB
        ->  Hash Join  (cost=102767.86..233408.70 rows=1652290 width=8) (actual time=1699.258..4801.581 rows=1665575 loops=1)
              Hash Cond: (mk.movie_id = t.id)
              ->  Seq Scan on movie_keyword mk  (cost=0.00..81003.12 rows=1652290 width=4) (actual time=0.032..1324.586 rows=1665575 loops=1)
                    Filter: (keyword_id < 2554)
                    Rows Removed by Filter: 2858355
              ->  Hash  (cost=61283.27..61283.27 rows=2528527 width=4) (actual time=1698.181..1698.181 rows=2528312 loops=1)
                    Buckets: 131072  Batches: 64  Memory Usage: 2425kB
                    ->  Seq Scan on title t  (cost=0.00..61283.27 rows=2528527 width=4) (actual time=0.013..827.600 rows=2528312 loops=1)
Planning time: 1.172 ms
Execution time: 15023.490 ms
