Seq Scan on movie_companies mc  (cost=0.00..57926.93 rows=589074 width=0) (actual time=79.138..762.070 rows=375312 loops=1)
  Filter: ((company_id < 9053) AND (company_type_id > 1))
  Rows Removed by Filter: 2233817
Planning time: 0.317 ms
Execution time: 803.384 ms
