Hash Join  (cost=107058.56..151775.64 rows=431902 width=0) (actual time=1859.297..2799.641 rows=455563 loops=1)
  Hash Cond: (mi_idx.movie_id = t.id)
  ->  Seq Scan on movie_info_idx mi_idx  (cost=0.00..25185.44 rows=454124 width=4) (actual time=0.026..302.049 rows=459925 loops=1)
        Filter: (info_type_id = 100)
        Rows Removed by Filter: 920110
  ->  Hash  (cost=67604.59..67604.59 rows=2404798 width=4) (actual time=1858.427..1858.427 rows=2396371 loops=1)
        Buckets: 131072  Batches: 32  Memory Usage: 3657kB
        ->  Seq Scan on title t  (cost=0.00..67604.59 rows=2404798 width=4) (actual time=0.012..1120.602 rows=2396371 loops=1)
              Filter: (production_year > 1914)
              Rows Removed by Filter: 131941
Planning time: 0.714 ms
Execution time: 2844.690 ms
