Hash Join  (cost=165660.41..660837.94 rows=1440560 width=0) (actual time=3997.944..22082.526 rows=18825583 loops=1)
  Hash Cond: (mi.movie_id = t.id)
  ->  Seq Scan on movie_info mi  (cost=0.00..309384.22 rows=14739122 width=4) (actual time=0.021..6027.484 rows=14835720 loops=1)
  ->  Hash  (cost=161605.28..161605.28 rows=247131 width=8) (actual time=3997.085..3997.085 rows=736758 loops=1)
        Buckets: 131072 (originally 131072)  Batches: 8 (originally 4)  Memory Usage: 4673kB
        ->  Hash Join  (cost=78058.28..161605.28 rows=247131 width=8) (actual time=1349.904..3794.289 rows=736758 loops=1)
              Hash Cond: (mc.movie_id = t.id)
              ->  Seq Scan on movie_companies mc  (cost=0.00..51404.11 rows=2480953 width=4) (actual time=0.020..1104.890 rows=2477806 loops=1)
                    Filter: (company_id > 19)
                    Rows Removed by Filter: 131323
              ->  Hash  (cost=73925.90..73925.90 rows=251870 width=4) (actual time=1348.979..1348.979 rows=365623 loops=1)
                    Buckets: 131072 (originally 131072)  Batches: 8 (originally 4)  Memory Usage: 3073kB
                    ->  Seq Scan on title t  (cost=0.00..73925.90 rows=251870 width=4) (actual time=0.050..1225.429 rows=365623 loops=1)
                          Filter: ((kind_id < 7) AND (production_year < 1988))
                          Rows Removed by Filter: 2162689
Planning time: 1.195 ms
Execution time: 24214.722 ms
