Hash Join  (cost=92883.59..173210.85 rows=527943 width=0) (actual time=1385.028..3091.131 rows=267092 loops=1)
  Hash Cond: (mc.movie_id = t.id)
  ->  Seq Scan on movie_companies mc  (cost=0.00..57926.93 rows=866380 width=4) (actual time=14.966..879.002 rows=1070667 loops=1)
        Filter: ((company_id > 2995) AND (company_type_id > 1))
        Rows Removed by Filter: 1538462
  ->  Hash  (cost=67604.59..67604.59 rows=1540800 width=4) (actual time=1368.802..1368.802 rows=1543264 loops=1)
        Buckets: 131072  Batches: 32  Memory Usage: 2722kB
        ->  Seq Scan on title t  (cost=0.00..67604.59 rows=1540800 width=4) (actual time=0.019..883.286 rows=1543264 loops=1)
              Filter: (kind_id = 7)
              Rows Removed by Filter: 985048
Planning time: 0.764 ms
Execution time: 3123.779 ms
