Hash Join  (cost=153035.63..910347.43 rows=150474 width=0) (actual time=6024.409..14817.315 rows=788557 loops=1)
  Hash Cond: (ci.movie_id = t.id)
  ->  Seq Scan on cast_info ci  (cost=0.00..705507.15 rows=4320508 width=4) (actual time=3376.546..10233.793 rows=4323018 loops=1)
        Filter: (role_id = 10)
        Rows Removed by Filter: 31921326
  ->  Hash  (cost=151590.85..151590.85 rows=88063 width=8) (actual time=2646.963..2646.963 rows=184536 loops=1)
        Buckets: 131072 (originally 131072)  Batches: 4 (originally 2)  Memory Usage: 3073kB
        ->  Hash Join  (cost=75326.69..151590.85 rows=88063 width=8) (actual time=1021.829..2583.204 rows=184536 loops=1)
              Hash Cond: (mc.movie_id = t.id)
              ->  Seq Scan on movie_companies mc  (cost=0.00..44881.29 rows=2609129 width=4) (actual time=0.023..650.163 rows=2609129 loops=1)
              ->  Hash  (cost=73925.90..73925.90 rows=85343 width=4) (actual time=1021.133..1021.133 rows=90067 loops=1)
                    Buckets: 131072  Batches: 2  Memory Usage: 2610kB
                    ->  Seq Scan on title t  (cost=0.00..73925.90 rows=85343 width=4) (actual time=0.022..988.595 rows=90067 loops=1)
                          Filter: ((production_year > 1968) AND (kind_id = 3))
                          Rows Removed by Filter: 2438245
Planning time: 1.199 ms
Execution time: 14907.185 ms
