Seq Scan on cast_info ci  (cost=0.00..705507.15 rows=500 width=0) (actual time=1756.731..8822.827 rows=610 loops=1)
  Filter: (person_id = 2519762)
  Rows Removed by Filter: 36243734
Planning time: 0.380 ms
Execution time: 8823.002 ms
