Hash Join  (cost=75798.76..152472.15 rows=117787 width=0) (actual time=846.128..2876.351 rows=515696 loops=1)
  Hash Cond: (mc.movie_id = t.id)
  ->  Seq Scan on movie_companies mc  (cost=0.00..44881.29 rows=2609129 width=4) (actual time=0.018..711.502 rows=2609129 loops=1)
  ->  Hash  (cost=73925.90..73925.90 rows=114148 width=4) (actual time=845.475..845.475 rows=244041 loops=1)
        Buckets: 131072 (originally 131072)  Batches: 4 (originally 2)  Memory Usage: 3171kB
        ->  Seq Scan on title t  (cost=0.00..73925.90 rows=114148 width=4) (actual time=0.019..779.519 rows=244041 loops=1)
              Filter: ((production_year < 1974) AND (kind_id = 1))
              Rows Removed by Filter: 2284271
Planning time: 0.490 ms
Execution time: 2944.828 ms
