Hash Join  (cost=155853.76..195782.29 rows=130305 width=0) (actual time=3157.398..4429.960 rows=834192 loops=1)
  Hash Cond: (mi_idx.movie_id = t.id)
  ->  Seq Scan on movie_info_idx mi_idx  (cost=0.00..21735.35 rows=1380035 width=4) (actual time=0.019..369.344 rows=1380035 loops=1)
  ->  Hash  (cost=151936.42..151936.42 rows=238747 width=8) (actual time=3156.340..3156.340 rows=514170 loops=1)
        Buckets: 131072 (originally 131072)  Batches: 8 (originally 4)  Memory Usage: 3559kB
        ->  Hash Join  (cost=78556.72..151936.42 rows=238747 width=8) (actual time=1170.473..3000.197 rows=514170 loops=1)
              Hash Cond: (mc.movie_id = t.id)
              ->  Seq Scan on movie_companies mc  (cost=0.00..57926.93 rows=904344 width=4) (actual time=0.015..1001.798 rows=1214023 loops=1)
                    Filter: ((company_id < 33919) AND (company_type_id < 2))
                    Rows Removed by Filter: 1395106
              ->  Hash  (cost=67604.59..67604.59 rows=667531 width=4) (actual time=1169.429..1169.429 rows=662834 loops=1)
                    Buckets: 131072  Batches: 16  Memory Usage: 2478kB
                    ->  Seq Scan on title t  (cost=0.00..67604.59 rows=667531 width=4) (actual time=0.016..949.116 rows=662834 loops=1)
                          Filter: (production_year < 1989)
                          Rows Removed by Filter: 1865478
Planning time: 1.117 ms
Execution time: 4538.965 ms
