Hash Join  (cost=68438.72..127657.03 rows=8491 width=0) (actual time=792.873..1428.230 rows=734 loops=1)
  Hash Cond: (mc.movie_id = t.id)
  ->  Seq Scan on movie_companies mc  (cost=0.00..57926.93 rows=321724 width=4) (actual time=0.033..627.025 rows=23040 loops=1)
        Filter: ((company_id > 52352) AND (company_type_id < 2))
        Rows Removed by Filter: 2586089
  ->  Hash  (cost=67604.59..67604.59 rows=66731 width=4) (actual time=791.300..791.300 rows=67342 loops=1)
        Buckets: 131072  Batches: 1  Memory Usage: 3392kB
        ->  Seq Scan on title t  (cost=0.00..67604.59 rows=66731 width=4) (actual time=0.032..764.826 rows=67342 loops=1)
              Filter: (production_year > 2012)
              Rows Removed by Filter: 2460970
Planning time: 0.695 ms
Execution time: 1428.598 ms
