Hash Join  (cost=264453.37..446190.45 rows=4438813 width=0) (actual time=5416.623..16369.768 rows=34423488 loops=1)
  Hash Cond: (mk.movie_id = t.id)
  ->  Seq Scan on movie_keyword mk  (cost=0.00..69693.30 rows=4523930 width=4) (actual time=0.025..1246.929 rows=4523930 loops=1)
  ->  Hash  (cost=223749.46..223749.46 rows=2480953 width=8) (actual time=5415.084..5415.084 rows=2477806 loops=1)
        Buckets: 131072  Batches: 64  Memory Usage: 2614kB
        ->  Hash Join  (cost=102767.86..223749.46 rows=2480953 width=8) (actual time=1560.824..4779.071 rows=2477806 loops=1)
              Hash Cond: (mc.movie_id = t.id)
              ->  Seq Scan on movie_companies mc  (cost=0.00..51404.11 rows=2480953 width=4) (actual time=0.025..989.580 rows=2477806 loops=1)
                    Filter: (company_id > 19)
                    Rows Removed by Filter: 131323
              ->  Hash  (cost=61283.27..61283.27 rows=2528527 width=4) (actual time=1560.124..1560.124 rows=2528312 loops=1)
                    Buckets: 131072  Batches: 64  Memory Usage: 2415kB
                    ->  Seq Scan on title t  (cost=0.00..61283.27 rows=2528527 width=4) (actual time=0.012..773.275 rows=2528312 loops=1)
Planning time: 1.050 ms
Execution time: 19864.318 ms
