Hash Join  (cost=92883.59..236807.72 rows=1833978 width=0) (actual time=2304.606..4938.282 rows=451251 loops=1)
  Hash Cond: (mk.movie_id = t.id)
  ->  Seq Scan on movie_keyword mk  (cost=0.00..81003.12 rows=3009646 width=4) (actual time=0.016..1204.292 rows=2994056 loops=1)
        Filter: (keyword_id > 2217)
        Rows Removed by Filter: 1529874
  ->  Hash  (cost=67604.59..67604.59 rows=1540800 width=4) (actual time=1272.622..1272.622 rows=1543264 loops=1)
        Buckets: 131072  Batches: 32  Memory Usage: 2728kB
        ->  Seq Scan on title t  (cost=0.00..67604.59 rows=1540800 width=4) (actual time=122.782..844.489 rows=1543264 loops=1)
              Filter: (kind_id = 7)
              Rows Removed by Filter: 985048
Planning time: 0.723 ms
Execution time: 4995.558 ms
