Nested Loop  (cost=0.43..58375.18 rows=53 width=0) (actual time=472.937..642.253 rows=35 loops=1)
  ->  Seq Scan on movie_companies mc  (cost=0.00..57926.93 rows=53 width=4) (actual time=472.856..641.062 rows=35 loops=1)
        Filter: ((company_id = 1159) AND (company_type_id = 2))
        Rows Removed by Filter: 2609094
  ->  Index Only Scan using title_pkey on title t  (cost=0.43..8.45 rows=1 width=4) (actual time=0.031..0.032 rows=1 loops=35)
        Index Cond: (id = mc.movie_id)
        Heap Fetches: 35
Planning time: 0.690 ms
Execution time: 642.336 ms
