Hash Join  (cost=1007170.32..1625140.87 rows=13365461 width=0) (actual time=19491.805..35735.085 rows=27942432 loops=1)
  Hash Cond: (mi.movie_id = t.id)
  ->  Seq Scan on movie_info mi  (cost=0.00..346232.03 rows=7235534 width=4) (actual time=1196.802..5129.410 rows=7286865 loops=1)
        Filter: (info_type_id < 8)
        Rows Removed by Filter: 7548855
  ->  Hash  (cost=930541.70..930541.70 rows=4670689 width=8) (actual time=18294.057..18294.057 rows=4639136 loops=1)
        Buckets: 131072  Batches: 64  Memory Usage: 3889kB
        ->  Hash Join  (cost=102767.86..930541.70 rows=4670689 width=8) (actual time=9576.186..16895.631 rows=4639136 loops=1)
              Hash Cond: (ci.movie_id = t.id)
              ->  Seq Scan on cast_info ci  (cost=0.00..705507.15 rows=4670689 width=4) (actual time=8092.709..11297.351 rows=4639136 loops=1)
                    Filter: (role_id > 9)
                    Rows Removed by Filter: 31605208
              ->  Hash  (cost=61283.27..61283.27 rows=2528527 width=4) (actual time=1481.715..1481.715 rows=2528312 loops=1)
                    Buckets: 131072  Batches: 64  Memory Usage: 2415kB
                    ->  Seq Scan on title t  (cost=0.00..61283.27 rows=2528527 width=4) (actual time=0.017..742.630 rows=2528312 loops=1)
Planning time: 1.139 ms
Execution time: 39121.713 ms
