Hash Join  (cost=263115.61..1819720.52 rows=35589245 width=0) (actual time=5573.824..58491.855 rows=76614404 loops=1)
  Hash Cond: (ci.movie_id = t.id)
  ->  Seq Scan on cast_info ci  (cost=0.00..705507.15 rows=34489811 width=4) (actual time=0.012..14534.174 rows=34584311 loops=1)
        Filter: (person_id > 165607)
        Rows Removed by Filter: 1660033
  ->  Hash  (cost=220309.49..220309.49 rows=2609129 width=8) (actual time=5572.478..5572.478 rows=2609129 loops=1)
        Buckets: 131072  Batches: 64  Memory Usage: 2610kB
        ->  Hash Join  (cost=102767.86..220309.49 rows=2609129 width=8) (actual time=1483.507..4738.364 rows=2609129 loops=1)
              Hash Cond: (mc.movie_id = t.id)
              ->  Seq Scan on movie_companies mc  (cost=0.00..44881.29 rows=2609129 width=4) (actual time=0.014..608.480 rows=2609129 loops=1)
              ->  Hash  (cost=61283.27..61283.27 rows=2528527 width=4) (actual time=1482.262..1482.262 rows=2528312 loops=1)
                    Buckets: 131072  Batches: 64  Memory Usage: 2415kB
                    ->  Seq Scan on title t  (cost=0.00..61283.27 rows=2528527 width=4) (actual time=0.025..710.428 rows=2528312 loops=1)
Planning time: 1.053 ms
Execution time: 66616.430 ms
