Hash Join  (cost=720210.21..2800105.04 rows=79792557 width=0) (actual time=14642.588..57245.282 rows=60045063 loops=1)
  Hash Cond: (ci.movie_id = t.id)
  ->  Seq Scan on cast_info ci  (cost=0.00..614943.12 rows=36225612 width=4) (actual time=0.018..10763.040 rows=36244344 loops=1)
  ->  Hash  (cost=628835.77..628835.77 rows=5569475 width=8) (actual time=14640.753..14640.753 rows=2792072 loops=1)
        Buckets: 131072  Batches: 128  Memory Usage: 1848kB
        ->  Hash Join  (cost=89602.09..628835.77 rows=5569475 width=8) (actual time=1359.007..13927.125 rows=2792072 loops=1)
              Hash Cond: (mi.movie_id = t.id)
              ->  Seq Scan on movie_info mi  (cost=0.00..309384.22 rows=14739122 width=4) (actual time=0.014..4523.180 rows=14835720 loops=1)
              ->  Hash  (cost=73925.90..73925.90 rows=955455 width=4) (actual time=1353.262..1353.262 rows=885784 loops=1)
                    Buckets: 131072  Batches: 16  Memory Usage: 2977kB
                    ->  Seq Scan on title t  (cost=0.00..73925.90 rows=955455 width=4) (actual time=0.316..1071.267 rows=885784 loops=1)
                          Filter: ((kind_id > 4) AND (production_year < 2007))
                          Rows Removed by Filter: 1642528
Planning time: 1.133 ms
Execution time: 63591.927 ms
