Hash Join  (cost=73953.78..438739.70 rows=12999 width=0) (actual time=866.523..6794.759 rows=57944 loops=1)
  Hash Cond: (mi.movie_id = t.id)
  ->  Seq Scan on movie_info mi  (cost=0.00..309384.22 rows=14739122 width=4) (actual time=0.020..2968.875 rows=14835720 loops=1)
  ->  Hash  (cost=73925.90..73925.90 rows=2230 width=4) (actual time=865.914..865.914 rows=5133 loops=1)
        Buckets: 8192 (originally 4096)  Batches: 1 (originally 1)  Memory Usage: 245kB
        ->  Seq Scan on title t  (cost=0.00..73925.90 rows=2230 width=4) (actual time=0.696..863.217 rows=5133 loops=1)
              Filter: ((kind_id < 3) AND (production_year = 1979))
              Rows Removed by Filter: 2523179
Planning time: 0.741 ms
Execution time: 6805.347 ms
