Hash Join  (cost=871776.89..1510802.58 rows=2835244 width=0) (actual time=19940.597..34742.752 rows=9344191 loops=1)
  Hash Cond: (mi.movie_id = t.id)
  ->  Seq Scan on movie_info mi  (cost=0.00..309384.22 rows=14739122 width=4) (actual time=0.024..4521.196 rows=14835720 loops=1)
  ->  Hash  (cost=863796.99..863796.99 rows=486392 width=8) (actual time=19935.210..19935.210 rows=838165 loops=1)
        Buckets: 131072 (originally 131072)  Batches: 16 (originally 8)  Memory Usage: 3110kB
        ->  Hash Join  (cost=74657.79..863796.99 rows=486392 width=8) (actual time=983.334..18225.758 rows=838165 loops=1)
              Hash Cond: (ci.movie_id = t.id)
              ->  Seq Scan on cast_info ci  (cost=0.00..705507.15 rows=21004835 width=4) (actual time=0.081..10470.161 rows=20882926 loops=1)
                    Filter: (person_id < 2104390)
                    Rows Removed by Filter: 15361418
              ->  Hash  (cost=73925.90..73925.90 rows=58551 width=4) (actual time=982.854..982.854 rows=73511 loops=1)
                    Buckets: 131072 (originally 65536)  Batches: 1 (originally 1)  Memory Usage: 3609kB
                    ->  Seq Scan on title t  (cost=0.00..73925.90 rows=58551 width=4) (actual time=0.022..953.890 rows=73511 loops=1)
                          Filter: ((production_year < 2006) AND (kind_id = 3))
                          Rows Removed by Filter: 2454801
Planning time: 1.121 ms
Execution time: 35724.413 ms
