Hash Join  (cost=202937.05..1395442.54 rows=2634619 width=0) (actual time=4189.953..36147.570 rows=12325805 loops=1)
  Hash Cond: (ci.movie_id = t.id)
  ->  Seq Scan on cast_info ci  (cost=0.00..705507.15 rows=35896635 width=4) (actual time=0.030..13955.660 rows=35886837 loops=1)
        Filter: (person_id < 3996162)
        Rows Removed by Filter: 357507
  ->  Hash  (cost=199892.30..199892.30 rows=185580 width=8) (actual time=4188.879..4188.879 rows=164339 loops=1)
        Buckets: 131072  Batches: 4  Memory Usage: 2617kB
        ->  Hash Join  (cost=75628.47..199892.30 rows=185580 width=8) (actual time=863.325..3384.241 rows=164339 loops=1)
              Hash Cond: (mk.movie_id = t.id)
              ->  Seq Scan on movie_keyword mk  (cost=0.00..69693.30 rows=4523930 width=4) (actual time=0.014..1112.816 rows=4523930 loops=1)
              ->  Hash  (cost=73925.90..73925.90 rows=103725 width=4) (actual time=862.573..862.573 rows=98992 loops=1)
                    Buckets: 131072  Batches: 2  Memory Usage: 2766kB
                    ->  Seq Scan on title t  (cost=0.00..73925.90 rows=103725 width=4) (actual time=401.473..825.186 rows=98992 loops=1)
                          Filter: ((production_year > 2010) AND (kind_id = 1))
                          Rows Removed by Filter: 2429320
Planning time: 1.070 ms
Execution time: 37553.836 ms
