Seq Scan on movie_companies mc  (cost=0.00..57926.93 rows=542738 width=0) (actual time=0.023..964.002 rows=750744 loops=1)
  Filter: ((company_id < 7527) AND (company_type_id = 1))
  Rows Removed by Filter: 1858385
Planning time: 0.421 ms
Execution time: 1053.517 ms
