Hash Join  (cost=102767.86..231500.92 rows=1573042 width=0) (actual time=1708.680..4727.789 rows=1582119 loops=1)
  Hash Cond: (mk.movie_id = t.id)
  ->  Seq Scan on movie_keyword mk  (cost=0.00..81003.12 rows=1573042 width=4) (actual time=0.010..1296.293 rows=1582119 loops=1)
        Filter: (keyword_id < 2403)
        Rows Removed by Filter: 2941811
  ->  Hash  (cost=61283.27..61283.27 rows=2528527 width=4) (actual time=1706.897..1706.897 rows=2528312 loops=1)
        Buckets: 131072  Batches: 64  Memory Usage: 2425kB
        ->  Seq Scan on title t  (cost=0.00..61283.27 rows=2528527 width=4) (actual time=0.015..838.147 rows=2528312 loops=1)
Planning time: 0.754 ms
Execution time: 4932.818 ms
