Seq Scan on cast_info ci  (cost=0.00..796071.18 rows=1863531 width=0) (actual time=1547.037..9531.410 rows=1608 loops=1)
  Filter: ((person_id < 896545) AND (role_id = 2))
  Rows Removed by Filter: 36242736
Planning time: 0.270 ms
Execution time: 9531.801 ms
