Hash Join  (cost=58375.86..409379.90 rows=22 width=0) (actual time=3502.043..5107.314 rows=2 loops=1)
  Hash Cond: (mi.movie_id = t.id)
  ->  Seq Scan on movie_info mi  (cost=0.00..346232.03 rows=1272478 width=4) (actual time=2526.781..4212.056 rows=1325361 loops=1)
        Filter: (info_type_id = 8)
        Rows Removed by Filter: 13510359
  ->  Hash  (cost=58375.31..58375.31 rows=44 width=8) (actual time=708.500..708.500 rows=2 loops=1)
        Buckets: 1024  Batches: 1  Memory Usage: 9kB
        ->  Nested Loop  (cost=0.43..58375.31 rows=44 width=8) (actual time=181.404..708.488 rows=2 loops=1)
              ->  Seq Scan on movie_companies mc  (cost=0.00..57926.93 rows=53 width=4) (actual time=181.332..708.366 rows=2 loops=1)
                    Filter: ((company_id = 130922) AND (company_type_id = 2))
                    Rows Removed by Filter: 2609127
              ->  Index Scan using title_pkey on title t  (cost=0.43..8.45 rows=1 width=4) (actual time=0.046..0.047 rows=1 loops=2)
                    Index Cond: (id = mc.movie_id)
                    Filter: (production_year > 1969)
Planning time: 1.165 ms
Execution time: 5107.452 ms
