Hash Join  (cost=202348.47..1334446.71 rows=2161547 width=0) (actual time=3591.040..30503.601 rows=6245709 loops=1)
  Hash Cond: (ci.movie_id = t.id)
  ->  Seq Scan on cast_info ci  (cost=0.00..705507.15 rows=31554923 width=4) (actual time=0.025..13756.050 rows=31605208 loops=1)
        Filter: (role_id < 10)
        Rows Removed by Filter: 4639136
  ->  Hash  (cost=199506.38..199506.38 rows=173207 width=8) (actual time=3590.015..3590.015 rows=162816 loops=1)
        Buckets: 131072  Batches: 4  Memory Usage: 2614kB
        ->  Hash Join  (cost=69374.09..199506.38 rows=173207 width=8) (actual time=821.449..3543.119 rows=162816 loops=1)
              Hash Cond: (mk.movie_id = t.id)
              ->  Seq Scan on movie_keyword mk  (cost=0.00..81003.12 rows=4062693 width=4) (actual time=0.025..1551.635 rows=4051881 loops=1)
                    Filter: (keyword_id > 356)
                    Rows Removed by Filter: 472049
              ->  Hash  (cost=67604.59..67604.59 rows=107800 width=4) (actual time=819.140..819.140 rows=108429 loops=1)
                    Buckets: 131072  Batches: 2  Memory Usage: 2938kB
                    ->  Seq Scan on title t  (cost=0.00..67604.59 rows=107800 width=4) (actual time=0.037..778.295 rows=108429 loops=1)
                          Filter: (production_year = 2006)
                          Rows Removed by Filter: 2419883
Planning time: 1.031 ms
Execution time: 31208.179 ms
