Seq Scan on cast_info ci  (cost=0.00..705507.15 rows=500 width=0) (actual time=1391.364..8369.698 rows=16 loops=1)
  Filter: (person_id = 1466186)
  Rows Removed by Filter: 36244328
Planning time: 0.338 ms
Execution time: 8369.778 ms
