Seq Scan on movie_companies mc  (cost=0.00..57926.93 rows=5539 width=0) (actual time=9.766..585.629 rows=9920 loops=1)
  Filter: ((company_id > 225514) AND (company_type_id = 2))
  Rows Removed by Filter: 2599209
Planning time: 0.378 ms
Execution time: 587.050 ms
