Seq Scan on movie_companies mc  (cost=0.00..51404.11 rows=483676 width=0) (actual time=382.587..725.997 rows=486534 loops=1)
  Filter: (company_id > 74872)
  Rows Removed by Filter: 2122595
Planning time: 0.291 ms
Execution time: 788.364 ms
