Hash Join  (cost=83074.74..137742.81 rows=254 width=0) (actual time=990.357..1945.286 rows=1726 loops=1)
  Hash Cond: (mc.movie_id = t.id)
  ->  Seq Scan on movie_companies mc  (cost=0.00..44881.29 rows=2609129 width=4) (actual time=0.021..464.517 rows=2609129 loops=1)
  ->  Hash  (cost=83071.67..83071.67 rows=246 width=8) (actual time=990.130..990.130 rows=125 loops=1)
        Buckets: 1024  Batches: 1  Memory Usage: 13kB
        ->  Nested Loop  (cost=0.43..83071.67 rows=246 width=8) (actual time=4.755..989.975 rows=125 loops=1)
              ->  Seq Scan on movie_keyword mk  (cost=0.00..81003.12 rows=246 width=4) (actual time=4.683..985.621 rows=125 loops=1)
                    Filter: (keyword_id = 23023)
                    Rows Removed by Filter: 4523805
              ->  Index Only Scan using title_pkey on title t  (cost=0.43..8.40 rows=1 width=4) (actual time=0.030..0.031 rows=1 loops=125)
                    Index Cond: (id = mk.movie_id)
                    Heap Fetches: 125
Planning time: 1.320 ms
Execution time: 1945.716 ms
