Hash Join  (cost=240801.41..1484168.81 rows=15992126 width=0) (actual time=4748.976..44026.955 rows=37261485 loops=1)
  Hash Cond: (ci.movie_id = t.id)
  ->  Seq Scan on cast_info ci  (cost=0.00..614943.12 rows=36225612 width=4) (actual time=0.013..10425.365 rows=36244344 loops=1)
  ->  Hash  (cost=222487.40..222487.40 rows=1116241 width=8) (actual time=4748.131..4748.131 rows=639683 loops=1)
        Buckets: 131072  Batches: 16  Memory Usage: 2592kB
        ->  Hash Join  (cost=78473.92..222487.40 rows=1116241 width=8) (actual time=1089.651..4562.504 rows=639683 loops=1)
              Hash Cond: (mk.movie_id = t.id)
              ->  Seq Scan on movie_keyword mk  (cost=0.00..81003.12 rows=4260251 width=4) (actual time=0.019..1523.455 rows=4259177 loops=1)
                    Filter: (keyword_id < 59058)
                    Rows Removed by Filter: 264753
              ->  Hash  (cost=67604.59..67604.59 rows=662507 width=4) (actual time=1087.478..1087.478 rows=662065 loops=1)
                    Buckets: 131072  Batches: 16  Memory Usage: 2488kB
                    ->  Seq Scan on title t  (cost=0.00..67604.59 rows=662507 width=4) (actual time=0.020..872.603 rows=662065 loops=1)
                          Filter: (production_year > 2008)
                          Rows Removed by Filter: 1866247
Planning time: 0.702 ms
Execution time: 48160.925 ms
