Nested Loop  (cost=0.43..66983.38 rows=381 width=0) (actual time=6.762..380.183 rows=203 loops=1)
  ->  Seq Scan on movie_companies mc  (cost=0.00..57926.93 rows=1108 width=4) (actual time=0.017..364.572 rows=1169 loops=1)
        Filter: ((company_id = 439) AND (company_type_id = 2))
        Rows Removed by Filter: 2607960
  ->  Index Scan using title_pkey on title t  (cost=0.43..8.16 rows=1 width=4) (actual time=0.013..0.013 rows=0 loops=1169)
        Index Cond: (id = mc.movie_id)
        Filter: ((kind_id < 7) AND (production_year < 2012))
        Rows Removed by Filter: 1
Planning time: 0.849 ms
Execution time: 380.362 ms
