Hash Join  (cost=126664.07..204659.49 rows=213690 width=0) (actual time=2358.791..4219.048 rows=743299 loops=1)
  Hash Cond: (mc.movie_id = t.id)
  ->  Seq Scan on movie_companies mc  (cost=0.00..44881.29 rows=2609129 width=4) (actual time=0.020..680.256 rows=2609129 loops=1)
  ->  Hash  (cost=123266.46..123266.46 rows=207089 width=8) (actual time=2358.031..2358.031 rows=251034 loops=1)
        Buckets: 131072  Batches: 4  Memory Usage: 3480kB
        ->  Hash Join  (cost=86241.46..123266.46 rows=207089 width=8) (actual time=1330.056..2277.111 rows=251034 loops=1)
              Hash Cond: (mi_idx.movie_id = t.id)
              ->  Seq Scan on movie_info_idx mi_idx  (cost=0.00..25185.44 rows=460978 width=4) (actual time=0.035..416.828 rows=459925 loops=1)
                    Filter: (info_type_id < 100)
                    Rows Removed by Filter: 920110
              ->  Hash  (cost=67604.59..67604.59 rows=1135910 width=4) (actual time=1328.839..1328.839 rows=1133355 loops=1)
                    Buckets: 131072  Batches: 16  Memory Usage: 3516kB
                    ->  Seq Scan on title t  (cost=0.00..67604.59 rows=1135910 width=4) (actual time=0.015..974.991 rows=1133355 loops=1)
                          Filter: (production_year < 2002)
                          Rows Removed by Filter: 1394957
Planning time: 1.320 ms
Execution time: 4300.475 ms
