Hash Join  (cost=101887.88..855994.98 rows=331799 width=0) (actual time=1500.195..16397.245 rows=810631 loops=1)
  Hash Cond: (ci.movie_id = t.id)
  ->  Seq Scan on cast_info ci  (cost=0.00..614943.12 rows=36225612 width=4) (actual time=0.019..6199.741 rows=36244344 loops=1)
  ->  Hash  (cost=101598.39..101598.39 rows=23159 width=8) (actual time=1499.934..1499.934 rows=25731 loops=1)
        Buckets: 32768  Batches: 1  Memory Usage: 1262kB
        ->  Hash Join  (cost=74456.32..101598.39 rows=23159 width=8) (actual time=869.966..1491.199 rows=25731 loops=1)
              Hash Cond: (mi_idx.movie_id = t.id)
              ->  Seq Scan on movie_info_idx mi_idx  (cost=0.00..21735.35 rows=1380035 width=4) (actual time=0.015..267.452 rows=1380035 loops=1)
              ->  Hash  (cost=73925.90..73925.90 rows=42433 width=4) (actual time=869.598..869.598 rows=37411 loops=1)
                    Buckets: 65536  Batches: 1  Memory Usage: 1828kB
                    ->  Seq Scan on title t  (cost=0.00..73925.90 rows=42433 width=4) (actual time=0.024..854.925 rows=37411 loops=1)
                          Filter: ((kind_id = 1) AND (production_year = 2011))
                          Rows Removed by Filter: 2490901
Planning time: 1.146 ms
Execution time: 16509.396 ms
