Seq Scan on movie_keyword mk  (cost=0.00..81003.12 rows=246 width=0) (actual time=2.716..1030.104 rows=429 loops=1)
  Filter: (keyword_id = 6420)
  Rows Removed by Filter: 4523501
Planning time: 0.364 ms
Execution time: 1030.354 ms
