Hash Join  (cost=421985.00..2457782.85 rows=49975365 width=148) (actual time=9404.900..93972.687 rows=173377634 loops=1)
  Hash Cond: (ci.movie_id = t.id)
  ->  Seq Scan on cast_info ci  (cost=0.00..614943.12 rows=36225612 width=42) (actual time=0.013..10045.816 rows=36244344 loops=1)
  ->  Hash  (cost=320470.85..320470.85 rows=3488252 width=106) (actual time=9397.209..9397.209 rows=3226459 loops=1)
        Buckets: 32768  Batches: 256  Memory Usage: 1876kB
        ->  Hash Join  (cost=120535.38..320470.85 rows=3488252 width=106) (actual time=2171.764..7455.217 rows=3226459 loops=1)
              Hash Cond: (mk.movie_id = t.id)
              ->  Seq Scan on movie_keyword mk  (cost=0.00..69693.30 rows=4523930 width=12) (actual time=0.015..1247.681 rows=4523930 loops=1)
              ->  Hash  (cost=67604.59..67604.59 rows=1949663 width=94) (actual time=2167.737..2167.737 rows=1947263 loops=1)
                    Buckets: 32768  Batches: 128  Memory Usage: 1972kB
                    ->  Seq Scan on title t  (cost=0.00..67604.59 rows=1949663 width=94) (actual time=0.013..1182.327 rows=1947263 loops=1)
                          Filter: (production_year > 1979)
                          Rows Removed by Filter: 581049
Planning time: 0.927 ms
Execution time: 100446.534 ms
