Hash Join  (cost=671884.81..1609607.58 rows=11787039 width=0) (actual time=12414.418..32504.697 rows=32492163 loops=1)
  Hash Cond: (ci.movie_id = t.id)
  ->  Seq Scan on cast_info ci  (cost=0.00..705507.15 rows=5662426 width=4) (actual time=3.326..9373.728 rows=5580065 loops=1)
        Filter: (person_id < 539051)
        Rows Removed by Filter: 30664279
  ->  Hash  (cost=585530.80..585530.80 rows=5263441 width=8) (actual time=12410.017..12410.017 rows=5270569 loops=1)
        Buckets: 131072  Batches: 128  Memory Usage: 2642kB
        ->  Hash Join  (cost=102767.86..585530.80 rows=5263441 width=8) (actual time=1635.276..10979.758 rows=5270569 loops=1)
              Hash Cond: (mi.movie_id = t.id)
              ->  Seq Scan on movie_info mi  (cost=0.00..346232.03 rows=5263441 width=4) (actual time=120.769..4550.950 rows=5270569 loops=1)
                    Filter: (info_type_id > 15)
                    Rows Removed by Filter: 9565151
              ->  Hash  (cost=61283.27..61283.27 rows=2528527 width=4) (actual time=1503.735..1503.735 rows=2528312 loops=1)
                    Buckets: 131072  Batches: 64  Memory Usage: 2425kB
                    ->  Seq Scan on title t  (cost=0.00..61283.27 rows=2528527 width=4) (actual time=0.044..728.922 rows=2528312 loops=1)
Planning time: 1.998 ms
Execution time: 35872.006 ms
