Hash Join  (cost=122937.35..477422.13 rows=43340 width=0) (actual time=5385.661..6374.133 rows=70437 loops=1)
  Hash Cond: (mi.movie_id = t.id)
  ->  Seq Scan on movie_info mi  (cost=0.00..346232.03 rows=616095 width=4) (actual time=3329.582..4095.370 rows=598457 loops=1)
        Filter: (info_type_id = 15)
        Rows Removed by Filter: 14237263
  ->  Hash  (cost=120018.93..120018.93 rows=177874 width=8) (actual time=2017.166..2017.166 rows=76248 loops=1)
        Buckets: 131072  Batches: 4  Memory Usage: 1770kB
        ->  Hash Join  (cost=79273.71..120018.93 rows=177874 width=8) (actual time=928.669..1991.460 rows=76248 loops=1)
              Hash Cond: (mi_idx.movie_id = t.id)
              ->  Seq Scan on movie_info_idx mi_idx  (cost=0.00..21735.35 rows=1380035 width=4) (actual time=0.018..369.255 rows=1380035 loops=1)
              ->  Hash  (cost=73925.90..73925.90 rows=325904 width=4) (actual time=927.513..927.513 rows=349534 loops=1)
                    Buckets: 131072  Batches: 8  Memory Usage: 2566kB
                    ->  Seq Scan on title t  (cost=0.00..73925.90 rows=325904 width=4) (actual time=0.027..824.178 rows=349534 loops=1)
                          Filter: ((production_year > 2009) AND (kind_id = 7))
                          Rows Removed by Filter: 2178778
Planning time: 1.426 ms
Execution time: 6384.430 ms
