Hash Join  (cost=108430.04..866732.31 rows=751314 width=0) (actual time=1496.368..15403.101 rows=142886 loops=1)
  Hash Cond: (ci.movie_id = t.id)
  ->  Seq Scan on cast_info ci  (cost=0.00..614943.12 rows=36225612 width=4) (actual time=0.021..6088.502 rows=36244344 loops=1)
  ->  Hash  (cost=107774.53..107774.53 rows=52441 width=8) (actual time=1494.962..1494.962 rows=18305 loops=1)
        Buckets: 65536  Batches: 1  Memory Usage: 1228kB
        ->  Hash Join  (cost=69181.64..107774.53 rows=52441 width=8) (actual time=769.809..1488.238 rows=18305 loops=1)
              Hash Cond: (mi_idx.movie_id = t.id)
              ->  Seq Scan on movie_info_idx mi_idx  (cost=0.00..21735.35 rows=1380035 width=4) (actual time=0.023..327.275 rows=1380035 loops=1)
              ->  Hash  (cost=67604.59..67604.59 rows=96084 width=4) (actual time=717.572..717.572 rows=95965 loops=1)
                    Buckets: 131072  Batches: 2  Memory Usage: 2709kB
                    ->  Seq Scan on title t  (cost=0.00..67604.59 rows=96084 width=4) (actual time=134.385..683.677 rows=95965 loops=1)
                          Filter: (production_year < 1923)
                          Rows Removed by Filter: 2432347
Planning time: 1.032 ms
Execution time: 15423.801 ms
