Nested Loop  (cost=0.43..132162.07 rows=1951 width=0) (actual time=46.397..1161.556 rows=5526 loops=1)
  ->  Seq Scan on movie_keyword mk  (cost=0.00..81003.12 rows=7389 width=4) (actual time=0.020..1055.856 rows=7328 loops=1)
        Filter: (keyword_id = 229)
        Rows Removed by Filter: 4516602
  ->  Index Scan using title_pkey on title t  (cost=0.43..6.91 rows=1 width=4) (actual time=0.013..0.014 rows=1 loops=7328)
        Index Cond: (id = mk.movie_id)
        Filter: (kind_id = 1)
        Rows Removed by Filter: 0
Planning time: 0.622 ms
Execution time: 1163.274 ms
