Seq Scan on movie_keyword mk  (cost=0.00..81003.12 rows=246 width=0) (actual time=1.915..1102.319 rows=29 loops=1)
  Filter: (keyword_id = 20970)
  Rows Removed by Filter: 4523901
Planning time: 0.330 ms
Execution time: 1102.426 ms
