Hash Join  (cost=200765.18..232204.38 rows=31580 width=0) (actual time=3810.063..4533.108 rows=136171 loops=1)
  Hash Cond: (mi_idx.movie_id = t.id)
  ->  Seq Scan on movie_info_idx mi_idx  (cost=0.00..25185.44 rows=454124 width=4) (actual time=0.032..485.801 rows=459925 loops=1)
        Filter: (info_type_id = 100)
        Rows Removed by Filter: 920110
  ->  Hash  (cost=197880.27..197880.27 rows=175833 width=8) (actual time=3809.233..3809.233 rows=172573 loops=1)
        Buckets: 131072  Batches: 4  Memory Usage: 2720kB
        ->  Hash Join  (cost=102767.86..197880.27 rows=175833 width=8) (actual time=1902.040..3757.932 rows=172573 loops=1)
              Hash Cond: (mk.movie_id = t.id)
              ->  Seq Scan on movie_keyword mk  (cost=0.00..81003.12 rows=175833 width=4) (actual time=0.024..1328.139 rows=172573 loops=1)
                    Filter: (keyword_id > 72034)
                    Rows Removed by Filter: 4351357
              ->  Hash  (cost=61283.27..61283.27 rows=2528527 width=4) (actual time=1899.158..1899.158 rows=2528312 loops=1)
                    Buckets: 131072  Batches: 64  Memory Usage: 2425kB
                    ->  Seq Scan on title t  (cost=0.00..61283.27 rows=2528527 width=4) (actual time=0.015..1048.190 rows=2528312 loops=1)
Planning time: 1.314 ms
Execution time: 4548.297 ms
