Hash Join  (cost=156649.15..224193.66 rows=107013 width=0) (actual time=3033.309..4103.849 rows=164714 loops=1)
  Hash Cond: (mc.movie_id = t.id)
  ->  Seq Scan on movie_companies mc  (cost=0.00..57926.93 rows=581987 width=4) (actual time=53.102..850.443 rows=369990 loops=1)
        Filter: ((company_id < 8526) AND (company_type_id = 2))
        Rows Removed by Filter: 2239139
  ->  Hash  (cost=149020.47..149020.47 rows=464934 width=8) (actual time=2979.384..2979.384 rows=460185 loops=1)
        Buckets: 131072  Batches: 8  Memory Usage: 3276kB
        ->  Hash Join  (cost=102767.86..149020.47 rows=464934 width=8) (actual time=1519.626..2860.711 rows=460185 loops=1)
              Hash Cond: (mi_idx.movie_id = t.id)
              ->  Seq Scan on movie_info_idx mi_idx  (cost=0.00..25185.44 rows=464934 width=4) (actual time=0.026..408.774 rows=460185 loops=1)
                    Filter: (info_type_id > 100)
                    Rows Removed by Filter: 919850
              ->  Hash  (cost=61283.27..61283.27 rows=2528527 width=4) (actual time=1518.094..1518.094 rows=2528312 loops=1)
                    Buckets: 131072  Batches: 64  Memory Usage: 2415kB
                    ->  Seq Scan on title t  (cost=0.00..61283.27 rows=2528527 width=4) (actual time=0.018..752.978 rows=2528312 loops=1)
Planning time: 1.131 ms
Execution time: 4122.034 ms
