Seq Scan on movie_companies mc  (cost=0.00..57926.93 rows=1110796 width=0) (actual time=317.145..1052.054 rows=1274246 loops=1)
  Filter: ((company_id < 88504) AND (company_type_id < 2))
  Rows Removed by Filter: 1334883
Planning time: 0.324 ms
Execution time: 1219.886 ms
