Seq Scan on cast_info ci  (cost=0.00..796071.18 rows=11408075 width=0) (actual time=7255.769..11949.951 rows=8982416 loops=1)
  Filter: ((person_id > 1525291) AND (role_id < 3))
  Rows Removed by Filter: 27261928
Planning time: 0.331 ms
Execution time: 13047.958 ms
