Seq Scan on movie_companies mc  (cost=0.00..51404.11 rows=104 width=0) (actual time=4.670..595.597 rows=102 loops=1)
  Filter: (company_id = 4628)
  Rows Removed by Filter: 2609027
Planning time: 0.251 ms
Execution time: 595.685 ms
