Seq Scan on cast_info ci  (cost=0.00..705507.15 rows=10226832 width=0) (actual time=428.957..9327.872 rows=10051443 loops=1)
  Filter: (person_id < 988470)
  Rows Removed by Filter: 26192901
Planning time: 0.349 ms
Execution time: 10569.483 ms
