Hash Join  (cost=447040.05..1330471.19 rows=1107651 width=0) (actual time=6147.704..24507.172 rows=3445560 loops=1)
  Hash Cond: (ci.movie_id = t.id)
  ->  Seq Scan on cast_info ci  (cost=0.00..705507.15 rows=14364124 width=4) (actual time=0.081..11198.296 rows=14296969 loops=1)
        Filter: (person_id < 1407479)
        Rows Removed by Filter: 21947375
  ->  Hash  (cost=443840.78..443840.78 rows=194981 width=8) (actual time=6146.722..6146.722 rows=398143 loops=1)
        Buckets: 131072 (originally 131072)  Batches: 8 (originally 4)  Memory Usage: 3073kB
        ->  Hash Join  (cost=83915.32..443840.78 rows=194981 width=8) (actual time=1720.899..6031.509 rows=398143 loops=1)
              Hash Cond: (mi.movie_id = t.id)
              ->  Seq Scan on movie_info mi  (cost=0.00..346232.03 rows=809768 width=4) (actual time=379.262..4271.234 rows=802140 loops=1)
                    Filter: (info_type_id < 2)
                    Rows Removed by Filter: 14033580
              ->  Hash  (cost=73925.90..73925.90 rows=608833 width=4) (actual time=1198.516..1198.516 rows=499571 loops=1)
                    Buckets: 131072  Batches: 8  Memory Usage: 3242kB
                    ->  Seq Scan on title t  (cost=0.00..73925.90 rows=608833 width=4) (actual time=0.086..1035.972 rows=499571 loops=1)
                          Filter: ((production_year > 1947) AND (kind_id = 1))
                          Rows Removed by Filter: 2028741
Planning time: 1.092 ms
Execution time: 24875.116 ms
