Hash Join  (cost=173213.80..287637.22 rows=233822 width=0) (actual time=3407.515..6247.145 rows=1114458 loops=1)
  Hash Cond: (mk.movie_id = t.id)
  ->  Seq Scan on movie_keyword mk  (cost=0.00..81003.12 rows=2611487 width=4) (actual time=0.017..1586.744 rows=2602428 loops=1)
        Filter: (keyword_id < 7008)
        Rows Removed by Filter: 1921502
  ->  Hash  (cost=169498.87..169498.87 rows=226394 width=8) (actual time=3406.689..3406.689 rows=227949 loops=1)
        Buckets: 131072  Batches: 4  Memory Usage: 3267kB
        ->  Hash Join  (cost=102767.86..169498.87 rows=226394 width=8) (actual time=2284.527..3337.299 rows=227949 loops=1)
              Hash Cond: (mc.movie_id = t.id)
              ->  Seq Scan on movie_companies mc  (cost=0.00..51404.11 rows=226394 width=4) (actual time=379.554..879.195 rows=227949 loops=1)
                    Filter: (company_id > 105952)
                    Rows Removed by Filter: 2381180
              ->  Hash  (cost=61283.27..61283.27 rows=2528527 width=4) (actual time=1904.122..1904.122 rows=2528312 loops=1)
                    Buckets: 131072  Batches: 64  Memory Usage: 2415kB
                    ->  Seq Scan on title t  (cost=0.00..61283.27 rows=2528527 width=4) (actual time=0.025..1094.631 rows=2528312 loops=1)
Planning time: 1.233 ms
Execution time: 6380.282 ms
