Seq Scan on cast_info ci  (cost=0.00..796071.18 rows=631901 width=0) (actual time=3197.889..10386.473 rows=856300 loops=1)
  Filter: ((person_id > 2342004) AND (role_id = 8))
  Rows Removed by Filter: 35388044
Planning time: 0.359 ms
Execution time: 10494.458 ms
