Seq Scan on movie_keyword mk  (cost=0.00..81003.12 rows=246 width=0) (actual time=9.297..1159.950 rows=65 loops=1)
  Filter: (keyword_id = 17494)
  Rows Removed by Filter: 4523865
Planning time: 0.354 ms
Execution time: 1160.099 ms
