Seq Scan on movie_keyword mk  (cost=0.00..81003.12 rows=2572237 width=0) (actual time=0.015..1330.815 rows=2562954 loops=1)
  Filter: (keyword_id > 3425)
  Rows Removed by Filter: 1960976
Planning time: 0.319 ms
Execution time: 1655.685 ms
