Seq Scan on movie_keyword mk  (cost=0.00..81003.12 rows=3910684 width=0) (actual time=0.024..1431.123 rows=3909979 loops=1)
  Filter: (keyword_id < 29826)
  Rows Removed by Filter: 613951
Planning time: 0.318 ms
Execution time: 1933.379 ms
