Seq Scan on movie_companies mc  (cost=0.00..51404.11 rows=1571335 width=0) (actual time=0.022..757.749 rows=1573192 loops=1)
  Filter: (company_id > 5847)
  Rows Removed by Filter: 1035937
Planning time: 0.308 ms
Execution time: 951.140 ms
