Hash Join  (cost=102767.86..199296.55 rows=1464774 width=0) (actual time=1574.181..4034.552 rows=1468761 loops=1)
  Hash Cond: (mc.movie_id = t.id)
  ->  Seq Scan on movie_companies mc  (cost=0.00..51404.11 rows=1464774 width=4) (actual time=0.025..884.559 rows=1468761 loops=1)
        Filter: (company_id > 8611)
        Rows Removed by Filter: 1140368
  ->  Hash  (cost=61283.27..61283.27 rows=2528527 width=4) (actual time=1572.959..1572.959 rows=2528312 loops=1)
        Buckets: 131072  Batches: 64  Memory Usage: 2415kB
        ->  Seq Scan on title t  (cost=0.00..61283.27 rows=2528527 width=4) (actual time=0.009..790.958 rows=2528312 loops=1)
Planning time: 0.680 ms
Execution time: 4209.974 ms
