Hash Join  (cost=75384.88..111869.83 rows=32305 width=0) (actual time=1131.035..1958.266 rows=18916 loops=1)
  Hash Cond: (mi_idx.movie_id = t.id)
  ->  Seq Scan on movie_info_idx mi_idx  (cost=0.00..25185.44 rows=919057 width=4) (actual time=0.027..494.261 rows=920110 loops=1)
        Filter: (info_type_id > 99)
        Rows Removed by Filter: 459925
  ->  Hash  (cost=73925.90..73925.90 rows=88878 width=4) (actual time=1130.270..1130.270 rows=96722 loops=1)
        Buckets: 131072  Batches: 2  Memory Usage: 2730kB
        ->  Seq Scan on title t  (cost=0.00..73925.90 rows=88878 width=4) (actual time=0.014..1093.149 rows=96722 loops=1)
              Filter: ((kind_id > 2) AND (production_year = 2008))
              Rows Removed by Filter: 2431590
Planning time: 0.735 ms
Execution time: 1961.517 ms
