Nested Loop  (cost=0.43..83071.67 rows=246 width=0) (actual time=7.994..977.580 rows=455 loops=1)
  ->  Seq Scan on movie_keyword mk  (cost=0.00..81003.12 rows=246 width=4) (actual time=7.895..967.005 rows=455 loops=1)
        Filter: (keyword_id = 16348)
        Rows Removed by Filter: 4523475
  ->  Index Only Scan using title_pkey on title t  (cost=0.43..8.40 rows=1 width=4) (actual time=0.021..0.022 rows=1 loops=455)
        Index Cond: (id = mk.movie_id)
        Heap Fetches: 455
Planning time: 0.989 ms
Execution time: 977.819 ms
