Hash Join  (cost=261571.99..446964.78 rows=4051144 width=0) (actual time=5844.174..17283.667 rows=30967711 loops=1)
  Hash Cond: (mk.movie_id = t.id)
  ->  Seq Scan on movie_keyword mk  (cost=0.00..81003.12 rows=4250843 width=4) (actual time=0.025..1581.109 rows=4250936 loops=1)
        Filter: (keyword_id < 57901)
        Rows Removed by Filter: 272994
  ->  Hash  (cost=222036.24..222036.24 rows=2409740 width=8) (actual time=5842.845..5842.845 rows=2408261 loops=1)
        Buckets: 131072  Batches: 32  Memory Usage: 4001kB
        ->  Hash Join  (cost=102767.86..222036.24 rows=2409740 width=8) (actual time=1680.497..5104.328 rows=2408261 loops=1)
              Hash Cond: (mc.movie_id = t.id)
              ->  Seq Scan on movie_companies mc  (cost=0.00..51404.11 rows=2409740 width=4) (actual time=0.035..1009.413 rows=2408261 loops=1)
                    Filter: (company_id < 113167)
                    Rows Removed by Filter: 200868
              ->  Hash  (cost=61283.27..61283.27 rows=2528527 width=4) (actual time=1679.680..1679.680 rows=2528312 loops=1)
                    Buckets: 131072  Batches: 64  Memory Usage: 2415kB
                    ->  Seq Scan on title t  (cost=0.00..61283.27 rows=2528527 width=4) (actual time=0.024..830.989 rows=2528312 loops=1)
Planning time: 1.123 ms
Execution time: 20674.140 ms
