Hash Join  (cost=123871.12..232475.96 rows=240203 width=0) (actual time=2203.558..4493.946 rows=383067 loops=1)
  Hash Cond: (mk.movie_id = t.id)
  ->  Seq Scan on movie_keyword mk  (cost=0.00..81003.12 rows=2080716 width=4) (actual time=0.016..1390.911 rows=2090322 loops=1)
        Filter: (keyword_id < 3741)
        Rows Removed by Filter: 2433608
  ->  Hash  (cost=119081.37..119081.37 rows=291900 width=8) (actual time=2202.183..2202.183 rows=192209 loops=1)
        Buckets: 131072  Batches: 4  Memory Usage: 2902kB
        ->  Hash Join  (cost=76379.89..119081.37 rows=291900 width=8) (actual time=1019.332..2136.334 rows=192209 loops=1)
              Hash Cond: (mi_idx.movie_id = t.id)
              ->  Seq Scan on movie_info_idx mi_idx  (cost=0.00..21735.35 rows=1380035 width=4) (actual time=0.015..382.283 rows=1380035 loops=1)
              ->  Hash  (cost=67604.59..67604.59 rows=534824 width=4) (actual time=1018.570..1018.570 rows=533369 loops=1)
                    Buckets: 131072  Batches: 8  Memory Usage: 3369kB
                    ->  Seq Scan on title t  (cost=0.00..67604.59 rows=534824 width=4) (actual time=0.018..854.411 rows=533369 loops=1)
                          Filter: (production_year > 2009)
                          Rows Removed by Filter: 1994943
Planning time: 1.122 ms
Execution time: 4541.445 ms
