Seq Scan on movie_keyword mk  (cost=0.00..81003.12 rows=2792603 width=0) (actual time=0.030..1305.196 rows=2782086 loops=1)
  Filter: (keyword_id > 2845)
  Rows Removed by Filter: 1741844
Planning time: 0.267 ms
Execution time: 1665.163 ms
