Hash Join  (cost=262382.66..1702664.80 rows=30114177 width=0) (actual time=6547.835..53691.461 rows=66623416 loops=1)
  Hash Cond: (ci.movie_id = t.id)
  ->  Seq Scan on cast_info ci  (cost=0.00..705507.15 rows=30134115 width=4) (actual time=0.022..13960.446 rows=30252561 loops=1)
        Filter: (person_id > 579579)
        Rows Removed by Filter: 5991783
  ->  Hash  (cost=220925.99..220925.99 rows=2526854 width=8) (actual time=6546.778..6546.778 rows=2566842 loops=1)
        Buckets: 131072  Batches: 64  Memory Usage: 2584kB
        ->  Hash Join  (cost=107780.51..220925.99 rows=2526854 width=8) (actual time=1908.074..5202.678 rows=2566842 loops=1)
              Hash Cond: (mc.movie_id = t.id)
              ->  Seq Scan on movie_companies mc  (cost=0.00..44881.29 rows=2609129 width=4) (actual time=0.023..775.934 rows=2609129 loops=1)
              ->  Hash  (cost=67604.59..67604.59 rows=2448794 width=4) (actual time=1906.637..1906.637 rows=2446783 loops=1)
                    Buckets: 131072  Batches: 32  Memory Usage: 3711kB
                    ->  Seq Scan on title t  (cost=0.00..67604.59 rows=2448794 width=4) (actual time=0.020..1137.135 rows=2446783 loops=1)
                          Filter: (production_year > 1901)
                          Rows Removed by Filter: 81529
Planning time: 1.084 ms
Execution time: 60891.008 ms
