Hash Join  (cost=445232.86..572691.10 rows=447820 width=0) (actual time=6295.675..9714.216 rows=1243950 loops=1)
  Hash Cond: (mk.movie_id = t.id)
  ->  Seq Scan on movie_keyword mk  (cost=0.00..69693.30 rows=4523930 width=4) (actual time=0.026..1185.172 rows=4523930 loops=1)
  ->  Hash  (cost=441126.15..441126.15 rows=250297 width=8) (actual time=6294.782..6294.782 rows=363019 loops=1)
        Buckets: 131072 (originally 131072)  Batches: 8 (originally 4)  Memory Usage: 3073kB
        ->  Hash Join  (cost=75818.69..441126.15 rows=250297 width=8) (actual time=1856.125..6163.490 rows=363019 loops=1)
              Hash Cond: (mi.movie_id = t.id)
              ->  Seq Scan on movie_info mi  (cost=0.00..346232.03 rows=1264125 width=4) (actual time=842.496..4301.769 rows=1288928 loops=1)
                    Filter: (info_type_id = 2)
                    Rows Removed by Filter: 13546792
              ->  Hash  (cost=67604.59..67604.59 rows=500648 width=4) (actual time=1012.470..1012.470 rows=494029 loops=1)
                    Buckets: 131072  Batches: 8  Memory Usage: 3194kB
                    ->  Seq Scan on title t  (cost=0.00..67604.59 rows=500648 width=4) (actual time=0.022..853.392 rows=494029 loops=1)
                          Filter: (production_year < 1979)
                          Rows Removed by Filter: 2034283
Planning time: 1.139 ms
Execution time: 9873.358 ms
