Hash Join  (cost=107755.55..284399.73 rows=3704276 width=0) (actual time=1945.672..6520.488 rows=3807044 loops=1)
  Hash Cond: (mk.movie_id = t.id)
  ->  Seq Scan on movie_keyword mk  (cost=0.00..81003.12 rows=3827259 width=4) (actual time=0.014..1538.696 rows=3829629 loops=1)
        Filter: (keyword_id > 574)
        Rows Removed by Filter: 694301
  ->  Hash  (cost=67604.59..67604.59 rows=2447277 width=4) (actual time=1944.120..1944.120 rows=2444984 loops=1)
        Buckets: 131072  Batches: 32  Memory Usage: 3719kB
        ->  Seq Scan on title t  (cost=0.00..67604.59 rows=2447277 width=4) (actual time=0.019..1142.182 rows=2444984 loops=1)
              Filter: (production_year > 1902)
              Rows Removed by Filter: 83328
Planning time: 0.703 ms
Execution time: 6956.863 ms
