Hash Join  (cost=130059.46..1144971.50 rows=3616858 width=0) (actual time=2811.300..31102.717 rows=6637595 loops=1)
  Hash Cond: (ci.movie_id = t.id)
  ->  Seq Scan on cast_info ci  (cost=0.00..705507.15 rows=23499554 width=4) (actual time=0.019..15796.453 rows=23573656 loops=1)
        Filter: (role_id > 1)
        Rows Removed by Filter: 12670688
  ->  Hash  (cost=123673.83..123673.83 rows=389170 width=8) (actual time=2810.382..2810.382 rows=469277 loops=1)
        Buckets: 131072  Batches: 8  Memory Usage: 3321kB
        ->  Hash Join  (cost=79303.65..123673.83 rows=389170 width=8) (actual time=1378.086..2687.425 rows=469277 loops=1)
              Hash Cond: (mi_idx.movie_id = t.id)
              ->  Seq Scan on movie_info_idx mi_idx  (cost=0.00..21735.35 rows=1380035 width=4) (actual time=0.014..504.552 rows=1380035 loops=1)
              ->  Hash  (cost=67604.59..67604.59 rows=713045 width=4) (actual time=1377.117..1377.117 rows=707186 loops=1)
                    Buckets: 131072  Batches: 16  Memory Usage: 2578kB
                    ->  Seq Scan on title t  (cost=0.00..67604.59 rows=713045 width=4) (actual time=0.026..1151.715 rows=707186 loops=1)
                          Filter: (production_year < 1991)
                          Rows Removed by Filter: 1821126
Planning time: 1.246 ms
Execution time: 31865.287 ms
