Seq Scan on movie_keyword mk  (cost=0.00..81003.12 rows=246 width=0) (actual time=131.832..974.526 rows=15 loops=1)
  Filter: (keyword_id = 45233)
  Rows Removed by Filter: 4523915
Planning time: 0.338 ms
Execution time: 974.618 ms
