Hash Join  (cost=76590.05..438987.80 rows=81693 width=0) (actual time=2207.315..6190.803 rows=20659 loops=1)
  Hash Cond: (mi.movie_id = t.id)
  ->  Seq Scan on movie_info mi  (cost=0.00..346232.03 rows=1272478 width=4) (actual time=1083.177..4452.878 rows=1325361 loops=1)
        Filter: (info_type_id = 8)
        Rows Removed by Filter: 13510359
  ->  Hash  (cost=73925.90..73925.90 rows=162332 width=4) (actual time=1122.776..1122.776 rows=162218 loops=1)
        Buckets: 131072  Batches: 4  Memory Usage: 2469kB
        ->  Seq Scan on title t  (cost=0.00..73925.90 rows=162332 width=4) (actual time=0.045..1060.734 rows=162218 loops=1)
              Filter: ((kind_id > 2) AND (production_year > 2011))
              Rows Removed by Filter: 2366094
Planning time: 0.698 ms
Execution time: 6194.063 ms
