Seq Scan on movie_keyword mk  (cost=0.00..81003.12 rows=1007044 width=0) (actual time=0.015..920.860 rows=1009410 loops=1)
  Filter: (keyword_id < 978)
  Rows Removed by Filter: 3514520
Planning time: 0.279 ms
Execution time: 1027.272 ms
