Seq Scan on movie_keyword mk  (cost=0.00..81003.12 rows=1059350 width=0) (actual time=0.015..1312.454 rows=1062830 loops=1)
  Filter: (keyword_id > 16516)
  Rows Removed by Filter: 3461100
Planning time: 0.337 ms
Execution time: 1444.645 ms
