Seq Scan on movie_companies mc  (cost=0.00..57926.93 rows=684465 width=0) (actual time=0.025..894.104 rows=436413 loops=1)
  Filter: ((company_id < 11402) AND (company_type_id = 2))
  Rows Removed by Filter: 2172716
Planning time: 0.362 ms
Execution time: 951.882 ms
