Hash Join  (cost=107432.01..489107.22 rows=1111929 width=0) (actual time=5228.829..7349.947 rows=1193788 loops=1)
  Hash Cond: (mi.movie_id = t.id)
  ->  Seq Scan on movie_info mi  (cost=0.00..346232.03 rows=1158179 width=4) (actual time=3471.339..4220.833 rows=1204709 loops=1)
        Filter: (info_type_id > 18)
        Rows Removed by Filter: 13631011
  ->  Hash  (cost=67604.59..67604.59 rows=2427554 width=4) (actual time=1754.972..1754.972 rows=2421168 loops=1)
        Buckets: 131072  Batches: 32  Memory Usage: 3694kB
        ->  Seq Scan on title t  (cost=0.00..67604.59 rows=2427554 width=4) (actual time=0.026..1057.942 rows=2421168 loops=1)
              Filter: (production_year > 1911)
              Rows Removed by Filter: 107144
Planning time: 0.760 ms
Execution time: 7497.051 ms
