Seq Scan on cast_info ci  (cost=0.00..796071.18 rows=775927 width=0) (actual time=0.026..9489.735 rows=1767417 loops=1)
  Filter: ((person_id > 3712291) AND (role_id > 2))
  Rows Removed by Filter: 34476927
Planning time: 5.130 ms
Execution time: 9711.983 ms
