Hash Join  (cost=102767.86..223911.71 rows=1257645 width=0) (actual time=1714.222..3986.767 rows=1270632 loops=1)
  Hash Cond: (mk.movie_id = t.id)
  ->  Seq Scan on movie_keyword mk  (cost=0.00..81003.12 rows=1257645 width=4) (actual time=0.031..1206.220 rows=1270632 loops=1)
        Filter: (keyword_id < 1628)
        Rows Removed by Filter: 3253298
  ->  Hash  (cost=61283.27..61283.27 rows=2528527 width=4) (actual time=1712.174..1712.174 rows=2528312 loops=1)
        Buckets: 131072  Batches: 64  Memory Usage: 2425kB
        ->  Seq Scan on title t  (cost=0.00..61283.27 rows=2528527 width=4) (actual time=0.024..837.167 rows=2528312 loops=1)
Planning time: 0.698 ms
Execution time: 4087.618 ms
