Hash Join  (cost=477215.55..611057.95 rows=631312 width=0) (actual time=6663.286..10450.212 rows=2593470 loops=1)
  Hash Cond: (mk.movie_id = t.id)
  ->  Seq Scan on movie_keyword mk  (cost=0.00..81003.12 rows=3884842 width=4) (actual time=0.025..1502.042 rows=3884292 loops=1)
        Filter: (keyword_id > 495)
        Rows Removed by Filter: 639638
  ->  Hash  (cost=470473.27..470473.27 rows=410902 width=8) (actual time=6662.177..6662.177 rows=321009 loops=1)
        Buckets: 131072  Batches: 8  Memory Usage: 2609kB
        ->  Hash Join  (cost=105357.69..470473.27 rows=410902 width=8) (actual time=4245.229..6552.059 rows=321009 loops=1)
              Hash Cond: (mi.movie_id = t.id)
              ->  Seq Scan on movie_info mi  (cost=0.00..346232.03 rows=451508 width=4) (actual time=2702.278..4185.973 rows=474443 loops=1)
                    Filter: (info_type_id = 6)
                    Rows Removed by Filter: 14361277
              ->  Hash  (cost=67604.59..67604.59 rows=2301128 width=4) (actual time=1542.125..1542.125 rows=2292034 loops=1)
                    Buckets: 131072  Batches: 32  Memory Usage: 3556kB
                    ->  Seq Scan on title t  (cost=0.00..67604.59 rows=2301128 width=4) (actual time=0.035..926.831 rows=2292034 loops=1)
                          Filter: (production_year > 1949)
                          Rows Removed by Filter: 236278
Planning time: 1.196 ms
Execution time: 10771.278 ms
