Seq Scan on movie_companies mc  (cost=0.00..51404.11 rows=104 width=0) (actual time=374.094..688.869 rows=50 loops=1)
  Filter: (company_id = 73920)
  Rows Removed by Filter: 2609079
Planning time: 0.378 ms
Execution time: 688.950 ms
