Seq Scan on title t  (cost=0.00..73925.90 rows=611503 width=0) (actual time=343.046..1122.997 rows=511129 loops=1)
  Filter: ((production_year > 1941) AND (kind_id = 1))
  Rows Removed by Filter: 2017183
Planning time: 0.352 ms
Execution time: 1185.593 ms
