Hash Join  (cost=156499.39..521179.10 rows=2380 width=0) (actual time=1824.975..7999.626 rows=230252 loops=1)
  Hash Cond: (mi.movie_id = t.id)
  ->  Seq Scan on movie_info mi  (cost=0.00..309384.22 rows=14739122 width=4) (actual time=0.032..3232.436 rows=14835720 loops=1)
  ->  Hash  (cost=156494.29..156494.29 rows=408 width=8) (actual time=1823.534..1823.534 rows=2913 loops=1)
        Buckets: 4096 (originally 1024)  Batches: 1 (originally 1)  Memory Usage: 146kB
        ->  Hash Join  (cost=73957.54..156494.29 rows=408 width=8) (actual time=838.120..1822.314 rows=2913 loops=1)
              Hash Cond: (mk.movie_id = t.id)
              ->  Seq Scan on movie_keyword mk  (cost=0.00..81003.12 rows=407879 width=4) (actual time=0.023..915.450 rows=402730 loops=1)
                    Filter: (keyword_id > 43097)
                    Rows Removed by Filter: 4121200
              ->  Hash  (cost=73925.90..73925.90 rows=2531 width=4) (actual time=838.030..838.030 rows=7406 loops=1)
                    Buckets: 8192 (originally 4096)  Batches: 1 (originally 1)  Memory Usage: 325kB
                    ->  Seq Scan on title t  (cost=0.00..73925.90 rows=2531 width=4) (actual time=0.059..834.642 rows=7406 loops=1)
                          Filter: ((kind_id < 4) AND (production_year = 1989))
                          Rows Removed by Filter: 2520906
Planning time: 1.083 ms
Execution time: 8030.125 ms
