Hash Join  (cost=244649.19..1463923.54 rows=18054818 width=0) (actual time=5076.115..49005.566 rows=59274424 loops=1)
  Hash Cond: (ci.movie_id = t.id)
  ->  Seq Scan on cast_info ci  (cost=0.00..614943.12 rows=36225612 width=4) (actual time=0.024..10499.473 rows=36244344 loops=1)
  ->  Hash  (cost=223973.49..223973.49 rows=1260216 width=8) (actual time=5074.834..5074.834 rows=1269621 loops=1)
        Buckets: 131072  Batches: 32  Memory Usage: 2565kB
        ->  Hash Join  (cost=102767.86..223973.49 rows=1260216 width=8) (actual time=2166.682..4725.425 rows=1269621 loops=1)
              Hash Cond: (mk.movie_id = t.id)
              ->  Seq Scan on movie_keyword mk  (cost=0.00..81003.12 rows=1260216 width=4) (actual time=0.017..1230.390 rows=1269621 loops=1)
                    Filter: (keyword_id > 14023)
                    Rows Removed by Filter: 3254309
              ->  Hash  (cost=61283.27..61283.27 rows=2528527 width=4) (actual time=2164.733..2164.733 rows=2528312 loops=1)
                    Buckets: 131072  Batches: 64  Memory Usage: 2425kB
                    ->  Seq Scan on title t  (cost=0.00..61283.27 rows=2528527 width=4) (actual time=0.020..768.237 rows=2528312 loops=1)
Planning time: 1.065 ms
Execution time: 55149.242 ms
