Hash Join  (cost=102767.86..200848.14 rows=1258175 width=0) (actual time=1680.072..4744.486 rows=1274246 loops=1)
  Hash Cond: (mc.movie_id = t.id)
  ->  Seq Scan on movie_companies mc  (cost=0.00..57926.93 rows=1258175 width=4) (actual time=11.665..965.601 rows=1274246 loops=1)
        Filter: ((company_id < 197350) AND (company_type_id = 1))
        Rows Removed by Filter: 1334883
  ->  Hash  (cost=61283.27..61283.27 rows=2528527 width=4) (actual time=1667.106..1667.106 rows=2528312 loops=1)
        Buckets: 131072  Batches: 64  Memory Usage: 2415kB
        ->  Seq Scan on title t  (cost=0.00..61283.27 rows=2528527 width=4) (actual time=0.028..848.666 rows=2528312 loops=1)
Planning time: 0.713 ms
Execution time: 4903.631 ms
