Seq Scan on title t  (cost=0.00..73925.90 rows=1257363 width=0) (actual time=0.011..1119.873 rows=1229210 loops=1)
  Filter: ((kind_id > 2) AND (production_year < 2009))
  Rows Removed by Filter: 1299102
Planning time: 0.307 ms
Execution time: 1276.424 ms
