Seq Scan on movie_companies mc  (cost=0.00..51404.11 rows=104 width=0) (actual time=156.237..867.826 rows=12 loops=1)
  Filter: (company_id = 25189)
  Rows Removed by Filter: 2609117
Planning time: 0.393 ms
Execution time: 867.900 ms
