Hash Join  (cost=67737.34..415681.48 rows=1896 width=0) (actual time=1887.607..4859.110 rows=9169 loops=1)
  Hash Cond: (mi.movie_id = t.id)
  ->  Seq Scan on movie_info mi  (cost=0.00..346232.03 rows=451508 width=4) (actual time=965.441..3927.609 rows=474443 loops=1)
        Filter: (info_type_id = 6)
        Rows Removed by Filter: 14361277
  ->  Hash  (cost=67604.59..67604.59 rows=10620 width=4) (actual time=884.009..884.009 rows=9435 loops=1)
        Buckets: 16384  Batches: 1  Memory Usage: 460kB
        ->  Seq Scan on title t  (cost=0.00..67604.59 rows=10620 width=4) (actual time=216.041..879.762 rows=9435 loops=1)
              Filter: (production_year < 1902)
              Rows Removed by Filter: 2518877
Planning time: 0.706 ms
Execution time: 4859.923 ms
