Hash Join  (cost=465624.26..1263355.07 rows=1412131 width=0) (actual time=7223.770..20825.652 rows=1437540 loops=1)
  Hash Cond: (ci.movie_id = t.id)
  ->  Seq Scan on cast_info ci  (cost=0.00..705507.15 rows=6571027 width=4) (actual time=10.141..9104.917 rows=6491808 loops=1)
        Filter: (person_id < 626874)
        Rows Removed by Filter: 29752536
  ->  Hash  (cost=456708.92..456708.92 rows=543387 width=8) (actual time=7211.308..7211.308 rows=478385 loops=1)
        Buckets: 131072  Batches: 8  Memory Usage: 3352kB
        ->  Hash Join  (cost=78473.92..456708.92 rows=543387 width=8) (actual time=1674.052..7058.739 rows=478385 loops=1)
              Hash Cond: (mi.movie_id = t.id)
              ->  Seq Scan on movie_info mi  (cost=0.00..346232.03 rows=2073893 width=4) (actual time=505.425..4598.358 rows=2091068 loops=1)
                    Filter: (info_type_id < 3)
                    Rows Removed by Filter: 12744652
              ->  Hash  (cost=67604.59..67604.59 rows=662507 width=4) (actual time=1167.702..1167.702 rows=662065 loops=1)
                    Buckets: 131072  Batches: 16  Memory Usage: 2487kB
                    ->  Seq Scan on title t  (cost=0.00..67604.59 rows=662507 width=4) (actual time=0.026..927.422 rows=662065 loops=1)
                          Filter: (production_year > 2008)
                          Rows Removed by Filter: 1866247
Planning time: 1.155 ms
Execution time: 20980.230 ms
