Hash Join  (cost=85431.52..608854.18 rows=4087674 width=0) (actual time=1234.719..15528.929 rows=7671224 loops=1)
  Hash Cond: (mi.movie_id = t.id)
  ->  Seq Scan on movie_info mi  (cost=0.00..309384.22 rows=14739122 width=4) (actual time=0.020..4516.380 rows=14835720 loops=1)
  ->  Hash  (cost=73925.90..73925.90 rows=701249 width=4) (actual time=1233.639..1233.639 rows=621610 loops=1)
        Buckets: 131072  Batches: 16  Memory Usage: 2398kB
        ->  Seq Scan on title t  (cost=0.00..73925.90 rows=701249 width=4) (actual time=0.025..1026.369 rows=621610 loops=1)
              Filter: ((kind_id < 3) AND (production_year > 1933))
              Rows Removed by Filter: 1906702
Planning time: 0.720 ms
Execution time: 16418.849 ms
