Hash Join  (cost=101210.02..479666.97 rows=938202 width=0) (actual time=4416.592..7486.243 rows=994623 loops=1)
  Hash Cond: (mi.movie_id = t.id)
  ->  Seq Scan on movie_info mi  (cost=0.00..346232.03 rows=1158179 width=4) (actual time=2417.772..4352.535 rows=1204709 loops=1)
        Filter: (info_type_id > 18)
        Rows Removed by Filter: 13631011
  ->  Hash  (cost=67604.59..67604.59 rows=2048275 width=4) (actual time=1948.260..1948.260 rows=2046723 loops=1)
        Buckets: 131072  Batches: 32  Memory Usage: 3285kB
        ->  Seq Scan on title t  (cost=0.00..67604.59 rows=2048275 width=4) (actual time=0.036..1098.662 rows=2046723 loops=1)
              Filter: (production_year > 1972)
              Rows Removed by Filter: 481589
Planning time: 0.770 ms
Execution time: 7612.614 ms
