Hash Join  (cost=67697.55..94625.21 rows=1356 width=0) (actual time=737.567..1178.208 rows=205 loops=1)
  Hash Cond: (mi_idx.movie_id = t.id)
  ->  Seq Scan on movie_info_idx mi_idx  (cost=0.00..25185.44 rows=460978 width=4) (actual time=0.021..367.121 rows=459925 loops=1)
        Filter: (info_type_id < 100)
        Rows Removed by Filter: 920110
  ->  Hash  (cost=67604.59..67604.59 rows=7437 width=4) (actual time=736.392..736.392 rows=2618 loops=1)
        Buckets: 8192  Batches: 1  Memory Usage: 157kB
        ->  Seq Scan on title t  (cost=0.00..67604.59 rows=7437 width=4) (actual time=293.886..735.162 rows=2618 loops=1)
              Filter: (production_year = 1903)
              Rows Removed by Filter: 2525694
Planning time: 0.757 ms
Execution time: 1178.358 ms
