Hash Join  (cost=101489.21..144498.95 rows=379763 width=0) (actual time=1803.877..3019.349 rows=416275 loops=1)
  Hash Cond: (mi_idx.movie_id = t.id)
  ->  Seq Scan on movie_info_idx mi_idx  (cost=0.00..25185.44 rows=464934 width=4) (actual time=0.032..434.624 rows=460185 loops=1)
        Filter: (info_type_id > 100)
        Rows Removed by Filter: 919850
  ->  Hash  (cost=67604.59..67604.59 rows=2065330 width=4) (actual time=1803.137..1803.137 rows=2064552 loops=1)
        Buckets: 131072  Batches: 32  Memory Usage: 3289kB
        ->  Seq Scan on title t  (cost=0.00..67604.59 rows=2065330 width=4) (actual time=0.017..1146.515 rows=2064552 loops=1)
              Filter: (production_year < 2011)
              Rows Removed by Filter: 463760
Planning time: 0.701 ms
Execution time: 3071.414 ms
