Seq Scan on cast_info ci  (cost=0.00..796071.18 rows=234539 width=0) (actual time=7959.652..11629.983 rows=269342 loops=1)
  Filter: ((person_id > 1167553) AND (role_id > 10))
  Rows Removed by Filter: 35975002
Planning time: 0.333 ms
Execution time: 11663.874 ms
