Hash Join  (cost=82955.72..904559.30 rows=370444 width=0) (actual time=5370.986..12579.873 rows=167358 loops=1)
  Hash Cond: (ci.movie_id = t.id)
  ->  Seq Scan on cast_info ci  (cost=0.00..796071.18 rows=1701857 width=4) (actual time=3806.444..10499.195 rows=553476 loops=1)
        Filter: ((person_id < 1399384) AND (role_id = 10))
        Rows Removed by Filter: 35690868
  ->  Hash  (cost=73925.90..73925.90 rows=550385 width=4) (actual time=1563.408..1563.408 rows=602403 loops=1)
        Buckets: 131072  Batches: 8  Memory Usage: 3672kB
        ->  Seq Scan on title t  (cost=0.00..73925.90 rows=550385 width=4) (actual time=0.035..867.608 rows=602403 loops=1)
              Filter: ((production_year > 2006) AND (kind_id = 7))
              Rows Removed by Filter: 1925909
Planning time: 0.689 ms
Execution time: 12592.427 ms
