Seq Scan on movie_keyword mk  (cost=0.00..81003.12 rows=246 width=0) (actual time=15.920..1118.096 rows=89 loops=1)
  Filter: (keyword_id = 38818)
  Rows Removed by Filter: 4523841
Planning time: 0.425 ms
Execution time: 1118.266 ms
