Nested Loop  (cost=0.43..797488.04 rows=168 width=0) (actual time=7267.165..10633.765 rows=12 loops=1)
  ->  Seq Scan on cast_info ci  (cost=0.00..796071.18 rows=168 width=4) (actual time=7266.993..10633.444 rows=12 loops=1)
        Filter: ((role_id > 3) AND (person_id = 1070760))
        Rows Removed by Filter: 36244332
  ->  Index Only Scan using title_pkey on title t  (cost=0.43..8.42 rows=1 width=4) (actual time=0.019..0.019 rows=1 loops=12)
        Index Cond: (id = ci.movie_id)
        Heap Fetches: 12
Planning time: 1.009 ms
Execution time: 10633.850 ms
