Hash Join  (cost=900288.77..1400517.54 rows=1913984 width=0) (actual time=13880.297..40194.559 rows=63228571 loops=1)
  Hash Cond: (mi.movie_id = t.id)
  ->  Seq Scan on movie_info mi  (cost=0.00..309384.22 rows=14739122 width=4) (actual time=0.011..4589.495 rows=14835720 loops=1)
  ->  Hash  (cost=894901.42..894901.42 rows=328348 width=8) (actual time=13879.354..13879.354 rows=727433 loops=1)
        Buckets: 131072 (originally 131072)  Batches: 16 (originally 8)  Memory Usage: 3073kB
        ->  Hash Join  (cost=78556.72..894901.42 rows=328348 width=8) (actual time=3524.504..13644.529 rows=727433 loops=1)
              Hash Cond: (ci.movie_id = t.id)
              ->  Seq Scan on cast_info ci  (cost=0.00..796071.18 rows=1243744 width=4) (actual time=1996.379..10276.309 rows=3334992 loops=1)
                    Filter: ((person_id > 2666375) AND (role_id = 10))
                    Rows Removed by Filter: 32909352
              ->  Hash  (cost=67604.59..67604.59 rows=667531 width=4) (actual time=1527.335..1527.335 rows=662825 loops=1)
                    Buckets: 131072  Batches: 16  Memory Usage: 2476kB
                    ->  Seq Scan on title t  (cost=0.00..67604.59 rows=667531 width=4) (actual time=4.161..840.816 rows=662825 loops=1)
                          Filter: (kind_id = 1)
                          Rows Removed by Filter: 1865487
Planning time: 1.129 ms
Execution time: 47355.562 ms
