Hash Join  (cost=129268.54..209677.67 rows=388759 width=0) (actual time=2573.861..4690.821 rows=1430221 loops=1)
  Hash Cond: (mc.movie_id = t.id)
  ->  Seq Scan on movie_companies mc  (cost=0.00..44881.29 rows=2609129 width=4) (actual time=0.018..728.482 rows=2609129 loops=1)
  ->  Hash  (cost=123087.17..123087.17 rows=376750 width=8) (actual time=2573.107..2573.107 rows=452314 loops=1)
        Buckets: 131072  Batches: 8  Memory Usage: 3240kB
        ->  Hash Join  (cost=78930.19..123087.17 rows=376750 width=8) (actual time=1215.230..2443.335 rows=452314 loops=1)
              Hash Cond: (mi_idx.movie_id = t.id)
              ->  Seq Scan on movie_info_idx mi_idx  (cost=0.00..21735.35 rows=1380035 width=4) (actual time=0.025..378.070 rows=1380035 loops=1)
              ->  Hash  (cost=67604.59..67604.59 rows=690288 width=4) (actual time=1214.085..1214.085 rows=684146 loops=1)
                    Buckets: 131072  Batches: 16  Memory Usage: 2525kB
                    ->  Seq Scan on title t  (cost=0.00..67604.59 rows=690288 width=4) (actual time=0.022..993.750 rows=684146 loops=1)
                          Filter: (production_year < 1990)
                          Rows Removed by Filter: 1844166
Planning time: 1.076 ms
Execution time: 4821.272 ms
