Seq Scan on cast_info ci  (cost=0.00..796071.18 rows=22865 width=0) (actual time=5693.059..9082.758 rows=24869 loops=1)
  Filter: ((person_id < 4495) AND (role_id < 3))
  Rows Removed by Filter: 36219475
Planning time: 0.314 ms
Execution time: 9086.096 ms
