Seq Scan on movie_keyword mk  (cost=0.00..81003.12 rows=1228598 width=0) (actual time=0.018..1368.467 rows=1235356 loops=1)
  Filter: (keyword_id < 1571)
  Rows Removed by Filter: 3288574
Planning time: 0.322 ms
Execution time: 1524.688 ms
