Hash Join  (cost=265022.42..835923.86 rows=9350686 width=0) (actual time=6223.426..25081.414 rows=34341733 loops=1)
  Hash Cond: (mi.movie_id = t.id)
  ->  Seq Scan on movie_info mi  (cost=0.00..346232.03 rows=9476311 width=4) (actual time=190.818..5198.088 rows=9565151 loops=1)
        Filter: (info_type_id < 16)
        Rows Removed by Filter: 5270569
  ->  Hash  (cost=224087.83..224087.83 rows=2495007 width=8) (actual time=6031.696..6031.696 rows=2495002 loops=1)
        Buckets: 131072  Batches: 64  Memory Usage: 2618kB
        ->  Hash Join  (cost=102767.86..224087.83 rows=2495007 width=8) (actual time=1632.641..5240.899 rows=2495002 loops=1)
              Hash Cond: (mc.movie_id = t.id)
              ->  Seq Scan on movie_companies mc  (cost=0.00..51404.11 rows=2495007 width=4) (actual time=0.020..1041.301 rows=2495002 loops=1)
                    Filter: (company_id < 149588)
                    Rows Removed by Filter: 114127
              ->  Hash  (cost=61283.27..61283.27 rows=2528527 width=4) (actual time=1630.345..1630.345 rows=2528312 loops=1)
                    Buckets: 131072  Batches: 64  Memory Usage: 2415kB
                    ->  Seq Scan on title t  (cost=0.00..61283.27 rows=2528527 width=4) (actual time=0.013..814.038 rows=2528312 loops=1)
Planning time: 1.128 ms
Execution time: 29021.561 ms
