Hash Join  (cost=100862.36..465548.72 rows=3041 width=0) (actual time=1254.473..7182.590 rows=3227 loops=1)
  Hash Cond: (mi.movie_id = t.id)
  ->  Seq Scan on movie_info mi  (cost=0.00..309384.22 rows=14739122 width=4) (actual time=0.014..3140.268 rows=14835720 loops=1)
  ->  Hash  (cost=100855.84..100855.84 rows=522 width=8) (actual time=1250.968..1250.968 rows=201 loops=1)
        Buckets: 1024  Batches: 1  Memory Usage: 16kB
        ->  Hash Join  (cost=73962.22..100855.84 rows=522 width=8) (actual time=875.343..1250.834 rows=201 loops=1)
              Hash Cond: (mi_idx.movie_id = t.id)
              ->  Seq Scan on movie_info_idx mi_idx  (cost=0.00..25185.44 rows=454124 width=4) (actual time=0.022..332.038 rows=459925 loops=1)
                    Filter: (info_type_id = 100)
                    Rows Removed by Filter: 920110
              ->  Hash  (cost=73925.90..73925.90 rows=2905 width=4) (actual time=846.057..846.057 rows=3613 loops=1)
                    Buckets: 4096  Batches: 1  Memory Usage: 160kB
                    ->  Seq Scan on title t  (cost=0.00..73925.90 rows=2905 width=4) (actual time=0.017..844.334 rows=3613 loops=1)
                          Filter: ((kind_id < 7) AND (production_year = 1919))
                          Rows Removed by Filter: 2524699
Planning time: 1.170 ms
Execution time: 7183.497 ms
