Hash Join  (cost=102767.86..178590.72 rows=333165 width=0) (actual time=1709.685..2375.227 rows=29753 loops=1)
  Hash Cond: (mc.movie_id = t.id)
  ->  Seq Scan on movie_companies mc  (cost=0.00..57926.93 rows=333165 width=4) (actual time=87.991..496.014 rows=29753 loops=1)
        Filter: ((company_id > 47888) AND (company_type_id < 2))
        Rows Removed by Filter: 2579376
  ->  Hash  (cost=61283.27..61283.27 rows=2528527 width=4) (actual time=1620.691..1620.691 rows=2528312 loops=1)
        Buckets: 131072  Batches: 64  Memory Usage: 2415kB
        ->  Seq Scan on title t  (cost=0.00..61283.27 rows=2528527 width=4) (actual time=0.021..811.124 rows=2528312 loops=1)
Planning time: 0.673 ms
Execution time: 2377.651 ms
