Hash Join  (cost=100977.27..155674.81 rows=3202 width=0) (actual time=1416.809..2290.822 rows=14676 loops=1)
  Hash Cond: (mc.movie_id = t.id)
  ->  Seq Scan on movie_companies mc  (cost=0.00..44881.29 rows=2609129 width=4) (actual time=0.020..459.216 rows=2609129 loops=1)
  ->  Hash  (cost=100938.48..100938.48 rows=3103 width=8) (actual time=1307.465..1307.465 rows=6945 loops=1)
        Buckets: 8192 (originally 4096)  Batches: 1 (originally 1)  Memory Usage: 336kB
        ->  Hash Join  (cost=73996.97..100938.48 rows=3103 width=8) (actual time=941.704..1304.851 rows=6945 loops=1)
              Hash Cond: (mi_idx.movie_id = t.id)
              ->  Seq Scan on movie_info_idx mi_idx  (cost=0.00..21735.35 rows=1380035 width=4) (actual time=0.026..227.853 rows=1380035 loops=1)
              ->  Hash  (cost=73925.90..73925.90 rows=5685 width=4) (actual time=768.598..768.598 rows=16891 loops=1)
                    Buckets: 32768 (originally 8192)  Batches: 1 (originally 1)  Memory Usage: 850kB
                    ->  Seq Scan on title t  (cost=0.00..73925.90 rows=5685 width=4) (actual time=0.025..761.755 rows=16891 loops=1)
                          Filter: ((kind_id < 3) AND (production_year < 1907))
                          Rows Removed by Filter: 2511421
Planning time: 1.154 ms
Execution time: 2293.357 ms
