Hash Join  (cost=151362.16..235298.30 rows=644561 width=0) (actual time=3611.143..5583.870 rows=1199859 loops=1)
  Hash Cond: (mc.movie_id = t.id)
  ->  Seq Scan on movie_companies mc  (cost=0.00..44881.29 rows=2609129 width=4) (actual time=0.017..688.389 rows=2609129 loops=1)
  ->  Hash  (cost=141113.05..141113.05 rows=624649 width=8) (actual time=3610.055..3610.055 rows=532401 loops=1)
        Buckets: 131072  Batches: 16  Memory Usage: 2343kB
        ->  Hash Join  (cost=92703.08..141113.05 rows=624649 width=8) (actual time=1458.552..3451.660 rows=532401 loops=1)
              Hash Cond: (mi_idx.movie_id = t.id)
              ->  Seq Scan on movie_info_idx mi_idx  (cost=0.00..21735.35 rows=1380035 width=4) (actual time=0.029..393.349 rows=1380035 loops=1)
              ->  Hash  (cost=73925.90..73925.90 rows=1144494 width=4) (actual time=1457.585..1457.585 rows=1095581 loops=1)
                    Buckets: 131072  Batches: 16  Memory Usage: 3437kB
                    ->  Seq Scan on title t  (cost=0.00..73925.90 rows=1144494 width=4) (actual time=0.021..1110.466 rows=1095581 loops=1)
                          Filter: ((kind_id > 1) AND (production_year < 2007))
                          Rows Removed by Filter: 1432731
Planning time: 1.140 ms
Execution time: 5682.613 ms
