Hash Join  (cost=75199.97..189292.62 rows=84773 width=0) (actual time=2264.026..3252.531 rows=27596 loops=1)
  Hash Cond: (mk.movie_id = t.id)
  ->  Seq Scan on movie_keyword mk  (cost=0.00..81003.12 rows=2762079 width=4) (actual time=0.028..1414.478 rows=2754759 loops=1)
        Filter: (keyword_id > 2867)
        Rows Removed by Filter: 1769171
  ->  Hash  (cost=73925.90..73925.90 rows=77605 width=4) (actual time=1040.084..1040.084 rows=84684 loops=1)
        Buckets: 131072  Batches: 2  Memory Usage: 2518kB
        ->  Seq Scan on title t  (cost=0.00..73925.90 rows=77605 width=4) (actual time=0.024..1007.208 rows=84684 loops=1)
              Filter: ((kind_id = 7) AND (production_year = 2009))
              Rows Removed by Filter: 2443628
Planning time: 0.744 ms
Execution time: 3255.744 ms
