Hash Join  (cost=102767.86..199037.06 rows=1453975 width=0) (actual time=1575.633..4660.382 rows=1457725 loops=1)
  Hash Cond: (mc.movie_id = t.id)
  ->  Seq Scan on movie_companies mc  (cost=0.00..51404.11 rows=1453975 width=4) (actual time=0.033..877.096 rows=1457725 loops=1)
        Filter: (company_id > 9017)
        Rows Removed by Filter: 1151404
  ->  Hash  (cost=61283.27..61283.27 rows=2528527 width=4) (actual time=1573.685..1573.685 rows=2528312 loops=1)
        Buckets: 131072  Batches: 64  Memory Usage: 2415kB
        ->  Seq Scan on title t  (cost=0.00..61283.27 rows=2528527 width=4) (actual time=0.014..770.448 rows=2528312 loops=1)
Planning time: 0.728 ms
Execution time: 4848.597 ms
