Seq Scan on cast_info ci  (cost=0.00..796071.18 rows=7114772 width=0) (actual time=0.017..12254.522 rows=7451825 loops=1)
  Filter: ((person_id > 83155) AND (role_id = 2))
  Rows Removed by Filter: 28792519
Planning time: 0.380 ms
Execution time: 13191.819 ms
