Seq Scan on movie_keyword mk  (cost=0.00..81003.12 rows=853651 width=0) (actual time=0.023..1127.737 rows=859808 loops=1)
  Filter: (keyword_id > 21369)
  Rows Removed by Filter: 3664122
Planning time: 0.311 ms
Execution time: 1238.459 ms
