Seq Scan on cast_info ci  (cost=0.00..796071.18 rows=7326 width=0) (actual time=5647.575..7136.322 rows=4637 loops=1)
  Filter: ((person_id < 35967) AND (role_id = 6))
  Rows Removed by Filter: 36239707
Planning time: 0.380 ms
Execution time: 7136.758 ms
