Hash Join  (cost=169457.68..258466.99 rows=1012577 width=0) (actual time=3938.069..6962.403 rows=2688698 loops=1)
  Hash Cond: (mc.movie_id = t.id)
  ->  Seq Scan on movie_companies mc  (cost=0.00..44881.29 rows=2609129 width=4) (actual time=0.025..969.576 rows=2609129 loops=1)
  ->  Hash  (cost=153357.47..153357.47 rows=981297 width=8) (actual time=3937.226..3937.226 rows=944574 loops=1)
        Buckets: 131072  Batches: 16  Memory Usage: 3332kB
        ->  Hash Join  (cost=97102.97..153357.47 rows=981297 width=8) (actual time=2001.731..3667.600 rows=944574 loops=1)
              Hash Cond: (mi_idx.movie_id = t.id)
              ->  Seq Scan on movie_info_idx mi_idx  (cost=0.00..21735.35 rows=1380035 width=4) (actual time=0.017..466.295 rows=1380035 loops=1)
              ->  Hash  (cost=67604.59..67604.59 rows=1797951 width=4) (actual time=1999.945..1999.945 rows=1793384 loops=1)
                    Buckets: 131072  Batches: 32  Memory Usage: 2998kB
                    ->  Seq Scan on title t  (cost=0.00..67604.59 rows=1797951 width=4) (actual time=0.020..1424.073 rows=1793384 loops=1)
                          Filter: (production_year > 1988)
                          Rows Removed by Filter: 734928
Planning time: 1.295 ms
Execution time: 7275.654 ms
