Hash Join  (cost=256337.17..1279287.90 rows=7764085 width=0) (actual time=10767.373..40641.373 rows=53622112 loops=1)
  Hash Cond: (ci.movie_id = t.id)
  ->  Seq Scan on cast_info ci  (cost=0.00..796071.18 rows=11108941 width=4) (actual time=4275.692..14172.446 rows=9428470 loops=1)
        Filter: ((person_id > 433726) AND (role_id < 2))
        Rows Removed by Filter: 26815874
  ->  Hash  (cost=227343.19..227343.19 rows=1767198 width=8) (actual time=6490.325..6490.325 rows=3878469 loops=1)
        Buckets: 131072 (originally 131072)  Batches: 64 (originally 32)  Memory Usage: 3438kB
        ->  Hash Join  (cost=83810.17..227343.19 rows=1767198 width=8) (actual time=1251.752..5493.126 rows=3878469 loops=1)
              Hash Cond: (mk.movie_id = t.id)
              ->  Seq Scan on movie_keyword mk  (cost=0.00..69693.30 rows=4523930 width=4) (actual time=0.029..1217.171 rows=4523930 loops=1)
              ->  Hash  (cost=67604.59..67604.59 rows=987727 width=4) (actual time=1251.051..1251.051 rows=985048 loops=1)
                    Buckets: 131072  Batches: 16  Memory Usage: 3197kB
                    ->  Seq Scan on title t  (cost=0.00..67604.59 rows=987727 width=4) (actual time=0.036..934.606 rows=985048 loops=1)
                          Filter: (kind_id < 7)
                          Rows Removed by Filter: 1543264
Planning time: 1.174 ms
Execution time: 46468.706 ms
