Seq Scan on movie_keyword mk  (cost=0.00..81003.12 rows=246 width=0) (actual time=3.955..978.816 rows=288 loops=1)
  Filter: (keyword_id = 9421)
  Rows Removed by Filter: 4523642
Planning time: 0.323 ms
Execution time: 979.035 ms
