Hash Join  (cost=102767.86..299575.17 rows=4402104 width=0) (actual time=1703.848..6445.788 rows=4404732 loops=1)
  Hash Cond: (mk.movie_id = t.id)
  ->  Seq Scan on movie_keyword mk  (cost=0.00..81003.12 rows=4402104 width=4) (actual time=0.026..1519.110 rows=4404732 loops=1)
        Filter: (keyword_id < 78243)
        Rows Removed by Filter: 119198
  ->  Hash  (cost=61283.27..61283.27 rows=2528527 width=4) (actual time=1701.924..1701.924 rows=2528312 loops=1)
        Buckets: 131072  Batches: 64  Memory Usage: 2425kB
        ->  Seq Scan on title t  (cost=0.00..61283.27 rows=2528527 width=4) (actual time=0.025..822.283 rows=2528312 loops=1)
Planning time: 0.652 ms
Execution time: 6905.192 ms
