Hash Join  (cost=80408.18..436271.16 rows=96260 width=0) (actual time=1026.697..5415.836 rows=72662 loops=1)
  Hash Cond: (mi.movie_id = t.id)
  ->  Seq Scan on movie_info mi  (cost=0.00..346232.03 rows=616095 width=4) (actual time=0.018..4069.713 rows=598457 loops=1)
        Filter: (info_type_id = 15)
        Rows Removed by Filter: 14237263
  ->  Hash  (cost=73925.90..73925.90 rows=395062 width=4) (actual time=1019.254..1019.254 rows=335993 loops=1)
        Buckets: 131072  Batches: 8  Memory Usage: 2498kB
        ->  Seq Scan on title t  (cost=0.00..73925.90 rows=395062 width=4) (actual time=0.026..908.273 rows=335993 loops=1)
              Filter: ((kind_id < 7) AND (production_year > 2005))
              Rows Removed by Filter: 2192319
Planning time: 0.758 ms
Execution time: 5426.264 ms
