Seq Scan on cast_info ci  (cost=0.00..705507.15 rows=500 width=0) (actual time=368.585..9023.232 rows=20 loops=1)
  Filter: (person_id = 2283465)
  Rows Removed by Filter: 36244324
Planning time: 0.386 ms
Execution time: 9023.321 ms
