Seq Scan on movie_companies mc  (cost=0.00..57926.93 rows=441431 width=0) (actual time=0.031..802.926 rows=767560 loops=1)
  Filter: ((company_id > 23408) AND (company_type_id > 1))
  Rows Removed by Filter: 1841569
Planning time: 0.348 ms
Execution time: 902.943 ms
