Seq Scan on cast_info ci  (cost=0.00..796071.18 rows=1636418 width=0) (actual time=2798.676..9474.653 rows=998855 loops=1)
  Filter: ((person_id < 339499) AND (role_id > 2))
  Rows Removed by Filter: 35245489
Planning time: 0.403 ms
Execution time: 9602.233 ms
