Hash Join  (cost=169537.84..534629.72 rows=43596 width=0) (actual time=2661.315..8816.495 rows=122916 loops=1)
  Hash Cond: (mi.movie_id = t.id)
  ->  Seq Scan on movie_info mi  (cost=0.00..309384.22 rows=14739122 width=4) (actual time=0.020..3090.447 rows=14835720 loops=1)
  ->  Hash  (cost=169444.35..169444.35 rows=7479 width=8) (actual time=2660.691..2660.691 rows=4342 loops=1)
        Buckets: 8192  Batches: 1  Memory Usage: 234kB
        ->  Hash Join  (cost=84197.31..169444.35 rows=7479 width=8) (actual time=1362.955..2658.750 rows=4342 loops=1)
              Hash Cond: (mk.movie_id = t.id)
              ->  Seq Scan on movie_keyword mk  (cost=0.00..81003.12 rows=18699 width=4) (actual time=0.354..1117.099 rows=20522 loops=1)
                    Filter: (keyword_id = 382)
                    Rows Removed by Filter: 4503408
              ->  Hash  (cost=67604.59..67604.59 rows=1011338 width=4) (actual time=1351.272..1351.272 rows=1012920 loops=1)
                    Buckets: 131072  Batches: 16  Memory Usage: 3257kB
                    ->  Seq Scan on title t  (cost=0.00..67604.59 rows=1011338 width=4) (actual time=0.017..1013.020 rows=1012920 loops=1)
                          Filter: (production_year > 2005)
                          Rows Removed by Filter: 1515392
Planning time: 1.148 ms
Execution time: 8835.834 ms
