Hash Join  (cost=111764.61..870386.36 rows=783264 width=0) (actual time=2289.812..29057.795 rows=3651465 loops=1)
  Hash Cond: (ci.movie_id = t.id)
  ->  Seq Scan on cast_info ci  (cost=0.00..614943.12 rows=36225612 width=4) (actual time=0.016..9539.486 rows=36244344 loops=1)
  ->  Hash  (cost=111081.22..111081.22 rows=54671 width=8) (actual time=2289.196..2289.196 rows=127759 loops=1)
        Buckets: 131072 (originally 65536)  Batches: 2 (originally 1)  Memory Usage: 3522kB
        ->  Hash Join  (cost=78846.40..111081.22 rows=54671 width=8) (actual time=1415.541..2246.636 rows=127759 loops=1)
              Hash Cond: (mi_idx.movie_id = t.id)
              ->  Seq Scan on movie_info_idx mi_idx  (cost=0.00..25185.44 rows=460978 width=4) (actual time=0.018..490.351 rows=459925 loops=1)
                    Filter: (info_type_id = 99)
                    Rows Removed by Filter: 920110
              ->  Hash  (cost=73925.90..73925.90 rows=299880 width=4) (actual time=1414.850..1414.850 rows=391036 loops=1)
                    Buckets: 131072 (originally 131072)  Batches: 8 (originally 4)  Memory Usage: 3073kB
                    ->  Seq Scan on title t  (cost=0.00..73925.90 rows=299880 width=4) (actual time=0.014..1287.363 rows=391036 loops=1)
                          Filter: ((production_year < 2002) AND (kind_id = 1))
                          Rows Removed by Filter: 2137276
Planning time: 0.820 ms
Execution time: 29524.292 ms
