Hash Join  (cost=103947.06..1325068.72 rows=20587174 width=0) (actual time=1838.206..33752.638 rows=21923757 loops=1)
  Hash Cond: (ci.movie_id = t.id)
  ->  Seq Scan on cast_info ci  (cost=0.00..705507.15 rows=23499554 width=4) (actual time=0.018..13208.655 rows=23573656 loops=1)
        Filter: (role_id > 1)
        Rows Removed by Filter: 12670688
  ->  Hash  (cost=67604.59..67604.59 rows=2215158 width=4) (actual time=1836.969..1836.969 rows=2203697 loops=1)
        Buckets: 131072  Batches: 32  Memory Usage: 3448kB
        ->  Seq Scan on title t  (cost=0.00..67604.59 rows=2215158 width=4) (actual time=0.029..1130.837 rows=2203697 loops=1)
              Filter: (production_year > 1960)
              Rows Removed by Filter: 324615
Planning time: 0.736 ms
Execution time: 36203.890 ms
