Hash Join  (cost=148665.86..1216211.14 rows=3284611 width=0) (actual time=2460.901..29566.758 rows=11127715 loops=1)
  Hash Cond: (ci.movie_id = t.id)
  ->  Seq Scan on cast_info ci  (cost=0.00..614943.12 rows=36225612 width=4) (actual time=0.019..10297.637 rows=36244344 loops=1)
  ->  Hash  (cost=144904.06..144904.06 rows=229264 width=8) (actual time=2460.112..2460.112 rows=197668 loops=1)
        Buckets: 131072  Batches: 4  Memory Usage: 2947kB
        ->  Hash Join  (cost=78556.72..144904.06 rows=229264 width=8) (actual time=1002.220..2397.095 rows=197668 loops=1)
              Hash Cond: (mc.movie_id = t.id)
              ->  Seq Scan on movie_companies mc  (cost=0.00..51404.11 rows=868423 width=4) (actual time=0.016..792.964 rows=862602 loops=1)
                    Filter: (company_id < 2540)
                    Rows Removed by Filter: 1746527
              ->  Hash  (cost=67604.59..67604.59 rows=667531 width=4) (actual time=1001.006..1001.006 rows=662825 loops=1)
                    Buckets: 131072  Batches: 16  Memory Usage: 2476kB
                    ->  Seq Scan on title t  (cost=0.00..67604.59 rows=667531 width=4) (actual time=0.020..799.381 rows=662825 loops=1)
                          Filter: (kind_id = 1)
                          Rows Removed by Filter: 1865487
Planning time: 1.198 ms
Execution time: 30616.218 ms
