Hash Join  (cost=239010.76..407043.73 rows=3314002 width=0) (actual time=4527.770..13904.201 rows=26798561 loops=1)
  Hash Cond: (mk.movie_id = t.id)
  ->  Seq Scan on movie_keyword mk  (cost=0.00..69693.30 rows=4523930 width=4) (actual time=0.024..1035.083 rows=4523930 loops=1)
  ->  Hash  (cost=208621.37..208621.37 rows=1852271 width=8) (actual time=4526.189..4526.189 rows=1858175 loops=1)
        Buckets: 131072  Batches: 32  Memory Usage: 3354kB
        ->  Hash Join  (cost=102767.86..208621.37 rows=1852271 width=8) (actual time=1510.609..3986.106 rows=1858175 loops=1)
              Hash Cond: (mc.movie_id = t.id)
              ->  Seq Scan on movie_companies mc  (cost=0.00..51404.11 rows=1852271 width=4) (actual time=0.031..672.141 rows=1858175 loops=1)
                    Filter: (company_id > 1461)
                    Rows Removed by Filter: 750954
              ->  Hash  (cost=61283.27..61283.27 rows=2528527 width=4) (actual time=1509.463..1509.463 rows=2528312 loops=1)
                    Buckets: 131072  Batches: 64  Memory Usage: 2415kB
                    ->  Seq Scan on title t  (cost=0.00..61283.27 rows=2528527 width=4) (actual time=0.013..758.603 rows=2528312 loops=1)
Planning time: 1.070 ms
Execution time: 16936.974 ms
