Hash Join  (cost=161965.62..964750.04 rows=671324 width=0) (actual time=2810.543..17608.830 rows=508786 loops=1)
  Hash Cond: (ci.movie_id = t.id)
  ->  Seq Scan on cast_info ci  (cost=0.00..614943.12 rows=36225612 width=4) (actual time=0.011..6574.939 rows=36244344 loops=1)
  ->  Hash  (cost=161379.90..161379.90 rows=46858 width=8) (actual time=2809.678..2809.678 rows=23642 loops=1)
        Buckets: 65536  Batches: 1  Memory Usage: 1436kB
        ->  Hash Join  (cost=74253.28..161379.90 rows=46858 width=8) (actual time=1042.312..2801.133 rows=23642 loops=1)
              Hash Cond: (mk.movie_id = t.id)
              ->  Seq Scan on movie_keyword mk  (cost=0.00..69693.30 rows=4523930 width=4) (actual time=0.020..853.065 rows=4523930 loops=1)
              ->  Hash  (cost=73925.90..73925.90 rows=26190 width=4) (actual time=1041.045..1041.045 rows=27279 loops=1)
                    Buckets: 32768  Batches: 1  Memory Usage: 1216kB
                    ->  Seq Scan on title t  (cost=0.00..73925.90 rows=26190 width=4) (actual time=0.019..1029.412 rows=27279 loops=1)
                          Filter: ((kind_id > 3) AND (production_year = 1995))
                          Rows Removed by Filter: 2501033
Planning time: 1.183 ms
Execution time: 17675.757 ms
