Hash Join  (cost=76554.49..937897.57 rows=806321 width=0) (actual time=5472.348..19066.012 rows=1685101 loops=1)
  Hash Cond: (ci.movie_id = t.id)
  ->  Seq Scan on cast_info ci  (cost=0.00..705507.15 rows=12726058 width=4) (actual time=4509.117..11753.464 rows=12670688 loops=1)
        Filter: (role_id = 1)
        Rows Removed by Filter: 23573656
  ->  Hash  (cost=73925.90..73925.90 rows=160207 width=4) (actual time=962.311..962.311 rows=296441 loops=1)
        Buckets: 131072  Batches: 4  Memory Usage: 3632kB
        ->  Seq Scan on title t  (cost=0.00..73925.90 rows=160207 width=4) (actual time=59.978..866.858 rows=296441 loops=1)
              Filter: ((production_year < 1986) AND (kind_id = 1))
              Rows Removed by Filter: 2231871
Planning time: 2.033 ms
Execution time: 19275.081 ms
