Hash Join  (cost=514719.17..1300668.02 rows=2481280 width=0) (actual time=13478.546..21597.842 rows=2378029 loops=1)
  Hash Cond: (ci.movie_id = t.id)
  ->  Seq Scan on cast_info ci  (cost=0.00..705507.15 rows=4320508 width=4) (actual time=5796.321..10230.742 rows=4323018 loops=1)
        Filter: (role_id = 10)
        Rows Removed by Filter: 31921326
  ->  Hash  (cost=490894.42..490894.42 rows=1452140 width=8) (actual time=7680.733..7680.733 rows=884145 loops=1)
        Buckets: 131072  Batches: 32  Memory Usage: 2090kB
        ->  Hash Join  (cost=96651.52..490894.42 rows=1452140 width=8) (actual time=1615.972..7396.235 rows=884145 loops=1)
              Hash Cond: (mi.movie_id = t.id)
              ->  Seq Scan on movie_info mi  (cost=0.00..346232.03 rows=2073893 width=4) (actual time=0.030..4047.045 rows=2091068 loops=1)
                    Filter: (info_type_id < 3)
                    Rows Removed by Filter: 12744652
              ->  Hash  (cost=67604.59..67604.59 rows=1770475 width=4) (actual time=1614.894..1614.894 rows=1774635 loops=1)
                    Buckets: 131072  Batches: 32  Memory Usage: 2984kB
                    ->  Seq Scan on title t  (cost=0.00..67604.59 rows=1770475 width=4) (actual time=0.015..1036.859 rows=1774635 loops=1)
                          Filter: (kind_id > 2)
                          Rows Removed by Filter: 753677
Planning time: 1.182 ms
Execution time: 21898.188 ms
