Hash Join  (cost=218560.11..1125254.56 rows=1690429 width=0) (actual time=6436.179..19667.596 rows=593309 loops=1)
  Hash Cond: (ci.movie_id = t.id)
  ->  Seq Scan on cast_info ci  (cost=0.00..796071.18 rows=7131795 width=4) (actual time=2211.695..10895.664 rows=10987291 loops=1)
        Filter: ((person_id > 2605524) AND (role_id > 1))
        Rows Removed by Filter: 25257053
  ->  Hash  (cost=208726.48..208726.48 rows=599330 width=8) (actual time=4221.525..4221.525 rows=142636 loops=1)
        Buckets: 131072  Batches: 8  Memory Usage: 1678kB
        ->  Hash Join  (cost=79422.14..208726.48 rows=599330 width=8) (actual time=1064.949..4164.097 rows=142636 loops=1)
              Hash Cond: (mk.movie_id = t.id)
              ->  Seq Scan on movie_keyword mk  (cost=0.00..69693.30 rows=4523930 width=4) (actual time=0.026..1188.751 rows=4523930 loops=1)
              ->  Hash  (cost=73925.90..73925.90 rows=334979 width=4) (actual time=1061.681..1061.681 rows=198988 loops=1)
                    Buckets: 131072  Batches: 8  Memory Usage: 1900kB
                    ->  Seq Scan on title t  (cost=0.00..73925.90 rows=334979 width=4) (actual time=0.028..992.446 rows=198988 loops=1)
                          Filter: ((kind_id > 1) AND (production_year < 1976))
                          Rows Removed by Filter: 2329324
Planning time: 1.167 ms
Execution time: 19737.483 ms
