Nested Loop  (cost=0.43..83071.67 rows=246 width=0) (actual time=3.619..1073.925 rows=1065 loops=1)
  ->  Seq Scan on movie_keyword mk  (cost=0.00..81003.12 rows=246 width=4) (actual time=3.523..1052.722 rows=1065 loops=1)
        Filter: (keyword_id = 6428)
        Rows Removed by Filter: 4522865
  ->  Index Only Scan using title_pkey on title t  (cost=0.43..8.40 rows=1 width=4) (actual time=0.018..0.019 rows=1 loops=1065)
        Index Cond: (id = mk.movie_id)
        Heap Fetches: 1065
Planning time: 0.745 ms
Execution time: 1074.378 ms
