Hash Join  (cost=231429.35..1583561.84 rows=26579931 width=0) (actual time=5321.624..49855.754 rows=58620312 loops=1)
  Hash Cond: (ci.movie_id = t.id)
  ->  Seq Scan on cast_info ci  (cost=0.00..614943.12 rows=36225612 width=4) (actual time=0.023..10554.532 rows=36244344 loops=1)
  ->  Hash  (cost=200990.55..200990.55 rows=1855264 width=8) (actual time=5320.302..5320.302 rows=1557265 loops=1)
        Buckets: 131072  Batches: 32  Memory Usage: 2890kB
        ->  Hash Join  (cost=97102.97..200990.55 rows=1855264 width=8) (actual time=1594.002..4882.978 rows=1557265 loops=1)
              Hash Cond: (mc.movie_id = t.id)
              ->  Seq Scan on movie_companies mc  (cost=0.00..44881.29 rows=2609129 width=4) (actual time=0.013..689.183 rows=2609129 loops=1)
              ->  Hash  (cost=67604.59..67604.59 rows=1797951 width=4) (actual time=1593.017..1593.017 rows=1793384 loops=1)
                    Buckets: 131072  Batches: 32  Memory Usage: 2998kB
                    ->  Seq Scan on title t  (cost=0.00..67604.59 rows=1797951 width=4) (actual time=0.012..1039.054 rows=1793384 loops=1)
                          Filter: (production_year > 1988)
                          Rows Removed by Filter: 734928
Planning time: 1.104 ms
Execution time: 56098.532 ms
