Hash Join  (cost=133679.25..498603.78 rows=26861 width=0) (actual time=1660.355..7386.794 rows=35314 loops=1)
  Hash Cond: (mi.movie_id = t.id)
  ->  Seq Scan on movie_info mi  (cost=0.00..309384.22 rows=14739122 width=4) (actual time=0.026..2958.562 rows=14835720 loops=1)
  ->  Hash  (cost=133621.65..133621.65 rows=4608 width=8) (actual time=1660.174..1660.174 rows=909 loops=1)
        Buckets: 8192  Batches: 1  Memory Usage: 100kB
        ->  Hash Join  (cost=74344.78..133621.65 rows=4608 width=8) (actual time=976.613..1659.567 rows=909 loops=1)
              Hash Cond: (mc.movie_id = t.id)
              ->  Seq Scan on movie_companies mc  (cost=0.00..57926.93 rows=347694 width=4) (actual time=0.039..727.120 rows=191215 loops=1)
                    Filter: ((company_id < 1102) AND (company_type_id > 1))
                    Rows Removed by Filter: 2417914
              ->  Hash  (cost=73925.90..73925.90 rows=33510 width=4) (actual time=886.847..886.847 rows=22107 loops=1)
                    Buckets: 65536  Batches: 1  Memory Usage: 1290kB
                    ->  Seq Scan on title t  (cost=0.00..73925.90 rows=33510 width=4) (actual time=2.545..877.833 rows=22107 loops=1)
                          Filter: ((kind_id = 1) AND (production_year = 2008))
                          Rows Removed by Filter: 2506205
Planning time: 1.148 ms
Execution time: 7392.496 ms
