Hash Join  (cost=709678.15..796345.14 rows=895 width=148) (actual time=12125.459..13459.718 rows=8 loops=1)
  Hash Cond: (mk.movie_id = t.id)
  ->  Seq Scan on movie_keyword mk  (cost=0.00..69693.30 rows=4523930 width=12) (actual time=0.013..928.877 rows=4523930 loops=1)
  ->  Hash  (cost=709671.90..709671.90 rows=500 width=136) (actual time=11886.541..11886.541 rows=114 loops=1)
        Buckets: 1024  Batches: 1  Memory Usage: 26kB
        ->  Nested Loop  (cost=0.43..709671.90 rows=500 width=136) (actual time=48.569..11886.433 rows=114 loops=1)
              ->  Seq Scan on cast_info ci  (cost=0.00..705507.15 rows=500 width=42) (actual time=48.514..11885.013 rows=114 loops=1)
                    Filter: (person_id = 3024731)
                    Rows Removed by Filter: 36244230
              ->  Index Scan using title_pkey on title t  (cost=0.43..8.32 rows=1 width=94) (actual time=0.011..0.011 rows=1 loops=114)
                    Index Cond: (id = ci.movie_id)
Planning time: 1.442 ms
Execution time: 13459.890 ms
