Hash Join  (cost=1000335.33..1639373.23 rows=13196407 width=0) (actual time=13493.531..28343.395 rows=9504540 loops=1)
  Hash Cond: (mi.movie_id = t.id)
  ->  Seq Scan on movie_info mi  (cost=0.00..309384.22 rows=14739122 width=4) (actual time=0.011..4590.540 rows=14835720 loops=1)
  ->  Hash  (cost=963192.94..963192.94 rows=2263871 width=8) (actual time=13492.891..13492.891 rows=955891 loops=1)
        Buckets: 131072  Batches: 32  Memory Usage: 2209kB
        ->  Hash Join  (cost=102767.86..963192.94 rows=2263871 width=8) (actual time=10798.910..13192.513 rows=955891 loops=1)
              Hash Cond: (ci.movie_id = t.id)
              ->  Seq Scan on cast_info ci  (cost=0.00..796071.18 rows=2263871 width=4) (actual time=9154.950..10312.667 rows=955891 loops=1)
                    Filter: ((person_id > 2578431) AND (role_id = 2))
                    Rows Removed by Filter: 35288453
              ->  Hash  (cost=61283.27..61283.27 rows=2528527 width=4) (actual time=1643.004..1643.004 rows=2528312 loops=1)
                    Buckets: 131072  Batches: 64  Memory Usage: 2415kB
                    ->  Seq Scan on title t  (cost=0.00..61283.27 rows=2528527 width=4) (actual time=0.023..793.302 rows=2528312 loops=1)
Planning time: 0.782 ms
Execution time: 29434.566 ms
