Seq Scan on cast_info ci  (cost=0.00..796071.18 rows=6402007 width=0) (actual time=5579.239..13675.424 rows=7451973 loops=1)
  Filter: ((person_id < 3242537) AND (role_id = 2))
  Rows Removed by Filter: 28792371
Planning time: 0.379 ms
Execution time: 14553.389 ms
