Hash Join  (cost=83810.17..145854.85 rows=171204 width=0) (actual time=1265.162..2457.261 rows=174393 loops=1)
  Hash Cond: (mc.movie_id = t.id)
  ->  Seq Scan on movie_companies mc  (cost=0.00..51404.11 rows=438273 width=4) (actual time=0.016..768.228 rows=439315 loops=1)
        Filter: (company_id < 329)
        Rows Removed by Filter: 2169814
  ->  Hash  (cost=67604.59..67604.59 rows=987727 width=4) (actual time=1264.349..1264.349 rows=985048 loops=1)
        Buckets: 131072  Batches: 16  Memory Usage: 3188kB
        ->  Seq Scan on title t  (cost=0.00..67604.59 rows=987727 width=4) (actual time=0.028..956.618 rows=985048 loops=1)
              Filter: (kind_id < 7)
              Rows Removed by Filter: 1543264
Planning time: 0.751 ms
Execution time: 2480.290 ms
