Seq Scan on cast_info ci  (cost=0.00..705507.15 rows=2352472 width=0) (actual time=0.019..10192.040 rows=2397514 loops=1)
  Filter: (person_id > 3594211)
  Rows Removed by Filter: 33846830
Planning time: 0.348 ms
Execution time: 10405.948 ms
