Hash Join  (cost=94699.36..812671.32 rows=5313 width=0) (actual time=2640.103..11405.376 rows=52734 loops=1)
  Hash Cond: (ci.movie_id = t.id)
  ->  Seq Scan on cast_info ci  (cost=0.00..705507.15 rows=3309781 width=4) (actual time=1216.406..9282.109 rows=3189998 loops=1)
        Filter: (person_id < 308883)
        Rows Removed by Filter: 33054346
  ->  Hash  (cost=94648.62..94648.62 rows=4059 width=8) (actual time=1422.871..1422.871 rows=18428 loops=1)
        Buckets: 32768 (originally 4096)  Batches: 1 (originally 1)  Memory Usage: 976kB
        ->  Hash Join  (cost=67697.55..94648.62 rows=4059 width=8) (actual time=868.457..1416.133 rows=18428 loops=1)
              Hash Cond: (mi_idx.movie_id = t.id)
              ->  Seq Scan on movie_info_idx mi_idx  (cost=0.00..21735.35 rows=1380035 width=4) (actual time=0.027..239.723 rows=1380035 loops=1)
              ->  Hash  (cost=67604.59..67604.59 rows=7437 width=4) (actual time=867.974..867.974 rows=24917 loops=1)
                    Buckets: 32768 (originally 8192)  Batches: 1 (originally 1)  Memory Usage: 1132kB
                    ->  Seq Scan on title t  (cost=0.00..67604.59 rows=7437 width=4) (actual time=0.032..857.070 rows=24917 loops=1)
                          Filter: (production_year = 1992)
                          Rows Removed by Filter: 2503395
Planning time: 1.199 ms
Execution time: 11413.246 ms
