Hash Join  (cost=211982.96..577857.36 rows=239770 width=0) (actual time=4851.795..8991.523 rows=1070940 loops=1)
  Hash Cond: (mi.movie_id = t.id)
  ->  Seq Scan on movie_info mi  (cost=0.00..346232.03 rows=1338312 width=4) (actual time=1141.693..4384.969 rows=1401902 loops=1)
        Filter: (info_type_id = 7)
        Rows Removed by Filter: 13433818
  ->  Hash  (cost=204550.36..204550.36 rows=453008 width=8) (actual time=3709.137..3709.137 rows=465401 loops=1)
        Buckets: 131072  Batches: 8  Memory Usage: 3361kB
        ->  Hash Join  (cost=102767.86..204550.36 rows=453008 width=8) (actual time=1784.697..3598.709 rows=465401 loops=1)
              Hash Cond: (mk.movie_id = t.id)
              ->  Seq Scan on movie_keyword mk  (cost=0.00..81003.12 rows=453008 width=4) (actual time=0.034..1195.197 rows=465401 loops=1)
                    Filter: (keyword_id < 355)
                    Rows Removed by Filter: 4058529
              ->  Hash  (cost=61283.27..61283.27 rows=2528527 width=4) (actual time=1783.314..1783.314 rows=2528312 loops=1)
                    Buckets: 131072  Batches: 64  Memory Usage: 2425kB
                    ->  Seq Scan on title t  (cost=0.00..61283.27 rows=2528527 width=4) (actual time=0.021..919.268 rows=2528312 loops=1)
Planning time: 1.202 ms
Execution time: 9116.208 ms
