Hash Join  (cost=100948.70..458716.47 rows=3001 width=0) (actual time=1329.547..5255.641 rows=3450 loops=1)
  Hash Cond: (mi.movie_id = t.id)
  ->  Seq Scan on movie_info mi  (cost=0.00..346232.03 rows=3068194 width=4) (actual time=220.021..3828.730 rows=3036719 loops=1)
        Filter: (info_type_id = 16)
        Rows Removed by Filter: 11799001
  ->  Hash  (cost=100917.78..100917.78 rows=2474 width=8) (actual time=1109.007..1109.007 rows=2988 loops=1)
        Buckets: 4096  Batches: 1  Memory Usage: 149kB
        ->  Hash Join  (cost=73982.55..100917.78 rows=2474 width=8) (actual time=834.538..1108.390 rows=2988 loops=1)
              Hash Cond: (mi_idx.movie_id = t.id)
              ->  Seq Scan on movie_info_idx mi_idx  (cost=0.00..21735.35 rows=1380035 width=4) (actual time=0.022..120.708 rows=1380035 loops=1)
              ->  Hash  (cost=73925.90..73925.90 rows=4532 width=4) (actual time=833.898..833.898 rows=7796 loops=1)
                    Buckets: 8192  Batches: 1  Memory Usage: 339kB
                    ->  Seq Scan on title t  (cost=0.00..73925.90 rows=4532 width=4) (actual time=0.017..830.510 rows=7796 loops=1)
                          Filter: ((kind_id = 7) AND (production_year = 1976))
                          Rows Removed by Filter: 2520516
Planning time: 1.072 ms
Execution time: 5256.106 ms
