Hash Join  (cost=154744.04..881677.12 rows=85938 width=0) (actual time=13017.123..14479.679 rows=62231 loops=1)
  Hash Cond: (ci.movie_id = t.id)
  ->  Seq Scan on cast_info ci  (cost=0.00..705507.15 rows=1736414 width=4) (actual time=10233.147..11120.755 rows=1703543 loops=1)
        Filter: (role_id = 8)
        Rows Removed by Filter: 34540801
  ->  Hash  (cost=152690.78..152690.78 rows=125141 width=8) (actual time=2782.785..2782.785 rows=69484 loops=1)
        Buckets: 131072  Batches: 2  Memory Usage: 2382kB
        ->  Hash Join  (cost=75915.84..152690.78 rows=125141 width=8) (actual time=1097.843..2760.854 rows=69484 loops=1)
              Hash Cond: (mc.movie_id = t.id)
              ->  Seq Scan on movie_companies mc  (cost=0.00..44881.29 rows=2609129 width=4) (actual time=0.022..755.488 rows=2609129 loops=1)
              ->  Hash  (cost=73925.90..73925.90 rows=121275 width=4) (actual time=1097.049..1097.049 rows=124747 loops=1)
                    Buckets: 131072  Batches: 2  Memory Usage: 3219kB
                    ->  Seq Scan on title t  (cost=0.00..73925.90 rows=121275 width=4) (actual time=0.131..1051.483 rows=124747 loops=1)
                          Filter: ((kind_id > 1) AND (production_year = 2012))
                          Rows Removed by Filter: 2403565
Planning time: 1.167 ms
Execution time: 14486.551 ms
