Hash Join  (cost=101844.05..456498.52 rows=19263 width=0) (actual time=2416.711..5676.604 rows=6018 loops=1)
  Hash Cond: (mi.movie_id = t.id)
  ->  Seq Scan on movie_info mi  (cost=0.00..346232.03 rows=2194617 width=4) (actual time=0.020..4054.408 rows=2233850 loops=1)
        Filter: (info_type_id > 16)
        Rows Removed by Filter: 12601870
  ->  Hash  (cost=101566.63..101566.63 rows=22194 width=8) (actual time=1244.993..1244.993 rows=8268 loops=1)
        Buckets: 32768  Batches: 1  Memory Usage: 579kB
        ->  Hash Join  (cost=74434.21..101566.63 rows=22194 width=8) (actual time=1011.552..1243.046 rows=8268 loops=1)
              Hash Cond: (mi_idx.movie_id = t.id)
              ->  Seq Scan on movie_info_idx mi_idx  (cost=0.00..21735.35 rows=1380035 width=4) (actual time=0.021..175.956 rows=1380035 loops=1)
              ->  Hash  (cost=73925.90..73925.90 rows=40664 width=4) (actual time=838.607..838.607 rows=40257 loops=1)
                    Buckets: 65536  Batches: 1  Memory Usage: 1928kB
                    ->  Seq Scan on title t  (cost=0.00..73925.90 rows=40664 width=4) (actual time=0.005..822.119 rows=40257 loops=1)
                          Filter: ((production_year > 2012) AND (kind_id = 7))
                          Rows Removed by Filter: 2488055
Planning time: 1.198 ms
Execution time: 5677.738 ms
