Seq Scan on cast_info ci  (cost=0.00..796071.18 rows=4982774 width=0) (actual time=8412.741..11985.503 rows=7450148 loops=1)
  Filter: ((person_id > 1120484) AND (role_id = 2))
  Rows Removed by Filter: 28794196
Planning time: 0.391 ms
Execution time: 12903.953 ms
