Seq Scan on cast_info ci  (cost=0.00..705507.15 rows=8956832 width=0) (actual time=0.019..9460.239 rows=8973240 loops=1)
  Filter: (person_id > 2798812)
  Rows Removed by Filter: 27271104
Planning time: 0.307 ms
Execution time: 10602.278 ms
