Hash Join  (cost=102767.86..1066035.54 rows=6537877 width=0) (actual time=3085.982..22072.240 rows=7451973 loops=1)
  Hash Cond: (ci.movie_id = t.id)
  ->  Seq Scan on cast_info ci  (cost=0.00..796071.18 rows=6537877 width=4) (actual time=1475.965..13744.776 rows=7451973 loops=1)
        Filter: ((person_id < 3365593) AND (role_id = 2))
        Rows Removed by Filter: 28792371
  ->  Hash  (cost=61283.27..61283.27 rows=2528527 width=4) (actual time=1608.675..1608.675 rows=2528312 loops=1)
        Buckets: 131072  Batches: 64  Memory Usage: 2415kB
        ->  Seq Scan on title t  (cost=0.00..61283.27 rows=2528527 width=4) (actual time=0.013..760.473 rows=2528312 loops=1)
Planning time: 0.763 ms
Execution time: 22967.487 ms
