Hash Join  (cost=102767.86..259612.36 rows=2741254 width=0) (actual time=1625.816..5416.664 rows=2732361 loops=1)
  Hash Cond: (mk.movie_id = t.id)
  ->  Seq Scan on movie_keyword mk  (cost=0.00..81003.12 rows=2741254 width=4) (actual time=0.024..1490.215 rows=2732361 loops=1)
        Filter: (keyword_id < 7766)
        Rows Removed by Filter: 1791569
  ->  Hash  (cost=61283.27..61283.27 rows=2528527 width=4) (actual time=1624.236..1624.236 rows=2528312 loops=1)
        Buckets: 131072  Batches: 64  Memory Usage: 2425kB
        ->  Seq Scan on title t  (cost=0.00..61283.27 rows=2528527 width=4) (actual time=0.036..770.402 rows=2528312 loops=1)
Planning time: 0.724 ms
Execution time: 5712.316 ms
