Hash Join  (cost=83074.74..919787.11 rows=3403 width=0) (actual time=1142.840..18788.081 rows=89790 loops=1)
  Hash Cond: (ci.movie_id = t.id)
  ->  Seq Scan on cast_info ci  (cost=0.00..705507.15 rows=34978984 width=4) (actual time=0.019..11190.707 rows=35090306 loops=1)
        Filter: (person_id > 117565)
        Rows Removed by Filter: 1154038
  ->  Hash  (cost=83071.67..83071.67 rows=246 width=8) (actual time=1142.757..1142.757 rows=1754 loops=1)
        Buckets: 2048 (originally 1024)  Batches: 1 (originally 1)  Memory Usage: 85kB
        ->  Nested Loop  (cost=0.43..83071.67 rows=246 width=8) (actual time=0.558..1141.424 rows=1754 loops=1)
              ->  Seq Scan on movie_keyword mk  (cost=0.00..81003.12 rows=246 width=4) (actual time=0.485..1090.447 rows=1754 loops=1)
                    Filter: (keyword_id = 37)
                    Rows Removed by Filter: 4522176
              ->  Index Only Scan using title_pkey on title t  (cost=0.43..8.40 rows=1 width=4) (actual time=0.028..0.028 rows=1 loops=1754)
                    Index Cond: (id = mk.movie_id)
                    Heap Fetches: 1754
Planning time: 1.140 ms
Execution time: 18806.809 ms
