Hash Join  (cost=83074.74..447745.01 rows=1434 width=0) (actual time=1211.565..6767.806 rows=35041 loops=1)
  Hash Cond: (mi.movie_id = t.id)
  ->  Seq Scan on movie_info mi  (cost=0.00..309384.22 rows=14739122 width=4) (actual time=0.024..2814.162 rows=14835720 loops=1)
  ->  Hash  (cost=83071.67..83071.67 rows=246 width=8) (actual time=1179.111..1179.111 rows=721 loops=1)
        Buckets: 1024  Batches: 1  Memory Usage: 37kB
        ->  Nested Loop  (cost=0.43..83071.67 rows=246 width=8) (actual time=1.642..1178.536 rows=721 loops=1)
              ->  Seq Scan on movie_keyword mk  (cost=0.00..81003.12 rows=246 width=4) (actual time=1.568..1159.505 rows=721 loops=1)
                    Filter: (keyword_id = 1529)
                    Rows Removed by Filter: 4523209
              ->  Index Only Scan using title_pkey on title t  (cost=0.43..8.40 rows=1 width=4) (actual time=0.025..0.025 rows=1 loops=721)
                    Index Cond: (id = mk.movie_id)
                    Heap Fetches: 721
Planning time: 1.115 ms
Execution time: 6773.573 ms
