Hash Join  (cost=156209.36..279913.43 rows=550230 width=0) (actual time=3013.557..6725.240 rows=2349642 loops=1)
  Hash Cond: (mk.movie_id = t.id)
  ->  Seq Scan on movie_keyword mk  (cost=0.00..81003.12 rows=3063638 width=4) (actual time=0.022..1429.932 rows=3043470 loops=1)
        Filter: (keyword_id > 2109)
        Rows Removed by Filter: 1480460
  ->  Hash  (cost=148758.81..148758.81 rows=454124 width=8) (actual time=3012.571..3012.571 rows=459925 loops=1)
        Buckets: 131072  Batches: 8  Memory Usage: 3284kB
        ->  Hash Join  (cost=102767.86..148758.81 rows=454124 width=8) (actual time=1621.538..2874.410 rows=459925 loops=1)
              Hash Cond: (mi_idx.movie_id = t.id)
              ->  Seq Scan on movie_info_idx mi_idx  (cost=0.00..25185.44 rows=454124 width=4) (actual time=0.019..467.034 rows=459925 loops=1)
                    Filter: (info_type_id = 100)
                    Rows Removed by Filter: 920110
              ->  Hash  (cost=61283.27..61283.27 rows=2528527 width=4) (actual time=1619.614..1619.614 rows=2528312 loops=1)
                    Buckets: 131072  Batches: 64  Memory Usage: 2415kB
                    ->  Seq Scan on title t  (cost=0.00..61283.27 rows=2528527 width=4) (actual time=0.026..807.080 rows=2528312 loops=1)
Planning time: 1.222 ms
Execution time: 6933.030 ms
