Hash Join  (cost=76960.10..192401.47 rows=200533 width=0) (actual time=1805.771..3383.399 rows=28333 loops=1)
  Hash Cond: (mk.movie_id = t.id)
  ->  Seq Scan on movie_keyword mk  (cost=0.00..81003.12 rows=2742376 width=4) (actual time=0.020..1398.289 rows=2734818 loops=1)
        Filter: (keyword_id < 7771)
        Rows Removed by Filter: 1789112
  ->  Hash  (cost=73925.90..73925.90 rows=184896 width=4) (actual time=960.620..960.620 rows=79092 loops=1)
        Buckets: 131072  Batches: 4  Memory Usage: 1724kB
        ->  Seq Scan on title t  (cost=0.00..73925.90 rows=184896 width=4) (actual time=0.016..931.489 rows=79092 loops=1)
              Filter: ((production_year < 1965) AND (kind_id = 7))
              Rows Removed by Filter: 2449220
Planning time: 0.771 ms
Execution time: 3387.340 ms
