Seq Scan on cast_info ci  (cost=0.00..796071.18 rows=971907 width=0) (actual time=6550.784..10058.114 rows=2984804 loops=1)
  Filter: ((person_id > 2870545) AND (role_id = 10))
  Rows Removed by Filter: 33259540
Planning time: 0.388 ms
Execution time: 10416.701 ms
