Seq Scan on movie_companies mc  (cost=0.00..57926.93 rows=1042331 width=0) (actual time=0.018..957.313 rows=766410 loops=1)
  Filter: ((company_id < 71419) AND (company_type_id = 2))
  Rows Removed by Filter: 1842719
Planning time: 0.366 ms
Execution time: 1060.658 ms
