Hash Join  (cost=95637.05..595547.86 rows=4627365 width=0) (actual time=1638.044..12022.698 rows=3033587 loops=1)
  Hash Cond: (mi.movie_id = t.id)
  ->  Seq Scan on movie_info mi  (cost=0.00..346232.03 rows=8841901 width=4) (actual time=0.019..4950.525 rows=8950757 loops=1)
        Filter: (info_type_id > 6)
        Rows Removed by Filter: 5884963
  ->  Hash  (cost=73925.90..73925.90 rows=1323292 width=4) (actual time=1636.742..1636.742 rows=1447699 loops=1)
        Buckets: 131072  Batches: 32  Memory Usage: 2629kB
        ->  Seq Scan on title t  (cost=0.00..73925.90 rows=1323292 width=4) (actual time=0.023..1151.866 rows=1447699 loops=1)
              Filter: ((kind_id > 1) AND (production_year > 1988))
              Rows Removed by Filter: 1080613
Planning time: 0.782 ms
Execution time: 12380.584 ms
