Hash Join  (cost=170577.63..685268.60 rows=3269404 width=0) (actual time=3194.453..18057.037 rows=10382003 loops=1)
  Hash Cond: (mi.movie_id = t.id)
  ->  Seq Scan on movie_info mi  (cost=0.00..309384.22 rows=14739122 width=4) (actual time=0.012..4723.482 rows=14835720 loops=1)
  ->  Hash  (cost=161375.72..161375.72 rows=560873 width=8) (actual time=3193.662..3193.662 rows=447397 loops=1)
        Buckets: 131072  Batches: 8  Memory Usage: 3203kB
        ->  Hash Join  (cost=84197.31..161375.72 rows=560873 width=8) (actual time=1321.470..3061.542 rows=447397 loops=1)
              Hash Cond: (mc.movie_id = t.id)
              ->  Seq Scan on movie_companies mc  (cost=0.00..51404.11 rows=1402283 width=4) (actual time=0.023..805.948 rows=1410287 loops=1)
                    Filter: (company_id > 10797)
                    Rows Removed by Filter: 1198842
              ->  Hash  (cost=67604.59..67604.59 rows=1011338 width=4) (actual time=1320.362..1320.362 rows=1012920 loops=1)
                    Buckets: 131072  Batches: 16  Memory Usage: 3250kB
                    ->  Seq Scan on title t  (cost=0.00..67604.59 rows=1011338 width=4) (actual time=0.018..996.561 rows=1012920 loops=1)
                          Filter: (production_year > 2005)
                          Rows Removed by Filter: 1515392
Planning time: 1.139 ms
Execution time: 19166.399 ms
