Hash Join  (cost=128695.20..215406.87 rows=5364 width=0) (actual time=1709.482..3354.604 rows=18475 loops=1)
  Hash Cond: (mk.movie_id = t.id)
  ->  Seq Scan on movie_keyword mk  (cost=0.00..69693.30 rows=4523930 width=4) (actual time=0.018..793.865 rows=4523930 loops=1)
  ->  Hash  (cost=128657.72..128657.72 rows=2998 width=8) (actual time=1708.445..1708.445 rows=5450 loops=1)
        Buckets: 8192 (originally 4096)  Batches: 1 (originally 1)  Memory Usage: 277kB
        ->  Hash Join  (cost=73962.22..128657.72 rows=2998 width=8) (actual time=890.401..1706.273 rows=5450 loops=1)
              Hash Cond: (mc.movie_id = t.id)
              ->  Seq Scan on movie_companies mc  (cost=0.00..44881.29 rows=2609129 width=4) (actual time=0.042..400.670 rows=2609129 loops=1)
              ->  Hash  (cost=73925.90..73925.90 rows=2905 width=4) (actual time=890.261..890.261 rows=3065 loops=1)
                    Buckets: 4096  Batches: 1  Memory Usage: 140kB
                    ->  Seq Scan on title t  (cost=0.00..73925.90 rows=2905 width=4) (actual time=341.415..888.754 rows=3065 loops=1)
                          Filter: ((kind_id < 7) AND (production_year = 1922))
                          Rows Removed by Filter: 2525247
Planning time: 1.146 ms
Execution time: 3357.353 ms
