Hash Join  (cost=102767.86..1510412.54 rows=28769202 width=0) (actual time=2011.381..41538.112 rows=28857361 loops=1)
  Hash Cond: (ci.movie_id = t.id)
  ->  Seq Scan on cast_info ci  (cost=0.00..705507.15 rows=28769202 width=4) (actual time=0.022..15415.883 rows=28857361 loops=1)
        Filter: (person_id > 714758)
        Rows Removed by Filter: 7386983
  ->  Hash  (cost=61283.27..61283.27 rows=2528527 width=4) (actual time=2010.583..2010.583 rows=2528312 loops=1)
        Buckets: 131072  Batches: 64  Memory Usage: 2415kB
        ->  Seq Scan on title t  (cost=0.00..61283.27 rows=2528527 width=4) (actual time=0.012..1156.483 rows=2528312 loops=1)
Planning time: 0.799 ms
Execution time: 44933.291 ms
