Hash Join  (cost=68257.79..153296.54 rows=21079 width=0) (actual time=911.735..2320.728 rows=23181 loops=1)
  Hash Cond: (mk.movie_id = t.id)
  ->  Seq Scan on movie_keyword mk  (cost=0.00..81003.12 rows=1019957 width=4) (actual time=0.017..1211.566 rows=1025773 loops=1)
        Filter: (keyword_id > 17454)
        Rows Removed by Filter: 3498157
  ->  Hash  (cost=67604.59..67604.59 rows=52256 width=4) (actual time=910.926..910.926 rows=53013 loops=1)
        Buckets: 65536  Batches: 1  Memory Usage: 2376kB
        ->  Seq Scan on title t  (cost=0.00..67604.59 rows=52256 width=4) (actual time=0.032..885.626 rows=53013 loops=1)
              Filter: (production_year = 2000)
              Rows Removed by Filter: 2475299
Planning time: 0.766 ms
Execution time: 2324.547 ms
