Seq Scan on movie_companies mc  (cost=0.00..57926.93 rows=698267 width=0) (actual time=0.023..796.056 rows=483905 loops=1)
  Filter: ((company_id > 10175) AND (company_type_id < 2))
  Rows Removed by Filter: 2125224
Planning time: 0.345 ms
Execution time: 857.415 ms
