Hash Join  (cost=156487.41..261543.62 rows=303052 width=0) (actual time=2886.318..5258.953 rows=1268366 loops=1)
  Hash Cond: (mk.movie_id = t.id)
  ->  Seq Scan on movie_keyword mk  (cost=0.00..81003.12 rows=1662283 width=4) (actual time=0.023..1258.135 rows=1671530 loops=1)
        Filter: (keyword_id > 8712)
        Rows Removed by Filter: 2852400
  ->  Hash  (cost=148924.19..148924.19 rows=460978 width=8) (actual time=2885.483..2885.483 rows=459925 loops=1)
        Buckets: 131072  Batches: 8  Memory Usage: 3284kB
        ->  Hash Join  (cost=102767.86..148924.19 rows=460978 width=8) (actual time=1605.100..2750.359 rows=459925 loops=1)
              Hash Cond: (mi_idx.movie_id = t.id)
              ->  Seq Scan on movie_info_idx mi_idx  (cost=0.00..25185.44 rows=460978 width=4) (actual time=0.026..405.142 rows=459925 loops=1)
                    Filter: (info_type_id = 99)
                    Rows Removed by Filter: 920110
              ->  Hash  (cost=61283.27..61283.27 rows=2528527 width=4) (actual time=1603.219..1603.219 rows=2528312 loops=1)
                    Buckets: 131072  Batches: 64  Memory Usage: 2415kB
                    ->  Seq Scan on title t  (cost=0.00..61283.27 rows=2528527 width=4) (actual time=0.016..770.985 rows=2528312 loops=1)
Planning time: 1.113 ms
Execution time: 5413.402 ms
