Hash Join  (cost=75818.69..595526.46 rows=2507714 width=0) (actual time=1032.993..13971.766 rows=3725693 loops=1)
  Hash Cond: (mi.movie_id = t.id)
  ->  Seq Scan on movie_info mi  (cost=0.00..346232.03 rows=12665229 width=4) (actual time=0.015..5604.172 rows=12744652 loops=1)
        Filter: (info_type_id > 2)
        Rows Removed by Filter: 2091068
  ->  Hash  (cost=67604.59..67604.59 rows=500648 width=4) (actual time=1032.003..1032.003 rows=494029 loops=1)
        Buckets: 131072  Batches: 8  Memory Usage: 3194kB
        ->  Seq Scan on title t  (cost=0.00..67604.59 rows=500648 width=4) (actual time=0.025..873.902 rows=494029 loops=1)
              Filter: (production_year < 1979)
              Rows Removed by Filter: 2034283
Planning time: 0.727 ms
Execution time: 14410.141 ms
