Seq Scan on cast_info ci  (cost=0.00..796071.18 rows=2937156 width=0) (actual time=901.459..8787.786 rows=3228219 loops=1)
  Filter: ((person_id < 344466) AND (role_id < 8))
  Rows Removed by Filter: 33016125
Planning time: 0.306 ms
Execution time: 9211.989 ms
