Seq Scan on movie_companies mc  (cost=0.00..57926.93 rows=869161 width=0) (actual time=0.021..958.472 rows=684811 loops=1)
  Filter: ((company_id > 2086) AND (company_type_id = 1))
  Rows Removed by Filter: 1924318
Planning time: 0.377 ms
Execution time: 1042.397 ms
