Hash Join  (cost=867815.64..3613089.23 rows=131340333 width=0) (actual time=21301.690..132538.134 rows=303666636 loops=1)
  Hash Cond: (ci.movie_id = t.id)
  ->  Seq Scan on cast_info ci  (cost=0.00..614943.12 rows=36225612 width=4) (actual time=0.012..10972.487 rows=36244344 loops=1)
  ->  Hash  (cost=717411.14..717411.14 rows=9167480 width=8) (actual time=21296.060..21296.060 rows=10417347 loops=1)
        Buckets: 131072 (originally 131072)  Batches: 256 (originally 128)  Memory Usage: 3073kB
        ->  Hash Join  (cost=94978.31..717411.14 rows=9167480 width=8) (actual time=1645.192..18222.602 rows=10417347 loops=1)
              Hash Cond: (mi.movie_id = t.id)
              ->  Seq Scan on movie_info mi  (cost=0.00..346232.03 rows=13893200 width=4) (actual time=0.015..5750.559 rows=13935380 loops=1)
                    Filter: (info_type_id < 95)
                    Rows Removed by Filter: 900340
              ->  Hash  (cost=67604.59..67604.59 rows=1668458 width=4) (actual time=1643.704..1643.704 rows=1671292 loops=1)
                    Buckets: 131072  Batches: 32  Memory Usage: 2867kB
                    ->  Seq Scan on title t  (cost=0.00..67604.59 rows=1668458 width=4) (actual time=0.042..1073.611 rows=1671292 loops=1)
                          Filter: (production_year < 2008)
                          Rows Removed by Filter: 857020
Planning time: 1.230 ms
Execution time: 167481.984 ms
