Seq Scan on movie_keyword mk  (cost=0.00..81003.12 rows=4411402 width=0) (actual time=0.021..1386.605 rows=4411871 loops=1)
  Filter: (keyword_id < 79740)
  Rows Removed by Filter: 112059
Planning time: 0.293 ms
Execution time: 1963.413 ms
