Nested Loop  (cost=0.43..797555.70 rows=176 width=0) (actual time=5043.843..8876.399 rows=19 loops=1)
  ->  Seq Scan on cast_info ci  (cost=0.00..796071.18 rows=176 width=4) (actual time=5043.665..8875.902 rows=19 loops=1)
        Filter: ((person_id = 1375167) AND (role_id = 1))
        Rows Removed by Filter: 36244325
  ->  Index Only Scan using title_pkey on title t  (cost=0.43..8.42 rows=1 width=4) (actual time=0.022..0.022 rows=1 loops=19)
        Index Cond: (id = ci.movie_id)
        Heap Fetches: 19
Planning time: 0.745 ms
Execution time: 8876.478 ms
