Hash Join  (cost=156314.42..940968.40 rows=15657 width=0) (actual time=2085.966..16199.224 rows=127840 loops=1)
  Hash Cond: (ci.movie_id = t.id)
  ->  Seq Scan on cast_info ci  (cost=0.00..705507.15 rows=21064059 width=4) (actual time=0.015..10127.985 rows=20937423 loops=1)
        Filter: (person_id < 2110762)
        Rows Removed by Filter: 15306921
  ->  Hash  (cost=156290.92..156290.92 rows=1880 width=8) (actual time=2085.766..2085.766 rows=4560 loops=1)
        Buckets: 8192 (originally 2048)  Batches: 1 (originally 1)  Memory Usage: 243kB
        ->  Hash Join  (cost=74119.74..156290.92 rows=1880 width=8) (actual time=886.245..2083.591 rows=4560 loops=1)
              Hash Cond: (mk.movie_id = t.id)
              ->  Seq Scan on movie_keyword mk  (cost=0.00..81003.12 rows=306467 width=4) (actual time=0.032..1118.617 rows=325260 loops=1)
                    Filter: (keyword_id < 263)
                    Rows Removed by Filter: 4198670
              ->  Hash  (cost=73925.90..73925.90 rows=15507 width=4) (actual time=884.338..884.338 rows=11835 loops=1)
                    Buckets: 16384  Batches: 1  Memory Usage: 545kB
                    ->  Seq Scan on title t  (cost=0.00..73925.90 rows=15507 width=4) (actual time=0.035..879.240 rows=11835 loops=1)
                          Filter: ((kind_id < 7) AND (production_year = 1995))
                          Rows Removed by Filter: 2516477
Planning time: 1.187 ms
Execution time: 16219.427 ms
