Seq Scan on cast_info ci  (cost=0.00..796071.18 rows=7965908 width=0) (actual time=282.156..12466.530 rows=9598563 loops=1)
  Filter: ((person_id > 1234325) AND (role_id > 3))
  Rows Removed by Filter: 26645781
Planning time: 0.340 ms
Execution time: 13659.674 ms
