Seq Scan on movie_keyword mk  (cost=0.00..81003.12 rows=2324417 width=0) (actual time=0.020..1361.313 rows=2323602 loops=1)
  Filter: (keyword_id > 4398)
  Rows Removed by Filter: 2200328
Planning time: 0.346 ms
Execution time: 1661.723 ms
