Seq Scan on cast_info ci  (cost=0.00..705507.15 rows=500 width=0) (actual time=2000.787..8395.557 rows=72 loops=1)
  Filter: (person_id = 2117100)
  Rows Removed by Filter: 36244272
Planning time: 0.399 ms
Execution time: 8395.660 ms
