Hash Join  (cost=767826.32..2199057.75 rows=42144130 width=0) (actual time=19792.836..66122.914 rows=94646622 loops=1)
  Hash Cond: (ci.movie_id = t.id)
  ->  Seq Scan on cast_info ci  (cost=0.00..705507.15 rows=14451201 width=4) (actual time=0.032..11632.711 rows=14605350 loops=1)
        Filter: (person_id > 2196661)
        Rows Removed by Filter: 21638994
  ->  Hash  (cost=646846.83..646846.83 rows=7373959 width=8) (actual time=19789.196..19789.196 rows=8867937 loops=1)
        Buckets: 131072  Batches: 128  Memory Usage: 3697kB
        ->  Hash Join  (cost=88359.31..646846.83 rows=7373959 width=8) (actual time=1376.565..16613.641 rows=8867937 loops=1)
              Hash Cond: (mi.movie_id = t.id)
              ->  Seq Scan on movie_info mi  (cost=0.00..309384.22 rows=14739122 width=4) (actual time=0.024..4712.896 rows=14835720 loops=1)
              ->  Hash  (cost=67604.59..67604.59 rows=1265018 width=4) (actual time=1375.049..1375.049 rows=1263700 loops=1)
                    Buckets: 131072  Batches: 32  Memory Usage: 2419kB
                    ->  Seq Scan on title t  (cost=0.00..67604.59 rows=1265018 width=4) (actual time=0.015..973.198 rows=1263700 loops=1)
                          Filter: (production_year < 2004)
                          Rows Removed by Filter: 1264612
Planning time: 1.168 ms
Execution time: 76260.043 ms
