Hash Join  (cost=101929.50..856167.97 rows=344927 width=0) (actual time=1328.261..15946.908 rows=441438 loops=1)
  Hash Cond: (ci.movie_id = t.id)
  ->  Seq Scan on cast_info ci  (cost=0.00..614943.12 rows=36225612 width=4) (actual time=0.024..6332.173 rows=36244344 loops=1)
  ->  Hash  (cost=101628.55..101628.55 rows=24076 width=8) (actual time=1328.005..1328.005 rows=25245 loops=1)
        Buckets: 32768  Batches: 1  Memory Usage: 1243kB
        ->  Hash Join  (cost=74477.30..101628.55 rows=24076 width=8) (actual time=878.693..1318.853 rows=25245 loops=1)
              Hash Cond: (mi_idx.movie_id = t.id)
              ->  Seq Scan on movie_info_idx mi_idx  (cost=0.00..21735.35 rows=1380035 width=4) (actual time=0.026..227.424 rows=1380035 loops=1)
              ->  Hash  (cost=73925.90..73925.90 rows=44112 width=4) (actual time=774.888..774.888 rows=23586 loops=1)
                    Buckets: 65536  Batches: 1  Memory Usage: 1342kB
                    ->  Seq Scan on title t  (cost=0.00..73925.90 rows=44112 width=4) (actual time=384.048..765.524 rows=23586 loops=1)
                          Filter: ((production_year < 1999) AND (kind_id = 4))
                          Rows Removed by Filter: 2504726
Planning time: 1.170 ms
Execution time: 16008.690 ms
