Seq Scan on movie_keyword mk  (cost=0.00..81003.12 rows=4281268 width=0) (actual time=0.025..1372.055 rows=4282448 loops=1)
  Filter: (keyword_id < 61646)
  Rows Removed by Filter: 241482
Planning time: 0.345 ms
Execution time: 1923.063 ms
