Hash Join  (cost=193642.86..562219.93 rows=389853 width=0) (actual time=6856.937..10315.851 rows=703189 loops=1)
  Hash Cond: (mi.movie_id = t.id)
  ->  Seq Scan on movie_info mi  (cost=0.00..346232.03 rows=1348138 width=4) (actual time=2721.091..5321.391 rows=1298989 loops=1)
        Filter: (info_type_id = 4)
        Rows Removed by Filter: 13536731
  ->  Hash  (cost=181645.91..181645.91 rows=731196 width=8) (actual time=4134.921..4134.921 rows=735702 loops=1)
        Buckets: 131072  Batches: 16  Memory Usage: 2841kB
        ->  Hash Join  (cost=102767.86..181645.91 rows=731196 width=8) (actual time=1943.863..3916.750 rows=735702 loops=1)
              Hash Cond: (mc.movie_id = t.id)
              ->  Seq Scan on movie_companies mc  (cost=0.00..51404.11 rows=731196 width=4) (actual time=0.024..926.935 rows=735702 loops=1)
                    Filter: (company_id > 39577)
                    Rows Removed by Filter: 1873427
              ->  Hash  (cost=61283.27..61283.27 rows=2528527 width=4) (actual time=1941.967..1941.967 rows=2528312 loops=1)
                    Buckets: 131072  Batches: 64  Memory Usage: 2415kB
                    ->  Seq Scan on title t  (cost=0.00..61283.27 rows=2528527 width=4) (actual time=0.025..1095.081 rows=2528312 loops=1)
Planning time: 1.165 ms
Execution time: 10382.216 ms
