Hash Join  (cost=78440.87..138601.59 rows=9960 width=0) (actual time=1063.109..1929.862 rows=20201 loops=1)
  Hash Cond: (mc.movie_id = t.id)
  ->  Seq Scan on movie_companies mc  (cost=0.00..57926.93 rows=91517 width=4) (actual time=0.015..708.091 rows=146931 loops=1)
        Filter: ((company_id < 49) AND (company_type_id = 1))
        Rows Removed by Filter: 2462198
  ->  Hash  (cost=73925.90..73925.90 rows=275197 width=4) (actual time=1061.773..1061.773 rows=414389 loops=1)
        Buckets: 131072 (originally 131072)  Batches: 8 (originally 4)  Memory Usage: 3073kB
        ->  Seq Scan on title t  (cost=0.00..73925.90 rows=275197 width=4) (actual time=0.021..927.089 rows=414389 loops=1)
              Filter: ((kind_id < 4) AND (production_year < 1995))
              Rows Removed by Filter: 2113923
Planning time: 0.573 ms
Execution time: 1932.753 ms
