Seq Scan on cast_info ci  (cost=0.00..796071.18 rows=11374383 width=0) (actual time=3998.422..13520.045 rows=12670688 loops=1)
  Filter: ((person_id < 3348079) AND (role_id < 2))
  Rows Removed by Filter: 23573656
Planning time: 0.365 ms
Execution time: 14978.997 ms
