Nested Loop  (cost=0.43..709674.40 rows=51 width=0) (actual time=3775.519..8558.547 rows=3 loops=1)
  ->  Seq Scan on cast_info ci  (cost=0.00..705507.15 rows=500 width=4) (actual time=3775.435..8558.125 rows=19 loops=1)
        Filter: (person_id = 3660860)
        Rows Removed by Filter: 36244325
  ->  Index Scan using title_pkey on title t  (cost=0.43..8.32 rows=1 width=4) (actual time=0.021..0.021 rows=0 loops=19)
        Index Cond: (id = ci.movie_id)
        Filter: ((kind_id < 7) AND (production_year > 2008))
        Rows Removed by Filter: 1
Planning time: 0.761 ms
Execution time: 8558.647 ms
