Seq Scan on movie_keyword mk  (cost=0.00..81003.12 rows=246 width=0) (actual time=294.874..1003.566 rows=13 loops=1)
  Filter: (keyword_id = 39220)
  Rows Removed by Filter: 4523917
Planning time: 0.352 ms
Execution time: 1003.662 ms
