Nested Loop  (cost=0.43..709674.40 rows=112 width=0) (actual time=419.721..9072.131 rows=22 loops=1)
  ->  Seq Scan on cast_info ci  (cost=0.00..705507.15 rows=500 width=4) (actual time=419.643..9071.238 rows=23 loops=1)
        Filter: (person_id = 580254)
        Rows Removed by Filter: 36244321
  ->  Index Scan using title_pkey on title t  (cost=0.43..8.32 rows=1 width=4) (actual time=0.032..0.033 rows=1 loops=23)
        Index Cond: (id = ci.movie_id)
        Filter: ((kind_id < 4) AND (production_year < 2008))
        Rows Removed by Filter: 0
Planning time: 0.760 ms
Execution time: 9072.255 ms
