Hash Join  (cost=144917.87..514031.51 rows=445771 width=0) (actual time=2518.539..14742.513 rows=8145302 loops=1)
  Hash Cond: (mi.movie_id = t.id)
  ->  Seq Scan on movie_info mi  (cost=0.00..309384.22 rows=14739122 width=4) (actual time=0.010..3446.059 rows=14835720 loops=1)
  ->  Hash  (cost=143961.96..143961.96 rows=76473 width=8) (actual time=2517.739..2517.739 rows=284540 loops=1)
        Buckets: 131072 (originally 131072)  Batches: 4 (originally 1)  Memory Usage: 3832kB
        ->  Hash Join  (cost=76405.93..143961.96 rows=76473 width=8) (actual time=909.410..2417.323 rows=284540 loops=1)
              Hash Cond: (mc.movie_id = t.id)
              ->  Seq Scan on movie_companies mc  (cost=0.00..51404.11 rows=1279517 width=4) (actual time=0.021..812.098 rows=1274246 loops=1)
                    Filter: (company_type_id < 2)
                    Rows Removed by Filter: 1334883
              ->  Hash  (cost=73925.90..73925.90 rows=151122 width=4) (actual time=908.658..908.658 rows=251875 loops=1)
                    Buckets: 131072 (originally 131072)  Batches: 4 (originally 2)  Memory Usage: 3239kB
                    ->  Seq Scan on title t  (cost=0.00..73925.90 rows=151122 width=4) (actual time=0.152..831.624 rows=251875 loops=1)
                          Filter: ((kind_id < 7) AND (production_year < 1971))
                          Rows Removed by Filter: 2276437
Planning time: 1.174 ms
Execution time: 15488.798 ms
