Hash Join  (cost=83074.16..137741.23 rows=155 width=0) (actual time=1193.201..2177.173 rows=9 loops=1)
  Hash Cond: (mc.movie_id = t.id)
  ->  Seq Scan on movie_companies mc  (cost=0.00..44881.29 rows=2609129 width=4) (actual time=0.018..527.712 rows=2609129 loops=1)
  ->  Hash  (cost=83072.29..83072.29 rows=150 width=8) (actual time=1184.694..1184.694 rows=2 loops=1)
        Buckets: 1024  Batches: 1  Memory Usage: 9kB
        ->  Nested Loop  (cost=0.43..83072.29 rows=150 width=8) (actual time=944.753..1184.678 rows=2 loops=1)
              ->  Seq Scan on movie_keyword mk  (cost=0.00..81003.12 rows=246 width=4) (actual time=944.705..1184.576 rows=2 loops=1)
                    Filter: (keyword_id = 22272)
                    Rows Removed by Filter: 4523928
              ->  Index Scan using title_pkey on title t  (cost=0.43..8.40 rows=1 width=4) (actual time=0.043..0.044 rows=1 loops=2)
                    Index Cond: (id = mk.movie_id)
                    Filter: (kind_id = 7)
Planning time: 1.182 ms
Execution time: 2177.313 ms
