Hash Join  (cost=798791.46..1153256.11 rows=281 width=0) (actual time=12227.371..16861.210 rows=221 loops=1)
  Hash Cond: (mi.movie_id = t.id)
  ->  Seq Scan on movie_info mi  (cost=0.00..346232.03 rows=2194617 width=4) (actual time=212.077..4601.267 rows=2233850 loops=1)
        Filter: (info_type_id > 16)
        Rows Removed by Filter: 12601870
  ->  Hash  (cost=798787.41..798787.41 rows=324 width=8) (actual time=11938.416..11938.416 rows=229 loops=1)
        Buckets: 1024  Batches: 1  Memory Usage: 17kB
        ->  Nested Loop  (cost=0.43..798787.41 rows=324 width=8) (actual time=3059.451..11938.304 rows=229 loops=1)
              ->  Seq Scan on cast_info ci  (cost=0.00..796071.18 rows=324 width=4) (actual time=3059.338..11934.956 rows=229 loops=1)
                    Filter: ((role_id > 1) AND (person_id = 44683))
                    Rows Removed by Filter: 36244115
              ->  Index Only Scan using title_pkey on title t  (cost=0.43..8.37 rows=1 width=4) (actual time=0.013..0.014 rows=1 loops=229)
                    Index Cond: (id = ci.movie_id)
                    Heap Fetches: 229
Planning time: 0.861 ms
Execution time: 16861.361 ms
