Hash Join  (cost=483579.10..568029.53 rows=681890 width=0) (actual time=6775.929..9370.587 rows=1453456 loops=1)
  Hash Cond: (mc.movie_id = t.id)
  ->  Seq Scan on movie_companies mc  (cost=0.00..44881.29 rows=2609129 width=4) (actual time=0.017..803.207 rows=2609129 loops=1)
  ->  Hash  (cost=472736.79..472736.79 rows=660825 width=8) (actual time=6775.098..6775.098 rows=631550 loops=1)
        Buckets: 131072  Batches: 16  Memory Usage: 2561kB
        ->  Hash Join  (cost=101458.67..472736.79 rows=660825 width=8) (actual time=3910.339..6610.868 rows=631550 loops=1)
              Hash Cond: (mi.movie_id = t.id)
              ->  Seq Scan on movie_info mi  (cost=0.00..346232.03 rows=809768 width=4) (actual time=2085.078..3905.005 rows=802140 loops=1)
                    Filter: (info_type_id < 2)
                    Rows Removed by Filter: 14033580
              ->  Hash  (cost=67604.59..67604.59 rows=2063447 width=4) (actual time=1824.384..1824.384 rows=2060346 loops=1)
                    Buckets: 131072  Batches: 32  Memory Usage: 3302kB
                    ->  Seq Scan on title t  (cost=0.00..67604.59 rows=2063447 width=4) (actual time=0.044..1146.085 rows=2060346 loops=1)
                          Filter: (production_year > 1971)
                          Rows Removed by Filter: 467966
Planning time: 0.777 ms
Execution time: 9554.425 ms
