Hash Join  (cost=102767.86..916511.47 rows=323842 width=0) (actual time=2500.789..10780.248 rows=171 loops=1)
  Hash Cond: (ci.movie_id = t.id)
  ->  Seq Scan on cast_info ci  (cost=0.00..796071.18 rows=323842 width=4) (actual time=829.445..8730.066 rows=171 loops=1)
        Filter: ((person_id < 153592) AND (role_id = 2))
        Rows Removed by Filter: 36244173
  ->  Hash  (cost=61283.27..61283.27 rows=2528527 width=4) (actual time=1645.674..1645.674 rows=2528312 loops=1)
        Buckets: 131072  Batches: 64  Memory Usage: 2415kB
        ->  Seq Scan on title t  (cost=0.00..61283.27 rows=2528527 width=4) (actual time=0.028..815.460 rows=2528312 loops=1)
Planning time: 0.722 ms
Execution time: 10780.419 ms
