Seq Scan on movie_keyword mk  (cost=0.00..81003.12 rows=1449030 width=0) (actual time=0.023..1128.892 rows=1464736 loops=1)
  Filter: (keyword_id < 2085)
  Rows Removed by Filter: 3059194
Planning time: 0.314 ms
Execution time: 1307.459 ms
