Seq Scan on cast_info ci  (cost=0.00..796071.18 rows=2544566 width=0) (actual time=8409.478..13496.435 rows=817590 loops=1)
  Filter: ((person_id < 2141058) AND (role_id = 10))
  Rows Removed by Filter: 35426754
Planning time: 0.456 ms
Execution time: 13600.987 ms
