Seq Scan on cast_info ci  (cost=0.00..796071.18 rows=1625244 width=0) (actual time=7134.139..10360.344 rows=1117675 loops=1)
  Filter: ((person_id < 1442196) AND (role_id = 3))
  Rows Removed by Filter: 35126669
Planning time: 0.350 ms
Execution time: 10505.609 ms
