Seq Scan on movie_keyword mk  (cost=0.00..81003.12 rows=246 width=0) (actual time=0.787..1062.304 rows=817 loops=1)
  Filter: (keyword_id = 1860)
  Rows Removed by Filter: 4523113
Planning time: 0.406 ms
Execution time: 1062.701 ms
