Hash Join  (cost=160737.19..544119.96 rows=30298 width=0) (actual time=2531.756..9551.201 rows=2719519 loops=1)
  Hash Cond: (mi.movie_id = t.id)
  ->  Seq Scan on movie_info mi  (cost=0.00..309384.22 rows=14739122 width=4) (actual time=0.024..3071.521 rows=14835720 loops=1)
  ->  Hash  (cost=160672.23..160672.23 rows=5197 width=8) (actual time=2531.546..2531.546 rows=47455 loops=1)
        Buckets: 65536 (originally 8192)  Batches: 1 (originally 1)  Memory Usage: 2366kB
        ->  Hash Join  (cost=73962.22..160672.23 rows=5197 width=8) (actual time=877.812..2515.618 rows=47455 loops=1)
              Hash Cond: (mk.movie_id = t.id)
              ->  Seq Scan on movie_keyword mk  (cost=0.00..69693.30 rows=4523930 width=4) (actual time=0.023..787.761 rows=4523930 loops=1)
              ->  Hash  (cost=73925.90..73925.90 rows=2905 width=4) (actual time=877.601..877.601 rows=8669 loops=1)
                    Buckets: 16384 (originally 4096)  Batches: 1 (originally 1)  Memory Usage: 433kB
                    ->  Seq Scan on title t  (cost=0.00..73925.90 rows=2905 width=4) (actual time=0.137..873.548 rows=8669 loops=1)
                          Filter: ((kind_id < 7) AND (production_year = 1989))
                          Rows Removed by Filter: 2519643
Planning time: 1.095 ms
Execution time: 9890.709 ms
