Hash Join  (cost=67697.55..416990.03 rows=2382 width=0) (actual time=2066.095..5172.908 rows=5758 loops=1)
  Hash Cond: (mi.movie_id = t.id)
  ->  Seq Scan on movie_info mi  (cost=0.00..346232.03 rows=809768 width=4) (actual time=1267.231..4220.423 rows=802140 loops=1)
        Filter: (info_type_id < 2)
        Rows Removed by Filter: 14033580
  ->  Hash  (cost=67604.59..67604.59 rows=7437 width=4) (actual time=797.906..797.906 rows=14284 loops=1)
        Buckets: 16384 (originally 8192)  Batches: 1 (originally 1)  Memory Usage: 631kB
        ->  Seq Scan on title t  (cost=0.00..67604.59 rows=7437 width=4) (actual time=0.254..791.564 rows=14284 loops=1)
              Filter: (production_year = 1973)
              Rows Removed by Filter: 2514028
Planning time: 0.655 ms
Execution time: 5174.128 ms
