Seq Scan on movie_companies mc  (cost=0.00..57926.93 rows=437001 width=0) (actual time=55.222..768.411 rows=119570 loops=1)
  Filter: ((company_id > 21539) AND (company_type_id < 2))
  Rows Removed by Filter: 2489559
Planning time: 0.338 ms
Execution time: 784.510 ms
