Seq Scan on cast_info ci  (cost=0.00..705507.15 rows=17994894 width=0) (actual time=0.076..9129.254 rows=17843542 loops=1)
  Filter: (person_id < 1768291)
  Rows Removed by Filter: 18400802
Planning time: 0.281 ms
Execution time: 11004.706 ms
