Seq Scan on cast_info ci  (cost=0.00..796071.18 rows=8429734 width=0) (actual time=4139.962..12675.610 rows=12670688 loops=1)
  Filter: ((person_id < 2454516) AND (role_id = 1))
  Rows Removed by Filter: 23573656
Planning time: 0.342 ms
Execution time: 14115.298 ms
