Seq Scan on movie_companies mc  (cost=0.00..51404.11 rows=27396 width=0) (actual time=0.088..826.708 rows=27303 loops=1)
  Filter: (company_id = 27)
  Rows Removed by Filter: 2581826
Planning time: 0.385 ms
Execution time: 831.014 ms
