Hash Join  (cost=82581.58..160965.92 rows=380914 width=0) (actual time=1137.137..3094.494 rows=908918 loops=1)
  Hash Cond: (mc.movie_id = t.id)
  ->  Seq Scan on movie_companies mc  (cost=0.00..51404.11 rows=1825624 width=4) (actual time=0.018..834.026 rows=1816963 loops=1)
        Filter: (company_id < 31551)
        Rows Removed by Filter: 792166
  ->  Hash  (cost=73925.90..73925.90 rows=527574 width=4) (actual time=1136.442..1136.442 rows=609532 loops=1)
        Buckets: 131072  Batches: 8  Memory Usage: 3715kB
        ->  Seq Scan on title t  (cost=0.00..73925.90 rows=527574 width=4) (actual time=0.016..962.736 rows=609532 loops=1)
              Filter: ((kind_id < 7) AND (production_year < 2005))
              Rows Removed by Filter: 1918780
Planning time: 0.536 ms
Execution time: 3197.729 ms
