Hash Join  (cost=107819.01..758504.88 rows=14288104 width=0) (actual time=1986.910..18726.861 rows=14732487 loops=1)
  Hash Cond: (mi.movie_id = t.id)
  ->  Seq Scan on movie_info mi  (cost=0.00..309384.22 rows=14739122 width=4) (actual time=0.028..4691.225 rows=14835720 loops=1)
  ->  Hash  (cost=67604.59..67604.59 rows=2451154 width=4) (actual time=1984.748..1984.748 rows=2450346 loops=1)
        Buckets: 131072  Batches: 64  Memory Usage: 2381kB
        ->  Seq Scan on title t  (cost=0.00..67604.59 rows=2451154 width=4) (actual time=0.023..1141.772 rows=2450346 loops=1)
              Filter: (production_year > 1899)
              Rows Removed by Filter: 77966
Planning time: 0.709 ms
Execution time: 20301.551 ms
