Seq Scan on cast_info ci  (cost=0.00..796071.18 rows=7676430 width=0) (actual time=8915.878..11500.315 rows=2344419 loops=1)
  Filter: ((person_id > 1408456) AND (role_id = 1))
  Rows Removed by Filter: 33899925
Planning time: 0.378 ms
Execution time: 11796.781 ms
