Hash Join  (cost=128661.55..879740.98 rows=29026 width=0) (actual time=1814.344..15998.290 rows=255145 loops=1)
  Hash Cond: (ci.movie_id = t.id)
  ->  Seq Scan on cast_info ci  (cost=0.00..614943.12 rows=36225612 width=4) (actual time=0.015..6528.684 rows=36244344 loops=1)
  ->  Hash  (cost=128636.23..128636.23 rows=2026 width=8) (actual time=1813.475..1813.475 rows=8819 loops=1)
        Buckets: 16384 (originally 2048)  Batches: 1 (originally 1)  Memory Usage: 473kB
        ->  Hash Join  (cost=73950.44..128636.23 rows=2026 width=8) (actual time=876.868..1809.812 rows=8819 loops=1)
              Hash Cond: (mc.movie_id = t.id)
              ->  Seq Scan on movie_companies mc  (cost=0.00..44881.29 rows=2609129 width=4) (actual time=0.016..430.680 rows=2609129 loops=1)
              ->  Hash  (cost=73925.90..73925.90 rows=1963 width=4) (actual time=876.650..876.650 rows=4169 loops=1)
                    Buckets: 8192 (originally 2048)  Batches: 1 (originally 1)  Memory Usage: 211kB
                    ->  Seq Scan on title t  (cost=0.00..73925.90 rows=1963 width=4) (actual time=348.971..874.656 rows=4169 loops=1)
                          Filter: ((kind_id = 1) AND (production_year = 1974))
                          Rows Removed by Filter: 2524143
Planning time: 0.876 ms
Execution time: 16035.848 ms
