Hash Join  (cost=102767.86..984490.27 rows=3148999 width=0) (actual time=1500.498..16892.908 rows=3944601 loops=1)
  Hash Cond: (ci.movie_id = t.id)
  ->  Seq Scan on cast_info ci  (cost=0.00..796071.18 rows=3148999 width=4) (actual time=0.023..12531.002 rows=3944601 loops=1)
        Filter: ((person_id > 946374) AND (role_id = 10))
        Rows Removed by Filter: 32299743
  ->  Hash  (cost=61283.27..61283.27 rows=2528527 width=4) (actual time=1499.540..1499.540 rows=2528312 loops=1)
        Buckets: 131072  Batches: 64  Memory Usage: 2415kB
        ->  Seq Scan on title t  (cost=0.00..61283.27 rows=2528527 width=4) (actual time=0.015..725.295 rows=2528312 loops=1)
Planning time: 0.798 ms
Execution time: 17253.657 ms
