Hash Join  (cost=162223.50..691499.79 rows=4636336 width=0) (actual time=3201.051..15202.634 rows=3593079 loops=1)
  Hash Cond: (mi.movie_id = t.id)
  ->  Seq Scan on movie_info mi  (cost=0.00..309384.22 rows=14739122 width=4) (actual time=0.016..4779.452 rows=14835720 loops=1)
  ->  Hash  (cost=149174.34..149174.34 rows=795373 width=8) (actual time=3199.934..3199.934 rows=417300 loops=1)
        Buckets: 131072  Batches: 16  Memory Usage: 2046kB
        ->  Hash Join  (cost=97835.13..149174.34 rows=795373 width=8) (actual time=1665.262..3064.369 rows=417300 loops=1)
              Hash Cond: (mi_idx.movie_id = t.id)
              ->  Seq Scan on movie_info_idx mi_idx  (cost=0.00..21735.35 rows=1380035 width=4) (actual time=0.021..385.005 rows=1380035 loops=1)
              ->  Hash  (cost=73925.90..73925.90 rows=1457298 width=4) (actual time=1663.894..1663.894 rows=1438183 loops=1)
                    Buckets: 131072  Batches: 32  Memory Usage: 2604kB
                    ->  Seq Scan on title t  (cost=0.00..73925.90 rows=1457298 width=4) (actual time=208.554..1200.268 rows=1438183 loops=1)
                          Filter: ((production_year < 2013) AND (kind_id = 7))
                          Rows Removed by Filter: 1090129
Planning time: 1.165 ms
Execution time: 15582.209 ms
