Seq Scan on cast_info ci  (cost=0.00..796071.18 rows=3298935 width=0) (actual time=2117.980..9916.636 rows=6640411 loops=1)
  Filter: ((person_id < 908711) AND (role_id = 1))
  Rows Removed by Filter: 29603933
Planning time: 0.352 ms
Execution time: 10610.435 ms
