Seq Scan on movie_companies mc  (cost=0.00..57926.93 rows=746481 width=0) (actual time=492.039..956.929 rows=532622 loops=1)
  Filter: ((company_id > 6925) AND (company_type_id = 1))
  Rows Removed by Filter: 2076507
Planning time: 0.372 ms
Execution time: 1025.607 ms
