Hash Join  (cost=194874.08..1070089.17 rows=814003 width=0) (actual time=3604.744..24913.426 rows=9284102 loops=1)
  Hash Cond: (ci.movie_id = t.id)
  ->  Seq Scan on cast_info ci  (cost=0.00..796071.18 rows=6025299 width=4) (actual time=0.016..12522.911 rows=12269893 loops=1)
        Filter: ((person_id < 1682439) AND (role_id = 1))
        Rows Removed by Filter: 23974451
  ->  Hash  (cost=189269.10..189269.10 rows=341598 width=8) (actual time=3603.879..3603.879 rows=514062 loops=1)
        Buckets: 131072  Batches: 8  Memory Usage: 3555kB
        ->  Hash Join  (cost=72956.84..189269.10 rows=341598 width=8) (actual time=1000.019..3470.138 rows=514062 loops=1)
              Hash Cond: (mk.movie_id = t.id)
              ->  Seq Scan on movie_keyword mk  (cost=0.00..81003.12 rows=2648043 width=4) (actual time=0.019..1298.302 rows=2635447 loops=1)
                    Filter: (keyword_id > 3228)
                    Rows Removed by Filter: 1888483
              ->  Hash  (cost=67604.59..67604.59 rows=326180 width=4) (actual time=999.059..999.059 rows=323245 loops=1)
                    Buckets: 131072  Batches: 8  Memory Usage: 2443kB
                    ->  Seq Scan on title t  (cost=0.00..67604.59 rows=326180 width=4) (actual time=0.033..886.104 rows=323245 loops=1)
                          Filter: (production_year < 1967)
                          Rows Removed by Filter: 2205067
Planning time: 1.157 ms
Execution time: 26079.306 ms
