Hash Join  (cost=244144.40..1122299.86 rows=2926721 width=0) (actual time=5664.639..19305.553 rows=3820145 loops=1)
  Hash Cond: (ci.movie_id = t.id)
  ->  Seq Scan on cast_info ci  (cost=0.00..796071.18 rows=3472414 width=4) (actual time=0.016..11712.551 rows=1146531 loops=1)
        Filter: ((person_id < 2176262) AND (role_id > 8))
        Rows Removed by Filter: 35097813
  ->  Hash  (cost=209179.82..209179.82 rows=2131167 width=8) (actual time=5663.373..5663.373 rows=2289918 loops=1)
        Buckets: 131072  Batches: 32  Memory Usage: 3790kB
        ->  Hash Join  (cost=101489.21..209179.82 rows=2131167 width=8) (actual time=1733.216..5033.567 rows=2289918 loops=1)
              Hash Cond: (mc.movie_id = t.id)
              ->  Seq Scan on movie_companies mc  (cost=0.00..44881.29 rows=2609129 width=4) (actual time=0.023..739.670 rows=2609129 loops=1)
              ->  Hash  (cost=67604.59..67604.59 rows=2065330 width=4) (actual time=1732.284..1732.284 rows=2064552 loops=1)
                    Buckets: 131072  Batches: 32  Memory Usage: 3289kB
                    ->  Seq Scan on title t  (cost=0.00..67604.59 rows=2065330 width=4) (actual time=0.019..1088.418 rows=2064552 loops=1)
                          Filter: (production_year < 2011)
                          Rows Removed by Filter: 463760
Planning time: 1.206 ms
Execution time: 19741.034 ms
