Hash Join  (cost=448026.41..1242539.22 rows=165246 width=0) (actual time=7971.658..26582.891 rows=1779028 loops=1)
  Hash Cond: (ci.movie_id = t.id)
  ->  Seq Scan on cast_info ci  (cost=0.00..705507.15 rows=23294185 width=4) (actual time=2220.753..10893.192 rows=23348452 loops=1)
        Filter: (person_id > 1273322)
        Rows Removed by Filter: 12895892
  ->  Hash  (cost=447802.20..447802.20 rows=17937 width=8) (actual time=5523.698..5523.698 rows=121863 loops=1)
        Buckets: 131072 (originally 32768)  Batches: 2 (originally 1)  Memory Usage: 3402kB
        ->  Nested Loop  (cost=0.43..447802.20 rows=17937 width=8) (actual time=973.814..5459.780 rows=121863 loops=1)
              ->  Seq Scan on movie_info mi  (cost=0.00..346232.03 rows=17937 width=4) (actual time=973.659..4143.651 rows=121863 loops=1)
                    Filter: (info_type_id = 105)
                    Rows Removed by Filter: 14713857
              ->  Index Only Scan using title_pkey on title t  (cost=0.43..5.65 rows=1 width=4) (actual time=0.010..0.010 rows=1 loops=121863)
                    Index Cond: (id = mi.movie_id)
                    Heap Fetches: 121863
Planning time: 0.932 ms
Execution time: 26812.349 ms
