Seq Scan on movie_keyword mk  (cost=0.00..81003.12 rows=3246605 width=0) (actual time=0.023..1341.885 rows=3233265 loops=1)
  Filter: (keyword_id > 1669)
  Rows Removed by Filter: 1290665
Planning time: 0.305 ms
Execution time: 1760.437 ms
