Hash Join  (cost=289194.56..1330301.35 rows=9708864 width=0) (actual time=9757.727..24659.352 rows=4750097 loops=1)
  Hash Cond: (ci.movie_id = t.id)
  ->  Seq Scan on cast_info ci  (cost=0.00..796071.18 rows=10857593 width=4) (actual time=4748.394..14604.855 rows=8082643 loops=1)
        Filter: ((person_id < 3317813) AND (role_id > 3))
        Rows Removed by Filter: 28161701
  ->  Hash  (cost=252098.93..252098.93 rows=2261010 width=8) (actual time=5007.217..5007.217 rows=556713 loops=1)
        Buckets: 131072  Batches: 32  Memory Usage: 1694kB
        ->  Hash Join  (cost=98498.33..252098.93 rows=2261010 width=8) (actual time=1537.993..4871.176 rows=556713 loops=1)
              Hash Cond: (mk.movie_id = t.id)
              ->  Seq Scan on movie_keyword mk  (cost=0.00..81003.12 rows=3817167 width=4) (actual time=0.021..1480.939 rows=3814611 loops=1)
                    Filter: (keyword_id > 599)
                    Rows Removed by Filter: 709319
              ->  Hash  (cost=73925.90..73925.90 rows=1497714 width=4) (actual time=1537.143..1537.143 rows=1478440 loops=1)
                    Buckets: 131072  Batches: 32  Memory Usage: 2656kB
                    ->  Seq Scan on title t  (cost=0.00..73925.90 rows=1497714 width=4) (actual time=160.712..1095.951 rows=1478440 loops=1)
                          Filter: ((production_year > 0) AND (kind_id = 7))
                          Rows Removed by Filter: 1049872
Planning time: 1.031 ms
Execution time: 25206.904 ms
