Seq Scan on movie_companies mc  (cost=0.00..57926.93 rows=51 width=0) (actual time=81.982..769.920 rows=10 loops=1)
  Filter: ((company_type_id < 2) AND (company_id = 17894))
  Rows Removed by Filter: 2609119
Planning time: 0.364 ms
Execution time: 770.004 ms
