Seq Scan on movie_keyword mk  (cost=0.00..81003.12 rows=2399313 width=0) (actual time=0.023..1239.944 rows=2400187 loops=1)
  Filter: (keyword_id < 5591)
  Rows Removed by Filter: 2123743
Planning time: 0.297 ms
Execution time: 1553.764 ms
