Seq Scan on movie_companies mc  (cost=0.00..57926.93 rows=746895 width=0) (actual time=0.145..866.200 rows=466545 loops=1)
  Filter: ((company_id < 13086) AND (company_type_id > 1))
  Rows Removed by Filter: 2142584
Planning time: 0.281 ms
Execution time: 925.079 ms
