Seq Scan on title t  (cost=0.00..73925.90 rows=1439210 width=0) (actual time=89.735..1067.927 rows=1478437 loops=1)
  Filter: ((production_year > 1923) AND (kind_id = 7))
  Rows Removed by Filter: 1049875
Planning time: 0.279 ms
Execution time: 1242.190 ms
