Hash Join  (cost=473710.62..1590768.28 rows=8104452 width=0) (actual time=7490.466..58947.064 rows=86390410 loops=1)
  Hash Cond: (ci.movie_id = t.id)
  ->  Seq Scan on cast_info ci  (cost=0.00..614943.12 rows=36225612 width=4) (actual time=0.024..10160.959 rows=36244344 loops=1)
  ->  Hash  (cost=464429.54..464429.54 rows=565686 width=8) (actual time=7489.142..7489.142 rows=1391216 loops=1)
        Buckets: 131072 (originally 131072)  Batches: 32 (originally 8)  Memory Usage: 3073kB
        ->  Hash Join  (cost=84618.84..464429.54 rows=565686 width=8) (actual time=2048.107..7030.365 rows=1391216 loops=1)
              Hash Cond: (mi.movie_id = t.id)
              ->  Seq Scan on movie_info mi  (cost=0.00..346232.03 rows=2194617 width=4) (actual time=890.591..3964.277 rows=2233850 loops=1)
                    Filter: (info_type_id > 16)
                    Rows Removed by Filter: 12601870
              ->  Hash  (cost=73925.90..73925.90 rows=651755 width=4) (actual time=1156.826..1156.826 rows=711179 loops=1)
                    Buckets: 131072  Batches: 16  Memory Usage: 2599kB
                    ->  Seq Scan on title t  (cost=0.00..73925.90 rows=651755 width=4) (actual time=0.023..940.308 rows=711179 loops=1)
                          Filter: ((kind_id < 7) AND (production_year < 2008))
                          Rows Removed by Filter: 1817133
Planning time: 1.225 ms
Execution time: 68938.629 ms
