Hash Join  (cost=52284.44..80901.57 rows=7 width=0) (actual time=625.293..872.468 rows=6 loops=1)
  Hash Cond: (mi_idx.movie_id = t.id)
  ->  Seq Scan on movie_info_idx mi_idx  (cost=0.00..25185.44 rows=915101 width=4) (actual time=0.029..259.306 rows=919850 loops=1)
        Filter: (info_type_id < 101)
        Rows Removed by Filter: 460185
  ->  Hash  (cost=52284.21..52284.21 rows=18 width=8) (actual time=528.726..528.726 rows=3 loops=1)
        Buckets: 1024  Batches: 1  Memory Usage: 9kB
        ->  Nested Loop  (cost=0.43..52284.21 rows=18 width=8) (actual time=200.583..528.711 rows=3 loops=1)
              ->  Seq Scan on movie_companies mc  (cost=0.00..51404.11 rows=104 width=4) (actual time=200.504..527.569 rows=51 loops=1)
                    Filter: (company_id = 59698)
                    Rows Removed by Filter: 2609078
              ->  Index Scan using title_pkey on title t  (cost=0.43..8.45 rows=1 width=4) (actual time=0.021..0.021 rows=0 loops=51)
                    Index Cond: (id = mc.movie_id)
                    Filter: ((production_year < 2008) AND (kind_id = 1))
                    Rows Removed by Filter: 1
Planning time: 1.174 ms
Execution time: 872.603 ms
