Hash Join  (cost=930581.06..1068348.83 rows=1293973 width=0) (actual time=12698.120..15482.363 rows=741496 loops=1)
  Hash Cond: (mk.movie_id = t.id)
  ->  Seq Scan on movie_keyword mk  (cost=0.00..69693.30 rows=4523930 width=4) (actual time=0.016..996.453 rows=4523930 loops=1)
  ->  Hash  (cost=918714.68..918714.68 rows=723231 width=8) (actual time=12614.120..12614.120 rows=294196 loops=1)
        Buckets: 131072  Batches: 16  Memory Usage: 1738kB
        ->  Hash Join  (cost=91362.58..918714.68 rows=723231 width=8) (actual time=4644.465..12516.268 rows=294196 loops=1)
              Hash Cond: (ci.movie_id = t.id)
              ->  Seq Scan on cast_info ci  (cost=0.00..796071.18 rows=1720695 width=4) (actual time=3189.188..10485.482 rows=558228 loops=1)
                    Filter: ((person_id < 1413655) AND (role_id = 10))
                    Rows Removed by Filter: 35686116
              ->  Hash  (cost=73925.90..73925.90 rows=1062774 width=4) (actual time=1454.126..1454.126 rows=1157083 loops=1)
                    Buckets: 131072  Batches: 16  Memory Usage: 3575kB
                    ->  Seq Scan on title t  (cost=0.00..73925.90 rows=1062774 width=4) (actual time=0.027..1096.135 rows=1157083 loops=1)
                          Filter: ((kind_id > 4) AND (production_year > 1991))
                          Rows Removed by Filter: 1371229
Planning time: 1.126 ms
Execution time: 15569.549 ms
