Seq Scan on movie_keyword mk  (cost=0.00..81003.12 rows=4470813 width=0) (actual time=0.030..1369.918 rows=4474477 loops=1)
  Filter: (keyword_id < 99834)
  Rows Removed by Filter: 49453
Planning time: 0.310 ms
Execution time: 1948.893 ms
