Seq Scan on movie_companies mc  (cost=0.00..57926.93 rows=598601 width=0) (actual time=247.729..850.662 rows=878675 loops=1)
  Filter: ((company_id > 12576) AND (company_type_id > 1))
  Rows Removed by Filter: 1730454
Planning time: 0.323 ms
Execution time: 961.902 ms
