Hash Join  (cost=158890.22..574690.29 rows=733214 width=0) (actual time=3515.981..11728.328 rows=4094363 loops=1)
  Hash Cond: (mi.movie_id = t.id)
  ->  Seq Scan on movie_info mi  (cost=0.00..346232.03 rows=5263441 width=4) (actual time=290.664..4826.173 rows=5270569 loops=1)
        Filter: (info_type_id > 15)
        Rows Removed by Filter: 9565151
  ->  Hash  (cost=153111.32..153111.32 rows=352232 width=8) (actual time=3223.573..3223.573 rows=619717 loops=1)
        Buckets: 131072  Batches: 8  Memory Usage: 4065kB
        ->  Hash Join  (cost=73205.47..153111.32 rows=352232 width=8) (actual time=796.972..3022.594 rows=619717 loops=1)
              Hash Cond: (mc.movie_id = t.id)
              ->  Seq Scan on movie_companies mc  (cost=0.00..44881.29 rows=2609129 width=4) (actual time=0.025..773.487 rows=2609129 loops=1)
              ->  Hash  (cost=67604.59..67604.59 rows=341351 width=4) (actual time=795.773..795.773 rows=337846 loops=1)
                    Buckets: 131072  Batches: 8  Memory Usage: 2501kB
                    ->  Seq Scan on title t  (cost=0.00..67604.59 rows=341351 width=4) (actual time=0.014..710.819 rows=337846 loops=1)
                          Filter: (production_year < 1968)
                          Rows Removed by Filter: 2190466
Planning time: 1.162 ms
Execution time: 12191.704 ms
