Hash Join  (cost=98137.04..983096.38 rows=6282093 width=0) (actual time=3197.537..18485.157 rows=6022536 loops=1)
  Hash Cond: (ci.movie_id = t.id)
  ->  Seq Scan on cast_info ci  (cost=0.00..705507.15 rows=8535452 width=4) (actual time=1344.457..10089.568 rows=8523139 loops=1)
        Filter: (person_id > 2834280)
        Rows Removed by Filter: 27721205
  ->  Hash  (cost=67604.59..67604.59 rows=1860996 width=4) (actual time=1851.827..1851.827 rows=1865487 loops=1)
        Buckets: 131072  Batches: 32  Memory Usage: 3079kB
        ->  Seq Scan on title t  (cost=0.00..67604.59 rows=1860996 width=4) (actual time=0.033..1063.607 rows=1865487 loops=1)
              Filter: (kind_id > 1)
              Rows Removed by Filter: 662825
Planning time: 0.752 ms
Execution time: 19238.583 ms
