Hash Join  (cost=102767.86..179469.91 rows=369669 width=0) (actual time=1733.005..3220.125 rows=526170 loops=1)
  Hash Cond: (mc.movie_id = t.id)
  ->  Seq Scan on movie_companies mc  (cost=0.00..57926.93 rows=369669 width=4) (actual time=157.755..820.964 rows=526170 loops=1)
        Filter: ((company_id < 1455) AND (company_type_id < 2))
        Rows Removed by Filter: 2082959
  ->  Hash  (cost=61283.27..61283.27 rows=2528527 width=4) (actual time=1573.852..1573.852 rows=2528312 loops=1)
        Buckets: 131072  Batches: 64  Memory Usage: 2415kB
        ->  Seq Scan on title t  (cost=0.00..61283.27 rows=2528527 width=4) (actual time=0.644..743.973 rows=2528312 loops=1)
Planning time: 0.698 ms
Execution time: 3283.909 ms
