Nested Loop  (cost=0.43..799703.28 rows=268 width=0) (actual time=12241.528..12337.531 rows=8 loops=1)
  ->  Seq Scan on cast_info ci  (cost=0.00..796071.18 rows=435 width=4) (actual time=12241.382..12337.173 rows=10 loops=1)
        Filter: ((role_id < 10) AND (person_id = 1622477))
        Rows Removed by Filter: 36244334
  ->  Index Scan using title_pkey on title t  (cost=0.43..8.34 rows=1 width=4) (actual time=0.029..0.029 rows=1 loops=10)
        Index Cond: (id = ci.movie_id)
        Filter: (production_year < 2007)
        Rows Removed by Filter: 0
Planning time: 0.774 ms
Execution time: 12337.648 ms
