Hash Join  (cost=163412.60..915449.62 rows=124788 width=0) (actual time=2211.207..15186.449 rows=60121 loops=1)
  Hash Cond: (ci.movie_id = t.id)
  ->  Seq Scan on cast_info ci  (cost=0.00..614943.12 rows=36225612 width=4) (actual time=0.017..5936.542 rows=36244344 loops=1)
  ->  Hash  (cost=163303.72..163303.72 rows=8710 width=8) (actual time=2208.724..2208.724 rows=5238 loops=1)
        Buckets: 16384  Batches: 1  Memory Usage: 333kB
        ->  Hash Join  (cost=80069.96..163303.72 rows=8710 width=8) (actual time=1284.898..2206.680 rows=5238 loops=1)
              Hash Cond: (mk.movie_id = t.id)
              ->  Seq Scan on movie_keyword mk  (cost=0.00..81003.12 rows=58811 width=4) (actual time=4.854..947.596 rows=58448 loops=1)
                    Filter: (keyword_id = 16264)
                    Rows Removed by Filter: 4465482
              ->  Hash  (cost=73925.90..73925.90 rows=374484 width=4) (actual time=1172.577..1172.577 rows=383564 loops=1)
                    Buckets: 131072  Batches: 8  Memory Usage: 2720kB
                    ->  Seq Scan on title t  (cost=0.00..73925.90 rows=374484 width=4) (actual time=0.026..1043.904 rows=383564 loops=1)
                          Filter: ((kind_id > 2) AND (production_year > 2009))
                          Rows Removed by Filter: 2144748
Planning time: 1.113 ms
Execution time: 15195.844 ms
