Seq Scan on title t  (cost=0.00..73925.90 rows=44025 width=0) (actual time=0.121..1040.972 rows=41557 loops=1)
  Filter: ((kind_id > 3) AND (production_year > 2012))
  Rows Removed by Filter: 2486755
Planning time: 0.340 ms
Execution time: 1048.177 ms
