Hash Join  (cost=84197.31..452188.49 rows=457695 width=0) (actual time=1180.844..5736.493 rows=399465 loops=1)
  Hash Cond: (mi.movie_id = t.id)
  ->  Seq Scan on movie_info mi  (cost=0.00..346232.03 rows=1144320 width=4) (actual time=0.019..3716.868 rows=1193772 loops=1)
        Filter: (info_type_id > 40)
        Rows Removed by Filter: 13641948
  ->  Hash  (cost=67604.59..67604.59 rows=1011338 width=4) (actual time=1179.931..1179.931 rows=1012920 loops=1)
        Buckets: 131072  Batches: 16  Memory Usage: 3256kB
        ->  Seq Scan on title t  (cost=0.00..67604.59 rows=1011338 width=4) (actual time=0.012..874.043 rows=1012920 loops=1)
              Filter: (production_year > 2005)
              Rows Removed by Filter: 1515392
Planning time: 0.738 ms
Execution time: 5785.864 ms
