Hash Join  (cost=877561.09..1245203.29 rows=298627 width=0) (actual time=13885.721..23442.178 rows=2014068 loops=1)
  Hash Cond: (mi.movie_id = t.id)
  ->  Seq Scan on movie_info mi  (cost=0.00..309384.22 rows=14739122 width=4) (actual time=0.017..3288.343 rows=14835720 loops=1)
  ->  Hash  (cost=876920.71..876920.71 rows=51230 width=8) (actual time=13883.351..13883.351 rows=95621 loops=1)
        Buckets: 131072 (originally 65536)  Batches: 2 (originally 1)  Memory Usage: 3073kB
        ->  Hash Join  (cost=68100.81..876920.71 rows=51230 width=8) (actual time=5391.211..13833.604 rows=95621 loops=1)
              Hash Cond: (ci.movie_id = t.id)
              ->  Seq Scan on cast_info ci  (cost=0.00..796071.18 rows=3263046 width=4) (actual time=4452.568..11014.138 rows=7585747 loops=1)
                    Filter: ((person_id > 2742753) AND (role_id > 3))
                    Rows Removed by Filter: 28658597
              ->  Hash  (cost=67604.59..67604.59 rows=39698 width=4) (actual time=938.176..938.176 rows=36437 loops=1)
                    Buckets: 65536  Batches: 1  Memory Usage: 1793kB
                    ->  Seq Scan on title t  (cost=0.00..67604.59 rows=39698 width=4) (actual time=0.034..922.550 rows=36437 loops=1)
                          Filter: (production_year = 1995)
                          Rows Removed by Filter: 2491875
Planning time: 1.246 ms
Execution time: 23648.628 ms
