Hash Join  (cost=95770.31..443316.35 rows=3723 width=0) (actual time=4755.862..5366.302 rows=12383 loops=1)
  Hash Cond: (mi.movie_id = t.id)
  ->  Seq Scan on movie_info mi  (cost=0.00..346232.03 rows=340474 width=4) (actual time=3368.125..3902.125 rows=328857 loops=1)
        Filter: (info_type_id = 98)
        Rows Removed by Filter: 14506863
  ->  Hash  (cost=95424.73..95424.73 rows=27647 width=8) (actual time=1387.203..1387.203 rows=31421 loops=1)
        Buckets: 32768  Batches: 1  Memory Usage: 1484kB
        ->  Hash Join  (cost=68237.77..95424.73 rows=27647 width=8) (actual time=913.381..1378.758 rows=31421 loops=1)
              Hash Cond: (mi_idx.movie_id = t.id)
              ->  Seq Scan on movie_info_idx mi_idx  (cost=0.00..21735.35 rows=1380035 width=4) (actual time=0.011..189.286 rows=1380035 loops=1)
              ->  Hash  (cost=67604.59..67604.59 rows=50655 width=4) (actual time=913.022..913.022 rows=50564 loops=1)
                    Buckets: 65536  Batches: 1  Memory Usage: 2290kB
                    ->  Seq Scan on title t  (cost=0.00..67604.59 rows=50655 width=4) (actual time=0.095..891.899 rows=50564 loops=1)
                          Filter: (production_year = 1999)
                          Rows Removed by Filter: 2477748
Planning time: 1.226 ms
Execution time: 5368.500 ms
