Seq Scan on movie_keyword mk  (cost=0.00..81003.12 rows=246 width=12) (actual time=1.025..1565.817 rows=860 loops=1)
  Filter: (keyword_id = 1549)
  Rows Removed by Filter: 4523070
Planning time: 0.354 ms
Execution time: 1565.944 ms
