Hash Join  (cost=295656.65..1741696.22 rows=35721443 width=0) (actual time=6105.286..41507.404 rows=35081262 loops=1)
  Hash Cond: (ci.movie_id = t.id)
  ->  Seq Scan on cast_info ci  (cost=0.00..614943.12 rows=36225612 width=4) (actual time=0.018..10896.442 rows=36244344 loops=1)
  ->  Hash  (cost=254749.95..254749.95 rows=2493336 width=8) (actual time=6103.160..6103.160 rows=1195028 loops=1)
        Buckets: 131072  Batches: 64  Memory Usage: 1736kB
        ->  Hash Join  (cost=98137.04..254749.95 rows=2493336 width=8) (actual time=1630.091..5747.701 rows=1195028 loops=1)
              Hash Cond: (mk.movie_id = t.id)
              ->  Seq Scan on movie_keyword mk  (cost=0.00..81003.12 rows=3387685 width=4) (actual time=0.016..1508.602 rows=3377245 loops=1)
                    Filter: (keyword_id < 16264)
                    Rows Removed by Filter: 1146685
              ->  Hash  (cost=67604.59..67604.59 rows=1860996 width=4) (actual time=1628.744..1628.744 rows=1865487 loops=1)
                    Buckets: 131072  Batches: 32  Memory Usage: 3085kB
                    ->  Seq Scan on title t  (cost=0.00..67604.59 rows=1860996 width=4) (actual time=0.023..1014.433 rows=1865487 loops=1)
                          Filter: (kind_id > 1)
                          Rows Removed by Filter: 662825
Planning time: 1.098 ms
Execution time: 45297.870 ms
