Hash Join  (cost=153322.24..651239.73 rows=1697356 width=0) (actual time=2714.359..17250.070 rows=5363069 loops=1)
  Hash Cond: (mi.movie_id = t.id)
  ->  Seq Scan on movie_info mi  (cost=0.00..309384.22 rows=14739122 width=4) (actual time=0.010..4320.450 rows=14835720 loops=1)
  ->  Hash  (cost=148544.43..148544.43 rows=291185 width=8) (actual time=2713.795..2713.795 rows=431707 loops=1)
        Buckets: 131072 (originally 131072)  Batches: 8 (originally 4)  Memory Usage: 3137kB
        ->  Hash Join  (cost=76690.42..148544.43 rows=291185 width=8) (actual time=1116.827..2563.088 rows=431707 loops=1)
              Hash Cond: (mc.movie_id = t.id)
              ->  Seq Scan on movie_companies mc  (cost=0.00..51404.11 rows=1329612 width=4) (actual time=141.679..714.404 rows=1334883 loops=1)
                    Filter: (company_type_id > 1)
                    Rows Removed by Filter: 1274246
              ->  Hash  (cost=67604.59..67604.59 rows=553747 width=4) (actual time=974.143..974.143 rows=552960 loops=1)
                    Buckets: 131072  Batches: 8  Memory Usage: 3445kB
                    ->  Seq Scan on title t  (cost=0.00..67604.59 rows=553747 width=4) (actual time=0.028..814.494 rows=552960 loops=1)
                          Filter: (production_year < 1983)
                          Rows Removed by Filter: 1975352
Planning time: 1.016 ms
Execution time: 17891.937 ms
