Hash Join  (cost=236113.70..679106.15 rows=2447284 width=0) (actual time=4116.219..13887.560 rows=9960904 loops=1)
  Hash Cond: (mi.movie_id = t.id)
  ->  Seq Scan on movie_info mi  (cost=0.00..346232.03 rows=5897221 width=4) (actual time=0.022..4464.321 rows=5884963 loops=1)
        Filter: (info_type_id < 7)
        Rows Removed by Filter: 8950757
  ->  Hash  (cost=218898.30..218898.30 rows=1049312 width=8) (actual time=4115.349..4115.349 rows=1055609 loops=1)
        Buckets: 131072  Batches: 16  Memory Usage: 3707kB
        ->  Hash Join  (cost=102767.86..218898.30 rows=1049312 width=8) (actual time=1659.809..3851.455 rows=1055609 loops=1)
              Hash Cond: (mk.movie_id = t.id)
              ->  Seq Scan on movie_keyword mk  (cost=0.00..81003.12 rows=1049312 width=4) (actual time=0.021..1115.045 rows=1055609 loops=1)
                    Filter: (keyword_id < 1050)
                    Rows Removed by Filter: 3468321
              ->  Hash  (cost=61283.27..61283.27 rows=2528527 width=4) (actual time=1658.928..1658.928 rows=2528312 loops=1)
                    Buckets: 131072  Batches: 64  Memory Usage: 2425kB
                    ->  Seq Scan on title t  (cost=0.00..61283.27 rows=2528527 width=4) (actual time=0.009..812.348 rows=2528312 loops=1)
Planning time: 1.156 ms
Execution time: 15003.727 ms
