Seq Scan on cast_info ci  (cost=0.00..796071.18 rows=12073305 width=0) (actual time=245.620..12703.853 rows=12670688 loops=1)
  Filter: ((person_id < 3687908) AND (role_id < 2))
  Rows Removed by Filter: 23573656
Planning time: 0.324 ms
Execution time: 14139.728 ms
