Hash Join  (cost=100887.51..450178.72 rows=116 width=0) (actual time=2494.283..5599.123 rows=138 loops=1)
  Hash Cond: (mi.movie_id = t.id)
  ->  Seq Scan on movie_info mi  (cost=0.00..346232.03 rows=815474 width=4) (actual time=1196.089..4205.976 rows=872224 loops=1)
        Filter: (info_type_id > 97)
        Rows Removed by Filter: 13963496
  ->  Hash  (cost=100882.99..100882.99 rows=361 width=8) (actual time=1265.499..1265.499 rows=280 loops=1)
        Buckets: 1024  Batches: 1  Memory Usage: 19kB
        ->  Hash Join  (cost=73950.44..100882.99 rows=361 width=8) (actual time=780.387..1265.315 rows=280 loops=1)
              Hash Cond: (mi_idx.movie_id = t.id)
              ->  Seq Scan on movie_info_idx mi_idx  (cost=0.00..25185.44 rows=464934 width=4) (actual time=0.031..391.621 rows=460185 loops=1)
                    Filter: (info_type_id > 100)
                    Rows Removed by Filter: 919850
              ->  Hash  (cost=73925.90..73925.90 rows=1963 width=4) (actual time=779.414..779.414 rows=7770 loops=1)
                    Buckets: 8192 (originally 2048)  Batches: 1 (originally 1)  Memory Usage: 338kB
                    ->  Seq Scan on title t  (cost=0.00..73925.90 rows=1963 width=4) (actual time=431.097..776.391 rows=7770 loops=1)
                          Filter: ((kind_id < 2) AND (production_year = 1912))
                          Rows Removed by Filter: 2520542
Planning time: 1.215 ms
Execution time: 5599.314 ms
