Hash Join  (cost=120373.38..619312.33 rows=581031 width=0) (actual time=2215.406..14419.677 rows=4085608 loops=1)
  Hash Cond: (mi.movie_id = t.id)
  ->  Seq Scan on movie_info mi  (cost=0.00..346232.03 rows=12665229 width=4) (actual time=0.031..5647.189 rows=12744652 loops=1)
        Filter: (info_type_id > 2)
        Rows Removed by Filter: 2091068
  ->  Hash  (cost=118469.39..118469.39 rows=115999 width=8) (actual time=2214.621..2214.621 rows=208391 loops=1)
        Buckets: 131072 (originally 131072)  Batches: 4 (originally 2)  Memory Usage: 3073kB
        ->  Hash Join  (cost=84284.84..118469.39 rows=115999 width=8) (actual time=1262.685..2134.426 rows=208391 loops=1)
              Hash Cond: (mi_idx.movie_id = t.id)
              ->  Seq Scan on movie_info_idx mi_idx  (cost=0.00..25185.44 rows=464566 width=4) (actual time=0.028..460.772 rows=459925 loops=1)
                    Filter: (info_type_id = 101)
                    Rows Removed by Filter: 920110
              ->  Hash  (cost=73925.90..73925.90 rows=631355 width=4) (actual time=1261.807..1261.807 rows=634290 loops=1)
                    Buckets: 131072  Batches: 16  Memory Usage: 2416kB
                    ->  Seq Scan on title t  (cost=0.00..73925.90 rows=631355 width=4) (actual time=0.014..1056.377 rows=634290 loops=1)
                          Filter: ((production_year < 2013) AND (kind_id = 1))
                          Rows Removed by Filter: 1894022
Planning time: 1.249 ms
Execution time: 14924.501 ms
