Nested Loop  (cost=0.43..83071.67 rows=246 width=0) (actual time=11.128..1027.982 rows=79 loops=1)
  ->  Seq Scan on movie_keyword mk  (cost=0.00..81003.12 rows=246 width=4) (actual time=11.052..1024.795 rows=79 loops=1)
        Filter: (keyword_id = 15530)
        Rows Removed by Filter: 4523851
  ->  Index Only Scan using title_pkey on title t  (cost=0.43..8.40 rows=1 width=4) (actual time=0.036..0.037 rows=1 loops=79)
        Index Cond: (id = mk.movie_id)
        Heap Fetches: 79
Planning time: 0.727 ms
Execution time: 1028.148 ms
