Hash Join  (cost=186494.50..227871.19 rows=214721 width=0) (actual time=3027.587..4541.204 rows=986153 loops=1)
  Hash Cond: (mi_idx.movie_id = t.id)
  ->  Seq Scan on movie_info_idx mi_idx  (cost=0.00..21735.35 rows=1380035 width=4) (actual time=0.022..285.248 rows=1380035 loops=1)
  ->  Hash  (cost=180039.80..180039.80 rows=393416 width=8) (actual time=3026.598..3026.598 rows=713570 loops=1)
        Buckets: 131072 (originally 131072)  Batches: 16 (originally 8)  Memory Usage: 3073kB
        ->  Hash Join  (cost=102767.86..180039.80 rows=393416 width=8) (actual time=1605.593..2842.730 rows=713570 loops=1)
              Hash Cond: (mc.movie_id = t.id)
              ->  Seq Scan on movie_companies mc  (cost=0.00..57926.93 rows=393416 width=4) (actual time=300.813..704.130 rows=713570 loops=1)
                    Filter: ((company_id > 33011) AND (company_type_id > 1))
                    Rows Removed by Filter: 1895559
              ->  Hash  (cost=61283.27..61283.27 rows=2528527 width=4) (actual time=1303.464..1303.464 rows=2528312 loops=1)
                    Buckets: 131072  Batches: 64  Memory Usage: 2415kB
                    ->  Seq Scan on title t  (cost=0.00..61283.27 rows=2528527 width=4) (actual time=0.016..627.313 rows=2528312 loops=1)
Planning time: 1.161 ms
Execution time: 4640.612 ms
