Hash Join  (cost=78058.28..951070.62 rows=1320799 width=0) (actual time=1126.924..17568.371 rows=1332632 loops=1)
  Hash Cond: (ci.movie_id = t.id)
  ->  Seq Scan on cast_info ci  (cost=0.00..705507.15 rows=13259519 width=4) (actual time=95.314..10200.344 rows=13401806 loops=1)
        Filter: (person_id > 2332861)
        Rows Removed by Filter: 22842538
  ->  Hash  (cost=73925.90..73925.90 rows=251870 width=4) (actual time=1029.840..1029.840 rows=365623 loops=1)
        Buckets: 131072 (originally 131072)  Batches: 8 (originally 4)  Memory Usage: 3073kB
        ->  Seq Scan on title t  (cost=0.00..73925.90 rows=251870 width=4) (actual time=0.058..906.010 rows=365623 loops=1)
              Filter: ((kind_id < 7) AND (production_year < 1988))
              Rows Removed by Filter: 2162689
Planning time: 0.762 ms
Execution time: 17721.747 ms
