Seq Scan on movie_keyword mk  (cost=0.00..81003.12 rows=4359034 width=0) (actual time=0.028..1378.643 rows=4364160 loops=1)
  Filter: (keyword_id < 72871)
  Rows Removed by Filter: 159770
Planning time: 0.320 ms
Execution time: 1934.679 ms
