Hash Join  (cost=86138.21..1155118.40 rows=5479161 width=0) (actual time=2156.518..29023.909 rows=6332557 loops=1)
  Hash Cond: (ci.movie_id = t.id)
  ->  Seq Scan on cast_info ci  (cost=0.00..796071.18 rows=18612641 width=4) (actual time=899.904..15410.545 rows=20122661 loops=1)
        Filter: ((person_id < 3558263) AND (role_id < 3))
        Rows Removed by Filter: 16121683
  ->  Hash  (cost=73925.90..73925.90 rows=744344 width=4) (actual time=1255.695..1255.695 rows=796638 loops=1)
        Buckets: 131072  Batches: 16  Memory Usage: 2779kB
        ->  Seq Scan on title t  (cost=0.00..73925.90 rows=744344 width=4) (actual time=0.023..1019.517 rows=796638 loops=1)
              Filter: ((kind_id > 1) AND (production_year > 2005))
              Rows Removed by Filter: 1731674
Planning time: 0.802 ms
Execution time: 29840.917 ms
