Seq Scan on movie_keyword mk  (cost=0.00..81003.12 rows=3906666 width=0) (actual time=0.023..1340.215 rows=3907759 loops=1)
  Filter: (keyword_id < 29597)
  Rows Removed by Filter: 616171
Planning time: 0.326 ms
Execution time: 1844.423 ms
