Hash Join  (cost=365418.15..1916335.77 rows=42983333 width=0) (actual time=7941.051..63532.892 rows=140125574 loops=1)
  Hash Cond: (ci.movie_id = t.id)
  ->  Seq Scan on cast_info ci  (cost=0.00..705507.15 rows=24024359 width=4) (actual time=0.022..12304.086 rows=24139156 loops=1)
        Filter: (person_id > 1192104)
        Rows Removed by Filter: 12105188
  ->  Hash  (cost=291197.02..291197.02 rows=4523930 width=8) (actual time=7940.244..7940.244 rows=4523930 loops=1)
        Buckets: 131072  Batches: 64  Memory Usage: 3816kB
        ->  Hash Join  (cost=102767.86..291197.02 rows=4523930 width=8) (actual time=1739.400..6689.278 rows=4523930 loops=1)
              Hash Cond: (mk.movie_id = t.id)
              ->  Seq Scan on movie_keyword mk  (cost=0.00..69693.30 rows=4523930 width=4) (actual time=0.018..1248.712 rows=4523930 loops=1)
              ->  Hash  (cost=61283.27..61283.27 rows=2528527 width=4) (actual time=1736.581..1736.581 rows=2528312 loops=1)
                    Buckets: 131072  Batches: 64  Memory Usage: 2425kB
                    ->  Seq Scan on title t  (cost=0.00..61283.27 rows=2528527 width=4) (actual time=0.019..880.303 rows=2528312 loops=1)
Planning time: 1.165 ms
Execution time: 77996.875 ms
