Seq Scan on cast_info ci  (cost=0.00..796071.18 rows=318258 width=0) (actual time=9915.266..12769.239 rows=304956 loops=1)
  Filter: ((person_id > 308276) AND (role_id > 10))
  Rows Removed by Filter: 35939388
Planning time: 0.330 ms
Execution time: 12801.999 ms
