Seq Scan on movie_keyword mk  (cost=0.00..81003.12 rows=246 width=0) (actual time=11.839..1057.927 rows=81 loops=1)
  Filter: (keyword_id = 36821)
  Rows Removed by Filter: 4523849
Planning time: 0.319 ms
Execution time: 1058.050 ms
