Hash Join  (cost=124787.50..250021.62 rows=265208 width=0) (actual time=2344.579..5900.389 rows=2960331 loops=1)
  Hash Cond: (mk.movie_id = t.id)
  ->  Seq Scan on movie_keyword mk  (cost=0.00..69693.30 rows=4523930 width=4) (actual time=0.015..1234.552 rows=4523930 loops=1)
  ->  Hash  (cost=122354.61..122354.61 rows=148231 width=8) (actual time=2343.522..2343.522 rows=292486 loops=1)
        Buckets: 131072 (originally 131072)  Batches: 4 (originally 2)  Memory Usage: 3892kB
        ->  Hash Join  (cost=87162.74..122354.61 rows=148231 width=8) (actual time=1336.397..2234.048 rows=292486 loops=1)
              Hash Cond: (mi_idx.movie_id = t.id)
              ->  Seq Scan on movie_info_idx mi_idx  (cost=0.00..25185.44 rows=464566 width=4) (actual time=0.021..400.046 rows=459925 loops=1)
                    Filter: (info_type_id = 101)
                    Rows Removed by Filter: 920110
              ->  Hash  (cost=73925.90..73925.90 rows=806787 width=4) (actual time=1335.448..1335.448 rows=843018 loops=1)
                    Buckets: 131072  Batches: 16  Memory Usage: 2879kB
                    ->  Seq Scan on title t  (cost=0.00..73925.90 rows=806787 width=4) (actual time=0.016..1071.548 rows=843018 loops=1)
                          Filter: ((kind_id < 7) AND (production_year < 2011))
                          Rows Removed by Filter: 1685294
Planning time: 1.141 ms
Execution time: 6213.184 ms
