Nested Loop  (cost=0.43..709674.40 rows=184 width=0) (actual time=5119.800..8715.134 rows=49 loops=1)
  ->  Seq Scan on cast_info ci  (cost=0.00..705507.15 rows=500 width=4) (actual time=2425.960..8712.144 rows=296 loops=1)
        Filter: (person_id = 1746597)
        Rows Removed by Filter: 36244048
  ->  Index Scan using title_pkey on title t  (cost=0.43..8.32 rows=1 width=4) (actual time=0.009..0.009 rows=0 loops=296)
        Index Cond: (id = ci.movie_id)
        Filter: ((kind_id > 1) AND (production_year < 2004))
        Rows Removed by Filter: 1
Planning time: 0.833 ms
Execution time: 8715.301 ms
