Hash Join  (cost=83073.49..434046.46 rows=48 width=0) (actual time=2030.885..5176.501 rows=333 loops=1)
  Hash Cond: (mi.movie_id = t.id)
  ->  Seq Scan on movie_info mi  (cost=0.00..346232.03 rows=1264125 width=4) (actual time=1122.851..4100.177 rows=1288928 loops=1)
        Filter: (info_type_id = 2)
        Rows Removed by Filter: 13546792
  ->  Hash  (cost=83072.29..83072.29 rows=96 width=8) (actual time=890.523..890.523 rows=326 loops=1)
        Buckets: 1024  Batches: 1  Memory Usage: 21kB
        ->  Nested Loop  (cost=0.43..83072.29 rows=96 width=8) (actual time=21.417..890.255 rows=326 loops=1)
              ->  Seq Scan on movie_keyword mk  (cost=0.00..81003.12 rows=246 width=4) (actual time=0.924..879.717 rows=357 loops=1)
                    Filter: (keyword_id = 20170)
                    Rows Removed by Filter: 4523573
              ->  Index Scan using title_pkey on title t  (cost=0.43..8.40 rows=1 width=4) (actual time=0.028..0.028 rows=1 loops=357)
                    Index Cond: (id = mk.movie_id)
                    Filter: (kind_id < 7)
                    Rows Removed by Filter: 0
Planning time: 1.168 ms
Execution time: 5176.750 ms
