Hash Join  (cost=153250.71..520812.13 rows=376793 width=0) (actual time=3887.687..9751.536 rows=560542 loops=1)
  Hash Cond: (mi.movie_id = t.id)
  ->  Seq Scan on movie_info mi  (cost=0.00..346232.03 rows=1264125 width=4) (actual time=433.222..5320.336 rows=1288928 loops=1)
        Filter: (info_type_id = 2)
        Rows Removed by Filter: 13546792
  ->  Hash  (cost=140884.85..140884.85 rows=753669 width=8) (actual time=3453.556..3453.556 rows=664016 loops=1)
        Buckets: 131072  Batches: 16  Memory Usage: 2649kB
        ->  Hash Join  (cost=90260.67..140884.85 rows=753669 width=8) (actual time=1686.784..3248.514 rows=664016 loops=1)
              Hash Cond: (mi_idx.movie_id = t.id)
              ->  Seq Scan on movie_info_idx mi_idx  (cost=0.00..21735.35 rows=1380035 width=4) (actual time=0.026..485.244 rows=1380035 loops=1)
              ->  Hash  (cost=67604.59..67604.59 rows=1380887 width=4) (actual time=1685.430..1685.430 rows=1381453 loops=1)
                    Buckets: 131072  Batches: 32  Memory Usage: 2543kB
                    ->  Seq Scan on title t  (cost=0.00..67604.59 rows=1380887 width=4) (actual time=0.045..1235.058 rows=1381453 loops=1)
                          Filter: (production_year > 2000)
                          Rows Removed by Filter: 1146859
Planning time: 2.048 ms
Execution time: 9814.830 ms
