Hash Join  (cost=74384.42..156577.11 rows=4430 width=0) (actual time=981.415..2126.832 rows=8267 loops=1)
  Hash Cond: (mk.movie_id = t.id)
  ->  Seq Scan on movie_keyword mk  (cost=0.00..81003.12 rows=305406 width=4) (actual time=0.029..1073.457 rows=321054 loops=1)
        Filter: (keyword_id < 261)
        Rows Removed by Filter: 4202876
  ->  Hash  (cost=73925.90..73925.90 rows=36681 width=4) (actual time=979.611..979.611 rows=24195 loops=1)
        Buckets: 65536  Batches: 1  Memory Usage: 1363kB
        ->  Seq Scan on title t  (cost=0.00..73925.90 rows=36681 width=4) (actual time=0.019..968.816 rows=24195 loops=1)
              Filter: ((kind_id < 4) AND (production_year = 2006))
              Rows Removed by Filter: 2504117
Planning time: 0.722 ms
Execution time: 2128.454 ms
