Seq Scan on movie_keyword mk  (cost=0.00..81003.12 rows=246 width=0) (actual time=2.241..1084.035 rows=53 loops=1)
  Filter: (keyword_id = 4496)
  Rows Removed by Filter: 4523877
Planning time: 0.353 ms
Execution time: 1084.170 ms
