Hash Join  (cost=622317.95..1846371.05 rows=14142108 width=0) (actual time=18763.614..36874.384 rows=7495339 loops=1)
  Hash Cond: (ci.movie_id = t.id)
  ->  Seq Scan on cast_info ci  (cost=0.00..796071.18 rows=15584382 width=4) (actual time=4772.058..14334.998 rows=14403383 loops=1)
        Filter: ((person_id > 771771) AND (role_id < 3))
        Rows Removed by Filter: 21840961
  ->  Hash  (cost=584673.43..584673.43 rows=2294522 width=8) (actual time=13990.071..13990.071 rows=1045446 loops=1)
        Buckets: 131072  Batches: 32  Memory Usage: 2304kB
        ->  Hash Join  (cost=80384.28..584673.43 rows=2294522 width=8) (actual time=1521.283..13664.327 rows=1045446 loops=1)
              Hash Cond: (mi.movie_id = t.id)
              ->  Seq Scan on movie_info mi  (cost=0.00..309384.22 rows=14739122 width=4) (actual time=0.018..4617.737 rows=14835720 loops=1)
              ->  Hash  (cost=73925.90..73925.90 rows=393630 width=4) (actual time=1520.380..1520.380 rows=401187 loops=1)
                    Buckets: 131072  Batches: 8  Memory Usage: 2800kB
                    ->  Seq Scan on title t  (cost=0.00..73925.90 rows=393630 width=4) (actual time=0.024..1078.230 rows=401187 loops=1)
                          Filter: ((kind_id > 1) AND (production_year > 2009))
                          Rows Removed by Filter: 2127125
Planning time: 1.505 ms
Execution time: 37684.658 ms
