Seq Scan on cast_info ci  (cost=0.00..705507.15 rows=3577801 width=0) (actual time=893.623..9021.515 rows=3454917 loops=1)
  Filter: (person_id < 331906)
  Rows Removed by Filter: 32789427
Planning time: 0.297 ms
Execution time: 9443.267 ms
