Nested Loop  (cost=0.43..709671.90 rows=500 width=0) (actual time=199.341..10853.089 rows=1159 loops=1)
  ->  Seq Scan on cast_info ci  (cost=0.00..705507.15 rows=500 width=4) (actual time=199.249..10840.552 rows=1159 loops=1)
        Filter: (person_id = 883585)
        Rows Removed by Filter: 36243185
  ->  Index Only Scan using title_pkey on title t  (cost=0.43..8.32 rows=1 width=4) (actual time=0.010..0.010 rows=1 loops=1159)
        Index Cond: (id = ci.movie_id)
        Heap Fetches: 1159
Planning time: 0.779 ms
Execution time: 10853.438 ms
