Seq Scan on movie_keyword mk  (cost=0.00..81003.12 rows=246 width=0) (actual time=0.411..891.660 rows=361 loops=1)
  Filter: (keyword_id = 4510)
  Rows Removed by Filter: 4523569
Planning time: 0.378 ms
Execution time: 891.856 ms
