Hash Join  (cost=92883.59..174727.13 rows=576845 width=0) (actual time=1833.238..2958.360 rows=47652 loops=1)
  Hash Cond: (mc.movie_id = t.id)
  ->  Seq Scan on movie_companies mc  (cost=0.00..57926.93 rows=946631 width=4) (actual time=392.335..962.215 rows=793608 loops=1)
        Filter: ((company_id > 1070) AND (company_type_id < 2))
        Rows Removed by Filter: 1815521
  ->  Hash  (cost=67604.59..67604.59 rows=1540800 width=4) (actual time=1439.608..1439.608 rows=1543264 loops=1)
        Buckets: 131072  Batches: 32  Memory Usage: 2722kB
        ->  Seq Scan on title t  (cost=0.00..67604.59 rows=1540800 width=4) (actual time=0.028..953.709 rows=1543264 loops=1)
              Filter: (kind_id = 7)
              Rows Removed by Filter: 985048
Planning time: 0.788 ms
Execution time: 2962.757 ms
