Hash Join  (cost=889681.72..3748868.40 rows=135206599 width=0) (actual time=20867.501..120844.815 rows=247313325 loops=1)
  Hash Cond: (ci.movie_id = t.id)
  ->  Seq Scan on cast_info ci  (cost=0.00..705507.15 rows=31554923 width=4) (actual time=1170.919..14958.880 rows=31605208 loops=1)
        Filter: (role_id < 10)
        Rows Removed by Filter: 4639136
  ->  Hash  (cost=711931.75..711931.75 rows=10834238 width=8) (actual time=19695.307..19695.307 rows=9754720 loops=1)
        Buckets: 131072  Batches: 256  Memory Usage: 2474kB
        ->  Hash Join  (cost=98098.54..711931.75 rows=10834238 width=8) (actual time=1684.337..17049.013 rows=9754720 loops=1)
              Hash Cond: (mi.movie_id = t.id)
              ->  Seq Scan on movie_info mi  (cost=0.00..309384.22 rows=14739122 width=4) (actual time=0.029..4940.677 rows=14835720 loops=1)
              ->  Hash  (cost=67604.59..67604.59 rows=1858636 width=4) (actual time=1682.656..1682.656 rows=1852807 loops=1)
                    Buckets: 131072  Batches: 32  Memory Usage: 3075kB
                    ->  Seq Scan on title t  (cost=0.00..67604.59 rows=1858636 width=4) (actual time=0.030..1077.239 rows=1852807 loops=1)
                          Filter: (production_year > 1985)
                          Rows Removed by Filter: 675505
Planning time: 1.600 ms
Execution time: 149424.012 ms
