Hash Join  (cost=76379.89..950281.09 rows=1171259 width=0) (actual time=4563.596..19301.134 rows=1569604 loops=1)
  Hash Cond: (ci.movie_id = t.id)
  ->  Seq Scan on cast_info ci  (cost=0.00..796071.18 rows=5537448 width=4) (actual time=3292.662..13976.656 rows=7450424 loops=1)
        Filter: ((person_id > 848193) AND (role_id = 2))
        Rows Removed by Filter: 28793920
  ->  Hash  (cost=67604.59..67604.59 rows=534824 width=4) (actual time=1269.730..1269.730 rows=533369 loops=1)
        Buckets: 131072  Batches: 8  Memory Usage: 3369kB
        ->  Seq Scan on title t  (cost=0.00..67604.59 rows=534824 width=4) (actual time=0.037..872.150 rows=533369 loops=1)
              Filter: (production_year > 2009)
              Rows Removed by Filter: 1994943
Planning time: 0.792 ms
Execution time: 19495.978 ms
