Seq Scan on cast_info ci  (cost=0.00..796071.18 rows=224 width=0) (actual time=6586.867..11019.457 rows=76 loops=1)
  Filter: ((role_id > 2) AND (person_id = 1890065))
  Rows Removed by Filter: 36244268
Planning time: 0.278 ms
Execution time: 11019.584 ms
