Seq Scan on movie_companies mc  (cost=0.00..57926.93 rows=230890 width=0) (actual time=0.046..495.917 rows=456412 loops=1)
  Filter: ((company_id > 76833) AND (company_type_id > 1))
  Rows Removed by Filter: 2152717
Planning time: 0.388 ms
Execution time: 535.862 ms
