Hash Join  (cost=69484.36..144756.15 rows=88290 width=0) (actual time=854.940..2513.548 rows=150721 loops=1)
  Hash Cond: (mc.movie_id = t.id)
  ->  Seq Scan on movie_companies mc  (cost=0.00..51404.11 rows=1949006 width=4) (actual time=0.029..896.359 rows=1954829 loops=1)
        Filter: (company_id > 904)
        Rows Removed by Filter: 654300
  ->  Hash  (cost=67604.59..67604.59 rows=114542 width=4) (actual time=854.113..854.113 rows=118234 loops=1)
        Buckets: 131072  Batches: 2  Memory Usage: 3101kB
        ->  Seq Scan on title t  (cost=0.00..67604.59 rows=114542 width=4) (actual time=4.679..813.590 rows=118234 loops=1)
              Filter: (kind_id = 4)
              Rows Removed by Filter: 2410078
Planning time: 0.732 ms
Execution time: 2534.068 ms
