Seq Scan on cast_info ci  (cost=0.00..705507.15 rows=500 width=0) (actual time=1232.692..7233.401 rows=68 loops=1)
  Filter: (person_id = 1815126)
  Rows Removed by Filter: 36244276
Planning time: 0.362 ms
Execution time: 7233.492 ms
