Hash Join  (cost=162890.09..529553.63 rows=200760 width=0) (actual time=2912.133..11651.636 rows=4462077 loops=1)
  Hash Cond: (mi.movie_id = t.id)
  ->  Seq Scan on movie_info mi  (cost=0.00..309384.22 rows=14739122 width=4) (actual time=0.021..4074.631 rows=14835720 loops=1)
  ->  Hash  (cost=162459.58..162459.58 rows=34441 width=8) (actual time=2911.755..2911.755 rows=67032 loops=1)
        Buckets: 131072 (originally 65536)  Batches: 1 (originally 1)  Memory Usage: 3643kB
        ->  Hash Join  (cost=74547.77..162459.58 rows=34441 width=8) (actual time=1133.832..2887.469 rows=67032 loops=1)
              Hash Cond: (mk.movie_id = t.id)
              ->  Seq Scan on movie_keyword mk  (cost=0.00..81003.12 rows=1750474 width=4) (actual time=0.099..1416.401 rows=1755151 loops=1)
                    Filter: (keyword_id > 7906)
                    Rows Removed by Filter: 2768779
              ->  Hash  (cost=73925.90..73925.90 rows=49749 width=4) (actual time=1133.154..1133.154 rows=44012 loops=1)
                    Buckets: 65536  Batches: 1  Memory Usage: 2060kB
                    ->  Seq Scan on title t  (cost=0.00..73925.90 rows=49749 width=4) (actual time=0.015..1114.294 rows=44012 loops=1)
                          Filter: ((kind_id < 7) AND (production_year = 2009))
                          Rows Removed by Filter: 2484300
Planning time: 1.114 ms
Execution time: 12198.036 ms
