Seq Scan on movie_companies mc  (cost=0.00..57926.93 rows=841359 width=0) (actual time=320.323..763.230 rows=1152935 loops=1)
  Filter: ((company_id < 21368) AND (company_type_id < 2))
  Rows Removed by Filter: 1456194
Planning time: 0.363 ms
Execution time: 886.051 ms
