Seq Scan on movie_companies mc  (cost=0.00..51404.11 rows=104 width=0) (actual time=164.002..712.700 rows=88 loops=1)
  Filter: (company_id = 16094)
  Rows Removed by Filter: 2609041
Planning time: 0.314 ms
Execution time: 712.803 ms
