Seq Scan on cast_info ci  (cost=0.00..705507.15 rows=7749588 width=0) (actual time=0.026..9454.613 rows=7647353 loops=1)
  Filter: (person_id < 741900)
  Rows Removed by Filter: 28596991
Planning time: 0.358 ms
Execution time: 10362.629 ms
