Hash Join  (cost=365418.15..1280062.61 rows=9942486 width=0) (actual time=11408.952..31182.484 rows=44140595 loops=1)
  Hash Cond: (ci.movie_id = t.id)
  ->  Seq Scan on cast_info ci  (cost=0.00..705507.15 rows=5557081 width=4) (actual time=3416.354..9652.860 rows=5628965 loops=1)
        Filter: (person_id > 3088227)
        Rows Removed by Filter: 30615379
  ->  Hash  (cost=291197.02..291197.02 rows=4523930 width=8) (actual time=7990.441..7990.441 rows=4523930 loops=1)
        Buckets: 131072  Batches: 64  Memory Usage: 3816kB
        ->  Hash Join  (cost=102767.86..291197.02 rows=4523930 width=8) (actual time=1490.931..6688.064 rows=4523930 loops=1)
              Hash Cond: (mk.movie_id = t.id)
              ->  Seq Scan on movie_keyword mk  (cost=0.00..69693.30 rows=4523930 width=4) (actual time=0.016..1194.976 rows=4523930 loops=1)
              ->  Hash  (cost=61283.27..61283.27 rows=2528527 width=4) (actual time=1489.489..1489.489 rows=2528312 loops=1)
                    Buckets: 131072  Batches: 64  Memory Usage: 2425kB
                    ->  Seq Scan on title t  (cost=0.00..61283.27 rows=2528527 width=4) (actual time=0.014..735.734 rows=2528312 loops=1)
Planning time: 8.067 ms
Execution time: 36129.825 ms
