Hash Join  (cost=188738.07..722200.71 rows=5028671 width=0) (actual time=4570.906..17895.721 rows=7026524 loops=1)
  Hash Cond: (mi.movie_id = t.id)
  ->  Seq Scan on movie_info mi  (cost=0.00..309384.22 rows=14739122 width=4) (actual time=0.021..4549.542 rows=14835720 loops=1)
  ->  Hash  (cost=174584.58..174584.58 rows=862679 width=8) (actual time=4566.669..4566.669 rows=633430 loops=1)
        Buckets: 131072  Batches: 16  Memory Usage: 2590kB
        ->  Hash Join  (cost=87642.27..174584.58 rows=862679 width=8) (actual time=1412.370..4308.830 rows=633430 loops=1)
              Hash Cond: (mc.movie_id = t.id)
              ->  Seq Scan on movie_companies mc  (cost=0.00..44881.29 rows=2609129 width=4) (actual time=0.024..790.599 rows=2609129 loops=1)
              ->  Hash  (cost=73925.90..73925.90 rows=836029 width=4) (actual time=1411.219..1411.219 rows=742319 loops=1)
                    Buckets: 131072  Batches: 16  Memory Usage: 2657kB
                    ->  Seq Scan on title t  (cost=0.00..73925.90 rows=836029 width=4) (actual time=0.028..1159.579 rows=742319 loops=1)
                          Filter: ((kind_id > 1) AND (production_year < 2002))
                          Rows Removed by Filter: 1785993
Planning time: 1.177 ms
Execution time: 18761.325 ms
