Hash Join  (cost=316205.83..1886276.49 rows=43387347 width=0) (actual time=6582.148..80067.797 rows=143651436 loops=1)
  Hash Cond: (ci.movie_id = t.id)
  ->  Seq Scan on cast_info ci  (cost=0.00..614943.12 rows=36225612 width=4) (actual time=0.011..10897.752 rows=36244344 loops=1)
  ->  Hash  (cost=266520.68..266520.68 rows=3028412 width=8) (actual time=6581.462..6581.462 rows=3008334 loops=1)
        Buckets: 131072  Batches: 64  Memory Usage: 2881kB
        ->  Hash Join  (cost=102767.86..266520.68 rows=3028412 width=8) (actual time=1683.339..5826.258 rows=3008334 loops=1)
              Hash Cond: (mk.movie_id = t.id)
              ->  Seq Scan on movie_keyword mk  (cost=0.00..81003.12 rows=3028412 width=4) (actual time=0.013..1437.904 rows=3008334 loops=1)
                    Filter: (keyword_id < 10681)
                    Rows Removed by Filter: 1515596
              ->  Hash  (cost=61283.27..61283.27 rows=2528527 width=4) (actual time=1682.484..1682.484 rows=2528312 loops=1)
                    Buckets: 131072  Batches: 64  Memory Usage: 2425kB
                    ->  Seq Scan on title t  (cost=0.00..61283.27 rows=2528527 width=4) (actual time=0.013..799.358 rows=2528312 loops=1)
Planning time: 1.100 ms
Execution time: 96451.507 ms
