Hash Join  (cost=83074.55..109986.02 rows=99 width=0) (actual time=1105.394..1497.068 rows=2940 loops=1)
  Hash Cond: (mi_idx.movie_id = t.id)
  ->  Seq Scan on movie_info_idx mi_idx  (cost=0.00..21735.35 rows=1380035 width=4) (actual time=0.013..177.575 rows=1380035 loops=1)
  ->  Hash  (cost=83072.29..83072.29 rows=181 width=8) (actual time=1105.325..1105.325 rows=3012 loops=1)
        Buckets: 4096 (originally 1024)  Batches: 1 (originally 1)  Memory Usage: 150kB
        ->  Nested Loop  (cost=0.43..83072.29 rows=181 width=8) (actual time=1.726..1103.492 rows=3012 loops=1)
              ->  Seq Scan on movie_keyword mk  (cost=0.00..81003.12 rows=246 width=4) (actual time=1.690..1044.022 rows=3954 loops=1)
                    Filter: (keyword_id = 16501)
                    Rows Removed by Filter: 4519976
              ->  Index Scan using title_pkey on title t  (cost=0.43..8.40 rows=1 width=4) (actual time=0.014..0.014 rows=1 loops=3954)
                    Index Cond: (id = mk.movie_id)
                    Filter: (kind_id > 1)
                    Rows Removed by Filter: 0
Planning time: 1.243 ms
Execution time: 1497.593 ms
