Nested Loop  (cost=0.43..83071.67 rows=246 width=0) (actual time=0.808..593.256 rows=4023 loops=1)
  ->  Seq Scan on movie_keyword mk  (cost=0.00..81003.12 rows=246 width=4) (actual time=0.745..548.117 rows=4023 loops=1)
        Filter: (keyword_id = 782)
        Rows Removed by Filter: 4519907
  ->  Index Only Scan using title_pkey on title t  (cost=0.43..8.40 rows=1 width=4) (actual time=0.011..0.011 rows=1 loops=4023)
        Index Cond: (id = mk.movie_id)
        Heap Fetches: 4023
Planning time: 3.949 ms
Execution time: 594.121 ms
