Seq Scan on movie_keyword mk  (cost=0.00..81003.12 rows=2767522 width=0) (actual time=0.016..1566.727 rows=2762917 loops=1)
  Filter: (keyword_id < 7876)
  Rows Removed by Filter: 1761013
Planning time: 1.854 ms
Execution time: 1912.693 ms
