Nested Loop  (cost=0.43..52283.69 rows=104 width=0) (actual time=46.846..637.083 rows=609 loops=1)
  ->  Seq Scan on movie_companies mc  (cost=0.00..51404.11 rows=104 width=4) (actual time=46.744..623.016 rows=609 loops=1)
        Filter: (company_id = 11361)
        Rows Removed by Filter: 2608520
  ->  Index Only Scan using title_pkey on title t  (cost=0.43..8.45 rows=1 width=4) (actual time=0.022..0.022 rows=1 loops=609)
        Index Cond: (id = mc.movie_id)
        Heap Fetches: 609
Planning time: 0.757 ms
Execution time: 637.354 ms
