Nested Loop  (cost=0.43..709674.40 rows=261 width=0) (actual time=4283.416..8626.795 rows=38 loops=1)
  ->  Seq Scan on cast_info ci  (cost=0.00..705507.15 rows=500 width=4) (actual time=4283.334..8626.284 rows=38 loops=1)
        Filter: (person_id = 3152796)
        Rows Removed by Filter: 36244306
  ->  Index Scan using title_pkey on title t  (cost=0.43..8.32 rows=1 width=4) (actual time=0.012..0.012 rows=1 loops=38)
        Index Cond: (id = ci.movie_id)
        Filter: ((production_year > 1964) AND (kind_id = 7))
Planning time: 0.553 ms
Execution time: 8626.899 ms
