Hash Join  (cost=73950.44..867763.36 rows=18244 width=0) (actual time=2267.036..16406.726 rows=56671 loops=1)
  Hash Cond: (ci.movie_id = t.id)
  ->  Seq Scan on cast_info ci  (cost=0.00..705507.15 rows=23499554 width=4) (actual time=1406.474..11850.332 rows=23573656 loops=1)
        Filter: (role_id > 1)
        Rows Removed by Filter: 12670688
  ->  Hash  (cost=73925.90..73925.90 rows=1963 width=4) (actual time=859.823..859.823 rows=4860 loops=1)
        Buckets: 8192 (originally 2048)  Batches: 1 (originally 1)  Memory Usage: 235kB
        ->  Seq Scan on title t  (cost=0.00..73925.90 rows=1963 width=4) (actual time=0.075..857.640 rows=4860 loops=1)
              Filter: ((kind_id = 1) AND (production_year = 1988))
              Rows Removed by Filter: 2523452
Planning time: 0.707 ms
Execution time: 16417.851 ms
