Seq Scan on movie_keyword mk  (cost=0.00..81003.12 rows=1077948 width=0) (actual time=0.021..930.252 rows=1085361 loops=1)
  Filter: (keyword_id < 1102)
  Rows Removed by Filter: 3438569
Planning time: 0.328 ms
Execution time: 1041.480 ms
