Seq Scan on movie_companies mc  (cost=0.00..51404.11 rows=1308667 width=0) (actual time=0.017..800.079 rows=1298868 loops=1)
  Filter: (company_id < 11288)
  Rows Removed by Filter: 1310261
Planning time: 0.240 ms
Execution time: 965.031 ms
