Hash Join  (cost=102767.86..252116.94 rows=2429782 width=0) (actual time=2026.490..5724.694 rows=2432010 loops=1)
  Hash Cond: (mk.movie_id = t.id)
  ->  Seq Scan on movie_keyword mk  (cost=0.00..81003.12 rows=2429782 width=4) (actual time=0.023..1554.443 rows=2432010 loops=1)
        Filter: (keyword_id < 5766)
        Rows Removed by Filter: 2091920
  ->  Hash  (cost=61283.27..61283.27 rows=2528527 width=4) (actual time=2025.653..2025.653 rows=2528312 loops=1)
        Buckets: 131072  Batches: 64  Memory Usage: 2425kB
        ->  Seq Scan on title t  (cost=0.00..61283.27 rows=2528527 width=4) (actual time=0.025..1141.834 rows=2528312 loops=1)
Planning time: 0.702 ms
Execution time: 5989.241 ms
