Hash Join  (cost=469224.60..598469.56 rows=594492 width=0) (actual time=7062.852..10150.701 rows=455680 loops=1)
  Hash Cond: (mk.movie_id = t.id)
  ->  Seq Scan on movie_keyword mk  (cost=0.00..69693.30 rows=4523930 width=4) (actual time=0.021..1164.787 rows=4523930 loops=1)
  ->  Hash  (cost=463773.16..463773.16 rows=332275 width=8) (actual time=7059.459..7059.459 rows=314366 loops=1)
        Buckets: 131072  Batches: 8  Memory Usage: 2567kB
        ->  Hash Join  (cost=71408.55..463773.16 rows=332275 width=8) (actual time=914.088..6958.456 rows=314366 loops=1)
              Hash Cond: (mi.movie_id = t.id)
              ->  Seq Scan on movie_info mi  (cost=0.00..346232.03 rows=3623957 width=4) (actual time=0.028..4407.133 rows=3624977 loops=1)
                    Filter: (info_type_id < 4)
                    Rows Removed by Filter: 11210743
              ->  Hash  (cost=67604.59..67604.59 rows=231837 width=4) (actual time=913.280..913.280 rows=231649 loops=1)
                    Buckets: 131072  Batches: 4  Memory Usage: 3082kB
                    ->  Seq Scan on title t  (cost=0.00..67604.59 rows=231837 width=4) (actual time=0.027..831.696 rows=231649 loops=1)
                          Filter: (production_year > 2011)
                          Rows Removed by Filter: 2296663
Planning time: 13.410 ms
Execution time: 10206.643 ms
