Hash Join  (cost=98098.54..597483.23 rows=5318600 width=0) (actual time=1757.926..11844.200 rows=4232917 loops=1)
  Hash Cond: (mi.movie_id = t.id)
  ->  Seq Scan on movie_info mi  (cost=0.00..346232.03 rows=7235534 width=4) (actual time=44.112..4911.132 rows=7286865 loops=1)
        Filter: (info_type_id < 8)
        Rows Removed by Filter: 7548855
  ->  Hash  (cost=67604.59..67604.59 rows=1858636 width=4) (actual time=1712.827..1712.827 rows=1852807 loops=1)
        Buckets: 131072  Batches: 32  Memory Usage: 3075kB
        ->  Seq Scan on title t  (cost=0.00..67604.59 rows=1858636 width=4) (actual time=0.042..1043.113 rows=1852807 loops=1)
              Filter: (production_year > 1985)
              Rows Removed by Filter: 675505
Planning time: 0.714 ms
Execution time: 12312.017 ms
