Hash Join  (cost=109448.91..506173.79 rows=344857 width=0) (actual time=1808.718..8821.644 rows=692757 loops=1)
  Hash Cond: (mi.movie_id = t.id)
  ->  Seq Scan on movie_info mi  (cost=0.00..346232.03 rows=12545135 width=4) (actual time=0.022..4511.763 rows=12601870 loops=1)
        Filter: (info_type_id < 17)
        Rows Removed by Filter: 2233850
  ->  Hash  (cost=108580.06..108580.06 rows=69508 width=8) (actual time=1807.921..1807.921 rows=60340 loops=1)
        Buckets: 131072  Batches: 1  Memory Usage: 3382kB
        ->  Hash Join  (cost=69694.50..108580.06 rows=69508 width=8) (actual time=937.144..1788.000 rows=60340 loops=1)
              Hash Cond: (mi_idx.movie_id = t.id)
              ->  Seq Scan on movie_info_idx mi_idx  (cost=0.00..21735.35 rows=1380035 width=4) (actual time=0.015..373.559 rows=1380035 loops=1)
              ->  Hash  (cost=67604.59..67604.59 rows=127353 width=4) (actual time=935.904..935.904 rows=128696 loops=1)
                    Buckets: 131072  Batches: 2  Memory Usage: 3284kB
                    ->  Seq Scan on title t  (cost=0.00..67604.59 rows=127353 width=4) (actual time=0.024..888.730 rows=128696 loops=1)
                          Filter: (production_year = 2009)
                          Rows Removed by Filter: 2399616
Planning time: 1.149 ms
Execution time: 8903.945 ms
