Seq Scan on cast_info ci  (cost=0.00..796071.18 rows=48506 width=0) (actual time=1186.764..9380.140 rows=203110 loops=1)
  Filter: ((person_id > 3162226) AND (role_id > 10))
  Rows Removed by Filter: 36041234
Planning time: 0.329 ms
Execution time: 9404.870 ms
