Hash Join  (cost=74148.97..882392.86 rows=22486 width=0) (actual time=2106.889..10498.760 rows=18314 loops=1)
  Hash Cond: (ci.movie_id = t.id)
  ->  Seq Scan on cast_info ci  (cost=0.00..796071.18 rows=3186095 width=4) (actual time=1273.334..9090.427 rows=3505393 loops=1)
        Filter: ((person_id < 373984) AND (role_id < 8))
        Rows Removed by Filter: 32738951
  ->  Hash  (cost=73925.90..73925.90 rows=17845 width=4) (actual time=779.748..779.748 rows=10782 loops=1)
        Buckets: 32768  Batches: 1  Memory Usage: 636kB
        ->  Seq Scan on title t  (cost=0.00..73925.90 rows=17845 width=4) (actual time=2.512..775.006 rows=10782 loops=1)
              Filter: ((kind_id = 1) AND (production_year = 2003))
              Rows Removed by Filter: 2517530
Planning time: 0.788 ms
Execution time: 10502.614 ms
