Hash Join  (cost=76444.38..141179.80 rows=30962 width=0) (actual time=1656.492..2523.067 rows=21677 loops=1)
  Hash Cond: (mc.movie_id = t.id)
  ->  Seq Scan on movie_companies mc  (cost=0.00..57926.93 rows=510096 width=4) (actual time=0.032..751.270 rows=214600 loops=1)
        Filter: ((company_id > 14986) AND (company_type_id = 1))
        Rows Removed by Filter: 2394529
  ->  Hash  (cost=73925.90..73925.90 rows=153478 width=4) (actual time=1655.595..1655.595 rows=134760 loops=1)
        Buckets: 131072  Batches: 4  Memory Usage: 2216kB
        ->  Seq Scan on title t  (cost=0.00..73925.90 rows=153478 width=4) (actual time=0.077..909.750 rows=134760 loops=1)
              Filter: ((kind_id < 7) AND (production_year > 2010))
              Rows Removed by Filter: 2393552
Planning time: 0.843 ms
Execution time: 2526.187 ms
