Hash Join  (cost=709674.80..796335.20 rows=236 width=0) (actual time=8927.580..10399.347 rows=132 loops=1)
  Hash Cond: (mk.movie_id = t.id)
  ->  Seq Scan on movie_keyword mk  (cost=0.00..69693.30 rows=4523930 width=4) (actual time=0.016..819.777 rows=4523930 loops=1)
  ->  Hash  (cost=709673.15..709673.15 rows=132 width=8) (actual time=8784.952..8784.952 rows=39 loops=1)
        Buckets: 1024  Batches: 1  Memory Usage: 10kB
        ->  Nested Loop  (cost=0.43..709673.15 rows=132 width=8) (actual time=6343.969..8784.875 rows=39 loops=1)
              ->  Seq Scan on cast_info ci  (cost=0.00..705507.15 rows=500 width=4) (actual time=6343.807..8783.673 rows=41 loops=1)
                    Filter: (person_id = 3278192)
                    Rows Removed by Filter: 36244303
              ->  Index Scan using title_pkey on title t  (cost=0.43..8.32 rows=1 width=4) (actual time=0.026..0.026 rows=1 loops=41)
                    Index Cond: (id = ci.movie_id)
                    Filter: (kind_id = 1)
                    Rows Removed by Filter: 0
Planning time: 1.107 ms
Execution time: 10399.559 ms
