Hash Join  (cost=109723.22..197086.83 rows=70557 width=0) (actual time=1774.703..4216.313 rows=1055091 loops=1)
  Hash Cond: (mk.movie_id = t.id)
  ->  Seq Scan on movie_keyword mk  (cost=0.00..69693.30 rows=4523930 width=4) (actual time=0.015..628.244 rows=4523930 loops=1)
  ->  Hash  (cost=109230.27..109230.27 rows=39436 width=8) (actual time=1774.044..1774.044 rows=89932 loops=1)
        Buckets: 131072 (originally 65536)  Batches: 2 (originally 1)  Memory Usage: 3073kB
        ->  Hash Join  (cost=77474.80..109230.27 rows=39436 width=8) (actual time=1024.166..1742.158 rows=89932 loops=1)
              Hash Cond: (mi_idx.movie_id = t.id)
              ->  Seq Scan on movie_info_idx mi_idx  (cost=0.00..25185.44 rows=460978 width=4) (actual time=0.026..414.154 rows=459925 loops=1)
                    Filter: (info_type_id = 99)
                    Rows Removed by Filter: 920110
              ->  Hash  (cost=73925.90..73925.90 rows=216312 width=4) (actual time=1023.379..1023.379 rows=327454 loops=1)
                    Buckets: 131072  Batches: 4  Memory Usage: 3902kB
                    ->  Seq Scan on title t  (cost=0.00..73925.90 rows=216312 width=4) (actual time=0.023..915.729 rows=327454 loops=1)
                          Filter: ((kind_id < 7) AND (production_year < 1983))
                          Rows Removed by Filter: 2200858
Planning time: 1.302 ms
Execution time: 4335.079 ms
