Hash Join  (cost=239537.08..287847.95 rows=618838 width=0) (actual time=4376.156..6909.856 rows=2500673 loops=1)
  Hash Cond: (mi_idx.movie_id = t.id)
  ->  Seq Scan on movie_info_idx mi_idx  (cost=0.00..21735.35 rows=1380035 width=4) (actual time=0.023..372.048 rows=1380035 loops=1)
  ->  Hash  (cost=220934.00..220934.00 rows=1133847 width=8) (actual time=4375.154..4375.154 rows=1140537 loops=1)
        Buckets: 131072  Batches: 16  Memory Usage: 3844kB
        ->  Hash Join  (cost=102767.86..220934.00 rows=1133847 width=8) (actual time=1637.935..4044.072 rows=1140537 loops=1)
              Hash Cond: (mk.movie_id = t.id)
              ->  Seq Scan on movie_keyword mk  (cost=0.00..81003.12 rows=1133847 width=4) (actual time=0.024..1147.407 rows=1140537 loops=1)
                    Filter: (keyword_id < 1293)
                    Rows Removed by Filter: 3383393
              ->  Hash  (cost=61283.27..61283.27 rows=2528527 width=4) (actual time=1636.782..1636.782 rows=2528312 loops=1)
                    Buckets: 131072  Batches: 64  Memory Usage: 2425kB
                    ->  Seq Scan on title t  (cost=0.00..61283.27 rows=2528527 width=4) (actual time=0.011..774.351 rows=2528312 loops=1)
Planning time: 1.167 ms
Execution time: 7227.132 ms
