Seq Scan on movie_companies mc  (cost=0.00..51404.11 rows=104 width=0) (actual time=66.199..647.718 rows=17 loops=1)
  Filter: (company_id = 26439)
  Rows Removed by Filter: 2609112
Planning time: 0.422 ms
Execution time: 647.803 ms
