Seq Scan on cast_info ci  (cost=0.00..796071.18 rows=382 width=0) (actual time=509.495..11494.439 rows=87 loops=1)
  Filter: ((role_id < 6) AND (person_id = 2192459))
  Rows Removed by Filter: 36244257
Planning time: 0.373 ms
Execution time: 11494.568 ms
