Seq Scan on movie_keyword mk  (cost=0.00..81003.12 rows=246 width=0) (actual time=265.547..1063.353 rows=4 loops=1)
  Filter: (keyword_id = 68992)
  Rows Removed by Filter: 4523926
Planning time: 0.415 ms
Execution time: 1063.445 ms
