Seq Scan on movie_companies mc  (cost=0.00..57926.93 rows=51 width=0) (actual time=567.426..679.955 rows=6 loops=1)
  Filter: ((company_id = 44018) AND (company_type_id = 1))
  Rows Removed by Filter: 2609123
Planning time: 0.358 ms
Execution time: 680.034 ms
