Seq Scan on movie_companies mc  (cost=0.00..57926.93 rows=181263 width=0) (actual time=186.714..647.659 rows=359681 loops=1)
  Filter: ((company_id > 86998) AND (company_type_id > 1))
  Rows Removed by Filter: 2249448
Planning time: 0.247 ms
Execution time: 696.059 ms
