Hash Join  (cost=83073.86..447734.28 rows=450 width=0) (actual time=621.440..6436.088 rows=281 loops=1)
  Hash Cond: (mi.movie_id = t.id)
  ->  Seq Scan on movie_info mi  (cost=0.00..309384.22 rows=14739122 width=4) (actual time=0.027..3142.207 rows=14835720 loops=1)
  ->  Hash  (cost=83072.90..83072.90 rows=77 width=8) (actual time=571.922..571.922 rows=24 loops=1)
        Buckets: 1024  Batches: 1  Memory Usage: 9kB
        ->  Nested Loop  (cost=0.43..83072.90 rows=77 width=8) (actual time=7.050..571.892 rows=24 loops=1)
              ->  Seq Scan on movie_keyword mk  (cost=0.00..81003.12 rows=246 width=4) (actual time=2.060..567.931 rows=177 loops=1)
                    Filter: (keyword_id = 6082)
                    Rows Removed by Filter: 4523753
              ->  Index Scan using title_pkey on title t  (cost=0.43..8.40 rows=1 width=4) (actual time=0.021..0.022 rows=0 loops=177)
                    Index Cond: (id = mk.movie_id)
                    Filter: ((kind_id > 1) AND (production_year < 2001))
                    Rows Removed by Filter: 1
Planning time: 1.162 ms
Execution time: 6436.408 ms
