Hash Join  (cost=74438.43..101572.69 rows=22378 width=0) (actual time=1122.306..1668.785 rows=8352 loops=1)
  Hash Cond: (mi_idx.movie_id = t.id)
  ->  Seq Scan on movie_info_idx mi_idx  (cost=0.00..21735.35 rows=1380035 width=4) (actual time=0.016..269.960 rows=1380035 loops=1)
  ->  Hash  (cost=73925.90..73925.90 rows=41002 width=4) (actual time=1079.216..1079.216 rows=40409 loops=1)
        Buckets: 65536  Batches: 1  Memory Usage: 1933kB
        ->  Seq Scan on title t  (cost=0.00..73925.90 rows=41002 width=4) (actual time=0.020..1062.637 rows=40409 loops=1)
              Filter: ((kind_id > 4) AND (production_year > 2012))
              Rows Removed by Filter: 2487903
Planning time: 0.724 ms
Execution time: 1669.989 ms
