Seq Scan on title t  (cost=0.00..73925.90 rows=619847 width=0) (actual time=0.026..886.996 rows=541000 loops=1)
  Filter: ((kind_id < 2) AND (production_year > 1929))
  Rows Removed by Filter: 1987312
Planning time: 0.377 ms
Execution time: 955.746 ms
