Hash Join  (cost=88295.76..194629.14 rows=614846 width=0) (actual time=1375.408..3645.517 rows=491865 loops=1)
  Hash Cond: (mk.movie_id = t.id)
  ->  Seq Scan on movie_keyword mk  (cost=0.00..81003.12 rows=1232744 width=4) (actual time=0.015..1316.449 rows=1244720 loops=1)
        Filter: (keyword_id > 14520)
        Rows Removed by Filter: 3279210
  ->  Hash  (cost=67604.59..67604.59 rows=1261134 width=4) (actual time=1373.365..1373.365 rows=1260295 loops=1)
        Buckets: 131072  Batches: 32  Memory Usage: 2421kB
        ->  Seq Scan on title t  (cost=0.00..67604.59 rows=1261134 width=4) (actual time=0.026..962.752 rows=1260295 loops=1)
              Filter: (production_year > 2002)
              Rows Removed by Filter: 1268017
Planning time: 0.766 ms
Execution time: 3709.657 ms
