Hash Join  (cost=58375.55..85303.12 rows=1 width=0) (actual time=572.021..991.889 rows=3 loops=1)
  Hash Cond: (mi_idx.movie_id = t.id)
  ->  Seq Scan on movie_info_idx mi_idx  (cost=0.00..25185.44 rows=464566 width=4) (actual time=0.018..374.736 rows=459925 loops=1)
        Filter: (info_type_id = 101)
        Rows Removed by Filter: 920110
  ->  Hash  (cost=58375.45..58375.45 rows=8 width=8) (actual time=551.776..551.776 rows=5 loops=1)
        Buckets: 1024  Batches: 1  Memory Usage: 9kB
        ->  Nested Loop  (cost=0.43..58375.45 rows=8 width=8) (actual time=284.794..551.762 rows=5 loops=1)
              ->  Seq Scan on movie_companies mc  (cost=0.00..57926.93 rows=53 width=4) (actual time=123.377..545.305 rows=386 loops=1)
                    Filter: ((company_id = 70951) AND (company_type_id = 2))
                    Rows Removed by Filter: 2608743
              ->  Index Scan using title_pkey on title t  (cost=0.43..8.45 rows=1 width=4) (actual time=0.016..0.016 rows=0 loops=386)
                    Index Cond: (id = mc.movie_id)
                    Filter: ((kind_id < 7) AND (production_year > 2005))
                    Rows Removed by Filter: 1
Planning time: 0.822 ms
Execution time: 992.000 ms
