Seq Scan on cast_info ci  (cost=0.00..705507.15 rows=31450760 width=0) (actual time=0.023..13526.544 rows=31433822 loops=1)
  Filter: (person_id < 3195483)
  Rows Removed by Filter: 4810522
Planning time: 0.306 ms
Execution time: 17390.842 ms
