Hash Join  (cost=517071.55..669180.29 rows=2471070 width=0) (actual time=7679.138..11599.114 rows=4810411 loops=1)
  Hash Cond: (mk.movie_id = t.id)
  ->  Seq Scan on movie_keyword mk  (cost=0.00..69693.30 rows=4523930 width=4) (actual time=0.023..1078.079 rows=4523930 loops=1)
  ->  Hash  (cost=494411.33..494411.33 rows=1381137 width=8) (actual time=7676.422..7676.422 rows=624836 loops=1)
        Buckets: 131072  Batches: 32  Memory Usage: 1756kB
        ->  Hash Join  (cost=100032.85..494411.33 rows=1381137 width=8) (actual time=2298.501..7548.147 rows=624836 loops=1)
              Hash Cond: (mi.movie_id = t.id)
              ->  Seq Scan on movie_info mi  (cost=0.00..346232.03 rows=2194617 width=4) (actual time=489.900..4445.809 rows=2233850 loops=1)
                    Filter: (info_type_id > 16)
                    Rows Removed by Filter: 12601870
              ->  Hash  (cost=73925.90..73925.90 rows=1591276 width=4) (actual time=1798.707..1798.707 rows=1709435 loops=1)
                    Buckets: 131072  Batches: 32  Memory Usage: 2913kB
                    ->  Seq Scan on title t  (cost=0.00..73925.90 rows=1591276 width=4) (actual time=0.029..1228.346 rows=1709435 loops=1)
                          Filter: ((kind_id > 1) AND (production_year > 1964))
                          Rows Removed by Filter: 818877
Planning time: 1.161 ms
Execution time: 12108.427 ms
