Seq Scan on movie_keyword mk  (cost=0.00..81003.12 rows=107224 width=0) (actual time=263.125..1084.266 rows=106389 loops=1)
  Filter: (keyword_id > 80873)
  Rows Removed by Filter: 4417541
Planning time: 0.335 ms
Execution time: 1099.457 ms
