Seq Scan on movie_companies mc  (cost=0.00..57926.93 rows=53 width=0) (actual time=3.224..654.697 rows=176 loops=1)
  Filter: ((company_type_id > 1) AND (company_id = 1404))
  Rows Removed by Filter: 2608953
Planning time: 0.376 ms
Execution time: 654.850 ms
