Hash Join  (cost=123332.76..924495.09 rows=15967 width=0) (actual time=6309.419..12900.876 rows=28599 loops=1)
  Hash Cond: (ci.movie_id = t.id)
  ->  Seq Scan on cast_info ci  (cost=0.00..796071.18 rows=1315062 width=4) (actual time=4099.959..10443.677 rows=906843 loops=1)
        Filter: ((person_id < 1163089) AND (role_id = 3))
        Rows Removed by Filter: 35337501
  ->  Hash  (cost=122949.01..122949.01 rows=30700 width=8) (actual time=2207.937..2207.937 rows=28827 loops=1)
        Buckets: 32768  Batches: 1  Memory Usage: 1383kB
        ->  Hash Join  (cost=67976.49..122949.01 rows=30700 width=8) (actual time=934.434..2196.644 rows=28827 loops=1)
              Hash Cond: (mc.movie_id = t.id)
              ->  Seq Scan on movie_companies mc  (cost=0.00..44881.29 rows=2609129 width=4) (actual time=0.022..581.624 rows=2609129 loops=1)
              ->  Hash  (cost=67604.59..67604.59 rows=29752 width=4) (actual time=934.061..934.061 rows=30027 loops=1)
                    Buckets: 32768  Batches: 1  Memory Usage: 1312kB
                    ->  Seq Scan on title t  (cost=0.00..67604.59 rows=29752 width=4) (actual time=0.146..921.078 rows=30027 loops=1)
                          Filter: (production_year = 1994)
                          Rows Removed by Filter: 2498285
Planning time: 1.233 ms
Execution time: 12905.062 ms
