Hash Join  (cost=83074.74..137742.81 rows=254 width=0) (actual time=1129.867..2066.235 rows=252 loops=1)
  Hash Cond: (mc.movie_id = t.id)
  ->  Seq Scan on movie_companies mc  (cost=0.00..44881.29 rows=2609129 width=4) (actual time=0.025..503.423 rows=2609129 loops=1)
  ->  Hash  (cost=83071.67..83071.67 rows=246 width=8) (actual time=1100.112..1100.112 rows=41 loops=1)
        Buckets: 1024  Batches: 1  Memory Usage: 10kB
        ->  Nested Loop  (cost=0.43..83071.67 rows=246 width=8) (actual time=34.365..1100.046 rows=41 loops=1)
              ->  Seq Scan on movie_keyword mk  (cost=0.00..81003.12 rows=246 width=4) (actual time=34.253..1092.806 rows=41 loops=1)
                    Filter: (keyword_id = 6920)
                    Rows Removed by Filter: 4523889
              ->  Index Only Scan using title_pkey on title t  (cost=0.43..8.40 rows=1 width=4) (actual time=0.170..0.171 rows=1 loops=41)
                    Index Cond: (id = mk.movie_id)
                    Heap Fetches: 41
Planning time: 1.109 ms
Execution time: 2066.432 ms
