Hash Join  (cost=101219.18..475709.16 rows=11949 width=0) (actual time=1562.460..7478.419 rows=25407 loops=1)
  Hash Cond: (mi.movie_id = t.id)
  ->  Seq Scan on movie_info mi  (cost=0.00..346232.03 rows=7503588 width=4) (actual time=0.018..4712.161 rows=7548855 loops=1)
        Filter: (info_type_id > 7)
        Rows Removed by Filter: 7286865
  ->  Hash  (cost=101168.84..101168.84 rows=4027 width=8) (actual time=1561.869..1561.869 rows=4711 loops=1)
        Buckets: 8192 (originally 4096)  Batches: 1 (originally 1)  Memory Usage: 249kB
        ->  Hash Join  (cost=74199.63..101168.84 rows=4027 width=8) (actual time=1049.621..1559.721 rows=4711 loops=1)
              Hash Cond: (mi_idx.movie_id = t.id)
              ->  Seq Scan on movie_info_idx mi_idx  (cost=0.00..25185.44 rows=464934 width=4) (actual time=0.014..398.763 rows=460185 loops=1)
                    Filter: (info_type_id > 100)
                    Rows Removed by Filter: 919850
              ->  Hash  (cost=73925.90..73925.90 rows=21898 width=4) (actual time=1049.337..1049.337 rows=24691 loops=1)
                    Buckets: 32768  Batches: 1  Memory Usage: 1125kB
                    ->  Seq Scan on title t  (cost=0.00..73925.90 rows=21898 width=4) (actual time=0.018..1038.199 rows=24691 loops=1)
                          Filter: ((kind_id > 1) AND (production_year = 1994))
                          Rows Removed by Filter: 2503621
Planning time: 1.179 ms
Execution time: 7482.906 ms
