Hash Join  (cost=109943.74..474897.57 rows=48806 width=0) (actual time=1971.691..7202.449 rows=146874 loops=1)
  Hash Cond: (mi.movie_id = t.id)
  ->  Seq Scan on movie_info mi  (cost=0.00..346232.03 rows=1550064 width=4) (actual time=215.814..4855.984 rows=1533909 loops=1)
        Filter: (info_type_id = 3)
        Rows Removed by Filter: 13301811
  ->  Hash  (cost=108637.57..108637.57 rows=79614 width=8) (actual time=1754.727..1754.727 rows=79808 loops=1)
        Buckets: 131072  Batches: 2  Memory Usage: 2586kB
        ->  Hash Join  (cost=71214.36..108637.57 rows=79614 width=8) (actual time=791.392..1726.759 rows=79808 loops=1)
              Hash Cond: (mi_idx.movie_id = t.id)
              ->  Seq Scan on movie_info_idx mi_idx  (cost=0.00..25185.44 rows=915101 width=4) (actual time=0.034..496.268 rows=919850 loops=1)
                    Filter: (info_type_id < 101)
                    Rows Removed by Filter: 460185
              ->  Hash  (cost=67604.59..67604.59 rows=219982 width=4) (actual time=790.631..790.631 rows=221115 loops=1)
                    Buckets: 131072  Batches: 4  Memory Usage: 2967kB
                    ->  Seq Scan on title t  (cost=0.00..67604.59 rows=219982 width=4) (actual time=0.061..727.158 rows=221115 loops=1)
                          Filter: (production_year < 1958)
                          Rows Removed by Filter: 2307197
Planning time: 1.180 ms
Execution time: 7222.398 ms
