Hash Join  (cost=105490.82..149663.24 rows=414736 width=0) (actual time=1912.854..3082.904 rows=436008 loops=1)
  Hash Cond: (mi_idx.movie_id = t.id)
  ->  Seq Scan on movie_info_idx mi_idx  (cost=0.00..25185.44 rows=454124 width=4) (actual time=0.022..341.405 rows=459925 loops=1)
        Filter: (info_type_id = 100)
        Rows Removed by Filter: 920110
  ->  Hash  (cost=67604.59..67604.59 rows=2309219 width=4) (actual time=1912.078..1912.078 rows=2302977 loops=1)
        Buckets: 131072  Batches: 32  Memory Usage: 3558kB
        ->  Seq Scan on title t  (cost=0.00..67604.59 rows=2309219 width=4) (actual time=0.013..1163.087 rows=2302977 loops=1)
              Filter: (production_year > 1945)
              Rows Removed by Filter: 225335
Planning time: 0.771 ms
Execution time: 3137.834 ms
