Nested Loop  (cost=0.43..83071.67 rows=246 width=0) (actual time=0.769..1366.805 rows=520 loops=1)
  ->  Seq Scan on movie_keyword mk  (cost=0.00..81003.12 rows=246 width=4) (actual time=0.704..1325.771 rows=520 loops=1)
        Filter: (keyword_id = 5398)
        Rows Removed by Filter: 4523410
  ->  Index Only Scan using title_pkey on title t  (cost=0.43..8.40 rows=1 width=4) (actual time=0.076..0.077 rows=1 loops=520)
        Index Cond: (id = mk.movie_id)
        Heap Fetches: 520
Planning time: 0.945 ms
Execution time: 1367.128 ms
