Seq Scan on cast_info ci  (cost=0.00..796071.18 rows=41871 width=0) (actual time=730.101..9056.709 rows=15506 loops=1)
  Filter: ((person_id < 404153) AND (role_id > 10))
  Rows Removed by Filter: 36228838
Planning time: 0.441 ms
Execution time: 9058.328 ms
