Hash Join  (cost=195025.38..730555.56 rows=5222426 width=0) (actual time=3625.436..16465.461 rows=5436081 loops=1)
  Hash Cond: (mi.movie_id = t.id)
  ->  Seq Scan on movie_info mi  (cost=0.00..309384.22 rows=14739122 width=4) (actual time=0.008..4416.633 rows=14835720 loops=1)
  ->  Hash  (cost=180326.40..180326.40 rows=895918 width=8) (actual time=3624.112..3624.112 rows=511200 loops=1)
        Buckets: 131072  Batches: 16  Memory Usage: 2265kB
        ->  Hash Join  (cost=96651.52..180326.40 rows=895918 width=8) (actual time=1583.864..3456.155 rows=511200 loops=1)
              Hash Cond: (mc.movie_id = t.id)
              ->  Seq Scan on movie_companies mc  (cost=0.00..51404.11 rows=1279517 width=4) (actual time=0.027..763.465 rows=1274246 loops=1)
                    Filter: (company_type_id = 1)
                    Rows Removed by Filter: 1334883
              ->  Hash  (cost=67604.59..67604.59 rows=1770475 width=4) (actual time=1582.366..1582.366 rows=1774635 loops=1)
                    Buckets: 131072  Batches: 32  Memory Usage: 2978kB
                    ->  Seq Scan on title t  (cost=0.00..67604.59 rows=1770475 width=4) (actual time=0.018..1005.606 rows=1774635 loops=1)
                          Filter: (kind_id > 2)
                          Rows Removed by Filter: 753677
Planning time: 1.123 ms
Execution time: 17064.498 ms
