Hash Join  (cost=102767.86..1019849.66 rows=8382194 width=0) (actual time=1979.403..19141.687 rows=8280353 loops=1)
  Hash Cond: (ci.movie_id = t.id)
  ->  Seq Scan on cast_info ci  (cost=0.00..705507.15 rows=8382194 width=4) (actual time=0.060..10789.979 rows=8280353 loops=1)
        Filter: (person_id < 810510)
        Rows Removed by Filter: 27963991
  ->  Hash  (cost=61283.27..61283.27 rows=2528527 width=4) (actual time=1978.209..1978.209 rows=2528312 loops=1)
        Buckets: 131072  Batches: 64  Memory Usage: 2415kB
        ->  Seq Scan on title t  (cost=0.00..61283.27 rows=2528527 width=4) (actual time=0.019..851.870 rows=2528312 loops=1)
Planning time: 0.782 ms
Execution time: 19953.085 ms
