Hash Join  (cost=102767.86..193812.36 rows=965758 width=0) (actual time=1775.673..3392.982 rows=655559 loops=1)
  Hash Cond: (mc.movie_id = t.id)
  ->  Seq Scan on movie_companies mc  (cost=0.00..57926.93 rows=965758 width=4) (actual time=222.388..903.311 rows=655559 loops=1)
        Filter: ((company_id < 42528) AND (company_type_id = 2))
        Rows Removed by Filter: 1953570
  ->  Hash  (cost=61283.27..61283.27 rows=2528527 width=4) (actual time=1551.962..1551.962 rows=2528312 loops=1)
        Buckets: 131072  Batches: 64  Memory Usage: 2415kB
        ->  Seq Scan on title t  (cost=0.00..61283.27 rows=2528527 width=4) (actual time=0.014..751.356 rows=2528312 loops=1)
Planning time: 0.629 ms
Execution time: 3476.943 ms
