Seq Scan on cast_info ci  (cost=0.00..796071.18 rows=4413503 width=0) (actual time=4454.217..10647.786 rows=9843538 loops=1)
  Filter: ((person_id > 2727175) AND (role_id > 2))
  Rows Removed by Filter: 26400806
Planning time: 0.452 ms
Execution time: 11864.893 ms
