Nested Loop  (cost=0.43..97490.07 rows=770 width=0) (actual time=237.219..758.924 rows=6057 loops=1)
  ->  Seq Scan on movie_companies mc  (cost=0.00..57926.93 rows=5459 width=4) (actual time=237.140..693.992 rows=6058 loops=1)
        Filter: ((company_id = 11203) AND (company_type_id = 1))
        Rows Removed by Filter: 2603071
  ->  Index Scan using title_pkey on title t  (cost=0.43..7.24 rows=1 width=4) (actual time=0.010..0.010 rows=1 loops=6058)
        Index Cond: (id = mc.movie_id)
        Filter: (production_year < 1969)
        Rows Removed by Filter: 0
Planning time: 0.794 ms
Execution time: 760.438 ms
