Nested Loop  (cost=0.43..66221.41 rows=928 width=0) (actual time=0.591..611.190 rows=888 loops=1)
  ->  Seq Scan on movie_companies mc  (cost=0.00..51404.11 rows=1855 width=4) (actual time=0.118..547.982 rows=4712 loops=1)
        Filter: (company_id < 6)
        Rows Removed by Filter: 2604417
  ->  Index Scan using title_pkey on title t  (cost=0.43..7.98 rows=1 width=4) (actual time=0.013..0.013 rows=0 loops=4712)
        Index Cond: (id = mc.movie_id)
        Filter: (production_year < 2004)
        Rows Removed by Filter: 1
Planning time: 1.311 ms
Execution time: 611.562 ms
