Hash Join  (cost=111902.97..202091.97 rows=26426 width=0) (actual time=2675.743..3496.566 rows=25108 loops=1)
  Hash Cond: (mk.movie_id = t.id)
  ->  Seq Scan on movie_keyword mk  (cost=0.00..81003.12 rows=2379099 width=4) (actual time=0.016..1299.628 rows=2380424 loops=1)
        Filter: (keyword_id < 5457)
        Rows Removed by Filter: 2143506
  ->  Hash  (cost=111551.89..111551.89 rows=28086 width=8) (actual time=1801.851..1801.851 rows=13746 loops=1)
        Buckets: 32768  Batches: 1  Memory Usage: 793kB
        ->  Hash Join  (cost=75199.97..111551.89 rows=28086 width=8) (actual time=1291.302..1796.864 rows=13746 loops=1)
              Hash Cond: (mi_idx.movie_id = t.id)
              ->  Seq Scan on movie_info_idx mi_idx  (cost=0.00..25185.44 rows=915101 width=4) (actual time=0.022..491.382 rows=919850 loops=1)
                    Filter: (info_type_id < 101)
                    Rows Removed by Filter: 460185
              ->  Hash  (cost=73925.90..73925.90 rows=77605 width=4) (actual time=982.781..982.781 rows=84684 loops=1)
                    Buckets: 131072  Batches: 2  Memory Usage: 2512kB
                    ->  Seq Scan on title t  (cost=0.00..73925.90 rows=77605 width=4) (actual time=0.020..951.823 rows=84684 loops=1)
                          Filter: ((kind_id = 7) AND (production_year = 2009))
                          Rows Removed by Filter: 2443628
Planning time: 1.229 ms
Execution time: 3500.007 ms
