Hash Join  (cost=75199.97..152055.01 rows=65023 width=0) (actual time=1368.494..2648.854 rows=23113 loops=1)
  Hash Cond: (mc.movie_id = t.id)
  ->  Seq Scan on movie_companies mc  (cost=0.00..51404.11 rows=2118586 width=4) (actual time=0.025..890.157 rows=2123742 loops=1)
        Filter: (company_id > 424)
        Rows Removed by Filter: 485387
  ->  Hash  (cost=73925.90..73925.90 rows=77605 width=4) (actual time=1027.642..1027.642 rows=84684 loops=1)
        Buckets: 131072  Batches: 2  Memory Usage: 2512kB
        ->  Seq Scan on title t  (cost=0.00..73925.90 rows=77605 width=4) (actual time=0.017..995.900 rows=84684 loops=1)
              Filter: ((kind_id = 7) AND (production_year = 2009))
              Rows Removed by Filter: 2443628
Planning time: 0.729 ms
Execution time: 2652.337 ms
