Seq Scan on movie_keyword mk  (cost=0.00..81003.12 rows=3031267 width=0) (actual time=0.013..1233.412 rows=3012950 loops=1)
  Filter: (keyword_id < 10720)
  Rows Removed by Filter: 1510980
Planning time: 0.329 ms
Execution time: 1603.397 ms
