Hash Join  (cost=74590.38..832995.36 rows=761582 width=0) (actual time=10558.602..15170.658 rows=2 loops=1)
  Hash Cond: (ci.movie_id = t.id)
  ->  Seq Scan on cast_info ci  (cost=0.00..614943.12 rows=36225612 width=4) (actual time=0.024..6679.715 rows=36244344 loops=1)
  ->  Hash  (cost=73925.90..73925.90 rows=53158 width=4) (actual time=810.853..810.853 rows=2 loops=1)
        Buckets: 65536  Batches: 1  Memory Usage: 513kB
        ->  Seq Scan on title t  (cost=0.00..73925.90 rows=53158 width=4) (actual time=294.147..810.844 rows=2 loops=1)
              Filter: ((production_year < 1920) AND (kind_id = 7))
              Rows Removed by Filter: 2528310
Planning time: 0.770 ms
Execution time: 15170.817 ms
