Hash Join  (cost=122069.77..246859.87 rows=228806 width=0) (actual time=2162.595..5463.873 rows=2749564 loops=1)
  Hash Cond: (mk.movie_id = t.id)
  ->  Seq Scan on movie_keyword mk  (cost=0.00..69693.30 rows=4523930 width=4) (actual time=0.016..1011.627 rows=4523930 loops=1)
  ->  Hash  (cost=119971.21..119971.21 rows=127885 width=8) (actual time=2161.939..2161.939 rows=266124 loops=1)
        Buckets: 131072 (originally 131072)  Batches: 4 (originally 2)  Memory Usage: 3637kB
        ->  Hash Join  (cost=85435.26..119971.21 rows=127885 width=8) (actual time=1313.821..2073.971 rows=266124 loops=1)
              Hash Cond: (mi_idx.movie_id = t.id)
              ->  Seq Scan on movie_info_idx mi_idx  (cost=0.00..25185.44 rows=460978 width=4) (actual time=0.014..354.873 rows=459925 loops=1)
                    Filter: (info_type_id = 99)
                    Rows Removed by Filter: 920110
              ->  Hash  (cost=73925.90..73925.90 rows=701468 width=4) (actual time=1312.572..1312.572 rows=749931 loops=1)
                    Buckets: 131072  Batches: 16  Memory Usage: 2673kB
                    ->  Seq Scan on title t  (cost=0.00..73925.90 rows=701468 width=4) (actual time=0.012..810.059 rows=749931 loops=1)
                          Filter: ((kind_id < 7) AND (production_year < 2009))
                          Rows Removed by Filter: 1778381
Planning time: 0.747 ms
Execution time: 5796.332 ms
