Hash Join  (cost=177434.70..681739.80 rows=2714120 width=0) (actual time=3661.349..21747.767 rows=29478754 loops=1)
  Hash Cond: (mi.movie_id = t.id)
  ->  Seq Scan on movie_info mi  (cost=0.00..346232.03 rows=11115165 width=4) (actual time=0.012..5433.861 rows=11210743 loops=1)
        Filter: (info_type_id > 3)
        Rows Removed by Filter: 3624977
  ->  Hash  (cost=167304.95..167304.95 rows=617420 width=8) (actual time=3660.182..3660.182 rows=924679 loops=1)
        Buckets: 131072  Batches: 16  Memory Usage: 3315kB
        ->  Hash Join  (cost=83743.23..167304.95 rows=617420 width=8) (actual time=1151.212..3383.962 rows=924679 loops=1)
              Hash Cond: (mc.movie_id = t.id)
              ->  Seq Scan on movie_companies mc  (cost=0.00..44881.29 rows=2609129 width=4) (actual time=0.027..707.804 rows=2609129 loops=1)
              ->  Hash  (cost=73925.90..73925.90 rows=598346 width=4) (actual time=1150.413..1150.413 rows=507407 loops=1)
                    Buckets: 131072  Batches: 8  Memory Usage: 3251kB
                    ->  Seq Scan on title t  (cost=0.00..73925.90 rows=598346 width=4) (actual time=0.029..989.435 rows=507407 loops=1)
                          Filter: ((kind_id < 7) AND (production_year > 1997))
                          Rows Removed by Filter: 2020905
Planning time: 1.251 ms
Execution time: 25035.385 ms
