Hash Join  (cost=128960.35..493622.05 rows=577 width=0) (actual time=1451.437..6751.492 rows=34703 loops=1)
  Hash Cond: (mi.movie_id = t.id)
  ->  Seq Scan on movie_info mi  (cost=0.00..309384.22 rows=14739122 width=4) (actual time=0.023..2681.581 rows=14835720 loops=1)
  ->  Hash  (cost=128959.12..128959.12 rows=99 width=8) (actual time=1451.327..1451.327 rows=4576 loops=1)
        Buckets: 8192 (originally 1024)  Batches: 1 (originally 1)  Memory Usage: 243kB
        ->  Hash Join  (cost=73929.13..128959.12 rows=99 width=8) (actual time=850.241..1450.194 rows=4576 loops=1)
              Hash Cond: (mc.movie_id = t.id)
              ->  Seq Scan on movie_companies mc  (cost=0.00..51404.11 rows=966636 width=4) (actual time=67.138..562.205 rows=976779 loops=1)
                    Filter: (company_id > 17460)
                    Rows Removed by Filter: 1632350
              ->  Hash  (cost=73925.90..73925.90 rows=258 width=4) (actual time=782.389..782.389 rows=3378 loops=1)
                    Buckets: 4096 (originally 1024)  Batches: 1 (originally 1)  Memory Usage: 151kB
                    ->  Seq Scan on title t  (cost=0.00..73925.90 rows=258 width=4) (actual time=0.424..781.079 rows=3378 loops=1)
                          Filter: ((kind_id < 7) AND (production_year > 2013))
                          Rows Removed by Filter: 2524934
Planning time: 1.172 ms
Execution time: 6756.715 ms
