Seq Scan on movie_companies mc  (cost=0.00..51404.11 rows=1966044 width=0) (actual time=0.029..868.830 rows=1960663 loops=1)
  Filter: (company_id < 55144)
  Rows Removed by Filter: 648466
Planning time: 0.362 ms
Execution time: 1129.470 ms
