Seq Scan on movie_keyword mk  (cost=0.00..81003.12 rows=4222 width=12) (actual time=0.429..1574.647 rows=4408 loops=1)
  Filter: (keyword_id = 2891)
  Rows Removed by Filter: 4519522
Planning time: 0.393 ms
Execution time: 1575.054 ms
