Nested Loop  (cost=44377.22..431427.55 rows=438 width=0) (actual time=2853.064..5054.901 rows=3567 loops=1)
  Join Filter: (mi.movie_id = t.id)
  ->  Hash Join  (cost=44376.79..399813.99 rows=53320 width=8) (actual time=2763.158..4727.171 rows=54926 loops=1)
        Hash Cond: (mi.movie_id = mi_idx.movie_id)
        ->  Seq Scan on movie_info mi  (cost=0.00..346232.03 rows=17937 width=4) (actual time=2004.728..3767.891 rows=18214 loops=1)
              Filter: (info_type_id = 108)
              Rows Removed by Filter: 14817506
        ->  Hash  (cost=21735.35..21735.35 rows=1380035 width=4) (actual time=698.102..698.102 rows=1380035 loops=1)
              Buckets: 131072  Batches: 32  Memory Usage: 2557kB
              ->  Seq Scan on movie_info_idx mi_idx  (cost=0.00..21735.35 rows=1380035 width=4) (actual time=0.019..335.876 rows=1380035 loops=1)
  ->  Index Scan using title_pkey on title t  (cost=0.43..0.58 rows=1 width=4) (actual time=0.006..0.006 rows=0 loops=54926)
        Index Cond: (id = mi_idx.movie_id)
        Filter: (production_year = 2007)
        Rows Removed by Filter: 1
Planning time: 1.253 ms
Execution time: 5055.701 ms
