Hash Join  (cost=107928.35..261441.02 rows=2713747 width=0) (actual time=1851.745..5632.265 rows=2766899 loops=1)
  Hash Cond: (mk.movie_id = t.id)
  ->  Seq Scan on movie_keyword mk  (cost=0.00..81003.12 rows=2791815 width=4) (actual time=0.025..1404.392 rows=2781828 loops=1)
        Filter: (keyword_id > 2847)
        Rows Removed by Filter: 1742102
  ->  Hash  (cost=67604.59..67604.59 rows=2457821 width=4) (actual time=1850.146..1850.146 rows=2456218 loops=1)
        Buckets: 131072  Batches: 64  Memory Usage: 2385kB
        ->  Seq Scan on title t  (cost=0.00..67604.59 rows=2457821 width=4) (actual time=0.014..1035.991 rows=2456218 loops=1)
              Filter: (production_year > 0)
              Rows Removed by Filter: 72094
Planning time: 0.760 ms
Execution time: 5957.582 ms
