Hash Join  (cost=123631.56..201367.07 rows=194799 width=0) (actual time=2453.145..4795.500 rows=1476211 loops=1)
  Hash Cond: (mc.movie_id = t.id)
  ->  Seq Scan on movie_companies mc  (cost=0.00..44881.29 rows=2609129 width=4) (actual time=0.015..798.921 rows=2609129 loops=1)
  ->  Hash  (cost=120533.80..120533.80 rows=188781 width=8) (actual time=2452.291..2452.291 rows=436221 loops=1)
        Buckets: 131072 (originally 131072)  Batches: 8 (originally 4)  Memory Usage: 3163kB
        ->  Hash Join  (cost=79601.51..120533.80 rows=188781 width=8) (actual time=1161.643..2326.573 rows=436221 loops=1)
              Hash Cond: (mi_idx.movie_id = t.id)
              ->  Seq Scan on movie_info_idx mi_idx  (cost=0.00..21735.35 rows=1380035 width=4) (actual time=0.026..384.629 rows=1380035 loops=1)
              ->  Hash  (cost=73925.90..73925.90 rows=345888 width=4) (actual time=1160.684..1160.684 rows=457402 loops=1)
                    Buckets: 131072  Batches: 8  Memory Usage: 3047kB
                    ->  Seq Scan on title t  (cost=0.00..73925.90 rows=345888 width=4) (actual time=0.031..1017.810 rows=457402 loops=1)
                          Filter: ((kind_id < 7) AND (production_year < 1997))
                          Rows Removed by Filter: 2070910
Planning time: 1.178 ms
Execution time: 4955.315 ms
