Hash Join  (cost=83073.60..833870.79 rows=808 width=0) (actual time=1092.262..13580.708 rows=11691 loops=1)
  Hash Cond: (ci.movie_id = t.id)
  ->  Seq Scan on cast_info ci  (cost=0.00..614943.12 rows=36225612 width=4) (actual time=0.012..6113.553 rows=36244344 loops=1)
  ->  Hash  (cost=83072.90..83072.90 rows=56 width=8) (actual time=1091.327..1091.327 rows=163 loops=1)
        Buckets: 1024  Batches: 1  Memory Usage: 15kB
        ->  Nested Loop  (cost=0.43..83072.90 rows=56 width=8) (actual time=4.108..1091.155 rows=163 loops=1)
              ->  Seq Scan on movie_keyword mk  (cost=0.00..81003.12 rows=246 width=4) (actual time=3.842..1081.498 rows=343 loops=1)
                    Filter: (keyword_id = 26334)
                    Rows Removed by Filter: 4523587
              ->  Index Scan using title_pkey on title t  (cost=0.43..8.40 rows=1 width=4) (actual time=0.026..0.026 rows=0 loops=343)
                    Index Cond: (id = mk.movie_id)
                    Filter: ((kind_id < 7) AND (production_year > 1998))
                    Rows Removed by Filter: 1
Planning time: 1.195 ms
Execution time: 13584.160 ms
