Seq Scan on movie_companies mc  (cost=0.00..57926.93 rows=119275 width=0) (actual time=0.026..709.619 rows=184656 loops=1)
  Filter: ((company_id < 97) AND (company_type_id = 1))
  Rows Removed by Filter: 2424473
Planning time: 0.388 ms
Execution time: 735.608 ms
