Hash Join  (cost=102767.86..1206992.58 rows=12395787 width=0) (actual time=1981.418..25250.921 rows=10129419 loops=1)
  Hash Cond: (ci.movie_id = t.id)
  ->  Seq Scan on cast_info ci  (cost=0.00..796071.18 rows=12395787 width=4) (actual time=121.736..14702.948 rows=10129419 loops=1)
        Filter: ((person_id > 1992993) AND (role_id < 6))
        Rows Removed by Filter: 26114925
  ->  Hash  (cost=61283.27..61283.27 rows=2528527 width=4) (actual time=1858.241..1858.241 rows=2528312 loops=1)
        Buckets: 131072  Batches: 64  Memory Usage: 2415kB
        ->  Seq Scan on title t  (cost=0.00..61283.27 rows=2528527 width=4) (actual time=0.022..974.081 rows=2528312 loops=1)
Planning time: 0.784 ms
Execution time: 26414.070 ms
