Hash Join  (cost=100948.70..157163.52 rows=1251 width=0) (actual time=1282.849..2219.390 rows=3609 loops=1)
  Hash Cond: (mc.movie_id = t.id)
  ->  Seq Scan on movie_companies mc  (cost=0.00..51404.11 rows=1279517 width=4) (actual time=0.024..750.746 rows=1274246 loops=1)
        Filter: (company_type_id < 2)
        Rows Removed by Filter: 1334883
  ->  Hash  (cost=100917.78..100917.78 rows=2474 width=8) (actual time=1275.812..1275.812 rows=2730 loops=1)
        Buckets: 4096  Batches: 1  Memory Usage: 139kB
        ->  Hash Join  (cost=73982.55..100917.78 rows=2474 width=8) (actual time=765.173..1274.747 rows=2730 loops=1)
              Hash Cond: (mi_idx.movie_id = t.id)
              ->  Seq Scan on movie_info_idx mi_idx  (cost=0.00..21735.35 rows=1380035 width=4) (actual time=0.023..222.987 rows=1380035 loops=1)
              ->  Hash  (cost=73925.90..73925.90 rows=4532 width=4) (actual time=763.613..763.613 rows=5918 loops=1)
                    Buckets: 8192  Batches: 1  Memory Usage: 273kB
                    ->  Seq Scan on title t  (cost=0.00..73925.90 rows=4532 width=4) (actual time=0.307..760.982 rows=5918 loops=1)
                          Filter: ((kind_id = 7) AND (production_year = 1962))
                          Rows Removed by Filter: 2522394
Planning time: 1.172 ms
Execution time: 2220.037 ms
