Hash Join  (cost=237422.36..802100.05 rows=6227384 width=0) (actual time=5312.266..23628.947 rows=27438866 loops=1)
  Hash Cond: (mi.movie_id = t.id)
  ->  Seq Scan on movie_info mi  (cost=0.00..309384.22 rows=14739122 width=4) (actual time=0.015..4679.776 rows=14835720 loops=1)
  ->  Hash  (cost=219894.35..219894.35 rows=1068321 width=8) (actual time=5310.992..5310.992 rows=606993 loops=1)
        Buckets: 131072  Batches: 16  Memory Usage: 2558kB
        ->  Hash Join  (cost=78473.92..219894.35 rows=1068321 width=8) (actual time=1161.574..5153.449 rows=606993 loops=1)
              Hash Cond: (mk.movie_id = t.id)
              ->  Seq Scan on movie_keyword mk  (cost=0.00..81003.12 rows=4077357 width=4) (actual time=0.024..1464.271 rows=4078646 loops=1)
                    Filter: (keyword_id < 39796)
                    Rows Removed by Filter: 445284
              ->  Hash  (cost=67604.59..67604.59 rows=662507 width=4) (actual time=1160.012..1160.012 rows=662065 loops=1)
                    Buckets: 131072  Batches: 16  Memory Usage: 2488kB
                    ->  Seq Scan on title t  (cost=0.00..67604.59 rows=662507 width=4) (actual time=0.024..944.888 rows=662065 loops=1)
                          Filter: (production_year > 2008)
                          Rows Removed by Filter: 1866247
Planning time: 1.144 ms
Execution time: 26790.779 ms
