Hash Join  (cost=128201.82..593036.23 rows=817923 width=0) (actual time=2408.742..12700.088 rows=2671316 loops=1)
  Hash Cond: (mi.movie_id = t.id)
  ->  Seq Scan on movie_info mi  (cost=0.00..346232.03 rows=9476311 width=4) (actual time=0.014..5274.083 rows=9565151 loops=1)
        Filter: (info_type_id < 16)
        Rows Removed by Filter: 5270569
  ->  Hash  (cost=124620.79..124620.79 rows=218243 width=8) (actual time=2408.041..2408.041 rows=264875 loops=1)
        Buckets: 131072  Batches: 4  Memory Usage: 3627kB
        ->  Hash Join  (cost=87245.25..124620.79 rows=218243 width=8) (actual time=1396.773..2326.250 rows=264875 loops=1)
              Hash Cond: (mi_idx.movie_id = t.id)
              ->  Seq Scan on movie_info_idx mi_idx  (cost=0.00..25185.44 rows=460978 width=4) (actual time=0.033..409.832 rows=459925 loops=1)
                    Filter: (info_type_id < 100)
                    Rows Removed by Filter: 920110
              ->  Hash  (cost=67604.59..67604.59 rows=1197093 width=4) (actual time=1395.686..1395.686 rows=1195923 loops=1)
                    Buckets: 131072  Batches: 16  Memory Usage: 3653kB
                    ->  Seq Scan on title t  (cost=0.00..67604.59 rows=1197093 width=4) (actual time=0.018..1016.557 rows=1195923 loops=1)
                          Filter: (production_year < 2003)
                          Rows Removed by Filter: 1332389
Planning time: 1.187 ms
Execution time: 12997.909 ms
