Seq Scan on movie_companies mc  (cost=0.00..57926.93 rows=488032 width=0) (actual time=0.015..682.570 rows=697947 loops=1)
  Filter: ((company_id < 4626) AND (company_type_id < 2))
  Rows Removed by Filter: 1911182
Planning time: 0.335 ms
Execution time: 765.750 ms
