Nested Loop  (cost=0.43..709671.90 rows=500 width=0) (actual time=2068.000..8870.167 rows=75 loops=1)
  ->  Seq Scan on cast_info ci  (cost=0.00..705507.15 rows=500 width=4) (actual time=2067.902..8868.577 rows=75 loops=1)
        Filter: (person_id = 1924581)
        Rows Removed by Filter: 36244269
  ->  Index Only Scan using title_pkey on title t  (cost=0.43..8.32 rows=1 width=4) (actual time=0.020..0.020 rows=1 loops=75)
        Index Cond: (id = ci.movie_id)
        Heap Fetches: 75
Planning time: 0.722 ms
Execution time: 8870.254 ms
