Seq Scan on movie_companies mc  (cost=0.00..51404.11 rows=1758853 width=0) (actual time=0.034..774.624 rows=1763493 loops=1)
  Filter: (company_id > 2281)
  Rows Removed by Filter: 845636
Planning time: 0.305 ms
Execution time: 999.831 ms
