Hash Join  (cost=121548.63..873822.62 rows=148483 width=0) (actual time=1504.147..15990.405 rows=170546 loops=1)
  Hash Cond: (ci.movie_id = t.id)
  ->  Seq Scan on cast_info ci  (cost=0.00..614943.12 rows=36225612 width=4) (actual time=0.025..6728.750 rows=36244344 loops=1)
  ->  Hash  (cost=121419.08..121419.08 rows=10364 width=8) (actual time=1503.728..1503.728 rows=5147 loops=1)
        Buckets: 16384  Batches: 1  Memory Usage: 330kB
        ->  Hash Join  (cost=68438.72..121419.08 rows=10364 width=8) (actual time=694.283..1501.245 rows=5147 loops=1)
              Hash Cond: (mc.movie_id = t.id)
              ->  Seq Scan on movie_companies mc  (cost=0.00..51404.11 rows=392693 width=4) (actual time=0.014..686.309 rows=393040 loops=1)
                    Filter: (company_id < 240)
                    Rows Removed by Filter: 2216089
              ->  Hash  (cost=67604.59..67604.59 rows=66731 width=4) (actual time=693.025..693.025 rows=67342 loops=1)
                    Buckets: 131072  Batches: 1  Memory Usage: 3392kB
                    ->  Seq Scan on title t  (cost=0.00..67604.59 rows=66731 width=4) (actual time=0.024..668.306 rows=67342 loops=1)
                          Filter: (production_year > 2012)
                          Rows Removed by Filter: 2460970
Planning time: 1.141 ms
Execution time: 16018.343 ms
