Hash Join  (cost=598526.08..2079283.47 rows=21469008 width=0) (actual time=15927.149..76106.175 rows=140276197 loops=1)
  Hash Cond: (ci.movie_id = t.id)
  ->  Seq Scan on cast_info ci  (cost=0.00..614943.12 rows=36225612 width=4) (actual time=0.026..10761.973 rows=36244344 loops=1)
  ->  Hash  (cost=573940.52..573940.52 rows=1498525 width=8) (actual time=15925.926..15925.926 rows=4503944 loops=1)
        Buckets: 131072 (originally 131072)  Batches: 64 (originally 32)  Memory Usage: 3812kB
        ->  Hash Join  (cost=78144.34..573940.52 rows=1498525 width=8) (actual time=1025.391..14715.525 rows=4503944 loops=1)
              Hash Cond: (mi.movie_id = t.id)
              ->  Seq Scan on movie_info mi  (cost=0.00..309384.22 rows=14739122 width=4) (actual time=0.023..4576.208 rows=14835720 loops=1)
              ->  Hash  (cost=73925.90..73925.90 rows=257075 width=4) (actual time=1012.506..1012.506 rows=366618 loops=1)
                    Buckets: 131072 (originally 131072)  Batches: 8 (originally 4)  Memory Usage: 3073kB
                    ->  Seq Scan on title t  (cost=0.00..73925.90 rows=257075 width=4) (actual time=91.050..881.731 rows=366618 loops=1)
                          Filter: ((production_year < 1999) AND (kind_id = 1))
                          Rows Removed by Filter: 2161694
Planning time: 1.194 ms
Execution time: 89992.779 ms
