Hash Join  (cost=483817.44..604700.66 rows=800305 width=0) (actual time=6823.821..8539.062 rows=270595 loops=1)
  Hash Cond: (mk.movie_id = t.id)
  ->  Seq Scan on movie_keyword mk  (cost=0.00..81003.12 rows=2481345 width=4) (actual time=0.015..1343.026 rows=2473213 loops=1)
        Filter: (keyword_id > 3658)
        Rows Removed by Filter: 2050717
  ->  Hash  (cost=470437.40..470437.40 rows=815523 width=8) (actual time=6238.253..6238.253 rows=309514 loops=1)
        Buckets: 131072  Batches: 16  Memory Usage: 1778kB
        ->  Hash Join  (cost=92883.59..470437.40 rows=815523 width=8) (actual time=2446.257..6148.800 rows=309514 loops=1)
              Hash Cond: (mi.movie_id = t.id)
              ->  Seq Scan on movie_info mi  (cost=0.00..346232.03 rows=1338312 width=4) (actual time=1300.650..4049.122 rows=1401902 loops=1)
                    Filter: (info_type_id = 7)
                    Rows Removed by Filter: 13433818
              ->  Hash  (cost=67604.59..67604.59 rows=1540800 width=4) (actual time=1144.259..1144.259 rows=1543264 loops=1)
                    Buckets: 131072  Batches: 32  Memory Usage: 2728kB
                    ->  Seq Scan on title t  (cost=0.00..67604.59 rows=1540800 width=4) (actual time=0.048..769.584 rows=1543264 loops=1)
                          Filter: (kind_id = 7)
                          Rows Removed by Filter: 985048
Planning time: 1.199 ms
Execution time: 8557.613 ms
