Hash Join  (cost=799707.72..1164384.33 rows=2069 width=0) (actual time=12331.470..18096.602 rows=6674 loops=1)
  Hash Cond: (mi.movie_id = t.id)
  ->  Seq Scan on movie_info mi  (cost=0.00..309384.22 rows=14739122 width=4) (actual time=0.013..2975.491 rows=14835720 loops=1)
  ->  Hash  (cost=799703.28..799703.28 rows=355 width=8) (actual time=12319.804..12319.804 rows=2629 loops=1)
        Buckets: 4096 (originally 1024)  Batches: 1 (originally 1)  Memory Usage: 135kB
        ->  Nested Loop  (cost=0.43..799703.28 rows=355 width=8) (actual time=5637.279..12318.724 rows=2629 loops=1)
              ->  Seq Scan on cast_info ci  (cost=0.00..796071.18 rows=435 width=4) (actual time=5637.153..12297.287 rows=2664 loops=1)
                    Filter: ((role_id < 10) AND (person_id = 2374252))
                    Rows Removed by Filter: 36241680
              ->  Index Scan using title_pkey on title t  (cost=0.43..8.34 rows=1 width=4) (actual time=0.007..0.007 rows=1 loops=2664)
                    Index Cond: (id = ci.movie_id)
                    Filter: (production_year < 2011)
                    Rows Removed by Filter: 0
Planning time: 1.229 ms
Execution time: 18097.732 ms
