Hash Join  (cost=106156.11..750538.04 rows=13697310 width=0) (actual time=1811.423..18631.950 rows=13563381 loops=1)
  Hash Cond: (mi.movie_id = t.id)
  ->  Seq Scan on movie_info mi  (cost=0.00..309384.22 rows=14739122 width=4) (actual time=0.024..4571.324 rows=14835720 loops=1)
  ->  Hash  (cost=67604.59..67604.59 rows=2349802 width=4) (actual time=1809.967..1809.967 rows=2343703 loops=1)
        Buckets: 131072  Batches: 32  Memory Usage: 3612kB
        ->  Seq Scan on title t  (cost=0.00..67604.59 rows=2349802 width=4) (actual time=0.024..1070.091 rows=2343703 loops=1)
              Filter: (production_year > 1928)
              Rows Removed by Filter: 184609
Planning time: 3.133 ms
Execution time: 20167.622 ms
