Hash Join  (cost=235757.59..855223.49 rows=11362107 width=0) (actual time=4839.782..29093.655 rows=48625617 loops=1)
  Hash Cond: (mi.movie_id = t.id)
  ->  Seq Scan on movie_info mi  (cost=0.00..309384.22 rows=14739122 width=4) (actual time=0.028..4589.320 rows=14835720 loops=1)
  ->  Hash  (cost=203777.68..203777.68 rows=1949193 width=8) (actual time=4838.333..4838.333 rows=1668803 loops=1)
        Buckets: 131072  Batches: 32  Memory Usage: 3107kB
        ->  Hash Join  (cost=98595.81..203777.68 rows=1949193 width=8) (actual time=1423.705..4305.779 rows=1668803 loops=1)
              Hash Cond: (mc.movie_id = t.id)
              ->  Seq Scan on movie_companies mc  (cost=0.00..44881.29 rows=2609129 width=4) (actual time=0.017..736.450 rows=2609129 loops=1)
              ->  Hash  (cost=67604.59..67604.59 rows=1888978 width=4) (actual time=1422.753..1422.753 rows=1887769 loops=1)
                    Buckets: 131072  Batches: 32  Memory Usage: 3106kB
                    ->  Seq Scan on title t  (cost=0.00..67604.59 rows=1888978 width=4) (actual time=0.029..907.519 rows=1887769 loops=1)
                          Filter: (production_year > 1983)
                          Rows Removed by Filter: 640543
Planning time: 1.196 ms
Execution time: 34892.950 ms
