Nested Loop  (cost=0.43..709671.90 rows=500 width=0) (actual time=7518.842..8550.735 rows=1 loops=1)
  ->  Seq Scan on cast_info ci  (cost=0.00..705507.15 rows=500 width=4) (actual time=7518.734..8550.624 rows=1 loops=1)
        Filter: (person_id = 3876052)
        Rows Removed by Filter: 36244343
  ->  Index Only Scan using title_pkey on title t  (cost=0.43..8.32 rows=1 width=4) (actual time=0.079..0.080 rows=1 loops=1)
        Index Cond: (id = ci.movie_id)
        Heap Fetches: 1
Planning time: 0.816 ms
Execution time: 8550.795 ms
