Hash Join  (cost=96023.02..923671.43 rows=106863 width=0) (actual time=1519.710..16838.590 rows=401780 loops=1)
  Hash Cond: (ci.movie_id = t.id)
  ->  Seq Scan on cast_info ci  (cost=0.00..796071.18 rows=8135624 width=4) (actual time=0.016..12652.536 rows=12670688 loops=1)
        Filter: ((person_id < 2355738) AND (role_id = 1))
        Rows Removed by Filter: 23573656
  ->  Hash  (cost=95607.86..95607.86 rows=33213 width=8) (actual time=1519.220..1519.220 rows=41527 loops=1)
        Buckets: 65536  Batches: 1  Memory Usage: 2135kB
        ->  Hash Join  (cost=68365.25..95607.86 rows=33213 width=8) (actual time=879.292..1504.216 rows=41527 loops=1)
              Hash Cond: (mi_idx.movie_id = t.id)
              ->  Seq Scan on movie_info_idx mi_idx  (cost=0.00..21735.35 rows=1380035 width=4) (actual time=0.027..242.493 rows=1380035 loops=1)
              ->  Hash  (cost=67604.59..67604.59 rows=60853 width=4) (actual time=878.912..878.912 rows=62568 loops=1)
                    Buckets: 65536  Batches: 1  Memory Usage: 2712kB
                    ->  Seq Scan on title t  (cost=0.00..67604.59 rows=60853 width=4) (actual time=0.022..853.466 rows=62568 loops=1)
                          Filter: (production_year = 2002)
                          Rows Removed by Filter: 2465744
Planning time: 1.223 ms
Execution time: 16891.626 ms
