Hash Join  (cost=77347.14..131782.26 rows=14745 width=0) (actual time=1122.243..1676.928 rows=52652 loops=1)
  Hash Cond: (mc.movie_id = t.id)
  ->  Seq Scan on movie_companies mc  (cost=0.00..51404.11 rows=178815 width=4) (actual time=173.824..630.563 rows=179622 loops=1)
        Filter: (company_id > 120462)
        Rows Removed by Filter: 2429507
  ->  Hash  (cost=73925.90..73925.90 rows=208499 width=4) (actual time=947.616..947.616 rows=182393 loops=1)
        Buckets: 131072  Batches: 4  Memory Usage: 2628kB
        ->  Seq Scan on title t  (cost=0.00..73925.90 rows=208499 width=4) (actual time=402.571..886.819 rows=182393 loops=1)
              Filter: ((production_year > 2007) AND (kind_id = 1))
              Rows Removed by Filter: 2345919
Planning time: 0.730 ms
Execution time: 1681.604 ms
