Nested Loop  (cost=0.43..709673.15 rows=78 width=0) (actual time=7968.260..8741.230 rows=502 loops=1)
  ->  Seq Scan on cast_info ci  (cost=0.00..705507.15 rows=500 width=4) (actual time=7968.154..8734.811 rows=647 loops=1)
        Filter: (person_id = 2377335)
        Rows Removed by Filter: 36243697
  ->  Index Scan using title_pkey on title t  (cost=0.43..8.32 rows=1 width=4) (actual time=0.009..0.010 rows=1 loops=647)
        Index Cond: (id = ci.movie_id)
        Filter: (production_year > 2010)
        Rows Removed by Filter: 0
Planning time: 0.780 ms
Execution time: 8741.422 ms
