Seq Scan on cast_info ci  (cost=0.00..705507.15 rows=35656536 width=0) (actual time=0.026..10160.802 rows=35776426 loops=1)
  Filter: (person_id > 52896)
  Rows Removed by Filter: 467918
Planning time: 0.325 ms
Execution time: 14137.120 ms
