Hash Join  (cost=102767.86..932878.87 rows=1004051 width=0) (actual time=4495.561..13009.550 rows=2021015 loops=1)
  Hash Cond: (ci.movie_id = t.id)
  ->  Seq Scan on cast_info ci  (cost=0.00..796071.18 rows=1004051 width=4) (actual time=2945.053..9224.636 rows=2021015 loops=1)
        Filter: ((person_id < 271075) AND (role_id < 2))
        Rows Removed by Filter: 34223329
  ->  Hash  (cost=61283.27..61283.27 rows=2528527 width=4) (actual time=1549.187..1549.187 rows=2528312 loops=1)
        Buckets: 131072  Batches: 64  Memory Usage: 2415kB
        ->  Seq Scan on title t  (cost=0.00..61283.27 rows=2528527 width=4) (actual time=0.016..755.790 rows=2528312 loops=1)
Planning time: 0.887 ms
Execution time: 13245.431 ms
