Nested Loop  (cost=0.43..83072.29 rows=16 width=0) (actual time=28.630..869.903 rows=33 loops=1)
  ->  Seq Scan on movie_keyword mk  (cost=0.00..81003.12 rows=246 width=4) (actual time=0.889..836.268 rows=2382 loops=1)
        Filter: (keyword_id = 927)
        Rows Removed by Filter: 4521548
  ->  Index Scan using title_pkey on title t  (cost=0.43..8.40 rows=1 width=4) (actual time=0.014..0.014 rows=0 loops=2382)
        Index Cond: (id = mk.movie_id)
        Filter: (production_year = 2012)
        Rows Removed by Filter: 1
Planning time: 1.038 ms
Execution time: 870.017 ms
