Hash Join  (cost=67737.34..164262.31 rows=17192 width=0) (actual time=802.763..2848.940 rows=2738 loops=1)
  Hash Cond: (mk.movie_id = t.id)
  ->  Seq Scan on movie_keyword mk  (cost=0.00..81003.12 rows=4093315 width=4) (actual time=0.023..1401.858 rows=4098377 loops=1)
        Filter: (keyword_id < 41083)
        Rows Removed by Filter: 425553
  ->  Hash  (cost=67604.59..67604.59 rows=10620 width=4) (actual time=801.529..801.529 rows=9435 loops=1)
        Buckets: 16384  Batches: 1  Memory Usage: 460kB
        ->  Seq Scan on title t  (cost=0.00..67604.59 rows=10620 width=4) (actual time=56.703..797.325 rows=9435 loops=1)
              Filter: (production_year < 1902)
              Rows Removed by Filter: 2518877
Planning time: 0.763 ms
Execution time: 2849.559 ms
