Seq Scan on movie_companies mc  (cost=0.00..51404.11 rows=1225941 width=0) (actual time=0.016..752.492 rows=1237460 loops=1)
  Filter: (company_id > 11804)
  Rows Removed by Filter: 1371669
Planning time: 0.338 ms
Execution time: 909.271 ms
