Hash Join  (cost=365418.15..1605644.82 rows=22146729 width=0) (actual time=12663.533..49170.692 rows=75019056 loops=1)
  Hash Cond: (ci.movie_id = t.id)
  ->  Seq Scan on cast_info ci  (cost=0.00..796071.18 rows=12378309 width=4) (actual time=5174.539..14356.970 rows=12034506 loops=1)
        Filter: ((person_id > 90656) AND (role_id < 2))
        Rows Removed by Filter: 24209838
  ->  Hash  (cost=291197.02..291197.02 rows=4523930 width=8) (actual time=7488.094..7488.094 rows=4523930 loops=1)
        Buckets: 131072  Batches: 64  Memory Usage: 3816kB
        ->  Hash Join  (cost=102767.86..291197.02 rows=4523930 width=8) (actual time=1671.004..6270.474 rows=4523930 loops=1)
              Hash Cond: (mk.movie_id = t.id)
              ->  Seq Scan on movie_keyword mk  (cost=0.00..69693.30 rows=4523930 width=4) (actual time=0.006..1115.773 rows=4523930 loops=1)
              ->  Hash  (cost=61283.27..61283.27 rows=2528527 width=4) (actual time=1669.665..1669.665 rows=2528312 loops=1)
                    Buckets: 131072  Batches: 64  Memory Usage: 2425kB
                    ->  Seq Scan on title t  (cost=0.00..61283.27 rows=2528527 width=4) (actual time=0.013..790.699 rows=2528312 loops=1)
Planning time: 1.214 ms
Execution time: 57921.855 ms
