Hash Join  (cost=92811.40..644212.32 rows=6709799 width=0) (actual time=1536.159..14138.255 rows=2912690 loops=1)
  Hash Cond: (mi.movie_id = t.id)
  ->  Seq Scan on movie_info mi  (cost=0.00..309384.22 rows=14739122 width=4) (actual time=0.014..4607.069 rows=14835720 loops=1)
  ->  Hash  (cost=73925.90..73925.90 rows=1151080 width=4) (actual time=1526.864..1526.864 rows=1244530 loops=1)
        Buckets: 131072  Batches: 16  Memory Usage: 3777kB
        ->  Seq Scan on title t  (cost=0.00..73925.90 rows=1151080 width=4) (actual time=0.020..1136.401 rows=1244530 loops=1)
              Filter: ((production_year > 1983) AND (kind_id = 7))
              Rows Removed by Filter: 1283782
Planning time: 0.826 ms
Execution time: 14450.454 ms
