Hash Join  (cost=91879.05..244126.44 rows=1823884 width=0) (actual time=1798.399..5138.779 rows=442716 loops=1)
  Hash Cond: (mk.movie_id = t.id)
  ->  Seq Scan on movie_keyword mk  (cost=0.00..81003.12 rows=4214513 width=4) (actual time=0.015..1501.963 rows=4217915 loops=1)
        Filter: (keyword_id < 53080)
        Rows Removed by Filter: 306015
  ->  Hash  (cost=73925.90..73925.90 rows=1094252 width=4) (actual time=1767.695..1767.695 rows=1044222 loops=1)
        Buckets: 131072  Batches: 16  Memory Usage: 3325kB
        ->  Seq Scan on title t  (cost=0.00..73925.90 rows=1094252 width=4) (actual time=0.029..1126.227 rows=1044222 loops=1)
              Filter: ((production_year < 2009) AND (kind_id = 7))
              Rows Removed by Filter: 1484090
Planning time: 0.842 ms
Execution time: 5183.902 ms
