Hash Join  (cost=229421.86..275391.88 rows=482454 width=0) (actual time=4303.451..5939.098 rows=2073378 loops=1)
  Hash Cond: (mi_idx.movie_id = t.id)
  ->  Seq Scan on movie_info_idx mi_idx  (cost=0.00..21735.35 rows=1380035 width=4) (actual time=0.018..366.856 rows=1380035 loops=1)
  ->  Hash  (cost=214919.35..214919.35 rows=883961 width=8) (actual time=4302.698..4302.698 rows=890617 loops=1)
        Buckets: 131072  Batches: 16  Memory Usage: 3242kB
        ->  Hash Join  (cost=102767.86..214919.35 rows=883961 width=8) (actual time=1760.880..4053.066 rows=890617 loops=1)
              Hash Cond: (mk.movie_id = t.id)
              ->  Seq Scan on movie_keyword mk  (cost=0.00..81003.12 rows=883961 width=4) (actual time=0.010..1240.836 rows=890617 loops=1)
                    Filter: (keyword_id > 20699)
                    Rows Removed by Filter: 3633313
              ->  Hash  (cost=61283.27..61283.27 rows=2528527 width=4) (actual time=1758.690..1758.690 rows=2528312 loops=1)
                    Buckets: 131072  Batches: 64  Memory Usage: 2425kB
                    ->  Seq Scan on title t  (cost=0.00..61283.27 rows=2528527 width=4) (actual time=0.011..864.126 rows=2528312 loops=1)
Planning time: 1.151 ms
Execution time: 6178.723 ms
