Nested Loop  (cost=0.43..144433.19 rows=9622 width=0) (actual time=0.065..1142.781 rows=7537 loops=1)
  ->  Seq Scan on movie_keyword mk  (cost=0.00..81003.12 rows=9622 width=4) (actual time=0.010..1093.297 rows=7537 loops=1)
        Filter: (keyword_id > 127242)
        Rows Removed by Filter: 4516393
  ->  Index Only Scan using title_pkey on title t  (cost=0.43..6.58 rows=1 width=4) (actual time=0.006..0.006 rows=1 loops=7537)
        Index Cond: (id = mk.movie_id)
        Heap Fetches: 7537
Planning time: 0.748 ms
Execution time: 1144.338 ms
