Hash Join  (cost=797488.54..884146.68 rows=11 width=0) (actual time=13884.989..15032.906 rows=9 loops=1)
  Hash Cond: (mk.movie_id = t.id)
  ->  Seq Scan on movie_keyword mk  (cost=0.00..69693.30 rows=4523930 width=4) (actual time=0.019..1070.648 rows=4523930 loops=1)
  ->  Hash  (cost=797488.46..797488.46 rows=6 width=8) (actual time=13190.801..13190.801 rows=2 loops=1)
        Buckets: 1024  Batches: 1  Memory Usage: 9kB
        ->  Nested Loop  (cost=0.43..797488.46 rows=6 width=8) (actual time=9951.225..13190.752 rows=2 loops=1)
              ->  Seq Scan on cast_info ci  (cost=0.00..796071.18 rows=168 width=4) (actual time=9951.066..13190.537 rows=3 loops=1)
                    Filter: ((role_id > 3) AND (person_id = 297631))
                    Rows Removed by Filter: 36244341
              ->  Index Scan using title_pkey on title t  (cost=0.43..8.43 rows=1 width=4) (actual time=0.043..0.043 rows=1 loops=3)
                    Index Cond: (id = ci.movie_id)
                    Filter: (production_year < 1919)
                    Rows Removed by Filter: 0
Planning time: 1.188 ms
Execution time: 15033.043 ms
