Seq Scan on movie_companies mc  (cost=0.00..57926.93 rows=766577 width=0) (actual time=32.167..753.476 rows=549361 loops=1)
  Filter: ((company_id > 6036) AND (company_type_id = 1))
  Rows Removed by Filter: 2059768
Planning time: 0.392 ms
Execution time: 824.677 ms
