Seq Scan on movie_keyword mk  (cost=0.00..81003.12 rows=2639265 width=0) (actual time=0.024..1171.542 rows=2632845 loops=1)
  Filter: (keyword_id < 7201)
  Rows Removed by Filter: 1891085
Planning time: 0.342 ms
Execution time: 1488.667 ms
