Hash Join  (cost=82955.72..160742.18 rows=383884 width=0) (actual time=1187.104..3035.631 rows=171667 loops=1)
  Hash Cond: (mc.movie_id = t.id)
  ->  Seq Scan on movie_companies mc  (cost=0.00..51404.11 rows=1763603 width=4) (actual time=0.020..843.259 rows=1754268 loops=1)
        Filter: (company_id < 24761)
        Rows Removed by Filter: 854861
  ->  Hash  (cost=73925.90..73925.90 rows=550385 width=4) (actual time=1185.389..1185.389 rows=602403 loops=1)
        Buckets: 131072  Batches: 8  Memory Usage: 3672kB
        ->  Seq Scan on title t  (cost=0.00..73925.90 rows=550385 width=4) (actual time=0.138..992.697 rows=602403 loops=1)
              Filter: ((production_year > 2006) AND (kind_id = 7))
              Rows Removed by Filter: 1925909
Planning time: 0.774 ms
Execution time: 3058.238 ms
