Seq Scan on movie_companies mc  (cost=0.00..57926.93 rows=51 width=0) (actual time=141.223..728.331 rows=157 loops=1)
  Filter: ((company_type_id < 2) AND (company_id = 2023))
  Rows Removed by Filter: 2608972
Planning time: 0.464 ms
Execution time: 728.473 ms
