Hash Join  (cost=709678.15..764348.83 rows=516 width=0) (actual time=8596.902..9590.888 rows=1720 loops=1)
  Hash Cond: (mc.movie_id = t.id)
  ->  Seq Scan on movie_companies mc  (cost=0.00..44881.29 rows=2609129 width=4) (actual time=0.023..480.853 rows=2609129 loops=1)
  ->  Hash  (cost=709671.90..709671.90 rows=500 width=8) (actual time=8593.756..8593.756 rows=914 loops=1)
        Buckets: 1024  Batches: 1  Memory Usage: 44kB
        ->  Nested Loop  (cost=0.43..709671.90 rows=500 width=8) (actual time=51.479..8593.382 rows=914 loops=1)
              ->  Seq Scan on cast_info ci  (cost=0.00..705507.15 rows=500 width=4) (actual time=51.372..8585.581 rows=914 loops=1)
                    Filter: (person_id = 1552867)
                    Rows Removed by Filter: 36243430
              ->  Index Only Scan using title_pkey on title t  (cost=0.43..8.32 rows=1 width=4) (actual time=0.008..0.008 rows=1 loops=914)
                    Index Cond: (id = ci.movie_id)
                    Heap Fetches: 914
Planning time: 1.225 ms
Execution time: 9591.216 ms
