Hash Join  (cost=104131.46..217209.18 rows=2157766 width=0) (actual time=1737.260..5001.886 rows=2259474 loops=1)
  Hash Cond: (mc.movie_id = t.id)
  ->  Seq Scan on movie_companies mc  (cost=0.00..51404.11 rows=2450590 width=4) (actual time=0.038..981.872 rows=2447019 loops=1)
        Filter: (company_id > 27)
        Rows Removed by Filter: 162110
  ->  Hash  (cost=67604.59..67604.59 rows=2226390 width=4) (actual time=1736.243..1736.243 rows=2224569 loops=1)
        Buckets: 131072  Batches: 32  Memory Usage: 3463kB
        ->  Seq Scan on title t  (cost=0.00..67604.59 rows=2226390 width=4) (actual time=0.016..1055.094 rows=2224569 loops=1)
              Filter: (production_year < 2012)
              Rows Removed by Filter: 303743
Planning time: 0.723 ms
Execution time: 5281.840 ms
