Seq Scan on cast_info ci  (cost=0.00..796071.18 rows=38 width=0) (actual time=4152.570..8774.246 rows=3 loops=1)
  Filter: ((person_id = 3034430) AND (role_id = 4))
  Rows Removed by Filter: 36244341
Planning time: 0.401 ms
Execution time: 8774.347 ms
