Hash Join  (cost=80380.17..979458.88 rows=4007307 width=0) (actual time=1129.640..18404.137 rows=2972018 loops=1)
  Hash Cond: (ci.movie_id = t.id)
  ->  Seq Scan on cast_info ci  (cost=0.00..705507.15 rows=13012397 width=4) (actual time=0.013..10209.974 rows=13148400 loops=1)
        Filter: (person_id > 2361204)
        Rows Removed by Filter: 23095944
  ->  Hash  (cost=67604.59..67604.59 rows=778687 width=4) (actual time=1128.567..1128.567 rows=782677 loops=1)
        Buckets: 131072  Batches: 16  Memory Usage: 2744kB
        ->  Seq Scan on title t  (cost=0.00..67604.59 rows=778687 width=4) (actual time=0.025..874.645 rows=782677 loops=1)
              Filter: (production_year < 1994)
              Rows Removed by Filter: 1745635
Planning time: 0.766 ms
Execution time: 18751.320 ms
