Hash Join  (cost=92883.59..957476.39 rows=2014509 width=0) (actual time=6313.397..16081.172 rows=2456748 loops=1)
  Hash Cond: (ci.movie_id = t.id)
  ->  Seq Scan on cast_info ci  (cost=0.00..796071.18 rows=3305907 width=4) (actual time=4893.640..12230.850 rows=3712232 loops=1)
        Filter: ((person_id < 3018569) AND (role_id = 3))
        Rows Removed by Filter: 32532112
  ->  Hash  (cost=67604.59..67604.59 rows=1540800 width=4) (actual time=1418.621..1418.621 rows=1543264 loops=1)
        Buckets: 131072  Batches: 32  Memory Usage: 2722kB
        ->  Seq Scan on title t  (cost=0.00..67604.59 rows=1540800 width=4) (actual time=53.084..942.592 rows=1543264 loops=1)
              Filter: (kind_id = 7)
              Rows Removed by Filter: 985048
Planning time: 0.798 ms
Execution time: 16322.348 ms
