Hash Join  (cost=709678.15..796345.14 rows=895 width=0) (actual time=7788.310..9120.015 rows=201 loops=1)
  Hash Cond: (mk.movie_id = t.id)
  ->  Seq Scan on movie_keyword mk  (cost=0.00..69693.30 rows=4523930 width=4) (actual time=0.014..676.867 rows=4523930 loops=1)
  ->  Hash  (cost=709671.90..709671.90 rows=500 width=8) (actual time=7729.127..7729.127 rows=24 loops=1)
        Buckets: 1024  Batches: 1  Memory Usage: 9kB
        ->  Nested Loop  (cost=0.43..709671.90 rows=500 width=8) (actual time=5401.138..7729.102 rows=24 loops=1)
              ->  Seq Scan on cast_info ci  (cost=0.00..705507.15 rows=500 width=4) (actual time=5401.058..7728.616 rows=24 loops=1)
                    Filter: (person_id = 2907357)
                    Rows Removed by Filter: 36244320
              ->  Index Only Scan using title_pkey on title t  (cost=0.43..8.32 rows=1 width=4) (actual time=0.017..0.018 rows=1 loops=24)
                    Index Cond: (id = ci.movie_id)
                    Heap Fetches: 24
Planning time: 1.111 ms
Execution time: 9120.135 ms
