Hash Join  (cost=501223.73..646374.69 rows=1899993 width=0) (actual time=7892.574..12660.466 rows=3490029 loops=1)
  Hash Cond: (mk.movie_id = t.id)
  ->  Seq Scan on movie_keyword mk  (cost=0.00..69693.30 rows=4523930 width=4) (actual time=0.029..1145.655 rows=4523930 loops=1)
  ->  Hash  (cost=483800.36..483800.36 rows=1061949 width=8) (actual time=7891.578..7891.578 rows=1002975 loops=1)
        Buckets: 131072  Batches: 16  Memory Usage: 3477kB
        ->  Hash Join  (cost=102454.22..483800.36 rows=1061949 width=8) (actual time=3151.351..7564.790 rows=1002975 loops=1)
              Hash Cond: (mi.movie_id = t.id)
              ->  Seq Scan on movie_info mi  (cost=0.00..346232.03 rows=1264125 width=4) (actual time=1110.082..4096.783 rows=1288928 loops=1)
                    Filter: (info_type_id = 2)
                    Rows Removed by Filter: 13546792
              ->  Hash  (cost=67604.59..67604.59 rows=2124131 width=4) (actual time=2040.454..2040.454 rows=2118372 loops=1)
                    Buckets: 131072  Batches: 32  Memory Usage: 3365kB
                    ->  Seq Scan on title t  (cost=0.00..67604.59 rows=2124131 width=4) (actual time=0.022..973.781 rows=2118372 loops=1)
                          Filter: (production_year > 1967)
                          Rows Removed by Filter: 409940
Planning time: 1.097 ms
Execution time: 13068.550 ms
