Seq Scan on cast_info ci  (cost=0.00..796071.18 rows=13830818 width=0) (actual time=3070.041..13457.523 rows=10746382 loops=1)
  Filter: ((person_id < 3120989) AND (role_id > 2))
  Rows Removed by Filter: 25497962
Planning time: 0.325 ms
Execution time: 14804.601 ms
