Seq Scan on movie_companies mc  (cost=0.00..51404.11 rows=1473286 width=0) (actual time=0.029..768.540 rows=1465342 loops=1)
  Filter: (company_id < 13224)
  Rows Removed by Filter: 1143787
Planning time: 0.319 ms
Execution time: 958.691 ms
