Seq Scan on cast_info ci  (cost=0.00..796071.18 rows=12972621 width=0) (actual time=0.024..12059.021 rows=19078435 loops=1)
  Filter: ((person_id > 1594789) AND (role_id > 1))
  Rows Removed by Filter: 17165909
Planning time: 0.373 ms
Execution time: 14326.860 ms
