Hash Join  (cost=158984.31..268981.49 rows=246396 width=0) (actual time=3599.281..7074.141 rows=5649711 loops=1)
  Hash Cond: (mk.movie_id = t.id)
  ->  Seq Scan on movie_keyword mk  (cost=0.00..81003.12 rows=2198693 width=4) (actual time=0.390..1260.407 rows=2198393 loops=1)
        Filter: (keyword_id < 4392)
        Rows Removed by Filter: 2325537
  ->  Hash  (cost=154335.32..154335.32 rows=283359 width=8) (actual time=3598.206..3598.206 rows=413903 loops=1)
        Buckets: 131072 (originally 131072)  Batches: 8 (originally 4)  Memory Usage: 3085kB
        ->  Hash Join  (cost=83113.43..154335.32 rows=283359 width=8) (actual time=1270.123..3341.631 rows=413903 loops=1)
              Hash Cond: (mc.movie_id = t.id)
              ->  Seq Scan on movie_companies mc  (cost=0.00..51404.11 rows=1279517 width=4) (actual time=156.136..821.851 rows=1274246 loops=1)
                    Filter: (company_type_id < 2)
                    Rows Removed by Filter: 1334883
              ->  Hash  (cost=73925.90..73925.90 rows=559962 width=4) (actual time=1113.196..1113.196 rows=477167 loops=1)
                    Buckets: 131072  Batches: 8  Memory Usage: 3118kB
                    ->  Seq Scan on title t  (cost=0.00..73925.90 rows=559962 width=4) (actual time=0.061..969.272 rows=477167 loops=1)
                          Filter: ((kind_id < 7) AND (production_year > 1999))
                          Rows Removed by Filter: 2051145
Planning time: 1.098 ms
Execution time: 7731.919 ms
