Seq Scan on cast_info ci  (cost=0.00..705507.15 rows=31628967 width=0) (actual time=0.029..13979.590 rows=31763333 loops=1)
  Filter: (person_id > 433001)
  Rows Removed by Filter: 4481011
Planning time: 0.908 ms
Execution time: 17960.821 ms
