Hash Join  (cost=679261.13..2301366.54 rows=50611216 width=0) (actual time=14496.566..53697.726 rows=75517620 loops=1)
  Hash Cond: (ci.movie_id = t.id)
  ->  Seq Scan on cast_info ci  (cost=0.00..705507.15 rows=23499554 width=4) (actual time=2114.994..12416.635 rows=23573656 loops=1)
        Filter: (role_id > 1)
        Rows Removed by Filter: 12670688
  ->  Hash  (cost=589916.72..589916.72 rows=5445713 width=8) (actual time=12380.178..12380.178 rows=5410520 loops=1)
        Buckets: 131072  Batches: 128  Memory Usage: 2669kB
        ->  Hash Join  (cost=102767.86..589916.72 rows=5445713 width=8) (actual time=1649.754..10549.910 rows=5410520 loops=1)
              Hash Cond: (mi.movie_id = t.id)
              ->  Seq Scan on movie_info mi  (cost=0.00..346232.03 rows=5445713 width=4) (actual time=112.126..4387.508 rows=5410520 loops=1)
                    Filter: (info_type_id < 6)
                    Rows Removed by Filter: 9425200
              ->  Hash  (cost=61283.27..61283.27 rows=2528527 width=4) (actual time=1536.731..1536.731 rows=2528312 loops=1)
                    Buckets: 131072  Batches: 64  Memory Usage: 2425kB
                    ->  Seq Scan on title t  (cost=0.00..61283.27 rows=2528527 width=4) (actual time=0.020..711.125 rows=2528312 loops=1)
Planning time: 0.775 ms
Execution time: 60952.783 ms
