Seq Scan on movie_companies mc  (cost=0.00..51404.11 rows=104 width=0) (actual time=8.326..615.813 rows=30 loops=1)
  Filter: (company_id = 57093)
  Rows Removed by Filter: 2609099
Planning time: 0.358 ms
Execution time: 615.889 ms
