Hash Join  (cost=532159.52..1720601.25 rows=13814261 width=0) (actual time=7851.634..36632.235 rows=41687820 loops=1)
  Hash Cond: (ci.movie_id = t.id)
  ->  Seq Scan on cast_info ci  (cost=0.00..796071.18 rows=19289988 width=4) (actual time=0.025..13713.335 rows=16990112 loops=1)
        Filter: ((person_id < 3000328) AND (role_id > 1))
        Rows Removed by Filter: 19254232
  ->  Hash  (cost=502450.90..502450.90 rows=1810770 width=8) (actual time=7850.547..7850.547 rows=1865632 loops=1)
        Buckets: 131072  Batches: 32  Memory Usage: 3181kB
        ->  Hash Join  (cost=102767.86..502450.90 rows=1810770 width=8) (actual time=2805.286..7324.000 rows=1865632 loops=1)
              Hash Cond: (mi.movie_id = t.id)
              ->  Seq Scan on movie_info mi  (cost=0.00..346232.03 rows=1810770 width=4) (actual time=1205.192..3828.088 rows=1865632 loops=1)
                    Filter: (info_type_id > 17)
                    Rows Removed by Filter: 12970088
              ->  Hash  (cost=61283.27..61283.27 rows=2528527 width=4) (actual time=1597.549..1597.549 rows=2528312 loops=1)
                    Buckets: 131072  Batches: 64  Memory Usage: 2425kB
                    ->  Seq Scan on title t  (cost=0.00..61283.27 rows=2528527 width=4) (actual time=0.026..750.804 rows=2528312 loops=1)
Planning time: 1.218 ms
Execution time: 39974.185 ms
