Nested Loop  (cost=0.43..83071.67 rows=246 width=0) (actual time=51.922..757.174 rows=13 loops=1)
  ->  Seq Scan on movie_keyword mk  (cost=0.00..81003.12 rows=246 width=4) (actual time=51.835..756.561 rows=13 loops=1)
        Filter: (keyword_id = 14472)
        Rows Removed by Filter: 4523917
  ->  Index Only Scan using title_pkey on title t  (cost=0.43..8.40 rows=1 width=4) (actual time=0.041..0.042 rows=1 loops=13)
        Index Cond: (id = mk.movie_id)
        Heap Fetches: 13
Planning time: 0.861 ms
Execution time: 757.248 ms
