Seq Scan on movie_keyword mk  (cost=0.00..81003.12 rows=2216074 width=0) (actual time=0.022..1206.630 rows=2208682 loops=1)
  Filter: (keyword_id > 4994)
  Rows Removed by Filter: 2315248
Planning time: 0.324 ms
Execution time: 1489.248 ms
