Hash Join  (cost=214620.12..1041977.65 rows=733349 width=0) (actual time=13213.659..17191.904 rows=1174381 loops=1)
  Hash Cond: (ci.movie_id = t.id)
  ->  Seq Scan on cast_info ci  (cost=0.00..796071.18 rows=1703697 width=4) (actual time=9445.099..12549.099 rows=1677581 loops=1)
        Filter: ((person_id > 62112) AND (role_id = 8))
        Rows Removed by Filter: 34566763
  ->  Hash  (cost=196763.20..196763.20 rows=1088394 width=8) (actual time=3767.323..3767.323 rows=1274246 loops=1)
        Buckets: 131072 (originally 131072)  Batches: 32 (originally 16)  Memory Usage: 3073kB
        ->  Hash Join  (cost=102767.86..196763.20 rows=1088394 width=8) (actual time=1509.575..3495.985 rows=1274246 loops=1)
              Hash Cond: (mc.movie_id = t.id)
              ->  Seq Scan on movie_companies mc  (cost=0.00..57926.93 rows=1088394 width=4) (actual time=0.038..884.288 rows=1274246 loops=1)
                    Filter: ((company_id < 82790) AND (company_type_id < 2))
                    Rows Removed by Filter: 1334883
              ->  Hash  (cost=61283.27..61283.27 rows=2528527 width=4) (actual time=1507.504..1507.504 rows=2528312 loops=1)
                    Buckets: 131072  Batches: 64  Memory Usage: 2415kB
                    ->  Seq Scan on title t  (cost=0.00..61283.27 rows=2528527 width=4) (actual time=0.035..722.188 rows=2528312 loops=1)
Planning time: 1.193 ms
Execution time: 17268.159 ms
