Hash Join  (cost=219807.22..1381658.95 rows=14899181 width=0) (actual time=3988.853..31164.967 rows=16213350 loops=1)
  Hash Cond: (ci.movie_id = t.id)
  ->  Seq Scan on cast_info ci  (cost=0.00..705507.15 rows=23499554 width=4) (actual time=0.026..12663.178 rows=23573656 loops=1)
        Filter: (role_id > 1)
        Rows Removed by Filter: 12670688
  ->  Hash  (cost=193505.02..193505.02 rows=1603136 width=8) (actual time=3987.229..3987.229 rows=747310 loops=1)
        Buckets: 131072  Batches: 32  Memory Usage: 1906kB
        ->  Hash Join  (cost=93093.72..193505.02 rows=1603136 width=8) (actual time=1332.108..3765.786 rows=747310 loops=1)
              Hash Cond: (mc.movie_id = t.id)
              ->  Seq Scan on movie_companies mc  (cost=0.00..44881.29 rows=2609129 width=4) (actual time=0.023..701.338 rows=2609129 loops=1)
              ->  Hash  (cost=67604.59..67604.59 rows=1553611 width=4) (actual time=1329.961..1329.961 rows=1555864 loops=1)
                    Buckets: 131072  Batches: 32  Memory Usage: 2734kB
                    ->  Seq Scan on title t  (cost=0.00..67604.59 rows=1553611 width=4) (actual time=0.035..881.125 rows=1555864 loops=1)
                          Filter: (kind_id > 4)
                          Rows Removed by Filter: 972448
Planning time: 1.133 ms
Execution time: 32893.778 ms
