Hash Join  (cost=102767.86..1243407.89 rows=17672916 width=0) (actual time=1498.817..25908.012 rows=17528811 loops=1)
  Hash Cond: (ci.movie_id = t.id)
  ->  Seq Scan on cast_info ci  (cost=0.00..705507.15 rows=17672916 width=4) (actual time=0.038..11061.314 rows=17528811 loops=1)
        Filter: (person_id < 1735449)
        Rows Removed by Filter: 18715533
  ->  Hash  (cost=61283.27..61283.27 rows=2528527 width=4) (actual time=1497.138..1497.138 rows=2528312 loops=1)
        Buckets: 131072  Batches: 64  Memory Usage: 2415kB
        ->  Seq Scan on title t  (cost=0.00..61283.27 rows=2528527 width=4) (actual time=0.021..711.594 rows=2528312 loops=1)
Planning time: 0.775 ms
Execution time: 27752.549 ms
