Seq Scan on movie_keyword mk  (cost=0.00..81003.12 rows=246 width=0) (actual time=20.729..1211.182 rows=149 loops=1)
  Filter: (keyword_id = 2374)
  Rows Removed by Filter: 4523781
Planning time: 0.375 ms
Execution time: 1211.375 ms
