Hash Join  (cost=252703.64..1559224.62 rows=22139880 width=0) (actual time=4504.682..41185.145 rows=68251951 loops=1)
  Hash Cond: (ci.movie_id = t.id)
  ->  Seq Scan on cast_info ci  (cost=0.00..614943.12 rows=36225612 width=4) (actual time=0.015..8510.247 rows=36244344 loops=1)
  ->  Hash  (cost=227349.75..227349.75 rows=1545351 width=8) (actual time=4503.263..4503.263 rows=1122142 loops=1)
        Buckets: 131072  Batches: 32  Memory Usage: 2438kB
        ->  Hash Join  (cost=85777.42..227349.75 rows=1545351 width=8) (actual time=1147.433..4188.082 rows=1122142 loops=1)
              Hash Cond: (mk.movie_id = t.id)
              ->  Seq Scan on movie_keyword mk  (cost=0.00..81003.12 rows=3527650 width=4) (actual time=0.014..1216.769 rows=3519311 loops=1)
                    Filter: (keyword_id > 958)
                    Rows Removed by Filter: 1004619
              ->  Hash  (cost=67604.59..67604.59 rows=1107667 width=4) (actual time=1146.690..1146.690 rows=1107925 loops=1)
                    Buckets: 131072  Batches: 16  Memory Usage: 3467kB
                    ->  Seq Scan on title t  (cost=0.00..67604.59 rows=1107667 width=4) (actual time=0.049..819.267 rows=1107925 loops=1)
                          Filter: (production_year > 2004)
                          Rows Removed by Filter: 1420387
Planning time: 1.198 ms
Execution time: 47177.896 ms
