Nested Loop  (cost=0.43..83071.67 rows=246 width=0) (actual time=3.872..1015.826 rows=306 loops=1)
  ->  Seq Scan on movie_keyword mk  (cost=0.00..81003.12 rows=246 width=4) (actual time=3.804..1008.319 rows=306 loops=1)
        Filter: (keyword_id = 6132)
        Rows Removed by Filter: 4523624
  ->  Index Only Scan using title_pkey on title t  (cost=0.43..8.40 rows=1 width=4) (actual time=0.022..0.023 rows=1 loops=306)
        Index Cond: (id = mk.movie_id)
        Heap Fetches: 306
Planning time: 0.730 ms
Execution time: 1016.062 ms
