Hash Join  (cost=92883.59..945067.50 rows=1614575 width=0) (actual time=5134.265..12912.726 rows=2519030 loops=1)
  Hash Cond: (ci.movie_id = t.id)
  ->  Seq Scan on cast_info ci  (cost=0.00..796071.18 rows=2649596 width=4) (actual time=3832.729..8986.555 rows=4125291 loops=1)
        Filter: ((person_id > 3302093) AND (role_id > 1))
        Rows Removed by Filter: 32119053
  ->  Hash  (cost=67604.59..67604.59 rows=1540800 width=4) (actual time=1300.438..1300.438 rows=1543264 loops=1)
        Buckets: 131072  Batches: 32  Memory Usage: 2722kB
        ->  Seq Scan on title t  (cost=0.00..67604.59 rows=1540800 width=4) (actual time=0.027..857.690 rows=1543264 loops=1)
              Filter: (kind_id = 7)
              Rows Removed by Filter: 985048
Planning time: 0.818 ms
Execution time: 13180.715 ms
