Seq Scan on movie_keyword mk  (cost=0.00..81003.12 rows=234848 width=0) (actual time=0.025..925.682 rows=235321 loops=1)
  Filter: (keyword_id > 62609)
  Rows Removed by Filter: 4288609
Planning time: 0.319 ms
Execution time: 953.761 ms
