Hash Join  (cost=130043.83..853249.44 rows=75001 width=0) (actual time=1796.438..9210.893 rows=41422 loops=1)
  Hash Cond: (ci.movie_id = t.id)
  ->  Seq Scan on cast_info ci  (cost=0.00..705507.15 rows=4519587 width=4) (actual time=560.408..7294.037 rows=4396975 loops=1)
        Filter: (person_id < 424522)
        Rows Removed by Filter: 31847369
  ->  Hash  (cost=129519.33..129519.33 rows=41960 width=8) (actual time=1233.768..1233.768 rows=13319 loops=1)
        Buckets: 65536  Batches: 1  Memory Usage: 1033kB
        ->  Hash Join  (cost=74434.21..129519.33 rows=41960 width=8) (actual time=858.808..1230.767 rows=13319 loops=1)
              Hash Cond: (mc.movie_id = t.id)
              ->  Seq Scan on movie_companies mc  (cost=0.00..44881.29 rows=2609129 width=4) (actual time=0.018..234.578 rows=2609129 loops=1)
              ->  Hash  (cost=73925.90..73925.90 rows=40664 width=4) (actual time=677.556..677.556 rows=40257 loops=1)
                    Buckets: 65536  Batches: 1  Memory Usage: 1928kB
                    ->  Seq Scan on title t  (cost=0.00..73925.90 rows=40664 width=4) (actual time=3.558..663.384 rows=40257 loops=1)
                          Filter: ((production_year > 2012) AND (kind_id = 7))
                          Rows Removed by Filter: 2488055
Planning time: 0.775 ms
Execution time: 9215.371 ms
