Hash Join  (cost=181728.33..1287565.62 rows=3439818 width=0) (actual time=2449.459..24807.191 rows=2938292 loops=1)
  Hash Cond: (ci.movie_id = t.id)
  ->  Seq Scan on cast_info ci  (cost=0.00..705507.15 rows=31554923 width=4) (actual time=0.026..11240.585 rows=31605208 loops=1)
        Filter: (role_id < 10)
        Rows Removed by Filter: 4639136
  ->  Hash  (cost=177205.88..177205.88 rows=275636 width=8) (actual time=2448.575..2448.575 rows=141096 loops=1)
        Buckets: 131072  Batches: 4  Memory Usage: 2405kB
        ->  Hash Join  (cost=102767.86..177205.88 rows=275636 width=8) (actual time=1615.700..2408.358 rows=141096 loops=1)
              Hash Cond: (mc.movie_id = t.id)
              ->  Seq Scan on movie_companies mc  (cost=0.00..57926.93 rows=275636 width=4) (actual time=79.247..442.121 rows=141096 loops=1)
                    Filter: ((company_id < 530) AND (company_type_id = 2))
                    Rows Removed by Filter: 2468033
              ->  Hash  (cost=61283.27..61283.27 rows=2528527 width=4) (actual time=1535.252..1535.252 rows=2528312 loops=1)
                    Buckets: 131072  Batches: 64  Memory Usage: 2415kB
                    ->  Seq Scan on title t  (cost=0.00..61283.27 rows=2528527 width=4) (actual time=0.025..726.295 rows=2528312 loops=1)
Planning time: 1.136 ms
Execution time: 25125.087 ms
