Hash Join  (cost=167408.99..532828.91 rows=207637 width=0) (actual time=2758.422..7885.908 rows=1085474 loops=1)
  Hash Cond: (mi.movie_id = t.id)
  ->  Seq Scan on movie_info mi  (cost=0.00..346232.03 rows=1348138 width=4) (actual time=40.977..4065.210 rows=1298989 loops=1)
        Filter: (info_type_id = 4)
        Rows Removed by Filter: 13536731
  ->  Hash  (cost=161019.02..161019.02 rows=389438 width=8) (actual time=2716.572..2716.572 rows=957407 loops=1)
        Buckets: 131072 (originally 131072)  Batches: 16 (originally 8)  Memory Usage: 3432kB
        ->  Hash Join  (cost=83810.17..161019.02 rows=389438 width=8) (actual time=1152.389..2458.594 rows=957407 loops=1)
              Hash Cond: (mc.movie_id = t.id)
              ->  Seq Scan on movie_companies mc  (cost=0.00..57926.93 rows=996941 width=4) (actual time=173.269..643.307 rows=1274246 loops=1)
                    Filter: ((company_id < 71059) AND (company_type_id < 2))
                    Rows Removed by Filter: 1334883
              ->  Hash  (cost=67604.59..67604.59 rows=987727 width=4) (actual time=978.301..978.301 rows=985048 loops=1)
                    Buckets: 131072  Batches: 16  Memory Usage: 3188kB
                    ->  Seq Scan on title t  (cost=0.00..67604.59 rows=987727 width=4) (actual time=0.034..753.955 rows=985048 loops=1)
                          Filter: (kind_id < 7)
                          Rows Removed by Filter: 1543264
Planning time: 0.784 ms
Execution time: 8009.863 ms
