Seq Scan on cast_info ci  (cost=0.00..796071.18 rows=19339534 width=0) (actual time=0.026..11932.574 rows=21727745 loops=1)
  Filter: ((person_id < 2341868) AND (role_id < 9))
  Rows Removed by Filter: 14516599
Planning time: 0.590 ms
Execution time: 14372.362 ms
