Hash Join  (cost=74144.97..893415.62 rows=206447 width=0) (actual time=1208.517..20041.763 rows=75 loops=1)
  Hash Cond: (ci.movie_id = t.id)
  ->  Seq Scan on cast_info ci  (cost=0.00..705507.15 rows=29786410 width=4) (actual time=0.014..13424.450 rows=29905310 loops=1)
        Filter: (person_id > 612081)
        Rows Removed by Filter: 6339034
  ->  Hash  (cost=73925.90..73925.90 rows=17525 width=4) (actual time=1180.939..1180.939 rows=12 loops=1)
        Buckets: 32768  Batches: 1  Memory Usage: 257kB
        ->  Seq Scan on title t  (cost=0.00..73925.90 rows=17525 width=4) (actual time=436.999..1180.911 rows=12 loops=1)
              Filter: ((production_year < 1971) AND (kind_id = 4))
              Rows Removed by Filter: 2528300
Planning time: 0.839 ms
Execution time: 20042.012 ms
