Hash Join  (cost=896663.75..3826469.34 rows=144895725 width=0) (actual time=17225.828..110090.112 rows=337892478 loops=1)
  Hash Cond: (ci.movie_id = t.id)
  ->  Seq Scan on cast_info ci  (cost=0.00..614943.12 rows=36225612 width=4) (actual time=0.028..8802.583 rows=36244344 loops=1)
  ->  Hash  (cost=730736.26..730736.26 rows=10113639 width=8) (actual time=17222.717..17222.717 rows=9088560 loops=1)
        Buckets: 131072  Batches: 256  Memory Usage: 2373kB
        ->  Hash Join  (cost=97725.07..730736.26 rows=10113639 width=8) (actual time=1562.817..14906.538 rows=9088560 loops=1)
              Hash Cond: (mi.movie_id = t.id)
              ->  Seq Scan on movie_info mi  (cost=0.00..346232.03 rows=13929354 width=4) (actual time=0.029..4432.210 rows=14033580 loops=1)
                    Filter: (info_type_id > 1)
                    Rows Removed by Filter: 802140
              ->  Hash  (cost=67604.59..67604.59 rows=1835879 width=4) (actual time=1561.064..1561.064 rows=1833367 loops=1)
                    Buckets: 131072  Batches: 32  Memory Usage: 3053kB
                    ->  Seq Scan on title t  (cost=0.00..67604.59 rows=1835879 width=4) (actual time=0.024..992.514 rows=1833367 loops=1)
                          Filter: (production_year > 1986)
                          Rows Removed by Filter: 694945
Planning time: 1.146 ms
Execution time: 140675.706 ms
