Hash Join  (cost=102767.86..1165371.42 rows=10666116 width=0) (actual time=1562.151..13998.903 rows=4545417 loops=1)
  Hash Cond: (ci.movie_id = t.id)
  ->  Seq Scan on cast_info ci  (cost=0.00..796071.18 rows=10666116 width=4) (actual time=0.029..9484.025 rows=4545417 loops=1)
        Filter: ((person_id < 1614047) AND (role_id > 1))
        Rows Removed by Filter: 31698927
  ->  Hash  (cost=61283.27..61283.27 rows=2528527 width=4) (actual time=1560.380..1560.380 rows=2528312 loops=1)
        Buckets: 131072  Batches: 64  Memory Usage: 2415kB
        ->  Seq Scan on title t  (cost=0.00..61283.27 rows=2528527 width=4) (actual time=0.019..734.965 rows=2528312 loops=1)
Planning time: 0.672 ms
Execution time: 14350.211 ms
