Seq Scan on cast_info ci  (cost=0.00..705507.15 rows=32161995 width=0) (actual time=0.014..13803.578 rows=32143628 loops=1)
  Filter: (person_id < 3305736)
  Rows Removed by Filter: 4100716
Planning time: 0.336 ms
Execution time: 17792.919 ms
