Seq Scan on movie_companies mc  (cost=0.00..57926.93 rows=53 width=0) (actual time=93.336..640.665 rows=3 loops=1)
  Filter: ((company_id = 133418) AND (company_type_id = 2))
  Rows Removed by Filter: 2609126
Planning time: 0.386 ms
Execution time: 640.750 ms
