Nested Loop  (cost=0.43..125050.76 rows=885 width=0) (actual time=0.338..867.338 rows=2467 loops=1)
  ->  Seq Scan on movie_keyword mk  (cost=0.00..81003.12 rows=6183 width=4) (actual time=0.294..794.689 rows=5871 loops=1)
        Filter: (keyword_id = 2860)
        Rows Removed by Filter: 4518059
  ->  Index Scan using title_pkey on title t  (cost=0.43..7.11 rows=1 width=4) (actual time=0.012..0.012 rows=0 loops=5871)
        Index Cond: (id = mk.movie_id)
        Filter: ((kind_id < 7) AND (production_year < 1998))
        Rows Removed by Filter: 1
Planning time: 0.814 ms
Execution time: 868.163 ms
