Hash Join  (cost=193257.10..1034205.62 rows=3257067 width=0) (actual time=3377.771..17936.583 rows=3896484 loops=1)
  Hash Cond: (ci.movie_id = t.id)
  ->  Seq Scan on cast_info ci  (cost=0.00..705507.15 rows=8572187 width=4) (actual time=0.020..10110.077 rows=8486314 loops=1)
        Filter: (role_id > 5)
        Rows Removed by Filter: 27758030
  ->  Hash  (cost=177494.93..177494.93 rows=960733 width=8) (actual time=3376.720..3376.720 rows=707827 loops=1)
        Buckets: 131072  Batches: 16  Memory Usage: 2759kB
        ->  Hash Join  (cost=89201.08..177494.93 rows=960733 width=8) (actual time=1311.893..3197.026 rows=707827 loops=1)
              Hash Cond: (mc.movie_id = t.id)
              ->  Seq Scan on movie_companies mc  (cost=0.00..44881.29 rows=2609129 width=4) (actual time=0.015..498.680 rows=2609129 loops=1)
              ->  Hash  (cost=73925.90..73925.90 rows=931054 width=4) (actual time=1310.687..1310.687 rows=852178 loops=1)
                    Buckets: 131072  Batches: 16  Memory Usage: 2899kB
                    ->  Seq Scan on title t  (cost=0.00..73925.90 rows=931054 width=4) (actual time=0.020..1040.394 rows=852178 loops=1)
                          Filter: ((kind_id > 1) AND (production_year < 2004))
                          Rows Removed by Filter: 1676134
Planning time: 1.161 ms
Execution time: 18330.639 ms
