Hash Join  (cost=96390.27..466055.57 rows=6661 width=0) (actual time=1955.049..5802.470 rows=34285 loops=1)
  Hash Cond: (mi.movie_id = t.id)
  ->  Seq Scan on movie_info mi  (cost=0.00..346232.03 rows=6231111 width=4) (actual time=867.417..3903.889 rows=6223494 loops=1)
        Filter: (info_type_id > 8)
        Rows Removed by Filter: 8612226
  ->  Hash  (cost=96356.48..96356.48 rows=2703 width=8) (actual time=1087.335..1087.335 rows=4398 loops=1)
        Buckets: 8192 (originally 4096)  Batches: 1 (originally 1)  Memory Usage: 236kB
        ->  Hash Join  (cost=67697.55..96356.48 rows=2703 width=8) (actual time=710.084..1085.978 rows=4398 loops=1)
              Hash Cond: (mi_idx.movie_id = t.id)
              ->  Seq Scan on movie_info_idx mi_idx  (cost=0.00..25185.44 rows=919057 width=4) (actual time=0.024..265.891 rows=920110 loops=1)
                    Filter: (info_type_id > 99)
                    Rows Removed by Filter: 459925
              ->  Hash  (cost=67604.59..67604.59 rows=7437 width=4) (actual time=709.262..709.262 rows=10517 loops=1)
                    Buckets: 16384 (originally 8192)  Batches: 1 (originally 1)  Memory Usage: 498kB
                    ->  Seq Scan on title t  (cost=0.00..67604.59 rows=7437 width=4) (actual time=0.022..704.015 rows=10517 loops=1)
                          Filter: (production_year = 1959)
                          Rows Removed by Filter: 2517795
Planning time: 1.192 ms
Execution time: 5807.357 ms
