Hash Join  (cost=87245.25..1013620.99 rows=6280488 width=0) (actual time=1134.240..17488.259 rows=6606357 loops=1)
  Hash Cond: (ci.movie_id = t.id)
  ->  Seq Scan on cast_info ci  (cost=0.00..705507.15 rows=13265790 width=4) (actual time=69.265..8867.876 rows=13232322 loops=1)
        Filter: (person_id < 1304902)
        Rows Removed by Filter: 23012022
  ->  Hash  (cost=67604.59..67604.59 rows=1197093 width=4) (actual time=1064.233..1064.233 rows=1195923 loops=1)
        Buckets: 131072  Batches: 16  Memory Usage: 3653kB
        ->  Seq Scan on title t  (cost=0.00..67604.59 rows=1197093 width=4) (actual time=0.031..751.700 rows=1195923 loops=1)
              Filter: (production_year < 2003)
              Rows Removed by Filter: 1332389
Planning time: 0.732 ms
Execution time: 18097.332 ms
