Hash Join  (cost=171645.95..734073.47 rows=5472021 width=0) (actual time=2585.308..14141.281 rows=6780480 loops=1)
  Hash Cond: (mi.movie_id = t.id)
  ->  Seq Scan on movie_info mi  (cost=0.00..346232.03 rows=13622206 width=4) (actual time=0.020..4491.640 rows=13661666 loops=1)
        Filter: (info_type_id < 45)
        Rows Removed by Filter: 1174054
  ->  Hash  (cost=154981.62..154981.62 rows=1015706 width=8) (actual time=2584.011..2584.011 rows=750135 loops=1)
        Buckets: 131072  Batches: 16  Memory Usage: 2874kB
        ->  Hash Join  (cost=98137.04..154981.62 rows=1015706 width=8) (actual time=1303.939..2416.859 rows=750135 loops=1)
              Hash Cond: (mi_idx.movie_id = t.id)
              ->  Seq Scan on movie_info_idx mi_idx  (cost=0.00..21735.35 rows=1380035 width=4) (actual time=0.014..255.081 rows=1380035 loops=1)
              ->  Hash  (cost=67604.59..67604.59 rows=1860996 width=4) (actual time=1302.956..1302.956 rows=1865487 loops=1)
                    Buckets: 131072  Batches: 32  Memory Usage: 3079kB
                    ->  Seq Scan on title t  (cost=0.00..67604.59 rows=1860996 width=4) (actual time=0.022..820.363 rows=1865487 loops=1)
                          Filter: (kind_id > 1)
                          Rows Removed by Filter: 662825
Planning time: 1.125 ms
Execution time: 14840.113 ms
