Seq Scan on movie_keyword mk  (cost=0.00..81003.12 rows=1587249 width=0) (actual time=0.024..1055.005 rows=1600618 loops=1)
  Filter: (keyword_id > 9563)
  Rows Removed by Filter: 2923312
Planning time: 0.339 ms
Execution time: 1247.761 ms
