Hash Join  (cost=103947.06..739954.41 rows=12912452 width=0) (actual time=1538.813..14361.524 rows=12112151 loops=1)
  Hash Cond: (mi.movie_id = t.id)
  ->  Seq Scan on movie_info mi  (cost=0.00..309384.22 rows=14739122 width=4) (actual time=0.009..3778.625 rows=14835720 loops=1)
  ->  Hash  (cost=67604.59..67604.59 rows=2215158 width=4) (actual time=1537.475..1537.475 rows=2203697 loops=1)
        Buckets: 131072  Batches: 32  Memory Usage: 3458kB
        ->  Seq Scan on title t  (cost=0.00..67604.59 rows=2215158 width=4) (actual time=0.020..921.135 rows=2203697 loops=1)
              Filter: (production_year > 1960)
              Rows Removed by Filter: 324615
Planning time: 0.726 ms
Execution time: 15415.642 ms
