Hash Join  (cost=102767.86..301113.16 rows=4465980 width=0) (actual time=1336.214..5140.883 rows=4469310 loops=1)
  Hash Cond: (mk.movie_id = t.id)
  ->  Seq Scan on movie_keyword mk  (cost=0.00..81003.12 rows=4465980 width=4) (actual time=0.015..1124.037 rows=4469310 loops=1)
        Filter: (keyword_id < 97477)
        Rows Removed by Filter: 54620
  ->  Hash  (cost=61283.27..61283.27 rows=2528527 width=4) (actual time=1335.042..1335.042 rows=2528312 loops=1)
        Buckets: 131072  Batches: 64  Memory Usage: 2425kB
        ->  Seq Scan on title t  (cost=0.00..61283.27 rows=2528527 width=4) (actual time=0.019..630.060 rows=2528312 loops=1)
Planning time: 0.775 ms
Execution time: 5516.152 ms
