Hash Join  (cost=156483.73..282723.57 rows=347780 width=0) (actual time=2027.736..4714.269 rows=1268270 loops=1)
  Hash Cond: (mk.movie_id = t.id)
  ->  Seq Scan on movie_keyword mk  (cost=0.00..69693.30 rows=4523930 width=4) (actual time=0.019..979.386 rows=4523930 loops=1)
  ->  Hash  (cost=153293.96..153293.96 rows=194382 width=8) (actual time=2025.977..2025.977 rows=143555 loops=1)
        Buckets: 131072  Batches: 4  Memory Usage: 2438kB
        ->  Hash Join  (cost=83810.17..153293.96 rows=194382 width=8) (actual time=981.739..1976.362 rows=143555 loops=1)
              Hash Cond: (mc.movie_id = t.id)
              ->  Seq Scan on movie_companies mc  (cost=0.00..57926.93 rows=497608 width=4) (actual time=102.402..743.889 rows=291436 loops=1)
                    Filter: ((company_id < 4317) AND (company_type_id = 2))
                    Rows Removed by Filter: 2317693
              ->  Hash  (cost=67604.59..67604.59 rows=987727 width=4) (actual time=878.522..878.522 rows=985048 loops=1)
                    Buckets: 131072  Batches: 16  Memory Usage: 3188kB
                    ->  Seq Scan on title t  (cost=0.00..67604.59 rows=987727 width=4) (actual time=0.024..612.403 rows=985048 loops=1)
                          Filter: (kind_id < 7)
                          Rows Removed by Filter: 1543264
Planning time: 1.207 ms
Execution time: 4842.302 ms
