Hash Join  (cost=865823.18..920500.44 rows=1175 width=0) (actual time=9545.068..10460.093 rows=14098 loops=1)
  Hash Cond: (mc.movie_id = t.id)
  ->  Seq Scan on movie_companies mc  (cost=0.00..44881.29 rows=2609129 width=4) (actual time=0.027..423.376 rows=2609129 loops=1)
  ->  Hash  (cost=865808.95..865808.95 rows=1138 width=8) (actual time=9544.706..9544.706 rows=5342 loops=1)
        Buckets: 8192 (originally 2048)  Batches: 1 (originally 1)  Memory Usage: 273kB
        ->  Hash Join  (cost=69002.72..865808.95 rows=1138 width=8) (actual time=4068.679..9542.881 rows=5342 loops=1)
              Hash Cond: (ci.movie_id = t.id)
              ->  Seq Scan on cast_info ci  (cost=0.00..796071.18 rows=33778 width=4) (actual time=3245.752..8643.749 rows=191920 loops=1)
                    Filter: ((person_id > 3425373) AND (role_id > 10))
                    Rows Removed by Filter: 36052424
              ->  Hash  (cost=67604.59..67604.59 rows=85211 width=4) (actual time=821.876..821.876 rows=84593 loops=1)
                    Buckets: 131072  Batches: 2  Memory Usage: 2518kB
                    ->  Seq Scan on title t  (cost=0.00..67604.59 rows=85211 width=4) (actual time=0.033..790.565 rows=84593 loops=1)
                          Filter: (production_year = 2004)
                          Rows Removed by Filter: 2443719
Planning time: 1.189 ms
Execution time: 10462.283 ms
