Hash Join  (cost=576565.13..1878491.72 rows=12876644 width=0) (actual time=10608.639..42592.937 rows=61550334 loops=1)
  Hash Cond: (ci.movie_id = t.id)
  ->  Seq Scan on cast_info ci  (cost=0.00..614943.12 rows=36225612 width=4) (actual time=0.017..8277.720 rows=36244344 loops=1)
  ->  Hash  (cost=561819.36..561819.36 rows=898782 width=8) (actual time=10607.132..10607.132 rows=2655316 loops=1)
        Buckets: 131072 (originally 131072)  Batches: 64 (originally 16)  Memory Usage: 3073kB
        ->  Hash Join  (cost=77280.64..561819.36 rows=898782 width=8) (actual time=991.149..9963.151 rows=2655316 loops=1)
              Hash Cond: (mi.movie_id = t.id)
              ->  Seq Scan on movie_info mi  (cost=0.00..346232.03 rows=11115165 width=4) (actual time=0.014..4125.938 rows=11210743 loops=1)
                    Filter: (info_type_id > 3)
                    Rows Removed by Filter: 3624977
              ->  Hash  (cost=73925.90..73925.90 rows=204459 width=4) (actual time=990.433..990.433 rows=313929 loops=1)
                    Buckets: 131072  Batches: 4  Memory Usage: 3792kB
                    ->  Seq Scan on title t  (cost=0.00..73925.90 rows=204459 width=4) (actual time=0.019..882.605 rows=313929 loops=1)
                          Filter: ((kind_id < 7) AND (production_year < 1981))
                          Rows Removed by Filter: 2214383
Planning time: 0.818 ms
Execution time: 47293.076 ms
