Hash Join  (cost=190398.10..684588.31 rows=1348029 width=0) (actual time=3362.811..16928.031 rows=32743137 loops=1)
  Hash Cond: (mi.movie_id = t.id)
  ->  Seq Scan on movie_info mi  (cost=0.00..309384.22 rows=14739122 width=4) (actual time=0.014..3268.800 rows=14835720 loops=1)
  ->  Hash  (cost=186603.39..186603.39 rows=231257 width=8) (actual time=3361.485..3361.485 rows=735705 loops=1)
        Buckets: 131072 (originally 131072)  Batches: 16 (originally 4)  Memory Usage: 3073kB
        ->  Hash Join  (cost=78641.77..186603.39 rows=231257 width=8) (actual time=1039.522..3190.654 rows=735705 loops=1)
              Hash Cond: (mk.movie_id = t.id)
              ->  Seq Scan on movie_keyword mk  (cost=0.00..81003.12 rows=2034381 width=4) (actual time=0.022..1195.387 rows=2039123 loops=1)
                    Filter: (keyword_id < 3644)
                    Rows Removed by Filter: 2484807
              ->  Hash  (cost=73925.90..73925.90 rows=287429 width=4) (actual time=1038.328..1038.328 rows=401493 loops=1)
                    Buckets: 131072 (originally 131072)  Batches: 8 (originally 4)  Memory Usage: 3073kB
                    ->  Seq Scan on title t  (cost=0.00..73925.90 rows=287429 width=4) (actual time=0.025..897.621 rows=401493 loops=1)
                          Filter: ((kind_id < 7) AND (production_year < 1992))
                          Rows Removed by Filter: 2126819
Planning time: 1.000 ms
Execution time: 19573.808 ms
