Seq Scan on cast_info ci  (cost=0.00..796071.18 rows=1171970 width=0) (actual time=3649.327..7181.604 rows=1846237 loops=1)
  Filter: ((person_id > 3697309) AND (role_id > 1))
  Rows Removed by Filter: 34398107
Planning time: 0.350 ms
Execution time: 7362.103 ms
