Seq Scan on cast_info ci  (cost=0.00..796071.18 rows=176 width=0) (actual time=5937.206..9705.164 rows=599 loops=1)
  Filter: ((role_id < 2) AND (person_id = 663421))
  Rows Removed by Filter: 36243745
Planning time: 0.393 ms
Execution time: 9705.379 ms
