Hash Join  (cost=76580.21..115787.68 rows=88299 width=0) (actual time=892.236..1642.370 rows=17382 loops=1)
  Hash Cond: (mi_idx.movie_id = t.id)
  ->  Seq Scan on movie_info_idx mi_idx  (cost=0.00..21735.35 rows=1380035 width=4) (actual time=0.012..326.401 rows=1380035 loops=1)
  ->  Hash  (cost=73925.90..73925.90 rows=161784 width=4) (actual time=791.865..791.865 rows=60160 loops=1)
        Buckets: 131072  Batches: 4  Memory Usage: 1552kB
        ->  Seq Scan on title t  (cost=0.00..73925.90 rows=161784 width=4) (actual time=0.026..770.408 rows=60160 loops=1)
              Filter: ((production_year < 1962) AND (kind_id = 7))
              Rows Removed by Filter: 2468152
Planning time: 0.755 ms
Execution time: 1643.896 ms
