Seq Scan on title t  (cost=0.00..73925.90 rows=99147 width=0) (actual time=0.020..613.339 rows=104093 loops=1)
  Filter: ((kind_id > 2) AND (production_year = 2010))
  Rows Removed by Filter: 2424219
Planning time: 0.238 ms
Execution time: 625.569 ms
