Hash Join  (cost=92883.59..189787.05 rows=318443 width=0) (actual time=2684.838..3606.002 rows=63721 loops=1)
  Hash Cond: (mk.movie_id = t.id)
  ->  Seq Scan on movie_keyword mk  (cost=0.00..81003.12 rows=522581 width=4) (actual time=0.033..1361.517 rows=520878 loops=1)
        Filter: (keyword_id < 382)
        Rows Removed by Filter: 4003052
  ->  Hash  (cost=67604.59..67604.59 rows=1540800 width=4) (actual time=1787.884..1787.884 rows=1543264 loops=1)
        Buckets: 131072  Batches: 32  Memory Usage: 2728kB
        ->  Seq Scan on title t  (cost=0.00..67604.59 rows=1540800 width=4) (actual time=0.005..1285.759 rows=1543264 loops=1)
              Filter: (kind_id = 7)
              Rows Removed by Filter: 985048
Planning time: 0.787 ms
Execution time: 3612.453 ms
