Seq Scan on title t  (cost=0.00..67604.59 rows=860373 width=94) (actual time=0.018..353.762 rows=854214 loops=1)
  Filter: (kind_id < 4)
  Rows Removed by Filter: 1674098
Planning time: 0.325 ms
Execution time: 378.708 ms
