Hash Join  (cost=709677.30..796339.49 rows=415 width=0) (actual time=7492.490..8283.159 rows=66 loops=1)
  Hash Cond: (mk.movie_id = t.id)
  ->  Seq Scan on movie_keyword mk  (cost=0.00..69693.30 rows=4523930 width=4) (actual time=0.013..561.491 rows=4523930 loops=1)
  ->  Hash  (cost=709674.40..709674.40 rows=232 width=8) (actual time=7105.175..7105.175 rows=20 loops=1)
        Buckets: 1024  Batches: 1  Memory Usage: 9kB
        ->  Nested Loop  (cost=0.43..709674.40 rows=232 width=8) (actual time=1179.750..7105.048 rows=20 loops=1)
              ->  Seq Scan on cast_info ci  (cost=0.00..705507.15 rows=500 width=4) (actual time=1179.551..7104.139 rows=42 loops=1)
                    Filter: (person_id = 1444190)
                    Rows Removed by Filter: 36244302
              ->  Index Scan using title_pkey on title t  (cost=0.43..8.32 rows=1 width=4) (actual time=0.018..0.018 rows=0 loops=42)
                    Index Cond: (id = ci.movie_id)
                    Filter: ((production_year < 2010) AND (kind_id = 7))
                    Rows Removed by Filter: 1
Planning time: 1.187 ms
Execution time: 8283.287 ms
