Hash Join  (cost=102767.86..230334.84 rows=1524545 width=0) (actual time=1584.704..4502.659 rows=1539290 loops=1)
  Hash Cond: (mk.movie_id = t.id)
  ->  Seq Scan on movie_keyword mk  (cost=0.00..81003.12 rows=1524545 width=4) (actual time=0.019..985.033 rows=1539290 loops=1)
        Filter: (keyword_id > 10296)
        Rows Removed by Filter: 2984640
  ->  Hash  (cost=61283.27..61283.27 rows=2528527 width=4) (actual time=1581.228..1581.228 rows=2528312 loops=1)
        Buckets: 131072  Batches: 64  Memory Usage: 2425kB
        ->  Seq Scan on title t  (cost=0.00..61283.27 rows=2528527 width=4) (actual time=0.017..719.944 rows=2528312 loops=1)
Planning time: 0.735 ms
Execution time: 4613.263 ms
