Hash Join  (cost=102767.86..1097760.72 rows=7856350 width=0) (actual time=3286.598..12928.886 rows=3340682 loops=1)
  Hash Cond: (ci.movie_id = t.id)
  ->  Seq Scan on cast_info ci  (cost=0.00..796071.18 rows=7856350 width=4) (actual time=1838.933..9232.950 rows=3340682 loops=1)
        Filter: ((person_id < 1183950) AND (role_id > 1))
        Rows Removed by Filter: 32903662
  ->  Hash  (cost=61283.27..61283.27 rows=2528527 width=4) (actual time=1434.963..1434.963 rows=2528312 loops=1)
        Buckets: 131072  Batches: 64  Memory Usage: 2415kB
        ->  Seq Scan on title t  (cost=0.00..61283.27 rows=2528527 width=4) (actual time=0.021..672.899 rows=2528312 loops=1)
Planning time: 0.553 ms
Execution time: 13191.325 ms
