Hash Join  (cost=353890.39..908582.21 rows=9757646 width=0) (actual time=5667.028..33153.528 rows=155322104 loops=1)
  Hash Cond: (mi.movie_id = t.id)
  ->  Seq Scan on movie_info mi  (cost=0.00..346232.03 rows=6231111 width=4) (actual time=0.016..3611.103 rows=6223494 loops=1)
        Filter: (info_type_id > 8)
        Rows Removed by Filter: 8612226
  ->  Hash  (cost=288927.86..288927.86 rows=3959562 width=8) (actual time=5666.265..5666.265 rows=3957660 loops=1)
        Buckets: 131072  Batches: 64  Memory Usage: 3543kB
        ->  Hash Join  (cost=102767.86..288927.86 rows=3959562 width=8) (actual time=1429.706..4952.926 rows=3957660 loops=1)
              Hash Cond: (mk.movie_id = t.id)
              ->  Seq Scan on movie_keyword mk  (cost=0.00..81003.12 rows=3959562 width=4) (actual time=0.022..1202.217 rows=3957660 loops=1)
                    Filter: (keyword_id > 398)
                    Rows Removed by Filter: 566270
              ->  Hash  (cost=61283.27..61283.27 rows=2528527 width=4) (actual time=1426.762..1426.762 rows=2528312 loops=1)
                    Buckets: 131072  Batches: 64  Memory Usage: 2425kB
                    ->  Seq Scan on title t  (cost=0.00..61283.27 rows=2528527 width=4) (actual time=0.021..666.046 rows=2528312 loops=1)
Planning time: 1.120 ms
Execution time: 44441.155 ms
