Hash Join  (cost=475876.34..1311199.39 rows=608234 width=0) (actual time=8448.125..15485.268 rows=818160 loops=1)
  Hash Cond: (ci.movie_id = t.id)
  ->  Seq Scan on cast_info ci  (cost=0.00..796071.18 rows=2674277 width=4) (actual time=3170.037..8978.679 rows=3094743 loops=1)
        Filter: ((person_id > 1171082) AND (role_id = 3))
        Rows Removed by Filter: 33149601
  ->  Hash  (cost=466440.79..466440.79 rows=575084 width=8) (actual time=5277.358..5277.358 rows=600339 loops=1)
        Buckets: 131072  Batches: 8  Memory Usage: 3965kB
        ->  Hash Join  (cost=97066.09..466440.79 rows=575084 width=8) (actual time=2355.386..5175.050 rows=600339 loops=1)
              Hash Cond: (mi.movie_id = t.id)
              ->  Seq Scan on movie_info mi  (cost=0.00..346232.03 rows=809768 width=4) (actual time=1039.195..3279.151 rows=802140 loops=1)
                    Filter: (info_type_id < 2)
                    Rows Removed by Filter: 14033580
              ->  Hash  (cost=67604.59..67604.59 rows=1795720 width=4) (actual time=1315.278..1315.278 rows=1794153 loops=1)
                    Buckets: 131072  Batches: 32  Memory Usage: 3001kB
                    ->  Seq Scan on title t  (cost=0.00..67604.59 rows=1795720 width=4) (actual time=0.029..826.140 rows=1794153 loops=1)
                          Filter: (production_year < 2009)
                          Rows Removed by Filter: 734159
Planning time: 1.275 ms
Execution time: 15544.374 ms
