Hash Join  (cost=250627.27..1568413.35 rows=20166735 width=0) (actual time=3610.721..31175.787 rows=40288657 loops=1)
  Hash Cond: (ci.movie_id = t.id)
  ->  Seq Scan on cast_info ci  (cost=0.00..705507.15 rows=31554923 width=4) (actual time=0.014..10805.488 rows=31605208 loops=1)
        Filter: (role_id < 10)
        Rows Removed by Filter: 4639136
  ->  Hash  (cost=224114.52..224114.52 rows=1615980 width=8) (actual time=3609.452..3609.452 rows=1069450 loops=1)
        Buckets: 131072  Batches: 32  Memory Usage: 2392kB
        ->  Hash Join  (cost=82423.69..224114.52 rows=1615980 width=8) (actual time=899.874..3401.211 rows=1069450 loops=1)
              Hash Cond: (mk.movie_id = t.id)
              ->  Seq Scan on movie_keyword mk  (cost=0.00..69693.30 rows=4523930 width=4) (actual time=0.018..837.393 rows=4523930 loops=1)
              ->  Hash  (cost=67604.59..67604.59 rows=903208 width=4) (actual time=898.228..898.228 rows=904491 loops=1)
                    Buckets: 131072  Batches: 16  Memory Usage: 3017kB
                    ->  Seq Scan on title t  (cost=0.00..67604.59 rows=903208 width=4) (actual time=0.012..676.473 rows=904491 loops=1)
                          Filter: (production_year > 2006)
                          Rows Removed by Filter: 1623821
Planning time: 1.151 ms
Execution time: 34232.904 ms
