Hash Join  (cost=709675.59..796337.11 rows=349 width=0) (actual time=6728.805..7763.049 rows=232 loops=1)
  Hash Cond: (mk.movie_id = t.id)
  ->  Seq Scan on movie_keyword mk  (cost=0.00..69693.30 rows=4523930 width=4) (actual time=0.012..532.635 rows=4523930 loops=1)
  ->  Hash  (cost=709673.15..709673.15 rows=195 width=8) (actual time=6659.209..6659.209 rows=11 loops=1)
        Buckets: 1024  Batches: 1  Memory Usage: 9kB
        ->  Nested Loop  (cost=0.43..709673.15 rows=195 width=8) (actual time=6333.489..6659.188 rows=11 loops=1)
              ->  Seq Scan on cast_info ci  (cost=0.00..705507.15 rows=500 width=4) (actual time=6333.423..6655.654 rows=456 loops=1)
                    Filter: (person_id = 1826028)
                    Rows Removed by Filter: 36243888
              ->  Index Scan using title_pkey on title t  (cost=0.43..8.32 rows=1 width=4) (actual time=0.007..0.007 rows=0 loops=456)
                    Index Cond: (id = ci.movie_id)
                    Filter: (kind_id < 7)
                    Rows Removed by Filter: 1
Planning time: 1.198 ms
Execution time: 7763.215 ms
