Hash Join  (cost=69090.10..415891.81 rows=642 width=0) (actual time=3842.871..4240.472 rows=17 loops=1)
  Hash Cond: (mi.movie_id = t.id)
  ->  Seq Scan on movie_info mi  (cost=0.00..346232.03 rows=17937 width=4) (actual time=3008.253..3435.541 rows=30180 loops=1)
        Filter: (info_type_id = 110)
        Rows Removed by Filter: 14805540
  ->  Hash  (cost=67604.59..67604.59 rows=90521 width=4) (actual time=785.351..785.351 rows=90852 loops=1)
        Buckets: 131072  Batches: 2  Memory Usage: 2632kB
        ->  Seq Scan on title t  (cost=0.00..67604.59 rows=90521 width=4) (actual time=0.053..750.388 rows=90852 loops=1)
              Filter: (kind_id = 2)
              Rows Removed by Filter: 2437460
Planning time: 0.531 ms
Execution time: 4240.562 ms
