Hash Join  (cost=149554.98..1053561.06 rows=477697 width=0) (actual time=4493.708..13291.251 rows=755236 loops=1)
  Hash Cond: (ci.movie_id = t.id)
  ->  Seq Scan on cast_info ci  (cost=0.00..796071.18 rows=8875713 width=4) (actual time=2067.445..8803.564 rows=5414748 loops=1)
        Filter: ((person_id > 2319198) AND (role_id < 4))
        Rows Removed by Filter: 30829596
  ->  Hash  (cost=147321.89..147321.89 rows=136087 width=8) (actual time=2425.354..2425.354 rows=193743 loops=1)
        Buckets: 131072 (originally 131072)  Batches: 4 (originally 2)  Memory Usage: 3073kB
        ->  Hash Join  (cost=78171.87..147321.89 rows=136087 width=8) (actual time=1079.208..2360.146 rows=193743 loops=1)
              Hash Cond: (mc.movie_id = t.id)
              ->  Seq Scan on movie_companies mc  (cost=0.00..51404.11 rows=1329612 width=4) (actual time=128.672..771.871 rows=1334883 loops=1)
                    Filter: (company_type_id > 1)
                    Rows Removed by Filter: 1274246
              ->  Hash  (cost=73925.90..73925.90 rows=258797 width=4) (actual time=949.760..949.760 rows=227847 loops=1)
                    Buckets: 131072  Batches: 4  Memory Usage: 3032kB
                    ->  Seq Scan on title t  (cost=0.00..73925.90 rows=258797 width=4) (actual time=0.026..874.671 rows=227847 loops=1)
                          Filter: ((kind_id < 7) AND (production_year > 2008))
                          Rows Removed by Filter: 2300465
Planning time: 0.761 ms
Execution time: 13379.211 ms
