Hash Join  (cost=323468.22..1321089.84 rows=8964875 width=0) (actual time=5408.742..27907.878 rows=57136554 loops=1)
  Hash Cond: (ci.movie_id = t.id)
  ->  Seq Scan on cast_info ci  (cost=0.00..796071.18 rows=7066351 width=4) (actual time=0.013..9212.428 rows=12670688 loops=1)
        Filter: ((person_id < 2007111) AND (role_id < 2))
        Rows Removed by Filter: 23573656
  ->  Hash  (cost=270838.85..270838.85 rows=3207869 width=8) (actual time=5407.363..5407.363 rows=3197475 loops=1)
        Buckets: 131072  Batches: 64  Memory Usage: 2997kB
        ->  Hash Join  (cost=102767.86..270838.85 rows=3207869 width=8) (actual time=1304.707..4791.778 rows=3197475 loops=1)
              Hash Cond: (mk.movie_id = t.id)
              ->  Seq Scan on movie_keyword mk  (cost=0.00..81003.12 rows=3207869 width=4) (actual time=0.012..928.151 rows=3197475 loops=1)
                    Filter: (keyword_id > 1732)
                    Rows Removed by Filter: 1326455
              ->  Hash  (cost=61283.27..61283.27 rows=2528527 width=4) (actual time=1303.684..1303.684 rows=2528312 loops=1)
                    Buckets: 131072  Batches: 64  Memory Usage: 2425kB
                    ->  Seq Scan on title t  (cost=0.00..61283.27 rows=2528527 width=4) (actual time=0.013..615.265 rows=2528312 loops=1)
Planning time: 0.764 ms
Execution time: 31896.612 ms
