Hash Join  (cost=457832.30..1527967.37 rows=3536685 width=0) (actual time=8608.097..51946.182 rows=50104268 loops=1)
  Hash Cond: (ci.movie_id = t.id)
  ->  Seq Scan on cast_info ci  (cost=0.00..614943.12 rows=36225612 width=4) (actual time=0.012..13578.366 rows=36244344 loops=1)
  ->  Hash  (cost=453781.56..453781.56 rows=246859 width=8) (actual time=8607.039..8607.039 rows=799207 loops=1)
        Buckets: 131072 (originally 131072)  Batches: 16 (originally 4)  Memory Usage: 3073kB
        ->  Hash Join  (cost=78593.13..453781.56 rows=246859 width=8) (actual time=2155.208..8380.127 rows=799207 loops=1)
              Hash Cond: (mi.movie_id = t.id)
              ->  Seq Scan on movie_info mi  (cost=0.00..346232.03 rows=2194617 width=4) (actual time=705.802..5853.694 rows=2233850 loops=1)
                    Filter: (info_type_id > 16)
                    Rows Removed by Filter: 12601870
              ->  Hash  (cost=73925.90..73925.90 rows=284418 width=4) (actual time=1242.322..1242.322 rows=382296 loops=1)
                    Buckets: 131072 (originally 131072)  Batches: 8 (originally 4)  Memory Usage: 3073kB
                    ->  Seq Scan on title t  (cost=0.00..73925.90 rows=284418 width=4) (actual time=0.137..1113.729 rows=382296 loops=1)
                          Filter: ((production_year < 2001) AND (kind_id = 1))
                          Rows Removed by Filter: 2146016
Planning time: 1.165 ms
Execution time: 57626.159 ms
