Hash Join  (cost=880035.38..934963.98 rows=26307 width=0) (actual time=9318.447..10552.766 rows=398877 loops=1)
  Hash Cond: (mc.movie_id = t.id)
  ->  Seq Scan on movie_companies mc  (cost=0.00..44881.29 rows=2609129 width=4) (actual time=0.012..371.471 rows=2609129 loops=1)
  ->  Hash  (cost=879716.69..879716.69 rows=25495 width=8) (actual time=9260.041..9260.041 rows=220266 loops=1)
        Buckets: 131072 (originally 32768)  Batches: 2 (originally 1)  Memory Usage: 5259kB
        ->  Hash Join  (cost=75574.02..879716.69 rows=25495 width=8) (actual time=1194.351..9202.070 rows=220266 loops=1)
              Hash Cond: (ci.movie_id = t.id)
              ->  Seq Scan on cast_info ci  (cost=0.00..796071.18 rows=642011 width=4) (actual time=362.291..7504.840 rows=2724143 loops=1)
                    Filter: ((person_id > 3167797) AND (role_id > 9))
                    Rows Removed by Filter: 33520201
              ->  Hash  (cost=73925.90..73925.90 rows=100409 width=4) (actual time=830.925..830.925 rows=110402 loops=1)
                    Buckets: 131072  Batches: 2  Memory Usage: 2964kB
                    ->  Seq Scan on title t  (cost=0.00..73925.90 rows=100409 width=4) (actual time=0.033..792.070 rows=110402 loops=1)
                          Filter: ((kind_id = 7) AND (production_year = 2012))
                          Rows Removed by Filter: 2417910
Planning time: 0.780 ms
Execution time: 10586.825 ms
