Seq Scan on movie_keyword mk  (cost=0.00..81003.12 rows=753413 width=0) (actual time=0.020..721.145 rows=761349 loops=1)
  Filter: (keyword_id > 24626)
  Rows Removed by Filter: 3762581
Planning time: 0.256 ms
Execution time: 789.680 ms
