Hash Join  (cost=141153.92..507131.51 rows=245689 width=0) (actual time=2463.675..5152.797 rows=978931 loops=1)
  Hash Cond: (mi.movie_id = t.id)
  ->  Seq Scan on movie_info mi  (cost=0.00..346232.03 rows=1338312 width=4) (actual time=784.544..2914.030 rows=1401902 loops=1)
        Filter: (info_type_id = 7)
        Rows Removed by Filter: 13433818
  ->  Hash  (cost=133537.53..133537.53 rows=464191 width=8) (actual time=1678.399..1678.399 rows=815287 loops=1)
        Buckets: 131072 (originally 131072)  Batches: 16 (originally 8)  Memory Usage: 3073kB
        ->  Hash Join  (cost=87880.14..133537.53 rows=464191 width=8) (actual time=733.259..1534.640 rows=815287 loops=1)
              Hash Cond: (mi_idx.movie_id = t.id)
              ->  Seq Scan on movie_info_idx mi_idx  (cost=0.00..21735.35 rows=1380035 width=4) (actual time=0.033..220.229 rows=1380035 loops=1)
              ->  Hash  (cost=73925.90..73925.90 rows=850499 width=4) (actual time=732.394..732.394 rows=765361 loops=1)
                    Buckets: 131072  Batches: 16  Memory Usage: 2709kB
                    ->  Seq Scan on title t  (cost=0.00..73925.90 rows=850499 width=4) (actual time=0.025..575.877 rows=765361 loops=1)
                          Filter: ((kind_id < 7) AND (production_year > 1963))
                          Rows Removed by Filter: 1762951
Planning time: 1.164 ms
Execution time: 5216.591 ms
