Hash Join  (cost=78556.72..196024.16 rows=629316 width=0) (actual time=853.487..2457.700 rows=1532975 loops=1)
  Hash Cond: (mk.movie_id = t.id)
  ->  Seq Scan on movie_keyword mk  (cost=0.00..81003.12 rows=2383773 width=4) (actual time=0.018..869.521 rows=2379400 loops=1)
        Filter: (keyword_id > 4023)
        Rows Removed by Filter: 2144530
  ->  Hash  (cost=67604.59..67604.59 rows=667531 width=4) (actual time=628.332..628.332 rows=662825 loops=1)
        Buckets: 131072  Batches: 16  Memory Usage: 2486kB
        ->  Seq Scan on title t  (cost=0.00..67604.59 rows=667531 width=4) (actual time=24.213..494.784 rows=662825 loops=1)
              Filter: (kind_id = 1)
              Rows Removed by Filter: 1865487
Planning time: 0.511 ms
Execution time: 2562.676 ms
