Seq Scan on movie_keyword mk  (cost=0.00..81003.12 rows=3850618 width=0) (actual time=0.025..971.855 rows=3850155 loops=1)
  Filter: (keyword_id > 537)
  Rows Removed by Filter: 673775
Planning time: 0.293 ms
Execution time: 1345.610 ms
