Seq Scan on movie_keyword mk  (cost=0.00..81003.12 rows=3796978 width=0) (actual time=0.016..1614.698 rows=3788815 loops=1)
  Filter: (keyword_id < 25615)
  Rows Removed by Filter: 735115
Planning time: 0.331 ms
Execution time: 2085.469 ms
