Hash Join  (cost=201759.99..1158985.61 rows=730257 width=0) (actual time=2634.156..14130.942 rows=736890 loops=1)
  Hash Cond: (ci.movie_id = t.id)
  ->  Seq Scan on cast_info ci  (cost=0.00..796071.18 rows=11960778 width=4) (actual time=0.012..7649.382 rows=14316064 loops=1)
        Filter: ((person_id < 1773628) AND (role_id < 4))
        Rows Removed by Filter: 21928280
  ->  Hash  (cost=199226.28..199226.28 rows=154377 width=8) (actual time=2630.078..2630.078 rows=48813 loops=1)
        Buckets: 131072  Batches: 4  Memory Usage: 1496kB
        ->  Hash Join  (cost=75342.47..199226.28 rows=154377 width=8) (actual time=1263.313..2618.779 rows=48813 loops=1)
              Hash Cond: (mk.movie_id = t.id)
              ->  Seq Scan on movie_keyword mk  (cost=0.00..69693.30 rows=4523930 width=4) (actual time=0.008..732.028 rows=4523930 loops=1)
              ->  Hash  (cost=73925.90..73925.90 rows=86285 width=4) (actual time=633.935..633.935 rows=92628 loops=1)
                    Buckets: 131072  Batches: 2  Memory Usage: 2659kB
                    ->  Seq Scan on title t  (cost=0.00..73925.90 rows=86285 width=4) (actual time=185.077..531.810 rows=92628 loops=1)
                          Filter: ((kind_id = 7) AND (production_year = 2010))
                          Rows Removed by Filter: 2435684
Planning time: 0.789 ms
Execution time: 14182.625 ms
