Seq Scan on cast_info ci  (cost=0.00..705507.15 rows=500 width=0) (actual time=546.080..6212.795 rows=1541 loops=1)
  Filter: (person_id = 1698775)
  Rows Removed by Filter: 36242803
Planning time: 0.357 ms
Execution time: 6213.069 ms
