Nested Loop  (cost=0.43..83072.29 rows=16 width=0) (actual time=72.006..870.698 rows=9 loops=1)
  ->  Seq Scan on movie_keyword mk  (cost=0.00..81003.12 rows=246 width=4) (actual time=0.244..860.618 rows=464 loops=1)
        Filter: (keyword_id = 7899)
        Rows Removed by Filter: 4523466
  ->  Index Scan using title_pkey on title t  (cost=0.43..8.40 rows=1 width=4) (actual time=0.021..0.021 rows=0 loops=464)
        Index Cond: (id = mk.movie_id)
        Filter: (production_year = 2012)
        Rows Removed by Filter: 1
Planning time: 0.727 ms
Execution time: 870.811 ms
