Seq Scan on movie_companies mc  (cost=0.00..51404.11 rows=364321 width=0) (actual time=0.019..868.779 rows=361826 loops=1)
  Filter: (company_id < 184)
  Rows Removed by Filter: 2247303
Planning time: 2.703 ms
Execution time: 914.040 ms
