Seq Scan on movie_companies mc  (cost=0.00..51404.11 rows=2190219 width=0) (actual time=0.026..515.645 rows=2189320 loops=1)
  Filter: (company_id > 292)
  Rows Removed by Filter: 419809
Planning time: 0.289 ms
Execution time: 692.497 ms
