Hash Join  (cost=513038.35..664204.17 rows=2039019 width=0) (actual time=5353.558..9432.327 rows=11015789 loops=1)
  Hash Cond: (mk.movie_id = t.id)
  ->  Seq Scan on movie_keyword mk  (cost=0.00..81003.12 rows=3852401 width=4) (actual time=0.023..925.586 rows=3847611 loops=1)
        Filter: (keyword_id < 27710)
        Rows Removed by Filter: 676319
  ->  Hash  (cost=491081.45..491081.45 rows=1338312 width=8) (actual time=5351.712..5351.712 rows=1401902 loops=1)
        Buckets: 131072  Batches: 32  Memory Usage: 2722kB
        ->  Hash Join  (cost=102767.86..491081.45 rows=1338312 width=8) (actual time=2278.328..4934.008 rows=1401902 loops=1)
              Hash Cond: (mi.movie_id = t.id)
              ->  Seq Scan on movie_info mi  (cost=0.00..346232.03 rows=1338312 width=4) (actual time=1147.411..2922.440 rows=1401902 loops=1)
                    Filter: (info_type_id = 7)
                    Rows Removed by Filter: 13433818
              ->  Hash  (cost=61283.27..61283.27 rows=2528527 width=4) (actual time=1129.581..1129.581 rows=2528312 loops=1)
                    Buckets: 131072  Batches: 64  Memory Usage: 2425kB
                    ->  Seq Scan on title t  (cost=0.00..61283.27 rows=2528527 width=4) (actual time=0.018..531.695 rows=2528312 loops=1)
Planning time: 1.151 ms
Execution time: 10145.306 ms
