Hash Join  (cost=229007.10..274158.32 rows=434675 width=0) (actual time=2919.966..3817.736 rows=1780780 loops=1)
  Hash Cond: (mi_idx.movie_id = t.id)
  ->  Seq Scan on movie_info_idx mi_idx  (cost=0.00..21735.35 rows=1380035 width=4) (actual time=0.019..222.315 rows=1380035 loops=1)
  ->  Hash  (cost=215939.86..215939.86 rows=796419 width=8) (actual time=2919.044..2919.044 rows=828834 loops=1)
        Buckets: 131072  Batches: 16  Memory Usage: 3076kB
        ->  Hash Join  (cost=106840.27..215939.86 rows=796419 width=8) (actual time=940.598..2738.307 rows=828834 loops=1)
              Hash Cond: (mk.movie_id = t.id)
              ->  Seq Scan on movie_keyword mk  (cost=0.00..81003.12 rows=842054 width=4) (actual time=0.045..948.052 rows=841659 loops=1)
                    Filter: (keyword_id < 807)
                    Rows Removed by Filter: 3682271
              ->  Hash  (cost=67604.59..67604.59 rows=2391495 width=4) (actual time=939.848..939.848 rows=2388876 loops=1)
                    Buckets: 131072  Batches: 32  Memory Usage: 3656kB
                    ->  Seq Scan on title t  (cost=0.00..67604.59 rows=2391495 width=4) (actual time=0.012..547.857 rows=2388876 loops=1)
                          Filter: (production_year < 2013)
                          Rows Removed by Filter: 139436
Planning time: 0.800 ms
Execution time: 3930.808 ms
