Hash Join  (cost=74574.97..159540.02 rows=20570 width=0) (actual time=873.354..1240.339 rows=4400 loops=1)
  Hash Cond: (mk.movie_id = t.id)
  ->  Seq Scan on movie_keyword mk  (cost=0.00..81003.12 rows=1001662 width=4) (actual time=0.018..516.580 rows=1007446 loops=1)
        Filter: (keyword_id < 968)
        Rows Removed by Filter: 3516484
  ->  Hash  (cost=73925.90..73925.90 rows=51925 width=4) (actual time=607.828..607.828 rows=56480 loops=1)
        Buckets: 65536  Batches: 1  Memory Usage: 2498kB
        ->  Seq Scan on title t  (cost=0.00..73925.90 rows=51925 width=4) (actual time=0.018..592.228 rows=56480 loops=1)
              Filter: ((kind_id = 7) AND (production_year = 2004))
              Rows Removed by Filter: 2471832
Planning time: 0.492 ms
Execution time: 1240.774 ms
