Seq Scan on cast_info ci  (cost=0.00..796071.18 rows=324 width=0) (actual time=1120.872..5790.015 rows=17 loops=1)
  Filter: ((role_id > 1) AND (person_id = 1978384))
  Rows Removed by Filter: 36244327
Planning time: 0.351 ms
Execution time: 5790.119 ms
