Hash Join  (cost=260495.71..802124.45 rows=6380259 width=0) (actual time=2972.755..19036.431 rows=81522046 loops=1)
  Hash Cond: (mi.movie_id = t.id)
  ->  Seq Scan on movie_info mi  (cost=0.00..346232.03 rows=9767026 width=4) (actual time=0.017..3044.507 rows=9911754 loops=1)
        Filter: (info_type_id > 4)
        Rows Removed by Filter: 4923966
  ->  Hash  (cost=233395.87..233395.87 rows=1651747 width=8) (actual time=2970.496..2970.496 rows=1658881 loops=1)
        Buckets: 131072  Batches: 32  Memory Usage: 3120kB
        ->  Hash Join  (cost=102767.86..233395.87 rows=1651747 width=8) (actual time=1075.307..2681.402 rows=1658881 loops=1)
              Hash Cond: (mk.movie_id = t.id)
              ->  Seq Scan on movie_keyword mk  (cost=0.00..81003.12 rows=1651747 width=4) (actual time=0.017..652.290 rows=1658881 loops=1)
                    Filter: (keyword_id > 8807)
                    Rows Removed by Filter: 2865049
              ->  Hash  (cost=61283.27..61283.27 rows=2528527 width=4) (actual time=1074.625..1074.625 rows=2528312 loops=1)
                    Buckets: 131072  Batches: 64  Memory Usage: 2425kB
                    ->  Seq Scan on title t  (cost=0.00..61283.27 rows=2528527 width=4) (actual time=0.009..514.865 rows=2528312 loops=1)
Planning time: 0.732 ms
Execution time: 24209.576 ms
