Hash Join  (cost=151216.33..1096837.15 rows=2904946 width=0) (actual time=1537.542..10426.138 rows=3593465 loops=1)
  Hash Cond: (ci.movie_id = t.id)
  ->  Seq Scan on cast_info ci  (cost=0.00..796071.18 rows=10177652 width=4) (actual time=0.021..6790.218 rows=5542931 loops=1)
        Filter: ((person_id < 2309119) AND (role_id > 2))
        Rows Removed by Filter: 30701413
  ->  Hash  (cost=139375.05..139375.05 rows=721702 width=8) (actual time=1536.824..1536.824 rows=626561 loops=1)
        Buckets: 131072  Batches: 16  Memory Usage: 2548kB
        ->  Hash Join  (cost=89299.55..139375.05 rows=721702 width=8) (actual time=719.125..1435.337 rows=626561 loops=1)
              Hash Cond: (mi_idx.movie_id = t.id)
              ->  Seq Scan on movie_info_idx mi_idx  (cost=0.00..21735.35 rows=1380035 width=4) (actual time=0.014..184.230 rows=1380035 loops=1)
              ->  Hash  (cost=67604.59..67604.59 rows=1322317 width=4) (actual time=717.959..717.959 rows=1322863 loops=1)
                    Buckets: 131072  Batches: 32  Memory Usage: 2481kB
                    ->  Seq Scan on title t  (cost=0.00..67604.59 rows=1322317 width=4) (actual time=0.018..502.595 rows=1322863 loops=1)
                          Filter: (production_year > 2001)
                          Rows Removed by Filter: 1205449
Planning time: 0.783 ms
Execution time: 10657.552 ms
