Seq Scan on cast_info ci  (cost=0.00..705507.15 rows=28209495 width=0) (actual time=0.017..6235.268 rows=28344388 loops=1)
  Filter: (person_id > 770027)
  Rows Removed by Filter: 7899956
Planning time: 0.214 ms
Execution time: 8424.849 ms
