Hash Join  (cost=160872.73..544523.47 rows=57090 width=0) (actual time=1395.741..4650.006 rows=205572 loops=1)
  Hash Cond: (mi.movie_id = t.id)
  ->  Seq Scan on movie_info mi  (cost=0.00..309384.22 rows=14739122 width=4) (actual time=0.016..1584.739 rows=14835720 loops=1)
  ->  Hash  (cost=160750.31..160750.31 rows=9794 width=8) (actual time=1394.702..1394.702 rows=7943 loops=1)
        Buckets: 16384  Batches: 1  Memory Usage: 439kB
        ->  Hash Join  (cost=73994.33..160750.31 rows=9794 width=8) (actual time=456.749..1393.037 rows=7943 loops=1)
              Hash Cond: (mk.movie_id = t.id)
              ->  Seq Scan on movie_keyword mk  (cost=0.00..69693.30 rows=4523930 width=4) (actual time=0.015..434.548 rows=4523930 loops=1)
              ->  Hash  (cost=73925.90..73925.90 rows=5474 width=4) (actual time=456.478..456.478 rows=9919 loops=1)
                    Buckets: 16384 (originally 8192)  Batches: 1 (originally 1)  Memory Usage: 477kB
                    ->  Seq Scan on title t  (cost=0.00..73925.90 rows=5474 width=4) (actual time=0.133..453.457 rows=9919 loops=1)
                          Filter: ((kind_id > 1) AND (production_year = 1966))
                          Rows Removed by Filter: 2518393
Planning time: 0.748 ms
Execution time: 4665.356 ms
