Hash Join  (cost=83072.96..437534.84 rows=4 width=0) (actual time=1108.507..3166.436 rows=226 loops=1)
  Hash Cond: (mi.movie_id = t.id)
  ->  Seq Scan on movie_info mi  (cost=0.00..346232.03 rows=2194617 width=4) (actual time=586.226..2438.846 rows=2233850 loops=1)
        Filter: (info_type_id > 16)
        Rows Removed by Filter: 12601870
  ->  Hash  (cost=83072.90..83072.90 rows=5 width=8) (actual time=505.835..505.835 rows=20 loops=1)
        Buckets: 1024  Batches: 1  Memory Usage: 9kB
        ->  Nested Loop  (cost=0.43..83072.90 rows=5 width=8) (actual time=11.793..505.789 rows=20 loops=1)
              ->  Seq Scan on movie_keyword mk  (cost=0.00..81003.12 rows=246 width=4) (actual time=0.765..495.270 rows=662 loops=1)
                    Filter: (keyword_id = 947)
                    Rows Removed by Filter: 4523268
              ->  Index Scan using title_pkey on title t  (cost=0.43..8.40 rows=1 width=4) (actual time=0.015..0.015 rows=0 loops=662)
                    Index Cond: (id = mk.movie_id)
                    Filter: ((kind_id < 7) AND (production_year = 2008))
                    Rows Removed by Filter: 1
Planning time: 0.737 ms
Execution time: 3166.598 ms
