Hash Join  (cost=373288.97..1968425.89 rows=46590813 width=0) (actual time=4820.311..39087.753 rows=151140300 loops=1)
  Hash Cond: (ci.movie_id = t.id)
  ->  Seq Scan on cast_info ci  (cost=0.00..705507.15 rows=26539152 width=4) (actual time=0.018..6607.564 rows=26587979 loops=1)
        Filter: (person_id < 2742753)
        Rows Removed by Filter: 9656365
  ->  Hash  (cost=300462.02..300462.02 rows=4438956 width=8) (actual time=4818.691..4818.691 rows=4440800 loops=1)
        Buckets: 131072  Batches: 64  Memory Usage: 3759kB
        ->  Hash Join  (cost=102767.86..300462.02 rows=4438956 width=8) (actual time=1142.190..4078.190 rows=4440800 loops=1)
              Hash Cond: (mk.movie_id = t.id)
              ->  Seq Scan on movie_keyword mk  (cost=0.00..81003.12 rows=4438956 width=4) (actual time=0.021..827.032 rows=4440800 loops=1)
                    Filter: (keyword_id < 86868)
                    Rows Removed by Filter: 83130
              ->  Hash  (cost=61283.27..61283.27 rows=2528527 width=4) (actual time=1141.225..1141.225 rows=2528312 loops=1)
                    Buckets: 131072  Batches: 64  Memory Usage: 2425kB
                    ->  Seq Scan on title t  (cost=0.00..61283.27 rows=2528527 width=4) (actual time=0.021..540.300 rows=2528312 loops=1)
Planning time: 0.727 ms
Execution time: 48439.363 ms
