Seq Scan on movie_companies mc  (cost=0.00..57926.93 rows=53 width=0) (actual time=199.140..380.935 rows=2 loops=1)
  Filter: ((company_type_id > 1) AND (company_id = 107606))
  Rows Removed by Filter: 2609127
Planning time: 0.295 ms
Execution time: 381.008 ms
