Seq Scan on movie_keyword mk  (cost=0.00..81003.12 rows=3820381 width=0) (actual time=0.017..654.142 rows=3814200 loops=1)
  Filter: (keyword_id < 26617)
  Rows Removed by Filter: 709730
Planning time: 0.212 ms
Execution time: 916.187 ms
