Hash Join  (cost=83074.74..139278.29 rows=124 width=0) (actual time=468.538..901.367 rows=3618 loops=1)
  Hash Cond: (mc.movie_id = t.id)
  ->  Seq Scan on movie_companies mc  (cost=0.00..51404.11 rows=1279517 width=4) (actual time=0.016..341.713 rows=1274246 loops=1)
        Filter: (company_type_id < 2)
        Rows Removed by Filter: 1334883
  ->  Hash  (cost=83071.67..83071.67 rows=246 width=8) (actual time=468.238..468.238 rows=537 loops=1)
        Buckets: 1024  Batches: 1  Memory Usage: 29kB
        ->  Nested Loop  (cost=0.43..83071.67 rows=246 width=8) (actual time=0.822..468.005 rows=537 loops=1)
              ->  Seq Scan on movie_keyword mk  (cost=0.00..81003.12 rows=246 width=4) (actual time=0.781..459.812 rows=537 loops=1)
                    Filter: (keyword_id = 7511)
                    Rows Removed by Filter: 4523393
              ->  Index Only Scan using title_pkey on title t  (cost=0.43..8.40 rows=1 width=4) (actual time=0.014..0.015 rows=1 loops=537)
                    Index Cond: (id = mk.movie_id)
                    Heap Fetches: 537
Planning time: 0.699 ms
Execution time: 901.706 ms
