Hash Join  (cost=77854.63..1125615.11 rows=1898008 width=0) (actual time=1940.577..13179.169 rows=2027239 loops=1)
  Hash Cond: (ci.movie_id = t.id)
  ->  Seq Scan on cast_info ci  (cost=0.00..796071.18 rows=20045125 width=4) (actual time=1481.961..7550.174 rows=19412537 loops=1)
        Filter: ((person_id > 571589) AND (role_id < 4))
        Rows Removed by Filter: 16831807
  ->  Hash  (cost=73925.90..73925.90 rows=239418 width=4) (actual time=457.679..457.679 rows=256906 loops=1)
        Buckets: 131072  Batches: 4  Memory Usage: 3296kB
        ->  Seq Scan on title t  (cost=0.00..73925.90 rows=239418 width=4) (actual time=0.039..408.800 rows=256906 loops=1)
              Filter: ((production_year > 2010) AND (kind_id = 7))
              Rows Removed by Filter: 2271406
Planning time: 0.494 ms
Execution time: 13318.988 ms
