Hash Join  (cost=74346.17..129358.62 rows=34693 width=0) (actual time=1127.589..2418.928 rows=50341 loops=1)
  Hash Cond: (mc.movie_id = t.id)
  ->  Seq Scan on movie_companies mc  (cost=0.00..44881.29 rows=2609129 width=4) (actual time=0.013..657.450 rows=2609129 loops=1)
  ->  Hash  (cost=73925.90..73925.90 rows=33621 width=4) (actual time=1127.209..1127.209 rows=28104 loops=1)
        Buckets: 65536  Batches: 1  Memory Usage: 1501kB
        ->  Seq Scan on title t  (cost=0.00..73925.90 rows=33621 width=4) (actual time=275.043..1115.814 rows=28104 loops=1)
              Filter: ((kind_id = 1) AND (production_year = 2009))
              Rows Removed by Filter: 2500208
Planning time: 0.740 ms
Execution time: 2425.827 ms
