Seq Scan on cast_info ci  (cost=0.00..705507.15 rows=500 width=0) (actual time=2073.826..4192.681 rows=28 loops=1)
  Filter: (person_id = 773665)
  Rows Removed by Filter: 36244316
Planning time: 0.250 ms
Execution time: 4192.776 ms
