Seq Scan on cast_info ci  (cost=0.00..796071.18 rows=324 width=0) (actual time=1282.235..5440.644 rows=232 loops=1)
  Filter: ((role_id > 1) AND (person_id = 2291780))
  Rows Removed by Filter: 36244112
Planning time: 0.287 ms
Execution time: 5440.745 ms
