Hash Join  (cost=243311.94..1147503.78 rows=3213666 width=0) (actual time=4768.953..10029.561 rows=7742121 loops=1)
  Hash Cond: (ci.movie_id = t.id)
  ->  Seq Scan on cast_info ci  (cost=0.00..796071.18 rows=6123199 width=4) (actual time=2127.893..5287.438 rows=3787321 loops=1)
        Filter: ((person_id < 1345180) AND (role_id > 2))
        Rows Removed by Filter: 32457023
  ->  Hash  (cost=221539.72..221539.72 rows=1327058 width=8) (actual time=2640.220..2640.220 rows=1619262 loops=1)
        Buckets: 131072  Batches: 32  Memory Usage: 2976kB
        ->  Hash Join  (cost=94978.31..221539.72 rows=1327058 width=8) (actual time=825.820..2378.983 rows=1619262 loops=1)
              Hash Cond: (mk.movie_id = t.id)
              ->  Seq Scan on movie_keyword mk  (cost=0.00..81003.12 rows=2011140 width=4) (actual time=0.026..656.697 rows=2015845 loops=1)
                    Filter: (keyword_id < 3600)
                    Rows Removed by Filter: 2508085
              ->  Hash  (cost=67604.59..67604.59 rows=1668458 width=4) (actual time=824.737..824.737 rows=1671292 loops=1)
                    Buckets: 131072  Batches: 32  Memory Usage: 2866kB
                    ->  Seq Scan on title t  (cost=0.00..67604.59 rows=1668458 width=4) (actual time=0.023..541.526 rows=1671292 loops=1)
                          Filter: (production_year < 2008)
                          Rows Removed by Filter: 857020
Planning time: 0.737 ms
Execution time: 10522.853 ms
