Seq Scan on movie_keyword mk  (cost=0.00..81003.12 rows=1013212 width=0) (actual time=0.020..514.345 rows=1015027 loops=1)
  Filter: (keyword_id < 989)
  Rows Removed by Filter: 3508903
Planning time: 0.207 ms
Execution time: 577.213 ms
