Hash Join  (cost=292400.22..716785.18 rows=2938098 width=0) (actual time=4047.387..9002.951 rows=23037653 loops=1)
  Hash Cond: (mi.movie_id = t.id)
  ->  Seq Scan on movie_info mi  (cost=0.00..346232.03 rows=3068194 width=4) (actual time=711.535..2062.042 rows=3036719 loops=1)
        Filter: (info_type_id = 16)
        Rows Removed by Filter: 11799001
  ->  Hash  (cost=252674.80..252674.80 rows=2421313 width=8) (actual time=3330.988..3330.988 rows=2804964 loops=1)
        Buckets: 131072 (originally 131072)  Batches: 64 (originally 32)  Memory Usage: 3073kB
        ->  Hash Join  (cost=99161.12..252674.80 rows=2421313 width=8) (actual time=807.574..2864.562 rows=2804964 loops=1)
              Hash Cond: (mk.movie_id = t.id)
              ->  Seq Scan on movie_keyword mk  (cost=0.00..81003.12 rows=3183085 width=4) (actual time=0.019..695.907 rows=3164156 loops=1)
                    Filter: (keyword_id > 1770)
                    Rows Removed by Filter: 1359774
              ->  Hash  (cost=67604.59..67604.59 rows=1923403 width=4) (actual time=806.339..806.339 rows=1922849 loops=1)
                    Buckets: 131072  Batches: 32  Memory Usage: 3141kB
                    ->  Seq Scan on title t  (cost=0.00..67604.59 rows=1923403 width=4) (actual time=0.019..499.288 rows=1922849 loops=1)
                          Filter: (production_year < 2010)
                          Rows Removed by Filter: 605463
Planning time: 0.677 ms
Execution time: 10367.867 ms
