Hash Join  (cost=798855.22..1163530.50 rows=1935 width=0) (actual time=5591.686..8390.601 rows=4653 loops=1)
  Hash Cond: (mi.movie_id = t.id)
  ->  Seq Scan on movie_info mi  (cost=0.00..309384.22 rows=14739122 width=4) (actual time=0.010..1428.849 rows=14835720 loops=1)
  ->  Hash  (cost=798851.07..798851.07 rows=332 width=8) (actual time=5541.784..5541.784 rows=1238 loops=1)
        Buckets: 2048 (originally 1024)  Batches: 1 (originally 1)  Memory Usage: 65kB
        ->  Nested Loop  (cost=0.43..798851.07 rows=332 width=8) (actual time=5402.448..5541.478 rows=1238 loops=1)
              ->  Seq Scan on cast_info ci  (cost=0.00..796071.18 rows=332 width=4) (actual time=5402.347..5534.284 rows=1238 loops=1)
                    Filter: ((role_id < 4) AND (person_id = 1079095))
                    Rows Removed by Filter: 36243106
              ->  Index Only Scan using title_pkey on title t  (cost=0.43..8.36 rows=1 width=4) (actual time=0.005..0.005 rows=1 loops=1238)
                    Index Cond: (id = ci.movie_id)
                    Heap Fetches: 1238
Planning time: 0.736 ms
Execution time: 8390.988 ms
