Hash Join  (cost=151732.70..498170.76 rows=51 width=0) (actual time=1206.060..2859.750 rows=271 loops=1)
  Hash Cond: (mi.movie_id = t.id)
  ->  Seq Scan on movie_info mi  (cost=0.00..346232.03 rows=54808 width=4) (actual time=193.389..1867.533 rows=50267 loops=1)
        Filter: (info_type_id > 107)
        Rows Removed by Filter: 14785453
  ->  Hash  (cost=151703.48..151703.48 rows=2337 width=8) (actual time=986.877..986.877 rows=3400 loops=1)
        Buckets: 4096  Batches: 1  Memory Usage: 165kB
        ->  Hash Join  (cost=67697.55..151703.48 rows=2337 width=8) (actual time=398.781..986.156 rows=3400 loops=1)
              Hash Cond: (mk.movie_id = t.id)
              ->  Seq Scan on movie_keyword mk  (cost=0.00..81003.12 rows=794517 width=4) (actual time=0.017..516.646 rows=791394 loops=1)
                    Filter: (keyword_id < 763)
                    Rows Removed by Filter: 3732536
              ->  Hash  (cost=67604.59..67604.59 rows=7437 width=4) (actual time=398.713..398.713 rows=9491 loops=1)
                    Buckets: 16384 (originally 8192)  Batches: 1 (originally 1)  Memory Usage: 462kB
                    ->  Seq Scan on title t  (cost=0.00..67604.59 rows=7437 width=4) (actual time=0.083..396.190 rows=9491 loops=1)
                          Filter: (production_year = 1957)
                          Rows Removed by Filter: 2518821
Planning time: 0.681 ms
Execution time: 2859.911 ms
