Hash Join  (cost=84689.96..901539.41 rows=333844 width=0) (actual time=2089.751..5797.984 rows=809109 loops=1)
  Hash Cond: (ci.movie_id = t.id)
  ->  Seq Scan on cast_info ci  (cost=0.00..796071.18 rows=1286624 width=4) (actual time=1539.109..4394.797 rows=2931296 loops=1)
        Filter: ((person_id > 3513672) AND (role_id > 2))
        Rows Removed by Filter: 33313048
  ->  Hash  (cost=73925.90..73925.90 rows=656084 width=4) (actual time=549.782..549.782 rows=555560 loops=1)
        Buckets: 131072  Batches: 16  Memory Usage: 2241kB
        ->  Seq Scan on title t  (cost=0.00..73925.90 rows=656084 width=4) (actual time=0.021..459.821 rows=555560 loops=1)
              Filter: ((kind_id < 7) AND (production_year > 1993))
              Rows Removed by Filter: 1972752
Planning time: 0.493 ms
Execution time: 5849.584 ms
