Hash Join  (cost=102767.86..177714.75 rows=296736 width=0) (actual time=1101.429..1882.920 rows=589015 loops=1)
  Hash Cond: (mc.movie_id = t.id)
  ->  Seq Scan on movie_companies mc  (cost=0.00..57926.93 rows=296736 width=4) (actual time=115.890..441.169 rows=589015 loops=1)
        Filter: ((company_id > 70577) AND (company_type_id > 1))
        Rows Removed by Filter: 2020114
  ->  Hash  (cost=61283.27..61283.27 rows=2528527 width=4) (actual time=984.402..984.402 rows=2528312 loops=1)
        Buckets: 131072  Batches: 64  Memory Usage: 2415kB
        ->  Seq Scan on title t  (cost=0.00..61283.27 rows=2528527 width=4) (actual time=0.020..480.648 rows=2528312 loops=1)
Planning time: 0.511 ms
Execution time: 1921.859 ms
