Hash Join  (cost=101765.68..195516.22 rows=26935 width=0) (actual time=677.832..1622.067 rows=257019 loops=1)
  Hash Cond: (mk.movie_id = t.id)
  ->  Seq Scan on movie_keyword mk  (cost=0.00..81003.12 rows=3327483 width=4) (actual time=0.014..637.360 rows=3317428 loops=1)
        Filter: (keyword_id < 15222)
        Rows Removed by Filter: 1206502
  ->  Hash  (cost=101509.83..101509.83 rows=20468 width=8) (actual time=677.636..677.636 rows=39660 loops=1)
        Buckets: 65536 (originally 32768)  Batches: 1 (originally 1)  Memory Usage: 2062kB
        ->  Hash Join  (cost=74394.67..101509.83 rows=20468 width=8) (actual time=409.017..670.418 rows=39660 loops=1)
              Hash Cond: (mi_idx.movie_id = t.id)
              ->  Seq Scan on movie_info_idx mi_idx  (cost=0.00..21735.35 rows=1380035 width=4) (actual time=0.012..115.933 rows=1380035 loops=1)
              ->  Hash  (cost=73925.90..73925.90 rows=37501 width=4) (actual time=408.632..408.632 rows=32253 loops=1)
                    Buckets: 65536  Batches: 1  Memory Usage: 1646kB
                    ->  Seq Scan on title t  (cost=0.00..73925.90 rows=37501 width=4) (actual time=0.018..401.454 rows=32253 loops=1)
                          Filter: ((kind_id < 7) AND (production_year = 2005))
                          Rows Removed by Filter: 2496059
Planning time: 0.691 ms
Execution time: 1638.921 ms
