Hash Join  (cost=88295.76..235638.09 rows=1850729 width=0) (actual time=711.316..2662.073 rows=1411403 loops=1)
  Hash Cond: (mk.movie_id = t.id)
  ->  Seq Scan on movie_keyword mk  (cost=0.00..81003.12 rows=3710644 width=4) (actual time=0.015..774.281 rows=3707149 loops=1)
        Filter: (keyword_id < 22407)
        Rows Removed by Filter: 816781
  ->  Hash  (cost=67604.59..67604.59 rows=1261134 width=4) (actual time=710.091..710.091 rows=1260295 loops=1)
        Buckets: 131072  Batches: 32  Memory Usage: 2421kB
        ->  Seq Scan on title t  (cost=0.00..67604.59 rows=1261134 width=4) (actual time=0.004..493.336 rows=1260295 loops=1)
              Filter: (production_year > 2002)
              Rows Removed by Filter: 1268017
Planning time: 0.491 ms
Execution time: 2751.834 ms
