Hash Join  (cost=133937.44..962638.95 rows=8024 width=0) (actual time=3208.559..6333.619 rows=825 loops=1)
  Hash Cond: (ci.movie_id = t.id)
  ->  Seq Scan on cast_info ci  (cost=0.00..796071.18 rows=8680019 width=4) (actual time=2687.351..5514.041 rows=4432304 loops=1)
        Filter: ((person_id > 1123067) AND (role_id = 1))
        Rows Removed by Filter: 31812040
  ->  Hash  (cost=133908.21..133908.21 rows=2338 width=8) (actual time=519.935..519.935 rows=300 loops=1)
        Buckets: 4096  Batches: 1  Memory Usage: 44kB
        ->  Nested Loop  (cost=0.43..133908.21 rows=2338 width=8) (actual time=221.220..519.791 rows=300 loops=1)
              ->  Seq Scan on movie_keyword mk  (cost=0.00..81003.12 rows=7691 width=4) (actual time=0.173..462.366 rows=6501 loops=1)
                    Filter: (keyword_id = 355)
                    Rows Removed by Filter: 4517429
              ->  Index Scan using title_pkey on title t  (cost=0.43..6.87 rows=1 width=4) (actual time=0.009..0.009 rows=0 loops=6501)
                    Index Cond: (id = mk.movie_id)
                    Filter: ((production_year > 2002) AND (kind_id = 7))
                    Rows Removed by Filter: 1
Planning time: 0.721 ms
Execution time: 6333.848 ms
