Hash Join  (cost=92883.59..1015416.27 rows=3881987 width=0) (actual time=2473.705..9916.359 rows=4601107 loops=1)
  Hash Cond: (ci.movie_id = t.id)
  ->  Seq Scan on cast_info ci  (cost=0.00..796071.18 rows=6370527 width=4) (actual time=1754.812..6447.687 rows=7450801 loops=1)
        Filter: ((person_id > 433905) AND (role_id = 2))
        Rows Removed by Filter: 28793543
  ->  Hash  (cost=67604.59..67604.59 rows=1540800 width=4) (actual time=718.108..718.108 rows=1543264 loops=1)
        Buckets: 131072  Batches: 32  Memory Usage: 2722kB
        ->  Seq Scan on title t  (cost=0.00..67604.59 rows=1540800 width=4) (actual time=59.452..475.026 rows=1543264 loops=1)
              Filter: (kind_id = 7)
              Rows Removed by Filter: 985048
Planning time: 0.483 ms
Execution time: 10204.672 ms
