Hash Join  (cost=156170.95..291445.47 rows=351530 width=0) (actual time=1558.350..2689.336 rows=453812 loops=1)
  Hash Cond: (mk.movie_id = t.id)
  ->  Seq Scan on movie_keyword mk  (cost=0.00..81003.12 rows=4320025 width=4) (actual time=0.023..713.212 rows=4303832 loops=1)
        Filter: (keyword_id > 169)
        Rows Removed by Filter: 220098
  ->  Hash  (cost=152795.05..152795.05 rows=205752 width=8) (actual time=1185.475..1185.475 rows=149867 loops=1)
        Buckets: 131072  Batches: 4  Memory Usage: 2481kB
        ->  Hash Join  (cost=89240.26..152795.05 rows=205752 width=8) (actual time=615.388..1161.027 rows=149867 loops=1)
              Hash Cond: (mc.movie_id = t.id)
              ->  Seq Scan on movie_companies mc  (cost=0.00..51404.11 rows=557378 width=4) (actual time=0.019..326.994 rows=551798 loops=1)
                    Filter: (company_id < 573)
                    Rows Removed by Filter: 2057331
              ->  Hash  (cost=73925.90..73925.90 rows=933388 width=4) (actual time=614.693..614.693 rows=1024206 loops=1)
                    Buckets: 131072  Batches: 16  Memory Usage: 3285kB
                    ->  Seq Scan on title t  (cost=0.00..73925.90 rows=933388 width=4) (actual time=0.012..466.040 rows=1024206 loops=1)
                          Filter: ((production_year > 1997) AND (kind_id = 7))
                          Rows Removed by Filter: 1504106
Planning time: 0.655 ms
Execution time: 2715.264 ms
