Hash Join  (cost=28270.40..116065.52 rows=263 width=0) (actual time=150.126..802.166 rows=12982 loops=1)
  Hash Cond: (mk.movie_id = t.id)
  ->  Seq Scan on movie_keyword mk  (cost=0.00..81003.12 rows=1810498 width=4) (actual time=0.018..530.252 rows=1814598 loops=1)
        Filter: (keyword_id < 2962)
        Rows Removed by Filter: 2709332
  ->  Hash  (cost=28265.80..28265.80 rows=368 width=8) (actual time=149.596..149.596 rows=260 loops=1)
        Buckets: 1024  Batches: 1  Memory Usage: 19kB
        ->  Nested Loop  (cost=0.43..28265.80 rows=368 width=8) (actual time=121.638..149.525 rows=260 loops=1)
              ->  Seq Scan on movie_info_idx mi_idx  (cost=0.00..25185.44 rows=368 width=4) (actual time=121.553..145.585 rows=260 loops=1)
                    Filter: (info_type_id > 101)
                    Rows Removed by Filter: 1379775
              ->  Index Only Scan using title_pkey on title t  (cost=0.43..8.36 rows=1 width=4) (actual time=0.015..0.015 rows=1 loops=260)
                    Index Cond: (id = mi_idx.movie_id)
                    Heap Fetches: 260
Planning time: 0.677 ms
Execution time: 802.992 ms
