Nested Loop  (cost=0.43..709674.40 rows=101 width=0) (actual time=1823.082..4051.410 rows=1 loops=1)
  ->  Seq Scan on cast_info ci  (cost=0.00..705507.15 rows=500 width=4) (actual time=1823.034..4051.358 rows=1 loops=1)
        Filter: (person_id = 3395328)
        Rows Removed by Filter: 36244343
  ->  Index Scan using title_pkey on title t  (cost=0.43..8.32 rows=1 width=4) (actual time=0.037..0.037 rows=1 loops=1)
        Index Cond: (id = ci.movie_id)
        Filter: ((production_year > 1980) AND (kind_id = 1))
Planning time: 0.478 ms
Execution time: 4051.487 ms
