Hash Join  (cost=883790.18..1555246.94 rows=2421271 width=0) (actual time=9183.992..15518.819 rows=5578936 loops=1)
  Hash Cond: (mi.movie_id = t.id)
  ->  Seq Scan on movie_info mi  (cost=0.00..309384.22 rows=14739122 width=4) (actual time=0.012..2300.545 rows=14835720 loops=1)
  ->  Hash  (cost=876975.01..876975.01 rows=415374 width=8) (actual time=9182.971..9182.971 rows=393600 loops=1)
        Buckets: 131072  Batches: 8  Memory Usage: 2914kB
        ->  Hash Join  (cost=68100.81..876975.01 rows=415374 width=8) (actual time=404.870..9092.777 rows=393600 loops=1)
              Hash Cond: (ci.movie_id = t.id)
              ->  Seq Scan on cast_info ci  (cost=0.00..705507.15 rows=26456881 width=4) (actual time=0.031..5050.276 rows=26501645 loops=1)
                    Filter: (person_id < 2735711)
                    Rows Removed by Filter: 9742699
              ->  Hash  (cost=67604.59..67604.59 rows=39698 width=4) (actual time=404.536..404.536 rows=36437 loops=1)
                    Buckets: 65536  Batches: 1  Memory Usage: 1793kB
                    ->  Seq Scan on title t  (cost=0.00..67604.59 rows=39698 width=4) (actual time=0.026..395.867 rows=36437 loops=1)
                          Filter: (production_year = 1995)
                          Rows Removed by Filter: 2491875
Planning time: 0.783 ms
Execution time: 15861.987 ms
