Seq Scan on cast_info ci  (cost=0.00..796071.18 rows=1403064 width=0) (actual time=198.907..11787.219 rows=1781340 loops=1)
  Filter: ((person_id < 241040) AND (role_id < 3))
  Rows Removed by Filter: 34463004
Planning time: 0.339 ms
Execution time: 11994.667 ms
