Hash Join  (cost=75628.29..1124695.89 rows=1485843 width=0) (actual time=458.934..13596.156 rows=2146559 loops=1)
  Hash Cond: (ci.movie_id = t.id)
  ->  Seq Scan on cast_info ci  (cost=0.00..614943.12 rows=36225612 width=4) (actual time=0.014..4995.414 rows=36244344 loops=1)
  ->  Hash  (cost=73925.90..73925.90 rows=103711 width=4) (actual time=458.068..458.068 rows=203434 loops=1)
        Buckets: 131072 (originally 131072)  Batches: 4 (originally 2)  Memory Usage: 3073kB
        ->  Seq Scan on title t  (cost=0.00..73925.90 rows=103711 width=4) (actual time=0.023..418.355 rows=203434 loops=1)
              Filter: ((kind_id < 7) AND (production_year < 1962))
              Rows Removed by Filter: 2324878
Planning time: 0.425 ms
Execution time: 13737.612 ms
