Seq Scan on cast_info ci  (cost=0.00..796071.18 rows=19783314 width=0) (actual time=893.296..6572.321 rows=20122661 loops=1)
  Filter: ((person_id < 3974438) AND (role_id < 3))
  Rows Removed by Filter: 16121683
Planning time: 0.199 ms
Execution time: 7737.409 ms
