Hash Join  (cost=111334.42..235433.00 rows=172054 width=0) (actual time=916.338..2282.979 rows=1061388 loops=1)
  Hash Cond: (mk.movie_id = t.id)
  ->  Seq Scan on movie_keyword mk  (cost=0.00..69693.30 rows=4523930 width=4) (actual time=0.033..541.818 rows=4523930 loops=1)
  ->  Hash  (cost=109756.36..109756.36 rows=96165 width=8) (actual time=915.737..915.737 rows=109542 loops=1)
        Buckets: 131072  Batches: 2  Memory Usage: 3175kB
        ->  Hash Join  (cost=76192.15..109756.36 rows=96165 width=8) (actual time=512.103..891.904 rows=109542 loops=1)
              Hash Cond: (mi_idx.movie_id = t.id)
              ->  Seq Scan on movie_info_idx mi_idx  (cost=0.00..25185.44 rows=464566 width=4) (actual time=0.015..192.452 rows=459925 loops=1)
                    Filter: (info_type_id = 101)
                    Rows Removed by Filter: 920110
              ->  Hash  (cost=67604.59..67604.59 rows=523405 width=4) (actual time=511.331..511.331 rows=523734 loops=1)
                    Buckets: 131072  Batches: 8  Memory Usage: 3319kB
                    ->  Seq Scan on title t  (cost=0.00..67604.59 rows=523405 width=4) (actual time=0.012..423.708 rows=523734 loops=1)
                          Filter: (production_year < 1981)
                          Rows Removed by Filter: 2004578
Planning time: 0.691 ms
Execution time: 2346.405 ms
