Hash Join  (cost=102767.86..287228.65 rows=3888964 width=0) (actual time=791.070..3122.757 rows=3879219 loops=1)
  Hash Cond: (mk.movie_id = t.id)
  ->  Seq Scan on movie_keyword mk  (cost=0.00..81003.12 rows=3888964 width=4) (actual time=0.031..732.037 rows=3879219 loops=1)
        Filter: (keyword_id < 29029)
        Rows Removed by Filter: 644711
  ->  Hash  (cost=61283.27..61283.27 rows=2528527 width=4) (actual time=790.481..790.481 rows=2528312 loops=1)
        Buckets: 131072  Batches: 64  Memory Usage: 2425kB
        ->  Seq Scan on title t  (cost=0.00..61283.27 rows=2528527 width=4) (actual time=0.021..395.854 rows=2528312 loops=1)
Planning time: 0.459 ms
Execution time: 3354.635 ms
