Seq Scan on cast_info ci  (cost=0.00..705507.15 rows=500 width=0) (actual time=1852.030..4071.308 rows=189 loops=1)
  Filter: (person_id = 1693497)
  Rows Removed by Filter: 36244155
Planning time: 0.221 ms
Execution time: 4071.379 ms
