Hash Join  (cost=76796.18..567481.38 rows=1019527 width=0) (actual time=1208.408..14413.968 rows=1748239 loops=1)
  Hash Cond: (mi.movie_id = t.id)
  ->  Seq Scan on movie_info mi  (cost=0.00..309384.22 rows=14739122 width=4) (actual time=0.018..6401.216 rows=14835720 loops=1)
  ->  Hash  (cost=73925.90..73925.90 rows=174902 width=4) (actual time=1207.556..1207.556 rows=160286 loops=1)
        Buckets: 131072  Batches: 4  Memory Usage: 2441kB
        ->  Seq Scan on title t  (cost=0.00..73925.90 rows=174902 width=4) (actual time=507.940..1152.801 rows=160286 loops=1)
              Filter: ((production_year > 2008) AND (kind_id = 1))
              Rows Removed by Filter: 2368026
Planning time: 0.819 ms
Execution time: 14610.975 ms
