Hash Join  (cost=213555.50..702522.56 rows=3003388 width=0) (actual time=2195.475..11753.369 rows=46969782 loops=1)
  Hash Cond: (mi.movie_id = t.id)
  ->  Seq Scan on movie_info mi  (cost=0.00..346232.03 rows=9476311 width=4) (actual time=0.019..2339.976 rows=9565151 loops=1)
        Filter: (info_type_id < 16)
        Rows Removed by Filter: 5270569
  ->  Hash  (cost=200407.23..200407.23 rows=801382 width=8) (actual time=2194.400..2194.400 rows=1789071 loops=1)
        Buckets: 131072 (originally 131072)  Batches: 32 (originally 16)  Memory Usage: 3282kB
        ->  Hash Join  (cost=83810.17..200407.23 rows=801382 width=8) (actual time=560.900..1921.676 rows=1789071 loops=1)
              Hash Cond: (mk.movie_id = t.id)
              ->  Seq Scan on movie_keyword mk  (cost=0.00..81003.12 rows=2051495 width=4) (actual time=0.011..585.707 rows=2059636 loops=1)
                    Filter: (keyword_id < 3662)
                    Rows Removed by Filter: 2464294
              ->  Hash  (cost=67604.59..67604.59 rows=987727 width=4) (actual time=560.143..560.143 rows=985048 loops=1)
                    Buckets: 131072  Batches: 16  Memory Usage: 3197kB
                    ->  Seq Scan on title t  (cost=0.00..67604.59 rows=987727 width=4) (actual time=0.015..403.667 rows=985048 loops=1)
                          Filter: (kind_id < 7)
                          Rows Removed by Filter: 1543264
Planning time: 0.670 ms
Execution time: 14298.972 ms
