Hash Join  (cost=52284.46..138943.23 rows=73 width=0) (actual time=289.656..979.398 rows=1375 loops=1)
  Hash Cond: (mk.movie_id = t.id)
  ->  Seq Scan on movie_keyword mk  (cost=0.00..69693.30 rows=4523930 width=4) (actual time=0.015..341.193 rows=4523930 loops=1)
  ->  Hash  (cost=52283.95..52283.95 rows=41 width=8) (actual time=288.362..288.362 rows=235 loops=1)
        Buckets: 1024  Batches: 1  Memory Usage: 18kB
        ->  Nested Loop  (cost=0.43..52283.95 rows=41 width=8) (actual time=58.617..288.248 rows=235 loops=1)
              ->  Seq Scan on movie_companies mc  (cost=0.00..51404.11 rows=104 width=4) (actual time=58.561..284.379 rows=235 loops=1)
                    Filter: (company_id = 29231)
                    Rows Removed by Filter: 2608894
              ->  Index Scan using title_pkey on title t  (cost=0.43..8.45 rows=1 width=4) (actual time=0.016..0.016 rows=1 loops=235)
                    Index Cond: (id = mc.movie_id)
                    Filter: (kind_id < 7)
Planning time: 0.680 ms
Execution time: 979.587 ms
