Hash Join  (cost=66239.96..817294.89 rows=26576 width=0) (actual time=334.460..6951.444 rows=138144 loops=1)
  Hash Cond: (ci.movie_id = t.id)
  ->  Seq Scan on cast_info ci  (cost=0.00..614943.12 rows=36225612 width=4) (actual time=0.014..2963.517 rows=36244344 loops=1)
  ->  Hash  (cost=66216.77..66216.77 rows=1855 width=8) (actual time=334.370..334.370 rows=4712 loops=1)
        Buckets: 8192 (originally 2048)  Batches: 1 (originally 1)  Memory Usage: 249kB
        ->  Nested Loop  (cost=0.43..66216.77 rows=1855 width=8) (actual time=0.290..333.073 rows=4712 loops=1)
              ->  Seq Scan on movie_companies mc  (cost=0.00..51404.11 rows=1855 width=4) (actual time=0.246..290.703 rows=4712 loops=1)
                    Filter: (company_id < 6)
                    Rows Removed by Filter: 2604417
              ->  Index Only Scan using title_pkey on title t  (cost=0.43..7.98 rows=1 width=4) (actual time=0.008..0.009 rows=1 loops=4712)
                    Index Cond: (id = mc.movie_id)
                    Heap Fetches: 4712
Planning time: 0.645 ms
Execution time: 6963.616 ms
