Hash Join  (cost=76379.89..861176.60 rows=1193818 width=0) (actual time=2142.773..6190.936 rows=1529752 loops=1)
  Hash Cond: (ci.movie_id = t.id)
  ->  Seq Scan on cast_info ci  (cost=0.00..705507.15 rows=5644103 width=4) (actual time=1673.068..4190.262 rows=5707086 loops=1)
        Filter: (person_id > 3077401)
        Rows Removed by Filter: 30537258
  ->  Hash  (cost=67604.59..67604.59 rows=534824 width=4) (actual time=468.885..468.885 rows=533369 loops=1)
        Buckets: 131072  Batches: 8  Memory Usage: 3369kB
        ->  Seq Scan on title t  (cost=0.00..67604.59 rows=534824 width=4) (actual time=0.026..387.790 rows=533369 loops=1)
              Filter: (production_year > 2009)
              Rows Removed by Filter: 1994943
Planning time: 0.455 ms
Execution time: 6280.787 ms
