Hash Join  (cost=98969.27..141087.97 rows=351243 width=0) (actual time=760.304..1221.687 rows=342850 loops=1)
  Hash Cond: (mi_idx.movie_id = t.id)
  ->  Seq Scan on movie_info_idx mi_idx  (cost=0.00..25185.44 rows=464566 width=4) (actual time=0.014..176.362 rows=459925 loops=1)
        Filter: (info_type_id = 101)
        Rows Removed by Filter: 920110
  ->  Hash  (cost=67604.59..67604.59 rows=1911735 width=4) (actual time=759.417..759.417 rows=1903258 loops=1)
        Buckets: 131072  Batches: 32  Memory Usage: 3122kB
        ->  Seq Scan on title t  (cost=0.00..67604.59 rows=1911735 width=4) (actual time=0.011..483.413 rows=1903258 loops=1)
              Filter: (production_year > 1982)
              Rows Removed by Filter: 625054
Planning time: 0.424 ms
Execution time: 1241.747 ms
