Hash Join  (cost=75297.62..1121401.66 rows=1197388 width=0) (actual time=430.929..11180.533 rows=1764098 loops=1)
  Hash Cond: (ci.movie_id = t.id)
  ->  Seq Scan on cast_info ci  (cost=0.00..614943.12 rows=36225612 width=4) (actual time=0.015..4571.494 rows=36244344 loops=1)
  ->  Hash  (cost=73925.90..73925.90 rows=83577 width=4) (actual time=429.750..429.750 rows=92182 loops=1)
        Buckets: 131072  Batches: 2  Memory Usage: 2649kB
        ->  Seq Scan on title t  (cost=0.00..73925.90 rows=83577 width=4) (actual time=0.021..413.572 rows=92182 loops=1)
              Filter: ((production_year < 2011) AND (kind_id = 3))
              Rows Removed by Filter: 2436130
Planning time: 0.452 ms
Execution time: 11299.658 ms
