Seq Scan on movie_keyword mk  (cost=0.00..81003.12 rows=1692402 width=0) (actual time=0.016..514.837 rows=1702796 loops=1)
  Filter: (keyword_id > 8450)
  Rows Removed by Filter: 2821134
Planning time: 0.186 ms
Execution time: 614.394 ms
