Hash Join  (cost=83074.16..137741.23 rows=155 width=0) (actual time=457.998..907.785 rows=1198 loops=1)
  Hash Cond: (mc.movie_id = t.id)
  ->  Seq Scan on movie_companies mc  (cost=0.00..44881.29 rows=2609129 width=4) (actual time=0.015..217.303 rows=2609129 loops=1)
  ->  Hash  (cost=83072.29..83072.29 rows=150 width=8) (actual time=457.653..457.653 rows=300 loops=1)
        Buckets: 1024  Batches: 1  Memory Usage: 20kB
        ->  Nested Loop  (cost=0.43..83072.29 rows=150 width=8) (actual time=84.732..457.547 rows=300 loops=1)
              ->  Seq Scan on movie_keyword mk  (cost=0.00..81003.12 rows=246 width=4) (actual time=0.031..429.519 rows=2714 loops=1)
                    Filter: (keyword_id = 1806)
                    Rows Removed by Filter: 4521216
              ->  Index Scan using title_pkey on title t  (cost=0.43..8.40 rows=1 width=4) (actual time=0.010..0.010 rows=0 loops=2714)
                    Index Cond: (id = mk.movie_id)
                    Filter: (kind_id = 7)
                    Rows Removed by Filter: 1
Planning time: 0.618 ms
Execution time: 907.975 ms
