Seq Scan on cast_info ci  (cost=0.00..796071.18 rows=626914 width=0) (actual time=2541.797..4825.817 rows=886298 loops=1)
  Filter: ((person_id > 1616659) AND (role_id = 9))
  Rows Removed by Filter: 35358046
Planning time: 0.236 ms
Execution time: 4875.229 ms
