Seq Scan on movie_keyword mk  (cost=0.00..81003.12 rows=3332102 width=0) (actual time=0.014..564.508 rows=3323065 loops=1)
  Filter: (keyword_id < 15313)
  Rows Removed by Filter: 1200865
Planning time: 0.217 ms
Execution time: 752.682 ms
