Hash Join  (cost=158250.08..553094.05 rows=171117 width=0) (actual time=1063.746..3562.849 rows=130243 loops=1)
  Hash Cond: (mi.movie_id = t.id)
  ->  Seq Scan on movie_info mi  (cost=0.00..346232.03 rows=3623957 width=4) (actual time=0.017..1949.365 rows=3624977 loops=1)
        Filter: (info_type_id < 4)
        Rows Removed by Filter: 11210743
  ->  Hash  (cost=156290.68..156290.68 rows=119392 width=8) (actual time=1063.166..1063.166 rows=44223 loops=1)
        Buckets: 131072  Batches: 2  Memory Usage: 1912kB
        ->  Hash Join  (cost=68438.72..156290.68 rows=119392 width=8) (actual time=349.724..1055.888 rows=44223 loops=1)
              Hash Cond: (mk.movie_id = t.id)
              ->  Seq Scan on movie_keyword mk  (cost=0.00..69693.30 rows=4523930 width=4) (actual time=0.021..326.452 rows=4523930 loops=1)
              ->  Hash  (cost=67604.59..67604.59 rows=66731 width=4) (actual time=349.307..349.307 rows=67342 loops=1)
                    Buckets: 131072  Batches: 1  Memory Usage: 3392kB
                    ->  Seq Scan on title t  (cost=0.00..67604.59 rows=66731 width=4) (actual time=0.013..335.755 rows=67342 loops=1)
                          Filter: (production_year > 2012)
                          Rows Removed by Filter: 2460970
Planning time: 0.635 ms
Execution time: 3571.661 ms
