Hash Join  (cost=90991.69..453980.66 rows=333068 width=0) (actual time=1551.398..2703.306 rows=86803 loops=1)
  Hash Cond: (mi.movie_id = t.id)
  ->  Seq Scan on movie_info mi  (cost=0.00..346232.03 rows=809669 width=4) (actual time=877.178..1762.242 rows=802140 loops=1)
        Filter: (info_type_id = 1)
        Rows Removed by Filter: 14033580
  ->  Hash  (cost=73925.90..73925.90 rows=1040143 width=4) (actual time=673.347..673.347 rows=1134228 loops=1)
        Buckets: 131072  Batches: 16  Memory Usage: 3531kB
        ->  Seq Scan on title t  (cost=0.00..73925.90 rows=1040143 width=4) (actual time=0.025..496.048 rows=1134228 loops=1)
              Filter: ((production_year > 1992) AND (kind_id = 7))
              Rows Removed by Filter: 1394084
Planning time: 0.468 ms
Execution time: 2708.716 ms
