Hash Join  (cost=123399.22..191088.41 rows=83989 width=0) (actual time=1104.355..1655.457 rows=476374 loops=1)
  Hash Cond: (mc.movie_id = t.id)
  ->  Seq Scan on movie_companies mc  (cost=0.00..51404.11 rows=1279517 width=4) (actual time=0.026..356.073 rows=1274246 loops=1)
        Filter: (company_type_id < 2)
        Rows Removed by Filter: 1334883
  ->  Hash  (cost=120675.52..120675.52 rows=165976 width=8) (actual time=977.955..977.955 rows=226467 loops=1)
        Buckets: 131072  Batches: 4  Memory Usage: 3233kB
        ->  Hash Join  (cost=81417.85..120675.52 rows=165976 width=8) (actual time=563.754..942.740 rows=226467 loops=1)
              Hash Cond: (mi_idx.movie_id = t.id)
              ->  Seq Scan on movie_info_idx mi_idx  (cost=0.00..25185.44 rows=919057 width=4) (actual time=0.019..203.229 rows=920110 loops=1)
                    Filter: (info_type_id > 99)
                    Rows Removed by Filter: 459925
              ->  Hash  (cost=73925.90..73925.90 rows=456636 width=4) (actual time=486.336..486.336 rows=330279 loops=1)
                    Buckets: 131072  Batches: 8  Memory Usage: 2482kB
                    ->  Seq Scan on title t  (cost=0.00..73925.90 rows=456636 width=4) (actual time=0.010..435.958 rows=330279 loops=1)
                          Filter: ((production_year > 1991) AND (kind_id = 1))
                          Rows Removed by Filter: 2198033
Planning time: 0.639 ms
Execution time: 1682.976 ms
