Hash Join  (cost=83074.74..833899.15 rows=3524 width=0) (actual time=448.968..6349.806 rows=2459 loops=1)
  Hash Cond: (ci.movie_id = t.id)
  ->  Seq Scan on cast_info ci  (cost=0.00..614943.12 rows=36225612 width=4) (actual time=0.011..2851.252 rows=36244344 loops=1)
  ->  Hash  (cost=83071.67..83071.67 rows=246 width=8) (actual time=445.565..445.565 rows=41 loops=1)
        Buckets: 1024  Batches: 1  Memory Usage: 10kB
        ->  Nested Loop  (cost=0.43..83071.67 rows=246 width=8) (actual time=9.452..445.539 rows=41 loops=1)
              ->  Seq Scan on movie_keyword mk  (cost=0.00..81003.12 rows=246 width=4) (actual time=9.397..444.536 rows=41 loops=1)
                    Filter: (keyword_id = 14035)
                    Rows Removed by Filter: 4523889
              ->  Index Only Scan using title_pkey on title t  (cost=0.43..8.40 rows=1 width=4) (actual time=0.022..0.022 rows=1 loops=41)
                    Index Cond: (id = mk.movie_id)
                    Heap Fetches: 41
Planning time: 0.590 ms
Execution time: 6350.511 ms
