Hash Join  (cost=923510.73..1510742.83 rows=9756913 width=0) (actual time=6662.597..14391.528 rows=31186048 loops=1)
  Hash Cond: (mi.movie_id = t.id)
  ->  Seq Scan on movie_info mi  (cost=0.00..346232.03 rows=9476311 width=4) (actual time=287.782..2363.191 rows=9565151 loops=1)
        Filter: (info_type_id < 16)
        Rows Removed by Filter: 5270569
  ->  Hash  (cost=880798.24..880798.24 rows=2603399 width=8) (actual time=6373.643..6373.643 rows=2644786 loops=1)
        Buckets: 131072  Batches: 64  Memory Usage: 2697kB
        ->  Hash Join  (cost=102767.86..880798.24 rows=2603399 width=8) (actual time=3449.734..5987.493 rows=2644786 loops=1)
              Hash Cond: (ci.movie_id = t.id)
              ->  Seq Scan on cast_info ci  (cost=0.00..705507.15 rows=2603399 width=4) (actual time=2706.949..4105.705 rows=2644786 loops=1)
                    Filter: (person_id > 3551492)
                    Rows Removed by Filter: 33599558
              ->  Hash  (cost=61283.27..61283.27 rows=2528527 width=4) (actual time=742.147..742.147 rows=2528312 loops=1)
                    Buckets: 131072  Batches: 64  Memory Usage: 2415kB
                    ->  Seq Scan on title t  (cost=0.00..61283.27 rows=2528527 width=4) (actual time=0.017..381.543 rows=2528312 loops=1)
Planning time: 0.685 ms
Execution time: 16074.048 ms
