Seq Scan on title t  (cost=0.00..73925.90 rows=104216 width=0) (actual time=0.012..3401.092 rows=108513 loops=1)
  Filter: ((kind_id > 1) AND (production_year = 2010))
  Rows Removed by Filter: 2419799
Planning time: 0.360 ms
Execution time: 3421.448 ms
