Seq Scan on cast_info ci  (cost=0.00..705507.15 rows=31917249 width=0) (actual time=0.011..4701.535 rows=32068920 loops=1)
  Filter: (person_id > 401674)
  Rows Removed by Filter: 4175424
Planning time: 0.215 ms
Execution time: 6497.610 ms
