Hash Join  (cost=181789.32..223586.83 rows=239203 width=0) (actual time=1429.322..1965.375 rows=644621 loops=1)
  Hash Cond: (mi_idx.movie_id = t.id)
  ->  Seq Scan on movie_info_idx mi_idx  (cost=0.00..21735.35 rows=1380035 width=4) (actual time=0.019..163.066 rows=1380035 loops=1)
  ->  Hash  (cost=174597.91..174597.91 rows=438273 width=8) (actual time=1428.741..1428.741 rows=439315 loops=1)
        Buckets: 131072  Batches: 8  Memory Usage: 3177kB
        ->  Hash Join  (cost=102767.86..174597.91 rows=438273 width=8) (actual time=717.045..1364.040 rows=439315 loops=1)
              Hash Cond: (mc.movie_id = t.id)
              ->  Seq Scan on movie_companies mc  (cost=0.00..51404.11 rows=438273 width=4) (actual time=0.022..297.762 rows=439315 loops=1)
                    Filter: (company_id < 329)
                    Rows Removed by Filter: 2169814
              ->  Hash  (cost=61283.27..61283.27 rows=2528527 width=4) (actual time=716.149..716.149 rows=2528312 loops=1)
                    Buckets: 131072  Batches: 64  Memory Usage: 2415kB
                    ->  Seq Scan on title t  (cost=0.00..61283.27 rows=2528527 width=4) (actual time=0.010..372.931 rows=2528312 loops=1)
Planning time: 0.639 ms
Execution time: 2001.447 ms
