Hash Join  (cost=134151.39..662335.76 rows=1950923 width=0) (actual time=1158.425..7807.982 rows=13043401 loops=1)
  Hash Cond: (mi.movie_id = t.id)
  ->  Seq Scan on movie_info mi  (cost=0.00..346232.03 rows=13929354 width=4) (actual time=0.017..2447.075 rows=14033580 loops=1)
        Filter: (info_type_id > 1)
        Rows Removed by Filter: 802140
  ->  Hash  (cost=128340.62..128340.62 rows=354142 width=8) (actual time=1157.826..1157.826 rows=629897 loops=1)
        Buckets: 131072 (originally 131072)  Batches: 16 (originally 8)  Memory Usage: 3073kB
        ->  Hash Join  (cost=84571.72..128340.62 rows=354142 width=8) (actual time=601.275..1066.126 rows=629897 loops=1)
              Hash Cond: (mi_idx.movie_id = t.id)
              ->  Seq Scan on movie_info_idx mi_idx  (cost=0.00..21735.35 rows=1380035 width=4) (actual time=0.014..155.699 rows=1380035 loops=1)
              ->  Hash  (cost=73925.90..73925.90 rows=648865 width=4) (actual time=526.613..526.613 rows=656311 loops=1)
                    Buckets: 131072  Batches: 16  Memory Usage: 2462kB
                    ->  Seq Scan on title t  (cost=0.00..73925.90 rows=648865 width=4) (actual time=0.078..437.579 rows=656311 loops=1)
                          Filter: ((production_year > 0) AND (kind_id = 1))
                          Rows Removed by Filter: 1872001
Planning time: 0.770 ms
Execution time: 8496.302 ms
