Hash Join  (cost=96356.06..185270.11 rows=847383 width=0) (actual time=716.283..1611.020 rows=773989 loops=1)
  Hash Cond: (mc.movie_id = t.id)
  ->  Seq Scan on movie_companies mc  (cost=0.00..57926.93 rows=1222657 width=4) (actual time=0.029..421.024 rows=1289292 loops=1)
        Filter: ((company_id > 68) AND (company_type_id = 2))
        Rows Removed by Filter: 1319837
  ->  Hash  (cost=67604.59..67604.59 rows=1752438 width=4) (actual time=715.353..715.353 rows=1749032 loops=1)
        Buckets: 131072  Batches: 32  Memory Usage: 2950kB
        ->  Seq Scan on title t  (cost=0.00..67604.59 rows=1752438 width=4) (actual time=0.009..462.891 rows=1749032 loops=1)
              Filter: (production_year > 1990)
              Rows Removed by Filter: 779280
Planning time: 0.491 ms
Execution time: 1652.575 ms
