Seq Scan on cast_info ci  (cost=0.00..796071.18 rows=1749911 width=0) (actual time=210.181..3836.607 rows=3515910 loops=1)
  Filter: ((person_id < 472019) AND (role_id = 1))
  Rows Removed by Filter: 32728434
Planning time: 0.224 ms
Execution time: 4022.414 ms
