Hash Join  (cost=102767.86..213081.83 rows=2037653 width=0) (actual time=676.061..1861.483 rows=2037356 loops=1)
  Hash Cond: (mc.movie_id = t.id)
  ->  Seq Scan on movie_companies mc  (cost=0.00..51404.11 rows=2037653 width=4) (actual time=0.013..366.313 rows=2037356 loops=1)
        Filter: (company_id > 598)
        Rows Removed by Filter: 571773
  ->  Hash  (cost=61283.27..61283.27 rows=2528527 width=4) (actual time=674.866..674.866 rows=2528312 loops=1)
        Buckets: 131072  Batches: 64  Memory Usage: 2415kB
        ->  Seq Scan on title t  (cost=0.00..61283.27 rows=2528527 width=4) (actual time=0.018..339.477 rows=2528312 loops=1)
Planning time: 0.372 ms
Execution time: 1970.869 ms
