Seq Scan on movie_keyword mk  (cost=0.00..81003.12 rows=246 width=0) (actual time=0.229..421.833 rows=1963 loops=1)
  Filter: (keyword_id = 1574)
  Rows Removed by Filter: 4521967
Planning time: 0.224 ms
Execution time: 422.153 ms
