Seq Scan on movie_keyword mk  (cost=0.00..81003.12 rows=3421161 width=0) (actual time=0.019..529.571 rows=3411549 loops=1)
  Filter: (keyword_id > 1141)
  Rows Removed by Filter: 1112381
Planning time: 0.181 ms
Execution time: 705.856 ms
