Seq Scan on movie_companies mc  (cost=0.00..57926.93 rows=1138247 width=40) (actual time=0.026..1382.877 rows=1248279 loops=1)
  Filter: ((company_id > 219) AND (company_type_id = 2))
  Rows Removed by Filter: 1360850
Planning time: 0.436 ms
Execution time: 1466.967 ms
