Hash Join  (cost=156160.33..642406.97 rows=603572 width=0) (actual time=1095.260..5437.964 rows=3550611 loops=1)
  Hash Cond: (mi.movie_id = t.id)
  ->  Seq Scan on movie_info mi  (cost=0.00..309384.22 rows=14739122 width=4) (actual time=0.010..1821.412 rows=14835720 loops=1)
  ->  Hash  (cost=154461.03..154461.03 rows=103544 width=8) (actual time=1094.720..1094.720 rows=108373 loops=1)
        Buckets: 131072  Batches: 2  Memory Usage: 3146kB
        ->  Hash Join  (cost=75859.28..154461.03 rows=103544 width=8) (actual time=368.294..1076.718 rows=108373 loops=1)
              Hash Cond: (mc.movie_id = t.id)
              ->  Seq Scan on movie_companies mc  (cost=0.00..51404.11 rows=2222718 width=4) (actual time=0.011..375.441 rows=2217652 loops=1)
                    Filter: (company_id < 83149)
                    Rows Removed by Filter: 391477
              ->  Hash  (cost=73925.90..73925.90 rows=117790 width=4) (actual time=367.735..367.735 rows=112195 loops=1)
                    Buckets: 131072  Batches: 2  Memory Usage: 2994kB
                    ->  Seq Scan on title t  (cost=0.00..73925.90 rows=117790 width=4) (actual time=0.057..348.300 rows=112195 loops=1)
                          Filter: ((kind_id < 3) AND (production_year > 2010))
                          Rows Removed by Filter: 2416117
Planning time: 0.606 ms
Execution time: 5622.547 ms
