Hash Join  (cost=97193.44..1339719.22 rows=20318261 width=0) (actual time=678.445..15365.950 rows=22520943 loops=1)
  Hash Cond: (ci.movie_id = t.id)
  ->  Seq Scan on cast_info ci  (cost=0.00..614943.12 rows=36225612 width=4) (actual time=0.015..4383.312 rows=36244344 loops=1)
  ->  Hash  (cost=73925.90..73925.90 rows=1418203 width=4) (actual time=677.685..677.685 rows=1540108 loops=1)
        Buckets: 131072  Batches: 32  Memory Usage: 2727kB
        ->  Seq Scan on title t  (cost=0.00..73925.90 rows=1418203 width=4) (actual time=0.034..470.535 rows=1540108 loops=1)
              Filter: ((kind_id > 1) AND (production_year > 1981))
              Rows Removed by Filter: 988204
Planning time: 0.410 ms
Execution time: 16526.016 ms
