Hash Join  (cost=207867.50..349957.60 rows=1648806 width=0) (actual time=1830.543..4159.420 rows=7331933 loops=1)
  Hash Cond: (mk.movie_id = t.id)
  ->  Seq Scan on movie_keyword mk  (cost=0.00..69693.30 rows=4523930 width=4) (actual time=0.020..513.968 rows=4523930 loops=1)
  ->  Hash  (cost=192748.06..192748.06 rows=921555 width=8) (actual time=1829.631..1829.631 rows=1104169 loops=1)
        Buckets: 131072  Batches: 16  Memory Usage: 3733kB
        ->  Hash Join  (cost=102767.86..192748.06 rows=921555 width=8) (actual time=792.287..1667.753 rows=1104169 loops=1)
              Hash Cond: (mc.movie_id = t.id)
              ->  Seq Scan on movie_companies mc  (cost=0.00..57926.93 rows=921555 width=4) (actual time=100.993..407.048 rows=1104169 loops=1)
                    Filter: ((company_id > 1709) AND (company_type_id > 1))
                    Rows Removed by Filter: 1504960
              ->  Hash  (cost=61283.27..61283.27 rows=2528527 width=4) (actual time=690.475..690.475 rows=2528312 loops=1)
                    Buckets: 131072  Batches: 64  Memory Usage: 2415kB
                    ->  Seq Scan on title t  (cost=0.00..61283.27 rows=2528527 width=4) (actual time=0.015..349.734 rows=2528312 loops=1)
Planning time: 0.597 ms
Execution time: 4563.811 ms
