Hash Join  (cost=890091.75..3276568.89 rows=104979848 width=0) (actual time=7696.681..28934.378 rows=92581582 loops=1)
  Hash Cond: (ci.movie_id = t.id)
  ->  Seq Scan on cast_info ci  (cost=0.00..705507.15 rows=24469443 width=4) (actual time=0.032..5296.992 rows=24422782 loops=1)
        Filter: (person_id < 2508147)
        Rows Removed by Filter: 11821562
  ->  Hash  (cost=712116.82..712116.82 rows=10847995 width=8) (actual time=7694.719..7694.719 rows=6534671 loops=1)
        Buckets: 131072  Batches: 256  Memory Usage: 1993kB
        ->  Hash Join  (cost=98137.04..712116.82 rows=10847995 width=8) (actual time=719.398..6777.483 rows=6534671 loops=1)
              Hash Cond: (mi.movie_id = t.id)
              ->  Seq Scan on movie_info mi  (cost=0.00..309384.22 rows=14739122 width=4) (actual time=0.016..1892.098 rows=14835720 loops=1)
              ->  Hash  (cost=67604.59..67604.59 rows=1860996 width=4) (actual time=718.493..718.493 rows=1865487 loops=1)
                    Buckets: 131072  Batches: 32  Memory Usage: 3085kB
                    ->  Seq Scan on title t  (cost=0.00..67604.59 rows=1860996 width=4) (actual time=0.011..441.024 rows=1865487 loops=1)
                          Filter: (kind_id > 1)
                          Rows Removed by Filter: 662825
Planning time: 0.615 ms
Execution time: 33698.847 ms
