Hash Join  (cost=83074.74..111692.70 rows=89 width=0) (actual time=435.503..656.837 rows=26 loops=1)
  Hash Cond: (mi_idx.movie_id = t.id)
  ->  Seq Scan on movie_info_idx mi_idx  (cost=0.00..25185.44 rows=915101 width=4) (actual time=0.019..171.217 rows=919850 loops=1)
        Filter: (info_type_id < 101)
        Rows Removed by Filter: 460185
  ->  Hash  (cost=83071.67..83071.67 rows=246 width=8) (actual time=429.331..429.331 rows=14 loops=1)
        Buckets: 1024  Batches: 1  Memory Usage: 9kB
        ->  Nested Loop  (cost=0.43..83071.67 rows=246 width=8) (actual time=1.324..429.309 rows=14 loops=1)
              ->  Seq Scan on movie_keyword mk  (cost=0.00..81003.12 rows=246 width=4) (actual time=1.286..428.874 rows=14 loops=1)
                    Filter: (keyword_id = 49387)
                    Rows Removed by Filter: 4523916
              ->  Index Only Scan using title_pkey on title t  (cost=0.43..8.40 rows=1 width=4) (actual time=0.027..0.028 rows=1 loops=14)
                    Index Cond: (id = mk.movie_id)
                    Heap Fetches: 14
Planning time: 0.587 ms
Execution time: 656.903 ms
