Hash Join  (cost=174605.00..670632.37 rows=1520244 width=0) (actual time=7444.942..41322.232 rows=4622793 loops=1)
  Hash Cond: (mi.movie_id = t.id)
  ->  Seq Scan on movie_info mi  (cost=0.00..309384.22 rows=14739122 width=4) (actual time=0.019..21890.527 rows=14835720 loops=1)
  ->  Hash  (cost=170325.99..170325.99 rows=260801 width=8) (actual time=7444.241..7444.241 rows=257045 loops=1)
        Buckets: 131072  Batches: 4  Memory Usage: 3549kB
        ->  Hash Join  (cost=102767.86..170325.99 rows=260801 width=8) (actual time=4606.895..7365.210 rows=257045 loops=1)
              Hash Cond: (mc.movie_id = t.id)
              ->  Seq Scan on movie_companies mc  (cost=0.00..51404.11 rows=260801 width=4) (actual time=0.101..2131.115 rows=257045 loops=1)
                    Filter: (company_id < 127)
                    Rows Removed by Filter: 2352084
              ->  Hash  (cost=61283.27..61283.27 rows=2528527 width=4) (actual time=4600.993..4600.993 rows=2528312 loops=1)
                    Buckets: 131072  Batches: 64  Memory Usage: 2415kB
                    ->  Seq Scan on title t  (cost=0.00..61283.27 rows=2528527 width=4) (actual time=1.028..3245.764 rows=2528312 loops=1)
Planning time: 1.579 ms
Execution time: 42047.673 ms
