Hash Join  (cost=102767.86..941838.14 rows=1376437 width=0) (actual time=3946.424..6200.560 rows=3375523 loops=1)
  Hash Cond: (ci.movie_id = t.id)
  ->  Seq Scan on cast_info ci  (cost=0.00..796071.18 rows=1376437 width=4) (actual time=3290.429..4263.286 rows=3375523 loops=1)
        Filter: ((person_id > 2539864) AND (role_id = 10))
        Rows Removed by Filter: 32868821
  ->  Hash  (cost=61283.27..61283.27 rows=2528527 width=4) (actual time=654.635..654.635 rows=2528312 loops=1)
        Buckets: 131072  Batches: 64  Memory Usage: 2415kB
        ->  Seq Scan on title t  (cost=0.00..61283.27 rows=2528527 width=4) (actual time=0.025..326.841 rows=2528312 loops=1)
Planning time: 0.453 ms
Execution time: 6378.271 ms
