Hash Join  (cost=102767.86..993179.09 rows=3510034 width=0) (actual time=947.535..5028.749 rows=1476762 loops=1)
  Hash Cond: (ci.movie_id = t.id)
  ->  Seq Scan on cast_info ci  (cost=0.00..796071.18 rows=3510034 width=4) (actual time=293.183..3737.263 rows=1476762 loops=1)
        Filter: ((person_id < 514988) AND (role_id > 1))
        Rows Removed by Filter: 34767582
  ->  Hash  (cost=61283.27..61283.27 rows=2528527 width=4) (actual time=644.144..644.144 rows=2528312 loops=1)
        Buckets: 131072  Batches: 64  Memory Usage: 2415kB
        ->  Seq Scan on title t  (cost=0.00..61283.27 rows=2528527 width=4) (actual time=0.012..332.879 rows=2528312 loops=1)
Planning time: 0.412 ms
Execution time: 5104.699 ms
