Seq Scan on title t  (cost=0.00..73925.90 rows=580797 width=0) (actual time=0.017..404.304 rows=460703 loops=1)
  Filter: ((production_year > 1961) AND (kind_id = 1))
  Rows Removed by Filter: 2067609
Planning time: 0.213 ms
Execution time: 429.147 ms
