Hash Join  (cost=82412.27..594389.16 rows=3014997 width=0) (actual time=447.798..5086.751 rows=1548281 loops=1)
  Hash Cond: (mi.movie_id = t.id)
  ->  Seq Scan on movie_info mi  (cost=0.00..309384.22 rows=14739122 width=4) (actual time=0.019..1816.981 rows=14835720 loops=1)
  ->  Hash  (cost=73925.90..73925.90 rows=517229 width=4) (actual time=439.877..439.877 rows=403947 loops=1)
        Buckets: 131072  Batches: 8  Memory Usage: 2790kB
        ->  Seq Scan on title t  (cost=0.00..73925.90 rows=517229 width=4) (actual time=126.521..381.599 rows=403947 loops=1)
              Filter: ((production_year < 1996) AND (kind_id = 7))
              Rows Removed by Filter: 2124365
Planning time: 0.488 ms
Execution time: 5166.957 ms
