Hash Join  (cost=208890.95..1382042.23 rows=13564911 width=0) (actual time=1504.142..14253.893 rows=14812516 loops=1)
  Hash Cond: (ci.movie_id = t.id)
  ->  Seq Scan on cast_info ci  (cost=0.00..614943.12 rows=36225612 width=4) (actual time=0.016..4169.445 rows=36244344 loops=1)
  ->  Hash  (cost=193356.67..193356.67 rows=946823 width=8) (actual time=1503.680..1503.680 rows=633220 loops=1)
        Buckets: 131072  Batches: 16  Memory Usage: 2561kB
        ->  Hash Join  (cost=102767.86..193356.67 rows=946823 width=8) (actual time=768.226..1417.117 rows=633220 loops=1)
              Hash Cond: (mc.movie_id = t.id)
              ->  Seq Scan on movie_companies mc  (cost=0.00..57926.93 rows=946823 width=4) (actual time=108.232..368.082 rows=633220 loops=1)
                    Filter: ((company_id < 36078) AND (company_type_id > 1))
                    Rows Removed by Filter: 1975909
              ->  Hash  (cost=61283.27..61283.27 rows=2528527 width=4) (actual time=659.163..659.163 rows=2528312 loops=1)
                    Buckets: 131072  Batches: 64  Memory Usage: 2415kB
                    ->  Seq Scan on title t  (cost=0.00..61283.27 rows=2528527 width=4) (actual time=0.021..340.643 rows=2528312 loops=1)
Planning time: 0.637 ms
Execution time: 15005.038 ms
