Hash Join  (cost=170448.22..678699.41 rows=2665826 width=0) (actual time=1369.321..7696.351 rows=15548467 loops=1)
  Hash Cond: (mi.movie_id = t.id)
  ->  Seq Scan on movie_info mi  (cost=0.00..309384.22 rows=14739122 width=4) (actual time=0.023..1717.095 rows=14835720 loops=1)
  ->  Hash  (cost=162944.62..162944.62 rows=457328 width=8) (actual time=1368.742..1368.742 rows=857183 loops=1)
        Buckets: 131072 (originally 131072)  Batches: 16 (originally 8)  Memory Usage: 3143kB
        ->  Hash Join  (cost=88195.18..162944.62 rows=457328 width=8) (actual time=590.504..1252.301 rows=857183 loops=1)
              Hash Cond: (mc.movie_id = t.id)
              ->  Seq Scan on movie_companies mc  (cost=0.00..51404.11 rows=1329612 width=4) (actual time=74.969..316.089 rows=1334883 loops=1)
                    Filter: (company_type_id = 2)
                    Rows Removed by Filter: 1274246
              ->  Hash  (cost=73925.90..73925.90 rows=869702 width=4) (actual time=514.942..514.942 rows=896788 loops=1)
                    Buckets: 131072  Batches: 16  Memory Usage: 2998kB
                    ->  Seq Scan on title t  (cost=0.00..73925.90 rows=869702 width=4) (actual time=0.019..395.272 rows=896788 loops=1)
                          Filter: ((kind_id < 7) AND (production_year < 2012))
                          Rows Removed by Filter: 1631524
Planning time: 0.584 ms
Execution time: 8503.195 ms
