Hash Join  (cost=175201.80..550277.88 rows=239124 width=0) (actual time=1361.552..3569.257 rows=1324326 loops=1)
  Hash Cond: (mi.movie_id = t.id)
  ->  Seq Scan on movie_info mi  (cost=0.00..346232.03 rows=2194617 width=4) (actual time=0.022..1666.091 rows=2233850 loops=1)
        Filter: (info_type_id > 16)
        Rows Removed by Filter: 12601870
  ->  Hash  (cost=170680.96..170680.96 rows=275507 width=8) (actual time=1360.890..1360.890 rows=271432 loops=1)
        Buckets: 131072  Batches: 4  Memory Usage: 3684kB
        ->  Hash Join  (cost=102767.86..170680.96 rows=275507 width=8) (actual time=761.759..1320.449 rows=271432 loops=1)
              Hash Cond: (mc.movie_id = t.id)
              ->  Seq Scan on movie_companies mc  (cost=0.00..51404.11 rows=275507 width=4) (actual time=0.018..283.507 rows=271432 loops=1)
                    Filter: (company_id < 145)
                    Rows Removed by Filter: 2337697
              ->  Hash  (cost=61283.27..61283.27 rows=2528527 width=4) (actual time=760.342..760.342 rows=2528312 loops=1)
                    Buckets: 131072  Batches: 64  Memory Usage: 2415kB
                    ->  Seq Scan on title t  (cost=0.00..61283.27 rows=2528527 width=4) (actual time=0.011..383.340 rows=2528312 loops=1)
Planning time: 0.679 ms
Execution time: 3636.578 ms
