Seq Scan on cast_info ci  (cost=0.00..796071.18 rows=6979194 width=0) (actual time=1369.796..3913.403 rows=4794206 loops=1)
  Filter: ((person_id > 2881352) AND (role_id < 10))
  Rows Removed by Filter: 31450138
Planning time: 0.220 ms
Execution time: 4178.650 ms
