Hash Join  (cost=227872.70..665319.60 rows=1972230 width=0) (actual time=12301.991..38092.364 rows=7758674 loops=1)
  Hash Cond: (mi.movie_id = t.id)
  ->  Seq Scan on movie_info mi  (cost=0.00..346232.03 rows=5897221 width=4) (actual time=994.606..19796.886 rows=5884963 loops=1)
        Filter: (info_type_id < 7)
        Rows Removed by Filter: 8950757
  ->  Hash  (cost=213998.39..213998.39 rows=845625 width=8) (actual time=11305.294..11305.294 rows=848914 loops=1)
        Buckets: 131072  Batches: 16  Memory Usage: 3184kB
        ->  Hash Join  (cost=102767.86..213998.39 rows=845625 width=8) (actual time=5561.367..11045.180 rows=848914 loops=1)
              Hash Cond: (mk.movie_id = t.id)
              ->  Seq Scan on movie_keyword mk  (cost=0.00..81003.12 rows=845625 width=4) (actual time=0.032..4248.434 rows=848914 loops=1)
                    Filter: (keyword_id < 811)
                    Rows Removed by Filter: 3675016
              ->  Hash  (cost=61283.27..61283.27 rows=2528527 width=4) (actual time=5559.078..5559.078 rows=2528312 loops=1)
                    Buckets: 131072  Batches: 64  Memory Usage: 2425kB
                    ->  Seq Scan on title t  (cost=0.00..61283.27 rows=2528527 width=4) (actual time=0.020..4485.198 rows=2528312 loops=1)
Planning time: 1.524 ms
Execution time: 39171.265 ms
