Hash Join  (cost=77224.26..921852.65 rows=307279 width=0) (actual time=2640.248..6463.899 rows=49997 loops=1)
  Hash Cond: (ci.movie_id = t.id)
  ->  Seq Scan on cast_info ci  (cost=0.00..796071.18 rows=3865714 width=4) (actual time=2256.311..5411.621 rows=3926791 loops=1)
        Filter: ((person_id > 112321) AND (role_id = 3))
        Rows Removed by Filter: 32317553
  ->  Hash  (cost=73925.90..73925.90 rows=200988 width=4) (actual time=383.171..383.171 rows=74956 loops=1)
        Buckets: 131072  Batches: 4  Memory Usage: 1682kB
        ->  Seq Scan on title t  (cost=0.00..73925.90 rows=200988 width=4) (actual time=0.072..370.672 rows=74956 loops=1)
              Filter: ((kind_id > 1) AND (production_year < 1963))
              Rows Removed by Filter: 2453356
Planning time: 0.466 ms
Execution time: 6466.885 ms
