Seq Scan on movie_keyword mk  (cost=0.00..81003.12 rows=21908 width=0) (actual time=0.142..417.176 rows=18493 loops=1)
  Filter: (keyword_id > 118428)
  Rows Removed by Filter: 4505437
Planning time: 0.174 ms
Execution time: 418.720 ms
