Hash Join  (cost=173606.82..691763.84 rows=3594209 width=0) (actual time=10737.265..55949.575 rows=35974463 loops=1)
  Hash Cond: (mi.movie_id = t.id)
  ->  Seq Scan on movie_info mi  (cost=0.00..309384.22 rows=14739122 width=4) (actual time=0.014..22802.090 rows=14835720 loops=1)
  ->  Hash  (cost=163490.40..163490.40 rows=616594 width=8) (actual time=10735.910..10735.910 rows=1329297 loops=1)
        Buckets: 131072 (originally 131072)  Batches: 32 (originally 16)  Memory Usage: 3073kB
        ->  Hash Join  (cost=83810.17..163490.40 rows=616594 width=8) (actual time=4919.193..10261.277 rows=1329297 loops=1)
              Hash Cond: (mc.movie_id = t.id)
              ->  Seq Scan on movie_companies mc  (cost=0.00..51404.11 rows=1578446 width=4) (actual time=0.017..3626.563 rows=1579806 loops=1)
                    Filter: (company_id > 5661)
                    Rows Removed by Filter: 1029323
              ->  Hash  (cost=67604.59..67604.59 rows=987727 width=4) (actual time=4918.350..4918.350 rows=985048 loops=1)
                    Buckets: 131072  Batches: 16  Memory Usage: 3188kB
                    ->  Seq Scan on title t  (cost=0.00..67604.59 rows=987727 width=4) (actual time=0.013..4485.612 rows=985048 loops=1)
                          Filter: (kind_id < 7)
                          Rows Removed by Filter: 1543264
Planning time: 1.213 ms
Execution time: 61075.522 ms
