Hash Join  (cost=83783.19..218881.89 rows=1074966 width=0) (actual time=429.591..1886.440 rows=2286276 loops=1)
  Hash Cond: (mk.movie_id = t.id)
  ->  Seq Scan on movie_keyword mk  (cost=0.00..69693.30 rows=4523930 width=4) (actual time=0.014..462.901 rows=4523930 loops=1)
  ->  Hash  (cost=73925.90..73925.90 rows=600823 width=4) (actual time=428.866..428.866 rows=484625 loops=1)
        Buckets: 131072  Batches: 8  Memory Usage: 3176kB
        ->  Seq Scan on title t  (cost=0.00..73925.90 rows=600823 width=4) (actual time=0.011..360.251 rows=484625 loops=1)
              Filter: ((kind_id < 2) AND (production_year > 1953))
              Rows Removed by Filter: 2043687
Planning time: 0.394 ms
Execution time: 2004.242 ms
