Nested Loop  (cost=68861.79..159992.25 rows=1351 width=0) (actual time=470.849..922.879 rows=3649 loops=1)
  ->  Hash Join  (cost=68861.36..154824.58 rows=7103 width=8) (actual time=470.794..906.157 rows=3649 loops=1)
        Hash Cond: (mk.movie_id = mc.movie_id)
        ->  Seq Scan on movie_keyword mk  (cost=0.00..81003.12 rows=5127 width=4) (actual time=0.058..388.020 rows=4540 loops=1)
              Filter: (keyword_id = 2762)
              Rows Removed by Filter: 4519390
        ->  Hash  (cost=57926.93..57926.93 rows=666434 width=4) (actual time=464.663..464.663 rows=906603 loops=1)
              Buckets: 131072  Batches: 16  Memory Usage: 3044kB
              ->  Seq Scan on movie_companies mc  (cost=0.00..57926.93 rows=666434 width=4) (actual time=0.018..346.064 rows=906603 loops=1)
                    Filter: ((company_id < 11525) AND (company_type_id = 1))
                    Rows Removed by Filter: 1702526
  ->  Index Only Scan using title_pkey on title t  (cost=0.43..0.72 rows=1 width=4) (actual time=0.004..0.004 rows=1 loops=3649)
        Index Cond: (id = mc.movie_id)
        Heap Fetches: 3649
Planning time: 0.654 ms
Execution time: 923.288 ms
