Seq Scan on movie_keyword mk  (cost=0.00..81003.12 rows=1178609 width=0) (actual time=0.021..429.797 rows=1188597 loops=1)
  Filter: (keyword_id > 15572)
  Rows Removed by Filter: 3335333
Planning time: 0.170 ms
Execution time: 490.190 ms
