Hash Join  (cost=292066.94..941557.16 rows=14176039 width=0) (actual time=2393.794..19836.786 rows=134282823 loops=1)
  Hash Cond: (mi.movie_id = t.id)
  ->  Seq Scan on movie_info mi  (cost=0.00..309384.22 rows=14739122 width=4) (actual time=0.022..1789.584 rows=14835720 loops=1)
  ->  Hash  (cost=252167.83..252167.83 rows=2431929 width=8) (actual time=2393.160..2393.160 rows=2425092 loops=1)
        Buckets: 131072 (originally 131072)  Batches: 64 (originally 32)  Memory Usage: 4047kB
        ->  Hash Join  (cost=102767.86..252167.83 rows=2431929 width=8) (actual time=653.604..2091.254 rows=2425092 loops=1)
              Hash Cond: (mk.movie_id = t.id)
              ->  Seq Scan on movie_keyword mk  (cost=0.00..81003.12 rows=2431929 width=4) (actual time=0.014..540.877 rows=2425092 loops=1)
                    Filter: (keyword_id > 3778)
                    Rows Removed by Filter: 2098838
              ->  Hash  (cost=61283.27..61283.27 rows=2528527 width=4) (actual time=652.640..652.640 rows=2528312 loops=1)
                    Buckets: 131072  Batches: 64  Memory Usage: 2425kB
                    ->  Seq Scan on title t  (cost=0.00..61283.27 rows=2528527 width=4) (actual time=0.009..322.129 rows=2528312 loops=1)
Planning time: 0.587 ms
Execution time: 26283.804 ms
