Seq Scan on movie_keyword mk  (cost=0.00..81003.12 rows=3459290 width=0) (actual time=0.013..491.430 rows=3451782 loops=1)
  Filter: (keyword_id > 1074)
  Rows Removed by Filter: 1072148
Planning time: 0.161 ms
Execution time: 660.100 ms
