Seq Scan on title t  (cost=0.00..73925.90 rows=97376 width=0) (actual time=23.206..371.772 rows=331 loops=1)
  Filter: ((kind_id > 2) AND (production_year < 1940))
  Rows Removed by Filter: 2527981
Planning time: 0.173 ms
Execution time: 371.924 ms
