Seq Scan on cast_info ci  (cost=0.00..796071.18 rows=7433190 width=0) (actual time=89.066..3954.002 rows=3171363 loops=1)
  Filter: ((person_id < 1116802) AND (role_id > 1))
  Rows Removed by Filter: 33072981
Planning time: 0.181 ms
Execution time: 4115.595 ms
