Hash Join  (cost=83074.74..139278.29 rows=124 width=0) (actual time=397.856..754.938 rows=3220 loops=1)
  Hash Cond: (mc.movie_id = t.id)
  ->  Seq Scan on movie_companies mc  (cost=0.00..51404.11 rows=1279517 width=4) (actual time=0.017..281.320 rows=1274246 loops=1)
        Filter: (company_type_id = 1)
        Rows Removed by Filter: 1334883
  ->  Hash  (cost=83071.67..83071.67 rows=246 width=8) (actual time=397.724..397.724 rows=560 loops=1)
        Buckets: 1024  Batches: 1  Memory Usage: 30kB
        ->  Nested Loop  (cost=0.43..83071.67 rows=246 width=8) (actual time=0.847..397.519 rows=560 loops=1)
              ->  Seq Scan on movie_keyword mk  (cost=0.00..81003.12 rows=246 width=4) (actual time=0.815..389.397 rows=560 loops=1)
                    Filter: (keyword_id = 11414)
                    Rows Removed by Filter: 4523370
              ->  Index Only Scan using title_pkey on title t  (cost=0.43..8.40 rows=1 width=4) (actual time=0.014..0.014 rows=1 loops=560)
                    Index Cond: (id = mk.movie_id)
                    Heap Fetches: 560
Planning time: 0.556 ms
Execution time: 755.212 ms
