Hash Join  (cost=102767.86..1133384.17 rows=13100502 width=0) (actual time=692.008..9171.250 rows=13224143 loops=1)
  Hash Cond: (ci.movie_id = t.id)
  ->  Seq Scan on cast_info ci  (cost=0.00..705507.15 rows=13100502 width=4) (actual time=0.015..4135.425 rows=13224143 loops=1)
        Filter: (person_id > 2351768)
        Rows Removed by Filter: 23020201
  ->  Hash  (cost=61283.27..61283.27 rows=2528527 width=4) (actual time=690.966..690.966 rows=2528312 loops=1)
        Buckets: 131072  Batches: 64  Memory Usage: 2415kB
        ->  Seq Scan on title t  (cost=0.00..61283.27 rows=2528527 width=4) (actual time=0.019..346.197 rows=2528312 loops=1)
Planning time: 0.514 ms
Execution time: 9837.829 ms
