Hash Join  (cost=102767.86..194331.73 rows=1258447 width=0) (actual time=656.053..1513.159 rows=1249354 loops=1)
  Hash Cond: (mc.movie_id = t.id)
  ->  Seq Scan on movie_companies mc  (cost=0.00..51404.11 rows=1258447 width=4) (actual time=0.021..316.639 rows=1249354 loops=1)
        Filter: (company_id < 11151)
        Rows Removed by Filter: 1359775
  ->  Hash  (cost=61283.27..61283.27 rows=2528527 width=4) (actual time=655.372..655.372 rows=2528312 loops=1)
        Buckets: 131072  Batches: 64  Memory Usage: 2415kB
        ->  Seq Scan on title t  (cost=0.00..61283.27 rows=2528527 width=4) (actual time=0.012..331.303 rows=2528312 loops=1)
Planning time: 0.380 ms
Execution time: 1574.643 ms
