Hash Join  (cost=102767.86..250910.43 rows=2379658 width=0) (actual time=634.147..2005.648 rows=2382250 loops=1)
  Hash Cond: (mk.movie_id = t.id)
  ->  Seq Scan on movie_keyword mk  (cost=0.00..81003.12 rows=2379658 width=4) (actual time=0.011..531.575 rows=2382250 loops=1)
        Filter: (keyword_id < 5461)
        Rows Removed by Filter: 2141680
  ->  Hash  (cost=61283.27..61283.27 rows=2528527 width=4) (actual time=633.182..633.182 rows=2528312 loops=1)
        Buckets: 131072  Batches: 64  Memory Usage: 2425kB
        ->  Seq Scan on title t  (cost=0.00..61283.27 rows=2528527 width=4) (actual time=0.018..312.712 rows=2528312 loops=1)
Planning time: 0.350 ms
Execution time: 2123.771 ms
