Hash Join  (cost=77037.46..108555.46 rows=34060 width=0) (actual time=378.486..636.033 rows=76845 loops=1)
  Hash Cond: (mi_idx.movie_id = t.id)
  ->  Seq Scan on movie_info_idx mi_idx  (cost=0.00..25185.44 rows=454124 width=4) (actual time=0.016..151.393 rows=459925 loops=1)
        Filter: (info_type_id = 100)
        Rows Removed by Filter: 920110
  ->  Hash  (cost=73925.90..73925.90 rows=189644 width=4) (actual time=378.053..378.053 rows=294316 loops=1)
        Buckets: 131072  Batches: 4  Memory Usage: 3615kB
        ->  Seq Scan on title t  (cost=0.00..73925.90 rows=189644 width=4) (actual time=0.018..338.102 rows=294316 loops=1)
              Filter: ((kind_id < 7) AND (production_year < 1978))
              Rows Removed by Filter: 2233996
Planning time: 0.392 ms
Execution time: 640.443 ms
