Hash Join  (cost=709674.80..796335.20 rows=236 width=0) (actual time=3594.585..3768.951 rows=9 loops=1)
  Hash Cond: (mk.movie_id = t.id)
  ->  Seq Scan on movie_keyword mk  (cost=0.00..69693.30 rows=4523930 width=4) (actual time=0.011..292.066 rows=4523930 loops=1)
  ->  Hash  (cost=709673.15..709673.15 rows=132 width=8) (actual time=3191.354..3191.354 rows=3 loops=1)
        Buckets: 1024  Batches: 1  Memory Usage: 9kB
        ->  Nested Loop  (cost=0.43..709673.15 rows=132 width=8) (actual time=407.692..3191.347 rows=3 loops=1)
              ->  Seq Scan on cast_info ci  (cost=0.00..705507.15 rows=500 width=4) (actual time=407.638..3190.911 rows=28 loops=1)
                    Filter: (person_id = 3436941)
                    Rows Removed by Filter: 36244316
              ->  Index Scan using title_pkey on title t  (cost=0.43..8.32 rows=1 width=4) (actual time=0.015..0.015 rows=0 loops=28)
                    Index Cond: (id = ci.movie_id)
                    Filter: (kind_id = 1)
                    Rows Removed by Filter: 1
Planning time: 0.590 ms
Execution time: 3769.028 ms
