Seq Scan on cast_info ci  (cost=0.00..796071.18 rows=3386490 width=0) (actual time=344.961..3701.386 rows=3995992 loops=1)
  Filter: ((person_id < 484014) AND (role_id < 4))
  Rows Removed by Filter: 32248352
Planning time: 0.224 ms
Execution time: 3901.210 ms
