Hash Join  (cost=119130.64..1108369.77 rows=1099487 width=0) (actual time=1243.429..9751.883 rows=3719073 loops=1)
  Hash Cond: (ci.movie_id = t.id)
  ->  Seq Scan on cast_info ci  (cost=0.00..705507.15 rows=23548034 width=4) (actual time=415.770..4704.959 rows=23616506 loops=1)
        Filter: (person_id > 1245736)
        Rows Removed by Filter: 12627838
  ->  Hash  (cost=117192.89..117192.89 rows=118060 width=8) (actual time=827.098..827.098 rows=269914 loops=1)
        Buckets: 131072 (originally 131072)  Batches: 4 (originally 2)  Memory Usage: 3667kB
        ->  Hash Join  (cost=77474.80..117192.89 rows=118060 width=8) (actual time=385.344..791.171 rows=269914 loops=1)
              Hash Cond: (mi_idx.movie_id = t.id)
              ->  Seq Scan on movie_info_idx mi_idx  (cost=0.00..21735.35 rows=1380035 width=4) (actual time=0.019..141.484 rows=1380035 loops=1)
              ->  Hash  (cost=73925.90..73925.90 rows=216312 width=4) (actual time=384.789..384.789 rows=327454 loops=1)
                    Buckets: 131072  Batches: 4  Memory Usage: 3902kB
                    ->  Seq Scan on title t  (cost=0.00..73925.90 rows=216312 width=4) (actual time=0.018..340.806 rows=327454 loops=1)
                          Filter: ((kind_id < 7) AND (production_year < 1983))
                          Rows Removed by Filter: 2200858
Planning time: 0.560 ms
Execution time: 9942.694 ms
