Seq Scan on movie_keyword mk  (cost=0.00..81003.12 rows=4362326 width=0) (actual time=0.015..504.118 rows=4366810 loops=1)
  Filter: (keyword_id < 73123)
  Rows Removed by Filter: 157120
Planning time: 0.173 ms
Execution time: 715.551 ms
