Hash Join  (cost=143031.03..225104.01 rows=509444 width=0) (actual time=1184.096..1773.265 rows=526149 loops=1)
  Hash Cond: (mc.movie_id = t.id)
  ->  Seq Scan on movie_companies mc  (cost=0.00..44881.29 rows=2609129 width=4) (actual time=0.020..278.471 rows=2609129 loops=1)
  ->  Hash  (cost=134930.69..134930.69 rows=493707 width=8) (actual time=1011.160..1011.160 rows=248340 loops=1)
        Buckets: 131072  Batches: 8  Memory Usage: 2229kB
        ->  Hash Join  (cost=88767.14..134930.69 rows=493707 width=8) (actual time=525.553..980.227 rows=248340 loops=1)
              Hash Cond: (mi_idx.movie_id = t.id)
              ->  Seq Scan on movie_info_idx mi_idx  (cost=0.00..21735.35 rows=1380035 width=4) (actual time=0.014..142.352 rows=1380035 loops=1)
              ->  Hash  (cost=73925.90..73925.90 rows=904579 width=4) (actual time=518.282..518.282 rows=992072 loops=1)
                    Buckets: 131072  Batches: 16  Memory Usage: 3212kB
                    ->  Seq Scan on title t  (cost=0.00..73925.90 rows=904579 width=4) (actual time=0.011..393.403 rows=992072 loops=1)
                          Filter: ((production_year > 1998) AND (kind_id = 7))
                          Rows Removed by Filter: 1536240
Planning time: 0.625 ms
Execution time: 1798.993 ms
