Seq Scan on movie_keyword mk  (cost=0.00..81003.12 rows=246 width=0) (actual time=0.063..375.023 rows=833 loops=1)
  Filter: (keyword_id = 1964)
  Rows Removed by Filter: 4523097
Planning time: 0.197 ms
Execution time: 375.248 ms
