Nested Loop  (cost=0.43..126845.76 rows=363 width=0) (actual time=1.277..430.164 rows=253 loops=1)
  ->  Seq Scan on movie_keyword mk  (cost=0.00..81003.12 rows=6484 width=4) (actual time=0.105..382.018 rows=6780 loops=1)
        Filter: (keyword_id = 1135)
        Rows Removed by Filter: 4517150
  ->  Index Scan using title_pkey on title t  (cost=0.43..7.06 rows=1 width=4) (actual time=0.007..0.007 rows=0 loops=6780)
        Index Cond: (id = mk.movie_id)
        Filter: (production_year = 2010)
        Rows Removed by Filter: 1
Planning time: 0.447 ms
Execution time: 430.296 ms
