Hash Join  (cost=786730.87..841846.98 rows=45059 width=0) (actual time=3708.627..4146.026 rows=215035 loops=1)
  Hash Cond: (mc.movie_id = t.id)
  ->  Seq Scan on movie_companies mc  (cost=0.00..44881.29 rows=2609129 width=4) (actual time=0.015..180.648 rows=2609129 loops=1)
  ->  Hash  (cost=786185.03..786185.03 rows=43667 width=8) (actual time=3708.019..3708.019 rows=57439 loops=1)
        Buckets: 65536  Batches: 1  Memory Usage: 2756kB
        ->  Hash Join  (cost=69687.24..786185.03 rows=43667 width=8) (actual time=2963.804..3699.333 rows=57439 loops=1)
              Hash Cond: (ci.movie_id = t.id)
              ->  Seq Scan on cast_info ci  (cost=0.00..705507.15 rows=869859 width=4) (actual time=2646.096..3237.686 rows=903115 loops=1)
                    Filter: (person_id > 3888520)
                    Rows Removed by Filter: 35341229
              ->  Hash  (cost=67604.59..67604.59 rows=126932 width=4) (actual time=317.094..317.094 rows=122861 loops=1)
                    Buckets: 131072  Batches: 2  Memory Usage: 3191kB
                    ->  Seq Scan on title t  (cost=0.00..67604.59 rows=126932 width=4) (actual time=0.027..297.877 rows=122861 loops=1)
                          Filter: (production_year = 2008)
                          Rows Removed by Filter: 2405451
Planning time: 0.574 ms
Execution time: 4157.044 ms
