Hash Join  (cost=189688.80..1250450.58 rows=2624258 width=0) (actual time=1284.815..12862.937 rows=19924696 loops=1)
  Hash Cond: (ci.movie_id = t.id)
  ->  Seq Scan on cast_info ci  (cost=0.00..614943.12 rows=36225612 width=4) (actual time=0.026..3992.756 rows=36244344 loops=1)
  ->  Hash  (cost=186683.15..186683.15 rows=183172 width=8) (actual time=1284.347..1284.347 rows=248648 loops=1)
        Buckets: 131072  Batches: 4  Memory Usage: 3396kB
        ->  Hash Join  (cost=77347.14..186683.15 rows=183172 width=8) (actual time=368.038..1252.899 rows=248648 loops=1)
              Hash Cond: (mk.movie_id = t.id)
              ->  Seq Scan on movie_keyword mk  (cost=0.00..81003.12 rows=2221376 width=4) (actual time=0.017..516.218 rows=2213751 loops=1)
                    Filter: (keyword_id > 4963)
                    Rows Removed by Filter: 2310179
              ->  Hash  (cost=73925.90..73925.90 rows=208499 width=4) (actual time=367.445..367.445 rows=182393 loops=1)
                    Buckets: 131072  Batches: 4  Memory Usage: 2634kB
                    ->  Seq Scan on title t  (cost=0.00..73925.90 rows=208499 width=4) (actual time=95.210..341.592 rows=182393 loops=1)
                          Filter: ((production_year > 2007) AND (kind_id = 1))
                          Rows Removed by Filter: 2345919
Planning time: 0.575 ms
Execution time: 13823.941 ms
