Hash Join  (cost=110215.89..233247.87 rows=107457 width=0) (actual time=674.218..1671.661 rows=310556 loops=1)
  Hash Cond: (mk.movie_id = t.id)
  ->  Seq Scan on movie_keyword mk  (cost=0.00..81003.12 rows=3515809 width=4) (actual time=0.016..559.739 rows=3511673 loops=1)
        Filter: (keyword_id > 980)
        Rows Removed by Filter: 1012257
  ->  Hash  (cost=108947.86..108947.86 rows=77282 width=8) (actual time=673.540..673.540 rows=60683 loops=1)
        Buckets: 131072  Batches: 2  Memory Usage: 2214kB
        ->  Hash Join  (cost=69928.56..108947.86 rows=77282 width=8) (actual time=335.675..664.806 rows=60683 loops=1)
              Hash Cond: (mi_idx.movie_id = t.id)
              ->  Seq Scan on movie_info_idx mi_idx  (cost=0.00..21735.35 rows=1380035 width=4) (actual time=0.010..140.517 rows=1380035 loops=1)
              ->  Hash  (cost=67604.59..67604.59 rows=141598 width=4) (actual time=335.136..335.136 rows=141703 loops=1)
                    Buckets: 131072  Batches: 2  Memory Usage: 3511kB
                    ->  Seq Scan on title t  (cost=0.00..67604.59 rows=141598 width=4) (actual time=0.012..313.418 rows=141703 loops=1)
                          Filter: (production_year = 2010)
                          Rows Removed by Filter: 2386609
Planning time: 0.591 ms
Execution time: 1687.171 ms
