Hash Join  (cost=797490.14..1162155.86 rows=979 width=0) (actual time=4101.380..6235.688 rows=243 loops=1)
  Hash Cond: (mi.movie_id = t.id)
  ->  Seq Scan on movie_info mi  (cost=0.00..309384.22 rows=14739122 width=4) (actual time=0.020..1154.735 rows=14835720 loops=1)
  ->  Hash  (cost=797488.04..797488.04 rows=168 width=8) (actual time=4054.781..4054.781 rows=6 loops=1)
        Buckets: 1024  Batches: 1  Memory Usage: 9kB
        ->  Nested Loop  (cost=0.43..797488.04 rows=168 width=8) (actual time=2383.332..4054.762 rows=6 loops=1)
              ->  Seq Scan on cast_info ci  (cost=0.00..796071.18 rows=168 width=4) (actual time=2383.231..4054.540 rows=6 loops=1)
                    Filter: ((role_id > 3) AND (person_id = 2565985))
                    Rows Removed by Filter: 36244338
              ->  Index Only Scan using title_pkey on title t  (cost=0.43..8.42 rows=1 width=4) (actual time=0.027..0.027 rows=1 loops=6)
                    Index Cond: (id = ci.movie_id)
                    Heap Fetches: 6
Planning time: 0.615 ms
Execution time: 6235.774 ms
