Seq Scan on cast_info ci  (cost=0.00..796071.18 rows=276 width=0) (actual time=82.937..4327.503 rows=217 loops=1)
  Filter: ((role_id < 3) AND (person_id = 672023))
  Rows Removed by Filter: 36244127
Planning time: 0.212 ms
Execution time: 4327.592 ms
