Hash Join  (cost=993360.49..4720835.98 rows=204913520 width=0) (actual time=9234.112..67383.844 rows=459905164 loops=1)
  Hash Cond: (ci.movie_id = t.id)
  ->  Seq Scan on cast_info ci  (cost=0.00..614943.12 rows=36225612 width=4) (actual time=0.014..4091.900 rows=36244344 loops=1)
  ->  Hash  (cost=758703.91..758703.91 rows=14302846 width=8) (actual time=9233.009..9233.009 rows=14771418 loops=1)
        Buckets: 131072  Batches: 256  Memory Usage: 3256kB
        ->  Hash Join  (cost=107860.62..758703.91 rows=14302846 width=8) (actual time=764.715..7353.537 rows=14771418 loops=1)
              Hash Cond: (mi.movie_id = t.id)
              ->  Seq Scan on movie_info mi  (cost=0.00..309384.22 rows=14739122 width=4) (actual time=0.010..1758.905 rows=14835720 loops=1)
              ->  Hash  (cost=67604.59..67604.59 rows=2453683 width=4) (actual time=763.687..763.687 rows=2455182 loops=1)
                    Buckets: 131072  Batches: 64  Memory Usage: 2384kB
                    ->  Seq Scan on title t  (cost=0.00..67604.59 rows=2453683 width=4) (actual time=0.010..446.615 rows=2455182 loops=1)
                          Filter: (production_year > 1896)
                          Rows Removed by Filter: 73130
Planning time: 0.580 ms
Execution time: 89384.005 ms
