Seq Scan on movie_keyword mk  (cost=0.00..81003.12 rows=246 width=0) (actual time=156.190..385.554 rows=3 loops=1)
  Filter: (keyword_id = 65286)
  Rows Removed by Filter: 4523927
Planning time: 0.217 ms
Execution time: 385.619 ms
