Hash Join  (cost=102767.86..1044144.65 rows=9391855 width=0) (actual time=631.257..7448.465 rows=9236131 loops=1)
  Hash Cond: (ci.movie_id = t.id)
  ->  Seq Scan on cast_info ci  (cost=0.00..705507.15 rows=9391855 width=4) (actual time=0.018..3761.946 rows=9236131 loops=1)
        Filter: (person_id < 908820)
        Rows Removed by Filter: 27008213
  ->  Hash  (cost=61283.27..61283.27 rows=2528527 width=4) (actual time=630.854..630.854 rows=2528312 loops=1)
        Buckets: 131072  Batches: 64  Memory Usage: 2415kB
        ->  Seq Scan on title t  (cost=0.00..61283.27 rows=2528527 width=4) (actual time=0.010..321.317 rows=2528312 loops=1)
Planning time: 0.377 ms
Execution time: 7915.270 ms
