Seq Scan on movie_keyword mk  (cost=0.00..81003.12 rows=246 width=0) (actual time=109.229..384.714 rows=5 loops=1)
  Filter: (keyword_id = 28652)
  Rows Removed by Filter: 4523925
Planning time: 0.190 ms
Execution time: 384.788 ms
