Hash Join  (cost=74737.60..155905.07 rows=1053 width=0) (actual time=381.141..770.877 rows=1515 loops=1)
  Hash Cond: (mk.movie_id = t.id)
  ->  Seq Scan on movie_keyword mk  (cost=0.00..81003.12 rows=41017 width=4) (actual time=0.070..378.210 rows=41840 loops=1)
        Filter: (keyword_id = 117)
        Rows Removed by Filter: 4482090
  ->  Hash  (cost=73925.90..73925.90 rows=64936 width=4) (actual time=380.200..380.200 rows=91220 loops=1)
        Buckets: 131072 (originally 65536)  Batches: 2 (originally 1)  Memory Usage: 3073kB
        ->  Seq Scan on title t  (cost=0.00..73925.90 rows=64936 width=4) (actual time=103.467..364.351 rows=91220 loops=1)
              Filter: ((production_year > 1999) AND (kind_id = 4))
              Rows Removed by Filter: 2437092
Planning time: 0.412 ms
Execution time: 771.226 ms
