Seq Scan on cast_info ci  (cost=0.00..705507.15 rows=500 width=0) (actual time=850.819..3131.318 rows=431 loops=1)
  Filter: (person_id = 1941380)
  Rows Removed by Filter: 36243913
Planning time: 0.191 ms
Execution time: 3131.396 ms
