Hash Join  (cost=58375.85..446292.07 rows=233 width=0) (actual time=401.381..2615.988 rows=23 loops=1)
  Hash Cond: (mi.movie_id = t.id)
  ->  Seq Scan on movie_info mi  (cost=0.00..346232.03 rows=11115165 width=4) (actual time=125.706..1779.957 rows=11210743 loops=1)
        Filter: (info_type_id > 3)
        Rows Removed by Filter: 3624977
  ->  Hash  (cost=58375.18..58375.18 rows=53 width=8) (actual time=229.896..229.896 rows=7 loops=1)
        Buckets: 1024  Batches: 1  Memory Usage: 9kB
        ->  Nested Loop  (cost=0.43..58375.18 rows=53 width=8) (actual time=95.092..229.887 rows=7 loops=1)
              ->  Seq Scan on movie_companies mc  (cost=0.00..57926.93 rows=53 width=4) (actual time=95.017..229.717 rows=7 loops=1)
                    Filter: ((company_id = 85085) AND (company_type_id = 2))
                    Rows Removed by Filter: 2609122
              ->  Index Only Scan using title_pkey on title t  (cost=0.43..8.45 rows=1 width=4) (actual time=0.022..0.022 rows=1 loops=7)
                    Index Cond: (id = mc.movie_id)
                    Heap Fetches: 7
Planning time: 0.636 ms
Execution time: 2616.051 ms
