Hash Join  (cost=100858.31..465542.10 rows=2785 width=0) (actual time=468.913..2640.003 rows=1990 loops=1)
  Hash Cond: (mi.movie_id = t.id)
  ->  Seq Scan on movie_info mi  (cost=0.00..309384.22 rows=14739122 width=4) (actual time=0.017..1128.015 rows=14835720 loops=1)
  ->  Hash  (cost=100852.34..100852.34 rows=478 width=8) (actual time=466.757..466.757 rows=227 loops=1)
        Buckets: 1024  Batches: 1  Memory Usage: 17kB
        ->  Hash Join  (cost=73959.15..100852.34 rows=478 width=8) (actual time=296.673..466.676 rows=227 loops=1)
              Hash Cond: (mi_idx.movie_id = t.id)
              ->  Seq Scan on movie_info_idx mi_idx  (cost=0.00..25185.44 rows=454124 width=4) (actual time=0.011..140.967 rows=459925 loops=1)
                    Filter: (info_type_id = 100)
                    Rows Removed by Filter: 920110
              ->  Hash  (cost=73925.90..73925.90 rows=2660 width=4) (actual time=296.007..296.007 rows=1399 loops=1)
                    Buckets: 4096  Batches: 1  Memory Usage: 82kB
                    ->  Seq Scan on title t  (cost=0.00..73925.90 rows=2660 width=4) (actual time=107.538..295.718 rows=1399 loops=1)
                          Filter: ((kind_id = 3) AND (production_year = 2013))
                          Rows Removed by Filter: 2526913
Planning time: 0.578 ms
Execution time: 2640.357 ms
