Hash Join  (cost=129923.03..481377.34 rows=20362 width=0) (actual time=1203.254..2388.072 rows=11667 loops=1)
  Hash Cond: (mi.movie_id = t.id)
  ->  Seq Scan on movie_info mi  (cost=0.00..346232.03 rows=1338312 width=4) (actual time=419.270..1515.637 rows=1401902 loops=1)
        Filter: (info_type_id = 7)
        Rows Removed by Filter: 13433818
  ->  Hash  (cost=129442.15..129442.15 rows=38470 width=8) (actual time=783.472..783.472 rows=24253 loops=1)
        Buckets: 65536  Batches: 1  Memory Usage: 1460kB
        ->  Hash Join  (cost=74391.93..129442.15 rows=38470 width=8) (actual time=358.505..779.102 rows=24253 loops=1)
              Hash Cond: (mc.movie_id = t.id)
              ->  Seq Scan on movie_companies mc  (cost=0.00..44881.29 rows=2609129 width=4) (actual time=0.018..186.443 rows=2609129 loops=1)
              ->  Hash  (cost=73925.90..73925.90 rows=37282 width=4) (actual time=358.244..358.244 rows=42986 loops=1)
                    Buckets: 65536  Batches: 1  Memory Usage: 2024kB
                    ->  Seq Scan on title t  (cost=0.00..73925.90 rows=37282 width=4) (actual time=0.019..350.994 rows=42986 loops=1)
                          Filter: ((kind_id > 1) AND (production_year = 1999))
                          Rows Removed by Filter: 2485326
Planning time: 0.617 ms
Execution time: 2388.958 ms
