Hash Join  (cost=102767.86..190012.50 rows=807859 width=0) (actual time=634.580..1475.016 rows=1109275 loops=1)
  Hash Cond: (mc.movie_id = t.id)
  ->  Seq Scan on movie_companies mc  (cost=0.00..57926.93 rows=807859 width=4) (actual time=0.016..351.455 rows=1109275 loops=1)
        Filter: ((company_id < 17649) AND (company_type_id < 2))
        Rows Removed by Filter: 1499854
  ->  Hash  (cost=61283.27..61283.27 rows=2528527 width=4) (actual time=633.585..633.585 rows=2528312 loops=1)
        Buckets: 131072  Batches: 64  Memory Usage: 2415kB
        ->  Seq Scan on title t  (cost=0.00..61283.27 rows=2528527 width=4) (actual time=0.011..321.792 rows=2528312 loops=1)
Planning time: 0.366 ms
Execution time: 1531.327 ms
