Hash Join  (cost=28270.40..851787.89 rows=4578 width=0) (actual time=1281.950..49933.906 rows=24200 loops=1)
  Hash Cond: (ci.movie_id = t.id)
  ->  Seq Scan on cast_info ci  (cost=0.00..705507.15 rows=31457217 width=4) (actual time=0.020..40920.547 rows=31440465 loops=1)
        Filter: (person_id < 3196357)
        Rows Removed by Filter: 4803879
  ->  Hash  (cost=28265.80..28265.80 rows=368 width=8) (actual time=1281.396..1281.396 rows=260 loops=1)
        Buckets: 1024  Batches: 1  Memory Usage: 19kB
        ->  Nested Loop  (cost=0.43..28265.80 rows=368 width=8) (actual time=344.320..1281.275 rows=260 loops=1)
              ->  Seq Scan on movie_info_idx mi_idx  (cost=0.00..25185.44 rows=368 width=4) (actual time=344.249..1270.045 rows=260 loops=1)
                    Filter: (info_type_id > 101)
                    Rows Removed by Filter: 1379775
              ->  Index Only Scan using title_pkey on title t  (cost=0.43..8.36 rows=1 width=4) (actual time=0.042..0.042 rows=1 loops=260)
                    Index Cond: (id = mi_idx.movie_id)
                    Heap Fetches: 260
Planning time: 4.160 ms
Execution time: 49941.964 ms
