Hash Join  (cost=88973.53..131704.12 rows=333369 width=0) (actual time=500.515..966.991 rows=618627 loops=1)
  Hash Cond: (mi_idx.movie_id = t.id)
  ->  Seq Scan on movie_info_idx mi_idx  (cost=0.00..25185.44 rows=919057 width=4) (actual time=0.017..174.575 rows=920110 loops=1)
        Filter: (info_type_id > 99)
        Rows Removed by Filter: 459925
  ->  Hash  (cost=73925.90..73925.90 rows=917170 width=4) (actual time=499.815..499.815 rows=862466 loops=1)
        Buckets: 131072  Batches: 16  Memory Usage: 2922kB
        ->  Seq Scan on title t  (cost=0.00..73925.90 rows=917170 width=4) (actual time=0.010..386.282 rows=862466 loops=1)
              Filter: ((kind_id < 7) AND (production_year > 1929))
              Rows Removed by Filter: 1665846
Planning time: 0.416 ms
Execution time: 998.886 ms
