Seq Scan on cast_info ci  (cost=0.00..796071.18 rows=9466 width=0) (actual time=1072.812..4579.514 rows=5753 loops=1)
  Filter: ((role_id < 10) AND (person_id = 1737040))
  Rows Removed by Filter: 36238591
Planning time: 0.234 ms
Execution time: 4579.851 ms
