Seq Scan on cast_info ci  (cost=0.00..796071.18 rows=1731281 width=0) (actual time=2403.112..4289.167 rows=1356797 loops=1)
  Filter: ((person_id < 2328644) AND (role_id = 4))
  Rows Removed by Filter: 34887547
Planning time: 0.229 ms
Execution time: 4357.119 ms
