Seq Scan on cast_info ci  (cost=0.00..705507.15 rows=24070946 width=0) (actual time=0.023..3923.536 rows=24020121 loops=1)
  Filter: (person_id < 2463868)
  Rows Removed by Filter: 12224223
Planning time: 0.233 ms
Execution time: 5109.280 ms
