Seq Scan on cast_info ci  (cost=0.00..705507.15 rows=10314581 width=0) (actual time=0.037..3446.319 rows=10151637 loops=1)
  Filter: (person_id < 997382)
  Rows Removed by Filter: 26092707
Planning time: 0.194 ms
Execution time: 3948.914 ms
