Hash Join  (cost=139337.41..228607.46 rows=30440 width=0) (actual time=782.558..1404.063 rows=382751 loops=1)
  Hash Cond: (mk.movie_id = t.id)
  ->  Seq Scan on movie_keyword mk  (cost=0.00..81003.12 rows=2123340 width=4) (actual time=0.019..458.201 rows=2126961 loops=1)
        Filter: (keyword_id < 3921)
        Rows Removed by Filter: 2396969
  ->  Hash  (cost=138884.30..138884.30 rows=36249 width=8) (actual time=782.253..782.253 rows=27097 loops=1)
        Buckets: 65536  Batches: 1  Memory Usage: 1571kB
        ->  Hash Join  (cost=69179.59..138884.30 rows=36249 width=8) (actual time=317.904..777.954 rows=27097 loops=1)
              Hash Cond: (mc.movie_id = t.id)
              ->  Seq Scan on movie_companies mc  (cost=0.00..57926.93 rows=954744 width=4) (actual time=0.014..346.148 rows=802843 loops=1)
                    Filter: ((company_id > 923) AND (company_type_id = 1))
                    Rows Removed by Filter: 1806286
              ->  Hash  (cost=67604.59..67604.59 rows=96000 width=4) (actual time=317.389..317.389 rows=95005 loops=1)
                    Buckets: 131072  Batches: 2  Memory Usage: 2716kB
                    ->  Seq Scan on title t  (cost=0.00..67604.59 rows=96000 width=4) (actual time=0.025..301.772 rows=95005 loops=1)
                          Filter: (production_year = 2005)
                          Rows Removed by Filter: 2433307
Planning time: 0.610 ms
Execution time: 1423.074 ms
