Nested Loop  (cost=0.43..52284.21 rows=33 width=0) (actual time=0.338..240.461 rows=465 loops=1)
  ->  Seq Scan on movie_companies mc  (cost=0.00..51404.11 rows=104 width=4) (actual time=0.305..234.922 rows=465 loops=1)
        Filter: (company_id = 8558)
        Rows Removed by Filter: 2608664
  ->  Index Scan using title_pkey on title t  (cost=0.43..8.45 rows=1 width=4) (actual time=0.011..0.011 rows=1 loops=465)
        Index Cond: (id = mc.movie_id)
        Filter: ((kind_id < 7) AND (production_year < 2011))
Planning time: 0.428 ms
Execution time: 240.605 ms
