Hash Join  (cost=171750.12..300608.52 rows=562736 width=0) (actual time=1426.608..2434.957 rows=877195 loops=1)
  Hash Cond: (mk.movie_id = t.id)
  ->  Seq Scan on movie_keyword mk  (cost=0.00..69693.30 rows=4523930 width=4) (actual time=0.014..443.723 rows=4523930 loops=1)
  ->  Hash  (cost=166589.55..166589.55 rows=314526 width=8) (actual time=1185.237..1185.237 rows=309917 loops=1)
        Buckets: 131072  Batches: 8  Memory Usage: 2529kB
        ->  Hash Join  (cost=92883.59..166589.55 rows=314526 width=8) (actual time=830.886..1143.558 rows=309917 loops=1)
              Hash Cond: (mc.movie_id = t.id)
              ->  Seq Scan on movie_companies mc  (cost=0.00..57926.93 rows=516153 width=4) (actual time=0.013..310.254 rows=726703 loops=1)
                    Filter: ((company_id < 6158) AND (company_type_id < 2))
                    Rows Removed by Filter: 1882426
              ->  Hash  (cost=67604.59..67604.59 rows=1540800 width=4) (actual time=566.112..566.112 rows=1543264 loops=1)
                    Buckets: 131072  Batches: 32  Memory Usage: 2722kB
                    ->  Seq Scan on title t  (cost=0.00..67604.59 rows=1540800 width=4) (actual time=0.011..375.134 rows=1543264 loops=1)
                          Filter: (kind_id = 7)
                          Rows Removed by Filter: 985048
Planning time: 0.577 ms
Execution time: 2477.265 ms
