Hash Join  (cost=82995.40..165908.73 rows=570380 width=0) (actual time=1420.625..4134.712 rows=817885 loops=1)
  Hash Cond: (mc.movie_id = t.id)
  ->  Seq Scan on movie_companies mc  (cost=0.00..44881.29 rows=2609129 width=4) (actual time=0.026..825.127 rows=2609129 loops=1)
  ->  Hash  (cost=73925.90..73925.90 rows=552760 width=4) (actual time=1419.739..1419.739 rows=429855 loops=1)
        Buckets: 131072  Batches: 8  Memory Usage: 2925kB
        ->  Seq Scan on title t  (cost=0.00..73925.90 rows=552760 width=4) (actual time=700.926..1282.904 rows=429855 loops=1)
              Filter: ((production_year > 1969) AND (kind_id = 1))
              Rows Removed by Filter: 2098457
Planning time: 0.686 ms
Execution time: 4236.931 ms
