Hash Join  (cost=832324.71..912103.56 rows=288875 width=0) (actual time=4798.767..5607.011 rows=649258 loops=1)
  Hash Cond: (mc.movie_id = t.id)
  ->  Seq Scan on movie_companies mc  (cost=0.00..51404.11 rows=2085862 width=4) (actual time=0.017..346.764 rows=2081289 loops=1)
        Filter: (company_id < 72875)
        Rows Removed by Filter: 527840
  ->  Hash  (cost=826579.45..826579.45 rows=350181 width=8) (actual time=4798.060..4798.060 rows=316118 loops=1)
        Buckets: 131072  Batches: 8  Memory Usage: 2568kB
        ->  Hash Join  (cost=102767.86..826579.45 rows=350181 width=8) (actual time=3955.460..4755.117 rows=316118 loops=1)
              Hash Cond: (ci.movie_id = t.id)
              ->  Seq Scan on cast_info ci  (cost=0.00..705507.15 rows=350181 width=4) (actual time=3281.203..3810.670 rows=316118 loops=1)
                    Filter: (role_id > 10)
                    Rows Removed by Filter: 35928226
              ->  Hash  (cost=61283.27..61283.27 rows=2528527 width=4) (actual time=673.593..673.593 rows=2528312 loops=1)
                    Buckets: 131072  Batches: 64  Memory Usage: 2415kB
                    ->  Seq Scan on title t  (cost=0.00..61283.27 rows=2528527 width=4) (actual time=0.017..344.831 rows=2528312 loops=1)
Planning time: 0.607 ms
Execution time: 5640.181 ms
