Nested Loop  (cost=0.43..58358.52 rows=4 width=0) (actual time=313.162..715.399 rows=70 loops=1)
  ->  Seq Scan on movie_companies mc  (cost=0.00..57926.93 rows=51 width=4) (actual time=312.573..685.516 rows=2049 loops=1)
        Filter: ((company_id = 115) AND (company_type_id = 1))
        Rows Removed by Filter: 2607080
  ->  Index Scan using title_pkey on title t  (cost=0.43..8.45 rows=1 width=4) (actual time=0.014..0.014 rows=0 loops=2049)
        Index Cond: (id = mc.movie_id)
        Filter: ((kind_id < 7) AND (production_year > 2009))
        Rows Removed by Filter: 1
Planning time: 4.452 ms
Execution time: 715.545 ms
