Hash Join  (cost=150875.62..275187.24 rows=189558 width=0) (actual time=6425.511..14953.159 rows=6643835 loops=1)
  Hash Cond: (mk.movie_id = t.id)
  ->  Seq Scan on movie_keyword mk  (cost=0.00..69693.30 rows=4523930 width=4) (actual time=0.015..4005.142 rows=4523930 loops=1)
  ->  Hash  (cost=149137.27..149137.27 rows=105948 width=8) (actual time=6424.472..6424.472 rows=320227 loops=1)
        Buckets: 131072 (originally 131072)  Batches: 8 (originally 2)  Memory Usage: 3073kB
        ->  Hash Join  (cost=79110.05..149137.27 rows=105948 width=8) (actual time=3217.564..6275.336 rows=320227 loops=1)
              Hash Cond: (mc.movie_id = t.id)
              ->  Seq Scan on movie_companies mc  (cost=0.00..57926.93 rows=847947 width=4) (actual time=0.018..2457.730 rows=655620 loops=1)
                    Filter: ((company_id > 2561) AND (company_type_id < 2))
                    Rows Removed by Filter: 1953509
              ->  Hash  (cost=73925.90..73925.90 rows=315932 width=4) (actual time=3215.337..3215.337 rows=433359 loops=1)
                    Buckets: 131072  Batches: 8  Memory Usage: 2939kB
                    ->  Seq Scan on title t  (cost=0.00..73925.90 rows=315932 width=4) (actual time=0.027..3048.371 rows=433359 loops=1)
                          Filter: ((kind_id < 7) AND (production_year < 1995))
                          Rows Removed by Filter: 2094953
Planning time: 2.051 ms
Execution time: 15980.454 ms
