Hash Join  (cost=102767.86..1425470.48 rows=21475412 width=0) (actual time=893.583..12803.776 rows=20627717 loops=1)
  Hash Cond: (ci.movie_id = t.id)
  ->  Seq Scan on cast_info ci  (cost=0.00..796071.18 rows=21475412 width=4) (actual time=277.707..5561.985 rows=20627717 loops=1)
        Filter: ((person_id > 1027677) AND (role_id < 9))
        Rows Removed by Filter: 15616627
  ->  Hash  (cost=61283.27..61283.27 rows=2528527 width=4) (actual time=614.938..614.938 rows=2528312 loops=1)
        Buckets: 131072  Batches: 64  Memory Usage: 2415kB
        ->  Seq Scan on title t  (cost=0.00..61283.27 rows=2528527 width=4) (actual time=0.016..307.891 rows=2528312 loops=1)
Planning time: 0.458 ms
Execution time: 13821.618 ms
