Hash Join  (cost=513038.35..1764037.05 rows=16965121 width=0) (actual time=2979.963..17820.921 rows=28472755 loops=1)
  Hash Cond: (ci.movie_id = t.id)
  ->  Seq Scan on cast_info ci  (cost=0.00..705507.15 rows=32052889 width=4) (actual time=0.022..5409.014 rows=32200355 loops=1)
        Filter: (person_id > 387934)
        Rows Removed by Filter: 4043989
  ->  Hash  (cost=491081.45..491081.45 rows=1338312 width=8) (actual time=2979.038..2979.038 rows=1401902 loops=1)
        Buckets: 131072  Batches: 32  Memory Usage: 2687kB
        ->  Hash Join  (cost=102767.86..491081.45 rows=1338312 width=8) (actual time=1050.721..2797.761 rows=1401902 loops=1)
              Hash Cond: (mi.movie_id = t.id)
              ->  Seq Scan on movie_info mi  (cost=0.00..346232.03 rows=1338312 width=4) (actual time=411.098..1546.990 rows=1401902 loops=1)
                    Filter: (info_type_id = 7)
                    Rows Removed by Filter: 13433818
              ->  Hash  (cost=61283.27..61283.27 rows=2528527 width=4) (actual time=638.720..638.720 rows=2528312 loops=1)
                    Buckets: 131072  Batches: 64  Memory Usage: 2425kB
                    ->  Seq Scan on title t  (cost=0.00..61283.27 rows=2528527 width=4) (actual time=0.015..317.268 rows=2528312 loops=1)
Planning time: 0.601 ms
Execution time: 19275.510 ms
