Hash Join  (cost=102767.86..1385560.00 rows=23580492 width=0) (actual time=1959.074..34918.581 rows=23486188 loops=1)
  Hash Cond: (ci.movie_id = t.id)
  ->  Seq Scan on cast_info ci  (cost=0.00..705507.15 rows=23580492 width=4) (actual time=4.198..13839.359 rows=23486188 loops=1)
        Filter: (person_id < 2404186)
        Rows Removed by Filter: 12758156
  ->  Hash  (cost=61283.27..61283.27 rows=2528527 width=4) (actual time=1787.472..1787.472 rows=2528312 loops=1)
        Buckets: 131072  Batches: 64  Memory Usage: 2415kB
        ->  Seq Scan on title t  (cost=0.00..61283.27 rows=2528527 width=4) (actual time=0.018..920.700 rows=2528312 loops=1)
Planning time: 0.806 ms
Execution time: 37434.844 ms
