Hash Join  (cost=101221.67..466114.67 rows=23707 width=0) (actual time=522.114..2857.132 rows=21416 loops=1)
  Hash Cond: (mi.movie_id = t.id)
  ->  Seq Scan on movie_info mi  (cost=0.00..309384.22 rows=14739122 width=4) (actual time=0.015..1136.657 rows=14835720 loops=1)
  ->  Hash  (cost=101170.83..101170.83 rows=4067 width=8) (actual time=522.058..522.058 rows=2848 loops=1)
        Buckets: 4096  Batches: 1  Memory Usage: 144kB
        ->  Hash Join  (cost=74202.60..101170.83 rows=4067 width=8) (actual time=344.817..521.614 rows=2848 loops=1)
              Hash Cond: (mi_idx.movie_id = t.id)
              ->  Seq Scan on movie_info_idx mi_idx  (cost=0.00..25185.44 rows=464566 width=4) (actual time=0.013..141.637 rows=459925 loops=1)
                    Filter: (info_type_id = 101)
                    Rows Removed by Filter: 920110
              ->  Hash  (cost=73925.90..73925.90 rows=22136 width=4) (actual time=339.848..339.848 rows=24301 loops=1)
                    Buckets: 32768  Batches: 1  Memory Usage: 1111kB
                    ->  Seq Scan on title t  (cost=0.00..73925.90 rows=22136 width=4) (actual time=0.013..335.979 rows=24301 loops=1)
                          Filter: ((kind_id = 7) AND (production_year = 1996))
                          Rows Removed by Filter: 2504011
Planning time: 0.587 ms
Execution time: 2858.684 ms
