Hash Join  (cost=709676.72..796339.88 rows=512 width=0) (actual time=3195.168..3773.181 rows=1378 loops=1)
  Hash Cond: (mk.movie_id = t.id)
  ->  Seq Scan on movie_keyword mk  (cost=0.00..69693.30 rows=4523930 width=4) (actual time=0.017..284.932 rows=4523930 loops=1)
  ->  Hash  (cost=709673.15..709673.15 rows=286 width=8) (actual time=3186.491..3186.491 rows=221 loops=1)
        Buckets: 1024  Batches: 1  Memory Usage: 17kB
        ->  Nested Loop  (cost=0.43..709673.15 rows=286 width=8) (actual time=1378.699..3186.403 rows=221 loops=1)
              ->  Seq Scan on cast_info ci  (cost=0.00..705507.15 rows=500 width=4) (actual time=1378.641..3183.964 rows=223 loops=1)
                    Filter: (person_id = 28337)
                    Rows Removed by Filter: 36244121
              ->  Index Scan using title_pkey on title t  (cost=0.43..8.32 rows=1 width=4) (actual time=0.010..0.011 rows=1 loops=223)
                    Index Cond: (id = ci.movie_id)
                    Filter: (production_year < 2006)
                    Rows Removed by Filter: 0
Planning time: 0.687 ms
Execution time: 3773.346 ms
