Hash Join  (cost=102767.86..916327.06 rows=316186 width=0) (actual time=2664.355..11242.875 rows=153664 loops=1)
  Hash Cond: (ci.movie_id = t.id)
  ->  Seq Scan on cast_info ci  (cost=0.00..796071.18 rows=316186 width=4) (actual time=1035.593..9084.331 rows=153664 loops=1)
        Filter: ((person_id < 64207) AND (role_id > 2))
        Rows Removed by Filter: 36090680
  ->  Hash  (cost=61283.27..61283.27 rows=2528527 width=4) (actual time=1627.644..1627.644 rows=2528312 loops=1)
        Buckets: 131072  Batches: 64  Memory Usage: 2415kB
        ->  Seq Scan on title t  (cost=0.00..61283.27 rows=2528527 width=4) (actual time=0.014..819.186 rows=2528312 loops=1)
Planning time: 4.692 ms
Execution time: 11263.096 ms
