Hash Join  (cost=199624.06..345579.35 rows=1966025 width=0) (actual time=3915.492..8037.922 rows=3144975 loops=1)
  Hash Cond: (mk.movie_id = t.id)
  ->  Seq Scan on movie_keyword mk  (cost=0.00..69693.30 rows=4523930 width=4) (actual time=0.022..1249.142 rows=4523930 loops=1)
  ->  Hash  (cost=181595.36..181595.36 rows=1098856 width=8) (actual time=3912.217..3912.217 rows=806643 loops=1)
        Buckets: 131072  Batches: 16  Memory Usage: 3001kB
        ->  Hash Join  (cost=91397.28..181595.36 rows=1098856 width=8) (actual time=1412.934..3703.997 rows=806643 loops=1)
              Hash Cond: (mc.movie_id = t.id)
              ->  Seq Scan on movie_companies mc  (cost=0.00..44881.29 rows=2609129 width=4) (actual time=0.025..773.834 rows=2609129 loops=1)
              ->  Hash  (cost=73925.90..73925.90 rows=1064910 width=4) (actual time=1411.855..1411.855 rows=1003269 loops=1)
                    Buckets: 131072  Batches: 16  Memory Usage: 3233kB
                    ->  Seq Scan on title t  (cost=0.00..73925.90 rows=1064910 width=4) (actual time=0.032..1088.529 rows=1003269 loops=1)
                          Filter: ((kind_id > 1) AND (production_year < 2006))
                          Rows Removed by Filter: 1525043
Planning time: 1.100 ms
Execution time: 8357.186 ms
