Seq Scan on movie_companies mc  (cost=0.00..57926.93 rows=1267515 width=0) (actual time=411.363..966.657 rows=1213529 loops=1)
  Filter: ((company_id < 145600) AND (company_type_id > 1))
  Rows Removed by Filter: 1395600
Planning time: 0.368 ms
Execution time: 1116.224 ms
