Seq Scan on title t  (cost=0.00..67604.59 rows=2438933 width=0) (actual time=0.023..3389.907 rows=2437839 loops=1)
  Filter: (production_year > 1907)
  Rows Removed by Filter: 90473
Planning time: 0.348 ms
Execution time: 3804.677 ms
