Hash Join  (cost=167223.67..671653.50 rows=2307690 width=0) (actual time=3442.251..16326.887 rows=2240036 loops=1)
  Hash Cond: (mi.movie_id = t.id)
  ->  Seq Scan on movie_info mi  (cost=0.00..309384.22 rows=14739122 width=4) (actual time=0.014..5106.666 rows=14835720 loops=1)
  ->  Hash  (cost=160728.06..160728.06 rows=395889 width=8) (actual time=3235.386..3235.386 rows=251028 loops=1)
        Buckets: 131072  Batches: 8  Memory Usage: 2256kB
        ->  Hash Join  (cost=80220.64..160728.06 rows=395889 width=8) (actual time=1242.548..3152.533 rows=251028 loops=1)
              Hash Cond: (mc.movie_id = t.id)
              ->  Seq Scan on movie_companies mc  (cost=0.00..44881.29 rows=2609129 width=4) (actual time=0.014..820.019 rows=2609129 loops=1)
              ->  Hash  (cost=73925.90..73925.90 rows=383659 width=4) (actual time=1095.729..1095.729 rows=265354 loops=1)
                    Buckets: 131072  Batches: 8  Memory Usage: 2178kB
                    ->  Seq Scan on title t  (cost=0.00..73925.90 rows=383659 width=4) (actual time=217.872..1009.871 rows=265354 loops=1)
                          Filter: ((production_year < 1987) AND (kind_id = 7))
                          Rows Removed by Filter: 2262958
Planning time: 1.104 ms
Execution time: 16611.721 ms
