Seq Scan on cast_info ci  (cost=0.00..796071.18 rows=168 width=0) (actual time=1065.266..10622.504 rows=1 loops=1)
  Filter: ((role_id > 3) AND (person_id = 2008854))
  Rows Removed by Filter: 36244343
Planning time: 0.379 ms
Execution time: 10622.624 ms
