Hash Join  (cost=185523.98..1189781.92 rows=6035472 width=0) (actual time=4224.871..30094.551 rows=15517365 loops=1)
  Hash Cond: (ci.movie_id = t.id)
  ->  Seq Scan on cast_info ci  (cost=0.00..796071.18 rows=12368550 width=4) (actual time=0.018..13643.465 rows=14916715 loops=1)
        Filter: ((person_id < 1845692) AND (role_id < 4))
        Rows Removed by Filter: 21327629
  ->  Hash  (cost=165280.94..165280.94 rows=1233843 width=8) (actual time=4223.678..4223.678 rows=1271246 loops=1)
        Buckets: 131072  Batches: 32  Memory Usage: 2576kB
        ->  Hash Join  (cost=104693.99..165280.94 rows=1233843 width=8) (actual time=1953.249..3838.221 rows=1271246 loops=1)
              Hash Cond: (mi_idx.movie_id = t.id)
              ->  Seq Scan on movie_info_idx mi_idx  (cost=0.00..21735.35 rows=1380035 width=4) (actual time=0.017..409.011 rows=1380035 loops=1)
              ->  Hash  (cost=67604.59..67604.59 rows=2260672 width=4) (actual time=1952.376..1952.376 rows=2253222 loops=1)
                    Buckets: 131072  Batches: 32  Memory Usage: 3503kB
                    ->  Seq Scan on title t  (cost=0.00..67604.59 rows=2260672 width=4) (actual time=0.015..1222.722 rows=2253222 loops=1)
                          Filter: (production_year > 1955)
                          Rows Removed by Filter: 275090
Planning time: 1.133 ms
Execution time: 32031.233 ms
