Hash Join  (cost=91342.70..164819.92 rows=327685 width=0) (actual time=1539.101..2728.959 rows=245028 loops=1)
  Hash Cond: (mc.movie_id = t.id)
  ->  Seq Scan on movie_companies mc  (cost=0.00..57926.93 rows=572650 width=4) (actual time=148.767..814.719 rows=360803 loops=1)
        Filter: ((company_id < 7879) AND (company_type_id > 1))
        Rows Removed by Filter: 2248326
  ->  Hash  (cost=67604.59..67604.59 rows=1446889 width=4) (actual time=1389.215..1389.215 rows=1443298 loops=1)
        Buckets: 131072  Batches: 32  Memory Usage: 2608kB
        ->  Seq Scan on title t  (cost=0.00..67604.59 rows=1446889 width=4) (actual time=0.037..944.797 rows=1443298 loops=1)
              Filter: (production_year < 2006)
              Rows Removed by Filter: 1085014
Planning time: 0.722 ms
Execution time: 2760.189 ms
