Seq Scan on movie_keyword mk  (cost=0.00..81003.12 rows=1995202 width=0) (actual time=0.016..1342.531 rows=2001622 loops=1)
  Filter: (keyword_id < 3546)
  Rows Removed by Filter: 2522308
Planning time: 0.323 ms
Execution time: 1602.738 ms
