Hash Join  (cost=133550.70..220272.29 rows=6355 width=0) (actual time=2114.546..3145.844 rows=2726 loops=1)
  Hash Cond: (mk.movie_id = t.id)
  ->  Seq Scan on movie_keyword mk  (cost=0.00..69693.30 rows=4523930 width=4) (actual time=0.010..782.591 rows=4523930 loops=1)
  ->  Hash  (cost=133506.30..133506.30 rows=3552 width=8) (actual time=1623.984..1623.984 rows=1041 loops=1)
        Buckets: 4096  Batches: 1  Memory Usage: 73kB
        ->  Hash Join  (cost=74251.74..133506.30 rows=3552 width=8) (actual time=1011.843..1623.429 rows=1041 loops=1)
              Hash Cond: (mc.movie_id = t.id)
              ->  Seq Scan on movie_companies mc  (cost=0.00..57926.93 rows=344561 width=4) (actual time=113.227..712.370 rows=36325 loops=1)
                    Filter: ((company_id > 44262) AND (company_type_id < 2))
                    Rows Removed by Filter: 2572804
              ->  Hash  (cost=73925.90..73925.90 rows=26067 width=4) (actual time=897.588..897.588 rows=27085 loops=1)
                    Buckets: 32768  Batches: 1  Memory Usage: 1209kB
                    ->  Seq Scan on title t  (cost=0.00..73925.90 rows=26067 width=4) (actual time=0.045..886.107 rows=27085 loops=1)
                          Filter: ((kind_id < 7) AND (production_year > 2012))
                          Rows Removed by Filter: 2501227
Planning time: 0.736 ms
Execution time: 3146.411 ms
