Hash Join  (cost=69036.01..504958.22 rows=258873 width=0) (actual time=833.845..8453.753 rows=217079 loops=1)
  Hash Cond: (mi.movie_id = t.id)
  ->  Seq Scan on movie_info mi  (cost=0.00..346232.03 rows=7503588 width=4) (actual time=0.026..4854.248 rows=7548855 loops=1)
        Filter: (info_type_id > 7)
        Rows Removed by Filter: 7286865
  ->  Hash  (cost=67604.59..67604.59 rows=87234 width=4) (actual time=833.023..833.023 rows=85260 loops=1)
        Buckets: 131072  Batches: 2  Memory Usage: 2526kB
        ->  Seq Scan on title t  (cost=0.00..67604.59 rows=87234 width=4) (actual time=99.308..802.896 rows=85260 loops=1)
              Filter: (production_year < 1920)
              Rows Removed by Filter: 2443052
Planning time: 0.711 ms
Execution time: 8483.655 ms
