Seq Scan on cast_info ci  (cost=0.00..705507.15 rows=25845131 width=0) (actual time=0.025..9379.359 rows=25850838 loops=1)
  Filter: (person_id < 2671475)
  Rows Removed by Filter: 10393506
Planning time: 0.324 ms
Execution time: 12267.547 ms
