Seq Scan on cast_info ci  (cost=0.00..796071.18 rows=60 width=0) (actual time=6231.075..8749.916 rows=1 loops=1)
  Filter: ((person_id = 968201) AND (role_id = 10))
  Rows Removed by Filter: 36244343
Planning time: 2.518 ms
Execution time: 8750.020 ms
