Hash Join  (cost=80827.88..163779.28 rows=3819 width=0) (actual time=3974.610..7712.887 rows=940 loops=1)
  Hash Cond: (mk.movie_id = t.id)
  ->  Seq Scan on movie_keyword mk  (cost=0.00..81003.12 rows=22957 width=4) (actual time=0.038..3657.715 rows=22479 loops=1)
        Filter: (keyword_id < 5)
        Rows Removed by Filter: 4501451
  ->  Hash  (cost=73925.90..73925.90 rows=420638 width=4) (actual time=3930.721..3930.721 rows=301535 loops=1)
        Buckets: 131072  Batches: 8  Memory Usage: 2343kB
        ->  Seq Scan on title t  (cost=0.00..73925.90 rows=420638 width=4) (actual time=0.021..3471.402 rows=301535 loops=1)
              Filter: ((production_year < 1990) AND (kind_id = 7))
              Rows Removed by Filter: 2226777
Planning time: 0.741 ms
Execution time: 7713.494 ms
