Seq Scan on movie_keyword mk  (cost=0.00..81003.12 rows=21136 width=0) (actual time=330.914..836.128 rows=17758 loops=1)
  Filter: (keyword_id > 118982)
  Rows Removed by Filter: 4506172
Planning time: 0.303 ms
Execution time: 838.573 ms
