Hash Join  (cost=102767.86..187252.16 rows=693130 width=0) (actual time=1634.435..3736.397 rows=952120 loops=1)
  Hash Cond: (mc.movie_id = t.id)
  ->  Seq Scan on movie_companies mc  (cost=0.00..57926.93 rows=693130 width=4) (actual time=0.026..945.712 rows=952120 loops=1)
        Filter: ((company_id < 12247) AND (company_type_id = 1))
        Rows Removed by Filter: 1657009
  ->  Hash  (cost=61283.27..61283.27 rows=2528527 width=4) (actual time=1633.333..1633.333 rows=2528312 loops=1)
        Buckets: 131072  Batches: 64  Memory Usage: 2415kB
        ->  Seq Scan on title t  (cost=0.00..61283.27 rows=2528527 width=4) (actual time=0.028..818.707 rows=2528312 loops=1)
Planning time: 0.676 ms
Execution time: 3849.250 ms
