Hash Join  (cost=95011.03..245027.05 rows=2299298 width=0) (actual time=2161.580..5116.057 rows=569448 loops=1)
  Hash Cond: (mk.movie_id = t.id)
  ->  Seq Scan on movie_keyword mk  (cost=0.00..69693.30 rows=4523930 width=4) (actual time=0.019..1130.284 rows=4523930 loops=1)
  ->  Hash  (cost=73925.90..73925.90 rows=1285130 width=4) (actual time=1645.790..1645.790 rows=1366141 loops=1)
        Buckets: 131072  Batches: 32  Memory Usage: 2535kB
        ->  Seq Scan on title t  (cost=0.00..73925.90 rows=1285130 width=4) (actual time=0.009..1201.169 rows=1366141 loops=1)
              Filter: ((production_year > 1968) AND (kind_id = 7))
              Rows Removed by Filter: 1162171
Planning time: 0.709 ms
Execution time: 5190.904 ms
