Hash Join  (cost=101090.92..183270.40 rows=323 width=156) (actual time=2019.919..3071.354 rows=4432 loops=1)
  Hash Cond: (mk.movie_id = t.id)
  ->  Seq Scan on movie_keyword mk  (cost=0.00..81003.12 rows=312832 width=12) (actual time=0.017..995.402 rows=334142 loops=1)
        Filter: (keyword_id < 275)
        Rows Removed by Filter: 4189788
  ->  Hash  (cost=101058.31..101058.31 rows=2609 width=144) (actual time=2018.762..2018.762 rows=5383 loops=1)
        Buckets: 8192 (originally 4096)  Batches: 1 (originally 1)  Memory Usage: 749kB
        ->  Hash Join  (cost=74103.28..101058.31 rows=2609 width=144) (actual time=1392.022..2013.823 rows=5383 loops=1)
              Hash Cond: (mi_idx.movie_id = t.id)
              ->  Seq Scan on movie_info_idx mi_idx  (cost=0.00..25185.44 rows=464934 width=50) (actual time=0.020..490.839 rows=460185 loops=1)
                    Filter: (info_type_id > 100)
                    Rows Removed by Filter: 919850
              ->  Hash  (cost=73925.90..73925.90 rows=14190 width=94) (actual time=1391.591..1391.591 rows=12208 loops=1)
                    Buckets: 16384  Batches: 1  Memory Usage: 1479kB
                    ->  Seq Scan on title t  (cost=0.00..73925.90 rows=14190 width=94) (actual time=0.455..1385.360 rows=12208 loops=1)
                          Filter: ((kind_id < 7) AND (production_year = 1996))
                          Rows Removed by Filter: 2516104
Planning time: 3.099 ms
Execution time: 3072.035 ms
