Hash Join  (cost=120929.94..246121.95 rows=261798 width=0) (actual time=3521.138..4356.873 rows=151410 loops=1)
  Hash Cond: (mk.movie_id = t.id)
  ->  Seq Scan on movie_keyword mk  (cost=0.00..69693.30 rows=4523930 width=4) (actual time=0.023..1118.488 rows=4523930 loops=1)
  ->  Hash  (cost=118528.87..118528.87 rows=146325 width=8) (actual time=1870.658..1870.658 rows=55827 loops=1)
        Buckets: 131072  Batches: 2  Memory Usage: 2125kB
        ->  Hash Join  (cost=78325.14..118528.87 rows=146325 width=8) (actual time=1273.073..1850.523 rows=55827 loops=1)
              Hash Cond: (mi_idx.movie_id = t.id)
              ->  Seq Scan on movie_info_idx mi_idx  (cost=0.00..21735.35 rows=1380035 width=4) (actual time=0.024..362.243 rows=1380035 loops=1)
              ->  Hash  (cost=73925.90..73925.90 rows=268099 width=4) (actual time=909.246..909.246 rows=161686 loops=1)
                    Buckets: 131072  Batches: 4  Memory Usage: 2444kB
                    ->  Seq Scan on title t  (cost=0.00..73925.90 rows=268099 width=4) (actual time=0.020..854.456 rows=161686 loops=1)
                          Filter: ((production_year < 1975) AND (kind_id = 7))
                          Rows Removed by Filter: 2366626
Planning time: 1.256 ms
Execution time: 4376.647 ms
