Hash Join  (cost=128808.08..208247.13 rows=318351 width=0) (actual time=6291.493..11192.366 rows=1164234 loops=1)
  Hash Cond: (mc.movie_id = t.id)
  ->  Seq Scan on movie_companies mc  (cost=0.00..44881.29 rows=2609129 width=4) (actual time=0.012..2936.750 rows=2609129 loops=1)
  ->  Hash  (cost=123745.62..123745.62 rows=308517 width=8) (actual time=6290.535..6290.535 rows=379653 loops=1)
        Buckets: 131072  Batches: 8  Memory Usage: 2885kB
        ->  Hash Join  (cost=81530.55..123745.62 rows=308517 width=8) (actual time=3930.612..6170.167 rows=379653 loops=1)
              Hash Cond: (mi_idx.movie_id = t.id)
              ->  Seq Scan on movie_info_idx mi_idx  (cost=0.00..25185.44 rows=919057 width=4) (actual time=0.015..1373.836 rows=920110 loops=1)
                    Filter: (info_type_id > 99)
                    Rows Removed by Filter: 459925
              ->  Hash  (cost=67604.59..67604.59 rows=848797 width=4) (actual time=3929.358..3929.358 rows=849141 loops=1)
                    Buckets: 131072  Batches: 16  Memory Usage: 2892kB
                    ->  Seq Scan on title t  (cost=0.00..67604.59 rows=848797 width=4) (actual time=0.011..3583.404 rows=849141 loops=1)
                          Filter: (production_year < 1996)
                          Rows Removed by Filter: 1679171
Planning time: 1.096 ms
Execution time: 11356.296 ms
