Hash Join  (cost=199129.51..243430.00 rows=385101 width=0) (actual time=3556.306..5264.419 rows=562255 loops=1)
  Hash Cond: (mi_idx.movie_id = t.id)
  ->  Seq Scan on movie_info_idx mi_idx  (cost=0.00..21735.35 rows=1380035 width=4) (actual time=0.009..385.368 rows=1380035 loops=1)
  ->  Hash  (cost=187552.63..187552.63 rows=705590 width=8) (actual time=3555.670..3555.670 rows=444155 loops=1)
        Buckets: 131072  Batches: 16  Memory Usage: 2100kB
        ->  Hash Join  (cost=102767.86..187552.63 rows=705590 width=8) (actual time=2030.757..3416.265 rows=444155 loops=1)
              Hash Cond: (mc.movie_id = t.id)
              ->  Seq Scan on movie_companies mc  (cost=0.00..57926.93 rows=705590 width=4) (actual time=365.326..953.177 rows=444155 loops=1)
                    Filter: ((company_id < 11821) AND (company_type_id = 2))
                    Rows Removed by Filter: 2164974
              ->  Hash  (cost=61283.27..61283.27 rows=2528527 width=4) (actual time=1664.204..1664.204 rows=2528312 loops=1)
                    Buckets: 131072  Batches: 64  Memory Usage: 2415kB
                    ->  Seq Scan on title t  (cost=0.00..61283.27 rows=2528527 width=4) (actual time=0.025..840.684 rows=2528312 loops=1)
Planning time: 0.747 ms
Execution time: 5340.866 ms
