Seq Scan on cast_info ci  (cost=0.00..705507.15 rows=500 width=0) (actual time=2550.897..8410.595 rows=286 loops=1)
  Filter: (person_id = 1756007)
  Rows Removed by Filter: 36244058
Planning time: 0.327 ms
Execution time: 8410.716 ms
