Seq Scan on cast_info ci  (cost=0.00..796071.18 rows=607055 width=0) (actual time=9663.741..12823.650 rows=337424 loops=1)
  Filter: ((person_id < 3049222) AND (role_id = 6))
  Rows Removed by Filter: 35906920
Planning time: 0.351 ms
Execution time: 12867.702 ms
