Hash Join  (cost=807854.12..932926.38 rows=251922 width=0) (actual time=12625.682..14310.504 rows=128605 loops=1)
  Hash Cond: (mk.movie_id = t.id)
  ->  Seq Scan on movie_keyword mk  (cost=0.00..69693.30 rows=4523930 width=4) (actual time=0.024..1161.562 rows=4523930 loops=1)
  ->  Hash  (cost=805543.06..805543.06 rows=140805 width=8) (actual time=11739.908..11739.908 rows=114238 loops=1)
        Buckets: 131072  Batches: 2  Memory Usage: 3261kB
        ->  Hash Join  (cost=90606.68..805543.06 rows=140805 width=8) (actual time=4936.046..11699.520 rows=114238 loops=1)
              Hash Cond: (ci.movie_id = t.id)
              ->  Seq Scan on cast_info ci  (cost=0.00..705507.15 rows=350181 width=4) (actual time=3661.975..10059.331 rows=316118 loops=1)
                    Filter: (role_id > 10)
                    Rows Removed by Filter: 35928226
              ->  Hash  (cost=73925.90..73925.90 rows=1016702 width=4) (actual time=1272.895..1272.895 rows=960113 loops=1)
                    Buckets: 131072  Batches: 16  Memory Usage: 3135kB
                    ->  Seq Scan on title t  (cost=0.00..73925.90 rows=1016702 width=4) (actual time=0.029..1004.242 rows=960113 loops=1)
                          Filter: ((production_year < 2008) AND (kind_id = 7))
                          Rows Removed by Filter: 1568199
Planning time: 1.067 ms
Execution time: 14328.200 ms
