Hash Join  (cost=136579.37..223997.44 rows=76003 width=0) (actual time=3365.497..3751.199 rows=38738 loops=1)
  Hash Cond: (mk.movie_id = t.id)
  ->  Seq Scan on movie_keyword mk  (cost=0.00..69693.30 rows=4523930 width=4) (actual time=0.026..727.495 rows=4523930 loops=1)
  ->  Hash  (cost=136048.37..136048.37 rows=42480 width=8) (actual time=2218.512..2218.512 rows=14378 loops=1)
        Buckets: 65536  Batches: 1  Memory Usage: 1074kB
        ->  Hash Join  (cost=74440.79..136048.37 rows=42480 width=8) (actual time=1143.699..2212.237 rows=14378 loops=1)
              Hash Cond: (mc.movie_id = t.id)
              ->  Seq Scan on movie_companies mc  (cost=0.00..51404.11 rows=2607645 width=4) (actual time=0.023..801.734 rows=2604417 loops=1)
                    Filter: (company_id > 5)
                    Rows Removed by Filter: 4712
              ->  Hash  (cost=73925.90..73925.90 rows=41191 width=4) (actual time=860.579..860.579 rows=43851 loops=1)
                    Buckets: 65536  Batches: 1  Memory Usage: 2054kB
                    ->  Seq Scan on title t  (cost=0.00..73925.90 rows=41191 width=4) (actual time=111.279..843.448 rows=43851 loops=1)
                          Filter: ((kind_id = 7) AND (production_year = 2003))
                          Rows Removed by Filter: 2484461
Planning time: 1.086 ms
Execution time: 3756.599 ms
