Hash Join  (cost=74099.05..101085.14 rows=7560 width=0) (actual time=886.633..1375.643 rows=14539 loops=1)
  Hash Cond: (mi_idx.movie_id = t.id)
  ->  Seq Scan on movie_info_idx mi_idx  (cost=0.00..21735.35 rows=1380035 width=4) (actual time=0.024..219.563 rows=1380035 loops=1)
  ->  Hash  (cost=73925.90..73925.90 rows=13852 width=4) (actual time=886.364..886.364 rows=10385 loops=1)
        Buckets: 16384  Batches: 1  Memory Usage: 494kB
        ->  Seq Scan on title t  (cost=0.00..73925.90 rows=13852 width=4) (actual time=1.425..881.375 rows=10385 loops=1)
              Filter: ((kind_id < 4) AND (production_year = 1997))
              Rows Removed by Filter: 2517927
Planning time: 0.732 ms
Execution time: 1377.934 ms
