Seq Scan on movie_keyword mk  (cost=0.00..81003.12 rows=2888273 width=0) (actual time=0.025..1321.662 rows=2877733 loops=1)
  Filter: (keyword_id > 2499)
  Rows Removed by Filter: 1646197
Planning time: 0.287 ms
Execution time: 1692.469 ms
