Hash Join  (cost=94531.42..448996.38 rows=313 width=0) (actual time=2410.162..5698.541 rows=6 loops=1)
  Hash Cond: (mi.movie_id = t.id)
  ->  Seq Scan on movie_info mi  (cost=0.00..346232.03 rows=2194617 width=4) (actual time=742.225..4140.006 rows=2233850 loops=1)
        Filter: (info_type_id > 16)
        Rows Removed by Filter: 12601870
  ->  Hash  (cost=94526.92..94526.92 rows=360 width=8) (actual time=1340.197..1340.197 rows=3 loops=1)
        Buckets: 1024  Batches: 1  Memory Usage: 9kB
        ->  Hash Join  (cost=67612.84..94526.92 rows=360 width=8) (actual time=866.370..1340.187 rows=3 loops=1)
              Hash Cond: (mi_idx.movie_id = t.id)
              ->  Seq Scan on movie_info_idx mi_idx  (cost=0.00..21735.35 rows=1380035 width=4) (actual time=0.023..230.308 rows=1380035 loops=1)
              ->  Hash  (cost=67604.59..67604.59 rows=660 width=4) (actual time=831.932..831.932 rows=3515 loops=1)
                    Buckets: 4096 (originally 1024)  Batches: 1 (originally 1)  Memory Usage: 156kB
                    ->  Seq Scan on title t  (cost=0.00..67604.59 rows=660 width=4) (actual time=0.058..830.081 rows=3515 loops=1)
                          Filter: (production_year > 2013)
                          Rows Removed by Filter: 2524797
Planning time: 1.687 ms
Execution time: 5699.011 ms
