Hash Join  (cost=963333.03..1114752.90 rows=2414583 width=0) (actual time=12530.033..16806.814 rows=5071208 loops=1)
  Hash Cond: (mk.movie_id = t.id)
  ->  Seq Scan on movie_keyword mk  (cost=0.00..69693.30 rows=4523930 width=4) (actual time=0.023..1205.529 rows=4523930 loops=1)
  ->  Hash  (cost=941191.47..941191.47 rows=1349565 width=8) (actual time=12528.602..12528.602 rows=787098 loops=1)
        Buckets: 131072  Batches: 32  Memory Usage: 1992kB
        ->  Hash Join  (cost=102767.86..941191.47 rows=1349565 width=8) (actual time=4332.755..12285.572 rows=787098 loops=1)
              Hash Cond: (ci.movie_id = t.id)
              ->  Seq Scan on cast_info ci  (cost=0.00..796071.18 rows=1349565 width=4) (actual time=2666.633..9526.243 rows=787098 loops=1)
                    Filter: ((person_id < 372057) AND (role_id > 3))
                    Rows Removed by Filter: 35457246
              ->  Hash  (cost=61283.27..61283.27 rows=2528527 width=4) (actual time=1664.100..1664.100 rows=2528312 loops=1)
                    Buckets: 131072  Batches: 64  Memory Usage: 2415kB
                    ->  Seq Scan on title t  (cost=0.00..61283.27 rows=2528527 width=4) (actual time=0.025..802.566 rows=2528312 loops=1)
Planning time: 0.869 ms
Execution time: 17319.813 ms
