Hash Join  (cost=119375.26..606762.97 rows=710480 width=0) (actual time=1960.185..11807.141 rows=389412 loops=1)
  Hash Cond: (mi.movie_id = t.id)
  ->  Seq Scan on movie_info mi  (cost=0.00..309384.22 rows=14739122 width=4) (actual time=0.018..4599.022 rows=14835720 loops=1)
  ->  Hash  (cost=117374.71..117374.71 rows=121884 width=8) (actual time=1956.237..1956.237 rows=33909 loops=1)
        Buckets: 131072  Batches: 2  Memory Usage: 1700kB
        ->  Hash Join  (cost=77590.39..117374.71 rows=121884 width=8) (actual time=1005.262..1943.834 rows=33909 loops=1)
              Hash Cond: (mi_idx.movie_id = t.id)
              ->  Seq Scan on movie_info_idx mi_idx  (cost=0.00..21735.35 rows=1380035 width=4) (actual time=0.019..367.430 rows=1380035 loops=1)
              ->  Hash  (cost=73925.90..73925.90 rows=223319 width=4) (actual time=1000.083..1000.083 rows=90472 loops=1)
                    Buckets: 131072  Batches: 4  Memory Usage: 1819kB
                    ->  Seq Scan on title t  (cost=0.00..73925.90 rows=223319 width=4) (actual time=0.025..968.171 rows=90472 loops=1)
                          Filter: ((kind_id > 1) AND (production_year < 1965))
                          Rows Removed by Filter: 2437840
Planning time: 1.011 ms
Execution time: 11858.887 ms
