Hash Join  (cost=214220.06..253812.65 rows=183952 width=0) (actual time=4331.314..5526.809 rows=677970 loops=1)
  Hash Cond: (mi_idx.movie_id = t.id)
  ->  Seq Scan on movie_info_idx mi_idx  (cost=0.00..25185.44 rows=915101 width=4) (actual time=0.022..503.545 rows=919850 loops=1)
        Filter: (info_type_id < 101)
        Rows Removed by Filter: 460185
  ->  Hash  (cost=205880.55..205880.55 rows=508281 width=8) (actual time=4330.514..4330.514 rows=506969 loops=1)
        Buckets: 131072  Batches: 8  Memory Usage: 3531kB
        ->  Hash Join  (cost=102767.86..205880.55 rows=508281 width=8) (actual time=1642.871..4172.890 rows=506969 loops=1)
              Hash Cond: (mk.movie_id = t.id)
              ->  Seq Scan on movie_keyword mk  (cost=0.00..81003.12 rows=508281 width=4) (actual time=0.008..1190.909 rows=506969 loops=1)
                    Filter: (keyword_id < 370)
                    Rows Removed by Filter: 4016961
              ->  Hash  (cost=61283.27..61283.27 rows=2528527 width=4) (actual time=1641.796..1641.796 rows=2528312 loops=1)
                    Buckets: 131072  Batches: 64  Memory Usage: 2425kB
                    ->  Seq Scan on title t  (cost=0.00..61283.27 rows=2528527 width=4) (actual time=0.011..779.698 rows=2528312 loops=1)
Planning time: 1.051 ms
Execution time: 5613.435 ms
