Hash Join  (cost=73994.33..128716.33 rows=5648 width=0) (actual time=994.649..2043.105 rows=10746 loops=1)
  Hash Cond: (mc.movie_id = t.id)
  ->  Seq Scan on movie_companies mc  (cost=0.00..44881.29 rows=2609129 width=4) (actual time=0.014..505.581 rows=2609129 loops=1)
  ->  Hash  (cost=73925.90..73925.90 rows=5474 width=4) (actual time=994.326..994.326 rows=10544 loops=1)
        Buckets: 16384 (originally 8192)  Batches: 1 (originally 1)  Memory Usage: 499kB
        ->  Seq Scan on title t  (cost=0.00..73925.90 rows=5474 width=4) (actual time=0.100..989.067 rows=10544 loops=1)
              Filter: ((kind_id > 1) AND (production_year = 1979))
              Rows Removed by Filter: 2517768
Planning time: 0.684 ms
Execution time: 2045.036 ms
