Seq Scan on cast_info ci  (cost=0.00..705507.15 rows=31188268 width=0) (actual time=0.009..11565.583 rows=31153840 loops=1)
  Filter: (person_id < 3159384)
  Rows Removed by Filter: 5090504
Planning time: 0.355 ms
Execution time: 15452.594 ms
