Hash Join  (cost=216014.67..1126697.57 rows=3227522 width=0) (actual time=3882.679..23922.667 rows=8901795 loops=1)
  Hash Cond: (ci.movie_id = t.id)
  ->  Seq Scan on cast_info ci  (cost=0.00..705507.15 rows=14766807 width=4) (actual time=0.035..10471.043 rows=14670253 loops=1)
        Filter: (person_id < 1446325)
        Rows Removed by Filter: 21574091
  ->  Hash  (cost=206947.55..206947.55 rows=552650 width=8) (actual time=3881.894..3881.894 rows=551723 loops=1)
        Buckets: 131072  Batches: 8  Memory Usage: 3752kB
        ->  Hash Join  (cost=102767.86..206947.55 rows=552650 width=8) (actual time=1643.885..3713.705 rows=551723 loops=1)
              Hash Cond: (mk.movie_id = t.id)
              ->  Seq Scan on movie_keyword mk  (cost=0.00..81003.12 rows=552650 width=4) (actual time=0.028..1181.148 rows=551723 loops=1)
                    Filter: (keyword_id < 395)
                    Rows Removed by Filter: 3972207
              ->  Hash  (cost=61283.27..61283.27 rows=2528527 width=4) (actual time=1641.076..1641.076 rows=2528312 loops=1)
                    Buckets: 131072  Batches: 64  Memory Usage: 2425kB
                    ->  Seq Scan on title t  (cost=0.00..61283.27 rows=2528527 width=4) (actual time=0.019..798.531 rows=2528312 loops=1)
Planning time: 1.112 ms
Execution time: 24829.551 ms
