Hash Join  (cost=231322.67..1661363.66 rows=26098829 width=0) (actual time=5400.293..52186.942 rows=59509280 loops=1)
  Hash Cond: (ci.movie_id = t.id)
  ->  Seq Scan on cast_info ci  (cost=0.00..705507.15 rows=35614111 width=4) (actual time=0.021..14161.188 rows=35733151 loops=1)
        Filter: (person_id > 56535)
        Rows Removed by Filter: 511193
  ->  Hash  (cost=200921.64..200921.64 rows=1852962 width=8) (actual time=5399.035..5399.035 rows=2059977 loops=1)
        Buckets: 131072  Batches: 32  Memory Usage: 3507kB
        ->  Hash Join  (cost=97066.09..200921.64 rows=1852962 width=8) (actual time=1773.062..4782.889 rows=2059977 loops=1)
              Hash Cond: (mc.movie_id = t.id)
              ->  Seq Scan on movie_companies mc  (cost=0.00..44881.29 rows=2609129 width=4) (actual time=0.015..719.701 rows=2609129 loops=1)
              ->  Hash  (cost=67604.59..67604.59 rows=1795720 width=4) (actual time=1771.808..1771.808 rows=1794153 loops=1)
                    Buckets: 131072  Batches: 32  Memory Usage: 2992kB
                    ->  Seq Scan on title t  (cost=0.00..67604.59 rows=1795720 width=4) (actual time=0.026..1002.085 rows=1794153 loops=1)
                          Filter: (production_year < 2009)
                          Rows Removed by Filter: 734159
Planning time: 1.129 ms
Execution time: 58610.535 ms
