Hash Join  (cost=74528.24..832221.05 rows=690364 width=0) (actual time=3526.210..55700.638 rows=645384 loops=1)
  Hash Cond: (ci.movie_id = t.id)
  ->  Seq Scan on cast_info ci  (cost=0.00..614943.12 rows=36225612 width=4) (actual time=0.022..36283.521 rows=36244344 loops=1)
  ->  Hash  (cost=73925.90..73925.90 rows=48187 width=4) (actual time=3525.835..3525.835 rows=42764 loops=1)
        Buckets: 65536  Batches: 1  Memory Usage: 2016kB
        ->  Seq Scan on title t  (cost=0.00..73925.90 rows=48187 width=4) (actual time=0.017..3502.448 rows=42764 loops=1)
              Filter: ((kind_id < 3) AND (production_year = 2011))
              Rows Removed by Filter: 2485548
Planning time: 1.653 ms
Execution time: 55844.424 ms
