Hash Join  (cost=130257.90..628284.99 rows=1707617 width=0) (actual time=2584.286..16785.858 rows=9989295 loops=1)
  Hash Cond: (mi.movie_id = t.id)
  ->  Seq Scan on movie_info mi  (cost=0.00..309384.22 rows=14739122 width=4) (actual time=0.017..4429.834 rows=14835720 loops=1)
  ->  Hash  (cost=125451.09..125451.09 rows=292945 width=8) (actual time=2543.073..2543.073 rows=447527 loops=1)
        Buckets: 131072 (originally 131072)  Batches: 8 (originally 4)  Memory Usage: 3226kB
        ->  Hash Join  (cost=82732.15..125451.09 rows=292945 width=8) (actual time=1317.919..2391.020 rows=447527 loops=1)
              Hash Cond: (mi_idx.movie_id = t.id)
              ->  Seq Scan on movie_info_idx mi_idx  (cost=0.00..21735.35 rows=1380035 width=4) (actual time=0.024..400.066 rows=1380035 loops=1)
              ->  Hash  (cost=73925.90..73925.90 rows=536740 width=4) (actual time=1161.160..1161.160 rows=412270 loops=1)
                    Buckets: 131072  Batches: 8  Memory Usage: 2843kB
                    ->  Seq Scan on title t  (cost=0.00..73925.90 rows=536740 width=4) (actual time=507.945..1025.579 rows=412270 loops=1)
                          Filter: ((production_year > 1973) AND (kind_id = 1))
                          Rows Removed by Filter: 2116042
Planning time: 1.074 ms
Execution time: 17991.787 ms
