Hash Join  (cost=67697.55..869075.54 rows=4130 width=0) (actual time=5443.302..12485.265 rows=7890 loops=1)
  Hash Cond: (ci.movie_id = t.id)
  ->  Seq Scan on cast_info ci  (cost=0.00..796071.18 rows=1404137 width=4) (actual time=4582.055..11389.745 rows=1387952 loops=1)
        Filter: ((person_id > 663667) AND (role_id = 8))
        Rows Removed by Filter: 34856392
  ->  Hash  (cost=67604.59..67604.59 rows=7437 width=4) (actual time=860.751..860.751 rows=14235 loops=1)
        Buckets: 16384 (originally 8192)  Batches: 1 (originally 1)  Memory Usage: 629kB
        ->  Seq Scan on title t  (cost=0.00..67604.59 rows=7437 width=4) (actual time=0.075..854.140 rows=14235 loops=1)
              Filter: (production_year = 1968)
              Rows Removed by Filter: 2514077
Planning time: 0.652 ms
Execution time: 12486.641 ms
