Hash Join  (cost=97361.21..534753.12 rows=2808853 width=0) (actual time=2286.328..8760.535 rows=882735 loops=1)
  Hash Cond: (mi.movie_id = t.id)
  ->  Seq Scan on movie_info mi  (cost=0.00..346232.03 rows=4972096 width=4) (actual time=592.516..4550.440 rows=4923966 loops=1)
        Filter: (info_type_id < 5)
        Rows Removed by Filter: 9911754
  ->  Hash  (cost=73925.90..73925.90 rows=1428424 width=4) (actual time=1692.504..1692.504 rows=1478437 loops=1)
        Buckets: 131072  Batches: 32  Memory Usage: 2656kB
        ->  Seq Scan on title t  (cost=0.00..73925.90 rows=1428424 width=4) (actual time=0.030..1201.622 rows=1478437 loops=1)
              Filter: ((production_year > 1931) AND (kind_id = 7))
              Rows Removed by Filter: 1049875
Planning time: 0.720 ms
Execution time: 8846.155 ms
