Seq Scan on movie_keyword mk  (cost=0.00..81003.12 rows=3179664 width=0) (actual time=0.030..1337.864 rows=3168959 loops=1)
  Filter: (keyword_id < 12439)
  Rows Removed by Filter: 1354971
Planning time: 0.322 ms
Execution time: 1755.178 ms
