Hash Join  (cost=157748.58..1233323.39 rows=4066265 width=0) (actual time=3022.126..35481.888 rows=9061949 loops=1)
  Hash Cond: (ci.movie_id = t.id)
  ->  Seq Scan on cast_info ci  (cost=0.00..614943.12 rows=36225612 width=4) (actual time=0.016..10631.358 rows=36244344 loops=1)
  ->  Hash  (cost=153091.79..153091.79 rows=283823 width=8) (actual time=3021.164..3021.164 rows=515848 loops=1)
        Buckets: 131072 (originally 131072)  Batches: 8 (originally 4)  Memory Usage: 3539kB
        ->  Hash Join  (cost=73205.47..153091.79 rows=283823 width=8) (actual time=970.523..2874.047 rows=515848 loops=1)
              Hash Cond: (mc.movie_id = t.id)
              ->  Seq Scan on movie_companies mc  (cost=0.00..51404.11 rows=2102393 width=4) (actual time=1.733..827.421 rows=2098699 loops=1)
                    Filter: (company_id < 73757)
                    Rows Removed by Filter: 510430
              ->  Hash  (cost=67604.59..67604.59 rows=341351 width=4) (actual time=968.067..968.067 rows=337846 loops=1)
                    Buckets: 131072  Batches: 8  Memory Usage: 2501kB
                    ->  Seq Scan on title t  (cost=0.00..67604.59 rows=341351 width=4) (actual time=0.020..859.603 rows=337846 loops=1)
                          Filter: (production_year < 1968)
                          Rows Removed by Filter: 2190466
Planning time: 1.093 ms
Execution time: 36571.717 ms
