Seq Scan on movie_companies mc  (cost=0.00..57926.93 rows=268090 width=0) (actual time=199.699..653.642 rows=529861 loops=1)
  Filter: ((company_id > 72734) AND (company_type_id = 2))
  Rows Removed by Filter: 2079268
Planning time: 0.352 ms
Execution time: 711.583 ms
