Hash Join  (cost=132226.06..211159.70 rows=281711 width=0) (actual time=2399.879..4361.271 rows=416780 loops=1)
  Hash Cond: (mc.movie_id = t.id)
  ->  Seq Scan on movie_companies mc  (cost=0.00..44881.29 rows=2609129 width=4) (actual time=0.028..734.939 rows=2609129 loops=1)
  ->  Hash  (cost=127746.46..127746.46 rows=273008 width=8) (actual time=2398.964..2398.964 rows=196822 loops=1)
        Buckets: 131072  Batches: 4  Memory Usage: 2955kB
        ->  Hash Join  (cost=86302.32..127746.46 rows=273008 width=8) (actual time=1294.682..2340.327 rows=196822 loops=1)
              Hash Cond: (mi_idx.movie_id = t.id)
              ->  Seq Scan on movie_info_idx mi_idx  (cost=0.00..25185.44 rows=915101 width=4) (actual time=0.031..472.329 rows=919850 loops=1)
                    Filter: (info_type_id < 101)
                    Rows Removed by Filter: 460185
              ->  Hash  (cost=73925.90..73925.90 rows=754353 width=4) (actual time=1293.429..1293.429 rows=651007 loops=1)
                    Buckets: 131072  Batches: 16  Memory Usage: 2455kB
                    ->  Seq Scan on title t  (cost=0.00..73925.90 rows=754353 width=4) (actual time=0.019..1081.053 rows=651007 loops=1)
                          Filter: ((kind_id > 2) AND (production_year < 2001))
                          Rows Removed by Filter: 1877305
Planning time: 1.086 ms
Execution time: 4416.998 ms
