Hash Join  (cost=114969.38..185951.28 rows=76948 width=0) (actual time=2521.633..4255.818 rows=453476 loops=1)
  Hash Cond: (mc.movie_id = t.id)
  ->  Seq Scan on movie_companies mc  (cost=0.00..51404.11 rows=1585148 width=4) (actual time=0.026..879.609 rows=1575053 loops=1)
        Filter: (company_id < 15444)
        Rows Removed by Filter: 1034076
  ->  Hash  (cost=112955.10..112955.10 rows=122743 width=8) (actual time=2520.802..2520.802 rows=210140 loops=1)
        Buckets: 131072 (originally 131072)  Batches: 4 (originally 2)  Memory Usage: 3077kB
        ->  Hash Join  (cost=78556.72..112955.10 rows=122743 width=8) (actual time=1636.442..2446.613 rows=210140 loops=1)
              Hash Cond: (mi_idx.movie_id = t.id)
              ->  Seq Scan on movie_info_idx mi_idx  (cost=0.00..25185.44 rows=464934 width=4) (actual time=0.023..401.189 rows=460185 loops=1)
                    Filter: (info_type_id > 100)
                    Rows Removed by Filter: 919850
              ->  Hash  (cost=67604.59..67604.59 rows=667531 width=4) (actual time=974.431..974.431 rows=662825 loops=1)
                    Buckets: 131072  Batches: 16  Memory Usage: 2476kB
                    ->  Seq Scan on title t  (cost=0.00..67604.59 rows=667531 width=4) (actual time=225.464..768.608 rows=662825 loops=1)
                          Filter: (kind_id = 1)
                          Rows Removed by Filter: 1865487
Planning time: 1.083 ms
Execution time: 4314.828 ms
