Hash Join  (cost=78183.26..427189.29 rows=4574 width=0) (actual time=1447.869..5413.967 rows=25351 loops=1)
  Hash Cond: (mi.movie_id = t.id)
  ->  Seq Scan on movie_info mi  (cost=0.00..346232.03 rows=17937 width=4) (actual time=265.972..4091.006 rows=68025 loops=1)
        Filter: (info_type_id = 94)
        Rows Removed by Filter: 14767695
  ->  Hash  (cost=67604.59..67604.59 rows=644774 width=4) (actual time=1180.557..1180.557 rows=642973 loops=1)
        Buckets: 131072  Batches: 16  Memory Usage: 2439kB
        ->  Seq Scan on title t  (cost=0.00..67604.59 rows=644774 width=4) (actual time=0.043..960.185 rows=642973 loops=1)
              Filter: (production_year < 1988)
              Rows Removed by Filter: 1885339
Planning time: 0.716 ms
Execution time: 5417.346 ms
