Hash Join  (cost=484103.28..1604279.50 rows=9025529 width=0) (actual time=6849.537..33129.937 rows=5943069 loops=1)
  Hash Cond: (ci.movie_id = t.id)
  ->  Seq Scan on cast_info ci  (cost=0.00..705507.15 rows=27779682 width=4) (actual time=0.027..12414.954 rows=27909595 loops=1)
        Filter: (person_id > 816133)
        Rows Removed by Filter: 8334749
  ->  Hash  (cost=470624.40..470624.40 rows=821510 width=8) (actual time=6848.386..6848.386 rows=358313 loops=1)
        Buckets: 131072  Batches: 16  Memory Usage: 1895kB
        ->  Hash Join  (cost=92883.59..470624.40 rows=821510 width=8) (actual time=4020.987..6734.921 rows=358313 loops=1)
              Hash Cond: (mi.movie_id = t.id)
              ->  Seq Scan on movie_info mi  (cost=0.00..346232.03 rows=1348138 width=4) (actual time=2555.898..4221.382 rows=1298989 loops=1)
                    Filter: (info_type_id = 4)
                    Rows Removed by Filter: 13536731
              ->  Hash  (cost=67604.59..67604.59 rows=1540800 width=4) (actual time=1463.900..1463.900 rows=1543264 loops=1)
                    Buckets: 131072  Batches: 32  Memory Usage: 2728kB
                    ->  Seq Scan on title t  (cost=0.00..67604.59 rows=1540800 width=4) (actual time=106.821..957.693 rows=1543264 loops=1)
                          Filter: (kind_id = 7)
                          Rows Removed by Filter: 985048
Planning time: 1.076 ms
Execution time: 33838.318 ms
