Seq Scan on cast_info ci  (cost=0.00..705507.15 rows=500 width=0) (actual time=4284.179..8834.346 rows=95 loops=1)
  Filter: (person_id = 3394712)
  Rows Removed by Filter: 36244249
Planning time: 0.340 ms
Execution time: 8834.439 ms
