Hash Join  (cost=102767.86..203939.30 rows=427589 width=0) (actual time=1637.212..3068.775 rows=422256 loops=1)
  Hash Cond: (mk.movie_id = t.id)
  ->  Seq Scan on movie_keyword mk  (cost=0.00..81003.12 rows=427589 width=4) (actual time=0.021..902.112 rows=422256 loops=1)
        Filter: (keyword_id > 41351)
        Rows Removed by Filter: 4101674
  ->  Hash  (cost=61283.27..61283.27 rows=2528527 width=4) (actual time=1636.084..1636.084 rows=2528312 loops=1)
        Buckets: 131072  Batches: 64  Memory Usage: 2425kB
        ->  Seq Scan on title t  (cost=0.00..61283.27 rows=2528527 width=4) (actual time=0.009..775.314 rows=2528312 loops=1)
Planning time: 0.643 ms
Execution time: 3105.771 ms
