Hash Join  (cost=133303.21..229336.37 rows=681 width=0) (actual time=1720.358..3603.810 rows=2945 loops=1)
  Hash Cond: (mk.movie_id = t.id)
  ->  Seq Scan on movie_keyword mk  (cost=0.00..81003.12 rows=4006193 width=4) (actual time=0.026..1349.240 rows=4007025 loops=1)
        Filter: (keyword_id > 373)
        Rows Removed by Filter: 516905
  ->  Hash  (cost=133297.83..133297.83 rows=430 width=8) (actual time=1681.637..1681.637 rows=148 loops=1)
        Buckets: 1024  Batches: 1  Memory Usage: 14kB
        ->  Hash Join  (cost=73962.22..133297.83 rows=430 width=8) (actual time=1033.633..1681.523 rows=148 loops=1)
              Hash Cond: (mc.movie_id = t.id)
              ->  Seq Scan on movie_companies mc  (cost=0.00..57926.93 rows=374502 width=4) (actual time=116.529..752.473 rows=59712 loops=1)
                    Filter: ((company_id > 34097) AND (company_type_id = 1))
                    Rows Removed by Filter: 2549417
              ->  Hash  (cost=73925.90..73925.90 rows=2905 width=4) (actual time=916.729..916.729 rows=2748 loops=1)
                    Buckets: 4096  Batches: 1  Memory Usage: 129kB
                    ->  Seq Scan on title t  (cost=0.00..73925.90 rows=2905 width=4) (actual time=3.364..915.222 rows=2748 loops=1)
                          Filter: ((kind_id < 7) AND (production_year = 1951))
                          Rows Removed by Filter: 2525564
Planning time: 1.124 ms
Execution time: 3604.329 ms
