Hash Join  (cost=210559.80..253815.88 rows=324259 width=0) (actual time=10726.118..13126.769 rows=1063705 loops=1)
  Hash Cond: (mi_idx.movie_id = t.id)
  ->  Seq Scan on movie_info_idx mi_idx  (cost=0.00..21735.35 rows=1380035 width=4) (actual time=0.019..1244.003 rows=1380035 loops=1)
  ->  Hash  (cost=200812.38..200812.38 rows=594114 width=8) (actual time=10725.163..10725.163 rows=517677 loops=1)
        Buckets: 131072  Batches: 8  Memory Usage: 3579kB
        ->  Hash Join  (cost=95982.60..200812.38 rows=594114 width=8) (actual time=5399.118..10545.590 rows=517677 loops=1)
              Hash Cond: (mk.movie_id = t.id)
              ->  Seq Scan on movie_keyword mk  (cost=0.00..81003.12 rows=868503 width=4) (actual time=0.016..4121.534 rows=870627 loops=1)
                    Filter: (keyword_id < 827)
                    Rows Removed by Filter: 3653303
              ->  Hash  (cost=67604.59..67604.59 rows=1729681 width=4) (actual time=5398.288..5398.288 rows=1725233 loops=1)
                    Buckets: 131072  Batches: 32  Memory Usage: 2931kB
                    ->  Seq Scan on title t  (cost=0.00..67604.59 rows=1729681 width=4) (actual time=0.015..4643.031 rows=1725233 loops=1)
                          Filter: (production_year > 1991)
                          Rows Removed by Filter: 803079
Planning time: 1.100 ms
Execution time: 13281.299 ms
