Seq Scan on cast_info ci  (cost=0.00..705507.15 rows=356705 width=0) (actual time=2567.269..8341.537 rows=382617 loops=1)
  Filter: (person_id > 3990636)
  Rows Removed by Filter: 35861727
Planning time: 0.325 ms
Execution time: 8390.996 ms
