Hash Join  (cost=219197.63..1231632.44 rows=6918241 width=0) (actual time=3827.118..24265.742 rows=6319943 loops=1)
  Hash Cond: (ci.movie_id = t.id)
  ->  Seq Scan on cast_info ci  (cost=0.00..796071.18 rows=11002443 width=4) (actual time=0.016..12170.244 rows=12037217 loops=1)
        Filter: ((person_id < 1240369) AND (role_id < 10))
        Rows Removed by Filter: 24207127
  ->  Hash  (cost=193112.68..193112.68 rows=1589916 width=8) (actual time=3825.733..3825.733 rows=717308 loops=1)
        Buckets: 131072  Batches: 32  Memory Usage: 1871kB
        ->  Hash Join  (cost=92883.59..193112.68 rows=1589916 width=8) (actual time=1472.977..3642.983 rows=717308 loops=1)
              Hash Cond: (mc.movie_id = t.id)
              ->  Seq Scan on movie_companies mc  (cost=0.00..44881.29 rows=2609129 width=4) (actual time=0.018..637.279 rows=2609129 loops=1)
              ->  Hash  (cost=67604.59..67604.59 rows=1540800 width=4) (actual time=1471.803..1471.803 rows=1543264 loops=1)
                    Buckets: 131072  Batches: 32  Memory Usage: 2722kB
                    ->  Seq Scan on title t  (cost=0.00..67604.59 rows=1540800 width=4) (actual time=103.205..987.392 rows=1543264 loops=1)
                          Filter: (kind_id = 7)
                          Rows Removed by Filter: 985048
Planning time: 1.160 ms
Execution time: 25063.350 ms
