Hash Join  (cost=709673.16..736583.65 rows=1 width=0) (actual time=8448.260..8687.875 rows=3 loops=1)
  Hash Cond: (mi_idx.movie_id = t.id)
  ->  Seq Scan on movie_info_idx mi_idx  (cost=0.00..21735.35 rows=1380035 width=4) (actual time=0.013..227.628 rows=1380035 loops=1)
  ->  Hash  (cost=709673.15..709673.15 rows=1 width=8) (actual time=8200.981..8200.981 rows=1 loops=1)
        Buckets: 1024  Batches: 1  Memory Usage: 9kB
        ->  Nested Loop  (cost=0.43..709673.15 rows=1 width=8) (actual time=3147.683..8200.953 rows=1 loops=1)
              ->  Seq Scan on cast_info ci  (cost=0.00..705507.15 rows=500 width=4) (actual time=3147.158..8199.324 rows=76 loops=1)
                    Filter: (person_id = 798724)
                    Rows Removed by Filter: 36244268
              ->  Index Scan using title_pkey on title t  (cost=0.43..8.32 rows=1 width=4) (actual time=0.020..0.020 rows=0 loops=76)
                    Index Cond: (id = ci.movie_id)
                    Filter: (production_year = 1982)
                    Rows Removed by Filter: 1
Planning time: 1.128 ms
Execution time: 8688.011 ms
