Hash Join  (cost=83074.47..137741.81 rows=180 width=0) (actual time=923.153..1894.911 rows=26450 loops=1)
  Hash Cond: (mc.movie_id = t.id)
  ->  Seq Scan on movie_companies mc  (cost=0.00..44881.29 rows=2609129 width=4) (actual time=0.018..453.135 rows=2609129 loops=1)
  ->  Hash  (cost=83072.29..83072.29 rows=175 width=8) (actual time=922.916..922.916 rows=2758 loops=1)
        Buckets: 4096 (originally 1024)  Batches: 1 (originally 1)  Memory Usage: 140kB
        ->  Nested Loop  (cost=0.43..83072.29 rows=175 width=8) (actual time=0.441..921.497 rows=2758 loops=1)
              ->  Seq Scan on movie_keyword mk  (cost=0.00..81003.12 rows=246 width=4) (actual time=0.384..875.177 rows=3402 loops=1)
                    Filter: (keyword_id = 872)
                    Rows Removed by Filter: 4520528
              ->  Index Scan using title_pkey on title t  (cost=0.43..8.40 rows=1 width=4) (actual time=0.013..0.013 rows=1 loops=3402)
                    Index Cond: (id = mk.movie_id)
                    Filter: (production_year < 2009)
                    Rows Removed by Filter: 0
Planning time: 1.177 ms
Execution time: 1898.766 ms
