Seq Scan on movie_companies mc  (cost=0.00..51404.11 rows=104 width=0) (actual time=7.518..663.675 rows=42 loops=1)
  Filter: (company_id = 18483)
  Rows Removed by Filter: 2609087
Planning time: 0.348 ms
Execution time: 663.761 ms
