Hash Join  (cost=879223.52..1064722.54 rows=1034377 width=0) (actual time=20509.579..24834.696 rows=4090053 loops=1)
  Hash Cond: (mk.movie_id = t.id)
  ->  Seq Scan on movie_keyword mk  (cost=0.00..69693.30 rows=4523930 width=4) (actual time=0.026..1168.514 rows=4523930 loops=1)
  ->  Hash  (cost=869737.81..869737.81 rows=578137 width=8) (actual time=20508.681..20508.681 rows=629728 loops=1)
        Buckets: 131072 (originally 131072)  Batches: 16 (originally 8)  Memory Usage: 3073kB
        ->  Hash Join  (cost=68365.25..869737.81 rows=578137 width=8) (actual time=872.117..20242.572 rows=629728 loops=1)
              Hash Cond: (ci.movie_id = t.id)
              ->  Seq Scan on cast_info ci  (cost=0.00..705507.15 rows=24022411 width=4) (actual time=0.035..12549.540 rows=24130698 loops=1)
                    Filter: (role_id < 4)
                    Rows Removed by Filter: 12113646
              ->  Hash  (cost=67604.59..67604.59 rows=60853 width=4) (actual time=871.735..871.735 rows=62568 loops=1)
                    Buckets: 65536  Batches: 1  Memory Usage: 2712kB
                    ->  Seq Scan on title t  (cost=0.00..67604.59 rows=60853 width=4) (actual time=0.050..844.775 rows=62568 loops=1)
                          Filter: (production_year = 2002)
                          Rows Removed by Filter: 2465744
Planning time: 1.087 ms
Execution time: 25190.244 ms
