Seq Scan on movie_companies mc  (cost=0.00..57926.93 rows=145337 width=0) (actual time=0.014..701.547 rows=287355 loops=1)
  Filter: ((company_id > 95131) AND (company_type_id = 2))
  Rows Removed by Filter: 2321774
Planning time: 0.375 ms
Execution time: 738.656 ms
