Hash Join  (cost=172479.38..305596.51 rows=912309 width=0) (actual time=4005.672..12155.934 rows=21032665 loops=1)
  Hash Cond: (mk.movie_id = t.id)
  ->  Seq Scan on movie_keyword mk  (cost=0.00..69693.30 rows=4523930 width=4) (actual time=0.016..1196.912 rows=4523930 loops=1)
  ->  Hash  (cost=164113.50..164113.50 rows=509910 width=8) (actual time=4004.641..4004.641 rows=1191497 loops=1)
        Buckets: 131072 (originally 131072)  Batches: 16 (originally 8)  Memory Usage: 3990kB
        ->  Hash Join  (cost=82033.88..164113.50 rows=509910 width=8) (actual time=1191.867..3624.233 rows=1191497 loops=1)
              Hash Cond: (mc.movie_id = t.id)
              ->  Seq Scan on movie_companies mc  (cost=0.00..44881.29 rows=2609129 width=4) (actual time=0.023..704.368 rows=2609129 loops=1)
              ->  Hash  (cost=73925.90..73925.90 rows=494158 width=4) (actual time=1190.826..1190.826 rows=581419 loops=1)
                    Buckets: 131072  Batches: 8  Memory Usage: 3592kB
                    ->  Seq Scan on title t  (cost=0.00..73925.90 rows=494158 width=4) (actual time=0.028..983.046 rows=581419 loops=1)
                          Filter: ((kind_id < 7) AND (production_year < 2004))
                          Rows Removed by Filter: 1946893
Planning time: 1.054 ms
Execution time: 14653.215 ms
