Seq Scan on title t  (cost=0.00..73925.90 rows=1312864 width=0) (actual time=0.019..1187.885 rows=1391524 loops=1)
  Filter: ((production_year > 1965) AND (kind_id = 7))
  Rows Removed by Filter: 1136788
Planning time: 0.326 ms
Execution time: 1365.442 ms
