Hash Join  (cost=329714.72..833087.95 rows=6998870 width=0) (actual time=7460.762..35146.778 rows=89840823 loops=1)
  Hash Cond: (mi.movie_id = t.id)
  ->  Seq Scan on movie_info mi  (cost=0.00..346232.03 rows=5263441 width=4) (actual time=0.022..4976.985 rows=5270569 loops=1)
        Filter: (info_type_id > 15)
        Rows Removed by Filter: 9565151
  ->  Hash  (cost=274553.01..274553.01 rows=3362217 width=8) (actual time=7459.415..7459.415 rows=3346045 loops=1)
        Buckets: 131072  Batches: 64  Memory Usage: 3168kB
        ->  Hash Join  (cost=102767.86..274553.01 rows=3362217 width=8) (actual time=1728.894..6500.045 rows=3346045 loops=1)
              Hash Cond: (mk.movie_id = t.id)
              ->  Seq Scan on movie_keyword mk  (cost=0.00..81003.12 rows=3362217 width=4) (actual time=0.020..1365.026 rows=3346045 loops=1)
                    Filter: (keyword_id < 15855)
                    Rows Removed by Filter: 1177885
              ->  Hash  (cost=61283.27..61283.27 rows=2528527 width=4) (actual time=1726.598..1726.598 rows=2528312 loops=1)
                    Buckets: 131072  Batches: 64  Memory Usage: 2425kB
                    ->  Seq Scan on title t  (cost=0.00..61283.27 rows=2528527 width=4) (actual time=0.015..831.143 rows=2528312 loops=1)
Planning time: 1.098 ms
Execution time: 44371.533 ms
