Seq Scan on movie_companies mc  (cost=0.00..57926.93 rows=827425 width=0) (actual time=109.176..870.691 rows=518525 loops=1)
  Filter: ((company_id < 16836) AND (company_type_id = 2))
  Rows Removed by Filter: 2090604
Planning time: 0.342 ms
Execution time: 938.627 ms
