Seq Scan on movie_companies mc  (cost=0.00..51404.11 rows=2022122 width=0) (actual time=0.020..834.318 rows=2014906 loops=1)
  Filter: (company_id < 69381)
  Rows Removed by Filter: 594223
Planning time: 0.303 ms
Execution time: 1090.477 ms
