Hash Join  (cost=186077.74..709913.34 rows=4126368 width=0) (actual time=4014.806..15334.596 rows=2824925 loops=1)
  Hash Cond: (mi.movie_id = t.id)
  ->  Seq Scan on movie_info mi  (cost=0.00..309384.22 rows=14739122 width=4) (actual time=0.020..4831.472 rows=14835720 loops=1)
  ->  Hash  (cost=174463.15..174463.15 rows=707887 width=8) (actual time=3601.246..3601.246 rows=314968 loops=1)
        Buckets: 131072  Batches: 16  Memory Usage: 1781kB
        ->  Hash Join  (cost=87146.10..174463.15 rows=707887 width=8) (actual time=1303.670..3504.549 rows=314968 loops=1)
              Hash Cond: (mc.movie_id = t.id)
              ->  Seq Scan on movie_companies mc  (cost=0.00..51404.11 rows=2221350 width=4) (actual time=0.023..951.284 rows=2215982 loops=1)
                    Filter: (company_id < 83001)
                    Rows Removed by Filter: 393147
              ->  Hash  (cost=73925.90..73925.90 rows=805776 width=4) (actual time=1302.499..1302.499 rows=881945 loops=1)
                    Buckets: 131072  Batches: 16  Memory Usage: 2970kB
                    ->  Seq Scan on title t  (cost=0.00..73925.90 rows=805776 width=4) (actual time=130.970..1023.922 rows=881945 loops=1)
                          Filter: ((production_year > 2001) AND (kind_id = 7))
                          Rows Removed by Filter: 1646367
Planning time: 1.393 ms
Execution time: 15623.592 ms
