Seq Scan on cast_info ci  (cost=0.00..705507.15 rows=34416866 width=0) (actual time=0.027..11669.156 rows=34395041 loops=1)
  Filter: (person_id < 3696925)
  Rows Removed by Filter: 1849303
Planning time: 0.327 ms
Execution time: 16041.631 ms
