Seq Scan on movie_companies mc  (cost=0.00..51404.11 rows=104 width=0) (actual time=73.709..736.164 rows=199 loops=1)
  Filter: (company_id = 12277)
  Rows Removed by Filter: 2608930
Planning time: 0.373 ms
Execution time: 736.317 ms
