Seq Scan on movie_companies mc  (cost=0.00..51404.11 rows=803259 width=0) (actual time=0.024..728.358 rows=809441 loops=1)
  Filter: (company_id > 29281)
  Rows Removed by Filter: 1799688
Planning time: 0.280 ms
Execution time: 833.295 ms
