Hash Join  (cost=798790.12..853456.54 rows=89 width=0) (actual time=11325.792..12049.370 rows=9 loops=1)
  Hash Cond: (mc.movie_id = t.id)
  ->  Seq Scan on movie_companies mc  (cost=0.00..44881.29 rows=2609129 width=4) (actual time=0.051..380.860 rows=2609129 loops=1)
  ->  Hash  (cost=798789.03..798789.03 rows=87 width=8) (actual time=11318.721..11318.721 rows=3 loops=1)
        Buckets: 1024  Batches: 1  Memory Usage: 9kB
        ->  Nested Loop  (cost=0.43..798789.03 rows=87 width=8) (actual time=5318.681..11318.678 rows=3 loops=1)
              ->  Seq Scan on cast_info ci  (cost=0.00..796071.18 rows=324 width=4) (actual time=5318.422..11318.272 rows=9 loops=1)
                    Filter: ((role_id > 1) AND (person_id = 2122533))
                    Rows Removed by Filter: 36244335
              ->  Index Scan using title_pkey on title t  (cost=0.43..8.38 rows=1 width=4) (actual time=0.035..0.035 rows=0 loops=9)
                    Index Cond: (id = ci.movie_id)
                    Filter: ((kind_id > 3) AND (production_year < 2000))
                    Rows Removed by Filter: 1
Planning time: 1.163 ms
Execution time: 12049.528 ms
