Hash Join  (cost=85435.26..228605.63 rows=1149886 width=0) (actual time=1255.428..5276.893 rows=3073634 loops=1)
  Hash Cond: (mk.movie_id = t.id)
  ->  Seq Scan on movie_keyword mk  (cost=0.00..81003.12 rows=4144904 width=4) (actual time=0.027..1506.841 rows=4146965 loops=1)
        Filter: (keyword_id < 45163)
        Rows Removed by Filter: 376965
  ->  Hash  (cost=73925.90..73925.90 rows=701468 width=4) (actual time=1254.569..1254.569 rows=749931 loops=1)
        Buckets: 131072  Batches: 16  Memory Usage: 2682kB
        ->  Seq Scan on title t  (cost=0.00..73925.90 rows=701468 width=4) (actual time=0.013..1018.327 rows=749931 loops=1)
              Filter: ((kind_id < 7) AND (production_year < 2009))
              Rows Removed by Filter: 1778381
Planning time: 0.816 ms
Execution time: 5531.233 ms
