Seq Scan on cast_info ci  (cost=0.00..705507.15 rows=25622425 width=0) (actual time=0.019..10925.579 rows=25802812 loops=1)
  Filter: (person_id > 1025130)
  Rows Removed by Filter: 10441532
Planning time: 0.347 ms
Execution time: 14205.461 ms
