Seq Scan on movie_keyword mk  (cost=0.00..81003.12 rows=2231808 width=0) (actual time=0.025..1251.771 rows=2229978 loops=1)
  Filter: (keyword_id > 4902)
  Rows Removed by Filter: 2293952
Planning time: 0.345 ms
Execution time: 1532.826 ms
