Hash Join  (cost=75367.73..1122097.52 rows=1258262 width=0) (actual time=1829.282..22585.151 rows=82 loops=1)
  Hash Cond: (ci.movie_id = t.id)
  ->  Seq Scan on cast_info ci  (cost=0.00..614943.12 rows=36225612 width=4) (actual time=0.021..9870.963 rows=36244344 loops=1)
  ->  Hash  (cost=73925.90..73925.90 rows=87826 width=4) (actual time=813.934..813.934 rows=37 loops=1)
        Buckets: 131072  Batches: 2  Memory Usage: 1025kB
        ->  Seq Scan on title t  (cost=0.00..73925.90 rows=87826 width=4) (actual time=33.022..813.799 rows=37 loops=1)
              Filter: ((production_year < 1942) AND (kind_id = 7))
              Rows Removed by Filter: 2528275
Planning time: 0.622 ms
Execution time: 22585.324 ms
