Seq Scan on title t  (cost=0.00..73925.90 rows=250369 width=0) (actual time=0.053..766.830 rows=389915 loops=1)
  Filter: ((kind_id < 4) AND (production_year < 1992))
  Rows Removed by Filter: 2138397
Planning time: 0.259 ms
Execution time: 809.319 ms
