Hash Join  (cost=192005.04..1334950.20 rows=10624500 width=0) (actual time=3422.599..31747.672 rows=10417573 loops=1)
  Hash Cond: (ci.movie_id = t.id)
  ->  Seq Scan on cast_info ci  (cost=0.00..614943.12 rows=36225612 width=4) (actual time=0.023..10444.041 rows=36244344 loops=1)
  ->  Hash  (cost=179838.24..179838.24 rows=741584 width=8) (actual time=3421.670..3421.670 rows=370336 loops=1)
        Buckets: 131072  Batches: 16  Memory Usage: 1915kB
        ->  Hash Join  (cost=92883.59..179838.24 rows=741584 width=8) (actual time=1412.515..3313.291 rows=370336 loops=1)
              Hash Cond: (mc.movie_id = t.id)
              ->  Seq Scan on movie_companies mc  (cost=0.00..57926.93 rows=1216975 width=4) (actual time=0.026..982.528 rows=1284305 loops=1)
                    Filter: ((company_id > 73) AND (company_type_id = 2))
                    Rows Removed by Filter: 1324824
              ->  Hash  (cost=67604.59..67604.59 rows=1540800 width=4) (actual time=1411.301..1411.301 rows=1543264 loops=1)
                    Buckets: 131072  Batches: 32  Memory Usage: 2722kB
                    ->  Seq Scan on title t  (cost=0.00..67604.59 rows=1540800 width=4) (actual time=140.799..932.694 rows=1543264 loops=1)
                          Filter: (kind_id = 7)
                          Rows Removed by Filter: 985048
Planning time: 1.176 ms
Execution time: 32825.996 ms
