Hash Join  (cost=100859.85..906413.44 rows=55 width=0) (actual time=4014.946..11985.483 rows=59 loops=1)
  Hash Cond: (ci.movie_id = t.id)
  ->  Seq Scan on cast_info ci  (cost=0.00..796071.18 rows=2528498 width=4) (actual time=2918.484..10462.517 rows=3739083 loops=1)
        Filter: ((person_id > 1472387) AND (role_id = 10))
        Rows Removed by Filter: 32505261
  ->  Hash  (cost=100859.16..100859.16 rows=55 width=8) (actual time=1036.303..1036.303 rows=202 loops=1)
        Buckets: 1024  Batches: 1  Memory Usage: 16kB
        ->  Hash Join  (cost=73929.67..100859.16 rows=55 width=8) (actual time=752.257..1036.176 rows=202 loops=1)
              Hash Cond: (mi_idx.movie_id = t.id)
              ->  Seq Scan on movie_info_idx mi_idx  (cost=0.00..25185.44 rows=464934 width=4) (actual time=0.029..236.383 rows=460185 loops=1)
                    Filter: (info_type_id > 100)
                    Rows Removed by Filter: 919850
              ->  Hash  (cost=73925.90..73925.90 rows=301 width=4) (actual time=750.410..750.410 rows=814 loops=1)
                    Buckets: 1024  Batches: 1  Memory Usage: 37kB
                    ->  Seq Scan on title t  (cost=0.00..73925.90 rows=301 width=4) (actual time=0.490..749.947 rows=814 loops=1)
                          Filter: ((kind_id = 3) AND (production_year = 1964))
                          Rows Removed by Filter: 2527498
Planning time: 1.171 ms
Execution time: 11985.686 ms
