Hash Join  (cost=87162.74..836173.05 rows=872678 width=0) (actual time=5355.747..14477.991 rows=862377 loops=1)
  Hash Cond: (ci.movie_id = t.id)
  ->  Seq Scan on cast_info ci  (cost=0.00..705507.15 rows=2735034 width=4) (actual time=3925.670..11397.946 rows=2728943 loops=1)
        Filter: (role_id = 4)
        Rows Removed by Filter: 33515401
  ->  Hash  (cost=73925.90..73925.90 rows=806787 width=4) (actual time=1429.100..1429.100 rows=843018 loops=1)
        Buckets: 131072  Batches: 16  Memory Usage: 2879kB
        ->  Seq Scan on title t  (cost=0.00..73925.90 rows=806787 width=4) (actual time=0.021..936.761 rows=843018 loops=1)
              Filter: ((kind_id < 7) AND (production_year < 2011))
              Rows Removed by Filter: 1685294
Planning time: 0.735 ms
Execution time: 14572.895 ms
