Seq Scan on movie_companies mc  (cost=0.00..51404.11 rows=1425610 width=0) (actual time=0.027..854.087 rows=1431262 loops=1)
  Filter: (company_id > 10113)
  Rows Removed by Filter: 1177867
Planning time: 0.294 ms
Execution time: 1039.929 ms
