Hash Join  (cost=82501.92..164987.28 rows=539384 width=0) (actual time=3441.919..7429.989 rows=746463 loops=1)
  Hash Cond: (mc.movie_id = t.id)
  ->  Seq Scan on movie_companies mc  (cost=0.00..44881.29 rows=2609129 width=4) (actual time=0.016..2348.442 rows=2609129 loops=1)
  ->  Hash  (cost=73925.90..73925.90 rows=522721 width=4) (actual time=3440.911..3440.911 rows=395238 loops=1)
        Buckets: 131072  Batches: 8  Memory Usage: 2769kB
        ->  Seq Scan on title t  (cost=0.00..73925.90 rows=522721 width=4) (actual time=1035.949..3293.042 rows=395238 loops=1)
              Filter: ((production_year > 1977) AND (kind_id = 1))
              Rows Removed by Filter: 2133074
Planning time: 0.733 ms
Execution time: 7542.306 ms
