Hash Join  (cost=74255.97..155824.71 rows=1532 width=0) (actual time=904.327..2044.797 rows=4281 loops=1)
  Hash Cond: (mk.movie_id = t.id)
  ->  Seq Scan on movie_keyword mk  (cost=0.00..81003.12 rows=146747 width=4) (actual time=0.016..1106.901 rows=146069 loops=1)
        Filter: (keyword_id > 74260)
        Rows Removed by Filter: 4377861
  ->  Hash  (cost=73925.90..73925.90 rows=26405 width=4) (actual time=900.256..900.256 rows=23926 loops=1)
        Buckets: 32768  Batches: 1  Memory Usage: 1098kB
        ->  Seq Scan on title t  (cost=0.00..73925.90 rows=26405 width=4) (actual time=0.026..890.398 rows=23926 loops=1)
              Filter: ((kind_id < 7) AND (production_year = 2003))
              Rows Removed by Filter: 2504386
Planning time: 0.700 ms
Execution time: 2045.758 ms
