Seq Scan on cast_info ci  (cost=0.00..796071.18 rows=5498505 width=0) (actual time=0.016..10405.864 rows=11188007 loops=1)
  Filter: ((person_id < 1532731) AND (role_id < 2))
  Rows Removed by Filter: 25056337
Planning time: 0.286 ms
Execution time: 11588.709 ms
