Hash Join  (cost=92508.29..1293000.11 rows=16226365 width=0) (actual time=1548.126..39287.297 rows=18042723 loops=1)
  Hash Cond: (ci.movie_id = t.id)
  ->  Seq Scan on cast_info ci  (cost=0.00..614943.12 rows=36225612 width=4) (actual time=0.024..10318.583 rows=36244344 loops=1)
  ->  Hash  (cost=73925.90..73925.90 rows=1132591 width=4) (actual time=1546.972..1546.972 rows=1224674 loops=1)
        Buckets: 131072  Batches: 16  Memory Usage: 3727kB
        ->  Seq Scan on title t  (cost=0.00..73925.90 rows=1132591 width=4) (actual time=0.018..1164.957 rows=1224674 loops=1)
              Filter: ((production_year > 1985) AND (kind_id = 7))
              Rows Removed by Filter: 1303638
Planning time: 0.759 ms
Execution time: 41280.518 ms
