Hash Join  (cost=170900.28..1030041.36 rows=272031 width=0) (actual time=2584.531..23951.295 rows=1894315 loops=1)
  Hash Cond: (ci.movie_id = t.id)
  ->  Seq Scan on cast_info ci  (cost=0.00..796071.18 rows=16093223 width=4) (actual time=0.027..14966.393 rows=15850683 loops=1)
        Filter: ((person_id < 4013528) AND (role_id > 2))
        Rows Removed by Filter: 20393661
  ->  Hash  (cost=170366.01..170366.01 rows=42741 width=8) (actual time=2584.097..2584.097 rows=102982 loops=1)
        Buckets: 131072 (originally 65536)  Batches: 2 (originally 1)  Memory Usage: 3073kB
        ->  Hash Join  (cost=83810.17..170366.01 rows=42741 width=8) (actual time=1220.954..2548.273 rows=102982 loops=1)
              Hash Cond: (mk.movie_id = t.id)
              ->  Seq Scan on movie_keyword mk  (cost=0.00..81003.12 rows=109414 width=4) (actual time=0.033..1078.799 rows=121921 loops=1)
                    Filter: (keyword_id < 117)
                    Rows Removed by Filter: 4402009
              ->  Hash  (cost=67604.59..67604.59 rows=987727 width=4) (actual time=1219.700..1219.700 rows=985048 loops=1)
                    Buckets: 131072  Batches: 16  Memory Usage: 3197kB
                    ->  Seq Scan on title t  (cost=0.00..67604.59 rows=987727 width=4) (actual time=0.019..908.404 rows=985048 loops=1)
                          Filter: (kind_id < 7)
                          Rows Removed by Filter: 1543264
Planning time: 1.125 ms
Execution time: 24176.777 ms
