Seq Scan on movie_keyword mk  (cost=0.00..81003.12 rows=4485843 width=0) (actual time=0.021..1309.359 rows=4488393 loops=1)
  Filter: (keyword_id < 107164)
  Rows Removed by Filter: 35537
Planning time: 0.343 ms
Execution time: 1851.502 ms
