Seq Scan on movie_companies mc  (cost=0.00..57926.93 rows=674914 width=0) (actual time=152.266..2818.369 rows=918953 loops=1)
  Filter: ((company_id > 11203) AND (company_type_id = 2))
  Rows Removed by Filter: 1690176
Planning time: 0.320 ms
Execution time: 3012.815 ms
