Seq Scan on cast_info ci  (cost=0.00..796071.18 rows=9151461 width=0) (actual time=7346.304..13322.189 rows=12670688 loops=1)
  Filter: ((person_id < 2694608) AND (role_id < 2))
  Rows Removed by Filter: 23573656
Planning time: 0.300 ms
Execution time: 14845.402 ms
