Hash Join  (cost=834301.82..2904159.86 rows=82715180 width=0) (actual time=15857.768..58217.005 rows=56490553 loops=1)
  Hash Cond: (ci.movie_id = t.id)
  ->  Seq Scan on cast_info ci  (cost=0.00..705507.15 rows=23286409 width=4) (actual time=0.064..12740.495 rows=23171220 loops=1)
        Filter: (person_id < 2369875)
        Rows Removed by Filter: 13073124
  ->  Hash  (cost=686947.71..686947.71 rows=8981529 width=8) (actual time=15855.742..15855.742 rows=3963336 loops=1)
        Buckets: 131072  Batches: 128  Memory Usage: 2196kB
        ->  Hash Join  (cost=92883.59..686947.71 rows=8981529 width=8) (actual time=1492.980..14687.601 rows=3963336 loops=1)
              Hash Cond: (mi.movie_id = t.id)
              ->  Seq Scan on movie_info mi  (cost=0.00..309384.22 rows=14739122 width=4) (actual time=0.044..4632.516 rows=14835720 loops=1)
              ->  Hash  (cost=67604.59..67604.59 rows=1540800 width=4) (actual time=1474.618..1474.618 rows=1543264 loops=1)
                    Buckets: 131072  Batches: 32  Memory Usage: 2728kB
                    ->  Seq Scan on title t  (cost=0.00..67604.59 rows=1540800 width=4) (actual time=86.620..976.138 rows=1543264 loops=1)
                          Filter: (kind_id = 7)
                          Rows Removed by Filter: 985048
Planning time: 1.085 ms
Execution time: 64667.057 ms
