Seq Scan on movie_companies mc  (cost=0.00..51404.11 rows=104 width=0) (actual time=19.209..680.123 rows=22 loops=1)
  Filter: (company_id = 29347)
  Rows Removed by Filter: 2609107
Planning time: 0.333 ms
Execution time: 680.216 ms
