Seq Scan on cast_info ci  (cost=0.00..705507.15 rows=8146914 width=0) (actual time=4482.154..9846.149 rows=8100821 loops=1)
  Filter: (person_id > 2870712)
  Rows Removed by Filter: 28143523
Planning time: 0.342 ms
Execution time: 10870.677 ms
