Hash Join  (cost=102767.86..974300.05 rows=6489172 width=0) (actual time=1634.591..16367.353 rows=6583294 loops=1)
  Hash Cond: (ci.movie_id = t.id)
  ->  Seq Scan on cast_info ci  (cost=0.00..705507.15 rows=6489172 width=4) (actual time=0.007..9718.731 rows=6583294 loops=1)
        Filter: (person_id > 3000333)
        Rows Removed by Filter: 29661050
  ->  Hash  (cost=61283.27..61283.27 rows=2528527 width=4) (actual time=1632.808..1632.808 rows=2528312 loops=1)
        Buckets: 131072  Batches: 64  Memory Usage: 2415kB
        ->  Seq Scan on title t  (cost=0.00..61283.27 rows=2528527 width=4) (actual time=0.016..793.861 rows=2528312 loops=1)
Planning time: 0.586 ms
Execution time: 17042.981 ms
