Hash Join  (cost=263115.61..424095.89 rows=2953440 width=0) (actual time=5706.030..14166.015 rows=21724143 loops=1)
  Hash Cond: (mk.movie_id = t.id)
  ->  Seq Scan on movie_keyword mk  (cost=0.00..81003.12 rows=2862201 width=4) (actual time=0.023..1392.801 rows=2854087 loops=1)
        Filter: (keyword_id < 8717)
        Rows Removed by Filter: 1669843
  ->  Hash  (cost=220309.49..220309.49 rows=2609129 width=8) (actual time=5703.112..5703.112 rows=2609129 loops=1)
        Buckets: 131072  Batches: 64  Memory Usage: 2691kB
        ->  Hash Join  (cost=102767.86..220309.49 rows=2609129 width=8) (actual time=1583.300..4907.644 rows=2609129 loops=1)
              Hash Cond: (mc.movie_id = t.id)
              ->  Seq Scan on movie_companies mc  (cost=0.00..44881.29 rows=2609129 width=4) (actual time=0.028..747.989 rows=2609129 loops=1)
              ->  Hash  (cost=61283.27..61283.27 rows=2528527 width=4) (actual time=1581.146..1581.146 rows=2528312 loops=1)
                    Buckets: 131072  Batches: 64  Memory Usage: 2415kB
                    ->  Seq Scan on title t  (cost=0.00..61283.27 rows=2528527 width=4) (actual time=0.013..792.055 rows=2528312 loops=1)
Planning time: 1.073 ms
Execution time: 16856.517 ms
