Hash Join  (cost=161021.74..1171828.33 rows=4756574 width=0) (actual time=3349.168..23255.589 rows=7257183 loops=1)
  Hash Cond: (ci.movie_id = t.id)
  ->  Seq Scan on cast_info ci  (cost=0.00..796071.18 rows=14171113 width=4) (actual time=9.092..12629.283 rows=9036158 loops=1)
        Filter: ((person_id < 2205607) AND (role_id > 1))
        Rows Removed by Filter: 27208186
  ->  Hash  (cost=147096.91..147096.91 rows=848707 width=8) (actual time=3236.411..3236.411 rows=1010682 loops=1)
        Buckets: 131072  Batches: 16  Memory Usage: 3504kB
        ->  Hash Join  (cost=93117.31..147096.91 rows=848707 width=8) (actual time=1381.220..2952.905 rows=1010682 loops=1)
              Hash Cond: (mi_idx.movie_id = t.id)
              ->  Seq Scan on movie_info_idx mi_idx  (cost=0.00..21735.35 rows=1380035 width=4) (actual time=0.018..412.528 rows=1380035 loops=1)
              ->  Hash  (cost=67604.59..67604.59 rows=1555018 width=4) (actual time=1379.921..1379.921 rows=1551727 loops=1)
                    Buckets: 131072  Batches: 32  Memory Usage: 2728kB
                    ->  Seq Scan on title t  (cost=0.00..67604.59 rows=1555018 width=4) (actual time=0.020..919.112 rows=1551727 loops=1)
                          Filter: (production_year < 2007)
                          Rows Removed by Filter: 976585
Planning time: 1.244 ms
Execution time: 24058.842 ms
