Hash Join  (cost=73982.55..929076.73 rows=28076 width=0) (actual time=922.654..15859.075 rows=44767 loops=1)
  Hash Cond: (ci.movie_id = t.id)
  ->  Seq Scan on cast_info ci  (cost=0.00..796071.18 rows=15664596 width=4) (actual time=0.015..12812.897 rows=11436645 loops=1)
        Filter: ((person_id < 2472688) AND (role_id > 1))
        Rows Removed by Filter: 24807699
  ->  Hash  (cost=73925.90..73925.90 rows=4532 width=4) (actual time=922.428..922.428 rows=9242 loops=1)
        Buckets: 16384 (originally 8192)  Batches: 1 (originally 1)  Memory Usage: 453kB
        ->  Seq Scan on title t  (cost=0.00..73925.90 rows=4532 width=4) (actual time=153.636..917.942 rows=9242 loops=1)
              Filter: ((kind_id = 7) AND (production_year = 1984))
              Rows Removed by Filter: 2519070
Planning time: 0.725 ms
Execution time: 15866.556 ms
