Seq Scan on movie_keyword mk  (cost=0.00..81003.12 rows=2331519 width=0) (actual time=0.017..1287.372 rows=2330462 loops=1)
  Filter: (keyword_id > 4346)
  Rows Removed by Filter: 2193468
Planning time: 0.319 ms
Execution time: 1594.001 ms
