Hash Join  (cost=215833.08..1154949.61 rows=6959349 width=0) (actual time=4712.709..26214.800 rows=18359939 loops=1)
  Hash Cond: (ci.movie_id = t.id)
  ->  Seq Scan on cast_info ci  (cost=0.00..705507.15 rows=13752770 width=4) (actual time=0.046..10966.906 rows=13730019 loops=1)
        Filter: (person_id < 1351902)
        Rows Removed by Filter: 22514325
  ->  Hash  (cost=194840.12..194840.12 rows=1279517 width=8) (actual time=4711.385..4711.385 rows=1274246 loops=1)
        Buckets: 131072  Batches: 32  Memory Usage: 2553kB
        ->  Hash Join  (cost=102767.86..194840.12 rows=1279517 width=8) (actual time=1938.167..4315.772 rows=1274246 loops=1)
              Hash Cond: (mc.movie_id = t.id)
              ->  Seq Scan on movie_companies mc  (cost=0.00..51404.11 rows=1279517 width=4) (actual time=0.015..869.753 rows=1274246 loops=1)
                    Filter: (company_type_id < 2)
                    Rows Removed by Filter: 1334883
              ->  Hash  (cost=61283.27..61283.27 rows=2528527 width=4) (actual time=1937.017..1937.017 rows=2528312 loops=1)
                    Buckets: 131072  Batches: 64  Memory Usage: 2415kB
                    ->  Seq Scan on title t  (cost=0.00..61283.27 rows=2528527 width=4) (actual time=0.019..829.009 rows=2528312 loops=1)
Planning time: 1.084 ms
Execution time: 28013.464 ms
