Seq Scan on cast_info ci  (cost=0.00..796071.18 rows=176 width=0) (actual time=9397.064..40423.988 rows=123 loops=1)
  Filter: ((role_id < 2) AND (person_id = 1075096))
  Rows Removed by Filter: 36244221
Planning time: 2.720 ms
Execution time: 40424.119 ms
