Hash Join  (cost=102767.86..167453.67 rows=141397 width=0) (actual time=1863.717..2832.093 rows=140383 loops=1)
  Hash Cond: (mc.movie_id = t.id)
  ->  Seq Scan on movie_companies mc  (cost=0.00..51404.11 rows=141397 width=4) (actual time=192.277..688.967 rows=140383 loops=1)
        Filter: (company_id > 136190)
        Rows Removed by Filter: 2468746
  ->  Hash  (cost=61283.27..61283.27 rows=2528527 width=4) (actual time=1670.482..1670.482 rows=2528312 loops=1)
        Buckets: 131072  Batches: 64  Memory Usage: 2415kB
        ->  Seq Scan on title t  (cost=0.00..61283.27 rows=2528527 width=4) (actual time=0.023..837.257 rows=2528312 loops=1)
Planning time: 0.720 ms
Execution time: 2848.708 ms
