Hash Join  (cost=252700.09..1292202.29 rows=10929981 width=0) (actual time=4670.449..36819.783 rows=37316987 loops=1)
  Hash Cond: (ci.movie_id = t.id)
  ->  Seq Scan on cast_info ci  (cost=0.00..705507.15 rows=18940063 width=4) (actual time=0.015..12126.298 rows=18851993 loops=1)
        Filter: (person_id < 1877936)
        Rows Removed by Filter: 17392351
  ->  Hash  (cost=228760.48..228760.48 rows=1459169 width=8) (actual time=4668.853..4668.853 rows=1469406 loops=1)
        Buckets: 131072  Batches: 32  Memory Usage: 2804kB
        ->  Hash Join  (cost=102767.86..228760.48 rows=1459169 width=8) (actual time=1672.242..4351.778 rows=1469406 loops=1)
              Hash Cond: (mk.movie_id = t.id)
              ->  Seq Scan on movie_keyword mk  (cost=0.00..81003.12 rows=1459169 width=4) (actual time=0.014..1384.497 rows=1469406 loops=1)
                    Filter: (keyword_id > 11221)
                    Rows Removed by Filter: 3054524
              ->  Hash  (cost=61283.27..61283.27 rows=2528527 width=4) (actual time=1669.208..1669.208 rows=2528312 loops=1)
                    Buckets: 131072  Batches: 64  Memory Usage: 2425kB
                    ->  Seq Scan on title t  (cost=0.00..61283.27 rows=2528527 width=4) (actual time=0.030..809.962 rows=2528312 loops=1)
Planning time: 1.061 ms
Execution time: 41039.470 ms
