Hash Join  (cost=132805.06..219470.67 rows=757 width=0) (actual time=2032.599..3336.849 rows=643 loops=1)
  Hash Cond: (mk.movie_id = t.id)
  ->  Seq Scan on movie_keyword mk  (cost=0.00..69693.30 rows=4523930 width=4) (actual time=0.025..788.761 rows=4523930 loops=1)
  ->  Hash  (cost=132799.77..132799.77 rows=423 width=8) (actual time=1748.323..1748.323 rows=1173 loops=1)
        Buckets: 2048 (originally 1024)  Batches: 1 (originally 1)  Memory Usage: 62kB
        ->  Hash Join  (cost=73982.55..132799.77 rows=423 width=8) (actual time=1518.336..1747.860 rows=1173 loops=1)
              Hash Cond: (mc.movie_id = t.id)
              ->  Seq Scan on movie_companies mc  (cost=0.00..57926.93 rows=236280 width=4) (actual time=0.018..756.090 rows=468199 loops=1)
                    Filter: ((company_id > 76143) AND (company_type_id > 1))
                    Rows Removed by Filter: 2140930
              ->  Hash  (cost=73925.90..73925.90 rows=4532 width=4) (actual time=895.224..895.224 rows=6454 loops=1)
                    Buckets: 8192  Batches: 1  Memory Usage: 291kB
                    ->  Seq Scan on title t  (cost=0.00..73925.90 rows=4532 width=4) (actual time=0.027..892.161 rows=6454 loops=1)
                          Filter: ((kind_id = 7) AND (production_year = 1964))
                          Rows Removed by Filter: 2521858
Planning time: 1.170 ms
Execution time: 3337.028 ms
