Seq Scan on cast_info ci  (cost=0.00..796071.18 rows=22057890 width=0) (actual time=109.515..15208.712 rows=21313017 loops=1)
  Filter: ((person_id < 3619999) AND (role_id > 1))
  Rows Removed by Filter: 14931327
Planning time: 0.334 ms
Execution time: 17880.440 ms
