Hash Join  (cost=102767.86..970887.25 rows=2583644 width=0) (actual time=9014.919..17682.379 rows=2728943 loops=1)
  Hash Cond: (ci.movie_id = t.id)
  ->  Seq Scan on cast_info ci  (cost=0.00..796071.18 rows=2583644 width=4) (actual time=7555.441..12392.441 rows=2728943 loops=1)
        Filter: ((person_id < 3661044) AND (role_id = 4))
        Rows Removed by Filter: 33515401
  ->  Hash  (cost=61283.27..61283.27 rows=2528527 width=4) (actual time=1457.292..1457.292 rows=2528312 loops=1)
        Buckets: 131072  Batches: 64  Memory Usage: 2415kB
        ->  Seq Scan on title t  (cost=0.00..61283.27 rows=2528527 width=4) (actual time=0.017..727.788 rows=2528312 loops=1)
Planning time: 0.768 ms
Execution time: 17984.055 ms
