Seq Scan on cast_info ci  (cost=0.00..796071.18 rows=6335730 width=0) (actual time=9191.081..39853.918 rows=3646772 loops=1)
  Filter: ((person_id < 1863176) AND (role_id > 3))
  Rows Removed by Filter: 32597572
Planning time: 0.357 ms
Execution time: 40462.614 ms
