Hash Join  (cost=77590.39..571286.88 rows=1301756 width=0) (actual time=1050.094..10828.009 rows=533729 loops=1)
  Hash Cond: (mi.movie_id = t.id)
  ->  Seq Scan on movie_info mi  (cost=0.00..309384.22 rows=14739122 width=4) (actual time=0.008..4170.658 rows=14835720 loops=1)
  ->  Hash  (cost=73925.90..73925.90 rows=223319 width=4) (actual time=1046.232..1046.232 rows=90472 loops=1)
        Buckets: 131072  Batches: 4  Memory Usage: 1825kB
        ->  Seq Scan on title t  (cost=0.00..73925.90 rows=223319 width=4) (actual time=0.113..1012.283 rows=90472 loops=1)
              Filter: ((kind_id > 1) AND (production_year < 1965))
              Rows Removed by Filter: 2437840
Planning time: 0.735 ms
Execution time: 10891.396 ms
