Seq Scan on cast_info ci  (cost=0.00..796071.18 rows=2331272 width=0) (actual time=252.501..8069.904 rows=1415858 loops=1)
  Filter: ((person_id < 494566) AND (role_id > 2))
  Rows Removed by Filter: 34828486
Planning time: 0.341 ms
Execution time: 8194.990 ms
