Hash Join  (cost=190521.83..726390.00 rows=5254125 width=0) (actual time=3396.694..15820.744 rows=3127727 loops=1)
  Hash Cond: (mi.movie_id = t.id)
  ->  Seq Scan on movie_info mi  (cost=0.00..309384.22 rows=14739122 width=4) (actual time=0.016..4635.114 rows=14835720 loops=1)
  ->  Hash  (cost=175733.88..175733.88 rows=901356 width=8) (actual time=3313.973..3313.973 rows=353377 loops=1)
        Buckets: 131072  Batches: 16  Memory Usage: 1874kB
        ->  Hash Join  (cost=88257.79..175733.88 rows=901356 width=8) (actual time=1405.099..3218.202 rows=353377 loops=1)
              Hash Cond: (mc.movie_id = t.id)
              ->  Seq Scan on movie_companies mc  (cost=0.00..44881.29 rows=2609129 width=4) (actual time=0.024..584.224 rows=2609129 loops=1)
              ->  Hash  (cost=73925.90..73925.90 rows=873511 width=4) (actual time=1403.505..1403.505 rows=957299 loops=1)
                    Buckets: 131072  Batches: 16  Memory Usage: 3134kB
                    ->  Seq Scan on title t  (cost=0.00..73925.90 rows=873511 width=4) (actual time=0.018..1101.735 rows=957299 loops=1)
                          Filter: ((production_year > 1999) AND (kind_id = 7))
                          Rows Removed by Filter: 1571013
Planning time: 1.138 ms
Execution time: 16160.524 ms
