Hash Join  (cost=88835.59..176812.56 rows=937744 width=0) (actual time=1384.397..4022.744 rows=1608840 loops=1)
  Hash Cond: (mc.movie_id = t.id)
  ->  Seq Scan on movie_companies mc  (cost=0.00..44881.29 rows=2609129 width=4) (actual time=0.015..695.210 rows=2609129 loops=1)
  ->  Hash  (cost=73925.90..73925.90 rows=908775 width=4) (actual time=1383.725..1383.725 rows=841882 loops=1)
        Buckets: 131072  Batches: 16  Memory Usage: 2875kB
        ->  Seq Scan on title t  (cost=0.00..73925.90 rows=908775 width=4) (actual time=0.017..813.229 rows=841882 loops=1)
              Filter: ((kind_id < 7) AND (production_year > 1937))
              Rows Removed by Filter: 1686430
Planning time: 0.503 ms
Execution time: 4224.256 ms
