Seq Scan on movie_keyword mk  (cost=0.00..81003.12 rows=1440732 width=0) (actual time=0.018..1168.946 rows=1454559 loops=1)
  Filter: (keyword_id > 11467)
  Rows Removed by Filter: 3069371
Planning time: 0.305 ms
Execution time: 1359.068 ms
