Seq Scan on movie_keyword mk  (cost=0.00..81003.12 rows=863513 width=12) (actual time=0.012..1556.941 rows=872991 loops=1)
  Filter: (keyword_id > 21151)
  Rows Removed by Filter: 3650939
Planning time: 0.216 ms
Execution time: 1612.301 ms
