Seq Scan on movie_keyword mk  (cost=0.00..81003.12 rows=430182 width=0) (actual time=0.017..1112.458 rows=442388 loops=1)
  Filter: (keyword_id < 346)
  Rows Removed by Filter: 4081542
Planning time: 0.331 ms
Execution time: 1171.134 ms
