Hash Join  (cost=83702.37..921592.25 rows=668581 width=0) (actual time=10350.452..15777.655 rows=1726586 loops=1)
  Hash Cond: (ci.movie_id = t.id)
  ->  Seq Scan on cast_info ci  (cost=0.00..796071.18 rows=2837037 width=4) (actual time=9048.854..11726.888 rows=4715042 loops=1)
        Filter: ((person_id > 1837047) AND (role_id > 8))
        Rows Removed by Filter: 31529302
  ->  Hash  (cost=73925.90..73925.90 rows=595877 width=4) (actual time=1300.501..1300.501 rows=651538 loops=1)
        Buckets: 131072  Batches: 8  Memory Usage: 3887kB
        ->  Seq Scan on title t  (cost=0.00..73925.90 rows=595877 width=4) (actual time=0.042..1096.805 rows=651538 loops=1)
              Filter: ((kind_id > 3) AND (production_year > 2006))
              Rows Removed by Filter: 1876774
Planning time: 0.803 ms
Execution time: 15965.658 ms
