Seq Scan on movie_companies mc  (cost=0.00..51404.11 rows=1463270 width=0) (actual time=0.025..802.982 rows=1454289 loops=1)
  Filter: (company_id < 13043)
  Rows Removed by Filter: 1154840
Planning time: 0.304 ms
Execution time: 990.465 ms
