Hash Join  (cost=264401.89..834669.06 rows=9293259 width=0) (actual time=6082.438..23209.207 rows=34195104 loops=1)
  Hash Cond: (mi.movie_id = t.id)
  ->  Seq Scan on movie_info mi  (cost=0.00..346232.03 rows=9476311 width=4) (actual time=359.761..5325.155 rows=9565151 loops=1)
        Filter: (info_type_id < 16)
        Rows Removed by Filter: 5270569
  ->  Hash  (cost=223718.84..223718.84 rows=2479684 width=8) (actual time=5721.784..5721.784 rows=2480491 loops=1)
        Buckets: 131072  Batches: 64  Memory Usage: 2609kB
        ->  Hash Join  (cost=102767.86..223718.84 rows=2479684 width=8) (actual time=1581.745..5011.977 rows=2480491 loops=1)
              Hash Cond: (mc.movie_id = t.id)
              ->  Seq Scan on movie_companies mc  (cost=0.00..51404.11 rows=2479684 width=4) (actual time=0.041..964.210 rows=2480491 loops=1)
                    Filter: (company_id < 141913)
                    Rows Removed by Filter: 128638
              ->  Hash  (cost=61283.27..61283.27 rows=2528527 width=4) (actual time=1580.845..1580.845 rows=2528312 loops=1)
                    Buckets: 131072  Batches: 64  Memory Usage: 2415kB
                    ->  Seq Scan on title t  (cost=0.00..61283.27 rows=2528527 width=4) (actual time=0.016..779.735 rows=2528312 loops=1)
Planning time: 1.125 ms
Execution time: 26687.865 ms
