Hash Join  (cost=200097.70..1289464.14 rows=5408828 width=0) (actual time=11183.267..83110.658 rows=5048513 loops=1)
  Hash Cond: (ci.movie_id = t.id)
  ->  Seq Scan on cast_info ci  (cost=0.00..614943.12 rows=36225612 width=4) (actual time=0.012..46674.401 rows=36244344 loops=1)
  ->  Hash  (cost=193903.54..193903.54 rows=377533 width=8) (actual time=11181.958..11181.958 rows=188374 loops=1)
        Buckets: 131072  Batches: 8  Memory Usage: 1930kB
        ->  Hash Join  (cost=95609.53..193903.54 rows=377533 width=8) (actual time=5420.047..11110.369 rows=188374 loops=1)
              Hash Cond: (mk.movie_id = t.id)
              ->  Seq Scan on movie_keyword mk  (cost=0.00..81003.12 rows=722281 width=4) (actual time=0.025..4857.159 rows=726531 loops=1)
                    Filter: (keyword_id > 25815)
                    Rows Removed by Filter: 3797399
              ->  Hash  (cost=73925.90..73925.90 rows=1321650 width=4) (actual time=5393.597..5393.597 rows=1298128 loops=1)
                    Buckets: 131072  Batches: 32  Memory Usage: 2456kB
                    ->  Seq Scan on title t  (cost=0.00..73925.90 rows=1321650 width=4) (actual time=0.012..4766.186 rows=1298128 loops=1)
                          Filter: ((kind_id > 1) AND (production_year < 2009))
                          Rows Removed by Filter: 1230184
Planning time: 1.185 ms
Execution time: 83809.800 ms
