Hash Join  (cost=86840.89..858829.86 rows=1345091 width=0) (actual time=4383.579..14520.538 rows=2025107 loops=1)
  Hash Cond: (ci.movie_id = t.id)
  ->  Seq Scan on cast_info ci  (cost=0.00..705507.15 rows=4320508 width=4) (actual time=2987.646..10435.829 rows=4323018 loops=1)
        Filter: (role_id = 10)
        Rows Removed by Filter: 31921326
  ->  Hash  (cost=73925.90..73925.90 rows=787199 width=4) (actual time=1394.632..1394.632 rows=872440 loops=1)
        Buckets: 131072  Batches: 16  Memory Usage: 2950kB
        ->  Seq Scan on title t  (cost=0.00..73925.90 rows=787199 width=4) (actual time=0.043..1124.013 rows=872440 loops=1)
              Filter: ((kind_id > 3) AND (production_year > 2003))
              Rows Removed by Filter: 1655872
Planning time: 0.786 ms
Execution time: 14741.506 ms
