Hash Join  (cost=67697.55..819552.20 rows=106548 width=0) (actual time=752.153..13889.748 rows=47953 loops=1)
  Hash Cond: (ci.movie_id = t.id)
  ->  Seq Scan on cast_info ci  (cost=0.00..614943.12 rows=36225612 width=4) (actual time=0.027..6267.962 rows=36244344 loops=1)
  ->  Hash  (cost=67604.59..67604.59 rows=7437 width=4) (actual time=748.887..748.887 rows=2181 loops=1)
        Buckets: 8192  Batches: 1  Memory Usage: 141kB
        ->  Seq Scan on title t  (cost=0.00..67604.59 rows=7437 width=4) (actual time=347.966..747.696 rows=2181 loops=1)
              Filter: (production_year = 1942)
              Rows Removed by Filter: 2526131
Planning time: 0.702 ms
Execution time: 13898.832 ms
