Hash Join  (cost=225920.78..769349.55 rows=5962683 width=0) (actual time=5062.433..26375.561 rows=43982386 loops=1)
  Hash Cond: (mi.movie_id = t.id)
  ->  Seq Scan on movie_info mi  (cost=0.00..309384.22 rows=14739122 width=4) (actual time=0.020..4346.069 rows=14835720 loops=1)
  ->  Hash  (cost=209138.39..209138.39 rows=1022911 width=8) (actual time=5060.930..5060.930 rows=835564 loops=1)
        Buckets: 131072  Batches: 16  Memory Usage: 3162kB
        ->  Hash Join  (cost=91959.31..209138.39 rows=1022911 width=8) (actual time=2142.783..4787.587 rows=835564 loops=1)
              Hash Cond: (mk.movie_id = t.id)
              ->  Seq Scan on movie_keyword mk  (cost=0.00..81003.12 rows=1742358 width=4) (actual time=0.014..1287.023 rows=1751800 loops=1)
                    Filter: (keyword_id < 2860)
                    Rows Removed by Filter: 2772130
              ->  Hash  (cost=67604.59..67604.59 rows=1484458 width=4) (actual time=2137.510..2137.510 rows=1485030 loops=1)
                    Buckets: 131072  Batches: 32  Memory Usage: 2663kB
                    ->  Seq Scan on title t  (cost=0.00..67604.59 rows=1484458 width=4) (actual time=0.027..997.931 rows=1485030 loops=1)
                          Filter: (production_year > 1998)
                          Rows Removed by Filter: 1043282
Planning time: 1.122 ms
Execution time: 31114.157 ms
