Hash Join  (cost=102767.86..909719.20 rows=41610 width=0) (actual time=6642.811..10258.200 rows=82593 loops=1)
  Hash Cond: (ci.movie_id = t.id)
  ->  Seq Scan on cast_info ci  (cost=0.00..796071.18 rows=41610 width=4) (actual time=5041.489..8192.707 rows=82593 loops=1)
        Filter: ((person_id > 4048833) AND (role_id > 1))
        Rows Removed by Filter: 36161751
  ->  Hash  (cost=61283.27..61283.27 rows=2528527 width=4) (actual time=1600.355..1600.355 rows=2528312 loops=1)
        Buckets: 131072  Batches: 64  Memory Usage: 2415kB
        ->  Seq Scan on title t  (cost=0.00..61283.27 rows=2528527 width=4) (actual time=0.018..771.040 rows=2528312 loops=1)
Planning time: 0.744 ms
Execution time: 10268.924 ms
