Seq Scan on movie_keyword mk  (cost=0.00..81003.12 rows=2751299 width=0) (actual time=0.028..1297.132 rows=2747685 loops=1)
  Filter: (keyword_id < 7794)
  Rows Removed by Filter: 1776245
Planning time: 0.346 ms
Execution time: 1634.157 ms
