Hash Join  (cost=435358.65..523232.15 rows=121546 width=0) (actual time=5404.498..6342.269 rows=48685 loops=1)
  Hash Cond: (mk.movie_id = t.id)
  ->  Seq Scan on movie_keyword mk  (cost=0.00..69693.30 rows=4523930 width=4) (actual time=0.014..451.638 rows=4523930 loops=1)
  ->  Hash  (cost=434509.46..434509.46 rows=67935 width=8) (actual time=5401.742..5401.742 rows=38647 loops=1)
        Buckets: 131072  Batches: 1  Memory Usage: 2534kB
        ->  Hash Join  (cost=77406.83..434509.46 rows=67935 width=8) (actual time=2776.091..5387.329 rows=38647 loops=1)
              Hash Cond: (mi.movie_id = t.id)
              ->  Seq Scan on movie_info mi  (cost=0.00..346232.03 rows=809669 width=4) (actual time=1839.453..4101.580 rows=802140 loops=1)
                    Filter: (info_type_id = 1)
                    Rows Removed by Filter: 14033580
              ->  Hash  (cost=73925.90..73925.90 rows=212154 width=4) (actual time=935.678..935.678 rows=82748 loops=1)
                    Buckets: 131072  Batches: 4  Memory Usage: 1757kB
                    ->  Seq Scan on title t  (cost=0.00..73925.90 rows=212154 width=4) (actual time=0.059..907.880 rows=82748 loops=1)
                          Filter: ((kind_id > 1) AND (production_year < 1964))
                          Rows Removed by Filter: 2445564
Planning time: 1.234 ms
Execution time: 6346.204 ms
