Nested Loop  (cost=0.43..762659.53 rows=3302 width=0) (actual time=11767.426..29030.140 rows=3 loops=1)
  ->  Seq Scan on cast_info ci  (cost=0.00..705507.15 rows=8453 width=4) (actual time=11767.342..28964.331 rows=1623 loops=1)
        Filter: (person_id = 2843811)
        Rows Removed by Filter: 36242721
  ->  Index Scan using title_pkey on title t  (cost=0.43..6.75 rows=1 width=4) (actual time=0.040..0.040 rows=0 loops=1623)
        Index Cond: (id = ci.movie_id)
        Filter: (kind_id < 7)
        Rows Removed by Filter: 1
Planning time: 0.816 ms
Execution time: 29030.260 ms
