Hash Join  (cost=95545.94..150326.93 rows=11546 width=0) (actual time=1440.318..2479.310 rows=39628 loops=1)
  Hash Cond: (mc.movie_id = t.id)
  ->  Seq Scan on movie_companies mc  (cost=0.00..44881.29 rows=2609129 width=4) (actual time=0.019..475.124 rows=2609129 loops=1)
  ->  Hash  (cost=95406.08..95406.08 rows=11189 width=8) (actual time=1439.840..1439.840 rows=13845 loops=1)
        Buckets: 16384  Batches: 1  Memory Usage: 669kB
        ->  Hash Join  (cost=68365.25..95406.08 rows=11189 width=8) (actual time=888.729..1433.732 rows=13845 loops=1)
              Hash Cond: (mi_idx.movie_id = t.id)
              ->  Seq Scan on movie_info_idx mi_idx  (cost=0.00..25185.44 rows=464934 width=4) (actual time=0.020..392.014 rows=460185 loops=1)
                    Filter: (info_type_id > 100)
                    Rows Removed by Filter: 919850
              ->  Hash  (cost=67604.59..67604.59 rows=60853 width=4) (actual time=887.953..887.953 rows=62568 loops=1)
                    Buckets: 65536  Batches: 1  Memory Usage: 2712kB
                    ->  Seq Scan on title t  (cost=0.00..67604.59 rows=60853 width=4) (actual time=0.052..863.490 rows=62568 loops=1)
                          Filter: (production_year = 2002)
                          Rows Removed by Filter: 2465744
Planning time: 1.077 ms
Execution time: 2485.240 ms
