Seq Scan on movie_companies mc  (cost=0.00..57926.93 rows=1021067 width=0) (actual time=131.556..1010.378 rows=1165493 loops=1)
  Filter: ((company_id > 689) AND (company_type_id > 1))
  Rows Removed by Filter: 1443636
Planning time: 0.305 ms
Execution time: 1161.674 ms
