Hash Join  (cost=74603.76..882325.64 rows=552949 width=0) (actual time=939.512..16635.511 rows=374606 loops=1)
  Hash Cond: (ci.movie_id = t.id)
  ->  Seq Scan on cast_info ci  (cost=0.00..705507.15 rows=25782732 width=4) (actual time=0.021..9567.119 rows=25792056 loops=1)
        Filter: (person_id < 2664815)
        Rows Removed by Filter: 10452288
  ->  Hash  (cost=73925.90..73925.90 rows=54228 width=4) (actual time=938.771..938.771 rows=39342 loops=1)
        Buckets: 65536  Batches: 1  Memory Usage: 1896kB
        ->  Seq Scan on title t  (cost=0.00..73925.90 rows=54228 width=4) (actual time=442.990..924.284 rows=39342 loops=1)
              Filter: ((production_year < 2003) AND (kind_id = 4))
              Rows Removed by Filter: 2488970
Planning time: 0.747 ms
Execution time: 16686.670 ms
