Nested Loop  (cost=32814.54..830831.77 rows=41 width=0) (actual time=12285.134..12332.720 rows=10 loops=1)
  Join Filter: (ci.movie_id = t.id)
  ->  Hash Join  (cost=32814.11..830744.52 rows=103 width=8) (actual time=12285.029..12332.357 rows=10 loops=1)
        Hash Cond: (ci.movie_id = mi_idx.movie_id)
        ->  Seq Scan on cast_info ci  (cost=0.00..796071.18 rows=224 width=4) (actual time=4134.174..11688.910 rows=111 loops=1)
              Filter: ((role_id > 2) AND (person_id = 3038215))
              Rows Removed by Filter: 36244233
        ->  Hash  (cost=25185.44..25185.44 rows=464934 width=4) (actual time=573.280..573.280 rows=460185 loops=1)
              Buckets: 131072  Batches: 8  Memory Usage: 3051kB
              ->  Seq Scan on movie_info_idx mi_idx  (cost=0.00..25185.44 rows=464934 width=4) (actual time=0.041..427.229 rows=460185 loops=1)
                    Filter: (info_type_id > 100)
                    Rows Removed by Filter: 919850
  ->  Index Only Scan using title_pkey on title t  (cost=0.43..0.83 rows=1 width=4) (actual time=0.030..0.030 rows=1 loops=10)
        Index Cond: (id = mi_idx.movie_id)
        Heap Fetches: 10
Planning time: 1.182 ms
Execution time: 12332.819 ms
