Nested Loop  (cost=0.43..709671.90 rows=500 width=0) (actual time=1838.109..8637.552 rows=12 loops=1)
  ->  Seq Scan on cast_info ci  (cost=0.00..705507.15 rows=500 width=4) (actual time=1837.995..8637.152 rows=12 loops=1)
        Filter: (person_id = 1597078)
        Rows Removed by Filter: 36244332
  ->  Index Only Scan using title_pkey on title t  (cost=0.43..8.32 rows=1 width=4) (actual time=0.029..0.030 rows=1 loops=12)
        Index Cond: (id = ci.movie_id)
        Heap Fetches: 12
Planning time: 0.755 ms
Execution time: 8637.621 ms
