Seq Scan on movie_companies mc  (cost=0.00..57926.93 rows=1285269 width=0) (actual time=321.208..1007.338 rows=1247818 loops=1)
  Filter: ((company_id < 165504) AND (company_type_id = 2))
  Rows Removed by Filter: 1361311
Planning time: 0.349 ms
Execution time: 1169.347 ms
