Seq Scan on movie_companies mc  (cost=0.00..57926.93 rows=51 width=0) (actual time=100.256..751.245 rows=17 loops=1)
  Filter: ((company_type_id < 2) AND (company_id = 38867))
  Rows Removed by Filter: 2609112
Planning time: 0.376 ms
Execution time: 751.349 ms
