Hash Join  (cost=92105.51..140174.56 rows=604757 width=0) (actual time=1470.071..2748.224 rows=375501 loops=1)
  Hash Cond: (mi_idx.movie_id = t.id)
  ->  Seq Scan on movie_info_idx mi_idx  (cost=0.00..21735.35 rows=1380035 width=4) (actual time=0.019..380.185 rows=1380035 loops=1)
  ->  Hash  (cost=73925.90..73925.90 rows=1108048 width=4) (actual time=1468.854..1468.854 rows=1232022 loops=1)
        Buckets: 131072  Batches: 16  Memory Usage: 3742kB
        ->  Seq Scan on title t  (cost=0.00..73925.90 rows=1108048 width=4) (actual time=0.026..1091.325 rows=1232022 loops=1)
              Filter: ((kind_id > 3) AND (production_year > 1993))
              Rows Removed by Filter: 1296290
Planning time: 0.815 ms
Execution time: 2788.488 ms
