Hash Join  (cost=102767.86..1684012.28 rows=35983709 width=0) (actual time=1429.522..47102.008 rows=36041337 loops=1)
  Hash Cond: (ci.movie_id = t.id)
  ->  Seq Scan on cast_info ci  (cost=0.00..705507.15 rows=35983709 width=4) (actual time=0.014..14262.007 rows=36041337 loops=1)
        Filter: (person_id > 23769)
        Rows Removed by Filter: 203007
  ->  Hash  (cost=61283.27..61283.27 rows=2528527 width=4) (actual time=1428.315..1428.315 rows=2528312 loops=1)
        Buckets: 131072  Batches: 64  Memory Usage: 2415kB
        ->  Seq Scan on title t  (cost=0.00..61283.27 rows=2528527 width=4) (actual time=0.018..701.103 rows=2528312 loops=1)
Planning time: 0.803 ms
Execution time: 51014.620 ms
