Seq Scan on cast_info ci  (cost=0.00..796071.18 rows=435 width=0) (actual time=7211.512..12206.200 rows=61 loops=1)
  Filter: ((role_id < 10) AND (person_id = 2705229))
  Rows Removed by Filter: 36244283
Planning time: 0.407 ms
Execution time: 12206.351 ms
