Seq Scan on movie_companies mc  (cost=0.00..57926.93 rows=121076 width=0) (actual time=180.421..702.485 rows=185576 loops=1)
  Filter: ((company_id < 108) AND (company_type_id < 2))
  Rows Removed by Filter: 2423553
Planning time: 0.320 ms
Execution time: 727.200 ms
