Nested Loop  (cost=0.43..709673.15 rows=195 width=0) (actual time=1221.127..9104.971 rows=6 loops=1)
  ->  Seq Scan on cast_info ci  (cost=0.00..705507.15 rows=500 width=4) (actual time=1221.059..9104.656 rows=6 loops=1)
        Filter: (person_id = 975230)
        Rows Removed by Filter: 36244338
  ->  Index Scan using title_pkey on title t  (cost=0.43..8.32 rows=1 width=4) (actual time=0.039..0.040 rows=1 loops=6)
        Index Cond: (id = ci.movie_id)
        Filter: (kind_id < 7)
Planning time: 0.753 ms
Execution time: 9105.105 ms
