Seq Scan on movie_keyword mk  (cost=0.00..81003.12 rows=246 width=0) (actual time=23.715..3481.536 rows=48 loops=1)
  Filter: (keyword_id = 7027)
  Rows Removed by Filter: 4523882
Planning time: 21.946 ms
Execution time: 3481.706 ms
