Hash Join  (cost=100969.17..161944.32 rows=6624 width=0) (actual time=1829.938..2554.408 rows=20974 loops=1)
  Hash Cond: (mc.movie_id = t.id)
  ->  Seq Scan on movie_companies mc  (cost=0.00..57926.93 rows=795194 width=4) (actual time=94.093..834.732 rows=1013099 loops=1)
        Filter: ((company_id > 6087) AND (company_type_id = 2))
        Rows Removed by Filter: 1596030
  ->  Hash  (cost=100705.91..100705.91 rows=21061 width=8) (actual time=1492.128..1492.128 rows=27850 loops=1)
        Buckets: 32768  Batches: 1  Memory Usage: 1344kB
        ->  Hash Join  (cost=69484.36..100705.91 rows=21061 width=8) (actual time=886.586..1481.518 rows=27850 loops=1)
              Hash Cond: (mi_idx.movie_id = t.id)
              ->  Seq Scan on movie_info_idx mi_idx  (cost=0.00..25185.44 rows=464934 width=4) (actual time=0.019..395.510 rows=460185 loops=1)
                    Filter: (info_type_id > 100)
                    Rows Removed by Filter: 919850
              ->  Hash  (cost=67604.59..67604.59 rows=114542 width=4) (actual time=885.749..885.749 rows=118234 loops=1)
                    Buckets: 131072  Batches: 2  Memory Usage: 3101kB
                    ->  Seq Scan on title t  (cost=0.00..67604.59 rows=114542 width=4) (actual time=368.375..842.127 rows=118234 loops=1)
                          Filter: (kind_id = 4)
                          Rows Removed by Filter: 2410078
Planning time: 1.137 ms
Execution time: 2557.274 ms
