Nested Loop  (cost=0.43..83072.29 rows=1 width=0) (actual time=261.538..1065.258 rows=5 loops=1)
  ->  Seq Scan on movie_keyword mk  (cost=0.00..81003.12 rows=246 width=4) (actual time=0.189..1047.036 rows=869 loops=1)
        Filter: (keyword_id = 8269)
        Rows Removed by Filter: 4523061
  ->  Index Scan using title_pkey on title t  (cost=0.43..8.40 rows=1 width=4) (actual time=0.020..0.020 rows=0 loops=869)
        Index Cond: (id = mk.movie_id)
        Filter: (production_year = 1967)
        Rows Removed by Filter: 1
Planning time: 0.778 ms
Execution time: 1065.359 ms
