Hash Join  (cost=68457.96..156337.46 rows=122146 width=0) (actual time=942.223..2559.655 rows=22881 loops=1)
  Hash Cond: (mk.movie_id = t.id)
  ->  Seq Scan on movie_keyword mk  (cost=0.00..69693.30 rows=4523930 width=4) (actual time=0.021..759.573 rows=4523930 loops=1)
  ->  Hash  (cost=67604.59..67604.59 rows=68270 width=4) (actual time=941.202..941.202 rows=67517 loops=1)
        Buckets: 131072  Batches: 1  Memory Usage: 3398kB
        ->  Seq Scan on title t  (cost=0.00..67604.59 rows=68270 width=4) (actual time=30.347..914.663 rows=67517 loops=1)
              Filter: (production_year < 1916)
              Rows Removed by Filter: 2460795
Planning time: 0.702 ms
Execution time: 2563.206 ms
