Hash Join  (cost=92883.59..233832.46 rows=1738112 width=0) (actual time=2929.520..4849.522 rows=434501 loops=1)
  Hash Cond: (mk.movie_id = t.id)
  ->  Seq Scan on movie_keyword mk  (cost=0.00..81003.12 rows=2852325 width=4) (actual time=0.026..1369.053 rows=2842260 loops=1)
        Filter: (keyword_id > 2602)
        Rows Removed by Filter: 1681670
  ->  Hash  (cost=67604.59..67604.59 rows=1540800 width=4) (actual time=1493.874..1493.874 rows=1543264 loops=1)
        Buckets: 131072  Batches: 32  Memory Usage: 2728kB
        ->  Seq Scan on title t  (cost=0.00..67604.59 rows=1540800 width=4) (actual time=0.015..1012.885 rows=1543264 loops=1)
              Filter: (kind_id = 7)
              Rows Removed by Filter: 985048
Planning time: 0.809 ms
Execution time: 4895.019 ms
