Hash Join  (cost=83074.74..137742.81 rows=254 width=0) (actual time=1055.415..2032.636 rows=1066 loops=1)
  Hash Cond: (mc.movie_id = t.id)
  ->  Seq Scan on movie_companies mc  (cost=0.00..44881.29 rows=2609129 width=4) (actual time=0.020..502.307 rows=2609129 loops=1)
  ->  Hash  (cost=83071.67..83071.67 rows=246 width=8) (actual time=1049.664..1049.664 rows=192 loops=1)
        Buckets: 1024  Batches: 1  Memory Usage: 16kB
        ->  Nested Loop  (cost=0.43..83071.67 rows=246 width=8) (actual time=9.058..1049.471 rows=192 loops=1)
              ->  Seq Scan on movie_keyword mk  (cost=0.00..81003.12 rows=246 width=4) (actual time=8.965..1038.817 rows=192 loops=1)
                    Filter: (keyword_id = 32124)
                    Rows Removed by Filter: 4523738
              ->  Index Only Scan using title_pkey on title t  (cost=0.43..8.40 rows=1 width=4) (actual time=0.053..0.053 rows=1 loops=192)
                    Index Cond: (id = mk.movie_id)
                    Heap Fetches: 192
Planning time: 1.105 ms
Execution time: 2032.952 ms
