Seq Scan on movie_keyword mk  (cost=0.00..81003.12 rows=1144459 width=0) (actual time=0.019..3692.818 rows=1154563 loops=1)
  Filter: (keyword_id > 16144)
  Rows Removed by Filter: 3369367
Planning time: 0.331 ms
Execution time: 3882.951 ms
