Seq Scan on movie_companies mc  (cost=0.00..57926.93 rows=290796 width=0) (actual time=325.960..813.767 rows=574067 loops=1)
  Filter: ((company_id > 71220) AND (company_type_id > 1))
  Rows Removed by Filter: 2035062
Planning time: 0.336 ms
Execution time: 886.520 ms
