Hash Join  (cost=100885.02..187562.22 rows=1916 width=0) (actual time=1510.211..3157.649 rows=58372 loops=1)
  Hash Cond: (mk.movie_id = t.id)
  ->  Seq Scan on movie_keyword mk  (cost=0.00..69693.30 rows=4523930 width=4) (actual time=0.012..832.211 rows=4523930 loops=1)
  ->  Hash  (cost=100871.63..100871.63 rows=1071 width=8) (actual time=1508.099..1508.099 rows=2961 loops=1)
        Buckets: 4096 (originally 2048)  Batches: 1 (originally 1)  Memory Usage: 148kB
        ->  Hash Join  (cost=73950.44..100871.63 rows=1071 width=8) (actual time=1047.342..1506.800 rows=2961 loops=1)
              Hash Cond: (mi_idx.movie_id = t.id)
              ->  Seq Scan on movie_info_idx mi_idx  (cost=0.00..21735.35 rows=1380035 width=4) (actual time=0.015..277.092 rows=1380035 loops=1)
              ->  Hash  (cost=73925.90..73925.90 rows=1963 width=4) (actual time=963.111..963.111 rows=2198 loops=1)
                    Buckets: 4096 (originally 2048)  Batches: 1 (originally 1)  Memory Usage: 110kB
                    ->  Seq Scan on title t  (cost=0.00..73925.90 rows=1963 width=4) (actual time=510.951..961.945 rows=2198 loops=1)
                          Filter: ((kind_id = 1) AND (production_year = 1940))
                          Rows Removed by Filter: 2526114
Planning time: 5.550 ms
Execution time: 3165.310 ms
