Hash Join  (cost=201537.88..312516.25 rows=559757 width=0) (actual time=4204.165..7173.347 rows=2650976 loops=1)
  Hash Cond: (mk.movie_id = t.id)
  ->  Seq Scan on movie_keyword mk  (cost=0.00..81003.12 rows=1849779 width=4) (actual time=0.015..1362.281 rows=1860548 loops=1)
        Filter: (keyword_id < 3116)
        Rows Removed by Filter: 2663382
  ->  Hash  (cost=188984.50..188984.50 rows=765151 width=8) (actual time=4203.361..4203.361 rows=986932 loops=1)
        Buckets: 131072  Batches: 16  Memory Usage: 3450kB
        ->  Hash Join  (cost=102767.86..188984.50 rows=765151 width=8) (actual time=1622.342..3886.846 rows=986932 loops=1)
              Hash Cond: (mc.movie_id = t.id)
              ->  Seq Scan on movie_companies mc  (cost=0.00..57926.93 rows=765151 width=4) (actual time=0.019..996.383 rows=986932 loops=1)
                    Filter: ((company_id > 7556) AND (company_type_id = 2))
                    Rows Removed by Filter: 1622197
              ->  Hash  (cost=61283.27..61283.27 rows=2528527 width=4) (actual time=1620.765..1620.765 rows=2528312 loops=1)
                    Buckets: 131072  Batches: 64  Memory Usage: 2415kB
                    ->  Seq Scan on title t  (cost=0.00..61283.27 rows=2528527 width=4) (actual time=0.027..795.035 rows=2528312 loops=1)
Planning time: 1.147 ms
Execution time: 7467.416 ms
