Hash Join  (cost=102767.86..971046.49 rows=2590243 width=0) (actual time=7145.848..16792.655 rows=5274313 loops=1)
  Hash Cond: (ci.movie_id = t.id)
  ->  Seq Scan on cast_info ci  (cost=0.00..796071.18 rows=2590243 width=4) (actual time=5531.420..10801.785 rows=5274313 loops=1)
        Filter: ((person_id < 707236) AND (role_id < 2))
        Rows Removed by Filter: 30970031
  ->  Hash  (cost=61283.27..61283.27 rows=2528527 width=4) (actual time=1613.117..1613.117 rows=2528312 loops=1)
        Buckets: 131072  Batches: 64  Memory Usage: 2415kB
        ->  Seq Scan on title t  (cost=0.00..61283.27 rows=2528527 width=4) (actual time=0.013..793.050 rows=2528312 loops=1)
Planning time: 0.825 ms
Execution time: 17377.191 ms
