Seq Scan on movie_companies mc  (cost=0.00..57926.93 rows=1100441 width=0) (actual time=352.472..990.274 rows=1274246 loops=1)
  Filter: ((company_id < 85774) AND (company_type_id = 1))
  Rows Removed by Filter: 1334883
Planning time: 0.359 ms
Execution time: 1153.516 ms
