Nested Loop  (cost=0.43..83072.29 rows=90 width=0) (actual time=16.518..1047.446 rows=364 loops=1)
  ->  Seq Scan on movie_keyword mk  (cost=0.00..81003.12 rows=246 width=4) (actual time=2.992..1014.233 rows=731 loops=1)
        Filter: (keyword_id = 2492)
        Rows Removed by Filter: 4523199
  ->  Index Scan using title_pkey on title t  (cost=0.43..8.40 rows=1 width=4) (actual time=0.044..0.044 rows=0 loops=731)
        Index Cond: (id = mk.movie_id)
        Filter: (production_year < 1998)
        Rows Removed by Filter: 1
Planning time: 0.694 ms
Execution time: 1047.701 ms
