Seq Scan on movie_keyword mk  (cost=0.00..81003.12 rows=246 width=0) (actual time=4.493..1123.937 rows=963 loops=1)
  Filter: (keyword_id = 59192)
  Rows Removed by Filter: 4522967
Planning time: 0.377 ms
Execution time: 1124.268 ms
