Hash Join  (cost=102767.86..177747.92 rows=298162 width=0) (actual time=2270.733..2799.633 rows=7456 loops=1)
  Hash Cond: (mc.movie_id = t.id)
  ->  Seq Scan on movie_companies mc  (cost=0.00..57926.93 rows=298162 width=4) (actual time=623.133..735.507 rows=7456 loops=1)
        Filter: ((company_id > 64161) AND (company_type_id < 2))
        Rows Removed by Filter: 2601673
  ->  Hash  (cost=61283.27..61283.27 rows=2528527 width=4) (actual time=1643.821..1643.821 rows=2528312 loops=1)
        Buckets: 131072  Batches: 64  Memory Usage: 2415kB
        ->  Seq Scan on title t  (cost=0.00..61283.27 rows=2528527 width=4) (actual time=0.014..789.610 rows=2528312 loops=1)
Planning time: 1.068 ms
Execution time: 2800.678 ms
