Seq Scan on cast_info ci  (cost=0.00..796071.18 rows=3785308 width=0) (actual time=6511.130..12085.690 rows=1623484 loops=1)
  Filter: ((person_id < 2970008) AND (role_id > 9))
  Rows Removed by Filter: 34620860
Planning time: 0.318 ms
Execution time: 12291.967 ms
