Nested Loop  (cost=0.43..52284.21 rows=6 width=0) (actual time=510.632..595.036 rows=2 loops=1)
  ->  Seq Scan on movie_companies mc  (cost=0.00..51404.11 rows=104 width=4) (actual time=377.912..594.627 rows=17 loops=1)
        Filter: (company_id = 73584)
        Rows Removed by Filter: 2609112
  ->  Index Scan using title_pkey on title t  (cost=0.43..8.45 rows=1 width=4) (actual time=0.022..0.022 rows=0 loops=17)
        Index Cond: (id = mc.movie_id)
        Filter: ((production_year < 1984) AND (kind_id = 1))
        Rows Removed by Filter: 1
Planning time: 0.745 ms
Execution time: 595.131 ms
