Hash Join  (cost=67697.55..151137.28 rows=1896 width=0) (actual time=886.784..2083.144 rows=6826 loops=1)
  Hash Cond: (mk.movie_id = t.id)
  ->  Seq Scan on movie_keyword mk  (cost=0.00..81003.12 rows=644706 width=4) (actual time=0.015..1076.895 rows=655395 loops=1)
        Filter: (keyword_id > 28670)
        Rows Removed by Filter: 3868535
  ->  Hash  (cost=67604.59..67604.59 rows=7437 width=4) (actual time=878.777..878.777 rows=19861 loops=1)
        Buckets: 32768 (originally 8192)  Batches: 1 (originally 1)  Memory Usage: 955kB
        ->  Seq Scan on title t  (cost=0.00..67604.59 rows=7437 width=4) (actual time=0.101..869.209 rows=19861 loops=1)
              Filter: (production_year = 1988)
              Rows Removed by Filter: 2508451
Planning time: 0.748 ms
Execution time: 2084.443 ms
