Hash Join  (cost=75205.79..193421.70 rows=95896 width=0) (actual time=1064.803..3506.512 rows=30069 loops=1)
  Hash Cond: (mk.movie_id = t.id)
  ->  Seq Scan on movie_keyword mk  (cost=0.00..81003.12 rows=3109018 width=4) (actual time=0.033..1496.756 rows=3095467 loops=1)
        Filter: (keyword_id < 11669)
        Rows Removed by Filter: 1428463
  ->  Hash  (cost=73925.90..73925.90 rows=77991 width=4) (actual time=1063.635..1063.635 rows=84556 loops=1)
        Buckets: 131072  Batches: 2  Memory Usage: 2523kB
        ->  Seq Scan on title t  (cost=0.00..73925.90 rows=77991 width=4) (actual time=0.312..1029.605 rows=84556 loops=1)
              Filter: ((kind_id > 4) AND (production_year = 2008))
              Rows Removed by Filter: 2443756
Planning time: 0.817 ms
Execution time: 3510.499 ms
