Hash Join  (cost=82732.15..595922.37 rows=3128729 width=0) (actual time=1037.532..14189.925 rows=5380160 loops=1)
  Hash Cond: (mi.movie_id = t.id)
  ->  Seq Scan on movie_info mi  (cost=0.00..309384.22 rows=14739122 width=4) (actual time=0.008..4550.726 rows=14835720 loops=1)
  ->  Hash  (cost=73925.90..73925.90 rows=536740 width=4) (actual time=1036.823..1036.823 rows=412270 loops=1)
        Buckets: 131072  Batches: 8  Memory Usage: 2852kB
        ->  Seq Scan on title t  (cost=0.00..73925.90 rows=536740 width=4) (actual time=75.721..913.963 rows=412270 loops=1)
              Filter: ((production_year > 1973) AND (kind_id = 1))
              Rows Removed by Filter: 2116042
Planning time: 0.559 ms
Execution time: 14874.327 ms
