Hash Join  (cost=83073.31..833867.21 rows=470 width=0) (actual time=1205.350..14776.443 rows=65 loops=1)
  Hash Cond: (ci.movie_id = t.id)
  ->  Seq Scan on cast_info ci  (cost=0.00..614943.12 rows=36225612 width=4) (actual time=0.017..6892.362 rows=36244344 loops=1)
  ->  Hash  (cost=83072.90..83072.90 rows=33 width=8) (actual time=1051.873..1051.873 rows=3 loops=1)
        Buckets: 1024  Batches: 1  Memory Usage: 9kB
        ->  Nested Loop  (cost=0.43..83072.90 rows=33 width=8) (actual time=305.186..1051.861 rows=3 loops=1)
              ->  Seq Scan on movie_keyword mk  (cost=0.00..81003.12 rows=246 width=4) (actual time=17.209..1050.099 rows=36 loops=1)
                    Filter: (keyword_id = 7558)
                    Rows Removed by Filter: 4523894
              ->  Index Scan using title_pkey on title t  (cost=0.43..8.40 rows=1 width=4) (actual time=0.044..0.044 rows=0 loops=36)
                    Index Cond: (id = mk.movie_id)
                    Filter: ((production_year < 1983) AND (kind_id = 7))
                    Rows Removed by Filter: 1
Planning time: 1.259 ms
Execution time: 14776.665 ms
