Seq Scan on cast_info ci  (cost=0.00..796071.18 rows=23987887 width=0) (actual time=0.013..15308.476 rows=24095459 loops=1)
  Filter: ((person_id > 5555) AND (role_id < 4))
  Rows Removed by Filter: 12148885
Planning time: 0.323 ms
Execution time: 18253.504 ms
