Seq Scan on cast_info ci  (cost=0.00..796071.18 rows=2692267 width=0) (actual time=12612.822..46257.614 rows=2728943 loops=1)
  Filter: ((person_id < 3947782) AND (role_id = 4))
  Rows Removed by Filter: 33515401
Planning time: 0.350 ms
Execution time: 46849.605 ms
