Hash Join  (cost=130142.36..257545.03 rows=443263 width=0) (actual time=2082.840..6251.437 rows=3502240 loops=1)
  Hash Cond: (mk.movie_id = t.id)
  ->  Seq Scan on movie_keyword mk  (cost=0.00..69693.30 rows=4523930 width=4) (actual time=0.020..1076.220 rows=4523930 loops=1)
  ->  Hash  (cost=126077.48..126077.48 rows=247750 width=8) (actual time=2081.699..2081.699 rows=400652 loops=1)
        Buckets: 131072 (originally 131072)  Batches: 8 (originally 4)  Memory Usage: 3073kB
        ->  Hash Join  (cost=85157.92..126077.48 rows=247750 width=8) (actual time=862.562..1946.479 rows=400652 loops=1)
              Hash Cond: (mi_idx.movie_id = t.id)
              ->  Seq Scan on movie_info_idx mi_idx  (cost=0.00..25185.44 rows=915101 width=4) (actual time=0.008..421.230 rows=919850 loops=1)
                    Filter: (info_type_id < 101)
                    Rows Removed by Filter: 460185
              ->  Hash  (cost=73925.90..73925.90 rows=684561 width=4) (actual time=861.632..861.632 rows=585759 loops=1)
                    Buckets: 131072  Batches: 16  Memory Usage: 2308kB
                    ->  Seq Scan on title t  (cost=0.00..73925.90 rows=684561 width=4) (actual time=0.008..749.274 rows=585759 loops=1)
                          Filter: ((kind_id < 7) AND (production_year > 1990))
                          Rows Removed by Filter: 1942553
Planning time: 1.195 ms
Execution time: 6596.376 ms
