Seq Scan on cast_info ci  (cost=0.00..705507.15 rows=18952776 width=0) (actual time=0.031..10532.431 rows=18864212 loops=1)
  Filter: (person_id < 1879355)
  Rows Removed by Filter: 17380132
Planning time: 0.646 ms
Execution time: 12951.261 ms
