Seq Scan on movie_keyword mk  (cost=0.00..81003.12 rows=482661 width=0) (actual time=0.032..1170.379 rows=478366 loops=1)
  Filter: (keyword_id > 37372)
  Rows Removed by Filter: 4045564
Planning time: 1.773 ms
Execution time: 1231.953 ms
