Seq Scan on cast_info ci  (cost=0.00..796071.18 rows=2347065 width=0) (actual time=3791.865..11789.875 rows=3686183 loops=1)
  Filter: ((person_id > 1623937) AND (role_id = 10))
  Rows Removed by Filter: 32558161
Planning time: 0.375 ms
Execution time: 12243.884 ms
