Seq Scan on movie_companies mc  (cost=0.00..57926.93 rows=832383 width=0) (actual time=336.865..887.307 rows=627884 loops=1)
  Filter: ((company_id > 3047) AND (company_type_id = 1))
  Rows Removed by Filter: 1981245
Planning time: 0.374 ms
Execution time: 969.361 ms
