Hash Join  (cost=78473.92..1038288.21 rows=4650292 width=0) (actual time=1152.053..21134.482 rows=4509473 loops=1)
  Hash Cond: (ci.movie_id = t.id)
  ->  Seq Scan on cast_info ci  (cost=0.00..705507.15 rows=17748324 width=4) (actual time=0.014..11025.663 rows=17603887 loops=1)
        Filter: (person_id < 1742193)
        Rows Removed by Filter: 18640457
  ->  Hash  (cost=67604.59..67604.59 rows=662507 width=4) (actual time=1150.812..1150.812 rows=662065 loops=1)
        Buckets: 131072  Batches: 16  Memory Usage: 2481kB
        ->  Seq Scan on title t  (cost=0.00..67604.59 rows=662507 width=4) (actual time=0.021..934.402 rows=662065 loops=1)
              Filter: (production_year > 2008)
              Rows Removed by Filter: 1866247
Planning time: 1.558 ms
Execution time: 21602.631 ms
