Hash Join  (cost=74793.26..130174.78 rows=71600 width=0) (actual time=1038.908..2482.072 rows=132928 loops=1)
  Hash Cond: (mc.movie_id = t.id)
  ->  Seq Scan on movie_companies mc  (cost=0.00..44881.29 rows=2609129 width=4) (actual time=0.013..475.777 rows=2609129 loops=1)
  ->  Hash  (cost=73925.90..73925.90 rows=69388 width=4) (actual time=950.883..950.883 rows=97066 loops=1)
        Buckets: 131072 (originally 131072)  Batches: 2 (originally 1)  Memory Usage: 3073kB
        ->  Seq Scan on title t  (cost=0.00..73925.90 rows=69388 width=4) (actual time=295.997..910.597 rows=97066 loops=1)
              Filter: ((production_year > 1997) AND (kind_id = 4))
              Rows Removed by Filter: 2431246
Planning time: 0.526 ms
Execution time: 2500.958 ms
