Hash Join  (cost=799385.30..1164064.31 rows=2308 width=0) (actual time=12741.798..18730.184 rows=4363 loops=1)
  Hash Cond: (mi.movie_id = t.id)
  ->  Seq Scan on movie_info mi  (cost=0.00..309384.22 rows=14739122 width=4) (actual time=0.009..3206.856 rows=14835720 loops=1)
  ->  Hash  (cost=799380.35..799380.35 rows=396 width=8) (actual time=12616.128..12616.128 rows=1265 loops=1)
        Buckets: 2048 (originally 1024)  Batches: 1 (originally 1)  Memory Usage: 66kB
        ->  Nested Loop  (cost=0.43..799380.35 rows=396 width=8) (actual time=2397.530..12615.563 rows=1265 loops=1)
              ->  Seq Scan on cast_info ci  (cost=0.00..796071.18 rows=396 width=4) (actual time=2397.409..12602.362 rows=1265 loops=1)
                    Filter: ((role_id < 8) AND (person_id = 1682956))
                    Rows Removed by Filter: 36243079
              ->  Index Only Scan using title_pkey on title t  (cost=0.43..8.35 rows=1 width=4) (actual time=0.009..0.010 rows=1 loops=1265)
                    Index Cond: (id = ci.movie_id)
                    Heap Fetches: 1265
Planning time: 1.168 ms
Execution time: 18730.946 ms
