Seq Scan on cast_info ci  (cost=0.00..796071.18 rows=13696899 width=0) (actual time=1871.554..13105.236 rows=19383440 loops=1)
  Filter: ((person_id > 1479218) AND (role_id > 1))
  Rows Removed by Filter: 16860904
Planning time: 0.338 ms
Execution time: 15474.996 ms
