Seq Scan on movie_companies mc  (cost=0.00..57926.93 rows=1114347 width=0) (actual time=89.839..971.977 rows=907809 loops=1)
  Filter: ((company_id < 79509) AND (company_type_id > 1))
  Rows Removed by Filter: 1701320
Planning time: 0.311 ms
Execution time: 1089.701 ms
