Seq Scan on movie_keyword mk  (cost=0.00..81003.12 rows=157971 width=0) (actual time=0.013..887.192 rows=154086 loops=1)
  Filter: (keyword_id > 73401)
  Rows Removed by Filter: 4369844
Planning time: 0.364 ms
Execution time: 905.238 ms
