Hash Join  (cost=434268.12..521051.53 rows=12537 width=0) (actual time=5394.700..7257.089 rows=897253 loops=1)
  Hash Cond: (mk.movie_id = t.id)
  ->  Seq Scan on movie_keyword mk  (cost=0.00..69693.30 rows=4523930 width=4) (actual time=0.022..751.353 rows=4523930 loops=1)
  ->  Hash  (cost=434180.53..434180.53 rows=7007 width=8) (actual time=5394.573..5394.573 rows=33177 loops=1)
        Buckets: 65536 (originally 8192)  Batches: 1 (originally 1)  Memory Usage: 1808kB
        ->  Hash Join  (cost=83810.17..434180.53 rows=7007 width=8) (actual time=1299.225..5383.020 rows=33177 loops=1)
              Hash Cond: (mi.movie_id = t.id)
              ->  Seq Scan on movie_info mi  (cost=0.00..346232.03 rows=17937 width=4) (actual time=233.396..4127.213 rows=36985 loops=1)
                    Filter: (info_type_id = 104)
                    Rows Removed by Filter: 14798735
              ->  Hash  (cost=67604.59..67604.59 rows=987727 width=4) (actual time=1062.853..1062.853 rows=985048 loops=1)
                    Buckets: 131072  Batches: 16  Memory Usage: 3197kB
                    ->  Seq Scan on title t  (cost=0.00..67604.59 rows=987727 width=4) (actual time=0.044..779.698 rows=985048 loops=1)
                          Filter: (kind_id < 7)
                          Rows Removed by Filter: 1543264
Planning time: 1.217 ms
Execution time: 7380.231 ms
