Hash Join  (cost=74341.98..162591.20 rows=24574 width=0) (actual time=989.815..1909.537 rows=53724 loops=1)
  Hash Cond: (mk.movie_id = t.id)
  ->  Seq Scan on movie_keyword mk  (cost=0.00..81003.12 rows=1866760 width=4) (actual time=0.010..723.420 rows=1874403 loops=1)
        Filter: (keyword_id > 7333)
        Rows Removed by Filter: 2649527
  ->  Hash  (cost=73925.90..73925.90 rows=33286 width=4) (actual time=987.963..987.963 rows=28113 loops=1)
        Buckets: 65536  Batches: 1  Memory Usage: 1501kB
        ->  Seq Scan on title t  (cost=0.00..73925.90 rows=33286 width=4) (actual time=0.068..975.717 rows=28113 loops=1)
              Filter: ((kind_id < 7) AND (production_year = 2004))
              Rows Removed by Filter: 2500199
Planning time: 0.756 ms
Execution time: 1914.168 ms
