Seq Scan on movie_keyword mk  (cost=0.00..81003.12 rows=246 width=0) (actual time=1.798..1119.577 rows=302 loops=1)
  Filter: (keyword_id = 25737)
  Rows Removed by Filter: 4523628
Planning time: 0.356 ms
Execution time: 1119.796 ms
