Hash Join  (cost=433328.88..1334801.12 rows=330314 width=0) (actual time=7205.733..26229.593 rows=843866 loops=1)
  Hash Cond: (ci.movie_id = t.id)
  ->  Seq Scan on cast_info ci  (cost=0.00..705507.15 rows=19266195 width=4) (actual time=0.020..10808.101 rows=19415644 loops=1)
        Filter: (person_id > 1664014)
        Rows Removed by Filter: 16828700
  ->  Hash  (cost=432786.99..432786.99 rows=43351 width=8) (actual time=7205.213..7205.213 rows=99849 loops=1)
        Buckets: 131072 (originally 65536)  Batches: 2 (originally 1)  Memory Usage: 3073kB
        ->  Hash Join  (cost=67697.55..432786.99 rows=43351 width=8) (actual time=817.915..7157.705 rows=99849 loops=1)
              Hash Cond: (mi.movie_id = t.id)
              ->  Seq Scan on movie_info mi  (cost=0.00..309384.22 rows=14739122 width=4) (actual time=0.013..3021.074 rows=14835720 loops=1)
              ->  Hash  (cost=67604.59..67604.59 rows=7437 width=4) (actual time=817.636..817.636 rows=14601 loops=1)
                    Buckets: 16384 (originally 8192)  Batches: 1 (originally 1)  Memory Usage: 642kB
                    ->  Seq Scan on title t  (cost=0.00..67604.59 rows=7437 width=4) (actual time=0.022..810.885 rows=14601 loops=1)
                          Filter: (production_year = 1967)
                          Rows Removed by Filter: 2513711
Planning time: 1.220 ms
Execution time: 26340.653 ms
