Hash Join  (cost=157212.79..286867.09 rows=628026 width=0) (actual time=9256.510..19594.365 rows=6477392 loops=1)
  Hash Cond: (mk.movie_id = t.id)
  ->  Seq Scan on movie_keyword mk  (cost=0.00..69693.30 rows=4523930 width=4) (actual time=0.022..5426.351 rows=4523930 loops=1)
  ->  Hash  (cost=151453.06..151453.06 rows=351018 width=8) (actual time=8906.877..8906.877 rows=640620 loops=1)
        Buckets: 131072 (originally 131072)  Batches: 16 (originally 8)  Memory Usage: 3073kB
        ->  Hash Join  (cost=78556.72..151453.06 rows=351018 width=8) (actual time=6136.670..8694.935 rows=640620 loops=1)
              Hash Cond: (mc.movie_id = t.id)
              ->  Seq Scan on movie_companies mc  (cost=0.00..51404.11 rows=1329612 width=4) (actual time=1020.566..3173.355 rows=1334883 loops=1)
                    Filter: (company_type_id = 2)
                    Rows Removed by Filter: 1274246
              ->  Hash  (cost=67604.59..67604.59 rows=667531 width=4) (actual time=4278.807..4278.807 rows=662825 loops=1)
                    Buckets: 131072  Batches: 16  Memory Usage: 2476kB
                    ->  Seq Scan on title t  (cost=0.00..67604.59 rows=667531 width=4) (actual time=828.216..3186.232 rows=662825 loops=1)
                          Filter: (kind_id = 1)
                          Rows Removed by Filter: 1865487
Planning time: 1.077 ms
Execution time: 20580.408 ms
