Hash Join  (cost=28268.20..113303.28 rows=19 width=0) (actual time=520.192..1709.411 rows=1486 loops=1)
  Hash Cond: (mk.movie_id = t.id)
  ->  Seq Scan on movie_keyword mk  (cost=0.00..81003.12 rows=1075138 width=4) (actual time=0.019..1162.945 rows=1085027 loops=1)
        Filter: (keyword_id > 16296)
        Rows Removed by Filter: 3438903
  ->  Hash  (cost=28267.64..28267.64 rows=45 width=8) (actual time=392.461..392.461 rows=34 loops=1)
        Buckets: 1024  Batches: 1  Memory Usage: 10kB
        ->  Nested Loop  (cost=0.43..28267.64 rows=45 width=8) (actual time=148.465..392.433 rows=34 loops=1)
              ->  Seq Scan on movie_info_idx mi_idx  (cost=0.00..25185.44 rows=368 width=4) (actual time=148.254..387.047 rows=260 loops=1)
                    Filter: (info_type_id > 101)
                    Rows Removed by Filter: 1379775
              ->  Index Scan using title_pkey on title t  (cost=0.43..8.37 rows=1 width=4) (actual time=0.020..0.020 rows=0 loops=260)
                    Index Cond: (id = mi_idx.movie_id)
                    Filter: ((kind_id < 7) AND (production_year > 2007))
                    Rows Removed by Filter: 1
Planning time: 1.029 ms
Execution time: 1709.739 ms
