Hash Join  (cost=158893.43..652081.45 rows=1254109 width=0) (actual time=2713.620..15286.548 rows=10883401 loops=1)
  Hash Cond: (mi.movie_id = t.id)
  ->  Seq Scan on movie_info mi  (cost=0.00..309384.22 rows=14739122 width=4) (actual time=0.017..4263.059 rows=14835720 loops=1)
  ->  Hash  (cost=155363.12..155363.12 rows=215145 width=8) (actual time=2685.262..2685.262 rows=271781 loops=1)
        Buckets: 131072  Batches: 4  Memory Usage: 3655kB
        ->  Hash Join  (cost=77347.14..155363.12 rows=215145 width=8) (actual time=784.674..2598.830 rows=271781 loops=1)
              Hash Cond: (mc.movie_id = t.id)
              ->  Seq Scan on movie_companies mc  (cost=0.00..44881.29 rows=2609129 width=4) (actual time=0.020..664.481 rows=2609129 loops=1)
              ->  Hash  (cost=73925.90..73925.90 rows=208499 width=4) (actual time=783.829..783.829 rows=182393 loops=1)
                    Buckets: 131072  Batches: 4  Memory Usage: 2628kB
                    ->  Seq Scan on title t  (cost=0.00..73925.90 rows=208499 width=4) (actual time=0.012..732.492 rows=182393 loops=1)
                          Filter: ((kind_id < 2) AND (production_year > 2007))
                          Rows Removed by Filter: 2345919
Planning time: 1.162 ms
Execution time: 16437.292 ms
