Hash Join  (cost=216683.28..1418175.32 rows=16323787 width=0) (actual time=3506.532..39087.706 rows=23301562 loops=1)
  Hash Cond: (ci.movie_id = t.id)
  ->  Seq Scan on cast_info ci  (cost=0.00..614943.12 rows=36225612 width=4) (actual time=0.022..10598.777 rows=36244344 loops=1)
  ->  Hash  (cost=197989.90..197989.90 rows=1139391 width=8) (actual time=3505.690..3505.690 rows=957678 loops=1)
        Buckets: 131072  Batches: 16  Memory Usage: 3348kB
        ->  Hash Join  (cost=102767.86..197989.90 rows=1139391 width=8) (actual time=1463.418..3283.506 rows=957678 loops=1)
              Hash Cond: (mc.movie_id = t.id)
              ->  Seq Scan on movie_companies mc  (cost=0.00..57926.93 rows=1139391 width=4) (actual time=0.022..835.045 rows=957678 loops=1)
                    Filter: ((company_id < 84725) AND (company_type_id = 2))
                    Rows Removed by Filter: 1651451
              ->  Hash  (cost=61283.27..61283.27 rows=2528527 width=4) (actual time=1461.902..1461.902 rows=2528312 loops=1)
                    Buckets: 131072  Batches: 64  Memory Usage: 2415kB
                    ->  Seq Scan on title t  (cost=0.00..61283.27 rows=2528527 width=4) (actual time=0.021..727.328 rows=2528312 loops=1)
Planning time: 1.169 ms
Execution time: 41689.956 ms
