Hash Join  (cost=190446.91..700794.63 rows=2862280 width=0) (actual time=3955.894..21340.657 rows=12389120 loops=1)
  Hash Cond: (mi.movie_id = t.id)
  ->  Seq Scan on movie_info mi  (cost=0.00..309384.22 rows=14739122 width=4) (actual time=0.011..5040.535 rows=14835720 loops=1)
  ->  Hash  (cost=182390.03..182390.03 rows=491030 width=8) (actual time=3954.647..3954.647 rows=807185 loops=1)
        Buckets: 131072 (originally 131072)  Batches: 16 (originally 8)  Memory Usage: 3073kB
        ->  Hash Join  (cost=102767.86..182390.03 rows=491030 width=8) (actual time=1781.700..3705.137 rows=807185 loops=1)
              Hash Cond: (mc.movie_id = t.id)
              ->  Seq Scan on movie_companies mc  (cost=0.00..57926.93 rows=491030 width=4) (actual time=137.421..952.268 rows=807185 loops=1)
                    Filter: ((company_id > 17567) AND (company_type_id = 2))
                    Rows Removed by Filter: 1801944
              ->  Hash  (cost=61283.27..61283.27 rows=2528527 width=4) (actual time=1643.021..1643.021 rows=2528312 loops=1)
                    Buckets: 131072  Batches: 64  Memory Usage: 2415kB
                    ->  Seq Scan on title t  (cost=0.00..61283.27 rows=2528527 width=4) (actual time=0.014..831.694 rows=2528312 loops=1)
Planning time: 1.602 ms
Execution time: 22895.448 ms
