Hash Join  (cost=77642.13..424984.49 rows=1607 width=0) (actual time=1922.272..4955.145 rows=28 loops=1)
  Hash Cond: (mi.movie_id = t.id)
  ->  Seq Scan on movie_info mi  (cost=0.00..346232.03 rows=17937 width=4) (actual time=849.243..3863.060 rows=121863 loops=1)
        Filter: (info_type_id = 105)
        Rows Removed by Filter: 14713857
  ->  Hash  (cost=73925.90..73925.90 rows=226498 width=4) (actual time=1019.746..1019.746 rows=120787 loops=1)
        Buckets: 131072  Batches: 4  Memory Usage: 2088kB
        ->  Seq Scan on title t  (cost=0.00..73925.90 rows=226498 width=4) (actual time=53.464..868.751 rows=120787 loops=1)
              Filter: ((production_year < 1970) AND (kind_id = 7))
              Rows Removed by Filter: 2407525
Planning time: 0.781 ms
Execution time: 4955.492 ms
