Seq Scan on movie_keyword mk  (cost=0.00..81003.12 rows=4173322 width=0) (actual time=0.017..1375.826 rows=4175570 loops=1)
  Filter: (keyword_id < 47792)
  Rows Removed by Filter: 348360
Planning time: 0.338 ms
Execution time: 1913.337 ms
