Hash Join  (cost=163324.40..530296.07 rows=231572 width=0) (actual time=2316.643..9065.566 rows=2774694 loops=1)
  Hash Cond: (mi.movie_id = t.id)
  ->  Seq Scan on movie_info mi  (cost=0.00..309384.22 rows=14739122 width=4) (actual time=0.020..2927.773 rows=14835720 loops=1)
  ->  Hash  (cost=162827.82..162827.82 rows=39727 width=8) (actual time=2316.152..2316.152 rows=48580 loops=1)
        Buckets: 65536  Batches: 1  Memory Usage: 2410kB
        ->  Hash Join  (cost=74617.32..162827.82 rows=39727 width=8) (actual time=800.737..2300.427 rows=48580 loops=1)
              Hash Cond: (mk.movie_id = t.id)
              ->  Seq Scan on movie_keyword mk  (cost=0.00..81003.12 rows=1816028 width=4) (actual time=0.017..1162.294 rows=1818152 loops=1)
                    Filter: (keyword_id < 2983)
                    Rows Removed by Filter: 2705778
              ->  Hash  (cost=73925.90..73925.90 rows=55313 width=4) (actual time=800.363..800.363 rows=49075 loops=1)
                    Buckets: 65536  Batches: 1  Memory Usage: 2238kB
                    ->  Seq Scan on title t  (cost=0.00..73925.90 rows=55313 width=4) (actual time=0.020..783.104 rows=49075 loops=1)
                          Filter: ((kind_id < 7) AND (production_year = 2010))
                          Rows Removed by Filter: 2479237
Planning time: 1.163 ms
Execution time: 9397.717 ms
