Hash Join  (cost=101879.88..158390.89 rows=12085 width=0) (actual time=1679.896..2447.991 rows=62379 loops=1)
  Hash Cond: (mc.movie_id = t.id)
  ->  Seq Scan on movie_companies mc  (cost=0.00..51404.11 rows=1329612 width=4) (actual time=351.267..830.100 rows=1334883 loops=1)
        Filter: (company_type_id = 2)
        Rows Removed by Filter: 1274246
  ->  Hash  (cost=101592.59..101592.59 rows=22983 width=8) (actual time=1328.371..1328.371 rows=41360 loops=1)
        Buckets: 65536 (originally 32768)  Batches: 1 (originally 1)  Memory Usage: 2128kB
        ->  Hash Join  (cost=74452.28..101592.59 rows=22983 width=8) (actual time=762.044..1313.207 rows=41360 loops=1)
              Hash Cond: (mi_idx.movie_id = t.id)
              ->  Seq Scan on movie_info_idx mi_idx  (cost=0.00..21735.35 rows=1380035 width=4) (actual time=0.022..228.275 rows=1380035 loops=1)
              ->  Hash  (cost=73925.90..73925.90 rows=42110 width=4) (actual time=761.650..761.650 rows=33905 loops=1)
                    Buckets: 65536  Batches: 1  Memory Usage: 1704kB
                    ->  Seq Scan on title t  (cost=0.00..73925.90 rows=42110 width=4) (actual time=0.034..748.183 rows=33905 loops=1)
                          Filter: ((kind_id < 7) AND (production_year = 2006))
                          Rows Removed by Filter: 2494407
Planning time: 1.201 ms
Execution time: 2456.069 ms
