Hash Join  (cost=83074.74..109986.57 rows=134 width=0) (actual time=1082.279..1609.873 rows=4455 loops=1)
  Hash Cond: (mi_idx.movie_id = t.id)
  ->  Seq Scan on movie_info_idx mi_idx  (cost=0.00..21735.35 rows=1380035 width=4) (actual time=0.019..246.309 rows=1380035 loops=1)
  ->  Hash  (cost=83071.67..83071.67 rows=246 width=8) (actual time=1081.384..1081.384 rows=2011 loops=1)
        Buckets: 2048 (originally 1024)  Batches: 1 (originally 1)  Memory Usage: 95kB
        ->  Nested Loop  (cost=0.43..83071.67 rows=246 width=8) (actual time=0.157..1080.017 rows=2011 loops=1)
              ->  Seq Scan on movie_keyword mk  (cost=0.00..81003.12 rows=246 width=4) (actual time=0.107..1044.501 rows=2011 loops=1)
                    Filter: (keyword_id = 2439)
                    Rows Removed by Filter: 4521919
              ->  Index Only Scan using title_pkey on title t  (cost=0.43..8.40 rows=1 width=4) (actual time=0.016..0.017 rows=1 loops=2011)
                    Index Cond: (id = mk.movie_id)
                    Heap Fetches: 2011
Planning time: 1.133 ms
Execution time: 1610.681 ms
