Seq Scan on cast_info ci  (cost=0.00..705507.15 rows=20795903 width=0) (actual time=1.803..10672.750 rows=20682307 loops=1)
  Filter: (person_id < 2082229)
  Rows Removed by Filter: 15562037
Planning time: 0.308 ms
Execution time: 13276.224 ms
