Hash Join  (cost=263115.61..436927.14 rows=3496461 width=0) (actual time=5913.012..16150.082 rows=27116706 loops=1)
  Hash Cond: (mk.movie_id = t.id)
  ->  Seq Scan on movie_keyword mk  (cost=0.00..81003.12 rows=3388447 width=4) (actual time=0.019..1426.820 rows=3380150 loops=1)
        Filter: (keyword_id > 1301)
        Rows Removed by Filter: 1143780
  ->  Hash  (cost=220309.49..220309.49 rows=2609129 width=8) (actual time=5910.654..5910.654 rows=2609129 loops=1)
        Buckets: 131072  Batches: 64  Memory Usage: 2691kB
        ->  Hash Join  (cost=102767.86..220309.49 rows=2609129 width=8) (actual time=1666.460..5079.222 rows=2609129 loops=1)
              Hash Cond: (mc.movie_id = t.id)
              ->  Seq Scan on movie_companies mc  (cost=0.00..44881.29 rows=2609129 width=4) (actual time=0.012..762.213 rows=2609129 loops=1)
              ->  Hash  (cost=61283.27..61283.27 rows=2528527 width=4) (actual time=1664.976..1664.976 rows=2528312 loops=1)
                    Buckets: 131072  Batches: 64  Memory Usage: 2415kB
                    ->  Seq Scan on title t  (cost=0.00..61283.27 rows=2528527 width=4) (actual time=0.028..815.562 rows=2528312 loops=1)
Planning time: 1.091 ms
Execution time: 19369.968 ms
