Hash Join  (cost=74255.97..134195.58 rows=23125 width=0) (actual time=951.333..2251.662 rows=42262 loops=1)
  Hash Cond: (mc.movie_id = t.id)
  ->  Seq Scan on movie_companies mc  (cost=0.00..51404.11 rows=2214467 width=4) (actual time=0.030..841.013 rows=2209318 loops=1)
        Filter: (company_id < 82256)
        Rows Removed by Filter: 399811
  ->  Hash  (cost=73925.90..73925.90 rows=26405 width=4) (actual time=950.897..950.897 rows=23926 loops=1)
        Buckets: 32768  Batches: 1  Memory Usage: 1098kB
        ->  Seq Scan on title t  (cost=0.00..73925.90 rows=26405 width=4) (actual time=0.111..941.076 rows=23926 loops=1)
              Filter: ((kind_id < 7) AND (production_year = 2003))
              Rows Removed by Filter: 2504386
Planning time: 0.720 ms
Execution time: 2258.370 ms
