Seq Scan on movie_keyword mk  (cost=0.00..81003.12 rows=3560979 width=0) (actual time=0.019..1279.235 rows=3552223 loops=1)
  Filter: (keyword_id < 19423)
  Rows Removed by Filter: 971707
Planning time: 0.286 ms
Execution time: 1732.254 ms
