Seq Scan on movie_keyword mk  (cost=0.00..81003.12 rows=1893971 width=0) (actual time=0.033..1114.828 rows=1906140 loops=1)
  Filter: (keyword_id < 3269)
  Rows Removed by Filter: 2617790
Planning time: 0.296 ms
Execution time: 1337.008 ms
