Hash Join  (cost=83074.74..109986.57 rows=134 width=0) (actual time=1058.401..1357.014 rows=4502 loops=1)
  Hash Cond: (mi_idx.movie_id = t.id)
  ->  Seq Scan on movie_info_idx mi_idx  (cost=0.00..21735.35 rows=1380035 width=4) (actual time=0.022..133.476 rows=1380035 loops=1)
  ->  Hash  (cost=83071.67..83071.67 rows=246 width=8) (actual time=1057.571..1057.571 rows=1898 loops=1)
        Buckets: 2048 (originally 1024)  Batches: 1 (originally 1)  Memory Usage: 91kB
        ->  Nested Loop  (cost=0.43..83071.67 rows=246 width=8) (actual time=8.783..1056.274 rows=1898 loops=1)
              ->  Seq Scan on movie_keyword mk  (cost=0.00..81003.12 rows=246 width=4) (actual time=8.710..1020.107 rows=1898 loops=1)
                    Filter: (keyword_id = 5761)
                    Rows Removed by Filter: 4522032
              ->  Index Only Scan using title_pkey on title t  (cost=0.43..8.40 rows=1 width=4) (actual time=0.018..0.018 rows=1 loops=1898)
                    Index Cond: (id = mk.movie_id)
                    Heap Fetches: 1898
Planning time: 0.803 ms
Execution time: 1357.508 ms
