Seq Scan on movie_companies mc  (cost=0.00..57926.93 rows=1008140 width=0) (actual time=0.018..942.846 rows=1160079 loops=1)
  Filter: ((company_id > 802) AND (company_type_id = 2))
  Rows Removed by Filter: 1449050
Planning time: 0.328 ms
Execution time: 1093.801 ms
