Seq Scan on cast_info ci  (cost=0.00..796071.18 rows=3692027 width=0) (actual time=0.025..10086.302 rows=1836248 loops=1)
  Filter: ((person_id < 1527005) AND (role_id > 5))
  Rows Removed by Filter: 34408096
Planning time: 0.342 ms
Execution time: 10324.584 ms
