Seq Scan on cast_info ci  (cost=0.00..796071.18 rows=55 width=0) (actual time=6527.961..7800.923 rows=10 loops=1)
  Filter: ((person_id = 2877013) AND (role_id = 3))
  Rows Removed by Filter: 36244334
Planning time: 0.389 ms
Execution time: 7801.027 ms
