Seq Scan on cast_info ci  (cost=0.00..796071.18 rows=224 width=0) (actual time=2997.917..11161.968 rows=1 loops=1)
  Filter: ((role_id > 2) AND (person_id = 1383961))
  Rows Removed by Filter: 36244343
Planning time: 0.401 ms
Execution time: 11162.090 ms
