Seq Scan on movie_keyword mk  (cost=0.00..81003.12 rows=3326468 width=0) (actual time=0.021..1138.016 rows=3316227 loops=1)
  Filter: (keyword_id < 15202)
  Rows Removed by Filter: 1207703
Planning time: 0.330 ms
Execution time: 1514.851 ms
