Hash Join  (cost=76379.89..967925.23 rows=1444118 width=0) (actual time=6321.402..12794.871 rows=123248 loops=1)
  Hash Cond: (ci.movie_id = t.id)
  ->  Seq Scan on cast_info ci  (cost=0.00..796071.18 rows=6827462 width=4) (actual time=5339.059..11379.003 rows=658940 loops=1)
        Filter: ((person_id > 1648029) AND (role_id = 1))
        Rows Removed by Filter: 35585404
  ->  Hash  (cost=67604.59..67604.59 rows=534824 width=4) (actual time=981.275..981.275 rows=533369 loops=1)
        Buckets: 131072  Batches: 8  Memory Usage: 3369kB
        ->  Seq Scan on title t  (cost=0.00..67604.59 rows=534824 width=4) (actual time=0.040..822.891 rows=533369 loops=1)
              Filter: (production_year > 2009)
              Rows Removed by Filter: 1994943
Planning time: 0.779 ms
Execution time: 12811.458 ms
