Hash Join  (cost=85456.44..1222688.81 rows=10068320 width=0) (actual time=1187.189..30484.796 rows=11260755 loops=1)
  Hash Cond: (ci.movie_id = t.id)
  ->  Seq Scan on cast_info ci  (cost=0.00..614943.12 rows=36225612 width=4) (actual time=0.017..10213.725 rows=36244344 loops=1)
  ->  Hash  (cost=73925.90..73925.90 rows=702763 width=4) (actual time=1186.032..1186.032 rows=726953 loops=1)
        Buckets: 131072  Batches: 16  Memory Usage: 2621kB
        ->  Seq Scan on title t  (cost=0.00..73925.90 rows=702763 width=4) (actual time=0.013..955.841 rows=726953 loops=1)
              Filter: ((kind_id < 4) AND (production_year < 2011))
              Rows Removed by Filter: 1801359
Planning time: 0.752 ms
Execution time: 31676.052 ms
