Seq Scan on movie_companies mc  (cost=0.00..57926.93 rows=51 width=0) (actual time=0.129..2777.199 rows=1906 loops=1)
  Filter: ((company_type_id < 2) AND (company_id = 1347))
  Rows Removed by Filter: 2607223
Planning time: 0.455 ms
Execution time: 2777.833 ms
