Hash Join  (cost=189453.75..1291914.71 rows=6683479 width=0) (actual time=3529.007..36193.895 rows=25573054 loops=1)
  Hash Cond: (ci.movie_id = t.id)
  ->  Seq Scan on cast_info ci  (cost=0.00..614943.12 rows=36225612 width=4) (actual time=0.045..10290.856 rows=36244344 loops=1)
  ->  Hash  (cost=181799.47..181799.47 rows=466503 width=8) (actual time=3527.762..3527.762 rows=670107 loops=1)
        Buckets: 131072 (originally 131072)  Batches: 16 (originally 8)  Memory Usage: 3073kB
        ->  Hash Join  (cost=102767.86..181799.47 rows=466503 width=8) (actual time=1629.899..3320.470 rows=670107 loops=1)
              Hash Cond: (mc.movie_id = t.id)
              ->  Seq Scan on movie_companies mc  (cost=0.00..57926.93 rows=466503 width=4) (actual time=0.030..735.610 rows=670107 loops=1)
                    Filter: ((company_id < 3722) AND (company_type_id < 2))
                    Rows Removed by Filter: 1939022
              ->  Hash  (cost=61283.27..61283.27 rows=2528527 width=4) (actual time=1629.212..1629.212 rows=2528312 loops=1)
                    Buckets: 131072  Batches: 64  Memory Usage: 2415kB
                    ->  Seq Scan on title t  (cost=0.00..61283.27 rows=2528527 width=4) (actual time=0.010..789.484 rows=2528312 loops=1)
Planning time: 1.189 ms
Execution time: 38662.890 ms
