Hash Join  (cost=82108.53..152781.36 rows=252353 width=0) (actual time=1176.759..2691.205 rows=334434 loops=1)
  Hash Cond: (mc.movie_id = t.id)
  ->  Seq Scan on movie_companies mc  (cost=0.00..51404.11 rows=1279517 width=4) (actual time=0.019..812.880 rows=1274246 loops=1)
        Filter: (company_type_id = 1)
        Rows Removed by Filter: 1334883
  ->  Hash  (cost=73925.90..73925.90 rows=498690 width=4) (actual time=1131.111..1131.111 rows=369177 loops=1)
        Buckets: 131072  Batches: 8  Memory Usage: 2653kB
        ->  Seq Scan on title t  (cost=0.00..73925.90 rows=498690 width=4) (actual time=0.039..1002.924 rows=369177 loops=1)
              Filter: ((production_year > 1983) AND (kind_id = 1))
              Rows Removed by Filter: 2159135
Planning time: 0.781 ms
Execution time: 2733.959 ms
