Hash Join  (cost=58358.88..897770.52 rows=178 width=0) (actual time=709.136..12626.398 rows=38 loops=1)
  Hash Cond: (ci.movie_id = t.id)
  ->  Seq Scan on cast_info ci  (cost=0.00..796071.18 rows=11556981 width=4) (actual time=0.033..11334.536 rows=4991740 loops=1)
        Filter: ((person_id < 1749223) AND (role_id > 1))
        Rows Removed by Filter: 31252604
  ->  Hash  (cost=58358.39..58358.39 rows=39 width=8) (actual time=703.378..703.378 rows=5 loops=1)
        Buckets: 1024  Batches: 1  Memory Usage: 9kB
        ->  Nested Loop  (cost=0.43..58358.39 rows=39 width=8) (actual time=504.635..703.361 rows=5 loops=1)
              ->  Seq Scan on movie_companies mc  (cost=0.00..57926.93 rows=51 width=4) (actual time=467.330..702.902 rows=12 loops=1)
                    Filter: ((company_id = 3268) AND (company_type_id = 1))
                    Rows Removed by Filter: 2609117
              ->  Index Scan using title_pkey on title t  (cost=0.43..8.45 rows=1 width=4) (actual time=0.035..0.035 rows=0 loops=12)
                    Index Cond: (id = mc.movie_id)
                    Filter: (production_year < 2010)
                    Rows Removed by Filter: 1
Planning time: 1.205 ms
Execution time: 12626.566 ms
