Seq Scan on movie_keyword mk  (cost=0.00..81003.12 rows=246 width=0) (actual time=186.424..3323.129 rows=31 loops=1)
  Filter: (keyword_id = 58684)
  Rows Removed by Filter: 4523899
Planning time: 0.344 ms
Execution time: 3323.241 ms
