Hash Join  (cost=918842.91..1414208.52 rows=1458169 width=0) (actual time=9785.336..20796.320 rows=1845028 loops=1)
  Hash Cond: (mi.movie_id = t.id)
  ->  Seq Scan on movie_info mi  (cost=0.00..309384.22 rows=14739122 width=4) (actual time=0.016..4321.185 rows=14835720 loops=1)
  ->  Hash  (cost=914738.01..914738.01 rows=250152 width=8) (actual time=9784.469..9784.469 rows=104379 loops=1)
        Buckets: 131072  Batches: 4  Memory Usage: 2046kB
        ->  Hash Join  (cost=102767.86..914738.01 rows=250152 width=8) (actual time=2518.247..9748.219 rows=104379 loops=1)
              Hash Cond: (ci.movie_id = t.id)
              ->  Seq Scan on cast_info ci  (cost=0.00..796071.18 rows=250152 width=4) (actual time=852.951..7587.965 rows=104379 loops=1)
                    Filter: ((person_id < 107357) AND (role_id > 6))
                    Rows Removed by Filter: 36139965
              ->  Hash  (cost=61283.27..61283.27 rows=2528527 width=4) (actual time=1662.989..1662.989 rows=2528312 loops=1)
                    Buckets: 131072  Batches: 64  Memory Usage: 2415kB
                    ->  Seq Scan on title t  (cost=0.00..61283.27 rows=2528527 width=4) (actual time=0.013..832.699 rows=2528312 loops=1)
Planning time: 1.157 ms
Execution time: 21031.034 ms
