Hash Join  (cost=102767.86..239863.92 rows=1920550 width=0) (actual time=1570.670..4672.072 rows=1931918 loops=1)
  Hash Cond: (mk.movie_id = t.id)
  ->  Seq Scan on movie_keyword mk  (cost=0.00..81003.12 rows=1920550 width=4) (actual time=0.013..1399.545 rows=1931918 loops=1)
        Filter: (keyword_id > 6904)
        Rows Removed by Filter: 2592012
  ->  Hash  (cost=61283.27..61283.27 rows=2528527 width=4) (actual time=1569.285..1569.285 rows=2528312 loops=1)
        Buckets: 131072  Batches: 64  Memory Usage: 2425kB
        ->  Seq Scan on title t  (cost=0.00..61283.27 rows=2528527 width=4) (actual time=0.008..746.262 rows=2528312 loops=1)
Planning time: 0.727 ms
Execution time: 4874.150 ms
