Hash Join  (cost=129508.69..494907.18 rows=52110 width=0) (actual time=3791.127..7350.334 rows=138304 loops=1)
  Hash Cond: (mi.movie_id = t.id)
  ->  Seq Scan on movie_info mi  (cost=0.00..346232.03 rows=4972096 width=4) (actual time=1787.908..4308.581 rows=4923966 loops=1)
        Filter: (info_type_id < 5)
        Rows Removed by Filter: 9911754
  ->  Hash  (cost=129177.44..129177.44 rows=26500 width=8) (actual time=2002.798..2002.798 rows=34003 loops=1)
        Buckets: 65536 (originally 32768)  Batches: 1 (originally 1)  Memory Usage: 1841kB
        ->  Hash Join  (cost=74246.92..129177.44 rows=26500 width=8) (actual time=875.076..1988.398 rows=34003 loops=1)
              Hash Cond: (mc.movie_id = t.id)
              ->  Seq Scan on movie_companies mc  (cost=0.00..44881.29 rows=2609129 width=4) (actual time=0.046..483.319 rows=2609129 loops=1)
              ->  Hash  (cost=73925.90..73925.90 rows=25681 width=4) (actual time=874.605..874.605 rows=23707 loops=1)
                    Buckets: 32768  Batches: 1  Memory Usage: 1090kB
                    ->  Seq Scan on title t  (cost=0.00..73925.90 rows=25681 width=4) (actual time=0.201..865.097 rows=23707 loops=1)
                          Filter: ((kind_id < 7) AND (production_year = 2013))
                          Rows Removed by Filter: 2504605
Planning time: 1.219 ms
Execution time: 7369.117 ms
