Hash Join  (cost=73929.67..100859.16 rows=55 width=0) (actual time=811.212..1262.161 rows=426 loops=1)
  Hash Cond: (mi_idx.movie_id = t.id)
  ->  Seq Scan on movie_info_idx mi_idx  (cost=0.00..25185.44 rows=464934 width=4) (actual time=0.018..379.395 rows=460185 loops=1)
        Filter: (info_type_id > 100)
        Rows Removed by Filter: 919850
  ->  Hash  (cost=73925.90..73925.90 rows=301 width=4) (actual time=809.764..809.764 rows=1268 loops=1)
        Buckets: 2048 (originally 1024)  Batches: 1 (originally 1)  Memory Usage: 61kB
        ->  Seq Scan on title t  (cost=0.00..73925.90 rows=301 width=4) (actual time=0.195..809.041 rows=1268 loops=1)
              Filter: ((kind_id = 3) AND (production_year = 1983))
              Rows Removed by Filter: 2527044
Planning time: 0.823 ms
Execution time: 1262.361 ms
