Hash Join  (cost=188904.50..542936.46 rows=80878 width=0) (actual time=7287.752..8625.325 rows=352984 loops=1)
  Hash Cond: (mi.movie_id = t.id)
  ->  Seq Scan on movie_info mi  (cost=0.00..346232.03 rows=451508 width=4) (actual time=3561.684..4430.794 rows=474443 loops=1)
        Filter: (info_type_id = 6)
        Rows Removed by Filter: 14361277
  ->  Hash  (cost=181472.89..181472.89 rows=452929 width=8) (actual time=3725.075..3725.075 rows=776950 loops=1)
        Buckets: 131072 (originally 131072)  Batches: 16 (originally 8)  Memory Usage: 3073kB
        ->  Hash Join  (cost=102767.86..181472.89 rows=452929 width=8) (actual time=1668.592..3527.945 rows=776950 loops=1)
              Hash Cond: (mc.movie_id = t.id)
              ->  Seq Scan on movie_companies mc  (cost=0.00..57926.93 rows=452929 width=4) (actual time=0.047..944.472 rows=776950 loops=1)
                    Filter: ((company_id > 21707) AND (company_type_id > 1))
                    Rows Removed by Filter: 1832179
              ->  Hash  (cost=61283.27..61283.27 rows=2528527 width=4) (actual time=1666.785..1666.785 rows=2528312 loops=1)
                    Buckets: 131072  Batches: 64  Memory Usage: 2415kB
                    ->  Seq Scan on title t  (cost=0.00..61283.27 rows=2528527 width=4) (actual time=0.024..856.908 rows=2528312 loops=1)
Planning time: 3.834 ms
Execution time: 8663.263 ms
