Hash Join  (cost=83073.10..137739.29 rows=67 width=0) (actual time=1200.260..2082.661 rows=366 loops=1)
  Hash Cond: (mc.movie_id = t.id)
  ->  Seq Scan on movie_companies mc  (cost=0.00..44881.29 rows=2609129 width=4) (actual time=0.014..510.522 rows=2609129 loops=1)
  ->  Hash  (cost=83072.29..83072.29 rows=65 width=8) (actual time=1104.426..1104.426 rows=32 loops=1)
        Buckets: 1024  Batches: 1  Memory Usage: 10kB
        ->  Nested Loop  (cost=0.43..83072.29 rows=65 width=8) (actual time=9.224..1104.353 rows=32 loops=1)
              ->  Seq Scan on movie_keyword mk  (cost=0.00..81003.12 rows=246 width=4) (actual time=9.162..1099.886 rows=81 loops=1)
                    Filter: (keyword_id = 28011)
                    Rows Removed by Filter: 4523849
              ->  Index Scan using title_pkey on title t  (cost=0.43..8.40 rows=1 width=4) (actual time=0.052..0.052 rows=0 loops=81)
                    Index Cond: (id = mk.movie_id)
                    Filter: (kind_id < 2)
                    Rows Removed by Filter: 1
Planning time: 0.763 ms
Execution time: 2082.831 ms
