Hash Join  (cost=52284.70..138943.81 rows=107 width=0) (actual time=709.443..2236.514 rows=393 loops=1)
  Hash Cond: (mk.movie_id = t.id)
  ->  Seq Scan on movie_keyword mk  (cost=0.00..69693.30 rows=4523930 width=4) (actual time=0.018..817.151 rows=4523930 loops=1)
  ->  Hash  (cost=52283.95..52283.95 rows=60 width=8) (actual time=647.183..647.183 rows=56 loops=1)
        Buckets: 1024  Batches: 1  Memory Usage: 11kB
        ->  Nested Loop  (cost=0.43..52283.95 rows=60 width=8) (actual time=41.962..647.113 rows=56 loops=1)
              ->  Seq Scan on movie_companies mc  (cost=0.00..51404.11 rows=104 width=4) (actual time=41.899..645.095 rows=75 loops=1)
                    Filter: (company_id = 71079)
                    Rows Removed by Filter: 2609054
              ->  Index Scan using title_pkey on title t  (cost=0.43..8.45 rows=1 width=4) (actual time=0.025..0.025 rows=1 loops=75)
                    Index Cond: (id = mc.movie_id)
                    Filter: (production_year < 2006)
                    Rows Removed by Filter: 0
Planning time: 1.233 ms
Execution time: 2236.741 ms
