Seq Scan on cast_info ci  (cost=0.00..796071.18 rows=332 width=0) (actual time=3255.563..11482.445 rows=135 loops=1)
  Filter: ((role_id < 4) AND (person_id = 1082237))
  Rows Removed by Filter: 36244209
Planning time: 0.375 ms
Execution time: 11482.536 ms
