Seq Scan on movie_keyword mk  (cost=0.00..81003.12 rows=2445747 width=0) (actual time=0.017..1268.417 rows=2446778 loops=1)
  Filter: (keyword_id < 5831)
  Rows Removed by Filter: 2077152
Planning time: 0.329 ms
Execution time: 1583.543 ms
