Hash Join  (cost=89669.39..1391174.77 rows=4824640 width=136) (actual time=2285.578..33664.002 rows=4573691 loops=1)
  Hash Cond: (ci.movie_id = t.id)
  ->  Seq Scan on cast_info ci  (cost=0.00..796071.18 rows=21037547 width=42) (actual time=729.571..16732.364 rows=19742660 loops=1)
        Filter: ((person_id < 3360563) AND (role_id > 1))
        Rows Removed by Filter: 16501684
  ->  Hash  (cost=73925.90..73925.90 rows=579879 width=94) (actual time=1554.895..1554.895 rows=492958 loops=1)
        Buckets: 32768  Batches: 32  Memory Usage: 1961kB
        ->  Seq Scan on title t  (cost=0.00..73925.90 rows=579879 width=94) (actual time=0.033..1350.778 rows=492958 loops=1)
              Filter: ((kind_id < 7) AND (production_year > 1998))
              Rows Removed by Filter: 2035354
Planning time: 0.918 ms
Execution time: 33900.874 ms
