Nested Loop  (cost=54284.16..136216.84 rows=17 width=0) (actual time=830.174..1862.749 rows=763 loops=1)
  ->  Hash Join  (cost=54283.73..136083.38 rows=90 width=8) (actual time=830.093..1850.505 rows=763 loops=1)
        Hash Cond: (mk.movie_id = mc.movie_id)
        ->  Seq Scan on movie_keyword mk  (cost=0.00..81003.12 rows=246 width=4) (actual time=3.475..1006.040 rows=2506 loops=1)
              Filter: (keyword_id = 2853)
              Rows Removed by Filter: 4521424
        ->  Hash  (cost=51404.11..51404.11 rows=175489 width=4) (actual time=815.693..815.693 rows=175391 loops=1)
              Buckets: 131072  Batches: 4  Memory Usage: 2581kB
              ->  Seq Scan on movie_companies mc  (cost=0.00..51404.11 rows=175489 width=4) (actual time=0.029..759.266 rows=175391 loops=1)
                    Filter: (company_id > 121875)
                    Rows Removed by Filter: 2433738
  ->  Index Only Scan using title_pkey on title t  (cost=0.43..1.47 rows=1 width=4) (actual time=0.015..0.015 rows=1 loops=763)
        Index Cond: (id = mc.movie_id)
        Heap Fetches: 763
Planning time: 1.193 ms
Execution time: 1863.068 ms
