Hash Join  (cost=74547.79..914304.84 rows=217788 width=0) (actual time=6796.988..15627.312 rows=128105 loops=1)
  Hash Cond: (ci.movie_id = t.id)
  ->  Seq Scan on cast_info ci  (cost=0.00..796071.18 rows=11068798 width=4) (actual time=5735.330..12819.129 rows=5814192 loops=1)
        Filter: ((person_id < 2549396) AND (role_id > 2))
        Rows Removed by Filter: 30430152
  ->  Hash  (cost=73925.90..73925.90 rows=49751 width=4) (actual time=1061.152..1061.152 rows=56995 loops=1)
        Buckets: 65536  Batches: 1  Memory Usage: 2516kB
        ->  Seq Scan on title t  (cost=0.00..73925.90 rows=49751 width=4) (actual time=0.029..1037.897 rows=56995 loops=1)
              Filter: ((kind_id > 1) AND (production_year = 2003))
              Rows Removed by Filter: 2471317
Planning time: 0.854 ms
Execution time: 15646.534 ms
