Seq Scan on cast_info ci  (cost=0.00..705507.15 rows=500 width=0) (actual time=250.770..9172.379 rows=231 loops=1)
  Filter: (person_id = 830206)
  Rows Removed by Filter: 36244113
Planning time: 0.355 ms
Execution time: 9172.512 ms
