Hash Join  (cost=73983.12..100918.58 rows=2498 width=0) (actual time=823.323..1340.643 rows=5175 loops=1)
  Hash Cond: (mi_idx.movie_id = t.id)
  ->  Seq Scan on movie_info_idx mi_idx  (cost=0.00..21735.35 rows=1380035 width=4) (actual time=0.020..242.567 rows=1380035 loops=1)
  ->  Hash  (cost=73925.90..73925.90 rows=4577 width=4) (actual time=822.917..822.917 rows=4138 loops=1)
        Buckets: 8192  Batches: 1  Memory Usage: 210kB
        ->  Seq Scan on title t  (cost=0.00..73925.90 rows=4577 width=4) (actual time=35.484..821.030 rows=4138 loops=1)
              Filter: ((kind_id = 3) AND (production_year = 2007))
              Rows Removed by Filter: 2524174
Planning time: 0.724 ms
Execution time: 1341.505 ms
