Hash Join  (cost=132434.87..220784.21 rows=1663 width=0) (actual time=2039.078..3515.470 rows=85083 loops=1)
  Hash Cond: (mk.movie_id = t.id)
  ->  Seq Scan on movie_keyword mk  (cost=0.00..81003.12 rows=1954557 width=4) (actual time=0.017..1158.971 rows=1964384 loops=1)
        Filter: (keyword_id < 3434)
        Rows Removed by Filter: 2559546
  ->  Hash  (cost=132407.98..132407.98 rows=2151 width=8) (actual time=2036.961..2036.961 rows=8908 loops=1)
        Buckets: 16384 (originally 4096)  Batches: 1 (originally 1)  Memory Usage: 476kB
        ->  Hash Join  (cost=73962.22..132407.98 rows=2151 width=8) (actual time=901.467..2032.975 rows=8908 loops=1)
              Hash Cond: (mc.movie_id = t.id)
              ->  Seq Scan on movie_companies mc  (cost=0.00..51404.11 rows=1872038 width=4) (actual time=0.021..811.558 rows=1867580 loops=1)
                    Filter: (company_id < 38484)
                    Rows Removed by Filter: 741549
              ->  Hash  (cost=73925.90..73925.90 rows=2905 width=4) (actual time=900.213..900.213 rows=6198 loops=1)
                    Buckets: 8192 (originally 4096)  Batches: 1 (originally 1)  Memory Usage: 282kB
                    ->  Seq Scan on title t  (cost=0.00..73925.90 rows=2905 width=4) (actual time=0.078..897.224 rows=6198 loops=1)
                          Filter: ((kind_id < 7) AND (production_year = 1976))
                          Rows Removed by Filter: 2522114
Planning time: 1.183 ms
Execution time: 3526.623 ms
