Nested Loop  (cost=0.43..83072.29 rows=12 width=0) (actual time=5.425..1047.486 rows=119 loops=1)
  ->  Seq Scan on movie_keyword mk  (cost=0.00..81003.12 rows=246 width=4) (actual time=0.811..1018.738 rows=1391 loops=1)
        Filter: (keyword_id = 21369)
        Rows Removed by Filter: 4522539
  ->  Index Scan using title_pkey on title t  (cost=0.43..8.40 rows=1 width=4) (actual time=0.020..0.020 rows=0 loops=1391)
        Index Cond: (id = mk.movie_id)
        Filter: (production_year = 2008)
        Rows Removed by Filter: 1
Planning time: 0.528 ms
Execution time: 1047.641 ms
