Hash Join  (cost=190230.21..1317083.94 rows=10434200 width=0) (actual time=3862.474..35995.262 rows=24122419 loops=1)
  Hash Cond: (ci.movie_id = t.id)
  ->  Seq Scan on cast_info ci  (cost=0.00..796071.18 rows=19117745 width=4) (actual time=0.026..15438.925 rows=21699597 loops=1)
        Filter: ((person_id > 646067) AND (role_id > 1))
        Rows Removed by Filter: 14544747
  ->  Hash  (cost=167588.78..167588.78 rows=1380035 width=8) (actual time=3861.234..3861.234 rows=1380035 loops=1)
        Buckets: 131072  Batches: 32  Memory Usage: 2708kB
        ->  Hash Join  (cost=102767.86..167588.78 rows=1380035 width=8) (actual time=1597.214..3457.448 rows=1380035 loops=1)
              Hash Cond: (mi_idx.movie_id = t.id)
              ->  Seq Scan on movie_info_idx mi_idx  (cost=0.00..21735.35 rows=1380035 width=4) (actual time=0.023..381.771 rows=1380035 loops=1)
              ->  Hash  (cost=61283.27..61283.27 rows=2528527 width=4) (actual time=1595.376..1595.376 rows=2528312 loops=1)
                    Buckets: 131072  Batches: 64  Memory Usage: 2415kB
                    ->  Seq Scan on title t  (cost=0.00..61283.27 rows=2528527 width=4) (actual time=0.012..783.261 rows=2528312 loops=1)
Planning time: 1.156 ms
Execution time: 38756.112 ms
