Hash Join  (cost=206066.77..1392669.13 rows=14874320 width=0) (actual time=3842.275..42309.149 rows=27488517 loops=1)
  Hash Cond: (ci.movie_id = t.id)
  ->  Seq Scan on cast_info ci  (cost=0.00..614943.12 rows=36225612 width=4) (actual time=0.022..10971.721 rows=36244344 loops=1)
  ->  Hash  (cost=189033.03..189033.03 rows=1038219 width=8) (actual time=3841.365..3841.365 rows=1046939 loops=1)
        Buckets: 131072  Batches: 16  Memory Usage: 3587kB
        ->  Hash Join  (cost=102767.86..189033.03 rows=1038219 width=8) (actual time=1571.458..3543.151 rows=1046939 loops=1)
              Hash Cond: (mc.movie_id = t.id)
              ->  Seq Scan on movie_companies mc  (cost=0.00..51404.11 rows=1038219 width=4) (actual time=0.033..755.890 rows=1046939 loops=1)
                    Filter: (company_id > 15041)
                    Rows Removed by Filter: 1562190
              ->  Hash  (cost=61283.27..61283.27 rows=2528527 width=4) (actual time=1570.062..1570.062 rows=2528312 loops=1)
                    Buckets: 131072  Batches: 64  Memory Usage: 2415kB
                    ->  Seq Scan on title t  (cost=0.00..61283.27 rows=2528527 width=4) (actual time=0.015..754.170 rows=2528312 loops=1)
Planning time: 1.631 ms
Execution time: 45256.797 ms
