Nested Loop  (cost=0.43..83071.67 rows=246 width=0) (actual time=135.510..3768.109 rows=45 loops=1)
  ->  Seq Scan on movie_keyword mk  (cost=0.00..81003.12 rows=246 width=4) (actual time=135.412..3737.992 rows=45 loops=1)
        Filter: (keyword_id = 69958)
        Rows Removed by Filter: 4523885
  ->  Index Only Scan using title_pkey on title t  (cost=0.43..8.40 rows=1 width=4) (actual time=0.665..0.666 rows=1 loops=45)
        Index Cond: (id = mk.movie_id)
        Heap Fetches: 45
Planning time: 7.599 ms
Execution time: 3768.221 ms
