Seq Scan on movie_companies mc  (cost=0.00..51404.11 rows=104 width=0) (actual time=0.084..629.998 rows=351 loops=1)
  Filter: (company_id = 1532)
  Rows Removed by Filter: 2608778
Planning time: 0.352 ms
Execution time: 630.169 ms
