Hash Join  (cost=98137.04..251843.11 rows=2387293 width=0) (actual time=1647.998..5310.812 rows=1142274 loops=1)
  Hash Cond: (mk.movie_id = t.id)
  ->  Seq Scan on movie_keyword mk  (cost=0.00..81003.12 rows=3243604 width=4) (actual time=0.016..1481.325 rows=3233742 loops=1)
        Filter: (keyword_id < 13701)
        Rows Removed by Filter: 1290188
  ->  Hash  (cost=67604.59..67604.59 rows=1860996 width=4) (actual time=1645.989..1645.989 rows=1865487 loops=1)
        Buckets: 131072  Batches: 32  Memory Usage: 3085kB
        ->  Seq Scan on title t  (cost=0.00..67604.59 rows=1860996 width=4) (actual time=0.027..1033.613 rows=1865487 loops=1)
              Filter: (kind_id > 1)
              Rows Removed by Filter: 662825
Planning time: 0.681 ms
Execution time: 5421.336 ms
