Seq Scan on movie_companies mc  (cost=0.00..57926.93 rows=522158 width=0) (actual time=0.023..678.786 rows=311803 loops=1)
  Filter: ((company_id < 5503) AND (company_type_id = 2))
  Rows Removed by Filter: 2297326
Planning time: 0.380 ms
Execution time: 710.507 ms
