Hash Join  (cost=52284.46..450743.85 rows=226 width=0) (actual time=742.486..7393.211 rows=28 loops=1)
  Hash Cond: (mi.movie_id = t.id)
  ->  Seq Scan on movie_info mi  (cost=0.00..346232.03 rows=13926693 width=4) (actual time=0.023..4880.253 rows=13963496 loops=1)
        Filter: (info_type_id < 98)
        Rows Removed by Filter: 872224
  ->  Hash  (cost=52283.95..52283.95 rows=41 width=8) (actual time=697.640..697.640 rows=3 loops=1)
        Buckets: 1024  Batches: 1  Memory Usage: 9kB
        ->  Nested Loop  (cost=0.43..52283.95 rows=41 width=8) (actual time=363.877..697.630 rows=3 loops=1)
              ->  Seq Scan on movie_companies mc  (cost=0.00..51404.11 rows=104 width=4) (actual time=363.824..697.446 rows=3 loops=1)
                    Filter: (company_id = 104294)
                    Rows Removed by Filter: 2609126
              ->  Index Scan using title_pkey on title t  (cost=0.43..8.45 rows=1 width=4) (actual time=0.054..0.055 rows=1 loops=3)
                    Index Cond: (id = mc.movie_id)
                    Filter: (kind_id < 7)
Planning time: 1.160 ms
Execution time: 7393.401 ms
