Seq Scan on movie_keyword mk  (cost=0.00..81003.12 rows=2038049 width=0) (actual time=0.024..1283.874 rows=2043724 loops=1)
  Filter: (keyword_id > 6011)
  Rows Removed by Filter: 2480206
Planning time: 0.323 ms
Execution time: 1551.306 ms
