Hash Join  (cost=75336.05..426465.38 rows=13024 width=0) (actual time=4557.373..5294.846 rows=56621 loops=1)
  Hash Cond: (mi.movie_id = t.id)
  ->  Seq Scan on movie_info mi  (cost=0.00..346232.03 rows=383217 width=4) (actual time=3489.344..4059.473 rows=368218 loops=1)
        Filter: (info_type_id = 17)
        Rows Removed by Filter: 14467502
  ->  Hash  (cost=73925.90..73925.90 rows=85932 width=4) (actual time=1038.329..1038.329 rows=187462 loops=1)
        Buckets: 131072 (originally 131072)  Batches: 4 (originally 2)  Memory Usage: 3073kB
        ->  Seq Scan on title t  (cost=0.00..73925.90 rows=85932 width=4) (actual time=0.260..965.442 rows=187462 loops=1)
              Filter: ((kind_id < 7) AND (production_year < 1958))
              Rows Removed by Filter: 2340850
Planning time: 0.709 ms
Execution time: 5302.424 ms
