Seq Scan on movie_keyword mk  (cost=0.00..81003.12 rows=2533144 width=0) (actual time=0.030..1289.757 rows=2526604 loops=1)
  Filter: (keyword_id < 6267)
  Rows Removed by Filter: 1997326
Planning time: 0.296 ms
Execution time: 1618.204 ms
