Seq Scan on movie_keyword mk  (cost=0.00..81003.12 rows=1713272 width=0) (actual time=0.026..1218.495 rows=1720330 loops=1)
  Filter: (keyword_id > 8250)
  Rows Removed by Filter: 2803600
Planning time: 0.277 ms
Execution time: 1442.701 ms
