Hash Join  (cost=169457.68..1188042.42 rows=7771240 width=0) (actual time=9701.549..71879.724 rows=14419768 loops=1)
  Hash Cond: (ci.movie_id = t.id)
  ->  Seq Scan on cast_info ci  (cost=0.00..705507.15 rows=20024311 width=4) (actual time=0.022..42372.488 rows=20122661 loops=1)
        Filter: (role_id < 3)
        Rows Removed by Filter: 16121683
  ->  Hash  (cost=153357.47..153357.47 rows=981297 width=8) (actual time=9700.526..9700.526 rows=944574 loops=1)
        Buckets: 131072  Batches: 16  Memory Usage: 3332kB
        ->  Hash Join  (cost=97102.97..153357.47 rows=981297 width=8) (actual time=5634.978..9268.403 rows=944574 loops=1)
              Hash Cond: (mi_idx.movie_id = t.id)
              ->  Seq Scan on movie_info_idx mi_idx  (cost=0.00..21735.35 rows=1380035 width=4) (actual time=0.019..1785.036 rows=1380035 loops=1)
              ->  Hash  (cost=67604.59..67604.59 rows=1797951 width=4) (actual time=5633.204..5633.204 rows=1793384 loops=1)
                    Buckets: 131072  Batches: 32  Memory Usage: 2998kB
                    ->  Seq Scan on title t  (cost=0.00..67604.59 rows=1797951 width=4) (actual time=0.009..4797.516 rows=1793384 loops=1)
                          Filter: (production_year > 1988)
                          Rows Removed by Filter: 734928
Planning time: 1.121 ms
Execution time: 73980.497 ms
