Hash Join  (cost=169048.62..927237.56 rows=739983 width=0) (actual time=2423.777..19390.662 rows=3027900 loops=1)
  Hash Cond: (ci.movie_id = t.id)
  ->  Seq Scan on cast_info ci  (cost=0.00..614943.12 rows=36225612 width=4) (actual time=0.021..6710.929 rows=36244344 loops=1)
  ->  Hash  (cost=168403.00..168403.00 rows=51650 width=8) (actual time=2423.381..2423.381 rows=47361 loops=1)
        Buckets: 65536  Batches: 1  Memory Usage: 2363kB
        ->  Hash Join  (cost=76444.38..168403.00 rows=51650 width=8) (actual time=935.284..2407.286 rows=47361 loops=1)
              Hash Cond: (mk.movie_id = t.id)
              ->  Seq Scan on movie_keyword mk  (cost=0.00..81003.12 rows=850932 width=4) (actual time=0.025..1107.180 rows=856736 loops=1)
                    Filter: (keyword_id > 21431)
                    Rows Removed by Filter: 3667194
              ->  Hash  (cost=73925.90..73925.90 rows=153478 width=4) (actual time=934.316..934.316 rows=134760 loops=1)
                    Buckets: 131072  Batches: 4  Memory Usage: 2222kB
                    ->  Seq Scan on title t  (cost=0.00..73925.90 rows=153478 width=4) (actual time=0.034..885.549 rows=134760 loops=1)
                          Filter: ((kind_id < 7) AND (production_year > 2010))
                          Rows Removed by Filter: 2393552
Planning time: 1.173 ms
Execution time: 19783.698 ms
