Hash Join  (cost=92883.59..1225566.09 rows=10655301 width=0) (actual time=1492.269..26133.873 rows=8679966 loops=1)
  Hash Cond: (ci.movie_id = t.id)
  ->  Seq Scan on cast_info ci  (cost=0.00..796071.18 rows=17485862 width=4) (actual time=0.026..14364.529 rows=14311539 loops=1)
        Filter: ((person_id < 2774642) AND (role_id > 1))
        Rows Removed by Filter: 21932805
  ->  Hash  (cost=67604.59..67604.59 rows=1540800 width=4) (actual time=1490.867..1490.867 rows=1543264 loops=1)
        Buckets: 131072  Batches: 32  Memory Usage: 2722kB
        ->  Seq Scan on title t  (cost=0.00..67604.59 rows=1540800 width=4) (actual time=0.018..1011.372 rows=1543264 loops=1)
              Filter: (kind_id = 7)
              Rows Removed by Filter: 985048
Planning time: 0.669 ms
Execution time: 27166.428 ms
