Seq Scan on movie_keyword mk  (cost=0.00..81003.12 rows=246 width=0) (actual time=10.797..924.938 rows=127 loops=1)
  Filter: (keyword_id = 4835)
  Rows Removed by Filter: 4523803
Planning time: 0.318 ms
Execution time: 925.100 ms
