Hash Join  (cost=152362.63..643265.55 rows=1039999 width=0) (actual time=2526.334..15594.214 rows=6183477 loops=1)
  Hash Cond: (mi.movie_id = t.id)
  ->  Seq Scan on movie_info mi  (cost=0.00..309384.22 rows=14739122 width=4) (actual time=0.014..4431.477 rows=14835720 loops=1)
  ->  Hash  (cost=149435.46..149435.46 rows=178414 width=8) (actual time=2525.579..2525.579 rows=310348 loops=1)
        Buckets: 131072  Batches: 4  Memory Usage: 4060kB
        ->  Hash Join  (cost=86421.94..149435.46 rows=178414 width=8) (actual time=1224.747..2445.146 rows=310348 loops=1)
              Hash Cond: (mc.movie_id = t.id)
              ->  Seq Scan on movie_companies mc  (cost=0.00..51404.11 rows=592336 width=4) (actual time=0.016..782.859 rows=599206 loops=1)
                    Filter: (company_id > 68029)
                    Rows Removed by Filter: 2009923
              ->  Hash  (cost=73925.90..73925.90 rows=761603 width=4) (actual time=1223.749..1223.749 rows=670584 loops=1)
                    Buckets: 131072  Batches: 16  Memory Usage: 2498kB
                    ->  Seq Scan on title t  (cost=0.00..73925.90 rows=761603 width=4) (actual time=0.024..1016.951 rows=670584 loops=1)
                          Filter: ((kind_id < 7) AND (production_year > 1979))
                          Rows Removed by Filter: 1857728
Planning time: 1.066 ms
Execution time: 16327.895 ms
