Seq Scan on movie_companies mc  (cost=0.00..57926.93 rows=1226857 width=0) (actual time=0.019..982.008 rows=1274246 loops=1)
  Filter: ((company_id < 153120) AND (company_type_id = 1))
  Rows Removed by Filter: 1334883
Planning time: 0.332 ms
Execution time: 1146.378 ms
