Nested Loop  (cost=0.43..58358.27 rows=51 width=0) (actual time=321.037..619.911 rows=1 loops=1)
  ->  Seq Scan on movie_companies mc  (cost=0.00..57926.93 rows=51 width=4) (actual time=320.959..619.831 rows=1 loops=1)
        Filter: ((company_id = 65745) AND (company_type_id = 1))
        Rows Removed by Filter: 2609128
  ->  Index Only Scan using title_pkey on title t  (cost=0.43..8.45 rows=1 width=4) (actual time=0.066..0.067 rows=1 loops=1)
        Index Cond: (id = mc.movie_id)
        Heap Fetches: 1
Planning time: 3.842 ms
Execution time: 619.958 ms
