Hash Join  (cost=796537.03..851203.12 rows=57 width=0) (actual time=32501.002..34766.728 rows=8 loops=1)
  Hash Cond: (mc.movie_id = t.id)
  ->  Seq Scan on movie_companies mc  (cost=0.00..44881.29 rows=2609129 width=4) (actual time=0.019..2665.807 rows=2609129 loops=1)
  ->  Hash  (cost=796536.34..796536.34 rows=55 width=8) (actual time=31483.816..31483.816 rows=3 loops=1)
        Buckets: 1024  Batches: 1  Memory Usage: 9kB
        ->  Nested Loop  (cost=0.43..796536.34 rows=55 width=8) (actual time=9628.691..31483.801 rows=3 loops=1)
              ->  Seq Scan on cast_info ci  (cost=0.00..796071.18 rows=55 width=4) (actual time=9628.596..31483.656 rows=3 loops=1)
                    Filter: ((person_id = 230945) AND (role_id = 3))
                    Rows Removed by Filter: 36244341
              ->  Index Only Scan using title_pkey on title t  (cost=0.43..8.45 rows=1 width=4) (actual time=0.039..0.039 rows=1 loops=3)
                    Index Cond: (id = ci.movie_id)
                    Heap Fetches: 3
Planning time: 1.280 ms
Execution time: 34766.886 ms
