Seq Scan on movie_companies mc  (cost=0.00..51404.11 rows=185031 width=0) (actual time=452.597..579.103 rows=186020 loops=1)
  Filter: (company_id > 118180)
  Rows Removed by Filter: 2423109
Planning time: 0.300 ms
Execution time: 593.117 ms
