Hash Join  (cost=906049.81..1034690.74 rows=544889 width=0) (actual time=10714.264..13417.476 rows=153003 loops=1)
  Hash Cond: (mk.movie_id = t.id)
  ->  Seq Scan on movie_keyword mk  (cost=0.00..69693.30 rows=4523930 width=4) (actual time=0.015..1203.207 rows=4523930 loops=1)
  ->  Hash  (cost=901052.93..901052.93 rows=304551 width=8) (actual time=10520.431..10520.431 rows=83155 loops=1)
        Buckets: 131072  Batches: 4  Memory Usage: 1839kB
        ->  Hash Join  (cost=88391.98..901052.93 rows=304551 width=8) (actual time=3321.187..10494.313 rows=83155 loops=1)
              Hash Cond: (ci.movie_id = t.id)
              ->  Seq Scan on cast_info ci  (cost=0.00..796071.18 rows=873402 width=4) (actual time=2100.690..9009.761 rows=285716 loops=1)
                    Filter: ((person_id < 703025) AND (role_id = 10))
                    Rows Removed by Filter: 35958628
              ->  Hash  (cost=73925.90..73925.90 rows=881686 width=4) (actual time=1217.385..1217.385 rows=801513 loops=1)
                    Buckets: 131072  Batches: 16  Memory Usage: 2786kB
                    ->  Seq Scan on title t  (cost=0.00..73925.90 rows=881686 width=4) (actual time=17.180..968.137 rows=801513 loops=1)
                          Filter: ((production_year < 2006) AND (kind_id = 7))
                          Rows Removed by Filter: 1726799
Planning time: 1.154 ms
Execution time: 13436.478 ms
