Seq Scan on movie_companies mc  (cost=0.00..57926.93 rows=467629 width=0) (actual time=464.716..880.525 rows=158551 loops=1)
  Filter: ((company_id > 18028) AND (company_type_id < 2))
  Rows Removed by Filter: 2450578
Planning time: 0.245 ms
Execution time: 901.317 ms
