Hash Join  (cost=190230.21..334221.97 rows=1846954 width=0) (actual time=3929.872..8786.495 rows=7876151 loops=1)
  Hash Cond: (mk.movie_id = t.id)
  ->  Seq Scan on movie_keyword mk  (cost=0.00..81003.12 rows=3384025 width=4) (actual time=0.022..1491.982 rows=3375373 loops=1)
        Filter: (keyword_id < 16213)
        Rows Removed by Filter: 1148557
  ->  Hash  (cost=167588.78..167588.78 rows=1380035 width=8) (actual time=3928.653..3928.653 rows=1380035 loops=1)
        Buckets: 131072  Batches: 32  Memory Usage: 2726kB
        ->  Hash Join  (cost=102767.86..167588.78 rows=1380035 width=8) (actual time=1677.202..3535.330 rows=1380035 loops=1)
              Hash Cond: (mi_idx.movie_id = t.id)
              ->  Seq Scan on movie_info_idx mi_idx  (cost=0.00..21735.35 rows=1380035 width=4) (actual time=0.013..394.225 rows=1380035 loops=1)
              ->  Hash  (cost=61283.27..61283.27 rows=2528527 width=4) (actual time=1675.731..1675.731 rows=2528312 loops=1)
                    Buckets: 131072  Batches: 64  Memory Usage: 2415kB
                    ->  Seq Scan on title t  (cost=0.00..61283.27 rows=2528527 width=4) (actual time=0.019..835.432 rows=2528312 loops=1)
Planning time: 1.085 ms
Execution time: 9618.175 ms
