Hash Join  (cost=83074.74..109986.57 rows=134 width=0) (actual time=1088.534..1481.612 rows=528 loops=1)
  Hash Cond: (mi_idx.movie_id = t.id)
  ->  Seq Scan on movie_info_idx mi_idx  (cost=0.00..21735.35 rows=1380035 width=4) (actual time=0.021..193.723 rows=1380035 loops=1)
  ->  Hash  (cost=83071.67..83071.67 rows=246 width=8) (actual time=1088.453..1088.453 rows=383 loops=1)
        Buckets: 1024  Batches: 1  Memory Usage: 23kB
        ->  Nested Loop  (cost=0.43..83071.67 rows=246 width=8) (actual time=2.867..1088.145 rows=383 loops=1)
              ->  Seq Scan on movie_keyword mk  (cost=0.00..81003.12 rows=246 width=4) (actual time=2.818..1076.463 rows=383 loops=1)
                    Filter: (keyword_id = 8222)
                    Rows Removed by Filter: 4523547
              ->  Index Only Scan using title_pkey on title t  (cost=0.43..8.40 rows=1 width=4) (actual time=0.028..0.029 rows=1 loops=383)
                    Index Cond: (id = mk.movie_id)
                    Heap Fetches: 383
Planning time: 1.067 ms
Execution time: 1481.813 ms
