Hash Join  (cost=83073.49..447735.01 rows=560 width=0) (actual time=1039.495..6238.406 rows=30685 loops=1)
  Hash Cond: (mi.movie_id = t.id)
  ->  Seq Scan on movie_info mi  (cost=0.00..309384.22 rows=14739122 width=4) (actual time=0.031..2780.475 rows=14835720 loops=1)
  ->  Hash  (cost=83072.29..83072.29 rows=96 width=8) (actual time=1039.420..1039.420 rows=189 loops=1)
        Buckets: 1024  Batches: 1  Memory Usage: 16kB
        ->  Nested Loop  (cost=0.43..83072.29 rows=96 width=8) (actual time=7.570..1039.237 rows=189 loops=1)
              ->  Seq Scan on movie_keyword mk  (cost=0.00..81003.12 rows=246 width=4) (actual time=7.511..1032.894 rows=189 loops=1)
                    Filter: (keyword_id = 71750)
                    Rows Removed by Filter: 4523741
              ->  Index Scan using title_pkey on title t  (cost=0.43..8.40 rows=1 width=4) (actual time=0.030..0.031 rows=1 loops=189)
                    Index Cond: (id = mk.movie_id)
                    Filter: (kind_id < 7)
Planning time: 1.107 ms
Execution time: 6242.756 ms
