Hash Join  (cost=123028.54..962223.66 rows=248069 width=0) (actual time=3388.695..16191.411 rows=699870 loops=1)
  Hash Cond: (ci.movie_id = t.id)
  ->  Seq Scan on cast_info ci  (cost=0.00..796071.18 rows=3453663 width=4) (actual time=1049.046..12308.198 rows=4008037 loops=1)
        Filter: ((person_id < 3174080) AND (role_id = 3))
        Rows Removed by Filter: 32236307
  ->  Hash  (cost=120048.30..120048.30 rows=181619 width=8) (actual time=2338.801..2338.801 rows=318279 loops=1)
        Buckets: 131072 (originally 131072)  Batches: 8 (originally 4)  Memory Usage: 3073kB
        ->  Hash Join  (cost=83810.17..120048.30 rows=181619 width=8) (actual time=1283.154..2233.216 rows=318279 loops=1)
              Hash Cond: (mi_idx.movie_id = t.id)
              ->  Seq Scan on movie_info_idx mi_idx  (cost=0.00..25185.44 rows=464934 width=4) (actual time=0.027..442.590 rows=460185 loops=1)
                    Filter: (info_type_id > 100)
                    Rows Removed by Filter: 919850
              ->  Hash  (cost=67604.59..67604.59 rows=987727 width=4) (actual time=1282.123..1282.123 rows=985048 loops=1)
                    Buckets: 131072  Batches: 16  Memory Usage: 3188kB
                    ->  Seq Scan on title t  (cost=0.00..67604.59 rows=987727 width=4) (actual time=0.020..969.435 rows=985048 loops=1)
                          Filter: (kind_id < 7)
                          Rows Removed by Filter: 1543264
Planning time: 1.097 ms
Execution time: 16244.291 ms
