Hash Join  (cost=161838.01..869154.96 rows=5890 width=0) (actual time=3699.757..12889.906 rows=60901 loops=1)
  Hash Cond: (ci.movie_id = t.id)
  ->  Seq Scan on cast_info ci  (cost=0.00..705507.15 rows=350181 width=4) (actual time=1202.028..10290.710 rows=316118 loops=1)
        Filter: (role_id > 10)
        Rows Removed by Filter: 35928226
  ->  Hash  (cost=161306.38..161306.38 rows=42530 width=8) (actual time=2496.908..2496.908 rows=112579 loops=1)
        Buckets: 131072 (originally 65536)  Batches: 2 (originally 1)  Memory Usage: 3318kB
        ->  Hash Join  (cost=74223.04..161306.38 rows=42530 width=8) (actual time=926.947..2276.078 rows=112579 loops=1)
              Hash Cond: (mk.movie_id = t.id)
              ->  Seq Scan on movie_keyword mk  (cost=0.00..69693.30 rows=4523930 width=4) (actual time=0.023..634.141 rows=4523930 loops=1)
              ->  Hash  (cost=73925.90..73925.90 rows=23771 width=4) (actual time=926.475..926.475 rows=20633 loops=1)
                    Buckets: 32768  Batches: 1  Memory Usage: 982kB
                    ->  Seq Scan on title t  (cost=0.00..73925.90 rows=23771 width=4) (actual time=0.440..917.202 rows=20633 loops=1)
                          Filter: ((kind_id < 7) AND (production_year = 2002))
                          Rows Removed by Filter: 2507679
Planning time: 0.810 ms
Execution time: 12895.535 ms
