Seq Scan on movie_companies mc  (cost=0.00..51404.11 rows=104 width=0) (actual time=127.801..2111.200 rows=51 loops=1)
  Filter: (company_id = 72108)
  Rows Removed by Filter: 2609078
Planning time: 0.444 ms
Execution time: 2111.295 ms
