Hash Join  (cost=101666.76..197487.20 rows=28039 width=0) (actual time=1394.646..3406.463 rows=234563 loops=1)
  Hash Cond: (mk.movie_id = t.id)
  ->  Seq Scan on movie_keyword mk  (cost=0.00..81003.12 rows=3876511 width=4) (actual time=0.039..1346.798 rows=3865640 loops=1)
        Filter: (keyword_id < 28570)
        Rows Removed by Filter: 658290
  ->  Hash  (cost=101438.15..101438.15 rows=18289 width=8) (actual time=1389.445..1389.445 rows=24604 loops=1)
        Buckets: 32768  Batches: 1  Memory Usage: 1218kB
        ->  Hash Join  (cost=74344.78..101438.15 rows=18289 width=8) (actual time=926.267..1381.840 rows=24604 loops=1)
              Hash Cond: (mi_idx.movie_id = t.id)
              ->  Seq Scan on movie_info_idx mi_idx  (cost=0.00..21735.35 rows=1380035 width=4) (actual time=0.010..229.827 rows=1380035 loops=1)
              ->  Hash  (cost=73925.90..73925.90 rows=33510 width=4) (actual time=857.551..857.551 rows=22107 loops=1)
                    Buckets: 65536  Batches: 1  Memory Usage: 1290kB
                    ->  Seq Scan on title t  (cost=0.00..73925.90 rows=33510 width=4) (actual time=0.045..848.559 rows=22107 loops=1)
                          Filter: ((kind_id < 2) AND (production_year = 2008))
                          Rows Removed by Filter: 2506205
Planning time: 0.713 ms
Execution time: 3436.074 ms
