Seq Scan on movie_keyword mk  (cost=0.00..81003.12 rows=41021 width=0) (actual time=0.111..1145.222 rows=38022 loops=1)
  Filter: (keyword_id > 105733)
  Rows Removed by Filter: 4485908
Planning time: 0.280 ms
Execution time: 1151.449 ms
