Seq Scan on movie_companies mc  (cost=0.00..57926.93 rows=772419 width=0) (actual time=0.019..760.704 rows=1064187 loops=1)
  Filter: ((company_id < 15159) AND (company_type_id < 2))
  Rows Removed by Filter: 1544942
Planning time: 0.257 ms
Execution time: 872.676 ms
