Seq Scan on movie_companies mc  (cost=0.00..51404.11 rows=134574 width=0) (actual time=246.307..687.291 rows=133700 loops=1)
  Filter: (company_id > 139422)
  Rows Removed by Filter: 2475429
Planning time: 0.337 ms
Execution time: 705.362 ms
