Hash Join  (cost=83810.17..215632.32 rows=1185830 width=0) (actual time=1252.656..4707.640 rows=2609503 loops=1)
  Hash Cond: (mk.movie_id = t.id)
  ->  Seq Scan on movie_keyword mk  (cost=0.00..81003.12 rows=3035659 width=4) (actual time=0.026..1312.623 rows=3020544 loops=1)
        Filter: (keyword_id < 10780)
        Rows Removed by Filter: 1503386
  ->  Hash  (cost=67604.59..67604.59 rows=987727 width=4) (actual time=1251.121..1251.121 rows=985048 loops=1)
        Buckets: 131072  Batches: 16  Memory Usage: 3197kB
        ->  Seq Scan on title t  (cost=0.00..67604.59 rows=987727 width=4) (actual time=0.020..928.692 rows=985048 loops=1)
              Filter: (kind_id < 7)
              Rows Removed by Filter: 1543264
Planning time: 0.665 ms
Execution time: 5037.725 ms
