Hash Join  (cost=178741.37..671313.25 rows=3949643 width=0) (actual time=3736.618..15865.048 rows=10193466 loops=1)
  Hash Cond: (mi.movie_id = t.id)
  ->  Seq Scan on movie_info mi  (cost=0.00..346232.03 rows=8859586 width=4) (actual time=0.012..5098.506 rows=8966694 loops=1)
        Filter: (info_type_id < 15)
        Rows Removed by Filter: 5869026
  ->  Hash  (cost=160247.02..160247.02 rows=1127228 width=8) (actual time=3735.525..3735.525 rows=1248329 loops=1)
        Buckets: 131072 (originally 131072)  Batches: 32 (originally 16)  Memory Usage: 4093kB
        ->  Hash Join  (cost=101489.21..160247.02 rows=1127228 width=8) (actual time=1729.012..3385.174 rows=1248329 loops=1)
              Hash Cond: (mi_idx.movie_id = t.id)
              ->  Seq Scan on movie_info_idx mi_idx  (cost=0.00..21735.35 rows=1380035 width=4) (actual time=0.019..362.091 rows=1380035 loops=1)
              ->  Hash  (cost=67604.59..67604.59 rows=2065330 width=4) (actual time=1727.970..1727.970 rows=2064552 loops=1)
                    Buckets: 131072  Batches: 32  Memory Usage: 3289kB
                    ->  Seq Scan on title t  (cost=0.00..67604.59 rows=2065330 width=4) (actual time=0.011..1075.971 rows=2064552 loops=1)
                          Filter: (production_year < 2011)
                          Rows Removed by Filter: 463760
Planning time: 1.198 ms
Execution time: 16987.904 ms
