Seq Scan on movie_companies mc  (cost=0.00..57926.93 rows=1057546 width=0) (actual time=0.023..958.409 rows=797970 loops=1)
  Filter: ((company_id < 72343) AND (company_type_id > 1))
  Rows Removed by Filter: 1811159
Planning time: 0.344 ms
Execution time: 1062.646 ms
