Hash Join  (cost=83074.74..429512.35 rows=5 width=0) (actual time=3282.651..5010.058 rows=12 loops=1)
  Hash Cond: (mi.movie_id = t.id)
  ->  Seq Scan on movie_info mi  (cost=0.00..346232.03 rows=54808 width=4) (actual time=2188.564..3974.684 rows=50267 loops=1)
        Filter: (info_type_id > 107)
        Rows Removed by Filter: 14785453
  ->  Hash  (cost=83071.67..83071.67 rows=246 width=8) (actual time=1027.693..1027.693 rows=15 loops=1)
        Buckets: 1024  Batches: 1  Memory Usage: 9kB
        ->  Nested Loop  (cost=0.43..83071.67 rows=246 width=8) (actual time=24.931..1027.662 rows=15 loops=1)
              ->  Seq Scan on movie_keyword mk  (cost=0.00..81003.12 rows=246 width=4) (actual time=24.829..1026.847 rows=15 loops=1)
                    Filter: (keyword_id = 79890)
                    Rows Removed by Filter: 4523915
              ->  Index Only Scan using title_pkey on title t  (cost=0.43..8.40 rows=1 width=4) (actual time=0.045..0.046 rows=1 loops=15)
                    Index Cond: (id = mk.movie_id)
                    Heap Fetches: 15
Planning time: 1.211 ms
Execution time: 5010.169 ms
