Hash Join  (cost=74173.71..101123.95 rows=3614 width=0) (actual time=852.213..1318.144 rows=6010 loops=1)
  Hash Cond: (mi_idx.movie_id = t.id)
  ->  Seq Scan on movie_info_idx mi_idx  (cost=0.00..25185.44 rows=460978 width=4) (actual time=0.016..372.457 rows=459925 loops=1)
        Filter: (info_type_id = 99)
        Rows Removed by Filter: 920110
  ->  Hash  (cost=73925.90..73925.90 rows=19824 width=4) (actual time=851.982..851.982 rows=16677 loops=1)
        Buckets: 32768  Batches: 1  Memory Usage: 843kB
        ->  Seq Scan on title t  (cost=0.00..73925.90 rows=19824 width=4) (actual time=0.014..844.880 rows=16677 loops=1)
              Filter: ((production_year < 1983) AND (kind_id = 2))
              Rows Removed by Filter: 2511635
Planning time: 1.765 ms
Execution time: 1319.230 ms
