Seq Scan on cast_info ci  (cost=0.00..796071.18 rows=7901568 width=0) (actual time=0.026..11542.223 rows=12254405 loops=1)
  Filter: ((person_id > 2460637) AND (role_id > 1))
  Rows Removed by Filter: 23989939
Planning time: 0.334 ms
Execution time: 13110.566 ms
