Hash Join  (cost=102767.86..240853.06 rows=1961728 width=0) (actual time=1953.174..5037.647 rows=1965102 loops=1)
  Hash Cond: (mk.movie_id = t.id)
  ->  Seq Scan on movie_keyword mk  (cost=0.00..81003.12 rows=1961728 width=4) (actual time=0.022..1266.523 rows=1965102 loops=1)
        Filter: (keyword_id > 6443)
        Rows Removed by Filter: 2558828
  ->  Hash  (cost=61283.27..61283.27 rows=2528527 width=4) (actual time=1950.385..1950.385 rows=2528312 loops=1)
        Buckets: 131072  Batches: 64  Memory Usage: 2425kB
        ->  Seq Scan on title t  (cost=0.00..61283.27 rows=2528527 width=4) (actual time=0.015..818.261 rows=2528312 loops=1)
Planning time: 0.697 ms
Execution time: 5275.371 ms
