Hash Join  (cost=122535.74..516192.76 rows=38074 width=0) (actual time=1852.359..8727.042 rows=73697 loops=1)
  Hash Cond: (mi.movie_id = t.id)
  ->  Seq Scan on movie_info mi  (cost=0.00..346232.03 rows=12545135 width=4) (actual time=0.018..4939.594 rows=12601870 loops=1)
        Filter: (info_type_id < 17)
        Rows Removed by Filter: 2233850
  ->  Hash  (cost=122439.81..122439.81 rows=7674 width=8) (actual time=1852.167..1852.167 rows=5445 loops=1)
        Buckets: 8192  Batches: 1  Memory Usage: 277kB
        ->  Hash Join  (cost=67697.55..122439.81 rows=7674 width=8) (actual time=1028.916..1849.598 rows=5445 loops=1)
              Hash Cond: (mc.movie_id = t.id)
              ->  Seq Scan on movie_companies mc  (cost=0.00..44881.29 rows=2609129 width=4) (actual time=0.012..474.490 rows=2609129 loops=1)
              ->  Hash  (cost=67604.59..67604.59 rows=7437 width=4) (actual time=855.221..855.221 rows=2800 loops=1)
                    Buckets: 8192  Batches: 1  Memory Usage: 163kB
                    ->  Seq Scan on title t  (cost=0.00..67604.59 rows=7437 width=4) (actual time=0.016..853.832 rows=2800 loops=1)
                          Filter: (production_year = 1929)
                          Rows Removed by Filter: 2525512
Planning time: 0.811 ms
Execution time: 8738.270 ms
