Seq Scan on movie_companies mc  (cost=0.00..57926.93 rows=1100287 width=0) (actual time=68.145..940.675 rows=1226164 loops=1)
  Filter: ((company_id > 352) AND (company_type_id > 1))
  Rows Removed by Filter: 1382965
Planning time: 0.316 ms
Execution time: 1111.135 ms
