Nested Loop  (cost=0.43..141397.20 rows=27 width=0) (actual time=174.829..4665.808 rows=28 loops=1)
  ->  Seq Scan on movie_keyword mk  (cost=0.00..81003.12 rows=9048 width=4) (actual time=0.465..3307.925 rows=9234 loops=1)
        Filter: (keyword_id = 784)
        Rows Removed by Filter: 4514696
  ->  Index Scan using title_pkey on title t  (cost=0.43..6.66 rows=1 width=4) (actual time=0.146..0.146 rows=0 loops=9234)
        Index Cond: (id = mk.movie_id)
        Filter: (production_year = 1953)
        Rows Removed by Filter: 1
Planning time: 0.718 ms
Execution time: 4665.955 ms
