Hash Join  (cost=102767.86..187993.16 rows=723961 width=0) (actual time=1617.446..3205.757 rows=510388 loops=1)
  Hash Cond: (mc.movie_id = t.id)
  ->  Seq Scan on movie_companies mc  (cost=0.00..57926.93 rows=723961 width=4) (actual time=0.020..850.599 rows=510388 loops=1)
        Filter: ((company_id > 8191) AND (company_type_id = 1))
        Rows Removed by Filter: 2098741
  ->  Hash  (cost=61283.27..61283.27 rows=2528527 width=4) (actual time=1615.693..1615.693 rows=2528312 loops=1)
        Buckets: 131072  Batches: 64  Memory Usage: 2415kB
        ->  Seq Scan on title t  (cost=0.00..61283.27 rows=2528527 width=4) (actual time=0.014..822.638 rows=2528312 loops=1)
Planning time: 0.727 ms
Execution time: 3261.084 ms
