Seq Scan on movie_keyword mk  (cost=0.00..81003.12 rows=246 width=0) (actual time=16.441..938.493 rows=8 loops=1)
  Filter: (keyword_id = 35048)
  Rows Removed by Filter: 4523922
Planning time: 0.331 ms
Execution time: 938.591 ms
