Seq Scan on movie_keyword mk  (cost=0.00..81003.12 rows=691215 width=0) (actual time=0.017..1099.586 rows=689160 loops=1)
  Filter: (keyword_id < 571)
  Rows Removed by Filter: 3834770
Planning time: 0.171 ms
Execution time: 1182.788 ms
