Hash Join  (cost=156487.41..260090.74 rows=283265 width=0) (actual time=3792.012..6067.687 rows=1180937 loops=1)
  Hash Cond: (mk.movie_id = t.id)
  ->  Seq Scan on movie_keyword mk  (cost=0.00..81003.12 rows=1553747 width=4) (actual time=0.025..1204.988 rows=1567869 loops=1)
        Filter: (keyword_id > 9992)
        Rows Removed by Filter: 2956061
  ->  Hash  (cost=148924.19..148924.19 rows=460978 width=8) (actual time=3791.032..3791.032 rows=459925 loops=1)
        Buckets: 131072  Batches: 8  Memory Usage: 3284kB
        ->  Hash Join  (cost=102767.86..148924.19 rows=460978 width=8) (actual time=1723.007..3647.556 rows=459925 loops=1)
              Hash Cond: (mi_idx.movie_id = t.id)
              ->  Seq Scan on movie_info_idx mi_idx  (cost=0.00..25185.44 rows=460978 width=4) (actual time=0.016..422.072 rows=459925 loops=1)
                    Filter: (info_type_id < 100)
                    Rows Removed by Filter: 920110
              ->  Hash  (cost=61283.27..61283.27 rows=2528527 width=4) (actual time=1722.070..1722.070 rows=2528312 loops=1)
                    Buckets: 131072  Batches: 64  Memory Usage: 2415kB
                    ->  Seq Scan on title t  (cost=0.00..61283.27 rows=2528527 width=4) (actual time=0.016..887.232 rows=2528312 loops=1)
Planning time: 4.655 ms
Execution time: 6226.293 ms
