Seq Scan on movie_keyword mk  (cost=0.00..81003.12 rows=274664 width=0) (actual time=0.025..1259.055 rows=294304 loops=1)
  Filter: (keyword_id < 240)
  Rows Removed by Filter: 4229626
Planning time: 0.290 ms
Execution time: 1298.661 ms
