Seq Scan on movie_keyword mk  (cost=0.00..81003.12 rows=3921387 width=0) (actual time=0.020..1403.808 rows=3917064 loops=1)
  Filter: (keyword_id < 30436)
  Rows Removed by Filter: 606866
Planning time: 0.210 ms
Execution time: 1919.272 ms
