Hash Join  (cost=73994.33..873881.80 rows=2191 width=0) (actual time=1364.979..10004.197 rows=13 loops=1)
  Hash Cond: (ci.movie_id = t.id)
  ->  Seq Scan on cast_info ci  (cost=0.00..796071.18 rows=1011836 width=4) (actual time=761.418..9536.395 rows=1279 loops=1)
        Filter: ((person_id < 475946) AND (role_id = 2))
        Rows Removed by Filter: 36243065
  ->  Hash  (cost=73925.90..73925.90 rows=5474 width=4) (actual time=467.296..467.296 rows=17579 loops=1)
        Buckets: 32768 (originally 8192)  Batches: 1 (originally 1)  Memory Usage: 875kB
        ->  Seq Scan on title t  (cost=0.00..73925.90 rows=5474 width=4) (actual time=0.032..462.784 rows=17579 loops=1)
              Filter: ((kind_id > 1) AND (production_year = 1990))
              Rows Removed by Filter: 2510733
Planning time: 0.760 ms
Execution time: 10004.476 ms
