Hash Join  (cost=223667.23..265016.64 rows=268434 width=0) (actual time=3756.371..5064.662 rows=1032738 loops=1)
  Hash Cond: (mi_idx.movie_id = t.id)
  ->  Seq Scan on movie_info_idx mi_idx  (cost=0.00..25185.44 rows=915101 width=4) (actual time=0.024..473.163 rows=919850 loops=1)
        Filter: (info_type_id < 101)
        Rows Removed by Filter: 460185
  ->  Hash  (cost=211497.82..211497.82 rows=741713 width=8) (actual time=3755.237..3755.237 rows=744307 loops=1)
        Buckets: 131072  Batches: 16  Memory Usage: 2866kB
        ->  Hash Join  (cost=102767.86..211497.82 rows=741713 width=8) (actual time=1652.371..3544.347 rows=744307 loops=1)
              Hash Cond: (mk.movie_id = t.id)
              ->  Seq Scan on movie_keyword mk  (cost=0.00..81003.12 rows=741713 width=4) (actual time=0.025..934.620 rows=744307 loops=1)
                    Filter: (keyword_id < 677)
                    Rows Removed by Filter: 3779623
              ->  Hash  (cost=61283.27..61283.27 rows=2528527 width=4) (actual time=1650.508..1650.508 rows=2528312 loops=1)
                    Buckets: 131072  Batches: 64  Memory Usage: 2425kB
                    ->  Seq Scan on title t  (cost=0.00..61283.27 rows=2528527 width=4) (actual time=0.015..775.660 rows=2528312 loops=1)
Planning time: 0.909 ms
Execution time: 5195.559 ms
