Hash Join  (cost=88195.18..175616.96 rows=897426 width=0) (actual time=4496.030..10097.903 rows=1770929 loops=1)
  Hash Cond: (mc.movie_id = t.id)
  ->  Seq Scan on movie_companies mc  (cost=0.00..44881.29 rows=2609129 width=4) (actual time=0.011..3269.953 rows=2609129 loops=1)
  ->  Hash  (cost=73925.90..73925.90 rows=869702 width=4) (actual time=4495.033..4495.033 rows=896788 loops=1)
        Buckets: 131072  Batches: 16  Memory Usage: 2998kB
        ->  Seq Scan on title t  (cost=0.00..73925.90 rows=869702 width=4) (actual time=0.022..4132.218 rows=896788 loops=1)
              Filter: ((kind_id < 7) AND (production_year < 2012))
              Rows Removed by Filter: 1631524
Planning time: 6.390 ms
Execution time: 10350.319 ms
