Hash Join  (cost=709676.96..764345.64 rows=314 width=0) (actual time=9231.272..9747.760 rows=25 loops=1)
  Hash Cond: (mc.movie_id = t.id)
  ->  Seq Scan on movie_companies mc  (cost=0.00..44881.29 rows=2609129 width=4) (actual time=0.010..355.799 rows=2609129 loops=1)
  ->  Hash  (cost=709673.15..709673.15 rows=305 width=8) (actual time=9035.459..9035.459 rows=5 loops=1)
        Buckets: 1024  Batches: 1  Memory Usage: 9kB
        ->  Nested Loop  (cost=0.43..709673.15 rows=305 width=8) (actual time=4795.808..9035.421 rows=5 loops=1)
              ->  Seq Scan on cast_info ci  (cost=0.00..705507.15 rows=500 width=4) (actual time=4795.459..9034.962 rows=11 loops=1)
                    Filter: (person_id = 314628)
                    Rows Removed by Filter: 36244333
              ->  Index Scan using title_pkey on title t  (cost=0.43..8.32 rows=1 width=4) (actual time=0.033..0.033 rows=0 loops=11)
                    Index Cond: (id = ci.movie_id)
                    Filter: (kind_id = 7)
                    Rows Removed by Filter: 1
Planning time: 1.153 ms
Execution time: 9747.896 ms
