Seq Scan on movie_keyword mk  (cost=0.00..81003.12 rows=246 width=0) (actual time=23.955..4129.602 rows=1125 loops=1)
  Filter: (keyword_id = 8190)
  Rows Removed by Filter: 4522805
Planning time: 0.403 ms
Execution time: 4130.220 ms
