Hash Join  (cost=210878.03..574209.90 rows=335580 width=0) (actual time=6434.906..9713.141 rows=5776264 loops=1)
  Hash Cond: (mi.movie_id = t.id)
  ->  Seq Scan on movie_info mi  (cost=0.00..346232.03 rows=852012 width=4) (actual time=2524.027..3792.443 rows=900340 loops=1)
        Filter: (info_type_id > 94)
        Rows Removed by Filter: 13935380
  ->  Hash  (cost=194538.23..194538.23 rows=995904 width=8) (actual time=3908.379..3908.379 rows=856262 loops=1)
        Buckets: 131072  Batches: 16  Memory Usage: 3165kB
        ->  Hash Join  (cost=102767.86..194538.23 rows=995904 width=8) (actual time=1804.423..3651.937 rows=856262 loops=1)
              Hash Cond: (mc.movie_id = t.id)
              ->  Seq Scan on movie_companies mc  (cost=0.00..57926.93 rows=995904 width=4) (actual time=166.787..940.597 rows=856262 loops=1)
                    Filter: ((company_id > 624) AND (company_type_id = 1))
                    Rows Removed by Filter: 1752867
              ->  Hash  (cost=61283.27..61283.27 rows=2528527 width=4) (actual time=1636.313..1636.313 rows=2528312 loops=1)
                    Buckets: 131072  Batches: 64  Memory Usage: 2415kB
                    ->  Seq Scan on title t  (cost=0.00..61283.27 rows=2528527 width=4) (actual time=0.034..829.717 rows=2528312 loops=1)
Planning time: 1.156 ms
Execution time: 10351.313 ms
