Hash Join  (cost=161892.67..964322.64 rows=635873 width=0) (actual time=2783.638..17536.975 rows=349087 loops=1)
  Hash Cond: (ci.movie_id = t.id)
  ->  Seq Scan on cast_info ci  (cost=0.00..614943.12 rows=36225612 width=4) (actual time=0.008..6787.366 rows=36244344 loops=1)
  ->  Hash  (cost=161337.87..161337.87 rows=44384 width=8) (actual time=2780.637..2780.637 rows=11065 loops=1)
        Buckets: 65536  Batches: 1  Memory Usage: 945kB
        ->  Hash Join  (cost=74235.99..161337.87 rows=44384 width=8) (actual time=2031.536..2777.226 rows=11065 loops=1)
              Hash Cond: (mk.movie_id = t.id)
              ->  Seq Scan on movie_keyword mk  (cost=0.00..69693.30 rows=4523930 width=4) (actual time=0.009..857.419 rows=4523930 loops=1)
              ->  Hash  (cost=73925.90..73925.90 rows=24807 width=4) (actual time=1061.477..1061.477 rows=25986 loops=1)
                    Buckets: 32768  Batches: 1  Memory Usage: 1170kB
                    ->  Seq Scan on title t  (cost=0.00..73925.90 rows=24807 width=4) (actual time=0.019..1050.520 rows=25986 loops=1)
                          Filter: ((kind_id = 7) AND (production_year = 1997))
                          Rows Removed by Filter: 2502326
Planning time: 1.128 ms
Execution time: 17583.996 ms
