Hash Join  (cost=127453.96..934008.20 rows=70668 width=0) (actual time=1505.764..18245.986 rows=140105 loops=1)
  Hash Cond: (ci.movie_id = t.id)
  ->  Seq Scan on cast_info ci  (cost=0.00..705507.15 rows=26757444 width=4) (actual time=0.009..12216.235 rows=26859641 loops=1)
        Filter: (role_id < 5)
        Rows Removed by Filter: 9384703
  ->  Hash  (cost=127370.48..127370.48 rows=6678 width=8) (actual time=1505.054..1505.054 rows=7375 loops=1)
        Buckets: 8192  Batches: 1  Memory Usage: 353kB
        ->  Hash Join  (cost=74485.76..127370.48 rows=6678 width=8) (actual time=917.326..1502.523 rows=7375 loops=1)
              Hash Cond: (mc.movie_id = t.id)
              ->  Seq Scan on movie_companies mc  (cost=0.00..51404.11 rows=377022 width=4) (actual time=0.157..490.604 rows=376622 loops=1)
                    Filter: (company_id < 225)
                    Rows Removed by Filter: 2232507
              ->  Hash  (cost=73925.90..73925.90 rows=44788 width=4) (actual time=915.884..915.884 rows=52864 loops=1)
                    Buckets: 65536  Batches: 1  Memory Usage: 2371kB
                    ->  Seq Scan on title t  (cost=0.00..73925.90 rows=44788 width=4) (actual time=0.035..896.124 rows=52864 loops=1)
                          Filter: ((kind_id > 1) AND (production_year = 2002))
                          Rows Removed by Filter: 2475448
Planning time: 1.173 ms
Execution time: 18267.636 ms
