Hash Join  (cost=872839.98..959549.91 rows=5189 width=0) (actual time=10808.221..12350.357 rows=10255 loops=1)
  Hash Cond: (mk.movie_id = t.id)
  ->  Seq Scan on movie_keyword mk  (cost=0.00..69693.30 rows=4523930 width=4) (actual time=0.017..783.941 rows=4523930 loops=1)
  ->  Hash  (cost=872803.73..872803.73 rows=2900 width=8) (actual time=10759.738..10759.738 rows=1494 loops=1)
        Buckets: 4096  Batches: 1  Memory Usage: 91kB
        ->  Hash Join  (cost=75411.94..872803.73 rows=2900 width=8) (actual time=1550.830..10759.088 rows=1494 loops=1)
              Hash Cond: (ci.movie_id = t.id)
              ->  Seq Scan on cast_info ci  (cost=0.00..796071.18 rows=80963 width=4) (actual time=627.049..9812.675 rows=33354 loops=1)
                    Filter: ((person_id < 809742) AND (role_id > 10))
                    Rows Removed by Filter: 36210990
              ->  Hash  (cost=73925.90..73925.90 rows=90563 width=4) (actual time=923.110..923.110 rows=80990 loops=1)
                    Buckets: 131072  Batches: 2  Memory Usage: 2450kB
                    ->  Seq Scan on title t  (cost=0.00..73925.90 rows=90563 width=4) (actual time=0.028..892.431 rows=80990 loops=1)
                          Filter: ((kind_id < 7) AND (production_year > 2011))
                          Rows Removed by Filter: 2447322
Planning time: 1.146 ms
Execution time: 12351.976 ms
