Hash Join  (cost=110760.57..171735.71 rows=45367 width=0) (actual time=1765.114..3056.055 rows=168378 loops=1)
  Hash Cond: (mc.movie_id = t.id)
  ->  Seq Scan on movie_companies mc  (cost=0.00..51404.11 rows=2431294 width=4) (actual time=0.016..739.073 rows=2428527 loops=1)
        Filter: (company_id > 34)
        Rows Removed by Filter: 180602
  ->  Hash  (cost=110170.79..110170.79 rows=47182 width=8) (actual time=1764.769..1764.769 rows=51885 loops=1)
        Buckets: 65536  Batches: 1  Memory Usage: 2539kB
        ->  Hash Join  (cost=78171.87..110170.79 rows=47182 width=8) (actual time=1043.840..1744.589 rows=51885 loops=1)
              Hash Cond: (mi_idx.movie_id = t.id)
              ->  Seq Scan on movie_info_idx mi_idx  (cost=0.00..25185.44 rows=460978 width=4) (actual time=0.016..438.872 rows=459925 loops=1)
                    Filter: (info_type_id < 100)
                    Rows Removed by Filter: 920110
              ->  Hash  (cost=73925.90..73925.90 rows=258797 width=4) (actual time=1042.992..1042.992 rows=227847 loops=1)
                    Buckets: 131072  Batches: 4  Memory Usage: 3032kB
                    ->  Seq Scan on title t  (cost=0.00..73925.90 rows=258797 width=4) (actual time=0.021..968.084 rows=227847 loops=1)
                          Filter: ((kind_id < 7) AND (production_year > 2008))
                          Rows Removed by Filter: 2300465
Planning time: 0.777 ms
Execution time: 3077.665 ms
