Hash Join  (cost=28267.66..781002.84 rows=10 width=0) (actual time=525.491..11580.609 rows=64 loops=1)
  Hash Cond: (ci.movie_id = t.id)
  ->  Seq Scan on cast_info ci  (cost=0.00..705507.15 rows=12594115 width=4) (actual time=0.018..9239.575 rows=12541302 loops=1)
        Filter: (person_id < 1236119)
        Rows Removed by Filter: 23703042
  ->  Hash  (cost=28267.64..28267.64 rows=2 width=8) (actual time=371.325..371.325 rows=2 loops=1)
        Buckets: 1024  Batches: 1  Memory Usage: 9kB
        ->  Nested Loop  (cost=0.43..28267.64 rows=2 width=8) (actual time=263.790..371.314 rows=2 loops=1)
              ->  Seq Scan on movie_info_idx mi_idx  (cost=0.00..25185.44 rows=368 width=4) (actual time=261.264..364.431 rows=260 loops=1)
                    Filter: (info_type_id > 101)
                    Rows Removed by Filter: 1379775
              ->  Index Scan using title_pkey on title t  (cost=0.43..8.37 rows=1 width=4) (actual time=0.026..0.026 rows=0 loops=260)
                    Index Cond: (id = mi_idx.movie_id)
                    Filter: ((kind_id < 7) AND (production_year = 1996))
                    Rows Removed by Filter: 1
Planning time: 1.202 ms
Execution time: 11580.847 ms
