Hash Join  (cost=156632.57..228435.31 rows=165365 width=0) (actual time=3161.828..4260.781 rows=237761 loops=1)
  Hash Cond: (mc.movie_id = t.id)
  ->  Seq Scan on movie_companies mc  (cost=0.00..57926.93 rows=900043 width=4) (actual time=0.027..720.625 rows=578945 loops=1)
        Filter: ((company_id < 24958) AND (company_type_id = 2))
        Rows Removed by Filter: 2030184
  ->  Hash  (cost=149010.49..149010.49 rows=464566 width=8) (actual time=3161.091..3161.091 rows=459925 loops=1)
        Buckets: 131072  Batches: 8  Memory Usage: 3275kB
        ->  Hash Join  (cost=102767.86..149010.49 rows=464566 width=8) (actual time=1880.927..3030.404 rows=459925 loops=1)
              Hash Cond: (mi_idx.movie_id = t.id)
              ->  Seq Scan on movie_info_idx mi_idx  (cost=0.00..25185.44 rows=464566 width=4) (actual time=0.022..370.811 rows=459925 loops=1)
                    Filter: (info_type_id = 101)
                    Rows Removed by Filter: 920110
              ->  Hash  (cost=61283.27..61283.27 rows=2528527 width=4) (actual time=1879.920..1879.920 rows=2528312 loops=1)
                    Buckets: 131072  Batches: 64  Memory Usage: 2415kB
                    ->  Seq Scan on title t  (cost=0.00..61283.27 rows=2528527 width=4) (actual time=0.020..758.489 rows=2528312 loops=1)
Planning time: 10.516 ms
Execution time: 4291.071 ms
