Hash Join  (cost=78178.99..453049.60 rows=224977 width=0) (actual time=2014.836..6125.050 rows=50072 loops=1)
  Hash Cond: (mi.movie_id = t.id)
  ->  Seq Scan on movie_info mi  (cost=0.00..346232.03 rows=2194617 width=4) (actual time=993.847..4183.182 rows=2233850 loops=1)
        Filter: (info_type_id > 16)
        Rows Removed by Filter: 12601870
  ->  Hash  (cost=73925.90..73925.90 rows=259207 width=4) (actual time=1012.464..1012.464 rows=271195 loops=1)
        Buckets: 131072  Batches: 4  Memory Usage: 3430kB
        ->  Seq Scan on title t  (cost=0.00..73925.90 rows=259207 width=4) (actual time=0.039..922.638 rows=271195 loops=1)
              Filter: ((kind_id > 3) AND (production_year > 2010))
              Rows Removed by Filter: 2257117
Planning time: 0.765 ms
Execution time: 6130.888 ms
