Hash Join  (cost=1234599.26..2520266.07 rows=59984776 width=0) (actual time=59865.166..137002.618 rows=133434398 loops=1)
  Hash Cond: (mi.movie_id = t.id)
  ->  Seq Scan on movie_info mi  (cost=0.00..309384.22 rows=14739122 width=4) (actual time=0.008..23090.288 rows=14835720 loops=1)
  ->  Hash  (cost=1065769.84..1065769.84 rows=10290513 width=8) (actual time=59852.563..59852.563 rows=10130381 loops=1)
        Buckets: 131072  Batches: 256  Memory Usage: 2642kB
        ->  Hash Join  (cost=102767.86..1065769.84 rows=10290513 width=8) (actual time=7630.469..56102.665 rows=10130381 loops=1)
              Hash Cond: (ci.movie_id = t.id)
              ->  Seq Scan on cast_info ci  (cost=0.00..705507.15 rows=10290513 width=4) (actual time=1722.073..36974.282 rows=10130381 loops=1)
                    Filter: (person_id < 995620)
                    Rows Removed by Filter: 26113963
              ->  Hash  (cost=61283.27..61283.27 rows=2528527 width=4) (actual time=5907.327..5907.327 rows=2528312 loops=1)
                    Buckets: 131072  Batches: 64  Memory Usage: 2415kB
                    ->  Seq Scan on title t  (cost=0.00..61283.27 rows=2528527 width=4) (actual time=0.024..4738.768 rows=2528312 loops=1)
Planning time: 1.302 ms
Execution time: 155207.288 ms
