Seq Scan on movie_companies mc  (cost=0.00..57926.93 rows=567297 width=0) (actual time=0.026..731.435 rows=353395 loops=1)
  Filter: ((company_id < 7746) AND (company_type_id = 2))
  Rows Removed by Filter: 2255734
Planning time: 0.273 ms
Execution time: 766.347 ms
