Hash Join  (cost=709678.15..736591.36 rows=273 width=0) (actual time=9258.572..9752.142 rows=576 loops=1)
  Hash Cond: (mi_idx.movie_id = t.id)
  ->  Seq Scan on movie_info_idx mi_idx  (cost=0.00..21735.35 rows=1380035 width=4) (actual time=0.019..250.430 rows=1380035 loops=1)
  ->  Hash  (cost=709671.90..709671.90 rows=500 width=8) (actual time=9239.109..9239.109 rows=1226 loops=1)
        Buckets: 2048 (originally 1024)  Batches: 1 (originally 1)  Memory Usage: 64kB
        ->  Nested Loop  (cost=0.43..709671.90 rows=500 width=8) (actual time=4403.656..9238.485 rows=1226 loops=1)
              ->  Seq Scan on cast_info ci  (cost=0.00..705507.15 rows=500 width=4) (actual time=4403.441..9219.428 rows=1226 loops=1)
                    Filter: (person_id = 1510030)
                    Rows Removed by Filter: 36243118
              ->  Index Only Scan using title_pkey on title t  (cost=0.43..8.32 rows=1 width=4) (actual time=0.015..0.015 rows=1 loops=1226)
                    Index Cond: (id = ci.movie_id)
                    Heap Fetches: 1226
Planning time: 1.206 ms
Execution time: 9752.330 ms
