Seq Scan on movie_keyword mk  (cost=0.00..81003.12 rows=539968 width=0) (actual time=0.029..1084.233 rows=535683 loops=1)
  Filter: (keyword_id > 34272)
  Rows Removed by Filter: 3988247
Planning time: 0.291 ms
Execution time: 1151.582 ms
