Hash Join  (cost=215282.04..763800.68 rows=6439671 width=0) (actual time=4826.290..25982.478 rows=42757815 loops=1)
  Hash Cond: (mi.movie_id = t.id)
  ->  Seq Scan on movie_info mi  (cost=0.00..309384.22 rows=14739122 width=4) (actual time=0.016..4434.261 rows=14835720 loops=1)
  ->  Hash  (cost=197156.80..197156.80 rows=1104739 width=8) (actual time=4825.060..4825.060 rows=1001060 loops=1)
        Buckets: 131072  Batches: 16  Memory Usage: 3527kB
        ->  Hash Join  (cost=102767.86..197156.80 rows=1104739 width=8) (actual time=2432.772..4568.860 rows=1001060 loops=1)
              Hash Cond: (mc.movie_id = t.id)
              ->  Seq Scan on movie_companies mc  (cost=0.00..57926.93 rows=1104739 width=4) (actual time=0.030..1067.741 rows=1001060 loops=1)
                    Filter: ((company_id > 166) AND (company_type_id < 2))
                    Rows Removed by Filter: 1608069
              ->  Hash  (cost=61283.27..61283.27 rows=2528527 width=4) (actual time=2431.450..2431.450 rows=2528312 loops=1)
                    Buckets: 131072  Batches: 64  Memory Usage: 2415kB
                    ->  Seq Scan on title t  (cost=0.00..61283.27 rows=2528527 width=4) (actual time=0.020..825.143 rows=2528312 loops=1)
Planning time: 1.149 ms
Execution time: 30581.758 ms
