Hash Join  (cost=1018504.83..4395749.54 rows=174443425 width=0) (actual time=25903.481..151001.001 rows=378808356 loops=1)
  Hash Cond: (ci.movie_id = t.id)
  ->  Seq Scan on cast_info ci  (cost=0.00..705507.15 rows=29926132 width=4) (actual time=0.023..13007.808 rows=30045076 loops=1)
        Filter: (person_id > 597757)
        Rows Removed by Filter: 6199268
  ->  Hash  (cost=776690.81..776690.81 rows=14739122 width=8) (actual time=25902.485..25902.485 rows=14835720 loops=1)
        Buckets: 131072  Batches: 256  Memory Usage: 3268kB
        ->  Hash Join  (cost=102767.86..776690.81 rows=14739122 width=8) (actual time=1647.664..19824.706 rows=14835720 loops=1)
              Hash Cond: (mi.movie_id = t.id)
              ->  Seq Scan on movie_info mi  (cost=0.00..309384.22 rows=14739122 width=4) (actual time=0.019..4288.272 rows=14835720 loops=1)
              ->  Hash  (cost=61283.27..61283.27 rows=2528527 width=4) (actual time=1646.134..1646.134 rows=2528312 loops=1)
                    Buckets: 131072  Batches: 64  Memory Usage: 2425kB
                    ->  Seq Scan on title t  (cost=0.00..61283.27 rows=2528527 width=4) (actual time=0.022..777.203 rows=2528312 loops=1)
Planning time: 1.140 ms
Execution time: 192083.348 ms
