Hash Join  (cost=178709.62..1343382.54 rows=9627445 width=0) (actual time=4510.429..49270.987 rows=42704393 loops=1)
  Hash Cond: (ci.movie_id = t.id)
  ->  Seq Scan on cast_info ci  (cost=0.00..705507.15 rows=31120884 width=4) (actual time=0.025..13272.692 rows=31246554 loops=1)
        Filter: (person_id > 483816)
        Rows Removed by Filter: 4997790
  ->  Hash  (cost=165875.92..165875.92 rows=782216 width=8) (actual time=4509.225..4509.225 rows=1501947 loops=1)
        Buckets: 131072 (originally 131072)  Batches: 32 (originally 16)  Memory Usage: 3073kB
        ->  Hash Join  (cost=80042.24..165875.92 rows=782216 width=8) (actual time=1088.137..4041.494 rows=1501947 loops=1)
              Hash Cond: (mc.movie_id = t.id)
              ->  Seq Scan on movie_companies mc  (cost=0.00..44881.29 rows=2609129 width=4) (actual time=0.020..742.672 rows=2609129 loops=1)
              ->  Hash  (cost=67604.59..67604.59 rows=758052 width=4) (actual time=1087.096..1087.096 rows=753677 loops=1)
                    Buckets: 131072  Batches: 16  Memory Usage: 2677kB
                    ->  Seq Scan on title t  (cost=0.00..67604.59 rows=758052 width=4) (actual time=0.015..849.099 rows=753677 loops=1)
                          Filter: (kind_id < 3)
                          Rows Removed by Filter: 1774635
Planning time: 1.514 ms
Execution time: 54549.697 ms
