Hash Join  (cost=100985.51..465992.00 rows=35056 width=0) (actual time=763.779..6805.099 rows=163591 loops=1)
  Hash Cond: (mi.movie_id = t.id)
  ->  Seq Scan on movie_info mi  (cost=0.00..309384.22 rows=14739122 width=4) (actual time=0.019..2822.453 rows=14835720 loops=1)
  ->  Hash  (cost=100910.34..100910.34 rows=6014 width=8) (actual time=763.526..763.526 rows=12948 loops=1)
        Buckets: 16384 (originally 8192)  Batches: 1 (originally 1)  Memory Usage: 634kB
        ->  Nested Loop  (cost=0.43..100910.34 rows=6014 width=8) (actual time=0.336..757.595 rows=12948 loops=1)
              ->  Seq Scan on movie_companies mc  (cost=0.00..57926.93 rows=6014 width=4) (actual time=0.281..631.780 rows=12948 loops=1)
                    Filter: ((company_id = 11137) AND (company_type_id = 1))
                    Rows Removed by Filter: 2596181
              ->  Index Only Scan using title_pkey on title t  (cost=0.43..7.14 rows=1 width=4) (actual time=0.009..0.009 rows=1 loops=12948)
                    Index Cond: (id = mc.movie_id)
                    Heap Fetches: 12948
Planning time: 1.055 ms
Execution time: 6825.767 ms
