Hash Join  (cost=74181.07..101146.13 rows=3750 width=0) (actual time=932.255..1444.221 rows=7888 loops=1)
  Hash Cond: (mi_idx.movie_id = t.id)
  ->  Seq Scan on movie_info_idx mi_idx  (cost=0.00..25185.44 rows=464566 width=4) (actual time=0.030..400.229 rows=459925 loops=1)
        Filter: (info_type_id = 101)
        Rows Removed by Filter: 920110
  ->  Hash  (cost=73925.90..73925.90 rows=20413 width=4) (actual time=931.780..931.780 rows=17357 loops=1)
        Buckets: 32768  Batches: 1  Memory Usage: 867kB
        ->  Seq Scan on title t  (cost=0.00..73925.90 rows=20413 width=4) (actual time=0.163..924.319 rows=17357 loops=1)
              Filter: ((kind_id < 7) AND (production_year = 2000))
              Rows Removed by Filter: 2510955
Planning time: 0.779 ms
Execution time: 1445.786 ms
