Hash Join  (cost=883552.78..1295020.16 rows=1960938 width=0) (actual time=15859.435..20236.306 rows=3537532 loops=1)
  Hash Cond: (mi.movie_id = t.id)
  ->  Seq Scan on movie_info mi  (cost=0.00..346232.03 rows=3068194 width=4) (actual time=2948.379..4319.453 rows=3036719 loops=1)
        Filter: (info_type_id = 16)
        Rows Removed by Filter: 11799001
  ->  Hash  (cost=857039.45..857039.45 rows=1616027 width=8) (actual time=12909.654..12909.654 rows=1543632 loops=1)
        Buckets: 131072  Batches: 32  Memory Usage: 2930kB
        ->  Hash Join  (cost=102767.86..857039.45 rows=1616027 width=8) (actual time=1687.029..12421.469 rows=1543632 loops=1)
              Hash Cond: (ci.movie_id = t.id)
              ->  Seq Scan on cast_info ci  (cost=0.00..705507.15 rows=1616027 width=4) (actual time=168.365..9193.754 rows=1543632 loops=1)
                    Filter: (person_id < 154437)
                    Rows Removed by Filter: 34700712
              ->  Hash  (cost=61283.27..61283.27 rows=2528527 width=4) (actual time=1516.502..1516.502 rows=2528312 loops=1)
                    Buckets: 131072  Batches: 64  Memory Usage: 2415kB
                    ->  Seq Scan on title t  (cost=0.00..61283.27 rows=2528527 width=4) (actual time=0.037..758.781 rows=2528312 loops=1)
Planning time: 1.310 ms
Execution time: 20677.640 ms
