Hash Join  (cost=83074.74..882950.67 rows=99 width=0) (actual time=11321.267..13965.176 rows=53 loops=1)
  Hash Cond: (ci.movie_id = t.id)
  ->  Seq Scan on cast_info ci  (cost=0.00..796071.18 rows=1014334 width=4) (actual time=10466.136..12985.272 rows=1039845 loops=1)
        Filter: ((person_id > 397413) AND (role_id = 9))
        Rows Removed by Filter: 35204499
  ->  Hash  (cost=83071.67..83071.67 rows=246 width=8) (actual time=829.751..829.751 rows=74 loops=1)
        Buckets: 1024  Batches: 1  Memory Usage: 11kB
        ->  Nested Loop  (cost=0.43..83071.67 rows=246 width=8) (actual time=9.196..829.665 rows=74 loops=1)
              ->  Seq Scan on movie_keyword mk  (cost=0.00..81003.12 rows=246 width=4) (actual time=9.060..826.235 rows=74 loops=1)
                    Filter: (keyword_id = 13770)
                    Rows Removed by Filter: 4523856
              ->  Index Only Scan using title_pkey on title t  (cost=0.43..8.40 rows=1 width=4) (actual time=0.042..0.043 rows=1 loops=74)
                    Index Cond: (id = mk.movie_id)
                    Heap Fetches: 74
Planning time: 0.782 ms
Execution time: 13965.295 ms
