Seq Scan on cast_info ci  (cost=0.00..705507.15 rows=14751746 width=0) (actual time=0.018..9129.520 rows=14915590 loops=1)
  Filter: (person_id > 2158680)
  Rows Removed by Filter: 21328754
Planning time: 0.322 ms
Execution time: 10969.608 ms
