Hash Join  (cost=218893.19..997351.18 rows=2142796 width=0) (actual time=11183.060..18677.192 rows=3596739 loops=1)
  Hash Cond: (ci.movie_id = t.id)
  ->  Seq Scan on cast_info ci  (cost=0.00..705507.15 rows=3998100 width=4) (actual time=6691.178..11002.071 rows=4008037 loops=1)
        Filter: (role_id = 3)
        Rows Removed by Filter: 32236307
  ->  Hash  (cost=196659.53..196659.53 rows=1355173 width=8) (actual time=4490.915..4490.915 rows=1364807 loops=1)
        Buckets: 131072  Batches: 32  Memory Usage: 2683kB
        ->  Hash Join  (cost=102767.86..196659.53 rows=1355173 width=8) (actual time=1703.404..4087.303 rows=1364807 loops=1)
              Hash Cond: (mc.movie_id = t.id)
              ->  Seq Scan on movie_companies mc  (cost=0.00..51404.11 rows=1355173 width=4) (actual time=0.051..845.714 rows=1364807 loops=1)
                    Filter: (company_id > 11147)
                    Rows Removed by Filter: 1244322
              ->  Hash  (cost=61283.27..61283.27 rows=2528527 width=4) (actual time=1701.881..1701.881 rows=2528312 loops=1)
                    Buckets: 131072  Batches: 64  Memory Usage: 2415kB
                    ->  Seq Scan on title t  (cost=0.00..61283.27 rows=2528527 width=4) (actual time=0.018..858.974 rows=2528312 loops=1)
Planning time: 1.335 ms
Execution time: 19105.835 ms
