Hash Join  (cost=80355.62..584536.74 rows=2284420 width=0) (actual time=4319.776..36302.813 rows=3770374 loops=1)
  Hash Cond: (mi.movie_id = t.id)
  ->  Seq Scan on movie_info mi  (cost=0.00..309384.22 rows=14739122 width=4) (actual time=0.016..21340.892 rows=14835720 loops=1)
  ->  Hash  (cost=73925.90..73925.90 rows=391897 width=4) (actual time=3901.819..3901.819 rows=289693 loops=1)
        Buckets: 131072  Batches: 8  Memory Usage: 2308kB
        ->  Seq Scan on title t  (cost=0.00..73925.90 rows=391897 width=4) (actual time=1171.720..3771.655 rows=289693 loops=1)
              Filter: ((production_year > 1998) AND (kind_id = 1))
              Rows Removed by Filter: 2238619
Planning time: 1.638 ms
Execution time: 36831.229 ms
