Hash Join  (cost=182192.92..310453.62 rows=513667 width=0) (actual time=2953.322..5744.034 rows=602708 loops=1)
  Hash Cond: (mk.movie_id = t.id)
  ->  Seq Scan on movie_keyword mk  (cost=0.00..69693.30 rows=4523930 width=4) (actual time=0.022..1148.940 rows=4523930 loops=1)
  ->  Hash  (cost=177482.17..177482.17 rows=287100 width=8) (actual time=2951.520..2951.520 rows=146068 loops=1)
        Buckets: 131072  Batches: 4  Memory Usage: 2461kB
        ->  Hash Join  (cost=102767.86..177482.17 rows=287100 width=8) (actual time=1637.501..2904.728 rows=146068 loops=1)
              Hash Cond: (mc.movie_id = t.id)
              ->  Seq Scan on movie_companies mc  (cost=0.00..57926.93 rows=287100 width=4) (actual time=0.025..773.522 rows=146068 loops=1)
                    Filter: ((company_id < 596) AND (company_type_id = 2))
                    Rows Removed by Filter: 2463061
              ->  Hash  (cost=61283.27..61283.27 rows=2528527 width=4) (actual time=1636.741..1636.741 rows=2528312 loops=1)
                    Buckets: 131072  Batches: 64  Memory Usage: 2415kB
                    ->  Seq Scan on title t  (cost=0.00..61283.27 rows=2528527 width=4) (actual time=0.014..789.816 rows=2528312 loops=1)
Planning time: 1.134 ms
Execution time: 5802.030 ms
