Seq Scan on movie_keyword mk  (cost=0.00..81003.12 rows=1380323 width=0) (actual time=0.017..1190.307 rows=1396022 loops=1)
  Filter: (keyword_id > 12001)
  Rows Removed by Filter: 3127908
Planning time: 0.280 ms
Execution time: 1370.695 ms
