Nested Loop  (cost=0.43..58375.18 rows=53 width=0) (actual time=156.536..649.126 rows=32 loops=1)
  ->  Seq Scan on movie_companies mc  (cost=0.00..57926.93 rows=53 width=4) (actual time=156.460..647.941 rows=32 loops=1)
        Filter: ((company_id = 525) AND (company_type_id = 2))
        Rows Removed by Filter: 2609097
  ->  Index Only Scan using title_pkey on title t  (cost=0.43..8.45 rows=1 width=4) (actual time=0.034..0.034 rows=1 loops=32)
        Index Cond: (id = mc.movie_id)
        Heap Fetches: 32
Planning time: 0.714 ms
Execution time: 649.201 ms
