Hash Join  (cost=98137.04..250836.94 rows=2350602 width=0) (actual time=1455.346..5250.867 rows=1124284 loops=1)
  Hash Cond: (mk.movie_id = t.id)
  ->  Seq Scan on movie_keyword mk  (cost=0.00..81003.12 rows=3193752 width=4) (actual time=0.016..1384.131 rows=3179270 loops=1)
        Filter: (keyword_id < 12700)
        Rows Removed by Filter: 1344660
  ->  Hash  (cost=67604.59..67604.59 rows=1860996 width=4) (actual time=1453.827..1453.827 rows=1865487 loops=1)
        Buckets: 131072  Batches: 32  Memory Usage: 3085kB
        ->  Seq Scan on title t  (cost=0.00..67604.59 rows=1860996 width=4) (actual time=0.015..886.425 rows=1865487 loops=1)
              Filter: (kind_id > 1)
              Rows Removed by Filter: 662825
Planning time: 1.859 ms
Execution time: 5384.574 ms
