Hash Join  (cost=212652.04..572652.55 rows=198386 width=0) (actual time=4695.849..8620.705 rows=492019 loops=1)
  Hash Cond: (mi.movie_id = t.id)
  ->  Seq Scan on movie_info mi  (cost=0.00..346232.03 rows=809768 width=4) (actual time=610.985..3920.132 rows=802140 loops=1)
        Filter: (info_type_id < 2)
        Rows Removed by Filter: 14033580
  ->  Hash  (cost=202488.68..202488.68 rows=619468 width=8) (actual time=4084.057..4084.057 rows=550558 loops=1)
        Buckets: 131072  Batches: 16  Memory Usage: 2423kB
        ->  Hash Join  (cost=97102.97..202488.68 rows=619468 width=8) (actual time=1883.621..3910.794 rows=550558 loops=1)
              Hash Cond: (mk.movie_id = t.id)
              ->  Seq Scan on movie_keyword mk  (cost=0.00..81003.12 rows=871181 width=4) (actual time=0.028..1147.316 rows=873331 loops=1)
                    Filter: (keyword_id < 830)
                    Rows Removed by Filter: 3650599
              ->  Hash  (cost=67604.59..67604.59 rows=1797951 width=4) (actual time=1882.735..1882.735 rows=1793384 loops=1)
                    Buckets: 131072  Batches: 32  Memory Usage: 3007kB
                    ->  Seq Scan on title t  (cost=0.00..67604.59 rows=1797951 width=4) (actual time=0.019..1102.356 rows=1793384 loops=1)
                          Filter: (production_year > 1988)
                          Rows Removed by Filter: 734928
Planning time: 1.090 ms
Execution time: 8685.455 ms
