Hash Join  (cost=78473.92..135352.10 rows=53309 width=0) (actual time=1120.966..2243.256 rows=24724 loops=1)
  Hash Cond: (mc.movie_id = t.id)
  ->  Seq Scan on movie_companies mc  (cost=0.00..51404.11 rows=203460 width=4) (actual time=0.015..708.589 rows=203291 loops=1)
        Filter: (company_id < 67)
        Rows Removed by Filter: 2405838
  ->  Hash  (cost=67604.59..67604.59 rows=662507 width=4) (actual time=1118.364..1118.364 rows=662065 loops=1)
        Buckets: 131072  Batches: 16  Memory Usage: 2481kB
        ->  Seq Scan on title t  (cost=0.00..67604.59 rows=662507 width=4) (actual time=0.008..905.471 rows=662065 loops=1)
              Filter: (production_year > 2008)
              Rows Removed by Filter: 1866247
Planning time: 0.716 ms
Execution time: 2246.389 ms
