Seq Scan on title t  (cost=0.00..73925.90 rows=559962 width=0) (actual time=0.027..2827.261 rows=477167 loops=1)
  Filter: ((kind_id < 7) AND (production_year > 1999))
  Rows Removed by Filter: 2051145
Planning time: 0.327 ms
Execution time: 2907.576 ms
