Nested Loop  (cost=0.43..709671.90 rows=500 width=0) (actual time=1401.557..8771.913 rows=73 loops=1)
  ->  Seq Scan on cast_info ci  (cost=0.00..705507.15 rows=500 width=4) (actual time=1401.368..8770.745 rows=73 loops=1)
        Filter: (person_id = 479477)
        Rows Removed by Filter: 36244271
  ->  Index Only Scan using title_pkey on title t  (cost=0.43..8.32 rows=1 width=4) (actual time=0.013..0.013 rows=1 loops=73)
        Index Cond: (id = ci.movie_id)
        Heap Fetches: 73
Planning time: 0.528 ms
Execution time: 8771.999 ms
