Seq Scan on cast_info ci  (cost=0.00..796071.18 rows=10067265 width=0) (actual time=987.584..10935.888 rows=4310095 loops=1)
  Filter: ((person_id < 1517397) AND (role_id > 1))
  Rows Removed by Filter: 31934249
Planning time: 0.908 ms
Execution time: 11484.386 ms
