Seq Scan on cast_info ci  (cost=0.00..796071.18 rows=1166440 width=0) (actual time=6607.744..9871.684 rows=2305750 loops=1)
  Filter: ((person_id < 309749) AND (role_id = 1))
  Rows Removed by Filter: 33938594
Planning time: 0.342 ms
Execution time: 10183.479 ms
