Seq Scan on movie_keyword mk  (cost=0.00..81003.12 rows=2148158 width=0) (actual time=0.021..1309.157 rows=2155241 loops=1)
  Filter: (keyword_id < 4077)
  Rows Removed by Filter: 2368689
Planning time: 0.295 ms
Execution time: 1588.318 ms
