Hash Join  (cost=255103.45..1079120.02 rows=1446955 width=186) (actual time=11883.938..24216.435 rows=3049740 loops=1)
  Hash Cond: (ci.movie_id = t.id)
  ->  Seq Scan on cast_info ci  (cost=0.00..705507.15 rows=3998100 width=42) (actual time=5964.264..13119.213 rows=4008037 loops=1)
        Filter: (role_id = 3)
        Rows Removed by Filter: 32236307
  ->  Hash  (cost=224897.69..224897.69 rows=915101 width=144) (actual time=5917.741..5917.741 rows=919850 loops=1)
        Buckets: 32768  Batches: 64  Memory Usage: 2161kB
        ->  Hash Join  (cost=129928.86..224897.69 rows=915101 width=144) (actual time=2527.564..5343.170 rows=919850 loops=1)
              Hash Cond: (mi_idx.movie_id = t.id)
              ->  Seq Scan on movie_info_idx mi_idx  (cost=0.00..25185.44 rows=915101 width=50) (actual time=0.024..684.113 rows=919850 loops=1)
                    Filter: (info_type_id < 101)
                    Rows Removed by Filter: 460185
              ->  Hash  (cost=61283.27..61283.27 rows=2528527 width=94) (actual time=2526.966..2526.966 rows=2528312 loops=1)
                    Buckets: 32768  Batches: 128  Memory Usage: 2453kB
                    ->  Seq Scan on title t  (cost=0.00..61283.27 rows=2528527 width=94) (actual time=0.018..1276.439 rows=2528312 loops=1)
Planning time: 1.484 ms
Execution time: 24394.443 ms
