Seq Scan on movie_companies mc  (cost=0.00..51404.11 rows=1397355 width=0) (actual time=0.008..708.332 rows=1407893 loops=1)
  Filter: (company_id > 10936)
  Rows Removed by Filter: 1201236
Planning time: 0.296 ms
Execution time: 878.972 ms
