Hash Join  (cost=94978.31..171007.48 rows=615508 width=0) (actual time=1909.036..3651.545 rows=709997 loops=1)
  Hash Cond: (mc.movie_id = t.id)
  ->  Seq Scan on movie_companies mc  (cost=0.00..51404.11 rows=932794 width=4) (actual time=0.027..763.528 rows=932011 loops=1)
        Filter: (company_id < 3352)
        Rows Removed by Filter: 1677118
  ->  Hash  (cost=67604.59..67604.59 rows=1668458 width=4) (actual time=1907.440..1907.440 rows=1671292 loops=1)
        Buckets: 131072  Batches: 32  Memory Usage: 2858kB
        ->  Seq Scan on title t  (cost=0.00..67604.59 rows=1668458 width=4) (actual time=0.008..1050.541 rows=1671292 loops=1)
              Filter: (production_year < 2008)
              Rows Removed by Filter: 857020
Planning time: 0.699 ms
Execution time: 3740.258 ms
