Hash Join  (cost=102767.86..288394.58 rows=3937452 width=0) (actual time=2037.836..7295.624 rows=3931052 loops=1)
  Hash Cond: (mk.movie_id = t.id)
  ->  Seq Scan on movie_keyword mk  (cost=0.00..81003.12 rows=3937452 width=4) (actual time=0.025..1612.684 rows=3931052 loops=1)
        Filter: (keyword_id > 430)
        Rows Removed by Filter: 592878
  ->  Hash  (cost=61283.27..61283.27 rows=2528527 width=4) (actual time=2035.848..2035.848 rows=2528312 loops=1)
        Buckets: 131072  Batches: 64  Memory Usage: 2425kB
        ->  Seq Scan on title t  (cost=0.00..61283.27 rows=2528527 width=4) (actual time=0.019..797.342 rows=2528312 loops=1)
Planning time: 0.727 ms
Execution time: 7794.849 ms
