Hash Join  (cost=267660.96..1366266.83 rows=14256112 width=0) (actual time=7276.476..30494.891 rows=15199026 loops=1)
  Hash Cond: (ci.movie_id = t.id)
  ->  Seq Scan on cast_info ci  (cost=0.00..705507.15 rows=18974928 width=4) (actual time=1704.163..11988.383 rows=19115272 loops=1)
        Filter: (person_id > 1692336)
        Rows Removed by Filter: 17129072
  ->  Hash  (cost=236493.52..236493.52 rows=1899715 width=8) (actual time=5510.097..5510.097 rows=865557 loops=1)
        Buckets: 131072  Batches: 32  Memory Usage: 2078kB
        ->  Hash Join  (cost=91346.33..236493.52 rows=1899715 width=8) (actual time=1492.945..4996.300 rows=865557 loops=1)
              Hash Cond: (mk.movie_id = t.id)
              ->  Seq Scan on movie_keyword mk  (cost=0.00..69693.30 rows=4523930 width=4) (actual time=0.031..1219.446 rows=4523930 loops=1)
              ->  Hash  (cost=73925.90..73925.90 rows=1061794 width=4) (actual time=1491.797..1491.797 rows=1183200 loops=1)
                    Buckets: 131072  Batches: 16  Memory Usage: 3641kB
                    ->  Seq Scan on title t  (cost=0.00..73925.90 rows=1061794 width=4) (actual time=0.023..1111.749 rows=1183200 loops=1)
                          Filter: ((kind_id > 3) AND (production_year > 1995))
                          Rows Removed by Filter: 1345112
Planning time: 1.256 ms
Execution time: 32189.521 ms
