Seq Scan on movie_companies mc  (cost=0.00..57926.93 rows=849719 width=0) (actual time=240.230..963.827 rows=1163252 loops=1)
  Filter: ((company_id < 22631) AND (company_type_id = 1))
  Rows Removed by Filter: 1445877
Planning time: 0.361 ms
Execution time: 1111.370 ms
