Seq Scan on movie_keyword mk  (cost=0.00..81003.12 rows=1652856 width=0) (actual time=0.026..1278.151 rows=1660640 loops=1)
  Filter: (keyword_id > 8797)
  Rows Removed by Filter: 2863290
Planning time: 1.186 ms
Execution time: 1493.767 ms
