Hash Join  (cost=84197.31..131360.53 rows=551974 width=0) (actual time=3899.465..6154.977 rows=430747 loops=1)
  Hash Cond: (mi_idx.movie_id = t.id)
  ->  Seq Scan on movie_info_idx mi_idx  (cost=0.00..21735.35 rows=1380035 width=4) (actual time=0.018..1170.888 rows=1380035 loops=1)
  ->  Hash  (cost=67604.59..67604.59 rows=1011338 width=4) (actual time=3898.393..3898.393 rows=1012920 loops=1)
        Buckets: 131072  Batches: 16  Memory Usage: 3250kB
        ->  Seq Scan on title t  (cost=0.00..67604.59 rows=1011338 width=4) (actual time=0.017..3517.993 rows=1012920 loops=1)
              Filter: (production_year > 2005)
              Rows Removed by Filter: 1515392
Planning time: 0.796 ms
Execution time: 6214.983 ms
