Hash Join  (cost=69484.36..1183198.70 rows=1537299 width=0) (actual time=824.287..28245.456 rows=1342566 loops=1)
  Hash Cond: (ci.movie_id = t.id)
  ->  Seq Scan on cast_info ci  (cost=0.00..705507.15 rows=33936052 width=4) (actual time=0.026..12943.824 rows=33909335 loops=1)
        Filter: (person_id < 3606683)
        Rows Removed by Filter: 2335009
  ->  Hash  (cost=67604.59..67604.59 rows=114542 width=4) (actual time=823.504..823.504 rows=118234 loops=1)
        Buckets: 131072  Batches: 2  Memory Usage: 3101kB
        ->  Seq Scan on title t  (cost=0.00..67604.59 rows=114542 width=4) (actual time=0.014..782.855 rows=118234 loops=1)
              Filter: (kind_id = 4)
              Rows Removed by Filter: 2410078
Planning time: 1.180 ms
Execution time: 28422.906 ms
