Hash Join  (cost=195931.56..564226.03 rows=363855 width=0) (actual time=3122.461..10819.937 rows=4406579 loops=1)
  Hash Cond: (mi.movie_id = t.id)
  ->  Seq Scan on movie_info mi  (cost=0.00..309384.22 rows=14739122 width=4) (actual time=0.012..2978.211 rows=14835720 loops=1)
  ->  Hash  (cost=195151.31..195151.31 rows=62420 width=8) (actual time=3108.022..3108.022 rows=59736 loops=1)
        Buckets: 65536  Batches: 1  Memory Usage: 2846kB
        ->  Hash Join  (cost=102767.86..195151.31 rows=62420 width=8) (actual time=1677.762..3088.423 rows=59736 loops=1)
              Hash Cond: (mk.movie_id = t.id)
              ->  Seq Scan on movie_keyword mk  (cost=0.00..81003.12 rows=62420 width=4) (actual time=82.357..1065.967 rows=59736 loops=1)
                    Filter: (keyword_id > 95297)
                    Rows Removed by Filter: 4464194
              ->  Hash  (cost=61283.27..61283.27 rows=2528527 width=4) (actual time=1592.997..1592.997 rows=2528312 loops=1)
                    Buckets: 131072  Batches: 64  Memory Usage: 2425kB
                    ->  Seq Scan on title t  (cost=0.00..61283.27 rows=2528527 width=4) (actual time=0.022..755.685 rows=2528312 loops=1)
Planning time: 1.164 ms
Execution time: 11399.577 ms
