Hash Join  (cost=160103.04..250989.53 rows=689972 width=0) (actual time=3287.566..6070.166 rows=1161076 loops=1)
  Hash Cond: (mc.movie_id = t.id)
  ->  Seq Scan on movie_companies mc  (cost=0.00..51404.11 rows=2590311 width=4) (actual time=0.018..1018.135 rows=2591686 loops=1)
        Filter: (company_id < 218606)
        Rows Removed by Filter: 17443
  ->  Hash  (cost=149053.12..149053.12 rows=673514 width=8) (actual time=3286.489..3286.489 rows=500090 loops=1)
        Buckets: 131072  Batches: 16  Memory Usage: 2253kB
        ->  Hash Join  (cost=98137.04..149053.12 rows=673514 width=8) (actual time=1706.433..3131.375 rows=500090 loops=1)
              Hash Cond: (mi_idx.movie_id = t.id)
              ->  Seq Scan on movie_info_idx mi_idx  (cost=0.00..25185.44 rows=915101 width=4) (actual time=0.028..481.164 rows=919850 loops=1)
                    Filter: (info_type_id < 101)
                    Rows Removed by Filter: 460185
              ->  Hash  (cost=67604.59..67604.59 rows=1860996 width=4) (actual time=1705.180..1705.180 rows=1865487 loops=1)
                    Buckets: 131072  Batches: 32  Memory Usage: 3079kB
                    ->  Seq Scan on title t  (cost=0.00..67604.59 rows=1860996 width=4) (actual time=0.022..1096.910 rows=1865487 loops=1)
                          Filter: (kind_id > 1)
                          Rows Removed by Filter: 662825
Planning time: 0.956 ms
Execution time: 6195.333 ms
