Hash Join  (cost=142947.46..169997.08 rows=13552 width=0) (actual time=2394.264..2952.851 rows=92897 loops=1)
  Hash Cond: (mi_idx.movie_id = t.id)
  ->  Seq Scan on movie_info_idx mi_idx  (cost=0.00..25185.44 rows=460978 width=4) (actual time=0.021..372.513 rows=459925 loops=1)
        Filter: (info_type_id = 99)
        Rows Removed by Filter: 920110
  ->  Hash  (cost=142018.26..142018.26 rows=74336 width=8) (actual time=2307.621..2307.621 rows=190992 loops=1)
        Buckets: 131072 (originally 131072)  Batches: 4 (originally 1)  Memory Usage: 3073kB
        ->  Hash Join  (cost=83810.17..142018.26 rows=74336 width=8) (actual time=1368.726..2239.988 rows=190992 loops=1)
              Hash Cond: (mc.movie_id = t.id)
              ->  Seq Scan on movie_companies mc  (cost=0.00..51404.11 rows=190296 width=4) (actual time=157.566..711.682 rows=190992 loops=1)
                    Filter: (company_id > 116342)
                    Rows Removed by Filter: 2418137
              ->  Hash  (cost=67604.59..67604.59 rows=987727 width=4) (actual time=1210.290..1210.290 rows=985048 loops=1)
                    Buckets: 131072  Batches: 16  Memory Usage: 3188kB
                    ->  Seq Scan on title t  (cost=0.00..67604.59 rows=987727 width=4) (actual time=0.027..924.418 rows=985048 loops=1)
                          Filter: (kind_id < 7)
                          Rows Removed by Filter: 1543264
Planning time: 13.132 ms
Execution time: 2965.137 ms
