Seq Scan on movie_companies mc  (cost=0.00..51404.11 rows=1113453 width=0) (actual time=0.022..795.359 rows=1123073 loops=1)
  Filter: (company_id > 13643)
  Rows Removed by Filter: 1486056
Planning time: 0.294 ms
Execution time: 948.111 ms
