Hash Join  (cost=74173.62..101137.59 rows=3641 width=0) (actual time=999.803..1443.375 rows=6969 loops=1)
  Hash Cond: (mi_idx.movie_id = t.id)
  ->  Seq Scan on movie_info_idx mi_idx  (cost=0.00..25185.44 rows=464566 width=4) (actual time=0.019..348.935 rows=459925 loops=1)
        Filter: (info_type_id = 101)
        Rows Removed by Filter: 920110
  ->  Hash  (cost=73925.90..73925.90 rows=19817 width=4) (actual time=999.468..999.468 rows=14357 loops=1)
        Buckets: 32768  Batches: 1  Memory Usage: 761kB
        ->  Seq Scan on title t  (cost=0.00..73925.90 rows=19817 width=4) (actual time=3.882..992.921 rows=14357 loops=1)
              Filter: ((kind_id < 4) AND (production_year = 2001))
              Rows Removed by Filter: 2513955
Planning time: 2.118 ms
Execution time: 1444.825 ms
