Seq Scan on cast_info ci  (cost=0.00..796071.18 rows=176 width=0) (actual time=7100.219..11674.347 rows=2 loops=1)
  Filter: ((role_id < 2) AND (person_id = 508025))
  Rows Removed by Filter: 36244342
Planning time: 0.340 ms
Execution time: 11674.438 ms
