Hash Join  (cost=1039718.55..1685440.76 rows=10369557 width=0) (actual time=50123.768..94812.490 rows=30056215 loops=1)
  Hash Cond: (mi.movie_id = t.id)
  ->  Seq Scan on movie_info mi  (cost=0.00..309384.22 rows=14739122 width=4) (actual time=0.020..21591.225 rows=14835720 loops=1)
  ->  Hash  (cost=1010533.06..1010533.06 rows=1778919 width=8) (actual time=50112.482..50112.482 rows=1933558 loops=1)
        Buckets: 131072  Batches: 32  Memory Usage: 3343kB
        ->  Hash Join  (cost=74698.31..1010533.06 rows=1778919 width=8) (actual time=3470.530..49389.690 rows=1933558 loops=1)
              Hash Cond: (ci.movie_id = t.id)
              ->  Seq Scan on cast_info ci  (cost=0.00..796071.18 rows=10403035 width=4) (actual time=0.056..37893.220 rows=11354156 loops=1)
                    Filter: ((person_id < 1165331) AND (role_id < 10))
                    Rows Removed by Filter: 24890188
              ->  Hash  (cost=67604.59..67604.59 rows=432378 width=4) (actual time=3469.624..3469.624 rows=423779 loops=1)
                    Buckets: 131072  Batches: 8  Memory Usage: 2885kB
                    ->  Seq Scan on title t  (cost=0.00..67604.59 rows=432378 width=4) (actual time=0.020..3063.492 rows=423779 loops=1)
                          Filter: (production_year < 1974)
                          Rows Removed by Filter: 2104533
Planning time: 4.519 ms
Execution time: 99086.304 ms
