Hash Join  (cost=84417.00..190077.86 rows=536060 width=0) (actual time=1286.329..3451.919 rows=703456 loops=1)
  Hash Cond: (mk.movie_id = t.id)
  ->  Seq Scan on movie_keyword mk  (cost=0.00..81003.12 rows=1322702 width=4) (actual time=0.018..1281.602 rows=1336975 loops=1)
        Filter: (keyword_id > 12846)
        Rows Removed by Filter: 3186955
  ->  Hash  (cost=67604.59..67604.59 rows=1024753 width=4) (actual time=1284.940..1284.940 rows=1021752 loops=1)
        Buckets: 131072  Batches: 16  Memory Usage: 3281kB
        ->  Seq Scan on title t  (cost=0.00..67604.59 rows=1024753 width=4) (actual time=0.032..952.375 rows=1021752 loops=1)
              Filter: (production_year < 2000)
              Rows Removed by Filter: 1506560
Planning time: 0.767 ms
Execution time: 3526.861 ms
