Hash Join  (cost=74062.04..870687.94 rows=103471 width=0) (actual time=799.366..15969.866 rows=85577 loops=1)
  Hash Cond: (ci.movie_id = t.id)
  ->  Seq Scan on cast_info ci  (cost=0.00..705507.15 rows=24022411 width=4) (actual time=0.018..11279.976 rows=24130698 loops=1)
        Filter: (role_id < 4)
        Rows Removed by Filter: 12113646
  ->  Hash  (cost=73925.90..73925.90 rows=10891 width=4) (actual time=799.096..799.096 rows=7563 loops=1)
        Buckets: 16384  Batches: 1  Memory Usage: 394kB
        ->  Seq Scan on title t  (cost=0.00..73925.90 rows=10891 width=4) (actual time=0.489..795.708 rows=7563 loops=1)
              Filter: ((kind_id < 3) AND (production_year = 1996))
              Rows Removed by Filter: 2520749
Planning time: 0.574 ms
Execution time: 16001.973 ms
