Seq Scan on cast_info ci  (cost=0.00..796071.18 rows=644691 width=0) (actual time=3939.777..10913.848 rows=891894 loops=1)
  Filter: ((person_id > 1562029) AND (role_id = 9))
  Rows Removed by Filter: 35352450
Planning time: 0.339 ms
Execution time: 11031.178 ms
