Hash Join  (cost=204532.37..1125354.74 rows=1041840 width=0) (actual time=10103.857..20851.515 rows=2560318 loops=1)
  Hash Cond: (ci.movie_id = t.id)
  ->  Seq Scan on cast_info ci  (cost=0.00..796071.18 rows=9797278 width=4) (actual time=5868.358..12678.471 rows=6721554 loops=1)
        Filter: ((person_id > 805347) AND (role_id < 2))
        Rows Removed by Filter: 29522790
  ->  Hash  (cost=200120.33..200120.33 rows=268883 width=8) (actual time=4234.667..4234.667 rows=268984 loops=1)
        Buckets: 131072  Batches: 4  Memory Usage: 3666kB
        ->  Hash Join  (cost=102767.86..200120.33 rows=268883 width=8) (actual time=2423.715..4151.060 rows=268984 loops=1)
              Hash Cond: (mk.movie_id = t.id)
              ->  Seq Scan on movie_keyword mk  (cost=0.00..81003.12 rows=268883 width=4) (actual time=0.032..1087.941 rows=268984 loops=1)
                    Filter: (keyword_id > 58418)
                    Rows Removed by Filter: 4254946
              ->  Hash  (cost=61283.27..61283.27 rows=2528527 width=4) (actual time=2422.919..2422.919 rows=2528312 loops=1)
                    Buckets: 131072  Batches: 64  Memory Usage: 2425kB
                    ->  Seq Scan on title t  (cost=0.00..61283.27 rows=2528527 width=4) (actual time=0.017..803.208 rows=2528312 loops=1)
Planning time: 1.107 ms
Execution time: 21173.334 ms
