Seq Scan on movie_keyword mk  (cost=0.00..81003.12 rows=246 width=0) (actual time=5.417..1031.512 rows=476 loops=1)
  Filter: (keyword_id = 6308)
  Rows Removed by Filter: 4523454
Planning time: 0.390 ms
Execution time: 1031.785 ms
