Seq Scan on movie_keyword mk  (cost=0.00..81003.12 rows=4121360 width=0) (actual time=0.022..1376.575 rows=4126973 loops=1)
  Filter: (keyword_id < 43567)
  Rows Removed by Filter: 396957
Planning time: 0.306 ms
Execution time: 1902.070 ms
