Hash Join  (cost=212091.73..356456.92 rows=1835515 width=0) (actual time=4058.432..8791.067 rows=7722370 loops=1)
  Hash Cond: (mk.movie_id = t.id)
  ->  Seq Scan on movie_keyword mk  (cost=0.00..69693.30 rows=4523930 width=4) (actual time=0.013..1190.829 rows=4523930 loops=1)
  ->  Hash  (cost=195259.85..195259.85 rows=1025911 width=8) (actual time=4057.450..4057.450 rows=1169587 loops=1)
        Buckets: 131072  Batches: 16  Memory Usage: 3890kB
        ->  Hash Join  (cost=102767.86..195259.85 rows=1025911 width=8) (actual time=1705.273..3801.823 rows=1169587 loops=1)
              Hash Cond: (mc.movie_id = t.id)
              ->  Seq Scan on movie_companies mc  (cost=0.00..57926.93 rows=1025911 width=4) (actual time=0.033..1009.635 rows=1169587 loops=1)
                    Filter: ((company_id > 685) AND (company_type_id > 1))
                    Rows Removed by Filter: 1439542
              ->  Hash  (cost=61283.27..61283.27 rows=2528527 width=4) (actual time=1703.832..1703.832 rows=2528312 loops=1)
                    Buckets: 131072  Batches: 64  Memory Usage: 2415kB
                    ->  Seq Scan on title t  (cost=0.00..61283.27 rows=2528527 width=4) (actual time=0.023..847.544 rows=2528312 loops=1)
Planning time: 1.121 ms
Execution time: 9547.933 ms
