Hash Join  (cost=465835.78..1580218.12 rows=7844014 width=0) (actual time=7694.370..42170.670 rows=19800698 loops=1)
  Hash Cond: (ci.movie_id = t.id)
  ->  Seq Scan on cast_info ci  (cost=0.00..614943.12 rows=36225612 width=4) (actual time=0.023..10916.455 rows=36244344 loops=1)
  ->  Hash  (cost=456852.93..456852.93 rows=547508 width=8) (actual time=7693.266..7693.266 rows=1068150 loops=1)
        Buckets: 131072 (originally 131072)  Batches: 16 (originally 8)  Memory Usage: 3621kB
        ->  Hash Join  (cost=78556.72..456852.93 rows=547508 width=8) (actual time=2046.211..7354.864 rows=1068150 loops=1)
              Hash Cond: (mi.movie_id = t.id)
              ->  Seq Scan on movie_info mi  (cost=0.00..346232.03 rows=2073893 width=4) (actual time=569.667..4636.094 rows=2091068 loops=1)
                    Filter: (info_type_id < 3)
                    Rows Removed by Filter: 12744652
              ->  Hash  (cost=67604.59..67604.59 rows=667531 width=4) (actual time=1177.242..1177.242 rows=662825 loops=1)
                    Buckets: 131072  Batches: 16  Memory Usage: 2485kB
                    ->  Seq Scan on title t  (cost=0.00..67604.59 rows=667531 width=4) (actual time=102.449..957.209 rows=662825 loops=1)
                          Filter: (kind_id < 2)
                          Rows Removed by Filter: 1865487
Planning time: 1.171 ms
Execution time: 44444.778 ms
