Hash Join  (cost=102767.86..1473570.21 rows=27238105 width=0) (actual time=1956.731..37463.560 rows=27381244 loops=1)
  Hash Cond: (ci.movie_id = t.id)
  ->  Seq Scan on cast_info ci  (cost=0.00..705507.15 rows=27238105 width=4) (actual time=0.010..13275.402 rows=27381244 loops=1)
        Filter: (person_id > 872090)
        Rows Removed by Filter: 8863100
  ->  Hash  (cost=61283.27..61283.27 rows=2528527 width=4) (actual time=1955.479..1955.479 rows=2528312 loops=1)
        Buckets: 131072  Batches: 64  Memory Usage: 2415kB
        ->  Seq Scan on title t  (cost=0.00..61283.27 rows=2528527 width=4) (actual time=0.023..794.719 rows=2528312 loops=1)
Planning time: 0.751 ms
Execution time: 40533.935 ms
