Seq Scan on movie_keyword mk  (cost=0.00..81003.12 rows=4325016 width=0) (actual time=0.015..1428.862 rows=4306027 loops=1)
  Filter: (keyword_id > 151)
  Rows Removed by Filter: 217903
Planning time: 0.311 ms
Execution time: 1969.836 ms
