Seq Scan on cast_info ci  (cost=0.00..705507.15 rows=14361061 width=0) (actual time=0.025..9452.816 rows=14516583 loops=1)
  Filter: (person_id > 2208020)
  Rows Removed by Filter: 21727761
Planning time: 0.642 ms
Execution time: 11285.907 ms
