Hash Join  (cost=481854.24..1620853.67 rows=10240326 width=0) (actual time=8129.339..36855.669 rows=7322076 loops=1)
  Hash Cond: (ci.movie_id = t.id)
  ->  Seq Scan on cast_info ci  (cost=0.00..614943.12 rows=36225612 width=4) (actual time=0.026..10411.400 rows=36244344 loops=1)
  ->  Hash  (cost=470126.62..470126.62 rows=714769 width=8) (actual time=8128.297..8128.297 rows=316813 loops=1)
        Buckets: 131072  Batches: 16  Memory Usage: 1794kB
        ->  Hash Join  (cost=95920.39..470126.62 rows=714769 width=8) (actual time=3527.680..8025.209 rows=316813 loops=1)
              Hash Cond: (mi.movie_id = t.id)
              ->  Seq Scan on movie_info mi  (cost=0.00..346232.03 rows=1348138 width=4) (actual time=1236.704..4113.347 rows=1298989 loops=1)
                    Filter: (info_type_id = 4)
                    Rows Removed by Filter: 13536731
              ->  Hash  (cost=73925.90..73925.90 rows=1340599 width=4) (actual time=2289.737..2289.737 rows=1418280 loops=1)
                    Buckets: 131072  Batches: 32  Memory Usage: 2590kB
                    ->  Seq Scan on title t  (cost=0.00..73925.90 rows=1340599 width=4) (actual time=232.578..1109.276 rows=1418280 loops=1)
                          Filter: ((production_year > 1961) AND (kind_id = 7))
                          Rows Removed by Filter: 1110032
Planning time: 1.792 ms
Execution time: 37724.838 ms
