Hash Join  (cost=138936.05..226926.27 rows=133219 width=0) (actual time=2166.414..3913.928 rows=400762 loops=1)
  Hash Cond: (mk.movie_id = t.id)
  ->  Seq Scan on movie_keyword mk  (cost=0.00..69693.30 rows=4523930 width=4) (actual time=0.022..767.293 rows=4523930 loops=1)
  ->  Hash  (cost=138005.31..138005.31 rows=74459 width=8) (actual time=2165.529..2165.529 rows=62484 loops=1)
        Buckets: 131072  Batches: 1  Memory Usage: 3465kB
        ->  Hash Join  (cost=69928.56..138005.31 rows=74459 width=8) (actual time=1113.409..2142.224 rows=62484 loops=1)
              Hash Cond: (mc.movie_id = t.id)
              ->  Seq Scan on movie_companies mc  (cost=0.00..51404.11 rows=1329612 width=4) (actual time=299.088..795.314 rows=1334883 loops=1)
                    Filter: (company_type_id = 2)
                    Rows Removed by Filter: 1274246
              ->  Hash  (cost=67604.59..67604.59 rows=141598 width=4) (actual time=813.546..813.546 rows=141703 loops=1)
                    Buckets: 131072  Batches: 2  Memory Usage: 3511kB
                    ->  Seq Scan on title t  (cost=0.00..67604.59 rows=141598 width=4) (actual time=0.024..765.808 rows=141703 loops=1)
                          Filter: (production_year = 2010)
                          Rows Removed by Filter: 2386609
Planning time: 1.283 ms
Execution time: 3967.460 ms
