Nested Loop  (cost=0.43..798788.22 rows=289 width=0) (actual time=5976.436..11836.973 rows=7 loops=1)
  ->  Seq Scan on cast_info ci  (cost=0.00..796071.18 rows=324 width=4) (actual time=5976.362..11836.601 rows=7 loops=1)
        Filter: ((role_id > 1) AND (person_id = 135788))
        Rows Removed by Filter: 36244337
  ->  Index Scan using title_pkey on title t  (cost=0.43..8.38 rows=1 width=4) (actual time=0.041..0.041 rows=1 loops=7)
        Index Cond: (id = ci.movie_id)
        Filter: (production_year > 1956)
Planning time: 0.796 ms
Execution time: 11837.125 ms
