Hash Join  (cost=709678.15..1104419.43 rows=2557 width=0) (actual time=32080.311..54163.534 rows=59 loops=1)
  Hash Cond: (mi.movie_id = t.id)
  ->  Seq Scan on movie_info mi  (cost=0.00..346232.03 rows=12928982 width=4) (actual time=0.019..19837.205 rows=12970088 loops=1)
        Filter: (info_type_id < 18)
        Rows Removed by Filter: 1865632
  ->  Hash  (cost=709671.90..709671.90 rows=500 width=8) (actual time=31696.631..31696.631 rows=42 loops=1)
        Buckets: 1024  Batches: 1  Memory Usage: 10kB
        ->  Nested Loop  (cost=0.43..709671.90 rows=500 width=8) (actual time=29541.121..31696.573 rows=42 loops=1)
              ->  Seq Scan on cast_info ci  (cost=0.00..705507.15 rows=500 width=4) (actual time=29540.943..31695.880 rows=42 loops=1)
                    Filter: (person_id = 3362611)
                    Rows Removed by Filter: 36244302
              ->  Index Only Scan using title_pkey on title t  (cost=0.43..8.32 rows=1 width=4) (actual time=0.013..0.014 rows=1 loops=42)
                    Index Cond: (id = ci.movie_id)
                    Heap Fetches: 42
Planning time: 1.191 ms
Execution time: 54163.723 ms
