Hash Join  (cost=709678.15..796345.14 rows=895 width=0) (actual time=7119.171..8282.262 rows=65 loops=1)
  Hash Cond: (mk.movie_id = t.id)
  ->  Seq Scan on movie_keyword mk  (cost=0.00..69693.30 rows=4523930 width=4) (actual time=0.024..673.720 rows=4523930 loops=1)
  ->  Hash  (cost=709671.90..709671.90 rows=500 width=8) (actual time=6954.383..6954.383 rows=8 loops=1)
        Buckets: 1024  Batches: 1  Memory Usage: 9kB
        ->  Nested Loop  (cost=0.43..709671.90 rows=500 width=8) (actual time=1396.746..6954.294 rows=8 loops=1)
              ->  Seq Scan on cast_info ci  (cost=0.00..705507.15 rows=500 width=4) (actual time=1396.539..6953.858 rows=8 loops=1)
                    Filter: (person_id = 2761168)
                    Rows Removed by Filter: 36244336
              ->  Index Only Scan using title_pkey on title t  (cost=0.43..8.32 rows=1 width=4) (actual time=0.036..0.037 rows=1 loops=8)
                    Index Cond: (id = ci.movie_id)
                    Heap Fetches: 8
Planning time: 1.124 ms
Execution time: 8282.368 ms
