Hash Join  (cost=83074.74..833899.15 rows=3524 width=0) (actual time=1003.444..13539.365 rows=4137 loops=1)
  Hash Cond: (ci.movie_id = t.id)
  ->  Seq Scan on cast_info ci  (cost=0.00..614943.12 rows=36225612 width=4) (actual time=0.022..6095.423 rows=36244344 loops=1)
  ->  Hash  (cost=83071.67..83071.67 rows=246 width=8) (actual time=997.188..997.188 rows=47 loops=1)
        Buckets: 1024  Batches: 1  Memory Usage: 10kB
        ->  Nested Loop  (cost=0.43..83071.67 rows=246 width=8) (actual time=43.021..997.105 rows=47 loops=1)
              ->  Seq Scan on movie_keyword mk  (cost=0.00..81003.12 rows=246 width=4) (actual time=42.916..992.963 rows=47 loops=1)
                    Filter: (keyword_id = 5452)
                    Rows Removed by Filter: 4523883
              ->  Index Only Scan using title_pkey on title t  (cost=0.43..8.40 rows=1 width=4) (actual time=0.081..0.082 rows=1 loops=47)
                    Index Cond: (id = mk.movie_id)
                    Heap Fetches: 47
Planning time: 1.117 ms
Execution time: 13540.925 ms
