Seq Scan on cast_info ci  (cost=0.00..705507.15 rows=13769347 width=0) (actual time=0.014..8847.780 rows=13935387 loops=1)
  Filter: (person_id > 2273441)
  Rows Removed by Filter: 22308957
Planning time: 0.329 ms
Execution time: 10308.205 ms
