Hash Join  (cost=74547.77..822837.34 rows=213276 width=0) (actual time=866.313..13238.815 rows=201067 loops=1)
  Hash Cond: (ci.movie_id = t.id)
  ->  Seq Scan on cast_info ci  (cost=0.00..705507.15 rows=10839911 width=4) (actual time=0.033..9406.819 rows=10712105 loops=1)
        Filter: (person_id < 1051053)
        Rows Removed by Filter: 25532239
  ->  Hash  (cost=73925.90..73925.90 rows=49749 width=4) (actual time=865.968..865.968 rows=44012 loops=1)
        Buckets: 65536  Batches: 1  Memory Usage: 2060kB
        ->  Seq Scan on title t  (cost=0.00..73925.90 rows=49749 width=4) (actual time=0.038..848.004 rows=44012 loops=1)
              Filter: ((kind_id < 7) AND (production_year = 2009))
              Rows Removed by Filter: 2484300
Planning time: 0.520 ms
Execution time: 13269.044 ms
