Hash Join  (cost=74051.07..160888.26 rows=17915 width=0) (actual time=770.864..2364.520 rows=9749 loops=1)
  Hash Cond: (mk.movie_id = t.id)
  ->  Seq Scan on movie_keyword mk  (cost=0.00..69693.30 rows=4523930 width=4) (actual time=0.017..733.656 rows=4523930 loops=1)
  ->  Hash  (cost=73925.90..73925.90 rows=10013 width=4) (actual time=770.537..770.537 rows=35049 loops=1)
        Buckets: 65536 (originally 16384)  Batches: 1 (originally 1)  Memory Usage: 1745kB
        ->  Seq Scan on title t  (cost=0.00..73925.90 rows=10013 width=4) (actual time=97.667..757.291 rows=35049 loops=1)
              Filter: ((kind_id < 2) AND (production_year < 1912))
              Rows Removed by Filter: 2493263
Planning time: 0.531 ms
Execution time: 2366.314 ms
