Hash Join  (cost=87442.78..448896.78 rows=263834 width=0) (actual time=1731.281..6050.434 rows=528208 loops=1)
  Hash Cond: (mi.movie_id = t.id)
  ->  Seq Scan on movie_info mi  (cost=0.00..346232.03 rows=809768 width=4) (actual time=301.702..4058.011 rows=802140 loops=1)
        Filter: (info_type_id < 2)
        Rows Removed by Filter: 14033580
  ->  Hash  (cost=73925.90..73925.90 rows=823830 width=4) (actual time=1428.891..1428.891 rows=737996 loops=1)
        Buckets: 131072  Batches: 16  Memory Usage: 2657kB
        ->  Seq Scan on title t  (cost=0.00..73925.90 rows=823830 width=4) (actual time=0.029..920.885 rows=737996 loops=1)
              Filter: ((kind_id < 7) AND (production_year > 1968))
              Rows Removed by Filter: 1790316
Planning time: 0.781 ms
Execution time: 6095.985 ms
