Seq Scan on movie_companies mc  (cost=0.00..51404.11 rows=104 width=0) (actual time=62.470..600.012 rows=26 loops=1)
  Filter: (company_id = 48007)
  Rows Removed by Filter: 2609103
Planning time: 0.382 ms
Execution time: 600.088 ms
