Seq Scan on cast_info ci  (cost=0.00..796071.18 rows=14387573 width=0) (actual time=5.968..12434.216 rows=15663805 loops=1)
  Filter: ((person_id < 1621128) AND (role_id < 10))
  Rows Removed by Filter: 20580539
Planning time: 0.357 ms
Execution time: 14405.908 ms
