Hash Join  (cost=102767.86..976389.53 rows=2812338 width=0) (actual time=6802.381..16290.072 rows=5698418 loops=1)
  Hash Cond: (ci.movie_id = t.id)
  ->  Seq Scan on cast_info ci  (cost=0.00..796071.18 rows=2812338 width=4) (actual time=5284.106..10409.313 rows=5698418 loops=1)
        Filter: ((person_id < 768877) AND (role_id = 1))
        Rows Removed by Filter: 30545926
  ->  Hash  (cost=61283.27..61283.27 rows=2528527 width=4) (actual time=1516.983..1516.983 rows=2528312 loops=1)
        Buckets: 131072  Batches: 64  Memory Usage: 2415kB
        ->  Seq Scan on title t  (cost=0.00..61283.27 rows=2528527 width=4) (actual time=0.009..722.919 rows=2528312 loops=1)
Planning time: 0.748 ms
Execution time: 16844.279 ms
