Hash Join  (cost=101963.99..854541.56 rows=178843 width=0) (actual time=1478.468..15513.163 rows=318273 loops=1)
  Hash Cond: (ci.movie_id = t.id)
  ->  Seq Scan on cast_info ci  (cost=0.00..614943.12 rows=36225612 width=4) (actual time=0.013..6170.482 rows=36244344 loops=1)
  ->  Hash  (cost=101807.95..101807.95 rows=12483 width=8) (actual time=1478.253..1478.253 rows=11005 loops=1)
        Buckets: 16384  Batches: 1  Memory Usage: 558kB
        ->  Hash Join  (cost=74794.72..101807.95 rows=12483 width=8) (actual time=931.222..1473.324 rows=11005 loops=1)
              Hash Cond: (mi_idx.movie_id = t.id)
              ->  Seq Scan on movie_info_idx mi_idx  (cost=0.00..25185.44 rows=454124 width=4) (actual time=0.014..389.709 rows=459925 loops=1)
                    Filter: (info_type_id = 100)
                    Rows Removed by Filter: 920110
              ->  Hash  (cost=73925.90..73925.90 rows=69505 width=4) (actual time=930.485..930.485 rows=69431 loops=1)
                    Buckets: 131072  Batches: 1  Memory Usage: 3465kB
                    ->  Seq Scan on title t  (cost=0.00..73925.90 rows=69505 width=4) (actual time=0.027..902.665 rows=69431 loops=1)
                          Filter: ((kind_id < 3) AND (production_year > 2011))
                          Rows Removed by Filter: 2458881
Planning time: 1.154 ms
Execution time: 15564.025 ms
