Seq Scan on movie_companies mc  (cost=0.00..57926.93 rows=234367 width=0) (actual time=0.024..723.395 rows=462865 loops=1)
  Filter: ((company_id > 76391) AND (company_type_id = 2))
  Rows Removed by Filter: 2146264
Planning time: 0.391 ms
Execution time: 780.598 ms
