Hash Join  (cost=182658.60..214937.60 rows=54906 width=0) (actual time=3310.739..4099.618 rows=245482 loops=1)
  Hash Cond: (mi_idx.movie_id = t.id)
  ->  Seq Scan on movie_info_idx mi_idx  (cost=0.00..25185.44 rows=464934 width=4) (actual time=0.025..408.527 rows=460185 loops=1)
        Filter: (info_type_id > 100)
        Rows Removed by Filter: 919850
  ->  Hash  (cost=177759.08..177759.08 rows=298602 width=8) (actual time=3309.824..3309.824 rows=437818 loops=1)
        Buckets: 131072 (originally 131072)  Batches: 8 (originally 4)  Memory Usage: 3153kB
        ->  Hash Join  (cost=102767.86..177759.08 rows=298602 width=8) (actual time=1819.233..3162.252 rows=437818 loops=1)
              Hash Cond: (mc.movie_id = t.id)
              ->  Seq Scan on movie_companies mc  (cost=0.00..57926.93 rows=298602 width=4) (actual time=268.950..779.124 rows=437818 loops=1)
                    Filter: ((company_id < 708) AND (company_type_id = 1))
                    Rows Removed by Filter: 2171311
              ->  Hash  (cost=61283.27..61283.27 rows=2528527 width=4) (actual time=1549.005..1549.005 rows=2528312 loops=1)
                    Buckets: 131072  Batches: 64  Memory Usage: 2415kB
                    ->  Seq Scan on title t  (cost=0.00..61283.27 rows=2528527 width=4) (actual time=0.028..749.263 rows=2528312 loops=1)
Planning time: 1.213 ms
Execution time: 4133.022 ms
