Seq Scan on cast_info ci  (cost=0.00..705507.15 rows=31482939 width=0) (actual time=0.026..42528.950 rows=31603870 loops=1)
  Filter: (person_id > 449069)
  Rows Removed by Filter: 4640474
Planning time: 0.298 ms
Execution time: 47887.045 ms
