Seq Scan on title t  (cost=0.00..73925.90 rows=93417 width=0) (actual time=0.033..998.005 rows=100804 loops=1)
  Filter: ((kind_id > 3) AND (production_year = 2010))
  Rows Removed by Filter: 2427508
Planning time: 0.402 ms
Execution time: 1013.583 ms
