Hash Join  (cost=76440.79..119176.74 rows=293947 width=0) (actual time=835.203..2752.460 rows=339445 loops=1)
  Hash Cond: (mi_idx.movie_id = t.id)
  ->  Seq Scan on movie_info_idx mi_idx  (cost=0.00..21735.35 rows=1380035 width=4) (actual time=0.020..397.145 rows=1380035 loops=1)
  ->  Hash  (cost=67604.59..67604.59 rows=538576 width=4) (actual time=833.562..833.562 rows=538190 loops=1)
        Buckets: 131072  Batches: 8  Memory Usage: 3380kB
        ->  Seq Scan on title t  (cost=0.00..67604.59 rows=538576 width=4) (actual time=0.018..688.335 rows=538190 loops=1)
              Filter: (production_year < 1982)
              Rows Removed by Filter: 1990122
Planning time: 0.753 ms
Execution time: 2796.410 ms
