Hash Join  (cost=69928.56..991753.05 rows=996716 width=0) (actual time=765.039..19084.372 rows=1244163 loops=1)
  Hash Cond: (ci.movie_id = t.id)
  ->  Seq Scan on cast_info ci  (cost=0.00..705507.15 rows=17798446 width=4) (actual time=0.027..11034.248 rows=17927630 loops=1)
        Filter: (person_id > 1821213)
        Rows Removed by Filter: 18316714
  ->  Hash  (cost=67604.59..67604.59 rows=141598 width=4) (actual time=763.868..763.868 rows=141703 loops=1)
        Buckets: 131072  Batches: 2  Memory Usage: 3511kB
        ->  Seq Scan on title t  (cost=0.00..67604.59 rows=141598 width=4) (actual time=0.029..716.511 rows=141703 loops=1)
              Filter: (production_year = 2010)
              Rows Removed by Filter: 2386609
Planning time: 0.836 ms
Execution time: 19219.711 ms
