Nested Loop  (cost=0.43..83071.67 rows=246 width=0) (actual time=0.947..902.005 rows=57 loops=1)
  ->  Seq Scan on movie_keyword mk  (cost=0.00..81003.12 rows=246 width=4) (actual time=0.869..899.846 rows=57 loops=1)
        Filter: (keyword_id = 28487)
        Rows Removed by Filter: 4523873
  ->  Index Only Scan using title_pkey on title t  (cost=0.43..8.40 rows=1 width=4) (actual time=0.033..0.034 rows=1 loops=57)
        Index Cond: (id = mk.movie_id)
        Heap Fetches: 57
Planning time: 0.731 ms
Execution time: 902.106 ms
