Hash Join  (cost=165137.63..548846.92 rows=85093 width=0) (actual time=2647.297..8831.396 rows=44962 loops=1)
  Hash Cond: (mi.movie_id = t.id)
  ->  Seq Scan on movie_info mi  (cost=0.00..346232.03 rows=9767026 width=4) (actual time=0.022..4674.654 rows=9911754 loops=1)
        Filter: (info_type_id > 4)
        Rows Removed by Filter: 4923966
  ->  Hash  (cost=164862.26..164862.26 rows=22029 width=8) (actual time=2645.524..2645.524 rows=6642 loops=1)
        Buckets: 32768  Batches: 1  Memory Usage: 516kB
        ->  Hash Join  (cost=74202.60..164862.26 rows=22029 width=8) (actual time=2217.216..2642.784 rows=6642 loops=1)
              Hash Cond: (mk.movie_id = t.id)
              ->  Seq Scan on movie_keyword mk  (cost=0.00..81003.12 rows=2516332 width=4) (actual time=0.028..1282.765 rows=2510356 loops=1)
                    Filter: (keyword_id > 3588)
                    Rows Removed by Filter: 2013574
              ->  Hash  (cost=73925.90..73925.90 rows=22136 width=4) (actual time=930.640..930.640 rows=24301 loops=1)
                    Buckets: 32768  Batches: 1  Memory Usage: 1111kB
                    ->  Seq Scan on title t  (cost=0.00..73925.90 rows=22136 width=4) (actual time=116.700..920.043 rows=24301 loops=1)
                          Filter: ((kind_id = 7) AND (production_year = 1996))
                          Rows Removed by Filter: 2504011
Planning time: 1.158 ms
Execution time: 8837.698 ms
