Seq Scan on cast_info ci  (cost=0.00..705507.15 rows=31208166 width=0) (actual time=0.021..10285.689 rows=31174298 loops=1)
  Filter: (person_id < 3162289)
  Rows Removed by Filter: 5070046
Planning time: 0.338 ms
Execution time: 13938.961 ms
