Hash Join  (cost=423600.93..1177961.90 rows=357185 width=0) (actual time=4759.797..19202.340 rows=1187594 loops=1)
  Hash Cond: (ci.movie_id = t.id)
  ->  Seq Scan on cast_info ci  (cost=0.00..614943.12 rows=36225612 width=4) (actual time=0.016..6522.208 rows=36244344 loops=1)
  ->  Hash  (cost=423289.29..423289.29 rows=24931 width=8) (actual time=4759.168..4759.168 rows=20926 loops=1)
        Buckets: 32768  Batches: 1  Memory Usage: 1074kB
        ->  Hash Join  (cost=69283.60..423289.29 rows=24931 width=8) (actual time=4176.300..4752.437 rows=20926 loops=1)
              Hash Cond: (mi.movie_id = t.id)
              ->  Seq Scan on movie_info mi  (cost=0.00..346232.03 rows=616095 width=4) (actual time=3146.044..3750.373 rows=598457 loops=1)
                    Filter: (info_type_id = 15)
                    Rows Removed by Filter: 14237263
              ->  Hash  (cost=67604.59..67604.59 rows=102321 width=4) (actual time=801.944..801.944 rows=100537 loops=1)
                    Buckets: 131072  Batches: 2  Memory Usage: 2803kB
                    ->  Seq Scan on title t  (cost=0.00..67604.59 rows=102321 width=4) (actual time=212.863..765.495 rows=100537 loops=1)
                          Filter: (kind_id = 3)
                          Rows Removed by Filter: 2427775
Planning time: 0.969 ms
Execution time: 19354.609 ms
