Hash Join  (cost=98938.12..480332.09 rows=934563 width=0) (actual time=5547.303..7267.881 rows=308431 loops=1)
  Hash Cond: (mi.movie_id = t.id)
  ->  Seq Scan on movie_info mi  (cost=0.00..346232.03 rows=1550064 width=4) (actual time=3824.240..4496.506 rows=1533909 loops=1)
        Filter: (info_type_id = 3)
        Rows Removed by Filter: 13301811
  ->  Hash  (cost=73925.90..73925.90 rows=1524497 width=4) (actual time=1720.197..1720.197 rows=1631178 loops=1)
        Buckets: 131072  Batches: 32  Memory Usage: 2826kB
        ->  Seq Scan on title t  (cost=0.00..73925.90 rows=1524497 width=4) (actual time=0.042..1188.977 rows=1631178 loops=1)
              Filter: ((kind_id > 2) AND (production_year > 1963))
              Rows Removed by Filter: 897134
Planning time: 0.775 ms
Execution time: 7302.795 ms
