Hash Join  (cost=80408.18..180251.78 rows=205889 width=0) (actual time=3932.881..10071.909 rows=299398 loops=1)
  Hash Cond: (mk.movie_id = t.id)
  ->  Seq Scan on movie_keyword mk  (cost=0.00..81003.12 rows=1317757 width=4) (actual time=0.013..4597.584 rows=1329725 loops=1)
        Filter: (keyword_id > 12951)
        Rows Removed by Filter: 3194205
  ->  Hash  (cost=73925.90..73925.90 rows=395062 width=4) (actual time=3926.836..3926.836 rows=335993 loops=1)
        Buckets: 131072  Batches: 8  Memory Usage: 2499kB
        ->  Seq Scan on title t  (cost=0.00..73925.90 rows=395062 width=4) (actual time=9.814..3791.260 rows=335993 loops=1)
              Filter: ((kind_id < 7) AND (production_year > 2005))
              Rows Removed by Filter: 2192319
Planning time: 24.039 ms
Execution time: 10136.341 ms
