Seq Scan on cast_info ci  (cost=0.00..705507.15 rows=500 width=0) (actual time=4204.946..8658.578 rows=170 loops=1)
  Filter: (person_id = 2928492)
  Rows Removed by Filter: 36244174
Planning time: 0.363 ms
Execution time: 8658.702 ms
