Seq Scan on movie_keyword mk  (cost=0.00..81003.12 rows=2364431 width=0) (actual time=0.027..1361.258 rows=2366064 loops=1)
  Filter: (keyword_id < 5352)
  Rows Removed by Filter: 2157866
Planning time: 0.344 ms
Execution time: 1666.234 ms
