Seq Scan on movie_companies mc  (cost=0.00..57926.93 rows=981712 width=0) (actual time=187.879..919.873 rows=838456 loops=1)
  Filter: ((company_id > 699) AND (company_type_id = 1))
  Rows Removed by Filter: 1770673
Planning time: 0.377 ms
Execution time: 1031.408 ms
