Seq Scan on movie_keyword mk  (cost=0.00..81003.12 rows=4066874 width=0) (actual time=0.025..958.649 rows=4070559 loops=1)
  Filter: (keyword_id < 39047)
  Rows Removed by Filter: 453371
Planning time: 0.360 ms
Execution time: 1331.873 ms
