Hash Join  (cost=224167.88..750878.35 rows=4395855 width=0) (actual time=4207.434..25007.232 rows=41869672 loops=1)
  Hash Cond: (mi.movie_id = t.id)
  ->  Seq Scan on movie_info mi  (cost=0.00..309384.22 rows=14739122 width=4) (actual time=0.010..4603.858 rows=14835720 loops=1)
  ->  Hash  (cost=211795.40..211795.40 rows=754118 width=8) (actual time=4206.419..4206.419 rows=762328 loops=1)
        Buckets: 131072  Batches: 16  Memory Usage: 2997kB
        ->  Hash Join  (cost=102767.86..211795.40 rows=754118 width=8) (actual time=1708.675..3952.073 rows=762328 loops=1)
              Hash Cond: (mk.movie_id = t.id)
              ->  Seq Scan on movie_keyword mk  (cost=0.00..81003.12 rows=754118 width=4) (actual time=0.035..1168.295 rows=762328 loops=1)
                    Filter: (keyword_id > 24602)
                    Rows Removed by Filter: 3761602
              ->  Hash  (cost=61283.27..61283.27 rows=2528527 width=4) (actual time=1707.353..1707.353 rows=2528312 loops=1)
                    Buckets: 131072  Batches: 64  Memory Usage: 2425kB
                    ->  Seq Scan on title t  (cost=0.00..61283.27 rows=2528527 width=4) (actual time=0.010..869.567 rows=2528312 loops=1)
Planning time: 1.187 ms
Execution time: 29678.645 ms
