Nested Loop  (cost=0.43..799580.38 rows=21 width=0) (actual time=4613.349..12491.821 rows=1 loops=1)
  ->  Seq Scan on cast_info ci  (cost=0.00..796071.18 rows=420 width=4) (actual time=3456.515..12489.714 rows=136 loops=1)
        Filter: ((role_id < 9) AND (person_id = 2776331))
        Rows Removed by Filter: 36244208
  ->  Index Scan using title_pkey on title t  (cost=0.43..8.35 rows=1 width=4) (actual time=0.014..0.014 rows=0 loops=136)
        Index Cond: (id = ci.movie_id)
        Filter: (production_year = 2009)
        Rows Removed by Filter: 1
Planning time: 0.816 ms
Execution time: 12491.932 ms
