Seq Scan on movie_keyword mk  (cost=0.00..81003.12 rows=246 width=0) (actual time=0.075..1181.541 rows=713 loops=1)
  Filter: (keyword_id = 3404)
  Rows Removed by Filter: 4523217
Planning time: 1.033 ms
Execution time: 1181.832 ms
