Hash Join  (cost=102767.86..269636.84 rows=3157899 width=0) (actual time=6140.837..14064.335 rows=3142273 loops=1)
  Hash Cond: (mk.movie_id = t.id)
  ->  Seq Scan on movie_keyword mk  (cost=0.00..81003.12 rows=3157899 width=4) (actual time=0.020..4820.049 rows=3142273 loops=1)
        Filter: (keyword_id > 1834)
        Rows Removed by Filter: 1381657
  ->  Hash  (cost=61283.27..61283.27 rows=2528527 width=4) (actual time=6137.529..6137.529 rows=2528312 loops=1)
        Buckets: 131072  Batches: 64  Memory Usage: 2425kB
        ->  Seq Scan on title t  (cost=0.00..61283.27 rows=2528527 width=4) (actual time=0.010..4402.920 rows=2528312 loops=1)
Planning time: 0.784 ms
Execution time: 14474.700 ms
