Seq Scan on cast_info ci  (cost=0.00..796071.18 rows=9223054 width=0) (actual time=4347.408..9317.827 rows=5922503 loops=1)
  Filter: ((person_id > 2257027) AND (role_id < 4))
  Rows Removed by Filter: 30321841
Planning time: 0.425 ms
Execution time: 10061.783 ms
