Hash Join  (cost=77490.57..930469.41 rows=387748 width=0) (actual time=901.536..16628.627 rows=414392 loops=1)
  Hash Cond: (ci.movie_id = t.id)
  ->  Seq Scan on cast_info ci  (cost=0.00..796071.18 rows=4512850 width=4) (actual time=0.023..10935.060 rows=9262471 loops=1)
        Filter: ((person_id < 1264324) AND (role_id = 1))
        Rows Removed by Filter: 26981873
  ->  Hash  (cost=73925.90..73925.90 rows=217253 width=4) (actual time=900.744..900.744 rows=112299 loops=1)
        Buckets: 131072  Batches: 4  Memory Usage: 2008kB
        ->  Seq Scan on title t  (cost=0.00..73925.90 rows=217253 width=4) (actual time=139.737..851.854 rows=112299 loops=1)
              Filter: ((production_year < 1969) AND (kind_id = 7))
              Rows Removed by Filter: 2416013
Planning time: 3.634 ms
Execution time: 16675.855 ms
