Seq Scan on movie_keyword mk  (cost=0.00..81003.12 rows=4469119 width=0) (actual time=0.019..1392.172 rows=4472731 loops=1)
  Filter: (keyword_id < 99008)
  Rows Removed by Filter: 51199
Planning time: 0.324 ms
Execution time: 1971.059 ms
