Hash Join  (cost=83073.34..833874.53 rows=1199 width=0) (actual time=1099.478..15016.225 rows=52749 loops=1)
  Hash Cond: (ci.movie_id = t.id)
  ->  Seq Scan on cast_info ci  (cost=0.00..614943.12 rows=36225612 width=4) (actual time=0.012..6580.519 rows=36244344 loops=1)
  ->  Hash  (cost=83072.29..83072.29 rows=84 width=8) (actual time=1099.221..1099.221 rows=942 loops=1)
        Buckets: 1024  Batches: 1  Memory Usage: 45kB
        ->  Nested Loop  (cost=0.43..83072.29 rows=84 width=8) (actual time=1.386..1098.488 rows=942 loops=1)
              ->  Seq Scan on movie_keyword mk  (cost=0.00..81003.12 rows=246 width=4) (actual time=1.345..1074.847 rows=1065 loops=1)
                    Filter: (keyword_id = 4037)
                    Rows Removed by Filter: 4522865
              ->  Index Scan using title_pkey on title t  (cost=0.43..8.40 rows=1 width=4) (actual time=0.021..0.021 rows=1 loops=1065)
                    Index Cond: (id = mk.movie_id)
                    Filter: (kind_id < 4)
                    Rows Removed by Filter: 0
Planning time: 1.166 ms
Execution time: 15027.934 ms
