Hash Join  (cost=101253.64..962961.90 rows=63005 width=0) (actual time=1443.817..16176.912 rows=93 loops=1)
  Hash Cond: (ci.movie_id = t.id)
  ->  Seq Scan on cast_info ci  (cost=0.00..796071.18 rows=17335208 width=4) (actual time=0.030..12894.079 rows=14087116 loops=1)
        Filter: ((person_id < 2757133) AND (role_id > 1))
        Rows Removed by Filter: 22157228
  ->  Hash  (cost=101138.76..101138.76 rows=9190 width=8) (actual time=1341.027..1341.027 rows=9 loops=1)
        Buckets: 16384  Batches: 1  Memory Usage: 129kB
        ->  Hash Join  (cost=74136.38..101138.76 rows=9190 width=8) (actual time=924.509..1340.986 rows=9 loops=1)
              Hash Cond: (mi_idx.movie_id = t.id)
              ->  Seq Scan on movie_info_idx mi_idx  (cost=0.00..21735.35 rows=1380035 width=4) (actual time=0.025..253.554 rows=1380035 loops=1)
              ->  Hash  (cost=73925.90..73925.90 rows=16838 width=4) (actual time=818.526..818.526 rows=9 loops=1)
                    Buckets: 32768  Batches: 1  Memory Usage: 257kB
                    ->  Seq Scan on title t  (cost=0.00..73925.90 rows=16838 width=4) (actual time=432.230..818.495 rows=9 loops=1)
                          Filter: ((production_year < 1970) AND (kind_id = 4))
                          Rows Removed by Filter: 2528303
Planning time: 1.203 ms
Execution time: 16177.202 ms
