Seq Scan on movie_companies mc  (cost=0.00..57926.93 rows=831836 width=0) (actual time=221.120..949.736 rows=1043292 loops=1)
  Filter: ((company_id > 4325) AND (company_type_id = 2))
  Rows Removed by Filter: 1565837
Planning time: 1.419 ms
Execution time: 1081.053 ms
