Hash Join  (cost=52284.99..416946.98 rows=606 width=0) (actual time=718.516..5373.547 rows=719 loops=1)
  Hash Cond: (mi.movie_id = t.id)
  ->  Seq Scan on movie_info mi  (cost=0.00..309384.22 rows=14739122 width=4) (actual time=0.017..2435.047 rows=14835720 loops=1)
  ->  Hash  (cost=52283.69..52283.69 rows=104 width=8) (actual time=702.023..702.023 rows=34 loops=1)
        Buckets: 1024  Batches: 1  Memory Usage: 10kB
        ->  Nested Loop  (cost=0.43..52283.69 rows=104 width=8) (actual time=65.469..701.983 rows=34 loops=1)
              ->  Seq Scan on movie_companies mc  (cost=0.00..51404.11 rows=104 width=4) (actual time=65.352..700.575 rows=34 loops=1)
                    Filter: (company_id = 50538)
                    Rows Removed by Filter: 2609095
              ->  Index Only Scan using title_pkey on title t  (cost=0.43..8.45 rows=1 width=4) (actual time=0.036..0.037 rows=1 loops=34)
                    Index Cond: (id = mc.movie_id)
                    Heap Fetches: 34
Planning time: 1.280 ms
Execution time: 5373.893 ms
