Nested Loop  (cost=0.43..128640.68 rows=4135 width=0) (actual time=1109.318..4323.505 rows=70 loops=1)
  ->  Seq Scan on movie_keyword mk  (cost=0.00..81003.12 rows=6786 width=4) (actual time=0.049..3466.583 rows=6560 loops=1)
        Filter: (keyword_id = 12015)
        Rows Removed by Filter: 4517370
  ->  Index Scan using title_pkey on title t  (cost=0.43..7.01 rows=1 width=4) (actual time=0.130..0.130 rows=0 loops=6560)
        Index Cond: (id = mk.movie_id)
        Filter: (kind_id = 7)
        Rows Removed by Filter: 1
Planning time: 6.419 ms
Execution time: 4323.637 ms
