Seq Scan on cast_info ci  (cost=0.00..796071.18 rows=7801247 width=0) (actual time=0.026..12589.334 rows=12670688 loops=1)
  Filter: ((person_id < 2245087) AND (role_id = 1))
  Rows Removed by Filter: 23573656
Planning time: 0.409 ms
Execution time: 14148.686 ms
