Hash Join  (cost=202072.57..244156.59 rows=255954 width=0) (actual time=3357.623..4488.833 rows=146673 loops=1)
  Hash Cond: (mi_idx.movie_id = t.id)
  ->  Seq Scan on movie_info_idx mi_idx  (cost=0.00..21735.35 rows=1380035 width=4) (actual time=0.014..306.470 rows=1380035 loops=1)
  ->  Hash  (cost=194378.52..194378.52 rows=468964 width=8) (actual time=3356.479..3356.479 rows=97495 loops=1)
        Buckets: 131072  Batches: 8  Memory Usage: 1504kB
        ->  Hash Join  (cost=91879.05..194378.52 rows=468964 width=8) (actual time=1552.264..3327.335 rows=97495 loops=1)
              Hash Cond: (mk.movie_id = t.id)
              ->  Seq Scan on movie_keyword mk  (cost=0.00..81003.12 rows=1083652 width=4) (actual time=0.011..1244.757 rows=1088196 loops=1)
                    Filter: (keyword_id < 1114)
                    Rows Removed by Filter: 3435734
              ->  Hash  (cost=73925.90..73925.90 rows=1094252 width=4) (actual time=1417.652..1417.652 rows=1044222 loops=1)
                    Buckets: 131072  Batches: 16  Memory Usage: 3325kB
                    ->  Seq Scan on title t  (cost=0.00..73925.90 rows=1094252 width=4) (actual time=0.024..1109.566 rows=1044222 loops=1)
                          Filter: ((production_year < 2009) AND (kind_id = 7))
                          Rows Removed by Filter: 1484090
Planning time: 1.348 ms
Execution time: 4507.567 ms
