Hash Join  (cost=149558.26..992932.51 rows=761858 width=0) (actual time=5138.360..14123.518 rows=1188 loops=1)
  Hash Cond: (ci.movie_id = t.id)
  ->  Seq Scan on cast_info ci  (cost=0.00..796071.18 rows=3230528 width=4) (actual time=2243.787..11183.834 rows=2773 loops=1)
        Filter: ((person_id < 1574332) AND (role_id = 2))
        Rows Removed by Filter: 36241571
  ->  Hash  (cost=139774.45..139774.45 rows=596305 width=8) (actual time=2871.539..2871.539 rows=446427 loops=1)
        Buckets: 131072  Batches: 8  Memory Usage: 3201kB
        ->  Hash Join  (cost=91850.92..139774.45 rows=596305 width=8) (actual time=1535.388..2765.024 rows=446427 loops=1)
              Hash Cond: (mi_idx.movie_id = t.id)
              ->  Seq Scan on movie_info_idx mi_idx  (cost=0.00..21735.35 rows=1380035 width=4) (actual time=0.019..365.815 rows=1380035 loops=1)
              ->  Hash  (cost=73925.90..73925.90 rows=1092561 width=4) (actual time=1534.304..1534.304 rows=1195337 loops=1)
                    Buckets: 131072  Batches: 16  Memory Usage: 3656kB
                    ->  Seq Scan on title t  (cost=0.00..73925.90 rows=1092561 width=4) (actual time=0.024..1153.617 rows=1195337 loops=1)
                          Filter: ((kind_id > 1) AND (production_year > 1998))
                          Rows Removed by Filter: 1332975
Planning time: 1.861 ms
Execution time: 14124.188 ms
