Seq Scan on cast_info ci  (cost=0.00..705507.15 rows=500 width=0) (actual time=1346.823..8712.454 rows=1 loops=1)
  Filter: (person_id = 1991914)
  Rows Removed by Filter: 36244343
Planning time: 0.353 ms
Execution time: 8712.528 ms
