Seq Scan on movie_companies mc  (cost=0.00..57926.93 rows=183840 width=0) (actual time=88.590..694.034 rows=80741 loops=1)
  Filter: ((company_id < 181) AND (company_type_id = 2))
  Rows Removed by Filter: 2528388
Planning time: 0.373 ms
Execution time: 704.269 ms
