Seq Scan on movie_companies mc  (cost=0.00..57926.93 rows=1305894 width=0) (actual time=0.016..1074.648 rows=1289370 loops=1)
  Filter: ((company_id < 194999) AND (company_type_id = 2))
  Rows Removed by Filter: 1319759
Planning time: 0.457 ms
Execution time: 1241.530 ms
