Hash Join  (cost=199461.54..1043963.84 rows=2672852 width=0) (actual time=4464.432..21320.123 rows=6010656 loops=1)
  Hash Cond: (ci.movie_id = t.id)
  ->  Seq Scan on cast_info ci  (cost=0.00..705507.15 rows=9468168 width=4) (actual time=633.707..11198.138 rows=9384703 loops=1)
        Filter: (role_id > 4)
        Rows Removed by Filter: 26859641
  ->  Hash  (cost=187750.04..187750.04 rows=713800 width=8) (actual time=3829.652..3829.652 rows=499606 loops=1)
        Buckets: 131072  Batches: 16  Memory Usage: 2242kB
        ->  Hash Join  (cost=102767.86..187750.04 rows=713800 width=8) (actual time=2027.105..3694.264 rows=499606 loops=1)
              Hash Cond: (mc.movie_id = t.id)
              ->  Seq Scan on movie_companies mc  (cost=0.00..57926.93 rows=713800 width=4) (actual time=278.371..925.903 rows=499606 loops=1)
                    Filter: ((company_id > 8951) AND (company_type_id = 1))
                    Rows Removed by Filter: 2109523
              ->  Hash  (cost=61283.27..61283.27 rows=2528527 width=4) (actual time=1746.129..1746.129 rows=2528312 loops=1)
                    Buckets: 131072  Batches: 64  Memory Usage: 2415kB
                    ->  Seq Scan on title t  (cost=0.00..61283.27 rows=2528527 width=4) (actual time=0.017..886.949 rows=2528312 loops=1)
Planning time: 1.147 ms
Execution time: 22061.959 ms
