Hash Join  (cost=102767.86..842397.63 rows=1007546 width=0) (actual time=2344.915..11936.622 rows=879514 loops=1)
  Hash Cond: (ci.movie_id = t.id)
  ->  Seq Scan on cast_info ci  (cost=0.00..705507.15 rows=1007546 width=4) (actual time=689.996..9227.448 rows=879514 loops=1)
        Filter: (person_id < 92467)
        Rows Removed by Filter: 35364830
  ->  Hash  (cost=61283.27..61283.27 rows=2528527 width=4) (actual time=1653.314..1653.314 rows=2528312 loops=1)
        Buckets: 131072  Batches: 64  Memory Usage: 2415kB
        ->  Seq Scan on title t  (cost=0.00..61283.27 rows=2528527 width=4) (actual time=0.022..810.158 rows=2528312 loops=1)
Planning time: 0.748 ms
Execution time: 12036.150 ms
