Hash Join  (cost=74394.67..164708.96 rows=35424 width=0) (actual time=889.916..2559.168 rows=73506 loops=1)
  Hash Cond: (mk.movie_id = t.id)
  ->  Seq Scan on movie_keyword mk  (cost=0.00..81003.12 rows=2388515 width=4) (actual time=0.029..1262.846 rows=2383784 loops=1)
        Filter: (keyword_id > 3991)
        Rows Removed by Filter: 2140146
  ->  Hash  (cost=73925.90..73925.90 rows=37501 width=4) (actual time=889.430..889.430 rows=32253 loops=1)
        Buckets: 65536  Batches: 1  Memory Usage: 1646kB
        ->  Seq Scan on title t  (cost=0.00..73925.90 rows=37501 width=4) (actual time=0.055..875.522 rows=32253 loops=1)
              Filter: ((kind_id < 7) AND (production_year = 2005))
              Rows Removed by Filter: 2496059
Planning time: 0.775 ms
Execution time: 2569.090 ms
