Hash Join  (cost=102767.86..181856.53 rows=739973 width=0) (actual time=2034.341..3685.930 rows=735082 loops=1)
  Hash Cond: (mc.movie_id = t.id)
  ->  Seq Scan on movie_companies mc  (cost=0.00..51404.11 rows=739973 width=4) (actual time=0.025..766.999 rows=735082 loops=1)
        Filter: (company_id < 1435)
        Rows Removed by Filter: 1874047
  ->  Hash  (cost=61283.27..61283.27 rows=2528527 width=4) (actual time=2033.423..2033.423 rows=2528312 loops=1)
        Buckets: 131072  Batches: 64  Memory Usage: 2415kB
        ->  Seq Scan on title t  (cost=0.00..61283.27 rows=2528527 width=4) (actual time=0.025..862.034 rows=2528312 loops=1)
Planning time: 0.709 ms
Execution time: 3763.596 ms
