Seq Scan on movie_keyword mk  (cost=0.00..81003.12 rows=1020411 width=0) (actual time=0.032..1098.524 rows=1023722 loops=1)
  Filter: (keyword_id < 1001)
  Rows Removed by Filter: 3500208
Planning time: 0.327 ms
Execution time: 1227.467 ms
