Hash Join  (cost=101376.83..909178.94 rows=7248 width=0) (actual time=8718.605..10512.902 rows=4209 loops=1)
  Hash Cond: (ci.movie_id = t.id)
  ->  Seq Scan on cast_info ci  (cost=0.00..796071.18 rows=3108919 width=4) (actual time=7368.769..8957.018 rows=933317 loops=1)
        Filter: ((person_id > 3414515) AND (role_id < 10))
        Rows Removed by Filter: 35311027
  ->  Hash  (cost=101303.15..101303.15 rows=5895 width=8) (actual time=1349.286..1349.286 rows=11582 loops=1)
        Buckets: 16384 (originally 8192)  Batches: 1 (originally 1)  Memory Usage: 581kB
        ->  Hash Join  (cost=74330.09..101303.15 rows=5895 width=8) (actual time=876.244..1345.209 rows=11582 loops=1)
              Hash Cond: (mi_idx.movie_id = t.id)
              ->  Seq Scan on movie_info_idx mi_idx  (cost=0.00..25185.44 rows=460978 width=4) (actual time=0.019..354.491 rows=459925 loops=1)
                    Filter: (info_type_id < 100)
                    Rows Removed by Filter: 920110
              ->  Hash  (cost=73925.90..73925.90 rows=32335 width=4) (actual time=875.787..875.787 rows=29827 loops=1)
                    Buckets: 32768  Batches: 1  Memory Usage: 1305kB
                    ->  Seq Scan on title t  (cost=0.00..73925.90 rows=32335 width=4) (actual time=0.019..862.897 rows=29827 loops=1)
                          Filter: ((production_year > 2006) AND (kind_id = 2))
                          Rows Removed by Filter: 2498485
Planning time: 1.255 ms
Execution time: 10514.179 ms
