Hash Join  (cost=178741.37..320686.36 rows=1573226 width=0) (actual time=3876.967..9343.326 rows=7717009 loops=1)
  Hash Cond: (mk.movie_id = t.id)
  ->  Seq Scan on movie_keyword mk  (cost=0.00..81003.12 rows=3528962 width=4) (actual time=0.023..1470.970 rows=3519221 loops=1)
        Filter: (keyword_id < 18362)
        Rows Removed by Filter: 1004709
  ->  Hash  (cost=160247.02..160247.02 rows=1127228 width=8) (actual time=3876.019..3876.019 rows=1248329 loops=1)
        Buckets: 131072 (originally 131072)  Batches: 32 (originally 16)  Memory Usage: 4092kB
        ->  Hash Join  (cost=101489.21..160247.02 rows=1127228 width=8) (actual time=1713.195..3486.896 rows=1248329 loops=1)
              Hash Cond: (mi_idx.movie_id = t.id)
              ->  Seq Scan on movie_info_idx mi_idx  (cost=0.00..21735.35 rows=1380035 width=4) (actual time=0.032..383.693 rows=1380035 loops=1)
              ->  Hash  (cost=67604.59..67604.59 rows=2065330 width=4) (actual time=1712.002..1712.002 rows=2064552 loops=1)
                    Buckets: 131072  Batches: 32  Memory Usage: 3289kB
                    ->  Seq Scan on title t  (cost=0.00..67604.59 rows=2065330 width=4) (actual time=0.017..1088.680 rows=2064552 loops=1)
                          Filter: (production_year < 2011)
                          Rows Removed by Filter: 463760
Planning time: 1.225 ms
Execution time: 10290.994 ms
