Seq Scan on movie_keyword mk  (cost=0.00..81003.12 rows=246 width=0) (actual time=2.590..1060.697 rows=398 loops=1)
  Filter: (keyword_id = 5654)
  Rows Removed by Filter: 4523532
Planning time: 0.274 ms
Execution time: 1060.939 ms
