Seq Scan on movie_companies mc  (cost=0.00..51404.11 rows=104 width=0) (actual time=486.346..669.740 rows=1 loops=1)
  Filter: (company_id = 121052)
  Rows Removed by Filter: 2609128
Planning time: 0.347 ms
Execution time: 669.799 ms
