Seq Scan on movie_companies mc  (cost=0.00..57926.93 rows=53 width=0) (actual time=233.186..705.629 rows=10 loops=1)
  Filter: ((company_id = 1711) AND (company_type_id = 2))
  Rows Removed by Filter: 2609119
Planning time: 0.383 ms
Execution time: 705.709 ms
