Hash Join  (cost=92883.59..1006510.59 rows=3594944 width=0) (actual time=11108.557..20045.042 rows=4600995 loops=1)
  Hash Cond: (ci.movie_id = t.id)
  ->  Seq Scan on cast_info ci  (cost=0.00..796071.18 rows=5899476 width=4) (actual time=9599.180..13473.844 rows=7450629 loops=1)
        Filter: ((person_id > 664749) AND (role_id = 2))
        Rows Removed by Filter: 28793715
  ->  Hash  (cost=67604.59..67604.59 rows=1540800 width=4) (actual time=1508.394..1508.394 rows=1543264 loops=1)
        Buckets: 131072  Batches: 32  Memory Usage: 2722kB
        ->  Seq Scan on title t  (cost=0.00..67604.59 rows=1540800 width=4) (actual time=0.024..1018.864 rows=1543264 loops=1)
              Filter: (kind_id = 7)
              Rows Removed by Filter: 985048
Planning time: 0.634 ms
Execution time: 20547.887 ms
