Hash Join  (cost=68257.79..810043.80 rows=189493 width=0) (actual time=817.374..12815.706 rows=179910 loops=1)
  Hash Cond: (ci.movie_id = t.id)
  ->  Seq Scan on cast_info ci  (cost=0.00..705507.15 rows=9169048 width=4) (actual time=0.026..9393.729 rows=9176481 loops=1)
        Filter: (person_id > 2782453)
        Rows Removed by Filter: 27067863
  ->  Hash  (cost=67604.59..67604.59 rows=52256 width=4) (actual time=816.970..816.970 rows=53013 loops=1)
        Buckets: 65536  Batches: 1  Memory Usage: 2376kB
        ->  Seq Scan on title t  (cost=0.00..67604.59 rows=52256 width=4) (actual time=0.010..794.221 rows=53013 loops=1)
              Filter: (production_year = 2000)
              Rows Removed by Filter: 2475299
Planning time: 0.757 ms
Execution time: 12841.851 ms
