Hash Join  (cost=100963.37..822720.21 rows=4778 width=0) (actual time=8344.003..11756.577 rows=7896 loops=1)
  Hash Cond: (ci.movie_id = t.id)
  ->  Seq Scan on cast_info ci  (cost=0.00..705507.15 rows=4320508 width=4) (actual time=6999.107..9731.612 rows=4323018 loops=1)
        Filter: (role_id = 10)
        Rows Removed by Filter: 31921326
  ->  Hash  (cost=100928.41..100928.41 rows=2797 width=8) (actual time=1344.212..1344.212 rows=4824 loops=1)
        Buckets: 8192 (originally 4096)  Batches: 1 (originally 1)  Memory Usage: 253kB
        ->  Hash Join  (cost=73989.96..100928.41 rows=2797 width=8) (actual time=819.923..1342.387 rows=4824 loops=1)
              Hash Cond: (mi_idx.movie_id = t.id)
              ->  Seq Scan on movie_info_idx mi_idx  (cost=0.00..21735.35 rows=1380035 width=4) (actual time=0.030..238.803 rows=1380035 loops=1)
              ->  Hash  (cost=73925.90..73925.90 rows=5124 width=4) (actual time=819.779..819.779 rows=9091 loops=1)
                    Buckets: 16384 (originally 8192)  Batches: 1 (originally 1)  Memory Usage: 448kB
                    ->  Seq Scan on title t  (cost=0.00..73925.90 rows=5124 width=4) (actual time=10.206..815.863 rows=9091 loops=1)
                          Filter: ((kind_id = 4) AND (production_year = 2007))
                          Rows Removed by Filter: 2519221
Planning time: 1.181 ms
Execution time: 11758.174 ms
