Hash Join  (cost=224774.35..334529.63 rows=479375 width=184) (actual time=21862.576..24891.347 rows=1354883 loops=1)
  Hash Cond: (mc.movie_id = t.id)
  ->  Seq Scan on movie_companies mc  (cost=0.00..44881.29 rows=2609129 width=40) (actual time=0.012..766.114 rows=2609129 loops=1)
  ->  Hash  (cost=209439.28..209439.28 rows=464566 width=144) (actual time=21861.631..21861.631 rows=459925 loops=1)
        Buckets: 32768  Batches: 32  Memory Usage: 2137kB
        ->  Merge Join  (cost=84794.24..209439.28 rows=464566 width=144) (actual time=915.171..19258.378 rows=459925 loops=1)
              Merge Cond: (t.id = mi_idx.movie_id)
              ->  Index Scan using title_pkey on title t  (cost=0.43..110313.87 rows=2528527 width=94) (actual time=0.007..17283.997 rows=2525794 loops=1)
              ->  Materialize  (cost=84793.43..87116.26 rows=464566 width=50) (actual time=915.112..1199.608 rows=459925 loops=1)
                    ->  Sort  (cost=84793.43..85954.84 rows=464566 width=50) (actual time=915.106..1121.265 rows=459925 loops=1)
                          Sort Key: mi_idx.movie_id
                          Sort Method: external merge  Disk: 11696kB
                          ->  Seq Scan on movie_info_idx mi_idx  (cost=0.00..25185.44 rows=464566 width=50) (actual time=0.026..479.812 rows=459925 loops=1)
                                Filter: (info_type_id = 101)
                                Rows Removed by Filter: 920110
Planning time: 17.998 ms
Execution time: 24967.969 ms
