Hash Join  (cost=126037.42..204311.35 rows=233841 width=0) (actual time=2180.670..4326.136 rows=1130938 loops=1)
  Hash Cond: (mc.movie_id = t.id)
  ->  Seq Scan on movie_companies mc  (cost=0.00..44881.29 rows=2609129 width=4) (actual time=0.023..778.931 rows=2609129 loops=1)
  ->  Hash  (cost=122318.71..122318.71 rows=226617 width=8) (actual time=2179.874..2179.874 rows=302786 loops=1)
        Buckets: 131072  Batches: 4  Memory Usage: 3971kB
        ->  Hash Join  (cost=80738.05..122318.71 rows=226617 width=8) (actual time=1054.005..2084.005 rows=302786 loops=1)
              Hash Cond: (mi_idx.movie_id = t.id)
              ->  Seq Scan on movie_info_idx mi_idx  (cost=0.00..21735.35 rows=1380035 width=4) (actual time=0.024..322.211 rows=1380035 loops=1)
              ->  Hash  (cost=73925.90..73925.90 rows=415212 width=4) (actual time=1053.021..1053.021 rows=303236 loops=1)
                    Buckets: 131072  Batches: 8  Memory Usage: 2359kB
                    ->  Seq Scan on title t  (cost=0.00..73925.90 rows=415212 width=4) (actual time=444.821..958.542 rows=303236 loops=1)
                          Filter: ((production_year > 1996) AND (kind_id = 1))
                          Rows Removed by Filter: 2225076
Planning time: 1.273 ms
Execution time: 4456.417 ms
