Hash Join  (cost=89240.26..150800.86 rows=157525 width=0) (actual time=1877.031..2472.431 rows=31406 loops=1)
  Hash Cond: (mc.movie_id = t.id)
  ->  Seq Scan on movie_companies mc  (cost=0.00..51404.11 rows=426732 width=4) (actual time=0.033..722.588 rows=430869 loops=1)
        Filter: (company_id > 79067)
        Rows Removed by Filter: 2178260
  ->  Hash  (cost=73925.90..73925.90 rows=933388 width=4) (actual time=1366.080..1366.080 rows=1024206 loops=1)
        Buckets: 131072  Batches: 16  Memory Usage: 3285kB
        ->  Seq Scan on title t  (cost=0.00..73925.90 rows=933388 width=4) (actual time=106.916..1041.849 rows=1024206 loops=1)
              Filter: ((production_year > 1997) AND (kind_id = 7))
              Rows Removed by Filter: 1504106
Planning time: 0.798 ms
Execution time: 2476.364 ms
