Hash Join  (cost=123014.22..1073456.12 rows=1277255 width=0) (actual time=2172.682..25837.866 rows=6044157 loops=1)
  Hash Cond: (ci.movie_id = t.id)
  ->  Seq Scan on cast_info ci  (cost=0.00..705507.15 rows=20024311 width=4) (actual time=0.020..12957.669 rows=20122661 loops=1)
        Filter: (role_id < 3)
        Rows Removed by Filter: 16121683
  ->  Hash  (cost=120367.19..120367.19 rows=161283 width=8) (actual time=2171.700..2171.700 rows=361998 loops=1)
        Buckets: 131072 (originally 131072)  Batches: 8 (originally 4)  Memory Usage: 3073kB
        ->  Hash Join  (cost=81206.46..120367.19 rows=161283 width=8) (actual time=1096.955..2065.884 rows=361998 loops=1)
              Hash Cond: (mi_idx.movie_id = t.id)
              ->  Seq Scan on movie_info_idx mi_idx  (cost=0.00..25185.44 rows=919057 width=4) (actual time=0.015..389.051 rows=920110 loops=1)
                    Filter: (info_type_id > 99)
                    Rows Removed by Filter: 459925
              ->  Hash  (cost=73925.90..73925.90 rows=443724 width=4) (actual time=1096.206..1096.206 rows=536860 loops=1)
                    Buckets: 131072  Batches: 8  Memory Usage: 3395kB
                    ->  Seq Scan on title t  (cost=0.00..73925.90 rows=443724 width=4) (actual time=0.015..928.966 rows=536860 loops=1)
                          Filter: ((kind_id < 7) AND (production_year < 2002))
                          Rows Removed by Filter: 1991452
Planning time: 1.151 ms
Execution time: 26521.309 ms
