Hash Join  (cost=79993.30..112628.58 rows=67417 width=0) (actual time=1222.655..1399.651 rows=30770 loops=1)
  Hash Cond: (mi_idx.movie_id = t.id)
  ->  Seq Scan on movie_info_idx mi_idx  (cost=0.00..25185.44 rows=460978 width=4) (actual time=0.024..323.241 rows=459925 loops=1)
        Filter: (info_type_id = 99)
        Rows Removed by Filter: 920110
  ->  Hash  (cost=73925.90..73925.90 rows=369792 width=4) (actual time=902.120..902.120 rows=253766 loops=1)
        Buckets: 131072  Batches: 8  Memory Usage: 2127kB
        ->  Seq Scan on title t  (cost=0.00..73925.90 rows=369792 width=4) (actual time=0.004..823.442 rows=253766 loops=1)
              Filter: ((production_year < 1986) AND (kind_id = 7))
              Rows Removed by Filter: 2274546
Planning time: 0.742 ms
Execution time: 1401.871 ms
