Hash Join  (cost=58358.64..456816.87 rows=110 width=0) (actual time=674.884..7726.767 rows=12033 loops=1)
  Hash Cond: (mi.movie_id = t.id)
  ->  Seq Scan on movie_info mi  (cost=0.00..346232.03 rows=13926693 width=4) (actual time=0.022..5116.990 rows=13963496 loops=1)
        Filter: (info_type_id < 98)
        Rows Removed by Filter: 872224
  ->  Hash  (cost=58358.39..58358.39 rows=20 width=8) (actual time=660.841..660.841 rows=140 loops=1)
        Buckets: 1024  Batches: 1  Memory Usage: 14kB
        ->  Nested Loop  (cost=0.43..58358.39 rows=20 width=8) (actual time=1.758..660.734 rows=140 loops=1)
              ->  Seq Scan on movie_companies mc  (cost=0.00..57926.93 rows=51 width=4) (actual time=1.717..656.985 rows=140 loops=1)
                    Filter: ((company_id = 12512) AND (company_type_id = 1))
                    Rows Removed by Filter: 2608989
              ->  Index Scan using title_pkey on title t  (cost=0.43..8.45 rows=1 width=4) (actual time=0.025..0.025 rows=1 loops=140)
                    Index Cond: (id = mc.movie_id)
                    Filter: (kind_id < 7)
Planning time: 1.181 ms
Execution time: 7728.787 ms
