Seq Scan on movie_keyword mk  (cost=0.00..81003.12 rows=246 width=0) (actual time=8.067..993.328 rows=106 loops=1)
  Filter: (keyword_id = 4981)
  Rows Removed by Filter: 4523824
Planning time: 0.365 ms
Execution time: 993.457 ms
