Hash Join  (cost=799349.41..826260.73 rows=84 width=0) (actual time=12273.538..12369.454 rows=3 loops=1)
  Hash Cond: (mi_idx.movie_id = t.id)
  ->  Seq Scan on movie_info_idx mi_idx  (cost=0.00..21735.35 rows=1380035 width=4) (actual time=0.013..220.902 rows=1380035 loops=1)
  ->  Hash  (cost=799347.50..799347.50 rows=153 width=8) (actual time=11893.552..11893.552 rows=1 loops=1)
        Buckets: 1024  Batches: 1  Memory Usage: 9kB
        ->  Nested Loop  (cost=0.43..799347.50 rows=153 width=8) (actual time=4633.458..11893.520 rows=1 loops=1)
              ->  Seq Scan on cast_info ci  (cost=0.00..796071.18 rows=392 width=4) (actual time=4633.322..11888.571 rows=120 loops=1)
                    Filter: ((role_id < 7) AND (person_id = 316167))
                    Rows Removed by Filter: 36244224
              ->  Index Scan using title_pkey on title t  (cost=0.43..8.35 rows=1 width=4) (actual time=0.040..0.040 rows=0 loops=120)
                    Index Cond: (id = ci.movie_id)
                    Filter: (kind_id < 7)
                    Rows Removed by Filter: 1
Planning time: 1.203 ms
Execution time: 12369.573 ms
