Hash Join  (cost=58375.77..423033.22 rows=152 width=0) (actual time=2636.924..15066.807 rows=11 loops=1)
  Hash Cond: (mi.movie_id = t.id)
  ->  Seq Scan on movie_info mi  (cost=0.00..309384.22 rows=14739122 width=4) (actual time=0.017..9683.123 rows=14835720 loops=1)
  ->  Hash  (cost=58375.45..58375.45 rows=26 width=8) (actual time=2602.765..2602.765 rows=1 loops=1)
        Buckets: 1024  Batches: 1  Memory Usage: 9kB
        ->  Nested Loop  (cost=0.43..58375.45 rows=26 width=8) (actual time=1564.995..2602.755 rows=1 loops=1)
              ->  Seq Scan on movie_companies mc  (cost=0.00..57926.93 rows=53 width=4) (actual time=236.683..2590.426 rows=30 loops=1)
                    Filter: ((company_id = 19340) AND (company_type_id = 2))
                    Rows Removed by Filter: 2609099
              ->  Index Scan using title_pkey on title t  (cost=0.43..8.45 rows=1 width=4) (actual time=0.408..0.408 rows=0 loops=30)
                    Index Cond: (id = mc.movie_id)
                    Filter: ((production_year > 1975) AND (kind_id = 7))
                    Rows Removed by Filter: 1
Planning time: 1.228 ms
Execution time: 15066.966 ms
