Hash Join  (cost=241641.83..802483.21 rows=7594543 width=0) (actual time=6626.353..59933.830 rows=176904951 loops=1)
  Hash Cond: (mi.movie_id = t.id)
  ->  Seq Scan on movie_info mi  (cost=0.00..309384.22 rows=14739122 width=4) (actual time=0.021..4772.814 rows=14835720 loops=1)
  ->  Hash  (cost=220266.08..220266.08 rows=1302860 width=8) (actual time=6625.222..6625.222 rows=2830918 loops=1)
        Buckets: 131072 (originally 131072)  Batches: 64 (originally 32)  Memory Usage: 3073kB
        ->  Hash Join  (cost=83810.17..220266.08 rows=1302860 width=8) (actual time=1232.801..5101.927 rows=2830918 loops=1)
              Hash Cond: (mk.movie_id = t.id)
              ->  Seq Scan on movie_keyword mk  (cost=0.00..81003.12 rows=3335249 width=4) (actual time=0.018..1527.631 rows=3329943 loops=1)
                    Filter: (keyword_id > 1448)
                    Rows Removed by Filter: 1193987
              ->  Hash  (cost=67604.59..67604.59 rows=987727 width=4) (actual time=1231.784..1231.784 rows=985048 loops=1)
                    Buckets: 131072  Batches: 16  Memory Usage: 3197kB
                    ->  Seq Scan on title t  (cost=0.00..67604.59 rows=987727 width=4) (actual time=0.011..906.310 rows=985048 loops=1)
                          Filter: (kind_id < 7)
                          Rows Removed by Filter: 1543264
Planning time: 1.022 ms
Execution time: 79833.720 ms
