Seq Scan on cast_info ci  (cost=0.00..796071.18 rows=70669 width=0) (actual time=5854.520..9876.033 rows=219092 loops=1)
  Filter: ((person_id > 2933320) AND (role_id > 10))
  Rows Removed by Filter: 36025252
Planning time: 0.360 ms
Execution time: 9903.136 ms
