Seq Scan on movie_keyword mk  (cost=0.00..81003.12 rows=424079 width=0) (actual time=0.024..1093.049 rows=418069 loops=1)
  Filter: (keyword_id > 41662)
  Rows Removed by Filter: 4105861
Planning time: 0.319 ms
Execution time: 1149.509 ms
