Seq Scan on cast_info ci  (cost=0.00..796071.18 rows=276 width=0) (actual time=1819.579..35743.214 rows=34 loops=1)
  Filter: ((role_id < 3) AND (person_id = 1388504))
  Rows Removed by Filter: 36244310
Planning time: 0.373 ms
Execution time: 35743.334 ms
