Seq Scan on movie_companies mc  (cost=0.00..51404.11 rows=104 width=0) (actual time=0.153..650.034 rows=259 loops=1)
  Filter: (company_id = 946)
  Rows Removed by Filter: 2608870
Planning time: 0.360 ms
Execution time: 650.160 ms
