Seq Scan on movie_keyword mk  (cost=0.00..81003.12 rows=497255 width=0) (actual time=10.068..1010.822 rows=491198 loops=1)
  Filter: (keyword_id > 36657)
  Rows Removed by Filter: 4032732
Planning time: 0.335 ms
Execution time: 1067.949 ms
