Hash Join  (cost=177909.32..1262112.07 rows=4906158 width=0) (actual time=3055.883..32285.345 rows=8619156 loops=1)
  Hash Cond: (ci.movie_id = t.id)
  ->  Seq Scan on cast_info ci  (cost=0.00..614943.12 rows=36225612 width=4) (actual time=0.015..10655.363 rows=36244344 loops=1)
  ->  Hash  (cost=172290.73..172290.73 rows=342447 width=8) (actual time=3055.086..3055.086 rows=345575 loops=1)
        Buckets: 131072  Batches: 8  Memory Usage: 2723kB
        ->  Hash Join  (cost=102767.86..172290.73 rows=342447 width=8) (actual time=1674.546..2950.304 rows=345575 loops=1)
              Hash Cond: (mc.movie_id = t.id)
              ->  Seq Scan on movie_companies mc  (cost=0.00..51404.11 rows=342447 width=4) (actual time=101.245..674.946 rows=345575 loops=1)
                    Filter: (company_id > 88711)
                    Rows Removed by Filter: 2263554
              ->  Hash  (cost=61283.27..61283.27 rows=2528527 width=4) (actual time=1571.916..1571.916 rows=2528312 loops=1)
                    Buckets: 131072  Batches: 64  Memory Usage: 2415kB
                    ->  Seq Scan on title t  (cost=0.00..61283.27 rows=2528527 width=4) (actual time=0.023..764.219 rows=2528312 loops=1)
Planning time: 1.163 ms
Execution time: 33320.581 ms
