Hash Join  (cost=74052.46..160891.62 rows=18113 width=0) (actual time=905.038..2400.251 rows=43599 loops=1)
  Hash Cond: (mk.movie_id = t.id)
  ->  Seq Scan on movie_keyword mk  (cost=0.00..69693.30 rows=4523930 width=4) (actual time=0.023..736.752 rows=4523930 loops=1)
  ->  Hash  (cost=73925.90..73925.90 rows=10124 width=4) (actual time=904.840..904.840 rows=8484 loops=1)
        Buckets: 16384  Batches: 1  Memory Usage: 427kB
        ->  Seq Scan on title t  (cost=0.00..73925.90 rows=10124 width=4) (actual time=0.071..900.649 rows=8484 loops=1)
              Filter: ((kind_id < 4) AND (production_year = 1994))
              Rows Removed by Filter: 2519828
Planning time: 0.761 ms
Execution time: 2405.666 ms
