Seq Scan on movie_keyword mk  (cost=0.00..81003.12 rows=246 width=0) (actual time=18.562..1006.485 rows=52 loops=1)
  Filter: (keyword_id = 22548)
  Rows Removed by Filter: 4523878
Planning time: 0.414 ms
Execution time: 1006.637 ms
