Hash Join  (cost=169041.18..1107498.59 rows=2385570 width=0) (actual time=3555.660..27491.982 rows=8633376 loops=1)
  Hash Cond: (ci.movie_id = t.id)
  ->  Seq Scan on cast_info ci  (cost=0.00..705507.15 rows=17970283 width=4) (actual time=0.026..11488.241 rows=17819186 loops=1)
        Filter: (person_id < 1765386)
        Rows Removed by Filter: 18425158
  ->  Hash  (cost=163533.38..163533.38 rows=335664 width=8) (actual time=3554.781..3554.781 rows=732824 loops=1)
        Buckets: 131072 (originally 131072)  Batches: 16 (originally 8)  Memory Usage: 3073kB
        ->  Hash Join  (cost=86252.72..163533.38 rows=335664 width=8) (actual time=1432.336..3312.687 rows=732824 loops=1)
              Hash Cond: (mc.movie_id = t.id)
              ->  Seq Scan on movie_companies mc  (cost=0.00..57926.93 rows=1129623 width=4) (actual time=162.026..1002.460 rows=1241972 loops=1)
                    Filter: ((company_id > 239) AND (company_type_id = 2))
                    Rows Removed by Filter: 1367157
              ->  Hash  (cost=73925.90..73925.90 rows=751345 width=4) (actual time=1269.216..1269.216 rows=793943 loops=1)
                    Buckets: 131072  Batches: 16  Memory Usage: 2771kB
                    ->  Seq Scan on title t  (cost=0.00..73925.90 rows=751345 width=4) (actual time=0.040..1020.513 rows=793943 loops=1)
                          Filter: ((kind_id < 7) AND (production_year < 2010))
                          Rows Removed by Filter: 1734369
Planning time: 3.169 ms
Execution time: 28459.862 ms
