Hash Join  (cost=137547.92..489514.04 rows=36403 width=0) (actual time=2326.172..6613.579 rows=38157 loops=1)
  Hash Cond: (mi.movie_id = t.id)
  ->  Seq Scan on movie_info mi  (cost=0.00..346232.03 rows=383217 width=4) (actual time=0.022..4114.905 rows=368218 loops=1)
        Filter: (info_type_id = 17)
        Rows Removed by Filter: 14467502
  ->  Hash  (cost=133606.52..133606.52 rows=240192 width=8) (actual time=2325.404..2325.404 rows=133253 loops=1)
        Buckets: 131072  Batches: 4  Memory Usage: 2329kB
        ->  Hash Join  (cost=95541.49..133606.52 rows=240192 width=8) (actual time=1534.837..2290.767 rows=133253 loops=1)
              Hash Cond: (mi_idx.movie_id = t.id)
              ->  Seq Scan on movie_info_idx mi_idx  (cost=0.00..25185.44 rows=460978 width=4) (actual time=0.015..410.607 rows=459925 loops=1)
                    Filter: (info_type_id = 99)
                    Rows Removed by Filter: 920110
              ->  Hash  (cost=73925.90..73925.90 rows=1317487 width=4) (actual time=1454.331..1454.331 rows=1399348 loops=1)
                    Buckets: 131072  Batches: 32  Memory Usage: 2563kB
                    ->  Seq Scan on title t  (cost=0.00..73925.90 rows=1317487 width=4) (actual time=0.011..1045.089 rows=1399348 loops=1)
                          Filter: ((production_year > 1964) AND (kind_id = 7))
                          Rows Removed by Filter: 1128964
Planning time: 1.239 ms
Execution time: 6618.676 ms
