Hash Join  (cost=52284.99..803089.06 rows=1490 width=0) (actual time=760.508..12940.159 rows=71 loops=1)
  Hash Cond: (ci.movie_id = t.id)
  ->  Seq Scan on cast_info ci  (cost=0.00..614943.12 rows=36225612 width=4) (actual time=0.021..5948.404 rows=36244344 loops=1)
  ->  Hash  (cost=52283.69..52283.69 rows=104 width=8) (actual time=454.120..454.120 rows=6 loops=1)
        Buckets: 1024  Batches: 1  Memory Usage: 9kB
        ->  Nested Loop  (cost=0.43..52283.69 rows=104 width=8) (actual time=3.794..454.109 rows=6 loops=1)
              ->  Seq Scan on movie_companies mc  (cost=0.00..51404.11 rows=104 width=4) (actual time=3.729..453.849 rows=6 loops=1)
                    Filter: (company_id = 59727)
                    Rows Removed by Filter: 2609123
              ->  Index Only Scan using title_pkey on title t  (cost=0.43..8.45 rows=1 width=4) (actual time=0.036..0.037 rows=1 loops=6)
                    Index Cond: (id = mc.movie_id)
                    Heap Fetches: 6
Planning time: 1.171 ms
Execution time: 12940.325 ms
