Hash Join  (cost=102767.86..173033.71 rows=373276 width=0) (actual time=1583.938..3067.705 rows=377070 loops=1)
  Hash Cond: (mc.movie_id = t.id)
  ->  Seq Scan on movie_companies mc  (cost=0.00..51404.11 rows=373276 width=4) (actual time=0.027..735.229 rows=377070 loops=1)
        Filter: (company_id > 84725)
        Rows Removed by Filter: 2232059
  ->  Hash  (cost=61283.27..61283.27 rows=2528527 width=4) (actual time=1582.868..1582.868 rows=2528312 loops=1)
        Buckets: 131072  Batches: 64  Memory Usage: 2415kB
        ->  Seq Scan on title t  (cost=0.00..61283.27 rows=2528527 width=4) (actual time=0.013..769.140 rows=2528312 loops=1)
Planning time: 0.711 ms
Execution time: 3116.389 ms
