Hash Join  (cost=163650.54..537718.72 rows=261105 width=0) (actual time=3984.754..8317.547 rows=752152 loops=1)
  Hash Cond: (mi.movie_id = t.id)
  ->  Seq Scan on movie_info mi  (cost=0.00..346232.03 rows=2073893 width=4) (actual time=907.229..3973.917 rows=2091068 loops=1)
        Filter: (info_type_id < 3)
        Rows Removed by Filter: 12744652
  ->  Hash  (cost=158427.24..158427.24 rows=318344 width=8) (actual time=3076.771..3076.771 rows=420089 loops=1)
        Buckets: 131072  Batches: 8  Memory Usage: 3053kB
        ->  Hash Join  (cost=78988.28..158427.24 rows=318344 width=8) (actual time=996.672..2951.719 rows=420089 loops=1)
              Hash Cond: (mc.movie_id = t.id)
              ->  Seq Scan on movie_companies mc  (cost=0.00..44881.29 rows=2609129 width=4) (actual time=0.011..691.465 rows=2609129 loops=1)
              ->  Hash  (cost=73925.90..73925.90 rows=308510 width=4) (actual time=995.615..995.615 rows=266599 loops=1)
                    Buckets: 131072  Batches: 8  Memory Usage: 2191kB
                    ->  Seq Scan on title t  (cost=0.00..73925.90 rows=308510 width=4) (actual time=0.129..905.897 rows=266599 loops=1)
                          Filter: ((kind_id < 7) AND (production_year > 2007))
                          Rows Removed by Filter: 2261713
Planning time: 1.163 ms
Execution time: 8410.789 ms
