Hash Join  (cost=166074.35..663933.51 rows=1691924 width=0) (actual time=2807.524..22747.333 rows=32157484 loops=1)
  Hash Cond: (mi.movie_id = t.id)
  ->  Seq Scan on movie_info mi  (cost=0.00..309384.22 rows=14739122 width=4) (actual time=0.027..4142.888 rows=14835720 loops=1)
  ->  Hash  (cost=161312.18..161312.18 rows=290253 width=8) (actual time=2806.567..2806.567 rows=679343 loops=1)
        Buckets: 131072 (originally 131072)  Batches: 16 (originally 4)  Memory Usage: 3073kB
        ->  Hash Join  (cost=86252.72..161312.18 rows=290253 width=8) (actual time=1077.204..2628.578 rows=679343 loops=1)
              Hash Cond: (mc.movie_id = t.id)
              ->  Seq Scan on movie_companies mc  (cost=0.00..57926.93 rows=976800 width=4) (actual time=3.107..919.484 rows=831612 loops=1)
                    Filter: ((company_id > 741) AND (company_type_id = 1))
                    Rows Removed by Filter: 1777517
              ->  Hash  (cost=73925.90..73925.90 rows=751345 width=4) (actual time=1073.191..1073.191 rows=793943 loops=1)
                    Buckets: 131072  Batches: 16  Memory Usage: 2771kB
                    ->  Seq Scan on title t  (cost=0.00..73925.90 rows=751345 width=4) (actual time=0.027..856.965 rows=793943 loops=1)
                          Filter: ((kind_id < 7) AND (production_year < 2010))
                          Rows Removed by Filter: 1734369
Planning time: 1.167 ms
Execution time: 26269.908 ms
