Hash Join  (cost=102767.86..1143841.17 rows=9771331 width=0) (actual time=1517.854..25659.063 rows=12670688 loops=1)
  Hash Cond: (ci.movie_id = t.id)
  ->  Seq Scan on cast_info ci  (cost=0.00..796071.18 rows=9771331 width=4) (actual time=0.016..14039.923 rows=12670688 loops=1)
        Filter: ((person_id < 2845912) AND (role_id < 2))
        Rows Removed by Filter: 23573656
  ->  Hash  (cost=61283.27..61283.27 rows=2528527 width=4) (actual time=1516.285..1516.285 rows=2528312 loops=1)
        Buckets: 131072  Batches: 64  Memory Usage: 2415kB
        ->  Seq Scan on title t  (cost=0.00..61283.27 rows=2528527 width=4) (actual time=0.020..755.656 rows=2528312 loops=1)
Planning time: 0.585 ms
Execution time: 27028.686 ms
