Hash Join  (cost=234427.15..1374448.24 rows=15891468 width=0) (actual time=3963.111..29238.245 rows=17440781 loops=1)
  Hash Cond: (ci.movie_id = t.id)
  ->  Seq Scan on cast_info ci  (cost=0.00..705507.15 rows=20924652 width=4) (actual time=0.017..11375.492 rows=20799420 loops=1)
        Filter: (person_id < 2095763)
        Rows Removed by Filter: 15444924
  ->  Hash  (cost=202921.16..202921.16 rows=1920319 width=8) (actual time=3962.048..3962.048 rows=1301439 loops=1)
        Buckets: 131072  Batches: 32  Memory Usage: 2584kB
        ->  Hash Join  (cost=98137.04..202921.16 rows=1920319 width=8) (actual time=1394.843..3669.971 rows=1301439 loops=1)
              Hash Cond: (mc.movie_id = t.id)
              ->  Seq Scan on movie_companies mc  (cost=0.00..44881.29 rows=2609129 width=4) (actual time=0.021..630.722 rows=2609129 loops=1)
              ->  Hash  (cost=67604.59..67604.59 rows=1860996 width=4) (actual time=1393.885..1393.885 rows=1865487 loops=1)
                    Buckets: 131072  Batches: 32  Memory Usage: 3079kB
                    ->  Seq Scan on title t  (cost=0.00..67604.59 rows=1860996 width=4) (actual time=0.019..852.495 rows=1865487 loops=1)
                          Filter: (kind_id > 1)
                          Rows Removed by Filter: 662825
Planning time: 1.203 ms
Execution time: 31118.575 ms
