Hash Join  (cost=263115.61..1249752.46 rows=7633821 width=0) (actual time=6657.144..29714.581 rows=24161498 loops=1)
  Hash Cond: (ci.movie_id = t.id)
  ->  Seq Scan on cast_info ci  (cost=0.00..796071.18 rows=7397995 width=4) (actual time=1040.934..13435.846 rows=8358740 loops=1)
        Filter: ((person_id > 759662) AND (role_id > 4))
        Rows Removed by Filter: 27885604
  ->  Hash  (cost=220309.49..220309.49 rows=2609129 width=8) (actual time=5615.296..5615.296 rows=2609129 loops=1)
        Buckets: 131072  Batches: 64  Memory Usage: 2610kB
        ->  Hash Join  (cost=102767.86..220309.49 rows=2609129 width=8) (actual time=1707.071..4921.089 rows=2609129 loops=1)
              Hash Cond: (mc.movie_id = t.id)
              ->  Seq Scan on movie_companies mc  (cost=0.00..44881.29 rows=2609129 width=4) (actual time=0.035..722.120 rows=2609129 loops=1)
              ->  Hash  (cost=61283.27..61283.27 rows=2528527 width=4) (actual time=1706.094..1706.094 rows=2528312 loops=1)
                    Buckets: 131072  Batches: 64  Memory Usage: 2415kB
                    ->  Seq Scan on title t  (cost=0.00..61283.27 rows=2528527 width=4) (actual time=0.015..871.992 rows=2528312 loops=1)
Planning time: 1.829 ms
Execution time: 32357.672 ms
