Seq Scan on movie_keyword mk  (cost=0.00..81003.12 rows=2795145 width=0) (actual time=0.025..1264.012 rows=2784537 loops=1)
  Filter: (keyword_id < 8083)
  Rows Removed by Filter: 1739393
Planning time: 0.304 ms
Execution time: 1630.366 ms
