Hash Join  (cost=88025.26..130319.82 rows=312366 width=0) (actual time=3898.462..6065.479 rows=549818 loops=1)
  Hash Cond: (mi_idx.movie_id = t.id)
  ->  Seq Scan on movie_info_idx mi_idx  (cost=0.00..25185.44 rows=919057 width=4) (actual time=0.025..1348.872 rows=920110 loops=1)
        Filter: (info_type_id > 99)
        Rows Removed by Filter: 459925
  ->  Hash  (cost=73925.90..73925.90 rows=859388 width=4) (actual time=3897.756..3897.756 rows=774344 loops=1)
        Buckets: 131072  Batches: 16  Memory Usage: 2728kB
        ->  Seq Scan on title t  (cost=0.00..73925.90 rows=859388 width=4) (actual time=0.025..3600.703 rows=774344 loops=1)
              Filter: ((kind_id < 7) AND (production_year > 1961))
              Rows Removed by Filter: 1753968
Planning time: 2.988 ms
Execution time: 6133.296 ms
