Hash Join  (cost=185066.38..223581.04 rows=130176 width=0) (actual time=2921.941..3781.989 rows=170547 loops=1)
  Hash Cond: (mi_idx.movie_id = t.id)
  ->  Seq Scan on movie_info_idx mi_idx  (cost=0.00..25185.44 rows=919057 width=4) (actual time=0.022..446.625 rows=920110 loops=1)
        Filter: (info_type_id > 99)
        Rows Removed by Filter: 459925
  ->  Hash  (cost=179190.60..179190.60 rows=358142 width=8) (actual time=2920.896..2920.896 rows=198489 loops=1)
        Buckets: 131072  Batches: 8  Memory Usage: 2003kB
        ->  Hash Join  (cost=102767.86..179190.60 rows=358142 width=8) (actual time=1801.686..2863.426 rows=198489 loops=1)
              Hash Cond: (mc.movie_id = t.id)
              ->  Seq Scan on movie_companies mc  (cost=0.00..57926.93 rows=358142 width=4) (actual time=189.665..699.208 rows=198489 loops=1)
                    Filter: ((company_id < 1284) AND (company_type_id > 1))
                    Rows Removed by Filter: 2410640
              ->  Hash  (cost=61283.27..61283.27 rows=2528527 width=4) (actual time=1610.723..1610.723 rows=2528312 loops=1)
                    Buckets: 131072  Batches: 64  Memory Usage: 2415kB
                    ->  Seq Scan on title t  (cost=0.00..61283.27 rows=2528527 width=4) (actual time=0.009..788.036 rows=2528312 loops=1)
Planning time: 1.194 ms
Execution time: 3798.971 ms
