Nested Loop  (cost=0.43..52283.69 rows=104 width=0) (actual time=169.384..672.711 rows=227 loops=1)
  ->  Seq Scan on movie_companies mc  (cost=0.00..51404.11 rows=104 width=4) (actual time=169.289..665.699 rows=227 loops=1)
        Filter: (company_id = 4419)
        Rows Removed by Filter: 2608902
  ->  Index Only Scan using title_pkey on title t  (cost=0.43..8.45 rows=1 width=4) (actual time=0.029..0.030 rows=1 loops=227)
        Index Cond: (id = mc.movie_id)
        Heap Fetches: 227
Planning time: 0.698 ms
Execution time: 672.842 ms
