Seq Scan on movie_keyword mk  (cost=0.00..81003.12 rows=48782 width=0) (actual time=90.699..840.695 rows=45189 loops=1)
  Filter: (keyword_id > 101948)
  Rows Removed by Filter: 4478741
Planning time: 0.311 ms
Execution time: 847.484 ms
