Hash Join  (cost=83074.74..142505.02 rows=39 width=0) (actual time=1071.465..1949.073 rows=6809 loops=1)
  Hash Cond: (mc.movie_id = t.id)
  ->  Seq Scan on movie_companies mc  (cost=0.00..57926.93 rows=400787 width=4) (actual time=0.014..780.164 rows=574830 loops=1)
        Filter: ((company_id < 1855) AND (company_type_id = 1))
        Rows Removed by Filter: 2034299
  ->  Hash  (cost=83071.67..83071.67 rows=246 width=8) (actual time=1071.132..1071.132 rows=1893 loops=1)
        Buckets: 2048 (originally 1024)  Batches: 1 (originally 1)  Memory Usage: 90kB
        ->  Nested Loop  (cost=0.43..83071.67 rows=246 width=8) (actual time=0.625..1069.791 rows=1893 loops=1)
              ->  Seq Scan on movie_keyword mk  (cost=0.00..81003.12 rows=246 width=4) (actual time=0.578..1033.292 rows=1893 loops=1)
                    Filter: (keyword_id = 2727)
                    Rows Removed by Filter: 4522037
              ->  Index Only Scan using title_pkey on title t  (cost=0.43..8.40 rows=1 width=4) (actual time=0.018..0.018 rows=1 loops=1893)
                    Index Cond: (id = mk.movie_id)
                    Heap Fetches: 1893
Planning time: 1.132 ms
Execution time: 1950.185 ms
