Hash Join  (cost=92883.59..892249.41 rows=2831145 width=0) (actual time=1398.654..13748.357 rows=2762893 loops=1)
  Hash Cond: (ci.movie_id = t.id)
  ->  Seq Scan on cast_info ci  (cost=0.00..705507.15 rows=4646045 width=4) (actual time=0.014..8972.311 rows=4686532 loops=1)
        Filter: (person_id > 3212917)
        Rows Removed by Filter: 31557812
  ->  Hash  (cost=67604.59..67604.59 rows=1540800 width=4) (actual time=1397.185..1397.185 rows=1543264 loops=1)
        Buckets: 131072  Batches: 32  Memory Usage: 2722kB
        ->  Seq Scan on title t  (cost=0.00..67604.59 rows=1540800 width=4) (actual time=168.347..918.423 rows=1543264 loops=1)
              Filter: (kind_id = 7)
              Rows Removed by Filter: 985048
Planning time: 0.769 ms
Execution time: 14081.330 ms
