Seq Scan on movie_companies mc  (cost=0.00..51404.11 rows=104 width=0) (actual time=227.795..2081.231 rows=499 loops=1)
  Filter: (company_id = 385)
  Rows Removed by Filter: 2608630
Planning time: 0.385 ms
Execution time: 2081.503 ms
