Seq Scan on movie_keyword mk  (cost=0.00..81003.12 rows=1948767 width=0) (actual time=0.014..1130.372 rows=1960052 loops=1)
  Filter: (keyword_id < 3416)
  Rows Removed by Filter: 2563878
Planning time: 0.314 ms
Execution time: 1364.757 ms
