Hash Join  (cost=73929.67..424934.99 rows=151 width=0) (actual time=786.588..4877.743 rows=1461 loops=1)
  Hash Cond: (mi.movie_id = t.id)
  ->  Seq Scan on movie_info mi  (cost=0.00..346232.03 rows=1272478 width=4) (actual time=0.022..3887.034 rows=1325361 loops=1)
        Filter: (info_type_id = 8)
        Rows Removed by Filter: 13510359
  ->  Hash  (cost=73925.90..73925.90 rows=301 width=4) (actual time=786.487..786.487 rows=1407 loops=1)
        Buckets: 2048 (originally 1024)  Batches: 1 (originally 1)  Memory Usage: 66kB
        ->  Seq Scan on title t  (cost=0.00..73925.90 rows=301 width=4) (actual time=162.565..785.690 rows=1407 loops=1)
              Filter: ((kind_id = 3) AND (production_year = 1981))
              Rows Removed by Filter: 2526905
Planning time: 0.802 ms
Execution time: 4878.161 ms
