Seq Scan on cast_info ci  (cost=0.00..796071.18 rows=224 width=0) (actual time=4267.469..10027.709 rows=1907 loops=1)
  Filter: ((role_id > 2) AND (person_id = 2031507))
  Rows Removed by Filter: 36242437
Planning time: 0.432 ms
Execution time: 10028.102 ms
