Seq Scan on title t  (cost=0.00..73925.90 rows=24191 width=0) (actual time=74.831..1814.829 rows=24602 loops=1)
  Filter: ((kind_id = 7) AND (production_year = 1995))
  Rows Removed by Filter: 2503710
Planning time: 0.335 ms
Execution time: 1820.607 ms
