Hash Join  (cost=709678.15..736591.36 rows=273 width=0) (actual time=8567.468..8898.910 rows=18 loops=1)
  Hash Cond: (mi_idx.movie_id = t.id)
  ->  Seq Scan on movie_info_idx mi_idx  (cost=0.00..21735.35 rows=1380035 width=4) (actual time=0.019..213.267 rows=1380035 loops=1)
  ->  Hash  (cost=709671.90..709671.90 rows=500 width=8) (actual time=8455.435..8455.435 rows=12 loops=1)
        Buckets: 1024  Batches: 1  Memory Usage: 9kB
        ->  Nested Loop  (cost=0.43..709671.90 rows=500 width=8) (actual time=447.821..8455.389 rows=12 loops=1)
              ->  Seq Scan on cast_info ci  (cost=0.00..705507.15 rows=500 width=4) (actual time=447.725..8455.007 rows=12 loops=1)
                    Filter: (person_id = 2710214)
                    Rows Removed by Filter: 36244332
              ->  Index Only Scan using title_pkey on title t  (cost=0.43..8.32 rows=1 width=4) (actual time=0.024..0.025 rows=1 loops=12)
                    Index Cond: (id = ci.movie_id)
                    Heap Fetches: 12
Planning time: 1.194 ms
Execution time: 8898.999 ms
