Hash Join  (cost=84005.63..1170876.43 rows=6580767 width=0) (actual time=1107.254..25769.802 rows=6118180 loops=1)
  Hash Cond: (ci.movie_id = t.id)
  ->  Seq Scan on cast_info ci  (cost=0.00..705507.15 rows=27083729 width=4) (actual time=0.024..12078.013 rows=27099839 loops=1)
        Filter: (person_id < 2784547)
        Rows Removed by Filter: 9144505
  ->  Hash  (cost=73925.90..73925.90 rows=614378 width=4) (actual time=1106.007..1106.007 rows=520376 loops=1)
        Buckets: 131072  Batches: 16  Memory Usage: 2162kB
        ->  Seq Scan on title t  (cost=0.00..73925.90 rows=614378 width=4) (actual time=0.020..944.966 rows=520376 loops=1)
              Filter: ((kind_id < 7) AND (production_year > 1996))
              Rows Removed by Filter: 2007936
Planning time: 0.813 ms
Execution time: 26325.951 ms
