Seq Scan on movie_keyword mk  (cost=0.00..81003.12 rows=1861933 width=0) (actual time=0.026..890.404 rows=1867406 loops=1)
  Filter: (keyword_id > 7373)
  Rows Removed by Filter: 2656524
Planning time: 0.257 ms
Execution time: 1066.736 ms
