Hash Join  (cost=92883.59..176359.40 rows=839687 width=0) (actual time=2330.191..3155.404 rows=199032 loops=1)
  Hash Cond: (mc.movie_id = t.id)
  ->  Seq Scan on movie_companies mc  (cost=0.00..51404.11 rows=1377966 width=4) (actual time=0.012..836.779 rows=1389955 loops=1)
        Filter: (company_id > 11137)
        Rows Removed by Filter: 1219174
  ->  Hash  (cost=67604.59..67604.59 rows=1540800 width=4) (actual time=1424.098..1424.098 rows=1543264 loops=1)
        Buckets: 131072  Batches: 32  Memory Usage: 2722kB
        ->  Seq Scan on title t  (cost=0.00..67604.59 rows=1540800 width=4) (actual time=157.354..946.710 rows=1543264 loops=1)
              Filter: (kind_id = 7)
              Rows Removed by Filter: 985048
Planning time: 0.703 ms
Execution time: 3175.072 ms
