Seq Scan on movie_companies mc  (cost=0.00..51404.11 rows=104 width=0) (actual time=31.725..622.730 rows=17 loops=1)
  Filter: (company_id = 21064)
  Rows Removed by Filter: 2609112
Planning time: 0.419 ms
Execution time: 622.818 ms
