Seq Scan on movie_keyword mk  (cost=0.00..81003.12 rows=3878682 width=0) (actual time=0.020..1318.822 rows=3868236 loops=1)
  Filter: (keyword_id < 28650)
  Rows Removed by Filter: 655694
Planning time: 0.268 ms
Execution time: 1814.280 ms
