Seq Scan on movie_companies mc  (cost=0.00..51404.11 rows=1371343 width=0) (actual time=0.012..753.641 rows=1356997 loops=1)
  Filter: (company_id < 11661)
  Rows Removed by Filter: 1252132
Planning time: 0.340 ms
Execution time: 925.842 ms
