Seq Scan on movie_keyword mk  (cost=0.00..81003.12 rows=246 width=0) (actual time=45.830..1048.772 rows=8 loops=1)
  Filter: (keyword_id = 80097)
  Rows Removed by Filter: 4523922
Planning time: 0.355 ms
Execution time: 1048.906 ms
