Hash Join  (cost=97066.09..214361.68 rows=1044074 width=0) (actual time=1587.346..4104.688 rows=1269384 loops=1)
  Hash Cond: (mk.movie_id = t.id)
  ->  Seq Scan on movie_keyword mk  (cost=0.00..81003.12 rows=1470145 width=4) (actual time=0.016..1172.787 rows=1487974 loops=1)
        Filter: (keyword_id < 2130)
        Rows Removed by Filter: 3035956
  ->  Hash  (cost=67604.59..67604.59 rows=1795720 width=4) (actual time=1586.149..1586.149 rows=1794153 loops=1)
        Buckets: 131072  Batches: 32  Memory Usage: 3001kB
        ->  Seq Scan on title t  (cost=0.00..67604.59 rows=1795720 width=4) (actual time=0.026..999.599 rows=1794153 loops=1)
              Filter: (production_year < 2009)
              Rows Removed by Filter: 734159
Planning time: 0.785 ms
Execution time: 4258.901 ms
