Seq Scan on cast_info ci  (cost=0.00..705507.15 rows=2503169 width=0) (actual time=2893.481..8804.502 rows=2549317 loops=1)
  Filter: (person_id > 3565182)
  Rows Removed by Filter: 33695027
Planning time: 0.313 ms
Execution time: 9137.992 ms
