Seq Scan on movie_keyword mk  (cost=0.00..81003.12 rows=2344422 width=0) (actual time=0.022..1359.306 rows=2344428 loops=1)
  Filter: (keyword_id < 5218)
  Rows Removed by Filter: 2179502
Planning time: 0.327 ms
Execution time: 1638.834 ms
