Hash Join  (cost=52284.99..79196.04 rows=57 width=0) (actual time=706.797..988.270 rows=75 loops=1)
  Hash Cond: (mi_idx.movie_id = t.id)
  ->  Seq Scan on movie_info_idx mi_idx  (cost=0.00..21735.35 rows=1380035 width=4) (actual time=0.011..188.983 rows=1380035 loops=1)
  ->  Hash  (cost=52283.69..52283.69 rows=104 width=8) (actual time=580.169..580.169 rows=284 loops=1)
        Buckets: 1024  Batches: 1  Memory Usage: 20kB
        ->  Nested Loop  (cost=0.43..52283.69 rows=104 width=8) (actual time=3.530..580.100 rows=284 loops=1)
              ->  Seq Scan on movie_companies mc  (cost=0.00..51404.11 rows=104 width=4) (actual time=3.481..577.833 rows=284 loops=1)
                    Filter: (company_id = 76567)
                    Rows Removed by Filter: 2608845
              ->  Index Only Scan using title_pkey on title t  (cost=0.43..8.45 rows=1 width=4) (actual time=0.007..0.008 rows=1 loops=284)
                    Index Cond: (id = mc.movie_id)
                    Heap Fetches: 284
Planning time: 0.662 ms
Execution time: 988.364 ms
