Hash Join  (cost=92883.59..245998.61 rows=2130205 width=0) (actual time=3138.685..4631.768 rows=473979 loops=1)
  Hash Cond: (mk.movie_id = t.id)
  ->  Seq Scan on movie_keyword mk  (cost=0.00..81003.12 rows=3495769 width=4) (actual time=0.016..1410.372 rows=3490725 loops=1)
        Filter: (keyword_id < 17222)
        Rows Removed by Filter: 1033205
  ->  Hash  (cost=67604.59..67604.59 rows=1540800 width=4) (actual time=1443.571..1443.571 rows=1543264 loops=1)
        Buckets: 131072  Batches: 32  Memory Usage: 2728kB
        ->  Seq Scan on title t  (cost=0.00..67604.59 rows=1540800 width=4) (actual time=0.063..934.325 rows=1543264 loops=1)
              Filter: (kind_id = 7)
              Rows Removed by Filter: 985048
Planning time: 0.727 ms
Execution time: 4681.115 ms
