Seq Scan on movie_keyword mk  (cost=0.00..81003.12 rows=246 width=0) (actual time=4.036..1042.274 rows=180 loops=1)
  Filter: (keyword_id = 330)
  Rows Removed by Filter: 4523750
Planning time: 0.379 ms
Execution time: 1042.440 ms
