Seq Scan on movie_companies mc  (cost=0.00..51404.11 rows=1761125 width=0) (actual time=0.016..818.182 rows=1766139 loops=1)
  Filter: (company_id > 2248)
  Rows Removed by Filter: 842990
Planning time: 0.313 ms
Execution time: 1044.443 ms
