Hash Join  (cost=73950.44..160643.60 rows=3512 width=0) (actual time=916.183..2274.269 rows=3424 loops=1)
  Hash Cond: (mk.movie_id = t.id)
  ->  Seq Scan on movie_keyword mk  (cost=0.00..69693.30 rows=4523930 width=4) (actual time=0.020..636.706 rows=4523930 loops=1)
  ->  Hash  (cost=73925.90..73925.90 rows=1963 width=4) (actual time=914.887..914.887 rows=8125 loops=1)
        Buckets: 8192 (originally 2048)  Batches: 1 (originally 1)  Memory Usage: 350kB
        ->  Seq Scan on title t  (cost=0.00..73925.90 rows=1963 width=4) (actual time=97.387..911.614 rows=8125 loops=1)
              Filter: ((kind_id < 2) AND (production_year = 1914))
              Rows Removed by Filter: 2520187
Planning time: 0.815 ms
Execution time: 2274.909 ms
