Seq Scan on cast_info ci  (cost=0.00..705507.15 rows=20137777 width=0) (actual time=0.026..10097.388 rows=20008922 loops=1)
  Filter: (person_id < 2009647)
  Rows Removed by Filter: 16235422
Planning time: 0.328 ms
Execution time: 12607.447 ms
