Seq Scan on movie_keyword mk  (cost=0.00..81003.12 rows=1484831 width=0) (actual time=0.026..1190.116 rows=1500742 loops=1)
  Filter: (keyword_id > 10827)
  Rows Removed by Filter: 3023188
Planning time: 0.305 ms
Execution time: 1384.925 ms
