Seq Scan on movie_keyword mk  (cost=0.00..81003.12 rows=1827613 width=0) (actual time=0.025..1187.070 rows=1834426 loops=1)
  Filter: (keyword_id < 3027)
  Rows Removed by Filter: 2689504
Planning time: 0.353 ms
Execution time: 1426.256 ms
