Hash Join  (cost=189646.28..687734.95 rows=1713373 width=0) (actual time=3684.028..25483.913 rows=40399291 loops=1)
  Hash Cond: (mi.movie_id = t.id)
  ->  Seq Scan on movie_info mi  (cost=0.00..309384.22 rows=14739122 width=4) (actual time=0.018..6163.522 rows=14835720 loops=1)
  ->  Hash  (cost=184823.11..184823.11 rows=293933 width=8) (actual time=3682.558..3682.558 rows=576101 loops=1)
        Buckets: 131072 (originally 131072)  Batches: 8 (originally 4)  Memory Usage: 3935kB
        ->  Hash Join  (cost=86956.38..184823.11 rows=293933 width=8) (actual time=1437.443..3503.086 rows=576101 loops=1)
              Hash Cond: (mk.movie_id = t.id)
              ->  Seq Scan on movie_keyword mk  (cost=0.00..81003.12 rows=935808 width=4) (actual time=0.018..1346.988 rows=944386 loops=1)
                    Filter: (keyword_id > 20095)
                    Rows Removed by Filter: 3579544
              ->  Hash  (cost=73925.90..73925.90 rows=794198 width=4) (actual time=1435.806..1435.806 rows=707863 loops=1)
                    Buckets: 131072  Batches: 16  Memory Usage: 2588kB
                    ->  Seq Scan on title t  (cost=0.00..73925.90 rows=794198 width=4) (actual time=0.023..1209.197 rows=707863 loops=1)
                          Filter: ((kind_id < 7) AND (production_year > 1973))
                          Rows Removed by Filter: 1820449
Planning time: 1.228 ms
Execution time: 29909.970 ms
