Nested Loop  (cost=0.43..797556.14 rows=69 width=0) (actual time=5439.551..8118.130 rows=1 loops=1)
  ->  Seq Scan on cast_info ci  (cost=0.00..796071.18 rows=176 width=4) (actual time=5439.431..8118.004 rows=1 loops=1)
        Filter: ((person_id = 420330) AND (role_id = 1))
        Rows Removed by Filter: 36244343
  ->  Index Scan using title_pkey on title t  (cost=0.43..8.43 rows=1 width=4) (actual time=0.065..0.066 rows=1 loops=1)
        Index Cond: (id = ci.movie_id)
        Filter: (kind_id < 7)
Planning time: 0.793 ms
Execution time: 8118.223 ms
