Hash Join  (cost=102767.86..196669.80 rows=1084493 width=0) (actual time=1912.128..3934.028 rows=1211307 loops=1)
  Hash Cond: (mc.movie_id = t.id)
  ->  Seq Scan on movie_companies mc  (cost=0.00..57926.93 rows=1084493 width=4) (actual time=254.896..890.144 rows=1211307 loops=1)
        Filter: ((company_id > 419) AND (company_type_id > 1))
        Rows Removed by Filter: 1397822
  ->  Hash  (cost=61283.27..61283.27 rows=2528527 width=4) (actual time=1655.952..1655.952 rows=2528312 loops=1)
        Buckets: 131072  Batches: 64  Memory Usage: 2415kB
        ->  Seq Scan on title t  (cost=0.00..61283.27 rows=2528527 width=4) (actual time=0.016..790.293 rows=2528312 loops=1)
Planning time: 0.772 ms
Execution time: 4093.531 ms
