Hash Join  (cost=102767.86..959282.74 rows=2101397 width=0) (actual time=8353.853..14407.092 rows=4261698 loops=1)
  Hash Cond: (ci.movie_id = t.id)
  ->  Seq Scan on cast_info ci  (cost=0.00..796071.18 rows=2101397 width=4) (actual time=6900.683..9444.033 rows=4261698 loops=1)
        Filter: ((person_id < 570117) AND (role_id = 1))
        Rows Removed by Filter: 31982646
  ->  Hash  (cost=61283.27..61283.27 rows=2528527 width=4) (actual time=1451.666..1451.666 rows=2528312 loops=1)
        Buckets: 131072  Batches: 64  Memory Usage: 2415kB
        ->  Seq Scan on title t  (cost=0.00..61283.27 rows=2528527 width=4) (actual time=0.020..682.159 rows=2528312 loops=1)
Planning time: 0.777 ms
Execution time: 14886.284 ms
