Hash Join  (cost=83810.17..162377.43 rows=423745 width=0) (actual time=1204.388..2760.616 rows=857278 loops=1)
  Hash Cond: (mc.movie_id = t.id)
  ->  Seq Scan on movie_companies mc  (cost=0.00..57926.93 rows=1084765 width=4) (actual time=0.026..789.717 rows=971354 loops=1)
        Filter: ((company_id > 240) AND (company_type_id = 1))
        Rows Removed by Filter: 1637775
  ->  Hash  (cost=67604.59..67604.59 rows=987727 width=4) (actual time=1203.471..1203.471 rows=985048 loops=1)
        Buckets: 131072  Batches: 16  Memory Usage: 3188kB
        ->  Seq Scan on title t  (cost=0.00..67604.59 rows=987727 width=4) (actual time=0.020..898.769 rows=985048 loops=1)
              Filter: (kind_id < 7)
              Rows Removed by Filter: 1543264
Planning time: 0.751 ms
Execution time: 2840.528 ms
