Seq Scan on movie_keyword mk  (cost=0.00..81003.12 rows=3456438 width=0) (actual time=0.024..1149.180 rows=3447757 loops=1)
  Filter: (keyword_id > 1080)
  Rows Removed by Filter: 1076173
Planning time: 0.326 ms
Execution time: 1543.764 ms
