Hash Join  (cost=178826.15..1014480.01 rows=252874 width=0) (actual time=11123.194..12186.775 rows=113 loops=1)
  Hash Cond: (ci.movie_id = t.id)
  ->  Seq Scan on cast_info ci  (cost=0.00..796071.18 rows=3135717 width=4) (actual time=0.703..9432.777 rows=2709 loops=1)
        Filter: ((person_id < 1522631) AND (role_id = 2))
        Rows Removed by Filter: 36241635
  ->  Hash  (cost=175480.30..175480.30 rows=203908 width=8) (actual time=2740.302..2740.302 rows=94196 loops=1)
        Buckets: 131072  Batches: 4  Memory Usage: 1949kB
        ->  Hash Join  (cost=102767.86..175480.30 rows=203908 width=8) (actual time=1842.786..2714.775 rows=94196 loops=1)
              Hash Cond: (mc.movie_id = t.id)
              ->  Seq Scan on movie_companies mc  (cost=0.00..57926.93 rows=203908 width=4) (actual time=79.660..578.174 rows=94196 loops=1)
                    Filter: ((company_id < 252) AND (company_type_id = 2))
                    Rows Removed by Filter: 2514933
              ->  Hash  (cost=61283.27..61283.27 rows=2528527 width=4) (actual time=1761.759..1761.759 rows=2528312 loops=1)
                    Buckets: 131072  Batches: 64  Memory Usage: 2415kB
                    ->  Seq Scan on title t  (cost=0.00..61283.27 rows=2528527 width=4) (actual time=0.024..706.956 rows=2528312 loops=1)
Planning time: 0.860 ms
Execution time: 12187.234 ms
