Hash Join  (cost=190230.21..321346.72 rows=1434096 width=0) (actual time=2989.881..6596.690 rows=6025676 loops=1)
  Hash Cond: (mk.movie_id = t.id)
  ->  Seq Scan on movie_keyword mk  (cost=0.00..81003.12 rows=2627578 width=4) (actual time=0.023..1225.526 rows=2617961 loops=1)
        Filter: (keyword_id < 7087)
        Rows Removed by Filter: 1905969
  ->  Hash  (cost=167588.78..167588.78 rows=1380035 width=8) (actual time=2988.911..2988.911 rows=1380035 loops=1)
        Buckets: 131072  Batches: 32  Memory Usage: 2726kB
        ->  Hash Join  (cost=102767.86..167588.78 rows=1380035 width=8) (actual time=1222.502..2660.711 rows=1380035 loops=1)
              Hash Cond: (mi_idx.movie_id = t.id)
              ->  Seq Scan on movie_info_idx mi_idx  (cost=0.00..21735.35 rows=1380035 width=4) (actual time=0.020..276.655 rows=1380035 loops=1)
              ->  Hash  (cost=61283.27..61283.27 rows=2528527 width=4) (actual time=1221.450..1221.450 rows=2528312 loops=1)
                    Buckets: 131072  Batches: 64  Memory Usage: 2415kB
                    ->  Seq Scan on title t  (cost=0.00..61283.27 rows=2528527 width=4) (actual time=0.020..587.855 rows=2528312 loops=1)
Planning time: 1.168 ms
Execution time: 7169.160 ms
