Hash Join  (cost=102767.86..961487.32 rows=5956696 width=0) (actual time=1354.953..15323.779 rows=6012871 loops=1)
  Hash Cond: (ci.movie_id = t.id)
  ->  Seq Scan on cast_info ci  (cost=0.00..705507.15 rows=5956696 width=4) (actual time=0.018..9136.981 rows=6012871 loops=1)
        Filter: (person_id > 3046025)
        Rows Removed by Filter: 30231473
  ->  Hash  (cost=61283.27..61283.27 rows=2528527 width=4) (actual time=1353.407..1353.407 rows=2528312 loops=1)
        Buckets: 131072  Batches: 64  Memory Usage: 2415kB
        ->  Seq Scan on title t  (cost=0.00..61283.27 rows=2528527 width=4) (actual time=0.021..659.559 rows=2528312 loops=1)
Planning time: 3.839 ms
Execution time: 15949.057 ms
