Hash Join  (cost=312115.62..1003552.36 rows=15501001 width=0) (actual time=6289.798..40789.559 rows=148941613 loops=1)
  Hash Cond: (mi.movie_id = t.id)
  ->  Seq Scan on movie_info mi  (cost=0.00..346232.03 rows=12665229 width=4) (actual time=289.968..5099.222 rows=12744652 loops=1)
        Filter: (info_type_id > 2)
        Rows Removed by Filter: 2091068
  ->  Hash  (cost=261343.25..261343.25 rows=3094670 width=8) (actual time=5998.537..5998.537 rows=2687336 loops=1)
        Buckets: 131072  Batches: 64  Memory Usage: 2747kB
        ->  Hash Join  (cost=95982.60..261343.25 rows=3094670 width=8) (actual time=1575.176..5288.699 rows=2687336 loops=1)
              Hash Cond: (mk.movie_id = t.id)
              ->  Seq Scan on movie_keyword mk  (cost=0.00..69693.30 rows=4523930 width=4) (actual time=0.042..1013.425 rows=4523930 loops=1)
              ->  Hash  (cost=67604.59..67604.59 rows=1729681 width=4) (actual time=1573.962..1573.962 rows=1725233 loops=1)
                    Buckets: 131072  Batches: 32  Memory Usage: 2931kB
                    ->  Seq Scan on title t  (cost=0.00..67604.59 rows=1729681 width=4) (actual time=0.029..1004.460 rows=1725233 loops=1)
                          Filter: (production_year > 1991)
                          Rows Removed by Filter: 803079
Planning time: 1.173 ms
Execution time: 52841.151 ms
