Seq Scan on cast_info ci  (cost=0.00..705507.15 rows=23675055 width=0) (actual time=0.023..9727.481 rows=23753669 loops=1)
  Filter: (person_id > 1231100)
  Rows Removed by Filter: 12490675
Planning time: 0.310 ms
Execution time: 12589.987 ms
