Hash Join  (cost=709678.15..802227.73 rows=609 width=0) (actual time=8306.515..9617.085 rows=14 loops=1)
  Hash Cond: (mk.movie_id = t.id)
  ->  Seq Scan on movie_keyword mk  (cost=0.00..81003.12 rows=3077430 width=4) (actual time=0.021..1113.941 rows=3065516 loops=1)
        Filter: (keyword_id < 11409)
        Rows Removed by Filter: 1458414
  ->  Hash  (cost=709671.90..709671.90 rows=500 width=8) (actual time=8118.287..8118.287 rows=148 loops=1)
        Buckets: 1024  Batches: 1  Memory Usage: 14kB
        ->  Nested Loop  (cost=0.43..709671.90 rows=500 width=8) (actual time=178.602..8118.180 rows=148 loops=1)
              ->  Seq Scan on cast_info ci  (cost=0.00..705507.15 rows=500 width=4) (actual time=178.514..8115.780 rows=148 loops=1)
                    Filter: (person_id = 2801157)
                    Rows Removed by Filter: 36244196
              ->  Index Only Scan using title_pkey on title t  (cost=0.43..8.32 rows=1 width=4) (actual time=0.015..0.015 rows=1 loops=148)
                    Index Cond: (id = ci.movie_id)
                    Heap Fetches: 148
Planning time: 1.194 ms
Execution time: 9617.190 ms
