Hash Join  (cost=94531.42..845372.16 rows=5161 width=0) (actual time=2249.753..16970.221 rows=42 loops=1)
  Hash Cond: (ci.movie_id = t.id)
  ->  Seq Scan on cast_info ci  (cost=0.00..614943.12 rows=36225612 width=4) (actual time=0.018..8697.277 rows=36244344 loops=1)
  ->  Hash  (cost=94526.92..94526.92 rows=360 width=8) (actual time=1618.245..1618.245 rows=3 loops=1)
        Buckets: 1024  Batches: 1  Memory Usage: 9kB
        ->  Hash Join  (cost=67612.84..94526.92 rows=360 width=8) (actual time=1188.264..1618.230 rows=3 loops=1)
              Hash Cond: (mi_idx.movie_id = t.id)
              ->  Seq Scan on movie_info_idx mi_idx  (cost=0.00..21735.35 rows=1380035 width=4) (actual time=0.015..313.741 rows=1380035 loops=1)
              ->  Hash  (cost=67604.59..67604.59 rows=660 width=4) (actual time=1037.161..1037.161 rows=3515 loops=1)
                    Buckets: 4096 (originally 1024)  Batches: 1 (originally 1)  Memory Usage: 156kB
                    ->  Seq Scan on title t  (cost=0.00..67604.59 rows=660 width=4) (actual time=0.573..1035.328 rows=3515 loops=1)
                          Filter: (production_year > 2013)
                          Rows Removed by Filter: 2524797
Planning time: 1.218 ms
Execution time: 16970.360 ms
