Hash Join  (cost=102767.86..1011656.39 rows=4277991 width=0) (actual time=1647.472..13513.147 rows=2546960 loops=1)
  Hash Cond: (ci.movie_id = t.id)
  ->  Seq Scan on cast_info ci  (cost=0.00..796071.18 rows=4277991 width=4) (actual time=420.082..9925.012 rows=2546960 loops=1)
        Filter: ((person_id < 1248246) AND (role_id > 3))
        Rows Removed by Filter: 33697384
  ->  Hash  (cost=61283.27..61283.27 rows=2528527 width=4) (actual time=1225.566..1225.566 rows=2528312 loops=1)
        Buckets: 131072  Batches: 64  Memory Usage: 2415kB
        ->  Seq Scan on title t  (cost=0.00..61283.27 rows=2528527 width=4) (actual time=0.014..597.608 rows=2528312 loops=1)
Planning time: 0.748 ms
Execution time: 13779.662 ms
