Hash Join  (cost=102767.86..197885.68 rows=1135070 width=0) (actual time=1435.869..3365.115 rows=949636 loops=1)
  Hash Cond: (mc.movie_id = t.id)
  ->  Seq Scan on movie_companies mc  (cost=0.00..57926.93 rows=1135070 width=4) (actual time=0.019..953.853 rows=949636 loops=1)
        Filter: ((company_id < 83653) AND (company_type_id > 1))
        Rows Removed by Filter: 1659493
  ->  Hash  (cost=61283.27..61283.27 rows=2528527 width=4) (actual time=1434.072..1434.072 rows=2528312 loops=1)
        Buckets: 131072  Batches: 64  Memory Usage: 2415kB
        ->  Seq Scan on title t  (cost=0.00..61283.27 rows=2528527 width=4) (actual time=0.023..674.499 rows=2528312 loops=1)
Planning time: 0.736 ms
Execution time: 3457.919 ms
