Seq Scan on movie_companies mc  (cost=0.00..51404.11 rows=561281 width=0) (actual time=0.014..677.129 rows=556582 loops=1)
  Filter: (company_id < 588)
  Rows Removed by Filter: 2052547
Planning time: 0.309 ms
Execution time: 750.160 ms
