Seq Scan on movie_companies mc  (cost=0.00..57926.93 rows=890021 width=0) (actual time=0.019..846.270 rows=1202091 loops=1)
  Filter: ((company_id < 30328) AND (company_type_id < 2))
  Rows Removed by Filter: 1407038
Planning time: 0.253 ms
Execution time: 992.576 ms
