Hash Join  (cost=89649.84..239262.02 rows=1601372 width=0) (actual time=2118.776..4049.946 rows=396460 loops=1)
  Hash Cond: (mk.movie_id = t.id)
  ->  Seq Scan on movie_keyword mk  (cost=0.00..81003.12 rows=4224889 width=4) (actual time=0.025..1231.821 rows=4206711 loops=1)
        Filter: (keyword_id > 249)
        Rows Removed by Filter: 317219
  ->  Hash  (cost=73925.90..73925.90 rows=958395 width=4) (actual time=1359.535..1359.535 rows=1050192 loops=1)
        Buckets: 131072  Batches: 16  Memory Usage: 3346kB
        ->  Seq Scan on title t  (cost=0.00..73925.90 rows=958395 width=4) (actual time=271.700..1018.464 rows=1050192 loops=1)
              Filter: ((production_year > 1996) AND (kind_id = 7))
              Rows Removed by Filter: 1478120
Planning time: 0.781 ms
Execution time: 4077.383 ms
