Seq Scan on cast_info ci  (cost=0.00..796071.18 rows=12022449 width=0) (actual time=0.019..11107.285 rows=13538272 loops=1)
  Filter: ((person_id > 904481) AND (role_id > 2))
  Rows Removed by Filter: 22706072
Planning time: 0.333 ms
Execution time: 12622.165 ms
