Hash Join  (cost=97151.21..178909.34 rows=597026 width=0) (actual time=1505.460..3056.682 rows=249318 loops=1)
  Hash Cond: (mc.movie_id = t.id)
  ->  Seq Scan on movie_companies mc  (cost=0.00..57926.93 rows=1066383 width=4) (actual time=0.026..864.341 rows=942161 loops=1)
        Filter: ((company_id > 312) AND (company_type_id = 1))
        Rows Removed by Filter: 1666968
  ->  Hash  (cost=73925.90..73925.90 rows=1415624 width=4) (actual time=1504.303..1504.303 rows=1398720 loops=1)
        Buckets: 131072  Batches: 32  Memory Usage: 2560kB
        ->  Seq Scan on title t  (cost=0.00..73925.90 rows=1415624 width=4) (actual time=0.020..1061.452 rows=1398720 loops=1)
              Filter: ((kind_id > 1) AND (production_year < 2010))
              Rows Removed by Filter: 1129592
Planning time: 0.782 ms
Execution time: 3085.591 ms
