Hash Join  (cost=156931.67..538701.88 rows=204 width=0) (actual time=2034.989..7086.408 rows=5963 loops=1)
  Hash Cond: (mi.movie_id = t.id)
  ->  Seq Scan on movie_info mi  (cost=0.00..346232.03 rows=9476311 width=4) (actual time=206.880..3921.522 rows=9565151 loops=1)
        Filter: (info_type_id < 16)
        Rows Removed by Filter: 5270569
  ->  Hash  (cost=156930.99..156930.99 rows=54 width=8) (actual time=1826.996..1826.996 rows=840 loops=1)
        Buckets: 1024  Batches: 1  Memory Usage: 41kB
        ->  Hash Join  (cost=73929.13..156930.99 rows=54 width=8) (actual time=804.512..1826.600 rows=840 loops=1)
              Hash Cond: (mk.movie_id = t.id)
              ->  Seq Scan on movie_keyword mk  (cost=0.00..81003.12 rows=532853 width=4) (actual time=0.027..943.219 rows=521685 loops=1)
                    Filter: (keyword_id > 34696)
                    Rows Removed by Filter: 4002245
              ->  Hash  (cost=73925.90..73925.90 rows=258 width=4) (actual time=803.368..803.368 rows=3378 loops=1)
                    Buckets: 4096 (originally 1024)  Batches: 1 (originally 1)  Memory Usage: 151kB
                    ->  Seq Scan on title t  (cost=0.00..73925.90 rows=258 width=4) (actual time=5.985..801.803 rows=3378 loops=1)
                          Filter: ((kind_id < 7) AND (production_year > 2013))
                          Rows Removed by Filter: 2524934
Planning time: 1.200 ms
Execution time: 7087.440 ms
