Hash Join  (cost=84832.42..119157.45 rows=121193 width=0) (actual time=1257.772..2012.808 rows=72519 loops=1)
  Hash Cond: (mi_idx.movie_id = t.id)
  ->  Seq Scan on movie_info_idx mi_idx  (cost=0.00..25185.44 rows=460978 width=4) (actual time=0.030..406.923 rows=459925 loops=1)
        Filter: (info_type_id < 100)
        Rows Removed by Filter: 920110
  ->  Hash  (cost=73925.90..73925.90 rows=664761 width=4) (actual time=1255.766..1255.766 rows=704326 loops=1)
        Buckets: 131072  Batches: 16  Memory Usage: 2575kB
        ->  Seq Scan on title t  (cost=0.00..73925.90 rows=664761 width=4) (actual time=0.024..1030.739 rows=704326 loops=1)
              Filter: ((kind_id > 1) AND (production_year > 2006))
              Rows Removed by Filter: 1823986
Planning time: 0.718 ms
Execution time: 2022.544 ms
