Hash Join  (cost=102767.86..181898.53 rows=470630 width=0) (actual time=1351.068..2943.833 rows=676435 loops=1)
  Hash Cond: (mc.movie_id = t.id)
  ->  Seq Scan on movie_companies mc  (cost=0.00..57926.93 rows=470630 width=4) (actual time=0.038..821.754 rows=676435 loops=1)
        Filter: ((company_id < 3909) AND (company_type_id = 1))
        Rows Removed by Filter: 1932694
  ->  Hash  (cost=61283.27..61283.27 rows=2528527 width=4) (actual time=1348.703..1348.703 rows=2528312 loops=1)
        Buckets: 131072  Batches: 64  Memory Usage: 2415kB
        ->  Seq Scan on title t  (cost=0.00..61283.27 rows=2528527 width=4) (actual time=0.018..645.834 rows=2528312 loops=1)
Planning time: 0.745 ms
Execution time: 3008.296 ms
