Hash Join  (cost=78350.52..132466.27 rows=13985 width=0) (actual time=1046.737..1633.936 rows=10947 loops=1)
  Hash Cond: (mc.movie_id = t.id)
  ->  Seq Scan on movie_companies mc  (cost=0.00..51404.11 rows=131143 width=4) (actual time=0.304..439.904 rows=134807 loops=1)
        Filter: (company_id < 27)
        Rows Removed by Filter: 2474322
  ->  Hash  (cost=73925.90..73925.90 rows=269649 width=4) (actual time=1044.033..1044.033 rows=382611 loops=1)
        Buckets: 131072 (originally 131072)  Batches: 8 (originally 4)  Memory Usage: 3073kB
        ->  Seq Scan on title t  (cost=0.00..73925.90 rows=269649 width=4) (actual time=0.025..913.805 rows=382611 loops=1)
              Filter: ((kind_id < 7) AND (production_year < 1990))
              Rows Removed by Filter: 2145701
Planning time: 0.717 ms
Execution time: 1635.848 ms
