Hash Join  (cost=319610.36..821617.30 rows=6703421 width=0) (actual time=6968.252..19090.847 rows=30542082 loops=1)
  Hash Cond: (mi.movie_id = t.id)
  ->  Seq Scan on movie_info mi  (cost=0.00..346232.03 rows=5445713 width=4) (actual time=1406.260..3614.776 rows=5410520 loops=1)
        Filter: (info_type_id < 6)
        Rows Removed by Filter: 9425200
  ->  Hash  (cost=268545.11..268545.11 rows=3112500 width=8) (actual time=5556.166..5556.166 rows=3095115 loops=1)
        Buckets: 131072  Batches: 64  Memory Usage: 3016kB
        ->  Hash Join  (cost=102767.86..268545.11 rows=3112500 width=8) (actual time=1380.657..4817.862 rows=3095115 loops=1)
              Hash Cond: (mk.movie_id = t.id)
              ->  Seq Scan on movie_keyword mk  (cost=0.00..81003.12 rows=3112500 width=4) (actual time=0.041..1111.132 rows=3095115 loops=1)
                    Filter: (keyword_id > 1962)
                    Rows Removed by Filter: 1428815
              ->  Hash  (cost=61283.27..61283.27 rows=2528527 width=4) (actual time=1379.598..1379.598 rows=2528312 loops=1)
                    Buckets: 131072  Batches: 64  Memory Usage: 2425kB
                    ->  Seq Scan on title t  (cost=0.00..61283.27 rows=2528527 width=4) (actual time=0.019..643.744 rows=2528312 loops=1)
Planning time: 0.785 ms
Execution time: 22225.804 ms
