Seq Scan on movie_companies mc  (cost=0.00..51404.11 rows=1346355 width=0) (actual time=0.025..612.074 rows=1352781 loops=1)
  Filter: (company_id > 11156)
  Rows Removed by Filter: 1256348
Planning time: 0.332 ms
Execution time: 755.493 ms
