Hash Join  (cost=263115.61..1234709.04 rows=6997122 width=0) (actual time=5202.105..22415.066 rows=19101240 loops=1)
  Hash Cond: (ci.movie_id = t.id)
  ->  Seq Scan on cast_info ci  (cost=0.00..796071.18 rows=6780965 width=4) (actual time=607.904..9914.004 rows=8799279 loops=1)
        Filter: ((person_id < 1199458) AND (role_id < 3))
        Rows Removed by Filter: 27445065
  ->  Hash  (cost=220309.49..220309.49 rows=2609129 width=8) (actual time=4593.168..4593.168 rows=2609129 loops=1)
        Buckets: 131072  Batches: 64  Memory Usage: 2610kB
        ->  Hash Join  (cost=102767.86..220309.49 rows=2609129 width=8) (actual time=1268.531..3945.143 rows=2609129 loops=1)
              Hash Cond: (mc.movie_id = t.id)
              ->  Seq Scan on movie_companies mc  (cost=0.00..44881.29 rows=2609129 width=4) (actual time=0.028..547.648 rows=2609129 loops=1)
              ->  Hash  (cost=61283.27..61283.27 rows=2528527 width=4) (actual time=1266.410..1266.410 rows=2528312 loops=1)
                    Buckets: 131072  Batches: 64  Memory Usage: 2415kB
                    ->  Seq Scan on title t  (cost=0.00..61283.27 rows=2528527 width=4) (actual time=0.018..602.422 rows=2528312 loops=1)
Planning time: 1.147 ms
Execution time: 24147.580 ms
