Hash Join  (cost=83073.49..139464.14 rows=51 width=0) (actual time=1096.287..1878.172 rows=89 loops=1)
  Hash Cond: (mc.movie_id = t.id)
  ->  Seq Scan on movie_companies mc  (cost=0.00..51404.11 rows=1329612 width=4) (actual time=0.015..673.842 rows=1334883 loops=1)
        Filter: (company_type_id = 2)
        Rows Removed by Filter: 1274246
  ->  Hash  (cost=83072.29..83072.29 rows=96 width=8) (actual time=1035.816..1035.816 rows=39 loops=1)
        Buckets: 1024  Batches: 1  Memory Usage: 10kB
        ->  Nested Loop  (cost=0.43..83072.29 rows=96 width=8) (actual time=0.899..1035.729 rows=39 loops=1)
              ->  Seq Scan on movie_keyword mk  (cost=0.00..81003.12 rows=246 width=4) (actual time=0.863..1034.081 rows=41 loops=1)
                    Filter: (keyword_id = 18367)
                    Rows Removed by Filter: 4523889
              ->  Index Scan using title_pkey on title t  (cost=0.43..8.40 rows=1 width=4) (actual time=0.034..0.034 rows=1 loops=41)
                    Index Cond: (id = mk.movie_id)
                    Filter: (kind_id < 7)
                    Rows Removed by Filter: 0
Planning time: 1.187 ms
Execution time: 1878.315 ms
