Hash Join  (cost=94616.01..845596.59 rows=19136 width=0) (actual time=1098.633..13511.502 rows=183636 loops=1)
  Hash Cond: (ci.movie_id = t.id)
  ->  Seq Scan on cast_info ci  (cost=0.00..614943.12 rows=36225612 width=4) (actual time=0.022..5304.026 rows=36244344 loops=1)
  ->  Hash  (cost=94599.31..94599.31 rows=1336 width=8) (actual time=1098.440..1098.440 rows=6142 loops=1)
        Buckets: 8192 (originally 2048)  Batches: 1 (originally 1)  Memory Usage: 304kB
        ->  Hash Join  (cost=67697.55..94599.31 rows=1336 width=8) (actual time=634.311..1095.390 rows=6142 loops=1)
              Hash Cond: (mi_idx.movie_id = t.id)
              ->  Seq Scan on movie_info_idx mi_idx  (cost=0.00..25185.44 rows=454124 width=4) (actual time=0.027..352.861 rows=459925 loops=1)
                    Filter: (info_type_id = 100)
                    Rows Removed by Filter: 920110
              ->  Hash  (cost=67604.59..67604.59 rows=7437 width=4) (actual time=633.146..633.146 rows=24917 loops=1)
                    Buckets: 32768 (originally 8192)  Batches: 1 (originally 1)  Memory Usage: 1132kB
                    ->  Seq Scan on title t  (cost=0.00..67604.59 rows=7437 width=4) (actual time=0.027..624.128 rows=24917 loops=1)
                          Filter: (production_year = 1992)
                          Rows Removed by Filter: 2503395
Planning time: 1.203 ms
Execution time: 13541.165 ms
