Nested Loop  (cost=0.43..58358.27 rows=51 width=0) (actual time=258.255..729.686 rows=7 loops=1)
  ->  Seq Scan on movie_companies mc  (cost=0.00..57926.93 rows=51 width=4) (actual time=258.163..729.322 rows=7 loops=1)
        Filter: ((company_type_id < 2) AND (company_id = 7824))
        Rows Removed by Filter: 2609122
  ->  Index Only Scan using title_pkey on title t  (cost=0.43..8.45 rows=1 width=4) (actual time=0.045..0.046 rows=1 loops=7)
        Index Cond: (id = mc.movie_id)
        Heap Fetches: 7
Planning time: 0.747 ms
Execution time: 729.754 ms
