Nested Loop  (cost=0.43..83072.90 rows=144 width=0) (actual time=262.224..1057.086 rows=159 loops=1)
  ->  Seq Scan on movie_keyword mk  (cost=0.00..81003.12 rows=246 width=4) (actual time=0.710..1027.487 rows=1577 loops=1)
        Filter: (keyword_id = 270)
        Rows Removed by Filter: 4522353
  ->  Index Scan using title_pkey on title t  (cost=0.43..8.40 rows=1 width=4) (actual time=0.018..0.018 rows=0 loops=1577)
        Index Cond: (id = mk.movie_id)
        Filter: ((production_year > 1911) AND (kind_id = 7))
        Rows Removed by Filter: 1
Planning time: 0.791 ms
Execution time: 1057.267 ms
