Hash Join  (cost=134401.28..264208.97 rows=640665 width=0) (actual time=2959.127..7495.611 rows=4894780 loops=1)
  Hash Cond: (mk.movie_id = t.id)
  ->  Seq Scan on movie_keyword mk  (cost=0.00..69693.30 rows=4523930 width=4) (actual time=0.021..1426.159 rows=4523930 loops=1)
  ->  Hash  (cost=128526.26..128526.26 rows=358082 width=8) (actual time=2957.717..2957.717 rows=563853 loops=1)
        Buckets: 131072  Batches: 8  Memory Usage: 3802kB
        ->  Hash Join  (cost=84689.96..128526.26 rows=358082 width=8) (actual time=1427.734..2776.701 rows=563853 loops=1)
              Hash Cond: (mi_idx.movie_id = t.id)
              ->  Seq Scan on movie_info_idx mi_idx  (cost=0.00..21735.35 rows=1380035 width=4) (actual time=0.011..467.932 rows=1380035 loops=1)
              ->  Hash  (cost=73925.90..73925.90 rows=656084 width=4) (actual time=1426.687..1426.687 rows=555560 loops=1)
                    Buckets: 131072  Batches: 16  Memory Usage: 2241kB
                    ->  Seq Scan on title t  (cost=0.00..73925.90 rows=656084 width=4) (actual time=0.023..1248.252 rows=555560 loops=1)
                          Filter: ((kind_id < 7) AND (production_year > 1993))
                          Rows Removed by Filter: 1972752
Planning time: 1.120 ms
Execution time: 8092.594 ms
