Hash Join  (cost=365418.15..1659857.86 rows=24961869 width=0) (actual time=8090.972..42983.175 rows=92939277 loops=1)
  Hash Cond: (ci.movie_id = t.id)
  ->  Seq Scan on cast_info ci  (cost=0.00..796071.18 rows=13951754 width=4) (actual time=1740.413..12685.283 rows=14764219 loops=1)
        Filter: ((person_id > 476669) AND (role_id > 2))
        Rows Removed by Filter: 21480125
  ->  Hash  (cost=291197.02..291197.02 rows=4523930 width=8) (actual time=6348.811..6348.811 rows=4523930 loops=1)
        Buckets: 131072  Batches: 64  Memory Usage: 3816kB
        ->  Hash Join  (cost=102767.86..291197.02 rows=4523930 width=8) (actual time=1583.009..5464.774 rows=4523930 loops=1)
              Hash Cond: (mk.movie_id = t.id)
              ->  Seq Scan on movie_keyword mk  (cost=0.00..69693.30 rows=4523930 width=4) (actual time=0.035..1023.140 rows=4523930 loops=1)
              ->  Hash  (cost=61283.27..61283.27 rows=2528527 width=4) (actual time=1581.526..1581.526 rows=2528312 loops=1)
                    Buckets: 131072  Batches: 64  Memory Usage: 2425kB
                    ->  Seq Scan on title t  (cost=0.00..61283.27 rows=2528527 width=4) (actual time=0.018..737.322 rows=2528312 loops=1)
Planning time: 1.162 ms
Execution time: 51520.487 ms
