Hash Join  (cost=52284.99..892068.88 rows=479 width=0) (actual time=438.700..12239.953 rows=6310 loops=1)
  Hash Cond: (ci.movie_id = t.id)
  ->  Seq Scan on cast_info ci  (cost=0.00..796071.18 rows=11655445 width=4) (actual time=0.022..10122.265 rows=13162937 loops=1)
        Filter: ((person_id < 1442374) AND (role_id < 8))
        Rows Removed by Filter: 23081407
  ->  Hash  (cost=52283.69..52283.69 rows=104 width=8) (actual time=438.473..438.473 rows=463 loops=1)
        Buckets: 1024  Batches: 1  Memory Usage: 27kB
        ->  Nested Loop  (cost=0.43..52283.69 rows=104 width=8) (actual time=126.766..438.210 rows=463 loops=1)
              ->  Seq Scan on movie_companies mc  (cost=0.00..51404.11 rows=104 width=4) (actual time=126.653..429.818 rows=463 loops=1)
                    Filter: (company_id = 9353)
                    Rows Removed by Filter: 2608666
              ->  Index Only Scan using title_pkey on title t  (cost=0.43..8.45 rows=1 width=4) (actual time=0.017..0.017 rows=1 loops=463)
                    Index Cond: (id = mc.movie_id)
                    Heap Fetches: 463
Planning time: 1.221 ms
Execution time: 12241.670 ms
