Hash Join  (cost=52284.67..79195.46 rows=31 width=0) (actual time=669.099..1077.656 rows=402 loops=1)
  Hash Cond: (mi_idx.movie_id = t.id)
  ->  Seq Scan on movie_info_idx mi_idx  (cost=0.00..21735.35 rows=1380035 width=4) (actual time=0.022..226.301 rows=1380035 loops=1)
  ->  Hash  (cost=52283.95..52283.95 rows=57 width=8) (actual time=584.146..584.146 rows=167 loops=1)
        Buckets: 1024  Batches: 1  Memory Usage: 15kB
        ->  Nested Loop  (cost=0.43..52283.95 rows=57 width=8) (actual time=4.840..584.045 rows=167 loops=1)
              ->  Seq Scan on movie_companies mc  (cost=0.00..51404.11 rows=104 width=4) (actual time=4.795..580.215 rows=211 loops=1)
                    Filter: (company_id = 5691)
                    Rows Removed by Filter: 2608918
              ->  Index Scan using title_pkey on title t  (cost=0.43..8.45 rows=1 width=4) (actual time=0.017..0.017 rows=1 loops=211)
                    Index Cond: (id = mc.movie_id)
                    Filter: (production_year > 2000)
                    Rows Removed by Filter: 0
Planning time: 1.204 ms
Execution time: 1077.901 ms
