Hash Join  (cost=83074.74..447745.01 rows=1434 width=0) (actual time=903.586..5147.569 rows=306 loops=1)
  Hash Cond: (mi.movie_id = t.id)
  ->  Seq Scan on movie_info mi  (cost=0.00..309384.22 rows=14739122 width=4) (actual time=0.028..2249.726 rows=14835720 loops=1)
  ->  Hash  (cost=83071.67..83071.67 rows=246 width=8) (actual time=785.749..785.749 rows=12 loops=1)
        Buckets: 1024  Batches: 1  Memory Usage: 9kB
        ->  Nested Loop  (cost=0.43..83071.67 rows=246 width=8) (actual time=101.202..785.723 rows=12 loops=1)
              ->  Seq Scan on movie_keyword mk  (cost=0.00..81003.12 rows=246 width=4) (actual time=101.089..785.138 rows=12 loops=1)
                    Filter: (keyword_id = 78654)
                    Rows Removed by Filter: 4523918
              ->  Index Only Scan using title_pkey on title t  (cost=0.43..8.40 rows=1 width=4) (actual time=0.040..0.041 rows=1 loops=12)
                    Index Cond: (id = mk.movie_id)
                    Heap Fetches: 12
Planning time: 1.161 ms
Execution time: 5147.792 ms
