Hash Join  (cost=80408.18..196423.70 rows=398409 width=0) (actual time=933.350..3035.492 rows=534832 loops=1)
  Hash Cond: (mk.movie_id = t.id)
  ->  Seq Scan on movie_keyword mk  (cost=0.00..81003.12 rows=2549948 width=4) (actual time=0.008..1072.315 rows=2541273 loops=1)
        Filter: (keyword_id < 6368)
        Rows Removed by Filter: 1982657
  ->  Hash  (cost=73925.90..73925.90 rows=395062 width=4) (actual time=932.550..932.550 rows=335993 loops=1)
        Buckets: 131072  Batches: 8  Memory Usage: 2499kB
        ->  Seq Scan on title t  (cost=0.00..73925.90 rows=395062 width=4) (actual time=0.028..823.442 rows=335993 loops=1)
              Filter: ((kind_id < 7) AND (production_year > 2005))
              Rows Removed by Filter: 2192319
Planning time: 0.717 ms
Execution time: 3091.244 ms
