Hash Join  (cost=339788.60..1112931.00 rows=22311275 width=0) (actual time=6404.579..49278.855 rows=203422617 loops=1)
  Hash Cond: (mi.movie_id = t.id)
  ->  Seq Scan on movie_info mi  (cost=0.00..309384.22 rows=14739122 width=4) (actual time=0.023..3538.486 rows=14835720 loops=1)
  ->  Hash  (cost=276992.27..276992.27 rows=3827546 width=8) (actual time=6403.011..6403.011 rows=3636145 loops=1)
        Buckets: 131072  Batches: 64  Memory Usage: 3276kB
        ->  Hash Join  (cost=102702.86..276992.27 rows=3827546 width=8) (actual time=1744.384..5593.705 rows=3636145 loops=1)
              Hash Cond: (mk.movie_id = t.id)
              ->  Seq Scan on movie_keyword mk  (cost=0.00..69693.30 rows=4523930 width=4) (actual time=0.016..1019.256 rows=4523930 loops=1)
              ->  Hash  (cost=67604.59..67604.59 rows=2139302 width=4) (actual time=1743.711..1743.711 rows=2132973 loops=1)
                    Buckets: 131072  Batches: 32  Memory Usage: 3380kB
                    ->  Seq Scan on title t  (cost=0.00..67604.59 rows=2139302 width=4) (actual time=0.022..1036.081 rows=2132973 loops=1)
                          Filter: (production_year > 1966)
                          Rows Removed by Filter: 395339
Planning time: 1.114 ms
Execution time: 65995.747 ms
