Hash Join  (cost=58375.71..423033.51 rows=187 width=0) (actual time=546.542..5317.580 rows=1275 loops=1)
  Hash Cond: (mi.movie_id = t.id)
  ->  Seq Scan on movie_info mi  (cost=0.00..309384.22 rows=14739122 width=4) (actual time=0.005..2413.598 rows=14835720 loops=1)
  ->  Hash  (cost=58375.31..58375.31 rows=32 width=8) (actual time=508.511..508.511 rows=84 loops=1)
        Buckets: 1024  Batches: 1  Memory Usage: 12kB
        ->  Nested Loop  (cost=0.43..58375.31 rows=32 width=8) (actual time=19.926..508.462 rows=84 loops=1)
              ->  Seq Scan on movie_companies mc  (cost=0.00..57926.93 rows=53 width=4) (actual time=13.055..504.495 rows=182 loops=1)
                    Filter: ((company_type_id > 1) AND (company_id = 5))
                    Rows Removed by Filter: 2608947
              ->  Index Scan using title_pkey on title t  (cost=0.43..8.45 rows=1 width=4) (actual time=0.021..0.021 rows=0 loops=182)
                    Index Cond: (id = mc.movie_id)
                    Filter: (kind_id > 6)
                    Rows Removed by Filter: 1
Planning time: 1.250 ms
Execution time: 5317.885 ms
