Hash Join  (cost=198074.55..304095.52 rows=519856 width=0) (actual time=4293.499..6713.358 rows=907604 loops=1)
  Hash Cond: (mk.movie_id = t.id)
  ->  Seq Scan on movie_keyword mk  (cost=0.00..81003.12 rows=1395811 width=4) (actual time=0.013..1523.575 rows=1410371 loops=1)
        Filter: (keyword_id > 11855)
        Rows Removed by Filter: 3113559
  ->  Hash  (cost=182623.98..182623.98 rows=941725 width=8) (actual time=4292.821..4292.821 rows=607176 loops=1)
        Buckets: 131072  Batches: 16  Memory Usage: 2498kB
        ->  Hash Join  (cost=98137.04..182623.98 rows=941725 width=8) (actual time=1978.042..4093.786 rows=607176 loops=1)
              Hash Cond: (mc.movie_id = t.id)
              ->  Seq Scan on movie_companies mc  (cost=0.00..51404.11 rows=1279517 width=4) (actual time=187.303..1085.116 rows=1274246 loops=1)
                    Filter: (company_type_id = 1)
                    Rows Removed by Filter: 1334883
              ->  Hash  (cost=67604.59..67604.59 rows=1860996 width=4) (actual time=1790.006..1790.006 rows=1865487 loops=1)
                    Buckets: 131072  Batches: 32  Memory Usage: 3079kB
                    ->  Seq Scan on title t  (cost=0.00..67604.59 rows=1860996 width=4) (actual time=0.018..1183.986 rows=1865487 loops=1)
                          Filter: (kind_id > 1)
                          Rows Removed by Filter: 662825
Planning time: 0.794 ms
Execution time: 6812.415 ms
