Hash Join  (cost=122166.81..246984.42 rows=231057 width=0) (actual time=1658.816..4285.733 rows=1848829 loops=1)
  Hash Cond: (mk.movie_id = t.id)
  ->  Seq Scan on movie_keyword mk  (cost=0.00..69693.30 rows=4523930 width=4) (actual time=0.023..871.994 rows=4523930 loops=1)
  ->  Hash  (cost=120047.52..120047.52 rows=129143 width=8) (actual time=1658.078..1658.078 rows=208099 loops=1)
        Buckets: 131072 (originally 131072)  Batches: 4 (originally 2)  Memory Usage: 3073kB
        ->  Hash Join  (cost=85449.15..120047.52 rows=129143 width=8) (actual time=1104.806..1602.155 rows=208099 loops=1)
              Hash Cond: (mi_idx.movie_id = t.id)
              ->  Seq Scan on movie_info_idx mi_idx  (cost=0.00..25185.44 rows=464934 width=4) (actual time=0.011..230.099 rows=460185 loops=1)
                    Filter: (info_type_id > 100)
                    Rows Removed by Filter: 919850
              ->  Hash  (cost=73925.90..73925.90 rows=702340 width=4) (actual time=1103.763..1103.763 rows=603836 loops=1)
                    Buckets: 131072  Batches: 16  Memory Usage: 2349kB
                    ->  Seq Scan on title t  (cost=0.00..73925.90 rows=702340 width=4) (actual time=0.021..914.315 rows=603836 loops=1)
                          Filter: ((kind_id < 7) AND (production_year > 1988))
                          Rows Removed by Filter: 1924476
Planning time: 1.152 ms
Execution time: 4464.091 ms
