Seq Scan on movie_keyword mk  (cost=0.00..81003.12 rows=4261430 width=0) (actual time=0.026..1119.870 rows=4262537 loops=1)
  Filter: (keyword_id < 59203)
  Rows Removed by Filter: 261393
Planning time: 0.324 ms
Execution time: 1587.712 ms
