Seq Scan on movie_companies mc  (cost=0.00..51404.11 rows=503305 width=0) (actual time=3.188..668.543 rows=505463 loops=1)
  Filter: (company_id > 73942)
  Rows Removed by Filter: 2103666
Planning time: 0.308 ms
Execution time: 735.010 ms
