Hash Join  (cost=69374.09..777334.92 rows=7224 width=0) (actual time=4512.394..7429.380 rows=9248 loops=1)
  Hash Cond: (ci.movie_id = t.id)
  ->  Seq Scan on cast_info ci  (cost=0.00..705507.15 rows=169451 width=4) (actual time=3704.180..6551.717 rows=196160 loops=1)
        Filter: (person_id > 4027889)
        Rows Removed by Filter: 36048184
  ->  Hash  (cost=67604.59..67604.59 rows=107800 width=4) (actual time=807.146..807.146 rows=108429 loops=1)
        Buckets: 131072  Batches: 2  Memory Usage: 2931kB
        ->  Seq Scan on title t  (cost=0.00..67604.59 rows=107800 width=4) (actual time=0.037..767.553 rows=108429 loops=1)
              Filter: (production_year = 2006)
              Rows Removed by Filter: 2419883
Planning time: 0.727 ms
Execution time: 7430.675 ms
