Hash Join  (cost=443602.81..1497013.09 rows=1908610 width=0) (actual time=4316.598..29136.845 rows=19851208 loops=1)
  Hash Cond: (ci.movie_id = t.id)
  ->  Seq Scan on cast_info ci  (cost=0.00..614943.12 rows=36225612 width=4) (actual time=0.012..8274.922 rows=36244344 loops=1)
  ->  Hash  (cost=441416.56..441416.56 rows=133220 width=8) (actual time=4315.797..4315.797 rows=274753 loops=1)
        Buckets: 131072 (originally 131072)  Batches: 4 (originally 2)  Memory Usage: 3640kB
        ->  Hash Join  (cost=85595.27..441416.56 rows=133220 width=8) (actual time=1657.274..4236.150 rows=274753 loops=1)
              Hash Cond: (mi.movie_id = t.id)
              ->  Seq Scan on movie_info mi  (cost=0.00..346232.03 rows=473617 width=4) (actual time=828.736..3056.343 rows=486554 loops=1)
                    Filter: (info_type_id = 5)
                    Rows Removed by Filter: 14349166
              ->  Hash  (cost=73925.90..73925.90 rows=711229 width=4) (actual time=827.515..827.515 rows=612155 loops=1)
                    Buckets: 131072  Batches: 16  Memory Usage: 2376kB
                    ->  Seq Scan on title t  (cost=0.00..73925.90 rows=711229 width=4) (actual time=0.034..677.430 rows=612155 loops=1)
                          Filter: ((kind_id < 7) AND (production_year > 1987))
                          Rows Removed by Filter: 1916157
Planning time: 1.175 ms
Execution time: 30881.092 ms
