Seq Scan on cast_info ci  (cost=0.00..796071.18 rows=31378400 width=0) (actual time=0.025..11734.885 rows=31605208 loops=1)
  Filter: ((person_id < 4021286) AND (role_id < 10))
  Rows Removed by Filter: 4639136
Planning time: 0.391 ms
Execution time: 14762.627 ms
