Hash Join  (cost=416479.11..503311.66 rows=17451 width=0) (actual time=4296.753..5592.097 rows=1425324 loops=1)
  Hash Cond: (mk.movie_id = t.id)
  ->  Seq Scan on movie_keyword mk  (cost=0.00..69693.30 rows=4523930 width=4) (actual time=0.012..505.137 rows=4523930 loops=1)
  ->  Hash  (cost=416357.18..416357.18 rows=9754 width=8) (actual time=4295.385..4295.385 rows=20261 loops=1)
        Buckets: 32768 (originally 16384)  Batches: 1 (originally 1)  Memory Usage: 1048kB
        ->  Hash Join  (cost=68257.79..416357.18 rows=9754 width=8) (actual time=1483.434..4288.359 rows=20261 loops=1)
              Hash Cond: (mi.movie_id = t.id)
              ->  Seq Scan on movie_info mi  (cost=0.00..346232.03 rows=471955 width=4) (actual time=803.565..3578.062 rows=543367 loops=1)
                    Filter: (info_type_id > 98)
                    Rows Removed by Filter: 14292353
              ->  Hash  (cost=67604.59..67604.59 rows=52256 width=4) (actual time=596.426..596.426 rows=53013 loops=1)
                    Buckets: 65536  Batches: 1  Memory Usage: 2376kB
                    ->  Seq Scan on title t  (cost=0.00..67604.59 rows=52256 width=4) (actual time=0.031..578.128 rows=53013 loops=1)
                          Filter: (production_year = 2000)
                          Rows Removed by Filter: 2475299
Planning time: 1.203 ms
Execution time: 5703.967 ms
