Hash Join  (cost=58375.33..85285.82 rows=1 width=0) (actual time=807.128..1053.834 rows=42 loops=1)
  Hash Cond: (mi_idx.movie_id = t.id)
  ->  Seq Scan on movie_info_idx mi_idx  (cost=0.00..21735.35 rows=1380035 width=4) (actual time=0.022..145.642 rows=1380035 loops=1)
  ->  Hash  (cost=58375.31..58375.31 rows=1 width=8) (actual time=751.961..751.961 rows=14 loops=1)
        Buckets: 1024  Batches: 1  Memory Usage: 9kB
        ->  Nested Loop  (cost=0.43..58375.31 rows=1 width=8) (actual time=37.468..751.930 rows=14 loops=1)
              ->  Seq Scan on movie_companies mc  (cost=0.00..57926.93 rows=53 width=4) (actual time=0.118..745.009 rows=382 loops=1)
                    Filter: ((company_type_id > 1) AND (company_id = 895))
                    Rows Removed by Filter: 2608747
              ->  Index Scan using title_pkey on title t  (cost=0.43..8.45 rows=1 width=4) (actual time=0.017..0.017 rows=0 loops=382)
                    Index Cond: (id = mc.movie_id)
                    Filter: (production_year = 2003)
                    Rows Removed by Filter: 1
Planning time: 1.235 ms
Execution time: 1053.999 ms
