Hash Join  (cost=74456.32..420758.62 rows=301 width=0) (actual time=1074.481..4242.185 rows=358 loops=1)
  Hash Cond: (mi.movie_id = t.id)
  ->  Seq Scan on movie_info mi  (cost=0.00..346232.03 rows=17937 width=4) (actual time=136.209..3407.251 rows=30180 loops=1)
        Filter: (info_type_id = 110)
        Rows Removed by Filter: 14805540
  ->  Hash  (cost=73925.90..73925.90 rows=42433 width=4) (actual time=827.225..827.225 rows=37411 loops=1)
        Buckets: 65536  Batches: 1  Memory Usage: 1828kB
        ->  Seq Scan on title t  (cost=0.00..73925.90 rows=42433 width=4) (actual time=317.001..811.853 rows=37411 loops=1)
              Filter: ((kind_id = 1) AND (production_year = 2011))
              Rows Removed by Filter: 2490901
Planning time: 0.798 ms
Execution time: 4242.464 ms
