Hash Join  (cost=58375.85..85264.35 rows=10 width=0) (actual time=488.150..793.676 rows=16 loops=1)
  Hash Cond: (mi_idx.movie_id = t.id)
  ->  Seq Scan on movie_info_idx mi_idx  (cost=0.00..25185.44 rows=454124 width=4) (actual time=0.024..269.301 rows=459925 loops=1)
        Filter: (info_type_id = 100)
        Rows Removed by Filter: 920110
  ->  Hash  (cost=58375.18..58375.18 rows=53 width=8) (actual time=476.038..476.038 rows=18 loops=1)
        Buckets: 1024  Batches: 1  Memory Usage: 9kB
        ->  Nested Loop  (cost=0.43..58375.18 rows=53 width=8) (actual time=379.026..476.021 rows=18 loops=1)
              ->  Seq Scan on movie_companies mc  (cost=0.00..57926.93 rows=53 width=4) (actual time=378.940..475.487 rows=18 loops=1)
                    Filter: ((company_id = 91375) AND (company_type_id = 2))
                    Rows Removed by Filter: 2609111
              ->  Index Only Scan using title_pkey on title t  (cost=0.43..8.45 rows=1 width=4) (actual time=0.027..0.027 rows=1 loops=18)
                    Index Cond: (id = mc.movie_id)
                    Heap Fetches: 18
Planning time: 1.167 ms
Execution time: 793.779 ms
