Hash Join  (cost=74344.78..829934.85 rows=480090 width=0) (actual time=1173.956..19754.992 rows=403489 loops=1)
  Hash Cond: (ci.movie_id = t.id)
  ->  Seq Scan on cast_info ci  (cost=0.00..614943.12 rows=36225612 width=4) (actual time=0.025..8964.649 rows=36244344 loops=1)
  ->  Hash  (cost=73925.90..73925.90 rows=33510 width=4) (actual time=1173.571..1173.571 rows=22107 loops=1)
        Buckets: 65536  Batches: 1  Memory Usage: 1290kB
        ->  Seq Scan on title t  (cost=0.00..73925.90 rows=33510 width=4) (actual time=446.558..1163.796 rows=22107 loops=1)
              Filter: ((kind_id = 1) AND (production_year = 2008))
              Rows Removed by Filter: 2506205
Planning time: 0.827 ms
Execution time: 19820.305 ms
