Hash Join  (cost=439329.84..1249661.27 rows=16916 width=0) (actual time=9547.690..14887.878 rows=28029 loops=1)
  Hash Cond: (ci.movie_id = t.id)
  ->  Seq Scan on cast_info ci  (cost=0.00..796071.18 rows=1409110 width=4) (actual time=3507.616..8619.613 rows=706449 loops=1)
        Filter: ((person_id < 512973) AND (role_id > 4))
        Rows Removed by Filter: 35537895
  ->  Hash  (cost=438950.44..438950.44 rows=30352 width=8) (actual time=6039.763..6039.763 rows=58290 loops=1)
        Buckets: 65536 (originally 32768)  Batches: 1 (originally 1)  Memory Usage: 2789kB
        ->  Hash Join  (cost=73990.99..438950.44 rows=30352 width=8) (actual time=832.357..6014.027 rows=58290 loops=1)
              Hash Cond: (mi.movie_id = t.id)
              ->  Seq Scan on movie_info mi  (cost=0.00..309384.22 rows=14739122 width=4) (actual time=0.022..2319.904 rows=14835720 loops=1)
              ->  Hash  (cost=73925.90..73925.90 rows=5207 width=4) (actual time=830.880..830.880 rows=14491 loops=1)
                    Buckets: 16384 (originally 8192)  Batches: 1 (originally 1)  Memory Usage: 638kB
                    ->  Seq Scan on title t  (cost=0.00..73925.90 rows=5207 width=4) (actual time=0.122..824.396 rows=14491 loops=1)
                          Filter: ((kind_id > 2) AND (production_year = 1987))
                          Rows Removed by Filter: 2513821
Planning time: 1.212 ms
Execution time: 14892.324 ms
