Seq Scan on cast_info ci  (cost=0.00..705507.15 rows=500 width=0) (actual time=715.094..7863.538 rows=1758 loops=1)
  Filter: (person_id = 156514)
  Rows Removed by Filter: 36242586
Planning time: 0.291 ms
Execution time: 7863.889 ms
