Hash Join  (cost=83074.04..447735.27 rows=530 width=0) (actual time=713.723..5742.004 rows=8460 loops=1)
  Hash Cond: (mi.movie_id = t.id)
  ->  Seq Scan on movie_info mi  (cost=0.00..309384.22 rows=14739122 width=4) (actual time=0.012..2506.799 rows=14835720 loops=1)
  ->  Hash  (cost=83072.90..83072.90 rows=91 width=8) (actual time=713.567..713.567 rows=137 loops=1)
        Buckets: 1024  Batches: 1  Memory Usage: 14kB
        ->  Nested Loop  (cost=0.43..83072.90 rows=91 width=8) (actual time=0.580..713.438 rows=137 loops=1)
              ->  Seq Scan on movie_keyword mk  (cost=0.00..81003.12 rows=246 width=4) (actual time=0.532..708.241 rows=272 loops=1)
                    Filter: (keyword_id = 20184)
                    Rows Removed by Filter: 4523658
              ->  Index Scan using title_pkey on title t  (cost=0.43..8.40 rows=1 width=4) (actual time=0.018..0.018 rows=1 loops=272)
                    Index Cond: (id = mk.movie_id)
                    Filter: ((kind_id < 7) AND (production_year < 2013))
                    Rows Removed by Filter: 0
Planning time: 1.237 ms
Execution time: 5743.613 ms
