Hash Join  (cost=80408.18..156532.75 rows=275886 width=0) (actual time=916.250..2438.250 rows=314033 loops=1)
  Hash Cond: (mc.movie_id = t.id)
  ->  Seq Scan on movie_companies mc  (cost=0.00..51404.11 rows=1765759 width=4) (actual time=0.028..656.147 rows=1756686 loops=1)
        Filter: (company_id < 24913)
        Rows Removed by Filter: 852443
  ->  Hash  (cost=73925.90..73925.90 rows=395062 width=4) (actual time=915.394..915.394 rows=335993 loops=1)
        Buckets: 131072  Batches: 8  Memory Usage: 2492kB
        ->  Seq Scan on title t  (cost=0.00..73925.90 rows=395062 width=4) (actual time=0.019..814.522 rows=335993 loops=1)
              Filter: ((kind_id < 7) AND (production_year > 2005))
              Rows Removed by Filter: 2192319
Planning time: 0.765 ms
Execution time: 2480.374 ms
