Hash Join  (cost=129907.52..624058.01 rows=1344353 width=0) (actual time=1801.344..11716.462 rows=4449040 loops=1)
  Hash Cond: (mi.movie_id = t.id)
  ->  Seq Scan on movie_info mi  (cost=0.00..309384.22 rows=14739122 width=4) (actual time=0.020..3342.751 rows=14835720 loops=1)
  ->  Hash  (cost=126123.69..126123.69 rows=230627 width=8) (actual time=1800.580..1800.580 rows=279975 loops=1)
        Buckets: 131072  Batches: 4  Memory Usage: 3776kB
        ->  Hash Join  (cost=88359.31..126123.69 rows=230627 width=8) (actual time=1191.333..1745.045 rows=279975 loops=1)
              Hash Cond: (mi_idx.movie_id = t.id)
              ->  Seq Scan on movie_info_idx mi_idx  (cost=0.00..25185.44 rows=460978 width=4) (actual time=0.027..246.223 rows=459925 loops=1)
                    Filter: (info_type_id < 100)
                    Rows Removed by Filter: 920110
              ->  Hash  (cost=67604.59..67604.59 rows=1265018 width=4) (actual time=1190.278..1190.278 rows=1263700 loops=1)
                    Buckets: 131072  Batches: 32  Memory Usage: 2410kB
                    ->  Seq Scan on title t  (cost=0.00..67604.59 rows=1265018 width=4) (actual time=0.014..836.088 rows=1263700 loops=1)
                          Filter: (production_year < 2004)
                          Rows Removed by Filter: 1264612
Planning time: 1.187 ms
Execution time: 12056.088 ms
