Seq Scan on movie_keyword mk  (cost=0.00..81003.12 rows=246 width=0) (actual time=325.190..1033.133 rows=2 loops=1)
  Filter: (keyword_id = 64276)
  Rows Removed by Filter: 4523928
Planning time: 0.374 ms
Execution time: 1033.243 ms
