Nested Loop  (cost=0.43..709671.90 rows=500 width=0) (actual time=270.141..7279.215 rows=104 loops=1)
  ->  Seq Scan on cast_info ci  (cost=0.00..705507.15 rows=500 width=4) (actual time=270.044..7277.593 rows=104 loops=1)
        Filter: (person_id = 1010279)
        Rows Removed by Filter: 36244240
  ->  Index Only Scan using title_pkey on title t  (cost=0.43..8.32 rows=1 width=4) (actual time=0.014..0.014 rows=1 loops=104)
        Index Cond: (id = ci.movie_id)
        Heap Fetches: 104
Planning time: 0.758 ms
Execution time: 7279.343 ms
