Hash Join  (cost=124453.12..220732.07 rows=21743 width=0) (actual time=1780.810..3256.626 rows=295606 loops=1)
  Hash Cond: (mk.movie_id = t.id)
  ->  Seq Scan on movie_keyword mk  (cost=0.00..81003.12 rows=4015571 width=4) (actual time=0.025..956.836 rows=4024532 loops=1)
        Filter: (keyword_id < 36113)
        Rows Removed by Filter: 499398
  ->  Hash  (cost=124281.99..124281.99 rows=13691 width=8) (actual time=1780.415..1780.415 rows=13046 loops=1)
        Buckets: 16384  Batches: 1  Memory Usage: 638kB
        ->  Hash Join  (cost=67942.77..124281.99 rows=13691 width=8) (actual time=768.505..1775.271 rows=13046 loops=1)
              Hash Cond: (mc.movie_id = t.id)
              ->  Seq Scan on movie_companies mc  (cost=0.00..51404.11 rows=1279517 width=4) (actual time=0.017..744.019 rows=1274246 loops=1)
                    Filter: (company_type_id < 2)
                    Rows Removed by Filter: 1334883
              ->  Hash  (cost=67604.59..67604.59 rows=27055 width=4) (actual time=768.243..768.243 rows=26775 loops=1)
                    Buckets: 32768  Batches: 1  Memory Usage: 1198kB
                    ->  Seq Scan on title t  (cost=0.00..67604.59 rows=27055 width=4) (actual time=0.061..756.737 rows=26775 loops=1)
                          Filter: (production_year = 1993)
                          Rows Removed by Filter: 2501537
Planning time: 1.190 ms
Execution time: 3283.853 ms
