Hash Join  (cost=147521.74..1233629.56 rows=1325149 width=0) (actual time=2407.749..24871.001 rows=4697718 loops=1)
  Hash Cond: (ci.movie_id = t.id)
  ->  Seq Scan on cast_info ci  (cost=0.00..705507.15 rows=31734980 width=4) (actual time=0.014..10154.528 rows=31879747 loops=1)
        Filter: (person_id > 421336)
        Rows Removed by Filter: 4364597
  ->  Hash  (cost=145788.95..145788.95 rows=105583 width=8) (actual time=2406.990..2406.990 rows=200368 loops=1)
        Buckets: 131072 (originally 131072)  Batches: 4 (originally 2)  Memory Usage: 3073kB
        ->  Hash Join  (cost=69283.60..145788.95 rows=105583 width=8) (actual time=780.691..2341.815 rows=200368 loops=1)
              Hash Cond: (mc.movie_id = t.id)
              ->  Seq Scan on movie_companies mc  (cost=0.00..44881.29 rows=2609129 width=4) (actual time=0.023..652.476 rows=2609129 loops=1)
              ->  Hash  (cost=67604.59..67604.59 rows=102321 width=4) (actual time=779.958..779.958 rows=100537 loops=1)
                    Buckets: 131072  Batches: 2  Memory Usage: 2797kB
                    ->  Seq Scan on title t  (cost=0.00..67604.59 rows=102321 width=4) (actual time=0.026..743.979 rows=100537 loops=1)
                          Filter: (kind_id = 3)
                          Rows Removed by Filter: 2427775
Planning time: 1.176 ms
Execution time: 25305.475 ms
