Hash Join  (cost=163454.92..1220603.19 rows=2272511 width=0) (actual time=2492.907..21701.819 rows=4052382 loops=1)
  Hash Cond: (ci.movie_id = t.id)
  ->  Seq Scan on cast_info ci  (cost=0.00..614943.12 rows=36225612 width=4) (actual time=0.013..7573.425 rows=36244344 loops=1)
  ->  Hash  (cost=160852.17..160852.17 rows=158620 width=8) (actual time=2491.920..2491.920 rows=119504 loops=1)
        Buckets: 131072  Batches: 4  Memory Usage: 2192kB
        ->  Hash Join  (cost=92811.40..160852.17 rows=158620 width=8) (actual time=1304.758..2460.618 rows=119504 loops=1)
              Hash Cond: (mc.movie_id = t.id)
              ->  Seq Scan on movie_companies mc  (cost=0.00..57926.93 rows=348434 width=4) (actual time=0.026..707.802 rows=658785 loops=1)
                    Filter: ((company_id > 47163) AND (company_type_id > 1))
                    Rows Removed by Filter: 1950344
              ->  Hash  (cost=73925.90..73925.90 rows=1151080 width=4) (actual time=1303.249..1303.249 rows=1244530 loops=1)
                    Buckets: 131072  Batches: 16  Memory Usage: 3771kB
                    ->  Seq Scan on title t  (cost=0.00..73925.90 rows=1151080 width=4) (actual time=0.023..965.059 rows=1244530 loops=1)
                          Filter: ((production_year > 1983) AND (kind_id = 7))
                          Rows Removed by Filter: 1283782
Planning time: 1.179 ms
Execution time: 22056.773 ms
