Seq Scan on movie_companies mc  (cost=0.00..57926.93 rows=1130362 width=0) (actual time=40.237..547.424 rows=938621 loops=1)
  Filter: ((company_id < 82653) AND (company_type_id = 2))
  Rows Removed by Filter: 1670508
Planning time: 0.363 ms
Execution time: 624.157 ms
