Hash Join  (cost=92508.29..642759.46 rows=6602024 width=0) (actual time=1814.918..11550.250 rows=2844045 loops=1)
  Hash Cond: (mi.movie_id = t.id)
  ->  Seq Scan on movie_info mi  (cost=0.00..309384.22 rows=14739122 width=4) (actual time=0.005..3705.800 rows=14835720 loops=1)
  ->  Hash  (cost=73925.90..73925.90 rows=1132591 width=4) (actual time=1352.688..1352.688 rows=1224674 loops=1)
        Buckets: 131072  Batches: 16  Memory Usage: 3733kB
        ->  Seq Scan on title t  (cost=0.00..73925.90 rows=1132591 width=4) (actual time=0.015..982.880 rows=1224674 loops=1)
              Filter: ((production_year > 1985) AND (kind_id = 7))
              Rows Removed by Filter: 1303638
Planning time: 0.519 ms
Execution time: 11780.371 ms
