Hash Join  (cost=190230.21..1020114.33 rows=911392 width=0) (actual time=9366.110..13230.816 rows=1320242 loops=1)
  Hash Cond: (ci.movie_id = t.id)
  ->  Seq Scan on cast_info ci  (cost=0.00..796071.18 rows=1669871 width=4) (actual time=6284.879..9359.129 rows=1645259 loops=1)
        Filter: ((person_id > 130773) AND (role_id = 8))
        Rows Removed by Filter: 34599085
  ->  Hash  (cost=167588.78..167588.78 rows=1380035 width=8) (actual time=3079.750..3079.750 rows=1380035 loops=1)
        Buckets: 131072  Batches: 32  Memory Usage: 2708kB
        ->  Hash Join  (cost=102767.86..167588.78 rows=1380035 width=8) (actual time=1078.491..2787.747 rows=1380035 loops=1)
              Hash Cond: (mi_idx.movie_id = t.id)
              ->  Seq Scan on movie_info_idx mi_idx  (cost=0.00..21735.35 rows=1380035 width=4) (actual time=0.023..311.377 rows=1380035 loops=1)
              ->  Hash  (cost=61283.27..61283.27 rows=2528527 width=4) (actual time=1077.279..1077.279 rows=2528312 loops=1)
                    Buckets: 131072  Batches: 64  Memory Usage: 2415kB
                    ->  Seq Scan on title t  (cost=0.00..61283.27 rows=2528527 width=4) (actual time=0.015..525.232 rows=2528312 loops=1)
Planning time: 1.172 ms
Execution time: 13315.082 ms
