Hash Join  (cost=509183.93..645789.45 rows=1589588 width=0) (actual time=6597.360..15740.930 rows=46364420 loops=1)
  Hash Cond: (mk.movie_id = t.id)
  ->  Seq Scan on movie_keyword mk  (cost=0.00..81003.12 rows=2978005 width=4) (actual time=0.025..940.666 rows=2969458 loops=1)
        Filter: (keyword_id > 2303)
        Rows Removed by Filter: 1554472
  ->  Hash  (cost=487040.09..487040.09 rows=1349667 width=8) (actual time=6596.237..6596.237 rows=1573632 loops=1)
        Buckets: 131072  Batches: 32  Memory Usage: 2865kB
        ->  Hash Join  (cost=93117.31..487040.09 rows=1349667 width=8) (actual time=1470.212..6288.614 rows=1573632 loops=1)
              Hash Cond: (mi.movie_id = t.id)
              ->  Seq Scan on movie_info mi  (cost=0.00..346232.03 rows=2194617 width=4) (actual time=0.029..3527.513 rows=2233850 loops=1)
                    Filter: (info_type_id > 16)
                    Rows Removed by Filter: 12601870
              ->  Hash  (cost=67604.59..67604.59 rows=1555018 width=4) (actual time=1468.924..1468.924 rows=1551727 loops=1)
                    Buckets: 131072  Batches: 32  Memory Usage: 2737kB
                    ->  Seq Scan on title t  (cost=0.00..67604.59 rows=1555018 width=4) (actual time=0.009..960.318 rows=1551727 loops=1)
                          Filter: (production_year < 2007)
                          Rows Removed by Filter: 976585
Planning time: 1.254 ms
Execution time: 19446.262 ms
