Hash Join  (cost=173813.41..291864.24 rows=870445 width=0) (actual time=2861.771..5345.696 rows=4370667 loops=1)
  Hash Cond: (mk.movie_id = t.id)
  ->  Seq Scan on movie_keyword mk  (cost=0.00..81003.12 rows=2096603 width=4) (actual time=0.014..1019.959 rows=2105851 loops=1)
        Filter: (keyword_id < 3799)
        Rows Removed by Filter: 2418079
  ->  Hash  (cost=156590.32..156590.32 rows=1049767 width=8) (actual time=2860.880..2860.880 rows=1187646 loops=1)
        Buckets: 131072  Batches: 16  Memory Usage: 3946kB
        ->  Hash Join  (cost=99161.12..156590.32 rows=1049767 width=8) (actual time=1160.744..2567.336 rows=1187646 loops=1)
              Hash Cond: (mi_idx.movie_id = t.id)
              ->  Seq Scan on movie_info_idx mi_idx  (cost=0.00..21735.35 rows=1380035 width=4) (actual time=0.015..283.089 rows=1380035 loops=1)
              ->  Hash  (cost=67604.59..67604.59 rows=1923403 width=4) (actual time=1159.940..1159.940 rows=1922849 loops=1)
                    Buckets: 131072  Batches: 32  Memory Usage: 3132kB
                    ->  Seq Scan on title t  (cost=0.00..67604.59 rows=1923403 width=4) (actual time=0.011..711.075 rows=1922849 loops=1)
                          Filter: (production_year < 2010)
                          Rows Removed by Filter: 605463
Planning time: 1.224 ms
Execution time: 5654.949 ms
