Seq Scan on cast_info ci  (cost=0.00..705507.15 rows=20916621 width=0) (actual time=0.021..8218.605 rows=20794771 loops=1)
  Filter: (person_id < 2094899)
  Rows Removed by Filter: 15449573
Planning time: 0.315 ms
Execution time: 10266.481 ms
