Seq Scan on movie_keyword mk  (cost=0.00..81003.12 rows=4035411 width=0) (actual time=0.023..1599.655 rows=4040302 loops=1)
  Filter: (keyword_id < 37085)
  Rows Removed by Filter: 483628
Planning time: 0.320 ms
Execution time: 2101.979 ms
