Hash Join  (cost=435765.86..474574.91 rows=65057 width=0) (actual time=4396.359..5158.748 rows=355741 loops=1)
  Hash Cond: (mi_idx.movie_id = t.id)
  ->  Seq Scan on movie_info_idx mi_idx  (cost=0.00..21735.35 rows=1380035 width=4) (actual time=0.018..276.120 rows=1380035 loops=1)
  ->  Hash  (cost=433809.89..433809.89 rows=119198 width=8) (actual time=4292.824..4292.824 rows=295196 loops=1)
        Buckets: 131072 (originally 131072)  Batches: 4 (originally 2)  Memory Usage: 3908kB
        ->  Hash Join  (cost=78556.72..433809.89 rows=119198 width=8) (actual time=2347.515..4234.396 rows=295196 loops=1)
              Hash Cond: (mi.movie_id = t.id)
              ->  Seq Scan on movie_info mi  (cost=0.00..346232.03 rows=451508 width=4) (actual time=1474.031..3170.334 rows=474443 loops=1)
                    Filter: (info_type_id = 6)
                    Rows Removed by Filter: 14361277
              ->  Hash  (cost=67604.59..67604.59 rows=667531 width=4) (actual time=773.838..773.838 rows=662825 loops=1)
                    Buckets: 131072  Batches: 16  Memory Usage: 2485kB
                    ->  Seq Scan on title t  (cost=0.00..67604.59 rows=667531 width=4) (actual time=0.055..644.848 rows=662825 loops=1)
                          Filter: (kind_id = 1)
                          Rows Removed by Filter: 1865487
Planning time: 1.004 ms
Execution time: 5196.696 ms
