Hash Join  (cost=83072.49..109983.06 rows=9 width=0) (actual time=1073.758..1394.745 rows=114 loops=1)
  Hash Cond: (mi_idx.movie_id = t.id)
  ->  Seq Scan on movie_info_idx mi_idx  (cost=0.00..21735.35 rows=1380035 width=4) (actual time=0.023..157.796 rows=1380035 loops=1)
  ->  Hash  (cost=83072.29..83072.29 rows=16 width=8) (actual time=1058.707..1058.707 rows=40 loops=1)
        Buckets: 1024  Batches: 1  Memory Usage: 10kB
        ->  Nested Loop  (cost=0.43..83072.29 rows=16 width=8) (actual time=15.226..1058.631 rows=40 loops=1)
              ->  Seq Scan on movie_keyword mk  (cost=0.00..81003.12 rows=246 width=4) (actual time=1.043..1015.760 rows=2714 loops=1)
                    Filter: (keyword_id = 1806)
                    Rows Removed by Filter: 4521216
              ->  Index Scan using title_pkey on title t  (cost=0.43..8.40 rows=1 width=4) (actual time=0.015..0.015 rows=0 loops=2714)
                    Index Cond: (id = mk.movie_id)
                    Filter: (production_year = 2011)
                    Rows Removed by Filter: 1
Planning time: 1.249 ms
Execution time: 1394.890 ms
