Seq Scan on movie_keyword mk  (cost=0.00..81003.12 rows=246 width=0) (actual time=98.292..815.205 rows=72 loops=1)
  Filter: (keyword_id = 6210)
  Rows Removed by Filter: 4523858
Planning time: 0.384 ms
Execution time: 815.318 ms
