Seq Scan on movie_companies mc  (cost=0.00..57926.93 rows=409096 width=0) (actual time=132.020..501.121 rows=230907 loops=1)
  Filter: ((company_id < 1727) AND (company_type_id > 1))
  Rows Removed by Filter: 2378222
Planning time: 0.400 ms
Execution time: 519.144 ms
