Hash Join  (cost=83074.74..137742.81 rows=254 width=0) (actual time=1000.253..1690.186 rows=4424 loops=1)
  Hash Cond: (mc.movie_id = t.id)
  ->  Seq Scan on movie_companies mc  (cost=0.00..44881.29 rows=2609129 width=4) (actual time=0.014..335.734 rows=2609129 loops=1)
  ->  Hash  (cost=83071.67..83071.67 rows=246 width=8) (actual time=977.705..977.705 rows=434 loops=1)
        Buckets: 1024  Batches: 1  Memory Usage: 25kB
        ->  Nested Loop  (cost=0.43..83071.67 rows=246 width=8) (actual time=0.326..977.384 rows=434 loops=1)
              ->  Seq Scan on movie_keyword mk  (cost=0.00..81003.12 rows=246 width=4) (actual time=0.288..967.243 rows=434 loops=1)
                    Filter: (keyword_id = 20891)
                    Rows Removed by Filter: 4523496
              ->  Index Only Scan using title_pkey on title t  (cost=0.43..8.40 rows=1 width=4) (actual time=0.022..0.022 rows=1 loops=434)
                    Index Cond: (id = mk.movie_id)
                    Heap Fetches: 434
Planning time: 0.759 ms
Execution time: 1690.878 ms
