Seq Scan on cast_info ci  (cost=0.00..796071.18 rows=324 width=0) (actual time=3944.697..7910.721 rows=75 loops=1)
  Filter: ((role_id > 1) AND (person_id = 1016261))
  Rows Removed by Filter: 36244269
Planning time: 0.379 ms
Execution time: 7910.825 ms
