Hash Join  (cost=933969.48..1452584.06 rows=3637065 width=0) (actual time=9118.979..16325.917 rows=3082753 loops=1)
  Hash Cond: (mi.movie_id = t.id)
  ->  Seq Scan on movie_info mi  (cost=0.00..309384.22 rows=14739122 width=4) (actual time=0.019..2748.977 rows=14835720 loops=1)
  ->  Hash  (cost=923732.16..923732.16 rows=623946 width=8) (actual time=9117.839..9117.839 rows=233011 loops=1)
        Buckets: 131072  Batches: 16  Memory Usage: 1602kB
        ->  Hash Join  (cost=102767.86..923732.16 rows=623946 width=8) (actual time=4453.235..9073.861 rows=233011 loops=1)
              Hash Cond: (ci.movie_id = t.id)
              ->  Seq Scan on cast_info ci  (cost=0.00..796071.18 rows=623946 width=4) (actual time=3537.097..7824.995 rows=233011 loops=1)
                    Filter: ((person_id < 1958066) AND (role_id = 9))
                    Rows Removed by Filter: 36011333
              ->  Hash  (cost=61283.27..61283.27 rows=2528527 width=4) (actual time=914.985..914.985 rows=2528312 loops=1)
                    Buckets: 131072  Batches: 64  Memory Usage: 2415kB
                    ->  Seq Scan on title t  (cost=0.00..61283.27 rows=2528527 width=4) (actual time=0.026..451.693 rows=2528312 loops=1)
Planning time: 1.171 ms
Execution time: 16542.235 ms
