Hash Join  (cost=94024.89..143189.46 rows=668609 width=0) (actual time=1111.844..2198.678 rows=366795 loops=1)
  Hash Cond: (mi_idx.movie_id = t.id)
  ->  Seq Scan on movie_info_idx mi_idx  (cost=0.00..21735.35 rows=1380035 width=4) (actual time=0.021..323.341 rows=1380035 loops=1)
  ->  Hash  (cost=73925.90..73925.90 rows=1225039 width=4) (actual time=1109.885..1109.885 rows=1308896 loops=1)
        Buckets: 131072  Batches: 32  Memory Usage: 2468kB
        ->  Seq Scan on title t  (cost=0.00..73925.90 rows=1225039 width=4) (actual time=0.011..826.876 rows=1308896 loops=1)
              Filter: ((production_year > 1975) AND (kind_id = 7))
              Rows Removed by Filter: 1219416
Planning time: 0.983 ms
Execution time: 2232.288 ms
