Hash Join  (cost=180200.61..316969.79 rows=1212014 width=0) (actual time=2808.119..4270.197 rows=516320 loops=1)
  Hash Cond: (mk.movie_id = t.id)
  ->  Seq Scan on movie_keyword mk  (cost=0.00..69693.30 rows=4523930 width=4) (actual time=0.009..679.124 rows=4523930 loops=1)
  ->  Hash  (cost=169085.84..169085.84 rows=677422 width=8) (actual time=2290.461..2290.461 rows=361231 loops=1)
        Buckets: 131072  Batches: 16  Memory Usage: 1906kB
        ->  Hash Join  (cost=84697.09..169085.84 rows=677422 width=8) (actual time=956.680..2226.759 rows=361231 loops=1)
              Hash Cond: (mc.movie_id = t.id)
              ->  Seq Scan on movie_companies mc  (cost=0.00..44881.29 rows=2609129 width=4) (actual time=0.016..436.776 rows=2609129 loops=1)
              ->  Hash  (cost=73925.90..73925.90 rows=656495 width=4) (actual time=955.788..955.788 rows=556797 loops=1)
                    Buckets: 131072  Batches: 16  Memory Usage: 2246kB
                    ->  Seq Scan on title t  (cost=0.00..73925.90 rows=656495 width=4) (actual time=0.011..802.656 rows=556797 loops=1)
                          Filter: ((production_year < 2001) AND (kind_id = 7))
                          Rows Removed by Filter: 1971515
Planning time: 1.163 ms
Execution time: 4312.247 ms
