Hash Join  (cost=67697.55..862019.21 rows=69118 width=0) (actual time=662.396..12598.669 rows=25225 loops=1)
  Hash Cond: (ci.movie_id = t.id)
  ->  Seq Scan on cast_info ci  (cost=0.00..705507.15 rows=23499554 width=4) (actual time=0.022..9304.522 rows=23573656 loops=1)
        Filter: (role_id > 1)
        Rows Removed by Filter: 12670688
  ->  Hash  (cost=67604.59..67604.59 rows=7437 width=4) (actual time=654.253..654.253 rows=2483 loops=1)
        Buckets: 8192  Batches: 1  Memory Usage: 152kB
        ->  Seq Scan on title t  (cost=0.00..67604.59 rows=7437 width=4) (actual time=0.051..653.156 rows=2483 loops=1)
              Filter: (production_year = 1939)
              Rows Removed by Filter: 2525829
Planning time: 0.784 ms
Execution time: 12602.955 ms
