Nested Loop  (cost=0.43..133046.37 rows=99 width=0) (actual time=24.975..901.232 rows=244 loops=1)
  ->  Seq Scan on movie_keyword mk  (cost=0.00..81003.12 rows=7540 width=4) (actual time=0.016..811.525 rows=7668 loops=1)
        Filter: (keyword_id = 231)
        Rows Removed by Filter: 4516262
  ->  Index Scan using title_pkey on title t  (cost=0.43..6.89 rows=1 width=4) (actual time=0.011..0.011 rows=0 loops=7668)
        Index Cond: (id = mk.movie_id)
        Filter: ((kind_id < 7) AND (production_year = 2004))
        Rows Removed by Filter: 1
Planning time: 0.522 ms
Execution time: 901.448 ms
