Seq Scan on cast_info ci  (cost=0.00..705507.15 rows=29820950 width=0) (actual time=0.014..7570.653 rows=29748822 loops=1)
  Filter: (person_id < 3007089)
  Rows Removed by Filter: 6495522
Planning time: 0.224 ms
Execution time: 10265.963 ms
