Hash Join  (cost=136506.23..489837.44 rows=30880 width=0) (actual time=2209.271..4431.707 rows=550842 loops=1)
  Hash Cond: (mi.movie_id = t.id)
  ->  Seq Scan on movie_info mi  (cost=0.00..346232.03 rows=1810770 width=4) (actual time=714.979..2659.759 rows=1865632 loops=1)
        Filter: (info_type_id > 17)
        Rows Removed by Filter: 12970088
  ->  Hash  (cost=135967.23..135967.23 rows=43120 width=8) (actual time=1493.864..1493.864 rows=38508 loops=1)
        Buckets: 65536  Batches: 1  Memory Usage: 2017kB
        ->  Hash Join  (cost=69002.72..135967.23 rows=43120 width=8) (actual time=851.748..1484.669 rows=38508 loops=1)
              Hash Cond: (mc.movie_id = t.id)
              ->  Seq Scan on movie_companies mc  (cost=0.00..51404.11 rows=1279517 width=4) (actual time=74.422..440.352 rows=1274246 loops=1)
                    Filter: (company_type_id = 1)
                    Rows Removed by Filter: 1334883
              ->  Hash  (cost=67604.59..67604.59 rows=85211 width=4) (actual time=776.450..776.450 rows=84593 loops=1)
                    Buckets: 131072  Batches: 2  Memory Usage: 2518kB
                    ->  Seq Scan on title t  (cost=0.00..67604.59 rows=85211 width=4) (actual time=0.024..744.761 rows=84593 loops=1)
                          Filter: (production_year = 2004)
                          Rows Removed by Filter: 2443719
Planning time: 1.247 ms
Execution time: 4467.169 ms
