Hash Join  (cost=94858.47..144498.55 rows=696360 width=0) (actual time=1049.037..1728.464 rows=382137 loops=1)
  Hash Cond: (mi_idx.movie_id = t.id)
  ->  Seq Scan on movie_info_idx mi_idx  (cost=0.00..21735.35 rows=1380035 width=4) (actual time=0.018..194.672 rows=1380035 loops=1)
  ->  Hash  (cost=73925.90..73925.90 rows=1275885 width=4) (actual time=1003.214..1003.214 rows=1357653 loops=1)
        Buckets: 131072  Batches: 32  Memory Usage: 2519kB
        ->  Seq Scan on title t  (cost=0.00..73925.90 rows=1275885 width=4) (actual time=0.018..700.302 rows=1357653 loops=1)
              Filter: ((production_year > 1969) AND (kind_id = 7))
              Rows Removed by Filter: 1170659
Planning time: 0.748 ms
Execution time: 1755.540 ms
