Seq Scan on movie_keyword mk  (cost=0.00..81003.12 rows=932237 width=0) (actual time=0.015..1002.305 rows=938288 loops=1)
  Filter: (keyword_id > 20199)
  Rows Removed by Filter: 3585642
Planning time: 0.321 ms
Execution time: 1115.129 ms
