Hash Join  (cost=74391.93..441221.08 rows=217322 width=0) (actual time=929.381..5281.767 rows=159760 loops=1)
  Hash Cond: (mi.movie_id = t.id)
  ->  Seq Scan on movie_info mi  (cost=0.00..309384.22 rows=14739122 width=4) (actual time=0.020..1853.799 rows=14835720 loops=1)
  ->  Hash  (cost=73925.90..73925.90 rows=37282 width=4) (actual time=928.830..928.830 rows=42986 loops=1)
        Buckets: 65536  Batches: 1  Memory Usage: 2024kB
        ->  Seq Scan on title t  (cost=0.00..73925.90 rows=37282 width=4) (actual time=0.049..911.419 rows=42986 loops=1)
              Filter: ((kind_id > 1) AND (production_year = 1999))
              Rows Removed by Filter: 2485326
Planning time: 0.533 ms
Execution time: 5298.725 ms
