Seq Scan on movie_companies mc  (cost=0.00..51404.11 rows=909011 width=0) (actual time=0.198..629.852 rows=907722 loops=1)
  Filter: (company_id < 2995)
  Rows Removed by Filter: 1701407
Planning time: 0.315 ms
Execution time: 741.325 ms
