Seq Scan on cast_info ci  (cost=0.00..796071.18 rows=17081938 width=0) (actual time=484.646..8109.356 rows=20850379 loops=1)
  Filter: ((person_id > 952665) AND (role_id > 1))
  Rows Removed by Filter: 15393965
Planning time: 0.230 ms
Execution time: 9750.990 ms
