Hash Join  (cost=190230.21..276897.11 rows=957854 width=0) (actual time=2453.026..4019.510 rows=2655394 loops=1)
  Hash Cond: (mc.movie_id = t.id)
  ->  Seq Scan on movie_companies mc  (cost=0.00..51404.11 rows=1754998 width=4) (actual time=0.022..556.560 rows=1760266 loops=1)
        Filter: (company_id > 2337)
        Rows Removed by Filter: 848863
  ->  Hash  (cost=167588.78..167588.78 rows=1380035 width=8) (actual time=2451.682..2451.682 rows=1380035 loops=1)
        Buckets: 131072  Batches: 32  Memory Usage: 2708kB
        ->  Hash Join  (cost=102767.86..167588.78 rows=1380035 width=8) (actual time=1148.775..2228.711 rows=1380035 loops=1)
              Hash Cond: (mi_idx.movie_id = t.id)
              ->  Seq Scan on movie_info_idx mi_idx  (cost=0.00..21735.35 rows=1380035 width=4) (actual time=0.018..233.404 rows=1380035 loops=1)
              ->  Hash  (cost=61283.27..61283.27 rows=2528527 width=4) (actual time=1147.733..1147.733 rows=2528312 loops=1)
                    Buckets: 131072  Batches: 64  Memory Usage: 2415kB
                    ->  Seq Scan on title t  (cost=0.00..61283.27 rows=2528527 width=4) (actual time=0.015..550.354 rows=2528312 loops=1)
Planning time: 1.179 ms
Execution time: 4194.532 ms
