Hash Join  (cost=78556.72..194573.85 rows=602366 width=0) (actual time=628.831..2303.667 rows=1454327 loops=1)
  Hash Cond: (mk.movie_id = t.id)
  ->  Seq Scan on movie_keyword mk  (cost=0.00..81003.12 rows=2281690 width=4) (actual time=0.013..799.654 rows=2282568 loops=1)
        Filter: (keyword_id < 4841)
        Rows Removed by Filter: 2241362
  ->  Hash  (cost=67604.59..67604.59 rows=667531 width=4) (actual time=628.191..628.191 rows=662825 loops=1)
        Buckets: 131072  Batches: 16  Memory Usage: 2486kB
        ->  Seq Scan on title t  (cost=0.00..67604.59 rows=667531 width=4) (actual time=138.885..483.555 rows=662825 loops=1)
              Filter: (kind_id = 1)
              Rows Removed by Filter: 1865487
Planning time: 0.485 ms
Execution time: 2400.047 ms
