Seq Scan on movie_keyword mk  (cost=0.00..81003.12 rows=2018939 width=0) (actual time=0.026..775.826 rows=2024253 loops=1)
  Filter: (keyword_id > 6107)
  Rows Removed by Filter: 2499677
Planning time: 0.324 ms
Execution time: 947.493 ms
