Hash Join  (cost=102767.86..1038364.46 rows=5387903 width=0) (actual time=8189.627..18116.146 rows=3322535 loops=1)
  Hash Cond: (ci.movie_id = t.id)
  ->  Seq Scan on cast_info ci  (cost=0.00..796071.18 rows=5387903 width=4) (actual time=6221.657..13142.187 rows=3322535 loops=1)
        Filter: ((person_id < 1176889) AND (role_id > 2))
        Rows Removed by Filter: 32921809
  ->  Hash  (cost=61283.27..61283.27 rows=2528527 width=4) (actual time=1966.604..1966.604 rows=2528312 loops=1)
        Buckets: 131072  Batches: 64  Memory Usage: 2415kB
        ->  Seq Scan on title t  (cost=0.00..61283.27 rows=2528527 width=4) (actual time=0.026..1139.177 rows=2528312 loops=1)
Planning time: 0.668 ms
Execution time: 18488.444 ms
