Nested Loop  (cost=0.43..83072.29 rows=150 width=0) (actual time=248.242..480.296 rows=1 loops=1)
  ->  Seq Scan on movie_keyword mk  (cost=0.00..81003.12 rows=246 width=4) (actual time=0.315..471.058 rows=686 loops=1)
        Filter: (keyword_id = 20099)
        Rows Removed by Filter: 4523244
  ->  Index Scan using title_pkey on title t  (cost=0.43..8.40 rows=1 width=4) (actual time=0.013..0.013 rows=0 loops=686)
        Index Cond: (id = mk.movie_id)
        Filter: (kind_id = 7)
        Rows Removed by Filter: 1
Planning time: 0.484 ms
Execution time: 480.372 ms
