Hash Join  (cost=931125.41..1644287.47 rows=15534009 width=0) (actual time=8309.326..20384.844 rows=36368301 loops=1)
  Hash Cond: (mi.movie_id = t.id)
  ->  Seq Scan on movie_info mi  (cost=0.00..346232.03 rows=14282391 width=4) (actual time=0.016..2979.111 rows=14308956 loops=1)
        Filter: (info_type_id < 103)
        Rows Removed by Filter: 526764
  ->  Hash  (cost=886006.02..886006.02 rows=2750111 width=8) (actual time=8307.678..8307.678 rows=2761439 loops=1)
        Buckets: 131072  Batches: 64  Memory Usage: 2771kB
        ->  Hash Join  (cost=99161.12..886006.02 rows=2750111 width=8) (actual time=1370.689..7833.971 rows=2761439 loops=1)
              Hash Cond: (ci.movie_id = t.id)
              ->  Seq Scan on cast_info ci  (cost=0.00..705507.15 rows=3615327 width=4) (actual time=301.167..5132.219 rows=3497682 loops=1)
                    Filter: (person_id < 335416)
                    Rows Removed by Filter: 32746662
              ->  Hash  (cost=67604.59..67604.59 rows=1923403 width=4) (actual time=1056.512..1056.512 rows=1922849 loops=1)
                    Buckets: 131072  Batches: 32  Memory Usage: 3132kB
                    ->  Seq Scan on title t  (cost=0.00..67604.59 rows=1923403 width=4) (actual time=0.028..662.993 rows=1922849 loops=1)
                          Filter: (production_year < 2010)
                          Rows Removed by Filter: 605463
Planning time: 0.787 ms
Execution time: 22657.776 ms
