Hash Join  (cost=799704.72..1182567.53 rows=444 width=0) (actual time=7044.406..10296.786 rows=6 loops=1)
  Hash Cond: (mi.movie_id = t.id)
  ->  Seq Scan on movie_info mi  (cost=0.00..346232.03 rows=9767026 width=4) (actual time=0.012..2617.826 rows=9911754 loops=1)
        Filter: (info_type_id > 4)
        Rows Removed by Filter: 4923966
  ->  Hash  (cost=799703.28..799703.28 rows=115 width=8) (actual time=6842.343..6842.343 rows=1 loops=1)
        Buckets: 1024  Batches: 1  Memory Usage: 9kB
        ->  Nested Loop  (cost=0.43..799703.28 rows=115 width=8) (actual time=5867.942..6842.322 rows=1 loops=1)
              ->  Seq Scan on cast_info ci  (cost=0.00..796071.18 rows=435 width=4) (actual time=5867.706..6840.511 rows=186 loops=1)
                    Filter: ((role_id < 10) AND (person_id = 2793241))
                    Rows Removed by Filter: 36244158
              ->  Index Scan using title_pkey on title t  (cost=0.43..8.34 rows=1 width=4) (actual time=0.009..0.009 rows=0 loops=186)
                    Index Cond: (id = ci.movie_id)
                    Filter: (kind_id = 1)
                    Rows Removed by Filter: 1
Planning time: 1.164 ms
Execution time: 10296.963 ms
