Hash Join  (cost=365418.15..1586078.01 rows=21130596 width=0) (actual time=7756.896..27639.432 rows=84063807 loops=1)
  Hash Cond: (ci.movie_id = t.id)
  ->  Seq Scan on cast_info ci  (cost=0.00..796071.18 rows=11810369 width=4) (actual time=3597.586..8244.816 rows=11906426 loops=1)
        Filter: ((person_id > 108607) AND (role_id > 3))
        Rows Removed by Filter: 24337918
  ->  Hash  (cost=291197.02..291197.02 rows=4523930 width=8) (actual time=4157.911..4157.911 rows=4523930 loops=1)
        Buckets: 131072  Batches: 64  Memory Usage: 3816kB
        ->  Hash Join  (cost=102767.86..291197.02 rows=4523930 width=8) (actual time=823.985..3428.640 rows=4523930 loops=1)
              Hash Cond: (mk.movie_id = t.id)
              ->  Seq Scan on movie_keyword mk  (cost=0.00..69693.30 rows=4523930 width=4) (actual time=0.024..588.836 rows=4523930 loops=1)
              ->  Hash  (cost=61283.27..61283.27 rows=2528527 width=4) (actual time=822.062..822.062 rows=2528312 loops=1)
                    Buckets: 131072  Batches: 64  Memory Usage: 2425kB
                    ->  Seq Scan on title t  (cost=0.00..61283.27 rows=2528527 width=4) (actual time=0.009..400.812 rows=2528312 loops=1)
Planning time: 0.682 ms
Execution time: 32870.279 ms
