Hash Join  (cost=216768.44..651076.77 rows=1549175 width=0) (actual time=2665.701..7550.300 rows=8666019 loops=1)
  Hash Cond: (mi.movie_id = t.id)
  ->  Seq Scan on movie_info mi  (cost=0.00..346232.03 rows=5445713 width=4) (actual time=92.766..2467.809 rows=5410520 loops=1)
        Filter: (info_type_id < 6)
        Rows Removed by Filter: 9425200
  ->  Hash  (cost=204967.12..204967.12 rows=719305 width=8) (actual time=2568.407..2568.407 rows=1006425 loops=1)
        Buckets: 131072  Batches: 16  Memory Usage: 3579kB
        ->  Hash Join  (cost=74201.04..204967.12 rows=719305 width=8) (actual time=483.531..2394.735 rows=1006425 loops=1)
              Hash Cond: (mk.movie_id = t.id)
              ->  Seq Scan on movie_keyword mk  (cost=0.00..69693.30 rows=4523930 width=4) (actual time=0.020..652.862 rows=4523930 loops=1)
              ->  Hash  (cost=67604.59..67604.59 rows=402036 width=4) (actual time=482.838..482.838 rows=395872 loops=1)
                    Buckets: 131072  Batches: 8  Memory Usage: 2765kB
                    ->  Seq Scan on title t  (cost=0.00..67604.59 rows=402036 width=4) (actual time=0.019..410.091 rows=395872 loops=1)
                          Filter: (production_year < 1972)
                          Rows Removed by Filter: 2132440
Planning time: 0.746 ms
Execution time: 8082.746 ms
