Seq Scan on movie_companies mc  (cost=0.00..51404.11 rows=104 width=0) (actual time=1.146..299.974 rows=20 loops=1)
  Filter: (company_id = 44168)
  Rows Removed by Filter: 2609109
Planning time: 0.297 ms
Execution time: 300.026 ms
