Hash Join  (cost=92883.59..189357.71 rows=1258594 width=0) (actual time=1355.648..2550.429 rows=578645 loops=1)
  Hash Cond: (mc.movie_id = t.id)
  ->  Seq Scan on movie_companies mc  (cost=0.00..51404.11 rows=2065414 width=4) (actual time=0.024..598.874 rows=2060842 loops=1)
        Filter: (company_id < 71923)
        Rows Removed by Filter: 548287
  ->  Hash  (cost=67604.59..67604.59 rows=1540800 width=4) (actual time=1094.082..1094.082 rows=1543264 loops=1)
        Buckets: 131072  Batches: 32  Memory Usage: 2722kB
        ->  Seq Scan on title t  (cost=0.00..67604.59 rows=1540800 width=4) (actual time=0.017..740.273 rows=1543264 loops=1)
              Filter: (kind_id = 7)
              Rows Removed by Filter: 985048
Planning time: 0.663 ms
Execution time: 2589.542 ms
