Hash Join  (cost=167830.85..673079.89 rows=2384512 width=0) (actual time=1622.266..10426.729 rows=24217245 loops=1)
  Hash Cond: (mi.movie_id = t.id)
  ->  Seq Scan on movie_info mi  (cost=0.00..309384.22 rows=14739122 width=4) (actual time=0.016..2234.492 rows=14835720 loops=1)
  ->  Hash  (cost=161119.50..161119.50 rows=409068 width=8) (actual time=1606.596..1606.596 rows=568996 loops=1)
        Buckets: 131072  Batches: 8  Memory Usage: 3832kB
        ->  Hash Join  (cost=80430.29..161119.50 rows=409068 width=8) (actual time=479.989..1511.021 rows=568996 loops=1)
              Hash Cond: (mc.movie_id = t.id)
              ->  Seq Scan on movie_companies mc  (cost=0.00..44881.29 rows=2609129 width=4) (actual time=0.016..352.226 rows=2609129 loops=1)
              ->  Hash  (cost=73925.90..73925.90 rows=396431 width=4) (actual time=479.282..479.282 rows=311846 loops=1)
                    Buckets: 131072  Batches: 8  Memory Usage: 2396kB
                    ->  Seq Scan on title t  (cost=0.00..73925.90 rows=396431 width=4) (actual time=0.017..426.500 rows=311846 loops=1)
                          Filter: ((kind_id < 3) AND (production_year > 2001))
                          Rows Removed by Filter: 2216466
Planning time: 0.709 ms
Execution time: 11944.991 ms
