Seq Scan on movie_companies mc  (cost=0.00..57926.93 rows=577077 width=0) (actual time=30.632..368.420 rows=306556 loops=1)
  Filter: ((company_id > 12539) AND (company_type_id < 2))
  Rows Removed by Filter: 2302573
Planning time: 0.268 ms
Execution time: 388.451 ms
