Hash Join  (cost=263115.61..422140.49 rows=2870647 width=0) (actual time=2838.204..6952.703 rows=22176961 loops=1)
  Hash Cond: (mk.movie_id = t.id)
  ->  Seq Scan on movie_keyword mk  (cost=0.00..81003.12 rows=2781966 width=4) (actual time=0.007..676.928 rows=2772130 loops=1)
        Filter: (keyword_id > 2859)
        Rows Removed by Filter: 1751800
  ->  Hash  (cost=220309.49..220309.49 rows=2609129 width=8) (actual time=2836.931..2836.931 rows=2609129 loops=1)
        Buckets: 131072  Batches: 64  Memory Usage: 2691kB
        ->  Hash Join  (cost=102767.86..220309.49 rows=2609129 width=8) (actual time=792.913..2413.374 rows=2609129 loops=1)
              Hash Cond: (mc.movie_id = t.id)
              ->  Seq Scan on movie_companies mc  (cost=0.00..44881.29 rows=2609129 width=4) (actual time=0.015..357.338 rows=2609129 loops=1)
              ->  Hash  (cost=61283.27..61283.27 rows=2528527 width=4) (actual time=792.145..792.145 rows=2528312 loops=1)
                    Buckets: 131072  Batches: 64  Memory Usage: 2415kB
                    ->  Seq Scan on title t  (cost=0.00..61283.27 rows=2528527 width=4) (actual time=0.009..390.664 rows=2528312 loops=1)
Planning time: 0.700 ms
Execution time: 8240.068 ms
