Hash Join  (cost=102767.86..227884.36 rows=1422731 width=0) (actual time=813.268..2159.123 rows=1436434 loops=1)
  Hash Cond: (mk.movie_id = t.id)
  ->  Seq Scan on movie_keyword mk  (cost=0.00..81003.12 rows=1422731 width=4) (actual time=0.016..604.056 rows=1436434 loops=1)
        Filter: (keyword_id > 11648)
        Rows Removed by Filter: 3087496
  ->  Hash  (cost=61283.27..61283.27 rows=2528527 width=4) (actual time=812.473..812.473 rows=2528312 loops=1)
        Buckets: 131072  Batches: 64  Memory Usage: 2425kB
        ->  Seq Scan on title t  (cost=0.00..61283.27 rows=2528527 width=4) (actual time=0.013..400.172 rows=2528312 loops=1)
Planning time: 0.445 ms
Execution time: 2248.386 ms
