Hash Join  (cost=68438.72..158025.12 rows=56435 width=0) (actual time=396.761..1166.837 rows=20931 loops=1)
  Hash Cond: (mk.movie_id = t.id)
  ->  Seq Scan on movie_keyword mk  (cost=0.00..81003.12 rows=2138379 width=4) (actual time=0.025..574.139 rows=2143232 loops=1)
        Filter: (keyword_id < 4011)
        Rows Removed by Filter: 2380698
  ->  Hash  (cost=67604.59..67604.59 rows=66731 width=4) (actual time=396.170..396.170 rows=67342 loops=1)
        Buckets: 131072  Batches: 1  Memory Usage: 3392kB
        ->  Seq Scan on title t  (cost=0.00..67604.59 rows=66731 width=4) (actual time=0.029..380.943 rows=67342 loops=1)
              Filter: (production_year > 2012)
              Rows Removed by Filter: 2460970
Planning time: 0.519 ms
Execution time: 1168.660 ms
