Hash Join  (cost=197346.41..624719.18 rows=477961 width=0) (actual time=6711.162..13301.733 rows=2577827 loops=1)
  Hash Cond: (mi.movie_id = t.id)
  ->  Seq Scan on movie_info mi  (cost=0.00..346232.03 rows=5897221 width=4) (actual time=2463.047..6187.131 rows=5884963 loops=1)
        Filter: (info_type_id < 7)
        Rows Removed by Filter: 8950757
  ->  Hash  (cost=193983.74..193983.74 rows=204934 width=8) (actual time=4122.756..4122.756 rows=472540 loops=1)
        Buckets: 131072 (originally 131072)  Batches: 8 (originally 4)  Memory Usage: 3338kB
        ->  Hash Join  (cost=69484.36..193983.74 rows=204934 width=8) (actual time=1159.757..3971.350 rows=472540 loops=1)
              Hash Cond: (mk.movie_id = t.id)
              ->  Seq Scan on movie_keyword mk  (cost=0.00..69693.30 rows=4523930 width=4) (actual time=0.040..1369.068 rows=4523930 loops=1)
              ->  Hash  (cost=67604.59..67604.59 rows=114542 width=4) (actual time=1158.916..1158.916 rows=118234 loops=1)
                    Buckets: 131072  Batches: 2  Memory Usage: 3107kB
                    ->  Seq Scan on title t  (cost=0.00..67604.59 rows=114542 width=4) (actual time=571.097..1112.133 rows=118234 loops=1)
                          Filter: (kind_id = 4)
                          Rows Removed by Filter: 2410078
Planning time: 0.934 ms
Execution time: 13560.217 ms
