Hash Join  (cost=156123.37..244043.89 rows=126248 width=0) (actual time=1356.955..2350.043 rows=237289 loops=1)
  Hash Cond: (mk.movie_id = t.id)
  ->  Seq Scan on movie_keyword mk  (cost=0.00..69693.30 rows=4523930 width=4) (actual time=0.007..386.782 rows=4523930 loops=1)
  ->  Hash  (cost=155241.33..155241.33 rows=70563 width=8) (actual time=1200.540..1200.540 rows=152040 loops=1)
        Buckets: 131072 (originally 131072)  Batches: 2 (originally 1)  Memory Usage: 3990kB
        ->  Hash Join  (cost=90606.68..155241.33 rows=70563 width=8) (actual time=668.284..1170.294 rows=152040 loops=1)
              Hash Cond: (mc.movie_id = t.id)
              ->  Seq Scan on movie_companies mc  (cost=0.00..57926.93 rows=175490 width=4) (actual time=0.024..329.579 rows=274919 loops=1)
                    Filter: ((company_id < 171) AND (company_type_id < 2))
                    Rows Removed by Filter: 2334210
              ->  Hash  (cost=73925.90..73925.90 rows=1016702 width=4) (actual time=667.510..667.510 rows=960113 loops=1)
                    Buckets: 131072  Batches: 16  Memory Usage: 3135kB
                    ->  Seq Scan on title t  (cost=0.00..73925.90 rows=1016702 width=4) (actual time=0.013..512.646 rows=960113 loops=1)
                          Filter: ((production_year < 2008) AND (kind_id = 7))
                          Rows Removed by Filter: 1568199
Planning time: 0.745 ms
Execution time: 2365.069 ms
