Seq Scan on cast_info ci  (cost=0.00..705507.15 rows=500 width=0) (actual time=3599.227..4200.383 rows=8 loops=1)
  Filter: (person_id = 1080112)
  Rows Removed by Filter: 36244336
Planning time: 0.245 ms
Execution time: 4200.442 ms
