Hash Join  (cost=75533.21..106653.71 rows=17995 width=0) (actual time=606.366..766.508 rows=8028 loops=1)
  Hash Cond: (mi_idx.movie_id = t.id)
  ->  Seq Scan on movie_info_idx mi_idx  (cost=0.00..25185.44 rows=464566 width=4) (actual time=0.017..200.581 rows=459925 loops=1)
        Filter: (info_type_id = 101)
        Rows Removed by Filter: 920110
  ->  Hash  (cost=73925.90..73925.90 rows=97944 width=4) (actual time=459.811..459.811 rows=106247 loops=1)
        Buckets: 131072  Batches: 2  Memory Usage: 2890kB
        ->  Seq Scan on title t  (cost=0.00..73925.90 rows=97944 width=4) (actual time=61.335..438.078 rows=106247 loops=1)
              Filter: ((kind_id = 7) AND (production_year = 2011))
              Rows Removed by Filter: 2422065
Planning time: 0.534 ms
Execution time: 767.337 ms
