Hash Join  (cost=73962.22..100896.50 rows=534 width=0) (actual time=397.722..614.817 rows=4177 loops=1)
  Hash Cond: (mi_idx.movie_id = t.id)
  ->  Seq Scan on movie_info_idx mi_idx  (cost=0.00..25185.44 rows=464934 width=4) (actual time=0.013..171.642 rows=460185 loops=1)
        Filter: (info_type_id > 100)
        Rows Removed by Filter: 919850
  ->  Hash  (cost=73925.90..73925.90 rows=2905 width=4) (actual time=397.618..397.618 rows=10197 loops=1)
        Buckets: 16384 (originally 4096)  Batches: 1 (originally 1)  Memory Usage: 487kB
        ->  Seq Scan on title t  (cost=0.00..73925.90 rows=2905 width=4) (actual time=0.519..394.995 rows=10197 loops=1)
              Filter: ((kind_id < 7) AND (production_year = 1992))
              Rows Removed by Filter: 2518115
Planning time: 0.480 ms
Execution time: 615.436 ms
