Hash Join  (cost=73994.14..472395.93 rows=29863 width=0) (actual time=413.835..4165.006 rows=53561 loops=1)
  Hash Cond: (mi.movie_id = t.id)
  ->  Seq Scan on movie_info mi  (cost=0.00..346232.03 rows=13832302 width=4) (actual time=0.008..2507.652 rows=13867355 loops=1)
        Filter: (info_type_id < 94)
        Rows Removed by Filter: 968365
  ->  Hash  (cost=73925.90..73925.90 rows=5459 width=4) (actual time=413.352..413.352 rows=7120 loops=1)
        Buckets: 8192  Batches: 1  Memory Usage: 315kB
        ->  Seq Scan on title t  (cost=0.00..73925.90 rows=5459 width=4) (actual time=0.035..411.757 rows=7120 loops=1)
              Filter: ((production_year < 2001) AND (kind_id = 6))
              Rows Removed by Filter: 2521192
Planning time: 0.532 ms
Execution time: 4170.044 ms
