Seq Scan on movie_keyword mk  (cost=0.00..81003.12 rows=4325721 width=0) (actual time=0.019..610.779 rows=4323244 loops=1)
  Filter: (keyword_id < 68577)
  Rows Removed by Filter: 200686
Planning time: 0.216 ms
Execution time: 863.431 ms
