Hash Join  (cost=100899.10..465635.52 rows=8053 width=0) (actual time=661.129..3341.921 rows=9552 loops=1)
  Hash Cond: (mi.movie_id = t.id)
  ->  Seq Scan on movie_info mi  (cost=0.00..309384.22 rows=14739122 width=4) (actual time=0.018..1392.456 rows=14835720 loops=1)
  ->  Hash  (cost=100881.83..100881.83 rows=1381 width=8) (actual time=660.710..660.710 rows=588 loops=1)
        Buckets: 2048  Batches: 1  Memory Usage: 39kB
        ->  Hash Join  (cost=73957.54..100881.83 rows=1381 width=8) (actual time=425.796..660.556 rows=588 loops=1)
              Hash Cond: (mi_idx.movie_id = t.id)
              ->  Seq Scan on movie_info_idx mi_idx  (cost=0.00..21735.35 rows=1380035 width=4) (actual time=0.013..112.463 rows=1380035 loops=1)
              ->  Hash  (cost=73925.90..73925.90 rows=2531 width=4) (actual time=410.606..410.606 rows=4513 loops=1)
                    Buckets: 8192 (originally 4096)  Batches: 1 (originally 1)  Memory Usage: 223kB
                    ->  Seq Scan on title t  (cost=0.00..73925.90 rows=2531 width=4) (actual time=166.218..409.445 rows=4513 loops=1)
                          Filter: ((kind_id < 4) AND (production_year = 1917))
                          Rows Removed by Filter: 2523799
Planning time: 0.742 ms
Execution time: 3342.850 ms
