Hash Join  (cost=102767.86..819113.27 rows=39893 width=0) (actual time=2742.221..5020.410 rows=54091 loops=1)
  Hash Cond: (ci.movie_id = t.id)
  ->  Seq Scan on cast_info ci  (cost=0.00..705507.15 rows=39893 width=4) (actual time=1944.795..4009.405 rows=54091 loops=1)
        Filter: (person_id > 4053656)
        Rows Removed by Filter: 36190253
  ->  Hash  (cost=61283.27..61283.27 rows=2528527 width=4) (actual time=796.709..796.709 rows=2528312 loops=1)
        Buckets: 131072  Batches: 64  Memory Usage: 2415kB
        ->  Seq Scan on title t  (cost=0.00..61283.27 rows=2528527 width=4) (actual time=0.016..404.096 rows=2528312 loops=1)
Planning time: 0.464 ms
Execution time: 5023.895 ms
