Seq Scan on cast_info ci  (cost=0.00..705507.15 rows=29744974 width=0) (actual time=0.009..5201.725 rows=29670424 loops=1)
  Filter: (person_id < 3001012)
  Rows Removed by Filter: 6573920
Planning time: 0.236 ms
Execution time: 7106.626 ms
