Nested Loop  (cost=0.43..58358.27 rows=51 width=0) (actual time=7.377..364.557 rows=1621 loops=1)
  ->  Seq Scan on movie_companies mc  (cost=0.00..57926.93 rows=51 width=4) (actual time=7.329..348.455 rows=1621 loops=1)
        Filter: ((company_type_id < 2) AND (company_id = 466))
        Rows Removed by Filter: 2607508
  ->  Index Only Scan using title_pkey on title t  (cost=0.43..8.45 rows=1 width=4) (actual time=0.009..0.010 rows=1 loops=1621)
        Index Cond: (id = mc.movie_id)
        Heap Fetches: 1621
Planning time: 0.497 ms
Execution time: 364.885 ms
