Hash Join  (cost=83073.47..139276.25 rows=48 width=0) (actual time=616.407..913.689 rows=738 loops=1)
  Hash Cond: (mc.movie_id = t.id)
  ->  Seq Scan on movie_companies mc  (cost=0.00..51404.11 rows=1279517 width=4) (actual time=142.489..352.561 rows=1274246 loops=1)
        Filter: (company_type_id < 2)
        Rows Removed by Filter: 1334883
  ->  Hash  (cost=83072.29..83072.29 rows=95 width=8) (actual time=472.033..472.033 rows=143 loops=1)
        Buckets: 1024  Batches: 1  Memory Usage: 14kB
        ->  Nested Loop  (cost=0.43..83072.29 rows=95 width=8) (actual time=18.471..471.960 rows=143 loops=1)
              ->  Seq Scan on movie_keyword mk  (cost=0.00..81003.12 rows=246 width=4) (actual time=18.425..468.235 rows=151 loops=1)
                    Filter: (keyword_id = 4955)
                    Rows Removed by Filter: 4523779
              ->  Index Scan using title_pkey on title t  (cost=0.43..8.40 rows=1 width=4) (actual time=0.024..0.024 rows=1 loops=151)
                    Index Cond: (id = mk.movie_id)
                    Filter: (kind_id < 6)
                    Rows Removed by Filter: 0
Planning time: 0.701 ms
Execution time: 913.840 ms
