Seq Scan on movie_keyword mk  (cost=0.00..81003.12 rows=246 width=0) (actual time=2.741..472.546 rows=147 loops=1)
  Filter: (keyword_id = 8004)
  Rows Removed by Filter: 4523783
Planning time: 0.244 ms
Execution time: 472.657 ms
