Hash Join  (cost=151431.80..1224215.84 rows=3794587 width=0) (actual time=1414.418..16258.110 rows=9989367 loops=1)
  Hash Cond: (ci.movie_id = t.id)
  ->  Seq Scan on cast_info ci  (cost=0.00..614943.12 rows=36225612 width=4) (actual time=0.016..5079.347 rows=36244344 loops=1)
  ->  Hash  (cost=147086.05..147086.05 rows=264860 width=8) (actual time=1413.745..1413.745 rows=445107 loops=1)
        Buckets: 131072 (originally 131072)  Batches: 8 (originally 4)  Memory Usage: 3224kB
        ->  Hash Join  (cost=76192.15..147086.05 rows=264860 width=8) (actual time=500.999..1333.815 rows=445107 loops=1)
              Hash Cond: (mc.movie_id = t.id)
              ->  Seq Scan on movie_companies mc  (cost=0.00..51404.11 rows=1279517 width=4) (actual time=0.014..392.803 rows=1274246 loops=1)
                    Filter: (company_type_id < 2)
                    Rows Removed by Filter: 1334883
              ->  Hash  (cost=67604.59..67604.59 rows=523405 width=4) (actual time=500.473..500.473 rows=523734 loops=1)
                    Buckets: 131072  Batches: 8  Memory Usage: 3319kB
                    ->  Seq Scan on title t  (cost=0.00..67604.59 rows=523405 width=4) (actual time=0.009..414.306 rows=523734 loops=1)
                          Filter: (production_year < 1981)
                          Rows Removed by Filter: 2004578
Planning time: 0.720 ms
Execution time: 16882.138 ms
