Hash Join  (cost=83810.17..203115.18 rows=869748 width=0) (actual time=623.239..2195.611 rows=1882343 loops=1)
  Hash Cond: (mk.movie_id = t.id)
  ->  Seq Scan on movie_keyword mk  (cost=0.00..81003.12 rows=2226506 width=4) (actual time=0.017..665.077 rows=2220653 loops=1)
        Filter: (keyword_id > 4933)
        Rows Removed by Filter: 2303277
  ->  Hash  (cost=67604.59..67604.59 rows=987727 width=4) (actual time=622.637..622.637 rows=985048 loops=1)
        Buckets: 131072  Batches: 16  Memory Usage: 3197kB
        ->  Seq Scan on title t  (cost=0.00..67604.59 rows=987727 width=4) (actual time=0.013..449.748 rows=985048 loops=1)
              Filter: (kind_id < 7)
              Rows Removed by Filter: 1543264
Planning time: 0.432 ms
Execution time: 2312.805 ms
