Hash Join  (cost=83073.41..109984.11 rows=22 width=0) (actual time=587.415..736.005 rows=9 loops=1)
  Hash Cond: (mi_idx.movie_id = t.id)
  ->  Seq Scan on movie_info_idx mi_idx  (cost=0.00..21735.35 rows=1380035 width=4) (actual time=0.023..121.372 rows=1380035 loops=1)
  ->  Hash  (cost=83072.90..83072.90 rows=41 width=8) (actual time=495.785..495.785 rows=4 loops=1)
        Buckets: 1024  Batches: 1  Memory Usage: 9kB
        ->  Nested Loop  (cost=0.43..83072.90 rows=41 width=8) (actual time=370.319..495.775 rows=4 loops=1)
              ->  Seq Scan on movie_keyword mk  (cost=0.00..81003.12 rows=246 width=4) (actual time=20.084..494.439 rows=46 loops=1)
                    Filter: (keyword_id = 36449)
                    Rows Removed by Filter: 4523884
              ->  Index Scan using title_pkey on title t  (cost=0.43..8.40 rows=1 width=4) (actual time=0.027..0.027 rows=0 loops=46)
                    Index Cond: (id = mk.movie_id)
                    Filter: ((production_year < 1990) AND (kind_id = 7))
                    Rows Removed by Filter: 1
Planning time: 0.754 ms
Execution time: 736.085 ms
