Hash Join  (cost=71408.55..176366.61 rows=169333 width=0) (actual time=441.274..1422.169 rows=66856 loops=1)
  Hash Cond: (mk.movie_id = t.id)
  ->  Seq Scan on movie_keyword mk  (cost=0.00..81003.12 rows=1846829 width=4) (actual time=0.013..604.427 rows=1849477 loops=1)
        Filter: (keyword_id > 7477)
        Rows Removed by Filter: 2674453
  ->  Hash  (cost=67604.59..67604.59 rows=231837 width=4) (actual time=440.103..440.103 rows=231649 loops=1)
        Buckets: 131072  Batches: 4  Memory Usage: 3082kB
        ->  Seq Scan on title t  (cost=0.00..67604.59 rows=231837 width=4) (actual time=0.018..396.745 rows=231649 loops=1)
              Filter: (production_year > 2011)
              Rows Removed by Filter: 2296663
Planning time: 0.451 ms
Execution time: 1426.768 ms
