Hash Join  (cost=102767.86..268756.12 rows=3121301 width=0) (actual time=859.089..2968.590 rows=3102738 loops=1)
  Hash Cond: (mk.movie_id = t.id)
  ->  Seq Scan on movie_keyword mk  (cost=0.00..81003.12 rows=3121301 width=4) (actual time=0.005..724.322 rows=3102738 loops=1)
        Filter: (keyword_id > 1951)
        Rows Removed by Filter: 1421192
  ->  Hash  (cost=61283.27..61283.27 rows=2528527 width=4) (actual time=857.867..857.867 rows=2528312 loops=1)
        Buckets: 131072  Batches: 64  Memory Usage: 2425kB
        ->  Seq Scan on title t  (cost=0.00..61283.27 rows=2528527 width=4) (actual time=0.019..425.925 rows=2528312 loops=1)
Planning time: 0.455 ms
Execution time: 3161.548 ms
