Seq Scan on cast_info ci  (cost=0.00..705507.15 rows=500 width=0) (actual time=3560.452..4160.954 rows=307 loops=1)
  Filter: (person_id = 2025836)
  Rows Removed by Filter: 36244037
Planning time: 0.239 ms
Execution time: 4161.022 ms
